<?xml version="1.0" encoding="UTF-8"?>

<!-- generated on Sun Mar 12 03:17:06 2017 by SUMO Version 0.29.0
<?xml version="1.0" encoding="UTF-8"?>

<configuration xmlns:xsi="http://www.w3.org/2001/XMLSchema-instance" xsi:noNamespaceSchemaLocation="http://sumo.dlr.de/xsd/sumoConfiguration.xsd">

    <input>
        <net-file value="tests/debug/cfg/test-single-lane-one-controller-200m1l.net.xml"/>
        <route-files value="tests/debug/cfg/test-single-lane-one-controller-200m1l.rou.xml"/>
        <additional-files value="tests/debug/cfg/test-single-lane-one-controller-200m1l.add.xml"/>
    </input>

    <output>
        <netstate-dump value="tests/debug/cfg/data/test-single-lane-one-controller-200m1l.netstate.xml"/>
        <emission-output value="tests/debug/cfg/data/test-single-lane-one-controller-200m1l.emission.xml"/>
        <amitran-output value="tests/debug/cfg/data/test-single-lane-one-controller-200m1l.amitran.xml"/>
        <lanechange-output value="tests/debug/cfg/data/test-single-lane-one-controller-200m1l.lanechange.xml"/>
    </output>

    <time>
        <begin value="0"/>
        <end value="1000"/>
        <step-length value="0.01"/>
    </time>

    <traci_server>
        <remote-port value="8873"/>
    </traci_server>

    <gui_only>
        <gui-settings-file value="tests/debug/cfg/test-single-lane-one-controller-200m1l.gui.cfg"/>
    </gui_only>

</configuration>
-->

<emission-export xmlns:xsi="http://www.w3.org/2001/XMLSchema-instance" xsi:noNamespaceSchemaLocation="http://sumo.dlr.de/xsd/emission_file.xsd">
    <timestep time="0.00">
        <vehicle id="cfm_slow_0" eclass="HBEFA3/PC_G_EU4" CO2="2624.72" CO="164.78" HC="0.81" NOx="1.20" PMx="0.07" fuel="1.13" electricity="0.00" noise="55.94" route="routebottom" type="cfm_slow" waiting="0.00" lane="bottom_0" pos="1.00" speed="0.00" angle="92.66" x="65.74" y="-1.61"/>
        <vehicle id="cfm_slow_1" eclass="HBEFA3/PC_G_EU4" CO2="2624.72" CO="164.78" HC="0.81" NOx="1.20" PMx="0.07" fuel="1.13" electricity="0.00" noise="55.94" route="routebottom" type="cfm_slow" waiting="0.00" lane="bottom_0" pos="41.00" speed="0.00" angle="20.74" x="126.38" y="45.42"/>
        <vehicle id="cfm_slow_2" eclass="HBEFA3/PC_G_EU4" CO2="2624.72" CO="164.78" HC="0.81" NOx="1.20" PMx="0.07" fuel="1.13" electricity="0.00" noise="55.94" route="routeright" type="cfm_slow" waiting="0.00" lane="right_0" pos="31.00" speed="0.00" angle="308.70" x="100.37" y="117.67"/>
        <vehicle id="cfm_slow_3" eclass="HBEFA3/PC_G_EU4" CO2="2624.72" CO="164.78" HC="0.81" NOx="1.20" PMx="0.07" fuel="1.13" electricity="0.00" noise="55.94" route="routetop" type="cfm_slow" waiting="0.00" lane="top_0" pos="21.00" speed="0.00" angle="236.67" x="23.64" y="115.25"/>
        <vehicle id="cfm_slow_4" eclass="HBEFA3/PC_G_EU4" CO2="2624.72" CO="164.78" HC="0.81" NOx="1.20" PMx="0.07" fuel="1.13" electricity="0.00" noise="55.94" route="routeleft" type="cfm_slow" waiting="0.00" lane="left_0" pos="11.00" speed="0.00" angle="164.64" x="2.23" y="41.53"/>
    </timestep>
    <timestep time="0.01">
        <vehicle id="cfm_slow_0" eclass="HBEFA3/PC_G_EU4" CO2="3463.10" CO="178.84" HC="0.90" NOx="1.60" PMx="0.09" fuel="1.49" electricity="0.00" noise="136.01" route="routebottom" type="cfm_slow" waiting="0.00" lane="bottom_0" pos="1.00" speed="0.18" angle="92.66" x="65.74" y="-1.61"/>
        <vehicle id="cfm_slow_1" eclass="HBEFA3/PC_G_EU4" CO2="3463.10" CO="178.84" HC="0.90" NOx="1.60" PMx="0.09" fuel="1.49" electricity="0.00" noise="136.01" route="routebottom" type="cfm_slow" waiting="0.00" lane="bottom_0" pos="41.00" speed="0.18" angle="20.74" x="126.38" y="45.42"/>
        <vehicle id="cfm_slow_2" eclass="HBEFA3/PC_G_EU4" CO2="3463.10" CO="178.84" HC="0.90" NOx="1.60" PMx="0.09" fuel="1.49" electricity="0.00" noise="136.01" route="routeright" type="cfm_slow" waiting="0.00" lane="right_0" pos="31.00" speed="0.18" angle="308.70" x="100.37" y="117.67"/>
        <vehicle id="cfm_slow_3" eclass="HBEFA3/PC_G_EU4" CO2="3463.10" CO="178.84" HC="0.90" NOx="1.60" PMx="0.09" fuel="1.49" electricity="0.00" noise="136.01" route="routetop" type="cfm_slow" waiting="0.00" lane="top_0" pos="21.00" speed="0.18" angle="236.67" x="23.63" y="115.25"/>
        <vehicle id="cfm_slow_4" eclass="HBEFA3/PC_G_EU4" CO2="3463.10" CO="178.84" HC="0.90" NOx="1.60" PMx="0.09" fuel="1.49" electricity="0.00" noise="136.01" route="routeleft" type="cfm_slow" waiting="0.00" lane="left_0" pos="11.00" speed="0.18" angle="164.64" x="2.23" y="41.52"/>
    </timestep>
    <timestep time="0.02">
        <vehicle id="cfm_slow_0" eclass="HBEFA3/PC_G_EU4" CO2="4301.99" CO="192.94" HC="0.98" NOx="1.99" PMx="0.11" fuel="1.85" electricity="0.00" noise="136.08" route="routebottom" type="cfm_slow" waiting="0.00" lane="bottom_0" pos="1.01" speed="0.36" angle="92.66" x="65.75" y="-1.61"/>
        <vehicle id="cfm_slow_1" eclass="HBEFA3/PC_G_EU4" CO2="4301.99" CO="192.94" HC="0.98" NOx="1.99" PMx="0.11" fuel="1.85" electricity="0.00" noise="136.08" route="routebottom" type="cfm_slow" waiting="0.00" lane="bottom_0" pos="41.01" speed="0.36" angle="20.73" x="126.38" y="45.43"/>
        <vehicle id="cfm_slow_2" eclass="HBEFA3/PC_G_EU4" CO2="4301.99" CO="192.94" HC="0.98" NOx="1.99" PMx="0.11" fuel="1.85" electricity="0.00" noise="136.08" route="routeright" type="cfm_slow" waiting="0.00" lane="right_0" pos="31.01" speed="0.36" angle="308.69" x="100.36" y="117.67"/>
        <vehicle id="cfm_slow_3" eclass="HBEFA3/PC_G_EU4" CO2="4301.99" CO="192.94" HC="0.98" NOx="1.99" PMx="0.11" fuel="1.85" electricity="0.00" noise="136.08" route="routetop" type="cfm_slow" waiting="0.00" lane="top_0" pos="21.01" speed="0.36" angle="236.66" x="23.63" y="115.24"/>
        <vehicle id="cfm_slow_4" eclass="HBEFA3/PC_G_EU4" CO2="4301.99" CO="192.94" HC="0.98" NOx="1.99" PMx="0.11" fuel="1.85" electricity="0.00" noise="136.08" route="routeleft" type="cfm_slow" waiting="0.00" lane="left_0" pos="11.01" speed="0.36" angle="164.63" x="2.24" y="41.52"/>
    </timestep>
    <timestep time="0.03">
        <vehicle id="cfm_slow_0" eclass="HBEFA3/PC_G_EU4" CO2="5141.41" CO="207.07" HC="1.07" NOx="2.38" PMx="0.13" fuel="2.21" electricity="0.00" noise="136.14" route="routebottom" type="cfm_slow" waiting="0.00" lane="bottom_0" pos="1.01" speed="0.55" angle="92.65" x="65.76" y="-1.61"/>
        <vehicle id="cfm_slow_1" eclass="HBEFA3/PC_G_EU4" CO2="5141.41" CO="207.07" HC="1.07" NOx="2.38" PMx="0.13" fuel="2.21" electricity="0.00" noise="136.14" route="routebottom" type="cfm_slow" waiting="0.00" lane="bottom_0" pos="41.01" speed="0.55" angle="20.72" x="126.38" y="45.44"/>
        <vehicle id="cfm_slow_2" eclass="HBEFA3/PC_G_EU4" CO2="5141.41" CO="207.07" HC="1.07" NOx="2.38" PMx="0.13" fuel="2.21" electricity="0.00" noise="136.14" route="routeright" type="cfm_slow" waiting="0.00" lane="right_0" pos="31.01" speed="0.55" angle="308.68" x="100.35" y="117.68"/>
        <vehicle id="cfm_slow_3" eclass="HBEFA3/PC_G_EU4" CO2="5141.41" CO="207.07" HC="1.07" NOx="2.38" PMx="0.13" fuel="2.21" electricity="0.00" noise="136.14" route="routetop" type="cfm_slow" waiting="0.00" lane="top_0" pos="21.01" speed="0.55" angle="236.65" x="23.62" y="115.24"/>
        <vehicle id="cfm_slow_4" eclass="HBEFA3/PC_G_EU4" CO2="5141.41" CO="207.07" HC="1.07" NOx="2.38" PMx="0.13" fuel="2.21" electricity="0.00" noise="136.14" route="routeleft" type="cfm_slow" waiting="0.00" lane="left_0" pos="11.01" speed="0.55" angle="164.62" x="2.24" y="41.51"/>
    </timestep>
    <timestep time="0.04">
        <vehicle id="cfm_slow_0" eclass="HBEFA3/PC_G_EU4" CO2="5981.34" CO="221.25" HC="1.15" NOx="2.77" PMx="0.15" fuel="2.57" electricity="0.00" noise="136.21" route="routebottom" type="cfm_slow" waiting="0.00" lane="bottom_0" pos="1.02" speed="0.73" angle="92.63" x="65.78" y="-1.61"/>
        <vehicle id="cfm_slow_1" eclass="HBEFA3/PC_G_EU4" CO2="5981.34" CO="221.25" HC="1.15" NOx="2.77" PMx="0.15" fuel="2.57" electricity="0.00" noise="136.21" route="routebottom" type="cfm_slow" waiting="0.00" lane="bottom_0" pos="41.02" speed="0.73" angle="20.71" x="126.39" y="45.46"/>
        <vehicle id="cfm_slow_2" eclass="HBEFA3/PC_G_EU4" CO2="5981.34" CO="221.25" HC="1.15" NOx="2.77" PMx="0.15" fuel="2.57" electricity="0.00" noise="136.21" route="routeright" type="cfm_slow" waiting="0.00" lane="right_0" pos="31.02" speed="0.73" angle="308.67" x="100.34" y="117.69"/>
        <vehicle id="cfm_slow_3" eclass="HBEFA3/PC_G_EU4" CO2="5981.34" CO="221.25" HC="1.15" NOx="2.77" PMx="0.15" fuel="2.57" electricity="0.00" noise="136.21" route="routetop" type="cfm_slow" waiting="0.00" lane="top_0" pos="21.02" speed="0.73" angle="236.64" x="23.61" y="115.23"/>
        <vehicle id="cfm_slow_4" eclass="HBEFA3/PC_G_EU4" CO2="5981.34" CO="221.25" HC="1.15" NOx="2.77" PMx="0.15" fuel="2.57" electricity="0.00" noise="136.21" route="routeleft" type="cfm_slow" waiting="0.00" lane="left_0" pos="11.02" speed="0.73" angle="164.61" x="2.25" y="41.49"/>
    </timestep>
    <timestep time="0.05">
        <vehicle id="cfm_slow_0" eclass="HBEFA3/PC_G_EU4" CO2="6821.80" CO="235.46" HC="1.24" NOx="3.16" PMx="0.17" fuel="2.93" electricity="0.00" noise="136.28" route="routebottom" type="cfm_slow" waiting="0.00" lane="bottom_0" pos="1.03" speed="0.91" angle="92.62" x="65.80" y="-1.61"/>
        <vehicle id="cfm_slow_1" eclass="HBEFA3/PC_G_EU4" CO2="6821.80" CO="235.46" HC="1.24" NOx="3.16" PMx="0.17" fuel="2.93" electricity="0.00" noise="136.28" route="routebottom" type="cfm_slow" waiting="0.00" lane="bottom_0" pos="41.03" speed="0.91" angle="20.70" x="126.39" y="45.47"/>
        <vehicle id="cfm_slow_2" eclass="HBEFA3/PC_G_EU4" CO2="6821.80" CO="235.46" HC="1.24" NOx="3.16" PMx="0.17" fuel="2.93" electricity="0.00" noise="136.28" route="routeright" type="cfm_slow" waiting="0.00" lane="right_0" pos="31.03" speed="0.91" angle="308.65" x="100.33" y="117.70"/>
        <vehicle id="cfm_slow_3" eclass="HBEFA3/PC_G_EU4" CO2="6821.80" CO="235.46" HC="1.24" NOx="3.16" PMx="0.17" fuel="2.93" electricity="0.00" noise="136.28" route="routetop" type="cfm_slow" waiting="0.00" lane="top_0" pos="21.03" speed="0.91" angle="236.62" x="23.59" y="115.22"/>
        <vehicle id="cfm_slow_4" eclass="HBEFA3/PC_G_EU4" CO2="6821.80" CO="235.46" HC="1.24" NOx="3.16" PMx="0.17" fuel="2.93" electricity="0.00" noise="136.28" route="routeleft" type="cfm_slow" waiting="0.00" lane="left_0" pos="11.03" speed="0.91" angle="164.59" x="2.25" y="41.48"/>
    </timestep>
    <timestep time="0.06">
        <vehicle id="cfm_slow_0" eclass="HBEFA3/PC_G_EU4" CO2="7662.77" CO="249.72" HC="1.32" NOx="3.55" PMx="0.19" fuel="3.29" electricity="0.00" noise="136.35" route="routebottom" type="cfm_slow" waiting="0.00" lane="bottom_0" pos="1.04" speed="1.09" angle="92.60" x="65.82" y="-1.61"/>
        <vehicle id="cfm_slow_1" eclass="HBEFA3/PC_G_EU4" CO2="7662.77" CO="249.72" HC="1.32" NOx="3.55" PMx="0.19" fuel="3.29" electricity="0.00" noise="136.35" route="routebottom" type="cfm_slow" waiting="0.00" lane="bottom_0" pos="41.04" speed="1.09" angle="20.69" x="126.40" y="45.49"/>
        <vehicle id="cfm_slow_2" eclass="HBEFA3/PC_G_EU4" CO2="7662.77" CO="249.72" HC="1.32" NOx="3.55" PMx="0.19" fuel="3.29" electricity="0.00" noise="136.35" route="routeright" type="cfm_slow" waiting="0.00" lane="right_0" pos="31.04" speed="1.09" angle="308.63" x="100.31" y="117.71"/>
        <vehicle id="cfm_slow_3" eclass="HBEFA3/PC_G_EU4" CO2="7662.77" CO="249.72" HC="1.32" NOx="3.55" PMx="0.19" fuel="3.29" electricity="0.00" noise="136.35" route="routetop" type="cfm_slow" waiting="0.00" lane="top_0" pos="21.04" speed="1.09" angle="236.60" x="23.58" y="115.20"/>
        <vehicle id="cfm_slow_4" eclass="HBEFA3/PC_G_EU4" CO2="7662.77" CO="249.72" HC="1.32" NOx="3.55" PMx="0.19" fuel="3.29" electricity="0.00" noise="136.35" route="routeleft" type="cfm_slow" waiting="0.00" lane="left_0" pos="11.04" speed="1.09" angle="164.57" x="2.26" y="41.45"/>
    </timestep>
    <timestep time="0.07">
        <vehicle id="cfm_slow_0" eclass="HBEFA3/PC_G_EU4" CO2="8504.26" CO="264.01" HC="1.41" NOx="3.94" PMx="0.21" fuel="3.66" electricity="0.00" noise="136.42" route="routebottom" type="cfm_slow" waiting="0.00" lane="bottom_0" pos="1.05" speed="1.27" angle="92.57" x="65.84" y="-1.61"/>
        <vehicle id="cfm_slow_1" eclass="HBEFA3/PC_G_EU4" CO2="8504.26" CO="264.01" HC="1.41" NOx="3.94" PMx="0.21" fuel="3.66" electricity="0.00" noise="136.42" route="routebottom" type="cfm_slow" waiting="0.00" lane="bottom_0" pos="41.05" speed="1.27" angle="20.66" x="126.41" y="45.52"/>
        <vehicle id="cfm_slow_2" eclass="HBEFA3/PC_G_EU4" CO2="8504.26" CO="264.01" HC="1.41" NOx="3.94" PMx="0.21" fuel="3.66" electricity="0.00" noise="136.42" route="routeright" type="cfm_slow" waiting="0.00" lane="right_0" pos="31.05" speed="1.27" angle="308.61" x="100.29" y="117.73"/>
        <vehicle id="cfm_slow_3" eclass="HBEFA3/PC_G_EU4" CO2="8504.26" CO="264.01" HC="1.41" NOx="3.94" PMx="0.21" fuel="3.66" electricity="0.00" noise="136.42" route="routetop" type="cfm_slow" waiting="0.00" lane="top_0" pos="21.05" speed="1.27" angle="236.58" x="23.56" y="115.19"/>
        <vehicle id="cfm_slow_4" eclass="HBEFA3/PC_G_EU4" CO2="8504.26" CO="264.01" HC="1.41" NOx="3.94" PMx="0.21" fuel="3.66" electricity="0.00" noise="136.42" route="routeleft" type="cfm_slow" waiting="0.00" lane="left_0" pos="11.05" speed="1.27" angle="164.55" x="2.27" y="41.43"/>
    </timestep>
    <timestep time="0.08">
        <vehicle id="cfm_slow_0" eclass="HBEFA3/PC_G_EU4" CO2="9346.27" CO="278.34" HC="1.50" NOx="4.34" PMx="0.23" fuel="4.02" electricity="0.00" noise="136.49" route="routebottom" type="cfm_slow" waiting="0.00" lane="bottom_0" pos="1.07" speed="1.45" angle="92.55" x="65.87" y="-1.61"/>
        <vehicle id="cfm_slow_1" eclass="HBEFA3/PC_G_EU4" CO2="9346.27" CO="278.34" HC="1.50" NOx="4.34" PMx="0.23" fuel="4.02" electricity="0.00" noise="136.49" route="routebottom" type="cfm_slow" waiting="0.00" lane="bottom_0" pos="41.07" speed="1.45" angle="20.64" x="126.42" y="45.55"/>
        <vehicle id="cfm_slow_2" eclass="HBEFA3/PC_G_EU4" CO2="9346.27" CO="278.34" HC="1.50" NOx="4.34" PMx="0.23" fuel="4.02" electricity="0.00" noise="136.49" route="routeright" type="cfm_slow" waiting="0.00" lane="right_0" pos="31.07" speed="1.45" angle="308.58" x="100.26" y="117.74"/>
        <vehicle id="cfm_slow_3" eclass="HBEFA3/PC_G_EU4" CO2="9346.27" CO="278.34" HC="1.50" NOx="4.34" PMx="0.23" fuel="4.02" electricity="0.00" noise="136.49" route="routetop" type="cfm_slow" waiting="0.00" lane="top_0" pos="21.07" speed="1.45" angle="236.55" x="23.53" y="115.17"/>
        <vehicle id="cfm_slow_4" eclass="HBEFA3/PC_G_EU4" CO2="9346.27" CO="278.34" HC="1.50" NOx="4.34" PMx="0.23" fuel="4.02" electricity="0.00" noise="136.49" route="routeleft" type="cfm_slow" waiting="0.00" lane="left_0" pos="11.07" speed="1.45" angle="164.52" x="2.28" y="41.40"/>
    </timestep>
    <timestep time="0.09">
        <vehicle id="cfm_slow_0" eclass="HBEFA3/PC_G_EU4" CO2="10188.80" CO="292.70" HC="1.58" NOx="4.73" PMx="0.25" fuel="4.38" electricity="0.00" noise="136.56" route="routebottom" type="cfm_slow" waiting="0.00" lane="bottom_0" pos="1.08" speed="1.64" angle="92.52" x="65.91" y="-1.61"/>
        <vehicle id="cfm_slow_1" eclass="HBEFA3/PC_G_EU4" CO2="10188.80" CO="292.70" HC="1.58" NOx="4.73" PMx="0.25" fuel="4.38" electricity="0.00" noise="136.56" route="routebottom" type="cfm_slow" waiting="0.00" lane="bottom_0" pos="41.08" speed="1.64" angle="20.60" x="126.42" y="45.58"/>
        <vehicle id="cfm_slow_2" eclass="HBEFA3/PC_G_EU4" CO2="10188.80" CO="292.70" HC="1.58" NOx="4.73" PMx="0.25" fuel="4.38" electricity="0.00" noise="136.56" route="routeright" type="cfm_slow" waiting="0.00" lane="right_0" pos="31.08" speed="1.64" angle="308.55" x="100.23" y="117.76"/>
        <vehicle id="cfm_slow_3" eclass="HBEFA3/PC_G_EU4" CO2="10188.80" CO="292.70" HC="1.58" NOx="4.73" PMx="0.25" fuel="4.38" electricity="0.00" noise="136.56" route="routetop" type="cfm_slow" waiting="0.00" lane="top_0" pos="21.08" speed="1.64" angle="236.52" x="23.51" y="115.15"/>
        <vehicle id="cfm_slow_4" eclass="HBEFA3/PC_G_EU4" CO2="10188.80" CO="292.70" HC="1.58" NOx="4.73" PMx="0.25" fuel="4.38" electricity="0.00" noise="136.56" route="routeleft" type="cfm_slow" waiting="0.00" lane="left_0" pos="11.08" speed="1.64" angle="164.49" x="2.29" y="41.37"/>
    </timestep>
    <timestep time="0.10">
        <vehicle id="cfm_slow_0" eclass="HBEFA3/PC_G_EU4" CO2="11031.84" CO="307.11" HC="1.67" NOx="5.12" PMx="0.28" fuel="4.74" electricity="0.00" noise="136.63" route="routebottom" type="cfm_slow" waiting="0.00" lane="bottom_0" pos="1.10" speed="1.82" angle="92.48" x="65.95" y="-1.61"/>
        <vehicle id="cfm_slow_1" eclass="HBEFA3/PC_G_EU4" CO2="11031.84" CO="307.11" HC="1.67" NOx="5.12" PMx="0.28" fuel="4.74" electricity="0.00" noise="136.63" route="routebottom" type="cfm_slow" waiting="0.00" lane="bottom_0" pos="41.10" speed="1.82" angle="20.57" x="126.43" y="45.62"/>
        <vehicle id="cfm_slow_2" eclass="HBEFA3/PC_G_EU4" CO2="11031.84" CO="307.11" HC="1.67" NOx="5.12" PMx="0.28" fuel="4.74" electricity="0.00" noise="136.63" route="routeright" type="cfm_slow" waiting="0.00" lane="right_0" pos="31.10" speed="1.82" angle="308.52" x="100.20" y="117.78"/>
        <vehicle id="cfm_slow_3" eclass="HBEFA3/PC_G_EU4" CO2="11031.84" CO="307.11" HC="1.67" NOx="5.12" PMx="0.28" fuel="4.74" electricity="0.00" noise="136.63" route="routetop" type="cfm_slow" waiting="0.00" lane="top_0" pos="21.10" speed="1.82" angle="236.49" x="23.48" y="115.12"/>
        <vehicle id="cfm_slow_4" eclass="HBEFA3/PC_G_EU4" CO2="11031.84" CO="307.11" HC="1.67" NOx="5.12" PMx="0.28" fuel="4.74" electricity="0.00" noise="136.63" route="routeleft" type="cfm_slow" waiting="0.00" lane="left_0" pos="11.10" speed="1.82" angle="164.46" x="2.30" y="41.33"/>
    </timestep>
    <timestep time="0.11">
        <vehicle id="cfm_slow_0" eclass="HBEFA3/PC_G_EU4" CO2="11875.41" CO="321.55" HC="1.75" NOx="5.51" PMx="0.30" fuel="5.10" electricity="0.00" noise="136.70" route="routebottom" type="cfm_slow" waiting="0.00" lane="bottom_0" pos="1.12" speed="2.00" angle="92.45" x="65.99" y="-1.61"/>
        <vehicle id="cfm_slow_1" eclass="HBEFA3/PC_G_EU4" CO2="11875.41" CO="321.55" HC="1.75" NOx="5.51" PMx="0.30" fuel="5.10" electricity="0.00" noise="136.70" route="routebottom" type="cfm_slow" waiting="0.00" lane="bottom_0" pos="41.12" speed="2.00" angle="20.53" x="126.44" y="45.66"/>
        <vehicle id="cfm_slow_2" eclass="HBEFA3/PC_G_EU4" CO2="11875.41" CO="321.55" HC="1.75" NOx="5.51" PMx="0.30" fuel="5.10" electricity="0.00" noise="136.70" route="routeright" type="cfm_slow" waiting="0.00" lane="right_0" pos="31.12" speed="2.00" angle="308.48" x="100.17" y="117.80"/>
        <vehicle id="cfm_slow_3" eclass="HBEFA3/PC_G_EU4" CO2="11875.41" CO="321.55" HC="1.75" NOx="5.51" PMx="0.30" fuel="5.10" electricity="0.00" noise="136.70" route="routetop" type="cfm_slow" waiting="0.00" lane="top_0" pos="21.12" speed="2.00" angle="236.45" x="23.44" y="115.10"/>
        <vehicle id="cfm_slow_4" eclass="HBEFA3/PC_G_EU4" CO2="11875.41" CO="321.55" HC="1.75" NOx="5.51" PMx="0.30" fuel="5.10" electricity="0.00" noise="136.70" route="routeleft" type="cfm_slow" waiting="0.00" lane="left_0" pos="11.12" speed="2.00" angle="164.42" x="2.32" y="41.30"/>
    </timestep>
    <timestep time="0.12">
        <vehicle id="cfm_slow_0" eclass="HBEFA3/PC_G_EU4" CO2="12719.50" CO="336.03" HC="1.84" NOx="5.91" PMx="0.32" fuel="5.47" electricity="0.00" noise="136.77" route="routebottom" type="cfm_slow" waiting="0.00" lane="bottom_0" pos="1.14" speed="2.18" angle="92.41" x="66.03" y="-1.60"/>
        <vehicle id="cfm_slow_1" eclass="HBEFA3/PC_G_EU4" CO2="12719.50" CO="336.03" HC="1.84" NOx="5.91" PMx="0.32" fuel="5.47" electricity="0.00" noise="136.77" route="routebottom" type="cfm_slow" waiting="0.00" lane="bottom_0" pos="41.14" speed="2.18" angle="20.49" x="126.46" y="45.70"/>
        <vehicle id="cfm_slow_2" eclass="HBEFA3/PC_G_EU4" CO2="12719.50" CO="336.03" HC="1.84" NOx="5.91" PMx="0.32" fuel="5.47" electricity="0.00" noise="136.77" route="routeright" type="cfm_slow" waiting="0.00" lane="right_0" pos="31.14" speed="2.18" angle="308.44" x="100.13" y="117.83"/>
        <vehicle id="cfm_slow_3" eclass="HBEFA3/PC_G_EU4" CO2="12719.50" CO="336.03" HC="1.84" NOx="5.91" PMx="0.32" fuel="5.47" electricity="0.00" noise="136.77" route="routetop" type="cfm_slow" waiting="0.00" lane="top_0" pos="21.14" speed="2.18" angle="236.41" x="23.41" y="115.07"/>
        <vehicle id="cfm_slow_4" eclass="HBEFA3/PC_G_EU4" CO2="12719.50" CO="336.03" HC="1.84" NOx="5.91" PMx="0.32" fuel="5.47" electricity="0.00" noise="136.77" route="routeleft" type="cfm_slow" waiting="0.00" lane="left_0" pos="11.14" speed="2.18" angle="164.38" x="2.33" y="41.25"/>
    </timestep>
    <timestep time="0.13">
        <vehicle id="cfm_slow_0" eclass="HBEFA3/PC_G_EU4" CO2="13564.10" CO="350.56" HC="1.93" NOx="6.30" PMx="0.34" fuel="5.83" electricity="0.00" noise="136.84" route="routebottom" type="cfm_slow" waiting="0.00" lane="bottom_0" pos="1.17" speed="2.36" angle="92.36" x="66.08" y="-1.60"/>
        <vehicle id="cfm_slow_1" eclass="HBEFA3/PC_G_EU4" CO2="13564.10" CO="350.56" HC="1.93" NOx="6.30" PMx="0.34" fuel="5.83" electricity="0.00" noise="136.84" route="routebottom" type="cfm_slow" waiting="0.00" lane="bottom_0" pos="41.17" speed="2.36" angle="20.45" x="126.47" y="45.75"/>
        <vehicle id="cfm_slow_2" eclass="HBEFA3/PC_G_EU4" CO2="13564.10" CO="350.56" HC="1.93" NOx="6.30" PMx="0.34" fuel="5.83" electricity="0.00" noise="136.84" route="routeright" type="cfm_slow" waiting="0.00" lane="right_0" pos="31.17" speed="2.36" angle="308.40" x="100.09" y="117.86"/>
        <vehicle id="cfm_slow_3" eclass="HBEFA3/PC_G_EU4" CO2="13564.10" CO="350.56" HC="1.93" NOx="6.30" PMx="0.34" fuel="5.83" electricity="0.00" noise="136.84" route="routetop" type="cfm_slow" waiting="0.00" lane="top_0" pos="21.17" speed="2.36" angle="236.37" x="23.37" y="115.04"/>
        <vehicle id="cfm_slow_4" eclass="HBEFA3/PC_G_EU4" CO2="13564.10" CO="350.56" HC="1.93" NOx="6.30" PMx="0.34" fuel="5.83" electricity="0.00" noise="136.84" route="routeleft" type="cfm_slow" waiting="0.00" lane="left_0" pos="11.17" speed="2.36" angle="164.33" x="2.35" y="41.21"/>
    </timestep>
    <timestep time="0.14">
        <vehicle id="cfm_slow_0" eclass="HBEFA3/PC_G_EU4" CO2="14409.22" CO="365.11" HC="2.02" NOx="6.70" PMx="0.36" fuel="6.19" electricity="0.00" noise="136.91" route="routebottom" type="cfm_slow" waiting="0.00" lane="bottom_0" pos="1.19" speed="2.55" angle="92.33" x="66.13" y="-1.60"/>
        <vehicle id="cfm_slow_1" eclass="HBEFA3/PC_G_EU4" CO2="14409.22" CO="365.11" HC="2.02" NOx="6.70" PMx="0.36" fuel="6.19" electricity="0.00" noise="136.91" route="routebottom" type="cfm_slow" waiting="0.00" lane="bottom_0" pos="41.19" speed="2.55" angle="20.40" x="126.48" y="45.80"/>
        <vehicle id="cfm_slow_2" eclass="HBEFA3/PC_G_EU4" CO2="14409.22" CO="365.11" HC="2.02" NOx="6.70" PMx="0.36" fuel="6.19" electricity="0.00" noise="136.91" route="routeright" type="cfm_slow" waiting="0.00" lane="right_0" pos="31.19" speed="2.55" angle="308.35" x="100.05" y="117.89"/>
        <vehicle id="cfm_slow_3" eclass="HBEFA3/PC_G_EU4" CO2="14409.22" CO="365.11" HC="2.02" NOx="6.70" PMx="0.36" fuel="6.19" electricity="0.00" noise="136.91" route="routetop" type="cfm_slow" waiting="0.00" lane="top_0" pos="21.19" speed="2.55" angle="236.33" x="23.33" y="115.01"/>
        <vehicle id="cfm_slow_4" eclass="HBEFA3/PC_G_EU4" CO2="14409.22" CO="365.11" HC="2.02" NOx="6.70" PMx="0.36" fuel="6.19" electricity="0.00" noise="136.91" route="routeleft" type="cfm_slow" waiting="0.00" lane="left_0" pos="11.19" speed="2.55" angle="164.29" x="2.37" y="41.16"/>
    </timestep>
    <timestep time="0.15">
        <vehicle id="cfm_slow_0" eclass="HBEFA3/PC_G_EU4" CO2="15254.87" CO="379.71" HC="2.10" NOx="7.09" PMx="0.38" fuel="6.56" electricity="0.00" noise="136.99" route="routebottom" type="cfm_slow" waiting="0.00" lane="bottom_0" pos="1.22" speed="2.73" angle="92.29" x="66.19" y="-1.60"/>
        <vehicle id="cfm_slow_1" eclass="HBEFA3/PC_G_EU4" CO2="15254.87" CO="379.71" HC="2.10" NOx="7.09" PMx="0.38" fuel="6.56" electricity="0.00" noise="136.99" route="routebottom" type="cfm_slow" waiting="0.00" lane="bottom_0" pos="41.22" speed="2.73" angle="20.35" x="126.50" y="45.85"/>
        <vehicle id="cfm_slow_2" eclass="HBEFA3/PC_G_EU4" CO2="15254.87" CO="379.71" HC="2.10" NOx="7.09" PMx="0.38" fuel="6.56" electricity="0.00" noise="136.99" route="routeright" type="cfm_slow" waiting="0.00" lane="right_0" pos="31.22" speed="2.73" angle="308.30" x="100.00" y="117.92"/>
        <vehicle id="cfm_slow_3" eclass="HBEFA3/PC_G_EU4" CO2="15254.87" CO="379.71" HC="2.10" NOx="7.09" PMx="0.38" fuel="6.56" electricity="0.00" noise="136.99" route="routetop" type="cfm_slow" waiting="0.00" lane="top_0" pos="21.22" speed="2.73" angle="236.28" x="23.29" y="114.97"/>
        <vehicle id="cfm_slow_4" eclass="HBEFA3/PC_G_EU4" CO2="15254.87" CO="379.71" HC="2.10" NOx="7.09" PMx="0.38" fuel="6.56" electricity="0.00" noise="136.99" route="routeleft" type="cfm_slow" waiting="0.00" lane="left_0" pos="11.22" speed="2.73" angle="164.24" x="2.38" y="41.11"/>
    </timestep>
    <timestep time="0.16">
        <vehicle id="cfm_slow_0" eclass="HBEFA3/PC_G_EU4" CO2="16101.03" CO="394.35" HC="2.19" NOx="7.48" PMx="0.40" fuel="6.92" electricity="0.00" noise="137.06" route="routebottom" type="cfm_slow" waiting="0.00" lane="bottom_0" pos="1.25" speed="2.91" angle="92.25" x="66.25" y="-1.60"/>
        <vehicle id="cfm_slow_1" eclass="HBEFA3/PC_G_EU4" CO2="16101.03" CO="394.35" HC="2.19" NOx="7.48" PMx="0.40" fuel="6.92" electricity="0.00" noise="137.06" route="routebottom" type="cfm_slow" waiting="0.00" lane="bottom_0" pos="41.25" speed="2.91" angle="20.29" x="126.51" y="45.91"/>
        <vehicle id="cfm_slow_2" eclass="HBEFA3/PC_G_EU4" CO2="16101.03" CO="394.35" HC="2.19" NOx="7.48" PMx="0.40" fuel="6.92" electricity="0.00" noise="137.06" route="routeright" type="cfm_slow" waiting="0.00" lane="right_0" pos="31.25" speed="2.91" angle="308.25" x="99.95" y="117.95"/>
        <vehicle id="cfm_slow_3" eclass="HBEFA3/PC_G_EU4" CO2="16101.03" CO="394.35" HC="2.19" NOx="7.48" PMx="0.40" fuel="6.92" electricity="0.00" noise="137.06" route="routetop" type="cfm_slow" waiting="0.00" lane="top_0" pos="21.25" speed="2.91" angle="236.22" x="23.24" y="114.94"/>
        <vehicle id="cfm_slow_4" eclass="HBEFA3/PC_G_EU4" CO2="16101.03" CO="394.35" HC="2.19" NOx="7.48" PMx="0.40" fuel="6.92" electricity="0.00" noise="137.06" route="routeleft" type="cfm_slow" waiting="0.00" lane="left_0" pos="11.25" speed="2.91" angle="164.18" x="2.41" y="41.05"/>
    </timestep>
    <timestep time="0.17">
        <vehicle id="cfm_slow_0" eclass="HBEFA3/PC_G_EU4" CO2="16947.71" CO="409.02" HC="2.28" NOx="7.88" PMx="0.42" fuel="7.29" electricity="0.00" noise="137.13" route="routebottom" type="cfm_slow" waiting="0.00" lane="bottom_0" pos="1.28" speed="3.09" angle="92.20" x="66.31" y="-1.60"/>
        <vehicle id="cfm_slow_1" eclass="HBEFA3/PC_G_EU4" CO2="16947.71" CO="409.02" HC="2.28" NOx="7.88" PMx="0.42" fuel="7.29" electricity="0.00" noise="137.13" route="routebottom" type="cfm_slow" waiting="0.00" lane="bottom_0" pos="41.28" speed="3.09" angle="20.24" x="126.53" y="45.97"/>
        <vehicle id="cfm_slow_2" eclass="HBEFA3/PC_G_EU4" CO2="16947.71" CO="409.02" HC="2.28" NOx="7.88" PMx="0.42" fuel="7.29" electricity="0.00" noise="137.13" route="routeright" type="cfm_slow" waiting="0.00" lane="right_0" pos="31.28" speed="3.09" angle="308.19" x="99.90" y="117.98"/>
        <vehicle id="cfm_slow_3" eclass="HBEFA3/PC_G_EU4" CO2="16947.71" CO="409.02" HC="2.28" NOx="7.88" PMx="0.42" fuel="7.29" electricity="0.00" noise="137.13" route="routetop" type="cfm_slow" waiting="0.00" lane="top_0" pos="21.28" speed="3.09" angle="236.17" x="23.19" y="114.90"/>
        <vehicle id="cfm_slow_4" eclass="HBEFA3/PC_G_EU4" CO2="16947.71" CO="409.02" HC="2.28" NOx="7.88" PMx="0.42" fuel="7.29" electricity="0.00" noise="137.13" route="routeleft" type="cfm_slow" waiting="0.00" lane="left_0" pos="11.28" speed="3.09" angle="164.12" x="2.43" y="40.99"/>
    </timestep>
    <timestep time="0.18">
        <vehicle id="cfm_slow_0" eclass="HBEFA3/PC_G_EU4" CO2="17794.91" CO="423.73" HC="2.37" NOx="8.27" PMx="0.45" fuel="7.65" electricity="0.00" noise="137.20" route="routebottom" type="cfm_slow" waiting="0.00" lane="bottom_0" pos="1.31" speed="3.27" angle="92.15" x="66.38" y="-1.59"/>
        <vehicle id="cfm_slow_1" eclass="HBEFA3/PC_G_EU4" CO2="17794.91" CO="423.73" HC="2.37" NOx="8.27" PMx="0.45" fuel="7.65" electricity="0.00" noise="137.20" route="routebottom" type="cfm_slow" waiting="0.00" lane="bottom_0" pos="41.31" speed="3.27" angle="20.18" x="126.54" y="46.04"/>
        <vehicle id="cfm_slow_2" eclass="HBEFA3/PC_G_EU4" CO2="17794.91" CO="423.73" HC="2.37" NOx="8.27" PMx="0.45" fuel="7.65" electricity="0.00" noise="137.20" route="routeright" type="cfm_slow" waiting="0.00" lane="right_0" pos="31.31" speed="3.27" angle="308.13" x="99.84" y="118.02"/>
        <vehicle id="cfm_slow_3" eclass="HBEFA3/PC_G_EU4" CO2="17794.91" CO="423.73" HC="2.37" NOx="8.27" PMx="0.45" fuel="7.65" electricity="0.00" noise="137.20" route="routetop" type="cfm_slow" waiting="0.00" lane="top_0" pos="21.31" speed="3.27" angle="236.11" x="23.14" y="114.86"/>
        <vehicle id="cfm_slow_4" eclass="HBEFA3/PC_G_EU4" CO2="17794.91" CO="423.73" HC="2.37" NOx="8.27" PMx="0.45" fuel="7.65" electricity="0.00" noise="137.20" route="routeleft" type="cfm_slow" waiting="0.00" lane="left_0" pos="11.31" speed="3.27" angle="164.06" x="2.45" y="40.93"/>
    </timestep>
    <timestep time="0.19">
        <vehicle id="cfm_slow_0" eclass="HBEFA3/PC_G_EU4" CO2="18642.63" CO="438.48" HC="2.45" NOx="8.67" PMx="0.47" fuel="8.01" electricity="0.00" noise="137.28" route="routebottom" type="cfm_slow" waiting="0.00" lane="bottom_0" pos="1.35" speed="3.45" angle="92.08" x="66.45" y="-1.59"/>
        <vehicle id="cfm_slow_1" eclass="HBEFA3/PC_G_EU4" CO2="18642.63" CO="438.48" HC="2.45" NOx="8.67" PMx="0.47" fuel="8.01" electricity="0.00" noise="137.28" route="routebottom" type="cfm_slow" waiting="0.00" lane="bottom_0" pos="41.35" speed="3.45" angle="20.11" x="126.56" y="46.10"/>
        <vehicle id="cfm_slow_2" eclass="HBEFA3/PC_G_EU4" CO2="18642.63" CO="438.48" HC="2.45" NOx="8.67" PMx="0.47" fuel="8.01" electricity="0.00" noise="137.28" route="routeright" type="cfm_slow" waiting="0.00" lane="right_0" pos="31.35" speed="3.45" angle="308.07" x="99.78" y="118.06"/>
        <vehicle id="cfm_slow_3" eclass="HBEFA3/PC_G_EU4" CO2="18642.63" CO="438.48" HC="2.45" NOx="8.67" PMx="0.47" fuel="8.01" electricity="0.00" noise="137.28" route="routetop" type="cfm_slow" waiting="0.00" lane="top_0" pos="21.35" speed="3.45" angle="236.05" x="23.08" y="114.81"/>
        <vehicle id="cfm_slow_4" eclass="HBEFA3/PC_G_EU4" CO2="18642.63" CO="438.48" HC="2.45" NOx="8.67" PMx="0.47" fuel="8.01" electricity="0.00" noise="137.28" route="routeleft" type="cfm_slow" waiting="0.00" lane="left_0" pos="11.35" speed="3.45" angle="164.00" x="2.47" y="40.86"/>
    </timestep>
    <timestep time="0.20">
        <vehicle id="cfm_slow_0" eclass="HBEFA3/PC_G_EU4" CO2="19490.87" CO="453.27" HC="2.54" NOx="9.06" PMx="0.49" fuel="8.38" electricity="0.00" noise="137.35" route="routebottom" type="cfm_slow" waiting="0.00" lane="bottom_0" pos="1.38" speed="3.64" angle="92.02" x="66.52" y="-1.59"/>
        <vehicle id="cfm_slow_1" eclass="HBEFA3/PC_G_EU4" CO2="19490.87" CO="453.27" HC="2.54" NOx="9.06" PMx="0.49" fuel="8.38" electricity="0.00" noise="137.35" route="routebottom" type="cfm_slow" waiting="0.00" lane="bottom_0" pos="41.38" speed="3.64" angle="20.04" x="126.58" y="46.18"/>
        <vehicle id="cfm_slow_2" eclass="HBEFA3/PC_G_EU4" CO2="19490.87" CO="453.27" HC="2.54" NOx="9.06" PMx="0.49" fuel="8.38" electricity="0.00" noise="137.35" route="routeright" type="cfm_slow" waiting="0.00" lane="right_0" pos="31.38" speed="3.64" angle="308.00" x="99.72" y="118.10"/>
        <vehicle id="cfm_slow_3" eclass="HBEFA3/PC_G_EU4" CO2="19490.87" CO="453.27" HC="2.54" NOx="9.06" PMx="0.49" fuel="8.38" electricity="0.00" noise="137.35" route="routetop" type="cfm_slow" waiting="0.00" lane="top_0" pos="21.38" speed="3.64" angle="235.98" x="23.02" y="114.77"/>
        <vehicle id="cfm_slow_4" eclass="HBEFA3/PC_G_EU4" CO2="19490.87" CO="453.27" HC="2.54" NOx="9.06" PMx="0.49" fuel="8.38" electricity="0.00" noise="137.35" route="routeleft" type="cfm_slow" waiting="0.00" lane="left_0" pos="11.38" speed="3.64" angle="163.93" x="2.50" y="40.79"/>
    </timestep>
    <timestep time="0.21">
        <vehicle id="cfm_slow_0" eclass="HBEFA3/PC_G_EU4" CO2="20339.62" CO="468.10" HC="2.63" NOx="9.46" PMx="0.51" fuel="8.74" electricity="0.00" noise="137.42" route="routebottom" type="cfm_slow" waiting="0.00" lane="bottom_0" pos="1.42" speed="3.82" angle="91.95" x="66.60" y="-1.58"/>
        <vehicle id="cfm_slow_1" eclass="HBEFA3/PC_G_EU4" CO2="20339.62" CO="468.10" HC="2.63" NOx="9.46" PMx="0.51" fuel="8.74" electricity="0.00" noise="137.42" route="routebottom" type="cfm_slow" waiting="0.00" lane="bottom_0" pos="41.42" speed="3.82" angle="19.97" x="126.60" y="46.25"/>
        <vehicle id="cfm_slow_2" eclass="HBEFA3/PC_G_EU4" CO2="20339.62" CO="468.10" HC="2.63" NOx="9.46" PMx="0.51" fuel="8.74" electricity="0.00" noise="137.42" route="routeright" type="cfm_slow" waiting="0.00" lane="right_0" pos="31.42" speed="3.82" angle="307.93" x="99.66" y="118.15"/>
        <vehicle id="cfm_slow_3" eclass="HBEFA3/PC_G_EU4" CO2="20339.62" CO="468.10" HC="2.63" NOx="9.46" PMx="0.51" fuel="8.74" electricity="0.00" noise="137.42" route="routetop" type="cfm_slow" waiting="0.00" lane="top_0" pos="21.42" speed="3.82" angle="235.91" x="22.96" y="114.72"/>
        <vehicle id="cfm_slow_4" eclass="HBEFA3/PC_G_EU4" CO2="20339.62" CO="468.10" HC="2.63" NOx="9.46" PMx="0.51" fuel="8.74" electricity="0.00" noise="137.42" route="routeleft" type="cfm_slow" waiting="0.00" lane="left_0" pos="11.42" speed="3.82" angle="163.87" x="2.53" y="40.72"/>
    </timestep>
    <timestep time="0.22">
        <vehicle id="cfm_slow_0" eclass="HBEFA3/PC_G_EU4" CO2="21188.90" CO="482.96" HC="2.72" NOx="9.85" PMx="0.53" fuel="9.11" electricity="0.00" noise="137.49" route="routebottom" type="cfm_slow" waiting="0.00" lane="bottom_0" pos="1.46" speed="4.00" angle="91.87" x="66.68" y="-1.58"/>
        <vehicle id="cfm_slow_1" eclass="HBEFA3/PC_G_EU4" CO2="21188.90" CO="482.96" HC="2.72" NOx="9.85" PMx="0.53" fuel="9.11" electricity="0.00" noise="137.49" route="routebottom" type="cfm_slow" waiting="0.00" lane="bottom_0" pos="41.46" speed="4.00" angle="19.90" x="126.62" y="46.33"/>
        <vehicle id="cfm_slow_2" eclass="HBEFA3/PC_G_EU4" CO2="21188.90" CO="482.96" HC="2.72" NOx="9.85" PMx="0.53" fuel="9.11" electricity="0.00" noise="137.49" route="routeright" type="cfm_slow" waiting="0.00" lane="right_0" pos="31.46" speed="4.00" angle="307.86" x="99.59" y="118.19"/>
        <vehicle id="cfm_slow_3" eclass="HBEFA3/PC_G_EU4" CO2="21188.90" CO="482.96" HC="2.72" NOx="9.85" PMx="0.53" fuel="9.11" electricity="0.00" noise="137.49" route="routetop" type="cfm_slow" waiting="0.00" lane="top_0" pos="21.46" speed="4.00" angle="235.84" x="22.90" y="114.67"/>
        <vehicle id="cfm_slow_4" eclass="HBEFA3/PC_G_EU4" CO2="21188.90" CO="482.96" HC="2.72" NOx="9.85" PMx="0.53" fuel="9.11" electricity="0.00" noise="137.49" route="routeleft" type="cfm_slow" waiting="0.00" lane="left_0" pos="11.46" speed="4.00" angle="163.81" x="2.55" y="40.64"/>
    </timestep>
    <timestep time="0.23">
        <vehicle id="cfm_slow_0" eclass="HBEFA3/PC_G_EU4" CO2="22038.69" CO="497.87" HC="2.81" NOx="10.25" PMx="0.55" fuel="9.47" electricity="0.00" noise="137.57" route="routebottom" type="cfm_slow" waiting="0.00" lane="bottom_0" pos="1.50" speed="4.18" angle="91.80" x="66.77" y="-1.57"/>
        <vehicle id="cfm_slow_1" eclass="HBEFA3/PC_G_EU4" CO2="22038.69" CO="497.87" HC="2.81" NOx="10.25" PMx="0.55" fuel="9.47" electricity="0.00" noise="137.57" route="routebottom" type="cfm_slow" waiting="0.00" lane="bottom_0" pos="41.50" speed="4.18" angle="19.82" x="126.64" y="46.41"/>
        <vehicle id="cfm_slow_2" eclass="HBEFA3/PC_G_EU4" CO2="22038.69" CO="497.87" HC="2.81" NOx="10.25" PMx="0.55" fuel="9.47" electricity="0.00" noise="137.57" route="routeright" type="cfm_slow" waiting="0.00" lane="right_0" pos="31.50" speed="4.18" angle="307.78" x="99.52" y="118.24"/>
        <vehicle id="cfm_slow_3" eclass="HBEFA3/PC_G_EU4" CO2="22038.69" CO="497.87" HC="2.81" NOx="10.25" PMx="0.55" fuel="9.47" electricity="0.00" noise="137.57" route="routetop" type="cfm_slow" waiting="0.00" lane="top_0" pos="21.50" speed="4.18" angle="235.76" x="22.83" y="114.62"/>
        <vehicle id="cfm_slow_4" eclass="HBEFA3/PC_G_EU4" CO2="22038.69" CO="497.87" HC="2.81" NOx="10.25" PMx="0.55" fuel="9.47" electricity="0.00" noise="137.57" route="routeleft" type="cfm_slow" waiting="0.00" lane="left_0" pos="11.50" speed="4.18" angle="163.75" x="2.58" y="40.56"/>
    </timestep>
    <timestep time="0.24">
        <vehicle id="cfm_slow_0" eclass="HBEFA3/PC_G_EU4" CO2="22889.01" CO="512.81" HC="2.90" NOx="10.65" PMx="0.57" fuel="9.84" electricity="0.00" noise="137.64" route="routebottom" type="cfm_slow" waiting="0.00" lane="bottom_0" pos="1.55" speed="4.36" angle="91.72" x="66.86" y="-1.57"/>
        <vehicle id="cfm_slow_1" eclass="HBEFA3/PC_G_EU4" CO2="22889.01" CO="512.81" HC="2.90" NOx="10.65" PMx="0.57" fuel="9.84" electricity="0.00" noise="137.64" route="routebottom" type="cfm_slow" waiting="0.00" lane="bottom_0" pos="41.55" speed="4.36" angle="19.74" x="126.67" y="46.50"/>
        <vehicle id="cfm_slow_2" eclass="HBEFA3/PC_G_EU4" CO2="22889.01" CO="512.81" HC="2.90" NOx="10.65" PMx="0.57" fuel="9.84" electricity="0.00" noise="137.64" route="routeright" type="cfm_slow" waiting="0.00" lane="right_0" pos="31.55" speed="4.36" angle="307.70" x="99.44" y="118.29"/>
        <vehicle id="cfm_slow_3" eclass="HBEFA3/PC_G_EU4" CO2="22889.01" CO="512.81" HC="2.90" NOx="10.65" PMx="0.57" fuel="9.84" electricity="0.00" noise="137.64" route="routetop" type="cfm_slow" waiting="0.00" lane="top_0" pos="21.55" speed="4.36" angle="235.69" x="22.76" y="114.56"/>
        <vehicle id="cfm_slow_4" eclass="HBEFA3/PC_G_EU4" CO2="22889.01" CO="512.81" HC="2.90" NOx="10.65" PMx="0.57" fuel="9.84" electricity="0.00" noise="137.64" route="routeleft" type="cfm_slow" waiting="0.00" lane="left_0" pos="11.55" speed="4.36" angle="163.69" x="2.61" y="40.48"/>
    </timestep>
    <timestep time="0.25">
        <vehicle id="cfm_slow_0" eclass="HBEFA3/PC_G_EU4" CO2="23739.84" CO="527.79" HC="2.99" NOx="11.04" PMx="0.59" fuel="10.20" electricity="0.00" noise="137.72" route="routebottom" type="cfm_slow" waiting="0.00" lane="bottom_0" pos="1.59" speed="4.55" angle="91.64" x="66.95" y="-1.56"/>
        <vehicle id="cfm_slow_1" eclass="HBEFA3/PC_G_EU4" CO2="23739.84" CO="527.79" HC="2.99" NOx="11.04" PMx="0.59" fuel="10.20" electricity="0.00" noise="137.72" route="routebottom" type="cfm_slow" waiting="0.00" lane="bottom_0" pos="41.59" speed="4.55" angle="19.65" x="126.69" y="46.59"/>
        <vehicle id="cfm_slow_2" eclass="HBEFA3/PC_G_EU4" CO2="23739.84" CO="527.79" HC="2.99" NOx="11.04" PMx="0.59" fuel="10.20" electricity="0.00" noise="137.72" route="routeright" type="cfm_slow" waiting="0.00" lane="right_0" pos="31.59" speed="4.55" angle="307.62" x="99.36" y="118.34"/>
        <vehicle id="cfm_slow_3" eclass="HBEFA3/PC_G_EU4" CO2="23739.84" CO="527.79" HC="2.99" NOx="11.04" PMx="0.59" fuel="10.20" electricity="0.00" noise="137.72" route="routetop" type="cfm_slow" waiting="0.00" lane="top_0" pos="21.59" speed="4.55" angle="235.60" x="22.68" y="114.50"/>
        <vehicle id="cfm_slow_4" eclass="HBEFA3/PC_G_EU4" CO2="23739.84" CO="527.79" HC="2.99" NOx="11.04" PMx="0.59" fuel="10.20" electricity="0.00" noise="137.72" route="routeleft" type="cfm_slow" waiting="0.00" lane="left_0" pos="11.59" speed="4.55" angle="163.60" x="2.65" y="40.39"/>
    </timestep>
    <timestep time="0.26">
        <vehicle id="cfm_slow_0" eclass="HBEFA3/PC_G_EU4" CO2="24591.19" CO="542.81" HC="3.08" NOx="11.44" PMx="0.62" fuel="10.57" electricity="0.00" noise="137.79" route="routebottom" type="cfm_slow" waiting="0.00" lane="bottom_0" pos="1.64" speed="4.73" angle="91.55" x="67.05" y="-1.55"/>
        <vehicle id="cfm_slow_1" eclass="HBEFA3/PC_G_EU4" CO2="24591.19" CO="542.81" HC="3.08" NOx="11.44" PMx="0.62" fuel="10.57" electricity="0.00" noise="137.79" route="routebottom" type="cfm_slow" waiting="0.00" lane="bottom_0" pos="41.64" speed="4.73" angle="19.56" x="126.71" y="46.68"/>
        <vehicle id="cfm_slow_2" eclass="HBEFA3/PC_G_EU4" CO2="24591.19" CO="542.81" HC="3.08" NOx="11.44" PMx="0.62" fuel="10.57" electricity="0.00" noise="137.79" route="routeright" type="cfm_slow" waiting="0.00" lane="right_0" pos="31.64" speed="4.73" angle="307.53" x="99.28" y="118.39"/>
        <vehicle id="cfm_slow_3" eclass="HBEFA3/PC_G_EU4" CO2="24591.19" CO="542.81" HC="3.08" NOx="11.44" PMx="0.62" fuel="10.57" electricity="0.00" noise="137.79" route="routetop" type="cfm_slow" waiting="0.00" lane="top_0" pos="21.64" speed="4.73" angle="235.52" x="22.61" y="114.44"/>
        <vehicle id="cfm_slow_4" eclass="HBEFA3/PC_G_EU4" CO2="24591.19" CO="542.81" HC="3.08" NOx="11.44" PMx="0.62" fuel="10.57" electricity="0.00" noise="137.79" route="routeleft" type="cfm_slow" waiting="0.00" lane="left_0" pos="11.64" speed="4.73" angle="163.52" x="2.68" y="40.30"/>
    </timestep>
    <timestep time="0.27">
        <vehicle id="cfm_slow_0" eclass="HBEFA3/PC_G_EU4" CO2="25443.06" CO="557.86" HC="3.17" NOx="11.84" PMx="0.64" fuel="10.94" electricity="0.00" noise="137.87" route="routebottom" type="cfm_slow" waiting="0.00" lane="bottom_0" pos="1.69" speed="4.91" angle="91.46" x="67.15" y="-1.55"/>
        <vehicle id="cfm_slow_1" eclass="HBEFA3/PC_G_EU4" CO2="25443.06" CO="557.86" HC="3.17" NOx="11.84" PMx="0.64" fuel="10.94" electricity="0.00" noise="137.87" route="routebottom" type="cfm_slow" waiting="0.00" lane="bottom_0" pos="41.69" speed="4.91" angle="19.47" x="126.74" y="46.78"/>
        <vehicle id="cfm_slow_2" eclass="HBEFA3/PC_G_EU4" CO2="25443.06" CO="557.86" HC="3.17" NOx="11.84" PMx="0.64" fuel="10.94" electricity="0.00" noise="137.87" route="routeright" type="cfm_slow" waiting="0.00" lane="right_0" pos="31.69" speed="4.91" angle="307.44" x="99.20" y="118.45"/>
        <vehicle id="cfm_slow_3" eclass="HBEFA3/PC_G_EU4" CO2="25443.06" CO="557.86" HC="3.17" NOx="11.84" PMx="0.64" fuel="10.94" electricity="0.00" noise="137.87" route="routetop" type="cfm_slow" waiting="0.00" lane="top_0" pos="21.69" speed="4.91" angle="235.44" x="22.53" y="114.38"/>
        <vehicle id="cfm_slow_4" eclass="HBEFA3/PC_G_EU4" CO2="25443.06" CO="557.86" HC="3.17" NOx="11.84" PMx="0.64" fuel="10.94" electricity="0.00" noise="137.87" route="routeleft" type="cfm_slow" waiting="0.00" lane="left_0" pos="11.69" speed="4.91" angle="163.43" x="2.72" y="40.21"/>
    </timestep>
    <timestep time="0.28">
        <vehicle id="cfm_slow_0" eclass="HBEFA3/PC_G_EU4" CO2="26295.45" CO="572.96" HC="3.26" NOx="12.24" PMx="0.66" fuel="11.30" electricity="0.00" noise="137.94" route="routebottom" type="cfm_slow" waiting="0.00" lane="bottom_0" pos="1.74" speed="5.09" angle="91.37" x="67.25" y="-1.54"/>
        <vehicle id="cfm_slow_1" eclass="HBEFA3/PC_G_EU4" CO2="26295.45" CO="572.96" HC="3.26" NOx="12.24" PMx="0.66" fuel="11.30" electricity="0.00" noise="137.94" route="routebottom" type="cfm_slow" waiting="0.00" lane="bottom_0" pos="41.74" speed="5.09" angle="19.38" x="126.77" y="46.88"/>
        <vehicle id="cfm_slow_2" eclass="HBEFA3/PC_G_EU4" CO2="26295.45" CO="572.96" HC="3.26" NOx="12.24" PMx="0.66" fuel="11.30" electricity="0.00" noise="137.94" route="routeright" type="cfm_slow" waiting="0.00" lane="right_0" pos="31.74" speed="5.09" angle="307.35" x="99.11" y="118.51"/>
        <vehicle id="cfm_slow_3" eclass="HBEFA3/PC_G_EU4" CO2="26295.45" CO="572.96" HC="3.26" NOx="12.24" PMx="0.66" fuel="11.30" electricity="0.00" noise="137.94" route="routetop" type="cfm_slow" waiting="0.00" lane="top_0" pos="21.74" speed="5.09" angle="235.37" x="22.45" y="114.32"/>
        <vehicle id="cfm_slow_4" eclass="HBEFA3/PC_G_EU4" CO2="26295.45" CO="572.96" HC="3.26" NOx="12.24" PMx="0.66" fuel="11.30" electricity="0.00" noise="137.94" route="routeleft" type="cfm_slow" waiting="0.00" lane="left_0" pos="11.74" speed="5.09" angle="163.34" x="2.76" y="40.11"/>
    </timestep>
    <timestep time="0.29">
        <vehicle id="cfm_slow_0" eclass="HBEFA3/PC_G_EU4" CO2="27148.36" CO="588.09" HC="3.35" NOx="12.63" PMx="0.68" fuel="11.67" electricity="0.00" noise="138.02" route="routebottom" type="cfm_slow" waiting="0.00" lane="bottom_0" pos="1.79" speed="5.27" angle="91.27" x="67.36" y="-1.53"/>
        <vehicle id="cfm_slow_1" eclass="HBEFA3/PC_G_EU4" CO2="27148.36" CO="588.09" HC="3.35" NOx="12.63" PMx="0.68" fuel="11.67" electricity="0.00" noise="138.02" route="routebottom" type="cfm_slow" waiting="0.00" lane="bottom_0" pos="41.79" speed="5.27" angle="19.28" x="126.79" y="46.99"/>
        <vehicle id="cfm_slow_2" eclass="HBEFA3/PC_G_EU4" CO2="27148.36" CO="588.09" HC="3.35" NOx="12.63" PMx="0.68" fuel="11.67" electricity="0.00" noise="138.02" route="routeright" type="cfm_slow" waiting="0.00" lane="right_0" pos="31.79" speed="5.27" angle="307.25" x="99.02" y="118.57"/>
        <vehicle id="cfm_slow_3" eclass="HBEFA3/PC_G_EU4" CO2="27148.36" CO="588.09" HC="3.35" NOx="12.63" PMx="0.68" fuel="11.67" electricity="0.00" noise="138.02" route="routetop" type="cfm_slow" waiting="0.00" lane="top_0" pos="21.79" speed="5.27" angle="235.29" x="22.36" y="114.25"/>
        <vehicle id="cfm_slow_4" eclass="HBEFA3/PC_G_EU4" CO2="27148.36" CO="588.09" HC="3.35" NOx="12.63" PMx="0.68" fuel="11.67" electricity="0.00" noise="138.02" route="routeleft" type="cfm_slow" waiting="0.00" lane="left_0" pos="11.79" speed="5.27" angle="163.25" x="2.80" y="40.01"/>
    </timestep>
    <timestep time="0.30">
        <vehicle id="cfm_slow_0" eclass="HBEFA3/PC_G_EU4" CO2="28001.79" CO="603.26" HC="3.44" NOx="13.03" PMx="0.70" fuel="12.04" electricity="0.00" noise="138.09" route="routebottom" type="cfm_slow" waiting="0.00" lane="bottom_0" pos="1.85" speed="5.45" angle="91.17" x="67.47" y="-1.53"/>
        <vehicle id="cfm_slow_1" eclass="HBEFA3/PC_G_EU4" CO2="28001.79" CO="603.26" HC="3.44" NOx="13.03" PMx="0.70" fuel="12.04" electricity="0.00" noise="138.09" route="routebottom" type="cfm_slow" waiting="0.00" lane="bottom_0" pos="41.85" speed="5.45" angle="19.17" x="126.82" y="47.09"/>
        <vehicle id="cfm_slow_2" eclass="HBEFA3/PC_G_EU4" CO2="28001.79" CO="603.26" HC="3.44" NOx="13.03" PMx="0.70" fuel="12.04" electricity="0.00" noise="138.09" route="routeright" type="cfm_slow" waiting="0.00" lane="right_0" pos="31.85" speed="5.45" angle="307.15" x="98.93" y="118.63"/>
        <vehicle id="cfm_slow_3" eclass="HBEFA3/PC_G_EU4" CO2="28001.79" CO="603.26" HC="3.44" NOx="13.03" PMx="0.70" fuel="12.04" electricity="0.00" noise="138.09" route="routetop" type="cfm_slow" waiting="0.00" lane="top_0" pos="21.85" speed="5.45" angle="235.19" x="22.28" y="114.18"/>
        <vehicle id="cfm_slow_4" eclass="HBEFA3/PC_G_EU4" CO2="28001.79" CO="603.26" HC="3.44" NOx="13.03" PMx="0.70" fuel="12.04" electricity="0.00" noise="138.09" route="routeleft" type="cfm_slow" waiting="0.00" lane="left_0" pos="11.85" speed="5.45" angle="163.15" x="2.84" y="39.90"/>
    </timestep>
    <timestep time="0.31">
        <vehicle id="cfm_slow_0" eclass="HBEFA3/PC_G_EU4" CO2="28855.74" CO="618.47" HC="3.53" NOx="13.43" PMx="0.72" fuel="12.40" electricity="0.00" noise="138.17" route="routebottom" type="cfm_slow" waiting="0.00" lane="bottom_0" pos="1.90" speed="5.64" angle="91.07" x="67.59" y="-1.52"/>
        <vehicle id="cfm_slow_1" eclass="HBEFA3/PC_G_EU4" CO2="28855.74" CO="618.47" HC="3.53" NOx="13.43" PMx="0.72" fuel="12.40" electricity="0.00" noise="138.17" route="routebottom" type="cfm_slow" waiting="0.00" lane="bottom_0" pos="41.90" speed="5.64" angle="19.07" x="126.85" y="47.21"/>
        <vehicle id="cfm_slow_2" eclass="HBEFA3/PC_G_EU4" CO2="28855.74" CO="618.47" HC="3.53" NOx="13.43" PMx="0.72" fuel="12.40" electricity="0.00" noise="138.17" route="routeright" type="cfm_slow" waiting="0.00" lane="right_0" pos="31.90" speed="5.64" angle="307.05" x="98.83" y="118.69"/>
        <vehicle id="cfm_slow_3" eclass="HBEFA3/PC_G_EU4" CO2="28855.74" CO="618.47" HC="3.53" NOx="13.43" PMx="0.72" fuel="12.40" electricity="0.00" noise="138.17" route="routetop" type="cfm_slow" waiting="0.00" lane="top_0" pos="21.90" speed="5.64" angle="235.08" x="22.19" y="114.10"/>
        <vehicle id="cfm_slow_4" eclass="HBEFA3/PC_G_EU4" CO2="28855.74" CO="618.47" HC="3.53" NOx="13.43" PMx="0.72" fuel="12.40" electricity="0.00" noise="138.17" route="routeleft" type="cfm_slow" waiting="0.00" lane="left_0" pos="11.90" speed="5.64" angle="163.05" x="2.88" y="39.80"/>
    </timestep>
    <timestep time="0.32">
        <vehicle id="cfm_slow_0" eclass="HBEFA3/PC_G_EU4" CO2="29710.20" CO="633.72" HC="3.62" NOx="13.83" PMx="0.75" fuel="12.77" electricity="0.00" noise="138.24" route="routebottom" type="cfm_slow" waiting="0.00" lane="bottom_0" pos="1.96" speed="5.82" angle="90.96" x="67.71" y="-1.51"/>
        <vehicle id="cfm_slow_1" eclass="HBEFA3/PC_G_EU4" CO2="29710.20" CO="633.72" HC="3.62" NOx="13.83" PMx="0.75" fuel="12.77" electricity="0.00" noise="138.24" route="routebottom" type="cfm_slow" waiting="0.00" lane="bottom_0" pos="41.96" speed="5.82" angle="18.96" x="126.88" y="47.32"/>
        <vehicle id="cfm_slow_2" eclass="HBEFA3/PC_G_EU4" CO2="29710.20" CO="633.72" HC="3.62" NOx="13.83" PMx="0.75" fuel="12.77" electricity="0.00" noise="138.24" route="routeright" type="cfm_slow" waiting="0.00" lane="right_0" pos="31.96" speed="5.82" angle="306.96" x="98.73" y="118.76"/>
        <vehicle id="cfm_slow_3" eclass="HBEFA3/PC_G_EU4" CO2="29710.20" CO="633.72" HC="3.62" NOx="13.83" PMx="0.75" fuel="12.77" electricity="0.00" noise="138.24" route="routetop" type="cfm_slow" waiting="0.00" lane="top_0" pos="21.96" speed="5.82" angle="234.97" x="22.10" y="114.03"/>
        <vehicle id="cfm_slow_4" eclass="HBEFA3/PC_G_EU4" CO2="29710.20" CO="633.72" HC="3.62" NOx="13.83" PMx="0.75" fuel="12.77" electricity="0.00" noise="138.24" route="routeleft" type="cfm_slow" waiting="0.00" lane="left_0" pos="11.96" speed="5.82" angle="162.94" x="2.93" y="39.69"/>
    </timestep>
    <timestep time="0.33">
        <vehicle id="cfm_slow_0" eclass="HBEFA3/PC_G_EU4" CO2="30565.19" CO="649.01" HC="3.71" NOx="14.23" PMx="0.77" fuel="13.14" electricity="0.00" noise="138.32" route="routebottom" type="cfm_slow" waiting="0.00" lane="bottom_0" pos="2.02" speed="6.00" angle="90.85" x="67.83" y="-1.51"/>
        <vehicle id="cfm_slow_1" eclass="HBEFA3/PC_G_EU4" CO2="30565.19" CO="649.01" HC="3.71" NOx="14.23" PMx="0.77" fuel="13.14" electricity="0.00" noise="138.32" route="routebottom" type="cfm_slow" waiting="0.00" lane="bottom_0" pos="42.02" speed="6.00" angle="18.85" x="126.91" y="47.44"/>
        <vehicle id="cfm_slow_2" eclass="HBEFA3/PC_G_EU4" CO2="30565.19" CO="649.01" HC="3.71" NOx="14.23" PMx="0.77" fuel="13.14" electricity="0.00" noise="138.32" route="routeright" type="cfm_slow" waiting="0.00" lane="right_0" pos="32.02" speed="6.00" angle="306.89" x="98.63" y="118.83"/>
        <vehicle id="cfm_slow_3" eclass="HBEFA3/PC_G_EU4" CO2="30565.19" CO="649.01" HC="3.71" NOx="14.23" PMx="0.77" fuel="13.14" electricity="0.00" noise="138.32" route="routetop" type="cfm_slow" waiting="0.00" lane="top_0" pos="22.02" speed="6.00" angle="234.86" x="22.00" y="113.95"/>
        <vehicle id="cfm_slow_4" eclass="HBEFA3/PC_G_EU4" CO2="30565.19" CO="649.01" HC="3.71" NOx="14.23" PMx="0.77" fuel="13.14" electricity="0.00" noise="138.32" route="routeleft" type="cfm_slow" waiting="0.00" lane="left_0" pos="12.02" speed="6.00" angle="162.83" x="2.97" y="39.57"/>
    </timestep>
    <timestep time="0.34">
        <vehicle id="cfm_slow_0" eclass="HBEFA3/PC_G_EU4" CO2="31420.69" CO="664.33" HC="3.80" NOx="14.62" PMx="0.79" fuel="13.51" electricity="0.00" noise="138.39" route="routebottom" type="cfm_slow" waiting="0.00" lane="bottom_0" pos="2.08" speed="6.18" angle="90.74" x="67.96" y="-1.50"/>
        <vehicle id="cfm_slow_1" eclass="HBEFA3/PC_G_EU4" CO2="31420.69" CO="664.33" HC="3.80" NOx="14.62" PMx="0.79" fuel="13.51" electricity="0.00" noise="138.39" route="routebottom" type="cfm_slow" waiting="0.00" lane="bottom_0" pos="42.08" speed="6.18" angle="18.73" x="126.95" y="47.56"/>
        <vehicle id="cfm_slow_2" eclass="HBEFA3/PC_G_EU4" CO2="31420.69" CO="664.33" HC="3.80" NOx="14.62" PMx="0.79" fuel="13.51" electricity="0.00" noise="138.39" route="routeright" type="cfm_slow" waiting="0.00" lane="right_0" pos="32.08" speed="6.18" angle="306.79" x="98.53" y="118.90"/>
        <vehicle id="cfm_slow_3" eclass="HBEFA3/PC_G_EU4" CO2="31420.69" CO="664.33" HC="3.80" NOx="14.62" PMx="0.79" fuel="13.51" electricity="0.00" noise="138.39" route="routetop" type="cfm_slow" waiting="0.00" lane="top_0" pos="22.08" speed="6.18" angle="234.74" x="21.91" y="113.87"/>
        <vehicle id="cfm_slow_4" eclass="HBEFA3/PC_G_EU4" CO2="31420.69" CO="664.33" HC="3.80" NOx="14.62" PMx="0.79" fuel="13.51" electricity="0.00" noise="138.39" route="routeleft" type="cfm_slow" waiting="0.00" lane="left_0" pos="12.08" speed="6.18" angle="162.72" x="3.02" y="39.45"/>
    </timestep>
    <timestep time="0.35">
        <vehicle id="cfm_slow_0" eclass="HBEFA3/PC_G_EU4" CO2="32276.71" CO="679.70" HC="3.89" NOx="15.02" PMx="0.81" fuel="13.87" electricity="0.00" noise="138.47" route="routebottom" type="cfm_slow" waiting="0.00" lane="bottom_0" pos="2.15" speed="6.36" angle="90.62" x="68.09" y="-1.49"/>
        <vehicle id="cfm_slow_1" eclass="HBEFA3/PC_G_EU4" CO2="32276.71" CO="679.70" HC="3.89" NOx="15.02" PMx="0.81" fuel="13.87" electricity="0.00" noise="138.47" route="routebottom" type="cfm_slow" waiting="0.00" lane="bottom_0" pos="42.15" speed="6.36" angle="18.61" x="126.98" y="47.69"/>
        <vehicle id="cfm_slow_2" eclass="HBEFA3/PC_G_EU4" CO2="32276.71" CO="679.70" HC="3.89" NOx="15.02" PMx="0.81" fuel="13.87" electricity="0.00" noise="138.47" route="routeright" type="cfm_slow" waiting="0.00" lane="right_0" pos="32.15" speed="6.36" angle="306.68" x="98.41" y="118.96"/>
        <vehicle id="cfm_slow_3" eclass="HBEFA3/PC_G_EU4" CO2="32276.71" CO="679.70" HC="3.89" NOx="15.02" PMx="0.81" fuel="13.87" electricity="0.00" noise="138.47" route="routetop" type="cfm_slow" waiting="0.00" lane="top_0" pos="22.15" speed="6.36" angle="234.63" x="21.81" y="113.78"/>
        <vehicle id="cfm_slow_4" eclass="HBEFA3/PC_G_EU4" CO2="32276.71" CO="679.70" HC="3.89" NOx="15.02" PMx="0.81" fuel="13.87" electricity="0.00" noise="138.47" route="routeleft" type="cfm_slow" waiting="0.00" lane="left_0" pos="12.15" speed="6.36" angle="162.61" x="3.07" y="39.33"/>
    </timestep>
    <timestep time="0.36">
        <vehicle id="cfm_slow_0" eclass="HBEFA3/PC_G_EU4" CO2="33133.25" CO="695.10" HC="3.98" NOx="15.42" PMx="0.83" fuel="14.24" electricity="0.00" noise="138.55" route="routebottom" type="cfm_slow" waiting="0.00" lane="bottom_0" pos="2.21" speed="6.55" angle="90.51" x="68.22" y="-1.48"/>
        <vehicle id="cfm_slow_1" eclass="HBEFA3/PC_G_EU4" CO2="33133.25" CO="695.10" HC="3.98" NOx="15.42" PMx="0.83" fuel="14.24" electricity="0.00" noise="138.55" route="routebottom" type="cfm_slow" waiting="0.00" lane="bottom_0" pos="42.21" speed="6.55" angle="18.50" x="127.01" y="47.82"/>
        <vehicle id="cfm_slow_2" eclass="HBEFA3/PC_G_EU4" CO2="33133.25" CO="695.10" HC="3.98" NOx="15.42" PMx="0.83" fuel="14.24" electricity="0.00" noise="138.55" route="routeright" type="cfm_slow" waiting="0.00" lane="right_0" pos="32.21" speed="6.55" angle="306.56" x="98.30" y="119.03"/>
        <vehicle id="cfm_slow_3" eclass="HBEFA3/PC_G_EU4" CO2="33133.25" CO="695.10" HC="3.98" NOx="15.42" PMx="0.83" fuel="14.24" electricity="0.00" noise="138.55" route="routetop" type="cfm_slow" waiting="0.00" lane="top_0" pos="22.21" speed="6.55" angle="234.50" x="21.70" y="113.69"/>
        <vehicle id="cfm_slow_4" eclass="HBEFA3/PC_G_EU4" CO2="33133.25" CO="695.10" HC="3.98" NOx="15.42" PMx="0.83" fuel="14.24" electricity="0.00" noise="138.55" route="routeleft" type="cfm_slow" waiting="0.00" lane="left_0" pos="12.21" speed="6.55" angle="162.49" x="3.12" y="39.21"/>
    </timestep>
    <timestep time="0.37">
        <vehicle id="cfm_slow_0" eclass="HBEFA3/PC_G_EU4" CO2="33990.32" CO="710.54" HC="4.07" NOx="15.82" PMx="0.85" fuel="14.61" electricity="0.00" noise="138.62" route="routebottom" type="cfm_slow" waiting="0.00" lane="bottom_0" pos="2.28" speed="6.73" angle="90.38" x="68.36" y="-1.47"/>
        <vehicle id="cfm_slow_1" eclass="HBEFA3/PC_G_EU4" CO2="33990.32" CO="710.54" HC="4.07" NOx="15.82" PMx="0.85" fuel="14.61" electricity="0.00" noise="138.62" route="routebottom" type="cfm_slow" waiting="0.00" lane="bottom_0" pos="42.28" speed="6.73" angle="18.41" x="127.05" y="47.95"/>
        <vehicle id="cfm_slow_2" eclass="HBEFA3/PC_G_EU4" CO2="33990.32" CO="710.54" HC="4.07" NOx="15.82" PMx="0.85" fuel="14.61" electricity="0.00" noise="138.62" route="routeright" type="cfm_slow" waiting="0.00" lane="right_0" pos="32.28" speed="6.73" angle="306.43" x="98.18" y="119.10"/>
        <vehicle id="cfm_slow_3" eclass="HBEFA3/PC_G_EU4" CO2="33990.32" CO="710.54" HC="4.07" NOx="15.82" PMx="0.85" fuel="14.61" electricity="0.00" noise="138.62" route="routetop" type="cfm_slow" waiting="0.00" lane="top_0" pos="22.28" speed="6.73" angle="234.38" x="21.60" y="113.61"/>
        <vehicle id="cfm_slow_4" eclass="HBEFA3/PC_G_EU4" CO2="33990.32" CO="710.54" HC="4.07" NOx="15.82" PMx="0.85" fuel="14.61" electricity="0.00" noise="138.62" route="routeleft" type="cfm_slow" waiting="0.00" lane="left_0" pos="12.28" speed="6.73" angle="162.37" x="3.17" y="39.08"/>
    </timestep>
    <timestep time="0.38">
        <vehicle id="cfm_slow_0" eclass="HBEFA3/PC_G_EU4" CO2="34847.90" CO="726.02" HC="4.17" NOx="16.22" PMx="0.88" fuel="14.98" electricity="0.00" noise="138.70" route="routebottom" type="cfm_slow" waiting="0.00" lane="bottom_0" pos="2.35" speed="6.91" angle="90.26" x="68.50" y="-1.47"/>
        <vehicle id="cfm_slow_1" eclass="HBEFA3/PC_G_EU4" CO2="34847.90" CO="726.02" HC="4.17" NOx="16.22" PMx="0.88" fuel="14.98" electricity="0.00" noise="138.70" route="routebottom" type="cfm_slow" waiting="0.00" lane="bottom_0" pos="42.35" speed="6.91" angle="18.30" x="127.08" y="48.09"/>
        <vehicle id="cfm_slow_2" eclass="HBEFA3/PC_G_EU4" CO2="34847.90" CO="726.02" HC="4.17" NOx="16.22" PMx="0.88" fuel="14.98" electricity="0.00" noise="138.70" route="routeright" type="cfm_slow" waiting="0.00" lane="right_0" pos="32.35" speed="6.91" angle="306.31" x="98.06" y="119.18"/>
        <vehicle id="cfm_slow_3" eclass="HBEFA3/PC_G_EU4" CO2="34847.90" CO="726.02" HC="4.17" NOx="16.22" PMx="0.88" fuel="14.98" electricity="0.00" noise="138.70" route="routetop" type="cfm_slow" waiting="0.00" lane="top_0" pos="22.35" speed="6.91" angle="234.25" x="21.49" y="113.51"/>
        <vehicle id="cfm_slow_4" eclass="HBEFA3/PC_G_EU4" CO2="34847.90" CO="726.02" HC="4.17" NOx="16.22" PMx="0.88" fuel="14.98" electricity="0.00" noise="138.70" route="routeleft" type="cfm_slow" waiting="0.00" lane="left_0" pos="12.35" speed="6.91" angle="162.25" x="3.22" y="38.95"/>
    </timestep>
    <timestep time="0.39">
        <vehicle id="cfm_slow_0" eclass="HBEFA3/PC_G_EU4" CO2="35705.99" CO="741.53" HC="4.26" NOx="16.62" PMx="0.90" fuel="15.35" electricity="0.00" noise="138.78" route="routebottom" type="cfm_slow" waiting="0.00" lane="bottom_0" pos="2.42" speed="7.09" angle="90.13" x="68.64" y="-1.46"/>
        <vehicle id="cfm_slow_1" eclass="HBEFA3/PC_G_EU4" CO2="35705.99" CO="741.53" HC="4.26" NOx="16.62" PMx="0.90" fuel="15.35" electricity="0.00" noise="138.78" route="routebottom" type="cfm_slow" waiting="0.00" lane="bottom_0" pos="42.42" speed="7.09" angle="18.18" x="127.12" y="48.23"/>
        <vehicle id="cfm_slow_2" eclass="HBEFA3/PC_G_EU4" CO2="35705.99" CO="741.53" HC="4.26" NOx="16.62" PMx="0.90" fuel="15.35" electricity="0.00" noise="138.78" route="routeright" type="cfm_slow" waiting="0.00" lane="right_0" pos="32.42" speed="7.09" angle="306.18" x="97.93" y="119.25"/>
        <vehicle id="cfm_slow_3" eclass="HBEFA3/PC_G_EU4" CO2="35705.99" CO="741.53" HC="4.26" NOx="16.62" PMx="0.90" fuel="15.35" electricity="0.00" noise="138.78" route="routetop" type="cfm_slow" waiting="0.00" lane="top_0" pos="22.42" speed="7.09" angle="234.11" x="21.38" y="113.42"/>
        <vehicle id="cfm_slow_4" eclass="HBEFA3/PC_G_EU4" CO2="35705.99" CO="741.53" HC="4.26" NOx="16.62" PMx="0.90" fuel="15.35" electricity="0.00" noise="138.78" route="routeleft" type="cfm_slow" waiting="0.00" lane="left_0" pos="12.42" speed="7.09" angle="162.12" x="3.27" y="38.81"/>
    </timestep>
    <timestep time="0.40">
        <vehicle id="cfm_slow_0" eclass="HBEFA3/PC_G_EU4" CO2="36564.61" CO="757.09" HC="4.35" NOx="17.02" PMx="0.92" fuel="15.72" electricity="0.00" noise="138.86" route="routebottom" type="cfm_slow" waiting="0.00" lane="bottom_0" pos="2.49" speed="7.27" angle="90.01" x="68.79" y="-1.45"/>
        <vehicle id="cfm_slow_1" eclass="HBEFA3/PC_G_EU4" CO2="36564.61" CO="757.09" HC="4.35" NOx="17.02" PMx="0.92" fuel="15.72" electricity="0.00" noise="138.86" route="routebottom" type="cfm_slow" waiting="0.00" lane="bottom_0" pos="42.49" speed="7.27" angle="18.05" x="127.15" y="48.38"/>
        <vehicle id="cfm_slow_2" eclass="HBEFA3/PC_G_EU4" CO2="36564.61" CO="757.09" HC="4.35" NOx="17.02" PMx="0.92" fuel="15.72" electricity="0.00" noise="138.86" route="routeright" type="cfm_slow" waiting="0.00" lane="right_0" pos="32.49" speed="7.27" angle="306.05" x="97.81" y="119.33"/>
        <vehicle id="cfm_slow_3" eclass="HBEFA3/PC_G_EU4" CO2="36564.61" CO="757.09" HC="4.35" NOx="17.02" PMx="0.92" fuel="15.72" electricity="0.00" noise="138.86" route="routetop" type="cfm_slow" waiting="0.00" lane="top_0" pos="22.49" speed="7.27" angle="233.98" x="21.26" y="113.32"/>
        <vehicle id="cfm_slow_4" eclass="HBEFA3/PC_G_EU4" CO2="36564.61" CO="757.09" HC="4.35" NOx="17.02" PMx="0.92" fuel="15.72" electricity="0.00" noise="138.86" route="routeleft" type="cfm_slow" waiting="0.00" lane="left_0" pos="12.49" speed="7.27" angle="161.99" x="3.33" y="38.67"/>
    </timestep>
    <timestep time="0.41">
        <vehicle id="cfm_slow_0" eclass="HBEFA3/PC_G_EU4" CO2="37423.75" CO="772.68" HC="4.44" NOx="17.42" PMx="0.94" fuel="16.09" electricity="0.00" noise="138.93" route="routebottom" type="cfm_slow" waiting="0.00" lane="bottom_0" pos="2.57" speed="7.45" angle="89.90" x="68.94" y="-1.44"/>
        <vehicle id="cfm_slow_1" eclass="HBEFA3/PC_G_EU4" CO2="37423.75" CO="772.68" HC="4.44" NOx="17.42" PMx="0.94" fuel="16.09" electricity="0.00" noise="138.93" route="routebottom" type="cfm_slow" waiting="0.00" lane="bottom_0" pos="42.57" speed="7.45" angle="17.92" x="127.18" y="48.53"/>
        <vehicle id="cfm_slow_2" eclass="HBEFA3/PC_G_EU4" CO2="37423.75" CO="772.68" HC="4.44" NOx="17.42" PMx="0.94" fuel="16.09" electricity="0.00" noise="138.93" route="routeright" type="cfm_slow" waiting="0.00" lane="right_0" pos="32.57" speed="7.45" angle="305.91" x="97.67" y="119.41"/>
        <vehicle id="cfm_slow_3" eclass="HBEFA3/PC_G_EU4" CO2="37423.75" CO="772.68" HC="4.44" NOx="17.42" PMx="0.94" fuel="16.09" electricity="0.00" noise="138.93" route="routetop" type="cfm_slow" waiting="0.00" lane="top_0" pos="22.57" speed="7.45" angle="233.84" x="21.15" y="113.22"/>
        <vehicle id="cfm_slow_4" eclass="HBEFA3/PC_G_EU4" CO2="37423.75" CO="772.68" HC="4.44" NOx="17.42" PMx="0.94" fuel="16.09" electricity="0.00" noise="138.93" route="routeleft" type="cfm_slow" waiting="0.00" lane="left_0" pos="12.57" speed="7.45" angle="161.86" x="3.39" y="38.53"/>
    </timestep>
    <timestep time="0.42">
        <vehicle id="cfm_slow_0" eclass="HBEFA3/PC_G_EU4" CO2="38283.40" CO="788.31" HC="4.53" NOx="17.82" PMx="0.96" fuel="16.46" electricity="0.00" noise="139.01" route="routebottom" type="cfm_slow" waiting="0.00" lane="bottom_0" pos="2.64" speed="7.64" angle="89.76" x="69.10" y="-1.42"/>
        <vehicle id="cfm_slow_1" eclass="HBEFA3/PC_G_EU4" CO2="38283.40" CO="788.31" HC="4.53" NOx="17.82" PMx="0.96" fuel="16.46" electricity="0.00" noise="139.01" route="routebottom" type="cfm_slow" waiting="0.00" lane="bottom_0" pos="42.64" speed="7.64" angle="17.79" x="127.22" y="48.68"/>
        <vehicle id="cfm_slow_2" eclass="HBEFA3/PC_G_EU4" CO2="38283.40" CO="788.31" HC="4.53" NOx="17.82" PMx="0.96" fuel="16.46" electricity="0.00" noise="139.01" route="routeright" type="cfm_slow" waiting="0.00" lane="right_0" pos="32.64" speed="7.64" angle="305.77" x="97.54" y="119.49"/>
        <vehicle id="cfm_slow_3" eclass="HBEFA3/PC_G_EU4" CO2="38283.40" CO="788.31" HC="4.53" NOx="17.82" PMx="0.96" fuel="16.46" electricity="0.00" noise="139.01" route="routetop" type="cfm_slow" waiting="0.00" lane="top_0" pos="22.64" speed="7.64" angle="233.69" x="21.03" y="113.12"/>
        <vehicle id="cfm_slow_4" eclass="HBEFA3/PC_G_EU4" CO2="38283.40" CO="788.31" HC="4.53" NOx="17.82" PMx="0.96" fuel="16.46" electricity="0.00" noise="139.01" route="routeleft" type="cfm_slow" waiting="0.00" lane="left_0" pos="12.64" speed="7.64" angle="161.72" x="3.44" y="38.39"/>
    </timestep>
    <timestep time="0.43">
        <vehicle id="cfm_slow_0" eclass="HBEFA3/PC_G_EU4" CO2="39143.58" CO="803.98" HC="4.63" NOx="18.23" PMx="0.99" fuel="16.83" electricity="0.00" noise="139.09" route="routebottom" type="cfm_slow" waiting="0.00" lane="bottom_0" pos="2.72" speed="7.82" angle="89.62" x="69.26" y="-1.41"/>
        <vehicle id="cfm_slow_1" eclass="HBEFA3/PC_G_EU4" CO2="39143.58" CO="803.98" HC="4.63" NOx="18.23" PMx="0.99" fuel="16.83" electricity="0.00" noise="139.09" route="routebottom" type="cfm_slow" waiting="0.00" lane="bottom_0" pos="42.72" speed="7.82" angle="17.65" x="127.25" y="48.84"/>
        <vehicle id="cfm_slow_2" eclass="HBEFA3/PC_G_EU4" CO2="39143.58" CO="803.98" HC="4.63" NOx="18.23" PMx="0.99" fuel="16.83" electricity="0.00" noise="139.09" route="routeright" type="cfm_slow" waiting="0.00" lane="right_0" pos="32.72" speed="7.82" angle="305.63" x="97.40" y="119.57"/>
        <vehicle id="cfm_slow_3" eclass="HBEFA3/PC_G_EU4" CO2="39143.58" CO="803.98" HC="4.63" NOx="18.23" PMx="0.99" fuel="16.83" electricity="0.00" noise="139.09" route="routetop" type="cfm_slow" waiting="0.00" lane="top_0" pos="22.72" speed="7.82" angle="233.55" x="20.91" y="113.02"/>
        <vehicle id="cfm_slow_4" eclass="HBEFA3/PC_G_EU4" CO2="39143.58" CO="803.98" HC="4.63" NOx="18.23" PMx="0.99" fuel="16.83" electricity="0.00" noise="139.09" route="routeleft" type="cfm_slow" waiting="0.00" lane="left_0" pos="12.72" speed="7.82" angle="161.60" x="3.50" y="38.24"/>
    </timestep>
    <timestep time="0.44">
        <vehicle id="cfm_slow_0" eclass="HBEFA3/PC_G_EU4" CO2="40004.27" CO="819.69" HC="4.72" NOx="18.63" PMx="1.01" fuel="17.20" electricity="0.00" noise="139.17" route="routebottom" type="cfm_slow" waiting="0.00" lane="bottom_0" pos="2.80" speed="8.00" angle="89.48" x="69.42" y="-1.39"/>
        <vehicle id="cfm_slow_1" eclass="HBEFA3/PC_G_EU4" CO2="40004.27" CO="819.69" HC="4.72" NOx="18.63" PMx="1.01" fuel="17.20" electricity="0.00" noise="139.17" route="routebottom" type="cfm_slow" waiting="0.00" lane="bottom_0" pos="42.80" speed="8.00" angle="17.51" x="127.29" y="49.00"/>
        <vehicle id="cfm_slow_2" eclass="HBEFA3/PC_G_EU4" CO2="40004.27" CO="819.69" HC="4.72" NOx="18.63" PMx="1.01" fuel="17.20" electricity="0.00" noise="139.17" route="routeright" type="cfm_slow" waiting="0.00" lane="right_0" pos="32.80" speed="8.00" angle="305.48" x="97.26" y="119.65"/>
        <vehicle id="cfm_slow_3" eclass="HBEFA3/PC_G_EU4" CO2="40004.27" CO="819.69" HC="4.72" NOx="18.63" PMx="1.01" fuel="17.20" electricity="0.00" noise="139.17" route="routetop" type="cfm_slow" waiting="0.00" lane="top_0" pos="22.80" speed="8.00" angle="233.40" x="20.78" y="112.91"/>
        <vehicle id="cfm_slow_4" eclass="HBEFA3/PC_G_EU4" CO2="40004.27" CO="819.69" HC="4.72" NOx="18.63" PMx="1.01" fuel="17.20" electricity="0.00" noise="139.17" route="routeleft" type="cfm_slow" waiting="0.00" lane="left_0" pos="12.80" speed="8.00" angle="161.49" x="3.56" y="38.09"/>
    </timestep>
    <timestep time="0.45">
        <vehicle id="cfm_slow_0" eclass="HBEFA3/PC_G_EU4" CO2="40865.49" CO="835.44" HC="4.81" NOx="19.03" PMx="1.03" fuel="17.57" electricity="0.00" noise="139.25" route="routebottom" type="cfm_slow" waiting="0.00" lane="bottom_0" pos="2.88" speed="8.18" angle="89.33" x="69.59" y="-1.37"/>
        <vehicle id="cfm_slow_1" eclass="HBEFA3/PC_G_EU4" CO2="40865.49" CO="835.44" HC="4.81" NOx="19.03" PMx="1.03" fuel="17.57" electricity="0.00" noise="139.25" route="routebottom" type="cfm_slow" waiting="0.00" lane="bottom_0" pos="42.88" speed="8.18" angle="17.36" x="127.33" y="49.16"/>
        <vehicle id="cfm_slow_2" eclass="HBEFA3/PC_G_EU4" CO2="40865.49" CO="835.44" HC="4.81" NOx="19.03" PMx="1.03" fuel="17.57" electricity="0.00" noise="139.25" route="routeright" type="cfm_slow" waiting="0.00" lane="right_0" pos="32.88" speed="8.18" angle="305.33" x="97.12" y="119.74"/>
        <vehicle id="cfm_slow_3" eclass="HBEFA3/PC_G_EU4" CO2="40865.49" CO="835.44" HC="4.81" NOx="19.03" PMx="1.03" fuel="17.57" electricity="0.00" noise="139.25" route="routetop" type="cfm_slow" waiting="0.00" lane="top_0" pos="22.88" speed="8.18" angle="233.25" x="20.65" y="112.81"/>
        <vehicle id="cfm_slow_4" eclass="HBEFA3/PC_G_EU4" CO2="40865.49" CO="835.44" HC="4.81" NOx="19.03" PMx="1.03" fuel="17.57" electricity="0.00" noise="139.25" route="routeleft" type="cfm_slow" waiting="0.00" lane="left_0" pos="12.88" speed="8.18" angle="161.34" x="3.63" y="37.93"/>
    </timestep>
    <timestep time="0.46">
        <vehicle id="cfm_slow_0" eclass="HBEFA3/PC_G_EU4" CO2="41727.22" CO="851.22" HC="4.91" NOx="19.43" PMx="1.05" fuel="17.94" electricity="0.00" noise="139.32" route="routebottom" type="cfm_slow" waiting="0.00" lane="bottom_0" pos="2.97" speed="8.36" angle="89.17" x="69.76" y="-1.36"/>
        <vehicle id="cfm_slow_1" eclass="HBEFA3/PC_G_EU4" CO2="41727.22" CO="851.22" HC="4.91" NOx="19.43" PMx="1.05" fuel="17.94" electricity="0.00" noise="139.32" route="routebottom" type="cfm_slow" waiting="0.00" lane="bottom_0" pos="42.97" speed="8.36" angle="17.22" x="127.37" y="49.33"/>
        <vehicle id="cfm_slow_2" eclass="HBEFA3/PC_G_EU4" CO2="41727.22" CO="851.22" HC="4.91" NOx="19.43" PMx="1.05" fuel="17.94" electricity="0.00" noise="139.32" route="routeright" type="cfm_slow" waiting="0.00" lane="right_0" pos="32.97" speed="8.36" angle="305.18" x="96.97" y="119.83"/>
        <vehicle id="cfm_slow_3" eclass="HBEFA3/PC_G_EU4" CO2="41727.22" CO="851.22" HC="4.91" NOx="19.43" PMx="1.05" fuel="17.94" electricity="0.00" noise="139.32" route="routetop" type="cfm_slow" waiting="0.00" lane="top_0" pos="22.97" speed="8.36" angle="233.10" x="20.52" y="112.70"/>
        <vehicle id="cfm_slow_4" eclass="HBEFA3/PC_G_EU4" CO2="41727.22" CO="851.22" HC="4.91" NOx="19.43" PMx="1.05" fuel="17.94" electricity="0.00" noise="139.32" route="routeleft" type="cfm_slow" waiting="0.00" lane="left_0" pos="12.97" speed="8.36" angle="161.19" x="3.70" y="37.78"/>
    </timestep>
    <timestep time="0.47">
        <vehicle id="cfm_slow_0" eclass="HBEFA3/PC_G_EU4" CO2="42589.47" CO="867.04" HC="5.00" NOx="19.83" PMx="1.07" fuel="18.31" electricity="0.00" noise="139.40" route="routebottom" type="cfm_slow" waiting="0.00" lane="bottom_0" pos="3.05" speed="8.55" angle="89.02" x="69.94" y="-1.34"/>
        <vehicle id="cfm_slow_1" eclass="HBEFA3/PC_G_EU4" CO2="42589.47" CO="867.04" HC="5.00" NOx="19.83" PMx="1.07" fuel="18.31" electricity="0.00" noise="139.40" route="routebottom" type="cfm_slow" waiting="0.00" lane="bottom_0" pos="43.05" speed="8.55" angle="17.07" x="127.41" y="49.50"/>
        <vehicle id="cfm_slow_2" eclass="HBEFA3/PC_G_EU4" CO2="42589.47" CO="867.04" HC="5.00" NOx="19.83" PMx="1.07" fuel="18.31" electricity="0.00" noise="139.40" route="routeright" type="cfm_slow" waiting="0.00" lane="right_0" pos="33.05" speed="8.55" angle="305.03" x="96.82" y="119.92"/>
        <vehicle id="cfm_slow_3" eclass="HBEFA3/PC_G_EU4" CO2="42589.47" CO="867.04" HC="5.00" NOx="19.83" PMx="1.07" fuel="18.31" electricity="0.00" noise="139.40" route="routetop" type="cfm_slow" waiting="0.00" lane="top_0" pos="23.05" speed="8.55" angle="232.99" x="20.39" y="112.58"/>
        <vehicle id="cfm_slow_4" eclass="HBEFA3/PC_G_EU4" CO2="42589.47" CO="867.04" HC="5.00" NOx="19.83" PMx="1.07" fuel="18.31" electricity="0.00" noise="139.40" route="routeleft" type="cfm_slow" waiting="0.00" lane="left_0" pos="13.05" speed="8.55" angle="161.03" x="3.77" y="37.62"/>
    </timestep>
    <timestep time="0.48">
        <vehicle id="cfm_slow_0" eclass="HBEFA3/PC_G_EU4" CO2="43452.24" CO="882.91" HC="5.09" NOx="20.24" PMx="1.10" fuel="18.68" electricity="0.00" noise="139.48" route="routebottom" type="cfm_slow" waiting="0.00" lane="bottom_0" pos="3.14" speed="8.73" angle="88.86" x="70.11" y="-1.32"/>
        <vehicle id="cfm_slow_1" eclass="HBEFA3/PC_G_EU4" CO2="43452.24" CO="882.91" HC="5.09" NOx="20.24" PMx="1.10" fuel="18.68" electricity="0.00" noise="139.48" route="routebottom" type="cfm_slow" waiting="0.00" lane="bottom_0" pos="43.14" speed="8.73" angle="16.92" x="127.45" y="49.67"/>
        <vehicle id="cfm_slow_2" eclass="HBEFA3/PC_G_EU4" CO2="43452.24" CO="882.91" HC="5.09" NOx="20.24" PMx="1.10" fuel="18.68" electricity="0.00" noise="139.48" route="routeright" type="cfm_slow" waiting="0.00" lane="right_0" pos="33.14" speed="8.73" angle="304.87" x="96.67" y="120.01"/>
        <vehicle id="cfm_slow_3" eclass="HBEFA3/PC_G_EU4" CO2="43452.24" CO="882.91" HC="5.09" NOx="20.24" PMx="1.10" fuel="18.68" electricity="0.00" noise="139.48" route="routetop" type="cfm_slow" waiting="0.00" lane="top_0" pos="23.14" speed="8.73" angle="232.84" x="20.26" y="112.46"/>
        <vehicle id="cfm_slow_4" eclass="HBEFA3/PC_G_EU4" CO2="43452.24" CO="882.91" HC="5.09" NOx="20.24" PMx="1.10" fuel="18.68" electricity="0.00" noise="139.48" route="routeleft" type="cfm_slow" waiting="0.00" lane="left_0" pos="13.14" speed="8.73" angle="160.87" x="3.85" y="37.45"/>
    </timestep>
    <timestep time="0.49">
        <vehicle id="cfm_slow_0" eclass="HBEFA3/PC_G_EU4" CO2="44315.53" CO="898.81" HC="5.19" NOx="20.64" PMx="1.12" fuel="19.05" electricity="0.00" noise="139.56" route="routebottom" type="cfm_slow" waiting="0.00" lane="bottom_0" pos="3.23" speed="8.91" angle="88.70" x="70.30" y="-1.30"/>
        <vehicle id="cfm_slow_1" eclass="HBEFA3/PC_G_EU4" CO2="44315.53" CO="898.81" HC="5.19" NOx="20.64" PMx="1.12" fuel="19.05" electricity="0.00" noise="139.56" route="routebottom" type="cfm_slow" waiting="0.00" lane="bottom_0" pos="43.23" speed="8.91" angle="16.76" x="127.49" y="49.85"/>
        <vehicle id="cfm_slow_2" eclass="HBEFA3/PC_G_EU4" CO2="44315.53" CO="898.81" HC="5.19" NOx="20.64" PMx="1.12" fuel="19.05" electricity="0.00" noise="139.56" route="routeright" type="cfm_slow" waiting="0.00" lane="right_0" pos="33.23" speed="8.91" angle="304.71" x="96.51" y="120.11"/>
        <vehicle id="cfm_slow_3" eclass="HBEFA3/PC_G_EU4" CO2="44315.53" CO="898.81" HC="5.19" NOx="20.64" PMx="1.12" fuel="19.05" electricity="0.00" noise="139.56" route="routetop" type="cfm_slow" waiting="0.00" lane="top_0" pos="23.23" speed="8.91" angle="232.68" x="20.12" y="112.34"/>
        <vehicle id="cfm_slow_4" eclass="HBEFA3/PC_G_EU4" CO2="44315.53" CO="898.81" HC="5.19" NOx="20.64" PMx="1.12" fuel="19.05" electricity="0.00" noise="139.56" route="routeleft" type="cfm_slow" waiting="0.00" lane="left_0" pos="13.23" speed="8.91" angle="160.71" x="3.92" y="37.29"/>
    </timestep>
    <timestep time="0.50">
        <vehicle id="cfm_slow_0" eclass="HBEFA3/PC_G_EU4" CO2="45179.34" CO="914.74" HC="5.28" NOx="21.04" PMx="1.14" fuel="19.42" electricity="0.00" noise="139.64" route="routebottom" type="cfm_slow" waiting="0.00" lane="bottom_0" pos="3.32" speed="9.09" angle="88.53" x="70.48" y="-1.28"/>
        <vehicle id="cfm_slow_1" eclass="HBEFA3/PC_G_EU4" CO2="45179.34" CO="914.74" HC="5.28" NOx="21.04" PMx="1.14" fuel="19.42" electricity="0.00" noise="139.64" route="routebottom" type="cfm_slow" waiting="0.00" lane="bottom_0" pos="43.32" speed="9.09" angle="16.60" x="127.53" y="50.03"/>
        <vehicle id="cfm_slow_2" eclass="HBEFA3/PC_G_EU4" CO2="45179.34" CO="914.74" HC="5.28" NOx="21.04" PMx="1.14" fuel="19.42" electricity="0.00" noise="139.64" route="routeright" type="cfm_slow" waiting="0.00" lane="right_0" pos="33.32" speed="9.09" angle="304.58" x="96.35" y="120.20"/>
        <vehicle id="cfm_slow_3" eclass="HBEFA3/PC_G_EU4" CO2="45179.34" CO="914.74" HC="5.28" NOx="21.04" PMx="1.14" fuel="19.42" electricity="0.00" noise="139.64" route="routetop" type="cfm_slow" waiting="0.00" lane="top_0" pos="23.32" speed="9.09" angle="232.51" x="19.98" y="112.21"/>
        <vehicle id="cfm_slow_4" eclass="HBEFA3/PC_G_EU4" CO2="45179.34" CO="914.74" HC="5.28" NOx="21.04" PMx="1.14" fuel="19.42" electricity="0.00" noise="139.64" route="routeleft" type="cfm_slow" waiting="0.00" lane="left_0" pos="13.32" speed="9.09" angle="160.55" x="4.00" y="37.12"/>
    </timestep>
    <timestep time="0.51">
        <vehicle id="cfm_slow_0" eclass="HBEFA3/PC_G_EU4" CO2="46043.66" CO="930.72" HC="5.38" NOx="21.44" PMx="1.16" fuel="19.79" electricity="0.00" noise="139.72" route="routebottom" type="cfm_slow" waiting="0.00" lane="bottom_0" pos="3.41" speed="9.27" angle="88.36" x="70.67" y="-1.27"/>
        <vehicle id="cfm_slow_1" eclass="HBEFA3/PC_G_EU4" CO2="46043.66" CO="930.72" HC="5.38" NOx="21.44" PMx="1.16" fuel="19.79" electricity="0.00" noise="139.72" route="routebottom" type="cfm_slow" waiting="0.00" lane="bottom_0" pos="43.41" speed="9.27" angle="16.44" x="127.57" y="50.22"/>
        <vehicle id="cfm_slow_2" eclass="HBEFA3/PC_G_EU4" CO2="46043.66" CO="930.72" HC="5.38" NOx="21.44" PMx="1.16" fuel="19.79" electricity="0.00" noise="139.72" route="routeright" type="cfm_slow" waiting="0.00" lane="right_0" pos="33.41" speed="9.27" angle="304.42" x="96.19" y="120.29"/>
        <vehicle id="cfm_slow_3" eclass="HBEFA3/PC_G_EU4" CO2="46043.66" CO="930.72" HC="5.38" NOx="21.44" PMx="1.16" fuel="19.79" electricity="0.00" noise="139.72" route="routetop" type="cfm_slow" waiting="0.00" lane="top_0" pos="23.41" speed="9.27" angle="232.34" x="19.85" y="112.08"/>
        <vehicle id="cfm_slow_4" eclass="HBEFA3/PC_G_EU4" CO2="46043.66" CO="930.72" HC="5.38" NOx="21.44" PMx="1.16" fuel="19.79" electricity="0.00" noise="139.72" route="routeleft" type="cfm_slow" waiting="0.00" lane="left_0" pos="13.41" speed="9.27" angle="160.38" x="4.08" y="36.94"/>
    </timestep>
    <timestep time="0.52">
        <vehicle id="cfm_slow_0" eclass="HBEFA3/PC_G_EU4" CO2="46908.51" CO="946.73" HC="5.47" NOx="21.85" PMx="1.18" fuel="20.16" electricity="0.00" noise="139.80" route="routebottom" type="cfm_slow" waiting="0.00" lane="bottom_0" pos="3.51" speed="9.45" angle="88.19" x="70.86" y="-1.25"/>
        <vehicle id="cfm_slow_1" eclass="HBEFA3/PC_G_EU4" CO2="46908.51" CO="946.73" HC="5.47" NOx="21.85" PMx="1.18" fuel="20.16" electricity="0.00" noise="139.80" route="routebottom" type="cfm_slow" waiting="0.00" lane="bottom_0" pos="43.51" speed="9.45" angle="16.28" x="127.62" y="50.41"/>
        <vehicle id="cfm_slow_2" eclass="HBEFA3/PC_G_EU4" CO2="46908.51" CO="946.73" HC="5.47" NOx="21.85" PMx="1.18" fuel="20.16" electricity="0.00" noise="139.80" route="routeright" type="cfm_slow" waiting="0.00" lane="right_0" pos="33.51" speed="9.45" angle="304.25" x="96.02" y="120.39"/>
        <vehicle id="cfm_slow_3" eclass="HBEFA3/PC_G_EU4" CO2="46908.51" CO="946.73" HC="5.47" NOx="21.85" PMx="1.18" fuel="20.16" electricity="0.00" noise="139.80" route="routetop" type="cfm_slow" waiting="0.00" lane="top_0" pos="23.51" speed="9.45" angle="232.17" x="19.70" y="111.95"/>
        <vehicle id="cfm_slow_4" eclass="HBEFA3/PC_G_EU4" CO2="46908.51" CO="946.73" HC="5.47" NOx="21.85" PMx="1.18" fuel="20.16" electricity="0.00" noise="139.80" route="routeleft" type="cfm_slow" waiting="0.00" lane="left_0" pos="13.51" speed="9.45" angle="160.20" x="4.15" y="36.77"/>
    </timestep>
    <timestep time="0.53">
        <vehicle id="cfm_slow_0" eclass="HBEFA3/PC_G_EU4" CO2="47773.87" CO="962.79" HC="5.56" NOx="22.25" PMx="1.21" fuel="20.54" electricity="0.00" noise="139.88" route="routebottom" type="cfm_slow" waiting="0.00" lane="bottom_0" pos="3.60" speed="9.64" angle="88.02" x="71.06" y="-1.23"/>
        <vehicle id="cfm_slow_1" eclass="HBEFA3/PC_G_EU4" CO2="47773.87" CO="962.79" HC="5.56" NOx="22.25" PMx="1.21" fuel="20.54" electricity="0.00" noise="139.88" route="routebottom" type="cfm_slow" waiting="0.00" lane="bottom_0" pos="43.60" speed="9.64" angle="16.15" x="127.66" y="50.60"/>
        <vehicle id="cfm_slow_2" eclass="HBEFA3/PC_G_EU4" CO2="47773.87" CO="962.79" HC="5.56" NOx="22.25" PMx="1.21" fuel="20.54" electricity="0.00" noise="139.88" route="routeright" type="cfm_slow" waiting="0.00" lane="right_0" pos="33.60" speed="9.64" angle="304.07" x="95.84" y="120.48"/>
        <vehicle id="cfm_slow_3" eclass="HBEFA3/PC_G_EU4" CO2="47773.87" CO="962.79" HC="5.56" NOx="22.25" PMx="1.21" fuel="20.54" electricity="0.00" noise="139.88" route="routetop" type="cfm_slow" waiting="0.00" lane="top_0" pos="23.60" speed="9.64" angle="231.99" x="19.56" y="111.82"/>
        <vehicle id="cfm_slow_4" eclass="HBEFA3/PC_G_EU4" CO2="47773.87" CO="962.79" HC="5.56" NOx="22.25" PMx="1.21" fuel="20.54" electricity="0.00" noise="139.88" route="routeleft" type="cfm_slow" waiting="0.00" lane="left_0" pos="13.60" speed="9.64" angle="160.03" x="4.24" y="36.58"/>
    </timestep>
    <timestep time="0.54">
        <vehicle id="cfm_slow_0" eclass="HBEFA3/PC_G_EU4" CO2="48639.76" CO="978.88" HC="5.66" NOx="22.65" PMx="1.23" fuel="20.91" electricity="0.00" noise="139.96" route="routebottom" type="cfm_slow" waiting="0.00" lane="bottom_0" pos="3.70" speed="9.82" angle="87.84" x="71.26" y="-1.21"/>
        <vehicle id="cfm_slow_1" eclass="HBEFA3/PC_G_EU4" CO2="48639.76" CO="978.88" HC="5.66" NOx="22.65" PMx="1.23" fuel="20.91" electricity="0.00" noise="139.96" route="routebottom" type="cfm_slow" waiting="0.00" lane="bottom_0" pos="43.70" speed="9.82" angle="15.96" x="127.70" y="50.80"/>
        <vehicle id="cfm_slow_2" eclass="HBEFA3/PC_G_EU4" CO2="48639.76" CO="978.88" HC="5.66" NOx="22.65" PMx="1.23" fuel="20.91" electricity="0.00" noise="139.96" route="routeright" type="cfm_slow" waiting="0.00" lane="right_0" pos="33.70" speed="9.82" angle="303.89" x="95.67" y="120.58"/>
        <vehicle id="cfm_slow_3" eclass="HBEFA3/PC_G_EU4" CO2="48639.76" CO="978.88" HC="5.66" NOx="22.65" PMx="1.23" fuel="20.91" electricity="0.00" noise="139.96" route="routetop" type="cfm_slow" waiting="0.00" lane="top_0" pos="23.70" speed="9.82" angle="231.81" x="19.41" y="111.68"/>
        <vehicle id="cfm_slow_4" eclass="HBEFA3/PC_G_EU4" CO2="48639.76" CO="978.88" HC="5.66" NOx="22.65" PMx="1.23" fuel="20.91" electricity="0.00" noise="139.96" route="routeleft" type="cfm_slow" waiting="0.00" lane="left_0" pos="13.70" speed="9.82" angle="159.85" x="4.32" y="36.40"/>
    </timestep>
    <timestep time="0.55">
        <vehicle id="cfm_slow_0" eclass="HBEFA3/PC_G_EU4" CO2="49506.16" CO="995.01" HC="5.75" NOx="23.06" PMx="1.25" fuel="21.28" electricity="0.00" noise="140.04" route="routebottom" type="cfm_slow" waiting="0.00" lane="bottom_0" pos="3.80" speed="10.00" angle="87.69" x="71.46" y="-1.19"/>
        <vehicle id="cfm_slow_1" eclass="HBEFA3/PC_G_EU4" CO2="49506.16" CO="995.01" HC="5.75" NOx="23.06" PMx="1.25" fuel="21.28" electricity="0.00" noise="140.04" route="routebottom" type="cfm_slow" waiting="0.00" lane="bottom_0" pos="43.80" speed="10.00" angle="15.76" x="127.73" y="51.00"/>
        <vehicle id="cfm_slow_2" eclass="HBEFA3/PC_G_EU4" CO2="49506.16" CO="995.01" HC="5.75" NOx="23.06" PMx="1.25" fuel="21.28" electricity="0.00" noise="140.04" route="routeright" type="cfm_slow" waiting="0.00" lane="right_0" pos="33.80" speed="10.00" angle="303.71" x="95.49" y="120.68"/>
        <vehicle id="cfm_slow_3" eclass="HBEFA3/PC_G_EU4" CO2="49506.16" CO="995.01" HC="5.75" NOx="23.06" PMx="1.25" fuel="21.28" electricity="0.00" noise="140.04" route="routetop" type="cfm_slow" waiting="0.00" lane="top_0" pos="23.80" speed="10.00" angle="231.63" x="19.26" y="111.54"/>
        <vehicle id="cfm_slow_4" eclass="HBEFA3/PC_G_EU4" CO2="49506.16" CO="995.01" HC="5.75" NOx="23.06" PMx="1.25" fuel="21.28" electricity="0.00" noise="140.04" route="routeleft" type="cfm_slow" waiting="0.00" lane="left_0" pos="13.80" speed="10.00" angle="159.66" x="4.40" y="36.21"/>
    </timestep>
    <timestep time="0.56">
        <vehicle id="cfm_slow_0" eclass="HBEFA3/PC_G_EU4" CO2="50373.08" CO="1011.18" HC="5.85" NOx="23.46" PMx="1.27" fuel="21.65" electricity="0.00" noise="140.12" route="routebottom" type="cfm_slow" waiting="0.00" lane="bottom_0" pos="3.90" speed="10.18" angle="87.52" x="71.67" y="-1.16"/>
        <vehicle id="cfm_slow_1" eclass="HBEFA3/PC_G_EU4" CO2="50373.08" CO="1011.18" HC="5.85" NOx="23.46" PMx="1.27" fuel="21.65" electricity="0.00" noise="140.12" route="routebottom" type="cfm_slow" waiting="0.00" lane="bottom_0" pos="43.90" speed="10.18" angle="15.56" x="127.77" y="51.20"/>
        <vehicle id="cfm_slow_2" eclass="HBEFA3/PC_G_EU4" CO2="50373.08" CO="1011.18" HC="5.85" NOx="23.46" PMx="1.27" fuel="21.65" electricity="0.00" noise="140.12" route="routeright" type="cfm_slow" waiting="0.00" lane="right_0" pos="33.90" speed="10.18" angle="303.52" x="95.30" y="120.78"/>
        <vehicle id="cfm_slow_3" eclass="HBEFA3/PC_G_EU4" CO2="50373.08" CO="1011.18" HC="5.85" NOx="23.46" PMx="1.27" fuel="21.65" electricity="0.00" noise="140.12" route="routetop" type="cfm_slow" waiting="0.00" lane="top_0" pos="23.90" speed="10.18" angle="231.44" x="19.11" y="111.40"/>
        <vehicle id="cfm_slow_4" eclass="HBEFA3/PC_G_EU4" CO2="50373.08" CO="1011.18" HC="5.85" NOx="23.46" PMx="1.27" fuel="21.65" electricity="0.00" noise="140.12" route="routeleft" type="cfm_slow" waiting="0.00" lane="left_0" pos="13.90" speed="10.18" angle="159.48" x="4.49" y="36.02"/>
    </timestep>
    <timestep time="0.57">
        <vehicle id="cfm_slow_0" eclass="HBEFA3/PC_G_EU4" CO2="51240.52" CO="1027.38" HC="5.94" NOx="23.87" PMx="1.29" fuel="22.03" electricity="0.00" noise="140.20" route="routebottom" type="cfm_slow" waiting="0.00" lane="bottom_0" pos="4.01" speed="10.36" angle="87.33" x="71.88" y="-1.13"/>
        <vehicle id="cfm_slow_1" eclass="HBEFA3/PC_G_EU4" CO2="51240.52" CO="1027.38" HC="5.94" NOx="23.87" PMx="1.29" fuel="22.03" electricity="0.00" noise="140.20" route="routebottom" type="cfm_slow" waiting="0.00" lane="bottom_0" pos="44.01" speed="10.36" angle="15.36" x="127.81" y="51.41"/>
        <vehicle id="cfm_slow_2" eclass="HBEFA3/PC_G_EU4" CO2="51240.52" CO="1027.38" HC="5.94" NOx="23.87" PMx="1.29" fuel="22.03" electricity="0.00" noise="140.20" route="routeright" type="cfm_slow" waiting="0.00" lane="right_0" pos="34.01" speed="10.36" angle="303.33" x="95.12" y="120.88"/>
        <vehicle id="cfm_slow_3" eclass="HBEFA3/PC_G_EU4" CO2="51240.52" CO="1027.38" HC="5.94" NOx="23.87" PMx="1.29" fuel="22.03" electricity="0.00" noise="140.20" route="routetop" type="cfm_slow" waiting="0.00" lane="top_0" pos="24.01" speed="10.36" angle="231.25" x="18.95" y="111.25"/>
        <vehicle id="cfm_slow_4" eclass="HBEFA3/PC_G_EU4" CO2="51240.52" CO="1027.38" HC="5.94" NOx="23.87" PMx="1.29" fuel="22.03" electricity="0.00" noise="140.20" route="routeleft" type="cfm_slow" waiting="0.00" lane="left_0" pos="14.01" speed="10.36" angle="159.31" x="4.57" y="35.83"/>
    </timestep>
    <timestep time="0.58">
        <vehicle id="cfm_slow_0" eclass="HBEFA3/PC_G_EU4" CO2="52108.48" CO="1043.63" HC="6.04" NOx="24.27" PMx="1.32" fuel="22.40" electricity="0.00" noise="140.28" route="routebottom" type="cfm_slow" waiting="0.00" lane="bottom_0" pos="4.11" speed="10.55" angle="87.13" x="72.10" y="-1.10"/>
        <vehicle id="cfm_slow_1" eclass="HBEFA3/PC_G_EU4" CO2="52108.48" CO="1043.63" HC="6.04" NOx="24.27" PMx="1.32" fuel="22.40" electricity="0.00" noise="140.28" route="routebottom" type="cfm_slow" waiting="0.00" lane="bottom_0" pos="44.11" speed="10.55" angle="15.16" x="127.85" y="51.62"/>
        <vehicle id="cfm_slow_2" eclass="HBEFA3/PC_G_EU4" CO2="52108.48" CO="1043.63" HC="6.04" NOx="24.27" PMx="1.32" fuel="22.40" electricity="0.00" noise="140.28" route="routeright" type="cfm_slow" waiting="0.00" lane="right_0" pos="34.11" speed="10.55" angle="303.14" x="94.93" y="120.99"/>
        <vehicle id="cfm_slow_3" eclass="HBEFA3/PC_G_EU4" CO2="52108.48" CO="1043.63" HC="6.04" NOx="24.27" PMx="1.32" fuel="22.40" electricity="0.00" noise="140.28" route="routetop" type="cfm_slow" waiting="0.00" lane="top_0" pos="24.11" speed="10.55" angle="231.06" x="18.79" y="111.11"/>
        <vehicle id="cfm_slow_4" eclass="HBEFA3/PC_G_EU4" CO2="52108.48" CO="1043.63" HC="6.04" NOx="24.27" PMx="1.32" fuel="22.40" electricity="0.00" noise="140.28" route="routeleft" type="cfm_slow" waiting="0.00" lane="left_0" pos="14.11" speed="10.55" angle="159.15" x="4.66" y="35.63"/>
    </timestep>
    <timestep time="0.59">
        <vehicle id="cfm_slow_0" eclass="HBEFA3/PC_G_EU4" CO2="52976.96" CO="1059.91" HC="6.14" NOx="24.68" PMx="1.34" fuel="22.77" electricity="0.00" noise="140.36" route="routebottom" type="cfm_slow" waiting="0.00" lane="bottom_0" pos="4.22" speed="10.73" angle="86.94" x="72.31" y="-1.07"/>
        <vehicle id="cfm_slow_1" eclass="HBEFA3/PC_G_EU4" CO2="52976.96" CO="1059.91" HC="6.14" NOx="24.68" PMx="1.34" fuel="22.77" electricity="0.00" noise="140.36" route="routebottom" type="cfm_slow" waiting="0.00" lane="bottom_0" pos="44.22" speed="10.73" angle="14.95" x="127.89" y="51.84"/>
        <vehicle id="cfm_slow_2" eclass="HBEFA3/PC_G_EU4" CO2="52976.96" CO="1059.91" HC="6.14" NOx="24.68" PMx="1.34" fuel="22.77" electricity="0.00" noise="140.36" route="routeright" type="cfm_slow" waiting="0.00" lane="right_0" pos="34.22" speed="10.73" angle="302.94" x="94.74" y="121.09"/>
        <vehicle id="cfm_slow_3" eclass="HBEFA3/PC_G_EU4" CO2="52976.96" CO="1059.91" HC="6.14" NOx="24.68" PMx="1.34" fuel="22.77" electricity="0.00" noise="140.36" route="routetop" type="cfm_slow" waiting="0.00" lane="top_0" pos="24.22" speed="10.73" angle="230.86" x="18.63" y="110.96"/>
        <vehicle id="cfm_slow_4" eclass="HBEFA3/PC_G_EU4" CO2="52976.96" CO="1059.91" HC="6.14" NOx="24.68" PMx="1.34" fuel="22.77" electricity="0.00" noise="140.36" route="routeleft" type="cfm_slow" waiting="0.00" lane="left_0" pos="14.22" speed="10.73" angle="158.95" x="4.76" y="35.44"/>
    </timestep>
    <timestep time="0.60">
        <vehicle id="cfm_slow_0" eclass="HBEFA3/PC_G_EU4" CO2="53845.96" CO="1076.23" HC="6.23" NOx="25.08" PMx="1.36" fuel="23.15" electricity="0.00" noise="140.44" route="routebottom" type="cfm_slow" waiting="0.00" lane="bottom_0" pos="4.33" speed="10.91" angle="86.74" x="72.53" y="-1.04"/>
        <vehicle id="cfm_slow_1" eclass="HBEFA3/PC_G_EU4" CO2="53845.96" CO="1076.23" HC="6.23" NOx="25.08" PMx="1.36" fuel="23.15" electricity="0.00" noise="140.44" route="routebottom" type="cfm_slow" waiting="0.00" lane="bottom_0" pos="44.33" speed="10.91" angle="14.74" x="127.93" y="52.06"/>
        <vehicle id="cfm_slow_2" eclass="HBEFA3/PC_G_EU4" CO2="53845.96" CO="1076.23" HC="6.23" NOx="25.08" PMx="1.36" fuel="23.15" electricity="0.00" noise="140.44" route="routeright" type="cfm_slow" waiting="0.00" lane="right_0" pos="34.33" speed="10.91" angle="302.74" x="94.54" y="121.20"/>
        <vehicle id="cfm_slow_3" eclass="HBEFA3/PC_G_EU4" CO2="53845.96" CO="1076.23" HC="6.23" NOx="25.08" PMx="1.36" fuel="23.15" electricity="0.00" noise="140.44" route="routetop" type="cfm_slow" waiting="0.00" lane="top_0" pos="24.33" speed="10.91" angle="230.71" x="18.47" y="110.80"/>
        <vehicle id="cfm_slow_4" eclass="HBEFA3/PC_G_EU4" CO2="53845.96" CO="1076.23" HC="6.23" NOx="25.08" PMx="1.36" fuel="23.15" electricity="0.00" noise="140.44" route="routeleft" type="cfm_slow" waiting="0.00" lane="left_0" pos="14.33" speed="10.91" angle="158.75" x="4.86" y="35.24"/>
    </timestep>
    <timestep time="0.61">
        <vehicle id="cfm_slow_0" eclass="HBEFA3/PC_G_EU4" CO2="54715.48" CO="1092.59" HC="6.33" NOx="25.49" PMx="1.38" fuel="23.52" electricity="0.00" noise="140.52" route="routebottom" type="cfm_slow" waiting="0.00" lane="bottom_0" pos="4.44" speed="11.09" angle="86.54" x="72.76" y="-1.01"/>
        <vehicle id="cfm_slow_1" eclass="HBEFA3/PC_G_EU4" CO2="54715.48" CO="1092.59" HC="6.33" NOx="25.49" PMx="1.38" fuel="23.52" electricity="0.00" noise="140.52" route="routebottom" type="cfm_slow" waiting="0.00" lane="bottom_0" pos="44.44" speed="11.09" angle="14.52" x="127.97" y="52.29"/>
        <vehicle id="cfm_slow_2" eclass="HBEFA3/PC_G_EU4" CO2="54715.48" CO="1092.59" HC="6.33" NOx="25.49" PMx="1.38" fuel="23.52" electricity="0.00" noise="140.52" route="routeright" type="cfm_slow" waiting="0.00" lane="right_0" pos="34.44" speed="11.09" angle="302.54" x="94.34" y="121.31"/>
        <vehicle id="cfm_slow_3" eclass="HBEFA3/PC_G_EU4" CO2="54715.48" CO="1092.59" HC="6.33" NOx="25.49" PMx="1.38" fuel="23.52" electricity="0.00" noise="140.52" route="routetop" type="cfm_slow" waiting="0.00" lane="top_0" pos="24.44" speed="11.09" angle="230.52" x="18.30" y="110.65"/>
        <vehicle id="cfm_slow_4" eclass="HBEFA3/PC_G_EU4" CO2="54715.48" CO="1092.59" HC="6.33" NOx="25.49" PMx="1.38" fuel="23.52" electricity="0.00" noise="140.52" route="routeleft" type="cfm_slow" waiting="0.00" lane="left_0" pos="14.44" speed="11.09" angle="158.54" x="4.96" y="35.03"/>
    </timestep>
    <timestep time="0.62">
        <vehicle id="cfm_slow_0" eclass="HBEFA3/PC_G_EU4" CO2="55585.52" CO="1108.99" HC="6.42" NOx="25.90" PMx="1.41" fuel="23.89" electricity="0.00" noise="140.60" route="routebottom" type="cfm_slow" waiting="0.00" lane="bottom_0" pos="4.55" speed="11.27" angle="86.33" x="72.99" y="-0.97"/>
        <vehicle id="cfm_slow_1" eclass="HBEFA3/PC_G_EU4" CO2="55585.52" CO="1108.99" HC="6.42" NOx="25.90" PMx="1.41" fuel="23.89" electricity="0.00" noise="140.60" route="routebottom" type="cfm_slow" waiting="0.00" lane="bottom_0" pos="44.55" speed="11.27" angle="14.30" x="128.01" y="52.51"/>
        <vehicle id="cfm_slow_2" eclass="HBEFA3/PC_G_EU4" CO2="55585.52" CO="1108.99" HC="6.42" NOx="25.90" PMx="1.41" fuel="23.89" electricity="0.00" noise="140.60" route="routeright" type="cfm_slow" waiting="0.00" lane="right_0" pos="34.55" speed="11.27" angle="302.36" x="94.14" y="121.42"/>
        <vehicle id="cfm_slow_3" eclass="HBEFA3/PC_G_EU4" CO2="55585.52" CO="1108.99" HC="6.42" NOx="25.90" PMx="1.41" fuel="23.89" electricity="0.00" noise="140.60" route="routetop" type="cfm_slow" waiting="0.00" lane="top_0" pos="24.55" speed="11.27" angle="230.32" x="18.14" y="110.48"/>
        <vehicle id="cfm_slow_4" eclass="HBEFA3/PC_G_EU4" CO2="55585.52" CO="1108.99" HC="6.42" NOx="25.90" PMx="1.41" fuel="23.89" electricity="0.00" noise="140.60" route="routeleft" type="cfm_slow" waiting="0.00" lane="left_0" pos="14.55" speed="11.27" angle="158.33" x="5.07" y="34.83"/>
    </timestep>
    <timestep time="0.63">
        <vehicle id="cfm_slow_0" eclass="HBEFA3/PC_G_EU4" CO2="56456.07" CO="1125.42" HC="6.52" NOx="26.30" PMx="1.43" fuel="24.27" electricity="0.00" noise="140.68" route="routebottom" type="cfm_slow" waiting="0.00" lane="bottom_0" pos="4.67" speed="11.45" angle="86.12" x="73.22" y="-0.94"/>
        <vehicle id="cfm_slow_1" eclass="HBEFA3/PC_G_EU4" CO2="56456.07" CO="1125.42" HC="6.52" NOx="26.30" PMx="1.43" fuel="24.27" electricity="0.00" noise="140.68" route="routebottom" type="cfm_slow" waiting="0.00" lane="bottom_0" pos="44.67" speed="11.45" angle="14.08" x="128.05" y="52.74"/>
        <vehicle id="cfm_slow_2" eclass="HBEFA3/PC_G_EU4" CO2="56456.07" CO="1125.42" HC="6.52" NOx="26.30" PMx="1.43" fuel="24.27" electricity="0.00" noise="140.68" route="routeright" type="cfm_slow" waiting="0.00" lane="right_0" pos="34.67" speed="11.45" angle="302.18" x="93.93" y="121.53"/>
        <vehicle id="cfm_slow_3" eclass="HBEFA3/PC_G_EU4" CO2="56456.07" CO="1125.42" HC="6.52" NOx="26.30" PMx="1.43" fuel="24.27" electricity="0.00" noise="140.68" route="routetop" type="cfm_slow" waiting="0.00" lane="top_0" pos="24.67" speed="11.45" angle="230.11" x="17.97" y="110.32"/>
        <vehicle id="cfm_slow_4" eclass="HBEFA3/PC_G_EU4" CO2="56456.07" CO="1125.42" HC="6.52" NOx="26.30" PMx="1.43" fuel="24.27" electricity="0.00" noise="140.68" route="routeleft" type="cfm_slow" waiting="0.00" lane="left_0" pos="14.67" speed="11.45" angle="158.12" x="5.17" y="34.62"/>
    </timestep>
    <timestep time="0.64">
        <vehicle id="cfm_slow_0" eclass="HBEFA3/PC_G_EU4" CO2="57327.14" CO="1141.90" HC="6.62" NOx="26.71" PMx="1.45" fuel="24.64" electricity="0.00" noise="140.76" route="routebottom" type="cfm_slow" waiting="0.00" lane="bottom_0" pos="4.78" speed="11.64" angle="85.91" x="73.46" y="-0.91"/>
        <vehicle id="cfm_slow_1" eclass="HBEFA3/PC_G_EU4" CO2="57327.14" CO="1141.90" HC="6.62" NOx="26.71" PMx="1.45" fuel="24.64" electricity="0.00" noise="140.76" route="routebottom" type="cfm_slow" waiting="0.00" lane="bottom_0" pos="44.78" speed="11.64" angle="13.87" x="128.09" y="52.98"/>
        <vehicle id="cfm_slow_2" eclass="HBEFA3/PC_G_EU4" CO2="57327.14" CO="1141.90" HC="6.62" NOx="26.71" PMx="1.45" fuel="24.64" electricity="0.00" noise="140.76" route="routeright" type="cfm_slow" waiting="0.00" lane="right_0" pos="34.78" speed="11.64" angle="301.96" x="93.72" y="121.64"/>
        <vehicle id="cfm_slow_3" eclass="HBEFA3/PC_G_EU4" CO2="57327.14" CO="1141.90" HC="6.62" NOx="26.71" PMx="1.45" fuel="24.64" electricity="0.00" noise="140.76" route="routetop" type="cfm_slow" waiting="0.00" lane="top_0" pos="24.78" speed="11.64" angle="229.90" x="17.81" y="110.15"/>
        <vehicle id="cfm_slow_4" eclass="HBEFA3/PC_G_EU4" CO2="57327.14" CO="1141.90" HC="6.62" NOx="26.71" PMx="1.45" fuel="24.64" electricity="0.00" noise="140.76" route="routeleft" type="cfm_slow" waiting="0.00" lane="left_0" pos="14.78" speed="11.64" angle="157.91" x="5.28" y="34.40"/>
    </timestep>
    <timestep time="0.65">
        <vehicle id="cfm_slow_0" eclass="HBEFA3/PC_G_EU4" CO2="58198.74" CO="1158.41" HC="6.71" NOx="27.11" PMx="1.47" fuel="25.02" electricity="0.00" noise="140.84" route="routebottom" type="cfm_slow" waiting="0.00" lane="bottom_0" pos="4.90" speed="11.82" angle="85.69" x="73.70" y="-0.87"/>
        <vehicle id="cfm_slow_1" eclass="HBEFA3/PC_G_EU4" CO2="58198.74" CO="1158.41" HC="6.71" NOx="27.11" PMx="1.47" fuel="25.02" electricity="0.00" noise="140.84" route="routebottom" type="cfm_slow" waiting="0.00" lane="bottom_0" pos="44.90" speed="11.82" angle="13.70" x="128.13" y="53.22"/>
        <vehicle id="cfm_slow_2" eclass="HBEFA3/PC_G_EU4" CO2="58198.74" CO="1158.41" HC="6.71" NOx="27.11" PMx="1.47" fuel="25.02" electricity="0.00" noise="140.84" route="routeright" type="cfm_slow" waiting="0.00" lane="right_0" pos="34.90" speed="11.82" angle="301.74" x="93.50" y="121.75"/>
        <vehicle id="cfm_slow_3" eclass="HBEFA3/PC_G_EU4" CO2="58198.74" CO="1158.41" HC="6.71" NOx="27.11" PMx="1.47" fuel="25.02" electricity="0.00" noise="140.84" route="routetop" type="cfm_slow" waiting="0.00" lane="top_0" pos="24.90" speed="11.82" angle="229.69" x="17.63" y="109.98"/>
        <vehicle id="cfm_slow_4" eclass="HBEFA3/PC_G_EU4" CO2="58198.74" CO="1158.41" HC="6.71" NOx="27.11" PMx="1.47" fuel="25.02" electricity="0.00" noise="140.84" route="routeleft" type="cfm_slow" waiting="0.00" lane="left_0" pos="14.90" speed="11.82" angle="157.69" x="5.39" y="34.19"/>
    </timestep>
    <timestep time="0.66">
        <vehicle id="cfm_slow_0" eclass="HBEFA3/PC_G_EU4" CO2="59070.85" CO="1174.96" HC="6.81" NOx="27.52" PMx="1.50" fuel="25.39" electricity="0.00" noise="140.92" route="routebottom" type="cfm_slow" waiting="0.00" lane="bottom_0" pos="5.02" speed="12.00" angle="85.46" x="73.94" y="-0.84"/>
        <vehicle id="cfm_slow_1" eclass="HBEFA3/PC_G_EU4" CO2="59070.85" CO="1174.96" HC="6.81" NOx="27.52" PMx="1.50" fuel="25.39" electricity="0.00" noise="140.92" route="routebottom" type="cfm_slow" waiting="0.00" lane="bottom_0" pos="45.02" speed="12.00" angle="13.48" x="128.17" y="53.46"/>
        <vehicle id="cfm_slow_2" eclass="HBEFA3/PC_G_EU4" CO2="59070.85" CO="1174.96" HC="6.81" NOx="27.52" PMx="1.50" fuel="25.39" electricity="0.00" noise="140.92" route="routeright" type="cfm_slow" waiting="0.00" lane="right_0" pos="35.02" speed="12.00" angle="301.52" x="93.28" y="121.86"/>
        <vehicle id="cfm_slow_3" eclass="HBEFA3/PC_G_EU4" CO2="59070.85" CO="1174.96" HC="6.81" NOx="27.52" PMx="1.50" fuel="25.39" electricity="0.00" noise="140.92" route="routetop" type="cfm_slow" waiting="0.00" lane="top_0" pos="25.02" speed="12.00" angle="229.48" x="17.46" y="109.80"/>
        <vehicle id="cfm_slow_4" eclass="HBEFA3/PC_G_EU4" CO2="59070.85" CO="1174.96" HC="6.81" NOx="27.52" PMx="1.50" fuel="25.39" electricity="0.00" noise="140.92" route="routeleft" type="cfm_slow" waiting="0.00" lane="left_0" pos="15.02" speed="12.00" angle="157.46" x="5.50" y="33.97"/>
    </timestep>
    <timestep time="0.67">
        <vehicle id="cfm_slow_0" eclass="HBEFA3/PC_G_EU4" CO2="59943.48" CO="1191.55" HC="6.91" NOx="27.93" PMx="1.52" fuel="25.77" electricity="0.00" noise="141.01" route="routebottom" type="cfm_slow" waiting="0.00" lane="bottom_0" pos="5.14" speed="12.18" angle="85.28" x="74.19" y="-0.80"/>
        <vehicle id="cfm_slow_1" eclass="HBEFA3/PC_G_EU4" CO2="59943.48" CO="1191.55" HC="6.91" NOx="27.93" PMx="1.52" fuel="25.77" electricity="0.00" noise="141.01" route="routebottom" type="cfm_slow" waiting="0.00" lane="bottom_0" pos="45.14" speed="12.18" angle="13.25" x="128.20" y="53.71"/>
        <vehicle id="cfm_slow_2" eclass="HBEFA3/PC_G_EU4" CO2="59943.48" CO="1191.55" HC="6.91" NOx="27.93" PMx="1.52" fuel="25.77" electricity="0.00" noise="141.01" route="routeright" type="cfm_slow" waiting="0.00" lane="right_0" pos="35.14" speed="12.18" angle="301.29" x="93.06" y="121.97"/>
        <vehicle id="cfm_slow_3" eclass="HBEFA3/PC_G_EU4" CO2="59943.48" CO="1191.55" HC="6.91" NOx="27.93" PMx="1.52" fuel="25.77" electricity="0.00" noise="141.01" route="routetop" type="cfm_slow" waiting="0.00" lane="top_0" pos="25.14" speed="12.18" angle="229.26" x="17.28" y="109.63"/>
        <vehicle id="cfm_slow_4" eclass="HBEFA3/PC_G_EU4" CO2="59943.48" CO="1191.55" HC="6.91" NOx="27.93" PMx="1.52" fuel="25.77" electricity="0.00" noise="141.01" route="routeleft" type="cfm_slow" waiting="0.00" lane="left_0" pos="15.14" speed="12.18" angle="157.24" x="5.61" y="33.74"/>
    </timestep>
    <timestep time="0.68">
        <vehicle id="cfm_slow_0" eclass="HBEFA3/PC_G_EU4" CO2="60816.63" CO="1208.18" HC="7.01" NOx="28.34" PMx="1.54" fuel="26.14" electricity="0.00" noise="141.09" route="routebottom" type="cfm_slow" waiting="0.00" lane="bottom_0" pos="5.27" speed="12.36" angle="85.04" x="74.44" y="-0.75"/>
        <vehicle id="cfm_slow_1" eclass="HBEFA3/PC_G_EU4" CO2="60816.63" CO="1208.18" HC="7.01" NOx="28.34" PMx="1.54" fuel="26.14" electricity="0.00" noise="141.09" route="routebottom" type="cfm_slow" waiting="0.00" lane="bottom_0" pos="45.27" speed="12.36" angle="13.03" x="128.24" y="53.96"/>
        <vehicle id="cfm_slow_2" eclass="HBEFA3/PC_G_EU4" CO2="60816.63" CO="1208.18" HC="7.01" NOx="28.34" PMx="1.54" fuel="26.14" electricity="0.00" noise="141.09" route="routeright" type="cfm_slow" waiting="0.00" lane="right_0" pos="35.27" speed="12.36" angle="301.06" x="92.83" y="122.08"/>
        <vehicle id="cfm_slow_3" eclass="HBEFA3/PC_G_EU4" CO2="60816.63" CO="1208.18" HC="7.01" NOx="28.34" PMx="1.54" fuel="26.14" electricity="0.00" noise="141.09" route="routetop" type="cfm_slow" waiting="0.00" lane="top_0" pos="25.27" speed="12.36" angle="229.04" x="17.10" y="109.45"/>
        <vehicle id="cfm_slow_4" eclass="HBEFA3/PC_G_EU4" CO2="60816.63" CO="1208.18" HC="7.01" NOx="28.34" PMx="1.54" fuel="26.14" electricity="0.00" noise="141.09" route="routeleft" type="cfm_slow" waiting="0.00" lane="left_0" pos="15.27" speed="12.36" angle="157.02" x="5.72" y="33.52"/>
    </timestep>
    <timestep time="0.69">
        <vehicle id="cfm_slow_0" eclass="HBEFA3/PC_G_EU4" CO2="61690.30" CO="1224.84" HC="7.10" NOx="28.74" PMx="1.56" fuel="26.52" electricity="0.00" noise="141.17" route="routebottom" type="cfm_slow" waiting="0.00" lane="bottom_0" pos="5.39" speed="12.55" angle="84.81" x="74.69" y="-0.71"/>
        <vehicle id="cfm_slow_1" eclass="HBEFA3/PC_G_EU4" CO2="61690.30" CO="1224.84" HC="7.10" NOx="28.74" PMx="1.56" fuel="26.52" electricity="0.00" noise="141.17" route="routebottom" type="cfm_slow" waiting="0.00" lane="bottom_0" pos="45.39" speed="12.55" angle="12.80" x="128.28" y="54.21"/>
        <vehicle id="cfm_slow_2" eclass="HBEFA3/PC_G_EU4" CO2="61690.30" CO="1224.84" HC="7.10" NOx="28.74" PMx="1.56" fuel="26.52" electricity="0.00" noise="141.17" route="routeright" type="cfm_slow" waiting="0.00" lane="right_0" pos="35.39" speed="12.55" angle="300.83" x="92.60" y="122.20"/>
        <vehicle id="cfm_slow_3" eclass="HBEFA3/PC_G_EU4" CO2="61690.30" CO="1224.84" HC="7.10" NOx="28.74" PMx="1.56" fuel="26.52" electricity="0.00" noise="141.17" route="routetop" type="cfm_slow" waiting="0.00" lane="top_0" pos="25.39" speed="12.55" angle="228.81" x="16.92" y="109.27"/>
        <vehicle id="cfm_slow_4" eclass="HBEFA3/PC_G_EU4" CO2="61690.30" CO="1224.84" HC="7.10" NOx="28.74" PMx="1.56" fuel="26.52" electricity="0.00" noise="141.17" route="routeleft" type="cfm_slow" waiting="0.00" lane="left_0" pos="15.39" speed="12.55" angle="156.84" x="5.84" y="33.29"/>
    </timestep>
    <timestep time="0.70">
        <vehicle id="cfm_slow_0" eclass="HBEFA3/PC_G_EU4" CO2="62564.49" CO="1241.55" HC="7.20" NOx="29.15" PMx="1.59" fuel="26.89" electricity="0.00" noise="141.25" route="routebottom" type="cfm_slow" waiting="0.00" lane="bottom_0" pos="5.52" speed="12.73" angle="84.57" x="74.95" y="-0.66"/>
        <vehicle id="cfm_slow_1" eclass="HBEFA3/PC_G_EU4" CO2="62564.49" CO="1241.55" HC="7.20" NOx="29.15" PMx="1.59" fuel="26.89" electricity="0.00" noise="141.25" route="routebottom" type="cfm_slow" waiting="0.00" lane="bottom_0" pos="45.52" speed="12.73" angle="12.56" x="128.31" y="54.47"/>
        <vehicle id="cfm_slow_2" eclass="HBEFA3/PC_G_EU4" CO2="62564.49" CO="1241.55" HC="7.20" NOx="29.15" PMx="1.59" fuel="26.89" electricity="0.00" noise="141.25" route="routeright" type="cfm_slow" waiting="0.00" lane="right_0" pos="35.52" speed="12.73" angle="300.59" x="92.37" y="122.32"/>
        <vehicle id="cfm_slow_3" eclass="HBEFA3/PC_G_EU4" CO2="62564.49" CO="1241.55" HC="7.20" NOx="29.15" PMx="1.59" fuel="26.89" electricity="0.00" noise="141.25" route="routetop" type="cfm_slow" waiting="0.00" lane="top_0" pos="25.52" speed="12.73" angle="228.59" x="16.73" y="109.08"/>
        <vehicle id="cfm_slow_4" eclass="HBEFA3/PC_G_EU4" CO2="62564.49" CO="1241.55" HC="7.20" NOx="29.15" PMx="1.59" fuel="26.89" electricity="0.00" noise="141.25" route="routeleft" type="cfm_slow" waiting="0.00" lane="left_0" pos="15.52" speed="12.73" angle="156.61" x="5.96" y="33.06"/>
    </timestep>
    <timestep time="0.71">
        <vehicle id="cfm_slow_0" eclass="HBEFA3/PC_G_EU4" CO2="63439.20" CO="1258.29" HC="7.30" NOx="29.56" PMx="1.61" fuel="27.27" electricity="0.00" noise="141.33" route="routebottom" type="cfm_slow" waiting="0.00" lane="bottom_0" pos="5.65" speed="12.91" angle="84.32" x="75.21" y="-0.61"/>
        <vehicle id="cfm_slow_1" eclass="HBEFA3/PC_G_EU4" CO2="63439.20" CO="1258.29" HC="7.30" NOx="29.56" PMx="1.61" fuel="27.27" electricity="0.00" noise="141.33" route="routebottom" type="cfm_slow" waiting="0.00" lane="bottom_0" pos="45.65" speed="12.91" angle="12.33" x="128.35" y="54.73"/>
        <vehicle id="cfm_slow_2" eclass="HBEFA3/PC_G_EU4" CO2="63439.20" CO="1258.29" HC="7.30" NOx="29.56" PMx="1.61" fuel="27.27" electricity="0.00" noise="141.33" route="routeright" type="cfm_slow" waiting="0.00" lane="right_0" pos="35.65" speed="12.91" angle="300.35" x="92.13" y="122.43"/>
        <vehicle id="cfm_slow_3" eclass="HBEFA3/PC_G_EU4" CO2="63439.20" CO="1258.29" HC="7.30" NOx="29.56" PMx="1.61" fuel="27.27" electricity="0.00" noise="141.33" route="routetop" type="cfm_slow" waiting="0.00" lane="top_0" pos="25.65" speed="12.91" angle="228.41" x="16.55" y="108.90"/>
        <vehicle id="cfm_slow_4" eclass="HBEFA3/PC_G_EU4" CO2="63439.20" CO="1258.29" HC="7.30" NOx="29.56" PMx="1.61" fuel="27.27" electricity="0.00" noise="141.33" route="routeleft" type="cfm_slow" waiting="0.00" lane="left_0" pos="15.65" speed="12.91" angle="156.37" x="6.09" y="32.83"/>
    </timestep>
    <timestep time="0.72">
        <vehicle id="cfm_slow_0" eclass="HBEFA3/PC_G_EU4" CO2="64314.42" CO="1275.07" HC="7.40" NOx="29.97" PMx="1.63" fuel="27.65" electricity="0.00" noise="141.42" route="routebottom" type="cfm_slow" waiting="0.00" lane="bottom_0" pos="5.78" speed="13.09" angle="84.08" x="75.47" y="-0.56"/>
        <vehicle id="cfm_slow_1" eclass="HBEFA3/PC_G_EU4" CO2="64314.42" CO="1275.07" HC="7.40" NOx="29.97" PMx="1.63" fuel="27.65" electricity="0.00" noise="141.42" route="routebottom" type="cfm_slow" waiting="0.00" lane="bottom_0" pos="45.78" speed="13.09" angle="12.09" x="128.39" y="55.00"/>
        <vehicle id="cfm_slow_2" eclass="HBEFA3/PC_G_EU4" CO2="64314.42" CO="1275.07" HC="7.40" NOx="29.97" PMx="1.63" fuel="27.65" electricity="0.00" noise="141.42" route="routeright" type="cfm_slow" waiting="0.00" lane="right_0" pos="35.78" speed="13.09" angle="300.11" x="91.89" y="122.55"/>
        <vehicle id="cfm_slow_3" eclass="HBEFA3/PC_G_EU4" CO2="64314.42" CO="1275.07" HC="7.40" NOx="29.97" PMx="1.63" fuel="27.65" electricity="0.00" noise="141.42" route="routetop" type="cfm_slow" waiting="0.00" lane="top_0" pos="25.78" speed="13.09" angle="228.16" x="16.37" y="108.70"/>
        <vehicle id="cfm_slow_4" eclass="HBEFA3/PC_G_EU4" CO2="64314.42" CO="1275.07" HC="7.40" NOx="29.97" PMx="1.63" fuel="27.65" electricity="0.00" noise="141.42" route="routeleft" type="cfm_slow" waiting="0.00" lane="left_0" pos="15.78" speed="13.09" angle="156.13" x="6.22" y="32.59"/>
    </timestep>
    <timestep time="0.73">
        <vehicle id="cfm_slow_0" eclass="HBEFA3/PC_G_EU4" CO2="65190.17" CO="1291.89" HC="7.50" NOx="30.38" PMx="1.65" fuel="28.02" electricity="0.00" noise="141.50" route="routebottom" type="cfm_slow" waiting="0.00" lane="bottom_0" pos="5.91" speed="13.27" angle="83.83" x="75.74" y="-0.51"/>
        <vehicle id="cfm_slow_1" eclass="HBEFA3/PC_G_EU4" CO2="65190.17" CO="1291.89" HC="7.50" NOx="30.38" PMx="1.65" fuel="28.02" electricity="0.00" noise="141.50" route="routebottom" type="cfm_slow" waiting="0.00" lane="bottom_0" pos="45.91" speed="13.27" angle="11.84" x="128.43" y="55.27"/>
        <vehicle id="cfm_slow_2" eclass="HBEFA3/PC_G_EU4" CO2="65190.17" CO="1291.89" HC="7.50" NOx="30.38" PMx="1.65" fuel="28.02" electricity="0.00" noise="141.50" route="routeright" type="cfm_slow" waiting="0.00" lane="right_0" pos="35.91" speed="13.27" angle="299.92" x="91.65" y="122.68"/>
        <vehicle id="cfm_slow_3" eclass="HBEFA3/PC_G_EU4" CO2="65190.17" CO="1291.89" HC="7.50" NOx="30.38" PMx="1.65" fuel="28.02" electricity="0.00" noise="141.50" route="routetop" type="cfm_slow" waiting="0.00" lane="top_0" pos="25.91" speed="13.27" angle="227.92" x="16.18" y="108.50"/>
        <vehicle id="cfm_slow_4" eclass="HBEFA3/PC_G_EU4" CO2="65190.17" CO="1291.89" HC="7.50" NOx="30.38" PMx="1.65" fuel="28.02" electricity="0.00" noise="141.50" route="routeleft" type="cfm_slow" waiting="0.00" lane="left_0" pos="15.91" speed="13.27" angle="155.89" x="6.36" y="32.35"/>
    </timestep>
    <timestep time="0.74">
        <vehicle id="cfm_slow_0" eclass="HBEFA3/PC_G_EU4" CO2="66066.43" CO="1308.75" HC="7.59" NOx="30.79" PMx="1.68" fuel="28.40" electricity="0.00" noise="141.58" route="routebottom" type="cfm_slow" waiting="0.00" lane="bottom_0" pos="6.05" speed="13.45" angle="83.57" x="76.01" y="-0.46"/>
        <vehicle id="cfm_slow_1" eclass="HBEFA3/PC_G_EU4" CO2="66066.43" CO="1308.75" HC="7.59" NOx="30.79" PMx="1.68" fuel="28.40" electricity="0.00" noise="141.58" route="routebottom" type="cfm_slow" waiting="0.00" lane="bottom_0" pos="46.05" speed="13.45" angle="11.60" x="128.46" y="55.54"/>
        <vehicle id="cfm_slow_2" eclass="HBEFA3/PC_G_EU4" CO2="66066.43" CO="1308.75" HC="7.59" NOx="30.79" PMx="1.68" fuel="28.40" electricity="0.00" noise="141.58" route="routeright" type="cfm_slow" waiting="0.00" lane="right_0" pos="36.05" speed="13.45" angle="299.66" x="91.40" y="122.79"/>
        <vehicle id="cfm_slow_3" eclass="HBEFA3/PC_G_EU4" CO2="66066.43" CO="1308.75" HC="7.59" NOx="30.79" PMx="1.68" fuel="28.40" electricity="0.00" noise="141.58" route="routetop" type="cfm_slow" waiting="0.00" lane="top_0" pos="26.05" speed="13.45" angle="227.67" x="15.99" y="108.30"/>
        <vehicle id="cfm_slow_4" eclass="HBEFA3/PC_G_EU4" CO2="66066.43" CO="1308.75" HC="7.59" NOx="30.79" PMx="1.68" fuel="28.40" electricity="0.00" noise="141.58" route="routeleft" type="cfm_slow" waiting="0.00" lane="left_0" pos="16.05" speed="13.45" angle="155.64" x="6.49" y="32.11"/>
    </timestep>
    <timestep time="0.75">
        <vehicle id="cfm_slow_0" eclass="HBEFA3/PC_G_EU4" CO2="66943.21" CO="1325.64" HC="7.69" NOx="31.19" PMx="1.70" fuel="28.78" electricity="0.00" noise="141.66" route="routebottom" type="cfm_slow" waiting="0.00" lane="bottom_0" pos="6.18" speed="13.64" angle="83.31" x="76.28" y="-0.41"/>
        <vehicle id="cfm_slow_1" eclass="HBEFA3/PC_G_EU4" CO2="66943.21" CO="1325.64" HC="7.69" NOx="31.19" PMx="1.70" fuel="28.78" electricity="0.00" noise="141.66" route="routebottom" type="cfm_slow" waiting="0.00" lane="bottom_0" pos="46.18" speed="13.64" angle="11.41" x="128.50" y="55.82"/>
        <vehicle id="cfm_slow_2" eclass="HBEFA3/PC_G_EU4" CO2="66943.21" CO="1325.64" HC="7.69" NOx="31.19" PMx="1.70" fuel="28.78" electricity="0.00" noise="141.66" route="routeright" type="cfm_slow" waiting="0.00" lane="right_0" pos="36.18" speed="13.64" angle="299.41" x="91.14" y="122.90"/>
        <vehicle id="cfm_slow_3" eclass="HBEFA3/PC_G_EU4" CO2="66943.21" CO="1325.64" HC="7.69" NOx="31.19" PMx="1.70" fuel="28.78" electricity="0.00" noise="141.66" route="routetop" type="cfm_slow" waiting="0.00" lane="top_0" pos="26.18" speed="13.64" angle="227.42" x="15.80" y="108.09"/>
        <vehicle id="cfm_slow_4" eclass="HBEFA3/PC_G_EU4" CO2="66943.21" CO="1325.64" HC="7.69" NOx="31.19" PMx="1.70" fuel="28.78" electricity="0.00" noise="141.66" route="routeleft" type="cfm_slow" waiting="0.00" lane="left_0" pos="16.18" speed="13.64" angle="155.39" x="6.62" y="31.87"/>
    </timestep>
    <timestep time="0.76">
        <vehicle id="cfm_slow_0" eclass="HBEFA3/PC_G_EU4" CO2="67820.52" CO="1342.58" HC="7.79" NOx="31.60" PMx="1.72" fuel="29.15" electricity="0.00" noise="141.74" route="routebottom" type="cfm_slow" waiting="0.00" lane="bottom_0" pos="6.32" speed="13.82" angle="83.08" x="76.56" y="-0.36"/>
        <vehicle id="cfm_slow_1" eclass="HBEFA3/PC_G_EU4" CO2="67820.52" CO="1342.58" HC="7.79" NOx="31.60" PMx="1.72" fuel="29.15" electricity="0.00" noise="141.74" route="routebottom" type="cfm_slow" waiting="0.00" lane="bottom_0" pos="46.32" speed="13.82" angle="11.17" x="128.53" y="56.10"/>
        <vehicle id="cfm_slow_2" eclass="HBEFA3/PC_G_EU4" CO2="67820.52" CO="1342.58" HC="7.79" NOx="31.60" PMx="1.72" fuel="29.15" electricity="0.00" noise="141.74" route="routeright" type="cfm_slow" waiting="0.00" lane="right_0" pos="36.32" speed="13.82" angle="299.15" x="90.88" y="123.02"/>
        <vehicle id="cfm_slow_3" eclass="HBEFA3/PC_G_EU4" CO2="67820.52" CO="1342.58" HC="7.79" NOx="31.60" PMx="1.72" fuel="29.15" electricity="0.00" noise="141.74" route="routetop" type="cfm_slow" waiting="0.00" lane="top_0" pos="26.32" speed="13.82" angle="227.16" x="15.61" y="107.88"/>
        <vehicle id="cfm_slow_4" eclass="HBEFA3/PC_G_EU4" CO2="67820.52" CO="1342.58" HC="7.79" NOx="31.60" PMx="1.72" fuel="29.15" electricity="0.00" noise="141.74" route="routeleft" type="cfm_slow" waiting="0.00" lane="left_0" pos="16.32" speed="13.82" angle="155.13" x="6.76" y="31.62"/>
    </timestep>
    <timestep time="0.77">
        <vehicle id="cfm_slow_0" eclass="HBEFA3/PC_G_EU4" CO2="68698.34" CO="1359.55" HC="7.89" NOx="32.01" PMx="1.74" fuel="29.53" electricity="0.00" noise="141.83" route="routebottom" type="cfm_slow" waiting="0.00" lane="bottom_0" pos="6.46" speed="14.00" angle="82.85" x="76.84" y="-0.30"/>
        <vehicle id="cfm_slow_1" eclass="HBEFA3/PC_G_EU4" CO2="68698.34" CO="1359.55" HC="7.89" NOx="32.01" PMx="1.74" fuel="29.53" electricity="0.00" noise="141.83" route="routebottom" type="cfm_slow" waiting="0.00" lane="bottom_0" pos="46.46" speed="14.00" angle="10.92" x="128.56" y="56.39"/>
        <vehicle id="cfm_slow_2" eclass="HBEFA3/PC_G_EU4" CO2="68698.34" CO="1359.55" HC="7.89" NOx="32.01" PMx="1.74" fuel="29.53" electricity="0.00" noise="141.83" route="routeright" type="cfm_slow" waiting="0.00" lane="right_0" pos="36.46" speed="14.00" angle="298.88" x="90.62" y="123.14"/>
        <vehicle id="cfm_slow_3" eclass="HBEFA3/PC_G_EU4" CO2="68698.34" CO="1359.55" HC="7.89" NOx="32.01" PMx="1.74" fuel="29.53" electricity="0.00" noise="141.83" route="routetop" type="cfm_slow" waiting="0.00" lane="top_0" pos="26.46" speed="14.00" angle="226.90" x="15.42" y="107.67"/>
        <vehicle id="cfm_slow_4" eclass="HBEFA3/PC_G_EU4" CO2="68698.34" CO="1359.55" HC="7.89" NOx="32.01" PMx="1.74" fuel="29.53" electricity="0.00" noise="141.83" route="routeleft" type="cfm_slow" waiting="0.00" lane="left_0" pos="16.46" speed="14.00" angle="154.88" x="6.90" y="31.37"/>
    </timestep>
    <timestep time="0.78">
        <vehicle id="cfm_slow_0" eclass="HBEFA3/PC_G_EU4" CO2="69576.68" CO="1376.56" HC="7.99" NOx="32.42" PMx="1.77" fuel="29.91" electricity="0.00" noise="141.91" route="routebottom" type="cfm_slow" waiting="0.00" lane="bottom_0" pos="6.60" speed="14.18" angle="82.59" x="77.13" y="-0.24"/>
        <vehicle id="cfm_slow_1" eclass="HBEFA3/PC_G_EU4" CO2="69576.68" CO="1376.56" HC="7.99" NOx="32.42" PMx="1.77" fuel="29.91" electricity="0.00" noise="141.91" route="routebottom" type="cfm_slow" waiting="0.00" lane="bottom_0" pos="46.60" speed="14.18" angle="10.67" x="128.59" y="56.68"/>
        <vehicle id="cfm_slow_2" eclass="HBEFA3/PC_G_EU4" CO2="69576.68" CO="1376.56" HC="7.99" NOx="32.42" PMx="1.77" fuel="29.91" electricity="0.00" noise="141.91" route="routeright" type="cfm_slow" waiting="0.00" lane="right_0" pos="36.60" speed="14.18" angle="298.61" x="90.35" y="123.26"/>
        <vehicle id="cfm_slow_3" eclass="HBEFA3/PC_G_EU4" CO2="69576.68" CO="1376.56" HC="7.99" NOx="32.42" PMx="1.77" fuel="29.91" electricity="0.00" noise="141.91" route="routetop" type="cfm_slow" waiting="0.00" lane="top_0" pos="26.60" speed="14.18" angle="226.64" x="15.22" y="107.46"/>
        <vehicle id="cfm_slow_4" eclass="HBEFA3/PC_G_EU4" CO2="69576.68" CO="1376.56" HC="7.99" NOx="32.42" PMx="1.77" fuel="29.91" electricity="0.00" noise="141.91" route="routeleft" type="cfm_slow" waiting="0.00" lane="left_0" pos="16.60" speed="14.18" angle="154.64" x="7.04" y="31.11"/>
    </timestep>
    <timestep time="0.79">
        <vehicle id="cfm_slow_0" eclass="HBEFA3/PC_G_EU4" CO2="70455.54" CO="1393.61" HC="8.09" NOx="32.83" PMx="1.79" fuel="30.29" electricity="0.00" noise="141.99" route="routebottom" type="cfm_slow" waiting="0.00" lane="bottom_0" pos="6.75" speed="14.36" angle="82.33" x="77.42" y="-0.17"/>
        <vehicle id="cfm_slow_1" eclass="HBEFA3/PC_G_EU4" CO2="70455.54" CO="1393.61" HC="8.09" NOx="32.83" PMx="1.79" fuel="30.29" electricity="0.00" noise="141.99" route="routebottom" type="cfm_slow" waiting="0.00" lane="bottom_0" pos="46.75" speed="14.36" angle="10.41" x="128.62" y="56.97"/>
        <vehicle id="cfm_slow_2" eclass="HBEFA3/PC_G_EU4" CO2="70455.54" CO="1393.61" HC="8.09" NOx="32.83" PMx="1.79" fuel="30.29" electricity="0.00" noise="141.99" route="routeright" type="cfm_slow" waiting="0.00" lane="right_0" pos="36.75" speed="14.36" angle="298.34" x="90.09" y="123.38"/>
        <vehicle id="cfm_slow_3" eclass="HBEFA3/PC_G_EU4" CO2="70455.54" CO="1393.61" HC="8.09" NOx="32.83" PMx="1.79" fuel="30.29" electricity="0.00" noise="141.99" route="routetop" type="cfm_slow" waiting="0.00" lane="top_0" pos="26.75" speed="14.36" angle="226.37" x="15.02" y="107.24"/>
        <vehicle id="cfm_slow_4" eclass="HBEFA3/PC_G_EU4" CO2="70455.54" CO="1393.61" HC="8.09" NOx="32.83" PMx="1.79" fuel="30.29" electricity="0.00" noise="141.99" route="routeleft" type="cfm_slow" waiting="0.00" lane="left_0" pos="16.75" speed="14.36" angle="154.40" x="7.19" y="30.86"/>
    </timestep>
    <timestep time="0.80">
        <vehicle id="cfm_slow_0" eclass="HBEFA3/PC_G_EU4" CO2="71334.92" CO="1410.70" HC="8.19" NOx="33.24" PMx="1.81" fuel="30.66" electricity="0.00" noise="142.08" route="routebottom" type="cfm_slow" waiting="0.00" lane="bottom_0" pos="6.89" speed="14.55" angle="82.06" x="77.71" y="-0.11"/>
        <vehicle id="cfm_slow_1" eclass="HBEFA3/PC_G_EU4" CO2="71334.92" CO="1410.70" HC="8.19" NOx="33.24" PMx="1.81" fuel="30.66" electricity="0.00" noise="142.08" route="routebottom" type="cfm_slow" waiting="0.00" lane="bottom_0" pos="46.89" speed="14.55" angle="10.15" x="128.65" y="57.27"/>
        <vehicle id="cfm_slow_2" eclass="HBEFA3/PC_G_EU4" CO2="71334.92" CO="1410.70" HC="8.19" NOx="33.24" PMx="1.81" fuel="30.66" electricity="0.00" noise="142.08" route="routeright" type="cfm_slow" waiting="0.00" lane="right_0" pos="36.89" speed="14.55" angle="298.07" x="89.81" y="123.50"/>
        <vehicle id="cfm_slow_3" eclass="HBEFA3/PC_G_EU4" CO2="71334.92" CO="1410.70" HC="8.19" NOx="33.24" PMx="1.81" fuel="30.66" electricity="0.00" noise="142.08" route="routetop" type="cfm_slow" waiting="0.00" lane="top_0" pos="26.89" speed="14.55" angle="226.14" x="14.82" y="107.02"/>
        <vehicle id="cfm_slow_4" eclass="HBEFA3/PC_G_EU4" CO2="71334.92" CO="1410.70" HC="8.19" NOx="33.24" PMx="1.81" fuel="30.66" electricity="0.00" noise="142.08" route="routeleft" type="cfm_slow" waiting="0.00" lane="left_0" pos="16.89" speed="14.55" angle="154.12" x="7.34" y="30.60"/>
    </timestep>
    <timestep time="0.81">
        <vehicle id="cfm_slow_0" eclass="HBEFA3/PC_G_EU4" CO2="72214.81" CO="1427.82" HC="8.29" NOx="33.66" PMx="1.84" fuel="31.04" electricity="0.00" noise="142.16" route="routebottom" type="cfm_slow" waiting="0.00" lane="bottom_0" pos="7.04" speed="14.73" angle="81.79" x="78.00" y="-0.04"/>
        <vehicle id="cfm_slow_1" eclass="HBEFA3/PC_G_EU4" CO2="72214.81" CO="1427.82" HC="8.29" NOx="33.66" PMx="1.84" fuel="31.04" electricity="0.00" noise="142.16" route="routebottom" type="cfm_slow" waiting="0.00" lane="bottom_0" pos="47.04" speed="14.73" angle="9.89" x="128.68" y="57.57"/>
        <vehicle id="cfm_slow_2" eclass="HBEFA3/PC_G_EU4" CO2="72214.81" CO="1427.82" HC="8.29" NOx="33.66" PMx="1.84" fuel="31.04" electricity="0.00" noise="142.16" route="routeright" type="cfm_slow" waiting="0.00" lane="right_0" pos="37.04" speed="14.73" angle="297.79" x="89.54" y="123.62"/>
        <vehicle id="cfm_slow_3" eclass="HBEFA3/PC_G_EU4" CO2="72214.81" CO="1427.82" HC="8.29" NOx="33.66" PMx="1.84" fuel="31.04" electricity="0.00" noise="142.16" route="routetop" type="cfm_slow" waiting="0.00" lane="top_0" pos="27.04" speed="14.73" angle="225.88" x="14.62" y="106.79"/>
        <vehicle id="cfm_slow_4" eclass="HBEFA3/PC_G_EU4" CO2="72214.81" CO="1427.82" HC="8.29" NOx="33.66" PMx="1.84" fuel="31.04" electricity="0.00" noise="142.16" route="routeleft" type="cfm_slow" waiting="0.00" lane="left_0" pos="17.04" speed="14.73" angle="153.85" x="7.50" y="30.35"/>
    </timestep>
    <timestep time="0.82">
        <vehicle id="cfm_slow_0" eclass="HBEFA3/PC_G_EU4" CO2="73095.23" CO="1444.98" HC="8.39" NOx="34.07" PMx="1.86" fuel="31.42" electricity="0.00" noise="142.24" route="routebottom" type="cfm_slow" waiting="0.00" lane="bottom_0" pos="7.19" speed="14.91" angle="81.52" x="78.30" y="0.03"/>
        <vehicle id="cfm_slow_1" eclass="HBEFA3/PC_G_EU4" CO2="73095.23" CO="1444.98" HC="8.39" NOx="34.07" PMx="1.86" fuel="31.42" electricity="0.00" noise="142.24" route="routebottom" type="cfm_slow" waiting="0.00" lane="bottom_0" pos="47.19" speed="14.91" angle="9.62" x="128.71" y="57.87"/>
        <vehicle id="cfm_slow_2" eclass="HBEFA3/PC_G_EU4" CO2="73095.23" CO="1444.98" HC="8.39" NOx="34.07" PMx="1.86" fuel="31.42" electricity="0.00" noise="142.24" route="routeright" type="cfm_slow" waiting="0.00" lane="right_0" pos="37.19" speed="14.91" angle="297.58" x="89.26" y="123.75"/>
        <vehicle id="cfm_slow_3" eclass="HBEFA3/PC_G_EU4" CO2="73095.23" CO="1444.98" HC="8.39" NOx="34.07" PMx="1.86" fuel="31.42" electricity="0.00" noise="142.24" route="routetop" type="cfm_slow" waiting="0.00" lane="top_0" pos="27.19" speed="14.91" angle="225.59" x="14.42" y="106.56"/>
        <vehicle id="cfm_slow_4" eclass="HBEFA3/PC_G_EU4" CO2="73095.23" CO="1444.98" HC="8.39" NOx="34.07" PMx="1.86" fuel="31.42" electricity="0.00" noise="142.24" route="routeleft" type="cfm_slow" waiting="0.00" lane="left_0" pos="17.19" speed="14.91" angle="153.57" x="7.66" y="30.08"/>
    </timestep>
    <timestep time="0.83">
        <vehicle id="cfm_slow_0" eclass="HBEFA3/PC_G_EU4" CO2="73976.16" CO="1462.19" HC="8.49" NOx="34.48" PMx="1.88" fuel="31.80" electricity="0.00" noise="142.32" route="routebottom" type="cfm_slow" waiting="0.00" lane="bottom_0" pos="7.34" speed="15.09" angle="81.24" x="78.60" y="0.09"/>
        <vehicle id="cfm_slow_1" eclass="HBEFA3/PC_G_EU4" CO2="73976.16" CO="1462.19" HC="8.49" NOx="34.48" PMx="1.88" fuel="31.80" electricity="0.00" noise="142.32" route="routebottom" type="cfm_slow" waiting="0.00" lane="bottom_0" pos="47.34" speed="15.09" angle="9.36" x="128.75" y="58.18"/>
        <vehicle id="cfm_slow_2" eclass="HBEFA3/PC_G_EU4" CO2="73976.16" CO="1462.19" HC="8.49" NOx="34.48" PMx="1.88" fuel="31.80" electricity="0.00" noise="142.32" route="routeright" type="cfm_slow" waiting="0.00" lane="right_0" pos="37.34" speed="15.09" angle="297.30" x="88.97" y="123.86"/>
        <vehicle id="cfm_slow_3" eclass="HBEFA3/PC_G_EU4" CO2="73976.16" CO="1462.19" HC="8.49" NOx="34.48" PMx="1.88" fuel="31.80" electricity="0.00" noise="142.32" route="routetop" type="cfm_slow" waiting="0.00" lane="top_0" pos="27.34" speed="15.09" angle="225.31" x="14.22" y="106.32"/>
        <vehicle id="cfm_slow_4" eclass="HBEFA3/PC_G_EU4" CO2="73976.16" CO="1462.19" HC="8.49" NOx="34.48" PMx="1.88" fuel="31.80" electricity="0.00" noise="142.32" route="routeleft" type="cfm_slow" waiting="0.00" lane="left_0" pos="17.34" speed="15.09" angle="153.29" x="7.82" y="29.82"/>
    </timestep>
    <timestep time="0.84">
        <vehicle id="cfm_slow_0" eclass="HBEFA3/PC_G_EU4" CO2="74857.62" CO="1479.43" HC="8.59" NOx="34.89" PMx="1.90" fuel="32.18" electricity="0.00" noise="142.41" route="routebottom" type="cfm_slow" waiting="0.00" lane="bottom_0" pos="7.49" speed="15.27" angle="80.96" x="78.91" y="0.16"/>
        <vehicle id="cfm_slow_1" eclass="HBEFA3/PC_G_EU4" CO2="74857.62" CO="1479.43" HC="8.59" NOx="34.89" PMx="1.90" fuel="32.18" electricity="0.00" noise="142.41" route="routebottom" type="cfm_slow" waiting="0.00" lane="bottom_0" pos="47.49" speed="15.27" angle="9.13" x="128.77" y="58.49"/>
        <vehicle id="cfm_slow_2" eclass="HBEFA3/PC_G_EU4" CO2="74857.62" CO="1479.43" HC="8.59" NOx="34.89" PMx="1.90" fuel="32.18" electricity="0.00" noise="142.41" route="routeright" type="cfm_slow" waiting="0.00" lane="right_0" pos="37.49" speed="15.27" angle="297.01" x="88.68" y="123.98"/>
        <vehicle id="cfm_slow_3" eclass="HBEFA3/PC_G_EU4" CO2="74857.62" CO="1479.43" HC="8.59" NOx="34.89" PMx="1.90" fuel="32.18" electricity="0.00" noise="142.41" route="routetop" type="cfm_slow" waiting="0.00" lane="top_0" pos="27.49" speed="15.27" angle="225.01" x="14.02" y="106.08"/>
        <vehicle id="cfm_slow_4" eclass="HBEFA3/PC_G_EU4" CO2="74857.62" CO="1479.43" HC="8.59" NOx="34.89" PMx="1.90" fuel="32.18" electricity="0.00" noise="142.41" route="routeleft" type="cfm_slow" waiting="0.00" lane="left_0" pos="17.49" speed="15.27" angle="153.00" x="7.98" y="29.55"/>
    </timestep>
    <timestep time="0.85">
        <vehicle id="cfm_slow_0" eclass="HBEFA3/PC_G_EU4" CO2="75739.59" CO="1496.71" HC="8.69" NOx="35.30" PMx="1.93" fuel="32.56" electricity="0.00" noise="142.49" route="routebottom" type="cfm_slow" waiting="0.00" lane="bottom_0" pos="7.65" speed="15.45" angle="80.72" x="79.22" y="0.23"/>
        <vehicle id="cfm_slow_1" eclass="HBEFA3/PC_G_EU4" CO2="75739.59" CO="1496.71" HC="8.69" NOx="35.30" PMx="1.93" fuel="32.56" electricity="0.00" noise="142.49" route="routebottom" type="cfm_slow" waiting="0.00" lane="bottom_0" pos="47.65" speed="15.45" angle="8.83" x="128.79" y="58.81"/>
        <vehicle id="cfm_slow_2" eclass="HBEFA3/PC_G_EU4" CO2="75739.59" CO="1496.71" HC="8.69" NOx="35.30" PMx="1.93" fuel="32.56" electricity="0.00" noise="142.49" route="routeright" type="cfm_slow" waiting="0.00" lane="right_0" pos="37.65" speed="15.45" angle="296.72" x="88.39" y="124.10"/>
        <vehicle id="cfm_slow_3" eclass="HBEFA3/PC_G_EU4" CO2="75739.59" CO="1496.71" HC="8.69" NOx="35.30" PMx="1.93" fuel="32.56" electricity="0.00" noise="142.49" route="routetop" type="cfm_slow" waiting="0.00" lane="top_0" pos="27.65" speed="15.45" angle="224.72" x="13.82" y="105.84"/>
        <vehicle id="cfm_slow_4" eclass="HBEFA3/PC_G_EU4" CO2="75739.59" CO="1496.71" HC="8.69" NOx="35.30" PMx="1.93" fuel="32.56" electricity="0.00" noise="142.49" route="routeleft" type="cfm_slow" waiting="0.00" lane="left_0" pos="17.65" speed="15.45" angle="152.71" x="8.14" y="29.28"/>
    </timestep>
    <timestep time="0.86">
        <vehicle id="cfm_slow_0" eclass="HBEFA3/PC_G_EU4" CO2="76622.08" CO="1514.02" HC="8.79" NOx="35.71" PMx="1.95" fuel="32.94" electricity="0.00" noise="142.57" route="routebottom" type="cfm_slow" waiting="0.00" lane="bottom_0" pos="7.80" speed="15.64" angle="80.45" x="79.53" y="0.31"/>
        <vehicle id="cfm_slow_1" eclass="HBEFA3/PC_G_EU4" CO2="76622.08" CO="1514.02" HC="8.79" NOx="35.71" PMx="1.95" fuel="32.94" electricity="0.00" noise="142.57" route="routebottom" type="cfm_slow" waiting="0.00" lane="bottom_0" pos="47.80" speed="15.64" angle="8.53" x="128.81" y="59.13"/>
        <vehicle id="cfm_slow_2" eclass="HBEFA3/PC_G_EU4" CO2="76622.08" CO="1514.02" HC="8.79" NOx="35.71" PMx="1.95" fuel="32.94" electricity="0.00" noise="142.57" route="routeright" type="cfm_slow" waiting="0.00" lane="right_0" pos="37.80" speed="15.64" angle="296.43" x="88.09" y="124.22"/>
        <vehicle id="cfm_slow_3" eclass="HBEFA3/PC_G_EU4" CO2="76622.08" CO="1514.02" HC="8.79" NOx="35.71" PMx="1.95" fuel="32.94" electricity="0.00" noise="142.57" route="routetop" type="cfm_slow" waiting="0.00" lane="top_0" pos="27.80" speed="15.64" angle="224.42" x="13.61" y="105.60"/>
        <vehicle id="cfm_slow_4" eclass="HBEFA3/PC_G_EU4" CO2="76622.08" CO="1514.02" HC="8.79" NOx="35.71" PMx="1.95" fuel="32.94" electricity="0.00" noise="142.57" route="routeleft" type="cfm_slow" waiting="0.00" lane="left_0" pos="17.80" speed="15.64" angle="152.42" x="8.31" y="29.00"/>
    </timestep>
    <timestep time="0.87">
        <vehicle id="cfm_slow_0" eclass="HBEFA3/PC_G_EU4" CO2="77505.09" CO="1531.38" HC="8.89" NOx="36.12" PMx="1.97" fuel="33.32" electricity="0.00" noise="142.66" route="routebottom" type="cfm_slow" waiting="0.00" lane="bottom_0" pos="7.96" speed="15.82" angle="80.15" x="79.84" y="0.40"/>
        <vehicle id="cfm_slow_1" eclass="HBEFA3/PC_G_EU4" CO2="77505.09" CO="1531.38" HC="8.89" NOx="36.12" PMx="1.97" fuel="33.32" electricity="0.00" noise="142.66" route="routebottom" type="cfm_slow" waiting="0.00" lane="bottom_0" pos="47.96" speed="15.82" angle="8.22" x="128.83" y="59.45"/>
        <vehicle id="cfm_slow_2" eclass="HBEFA3/PC_G_EU4" CO2="77505.09" CO="1531.38" HC="8.89" NOx="36.12" PMx="1.97" fuel="33.32" electricity="0.00" noise="142.66" route="routeright" type="cfm_slow" waiting="0.00" lane="right_0" pos="37.96" speed="15.82" angle="296.14" x="87.79" y="124.34"/>
        <vehicle id="cfm_slow_3" eclass="HBEFA3/PC_G_EU4" CO2="77505.09" CO="1531.38" HC="8.89" NOx="36.12" PMx="1.97" fuel="33.32" electricity="0.00" noise="142.66" route="routetop" type="cfm_slow" waiting="0.00" lane="top_0" pos="27.96" speed="15.82" angle="224.12" x="13.40" y="105.35"/>
        <vehicle id="cfm_slow_4" eclass="HBEFA3/PC_G_EU4" CO2="77505.09" CO="1531.38" HC="8.89" NOx="36.12" PMx="1.97" fuel="33.32" electricity="0.00" noise="142.66" route="routeleft" type="cfm_slow" waiting="0.00" lane="left_0" pos="17.96" speed="15.82" angle="152.19" x="8.48" y="28.73"/>
    </timestep>
    <timestep time="0.88">
        <vehicle id="cfm_slow_0" eclass="HBEFA3/PC_G_EU4" CO2="78388.63" CO="1548.77" HC="8.99" NOx="36.54" PMx="2.00" fuel="33.70" electricity="0.00" noise="142.74" route="routebottom" type="cfm_slow" waiting="0.00" lane="bottom_0" pos="8.12" speed="16.00" angle="79.85" x="80.16" y="0.48"/>
        <vehicle id="cfm_slow_1" eclass="HBEFA3/PC_G_EU4" CO2="78388.63" CO="1548.77" HC="8.99" NOx="36.54" PMx="2.00" fuel="33.70" electricity="0.00" noise="142.74" route="routebottom" type="cfm_slow" waiting="0.00" lane="bottom_0" pos="48.12" speed="16.00" angle="7.91" x="128.85" y="59.78"/>
        <vehicle id="cfm_slow_2" eclass="HBEFA3/PC_G_EU4" CO2="78388.63" CO="1548.77" HC="8.99" NOx="36.54" PMx="2.00" fuel="33.70" electricity="0.00" noise="142.74" route="routeright" type="cfm_slow" waiting="0.00" lane="right_0" pos="38.12" speed="16.00" angle="295.84" x="87.48" y="124.46"/>
        <vehicle id="cfm_slow_3" eclass="HBEFA3/PC_G_EU4" CO2="78388.63" CO="1548.77" HC="8.99" NOx="36.54" PMx="2.00" fuel="33.70" electricity="0.00" noise="142.74" route="routetop" type="cfm_slow" waiting="0.00" lane="top_0" pos="28.12" speed="16.00" angle="223.84" x="13.19" y="105.10"/>
        <vehicle id="cfm_slow_4" eclass="HBEFA3/PC_G_EU4" CO2="78388.63" CO="1548.77" HC="8.99" NOx="36.54" PMx="2.00" fuel="33.70" electricity="0.00" noise="142.74" route="routeleft" type="cfm_slow" waiting="0.00" lane="left_0" pos="18.12" speed="16.00" angle="151.89" x="8.66" y="28.45"/>
    </timestep>
    <timestep time="0.89">
        <vehicle id="cfm_slow_0" eclass="HBEFA3/PC_G_EU4" CO2="79272.67" CO="1566.20" HC="9.10" NOx="36.95" PMx="2.02" fuel="34.08" electricity="0.00" noise="142.83" route="routebottom" type="cfm_slow" waiting="0.00" lane="bottom_0" pos="8.28" speed="16.18" angle="79.55" x="80.48" y="0.57"/>
        <vehicle id="cfm_slow_1" eclass="HBEFA3/PC_G_EU4" CO2="79272.67" CO="1566.20" HC="9.10" NOx="36.95" PMx="2.02" fuel="34.08" electricity="0.00" noise="142.83" route="routebottom" type="cfm_slow" waiting="0.00" lane="bottom_0" pos="48.28" speed="16.18" angle="7.60" x="128.87" y="60.11"/>
        <vehicle id="cfm_slow_2" eclass="HBEFA3/PC_G_EU4" CO2="79272.67" CO="1566.20" HC="9.10" NOx="36.95" PMx="2.02" fuel="34.08" electricity="0.00" noise="142.83" route="routeright" type="cfm_slow" waiting="0.00" lane="right_0" pos="38.28" speed="16.18" angle="295.54" x="87.17" y="124.58"/>
        <vehicle id="cfm_slow_3" eclass="HBEFA3/PC_G_EU4" CO2="79272.67" CO="1566.20" HC="9.10" NOx="36.95" PMx="2.02" fuel="34.08" electricity="0.00" noise="142.83" route="routetop" type="cfm_slow" waiting="0.00" lane="top_0" pos="28.28" speed="16.18" angle="223.58" x="12.98" y="104.84"/>
        <vehicle id="cfm_slow_4" eclass="HBEFA3/PC_G_EU4" CO2="79272.67" CO="1566.20" HC="9.10" NOx="36.95" PMx="2.02" fuel="34.08" electricity="0.00" noise="142.83" route="routeleft" type="cfm_slow" waiting="0.00" lane="left_0" pos="18.28" speed="16.18" angle="151.58" x="8.84" y="28.18"/>
    </timestep>
    <timestep time="0.90">
        <vehicle id="cfm_slow_0" eclass="HBEFA3/PC_G_EU4" CO2="80157.24" CO="1583.67" HC="9.20" NOx="37.36" PMx="2.04" fuel="34.46" electricity="0.00" noise="142.91" route="routebottom" type="cfm_slow" waiting="0.00" lane="bottom_0" pos="8.45" speed="16.36" angle="79.24" x="80.80" y="0.65"/>
        <vehicle id="cfm_slow_1" eclass="HBEFA3/PC_G_EU4" CO2="80157.24" CO="1583.67" HC="9.20" NOx="37.36" PMx="2.04" fuel="34.46" electricity="0.00" noise="142.91" route="routebottom" type="cfm_slow" waiting="0.00" lane="bottom_0" pos="48.45" speed="16.36" angle="7.28" x="128.89" y="60.44"/>
        <vehicle id="cfm_slow_2" eclass="HBEFA3/PC_G_EU4" CO2="80157.24" CO="1583.67" HC="9.20" NOx="37.36" PMx="2.04" fuel="34.46" electricity="0.00" noise="142.91" route="routeright" type="cfm_slow" waiting="0.00" lane="right_0" pos="38.45" speed="16.36" angle="295.28" x="86.86" y="124.70"/>
        <vehicle id="cfm_slow_3" eclass="HBEFA3/PC_G_EU4" CO2="80157.24" CO="1583.67" HC="9.20" NOx="37.36" PMx="2.04" fuel="34.46" electricity="0.00" noise="142.91" route="routetop" type="cfm_slow" waiting="0.00" lane="top_0" pos="28.45" speed="16.36" angle="223.29" x="12.77" y="104.58"/>
        <vehicle id="cfm_slow_4" eclass="HBEFA3/PC_G_EU4" CO2="80157.24" CO="1583.67" HC="9.20" NOx="37.36" PMx="2.04" fuel="34.46" electricity="0.00" noise="142.91" route="routeleft" type="cfm_slow" waiting="0.00" lane="left_0" pos="18.45" speed="16.36" angle="151.26" x="9.03" y="27.90"/>
    </timestep>
    <timestep time="0.91">
        <vehicle id="cfm_slow_0" eclass="HBEFA3/PC_G_EU4" CO2="81042.33" CO="1601.18" HC="9.30" NOx="37.78" PMx="2.06" fuel="34.84" electricity="0.00" noise="142.99" route="routebottom" type="cfm_slow" waiting="0.00" lane="bottom_0" pos="8.61" speed="16.55" angle="78.93" x="81.13" y="0.74"/>
        <vehicle id="cfm_slow_1" eclass="HBEFA3/PC_G_EU4" CO2="81042.33" CO="1601.18" HC="9.30" NOx="37.78" PMx="2.06" fuel="34.84" electricity="0.00" noise="142.99" route="routebottom" type="cfm_slow" waiting="0.00" lane="bottom_0" pos="48.61" speed="16.55" angle="6.97" x="128.91" y="60.78"/>
        <vehicle id="cfm_slow_2" eclass="HBEFA3/PC_G_EU4" CO2="81042.33" CO="1601.18" HC="9.30" NOx="37.78" PMx="2.06" fuel="34.84" electricity="0.00" noise="142.99" route="routeright" type="cfm_slow" waiting="0.00" lane="right_0" pos="38.61" speed="16.55" angle="295.00" x="86.54" y="124.82"/>
        <vehicle id="cfm_slow_3" eclass="HBEFA3/PC_G_EU4" CO2="81042.33" CO="1601.18" HC="9.30" NOx="37.78" PMx="2.06" fuel="34.84" electricity="0.00" noise="142.99" route="routetop" type="cfm_slow" waiting="0.00" lane="top_0" pos="28.61" speed="16.55" angle="222.98" x="12.56" y="104.31"/>
        <vehicle id="cfm_slow_4" eclass="HBEFA3/PC_G_EU4" CO2="81042.33" CO="1601.18" HC="9.30" NOx="37.78" PMx="2.06" fuel="34.84" electricity="0.00" noise="142.99" route="routeleft" type="cfm_slow" waiting="0.00" lane="left_0" pos="18.61" speed="16.55" angle="150.95" x="9.22" y="27.62"/>
    </timestep>
    <timestep time="0.92">
        <vehicle id="cfm_slow_0" eclass="HBEFA3/PC_G_EU4" CO2="81927.94" CO="1618.73" HC="9.40" NOx="38.19" PMx="2.09" fuel="35.22" electricity="0.00" noise="143.08" route="routebottom" type="cfm_slow" waiting="0.00" lane="bottom_0" pos="8.78" speed="16.73" angle="78.62" x="81.46" y="0.83"/>
        <vehicle id="cfm_slow_1" eclass="HBEFA3/PC_G_EU4" CO2="81927.94" CO="1618.73" HC="9.40" NOx="38.19" PMx="2.09" fuel="35.22" electricity="0.00" noise="143.08" route="routebottom" type="cfm_slow" waiting="0.00" lane="bottom_0" pos="48.78" speed="16.73" angle="6.71" x="128.92" y="61.13"/>
        <vehicle id="cfm_slow_2" eclass="HBEFA3/PC_G_EU4" CO2="81927.94" CO="1618.73" HC="9.40" NOx="38.19" PMx="2.09" fuel="35.22" electricity="0.00" noise="143.08" route="routeright" type="cfm_slow" waiting="0.00" lane="right_0" pos="38.78" speed="16.73" angle="294.70" x="86.22" y="124.94"/>
        <vehicle id="cfm_slow_3" eclass="HBEFA3/PC_G_EU4" CO2="81927.94" CO="1618.73" HC="9.40" NOx="38.19" PMx="2.09" fuel="35.22" electricity="0.00" noise="143.08" route="routetop" type="cfm_slow" waiting="0.00" lane="top_0" pos="28.78" speed="16.73" angle="222.68" x="12.35" y="104.04"/>
        <vehicle id="cfm_slow_4" eclass="HBEFA3/PC_G_EU4" CO2="81927.94" CO="1618.73" HC="9.40" NOx="38.19" PMx="2.09" fuel="35.22" electricity="0.00" noise="143.08" route="routeleft" type="cfm_slow" waiting="0.00" lane="left_0" pos="18.78" speed="16.73" angle="150.63" x="9.41" y="27.33"/>
    </timestep>
    <timestep time="0.93">
        <vehicle id="cfm_slow_0" eclass="HBEFA3/PC_G_EU4" CO2="82814.06" CO="1636.32" HC="9.50" NOx="38.60" PMx="2.11" fuel="35.60" electricity="0.00" noise="143.16" route="routebottom" type="cfm_slow" waiting="0.00" lane="bottom_0" pos="8.95" speed="16.91" angle="78.35" x="81.79" y="0.92"/>
        <vehicle id="cfm_slow_1" eclass="HBEFA3/PC_G_EU4" CO2="82814.06" CO="1636.32" HC="9.50" NOx="38.60" PMx="2.11" fuel="35.60" electricity="0.00" noise="143.16" route="routebottom" type="cfm_slow" waiting="0.00" lane="bottom_0" pos="48.95" speed="16.91" angle="6.40" x="128.93" y="61.47"/>
        <vehicle id="cfm_slow_2" eclass="HBEFA3/PC_G_EU4" CO2="82814.06" CO="1636.32" HC="9.50" NOx="38.60" PMx="2.11" fuel="35.60" electricity="0.00" noise="143.16" route="routeright" type="cfm_slow" waiting="0.00" lane="right_0" pos="38.95" speed="16.91" angle="294.40" x="85.90" y="125.06"/>
        <vehicle id="cfm_slow_3" eclass="HBEFA3/PC_G_EU4" CO2="82814.06" CO="1636.32" HC="9.50" NOx="38.60" PMx="2.11" fuel="35.60" electricity="0.00" noise="143.16" route="routetop" type="cfm_slow" waiting="0.00" lane="top_0" pos="28.95" speed="16.91" angle="222.37" x="12.14" y="103.77"/>
        <vehicle id="cfm_slow_4" eclass="HBEFA3/PC_G_EU4" CO2="82814.06" CO="1636.32" HC="9.50" NOx="38.60" PMx="2.11" fuel="35.60" electricity="0.00" noise="143.16" route="routeleft" type="cfm_slow" waiting="0.00" lane="left_0" pos="18.95" speed="16.91" angle="150.31" x="9.60" y="27.04"/>
    </timestep>
    <timestep time="0.94">
        <vehicle id="cfm_slow_0" eclass="HBEFA3/PC_G_EU4" CO2="83700.71" CO="1653.94" HC="9.61" NOx="39.02" PMx="2.13" fuel="35.98" electricity="0.00" noise="143.24" route="routebottom" type="cfm_slow" waiting="0.00" lane="bottom_0" pos="9.12" speed="17.09" angle="78.05" x="82.13" y="1.02"/>
        <vehicle id="cfm_slow_1" eclass="HBEFA3/PC_G_EU4" CO2="83700.71" CO="1653.94" HC="9.61" NOx="39.02" PMx="2.13" fuel="35.98" electricity="0.00" noise="143.24" route="routebottom" type="cfm_slow" waiting="0.00" lane="bottom_0" pos="49.12" speed="17.09" angle="6.09" x="128.94" y="61.82"/>
        <vehicle id="cfm_slow_2" eclass="HBEFA3/PC_G_EU4" CO2="83700.71" CO="1653.94" HC="9.61" NOx="39.02" PMx="2.13" fuel="35.98" electricity="0.00" noise="143.24" route="routeright" type="cfm_slow" waiting="0.00" lane="right_0" pos="39.12" speed="17.09" angle="294.10" x="85.57" y="125.18"/>
        <vehicle id="cfm_slow_3" eclass="HBEFA3/PC_G_EU4" CO2="83700.71" CO="1653.94" HC="9.61" NOx="39.02" PMx="2.13" fuel="35.98" electricity="0.00" noise="143.24" route="routetop" type="cfm_slow" waiting="0.00" lane="top_0" pos="29.12" speed="17.09" angle="222.06" x="11.92" y="103.49"/>
        <vehicle id="cfm_slow_4" eclass="HBEFA3/PC_G_EU4" CO2="83700.71" CO="1653.94" HC="9.61" NOx="39.02" PMx="2.13" fuel="35.98" electricity="0.00" noise="143.24" route="routeleft" type="cfm_slow" waiting="0.00" lane="left_0" pos="19.12" speed="17.09" angle="149.99" x="9.79" y="26.75"/>
    </timestep>
    <timestep time="0.95">
        <vehicle id="cfm_slow_0" eclass="HBEFA3/PC_G_EU4" CO2="84587.87" CO="1671.60" HC="9.71" NOx="39.43" PMx="2.16" fuel="36.36" electricity="0.00" noise="143.33" route="routebottom" type="cfm_slow" waiting="0.00" lane="bottom_0" pos="9.29" speed="17.27" angle="77.73" x="82.47" y="1.13"/>
        <vehicle id="cfm_slow_1" eclass="HBEFA3/PC_G_EU4" CO2="84587.87" CO="1671.60" HC="9.71" NOx="39.43" PMx="2.16" fuel="36.36" electricity="0.00" noise="143.33" route="routebottom" type="cfm_slow" waiting="0.00" lane="bottom_0" pos="49.29" speed="17.27" angle="5.77" x="128.94" y="62.18"/>
        <vehicle id="cfm_slow_2" eclass="HBEFA3/PC_G_EU4" CO2="84587.87" CO="1671.60" HC="9.71" NOx="39.43" PMx="2.16" fuel="36.36" electricity="0.00" noise="143.33" route="routeright" type="cfm_slow" waiting="0.00" lane="right_0" pos="39.29" speed="17.27" angle="293.79" x="85.23" y="125.30"/>
        <vehicle id="cfm_slow_3" eclass="HBEFA3/PC_G_EU4" CO2="84587.87" CO="1671.60" HC="9.71" NOx="39.43" PMx="2.16" fuel="36.36" electricity="0.00" noise="143.33" route="routetop" type="cfm_slow" waiting="0.00" lane="top_0" pos="29.29" speed="17.27" angle="221.75" x="11.70" y="103.21"/>
        <vehicle id="cfm_slow_4" eclass="HBEFA3/PC_G_EU4" CO2="84587.87" CO="1671.60" HC="9.71" NOx="39.43" PMx="2.16" fuel="36.36" electricity="0.00" noise="143.33" route="routeleft" type="cfm_slow" waiting="0.00" lane="left_0" pos="19.29" speed="17.27" angle="149.72" x="9.99" y="26.46"/>
    </timestep>
    <timestep time="0.96">
        <vehicle id="cfm_slow_0" eclass="HBEFA3/PC_G_EU4" CO2="85475.55" CO="1689.30" HC="9.81" NOx="39.85" PMx="2.18" fuel="36.74" electricity="0.00" noise="143.41" route="routebottom" type="cfm_slow" waiting="0.00" lane="bottom_0" pos="9.47" speed="17.45" angle="77.42" x="82.81" y="1.23"/>
        <vehicle id="cfm_slow_1" eclass="HBEFA3/PC_G_EU4" CO2="85475.55" CO="1689.30" HC="9.81" NOx="39.85" PMx="2.18" fuel="36.74" electricity="0.00" noise="143.41" route="routebottom" type="cfm_slow" waiting="0.00" lane="bottom_0" pos="49.47" speed="17.45" angle="5.45" x="128.95" y="62.53"/>
        <vehicle id="cfm_slow_2" eclass="HBEFA3/PC_G_EU4" CO2="85475.55" CO="1689.30" HC="9.81" NOx="39.85" PMx="2.18" fuel="36.74" electricity="0.00" noise="143.41" route="routeright" type="cfm_slow" waiting="0.00" lane="right_0" pos="39.47" speed="17.45" angle="293.48" x="84.90" y="125.42"/>
        <vehicle id="cfm_slow_3" eclass="HBEFA3/PC_G_EU4" CO2="85475.55" CO="1689.30" HC="9.81" NOx="39.85" PMx="2.18" fuel="36.74" electricity="0.00" noise="143.41" route="routetop" type="cfm_slow" waiting="0.00" lane="top_0" pos="29.47" speed="17.45" angle="221.47" x="11.48" y="102.93"/>
        <vehicle id="cfm_slow_4" eclass="HBEFA3/PC_G_EU4" CO2="85475.55" CO="1689.30" HC="9.81" NOx="39.85" PMx="2.18" fuel="36.74" electricity="0.00" noise="143.41" route="routeleft" type="cfm_slow" waiting="0.00" lane="left_0" pos="19.47" speed="17.45" angle="149.40" x="10.20" y="26.17"/>
    </timestep>
    <timestep time="0.97">
        <vehicle id="cfm_slow_0" eclass="HBEFA3/PC_G_EU4" CO2="86363.75" CO="1707.04" HC="9.91" NOx="40.26" PMx="2.20" fuel="37.12" electricity="0.00" noise="143.50" route="routebottom" type="cfm_slow" waiting="0.00" lane="bottom_0" pos="9.64" speed="17.64" angle="77.09" x="83.16" y="1.34"/>
        <vehicle id="cfm_slow_1" eclass="HBEFA3/PC_G_EU4" CO2="86363.75" CO="1707.04" HC="9.91" NOx="40.26" PMx="2.20" fuel="37.12" electricity="0.00" noise="143.50" route="routebottom" type="cfm_slow" waiting="0.00" lane="bottom_0" pos="49.64" speed="17.64" angle="5.13" x="128.96" y="62.90"/>
        <vehicle id="cfm_slow_2" eclass="HBEFA3/PC_G_EU4" CO2="86363.75" CO="1707.04" HC="9.91" NOx="40.26" PMx="2.20" fuel="37.12" electricity="0.00" noise="143.50" route="routeright" type="cfm_slow" waiting="0.00" lane="right_0" pos="39.64" speed="17.64" angle="293.18" x="84.56" y="125.54"/>
        <vehicle id="cfm_slow_3" eclass="HBEFA3/PC_G_EU4" CO2="86363.75" CO="1707.04" HC="9.91" NOx="40.26" PMx="2.20" fuel="37.12" electricity="0.00" noise="143.50" route="routetop" type="cfm_slow" waiting="0.00" lane="top_0" pos="29.64" speed="17.64" angle="221.15" x="11.27" y="102.64"/>
        <vehicle id="cfm_slow_4" eclass="HBEFA3/PC_G_EU4" CO2="86363.75" CO="1707.04" HC="9.91" NOx="40.26" PMx="2.20" fuel="37.12" electricity="0.00" noise="143.50" route="routeleft" type="cfm_slow" waiting="0.00" lane="left_0" pos="19.64" speed="17.64" angle="149.08" x="10.41" y="25.87"/>
    </timestep>
    <timestep time="0.98">
        <vehicle id="cfm_slow_0" eclass="HBEFA3/PC_G_EU4" CO2="87252.47" CO="1724.82" HC="10.02" NOx="40.68" PMx="2.23" fuel="37.51" electricity="0.00" noise="143.58" route="routebottom" type="cfm_slow" waiting="0.00" lane="bottom_0" pos="9.82" speed="17.82" angle="76.77" x="83.50" y="1.45"/>
        <vehicle id="cfm_slow_1" eclass="HBEFA3/PC_G_EU4" CO2="87252.47" CO="1724.82" HC="10.02" NOx="40.68" PMx="2.23" fuel="37.51" electricity="0.00" noise="143.58" route="routebottom" type="cfm_slow" waiting="0.00" lane="bottom_0" pos="49.82" speed="17.82" angle="4.80" x="128.96" y="63.26"/>
        <vehicle id="cfm_slow_2" eclass="HBEFA3/PC_G_EU4" CO2="87252.47" CO="1724.82" HC="10.02" NOx="40.68" PMx="2.23" fuel="37.51" electricity="0.00" noise="143.58" route="routeright" type="cfm_slow" waiting="0.00" lane="right_0" pos="39.82" speed="17.82" angle="292.90" x="84.21" y="125.66"/>
        <vehicle id="cfm_slow_3" eclass="HBEFA3/PC_G_EU4" CO2="87252.47" CO="1724.82" HC="10.02" NOx="40.68" PMx="2.23" fuel="37.51" electricity="0.00" noise="143.58" route="routetop" type="cfm_slow" waiting="0.00" lane="top_0" pos="29.82" speed="17.82" angle="220.81" x="11.06" y="102.34"/>
        <vehicle id="cfm_slow_4" eclass="HBEFA3/PC_G_EU4" CO2="87252.47" CO="1724.82" HC="10.02" NOx="40.68" PMx="2.23" fuel="37.51" electricity="0.00" noise="143.58" route="routeleft" type="cfm_slow" waiting="0.00" lane="left_0" pos="19.82" speed="17.82" angle="148.75" x="10.63" y="25.58"/>
    </timestep>
    <timestep time="0.99">
        <vehicle id="cfm_slow_0" eclass="HBEFA3/PC_G_EU4" CO2="88141.71" CO="1742.63" HC="10.12" NOx="41.09" PMx="2.25" fuel="37.89" electricity="0.00" noise="143.67" route="routebottom" type="cfm_slow" waiting="0.00" lane="bottom_0" pos="10.00" speed="18.00" angle="76.44" x="83.86" y="1.56"/>
        <vehicle id="cfm_slow_1" eclass="HBEFA3/PC_G_EU4" CO2="88141.71" CO="1742.63" HC="10.12" NOx="41.09" PMx="2.25" fuel="37.89" electricity="0.00" noise="143.67" route="routebottom" type="cfm_slow" waiting="0.00" lane="bottom_0" pos="50.00" speed="18.00" angle="4.52" x="128.97" y="63.63"/>
        <vehicle id="cfm_slow_2" eclass="HBEFA3/PC_G_EU4" CO2="88141.71" CO="1742.63" HC="10.12" NOx="41.09" PMx="2.25" fuel="37.89" electricity="0.00" noise="143.67" route="routeright" type="cfm_slow" waiting="0.00" lane="right_0" pos="40.00" speed="18.00" angle="292.57" x="83.86" y="125.77"/>
        <vehicle id="cfm_slow_3" eclass="HBEFA3/PC_G_EU4" CO2="88141.71" CO="1742.63" HC="10.12" NOx="41.09" PMx="2.25" fuel="37.89" electricity="0.00" noise="143.67" route="routetop" type="cfm_slow" waiting="0.00" lane="top_0" pos="30.00" speed="18.00" angle="220.47" x="10.84" y="102.04"/>
        <vehicle id="cfm_slow_4" eclass="HBEFA3/PC_G_EU4" CO2="88141.71" CO="1742.63" HC="10.12" NOx="41.09" PMx="2.25" fuel="37.89" electricity="0.00" noise="143.67" route="routeleft" type="cfm_slow" waiting="0.00" lane="left_0" pos="20.00" speed="18.00" angle="148.42" x="10.84" y="25.28"/>
    </timestep>
    <timestep time="1.00">
        <vehicle id="cfm_slow_0" eclass="HBEFA3/PC_G_EU4" CO2="89031.47" CO="1760.48" HC="10.22" NOx="41.51" PMx="2.27" fuel="38.27" electricity="0.00" noise="143.75" route="routebottom" type="cfm_slow" waiting="0.00" lane="bottom_0" pos="10.18" speed="18.18" angle="76.14" x="84.21" y="1.67"/>
        <vehicle id="cfm_slow_1" eclass="HBEFA3/PC_G_EU4" CO2="89031.47" CO="1760.48" HC="10.22" NOx="41.51" PMx="2.27" fuel="38.27" electricity="0.00" noise="143.75" route="routebottom" type="cfm_slow" waiting="0.00" lane="right_0" pos="0.18" speed="18.18" angle="4.16" x="128.96" y="64.06"/>
        <vehicle id="cfm_slow_2" eclass="HBEFA3/PC_G_EU4" CO2="89031.47" CO="1760.48" HC="10.22" NOx="41.51" PMx="2.27" fuel="38.27" electricity="0.00" noise="143.75" route="routeright" type="cfm_slow" waiting="0.00" lane="right_0" pos="40.18" speed="18.18" angle="292.23" x="83.50" y="125.88"/>
        <vehicle id="cfm_slow_3" eclass="HBEFA3/PC_G_EU4" CO2="89031.47" CO="1760.48" HC="10.22" NOx="41.51" PMx="2.27" fuel="38.27" electricity="0.00" noise="143.75" route="routetop" type="cfm_slow" waiting="0.00" lane="top_0" pos="30.18" speed="18.18" angle="220.13" x="10.62" y="101.74"/>
        <vehicle id="cfm_slow_4" eclass="HBEFA3/PC_G_EU4" CO2="89031.47" CO="1760.48" HC="10.22" NOx="41.51" PMx="2.27" fuel="38.27" electricity="0.00" noise="143.75" route="routeleft" type="cfm_slow" waiting="0.00" lane="left_0" pos="20.18" speed="18.18" angle="148.09" x="11.06" y="24.98"/>
    </timestep>
    <timestep time="1.01">
        <vehicle id="cfm_slow_0" eclass="HBEFA3/PC_G_EU4" CO2="89921.75" CO="1778.38" HC="10.33" NOx="41.92" PMx="2.30" fuel="38.65" electricity="0.00" noise="143.84" route="routebottom" type="cfm_slow" waiting="0.00" lane="bottom_0" pos="10.37" speed="18.36" angle="75.84" x="84.57" y="1.79"/>
        <vehicle id="cfm_slow_1" eclass="HBEFA3/PC_G_EU4" CO2="89921.75" CO="1778.38" HC="10.33" NOx="41.92" PMx="2.30" fuel="38.65" electricity="0.00" noise="143.84" route="routebottom" type="cfm_slow" waiting="0.00" lane="right_0" pos="0.37" speed="18.36" angle="3.83" x="128.96" y="64.44"/>
        <vehicle id="cfm_slow_2" eclass="HBEFA3/PC_G_EU4" CO2="89921.75" CO="1778.38" HC="10.33" NOx="41.92" PMx="2.30" fuel="38.65" electricity="0.00" noise="143.84" route="routeright" type="cfm_slow" waiting="0.00" lane="right_0" pos="40.37" speed="18.36" angle="291.88" x="83.14" y="125.99"/>
        <vehicle id="cfm_slow_3" eclass="HBEFA3/PC_G_EU4" CO2="89921.75" CO="1778.38" HC="10.33" NOx="41.92" PMx="2.30" fuel="38.65" electricity="0.00" noise="143.84" route="routetop" type="cfm_slow" waiting="0.00" lane="top_0" pos="30.37" speed="18.36" angle="219.78" x="10.40" y="101.43"/>
        <vehicle id="cfm_slow_4" eclass="HBEFA3/PC_G_EU4" CO2="89921.75" CO="1778.38" HC="10.33" NOx="41.92" PMx="2.30" fuel="38.65" electricity="0.00" noise="143.84" route="routeleft" type="cfm_slow" waiting="0.00" lane="left_0" pos="20.37" speed="18.36" angle="147.76" x="11.28" y="24.67"/>
    </timestep>
    <timestep time="1.02">
        <vehicle id="cfm_slow_0" eclass="HBEFA3/PC_G_EU4" CO2="90812.55" CO="1796.31" HC="10.43" NOx="42.34" PMx="2.32" fuel="39.04" electricity="0.00" noise="143.92" route="routebottom" type="cfm_slow" waiting="0.00" lane="bottom_0" pos="10.55" speed="18.55" angle="75.49" x="84.93" y="1.92"/>
        <vehicle id="cfm_slow_1" eclass="HBEFA3/PC_G_EU4" CO2="90812.55" CO="1796.31" HC="10.43" NOx="42.34" PMx="2.32" fuel="39.04" electricity="0.00" noise="143.92" route="routebottom" type="cfm_slow" waiting="0.00" lane="right_0" pos="0.55" speed="18.55" angle="3.49" x="128.95" y="64.82"/>
        <vehicle id="cfm_slow_2" eclass="HBEFA3/PC_G_EU4" CO2="90812.55" CO="1796.31" HC="10.43" NOx="42.34" PMx="2.32" fuel="39.04" electricity="0.00" noise="143.92" route="routeright" type="cfm_slow" waiting="0.00" lane="right_0" pos="40.55" speed="18.55" angle="291.54" x="82.78" y="126.11"/>
        <vehicle id="cfm_slow_3" eclass="HBEFA3/PC_G_EU4" CO2="90812.55" CO="1796.31" HC="10.43" NOx="42.34" PMx="2.32" fuel="39.04" electricity="0.00" noise="143.92" route="routetop" type="cfm_slow" waiting="0.00" lane="top_0" pos="30.55" speed="18.55" angle="219.43" x="10.18" y="101.13"/>
        <vehicle id="cfm_slow_4" eclass="HBEFA3/PC_G_EU4" CO2="90812.55" CO="1796.31" HC="10.43" NOx="42.34" PMx="2.32" fuel="39.04" electricity="0.00" noise="143.92" route="routeleft" type="cfm_slow" waiting="0.00" lane="left_0" pos="20.55" speed="18.55" angle="147.48" x="11.50" y="24.36"/>
    </timestep>
    <timestep time="1.03">
        <vehicle id="cfm_slow_0" eclass="HBEFA3/PC_G_EU4" CO2="91703.86" CO="1814.28" HC="10.54" NOx="42.75" PMx="2.34" fuel="39.42" electricity="0.00" noise="144.00" route="routebottom" type="cfm_slow" waiting="0.00" lane="bottom_0" pos="10.74" speed="18.73" angle="75.14" x="85.29" y="2.05"/>
        <vehicle id="cfm_slow_1" eclass="HBEFA3/PC_G_EU4" CO2="91703.86" CO="1814.28" HC="10.54" NOx="42.75" PMx="2.34" fuel="39.42" electricity="0.00" noise="144.00" route="routebottom" type="cfm_slow" waiting="0.00" lane="right_0" pos="0.74" speed="18.73" angle="3.14" x="128.94" y="65.20"/>
        <vehicle id="cfm_slow_2" eclass="HBEFA3/PC_G_EU4" CO2="91703.86" CO="1814.28" HC="10.54" NOx="42.75" PMx="2.34" fuel="39.42" electricity="0.00" noise="144.00" route="routeright" type="cfm_slow" waiting="0.00" lane="right_0" pos="40.74" speed="18.73" angle="291.18" x="82.41" y="126.22"/>
        <vehicle id="cfm_slow_3" eclass="HBEFA3/PC_G_EU4" CO2="91703.86" CO="1814.28" HC="10.54" NOx="42.75" PMx="2.34" fuel="39.42" electricity="0.00" noise="144.00" route="routetop" type="cfm_slow" waiting="0.00" lane="top_0" pos="30.74" speed="18.73" angle="219.12" x="9.96" y="100.81"/>
        <vehicle id="cfm_slow_4" eclass="HBEFA3/PC_G_EU4" CO2="91703.86" CO="1814.28" HC="10.54" NOx="42.75" PMx="2.34" fuel="39.42" electricity="0.00" noise="144.00" route="routeleft" type="cfm_slow" waiting="0.00" lane="left_0" pos="20.74" speed="18.73" angle="147.14" x="11.74" y="24.06"/>
    </timestep>
    <timestep time="1.04">
        <vehicle id="cfm_slow_0" eclass="HBEFA3/PC_G_EU4" CO2="92595.70" CO="1832.28" HC="10.64" NOx="43.17" PMx="2.37" fuel="39.80" electricity="0.00" noise="144.09" route="routebottom" type="cfm_slow" waiting="0.00" lane="bottom_0" pos="10.93" speed="18.91" angle="74.79" x="85.65" y="2.18"/>
        <vehicle id="cfm_slow_1" eclass="HBEFA3/PC_G_EU4" CO2="92595.70" CO="1832.28" HC="10.64" NOx="43.17" PMx="2.37" fuel="39.80" electricity="0.00" noise="144.09" route="routebottom" type="cfm_slow" waiting="0.00" lane="right_0" pos="0.93" speed="18.91" angle="2.80" x="128.93" y="65.59"/>
        <vehicle id="cfm_slow_2" eclass="HBEFA3/PC_G_EU4" CO2="92595.70" CO="1832.28" HC="10.64" NOx="43.17" PMx="2.37" fuel="39.80" electricity="0.00" noise="144.09" route="routeright" type="cfm_slow" waiting="0.00" lane="right_0" pos="40.93" speed="18.91" angle="290.84" x="82.04" y="126.33"/>
        <vehicle id="cfm_slow_3" eclass="HBEFA3/PC_G_EU4" CO2="92595.70" CO="1832.28" HC="10.64" NOx="43.17" PMx="2.37" fuel="39.80" electricity="0.00" noise="144.09" route="routetop" type="cfm_slow" waiting="0.00" lane="top_0" pos="30.93" speed="18.91" angle="218.80" x="9.74" y="100.49"/>
        <vehicle id="cfm_slow_4" eclass="HBEFA3/PC_G_EU4" CO2="92595.70" CO="1832.28" HC="10.64" NOx="43.17" PMx="2.37" fuel="39.80" electricity="0.00" noise="144.09" route="routeleft" type="cfm_slow" waiting="0.00" lane="left_0" pos="20.93" speed="18.91" angle="146.80" x="11.98" y="23.75"/>
    </timestep>
    <timestep time="1.05">
        <vehicle id="cfm_slow_0" eclass="HBEFA3/PC_G_EU4" CO2="93488.05" CO="1850.33" HC="10.74" NOx="43.59" PMx="2.39" fuel="40.19" electricity="0.00" noise="144.17" route="routebottom" type="cfm_slow" waiting="0.00" lane="bottom_0" pos="11.12" speed="19.09" angle="74.44" x="86.02" y="2.31"/>
        <vehicle id="cfm_slow_1" eclass="HBEFA3/PC_G_EU4" CO2="93488.05" CO="1850.33" HC="10.74" NOx="43.59" PMx="2.39" fuel="40.19" electricity="0.00" noise="144.17" route="routebottom" type="cfm_slow" waiting="0.00" lane="right_0" pos="1.12" speed="19.09" angle="2.45" x="128.93" y="65.98"/>
        <vehicle id="cfm_slow_2" eclass="HBEFA3/PC_G_EU4" CO2="93488.05" CO="1850.33" HC="10.74" NOx="43.59" PMx="2.39" fuel="40.19" electricity="0.00" noise="144.17" route="routeright" type="cfm_slow" waiting="0.00" lane="right_0" pos="41.12" speed="19.09" angle="290.53" x="81.67" y="126.44"/>
        <vehicle id="cfm_slow_3" eclass="HBEFA3/PC_G_EU4" CO2="93488.05" CO="1850.33" HC="10.74" NOx="43.59" PMx="2.39" fuel="40.19" electricity="0.00" noise="144.17" route="routetop" type="cfm_slow" waiting="0.00" lane="top_0" pos="31.12" speed="19.09" angle="218.45" x="9.52" y="100.17"/>
        <vehicle id="cfm_slow_4" eclass="HBEFA3/PC_G_EU4" CO2="93488.05" CO="1850.33" HC="10.74" NOx="43.59" PMx="2.39" fuel="40.19" electricity="0.00" noise="144.17" route="routeleft" type="cfm_slow" waiting="0.00" lane="left_0" pos="21.12" speed="19.09" angle="146.46" x="12.22" y="23.45"/>
    </timestep>
    <timestep time="1.06">
        <vehicle id="cfm_slow_0" eclass="HBEFA3/PC_G_EU4" CO2="94380.92" CO="1868.41" HC="10.85" NOx="44.00" PMx="2.41" fuel="40.57" electricity="0.00" noise="144.26" route="routebottom" type="cfm_slow" waiting="0.00" lane="bottom_0" pos="11.31" speed="19.27" angle="74.08" x="86.39" y="2.45"/>
        <vehicle id="cfm_slow_1" eclass="HBEFA3/PC_G_EU4" CO2="94380.92" CO="1868.41" HC="10.85" NOx="44.00" PMx="2.41" fuel="40.57" electricity="0.00" noise="144.26" route="routebottom" type="cfm_slow" waiting="0.00" lane="right_0" pos="1.31" speed="19.27" angle="2.14" x="128.91" y="66.38"/>
        <vehicle id="cfm_slow_2" eclass="HBEFA3/PC_G_EU4" CO2="94380.92" CO="1868.41" HC="10.85" NOx="44.00" PMx="2.41" fuel="40.57" electricity="0.00" noise="144.26" route="routeright" type="cfm_slow" waiting="0.00" lane="right_0" pos="41.31" speed="19.27" angle="290.17" x="81.29" y="126.54"/>
        <vehicle id="cfm_slow_3" eclass="HBEFA3/PC_G_EU4" CO2="94380.92" CO="1868.41" HC="10.85" NOx="44.00" PMx="2.41" fuel="40.57" electricity="0.00" noise="144.26" route="routetop" type="cfm_slow" waiting="0.00" lane="top_0" pos="31.31" speed="19.27" angle="218.11" x="9.31" y="99.84"/>
        <vehicle id="cfm_slow_4" eclass="HBEFA3/PC_G_EU4" CO2="94380.92" CO="1868.41" HC="10.85" NOx="44.00" PMx="2.41" fuel="40.57" electricity="0.00" noise="144.26" route="routeleft" type="cfm_slow" waiting="0.00" lane="left_0" pos="21.31" speed="19.27" angle="146.11" x="12.46" y="23.14"/>
    </timestep>
    <timestep time="1.07">
        <vehicle id="cfm_slow_0" eclass="HBEFA3/PC_G_EU4" CO2="95274.31" CO="1886.53" HC="10.95" NOx="44.42" PMx="2.44" fuel="40.95" electricity="0.00" noise="144.34" route="routebottom" type="cfm_slow" waiting="0.00" lane="bottom_0" pos="11.51" speed="19.45" angle="73.77" x="86.77" y="2.58"/>
        <vehicle id="cfm_slow_1" eclass="HBEFA3/PC_G_EU4" CO2="95274.31" CO="1886.53" HC="10.95" NOx="44.42" PMx="2.44" fuel="40.95" electricity="0.00" noise="144.34" route="routebottom" type="cfm_slow" waiting="0.00" lane="right_0" pos="1.51" speed="19.45" angle="1.79" x="128.89" y="66.78"/>
        <vehicle id="cfm_slow_2" eclass="HBEFA3/PC_G_EU4" CO2="95274.31" CO="1886.53" HC="10.95" NOx="44.42" PMx="2.44" fuel="40.95" electricity="0.00" noise="144.34" route="routeright" type="cfm_slow" waiting="0.00" lane="right_0" pos="41.51" speed="19.45" angle="289.81" x="80.90" y="126.65"/>
        <vehicle id="cfm_slow_3" eclass="HBEFA3/PC_G_EU4" CO2="95274.31" CO="1886.53" HC="10.95" NOx="44.42" PMx="2.44" fuel="40.95" electricity="0.00" noise="144.34" route="routetop" type="cfm_slow" waiting="0.00" lane="top_0" pos="31.51" speed="19.45" angle="217.76" x="9.08" y="99.51"/>
        <vehicle id="cfm_slow_4" eclass="HBEFA3/PC_G_EU4" CO2="95274.31" CO="1886.53" HC="10.95" NOx="44.42" PMx="2.44" fuel="40.95" electricity="0.00" noise="144.34" route="routeleft" type="cfm_slow" waiting="0.00" lane="left_0" pos="21.51" speed="19.45" angle="145.76" x="12.71" y="22.82"/>
    </timestep>
    <timestep time="1.08">
        <vehicle id="cfm_slow_0" eclass="HBEFA3/PC_G_EU4" CO2="96168.22" CO="1904.69" HC="11.06" NOx="44.84" PMx="2.46" fuel="41.34" electricity="0.00" noise="144.43" route="routebottom" type="cfm_slow" waiting="0.00" lane="bottom_0" pos="11.70" speed="19.64" angle="73.42" x="87.14" y="2.73"/>
        <vehicle id="cfm_slow_1" eclass="HBEFA3/PC_G_EU4" CO2="96168.22" CO="1904.69" HC="11.06" NOx="44.84" PMx="2.46" fuel="41.34" electricity="0.00" noise="144.43" route="routebottom" type="cfm_slow" waiting="0.00" lane="right_0" pos="1.70" speed="19.64" angle="1.43" x="128.87" y="67.18"/>
        <vehicle id="cfm_slow_2" eclass="HBEFA3/PC_G_EU4" CO2="96168.22" CO="1904.69" HC="11.06" NOx="44.84" PMx="2.46" fuel="41.34" electricity="0.00" noise="144.43" route="routeright" type="cfm_slow" waiting="0.00" lane="right_0" pos="41.70" speed="19.64" angle="289.44" x="80.51" y="126.75"/>
        <vehicle id="cfm_slow_3" eclass="HBEFA3/PC_G_EU4" CO2="96168.22" CO="1904.69" HC="11.06" NOx="44.84" PMx="2.46" fuel="41.34" electricity="0.00" noise="144.43" route="routetop" type="cfm_slow" waiting="0.00" lane="top_0" pos="31.70" speed="19.64" angle="217.40" x="8.86" y="99.17"/>
        <vehicle id="cfm_slow_4" eclass="HBEFA3/PC_G_EU4" CO2="96168.22" CO="1904.69" HC="11.06" NOx="44.84" PMx="2.46" fuel="41.34" electricity="0.00" noise="144.43" route="routeleft" type="cfm_slow" waiting="0.00" lane="left_0" pos="21.70" speed="19.64" angle="145.42" x="12.96" y="22.50"/>
    </timestep>
    <timestep time="1.09">
        <vehicle id="cfm_slow_0" eclass="HBEFA3/PC_G_EU4" CO2="97062.65" CO="1922.89" HC="11.16" NOx="45.26" PMx="2.48" fuel="41.72" electricity="0.00" noise="144.51" route="routebottom" type="cfm_slow" waiting="0.00" lane="bottom_0" pos="11.90" speed="19.82" angle="73.07" x="87.52" y="2.88"/>
        <vehicle id="cfm_slow_1" eclass="HBEFA3/PC_G_EU4" CO2="97062.65" CO="1922.89" HC="11.16" NOx="45.26" PMx="2.48" fuel="41.72" electricity="0.00" noise="144.51" route="routebottom" type="cfm_slow" waiting="0.00" lane="right_0" pos="1.90" speed="19.82" angle="1.07" x="128.85" y="67.58"/>
        <vehicle id="cfm_slow_2" eclass="HBEFA3/PC_G_EU4" CO2="97062.65" CO="1922.89" HC="11.16" NOx="45.26" PMx="2.48" fuel="41.72" electricity="0.00" noise="144.51" route="routeright" type="cfm_slow" waiting="0.00" lane="right_0" pos="41.90" speed="19.82" angle="289.07" x="80.12" y="126.85"/>
        <vehicle id="cfm_slow_3" eclass="HBEFA3/PC_G_EU4" CO2="97062.65" CO="1922.89" HC="11.16" NOx="45.26" PMx="2.48" fuel="41.72" electricity="0.00" noise="144.51" route="routetop" type="cfm_slow" waiting="0.00" lane="top_0" pos="31.90" speed="19.82" angle="217.05" x="8.64" y="98.83"/>
        <vehicle id="cfm_slow_4" eclass="HBEFA3/PC_G_EU4" CO2="97062.65" CO="1922.89" HC="11.16" NOx="45.26" PMx="2.48" fuel="41.72" electricity="0.00" noise="144.51" route="routeleft" type="cfm_slow" waiting="0.00" lane="left_0" pos="21.90" speed="19.82" angle="145.09" x="13.21" y="22.19"/>
    </timestep>
    <timestep time="1.10">
        <vehicle id="cfm_slow_0" eclass="HBEFA3/PC_G_EU4" CO2="97957.60" CO="1941.13" HC="11.27" NOx="45.68" PMx="2.51" fuel="42.11" electricity="0.00" noise="144.60" route="routebottom" type="cfm_slow" waiting="0.00" lane="bottom_0" pos="12.10" speed="20.00" angle="72.70" x="87.90" y="3.03"/>
        <vehicle id="cfm_slow_1" eclass="HBEFA3/PC_G_EU4" CO2="97957.60" CO="1941.13" HC="11.27" NOx="45.68" PMx="2.51" fuel="42.11" electricity="0.00" noise="144.60" route="routebottom" type="cfm_slow" waiting="0.00" lane="right_0" pos="2.10" speed="20.00" angle="0.70" x="128.82" y="67.99"/>
        <vehicle id="cfm_slow_2" eclass="HBEFA3/PC_G_EU4" CO2="97957.60" CO="1941.13" HC="11.27" NOx="45.68" PMx="2.51" fuel="42.11" electricity="0.00" noise="144.60" route="routeright" type="cfm_slow" waiting="0.00" lane="right_0" pos="42.10" speed="20.00" angle="288.69" x="79.72" y="126.96"/>
        <vehicle id="cfm_slow_3" eclass="HBEFA3/PC_G_EU4" CO2="97957.60" CO="1941.13" HC="11.27" NOx="45.68" PMx="2.51" fuel="42.11" electricity="0.00" noise="144.60" route="routetop" type="cfm_slow" waiting="0.00" lane="top_0" pos="32.10" speed="20.00" angle="216.75" x="8.41" y="98.49"/>
        <vehicle id="cfm_slow_4" eclass="HBEFA3/PC_G_EU4" CO2="97957.60" CO="1941.13" HC="11.27" NOx="45.68" PMx="2.51" fuel="42.11" electricity="0.00" noise="144.60" route="routeleft" type="cfm_slow" waiting="0.00" lane="left_0" pos="22.10" speed="20.00" angle="144.72" x="13.48" y="21.88"/>
    </timestep>
    <timestep time="1.11">
        <vehicle id="cfm_slow_0" eclass="HBEFA3/PC_G_EU4" CO2="98853.07" CO="1959.40" HC="11.38" NOx="46.09" PMx="2.53" fuel="42.49" electricity="0.00" noise="144.68" route="routebottom" type="cfm_slow" waiting="0.00" lane="bottom_0" pos="12.30" speed="20.18" angle="72.34" x="88.29" y="3.18"/>
        <vehicle id="cfm_slow_1" eclass="HBEFA3/PC_G_EU4" CO2="98853.07" CO="1959.40" HC="11.38" NOx="46.09" PMx="2.53" fuel="42.49" electricity="0.00" noise="144.68" route="routebottom" type="cfm_slow" waiting="0.00" lane="right_0" pos="2.30" speed="20.18" angle="0.34" x="128.80" y="68.41"/>
        <vehicle id="cfm_slow_2" eclass="HBEFA3/PC_G_EU4" CO2="98853.07" CO="1959.40" HC="11.38" NOx="46.09" PMx="2.53" fuel="42.49" electricity="0.00" noise="144.68" route="routeright" type="cfm_slow" waiting="0.00" lane="right_0" pos="42.30" speed="20.18" angle="288.37" x="79.32" y="127.06"/>
        <vehicle id="cfm_slow_3" eclass="HBEFA3/PC_G_EU4" CO2="98853.07" CO="1959.40" HC="11.38" NOx="46.09" PMx="2.53" fuel="42.49" electricity="0.00" noise="144.68" route="routetop" type="cfm_slow" waiting="0.00" lane="top_0" pos="32.30" speed="20.18" angle="216.38" x="8.20" y="98.13"/>
        <vehicle id="cfm_slow_4" eclass="HBEFA3/PC_G_EU4" CO2="98853.07" CO="1959.40" HC="11.38" NOx="46.09" PMx="2.53" fuel="42.49" electricity="0.00" noise="144.68" route="routeleft" type="cfm_slow" waiting="0.00" lane="left_0" pos="22.30" speed="20.18" angle="144.34" x="13.75" y="21.56"/>
    </timestep>
    <timestep time="1.12">
        <vehicle id="cfm_slow_0" eclass="HBEFA3/PC_G_EU4" CO2="99749.06" CO="1977.71" HC="11.48" NOx="46.51" PMx="2.55" fuel="42.88" electricity="0.00" noise="144.77" route="routebottom" type="cfm_slow" waiting="0.00" lane="bottom_0" pos="12.51" speed="20.36" angle="71.97" x="88.68" y="3.34"/>
        <vehicle id="cfm_slow_1" eclass="HBEFA3/PC_G_EU4" CO2="99749.06" CO="1977.71" HC="11.48" NOx="46.51" PMx="2.55" fuel="42.88" electricity="0.00" noise="144.77" route="routebottom" type="cfm_slow" waiting="0.00" lane="right_0" pos="2.51" speed="20.36" angle="359.99" x="128.77" y="68.82"/>
        <vehicle id="cfm_slow_2" eclass="HBEFA3/PC_G_EU4" CO2="99749.06" CO="1977.71" HC="11.48" NOx="46.51" PMx="2.55" fuel="42.88" electricity="0.00" noise="144.77" route="routeright" type="cfm_slow" waiting="0.00" lane="right_0" pos="42.51" speed="20.36" angle="288.01" x="78.91" y="127.16"/>
        <vehicle id="cfm_slow_3" eclass="HBEFA3/PC_G_EU4" CO2="99749.06" CO="1977.71" HC="11.48" NOx="46.51" PMx="2.55" fuel="42.88" electricity="0.00" noise="144.77" route="routetop" type="cfm_slow" waiting="0.00" lane="top_0" pos="32.51" speed="20.36" angle="216.01" x="7.98" y="97.78"/>
        <vehicle id="cfm_slow_4" eclass="HBEFA3/PC_G_EU4" CO2="99749.06" CO="1977.71" HC="11.48" NOx="46.51" PMx="2.55" fuel="42.88" electricity="0.00" noise="144.77" route="routeleft" type="cfm_slow" waiting="0.00" lane="left_0" pos="22.51" speed="20.36" angle="143.96" x="14.02" y="21.24"/>
    </timestep>
    <timestep time="1.13">
        <vehicle id="cfm_slow_0" eclass="HBEFA3/PC_G_EU4" CO2="100645.56" CO="1996.07" HC="11.59" NOx="46.93" PMx="2.58" fuel="43.26" electricity="0.00" noise="144.85" route="routebottom" type="cfm_slow" waiting="0.00" lane="bottom_0" pos="12.71" speed="20.55" angle="71.61" x="89.07" y="3.49"/>
        <vehicle id="cfm_slow_1" eclass="HBEFA3/PC_G_EU4" CO2="100645.56" CO="1996.07" HC="11.59" NOx="46.93" PMx="2.58" fuel="43.26" electricity="0.00" noise="144.85" route="routebottom" type="cfm_slow" waiting="0.00" lane="right_0" pos="2.71" speed="20.55" angle="359.64" x="128.74" y="69.24"/>
        <vehicle id="cfm_slow_2" eclass="HBEFA3/PC_G_EU4" CO2="100645.56" CO="1996.07" HC="11.59" NOx="46.93" PMx="2.58" fuel="43.26" electricity="0.00" noise="144.85" route="routeright" type="cfm_slow" waiting="0.00" lane="right_0" pos="42.71" speed="20.55" angle="287.65" x="78.50" y="127.25"/>
        <vehicle id="cfm_slow_3" eclass="HBEFA3/PC_G_EU4" CO2="100645.56" CO="1996.07" HC="11.59" NOx="46.93" PMx="2.58" fuel="43.26" electricity="0.00" noise="144.85" route="routetop" type="cfm_slow" waiting="0.00" lane="top_0" pos="32.71" speed="20.55" angle="215.64" x="7.76" y="97.42"/>
        <vehicle id="cfm_slow_4" eclass="HBEFA3/PC_G_EU4" CO2="100645.56" CO="1996.07" HC="11.59" NOx="46.93" PMx="2.58" fuel="43.26" electricity="0.00" noise="144.85" route="routeleft" type="cfm_slow" waiting="0.00" lane="left_0" pos="22.71" speed="20.55" angle="143.57" x="14.29" y="20.92"/>
    </timestep>
    <timestep time="1.14">
        <vehicle id="cfm_slow_0" eclass="HBEFA3/PC_G_EU4" CO2="101542.59" CO="2014.46" HC="11.69" NOx="47.35" PMx="2.60" fuel="43.65" electricity="0.00" noise="144.94" route="routebottom" type="cfm_slow" waiting="0.00" lane="bottom_0" pos="12.92" speed="20.73" angle="71.29" x="89.46" y="3.66"/>
        <vehicle id="cfm_slow_1" eclass="HBEFA3/PC_G_EU4" CO2="101542.59" CO="2014.46" HC="11.69" NOx="47.35" PMx="2.60" fuel="43.65" electricity="0.00" noise="144.94" route="routebottom" type="cfm_slow" waiting="0.00" lane="right_0" pos="2.92" speed="20.73" angle="359.26" x="128.69" y="69.67"/>
        <vehicle id="cfm_slow_2" eclass="HBEFA3/PC_G_EU4" CO2="101542.59" CO="2014.46" HC="11.69" NOx="47.35" PMx="2.60" fuel="43.65" electricity="0.00" noise="144.94" route="routeright" type="cfm_slow" waiting="0.00" lane="right_0" pos="42.92" speed="20.73" angle="287.29" x="78.09" y="127.35"/>
        <vehicle id="cfm_slow_3" eclass="HBEFA3/PC_G_EU4" CO2="101542.59" CO="2014.46" HC="11.69" NOx="47.35" PMx="2.60" fuel="43.65" electricity="0.00" noise="144.94" route="routetop" type="cfm_slow" waiting="0.00" lane="top_0" pos="32.92" speed="20.73" angle="215.26" x="7.54" y="97.05"/>
        <vehicle id="cfm_slow_4" eclass="HBEFA3/PC_G_EU4" CO2="101542.59" CO="2014.46" HC="11.69" NOx="47.35" PMx="2.60" fuel="43.65" electricity="0.00" noise="144.94" route="routeleft" type="cfm_slow" waiting="0.00" lane="left_0" pos="22.92" speed="20.73" angle="143.19" x="14.57" y="20.60"/>
    </timestep>
    <timestep time="1.15">
        <vehicle id="cfm_slow_0" eclass="HBEFA3/PC_G_EU4" CO2="102440.13" CO="2032.88" HC="11.80" NOx="47.77" PMx="2.63" fuel="44.03" electricity="0.00" noise="145.02" route="routebottom" type="cfm_slow" waiting="0.00" lane="bottom_0" pos="13.13" speed="20.91" angle="70.90" x="89.85" y="3.83"/>
        <vehicle id="cfm_slow_1" eclass="HBEFA3/PC_G_EU4" CO2="102440.13" CO="2032.88" HC="11.80" NOx="47.77" PMx="2.63" fuel="44.03" electricity="0.00" noise="145.02" route="routebottom" type="cfm_slow" waiting="0.00" lane="right_0" pos="3.13" speed="20.91" angle="358.88" x="128.65" y="70.09"/>
        <vehicle id="cfm_slow_2" eclass="HBEFA3/PC_G_EU4" CO2="102440.13" CO="2032.88" HC="11.80" NOx="47.77" PMx="2.63" fuel="44.03" electricity="0.00" noise="145.02" route="routeright" type="cfm_slow" waiting="0.00" lane="right_0" pos="43.13" speed="20.91" angle="286.92" x="77.67" y="127.44"/>
        <vehicle id="cfm_slow_3" eclass="HBEFA3/PC_G_EU4" CO2="102440.13" CO="2032.88" HC="11.80" NOx="47.77" PMx="2.63" fuel="44.03" electricity="0.00" noise="145.02" route="routetop" type="cfm_slow" waiting="0.00" lane="top_0" pos="33.13" speed="20.91" angle="214.88" x="7.32" y="96.69"/>
        <vehicle id="cfm_slow_4" eclass="HBEFA3/PC_G_EU4" CO2="102440.13" CO="2032.88" HC="11.80" NOx="47.77" PMx="2.63" fuel="44.03" electricity="0.00" noise="145.02" route="routeleft" type="cfm_slow" waiting="0.00" lane="left_0" pos="23.13" speed="20.91" angle="142.87" x="14.85" y="20.28"/>
    </timestep>
    <timestep time="1.16">
        <vehicle id="cfm_slow_0" eclass="HBEFA3/PC_G_EU4" CO2="103338.19" CO="2051.35" HC="11.91" NOx="48.19" PMx="2.65" fuel="44.42" electricity="0.00" noise="145.11" route="routebottom" type="cfm_slow" waiting="0.00" lane="bottom_0" pos="13.34" speed="21.09" angle="70.51" x="90.24" y="4.01"/>
        <vehicle id="cfm_slow_1" eclass="HBEFA3/PC_G_EU4" CO2="103338.19" CO="2051.35" HC="11.91" NOx="48.19" PMx="2.65" fuel="44.42" electricity="0.00" noise="145.11" route="routebottom" type="cfm_slow" waiting="0.00" lane="right_0" pos="3.34" speed="21.09" angle="358.50" x="128.60" y="70.52"/>
        <vehicle id="cfm_slow_2" eclass="HBEFA3/PC_G_EU4" CO2="103338.19" CO="2051.35" HC="11.91" NOx="48.19" PMx="2.65" fuel="44.42" electricity="0.00" noise="145.11" route="routeright" type="cfm_slow" waiting="0.00" lane="right_0" pos="43.34" speed="21.09" angle="286.55" x="77.25" y="127.54"/>
        <vehicle id="cfm_slow_3" eclass="HBEFA3/PC_G_EU4" CO2="103338.19" CO="2051.35" HC="11.91" NOx="48.19" PMx="2.65" fuel="44.42" electricity="0.00" noise="145.11" route="routetop" type="cfm_slow" waiting="0.00" lane="top_0" pos="33.34" speed="21.09" angle="214.55" x="7.10" y="96.32"/>
        <vehicle id="cfm_slow_4" eclass="HBEFA3/PC_G_EU4" CO2="103338.19" CO="2051.35" HC="11.91" NOx="48.19" PMx="2.65" fuel="44.42" electricity="0.00" noise="145.11" route="routeleft" type="cfm_slow" waiting="0.00" lane="left_0" pos="23.34" speed="21.09" angle="142.49" x="15.14" y="19.96"/>
    </timestep>
    <timestep time="1.17">
        <vehicle id="cfm_slow_0" eclass="HBEFA3/PC_G_EU4" CO2="104236.77" CO="2069.85" HC="12.01" NOx="48.61" PMx="2.67" fuel="44.81" electricity="0.00" noise="145.20" route="routebottom" type="cfm_slow" waiting="0.00" lane="bottom_0" pos="13.55" speed="21.27" angle="70.12" x="90.64" y="4.19"/>
        <vehicle id="cfm_slow_1" eclass="HBEFA3/PC_G_EU4" CO2="104236.77" CO="2069.85" HC="12.01" NOx="48.61" PMx="2.67" fuel="44.81" electricity="0.00" noise="145.20" route="routebottom" type="cfm_slow" waiting="0.00" lane="right_0" pos="3.55" speed="21.27" angle="358.11" x="128.56" y="70.96"/>
        <vehicle id="cfm_slow_2" eclass="HBEFA3/PC_G_EU4" CO2="104236.77" CO="2069.85" HC="12.01" NOx="48.61" PMx="2.67" fuel="44.81" electricity="0.00" noise="145.20" route="routeright" type="cfm_slow" waiting="0.00" lane="right_0" pos="43.55" speed="21.27" angle="286.20" x="76.82" y="127.64"/>
        <vehicle id="cfm_slow_3" eclass="HBEFA3/PC_G_EU4" CO2="104236.77" CO="2069.85" HC="12.01" NOx="48.61" PMx="2.67" fuel="44.81" electricity="0.00" noise="145.20" route="routetop" type="cfm_slow" waiting="0.00" lane="top_0" pos="33.55" speed="21.27" angle="214.16" x="6.89" y="95.93"/>
        <vehicle id="cfm_slow_4" eclass="HBEFA3/PC_G_EU4" CO2="104236.77" CO="2069.85" HC="12.01" NOx="48.61" PMx="2.67" fuel="44.81" electricity="0.00" noise="145.20" route="routeleft" type="cfm_slow" waiting="0.00" lane="left_0" pos="23.55" speed="21.27" angle="142.11" x="15.44" y="19.64"/>
    </timestep>
    <timestep time="1.18">
        <vehicle id="cfm_slow_0" eclass="HBEFA3/PC_G_EU4" CO2="105135.87" CO="2088.40" HC="12.12" NOx="49.03" PMx="2.70" fuel="45.19" electricity="0.00" noise="145.28" route="routebottom" type="cfm_slow" waiting="0.00" lane="bottom_0" pos="13.77" speed="21.45" angle="69.73" x="91.04" y="4.37"/>
        <vehicle id="cfm_slow_1" eclass="HBEFA3/PC_G_EU4" CO2="105135.87" CO="2088.40" HC="12.12" NOx="49.03" PMx="2.70" fuel="45.19" electricity="0.00" noise="145.28" route="routebottom" type="cfm_slow" waiting="0.00" lane="right_0" pos="3.77" speed="21.45" angle="357.74" x="128.51" y="71.39"/>
        <vehicle id="cfm_slow_2" eclass="HBEFA3/PC_G_EU4" CO2="105135.87" CO="2088.40" HC="12.12" NOx="49.03" PMx="2.70" fuel="45.19" electricity="0.00" noise="145.28" route="routeright" type="cfm_slow" waiting="0.00" lane="right_0" pos="43.77" speed="21.45" angle="285.81" x="76.39" y="127.72"/>
        <vehicle id="cfm_slow_3" eclass="HBEFA3/PC_G_EU4" CO2="105135.87" CO="2088.40" HC="12.12" NOx="49.03" PMx="2.70" fuel="45.19" electricity="0.00" noise="145.28" route="routetop" type="cfm_slow" waiting="0.00" lane="top_0" pos="33.77" speed="21.45" angle="213.77" x="6.67" y="95.55"/>
        <vehicle id="cfm_slow_4" eclass="HBEFA3/PC_G_EU4" CO2="105135.87" CO="2088.40" HC="12.12" NOx="49.03" PMx="2.70" fuel="45.19" electricity="0.00" noise="145.28" route="routeleft" type="cfm_slow" waiting="0.00" lane="left_0" pos="23.77" speed="21.45" angle="141.72" x="15.74" y="19.31"/>
    </timestep>
    <timestep time="1.19">
        <vehicle id="cfm_slow_0" eclass="HBEFA3/PC_G_EU4" CO2="106035.49" CO="2106.98" HC="12.23" NOx="49.45" PMx="2.72" fuel="45.58" electricity="0.00" noise="145.37" route="routebottom" type="cfm_slow" waiting="0.00" lane="bottom_0" pos="13.98" speed="21.64" angle="69.34" x="91.45" y="4.55"/>
        <vehicle id="cfm_slow_1" eclass="HBEFA3/PC_G_EU4" CO2="106035.49" CO="2106.98" HC="12.23" NOx="49.45" PMx="2.72" fuel="45.58" electricity="0.00" noise="145.37" route="routebottom" type="cfm_slow" waiting="0.00" lane="right_0" pos="3.98" speed="21.64" angle="357.37" x="128.46" y="71.83"/>
        <vehicle id="cfm_slow_2" eclass="HBEFA3/PC_G_EU4" CO2="106035.49" CO="2106.98" HC="12.23" NOx="49.45" PMx="2.72" fuel="45.58" electricity="0.00" noise="145.37" route="routeright" type="cfm_slow" waiting="0.00" lane="right_0" pos="43.98" speed="21.64" angle="285.39" x="75.96" y="127.80"/>
        <vehicle id="cfm_slow_3" eclass="HBEFA3/PC_G_EU4" CO2="106035.49" CO="2106.98" HC="12.23" NOx="49.45" PMx="2.72" fuel="45.58" electricity="0.00" noise="145.37" route="routetop" type="cfm_slow" waiting="0.00" lane="top_0" pos="33.98" speed="21.64" angle="213.38" x="6.46" y="95.16"/>
        <vehicle id="cfm_slow_4" eclass="HBEFA3/PC_G_EU4" CO2="106035.49" CO="2106.98" HC="12.23" NOx="49.45" PMx="2.72" fuel="45.58" electricity="0.00" noise="145.37" route="routeleft" type="cfm_slow" waiting="0.00" lane="left_0" pos="23.98" speed="21.64" angle="141.33" x="16.04" y="18.99"/>
    </timestep>
    <timestep time="1.20">
        <vehicle id="cfm_slow_0" eclass="HBEFA3/PC_G_EU4" CO2="106935.63" CO="2125.60" HC="12.33" NOx="49.87" PMx="2.74" fuel="45.97" electricity="0.00" noise="145.45" route="routebottom" type="cfm_slow" waiting="0.00" lane="bottom_0" pos="14.20" speed="21.82" angle="68.98" x="91.85" y="4.75"/>
        <vehicle id="cfm_slow_1" eclass="HBEFA3/PC_G_EU4" CO2="106935.63" CO="2125.60" HC="12.33" NOx="49.87" PMx="2.74" fuel="45.97" electricity="0.00" noise="145.45" route="routebottom" type="cfm_slow" waiting="0.00" lane="right_0" pos="4.20" speed="21.82" angle="356.97" x="128.39" y="72.28"/>
        <vehicle id="cfm_slow_2" eclass="HBEFA3/PC_G_EU4" CO2="106935.63" CO="2125.60" HC="12.33" NOx="49.87" PMx="2.74" fuel="45.97" electricity="0.00" noise="145.45" route="routeright" type="cfm_slow" waiting="0.00" lane="right_0" pos="44.20" speed="21.82" angle="284.97" x="75.52" y="127.88"/>
        <vehicle id="cfm_slow_3" eclass="HBEFA3/PC_G_EU4" CO2="106935.63" CO="2125.60" HC="12.33" NOx="49.87" PMx="2.74" fuel="45.97" electricity="0.00" noise="145.45" route="routetop" type="cfm_slow" waiting="0.00" lane="top_0" pos="34.20" speed="21.82" angle="212.98" x="6.24" y="94.77"/>
        <vehicle id="cfm_slow_4" eclass="HBEFA3/PC_G_EU4" CO2="106935.63" CO="2125.60" HC="12.33" NOx="49.87" PMx="2.74" fuel="45.97" electricity="0.00" noise="145.45" route="routeleft" type="cfm_slow" waiting="0.00" lane="left_0" pos="24.20" speed="21.82" angle="140.94" x="16.34" y="18.66"/>
    </timestep>
    <timestep time="1.21">
        <vehicle id="cfm_slow_0" eclass="HBEFA3/PC_G_EU4" CO2="107836.29" CO="2144.26" HC="12.44" NOx="50.29" PMx="2.77" fuel="46.35" electricity="0.00" noise="145.54" route="routebottom" type="cfm_slow" waiting="0.00" lane="bottom_0" pos="14.42" speed="22.00" angle="68.57" x="92.25" y="4.95"/>
        <vehicle id="cfm_slow_1" eclass="HBEFA3/PC_G_EU4" CO2="107836.29" CO="2144.26" HC="12.44" NOx="50.29" PMx="2.77" fuel="46.35" electricity="0.00" noise="145.54" route="routebottom" type="cfm_slow" waiting="0.00" lane="right_0" pos="4.42" speed="22.00" angle="356.57" x="128.33" y="72.72"/>
        <vehicle id="cfm_slow_2" eclass="HBEFA3/PC_G_EU4" CO2="107836.29" CO="2144.26" HC="12.44" NOx="50.29" PMx="2.77" fuel="46.35" electricity="0.00" noise="145.54" route="routeright" type="cfm_slow" waiting="0.00" lane="right_0" pos="44.42" speed="22.00" angle="284.54" x="75.07" y="127.96"/>
        <vehicle id="cfm_slow_3" eclass="HBEFA3/PC_G_EU4" CO2="107836.29" CO="2144.26" HC="12.44" NOx="50.29" PMx="2.77" fuel="46.35" electricity="0.00" noise="145.54" route="routetop" type="cfm_slow" waiting="0.00" lane="top_0" pos="34.42" speed="22.00" angle="212.58" x="6.03" y="94.37"/>
        <vehicle id="cfm_slow_4" eclass="HBEFA3/PC_G_EU4" CO2="107836.29" CO="2144.26" HC="12.44" NOx="50.29" PMx="2.77" fuel="46.35" electricity="0.00" noise="145.54" route="routeleft" type="cfm_slow" waiting="0.00" lane="left_0" pos="24.42" speed="22.00" angle="140.59" x="16.65" y="18.33"/>
    </timestep>
    <timestep time="1.22">
        <vehicle id="cfm_slow_0" eclass="HBEFA3/PC_G_EU4" CO2="108737.47" CO="2162.95" HC="12.55" NOx="50.71" PMx="2.79" fuel="46.74" electricity="0.00" noise="145.62" route="routebottom" type="cfm_slow" waiting="0.00" lane="bottom_0" pos="14.64" speed="22.18" angle="68.16" x="92.66" y="5.15"/>
        <vehicle id="cfm_slow_1" eclass="HBEFA3/PC_G_EU4" CO2="108737.47" CO="2162.95" HC="12.55" NOx="50.71" PMx="2.79" fuel="46.74" electricity="0.00" noise="145.62" route="routebottom" type="cfm_slow" waiting="0.00" lane="right_0" pos="4.64" speed="22.18" angle="356.17" x="128.27" y="73.17"/>
        <vehicle id="cfm_slow_2" eclass="HBEFA3/PC_G_EU4" CO2="108737.47" CO="2162.95" HC="12.55" NOx="50.71" PMx="2.79" fuel="46.74" electricity="0.00" noise="145.62" route="routeright" type="cfm_slow" waiting="0.00" lane="right_0" pos="44.64" speed="22.18" angle="284.11" x="74.62" y="128.04"/>
        <vehicle id="cfm_slow_3" eclass="HBEFA3/PC_G_EU4" CO2="108737.47" CO="2162.95" HC="12.55" NOx="50.71" PMx="2.79" fuel="46.74" electricity="0.00" noise="145.62" route="routetop" type="cfm_slow" waiting="0.00" lane="top_0" pos="34.64" speed="22.18" angle="212.23" x="5.81" y="93.98"/>
        <vehicle id="cfm_slow_4" eclass="HBEFA3/PC_G_EU4" CO2="108737.47" CO="2162.95" HC="12.55" NOx="50.71" PMx="2.79" fuel="46.74" electricity="0.00" noise="145.62" route="routeleft" type="cfm_slow" waiting="0.00" lane="left_0" pos="24.64" speed="22.18" angle="140.18" x="16.97" y="18.01"/>
    </timestep>
    <timestep time="1.23">
        <vehicle id="cfm_slow_0" eclass="HBEFA3/PC_G_EU4" CO2="109639.16" CO="2181.69" HC="12.66" NOx="51.13" PMx="2.82" fuel="47.13" electricity="0.00" noise="145.71" route="routebottom" type="cfm_slow" waiting="0.00" lane="bottom_0" pos="14.87" speed="22.36" angle="67.74" x="93.07" y="5.36"/>
        <vehicle id="cfm_slow_1" eclass="HBEFA3/PC_G_EU4" CO2="109639.16" CO="2181.69" HC="12.66" NOx="51.13" PMx="2.82" fuel="47.13" electricity="0.00" noise="145.71" route="routebottom" type="cfm_slow" waiting="0.00" lane="right_0" pos="4.87" speed="22.36" angle="355.76" x="128.20" y="73.63"/>
        <vehicle id="cfm_slow_2" eclass="HBEFA3/PC_G_EU4" CO2="109639.16" CO="2181.69" HC="12.66" NOx="51.13" PMx="2.82" fuel="47.13" electricity="0.00" noise="145.71" route="routeright" type="cfm_slow" waiting="0.00" lane="right_0" pos="44.87" speed="22.36" angle="283.74" x="74.17" y="128.12"/>
        <vehicle id="cfm_slow_3" eclass="HBEFA3/PC_G_EU4" CO2="109639.16" CO="2181.69" HC="12.66" NOx="51.13" PMx="2.82" fuel="47.13" electricity="0.00" noise="145.71" route="routetop" type="cfm_slow" waiting="0.00" lane="top_0" pos="34.87" speed="22.36" angle="211.82" x="5.60" y="93.56"/>
        <vehicle id="cfm_slow_4" eclass="HBEFA3/PC_G_EU4" CO2="109639.16" CO="2181.69" HC="12.66" NOx="51.13" PMx="2.82" fuel="47.13" electricity="0.00" noise="145.71" route="routeleft" type="cfm_slow" waiting="0.00" lane="left_0" pos="24.87" speed="22.36" angle="139.76" x="17.29" y="17.69"/>
    </timestep>
    <timestep time="1.24">
        <vehicle id="cfm_slow_0" eclass="HBEFA3/PC_G_EU4" CO2="110541.38" CO="2200.46" HC="12.77" NOx="51.55" PMx="2.84" fuel="47.52" electricity="0.00" noise="145.80" route="routebottom" type="cfm_slow" waiting="0.00" lane="bottom_0" pos="15.09" speed="22.55" angle="67.32" x="93.48" y="5.56"/>
        <vehicle id="cfm_slow_1" eclass="HBEFA3/PC_G_EU4" CO2="110541.38" CO="2200.46" HC="12.77" NOx="51.55" PMx="2.84" fuel="47.52" electricity="0.00" noise="145.80" route="routebottom" type="cfm_slow" waiting="0.00" lane="right_0" pos="5.09" speed="22.55" angle="355.36" x="128.14" y="74.09"/>
        <vehicle id="cfm_slow_2" eclass="HBEFA3/PC_G_EU4" CO2="110541.38" CO="2200.46" HC="12.77" NOx="51.55" PMx="2.84" fuel="47.52" electricity="0.00" noise="145.80" route="routeright" type="cfm_slow" waiting="0.00" lane="right_0" pos="45.09" speed="22.55" angle="283.34" x="73.72" y="128.19"/>
        <vehicle id="cfm_slow_3" eclass="HBEFA3/PC_G_EU4" CO2="110541.38" CO="2200.46" HC="12.77" NOx="51.55" PMx="2.84" fuel="47.52" electricity="0.00" noise="145.80" route="routetop" type="cfm_slow" waiting="0.00" lane="top_0" pos="35.09" speed="22.55" angle="211.41" x="5.40" y="93.15"/>
        <vehicle id="cfm_slow_4" eclass="HBEFA3/PC_G_EU4" CO2="110541.38" CO="2200.46" HC="12.77" NOx="51.55" PMx="2.84" fuel="47.52" electricity="0.00" noise="145.80" route="routeleft" type="cfm_slow" waiting="0.00" lane="left_0" pos="25.09" speed="22.55" angle="139.34" x="17.62" y="17.36"/>
    </timestep>
    <timestep time="1.25">
        <vehicle id="cfm_slow_0" eclass="HBEFA3/PC_G_EU4" CO2="111444.11" CO="2219.27" HC="12.87" NOx="51.98" PMx="2.86" fuel="47.90" electricity="0.00" noise="145.88" route="routebottom" type="cfm_slow" waiting="0.00" lane="bottom_0" pos="15.32" speed="22.73" angle="66.92" x="93.90" y="5.77"/>
        <vehicle id="cfm_slow_1" eclass="HBEFA3/PC_G_EU4" CO2="111444.11" CO="2219.27" HC="12.87" NOx="51.98" PMx="2.86" fuel="47.90" electricity="0.00" noise="145.88" route="routebottom" type="cfm_slow" waiting="0.00" lane="right_0" pos="5.32" speed="22.73" angle="354.95" x="128.06" y="74.54"/>
        <vehicle id="cfm_slow_2" eclass="HBEFA3/PC_G_EU4" CO2="111444.11" CO="2219.27" HC="12.87" NOx="51.98" PMx="2.86" fuel="47.90" electricity="0.00" noise="145.88" route="routeright" type="cfm_slow" waiting="0.00" lane="right_0" pos="45.32" speed="22.73" angle="282.93" x="73.25" y="128.26"/>
        <vehicle id="cfm_slow_3" eclass="HBEFA3/PC_G_EU4" CO2="111444.11" CO="2219.27" HC="12.87" NOx="51.98" PMx="2.86" fuel="47.90" electricity="0.00" noise="145.88" route="routetop" type="cfm_slow" waiting="0.00" lane="top_0" pos="35.32" speed="22.73" angle="211.00" x="5.19" y="92.73"/>
        <vehicle id="cfm_slow_4" eclass="HBEFA3/PC_G_EU4" CO2="111444.11" CO="2219.27" HC="12.87" NOx="51.98" PMx="2.86" fuel="47.90" electricity="0.00" noise="145.88" route="routeleft" type="cfm_slow" waiting="0.00" lane="left_0" pos="25.32" speed="22.73" angle="138.92" x="17.95" y="17.03"/>
    </timestep>
    <timestep time="1.26">
        <vehicle id="cfm_slow_0" eclass="HBEFA3/PC_G_EU4" CO2="112347.36" CO="2238.12" HC="12.98" NOx="52.40" PMx="2.89" fuel="48.29" electricity="0.00" noise="145.97" route="routebottom" type="cfm_slow" waiting="0.00" lane="bottom_0" pos="15.55" speed="22.91" angle="66.54" x="94.32" y="5.99"/>
        <vehicle id="cfm_slow_1" eclass="HBEFA3/PC_G_EU4" CO2="112347.36" CO="2238.12" HC="12.98" NOx="52.40" PMx="2.89" fuel="48.29" electricity="0.00" noise="145.97" route="routebottom" type="cfm_slow" waiting="0.00" lane="right_0" pos="5.55" speed="22.91" angle="354.53" x="127.97" y="75.01"/>
        <vehicle id="cfm_slow_2" eclass="HBEFA3/PC_G_EU4" CO2="112347.36" CO="2238.12" HC="12.98" NOx="52.40" PMx="2.89" fuel="48.29" electricity="0.00" noise="145.97" route="routeright" type="cfm_slow" waiting="0.00" lane="right_0" pos="45.55" speed="22.91" angle="282.51" x="72.79" y="128.32"/>
        <vehicle id="cfm_slow_3" eclass="HBEFA3/PC_G_EU4" CO2="112347.36" CO="2238.12" HC="12.98" NOx="52.40" PMx="2.89" fuel="48.29" electricity="0.00" noise="145.97" route="routetop" type="cfm_slow" waiting="0.00" lane="top_0" pos="35.55" speed="22.91" angle="210.58" x="4.98" y="92.31"/>
        <vehicle id="cfm_slow_4" eclass="HBEFA3/PC_G_EU4" CO2="112347.36" CO="2238.12" HC="12.98" NOx="52.40" PMx="2.89" fuel="48.29" electricity="0.00" noise="145.97" route="routeleft" type="cfm_slow" waiting="0.00" lane="left_0" pos="25.55" speed="22.91" angle="138.51" x="18.28" y="16.70"/>
    </timestep>
    <timestep time="1.27">
        <vehicle id="cfm_slow_0" eclass="HBEFA3/PC_G_EU4" CO2="113251.13" CO="2257.01" HC="13.09" NOx="52.82" PMx="2.91" fuel="48.68" electricity="0.00" noise="146.05" route="routebottom" type="cfm_slow" waiting="0.00" lane="bottom_0" pos="15.78" speed="23.09" angle="66.12" x="94.73" y="6.22"/>
        <vehicle id="cfm_slow_1" eclass="HBEFA3/PC_G_EU4" CO2="113251.13" CO="2257.01" HC="13.09" NOx="52.82" PMx="2.91" fuel="48.68" electricity="0.00" noise="146.05" route="routebottom" type="cfm_slow" waiting="0.00" lane="right_0" pos="5.78" speed="23.09" angle="354.10" x="127.89" y="75.47"/>
        <vehicle id="cfm_slow_2" eclass="HBEFA3/PC_G_EU4" CO2="113251.13" CO="2257.01" HC="13.09" NOx="52.82" PMx="2.91" fuel="48.68" electricity="0.00" noise="146.05" route="routeright" type="cfm_slow" waiting="0.00" lane="right_0" pos="45.78" speed="23.09" angle="282.09" x="72.32" y="128.39"/>
        <vehicle id="cfm_slow_3" eclass="HBEFA3/PC_G_EU4" CO2="113251.13" CO="2257.01" HC="13.09" NOx="52.82" PMx="2.91" fuel="48.68" electricity="0.00" noise="146.05" route="routetop" type="cfm_slow" waiting="0.00" lane="top_0" pos="35.78" speed="23.09" angle="210.16" x="4.77" y="91.89"/>
        <vehicle id="cfm_slow_4" eclass="HBEFA3/PC_G_EU4" CO2="113251.13" CO="2257.01" HC="13.09" NOx="52.82" PMx="2.91" fuel="48.68" electricity="0.00" noise="146.05" route="routeleft" type="cfm_slow" waiting="0.00" lane="left_0" pos="25.78" speed="23.09" angle="138.12" x="18.63" y="16.37"/>
    </timestep>
    <timestep time="1.28">
        <vehicle id="cfm_slow_0" eclass="HBEFA3/PC_G_EU4" CO2="114155.42" CO="2275.94" HC="13.20" NOx="53.24" PMx="2.93" fuel="49.07" electricity="0.00" noise="146.14" route="routebottom" type="cfm_slow" waiting="0.00" lane="bottom_0" pos="16.01" speed="23.27" angle="65.70" x="95.15" y="6.45"/>
        <vehicle id="cfm_slow_1" eclass="HBEFA3/PC_G_EU4" CO2="114155.42" CO="2275.94" HC="13.20" NOx="53.24" PMx="2.93" fuel="49.07" electricity="0.00" noise="146.14" route="routebottom" type="cfm_slow" waiting="0.00" lane="right_0" pos="6.01" speed="23.27" angle="353.67" x="127.80" y="75.94"/>
        <vehicle id="cfm_slow_2" eclass="HBEFA3/PC_G_EU4" CO2="114155.42" CO="2275.94" HC="13.20" NOx="53.24" PMx="2.93" fuel="49.07" electricity="0.00" noise="146.14" route="routeright" type="cfm_slow" waiting="0.00" lane="right_0" pos="46.01" speed="23.27" angle="281.66" x="71.85" y="128.45"/>
        <vehicle id="cfm_slow_3" eclass="HBEFA3/PC_G_EU4" CO2="114155.42" CO="2275.94" HC="13.20" NOx="53.24" PMx="2.93" fuel="49.07" electricity="0.00" noise="146.14" route="routetop" type="cfm_slow" waiting="0.00" lane="top_0" pos="36.01" speed="23.27" angle="209.78" x="4.56" y="91.46"/>
        <vehicle id="cfm_slow_4" eclass="HBEFA3/PC_G_EU4" CO2="114155.42" CO="2275.94" HC="13.20" NOx="53.24" PMx="2.93" fuel="49.07" electricity="0.00" noise="146.14" route="routeleft" type="cfm_slow" waiting="0.00" lane="left_0" pos="26.01" speed="23.27" angle="137.69" x="18.98" y="16.05"/>
    </timestep>
    <timestep time="1.29">
        <vehicle id="cfm_slow_0" eclass="HBEFA3/PC_G_EU4" CO2="115060.23" CO="2294.90" HC="13.31" NOx="53.66" PMx="2.96" fuel="49.46" electricity="0.00" noise="146.22" route="routebottom" type="cfm_slow" waiting="0.00" lane="bottom_0" pos="16.25" speed="23.45" angle="65.27" x="95.57" y="6.69"/>
        <vehicle id="cfm_slow_1" eclass="HBEFA3/PC_G_EU4" CO2="115060.23" CO="2294.90" HC="13.31" NOx="53.66" PMx="2.96" fuel="49.46" electricity="0.00" noise="146.22" route="routebottom" type="cfm_slow" waiting="0.00" lane="right_0" pos="6.25" speed="23.45" angle="353.24" x="127.72" y="76.41"/>
        <vehicle id="cfm_slow_2" eclass="HBEFA3/PC_G_EU4" CO2="115060.23" CO="2294.90" HC="13.31" NOx="53.66" PMx="2.96" fuel="49.46" electricity="0.00" noise="146.22" route="routeright" type="cfm_slow" waiting="0.00" lane="right_0" pos="46.25" speed="23.45" angle="281.30" x="71.37" y="128.52"/>
        <vehicle id="cfm_slow_3" eclass="HBEFA3/PC_G_EU4" CO2="115060.23" CO="2294.90" HC="13.31" NOx="53.66" PMx="2.96" fuel="49.46" electricity="0.00" noise="146.22" route="routetop" type="cfm_slow" waiting="0.00" lane="top_0" pos="36.25" speed="23.45" angle="209.33" x="4.36" y="91.02"/>
        <vehicle id="cfm_slow_4" eclass="HBEFA3/PC_G_EU4" CO2="115060.23" CO="2294.90" HC="13.31" NOx="53.66" PMx="2.96" fuel="49.46" electricity="0.00" noise="146.22" route="routeleft" type="cfm_slow" waiting="0.00" lane="left_0" pos="26.25" speed="23.45" angle="137.26" x="19.33" y="15.72"/>
    </timestep>
    <timestep time="1.30">
        <vehicle id="cfm_slow_0" eclass="HBEFA3/PC_G_EU4" CO2="115965.56" CO="2313.90" HC="13.42" NOx="54.09" PMx="2.98" fuel="49.85" electricity="0.00" noise="146.31" route="routebottom" type="cfm_slow" waiting="0.00" lane="bottom_0" pos="16.48" speed="23.64" angle="64.84" x="95.99" y="6.92"/>
        <vehicle id="cfm_slow_1" eclass="HBEFA3/PC_G_EU4" CO2="115965.56" CO="2313.90" HC="13.42" NOx="54.09" PMx="2.98" fuel="49.85" electricity="0.00" noise="146.31" route="routebottom" type="cfm_slow" waiting="0.00" lane="right_0" pos="6.48" speed="23.64" angle="352.86" x="127.62" y="76.89"/>
        <vehicle id="cfm_slow_2" eclass="HBEFA3/PC_G_EU4" CO2="115965.56" CO="2313.90" HC="13.42" NOx="54.09" PMx="2.98" fuel="49.85" electricity="0.00" noise="146.31" route="routeright" type="cfm_slow" waiting="0.00" lane="right_0" pos="46.48" speed="23.64" angle="280.87" x="70.89" y="128.57"/>
        <vehicle id="cfm_slow_3" eclass="HBEFA3/PC_G_EU4" CO2="115965.56" CO="2313.90" HC="13.42" NOx="54.09" PMx="2.98" fuel="49.85" electricity="0.00" noise="146.31" route="routetop" type="cfm_slow" waiting="0.00" lane="top_0" pos="36.48" speed="23.64" angle="208.89" x="4.16" y="90.58"/>
        <vehicle id="cfm_slow_4" eclass="HBEFA3/PC_G_EU4" CO2="115965.56" CO="2313.90" HC="13.42" NOx="54.09" PMx="2.98" fuel="49.85" electricity="0.00" noise="146.31" route="routeleft" type="cfm_slow" waiting="0.00" lane="left_0" pos="26.48" speed="23.64" angle="136.82" x="19.69" y="15.39"/>
    </timestep>
    <timestep time="1.31">
        <vehicle id="cfm_slow_0" eclass="HBEFA3/PC_G_EU4" CO2="116871.41" CO="2332.94" HC="13.53" NOx="54.51" PMx="3.01" fuel="50.24" electricity="0.00" noise="146.40" route="routebottom" type="cfm_slow" waiting="0.00" lane="bottom_0" pos="16.72" speed="23.82" angle="64.45" x="96.42" y="7.16"/>
        <vehicle id="cfm_slow_1" eclass="HBEFA3/PC_G_EU4" CO2="116871.41" CO="2332.94" HC="13.53" NOx="54.51" PMx="3.01" fuel="50.24" electricity="0.00" noise="146.40" route="routebottom" type="cfm_slow" waiting="0.00" lane="right_0" pos="6.72" speed="23.82" angle="352.40" x="127.51" y="77.37"/>
        <vehicle id="cfm_slow_2" eclass="HBEFA3/PC_G_EU4" CO2="116871.41" CO="2332.94" HC="13.53" NOx="54.51" PMx="3.01" fuel="50.24" electricity="0.00" noise="146.40" route="routeright" type="cfm_slow" waiting="0.00" lane="right_0" pos="46.72" speed="23.82" angle="280.45" x="70.40" y="128.62"/>
        <vehicle id="cfm_slow_3" eclass="HBEFA3/PC_G_EU4" CO2="116871.41" CO="2332.94" HC="13.53" NOx="54.51" PMx="3.01" fuel="50.24" electricity="0.00" noise="146.40" route="routetop" type="cfm_slow" waiting="0.00" lane="top_0" pos="36.72" speed="23.82" angle="208.44" x="3.96" y="90.13"/>
        <vehicle id="cfm_slow_4" eclass="HBEFA3/PC_G_EU4" CO2="116871.41" CO="2332.94" HC="13.53" NOx="54.51" PMx="3.01" fuel="50.24" electricity="0.00" noise="146.40" route="routeleft" type="cfm_slow" waiting="0.00" lane="left_0" pos="26.72" speed="23.82" angle="136.38" x="20.05" y="15.06"/>
    </timestep>
    <timestep time="1.32">
        <vehicle id="cfm_slow_0" eclass="HBEFA3/PC_G_EU4" CO2="117777.78" CO="2352.02" HC="13.64" NOx="54.93" PMx="3.03" fuel="50.63" electricity="0.00" noise="146.48" route="routebottom" type="cfm_slow" waiting="0.00" lane="bottom_0" pos="16.96" speed="24.00" angle="64.00" x="96.84" y="7.41"/>
        <vehicle id="cfm_slow_1" eclass="HBEFA3/PC_G_EU4" CO2="117777.78" CO="2352.02" HC="13.64" NOx="54.93" PMx="3.03" fuel="50.63" electricity="0.00" noise="146.48" route="routebottom" type="cfm_slow" waiting="0.00" lane="right_0" pos="6.96" speed="24.00" angle="351.94" x="127.40" y="77.85"/>
        <vehicle id="cfm_slow_2" eclass="HBEFA3/PC_G_EU4" CO2="117777.78" CO="2352.02" HC="13.64" NOx="54.93" PMx="3.03" fuel="50.63" electricity="0.00" noise="146.48" route="routeright" type="cfm_slow" waiting="0.00" lane="right_0" pos="46.96" speed="24.00" angle="280.02" x="69.91" y="128.67"/>
        <vehicle id="cfm_slow_3" eclass="HBEFA3/PC_G_EU4" CO2="117777.78" CO="2352.02" HC="13.64" NOx="54.93" PMx="3.03" fuel="50.63" electricity="0.00" noise="146.48" route="routetop" type="cfm_slow" waiting="0.00" lane="top_0" pos="36.96" speed="24.00" angle="207.98" x="3.76" y="89.69"/>
        <vehicle id="cfm_slow_4" eclass="HBEFA3/PC_G_EU4" CO2="117777.78" CO="2352.02" HC="13.64" NOx="54.93" PMx="3.03" fuel="50.63" electricity="0.00" noise="146.48" route="routeleft" type="cfm_slow" waiting="0.00" lane="left_0" pos="26.96" speed="24.00" angle="136.00" x="20.41" y="14.73"/>
    </timestep>
    <timestep time="1.33">
        <vehicle id="cfm_slow_0" eclass="HBEFA3/PC_G_EU4" CO2="118684.66" CO="2371.14" HC="13.75" NOx="55.36" PMx="3.06" fuel="51.02" electricity="0.00" noise="146.57" route="routebottom" type="cfm_slow" waiting="0.00" lane="bottom_0" pos="17.20" speed="24.18" angle="63.54" x="97.26" y="7.67"/>
        <vehicle id="cfm_slow_1" eclass="HBEFA3/PC_G_EU4" CO2="118684.66" CO="2371.14" HC="13.75" NOx="55.36" PMx="3.06" fuel="51.02" electricity="0.00" noise="146.57" route="routebottom" type="cfm_slow" waiting="0.00" lane="right_0" pos="7.20" speed="24.18" angle="351.47" x="127.29" y="78.33"/>
        <vehicle id="cfm_slow_2" eclass="HBEFA3/PC_G_EU4" CO2="118684.66" CO="2371.14" HC="13.75" NOx="55.36" PMx="3.06" fuel="51.02" electricity="0.00" noise="146.57" route="routeright" type="cfm_slow" waiting="0.00" lane="right_0" pos="47.20" speed="24.18" angle="279.59" x="69.42" y="128.72"/>
        <vehicle id="cfm_slow_3" eclass="HBEFA3/PC_G_EU4" CO2="118684.66" CO="2371.14" HC="13.75" NOx="55.36" PMx="3.06" fuel="51.02" electricity="0.00" noise="146.57" route="routetop" type="cfm_slow" waiting="0.00" lane="top_0" pos="37.20" speed="24.18" angle="207.59" x="3.56" y="89.23"/>
        <vehicle id="cfm_slow_4" eclass="HBEFA3/PC_G_EU4" CO2="118684.66" CO="2371.14" HC="13.75" NOx="55.36" PMx="3.06" fuel="51.02" electricity="0.00" noise="146.57" route="routeleft" type="cfm_slow" waiting="0.00" lane="left_0" pos="27.20" speed="24.18" angle="135.55" x="20.79" y="14.41"/>
    </timestep>
    <timestep time="1.34">
        <vehicle id="cfm_slow_0" eclass="HBEFA3/PC_G_EU4" CO2="119592.07" CO="2390.30" HC="13.86" NOx="55.78" PMx="3.08" fuel="51.41" electricity="0.00" noise="146.65" route="routebottom" type="cfm_slow" waiting="0.00" lane="bottom_0" pos="17.45" speed="24.36" angle="63.08" x="97.69" y="7.93"/>
        <vehicle id="cfm_slow_1" eclass="HBEFA3/PC_G_EU4" CO2="119592.07" CO="2390.30" HC="13.86" NOx="55.78" PMx="3.08" fuel="51.41" electricity="0.00" noise="146.65" route="routebottom" type="cfm_slow" waiting="0.00" lane="right_0" pos="7.45" speed="24.36" angle="351.00" x="127.18" y="78.82"/>
        <vehicle id="cfm_slow_2" eclass="HBEFA3/PC_G_EU4" CO2="119592.07" CO="2390.30" HC="13.86" NOx="55.78" PMx="3.08" fuel="51.41" electricity="0.00" noise="146.65" route="routeright" type="cfm_slow" waiting="0.00" lane="right_0" pos="47.45" speed="24.36" angle="279.20" x="68.92" y="128.77"/>
        <vehicle id="cfm_slow_3" eclass="HBEFA3/PC_G_EU4" CO2="119592.07" CO="2390.30" HC="13.86" NOx="55.78" PMx="3.08" fuel="51.41" electricity="0.00" noise="146.65" route="routetop" type="cfm_slow" waiting="0.00" lane="top_0" pos="37.45" speed="24.36" angle="207.13" x="3.37" y="88.77"/>
        <vehicle id="cfm_slow_4" eclass="HBEFA3/PC_G_EU4" CO2="119592.07" CO="2390.30" HC="13.86" NOx="55.78" PMx="3.08" fuel="51.41" electricity="0.00" noise="146.65" route="routeleft" type="cfm_slow" waiting="0.00" lane="left_0" pos="27.45" speed="24.36" angle="135.10" x="21.17" y="14.08"/>
    </timestep>
    <timestep time="1.35">
        <vehicle id="cfm_slow_0" eclass="HBEFA3/PC_G_EU4" CO2="120499.99" CO="2409.49" HC="13.97" NOx="56.21" PMx="3.10" fuel="51.80" electricity="0.00" noise="146.74" route="routebottom" type="cfm_slow" waiting="0.00" lane="bottom_0" pos="17.69" speed="24.55" angle="62.61" x="98.12" y="8.19"/>
        <vehicle id="cfm_slow_1" eclass="HBEFA3/PC_G_EU4" CO2="120499.99" CO="2409.49" HC="13.97" NOx="56.21" PMx="3.10" fuel="51.80" electricity="0.00" noise="146.74" route="routebottom" type="cfm_slow" waiting="0.00" lane="right_0" pos="7.69" speed="24.55" angle="350.61" x="127.07" y="79.31"/>
        <vehicle id="cfm_slow_2" eclass="HBEFA3/PC_G_EU4" CO2="120499.99" CO="2409.49" HC="13.97" NOx="56.21" PMx="3.10" fuel="51.80" electricity="0.00" noise="146.74" route="routeright" type="cfm_slow" waiting="0.00" lane="right_0" pos="47.69" speed="24.55" angle="278.73" x="68.42" y="128.80"/>
        <vehicle id="cfm_slow_3" eclass="HBEFA3/PC_G_EU4" CO2="120499.99" CO="2409.49" HC="13.97" NOx="56.21" PMx="3.10" fuel="51.80" electricity="0.00" noise="146.74" route="routetop" type="cfm_slow" waiting="0.00" lane="top_0" pos="37.69" speed="24.55" angle="206.67" x="3.19" y="88.30"/>
        <vehicle id="cfm_slow_4" eclass="HBEFA3/PC_G_EU4" CO2="120499.99" CO="2409.49" HC="13.97" NOx="56.21" PMx="3.10" fuel="51.80" electricity="0.00" noise="146.74" route="routeleft" type="cfm_slow" waiting="0.00" lane="left_0" pos="27.69" speed="24.55" angle="134.65" x="21.55" y="13.76"/>
    </timestep>
    <timestep time="1.36">
        <vehicle id="cfm_slow_0" eclass="HBEFA3/PC_G_EU4" CO2="121408.43" CO="2428.72" HC="14.08" NOx="56.63" PMx="3.13" fuel="52.19" electricity="0.00" noise="146.83" route="routebottom" type="cfm_slow" waiting="0.00" lane="bottom_0" pos="17.94" speed="24.73" angle="62.21" x="98.56" y="8.45"/>
        <vehicle id="cfm_slow_1" eclass="HBEFA3/PC_G_EU4" CO2="121408.43" CO="2428.72" HC="14.08" NOx="56.63" PMx="3.13" fuel="52.19" electricity="0.00" noise="146.83" route="routebottom" type="cfm_slow" waiting="0.00" lane="right_0" pos="7.94" speed="24.73" angle="350.16" x="126.94" y="79.80"/>
        <vehicle id="cfm_slow_2" eclass="HBEFA3/PC_G_EU4" CO2="121408.43" CO="2428.72" HC="14.08" NOx="56.63" PMx="3.13" fuel="52.19" electricity="0.00" noise="146.83" route="routeright" type="cfm_slow" waiting="0.00" lane="right_0" pos="47.94" speed="24.73" angle="278.26" x="67.91" y="128.83"/>
        <vehicle id="cfm_slow_3" eclass="HBEFA3/PC_G_EU4" CO2="121408.43" CO="2428.72" HC="14.08" NOx="56.63" PMx="3.13" fuel="52.19" electricity="0.00" noise="146.83" route="routetop" type="cfm_slow" waiting="0.00" lane="top_0" pos="37.94" speed="24.73" angle="206.20" x="3.00" y="87.83"/>
        <vehicle id="cfm_slow_4" eclass="HBEFA3/PC_G_EU4" CO2="121408.43" CO="2428.72" HC="14.08" NOx="56.63" PMx="3.13" fuel="52.19" electricity="0.00" noise="146.83" route="routeleft" type="cfm_slow" waiting="0.00" lane="left_0" pos="27.94" speed="24.73" angle="134.19" x="21.94" y="13.43"/>
    </timestep>
    <timestep time="1.37">
        <vehicle id="cfm_slow_0" eclass="HBEFA3/PC_G_EU4" CO2="122317.40" CO="2447.99" HC="14.19" NOx="57.06" PMx="3.15" fuel="52.58" electricity="0.00" noise="146.91" route="routebottom" type="cfm_slow" waiting="0.00" lane="bottom_0" pos="18.19" speed="24.91" angle="61.74" x="98.98" y="8.73"/>
        <vehicle id="cfm_slow_1" eclass="HBEFA3/PC_G_EU4" CO2="122317.40" CO="2447.99" HC="14.19" NOx="57.06" PMx="3.15" fuel="52.58" electricity="0.00" noise="146.91" route="routebottom" type="cfm_slow" waiting="0.00" lane="right_0" pos="8.19" speed="24.91" angle="349.72" x="126.81" y="80.29"/>
        <vehicle id="cfm_slow_2" eclass="HBEFA3/PC_G_EU4" CO2="122317.40" CO="2447.99" HC="14.19" NOx="57.06" PMx="3.15" fuel="52.58" electricity="0.00" noise="146.91" route="routeright" type="cfm_slow" waiting="0.00" lane="right_0" pos="48.19" speed="24.91" angle="277.78" x="67.40" y="128.86"/>
        <vehicle id="cfm_slow_3" eclass="HBEFA3/PC_G_EU4" CO2="122317.40" CO="2447.99" HC="14.19" NOx="57.06" PMx="3.15" fuel="52.58" electricity="0.00" noise="146.91" route="routetop" type="cfm_slow" waiting="0.00" lane="top_0" pos="38.19" speed="24.91" angle="205.72" x="2.81" y="87.36"/>
        <vehicle id="cfm_slow_4" eclass="HBEFA3/PC_G_EU4" CO2="122317.40" CO="2447.99" HC="14.19" NOx="57.06" PMx="3.15" fuel="52.58" electricity="0.00" noise="146.91" route="routeleft" type="cfm_slow" waiting="0.00" lane="left_0" pos="28.19" speed="24.91" angle="133.78" x="22.33" y="13.10"/>
    </timestep>
    <timestep time="1.38">
        <vehicle id="cfm_slow_0" eclass="HBEFA3/PC_G_EU4" CO2="123226.88" CO="2467.30" HC="14.30" NOx="57.48" PMx="3.18" fuel="52.97" electricity="0.00" noise="147.00" route="routebottom" type="cfm_slow" waiting="0.00" lane="bottom_0" pos="18.44" speed="25.09" angle="61.27" x="99.41" y="9.02"/>
        <vehicle id="cfm_slow_1" eclass="HBEFA3/PC_G_EU4" CO2="123226.88" CO="2467.30" HC="14.30" NOx="57.48" PMx="3.18" fuel="52.97" electricity="0.00" noise="147.00" route="routebottom" type="cfm_slow" waiting="0.00" lane="right_0" pos="8.44" speed="25.09" angle="349.27" x="126.68" y="80.79"/>
        <vehicle id="cfm_slow_2" eclass="HBEFA3/PC_G_EU4" CO2="123226.88" CO="2467.30" HC="14.30" NOx="57.48" PMx="3.18" fuel="52.97" electricity="0.00" noise="147.00" route="routeright" type="cfm_slow" waiting="0.00" lane="right_0" pos="48.44" speed="25.09" angle="277.30" x="66.89" y="128.89"/>
        <vehicle id="cfm_slow_3" eclass="HBEFA3/PC_G_EU4" CO2="123226.88" CO="2467.30" HC="14.30" NOx="57.48" PMx="3.18" fuel="52.97" electricity="0.00" noise="147.00" route="routetop" type="cfm_slow" waiting="0.00" lane="top_0" pos="38.44" speed="25.09" angle="205.30" x="2.62" y="86.88"/>
        <vehicle id="cfm_slow_4" eclass="HBEFA3/PC_G_EU4" CO2="123226.88" CO="2467.30" HC="14.30" NOx="57.48" PMx="3.18" fuel="52.97" electricity="0.00" noise="147.00" route="routeleft" type="cfm_slow" waiting="0.00" lane="left_0" pos="28.44" speed="25.09" angle="133.33" x="22.73" y="12.78"/>
    </timestep>
    <timestep time="1.39">
        <vehicle id="cfm_slow_0" eclass="HBEFA3/PC_G_EU4" CO2="124136.88" CO="2486.65" HC="14.41" NOx="57.91" PMx="3.20" fuel="53.36" electricity="0.00" noise="147.09" route="routebottom" type="cfm_slow" waiting="0.00" lane="bottom_0" pos="18.69" speed="25.27" angle="60.79" x="99.84" y="9.31"/>
        <vehicle id="cfm_slow_1" eclass="HBEFA3/PC_G_EU4" CO2="124136.88" CO="2486.65" HC="14.41" NOx="57.91" PMx="3.20" fuel="53.36" electricity="0.00" noise="147.09" route="routebottom" type="cfm_slow" waiting="0.00" lane="right_0" pos="8.69" speed="25.27" angle="348.82" x="126.54" y="81.29"/>
        <vehicle id="cfm_slow_2" eclass="HBEFA3/PC_G_EU4" CO2="124136.88" CO="2486.65" HC="14.41" NOx="57.91" PMx="3.20" fuel="53.36" electricity="0.00" noise="147.09" route="routeright" type="cfm_slow" waiting="0.00" lane="right_0" pos="48.69" speed="25.27" angle="276.86" x="66.37" y="128.92"/>
        <vehicle id="cfm_slow_3" eclass="HBEFA3/PC_G_EU4" CO2="124136.88" CO="2486.65" HC="14.41" NOx="57.91" PMx="3.20" fuel="53.36" electricity="0.00" noise="147.09" route="routetop" type="cfm_slow" waiting="0.00" lane="top_0" pos="38.69" speed="25.27" angle="204.85" x="2.45" y="86.39"/>
        <vehicle id="cfm_slow_4" eclass="HBEFA3/PC_G_EU4" CO2="124136.88" CO="2486.65" HC="14.41" NOx="57.91" PMx="3.20" fuel="53.36" electricity="0.00" noise="147.09" route="routeleft" type="cfm_slow" waiting="0.00" lane="left_0" pos="28.69" speed="25.27" angle="132.86" x="23.14" y="12.46"/>
    </timestep>
    <timestep time="1.40">
        <vehicle id="cfm_slow_0" eclass="HBEFA3/PC_G_EU4" CO2="125047.39" CO="2506.04" HC="14.52" NOx="58.33" PMx="3.22" fuel="53.75" electricity="0.00" noise="147.17" route="routebottom" type="cfm_slow" waiting="0.00" lane="bottom_0" pos="18.95" speed="25.45" angle="60.31" x="100.28" y="9.60"/>
        <vehicle id="cfm_slow_1" eclass="HBEFA3/PC_G_EU4" CO2="125047.39" CO="2506.04" HC="14.52" NOx="58.33" PMx="3.22" fuel="53.75" electricity="0.00" noise="147.17" route="routebottom" type="cfm_slow" waiting="0.00" lane="right_0" pos="8.95" speed="25.45" angle="348.41" x="126.41" y="81.79"/>
        <vehicle id="cfm_slow_2" eclass="HBEFA3/PC_G_EU4" CO2="125047.39" CO="2506.04" HC="14.52" NOx="58.33" PMx="3.22" fuel="53.75" electricity="0.00" noise="147.17" route="routeright" type="cfm_slow" waiting="0.00" lane="right_0" pos="48.95" speed="25.45" angle="276.41" x="65.85" y="128.93"/>
        <vehicle id="cfm_slow_3" eclass="HBEFA3/PC_G_EU4" CO2="125047.39" CO="2506.04" HC="14.52" NOx="58.33" PMx="3.22" fuel="53.75" electricity="0.00" noise="147.17" route="routetop" type="cfm_slow" waiting="0.00" lane="top_0" pos="38.95" speed="25.45" angle="204.38" x="2.27" y="85.90"/>
        <vehicle id="cfm_slow_4" eclass="HBEFA3/PC_G_EU4" CO2="125047.39" CO="2506.04" HC="14.52" NOx="58.33" PMx="3.22" fuel="53.75" electricity="0.00" noise="147.17" route="routeleft" type="cfm_slow" waiting="0.00" lane="left_0" pos="28.95" speed="25.45" angle="132.39" x="23.55" y="12.14"/>
    </timestep>
    <timestep time="1.41">
        <vehicle id="cfm_slow_0" eclass="HBEFA3/PC_G_EU4" CO2="125958.43" CO="2525.46" HC="14.63" NOx="58.76" PMx="3.25" fuel="54.14" electricity="0.00" noise="147.26" route="routebottom" type="cfm_slow" waiting="0.00" lane="bottom_0" pos="19.20" speed="25.64" angle="59.87" x="100.71" y="9.89"/>
        <vehicle id="cfm_slow_1" eclass="HBEFA3/PC_G_EU4" CO2="125958.43" CO="2525.46" HC="14.63" NOx="58.76" PMx="3.25" fuel="54.14" electricity="0.00" noise="147.26" route="routebottom" type="cfm_slow" waiting="0.00" lane="right_0" pos="9.20" speed="25.64" angle="347.95" x="126.26" y="82.30"/>
        <vehicle id="cfm_slow_2" eclass="HBEFA3/PC_G_EU4" CO2="125958.43" CO="2525.46" HC="14.63" NOx="58.76" PMx="3.25" fuel="54.14" electricity="0.00" noise="147.26" route="routeright" type="cfm_slow" waiting="0.00" lane="right_0" pos="49.20" speed="25.64" angle="275.93" x="65.33" y="128.94"/>
        <vehicle id="cfm_slow_3" eclass="HBEFA3/PC_G_EU4" CO2="125958.43" CO="2525.46" HC="14.63" NOx="58.76" PMx="3.25" fuel="54.14" electricity="0.00" noise="147.26" route="routetop" type="cfm_slow" waiting="0.00" lane="top_0" pos="39.20" speed="25.64" angle="203.92" x="2.09" y="85.40"/>
        <vehicle id="cfm_slow_4" eclass="HBEFA3/PC_G_EU4" CO2="125958.43" CO="2525.46" HC="14.63" NOx="58.76" PMx="3.25" fuel="54.14" electricity="0.00" noise="147.26" route="routeleft" type="cfm_slow" waiting="0.00" lane="left_0" pos="29.20" speed="25.64" angle="131.91" x="23.96" y="11.82"/>
    </timestep>
    <timestep time="1.42">
        <vehicle id="cfm_slow_0" eclass="HBEFA3/PC_G_EU4" CO2="126869.99" CO="2544.92" HC="14.74" NOx="59.18" PMx="3.27" fuel="54.53" electricity="0.00" noise="147.35" route="routebottom" type="cfm_slow" waiting="0.00" lane="bottom_0" pos="19.46" speed="25.82" angle="59.41" x="101.14" y="10.20"/>
        <vehicle id="cfm_slow_1" eclass="HBEFA3/PC_G_EU4" CO2="126869.99" CO="2544.92" HC="14.74" NOx="59.18" PMx="3.27" fuel="54.53" electricity="0.00" noise="147.35" route="routebottom" type="cfm_slow" waiting="0.00" lane="right_0" pos="9.46" speed="25.82" angle="347.48" x="126.10" y="82.80"/>
        <vehicle id="cfm_slow_2" eclass="HBEFA3/PC_G_EU4" CO2="126869.99" CO="2544.92" HC="14.74" NOx="59.18" PMx="3.27" fuel="54.53" electricity="0.00" noise="147.35" route="routeright" type="cfm_slow" waiting="0.00" lane="right_0" pos="49.46" speed="25.82" angle="275.46" x="64.80" y="128.95"/>
        <vehicle id="cfm_slow_3" eclass="HBEFA3/PC_G_EU4" CO2="126869.99" CO="2544.92" HC="14.74" NOx="59.18" PMx="3.27" fuel="54.53" electricity="0.00" noise="147.35" route="routetop" type="cfm_slow" waiting="0.00" lane="top_0" pos="39.46" speed="25.82" angle="203.45" x="1.91" y="84.91"/>
        <vehicle id="cfm_slow_4" eclass="HBEFA3/PC_G_EU4" CO2="126869.99" CO="2544.92" HC="14.74" NOx="59.18" PMx="3.27" fuel="54.53" electricity="0.00" noise="147.35" route="routeleft" type="cfm_slow" waiting="0.00" lane="left_0" pos="29.46" speed="25.82" angle="131.48" x="24.38" y="11.49"/>
    </timestep>
    <timestep time="1.43">
        <vehicle id="cfm_slow_0" eclass="HBEFA3/PC_G_EU4" CO2="127782.06" CO="2564.42" HC="14.85" NOx="59.61" PMx="3.30" fuel="54.93" electricity="0.00" noise="147.43" route="routebottom" type="cfm_slow" waiting="0.00" lane="bottom_0" pos="19.72" speed="26.00" angle="58.94" x="101.58" y="10.51"/>
        <vehicle id="cfm_slow_1" eclass="HBEFA3/PC_G_EU4" CO2="127782.06" CO="2564.42" HC="14.85" NOx="59.61" PMx="3.30" fuel="54.93" electricity="0.00" noise="147.43" route="routebottom" type="cfm_slow" waiting="0.00" lane="right_0" pos="9.72" speed="26.00" angle="347.00" x="125.94" y="83.31"/>
        <vehicle id="cfm_slow_2" eclass="HBEFA3/PC_G_EU4" CO2="127782.06" CO="2564.42" HC="14.85" NOx="59.61" PMx="3.30" fuel="54.93" electricity="0.00" noise="147.43" route="routeright" type="cfm_slow" waiting="0.00" lane="right_0" pos="49.72" speed="26.00" angle="274.98" x="64.26" y="128.96"/>
        <vehicle id="cfm_slow_3" eclass="HBEFA3/PC_G_EU4" CO2="127782.06" CO="2564.42" HC="14.85" NOx="59.61" PMx="3.30" fuel="54.93" electricity="0.00" noise="147.43" route="routetop" type="cfm_slow" waiting="0.00" lane="top_0" pos="39.72" speed="26.00" angle="203.02" x="1.73" y="84.41"/>
        <vehicle id="cfm_slow_4" eclass="HBEFA3/PC_G_EU4" CO2="127782.06" CO="2564.42" HC="14.85" NOx="59.61" PMx="3.30" fuel="54.93" electricity="0.00" noise="147.43" route="routeleft" type="cfm_slow" waiting="0.00" lane="left_0" pos="29.72" speed="26.00" angle="131.01" x="24.81" y="11.18"/>
    </timestep>
    <timestep time="1.44">
        <vehicle id="cfm_slow_0" eclass="HBEFA3/PC_G_EU4" CO2="128694.66" CO="2583.96" HC="14.97" NOx="60.04" PMx="3.32" fuel="55.32" electricity="0.00" noise="147.52" route="routebottom" type="cfm_slow" waiting="0.00" lane="bottom_0" pos="19.98" speed="26.18" angle="58.46" x="102.01" y="10.82"/>
        <vehicle id="cfm_slow_1" eclass="HBEFA3/PC_G_EU4" CO2="128694.66" CO="2583.96" HC="14.97" NOx="60.04" PMx="3.32" fuel="55.32" electricity="0.00" noise="147.52" route="routebottom" type="cfm_slow" waiting="0.00" lane="right_0" pos="9.98" speed="26.18" angle="346.53" x="125.78" y="83.82"/>
        <vehicle id="cfm_slow_2" eclass="HBEFA3/PC_G_EU4" CO2="128694.66" CO="2583.96" HC="14.97" NOx="60.04" PMx="3.32" fuel="55.32" electricity="0.00" noise="147.52" route="routeright" type="cfm_slow" waiting="0.00" lane="right_0" pos="49.98" speed="26.18" angle="274.54" x="63.73" y="128.97"/>
        <vehicle id="cfm_slow_3" eclass="HBEFA3/PC_G_EU4" CO2="128694.66" CO="2583.96" HC="14.97" NOx="60.04" PMx="3.32" fuel="55.32" electricity="0.00" noise="147.52" route="routetop" type="cfm_slow" waiting="0.00" lane="top_0" pos="39.98" speed="26.18" angle="202.55" x="1.57" y="83.89"/>
        <vehicle id="cfm_slow_4" eclass="HBEFA3/PC_G_EU4" CO2="128694.66" CO="2583.96" HC="14.97" NOx="60.04" PMx="3.32" fuel="55.32" electricity="0.00" noise="147.52" route="routeleft" type="cfm_slow" waiting="0.00" lane="left_0" pos="29.98" speed="26.18" angle="130.52" x="25.25" y="10.86"/>
    </timestep>
    <timestep time="1.45">
        <vehicle id="cfm_slow_0" eclass="HBEFA3/PC_G_EU4" CO2="129607.77" CO="2603.54" HC="15.08" NOx="60.46" PMx="3.35" fuel="55.71" electricity="0.00" noise="147.60" route="routebottom" type="cfm_slow" waiting="0.00" lane="bottom_0" pos="20.25" speed="26.36" angle="57.98" x="102.45" y="11.14"/>
        <vehicle id="cfm_slow_1" eclass="HBEFA3/PC_G_EU4" CO2="129607.77" CO="2603.54" HC="15.08" NOx="60.46" PMx="3.35" fuel="55.71" electricity="0.00" noise="147.60" route="routebottom" type="cfm_slow" waiting="0.00" lane="right_0" pos="10.25" speed="26.36" angle="346.10" x="125.62" y="84.34"/>
        <vehicle id="cfm_slow_2" eclass="HBEFA3/PC_G_EU4" CO2="129607.77" CO="2603.54" HC="15.08" NOx="60.46" PMx="3.35" fuel="55.71" electricity="0.00" noise="147.60" route="routetop" type="cfm_slow" waiting="0.00" lane="top_0" pos="0.25" speed="26.36" angle="274.04" x="63.13" y="128.96"/>
        <vehicle id="cfm_slow_3" eclass="HBEFA3/PC_G_EU4" CO2="129607.77" CO="2603.54" HC="15.08" NOx="60.46" PMx="3.35" fuel="55.71" electricity="0.00" noise="147.60" route="routetop" type="cfm_slow" waiting="0.00" lane="top_0" pos="40.25" speed="26.36" angle="202.05" x="1.41" y="83.38"/>
        <vehicle id="cfm_slow_4" eclass="HBEFA3/PC_G_EU4" CO2="129607.77" CO="2603.54" HC="15.08" NOx="60.46" PMx="3.35" fuel="55.71" electricity="0.00" noise="147.60" route="routeleft" type="cfm_slow" waiting="0.00" lane="left_0" pos="30.25" speed="26.36" angle="130.03" x="25.69" y="10.55"/>
    </timestep>
    <timestep time="1.46">
        <vehicle id="cfm_slow_0" eclass="HBEFA3/PC_G_EU4" CO2="130521.41" CO="2623.16" HC="15.19" NOx="60.89" PMx="3.37" fuel="56.10" electricity="0.00" noise="147.69" route="routebottom" type="cfm_slow" waiting="0.00" lane="bottom_0" pos="20.51" speed="26.55" angle="57.55" x="102.89" y="11.45"/>
        <vehicle id="cfm_slow_1" eclass="HBEFA3/PC_G_EU4" CO2="130521.41" CO="2623.16" HC="15.19" NOx="60.89" PMx="3.37" fuel="56.10" electricity="0.00" noise="147.69" route="routebottom" type="cfm_slow" waiting="0.00" lane="right_0" pos="10.51" speed="26.55" angle="345.59" x="125.44" y="84.85"/>
        <vehicle id="cfm_slow_2" eclass="HBEFA3/PC_G_EU4" CO2="130521.41" CO="2623.16" HC="15.19" NOx="60.89" PMx="3.37" fuel="56.10" electricity="0.00" noise="147.69" route="routetop" type="cfm_slow" waiting="0.00" lane="top_0" pos="0.51" speed="26.55" angle="273.56" x="62.58" y="128.95"/>
        <vehicle id="cfm_slow_3" eclass="HBEFA3/PC_G_EU4" CO2="130521.41" CO="2623.16" HC="15.19" NOx="60.89" PMx="3.37" fuel="56.10" electricity="0.00" noise="147.69" route="routetop" type="cfm_slow" waiting="0.00" lane="top_0" pos="40.51" speed="26.55" angle="201.56" x="1.25" y="82.86"/>
        <vehicle id="cfm_slow_4" eclass="HBEFA3/PC_G_EU4" CO2="130521.41" CO="2623.16" HC="15.19" NOx="60.89" PMx="3.37" fuel="56.10" electricity="0.00" noise="147.69" route="routeleft" type="cfm_slow" waiting="0.00" lane="left_0" pos="30.51" speed="26.55" angle="129.54" x="26.13" y="10.23"/>
    </timestep>
    <timestep time="1.47">
        <vehicle id="cfm_slow_0" eclass="HBEFA3/PC_G_EU4" CO2="131435.56" CO="2642.81" HC="15.30" NOx="61.32" PMx="3.39" fuel="56.50" electricity="0.00" noise="147.78" route="routebottom" type="cfm_slow" waiting="0.00" lane="bottom_0" pos="20.78" speed="26.73" angle="57.06" x="103.33" y="11.79"/>
        <vehicle id="cfm_slow_1" eclass="HBEFA3/PC_G_EU4" CO2="131435.56" CO="2642.81" HC="15.30" NOx="61.32" PMx="3.39" fuel="56.50" electricity="0.00" noise="147.78" route="routebottom" type="cfm_slow" waiting="0.00" lane="right_0" pos="10.78" speed="26.73" angle="345.07" x="125.25" y="85.37"/>
        <vehicle id="cfm_slow_2" eclass="HBEFA3/PC_G_EU4" CO2="131435.56" CO="2642.81" HC="15.30" NOx="61.32" PMx="3.39" fuel="56.50" electricity="0.00" noise="147.78" route="routetop" type="cfm_slow" waiting="0.00" lane="top_0" pos="0.78" speed="26.73" angle="273.07" x="62.03" y="128.94"/>
        <vehicle id="cfm_slow_3" eclass="HBEFA3/PC_G_EU4" CO2="131435.56" CO="2642.81" HC="15.30" NOx="61.32" PMx="3.39" fuel="56.50" electricity="0.00" noise="147.78" route="routetop" type="cfm_slow" waiting="0.00" lane="top_0" pos="40.78" speed="26.73" angle="201.06" x="1.09" y="82.33"/>
        <vehicle id="cfm_slow_4" eclass="HBEFA3/PC_G_EU4" CO2="131435.56" CO="2642.81" HC="15.30" NOx="61.32" PMx="3.39" fuel="56.50" electricity="0.00" noise="147.78" route="routeleft" type="cfm_slow" waiting="0.00" lane="left_0" pos="30.78" speed="26.73" angle="129.10" x="26.57" y="9.91"/>
    </timestep>
    <timestep time="1.48">
        <vehicle id="cfm_slow_0" eclass="HBEFA3/PC_G_EU4" CO2="132350.23" CO="2662.50" HC="15.42" NOx="61.75" PMx="3.42" fuel="56.89" electricity="0.00" noise="147.86" route="routebottom" type="cfm_slow" waiting="0.00" lane="bottom_0" pos="21.05" speed="26.91" angle="56.57" x="103.76" y="12.13"/>
        <vehicle id="cfm_slow_1" eclass="HBEFA3/PC_G_EU4" CO2="132350.23" CO="2662.50" HC="15.42" NOx="61.75" PMx="3.42" fuel="56.89" electricity="0.00" noise="147.86" route="routebottom" type="cfm_slow" waiting="0.00" lane="right_0" pos="11.05" speed="26.91" angle="344.55" x="125.06" y="85.89"/>
        <vehicle id="cfm_slow_2" eclass="HBEFA3/PC_G_EU4" CO2="132350.23" CO="2662.50" HC="15.42" NOx="61.75" PMx="3.42" fuel="56.89" electricity="0.00" noise="147.86" route="routetop" type="cfm_slow" waiting="0.00" lane="top_0" pos="1.05" speed="26.91" angle="272.58" x="61.48" y="128.93"/>
        <vehicle id="cfm_slow_3" eclass="HBEFA3/PC_G_EU4" CO2="132350.23" CO="2662.50" HC="15.42" NOx="61.75" PMx="3.42" fuel="56.89" electricity="0.00" noise="147.86" route="routetop" type="cfm_slow" waiting="0.00" lane="top_0" pos="41.05" speed="26.91" angle="200.61" x="0.92" y="81.81"/>
        <vehicle id="cfm_slow_4" eclass="HBEFA3/PC_G_EU4" CO2="132350.23" CO="2662.50" HC="15.42" NOx="61.75" PMx="3.42" fuel="56.89" electricity="0.00" noise="147.86" route="routeleft" type="cfm_slow" waiting="0.00" lane="left_0" pos="31.05" speed="26.91" angle="128.62" x="27.03" y="9.60"/>
    </timestep>
    <timestep time="1.49">
        <vehicle id="cfm_slow_0" eclass="HBEFA3/PC_G_EU4" CO2="133265.42" CO="2682.23" HC="15.53" NOx="62.17" PMx="3.44" fuel="57.28" electricity="0.00" noise="147.95" route="routebottom" type="cfm_slow" waiting="0.00" lane="bottom_0" pos="21.32" speed="27.09" angle="56.07" x="104.20" y="12.47"/>
        <vehicle id="cfm_slow_1" eclass="HBEFA3/PC_G_EU4" CO2="133265.42" CO="2682.23" HC="15.53" NOx="62.17" PMx="3.44" fuel="57.28" electricity="0.00" noise="147.95" route="routebottom" type="cfm_slow" waiting="0.00" lane="right_0" pos="11.32" speed="27.09" angle="344.03" x="124.87" y="86.41"/>
        <vehicle id="cfm_slow_2" eclass="HBEFA3/PC_G_EU4" CO2="133265.42" CO="2682.23" HC="15.53" NOx="62.17" PMx="3.44" fuel="57.28" electricity="0.00" noise="147.95" route="routetop" type="cfm_slow" waiting="0.00" lane="top_0" pos="1.32" speed="27.09" angle="272.12" x="60.93" y="128.91"/>
        <vehicle id="cfm_slow_3" eclass="HBEFA3/PC_G_EU4" CO2="133265.42" CO="2682.23" HC="15.53" NOx="62.17" PMx="3.44" fuel="57.28" electricity="0.00" noise="147.95" route="routetop" type="cfm_slow" waiting="0.00" lane="top_0" pos="41.32" speed="27.09" angle="200.12" x="0.78" y="81.27"/>
        <vehicle id="cfm_slow_4" eclass="HBEFA3/PC_G_EU4" CO2="133265.42" CO="2682.23" HC="15.53" NOx="62.17" PMx="3.44" fuel="57.28" electricity="0.00" noise="147.95" route="routeleft" type="cfm_slow" waiting="0.00" lane="left_0" pos="31.32" speed="27.09" angle="128.13" x="27.50" y="9.30"/>
    </timestep>
    <timestep time="1.50">
        <vehicle id="cfm_slow_0" eclass="HBEFA3/PC_G_EU4" CO2="133589.45" CO="2689.82" HC="15.57" NOx="62.32" PMx="3.45" fuel="57.42" electricity="0.00" noise="147.67" route="routebottom" type="cfm_slow" waiting="0.00" lane="bottom_0" pos="21.59" speed="27.27" angle="55.58" x="104.64" y="12.82"/>
        <vehicle id="cfm_slow_1" eclass="HBEFA3/PC_G_EU4" CO2="133589.45" CO="2689.82" HC="15.57" NOx="62.32" PMx="3.45" fuel="57.42" electricity="0.00" noise="147.67" route="routebottom" type="cfm_slow" waiting="0.00" lane="right_0" pos="11.59" speed="27.27" angle="343.58" x="124.68" y="86.93"/>
        <vehicle id="cfm_slow_2" eclass="HBEFA3/PC_G_EU4" CO2="133589.45" CO="2689.82" HC="15.57" NOx="62.32" PMx="3.45" fuel="57.42" electricity="0.00" noise="147.67" route="routetop" type="cfm_slow" waiting="0.00" lane="top_0" pos="1.59" speed="27.27" angle="271.63" x="60.37" y="128.88"/>
        <vehicle id="cfm_slow_3" eclass="HBEFA3/PC_G_EU4" CO2="133589.45" CO="2689.82" HC="15.57" NOx="62.32" PMx="3.45" fuel="57.42" electricity="0.00" noise="147.67" route="routetop" type="cfm_slow" waiting="0.00" lane="top_0" pos="41.59" speed="27.27" angle="199.62" x="0.63" y="80.73"/>
        <vehicle id="cfm_slow_4" eclass="HBEFA3/PC_G_EU4" CO2="133589.45" CO="2689.82" HC="15.57" NOx="62.32" PMx="3.45" fuel="57.42" electricity="0.00" noise="147.67" route="routeleft" type="cfm_slow" waiting="0.00" lane="left_0" pos="31.59" speed="27.27" angle="127.64" x="27.96" y="8.99"/>
    </timestep>
    <timestep time="1.51">
        <vehicle id="cfm_slow_0" eclass="HBEFA3/PC_G_EU4" CO2="133311.98" CO="2685.03" HC="15.54" NOx="62.19" PMx="3.45" fuel="57.30" electricity="0.00" noise="147.03" route="routebottom" type="cfm_slow" waiting="0.00" lane="bottom_0" pos="21.87" speed="27.45" angle="55.13" x="105.08" y="13.17"/>
        <vehicle id="cfm_slow_1" eclass="HBEFA3/PC_G_EU4" CO2="133311.98" CO="2685.03" HC="15.54" NOx="62.19" PMx="3.45" fuel="57.30" electricity="0.00" noise="147.03" route="routebottom" type="cfm_slow" waiting="0.00" lane="right_0" pos="11.87" speed="27.45" angle="343.09" x="124.47" y="87.45"/>
        <vehicle id="cfm_slow_2" eclass="HBEFA3/PC_G_EU4" CO2="133311.98" CO="2685.03" HC="15.54" NOx="62.19" PMx="3.45" fuel="57.30" electricity="0.00" noise="147.03" route="routetop" type="cfm_slow" waiting="0.00" lane="top_0" pos="1.87" speed="27.45" angle="271.13" x="59.81" y="128.85"/>
        <vehicle id="cfm_slow_3" eclass="HBEFA3/PC_G_EU4" CO2="133311.98" CO="2685.03" HC="15.54" NOx="62.19" PMx="3.45" fuel="57.30" electricity="0.00" noise="147.03" route="routetop" type="cfm_slow" waiting="0.00" lane="top_0" pos="41.87" speed="27.45" angle="199.11" x="0.49" y="80.19"/>
        <vehicle id="cfm_slow_4" eclass="HBEFA3/PC_G_EU4" CO2="133311.98" CO="2685.03" HC="15.54" NOx="62.19" PMx="3.45" fuel="57.30" electricity="0.00" noise="147.03" route="routeleft" type="cfm_slow" waiting="0.00" lane="left_0" pos="31.87" speed="27.45" angle="127.14" x="28.43" y="8.67"/>
    </timestep>
    <timestep time="1.52">
        <vehicle id="cfm_slow_0" eclass="HBEFA3/PC_G_EU4" CO2="133022.36" CO="2680.02" HC="15.51" NOx="62.05" PMx="3.44" fuel="57.18" electricity="0.00" noise="146.40" route="routebottom" type="cfm_slow" waiting="0.00" lane="bottom_0" pos="22.14" speed="27.63" angle="54.63" x="105.51" y="13.54"/>
        <vehicle id="cfm_slow_1" eclass="HBEFA3/PC_G_EU4" CO2="133022.36" CO="2680.02" HC="15.51" NOx="62.05" PMx="3.44" fuel="57.18" electricity="0.00" noise="146.40" route="routebottom" type="cfm_slow" waiting="0.00" lane="right_0" pos="12.14" speed="27.63" angle="342.61" x="124.26" y="87.98"/>
        <vehicle id="cfm_slow_2" eclass="HBEFA3/PC_G_EU4" CO2="133022.36" CO="2680.02" HC="15.51" NOx="62.05" PMx="3.44" fuel="57.18" electricity="0.00" noise="146.40" route="routetop" type="cfm_slow" waiting="0.00" lane="top_0" pos="2.14" speed="27.63" angle="270.63" x="59.24" y="128.82"/>
        <vehicle id="cfm_slow_3" eclass="HBEFA3/PC_G_EU4" CO2="133022.36" CO="2680.02" HC="15.51" NOx="62.05" PMx="3.44" fuel="57.18" electricity="0.00" noise="146.40" route="routetop" type="cfm_slow" waiting="0.00" lane="top_0" pos="42.14" speed="27.63" angle="198.60" x="0.34" y="79.64"/>
        <vehicle id="cfm_slow_4" eclass="HBEFA3/PC_G_EU4" CO2="133022.36" CO="2680.02" HC="15.51" NOx="62.05" PMx="3.44" fuel="57.18" electricity="0.00" noise="146.40" route="routeleft" type="cfm_slow" waiting="0.00" lane="left_0" pos="32.14" speed="27.63" angle="126.70" x="28.90" y="8.37"/>
    </timestep>
    <timestep time="1.53">
        <vehicle id="cfm_slow_0" eclass="HBEFA3/PC_G_EU4" CO2="132720.96" CO="2674.78" HC="15.48" NOx="61.90" PMx="3.43" fuel="57.05" electricity="0.00" noise="145.78" route="routebottom" type="cfm_slow" waiting="0.00" lane="bottom_0" pos="22.42" speed="27.81" angle="54.12" x="105.94" y="13.90"/>
        <vehicle id="cfm_slow_1" eclass="HBEFA3/PC_G_EU4" CO2="132720.96" CO="2674.78" HC="15.48" NOx="61.90" PMx="3.43" fuel="57.05" electricity="0.00" noise="145.78" route="routebottom" type="cfm_slow" waiting="0.00" lane="right_0" pos="12.42" speed="27.81" angle="342.12" x="124.05" y="88.51"/>
        <vehicle id="cfm_slow_2" eclass="HBEFA3/PC_G_EU4" CO2="132720.96" CO="2674.78" HC="15.48" NOx="61.90" PMx="3.43" fuel="57.05" electricity="0.00" noise="145.78" route="routetop" type="cfm_slow" waiting="0.00" lane="top_0" pos="2.42" speed="27.81" angle="270.12" x="58.67" y="128.78"/>
        <vehicle id="cfm_slow_3" eclass="HBEFA3/PC_G_EU4" CO2="132720.96" CO="2674.78" HC="15.48" NOx="61.90" PMx="3.43" fuel="57.05" electricity="0.00" noise="145.78" route="routetop" type="cfm_slow" waiting="0.00" lane="top_0" pos="42.42" speed="27.81" angle="198.16" x="0.20" y="79.09"/>
        <vehicle id="cfm_slow_4" eclass="HBEFA3/PC_G_EU4" CO2="132720.96" CO="2674.78" HC="15.48" NOx="61.90" PMx="3.43" fuel="57.05" electricity="0.00" noise="145.78" route="routeleft" type="cfm_slow" waiting="0.00" lane="left_0" pos="32.42" speed="27.81" angle="126.18" x="29.39" y="8.07"/>
    </timestep>
    <timestep time="1.54">
        <vehicle id="cfm_slow_0" eclass="HBEFA3/PC_G_EU4" CO2="132408.14" CO="2669.32" HC="15.45" NOx="61.75" PMx="3.42" fuel="56.92" electricity="0.00" noise="145.15" route="routebottom" type="cfm_slow" waiting="0.00" lane="bottom_0" pos="22.70" speed="27.98" angle="53.61" x="106.38" y="14.27"/>
        <vehicle id="cfm_slow_1" eclass="HBEFA3/PC_G_EU4" CO2="132408.14" CO="2669.32" HC="15.45" NOx="61.75" PMx="3.42" fuel="56.92" electricity="0.00" noise="145.15" route="routebottom" type="cfm_slow" waiting="0.00" lane="right_0" pos="12.70" speed="27.98" angle="341.63" x="123.84" y="89.04"/>
        <vehicle id="cfm_slow_2" eclass="HBEFA3/PC_G_EU4" CO2="132408.14" CO="2669.32" HC="15.45" NOx="61.75" PMx="3.42" fuel="56.92" electricity="0.00" noise="145.15" route="routetop" type="cfm_slow" waiting="0.00" lane="top_0" pos="2.70" speed="27.98" angle="269.66" x="58.10" y="128.74"/>
        <vehicle id="cfm_slow_3" eclass="HBEFA3/PC_G_EU4" CO2="132408.14" CO="2669.32" HC="15.45" NOx="61.75" PMx="3.42" fuel="56.92" electricity="0.00" noise="145.15" route="routetop" type="cfm_slow" waiting="0.00" lane="top_0" pos="42.70" speed="27.98" angle="197.66" x="0.08" y="78.53"/>
        <vehicle id="cfm_slow_4" eclass="HBEFA3/PC_G_EU4" CO2="132408.14" CO="2669.32" HC="15.45" NOx="61.75" PMx="3.42" fuel="56.92" electricity="0.00" noise="145.15" route="routeleft" type="cfm_slow" waiting="0.00" lane="left_0" pos="32.70" speed="27.98" angle="125.66" x="29.88" y="7.78"/>
    </timestep>
    <timestep time="1.55">
        <vehicle id="cfm_slow_0" eclass="HBEFA3/PC_G_EU4" CO2="132084.28" CO="2663.65" HC="15.42" NOx="61.59" PMx="3.42" fuel="56.78" electricity="0.00" noise="144.54" route="routebottom" type="cfm_slow" waiting="0.00" lane="bottom_0" pos="22.98" speed="28.15" angle="53.12" x="106.82" y="14.65"/>
        <vehicle id="cfm_slow_1" eclass="HBEFA3/PC_G_EU4" CO2="132084.28" CO="2663.65" HC="15.42" NOx="61.59" PMx="3.42" fuel="56.78" electricity="0.00" noise="144.54" route="routebottom" type="cfm_slow" waiting="0.00" lane="right_0" pos="12.98" speed="28.15" angle="341.16" x="123.61" y="89.57"/>
        <vehicle id="cfm_slow_2" eclass="HBEFA3/PC_G_EU4" CO2="132084.28" CO="2663.65" HC="15.42" NOx="61.59" PMx="3.42" fuel="56.78" electricity="0.00" noise="144.54" route="routetop" type="cfm_slow" waiting="0.00" lane="top_0" pos="2.98" speed="28.15" angle="269.15" x="57.53" y="128.68"/>
        <vehicle id="cfm_slow_3" eclass="HBEFA3/PC_G_EU4" CO2="132084.28" CO="2663.65" HC="15.42" NOx="61.59" PMx="3.42" fuel="56.78" electricity="0.00" noise="144.54" route="routetop" type="cfm_slow" waiting="0.00" lane="top_0" pos="42.98" speed="28.15" angle="197.15" x="-0.05" y="77.96"/>
        <vehicle id="cfm_slow_4" eclass="HBEFA3/PC_G_EU4" CO2="132084.28" CO="2663.65" HC="15.42" NOx="61.59" PMx="3.42" fuel="56.78" electricity="0.00" noise="144.54" route="routeleft" type="cfm_slow" waiting="0.00" lane="left_0" pos="32.98" speed="28.15" angle="125.13" x="30.38" y="7.48"/>
    </timestep>
    <timestep time="1.56">
        <vehicle id="cfm_slow_0" eclass="HBEFA3/PC_G_EU4" CO2="131749.72" CO="2657.78" HC="15.38" NOx="61.43" PMx="3.41" fuel="56.63" electricity="0.00" noise="143.93" route="routebottom" type="cfm_slow" waiting="0.00" lane="bottom_0" pos="23.26" speed="28.32" angle="52.66" x="107.26" y="15.03"/>
        <vehicle id="cfm_slow_1" eclass="HBEFA3/PC_G_EU4" CO2="131749.72" CO="2657.78" HC="15.38" NOx="61.43" PMx="3.41" fuel="56.63" electricity="0.00" noise="143.93" route="routebottom" type="cfm_slow" waiting="0.00" lane="right_0" pos="13.26" speed="28.32" angle="340.63" x="123.37" y="90.10"/>
        <vehicle id="cfm_slow_2" eclass="HBEFA3/PC_G_EU4" CO2="131749.72" CO="2657.78" HC="15.38" NOx="61.43" PMx="3.41" fuel="56.63" electricity="0.00" noise="143.93" route="routetop" type="cfm_slow" waiting="0.00" lane="top_0" pos="3.26" speed="28.32" angle="268.63" x="56.95" y="128.62"/>
        <vehicle id="cfm_slow_3" eclass="HBEFA3/PC_G_EU4" CO2="131749.72" CO="2657.78" HC="15.38" NOx="61.43" PMx="3.41" fuel="56.63" electricity="0.00" noise="143.93" route="routetop" type="cfm_slow" waiting="0.00" lane="top_0" pos="43.26" speed="28.32" angle="196.64" x="-0.18" y="77.40"/>
        <vehicle id="cfm_slow_4" eclass="HBEFA3/PC_G_EU4" CO2="131749.72" CO="2657.78" HC="15.38" NOx="61.43" PMx="3.41" fuel="56.63" electricity="0.00" noise="143.93" route="routeleft" type="cfm_slow" waiting="0.00" lane="left_0" pos="33.26" speed="28.32" angle="124.63" x="30.88" y="7.18"/>
    </timestep>
    <timestep time="1.57">
        <vehicle id="cfm_slow_0" eclass="HBEFA3/PC_G_EU4" CO2="131404.80" CO="2651.71" HC="15.34" NOx="61.26" PMx="3.40" fuel="56.48" electricity="0.00" noise="143.32" route="routebottom" type="cfm_slow" waiting="0.00" lane="bottom_0" pos="23.55" speed="28.49" angle="52.15" x="107.69" y="15.43"/>
        <vehicle id="cfm_slow_1" eclass="HBEFA3/PC_G_EU4" CO2="131404.80" CO="2651.71" HC="15.34" NOx="61.26" PMx="3.40" fuel="56.48" electricity="0.00" noise="143.32" route="routebottom" type="cfm_slow" waiting="0.00" lane="right_0" pos="13.55" speed="28.49" angle="340.09" x="123.13" y="90.64"/>
        <vehicle id="cfm_slow_2" eclass="HBEFA3/PC_G_EU4" CO2="131404.80" CO="2651.71" HC="15.34" NOx="61.26" PMx="3.40" fuel="56.48" electricity="0.00" noise="143.32" route="routetop" type="cfm_slow" waiting="0.00" lane="top_0" pos="3.55" speed="28.49" angle="268.11" x="56.37" y="128.56"/>
        <vehicle id="cfm_slow_3" eclass="HBEFA3/PC_G_EU4" CO2="131404.80" CO="2651.71" HC="15.34" NOx="61.26" PMx="3.40" fuel="56.48" electricity="0.00" noise="143.32" route="routetop" type="cfm_slow" waiting="0.00" lane="top_0" pos="43.55" speed="28.49" angle="196.16" x="-0.31" y="76.83"/>
        <vehicle id="cfm_slow_4" eclass="HBEFA3/PC_G_EU4" CO2="131404.80" CO="2651.71" HC="15.34" NOx="61.26" PMx="3.40" fuel="56.48" electricity="0.00" noise="143.32" route="routeleft" type="cfm_slow" waiting="0.00" lane="left_0" pos="33.55" speed="28.49" angle="124.14" x="31.39" y="6.89"/>
    </timestep>
    <timestep time="1.58">
        <vehicle id="cfm_slow_0" eclass="HBEFA3/PC_G_EU4" CO2="131049.87" CO="2645.45" HC="15.31" NOx="61.09" PMx="3.39" fuel="56.33" electricity="0.00" noise="142.73" route="routebottom" type="cfm_slow" waiting="0.00" lane="bottom_0" pos="23.84" speed="28.66" angle="51.63" x="108.12" y="15.83"/>
        <vehicle id="cfm_slow_1" eclass="HBEFA3/PC_G_EU4" CO2="131049.87" CO="2645.45" HC="15.31" NOx="61.09" PMx="3.39" fuel="56.33" electricity="0.00" noise="142.73" route="routebottom" type="cfm_slow" waiting="0.00" lane="right_0" pos="13.84" speed="28.66" angle="339.55" x="122.89" y="91.17"/>
        <vehicle id="cfm_slow_2" eclass="HBEFA3/PC_G_EU4" CO2="131049.87" CO="2645.45" HC="15.31" NOx="61.09" PMx="3.39" fuel="56.33" electricity="0.00" noise="142.73" route="routetop" type="cfm_slow" waiting="0.00" lane="top_0" pos="3.84" speed="28.66" angle="267.64" x="55.78" y="128.50"/>
        <vehicle id="cfm_slow_3" eclass="HBEFA3/PC_G_EU4" CO2="131049.87" CO="2645.45" HC="15.31" NOx="61.09" PMx="3.39" fuel="56.33" electricity="0.00" noise="142.73" route="routetop" type="cfm_slow" waiting="0.00" lane="top_0" pos="43.84" speed="28.66" angle="195.65" x="-0.42" y="76.25"/>
        <vehicle id="cfm_slow_4" eclass="HBEFA3/PC_G_EU4" CO2="131049.87" CO="2645.45" HC="15.31" NOx="61.09" PMx="3.39" fuel="56.33" electricity="0.00" noise="142.73" route="routeleft" type="cfm_slow" waiting="0.00" lane="left_0" pos="33.84" speed="28.66" angle="123.63" x="31.90" y="6.61"/>
    </timestep>
    <timestep time="1.59">
        <vehicle id="cfm_slow_0" eclass="HBEFA3/PC_G_EU4" CO2="130685.25" CO="2639.00" HC="15.27" NOx="60.92" PMx="3.38" fuel="56.17" electricity="0.00" noise="142.13" route="routebottom" type="cfm_slow" waiting="0.00" lane="bottom_0" pos="24.12" speed="28.83" angle="51.11" x="108.55" y="16.23"/>
        <vehicle id="cfm_slow_1" eclass="HBEFA3/PC_G_EU4" CO2="130685.25" CO="2639.00" HC="15.27" NOx="60.92" PMx="3.38" fuel="56.17" electricity="0.00" noise="142.13" route="routebottom" type="cfm_slow" waiting="0.00" lane="right_0" pos="14.12" speed="28.83" angle="339.07" x="122.64" y="91.71"/>
        <vehicle id="cfm_slow_2" eclass="HBEFA3/PC_G_EU4" CO2="130685.25" CO="2639.00" HC="15.27" NOx="60.92" PMx="3.38" fuel="56.17" electricity="0.00" noise="142.13" route="routetop" type="cfm_slow" waiting="0.00" lane="top_0" pos="4.12" speed="28.83" angle="267.11" x="55.20" y="128.42"/>
        <vehicle id="cfm_slow_3" eclass="HBEFA3/PC_G_EU4" CO2="130685.25" CO="2639.00" HC="15.27" NOx="60.92" PMx="3.38" fuel="56.17" electricity="0.00" noise="142.13" route="routetop" type="cfm_slow" waiting="0.00" lane="top_0" pos="44.12" speed="28.83" angle="195.11" x="-0.53" y="75.67"/>
        <vehicle id="cfm_slow_4" eclass="HBEFA3/PC_G_EU4" CO2="130685.25" CO="2639.00" HC="15.27" NOx="60.92" PMx="3.38" fuel="56.17" electricity="0.00" noise="142.13" route="routeleft" type="cfm_slow" waiting="0.00" lane="left_0" pos="34.12" speed="28.83" angle="123.11" x="32.42" y="6.32"/>
    </timestep>
    <timestep time="1.60">
        <vehicle id="cfm_slow_0" eclass="HBEFA3/PC_G_EU4" CO2="130311.26" CO="2632.37" HC="15.23" NOx="60.74" PMx="3.37" fuel="56.01" electricity="0.00" noise="141.54" route="routebottom" type="cfm_slow" waiting="0.00" lane="bottom_0" pos="24.41" speed="28.99" angle="50.64" x="108.99" y="16.64"/>
        <vehicle id="cfm_slow_1" eclass="HBEFA3/PC_G_EU4" CO2="130311.26" CO="2632.37" HC="15.23" NOx="60.74" PMx="3.37" fuel="56.01" electricity="0.00" noise="141.54" route="routebottom" type="cfm_slow" waiting="0.00" lane="right_0" pos="14.41" speed="28.99" angle="338.53" x="122.38" y="92.24"/>
        <vehicle id="cfm_slow_2" eclass="HBEFA3/PC_G_EU4" CO2="130311.26" CO="2632.37" HC="15.23" NOx="60.74" PMx="3.37" fuel="56.01" electricity="0.00" noise="141.54" route="routetop" type="cfm_slow" waiting="0.00" lane="top_0" pos="4.41" speed="28.99" angle="266.58" x="54.61" y="128.33"/>
        <vehicle id="cfm_slow_3" eclass="HBEFA3/PC_G_EU4" CO2="130311.26" CO="2632.37" HC="15.23" NOx="60.74" PMx="3.37" fuel="56.01" electricity="0.00" noise="141.54" route="routetop" type="cfm_slow" waiting="0.00" lane="top_0" pos="44.41" speed="28.99" angle="194.57" x="-0.63" y="75.08"/>
        <vehicle id="cfm_slow_4" eclass="HBEFA3/PC_G_EU4" CO2="130311.26" CO="2632.37" HC="15.23" NOx="60.74" PMx="3.37" fuel="56.01" electricity="0.00" noise="141.54" route="routeleft" type="cfm_slow" waiting="0.00" lane="left_0" pos="34.41" speed="28.99" angle="122.58" x="32.94" y="6.03"/>
    </timestep>
    <timestep time="1.61">
        <vehicle id="cfm_slow_0" eclass="HBEFA3/PC_G_EU4" CO2="129928.21" CO="2625.57" HC="15.19" NOx="60.55" PMx="3.36" fuel="55.85" electricity="0.00" noise="140.96" route="routebottom" type="cfm_slow" waiting="0.00" lane="bottom_0" pos="24.71" speed="29.16" angle="50.09" x="109.41" y="17.06"/>
        <vehicle id="cfm_slow_1" eclass="HBEFA3/PC_G_EU4" CO2="129928.21" CO="2625.57" HC="15.19" NOx="60.55" PMx="3.36" fuel="55.85" electricity="0.00" noise="140.96" route="routebottom" type="cfm_slow" waiting="0.00" lane="right_0" pos="14.71" speed="29.16" angle="337.98" x="122.11" y="92.78"/>
        <vehicle id="cfm_slow_2" eclass="HBEFA3/PC_G_EU4" CO2="129928.21" CO="2625.57" HC="15.19" NOx="60.55" PMx="3.36" fuel="55.85" electricity="0.00" noise="140.96" route="routetop" type="cfm_slow" waiting="0.00" lane="top_0" pos="4.71" speed="29.16" angle="266.04" x="54.02" y="128.25"/>
        <vehicle id="cfm_slow_3" eclass="HBEFA3/PC_G_EU4" CO2="129928.21" CO="2625.57" HC="15.19" NOx="60.55" PMx="3.36" fuel="55.85" electricity="0.00" noise="140.96" route="routetop" type="cfm_slow" waiting="0.00" lane="top_0" pos="44.71" speed="29.16" angle="194.03" x="-0.74" y="74.50"/>
        <vehicle id="cfm_slow_4" eclass="HBEFA3/PC_G_EU4" CO2="129928.21" CO="2625.57" HC="15.19" NOx="60.55" PMx="3.36" fuel="55.85" electricity="0.00" noise="140.96" route="routeleft" type="cfm_slow" waiting="0.00" lane="left_0" pos="34.71" speed="29.16" angle="122.11" x="33.46" y="5.75"/>
    </timestep>
    <timestep time="1.62">
        <vehicle id="cfm_slow_0" eclass="HBEFA3/PC_G_EU4" CO2="129536.43" CO="2618.60" HC="15.15" NOx="60.37" PMx="3.35" fuel="55.68" electricity="0.00" noise="140.38" route="routebottom" type="cfm_slow" waiting="0.00" lane="bottom_0" pos="25.00" speed="29.32" angle="49.53" x="109.83" y="17.49"/>
        <vehicle id="cfm_slow_1" eclass="HBEFA3/PC_G_EU4" CO2="129536.43" CO="2618.60" HC="15.15" NOx="60.37" PMx="3.35" fuel="55.68" electricity="0.00" noise="140.38" route="routebottom" type="cfm_slow" waiting="0.00" lane="right_0" pos="15.00" speed="29.32" angle="337.43" x="121.84" y="93.32"/>
        <vehicle id="cfm_slow_2" eclass="HBEFA3/PC_G_EU4" CO2="129536.43" CO="2618.60" HC="15.15" NOx="60.37" PMx="3.35" fuel="55.68" electricity="0.00" noise="140.38" route="routetop" type="cfm_slow" waiting="0.00" lane="top_0" pos="5.00" speed="29.32" angle="265.51" x="53.42" y="128.16"/>
        <vehicle id="cfm_slow_3" eclass="HBEFA3/PC_G_EU4" CO2="129536.43" CO="2618.60" HC="15.15" NOx="60.37" PMx="3.35" fuel="55.68" electricity="0.00" noise="140.38" route="routetop" type="cfm_slow" waiting="0.00" lane="top_0" pos="45.00" speed="29.32" angle="193.56" x="-0.84" y="73.90"/>
        <vehicle id="cfm_slow_4" eclass="HBEFA3/PC_G_EU4" CO2="129536.43" CO="2618.60" HC="15.15" NOx="60.37" PMx="3.35" fuel="55.68" electricity="0.00" noise="140.38" route="routeleft" type="cfm_slow" waiting="0.00" lane="left_0" pos="35.00" speed="29.32" angle="121.58" x="34.00" y="5.48"/>
    </timestep>
    <timestep time="1.63">
        <vehicle id="cfm_slow_0" eclass="HBEFA3/PC_G_EU4" CO2="129136.20" CO="2611.46" HC="15.11" NOx="60.17" PMx="3.34" fuel="55.51" electricity="0.00" noise="139.81" route="routebottom" type="cfm_slow" waiting="0.00" lane="bottom_0" pos="25.29" speed="29.48" angle="48.97" x="110.26" y="17.91"/>
        <vehicle id="cfm_slow_1" eclass="HBEFA3/PC_G_EU4" CO2="129136.20" CO="2611.46" HC="15.11" NOx="60.17" PMx="3.34" fuel="55.51" electricity="0.00" noise="139.81" route="routebottom" type="cfm_slow" waiting="0.00" lane="right_0" pos="15.29" speed="29.48" angle="336.91" x="121.57" y="93.86"/>
        <vehicle id="cfm_slow_2" eclass="HBEFA3/PC_G_EU4" CO2="129136.20" CO="2611.46" HC="15.11" NOx="60.17" PMx="3.34" fuel="55.51" electricity="0.00" noise="139.81" route="routetop" type="cfm_slow" waiting="0.00" lane="top_0" pos="5.29" speed="29.48" angle="264.99" x="52.83" y="128.06"/>
        <vehicle id="cfm_slow_3" eclass="HBEFA3/PC_G_EU4" CO2="129136.20" CO="2611.46" HC="15.11" NOx="60.17" PMx="3.34" fuel="55.51" electricity="0.00" noise="139.81" route="routetop" type="cfm_slow" waiting="0.00" lane="top_0" pos="45.29" speed="29.48" angle="193.02" x="-0.93" y="73.30"/>
        <vehicle id="cfm_slow_4" eclass="HBEFA3/PC_G_EU4" CO2="129136.20" CO="2611.46" HC="15.11" NOx="60.17" PMx="3.34" fuel="55.51" electricity="0.00" noise="139.81" route="routeleft" type="cfm_slow" waiting="0.00" lane="left_0" pos="35.29" speed="29.48" angle="121.04" x="34.54" y="5.21"/>
    </timestep>
    <timestep time="1.64">
        <vehicle id="cfm_slow_0" eclass="HBEFA3/PC_G_EU4" CO2="128727.82" CO="2604.18" HC="15.06" NOx="59.98" PMx="3.33" fuel="55.33" electricity="0.00" noise="139.25" route="routebottom" type="cfm_slow" waiting="0.00" lane="bottom_0" pos="25.59" speed="29.64" angle="48.45" x="110.69" y="18.35"/>
        <vehicle id="cfm_slow_1" eclass="HBEFA3/PC_G_EU4" CO2="128727.82" CO="2604.18" HC="15.06" NOx="59.98" PMx="3.33" fuel="55.33" electricity="0.00" noise="139.25" route="routebottom" type="cfm_slow" waiting="0.00" lane="right_0" pos="15.59" speed="29.64" angle="336.42" x="121.28" y="94.39"/>
        <vehicle id="cfm_slow_2" eclass="HBEFA3/PC_G_EU4" CO2="128727.82" CO="2604.18" HC="15.06" NOx="59.98" PMx="3.33" fuel="55.33" electricity="0.00" noise="139.25" route="routetop" type="cfm_slow" waiting="0.00" lane="top_0" pos="5.59" speed="29.64" angle="264.45" x="52.23" y="127.96"/>
        <vehicle id="cfm_slow_3" eclass="HBEFA3/PC_G_EU4" CO2="128727.82" CO="2604.18" HC="15.06" NOx="59.98" PMx="3.33" fuel="55.33" electricity="0.00" noise="139.25" route="routetop" type="cfm_slow" waiting="0.00" lane="top_0" pos="45.59" speed="29.64" angle="192.48" x="-1.01" y="72.70"/>
        <vehicle id="cfm_slow_4" eclass="HBEFA3/PC_G_EU4" CO2="128727.82" CO="2604.18" HC="15.06" NOx="59.98" PMx="3.33" fuel="55.33" electricity="0.00" noise="139.25" route="routeleft" type="cfm_slow" waiting="0.00" lane="left_0" pos="35.59" speed="29.64" angle="120.50" x="35.08" y="4.94"/>
    </timestep>
    <timestep time="1.65">
        <vehicle id="cfm_slow_0" eclass="HBEFA3/PC_G_EU4" CO2="128311.58" CO="2596.74" HC="15.02" NOx="59.78" PMx="3.32" fuel="55.15" electricity="0.00" noise="138.68" route="routebottom" type="cfm_slow" waiting="0.00" lane="bottom_0" pos="25.89" speed="29.80" angle="47.93" x="111.10" y="18.79"/>
        <vehicle id="cfm_slow_1" eclass="HBEFA3/PC_G_EU4" CO2="128311.58" CO="2596.74" HC="15.02" NOx="59.78" PMx="3.32" fuel="55.15" electricity="0.00" noise="138.68" route="routebottom" type="cfm_slow" waiting="0.00" lane="right_0" pos="15.89" speed="29.80" angle="335.89" x="120.99" y="94.93"/>
        <vehicle id="cfm_slow_2" eclass="HBEFA3/PC_G_EU4" CO2="128311.58" CO="2596.74" HC="15.02" NOx="59.78" PMx="3.32" fuel="55.15" electricity="0.00" noise="138.68" route="routetop" type="cfm_slow" waiting="0.00" lane="top_0" pos="5.89" speed="29.80" angle="263.90" x="51.63" y="127.85"/>
        <vehicle id="cfm_slow_3" eclass="HBEFA3/PC_G_EU4" CO2="128311.58" CO="2596.74" HC="15.02" NOx="59.78" PMx="3.32" fuel="55.15" electricity="0.00" noise="138.68" route="routetop" type="cfm_slow" waiting="0.00" lane="top_0" pos="45.89" speed="29.80" angle="191.94" x="-1.10" y="72.10"/>
        <vehicle id="cfm_slow_4" eclass="HBEFA3/PC_G_EU4" CO2="128311.58" CO="2596.74" HC="15.02" NOx="59.78" PMx="3.32" fuel="55.15" electricity="0.00" noise="138.68" route="routeleft" type="cfm_slow" waiting="0.00" lane="left_0" pos="35.89" speed="29.80" angle="120.00" x="35.63" y="4.66"/>
    </timestep>
    <timestep time="1.66">
        <vehicle id="cfm_slow_0" eclass="HBEFA3/PC_G_EU4" CO2="127887.75" CO="2589.15" HC="14.97" NOx="59.57" PMx="3.31" fuel="54.97" electricity="0.00" noise="138.13" route="routebottom" type="cfm_slow" waiting="0.00" lane="bottom_0" pos="26.19" speed="29.95" angle="47.38" x="111.52" y="19.24"/>
        <vehicle id="cfm_slow_1" eclass="HBEFA3/PC_G_EU4" CO2="127887.75" CO="2589.15" HC="14.97" NOx="59.57" PMx="3.31" fuel="54.97" electricity="0.00" noise="138.13" route="routebottom" type="cfm_slow" waiting="0.00" lane="right_0" pos="16.19" speed="29.95" angle="335.36" x="120.69" y="95.46"/>
        <vehicle id="cfm_slow_2" eclass="HBEFA3/PC_G_EU4" CO2="127887.75" CO="2589.15" HC="14.97" NOx="59.57" PMx="3.31" fuel="54.97" electricity="0.00" noise="138.13" route="routetop" type="cfm_slow" waiting="0.00" lane="top_0" pos="6.19" speed="29.95" angle="263.35" x="51.02" y="127.74"/>
        <vehicle id="cfm_slow_3" eclass="HBEFA3/PC_G_EU4" CO2="127887.75" CO="2589.15" HC="14.97" NOx="59.57" PMx="3.31" fuel="54.97" electricity="0.00" noise="138.13" route="routetop" type="cfm_slow" waiting="0.00" lane="top_0" pos="46.19" speed="29.95" angle="191.45" x="-1.18" y="71.49"/>
        <vehicle id="cfm_slow_4" eclass="HBEFA3/PC_G_EU4" CO2="127887.75" CO="2589.15" HC="14.97" NOx="59.57" PMx="3.31" fuel="54.97" electricity="0.00" noise="138.13" route="routeleft" type="cfm_slow" waiting="0.00" lane="left_0" pos="36.19" speed="29.95" angle="119.44" x="36.19" y="4.41"/>
    </timestep>
    <timestep time="1.67">
        <vehicle id="cfm_slow_0" eclass="HBEFA3/PC_G_EU4" CO2="127456.62" CO="2581.42" HC="14.93" NOx="59.37" PMx="3.30" fuel="54.79" electricity="0.00" noise="137.58" route="routebottom" type="cfm_slow" waiting="0.00" lane="bottom_0" pos="26.49" speed="30.11" angle="46.83" x="111.94" y="19.69"/>
        <vehicle id="cfm_slow_1" eclass="HBEFA3/PC_G_EU4" CO2="127456.62" CO="2581.42" HC="14.93" NOx="59.37" PMx="3.30" fuel="54.79" electricity="0.00" noise="137.58" route="routebottom" type="cfm_slow" waiting="0.00" lane="right_0" pos="16.49" speed="30.11" angle="334.83" x="120.39" y="96.01"/>
        <vehicle id="cfm_slow_2" eclass="HBEFA3/PC_G_EU4" CO2="127456.62" CO="2581.42" HC="14.93" NOx="59.37" PMx="3.30" fuel="54.79" electricity="0.00" noise="137.58" route="routetop" type="cfm_slow" waiting="0.00" lane="top_0" pos="6.49" speed="30.11" angle="262.84" x="50.42" y="127.62"/>
        <vehicle id="cfm_slow_3" eclass="HBEFA3/PC_G_EU4" CO2="127456.62" CO="2581.42" HC="14.93" NOx="59.37" PMx="3.30" fuel="54.79" electricity="0.00" noise="137.58" route="routetop" type="cfm_slow" waiting="0.00" lane="top_0" pos="46.49" speed="30.11" angle="190.88" x="-1.24" y="70.88"/>
        <vehicle id="cfm_slow_4" eclass="HBEFA3/PC_G_EU4" CO2="127456.62" CO="2581.42" HC="14.93" NOx="59.37" PMx="3.30" fuel="54.79" electricity="0.00" noise="137.58" route="routeleft" type="cfm_slow" waiting="0.00" lane="left_0" pos="36.49" speed="30.11" angle="118.86" x="36.75" y="4.16"/>
    </timestep>
    <timestep time="1.68">
        <vehicle id="cfm_slow_0" eclass="HBEFA3/PC_G_EU4" CO2="127018.45" CO="2573.56" HC="14.88" NOx="59.16" PMx="3.29" fuel="54.60" electricity="0.00" noise="137.03" route="routebottom" type="cfm_slow" waiting="0.00" lane="bottom_0" pos="26.79" speed="30.26" angle="46.28" x="112.36" y="20.15"/>
        <vehicle id="cfm_slow_1" eclass="HBEFA3/PC_G_EU4" CO2="127018.45" CO="2573.56" HC="14.88" NOx="59.16" PMx="3.29" fuel="54.60" electricity="0.00" noise="137.03" route="routebottom" type="cfm_slow" waiting="0.00" lane="right_0" pos="16.79" speed="30.26" angle="334.32" x="120.09" y="96.54"/>
        <vehicle id="cfm_slow_2" eclass="HBEFA3/PC_G_EU4" CO2="127018.45" CO="2573.56" HC="14.88" NOx="59.16" PMx="3.29" fuel="54.60" electricity="0.00" noise="137.03" route="routetop" type="cfm_slow" waiting="0.00" lane="top_0" pos="6.79" speed="30.26" angle="262.26" x="49.81" y="127.48"/>
        <vehicle id="cfm_slow_3" eclass="HBEFA3/PC_G_EU4" CO2="127018.45" CO="2573.56" HC="14.88" NOx="59.16" PMx="3.29" fuel="54.60" electricity="0.00" noise="137.03" route="routetop" type="cfm_slow" waiting="0.00" lane="top_0" pos="46.79" speed="30.26" angle="190.32" x="-1.31" y="70.26"/>
        <vehicle id="cfm_slow_4" eclass="HBEFA3/PC_G_EU4" CO2="127018.45" CO="2573.56" HC="14.88" NOx="59.16" PMx="3.29" fuel="54.60" electricity="0.00" noise="137.03" route="routeleft" type="cfm_slow" waiting="0.00" lane="left_0" pos="36.79" speed="30.26" angle="118.28" x="37.32" y="3.91"/>
    </timestep>
    <timestep time="1.69">
        <vehicle id="cfm_slow_0" eclass="HBEFA3/PC_G_EU4" CO2="126573.51" CO="2565.57" HC="14.83" NOx="58.94" PMx="3.28" fuel="54.41" electricity="0.00" noise="136.49" route="routebottom" type="cfm_slow" waiting="0.00" lane="bottom_0" pos="27.10" speed="30.41" angle="45.77" x="112.78" y="20.62"/>
        <vehicle id="cfm_slow_1" eclass="HBEFA3/PC_G_EU4" CO2="126573.51" CO="2565.57" HC="14.83" NOx="58.94" PMx="3.28" fuel="54.41" electricity="0.00" noise="136.49" route="routebottom" type="cfm_slow" waiting="0.00" lane="right_0" pos="17.10" speed="30.41" angle="333.76" x="119.76" y="97.08"/>
        <vehicle id="cfm_slow_2" eclass="HBEFA3/PC_G_EU4" CO2="126573.51" CO="2565.57" HC="14.83" NOx="58.94" PMx="3.28" fuel="54.41" electricity="0.00" noise="136.49" route="routetop" type="cfm_slow" waiting="0.00" lane="top_0" pos="7.10" speed="30.41" angle="261.67" x="49.20" y="127.34"/>
        <vehicle id="cfm_slow_3" eclass="HBEFA3/PC_G_EU4" CO2="126573.51" CO="2565.57" HC="14.83" NOx="58.94" PMx="3.28" fuel="54.41" electricity="0.00" noise="136.49" route="routetop" type="cfm_slow" waiting="0.00" lane="top_0" pos="47.10" speed="30.41" angle="189.75" x="-1.37" y="69.64"/>
        <vehicle id="cfm_slow_4" eclass="HBEFA3/PC_G_EU4" CO2="126573.51" CO="2565.57" HC="14.83" NOx="58.94" PMx="3.28" fuel="54.41" electricity="0.00" noise="136.49" route="routeleft" type="cfm_slow" waiting="0.00" lane="left_0" pos="37.10" speed="30.41" angle="117.73" x="37.89" y="3.65"/>
    </timestep>
    <timestep time="1.70">
        <vehicle id="cfm_slow_0" eclass="HBEFA3/PC_G_EU4" CO2="126122.04" CO="2557.45" HC="14.79" NOx="58.73" PMx="3.27" fuel="54.21" electricity="0.00" noise="135.95" route="routebottom" type="cfm_slow" waiting="0.00" lane="bottom_0" pos="27.40" speed="30.57" angle="45.19" x="113.18" y="21.10"/>
        <vehicle id="cfm_slow_1" eclass="HBEFA3/PC_G_EU4" CO2="126122.04" CO="2557.45" HC="14.79" NOx="58.73" PMx="3.27" fuel="54.21" electricity="0.00" noise="135.95" route="routebottom" type="cfm_slow" waiting="0.00" lane="right_0" pos="17.40" speed="30.57" angle="333.19" x="119.44" y="97.62"/>
        <vehicle id="cfm_slow_2" eclass="HBEFA3/PC_G_EU4" CO2="126122.04" CO="2557.45" HC="14.79" NOx="58.73" PMx="3.27" fuel="54.21" electricity="0.00" noise="135.95" route="routetop" type="cfm_slow" waiting="0.00" lane="top_0" pos="7.40" speed="30.57" angle="261.08" x="48.59" y="127.20"/>
        <vehicle id="cfm_slow_3" eclass="HBEFA3/PC_G_EU4" CO2="126122.04" CO="2557.45" HC="14.79" NOx="58.73" PMx="3.27" fuel="54.21" electricity="0.00" noise="135.95" route="routetop" type="cfm_slow" waiting="0.00" lane="top_0" pos="47.40" speed="30.57" angle="189.21" x="-1.43" y="69.01"/>
        <vehicle id="cfm_slow_4" eclass="HBEFA3/PC_G_EU4" CO2="126122.04" CO="2557.45" HC="14.79" NOx="58.73" PMx="3.27" fuel="54.21" electricity="0.00" noise="135.95" route="routeleft" type="cfm_slow" waiting="0.00" lane="left_0" pos="37.40" speed="30.57" angle="117.20" x="38.47" y="3.41"/>
    </timestep>
    <timestep time="1.71">
        <vehicle id="cfm_slow_0" eclass="HBEFA3/PC_G_EU4" CO2="125664.31" CO="2549.21" HC="14.74" NOx="58.51" PMx="3.26" fuel="54.02" electricity="0.00" noise="135.42" route="routebottom" type="cfm_slow" waiting="0.00" lane="bottom_0" pos="27.71" speed="30.71" angle="44.61" x="113.59" y="21.58"/>
        <vehicle id="cfm_slow_1" eclass="HBEFA3/PC_G_EU4" CO2="125664.31" CO="2549.21" HC="14.74" NOx="58.51" PMx="3.26" fuel="54.02" electricity="0.00" noise="135.42" route="routebottom" type="cfm_slow" waiting="0.00" lane="right_0" pos="17.71" speed="30.71" angle="332.62" x="119.12" y="98.16"/>
        <vehicle id="cfm_slow_2" eclass="HBEFA3/PC_G_EU4" CO2="125664.31" CO="2549.21" HC="14.74" NOx="58.51" PMx="3.26" fuel="54.02" electricity="0.00" noise="135.42" route="routetop" type="cfm_slow" waiting="0.00" lane="top_0" pos="7.71" speed="30.71" angle="260.56" x="47.98" y="127.06"/>
        <vehicle id="cfm_slow_3" eclass="HBEFA3/PC_G_EU4" CO2="125664.31" CO="2549.21" HC="14.74" NOx="58.51" PMx="3.26" fuel="54.02" electricity="0.00" noise="135.42" route="routetop" type="cfm_slow" waiting="0.00" lane="top_0" pos="47.71" speed="30.71" angle="188.67" x="-1.47" y="68.38"/>
        <vehicle id="cfm_slow_4" eclass="HBEFA3/PC_G_EU4" CO2="125664.31" CO="2549.21" HC="14.74" NOx="58.51" PMx="3.26" fuel="54.02" electricity="0.00" noise="135.42" route="routeleft" type="cfm_slow" waiting="0.00" lane="left_0" pos="37.71" speed="30.71" angle="116.63" x="39.05" y="3.18"/>
    </timestep>
    <timestep time="1.72">
        <vehicle id="cfm_slow_0" eclass="HBEFA3/PC_G_EU4" CO2="125200.55" CO="2540.86" HC="14.69" NOx="58.29" PMx="3.25" fuel="53.82" electricity="0.00" noise="134.89" route="routebottom" type="cfm_slow" waiting="0.00" lane="bottom_0" pos="28.02" speed="30.86" angle="44.02" x="114.00" y="22.06"/>
        <vehicle id="cfm_slow_1" eclass="HBEFA3/PC_G_EU4" CO2="125200.55" CO="2540.86" HC="14.69" NOx="58.29" PMx="3.25" fuel="53.82" electricity="0.00" noise="134.89" route="routebottom" type="cfm_slow" waiting="0.00" lane="right_0" pos="18.02" speed="30.86" angle="332.11" x="118.79" y="98.69"/>
        <vehicle id="cfm_slow_2" eclass="HBEFA3/PC_G_EU4" CO2="125200.55" CO="2540.86" HC="14.69" NOx="58.29" PMx="3.25" fuel="53.82" electricity="0.00" noise="134.89" route="routetop" type="cfm_slow" waiting="0.00" lane="top_0" pos="8.02" speed="30.86" angle="260.01" x="47.37" y="126.90"/>
        <vehicle id="cfm_slow_3" eclass="HBEFA3/PC_G_EU4" CO2="125200.55" CO="2540.86" HC="14.69" NOx="58.29" PMx="3.25" fuel="53.82" electricity="0.00" noise="134.89" route="routetop" type="cfm_slow" waiting="0.00" lane="top_0" pos="48.02" speed="30.86" angle="188.11" x="-1.51" y="67.75"/>
        <vehicle id="cfm_slow_4" eclass="HBEFA3/PC_G_EU4" CO2="125200.55" CO="2540.86" HC="14.69" NOx="58.29" PMx="3.25" fuel="53.82" electricity="0.00" noise="134.89" route="routeleft" type="cfm_slow" waiting="0.00" lane="left_0" pos="38.02" speed="30.86" angle="116.05" x="39.64" y="2.95"/>
    </timestep>
    <timestep time="1.73">
        <vehicle id="cfm_slow_0" eclass="HBEFA3/PC_G_EU4" CO2="124731.01" CO="2532.39" HC="14.64" NOx="58.06" PMx="3.24" fuel="53.62" electricity="0.00" noise="134.37" route="routebottom" type="cfm_slow" waiting="0.00" lane="bottom_0" pos="28.33" speed="31.01" angle="43.50" x="114.40" y="22.55"/>
        <vehicle id="cfm_slow_1" eclass="HBEFA3/PC_G_EU4" CO2="124731.01" CO="2532.39" HC="14.64" NOx="58.06" PMx="3.24" fuel="53.62" electricity="0.00" noise="134.37" route="routebottom" type="cfm_slow" waiting="0.00" lane="right_0" pos="18.33" speed="31.01" angle="331.52" x="118.43" y="99.22"/>
        <vehicle id="cfm_slow_2" eclass="HBEFA3/PC_G_EU4" CO2="124731.01" CO="2532.39" HC="14.64" NOx="58.06" PMx="3.24" fuel="53.62" electricity="0.00" noise="134.37" route="routetop" type="cfm_slow" waiting="0.00" lane="top_0" pos="8.33" speed="31.01" angle="259.46" x="46.75" y="126.73"/>
        <vehicle id="cfm_slow_3" eclass="HBEFA3/PC_G_EU4" CO2="124731.01" CO="2532.39" HC="14.64" NOx="58.06" PMx="3.24" fuel="53.62" electricity="0.00" noise="134.37" route="routetop" type="cfm_slow" waiting="0.00" lane="top_0" pos="48.33" speed="31.01" angle="187.54" x="-1.55" y="67.12"/>
        <vehicle id="cfm_slow_4" eclass="HBEFA3/PC_G_EU4" CO2="124731.01" CO="2532.39" HC="14.64" NOx="58.06" PMx="3.24" fuel="53.62" electricity="0.00" noise="134.37" route="routeleft" type="cfm_slow" waiting="0.00" lane="left_0" pos="38.33" speed="31.01" angle="115.47" x="40.23" y="2.71"/>
    </timestep>
    <timestep time="1.74">
        <vehicle id="cfm_slow_0" eclass="HBEFA3/PC_G_EU4" CO2="124255.92" CO="2523.81" HC="14.59" NOx="57.83" PMx="3.22" fuel="53.41" electricity="0.00" noise="133.85" route="routebottom" type="cfm_slow" waiting="0.00" lane="bottom_0" pos="28.64" speed="31.15" angle="42.92" x="114.79" y="23.05"/>
        <vehicle id="cfm_slow_1" eclass="HBEFA3/PC_G_EU4" CO2="124255.92" CO="2523.81" HC="14.59" NOx="57.83" PMx="3.22" fuel="53.41" electricity="0.00" noise="133.85" route="routebottom" type="cfm_slow" waiting="0.00" lane="right_0" pos="18.64" speed="31.15" angle="330.93" x="118.08" y="99.76"/>
        <vehicle id="cfm_slow_2" eclass="HBEFA3/PC_G_EU4" CO2="124255.92" CO="2523.81" HC="14.59" NOx="57.83" PMx="3.22" fuel="53.41" electricity="0.00" noise="133.85" route="routetop" type="cfm_slow" waiting="0.00" lane="top_0" pos="8.64" speed="31.15" angle="258.91" x="46.14" y="126.57"/>
        <vehicle id="cfm_slow_3" eclass="HBEFA3/PC_G_EU4" CO2="124255.92" CO="2523.81" HC="14.59" NOx="57.83" PMx="3.22" fuel="53.41" electricity="0.00" noise="133.85" route="routetop" type="cfm_slow" waiting="0.00" lane="top_0" pos="48.64" speed="31.15" angle="186.98" x="-1.59" y="66.48"/>
        <vehicle id="cfm_slow_4" eclass="HBEFA3/PC_G_EU4" CO2="124255.92" CO="2523.81" HC="14.59" NOx="57.83" PMx="3.22" fuel="53.41" electricity="0.00" noise="133.85" route="routeleft" type="cfm_slow" waiting="0.00" lane="left_0" pos="38.64" speed="31.15" angle="114.94" x="40.83" y="2.48"/>
    </timestep>
    <timestep time="1.75">
        <vehicle id="cfm_slow_0" eclass="HBEFA3/PC_G_EU4" CO2="123775.50" CO="2515.13" HC="14.54" NOx="57.60" PMx="3.21" fuel="53.20" electricity="0.00" noise="133.34" route="routebottom" type="cfm_slow" waiting="0.00" lane="bottom_0" pos="28.95" speed="31.30" angle="42.34" x="115.19" y="23.56"/>
        <vehicle id="cfm_slow_1" eclass="HBEFA3/PC_G_EU4" CO2="123775.50" CO="2515.13" HC="14.54" NOx="57.60" PMx="3.21" fuel="53.20" electricity="0.00" noise="133.34" route="routebottom" type="cfm_slow" waiting="0.00" lane="right_0" pos="18.95" speed="31.30" angle="330.34" x="117.72" y="100.29"/>
        <vehicle id="cfm_slow_2" eclass="HBEFA3/PC_G_EU4" CO2="123775.50" CO="2515.13" HC="14.54" NOx="57.60" PMx="3.21" fuel="53.20" electricity="0.00" noise="133.34" route="routetop" type="cfm_slow" waiting="0.00" lane="top_0" pos="8.95" speed="31.30" angle="258.40" x="45.51" y="126.41"/>
        <vehicle id="cfm_slow_3" eclass="HBEFA3/PC_G_EU4" CO2="123775.50" CO="2515.13" HC="14.54" NOx="57.60" PMx="3.21" fuel="53.20" electricity="0.00" noise="133.34" route="routetop" type="cfm_slow" waiting="0.00" lane="top_0" pos="48.95" speed="31.30" angle="186.43" x="-1.61" y="65.84"/>
        <vehicle id="cfm_slow_4" eclass="HBEFA3/PC_G_EU4" CO2="123775.50" CO="2515.13" HC="14.54" NOx="57.60" PMx="3.21" fuel="53.20" electricity="0.00" noise="133.34" route="routeleft" type="cfm_slow" waiting="0.00" lane="left_0" pos="38.95" speed="31.30" angle="114.37" x="41.43" y="2.27"/>
    </timestep>
    <timestep time="1.76">
        <vehicle id="cfm_slow_0" eclass="HBEFA3/PC_G_EU4" CO2="123289.98" CO="2506.36" HC="14.49" NOx="57.37" PMx="3.20" fuel="53.00" electricity="0.00" noise="132.83" route="routebottom" type="cfm_slow" waiting="0.00" lane="bottom_0" pos="29.27" speed="31.44" angle="41.75" x="115.59" y="24.07"/>
        <vehicle id="cfm_slow_1" eclass="HBEFA3/PC_G_EU4" CO2="123289.98" CO="2506.36" HC="14.49" NOx="57.37" PMx="3.20" fuel="53.00" electricity="0.00" noise="132.83" route="routebottom" type="cfm_slow" waiting="0.00" lane="right_0" pos="19.27" speed="31.44" angle="329.81" x="117.36" y="100.82"/>
        <vehicle id="cfm_slow_2" eclass="HBEFA3/PC_G_EU4" CO2="123289.98" CO="2506.36" HC="14.49" NOx="57.37" PMx="3.20" fuel="53.00" electricity="0.00" noise="132.83" route="routetop" type="cfm_slow" waiting="0.00" lane="top_0" pos="9.27" speed="31.44" angle="257.83" x="44.90" y="126.22"/>
        <vehicle id="cfm_slow_3" eclass="HBEFA3/PC_G_EU4" CO2="123289.98" CO="2506.36" HC="14.49" NOx="57.37" PMx="3.20" fuel="53.00" electricity="0.00" noise="132.83" route="routetop" type="cfm_slow" waiting="0.00" lane="top_0" pos="49.27" speed="31.44" angle="185.84" x="-1.62" y="65.19"/>
        <vehicle id="cfm_slow_4" eclass="HBEFA3/PC_G_EU4" CO2="123289.98" CO="2506.36" HC="14.49" NOx="57.37" PMx="3.20" fuel="53.00" electricity="0.00" noise="132.83" route="routeleft" type="cfm_slow" waiting="0.00" lane="left_0" pos="39.27" speed="31.44" angle="113.79" x="42.04" y="2.05"/>
    </timestep>
    <timestep time="1.77">
        <vehicle id="cfm_slow_0" eclass="HBEFA3/PC_G_EU4" CO2="122799.58" CO="2497.48" HC="14.43" NOx="57.14" PMx="3.19" fuel="52.79" electricity="0.00" noise="132.33" route="routebottom" type="cfm_slow" waiting="0.00" lane="bottom_0" pos="29.58" speed="31.58" angle="41.24" x="115.98" y="24.58"/>
        <vehicle id="cfm_slow_1" eclass="HBEFA3/PC_G_EU4" CO2="122799.58" CO="2497.48" HC="14.43" NOx="57.14" PMx="3.19" fuel="52.79" electricity="0.00" noise="132.33" route="routebottom" type="cfm_slow" waiting="0.00" lane="right_0" pos="19.58" speed="31.58" angle="329.22" x="116.98" y="101.35"/>
        <vehicle id="cfm_slow_2" eclass="HBEFA3/PC_G_EU4" CO2="122799.58" CO="2497.48" HC="14.43" NOx="57.14" PMx="3.19" fuel="52.79" electricity="0.00" noise="132.33" route="routetop" type="cfm_slow" waiting="0.00" lane="top_0" pos="9.58" speed="31.58" angle="257.25" x="44.28" y="126.02"/>
        <vehicle id="cfm_slow_3" eclass="HBEFA3/PC_G_EU4" CO2="122799.58" CO="2497.48" HC="14.43" NOx="57.14" PMx="3.19" fuel="52.79" electricity="0.00" noise="132.33" route="routetop" type="cfm_slow" waiting="0.00" lane="top_0" pos="49.58" speed="31.58" angle="185.24" x="-1.63" y="64.55"/>
        <vehicle id="cfm_slow_4" eclass="HBEFA3/PC_G_EU4" CO2="122799.58" CO="2497.48" HC="14.43" NOx="57.14" PMx="3.19" fuel="52.79" electricity="0.00" noise="132.33" route="routeleft" type="cfm_slow" waiting="0.00" lane="left_0" pos="39.58" speed="31.58" angle="113.21" x="42.65" y="1.83"/>
    </timestep>
    <timestep time="1.78">
        <vehicle id="cfm_slow_0" eclass="HBEFA3/PC_G_EU4" CO2="122304.51" CO="2488.52" HC="14.38" NOx="56.90" PMx="3.18" fuel="52.57" electricity="0.00" noise="131.83" route="routebottom" type="cfm_slow" waiting="0.00" lane="bottom_0" pos="29.90" speed="31.72" angle="40.67" x="116.36" y="25.11"/>
        <vehicle id="cfm_slow_1" eclass="HBEFA3/PC_G_EU4" CO2="122304.51" CO="2488.52" HC="14.38" NOx="56.90" PMx="3.18" fuel="52.57" electricity="0.00" noise="131.83" route="routebottom" type="cfm_slow" waiting="0.00" lane="right_0" pos="19.90" speed="31.72" angle="328.63" x="116.60" y="101.88"/>
        <vehicle id="cfm_slow_2" eclass="HBEFA3/PC_G_EU4" CO2="122304.51" CO="2488.52" HC="14.38" NOx="56.90" PMx="3.18" fuel="52.57" electricity="0.00" noise="131.83" route="routetop" type="cfm_slow" waiting="0.00" lane="top_0" pos="9.90" speed="31.72" angle="256.67" x="43.66" y="125.83"/>
        <vehicle id="cfm_slow_3" eclass="HBEFA3/PC_G_EU4" CO2="122304.51" CO="2488.52" HC="14.38" NOx="56.90" PMx="3.18" fuel="52.57" electricity="0.00" noise="131.83" route="routetop" type="cfm_slow" waiting="0.00" lane="top_0" pos="49.90" speed="31.72" angle="184.65" x="-1.65" y="63.90"/>
        <vehicle id="cfm_slow_4" eclass="HBEFA3/PC_G_EU4" CO2="122304.51" CO="2488.52" HC="14.38" NOx="56.90" PMx="3.18" fuel="52.57" electricity="0.00" noise="131.83" route="routeleft" type="cfm_slow" waiting="0.00" lane="left_0" pos="39.90" speed="31.72" angle="112.69" x="43.27" y="1.62"/>
    </timestep>
    <timestep time="1.79">
        <vehicle id="cfm_slow_0" eclass="HBEFA3/PC_G_EU4" CO2="121804.97" CO="2479.47" HC="14.33" NOx="56.66" PMx="3.16" fuel="52.36" electricity="0.00" noise="131.34" route="routebottom" type="cfm_slow" waiting="0.00" lane="bottom_0" pos="30.22" speed="31.86" angle="40.10" x="116.74" y="25.64"/>
        <vehicle id="cfm_slow_1" eclass="HBEFA3/PC_G_EU4" CO2="121804.97" CO="2479.47" HC="14.33" NOx="56.66" PMx="3.16" fuel="52.36" electricity="0.00" noise="131.34" route="routebottom" type="cfm_slow" waiting="0.00" lane="right_0" pos="20.22" speed="31.86" angle="328.04" x="116.22" y="102.41"/>
        <vehicle id="cfm_slow_2" eclass="HBEFA3/PC_G_EU4" CO2="121804.97" CO="2479.47" HC="14.33" NOx="56.66" PMx="3.16" fuel="52.36" electricity="0.00" noise="131.34" route="routetop" type="cfm_slow" waiting="0.00" lane="top_0" pos="10.22" speed="31.86" angle="256.13" x="43.04" y="125.64"/>
        <vehicle id="cfm_slow_3" eclass="HBEFA3/PC_G_EU4" CO2="121804.97" CO="2479.47" HC="14.33" NOx="56.66" PMx="3.16" fuel="52.36" electricity="0.00" noise="131.34" route="routetop" type="cfm_slow" waiting="0.00" lane="left_0" pos="0.22" speed="31.86" angle="184.09" x="-1.64" y="63.18"/>
        <vehicle id="cfm_slow_4" eclass="HBEFA3/PC_G_EU4" CO2="121804.97" CO="2479.47" HC="14.33" NOx="56.66" PMx="3.16" fuel="52.36" electricity="0.00" noise="131.34" route="routeleft" type="cfm_slow" waiting="0.00" lane="left_0" pos="40.22" speed="31.86" angle="112.10" x="43.89" y="1.43"/>
    </timestep>
    <timestep time="1.80">
        <vehicle id="cfm_slow_0" eclass="HBEFA3/PC_G_EU4" CO2="121301.18" CO="2470.34" HC="14.27" NOx="56.42" PMx="3.15" fuel="52.14" electricity="0.00" noise="130.85" route="routebottom" type="cfm_slow" waiting="0.00" lane="bottom_0" pos="30.54" speed="32.00" angle="39.52" x="117.13" y="26.17"/>
        <vehicle id="cfm_slow_1" eclass="HBEFA3/PC_G_EU4" CO2="121301.18" CO="2470.34" HC="14.27" NOx="56.42" PMx="3.15" fuel="52.14" electricity="0.00" noise="130.85" route="routebottom" type="cfm_slow" waiting="0.00" lane="right_0" pos="20.54" speed="32.00" angle="327.50" x="115.83" y="102.94"/>
        <vehicle id="cfm_slow_2" eclass="HBEFA3/PC_G_EU4" CO2="121301.18" CO="2470.34" HC="14.27" NOx="56.42" PMx="3.15" fuel="52.14" electricity="0.00" noise="130.85" route="routetop" type="cfm_slow" waiting="0.00" lane="top_0" pos="10.54" speed="32.00" angle="255.53" x="42.42" y="125.42"/>
        <vehicle id="cfm_slow_3" eclass="HBEFA3/PC_G_EU4" CO2="121301.18" CO="2470.34" HC="14.27" NOx="56.42" PMx="3.15" fuel="52.14" electricity="0.00" noise="130.85" route="routetop" type="cfm_slow" waiting="0.00" lane="left_0" pos="0.54" speed="32.00" angle="183.51" x="-1.63" y="62.53"/>
        <vehicle id="cfm_slow_4" eclass="HBEFA3/PC_G_EU4" CO2="121301.18" CO="2470.34" HC="14.27" NOx="56.42" PMx="3.15" fuel="52.14" electricity="0.00" noise="130.85" route="routeleft" type="cfm_slow" waiting="0.00" lane="left_0" pos="40.54" speed="32.00" angle="111.50" x="44.52" y="1.23"/>
    </timestep>
    <timestep time="1.81">
        <vehicle id="cfm_slow_0" eclass="HBEFA3/PC_G_EU4" CO2="120793.32" CO="2461.13" HC="14.22" NOx="56.18" PMx="3.14" fuel="51.92" electricity="0.00" noise="130.36" route="routebottom" type="cfm_slow" waiting="0.00" lane="bottom_0" pos="30.86" speed="32.14" angle="38.99" x="117.51" y="26.71"/>
        <vehicle id="cfm_slow_1" eclass="HBEFA3/PC_G_EU4" CO2="120793.32" CO="2461.13" HC="14.22" NOx="56.18" PMx="3.14" fuel="51.92" electricity="0.00" noise="130.36" route="routebottom" type="cfm_slow" waiting="0.00" lane="right_0" pos="20.86" speed="32.14" angle="326.91" x="115.43" y="103.46"/>
        <vehicle id="cfm_slow_2" eclass="HBEFA3/PC_G_EU4" CO2="120793.32" CO="2461.13" HC="14.22" NOx="56.18" PMx="3.14" fuel="51.92" electricity="0.00" noise="130.36" route="routetop" type="cfm_slow" waiting="0.00" lane="top_0" pos="10.86" speed="32.14" angle="254.90" x="41.80" y="125.19"/>
        <vehicle id="cfm_slow_3" eclass="HBEFA3/PC_G_EU4" CO2="120793.32" CO="2461.13" HC="14.22" NOx="56.18" PMx="3.14" fuel="51.92" electricity="0.00" noise="130.36" route="routetop" type="cfm_slow" waiting="0.00" lane="left_0" pos="0.86" speed="32.14" angle="182.92" x="-1.62" y="61.87"/>
        <vehicle id="cfm_slow_4" eclass="HBEFA3/PC_G_EU4" CO2="120793.32" CO="2461.13" HC="14.22" NOx="56.18" PMx="3.14" fuel="51.92" electricity="0.00" noise="130.36" route="routeleft" type="cfm_slow" waiting="0.00" lane="left_0" pos="40.86" speed="32.14" angle="110.90" x="45.15" y="1.04"/>
    </timestep>
    <timestep time="1.82">
        <vehicle id="cfm_slow_0" eclass="HBEFA3/PC_G_EU4" CO2="120281.60" CO="2451.84" HC="14.16" NOx="55.93" PMx="3.13" fuel="51.70" electricity="0.00" noise="129.88" route="routebottom" type="cfm_slow" waiting="0.00" lane="bottom_0" pos="31.18" speed="32.27" angle="38.40" x="117.88" y="27.26"/>
        <vehicle id="cfm_slow_1" eclass="HBEFA3/PC_G_EU4" CO2="120281.60" CO="2451.84" HC="14.16" NOx="55.93" PMx="3.13" fuel="51.70" electricity="0.00" noise="129.88" route="routebottom" type="cfm_slow" waiting="0.00" lane="right_0" pos="21.18" speed="32.27" angle="326.32" x="115.02" y="103.98"/>
        <vehicle id="cfm_slow_2" eclass="HBEFA3/PC_G_EU4" CO2="120281.60" CO="2451.84" HC="14.16" NOx="55.93" PMx="3.13" fuel="51.70" electricity="0.00" noise="129.88" route="routetop" type="cfm_slow" waiting="0.00" lane="top_0" pos="11.18" speed="32.27" angle="254.27" x="41.18" y="124.96"/>
        <vehicle id="cfm_slow_3" eclass="HBEFA3/PC_G_EU4" CO2="120281.60" CO="2451.84" HC="14.16" NOx="55.93" PMx="3.13" fuel="51.70" electricity="0.00" noise="129.88" route="routetop" type="cfm_slow" waiting="0.00" lane="left_0" pos="1.18" speed="32.27" angle="182.34" x="-1.60" y="61.21"/>
        <vehicle id="cfm_slow_4" eclass="HBEFA3/PC_G_EU4" CO2="120281.60" CO="2451.84" HC="14.16" NOx="55.93" PMx="3.13" fuel="51.70" electricity="0.00" noise="129.88" route="routeleft" type="cfm_slow" waiting="0.00" lane="left_0" pos="41.18" speed="32.27" angle="110.37" x="45.78" y="0.85"/>
    </timestep>
    <timestep time="1.83">
        <vehicle id="cfm_slow_0" eclass="HBEFA3/PC_G_EU4" CO2="119766.20" CO="2442.48" HC="14.11" NOx="55.69" PMx="3.11" fuel="51.48" electricity="0.00" noise="129.41" route="routebottom" type="cfm_slow" waiting="0.00" lane="bottom_0" pos="31.51" speed="32.41" angle="37.81" x="118.24" y="27.81"/>
        <vehicle id="cfm_slow_1" eclass="HBEFA3/PC_G_EU4" CO2="119766.20" CO="2442.48" HC="14.11" NOx="55.69" PMx="3.11" fuel="51.48" electricity="0.00" noise="129.41" route="routebottom" type="cfm_slow" waiting="0.00" lane="right_0" pos="21.51" speed="32.41" angle="325.73" x="114.61" y="104.50"/>
        <vehicle id="cfm_slow_2" eclass="HBEFA3/PC_G_EU4" CO2="119766.20" CO="2442.48" HC="14.11" NOx="55.69" PMx="3.11" fuel="51.48" electricity="0.00" noise="129.41" route="routetop" type="cfm_slow" waiting="0.00" lane="top_0" pos="11.51" speed="32.41" angle="253.70" x="40.55" y="124.74"/>
        <vehicle id="cfm_slow_3" eclass="HBEFA3/PC_G_EU4" CO2="119766.20" CO="2442.48" HC="14.11" NOx="55.69" PMx="3.11" fuel="51.48" electricity="0.00" noise="129.41" route="routetop" type="cfm_slow" waiting="0.00" lane="left_0" pos="1.51" speed="32.41" angle="181.79" x="-1.57" y="60.54"/>
        <vehicle id="cfm_slow_4" eclass="HBEFA3/PC_G_EU4" CO2="119766.20" CO="2442.48" HC="14.11" NOx="55.69" PMx="3.11" fuel="51.48" electricity="0.00" noise="129.41" route="routeleft" type="cfm_slow" waiting="0.00" lane="left_0" pos="41.51" speed="32.41" angle="109.78" x="46.42" y="0.68"/>
    </timestep>
    <timestep time="1.84">
        <vehicle id="cfm_slow_0" eclass="HBEFA3/PC_G_EU4" CO2="119247.30" CO="2433.05" HC="14.05" NOx="55.44" PMx="3.10" fuel="51.26" electricity="0.00" noise="128.93" route="routebottom" type="cfm_slow" waiting="0.00" lane="bottom_0" pos="31.83" speed="32.54" angle="37.21" x="118.61" y="28.37"/>
        <vehicle id="cfm_slow_1" eclass="HBEFA3/PC_G_EU4" CO2="119247.30" CO="2433.05" HC="14.05" NOx="55.44" PMx="3.10" fuel="51.26" electricity="0.00" noise="128.93" route="routebottom" type="cfm_slow" waiting="0.00" lane="right_0" pos="21.83" speed="32.54" angle="325.19" x="114.20" y="105.02"/>
        <vehicle id="cfm_slow_2" eclass="HBEFA3/PC_G_EU4" CO2="119247.30" CO="2433.05" HC="14.05" NOx="55.44" PMx="3.10" fuel="51.26" electricity="0.00" noise="128.93" route="routetop" type="cfm_slow" waiting="0.00" lane="top_0" pos="11.83" speed="32.54" angle="253.14" x="39.93" y="124.49"/>
        <vehicle id="cfm_slow_3" eclass="HBEFA3/PC_G_EU4" CO2="119247.30" CO="2433.05" HC="14.05" NOx="55.44" PMx="3.10" fuel="51.26" electricity="0.00" noise="128.93" route="routetop" type="cfm_slow" waiting="0.00" lane="left_0" pos="1.83" speed="32.54" angle="181.20" x="-1.53" y="59.88"/>
        <vehicle id="cfm_slow_4" eclass="HBEFA3/PC_G_EU4" CO2="119247.30" CO="2433.05" HC="14.05" NOx="55.44" PMx="3.10" fuel="51.26" electricity="0.00" noise="128.93" route="routeleft" type="cfm_slow" waiting="0.00" lane="left_0" pos="41.83" speed="32.54" angle="109.18" x="47.07" y="0.51"/>
    </timestep>
    <timestep time="1.85">
        <vehicle id="cfm_slow_0" eclass="HBEFA3/PC_G_EU4" CO2="118725.09" CO="2423.56" HC="14.00" NOx="55.19" PMx="3.09" fuel="51.03" electricity="0.00" noise="128.47" route="routebottom" type="cfm_slow" waiting="0.00" lane="bottom_0" pos="32.16" speed="32.67" angle="36.68" x="118.98" y="28.93"/>
        <vehicle id="cfm_slow_1" eclass="HBEFA3/PC_G_EU4" CO2="118725.09" CO="2423.56" HC="14.00" NOx="55.19" PMx="3.09" fuel="51.03" electricity="0.00" noise="128.47" route="routebottom" type="cfm_slow" waiting="0.00" lane="right_0" pos="22.16" speed="32.67" angle="324.59" x="113.77" y="105.54"/>
        <vehicle id="cfm_slow_2" eclass="HBEFA3/PC_G_EU4" CO2="118725.09" CO="2423.56" HC="14.00" NOx="55.19" PMx="3.09" fuel="51.03" electricity="0.00" noise="128.47" route="routetop" type="cfm_slow" waiting="0.00" lane="top_0" pos="12.16" speed="32.67" angle="252.57" x="39.31" y="124.24"/>
        <vehicle id="cfm_slow_3" eclass="HBEFA3/PC_G_EU4" CO2="118725.09" CO="2423.56" HC="14.00" NOx="55.19" PMx="3.09" fuel="51.03" electricity="0.00" noise="128.47" route="routetop" type="cfm_slow" waiting="0.00" lane="left_0" pos="2.16" speed="32.67" angle="180.60" x="-1.49" y="59.21"/>
        <vehicle id="cfm_slow_4" eclass="HBEFA3/PC_G_EU4" CO2="118725.09" CO="2423.56" HC="14.00" NOx="55.19" PMx="3.09" fuel="51.03" electricity="0.00" noise="128.47" route="routeleft" type="cfm_slow" waiting="0.00" lane="left_0" pos="42.16" speed="32.67" angle="108.58" x="47.71" y="0.33"/>
    </timestep>
    <timestep time="1.86">
        <vehicle id="cfm_slow_0" eclass="HBEFA3/PC_G_EU4" CO2="118199.73" CO="2414.00" HC="13.94" NOx="54.94" PMx="3.07" fuel="50.81" electricity="0.00" noise="128.00" route="routebottom" type="cfm_slow" waiting="0.00" lane="bottom_0" pos="32.49" speed="32.80" angle="36.07" x="119.32" y="29.51"/>
        <vehicle id="cfm_slow_1" eclass="HBEFA3/PC_G_EU4" CO2="118199.73" CO="2414.00" HC="13.94" NOx="54.94" PMx="3.07" fuel="50.81" electricity="0.00" noise="128.00" route="routebottom" type="cfm_slow" waiting="0.00" lane="right_0" pos="22.49" speed="32.80" angle="324.00" x="113.33" y="106.05"/>
        <vehicle id="cfm_slow_2" eclass="HBEFA3/PC_G_EU4" CO2="118199.73" CO="2414.00" HC="13.94" NOx="54.94" PMx="3.07" fuel="50.81" electricity="0.00" noise="128.00" route="routetop" type="cfm_slow" waiting="0.00" lane="top_0" pos="12.49" speed="32.80" angle="251.99" x="38.68" y="123.99"/>
        <vehicle id="cfm_slow_3" eclass="HBEFA3/PC_G_EU4" CO2="118199.73" CO="2414.00" HC="13.94" NOx="54.94" PMx="3.07" fuel="50.81" electricity="0.00" noise="128.00" route="routetop" type="cfm_slow" waiting="0.00" lane="left_0" pos="2.49" speed="32.80" angle="180.02" x="-1.45" y="58.54"/>
        <vehicle id="cfm_slow_4" eclass="HBEFA3/PC_G_EU4" CO2="118199.73" CO="2414.00" HC="13.94" NOx="54.94" PMx="3.07" fuel="50.81" electricity="0.00" noise="128.00" route="routeleft" type="cfm_slow" waiting="0.00" lane="left_0" pos="42.49" speed="32.80" angle="108.05" x="48.37" y="0.17"/>
    </timestep>
    <timestep time="1.87">
        <vehicle id="cfm_slow_0" eclass="HBEFA3/PC_G_EU4" CO2="117671.41" CO="2404.39" HC="13.88" NOx="54.69" PMx="3.06" fuel="50.58" electricity="0.00" noise="127.54" route="routebottom" type="cfm_slow" waiting="0.00" lane="bottom_0" pos="32.82" speed="32.93" angle="35.45" x="119.67" y="30.09"/>
        <vehicle id="cfm_slow_1" eclass="HBEFA3/PC_G_EU4" CO2="117671.41" CO="2404.39" HC="13.88" NOx="54.69" PMx="3.06" fuel="50.58" electricity="0.00" noise="127.54" route="routebottom" type="cfm_slow" waiting="0.00" lane="right_0" pos="22.82" speed="32.93" angle="323.40" x="112.90" y="106.57"/>
        <vehicle id="cfm_slow_2" eclass="HBEFA3/PC_G_EU4" CO2="117671.41" CO="2404.39" HC="13.88" NOx="54.69" PMx="3.06" fuel="50.58" electricity="0.00" noise="127.54" route="routetop" type="cfm_slow" waiting="0.00" lane="top_0" pos="12.82" speed="32.93" angle="251.46" x="38.06" y="123.74"/>
        <vehicle id="cfm_slow_3" eclass="HBEFA3/PC_G_EU4" CO2="117671.41" CO="2404.39" HC="13.88" NOx="54.69" PMx="3.06" fuel="50.58" electricity="0.00" noise="127.54" route="routetop" type="cfm_slow" waiting="0.00" lane="left_0" pos="2.82" speed="32.93" angle="179.45" x="-1.39" y="57.87"/>
        <vehicle id="cfm_slow_4" eclass="HBEFA3/PC_G_EU4" CO2="117671.41" CO="2404.39" HC="13.88" NOx="54.69" PMx="3.06" fuel="50.58" electricity="0.00" noise="127.54" route="routeleft" type="cfm_slow" waiting="0.00" lane="left_0" pos="42.82" speed="32.93" angle="107.46" x="49.03" y="0.03"/>
    </timestep>
    <timestep time="1.88">
        <vehicle id="cfm_slow_0" eclass="HBEFA3/PC_G_EU4" CO2="117140.28" CO="2394.72" HC="13.83" NOx="54.44" PMx="3.05" fuel="50.35" electricity="0.00" noise="127.09" route="routebottom" type="cfm_slow" waiting="0.00" lane="bottom_0" pos="33.15" speed="33.06" angle="34.83" x="120.02" y="30.67"/>
        <vehicle id="cfm_slow_1" eclass="HBEFA3/PC_G_EU4" CO2="117140.28" CO="2394.72" HC="13.83" NOx="54.44" PMx="3.05" fuel="50.35" electricity="0.00" noise="127.09" route="routebottom" type="cfm_slow" waiting="0.00" lane="right_0" pos="23.15" speed="33.06" angle="322.87" x="112.46" y="107.08"/>
        <vehicle id="cfm_slow_2" eclass="HBEFA3/PC_G_EU4" CO2="117140.28" CO="2394.72" HC="13.83" NOx="54.44" PMx="3.05" fuel="50.35" electricity="0.00" noise="127.09" route="routetop" type="cfm_slow" waiting="0.00" lane="top_0" pos="13.15" speed="33.06" angle="250.84" x="37.44" y="123.47"/>
        <vehicle id="cfm_slow_3" eclass="HBEFA3/PC_G_EU4" CO2="117140.28" CO="2394.72" HC="13.83" NOx="54.44" PMx="3.05" fuel="50.35" electricity="0.00" noise="127.09" route="routetop" type="cfm_slow" waiting="0.00" lane="left_0" pos="3.15" speed="33.06" angle="178.84" x="-1.32" y="57.19"/>
        <vehicle id="cfm_slow_4" eclass="HBEFA3/PC_G_EU4" CO2="117140.28" CO="2394.72" HC="13.83" NOx="54.44" PMx="3.05" fuel="50.35" electricity="0.00" noise="127.09" route="routeleft" type="cfm_slow" waiting="0.00" lane="left_0" pos="43.15" speed="33.06" angle="106.87" x="49.69" y="-0.12"/>
    </timestep>
    <timestep time="1.89">
        <vehicle id="cfm_slow_0" eclass="HBEFA3/PC_G_EU4" CO2="116606.52" CO="2385.00" HC="13.77" NOx="54.18" PMx="3.03" fuel="50.12" electricity="0.00" noise="126.64" route="routebottom" type="cfm_slow" waiting="0.00" lane="bottom_0" pos="33.48" speed="33.18" angle="34.27" x="120.36" y="31.26"/>
        <vehicle id="cfm_slow_1" eclass="HBEFA3/PC_G_EU4" CO2="116606.52" CO="2385.00" HC="13.77" NOx="54.18" PMx="3.03" fuel="50.12" electricity="0.00" noise="126.64" route="routebottom" type="cfm_slow" waiting="0.00" lane="right_0" pos="23.48" speed="33.18" angle="322.26" x="111.99" y="107.58"/>
        <vehicle id="cfm_slow_2" eclass="HBEFA3/PC_G_EU4" CO2="116606.52" CO="2385.00" HC="13.77" NOx="54.18" PMx="3.03" fuel="50.12" electricity="0.00" noise="126.64" route="routetop" type="cfm_slow" waiting="0.00" lane="top_0" pos="13.48" speed="33.18" angle="250.22" x="36.82" y="123.19"/>
        <vehicle id="cfm_slow_3" eclass="HBEFA3/PC_G_EU4" CO2="116606.52" CO="2385.00" HC="13.77" NOx="54.18" PMx="3.03" fuel="50.12" electricity="0.00" noise="126.64" route="routetop" type="cfm_slow" waiting="0.00" lane="left_0" pos="3.48" speed="33.18" angle="178.24" x="-1.25" y="56.51"/>
        <vehicle id="cfm_slow_4" eclass="HBEFA3/PC_G_EU4" CO2="116606.52" CO="2385.00" HC="13.77" NOx="54.18" PMx="3.03" fuel="50.12" electricity="0.00" noise="126.64" route="routeleft" type="cfm_slow" waiting="0.00" lane="left_0" pos="43.48" speed="33.18" angle="106.28" x="50.35" y="-0.27"/>
    </timestep>
    <timestep time="1.90">
        <vehicle id="cfm_slow_0" eclass="HBEFA3/PC_G_EU4" CO2="116070.28" CO="2375.23" HC="13.71" NOx="53.93" PMx="3.02" fuel="49.89" electricity="0.00" noise="126.19" route="routebottom" type="cfm_slow" waiting="0.00" lane="bottom_0" pos="33.81" speed="33.31" angle="33.67" x="120.69" y="31.85"/>
        <vehicle id="cfm_slow_1" eclass="HBEFA3/PC_G_EU4" CO2="116070.28" CO="2375.23" HC="13.71" NOx="53.93" PMx="3.02" fuel="49.89" electricity="0.00" noise="126.19" route="routebottom" type="cfm_slow" waiting="0.00" lane="right_0" pos="23.81" speed="33.31" angle="321.65" x="111.53" y="108.08"/>
        <vehicle id="cfm_slow_2" eclass="HBEFA3/PC_G_EU4" CO2="116070.28" CO="2375.23" HC="13.71" NOx="53.93" PMx="3.02" fuel="49.89" electricity="0.00" noise="126.19" route="routetop" type="cfm_slow" waiting="0.00" lane="top_0" pos="13.81" speed="33.31" angle="249.60" x="36.19" y="122.91"/>
        <vehicle id="cfm_slow_3" eclass="HBEFA3/PC_G_EU4" CO2="116070.28" CO="2375.23" HC="13.71" NOx="53.93" PMx="3.02" fuel="49.89" electricity="0.00" noise="126.19" route="routetop" type="cfm_slow" waiting="0.00" lane="left_0" pos="3.81" speed="33.31" angle="177.67" x="-1.18" y="55.83"/>
        <vehicle id="cfm_slow_4" eclass="HBEFA3/PC_G_EU4" CO2="116070.28" CO="2375.23" HC="13.71" NOx="53.93" PMx="3.02" fuel="49.89" electricity="0.00" noise="126.19" route="routeleft" type="cfm_slow" waiting="0.00" lane="left_0" pos="43.81" speed="33.31" angle="105.71" x="51.02" y="-0.41"/>
    </timestep>
    <timestep time="1.91">
        <vehicle id="cfm_slow_0" eclass="HBEFA3/PC_G_EU4" CO2="115531.71" CO="2365.41" HC="13.65" NOx="53.67" PMx="3.01" fuel="49.66" electricity="0.00" noise="125.75" route="routebottom" type="cfm_slow" waiting="0.00" lane="bottom_0" pos="34.14" speed="33.43" angle="33.07" x="121.02" y="32.45"/>
        <vehicle id="cfm_slow_1" eclass="HBEFA3/PC_G_EU4" CO2="115531.71" CO="2365.41" HC="13.65" NOx="53.67" PMx="3.01" fuel="49.66" electricity="0.00" noise="125.75" route="routebottom" type="cfm_slow" waiting="0.00" lane="right_0" pos="24.14" speed="33.43" angle="321.04" x="111.06" y="108.58"/>
        <vehicle id="cfm_slow_2" eclass="HBEFA3/PC_G_EU4" CO2="115531.71" CO="2365.41" HC="13.65" NOx="53.67" PMx="3.01" fuel="49.66" electricity="0.00" noise="125.75" route="routetop" type="cfm_slow" waiting="0.00" lane="top_0" pos="14.14" speed="33.43" angle="249.04" x="35.57" y="122.63"/>
        <vehicle id="cfm_slow_3" eclass="HBEFA3/PC_G_EU4" CO2="115531.71" CO="2365.41" HC="13.65" NOx="53.67" PMx="3.01" fuel="49.66" electricity="0.00" noise="125.75" route="routetop" type="cfm_slow" waiting="0.00" lane="left_0" pos="4.14" speed="33.43" angle="177.07" x="-1.09" y="55.16"/>
        <vehicle id="cfm_slow_4" eclass="HBEFA3/PC_G_EU4" CO2="115531.71" CO="2365.41" HC="13.65" NOx="53.67" PMx="3.01" fuel="49.66" electricity="0.00" noise="125.75" route="routeleft" type="cfm_slow" waiting="0.00" lane="left_0" pos="44.14" speed="33.43" angle="105.09" x="51.69" y="-0.53"/>
    </timestep>
    <timestep time="1.92">
        <vehicle id="cfm_slow_0" eclass="HBEFA3/PC_G_EU4" CO2="114990.97" CO="2355.55" HC="13.60" NOx="53.41" PMx="2.99" fuel="49.43" electricity="0.00" noise="125.31" route="routebottom" type="cfm_slow" waiting="0.00" lane="bottom_0" pos="34.48" speed="33.56" angle="32.46" x="121.35" y="33.06"/>
        <vehicle id="cfm_slow_1" eclass="HBEFA3/PC_G_EU4" CO2="114990.97" CO="2355.55" HC="13.60" NOx="53.41" PMx="2.99" fuel="49.43" electricity="0.00" noise="125.31" route="routebottom" type="cfm_slow" waiting="0.00" lane="right_0" pos="24.48" speed="33.56" angle="320.48" x="110.59" y="109.08"/>
        <vehicle id="cfm_slow_2" eclass="HBEFA3/PC_G_EU4" CO2="114990.97" CO="2355.55" HC="13.60" NOx="53.41" PMx="2.99" fuel="49.43" electricity="0.00" noise="125.31" route="routetop" type="cfm_slow" waiting="0.00" lane="top_0" pos="14.48" speed="33.56" angle="248.41" x="34.96" y="122.32"/>
        <vehicle id="cfm_slow_3" eclass="HBEFA3/PC_G_EU4" CO2="114990.97" CO="2355.55" HC="13.60" NOx="53.41" PMx="2.99" fuel="49.43" electricity="0.00" noise="125.31" route="routetop" type="cfm_slow" waiting="0.00" lane="left_0" pos="4.48" speed="33.56" angle="176.46" x="-0.99" y="54.47"/>
        <vehicle id="cfm_slow_4" eclass="HBEFA3/PC_G_EU4" CO2="114990.97" CO="2355.55" HC="13.60" NOx="53.41" PMx="2.99" fuel="49.43" electricity="0.00" noise="125.31" route="routeleft" type="cfm_slow" waiting="0.00" lane="left_0" pos="44.48" speed="33.56" angle="104.46" x="52.37" y="-0.66"/>
    </timestep>
    <timestep time="1.93">
        <vehicle id="cfm_slow_0" eclass="HBEFA3/PC_G_EU4" CO2="114448.21" CO="2345.65" HC="13.54" NOx="53.15" PMx="2.98" fuel="49.20" electricity="0.00" noise="124.88" route="routebottom" type="cfm_slow" waiting="0.00" lane="bottom_0" pos="34.82" speed="33.68" angle="31.90" x="121.67" y="33.67"/>
        <vehicle id="cfm_slow_1" eclass="HBEFA3/PC_G_EU4" CO2="114448.21" CO="2345.65" HC="13.54" NOx="53.15" PMx="2.98" fuel="49.20" electricity="0.00" noise="124.88" route="routebottom" type="cfm_slow" waiting="0.00" lane="right_0" pos="24.82" speed="33.68" angle="319.87" x="110.10" y="109.57"/>
        <vehicle id="cfm_slow_2" eclass="HBEFA3/PC_G_EU4" CO2="114448.21" CO="2345.65" HC="13.54" NOx="53.15" PMx="2.98" fuel="49.20" electricity="0.00" noise="124.88" route="routetop" type="cfm_slow" waiting="0.00" lane="top_0" pos="14.82" speed="33.68" angle="247.79" x="34.34" y="122.01"/>
        <vehicle id="cfm_slow_3" eclass="HBEFA3/PC_G_EU4" CO2="114448.21" CO="2345.65" HC="13.54" NOx="53.15" PMx="2.98" fuel="49.20" electricity="0.00" noise="124.88" route="routetop" type="cfm_slow" waiting="0.00" lane="left_0" pos="4.82" speed="33.68" angle="175.84" x="-0.90" y="53.79"/>
        <vehicle id="cfm_slow_4" eclass="HBEFA3/PC_G_EU4" CO2="114448.21" CO="2345.65" HC="13.54" NOx="53.15" PMx="2.98" fuel="49.20" electricity="0.00" noise="124.88" route="routeleft" type="cfm_slow" waiting="0.00" lane="left_0" pos="44.82" speed="33.68" angle="103.87" x="53.05" y="-0.78"/>
    </timestep>
    <timestep time="1.94">
        <vehicle id="cfm_slow_0" eclass="HBEFA3/PC_G_EU4" CO2="113903.57" CO="2335.71" HC="13.48" NOx="52.89" PMx="2.97" fuel="48.96" electricity="0.00" noise="124.45" route="routebottom" type="cfm_slow" waiting="0.00" lane="bottom_0" pos="35.16" speed="33.80" angle="31.27" x="121.98" y="34.29"/>
        <vehicle id="cfm_slow_1" eclass="HBEFA3/PC_G_EU4" CO2="113903.57" CO="2335.71" HC="13.48" NOx="52.89" PMx="2.97" fuel="48.96" electricity="0.00" noise="124.45" route="routebottom" type="cfm_slow" waiting="0.00" lane="right_0" pos="25.16" speed="33.80" angle="319.25" x="109.61" y="110.06"/>
        <vehicle id="cfm_slow_2" eclass="HBEFA3/PC_G_EU4" CO2="113903.57" CO="2335.71" HC="13.48" NOx="52.89" PMx="2.97" fuel="48.96" electricity="0.00" noise="124.45" route="routetop" type="cfm_slow" waiting="0.00" lane="top_0" pos="15.16" speed="33.80" angle="247.16" x="33.72" y="121.70"/>
        <vehicle id="cfm_slow_3" eclass="HBEFA3/PC_G_EU4" CO2="113903.57" CO="2335.71" HC="13.48" NOx="52.89" PMx="2.97" fuel="48.96" electricity="0.00" noise="124.45" route="routetop" type="cfm_slow" waiting="0.00" lane="left_0" pos="5.16" speed="33.80" angle="175.24" x="-0.79" y="53.11"/>
        <vehicle id="cfm_slow_4" eclass="HBEFA3/PC_G_EU4" CO2="113903.57" CO="2335.71" HC="13.48" NOx="52.89" PMx="2.97" fuel="48.96" electricity="0.00" noise="124.45" route="routeleft" type="cfm_slow" waiting="0.00" lane="left_0" pos="45.16" speed="33.80" angle="103.28" x="53.74" y="-0.89"/>
    </timestep>
    <timestep time="1.95">
        <vehicle id="cfm_slow_0" eclass="HBEFA3/PC_G_EU4" CO2="113357.18" CO="2325.73" HC="13.42" NOx="52.63" PMx="2.95" fuel="48.73" electricity="0.00" noise="124.02" route="routebottom" type="cfm_slow" waiting="0.00" lane="bottom_0" pos="35.49" speed="33.92" angle="30.64" x="122.29" y="34.91"/>
        <vehicle id="cfm_slow_1" eclass="HBEFA3/PC_G_EU4" CO2="113357.18" CO="2325.73" HC="13.42" NOx="52.63" PMx="2.95" fuel="48.73" electricity="0.00" noise="124.02" route="routebottom" type="cfm_slow" waiting="0.00" lane="right_0" pos="25.49" speed="33.92" angle="318.63" x="109.12" y="110.55"/>
        <vehicle id="cfm_slow_2" eclass="HBEFA3/PC_G_EU4" CO2="113357.18" CO="2325.73" HC="13.42" NOx="52.63" PMx="2.95" fuel="48.73" electricity="0.00" noise="124.02" route="routetop" type="cfm_slow" waiting="0.00" lane="top_0" pos="15.49" speed="33.92" angle="246.61" x="33.10" y="121.38"/>
        <vehicle id="cfm_slow_3" eclass="HBEFA3/PC_G_EU4" CO2="113357.18" CO="2325.73" HC="13.42" NOx="52.63" PMx="2.95" fuel="48.73" electricity="0.00" noise="124.02" route="routetop" type="cfm_slow" waiting="0.00" lane="left_0" pos="5.49" speed="33.92" angle="174.60" x="-0.67" y="52.42"/>
        <vehicle id="cfm_slow_4" eclass="HBEFA3/PC_G_EU4" CO2="113357.18" CO="2325.73" HC="13.42" NOx="52.63" PMx="2.95" fuel="48.73" electricity="0.00" noise="124.02" route="routeleft" type="cfm_slow" waiting="0.00" lane="left_0" pos="45.49" speed="33.92" angle="102.66" x="54.42" y="-0.99"/>
    </timestep>
    <timestep time="1.96">
        <vehicle id="cfm_slow_0" eclass="HBEFA3/PC_G_EU4" CO2="112809.19" CO="2315.73" HC="13.36" NOx="52.37" PMx="2.94" fuel="48.49" electricity="0.00" noise="123.60" route="routebottom" type="cfm_slow" waiting="0.00" lane="bottom_0" pos="35.83" speed="34.04" angle="30.03" x="122.61" y="35.53"/>
        <vehicle id="cfm_slow_1" eclass="HBEFA3/PC_G_EU4" CO2="112809.19" CO="2315.73" HC="13.36" NOx="52.37" PMx="2.94" fuel="48.49" electricity="0.00" noise="123.60" route="routebottom" type="cfm_slow" waiting="0.00" lane="right_0" pos="25.83" speed="34.04" angle="318.06" x="108.61" y="111.03"/>
        <vehicle id="cfm_slow_2" eclass="HBEFA3/PC_G_EU4" CO2="112809.19" CO="2315.73" HC="13.36" NOx="52.37" PMx="2.94" fuel="48.49" electricity="0.00" noise="123.60" route="routetop" type="cfm_slow" waiting="0.00" lane="top_0" pos="15.83" speed="34.04" angle="246.00" x="32.49" y="121.04"/>
        <vehicle id="cfm_slow_3" eclass="HBEFA3/PC_G_EU4" CO2="112809.19" CO="2315.73" HC="13.36" NOx="52.37" PMx="2.94" fuel="48.49" electricity="0.00" noise="123.60" route="routetop" type="cfm_slow" waiting="0.00" lane="left_0" pos="5.83" speed="34.04" angle="173.97" x="-0.54" y="51.74"/>
        <vehicle id="cfm_slow_4" eclass="HBEFA3/PC_G_EU4" CO2="112809.19" CO="2315.73" HC="13.36" NOx="52.37" PMx="2.94" fuel="48.49" electricity="0.00" noise="123.60" route="routeleft" type="cfm_slow" waiting="0.00" lane="left_0" pos="45.83" speed="34.04" angle="102.04" x="55.11" y="-1.08"/>
    </timestep>
    <timestep time="1.97">
        <vehicle id="cfm_slow_0" eclass="HBEFA3/PC_G_EU4" CO2="112259.73" CO="2305.69" HC="13.30" NOx="52.11" PMx="2.93" fuel="48.25" electricity="0.00" noise="123.18" route="routebottom" type="cfm_slow" waiting="0.00" lane="bottom_0" pos="36.18" speed="34.16" angle="29.41" x="122.90" y="36.17"/>
        <vehicle id="cfm_slow_1" eclass="HBEFA3/PC_G_EU4" CO2="112259.73" CO="2305.69" HC="13.30" NOx="52.11" PMx="2.93" fuel="48.25" electricity="0.00" noise="123.18" route="routebottom" type="cfm_slow" waiting="0.00" lane="right_0" pos="26.18" speed="34.16" angle="317.44" x="108.10" y="111.51"/>
        <vehicle id="cfm_slow_2" eclass="HBEFA3/PC_G_EU4" CO2="112259.73" CO="2305.69" HC="13.30" NOx="52.11" PMx="2.93" fuel="48.25" electricity="0.00" noise="123.18" route="routetop" type="cfm_slow" waiting="0.00" lane="top_0" pos="16.18" speed="34.16" angle="245.38" x="31.88" y="120.70"/>
        <vehicle id="cfm_slow_3" eclass="HBEFA3/PC_G_EU4" CO2="112259.73" CO="2305.69" HC="13.30" NOx="52.11" PMx="2.93" fuel="48.25" electricity="0.00" noise="123.18" route="routetop" type="cfm_slow" waiting="0.00" lane="left_0" pos="6.18" speed="34.16" angle="173.32" x="-0.41" y="51.05"/>
        <vehicle id="cfm_slow_4" eclass="HBEFA3/PC_G_EU4" CO2="112259.73" CO="2305.69" HC="13.30" NOx="52.11" PMx="2.93" fuel="48.25" electricity="0.00" noise="123.18" route="routeleft" type="cfm_slow" waiting="0.00" lane="left_0" pos="46.18" speed="34.16" angle="101.47" x="55.81" y="-1.18"/>
    </timestep>
    <timestep time="1.98">
        <vehicle id="cfm_slow_0" eclass="HBEFA3/PC_G_EU4" CO2="111708.93" CO="2295.62" HC="13.24" NOx="51.85" PMx="2.91" fuel="48.02" electricity="0.00" noise="122.76" route="routebottom" type="cfm_slow" waiting="0.00" lane="bottom_0" pos="36.52" speed="34.27" angle="28.76" x="123.19" y="36.81"/>
        <vehicle id="cfm_slow_1" eclass="HBEFA3/PC_G_EU4" CO2="111708.93" CO="2295.62" HC="13.24" NOx="51.85" PMx="2.91" fuel="48.02" electricity="0.00" noise="122.76" route="routebottom" type="cfm_slow" waiting="0.00" lane="right_0" pos="26.52" speed="34.27" angle="316.82" x="107.59" y="111.99"/>
        <vehicle id="cfm_slow_2" eclass="HBEFA3/PC_G_EU4" CO2="111708.93" CO="2295.62" HC="13.24" NOx="51.85" PMx="2.91" fuel="48.02" electricity="0.00" noise="122.76" route="routetop" type="cfm_slow" waiting="0.00" lane="top_0" pos="16.52" speed="34.27" angle="244.77" x="31.26" y="120.36"/>
        <vehicle id="cfm_slow_3" eclass="HBEFA3/PC_G_EU4" CO2="111708.93" CO="2295.62" HC="13.24" NOx="51.85" PMx="2.91" fuel="48.02" electricity="0.00" noise="122.76" route="routetop" type="cfm_slow" waiting="0.00" lane="left_0" pos="6.52" speed="34.27" angle="172.75" x="-0.28" y="50.36"/>
        <vehicle id="cfm_slow_4" eclass="HBEFA3/PC_G_EU4" CO2="111708.93" CO="2295.62" HC="13.24" NOx="51.85" PMx="2.91" fuel="48.02" electricity="0.00" noise="122.76" route="routeleft" type="cfm_slow" waiting="0.00" lane="left_0" pos="46.52" speed="34.27" angle="100.83" x="56.51" y="-1.25"/>
    </timestep>
    <timestep time="1.99">
        <vehicle id="cfm_slow_0" eclass="HBEFA3/PC_G_EU4" CO2="111156.92" CO="2285.53" HC="13.18" NOx="51.59" PMx="2.90" fuel="47.78" electricity="0.00" noise="122.35" route="routebottom" type="cfm_slow" waiting="0.00" lane="bottom_0" pos="36.86" speed="34.39" angle="28.10" x="123.47" y="37.46"/>
        <vehicle id="cfm_slow_1" eclass="HBEFA3/PC_G_EU4" CO2="111156.92" CO="2285.53" HC="13.18" NOx="51.59" PMx="2.90" fuel="47.78" electricity="0.00" noise="122.35" route="routebottom" type="cfm_slow" waiting="0.00" lane="right_0" pos="26.86" speed="34.39" angle="316.22" x="107.07" y="112.47"/>
        <vehicle id="cfm_slow_2" eclass="HBEFA3/PC_G_EU4" CO2="111156.92" CO="2285.53" HC="13.18" NOx="51.59" PMx="2.90" fuel="47.78" electricity="0.00" noise="122.35" route="routetop" type="cfm_slow" waiting="0.00" lane="top_0" pos="16.86" speed="34.39" angle="244.18" x="30.65" y="120.01"/>
        <vehicle id="cfm_slow_3" eclass="HBEFA3/PC_G_EU4" CO2="111156.92" CO="2285.53" HC="13.18" NOx="51.59" PMx="2.90" fuel="47.78" electricity="0.00" noise="122.35" route="routetop" type="cfm_slow" waiting="0.00" lane="left_0" pos="6.86" speed="34.39" angle="172.11" x="-0.12" y="49.67"/>
        <vehicle id="cfm_slow_4" eclass="HBEFA3/PC_G_EU4" CO2="111156.92" CO="2285.53" HC="13.18" NOx="51.59" PMx="2.90" fuel="47.78" electricity="0.00" noise="122.35" route="routeleft" type="cfm_slow" waiting="0.00" lane="left_0" pos="46.86" speed="34.39" angle="100.19" x="57.21" y="-1.32"/>
    </timestep>
    <timestep time="2.00">
        <vehicle id="cfm_slow_0" eclass="HBEFA3/PC_G_EU4" CO2="110603.82" CO="2275.42" HC="13.12" NOx="51.32" PMx="2.88" fuel="47.54" electricity="0.00" noise="121.94" route="routebottom" type="cfm_slow" waiting="0.00" lane="bottom_0" pos="37.21" speed="34.50" angle="27.52" x="123.76" y="38.10"/>
        <vehicle id="cfm_slow_1" eclass="HBEFA3/PC_G_EU4" CO2="110603.82" CO="2275.42" HC="13.12" NOx="51.32" PMx="2.88" fuel="47.54" electricity="0.00" noise="121.94" route="routebottom" type="cfm_slow" waiting="0.00" lane="right_0" pos="27.21" speed="34.50" angle="315.57" x="106.53" y="112.93"/>
        <vehicle id="cfm_slow_2" eclass="HBEFA3/PC_G_EU4" CO2="110603.82" CO="2275.42" HC="13.12" NOx="51.32" PMx="2.88" fuel="47.54" electricity="0.00" noise="121.94" route="routetop" type="cfm_slow" waiting="0.00" lane="top_0" pos="17.21" speed="34.50" angle="243.55" x="30.05" y="119.64"/>
        <vehicle id="cfm_slow_3" eclass="HBEFA3/PC_G_EU4" CO2="110603.82" CO="2275.42" HC="13.12" NOx="51.32" PMx="2.88" fuel="47.54" electricity="0.00" noise="121.94" route="routetop" type="cfm_slow" waiting="0.00" lane="left_0" pos="7.21" speed="34.50" angle="171.47" x="0.04" y="48.98"/>
        <vehicle id="cfm_slow_4" eclass="HBEFA3/PC_G_EU4" CO2="110603.82" CO="2275.42" HC="13.12" NOx="51.32" PMx="2.88" fuel="47.54" electricity="0.00" noise="121.94" route="routeleft" type="cfm_slow" waiting="0.00" lane="left_0" pos="47.21" speed="34.50" angle="99.55" x="57.91" y="-1.39"/>
    </timestep>
    <timestep time="2.01">
        <vehicle id="cfm_slow_0" eclass="HBEFA3/PC_G_EU4" CO2="110049.75" CO="2265.29" HC="13.06" NOx="51.06" PMx="2.87" fuel="47.30" electricity="0.00" noise="121.54" route="routebottom" type="cfm_slow" waiting="0.00" lane="bottom_0" pos="37.55" speed="34.62" angle="26.88" x="124.02" y="38.76"/>
        <vehicle id="cfm_slow_1" eclass="HBEFA3/PC_G_EU4" CO2="110049.75" CO="2265.29" HC="13.06" NOx="51.06" PMx="2.87" fuel="47.30" electricity="0.00" noise="121.54" route="routebottom" type="cfm_slow" waiting="0.00" lane="right_0" pos="27.55" speed="34.62" angle="314.89" x="105.99" y="113.39"/>
        <vehicle id="cfm_slow_2" eclass="HBEFA3/PC_G_EU4" CO2="110049.75" CO="2265.29" HC="13.06" NOx="51.06" PMx="2.87" fuel="47.30" electricity="0.00" noise="121.54" route="routetop" type="cfm_slow" waiting="0.00" lane="top_0" pos="17.55" speed="34.62" angle="242.92" x="29.44" y="119.28"/>
        <vehicle id="cfm_slow_3" eclass="HBEFA3/PC_G_EU4" CO2="110049.75" CO="2265.29" HC="13.06" NOx="51.06" PMx="2.87" fuel="47.30" electricity="0.00" noise="121.54" route="routetop" type="cfm_slow" waiting="0.00" lane="left_0" pos="7.55" speed="34.62" angle="170.84" x="0.19" y="48.29"/>
        <vehicle id="cfm_slow_4" eclass="HBEFA3/PC_G_EU4" CO2="110049.75" CO="2265.29" HC="13.06" NOx="51.06" PMx="2.87" fuel="47.30" electricity="0.00" noise="121.54" route="routeleft" type="cfm_slow" waiting="0.00" lane="left_0" pos="47.55" speed="34.62" angle="98.96" x="58.62" y="-1.45"/>
    </timestep>
    <timestep time="2.02">
        <vehicle id="cfm_slow_0" eclass="HBEFA3/PC_G_EU4" CO2="109494.83" CO="2255.13" HC="13.00" NOx="50.79" PMx="2.86" fuel="47.07" electricity="0.00" noise="121.14" route="routebottom" type="cfm_slow" waiting="0.00" lane="bottom_0" pos="37.90" speed="34.73" angle="26.25" x="124.29" y="39.42"/>
        <vehicle id="cfm_slow_1" eclass="HBEFA3/PC_G_EU4" CO2="109494.83" CO="2255.13" HC="13.00" NOx="50.79" PMx="2.86" fuel="47.07" electricity="0.00" noise="121.14" route="routebottom" type="cfm_slow" waiting="0.00" lane="right_0" pos="27.90" speed="34.73" angle="314.21" x="105.44" y="113.84"/>
        <vehicle id="cfm_slow_2" eclass="HBEFA3/PC_G_EU4" CO2="109494.83" CO="2255.13" HC="13.00" NOx="50.79" PMx="2.86" fuel="47.07" electricity="0.00" noise="121.14" route="routetop" type="cfm_slow" waiting="0.00" lane="top_0" pos="17.90" speed="34.73" angle="242.33" x="28.82" y="118.91"/>
        <vehicle id="cfm_slow_3" eclass="HBEFA3/PC_G_EU4" CO2="109494.83" CO="2255.13" HC="13.00" NOx="50.79" PMx="2.86" fuel="47.07" electricity="0.00" noise="121.14" route="routetop" type="cfm_slow" waiting="0.00" lane="left_0" pos="7.90" speed="34.73" angle="170.25" x="0.37" y="47.60"/>
        <vehicle id="cfm_slow_4" eclass="HBEFA3/PC_G_EU4" CO2="109494.83" CO="2255.13" HC="13.00" NOx="50.79" PMx="2.86" fuel="47.07" electricity="0.00" noise="121.14" route="routeleft" type="cfm_slow" waiting="0.00" lane="left_0" pos="47.90" speed="34.73" angle="98.32" x="59.33" y="-1.50"/>
    </timestep>
    <timestep time="2.03">
        <vehicle id="cfm_slow_0" eclass="HBEFA3/PC_G_EU4" CO2="108939.17" CO="2244.96" HC="12.94" NOx="50.53" PMx="2.84" fuel="46.83" electricity="0.00" noise="120.74" route="routebottom" type="cfm_slow" waiting="0.00" lane="bottom_0" pos="38.25" speed="34.84" angle="25.61" x="124.55" y="40.09"/>
        <vehicle id="cfm_slow_1" eclass="HBEFA3/PC_G_EU4" CO2="108939.17" CO="2244.96" HC="12.94" NOx="50.53" PMx="2.84" fuel="46.83" electricity="0.00" noise="120.74" route="routebottom" type="cfm_slow" waiting="0.00" lane="right_0" pos="28.25" speed="34.84" angle="313.60" x="104.89" y="114.30"/>
        <vehicle id="cfm_slow_2" eclass="HBEFA3/PC_G_EU4" CO2="108939.17" CO="2244.96" HC="12.94" NOx="50.53" PMx="2.84" fuel="46.83" electricity="0.00" noise="120.74" route="routetop" type="cfm_slow" waiting="0.00" lane="top_0" pos="18.25" speed="34.84" angle="241.68" x="28.23" y="118.52"/>
        <vehicle id="cfm_slow_3" eclass="HBEFA3/PC_G_EU4" CO2="108939.17" CO="2244.96" HC="12.94" NOx="50.53" PMx="2.84" fuel="46.83" electricity="0.00" noise="120.74" route="routetop" type="cfm_slow" waiting="0.00" lane="left_0" pos="8.25" speed="34.84" angle="169.60" x="0.55" y="46.91"/>
        <vehicle id="cfm_slow_4" eclass="HBEFA3/PC_G_EU4" CO2="108939.17" CO="2244.96" HC="12.94" NOx="50.53" PMx="2.84" fuel="46.83" electricity="0.00" noise="120.74" route="routeleft" type="cfm_slow" waiting="0.00" lane="left_0" pos="48.25" speed="34.84" angle="97.68" x="60.04" y="-1.54"/>
    </timestep>
    <timestep time="2.04">
        <vehicle id="cfm_slow_0" eclass="HBEFA3/PC_G_EU4" CO2="108382.89" CO="2234.78" HC="12.88" NOx="50.26" PMx="2.83" fuel="46.59" electricity="0.00" noise="120.35" route="routebottom" type="cfm_slow" waiting="0.00" lane="bottom_0" pos="38.60" speed="34.95" angle="25.02" x="124.81" y="40.76"/>
        <vehicle id="cfm_slow_1" eclass="HBEFA3/PC_G_EU4" CO2="108382.89" CO="2234.78" HC="12.88" NOx="50.26" PMx="2.83" fuel="46.59" electricity="0.00" noise="120.35" route="routebottom" type="cfm_slow" waiting="0.00" lane="right_0" pos="28.60" speed="34.95" angle="312.97" x="104.33" y="114.74"/>
        <vehicle id="cfm_slow_2" eclass="HBEFA3/PC_G_EU4" CO2="108382.89" CO="2234.78" HC="12.88" NOx="50.26" PMx="2.83" fuel="46.59" electricity="0.00" noise="120.35" route="routetop" type="cfm_slow" waiting="0.00" lane="top_0" pos="18.60" speed="34.95" angle="241.02" x="27.63" y="118.12"/>
        <vehicle id="cfm_slow_3" eclass="HBEFA3/PC_G_EU4" CO2="108382.89" CO="2234.78" HC="12.88" NOx="50.26" PMx="2.83" fuel="46.59" electricity="0.00" noise="120.35" route="routetop" type="cfm_slow" waiting="0.00" lane="left_0" pos="8.60" speed="34.95" angle="168.95" x="0.74" y="46.21"/>
        <vehicle id="cfm_slow_4" eclass="HBEFA3/PC_G_EU4" CO2="108382.89" CO="2234.78" HC="12.88" NOx="50.26" PMx="2.83" fuel="46.59" electricity="0.00" noise="120.35" route="routeleft" type="cfm_slow" waiting="0.00" lane="left_0" pos="48.60" speed="34.95" angle="97.03" x="60.76" y="-1.58"/>
    </timestep>
    <timestep time="2.05">
        <vehicle id="cfm_slow_0" eclass="HBEFA3/PC_G_EU4" CO2="107826.08" CO="2224.58" HC="12.82" NOx="50.00" PMx="2.82" fuel="46.35" electricity="0.00" noise="119.96" route="routebottom" type="cfm_slow" waiting="0.00" lane="bottom_0" pos="38.95" speed="35.06" angle="24.39" x="125.06" y="41.43"/>
        <vehicle id="cfm_slow_1" eclass="HBEFA3/PC_G_EU4" CO2="107826.08" CO="2224.58" HC="12.82" NOx="50.00" PMx="2.82" fuel="46.35" electricity="0.00" noise="119.96" route="routebottom" type="cfm_slow" waiting="0.00" lane="right_0" pos="28.95" speed="35.06" angle="312.33" x="103.76" y="115.19"/>
        <vehicle id="cfm_slow_2" eclass="HBEFA3/PC_G_EU4" CO2="107826.08" CO="2224.58" HC="12.82" NOx="50.00" PMx="2.82" fuel="46.35" electricity="0.00" noise="119.96" route="routetop" type="cfm_slow" waiting="0.00" lane="top_0" pos="18.95" speed="35.06" angle="240.35" x="27.03" y="117.73"/>
        <vehicle id="cfm_slow_3" eclass="HBEFA3/PC_G_EU4" CO2="107826.08" CO="2224.58" HC="12.82" NOx="50.00" PMx="2.82" fuel="46.35" electricity="0.00" noise="119.96" route="routetop" type="cfm_slow" waiting="0.00" lane="left_0" pos="8.95" speed="35.06" angle="168.35" x="0.92" y="45.52"/>
        <vehicle id="cfm_slow_4" eclass="HBEFA3/PC_G_EU4" CO2="107826.08" CO="2224.58" HC="12.82" NOx="50.00" PMx="2.82" fuel="46.35" electricity="0.00" noise="119.96" route="routeleft" type="cfm_slow" waiting="0.00" lane="left_0" pos="48.95" speed="35.06" angle="96.44" x="61.48" y="-1.61"/>
    </timestep>
    <timestep time="2.06">
        <vehicle id="cfm_slow_0" eclass="HBEFA3/PC_G_EU4" CO2="107268.87" CO="2214.38" HC="12.76" NOx="49.73" PMx="2.80" fuel="46.11" electricity="0.00" noise="119.57" route="routebottom" type="cfm_slow" waiting="0.00" lane="bottom_0" pos="39.30" speed="35.17" angle="23.76" x="125.30" y="42.11"/>
        <vehicle id="cfm_slow_1" eclass="HBEFA3/PC_G_EU4" CO2="107268.87" CO="2214.38" HC="12.76" NOx="49.73" PMx="2.80" fuel="46.11" electricity="0.00" noise="119.57" route="routebottom" type="cfm_slow" waiting="0.00" lane="right_0" pos="29.30" speed="35.17" angle="311.69" x="103.20" y="115.63"/>
        <vehicle id="cfm_slow_2" eclass="HBEFA3/PC_G_EU4" CO2="107268.87" CO="2214.38" HC="12.76" NOx="49.73" PMx="2.80" fuel="46.11" electricity="0.00" noise="119.57" route="routetop" type="cfm_slow" waiting="0.00" lane="top_0" pos="19.30" speed="35.17" angle="239.74" x="26.44" y="117.32"/>
        <vehicle id="cfm_slow_3" eclass="HBEFA3/PC_G_EU4" CO2="107268.87" CO="2214.38" HC="12.76" NOx="49.73" PMx="2.80" fuel="46.11" electricity="0.00" noise="119.57" route="routetop" type="cfm_slow" waiting="0.00" lane="left_0" pos="9.30" speed="35.17" angle="167.71" x="1.13" y="44.83"/>
        <vehicle id="cfm_slow_4" eclass="HBEFA3/PC_G_EU4" CO2="107268.87" CO="2214.38" HC="12.76" NOx="49.73" PMx="2.80" fuel="46.11" electricity="0.00" noise="119.57" route="routeleft" type="cfm_slow" waiting="0.00" lane="left_0" pos="49.30" speed="35.17" angle="95.78" x="62.20" y="-1.62"/>
    </timestep>
    <timestep time="2.07">
        <vehicle id="cfm_slow_0" eclass="HBEFA3/PC_G_EU4" CO2="106711.35" CO="2204.16" HC="12.70" NOx="49.47" PMx="2.79" fuel="45.87" electricity="0.00" noise="119.19" route="routebottom" type="cfm_slow" waiting="0.00" lane="bottom_0" pos="39.65" speed="35.28" angle="23.14" x="125.55" y="42.79"/>
        <vehicle id="cfm_slow_1" eclass="HBEFA3/PC_G_EU4" CO2="106711.35" CO="2204.16" HC="12.70" NOx="49.47" PMx="2.79" fuel="45.87" electricity="0.00" noise="119.19" route="routebottom" type="cfm_slow" waiting="0.00" lane="right_0" pos="29.65" speed="35.28" angle="311.10" x="102.62" y="116.07"/>
        <vehicle id="cfm_slow_2" eclass="HBEFA3/PC_G_EU4" CO2="106711.35" CO="2204.16" HC="12.70" NOx="49.47" PMx="2.79" fuel="45.87" electricity="0.00" noise="119.19" route="routetop" type="cfm_slow" waiting="0.00" lane="top_0" pos="19.65" speed="35.28" angle="239.09" x="25.85" y="116.90"/>
        <vehicle id="cfm_slow_3" eclass="HBEFA3/PC_G_EU4" CO2="106711.35" CO="2204.16" HC="12.70" NOx="49.47" PMx="2.79" fuel="45.87" electricity="0.00" noise="119.19" route="routetop" type="cfm_slow" waiting="0.00" lane="left_0" pos="9.65" speed="35.28" angle="167.07" x="1.35" y="44.14"/>
        <vehicle id="cfm_slow_4" eclass="HBEFA3/PC_G_EU4" CO2="106711.35" CO="2204.16" HC="12.70" NOx="49.47" PMx="2.79" fuel="45.87" electricity="0.00" noise="119.19" route="routeleft" type="cfm_slow" waiting="0.00" lane="left_0" pos="49.65" speed="35.28" angle="95.12" x="62.92" y="-1.64"/>
    </timestep>
    <timestep time="2.08">
        <vehicle id="cfm_slow_0" eclass="HBEFA3/PC_G_EU4" CO2="106153.61" CO="2193.94" HC="12.64" NOx="49.20" PMx="2.77" fuel="45.63" electricity="0.00" noise="118.81" route="routebottom" type="cfm_slow" waiting="0.00" lane="bottom_0" pos="40.01" speed="35.38" angle="22.54" x="125.77" y="43.48"/>
        <vehicle id="cfm_slow_1" eclass="HBEFA3/PC_G_EU4" CO2="106153.61" CO="2193.94" HC="12.64" NOx="49.20" PMx="2.77" fuel="45.63" electricity="0.00" noise="118.81" route="routebottom" type="cfm_slow" waiting="0.00" lane="right_0" pos="30.01" speed="35.38" angle="310.45" x="102.03" y="116.49"/>
        <vehicle id="cfm_slow_2" eclass="HBEFA3/PC_G_EU4" CO2="106153.61" CO="2193.94" HC="12.64" NOx="49.20" PMx="2.77" fuel="45.63" electricity="0.00" noise="118.81" route="routetop" type="cfm_slow" waiting="0.00" lane="top_0" pos="20.01" speed="35.38" angle="238.43" x="25.26" y="116.47"/>
        <vehicle id="cfm_slow_3" eclass="HBEFA3/PC_G_EU4" CO2="106153.61" CO="2193.94" HC="12.64" NOx="49.20" PMx="2.77" fuel="45.63" electricity="0.00" noise="118.81" route="routetop" type="cfm_slow" waiting="0.00" lane="left_0" pos="10.01" speed="35.38" angle="166.42" x="1.56" y="43.45"/>
        <vehicle id="cfm_slow_4" eclass="HBEFA3/PC_G_EU4" CO2="106153.61" CO="2193.94" HC="12.64" NOx="49.20" PMx="2.77" fuel="45.63" electricity="0.00" noise="118.81" route="routebottom" type="cfm_slow" waiting="0.00" lane="bottom_0" pos="0.01" speed="35.38" angle="94.48" x="63.71" y="-1.65"/>
    </timestep>
    <timestep time="2.09">
        <vehicle id="cfm_slow_0" eclass="HBEFA3/PC_G_EU4" CO2="105595.77" CO="2183.72" HC="12.58" NOx="48.94" PMx="2.76" fuel="45.39" electricity="0.00" noise="118.44" route="routebottom" type="cfm_slow" waiting="0.00" lane="bottom_0" pos="40.36" speed="35.49" angle="21.88" x="125.99" y="44.17"/>
        <vehicle id="cfm_slow_1" eclass="HBEFA3/PC_G_EU4" CO2="105595.77" CO="2183.72" HC="12.58" NOx="48.94" PMx="2.76" fuel="45.39" electricity="0.00" noise="118.44" route="routebottom" type="cfm_slow" waiting="0.00" lane="right_0" pos="30.36" speed="35.49" angle="309.80" x="101.44" y="116.92"/>
        <vehicle id="cfm_slow_2" eclass="HBEFA3/PC_G_EU4" CO2="105595.77" CO="2183.72" HC="12.58" NOx="48.94" PMx="2.76" fuel="45.39" electricity="0.00" noise="118.44" route="routetop" type="cfm_slow" waiting="0.00" lane="top_0" pos="20.36" speed="35.49" angle="237.77" x="24.67" y="116.05"/>
        <vehicle id="cfm_slow_3" eclass="HBEFA3/PC_G_EU4" CO2="105595.77" CO="2183.72" HC="12.58" NOx="48.94" PMx="2.76" fuel="45.39" electricity="0.00" noise="118.44" route="routetop" type="cfm_slow" waiting="0.00" lane="left_0" pos="10.36" speed="35.49" angle="165.83" x="1.79" y="42.76"/>
        <vehicle id="cfm_slow_4" eclass="HBEFA3/PC_G_EU4" CO2="105595.77" CO="2183.72" HC="12.58" NOx="48.94" PMx="2.76" fuel="45.39" electricity="0.00" noise="118.44" route="routebottom" type="cfm_slow" waiting="0.00" lane="bottom_0" pos="0.36" speed="35.49" angle="93.83" x="64.43" y="-1.64"/>
    </timestep>
    <timestep time="2.10">
        <vehicle id="cfm_slow_0" eclass="HBEFA3/PC_G_EU4" CO2="105037.91" CO="2173.49" HC="12.52" NOx="48.67" PMx="2.75" fuel="45.15" electricity="0.00" noise="118.06" route="routebottom" type="cfm_slow" waiting="0.00" lane="bottom_0" pos="40.72" speed="35.59" angle="21.22" x="126.21" y="44.87"/>
        <vehicle id="cfm_slow_1" eclass="HBEFA3/PC_G_EU4" CO2="105037.91" CO="2173.49" HC="12.52" NOx="48.67" PMx="2.75" fuel="45.15" electricity="0.00" noise="118.06" route="routebottom" type="cfm_slow" waiting="0.00" lane="right_0" pos="30.72" speed="35.59" angle="309.19" x="100.85" y="117.35"/>
        <vehicle id="cfm_slow_2" eclass="HBEFA3/PC_G_EU4" CO2="105037.91" CO="2173.49" HC="12.52" NOx="48.67" PMx="2.75" fuel="45.15" electricity="0.00" noise="118.06" route="routetop" type="cfm_slow" waiting="0.00" lane="top_0" pos="20.72" speed="35.59" angle="237.18" x="24.09" y="115.60"/>
        <vehicle id="cfm_slow_3" eclass="HBEFA3/PC_G_EU4" CO2="105037.91" CO="2173.49" HC="12.52" NOx="48.67" PMx="2.75" fuel="45.15" electricity="0.00" noise="118.06" route="routetop" type="cfm_slow" waiting="0.00" lane="left_0" pos="10.72" speed="35.59" angle="165.17" x="2.04" y="42.07"/>
        <vehicle id="cfm_slow_4" eclass="HBEFA3/PC_G_EU4" CO2="105037.91" CO="2173.49" HC="12.52" NOx="48.67" PMx="2.75" fuel="45.15" electricity="0.00" noise="118.06" route="routebottom" type="cfm_slow" waiting="0.00" lane="bottom_0" pos="0.72" speed="35.59" angle="93.18" x="65.16" y="-1.62"/>
    </timestep>
    <timestep time="2.11">
        <vehicle id="cfm_slow_0" eclass="HBEFA3/PC_G_EU4" CO2="104480.12" CO="2163.27" HC="12.46" NOx="48.41" PMx="2.73" fuel="44.91" electricity="0.00" noise="117.69" route="routebottom" type="cfm_slow" waiting="0.00" lane="bottom_0" pos="41.08" speed="35.70" angle="20.61" x="126.42" y="45.57"/>
        <vehicle id="cfm_slow_1" eclass="HBEFA3/PC_G_EU4" CO2="104480.12" CO="2163.27" HC="12.46" NOx="48.41" PMx="2.73" fuel="44.91" electricity="0.00" noise="117.69" route="routebottom" type="cfm_slow" waiting="0.00" lane="right_0" pos="31.08" speed="35.70" angle="308.56" x="100.24" y="117.76"/>
        <vehicle id="cfm_slow_2" eclass="HBEFA3/PC_G_EU4" CO2="104480.12" CO="2163.27" HC="12.46" NOx="48.41" PMx="2.73" fuel="44.91" electricity="0.00" noise="117.69" route="routetop" type="cfm_slow" waiting="0.00" lane="top_0" pos="21.08" speed="35.70" angle="236.53" x="23.51" y="115.15"/>
        <vehicle id="cfm_slow_3" eclass="HBEFA3/PC_G_EU4" CO2="104480.12" CO="2163.27" HC="12.46" NOx="48.41" PMx="2.73" fuel="44.91" electricity="0.00" noise="117.69" route="routetop" type="cfm_slow" waiting="0.00" lane="left_0" pos="11.08" speed="35.70" angle="164.50" x="2.29" y="41.38"/>
        <vehicle id="cfm_slow_4" eclass="HBEFA3/PC_G_EU4" CO2="104480.12" CO="2163.27" HC="12.46" NOx="48.41" PMx="2.73" fuel="44.91" electricity="0.00" noise="117.69" route="routebottom" type="cfm_slow" waiting="0.00" lane="bottom_0" pos="1.08" speed="35.70" angle="92.53" x="65.90" y="-1.61"/>
    </timestep>
    <timestep time="2.12">
        <vehicle id="cfm_slow_0" eclass="HBEFA3/PC_G_EU4" CO2="103922.50" CO="2153.04" HC="12.40" NOx="48.14" PMx="2.72" fuel="44.67" electricity="0.00" noise="117.33" route="routebottom" type="cfm_slow" waiting="0.00" lane="bottom_0" pos="41.43" speed="35.80" angle="19.94" x="126.61" y="46.28"/>
        <vehicle id="cfm_slow_1" eclass="HBEFA3/PC_G_EU4" CO2="103922.50" CO="2153.04" HC="12.40" NOx="48.14" PMx="2.72" fuel="44.67" electricity="0.00" noise="117.33" route="routebottom" type="cfm_slow" waiting="0.00" lane="right_0" pos="31.43" speed="35.80" angle="307.90" x="99.63" y="118.16"/>
        <vehicle id="cfm_slow_2" eclass="HBEFA3/PC_G_EU4" CO2="103922.50" CO="2153.04" HC="12.40" NOx="48.14" PMx="2.72" fuel="44.67" electricity="0.00" noise="117.33" route="routetop" type="cfm_slow" waiting="0.00" lane="top_0" pos="21.43" speed="35.80" angle="235.89" x="22.94" y="114.70"/>
        <vehicle id="cfm_slow_3" eclass="HBEFA3/PC_G_EU4" CO2="103922.50" CO="2153.04" HC="12.40" NOx="48.14" PMx="2.72" fuel="44.67" electricity="0.00" noise="117.33" route="routetop" type="cfm_slow" waiting="0.00" lane="left_0" pos="11.43" speed="35.80" angle="163.85" x="2.54" y="40.69"/>
        <vehicle id="cfm_slow_4" eclass="HBEFA3/PC_G_EU4" CO2="103922.50" CO="2153.04" HC="12.40" NOx="48.14" PMx="2.72" fuel="44.67" electricity="0.00" noise="117.33" route="routebottom" type="cfm_slow" waiting="0.00" lane="bottom_0" pos="1.43" speed="35.80" angle="91.92" x="66.63" y="-1.58"/>
    </timestep>
    <timestep time="2.13">
        <vehicle id="cfm_slow_0" eclass="HBEFA3/PC_G_EU4" CO2="103365.13" CO="2142.81" HC="12.34" NOx="47.88" PMx="2.70" fuel="44.43" electricity="0.00" noise="116.97" route="routebottom" type="cfm_slow" waiting="0.00" lane="bottom_0" pos="41.79" speed="35.90" angle="19.27" x="126.80" y="46.99"/>
        <vehicle id="cfm_slow_1" eclass="HBEFA3/PC_G_EU4" CO2="103365.13" CO="2142.81" HC="12.34" NOx="47.88" PMx="2.70" fuel="44.43" electricity="0.00" noise="116.97" route="routebottom" type="cfm_slow" waiting="0.00" lane="right_0" pos="31.79" speed="35.90" angle="307.25" x="99.02" y="118.57"/>
        <vehicle id="cfm_slow_2" eclass="HBEFA3/PC_G_EU4" CO2="103365.13" CO="2142.81" HC="12.34" NOx="47.88" PMx="2.70" fuel="44.43" electricity="0.00" noise="116.97" route="routetop" type="cfm_slow" waiting="0.00" lane="top_0" pos="21.79" speed="35.90" angle="235.29" x="22.36" y="114.25"/>
        <vehicle id="cfm_slow_3" eclass="HBEFA3/PC_G_EU4" CO2="103365.13" CO="2142.81" HC="12.34" NOx="47.88" PMx="2.70" fuel="44.43" electricity="0.00" noise="116.97" route="routetop" type="cfm_slow" waiting="0.00" lane="left_0" pos="11.79" speed="35.90" angle="163.24" x="2.80" y="40.00"/>
        <vehicle id="cfm_slow_4" eclass="HBEFA3/PC_G_EU4" CO2="103365.13" CO="2142.81" HC="12.34" NOx="47.88" PMx="2.70" fuel="44.43" electricity="0.00" noise="116.97" route="routebottom" type="cfm_slow" waiting="0.00" lane="bottom_0" pos="1.79" speed="35.90" angle="91.27" x="67.36" y="-1.53"/>
    </timestep>
    <timestep time="2.14">
        <vehicle id="cfm_slow_0" eclass="HBEFA3/PC_G_EU4" CO2="102808.10" CO="2132.59" HC="12.28" NOx="47.61" PMx="2.69" fuel="44.19" electricity="0.00" noise="116.61" route="routebottom" type="cfm_slow" waiting="0.00" lane="bottom_0" pos="42.15" speed="36.00" angle="18.60" x="126.98" y="47.71"/>
        <vehicle id="cfm_slow_1" eclass="HBEFA3/PC_G_EU4" CO2="102808.10" CO="2132.59" HC="12.28" NOx="47.61" PMx="2.69" fuel="44.19" electricity="0.00" noise="116.61" route="routebottom" type="cfm_slow" waiting="0.00" lane="right_0" pos="32.15" speed="36.00" angle="306.66" x="98.40" y="118.97"/>
        <vehicle id="cfm_slow_2" eclass="HBEFA3/PC_G_EU4" CO2="102808.10" CO="2132.59" HC="12.28" NOx="47.61" PMx="2.69" fuel="44.19" electricity="0.00" noise="116.61" route="routetop" type="cfm_slow" waiting="0.00" lane="top_0" pos="22.15" speed="36.00" angle="234.61" x="21.79" y="113.77"/>
        <vehicle id="cfm_slow_3" eclass="HBEFA3/PC_G_EU4" CO2="102808.10" CO="2132.59" HC="12.28" NOx="47.61" PMx="2.69" fuel="44.19" electricity="0.00" noise="116.61" route="routetop" type="cfm_slow" waiting="0.00" lane="left_0" pos="12.15" speed="36.00" angle="162.60" x="3.07" y="39.32"/>
        <vehicle id="cfm_slow_4" eclass="HBEFA3/PC_G_EU4" CO2="102808.10" CO="2132.59" HC="12.28" NOx="47.61" PMx="2.69" fuel="44.19" electricity="0.00" noise="116.61" route="routebottom" type="cfm_slow" waiting="0.00" lane="bottom_0" pos="2.15" speed="36.00" angle="90.61" x="68.10" y="-1.49"/>
    </timestep>
    <timestep time="2.15">
        <vehicle id="cfm_slow_0" eclass="HBEFA3/PC_G_EU4" CO2="102251.49" CO="2122.38" HC="12.22" NOx="47.35" PMx="2.68" fuel="43.95" electricity="0.00" noise="116.25" route="routebottom" type="cfm_slow" waiting="0.00" lane="bottom_0" pos="42.51" speed="36.10" angle="18.01" x="127.16" y="48.42"/>
        <vehicle id="cfm_slow_1" eclass="HBEFA3/PC_G_EU4" CO2="102251.49" CO="2122.38" HC="12.22" NOx="47.35" PMx="2.68" fuel="43.95" electricity="0.00" noise="116.25" route="routebottom" type="cfm_slow" waiting="0.00" lane="right_0" pos="32.51" speed="36.10" angle="306.00" x="97.76" y="119.35"/>
        <vehicle id="cfm_slow_2" eclass="HBEFA3/PC_G_EU4" CO2="102251.49" CO="2122.38" HC="12.22" NOx="47.35" PMx="2.68" fuel="43.95" electricity="0.00" noise="116.25" route="routetop" type="cfm_slow" waiting="0.00" lane="top_0" pos="22.51" speed="36.10" angle="233.93" x="21.23" y="113.29"/>
        <vehicle id="cfm_slow_3" eclass="HBEFA3/PC_G_EU4" CO2="102251.49" CO="2122.38" HC="12.22" NOx="47.35" PMx="2.68" fuel="43.95" electricity="0.00" noise="116.25" route="routetop" type="cfm_slow" waiting="0.00" lane="left_0" pos="12.51" speed="36.10" angle="161.95" x="3.35" y="38.63"/>
        <vehicle id="cfm_slow_4" eclass="HBEFA3/PC_G_EU4" CO2="102251.49" CO="2122.38" HC="12.22" NOx="47.35" PMx="2.68" fuel="43.95" electricity="0.00" noise="116.25" route="routebottom" type="cfm_slow" waiting="0.00" lane="bottom_0" pos="2.51" speed="36.10" angle="89.98" x="68.84" y="-1.44"/>
    </timestep>
    <timestep time="2.16">
        <vehicle id="cfm_slow_0" eclass="HBEFA3/PC_G_EU4" CO2="101695.38" CO="2112.17" HC="12.16" NOx="47.08" PMx="2.66" fuel="43.71" electricity="0.00" noise="115.90" route="routebottom" type="cfm_slow" waiting="0.00" lane="bottom_0" pos="42.88" speed="36.20" angle="17.37" x="127.33" y="49.15"/>
        <vehicle id="cfm_slow_1" eclass="HBEFA3/PC_G_EU4" CO2="101695.38" CO="2112.17" HC="12.16" NOx="47.08" PMx="2.66" fuel="43.71" electricity="0.00" noise="115.90" route="routebottom" type="cfm_slow" waiting="0.00" lane="right_0" pos="32.88" speed="36.20" angle="305.34" x="97.13" y="119.74"/>
        <vehicle id="cfm_slow_2" eclass="HBEFA3/PC_G_EU4" CO2="101695.38" CO="2112.17" HC="12.16" NOx="47.08" PMx="2.66" fuel="43.71" electricity="0.00" noise="115.90" route="routetop" type="cfm_slow" waiting="0.00" lane="top_0" pos="22.88" speed="36.20" angle="233.26" x="20.66" y="112.81"/>
        <vehicle id="cfm_slow_3" eclass="HBEFA3/PC_G_EU4" CO2="101695.38" CO="2112.17" HC="12.16" NOx="47.08" PMx="2.66" fuel="43.71" electricity="0.00" noise="115.90" route="routetop" type="cfm_slow" waiting="0.00" lane="left_0" pos="12.88" speed="36.20" angle="161.35" x="3.63" y="37.94"/>
        <vehicle id="cfm_slow_4" eclass="HBEFA3/PC_G_EU4" CO2="101695.38" CO="2112.17" HC="12.16" NOx="47.08" PMx="2.66" fuel="43.71" electricity="0.00" noise="115.90" route="routebottom" type="cfm_slow" waiting="0.00" lane="bottom_0" pos="2.88" speed="36.20" angle="89.34" x="69.58" y="-1.37"/>
    </timestep>
    <timestep time="2.17">
        <vehicle id="cfm_slow_0" eclass="HBEFA3/PC_G_EU4" CO2="101139.85" CO="2101.97" HC="12.10" NOx="46.82" PMx="2.65" fuel="43.47" electricity="0.00" noise="115.55" route="routebottom" type="cfm_slow" waiting="0.00" lane="bottom_0" pos="43.24" speed="36.30" angle="16.74" x="127.49" y="49.87"/>
        <vehicle id="cfm_slow_1" eclass="HBEFA3/PC_G_EU4" CO2="101139.85" CO="2101.97" HC="12.10" NOx="46.82" PMx="2.65" fuel="43.47" electricity="0.00" noise="115.55" route="routebottom" type="cfm_slow" waiting="0.00" lane="right_0" pos="33.24" speed="36.30" angle="304.69" x="96.49" y="120.12"/>
        <vehicle id="cfm_slow_2" eclass="HBEFA3/PC_G_EU4" CO2="101139.85" CO="2101.97" HC="12.10" NOx="46.82" PMx="2.65" fuel="43.47" electricity="0.00" noise="115.55" route="routetop" type="cfm_slow" waiting="0.00" lane="top_0" pos="23.24" speed="36.30" angle="232.66" x="20.10" y="112.32"/>
        <vehicle id="cfm_slow_3" eclass="HBEFA3/PC_G_EU4" CO2="101139.85" CO="2101.97" HC="12.10" NOx="46.82" PMx="2.65" fuel="43.47" electricity="0.00" noise="115.55" route="routetop" type="cfm_slow" waiting="0.00" lane="left_0" pos="13.24" speed="36.30" angle="160.69" x="3.93" y="37.26"/>
        <vehicle id="cfm_slow_4" eclass="HBEFA3/PC_G_EU4" CO2="101139.85" CO="2101.97" HC="12.10" NOx="46.82" PMx="2.65" fuel="43.47" electricity="0.00" noise="115.55" route="routebottom" type="cfm_slow" waiting="0.00" lane="bottom_0" pos="3.24" speed="36.30" angle="88.68" x="70.32" y="-1.30"/>
    </timestep>
    <timestep time="2.18">
        <vehicle id="cfm_slow_0" eclass="HBEFA3/PC_G_EU4" CO2="100584.97" CO="2091.78" HC="12.04" NOx="46.56" PMx="2.63" fuel="43.24" electricity="0.00" noise="115.21" route="routebottom" type="cfm_slow" waiting="0.00" lane="bottom_0" pos="43.60" speed="36.40" angle="16.15" x="127.66" y="50.60"/>
        <vehicle id="cfm_slow_1" eclass="HBEFA3/PC_G_EU4" CO2="100584.97" CO="2091.78" HC="12.04" NOx="46.56" PMx="2.63" fuel="43.24" electricity="0.00" noise="115.21" route="routebottom" type="cfm_slow" waiting="0.00" lane="right_0" pos="33.60" speed="36.40" angle="304.07" x="95.84" y="120.49"/>
        <vehicle id="cfm_slow_2" eclass="HBEFA3/PC_G_EU4" CO2="100584.97" CO="2091.78" HC="12.04" NOx="46.56" PMx="2.63" fuel="43.24" electricity="0.00" noise="115.21" route="routetop" type="cfm_slow" waiting="0.00" lane="top_0" pos="23.60" speed="36.40" angle="231.99" x="19.56" y="111.81"/>
        <vehicle id="cfm_slow_3" eclass="HBEFA3/PC_G_EU4" CO2="100584.97" CO="2091.78" HC="12.04" NOx="46.56" PMx="2.63" fuel="43.24" electricity="0.00" noise="115.21" route="routetop" type="cfm_slow" waiting="0.00" lane="left_0" pos="13.60" speed="36.40" angle="160.02" x="4.24" y="36.58"/>
        <vehicle id="cfm_slow_4" eclass="HBEFA3/PC_G_EU4" CO2="100584.97" CO="2091.78" HC="12.04" NOx="46.56" PMx="2.63" fuel="43.24" electricity="0.00" noise="115.21" route="routebottom" type="cfm_slow" waiting="0.00" lane="bottom_0" pos="3.60" speed="36.40" angle="88.01" x="71.06" y="-1.23"/>
    </timestep>
    <timestep time="2.19">
        <vehicle id="cfm_slow_0" eclass="HBEFA3/PC_G_EU4" CO2="100030.82" CO="2081.61" HC="11.98" NOx="46.29" PMx="2.62" fuel="43.00" electricity="0.00" noise="114.86" route="routebottom" type="cfm_slow" waiting="0.00" lane="bottom_0" pos="43.97" speed="36.49" angle="15.43" x="127.79" y="51.34"/>
        <vehicle id="cfm_slow_1" eclass="HBEFA3/PC_G_EU4" CO2="100030.82" CO="2081.61" HC="11.98" NOx="46.29" PMx="2.62" fuel="43.00" electricity="0.00" noise="114.86" route="routebottom" type="cfm_slow" waiting="0.00" lane="right_0" pos="33.97" speed="36.49" angle="303.40" x="95.18" y="120.85"/>
        <vehicle id="cfm_slow_2" eclass="HBEFA3/PC_G_EU4" CO2="100030.82" CO="2081.61" HC="11.98" NOx="46.29" PMx="2.62" fuel="43.00" electricity="0.00" noise="114.86" route="routetop" type="cfm_slow" waiting="0.00" lane="top_0" pos="23.97" speed="36.49" angle="231.32" x="19.01" y="111.30"/>
        <vehicle id="cfm_slow_3" eclass="HBEFA3/PC_G_EU4" CO2="100030.82" CO="2081.61" HC="11.98" NOx="46.29" PMx="2.62" fuel="43.00" electricity="0.00" noise="114.86" route="routetop" type="cfm_slow" waiting="0.00" lane="left_0" pos="13.97" speed="36.49" angle="159.36" x="4.54" y="35.90"/>
        <vehicle id="cfm_slow_4" eclass="HBEFA3/PC_G_EU4" CO2="100030.82" CO="2081.61" HC="11.98" NOx="46.29" PMx="2.62" fuel="43.00" electricity="0.00" noise="114.86" route="routebottom" type="cfm_slow" waiting="0.00" lane="bottom_0" pos="3.97" speed="36.49" angle="87.39" x="71.81" y="-1.14"/>
    </timestep>
    <timestep time="2.20">
        <vehicle id="cfm_slow_0" eclass="HBEFA3/PC_G_EU4" CO2="99477.47" CO="2071.44" HC="11.92" NOx="46.03" PMx="2.61" fuel="42.76" electricity="0.00" noise="114.52" route="routebottom" type="cfm_slow" waiting="0.00" lane="bottom_0" pos="44.33" speed="36.59" angle="14.72" x="127.93" y="52.08"/>
        <vehicle id="cfm_slow_1" eclass="HBEFA3/PC_G_EU4" CO2="99477.47" CO="2071.44" HC="11.92" NOx="46.03" PMx="2.61" fuel="42.76" electricity="0.00" noise="114.52" route="routebottom" type="cfm_slow" waiting="0.00" lane="right_0" pos="34.33" speed="36.59" angle="302.73" x="94.53" y="121.21"/>
        <vehicle id="cfm_slow_2" eclass="HBEFA3/PC_G_EU4" CO2="99477.47" CO="2071.44" HC="11.92" NOx="46.03" PMx="2.61" fuel="42.76" electricity="0.00" noise="114.52" route="routetop" type="cfm_slow" waiting="0.00" lane="top_0" pos="24.33" speed="36.59" angle="230.70" x="18.46" y="110.79"/>
        <vehicle id="cfm_slow_3" eclass="HBEFA3/PC_G_EU4" CO2="99477.47" CO="2071.44" HC="11.92" NOx="46.03" PMx="2.61" fuel="42.76" electricity="0.00" noise="114.52" route="routetop" type="cfm_slow" waiting="0.00" lane="left_0" pos="14.33" speed="36.59" angle="158.74" x="4.87" y="35.22"/>
        <vehicle id="cfm_slow_4" eclass="HBEFA3/PC_G_EU4" CO2="99477.47" CO="2071.44" HC="11.92" NOx="46.03" PMx="2.61" fuel="42.76" electricity="0.00" noise="114.52" route="routebottom" type="cfm_slow" waiting="0.00" lane="bottom_0" pos="4.33" speed="36.59" angle="86.73" x="72.55" y="-1.04"/>
    </timestep>
    <timestep time="2.21">
        <vehicle id="cfm_slow_0" eclass="HBEFA3/PC_G_EU4" CO2="98924.98" CO="2061.29" HC="11.86" NOx="45.77" PMx="2.59" fuel="42.52" electricity="0.00" noise="114.19" route="routebottom" type="cfm_slow" waiting="0.00" lane="bottom_0" pos="44.70" speed="36.68" angle="14.01" x="128.06" y="52.82"/>
        <vehicle id="cfm_slow_1" eclass="HBEFA3/PC_G_EU4" CO2="98924.98" CO="2061.29" HC="11.86" NOx="45.77" PMx="2.59" fuel="42.52" electricity="0.00" noise="114.19" route="routebottom" type="cfm_slow" waiting="0.00" lane="right_0" pos="34.70" speed="36.68" angle="302.11" x="93.87" y="121.57"/>
        <vehicle id="cfm_slow_2" eclass="HBEFA3/PC_G_EU4" CO2="98924.98" CO="2061.29" HC="11.86" NOx="45.77" PMx="2.59" fuel="42.52" electricity="0.00" noise="114.19" route="routetop" type="cfm_slow" waiting="0.00" lane="top_0" pos="24.70" speed="36.68" angle="230.05" x="17.92" y="110.27"/>
        <vehicle id="cfm_slow_3" eclass="HBEFA3/PC_G_EU4" CO2="98924.98" CO="2061.29" HC="11.86" NOx="45.77" PMx="2.59" fuel="42.52" electricity="0.00" noise="114.19" route="routetop" type="cfm_slow" waiting="0.00" lane="left_0" pos="14.70" speed="36.68" angle="158.06" x="5.20" y="34.55"/>
        <vehicle id="cfm_slow_4" eclass="HBEFA3/PC_G_EU4" CO2="98924.98" CO="2061.29" HC="11.86" NOx="45.77" PMx="2.59" fuel="42.52" electricity="0.00" noise="114.19" route="routebottom" type="cfm_slow" waiting="0.00" lane="bottom_0" pos="4.70" speed="36.68" angle="86.06" x="73.29" y="-0.93"/>
    </timestep>
    <timestep time="2.22">
        <vehicle id="cfm_slow_0" eclass="HBEFA3/PC_G_EU4" CO2="98373.44" CO="2051.16" HC="11.80" NOx="45.50" PMx="2.58" fuel="42.29" electricity="0.00" noise="113.85" route="routebottom" type="cfm_slow" waiting="0.00" lane="bottom_0" pos="45.07" speed="36.78" angle="13.39" x="128.18" y="53.56"/>
        <vehicle id="cfm_slow_1" eclass="HBEFA3/PC_G_EU4" CO2="98373.44" CO="2051.16" HC="11.80" NOx="45.50" PMx="2.58" fuel="42.29" electricity="0.00" noise="113.85" route="routebottom" type="cfm_slow" waiting="0.00" lane="right_0" pos="35.07" speed="36.78" angle="301.43" x="93.19" y="121.90"/>
        <vehicle id="cfm_slow_2" eclass="HBEFA3/PC_G_EU4" CO2="98373.44" CO="2051.16" HC="11.80" NOx="45.50" PMx="2.58" fuel="42.29" electricity="0.00" noise="113.85" route="routetop" type="cfm_slow" waiting="0.00" lane="top_0" pos="25.07" speed="36.78" angle="229.39" x="17.39" y="109.73"/>
        <vehicle id="cfm_slow_3" eclass="HBEFA3/PC_G_EU4" CO2="98373.44" CO="2051.16" HC="11.80" NOx="45.50" PMx="2.58" fuel="42.29" electricity="0.00" noise="113.85" route="routetop" type="cfm_slow" waiting="0.00" lane="left_0" pos="15.07" speed="36.78" angle="157.37" x="5.54" y="33.88"/>
        <vehicle id="cfm_slow_4" eclass="HBEFA3/PC_G_EU4" CO2="98373.44" CO="2051.16" HC="11.80" NOx="45.50" PMx="2.58" fuel="42.29" electricity="0.00" noise="113.85" route="routebottom" type="cfm_slow" waiting="0.00" lane="bottom_0" pos="5.07" speed="36.78" angle="85.39" x="74.04" y="-0.82"/>
    </timestep>
    <timestep time="2.23">
        <vehicle id="cfm_slow_0" eclass="HBEFA3/PC_G_EU4" CO2="97822.89" CO="2041.04" HC="11.74" NOx="45.24" PMx="2.57" fuel="42.05" electricity="0.00" noise="113.52" route="routebottom" type="cfm_slow" waiting="0.00" lane="bottom_0" pos="45.44" speed="36.87" angle="12.71" x="128.29" y="54.31"/>
        <vehicle id="cfm_slow_1" eclass="HBEFA3/PC_G_EU4" CO2="97822.89" CO="2041.04" HC="11.74" NOx="45.24" PMx="2.57" fuel="42.05" electricity="0.00" noise="113.52" route="routebottom" type="cfm_slow" waiting="0.00" lane="right_0" pos="35.44" speed="36.87" angle="300.74" x="92.52" y="122.24"/>
        <vehicle id="cfm_slow_2" eclass="HBEFA3/PC_G_EU4" CO2="97822.89" CO="2041.04" HC="11.74" NOx="45.24" PMx="2.57" fuel="42.05" electricity="0.00" noise="113.52" route="routetop" type="cfm_slow" waiting="0.00" lane="top_0" pos="25.44" speed="36.87" angle="228.73" x="16.85" y="109.20"/>
        <vehicle id="cfm_slow_3" eclass="HBEFA3/PC_G_EU4" CO2="97822.89" CO="2041.04" HC="11.74" NOx="45.24" PMx="2.57" fuel="42.05" electricity="0.00" noise="113.52" route="routetop" type="cfm_slow" waiting="0.00" lane="left_0" pos="15.44" speed="36.87" angle="156.76" x="5.88" y="33.20"/>
        <vehicle id="cfm_slow_4" eclass="HBEFA3/PC_G_EU4" CO2="97822.89" CO="2041.04" HC="11.74" NOx="45.24" PMx="2.57" fuel="42.05" electricity="0.00" noise="113.52" route="routebottom" type="cfm_slow" waiting="0.00" lane="bottom_0" pos="5.44" speed="36.87" angle="84.72" x="74.78" y="-0.69"/>
    </timestep>
    <timestep time="2.24">
        <vehicle id="cfm_slow_0" eclass="HBEFA3/PC_G_EU4" CO2="97273.41" CO="2030.94" HC="11.68" NOx="44.98" PMx="2.55" fuel="41.81" electricity="0.00" noise="113.20" route="routebottom" type="cfm_slow" waiting="0.00" lane="bottom_0" pos="45.81" speed="36.96" angle="12.03" x="128.40" y="55.06"/>
        <vehicle id="cfm_slow_1" eclass="HBEFA3/PC_G_EU4" CO2="97273.41" CO="2030.94" HC="11.68" NOx="44.98" PMx="2.55" fuel="41.81" electricity="0.00" noise="113.20" route="routebottom" type="cfm_slow" waiting="0.00" lane="right_0" pos="35.81" speed="36.96" angle="300.07" x="91.84" y="122.58"/>
        <vehicle id="cfm_slow_2" eclass="HBEFA3/PC_G_EU4" CO2="97273.41" CO="2030.94" HC="11.68" NOx="44.98" PMx="2.55" fuel="41.81" electricity="0.00" noise="113.20" route="routetop" type="cfm_slow" waiting="0.00" lane="top_0" pos="25.81" speed="36.96" angle="228.11" x="16.33" y="108.66"/>
        <vehicle id="cfm_slow_3" eclass="HBEFA3/PC_G_EU4" CO2="97273.41" CO="2030.94" HC="11.68" NOx="44.98" PMx="2.55" fuel="41.81" electricity="0.00" noise="113.20" route="routetop" type="cfm_slow" waiting="0.00" lane="left_0" pos="15.81" speed="36.96" angle="156.08" x="6.25" y="32.54"/>
        <vehicle id="cfm_slow_4" eclass="HBEFA3/PC_G_EU4" CO2="97273.41" CO="2030.94" HC="11.68" NOx="44.98" PMx="2.55" fuel="41.81" electricity="0.00" noise="113.20" route="routebottom" type="cfm_slow" waiting="0.00" lane="bottom_0" pos="5.81" speed="36.96" angle="84.02" x="75.53" y="-0.55"/>
    </timestep>
    <timestep time="2.25">
        <vehicle id="cfm_slow_0" eclass="HBEFA3/PC_G_EU4" CO2="96725.05" CO="2020.86" HC="11.62" NOx="44.72" PMx="2.54" fuel="41.58" electricity="0.00" noise="112.87" route="routebottom" type="cfm_slow" waiting="0.00" lane="bottom_0" pos="46.18" speed="37.05" angle="11.42" x="128.50" y="55.81"/>
        <vehicle id="cfm_slow_1" eclass="HBEFA3/PC_G_EU4" CO2="96725.05" CO="2020.86" HC="11.62" NOx="44.72" PMx="2.54" fuel="41.58" electricity="0.00" noise="112.87" route="routebottom" type="cfm_slow" waiting="0.00" lane="right_0" pos="36.18" speed="37.05" angle="299.41" x="91.15" y="122.90"/>
        <vehicle id="cfm_slow_2" eclass="HBEFA3/PC_G_EU4" CO2="96725.05" CO="2020.86" HC="11.62" NOx="44.72" PMx="2.54" fuel="41.58" electricity="0.00" noise="112.87" route="routetop" type="cfm_slow" waiting="0.00" lane="top_0" pos="26.18" speed="37.05" angle="227.42" x="15.81" y="108.10"/>
        <vehicle id="cfm_slow_3" eclass="HBEFA3/PC_G_EU4" CO2="96725.05" CO="2020.86" HC="11.62" NOx="44.72" PMx="2.54" fuel="41.58" electricity="0.00" noise="112.87" route="routetop" type="cfm_slow" waiting="0.00" lane="left_0" pos="16.18" speed="37.05" angle="155.39" x="6.62" y="31.87"/>
        <vehicle id="cfm_slow_4" eclass="HBEFA3/PC_G_EU4" CO2="96725.05" CO="2020.86" HC="11.62" NOx="44.72" PMx="2.54" fuel="41.58" electricity="0.00" noise="112.87" route="routebottom" type="cfm_slow" waiting="0.00" lane="bottom_0" pos="6.18" speed="37.05" angle="83.32" x="76.28" y="-0.41"/>
    </timestep>
    <timestep time="2.26">
        <vehicle id="cfm_slow_0" eclass="HBEFA3/PC_G_EU4" CO2="96177.89" CO="2010.80" HC="11.56" NOx="44.46" PMx="2.52" fuel="41.34" electricity="0.00" noise="112.55" route="routebottom" type="cfm_slow" waiting="0.00" lane="bottom_0" pos="46.55" speed="37.15" angle="10.76" x="128.58" y="56.57"/>
        <vehicle id="cfm_slow_1" eclass="HBEFA3/PC_G_EU4" CO2="96177.89" CO="2010.80" HC="11.56" NOx="44.46" PMx="2.52" fuel="41.34" electricity="0.00" noise="112.55" route="routebottom" type="cfm_slow" waiting="0.00" lane="right_0" pos="36.55" speed="37.15" angle="298.71" x="90.45" y="123.21"/>
        <vehicle id="cfm_slow_2" eclass="HBEFA3/PC_G_EU4" CO2="96177.89" CO="2010.80" HC="11.56" NOx="44.46" PMx="2.52" fuel="41.34" electricity="0.00" noise="112.55" route="routetop" type="cfm_slow" waiting="0.00" lane="top_0" pos="26.55" speed="37.15" angle="226.73" x="15.29" y="107.54"/>
        <vehicle id="cfm_slow_3" eclass="HBEFA3/PC_G_EU4" CO2="96177.89" CO="2010.80" HC="11.56" NOx="44.46" PMx="2.52" fuel="41.34" electricity="0.00" noise="112.55" route="routetop" type="cfm_slow" waiting="0.00" lane="left_0" pos="16.55" speed="37.15" angle="154.72" x="6.99" y="31.21"/>
        <vehicle id="cfm_slow_4" eclass="HBEFA3/PC_G_EU4" CO2="96177.89" CO="2010.80" HC="11.56" NOx="44.46" PMx="2.52" fuel="41.34" electricity="0.00" noise="112.55" route="routebottom" type="cfm_slow" waiting="0.00" lane="bottom_0" pos="6.55" speed="37.15" angle="82.69" x="77.02" y="-0.26"/>
    </timestep>
    <timestep time="2.27">
        <vehicle id="cfm_slow_0" eclass="HBEFA3/PC_G_EU4" CO2="95631.96" CO="2000.76" HC="11.50" NOx="44.20" PMx="2.51" fuel="41.11" electricity="0.00" noise="112.23" route="routebottom" type="cfm_slow" waiting="0.00" lane="bottom_0" pos="46.92" speed="37.23" angle="10.10" x="128.66" y="57.33"/>
        <vehicle id="cfm_slow_1" eclass="HBEFA3/PC_G_EU4" CO2="95631.96" CO="2000.76" HC="11.50" NOx="44.20" PMx="2.51" fuel="41.11" electricity="0.00" noise="112.23" route="routebottom" type="cfm_slow" waiting="0.00" lane="right_0" pos="36.92" speed="37.23" angle="298.01" x="89.76" y="123.53"/>
        <vehicle id="cfm_slow_2" eclass="HBEFA3/PC_G_EU4" CO2="95631.96" CO="2000.76" HC="11.50" NOx="44.20" PMx="2.51" fuel="41.11" electricity="0.00" noise="112.23" route="routetop" type="cfm_slow" waiting="0.00" lane="top_0" pos="26.92" speed="37.23" angle="226.10" x="14.78" y="106.98"/>
        <vehicle id="cfm_slow_3" eclass="HBEFA3/PC_G_EU4" CO2="95631.96" CO="2000.76" HC="11.50" NOx="44.20" PMx="2.51" fuel="41.11" electricity="0.00" noise="112.23" route="routetop" type="cfm_slow" waiting="0.00" lane="left_0" pos="16.92" speed="37.23" angle="154.07" x="7.38" y="30.55"/>
        <vehicle id="cfm_slow_4" eclass="HBEFA3/PC_G_EU4" CO2="95631.96" CO="2000.76" HC="11.50" NOx="44.20" PMx="2.51" fuel="41.11" electricity="0.00" noise="112.23" route="routebottom" type="cfm_slow" waiting="0.00" lane="bottom_0" pos="6.92" speed="37.23" angle="82.01" x="77.77" y="-0.09"/>
    </timestep>
    <timestep time="2.28">
        <vehicle id="cfm_slow_0" eclass="HBEFA3/PC_G_EU4" CO2="95087.34" CO="1990.74" HC="11.45" NOx="43.94" PMx="2.50" fuel="40.87" electricity="0.00" noise="111.92" route="routebottom" type="cfm_slow" waiting="0.00" lane="bottom_0" pos="47.29" speed="37.32" angle="9.43" x="128.74" y="58.09"/>
        <vehicle id="cfm_slow_1" eclass="HBEFA3/PC_G_EU4" CO2="95087.34" CO="1990.74" HC="11.45" NOx="43.94" PMx="2.50" fuel="40.87" electricity="0.00" noise="111.92" route="routebottom" type="cfm_slow" waiting="0.00" lane="right_0" pos="37.29" speed="37.32" angle="297.38" x="89.06" y="123.83"/>
        <vehicle id="cfm_slow_2" eclass="HBEFA3/PC_G_EU4" CO2="95087.34" CO="1990.74" HC="11.45" NOx="43.94" PMx="2.50" fuel="40.87" electricity="0.00" noise="111.92" route="routetop" type="cfm_slow" waiting="0.00" lane="top_0" pos="27.29" speed="37.32" angle="225.39" x="14.28" y="106.39"/>
        <vehicle id="cfm_slow_3" eclass="HBEFA3/PC_G_EU4" CO2="95087.34" CO="1990.74" HC="11.45" NOx="43.94" PMx="2.50" fuel="40.87" electricity="0.00" noise="111.92" route="routetop" type="cfm_slow" waiting="0.00" lane="left_0" pos="17.29" speed="37.32" angle="153.37" x="7.77" y="29.89"/>
        <vehicle id="cfm_slow_4" eclass="HBEFA3/PC_G_EU4" CO2="95087.34" CO="1990.74" HC="11.45" NOx="43.94" PMx="2.50" fuel="40.87" electricity="0.00" noise="111.92" route="routebottom" type="cfm_slow" waiting="0.00" lane="bottom_0" pos="7.29" speed="37.32" angle="81.32" x="78.51" y="0.07"/>
    </timestep>
    <timestep time="2.29">
        <vehicle id="cfm_slow_0" eclass="HBEFA3/PC_G_EU4" CO2="94544.07" CO="1980.75" HC="11.39" NOx="43.68" PMx="2.48" fuel="40.64" electricity="0.00" noise="111.60" route="routebottom" type="cfm_slow" waiting="0.00" lane="bottom_0" pos="47.67" speed="37.41" angle="8.78" x="128.80" y="58.85"/>
        <vehicle id="cfm_slow_1" eclass="HBEFA3/PC_G_EU4" CO2="94544.07" CO="1980.75" HC="11.39" NOx="43.68" PMx="2.48" fuel="40.64" electricity="0.00" noise="111.60" route="routebottom" type="cfm_slow" waiting="0.00" lane="right_0" pos="37.67" speed="37.41" angle="296.68" x="88.34" y="124.11"/>
        <vehicle id="cfm_slow_2" eclass="HBEFA3/PC_G_EU4" CO2="94544.07" CO="1980.75" HC="11.39" NOx="43.68" PMx="2.48" fuel="40.64" electricity="0.00" noise="111.60" route="routetop" type="cfm_slow" waiting="0.00" lane="top_0" pos="27.67" speed="37.41" angle="224.68" x="13.79" y="105.81"/>
        <vehicle id="cfm_slow_3" eclass="HBEFA3/PC_G_EU4" CO2="94544.07" CO="1980.75" HC="11.39" NOx="43.68" PMx="2.48" fuel="40.64" electricity="0.00" noise="111.60" route="routetop" type="cfm_slow" waiting="0.00" lane="left_0" pos="17.67" speed="37.41" angle="152.67" x="8.17" y="29.24"/>
        <vehicle id="cfm_slow_4" eclass="HBEFA3/PC_G_EU4" CO2="94544.07" CO="1980.75" HC="11.39" NOx="43.68" PMx="2.48" fuel="40.64" electricity="0.00" noise="111.60" route="routebottom" type="cfm_slow" waiting="0.00" lane="bottom_0" pos="7.67" speed="37.41" angle="80.69" x="79.26" y="0.24"/>
    </timestep>
    <timestep time="2.30">
        <vehicle id="cfm_slow_0" eclass="HBEFA3/PC_G_EU4" CO2="94002.21" CO="1970.78" HC="11.33" NOx="43.43" PMx="2.47" fuel="40.41" electricity="0.00" noise="111.29" route="routebottom" type="cfm_slow" waiting="0.00" lane="bottom_0" pos="48.04" speed="37.50" angle="8.06" x="128.84" y="59.62"/>
        <vehicle id="cfm_slow_1" eclass="HBEFA3/PC_G_EU4" CO2="94002.21" CO="1970.78" HC="11.33" NOx="43.43" PMx="2.47" fuel="40.41" electricity="0.00" noise="111.29" route="routebottom" type="cfm_slow" waiting="0.00" lane="right_0" pos="38.04" speed="37.50" angle="295.99" x="87.63" y="124.40"/>
        <vehicle id="cfm_slow_2" eclass="HBEFA3/PC_G_EU4" CO2="94002.21" CO="1970.78" HC="11.33" NOx="43.43" PMx="2.47" fuel="40.41" electricity="0.00" noise="111.29" route="routetop" type="cfm_slow" waiting="0.00" lane="top_0" pos="28.04" speed="37.50" angle="223.96" x="13.29" y="105.22"/>
        <vehicle id="cfm_slow_3" eclass="HBEFA3/PC_G_EU4" CO2="94002.21" CO="1970.78" HC="11.33" NOx="43.43" PMx="2.47" fuel="40.41" electricity="0.00" noise="111.29" route="routetop" type="cfm_slow" waiting="0.00" lane="left_0" pos="18.04" speed="37.50" angle="152.03" x="8.57" y="28.58"/>
        <vehicle id="cfm_slow_4" eclass="HBEFA3/PC_G_EU4" CO2="94002.21" CO="1970.78" HC="11.33" NOx="43.43" PMx="2.47" fuel="40.41" electricity="0.00" noise="111.29" route="routebottom" type="cfm_slow" waiting="0.00" lane="bottom_0" pos="8.04" speed="37.50" angle="79.99" x="80.01" y="0.44"/>
    </timestep>
    <timestep time="2.31">
        <vehicle id="cfm_slow_0" eclass="HBEFA3/PC_G_EU4" CO2="93461.81" CO="1960.84" HC="11.27" NOx="43.17" PMx="2.46" fuel="40.17" electricity="0.00" noise="110.99" route="routebottom" type="cfm_slow" waiting="0.00" lane="bottom_0" pos="48.42" speed="37.58" angle="7.33" x="128.88" y="60.39"/>
        <vehicle id="cfm_slow_1" eclass="HBEFA3/PC_G_EU4" CO2="93461.81" CO="1960.84" HC="11.27" NOx="43.17" PMx="2.46" fuel="40.17" electricity="0.00" noise="110.99" route="routebottom" type="cfm_slow" waiting="0.00" lane="right_0" pos="38.42" speed="37.58" angle="295.32" x="86.91" y="124.68"/>
        <vehicle id="cfm_slow_2" eclass="HBEFA3/PC_G_EU4" CO2="93461.81" CO="1960.84" HC="11.27" NOx="43.17" PMx="2.46" fuel="40.17" electricity="0.00" noise="110.99" route="routetop" type="cfm_slow" waiting="0.00" lane="top_0" pos="28.42" speed="37.58" angle="223.33" x="12.80" y="104.62"/>
        <vehicle id="cfm_slow_3" eclass="HBEFA3/PC_G_EU4" CO2="93461.81" CO="1960.84" HC="11.27" NOx="43.17" PMx="2.46" fuel="40.17" electricity="0.00" noise="110.99" route="routetop" type="cfm_slow" waiting="0.00" lane="left_0" pos="18.42" speed="37.58" angle="151.31" x="9.00" y="27.94"/>
        <vehicle id="cfm_slow_4" eclass="HBEFA3/PC_G_EU4" CO2="93461.81" CO="1960.84" HC="11.27" NOx="43.17" PMx="2.46" fuel="40.17" electricity="0.00" noise="110.99" route="routebottom" type="cfm_slow" waiting="0.00" lane="bottom_0" pos="8.42" speed="37.58" angle="79.29" x="80.75" y="0.64"/>
    </timestep>
    <timestep time="2.32">
        <vehicle id="cfm_slow_0" eclass="HBEFA3/PC_G_EU4" CO2="92922.91" CO="1950.92" HC="11.21" NOx="42.91" PMx="2.44" fuel="39.94" electricity="0.00" noise="110.68" route="routebottom" type="cfm_slow" waiting="0.00" lane="bottom_0" pos="48.80" speed="37.67" angle="6.68" x="128.92" y="61.16"/>
        <vehicle id="cfm_slow_1" eclass="HBEFA3/PC_G_EU4" CO2="92922.91" CO="1950.92" HC="11.21" NOx="42.91" PMx="2.44" fuel="39.94" electricity="0.00" noise="110.68" route="routebottom" type="cfm_slow" waiting="0.00" lane="right_0" pos="38.80" speed="37.67" angle="294.67" x="86.19" y="124.95"/>
        <vehicle id="cfm_slow_2" eclass="HBEFA3/PC_G_EU4" CO2="92922.91" CO="1950.92" HC="11.21" NOx="42.91" PMx="2.44" fuel="39.94" electricity="0.00" noise="110.68" route="routetop" type="cfm_slow" waiting="0.00" lane="top_0" pos="28.80" speed="37.67" angle="222.65" x="12.33" y="104.01"/>
        <vehicle id="cfm_slow_3" eclass="HBEFA3/PC_G_EU4" CO2="92922.91" CO="1950.92" HC="11.21" NOx="42.91" PMx="2.44" fuel="39.94" electricity="0.00" noise="110.68" route="routetop" type="cfm_slow" waiting="0.00" lane="left_0" pos="18.80" speed="37.67" angle="150.59" x="9.43" y="27.30"/>
        <vehicle id="cfm_slow_4" eclass="HBEFA3/PC_G_EU4" CO2="92922.91" CO="1950.92" HC="11.21" NOx="42.91" PMx="2.44" fuel="39.94" electricity="0.00" noise="110.68" route="routebottom" type="cfm_slow" waiting="0.00" lane="bottom_0" pos="8.80" speed="37.67" angle="78.58" x="81.50" y="0.84"/>
    </timestep>
    <timestep time="2.33">
        <vehicle id="cfm_slow_0" eclass="HBEFA3/PC_G_EU4" CO2="92385.57" CO="1941.03" HC="11.15" NOx="42.66" PMx="2.43" fuel="39.71" electricity="0.00" noise="110.38" route="routebottom" type="cfm_slow" waiting="0.00" lane="bottom_0" pos="49.17" speed="37.76" angle="5.99" x="128.94" y="61.94"/>
        <vehicle id="cfm_slow_1" eclass="HBEFA3/PC_G_EU4" CO2="92385.57" CO="1941.03" HC="11.15" NOx="42.66" PMx="2.43" fuel="39.71" electricity="0.00" noise="110.38" route="routebottom" type="cfm_slow" waiting="0.00" lane="right_0" pos="39.17" speed="37.76" angle="294.00" x="85.46" y="125.22"/>
        <vehicle id="cfm_slow_2" eclass="HBEFA3/PC_G_EU4" CO2="92385.57" CO="1941.03" HC="11.15" NOx="42.66" PMx="2.43" fuel="39.71" electricity="0.00" noise="110.38" route="routetop" type="cfm_slow" waiting="0.00" lane="top_0" pos="29.17" speed="37.76" angle="221.96" x="11.85" y="103.40"/>
        <vehicle id="cfm_slow_3" eclass="HBEFA3/PC_G_EU4" CO2="92385.57" CO="1941.03" HC="11.15" NOx="42.66" PMx="2.43" fuel="39.71" electricity="0.00" noise="110.38" route="routetop" type="cfm_slow" waiting="0.00" lane="left_0" pos="19.17" speed="37.76" angle="149.91" x="9.86" y="26.66"/>
        <vehicle id="cfm_slow_4" eclass="HBEFA3/PC_G_EU4" CO2="92385.57" CO="1941.03" HC="11.15" NOx="42.66" PMx="2.43" fuel="39.71" electricity="0.00" noise="110.38" route="routebottom" type="cfm_slow" waiting="0.00" lane="bottom_0" pos="9.17" speed="37.76" angle="77.95" x="82.24" y="1.06"/>
    </timestep>
    <timestep time="2.34">
        <vehicle id="cfm_slow_0" eclass="HBEFA3/PC_G_EU4" CO2="91849.84" CO="1931.17" HC="11.09" NOx="42.40" PMx="2.42" fuel="39.48" electricity="0.00" noise="110.08" route="routebottom" type="cfm_slow" waiting="0.00" lane="bottom_0" pos="49.55" speed="37.84" angle="5.29" x="128.95" y="62.71"/>
        <vehicle id="cfm_slow_1" eclass="HBEFA3/PC_G_EU4" CO2="91849.84" CO="1931.17" HC="11.09" NOx="42.40" PMx="2.42" fuel="39.48" electricity="0.00" noise="110.08" route="routebottom" type="cfm_slow" waiting="0.00" lane="right_0" pos="39.55" speed="37.84" angle="293.32" x="84.73" y="125.48"/>
        <vehicle id="cfm_slow_2" eclass="HBEFA3/PC_G_EU4" CO2="91849.84" CO="1931.17" HC="11.09" NOx="42.40" PMx="2.42" fuel="39.48" electricity="0.00" noise="110.08" route="routetop" type="cfm_slow" waiting="0.00" lane="top_0" pos="29.55" speed="37.84" angle="221.32" x="11.38" y="102.79"/>
        <vehicle id="cfm_slow_3" eclass="HBEFA3/PC_G_EU4" CO2="91849.84" CO="1931.17" HC="11.09" NOx="42.40" PMx="2.42" fuel="39.48" electricity="0.00" noise="110.08" route="routetop" type="cfm_slow" waiting="0.00" lane="left_0" pos="19.55" speed="37.84" angle="149.24" x="10.31" y="26.02"/>
        <vehicle id="cfm_slow_4" eclass="HBEFA3/PC_G_EU4" CO2="91849.84" CO="1931.17" HC="11.09" NOx="42.40" PMx="2.42" fuel="39.48" electricity="0.00" noise="110.08" route="routebottom" type="cfm_slow" waiting="0.00" lane="bottom_0" pos="9.55" speed="37.84" angle="77.26" x="82.98" y="1.29"/>
    </timestep>
    <timestep time="2.35">
        <vehicle id="cfm_slow_0" eclass="HBEFA3/PC_G_EU4" CO2="91315.75" CO="1921.34" HC="11.04" NOx="42.15" PMx="2.40" fuel="39.25" electricity="0.00" noise="109.79" route="routebottom" type="cfm_slow" waiting="0.00" lane="bottom_0" pos="49.93" speed="37.92" angle="4.62" x="128.97" y="63.49"/>
        <vehicle id="cfm_slow_1" eclass="HBEFA3/PC_G_EU4" CO2="91315.75" CO="1921.34" HC="11.04" NOx="42.15" PMx="2.40" fuel="39.25" electricity="0.00" noise="109.79" route="routebottom" type="cfm_slow" waiting="0.00" lane="right_0" pos="39.93" speed="37.92" angle="292.70" x="83.99" y="125.73"/>
        <vehicle id="cfm_slow_2" eclass="HBEFA3/PC_G_EU4" CO2="91315.75" CO="1921.34" HC="11.04" NOx="42.15" PMx="2.40" fuel="39.25" electricity="0.00" noise="109.79" route="routetop" type="cfm_slow" waiting="0.00" lane="top_0" pos="29.93" speed="37.92" angle="220.60" x="10.92" y="102.16"/>
        <vehicle id="cfm_slow_3" eclass="HBEFA3/PC_G_EU4" CO2="91315.75" CO="1921.34" HC="11.04" NOx="42.15" PMx="2.40" fuel="39.25" electricity="0.00" noise="109.79" route="routetop" type="cfm_slow" waiting="0.00" lane="left_0" pos="19.93" speed="37.92" angle="148.55" x="10.76" y="25.39"/>
        <vehicle id="cfm_slow_4" eclass="HBEFA3/PC_G_EU4" CO2="91315.75" CO="1921.34" HC="11.04" NOx="42.15" PMx="2.40" fuel="39.25" electricity="0.00" noise="109.79" route="routebottom" type="cfm_slow" waiting="0.00" lane="bottom_0" pos="9.93" speed="37.92" angle="76.56" x="83.72" y="1.52"/>
    </timestep>
    <timestep time="2.36">
        <vehicle id="cfm_slow_0" eclass="HBEFA3/PC_G_EU4" CO2="90783.36" CO="1911.54" HC="10.98" NOx="41.90" PMx="2.39" fuel="39.02" electricity="0.00" noise="109.49" route="routebottom" type="cfm_slow" waiting="0.00" lane="right_0" pos="0.31" speed="38.01" angle="3.92" x="128.96" y="64.33"/>
        <vehicle id="cfm_slow_1" eclass="HBEFA3/PC_G_EU4" CO2="90783.36" CO="1911.54" HC="10.98" NOx="41.90" PMx="2.39" fuel="39.02" electricity="0.00" noise="109.49" route="routebottom" type="cfm_slow" waiting="0.00" lane="right_0" pos="40.31" speed="38.01" angle="291.98" x="83.25" y="125.96"/>
        <vehicle id="cfm_slow_2" eclass="HBEFA3/PC_G_EU4" CO2="90783.36" CO="1911.54" HC="10.98" NOx="41.90" PMx="2.39" fuel="39.02" electricity="0.00" noise="109.49" route="routetop" type="cfm_slow" waiting="0.00" lane="top_0" pos="30.31" speed="38.01" angle="219.88" x="10.47" y="101.52"/>
        <vehicle id="cfm_slow_3" eclass="HBEFA3/PC_G_EU4" CO2="90783.36" CO="1911.54" HC="10.98" NOx="41.90" PMx="2.39" fuel="39.02" electricity="0.00" noise="109.49" route="routetop" type="cfm_slow" waiting="0.00" lane="left_0" pos="20.31" speed="38.01" angle="147.86" x="11.21" y="24.76"/>
        <vehicle id="cfm_slow_4" eclass="HBEFA3/PC_G_EU4" CO2="90783.36" CO="1911.54" HC="10.98" NOx="41.90" PMx="2.39" fuel="39.02" electricity="0.00" noise="109.49" route="routebottom" type="cfm_slow" waiting="0.00" lane="bottom_0" pos="10.31" speed="38.01" angle="75.94" x="84.47" y="1.75"/>
    </timestep>
    <timestep time="2.37">
        <vehicle id="cfm_slow_0" eclass="HBEFA3/PC_G_EU4" CO2="90252.69" CO="1901.77" HC="10.92" NOx="41.65" PMx="2.38" fuel="38.80" electricity="0.00" noise="109.20" route="routebottom" type="cfm_slow" waiting="0.00" lane="right_0" pos="0.69" speed="38.09" angle="3.23" x="128.94" y="65.11"/>
        <vehicle id="cfm_slow_1" eclass="HBEFA3/PC_G_EU4" CO2="90252.69" CO="1901.77" HC="10.92" NOx="41.65" PMx="2.38" fuel="38.80" electricity="0.00" noise="109.20" route="routebottom" type="cfm_slow" waiting="0.00" lane="right_0" pos="40.69" speed="38.09" angle="291.27" x="82.50" y="126.19"/>
        <vehicle id="cfm_slow_2" eclass="HBEFA3/PC_G_EU4" CO2="90252.69" CO="1901.77" HC="10.92" NOx="41.65" PMx="2.38" fuel="38.80" electricity="0.00" noise="109.20" route="routetop" type="cfm_slow" waiting="0.00" lane="top_0" pos="30.69" speed="38.09" angle="219.19" x="10.01" y="100.89"/>
        <vehicle id="cfm_slow_3" eclass="HBEFA3/PC_G_EU4" CO2="90252.69" CO="1901.77" HC="10.92" NOx="41.65" PMx="2.38" fuel="38.80" electricity="0.00" noise="109.20" route="routetop" type="cfm_slow" waiting="0.00" lane="left_0" pos="20.69" speed="38.09" angle="147.23" x="11.68" y="24.13"/>
        <vehicle id="cfm_slow_4" eclass="HBEFA3/PC_G_EU4" CO2="90252.69" CO="1901.77" HC="10.92" NOx="41.65" PMx="2.38" fuel="38.80" electricity="0.00" noise="109.20" route="routebottom" type="cfm_slow" waiting="0.00" lane="bottom_0" pos="10.69" speed="38.09" angle="75.23" x="85.20" y="2.02"/>
    </timestep>
    <timestep time="2.38">
        <vehicle id="cfm_slow_0" eclass="HBEFA3/PC_G_EU4" CO2="89723.80" CO="1892.03" HC="10.86" NOx="41.40" PMx="2.36" fuel="38.57" electricity="0.00" noise="108.91" route="routebottom" type="cfm_slow" waiting="0.00" lane="right_0" pos="1.07" speed="38.17" angle="2.53" x="128.93" y="65.89"/>
        <vehicle id="cfm_slow_1" eclass="HBEFA3/PC_G_EU4" CO2="89723.80" CO="1892.03" HC="10.86" NOx="41.40" PMx="2.36" fuel="38.57" electricity="0.00" noise="108.91" route="routebottom" type="cfm_slow" waiting="0.00" lane="right_0" pos="41.07" speed="38.17" angle="290.62" x="81.75" y="126.42"/>
        <vehicle id="cfm_slow_2" eclass="HBEFA3/PC_G_EU4" CO2="89723.80" CO="1892.03" HC="10.86" NOx="41.40" PMx="2.36" fuel="38.57" electricity="0.00" noise="108.91" route="routetop" type="cfm_slow" waiting="0.00" lane="top_0" pos="31.07" speed="38.17" angle="218.53" x="9.57" y="100.24"/>
        <vehicle id="cfm_slow_3" eclass="HBEFA3/PC_G_EU4" CO2="89723.80" CO="1892.03" HC="10.86" NOx="41.40" PMx="2.36" fuel="38.57" electricity="0.00" noise="108.91" route="routetop" type="cfm_slow" waiting="0.00" lane="left_0" pos="21.07" speed="38.17" angle="146.54" x="12.16" y="23.52"/>
        <vehicle id="cfm_slow_4" eclass="HBEFA3/PC_G_EU4" CO2="89723.80" CO="1892.03" HC="10.86" NOx="41.40" PMx="2.36" fuel="38.57" electricity="0.00" noise="108.91" route="routebottom" type="cfm_slow" waiting="0.00" lane="bottom_0" pos="11.07" speed="38.17" angle="74.52" x="85.94" y="2.28"/>
    </timestep>
    <timestep time="2.39">
        <vehicle id="cfm_slow_0" eclass="HBEFA3/PC_G_EU4" CO2="89196.72" CO="1882.32" HC="10.81" NOx="41.14" PMx="2.35" fuel="38.34" electricity="0.00" noise="108.63" route="routebottom" type="cfm_slow" waiting="0.00" lane="right_0" pos="1.46" speed="38.25" angle="1.88" x="128.90" y="66.68"/>
        <vehicle id="cfm_slow_1" eclass="HBEFA3/PC_G_EU4" CO2="89196.72" CO="1882.32" HC="10.81" NOx="41.14" PMx="2.35" fuel="38.34" electricity="0.00" noise="108.63" route="routebottom" type="cfm_slow" waiting="0.00" lane="right_0" pos="41.46" speed="38.25" angle="289.90" x="81.00" y="126.62"/>
        <vehicle id="cfm_slow_2" eclass="HBEFA3/PC_G_EU4" CO2="89196.72" CO="1882.32" HC="10.81" NOx="41.14" PMx="2.35" fuel="38.34" electricity="0.00" noise="108.63" route="routetop" type="cfm_slow" waiting="0.00" lane="top_0" pos="31.46" speed="38.25" angle="217.84" x="9.14" y="99.59"/>
        <vehicle id="cfm_slow_3" eclass="HBEFA3/PC_G_EU4" CO2="89196.72" CO="1882.32" HC="10.81" NOx="41.14" PMx="2.35" fuel="38.34" electricity="0.00" noise="108.63" route="routetop" type="cfm_slow" waiting="0.00" lane="left_0" pos="21.46" speed="38.25" angle="145.85" x="12.65" y="22.90"/>
        <vehicle id="cfm_slow_4" eclass="HBEFA3/PC_G_EU4" CO2="89196.72" CO="1882.32" HC="10.81" NOx="41.14" PMx="2.35" fuel="38.34" electricity="0.00" noise="108.63" route="routebottom" type="cfm_slow" waiting="0.00" lane="bottom_0" pos="11.46" speed="38.25" angle="73.84" x="86.67" y="2.55"/>
    </timestep>
    <timestep time="2.40">
        <vehicle id="cfm_slow_0" eclass="HBEFA3/PC_G_EU4" CO2="88671.49" CO="1872.65" HC="10.75" NOx="40.90" PMx="2.34" fuel="38.12" electricity="0.00" noise="108.35" route="routebottom" type="cfm_slow" waiting="0.00" lane="right_0" pos="1.84" speed="38.33" angle="1.18" x="128.85" y="67.46"/>
        <vehicle id="cfm_slow_1" eclass="HBEFA3/PC_G_EU4" CO2="88671.49" CO="1872.65" HC="10.75" NOx="40.90" PMx="2.34" fuel="38.12" electricity="0.00" noise="108.35" route="routebottom" type="cfm_slow" waiting="0.00" lane="right_0" pos="41.84" speed="38.33" angle="289.18" x="80.24" y="126.82"/>
        <vehicle id="cfm_slow_2" eclass="HBEFA3/PC_G_EU4" CO2="88671.49" CO="1872.65" HC="10.75" NOx="40.90" PMx="2.34" fuel="38.12" electricity="0.00" noise="108.35" route="routetop" type="cfm_slow" waiting="0.00" lane="top_0" pos="31.84" speed="38.33" angle="217.15" x="8.70" y="98.94"/>
        <vehicle id="cfm_slow_3" eclass="HBEFA3/PC_G_EU4" CO2="88671.49" CO="1872.65" HC="10.75" NOx="40.90" PMx="2.34" fuel="38.12" electricity="0.00" noise="108.35" route="routetop" type="cfm_slow" waiting="0.00" lane="left_0" pos="21.84" speed="38.33" angle="145.20" x="13.13" y="22.28"/>
        <vehicle id="cfm_slow_4" eclass="HBEFA3/PC_G_EU4" CO2="88671.49" CO="1872.65" HC="10.75" NOx="40.90" PMx="2.34" fuel="38.12" electricity="0.00" noise="108.35" route="routebottom" type="cfm_slow" waiting="0.00" lane="bottom_0" pos="11.84" speed="38.33" angle="73.17" x="87.41" y="2.83"/>
    </timestep>
    <timestep time="2.41">
        <vehicle id="cfm_slow_0" eclass="HBEFA3/PC_G_EU4" CO2="88148.15" CO="1863.01" HC="10.69" NOx="40.65" PMx="2.32" fuel="37.89" electricity="0.00" noise="108.07" route="routebottom" type="cfm_slow" waiting="0.00" lane="right_0" pos="2.22" speed="38.41" angle="0.48" x="128.81" y="68.25"/>
        <vehicle id="cfm_slow_1" eclass="HBEFA3/PC_G_EU4" CO2="88148.15" CO="1863.01" HC="10.69" NOx="40.65" PMx="2.32" fuel="37.89" electricity="0.00" noise="108.07" route="routebottom" type="cfm_slow" waiting="0.00" lane="right_0" pos="42.22" speed="38.41" angle="288.47" x="79.48" y="127.02"/>
        <vehicle id="cfm_slow_2" eclass="HBEFA3/PC_G_EU4" CO2="88148.15" CO="1863.01" HC="10.69" NOx="40.65" PMx="2.32" fuel="37.89" electricity="0.00" noise="108.07" route="routetop" type="cfm_slow" waiting="0.00" lane="top_0" pos="32.22" speed="38.41" angle="216.52" x="8.28" y="98.27"/>
        <vehicle id="cfm_slow_3" eclass="HBEFA3/PC_G_EU4" CO2="88148.15" CO="1863.01" HC="10.69" NOx="40.65" PMx="2.32" fuel="37.89" electricity="0.00" noise="108.07" route="routetop" type="cfm_slow" waiting="0.00" lane="left_0" pos="22.22" speed="38.41" angle="144.48" x="13.65" y="21.68"/>
        <vehicle id="cfm_slow_4" eclass="HBEFA3/PC_G_EU4" CO2="88148.15" CO="1863.01" HC="10.69" NOx="40.65" PMx="2.32" fuel="37.89" electricity="0.00" noise="108.07" route="routebottom" type="cfm_slow" waiting="0.00" lane="bottom_0" pos="12.22" speed="38.41" angle="72.48" x="88.14" y="3.12"/>
    </timestep>
    <timestep time="2.42">
        <vehicle id="cfm_slow_0" eclass="HBEFA3/PC_G_EU4" CO2="87626.73" CO="1853.40" HC="10.64" NOx="40.40" PMx="2.31" fuel="37.67" electricity="0.00" noise="107.79" route="routebottom" type="cfm_slow" waiting="0.00" lane="right_0" pos="2.61" speed="38.48" angle="359.83" x="128.76" y="69.03"/>
        <vehicle id="cfm_slow_1" eclass="HBEFA3/PC_G_EU4" CO2="87626.73" CO="1853.40" HC="10.64" NOx="40.40" PMx="2.31" fuel="37.67" electricity="0.00" noise="107.79" route="routebottom" type="cfm_slow" waiting="0.00" lane="right_0" pos="42.61" speed="38.48" angle="287.83" x="78.71" y="127.21"/>
        <vehicle id="cfm_slow_2" eclass="HBEFA3/PC_G_EU4" CO2="87626.73" CO="1853.40" HC="10.64" NOx="40.40" PMx="2.31" fuel="37.67" electricity="0.00" noise="107.79" route="routetop" type="cfm_slow" waiting="0.00" lane="top_0" pos="32.61" speed="38.48" angle="215.82" x="7.87" y="97.60"/>
        <vehicle id="cfm_slow_3" eclass="HBEFA3/PC_G_EU4" CO2="87626.73" CO="1853.40" HC="10.64" NOx="40.40" PMx="2.31" fuel="37.67" electricity="0.00" noise="107.79" route="routetop" type="cfm_slow" waiting="0.00" lane="left_0" pos="22.61" speed="38.48" angle="143.76" x="14.16" y="21.08"/>
        <vehicle id="cfm_slow_4" eclass="HBEFA3/PC_G_EU4" CO2="87626.73" CO="1853.40" HC="10.64" NOx="40.40" PMx="2.31" fuel="37.67" electricity="0.00" noise="107.79" route="routebottom" type="cfm_slow" waiting="0.00" lane="bottom_0" pos="12.61" speed="38.48" angle="71.79" x="88.87" y="3.42"/>
    </timestep>
    <timestep time="2.43">
        <vehicle id="cfm_slow_0" eclass="HBEFA3/PC_G_EU4" CO2="87107.26" CO="1843.83" HC="10.58" NOx="40.15" PMx="2.30" fuel="37.44" electricity="0.00" noise="107.51" route="routebottom" type="cfm_slow" waiting="0.00" lane="right_0" pos="2.99" speed="38.56" angle="359.13" x="128.68" y="69.82"/>
        <vehicle id="cfm_slow_1" eclass="HBEFA3/PC_G_EU4" CO2="87107.26" CO="1843.83" HC="10.58" NOx="40.15" PMx="2.30" fuel="37.44" electricity="0.00" noise="107.51" route="routebottom" type="cfm_slow" waiting="0.00" lane="right_0" pos="42.99" speed="38.56" angle="287.15" x="77.94" y="127.38"/>
        <vehicle id="cfm_slow_2" eclass="HBEFA3/PC_G_EU4" CO2="87107.26" CO="1843.83" HC="10.58" NOx="40.15" PMx="2.30" fuel="37.44" electricity="0.00" noise="107.51" route="routetop" type="cfm_slow" waiting="0.00" lane="top_0" pos="32.99" speed="38.56" angle="215.12" x="7.46" y="96.92"/>
        <vehicle id="cfm_slow_3" eclass="HBEFA3/PC_G_EU4" CO2="87107.26" CO="1843.83" HC="10.58" NOx="40.15" PMx="2.30" fuel="37.44" electricity="0.00" noise="107.51" route="routetop" type="cfm_slow" waiting="0.00" lane="left_0" pos="22.99" speed="38.56" angle="143.07" x="14.67" y="20.48"/>
        <vehicle id="cfm_slow_4" eclass="HBEFA3/PC_G_EU4" CO2="87107.26" CO="1843.83" HC="10.58" NOx="40.15" PMx="2.30" fuel="37.44" electricity="0.00" noise="107.51" route="routebottom" type="cfm_slow" waiting="0.00" lane="bottom_0" pos="12.99" speed="38.56" angle="71.15" x="89.60" y="3.72"/>
    </timestep>
    <timestep time="2.44">
        <vehicle id="cfm_slow_0" eclass="HBEFA3/PC_G_EU4" CO2="86589.79" CO="1834.29" HC="10.52" NOx="39.91" PMx="2.28" fuel="37.22" electricity="0.00" noise="107.24" route="routebottom" type="cfm_slow" waiting="0.00" lane="right_0" pos="3.38" speed="38.64" angle="358.42" x="128.59" y="70.61"/>
        <vehicle id="cfm_slow_1" eclass="HBEFA3/PC_G_EU4" CO2="86589.79" CO="1834.29" HC="10.52" NOx="39.91" PMx="2.28" fuel="37.22" electricity="0.00" noise="107.24" route="routebottom" type="cfm_slow" waiting="0.00" lane="right_0" pos="43.38" speed="38.64" angle="286.47" x="77.16" y="127.56"/>
        <vehicle id="cfm_slow_2" eclass="HBEFA3/PC_G_EU4" CO2="86589.79" CO="1834.29" HC="10.52" NOx="39.91" PMx="2.28" fuel="37.22" electricity="0.00" noise="107.24" route="routetop" type="cfm_slow" waiting="0.00" lane="top_0" pos="33.38" speed="38.64" angle="214.48" x="7.06" y="96.24"/>
        <vehicle id="cfm_slow_3" eclass="HBEFA3/PC_G_EU4" CO2="86589.79" CO="1834.29" HC="10.52" NOx="39.91" PMx="2.28" fuel="37.22" electricity="0.00" noise="107.24" route="routetop" type="cfm_slow" waiting="0.00" lane="left_0" pos="23.38" speed="38.64" angle="142.41" x="15.20" y="19.89"/>
        <vehicle id="cfm_slow_4" eclass="HBEFA3/PC_G_EU4" CO2="86589.79" CO="1834.29" HC="10.52" NOx="39.91" PMx="2.28" fuel="37.22" electricity="0.00" noise="107.24" route="routebottom" type="cfm_slow" waiting="0.00" lane="bottom_0" pos="13.38" speed="38.64" angle="70.44" x="90.32" y="4.05"/>
    </timestep>
    <timestep time="2.45">
        <vehicle id="cfm_slow_0" eclass="HBEFA3/PC_G_EU4" CO2="86074.33" CO="1824.79" HC="10.47" NOx="39.66" PMx="2.27" fuel="37.00" electricity="0.00" noise="106.97" route="routebottom" type="cfm_slow" waiting="0.00" lane="right_0" pos="3.77" speed="38.71" angle="357.73" x="128.51" y="71.40"/>
        <vehicle id="cfm_slow_1" eclass="HBEFA3/PC_G_EU4" CO2="86074.33" CO="1824.79" HC="10.47" NOx="39.66" PMx="2.27" fuel="37.00" electricity="0.00" noise="106.97" route="routebottom" type="cfm_slow" waiting="0.00" lane="right_0" pos="43.77" speed="38.71" angle="285.81" x="76.39" y="127.72"/>
        <vehicle id="cfm_slow_2" eclass="HBEFA3/PC_G_EU4" CO2="86074.33" CO="1824.79" HC="10.47" NOx="39.66" PMx="2.27" fuel="37.00" electricity="0.00" noise="106.97" route="routetop" type="cfm_slow" waiting="0.00" lane="top_0" pos="33.77" speed="38.71" angle="213.77" x="6.67" y="95.54"/>
        <vehicle id="cfm_slow_3" eclass="HBEFA3/PC_G_EU4" CO2="86074.33" CO="1824.79" HC="10.47" NOx="39.66" PMx="2.27" fuel="37.00" electricity="0.00" noise="106.97" route="routetop" type="cfm_slow" waiting="0.00" lane="left_0" pos="23.77" speed="38.71" angle="141.72" x="15.74" y="19.31"/>
        <vehicle id="cfm_slow_4" eclass="HBEFA3/PC_G_EU4" CO2="86074.33" CO="1824.79" HC="10.47" NOx="39.66" PMx="2.27" fuel="37.00" electricity="0.00" noise="106.97" route="routebottom" type="cfm_slow" waiting="0.00" lane="bottom_0" pos="13.77" speed="38.71" angle="69.73" x="91.05" y="4.37"/>
    </timestep>
    <timestep time="2.46">
        <vehicle id="cfm_slow_0" eclass="HBEFA3/PC_G_EU4" CO2="85560.92" CO="1815.33" HC="10.41" NOx="39.42" PMx="2.26" fuel="36.78" electricity="0.00" noise="106.70" route="routebottom" type="cfm_slow" waiting="0.00" lane="right_0" pos="4.16" speed="38.79" angle="357.05" x="128.41" y="72.19"/>
        <vehicle id="cfm_slow_1" eclass="HBEFA3/PC_G_EU4" CO2="85560.92" CO="1815.33" HC="10.41" NOx="39.42" PMx="2.26" fuel="36.78" electricity="0.00" noise="106.70" route="routebottom" type="cfm_slow" waiting="0.00" lane="right_0" pos="44.16" speed="38.79" angle="285.06" x="75.60" y="127.86"/>
        <vehicle id="cfm_slow_2" eclass="HBEFA3/PC_G_EU4" CO2="85560.92" CO="1815.33" HC="10.41" NOx="39.42" PMx="2.26" fuel="36.78" electricity="0.00" noise="106.70" route="routetop" type="cfm_slow" waiting="0.00" lane="top_0" pos="34.16" speed="38.79" angle="213.06" x="6.29" y="94.85"/>
        <vehicle id="cfm_slow_3" eclass="HBEFA3/PC_G_EU4" CO2="85560.92" CO="1815.33" HC="10.41" NOx="39.42" PMx="2.26" fuel="36.78" electricity="0.00" noise="106.70" route="routetop" type="cfm_slow" waiting="0.00" lane="left_0" pos="24.16" speed="38.79" angle="141.02" x="16.28" y="18.73"/>
        <vehicle id="cfm_slow_4" eclass="HBEFA3/PC_G_EU4" CO2="85560.92" CO="1815.33" HC="10.41" NOx="39.42" PMx="2.26" fuel="36.78" electricity="0.00" noise="106.70" route="routebottom" type="cfm_slow" waiting="0.00" lane="bottom_0" pos="14.16" speed="38.79" angle="69.07" x="91.77" y="4.71"/>
    </timestep>
    <timestep time="2.47">
        <vehicle id="cfm_slow_0" eclass="HBEFA3/PC_G_EU4" CO2="85049.59" CO="1805.91" HC="10.36" NOx="39.18" PMx="2.24" fuel="36.56" electricity="0.00" noise="106.44" route="routebottom" type="cfm_slow" waiting="0.00" lane="right_0" pos="4.54" speed="38.86" angle="356.34" x="128.30" y="72.98"/>
        <vehicle id="cfm_slow_1" eclass="HBEFA3/PC_G_EU4" CO2="85049.59" CO="1805.91" HC="10.36" NOx="39.18" PMx="2.24" fuel="36.56" electricity="0.00" noise="106.44" route="routebottom" type="cfm_slow" waiting="0.00" lane="right_0" pos="44.54" speed="38.86" angle="284.30" x="74.82" y="128.01"/>
        <vehicle id="cfm_slow_2" eclass="HBEFA3/PC_G_EU4" CO2="85049.59" CO="1805.91" HC="10.36" NOx="39.18" PMx="2.24" fuel="36.56" electricity="0.00" noise="106.44" route="routetop" type="cfm_slow" waiting="0.00" lane="top_0" pos="34.54" speed="38.86" angle="212.37" x="5.90" y="94.15"/>
        <vehicle id="cfm_slow_3" eclass="HBEFA3/PC_G_EU4" CO2="85049.59" CO="1805.91" HC="10.36" NOx="39.18" PMx="2.24" fuel="36.56" electricity="0.00" noise="106.44" route="routetop" type="cfm_slow" waiting="0.00" lane="left_0" pos="24.54" speed="38.86" angle="140.36" x="16.83" y="18.15"/>
        <vehicle id="cfm_slow_4" eclass="HBEFA3/PC_G_EU4" CO2="85049.59" CO="1805.91" HC="10.36" NOx="39.18" PMx="2.24" fuel="36.56" electricity="0.00" noise="106.44" route="routebottom" type="cfm_slow" waiting="0.00" lane="bottom_0" pos="14.54" speed="38.86" angle="68.34" x="92.48" y="5.06"/>
    </timestep>
    <timestep time="2.48">
        <vehicle id="cfm_slow_0" eclass="HBEFA3/PC_G_EU4" CO2="84540.37" CO="1796.52" HC="10.30" NOx="38.93" PMx="2.23" fuel="36.34" electricity="0.00" noise="106.18" route="routebottom" type="cfm_slow" waiting="0.00" lane="right_0" pos="4.93" speed="38.94" angle="355.63" x="128.18" y="73.77"/>
        <vehicle id="cfm_slow_1" eclass="HBEFA3/PC_G_EU4" CO2="84540.37" CO="1796.52" HC="10.30" NOx="38.93" PMx="2.23" fuel="36.34" electricity="0.00" noise="106.18" route="routebottom" type="cfm_slow" waiting="0.00" lane="right_0" pos="44.93" speed="38.94" angle="283.63" x="74.03" y="128.14"/>
        <vehicle id="cfm_slow_2" eclass="HBEFA3/PC_G_EU4" CO2="84540.37" CO="1796.52" HC="10.30" NOx="38.93" PMx="2.23" fuel="36.34" electricity="0.00" noise="106.18" route="routetop" type="cfm_slow" waiting="0.00" lane="top_0" pos="34.93" speed="38.94" angle="211.70" x="5.54" y="93.44"/>
        <vehicle id="cfm_slow_3" eclass="HBEFA3/PC_G_EU4" CO2="84540.37" CO="1796.52" HC="10.30" NOx="38.93" PMx="2.23" fuel="36.34" electricity="0.00" noise="106.18" route="routetop" type="cfm_slow" waiting="0.00" lane="left_0" pos="24.93" speed="38.94" angle="139.63" x="17.39" y="17.59"/>
        <vehicle id="cfm_slow_4" eclass="HBEFA3/PC_G_EU4" CO2="84540.37" CO="1796.52" HC="10.30" NOx="38.93" PMx="2.23" fuel="36.34" electricity="0.00" noise="106.18" route="routebottom" type="cfm_slow" waiting="0.00" lane="bottom_0" pos="14.93" speed="38.94" angle="67.61" x="93.20" y="5.42"/>
    </timestep>
    <timestep time="2.49">
        <vehicle id="cfm_slow_0" eclass="HBEFA3/PC_G_EU4" CO2="84033.28" CO="1787.17" HC="10.25" NOx="38.69" PMx="2.22" fuel="36.12" electricity="0.00" noise="105.92" route="routebottom" type="cfm_slow" waiting="0.00" lane="right_0" pos="5.32" speed="39.01" angle="354.94" x="128.05" y="74.56"/>
        <vehicle id="cfm_slow_1" eclass="HBEFA3/PC_G_EU4" CO2="84033.28" CO="1787.17" HC="10.25" NOx="38.69" PMx="2.22" fuel="36.12" electricity="0.00" noise="105.92" route="routebottom" type="cfm_slow" waiting="0.00" lane="right_0" pos="45.32" speed="39.01" angle="282.91" x="73.24" y="128.26"/>
        <vehicle id="cfm_slow_2" eclass="HBEFA3/PC_G_EU4" CO2="84033.28" CO="1787.17" HC="10.25" NOx="38.69" PMx="2.22" fuel="36.12" electricity="0.00" noise="105.92" route="routetop" type="cfm_slow" waiting="0.00" lane="top_0" pos="35.32" speed="39.01" angle="210.98" x="5.18" y="92.72"/>
        <vehicle id="cfm_slow_3" eclass="HBEFA3/PC_G_EU4" CO2="84033.28" CO="1787.17" HC="10.25" NOx="38.69" PMx="2.22" fuel="36.12" electricity="0.00" noise="105.92" route="routetop" type="cfm_slow" waiting="0.00" lane="left_0" pos="25.32" speed="39.01" angle="138.91" x="17.96" y="17.02"/>
        <vehicle id="cfm_slow_4" eclass="HBEFA3/PC_G_EU4" CO2="84033.28" CO="1787.17" HC="10.25" NOx="38.69" PMx="2.22" fuel="36.12" electricity="0.00" noise="105.92" route="routebottom" type="cfm_slow" waiting="0.00" lane="bottom_0" pos="15.32" speed="39.01" angle="66.92" x="93.91" y="5.78"/>
    </timestep>
    <timestep time="2.50">
        <vehicle id="cfm_slow_0" eclass="HBEFA3/PC_G_EU4" CO2="83528.35" CO="1777.86" HC="10.19" NOx="38.45" PMx="2.21" fuel="35.90" electricity="0.00" noise="105.66" route="routebottom" type="cfm_slow" waiting="0.00" lane="right_0" pos="5.71" speed="39.08" angle="354.22" x="127.91" y="75.34"/>
        <vehicle id="cfm_slow_1" eclass="HBEFA3/PC_G_EU4" CO2="83528.35" CO="1777.86" HC="10.19" NOx="38.45" PMx="2.21" fuel="35.90" electricity="0.00" noise="105.66" route="routebottom" type="cfm_slow" waiting="0.00" lane="right_0" pos="45.71" speed="39.08" angle="282.20" x="72.45" y="128.37"/>
        <vehicle id="cfm_slow_2" eclass="HBEFA3/PC_G_EU4" CO2="83528.35" CO="1777.86" HC="10.19" NOx="38.45" PMx="2.21" fuel="35.90" electricity="0.00" noise="105.66" route="routetop" type="cfm_slow" waiting="0.00" lane="top_0" pos="35.71" speed="39.08" angle="210.27" x="4.82" y="92.01"/>
        <vehicle id="cfm_slow_3" eclass="HBEFA3/PC_G_EU4" CO2="83528.35" CO="1777.86" HC="10.19" NOx="38.45" PMx="2.21" fuel="35.90" electricity="0.00" noise="105.66" route="routetop" type="cfm_slow" waiting="0.00" lane="left_0" pos="25.71" speed="39.08" angle="138.24" x="18.53" y="16.46"/>
        <vehicle id="cfm_slow_4" eclass="HBEFA3/PC_G_EU4" CO2="83528.35" CO="1777.86" HC="10.19" NOx="38.45" PMx="2.21" fuel="35.90" electricity="0.00" noise="105.66" route="routebottom" type="cfm_slow" waiting="0.00" lane="bottom_0" pos="15.71" speed="39.08" angle="66.23" x="94.62" y="6.16"/>
    </timestep>
    <timestep time="2.51">
        <vehicle id="cfm_slow_0" eclass="HBEFA3/PC_G_EU4" CO2="83025.60" CO="1768.59" HC="10.14" NOx="38.22" PMx="2.19" fuel="35.69" electricity="0.00" noise="105.40" route="routebottom" type="cfm_slow" waiting="0.00" lane="right_0" pos="6.11" speed="39.16" angle="353.50" x="127.77" y="76.13"/>
        <vehicle id="cfm_slow_1" eclass="HBEFA3/PC_G_EU4" CO2="83025.60" CO="1768.59" HC="10.14" NOx="38.22" PMx="2.19" fuel="35.69" electricity="0.00" noise="105.40" route="routebottom" type="cfm_slow" waiting="0.00" lane="right_0" pos="46.11" speed="39.16" angle="281.52" x="71.65" y="128.48"/>
        <vehicle id="cfm_slow_2" eclass="HBEFA3/PC_G_EU4" CO2="83025.60" CO="1768.59" HC="10.14" NOx="38.22" PMx="2.19" fuel="35.69" electricity="0.00" noise="105.40" route="routetop" type="cfm_slow" waiting="0.00" lane="top_0" pos="36.11" speed="39.16" angle="209.60" x="4.48" y="91.28"/>
        <vehicle id="cfm_slow_3" eclass="HBEFA3/PC_G_EU4" CO2="83025.60" CO="1768.59" HC="10.14" NOx="38.22" PMx="2.19" fuel="35.69" electricity="0.00" noise="105.40" route="routetop" type="cfm_slow" waiting="0.00" lane="left_0" pos="26.11" speed="39.16" angle="137.52" x="19.12" y="15.91"/>
        <vehicle id="cfm_slow_4" eclass="HBEFA3/PC_G_EU4" CO2="83025.60" CO="1768.59" HC="10.14" NOx="38.22" PMx="2.19" fuel="35.69" electricity="0.00" noise="105.40" route="routebottom" type="cfm_slow" waiting="0.00" lane="bottom_0" pos="16.11" speed="39.16" angle="65.52" x="95.32" y="6.55"/>
    </timestep>
    <timestep time="2.52">
        <vehicle id="cfm_slow_0" eclass="HBEFA3/PC_G_EU4" CO2="82525.07" CO="1759.36" HC="10.08" NOx="37.98" PMx="2.18" fuel="35.47" electricity="0.00" noise="105.15" route="routebottom" type="cfm_slow" waiting="0.00" lane="right_0" pos="6.50" speed="39.23" angle="352.82" x="127.61" y="76.92"/>
        <vehicle id="cfm_slow_1" eclass="HBEFA3/PC_G_EU4" CO2="82525.07" CO="1759.36" HC="10.08" NOx="37.98" PMx="2.18" fuel="35.47" electricity="0.00" noise="105.15" route="routebottom" type="cfm_slow" waiting="0.00" lane="right_0" pos="46.50" speed="39.23" angle="280.84" x="70.85" y="128.57"/>
        <vehicle id="cfm_slow_2" eclass="HBEFA3/PC_G_EU4" CO2="82525.07" CO="1759.36" HC="10.08" NOx="37.98" PMx="2.18" fuel="35.47" electricity="0.00" noise="105.15" route="routetop" type="cfm_slow" waiting="0.00" lane="top_0" pos="36.50" speed="39.23" angle="208.85" x="4.15" y="90.55"/>
        <vehicle id="cfm_slow_3" eclass="HBEFA3/PC_G_EU4" CO2="82525.07" CO="1759.36" HC="10.08" NOx="37.98" PMx="2.18" fuel="35.47" electricity="0.00" noise="105.15" route="routetop" type="cfm_slow" waiting="0.00" lane="left_0" pos="26.50" speed="39.23" angle="136.79" x="19.71" y="15.37"/>
        <vehicle id="cfm_slow_4" eclass="HBEFA3/PC_G_EU4" CO2="82525.07" CO="1759.36" HC="10.08" NOx="37.98" PMx="2.18" fuel="35.47" electricity="0.00" noise="105.15" route="routebottom" type="cfm_slow" waiting="0.00" lane="bottom_0" pos="16.50" speed="39.23" angle="64.81" x="96.02" y="6.94"/>
    </timestep>
    <timestep time="2.53">
        <vehicle id="cfm_slow_0" eclass="HBEFA3/PC_G_EU4" CO2="82026.76" CO="1750.17" HC="10.03" NOx="37.74" PMx="2.17" fuel="35.26" electricity="0.00" noise="104.90" route="routebottom" type="cfm_slow" waiting="0.00" lane="right_0" pos="6.89" speed="39.30" angle="352.07" x="127.43" y="77.71"/>
        <vehicle id="cfm_slow_1" eclass="HBEFA3/PC_G_EU4" CO2="82026.76" CO="1750.17" HC="10.03" NOx="37.74" PMx="2.17" fuel="35.26" electricity="0.00" noise="104.90" route="routebottom" type="cfm_slow" waiting="0.00" lane="right_0" pos="46.89" speed="39.30" angle="280.14" x="70.05" y="128.65"/>
        <vehicle id="cfm_slow_2" eclass="HBEFA3/PC_G_EU4" CO2="82026.76" CO="1750.17" HC="10.03" NOx="37.74" PMx="2.17" fuel="35.26" electricity="0.00" noise="104.90" route="routetop" type="cfm_slow" waiting="0.00" lane="top_0" pos="36.89" speed="39.30" angle="208.11" x="3.82" y="89.81"/>
        <vehicle id="cfm_slow_3" eclass="HBEFA3/PC_G_EU4" CO2="82026.76" CO="1750.17" HC="10.03" NOx="37.74" PMx="2.17" fuel="35.26" electricity="0.00" noise="104.90" route="routetop" type="cfm_slow" waiting="0.00" lane="left_0" pos="26.89" speed="39.30" angle="136.11" x="20.30" y="14.82"/>
        <vehicle id="cfm_slow_4" eclass="HBEFA3/PC_G_EU4" CO2="82026.76" CO="1750.17" HC="10.03" NOx="37.74" PMx="2.17" fuel="35.26" electricity="0.00" noise="104.90" route="routebottom" type="cfm_slow" waiting="0.00" lane="bottom_0" pos="16.89" speed="39.30" angle="64.13" x="96.72" y="7.34"/>
    </timestep>
    <timestep time="2.54">
        <vehicle id="cfm_slow_0" eclass="HBEFA3/PC_G_EU4" CO2="81530.70" CO="1741.02" HC="9.98" NOx="37.51" PMx="2.16" fuel="35.05" electricity="0.00" noise="104.65" route="routebottom" type="cfm_slow" waiting="0.00" lane="right_0" pos="7.29" speed="39.37" angle="351.31" x="127.25" y="78.50"/>
        <vehicle id="cfm_slow_1" eclass="HBEFA3/PC_G_EU4" CO2="81530.70" CO="1741.02" HC="9.98" NOx="37.51" PMx="2.16" fuel="35.05" electricity="0.00" noise="104.65" route="routebottom" type="cfm_slow" waiting="0.00" lane="right_0" pos="47.29" speed="39.37" angle="279.44" x="69.25" y="128.73"/>
        <vehicle id="cfm_slow_2" eclass="HBEFA3/PC_G_EU4" CO2="81530.70" CO="1741.02" HC="9.98" NOx="37.51" PMx="2.16" fuel="35.05" electricity="0.00" noise="104.65" route="routetop" type="cfm_slow" waiting="0.00" lane="top_0" pos="37.29" speed="39.37" angle="207.43" x="3.50" y="89.07"/>
        <vehicle id="cfm_slow_3" eclass="HBEFA3/PC_G_EU4" CO2="81530.70" CO="1741.02" HC="9.98" NOx="37.51" PMx="2.16" fuel="35.05" electricity="0.00" noise="104.65" route="routetop" type="cfm_slow" waiting="0.00" lane="left_0" pos="27.29" speed="39.37" angle="135.40" x="20.92" y="14.30"/>
        <vehicle id="cfm_slow_4" eclass="HBEFA3/PC_G_EU4" CO2="81530.70" CO="1741.02" HC="9.98" NOx="37.51" PMx="2.16" fuel="35.05" electricity="0.00" noise="104.65" route="routebottom" type="cfm_slow" waiting="0.00" lane="bottom_0" pos="17.29" speed="39.37" angle="63.38" x="97.41" y="7.76"/>
    </timestep>
    <timestep time="2.55">
        <vehicle id="cfm_slow_0" eclass="HBEFA3/PC_G_EU4" CO2="81036.92" CO="1731.91" HC="9.92" NOx="37.27" PMx="2.14" fuel="34.83" electricity="0.00" noise="104.40" route="routebottom" type="cfm_slow" waiting="0.00" lane="right_0" pos="7.68" speed="39.44" angle="350.62" x="127.07" y="79.28"/>
        <vehicle id="cfm_slow_1" eclass="HBEFA3/PC_G_EU4" CO2="81036.92" CO="1731.91" HC="9.92" NOx="37.27" PMx="2.14" fuel="34.83" electricity="0.00" noise="104.40" route="routebottom" type="cfm_slow" waiting="0.00" lane="right_0" pos="47.68" speed="39.44" angle="278.75" x="68.44" y="128.80"/>
        <vehicle id="cfm_slow_2" eclass="HBEFA3/PC_G_EU4" CO2="81036.92" CO="1731.91" HC="9.92" NOx="37.27" PMx="2.14" fuel="34.83" electricity="0.00" noise="104.40" route="routetop" type="cfm_slow" waiting="0.00" lane="top_0" pos="37.68" speed="39.44" angle="206.69" x="3.20" y="88.32"/>
        <vehicle id="cfm_slow_3" eclass="HBEFA3/PC_G_EU4" CO2="81036.92" CO="1731.91" HC="9.92" NOx="37.27" PMx="2.14" fuel="34.83" electricity="0.00" noise="104.40" route="routetop" type="cfm_slow" waiting="0.00" lane="left_0" pos="27.68" speed="39.44" angle="134.67" x="21.53" y="13.77"/>
        <vehicle id="cfm_slow_4" eclass="HBEFA3/PC_G_EU4" CO2="81036.92" CO="1731.91" HC="9.92" NOx="37.27" PMx="2.14" fuel="34.83" electricity="0.00" noise="104.40" route="routebottom" type="cfm_slow" waiting="0.00" lane="bottom_0" pos="17.68" speed="39.44" angle="62.63" x="98.10" y="8.18"/>
    </timestep>
    <timestep time="2.56">
        <vehicle id="cfm_slow_0" eclass="HBEFA3/PC_G_EU4" CO2="80545.43" CO="1722.85" HC="9.87" NOx="37.04" PMx="2.13" fuel="34.62" electricity="0.00" noise="104.16" route="routebottom" type="cfm_slow" waiting="0.00" lane="right_0" pos="8.07" speed="39.51" angle="349.92" x="126.87" y="80.07"/>
        <vehicle id="cfm_slow_1" eclass="HBEFA3/PC_G_EU4" CO2="80545.43" CO="1722.85" HC="9.87" NOx="37.04" PMx="2.13" fuel="34.62" electricity="0.00" noise="104.16" route="routebottom" type="cfm_slow" waiting="0.00" lane="right_0" pos="48.07" speed="39.51" angle="278.00" x="67.63" y="128.84"/>
        <vehicle id="cfm_slow_2" eclass="HBEFA3/PC_G_EU4" CO2="80545.43" CO="1722.85" HC="9.87" NOx="37.04" PMx="2.13" fuel="34.62" electricity="0.00" noise="104.16" route="routetop" type="cfm_slow" waiting="0.00" lane="top_0" pos="38.07" speed="39.51" angle="205.94" x="2.90" y="87.57"/>
        <vehicle id="cfm_slow_3" eclass="HBEFA3/PC_G_EU4" CO2="80545.43" CO="1722.85" HC="9.87" NOx="37.04" PMx="2.13" fuel="34.62" electricity="0.00" noise="104.16" route="routetop" type="cfm_slow" waiting="0.00" lane="left_0" pos="28.07" speed="39.51" angle="133.94" x="22.15" y="13.25"/>
        <vehicle id="cfm_slow_4" eclass="HBEFA3/PC_G_EU4" CO2="80545.43" CO="1722.85" HC="9.87" NOx="37.04" PMx="2.13" fuel="34.62" electricity="0.00" noise="104.16" route="routebottom" type="cfm_slow" waiting="0.00" lane="bottom_0" pos="18.07" speed="39.51" angle="61.95" x="98.79" y="8.61"/>
    </timestep>
    <timestep time="2.57">
        <vehicle id="cfm_slow_0" eclass="HBEFA3/PC_G_EU4" CO2="80056.25" CO="1713.82" HC="9.82" NOx="36.81" PMx="2.12" fuel="34.41" electricity="0.00" noise="103.92" route="routebottom" type="cfm_slow" waiting="0.00" lane="right_0" pos="8.47" speed="39.57" angle="349.21" x="126.66" y="80.85"/>
        <vehicle id="cfm_slow_1" eclass="HBEFA3/PC_G_EU4" CO2="80056.25" CO="1713.82" HC="9.82" NOx="36.81" PMx="2.12" fuel="34.41" electricity="0.00" noise="103.92" route="routebottom" type="cfm_slow" waiting="0.00" lane="right_0" pos="48.47" speed="39.57" angle="277.24" x="66.82" y="128.89"/>
        <vehicle id="cfm_slow_2" eclass="HBEFA3/PC_G_EU4" CO2="80056.25" CO="1713.82" HC="9.82" NOx="36.81" PMx="2.12" fuel="34.41" electricity="0.00" noise="103.92" route="routetop" type="cfm_slow" waiting="0.00" lane="top_0" pos="38.47" speed="39.57" angle="205.25" x="2.60" y="86.82"/>
        <vehicle id="cfm_slow_3" eclass="HBEFA3/PC_G_EU4" CO2="80056.25" CO="1713.82" HC="9.82" NOx="36.81" PMx="2.12" fuel="34.41" electricity="0.00" noise="103.92" route="routetop" type="cfm_slow" waiting="0.00" lane="left_0" pos="28.47" speed="39.57" angle="133.27" x="22.78" y="12.74"/>
        <vehicle id="cfm_slow_4" eclass="HBEFA3/PC_G_EU4" CO2="80056.25" CO="1713.82" HC="9.82" NOx="36.81" PMx="2.12" fuel="34.41" electricity="0.00" noise="103.92" route="routebottom" type="cfm_slow" waiting="0.00" lane="bottom_0" pos="18.47" speed="39.57" angle="61.20" x="99.46" y="9.06"/>
    </timestep>
    <timestep time="2.58">
        <vehicle id="cfm_slow_0" eclass="HBEFA3/PC_G_EU4" CO2="79569.41" CO="1704.84" HC="9.76" NOx="36.57" PMx="2.11" fuel="34.20" electricity="0.00" noise="103.68" route="routebottom" type="cfm_slow" waiting="0.00" lane="right_0" pos="8.87" speed="39.64" angle="348.52" x="126.45" y="81.64"/>
        <vehicle id="cfm_slow_1" eclass="HBEFA3/PC_G_EU4" CO2="79569.41" CO="1704.84" HC="9.76" NOx="36.57" PMx="2.11" fuel="34.20" electricity="0.00" noise="103.68" route="routebottom" type="cfm_slow" waiting="0.00" lane="right_0" pos="48.87" speed="39.64" angle="276.55" x="66.01" y="128.93"/>
        <vehicle id="cfm_slow_2" eclass="HBEFA3/PC_G_EU4" CO2="79569.41" CO="1704.84" HC="9.76" NOx="36.57" PMx="2.11" fuel="34.20" electricity="0.00" noise="103.68" route="routetop" type="cfm_slow" waiting="0.00" lane="top_0" pos="38.87" speed="39.64" angle="204.53" x="2.32" y="86.05"/>
        <vehicle id="cfm_slow_3" eclass="HBEFA3/PC_G_EU4" CO2="79569.41" CO="1704.84" HC="9.76" NOx="36.57" PMx="2.11" fuel="34.20" electricity="0.00" noise="103.68" route="routetop" type="cfm_slow" waiting="0.00" lane="left_0" pos="28.87" speed="39.64" angle="132.53" x="23.42" y="12.24"/>
        <vehicle id="cfm_slow_4" eclass="HBEFA3/PC_G_EU4" CO2="79569.41" CO="1704.84" HC="9.76" NOx="36.57" PMx="2.11" fuel="34.20" electricity="0.00" noise="103.68" route="routebottom" type="cfm_slow" waiting="0.00" lane="bottom_0" pos="18.87" speed="39.64" angle="60.45" x="100.14" y="9.51"/>
    </timestep>
    <timestep time="2.59">
        <vehicle id="cfm_slow_0" eclass="HBEFA3/PC_G_EU4" CO2="79084.91" CO="1695.90" HC="9.71" NOx="36.34" PMx="2.10" fuel="33.99" electricity="0.00" noise="103.44" route="routebottom" type="cfm_slow" waiting="0.00" lane="right_0" pos="9.26" speed="39.71" angle="347.84" x="126.22" y="82.42"/>
        <vehicle id="cfm_slow_1" eclass="HBEFA3/PC_G_EU4" CO2="79084.91" CO="1695.90" HC="9.71" NOx="36.34" PMx="2.10" fuel="33.99" electricity="0.00" noise="103.44" route="routebottom" type="cfm_slow" waiting="0.00" lane="right_0" pos="49.26" speed="39.71" angle="275.82" x="65.20" y="128.94"/>
        <vehicle id="cfm_slow_2" eclass="HBEFA3/PC_G_EU4" CO2="79084.91" CO="1695.90" HC="9.71" NOx="36.34" PMx="2.10" fuel="33.99" electricity="0.00" noise="103.44" route="routetop" type="cfm_slow" waiting="0.00" lane="top_0" pos="39.26" speed="39.71" angle="203.80" x="2.05" y="85.28"/>
        <vehicle id="cfm_slow_3" eclass="HBEFA3/PC_G_EU4" CO2="79084.91" CO="1695.90" HC="9.71" NOx="36.34" PMx="2.10" fuel="33.99" electricity="0.00" noise="103.44" route="routetop" type="cfm_slow" waiting="0.00" lane="left_0" pos="29.26" speed="39.71" angle="131.80" x="24.06" y="11.74"/>
        <vehicle id="cfm_slow_4" eclass="HBEFA3/PC_G_EU4" CO2="79084.91" CO="1695.90" HC="9.71" NOx="36.34" PMx="2.10" fuel="33.99" electricity="0.00" noise="103.44" route="routebottom" type="cfm_slow" waiting="0.00" lane="bottom_0" pos="19.26" speed="39.71" angle="59.77" x="100.82" y="9.96"/>
    </timestep>
    <timestep time="2.60">
        <vehicle id="cfm_slow_0" eclass="HBEFA3/PC_G_EU4" CO2="78602.77" CO="1687.00" HC="9.66" NOx="36.12" PMx="2.08" fuel="33.79" electricity="0.00" noise="103.21" route="routebottom" type="cfm_slow" waiting="0.00" lane="right_0" pos="9.66" speed="39.78" angle="347.11" x="125.98" y="83.20"/>
        <vehicle id="cfm_slow_1" eclass="HBEFA3/PC_G_EU4" CO2="78602.77" CO="1687.00" HC="9.66" NOx="36.12" PMx="2.08" fuel="33.79" electricity="0.00" noise="103.21" route="routebottom" type="cfm_slow" waiting="0.00" lane="right_0" pos="49.66" speed="39.78" angle="275.08" x="64.38" y="128.96"/>
        <vehicle id="cfm_slow_2" eclass="HBEFA3/PC_G_EU4" CO2="78602.77" CO="1687.00" HC="9.66" NOx="36.12" PMx="2.08" fuel="33.79" electricity="0.00" noise="103.21" route="routetop" type="cfm_slow" waiting="0.00" lane="top_0" pos="39.66" speed="39.78" angle="203.10" x="1.77" y="84.52"/>
        <vehicle id="cfm_slow_3" eclass="HBEFA3/PC_G_EU4" CO2="78602.77" CO="1687.00" HC="9.66" NOx="36.12" PMx="2.08" fuel="33.79" electricity="0.00" noise="103.21" route="routetop" type="cfm_slow" waiting="0.00" lane="left_0" pos="29.66" speed="39.78" angle="131.12" x="24.71" y="11.25"/>
        <vehicle id="cfm_slow_4" eclass="HBEFA3/PC_G_EU4" CO2="78602.77" CO="1687.00" HC="9.66" NOx="36.12" PMx="2.08" fuel="33.79" electricity="0.00" noise="103.21" route="routebottom" type="cfm_slow" waiting="0.00" lane="bottom_0" pos="19.66" speed="39.78" angle="59.04" x="101.48" y="10.44"/>
    </timestep>
    <timestep time="2.61">
        <vehicle id="cfm_slow_0" eclass="HBEFA3/PC_G_EU4" CO2="78123.01" CO="1678.15" HC="9.61" NOx="35.89" PMx="2.07" fuel="33.58" electricity="0.00" noise="102.97" route="routebottom" type="cfm_slow" waiting="0.00" lane="right_0" pos="10.06" speed="39.84" angle="346.38" x="125.74" y="83.98"/>
        <vehicle id="cfm_slow_1" eclass="HBEFA3/PC_G_EU4" CO2="78123.01" CO="1678.15" HC="9.61" NOx="35.89" PMx="2.07" fuel="33.58" electricity="0.00" noise="102.97" route="routetop" type="cfm_slow" waiting="0.00" lane="top_0" pos="0.06" speed="39.84" angle="274.38" x="63.51" y="128.97"/>
        <vehicle id="cfm_slow_2" eclass="HBEFA3/PC_G_EU4" CO2="78123.01" CO="1678.15" HC="9.61" NOx="35.89" PMx="2.07" fuel="33.58" electricity="0.00" noise="102.97" route="routetop" type="cfm_slow" waiting="0.00" lane="top_0" pos="40.06" speed="39.84" angle="202.40" x="1.52" y="83.74"/>
        <vehicle id="cfm_slow_3" eclass="HBEFA3/PC_G_EU4" CO2="78123.01" CO="1678.15" HC="9.61" NOx="35.89" PMx="2.07" fuel="33.58" electricity="0.00" noise="102.97" route="routetop" type="cfm_slow" waiting="0.00" lane="left_0" pos="30.06" speed="39.84" angle="130.38" x="25.38" y="10.77"/>
        <vehicle id="cfm_slow_4" eclass="HBEFA3/PC_G_EU4" CO2="78123.01" CO="1678.15" HC="9.61" NOx="35.89" PMx="2.07" fuel="33.58" electricity="0.00" noise="102.97" route="routebottom" type="cfm_slow" waiting="0.00" lane="bottom_0" pos="20.06" speed="39.84" angle="58.31" x="102.14" y="10.91"/>
    </timestep>
    <timestep time="2.62">
        <vehicle id="cfm_slow_0" eclass="HBEFA3/PC_G_EU4" CO2="77645.64" CO="1669.34" HC="9.55" NOx="35.66" PMx="2.06" fuel="33.38" electricity="0.00" noise="102.74" route="routebottom" type="cfm_slow" waiting="0.00" lane="right_0" pos="10.46" speed="39.91" angle="345.69" x="125.47" y="84.75"/>
        <vehicle id="cfm_slow_1" eclass="HBEFA3/PC_G_EU4" CO2="77645.64" CO="1669.34" HC="9.55" NOx="35.66" PMx="2.06" fuel="33.38" electricity="0.00" noise="102.74" route="routetop" type="cfm_slow" waiting="0.00" lane="top_0" pos="0.46" speed="39.91" angle="273.65" x="62.69" y="128.95"/>
        <vehicle id="cfm_slow_2" eclass="HBEFA3/PC_G_EU4" CO2="77645.64" CO="1669.34" HC="9.55" NOx="35.66" PMx="2.06" fuel="33.38" electricity="0.00" noise="102.74" route="routetop" type="cfm_slow" waiting="0.00" lane="top_0" pos="40.46" speed="39.91" angle="201.65" x="1.28" y="82.96"/>
        <vehicle id="cfm_slow_3" eclass="HBEFA3/PC_G_EU4" CO2="77645.64" CO="1669.34" HC="9.55" NOx="35.66" PMx="2.06" fuel="33.38" electricity="0.00" noise="102.74" route="routetop" type="cfm_slow" waiting="0.00" lane="left_0" pos="30.46" speed="39.91" angle="129.63" x="26.04" y="10.29"/>
        <vehicle id="cfm_slow_4" eclass="HBEFA3/PC_G_EU4" CO2="77645.64" CO="1669.34" HC="9.55" NOx="35.66" PMx="2.06" fuel="33.38" electricity="0.00" noise="102.74" route="routebottom" type="cfm_slow" waiting="0.00" lane="bottom_0" pos="20.46" speed="39.91" angle="57.62" x="102.81" y="11.39"/>
    </timestep>
    <timestep time="2.63">
        <vehicle id="cfm_slow_0" eclass="HBEFA3/PC_G_EU4" CO2="77170.68" CO="1660.57" HC="9.50" NOx="35.44" PMx="2.05" fuel="33.17" electricity="0.00" noise="102.51" route="routebottom" type="cfm_slow" waiting="0.00" lane="right_0" pos="10.86" speed="39.97" angle="344.92" x="125.19" y="85.52"/>
        <vehicle id="cfm_slow_1" eclass="HBEFA3/PC_G_EU4" CO2="77170.68" CO="1660.57" HC="9.50" NOx="35.44" PMx="2.05" fuel="33.17" electricity="0.00" noise="102.51" route="routetop" type="cfm_slow" waiting="0.00" lane="top_0" pos="0.86" speed="39.97" angle="272.92" x="61.87" y="128.94"/>
        <vehicle id="cfm_slow_2" eclass="HBEFA3/PC_G_EU4" CO2="77170.68" CO="1660.57" HC="9.50" NOx="35.44" PMx="2.05" fuel="33.17" electricity="0.00" noise="102.51" route="routetop" type="cfm_slow" waiting="0.00" lane="top_0" pos="40.86" speed="39.97" angle="200.91" x="1.04" y="82.17"/>
        <vehicle id="cfm_slow_3" eclass="HBEFA3/PC_G_EU4" CO2="77170.68" CO="1660.57" HC="9.50" NOx="35.44" PMx="2.05" fuel="33.17" electricity="0.00" noise="102.51" route="routetop" type="cfm_slow" waiting="0.00" lane="left_0" pos="30.86" speed="39.97" angle="128.96" x="26.71" y="9.82"/>
        <vehicle id="cfm_slow_4" eclass="HBEFA3/PC_G_EU4" CO2="77170.68" CO="1660.57" HC="9.50" NOx="35.44" PMx="2.05" fuel="33.17" electricity="0.00" noise="102.51" route="routebottom" type="cfm_slow" waiting="0.00" lane="bottom_0" pos="20.86" speed="39.97" angle="56.91" x="103.46" y="11.89"/>
    </timestep>
    <timestep time="2.64">
        <vehicle id="cfm_slow_0" eclass="HBEFA3/PC_G_EU4" CO2="76698.14" CO="1651.85" HC="9.45" NOx="35.21" PMx="2.04" fuel="32.97" electricity="0.00" noise="102.29" route="routebottom" type="cfm_slow" waiting="0.00" lane="right_0" pos="11.26" speed="40.03" angle="344.14" x="124.91" y="86.29"/>
        <vehicle id="cfm_slow_1" eclass="HBEFA3/PC_G_EU4" CO2="76698.14" CO="1651.85" HC="9.45" NOx="35.21" PMx="2.04" fuel="32.97" electricity="0.00" noise="102.29" route="routetop" type="cfm_slow" waiting="0.00" lane="top_0" pos="1.26" speed="40.03" angle="272.23" x="61.05" y="128.92"/>
        <vehicle id="cfm_slow_2" eclass="HBEFA3/PC_G_EU4" CO2="76698.14" CO="1651.85" HC="9.45" NOx="35.21" PMx="2.04" fuel="32.97" electricity="0.00" noise="102.29" route="routetop" type="cfm_slow" waiting="0.00" lane="top_0" pos="41.26" speed="40.03" angle="200.22" x="0.81" y="81.39"/>
        <vehicle id="cfm_slow_3" eclass="HBEFA3/PC_G_EU4" CO2="76698.14" CO="1651.85" HC="9.45" NOx="35.21" PMx="2.04" fuel="32.97" electricity="0.00" noise="102.29" route="routetop" type="cfm_slow" waiting="0.00" lane="left_0" pos="31.26" speed="40.03" angle="128.23" x="27.40" y="9.36"/>
        <vehicle id="cfm_slow_4" eclass="HBEFA3/PC_G_EU4" CO2="76698.14" CO="1651.85" HC="9.45" NOx="35.21" PMx="2.04" fuel="32.97" electricity="0.00" noise="102.29" route="routebottom" type="cfm_slow" waiting="0.00" lane="bottom_0" pos="21.26" speed="40.03" angle="56.18" x="104.10" y="12.40"/>
    </timestep>
    <timestep time="2.65">
        <vehicle id="cfm_slow_0" eclass="HBEFA3/PC_G_EU4" CO2="76228.04" CO="1643.17" HC="9.40" NOx="34.99" PMx="2.02" fuel="32.77" electricity="0.00" noise="102.06" route="routebottom" type="cfm_slow" waiting="0.00" lane="right_0" pos="11.66" speed="40.10" angle="343.45" x="124.62" y="87.06"/>
        <vehicle id="cfm_slow_1" eclass="HBEFA3/PC_G_EU4" CO2="76228.04" CO="1643.17" HC="9.40" NOx="34.99" PMx="2.02" fuel="32.77" electricity="0.00" noise="102.06" route="routetop" type="cfm_slow" waiting="0.00" lane="top_0" pos="1.66" speed="40.10" angle="271.50" x="60.23" y="128.87"/>
        <vehicle id="cfm_slow_2" eclass="HBEFA3/PC_G_EU4" CO2="76228.04" CO="1643.17" HC="9.40" NOx="34.99" PMx="2.02" fuel="32.77" electricity="0.00" noise="102.06" route="routetop" type="cfm_slow" waiting="0.00" lane="top_0" pos="41.66" speed="40.10" angle="199.49" x="0.60" y="80.59"/>
        <vehicle id="cfm_slow_3" eclass="HBEFA3/PC_G_EU4" CO2="76228.04" CO="1643.17" HC="9.40" NOx="34.99" PMx="2.02" fuel="32.77" electricity="0.00" noise="102.06" route="routetop" type="cfm_slow" waiting="0.00" lane="left_0" pos="31.66" speed="40.10" angle="127.51" x="28.08" y="8.91"/>
        <vehicle id="cfm_slow_4" eclass="HBEFA3/PC_G_EU4" CO2="76228.04" CO="1643.17" HC="9.40" NOx="34.99" PMx="2.02" fuel="32.77" electricity="0.00" noise="102.06" route="routebottom" type="cfm_slow" waiting="0.00" lane="bottom_0" pos="21.66" speed="40.10" angle="55.45" x="104.75" y="12.91"/>
    </timestep>
    <timestep time="2.66">
        <vehicle id="cfm_slow_0" eclass="HBEFA3/PC_G_EU4" CO2="75760.37" CO="1634.54" HC="9.35" NOx="34.77" PMx="2.01" fuel="32.57" electricity="0.00" noise="101.84" route="routebottom" type="cfm_slow" waiting="0.00" lane="right_0" pos="12.06" speed="40.16" angle="342.75" x="124.32" y="87.83"/>
        <vehicle id="cfm_slow_1" eclass="HBEFA3/PC_G_EU4" CO2="75760.37" CO="1634.54" HC="9.35" NOx="34.77" PMx="2.01" fuel="32.57" electricity="0.00" noise="101.84" route="routetop" type="cfm_slow" waiting="0.00" lane="top_0" pos="2.06" speed="40.16" angle="270.77" x="59.40" y="128.83"/>
        <vehicle id="cfm_slow_2" eclass="HBEFA3/PC_G_EU4" CO2="75760.37" CO="1634.54" HC="9.35" NOx="34.77" PMx="2.01" fuel="32.57" electricity="0.00" noise="101.84" route="routetop" type="cfm_slow" waiting="0.00" lane="top_0" pos="42.06" speed="40.16" angle="198.75" x="0.38" y="79.80"/>
        <vehicle id="cfm_slow_3" eclass="HBEFA3/PC_G_EU4" CO2="75760.37" CO="1634.54" HC="9.35" NOx="34.77" PMx="2.01" fuel="32.57" electricity="0.00" noise="101.84" route="routetop" type="cfm_slow" waiting="0.00" lane="left_0" pos="32.06" speed="40.16" angle="126.85" x="28.76" y="8.45"/>
        <vehicle id="cfm_slow_4" eclass="HBEFA3/PC_G_EU4" CO2="75760.37" CO="1634.54" HC="9.35" NOx="34.77" PMx="2.01" fuel="32.57" electricity="0.00" noise="101.84" route="routebottom" type="cfm_slow" waiting="0.00" lane="bottom_0" pos="22.06" speed="40.16" angle="54.77" x="105.38" y="13.43"/>
    </timestep>
    <timestep time="2.67">
        <vehicle id="cfm_slow_0" eclass="HBEFA3/PC_G_EU4" CO2="75295.17" CO="1625.95" HC="9.30" NOx="34.55" PMx="2.00" fuel="32.37" electricity="0.00" noise="101.62" route="routebottom" type="cfm_slow" waiting="0.00" lane="right_0" pos="12.46" speed="40.22" angle="342.04" x="124.01" y="88.60"/>
        <vehicle id="cfm_slow_1" eclass="HBEFA3/PC_G_EU4" CO2="75295.17" CO="1625.95" HC="9.30" NOx="34.55" PMx="2.00" fuel="32.37" electricity="0.00" noise="101.62" route="routetop" type="cfm_slow" waiting="0.00" lane="top_0" pos="2.46" speed="40.22" angle="270.05" x="58.58" y="128.78"/>
        <vehicle id="cfm_slow_2" eclass="HBEFA3/PC_G_EU4" CO2="75295.17" CO="1625.95" HC="9.30" NOx="34.55" PMx="2.00" fuel="32.37" electricity="0.00" noise="101.62" route="routetop" type="cfm_slow" waiting="0.00" lane="top_0" pos="42.46" speed="40.22" angle="198.08" x="0.18" y="79.00"/>
        <vehicle id="cfm_slow_3" eclass="HBEFA3/PC_G_EU4" CO2="75295.17" CO="1625.95" HC="9.30" NOx="34.55" PMx="2.00" fuel="32.37" electricity="0.00" noise="101.62" route="routetop" type="cfm_slow" waiting="0.00" lane="left_0" pos="32.46" speed="40.22" angle="126.10" x="29.47" y="8.03"/>
        <vehicle id="cfm_slow_4" eclass="HBEFA3/PC_G_EU4" CO2="75295.17" CO="1625.95" HC="9.30" NOx="34.55" PMx="2.00" fuel="32.37" electricity="0.00" noise="101.62" route="routebottom" type="cfm_slow" waiting="0.00" lane="bottom_0" pos="22.46" speed="40.22" angle="54.04" x="106.01" y="13.96"/>
    </timestep>
    <timestep time="2.68">
        <vehicle id="cfm_slow_0" eclass="HBEFA3/PC_G_EU4" CO2="74832.42" CO="1617.41" HC="9.25" NOx="34.33" PMx="1.99" fuel="32.17" electricity="0.00" noise="101.40" route="routebottom" type="cfm_slow" waiting="0.00" lane="right_0" pos="12.87" speed="40.28" angle="341.37" x="123.70" y="89.36"/>
        <vehicle id="cfm_slow_1" eclass="HBEFA3/PC_G_EU4" CO2="74832.42" CO="1617.41" HC="9.25" NOx="34.33" PMx="1.99" fuel="32.17" electricity="0.00" noise="101.40" route="routetop" type="cfm_slow" waiting="0.00" lane="top_0" pos="2.87" speed="40.28" angle="269.36" x="57.76" y="128.70"/>
        <vehicle id="cfm_slow_2" eclass="HBEFA3/PC_G_EU4" CO2="74832.42" CO="1617.41" HC="9.25" NOx="34.33" PMx="1.99" fuel="32.17" electricity="0.00" noise="101.40" route="routetop" type="cfm_slow" waiting="0.00" lane="top_0" pos="42.87" speed="40.28" angle="197.35" x="0.00" y="78.19"/>
        <vehicle id="cfm_slow_3" eclass="HBEFA3/PC_G_EU4" CO2="74832.42" CO="1617.41" HC="9.25" NOx="34.33" PMx="1.99" fuel="32.17" electricity="0.00" noise="101.40" route="routetop" type="cfm_slow" waiting="0.00" lane="left_0" pos="32.87" speed="40.28" angle="125.35" x="30.18" y="7.60"/>
        <vehicle id="cfm_slow_4" eclass="HBEFA3/PC_G_EU4" CO2="74832.42" CO="1617.41" HC="9.25" NOx="34.33" PMx="1.99" fuel="32.17" electricity="0.00" noise="101.40" route="routebottom" type="cfm_slow" waiting="0.00" lane="bottom_0" pos="22.87" speed="40.28" angle="53.31" x="106.64" y="14.50"/>
    </timestep>
    <timestep time="2.69">
        <vehicle id="cfm_slow_0" eclass="HBEFA3/PC_G_EU4" CO2="74372.16" CO="1608.91" HC="9.20" NOx="34.11" PMx="1.98" fuel="31.97" electricity="0.00" noise="101.19" route="routebottom" type="cfm_slow" waiting="0.00" lane="right_0" pos="13.27" speed="40.35" angle="340.61" x="123.36" y="90.12"/>
        <vehicle id="cfm_slow_1" eclass="HBEFA3/PC_G_EU4" CO2="74372.16" CO="1608.91" HC="9.20" NOx="34.11" PMx="1.98" fuel="31.97" electricity="0.00" noise="101.19" route="routetop" type="cfm_slow" waiting="0.00" lane="top_0" pos="3.27" speed="40.35" angle="268.62" x="56.94" y="128.62"/>
        <vehicle id="cfm_slow_2" eclass="HBEFA3/PC_G_EU4" CO2="74372.16" CO="1608.91" HC="9.20" NOx="34.11" PMx="1.98" fuel="31.97" electricity="0.00" noise="101.19" route="routetop" type="cfm_slow" waiting="0.00" lane="top_0" pos="43.27" speed="40.35" angle="196.63" x="-0.18" y="77.38"/>
        <vehicle id="cfm_slow_3" eclass="HBEFA3/PC_G_EU4" CO2="74372.16" CO="1608.91" HC="9.20" NOx="34.11" PMx="1.98" fuel="31.97" electricity="0.00" noise="101.19" route="routetop" type="cfm_slow" waiting="0.00" lane="left_0" pos="33.27" speed="40.35" angle="124.62" x="30.89" y="7.17"/>
        <vehicle id="cfm_slow_4" eclass="HBEFA3/PC_G_EU4" CO2="74372.16" CO="1608.91" HC="9.20" NOx="34.11" PMx="1.98" fuel="31.97" electricity="0.00" noise="101.19" route="routebottom" type="cfm_slow" waiting="0.00" lane="bottom_0" pos="23.27" speed="40.35" angle="52.65" x="107.27" y="15.04"/>
    </timestep>
    <timestep time="2.70">
        <vehicle id="cfm_slow_0" eclass="HBEFA3/PC_G_EU4" CO2="73914.37" CO="1600.46" HC="9.15" NOx="33.89" PMx="1.97" fuel="31.77" electricity="0.00" noise="100.97" route="routebottom" type="cfm_slow" waiting="0.00" lane="right_0" pos="13.67" speed="40.41" angle="339.86" x="123.02" y="90.87"/>
        <vehicle id="cfm_slow_1" eclass="HBEFA3/PC_G_EU4" CO2="73914.37" CO="1600.46" HC="9.15" NOx="33.89" PMx="1.97" fuel="31.77" electricity="0.00" noise="100.97" route="routetop" type="cfm_slow" waiting="0.00" lane="top_0" pos="3.67" speed="40.41" angle="267.89" x="56.11" y="128.53"/>
        <vehicle id="cfm_slow_2" eclass="HBEFA3/PC_G_EU4" CO2="73914.37" CO="1600.46" HC="9.15" NOx="33.89" PMx="1.97" fuel="31.77" electricity="0.00" noise="100.97" route="routetop" type="cfm_slow" waiting="0.00" lane="top_0" pos="43.67" speed="40.41" angle="195.95" x="-0.36" y="76.57"/>
        <vehicle id="cfm_slow_3" eclass="HBEFA3/PC_G_EU4" CO2="73914.37" CO="1600.46" HC="9.15" NOx="33.89" PMx="1.97" fuel="31.77" electricity="0.00" noise="100.97" route="routetop" type="cfm_slow" waiting="0.00" lane="left_0" pos="33.67" speed="40.41" angle="123.92" x="31.61" y="6.77"/>
        <vehicle id="cfm_slow_4" eclass="HBEFA3/PC_G_EU4" CO2="73914.37" CO="1600.46" HC="9.15" NOx="33.89" PMx="1.97" fuel="31.77" electricity="0.00" noise="100.97" route="routebottom" type="cfm_slow" waiting="0.00" lane="bottom_0" pos="23.67" speed="40.41" angle="51.92" x="107.87" y="15.60"/>
    </timestep>
    <timestep time="2.71">
        <vehicle id="cfm_slow_0" eclass="HBEFA3/PC_G_EU4" CO2="73459.08" CO="1592.05" HC="9.10" NOx="33.68" PMx="1.95" fuel="31.58" electricity="0.00" noise="100.76" route="routebottom" type="cfm_slow" waiting="0.00" lane="right_0" pos="14.08" speed="40.47" angle="339.15" x="122.68" y="91.63"/>
        <vehicle id="cfm_slow_1" eclass="HBEFA3/PC_G_EU4" CO2="73459.08" CO="1592.05" HC="9.10" NOx="33.68" PMx="1.95" fuel="31.58" electricity="0.00" noise="100.76" route="routetop" type="cfm_slow" waiting="0.00" lane="top_0" pos="4.08" speed="40.47" angle="267.19" x="55.29" y="128.43"/>
        <vehicle id="cfm_slow_2" eclass="HBEFA3/PC_G_EU4" CO2="73459.08" CO="1592.05" HC="9.10" NOx="33.68" PMx="1.95" fuel="31.58" electricity="0.00" noise="100.76" route="routetop" type="cfm_slow" waiting="0.00" lane="top_0" pos="44.08" speed="40.47" angle="195.19" x="-0.51" y="75.76"/>
        <vehicle id="cfm_slow_3" eclass="HBEFA3/PC_G_EU4" CO2="73459.08" CO="1592.05" HC="9.10" NOx="33.68" PMx="1.95" fuel="31.58" electricity="0.00" noise="100.76" route="routetop" type="cfm_slow" waiting="0.00" lane="left_0" pos="34.08" speed="40.47" angle="123.19" x="32.34" y="6.36"/>
        <vehicle id="cfm_slow_4" eclass="HBEFA3/PC_G_EU4" CO2="73459.08" CO="1592.05" HC="9.10" NOx="33.68" PMx="1.95" fuel="31.58" electricity="0.00" noise="100.76" route="routebottom" type="cfm_slow" waiting="0.00" lane="bottom_0" pos="24.08" speed="40.47" angle="51.19" x="108.48" y="16.17"/>
    </timestep>
    <timestep time="2.72">
        <vehicle id="cfm_slow_0" eclass="HBEFA3/PC_G_EU4" CO2="73006.29" CO="1583.69" HC="9.05" NOx="33.46" PMx="1.94" fuel="31.38" electricity="0.00" noise="100.55" route="routebottom" type="cfm_slow" waiting="0.00" lane="right_0" pos="14.48" speed="40.53" angle="338.40" x="122.31" y="92.37"/>
        <vehicle id="cfm_slow_1" eclass="HBEFA3/PC_G_EU4" CO2="73006.29" CO="1583.69" HC="9.05" NOx="33.46" PMx="1.94" fuel="31.38" electricity="0.00" noise="100.55" route="routetop" type="cfm_slow" waiting="0.00" lane="top_0" pos="4.48" speed="40.53" angle="266.45" x="54.47" y="128.31"/>
        <vehicle id="cfm_slow_2" eclass="HBEFA3/PC_G_EU4" CO2="73006.29" CO="1583.69" HC="9.05" NOx="33.46" PMx="1.94" fuel="31.38" electricity="0.00" noise="100.55" route="routetop" type="cfm_slow" waiting="0.00" lane="top_0" pos="44.48" speed="40.53" angle="194.44" x="-0.66" y="74.94"/>
        <vehicle id="cfm_slow_3" eclass="HBEFA3/PC_G_EU4" CO2="73006.29" CO="1583.69" HC="9.05" NOx="33.46" PMx="1.94" fuel="31.38" electricity="0.00" noise="100.55" route="routetop" type="cfm_slow" waiting="0.00" lane="left_0" pos="34.48" speed="40.53" angle="122.45" x="33.06" y="5.96"/>
        <vehicle id="cfm_slow_4" eclass="HBEFA3/PC_G_EU4" CO2="73006.29" CO="1583.69" HC="9.05" NOx="33.46" PMx="1.94" fuel="31.38" electricity="0.00" noise="100.55" route="routebottom" type="cfm_slow" waiting="0.00" lane="bottom_0" pos="24.48" speed="40.53" angle="50.51" x="109.09" y="16.74"/>
    </timestep>
    <timestep time="2.73">
        <vehicle id="cfm_slow_0" eclass="HBEFA3/PC_G_EU4" CO2="72556.00" CO="1575.37" HC="9.00" NOx="33.25" PMx="1.93" fuel="31.19" electricity="0.00" noise="100.34" route="routebottom" type="cfm_slow" waiting="0.00" lane="right_0" pos="14.89" speed="40.58" angle="337.64" x="121.94" y="93.12"/>
        <vehicle id="cfm_slow_1" eclass="HBEFA3/PC_G_EU4" CO2="72556.00" CO="1575.37" HC="9.00" NOx="33.25" PMx="1.93" fuel="31.19" electricity="0.00" noise="100.34" route="routetop" type="cfm_slow" waiting="0.00" lane="top_0" pos="4.89" speed="40.58" angle="265.71" x="53.64" y="128.19"/>
        <vehicle id="cfm_slow_2" eclass="HBEFA3/PC_G_EU4" CO2="72556.00" CO="1575.37" HC="9.00" NOx="33.25" PMx="1.93" fuel="31.19" electricity="0.00" noise="100.34" route="routetop" type="cfm_slow" waiting="0.00" lane="top_0" pos="44.89" speed="40.58" angle="193.76" x="-0.81" y="74.12"/>
        <vehicle id="cfm_slow_3" eclass="HBEFA3/PC_G_EU4" CO2="72556.00" CO="1575.37" HC="9.00" NOx="33.25" PMx="1.93" fuel="31.19" electricity="0.00" noise="100.34" route="routetop" type="cfm_slow" waiting="0.00" lane="left_0" pos="34.89" speed="40.58" angle="121.78" x="33.80" y="5.58"/>
        <vehicle id="cfm_slow_4" eclass="HBEFA3/PC_G_EU4" CO2="72556.00" CO="1575.37" HC="9.00" NOx="33.25" PMx="1.93" fuel="31.19" electricity="0.00" noise="100.34" route="routebottom" type="cfm_slow" waiting="0.00" lane="bottom_0" pos="24.89" speed="40.58" angle="49.74" x="109.67" y="17.33"/>
    </timestep>
    <timestep time="2.74">
        <vehicle id="cfm_slow_0" eclass="HBEFA3/PC_G_EU4" CO2="72108.23" CO="1567.10" HC="8.95" NOx="33.03" PMx="1.92" fuel="31.00" electricity="0.00" noise="100.13" route="routebottom" type="cfm_slow" waiting="0.00" lane="right_0" pos="15.30" speed="40.64" angle="336.90" x="121.57" y="93.86"/>
        <vehicle id="cfm_slow_1" eclass="HBEFA3/PC_G_EU4" CO2="72108.23" CO="1567.10" HC="8.95" NOx="33.03" PMx="1.92" fuel="31.00" electricity="0.00" noise="100.13" route="routetop" type="cfm_slow" waiting="0.00" lane="top_0" pos="5.30" speed="40.64" angle="264.98" x="52.82" y="128.06"/>
        <vehicle id="cfm_slow_2" eclass="HBEFA3/PC_G_EU4" CO2="72108.23" CO="1567.10" HC="8.95" NOx="33.03" PMx="1.92" fuel="31.00" electricity="0.00" noise="100.13" route="routetop" type="cfm_slow" waiting="0.00" lane="top_0" pos="45.30" speed="40.64" angle="193.02" x="-0.93" y="73.30"/>
        <vehicle id="cfm_slow_3" eclass="HBEFA3/PC_G_EU4" CO2="72108.23" CO="1567.10" HC="8.95" NOx="33.03" PMx="1.92" fuel="31.00" electricity="0.00" noise="100.13" route="routetop" type="cfm_slow" waiting="0.00" lane="left_0" pos="35.30" speed="40.64" angle="121.03" x="34.55" y="5.21"/>
        <vehicle id="cfm_slow_4" eclass="HBEFA3/PC_G_EU4" CO2="72108.23" CO="1567.10" HC="8.95" NOx="33.03" PMx="1.92" fuel="31.00" electricity="0.00" noise="100.13" route="routebottom" type="cfm_slow" waiting="0.00" lane="bottom_0" pos="25.30" speed="40.64" angle="48.97" x="110.26" y="17.92"/>
    </timestep>
    <timestep time="2.75">
        <vehicle id="cfm_slow_0" eclass="HBEFA3/PC_G_EU4" CO2="71662.97" CO="1558.88" HC="8.90" NOx="32.82" PMx="1.91" fuel="30.80" electricity="0.00" noise="99.93" route="routebottom" type="cfm_slow" waiting="0.00" lane="right_0" pos="15.70" speed="40.70" angle="336.22" x="121.17" y="94.60"/>
        <vehicle id="cfm_slow_1" eclass="HBEFA3/PC_G_EU4" CO2="71662.97" CO="1558.88" HC="8.90" NOx="32.82" PMx="1.91" fuel="30.80" electricity="0.00" noise="99.93" route="routetop" type="cfm_slow" waiting="0.00" lane="top_0" pos="5.70" speed="40.70" angle="264.24" x="52.00" y="127.91"/>
        <vehicle id="cfm_slow_2" eclass="HBEFA3/PC_G_EU4" CO2="71662.97" CO="1558.88" HC="8.90" NOx="32.82" PMx="1.91" fuel="30.80" electricity="0.00" noise="99.93" route="routetop" type="cfm_slow" waiting="0.00" lane="top_0" pos="45.70" speed="40.70" angle="192.27" x="-1.05" y="72.47"/>
        <vehicle id="cfm_slow_3" eclass="HBEFA3/PC_G_EU4" CO2="71662.97" CO="1558.88" HC="8.90" NOx="32.82" PMx="1.91" fuel="30.80" electricity="0.00" noise="99.93" route="routetop" type="cfm_slow" waiting="0.00" lane="left_0" pos="35.70" speed="40.70" angle="120.29" x="35.29" y="4.83"/>
        <vehicle id="cfm_slow_4" eclass="HBEFA3/PC_G_EU4" CO2="71662.97" CO="1558.88" HC="8.90" NOx="32.82" PMx="1.91" fuel="30.80" electricity="0.00" noise="99.93" route="routebottom" type="cfm_slow" waiting="0.00" lane="bottom_0" pos="25.70" speed="40.70" angle="48.26" x="110.85" y="18.51"/>
    </timestep>
    <timestep time="2.76">
        <vehicle id="cfm_slow_0" eclass="HBEFA3/PC_G_EU4" CO2="71220.24" CO="1550.70" HC="8.86" NOx="32.61" PMx="1.90" fuel="30.61" electricity="0.00" noise="99.73" route="routebottom" type="cfm_slow" waiting="0.00" lane="right_0" pos="16.11" speed="40.76" angle="335.50" x="120.77" y="95.33"/>
        <vehicle id="cfm_slow_1" eclass="HBEFA3/PC_G_EU4" CO2="71220.24" CO="1550.70" HC="8.86" NOx="32.61" PMx="1.90" fuel="30.61" electricity="0.00" noise="99.73" route="routetop" type="cfm_slow" waiting="0.00" lane="top_0" pos="6.11" speed="40.76" angle="263.49" x="51.18" y="127.76"/>
        <vehicle id="cfm_slow_2" eclass="HBEFA3/PC_G_EU4" CO2="71220.24" CO="1550.70" HC="8.86" NOx="32.61" PMx="1.90" fuel="30.61" electricity="0.00" noise="99.73" route="routetop" type="cfm_slow" waiting="0.00" lane="top_0" pos="46.11" speed="40.76" angle="191.56" x="-1.16" y="71.64"/>
        <vehicle id="cfm_slow_3" eclass="HBEFA3/PC_G_EU4" CO2="71220.24" CO="1550.70" HC="8.86" NOx="32.61" PMx="1.90" fuel="30.61" electricity="0.00" noise="99.73" route="routetop" type="cfm_slow" waiting="0.00" lane="left_0" pos="36.11" speed="40.76" angle="119.58" x="36.05" y="4.48"/>
        <vehicle id="cfm_slow_4" eclass="HBEFA3/PC_G_EU4" CO2="71220.24" CO="1550.70" HC="8.86" NOx="32.61" PMx="1.90" fuel="30.61" electricity="0.00" noise="99.73" route="routebottom" type="cfm_slow" waiting="0.00" lane="bottom_0" pos="26.11" speed="40.76" angle="47.52" x="111.42" y="19.13"/>
    </timestep>
    <timestep time="2.77">
        <vehicle id="cfm_slow_0" eclass="HBEFA3/PC_G_EU4" CO2="70780.04" CO="1542.57" HC="8.81" NOx="32.40" PMx="1.89" fuel="30.42" electricity="0.00" noise="99.53" route="routebottom" type="cfm_slow" waiting="0.00" lane="right_0" pos="16.52" speed="40.81" angle="334.77" x="120.36" y="96.06"/>
        <vehicle id="cfm_slow_1" eclass="HBEFA3/PC_G_EU4" CO2="70780.04" CO="1542.57" HC="8.81" NOx="32.40" PMx="1.89" fuel="30.42" electricity="0.00" noise="99.53" route="routetop" type="cfm_slow" waiting="0.00" lane="top_0" pos="6.52" speed="40.81" angle="262.78" x="50.36" y="127.60"/>
        <vehicle id="cfm_slow_2" eclass="HBEFA3/PC_G_EU4" CO2="70780.04" CO="1542.57" HC="8.81" NOx="32.40" PMx="1.89" fuel="30.42" electricity="0.00" noise="99.53" route="routetop" type="cfm_slow" waiting="0.00" lane="top_0" pos="46.52" speed="40.81" angle="190.83" x="-1.25" y="70.81"/>
        <vehicle id="cfm_slow_3" eclass="HBEFA3/PC_G_EU4" CO2="70780.04" CO="1542.57" HC="8.81" NOx="32.40" PMx="1.89" fuel="30.42" electricity="0.00" noise="99.53" route="routetop" type="cfm_slow" waiting="0.00" lane="left_0" pos="36.52" speed="40.81" angle="118.80" x="36.81" y="4.13"/>
        <vehicle id="cfm_slow_4" eclass="HBEFA3/PC_G_EU4" CO2="70780.04" CO="1542.57" HC="8.81" NOx="32.40" PMx="1.89" fuel="30.42" electricity="0.00" noise="99.53" route="routebottom" type="cfm_slow" waiting="0.00" lane="bottom_0" pos="26.52" speed="40.81" angle="46.78" x="111.98" y="19.74"/>
    </timestep>
    <timestep time="2.78">
        <vehicle id="cfm_slow_0" eclass="HBEFA3/PC_G_EU4" CO2="70342.37" CO="1534.48" HC="8.76" NOx="32.20" PMx="1.88" fuel="30.24" electricity="0.00" noise="99.33" route="routebottom" type="cfm_slow" waiting="0.00" lane="right_0" pos="16.93" speed="40.87" angle="334.07" x="119.94" y="96.78"/>
        <vehicle id="cfm_slow_1" eclass="HBEFA3/PC_G_EU4" CO2="70342.37" CO="1534.48" HC="8.76" NOx="32.20" PMx="1.88" fuel="30.24" electricity="0.00" noise="99.33" route="routetop" type="cfm_slow" waiting="0.00" lane="top_0" pos="6.93" speed="40.87" angle="261.99" x="49.54" y="127.42"/>
        <vehicle id="cfm_slow_2" eclass="HBEFA3/PC_G_EU4" CO2="70342.37" CO="1534.48" HC="8.76" NOx="32.20" PMx="1.88" fuel="30.24" electricity="0.00" noise="99.33" route="routetop" type="cfm_slow" waiting="0.00" lane="top_0" pos="46.93" speed="40.87" angle="190.06" x="-1.33" y="69.98"/>
        <vehicle id="cfm_slow_3" eclass="HBEFA3/PC_G_EU4" CO2="70342.37" CO="1534.48" HC="8.76" NOx="32.20" PMx="1.88" fuel="30.24" electricity="0.00" noise="99.33" route="routetop" type="cfm_slow" waiting="0.00" lane="left_0" pos="36.93" speed="40.87" angle="118.02" x="37.58" y="3.79"/>
        <vehicle id="cfm_slow_4" eclass="HBEFA3/PC_G_EU4" CO2="70342.37" CO="1534.48" HC="8.76" NOx="32.20" PMx="1.88" fuel="30.24" electricity="0.00" noise="99.33" route="routebottom" type="cfm_slow" waiting="0.00" lane="bottom_0" pos="26.93" speed="40.87" angle="46.09" x="112.55" y="20.36"/>
    </timestep>
    <timestep time="2.79">
        <vehicle id="cfm_slow_0" eclass="HBEFA3/PC_G_EU4" CO2="69907.23" CO="1526.44" HC="8.71" NOx="31.99" PMx="1.86" fuel="30.05" electricity="0.00" noise="99.13" route="routebottom" type="cfm_slow" waiting="0.00" lane="right_0" pos="17.34" speed="40.93" angle="333.31" x="119.51" y="97.50"/>
        <vehicle id="cfm_slow_1" eclass="HBEFA3/PC_G_EU4" CO2="69907.23" CO="1526.44" HC="8.71" NOx="31.99" PMx="1.86" fuel="30.05" electricity="0.00" noise="99.13" route="routetop" type="cfm_slow" waiting="0.00" lane="top_0" pos="7.34" speed="40.93" angle="261.20" x="48.72" y="127.23"/>
        <vehicle id="cfm_slow_2" eclass="HBEFA3/PC_G_EU4" CO2="69907.23" CO="1526.44" HC="8.71" NOx="31.99" PMx="1.86" fuel="30.05" electricity="0.00" noise="99.13" route="routetop" type="cfm_slow" waiting="0.00" lane="top_0" pos="47.34" speed="40.93" angle="189.30" x="-1.42" y="69.14"/>
        <vehicle id="cfm_slow_3" eclass="HBEFA3/PC_G_EU4" CO2="69907.23" CO="1526.44" HC="8.71" NOx="31.99" PMx="1.86" fuel="30.05" electricity="0.00" noise="99.13" route="routetop" type="cfm_slow" waiting="0.00" lane="left_0" pos="37.34" speed="40.93" angle="117.32" x="38.35" y="3.46"/>
        <vehicle id="cfm_slow_4" eclass="HBEFA3/PC_G_EU4" CO2="69907.23" CO="1526.44" HC="8.71" NOx="31.99" PMx="1.86" fuel="30.05" electricity="0.00" noise="99.13" route="routebottom" type="cfm_slow" waiting="0.00" lane="bottom_0" pos="27.34" speed="40.93" angle="45.31" x="113.10" y="21.00"/>
    </timestep>
    <timestep time="2.80">
        <vehicle id="cfm_slow_0" eclass="HBEFA3/PC_G_EU4" CO2="69474.64" CO="1518.45" HC="8.67" NOx="31.79" PMx="1.85" fuel="29.86" electricity="0.00" noise="98.93" route="routebottom" type="cfm_slow" waiting="0.00" lane="right_0" pos="17.75" speed="40.98" angle="332.55" x="119.08" y="98.22"/>
        <vehicle id="cfm_slow_1" eclass="HBEFA3/PC_G_EU4" CO2="69474.64" CO="1518.45" HC="8.67" NOx="31.79" PMx="1.85" fuel="29.86" electricity="0.00" noise="98.93" route="routetop" type="cfm_slow" waiting="0.00" lane="top_0" pos="7.75" speed="40.98" angle="260.49" x="47.90" y="127.04"/>
        <vehicle id="cfm_slow_2" eclass="HBEFA3/PC_G_EU4" CO2="69474.64" CO="1518.45" HC="8.67" NOx="31.79" PMx="1.85" fuel="29.86" electricity="0.00" noise="98.93" route="routetop" type="cfm_slow" waiting="0.00" lane="top_0" pos="47.75" speed="40.98" angle="188.60" x="-1.48" y="68.30"/>
        <vehicle id="cfm_slow_3" eclass="HBEFA3/PC_G_EU4" CO2="69474.64" CO="1518.45" HC="8.67" NOx="31.79" PMx="1.85" fuel="29.86" electricity="0.00" noise="98.93" route="routetop" type="cfm_slow" waiting="0.00" lane="left_0" pos="37.75" speed="40.98" angle="116.55" x="39.13" y="3.15"/>
        <vehicle id="cfm_slow_4" eclass="HBEFA3/PC_G_EU4" CO2="69474.64" CO="1518.45" HC="8.67" NOx="31.79" PMx="1.85" fuel="29.86" electricity="0.00" noise="98.93" route="routebottom" type="cfm_slow" waiting="0.00" lane="bottom_0" pos="27.75" speed="40.98" angle="44.53" x="113.64" y="21.64"/>
    </timestep>
    <timestep time="2.81">
        <vehicle id="cfm_slow_0" eclass="HBEFA3/PC_G_EU4" CO2="69044.58" CO="1510.50" HC="8.62" NOx="31.58" PMx="1.84" fuel="29.68" electricity="0.00" noise="98.74" route="routebottom" type="cfm_slow" waiting="0.00" lane="right_0" pos="18.16" speed="41.04" angle="331.84" x="118.63" y="98.94"/>
        <vehicle id="cfm_slow_1" eclass="HBEFA3/PC_G_EU4" CO2="69044.58" CO="1510.50" HC="8.62" NOx="31.58" PMx="1.84" fuel="29.68" electricity="0.00" noise="98.74" route="routetop" type="cfm_slow" waiting="0.00" lane="top_0" pos="8.16" speed="41.04" angle="259.76" x="47.09" y="126.82"/>
        <vehicle id="cfm_slow_2" eclass="HBEFA3/PC_G_EU4" CO2="69044.58" CO="1510.50" HC="8.62" NOx="31.58" PMx="1.84" fuel="29.68" electricity="0.00" noise="98.74" route="routetop" type="cfm_slow" waiting="0.00" lane="top_0" pos="48.16" speed="41.04" angle="187.85" x="-1.53" y="67.47"/>
        <vehicle id="cfm_slow_3" eclass="HBEFA3/PC_G_EU4" CO2="69044.58" CO="1510.50" HC="8.62" NOx="31.58" PMx="1.84" fuel="29.68" electricity="0.00" noise="98.74" route="routetop" type="cfm_slow" waiting="0.00" lane="left_0" pos="38.16" speed="41.04" angle="115.78" x="39.91" y="2.84"/>
        <vehicle id="cfm_slow_4" eclass="HBEFA3/PC_G_EU4" CO2="69044.58" CO="1510.50" HC="8.62" NOx="31.58" PMx="1.84" fuel="29.68" electricity="0.00" noise="98.74" route="routebottom" type="cfm_slow" waiting="0.00" lane="bottom_0" pos="28.16" speed="41.04" angle="43.79" x="114.18" y="22.28"/>
    </timestep>
    <timestep time="2.82">
        <vehicle id="cfm_slow_0" eclass="HBEFA3/PC_G_EU4" CO2="68617.07" CO="1502.60" HC="8.57" NOx="31.38" PMx="1.83" fuel="29.50" electricity="0.00" noise="98.55" route="routebottom" type="cfm_slow" waiting="0.00" lane="right_0" pos="18.57" speed="41.09" angle="331.07" x="118.16" y="99.64"/>
        <vehicle id="cfm_slow_1" eclass="HBEFA3/PC_G_EU4" CO2="68617.07" CO="1502.60" HC="8.57" NOx="31.38" PMx="1.83" fuel="29.50" electricity="0.00" noise="98.55" route="routetop" type="cfm_slow" waiting="0.00" lane="top_0" pos="8.57" speed="41.09" angle="259.03" x="46.27" y="126.61"/>
        <vehicle id="cfm_slow_2" eclass="HBEFA3/PC_G_EU4" CO2="68617.07" CO="1502.60" HC="8.57" NOx="31.38" PMx="1.83" fuel="29.50" electricity="0.00" noise="98.55" route="routetop" type="cfm_slow" waiting="0.00" lane="top_0" pos="48.57" speed="41.09" angle="187.09" x="-1.58" y="66.62"/>
        <vehicle id="cfm_slow_3" eclass="HBEFA3/PC_G_EU4" CO2="68617.07" CO="1502.60" HC="8.57" NOx="31.38" PMx="1.83" fuel="29.50" electricity="0.00" noise="98.55" route="routetop" type="cfm_slow" waiting="0.00" lane="left_0" pos="38.57" speed="41.09" angle="115.07" x="40.70" y="2.53"/>
        <vehicle id="cfm_slow_4" eclass="HBEFA3/PC_G_EU4" CO2="68617.07" CO="1502.60" HC="8.57" NOx="31.38" PMx="1.83" fuel="29.50" electricity="0.00" noise="98.55" route="routebottom" type="cfm_slow" waiting="0.00" lane="bottom_0" pos="28.57" speed="41.09" angle="43.05" x="114.70" y="22.94"/>
    </timestep>
    <timestep time="2.83">
        <vehicle id="cfm_slow_0" eclass="HBEFA3/PC_G_EU4" CO2="68192.11" CO="1494.75" HC="8.53" NOx="31.18" PMx="1.82" fuel="29.31" electricity="0.00" noise="98.36" route="routebottom" type="cfm_slow" waiting="0.00" lane="right_0" pos="18.98" speed="41.14" angle="330.29" x="117.69" y="100.34"/>
        <vehicle id="cfm_slow_1" eclass="HBEFA3/PC_G_EU4" CO2="68192.11" CO="1494.75" HC="8.53" NOx="31.18" PMx="1.82" fuel="29.31" electricity="0.00" noise="98.36" route="routetop" type="cfm_slow" waiting="0.00" lane="top_0" pos="8.98" speed="41.14" angle="258.36" x="45.46" y="126.39"/>
        <vehicle id="cfm_slow_2" eclass="HBEFA3/PC_G_EU4" CO2="68192.11" CO="1494.75" HC="8.53" NOx="31.18" PMx="1.82" fuel="29.31" electricity="0.00" noise="98.36" route="routetop" type="cfm_slow" waiting="0.00" lane="top_0" pos="48.98" speed="41.14" angle="186.38" x="-1.61" y="65.78"/>
        <vehicle id="cfm_slow_3" eclass="HBEFA3/PC_G_EU4" CO2="68192.11" CO="1494.75" HC="8.53" NOx="31.18" PMx="1.82" fuel="29.31" electricity="0.00" noise="98.36" route="routetop" type="cfm_slow" waiting="0.00" lane="left_0" pos="38.98" speed="41.14" angle="114.32" x="41.49" y="2.25"/>
        <vehicle id="cfm_slow_4" eclass="HBEFA3/PC_G_EU4" CO2="68192.11" CO="1494.75" HC="8.53" NOx="31.18" PMx="1.82" fuel="29.31" electricity="0.00" noise="98.36" route="routebottom" type="cfm_slow" waiting="0.00" lane="bottom_0" pos="28.98" speed="41.14" angle="42.28" x="115.22" y="23.61"/>
    </timestep>
    <timestep time="2.84">
        <vehicle id="cfm_slow_0" eclass="HBEFA3/PC_G_EU4" CO2="67769.69" CO="1486.94" HC="8.48" NOx="30.98" PMx="1.81" fuel="29.13" electricity="0.00" noise="98.17" route="routebottom" type="cfm_slow" waiting="0.00" lane="right_0" pos="19.39" speed="41.20" angle="329.57" x="117.21" y="101.03"/>
        <vehicle id="cfm_slow_1" eclass="HBEFA3/PC_G_EU4" CO2="67769.69" CO="1486.94" HC="8.48" NOx="30.98" PMx="1.81" fuel="29.13" electricity="0.00" noise="98.17" route="routetop" type="cfm_slow" waiting="0.00" lane="top_0" pos="9.39" speed="41.20" angle="257.60" x="44.65" y="126.14"/>
        <vehicle id="cfm_slow_2" eclass="HBEFA3/PC_G_EU4" CO2="67769.69" CO="1486.94" HC="8.48" NOx="30.98" PMx="1.81" fuel="29.13" electricity="0.00" noise="98.17" route="routetop" type="cfm_slow" waiting="0.00" lane="top_0" pos="49.39" speed="41.20" angle="185.60" x="-1.63" y="64.94"/>
        <vehicle id="cfm_slow_3" eclass="HBEFA3/PC_G_EU4" CO2="67769.69" CO="1486.94" HC="8.48" NOx="30.98" PMx="1.81" fuel="29.13" electricity="0.00" noise="98.17" route="routetop" type="cfm_slow" waiting="0.00" lane="left_0" pos="39.39" speed="41.20" angle="113.56" x="42.28" y="1.96"/>
        <vehicle id="cfm_slow_4" eclass="HBEFA3/PC_G_EU4" CO2="67769.69" CO="1486.94" HC="8.48" NOx="30.98" PMx="1.81" fuel="29.13" electricity="0.00" noise="98.17" route="routebottom" type="cfm_slow" waiting="0.00" lane="bottom_0" pos="29.39" speed="41.20" angle="41.54" x="115.75" y="24.27"/>
    </timestep>
    <timestep time="2.85">
        <vehicle id="cfm_slow_0" eclass="HBEFA3/PC_G_EU4" CO2="67349.82" CO="1479.18" HC="8.43" NOx="30.78" PMx="1.80" fuel="28.95" electricity="0.00" noise="97.99" route="routebottom" type="cfm_slow" waiting="0.00" lane="right_0" pos="19.80" speed="41.25" angle="328.81" x="116.72" y="101.72"/>
        <vehicle id="cfm_slow_1" eclass="HBEFA3/PC_G_EU4" CO2="67349.82" CO="1479.18" HC="8.43" NOx="30.78" PMx="1.80" fuel="28.95" electricity="0.00" noise="97.99" route="routetop" type="cfm_slow" waiting="0.00" lane="top_0" pos="9.80" speed="41.25" angle="256.85" x="43.84" y="125.89"/>
        <vehicle id="cfm_slow_2" eclass="HBEFA3/PC_G_EU4" CO2="67349.82" CO="1479.18" HC="8.43" NOx="30.78" PMx="1.80" fuel="28.95" electricity="0.00" noise="97.99" route="routetop" type="cfm_slow" waiting="0.00" lane="top_0" pos="49.80" speed="41.25" angle="184.82" x="-1.64" y="64.09"/>
        <vehicle id="cfm_slow_3" eclass="HBEFA3/PC_G_EU4" CO2="67349.82" CO="1479.18" HC="8.43" NOx="30.78" PMx="1.80" fuel="28.95" electricity="0.00" noise="97.99" route="routetop" type="cfm_slow" waiting="0.00" lane="left_0" pos="39.80" speed="41.25" angle="112.86" x="43.08" y="1.68"/>
        <vehicle id="cfm_slow_4" eclass="HBEFA3/PC_G_EU4" CO2="67349.82" CO="1479.18" HC="8.43" NOx="30.78" PMx="1.80" fuel="28.95" electricity="0.00" noise="97.99" route="routebottom" type="cfm_slow" waiting="0.00" lane="bottom_0" pos="29.80" speed="41.25" angle="40.84" x="116.25" y="24.95"/>
    </timestep>
    <timestep time="2.86">
        <vehicle id="cfm_slow_0" eclass="HBEFA3/PC_G_EU4" CO2="66932.49" CO="1471.47" HC="8.39" NOx="30.58" PMx="1.79" fuel="28.77" electricity="0.00" noise="97.80" route="routebottom" type="cfm_slow" waiting="0.00" lane="right_0" pos="20.22" speed="41.30" angle="328.04" x="116.22" y="102.41"/>
        <vehicle id="cfm_slow_1" eclass="HBEFA3/PC_G_EU4" CO2="66932.49" CO="1471.47" HC="8.39" NOx="30.58" PMx="1.79" fuel="28.77" electricity="0.00" noise="97.80" route="routetop" type="cfm_slow" waiting="0.00" lane="top_0" pos="10.22" speed="41.30" angle="256.13" x="43.04" y="125.64"/>
        <vehicle id="cfm_slow_2" eclass="HBEFA3/PC_G_EU4" CO2="66932.49" CO="1471.47" HC="8.39" NOx="30.58" PMx="1.79" fuel="28.77" electricity="0.00" noise="97.80" route="routetop" type="cfm_slow" waiting="0.00" lane="left_0" pos="0.22" speed="41.30" angle="184.09" x="-1.64" y="63.18"/>
        <vehicle id="cfm_slow_3" eclass="HBEFA3/PC_G_EU4" CO2="66932.49" CO="1471.47" HC="8.39" NOx="30.58" PMx="1.79" fuel="28.77" electricity="0.00" noise="97.80" route="routetop" type="cfm_slow" waiting="0.00" lane="left_0" pos="40.22" speed="41.30" angle="112.10" x="43.89" y="1.43"/>
        <vehicle id="cfm_slow_4" eclass="HBEFA3/PC_G_EU4" CO2="66932.49" CO="1471.47" HC="8.39" NOx="30.58" PMx="1.79" fuel="28.77" electricity="0.00" noise="97.80" route="routebottom" type="cfm_slow" waiting="0.00" lane="bottom_0" pos="30.22" speed="41.30" angle="40.10" x="116.74" y="25.64"/>
    </timestep>
    <timestep time="2.87">
        <vehicle id="cfm_slow_0" eclass="HBEFA3/PC_G_EU4" CO2="66517.72" CO="1463.81" HC="8.34" NOx="30.38" PMx="1.78" fuel="28.59" electricity="0.00" noise="97.62" route="routebottom" type="cfm_slow" waiting="0.00" lane="right_0" pos="20.63" speed="41.35" angle="327.33" x="115.72" y="103.09"/>
        <vehicle id="cfm_slow_1" eclass="HBEFA3/PC_G_EU4" CO2="66517.72" CO="1463.81" HC="8.34" NOx="30.38" PMx="1.78" fuel="28.59" electricity="0.00" noise="97.62" route="routetop" type="cfm_slow" waiting="0.00" lane="top_0" pos="10.63" speed="41.35" angle="255.35" x="42.24" y="125.35"/>
        <vehicle id="cfm_slow_2" eclass="HBEFA3/PC_G_EU4" CO2="66517.72" CO="1463.81" HC="8.34" NOx="30.38" PMx="1.78" fuel="28.59" electricity="0.00" noise="97.62" route="routetop" type="cfm_slow" waiting="0.00" lane="left_0" pos="0.63" speed="41.35" angle="183.34" x="-1.63" y="62.34"/>
        <vehicle id="cfm_slow_3" eclass="HBEFA3/PC_G_EU4" CO2="66517.72" CO="1463.81" HC="8.34" NOx="30.38" PMx="1.78" fuel="28.59" electricity="0.00" noise="97.62" route="routetop" type="cfm_slow" waiting="0.00" lane="left_0" pos="40.63" speed="41.35" angle="111.33" x="44.70" y="1.18"/>
        <vehicle id="cfm_slow_4" eclass="HBEFA3/PC_G_EU4" CO2="66517.72" CO="1463.81" HC="8.34" NOx="30.38" PMx="1.78" fuel="28.59" electricity="0.00" noise="97.62" route="routebottom" type="cfm_slow" waiting="0.00" lane="bottom_0" pos="30.63" speed="41.35" angle="39.35" x="117.24" y="26.33"/>
    </timestep>
    <timestep time="2.88">
        <vehicle id="cfm_slow_0" eclass="HBEFA3/PC_G_EU4" CO2="66105.48" CO="1456.19" HC="8.30" NOx="30.19" PMx="1.77" fuel="28.42" electricity="0.00" noise="97.44" route="routebottom" type="cfm_slow" waiting="0.00" lane="right_0" pos="21.05" speed="41.41" angle="326.57" x="115.19" y="103.76"/>
        <vehicle id="cfm_slow_1" eclass="HBEFA3/PC_G_EU4" CO2="66105.48" CO="1456.19" HC="8.30" NOx="30.19" PMx="1.77" fuel="28.42" electricity="0.00" noise="97.44" route="routetop" type="cfm_slow" waiting="0.00" lane="top_0" pos="11.05" speed="41.41" angle="254.54" x="41.44" y="125.06"/>
        <vehicle id="cfm_slow_2" eclass="HBEFA3/PC_G_EU4" CO2="66105.48" CO="1456.19" HC="8.30" NOx="30.19" PMx="1.77" fuel="28.42" electricity="0.00" noise="97.44" route="routetop" type="cfm_slow" waiting="0.00" lane="left_0" pos="1.05" speed="41.41" angle="182.58" x="-1.61" y="61.49"/>
        <vehicle id="cfm_slow_3" eclass="HBEFA3/PC_G_EU4" CO2="66105.48" CO="1456.19" HC="8.30" NOx="30.19" PMx="1.77" fuel="28.42" electricity="0.00" noise="97.44" route="routetop" type="cfm_slow" waiting="0.00" lane="left_0" pos="41.05" speed="41.41" angle="110.62" x="45.51" y="0.92"/>
        <vehicle id="cfm_slow_4" eclass="HBEFA3/PC_G_EU4" CO2="66105.48" CO="1456.19" HC="8.30" NOx="30.19" PMx="1.77" fuel="28.42" electricity="0.00" noise="97.44" route="routebottom" type="cfm_slow" waiting="0.00" lane="bottom_0" pos="31.05" speed="41.41" angle="38.65" x="117.72" y="27.03"/>
    </timestep>
    <timestep time="2.89">
        <vehicle id="cfm_slow_0" eclass="HBEFA3/PC_G_EU4" CO2="65695.80" CO="1448.61" HC="8.25" NOx="29.99" PMx="1.76" fuel="28.24" electricity="0.00" noise="97.26" route="routebottom" type="cfm_slow" waiting="0.00" lane="right_0" pos="21.46" speed="41.46" angle="325.82" x="114.67" y="104.43"/>
        <vehicle id="cfm_slow_1" eclass="HBEFA3/PC_G_EU4" CO2="65695.80" CO="1448.61" HC="8.25" NOx="29.99" PMx="1.76" fuel="28.24" electricity="0.00" noise="97.26" route="routetop" type="cfm_slow" waiting="0.00" lane="top_0" pos="11.46" speed="41.46" angle="253.76" x="40.64" y="124.77"/>
        <vehicle id="cfm_slow_2" eclass="HBEFA3/PC_G_EU4" CO2="65695.80" CO="1448.61" HC="8.25" NOx="29.99" PMx="1.76" fuel="28.24" electricity="0.00" noise="97.26" route="routetop" type="cfm_slow" waiting="0.00" lane="left_0" pos="1.46" speed="41.46" angle="181.87" x="-1.58" y="60.64"/>
        <vehicle id="cfm_slow_3" eclass="HBEFA3/PC_G_EU4" CO2="65695.80" CO="1448.61" HC="8.25" NOx="29.99" PMx="1.76" fuel="28.24" electricity="0.00" noise="97.26" route="routetop" type="cfm_slow" waiting="0.00" lane="left_0" pos="41.46" speed="41.46" angle="109.86" x="46.33" y="0.70"/>
        <vehicle id="cfm_slow_4" eclass="HBEFA3/PC_G_EU4" CO2="65695.80" CO="1448.61" HC="8.25" NOx="29.99" PMx="1.76" fuel="28.24" electricity="0.00" noise="97.26" route="routebottom" type="cfm_slow" waiting="0.00" lane="bottom_0" pos="31.46" speed="41.46" angle="37.89" x="118.19" y="27.73"/>
    </timestep>
    <timestep time="2.90">
        <vehicle id="cfm_slow_0" eclass="HBEFA3/PC_G_EU4" CO2="65288.66" CO="1441.09" HC="8.21" NOx="29.80" PMx="1.75" fuel="28.06" electricity="0.00" noise="97.08" route="routebottom" type="cfm_slow" waiting="0.00" lane="right_0" pos="21.87" speed="41.51" angle="325.11" x="114.14" y="105.09"/>
        <vehicle id="cfm_slow_1" eclass="HBEFA3/PC_G_EU4" CO2="65288.66" CO="1441.09" HC="8.21" NOx="29.80" PMx="1.75" fuel="28.06" electricity="0.00" noise="97.08" route="routetop" type="cfm_slow" waiting="0.00" lane="top_0" pos="11.87" speed="41.51" angle="253.06" x="39.85" y="124.46"/>
        <vehicle id="cfm_slow_2" eclass="HBEFA3/PC_G_EU4" CO2="65288.66" CO="1441.09" HC="8.21" NOx="29.80" PMx="1.75" fuel="28.06" electricity="0.00" noise="97.08" route="routetop" type="cfm_slow" waiting="0.00" lane="left_0" pos="1.87" speed="41.51" angle="181.12" x="-1.52" y="59.79"/>
        <vehicle id="cfm_slow_3" eclass="HBEFA3/PC_G_EU4" CO2="65288.66" CO="1441.09" HC="8.21" NOx="29.80" PMx="1.75" fuel="28.06" electricity="0.00" noise="97.08" route="routetop" type="cfm_slow" waiting="0.00" lane="left_0" pos="41.87" speed="41.51" angle="109.10" x="47.15" y="0.48"/>
        <vehicle id="cfm_slow_4" eclass="HBEFA3/PC_G_EU4" CO2="65288.66" CO="1441.09" HC="8.21" NOx="29.80" PMx="1.75" fuel="28.06" electricity="0.00" noise="97.08" route="routebottom" type="cfm_slow" waiting="0.00" lane="bottom_0" pos="31.87" speed="41.51" angle="37.13" x="118.66" y="28.44"/>
    </timestep>
    <timestep time="2.91">
        <vehicle id="cfm_slow_0" eclass="HBEFA3/PC_G_EU4" CO2="64884.06" CO="1433.61" HC="8.17" NOx="29.61" PMx="1.74" fuel="27.89" electricity="0.00" noise="96.91" route="routebottom" type="cfm_slow" waiting="0.00" lane="right_0" pos="22.29" speed="41.56" angle="324.35" x="113.59" y="105.74"/>
        <vehicle id="cfm_slow_1" eclass="HBEFA3/PC_G_EU4" CO2="64884.06" CO="1433.61" HC="8.17" NOx="29.61" PMx="1.74" fuel="27.89" electricity="0.00" noise="96.91" route="routetop" type="cfm_slow" waiting="0.00" lane="top_0" pos="12.29" speed="41.56" angle="252.33" x="39.06" y="124.14"/>
        <vehicle id="cfm_slow_2" eclass="HBEFA3/PC_G_EU4" CO2="64884.06" CO="1433.61" HC="8.17" NOx="29.61" PMx="1.74" fuel="27.89" electricity="0.00" noise="96.91" route="routetop" type="cfm_slow" waiting="0.00" lane="left_0" pos="2.29" speed="41.56" angle="180.36" x="-1.47" y="58.94"/>
        <vehicle id="cfm_slow_3" eclass="HBEFA3/PC_G_EU4" CO2="64884.06" CO="1433.61" HC="8.17" NOx="29.61" PMx="1.74" fuel="27.89" electricity="0.00" noise="96.91" route="routetop" type="cfm_slow" waiting="0.00" lane="left_0" pos="42.29" speed="41.56" angle="108.39" x="47.98" y="0.26"/>
        <vehicle id="cfm_slow_4" eclass="HBEFA3/PC_G_EU4" CO2="64884.06" CO="1433.61" HC="8.17" NOx="29.61" PMx="1.74" fuel="27.89" electricity="0.00" noise="96.91" route="routebottom" type="cfm_slow" waiting="0.00" lane="bottom_0" pos="32.29" speed="41.56" angle="36.43" x="119.12" y="29.16"/>
    </timestep>
    <timestep time="2.92">
        <vehicle id="cfm_slow_0" eclass="HBEFA3/PC_G_EU4" CO2="64482.00" CO="1426.17" HC="8.12" NOx="29.42" PMx="1.73" fuel="27.72" electricity="0.00" noise="96.73" route="routebottom" type="cfm_slow" waiting="0.00" lane="right_0" pos="22.71" speed="41.61" angle="323.59" x="113.04" y="106.40"/>
        <vehicle id="cfm_slow_1" eclass="HBEFA3/PC_G_EU4" CO2="64482.00" CO="1426.17" HC="8.12" NOx="29.42" PMx="1.73" fuel="27.72" electricity="0.00" noise="96.73" route="routetop" type="cfm_slow" waiting="0.00" lane="top_0" pos="12.71" speed="41.61" angle="251.61" x="38.26" y="123.83"/>
        <vehicle id="cfm_slow_2" eclass="HBEFA3/PC_G_EU4" CO2="64482.00" CO="1426.17" HC="8.12" NOx="29.42" PMx="1.73" fuel="27.72" electricity="0.00" noise="96.73" route="routetop" type="cfm_slow" waiting="0.00" lane="left_0" pos="2.71" speed="41.61" angle="179.64" x="-1.41" y="58.09"/>
        <vehicle id="cfm_slow_3" eclass="HBEFA3/PC_G_EU4" CO2="64482.00" CO="1426.17" HC="8.12" NOx="29.42" PMx="1.73" fuel="27.72" electricity="0.00" noise="96.73" route="routetop" type="cfm_slow" waiting="0.00" lane="left_0" pos="42.71" speed="41.61" angle="107.66" x="48.81" y="0.07"/>
        <vehicle id="cfm_slow_4" eclass="HBEFA3/PC_G_EU4" CO2="64482.00" CO="1426.17" HC="8.12" NOx="29.42" PMx="1.73" fuel="27.72" electricity="0.00" noise="96.73" route="routebottom" type="cfm_slow" waiting="0.00" lane="bottom_0" pos="32.71" speed="41.61" angle="35.65" x="119.55" y="29.89"/>
    </timestep>
    <timestep time="2.93">
        <vehicle id="cfm_slow_0" eclass="HBEFA3/PC_G_EU4" CO2="64082.48" CO="1418.79" HC="8.08" NOx="29.23" PMx="1.72" fuel="27.55" electricity="0.00" noise="96.56" route="routebottom" type="cfm_slow" waiting="0.00" lane="right_0" pos="23.12" speed="41.66" angle="322.91" x="112.49" y="107.05"/>
        <vehicle id="cfm_slow_1" eclass="HBEFA3/PC_G_EU4" CO2="64082.48" CO="1418.79" HC="8.08" NOx="29.23" PMx="1.72" fuel="27.55" electricity="0.00" noise="96.56" route="routetop" type="cfm_slow" waiting="0.00" lane="top_0" pos="13.12" speed="41.66" angle="250.88" x="37.48" y="123.49"/>
        <vehicle id="cfm_slow_2" eclass="HBEFA3/PC_G_EU4" CO2="64082.48" CO="1418.79" HC="8.08" NOx="29.23" PMx="1.72" fuel="27.55" electricity="0.00" noise="96.56" route="routetop" type="cfm_slow" waiting="0.00" lane="left_0" pos="3.12" speed="41.66" angle="178.89" x="-1.32" y="57.24"/>
        <vehicle id="cfm_slow_3" eclass="HBEFA3/PC_G_EU4" CO2="64082.48" CO="1418.79" HC="8.08" NOx="29.23" PMx="1.72" fuel="27.55" electricity="0.00" noise="96.56" route="routetop" type="cfm_slow" waiting="0.00" lane="left_0" pos="43.12" speed="41.66" angle="106.91" x="49.64" y="-0.11"/>
        <vehicle id="cfm_slow_4" eclass="HBEFA3/PC_G_EU4" CO2="64082.48" CO="1418.79" HC="8.08" NOx="29.23" PMx="1.72" fuel="27.55" electricity="0.00" noise="96.56" route="routebottom" type="cfm_slow" waiting="0.00" lane="bottom_0" pos="33.12" speed="41.66" angle="34.87" x="119.99" y="30.63"/>
    </timestep>
    <timestep time="2.94">
        <vehicle id="cfm_slow_0" eclass="HBEFA3/PC_G_EU4" CO2="63685.50" CO="1411.45" HC="8.04" NOx="29.04" PMx="1.71" fuel="27.38" electricity="0.00" noise="96.39" route="routebottom" type="cfm_slow" waiting="0.00" lane="right_0" pos="23.54" speed="41.70" angle="322.14" x="111.91" y="107.67"/>
        <vehicle id="cfm_slow_1" eclass="HBEFA3/PC_G_EU4" CO2="63685.50" CO="1411.45" HC="8.04" NOx="29.04" PMx="1.71" fuel="27.38" electricity="0.00" noise="96.39" route="routetop" type="cfm_slow" waiting="0.00" lane="top_0" pos="13.54" speed="41.70" angle="250.10" x="36.70" y="123.14"/>
        <vehicle id="cfm_slow_2" eclass="HBEFA3/PC_G_EU4" CO2="63685.50" CO="1411.45" HC="8.04" NOx="29.04" PMx="1.71" fuel="27.38" electricity="0.00" noise="96.39" route="routetop" type="cfm_slow" waiting="0.00" lane="left_0" pos="3.54" speed="41.70" angle="178.13" x="-1.24" y="56.39"/>
        <vehicle id="cfm_slow_3" eclass="HBEFA3/PC_G_EU4" CO2="63685.50" CO="1411.45" HC="8.04" NOx="29.04" PMx="1.71" fuel="27.38" electricity="0.00" noise="96.39" route="routetop" type="cfm_slow" waiting="0.00" lane="left_0" pos="43.54" speed="41.70" angle="106.19" x="50.48" y="-0.30"/>
        <vehicle id="cfm_slow_4" eclass="HBEFA3/PC_G_EU4" CO2="63685.50" CO="1411.45" HC="8.04" NOx="29.04" PMx="1.71" fuel="27.38" electricity="0.00" noise="96.39" route="routebottom" type="cfm_slow" waiting="0.00" lane="bottom_0" pos="33.54" speed="41.70" angle="34.16" x="120.42" y="31.37"/>
    </timestep>
    <timestep time="2.95">
        <vehicle id="cfm_slow_0" eclass="HBEFA3/PC_G_EU4" CO2="63291.04" CO="1404.16" HC="7.99" NOx="28.85" PMx="1.70" fuel="27.21" electricity="0.00" noise="96.22" route="routebottom" type="cfm_slow" waiting="0.00" lane="right_0" pos="23.96" speed="41.75" angle="321.38" x="111.32" y="108.30"/>
        <vehicle id="cfm_slow_1" eclass="HBEFA3/PC_G_EU4" CO2="63291.04" CO="1404.16" HC="7.99" NOx="28.85" PMx="1.70" fuel="27.21" electricity="0.00" noise="96.22" route="routetop" type="cfm_slow" waiting="0.00" lane="top_0" pos="13.96" speed="41.75" angle="249.32" x="35.92" y="122.79"/>
        <vehicle id="cfm_slow_2" eclass="HBEFA3/PC_G_EU4" CO2="63291.04" CO="1404.16" HC="7.99" NOx="28.85" PMx="1.70" fuel="27.21" electricity="0.00" noise="96.22" route="routetop" type="cfm_slow" waiting="0.00" lane="left_0" pos="3.96" speed="41.75" angle="177.41" x="-1.14" y="55.54"/>
        <vehicle id="cfm_slow_3" eclass="HBEFA3/PC_G_EU4" CO2="63291.04" CO="1404.16" HC="7.99" NOx="28.85" PMx="1.70" fuel="27.21" electricity="0.00" noise="96.22" route="routetop" type="cfm_slow" waiting="0.00" lane="left_0" pos="43.96" speed="41.75" angle="105.44" x="51.32" y="-0.46"/>
        <vehicle id="cfm_slow_4" eclass="HBEFA3/PC_G_EU4" CO2="63291.04" CO="1404.16" HC="7.99" NOx="28.85" PMx="1.70" fuel="27.21" electricity="0.00" noise="96.22" route="routebottom" type="cfm_slow" waiting="0.00" lane="bottom_0" pos="33.96" speed="41.75" angle="33.41" x="120.83" y="32.12"/>
    </timestep>
    <timestep time="2.96">
        <vehicle id="cfm_slow_0" eclass="HBEFA3/PC_G_EU4" CO2="62899.12" CO="1396.91" HC="7.95" NOx="28.67" PMx="1.69" fuel="27.04" electricity="0.00" noise="96.05" route="routebottom" type="cfm_slow" waiting="0.00" lane="right_0" pos="24.38" speed="41.80" angle="320.67" x="110.74" y="108.93"/>
        <vehicle id="cfm_slow_1" eclass="HBEFA3/PC_G_EU4" CO2="62899.12" CO="1396.91" HC="7.95" NOx="28.67" PMx="1.69" fuel="27.04" electricity="0.00" noise="96.05" route="routetop" type="cfm_slow" waiting="0.00" lane="top_0" pos="14.38" speed="41.80" angle="248.61" x="35.15" y="122.41"/>
        <vehicle id="cfm_slow_2" eclass="HBEFA3/PC_G_EU4" CO2="62899.12" CO="1396.91" HC="7.95" NOx="28.67" PMx="1.69" fuel="27.04" electricity="0.00" noise="96.05" route="routetop" type="cfm_slow" waiting="0.00" lane="left_0" pos="4.38" speed="41.80" angle="176.65" x="-1.02" y="54.69"/>
        <vehicle id="cfm_slow_3" eclass="HBEFA3/PC_G_EU4" CO2="62899.12" CO="1396.91" HC="7.95" NOx="28.67" PMx="1.69" fuel="27.04" electricity="0.00" noise="96.05" route="routetop" type="cfm_slow" waiting="0.00" lane="left_0" pos="44.38" speed="41.80" angle="104.66" x="52.16" y="-0.62"/>
        <vehicle id="cfm_slow_4" eclass="HBEFA3/PC_G_EU4" CO2="62899.12" CO="1396.91" HC="7.95" NOx="28.67" PMx="1.69" fuel="27.04" electricity="0.00" noise="96.05" route="routebottom" type="cfm_slow" waiting="0.00" lane="bottom_0" pos="34.38" speed="41.80" angle="32.65" x="121.25" y="32.87"/>
    </timestep>
    <timestep time="2.97">
        <vehicle id="cfm_slow_0" eclass="HBEFA3/PC_G_EU4" CO2="62509.71" CO="1389.71" HC="7.91" NOx="28.48" PMx="1.68" fuel="26.87" electricity="0.00" noise="95.89" route="routebottom" type="cfm_slow" waiting="0.00" lane="right_0" pos="24.79" speed="41.85" angle="319.91" x="110.13" y="109.54"/>
        <vehicle id="cfm_slow_1" eclass="HBEFA3/PC_G_EU4" CO2="62509.71" CO="1389.71" HC="7.91" NOx="28.48" PMx="1.68" fuel="26.87" electricity="0.00" noise="95.89" route="routetop" type="cfm_slow" waiting="0.00" lane="top_0" pos="14.79" speed="41.85" angle="247.83" x="34.38" y="122.03"/>
        <vehicle id="cfm_slow_2" eclass="HBEFA3/PC_G_EU4" CO2="62509.71" CO="1389.71" HC="7.91" NOx="28.48" PMx="1.68" fuel="26.87" electricity="0.00" noise="95.89" route="routetop" type="cfm_slow" waiting="0.00" lane="left_0" pos="4.79" speed="41.85" angle="175.88" x="-0.90" y="53.84"/>
        <vehicle id="cfm_slow_3" eclass="HBEFA3/PC_G_EU4" CO2="62509.71" CO="1389.71" HC="7.91" NOx="28.48" PMx="1.68" fuel="26.87" electricity="0.00" noise="95.89" route="routetop" type="cfm_slow" waiting="0.00" lane="left_0" pos="44.79" speed="41.85" angle="103.90" x="53.00" y="-0.78"/>
        <vehicle id="cfm_slow_4" eclass="HBEFA3/PC_G_EU4" CO2="62509.71" CO="1389.71" HC="7.91" NOx="28.48" PMx="1.68" fuel="26.87" electricity="0.00" noise="95.89" route="routebottom" type="cfm_slow" waiting="0.00" lane="bottom_0" pos="34.79" speed="41.85" angle="31.94" x="121.65" y="33.62"/>
    </timestep>
    <timestep time="2.98">
        <vehicle id="cfm_slow_0" eclass="HBEFA3/PC_G_EU4" CO2="62122.83" CO="1382.55" HC="7.87" NOx="28.30" PMx="1.67" fuel="26.70" electricity="0.00" noise="95.72" route="routebottom" type="cfm_slow" waiting="0.00" lane="right_0" pos="25.21" speed="41.89" angle="319.14" x="109.53" y="110.14"/>
        <vehicle id="cfm_slow_1" eclass="HBEFA3/PC_G_EU4" CO2="62122.83" CO="1382.55" HC="7.87" NOx="28.30" PMx="1.67" fuel="26.70" electricity="0.00" noise="95.72" route="routetop" type="cfm_slow" waiting="0.00" lane="top_0" pos="15.21" speed="41.89" angle="247.05" x="33.61" y="121.65"/>
        <vehicle id="cfm_slow_2" eclass="HBEFA3/PC_G_EU4" CO2="62122.83" CO="1382.55" HC="7.87" NOx="28.30" PMx="1.67" fuel="26.70" electricity="0.00" noise="95.72" route="routetop" type="cfm_slow" waiting="0.00" lane="left_0" pos="5.21" speed="41.89" angle="175.13" x="-0.77" y="52.99"/>
        <vehicle id="cfm_slow_3" eclass="HBEFA3/PC_G_EU4" CO2="62122.83" CO="1382.55" HC="7.87" NOx="28.30" PMx="1.67" fuel="26.70" electricity="0.00" noise="95.72" route="routetop" type="cfm_slow" waiting="0.00" lane="left_0" pos="45.21" speed="41.89" angle="103.18" x="53.85" y="-0.90"/>
        <vehicle id="cfm_slow_4" eclass="HBEFA3/PC_G_EU4" CO2="62122.83" CO="1382.55" HC="7.87" NOx="28.30" PMx="1.67" fuel="26.70" electricity="0.00" noise="95.72" route="routebottom" type="cfm_slow" waiting="0.00" lane="bottom_0" pos="35.21" speed="41.89" angle="31.16" x="122.04" y="34.39"/>
    </timestep>
    <timestep time="2.99">
        <vehicle id="cfm_slow_0" eclass="HBEFA3/PC_G_EU4" CO2="61738.47" CO="1375.45" HC="7.82" NOx="28.12" PMx="1.66" fuel="26.54" electricity="0.00" noise="95.56" route="routebottom" type="cfm_slow" waiting="0.00" lane="right_0" pos="25.63" speed="41.94" angle="318.43" x="108.92" y="110.75"/>
        <vehicle id="cfm_slow_1" eclass="HBEFA3/PC_G_EU4" CO2="61738.47" CO="1375.45" HC="7.82" NOx="28.12" PMx="1.66" fuel="26.54" electricity="0.00" noise="95.56" route="routetop" type="cfm_slow" waiting="0.00" lane="top_0" pos="15.63" speed="41.94" angle="246.36" x="32.85" y="121.24"/>
        <vehicle id="cfm_slow_2" eclass="HBEFA3/PC_G_EU4" CO2="61738.47" CO="1375.45" HC="7.82" NOx="28.12" PMx="1.66" fuel="26.54" electricity="0.00" noise="95.56" route="routetop" type="cfm_slow" waiting="0.00" lane="left_0" pos="5.63" speed="41.94" angle="174.35" x="-0.62" y="52.14"/>
        <vehicle id="cfm_slow_3" eclass="HBEFA3/PC_G_EU4" CO2="61738.47" CO="1375.45" HC="7.82" NOx="28.12" PMx="1.66" fuel="26.54" electricity="0.00" noise="95.56" route="routetop" type="cfm_slow" waiting="0.00" lane="left_0" pos="45.63" speed="41.94" angle="102.41" x="54.70" y="-1.03"/>
        <vehicle id="cfm_slow_4" eclass="HBEFA3/PC_G_EU4" CO2="61738.47" CO="1375.45" HC="7.82" NOx="28.12" PMx="1.66" fuel="26.54" electricity="0.00" noise="95.56" route="routebottom" type="cfm_slow" waiting="0.00" lane="bottom_0" pos="35.63" speed="41.94" angle="30.38" x="122.42" y="35.16"/>
    </timestep>
    <timestep time="3.00">
        <vehicle id="cfm_slow_0" eclass="HBEFA3/PC_G_EU4" CO2="61356.61" CO="1368.38" HC="7.78" NOx="27.94" PMx="1.65" fuel="26.37" electricity="0.00" noise="95.40" route="routebottom" type="cfm_slow" waiting="0.00" lane="right_0" pos="26.05" speed="41.99" angle="317.67" x="108.29" y="111.34"/>
        <vehicle id="cfm_slow_1" eclass="HBEFA3/PC_G_EU4" CO2="61356.61" CO="1368.38" HC="7.78" NOx="27.94" PMx="1.65" fuel="26.37" electricity="0.00" noise="95.40" route="routetop" type="cfm_slow" waiting="0.00" lane="top_0" pos="16.05" speed="41.99" angle="245.61" x="32.10" y="120.82"/>
        <vehicle id="cfm_slow_2" eclass="HBEFA3/PC_G_EU4" CO2="61356.61" CO="1368.38" HC="7.78" NOx="27.94" PMx="1.65" fuel="26.37" electricity="0.00" noise="95.40" route="routetop" type="cfm_slow" waiting="0.00" lane="left_0" pos="6.05" speed="41.99" angle="173.56" x="-0.46" y="51.30"/>
        <vehicle id="cfm_slow_3" eclass="HBEFA3/PC_G_EU4" CO2="61356.61" CO="1368.38" HC="7.78" NOx="27.94" PMx="1.65" fuel="26.37" electricity="0.00" noise="95.40" route="routetop" type="cfm_slow" waiting="0.00" lane="left_0" pos="46.05" speed="41.99" angle="101.65" x="55.56" y="-1.15"/>
        <vehicle id="cfm_slow_4" eclass="HBEFA3/PC_G_EU4" CO2="61356.61" CO="1368.38" HC="7.78" NOx="27.94" PMx="1.65" fuel="26.37" electricity="0.00" noise="95.40" route="routebottom" type="cfm_slow" waiting="0.00" lane="bottom_0" pos="36.05" speed="41.99" angle="29.65" x="122.79" y="35.94"/>
    </timestep>
    <timestep time="3.01">
        <vehicle id="cfm_slow_0" eclass="HBEFA3/PC_G_EU4" CO2="60977.27" CO="1361.37" HC="7.74" NOx="27.76" PMx="1.64" fuel="26.21" electricity="0.00" noise="95.24" route="routebottom" type="cfm_slow" waiting="0.00" lane="right_0" pos="26.47" speed="42.03" angle="316.90" x="107.66" y="111.92"/>
        <vehicle id="cfm_slow_1" eclass="HBEFA3/PC_G_EU4" CO2="60977.27" CO="1361.37" HC="7.74" NOx="27.76" PMx="1.64" fuel="26.21" electricity="0.00" noise="95.24" route="routetop" type="cfm_slow" waiting="0.00" lane="top_0" pos="16.47" speed="42.03" angle="244.85" x="31.35" y="120.41"/>
        <vehicle id="cfm_slow_2" eclass="HBEFA3/PC_G_EU4" CO2="60977.27" CO="1361.37" HC="7.74" NOx="27.76" PMx="1.64" fuel="26.21" electricity="0.00" noise="95.24" route="routetop" type="cfm_slow" waiting="0.00" lane="left_0" pos="6.47" speed="42.03" angle="172.83" x="-0.30" y="50.45"/>
        <vehicle id="cfm_slow_3" eclass="HBEFA3/PC_G_EU4" CO2="60977.27" CO="1361.37" HC="7.74" NOx="27.76" PMx="1.64" fuel="26.21" electricity="0.00" noise="95.24" route="routetop" type="cfm_slow" waiting="0.00" lane="left_0" pos="46.47" speed="42.03" angle="100.92" x="56.41" y="-1.24"/>
        <vehicle id="cfm_slow_4" eclass="HBEFA3/PC_G_EU4" CO2="60977.27" CO="1361.37" HC="7.74" NOx="27.76" PMx="1.64" fuel="26.21" electricity="0.00" noise="95.24" route="routebottom" type="cfm_slow" waiting="0.00" lane="bottom_0" pos="36.47" speed="42.03" angle="28.85" x="123.15" y="36.72"/>
    </timestep>
    <timestep time="3.02">
        <vehicle id="cfm_slow_0" eclass="HBEFA3/PC_G_EU4" CO2="60600.42" CO="1354.40" HC="7.70" NOx="27.58" PMx="1.63" fuel="26.05" electricity="0.00" noise="95.08" route="routebottom" type="cfm_slow" waiting="0.00" lane="right_0" pos="26.89" speed="42.08" angle="316.18" x="107.02" y="112.51"/>
        <vehicle id="cfm_slow_1" eclass="HBEFA3/PC_G_EU4" CO2="60600.42" CO="1354.40" HC="7.70" NOx="27.58" PMx="1.63" fuel="26.05" electricity="0.00" noise="95.08" route="routetop" type="cfm_slow" waiting="0.00" lane="top_0" pos="16.89" speed="42.08" angle="244.13" x="30.60" y="119.97"/>
        <vehicle id="cfm_slow_2" eclass="HBEFA3/PC_G_EU4" CO2="60600.42" CO="1354.40" HC="7.70" NOx="27.58" PMx="1.63" fuel="26.05" electricity="0.00" noise="95.08" route="routetop" type="cfm_slow" waiting="0.00" lane="left_0" pos="6.89" speed="42.08" angle="172.06" x="-0.11" y="49.61"/>
        <vehicle id="cfm_slow_3" eclass="HBEFA3/PC_G_EU4" CO2="60600.42" CO="1354.40" HC="7.70" NOx="27.58" PMx="1.63" fuel="26.05" electricity="0.00" noise="95.08" route="routetop" type="cfm_slow" waiting="0.00" lane="left_0" pos="46.89" speed="42.08" angle="100.13" x="57.27" y="-1.33"/>
        <vehicle id="cfm_slow_4" eclass="HBEFA3/PC_G_EU4" CO2="60600.42" CO="1354.40" HC="7.70" NOx="27.58" PMx="1.63" fuel="26.05" electricity="0.00" noise="95.08" route="routebottom" type="cfm_slow" waiting="0.00" lane="bottom_0" pos="36.89" speed="42.08" angle="28.04" x="123.50" y="37.51"/>
    </timestep>
    <timestep time="3.03">
        <vehicle id="cfm_slow_0" eclass="HBEFA3/PC_G_EU4" CO2="60226.07" CO="1347.47" HC="7.66" NOx="27.40" PMx="1.62" fuel="25.89" electricity="0.00" noise="94.93" route="routebottom" type="cfm_slow" waiting="0.00" lane="right_0" pos="27.31" speed="42.12" angle="315.36" x="106.36" y="113.07"/>
        <vehicle id="cfm_slow_1" eclass="HBEFA3/PC_G_EU4" CO2="60226.07" CO="1347.47" HC="7.66" NOx="27.40" PMx="1.62" fuel="25.89" electricity="0.00" noise="94.93" route="routetop" type="cfm_slow" waiting="0.00" lane="top_0" pos="17.31" speed="42.12" angle="243.36" x="29.86" y="119.53"/>
        <vehicle id="cfm_slow_2" eclass="HBEFA3/PC_G_EU4" CO2="60226.07" CO="1347.47" HC="7.66" NOx="27.40" PMx="1.62" fuel="25.89" electricity="0.00" noise="94.93" route="routetop" type="cfm_slow" waiting="0.00" lane="left_0" pos="7.31" speed="42.12" angle="171.28" x="0.08" y="48.77"/>
        <vehicle id="cfm_slow_3" eclass="HBEFA3/PC_G_EU4" CO2="60226.07" CO="1347.47" HC="7.66" NOx="27.40" PMx="1.62" fuel="25.89" electricity="0.00" noise="94.93" route="routetop" type="cfm_slow" waiting="0.00" lane="left_0" pos="47.31" speed="42.12" angle="99.35" x="58.13" y="-1.41"/>
        <vehicle id="cfm_slow_4" eclass="HBEFA3/PC_G_EU4" CO2="60226.07" CO="1347.47" HC="7.66" NOx="27.40" PMx="1.62" fuel="25.89" electricity="0.00" noise="94.93" route="routebottom" type="cfm_slow" waiting="0.00" lane="bottom_0" pos="37.31" speed="42.12" angle="27.32" x="123.84" y="38.30"/>
    </timestep>
    <timestep time="3.04">
        <vehicle id="cfm_slow_0" eclass="HBEFA3/PC_G_EU4" CO2="59854.20" CO="1340.60" HC="7.62" NOx="27.22" PMx="1.61" fuel="25.73" electricity="0.00" noise="94.77" route="routebottom" type="cfm_slow" waiting="0.00" lane="right_0" pos="27.74" speed="42.17" angle="314.54" x="105.70" y="113.63"/>
        <vehicle id="cfm_slow_1" eclass="HBEFA3/PC_G_EU4" CO2="59854.20" CO="1340.60" HC="7.62" NOx="27.22" PMx="1.61" fuel="25.73" electricity="0.00" noise="94.77" route="routetop" type="cfm_slow" waiting="0.00" lane="top_0" pos="17.74" speed="42.17" angle="242.58" x="29.12" y="119.09"/>
        <vehicle id="cfm_slow_2" eclass="HBEFA3/PC_G_EU4" CO2="59854.20" CO="1340.60" HC="7.62" NOx="27.22" PMx="1.61" fuel="25.73" electricity="0.00" noise="94.77" route="routetop" type="cfm_slow" waiting="0.00" lane="left_0" pos="7.74" speed="42.17" angle="170.56" x="0.28" y="47.92"/>
        <vehicle id="cfm_slow_3" eclass="HBEFA3/PC_G_EU4" CO2="59854.20" CO="1340.60" HC="7.62" NOx="27.22" PMx="1.61" fuel="25.73" electricity="0.00" noise="94.77" route="routetop" type="cfm_slow" waiting="0.00" lane="left_0" pos="47.74" speed="42.17" angle="98.63" x="58.99" y="-1.48"/>
        <vehicle id="cfm_slow_4" eclass="HBEFA3/PC_G_EU4" CO2="59854.20" CO="1340.60" HC="7.62" NOx="27.22" PMx="1.61" fuel="25.73" electricity="0.00" noise="94.77" route="routebottom" type="cfm_slow" waiting="0.00" lane="bottom_0" pos="37.74" speed="42.17" angle="26.55" x="124.16" y="39.11"/>
    </timestep>
    <timestep time="3.05">
        <vehicle id="cfm_slow_0" eclass="HBEFA3/PC_G_EU4" CO2="59484.82" CO="1333.76" HC="7.58" NOx="27.05" PMx="1.60" fuel="25.57" electricity="0.00" noise="94.62" route="routebottom" type="cfm_slow" waiting="0.00" lane="right_0" pos="28.16" speed="42.21" angle="313.75" x="105.04" y="114.18"/>
        <vehicle id="cfm_slow_1" eclass="HBEFA3/PC_G_EU4" CO2="59484.82" CO="1333.76" HC="7.58" NOx="27.05" PMx="1.60" fuel="25.57" electricity="0.00" noise="94.62" route="routetop" type="cfm_slow" waiting="0.00" lane="top_0" pos="18.16" speed="42.21" angle="241.86" x="28.38" y="118.63"/>
        <vehicle id="cfm_slow_2" eclass="HBEFA3/PC_G_EU4" CO2="59484.82" CO="1333.76" HC="7.58" NOx="27.05" PMx="1.60" fuel="25.57" electricity="0.00" noise="94.62" route="routetop" type="cfm_slow" waiting="0.00" lane="left_0" pos="8.16" speed="42.21" angle="169.77" x="0.50" y="47.09"/>
        <vehicle id="cfm_slow_3" eclass="HBEFA3/PC_G_EU4" CO2="59484.82" CO="1333.76" HC="7.58" NOx="27.05" PMx="1.60" fuel="25.57" electricity="0.00" noise="94.62" route="routetop" type="cfm_slow" waiting="0.00" lane="left_0" pos="48.16" speed="42.21" angle="97.85" x="59.86" y="-1.53"/>
        <vehicle id="cfm_slow_4" eclass="HBEFA3/PC_G_EU4" CO2="59484.82" CO="1333.76" HC="7.58" NOx="27.05" PMx="1.60" fuel="25.57" electricity="0.00" noise="94.62" route="routebottom" type="cfm_slow" waiting="0.00" lane="bottom_0" pos="38.16" speed="42.21" angle="25.78" x="124.48" y="39.91"/>
    </timestep>
    <timestep time="3.06">
        <vehicle id="cfm_slow_0" eclass="HBEFA3/PC_G_EU4" CO2="59117.92" CO="1326.98" HC="7.54" NOx="26.87" PMx="1.59" fuel="25.41" electricity="0.00" noise="94.47" route="routebottom" type="cfm_slow" waiting="0.00" lane="right_0" pos="28.58" speed="42.25" angle="313.00" x="104.36" y="114.72"/>
        <vehicle id="cfm_slow_1" eclass="HBEFA3/PC_G_EU4" CO2="59117.92" CO="1326.98" HC="7.54" NOx="26.87" PMx="1.59" fuel="25.41" electricity="0.00" noise="94.47" route="routetop" type="cfm_slow" waiting="0.00" lane="top_0" pos="18.58" speed="42.25" angle="241.05" x="27.66" y="118.15"/>
        <vehicle id="cfm_slow_2" eclass="HBEFA3/PC_G_EU4" CO2="59117.92" CO="1326.98" HC="7.54" NOx="26.87" PMx="1.59" fuel="25.41" electricity="0.00" noise="94.47" route="routetop" type="cfm_slow" waiting="0.00" lane="left_0" pos="8.58" speed="42.25" angle="168.98" x="0.73" y="46.25"/>
        <vehicle id="cfm_slow_3" eclass="HBEFA3/PC_G_EU4" CO2="59117.92" CO="1326.98" HC="7.54" NOx="26.87" PMx="1.59" fuel="25.41" electricity="0.00" noise="94.47" route="routetop" type="cfm_slow" waiting="0.00" lane="left_0" pos="48.58" speed="42.25" angle="97.07" x="60.72" y="-1.58"/>
        <vehicle id="cfm_slow_4" eclass="HBEFA3/PC_G_EU4" CO2="59117.92" CO="1326.98" HC="7.54" NOx="26.87" PMx="1.59" fuel="25.41" electricity="0.00" noise="94.47" route="routebottom" type="cfm_slow" waiting="0.00" lane="bottom_0" pos="38.58" speed="42.25" angle="25.05" x="124.80" y="40.72"/>
    </timestep>
    <timestep time="3.07">
        <vehicle id="cfm_slow_0" eclass="HBEFA3/PC_G_EU4" CO2="58753.49" CO="1320.24" HC="7.50" NOx="26.70" PMx="1.58" fuel="25.26" electricity="0.00" noise="94.32" route="routebottom" type="cfm_slow" waiting="0.00" lane="right_0" pos="29.00" speed="42.30" angle="312.23" x="103.68" y="115.25"/>
        <vehicle id="cfm_slow_1" eclass="HBEFA3/PC_G_EU4" CO2="58753.49" CO="1320.24" HC="7.50" NOx="26.70" PMx="1.58" fuel="25.26" electricity="0.00" noise="94.32" route="routetop" type="cfm_slow" waiting="0.00" lane="top_0" pos="19.00" speed="42.30" angle="240.24" x="26.94" y="117.66"/>
        <vehicle id="cfm_slow_2" eclass="HBEFA3/PC_G_EU4" CO2="58753.49" CO="1320.24" HC="7.50" NOx="26.70" PMx="1.58" fuel="25.26" electricity="0.00" noise="94.32" route="routetop" type="cfm_slow" waiting="0.00" lane="left_0" pos="9.00" speed="42.30" angle="168.26" x="0.95" y="45.41"/>
        <vehicle id="cfm_slow_3" eclass="HBEFA3/PC_G_EU4" CO2="58753.49" CO="1320.24" HC="7.50" NOx="26.70" PMx="1.58" fuel="25.26" electricity="0.00" noise="94.32" route="routetop" type="cfm_slow" waiting="0.00" lane="left_0" pos="49.00" speed="42.30" angle="96.34" x="61.59" y="-1.61"/>
        <vehicle id="cfm_slow_4" eclass="HBEFA3/PC_G_EU4" CO2="58753.49" CO="1320.24" HC="7.50" NOx="26.70" PMx="1.58" fuel="25.26" electricity="0.00" noise="94.32" route="routebottom" type="cfm_slow" waiting="0.00" lane="bottom_0" pos="39.00" speed="42.30" angle="24.29" x="125.09" y="41.53"/>
    </timestep>
    <timestep time="3.08">
        <vehicle id="cfm_slow_0" eclass="HBEFA3/PC_G_EU4" CO2="58391.52" CO="1313.54" HC="7.46" NOx="26.53" PMx="1.58" fuel="25.10" electricity="0.00" noise="94.17" route="routebottom" type="cfm_slow" waiting="0.00" lane="right_0" pos="29.43" speed="42.34" angle="311.49" x="102.99" y="115.79"/>
        <vehicle id="cfm_slow_1" eclass="HBEFA3/PC_G_EU4" CO2="58391.52" CO="1313.54" HC="7.46" NOx="26.53" PMx="1.58" fuel="25.10" electricity="0.00" noise="94.17" route="routetop" type="cfm_slow" waiting="0.00" lane="top_0" pos="19.43" speed="42.34" angle="239.51" x="26.23" y="117.17"/>
        <vehicle id="cfm_slow_2" eclass="HBEFA3/PC_G_EU4" CO2="58391.52" CO="1313.54" HC="7.46" NOx="26.53" PMx="1.58" fuel="25.10" electricity="0.00" noise="94.17" route="routetop" type="cfm_slow" waiting="0.00" lane="left_0" pos="9.43" speed="42.34" angle="167.48" x="1.21" y="44.59"/>
        <vehicle id="cfm_slow_3" eclass="HBEFA3/PC_G_EU4" CO2="58391.52" CO="1313.54" HC="7.46" NOx="26.53" PMx="1.58" fuel="25.10" electricity="0.00" noise="94.17" route="routetop" type="cfm_slow" waiting="0.00" lane="left_0" pos="49.43" speed="42.34" angle="95.54" x="62.46" y="-1.63"/>
        <vehicle id="cfm_slow_4" eclass="HBEFA3/PC_G_EU4" CO2="58391.52" CO="1313.54" HC="7.46" NOx="26.53" PMx="1.58" fuel="25.10" electricity="0.00" noise="94.17" route="routebottom" type="cfm_slow" waiting="0.00" lane="bottom_0" pos="39.43" speed="42.34" angle="23.53" x="125.39" y="42.35"/>
    </timestep>
    <timestep time="3.09">
        <vehicle id="cfm_slow_0" eclass="HBEFA3/PC_G_EU4" CO2="58032.00" CO="1306.89" HC="7.42" NOx="26.36" PMx="1.57" fuel="24.95" electricity="0.00" noise="94.02" route="routebottom" type="cfm_slow" waiting="0.00" lane="right_0" pos="29.85" speed="42.38" angle="310.74" x="102.29" y="116.30"/>
        <vehicle id="cfm_slow_1" eclass="HBEFA3/PC_G_EU4" CO2="58032.00" CO="1306.89" HC="7.42" NOx="26.36" PMx="1.57" fuel="24.95" electricity="0.00" noise="94.02" route="routetop" type="cfm_slow" waiting="0.00" lane="top_0" pos="19.85" speed="42.38" angle="238.72" x="25.52" y="116.66"/>
        <vehicle id="cfm_slow_2" eclass="HBEFA3/PC_G_EU4" CO2="58032.00" CO="1306.89" HC="7.42" NOx="26.36" PMx="1.57" fuel="24.95" electricity="0.00" noise="94.02" route="routetop" type="cfm_slow" waiting="0.00" lane="left_0" pos="9.85" speed="42.38" angle="166.71" x="1.47" y="43.76"/>
        <vehicle id="cfm_slow_3" eclass="HBEFA3/PC_G_EU4" CO2="58032.00" CO="1306.89" HC="7.42" NOx="26.36" PMx="1.57" fuel="24.95" electricity="0.00" noise="94.02" route="routetop" type="cfm_slow" waiting="0.00" lane="left_0" pos="49.85" speed="42.38" angle="94.75" x="63.32" y="-1.64"/>
        <vehicle id="cfm_slow_4" eclass="HBEFA3/PC_G_EU4" CO2="58032.00" CO="1306.89" HC="7.42" NOx="26.36" PMx="1.57" fuel="24.95" electricity="0.00" noise="94.02" route="routebottom" type="cfm_slow" waiting="0.00" lane="bottom_0" pos="39.85" speed="42.38" angle="22.83" x="125.68" y="43.17"/>
    </timestep>
    <timestep time="3.10">
        <vehicle id="cfm_slow_0" eclass="HBEFA3/PC_G_EU4" CO2="57674.94" CO="1300.28" HC="7.38" NOx="26.19" PMx="1.56" fuel="24.79" electricity="0.00" noise="93.87" route="routebottom" type="cfm_slow" waiting="0.00" lane="right_0" pos="30.28" speed="42.42" angle="309.97" x="101.59" y="116.81"/>
        <vehicle id="cfm_slow_1" eclass="HBEFA3/PC_G_EU4" CO2="57674.94" CO="1300.28" HC="7.38" NOx="26.19" PMx="1.56" fuel="24.79" electricity="0.00" noise="93.87" route="routetop" type="cfm_slow" waiting="0.00" lane="top_0" pos="20.28" speed="42.42" angle="237.93" x="24.82" y="116.15"/>
        <vehicle id="cfm_slow_2" eclass="HBEFA3/PC_G_EU4" CO2="57674.94" CO="1300.28" HC="7.38" NOx="26.19" PMx="1.56" fuel="24.79" electricity="0.00" noise="93.87" route="routetop" type="cfm_slow" waiting="0.00" lane="left_0" pos="10.28" speed="42.42" angle="165.99" x="1.73" y="42.93"/>
        <vehicle id="cfm_slow_3" eclass="HBEFA3/PC_G_EU4" CO2="57674.94" CO="1300.28" HC="7.38" NOx="26.19" PMx="1.56" fuel="24.79" electricity="0.00" noise="93.87" route="routebottom" type="cfm_slow" waiting="0.00" lane="bottom_0" pos="0.28" speed="42.42" angle="93.99" x="64.25" y="-1.64"/>
        <vehicle id="cfm_slow_4" eclass="HBEFA3/PC_G_EU4" CO2="57674.94" CO="1300.28" HC="7.38" NOx="26.19" PMx="1.56" fuel="24.79" electricity="0.00" noise="93.87" route="routebottom" type="cfm_slow" waiting="0.00" lane="bottom_0" pos="40.28" speed="42.42" angle="22.04" x="125.94" y="44.00"/>
    </timestep>
    <timestep time="3.11">
        <vehicle id="cfm_slow_0" eclass="HBEFA3/PC_G_EU4" CO2="57320.32" CO="1293.72" HC="7.34" NOx="26.02" PMx="1.55" fuel="24.64" electricity="0.00" noise="93.73" route="routebottom" type="cfm_slow" waiting="0.00" lane="right_0" pos="30.70" speed="42.47" angle="309.22" x="100.88" y="117.32"/>
        <vehicle id="cfm_slow_1" eclass="HBEFA3/PC_G_EU4" CO2="57320.32" CO="1293.72" HC="7.34" NOx="26.02" PMx="1.55" fuel="24.64" electricity="0.00" noise="93.73" route="routetop" type="cfm_slow" waiting="0.00" lane="top_0" pos="20.70" speed="42.47" angle="237.21" x="24.12" y="115.63"/>
        <vehicle id="cfm_slow_2" eclass="HBEFA3/PC_G_EU4" CO2="57320.32" CO="1293.72" HC="7.34" NOx="26.02" PMx="1.55" fuel="24.64" electricity="0.00" noise="93.73" route="routetop" type="cfm_slow" waiting="0.00" lane="left_0" pos="10.70" speed="42.47" angle="165.20" x="2.02" y="42.11"/>
        <vehicle id="cfm_slow_3" eclass="HBEFA3/PC_G_EU4" CO2="57320.32" CO="1293.72" HC="7.34" NOx="26.02" PMx="1.55" fuel="24.64" electricity="0.00" noise="93.73" route="routebottom" type="cfm_slow" waiting="0.00" lane="bottom_0" pos="0.70" speed="42.47" angle="93.21" x="65.12" y="-1.62"/>
        <vehicle id="cfm_slow_4" eclass="HBEFA3/PC_G_EU4" CO2="57320.32" CO="1293.72" HC="7.34" NOx="26.02" PMx="1.55" fuel="24.64" electricity="0.00" noise="93.73" route="routebottom" type="cfm_slow" waiting="0.00" lane="bottom_0" pos="40.70" speed="42.47" angle="21.25" x="126.20" y="44.83"/>
    </timestep>
    <timestep time="3.12">
        <vehicle id="cfm_slow_0" eclass="HBEFA3/PC_G_EU4" CO2="56968.13" CO="1287.21" HC="7.30" NOx="25.85" PMx="1.54" fuel="24.49" electricity="0.00" noise="93.59" route="routebottom" type="cfm_slow" waiting="0.00" lane="right_0" pos="31.12" speed="42.51" angle="308.47" x="100.16" y="117.81"/>
        <vehicle id="cfm_slow_1" eclass="HBEFA3/PC_G_EU4" CO2="56968.13" CO="1287.21" HC="7.30" NOx="25.85" PMx="1.54" fuel="24.49" electricity="0.00" noise="93.59" route="routetop" type="cfm_slow" waiting="0.00" lane="top_0" pos="21.12" speed="42.51" angle="236.45" x="23.44" y="115.09"/>
        <vehicle id="cfm_slow_2" eclass="HBEFA3/PC_G_EU4" CO2="56968.13" CO="1287.21" HC="7.30" NOx="25.85" PMx="1.54" fuel="24.49" electricity="0.00" noise="93.59" route="routetop" type="cfm_slow" waiting="0.00" lane="left_0" pos="11.12" speed="42.51" angle="164.41" x="2.32" y="41.29"/>
        <vehicle id="cfm_slow_3" eclass="HBEFA3/PC_G_EU4" CO2="56968.13" CO="1287.21" HC="7.30" NOx="25.85" PMx="1.54" fuel="24.49" electricity="0.00" noise="93.59" route="routebottom" type="cfm_slow" waiting="0.00" lane="bottom_0" pos="1.12" speed="42.51" angle="92.44" x="66.00" y="-1.61"/>
        <vehicle id="cfm_slow_4" eclass="HBEFA3/PC_G_EU4" CO2="56968.13" CO="1287.21" HC="7.30" NOx="25.85" PMx="1.54" fuel="24.49" electricity="0.00" noise="93.59" route="routebottom" type="cfm_slow" waiting="0.00" lane="bottom_0" pos="41.12" speed="42.51" angle="20.52" x="126.45" y="45.67"/>
    </timestep>
    <timestep time="3.13">
        <vehicle id="cfm_slow_0" eclass="HBEFA3/PC_G_EU4" CO2="56618.37" CO="1280.74" HC="7.27" NOx="25.69" PMx="1.53" fuel="24.34" electricity="0.00" noise="93.44" route="routebottom" type="cfm_slow" waiting="0.00" lane="right_0" pos="31.55" speed="42.55" angle="307.69" x="99.43" y="118.29"/>
        <vehicle id="cfm_slow_1" eclass="HBEFA3/PC_G_EU4" CO2="56618.37" CO="1280.74" HC="7.27" NOx="25.69" PMx="1.53" fuel="24.34" electricity="0.00" noise="93.44" route="routetop" type="cfm_slow" waiting="0.00" lane="top_0" pos="21.55" speed="42.55" angle="235.68" x="22.75" y="114.55"/>
        <vehicle id="cfm_slow_2" eclass="HBEFA3/PC_G_EU4" CO2="56618.37" CO="1280.74" HC="7.27" NOx="25.69" PMx="1.53" fuel="24.34" electricity="0.00" noise="93.44" route="routetop" type="cfm_slow" waiting="0.00" lane="left_0" pos="11.55" speed="42.55" angle="163.68" x="2.62" y="40.47"/>
        <vehicle id="cfm_slow_3" eclass="HBEFA3/PC_G_EU4" CO2="56618.37" CO="1280.74" HC="7.27" NOx="25.69" PMx="1.53" fuel="24.34" electricity="0.00" noise="93.44" route="routebottom" type="cfm_slow" waiting="0.00" lane="bottom_0" pos="1.55" speed="42.55" angle="91.71" x="66.87" y="-1.56"/>
        <vehicle id="cfm_slow_4" eclass="HBEFA3/PC_G_EU4" CO2="56618.37" CO="1280.74" HC="7.27" NOx="25.69" PMx="1.53" fuel="24.34" electricity="0.00" noise="93.44" route="routebottom" type="cfm_slow" waiting="0.00" lane="bottom_0" pos="41.55" speed="42.55" angle="19.73" x="126.67" y="46.51"/>
    </timestep>
    <timestep time="3.14">
        <vehicle id="cfm_slow_0" eclass="HBEFA3/PC_G_EU4" CO2="56271.03" CO="1274.31" HC="7.23" NOx="25.52" PMx="1.52" fuel="24.19" electricity="0.00" noise="93.30" route="routebottom" type="cfm_slow" waiting="0.00" lane="right_0" pos="31.98" speed="42.59" angle="306.94" x="98.71" y="118.78"/>
        <vehicle id="cfm_slow_1" eclass="HBEFA3/PC_G_EU4" CO2="56271.03" CO="1274.31" HC="7.23" NOx="25.52" PMx="1.52" fuel="24.19" electricity="0.00" noise="93.30" route="routetop" type="cfm_slow" waiting="0.00" lane="top_0" pos="21.98" speed="42.59" angle="234.94" x="22.07" y="114.01"/>
        <vehicle id="cfm_slow_2" eclass="HBEFA3/PC_G_EU4" CO2="56271.03" CO="1274.31" HC="7.23" NOx="25.52" PMx="1.52" fuel="24.19" electricity="0.00" noise="93.30" route="routetop" type="cfm_slow" waiting="0.00" lane="left_0" pos="11.98" speed="42.59" angle="162.91" x="2.94" y="39.65"/>
        <vehicle id="cfm_slow_3" eclass="HBEFA3/PC_G_EU4" CO2="56271.03" CO="1274.31" HC="7.23" NOx="25.52" PMx="1.52" fuel="24.19" electricity="0.00" noise="93.30" route="routebottom" type="cfm_slow" waiting="0.00" lane="bottom_0" pos="1.98" speed="42.59" angle="90.93" x="67.74" y="-1.51"/>
        <vehicle id="cfm_slow_4" eclass="HBEFA3/PC_G_EU4" CO2="56271.03" CO="1274.31" HC="7.23" NOx="25.52" PMx="1.52" fuel="24.19" electricity="0.00" noise="93.30" route="routebottom" type="cfm_slow" waiting="0.00" lane="bottom_0" pos="41.98" speed="42.59" angle="18.93" x="126.89" y="47.35"/>
    </timestep>
    <timestep time="3.15">
        <vehicle id="cfm_slow_0" eclass="HBEFA3/PC_G_EU4" CO2="55926.09" CO="1267.93" HC="7.19" NOx="25.36" PMx="1.51" fuel="24.04" electricity="0.00" noise="93.16" route="routebottom" type="cfm_slow" waiting="0.00" lane="right_0" pos="32.40" speed="42.63" angle="306.21" x="97.96" y="119.24"/>
        <vehicle id="cfm_slow_1" eclass="HBEFA3/PC_G_EU4" CO2="55926.09" CO="1267.93" HC="7.19" NOx="25.36" PMx="1.51" fuel="24.04" electricity="0.00" noise="93.16" route="routetop" type="cfm_slow" waiting="0.00" lane="top_0" pos="22.40" speed="42.63" angle="234.14" x="21.40" y="113.44"/>
        <vehicle id="cfm_slow_2" eclass="HBEFA3/PC_G_EU4" CO2="55926.09" CO="1267.93" HC="7.19" NOx="25.36" PMx="1.51" fuel="24.04" electricity="0.00" noise="93.16" route="routetop" type="cfm_slow" waiting="0.00" lane="left_0" pos="12.40" speed="42.63" angle="162.15" x="3.26" y="38.84"/>
        <vehicle id="cfm_slow_3" eclass="HBEFA3/PC_G_EU4" CO2="55926.09" CO="1267.93" HC="7.19" NOx="25.36" PMx="1.51" fuel="24.04" electricity="0.00" noise="93.16" route="routebottom" type="cfm_slow" waiting="0.00" lane="bottom_0" pos="2.40" speed="42.63" angle="90.16" x="68.61" y="-1.46"/>
        <vehicle id="cfm_slow_4" eclass="HBEFA3/PC_G_EU4" CO2="55926.09" CO="1267.93" HC="7.19" NOx="25.36" PMx="1.51" fuel="24.04" electricity="0.00" noise="93.16" route="routebottom" type="cfm_slow" waiting="0.00" lane="bottom_0" pos="42.40" speed="42.63" angle="18.20" x="127.11" y="48.20"/>
    </timestep>
    <timestep time="3.16">
        <vehicle id="cfm_slow_0" eclass="HBEFA3/PC_G_EU4" CO2="55583.56" CO="1261.59" HC="7.15" NOx="25.20" PMx="1.50" fuel="23.89" electricity="0.00" noise="93.03" route="routebottom" type="cfm_slow" waiting="0.00" lane="right_0" pos="32.83" speed="42.67" angle="305.43" x="97.21" y="119.69"/>
        <vehicle id="cfm_slow_1" eclass="HBEFA3/PC_G_EU4" CO2="55583.56" CO="1261.59" HC="7.15" NOx="25.20" PMx="1.50" fuel="23.89" electricity="0.00" noise="93.03" route="routetop" type="cfm_slow" waiting="0.00" lane="top_0" pos="22.83" speed="42.67" angle="233.34" x="20.74" y="112.88"/>
        <vehicle id="cfm_slow_2" eclass="HBEFA3/PC_G_EU4" CO2="55583.56" CO="1261.59" HC="7.15" NOx="25.20" PMx="1.50" fuel="23.89" electricity="0.00" noise="93.03" route="routetop" type="cfm_slow" waiting="0.00" lane="left_0" pos="12.83" speed="42.67" angle="161.44" x="3.59" y="38.03"/>
        <vehicle id="cfm_slow_3" eclass="HBEFA3/PC_G_EU4" CO2="55583.56" CO="1261.59" HC="7.15" NOx="25.20" PMx="1.50" fuel="23.89" electricity="0.00" noise="93.03" route="routebottom" type="cfm_slow" waiting="0.00" lane="bottom_0" pos="2.83" speed="42.67" angle="89.42" x="69.48" y="-1.38"/>
        <vehicle id="cfm_slow_4" eclass="HBEFA3/PC_G_EU4" CO2="55583.56" CO="1261.59" HC="7.15" NOx="25.20" PMx="1.50" fuel="23.89" electricity="0.00" noise="93.03" route="routebottom" type="cfm_slow" waiting="0.00" lane="bottom_0" pos="42.83" speed="42.67" angle="17.46" x="127.31" y="49.05"/>
    </timestep>
    <timestep time="3.17">
        <vehicle id="cfm_slow_0" eclass="HBEFA3/PC_G_EU4" CO2="55243.42" CO="1255.29" HC="7.12" NOx="25.04" PMx="1.50" fuel="23.75" electricity="0.00" noise="92.89" route="routebottom" type="cfm_slow" waiting="0.00" lane="right_0" pos="33.26" speed="42.71" angle="304.67" x="96.46" y="120.14"/>
        <vehicle id="cfm_slow_1" eclass="HBEFA3/PC_G_EU4" CO2="55243.42" CO="1255.29" HC="7.12" NOx="25.04" PMx="1.50" fuel="23.75" electricity="0.00" noise="92.89" route="routetop" type="cfm_slow" waiting="0.00" lane="top_0" pos="23.26" speed="42.71" angle="232.63" x="20.08" y="112.30"/>
        <vehicle id="cfm_slow_2" eclass="HBEFA3/PC_G_EU4" CO2="55243.42" CO="1255.29" HC="7.12" NOx="25.04" PMx="1.50" fuel="23.75" electricity="0.00" noise="92.89" route="routetop" type="cfm_slow" waiting="0.00" lane="left_0" pos="13.26" speed="42.71" angle="160.66" x="3.95" y="37.23"/>
        <vehicle id="cfm_slow_3" eclass="HBEFA3/PC_G_EU4" CO2="55243.42" CO="1255.29" HC="7.12" NOx="25.04" PMx="1.50" fuel="23.75" electricity="0.00" noise="92.89" route="routebottom" type="cfm_slow" waiting="0.00" lane="bottom_0" pos="3.26" speed="42.71" angle="88.65" x="70.35" y="-1.30"/>
        <vehicle id="cfm_slow_4" eclass="HBEFA3/PC_G_EU4" CO2="55243.42" CO="1255.29" HC="7.12" NOx="25.04" PMx="1.50" fuel="23.75" electricity="0.00" noise="92.89" route="routebottom" type="cfm_slow" waiting="0.00" lane="bottom_0" pos="43.26" speed="42.71" angle="16.71" x="127.50" y="49.91"/>
    </timestep>
    <timestep time="3.18">
        <vehicle id="cfm_slow_0" eclass="HBEFA3/PC_G_EU4" CO2="54905.67" CO="1249.04" HC="7.08" NOx="24.88" PMx="1.49" fuel="23.60" electricity="0.00" noise="92.76" route="routebottom" type="cfm_slow" waiting="0.00" lane="right_0" pos="33.68" speed="42.75" angle="303.92" x="95.70" y="120.56"/>
        <vehicle id="cfm_slow_1" eclass="HBEFA3/PC_G_EU4" CO2="54905.67" CO="1249.04" HC="7.08" NOx="24.88" PMx="1.49" fuel="23.60" electricity="0.00" noise="92.76" route="routetop" type="cfm_slow" waiting="0.00" lane="top_0" pos="23.68" speed="42.75" angle="231.84" x="19.44" y="111.70"/>
        <vehicle id="cfm_slow_2" eclass="HBEFA3/PC_G_EU4" CO2="54905.67" CO="1249.04" HC="7.08" NOx="24.88" PMx="1.49" fuel="23.60" electricity="0.00" noise="92.76" route="routetop" type="cfm_slow" waiting="0.00" lane="left_0" pos="13.68" speed="42.75" angle="159.88" x="4.30" y="36.43"/>
        <vehicle id="cfm_slow_3" eclass="HBEFA3/PC_G_EU4" CO2="54905.67" CO="1249.04" HC="7.08" NOx="24.88" PMx="1.49" fuel="23.60" electricity="0.00" noise="92.76" route="routebottom" type="cfm_slow" waiting="0.00" lane="bottom_0" pos="3.68" speed="42.75" angle="87.87" x="71.23" y="-1.21"/>
        <vehicle id="cfm_slow_4" eclass="HBEFA3/PC_G_EU4" CO2="54905.67" CO="1249.04" HC="7.08" NOx="24.88" PMx="1.49" fuel="23.60" electricity="0.00" noise="92.76" route="routebottom" type="cfm_slow" waiting="0.00" lane="bottom_0" pos="43.68" speed="42.75" angle="15.99" x="127.69" y="50.76"/>
    </timestep>
    <timestep time="3.19">
        <vehicle id="cfm_slow_0" eclass="HBEFA3/PC_G_EU4" CO2="54570.29" CO="1242.84" HC="7.04" NOx="24.72" PMx="1.48" fuel="23.46" electricity="0.00" noise="92.62" route="routebottom" type="cfm_slow" waiting="0.00" lane="right_0" pos="34.11" speed="42.78" angle="303.14" x="94.93" y="120.99"/>
        <vehicle id="cfm_slow_1" eclass="HBEFA3/PC_G_EU4" CO2="54570.29" CO="1242.84" HC="7.04" NOx="24.72" PMx="1.48" fuel="23.46" electricity="0.00" noise="92.62" route="routetop" type="cfm_slow" waiting="0.00" lane="top_0" pos="24.11" speed="42.78" angle="231.06" x="18.79" y="111.10"/>
        <vehicle id="cfm_slow_2" eclass="HBEFA3/PC_G_EU4" CO2="54570.29" CO="1242.84" HC="7.04" NOx="24.72" PMx="1.48" fuel="23.46" electricity="0.00" noise="92.62" route="routetop" type="cfm_slow" waiting="0.00" lane="left_0" pos="14.11" speed="42.78" angle="159.15" x="4.66" y="35.63"/>
        <vehicle id="cfm_slow_3" eclass="HBEFA3/PC_G_EU4" CO2="54570.29" CO="1242.84" HC="7.04" NOx="24.72" PMx="1.48" fuel="23.46" electricity="0.00" noise="92.62" route="routebottom" type="cfm_slow" waiting="0.00" lane="bottom_0" pos="4.11" speed="42.78" angle="87.13" x="72.10" y="-1.10"/>
        <vehicle id="cfm_slow_4" eclass="HBEFA3/PC_G_EU4" CO2="54570.29" CO="1242.84" HC="7.04" NOx="24.72" PMx="1.48" fuel="23.46" electricity="0.00" noise="92.62" route="routebottom" type="cfm_slow" waiting="0.00" lane="bottom_0" pos="44.11" speed="42.78" angle="15.16" x="127.85" y="51.63"/>
    </timestep>
    <timestep time="3.20">
        <vehicle id="cfm_slow_0" eclass="HBEFA3/PC_G_EU4" CO2="54237.28" CO="1236.67" HC="7.01" NOx="24.56" PMx="1.47" fuel="23.31" electricity="0.00" noise="92.49" route="routebottom" type="cfm_slow" waiting="0.00" lane="right_0" pos="34.54" speed="42.82" angle="302.38" x="94.16" y="121.41"/>
        <vehicle id="cfm_slow_1" eclass="HBEFA3/PC_G_EU4" CO2="54237.28" CO="1236.67" HC="7.01" NOx="24.56" PMx="1.47" fuel="23.31" electricity="0.00" noise="92.49" route="routetop" type="cfm_slow" waiting="0.00" lane="top_0" pos="24.54" speed="42.82" angle="230.34" x="18.16" y="110.50"/>
        <vehicle id="cfm_slow_2" eclass="HBEFA3/PC_G_EU4" CO2="54237.28" CO="1236.67" HC="7.01" NOx="24.56" PMx="1.47" fuel="23.31" electricity="0.00" noise="92.49" route="routetop" type="cfm_slow" waiting="0.00" lane="left_0" pos="14.54" speed="42.82" angle="158.36" x="5.06" y="34.85"/>
        <vehicle id="cfm_slow_3" eclass="HBEFA3/PC_G_EU4" CO2="54237.28" CO="1236.67" HC="7.01" NOx="24.56" PMx="1.47" fuel="23.31" electricity="0.00" noise="92.49" route="routebottom" type="cfm_slow" waiting="0.00" lane="bottom_0" pos="4.54" speed="42.82" angle="86.35" x="72.97" y="-0.98"/>
        <vehicle id="cfm_slow_4" eclass="HBEFA3/PC_G_EU4" CO2="54237.28" CO="1236.67" HC="7.01" NOx="24.56" PMx="1.47" fuel="23.31" electricity="0.00" noise="92.49" route="routebottom" type="cfm_slow" waiting="0.00" lane="bottom_0" pos="44.54" speed="42.82" angle="14.32" x="128.00" y="52.49"/>
    </timestep>
    <timestep time="3.21">
        <vehicle id="cfm_slow_0" eclass="HBEFA3/PC_G_EU4" CO2="53906.63" CO="1230.56" HC="6.97" NOx="24.40" PMx="1.46" fuel="23.17" electricity="0.00" noise="92.36" route="routebottom" type="cfm_slow" waiting="0.00" lane="right_0" pos="34.97" speed="42.86" angle="301.62" x="93.38" y="121.81"/>
        <vehicle id="cfm_slow_1" eclass="HBEFA3/PC_G_EU4" CO2="53906.63" CO="1230.56" HC="6.97" NOx="24.40" PMx="1.46" fuel="23.17" electricity="0.00" noise="92.36" route="routetop" type="cfm_slow" waiting="0.00" lane="top_0" pos="24.97" speed="42.86" angle="229.57" x="17.53" y="109.88"/>
        <vehicle id="cfm_slow_2" eclass="HBEFA3/PC_G_EU4" CO2="53906.63" CO="1230.56" HC="6.97" NOx="24.40" PMx="1.46" fuel="23.17" electricity="0.00" noise="92.36" route="routetop" type="cfm_slow" waiting="0.00" lane="left_0" pos="14.97" speed="42.86" angle="157.56" x="5.45" y="34.06"/>
        <vehicle id="cfm_slow_3" eclass="HBEFA3/PC_G_EU4" CO2="53906.63" CO="1230.56" HC="6.97" NOx="24.40" PMx="1.46" fuel="23.17" electricity="0.00" noise="92.36" route="routebottom" type="cfm_slow" waiting="0.00" lane="bottom_0" pos="4.97" speed="42.86" angle="85.57" x="73.84" y="-0.85"/>
        <vehicle id="cfm_slow_4" eclass="HBEFA3/PC_G_EU4" CO2="53906.63" CO="1230.56" HC="6.97" NOx="24.40" PMx="1.46" fuel="23.17" electricity="0.00" noise="92.36" route="routebottom" type="cfm_slow" waiting="0.00" lane="bottom_0" pos="44.97" speed="42.86" angle="13.57" x="128.15" y="53.36"/>
    </timestep>
    <timestep time="3.22">
        <vehicle id="cfm_slow_0" eclass="HBEFA3/PC_G_EU4" CO2="53578.32" CO="1224.48" HC="6.94" NOx="24.25" PMx="1.45" fuel="23.03" electricity="0.00" noise="92.23" route="routebottom" type="cfm_slow" waiting="0.00" lane="right_0" pos="35.40" speed="42.90" angle="300.82" x="92.59" y="122.21"/>
        <vehicle id="cfm_slow_1" eclass="HBEFA3/PC_G_EU4" CO2="53578.32" CO="1224.48" HC="6.94" NOx="24.25" PMx="1.45" fuel="23.03" electricity="0.00" noise="92.23" route="routetop" type="cfm_slow" waiting="0.00" lane="top_0" pos="25.40" speed="42.90" angle="228.80" x="16.91" y="109.26"/>
        <vehicle id="cfm_slow_2" eclass="HBEFA3/PC_G_EU4" CO2="53578.32" CO="1224.48" HC="6.94" NOx="24.25" PMx="1.45" fuel="23.03" electricity="0.00" noise="92.23" route="routetop" type="cfm_slow" waiting="0.00" lane="left_0" pos="15.40" speed="42.90" angle="156.83" x="5.84" y="33.27"/>
        <vehicle id="cfm_slow_3" eclass="HBEFA3/PC_G_EU4" CO2="53578.32" CO="1224.48" HC="6.94" NOx="24.25" PMx="1.45" fuel="23.03" electricity="0.00" noise="92.23" route="routebottom" type="cfm_slow" waiting="0.00" lane="bottom_0" pos="5.40" speed="42.90" angle="84.79" x="74.70" y="-0.71"/>
        <vehicle id="cfm_slow_4" eclass="HBEFA3/PC_G_EU4" CO2="53578.32" CO="1224.48" HC="6.94" NOx="24.25" PMx="1.45" fuel="23.03" electricity="0.00" noise="92.23" route="routebottom" type="cfm_slow" waiting="0.00" lane="bottom_0" pos="45.40" speed="42.90" angle="12.78" x="128.28" y="54.23"/>
    </timestep>
    <timestep time="3.23">
        <vehicle id="cfm_slow_0" eclass="HBEFA3/PC_G_EU4" CO2="53252.35" CO="1218.45" HC="6.90" NOx="24.09" PMx="1.45" fuel="22.89" electricity="0.00" noise="92.10" route="routebottom" type="cfm_slow" waiting="0.00" lane="right_0" pos="35.83" speed="42.94" angle="300.04" x="91.80" y="122.60"/>
        <vehicle id="cfm_slow_1" eclass="HBEFA3/PC_G_EU4" CO2="53252.35" CO="1218.45" HC="6.90" NOx="24.09" PMx="1.45" fuel="22.89" electricity="0.00" noise="92.10" route="routetop" type="cfm_slow" waiting="0.00" lane="top_0" pos="25.83" speed="42.94" angle="228.07" x="16.30" y="108.63"/>
        <vehicle id="cfm_slow_2" eclass="HBEFA3/PC_G_EU4" CO2="53252.35" CO="1218.45" HC="6.90" NOx="24.09" PMx="1.45" fuel="22.89" electricity="0.00" noise="92.10" route="routetop" type="cfm_slow" waiting="0.00" lane="left_0" pos="15.83" speed="42.94" angle="156.04" x="6.27" y="32.50"/>
        <vehicle id="cfm_slow_3" eclass="HBEFA3/PC_G_EU4" CO2="53252.35" CO="1218.45" HC="6.90" NOx="24.09" PMx="1.45" fuel="22.89" electricity="0.00" noise="92.10" route="routebottom" type="cfm_slow" waiting="0.00" lane="bottom_0" pos="5.83" speed="42.94" angle="83.98" x="75.57" y="-0.54"/>
        <vehicle id="cfm_slow_4" eclass="HBEFA3/PC_G_EU4" CO2="53252.35" CO="1218.45" HC="6.90" NOx="24.09" PMx="1.45" fuel="22.89" electricity="0.00" noise="92.10" route="routebottom" type="cfm_slow" waiting="0.00" lane="bottom_0" pos="45.83" speed="42.94" angle="12.00" x="128.40" y="55.10"/>
    </timestep>
    <timestep time="3.24">
        <vehicle id="cfm_slow_0" eclass="HBEFA3/PC_G_EU4" CO2="52928.72" CO="1212.46" HC="6.86" NOx="23.94" PMx="1.44" fuel="22.75" electricity="0.00" noise="91.98" route="routebottom" type="cfm_slow" waiting="0.00" lane="right_0" pos="36.26" speed="42.97" angle="299.27" x="91.00" y="122.97"/>
        <vehicle id="cfm_slow_1" eclass="HBEFA3/PC_G_EU4" CO2="52928.72" CO="1212.46" HC="6.86" NOx="23.94" PMx="1.44" fuel="22.75" electricity="0.00" noise="91.98" route="routetop" type="cfm_slow" waiting="0.00" lane="top_0" pos="26.26" speed="42.97" angle="227.28" x="15.70" y="107.98"/>
        <vehicle id="cfm_slow_2" eclass="HBEFA3/PC_G_EU4" CO2="52928.72" CO="1212.46" HC="6.86" NOx="23.94" PMx="1.44" fuel="22.75" electricity="0.00" noise="91.98" route="routetop" type="cfm_slow" waiting="0.00" lane="left_0" pos="16.26" speed="42.97" angle="155.25" x="6.70" y="31.73"/>
        <vehicle id="cfm_slow_3" eclass="HBEFA3/PC_G_EU4" CO2="52928.72" CO="1212.46" HC="6.86" NOx="23.94" PMx="1.44" fuel="22.75" electricity="0.00" noise="91.98" route="routebottom" type="cfm_slow" waiting="0.00" lane="bottom_0" pos="6.26" speed="42.97" angle="83.17" x="76.44" y="-0.38"/>
        <vehicle id="cfm_slow_4" eclass="HBEFA3/PC_G_EU4" CO2="52928.72" CO="1212.46" HC="6.86" NOx="23.94" PMx="1.44" fuel="22.75" electricity="0.00" noise="91.98" route="routebottom" type="cfm_slow" waiting="0.00" lane="bottom_0" pos="46.26" speed="42.97" angle="11.28" x="128.52" y="55.97"/>
    </timestep>
    <timestep time="3.25">
        <vehicle id="cfm_slow_0" eclass="HBEFA3/PC_G_EU4" CO2="52607.40" CO="1206.51" HC="6.83" NOx="23.79" PMx="1.43" fuel="22.61" electricity="0.00" noise="91.85" route="routebottom" type="cfm_slow" waiting="0.00" lane="right_0" pos="36.69" speed="43.01" angle="298.45" x="90.20" y="123.33"/>
        <vehicle id="cfm_slow_1" eclass="HBEFA3/PC_G_EU4" CO2="52607.40" CO="1206.51" HC="6.83" NOx="23.79" PMx="1.43" fuel="22.61" electricity="0.00" noise="91.85" route="routetop" type="cfm_slow" waiting="0.00" lane="top_0" pos="26.69" speed="43.01" angle="226.48" x="15.10" y="107.33"/>
        <vehicle id="cfm_slow_2" eclass="HBEFA3/PC_G_EU4" CO2="52607.40" CO="1206.51" HC="6.83" NOx="23.79" PMx="1.43" fuel="22.61" electricity="0.00" noise="91.85" route="routetop" type="cfm_slow" waiting="0.00" lane="left_0" pos="16.69" speed="43.01" angle="154.51" x="7.13" y="30.96"/>
        <vehicle id="cfm_slow_3" eclass="HBEFA3/PC_G_EU4" CO2="52607.40" CO="1206.51" HC="6.83" NOx="23.79" PMx="1.43" fuel="22.61" electricity="0.00" noise="91.85" route="routebottom" type="cfm_slow" waiting="0.00" lane="bottom_0" pos="6.69" speed="43.01" angle="82.44" x="77.30" y="-0.20"/>
        <vehicle id="cfm_slow_4" eclass="HBEFA3/PC_G_EU4" CO2="52607.40" CO="1206.51" HC="6.83" NOx="23.79" PMx="1.43" fuel="22.61" electricity="0.00" noise="91.85" route="routebottom" type="cfm_slow" waiting="0.00" lane="bottom_0" pos="46.69" speed="43.01" angle="10.51" x="128.61" y="56.85"/>
    </timestep>
    <timestep time="3.26">
        <vehicle id="cfm_slow_0" eclass="HBEFA3/PC_G_EU4" CO2="52288.39" CO="1200.60" HC="6.80" NOx="23.64" PMx="1.42" fuel="22.48" electricity="0.00" noise="91.73" route="routebottom" type="cfm_slow" waiting="0.00" lane="right_0" pos="37.12" speed="43.05" angle="297.67" x="89.39" y="123.69"/>
        <vehicle id="cfm_slow_1" eclass="HBEFA3/PC_G_EU4" CO2="52288.39" CO="1200.60" HC="6.80" NOx="23.64" PMx="1.42" fuel="22.48" electricity="0.00" noise="91.73" route="routetop" type="cfm_slow" waiting="0.00" lane="top_0" pos="27.12" speed="43.05" angle="225.73" x="14.52" y="106.67"/>
        <vehicle id="cfm_slow_2" eclass="HBEFA3/PC_G_EU4" CO2="52288.39" CO="1200.60" HC="6.80" NOx="23.64" PMx="1.42" fuel="22.48" electricity="0.00" noise="91.73" route="routetop" type="cfm_slow" waiting="0.00" lane="left_0" pos="17.12" speed="43.05" angle="153.70" x="7.58" y="30.21"/>
        <vehicle id="cfm_slow_3" eclass="HBEFA3/PC_G_EU4" CO2="52288.39" CO="1200.60" HC="6.80" NOx="23.64" PMx="1.42" fuel="22.48" electricity="0.00" noise="91.73" route="routebottom" type="cfm_slow" waiting="0.00" lane="bottom_0" pos="7.12" speed="43.05" angle="81.65" x="78.16" y="-0.01"/>
        <vehicle id="cfm_slow_4" eclass="HBEFA3/PC_G_EU4" CO2="52288.39" CO="1200.60" HC="6.80" NOx="23.64" PMx="1.42" fuel="22.48" electricity="0.00" noise="91.73" route="routebottom" type="cfm_slow" waiting="0.00" lane="bottom_0" pos="47.12" speed="43.05" angle="9.75" x="128.70" y="57.73"/>
    </timestep>
    <timestep time="3.27">
        <vehicle id="cfm_slow_0" eclass="HBEFA3/PC_G_EU4" CO2="51971.68" CO="1194.74" HC="6.76" NOx="23.49" PMx="1.41" fuel="22.34" electricity="0.00" noise="91.60" route="routebottom" type="cfm_slow" waiting="0.00" lane="right_0" pos="37.55" speed="43.08" angle="296.91" x="88.57" y="124.02"/>
        <vehicle id="cfm_slow_1" eclass="HBEFA3/PC_G_EU4" CO2="51971.68" CO="1194.74" HC="6.76" NOx="23.49" PMx="1.41" fuel="22.34" electricity="0.00" noise="91.60" route="routetop" type="cfm_slow" waiting="0.00" lane="top_0" pos="27.55" speed="43.08" angle="224.91" x="13.95" y="106.00"/>
        <vehicle id="cfm_slow_2" eclass="HBEFA3/PC_G_EU4" CO2="51971.68" CO="1194.74" HC="6.76" NOx="23.49" PMx="1.41" fuel="22.34" electricity="0.00" noise="91.60" route="routetop" type="cfm_slow" waiting="0.00" lane="left_0" pos="17.55" speed="43.08" angle="152.89" x="8.04" y="29.45"/>
        <vehicle id="cfm_slow_3" eclass="HBEFA3/PC_G_EU4" CO2="51971.68" CO="1194.74" HC="6.76" NOx="23.49" PMx="1.41" fuel="22.34" electricity="0.00" noise="91.60" route="routebottom" type="cfm_slow" waiting="0.00" lane="bottom_0" pos="7.55" speed="43.08" angle="80.86" x="79.02" y="0.19"/>
        <vehicle id="cfm_slow_4" eclass="HBEFA3/PC_G_EU4" CO2="51971.68" CO="1194.74" HC="6.76" NOx="23.49" PMx="1.41" fuel="22.34" electricity="0.00" noise="91.60" route="routebottom" type="cfm_slow" waiting="0.00" lane="bottom_0" pos="47.55" speed="43.08" angle="9.02" x="128.78" y="58.61"/>
    </timestep>
    <timestep time="3.28">
        <vehicle id="cfm_slow_0" eclass="HBEFA3/PC_G_EU4" CO2="51657.26" CO="1188.92" HC="6.73" NOx="23.34" PMx="1.41" fuel="22.20" electricity="0.00" noise="91.48" route="routebottom" type="cfm_slow" waiting="0.00" lane="right_0" pos="37.98" speed="43.12" angle="296.11" x="87.75" y="124.35"/>
        <vehicle id="cfm_slow_1" eclass="HBEFA3/PC_G_EU4" CO2="51657.26" CO="1188.92" HC="6.73" NOx="23.34" PMx="1.41" fuel="22.20" electricity="0.00" noise="91.48" route="routetop" type="cfm_slow" waiting="0.00" lane="top_0" pos="27.98" speed="43.12" angle="224.08" x="13.38" y="105.32"/>
        <vehicle id="cfm_slow_2" eclass="HBEFA3/PC_G_EU4" CO2="51657.26" CO="1188.92" HC="6.73" NOx="23.34" PMx="1.41" fuel="22.20" electricity="0.00" noise="91.48" route="routetop" type="cfm_slow" waiting="0.00" lane="left_0" pos="17.98" speed="43.12" angle="152.15" x="8.50" y="28.69"/>
        <vehicle id="cfm_slow_3" eclass="HBEFA3/PC_G_EU4" CO2="51657.26" CO="1188.92" HC="6.73" NOx="23.34" PMx="1.41" fuel="22.20" electricity="0.00" noise="91.48" route="routebottom" type="cfm_slow" waiting="0.00" lane="bottom_0" pos="7.98" speed="43.12" angle="80.11" x="79.88" y="0.41"/>
        <vehicle id="cfm_slow_4" eclass="HBEFA3/PC_G_EU4" CO2="51657.26" CO="1188.92" HC="6.73" NOx="23.34" PMx="1.41" fuel="22.20" electricity="0.00" noise="91.48" route="routebottom" type="cfm_slow" waiting="0.00" lane="bottom_0" pos="47.98" speed="43.12" angle="8.18" x="128.83" y="59.49"/>
    </timestep>
    <timestep time="3.29">
        <vehicle id="cfm_slow_0" eclass="HBEFA3/PC_G_EU4" CO2="51345.12" CO="1183.14" HC="6.69" NOx="23.19" PMx="1.40" fuel="22.07" electricity="0.00" noise="91.36" route="routebottom" type="cfm_slow" waiting="0.00" lane="right_0" pos="38.41" speed="43.15" angle="295.33" x="86.93" y="124.68"/>
        <vehicle id="cfm_slow_1" eclass="HBEFA3/PC_G_EU4" CO2="51345.12" CO="1183.14" HC="6.69" NOx="23.19" PMx="1.40" fuel="22.07" electricity="0.00" noise="91.36" route="routetop" type="cfm_slow" waiting="0.00" lane="top_0" pos="28.41" speed="43.15" angle="223.35" x="12.82" y="104.64"/>
        <vehicle id="cfm_slow_2" eclass="HBEFA3/PC_G_EU4" CO2="51345.12" CO="1183.14" HC="6.69" NOx="23.19" PMx="1.40" fuel="22.07" electricity="0.00" noise="91.36" route="routetop" type="cfm_slow" waiting="0.00" lane="left_0" pos="18.41" speed="43.15" angle="151.33" x="8.99" y="27.96"/>
        <vehicle id="cfm_slow_3" eclass="HBEFA3/PC_G_EU4" CO2="51345.12" CO="1183.14" HC="6.69" NOx="23.19" PMx="1.40" fuel="22.07" electricity="0.00" noise="91.36" route="routebottom" type="cfm_slow" waiting="0.00" lane="bottom_0" pos="8.41" speed="43.15" angle="79.31" x="80.73" y="0.63"/>
        <vehicle id="cfm_slow_4" eclass="HBEFA3/PC_G_EU4" CO2="51345.12" CO="1183.14" HC="6.69" NOx="23.19" PMx="1.40" fuel="22.07" electricity="0.00" noise="91.36" route="routebottom" type="cfm_slow" waiting="0.00" lane="bottom_0" pos="48.41" speed="43.15" angle="7.35" x="128.88" y="60.37"/>
    </timestep>
    <timestep time="3.30">
        <vehicle id="cfm_slow_0" eclass="HBEFA3/PC_G_EU4" CO2="51035.24" CO="1177.41" HC="6.66" NOx="23.04" PMx="1.39" fuel="21.94" electricity="0.00" noise="91.24" route="routebottom" type="cfm_slow" waiting="0.00" lane="right_0" pos="38.84" speed="43.19" angle="294.59" x="86.10" y="124.98"/>
        <vehicle id="cfm_slow_1" eclass="HBEFA3/PC_G_EU4" CO2="51035.24" CO="1177.41" HC="6.66" NOx="23.04" PMx="1.39" fuel="21.94" electricity="0.00" noise="91.24" route="routetop" type="cfm_slow" waiting="0.00" lane="top_0" pos="28.84" speed="43.19" angle="222.56" x="12.27" y="103.94"/>
        <vehicle id="cfm_slow_2" eclass="HBEFA3/PC_G_EU4" CO2="51035.24" CO="1177.41" HC="6.66" NOx="23.04" PMx="1.39" fuel="21.94" electricity="0.00" noise="91.24" route="routetop" type="cfm_slow" waiting="0.00" lane="left_0" pos="18.84" speed="43.19" angle="150.51" x="9.48" y="27.22"/>
        <vehicle id="cfm_slow_3" eclass="HBEFA3/PC_G_EU4" CO2="51035.24" CO="1177.41" HC="6.66" NOx="23.04" PMx="1.39" fuel="21.94" electricity="0.00" noise="91.24" route="routebottom" type="cfm_slow" waiting="0.00" lane="bottom_0" pos="8.84" speed="43.19" angle="78.50" x="81.59" y="0.86"/>
        <vehicle id="cfm_slow_4" eclass="HBEFA3/PC_G_EU4" CO2="51035.24" CO="1177.41" HC="6.66" NOx="23.04" PMx="1.39" fuel="21.94" electricity="0.00" noise="91.24" route="routebottom" type="cfm_slow" waiting="0.00" lane="bottom_0" pos="48.84" speed="43.19" angle="6.60" x="128.92" y="61.26"/>
    </timestep>
    <timestep time="3.31">
        <vehicle id="cfm_slow_0" eclass="HBEFA3/PC_G_EU4" CO2="50727.63" CO="1171.71" HC="6.63" NOx="22.90" PMx="1.38" fuel="21.81" electricity="0.00" noise="91.13" route="routebottom" type="cfm_slow" waiting="0.00" lane="right_0" pos="39.27" speed="43.22" angle="293.82" x="85.27" y="125.29"/>
        <vehicle id="cfm_slow_1" eclass="HBEFA3/PC_G_EU4" CO2="50727.63" CO="1171.71" HC="6.63" NOx="22.90" PMx="1.38" fuel="21.81" electricity="0.00" noise="91.13" route="routetop" type="cfm_slow" waiting="0.00" lane="top_0" pos="29.27" speed="43.22" angle="221.77" x="11.72" y="103.24"/>
        <vehicle id="cfm_slow_2" eclass="HBEFA3/PC_G_EU4" CO2="50727.63" CO="1171.71" HC="6.63" NOx="22.90" PMx="1.38" fuel="21.81" electricity="0.00" noise="91.13" route="routetop" type="cfm_slow" waiting="0.00" lane="left_0" pos="19.27" speed="43.22" angle="149.75" x="9.97" y="26.49"/>
        <vehicle id="cfm_slow_3" eclass="HBEFA3/PC_G_EU4" CO2="50727.63" CO="1171.71" HC="6.63" NOx="22.90" PMx="1.38" fuel="21.81" electricity="0.00" noise="91.13" route="routebottom" type="cfm_slow" waiting="0.00" lane="bottom_0" pos="9.27" speed="43.22" angle="77.76" x="82.44" y="1.12"/>
        <vehicle id="cfm_slow_4" eclass="HBEFA3/PC_G_EU4" CO2="50727.63" CO="1171.71" HC="6.63" NOx="22.90" PMx="1.38" fuel="21.81" electricity="0.00" noise="91.13" route="routebottom" type="cfm_slow" waiting="0.00" lane="bottom_0" pos="49.27" speed="43.22" angle="5.80" x="128.94" y="62.14"/>
    </timestep>
    <timestep time="3.32">
        <vehicle id="cfm_slow_0" eclass="HBEFA3/PC_G_EU4" CO2="50422.27" CO="1166.06" HC="6.59" NOx="22.75" PMx="1.37" fuel="21.67" electricity="0.00" noise="91.01" route="routebottom" type="cfm_slow" waiting="0.00" lane="right_0" pos="39.71" speed="43.26" angle="293.09" x="84.43" y="125.59"/>
        <vehicle id="cfm_slow_1" eclass="HBEFA3/PC_G_EU4" CO2="50422.27" CO="1166.06" HC="6.59" NOx="22.75" PMx="1.37" fuel="21.67" electricity="0.00" noise="91.01" route="routetop" type="cfm_slow" waiting="0.00" lane="top_0" pos="29.71" speed="43.26" angle="221.02" x="11.19" y="102.53"/>
        <vehicle id="cfm_slow_2" eclass="HBEFA3/PC_G_EU4" CO2="50422.27" CO="1166.06" HC="6.59" NOx="22.75" PMx="1.37" fuel="21.67" electricity="0.00" noise="91.01" route="routetop" type="cfm_slow" waiting="0.00" lane="left_0" pos="19.71" speed="43.26" angle="148.96" x="10.49" y="25.77"/>
        <vehicle id="cfm_slow_3" eclass="HBEFA3/PC_G_EU4" CO2="50422.27" CO="1166.06" HC="6.59" NOx="22.75" PMx="1.37" fuel="21.67" electricity="0.00" noise="91.01" route="routebottom" type="cfm_slow" waiting="0.00" lane="bottom_0" pos="9.71" speed="43.26" angle="76.97" x="83.28" y="1.38"/>
        <vehicle id="cfm_slow_4" eclass="HBEFA3/PC_G_EU4" CO2="50422.27" CO="1166.06" HC="6.59" NOx="22.75" PMx="1.37" fuel="21.67" electricity="0.00" noise="91.01" route="routebottom" type="cfm_slow" waiting="0.00" lane="bottom_0" pos="49.71" speed="43.26" angle="5.01" x="128.96" y="63.03"/>
    </timestep>
    <timestep time="3.33">
        <vehicle id="cfm_slow_0" eclass="HBEFA3/PC_G_EU4" CO2="50119.14" CO="1160.45" HC="6.56" NOx="22.61" PMx="1.37" fuel="21.54" electricity="0.00" noise="90.89" route="routebottom" type="cfm_slow" waiting="0.00" lane="right_0" pos="40.14" speed="43.29" angle="292.30" x="83.59" y="125.86"/>
        <vehicle id="cfm_slow_1" eclass="HBEFA3/PC_G_EU4" CO2="50119.14" CO="1160.45" HC="6.56" NOx="22.61" PMx="1.37" fuel="21.54" electricity="0.00" noise="90.89" route="routetop" type="cfm_slow" waiting="0.00" lane="top_0" pos="30.14" speed="43.29" angle="220.21" x="10.67" y="101.81"/>
        <vehicle id="cfm_slow_2" eclass="HBEFA3/PC_G_EU4" CO2="50119.14" CO="1160.45" HC="6.56" NOx="22.61" PMx="1.37" fuel="21.54" electricity="0.00" noise="90.89" route="routetop" type="cfm_slow" waiting="0.00" lane="left_0" pos="20.14" speed="43.29" angle="148.17" x="11.01" y="25.04"/>
        <vehicle id="cfm_slow_3" eclass="HBEFA3/PC_G_EU4" CO2="50119.14" CO="1160.45" HC="6.56" NOx="22.61" PMx="1.37" fuel="21.54" electricity="0.00" noise="90.89" route="routebottom" type="cfm_slow" waiting="0.00" lane="bottom_0" pos="10.14" speed="43.29" angle="76.19" x="84.13" y="1.64"/>
        <vehicle id="cfm_slow_4" eclass="HBEFA3/PC_G_EU4" CO2="50119.14" CO="1160.45" HC="6.56" NOx="22.61" PMx="1.37" fuel="21.54" electricity="0.00" noise="90.89" route="routebottom" type="cfm_slow" waiting="0.00" lane="right_0" pos="0.14" speed="43.29" angle="4.24" x="128.96" y="63.98"/>
    </timestep>
    <timestep time="3.34">
        <vehicle id="cfm_slow_0" eclass="HBEFA3/PC_G_EU4" CO2="49818.24" CO="1154.88" HC="6.53" NOx="22.47" PMx="1.36" fuel="21.41" electricity="0.00" noise="90.78" route="routebottom" type="cfm_slow" waiting="0.00" lane="right_0" pos="40.57" speed="43.32" angle="291.49" x="82.74" y="126.12"/>
        <vehicle id="cfm_slow_1" eclass="HBEFA3/PC_G_EU4" CO2="49818.24" CO="1154.88" HC="6.53" NOx="22.47" PMx="1.36" fuel="21.41" electricity="0.00" noise="90.78" route="routetop" type="cfm_slow" waiting="0.00" lane="top_0" pos="30.57" speed="43.32" angle="219.39" x="10.16" y="101.09"/>
        <vehicle id="cfm_slow_2" eclass="HBEFA3/PC_G_EU4" CO2="49818.24" CO="1154.88" HC="6.53" NOx="22.47" PMx="1.36" fuel="21.41" electricity="0.00" noise="90.78" route="routetop" type="cfm_slow" waiting="0.00" lane="left_0" pos="20.57" speed="43.32" angle="147.44" x="11.53" y="24.33"/>
        <vehicle id="cfm_slow_3" eclass="HBEFA3/PC_G_EU4" CO2="49818.24" CO="1154.88" HC="6.53" NOx="22.47" PMx="1.36" fuel="21.41" electricity="0.00" noise="90.78" route="routebottom" type="cfm_slow" waiting="0.00" lane="bottom_0" pos="10.57" speed="43.32" angle="75.45" x="84.97" y="1.93"/>
        <vehicle id="cfm_slow_4" eclass="HBEFA3/PC_G_EU4" CO2="49818.24" CO="1154.88" HC="6.53" NOx="22.47" PMx="1.36" fuel="21.41" electricity="0.00" noise="90.78" route="routebottom" type="cfm_slow" waiting="0.00" lane="right_0" pos="0.57" speed="43.32" angle="3.45" x="128.95" y="64.87"/>
    </timestep>
    <timestep time="3.35">
        <vehicle id="cfm_slow_0" eclass="HBEFA3/PC_G_EU4" CO2="49519.56" CO="1149.35" HC="6.49" NOx="22.32" PMx="1.35" fuel="21.29" electricity="0.00" noise="90.67" route="routebottom" type="cfm_slow" waiting="0.00" lane="right_0" pos="41.01" speed="43.36" angle="290.73" x="81.89" y="126.38"/>
        <vehicle id="cfm_slow_1" eclass="HBEFA3/PC_G_EU4" CO2="49519.56" CO="1149.35" HC="6.49" NOx="22.32" PMx="1.35" fuel="21.29" electricity="0.00" noise="90.67" route="routetop" type="cfm_slow" waiting="0.00" lane="top_0" pos="31.01" speed="43.36" angle="218.65" x="9.65" y="100.36"/>
        <vehicle id="cfm_slow_2" eclass="HBEFA3/PC_G_EU4" CO2="49519.56" CO="1149.35" HC="6.49" NOx="22.32" PMx="1.35" fuel="21.29" electricity="0.00" noise="90.67" route="routetop" type="cfm_slow" waiting="0.00" lane="left_0" pos="21.01" speed="43.36" angle="146.66" x="12.08" y="23.63"/>
        <vehicle id="cfm_slow_3" eclass="HBEFA3/PC_G_EU4" CO2="49519.56" CO="1149.35" HC="6.49" NOx="22.32" PMx="1.35" fuel="21.29" electricity="0.00" noise="90.67" route="routebottom" type="cfm_slow" waiting="0.00" lane="bottom_0" pos="11.01" speed="43.36" angle="74.64" x="85.81" y="2.24"/>
        <vehicle id="cfm_slow_4" eclass="HBEFA3/PC_G_EU4" CO2="49519.56" CO="1149.35" HC="6.49" NOx="22.32" PMx="1.35" fuel="21.29" electricity="0.00" noise="90.67" route="routebottom" type="cfm_slow" waiting="0.00" lane="right_0" pos="1.01" speed="43.36" angle="2.65" x="128.93" y="65.75"/>
    </timestep>
    <timestep time="3.36">
        <vehicle id="cfm_slow_0" eclass="HBEFA3/PC_G_EU4" CO2="49223.08" CO="1143.86" HC="6.46" NOx="22.18" PMx="1.34" fuel="21.16" electricity="0.00" noise="90.56" route="routebottom" type="cfm_slow" waiting="0.00" lane="right_0" pos="41.44" speed="43.39" angle="289.93" x="81.03" y="126.61"/>
        <vehicle id="cfm_slow_1" eclass="HBEFA3/PC_G_EU4" CO2="49223.08" CO="1143.86" HC="6.46" NOx="22.18" PMx="1.34" fuel="21.16" electricity="0.00" noise="90.56" route="routetop" type="cfm_slow" waiting="0.00" lane="top_0" pos="31.44" speed="43.39" angle="217.87" x="9.16" y="99.62"/>
        <vehicle id="cfm_slow_2" eclass="HBEFA3/PC_G_EU4" CO2="49223.08" CO="1143.86" HC="6.46" NOx="22.18" PMx="1.34" fuel="21.16" electricity="0.00" noise="90.56" route="routetop" type="cfm_slow" waiting="0.00" lane="left_0" pos="21.44" speed="43.39" angle="145.87" x="12.63" y="22.93"/>
        <vehicle id="cfm_slow_3" eclass="HBEFA3/PC_G_EU4" CO2="49223.08" CO="1143.86" HC="6.46" NOx="22.18" PMx="1.34" fuel="21.16" electricity="0.00" noise="90.56" route="routebottom" type="cfm_slow" waiting="0.00" lane="bottom_0" pos="11.44" speed="43.39" angle="73.86" x="86.64" y="2.54"/>
        <vehicle id="cfm_slow_4" eclass="HBEFA3/PC_G_EU4" CO2="49223.08" CO="1143.86" HC="6.46" NOx="22.18" PMx="1.34" fuel="21.16" electricity="0.00" noise="90.56" route="routebottom" type="cfm_slow" waiting="0.00" lane="right_0" pos="1.44" speed="43.39" angle="1.90" x="128.90" y="66.64"/>
    </timestep>
    <timestep time="3.37">
        <vehicle id="cfm_slow_0" eclass="HBEFA3/PC_G_EU4" CO2="48928.80" CO="1138.41" HC="6.43" NOx="22.04" PMx="1.34" fuel="21.03" electricity="0.00" noise="90.45" route="routebottom" type="cfm_slow" waiting="0.00" lane="right_0" pos="41.88" speed="43.42" angle="289.11" x="80.17" y="126.84"/>
        <vehicle id="cfm_slow_1" eclass="HBEFA3/PC_G_EU4" CO2="48928.80" CO="1138.41" HC="6.43" NOx="22.04" PMx="1.34" fuel="21.03" electricity="0.00" noise="90.45" route="routetop" type="cfm_slow" waiting="0.00" lane="top_0" pos="31.88" speed="43.42" angle="217.09" x="8.66" y="98.87"/>
        <vehicle id="cfm_slow_2" eclass="HBEFA3/PC_G_EU4" CO2="48928.80" CO="1138.41" HC="6.43" NOx="22.04" PMx="1.34" fuel="21.03" electricity="0.00" noise="90.45" route="routetop" type="cfm_slow" waiting="0.00" lane="left_0" pos="21.88" speed="43.42" angle="145.14" x="13.18" y="22.23"/>
        <vehicle id="cfm_slow_3" eclass="HBEFA3/PC_G_EU4" CO2="48928.80" CO="1138.41" HC="6.43" NOx="22.04" PMx="1.34" fuel="21.03" electricity="0.00" noise="90.45" route="routebottom" type="cfm_slow" waiting="0.00" lane="bottom_0" pos="11.88" speed="43.42" angle="73.11" x="87.47" y="2.86"/>
        <vehicle id="cfm_slow_4" eclass="HBEFA3/PC_G_EU4" CO2="48928.80" CO="1138.41" HC="6.43" NOx="22.04" PMx="1.34" fuel="21.03" electricity="0.00" noise="90.45" route="routebottom" type="cfm_slow" waiting="0.00" lane="right_0" pos="1.88" speed="43.42" angle="1.11" x="128.85" y="67.53"/>
    </timestep>
    <timestep time="3.38">
        <vehicle id="cfm_slow_0" eclass="HBEFA3/PC_G_EU4" CO2="48636.71" CO="1133.00" HC="6.40" NOx="21.91" PMx="1.33" fuel="20.91" electricity="0.00" noise="90.34" route="routebottom" type="cfm_slow" waiting="0.00" lane="right_0" pos="42.31" speed="43.46" angle="288.36" x="79.31" y="127.07"/>
        <vehicle id="cfm_slow_1" eclass="HBEFA3/PC_G_EU4" CO2="48636.71" CO="1133.00" HC="6.40" NOx="21.91" PMx="1.33" fuel="20.91" electricity="0.00" noise="90.34" route="routetop" type="cfm_slow" waiting="0.00" lane="top_0" pos="32.31" speed="43.46" angle="216.37" x="8.19" y="98.12"/>
        <vehicle id="cfm_slow_2" eclass="HBEFA3/PC_G_EU4" CO2="48636.71" CO="1133.00" HC="6.40" NOx="21.91" PMx="1.33" fuel="20.91" electricity="0.00" noise="90.34" route="routetop" type="cfm_slow" waiting="0.00" lane="left_0" pos="22.31" speed="43.46" angle="144.32" x="13.76" y="21.55"/>
        <vehicle id="cfm_slow_3" eclass="HBEFA3/PC_G_EU4" CO2="48636.71" CO="1133.00" HC="6.40" NOx="21.91" PMx="1.33" fuel="20.91" electricity="0.00" noise="90.34" route="routebottom" type="cfm_slow" waiting="0.00" lane="bottom_0" pos="12.31" speed="43.46" angle="72.33" x="88.30" y="3.19"/>
        <vehicle id="cfm_slow_4" eclass="HBEFA3/PC_G_EU4" CO2="48636.71" CO="1133.00" HC="6.40" NOx="21.91" PMx="1.33" fuel="20.91" electricity="0.00" noise="90.34" route="routebottom" type="cfm_slow" waiting="0.00" lane="right_0" pos="2.31" speed="43.46" angle="0.32" x="128.80" y="68.42"/>
    </timestep>
    <timestep time="3.39">
        <vehicle id="cfm_slow_0" eclass="HBEFA3/PC_G_EU4" CO2="48346.78" CO="1127.63" HC="6.37" NOx="21.77" PMx="1.32" fuel="20.78" electricity="0.00" noise="90.23" route="routebottom" type="cfm_slow" waiting="0.00" lane="right_0" pos="42.74" speed="43.49" angle="287.59" x="78.44" y="127.27"/>
        <vehicle id="cfm_slow_1" eclass="HBEFA3/PC_G_EU4" CO2="48346.78" CO="1127.63" HC="6.37" NOx="21.77" PMx="1.32" fuel="20.78" electricity="0.00" noise="90.23" route="routetop" type="cfm_slow" waiting="0.00" lane="top_0" pos="32.74" speed="43.49" angle="215.58" x="7.73" y="97.36"/>
        <vehicle id="cfm_slow_2" eclass="HBEFA3/PC_G_EU4" CO2="48346.78" CO="1127.63" HC="6.37" NOx="21.77" PMx="1.32" fuel="20.78" electricity="0.00" noise="90.23" route="routetop" type="cfm_slow" waiting="0.00" lane="left_0" pos="22.74" speed="43.49" angle="143.51" x="14.34" y="20.87"/>
        <vehicle id="cfm_slow_3" eclass="HBEFA3/PC_G_EU4" CO2="48346.78" CO="1127.63" HC="6.37" NOx="21.77" PMx="1.32" fuel="20.78" electricity="0.00" noise="90.23" route="routebottom" type="cfm_slow" waiting="0.00" lane="bottom_0" pos="12.74" speed="43.49" angle="71.57" x="89.13" y="3.52"/>
        <vehicle id="cfm_slow_4" eclass="HBEFA3/PC_G_EU4" CO2="48346.78" CO="1127.63" HC="6.37" NOx="21.77" PMx="1.32" fuel="20.78" electricity="0.00" noise="90.23" route="routebottom" type="cfm_slow" waiting="0.00" lane="right_0" pos="2.74" speed="43.49" angle="359.58" x="128.73" y="69.31"/>
    </timestep>
    <timestep time="3.40">
        <vehicle id="cfm_slow_0" eclass="HBEFA3/PC_G_EU4" CO2="48059.02" CO="1122.31" HC="6.33" NOx="21.63" PMx="1.32" fuel="20.66" electricity="0.00" noise="90.12" route="routebottom" type="cfm_slow" waiting="0.00" lane="right_0" pos="43.18" speed="43.52" angle="286.83" x="77.57" y="127.47"/>
        <vehicle id="cfm_slow_1" eclass="HBEFA3/PC_G_EU4" CO2="48059.02" CO="1122.31" HC="6.33" NOx="21.63" PMx="1.32" fuel="20.66" electricity="0.00" noise="90.12" route="routetop" type="cfm_slow" waiting="0.00" lane="top_0" pos="33.18" speed="43.52" angle="214.79" x="7.27" y="96.59"/>
        <vehicle id="cfm_slow_2" eclass="HBEFA3/PC_G_EU4" CO2="48059.02" CO="1122.31" HC="6.33" NOx="21.63" PMx="1.32" fuel="20.66" electricity="0.00" noise="90.12" route="routetop" type="cfm_slow" waiting="0.00" lane="left_0" pos="23.18" speed="43.52" angle="142.77" x="14.92" y="20.20"/>
        <vehicle id="cfm_slow_3" eclass="HBEFA3/PC_G_EU4" CO2="48059.02" CO="1122.31" HC="6.33" NOx="21.63" PMx="1.32" fuel="20.66" electricity="0.00" noise="90.12" route="routebottom" type="cfm_slow" waiting="0.00" lane="bottom_0" pos="13.18" speed="43.52" angle="70.81" x="89.95" y="3.88"/>
        <vehicle id="cfm_slow_4" eclass="HBEFA3/PC_G_EU4" CO2="48059.02" CO="1122.31" HC="6.33" NOx="21.63" PMx="1.32" fuel="20.66" electricity="0.00" noise="90.12" route="routebottom" type="cfm_slow" waiting="0.00" lane="right_0" pos="3.18" speed="43.52" angle="358.79" x="128.64" y="70.20"/>
    </timestep>
    <timestep time="3.41">
        <vehicle id="cfm_slow_0" eclass="HBEFA3/PC_G_EU4" CO2="47773.41" CO="1117.02" HC="6.30" NOx="21.50" PMx="1.31" fuel="20.54" electricity="0.00" noise="90.02" route="routebottom" type="cfm_slow" waiting="0.00" lane="right_0" pos="43.62" speed="43.55" angle="286.10" x="76.70" y="127.66"/>
        <vehicle id="cfm_slow_1" eclass="HBEFA3/PC_G_EU4" CO2="47773.41" CO="1117.02" HC="6.30" NOx="21.50" PMx="1.31" fuel="20.54" electricity="0.00" noise="90.02" route="routetop" type="cfm_slow" waiting="0.00" lane="top_0" pos="33.62" speed="43.55" angle="214.05" x="6.82" y="95.82"/>
        <vehicle id="cfm_slow_2" eclass="HBEFA3/PC_G_EU4" CO2="47773.41" CO="1117.02" HC="6.30" NOx="21.50" PMx="1.31" fuel="20.54" electricity="0.00" noise="90.02" route="routetop" type="cfm_slow" waiting="0.00" lane="left_0" pos="23.62" speed="43.55" angle="141.99" x="15.53" y="19.54"/>
        <vehicle id="cfm_slow_3" eclass="HBEFA3/PC_G_EU4" CO2="47773.41" CO="1117.02" HC="6.30" NOx="21.50" PMx="1.31" fuel="20.54" electricity="0.00" noise="90.02" route="routebottom" type="cfm_slow" waiting="0.00" lane="bottom_0" pos="13.62" speed="43.55" angle="70.01" x="90.76" y="4.25"/>
        <vehicle id="cfm_slow_4" eclass="HBEFA3/PC_G_EU4" CO2="47773.41" CO="1117.02" HC="6.30" NOx="21.50" PMx="1.31" fuel="20.54" electricity="0.00" noise="90.02" route="routebottom" type="cfm_slow" waiting="0.00" lane="right_0" pos="3.62" speed="43.55" angle="358.00" x="128.55" y="71.09"/>
    </timestep>
    <timestep time="3.42">
        <vehicle id="cfm_slow_0" eclass="HBEFA3/PC_G_EU4" CO2="47489.94" CO="1111.77" HC="6.27" NOx="21.36" PMx="1.30" fuel="20.41" electricity="0.00" noise="89.91" route="routebottom" type="cfm_slow" waiting="0.00" lane="right_0" pos="44.05" speed="43.58" angle="285.26" x="75.82" y="127.82"/>
        <vehicle id="cfm_slow_1" eclass="HBEFA3/PC_G_EU4" CO2="47489.94" CO="1111.77" HC="6.27" NOx="21.36" PMx="1.30" fuel="20.41" electricity="0.00" noise="89.91" route="routetop" type="cfm_slow" waiting="0.00" lane="top_0" pos="34.05" speed="43.58" angle="213.25" x="6.39" y="95.04"/>
        <vehicle id="cfm_slow_2" eclass="HBEFA3/PC_G_EU4" CO2="47489.94" CO="1111.77" HC="6.27" NOx="21.36" PMx="1.30" fuel="20.41" electricity="0.00" noise="89.91" route="routetop" type="cfm_slow" waiting="0.00" lane="left_0" pos="24.05" speed="43.58" angle="141.21" x="16.13" y="18.88"/>
        <vehicle id="cfm_slow_3" eclass="HBEFA3/PC_G_EU4" CO2="47489.94" CO="1111.77" HC="6.27" NOx="21.36" PMx="1.30" fuel="20.41" electricity="0.00" noise="89.91" route="routebottom" type="cfm_slow" waiting="0.00" lane="bottom_0" pos="14.05" speed="43.58" angle="69.24" x="91.58" y="4.61"/>
        <vehicle id="cfm_slow_4" eclass="HBEFA3/PC_G_EU4" CO2="47489.94" CO="1111.77" HC="6.27" NOx="21.36" PMx="1.30" fuel="20.41" electricity="0.00" noise="89.91" route="routebottom" type="cfm_slow" waiting="0.00" lane="right_0" pos="4.05" speed="43.58" angle="357.24" x="128.44" y="71.97"/>
    </timestep>
    <timestep time="3.43">
        <vehicle id="cfm_slow_0" eclass="HBEFA3/PC_G_EU4" CO2="47208.60" CO="1106.56" HC="6.24" NOx="21.23" PMx="1.29" fuel="20.29" electricity="0.00" noise="89.81" route="routebottom" type="cfm_slow" waiting="0.00" lane="right_0" pos="44.49" speed="43.61" angle="284.41" x="74.94" y="127.98"/>
        <vehicle id="cfm_slow_1" eclass="HBEFA3/PC_G_EU4" CO2="47208.60" CO="1106.56" HC="6.24" NOx="21.23" PMx="1.29" fuel="20.29" electricity="0.00" noise="89.81" route="routetop" type="cfm_slow" waiting="0.00" lane="top_0" pos="34.49" speed="43.61" angle="212.45" x="5.96" y="94.25"/>
        <vehicle id="cfm_slow_2" eclass="HBEFA3/PC_G_EU4" CO2="47208.60" CO="1106.56" HC="6.24" NOx="21.23" PMx="1.29" fuel="20.29" electricity="0.00" noise="89.81" route="routetop" type="cfm_slow" waiting="0.00" lane="left_0" pos="24.49" speed="43.61" angle="140.46" x="16.75" y="18.23"/>
        <vehicle id="cfm_slow_3" eclass="HBEFA3/PC_G_EU4" CO2="47208.60" CO="1106.56" HC="6.24" NOx="21.23" PMx="1.29" fuel="20.29" electricity="0.00" noise="89.81" route="routebottom" type="cfm_slow" waiting="0.00" lane="bottom_0" pos="14.49" speed="43.61" angle="68.45" x="92.38" y="5.01"/>
        <vehicle id="cfm_slow_4" eclass="HBEFA3/PC_G_EU4" CO2="47208.60" CO="1106.56" HC="6.24" NOx="21.23" PMx="1.29" fuel="20.29" electricity="0.00" noise="89.81" route="routebottom" type="cfm_slow" waiting="0.00" lane="right_0" pos="4.49" speed="43.61" angle="356.45" x="128.31" y="72.86"/>
    </timestep>
    <timestep time="3.44">
        <vehicle id="cfm_slow_0" eclass="HBEFA3/PC_G_EU4" CO2="46929.37" CO="1101.39" HC="6.21" NOx="21.10" PMx="1.29" fuel="20.17" electricity="0.00" noise="89.70" route="routebottom" type="cfm_slow" waiting="0.00" lane="right_0" pos="44.92" speed="43.65" angle="283.65" x="74.06" y="128.14"/>
        <vehicle id="cfm_slow_1" eclass="HBEFA3/PC_G_EU4" CO2="46929.37" CO="1101.39" HC="6.21" NOx="21.10" PMx="1.29" fuel="20.17" electricity="0.00" noise="89.70" route="routetop" type="cfm_slow" waiting="0.00" lane="top_0" pos="34.92" speed="43.65" angle="211.71" x="5.55" y="93.46"/>
        <vehicle id="cfm_slow_2" eclass="HBEFA3/PC_G_EU4" CO2="46929.37" CO="1101.39" HC="6.21" NOx="21.10" PMx="1.29" fuel="20.17" electricity="0.00" noise="89.70" route="routetop" type="cfm_slow" waiting="0.00" lane="left_0" pos="24.92" speed="43.65" angle="139.65" x="17.38" y="17.60"/>
        <vehicle id="cfm_slow_3" eclass="HBEFA3/PC_G_EU4" CO2="46929.37" CO="1101.39" HC="6.21" NOx="21.10" PMx="1.29" fuel="20.17" electricity="0.00" noise="89.70" route="routebottom" type="cfm_slow" waiting="0.00" lane="bottom_0" pos="14.92" speed="43.65" angle="67.63" x="93.18" y="5.41"/>
        <vehicle id="cfm_slow_4" eclass="HBEFA3/PC_G_EU4" CO2="46929.37" CO="1101.39" HC="6.21" NOx="21.10" PMx="1.29" fuel="20.17" electricity="0.00" noise="89.70" route="routebottom" type="cfm_slow" waiting="0.00" lane="right_0" pos="4.92" speed="43.65" angle="355.65" x="128.19" y="73.75"/>
    </timestep>
    <timestep time="3.45">
        <vehicle id="cfm_slow_0" eclass="HBEFA3/PC_G_EU4" CO2="46652.25" CO="1096.26" HC="6.18" NOx="20.97" PMx="1.28" fuel="20.05" electricity="0.00" noise="89.60" route="routebottom" type="cfm_slow" waiting="0.00" lane="right_0" pos="45.36" speed="43.68" angle="282.85" x="73.17" y="128.27"/>
        <vehicle id="cfm_slow_1" eclass="HBEFA3/PC_G_EU4" CO2="46652.25" CO="1096.26" HC="6.18" NOx="20.97" PMx="1.28" fuel="20.05" electricity="0.00" noise="89.60" route="routetop" type="cfm_slow" waiting="0.00" lane="top_0" pos="35.36" speed="43.68" angle="210.92" x="5.15" y="92.66"/>
        <vehicle id="cfm_slow_2" eclass="HBEFA3/PC_G_EU4" CO2="46652.25" CO="1096.26" HC="6.18" NOx="20.97" PMx="1.28" fuel="20.05" electricity="0.00" noise="89.60" route="routetop" type="cfm_slow" waiting="0.00" lane="left_0" pos="25.36" speed="43.68" angle="138.84" x="18.01" y="16.97"/>
        <vehicle id="cfm_slow_3" eclass="HBEFA3/PC_G_EU4" CO2="46652.25" CO="1096.26" HC="6.18" NOx="20.97" PMx="1.28" fuel="20.05" electricity="0.00" noise="89.60" route="routebottom" type="cfm_slow" waiting="0.00" lane="bottom_0" pos="15.36" speed="43.68" angle="66.87" x="93.98" y="5.81"/>
        <vehicle id="cfm_slow_4" eclass="HBEFA3/PC_G_EU4" CO2="46652.25" CO="1096.26" HC="6.18" NOx="20.97" PMx="1.28" fuel="20.05" electricity="0.00" noise="89.60" route="routebottom" type="cfm_slow" waiting="0.00" lane="right_0" pos="5.36" speed="43.68" angle="354.87" x="128.04" y="74.63"/>
    </timestep>
    <timestep time="3.46">
        <vehicle id="cfm_slow_0" eclass="HBEFA3/PC_G_EU4" CO2="46377.23" CO="1091.16" HC="6.15" NOx="20.83" PMx="1.27" fuel="19.94" electricity="0.00" noise="89.50" route="routebottom" type="cfm_slow" waiting="0.00" lane="right_0" pos="45.80" speed="43.71" angle="282.05" x="72.28" y="128.39"/>
        <vehicle id="cfm_slow_1" eclass="HBEFA3/PC_G_EU4" CO2="46377.23" CO="1091.16" HC="6.15" NOx="20.83" PMx="1.27" fuel="19.94" electricity="0.00" noise="89.50" route="routetop" type="cfm_slow" waiting="0.00" lane="top_0" pos="35.80" speed="43.71" angle="210.13" x="4.75" y="91.86"/>
        <vehicle id="cfm_slow_2" eclass="HBEFA3/PC_G_EU4" CO2="46377.23" CO="1091.16" HC="6.15" NOx="20.83" PMx="1.27" fuel="19.94" electricity="0.00" noise="89.50" route="routetop" type="cfm_slow" waiting="0.00" lane="left_0" pos="25.80" speed="43.71" angle="138.09" x="18.66" y="16.34"/>
        <vehicle id="cfm_slow_3" eclass="HBEFA3/PC_G_EU4" CO2="46377.23" CO="1091.16" HC="6.15" NOx="20.83" PMx="1.27" fuel="19.94" electricity="0.00" noise="89.50" route="routebottom" type="cfm_slow" waiting="0.00" lane="bottom_0" pos="15.80" speed="43.71" angle="66.08" x="94.76" y="6.24"/>
        <vehicle id="cfm_slow_4" eclass="HBEFA3/PC_G_EU4" CO2="46377.23" CO="1091.16" HC="6.15" NOx="20.83" PMx="1.27" fuel="19.94" electricity="0.00" noise="89.50" route="routebottom" type="cfm_slow" waiting="0.00" lane="right_0" pos="5.80" speed="43.71" angle="354.07" x="127.88" y="75.51"/>
    </timestep>
    <timestep time="3.47">
        <vehicle id="cfm_slow_0" eclass="HBEFA3/PC_G_EU4" CO2="46104.29" CO="1086.11" HC="6.12" NOx="20.71" PMx="1.27" fuel="19.82" electricity="0.00" noise="89.40" route="routebottom" type="cfm_slow" waiting="0.00" lane="right_0" pos="46.24" speed="43.74" angle="281.32" x="71.39" y="128.51"/>
        <vehicle id="cfm_slow_1" eclass="HBEFA3/PC_G_EU4" CO2="46104.29" CO="1086.11" HC="6.12" NOx="20.71" PMx="1.27" fuel="19.82" electricity="0.00" noise="89.40" route="routetop" type="cfm_slow" waiting="0.00" lane="top_0" pos="36.24" speed="43.74" angle="209.35" x="4.37" y="91.04"/>
        <vehicle id="cfm_slow_2" eclass="HBEFA3/PC_G_EU4" CO2="46104.29" CO="1086.11" HC="6.12" NOx="20.71" PMx="1.27" fuel="19.82" electricity="0.00" noise="89.40" route="routetop" type="cfm_slow" waiting="0.00" lane="left_0" pos="26.24" speed="43.74" angle="137.28" x="19.31" y="15.73"/>
        <vehicle id="cfm_slow_3" eclass="HBEFA3/PC_G_EU4" CO2="46104.29" CO="1086.11" HC="6.12" NOx="20.71" PMx="1.27" fuel="19.82" electricity="0.00" noise="89.40" route="routebottom" type="cfm_slow" waiting="0.00" lane="bottom_0" pos="16.24" speed="43.74" angle="65.29" x="95.55" y="6.67"/>
        <vehicle id="cfm_slow_4" eclass="HBEFA3/PC_G_EU4" CO2="46104.29" CO="1086.11" HC="6.12" NOx="20.71" PMx="1.27" fuel="19.82" electricity="0.00" noise="89.40" route="routebottom" type="cfm_slow" waiting="0.00" lane="right_0" pos="6.24" speed="43.74" angle="353.26" x="127.72" y="76.39"/>
    </timestep>
    <timestep time="3.48">
        <vehicle id="cfm_slow_0" eclass="HBEFA3/PC_G_EU4" CO2="45833.42" CO="1081.09" HC="6.09" NOx="20.58" PMx="1.26" fuel="19.70" electricity="0.00" noise="89.31" route="routebottom" type="cfm_slow" waiting="0.00" lane="right_0" pos="46.67" speed="43.77" angle="280.53" x="70.50" y="128.61"/>
        <vehicle id="cfm_slow_1" eclass="HBEFA3/PC_G_EU4" CO2="45833.42" CO="1081.09" HC="6.09" NOx="20.58" PMx="1.26" fuel="19.70" electricity="0.00" noise="89.31" route="routetop" type="cfm_slow" waiting="0.00" lane="top_0" pos="36.67" speed="43.77" angle="208.52" x="4.00" y="90.22"/>
        <vehicle id="cfm_slow_2" eclass="HBEFA3/PC_G_EU4" CO2="45833.42" CO="1081.09" HC="6.09" NOx="20.58" PMx="1.26" fuel="19.70" electricity="0.00" noise="89.31" route="routetop" type="cfm_slow" waiting="0.00" lane="left_0" pos="26.67" speed="43.77" angle="136.47" x="19.97" y="15.13"/>
        <vehicle id="cfm_slow_3" eclass="HBEFA3/PC_G_EU4" CO2="45833.42" CO="1081.09" HC="6.09" NOx="20.58" PMx="1.26" fuel="19.70" electricity="0.00" noise="89.31" route="routebottom" type="cfm_slow" waiting="0.00" lane="bottom_0" pos="16.67" speed="43.77" angle="64.54" x="96.34" y="7.11"/>
        <vehicle id="cfm_slow_4" eclass="HBEFA3/PC_G_EU4" CO2="45833.42" CO="1081.09" HC="6.09" NOx="20.58" PMx="1.26" fuel="19.70" electricity="0.00" noise="89.31" route="routebottom" type="cfm_slow" waiting="0.00" lane="right_0" pos="6.67" speed="43.77" angle="352.49" x="127.53" y="77.27"/>
    </timestep>
    <timestep time="3.49">
        <vehicle id="cfm_slow_0" eclass="HBEFA3/PC_G_EU4" CO2="45564.61" CO="1076.11" HC="6.06" NOx="20.45" PMx="1.25" fuel="19.59" electricity="0.00" noise="89.21" route="routebottom" type="cfm_slow" waiting="0.00" lane="right_0" pos="47.11" speed="43.80" angle="279.75" x="69.61" y="128.70"/>
        <vehicle id="cfm_slow_1" eclass="HBEFA3/PC_G_EU4" CO2="45564.61" CO="1076.11" HC="6.06" NOx="20.45" PMx="1.25" fuel="19.59" electricity="0.00" noise="89.21" route="routetop" type="cfm_slow" waiting="0.00" lane="top_0" pos="37.11" speed="43.80" angle="207.72" x="3.63" y="89.40"/>
        <vehicle id="cfm_slow_2" eclass="HBEFA3/PC_G_EU4" CO2="45564.61" CO="1076.11" HC="6.06" NOx="20.45" PMx="1.25" fuel="19.59" electricity="0.00" noise="89.21" route="routetop" type="cfm_slow" waiting="0.00" lane="left_0" pos="27.11" speed="43.80" angle="135.72" x="20.64" y="14.53"/>
        <vehicle id="cfm_slow_3" eclass="HBEFA3/PC_G_EU4" CO2="45564.61" CO="1076.11" HC="6.06" NOx="20.45" PMx="1.25" fuel="19.59" electricity="0.00" noise="89.21" route="routebottom" type="cfm_slow" waiting="0.00" lane="bottom_0" pos="17.11" speed="43.80" angle="63.71" x="97.10" y="7.57"/>
        <vehicle id="cfm_slow_4" eclass="HBEFA3/PC_G_EU4" CO2="45564.61" CO="1076.11" HC="6.06" NOx="20.45" PMx="1.25" fuel="19.59" electricity="0.00" noise="89.21" route="routebottom" type="cfm_slow" waiting="0.00" lane="right_0" pos="7.11" speed="43.80" angle="351.65" x="127.33" y="78.15"/>
    </timestep>
    <timestep time="3.50">
        <vehicle id="cfm_slow_0" eclass="HBEFA3/PC_G_EU4" CO2="45297.86" CO="1071.17" HC="6.03" NOx="20.32" PMx="1.25" fuel="19.47" electricity="0.00" noise="89.11" route="routebottom" type="cfm_slow" waiting="0.00" lane="right_0" pos="47.55" speed="43.82" angle="279.01" x="68.71" y="128.78"/>
        <vehicle id="cfm_slow_1" eclass="HBEFA3/PC_G_EU4" CO2="45297.86" CO="1071.17" HC="6.03" NOx="20.32" PMx="1.25" fuel="19.47" electricity="0.00" noise="89.11" route="routetop" type="cfm_slow" waiting="0.00" lane="top_0" pos="37.55" speed="43.82" angle="206.93" x="3.30" y="88.57"/>
        <vehicle id="cfm_slow_2" eclass="HBEFA3/PC_G_EU4" CO2="45297.86" CO="1071.17" HC="6.03" NOx="20.32" PMx="1.25" fuel="19.47" electricity="0.00" noise="89.11" route="routetop" type="cfm_slow" waiting="0.00" lane="left_0" pos="27.55" speed="43.82" angle="134.91" x="21.33" y="13.95"/>
        <vehicle id="cfm_slow_3" eclass="HBEFA3/PC_G_EU4" CO2="45297.86" CO="1071.17" HC="6.03" NOx="20.32" PMx="1.25" fuel="19.47" electricity="0.00" noise="89.11" route="routebottom" type="cfm_slow" waiting="0.00" lane="bottom_0" pos="17.55" speed="43.82" angle="62.88" x="97.87" y="8.04"/>
        <vehicle id="cfm_slow_4" eclass="HBEFA3/PC_G_EU4" CO2="45297.86" CO="1071.17" HC="6.03" NOx="20.32" PMx="1.25" fuel="19.47" electricity="0.00" noise="89.11" route="routebottom" type="cfm_slow" waiting="0.00" lane="right_0" pos="7.55" speed="43.82" angle="350.81" x="127.13" y="79.02"/>
    </timestep>
    <timestep time="3.51">
        <vehicle id="cfm_slow_0" eclass="HBEFA3/PC_G_EU4" CO2="45033.14" CO="1066.27" HC="6.00" NOx="20.20" PMx="1.24" fuel="19.36" electricity="0.00" noise="89.02" route="routebottom" type="cfm_slow" waiting="0.00" lane="right_0" pos="47.99" speed="43.85" angle="278.16" x="67.81" y="128.83"/>
        <vehicle id="cfm_slow_1" eclass="HBEFA3/PC_G_EU4" CO2="45033.14" CO="1066.27" HC="6.00" NOx="20.20" PMx="1.24" fuel="19.36" electricity="0.00" noise="89.02" route="routetop" type="cfm_slow" waiting="0.00" lane="top_0" pos="37.99" speed="43.85" angle="206.10" x="2.96" y="87.74"/>
        <vehicle id="cfm_slow_2" eclass="HBEFA3/PC_G_EU4" CO2="45033.14" CO="1066.27" HC="6.00" NOx="20.20" PMx="1.24" fuel="19.36" electricity="0.00" noise="89.02" route="routetop" type="cfm_slow" waiting="0.00" lane="left_0" pos="27.99" speed="43.85" angle="134.10" x="22.01" y="13.36"/>
        <vehicle id="cfm_slow_3" eclass="HBEFA3/PC_G_EU4" CO2="45033.14" CO="1066.27" HC="6.00" NOx="20.20" PMx="1.24" fuel="19.36" electricity="0.00" noise="89.02" route="routebottom" type="cfm_slow" waiting="0.00" lane="bottom_0" pos="17.99" speed="43.85" angle="62.12" x="98.64" y="8.51"/>
        <vehicle id="cfm_slow_4" eclass="HBEFA3/PC_G_EU4" CO2="45033.14" CO="1066.27" HC="6.00" NOx="20.20" PMx="1.24" fuel="19.36" electricity="0.00" noise="89.02" route="routebottom" type="cfm_slow" waiting="0.00" lane="right_0" pos="7.99" speed="43.85" angle="350.08" x="126.91" y="79.89"/>
    </timestep>
    <timestep time="3.52">
        <vehicle id="cfm_slow_0" eclass="HBEFA3/PC_G_EU4" CO2="44770.44" CO="1061.40" HC="5.98" NOx="20.07" PMx="1.23" fuel="19.24" electricity="0.00" noise="88.92" route="routebottom" type="cfm_slow" waiting="0.00" lane="right_0" pos="48.43" speed="43.88" angle="277.32" x="66.92" y="128.88"/>
        <vehicle id="cfm_slow_1" eclass="HBEFA3/PC_G_EU4" CO2="44770.44" CO="1061.40" HC="5.98" NOx="20.07" PMx="1.23" fuel="19.24" electricity="0.00" noise="88.92" route="routetop" type="cfm_slow" waiting="0.00" lane="top_0" pos="38.43" speed="43.88" angle="205.31" x="2.63" y="86.90"/>
        <vehicle id="cfm_slow_2" eclass="HBEFA3/PC_G_EU4" CO2="44770.44" CO="1061.40" HC="5.98" NOx="20.07" PMx="1.23" fuel="19.24" electricity="0.00" noise="88.92" route="routetop" type="cfm_slow" waiting="0.00" lane="left_0" pos="28.43" speed="43.88" angle="133.35" x="22.71" y="12.80"/>
        <vehicle id="cfm_slow_3" eclass="HBEFA3/PC_G_EU4" CO2="44770.44" CO="1061.40" HC="5.98" NOx="20.07" PMx="1.23" fuel="19.24" electricity="0.00" noise="88.92" route="routebottom" type="cfm_slow" waiting="0.00" lane="bottom_0" pos="18.43" speed="43.88" angle="61.29" x="99.39" y="9.01"/>
        <vehicle id="cfm_slow_4" eclass="HBEFA3/PC_G_EU4" CO2="44770.44" CO="1061.40" HC="5.98" NOx="20.07" PMx="1.23" fuel="19.24" electricity="0.00" noise="88.92" route="routebottom" type="cfm_slow" waiting="0.00" lane="right_0" pos="8.43" speed="43.88" angle="349.29" x="126.68" y="80.76"/>
    </timestep>
    <timestep time="3.53">
        <vehicle id="cfm_slow_0" eclass="HBEFA3/PC_G_EU4" CO2="44509.76" CO="1056.58" HC="5.95" NOx="19.95" PMx="1.23" fuel="19.13" electricity="0.00" noise="88.83" route="routebottom" type="cfm_slow" waiting="0.00" lane="right_0" pos="48.87" speed="43.91" angle="276.55" x="66.02" y="128.93"/>
        <vehicle id="cfm_slow_1" eclass="HBEFA3/PC_G_EU4" CO2="44509.76" CO="1056.58" HC="5.95" NOx="19.95" PMx="1.23" fuel="19.13" electricity="0.00" noise="88.83" route="routetop" type="cfm_slow" waiting="0.00" lane="top_0" pos="38.87" speed="43.91" angle="204.53" x="2.32" y="86.05"/>
        <vehicle id="cfm_slow_2" eclass="HBEFA3/PC_G_EU4" CO2="44509.76" CO="1056.58" HC="5.95" NOx="19.95" PMx="1.23" fuel="19.13" electricity="0.00" noise="88.83" route="routetop" type="cfm_slow" waiting="0.00" lane="left_0" pos="28.87" speed="43.91" angle="132.54" x="23.42" y="12.24"/>
        <vehicle id="cfm_slow_3" eclass="HBEFA3/PC_G_EU4" CO2="44509.76" CO="1056.58" HC="5.95" NOx="19.95" PMx="1.23" fuel="19.13" electricity="0.00" noise="88.83" route="routebottom" type="cfm_slow" waiting="0.00" lane="bottom_0" pos="18.87" speed="43.91" angle="60.46" x="100.14" y="9.51"/>
        <vehicle id="cfm_slow_4" eclass="HBEFA3/PC_G_EU4" CO2="44509.76" CO="1056.58" HC="5.95" NOx="19.95" PMx="1.23" fuel="19.13" electricity="0.00" noise="88.83" route="routebottom" type="cfm_slow" waiting="0.00" lane="right_0" pos="8.87" speed="43.91" angle="348.52" x="126.45" y="81.63"/>
    </timestep>
    <timestep time="3.54">
        <vehicle id="cfm_slow_0" eclass="HBEFA3/PC_G_EU4" CO2="44251.09" CO="1051.79" HC="5.92" NOx="19.83" PMx="1.22" fuel="19.02" electricity="0.00" noise="88.74" route="routebottom" type="cfm_slow" waiting="0.00" lane="right_0" pos="49.30" speed="43.94" angle="275.74" x="65.12" y="128.94"/>
        <vehicle id="cfm_slow_1" eclass="HBEFA3/PC_G_EU4" CO2="44251.09" CO="1051.79" HC="5.92" NOx="19.83" PMx="1.22" fuel="19.02" electricity="0.00" noise="88.74" route="routetop" type="cfm_slow" waiting="0.00" lane="top_0" pos="39.30" speed="43.94" angle="203.73" x="2.02" y="85.21"/>
        <vehicle id="cfm_slow_2" eclass="HBEFA3/PC_G_EU4" CO2="44251.09" CO="1051.79" HC="5.92" NOx="19.83" PMx="1.22" fuel="19.02" electricity="0.00" noise="88.74" route="routetop" type="cfm_slow" waiting="0.00" lane="left_0" pos="29.30" speed="43.94" angle="131.72" x="24.13" y="11.69"/>
        <vehicle id="cfm_slow_3" eclass="HBEFA3/PC_G_EU4" CO2="44251.09" CO="1051.79" HC="5.92" NOx="19.83" PMx="1.22" fuel="19.02" electricity="0.00" noise="88.74" route="routebottom" type="cfm_slow" waiting="0.00" lane="bottom_0" pos="19.30" speed="43.94" angle="59.69" x="100.88" y="10.01"/>
        <vehicle id="cfm_slow_4" eclass="HBEFA3/PC_G_EU4" CO2="44251.09" CO="1051.79" HC="5.92" NOx="19.83" PMx="1.22" fuel="19.02" electricity="0.00" noise="88.74" route="routebottom" type="cfm_slow" waiting="0.00" lane="right_0" pos="9.30" speed="43.94" angle="347.76" x="126.19" y="82.50"/>
    </timestep>
    <timestep time="3.55">
        <vehicle id="cfm_slow_0" eclass="HBEFA3/PC_G_EU4" CO2="43994.40" CO="1047.03" HC="5.89" NOx="19.71" PMx="1.21" fuel="18.91" electricity="0.00" noise="88.65" route="routebottom" type="cfm_slow" waiting="0.00" lane="right_0" pos="49.74" speed="43.97" angle="274.93" x="64.21" y="128.96"/>
        <vehicle id="cfm_slow_1" eclass="HBEFA3/PC_G_EU4" CO2="43994.40" CO="1047.03" HC="5.89" NOx="19.71" PMx="1.21" fuel="18.91" electricity="0.00" noise="88.65" route="routetop" type="cfm_slow" waiting="0.00" lane="top_0" pos="39.74" speed="43.97" angle="202.99" x="1.71" y="84.36"/>
        <vehicle id="cfm_slow_2" eclass="HBEFA3/PC_G_EU4" CO2="43994.40" CO="1047.03" HC="5.89" NOx="19.71" PMx="1.21" fuel="18.91" electricity="0.00" noise="88.65" route="routetop" type="cfm_slow" waiting="0.00" lane="left_0" pos="29.74" speed="43.97" angle="130.97" x="24.85" y="11.15"/>
        <vehicle id="cfm_slow_3" eclass="HBEFA3/PC_G_EU4" CO2="43994.40" CO="1047.03" HC="5.89" NOx="19.71" PMx="1.21" fuel="18.91" electricity="0.00" noise="88.65" route="routebottom" type="cfm_slow" waiting="0.00" lane="bottom_0" pos="19.74" speed="43.97" angle="58.89" x="101.62" y="10.54"/>
        <vehicle id="cfm_slow_4" eclass="HBEFA3/PC_G_EU4" CO2="43994.40" CO="1047.03" HC="5.89" NOx="19.71" PMx="1.21" fuel="18.91" electricity="0.00" noise="88.65" route="routebottom" type="cfm_slow" waiting="0.00" lane="right_0" pos="9.74" speed="43.97" angle="346.96" x="125.93" y="83.36"/>
    </timestep>
    <timestep time="3.56">
        <vehicle id="cfm_slow_0" eclass="HBEFA3/PC_G_EU4" CO2="43739.70" CO="1042.31" HC="5.86" NOx="19.58" PMx="1.21" fuel="18.80" electricity="0.00" noise="88.56" route="routetop" type="cfm_slow" waiting="0.00" lane="top_0" pos="0.18" speed="43.99" angle="274.15" x="63.25" y="128.96"/>
        <vehicle id="cfm_slow_1" eclass="HBEFA3/PC_G_EU4" CO2="43739.70" CO="1042.31" HC="5.86" NOx="19.58" PMx="1.21" fuel="18.80" electricity="0.00" noise="88.56" route="routetop" type="cfm_slow" waiting="0.00" lane="top_0" pos="40.18" speed="43.99" angle="202.17" x="1.45" y="83.50"/>
        <vehicle id="cfm_slow_2" eclass="HBEFA3/PC_G_EU4" CO2="43739.70" CO="1042.31" HC="5.86" NOx="19.58" PMx="1.21" fuel="18.80" electricity="0.00" noise="88.56" route="routetop" type="cfm_slow" waiting="0.00" lane="left_0" pos="30.18" speed="43.99" angle="130.15" x="25.58" y="10.62"/>
        <vehicle id="cfm_slow_3" eclass="HBEFA3/PC_G_EU4" CO2="43739.70" CO="1042.31" HC="5.86" NOx="19.58" PMx="1.21" fuel="18.80" electricity="0.00" noise="88.56" route="routebottom" type="cfm_slow" waiting="0.00" lane="bottom_0" pos="20.18" speed="43.99" angle="58.09" x="102.35" y="11.06"/>
        <vehicle id="cfm_slow_4" eclass="HBEFA3/PC_G_EU4" CO2="43739.70" CO="1042.31" HC="5.86" NOx="19.58" PMx="1.21" fuel="18.80" electricity="0.00" noise="88.56" route="routebottom" type="cfm_slow" waiting="0.00" lane="right_0" pos="10.18" speed="43.99" angle="346.19" x="125.66" y="84.22"/>
    </timestep>
    <timestep time="3.57">
        <vehicle id="cfm_slow_0" eclass="HBEFA3/PC_G_EU4" CO2="43486.96" CO="1037.63" HC="5.84" NOx="19.47" PMx="1.20" fuel="18.69" electricity="0.00" noise="88.47" route="routetop" type="cfm_slow" waiting="0.00" lane="top_0" pos="0.62" speed="44.02" angle="273.35" x="62.35" y="128.95"/>
        <vehicle id="cfm_slow_1" eclass="HBEFA3/PC_G_EU4" CO2="43486.96" CO="1037.63" HC="5.84" NOx="19.47" PMx="1.20" fuel="18.69" electricity="0.00" noise="88.47" route="routetop" type="cfm_slow" waiting="0.00" lane="top_0" pos="40.62" speed="44.02" angle="201.34" x="1.18" y="82.63"/>
        <vehicle id="cfm_slow_2" eclass="HBEFA3/PC_G_EU4" CO2="43486.96" CO="1037.63" HC="5.84" NOx="19.47" PMx="1.20" fuel="18.69" electricity="0.00" noise="88.47" route="routetop" type="cfm_slow" waiting="0.00" lane="left_0" pos="30.62" speed="44.02" angle="129.33" x="26.32" y="10.09"/>
        <vehicle id="cfm_slow_3" eclass="HBEFA3/PC_G_EU4" CO2="43486.96" CO="1037.63" HC="5.84" NOx="19.47" PMx="1.20" fuel="18.69" electricity="0.00" noise="88.47" route="routebottom" type="cfm_slow" waiting="0.00" lane="bottom_0" pos="20.62" speed="44.02" angle="57.34" x="103.08" y="11.60"/>
        <vehicle id="cfm_slow_4" eclass="HBEFA3/PC_G_EU4" CO2="43486.96" CO="1037.63" HC="5.84" NOx="19.47" PMx="1.20" fuel="18.69" electricity="0.00" noise="88.47" route="routebottom" type="cfm_slow" waiting="0.00" lane="right_0" pos="10.62" speed="44.02" angle="345.37" x="125.36" y="85.07"/>
    </timestep>
    <timestep time="3.58">
        <vehicle id="cfm_slow_0" eclass="HBEFA3/PC_G_EU4" CO2="43236.18" CO="1032.99" HC="5.81" NOx="19.35" PMx="1.19" fuel="18.59" electricity="0.00" noise="88.38" route="routetop" type="cfm_slow" waiting="0.00" lane="top_0" pos="1.06" speed="44.05" angle="272.54" x="61.45" y="128.93"/>
        <vehicle id="cfm_slow_1" eclass="HBEFA3/PC_G_EU4" CO2="43236.18" CO="1032.99" HC="5.81" NOx="19.35" PMx="1.19" fuel="18.59" electricity="0.00" noise="88.38" route="routetop" type="cfm_slow" waiting="0.00" lane="top_0" pos="41.06" speed="44.05" angle="200.58" x="0.91" y="81.77"/>
        <vehicle id="cfm_slow_2" eclass="HBEFA3/PC_G_EU4" CO2="43236.18" CO="1032.99" HC="5.81" NOx="19.35" PMx="1.19" fuel="18.59" electricity="0.00" noise="88.38" route="routetop" type="cfm_slow" waiting="0.00" lane="left_0" pos="31.06" speed="44.05" angle="128.58" x="27.06" y="9.58"/>
        <vehicle id="cfm_slow_3" eclass="HBEFA3/PC_G_EU4" CO2="43236.18" CO="1032.99" HC="5.81" NOx="19.35" PMx="1.19" fuel="18.59" electricity="0.00" noise="88.38" route="routebottom" type="cfm_slow" waiting="0.00" lane="bottom_0" pos="21.06" speed="44.05" angle="56.54" x="103.79" y="12.15"/>
        <vehicle id="cfm_slow_4" eclass="HBEFA3/PC_G_EU4" CO2="43236.18" CO="1032.99" HC="5.81" NOx="19.35" PMx="1.19" fuel="18.59" electricity="0.00" noise="88.38" route="routebottom" type="cfm_slow" waiting="0.00" lane="right_0" pos="11.06" speed="44.05" angle="344.52" x="125.05" y="85.92"/>
    </timestep>
    <timestep time="3.59">
        <vehicle id="cfm_slow_0" eclass="HBEFA3/PC_G_EU4" CO2="42987.35" CO="1028.38" HC="5.78" NOx="19.23" PMx="1.19" fuel="18.48" electricity="0.00" noise="88.30" route="routetop" type="cfm_slow" waiting="0.00" lane="top_0" pos="1.51" speed="44.07" angle="271.78" x="60.54" y="128.89"/>
        <vehicle id="cfm_slow_1" eclass="HBEFA3/PC_G_EU4" CO2="42987.35" CO="1028.38" HC="5.78" NOx="19.23" PMx="1.19" fuel="18.48" electricity="0.00" noise="88.30" route="routetop" type="cfm_slow" waiting="0.00" lane="top_0" pos="41.51" speed="44.07" angle="199.77" x="0.68" y="80.90"/>
        <vehicle id="cfm_slow_2" eclass="HBEFA3/PC_G_EU4" CO2="42987.35" CO="1028.38" HC="5.78" NOx="19.23" PMx="1.19" fuel="18.48" electricity="0.00" noise="88.30" route="routetop" type="cfm_slow" waiting="0.00" lane="left_0" pos="31.51" speed="44.07" angle="127.79" x="27.82" y="9.08"/>
        <vehicle id="cfm_slow_3" eclass="HBEFA3/PC_G_EU4" CO2="42987.35" CO="1028.38" HC="5.78" NOx="19.23" PMx="1.19" fuel="18.48" electricity="0.00" noise="88.30" route="routebottom" type="cfm_slow" waiting="0.00" lane="bottom_0" pos="21.51" speed="44.07" angle="55.73" x="104.50" y="12.71"/>
        <vehicle id="cfm_slow_4" eclass="HBEFA3/PC_G_EU4" CO2="42987.35" CO="1028.38" HC="5.78" NOx="19.23" PMx="1.19" fuel="18.48" electricity="0.00" noise="88.30" route="routebottom" type="cfm_slow" waiting="0.00" lane="right_0" pos="11.51" speed="44.07" angle="343.72" x="124.74" y="86.77"/>
    </timestep>
    <timestep time="3.60">
        <vehicle id="cfm_slow_0" eclass="HBEFA3/PC_G_EU4" CO2="42740.44" CO="1023.80" HC="5.75" NOx="19.11" PMx="1.18" fuel="18.37" electricity="0.00" noise="88.21" route="routetop" type="cfm_slow" waiting="0.00" lane="top_0" pos="1.95" speed="44.10" angle="270.98" x="59.64" y="128.84"/>
        <vehicle id="cfm_slow_1" eclass="HBEFA3/PC_G_EU4" CO2="42740.44" CO="1023.80" HC="5.75" NOx="19.11" PMx="1.18" fuel="18.37" electricity="0.00" noise="88.21" route="routetop" type="cfm_slow" waiting="0.00" lane="top_0" pos="41.95" speed="44.10" angle="198.96" x="0.44" y="80.02"/>
        <vehicle id="cfm_slow_2" eclass="HBEFA3/PC_G_EU4" CO2="42740.44" CO="1023.80" HC="5.75" NOx="19.11" PMx="1.18" fuel="18.37" electricity="0.00" noise="88.21" route="routetop" type="cfm_slow" waiting="0.00" lane="left_0" pos="31.95" speed="44.10" angle="127.01" x="28.57" y="8.58"/>
        <vehicle id="cfm_slow_3" eclass="HBEFA3/PC_G_EU4" CO2="42740.44" CO="1023.80" HC="5.75" NOx="19.11" PMx="1.18" fuel="18.37" electricity="0.00" noise="88.21" route="routebottom" type="cfm_slow" waiting="0.00" lane="bottom_0" pos="21.95" speed="44.10" angle="54.98" x="105.20" y="13.28"/>
        <vehicle id="cfm_slow_4" eclass="HBEFA3/PC_G_EU4" CO2="42740.44" CO="1023.80" HC="5.75" NOx="19.11" PMx="1.18" fuel="18.37" electricity="0.00" noise="88.21" route="routebottom" type="cfm_slow" waiting="0.00" lane="right_0" pos="11.95" speed="44.10" angle="342.95" x="124.41" y="87.61"/>
    </timestep>
    <timestep time="3.61">
        <vehicle id="cfm_slow_0" eclass="HBEFA3/PC_G_EU4" CO2="42495.47" CO="1019.27" HC="5.73" NOx="19.00" PMx="1.18" fuel="18.27" electricity="0.00" noise="88.13" route="routetop" type="cfm_slow" waiting="0.00" lane="top_0" pos="2.39" speed="44.13" angle="270.18" x="58.74" y="128.79"/>
        <vehicle id="cfm_slow_1" eclass="HBEFA3/PC_G_EU4" CO2="42495.47" CO="1019.27" HC="5.73" NOx="19.00" PMx="1.18" fuel="18.27" electricity="0.00" noise="88.13" route="routetop" type="cfm_slow" waiting="0.00" lane="top_0" pos="42.39" speed="44.13" angle="198.22" x="0.22" y="79.15"/>
        <vehicle id="cfm_slow_2" eclass="HBEFA3/PC_G_EU4" CO2="42495.47" CO="1019.27" HC="5.73" NOx="19.00" PMx="1.18" fuel="18.27" electricity="0.00" noise="88.13" route="routetop" type="cfm_slow" waiting="0.00" lane="left_0" pos="32.39" speed="44.13" angle="126.24" x="29.34" y="8.11"/>
        <vehicle id="cfm_slow_3" eclass="HBEFA3/PC_G_EU4" CO2="42495.47" CO="1019.27" HC="5.73" NOx="19.00" PMx="1.18" fuel="18.27" electricity="0.00" noise="88.13" route="routebottom" type="cfm_slow" waiting="0.00" lane="bottom_0" pos="22.39" speed="44.13" angle="54.18" x="105.89" y="13.86"/>
        <vehicle id="cfm_slow_4" eclass="HBEFA3/PC_G_EU4" CO2="42495.47" CO="1019.27" HC="5.73" NOx="19.00" PMx="1.18" fuel="18.27" electricity="0.00" noise="88.13" route="routebottom" type="cfm_slow" waiting="0.00" lane="right_0" pos="12.39" speed="44.13" angle="342.17" x="124.07" y="88.45"/>
    </timestep>
    <timestep time="3.62">
        <vehicle id="cfm_slow_0" eclass="HBEFA3/PC_G_EU4" CO2="42252.40" CO="1014.76" HC="5.70" NOx="18.88" PMx="1.17" fuel="18.16" electricity="0.00" noise="88.04" route="routetop" type="cfm_slow" waiting="0.00" lane="top_0" pos="2.83" speed="44.15" angle="269.42" x="57.84" y="128.71"/>
        <vehicle id="cfm_slow_1" eclass="HBEFA3/PC_G_EU4" CO2="42252.40" CO="1014.76" HC="5.70" NOx="18.88" PMx="1.17" fuel="18.16" electricity="0.00" noise="88.04" route="routetop" type="cfm_slow" waiting="0.00" lane="top_0" pos="42.83" speed="44.15" angle="197.42" x="0.02" y="78.27"/>
        <vehicle id="cfm_slow_2" eclass="HBEFA3/PC_G_EU4" CO2="42252.40" CO="1014.76" HC="5.70" NOx="18.88" PMx="1.17" fuel="18.16" electricity="0.00" noise="88.04" route="routetop" type="cfm_slow" waiting="0.00" lane="left_0" pos="32.83" speed="44.15" angle="125.42" x="30.11" y="7.64"/>
        <vehicle id="cfm_slow_3" eclass="HBEFA3/PC_G_EU4" CO2="42252.40" CO="1014.76" HC="5.70" NOx="18.88" PMx="1.17" fuel="18.16" electricity="0.00" noise="88.04" route="routebottom" type="cfm_slow" waiting="0.00" lane="bottom_0" pos="22.83" speed="44.15" angle="53.38" x="106.59" y="14.45"/>
        <vehicle id="cfm_slow_4" eclass="HBEFA3/PC_G_EU4" CO2="42252.40" CO="1014.76" HC="5.70" NOx="18.88" PMx="1.17" fuel="18.16" electricity="0.00" noise="88.04" route="routebottom" type="cfm_slow" waiting="0.00" lane="right_0" pos="12.83" speed="44.15" angle="341.44" x="123.74" y="89.29"/>
    </timestep>
    <timestep time="3.63">
        <vehicle id="cfm_slow_0" eclass="HBEFA3/PC_G_EU4" CO2="42011.23" CO="1010.29" HC="5.68" NOx="18.77" PMx="1.16" fuel="18.06" electricity="0.00" noise="87.96" route="routetop" type="cfm_slow" waiting="0.00" lane="top_0" pos="3.27" speed="44.18" angle="268.62" x="56.93" y="128.62"/>
        <vehicle id="cfm_slow_1" eclass="HBEFA3/PC_G_EU4" CO2="42011.23" CO="1010.29" HC="5.68" NOx="18.77" PMx="1.16" fuel="18.06" electricity="0.00" noise="87.96" route="routetop" type="cfm_slow" waiting="0.00" lane="top_0" pos="43.27" speed="44.18" angle="196.63" x="-0.18" y="77.38"/>
        <vehicle id="cfm_slow_2" eclass="HBEFA3/PC_G_EU4" CO2="42011.23" CO="1010.29" HC="5.68" NOx="18.77" PMx="1.16" fuel="18.06" electricity="0.00" noise="87.96" route="routetop" type="cfm_slow" waiting="0.00" lane="left_0" pos="33.27" speed="44.18" angle="124.62" x="30.89" y="7.17"/>
        <vehicle id="cfm_slow_3" eclass="HBEFA3/PC_G_EU4" CO2="42011.23" CO="1010.29" HC="5.68" NOx="18.77" PMx="1.16" fuel="18.06" electricity="0.00" noise="87.96" route="routebottom" type="cfm_slow" waiting="0.00" lane="bottom_0" pos="23.27" speed="44.18" angle="52.65" x="107.27" y="15.04"/>
        <vehicle id="cfm_slow_4" eclass="HBEFA3/PC_G_EU4" CO2="42011.23" CO="1010.29" HC="5.68" NOx="18.77" PMx="1.16" fuel="18.06" electricity="0.00" noise="87.96" route="routebottom" type="cfm_slow" waiting="0.00" lane="right_0" pos="13.27" speed="44.18" angle="340.61" x="123.36" y="90.12"/>
    </timestep>
    <timestep time="3.64">
        <vehicle id="cfm_slow_0" eclass="HBEFA3/PC_G_EU4" CO2="41771.94" CO="1005.86" HC="5.65" NOx="18.65" PMx="1.16" fuel="17.96" electricity="0.00" noise="87.88" route="routetop" type="cfm_slow" waiting="0.00" lane="top_0" pos="3.71" speed="44.21" angle="267.81" x="56.03" y="128.53"/>
        <vehicle id="cfm_slow_1" eclass="HBEFA3/PC_G_EU4" CO2="41771.94" CO="1005.86" HC="5.65" NOx="18.65" PMx="1.16" fuel="17.96" electricity="0.00" noise="87.88" route="routetop" type="cfm_slow" waiting="0.00" lane="top_0" pos="43.71" speed="44.21" angle="195.87" x="-0.37" y="76.50"/>
        <vehicle id="cfm_slow_2" eclass="HBEFA3/PC_G_EU4" CO2="41771.94" CO="1005.86" HC="5.65" NOx="18.65" PMx="1.16" fuel="17.96" electricity="0.00" noise="87.88" route="routetop" type="cfm_slow" waiting="0.00" lane="left_0" pos="33.71" speed="44.21" angle="123.85" x="31.68" y="6.73"/>
        <vehicle id="cfm_slow_3" eclass="HBEFA3/PC_G_EU4" CO2="41771.94" CO="1005.86" HC="5.65" NOx="18.65" PMx="1.16" fuel="17.96" electricity="0.00" noise="87.88" route="routebottom" type="cfm_slow" waiting="0.00" lane="bottom_0" pos="23.71" speed="44.21" angle="51.85" x="107.93" y="15.66"/>
        <vehicle id="cfm_slow_4" eclass="HBEFA3/PC_G_EU4" CO2="41771.94" CO="1005.86" HC="5.65" NOx="18.65" PMx="1.16" fuel="17.96" electricity="0.00" noise="87.88" route="routebottom" type="cfm_slow" waiting="0.00" lane="right_0" pos="13.71" speed="44.21" angle="339.78" x="122.99" y="90.94"/>
    </timestep>
    <timestep time="3.65">
        <vehicle id="cfm_slow_0" eclass="HBEFA3/PC_G_EU4" CO2="41534.53" CO="1001.46" HC="5.62" NOx="18.54" PMx="1.15" fuel="17.85" electricity="0.00" noise="87.80" route="routetop" type="cfm_slow" waiting="0.00" lane="top_0" pos="4.16" speed="44.23" angle="267.05" x="55.13" y="128.41"/>
        <vehicle id="cfm_slow_1" eclass="HBEFA3/PC_G_EU4" CO2="41534.53" CO="1001.46" HC="5.62" NOx="18.54" PMx="1.15" fuel="17.85" electricity="0.00" noise="87.80" route="routetop" type="cfm_slow" waiting="0.00" lane="top_0" pos="44.16" speed="44.23" angle="195.05" x="-0.54" y="75.60"/>
        <vehicle id="cfm_slow_2" eclass="HBEFA3/PC_G_EU4" CO2="41534.53" CO="1001.46" HC="5.62" NOx="18.54" PMx="1.15" fuel="17.85" electricity="0.00" noise="87.80" route="routetop" type="cfm_slow" waiting="0.00" lane="left_0" pos="34.16" speed="44.23" angle="123.05" x="32.47" y="6.29"/>
        <vehicle id="cfm_slow_3" eclass="HBEFA3/PC_G_EU4" CO2="41534.53" CO="1001.46" HC="5.62" NOx="18.54" PMx="1.15" fuel="17.85" electricity="0.00" noise="87.80" route="routebottom" type="cfm_slow" waiting="0.00" lane="bottom_0" pos="24.16" speed="44.23" angle="51.06" x="108.60" y="16.27"/>
        <vehicle id="cfm_slow_4" eclass="HBEFA3/PC_G_EU4" CO2="41534.53" CO="1001.46" HC="5.62" NOx="18.54" PMx="1.15" fuel="17.85" electricity="0.00" noise="87.80" route="routebottom" type="cfm_slow" waiting="0.00" lane="right_0" pos="14.16" speed="44.23" angle="339.01" x="122.62" y="91.77"/>
    </timestep>
    <timestep time="3.66">
        <vehicle id="cfm_slow_0" eclass="HBEFA3/PC_G_EU4" CO2="41298.99" CO="997.10" HC="5.60" NOx="18.43" PMx="1.15" fuel="17.75" electricity="0.00" noise="87.72" route="routetop" type="cfm_slow" waiting="0.00" lane="top_0" pos="4.60" speed="44.26" angle="266.24" x="54.24" y="128.28"/>
        <vehicle id="cfm_slow_1" eclass="HBEFA3/PC_G_EU4" CO2="41298.99" CO="997.10" HC="5.60" NOx="18.43" PMx="1.15" fuel="17.75" electricity="0.00" noise="87.72" route="routetop" type="cfm_slow" waiting="0.00" lane="top_0" pos="44.60" speed="44.26" angle="194.23" x="-0.70" y="74.71"/>
        <vehicle id="cfm_slow_2" eclass="HBEFA3/PC_G_EU4" CO2="41298.99" CO="997.10" HC="5.60" NOx="18.43" PMx="1.15" fuel="17.75" electricity="0.00" noise="87.72" route="routetop" type="cfm_slow" waiting="0.00" lane="left_0" pos="34.60" speed="44.26" angle="122.30" x="33.27" y="5.85"/>
        <vehicle id="cfm_slow_3" eclass="HBEFA3/PC_G_EU4" CO2="41298.99" CO="997.10" HC="5.60" NOx="18.43" PMx="1.15" fuel="17.75" electricity="0.00" noise="87.72" route="routebottom" type="cfm_slow" waiting="0.00" lane="bottom_0" pos="24.60" speed="44.26" angle="50.29" x="109.25" y="16.90"/>
        <vehicle id="cfm_slow_4" eclass="HBEFA3/PC_G_EU4" CO2="41298.99" CO="997.10" HC="5.60" NOx="18.43" PMx="1.15" fuel="17.75" electricity="0.00" noise="87.72" route="routebottom" type="cfm_slow" waiting="0.00" lane="right_0" pos="14.60" speed="44.26" angle="338.19" x="122.21" y="92.58"/>
    </timestep>
    <timestep time="3.67">
        <vehicle id="cfm_slow_0" eclass="HBEFA3/PC_G_EU4" CO2="41065.30" CO="992.77" HC="5.57" NOx="18.32" PMx="1.14" fuel="17.65" electricity="0.00" noise="87.64" route="routetop" type="cfm_slow" waiting="0.00" lane="top_0" pos="5.04" speed="44.28" angle="265.42" x="53.34" y="128.15"/>
        <vehicle id="cfm_slow_1" eclass="HBEFA3/PC_G_EU4" CO2="41065.30" CO="992.77" HC="5.57" NOx="18.32" PMx="1.14" fuel="17.65" electricity="0.00" noise="87.64" route="routetop" type="cfm_slow" waiting="0.00" lane="top_0" pos="45.04" speed="44.28" angle="193.49" x="-0.86" y="73.82"/>
        <vehicle id="cfm_slow_2" eclass="HBEFA3/PC_G_EU4" CO2="41065.30" CO="992.77" HC="5.57" NOx="18.32" PMx="1.14" fuel="17.65" electricity="0.00" noise="87.64" route="routetop" type="cfm_slow" waiting="0.00" lane="left_0" pos="35.04" speed="44.28" angle="121.50" x="34.08" y="5.44"/>
        <vehicle id="cfm_slow_3" eclass="HBEFA3/PC_G_EU4" CO2="41065.30" CO="992.77" HC="5.57" NOx="18.32" PMx="1.14" fuel="17.65" electricity="0.00" noise="87.64" route="routebottom" type="cfm_slow" waiting="0.00" lane="bottom_0" pos="25.04" speed="44.28" angle="49.45" x="109.89" y="17.55"/>
        <vehicle id="cfm_slow_4" eclass="HBEFA3/PC_G_EU4" CO2="41065.30" CO="992.77" HC="5.57" NOx="18.32" PMx="1.14" fuel="17.65" electricity="0.00" noise="87.64" route="routebottom" type="cfm_slow" waiting="0.00" lane="right_0" pos="15.04" speed="44.28" angle="337.36" x="121.80" y="93.39"/>
    </timestep>
    <timestep time="3.68">
        <vehicle id="cfm_slow_0" eclass="HBEFA3/PC_G_EU4" CO2="40833.45" CO="988.48" HC="5.55" NOx="18.21" PMx="1.13" fuel="17.55" electricity="0.00" noise="87.56" route="routetop" type="cfm_slow" waiting="0.00" lane="top_0" pos="5.48" speed="44.31" angle="264.64" x="52.44" y="127.99"/>
        <vehicle id="cfm_slow_1" eclass="HBEFA3/PC_G_EU4" CO2="40833.45" CO="988.48" HC="5.55" NOx="18.21" PMx="1.13" fuel="17.55" electricity="0.00" noise="87.56" route="routetop" type="cfm_slow" waiting="0.00" lane="top_0" pos="45.48" speed="44.31" angle="192.68" x="-0.98" y="72.92"/>
        <vehicle id="cfm_slow_2" eclass="HBEFA3/PC_G_EU4" CO2="40833.45" CO="988.48" HC="5.55" NOx="18.21" PMx="1.13" fuel="17.55" electricity="0.00" noise="87.56" route="routetop" type="cfm_slow" waiting="0.00" lane="left_0" pos="35.48" speed="44.31" angle="120.69" x="34.89" y="5.03"/>
        <vehicle id="cfm_slow_3" eclass="HBEFA3/PC_G_EU4" CO2="40833.45" CO="988.48" HC="5.55" NOx="18.21" PMx="1.13" fuel="17.55" electricity="0.00" noise="87.56" route="routebottom" type="cfm_slow" waiting="0.00" lane="bottom_0" pos="25.48" speed="44.31" angle="48.61" x="110.53" y="18.19"/>
        <vehicle id="cfm_slow_4" eclass="HBEFA3/PC_G_EU4" CO2="40833.45" CO="988.48" HC="5.55" NOx="18.21" PMx="1.13" fuel="17.55" electricity="0.00" noise="87.56" route="routebottom" type="cfm_slow" waiting="0.00" lane="right_0" pos="15.48" speed="44.31" angle="336.61" x="121.39" y="94.20"/>
    </timestep>
    <timestep time="3.69">
        <vehicle id="cfm_slow_0" eclass="HBEFA3/PC_G_EU4" CO2="40603.42" CO="984.21" HC="5.52" NOx="18.10" PMx="1.13" fuel="17.45" electricity="0.00" noise="87.48" route="routetop" type="cfm_slow" waiting="0.00" lane="top_0" pos="5.93" speed="44.33" angle="263.83" x="51.55" y="127.83"/>
        <vehicle id="cfm_slow_1" eclass="HBEFA3/PC_G_EU4" CO2="40603.42" CO="984.21" HC="5.52" NOx="18.10" PMx="1.13" fuel="17.45" electricity="0.00" noise="87.48" route="routetop" type="cfm_slow" waiting="0.00" lane="top_0" pos="45.93" speed="44.33" angle="191.87" x="-1.11" y="72.02"/>
        <vehicle id="cfm_slow_2" eclass="HBEFA3/PC_G_EU4" CO2="40603.42" CO="984.21" HC="5.52" NOx="18.10" PMx="1.13" fuel="17.45" electricity="0.00" noise="87.48" route="routetop" type="cfm_slow" waiting="0.00" lane="left_0" pos="35.93" speed="44.33" angle="119.93" x="35.70" y="4.63"/>
        <vehicle id="cfm_slow_3" eclass="HBEFA3/PC_G_EU4" CO2="40603.42" CO="984.21" HC="5.52" NOx="18.10" PMx="1.13" fuel="17.45" electricity="0.00" noise="87.48" route="routebottom" type="cfm_slow" waiting="0.00" lane="bottom_0" pos="25.93" speed="44.33" angle="47.86" x="111.16" y="18.85"/>
        <vehicle id="cfm_slow_4" eclass="HBEFA3/PC_G_EU4" CO2="40603.42" CO="984.21" HC="5.52" NOx="18.10" PMx="1.13" fuel="17.45" electricity="0.00" noise="87.48" route="routebottom" type="cfm_slow" waiting="0.00" lane="right_0" pos="15.93" speed="44.33" angle="335.82" x="120.95" y="95.00"/>
    </timestep>
    <timestep time="3.70">
        <vehicle id="cfm_slow_0" eclass="HBEFA3/PC_G_EU4" CO2="40375.22" CO="979.99" HC="5.50" NOx="17.99" PMx="1.12" fuel="17.36" electricity="0.00" noise="87.40" route="routetop" type="cfm_slow" waiting="0.00" lane="top_0" pos="6.37" speed="44.35" angle="263.06" x="50.65" y="127.67"/>
        <vehicle id="cfm_slow_1" eclass="HBEFA3/PC_G_EU4" CO2="40375.22" CO="979.99" HC="5.50" NOx="17.99" PMx="1.12" fuel="17.36" electricity="0.00" noise="87.40" route="routetop" type="cfm_slow" waiting="0.00" lane="top_0" pos="46.37" speed="44.35" angle="191.10" x="-1.22" y="71.12"/>
        <vehicle id="cfm_slow_2" eclass="HBEFA3/PC_G_EU4" CO2="40375.22" CO="979.99" HC="5.50" NOx="17.99" PMx="1.12" fuel="17.36" electricity="0.00" noise="87.40" route="routetop" type="cfm_slow" waiting="0.00" lane="left_0" pos="36.37" speed="44.35" angle="119.09" x="36.53" y="4.26"/>
        <vehicle id="cfm_slow_3" eclass="HBEFA3/PC_G_EU4" CO2="40375.22" CO="979.99" HC="5.50" NOx="17.99" PMx="1.12" fuel="17.36" electricity="0.00" noise="87.40" route="routebottom" type="cfm_slow" waiting="0.00" lane="bottom_0" pos="26.37" speed="44.35" angle="47.05" x="111.78" y="19.52"/>
        <vehicle id="cfm_slow_4" eclass="HBEFA3/PC_G_EU4" CO2="40375.22" CO="979.99" HC="5.50" NOx="17.99" PMx="1.12" fuel="17.36" electricity="0.00" noise="87.40" route="routebottom" type="cfm_slow" waiting="0.00" lane="right_0" pos="16.37" speed="44.35" angle="335.03" x="120.51" y="95.79"/>
    </timestep>
    <timestep time="3.71">
        <vehicle id="cfm_slow_0" eclass="HBEFA3/PC_G_EU4" CO2="40148.82" CO="975.79" HC="5.47" NOx="17.88" PMx="1.12" fuel="17.26" electricity="0.00" noise="87.33" route="routetop" type="cfm_slow" waiting="0.00" lane="top_0" pos="6.81" speed="44.38" angle="262.21" x="49.77" y="127.47"/>
        <vehicle id="cfm_slow_1" eclass="HBEFA3/PC_G_EU4" CO2="40148.82" CO="975.79" HC="5.47" NOx="17.88" PMx="1.12" fuel="17.26" electricity="0.00" noise="87.33" route="routetop" type="cfm_slow" waiting="0.00" lane="top_0" pos="46.81" speed="44.38" angle="190.27" x="-1.31" y="70.21"/>
        <vehicle id="cfm_slow_2" eclass="HBEFA3/PC_G_EU4" CO2="40148.82" CO="975.79" HC="5.47" NOx="17.88" PMx="1.12" fuel="17.26" electricity="0.00" noise="87.33" route="routetop" type="cfm_slow" waiting="0.00" lane="left_0" pos="36.81" speed="44.38" angle="118.24" x="37.36" y="3.89"/>
        <vehicle id="cfm_slow_3" eclass="HBEFA3/PC_G_EU4" CO2="40148.82" CO="975.79" HC="5.47" NOx="17.88" PMx="1.12" fuel="17.26" electricity="0.00" noise="87.33" route="routebottom" type="cfm_slow" waiting="0.00" lane="bottom_0" pos="26.81" speed="44.38" angle="46.25" x="112.40" y="20.18"/>
        <vehicle id="cfm_slow_4" eclass="HBEFA3/PC_G_EU4" CO2="40148.82" CO="975.79" HC="5.47" NOx="17.88" PMx="1.12" fuel="17.26" electricity="0.00" noise="87.33" route="routebottom" type="cfm_slow" waiting="0.00" lane="right_0" pos="16.81" speed="44.38" angle="334.28" x="120.06" y="96.58"/>
    </timestep>
    <timestep time="3.72">
        <vehicle id="cfm_slow_0" eclass="HBEFA3/PC_G_EU4" CO2="39924.21" CO="971.63" HC="5.45" NOx="17.78" PMx="1.11" fuel="17.16" electricity="0.00" noise="87.25" route="routetop" type="cfm_slow" waiting="0.00" lane="top_0" pos="7.26" speed="44.40" angle="261.36" x="48.88" y="127.26"/>
        <vehicle id="cfm_slow_1" eclass="HBEFA3/PC_G_EU4" CO2="39924.21" CO="971.63" HC="5.45" NOx="17.78" PMx="1.11" fuel="17.16" electricity="0.00" noise="87.25" route="routetop" type="cfm_slow" waiting="0.00" lane="top_0" pos="47.26" speed="44.40" angle="189.44" x="-1.40" y="69.30"/>
        <vehicle id="cfm_slow_2" eclass="HBEFA3/PC_G_EU4" CO2="39924.21" CO="971.63" HC="5.45" NOx="17.78" PMx="1.11" fuel="17.16" electricity="0.00" noise="87.25" route="routetop" type="cfm_slow" waiting="0.00" lane="left_0" pos="37.26" speed="44.40" angle="117.47" x="38.20" y="3.52"/>
        <vehicle id="cfm_slow_3" eclass="HBEFA3/PC_G_EU4" CO2="39924.21" CO="971.63" HC="5.45" NOx="17.78" PMx="1.11" fuel="17.16" electricity="0.00" noise="87.25" route="routebottom" type="cfm_slow" waiting="0.00" lane="bottom_0" pos="27.26" speed="44.40" angle="45.46" x="112.99" y="20.87"/>
        <vehicle id="cfm_slow_4" eclass="HBEFA3/PC_G_EU4" CO2="39924.21" CO="971.63" HC="5.45" NOx="17.78" PMx="1.11" fuel="17.16" electricity="0.00" noise="87.25" route="routebottom" type="cfm_slow" waiting="0.00" lane="right_0" pos="17.26" speed="44.40" angle="333.45" x="119.59" y="97.37"/>
    </timestep>
    <timestep time="3.73">
        <vehicle id="cfm_slow_0" eclass="HBEFA3/PC_G_EU4" CO2="39701.39" CO="967.50" HC="5.42" NOx="17.67" PMx="1.11" fuel="17.07" electricity="0.00" noise="87.18" route="routetop" type="cfm_slow" waiting="0.00" lane="top_0" pos="7.70" speed="44.43" angle="260.57" x="47.99" y="127.06"/>
        <vehicle id="cfm_slow_1" eclass="HBEFA3/PC_G_EU4" CO2="39701.39" CO="967.50" HC="5.42" NOx="17.67" PMx="1.11" fuel="17.07" electricity="0.00" noise="87.18" route="routetop" type="cfm_slow" waiting="0.00" lane="top_0" pos="47.70" speed="44.43" angle="188.68" x="-1.47" y="68.40"/>
        <vehicle id="cfm_slow_2" eclass="HBEFA3/PC_G_EU4" CO2="39701.39" CO="967.50" HC="5.42" NOx="17.67" PMx="1.11" fuel="17.07" electricity="0.00" noise="87.18" route="routetop" type="cfm_slow" waiting="0.00" lane="left_0" pos="37.70" speed="44.43" angle="116.64" x="39.04" y="3.18"/>
        <vehicle id="cfm_slow_3" eclass="HBEFA3/PC_G_EU4" CO2="39701.39" CO="967.50" HC="5.42" NOx="17.67" PMx="1.11" fuel="17.07" electricity="0.00" noise="87.18" route="routebottom" type="cfm_slow" waiting="0.00" lane="bottom_0" pos="27.70" speed="44.43" angle="44.62" x="113.58" y="21.57"/>
        <vehicle id="cfm_slow_4" eclass="HBEFA3/PC_G_EU4" CO2="39701.39" CO="967.50" HC="5.42" NOx="17.67" PMx="1.11" fuel="17.07" electricity="0.00" noise="87.18" route="routebottom" type="cfm_slow" waiting="0.00" lane="right_0" pos="17.70" speed="44.43" angle="332.63" x="119.12" y="98.15"/>
    </timestep>
    <timestep time="3.74">
        <vehicle id="cfm_slow_0" eclass="HBEFA3/PC_G_EU4" CO2="39480.34" CO="963.41" HC="5.40" NOx="17.57" PMx="1.10" fuel="16.97" electricity="0.00" noise="87.11" route="routetop" type="cfm_slow" waiting="0.00" lane="top_0" pos="8.15" speed="44.45" angle="259.78" x="47.11" y="126.83"/>
        <vehicle id="cfm_slow_1" eclass="HBEFA3/PC_G_EU4" CO2="39480.34" CO="963.41" HC="5.40" NOx="17.57" PMx="1.10" fuel="16.97" electricity="0.00" noise="87.11" route="routetop" type="cfm_slow" waiting="0.00" lane="top_0" pos="48.15" speed="44.45" angle="187.87" x="-1.53" y="67.49"/>
        <vehicle id="cfm_slow_2" eclass="HBEFA3/PC_G_EU4" CO2="39480.34" CO="963.41" HC="5.40" NOx="17.57" PMx="1.10" fuel="16.97" electricity="0.00" noise="87.11" route="routetop" type="cfm_slow" waiting="0.00" lane="left_0" pos="38.15" speed="44.45" angle="115.80" x="39.89" y="2.85"/>
        <vehicle id="cfm_slow_3" eclass="HBEFA3/PC_G_EU4" CO2="39480.34" CO="963.41" HC="5.40" NOx="17.57" PMx="1.10" fuel="16.97" electricity="0.00" noise="87.11" route="routebottom" type="cfm_slow" waiting="0.00" lane="bottom_0" pos="28.15" speed="44.45" angle="43.80" x="114.17" y="22.26"/>
        <vehicle id="cfm_slow_4" eclass="HBEFA3/PC_G_EU4" CO2="39480.34" CO="963.41" HC="5.40" NOx="17.57" PMx="1.10" fuel="16.97" electricity="0.00" noise="87.11" route="routebottom" type="cfm_slow" waiting="0.00" lane="right_0" pos="18.15" speed="44.45" angle="331.86" x="118.64" y="98.92"/>
    </timestep>
    <timestep time="3.75">
        <vehicle id="cfm_slow_0" eclass="HBEFA3/PC_G_EU4" CO2="39261.05" CO="959.34" HC="5.38" NOx="17.46" PMx="1.09" fuel="16.88" electricity="0.00" noise="87.04" route="routetop" type="cfm_slow" waiting="0.00" lane="top_0" pos="8.59" speed="44.47" angle="258.99" x="46.23" y="126.59"/>
        <vehicle id="cfm_slow_1" eclass="HBEFA3/PC_G_EU4" CO2="39261.05" CO="959.34" HC="5.38" NOx="17.46" PMx="1.09" fuel="16.88" electricity="0.00" noise="87.04" route="routetop" type="cfm_slow" waiting="0.00" lane="top_0" pos="48.59" speed="44.47" angle="187.05" x="-1.58" y="66.58"/>
        <vehicle id="cfm_slow_2" eclass="HBEFA3/PC_G_EU4" CO2="39261.05" CO="959.34" HC="5.38" NOx="17.46" PMx="1.09" fuel="16.88" electricity="0.00" noise="87.04" route="routetop" type="cfm_slow" waiting="0.00" lane="left_0" pos="38.59" speed="44.47" angle="115.03" x="40.74" y="2.52"/>
        <vehicle id="cfm_slow_3" eclass="HBEFA3/PC_G_EU4" CO2="39261.05" CO="959.34" HC="5.38" NOx="17.46" PMx="1.09" fuel="16.88" electricity="0.00" noise="87.04" route="routebottom" type="cfm_slow" waiting="0.00" lane="bottom_0" pos="28.59" speed="44.47" angle="43.00" x="114.73" y="22.98"/>
        <vehicle id="cfm_slow_4" eclass="HBEFA3/PC_G_EU4" CO2="39261.05" CO="959.34" HC="5.38" NOx="17.46" PMx="1.09" fuel="16.88" electricity="0.00" noise="87.04" route="routebottom" type="cfm_slow" waiting="0.00" lane="right_0" pos="18.59" speed="44.47" angle="331.02" x="118.13" y="99.68"/>
    </timestep>
    <timestep time="3.76">
        <vehicle id="cfm_slow_0" eclass="HBEFA3/PC_G_EU4" CO2="39043.51" CO="955.31" HC="5.35" NOx="17.36" PMx="1.09" fuel="16.78" electricity="0.00" noise="86.96" route="routetop" type="cfm_slow" waiting="0.00" lane="top_0" pos="9.04" speed="44.50" angle="258.25" x="45.35" y="126.36"/>
        <vehicle id="cfm_slow_1" eclass="HBEFA3/PC_G_EU4" CO2="39043.51" CO="955.31" HC="5.35" NOx="17.36" PMx="1.09" fuel="16.78" electricity="0.00" noise="86.96" route="routetop" type="cfm_slow" waiting="0.00" lane="top_0" pos="49.04" speed="44.50" angle="186.27" x="-1.61" y="65.66"/>
        <vehicle id="cfm_slow_2" eclass="HBEFA3/PC_G_EU4" CO2="39043.51" CO="955.31" HC="5.35" NOx="17.36" PMx="1.09" fuel="16.78" electricity="0.00" noise="86.96" route="routetop" type="cfm_slow" waiting="0.00" lane="left_0" pos="39.04" speed="44.50" angle="114.21" x="41.60" y="2.21"/>
        <vehicle id="cfm_slow_3" eclass="HBEFA3/PC_G_EU4" CO2="39043.51" CO="955.31" HC="5.35" NOx="17.36" PMx="1.09" fuel="16.78" electricity="0.00" noise="86.96" route="routebottom" type="cfm_slow" waiting="0.00" lane="bottom_0" pos="29.04" speed="44.50" angle="42.18" x="115.30" y="23.70"/>
        <vehicle id="cfm_slow_4" eclass="HBEFA3/PC_G_EU4" CO2="39043.51" CO="955.31" HC="5.35" NOx="17.36" PMx="1.09" fuel="16.78" electricity="0.00" noise="86.96" route="routebottom" type="cfm_slow" waiting="0.00" lane="right_0" pos="19.04" speed="44.50" angle="330.18" x="117.63" y="100.44"/>
    </timestep>
    <timestep time="3.77">
        <vehicle id="cfm_slow_0" eclass="HBEFA3/PC_G_EU4" CO2="38827.70" CO="951.31" HC="5.33" NOx="17.26" PMx="1.08" fuel="16.69" electricity="0.00" noise="86.89" route="routetop" type="cfm_slow" waiting="0.00" lane="top_0" pos="9.48" speed="44.52" angle="257.44" x="44.47" y="126.08"/>
        <vehicle id="cfm_slow_1" eclass="HBEFA3/PC_G_EU4" CO2="38827.70" CO="951.31" HC="5.33" NOx="17.26" PMx="1.08" fuel="16.69" electricity="0.00" noise="86.89" route="routetop" type="cfm_slow" waiting="0.00" lane="top_0" pos="49.48" speed="44.52" angle="185.43" x="-1.63" y="64.75"/>
        <vehicle id="cfm_slow_2" eclass="HBEFA3/PC_G_EU4" CO2="38827.70" CO="951.31" HC="5.33" NOx="17.26" PMx="1.08" fuel="16.69" electricity="0.00" noise="86.89" route="routetop" type="cfm_slow" waiting="0.00" lane="left_0" pos="39.48" speed="44.52" angle="113.39" x="42.46" y="1.90"/>
        <vehicle id="cfm_slow_3" eclass="HBEFA3/PC_G_EU4" CO2="38827.70" CO="951.31" HC="5.33" NOx="17.26" PMx="1.08" fuel="16.69" electricity="0.00" noise="86.89" route="routebottom" type="cfm_slow" waiting="0.00" lane="bottom_0" pos="29.48" speed="44.52" angle="41.41" x="115.86" y="24.42"/>
        <vehicle id="cfm_slow_4" eclass="HBEFA3/PC_G_EU4" CO2="38827.70" CO="951.31" HC="5.33" NOx="17.26" PMx="1.08" fuel="16.69" electricity="0.00" noise="86.89" route="routebottom" type="cfm_slow" waiting="0.00" lane="right_0" pos="19.48" speed="44.52" angle="329.41" x="117.10" y="101.18"/>
    </timestep>
    <timestep time="3.78">
        <vehicle id="cfm_slow_0" eclass="HBEFA3/PC_G_EU4" CO2="38613.62" CO="947.35" HC="5.31" NOx="17.16" PMx="1.08" fuel="16.60" electricity="0.00" noise="86.82" route="routetop" type="cfm_slow" waiting="0.00" lane="top_0" pos="9.93" speed="44.54" angle="256.62" x="43.60" y="125.81"/>
        <vehicle id="cfm_slow_1" eclass="HBEFA3/PC_G_EU4" CO2="38613.62" CO="947.35" HC="5.31" NOx="17.16" PMx="1.08" fuel="16.60" electricity="0.00" noise="86.82" route="routetop" type="cfm_slow" waiting="0.00" lane="top_0" pos="49.93" speed="44.54" angle="184.61" x="-1.65" y="63.84"/>
        <vehicle id="cfm_slow_2" eclass="HBEFA3/PC_G_EU4" CO2="38613.62" CO="947.35" HC="5.31" NOx="17.16" PMx="1.08" fuel="16.60" electricity="0.00" noise="86.82" route="routetop" type="cfm_slow" waiting="0.00" lane="left_0" pos="39.93" speed="44.54" angle="112.63" x="43.32" y="1.60"/>
        <vehicle id="cfm_slow_3" eclass="HBEFA3/PC_G_EU4" CO2="38613.62" CO="947.35" HC="5.31" NOx="17.16" PMx="1.08" fuel="16.60" electricity="0.00" noise="86.82" route="routebottom" type="cfm_slow" waiting="0.00" lane="bottom_0" pos="29.93" speed="44.54" angle="40.62" x="116.40" y="25.16"/>
        <vehicle id="cfm_slow_4" eclass="HBEFA3/PC_G_EU4" CO2="38613.62" CO="947.35" HC="5.31" NOx="17.16" PMx="1.08" fuel="16.60" electricity="0.00" noise="86.82" route="routebottom" type="cfm_slow" waiting="0.00" lane="right_0" pos="19.93" speed="44.54" angle="328.58" x="116.57" y="101.92"/>
    </timestep>
    <timestep time="3.79">
        <vehicle id="cfm_slow_0" eclass="HBEFA3/PC_G_EU4" CO2="38401.25" CO="943.41" HC="5.28" NOx="17.06" PMx="1.07" fuel="16.51" electricity="0.00" noise="86.76" route="routetop" type="cfm_slow" waiting="0.00" lane="top_0" pos="10.37" speed="44.56" angle="255.85" x="42.73" y="125.53"/>
        <vehicle id="cfm_slow_1" eclass="HBEFA3/PC_G_EU4" CO2="38401.25" CO="943.41" HC="5.28" NOx="17.06" PMx="1.07" fuel="16.51" electricity="0.00" noise="86.76" route="routetop" type="cfm_slow" waiting="0.00" lane="left_0" pos="0.37" speed="44.56" angle="183.81" x="-1.64" y="62.86"/>
        <vehicle id="cfm_slow_2" eclass="HBEFA3/PC_G_EU4" CO2="38401.25" CO="943.41" HC="5.28" NOx="17.06" PMx="1.07" fuel="16.51" electricity="0.00" noise="86.76" route="routetop" type="cfm_slow" waiting="0.00" lane="left_0" pos="40.37" speed="44.56" angle="111.81" x="44.20" y="1.33"/>
        <vehicle id="cfm_slow_3" eclass="HBEFA3/PC_G_EU4" CO2="38401.25" CO="943.41" HC="5.28" NOx="17.06" PMx="1.07" fuel="16.51" electricity="0.00" noise="86.76" route="routebottom" type="cfm_slow" waiting="0.00" lane="bottom_0" pos="30.37" speed="44.56" angle="39.82" x="116.93" y="25.90"/>
        <vehicle id="cfm_slow_4" eclass="HBEFA3/PC_G_EU4" CO2="38401.25" CO="943.41" HC="5.28" NOx="17.06" PMx="1.07" fuel="16.51" electricity="0.00" noise="86.76" route="routebottom" type="cfm_slow" waiting="0.00" lane="right_0" pos="20.37" speed="44.56" angle="327.75" x="116.03" y="102.66"/>
    </timestep>
    <timestep time="3.80">
        <vehicle id="cfm_slow_0" eclass="HBEFA3/PC_G_EU4" CO2="38190.58" CO="939.51" HC="5.26" NOx="16.96" PMx="1.07" fuel="16.42" electricity="0.00" noise="86.69" route="routetop" type="cfm_slow" waiting="0.00" lane="top_0" pos="10.82" speed="44.59" angle="254.98" x="41.88" y="125.22"/>
        <vehicle id="cfm_slow_1" eclass="HBEFA3/PC_G_EU4" CO2="38190.58" CO="939.51" HC="5.26" NOx="16.96" PMx="1.07" fuel="16.42" electricity="0.00" noise="86.69" route="routetop" type="cfm_slow" waiting="0.00" lane="left_0" pos="0.82" speed="44.59" angle="182.99" x="-1.62" y="61.95"/>
        <vehicle id="cfm_slow_2" eclass="HBEFA3/PC_G_EU4" CO2="38190.58" CO="939.51" HC="5.26" NOx="16.96" PMx="1.07" fuel="16.42" electricity="0.00" noise="86.69" route="routetop" type="cfm_slow" waiting="0.00" lane="left_0" pos="40.82" speed="44.59" angle="110.98" x="45.07" y="1.06"/>
        <vehicle id="cfm_slow_3" eclass="HBEFA3/PC_G_EU4" CO2="38190.58" CO="939.51" HC="5.26" NOx="16.96" PMx="1.07" fuel="16.42" electricity="0.00" noise="86.69" route="routebottom" type="cfm_slow" waiting="0.00" lane="bottom_0" pos="30.82" speed="44.59" angle="39.07" x="117.46" y="26.64"/>
        <vehicle id="cfm_slow_4" eclass="HBEFA3/PC_G_EU4" CO2="38190.58" CO="939.51" HC="5.26" NOx="16.96" PMx="1.07" fuel="16.42" electricity="0.00" noise="86.69" route="routebottom" type="cfm_slow" waiting="0.00" lane="right_0" pos="20.82" speed="44.59" angle="326.99" x="115.48" y="103.39"/>
    </timestep>
    <timestep time="3.81">
        <vehicle id="cfm_slow_0" eclass="HBEFA3/PC_G_EU4" CO2="37981.61" CO="935.64" HC="5.24" NOx="16.86" PMx="1.06" fuel="16.33" electricity="0.00" noise="86.62" route="routetop" type="cfm_slow" waiting="0.00" lane="top_0" pos="11.27" speed="44.61" angle="254.11" x="41.02" y="124.90"/>
        <vehicle id="cfm_slow_1" eclass="HBEFA3/PC_G_EU4" CO2="37981.61" CO="935.64" HC="5.24" NOx="16.86" PMx="1.06" fuel="16.33" electricity="0.00" noise="86.62" route="routetop" type="cfm_slow" waiting="0.00" lane="left_0" pos="1.27" speed="44.61" angle="182.22" x="-1.60" y="61.04"/>
        <vehicle id="cfm_slow_2" eclass="HBEFA3/PC_G_EU4" CO2="37981.61" CO="935.64" HC="5.24" NOx="16.86" PMx="1.06" fuel="16.33" electricity="0.00" noise="86.62" route="routetop" type="cfm_slow" waiting="0.00" lane="left_0" pos="41.27" speed="44.61" angle="110.22" x="45.95" y="0.81"/>
        <vehicle id="cfm_slow_3" eclass="HBEFA3/PC_G_EU4" CO2="37981.61" CO="935.64" HC="5.24" NOx="16.86" PMx="1.06" fuel="16.33" electricity="0.00" noise="86.62" route="routebottom" type="cfm_slow" waiting="0.00" lane="bottom_0" pos="31.27" speed="44.61" angle="38.25" x="117.97" y="27.40"/>
        <vehicle id="cfm_slow_4" eclass="HBEFA3/PC_G_EU4" CO2="37981.61" CO="935.64" HC="5.24" NOx="16.86" PMx="1.06" fuel="16.33" electricity="0.00" noise="86.62" route="routebottom" type="cfm_slow" waiting="0.00" lane="right_0" pos="21.27" speed="44.61" angle="326.17" x="114.91" y="104.11"/>
    </timestep>
    <timestep time="3.82">
        <vehicle id="cfm_slow_0" eclass="HBEFA3/PC_G_EU4" CO2="37774.32" CO="931.79" HC="5.21" NOx="16.76" PMx="1.06" fuel="16.24" electricity="0.00" noise="86.55" route="routetop" type="cfm_slow" waiting="0.00" lane="top_0" pos="11.71" speed="44.63" angle="253.35" x="40.16" y="124.58"/>
        <vehicle id="cfm_slow_1" eclass="HBEFA3/PC_G_EU4" CO2="37774.32" CO="931.79" HC="5.21" NOx="16.76" PMx="1.06" fuel="16.24" electricity="0.00" noise="86.55" route="routetop" type="cfm_slow" waiting="0.00" lane="left_0" pos="1.71" speed="44.63" angle="181.41" x="-1.54" y="60.12"/>
        <vehicle id="cfm_slow_2" eclass="HBEFA3/PC_G_EU4" CO2="37774.32" CO="931.79" HC="5.21" NOx="16.76" PMx="1.06" fuel="16.24" electricity="0.00" noise="86.55" route="routetop" type="cfm_slow" waiting="0.00" lane="left_0" pos="41.71" speed="44.63" angle="109.40" x="46.83" y="0.57"/>
        <vehicle id="cfm_slow_3" eclass="HBEFA3/PC_G_EU4" CO2="37774.32" CO="931.79" HC="5.21" NOx="16.76" PMx="1.06" fuel="16.24" electricity="0.00" noise="86.55" route="routebottom" type="cfm_slow" waiting="0.00" lane="bottom_0" pos="31.71" speed="44.63" angle="37.43" x="118.48" y="28.16"/>
        <vehicle id="cfm_slow_4" eclass="HBEFA3/PC_G_EU4" CO2="37774.32" CO="931.79" HC="5.21" NOx="16.76" PMx="1.06" fuel="16.24" electricity="0.00" noise="86.55" route="routebottom" type="cfm_slow" waiting="0.00" lane="right_0" pos="21.71" speed="44.63" angle="325.38" x="114.35" y="104.83"/>
    </timestep>
    <timestep time="3.83">
        <vehicle id="cfm_slow_0" eclass="HBEFA3/PC_G_EU4" CO2="37568.69" CO="927.98" HC="5.19" NOx="16.66" PMx="1.05" fuel="16.15" electricity="0.00" noise="86.49" route="routetop" type="cfm_slow" waiting="0.00" lane="top_0" pos="12.16" speed="44.65" angle="252.57" x="39.31" y="124.24"/>
        <vehicle id="cfm_slow_1" eclass="HBEFA3/PC_G_EU4" CO2="37568.69" CO="927.98" HC="5.19" NOx="16.66" PMx="1.05" fuel="16.15" electricity="0.00" noise="86.49" route="routetop" type="cfm_slow" waiting="0.00" lane="left_0" pos="2.16" speed="44.65" angle="180.60" x="-1.49" y="59.21"/>
        <vehicle id="cfm_slow_2" eclass="HBEFA3/PC_G_EU4" CO2="37568.69" CO="927.98" HC="5.19" NOx="16.66" PMx="1.05" fuel="16.15" electricity="0.00" noise="86.49" route="routetop" type="cfm_slow" waiting="0.00" lane="left_0" pos="42.16" speed="44.65" angle="108.58" x="47.72" y="0.33"/>
        <vehicle id="cfm_slow_3" eclass="HBEFA3/PC_G_EU4" CO2="37568.69" CO="927.98" HC="5.19" NOx="16.66" PMx="1.05" fuel="16.15" electricity="0.00" noise="86.49" route="routebottom" type="cfm_slow" waiting="0.00" lane="bottom_0" pos="32.16" speed="44.65" angle="36.68" x="118.98" y="28.93"/>
        <vehicle id="cfm_slow_4" eclass="HBEFA3/PC_G_EU4" CO2="37568.69" CO="927.98" HC="5.19" NOx="16.66" PMx="1.05" fuel="16.15" electricity="0.00" noise="86.49" route="routebottom" type="cfm_slow" waiting="0.00" lane="right_0" pos="22.16" speed="44.65" angle="324.59" x="113.77" y="105.54"/>
    </timestep>
    <timestep time="3.84">
        <vehicle id="cfm_slow_0" eclass="HBEFA3/PC_G_EU4" CO2="37364.72" CO="924.20" HC="5.17" NOx="16.56" PMx="1.05" fuel="16.06" electricity="0.00" noise="86.42" route="routetop" type="cfm_slow" waiting="0.00" lane="top_0" pos="12.60" speed="44.67" angle="251.78" x="38.46" y="123.90"/>
        <vehicle id="cfm_slow_1" eclass="HBEFA3/PC_G_EU4" CO2="37364.72" CO="924.20" HC="5.17" NOx="16.56" PMx="1.05" fuel="16.06" electricity="0.00" noise="86.42" route="routetop" type="cfm_slow" waiting="0.00" lane="left_0" pos="2.60" speed="44.67" angle="179.83" x="-1.43" y="58.29"/>
        <vehicle id="cfm_slow_2" eclass="HBEFA3/PC_G_EU4" CO2="37364.72" CO="924.20" HC="5.17" NOx="16.56" PMx="1.05" fuel="16.06" electricity="0.00" noise="86.42" route="routetop" type="cfm_slow" waiting="0.00" lane="left_0" pos="42.60" speed="44.67" angle="107.84" x="48.61" y="0.12"/>
        <vehicle id="cfm_slow_3" eclass="HBEFA3/PC_G_EU4" CO2="37364.72" CO="924.20" HC="5.17" NOx="16.56" PMx="1.05" fuel="16.06" electricity="0.00" noise="86.42" route="routebottom" type="cfm_slow" waiting="0.00" lane="bottom_0" pos="32.60" speed="44.67" angle="35.84" x="119.45" y="29.72"/>
        <vehicle id="cfm_slow_4" eclass="HBEFA3/PC_G_EU4" CO2="37364.72" CO="924.20" HC="5.17" NOx="16.56" PMx="1.05" fuel="16.06" electricity="0.00" noise="86.42" route="routebottom" type="cfm_slow" waiting="0.00" lane="right_0" pos="22.60" speed="44.67" angle="323.78" x="113.18" y="106.24"/>
    </timestep>
    <timestep time="3.85">
        <vehicle id="cfm_slow_0" eclass="HBEFA3/PC_G_EU4" CO2="37162.40" CO="920.45" HC="5.15" NOx="16.47" PMx="1.04" fuel="15.97" electricity="0.00" noise="86.36" route="routetop" type="cfm_slow" waiting="0.00" lane="top_0" pos="13.05" speed="44.69" angle="251.02" x="37.61" y="123.55"/>
        <vehicle id="cfm_slow_1" eclass="HBEFA3/PC_G_EU4" CO2="37162.40" CO="920.45" HC="5.15" NOx="16.47" PMx="1.04" fuel="15.97" electricity="0.00" noise="86.36" route="routetop" type="cfm_slow" waiting="0.00" lane="left_0" pos="3.05" speed="44.69" angle="179.02" x="-1.34" y="57.38"/>
        <vehicle id="cfm_slow_2" eclass="HBEFA3/PC_G_EU4" CO2="37162.40" CO="920.45" HC="5.15" NOx="16.47" PMx="1.04" fuel="15.97" electricity="0.00" noise="86.36" route="routetop" type="cfm_slow" waiting="0.00" lane="left_0" pos="43.05" speed="44.69" angle="107.04" x="49.50" y="-0.08"/>
        <vehicle id="cfm_slow_3" eclass="HBEFA3/PC_G_EU4" CO2="37162.40" CO="920.45" HC="5.15" NOx="16.47" PMx="1.04" fuel="15.97" electricity="0.00" noise="86.36" route="routebottom" type="cfm_slow" waiting="0.00" lane="bottom_0" pos="33.05" speed="44.69" angle="35.01" x="119.92" y="30.50"/>
        <vehicle id="cfm_slow_4" eclass="HBEFA3/PC_G_EU4" CO2="37162.40" CO="920.45" HC="5.15" NOx="16.47" PMx="1.04" fuel="15.97" electricity="0.00" noise="86.36" route="routebottom" type="cfm_slow" waiting="0.00" lane="right_0" pos="23.05" speed="44.69" angle="323.02" x="112.59" y="106.94"/>
    </timestep>
    <timestep time="3.86">
        <vehicle id="cfm_slow_0" eclass="HBEFA3/PC_G_EU4" CO2="36961.72" CO="916.74" HC="5.13" NOx="16.37" PMx="1.04" fuel="15.89" electricity="0.00" noise="86.30" route="routetop" type="cfm_slow" waiting="0.00" lane="top_0" pos="13.50" speed="44.71" angle="250.18" x="36.78" y="123.17"/>
        <vehicle id="cfm_slow_1" eclass="HBEFA3/PC_G_EU4" CO2="36961.72" CO="916.74" HC="5.13" NOx="16.37" PMx="1.04" fuel="15.89" electricity="0.00" noise="86.30" route="routetop" type="cfm_slow" waiting="0.00" lane="left_0" pos="3.50" speed="44.71" angle="178.20" x="-1.25" y="56.47"/>
        <vehicle id="cfm_slow_2" eclass="HBEFA3/PC_G_EU4" CO2="36961.72" CO="916.74" HC="5.13" NOx="16.37" PMx="1.04" fuel="15.89" electricity="0.00" noise="86.30" route="routetop" type="cfm_slow" waiting="0.00" lane="left_0" pos="43.50" speed="44.71" angle="106.25" x="50.39" y="-0.28"/>
        <vehicle id="cfm_slow_3" eclass="HBEFA3/PC_G_EU4" CO2="36961.72" CO="916.74" HC="5.13" NOx="16.37" PMx="1.04" fuel="15.89" electricity="0.00" noise="86.30" route="routebottom" type="cfm_slow" waiting="0.00" lane="bottom_0" pos="33.50" speed="44.71" angle="34.23" x="120.38" y="31.30"/>
        <vehicle id="cfm_slow_4" eclass="HBEFA3/PC_G_EU4" CO2="36961.72" CO="916.74" HC="5.13" NOx="16.37" PMx="1.04" fuel="15.89" electricity="0.00" noise="86.30" route="routebottom" type="cfm_slow" waiting="0.00" lane="right_0" pos="23.50" speed="44.71" angle="322.22" x="111.96" y="107.61"/>
    </timestep>
    <timestep time="3.87">
        <vehicle id="cfm_slow_0" eclass="HBEFA3/PC_G_EU4" CO2="36762.65" CO="913.05" HC="5.10" NOx="16.28" PMx="1.03" fuel="15.80" electricity="0.00" noise="86.23" route="routetop" type="cfm_slow" waiting="0.00" lane="top_0" pos="13.95" speed="44.73" angle="249.34" x="35.94" y="122.80"/>
        <vehicle id="cfm_slow_1" eclass="HBEFA3/PC_G_EU4" CO2="36762.65" CO="913.05" HC="5.10" NOx="16.28" PMx="1.03" fuel="15.80" electricity="0.00" noise="86.23" route="routetop" type="cfm_slow" waiting="0.00" lane="left_0" pos="3.95" speed="44.73" angle="177.43" x="-1.15" y="55.56"/>
        <vehicle id="cfm_slow_2" eclass="HBEFA3/PC_G_EU4" CO2="36762.65" CO="913.05" HC="5.10" NOx="16.28" PMx="1.03" fuel="15.80" electricity="0.00" noise="86.23" route="routetop" type="cfm_slow" waiting="0.00" lane="left_0" pos="43.95" speed="44.73" angle="105.46" x="51.29" y="-0.46"/>
        <vehicle id="cfm_slow_3" eclass="HBEFA3/PC_G_EU4" CO2="36762.65" CO="913.05" HC="5.10" NOx="16.28" PMx="1.03" fuel="15.80" electricity="0.00" noise="86.23" route="routebottom" type="cfm_slow" waiting="0.00" lane="bottom_0" pos="33.95" speed="44.73" angle="33.43" x="120.82" y="32.10"/>
        <vehicle id="cfm_slow_4" eclass="HBEFA3/PC_G_EU4" CO2="36762.65" CO="913.05" HC="5.10" NOx="16.28" PMx="1.03" fuel="15.80" electricity="0.00" noise="86.23" route="routebottom" type="cfm_slow" waiting="0.00" lane="right_0" pos="23.95" speed="44.73" angle="321.40" x="111.34" y="108.28"/>
    </timestep>
    <timestep time="3.88">
        <vehicle id="cfm_slow_0" eclass="HBEFA3/PC_G_EU4" CO2="36565.20" CO="909.39" HC="5.08" NOx="16.19" PMx="1.03" fuel="15.72" electricity="0.00" noise="86.17" route="routetop" type="cfm_slow" waiting="0.00" lane="top_0" pos="14.39" speed="44.76" angle="248.57" x="35.11" y="122.40"/>
        <vehicle id="cfm_slow_1" eclass="HBEFA3/PC_G_EU4" CO2="36565.20" CO="909.39" HC="5.08" NOx="16.19" PMx="1.03" fuel="15.72" electricity="0.00" noise="86.17" route="routetop" type="cfm_slow" waiting="0.00" lane="left_0" pos="4.39" speed="44.76" angle="176.61" x="-1.02" y="54.65"/>
        <vehicle id="cfm_slow_2" eclass="HBEFA3/PC_G_EU4" CO2="36565.20" CO="909.39" HC="5.08" NOx="16.19" PMx="1.03" fuel="15.72" electricity="0.00" noise="86.17" route="routetop" type="cfm_slow" waiting="0.00" lane="left_0" pos="44.39" speed="44.76" angle="104.62" x="52.20" y="-0.63"/>
        <vehicle id="cfm_slow_3" eclass="HBEFA3/PC_G_EU4" CO2="36565.20" CO="909.39" HC="5.08" NOx="16.19" PMx="1.03" fuel="15.72" electricity="0.00" noise="86.17" route="routebottom" type="cfm_slow" waiting="0.00" lane="bottom_0" pos="34.39" speed="44.76" angle="32.62" x="121.27" y="32.90"/>
        <vehicle id="cfm_slow_4" eclass="HBEFA3/PC_G_EU4" CO2="36565.20" CO="909.39" HC="5.08" NOx="16.19" PMx="1.03" fuel="15.72" electricity="0.00" noise="86.17" route="routebottom" type="cfm_slow" waiting="0.00" lane="right_0" pos="24.39" speed="44.76" angle="320.64" x="110.71" y="108.96"/>
    </timestep>
    <timestep time="3.89">
        <vehicle id="cfm_slow_0" eclass="HBEFA3/PC_G_EU4" CO2="36369.35" CO="905.76" HC="5.06" NOx="16.09" PMx="1.02" fuel="15.63" electricity="0.00" noise="86.11" route="routetop" type="cfm_slow" waiting="0.00" lane="top_0" pos="14.84" speed="44.78" angle="247.74" x="34.29" y="121.99"/>
        <vehicle id="cfm_slow_1" eclass="HBEFA3/PC_G_EU4" CO2="36369.35" CO="905.76" HC="5.06" NOx="16.09" PMx="1.02" fuel="15.63" electricity="0.00" noise="86.11" route="routetop" type="cfm_slow" waiting="0.00" lane="left_0" pos="4.84" speed="44.78" angle="175.80" x="-0.89" y="53.74"/>
        <vehicle id="cfm_slow_2" eclass="HBEFA3/PC_G_EU4" CO2="36369.35" CO="905.76" HC="5.06" NOx="16.09" PMx="1.02" fuel="15.63" electricity="0.00" noise="86.11" route="routetop" type="cfm_slow" waiting="0.00" lane="left_0" pos="44.84" speed="44.78" angle="103.83" x="53.10" y="-0.79"/>
        <vehicle id="cfm_slow_3" eclass="HBEFA3/PC_G_EU4" CO2="36369.35" CO="905.76" HC="5.06" NOx="16.09" PMx="1.02" fuel="15.63" electricity="0.00" noise="86.11" route="routebottom" type="cfm_slow" waiting="0.00" lane="bottom_0" pos="34.84" speed="44.78" angle="31.85" x="121.70" y="33.71"/>
        <vehicle id="cfm_slow_4" eclass="HBEFA3/PC_G_EU4" CO2="36369.35" CO="905.76" HC="5.06" NOx="16.09" PMx="1.02" fuel="15.63" electricity="0.00" noise="86.11" route="routebottom" type="cfm_slow" waiting="0.00" lane="right_0" pos="24.84" speed="44.78" angle="319.82" x="110.06" y="109.61"/>
    </timestep>
    <timestep time="3.90">
        <vehicle id="cfm_slow_0" eclass="HBEFA3/PC_G_EU4" CO2="36175.09" CO="902.16" HC="5.04" NOx="16.00" PMx="1.02" fuel="15.55" electricity="0.00" noise="86.05" route="routetop" type="cfm_slow" waiting="0.00" lane="top_0" pos="15.29" speed="44.80" angle="246.93" x="33.47" y="121.58"/>
        <vehicle id="cfm_slow_1" eclass="HBEFA3/PC_G_EU4" CO2="36175.09" CO="902.16" HC="5.04" NOx="16.00" PMx="1.02" fuel="15.55" electricity="0.00" noise="86.05" route="routetop" type="cfm_slow" waiting="0.00" lane="left_0" pos="5.29" speed="44.80" angle="174.99" x="-0.74" y="52.83"/>
        <vehicle id="cfm_slow_2" eclass="HBEFA3/PC_G_EU4" CO2="36175.09" CO="902.16" HC="5.04" NOx="16.00" PMx="1.02" fuel="15.55" electricity="0.00" noise="86.05" route="routetop" type="cfm_slow" waiting="0.00" lane="left_0" pos="45.29" speed="44.80" angle="103.04" x="54.01" y="-0.93"/>
        <vehicle id="cfm_slow_3" eclass="HBEFA3/PC_G_EU4" CO2="36175.09" CO="902.16" HC="5.04" NOx="16.00" PMx="1.02" fuel="15.55" electricity="0.00" noise="86.05" route="routebottom" type="cfm_slow" waiting="0.00" lane="bottom_0" pos="35.29" speed="44.80" angle="31.02" x="122.11" y="34.53"/>
        <vehicle id="cfm_slow_4" eclass="HBEFA3/PC_G_EU4" CO2="36175.09" CO="902.16" HC="5.04" NOx="16.00" PMx="1.02" fuel="15.55" electricity="0.00" noise="86.05" route="routebottom" type="cfm_slow" waiting="0.00" lane="right_0" pos="25.29" speed="44.80" angle="319.00" x="109.42" y="110.25"/>
    </timestep>
    <timestep time="3.91">
        <vehicle id="cfm_slow_0" eclass="HBEFA3/PC_G_EU4" CO2="35982.41" CO="898.59" HC="5.02" NOx="15.91" PMx="1.01" fuel="15.47" electricity="0.00" noise="85.99" route="routetop" type="cfm_slow" waiting="0.00" lane="top_0" pos="15.74" speed="44.82" angle="246.17" x="32.66" y="121.14"/>
        <vehicle id="cfm_slow_1" eclass="HBEFA3/PC_G_EU4" CO2="35982.41" CO="898.59" HC="5.02" NOx="15.91" PMx="1.01" fuel="15.47" electricity="0.00" noise="85.99" route="routetop" type="cfm_slow" waiting="0.00" lane="left_0" pos="5.74" speed="44.82" angle="174.15" x="-0.58" y="51.93"/>
        <vehicle id="cfm_slow_2" eclass="HBEFA3/PC_G_EU4" CO2="35982.41" CO="898.59" HC="5.02" NOx="15.91" PMx="1.01" fuel="15.47" electricity="0.00" noise="85.99" route="routetop" type="cfm_slow" waiting="0.00" lane="left_0" pos="45.74" speed="44.82" angle="102.21" x="54.92" y="-1.06"/>
        <vehicle id="cfm_slow_3" eclass="HBEFA3/PC_G_EU4" CO2="35982.41" CO="898.59" HC="5.02" NOx="15.91" PMx="1.01" fuel="15.47" electricity="0.00" noise="85.99" route="routebottom" type="cfm_slow" waiting="0.00" lane="bottom_0" pos="35.74" speed="44.82" angle="30.18" x="122.52" y="35.36"/>
        <vehicle id="cfm_slow_4" eclass="HBEFA3/PC_G_EU4" CO2="35982.41" CO="898.59" HC="5.02" NOx="15.91" PMx="1.01" fuel="15.47" electricity="0.00" noise="85.99" route="routebottom" type="cfm_slow" waiting="0.00" lane="right_0" pos="25.74" speed="44.82" angle="318.24" x="108.76" y="110.90"/>
    </timestep>
    <timestep time="3.92">
        <vehicle id="cfm_slow_0" eclass="HBEFA3/PC_G_EU4" CO2="35791.30" CO="895.04" HC="5.00" NOx="15.82" PMx="1.01" fuel="15.39" electricity="0.00" noise="85.93" route="routetop" type="cfm_slow" waiting="0.00" lane="top_0" pos="16.19" speed="44.84" angle="245.37" x="31.86" y="120.69"/>
        <vehicle id="cfm_slow_1" eclass="HBEFA3/PC_G_EU4" CO2="35791.30" CO="895.04" HC="5.00" NOx="15.82" PMx="1.01" fuel="15.39" electricity="0.00" noise="85.93" route="routetop" type="cfm_slow" waiting="0.00" lane="left_0" pos="6.19" speed="44.84" angle="173.31" x="-0.41" y="51.03"/>
        <vehicle id="cfm_slow_2" eclass="HBEFA3/PC_G_EU4" CO2="35791.30" CO="895.04" HC="5.00" NOx="15.82" PMx="1.01" fuel="15.39" electricity="0.00" noise="85.93" route="routetop" type="cfm_slow" waiting="0.00" lane="left_0" pos="46.19" speed="44.84" angle="101.45" x="55.83" y="-1.18"/>
        <vehicle id="cfm_slow_3" eclass="HBEFA3/PC_G_EU4" CO2="35791.30" CO="895.04" HC="5.00" NOx="15.82" PMx="1.01" fuel="15.39" electricity="0.00" noise="85.93" route="routebottom" type="cfm_slow" waiting="0.00" lane="bottom_0" pos="36.19" speed="44.84" angle="29.39" x="122.91" y="36.19"/>
        <vehicle id="cfm_slow_4" eclass="HBEFA3/PC_G_EU4" CO2="35791.30" CO="895.04" HC="5.00" NOx="15.82" PMx="1.01" fuel="15.39" electricity="0.00" noise="85.93" route="routebottom" type="cfm_slow" waiting="0.00" lane="right_0" pos="26.19" speed="44.84" angle="317.42" x="108.09" y="111.52"/>
    </timestep>
    <timestep time="3.93">
        <vehicle id="cfm_slow_0" eclass="HBEFA3/PC_G_EU4" CO2="35601.75" CO="891.53" HC="4.98" NOx="15.73" PMx="1.00" fuel="15.30" electricity="0.00" noise="85.87" route="routetop" type="cfm_slow" waiting="0.00" lane="top_0" pos="16.63" speed="44.86" angle="244.59" x="31.06" y="120.25"/>
        <vehicle id="cfm_slow_1" eclass="HBEFA3/PC_G_EU4" CO2="35601.75" CO="891.53" HC="4.98" NOx="15.73" PMx="1.00" fuel="15.30" electricity="0.00" noise="85.87" route="routetop" type="cfm_slow" waiting="0.00" lane="left_0" pos="6.63" speed="44.86" angle="172.53" x="-0.22" y="50.13"/>
        <vehicle id="cfm_slow_2" eclass="HBEFA3/PC_G_EU4" CO2="35601.75" CO="891.53" HC="4.98" NOx="15.73" PMx="1.00" fuel="15.30" electricity="0.00" noise="85.87" route="routetop" type="cfm_slow" waiting="0.00" lane="left_0" pos="46.63" speed="44.86" angle="100.62" x="56.74" y="-1.27"/>
        <vehicle id="cfm_slow_3" eclass="HBEFA3/PC_G_EU4" CO2="35601.75" CO="891.53" HC="4.98" NOx="15.73" PMx="1.00" fuel="15.30" electricity="0.00" noise="85.87" route="routebottom" type="cfm_slow" waiting="0.00" lane="bottom_0" pos="36.63" speed="44.86" angle="28.54" x="123.28" y="37.03"/>
        <vehicle id="cfm_slow_4" eclass="HBEFA3/PC_G_EU4" CO2="35601.75" CO="891.53" HC="4.98" NOx="15.73" PMx="1.00" fuel="15.30" electricity="0.00" noise="85.87" route="routebottom" type="cfm_slow" waiting="0.00" lane="right_0" pos="26.63" speed="44.86" angle="316.61" x="107.41" y="112.15"/>
    </timestep>
    <timestep time="3.94">
        <vehicle id="cfm_slow_0" eclass="HBEFA3/PC_G_EU4" CO2="35413.74" CO="888.05" HC="4.96" NOx="15.64" PMx="1.00" fuel="15.22" electricity="0.00" noise="85.82" route="routetop" type="cfm_slow" waiting="0.00" lane="top_0" pos="17.08" speed="44.88" angle="243.78" x="30.27" y="119.77"/>
        <vehicle id="cfm_slow_1" eclass="HBEFA3/PC_G_EU4" CO2="35413.74" CO="888.05" HC="4.96" NOx="15.64" PMx="1.00" fuel="15.22" electricity="0.00" noise="85.82" route="routetop" type="cfm_slow" waiting="0.00" lane="left_0" pos="7.08" speed="44.88" angle="171.70" x="-0.02" y="49.23"/>
        <vehicle id="cfm_slow_2" eclass="HBEFA3/PC_G_EU4" CO2="35413.74" CO="888.05" HC="4.96" NOx="15.64" PMx="1.00" fuel="15.22" electricity="0.00" noise="85.82" route="routetop" type="cfm_slow" waiting="0.00" lane="left_0" pos="47.08" speed="44.88" angle="99.78" x="57.66" y="-1.37"/>
        <vehicle id="cfm_slow_3" eclass="HBEFA3/PC_G_EU4" CO2="35413.74" CO="888.05" HC="4.96" NOx="15.64" PMx="1.00" fuel="15.22" electricity="0.00" noise="85.82" route="routebottom" type="cfm_slow" waiting="0.00" lane="bottom_0" pos="37.08" speed="44.88" angle="27.69" x="123.66" y="37.87"/>
        <vehicle id="cfm_slow_4" eclass="HBEFA3/PC_G_EU4" CO2="35413.74" CO="888.05" HC="4.96" NOx="15.64" PMx="1.00" fuel="15.22" electricity="0.00" noise="85.82" route="routebottom" type="cfm_slow" waiting="0.00" lane="right_0" pos="27.08" speed="44.88" angle="315.82" x="106.73" y="112.76"/>
    </timestep>
    <timestep time="3.95">
        <vehicle id="cfm_slow_0" eclass="HBEFA3/PC_G_EU4" CO2="35227.27" CO="884.59" HC="4.94" NOx="15.55" PMx="0.99" fuel="15.14" electricity="0.00" noise="85.76" route="routetop" type="cfm_slow" waiting="0.00" lane="top_0" pos="17.53" speed="44.89" angle="242.96" x="29.47" y="119.30"/>
        <vehicle id="cfm_slow_1" eclass="HBEFA3/PC_G_EU4" CO2="35227.27" CO="884.59" HC="4.94" NOx="15.55" PMx="0.99" fuel="15.14" electricity="0.00" noise="85.76" route="routetop" type="cfm_slow" waiting="0.00" lane="left_0" pos="7.53" speed="44.89" angle="170.88" x="0.18" y="48.33"/>
        <vehicle id="cfm_slow_2" eclass="HBEFA3/PC_G_EU4" CO2="35227.27" CO="884.59" HC="4.94" NOx="15.55" PMx="0.99" fuel="15.14" electricity="0.00" noise="85.76" route="routetop" type="cfm_slow" waiting="0.00" lane="left_0" pos="47.53" speed="44.89" angle="99.00" x="58.58" y="-1.45"/>
        <vehicle id="cfm_slow_3" eclass="HBEFA3/PC_G_EU4" CO2="35227.27" CO="884.59" HC="4.94" NOx="15.55" PMx="0.99" fuel="15.14" electricity="0.00" noise="85.76" route="routebottom" type="cfm_slow" waiting="0.00" lane="bottom_0" pos="37.53" speed="44.89" angle="26.92" x="124.01" y="38.72"/>
        <vehicle id="cfm_slow_4" eclass="HBEFA3/PC_G_EU4" CO2="35227.27" CO="884.59" HC="4.94" NOx="15.55" PMx="0.99" fuel="15.14" electricity="0.00" noise="85.76" route="routebottom" type="cfm_slow" waiting="0.00" lane="right_0" pos="27.53" speed="44.89" angle="314.94" x="106.02" y="113.36"/>
    </timestep>
    <timestep time="3.96">
        <vehicle id="cfm_slow_0" eclass="HBEFA3/PC_G_EU4" CO2="35042.33" CO="881.16" HC="4.92" NOx="15.46" PMx="0.99" fuel="15.06" electricity="0.00" noise="85.70" route="routetop" type="cfm_slow" waiting="0.00" lane="top_0" pos="17.98" speed="44.91" angle="242.20" x="28.69" y="118.83"/>
        <vehicle id="cfm_slow_1" eclass="HBEFA3/PC_G_EU4" CO2="35042.33" CO="881.16" HC="4.92" NOx="15.46" PMx="0.99" fuel="15.06" electricity="0.00" noise="85.70" route="routetop" type="cfm_slow" waiting="0.00" lane="left_0" pos="7.98" speed="44.91" angle="170.10" x="0.41" y="47.44"/>
        <vehicle id="cfm_slow_2" eclass="HBEFA3/PC_G_EU4" CO2="35042.33" CO="881.16" HC="4.92" NOx="15.46" PMx="0.99" fuel="15.06" electricity="0.00" noise="85.70" route="routetop" type="cfm_slow" waiting="0.00" lane="left_0" pos="47.98" speed="44.91" angle="98.18" x="59.49" y="-1.51"/>
        <vehicle id="cfm_slow_3" eclass="HBEFA3/PC_G_EU4" CO2="35042.33" CO="881.16" HC="4.92" NOx="15.46" PMx="0.99" fuel="15.06" electricity="0.00" noise="85.70" route="routebottom" type="cfm_slow" waiting="0.00" lane="bottom_0" pos="37.98" speed="44.91" angle="26.10" x="124.35" y="39.58"/>
        <vehicle id="cfm_slow_4" eclass="HBEFA3/PC_G_EU4" CO2="35042.33" CO="881.16" HC="4.92" NOx="15.46" PMx="0.99" fuel="15.06" electricity="0.00" noise="85.70" route="routebottom" type="cfm_slow" waiting="0.00" lane="right_0" pos="27.98" speed="44.91" angle="314.05" x="105.32" y="113.95"/>
    </timestep>
    <timestep time="3.97">
        <vehicle id="cfm_slow_0" eclass="HBEFA3/PC_G_EU4" CO2="34858.90" CO="877.76" HC="4.90" NOx="15.38" PMx="0.98" fuel="14.98" electricity="0.00" noise="85.65" route="routetop" type="cfm_slow" waiting="0.00" lane="top_0" pos="18.43" speed="44.93" angle="241.34" x="27.92" y="118.32"/>
        <vehicle id="cfm_slow_1" eclass="HBEFA3/PC_G_EU4" CO2="34858.90" CO="877.76" HC="4.90" NOx="15.38" PMx="0.98" fuel="14.98" electricity="0.00" noise="85.65" route="routetop" type="cfm_slow" waiting="0.00" lane="left_0" pos="8.43" speed="44.93" angle="169.26" x="0.65" y="46.55"/>
        <vehicle id="cfm_slow_2" eclass="HBEFA3/PC_G_EU4" CO2="34858.90" CO="877.76" HC="4.90" NOx="15.38" PMx="0.98" fuel="14.98" electricity="0.00" noise="85.65" route="routetop" type="cfm_slow" waiting="0.00" lane="left_0" pos="48.43" speed="44.93" angle="97.35" x="60.41" y="-1.56"/>
        <vehicle id="cfm_slow_3" eclass="HBEFA3/PC_G_EU4" CO2="34858.90" CO="877.76" HC="4.90" NOx="15.38" PMx="0.98" fuel="14.98" electricity="0.00" noise="85.65" route="routebottom" type="cfm_slow" waiting="0.00" lane="bottom_0" pos="38.43" speed="44.93" angle="25.31" x="124.69" y="40.43"/>
        <vehicle id="cfm_slow_4" eclass="HBEFA3/PC_G_EU4" CO2="34858.90" CO="877.76" HC="4.90" NOx="15.38" PMx="0.98" fuel="14.98" electricity="0.00" noise="85.65" route="routebottom" type="cfm_slow" waiting="0.00" lane="right_0" pos="28.43" speed="44.93" angle="313.27" x="104.60" y="114.53"/>
    </timestep>
    <timestep time="3.98">
        <vehicle id="cfm_slow_0" eclass="HBEFA3/PC_G_EU4" CO2="34676.97" CO="874.39" HC="4.88" NOx="15.29" PMx="0.98" fuel="14.91" electricity="0.00" noise="85.59" route="routetop" type="cfm_slow" waiting="0.00" lane="top_0" pos="18.88" speed="44.95" angle="240.48" x="27.15" y="117.81"/>
        <vehicle id="cfm_slow_1" eclass="HBEFA3/PC_G_EU4" CO2="34676.97" CO="874.39" HC="4.88" NOx="15.29" PMx="0.98" fuel="14.91" electricity="0.00" noise="85.59" route="routetop" type="cfm_slow" waiting="0.00" lane="left_0" pos="8.88" speed="44.95" angle="168.45" x="0.88" y="45.66"/>
        <vehicle id="cfm_slow_2" eclass="HBEFA3/PC_G_EU4" CO2="34676.97" CO="874.39" HC="4.88" NOx="15.29" PMx="0.98" fuel="14.91" electricity="0.00" noise="85.59" route="routetop" type="cfm_slow" waiting="0.00" lane="left_0" pos="48.88" speed="44.95" angle="96.57" x="61.33" y="-1.61"/>
        <vehicle id="cfm_slow_3" eclass="HBEFA3/PC_G_EU4" CO2="34676.97" CO="874.39" HC="4.88" NOx="15.29" PMx="0.98" fuel="14.91" electricity="0.00" noise="85.59" route="routebottom" type="cfm_slow" waiting="0.00" lane="bottom_0" pos="38.88" speed="44.95" angle="24.51" x="125.01" y="41.30"/>
        <vehicle id="cfm_slow_4" eclass="HBEFA3/PC_G_EU4" CO2="34676.97" CO="874.39" HC="4.88" NOx="15.29" PMx="0.98" fuel="14.91" electricity="0.00" noise="85.59" route="routebottom" type="cfm_slow" waiting="0.00" lane="right_0" pos="28.88" speed="44.95" angle="312.45" x="103.88" y="115.10"/>
    </timestep>
    <timestep time="3.99">
        <vehicle id="cfm_slow_0" eclass="HBEFA3/PC_G_EU4" CO2="34496.53" CO="871.05" HC="4.86" NOx="15.21" PMx="0.97" fuel="14.83" electricity="0.00" noise="85.54" route="routetop" type="cfm_slow" waiting="0.00" lane="top_0" pos="19.33" speed="44.97" angle="239.69" x="26.39" y="117.29"/>
        <vehicle id="cfm_slow_1" eclass="HBEFA3/PC_G_EU4" CO2="34496.53" CO="871.05" HC="4.86" NOx="15.21" PMx="0.97" fuel="14.83" electricity="0.00" noise="85.54" route="routetop" type="cfm_slow" waiting="0.00" lane="left_0" pos="9.33" speed="44.97" angle="167.66" x="1.15" y="44.78"/>
        <vehicle id="cfm_slow_2" eclass="HBEFA3/PC_G_EU4" CO2="34496.53" CO="871.05" HC="4.86" NOx="15.21" PMx="0.97" fuel="14.83" electricity="0.00" noise="85.54" route="routetop" type="cfm_slow" waiting="0.00" lane="left_0" pos="49.33" speed="44.97" angle="95.73" x="62.26" y="-1.62"/>
        <vehicle id="cfm_slow_3" eclass="HBEFA3/PC_G_EU4" CO2="34496.53" CO="871.05" HC="4.86" NOx="15.21" PMx="0.97" fuel="14.83" electricity="0.00" noise="85.54" route="routebottom" type="cfm_slow" waiting="0.00" lane="bottom_0" pos="39.33" speed="44.97" angle="23.71" x="125.32" y="42.16"/>
        <vehicle id="cfm_slow_4" eclass="HBEFA3/PC_G_EU4" CO2="34496.53" CO="871.05" HC="4.86" NOx="15.21" PMx="0.97" fuel="14.83" electricity="0.00" noise="85.54" route="routebottom" type="cfm_slow" waiting="0.00" lane="right_0" pos="29.33" speed="44.97" angle="311.64" x="103.15" y="115.67"/>
    </timestep>
    <timestep time="4.00">
        <vehicle id="cfm_slow_0" eclass="HBEFA3/PC_G_EU4" CO2="34317.58" CO="867.73" HC="4.84" NOx="15.12" PMx="0.97" fuel="14.75" electricity="0.00" noise="85.49" route="routetop" type="cfm_slow" waiting="0.00" lane="top_0" pos="19.78" speed="44.99" angle="238.85" x="25.64" y="116.75"/>
        <vehicle id="cfm_slow_1" eclass="HBEFA3/PC_G_EU4" CO2="34317.58" CO="867.73" HC="4.84" NOx="15.12" PMx="0.97" fuel="14.75" electricity="0.00" noise="85.49" route="routetop" type="cfm_slow" waiting="0.00" lane="left_0" pos="9.78" speed="44.99" angle="166.84" x="1.43" y="43.89"/>
        <vehicle id="cfm_slow_2" eclass="HBEFA3/PC_G_EU4" CO2="34317.58" CO="867.73" HC="4.84" NOx="15.12" PMx="0.97" fuel="14.75" electricity="0.00" noise="85.49" route="routetop" type="cfm_slow" waiting="0.00" lane="left_0" pos="49.78" speed="44.99" angle="94.88" x="63.18" y="-1.64"/>
        <vehicle id="cfm_slow_3" eclass="HBEFA3/PC_G_EU4" CO2="34317.58" CO="867.73" HC="4.84" NOx="15.12" PMx="0.97" fuel="14.75" electricity="0.00" noise="85.49" route="routebottom" type="cfm_slow" waiting="0.00" lane="bottom_0" pos="39.78" speed="44.99" angle="22.96" x="125.64" y="43.03"/>
        <vehicle id="cfm_slow_4" eclass="HBEFA3/PC_G_EU4" CO2="34317.58" CO="867.73" HC="4.84" NOx="15.12" PMx="0.97" fuel="14.75" electricity="0.00" noise="85.49" route="routebottom" type="cfm_slow" waiting="0.00" lane="right_0" pos="29.78" speed="44.99" angle="310.87" x="102.41" y="116.22"/>
    </timestep>
    <timestep time="4.01">
        <vehicle id="cfm_slow_0" eclass="HBEFA3/PC_G_EU4" CO2="34140.10" CO="864.44" HC="4.82" NOx="15.04" PMx="0.97" fuel="14.68" electricity="0.00" noise="85.43" route="routetop" type="cfm_slow" waiting="0.00" lane="top_0" pos="20.23" speed="45.01" angle="238.02" x="24.89" y="116.21"/>
        <vehicle id="cfm_slow_1" eclass="HBEFA3/PC_G_EU4" CO2="34140.10" CO="864.44" HC="4.82" NOx="15.04" PMx="0.97" fuel="14.68" electricity="0.00" noise="85.43" route="routetop" type="cfm_slow" waiting="0.00" lane="left_0" pos="10.23" speed="45.01" angle="166.07" x="1.70" y="43.01"/>
        <vehicle id="cfm_slow_2" eclass="HBEFA3/PC_G_EU4" CO2="34140.10" CO="864.44" HC="4.82" NOx="15.04" PMx="0.97" fuel="14.68" electricity="0.00" noise="85.43" route="routebottom" type="cfm_slow" waiting="0.00" lane="bottom_0" pos="0.23" speed="45.01" angle="94.07" x="64.16" y="-1.64"/>
        <vehicle id="cfm_slow_3" eclass="HBEFA3/PC_G_EU4" CO2="34140.10" CO="864.44" HC="4.82" NOx="15.04" PMx="0.97" fuel="14.68" electricity="0.00" noise="85.43" route="routebottom" type="cfm_slow" waiting="0.00" lane="bottom_0" pos="40.23" speed="45.01" angle="22.13" x="125.91" y="43.91"/>
        <vehicle id="cfm_slow_4" eclass="HBEFA3/PC_G_EU4" CO2="34140.10" CO="864.44" HC="4.82" NOx="15.04" PMx="0.97" fuel="14.68" electricity="0.00" noise="85.43" route="routebottom" type="cfm_slow" waiting="0.00" lane="right_0" pos="30.23" speed="45.01" angle="310.05" x="101.66" y="116.76"/>
    </timestep>
    <timestep time="4.02">
        <vehicle id="cfm_slow_0" eclass="HBEFA3/PC_G_EU4" CO2="33964.07" CO="861.18" HC="4.80" NOx="14.95" PMx="0.96" fuel="14.60" electricity="0.00" noise="85.38" route="routetop" type="cfm_slow" waiting="0.00" lane="top_0" pos="20.68" speed="45.02" angle="237.25" x="24.15" y="115.65"/>
        <vehicle id="cfm_slow_1" eclass="HBEFA3/PC_G_EU4" CO2="33964.07" CO="861.18" HC="4.80" NOx="14.95" PMx="0.96" fuel="14.60" electricity="0.00" noise="85.38" route="routetop" type="cfm_slow" waiting="0.00" lane="left_0" pos="10.68" speed="45.02" angle="165.24" x="2.01" y="42.14"/>
        <vehicle id="cfm_slow_2" eclass="HBEFA3/PC_G_EU4" CO2="33964.07" CO="861.18" HC="4.80" NOx="14.95" PMx="0.96" fuel="14.60" electricity="0.00" noise="85.38" route="routebottom" type="cfm_slow" waiting="0.00" lane="bottom_0" pos="0.68" speed="45.02" angle="93.25" x="65.08" y="-1.62"/>
        <vehicle id="cfm_slow_3" eclass="HBEFA3/PC_G_EU4" CO2="33964.07" CO="861.18" HC="4.80" NOx="14.95" PMx="0.96" fuel="14.60" electricity="0.00" noise="85.38" route="routebottom" type="cfm_slow" waiting="0.00" lane="bottom_0" pos="40.68" speed="45.02" angle="21.29" x="126.18" y="44.79"/>
        <vehicle id="cfm_slow_4" eclass="HBEFA3/PC_G_EU4" CO2="33964.07" CO="861.18" HC="4.80" NOx="14.95" PMx="0.96" fuel="14.60" electricity="0.00" noise="85.38" route="routebottom" type="cfm_slow" waiting="0.00" lane="right_0" pos="30.68" speed="45.02" angle="309.24" x="100.91" y="117.30"/>
    </timestep>
    <timestep time="4.03">
        <vehicle id="cfm_slow_0" eclass="HBEFA3/PC_G_EU4" CO2="33789.50" CO="857.94" HC="4.78" NOx="14.87" PMx="0.96" fuel="14.52" electricity="0.00" noise="85.33" route="routetop" type="cfm_slow" waiting="0.00" lane="top_0" pos="21.13" speed="45.04" angle="236.43" x="23.43" y="115.08"/>
        <vehicle id="cfm_slow_1" eclass="HBEFA3/PC_G_EU4" CO2="33789.50" CO="857.94" HC="4.78" NOx="14.87" PMx="0.96" fuel="14.52" electricity="0.00" noise="85.33" route="routetop" type="cfm_slow" waiting="0.00" lane="left_0" pos="11.13" speed="45.04" angle="164.40" x="2.32" y="41.28"/>
        <vehicle id="cfm_slow_2" eclass="HBEFA3/PC_G_EU4" CO2="33789.50" CO="857.94" HC="4.78" NOx="14.87" PMx="0.96" fuel="14.52" electricity="0.00" noise="85.33" route="routebottom" type="cfm_slow" waiting="0.00" lane="bottom_0" pos="1.13" speed="45.04" angle="92.43" x="66.01" y="-1.61"/>
        <vehicle id="cfm_slow_3" eclass="HBEFA3/PC_G_EU4" CO2="33789.50" CO="857.94" HC="4.78" NOx="14.87" PMx="0.96" fuel="14.52" electricity="0.00" noise="85.33" route="routebottom" type="cfm_slow" waiting="0.00" lane="bottom_0" pos="41.13" speed="45.04" angle="20.51" x="126.45" y="45.68"/>
        <vehicle id="cfm_slow_4" eclass="HBEFA3/PC_G_EU4" CO2="33789.50" CO="857.94" HC="4.78" NOx="14.87" PMx="0.96" fuel="14.52" electricity="0.00" noise="85.33" route="routebottom" type="cfm_slow" waiting="0.00" lane="right_0" pos="31.13" speed="45.04" angle="308.46" x="100.15" y="117.82"/>
    </timestep>
    <timestep time="4.04">
        <vehicle id="cfm_slow_0" eclass="HBEFA3/PC_G_EU4" CO2="33616.37" CO="854.73" HC="4.76" NOx="14.79" PMx="0.95" fuel="14.45" electricity="0.00" noise="85.28" route="routetop" type="cfm_slow" waiting="0.00" lane="top_0" pos="21.58" speed="45.06" angle="235.62" x="22.70" y="114.52"/>
        <vehicle id="cfm_slow_1" eclass="HBEFA3/PC_G_EU4" CO2="33616.37" CO="854.73" HC="4.76" NOx="14.79" PMx="0.95" fuel="14.45" electricity="0.00" noise="85.28" route="routetop" type="cfm_slow" waiting="0.00" lane="left_0" pos="11.58" speed="45.06" angle="163.62" x="2.64" y="40.41"/>
        <vehicle id="cfm_slow_2" eclass="HBEFA3/PC_G_EU4" CO2="33616.37" CO="854.73" HC="4.76" NOx="14.79" PMx="0.95" fuel="14.45" electricity="0.00" noise="85.28" route="routebottom" type="cfm_slow" waiting="0.00" lane="bottom_0" pos="1.58" speed="45.06" angle="91.65" x="66.93" y="-1.56"/>
        <vehicle id="cfm_slow_3" eclass="HBEFA3/PC_G_EU4" CO2="33616.37" CO="854.73" HC="4.76" NOx="14.79" PMx="0.95" fuel="14.45" electricity="0.00" noise="85.28" route="routebottom" type="cfm_slow" waiting="0.00" lane="bottom_0" pos="41.58" speed="45.06" angle="19.67" x="126.69" y="46.57"/>
        <vehicle id="cfm_slow_4" eclass="HBEFA3/PC_G_EU4" CO2="33616.37" CO="854.73" HC="4.76" NOx="14.79" PMx="0.95" fuel="14.45" electricity="0.00" noise="85.28" route="routebottom" type="cfm_slow" waiting="0.00" lane="right_0" pos="31.58" speed="45.06" angle="307.63" x="99.38" y="118.33"/>
    </timestep>
    <timestep time="4.05">
        <vehicle id="cfm_slow_0" eclass="HBEFA3/PC_G_EU4" CO2="33444.67" CO="851.55" HC="4.74" NOx="14.71" PMx="0.95" fuel="14.38" electricity="0.00" noise="85.23" route="routetop" type="cfm_slow" waiting="0.00" lane="top_0" pos="22.03" speed="45.08" angle="234.84" x="21.98" y="113.93"/>
        <vehicle id="cfm_slow_1" eclass="HBEFA3/PC_G_EU4" CO2="33444.67" CO="851.55" HC="4.74" NOx="14.71" PMx="0.95" fuel="14.38" electricity="0.00" noise="85.23" route="routetop" type="cfm_slow" waiting="0.00" lane="left_0" pos="12.03" speed="45.08" angle="162.81" x="2.98" y="39.55"/>
        <vehicle id="cfm_slow_2" eclass="HBEFA3/PC_G_EU4" CO2="33444.67" CO="851.55" HC="4.74" NOx="14.71" PMx="0.95" fuel="14.38" electricity="0.00" noise="85.23" route="routebottom" type="cfm_slow" waiting="0.00" lane="bottom_0" pos="2.03" speed="45.08" angle="90.83" x="67.85" y="-1.50"/>
        <vehicle id="cfm_slow_3" eclass="HBEFA3/PC_G_EU4" CO2="33444.67" CO="851.55" HC="4.74" NOx="14.71" PMx="0.95" fuel="14.38" electricity="0.00" noise="85.23" route="routebottom" type="cfm_slow" waiting="0.00" lane="bottom_0" pos="42.03" speed="45.08" angle="18.83" x="126.92" y="47.46"/>
        <vehicle id="cfm_slow_4" eclass="HBEFA3/PC_G_EU4" CO2="33444.67" CO="851.55" HC="4.74" NOx="14.71" PMx="0.95" fuel="14.38" electricity="0.00" noise="85.23" route="routebottom" type="cfm_slow" waiting="0.00" lane="right_0" pos="32.03" speed="45.08" angle="306.87" x="98.61" y="118.84"/>
    </timestep>
    <timestep time="4.06">
        <vehicle id="cfm_slow_0" eclass="HBEFA3/PC_G_EU4" CO2="33274.39" CO="848.39" HC="4.72" NOx="14.63" PMx="0.94" fuel="14.30" electricity="0.00" noise="85.18" route="routetop" type="cfm_slow" waiting="0.00" lane="top_0" pos="22.48" speed="45.10" angle="233.99" x="21.28" y="113.33"/>
        <vehicle id="cfm_slow_1" eclass="HBEFA3/PC_G_EU4" CO2="33274.39" CO="848.39" HC="4.72" NOx="14.63" PMx="0.94" fuel="14.30" electricity="0.00" noise="85.18" route="routetop" type="cfm_slow" waiting="0.00" lane="left_0" pos="12.48" speed="45.10" angle="162.00" x="3.32" y="38.69"/>
        <vehicle id="cfm_slow_2" eclass="HBEFA3/PC_G_EU4" CO2="33274.39" CO="848.39" HC="4.72" NOx="14.63" PMx="0.94" fuel="14.30" electricity="0.00" noise="85.18" route="routebottom" type="cfm_slow" waiting="0.00" lane="bottom_0" pos="2.48" speed="45.10" angle="90.02" x="68.78" y="-1.45"/>
        <vehicle id="cfm_slow_3" eclass="HBEFA3/PC_G_EU4" CO2="33274.39" CO="848.39" HC="4.72" NOx="14.63" PMx="0.94" fuel="14.30" electricity="0.00" noise="85.18" route="routebottom" type="cfm_slow" waiting="0.00" lane="bottom_0" pos="42.48" speed="45.10" angle="18.06" x="127.15" y="48.36"/>
        <vehicle id="cfm_slow_4" eclass="HBEFA3/PC_G_EU4" CO2="33274.39" CO="848.39" HC="4.72" NOx="14.63" PMx="0.94" fuel="14.30" electricity="0.00" noise="85.18" route="routebottom" type="cfm_slow" waiting="0.00" lane="right_0" pos="32.48" speed="45.10" angle="306.06" x="97.82" y="119.32"/>
    </timestep>
    <timestep time="4.07">
        <vehicle id="cfm_slow_0" eclass="HBEFA3/PC_G_EU4" CO2="33105.51" CO="845.26" HC="4.70" NOx="14.55" PMx="0.94" fuel="14.23" electricity="0.00" noise="85.13" route="routetop" type="cfm_slow" waiting="0.00" lane="top_0" pos="22.93" speed="45.11" angle="233.15" x="20.57" y="112.74"/>
        <vehicle id="cfm_slow_1" eclass="HBEFA3/PC_G_EU4" CO2="33105.51" CO="845.26" HC="4.70" NOx="14.55" PMx="0.94" fuel="14.23" electricity="0.00" noise="85.13" route="routetop" type="cfm_slow" waiting="0.00" lane="left_0" pos="12.93" speed="45.11" angle="161.25" x="3.68" y="37.83"/>
        <vehicle id="cfm_slow_2" eclass="HBEFA3/PC_G_EU4" CO2="33105.51" CO="845.26" HC="4.70" NOx="14.55" PMx="0.94" fuel="14.23" electricity="0.00" noise="85.13" route="routebottom" type="cfm_slow" waiting="0.00" lane="bottom_0" pos="2.93" speed="45.11" angle="89.23" x="69.70" y="-1.36"/>
        <vehicle id="cfm_slow_3" eclass="HBEFA3/PC_G_EU4" CO2="33105.51" CO="845.26" HC="4.70" NOx="14.55" PMx="0.94" fuel="14.23" electricity="0.00" noise="85.13" route="routebottom" type="cfm_slow" waiting="0.00" lane="bottom_0" pos="42.93" speed="45.11" angle="17.27" x="127.35" y="49.26"/>
        <vehicle id="cfm_slow_4" eclass="HBEFA3/PC_G_EU4" CO2="33105.51" CO="845.26" HC="4.70" NOx="14.55" PMx="0.94" fuel="14.23" electricity="0.00" noise="85.13" route="routebottom" type="cfm_slow" waiting="0.00" lane="right_0" pos="32.93" speed="45.11" angle="305.24" x="97.03" y="119.80"/>
    </timestep>
    <timestep time="4.08">
        <vehicle id="cfm_slow_0" eclass="HBEFA3/PC_G_EU4" CO2="32938.04" CO="842.16" HC="4.69" NOx="14.47" PMx="0.93" fuel="14.16" electricity="0.00" noise="85.08" route="routetop" type="cfm_slow" waiting="0.00" lane="top_0" pos="23.39" speed="45.13" angle="232.39" x="19.88" y="112.12"/>
        <vehicle id="cfm_slow_1" eclass="HBEFA3/PC_G_EU4" CO2="32938.04" CO="842.16" HC="4.69" NOx="14.47" PMx="0.93" fuel="14.16" electricity="0.00" noise="85.08" route="routetop" type="cfm_slow" waiting="0.00" lane="left_0" pos="13.39" speed="45.13" angle="160.42" x="4.05" y="36.99"/>
        <vehicle id="cfm_slow_2" eclass="HBEFA3/PC_G_EU4" CO2="32938.04" CO="842.16" HC="4.69" NOx="14.47" PMx="0.93" fuel="14.16" electricity="0.00" noise="85.08" route="routebottom" type="cfm_slow" waiting="0.00" lane="bottom_0" pos="3.39" speed="45.13" angle="88.41" x="70.62" y="-1.27"/>
        <vehicle id="cfm_slow_3" eclass="HBEFA3/PC_G_EU4" CO2="32938.04" CO="842.16" HC="4.69" NOx="14.47" PMx="0.93" fuel="14.16" electricity="0.00" noise="85.08" route="routebottom" type="cfm_slow" waiting="0.00" lane="bottom_0" pos="43.39" speed="45.13" angle="16.48" x="127.56" y="50.17"/>
        <vehicle id="cfm_slow_4" eclass="HBEFA3/PC_G_EU4" CO2="32938.04" CO="842.16" HC="4.69" NOx="14.47" PMx="0.93" fuel="14.16" electricity="0.00" noise="85.08" route="routebottom" type="cfm_slow" waiting="0.00" lane="right_0" pos="33.39" speed="45.13" angle="304.47" x="96.23" y="120.27"/>
    </timestep>
    <timestep time="4.09">
        <vehicle id="cfm_slow_0" eclass="HBEFA3/PC_G_EU4" CO2="32771.95" CO="839.08" HC="4.67" NOx="14.39" PMx="0.93" fuel="14.09" electricity="0.00" noise="85.03" route="routetop" type="cfm_slow" waiting="0.00" lane="top_0" pos="23.84" speed="45.15" angle="231.56" x="19.20" y="111.49"/>
        <vehicle id="cfm_slow_1" eclass="HBEFA3/PC_G_EU4" CO2="32771.95" CO="839.08" HC="4.67" NOx="14.39" PMx="0.93" fuel="14.09" electricity="0.00" noise="85.03" route="routetop" type="cfm_slow" waiting="0.00" lane="left_0" pos="13.84" speed="45.15" angle="159.60" x="4.43" y="36.15"/>
        <vehicle id="cfm_slow_2" eclass="HBEFA3/PC_G_EU4" CO2="32771.95" CO="839.08" HC="4.67" NOx="14.39" PMx="0.93" fuel="14.09" electricity="0.00" noise="85.03" route="routebottom" type="cfm_slow" waiting="0.00" lane="bottom_0" pos="3.84" speed="45.15" angle="87.63" x="71.54" y="-1.18"/>
        <vehicle id="cfm_slow_3" eclass="HBEFA3/PC_G_EU4" CO2="32771.95" CO="839.08" HC="4.67" NOx="14.39" PMx="0.93" fuel="14.09" electricity="0.00" noise="85.03" route="routebottom" type="cfm_slow" waiting="0.00" lane="bottom_0" pos="43.84" speed="45.15" angle="15.69" x="127.75" y="51.07"/>
        <vehicle id="cfm_slow_4" eclass="HBEFA3/PC_G_EU4" CO2="32771.95" CO="839.08" HC="4.67" NOx="14.39" PMx="0.93" fuel="14.09" electricity="0.00" noise="85.03" route="routebottom" type="cfm_slow" waiting="0.00" lane="right_0" pos="33.84" speed="45.15" angle="303.64" x="95.42" y="120.72"/>
    </timestep>
    <timestep time="4.10">
        <vehicle id="cfm_slow_0" eclass="HBEFA3/PC_G_EU4" CO2="32607.24" CO="836.03" HC="4.65" NOx="14.31" PMx="0.93" fuel="14.02" electricity="0.00" noise="84.99" route="routetop" type="cfm_slow" waiting="0.00" lane="top_0" pos="24.29" speed="45.16" angle="230.76" x="18.53" y="110.86"/>
        <vehicle id="cfm_slow_1" eclass="HBEFA3/PC_G_EU4" CO2="32607.24" CO="836.03" HC="4.65" NOx="14.31" PMx="0.93" fuel="14.02" electricity="0.00" noise="84.99" route="routetop" type="cfm_slow" waiting="0.00" lane="left_0" pos="14.29" speed="45.16" angle="158.82" x="4.83" y="35.31"/>
        <vehicle id="cfm_slow_2" eclass="HBEFA3/PC_G_EU4" CO2="32607.24" CO="836.03" HC="4.65" NOx="14.31" PMx="0.93" fuel="14.02" electricity="0.00" noise="84.99" route="routebottom" type="cfm_slow" waiting="0.00" lane="bottom_0" pos="4.29" speed="45.16" angle="86.81" x="72.46" y="-1.05"/>
        <vehicle id="cfm_slow_3" eclass="HBEFA3/PC_G_EU4" CO2="32607.24" CO="836.03" HC="4.65" NOx="14.31" PMx="0.93" fuel="14.02" electricity="0.00" noise="84.99" route="routebottom" type="cfm_slow" waiting="0.00" lane="bottom_0" pos="44.29" speed="45.16" angle="14.81" x="127.91" y="51.98"/>
        <vehicle id="cfm_slow_4" eclass="HBEFA3/PC_G_EU4" CO2="32607.24" CO="836.03" HC="4.65" NOx="14.31" PMx="0.93" fuel="14.02" electricity="0.00" noise="84.99" route="routebottom" type="cfm_slow" waiting="0.00" lane="right_0" pos="34.29" speed="45.16" angle="302.82" x="94.61" y="121.16"/>
    </timestep>
    <timestep time="4.11">
        <vehicle id="cfm_slow_0" eclass="HBEFA3/PC_G_EU4" CO2="32443.90" CO="833.00" HC="4.63" NOx="14.23" PMx="0.92" fuel="13.95" electricity="0.00" noise="84.94" route="routetop" type="cfm_slow" waiting="0.00" lane="top_0" pos="24.74" speed="45.18" angle="229.98" x="17.87" y="110.21"/>
        <vehicle id="cfm_slow_1" eclass="HBEFA3/PC_G_EU4" CO2="32443.90" CO="833.00" HC="4.63" NOx="14.23" PMx="0.92" fuel="13.95" electricity="0.00" noise="84.94" route="routetop" type="cfm_slow" waiting="0.00" lane="left_0" pos="14.74" speed="45.18" angle="157.98" x="5.24" y="34.48"/>
        <vehicle id="cfm_slow_2" eclass="HBEFA3/PC_G_EU4" CO2="32443.90" CO="833.00" HC="4.63" NOx="14.23" PMx="0.92" fuel="13.95" electricity="0.00" noise="84.94" route="routebottom" type="cfm_slow" waiting="0.00" lane="bottom_0" pos="4.74" speed="45.18" angle="85.99" x="73.37" y="-0.92"/>
        <vehicle id="cfm_slow_3" eclass="HBEFA3/PC_G_EU4" CO2="32443.90" CO="833.00" HC="4.63" NOx="14.23" PMx="0.92" fuel="13.95" electricity="0.00" noise="84.94" route="routebottom" type="cfm_slow" waiting="0.00" lane="bottom_0" pos="44.74" speed="45.18" angle="13.93" x="128.08" y="52.89"/>
        <vehicle id="cfm_slow_4" eclass="HBEFA3/PC_G_EU4" CO2="32443.90" CO="833.00" HC="4.63" NOx="14.23" PMx="0.92" fuel="13.95" electricity="0.00" noise="84.94" route="routebottom" type="cfm_slow" waiting="0.00" lane="right_0" pos="34.74" speed="45.18" angle="302.04" x="93.79" y="121.60"/>
    </timestep>
    <timestep time="4.12">
        <vehicle id="cfm_slow_0" eclass="HBEFA3/PC_G_EU4" CO2="32281.92" CO="830.00" HC="4.62" NOx="14.16" PMx="0.92" fuel="13.88" electricity="0.00" noise="84.89" route="routetop" type="cfm_slow" waiting="0.00" lane="top_0" pos="25.19" speed="45.20" angle="229.17" x="17.21" y="109.55"/>
        <vehicle id="cfm_slow_1" eclass="HBEFA3/PC_G_EU4" CO2="32281.92" CO="830.00" HC="4.62" NOx="14.16" PMx="0.92" fuel="13.88" electricity="0.00" noise="84.89" route="routetop" type="cfm_slow" waiting="0.00" lane="left_0" pos="15.19" speed="45.20" angle="157.14" x="5.66" y="33.65"/>
        <vehicle id="cfm_slow_2" eclass="HBEFA3/PC_G_EU4" CO2="32281.92" CO="830.00" HC="4.62" NOx="14.16" PMx="0.92" fuel="13.88" electricity="0.00" noise="84.89" route="routebottom" type="cfm_slow" waiting="0.00" lane="bottom_0" pos="5.19" speed="45.20" angle="85.18" x="74.29" y="-0.78"/>
        <vehicle id="cfm_slow_3" eclass="HBEFA3/PC_G_EU4" CO2="32281.92" CO="830.00" HC="4.62" NOx="14.16" PMx="0.92" fuel="13.88" electricity="0.00" noise="84.89" route="routebottom" type="cfm_slow" waiting="0.00" lane="bottom_0" pos="45.19" speed="45.20" angle="13.16" x="128.22" y="53.81"/>
        <vehicle id="cfm_slow_4" eclass="HBEFA3/PC_G_EU4" CO2="32281.92" CO="830.00" HC="4.62" NOx="14.16" PMx="0.92" fuel="13.88" electricity="0.00" noise="84.89" route="routebottom" type="cfm_slow" waiting="0.00" lane="right_0" pos="35.19" speed="45.20" angle="301.20" x="92.97" y="122.02"/>
    </timestep>
    <timestep time="4.13">
        <vehicle id="cfm_slow_0" eclass="HBEFA3/PC_G_EU4" CO2="32121.28" CO="827.02" HC="4.60" NOx="14.08" PMx="0.91" fuel="13.81" electricity="0.00" noise="84.85" route="routetop" type="cfm_slow" waiting="0.00" lane="top_0" pos="25.64" speed="45.21" angle="228.41" x="16.55" y="108.90"/>
        <vehicle id="cfm_slow_1" eclass="HBEFA3/PC_G_EU4" CO2="32121.28" CO="827.02" HC="4.60" NOx="14.08" PMx="0.91" fuel="13.81" electricity="0.00" noise="84.85" route="routetop" type="cfm_slow" waiting="0.00" lane="left_0" pos="15.64" speed="45.21" angle="156.38" x="6.09" y="32.83"/>
        <vehicle id="cfm_slow_2" eclass="HBEFA3/PC_G_EU4" CO2="32121.28" CO="827.02" HC="4.60" NOx="14.08" PMx="0.91" fuel="13.81" electricity="0.00" noise="84.85" route="routebottom" type="cfm_slow" waiting="0.00" lane="bottom_0" pos="5.64" speed="45.21" angle="84.33" x="75.20" y="-0.61"/>
        <vehicle id="cfm_slow_3" eclass="HBEFA3/PC_G_EU4" CO2="32121.28" CO="827.02" HC="4.60" NOx="14.08" PMx="0.91" fuel="13.81" electricity="0.00" noise="84.85" route="routebottom" type="cfm_slow" waiting="0.00" lane="bottom_0" pos="45.64" speed="45.21" angle="12.33" x="128.35" y="54.73"/>
        <vehicle id="cfm_slow_4" eclass="HBEFA3/PC_G_EU4" CO2="32121.28" CO="827.02" HC="4.60" NOx="14.08" PMx="0.91" fuel="13.81" electricity="0.00" noise="84.85" route="routebottom" type="cfm_slow" waiting="0.00" lane="right_0" pos="35.64" speed="45.21" angle="300.36" x="92.14" y="122.43"/>
    </timestep>
    <timestep time="4.14">
        <vehicle id="cfm_slow_0" eclass="HBEFA3/PC_G_EU4" CO2="31961.99" CO="824.07" HC="4.58" NOx="14.00" PMx="0.91" fuel="13.74" electricity="0.00" noise="84.80" route="routetop" type="cfm_slow" waiting="0.00" lane="top_0" pos="26.10" speed="45.23" angle="227.57" x="15.92" y="108.22"/>
        <vehicle id="cfm_slow_1" eclass="HBEFA3/PC_G_EU4" CO2="31961.99" CO="824.07" HC="4.58" NOx="14.00" PMx="0.91" fuel="13.74" electricity="0.00" noise="84.80" route="routetop" type="cfm_slow" waiting="0.00" lane="left_0" pos="16.10" speed="45.23" angle="155.54" x="6.54" y="32.02"/>
        <vehicle id="cfm_slow_2" eclass="HBEFA3/PC_G_EU4" CO2="31961.99" CO="824.07" HC="4.58" NOx="14.00" PMx="0.91" fuel="13.74" electricity="0.00" noise="84.80" route="routebottom" type="cfm_slow" waiting="0.00" lane="bottom_0" pos="6.10" speed="45.23" angle="83.47" x="76.11" y="-0.44"/>
        <vehicle id="cfm_slow_3" eclass="HBEFA3/PC_G_EU4" CO2="31961.99" CO="824.07" HC="4.58" NOx="14.00" PMx="0.91" fuel="13.74" electricity="0.00" noise="84.80" route="routebottom" type="cfm_slow" waiting="0.00" lane="bottom_0" pos="46.10" speed="45.23" angle="11.53" x="128.48" y="55.65"/>
        <vehicle id="cfm_slow_4" eclass="HBEFA3/PC_G_EU4" CO2="31961.99" CO="824.07" HC="4.58" NOx="14.00" PMx="0.91" fuel="13.74" electricity="0.00" noise="84.80" route="routebottom" type="cfm_slow" waiting="0.00" lane="right_0" pos="36.10" speed="45.23" angle="299.57" x="91.30" y="122.83"/>
    </timestep>
    <timestep time="4.15">
        <vehicle id="cfm_slow_0" eclass="HBEFA3/PC_G_EU4" CO2="31804.02" CO="821.14" HC="4.56" NOx="13.93" PMx="0.91" fuel="13.67" electricity="0.00" noise="84.76" route="routetop" type="cfm_slow" waiting="0.00" lane="top_0" pos="26.55" speed="45.25" angle="226.73" x="15.29" y="107.54"/>
        <vehicle id="cfm_slow_1" eclass="HBEFA3/PC_G_EU4" CO2="31804.02" CO="821.14" HC="4.56" NOx="13.93" PMx="0.91" fuel="13.67" electricity="0.00" noise="84.76" route="routetop" type="cfm_slow" waiting="0.00" lane="left_0" pos="16.55" speed="45.25" angle="154.72" x="6.99" y="31.21"/>
        <vehicle id="cfm_slow_2" eclass="HBEFA3/PC_G_EU4" CO2="31804.02" CO="821.14" HC="4.56" NOx="13.93" PMx="0.91" fuel="13.67" electricity="0.00" noise="84.76" route="routebottom" type="cfm_slow" waiting="0.00" lane="bottom_0" pos="6.55" speed="45.25" angle="82.69" x="77.02" y="-0.26"/>
        <vehicle id="cfm_slow_3" eclass="HBEFA3/PC_G_EU4" CO2="31804.02" CO="821.14" HC="4.56" NOx="13.93" PMx="0.91" fuel="13.67" electricity="0.00" noise="84.76" route="routebottom" type="cfm_slow" waiting="0.00" lane="bottom_0" pos="46.55" speed="45.25" angle="10.76" x="128.58" y="56.57"/>
        <vehicle id="cfm_slow_4" eclass="HBEFA3/PC_G_EU4" CO2="31804.02" CO="821.14" HC="4.56" NOx="13.93" PMx="0.91" fuel="13.67" electricity="0.00" noise="84.76" route="routebottom" type="cfm_slow" waiting="0.00" lane="right_0" pos="36.55" speed="45.25" angle="298.71" x="90.45" y="123.21"/>
    </timestep>
    <timestep time="4.16">
        <vehicle id="cfm_slow_0" eclass="HBEFA3/PC_G_EU4" CO2="31647.36" CO="818.23" HC="4.55" NOx="13.86" PMx="0.90" fuel="13.60" electricity="0.00" noise="84.72" route="routetop" type="cfm_slow" waiting="0.00" lane="top_0" pos="27.00" speed="45.26" angle="225.95" x="14.67" y="106.85"/>
        <vehicle id="cfm_slow_1" eclass="HBEFA3/PC_G_EU4" CO2="31647.36" CO="818.23" HC="4.55" NOx="13.86" PMx="0.90" fuel="13.60" electricity="0.00" noise="84.72" route="routetop" type="cfm_slow" waiting="0.00" lane="left_0" pos="17.00" speed="45.26" angle="153.92" x="7.46" y="30.41"/>
        <vehicle id="cfm_slow_2" eclass="HBEFA3/PC_G_EU4" CO2="31647.36" CO="818.23" HC="4.55" NOx="13.86" PMx="0.90" fuel="13.60" electricity="0.00" noise="84.72" route="routebottom" type="cfm_slow" waiting="0.00" lane="bottom_0" pos="7.00" speed="45.26" angle="81.86" x="77.93" y="-0.06"/>
        <vehicle id="cfm_slow_3" eclass="HBEFA3/PC_G_EU4" CO2="31647.36" CO="818.23" HC="4.55" NOx="13.86" PMx="0.90" fuel="13.60" electricity="0.00" noise="84.72" route="routebottom" type="cfm_slow" waiting="0.00" lane="bottom_0" pos="47.00" speed="45.26" angle="9.95" x="128.68" y="57.49"/>
        <vehicle id="cfm_slow_4" eclass="HBEFA3/PC_G_EU4" CO2="31647.36" CO="818.23" HC="4.55" NOx="13.86" PMx="0.90" fuel="13.60" electricity="0.00" noise="84.72" route="routebottom" type="cfm_slow" waiting="0.00" lane="right_0" pos="37.00" speed="45.26" angle="297.86" x="89.61" y="123.59"/>
    </timestep>
    <timestep time="4.17">
        <vehicle id="cfm_slow_0" eclass="HBEFA3/PC_G_EU4" CO2="31492.02" CO="815.35" HC="4.53" NOx="13.78" PMx="0.90" fuel="13.54" electricity="0.00" noise="84.67" route="routetop" type="cfm_slow" waiting="0.00" lane="top_0" pos="27.45" speed="45.28" angle="225.08" x="14.07" y="106.14"/>
        <vehicle id="cfm_slow_1" eclass="HBEFA3/PC_G_EU4" CO2="31492.02" CO="815.35" HC="4.53" NOx="13.78" PMx="0.90" fuel="13.54" electricity="0.00" noise="84.67" route="routetop" type="cfm_slow" waiting="0.00" lane="left_0" pos="17.45" speed="45.28" angle="153.07" x="7.94" y="29.61"/>
        <vehicle id="cfm_slow_2" eclass="HBEFA3/PC_G_EU4" CO2="31492.02" CO="815.35" HC="4.53" NOx="13.78" PMx="0.90" fuel="13.54" electricity="0.00" noise="84.67" route="routebottom" type="cfm_slow" waiting="0.00" lane="bottom_0" pos="7.45" speed="45.28" angle="81.03" x="78.83" y="0.15"/>
        <vehicle id="cfm_slow_3" eclass="HBEFA3/PC_G_EU4" CO2="31492.02" CO="815.35" HC="4.53" NOx="13.78" PMx="0.90" fuel="13.54" electricity="0.00" noise="84.67" route="routebottom" type="cfm_slow" waiting="0.00" lane="bottom_0" pos="47.45" speed="45.28" angle="9.20" x="128.77" y="58.42"/>
        <vehicle id="cfm_slow_4" eclass="HBEFA3/PC_G_EU4" CO2="31492.02" CO="815.35" HC="4.53" NOx="13.78" PMx="0.90" fuel="13.54" electricity="0.00" noise="84.67" route="routebottom" type="cfm_slow" waiting="0.00" lane="right_0" pos="37.45" speed="45.28" angle="297.08" x="88.75" y="123.95"/>
    </timestep>
    <timestep time="4.18">
        <vehicle id="cfm_slow_0" eclass="HBEFA3/PC_G_EU4" CO2="31337.97" CO="812.50" HC="4.51" NOx="13.71" PMx="0.89" fuel="13.47" electricity="0.00" noise="84.63" route="routetop" type="cfm_slow" waiting="0.00" lane="top_0" pos="27.91" speed="45.29" angle="224.22" x="13.47" y="105.43"/>
        <vehicle id="cfm_slow_1" eclass="HBEFA3/PC_G_EU4" CO2="31337.97" CO="812.50" HC="4.51" NOx="13.71" PMx="0.89" fuel="13.47" electricity="0.00" noise="84.63" route="routetop" type="cfm_slow" waiting="0.00" lane="left_0" pos="17.91" speed="45.29" angle="152.27" x="8.42" y="28.82"/>
        <vehicle id="cfm_slow_2" eclass="HBEFA3/PC_G_EU4" CO2="31337.97" CO="812.50" HC="4.51" NOx="13.71" PMx="0.89" fuel="13.47" electricity="0.00" noise="84.63" route="routebottom" type="cfm_slow" waiting="0.00" lane="bottom_0" pos="7.91" speed="45.29" angle="80.25" x="79.74" y="0.37"/>
        <vehicle id="cfm_slow_3" eclass="HBEFA3/PC_G_EU4" CO2="31337.97" CO="812.50" HC="4.51" NOx="13.71" PMx="0.89" fuel="13.47" electricity="0.00" noise="84.63" route="routebottom" type="cfm_slow" waiting="0.00" lane="bottom_0" pos="47.91" speed="45.29" angle="8.32" x="128.82" y="59.34"/>
        <vehicle id="cfm_slow_4" eclass="HBEFA3/PC_G_EU4" CO2="31337.97" CO="812.50" HC="4.51" NOx="13.71" PMx="0.89" fuel="13.47" electricity="0.00" noise="84.63" route="routebottom" type="cfm_slow" waiting="0.00" lane="right_0" pos="37.91" speed="45.29" angle="296.24" x="87.89" y="124.30"/>
    </timestep>
    <timestep time="4.19">
        <vehicle id="cfm_slow_0" eclass="HBEFA3/PC_G_EU4" CO2="31185.22" CO="809.67" HC="4.50" NOx="13.64" PMx="0.89" fuel="13.41" electricity="0.00" noise="84.59" route="routetop" type="cfm_slow" waiting="0.00" lane="top_0" pos="28.36" speed="45.31" angle="223.44" x="12.88" y="104.72"/>
        <vehicle id="cfm_slow_1" eclass="HBEFA3/PC_G_EU4" CO2="31185.22" CO="809.67" HC="4.50" NOx="13.64" PMx="0.89" fuel="13.41" electricity="0.00" noise="84.59" route="routetop" type="cfm_slow" waiting="0.00" lane="left_0" pos="18.36" speed="45.31" angle="151.43" x="8.93" y="28.04"/>
        <vehicle id="cfm_slow_2" eclass="HBEFA3/PC_G_EU4" CO2="31185.22" CO="809.67" HC="4.50" NOx="13.64" PMx="0.89" fuel="13.41" electricity="0.00" noise="84.59" route="routebottom" type="cfm_slow" waiting="0.00" lane="bottom_0" pos="8.36" speed="45.31" angle="79.40" x="80.63" y="0.61"/>
        <vehicle id="cfm_slow_3" eclass="HBEFA3/PC_G_EU4" CO2="31185.22" CO="809.67" HC="4.50" NOx="13.64" PMx="0.89" fuel="13.41" electricity="0.00" noise="84.59" route="routebottom" type="cfm_slow" waiting="0.00" lane="bottom_0" pos="48.36" speed="45.31" angle="7.45" x="128.88" y="60.27"/>
        <vehicle id="cfm_slow_4" eclass="HBEFA3/PC_G_EU4" CO2="31185.22" CO="809.67" HC="4.50" NOx="13.64" PMx="0.89" fuel="13.41" electricity="0.00" noise="84.59" route="routebottom" type="cfm_slow" waiting="0.00" lane="right_0" pos="38.36" speed="45.31" angle="295.41" x="87.02" y="124.64"/>
    </timestep>
    <timestep time="4.20">
        <vehicle id="cfm_slow_0" eclass="HBEFA3/PC_G_EU4" CO2="31033.74" CO="806.86" HC="4.48" NOx="13.56" PMx="0.89" fuel="13.34" electricity="0.00" noise="84.55" route="routetop" type="cfm_slow" waiting="0.00" lane="top_0" pos="28.81" speed="45.32" angle="222.61" x="12.31" y="103.98"/>
        <vehicle id="cfm_slow_1" eclass="HBEFA3/PC_G_EU4" CO2="31033.74" CO="806.86" HC="4.48" NOx="13.56" PMx="0.89" fuel="13.34" electricity="0.00" noise="84.55" route="routetop" type="cfm_slow" waiting="0.00" lane="left_0" pos="18.81" speed="45.32" angle="150.56" x="9.45" y="27.27"/>
        <vehicle id="cfm_slow_2" eclass="HBEFA3/PC_G_EU4" CO2="31033.74" CO="806.86" HC="4.48" NOx="13.56" PMx="0.89" fuel="13.34" electricity="0.00" noise="84.55" route="routebottom" type="cfm_slow" waiting="0.00" lane="bottom_0" pos="8.81" speed="45.32" angle="78.55" x="81.53" y="0.85"/>
        <vehicle id="cfm_slow_3" eclass="HBEFA3/PC_G_EU4" CO2="31033.74" CO="806.86" HC="4.48" NOx="13.56" PMx="0.89" fuel="13.34" electricity="0.00" noise="84.55" route="routebottom" type="cfm_slow" waiting="0.00" lane="bottom_0" pos="48.81" speed="45.32" angle="6.65" x="128.92" y="61.20"/>
        <vehicle id="cfm_slow_4" eclass="HBEFA3/PC_G_EU4" CO2="31033.74" CO="806.86" HC="4.48" NOx="13.56" PMx="0.89" fuel="13.34" electricity="0.00" noise="84.55" route="routebottom" type="cfm_slow" waiting="0.00" lane="right_0" pos="38.81" speed="45.32" angle="294.64" x="86.15" y="124.96"/>
    </timestep>
    <timestep time="4.21">
        <vehicle id="cfm_slow_0" eclass="HBEFA3/PC_G_EU4" CO2="30883.53" CO="804.07" HC="4.46" NOx="13.49" PMx="0.88" fuel="13.28" electricity="0.00" noise="84.51" route="routetop" type="cfm_slow" waiting="0.00" lane="top_0" pos="29.27" speed="45.34" angle="221.79" x="11.73" y="103.25"/>
        <vehicle id="cfm_slow_1" eclass="HBEFA3/PC_G_EU4" CO2="30883.53" CO="804.07" HC="4.46" NOx="13.49" PMx="0.88" fuel="13.28" electricity="0.00" noise="84.51" route="routetop" type="cfm_slow" waiting="0.00" lane="left_0" pos="19.27" speed="45.34" angle="149.76" x="9.96" y="26.50"/>
        <vehicle id="cfm_slow_2" eclass="HBEFA3/PC_G_EU4" CO2="30883.53" CO="804.07" HC="4.46" NOx="13.49" PMx="0.88" fuel="13.28" electricity="0.00" noise="84.51" route="routebottom" type="cfm_slow" waiting="0.00" lane="bottom_0" pos="9.27" speed="45.34" angle="77.78" x="82.42" y="1.11"/>
        <vehicle id="cfm_slow_3" eclass="HBEFA3/PC_G_EU4" CO2="30883.53" CO="804.07" HC="4.46" NOx="13.49" PMx="0.88" fuel="13.28" electricity="0.00" noise="84.51" route="routebottom" type="cfm_slow" waiting="0.00" lane="bottom_0" pos="49.27" speed="45.34" angle="5.82" x="128.94" y="62.13"/>
        <vehicle id="cfm_slow_4" eclass="HBEFA3/PC_G_EU4" CO2="30883.53" CO="804.07" HC="4.46" NOx="13.49" PMx="0.88" fuel="13.28" electricity="0.00" noise="84.51" route="routebottom" type="cfm_slow" waiting="0.00" lane="right_0" pos="39.27" speed="45.34" angle="293.83" x="85.28" y="125.28"/>
    </timestep>
    <timestep time="4.22">
        <vehicle id="cfm_slow_0" eclass="HBEFA3/PC_G_EU4" CO2="30734.58" CO="801.31" HC="4.45" NOx="13.42" PMx="0.88" fuel="13.21" electricity="0.00" noise="84.46" route="routetop" type="cfm_slow" waiting="0.00" lane="top_0" pos="29.72" speed="45.35" angle="221.00" x="11.18" y="102.51"/>
        <vehicle id="cfm_slow_1" eclass="HBEFA3/PC_G_EU4" CO2="30734.58" CO="801.31" HC="4.45" NOx="13.42" PMx="0.88" fuel="13.21" electricity="0.00" noise="84.46" route="routetop" type="cfm_slow" waiting="0.00" lane="left_0" pos="19.72" speed="45.35" angle="148.93" x="10.51" y="25.74"/>
        <vehicle id="cfm_slow_2" eclass="HBEFA3/PC_G_EU4" CO2="30734.58" CO="801.31" HC="4.45" NOx="13.42" PMx="0.88" fuel="13.21" electricity="0.00" noise="84.46" route="routebottom" type="cfm_slow" waiting="0.00" lane="bottom_0" pos="9.72" speed="45.35" angle="76.95" x="83.31" y="1.39"/>
        <vehicle id="cfm_slow_3" eclass="HBEFA3/PC_G_EU4" CO2="30734.58" CO="801.31" HC="4.45" NOx="13.42" PMx="0.88" fuel="13.21" electricity="0.00" noise="84.46" route="routebottom" type="cfm_slow" waiting="0.00" lane="bottom_0" pos="49.72" speed="45.35" angle="4.98" x="128.96" y="63.06"/>
        <vehicle id="cfm_slow_4" eclass="HBEFA3/PC_G_EU4" CO2="30734.58" CO="801.31" HC="4.45" NOx="13.42" PMx="0.88" fuel="13.21" electricity="0.00" noise="84.46" route="routebottom" type="cfm_slow" waiting="0.00" lane="right_0" pos="39.72" speed="45.35" angle="293.07" x="84.41" y="125.60"/>
    </timestep>
    <timestep time="4.23">
        <vehicle id="cfm_slow_0" eclass="HBEFA3/PC_G_EU4" CO2="30586.88" CO="798.57" HC="4.43" NOx="13.35" PMx="0.88" fuel="13.15" electricity="0.00" noise="84.42" route="routetop" type="cfm_slow" waiting="0.00" lane="top_0" pos="30.17" speed="45.37" angle="220.14" x="10.63" y="101.75"/>
        <vehicle id="cfm_slow_1" eclass="HBEFA3/PC_G_EU4" CO2="30586.88" CO="798.57" HC="4.43" NOx="13.35" PMx="0.88" fuel="13.15" electricity="0.00" noise="84.42" route="routetop" type="cfm_slow" waiting="0.00" lane="left_0" pos="20.17" speed="45.37" angle="148.11" x="11.05" y="24.99"/>
        <vehicle id="cfm_slow_2" eclass="HBEFA3/PC_G_EU4" CO2="30586.88" CO="798.57" HC="4.43" NOx="13.35" PMx="0.88" fuel="13.15" electricity="0.00" noise="84.42" route="routebottom" type="cfm_slow" waiting="0.00" lane="bottom_0" pos="10.17" speed="45.37" angle="76.15" x="84.20" y="1.66"/>
        <vehicle id="cfm_slow_3" eclass="HBEFA3/PC_G_EU4" CO2="30586.88" CO="798.57" HC="4.43" NOx="13.35" PMx="0.88" fuel="13.15" electricity="0.00" noise="84.42" route="routebottom" type="cfm_slow" waiting="0.00" lane="right_0" pos="0.17" speed="45.37" angle="4.18" x="128.96" y="64.05"/>
        <vehicle id="cfm_slow_4" eclass="HBEFA3/PC_G_EU4" CO2="30586.88" CO="798.57" HC="4.43" NOx="13.35" PMx="0.88" fuel="13.15" electricity="0.00" noise="84.42" route="routebottom" type="cfm_slow" waiting="0.00" lane="right_0" pos="40.17" speed="45.37" angle="292.24" x="83.52" y="125.88"/>
    </timestep>
    <timestep time="4.24">
        <vehicle id="cfm_slow_0" eclass="HBEFA3/PC_G_EU4" CO2="30440.42" CO="795.86" HC="4.41" NOx="13.28" PMx="0.87" fuel="13.08" electricity="0.00" noise="84.38" route="routetop" type="cfm_slow" waiting="0.00" lane="top_0" pos="30.63" speed="45.38" angle="219.28" x="10.09" y="101.00"/>
        <vehicle id="cfm_slow_1" eclass="HBEFA3/PC_G_EU4" CO2="30440.42" CO="795.86" HC="4.41" NOx="13.28" PMx="0.87" fuel="13.08" electricity="0.00" noise="84.38" route="routetop" type="cfm_slow" waiting="0.00" lane="left_0" pos="20.63" speed="45.38" angle="147.34" x="11.60" y="24.24"/>
        <vehicle id="cfm_slow_2" eclass="HBEFA3/PC_G_EU4" CO2="30440.42" CO="795.86" HC="4.41" NOx="13.28" PMx="0.87" fuel="13.08" electricity="0.00" noise="84.38" route="routebottom" type="cfm_slow" waiting="0.00" lane="bottom_0" pos="10.63" speed="45.38" angle="75.35" x="85.08" y="1.97"/>
        <vehicle id="cfm_slow_3" eclass="HBEFA3/PC_G_EU4" CO2="30440.42" CO="795.86" HC="4.41" NOx="13.28" PMx="0.87" fuel="13.08" electricity="0.00" noise="84.38" route="routebottom" type="cfm_slow" waiting="0.00" lane="right_0" pos="0.63" speed="45.38" angle="3.34" x="128.95" y="64.98"/>
        <vehicle id="cfm_slow_4" eclass="HBEFA3/PC_G_EU4" CO2="30440.42" CO="795.86" HC="4.41" NOx="13.28" PMx="0.87" fuel="13.08" electricity="0.00" noise="84.38" route="routebottom" type="cfm_slow" waiting="0.00" lane="right_0" pos="40.63" speed="45.38" angle="291.39" x="82.63" y="126.15"/>
    </timestep>
    <timestep time="4.25">
        <vehicle id="cfm_slow_0" eclass="HBEFA3/PC_G_EU4" CO2="30295.19" CO="793.17" HC="4.40" NOx="13.21" PMx="0.87" fuel="13.02" electricity="0.00" noise="84.35" route="routetop" type="cfm_slow" waiting="0.00" lane="top_0" pos="31.08" speed="45.40" angle="218.52" x="9.57" y="100.23"/>
        <vehicle id="cfm_slow_1" eclass="HBEFA3/PC_G_EU4" CO2="30295.19" CO="793.17" HC="4.40" NOx="13.21" PMx="0.87" fuel="13.02" electricity="0.00" noise="84.35" route="routetop" type="cfm_slow" waiting="0.00" lane="left_0" pos="21.08" speed="45.40" angle="146.52" x="12.17" y="23.50"/>
        <vehicle id="cfm_slow_2" eclass="HBEFA3/PC_G_EU4" CO2="30295.19" CO="793.17" HC="4.40" NOx="13.21" PMx="0.87" fuel="13.02" electricity="0.00" noise="84.35" route="routebottom" type="cfm_slow" waiting="0.00" lane="bottom_0" pos="11.08" speed="45.40" angle="74.51" x="85.95" y="2.29"/>
        <vehicle id="cfm_slow_3" eclass="HBEFA3/PC_G_EU4" CO2="30295.19" CO="793.17" HC="4.40" NOx="13.21" PMx="0.87" fuel="13.02" electricity="0.00" noise="84.35" route="routebottom" type="cfm_slow" waiting="0.00" lane="right_0" pos="1.08" speed="45.40" angle="2.51" x="128.93" y="65.91"/>
        <vehicle id="cfm_slow_4" eclass="HBEFA3/PC_G_EU4" CO2="30295.19" CO="793.17" HC="4.40" NOx="13.21" PMx="0.87" fuel="13.02" electricity="0.00" noise="84.35" route="routebottom" type="cfm_slow" waiting="0.00" lane="right_0" pos="41.08" speed="45.40" angle="290.60" x="81.74" y="126.42"/>
    </timestep>
    <timestep time="4.26">
        <vehicle id="cfm_slow_0" eclass="HBEFA3/PC_G_EU4" CO2="30151.19" CO="790.50" HC="4.38" NOx="13.15" PMx="0.86" fuel="12.96" electricity="0.00" noise="84.31" route="routetop" type="cfm_slow" waiting="0.00" lane="top_0" pos="31.54" speed="45.41" angle="217.70" x="9.05" y="99.45"/>
        <vehicle id="cfm_slow_1" eclass="HBEFA3/PC_G_EU4" CO2="30151.19" CO="790.50" HC="4.38" NOx="13.15" PMx="0.86" fuel="12.96" electricity="0.00" noise="84.31" route="routetop" type="cfm_slow" waiting="0.00" lane="left_0" pos="21.54" speed="45.41" angle="145.70" x="12.75" y="22.77"/>
        <vehicle id="cfm_slow_2" eclass="HBEFA3/PC_G_EU4" CO2="30151.19" CO="790.50" HC="4.38" NOx="13.15" PMx="0.86" fuel="12.96" electricity="0.00" noise="84.31" route="routebottom" type="cfm_slow" waiting="0.00" lane="bottom_0" pos="11.54" speed="45.41" angle="73.72" x="86.83" y="2.60"/>
        <vehicle id="cfm_slow_3" eclass="HBEFA3/PC_G_EU4" CO2="30151.19" CO="790.50" HC="4.38" NOx="13.15" PMx="0.86" fuel="12.96" electricity="0.00" noise="84.31" route="routebottom" type="cfm_slow" waiting="0.00" lane="right_0" pos="1.54" speed="45.41" angle="1.73" x="128.89" y="66.84"/>
        <vehicle id="cfm_slow_4" eclass="HBEFA3/PC_G_EU4" CO2="30151.19" CO="790.50" HC="4.38" NOx="13.15" PMx="0.86" fuel="12.96" electricity="0.00" noise="84.31" route="routebottom" type="cfm_slow" waiting="0.00" lane="right_0" pos="41.54" speed="45.41" angle="289.75" x="80.84" y="126.66"/>
    </timestep>
    <timestep time="4.27">
        <vehicle id="cfm_slow_0" eclass="HBEFA3/PC_G_EU4" CO2="30008.39" CO="787.85" HC="4.37" NOx="13.08" PMx="0.86" fuel="12.90" electricity="0.00" noise="84.27" route="routetop" type="cfm_slow" waiting="0.00" lane="top_0" pos="31.99" speed="45.43" angle="216.92" x="8.53" y="98.68"/>
        <vehicle id="cfm_slow_1" eclass="HBEFA3/PC_G_EU4" CO2="30008.39" CO="787.85" HC="4.37" NOx="13.08" PMx="0.86" fuel="12.90" electricity="0.00" noise="84.27" route="routetop" type="cfm_slow" waiting="0.00" lane="left_0" pos="21.99" speed="45.43" angle="144.92" x="13.34" y="22.05"/>
        <vehicle id="cfm_slow_2" eclass="HBEFA3/PC_G_EU4" CO2="30008.39" CO="787.85" HC="4.37" NOx="13.08" PMx="0.86" fuel="12.90" electricity="0.00" noise="84.27" route="routebottom" type="cfm_slow" waiting="0.00" lane="bottom_0" pos="11.99" speed="45.43" angle="72.90" x="87.69" y="2.95"/>
        <vehicle id="cfm_slow_3" eclass="HBEFA3/PC_G_EU4" CO2="30008.39" CO="787.85" HC="4.37" NOx="13.08" PMx="0.86" fuel="12.90" electricity="0.00" noise="84.27" route="routebottom" type="cfm_slow" waiting="0.00" lane="right_0" pos="1.99" speed="45.43" angle="0.90" x="128.84" y="67.77"/>
        <vehicle id="cfm_slow_4" eclass="HBEFA3/PC_G_EU4" CO2="30008.39" CO="787.85" HC="4.37" NOx="13.08" PMx="0.86" fuel="12.90" electricity="0.00" noise="84.27" route="routebottom" type="cfm_slow" waiting="0.00" lane="right_0" pos="41.99" speed="45.43" angle="288.89" x="79.94" y="126.90"/>
    </timestep>
    <timestep time="4.28">
        <vehicle id="cfm_slow_0" eclass="HBEFA3/PC_G_EU4" CO2="29866.80" CO="785.22" HC="4.35" NOx="13.01" PMx="0.86" fuel="12.84" electricity="0.00" noise="84.23" route="routetop" type="cfm_slow" waiting="0.00" lane="top_0" pos="32.45" speed="45.44" angle="216.12" x="8.04" y="97.88"/>
        <vehicle id="cfm_slow_1" eclass="HBEFA3/PC_G_EU4" CO2="29866.80" CO="785.22" HC="4.35" NOx="13.01" PMx="0.86" fuel="12.84" electricity="0.00" noise="84.23" route="routetop" type="cfm_slow" waiting="0.00" lane="left_0" pos="22.45" speed="45.44" angle="144.07" x="13.94" y="21.34"/>
        <vehicle id="cfm_slow_2" eclass="HBEFA3/PC_G_EU4" CO2="29866.80" CO="785.22" HC="4.35" NOx="13.01" PMx="0.86" fuel="12.84" electricity="0.00" noise="84.23" route="routebottom" type="cfm_slow" waiting="0.00" lane="bottom_0" pos="12.45" speed="45.44" angle="72.08" x="88.56" y="3.29"/>
        <vehicle id="cfm_slow_3" eclass="HBEFA3/PC_G_EU4" CO2="29866.80" CO="785.22" HC="4.35" NOx="13.01" PMx="0.86" fuel="12.84" electricity="0.00" noise="84.23" route="routebottom" type="cfm_slow" waiting="0.00" lane="right_0" pos="2.45" speed="45.44" angle="0.07" x="128.78" y="68.70"/>
        <vehicle id="cfm_slow_4" eclass="HBEFA3/PC_G_EU4" CO2="29866.80" CO="785.22" HC="4.35" NOx="13.01" PMx="0.86" fuel="12.84" electricity="0.00" noise="84.23" route="routebottom" type="cfm_slow" waiting="0.00" lane="right_0" pos="42.45" speed="45.44" angle="288.12" x="79.03" y="127.13"/>
    </timestep>
    <timestep time="4.29">
        <vehicle id="cfm_slow_0" eclass="HBEFA3/PC_G_EU4" CO2="29726.41" CO="782.62" HC="4.34" NOx="12.95" PMx="0.85" fuel="12.78" electricity="0.00" noise="84.19" route="routetop" type="cfm_slow" waiting="0.00" lane="top_0" pos="32.90" speed="45.46" angle="215.30" x="7.56" y="97.09"/>
        <vehicle id="cfm_slow_1" eclass="HBEFA3/PC_G_EU4" CO2="29726.41" CO="782.62" HC="4.34" NOx="12.95" PMx="0.85" fuel="12.78" electricity="0.00" noise="84.19" route="routetop" type="cfm_slow" waiting="0.00" lane="left_0" pos="22.90" speed="45.46" angle="143.22" x="14.54" y="20.63"/>
        <vehicle id="cfm_slow_2" eclass="HBEFA3/PC_G_EU4" CO2="29726.41" CO="782.62" HC="4.34" NOx="12.95" PMx="0.85" fuel="12.78" electricity="0.00" noise="84.19" route="routebottom" type="cfm_slow" waiting="0.00" lane="bottom_0" pos="12.90" speed="45.46" angle="71.32" x="89.42" y="3.64"/>
        <vehicle id="cfm_slow_3" eclass="HBEFA3/PC_G_EU4" CO2="29726.41" CO="782.62" HC="4.34" NOx="12.95" PMx="0.85" fuel="12.78" electricity="0.00" noise="84.19" route="routebottom" type="cfm_slow" waiting="0.00" lane="right_0" pos="2.90" speed="45.46" angle="359.30" x="128.70" y="69.63"/>
        <vehicle id="cfm_slow_4" eclass="HBEFA3/PC_G_EU4" CO2="29726.41" CO="782.62" HC="4.34" NOx="12.95" PMx="0.85" fuel="12.78" electricity="0.00" noise="84.19" route="routebottom" type="cfm_slow" waiting="0.00" lane="right_0" pos="42.90" speed="45.46" angle="287.32" x="78.13" y="127.34"/>
    </timestep>
    <timestep time="4.30">
        <vehicle id="cfm_slow_0" eclass="HBEFA3/PC_G_EU4" CO2="29587.20" CO="780.04" HC="4.32" NOx="12.88" PMx="0.85" fuel="12.72" electricity="0.00" noise="84.16" route="routetop" type="cfm_slow" waiting="0.00" lane="top_0" pos="33.35" speed="45.47" angle="214.52" x="7.08" y="96.29"/>
        <vehicle id="cfm_slow_1" eclass="HBEFA3/PC_G_EU4" CO2="29587.20" CO="780.04" HC="4.32" NOx="12.88" PMx="0.85" fuel="12.72" electricity="0.00" noise="84.16" route="routetop" type="cfm_slow" waiting="0.00" lane="left_0" pos="23.35" speed="45.47" angle="142.46" x="15.16" y="19.93"/>
        <vehicle id="cfm_slow_2" eclass="HBEFA3/PC_G_EU4" CO2="29587.20" CO="780.04" HC="4.32" NOx="12.88" PMx="0.85" fuel="12.72" electricity="0.00" noise="84.16" route="routebottom" type="cfm_slow" waiting="0.00" lane="bottom_0" pos="13.35" speed="45.47" angle="70.48" x="90.27" y="4.03"/>
        <vehicle id="cfm_slow_3" eclass="HBEFA3/PC_G_EU4" CO2="29587.20" CO="780.04" HC="4.32" NOx="12.88" PMx="0.85" fuel="12.72" electricity="0.00" noise="84.16" route="routebottom" type="cfm_slow" waiting="0.00" lane="right_0" pos="3.35" speed="45.47" angle="358.47" x="128.60" y="70.56"/>
        <vehicle id="cfm_slow_4" eclass="HBEFA3/PC_G_EU4" CO2="29587.20" CO="780.04" HC="4.32" NOx="12.88" PMx="0.85" fuel="12.72" electricity="0.00" noise="84.16" route="routebottom" type="cfm_slow" waiting="0.00" lane="right_0" pos="43.35" speed="45.47" angle="286.52" x="77.22" y="127.55"/>
    </timestep>
    <timestep time="4.31">
        <vehicle id="cfm_slow_0" eclass="HBEFA3/PC_G_EU4" CO2="29449.16" CO="777.48" HC="4.31" NOx="12.81" PMx="0.85" fuel="12.66" electricity="0.00" noise="84.12" route="routetop" type="cfm_slow" waiting="0.00" lane="top_0" pos="33.81" speed="45.48" angle="213.69" x="6.63" y="95.47"/>
        <vehicle id="cfm_slow_1" eclass="HBEFA3/PC_G_EU4" CO2="29449.16" CO="777.48" HC="4.31" NOx="12.81" PMx="0.85" fuel="12.66" electricity="0.00" noise="84.12" route="routetop" type="cfm_slow" waiting="0.00" lane="left_0" pos="23.81" speed="45.48" angle="141.64" x="15.80" y="19.25"/>
        <vehicle id="cfm_slow_2" eclass="HBEFA3/PC_G_EU4" CO2="29449.16" CO="777.48" HC="4.31" NOx="12.81" PMx="0.85" fuel="12.66" electricity="0.00" noise="84.12" route="routebottom" type="cfm_slow" waiting="0.00" lane="bottom_0" pos="13.81" speed="45.48" angle="69.65" x="91.12" y="4.41"/>
        <vehicle id="cfm_slow_3" eclass="HBEFA3/PC_G_EU4" CO2="29449.16" CO="777.48" HC="4.31" NOx="12.81" PMx="0.85" fuel="12.66" electricity="0.00" noise="84.12" route="routebottom" type="cfm_slow" waiting="0.00" lane="right_0" pos="3.81" speed="45.48" angle="357.67" x="128.50" y="71.48"/>
        <vehicle id="cfm_slow_4" eclass="HBEFA3/PC_G_EU4" CO2="29449.16" CO="777.48" HC="4.31" NOx="12.81" PMx="0.85" fuel="12.66" electricity="0.00" noise="84.12" route="routebottom" type="cfm_slow" waiting="0.00" lane="right_0" pos="43.81" speed="45.48" angle="285.73" x="76.30" y="127.74"/>
    </timestep>
    <timestep time="4.32">
        <vehicle id="cfm_slow_0" eclass="HBEFA3/PC_G_EU4" CO2="29312.29" CO="774.94" HC="4.29" NOx="12.75" PMx="0.84" fuel="12.60" electricity="0.00" noise="84.08" route="routetop" type="cfm_slow" waiting="0.00" lane="top_0" pos="34.26" speed="45.50" angle="212.86" x="6.18" y="94.65"/>
        <vehicle id="cfm_slow_1" eclass="HBEFA3/PC_G_EU4" CO2="29312.29" CO="774.94" HC="4.29" NOx="12.75" PMx="0.84" fuel="12.60" electricity="0.00" noise="84.08" route="routetop" type="cfm_slow" waiting="0.00" lane="left_0" pos="24.26" speed="45.50" angle="140.84" x="16.43" y="18.56"/>
        <vehicle id="cfm_slow_2" eclass="HBEFA3/PC_G_EU4" CO2="29312.29" CO="774.94" HC="4.29" NOx="12.75" PMx="0.84" fuel="12.60" electricity="0.00" noise="84.08" route="routebottom" type="cfm_slow" waiting="0.00" lane="bottom_0" pos="14.26" speed="45.50" angle="68.86" x="91.97" y="4.80"/>
        <vehicle id="cfm_slow_3" eclass="HBEFA3/PC_G_EU4" CO2="29312.29" CO="774.94" HC="4.29" NOx="12.75" PMx="0.84" fuel="12.60" electricity="0.00" noise="84.08" route="routebottom" type="cfm_slow" waiting="0.00" lane="right_0" pos="4.26" speed="45.50" angle="356.85" x="128.38" y="72.41"/>
        <vehicle id="cfm_slow_4" eclass="HBEFA3/PC_G_EU4" CO2="29312.29" CO="774.94" HC="4.29" NOx="12.75" PMx="0.84" fuel="12.60" electricity="0.00" noise="84.08" route="routebottom" type="cfm_slow" waiting="0.00" lane="right_0" pos="44.26" speed="45.50" angle="284.85" x="75.39" y="127.90"/>
    </timestep>
    <timestep time="4.33">
        <vehicle id="cfm_slow_0" eclass="HBEFA3/PC_G_EU4" CO2="29176.58" CO="772.43" HC="4.28" NOx="12.69" PMx="0.84" fuel="12.54" electricity="0.00" noise="84.05" route="routetop" type="cfm_slow" waiting="0.00" lane="top_0" pos="34.72" speed="45.51" angle="212.09" x="5.74" y="93.83"/>
        <vehicle id="cfm_slow_1" eclass="HBEFA3/PC_G_EU4" CO2="29176.58" CO="772.43" HC="4.28" NOx="12.69" PMx="0.84" fuel="12.54" electricity="0.00" noise="84.05" route="routetop" type="cfm_slow" waiting="0.00" lane="left_0" pos="24.72" speed="45.51" angle="140.03" x="17.08" y="17.90"/>
        <vehicle id="cfm_slow_2" eclass="HBEFA3/PC_G_EU4" CO2="29176.58" CO="772.43" HC="4.28" NOx="12.69" PMx="0.84" fuel="12.54" electricity="0.00" noise="84.05" route="routebottom" type="cfm_slow" waiting="0.00" lane="bottom_0" pos="14.72" speed="45.51" angle="68.01" x="92.80" y="5.22"/>
        <vehicle id="cfm_slow_3" eclass="HBEFA3/PC_G_EU4" CO2="29176.58" CO="772.43" HC="4.28" NOx="12.69" PMx="0.84" fuel="12.54" electricity="0.00" noise="84.05" route="routebottom" type="cfm_slow" waiting="0.00" lane="right_0" pos="4.72" speed="45.51" angle="356.02" x="128.24" y="73.33"/>
        <vehicle id="cfm_slow_4" eclass="HBEFA3/PC_G_EU4" CO2="29176.58" CO="772.43" HC="4.28" NOx="12.69" PMx="0.84" fuel="12.54" electricity="0.00" noise="84.05" route="routebottom" type="cfm_slow" waiting="0.00" lane="right_0" pos="44.72" speed="45.51" angle="283.96" x="74.47" y="128.07"/>
    </timestep>
    <timestep time="4.34">
        <vehicle id="cfm_slow_0" eclass="HBEFA3/PC_G_EU4" CO2="29042.02" CO="769.93" HC="4.26" NOx="12.62" PMx="0.84" fuel="12.48" electricity="0.00" noise="84.01" route="routetop" type="cfm_slow" waiting="0.00" lane="top_0" pos="35.17" speed="45.53" angle="211.26" x="5.32" y="93.00"/>
        <vehicle id="cfm_slow_1" eclass="HBEFA3/PC_G_EU4" CO2="29042.02" CO="769.93" HC="4.26" NOx="12.62" PMx="0.84" fuel="12.48" electricity="0.00" noise="84.01" route="routetop" type="cfm_slow" waiting="0.00" lane="left_0" pos="25.17" speed="45.53" angle="139.19" x="17.74" y="17.24"/>
        <vehicle id="cfm_slow_2" eclass="HBEFA3/PC_G_EU4" CO2="29042.02" CO="769.93" HC="4.26" NOx="12.62" PMx="0.84" fuel="12.48" electricity="0.00" noise="84.01" route="routebottom" type="cfm_slow" waiting="0.00" lane="bottom_0" pos="15.17" speed="45.53" angle="67.16" x="93.64" y="5.64"/>
        <vehicle id="cfm_slow_3" eclass="HBEFA3/PC_G_EU4" CO2="29042.02" CO="769.93" HC="4.26" NOx="12.62" PMx="0.84" fuel="12.48" electricity="0.00" noise="84.01" route="routebottom" type="cfm_slow" waiting="0.00" lane="right_0" pos="5.17" speed="45.53" angle="355.22" x="128.11" y="74.25"/>
        <vehicle id="cfm_slow_4" eclass="HBEFA3/PC_G_EU4" CO2="29042.02" CO="769.93" HC="4.26" NOx="12.62" PMx="0.84" fuel="12.48" electricity="0.00" noise="84.01" route="routebottom" type="cfm_slow" waiting="0.00" lane="right_0" pos="45.17" speed="45.53" angle="283.19" x="73.55" y="128.21"/>
    </timestep>
    <timestep time="4.35">
        <vehicle id="cfm_slow_0" eclass="HBEFA3/PC_G_EU4" CO2="28908.60" CO="767.46" HC="4.25" NOx="12.56" PMx="0.83" fuel="12.43" electricity="0.00" noise="83.98" route="routetop" type="cfm_slow" waiting="0.00" lane="top_0" pos="35.63" speed="45.54" angle="210.43" x="4.90" y="92.16"/>
        <vehicle id="cfm_slow_1" eclass="HBEFA3/PC_G_EU4" CO2="28908.60" CO="767.46" HC="4.25" NOx="12.56" PMx="0.83" fuel="12.43" electricity="0.00" noise="83.98" route="routetop" type="cfm_slow" waiting="0.00" lane="left_0" pos="25.63" speed="45.54" angle="138.39" x="18.40" y="16.58"/>
        <vehicle id="cfm_slow_2" eclass="HBEFA3/PC_G_EU4" CO2="28908.60" CO="767.46" HC="4.25" NOx="12.56" PMx="0.83" fuel="12.43" electricity="0.00" noise="83.98" route="routebottom" type="cfm_slow" waiting="0.00" lane="bottom_0" pos="15.63" speed="45.54" angle="66.39" x="94.46" y="6.08"/>
        <vehicle id="cfm_slow_3" eclass="HBEFA3/PC_G_EU4" CO2="28908.60" CO="767.46" HC="4.25" NOx="12.56" PMx="0.83" fuel="12.43" electricity="0.00" noise="83.98" route="routebottom" type="cfm_slow" waiting="0.00" lane="right_0" pos="5.63" speed="45.54" angle="354.38" x="127.94" y="75.17"/>
        <vehicle id="cfm_slow_4" eclass="HBEFA3/PC_G_EU4" CO2="28908.60" CO="767.46" HC="4.25" NOx="12.56" PMx="0.83" fuel="12.43" electricity="0.00" noise="83.98" route="routebottom" type="cfm_slow" waiting="0.00" lane="right_0" pos="45.63" speed="45.54" angle="282.36" x="72.62" y="128.35"/>
    </timestep>
    <timestep time="4.36">
        <vehicle id="cfm_slow_0" eclass="HBEFA3/PC_G_EU4" CO2="28776.31" CO="765.01" HC="4.23" NOx="12.50" PMx="0.83" fuel="12.37" electricity="0.00" noise="83.95" route="routetop" type="cfm_slow" waiting="0.00" lane="top_0" pos="36.09" speed="45.55" angle="209.64" x="4.50" y="91.32"/>
        <vehicle id="cfm_slow_1" eclass="HBEFA3/PC_G_EU4" CO2="28776.31" CO="765.01" HC="4.23" NOx="12.50" PMx="0.83" fuel="12.37" electricity="0.00" noise="83.95" route="routetop" type="cfm_slow" waiting="0.00" lane="left_0" pos="26.09" speed="45.55" angle="137.56" x="19.09" y="15.94"/>
        <vehicle id="cfm_slow_2" eclass="HBEFA3/PC_G_EU4" CO2="28776.31" CO="765.01" HC="4.23" NOx="12.50" PMx="0.83" fuel="12.37" electricity="0.00" noise="83.95" route="routebottom" type="cfm_slow" waiting="0.00" lane="bottom_0" pos="16.09" speed="45.55" angle="65.56" x="95.28" y="6.53"/>
        <vehicle id="cfm_slow_3" eclass="HBEFA3/PC_G_EU4" CO2="28776.31" CO="765.01" HC="4.23" NOx="12.50" PMx="0.83" fuel="12.37" electricity="0.00" noise="83.95" route="routebottom" type="cfm_slow" waiting="0.00" lane="right_0" pos="6.09" speed="45.55" angle="353.54" x="127.77" y="76.09"/>
        <vehicle id="cfm_slow_4" eclass="HBEFA3/PC_G_EU4" CO2="28776.31" CO="765.01" HC="4.23" NOx="12.50" PMx="0.83" fuel="12.37" electricity="0.00" noise="83.95" route="routebottom" type="cfm_slow" waiting="0.00" lane="right_0" pos="46.09" speed="45.55" angle="281.55" x="71.70" y="128.48"/>
    </timestep>
    <timestep time="4.37">
        <vehicle id="cfm_slow_0" eclass="HBEFA3/PC_G_EU4" CO2="28645.14" CO="762.57" HC="4.22" NOx="12.43" PMx="0.83" fuel="12.31" electricity="0.00" noise="83.91" route="routetop" type="cfm_slow" waiting="0.00" lane="top_0" pos="36.54" speed="45.57" angle="208.77" x="4.11" y="90.47"/>
        <vehicle id="cfm_slow_1" eclass="HBEFA3/PC_G_EU4" CO2="28645.14" CO="762.57" HC="4.22" NOx="12.43" PMx="0.83" fuel="12.31" electricity="0.00" noise="83.91" route="routetop" type="cfm_slow" waiting="0.00" lane="left_0" pos="26.54" speed="45.57" angle="136.71" x="19.78" y="15.31"/>
        <vehicle id="cfm_slow_2" eclass="HBEFA3/PC_G_EU4" CO2="28645.14" CO="762.57" HC="4.22" NOx="12.43" PMx="0.83" fuel="12.31" electricity="0.00" noise="83.91" route="routebottom" type="cfm_slow" waiting="0.00" lane="bottom_0" pos="16.54" speed="45.57" angle="64.73" x="96.10" y="6.98"/>
        <vehicle id="cfm_slow_3" eclass="HBEFA3/PC_G_EU4" CO2="28645.14" CO="762.57" HC="4.22" NOx="12.43" PMx="0.83" fuel="12.31" electricity="0.00" noise="83.91" route="routebottom" type="cfm_slow" waiting="0.00" lane="right_0" pos="6.54" speed="45.57" angle="352.74" x="127.59" y="77.01"/>
        <vehicle id="cfm_slow_4" eclass="HBEFA3/PC_G_EU4" CO2="28645.14" CO="762.57" HC="4.22" NOx="12.43" PMx="0.83" fuel="12.31" electricity="0.00" noise="83.91" route="routebottom" type="cfm_slow" waiting="0.00" lane="right_0" pos="46.54" speed="45.57" angle="280.77" x="70.77" y="128.58"/>
    </timestep>
    <timestep time="4.38">
        <vehicle id="cfm_slow_0" eclass="HBEFA3/PC_G_EU4" CO2="28515.08" CO="760.16" HC="4.20" NOx="12.37" PMx="0.82" fuel="12.26" electricity="0.00" noise="83.88" route="routetop" type="cfm_slow" waiting="0.00" lane="top_0" pos="37.00" speed="45.58" angle="207.91" x="3.73" y="89.62"/>
        <vehicle id="cfm_slow_1" eclass="HBEFA3/PC_G_EU4" CO2="28515.08" CO="760.16" HC="4.20" NOx="12.37" PMx="0.82" fuel="12.26" electricity="0.00" noise="83.88" route="routetop" type="cfm_slow" waiting="0.00" lane="left_0" pos="27.00" speed="45.58" angle="135.93" x="20.47" y="14.68"/>
        <vehicle id="cfm_slow_2" eclass="HBEFA3/PC_G_EU4" CO2="28515.08" CO="760.16" HC="4.20" NOx="12.37" PMx="0.82" fuel="12.26" electricity="0.00" noise="83.88" route="routebottom" type="cfm_slow" waiting="0.00" lane="bottom_0" pos="17.00" speed="45.58" angle="63.93" x="96.90" y="7.45"/>
        <vehicle id="cfm_slow_3" eclass="HBEFA3/PC_G_EU4" CO2="28515.08" CO="760.16" HC="4.20" NOx="12.37" PMx="0.82" fuel="12.26" electricity="0.00" noise="83.88" route="routebottom" type="cfm_slow" waiting="0.00" lane="right_0" pos="7.00" speed="45.58" angle="351.87" x="127.39" y="77.92"/>
        <vehicle id="cfm_slow_4" eclass="HBEFA3/PC_G_EU4" CO2="28515.08" CO="760.16" HC="4.20" NOx="12.37" PMx="0.82" fuel="12.26" electricity="0.00" noise="83.88" route="routebottom" type="cfm_slow" waiting="0.00" lane="right_0" pos="47.00" speed="45.58" angle="279.95" x="69.84" y="128.67"/>
    </timestep>
    <timestep time="4.39">
        <vehicle id="cfm_slow_0" eclass="HBEFA3/PC_G_EU4" CO2="28386.13" CO="757.77" HC="4.19" NOx="12.31" PMx="0.82" fuel="12.20" electricity="0.00" noise="83.85" route="routetop" type="cfm_slow" waiting="0.00" lane="top_0" pos="37.45" speed="45.59" angle="207.12" x="3.37" y="88.75"/>
        <vehicle id="cfm_slow_1" eclass="HBEFA3/PC_G_EU4" CO2="28386.13" CO="757.77" HC="4.19" NOx="12.31" PMx="0.82" fuel="12.20" electricity="0.00" noise="83.85" route="routetop" type="cfm_slow" waiting="0.00" lane="left_0" pos="27.45" speed="45.59" angle="135.09" x="21.18" y="14.07"/>
        <vehicle id="cfm_slow_2" eclass="HBEFA3/PC_G_EU4" CO2="28386.13" CO="757.77" HC="4.19" NOx="12.31" PMx="0.82" fuel="12.20" electricity="0.00" noise="83.85" route="routebottom" type="cfm_slow" waiting="0.00" lane="bottom_0" pos="17.45" speed="45.59" angle="63.06" x="97.70" y="7.94"/>
        <vehicle id="cfm_slow_3" eclass="HBEFA3/PC_G_EU4" CO2="28386.13" CO="757.77" HC="4.19" NOx="12.31" PMx="0.82" fuel="12.20" electricity="0.00" noise="83.85" route="routebottom" type="cfm_slow" waiting="0.00" lane="right_0" pos="7.45" speed="45.59" angle="350.99" x="127.18" y="78.83"/>
        <vehicle id="cfm_slow_4" eclass="HBEFA3/PC_G_EU4" CO2="28386.13" CO="757.77" HC="4.19" NOx="12.31" PMx="0.82" fuel="12.20" electricity="0.00" noise="83.85" route="routebottom" type="cfm_slow" waiting="0.00" lane="right_0" pos="47.45" speed="45.59" angle="279.19" x="68.91" y="128.77"/>
    </timestep>
    <timestep time="4.40">
        <vehicle id="cfm_slow_0" eclass="HBEFA3/PC_G_EU4" CO2="28258.27" CO="755.40" HC="4.18" NOx="12.25" PMx="0.82" fuel="12.15" electricity="0.00" noise="83.81" route="routetop" type="cfm_slow" waiting="0.00" lane="top_0" pos="37.91" speed="45.60" angle="206.25" x="3.02" y="87.89"/>
        <vehicle id="cfm_slow_1" eclass="HBEFA3/PC_G_EU4" CO2="28258.27" CO="755.40" HC="4.18" NOx="12.25" PMx="0.82" fuel="12.15" electricity="0.00" noise="83.81" route="routetop" type="cfm_slow" waiting="0.00" lane="left_0" pos="27.91" speed="45.60" angle="134.25" x="21.89" y="13.47"/>
        <vehicle id="cfm_slow_2" eclass="HBEFA3/PC_G_EU4" CO2="28258.27" CO="755.40" HC="4.18" NOx="12.25" PMx="0.82" fuel="12.15" electricity="0.00" noise="83.81" route="routebottom" type="cfm_slow" waiting="0.00" lane="bottom_0" pos="17.91" speed="45.60" angle="62.25" x="98.50" y="8.42"/>
        <vehicle id="cfm_slow_3" eclass="HBEFA3/PC_G_EU4" CO2="28258.27" CO="755.40" HC="4.18" NOx="12.25" PMx="0.82" fuel="12.15" electricity="0.00" noise="83.81" route="routebottom" type="cfm_slow" waiting="0.00" lane="right_0" pos="7.91" speed="45.60" angle="350.22" x="126.95" y="79.74"/>
        <vehicle id="cfm_slow_4" eclass="HBEFA3/PC_G_EU4" CO2="28258.27" CO="755.40" HC="4.18" NOx="12.25" PMx="0.82" fuel="12.15" electricity="0.00" noise="83.81" route="routebottom" type="cfm_slow" waiting="0.00" lane="right_0" pos="47.91" speed="45.60" angle="278.31" x="67.97" y="128.82"/>
    </timestep>
    <timestep time="4.41">
        <vehicle id="cfm_slow_0" eclass="HBEFA3/PC_G_EU4" CO2="28131.50" CO="753.05" HC="4.16" NOx="12.19" PMx="0.81" fuel="12.09" electricity="0.00" noise="83.78" route="routetop" type="cfm_slow" waiting="0.00" lane="top_0" pos="38.37" speed="45.62" angle="205.40" x="2.68" y="87.02"/>
        <vehicle id="cfm_slow_1" eclass="HBEFA3/PC_G_EU4" CO2="28131.50" CO="753.05" HC="4.16" NOx="12.19" PMx="0.81" fuel="12.09" electricity="0.00" noise="83.78" route="routetop" type="cfm_slow" waiting="0.00" lane="left_0" pos="28.37" speed="45.62" angle="133.46" x="22.61" y="12.87"/>
        <vehicle id="cfm_slow_2" eclass="HBEFA3/PC_G_EU4" CO2="28131.50" CO="753.05" HC="4.16" NOx="12.19" PMx="0.81" fuel="12.09" electricity="0.00" noise="83.78" route="routebottom" type="cfm_slow" waiting="0.00" lane="bottom_0" pos="18.37" speed="45.62" angle="61.40" x="99.28" y="8.94"/>
        <vehicle id="cfm_slow_3" eclass="HBEFA3/PC_G_EU4" CO2="28131.50" CO="753.05" HC="4.16" NOx="12.19" PMx="0.81" fuel="12.09" electricity="0.00" noise="83.78" route="routebottom" type="cfm_slow" waiting="0.00" lane="right_0" pos="8.37" speed="45.62" angle="349.40" x="126.71" y="80.64"/>
        <vehicle id="cfm_slow_4" eclass="HBEFA3/PC_G_EU4" CO2="28131.50" CO="753.05" HC="4.16" NOx="12.19" PMx="0.81" fuel="12.09" electricity="0.00" noise="83.78" route="routebottom" type="cfm_slow" waiting="0.00" lane="right_0" pos="48.37" speed="45.62" angle="277.44" x="67.04" y="128.88"/>
    </timestep>
    <timestep time="4.42">
        <vehicle id="cfm_slow_0" eclass="HBEFA3/PC_G_EU4" CO2="28005.81" CO="750.72" HC="4.15" NOx="12.13" PMx="0.81" fuel="12.04" electricity="0.00" noise="83.75" route="routetop" type="cfm_slow" waiting="0.00" lane="top_0" pos="38.82" speed="45.63" angle="204.61" x="2.35" y="86.14"/>
        <vehicle id="cfm_slow_1" eclass="HBEFA3/PC_G_EU4" CO2="28005.81" CO="750.72" HC="4.15" NOx="12.13" PMx="0.81" fuel="12.04" electricity="0.00" noise="83.75" route="routetop" type="cfm_slow" waiting="0.00" lane="left_0" pos="28.82" speed="45.63" angle="132.62" x="23.35" y="12.30"/>
        <vehicle id="cfm_slow_2" eclass="HBEFA3/PC_G_EU4" CO2="28005.81" CO="750.72" HC="4.15" NOx="12.13" PMx="0.81" fuel="12.04" electricity="0.00" noise="83.75" route="routebottom" type="cfm_slow" waiting="0.00" lane="bottom_0" pos="18.82" speed="45.63" angle="60.54" x="100.06" y="9.46"/>
        <vehicle id="cfm_slow_3" eclass="HBEFA3/PC_G_EU4" CO2="28005.81" CO="750.72" HC="4.15" NOx="12.13" PMx="0.81" fuel="12.04" electricity="0.00" noise="83.75" route="routebottom" type="cfm_slow" waiting="0.00" lane="right_0" pos="8.82" speed="45.63" angle="348.58" x="126.47" y="81.55"/>
        <vehicle id="cfm_slow_4" eclass="HBEFA3/PC_G_EU4" CO2="28005.81" CO="750.72" HC="4.15" NOx="12.13" PMx="0.81" fuel="12.04" electricity="0.00" noise="83.75" route="routebottom" type="cfm_slow" waiting="0.00" lane="right_0" pos="48.82" speed="45.63" angle="276.63" x="66.11" y="128.92"/>
    </timestep>
    <timestep time="4.43">
        <vehicle id="cfm_slow_0" eclass="HBEFA3/PC_G_EU4" CO2="27881.20" CO="748.41" HC="4.14" NOx="12.07" PMx="0.81" fuel="11.98" electricity="0.00" noise="83.72" route="routetop" type="cfm_slow" waiting="0.00" lane="top_0" pos="39.28" speed="45.64" angle="203.78" x="2.04" y="85.26"/>
        <vehicle id="cfm_slow_1" eclass="HBEFA3/PC_G_EU4" CO2="27881.20" CO="748.41" HC="4.14" NOx="12.07" PMx="0.81" fuel="11.98" electricity="0.00" noise="83.72" route="routetop" type="cfm_slow" waiting="0.00" lane="left_0" pos="29.28" speed="45.64" angle="131.77" x="24.09" y="11.72"/>
        <vehicle id="cfm_slow_2" eclass="HBEFA3/PC_G_EU4" CO2="27881.20" CO="748.41" HC="4.14" NOx="12.07" PMx="0.81" fuel="11.98" electricity="0.00" noise="83.72" route="routebottom" type="cfm_slow" waiting="0.00" lane="bottom_0" pos="19.28" speed="45.64" angle="59.74" x="100.84" y="9.98"/>
        <vehicle id="cfm_slow_3" eclass="HBEFA3/PC_G_EU4" CO2="27881.20" CO="748.41" HC="4.14" NOx="12.07" PMx="0.81" fuel="11.98" electricity="0.00" noise="83.72" route="routebottom" type="cfm_slow" waiting="0.00" lane="right_0" pos="9.28" speed="45.64" angle="347.81" x="126.21" y="82.45"/>
        <vehicle id="cfm_slow_4" eclass="HBEFA3/PC_G_EU4" CO2="27881.20" CO="748.41" HC="4.14" NOx="12.07" PMx="0.81" fuel="11.98" electricity="0.00" noise="83.72" route="routebottom" type="cfm_slow" waiting="0.00" lane="right_0" pos="49.28" speed="45.64" angle="275.79" x="65.17" y="128.94"/>
    </timestep>
    <timestep time="4.44">
        <vehicle id="cfm_slow_0" eclass="HBEFA3/PC_G_EU4" CO2="27757.64" CO="746.12" HC="4.12" NOx="12.01" PMx="0.80" fuel="11.93" electricity="0.00" noise="83.69" route="routetop" type="cfm_slow" waiting="0.00" lane="top_0" pos="39.73" speed="45.65" angle="203.00" x="1.72" y="84.38"/>
        <vehicle id="cfm_slow_1" eclass="HBEFA3/PC_G_EU4" CO2="27757.64" CO="746.12" HC="4.12" NOx="12.01" PMx="0.80" fuel="11.93" electricity="0.00" noise="83.69" route="routetop" type="cfm_slow" waiting="0.00" lane="left_0" pos="29.73" speed="45.65" angle="130.98" x="24.84" y="11.16"/>
        <vehicle id="cfm_slow_2" eclass="HBEFA3/PC_G_EU4" CO2="27757.64" CO="746.12" HC="4.12" NOx="12.01" PMx="0.80" fuel="11.93" electricity="0.00" noise="83.69" route="routebottom" type="cfm_slow" waiting="0.00" lane="bottom_0" pos="19.73" speed="45.65" angle="58.91" x="101.60" y="10.52"/>
        <vehicle id="cfm_slow_3" eclass="HBEFA3/PC_G_EU4" CO2="27757.64" CO="746.12" HC="4.12" NOx="12.01" PMx="0.80" fuel="11.93" electricity="0.00" noise="83.69" route="routebottom" type="cfm_slow" waiting="0.00" lane="right_0" pos="9.73" speed="45.65" angle="346.98" x="125.93" y="83.34"/>
        <vehicle id="cfm_slow_4" eclass="HBEFA3/PC_G_EU4" CO2="27757.64" CO="746.12" HC="4.12" NOx="12.01" PMx="0.80" fuel="11.93" electricity="0.00" noise="83.69" route="routebottom" type="cfm_slow" waiting="0.00" lane="right_0" pos="49.73" speed="45.65" angle="274.95" x="64.23" y="128.96"/>
    </timestep>
    <timestep time="4.45">
        <vehicle id="cfm_slow_0" eclass="HBEFA3/PC_G_EU4" CO2="27635.14" CO="743.85" HC="4.11" NOx="11.95" PMx="0.80" fuel="11.88" electricity="0.00" noise="83.66" route="routetop" type="cfm_slow" waiting="0.00" lane="top_0" pos="40.19" speed="45.67" angle="202.16" x="1.44" y="83.48"/>
        <vehicle id="cfm_slow_1" eclass="HBEFA3/PC_G_EU4" CO2="27635.14" CO="743.85" HC="4.11" NOx="11.95" PMx="0.80" fuel="11.88" electricity="0.00" noise="83.66" route="routetop" type="cfm_slow" waiting="0.00" lane="left_0" pos="30.19" speed="45.67" angle="130.13" x="25.60" y="10.61"/>
        <vehicle id="cfm_slow_2" eclass="HBEFA3/PC_G_EU4" CO2="27635.14" CO="743.85" HC="4.11" NOx="11.95" PMx="0.80" fuel="11.88" electricity="0.00" noise="83.66" route="routebottom" type="cfm_slow" waiting="0.00" lane="bottom_0" pos="20.19" speed="45.67" angle="58.08" x="102.36" y="11.07"/>
        <vehicle id="cfm_slow_3" eclass="HBEFA3/PC_G_EU4" CO2="27635.14" CO="743.85" HC="4.11" NOx="11.95" PMx="0.80" fuel="11.88" electricity="0.00" noise="83.66" route="routebottom" type="cfm_slow" waiting="0.00" lane="right_0" pos="10.19" speed="45.67" angle="346.18" x="125.66" y="84.23"/>
        <vehicle id="cfm_slow_4" eclass="HBEFA3/PC_G_EU4" CO2="27635.14" CO="743.85" HC="4.11" NOx="11.95" PMx="0.80" fuel="11.88" electricity="0.00" noise="83.66" route="routetop" type="cfm_slow" waiting="0.00" lane="top_0" pos="0.19" speed="45.67" angle="274.14" x="63.24" y="128.96"/>
    </timestep>
    <timestep time="4.46">
        <vehicle id="cfm_slow_0" eclass="HBEFA3/PC_G_EU4" CO2="27513.68" CO="741.59" HC="4.10" NOx="11.90" PMx="0.80" fuel="11.83" electricity="0.00" noise="83.63" route="routetop" type="cfm_slow" waiting="0.00" lane="top_0" pos="40.65" speed="45.68" angle="201.30" x="1.16" y="82.59"/>
        <vehicle id="cfm_slow_1" eclass="HBEFA3/PC_G_EU4" CO2="27513.68" CO="741.59" HC="4.10" NOx="11.90" PMx="0.80" fuel="11.83" electricity="0.00" noise="83.63" route="routetop" type="cfm_slow" waiting="0.00" lane="left_0" pos="30.65" speed="45.68" angle="129.29" x="26.36" y="10.07"/>
        <vehicle id="cfm_slow_2" eclass="HBEFA3/PC_G_EU4" CO2="27513.68" CO="741.59" HC="4.10" NOx="11.90" PMx="0.80" fuel="11.83" electricity="0.00" noise="83.63" route="routebottom" type="cfm_slow" waiting="0.00" lane="bottom_0" pos="20.65" speed="45.68" angle="57.30" x="103.11" y="11.63"/>
        <vehicle id="cfm_slow_3" eclass="HBEFA3/PC_G_EU4" CO2="27513.68" CO="741.59" HC="4.10" NOx="11.90" PMx="0.80" fuel="11.83" electricity="0.00" noise="83.63" route="routebottom" type="cfm_slow" waiting="0.00" lane="right_0" pos="10.65" speed="45.68" angle="345.33" x="125.34" y="85.12"/>
        <vehicle id="cfm_slow_4" eclass="HBEFA3/PC_G_EU4" CO2="27513.68" CO="741.59" HC="4.10" NOx="11.90" PMx="0.80" fuel="11.83" electricity="0.00" noise="83.63" route="routetop" type="cfm_slow" waiting="0.00" lane="top_0" pos="0.65" speed="45.68" angle="273.31" x="62.30" y="128.94"/>
    </timestep>
    <timestep time="4.47">
        <vehicle id="cfm_slow_0" eclass="HBEFA3/PC_G_EU4" CO2="27393.26" CO="739.36" HC="4.08" NOx="11.84" PMx="0.80" fuel="11.78" electricity="0.00" noise="83.60" route="routetop" type="cfm_slow" waiting="0.00" lane="top_0" pos="41.10" speed="45.69" angle="200.51" x="0.89" y="81.69"/>
        <vehicle id="cfm_slow_1" eclass="HBEFA3/PC_G_EU4" CO2="27393.26" CO="739.36" HC="4.08" NOx="11.84" PMx="0.80" fuel="11.78" electricity="0.00" noise="83.60" route="routetop" type="cfm_slow" waiting="0.00" lane="left_0" pos="31.10" speed="45.69" angle="128.51" x="27.13" y="9.54"/>
        <vehicle id="cfm_slow_2" eclass="HBEFA3/PC_G_EU4" CO2="27393.26" CO="739.36" HC="4.08" NOx="11.84" PMx="0.80" fuel="11.78" electricity="0.00" noise="83.60" route="routebottom" type="cfm_slow" waiting="0.00" lane="bottom_0" pos="21.10" speed="45.69" angle="56.47" x="103.85" y="12.20"/>
        <vehicle id="cfm_slow_3" eclass="HBEFA3/PC_G_EU4" CO2="27393.26" CO="739.36" HC="4.08" NOx="11.84" PMx="0.80" fuel="11.78" electricity="0.00" noise="83.60" route="routebottom" type="cfm_slow" waiting="0.00" lane="right_0" pos="11.10" speed="45.69" angle="344.44" x="125.02" y="86.00"/>
        <vehicle id="cfm_slow_4" eclass="HBEFA3/PC_G_EU4" CO2="27393.26" CO="739.36" HC="4.08" NOx="11.84" PMx="0.80" fuel="11.78" electricity="0.00" noise="83.60" route="routetop" type="cfm_slow" waiting="0.00" lane="top_0" pos="1.10" speed="45.69" angle="272.47" x="61.37" y="128.93"/>
    </timestep>
    <timestep time="4.48">
        <vehicle id="cfm_slow_0" eclass="HBEFA3/PC_G_EU4" CO2="27273.87" CO="737.15" HC="4.07" NOx="11.78" PMx="0.79" fuel="11.72" electricity="0.00" noise="83.57" route="routetop" type="cfm_slow" waiting="0.00" lane="top_0" pos="41.56" speed="45.70" angle="199.67" x="0.65" y="80.79"/>
        <vehicle id="cfm_slow_1" eclass="HBEFA3/PC_G_EU4" CO2="27273.87" CO="737.15" HC="4.07" NOx="11.78" PMx="0.79" fuel="11.72" electricity="0.00" noise="83.57" route="routetop" type="cfm_slow" waiting="0.00" lane="left_0" pos="31.56" speed="45.70" angle="127.69" x="27.91" y="9.02"/>
        <vehicle id="cfm_slow_2" eclass="HBEFA3/PC_G_EU4" CO2="27273.87" CO="737.15" HC="4.07" NOx="11.78" PMx="0.79" fuel="11.72" electricity="0.00" noise="83.57" route="routebottom" type="cfm_slow" waiting="0.00" lane="bottom_0" pos="21.56" speed="45.70" angle="55.63" x="104.59" y="12.78"/>
        <vehicle id="cfm_slow_3" eclass="HBEFA3/PC_G_EU4" CO2="27273.87" CO="737.15" HC="4.07" NOx="11.78" PMx="0.79" fuel="11.72" electricity="0.00" noise="83.57" route="routebottom" type="cfm_slow" waiting="0.00" lane="right_0" pos="11.56" speed="45.70" angle="343.63" x="124.70" y="86.88"/>
        <vehicle id="cfm_slow_4" eclass="HBEFA3/PC_G_EU4" CO2="27273.87" CO="737.15" HC="4.07" NOx="11.78" PMx="0.79" fuel="11.72" electricity="0.00" noise="83.57" route="routetop" type="cfm_slow" waiting="0.00" lane="top_0" pos="1.56" speed="45.70" angle="271.68" x="60.43" y="128.89"/>
    </timestep>
    <timestep time="4.49">
        <vehicle id="cfm_slow_0" eclass="HBEFA3/PC_G_EU4" CO2="27155.50" CO="734.95" HC="4.06" NOx="11.73" PMx="0.79" fuel="11.67" electricity="0.00" noise="83.54" route="routetop" type="cfm_slow" waiting="0.00" lane="top_0" pos="42.02" speed="45.71" angle="198.83" x="0.41" y="79.88"/>
        <vehicle id="cfm_slow_1" eclass="HBEFA3/PC_G_EU4" CO2="27155.50" CO="734.95" HC="4.06" NOx="11.73" PMx="0.79" fuel="11.67" electricity="0.00" noise="83.54" route="routetop" type="cfm_slow" waiting="0.00" lane="left_0" pos="32.02" speed="45.71" angle="126.91" x="28.69" y="8.50"/>
        <vehicle id="cfm_slow_2" eclass="HBEFA3/PC_G_EU4" CO2="27155.50" CO="734.95" HC="4.06" NOx="11.73" PMx="0.79" fuel="11.67" electricity="0.00" noise="83.54" route="routebottom" type="cfm_slow" waiting="0.00" lane="bottom_0" pos="22.02" speed="45.71" angle="54.85" x="105.32" y="13.37"/>
        <vehicle id="cfm_slow_3" eclass="HBEFA3/PC_G_EU4" CO2="27155.50" CO="734.95" HC="4.06" NOx="11.73" PMx="0.79" fuel="11.67" electricity="0.00" noise="83.54" route="routebottom" type="cfm_slow" waiting="0.00" lane="right_0" pos="12.02" speed="45.71" angle="342.82" x="124.35" y="87.75"/>
        <vehicle id="cfm_slow_4" eclass="HBEFA3/PC_G_EU4" CO2="27155.50" CO="734.95" HC="4.06" NOx="11.73" PMx="0.79" fuel="11.67" electricity="0.00" noise="83.54" route="routetop" type="cfm_slow" waiting="0.00" lane="top_0" pos="2.02" speed="45.71" angle="270.85" x="59.49" y="128.83"/>
    </timestep>
    <timestep time="4.50">
        <vehicle id="cfm_slow_0" eclass="HBEFA3/PC_G_EU4" CO2="27038.14" CO="732.78" HC="4.04" NOx="11.67" PMx="0.79" fuel="11.62" electricity="0.00" noise="83.51" route="routetop" type="cfm_slow" waiting="0.00" lane="top_0" pos="42.48" speed="45.73" angle="198.06" x="0.18" y="78.97"/>
        <vehicle id="cfm_slow_1" eclass="HBEFA3/PC_G_EU4" CO2="27038.14" CO="732.78" HC="4.04" NOx="11.67" PMx="0.79" fuel="11.62" electricity="0.00" noise="83.51" route="routetop" type="cfm_slow" waiting="0.00" lane="left_0" pos="32.48" speed="45.73" angle="126.08" x="29.49" y="8.01"/>
        <vehicle id="cfm_slow_2" eclass="HBEFA3/PC_G_EU4" CO2="27038.14" CO="732.78" HC="4.04" NOx="11.67" PMx="0.79" fuel="11.62" electricity="0.00" noise="83.51" route="routebottom" type="cfm_slow" waiting="0.00" lane="bottom_0" pos="22.48" speed="45.73" angle="54.02" x="106.03" y="13.98"/>
        <vehicle id="cfm_slow_3" eclass="HBEFA3/PC_G_EU4" CO2="27038.14" CO="732.78" HC="4.04" NOx="11.67" PMx="0.79" fuel="11.62" electricity="0.00" noise="83.51" route="routebottom" type="cfm_slow" waiting="0.00" lane="right_0" pos="12.48" speed="45.73" angle="342.02" x="124.00" y="88.62"/>
        <vehicle id="cfm_slow_4" eclass="HBEFA3/PC_G_EU4" CO2="27038.14" CO="732.78" HC="4.04" NOx="11.67" PMx="0.79" fuel="11.62" electricity="0.00" noise="83.51" route="routetop" type="cfm_slow" waiting="0.00" lane="top_0" pos="2.48" speed="45.73" angle="270.03" x="58.56" y="128.78"/>
    </timestep>
    <timestep time="4.51">
        <vehicle id="cfm_slow_0" eclass="HBEFA3/PC_G_EU4" CO2="26921.78" CO="730.62" HC="4.03" NOx="11.62" PMx="0.78" fuel="11.57" electricity="0.00" noise="83.48" route="routetop" type="cfm_slow" waiting="0.00" lane="top_0" pos="42.93" speed="45.74" angle="197.24" x="-0.03" y="78.06"/>
        <vehicle id="cfm_slow_1" eclass="HBEFA3/PC_G_EU4" CO2="26921.78" CO="730.62" HC="4.03" NOx="11.62" PMx="0.78" fuel="11.57" electricity="0.00" noise="83.48" route="routetop" type="cfm_slow" waiting="0.00" lane="left_0" pos="32.93" speed="45.74" angle="125.22" x="30.30" y="7.53"/>
        <vehicle id="cfm_slow_2" eclass="HBEFA3/PC_G_EU4" CO2="26921.78" CO="730.62" HC="4.03" NOx="11.62" PMx="0.78" fuel="11.57" electricity="0.00" noise="83.48" route="routebottom" type="cfm_slow" waiting="0.00" lane="bottom_0" pos="22.93" speed="45.74" angle="53.19" x="106.75" y="14.58"/>
        <vehicle id="cfm_slow_3" eclass="HBEFA3/PC_G_EU4" CO2="26921.78" CO="730.62" HC="4.03" NOx="11.62" PMx="0.78" fuel="11.57" electricity="0.00" noise="83.48" route="routebottom" type="cfm_slow" waiting="0.00" lane="right_0" pos="12.93" speed="45.74" angle="341.25" x="123.65" y="89.49"/>
        <vehicle id="cfm_slow_4" eclass="HBEFA3/PC_G_EU4" CO2="26921.78" CO="730.62" HC="4.03" NOx="11.62" PMx="0.78" fuel="11.57" electricity="0.00" noise="83.48" route="routetop" type="cfm_slow" waiting="0.00" lane="top_0" pos="2.93" speed="45.74" angle="269.24" x="57.62" y="128.69"/>
    </timestep>
    <timestep time="4.52">
        <vehicle id="cfm_slow_0" eclass="HBEFA3/PC_G_EU4" CO2="26806.43" CO="728.48" HC="4.02" NOx="11.56" PMx="0.78" fuel="11.52" electricity="0.00" noise="83.45" route="routetop" type="cfm_slow" waiting="0.00" lane="top_0" pos="43.39" speed="45.75" angle="196.41" x="-0.23" y="77.14"/>
        <vehicle id="cfm_slow_1" eclass="HBEFA3/PC_G_EU4" CO2="26806.43" CO="728.48" HC="4.02" NOx="11.56" PMx="0.78" fuel="11.52" electricity="0.00" noise="83.45" route="routetop" type="cfm_slow" waiting="0.00" lane="left_0" pos="33.39" speed="45.75" angle="124.43" x="31.10" y="7.05"/>
        <vehicle id="cfm_slow_2" eclass="HBEFA3/PC_G_EU4" CO2="26806.43" CO="728.48" HC="4.02" NOx="11.56" PMx="0.78" fuel="11.52" electricity="0.00" noise="83.45" route="routebottom" type="cfm_slow" waiting="0.00" lane="bottom_0" pos="23.39" speed="45.75" angle="52.43" x="107.45" y="15.21"/>
        <vehicle id="cfm_slow_3" eclass="HBEFA3/PC_G_EU4" CO2="26806.43" CO="728.48" HC="4.02" NOx="11.56" PMx="0.78" fuel="11.52" electricity="0.00" noise="83.45" route="routebottom" type="cfm_slow" waiting="0.00" lane="right_0" pos="13.39" speed="45.75" angle="340.39" x="123.26" y="90.34"/>
        <vehicle id="cfm_slow_4" eclass="HBEFA3/PC_G_EU4" CO2="26806.43" CO="728.48" HC="4.02" NOx="11.56" PMx="0.78" fuel="11.52" electricity="0.00" noise="83.45" route="routetop" type="cfm_slow" waiting="0.00" lane="top_0" pos="3.39" speed="45.75" angle="268.40" x="56.69" y="128.59"/>
    </timestep>
    <timestep time="4.53">
        <vehicle id="cfm_slow_0" eclass="HBEFA3/PC_G_EU4" CO2="26692.06" CO="726.36" HC="4.01" NOx="11.51" PMx="0.78" fuel="11.47" electricity="0.00" noise="83.43" route="routetop" type="cfm_slow" waiting="0.00" lane="top_0" pos="43.85" speed="45.76" angle="195.62" x="-0.42" y="76.22"/>
        <vehicle id="cfm_slow_1" eclass="HBEFA3/PC_G_EU4" CO2="26692.06" CO="726.36" HC="4.01" NOx="11.51" PMx="0.78" fuel="11.47" electricity="0.00" noise="83.43" route="routetop" type="cfm_slow" waiting="0.00" lane="left_0" pos="33.85" speed="45.76" angle="123.60" x="31.92" y="6.59"/>
        <vehicle id="cfm_slow_2" eclass="HBEFA3/PC_G_EU4" CO2="26692.06" CO="726.36" HC="4.01" NOx="11.51" PMx="0.78" fuel="11.47" electricity="0.00" noise="83.43" route="routebottom" type="cfm_slow" waiting="0.00" lane="bottom_0" pos="23.85" speed="45.76" angle="51.61" x="108.14" y="15.85"/>
        <vehicle id="cfm_slow_3" eclass="HBEFA3/PC_G_EU4" CO2="26692.06" CO="726.36" HC="4.01" NOx="11.51" PMx="0.78" fuel="11.47" electricity="0.00" noise="83.43" route="routebottom" type="cfm_slow" waiting="0.00" lane="right_0" pos="13.85" speed="45.76" angle="339.53" x="122.88" y="91.20"/>
        <vehicle id="cfm_slow_4" eclass="HBEFA3/PC_G_EU4" CO2="26692.06" CO="726.36" HC="4.01" NOx="11.51" PMx="0.78" fuel="11.47" electricity="0.00" noise="83.43" route="routetop" type="cfm_slow" waiting="0.00" lane="top_0" pos="3.85" speed="45.76" angle="267.61" x="55.76" y="128.50"/>
    </timestep>
    <timestep time="4.54">
        <vehicle id="cfm_slow_0" eclass="HBEFA3/PC_G_EU4" CO2="26578.67" CO="724.26" HC="3.99" NOx="11.45" PMx="0.77" fuel="11.42" electricity="0.00" noise="83.40" route="routetop" type="cfm_slow" waiting="0.00" lane="top_0" pos="44.31" speed="45.77" angle="194.77" x="-0.59" y="75.30"/>
        <vehicle id="cfm_slow_1" eclass="HBEFA3/PC_G_EU4" CO2="26578.67" CO="724.26" HC="3.99" NOx="11.45" PMx="0.77" fuel="11.42" electricity="0.00" noise="83.40" route="routetop" type="cfm_slow" waiting="0.00" lane="left_0" pos="34.31" speed="45.77" angle="122.78" x="32.74" y="6.14"/>
        <vehicle id="cfm_slow_2" eclass="HBEFA3/PC_G_EU4" CO2="26578.67" CO="724.26" HC="3.99" NOx="11.45" PMx="0.77" fuel="11.42" electricity="0.00" noise="83.40" route="routebottom" type="cfm_slow" waiting="0.00" lane="bottom_0" pos="24.31" speed="45.77" angle="50.82" x="108.83" y="16.48"/>
        <vehicle id="cfm_slow_3" eclass="HBEFA3/PC_G_EU4" CO2="26578.67" CO="724.26" HC="3.99" NOx="11.45" PMx="0.77" fuel="11.42" electricity="0.00" noise="83.40" route="routebottom" type="cfm_slow" waiting="0.00" lane="right_0" pos="14.31" speed="45.77" angle="338.73" x="122.48" y="92.05"/>
        <vehicle id="cfm_slow_4" eclass="HBEFA3/PC_G_EU4" CO2="26578.67" CO="724.26" HC="3.99" NOx="11.45" PMx="0.77" fuel="11.42" electricity="0.00" noise="83.40" route="routetop" type="cfm_slow" waiting="0.00" lane="top_0" pos="4.31" speed="45.77" angle="266.77" x="54.83" y="128.36"/>
    </timestep>
    <timestep time="4.55">
        <vehicle id="cfm_slow_0" eclass="HBEFA3/PC_G_EU4" CO2="26466.25" CO="722.17" HC="3.98" NOx="11.40" PMx="0.77" fuel="11.38" electricity="0.00" noise="83.37" route="routetop" type="cfm_slow" waiting="0.00" lane="top_0" pos="44.76" speed="45.78" angle="193.93" x="-0.77" y="74.38"/>
        <vehicle id="cfm_slow_1" eclass="HBEFA3/PC_G_EU4" CO2="26466.25" CO="722.17" HC="3.98" NOx="11.40" PMx="0.77" fuel="11.38" electricity="0.00" noise="83.37" route="routetop" type="cfm_slow" waiting="0.00" lane="left_0" pos="34.76" speed="45.78" angle="122.01" x="33.57" y="5.70"/>
        <vehicle id="cfm_slow_2" eclass="HBEFA3/PC_G_EU4" CO2="26466.25" CO="722.17" HC="3.98" NOx="11.40" PMx="0.77" fuel="11.38" electricity="0.00" noise="83.37" route="routebottom" type="cfm_slow" waiting="0.00" lane="bottom_0" pos="24.76" speed="45.78" angle="49.98" x="109.49" y="17.15"/>
        <vehicle id="cfm_slow_3" eclass="HBEFA3/PC_G_EU4" CO2="26466.25" CO="722.17" HC="3.98" NOx="11.40" PMx="0.77" fuel="11.38" electricity="0.00" noise="83.37" route="routebottom" type="cfm_slow" waiting="0.00" lane="right_0" pos="14.76" speed="45.78" angle="337.87" x="122.06" y="92.89"/>
        <vehicle id="cfm_slow_4" eclass="HBEFA3/PC_G_EU4" CO2="26466.25" CO="722.17" HC="3.98" NOx="11.40" PMx="0.77" fuel="11.38" electricity="0.00" noise="83.37" route="routetop" type="cfm_slow" waiting="0.00" lane="top_0" pos="4.76" speed="45.78" angle="265.94" x="53.90" y="128.23"/>
    </timestep>
    <timestep time="4.56">
        <vehicle id="cfm_slow_0" eclass="HBEFA3/PC_G_EU4" CO2="26354.80" CO="720.10" HC="3.97" NOx="11.35" PMx="0.77" fuel="11.33" electricity="0.00" noise="83.35" route="routetop" type="cfm_slow" waiting="0.00" lane="top_0" pos="45.22" speed="45.79" angle="193.15" x="-0.91" y="73.45"/>
        <vehicle id="cfm_slow_1" eclass="HBEFA3/PC_G_EU4" CO2="26354.80" CO="720.10" HC="3.97" NOx="11.35" PMx="0.77" fuel="11.33" electricity="0.00" noise="83.35" route="routetop" type="cfm_slow" waiting="0.00" lane="left_0" pos="35.22" speed="45.79" angle="121.17" x="34.41" y="5.28"/>
        <vehicle id="cfm_slow_2" eclass="HBEFA3/PC_G_EU4" CO2="26354.80" CO="720.10" HC="3.97" NOx="11.35" PMx="0.77" fuel="11.33" electricity="0.00" noise="83.35" route="routebottom" type="cfm_slow" waiting="0.00" lane="bottom_0" pos="25.22" speed="45.79" angle="49.11" x="110.15" y="17.81"/>
        <vehicle id="cfm_slow_3" eclass="HBEFA3/PC_G_EU4" CO2="26354.80" CO="720.10" HC="3.97" NOx="11.35" PMx="0.77" fuel="11.33" electricity="0.00" noise="83.35" route="routebottom" type="cfm_slow" waiting="0.00" lane="right_0" pos="15.22" speed="45.79" angle="337.02" x="121.64" y="93.73"/>
        <vehicle id="cfm_slow_4" eclass="HBEFA3/PC_G_EU4" CO2="26354.80" CO="720.10" HC="3.97" NOx="11.35" PMx="0.77" fuel="11.33" electricity="0.00" noise="83.35" route="routetop" type="cfm_slow" waiting="0.00" lane="top_0" pos="5.22" speed="45.79" angle="265.12" x="52.97" y="128.09"/>
    </timestep>
    <timestep time="4.57">
        <vehicle id="cfm_slow_0" eclass="HBEFA3/PC_G_EU4" CO2="26244.31" CO="718.05" HC="3.96" NOx="11.30" PMx="0.77" fuel="11.28" electricity="0.00" noise="83.32" route="routetop" type="cfm_slow" waiting="0.00" lane="top_0" pos="45.68" speed="45.80" angle="192.32" x="-1.04" y="72.52"/>
        <vehicle id="cfm_slow_1" eclass="HBEFA3/PC_G_EU4" CO2="26244.31" CO="718.05" HC="3.96" NOx="11.30" PMx="0.77" fuel="11.28" electricity="0.00" noise="83.32" route="routetop" type="cfm_slow" waiting="0.00" lane="left_0" pos="35.68" speed="45.80" angle="120.33" x="35.25" y="4.86"/>
        <vehicle id="cfm_slow_2" eclass="HBEFA3/PC_G_EU4" CO2="26244.31" CO="718.05" HC="3.96" NOx="11.30" PMx="0.77" fuel="11.28" electricity="0.00" noise="83.32" route="routebottom" type="cfm_slow" waiting="0.00" lane="bottom_0" pos="25.68" speed="45.80" angle="48.31" x="110.81" y="18.48"/>
        <vehicle id="cfm_slow_3" eclass="HBEFA3/PC_G_EU4" CO2="26244.31" CO="718.05" HC="3.96" NOx="11.30" PMx="0.77" fuel="11.28" electricity="0.00" noise="83.32" route="routebottom" type="cfm_slow" waiting="0.00" lane="right_0" pos="15.68" speed="45.80" angle="336.26" x="121.20" y="94.55"/>
        <vehicle id="cfm_slow_4" eclass="HBEFA3/PC_G_EU4" CO2="26244.31" CO="718.05" HC="3.96" NOx="11.30" PMx="0.77" fuel="11.28" electricity="0.00" noise="83.32" route="routetop" type="cfm_slow" waiting="0.00" lane="top_0" pos="5.68" speed="45.80" angle="264.28" x="52.05" y="127.92"/>
    </timestep>
    <timestep time="4.58">
        <vehicle id="cfm_slow_0" eclass="HBEFA3/PC_G_EU4" CO2="26134.77" CO="716.02" HC="3.94" NOx="11.24" PMx="0.76" fuel="11.23" electricity="0.00" noise="83.29" route="routetop" type="cfm_slow" waiting="0.00" lane="top_0" pos="46.14" speed="45.82" angle="191.53" x="-1.17" y="71.59"/>
        <vehicle id="cfm_slow_1" eclass="HBEFA3/PC_G_EU4" CO2="26134.77" CO="716.02" HC="3.94" NOx="11.24" PMx="0.76" fuel="11.23" electricity="0.00" noise="83.29" route="routetop" type="cfm_slow" waiting="0.00" lane="left_0" pos="36.14" speed="45.82" angle="119.53" x="36.10" y="4.45"/>
        <vehicle id="cfm_slow_2" eclass="HBEFA3/PC_G_EU4" CO2="26134.77" CO="716.02" HC="3.94" NOx="11.24" PMx="0.76" fuel="11.23" electricity="0.00" noise="83.29" route="routebottom" type="cfm_slow" waiting="0.00" lane="bottom_0" pos="26.14" speed="45.82" angle="47.47" x="111.45" y="19.17"/>
        <vehicle id="cfm_slow_3" eclass="HBEFA3/PC_G_EU4" CO2="26134.77" CO="716.02" HC="3.94" NOx="11.24" PMx="0.76" fuel="11.23" electricity="0.00" noise="83.29" route="routebottom" type="cfm_slow" waiting="0.00" lane="right_0" pos="16.14" speed="45.82" angle="335.45" x="120.74" y="95.38"/>
        <vehicle id="cfm_slow_4" eclass="HBEFA3/PC_G_EU4" CO2="26134.77" CO="716.02" HC="3.94" NOx="11.24" PMx="0.76" fuel="11.23" electricity="0.00" noise="83.29" route="routetop" type="cfm_slow" waiting="0.00" lane="top_0" pos="6.14" speed="45.82" angle="263.44" x="51.12" y="127.75"/>
    </timestep>
    <timestep time="4.59">
        <vehicle id="cfm_slow_0" eclass="HBEFA3/PC_G_EU4" CO2="26026.17" CO="714.01" HC="3.93" NOx="11.19" PMx="0.76" fuel="11.19" electricity="0.00" noise="83.27" route="routetop" type="cfm_slow" waiting="0.00" lane="top_0" pos="46.60" speed="45.83" angle="190.68" x="-1.27" y="70.65"/>
        <vehicle id="cfm_slow_1" eclass="HBEFA3/PC_G_EU4" CO2="26026.17" CO="714.01" HC="3.93" NOx="11.19" PMx="0.76" fuel="11.19" electricity="0.00" noise="83.27" route="routetop" type="cfm_slow" waiting="0.00" lane="left_0" pos="36.60" speed="45.83" angle="118.66" x="36.96" y="4.07"/>
        <vehicle id="cfm_slow_2" eclass="HBEFA3/PC_G_EU4" CO2="26026.17" CO="714.01" HC="3.93" NOx="11.19" PMx="0.76" fuel="11.19" electricity="0.00" noise="83.27" route="routebottom" type="cfm_slow" waiting="0.00" lane="bottom_0" pos="26.60" speed="45.83" angle="46.64" x="112.09" y="19.86"/>
        <vehicle id="cfm_slow_3" eclass="HBEFA3/PC_G_EU4" CO2="26026.17" CO="714.01" HC="3.93" NOx="11.19" PMx="0.76" fuel="11.19" electricity="0.00" noise="83.27" route="routebottom" type="cfm_slow" waiting="0.00" lane="right_0" pos="16.60" speed="45.83" angle="334.65" x="120.29" y="96.20"/>
        <vehicle id="cfm_slow_4" eclass="HBEFA3/PC_G_EU4" CO2="26026.17" CO="714.01" HC="3.93" NOx="11.19" PMx="0.76" fuel="11.19" electricity="0.00" noise="83.27" route="routetop" type="cfm_slow" waiting="0.00" lane="top_0" pos="6.60" speed="45.83" angle="262.64" x="50.20" y="127.57"/>
    </timestep>
    <timestep time="4.60">
        <vehicle id="cfm_slow_0" eclass="HBEFA3/PC_G_EU4" CO2="25918.50" CO="712.01" HC="3.92" NOx="11.14" PMx="0.76" fuel="11.14" electricity="0.00" noise="83.24" route="routetop" type="cfm_slow" waiting="0.00" lane="top_0" pos="47.05" speed="45.84" angle="189.82" x="-1.36" y="69.72"/>
        <vehicle id="cfm_slow_1" eclass="HBEFA3/PC_G_EU4" CO2="25918.50" CO="712.01" HC="3.92" NOx="11.14" PMx="0.76" fuel="11.14" electricity="0.00" noise="83.24" route="routetop" type="cfm_slow" waiting="0.00" lane="left_0" pos="37.05" speed="45.84" angle="117.78" x="37.81" y="3.68"/>
        <vehicle id="cfm_slow_2" eclass="HBEFA3/PC_G_EU4" CO2="25918.50" CO="712.01" HC="3.92" NOx="11.14" PMx="0.76" fuel="11.14" electricity="0.00" noise="83.24" route="routebottom" type="cfm_slow" waiting="0.00" lane="bottom_0" pos="27.05" speed="45.84" angle="45.85" x="112.72" y="20.55"/>
        <vehicle id="cfm_slow_3" eclass="HBEFA3/PC_G_EU4" CO2="25918.50" CO="712.01" HC="3.92" NOx="11.14" PMx="0.76" fuel="11.14" electricity="0.00" noise="83.24" route="routebottom" type="cfm_slow" waiting="0.00" lane="right_0" pos="17.05" speed="45.84" angle="333.83" x="119.81" y="97.01"/>
        <vehicle id="cfm_slow_4" eclass="HBEFA3/PC_G_EU4" CO2="25918.50" CO="712.01" HC="3.92" NOx="11.14" PMx="0.76" fuel="11.14" electricity="0.00" noise="83.24" route="routetop" type="cfm_slow" waiting="0.00" lane="top_0" pos="7.05" speed="45.84" angle="261.75" x="49.29" y="127.36"/>
    </timestep>
    <timestep time="4.61">
        <vehicle id="cfm_slow_0" eclass="HBEFA3/PC_G_EU4" CO2="25811.76" CO="710.03" HC="3.91" NOx="11.09" PMx="0.76" fuel="11.10" electricity="0.00" noise="83.22" route="routetop" type="cfm_slow" waiting="0.00" lane="top_0" pos="47.51" speed="45.85" angle="189.03" x="-1.45" y="68.78"/>
        <vehicle id="cfm_slow_1" eclass="HBEFA3/PC_G_EU4" CO2="25811.76" CO="710.03" HC="3.91" NOx="11.09" PMx="0.76" fuel="11.10" electricity="0.00" noise="83.22" route="routetop" type="cfm_slow" waiting="0.00" lane="left_0" pos="37.51" speed="45.85" angle="116.99" x="38.68" y="3.33"/>
        <vehicle id="cfm_slow_2" eclass="HBEFA3/PC_G_EU4" CO2="25811.76" CO="710.03" HC="3.91" NOx="11.09" PMx="0.76" fuel="11.10" electricity="0.00" noise="83.22" route="routebottom" type="cfm_slow" waiting="0.00" lane="bottom_0" pos="27.51" speed="45.85" angle="44.98" x="113.33" y="21.27"/>
        <vehicle id="cfm_slow_3" eclass="HBEFA3/PC_G_EU4" CO2="25811.76" CO="710.03" HC="3.91" NOx="11.09" PMx="0.76" fuel="11.10" electricity="0.00" noise="83.22" route="routebottom" type="cfm_slow" waiting="0.00" lane="right_0" pos="17.51" speed="45.85" angle="332.98" x="119.32" y="97.81"/>
        <vehicle id="cfm_slow_4" eclass="HBEFA3/PC_G_EU4" CO2="25811.76" CO="710.03" HC="3.91" NOx="11.09" PMx="0.76" fuel="11.10" electricity="0.00" noise="83.22" route="routetop" type="cfm_slow" waiting="0.00" lane="top_0" pos="7.51" speed="45.85" angle="260.86" x="48.37" y="127.15"/>
    </timestep>
    <timestep time="4.62">
        <vehicle id="cfm_slow_0" eclass="HBEFA3/PC_G_EU4" CO2="25705.94" CO="708.07" HC="3.90" NOx="11.04" PMx="0.75" fuel="11.05" electricity="0.00" noise="83.19" route="routetop" type="cfm_slow" waiting="0.00" lane="top_0" pos="47.97" speed="45.86" angle="188.19" x="-1.51" y="67.85"/>
        <vehicle id="cfm_slow_1" eclass="HBEFA3/PC_G_EU4" CO2="25705.94" CO="708.07" HC="3.90" NOx="11.04" PMx="0.75" fuel="11.05" electricity="0.00" noise="83.19" route="routetop" type="cfm_slow" waiting="0.00" lane="left_0" pos="37.97" speed="45.86" angle="116.13" x="39.56" y="2.98"/>
        <vehicle id="cfm_slow_2" eclass="HBEFA3/PC_G_EU4" CO2="25705.94" CO="708.07" HC="3.90" NOx="11.04" PMx="0.75" fuel="11.05" electricity="0.00" noise="83.19" route="routebottom" type="cfm_slow" waiting="0.00" lane="bottom_0" pos="27.97" speed="45.86" angle="44.10" x="113.94" y="21.99"/>
        <vehicle id="cfm_slow_3" eclass="HBEFA3/PC_G_EU4" CO2="25705.94" CO="708.07" HC="3.90" NOx="11.04" PMx="0.75" fuel="11.05" electricity="0.00" noise="83.19" route="routebottom" type="cfm_slow" waiting="0.00" lane="right_0" pos="17.97" speed="45.86" angle="332.19" x="118.84" y="98.62"/>
        <vehicle id="cfm_slow_4" eclass="HBEFA3/PC_G_EU4" CO2="25705.94" CO="708.07" HC="3.90" NOx="11.04" PMx="0.75" fuel="11.05" electricity="0.00" noise="83.19" route="routetop" type="cfm_slow" waiting="0.00" lane="top_0" pos="7.97" speed="45.86" angle="260.09" x="47.46" y="126.92"/>
    </timestep>
    <timestep time="4.63">
        <vehicle id="cfm_slow_0" eclass="HBEFA3/PC_G_EU4" CO2="25601.03" CO="706.13" HC="3.89" NOx="10.99" PMx="0.75" fuel="11.00" electricity="0.00" noise="83.17" route="routetop" type="cfm_slow" waiting="0.00" lane="top_0" pos="48.43" speed="45.87" angle="187.35" x="-1.56" y="66.91"/>
        <vehicle id="cfm_slow_1" eclass="HBEFA3/PC_G_EU4" CO2="25601.03" CO="706.13" HC="3.89" NOx="10.99" PMx="0.75" fuel="11.00" electricity="0.00" noise="83.17" route="routetop" type="cfm_slow" waiting="0.00" lane="left_0" pos="38.43" speed="45.87" angle="115.31" x="40.43" y="2.63"/>
        <vehicle id="cfm_slow_2" eclass="HBEFA3/PC_G_EU4" CO2="25601.03" CO="706.13" HC="3.89" NOx="10.99" PMx="0.75" fuel="11.00" electricity="0.00" noise="83.17" route="routebottom" type="cfm_slow" waiting="0.00" lane="bottom_0" pos="28.43" speed="45.87" angle="43.30" x="114.53" y="22.72"/>
        <vehicle id="cfm_slow_3" eclass="HBEFA3/PC_G_EU4" CO2="25601.03" CO="706.13" HC="3.89" NOx="10.99" PMx="0.75" fuel="11.00" electricity="0.00" noise="83.17" route="routebottom" type="cfm_slow" waiting="0.00" lane="right_0" pos="18.43" speed="45.87" angle="331.33" x="118.32" y="99.40"/>
        <vehicle id="cfm_slow_4" eclass="HBEFA3/PC_G_EU4" CO2="25601.03" CO="706.13" HC="3.89" NOx="10.99" PMx="0.75" fuel="11.00" electricity="0.00" noise="83.17" route="routetop" type="cfm_slow" waiting="0.00" lane="top_0" pos="8.43" speed="45.87" angle="259.28" x="46.55" y="126.68"/>
    </timestep>
    <timestep time="4.64">
        <vehicle id="cfm_slow_0" eclass="HBEFA3/PC_G_EU4" CO2="25497.03" CO="704.20" HC="3.88" NOx="10.94" PMx="0.75" fuel="10.96" electricity="0.00" noise="83.14" route="routetop" type="cfm_slow" waiting="0.00" lane="top_0" pos="48.89" speed="45.88" angle="186.55" x="-1.61" y="65.97"/>
        <vehicle id="cfm_slow_1" eclass="HBEFA3/PC_G_EU4" CO2="25497.03" CO="704.20" HC="3.88" NOx="10.94" PMx="0.75" fuel="10.96" electricity="0.00" noise="83.14" route="routetop" type="cfm_slow" waiting="0.00" lane="left_0" pos="38.89" speed="45.88" angle="114.48" x="41.31" y="2.31"/>
        <vehicle id="cfm_slow_2" eclass="HBEFA3/PC_G_EU4" CO2="25497.03" CO="704.20" HC="3.88" NOx="10.94" PMx="0.75" fuel="10.96" electricity="0.00" noise="83.14" route="routebottom" type="cfm_slow" waiting="0.00" lane="bottom_0" pos="28.89" speed="45.88" angle="42.45" x="115.11" y="23.46"/>
        <vehicle id="cfm_slow_3" eclass="HBEFA3/PC_G_EU4" CO2="25497.03" CO="704.20" HC="3.88" NOx="10.94" PMx="0.75" fuel="10.96" electricity="0.00" noise="83.14" route="routebottom" type="cfm_slow" waiting="0.00" lane="right_0" pos="18.89" speed="45.88" angle="330.46" x="117.79" y="100.18"/>
        <vehicle id="cfm_slow_4" eclass="HBEFA3/PC_G_EU4" CO2="25497.03" CO="704.20" HC="3.88" NOx="10.94" PMx="0.75" fuel="10.96" electricity="0.00" noise="83.14" route="routetop" type="cfm_slow" waiting="0.00" lane="top_0" pos="8.89" speed="45.88" angle="258.49" x="45.64" y="126.44"/>
    </timestep>
    <timestep time="4.65">
        <vehicle id="cfm_slow_0" eclass="HBEFA3/PC_G_EU4" CO2="25393.92" CO="702.28" HC="3.86" NOx="10.89" PMx="0.74" fuel="10.92" electricity="0.00" noise="83.12" route="routetop" type="cfm_slow" waiting="0.00" lane="top_0" pos="49.35" speed="45.89" angle="185.69" x="-1.62" y="65.03"/>
        <vehicle id="cfm_slow_1" eclass="HBEFA3/PC_G_EU4" CO2="25393.92" CO="702.28" HC="3.86" NOx="10.89" PMx="0.74" fuel="10.92" electricity="0.00" noise="83.12" route="routetop" type="cfm_slow" waiting="0.00" lane="left_0" pos="39.35" speed="45.89" angle="113.64" x="42.20" y="1.99"/>
        <vehicle id="cfm_slow_2" eclass="HBEFA3/PC_G_EU4" CO2="25393.92" CO="702.28" HC="3.86" NOx="10.89" PMx="0.74" fuel="10.92" electricity="0.00" noise="83.12" route="routebottom" type="cfm_slow" waiting="0.00" lane="bottom_0" pos="29.35" speed="45.89" angle="41.60" x="115.69" y="24.20"/>
        <vehicle id="cfm_slow_3" eclass="HBEFA3/PC_G_EU4" CO2="25393.92" CO="702.28" HC="3.86" NOx="10.89" PMx="0.74" fuel="10.92" electricity="0.00" noise="83.12" route="routebottom" type="cfm_slow" waiting="0.00" lane="right_0" pos="19.35" speed="45.89" angle="329.66" x="117.26" y="100.96"/>
        <vehicle id="cfm_slow_4" eclass="HBEFA3/PC_G_EU4" CO2="25393.92" CO="702.28" HC="3.86" NOx="10.89" PMx="0.74" fuel="10.92" electricity="0.00" noise="83.12" route="routetop" type="cfm_slow" waiting="0.00" lane="top_0" pos="9.35" speed="45.89" angle="257.68" x="44.74" y="126.17"/>
    </timestep>
    <timestep time="4.66">
        <vehicle id="cfm_slow_0" eclass="HBEFA3/PC_G_EU4" CO2="25291.70" CO="700.39" HC="3.85" NOx="10.84" PMx="0.74" fuel="10.87" electricity="0.00" noise="83.10" route="routetop" type="cfm_slow" waiting="0.00" lane="top_0" pos="49.81" speed="45.90" angle="184.82" x="-1.64" y="64.09"/>
        <vehicle id="cfm_slow_1" eclass="HBEFA3/PC_G_EU4" CO2="25291.70" CO="700.39" HC="3.85" NOx="10.84" PMx="0.74" fuel="10.87" electricity="0.00" noise="83.10" route="routetop" type="cfm_slow" waiting="0.00" lane="left_0" pos="39.81" speed="45.90" angle="112.86" x="43.09" y="1.68"/>
        <vehicle id="cfm_slow_2" eclass="HBEFA3/PC_G_EU4" CO2="25291.70" CO="700.39" HC="3.85" NOx="10.84" PMx="0.74" fuel="10.87" electricity="0.00" noise="83.10" route="routebottom" type="cfm_slow" waiting="0.00" lane="bottom_0" pos="29.81" speed="45.90" angle="40.83" x="116.25" y="24.96"/>
        <vehicle id="cfm_slow_3" eclass="HBEFA3/PC_G_EU4" CO2="25291.70" CO="700.39" HC="3.85" NOx="10.84" PMx="0.74" fuel="10.87" electricity="0.00" noise="83.10" route="routebottom" type="cfm_slow" waiting="0.00" lane="right_0" pos="19.81" speed="45.90" angle="328.80" x="116.71" y="101.72"/>
        <vehicle id="cfm_slow_4" eclass="HBEFA3/PC_G_EU4" CO2="25291.70" CO="700.39" HC="3.85" NOx="10.84" PMx="0.74" fuel="10.87" electricity="0.00" noise="83.10" route="routetop" type="cfm_slow" waiting="0.00" lane="top_0" pos="9.81" speed="45.90" angle="256.84" x="43.84" y="125.89"/>
    </timestep>
    <timestep time="4.67">
        <vehicle id="cfm_slow_0" eclass="HBEFA3/PC_G_EU4" CO2="25190.37" CO="698.51" HC="3.84" NOx="10.80" PMx="0.74" fuel="10.83" electricity="0.00" noise="83.07" route="routetop" type="cfm_slow" waiting="0.00" lane="left_0" pos="0.27" speed="45.91" angle="184.00" x="-1.64" y="63.08"/>
        <vehicle id="cfm_slow_1" eclass="HBEFA3/PC_G_EU4" CO2="25190.37" CO="698.51" HC="3.84" NOx="10.80" PMx="0.74" fuel="10.83" electricity="0.00" noise="83.07" route="routetop" type="cfm_slow" waiting="0.00" lane="left_0" pos="40.27" speed="45.91" angle="112.00" x="43.99" y="1.40"/>
        <vehicle id="cfm_slow_2" eclass="HBEFA3/PC_G_EU4" CO2="25190.37" CO="698.51" HC="3.84" NOx="10.80" PMx="0.74" fuel="10.83" electricity="0.00" noise="83.07" route="routebottom" type="cfm_slow" waiting="0.00" lane="bottom_0" pos="30.27" speed="45.91" angle="40.01" x="116.80" y="25.72"/>
        <vehicle id="cfm_slow_3" eclass="HBEFA3/PC_G_EU4" CO2="25190.37" CO="698.51" HC="3.84" NOx="10.80" PMx="0.74" fuel="10.83" electricity="0.00" noise="83.07" route="routebottom" type="cfm_slow" waiting="0.00" lane="right_0" pos="20.27" speed="45.91" angle="327.95" x="116.16" y="102.49"/>
        <vehicle id="cfm_slow_4" eclass="HBEFA3/PC_G_EU4" CO2="25190.37" CO="698.51" HC="3.84" NOx="10.80" PMx="0.74" fuel="10.83" electricity="0.00" noise="83.07" route="routetop" type="cfm_slow" waiting="0.00" lane="top_0" pos="10.27" speed="45.91" angle="256.05" x="42.94" y="125.61"/>
    </timestep>
    <timestep time="4.68">
        <vehicle id="cfm_slow_0" eclass="HBEFA3/PC_G_EU4" CO2="25089.91" CO="696.65" HC="3.83" NOx="10.75" PMx="0.74" fuel="10.79" electricity="0.00" noise="83.05" route="routetop" type="cfm_slow" waiting="0.00" lane="left_0" pos="0.73" speed="45.92" angle="183.16" x="-1.62" y="62.14"/>
        <vehicle id="cfm_slow_1" eclass="HBEFA3/PC_G_EU4" CO2="25089.91" CO="696.65" HC="3.83" NOx="10.75" PMx="0.74" fuel="10.79" electricity="0.00" noise="83.05" route="routetop" type="cfm_slow" waiting="0.00" lane="left_0" pos="40.73" speed="45.92" angle="111.15" x="44.88" y="1.12"/>
        <vehicle id="cfm_slow_2" eclass="HBEFA3/PC_G_EU4" CO2="25089.91" CO="696.65" HC="3.83" NOx="10.75" PMx="0.74" fuel="10.79" electricity="0.00" noise="83.05" route="routebottom" type="cfm_slow" waiting="0.00" lane="bottom_0" pos="30.73" speed="45.92" angle="39.22" x="117.35" y="26.48"/>
        <vehicle id="cfm_slow_3" eclass="HBEFA3/PC_G_EU4" CO2="25089.91" CO="696.65" HC="3.83" NOx="10.75" PMx="0.74" fuel="10.79" electricity="0.00" noise="83.05" route="routebottom" type="cfm_slow" waiting="0.00" lane="right_0" pos="20.73" speed="45.92" angle="327.16" x="115.60" y="103.24"/>
        <vehicle id="cfm_slow_4" eclass="HBEFA3/PC_G_EU4" CO2="25089.91" CO="696.65" HC="3.83" NOx="10.75" PMx="0.74" fuel="10.79" electricity="0.00" noise="83.05" route="routetop" type="cfm_slow" waiting="0.00" lane="top_0" pos="10.73" speed="45.92" angle="255.16" x="42.06" y="125.28"/>
    </timestep>
    <timestep time="4.69">
        <vehicle id="cfm_slow_0" eclass="HBEFA3/PC_G_EU4" CO2="24990.32" CO="694.80" HC="3.82" NOx="10.70" PMx="0.73" fuel="10.74" electricity="0.00" noise="83.03" route="routetop" type="cfm_slow" waiting="0.00" lane="left_0" pos="1.18" speed="45.93" angle="182.33" x="-1.60" y="61.20"/>
        <vehicle id="cfm_slow_1" eclass="HBEFA3/PC_G_EU4" CO2="24990.32" CO="694.80" HC="3.82" NOx="10.70" PMx="0.73" fuel="10.74" electricity="0.00" noise="83.03" route="routetop" type="cfm_slow" waiting="0.00" lane="left_0" pos="41.18" speed="45.93" angle="110.36" x="45.79" y="0.85"/>
        <vehicle id="cfm_slow_2" eclass="HBEFA3/PC_G_EU4" CO2="24990.32" CO="694.80" HC="3.82" NOx="10.70" PMx="0.73" fuel="10.74" electricity="0.00" noise="83.03" route="routebottom" type="cfm_slow" waiting="0.00" lane="bottom_0" pos="31.18" speed="45.93" angle="38.40" x="117.88" y="27.26"/>
        <vehicle id="cfm_slow_3" eclass="HBEFA3/PC_G_EU4" CO2="24990.32" CO="694.80" HC="3.82" NOx="10.70" PMx="0.73" fuel="10.74" electricity="0.00" noise="83.03" route="routebottom" type="cfm_slow" waiting="0.00" lane="right_0" pos="21.18" speed="45.93" angle="326.32" x="115.02" y="103.98"/>
        <vehicle id="cfm_slow_4" eclass="HBEFA3/PC_G_EU4" CO2="24990.32" CO="694.80" HC="3.82" NOx="10.70" PMx="0.73" fuel="10.74" electricity="0.00" noise="83.03" route="routetop" type="cfm_slow" waiting="0.00" lane="top_0" pos="11.18" speed="45.93" angle="254.27" x="41.17" y="124.96"/>
    </timestep>
    <timestep time="4.70">
        <vehicle id="cfm_slow_0" eclass="HBEFA3/PC_G_EU4" CO2="24891.59" CO="692.97" HC="3.81" NOx="10.66" PMx="0.73" fuel="10.70" electricity="0.00" noise="83.01" route="routetop" type="cfm_slow" waiting="0.00" lane="left_0" pos="1.64" speed="45.94" angle="181.54" x="-1.55" y="60.26"/>
        <vehicle id="cfm_slow_1" eclass="HBEFA3/PC_G_EU4" CO2="24891.59" CO="692.97" HC="3.81" NOx="10.66" PMx="0.73" fuel="10.70" electricity="0.00" noise="83.01" route="routetop" type="cfm_slow" waiting="0.00" lane="left_0" pos="41.64" speed="45.94" angle="109.52" x="46.70" y="0.61"/>
        <vehicle id="cfm_slow_2" eclass="HBEFA3/PC_G_EU4" CO2="24891.59" CO="692.97" HC="3.81" NOx="10.66" PMx="0.73" fuel="10.70" electricity="0.00" noise="83.01" route="routebottom" type="cfm_slow" waiting="0.00" lane="bottom_0" pos="31.64" speed="45.94" angle="37.56" x="118.40" y="28.05"/>
        <vehicle id="cfm_slow_3" eclass="HBEFA3/PC_G_EU4" CO2="24891.59" CO="692.97" HC="3.81" NOx="10.66" PMx="0.73" fuel="10.70" electricity="0.00" noise="83.01" route="routebottom" type="cfm_slow" waiting="0.00" lane="right_0" pos="21.64" speed="45.94" angle="325.48" x="114.44" y="104.72"/>
        <vehicle id="cfm_slow_4" eclass="HBEFA3/PC_G_EU4" CO2="24891.59" CO="692.97" HC="3.81" NOx="10.66" PMx="0.73" fuel="10.70" electricity="0.00" noise="83.01" route="routetop" type="cfm_slow" waiting="0.00" lane="top_0" pos="11.64" speed="45.94" angle="253.46" x="40.29" y="124.63"/>
    </timestep>
    <timestep time="4.71">
        <vehicle id="cfm_slow_0" eclass="HBEFA3/PC_G_EU4" CO2="24793.72" CO="691.15" HC="3.80" NOx="10.61" PMx="0.73" fuel="10.66" electricity="0.00" noise="82.98" route="routetop" type="cfm_slow" waiting="0.00" lane="left_0" pos="2.10" speed="45.95" angle="180.70" x="-1.50" y="59.32"/>
        <vehicle id="cfm_slow_1" eclass="HBEFA3/PC_G_EU4" CO2="24793.72" CO="691.15" HC="3.80" NOx="10.61" PMx="0.73" fuel="10.66" electricity="0.00" noise="82.98" route="routetop" type="cfm_slow" waiting="0.00" lane="left_0" pos="42.10" speed="45.95" angle="108.68" x="47.61" y="0.36"/>
        <vehicle id="cfm_slow_2" eclass="HBEFA3/PC_G_EU4" CO2="24793.72" CO="691.15" HC="3.80" NOx="10.61" PMx="0.73" fuel="10.66" electricity="0.00" noise="82.98" route="routebottom" type="cfm_slow" waiting="0.00" lane="bottom_0" pos="32.10" speed="45.95" angle="36.78" x="118.92" y="28.83"/>
        <vehicle id="cfm_slow_3" eclass="HBEFA3/PC_G_EU4" CO2="24793.72" CO="691.15" HC="3.80" NOx="10.61" PMx="0.73" fuel="10.66" electricity="0.00" noise="82.98" route="routebottom" type="cfm_slow" waiting="0.00" lane="right_0" pos="22.10" speed="45.95" angle="324.69" x="113.84" y="105.45"/>
        <vehicle id="cfm_slow_4" eclass="HBEFA3/PC_G_EU4" CO2="24793.72" CO="691.15" HC="3.80" NOx="10.61" PMx="0.73" fuel="10.66" electricity="0.00" noise="82.98" route="routetop" type="cfm_slow" waiting="0.00" lane="top_0" pos="12.10" speed="45.95" angle="252.66" x="39.41" y="124.28"/>
    </timestep>
    <timestep time="4.72">
        <vehicle id="cfm_slow_0" eclass="HBEFA3/PC_G_EU4" CO2="24696.69" CO="689.35" HC="3.79" NOx="10.56" PMx="0.73" fuel="10.62" electricity="0.00" noise="82.96" route="routetop" type="cfm_slow" waiting="0.00" lane="left_0" pos="2.56" speed="45.96" angle="179.91" x="-1.44" y="58.38"/>
        <vehicle id="cfm_slow_1" eclass="HBEFA3/PC_G_EU4" CO2="24696.69" CO="689.35" HC="3.79" NOx="10.56" PMx="0.73" fuel="10.62" electricity="0.00" noise="82.96" route="routetop" type="cfm_slow" waiting="0.00" lane="left_0" pos="42.56" speed="45.96" angle="107.91" x="48.52" y="0.14"/>
        <vehicle id="cfm_slow_2" eclass="HBEFA3/PC_G_EU4" CO2="24696.69" CO="689.35" HC="3.79" NOx="10.56" PMx="0.73" fuel="10.62" electricity="0.00" noise="82.96" route="routebottom" type="cfm_slow" waiting="0.00" lane="bottom_0" pos="32.56" speed="45.96" angle="35.92" x="119.40" y="29.64"/>
        <vehicle id="cfm_slow_3" eclass="HBEFA3/PC_G_EU4" CO2="24696.69" CO="689.35" HC="3.79" NOx="10.56" PMx="0.73" fuel="10.62" electricity="0.00" noise="82.96" route="routebottom" type="cfm_slow" waiting="0.00" lane="right_0" pos="22.56" speed="45.96" angle="323.85" x="113.23" y="106.17"/>
        <vehicle id="cfm_slow_4" eclass="HBEFA3/PC_G_EU4" CO2="24696.69" CO="689.35" HC="3.79" NOx="10.56" PMx="0.73" fuel="10.62" electricity="0.00" noise="82.96" route="routetop" type="cfm_slow" waiting="0.00" lane="top_0" pos="12.56" speed="45.96" angle="251.86" x="38.54" y="123.94"/>
    </timestep>
    <timestep time="4.73">
        <vehicle id="cfm_slow_0" eclass="HBEFA3/PC_G_EU4" CO2="24600.50" CO="687.57" HC="3.78" NOx="10.52" PMx="0.72" fuel="10.57" electricity="0.00" noise="82.94" route="routetop" type="cfm_slow" waiting="0.00" lane="left_0" pos="3.02" speed="45.97" angle="179.07" x="-1.34" y="57.44"/>
        <vehicle id="cfm_slow_1" eclass="HBEFA3/PC_G_EU4" CO2="24600.50" CO="687.57" HC="3.78" NOx="10.52" PMx="0.72" fuel="10.57" electricity="0.00" noise="82.94" route="routetop" type="cfm_slow" waiting="0.00" lane="left_0" pos="43.02" speed="45.97" angle="107.09" x="49.44" y="-0.07"/>
        <vehicle id="cfm_slow_2" eclass="HBEFA3/PC_G_EU4" CO2="24600.50" CO="687.57" HC="3.78" NOx="10.52" PMx="0.72" fuel="10.57" electricity="0.00" noise="82.94" route="routebottom" type="cfm_slow" waiting="0.00" lane="bottom_0" pos="33.02" speed="45.97" angle="35.06" x="119.89" y="30.45"/>
        <vehicle id="cfm_slow_3" eclass="HBEFA3/PC_G_EU4" CO2="24600.50" CO="687.57" HC="3.78" NOx="10.52" PMx="0.72" fuel="10.57" electricity="0.00" noise="82.94" route="routebottom" type="cfm_slow" waiting="0.00" lane="right_0" pos="23.02" speed="45.97" angle="323.06" x="112.62" y="106.89"/>
        <vehicle id="cfm_slow_4" eclass="HBEFA3/PC_G_EU4" CO2="24600.50" CO="687.57" HC="3.78" NOx="10.52" PMx="0.72" fuel="10.57" electricity="0.00" noise="82.94" route="routetop" type="cfm_slow" waiting="0.00" lane="top_0" pos="13.02" speed="45.97" angle="251.07" x="37.67" y="123.57"/>
    </timestep>
    <timestep time="4.74">
        <vehicle id="cfm_slow_0" eclass="HBEFA3/PC_G_EU4" CO2="24505.15" CO="685.80" HC="3.77" NOx="10.47" PMx="0.72" fuel="10.53" electricity="0.00" noise="82.92" route="routetop" type="cfm_slow" waiting="0.00" lane="left_0" pos="3.48" speed="45.98" angle="178.23" x="-1.25" y="56.50"/>
        <vehicle id="cfm_slow_1" eclass="HBEFA3/PC_G_EU4" CO2="24505.15" CO="685.80" HC="3.77" NOx="10.47" PMx="0.72" fuel="10.53" electricity="0.00" noise="82.92" route="routetop" type="cfm_slow" waiting="0.00" lane="left_0" pos="43.48" speed="45.98" angle="106.27" x="50.36" y="-0.28"/>
        <vehicle id="cfm_slow_2" eclass="HBEFA3/PC_G_EU4" CO2="24505.15" CO="685.80" HC="3.77" NOx="10.47" PMx="0.72" fuel="10.53" electricity="0.00" noise="82.92" route="routebottom" type="cfm_slow" waiting="0.00" lane="bottom_0" pos="33.48" speed="45.98" angle="34.26" x="120.36" y="31.27"/>
        <vehicle id="cfm_slow_3" eclass="HBEFA3/PC_G_EU4" CO2="24505.15" CO="685.80" HC="3.77" NOx="10.47" PMx="0.72" fuel="10.53" electricity="0.00" noise="82.92" route="routebottom" type="cfm_slow" waiting="0.00" lane="right_0" pos="23.48" speed="45.98" angle="322.25" x="111.99" y="107.59"/>
        <vehicle id="cfm_slow_4" eclass="HBEFA3/PC_G_EU4" CO2="24505.15" CO="685.80" HC="3.77" NOx="10.47" PMx="0.72" fuel="10.53" electricity="0.00" noise="82.92" route="routetop" type="cfm_slow" waiting="0.00" lane="top_0" pos="13.48" speed="45.98" angle="250.21" x="36.81" y="123.18"/>
    </timestep>
    <timestep time="4.75">
        <vehicle id="cfm_slow_0" eclass="HBEFA3/PC_G_EU4" CO2="24410.62" CO="684.05" HC="3.76" NOx="10.43" PMx="0.72" fuel="10.49" electricity="0.00" noise="82.90" route="routetop" type="cfm_slow" waiting="0.00" lane="left_0" pos="3.94" speed="45.99" angle="177.44" x="-1.15" y="55.57"/>
        <vehicle id="cfm_slow_1" eclass="HBEFA3/PC_G_EU4" CO2="24410.62" CO="684.05" HC="3.76" NOx="10.43" PMx="0.72" fuel="10.49" electricity="0.00" noise="82.90" route="routetop" type="cfm_slow" waiting="0.00" lane="left_0" pos="43.94" speed="45.99" angle="105.46" x="51.29" y="-0.46"/>
        <vehicle id="cfm_slow_2" eclass="HBEFA3/PC_G_EU4" CO2="24410.62" CO="684.05" HC="3.76" NOx="10.43" PMx="0.72" fuel="10.49" electricity="0.00" noise="82.90" route="routebottom" type="cfm_slow" waiting="0.00" lane="bottom_0" pos="33.94" speed="45.99" angle="33.43" x="120.82" y="32.09"/>
        <vehicle id="cfm_slow_3" eclass="HBEFA3/PC_G_EU4" CO2="24410.62" CO="684.05" HC="3.76" NOx="10.43" PMx="0.72" fuel="10.49" electricity="0.00" noise="82.90" route="routebottom" type="cfm_slow" waiting="0.00" lane="right_0" pos="23.94" speed="45.99" angle="321.41" x="111.34" y="108.28"/>
        <vehicle id="cfm_slow_4" eclass="HBEFA3/PC_G_EU4" CO2="24410.62" CO="684.05" HC="3.76" NOx="10.43" PMx="0.72" fuel="10.49" electricity="0.00" noise="82.90" route="routetop" type="cfm_slow" waiting="0.00" lane="top_0" pos="13.94" speed="45.99" angle="249.35" x="35.95" y="122.80"/>
    </timestep>
    <timestep time="4.76">
        <vehicle id="cfm_slow_0" eclass="HBEFA3/PC_G_EU4" CO2="24316.91" CO="682.31" HC="3.75" NOx="10.38" PMx="0.72" fuel="10.45" electricity="0.00" noise="82.88" route="routetop" type="cfm_slow" waiting="0.00" lane="left_0" pos="4.40" speed="46.00" angle="176.60" x="-1.02" y="54.63"/>
        <vehicle id="cfm_slow_1" eclass="HBEFA3/PC_G_EU4" CO2="24316.91" CO="682.31" HC="3.75" NOx="10.38" PMx="0.72" fuel="10.45" electricity="0.00" noise="82.88" route="routetop" type="cfm_slow" waiting="0.00" lane="left_0" pos="44.40" speed="46.00" angle="104.61" x="52.21" y="-0.63"/>
        <vehicle id="cfm_slow_2" eclass="HBEFA3/PC_G_EU4" CO2="24316.91" CO="682.31" HC="3.75" NOx="10.38" PMx="0.72" fuel="10.45" electricity="0.00" noise="82.88" route="routebottom" type="cfm_slow" waiting="0.00" lane="bottom_0" pos="34.40" speed="46.00" angle="32.60" x="121.28" y="32.92"/>
        <vehicle id="cfm_slow_3" eclass="HBEFA3/PC_G_EU4" CO2="24316.91" CO="682.31" HC="3.75" NOx="10.38" PMx="0.72" fuel="10.45" electricity="0.00" noise="82.88" route="routebottom" type="cfm_slow" waiting="0.00" lane="right_0" pos="24.40" speed="46.00" angle="320.62" x="110.70" y="108.97"/>
        <vehicle id="cfm_slow_4" eclass="HBEFA3/PC_G_EU4" CO2="24316.91" CO="682.31" HC="3.75" NOx="10.38" PMx="0.72" fuel="10.45" electricity="0.00" noise="82.88" route="routetop" type="cfm_slow" waiting="0.00" lane="top_0" pos="14.40" speed="46.00" angle="248.56" x="35.10" y="122.39"/>
    </timestep>
    <timestep time="4.77">
        <vehicle id="cfm_slow_0" eclass="HBEFA3/PC_G_EU4" CO2="24224.02" CO="680.59" HC="3.74" NOx="10.34" PMx="0.72" fuel="10.41" electricity="0.00" noise="82.86" route="routetop" type="cfm_slow" waiting="0.00" lane="left_0" pos="4.86" speed="46.00" angle="175.76" x="-0.88" y="53.70"/>
        <vehicle id="cfm_slow_1" eclass="HBEFA3/PC_G_EU4" CO2="24224.02" CO="680.59" HC="3.74" NOx="10.34" PMx="0.72" fuel="10.41" electricity="0.00" noise="82.86" route="routetop" type="cfm_slow" waiting="0.00" lane="left_0" pos="44.86" speed="46.00" angle="103.81" x="53.14" y="-0.80"/>
        <vehicle id="cfm_slow_2" eclass="HBEFA3/PC_G_EU4" CO2="24224.02" CO="680.59" HC="3.74" NOx="10.34" PMx="0.72" fuel="10.41" electricity="0.00" noise="82.86" route="routebottom" type="cfm_slow" waiting="0.00" lane="bottom_0" pos="34.86" speed="46.00" angle="31.81" x="121.72" y="33.75"/>
        <vehicle id="cfm_slow_3" eclass="HBEFA3/PC_G_EU4" CO2="24224.02" CO="680.59" HC="3.74" NOx="10.34" PMx="0.72" fuel="10.41" electricity="0.00" noise="82.86" route="routebottom" type="cfm_slow" waiting="0.00" lane="right_0" pos="24.86" speed="46.00" angle="319.78" x="110.03" y="109.64"/>
        <vehicle id="cfm_slow_4" eclass="HBEFA3/PC_G_EU4" CO2="24224.02" CO="680.59" HC="3.74" NOx="10.34" PMx="0.72" fuel="10.41" electricity="0.00" noise="82.86" route="routetop" type="cfm_slow" waiting="0.00" lane="top_0" pos="14.86" speed="46.00" angle="247.70" x="34.25" y="121.97"/>
    </timestep>
    <timestep time="4.78">
        <vehicle id="cfm_slow_0" eclass="HBEFA3/PC_G_EU4" CO2="24131.93" CO="678.88" HC="3.73" NOx="10.30" PMx="0.71" fuel="10.37" electricity="0.00" noise="82.84" route="routetop" type="cfm_slow" waiting="0.00" lane="left_0" pos="5.32" speed="46.01" angle="174.93" x="-0.73" y="52.77"/>
        <vehicle id="cfm_slow_1" eclass="HBEFA3/PC_G_EU4" CO2="24131.93" CO="678.88" HC="3.73" NOx="10.30" PMx="0.71" fuel="10.37" electricity="0.00" noise="82.84" route="routetop" type="cfm_slow" waiting="0.00" lane="left_0" pos="45.32" speed="46.01" angle="102.97" x="54.08" y="-0.94"/>
        <vehicle id="cfm_slow_2" eclass="HBEFA3/PC_G_EU4" CO2="24131.93" CO="678.88" HC="3.73" NOx="10.30" PMx="0.71" fuel="10.37" electricity="0.00" noise="82.84" route="routebottom" type="cfm_slow" waiting="0.00" lane="bottom_0" pos="35.32" speed="46.01" angle="30.96" x="122.14" y="34.59"/>
        <vehicle id="cfm_slow_3" eclass="HBEFA3/PC_G_EU4" CO2="24131.93" CO="678.88" HC="3.73" NOx="10.30" PMx="0.71" fuel="10.37" electricity="0.00" noise="82.84" route="routebottom" type="cfm_slow" waiting="0.00" lane="right_0" pos="25.32" speed="46.01" angle="318.94" x="109.37" y="110.30"/>
        <vehicle id="cfm_slow_4" eclass="HBEFA3/PC_G_EU4" CO2="24131.93" CO="678.88" HC="3.73" NOx="10.30" PMx="0.71" fuel="10.37" electricity="0.00" noise="82.84" route="routetop" type="cfm_slow" waiting="0.00" lane="top_0" pos="15.32" speed="46.01" angle="246.89" x="33.41" y="121.55"/>
    </timestep>
    <timestep time="4.79">
        <vehicle id="cfm_slow_0" eclass="HBEFA3/PC_G_EU4" CO2="24040.64" CO="677.19" HC="3.72" NOx="10.25" PMx="0.71" fuel="10.33" electricity="0.00" noise="82.82" route="routetop" type="cfm_slow" waiting="0.00" lane="left_0" pos="5.78" speed="46.02" angle="174.06" x="-0.56" y="51.84"/>
        <vehicle id="cfm_slow_1" eclass="HBEFA3/PC_G_EU4" CO2="24040.64" CO="677.19" HC="3.72" NOx="10.25" PMx="0.71" fuel="10.33" electricity="0.00" noise="82.82" route="routetop" type="cfm_slow" waiting="0.00" lane="left_0" pos="45.78" speed="46.02" angle="102.13" x="55.01" y="-1.07"/>
        <vehicle id="cfm_slow_2" eclass="HBEFA3/PC_G_EU4" CO2="24040.64" CO="677.19" HC="3.72" NOx="10.25" PMx="0.71" fuel="10.33" electricity="0.00" noise="82.82" route="routebottom" type="cfm_slow" waiting="0.00" lane="bottom_0" pos="35.78" speed="46.02" angle="30.10" x="122.56" y="35.44"/>
        <vehicle id="cfm_slow_3" eclass="HBEFA3/PC_G_EU4" CO2="24040.64" CO="677.19" HC="3.72" NOx="10.25" PMx="0.71" fuel="10.33" electricity="0.00" noise="82.82" route="routebottom" type="cfm_slow" waiting="0.00" lane="right_0" pos="25.78" speed="46.02" angle="318.16" x="108.69" y="110.96"/>
        <vehicle id="cfm_slow_4" eclass="HBEFA3/PC_G_EU4" CO2="24040.64" CO="677.19" HC="3.72" NOx="10.25" PMx="0.71" fuel="10.33" electricity="0.00" noise="82.82" route="routetop" type="cfm_slow" waiting="0.00" lane="top_0" pos="15.78" speed="46.02" angle="246.09" x="32.58" y="121.09"/>
    </timestep>
    <timestep time="4.80">
        <vehicle id="cfm_slow_0" eclass="HBEFA3/PC_G_EU4" CO2="23950.15" CO="675.51" HC="3.71" NOx="10.21" PMx="0.71" fuel="10.30" electricity="0.00" noise="82.80" route="routetop" type="cfm_slow" waiting="0.00" lane="left_0" pos="6.24" speed="46.03" angle="173.20" x="-0.39" y="50.91"/>
        <vehicle id="cfm_slow_1" eclass="HBEFA3/PC_G_EU4" CO2="23950.15" CO="675.51" HC="3.71" NOx="10.21" PMx="0.71" fuel="10.30" electricity="0.00" noise="82.80" route="routetop" type="cfm_slow" waiting="0.00" lane="left_0" pos="46.24" speed="46.03" angle="101.35" x="55.94" y="-1.20"/>
        <vehicle id="cfm_slow_2" eclass="HBEFA3/PC_G_EU4" CO2="23950.15" CO="675.51" HC="3.71" NOx="10.21" PMx="0.71" fuel="10.30" electricity="0.00" noise="82.80" route="routebottom" type="cfm_slow" waiting="0.00" lane="bottom_0" pos="36.24" speed="46.03" angle="29.28" x="122.95" y="36.30"/>
        <vehicle id="cfm_slow_3" eclass="HBEFA3/PC_G_EU4" CO2="23950.15" CO="675.51" HC="3.71" NOx="10.21" PMx="0.71" fuel="10.30" electricity="0.00" noise="82.80" route="routebottom" type="cfm_slow" waiting="0.00" lane="right_0" pos="26.24" speed="46.03" angle="317.32" x="108.00" y="111.60"/>
        <vehicle id="cfm_slow_4" eclass="HBEFA3/PC_G_EU4" CO2="23950.15" CO="675.51" HC="3.71" NOx="10.21" PMx="0.71" fuel="10.30" electricity="0.00" noise="82.80" route="routetop" type="cfm_slow" waiting="0.00" lane="top_0" pos="16.24" speed="46.03" angle="245.26" x="31.76" y="120.63"/>
    </timestep>
    <timestep time="4.81">
        <vehicle id="cfm_slow_0" eclass="HBEFA3/PC_G_EU4" CO2="23860.44" CO="673.84" HC="3.70" NOx="10.17" PMx="0.71" fuel="10.26" electricity="0.00" noise="82.78" route="routetop" type="cfm_slow" waiting="0.00" lane="left_0" pos="6.70" speed="46.04" angle="172.41" x="-0.19" y="49.99"/>
        <vehicle id="cfm_slow_1" eclass="HBEFA3/PC_G_EU4" CO2="23860.44" CO="673.84" HC="3.70" NOx="10.17" PMx="0.71" fuel="10.26" electricity="0.00" noise="82.78" route="routetop" type="cfm_slow" waiting="0.00" lane="left_0" pos="46.70" speed="46.04" angle="100.49" x="56.88" y="-1.29"/>
        <vehicle id="cfm_slow_2" eclass="HBEFA3/PC_G_EU4" CO2="23860.44" CO="673.84" HC="3.70" NOx="10.17" PMx="0.71" fuel="10.26" electricity="0.00" noise="82.78" route="routebottom" type="cfm_slow" waiting="0.00" lane="bottom_0" pos="36.70" speed="46.04" angle="28.40" x="123.34" y="37.16"/>
        <vehicle id="cfm_slow_3" eclass="HBEFA3/PC_G_EU4" CO2="23860.44" CO="673.84" HC="3.70" NOx="10.17" PMx="0.71" fuel="10.26" electricity="0.00" noise="82.78" route="routebottom" type="cfm_slow" waiting="0.00" lane="right_0" pos="26.70" speed="46.04" angle="316.48" x="107.31" y="112.25"/>
        <vehicle id="cfm_slow_4" eclass="HBEFA3/PC_G_EU4" CO2="23860.44" CO="673.84" HC="3.70" NOx="10.17" PMx="0.71" fuel="10.26" electricity="0.00" noise="82.78" route="routetop" type="cfm_slow" waiting="0.00" lane="top_0" pos="16.70" speed="46.04" angle="244.48" x="30.93" y="120.17"/>
    </timestep>
    <timestep time="4.82">
        <vehicle id="cfm_slow_0" eclass="HBEFA3/PC_G_EU4" CO2="23771.51" CO="672.20" HC="3.69" NOx="10.12" PMx="0.70" fuel="10.22" electricity="0.00" noise="82.76" route="routetop" type="cfm_slow" waiting="0.00" lane="left_0" pos="7.16" speed="46.05" angle="171.56" x="0.02" y="49.07"/>
        <vehicle id="cfm_slow_1" eclass="HBEFA3/PC_G_EU4" CO2="23771.51" CO="672.20" HC="3.69" NOx="10.12" PMx="0.70" fuel="10.22" electricity="0.00" noise="82.76" route="routetop" type="cfm_slow" waiting="0.00" lane="left_0" pos="47.16" speed="46.05" angle="99.63" x="57.82" y="-1.38"/>
        <vehicle id="cfm_slow_2" eclass="HBEFA3/PC_G_EU4" CO2="23771.51" CO="672.20" HC="3.69" NOx="10.12" PMx="0.70" fuel="10.22" electricity="0.00" noise="82.76" route="routebottom" type="cfm_slow" waiting="0.00" lane="bottom_0" pos="37.16" speed="46.05" angle="27.59" x="123.73" y="38.02"/>
        <vehicle id="cfm_slow_3" eclass="HBEFA3/PC_G_EU4" CO2="23771.51" CO="672.20" HC="3.69" NOx="10.12" PMx="0.70" fuel="10.22" electricity="0.00" noise="82.76" route="routebottom" type="cfm_slow" waiting="0.00" lane="right_0" pos="27.16" speed="46.05" angle="315.66" x="106.60" y="112.87"/>
        <vehicle id="cfm_slow_4" eclass="HBEFA3/PC_G_EU4" CO2="23771.51" CO="672.20" HC="3.69" NOx="10.12" PMx="0.70" fuel="10.22" electricity="0.00" noise="82.76" route="routetop" type="cfm_slow" waiting="0.00" lane="top_0" pos="17.16" speed="46.05" angle="243.63" x="30.12" y="119.69"/>
    </timestep>
    <timestep time="4.83">
        <vehicle id="cfm_slow_0" eclass="HBEFA3/PC_G_EU4" CO2="23683.36" CO="670.56" HC="3.68" NOx="10.08" PMx="0.70" fuel="10.18" electricity="0.00" noise="82.74" route="routetop" type="cfm_slow" waiting="0.00" lane="left_0" pos="7.62" speed="46.06" angle="170.74" x="0.22" y="48.15"/>
        <vehicle id="cfm_slow_1" eclass="HBEFA3/PC_G_EU4" CO2="23683.36" CO="670.56" HC="3.68" NOx="10.08" PMx="0.70" fuel="10.18" electricity="0.00" noise="82.74" route="routetop" type="cfm_slow" waiting="0.00" lane="left_0" pos="47.62" speed="46.06" angle="98.83" x="58.76" y="-1.46"/>
        <vehicle id="cfm_slow_2" eclass="HBEFA3/PC_G_EU4" CO2="23683.36" CO="670.56" HC="3.68" NOx="10.08" PMx="0.70" fuel="10.18" electricity="0.00" noise="82.74" route="routebottom" type="cfm_slow" waiting="0.00" lane="bottom_0" pos="37.62" speed="46.06" angle="26.76" x="124.08" y="38.90"/>
        <vehicle id="cfm_slow_3" eclass="HBEFA3/PC_G_EU4" CO2="23683.36" CO="670.56" HC="3.68" NOx="10.08" PMx="0.70" fuel="10.18" electricity="0.00" noise="82.74" route="routebottom" type="cfm_slow" waiting="0.00" lane="right_0" pos="27.62" speed="46.06" angle="314.75" x="105.88" y="113.48"/>
        <vehicle id="cfm_slow_4" eclass="HBEFA3/PC_G_EU4" CO2="23683.36" CO="670.56" HC="3.68" NOx="10.08" PMx="0.70" fuel="10.18" electricity="0.00" noise="82.74" route="routetop" type="cfm_slow" waiting="0.00" lane="top_0" pos="17.62" speed="46.06" angle="242.79" x="29.31" y="119.21"/>
    </timestep>
    <timestep time="4.84">
        <vehicle id="cfm_slow_0" eclass="HBEFA3/PC_G_EU4" CO2="23595.97" CO="668.94" HC="3.67" NOx="10.04" PMx="0.70" fuel="10.14" electricity="0.00" noise="82.72" route="routetop" type="cfm_slow" waiting="0.00" lane="left_0" pos="8.09" speed="46.07" angle="169.91" x="0.46" y="47.23"/>
        <vehicle id="cfm_slow_1" eclass="HBEFA3/PC_G_EU4" CO2="23595.97" CO="668.94" HC="3.67" NOx="10.04" PMx="0.70" fuel="10.14" electricity="0.00" noise="82.72" route="routetop" type="cfm_slow" waiting="0.00" lane="left_0" pos="48.09" speed="46.07" angle="97.98" x="59.71" y="-1.52"/>
        <vehicle id="cfm_slow_2" eclass="HBEFA3/PC_G_EU4" CO2="23595.97" CO="668.94" HC="3.67" NOx="10.04" PMx="0.70" fuel="10.14" electricity="0.00" noise="82.72" route="routebottom" type="cfm_slow" waiting="0.00" lane="bottom_0" pos="38.09" speed="46.07" angle="25.91" x="124.43" y="39.77"/>
        <vehicle id="cfm_slow_3" eclass="HBEFA3/PC_G_EU4" CO2="23595.97" CO="668.94" HC="3.67" NOx="10.04" PMx="0.70" fuel="10.14" electricity="0.00" noise="82.72" route="routebottom" type="cfm_slow" waiting="0.00" lane="right_0" pos="28.09" speed="46.07" angle="313.85" x="105.15" y="114.09"/>
        <vehicle id="cfm_slow_4" eclass="HBEFA3/PC_G_EU4" CO2="23595.97" CO="668.94" HC="3.67" NOx="10.04" PMx="0.70" fuel="10.14" electricity="0.00" noise="82.72" route="routetop" type="cfm_slow" waiting="0.00" lane="top_0" pos="18.09" speed="46.07" angle="242.00" x="28.51" y="118.71"/>
    </timestep>
    <timestep time="4.85">
        <vehicle id="cfm_slow_0" eclass="HBEFA3/PC_G_EU4" CO2="23509.34" CO="667.33" HC="3.66" NOx="10.00" PMx="0.70" fuel="10.11" electricity="0.00" noise="82.70" route="routetop" type="cfm_slow" waiting="0.00" lane="left_0" pos="8.55" speed="46.07" angle="169.05" x="0.71" y="46.32"/>
        <vehicle id="cfm_slow_1" eclass="HBEFA3/PC_G_EU4" CO2="23509.34" CO="667.33" HC="3.66" NOx="10.00" PMx="0.70" fuel="10.11" electricity="0.00" noise="82.70" route="routetop" type="cfm_slow" waiting="0.00" lane="left_0" pos="48.55" speed="46.07" angle="97.13" x="60.65" y="-1.58"/>
        <vehicle id="cfm_slow_2" eclass="HBEFA3/PC_G_EU4" CO2="23509.34" CO="667.33" HC="3.66" NOx="10.00" PMx="0.70" fuel="10.11" electricity="0.00" noise="82.70" route="routebottom" type="cfm_slow" waiting="0.00" lane="bottom_0" pos="38.55" speed="46.07" angle="25.12" x="124.77" y="40.65"/>
        <vehicle id="cfm_slow_3" eclass="HBEFA3/PC_G_EU4" CO2="23509.34" CO="667.33" HC="3.66" NOx="10.00" PMx="0.70" fuel="10.11" electricity="0.00" noise="82.70" route="routebottom" type="cfm_slow" waiting="0.00" lane="right_0" pos="28.55" speed="46.07" angle="313.06" x="104.42" y="114.68"/>
        <vehicle id="cfm_slow_4" eclass="HBEFA3/PC_G_EU4" CO2="23509.34" CO="667.33" HC="3.66" NOx="10.00" PMx="0.70" fuel="10.11" electricity="0.00" noise="82.70" route="routetop" type="cfm_slow" waiting="0.00" lane="top_0" pos="18.55" speed="46.07" angle="241.12" x="27.72" y="118.19"/>
    </timestep>
    <timestep time="4.86">
        <vehicle id="cfm_slow_0" eclass="HBEFA3/PC_G_EU4" CO2="23423.47" CO="665.74" HC="3.65" NOx="9.96" PMx="0.70" fuel="10.07" electricity="0.00" noise="82.68" route="routetop" type="cfm_slow" waiting="0.00" lane="left_0" pos="9.01" speed="46.08" angle="168.25" x="0.96" y="45.41"/>
        <vehicle id="cfm_slow_1" eclass="HBEFA3/PC_G_EU4" CO2="23423.47" CO="665.74" HC="3.65" NOx="9.96" PMx="0.70" fuel="10.07" electricity="0.00" noise="82.68" route="routetop" type="cfm_slow" waiting="0.00" lane="left_0" pos="49.01" speed="46.08" angle="96.33" x="61.59" y="-1.61"/>
        <vehicle id="cfm_slow_2" eclass="HBEFA3/PC_G_EU4" CO2="23423.47" CO="665.74" HC="3.65" NOx="9.96" PMx="0.70" fuel="10.07" electricity="0.00" noise="82.68" route="routebottom" type="cfm_slow" waiting="0.00" lane="bottom_0" pos="39.01" speed="46.08" angle="24.29" x="125.10" y="41.54"/>
        <vehicle id="cfm_slow_3" eclass="HBEFA3/PC_G_EU4" CO2="23423.47" CO="665.74" HC="3.65" NOx="9.96" PMx="0.70" fuel="10.07" electricity="0.00" noise="82.68" route="routebottom" type="cfm_slow" waiting="0.00" lane="right_0" pos="29.01" speed="46.08" angle="312.22" x="103.67" y="115.26"/>
        <vehicle id="cfm_slow_4" eclass="HBEFA3/PC_G_EU4" CO2="23423.47" CO="665.74" HC="3.65" NOx="9.96" PMx="0.70" fuel="10.07" electricity="0.00" noise="82.68" route="routetop" type="cfm_slow" waiting="0.00" lane="top_0" pos="19.01" speed="46.08" angle="240.24" x="26.94" y="117.66"/>
    </timestep>
    <timestep time="4.87">
        <vehicle id="cfm_slow_0" eclass="HBEFA3/PC_G_EU4" CO2="23338.35" CO="664.16" HC="3.64" NOx="9.92" PMx="0.69" fuel="10.03" electricity="0.00" noise="82.67" route="routetop" type="cfm_slow" waiting="0.00" lane="left_0" pos="9.47" speed="46.09" angle="167.41" x="1.24" y="44.51"/>
        <vehicle id="cfm_slow_1" eclass="HBEFA3/PC_G_EU4" CO2="23338.35" CO="664.16" HC="3.64" NOx="9.92" PMx="0.69" fuel="10.03" electricity="0.00" noise="82.67" route="routetop" type="cfm_slow" waiting="0.00" lane="left_0" pos="49.47" speed="46.09" angle="95.47" x="62.54" y="-1.63"/>
        <vehicle id="cfm_slow_2" eclass="HBEFA3/PC_G_EU4" CO2="23338.35" CO="664.16" HC="3.64" NOx="9.92" PMx="0.69" fuel="10.03" electricity="0.00" noise="82.67" route="routebottom" type="cfm_slow" waiting="0.00" lane="bottom_0" pos="39.47" speed="46.09" angle="23.46" x="125.42" y="42.43"/>
        <vehicle id="cfm_slow_3" eclass="HBEFA3/PC_G_EU4" CO2="23338.35" CO="664.16" HC="3.64" NOx="9.92" PMx="0.69" fuel="10.03" electricity="0.00" noise="82.67" route="routebottom" type="cfm_slow" waiting="0.00" lane="right_0" pos="29.47" speed="46.09" angle="311.43" x="102.93" y="115.84"/>
        <vehicle id="cfm_slow_4" eclass="HBEFA3/PC_G_EU4" CO2="23338.35" CO="664.16" HC="3.64" NOx="9.92" PMx="0.69" fuel="10.03" electricity="0.00" noise="82.67" route="routetop" type="cfm_slow" waiting="0.00" lane="top_0" pos="19.47" speed="46.09" angle="239.43" x="26.16" y="117.12"/>
    </timestep>
    <timestep time="4.88">
        <vehicle id="cfm_slow_0" eclass="HBEFA3/PC_G_EU4" CO2="23253.97" CO="662.60" HC="3.63" NOx="9.88" PMx="0.69" fuel="10.00" electricity="0.00" noise="82.65" route="routetop" type="cfm_slow" waiting="0.00" lane="left_0" pos="9.93" speed="46.10" angle="166.56" x="1.52" y="43.60"/>
        <vehicle id="cfm_slow_1" eclass="HBEFA3/PC_G_EU4" CO2="23253.97" CO="662.60" HC="3.63" NOx="9.88" PMx="0.69" fuel="10.00" electricity="0.00" noise="82.65" route="routetop" type="cfm_slow" waiting="0.00" lane="left_0" pos="49.93" speed="46.10" angle="94.62" x="63.48" y="-1.65"/>
        <vehicle id="cfm_slow_2" eclass="HBEFA3/PC_G_EU4" CO2="23253.97" CO="662.60" HC="3.63" NOx="9.88" PMx="0.69" fuel="10.00" electricity="0.00" noise="82.65" route="routebottom" type="cfm_slow" waiting="0.00" lane="bottom_0" pos="39.93" speed="46.10" angle="22.69" x="125.73" y="43.32"/>
        <vehicle id="cfm_slow_3" eclass="HBEFA3/PC_G_EU4" CO2="23253.97" CO="662.60" HC="3.63" NOx="9.88" PMx="0.69" fuel="10.00" electricity="0.00" noise="82.65" route="routebottom" type="cfm_slow" waiting="0.00" lane="right_0" pos="29.93" speed="46.10" angle="310.60" x="102.16" y="116.40"/>
        <vehicle id="cfm_slow_4" eclass="HBEFA3/PC_G_EU4" CO2="23253.97" CO="662.60" HC="3.63" NOx="9.88" PMx="0.69" fuel="10.00" electricity="0.00" noise="82.65" route="routetop" type="cfm_slow" waiting="0.00" lane="top_0" pos="19.93" speed="46.10" angle="238.58" x="25.39" y="116.57"/>
    </timestep>
    <timestep time="4.89">
        <vehicle id="cfm_slow_0" eclass="HBEFA3/PC_G_EU4" CO2="23170.32" CO="661.05" HC="3.62" NOx="9.84" PMx="0.69" fuel="9.96" electricity="0.00" noise="82.63" route="routetop" type="cfm_slow" waiting="0.00" lane="left_0" pos="10.39" speed="46.11" angle="165.78" x="1.81" y="42.70"/>
        <vehicle id="cfm_slow_1" eclass="HBEFA3/PC_G_EU4" CO2="23170.32" CO="661.05" HC="3.62" NOx="9.84" PMx="0.69" fuel="9.96" electricity="0.00" noise="82.63" route="routebottom" type="cfm_slow" waiting="0.00" lane="bottom_0" pos="0.39" speed="46.11" angle="93.78" x="64.49" y="-1.63"/>
        <vehicle id="cfm_slow_2" eclass="HBEFA3/PC_G_EU4" CO2="23170.32" CO="661.05" HC="3.62" NOx="9.84" PMx="0.69" fuel="9.96" electricity="0.00" noise="82.63" route="routebottom" type="cfm_slow" waiting="0.00" lane="bottom_0" pos="40.39" speed="46.11" angle="21.83" x="126.01" y="44.23"/>
        <vehicle id="cfm_slow_3" eclass="HBEFA3/PC_G_EU4" CO2="23170.32" CO="661.05" HC="3.62" NOx="9.84" PMx="0.69" fuel="9.96" electricity="0.00" noise="82.63" route="routebottom" type="cfm_slow" waiting="0.00" lane="right_0" pos="30.39" speed="46.11" angle="309.76" x="101.40" y="116.95"/>
        <vehicle id="cfm_slow_4" eclass="HBEFA3/PC_G_EU4" CO2="23170.32" CO="661.05" HC="3.62" NOx="9.84" PMx="0.69" fuel="9.96" electricity="0.00" noise="82.63" route="routetop" type="cfm_slow" waiting="0.00" lane="top_0" pos="20.39" speed="46.11" angle="237.72" x="24.63" y="116.01"/>
    </timestep>
    <timestep time="4.90">
        <vehicle id="cfm_slow_0" eclass="HBEFA3/PC_G_EU4" CO2="23087.41" CO="659.51" HC="3.61" NOx="9.80" PMx="0.69" fuel="9.92" electricity="0.00" noise="82.61" route="routetop" type="cfm_slow" waiting="0.00" lane="left_0" pos="10.85" speed="46.12" angle="164.92" x="2.13" y="41.81"/>
        <vehicle id="cfm_slow_1" eclass="HBEFA3/PC_G_EU4" CO2="23087.41" CO="659.51" HC="3.61" NOx="9.80" PMx="0.69" fuel="9.92" electricity="0.00" noise="82.61" route="routebottom" type="cfm_slow" waiting="0.00" lane="bottom_0" pos="0.85" speed="46.12" angle="92.94" x="65.43" y="-1.62"/>
        <vehicle id="cfm_slow_2" eclass="HBEFA3/PC_G_EU4" CO2="23087.41" CO="659.51" HC="3.61" NOx="9.80" PMx="0.69" fuel="9.92" electricity="0.00" noise="82.61" route="routebottom" type="cfm_slow" waiting="0.00" lane="bottom_0" pos="40.85" speed="46.12" angle="20.97" x="126.29" y="45.13"/>
        <vehicle id="cfm_slow_3" eclass="HBEFA3/PC_G_EU4" CO2="23087.41" CO="659.51" HC="3.61" NOx="9.80" PMx="0.69" fuel="9.92" electricity="0.00" noise="82.61" route="routebottom" type="cfm_slow" waiting="0.00" lane="right_0" pos="30.85" speed="46.12" angle="308.97" x="100.63" y="117.50"/>
        <vehicle id="cfm_slow_4" eclass="HBEFA3/PC_G_EU4" CO2="23087.41" CO="659.51" HC="3.61" NOx="9.80" PMx="0.69" fuel="9.92" electricity="0.00" noise="82.61" route="routetop" type="cfm_slow" waiting="0.00" lane="top_0" pos="20.85" speed="46.12" angle="236.94" x="23.88" y="115.44"/>
    </timestep>
    <timestep time="4.91">
        <vehicle id="cfm_slow_0" eclass="HBEFA3/PC_G_EU4" CO2="23005.22" CO="657.98" HC="3.60" NOx="9.76" PMx="0.68" fuel="9.89" electricity="0.00" noise="82.59" route="routetop" type="cfm_slow" waiting="0.00" lane="left_0" pos="11.31" speed="46.12" angle="164.06" x="2.45" y="40.93"/>
        <vehicle id="cfm_slow_1" eclass="HBEFA3/PC_G_EU4" CO2="23005.22" CO="657.98" HC="3.60" NOx="9.76" PMx="0.68" fuel="9.89" electricity="0.00" noise="82.59" route="routebottom" type="cfm_slow" waiting="0.00" lane="bottom_0" pos="1.31" speed="46.12" angle="92.14" x="66.38" y="-1.59"/>
        <vehicle id="cfm_slow_2" eclass="HBEFA3/PC_G_EU4" CO2="23005.22" CO="657.98" HC="3.60" NOx="9.76" PMx="0.68" fuel="9.89" electricity="0.00" noise="82.59" route="routebottom" type="cfm_slow" waiting="0.00" lane="bottom_0" pos="41.31" speed="46.12" angle="20.17" x="126.54" y="46.04"/>
        <vehicle id="cfm_slow_3" eclass="HBEFA3/PC_G_EU4" CO2="23005.22" CO="657.98" HC="3.60" NOx="9.76" PMx="0.68" fuel="9.89" electricity="0.00" noise="82.59" route="routebottom" type="cfm_slow" waiting="0.00" lane="right_0" pos="31.31" speed="46.12" angle="308.13" x="99.84" y="118.02"/>
        <vehicle id="cfm_slow_4" eclass="HBEFA3/PC_G_EU4" CO2="23005.22" CO="657.98" HC="3.60" NOx="9.76" PMx="0.68" fuel="9.89" electricity="0.00" noise="82.59" route="routetop" type="cfm_slow" waiting="0.00" lane="top_0" pos="21.31" speed="46.12" angle="236.11" x="23.13" y="114.86"/>
    </timestep>
    <timestep time="4.92">
        <vehicle id="cfm_slow_0" eclass="HBEFA3/PC_G_EU4" CO2="22923.74" CO="656.47" HC="3.59" NOx="9.72" PMx="0.68" fuel="9.85" electricity="0.00" noise="82.58" route="routetop" type="cfm_slow" waiting="0.00" lane="left_0" pos="11.77" speed="46.13" angle="163.28" x="2.79" y="40.04"/>
        <vehicle id="cfm_slow_1" eclass="HBEFA3/PC_G_EU4" CO2="22923.74" CO="656.47" HC="3.59" NOx="9.72" PMx="0.68" fuel="9.85" electricity="0.00" noise="82.58" route="routebottom" type="cfm_slow" waiting="0.00" lane="bottom_0" pos="1.77" speed="46.13" angle="91.30" x="67.32" y="-1.54"/>
        <vehicle id="cfm_slow_2" eclass="HBEFA3/PC_G_EU4" CO2="22923.74" CO="656.47" HC="3.59" NOx="9.72" PMx="0.68" fuel="9.85" electricity="0.00" noise="82.58" route="routebottom" type="cfm_slow" waiting="0.00" lane="bottom_0" pos="41.77" speed="46.13" angle="19.31" x="126.79" y="46.95"/>
        <vehicle id="cfm_slow_3" eclass="HBEFA3/PC_G_EU4" CO2="22923.74" CO="656.47" HC="3.59" NOx="9.72" PMx="0.68" fuel="9.85" electricity="0.00" noise="82.58" route="routebottom" type="cfm_slow" waiting="0.00" lane="right_0" pos="31.77" speed="46.13" angle="307.28" x="99.05" y="118.55"/>
        <vehicle id="cfm_slow_4" eclass="HBEFA3/PC_G_EU4" CO2="22923.74" CO="656.47" HC="3.59" NOx="9.72" PMx="0.68" fuel="9.85" electricity="0.00" noise="82.58" route="routetop" type="cfm_slow" waiting="0.00" lane="top_0" pos="21.77" speed="46.13" angle="235.31" x="22.39" y="114.27"/>
    </timestep>
    <timestep time="4.93">
        <vehicle id="cfm_slow_0" eclass="HBEFA3/PC_G_EU4" CO2="22842.98" CO="654.97" HC="3.59" NOx="9.69" PMx="0.68" fuel="9.82" electricity="0.00" noise="82.56" route="routetop" type="cfm_slow" waiting="0.00" lane="left_0" pos="12.24" speed="46.14" angle="162.45" x="3.14" y="39.16"/>
        <vehicle id="cfm_slow_1" eclass="HBEFA3/PC_G_EU4" CO2="22842.98" CO="654.97" HC="3.59" NOx="9.69" PMx="0.68" fuel="9.82" electricity="0.00" noise="82.56" route="routebottom" type="cfm_slow" waiting="0.00" lane="bottom_0" pos="2.24" speed="46.14" angle="90.46" x="68.27" y="-1.48"/>
        <vehicle id="cfm_slow_2" eclass="HBEFA3/PC_G_EU4" CO2="22842.98" CO="654.97" HC="3.59" NOx="9.69" PMx="0.68" fuel="9.82" electricity="0.00" noise="82.56" route="routebottom" type="cfm_slow" waiting="0.00" lane="bottom_0" pos="42.24" speed="46.14" angle="18.47" x="127.03" y="47.87"/>
        <vehicle id="cfm_slow_3" eclass="HBEFA3/PC_G_EU4" CO2="22842.98" CO="654.97" HC="3.59" NOx="9.69" PMx="0.68" fuel="9.82" electricity="0.00" noise="82.56" route="routebottom" type="cfm_slow" waiting="0.00" lane="right_0" pos="32.24" speed="46.14" angle="306.51" x="98.26" y="119.06"/>
        <vehicle id="cfm_slow_4" eclass="HBEFA3/PC_G_EU4" CO2="22842.98" CO="654.97" HC="3.59" NOx="9.69" PMx="0.68" fuel="9.82" electricity="0.00" noise="82.56" route="routetop" type="cfm_slow" waiting="0.00" lane="top_0" pos="22.24" speed="46.14" angle="234.46" x="21.67" y="113.66"/>
    </timestep>
    <timestep time="4.94">
        <vehicle id="cfm_slow_0" eclass="HBEFA3/PC_G_EU4" CO2="22762.92" CO="653.49" HC="3.58" NOx="9.65" PMx="0.68" fuel="9.78" electricity="0.00" noise="82.54" route="routetop" type="cfm_slow" waiting="0.00" lane="left_0" pos="12.70" speed="46.15" angle="161.63" x="3.49" y="38.28"/>
        <vehicle id="cfm_slow_1" eclass="HBEFA3/PC_G_EU4" CO2="22762.92" CO="653.49" HC="3.58" NOx="9.65" PMx="0.68" fuel="9.78" electricity="0.00" noise="82.54" route="routebottom" type="cfm_slow" waiting="0.00" lane="bottom_0" pos="2.70" speed="46.15" angle="89.66" x="69.21" y="-1.41"/>
        <vehicle id="cfm_slow_2" eclass="HBEFA3/PC_G_EU4" CO2="22762.92" CO="653.49" HC="3.58" NOx="9.65" PMx="0.68" fuel="9.78" electricity="0.00" noise="82.54" route="routebottom" type="cfm_slow" waiting="0.00" lane="bottom_0" pos="42.70" speed="46.15" angle="17.69" x="127.24" y="48.79"/>
        <vehicle id="cfm_slow_3" eclass="HBEFA3/PC_G_EU4" CO2="22762.92" CO="653.49" HC="3.58" NOx="9.65" PMx="0.68" fuel="9.78" electricity="0.00" noise="82.54" route="routebottom" type="cfm_slow" waiting="0.00" lane="right_0" pos="32.70" speed="46.15" angle="305.67" x="97.44" y="119.55"/>
        <vehicle id="cfm_slow_4" eclass="HBEFA3/PC_G_EU4" CO2="22762.92" CO="653.49" HC="3.58" NOx="9.65" PMx="0.68" fuel="9.78" electricity="0.00" noise="82.54" route="routetop" type="cfm_slow" waiting="0.00" lane="top_0" pos="22.70" speed="46.15" angle="233.59" x="20.94" y="113.05"/>
    </timestep>
    <timestep time="4.95">
        <vehicle id="cfm_slow_0" eclass="HBEFA3/PC_G_EU4" CO2="22683.57" CO="652.02" HC="3.57" NOx="9.61" PMx="0.68" fuel="9.75" electricity="0.00" noise="82.53" route="routetop" type="cfm_slow" waiting="0.00" lane="left_0" pos="13.16" speed="46.16" angle="160.84" x="3.86" y="37.42"/>
        <vehicle id="cfm_slow_1" eclass="HBEFA3/PC_G_EU4" CO2="22683.57" CO="652.02" HC="3.57" NOx="9.61" PMx="0.68" fuel="9.75" electricity="0.00" noise="82.53" route="routebottom" type="cfm_slow" waiting="0.00" lane="bottom_0" pos="3.16" speed="46.16" angle="88.82" x="70.15" y="-1.32"/>
        <vehicle id="cfm_slow_2" eclass="HBEFA3/PC_G_EU4" CO2="22683.57" CO="652.02" HC="3.57" NOx="9.61" PMx="0.68" fuel="9.75" electricity="0.00" noise="82.53" route="routebottom" type="cfm_slow" waiting="0.00" lane="bottom_0" pos="43.16" speed="46.16" angle="16.88" x="127.46" y="49.71"/>
        <vehicle id="cfm_slow_3" eclass="HBEFA3/PC_G_EU4" CO2="22683.57" CO="652.02" HC="3.57" NOx="9.61" PMx="0.68" fuel="9.75" electricity="0.00" noise="82.53" route="routebottom" type="cfm_slow" waiting="0.00" lane="right_0" pos="33.16" speed="46.16" angle="304.83" x="96.63" y="120.03"/>
        <vehicle id="cfm_slow_4" eclass="HBEFA3/PC_G_EU4" CO2="22683.57" CO="652.02" HC="3.57" NOx="9.61" PMx="0.68" fuel="9.75" electricity="0.00" noise="82.53" route="routetop" type="cfm_slow" waiting="0.00" lane="top_0" pos="23.16" speed="46.16" angle="232.81" x="20.23" y="112.43"/>
    </timestep>
    <timestep time="4.96">
        <vehicle id="cfm_slow_0" eclass="HBEFA3/PC_G_EU4" CO2="22604.90" CO="650.56" HC="3.56" NOx="9.57" PMx="0.67" fuel="9.72" electricity="0.00" noise="82.51" route="routetop" type="cfm_slow" waiting="0.00" lane="left_0" pos="13.62" speed="46.16" angle="159.99" x="4.25" y="36.55"/>
        <vehicle id="cfm_slow_1" eclass="HBEFA3/PC_G_EU4" CO2="22604.90" CO="650.56" HC="3.56" NOx="9.57" PMx="0.67" fuel="9.72" electricity="0.00" noise="82.51" route="routebottom" type="cfm_slow" waiting="0.00" lane="bottom_0" pos="3.62" speed="46.16" angle="87.98" x="71.10" y="-1.22"/>
        <vehicle id="cfm_slow_2" eclass="HBEFA3/PC_G_EU4" CO2="22604.90" CO="650.56" HC="3.56" NOx="9.57" PMx="0.67" fuel="9.72" electricity="0.00" noise="82.51" route="routebottom" type="cfm_slow" waiting="0.00" lane="bottom_0" pos="43.62" speed="46.16" angle="16.11" x="127.67" y="50.63"/>
        <vehicle id="cfm_slow_3" eclass="HBEFA3/PC_G_EU4" CO2="22604.90" CO="650.56" HC="3.56" NOx="9.57" PMx="0.67" fuel="9.72" electricity="0.00" noise="82.51" route="routebottom" type="cfm_slow" waiting="0.00" lane="right_0" pos="33.62" speed="46.16" angle="304.04" x="95.81" y="120.50"/>
        <vehicle id="cfm_slow_4" eclass="HBEFA3/PC_G_EU4" CO2="22604.90" CO="650.56" HC="3.56" NOx="9.57" PMx="0.67" fuel="9.72" electricity="0.00" noise="82.51" route="routetop" type="cfm_slow" waiting="0.00" lane="top_0" pos="23.62" speed="46.16" angle="231.96" x="19.53" y="111.79"/>
    </timestep>
    <timestep time="4.97">
        <vehicle id="cfm_slow_0" eclass="HBEFA3/PC_G_EU4" CO2="22526.93" CO="649.11" HC="3.55" NOx="9.54" PMx="0.67" fuel="9.68" electricity="0.00" noise="82.50" route="routetop" type="cfm_slow" waiting="0.00" lane="left_0" pos="14.08" speed="46.17" angle="159.20" x="4.64" y="35.69"/>
        <vehicle id="cfm_slow_1" eclass="HBEFA3/PC_G_EU4" CO2="22526.93" CO="649.11" HC="3.55" NOx="9.54" PMx="0.67" fuel="9.68" electricity="0.00" noise="82.50" route="routebottom" type="cfm_slow" waiting="0.00" lane="bottom_0" pos="4.08" speed="46.17" angle="87.19" x="72.04" y="-1.11"/>
        <vehicle id="cfm_slow_2" eclass="HBEFA3/PC_G_EU4" CO2="22526.93" CO="649.11" HC="3.55" NOx="9.54" PMx="0.67" fuel="9.68" electricity="0.00" noise="82.50" route="routebottom" type="cfm_slow" waiting="0.00" lane="bottom_0" pos="44.08" speed="46.17" angle="15.21" x="127.84" y="51.57"/>
        <vehicle id="cfm_slow_3" eclass="HBEFA3/PC_G_EU4" CO2="22526.93" CO="649.11" HC="3.55" NOx="9.54" PMx="0.67" fuel="9.68" electricity="0.00" noise="82.50" route="routebottom" type="cfm_slow" waiting="0.00" lane="right_0" pos="34.08" speed="46.17" angle="303.19" x="94.98" y="120.96"/>
        <vehicle id="cfm_slow_4" eclass="HBEFA3/PC_G_EU4" CO2="22526.93" CO="649.11" HC="3.55" NOx="9.54" PMx="0.67" fuel="9.68" electricity="0.00" noise="82.50" route="routetop" type="cfm_slow" waiting="0.00" lane="top_0" pos="24.08" speed="46.17" angle="231.11" x="18.84" y="111.15"/>
    </timestep>
    <timestep time="4.98">
        <vehicle id="cfm_slow_0" eclass="HBEFA3/PC_G_EU4" CO2="22449.64" CO="647.68" HC="3.54" NOx="9.50" PMx="0.67" fuel="9.65" electricity="0.00" noise="82.48" route="routetop" type="cfm_slow" waiting="0.00" lane="left_0" pos="14.54" speed="46.18" angle="158.35" x="5.06" y="34.84"/>
        <vehicle id="cfm_slow_1" eclass="HBEFA3/PC_G_EU4" CO2="22449.64" CO="647.68" HC="3.54" NOx="9.50" PMx="0.67" fuel="9.65" electricity="0.00" noise="82.48" route="routebottom" type="cfm_slow" waiting="0.00" lane="bottom_0" pos="4.54" speed="46.18" angle="86.35" x="72.97" y="-0.98"/>
        <vehicle id="cfm_slow_2" eclass="HBEFA3/PC_G_EU4" CO2="22449.64" CO="647.68" HC="3.54" NOx="9.50" PMx="0.67" fuel="9.65" electricity="0.00" noise="82.48" route="routebottom" type="cfm_slow" waiting="0.00" lane="bottom_0" pos="44.54" speed="46.18" angle="14.32" x="128.00" y="52.50"/>
        <vehicle id="cfm_slow_3" eclass="HBEFA3/PC_G_EU4" CO2="22449.64" CO="647.68" HC="3.54" NOx="9.50" PMx="0.67" fuel="9.65" electricity="0.00" noise="82.48" route="routebottom" type="cfm_slow" waiting="0.00" lane="right_0" pos="34.54" speed="46.18" angle="302.37" x="94.15" y="121.42"/>
        <vehicle id="cfm_slow_4" eclass="HBEFA3/PC_G_EU4" CO2="22449.64" CO="647.68" HC="3.54" NOx="9.50" PMx="0.67" fuel="9.65" electricity="0.00" noise="82.48" route="routetop" type="cfm_slow" waiting="0.00" lane="top_0" pos="24.54" speed="46.18" angle="230.33" x="18.15" y="110.49"/>
    </timestep>
    <timestep time="4.99">
        <vehicle id="cfm_slow_0" eclass="HBEFA3/PC_G_EU4" CO2="22373.02" CO="646.26" HC="3.53" NOx="9.46" PMx="0.67" fuel="9.62" electricity="0.00" noise="82.46" route="routetop" type="cfm_slow" waiting="0.00" lane="left_0" pos="15.01" speed="46.19" angle="157.49" x="5.48" y="33.99"/>
        <vehicle id="cfm_slow_1" eclass="HBEFA3/PC_G_EU4" CO2="22373.02" CO="646.26" HC="3.53" NOx="9.46" PMx="0.67" fuel="9.62" electricity="0.00" noise="82.46" route="routebottom" type="cfm_slow" waiting="0.00" lane="bottom_0" pos="5.01" speed="46.19" angle="85.48" x="73.91" y="-0.84"/>
        <vehicle id="cfm_slow_2" eclass="HBEFA3/PC_G_EU4" CO2="22373.02" CO="646.26" HC="3.53" NOx="9.46" PMx="0.67" fuel="9.62" electricity="0.00" noise="82.46" route="routebottom" type="cfm_slow" waiting="0.00" lane="bottom_0" pos="45.01" speed="46.19" angle="13.50" x="128.16" y="53.43"/>
        <vehicle id="cfm_slow_3" eclass="HBEFA3/PC_G_EU4" CO2="22373.02" CO="646.26" HC="3.53" NOx="9.46" PMx="0.67" fuel="9.62" electricity="0.00" noise="82.46" route="routebottom" type="cfm_slow" waiting="0.00" lane="right_0" pos="35.01" speed="46.19" angle="301.55" x="93.31" y="121.85"/>
        <vehicle id="cfm_slow_4" eclass="HBEFA3/PC_G_EU4" CO2="22373.02" CO="646.26" HC="3.53" NOx="9.46" PMx="0.67" fuel="9.62" electricity="0.00" noise="82.46" route="routetop" type="cfm_slow" waiting="0.00" lane="top_0" pos="25.01" speed="46.19" angle="229.50" x="17.48" y="109.83"/>
    </timestep>
    <timestep time="5.00">
        <vehicle id="cfm_slow_0" eclass="HBEFA3/PC_G_EU4" CO2="22297.08" CO="644.85" HC="3.53" NOx="9.43" PMx="0.67" fuel="9.58" electricity="0.00" noise="82.45" route="routetop" type="cfm_slow" waiting="0.00" lane="left_0" pos="15.47" speed="46.19" angle="156.70" x="5.91" y="33.15"/>
        <vehicle id="cfm_slow_1" eclass="HBEFA3/PC_G_EU4" CO2="22297.08" CO="644.85" HC="3.53" NOx="9.43" PMx="0.67" fuel="9.58" electricity="0.00" noise="82.45" route="routebottom" type="cfm_slow" waiting="0.00" lane="bottom_0" pos="5.47" speed="46.19" angle="84.66" x="74.84" y="-0.68"/>
        <vehicle id="cfm_slow_2" eclass="HBEFA3/PC_G_EU4" CO2="22297.08" CO="644.85" HC="3.53" NOx="9.43" PMx="0.67" fuel="9.58" electricity="0.00" noise="82.45" route="routebottom" type="cfm_slow" waiting="0.00" lane="bottom_0" pos="45.47" speed="46.19" angle="12.66" x="128.30" y="54.37"/>
        <vehicle id="cfm_slow_3" eclass="HBEFA3/PC_G_EU4" CO2="22297.08" CO="644.85" HC="3.53" NOx="9.43" PMx="0.67" fuel="9.58" electricity="0.00" noise="82.45" route="routebottom" type="cfm_slow" waiting="0.00" lane="right_0" pos="35.47" speed="46.19" angle="300.69" x="92.46" y="122.27"/>
        <vehicle id="cfm_slow_4" eclass="HBEFA3/PC_G_EU4" CO2="22297.08" CO="644.85" HC="3.53" NOx="9.43" PMx="0.67" fuel="9.58" electricity="0.00" noise="82.45" route="routetop" type="cfm_slow" waiting="0.00" lane="top_0" pos="25.47" speed="46.19" angle="228.67" x="16.81" y="109.16"/>
    </timestep>
    <timestep time="5.01">
        <vehicle id="cfm_slow_0" eclass="HBEFA3/PC_G_EU4" CO2="22221.80" CO="643.45" HC="3.52" NOx="9.39" PMx="0.67" fuel="9.55" electricity="0.00" noise="82.43" route="routetop" type="cfm_slow" waiting="0.00" lane="left_0" pos="15.93" speed="46.20" angle="155.85" x="6.37" y="32.32"/>
        <vehicle id="cfm_slow_1" eclass="HBEFA3/PC_G_EU4" CO2="22221.80" CO="643.45" HC="3.52" NOx="9.39" PMx="0.67" fuel="9.55" electricity="0.00" noise="82.43" route="routebottom" type="cfm_slow" waiting="0.00" lane="bottom_0" pos="5.93" speed="46.20" angle="83.79" x="75.78" y="-0.51"/>
        <vehicle id="cfm_slow_2" eclass="HBEFA3/PC_G_EU4" CO2="22221.80" CO="643.45" HC="3.52" NOx="9.39" PMx="0.67" fuel="9.55" electricity="0.00" noise="82.43" route="routebottom" type="cfm_slow" waiting="0.00" lane="bottom_0" pos="45.93" speed="46.20" angle="11.81" x="128.43" y="55.31"/>
        <vehicle id="cfm_slow_3" eclass="HBEFA3/PC_G_EU4" CO2="22221.80" CO="643.45" HC="3.52" NOx="9.39" PMx="0.67" fuel="9.55" electricity="0.00" noise="82.43" route="routebottom" type="cfm_slow" waiting="0.00" lane="right_0" pos="35.93" speed="46.20" angle="299.89" x="91.61" y="122.69"/>
        <vehicle id="cfm_slow_4" eclass="HBEFA3/PC_G_EU4" CO2="22221.80" CO="643.45" HC="3.52" NOx="9.39" PMx="0.67" fuel="9.55" electricity="0.00" noise="82.43" route="routetop" type="cfm_slow" waiting="0.00" lane="top_0" pos="25.93" speed="46.20" angle="227.88" x="16.16" y="108.47"/>
    </timestep>
    <timestep time="5.02">
        <vehicle id="cfm_slow_0" eclass="HBEFA3/PC_G_EU4" CO2="22147.18" CO="642.07" HC="3.51" NOx="9.36" PMx="0.66" fuel="9.52" electricity="0.00" noise="82.42" route="routetop" type="cfm_slow" waiting="0.00" lane="left_0" pos="16.39" speed="46.21" angle="155.00" x="6.83" y="31.49"/>
        <vehicle id="cfm_slow_1" eclass="HBEFA3/PC_G_EU4" CO2="22147.18" CO="642.07" HC="3.51" NOx="9.36" PMx="0.66" fuel="9.52" electricity="0.00" noise="82.42" route="routebottom" type="cfm_slow" waiting="0.00" lane="bottom_0" pos="6.39" speed="46.21" angle="82.98" x="76.71" y="-0.33"/>
        <vehicle id="cfm_slow_2" eclass="HBEFA3/PC_G_EU4" CO2="22147.18" CO="642.07" HC="3.51" NOx="9.36" PMx="0.66" fuel="9.52" electricity="0.00" noise="82.42" route="routebottom" type="cfm_slow" waiting="0.00" lane="bottom_0" pos="46.39" speed="46.21" angle="11.04" x="128.55" y="56.25"/>
        <vehicle id="cfm_slow_3" eclass="HBEFA3/PC_G_EU4" CO2="22147.18" CO="642.07" HC="3.51" NOx="9.36" PMx="0.66" fuel="9.52" electricity="0.00" noise="82.42" route="routebottom" type="cfm_slow" waiting="0.00" lane="right_0" pos="36.39" speed="46.21" angle="299.01" x="90.75" y="123.08"/>
        <vehicle id="cfm_slow_4" eclass="HBEFA3/PC_G_EU4" CO2="22147.18" CO="642.07" HC="3.51" NOx="9.36" PMx="0.66" fuel="9.52" electricity="0.00" noise="82.42" route="routetop" type="cfm_slow" waiting="0.00" lane="top_0" pos="26.39" speed="46.21" angle="227.03" x="15.51" y="107.78"/>
    </timestep>
    <timestep time="5.03">
        <vehicle id="cfm_slow_0" eclass="HBEFA3/PC_G_EU4" CO2="22073.22" CO="640.70" HC="3.50" NOx="9.32" PMx="0.66" fuel="9.49" electricity="0.00" noise="82.40" route="routetop" type="cfm_slow" waiting="0.00" lane="left_0" pos="16.85" speed="46.21" angle="154.20" x="7.30" y="30.67"/>
        <vehicle id="cfm_slow_1" eclass="HBEFA3/PC_G_EU4" CO2="22073.22" CO="640.70" HC="3.50" NOx="9.32" PMx="0.66" fuel="9.49" electricity="0.00" noise="82.40" route="routebottom" type="cfm_slow" waiting="0.00" lane="bottom_0" pos="6.85" speed="46.21" angle="82.13" x="77.63" y="-0.13"/>
        <vehicle id="cfm_slow_2" eclass="HBEFA3/PC_G_EU4" CO2="22073.22" CO="640.70" HC="3.50" NOx="9.32" PMx="0.66" fuel="9.49" electricity="0.00" noise="82.40" route="routebottom" type="cfm_slow" waiting="0.00" lane="bottom_0" pos="46.85" speed="46.21" angle="10.22" x="128.64" y="57.19"/>
        <vehicle id="cfm_slow_3" eclass="HBEFA3/PC_G_EU4" CO2="22073.22" CO="640.70" HC="3.50" NOx="9.32" PMx="0.66" fuel="9.49" electricity="0.00" noise="82.40" route="routebottom" type="cfm_slow" waiting="0.00" lane="right_0" pos="36.85" speed="46.21" angle="298.14" x="89.88" y="123.47"/>
        <vehicle id="cfm_slow_4" eclass="HBEFA3/PC_G_EU4" CO2="22073.22" CO="640.70" HC="3.50" NOx="9.32" PMx="0.66" fuel="9.49" electricity="0.00" noise="82.40" route="routetop" type="cfm_slow" waiting="0.00" lane="top_0" pos="26.85" speed="46.21" angle="226.20" x="14.87" y="107.08"/>
    </timestep>
    <timestep time="5.04">
        <vehicle id="cfm_slow_0" eclass="HBEFA3/PC_G_EU4" CO2="21999.90" CO="639.34" HC="3.49" NOx="9.29" PMx="0.66" fuel="9.46" electricity="0.00" noise="82.39" route="routetop" type="cfm_slow" waiting="0.00" lane="left_0" pos="17.32" speed="46.22" angle="153.33" x="7.79" y="29.86"/>
        <vehicle id="cfm_slow_1" eclass="HBEFA3/PC_G_EU4" CO2="21999.90" CO="639.34" HC="3.49" NOx="9.29" PMx="0.66" fuel="9.46" electricity="0.00" noise="82.39" route="routebottom" type="cfm_slow" waiting="0.00" lane="bottom_0" pos="7.32" speed="46.22" angle="81.28" x="78.56" y="0.08"/>
        <vehicle id="cfm_slow_2" eclass="HBEFA3/PC_G_EU4" CO2="21999.90" CO="639.34" HC="3.49" NOx="9.29" PMx="0.66" fuel="9.46" electricity="0.00" noise="82.39" route="routebottom" type="cfm_slow" waiting="0.00" lane="bottom_0" pos="47.32" speed="46.22" angle="9.40" x="128.74" y="58.13"/>
        <vehicle id="cfm_slow_3" eclass="HBEFA3/PC_G_EU4" CO2="21999.90" CO="639.34" HC="3.49" NOx="9.29" PMx="0.66" fuel="9.46" electricity="0.00" noise="82.39" route="routebottom" type="cfm_slow" waiting="0.00" lane="right_0" pos="37.32" speed="46.22" angle="297.34" x="89.02" y="123.85"/>
        <vehicle id="cfm_slow_4" eclass="HBEFA3/PC_G_EU4" CO2="21999.90" CO="639.34" HC="3.49" NOx="9.29" PMx="0.66" fuel="9.46" electricity="0.00" noise="82.39" route="routetop" type="cfm_slow" waiting="0.00" lane="top_0" pos="27.32" speed="46.22" angle="225.35" x="14.25" y="106.36"/>
    </timestep>
    <timestep time="5.05">
        <vehicle id="cfm_slow_0" eclass="HBEFA3/PC_G_EU4" CO2="21927.23" CO="637.99" HC="3.49" NOx="9.25" PMx="0.66" fuel="9.43" electricity="0.00" noise="82.37" route="routetop" type="cfm_slow" waiting="0.00" lane="left_0" pos="17.78" speed="46.23" angle="152.46" x="8.28" y="29.05"/>
        <vehicle id="cfm_slow_1" eclass="HBEFA3/PC_G_EU4" CO2="21927.23" CO="637.99" HC="3.49" NOx="9.25" PMx="0.66" fuel="9.43" electricity="0.00" noise="82.37" route="routebottom" type="cfm_slow" waiting="0.00" lane="bottom_0" pos="7.78" speed="46.23" angle="80.49" x="79.48" y="0.30"/>
        <vehicle id="cfm_slow_2" eclass="HBEFA3/PC_G_EU4" CO2="21927.23" CO="637.99" HC="3.49" NOx="9.25" PMx="0.66" fuel="9.43" electricity="0.00" noise="82.37" route="routebottom" type="cfm_slow" waiting="0.00" lane="bottom_0" pos="47.78" speed="46.23" angle="8.57" x="128.81" y="59.08"/>
        <vehicle id="cfm_slow_3" eclass="HBEFA3/PC_G_EU4" CO2="21927.23" CO="637.99" HC="3.49" NOx="9.25" PMx="0.66" fuel="9.43" electricity="0.00" noise="82.37" route="routebottom" type="cfm_slow" waiting="0.00" lane="right_0" pos="37.78" speed="46.23" angle="296.48" x="88.13" y="124.20"/>
        <vehicle id="cfm_slow_4" eclass="HBEFA3/PC_G_EU4" CO2="21927.23" CO="637.99" HC="3.49" NOx="9.25" PMx="0.66" fuel="9.43" electricity="0.00" noise="82.37" route="routetop" type="cfm_slow" waiting="0.00" lane="top_0" pos="27.78" speed="46.23" angle="224.47" x="13.64" y="105.64"/>
    </timestep>
    <timestep time="5.06">
        <vehicle id="cfm_slow_0" eclass="HBEFA3/PC_G_EU4" CO2="21855.19" CO="636.65" HC="3.48" NOx="9.22" PMx="0.66" fuel="9.39" electricity="0.00" noise="82.36" route="routetop" type="cfm_slow" waiting="0.00" lane="left_0" pos="18.24" speed="46.24" angle="151.66" x="8.79" y="28.25"/>
        <vehicle id="cfm_slow_1" eclass="HBEFA3/PC_G_EU4" CO2="21855.19" CO="636.65" HC="3.48" NOx="9.22" PMx="0.66" fuel="9.39" electricity="0.00" noise="82.36" route="routebottom" type="cfm_slow" waiting="0.00" lane="bottom_0" pos="8.24" speed="46.24" angle="79.63" x="80.39" y="0.54"/>
        <vehicle id="cfm_slow_2" eclass="HBEFA3/PC_G_EU4" CO2="21855.19" CO="636.65" HC="3.48" NOx="9.22" PMx="0.66" fuel="9.39" electricity="0.00" noise="82.36" route="routebottom" type="cfm_slow" waiting="0.00" lane="bottom_0" pos="48.24" speed="46.24" angle="7.68" x="128.86" y="60.02"/>
        <vehicle id="cfm_slow_3" eclass="HBEFA3/PC_G_EU4" CO2="21855.19" CO="636.65" HC="3.48" NOx="9.22" PMx="0.66" fuel="9.39" electricity="0.00" noise="82.36" route="routebottom" type="cfm_slow" waiting="0.00" lane="right_0" pos="38.24" speed="46.24" angle="295.62" x="87.25" y="124.55"/>
        <vehicle id="cfm_slow_4" eclass="HBEFA3/PC_G_EU4" CO2="21855.19" CO="636.65" HC="3.48" NOx="9.22" PMx="0.66" fuel="9.39" electricity="0.00" noise="82.36" route="routetop" type="cfm_slow" waiting="0.00" lane="top_0" pos="28.24" speed="46.24" angle="223.66" x="13.03" y="104.91"/>
    </timestep>
    <timestep time="5.07">
        <vehicle id="cfm_slow_0" eclass="HBEFA3/PC_G_EU4" CO2="21783.79" CO="635.33" HC="3.47" NOx="9.18" PMx="0.65" fuel="9.36" electricity="0.00" noise="82.34" route="routetop" type="cfm_slow" waiting="0.00" lane="left_0" pos="18.70" speed="46.24" angle="150.77" x="9.32" y="27.46"/>
        <vehicle id="cfm_slow_1" eclass="HBEFA3/PC_G_EU4" CO2="21783.79" CO="635.33" HC="3.47" NOx="9.18" PMx="0.65" fuel="9.36" electricity="0.00" noise="82.34" route="routebottom" type="cfm_slow" waiting="0.00" lane="bottom_0" pos="8.70" speed="46.24" angle="78.76" x="81.31" y="0.79"/>
        <vehicle id="cfm_slow_2" eclass="HBEFA3/PC_G_EU4" CO2="21783.79" CO="635.33" HC="3.47" NOx="9.18" PMx="0.65" fuel="9.36" electricity="0.00" noise="82.34" route="routebottom" type="cfm_slow" waiting="0.00" lane="bottom_0" pos="48.70" speed="46.24" angle="6.84" x="128.92" y="60.97"/>
        <vehicle id="cfm_slow_3" eclass="HBEFA3/PC_G_EU4" CO2="21783.79" CO="635.33" HC="3.47" NOx="9.18" PMx="0.65" fuel="9.36" electricity="0.00" noise="82.34" route="routebottom" type="cfm_slow" waiting="0.00" lane="right_0" pos="38.70" speed="46.24" angle="294.84" x="86.37" y="124.88"/>
        <vehicle id="cfm_slow_4" eclass="HBEFA3/PC_G_EU4" CO2="21783.79" CO="635.33" HC="3.47" NOx="9.18" PMx="0.65" fuel="9.36" electricity="0.00" noise="82.34" route="routetop" type="cfm_slow" waiting="0.00" lane="top_0" pos="28.70" speed="46.24" angle="222.82" x="12.45" y="104.16"/>
    </timestep>
    <timestep time="5.08">
        <vehicle id="cfm_slow_0" eclass="HBEFA3/PC_G_EU4" CO2="21713.01" CO="634.01" HC="3.46" NOx="9.15" PMx="0.65" fuel="9.33" electricity="0.00" noise="82.33" route="routetop" type="cfm_slow" waiting="0.00" lane="left_0" pos="19.17" speed="46.25" angle="149.92" x="9.85" y="26.67"/>
        <vehicle id="cfm_slow_1" eclass="HBEFA3/PC_G_EU4" CO2="21713.01" CO="634.01" HC="3.46" NOx="9.15" PMx="0.65" fuel="9.33" electricity="0.00" noise="82.33" route="routebottom" type="cfm_slow" waiting="0.00" lane="bottom_0" pos="9.17" speed="46.25" angle="77.96" x="82.22" y="1.05"/>
        <vehicle id="cfm_slow_2" eclass="HBEFA3/PC_G_EU4" CO2="21713.01" CO="634.01" HC="3.46" NOx="9.15" PMx="0.65" fuel="9.33" electricity="0.00" noise="82.33" route="routebottom" type="cfm_slow" waiting="0.00" lane="bottom_0" pos="49.17" speed="46.25" angle="6.00" x="128.94" y="61.92"/>
        <vehicle id="cfm_slow_3" eclass="HBEFA3/PC_G_EU4" CO2="21713.01" CO="634.01" HC="3.46" NOx="9.15" PMx="0.65" fuel="9.33" electricity="0.00" noise="82.33" route="routebottom" type="cfm_slow" waiting="0.00" lane="right_0" pos="39.17" speed="46.25" angle="294.01" x="85.48" y="125.21"/>
        <vehicle id="cfm_slow_4" eclass="HBEFA3/PC_G_EU4" CO2="21713.01" CO="634.01" HC="3.46" NOx="9.15" PMx="0.65" fuel="9.33" electricity="0.00" noise="82.33" route="routetop" type="cfm_slow" waiting="0.00" lane="top_0" pos="29.17" speed="46.25" angle="221.97" x="11.86" y="103.42"/>
    </timestep>
    <timestep time="5.09">
        <vehicle id="cfm_slow_0" eclass="HBEFA3/PC_G_EU4" CO2="21642.86" CO="632.71" HC="3.45" NOx="9.12" PMx="0.65" fuel="9.30" electricity="0.00" noise="82.32" route="routetop" type="cfm_slow" waiting="0.00" lane="left_0" pos="19.63" speed="46.26" angle="149.10" x="10.40" y="25.90"/>
        <vehicle id="cfm_slow_1" eclass="HBEFA3/PC_G_EU4" CO2="21642.86" CO="632.71" HC="3.45" NOx="9.12" PMx="0.65" fuel="9.30" electricity="0.00" noise="82.32" route="routebottom" type="cfm_slow" waiting="0.00" lane="bottom_0" pos="9.63" speed="46.26" angle="77.12" x="83.13" y="1.33"/>
        <vehicle id="cfm_slow_2" eclass="HBEFA3/PC_G_EU4" CO2="21642.86" CO="632.71" HC="3.45" NOx="9.12" PMx="0.65" fuel="9.30" electricity="0.00" noise="82.32" route="routebottom" type="cfm_slow" waiting="0.00" lane="bottom_0" pos="49.63" speed="46.26" angle="5.16" x="128.96" y="62.87"/>
        <vehicle id="cfm_slow_3" eclass="HBEFA3/PC_G_EU4" CO2="21642.86" CO="632.71" HC="3.45" NOx="9.12" PMx="0.65" fuel="9.30" electricity="0.00" noise="82.32" route="routebottom" type="cfm_slow" waiting="0.00" lane="right_0" pos="39.63" speed="46.26" angle="293.20" x="84.59" y="125.53"/>
        <vehicle id="cfm_slow_4" eclass="HBEFA3/PC_G_EU4" CO2="21642.86" CO="632.71" HC="3.45" NOx="9.12" PMx="0.65" fuel="9.30" electricity="0.00" noise="82.32" route="routetop" type="cfm_slow" waiting="0.00" lane="top_0" pos="29.63" speed="46.26" angle="221.18" x="11.29" y="102.66"/>
    </timestep>
    <timestep time="5.10">
        <vehicle id="cfm_slow_0" eclass="HBEFA3/PC_G_EU4" CO2="21573.32" CO="631.42" HC="3.45" NOx="9.08" PMx="0.65" fuel="9.27" electricity="0.00" noise="82.30" route="routetop" type="cfm_slow" waiting="0.00" lane="left_0" pos="20.09" speed="46.26" angle="148.26" x="10.95" y="25.13"/>
        <vehicle id="cfm_slow_1" eclass="HBEFA3/PC_G_EU4" CO2="21573.32" CO="631.42" HC="3.45" NOx="9.08" PMx="0.65" fuel="9.27" electricity="0.00" noise="82.30" route="routebottom" type="cfm_slow" waiting="0.00" lane="bottom_0" pos="10.09" speed="46.26" angle="76.28" x="84.03" y="1.61"/>
        <vehicle id="cfm_slow_2" eclass="HBEFA3/PC_G_EU4" CO2="21573.32" CO="631.42" HC="3.45" NOx="9.08" PMx="0.65" fuel="9.27" electricity="0.00" noise="82.30" route="routebottom" type="cfm_slow" waiting="0.00" lane="right_0" pos="0.09" speed="46.26" angle="4.33" x="128.97" y="63.87"/>
        <vehicle id="cfm_slow_3" eclass="HBEFA3/PC_G_EU4" CO2="21573.32" CO="631.42" HC="3.45" NOx="9.08" PMx="0.65" fuel="9.27" electricity="0.00" noise="82.30" route="routebottom" type="cfm_slow" waiting="0.00" lane="right_0" pos="40.09" speed="46.26" angle="292.40" x="83.68" y="125.83"/>
        <vehicle id="cfm_slow_4" eclass="HBEFA3/PC_G_EU4" CO2="21573.32" CO="631.42" HC="3.45" NOx="9.08" PMx="0.65" fuel="9.27" electricity="0.00" noise="82.30" route="routetop" type="cfm_slow" waiting="0.00" lane="top_0" pos="30.09" speed="46.26" angle="220.30" x="10.73" y="101.89"/>
    </timestep>
    <timestep time="5.11">
        <vehicle id="cfm_slow_0" eclass="HBEFA3/PC_G_EU4" CO2="21504.40" CO="630.15" HC="3.44" NOx="9.05" PMx="0.65" fuel="9.24" electricity="0.00" noise="82.29" route="routetop" type="cfm_slow" waiting="0.00" lane="left_0" pos="20.55" speed="46.27" angle="147.48" x="11.51" y="24.36"/>
        <vehicle id="cfm_slow_1" eclass="HBEFA3/PC_G_EU4" CO2="21504.40" CO="630.15" HC="3.44" NOx="9.05" PMx="0.65" fuel="9.24" electricity="0.00" noise="82.29" route="routebottom" type="cfm_slow" waiting="0.00" lane="bottom_0" pos="10.55" speed="46.27" angle="75.49" x="84.93" y="1.92"/>
        <vehicle id="cfm_slow_2" eclass="HBEFA3/PC_G_EU4" CO2="21504.40" CO="630.15" HC="3.44" NOx="9.05" PMx="0.65" fuel="9.24" electricity="0.00" noise="82.29" route="routebottom" type="cfm_slow" waiting="0.00" lane="right_0" pos="0.55" speed="46.27" angle="3.48" x="128.95" y="64.82"/>
        <vehicle id="cfm_slow_3" eclass="HBEFA3/PC_G_EU4" CO2="21504.40" CO="630.15" HC="3.44" NOx="9.05" PMx="0.65" fuel="9.24" electricity="0.00" noise="82.29" route="routebottom" type="cfm_slow" waiting="0.00" lane="right_0" pos="40.55" speed="46.27" angle="291.53" x="82.78" y="126.11"/>
        <vehicle id="cfm_slow_4" eclass="HBEFA3/PC_G_EU4" CO2="21504.40" CO="630.15" HC="3.44" NOx="9.05" PMx="0.65" fuel="9.24" electricity="0.00" noise="82.29" route="routetop" type="cfm_slow" waiting="0.00" lane="top_0" pos="30.55" speed="46.27" angle="219.42" x="10.18" y="101.12"/>
    </timestep>
    <timestep time="5.12">
        <vehicle id="cfm_slow_0" eclass="HBEFA3/PC_G_EU4" CO2="21436.08" CO="628.88" HC="3.43" NOx="9.02" PMx="0.65" fuel="9.21" electricity="0.00" noise="82.28" route="routetop" type="cfm_slow" waiting="0.00" lane="left_0" pos="21.02" speed="46.28" angle="146.64" x="12.09" y="23.61"/>
        <vehicle id="cfm_slow_1" eclass="HBEFA3/PC_G_EU4" CO2="21436.08" CO="628.88" HC="3.43" NOx="9.02" PMx="0.65" fuel="9.21" electricity="0.00" noise="82.28" route="routebottom" type="cfm_slow" waiting="0.00" lane="bottom_0" pos="11.02" speed="46.28" angle="74.63" x="85.82" y="2.24"/>
        <vehicle id="cfm_slow_2" eclass="HBEFA3/PC_G_EU4" CO2="21436.08" CO="628.88" HC="3.43" NOx="9.02" PMx="0.65" fuel="9.21" electricity="0.00" noise="82.28" route="routebottom" type="cfm_slow" waiting="0.00" lane="right_0" pos="1.02" speed="46.28" angle="2.64" x="128.93" y="65.77"/>
        <vehicle id="cfm_slow_3" eclass="HBEFA3/PC_G_EU4" CO2="21436.08" CO="628.88" HC="3.43" NOx="9.02" PMx="0.65" fuel="9.21" electricity="0.00" noise="82.28" route="routebottom" type="cfm_slow" waiting="0.00" lane="right_0" pos="41.02" speed="46.28" angle="290.72" x="81.87" y="126.39"/>
        <vehicle id="cfm_slow_4" eclass="HBEFA3/PC_G_EU4" CO2="21436.08" CO="628.88" HC="3.43" NOx="9.02" PMx="0.65" fuel="9.21" electricity="0.00" noise="82.28" route="routetop" type="cfm_slow" waiting="0.00" lane="top_0" pos="31.02" speed="46.28" angle="218.64" x="9.64" y="100.34"/>
    </timestep>
    <timestep time="5.13">
        <vehicle id="cfm_slow_0" eclass="HBEFA3/PC_G_EU4" CO2="21368.36" CO="627.62" HC="3.42" NOx="8.99" PMx="0.64" fuel="9.19" electricity="0.00" noise="82.26" route="routetop" type="cfm_slow" waiting="0.00" lane="left_0" pos="21.48" speed="46.28" angle="145.81" x="12.68" y="22.86"/>
        <vehicle id="cfm_slow_1" eclass="HBEFA3/PC_G_EU4" CO2="21368.36" CO="627.62" HC="3.42" NOx="8.99" PMx="0.64" fuel="9.19" electricity="0.00" noise="82.26" route="routebottom" type="cfm_slow" waiting="0.00" lane="bottom_0" pos="11.48" speed="46.28" angle="73.80" x="86.72" y="2.56"/>
        <vehicle id="cfm_slow_2" eclass="HBEFA3/PC_G_EU4" CO2="21368.36" CO="627.62" HC="3.42" NOx="8.99" PMx="0.64" fuel="9.19" electricity="0.00" noise="82.26" route="routebottom" type="cfm_slow" waiting="0.00" lane="right_0" pos="1.48" speed="46.28" angle="1.84" x="128.90" y="66.72"/>
        <vehicle id="cfm_slow_3" eclass="HBEFA3/PC_G_EU4" CO2="21368.36" CO="627.62" HC="3.42" NOx="8.99" PMx="0.64" fuel="9.19" electricity="0.00" noise="82.26" route="routebottom" type="cfm_slow" waiting="0.00" lane="right_0" pos="41.48" speed="46.28" angle="289.86" x="80.95" y="126.63"/>
        <vehicle id="cfm_slow_4" eclass="HBEFA3/PC_G_EU4" CO2="21368.36" CO="627.62" HC="3.42" NOx="8.99" PMx="0.64" fuel="9.19" electricity="0.00" noise="82.26" route="routetop" type="cfm_slow" waiting="0.00" lane="top_0" pos="31.48" speed="46.28" angle="217.80" x="9.11" y="99.55"/>
    </timestep>
    <timestep time="5.14">
        <vehicle id="cfm_slow_0" eclass="HBEFA3/PC_G_EU4" CO2="21301.24" CO="626.38" HC="3.42" NOx="8.95" PMx="0.64" fuel="9.16" electricity="0.00" noise="82.25" route="routetop" type="cfm_slow" waiting="0.00" lane="left_0" pos="21.94" speed="46.29" angle="145.01" x="13.27" y="22.13"/>
        <vehicle id="cfm_slow_1" eclass="HBEFA3/PC_G_EU4" CO2="21301.24" CO="626.38" HC="3.42" NOx="8.95" PMx="0.64" fuel="9.16" electricity="0.00" noise="82.25" route="routebottom" type="cfm_slow" waiting="0.00" lane="bottom_0" pos="11.94" speed="46.29" angle="72.99" x="87.60" y="2.91"/>
        <vehicle id="cfm_slow_2" eclass="HBEFA3/PC_G_EU4" CO2="21301.24" CO="626.38" HC="3.42" NOx="8.95" PMx="0.64" fuel="9.16" electricity="0.00" noise="82.25" route="routebottom" type="cfm_slow" waiting="0.00" lane="right_0" pos="1.94" speed="46.29" angle="0.99" x="128.84" y="67.67"/>
        <vehicle id="cfm_slow_3" eclass="HBEFA3/PC_G_EU4" CO2="21301.24" CO="626.38" HC="3.42" NOx="8.95" PMx="0.64" fuel="9.16" electricity="0.00" noise="82.25" route="routebottom" type="cfm_slow" waiting="0.00" lane="right_0" pos="41.94" speed="46.29" angle="288.99" x="80.04" y="126.88"/>
        <vehicle id="cfm_slow_4" eclass="HBEFA3/PC_G_EU4" CO2="21301.24" CO="626.38" HC="3.42" NOx="8.95" PMx="0.64" fuel="9.16" electricity="0.00" noise="82.25" route="routetop" type="cfm_slow" waiting="0.00" lane="top_0" pos="31.94" speed="46.29" angle="216.98" x="8.59" y="98.76"/>
    </timestep>
    <timestep time="5.15">
        <vehicle id="cfm_slow_0" eclass="HBEFA3/PC_G_EU4" CO2="21234.70" CO="625.14" HC="3.41" NOx="8.92" PMx="0.64" fuel="9.13" electricity="0.00" noise="82.24" route="routetop" type="cfm_slow" waiting="0.00" lane="left_0" pos="22.40" speed="46.30" angle="144.15" x="13.88" y="21.40"/>
        <vehicle id="cfm_slow_1" eclass="HBEFA3/PC_G_EU4" CO2="21234.70" CO="625.14" HC="3.41" NOx="8.92" PMx="0.64" fuel="9.13" electricity="0.00" noise="82.24" route="routebottom" type="cfm_slow" waiting="0.00" lane="bottom_0" pos="12.40" speed="46.30" angle="72.16" x="88.48" y="3.26"/>
        <vehicle id="cfm_slow_2" eclass="HBEFA3/PC_G_EU4" CO2="21234.70" CO="625.14" HC="3.41" NOx="8.92" PMx="0.64" fuel="9.13" electricity="0.00" noise="82.24" route="routebottom" type="cfm_slow" waiting="0.00" lane="right_0" pos="2.40" speed="46.30" angle="0.15" x="128.79" y="68.62"/>
        <vehicle id="cfm_slow_3" eclass="HBEFA3/PC_G_EU4" CO2="21234.70" CO="625.14" HC="3.41" NOx="8.92" PMx="0.64" fuel="9.13" electricity="0.00" noise="82.24" route="routebottom" type="cfm_slow" waiting="0.00" lane="right_0" pos="42.40" speed="46.30" angle="288.19" x="79.12" y="127.11"/>
        <vehicle id="cfm_slow_4" eclass="HBEFA3/PC_G_EU4" CO2="21234.70" CO="625.14" HC="3.41" NOx="8.92" PMx="0.64" fuel="9.13" electricity="0.00" noise="82.24" route="routetop" type="cfm_slow" waiting="0.00" lane="top_0" pos="32.40" speed="46.30" angle="216.20" x="8.09" y="97.95"/>
    </timestep>
    <timestep time="5.16">
        <vehicle id="cfm_slow_0" eclass="HBEFA3/PC_G_EU4" CO2="21168.76" CO="623.92" HC="3.40" NOx="8.89" PMx="0.64" fuel="9.10" electricity="0.00" noise="82.22" route="routetop" type="cfm_slow" waiting="0.00" lane="left_0" pos="22.87" speed="46.30" angle="143.28" x="14.50" y="20.68"/>
        <vehicle id="cfm_slow_1" eclass="HBEFA3/PC_G_EU4" CO2="21168.76" CO="623.92" HC="3.40" NOx="8.89" PMx="0.64" fuel="9.10" electricity="0.00" noise="82.22" route="routebottom" type="cfm_slow" waiting="0.00" lane="bottom_0" pos="12.87" speed="46.30" angle="71.38" x="89.36" y="3.62"/>
        <vehicle id="cfm_slow_2" eclass="HBEFA3/PC_G_EU4" CO2="21168.76" CO="623.92" HC="3.40" NOx="8.89" PMx="0.64" fuel="9.10" electricity="0.00" noise="82.22" route="routebottom" type="cfm_slow" waiting="0.00" lane="right_0" pos="2.87" speed="46.30" angle="359.36" x="128.70" y="69.56"/>
        <vehicle id="cfm_slow_3" eclass="HBEFA3/PC_G_EU4" CO2="21168.76" CO="623.92" HC="3.40" NOx="8.89" PMx="0.64" fuel="9.10" electricity="0.00" noise="82.22" route="routebottom" type="cfm_slow" waiting="0.00" lane="right_0" pos="42.87" speed="46.30" angle="287.38" x="78.19" y="127.32"/>
        <vehicle id="cfm_slow_4" eclass="HBEFA3/PC_G_EU4" CO2="21168.76" CO="623.92" HC="3.40" NOx="8.89" PMx="0.64" fuel="9.10" electricity="0.00" noise="82.22" route="routetop" type="cfm_slow" waiting="0.00" lane="top_0" pos="32.87" speed="46.30" angle="215.35" x="7.60" y="97.14"/>
    </timestep>
    <timestep time="5.17">
        <vehicle id="cfm_slow_0" eclass="HBEFA3/PC_G_EU4" CO2="21103.39" CO="622.71" HC="3.40" NOx="8.86" PMx="0.64" fuel="9.07" electricity="0.00" noise="82.21" route="routetop" type="cfm_slow" waiting="0.00" lane="left_0" pos="23.33" speed="46.31" angle="142.50" x="15.13" y="19.97"/>
        <vehicle id="cfm_slow_1" eclass="HBEFA3/PC_G_EU4" CO2="21103.39" CO="622.71" HC="3.40" NOx="8.86" PMx="0.64" fuel="9.07" electricity="0.00" noise="82.21" route="routebottom" type="cfm_slow" waiting="0.00" lane="bottom_0" pos="13.33" speed="46.31" angle="70.53" x="90.23" y="4.01"/>
        <vehicle id="cfm_slow_2" eclass="HBEFA3/PC_G_EU4" CO2="21103.39" CO="622.71" HC="3.40" NOx="8.86" PMx="0.64" fuel="9.07" electricity="0.00" noise="82.21" route="routebottom" type="cfm_slow" waiting="0.00" lane="right_0" pos="3.33" speed="46.31" angle="358.51" x="128.61" y="70.51"/>
        <vehicle id="cfm_slow_3" eclass="HBEFA3/PC_G_EU4" CO2="21103.39" CO="622.71" HC="3.40" NOx="8.86" PMx="0.64" fuel="9.07" electricity="0.00" noise="82.21" route="routebottom" type="cfm_slow" waiting="0.00" lane="right_0" pos="43.33" speed="46.31" angle="286.56" x="77.27" y="127.54"/>
        <vehicle id="cfm_slow_4" eclass="HBEFA3/PC_G_EU4" CO2="21103.39" CO="622.71" HC="3.40" NOx="8.86" PMx="0.64" fuel="9.07" electricity="0.00" noise="82.21" route="routetop" type="cfm_slow" waiting="0.00" lane="top_0" pos="33.33" speed="46.31" angle="214.56" x="7.11" y="96.33"/>
    </timestep>
    <timestep time="5.18">
        <vehicle id="cfm_slow_0" eclass="HBEFA3/PC_G_EU4" CO2="21038.60" CO="621.50" HC="3.39" NOx="8.83" PMx="0.64" fuel="9.04" electricity="0.00" noise="82.20" route="routetop" type="cfm_slow" waiting="0.00" lane="left_0" pos="23.79" speed="46.32" angle="141.67" x="15.77" y="19.27"/>
        <vehicle id="cfm_slow_1" eclass="HBEFA3/PC_G_EU4" CO2="21038.60" CO="621.50" HC="3.39" NOx="8.83" PMx="0.64" fuel="9.04" electricity="0.00" noise="82.20" route="routebottom" type="cfm_slow" waiting="0.00" lane="bottom_0" pos="13.79" speed="46.32" angle="69.68" x="91.09" y="4.40"/>
        <vehicle id="cfm_slow_2" eclass="HBEFA3/PC_G_EU4" CO2="21038.60" CO="621.50" HC="3.39" NOx="8.83" PMx="0.64" fuel="9.04" electricity="0.00" noise="82.20" route="routebottom" type="cfm_slow" waiting="0.00" lane="right_0" pos="3.79" speed="46.32" angle="357.70" x="128.51" y="71.45"/>
        <vehicle id="cfm_slow_3" eclass="HBEFA3/PC_G_EU4" CO2="21038.60" CO="621.50" HC="3.39" NOx="8.83" PMx="0.64" fuel="9.04" electricity="0.00" noise="82.20" route="routebottom" type="cfm_slow" waiting="0.00" lane="right_0" pos="43.79" speed="46.32" angle="285.76" x="76.34" y="127.73"/>
        <vehicle id="cfm_slow_4" eclass="HBEFA3/PC_G_EU4" CO2="21038.60" CO="621.50" HC="3.39" NOx="8.83" PMx="0.64" fuel="9.04" electricity="0.00" noise="82.20" route="routetop" type="cfm_slow" waiting="0.00" lane="top_0" pos="33.79" speed="46.32" angle="213.72" x="6.65" y="95.50"/>
    </timestep>
    <timestep time="5.19">
        <vehicle id="cfm_slow_0" eclass="HBEFA3/PC_G_EU4" CO2="20974.39" CO="620.31" HC="3.38" NOx="8.80" PMx="0.63" fuel="9.02" electricity="0.00" noise="82.19" route="routetop" type="cfm_slow" waiting="0.00" lane="left_0" pos="24.26" speed="46.32" angle="140.85" x="16.42" y="18.57"/>
        <vehicle id="cfm_slow_1" eclass="HBEFA3/PC_G_EU4" CO2="20974.39" CO="620.31" HC="3.38" NOx="8.80" PMx="0.63" fuel="9.02" electricity="0.00" noise="82.19" route="routebottom" type="cfm_slow" waiting="0.00" lane="bottom_0" pos="14.26" speed="46.32" angle="68.88" x="91.96" y="4.80"/>
        <vehicle id="cfm_slow_2" eclass="HBEFA3/PC_G_EU4" CO2="20974.39" CO="620.31" HC="3.38" NOx="8.80" PMx="0.63" fuel="9.02" electricity="0.00" noise="82.19" route="routebottom" type="cfm_slow" waiting="0.00" lane="right_0" pos="4.26" speed="46.32" angle="356.87" x="128.38" y="72.39"/>
        <vehicle id="cfm_slow_3" eclass="HBEFA3/PC_G_EU4" CO2="20974.39" CO="620.31" HC="3.38" NOx="8.80" PMx="0.63" fuel="9.02" electricity="0.00" noise="82.19" route="routebottom" type="cfm_slow" waiting="0.00" lane="right_0" pos="44.26" speed="46.32" angle="284.86" x="75.40" y="127.90"/>
        <vehicle id="cfm_slow_4" eclass="HBEFA3/PC_G_EU4" CO2="20974.39" CO="620.31" HC="3.38" NOx="8.80" PMx="0.63" fuel="9.02" electricity="0.00" noise="82.19" route="routetop" type="cfm_slow" waiting="0.00" lane="top_0" pos="34.26" speed="46.32" angle="212.87" x="6.19" y="94.67"/>
    </timestep>
    <timestep time="5.20">
        <vehicle id="cfm_slow_0" eclass="HBEFA3/PC_G_EU4" CO2="20910.73" CO="619.13" HC="3.37" NOx="8.77" PMx="0.63" fuel="8.99" electricity="0.00" noise="82.17" route="routetop" type="cfm_slow" waiting="0.00" lane="left_0" pos="24.72" speed="46.33" angle="140.03" x="17.08" y="17.90"/>
        <vehicle id="cfm_slow_1" eclass="HBEFA3/PC_G_EU4" CO2="20910.73" CO="619.13" HC="3.37" NOx="8.77" PMx="0.63" fuel="8.99" electricity="0.00" noise="82.17" route="routebottom" type="cfm_slow" waiting="0.00" lane="bottom_0" pos="14.72" speed="46.33" angle="68.01" x="92.80" y="5.22"/>
        <vehicle id="cfm_slow_2" eclass="HBEFA3/PC_G_EU4" CO2="20910.73" CO="619.13" HC="3.37" NOx="8.77" PMx="0.63" fuel="8.99" electricity="0.00" noise="82.17" route="routebottom" type="cfm_slow" waiting="0.00" lane="right_0" pos="4.72" speed="46.33" angle="356.02" x="128.24" y="73.33"/>
        <vehicle id="cfm_slow_3" eclass="HBEFA3/PC_G_EU4" CO2="20910.73" CO="619.13" HC="3.37" NOx="8.77" PMx="0.63" fuel="8.99" electricity="0.00" noise="82.17" route="routebottom" type="cfm_slow" waiting="0.00" lane="right_0" pos="44.72" speed="46.33" angle="283.96" x="74.47" y="128.07"/>
        <vehicle id="cfm_slow_4" eclass="HBEFA3/PC_G_EU4" CO2="20910.73" CO="619.13" HC="3.37" NOx="8.77" PMx="0.63" fuel="8.99" electricity="0.00" noise="82.17" route="routetop" type="cfm_slow" waiting="0.00" lane="top_0" pos="34.72" speed="46.33" angle="212.09" x="5.74" y="93.83"/>
    </timestep>
    <timestep time="5.21">
        <vehicle id="cfm_slow_0" eclass="HBEFA3/PC_G_EU4" CO2="20847.64" CO="617.96" HC="3.37" NOx="8.74" PMx="0.63" fuel="8.96" electricity="0.00" noise="82.16" route="routetop" type="cfm_slow" waiting="0.00" lane="left_0" pos="25.18" speed="46.33" angle="139.17" x="17.76" y="17.22"/>
        <vehicle id="cfm_slow_1" eclass="HBEFA3/PC_G_EU4" CO2="20847.64" CO="617.96" HC="3.37" NOx="8.74" PMx="0.63" fuel="8.96" electricity="0.00" noise="82.16" route="routebottom" type="cfm_slow" waiting="0.00" lane="bottom_0" pos="15.18" speed="46.33" angle="67.14" x="93.65" y="5.65"/>
        <vehicle id="cfm_slow_2" eclass="HBEFA3/PC_G_EU4" CO2="20847.64" CO="617.96" HC="3.37" NOx="8.74" PMx="0.63" fuel="8.96" electricity="0.00" noise="82.16" route="routebottom" type="cfm_slow" waiting="0.00" lane="right_0" pos="5.18" speed="46.33" angle="355.20" x="128.11" y="74.27"/>
        <vehicle id="cfm_slow_3" eclass="HBEFA3/PC_G_EU4" CO2="20847.64" CO="617.96" HC="3.37" NOx="8.74" PMx="0.63" fuel="8.96" electricity="0.00" noise="82.16" route="routebottom" type="cfm_slow" waiting="0.00" lane="right_0" pos="45.18" speed="46.33" angle="283.17" x="73.53" y="128.22"/>
        <vehicle id="cfm_slow_4" eclass="HBEFA3/PC_G_EU4" CO2="20847.64" CO="617.96" HC="3.37" NOx="8.74" PMx="0.63" fuel="8.96" electricity="0.00" noise="82.16" route="routetop" type="cfm_slow" waiting="0.00" lane="top_0" pos="35.18" speed="46.33" angle="211.24" x="5.31" y="92.98"/>
    </timestep>
    <timestep time="5.22">
        <vehicle id="cfm_slow_0" eclass="HBEFA3/PC_G_EU4" CO2="20785.11" CO="616.80" HC="3.36" NOx="8.71" PMx="0.63" fuel="8.93" electricity="0.00" noise="82.15" route="routetop" type="cfm_slow" waiting="0.00" lane="left_0" pos="25.65" speed="46.34" angle="138.37" x="18.43" y="16.55"/>
        <vehicle id="cfm_slow_1" eclass="HBEFA3/PC_G_EU4" CO2="20785.11" CO="616.80" HC="3.36" NOx="8.71" PMx="0.63" fuel="8.93" electricity="0.00" noise="82.15" route="routebottom" type="cfm_slow" waiting="0.00" lane="bottom_0" pos="15.65" speed="46.34" angle="66.36" x="94.49" y="6.09"/>
        <vehicle id="cfm_slow_2" eclass="HBEFA3/PC_G_EU4" CO2="20785.11" CO="616.80" HC="3.36" NOx="8.71" PMx="0.63" fuel="8.93" electricity="0.00" noise="82.15" route="routebottom" type="cfm_slow" waiting="0.00" lane="right_0" pos="5.65" speed="46.34" angle="354.35" x="127.94" y="75.21"/>
        <vehicle id="cfm_slow_3" eclass="HBEFA3/PC_G_EU4" CO2="20785.11" CO="616.80" HC="3.36" NOx="8.71" PMx="0.63" fuel="8.93" electricity="0.00" noise="82.15" route="routebottom" type="cfm_slow" waiting="0.00" lane="right_0" pos="45.65" speed="46.34" angle="282.33" x="72.59" y="128.35"/>
        <vehicle id="cfm_slow_4" eclass="HBEFA3/PC_G_EU4" CO2="20785.11" CO="616.80" HC="3.36" NOx="8.71" PMx="0.63" fuel="8.93" electricity="0.00" noise="82.15" route="routetop" type="cfm_slow" waiting="0.00" lane="top_0" pos="35.65" speed="46.34" angle="210.40" x="4.89" y="92.13"/>
    </timestep>
    <timestep time="5.23">
        <vehicle id="cfm_slow_0" eclass="HBEFA3/PC_G_EU4" CO2="20723.13" CO="615.65" HC="3.35" NOx="8.68" PMx="0.63" fuel="8.91" electricity="0.00" noise="82.14" route="routetop" type="cfm_slow" waiting="0.00" lane="left_0" pos="26.11" speed="46.35" angle="137.51" x="19.13" y="15.91"/>
        <vehicle id="cfm_slow_1" eclass="HBEFA3/PC_G_EU4" CO2="20723.13" CO="615.65" HC="3.35" NOx="8.68" PMx="0.63" fuel="8.91" electricity="0.00" noise="82.14" route="routebottom" type="cfm_slow" waiting="0.00" lane="bottom_0" pos="16.11" speed="46.35" angle="65.51" x="95.33" y="6.55"/>
        <vehicle id="cfm_slow_2" eclass="HBEFA3/PC_G_EU4" CO2="20723.13" CO="615.65" HC="3.35" NOx="8.68" PMx="0.63" fuel="8.91" electricity="0.00" noise="82.14" route="routebottom" type="cfm_slow" waiting="0.00" lane="right_0" pos="6.11" speed="46.35" angle="353.49" x="127.77" y="76.14"/>
        <vehicle id="cfm_slow_3" eclass="HBEFA3/PC_G_EU4" CO2="20723.13" CO="615.65" HC="3.35" NOx="8.68" PMx="0.63" fuel="8.91" electricity="0.00" noise="82.14" route="routebottom" type="cfm_slow" waiting="0.00" lane="right_0" pos="46.11" speed="46.35" angle="281.51" x="71.65" y="128.48"/>
        <vehicle id="cfm_slow_4" eclass="HBEFA3/PC_G_EU4" CO2="20723.13" CO="615.65" HC="3.35" NOx="8.68" PMx="0.63" fuel="8.91" electricity="0.00" noise="82.14" route="routetop" type="cfm_slow" waiting="0.00" lane="top_0" pos="36.11" speed="46.35" angle="209.59" x="4.48" y="91.27"/>
    </timestep>
    <timestep time="5.24">
        <vehicle id="cfm_slow_0" eclass="HBEFA3/PC_G_EU4" CO2="20661.69" CO="614.51" HC="3.35" NOx="8.65" PMx="0.63" fuel="8.88" electricity="0.00" noise="82.13" route="routetop" type="cfm_slow" waiting="0.00" lane="left_0" pos="26.57" speed="46.35" angle="136.65" x="19.83" y="15.26"/>
        <vehicle id="cfm_slow_1" eclass="HBEFA3/PC_G_EU4" CO2="20661.69" CO="614.51" HC="3.35" NOx="8.65" PMx="0.63" fuel="8.88" electricity="0.00" noise="82.13" route="routebottom" type="cfm_slow" waiting="0.00" lane="bottom_0" pos="16.57" speed="46.35" angle="64.69" x="96.16" y="7.01"/>
        <vehicle id="cfm_slow_2" eclass="HBEFA3/PC_G_EU4" CO2="20661.69" CO="614.51" HC="3.35" NOx="8.65" PMx="0.63" fuel="8.88" electricity="0.00" noise="82.13" route="routebottom" type="cfm_slow" waiting="0.00" lane="right_0" pos="6.57" speed="46.35" angle="352.68" x="127.58" y="77.07"/>
        <vehicle id="cfm_slow_3" eclass="HBEFA3/PC_G_EU4" CO2="20661.69" CO="614.51" HC="3.35" NOx="8.65" PMx="0.63" fuel="8.88" electricity="0.00" noise="82.13" route="routebottom" type="cfm_slow" waiting="0.00" lane="right_0" pos="46.57" speed="46.35" angle="280.71" x="70.70" y="128.59"/>
        <vehicle id="cfm_slow_4" eclass="HBEFA3/PC_G_EU4" CO2="20661.69" CO="614.51" HC="3.35" NOx="8.65" PMx="0.63" fuel="8.88" electricity="0.00" noise="82.13" route="routetop" type="cfm_slow" waiting="0.00" lane="top_0" pos="36.57" speed="46.35" angle="208.71" x="4.09" y="90.41"/>
    </timestep>
    <timestep time="5.25">
        <vehicle id="cfm_slow_0" eclass="HBEFA3/PC_G_EU4" CO2="20600.80" CO="613.38" HC="3.34" NOx="8.62" PMx="0.62" fuel="8.86" electricity="0.00" noise="82.11" route="routetop" type="cfm_slow" waiting="0.00" lane="left_0" pos="27.04" speed="46.36" angle="135.85" x="20.53" y="14.63"/>
        <vehicle id="cfm_slow_1" eclass="HBEFA3/PC_G_EU4" CO2="20600.80" CO="613.38" HC="3.34" NOx="8.62" PMx="0.62" fuel="8.86" electricity="0.00" noise="82.11" route="routebottom" type="cfm_slow" waiting="0.00" lane="bottom_0" pos="17.04" speed="46.36" angle="63.85" x="96.98" y="7.50"/>
        <vehicle id="cfm_slow_2" eclass="HBEFA3/PC_G_EU4" CO2="20600.80" CO="613.38" HC="3.34" NOx="8.62" PMx="0.62" fuel="8.86" electricity="0.00" noise="82.11" route="routebottom" type="cfm_slow" waiting="0.00" lane="right_0" pos="7.04" speed="46.36" angle="351.79" x="127.37" y="78.00"/>
        <vehicle id="cfm_slow_3" eclass="HBEFA3/PC_G_EU4" CO2="20600.80" CO="613.38" HC="3.34" NOx="8.62" PMx="0.62" fuel="8.86" electricity="0.00" noise="82.11" route="routebottom" type="cfm_slow" waiting="0.00" lane="right_0" pos="47.04" speed="46.36" angle="279.88" x="69.76" y="128.68"/>
        <vehicle id="cfm_slow_4" eclass="HBEFA3/PC_G_EU4" CO2="20600.80" CO="613.38" HC="3.34" NOx="8.62" PMx="0.62" fuel="8.86" electricity="0.00" noise="82.11" route="routetop" type="cfm_slow" waiting="0.00" lane="top_0" pos="37.04" speed="46.36" angle="207.83" x="3.70" y="89.54"/>
    </timestep>
    <timestep time="5.26">
        <vehicle id="cfm_slow_0" eclass="HBEFA3/PC_G_EU4" CO2="20540.44" CO="612.26" HC="3.33" NOx="8.59" PMx="0.62" fuel="8.83" electricity="0.00" noise="82.10" route="routetop" type="cfm_slow" waiting="0.00" lane="left_0" pos="27.50" speed="46.36" angle="135.00" x="21.25" y="14.01"/>
        <vehicle id="cfm_slow_1" eclass="HBEFA3/PC_G_EU4" CO2="20540.44" CO="612.26" HC="3.33" NOx="8.59" PMx="0.62" fuel="8.83" electricity="0.00" noise="82.10" route="routebottom" type="cfm_slow" waiting="0.00" lane="bottom_0" pos="17.50" speed="46.36" angle="62.97" x="97.79" y="7.99"/>
        <vehicle id="cfm_slow_2" eclass="HBEFA3/PC_G_EU4" CO2="20540.44" CO="612.26" HC="3.33" NOx="8.59" PMx="0.62" fuel="8.83" electricity="0.00" noise="82.10" route="routebottom" type="cfm_slow" waiting="0.00" lane="right_0" pos="7.50" speed="46.36" angle="350.90" x="127.16" y="78.93"/>
        <vehicle id="cfm_slow_3" eclass="HBEFA3/PC_G_EU4" CO2="20540.44" CO="612.26" HC="3.33" NOx="8.59" PMx="0.62" fuel="8.83" electricity="0.00" noise="82.10" route="routebottom" type="cfm_slow" waiting="0.00" lane="right_0" pos="47.50" speed="46.36" angle="279.10" x="68.81" y="128.78"/>
        <vehicle id="cfm_slow_4" eclass="HBEFA3/PC_G_EU4" CO2="20540.44" CO="612.26" HC="3.33" NOx="8.59" PMx="0.62" fuel="8.83" electricity="0.00" noise="82.10" route="routetop" type="cfm_slow" waiting="0.00" lane="top_0" pos="37.50" speed="46.36" angle="207.02" x="3.33" y="88.66"/>
    </timestep>
    <timestep time="5.27">
        <vehicle id="cfm_slow_0" eclass="HBEFA3/PC_G_EU4" CO2="20480.62" CO="611.15" HC="3.33" NOx="8.57" PMx="0.62" fuel="8.80" electricity="0.00" noise="82.09" route="routetop" type="cfm_slow" waiting="0.00" lane="left_0" pos="27.96" speed="46.37" angle="134.14" x="21.98" y="13.39"/>
        <vehicle id="cfm_slow_1" eclass="HBEFA3/PC_G_EU4" CO2="20480.62" CO="611.15" HC="3.33" NOx="8.57" PMx="0.62" fuel="8.80" electricity="0.00" noise="82.09" route="routebottom" type="cfm_slow" waiting="0.00" lane="bottom_0" pos="17.96" speed="46.37" angle="62.16" x="98.60" y="8.48"/>
        <vehicle id="cfm_slow_2" eclass="HBEFA3/PC_G_EU4" CO2="20480.62" CO="611.15" HC="3.33" NOx="8.57" PMx="0.62" fuel="8.80" electricity="0.00" noise="82.09" route="routebottom" type="cfm_slow" waiting="0.00" lane="right_0" pos="7.96" speed="46.37" angle="350.12" x="126.92" y="79.85"/>
        <vehicle id="cfm_slow_3" eclass="HBEFA3/PC_G_EU4" CO2="20480.62" CO="611.15" HC="3.33" NOx="8.57" PMx="0.62" fuel="8.80" electricity="0.00" noise="82.09" route="routebottom" type="cfm_slow" waiting="0.00" lane="right_0" pos="47.96" speed="46.37" angle="278.21" x="67.86" y="128.83"/>
        <vehicle id="cfm_slow_4" eclass="HBEFA3/PC_G_EU4" CO2="20480.62" CO="611.15" HC="3.33" NOx="8.57" PMx="0.62" fuel="8.80" electricity="0.00" noise="82.09" route="routetop" type="cfm_slow" waiting="0.00" lane="top_0" pos="37.96" speed="46.37" angle="206.15" x="2.98" y="87.78"/>
    </timestep>
    <timestep time="5.28">
        <vehicle id="cfm_slow_0" eclass="HBEFA3/PC_G_EU4" CO2="20421.32" CO="610.05" HC="3.32" NOx="8.54" PMx="0.62" fuel="8.78" electricity="0.00" noise="82.08" route="routetop" type="cfm_slow" waiting="0.00" lane="left_0" pos="28.43" speed="46.38" angle="133.35" x="22.71" y="12.79"/>
        <vehicle id="cfm_slow_1" eclass="HBEFA3/PC_G_EU4" CO2="20421.32" CO="610.05" HC="3.32" NOx="8.54" PMx="0.62" fuel="8.78" electricity="0.00" noise="82.08" route="routebottom" type="cfm_slow" waiting="0.00" lane="bottom_0" pos="18.43" speed="46.38" angle="61.28" x="99.39" y="9.01"/>
        <vehicle id="cfm_slow_2" eclass="HBEFA3/PC_G_EU4" CO2="20421.32" CO="610.05" HC="3.32" NOx="8.54" PMx="0.62" fuel="8.78" electricity="0.00" noise="82.08" route="routebottom" type="cfm_slow" waiting="0.00" lane="right_0" pos="8.43" speed="46.38" angle="349.29" x="126.68" y="80.77"/>
        <vehicle id="cfm_slow_3" eclass="HBEFA3/PC_G_EU4" CO2="20421.32" CO="610.05" HC="3.32" NOx="8.54" PMx="0.62" fuel="8.78" electricity="0.00" noise="82.08" route="routebottom" type="cfm_slow" waiting="0.00" lane="right_0" pos="48.43" speed="46.38" angle="277.32" x="66.91" y="128.88"/>
        <vehicle id="cfm_slow_4" eclass="HBEFA3/PC_G_EU4" CO2="20421.32" CO="610.05" HC="3.32" NOx="8.54" PMx="0.62" fuel="8.78" electricity="0.00" noise="82.08" route="routetop" type="cfm_slow" waiting="0.00" lane="top_0" pos="38.43" speed="46.38" angle="205.31" x="2.63" y="86.90"/>
    </timestep>
    <timestep time="5.29">
        <vehicle id="cfm_slow_0" eclass="HBEFA3/PC_G_EU4" CO2="20362.56" CO="608.96" HC="3.32" NOx="8.51" PMx="0.62" fuel="8.75" electricity="0.00" noise="82.07" route="routetop" type="cfm_slow" waiting="0.00" lane="left_0" pos="28.89" speed="46.38" angle="132.49" x="23.46" y="12.21"/>
        <vehicle id="cfm_slow_1" eclass="HBEFA3/PC_G_EU4" CO2="20362.56" CO="608.96" HC="3.32" NOx="8.51" PMx="0.62" fuel="8.75" electricity="0.00" noise="82.07" route="routebottom" type="cfm_slow" waiting="0.00" lane="bottom_0" pos="18.89" speed="46.38" angle="60.41" x="100.18" y="9.54"/>
        <vehicle id="cfm_slow_2" eclass="HBEFA3/PC_G_EU4" CO2="20362.56" CO="608.96" HC="3.32" NOx="8.51" PMx="0.62" fuel="8.75" electricity="0.00" noise="82.07" route="routebottom" type="cfm_slow" waiting="0.00" lane="right_0" pos="8.89" speed="46.38" angle="348.48" x="126.44" y="81.69"/>
        <vehicle id="cfm_slow_3" eclass="HBEFA3/PC_G_EU4" CO2="20362.56" CO="608.96" HC="3.32" NOx="8.51" PMx="0.62" fuel="8.75" electricity="0.00" noise="82.07" route="routebottom" type="cfm_slow" waiting="0.00" lane="right_0" pos="48.89" speed="46.38" angle="276.50" x="65.96" y="128.93"/>
        <vehicle id="cfm_slow_4" eclass="HBEFA3/PC_G_EU4" CO2="20362.56" CO="608.96" HC="3.32" NOx="8.51" PMx="0.62" fuel="8.75" electricity="0.00" noise="82.07" route="routetop" type="cfm_slow" waiting="0.00" lane="top_0" pos="38.89" speed="46.38" angle="204.48" x="2.31" y="86.00"/>
    </timestep>
    <timestep time="5.30">
        <vehicle id="cfm_slow_0" eclass="HBEFA3/PC_G_EU4" CO2="20304.30" CO="607.88" HC="3.31" NOx="8.48" PMx="0.62" fuel="8.73" electricity="0.00" noise="82.06" route="routetop" type="cfm_slow" waiting="0.00" lane="left_0" pos="29.36" speed="46.39" angle="131.63" x="24.21" y="11.62"/>
        <vehicle id="cfm_slow_1" eclass="HBEFA3/PC_G_EU4" CO2="20304.30" CO="607.88" HC="3.31" NOx="8.48" PMx="0.62" fuel="8.73" electricity="0.00" noise="82.06" route="routebottom" type="cfm_slow" waiting="0.00" lane="bottom_0" pos="19.36" speed="46.39" angle="59.60" x="100.97" y="10.07"/>
        <vehicle id="cfm_slow_2" eclass="HBEFA3/PC_G_EU4" CO2="20304.30" CO="607.88" HC="3.31" NOx="8.48" PMx="0.62" fuel="8.73" electricity="0.00" noise="82.06" route="routebottom" type="cfm_slow" waiting="0.00" lane="right_0" pos="9.36" speed="46.39" angle="347.67" x="126.16" y="82.60"/>
        <vehicle id="cfm_slow_3" eclass="HBEFA3/PC_G_EU4" CO2="20304.30" CO="607.88" HC="3.31" NOx="8.48" PMx="0.62" fuel="8.73" electricity="0.00" noise="82.06" route="routebottom" type="cfm_slow" waiting="0.00" lane="right_0" pos="49.36" speed="46.39" angle="275.65" x="65.01" y="128.94"/>
        <vehicle id="cfm_slow_4" eclass="HBEFA3/PC_G_EU4" CO2="20304.30" CO="607.88" HC="3.31" NOx="8.48" PMx="0.62" fuel="8.73" electricity="0.00" noise="82.06" route="routetop" type="cfm_slow" waiting="0.00" lane="top_0" pos="39.36" speed="46.39" angle="203.64" x="1.98" y="85.11"/>
    </timestep>
    <timestep time="5.31">
        <vehicle id="cfm_slow_0" eclass="HBEFA3/PC_G_EU4" CO2="20246.57" CO="606.81" HC="3.30" NOx="8.46" PMx="0.62" fuel="8.70" electricity="0.00" noise="82.05" route="routetop" type="cfm_slow" waiting="0.00" lane="left_0" pos="29.82" speed="46.39" angle="130.82" x="24.98" y="11.06"/>
        <vehicle id="cfm_slow_1" eclass="HBEFA3/PC_G_EU4" CO2="20246.57" CO="606.81" HC="3.30" NOx="8.46" PMx="0.62" fuel="8.70" electricity="0.00" noise="82.05" route="routebottom" type="cfm_slow" waiting="0.00" lane="bottom_0" pos="19.82" speed="46.39" angle="58.75" x="101.74" y="10.63"/>
        <vehicle id="cfm_slow_2" eclass="HBEFA3/PC_G_EU4" CO2="20246.57" CO="606.81" HC="3.30" NOx="8.46" PMx="0.62" fuel="8.70" electricity="0.00" noise="82.05" route="routebottom" type="cfm_slow" waiting="0.00" lane="right_0" pos="9.82" speed="46.39" angle="346.82" x="125.88" y="83.51"/>
        <vehicle id="cfm_slow_3" eclass="HBEFA3/PC_G_EU4" CO2="20246.57" CO="606.81" HC="3.30" NOx="8.46" PMx="0.62" fuel="8.70" electricity="0.00" noise="82.05" route="routebottom" type="cfm_slow" waiting="0.00" lane="right_0" pos="49.82" speed="46.39" angle="274.79" x="64.06" y="128.96"/>
        <vehicle id="cfm_slow_4" eclass="HBEFA3/PC_G_EU4" CO2="20246.57" CO="606.81" HC="3.30" NOx="8.46" PMx="0.62" fuel="8.70" electricity="0.00" noise="82.05" route="routetop" type="cfm_slow" waiting="0.00" lane="top_0" pos="39.82" speed="46.39" angle="202.85" x="1.67" y="84.21"/>
    </timestep>
    <timestep time="5.32">
        <vehicle id="cfm_slow_0" eclass="HBEFA3/PC_G_EU4" CO2="20189.35" CO="605.75" HC="3.30" NOx="8.43" PMx="0.61" fuel="8.68" electricity="0.00" noise="82.04" route="routetop" type="cfm_slow" waiting="0.00" lane="left_0" pos="30.28" speed="46.40" angle="129.96" x="25.75" y="10.50"/>
        <vehicle id="cfm_slow_1" eclass="HBEFA3/PC_G_EU4" CO2="20189.35" CO="605.75" HC="3.30" NOx="8.43" PMx="0.61" fuel="8.68" electricity="0.00" noise="82.04" route="routebottom" type="cfm_slow" waiting="0.00" lane="bottom_0" pos="20.28" speed="46.40" angle="57.91" x="102.52" y="11.18"/>
        <vehicle id="cfm_slow_2" eclass="HBEFA3/PC_G_EU4" CO2="20189.35" CO="605.75" HC="3.30" NOx="8.43" PMx="0.61" fuel="8.68" electricity="0.00" noise="82.04" route="routebottom" type="cfm_slow" waiting="0.00" lane="right_0" pos="10.28" speed="46.40" angle="346.03" x="125.60" y="84.42"/>
        <vehicle id="cfm_slow_3" eclass="HBEFA3/PC_G_EU4" CO2="20189.35" CO="605.75" HC="3.30" NOx="8.43" PMx="0.61" fuel="8.68" electricity="0.00" noise="82.04" route="routetop" type="cfm_slow" waiting="0.00" lane="top_0" pos="0.28" speed="46.40" angle="273.97" x="63.05" y="128.96"/>
        <vehicle id="cfm_slow_4" eclass="HBEFA3/PC_G_EU4" CO2="20189.35" CO="605.75" HC="3.30" NOx="8.43" PMx="0.61" fuel="8.68" electricity="0.00" noise="82.04" route="routetop" type="cfm_slow" waiting="0.00" lane="top_0" pos="40.28" speed="46.40" angle="201.98" x="1.39" y="83.30"/>
    </timestep>
    <timestep time="5.33">
        <vehicle id="cfm_slow_0" eclass="HBEFA3/PC_G_EU4" CO2="20132.63" CO="604.70" HC="3.29" NOx="8.40" PMx="0.61" fuel="8.65" electricity="0.00" noise="82.03" route="routetop" type="cfm_slow" waiting="0.00" lane="left_0" pos="30.75" speed="46.40" angle="129.15" x="26.52" y="9.95"/>
        <vehicle id="cfm_slow_1" eclass="HBEFA3/PC_G_EU4" CO2="20132.63" CO="604.70" HC="3.29" NOx="8.40" PMx="0.61" fuel="8.65" electricity="0.00" noise="82.03" route="routebottom" type="cfm_slow" waiting="0.00" lane="bottom_0" pos="20.75" speed="46.40" angle="57.12" x="103.28" y="11.75"/>
        <vehicle id="cfm_slow_2" eclass="HBEFA3/PC_G_EU4" CO2="20132.63" CO="604.70" HC="3.29" NOx="8.40" PMx="0.61" fuel="8.65" electricity="0.00" noise="82.03" route="routebottom" type="cfm_slow" waiting="0.00" lane="right_0" pos="10.75" speed="46.40" angle="345.13" x="125.27" y="85.31"/>
        <vehicle id="cfm_slow_3" eclass="HBEFA3/PC_G_EU4" CO2="20132.63" CO="604.70" HC="3.29" NOx="8.40" PMx="0.61" fuel="8.65" electricity="0.00" noise="82.03" route="routetop" type="cfm_slow" waiting="0.00" lane="top_0" pos="0.75" speed="46.40" angle="273.12" x="62.10" y="128.94"/>
        <vehicle id="cfm_slow_4" eclass="HBEFA3/PC_G_EU4" CO2="20132.63" CO="604.70" HC="3.29" NOx="8.40" PMx="0.61" fuel="8.65" electricity="0.00" noise="82.03" route="routetop" type="cfm_slow" waiting="0.00" lane="top_0" pos="40.75" speed="46.40" angle="201.11" x="1.10" y="82.39"/>
    </timestep>
    <timestep time="5.34">
        <vehicle id="cfm_slow_0" eclass="HBEFA3/PC_G_EU4" CO2="20076.41" CO="603.66" HC="3.28" NOx="8.37" PMx="0.61" fuel="8.63" electricity="0.00" noise="82.02" route="routetop" type="cfm_slow" waiting="0.00" lane="left_0" pos="31.21" speed="46.41" angle="128.32" x="27.31" y="9.42"/>
        <vehicle id="cfm_slow_1" eclass="HBEFA3/PC_G_EU4" CO2="20076.41" CO="603.66" HC="3.28" NOx="8.37" PMx="0.61" fuel="8.63" electricity="0.00" noise="82.02" route="routebottom" type="cfm_slow" waiting="0.00" lane="bottom_0" pos="21.21" speed="46.41" angle="56.27" x="104.03" y="12.34"/>
        <vehicle id="cfm_slow_2" eclass="HBEFA3/PC_G_EU4" CO2="20076.41" CO="603.66" HC="3.28" NOx="8.37" PMx="0.61" fuel="8.63" electricity="0.00" noise="82.02" route="routebottom" type="cfm_slow" waiting="0.00" lane="right_0" pos="11.21" speed="46.41" angle="344.23" x="124.94" y="86.20"/>
        <vehicle id="cfm_slow_3" eclass="HBEFA3/PC_G_EU4" CO2="20076.41" CO="603.66" HC="3.28" NOx="8.37" PMx="0.61" fuel="8.63" electricity="0.00" noise="82.02" route="routetop" type="cfm_slow" waiting="0.00" lane="top_0" pos="1.21" speed="46.41" angle="272.30" x="61.14" y="128.92"/>
        <vehicle id="cfm_slow_4" eclass="HBEFA3/PC_G_EU4" CO2="20076.41" CO="603.66" HC="3.28" NOx="8.37" PMx="0.61" fuel="8.63" electricity="0.00" noise="82.02" route="routetop" type="cfm_slow" waiting="0.00" lane="top_0" pos="41.21" speed="46.41" angle="200.31" x="0.84" y="81.48"/>
    </timestep>
    <timestep time="5.35">
        <vehicle id="cfm_slow_0" eclass="HBEFA3/PC_G_EU4" CO2="20020.69" CO="602.62" HC="3.28" NOx="8.35" PMx="0.61" fuel="8.61" electricity="0.00" noise="82.01" route="routetop" type="cfm_slow" waiting="0.00" lane="left_0" pos="31.68" speed="46.41" angle="127.48" x="28.11" y="8.89"/>
        <vehicle id="cfm_slow_1" eclass="HBEFA3/PC_G_EU4" CO2="20020.69" CO="602.62" HC="3.28" NOx="8.35" PMx="0.61" fuel="8.61" electricity="0.00" noise="82.01" route="routebottom" type="cfm_slow" waiting="0.00" lane="bottom_0" pos="21.68" speed="46.41" angle="55.43" x="104.78" y="12.93"/>
        <vehicle id="cfm_slow_2" eclass="HBEFA3/PC_G_EU4" CO2="20020.69" CO="602.62" HC="3.28" NOx="8.35" PMx="0.61" fuel="8.61" electricity="0.00" noise="82.01" route="routebottom" type="cfm_slow" waiting="0.00" lane="right_0" pos="11.68" speed="46.41" angle="343.43" x="124.61" y="87.09"/>
        <vehicle id="cfm_slow_3" eclass="HBEFA3/PC_G_EU4" CO2="20020.69" CO="602.62" HC="3.28" NOx="8.35" PMx="0.61" fuel="8.61" electricity="0.00" noise="82.01" route="routetop" type="cfm_slow" waiting="0.00" lane="top_0" pos="1.68" speed="46.41" angle="271.47" x="60.19" y="128.87"/>
        <vehicle id="cfm_slow_4" eclass="HBEFA3/PC_G_EU4" CO2="20020.69" CO="602.62" HC="3.28" NOx="8.35" PMx="0.61" fuel="8.61" electricity="0.00" noise="82.01" route="routetop" type="cfm_slow" waiting="0.00" lane="top_0" pos="41.68" speed="46.41" angle="199.46" x="0.59" y="80.56"/>
    </timestep>
    <timestep time="5.36">
        <vehicle id="cfm_slow_0" eclass="HBEFA3/PC_G_EU4" CO2="19965.47" CO="601.60" HC="3.27" NOx="8.32" PMx="0.61" fuel="8.58" electricity="0.00" noise="82.00" route="routetop" type="cfm_slow" waiting="0.00" lane="left_0" pos="32.14" speed="46.42" angle="126.70" x="28.90" y="8.37"/>
        <vehicle id="cfm_slow_1" eclass="HBEFA3/PC_G_EU4" CO2="19965.47" CO="601.60" HC="3.27" NOx="8.32" PMx="0.61" fuel="8.58" electricity="0.00" noise="82.00" route="routebottom" type="cfm_slow" waiting="0.00" lane="bottom_0" pos="22.14" speed="46.42" angle="54.63" x="105.51" y="13.53"/>
        <vehicle id="cfm_slow_2" eclass="HBEFA3/PC_G_EU4" CO2="19965.47" CO="601.60" HC="3.27" NOx="8.32" PMx="0.61" fuel="8.58" electricity="0.00" noise="82.00" route="routebottom" type="cfm_slow" waiting="0.00" lane="right_0" pos="12.14" speed="46.42" angle="342.61" x="124.26" y="87.98"/>
        <vehicle id="cfm_slow_3" eclass="HBEFA3/PC_G_EU4" CO2="19965.47" CO="601.60" HC="3.27" NOx="8.32" PMx="0.61" fuel="8.58" electricity="0.00" noise="82.00" route="routetop" type="cfm_slow" waiting="0.00" lane="top_0" pos="2.14" speed="46.42" angle="270.63" x="59.24" y="128.82"/>
        <vehicle id="cfm_slow_4" eclass="HBEFA3/PC_G_EU4" CO2="19965.47" CO="601.60" HC="3.27" NOx="8.32" PMx="0.61" fuel="8.58" electricity="0.00" noise="82.00" route="routetop" type="cfm_slow" waiting="0.00" lane="top_0" pos="42.14" speed="46.42" angle="198.61" x="0.34" y="79.64"/>
    </timestep>
    <timestep time="5.37">
        <vehicle id="cfm_slow_0" eclass="HBEFA3/PC_G_EU4" CO2="19910.73" CO="600.58" HC="3.27" NOx="8.30" PMx="0.61" fuel="8.56" electricity="0.00" noise="81.99" route="routetop" type="cfm_slow" waiting="0.00" lane="left_0" pos="32.60" speed="46.42" angle="125.84" x="29.72" y="7.88"/>
        <vehicle id="cfm_slow_1" eclass="HBEFA3/PC_G_EU4" CO2="19910.73" CO="600.58" HC="3.27" NOx="8.30" PMx="0.61" fuel="8.56" electricity="0.00" noise="81.99" route="routebottom" type="cfm_slow" waiting="0.00" lane="bottom_0" pos="22.60" speed="46.42" angle="53.79" x="106.23" y="14.15"/>
        <vehicle id="cfm_slow_2" eclass="HBEFA3/PC_G_EU4" CO2="19910.73" CO="600.58" HC="3.27" NOx="8.30" PMx="0.61" fuel="8.56" electricity="0.00" noise="81.99" route="routebottom" type="cfm_slow" waiting="0.00" lane="right_0" pos="12.60" speed="46.42" angle="341.79" x="123.91" y="88.86"/>
        <vehicle id="cfm_slow_3" eclass="HBEFA3/PC_G_EU4" CO2="19910.73" CO="600.58" HC="3.27" NOx="8.30" PMx="0.61" fuel="8.56" electricity="0.00" noise="81.99" route="routetop" type="cfm_slow" waiting="0.00" lane="top_0" pos="2.60" speed="46.42" angle="269.83" x="58.29" y="128.76"/>
        <vehicle id="cfm_slow_4" eclass="HBEFA3/PC_G_EU4" CO2="19910.73" CO="600.58" HC="3.27" NOx="8.30" PMx="0.61" fuel="8.56" electricity="0.00" noise="81.99" route="routetop" type="cfm_slow" waiting="0.00" lane="top_0" pos="42.60" speed="46.42" angle="197.83" x="0.12" y="78.72"/>
    </timestep>
    <timestep time="5.38">
        <vehicle id="cfm_slow_0" eclass="HBEFA3/PC_G_EU4" CO2="19856.48" CO="599.58" HC="3.26" NOx="8.27" PMx="0.61" fuel="8.54" electricity="0.00" noise="81.98" route="routetop" type="cfm_slow" waiting="0.00" lane="left_0" pos="33.07" speed="46.43" angle="124.97" x="30.53" y="7.39"/>
        <vehicle id="cfm_slow_1" eclass="HBEFA3/PC_G_EU4" CO2="19856.48" CO="599.58" HC="3.26" NOx="8.27" PMx="0.61" fuel="8.54" electricity="0.00" noise="81.98" route="routebottom" type="cfm_slow" waiting="0.00" lane="bottom_0" pos="23.07" speed="46.43" angle="53.00" x="106.96" y="14.76"/>
        <vehicle id="cfm_slow_2" eclass="HBEFA3/PC_G_EU4" CO2="19856.48" CO="599.58" HC="3.26" NOx="8.27" PMx="0.61" fuel="8.54" electricity="0.00" noise="81.98" route="routebottom" type="cfm_slow" waiting="0.00" lane="right_0" pos="13.07" speed="46.43" angle="340.99" x="123.53" y="89.74"/>
        <vehicle id="cfm_slow_3" eclass="HBEFA3/PC_G_EU4" CO2="19856.48" CO="599.58" HC="3.26" NOx="8.27" PMx="0.61" fuel="8.54" electricity="0.00" noise="81.98" route="routetop" type="cfm_slow" waiting="0.00" lane="top_0" pos="3.07" speed="46.43" angle="268.99" x="57.35" y="128.66"/>
        <vehicle id="cfm_slow_4" eclass="HBEFA3/PC_G_EU4" CO2="19856.48" CO="599.58" HC="3.26" NOx="8.27" PMx="0.61" fuel="8.54" electricity="0.00" noise="81.98" route="routetop" type="cfm_slow" waiting="0.00" lane="top_0" pos="43.07" speed="46.43" angle="196.99" x="-0.09" y="77.79"/>
    </timestep>
    <timestep time="5.39">
        <vehicle id="cfm_slow_0" eclass="HBEFA3/PC_G_EU4" CO2="19802.71" CO="598.58" HC="3.25" NOx="8.25" PMx="0.60" fuel="8.51" electricity="0.00" noise="81.97" route="routetop" type="cfm_slow" waiting="0.00" lane="left_0" pos="33.53" speed="46.43" angle="124.17" x="31.36" y="6.91"/>
        <vehicle id="cfm_slow_1" eclass="HBEFA3/PC_G_EU4" CO2="19802.71" CO="598.58" HC="3.25" NOx="8.25" PMx="0.60" fuel="8.51" electricity="0.00" noise="81.97" route="routebottom" type="cfm_slow" waiting="0.00" lane="bottom_0" pos="23.53" speed="46.43" angle="52.17" x="107.66" y="15.41"/>
        <vehicle id="cfm_slow_2" eclass="HBEFA3/PC_G_EU4" CO2="19802.71" CO="598.58" HC="3.25" NOx="8.25" PMx="0.60" fuel="8.51" electricity="0.00" noise="81.97" route="routebottom" type="cfm_slow" waiting="0.00" lane="right_0" pos="13.53" speed="46.43" angle="340.12" x="123.14" y="90.61"/>
        <vehicle id="cfm_slow_3" eclass="HBEFA3/PC_G_EU4" CO2="19802.71" CO="598.58" HC="3.25" NOx="8.25" PMx="0.60" fuel="8.51" electricity="0.00" noise="81.97" route="routetop" type="cfm_slow" waiting="0.00" lane="top_0" pos="3.53" speed="46.43" angle="268.14" x="56.40" y="128.56"/>
        <vehicle id="cfm_slow_4" eclass="HBEFA3/PC_G_EU4" CO2="19802.71" CO="598.58" HC="3.25" NOx="8.25" PMx="0.60" fuel="8.51" electricity="0.00" noise="81.97" route="routetop" type="cfm_slow" waiting="0.00" lane="top_0" pos="43.53" speed="46.43" angle="196.18" x="-0.30" y="76.86"/>
    </timestep>
    <timestep time="5.40">
        <vehicle id="cfm_slow_0" eclass="HBEFA3/PC_G_EU4" CO2="19749.41" CO="597.59" HC="3.25" NOx="8.22" PMx="0.60" fuel="8.49" electricity="0.00" noise="81.96" route="routetop" type="cfm_slow" waiting="0.00" lane="left_0" pos="34.00" speed="46.44" angle="123.33" x="32.19" y="6.45"/>
        <vehicle id="cfm_slow_1" eclass="HBEFA3/PC_G_EU4" CO2="19749.41" CO="597.59" HC="3.25" NOx="8.22" PMx="0.60" fuel="8.49" electricity="0.00" noise="81.96" route="routebottom" type="cfm_slow" waiting="0.00" lane="bottom_0" pos="24.00" speed="46.44" angle="51.34" x="108.36" y="16.05"/>
        <vehicle id="cfm_slow_2" eclass="HBEFA3/PC_G_EU4" CO2="19749.41" CO="597.59" HC="3.25" NOx="8.22" PMx="0.60" fuel="8.49" electricity="0.00" noise="81.96" route="routebottom" type="cfm_slow" waiting="0.00" lane="right_0" pos="14.00" speed="46.44" angle="339.26" x="122.75" y="91.48"/>
        <vehicle id="cfm_slow_3" eclass="HBEFA3/PC_G_EU4" CO2="19749.41" CO="597.59" HC="3.25" NOx="8.22" PMx="0.60" fuel="8.49" electricity="0.00" noise="81.96" route="routetop" type="cfm_slow" waiting="0.00" lane="top_0" pos="4.00" speed="46.44" angle="267.34" x="55.45" y="128.45"/>
        <vehicle id="cfm_slow_4" eclass="HBEFA3/PC_G_EU4" CO2="19749.41" CO="597.59" HC="3.25" NOx="8.22" PMx="0.60" fuel="8.49" electricity="0.00" noise="81.96" route="routetop" type="cfm_slow" waiting="0.00" lane="top_0" pos="44.00" speed="46.44" angle="195.35" x="-0.48" y="75.92"/>
    </timestep>
    <timestep time="5.41">
        <vehicle id="cfm_slow_0" eclass="HBEFA3/PC_G_EU4" CO2="19696.59" CO="596.61" HC="3.24" NOx="8.19" PMx="0.60" fuel="8.47" electricity="0.00" noise="81.95" route="routetop" type="cfm_slow" waiting="0.00" lane="left_0" pos="34.46" speed="46.44" angle="122.49" x="33.02" y="5.98"/>
        <vehicle id="cfm_slow_1" eclass="HBEFA3/PC_G_EU4" CO2="19696.59" CO="596.61" HC="3.24" NOx="8.19" PMx="0.60" fuel="8.47" electricity="0.00" noise="81.95" route="routebottom" type="cfm_slow" waiting="0.00" lane="bottom_0" pos="24.46" speed="46.44" angle="50.55" x="109.06" y="16.71"/>
        <vehicle id="cfm_slow_2" eclass="HBEFA3/PC_G_EU4" CO2="19696.59" CO="596.61" HC="3.24" NOx="8.19" PMx="0.60" fuel="8.47" electricity="0.00" noise="81.95" route="routebottom" type="cfm_slow" waiting="0.00" lane="right_0" pos="14.46" speed="46.44" angle="338.44" x="122.33" y="92.33"/>
        <vehicle id="cfm_slow_3" eclass="HBEFA3/PC_G_EU4" CO2="19696.59" CO="596.61" HC="3.24" NOx="8.19" PMx="0.60" fuel="8.47" electricity="0.00" noise="81.95" route="routetop" type="cfm_slow" waiting="0.00" lane="top_0" pos="4.46" speed="46.44" angle="266.49" x="54.51" y="128.32"/>
        <vehicle id="cfm_slow_4" eclass="HBEFA3/PC_G_EU4" CO2="19696.59" CO="596.61" HC="3.24" NOx="8.19" PMx="0.60" fuel="8.47" electricity="0.00" noise="81.95" route="routetop" type="cfm_slow" waiting="0.00" lane="top_0" pos="44.46" speed="46.44" angle="194.48" x="-0.65" y="74.99"/>
    </timestep>
    <timestep time="5.42">
        <vehicle id="cfm_slow_0" eclass="HBEFA3/PC_G_EU4" CO2="19644.24" CO="595.64" HC="3.24" NOx="8.17" PMx="0.60" fuel="8.44" electricity="0.00" noise="81.94" route="routetop" type="cfm_slow" waiting="0.00" lane="left_0" pos="34.93" speed="46.45" angle="121.71" x="33.87" y="5.55"/>
        <vehicle id="cfm_slow_1" eclass="HBEFA3/PC_G_EU4" CO2="19644.24" CO="595.64" HC="3.24" NOx="8.17" PMx="0.60" fuel="8.44" electricity="0.00" noise="81.94" route="routebottom" type="cfm_slow" waiting="0.00" lane="bottom_0" pos="24.93" speed="46.45" angle="49.67" x="109.73" y="17.38"/>
        <vehicle id="cfm_slow_2" eclass="HBEFA3/PC_G_EU4" CO2="19644.24" CO="595.64" HC="3.24" NOx="8.17" PMx="0.60" fuel="8.44" electricity="0.00" noise="81.94" route="routebottom" type="cfm_slow" waiting="0.00" lane="right_0" pos="14.93" speed="46.45" angle="337.57" x="121.91" y="93.18"/>
        <vehicle id="cfm_slow_3" eclass="HBEFA3/PC_G_EU4" CO2="19644.24" CO="595.64" HC="3.24" NOx="8.17" PMx="0.60" fuel="8.44" electricity="0.00" noise="81.94" route="routetop" type="cfm_slow" waiting="0.00" lane="top_0" pos="4.93" speed="46.45" angle="265.64" x="53.57" y="128.18"/>
        <vehicle id="cfm_slow_4" eclass="HBEFA3/PC_G_EU4" CO2="19644.24" CO="595.64" HC="3.24" NOx="8.17" PMx="0.60" fuel="8.44" electricity="0.00" noise="81.94" route="routetop" type="cfm_slow" waiting="0.00" lane="top_0" pos="44.93" speed="46.45" angle="193.69" x="-0.82" y="74.05"/>
    </timestep>
    <timestep time="5.43">
        <vehicle id="cfm_slow_0" eclass="HBEFA3/PC_G_EU4" CO2="19592.35" CO="594.68" HC="3.23" NOx="8.15" PMx="0.60" fuel="8.42" electricity="0.00" noise="81.93" route="routetop" type="cfm_slow" waiting="0.00" lane="left_0" pos="35.39" speed="46.46" angle="120.86" x="34.72" y="5.12"/>
        <vehicle id="cfm_slow_1" eclass="HBEFA3/PC_G_EU4" CO2="19592.35" CO="594.68" HC="3.23" NOx="8.15" PMx="0.60" fuel="8.42" electricity="0.00" noise="81.93" route="routebottom" type="cfm_slow" waiting="0.00" lane="bottom_0" pos="25.39" speed="46.46" angle="48.79" x="110.40" y="18.06"/>
        <vehicle id="cfm_slow_2" eclass="HBEFA3/PC_G_EU4" CO2="19592.35" CO="594.68" HC="3.23" NOx="8.15" PMx="0.60" fuel="8.42" electricity="0.00" noise="81.93" route="routebottom" type="cfm_slow" waiting="0.00" lane="right_0" pos="15.39" speed="46.46" angle="336.78" x="121.48" y="94.04"/>
        <vehicle id="cfm_slow_3" eclass="HBEFA3/PC_G_EU4" CO2="19592.35" CO="594.68" HC="3.23" NOx="8.15" PMx="0.60" fuel="8.42" electricity="0.00" noise="81.93" route="routetop" type="cfm_slow" waiting="0.00" lane="top_0" pos="5.39" speed="46.46" angle="264.81" x="52.63" y="128.03"/>
        <vehicle id="cfm_slow_4" eclass="HBEFA3/PC_G_EU4" CO2="19592.35" CO="594.68" HC="3.23" NOx="8.15" PMx="0.60" fuel="8.42" electricity="0.00" noise="81.93" route="routetop" type="cfm_slow" waiting="0.00" lane="top_0" pos="45.39" speed="46.46" angle="192.85" x="-0.96" y="73.11"/>
    </timestep>
    <timestep time="5.44">
        <vehicle id="cfm_slow_0" eclass="HBEFA3/PC_G_EU4" CO2="19540.92" CO="593.72" HC="3.23" NOx="8.12" PMx="0.60" fuel="8.40" electricity="0.00" noise="81.92" route="routetop" type="cfm_slow" waiting="0.00" lane="left_0" pos="35.86" speed="46.46" angle="120.05" x="35.57" y="4.69"/>
        <vehicle id="cfm_slow_1" eclass="HBEFA3/PC_G_EU4" CO2="19540.92" CO="593.72" HC="3.23" NOx="8.12" PMx="0.60" fuel="8.40" electricity="0.00" noise="81.92" route="routebottom" type="cfm_slow" waiting="0.00" lane="bottom_0" pos="25.86" speed="46.46" angle="47.99" x="111.06" y="18.74"/>
        <vehicle id="cfm_slow_2" eclass="HBEFA3/PC_G_EU4" CO2="19540.92" CO="593.72" HC="3.23" NOx="8.12" PMx="0.60" fuel="8.40" electricity="0.00" noise="81.92" route="routebottom" type="cfm_slow" waiting="0.00" lane="right_0" pos="15.86" speed="46.46" angle="335.95" x="121.02" y="94.87"/>
        <vehicle id="cfm_slow_3" eclass="HBEFA3/PC_G_EU4" CO2="19540.92" CO="593.72" HC="3.23" NOx="8.12" PMx="0.60" fuel="8.40" electricity="0.00" noise="81.92" route="routetop" type="cfm_slow" waiting="0.00" lane="top_0" pos="5.86" speed="46.46" angle="263.96" x="51.69" y="127.86"/>
        <vehicle id="cfm_slow_4" eclass="HBEFA3/PC_G_EU4" CO2="19540.92" CO="593.72" HC="3.23" NOx="8.12" PMx="0.60" fuel="8.40" electricity="0.00" noise="81.92" route="routetop" type="cfm_slow" waiting="0.00" lane="top_0" pos="45.86" speed="46.46" angle="192.00" x="-1.09" y="72.16"/>
    </timestep>
    <timestep time="5.45">
        <vehicle id="cfm_slow_0" eclass="HBEFA3/PC_G_EU4" CO2="19489.95" CO="592.78" HC="3.22" NOx="8.10" PMx="0.60" fuel="8.38" electricity="0.00" noise="81.91" route="routetop" type="cfm_slow" waiting="0.00" lane="left_0" pos="36.32" speed="46.46" angle="119.18" x="36.44" y="4.30"/>
        <vehicle id="cfm_slow_1" eclass="HBEFA3/PC_G_EU4" CO2="19489.95" CO="592.78" HC="3.22" NOx="8.10" PMx="0.60" fuel="8.38" electricity="0.00" noise="81.91" route="routebottom" type="cfm_slow" waiting="0.00" lane="bottom_0" pos="26.32" speed="46.46" angle="47.14" x="111.71" y="19.44"/>
        <vehicle id="cfm_slow_2" eclass="HBEFA3/PC_G_EU4" CO2="19489.95" CO="592.78" HC="3.22" NOx="8.10" PMx="0.60" fuel="8.38" electricity="0.00" noise="81.91" route="routebottom" type="cfm_slow" waiting="0.00" lane="right_0" pos="16.32" speed="46.46" angle="335.12" x="120.56" y="95.70"/>
        <vehicle id="cfm_slow_3" eclass="HBEFA3/PC_G_EU4" CO2="19489.95" CO="592.78" HC="3.22" NOx="8.10" PMx="0.60" fuel="8.38" electricity="0.00" noise="81.91" route="routetop" type="cfm_slow" waiting="0.00" lane="top_0" pos="6.32" speed="46.46" angle="263.13" x="50.75" y="127.69"/>
        <vehicle id="cfm_slow_4" eclass="HBEFA3/PC_G_EU4" CO2="19489.95" CO="592.78" HC="3.22" NOx="8.10" PMx="0.60" fuel="8.38" electricity="0.00" noise="81.91" route="routetop" type="cfm_slow" waiting="0.00" lane="top_0" pos="46.32" speed="46.46" angle="191.20" x="-1.21" y="71.22"/>
    </timestep>
    <timestep time="5.46">
        <vehicle id="cfm_slow_0" eclass="HBEFA3/PC_G_EU4" CO2="19439.43" CO="591.84" HC="3.21" NOx="8.07" PMx="0.59" fuel="8.36" electricity="0.00" noise="81.90" route="routetop" type="cfm_slow" waiting="0.00" lane="left_0" pos="36.79" speed="46.47" angle="118.30" x="37.31" y="3.91"/>
        <vehicle id="cfm_slow_1" eclass="HBEFA3/PC_G_EU4" CO2="19439.43" CO="591.84" HC="3.21" NOx="8.07" PMx="0.59" fuel="8.36" electricity="0.00" noise="81.90" route="routebottom" type="cfm_slow" waiting="0.00" lane="bottom_0" pos="26.79" speed="46.47" angle="46.29" x="112.36" y="20.14"/>
        <vehicle id="cfm_slow_2" eclass="HBEFA3/PC_G_EU4" CO2="19439.43" CO="591.84" HC="3.21" NOx="8.07" PMx="0.59" fuel="8.36" electricity="0.00" noise="81.90" route="routebottom" type="cfm_slow" waiting="0.00" lane="right_0" pos="16.79" speed="46.47" angle="334.33" x="120.09" y="96.53"/>
        <vehicle id="cfm_slow_3" eclass="HBEFA3/PC_G_EU4" CO2="19439.43" CO="591.84" HC="3.21" NOx="8.07" PMx="0.59" fuel="8.36" electricity="0.00" noise="81.90" route="routetop" type="cfm_slow" waiting="0.00" lane="top_0" pos="6.79" speed="46.47" angle="262.27" x="49.82" y="127.48"/>
        <vehicle id="cfm_slow_4" eclass="HBEFA3/PC_G_EU4" CO2="19439.43" CO="591.84" HC="3.21" NOx="8.07" PMx="0.59" fuel="8.36" electricity="0.00" noise="81.90" route="routetop" type="cfm_slow" waiting="0.00" lane="top_0" pos="46.79" speed="46.47" angle="190.33" x="-1.31" y="70.27"/>
    </timestep>
    <timestep time="5.47">
        <vehicle id="cfm_slow_0" eclass="HBEFA3/PC_G_EU4" CO2="19389.36" CO="590.91" HC="3.21" NOx="8.05" PMx="0.59" fuel="8.33" electricity="0.00" noise="81.89" route="routetop" type="cfm_slow" waiting="0.00" lane="left_0" pos="37.25" speed="46.47" angle="117.48" x="38.18" y="3.53"/>
        <vehicle id="cfm_slow_1" eclass="HBEFA3/PC_G_EU4" CO2="19389.36" CO="590.91" HC="3.21" NOx="8.05" PMx="0.59" fuel="8.33" electricity="0.00" noise="81.89" route="routebottom" type="cfm_slow" waiting="0.00" lane="bottom_0" pos="27.25" speed="46.47" angle="45.48" x="112.98" y="20.86"/>
        <vehicle id="cfm_slow_2" eclass="HBEFA3/PC_G_EU4" CO2="19389.36" CO="590.91" HC="3.21" NOx="8.05" PMx="0.59" fuel="8.33" electricity="0.00" noise="81.89" route="routebottom" type="cfm_slow" waiting="0.00" lane="right_0" pos="17.25" speed="46.47" angle="333.47" x="119.60" y="97.35"/>
        <vehicle id="cfm_slow_3" eclass="HBEFA3/PC_G_EU4" CO2="19389.36" CO="590.91" HC="3.21" NOx="8.05" PMx="0.59" fuel="8.33" electricity="0.00" noise="81.89" route="routetop" type="cfm_slow" waiting="0.00" lane="top_0" pos="7.25" speed="46.47" angle="261.37" x="48.90" y="127.27"/>
        <vehicle id="cfm_slow_4" eclass="HBEFA3/PC_G_EU4" CO2="19389.36" CO="590.91" HC="3.21" NOx="8.05" PMx="0.59" fuel="8.33" electricity="0.00" noise="81.89" route="routetop" type="cfm_slow" waiting="0.00" lane="top_0" pos="47.25" speed="46.47" angle="189.46" x="-1.40" y="69.32"/>
    </timestep>
    <timestep time="5.48">
        <vehicle id="cfm_slow_0" eclass="HBEFA3/PC_G_EU4" CO2="19339.73" CO="589.99" HC="3.20" NOx="8.03" PMx="0.59" fuel="8.31" electricity="0.00" noise="81.88" route="routetop" type="cfm_slow" waiting="0.00" lane="left_0" pos="37.71" speed="46.48" angle="116.61" x="39.07" y="3.17"/>
        <vehicle id="cfm_slow_1" eclass="HBEFA3/PC_G_EU4" CO2="19339.73" CO="589.99" HC="3.20" NOx="8.03" PMx="0.59" fuel="8.31" electricity="0.00" noise="81.88" route="routebottom" type="cfm_slow" waiting="0.00" lane="bottom_0" pos="27.71" speed="46.48" angle="44.59" x="113.60" y="21.59"/>
        <vehicle id="cfm_slow_2" eclass="HBEFA3/PC_G_EU4" CO2="19339.73" CO="589.99" HC="3.20" NOx="8.03" PMx="0.59" fuel="8.31" electricity="0.00" noise="81.88" route="routebottom" type="cfm_slow" waiting="0.00" lane="right_0" pos="17.71" speed="46.48" angle="332.61" x="119.11" y="98.17"/>
        <vehicle id="cfm_slow_3" eclass="HBEFA3/PC_G_EU4" CO2="19339.73" CO="589.99" HC="3.20" NOx="8.03" PMx="0.59" fuel="8.31" electricity="0.00" noise="81.88" route="routetop" type="cfm_slow" waiting="0.00" lane="top_0" pos="7.71" speed="46.48" angle="260.55" x="47.97" y="127.05"/>
        <vehicle id="cfm_slow_4" eclass="HBEFA3/PC_G_EU4" CO2="19339.73" CO="589.99" HC="3.20" NOx="8.03" PMx="0.59" fuel="8.31" electricity="0.00" noise="81.88" route="routetop" type="cfm_slow" waiting="0.00" lane="top_0" pos="47.71" speed="46.48" angle="188.66" x="-1.47" y="68.37"/>
    </timestep>
    <timestep time="5.49">
        <vehicle id="cfm_slow_0" eclass="HBEFA3/PC_G_EU4" CO2="19290.54" CO="589.08" HC="3.20" NOx="8.00" PMx="0.59" fuel="8.29" electricity="0.00" noise="81.87" route="routetop" type="cfm_slow" waiting="0.00" lane="left_0" pos="38.18" speed="46.48" angle="115.74" x="39.95" y="2.82"/>
        <vehicle id="cfm_slow_1" eclass="HBEFA3/PC_G_EU4" CO2="19290.54" CO="589.08" HC="3.20" NOx="8.00" PMx="0.59" fuel="8.29" electricity="0.00" noise="81.87" route="routebottom" type="cfm_slow" waiting="0.00" lane="bottom_0" pos="28.18" speed="46.48" angle="43.76" x="114.21" y="22.31"/>
        <vehicle id="cfm_slow_2" eclass="HBEFA3/PC_G_EU4" CO2="19290.54" CO="589.08" HC="3.20" NOx="8.00" PMx="0.59" fuel="8.29" electricity="0.00" noise="81.87" route="routebottom" type="cfm_slow" waiting="0.00" lane="right_0" pos="18.18" speed="46.48" angle="331.80" x="118.60" y="98.97"/>
        <vehicle id="cfm_slow_3" eclass="HBEFA3/PC_G_EU4" CO2="19290.54" CO="589.08" HC="3.20" NOx="8.00" PMx="0.59" fuel="8.29" electricity="0.00" noise="81.87" route="routetop" type="cfm_slow" waiting="0.00" lane="top_0" pos="8.18" speed="46.48" angle="259.72" x="47.05" y="126.81"/>
        <vehicle id="cfm_slow_4" eclass="HBEFA3/PC_G_EU4" CO2="19290.54" CO="589.08" HC="3.20" NOx="8.00" PMx="0.59" fuel="8.29" electricity="0.00" noise="81.87" route="routetop" type="cfm_slow" waiting="0.00" lane="top_0" pos="48.18" speed="46.48" angle="187.81" x="-1.53" y="67.42"/>
    </timestep>
    <timestep time="5.50">
        <vehicle id="cfm_slow_0" eclass="HBEFA3/PC_G_EU4" CO2="19241.79" CO="588.17" HC="3.19" NOx="7.98" PMx="0.59" fuel="8.27" electricity="0.00" noise="81.87" route="routetop" type="cfm_slow" waiting="0.00" lane="left_0" pos="38.64" speed="46.49" angle="114.93" x="40.84" y="2.48"/>
        <vehicle id="cfm_slow_1" eclass="HBEFA3/PC_G_EU4" CO2="19241.79" CO="588.17" HC="3.19" NOx="7.98" PMx="0.59" fuel="8.27" electricity="0.00" noise="81.87" route="routebottom" type="cfm_slow" waiting="0.00" lane="bottom_0" pos="28.64" speed="46.49" angle="42.91" x="114.80" y="23.06"/>
        <vehicle id="cfm_slow_2" eclass="HBEFA3/PC_G_EU4" CO2="19241.79" CO="588.17" HC="3.19" NOx="7.98" PMx="0.59" fuel="8.27" electricity="0.00" noise="81.87" route="routebottom" type="cfm_slow" waiting="0.00" lane="right_0" pos="18.64" speed="46.49" angle="330.92" x="118.07" y="99.77"/>
        <vehicle id="cfm_slow_3" eclass="HBEFA3/PC_G_EU4" CO2="19241.79" CO="588.17" HC="3.19" NOx="7.98" PMx="0.59" fuel="8.27" electricity="0.00" noise="81.87" route="routetop" type="cfm_slow" waiting="0.00" lane="top_0" pos="8.64" speed="46.49" angle="258.90" x="46.12" y="126.57"/>
        <vehicle id="cfm_slow_4" eclass="HBEFA3/PC_G_EU4" CO2="19241.79" CO="588.17" HC="3.19" NOx="7.98" PMx="0.59" fuel="8.27" electricity="0.00" noise="81.87" route="routetop" type="cfm_slow" waiting="0.00" lane="top_0" pos="48.64" speed="46.49" angle="186.97" x="-1.59" y="66.47"/>
    </timestep>
    <timestep time="5.51">
        <vehicle id="cfm_slow_0" eclass="HBEFA3/PC_G_EU4" CO2="19193.48" CO="587.28" HC="3.19" NOx="7.96" PMx="0.59" fuel="8.25" electricity="0.00" noise="81.86" route="routetop" type="cfm_slow" waiting="0.00" lane="left_0" pos="39.11" speed="46.49" angle="114.08" x="41.74" y="2.16"/>
        <vehicle id="cfm_slow_1" eclass="HBEFA3/PC_G_EU4" CO2="19193.48" CO="587.28" HC="3.19" NOx="7.96" PMx="0.59" fuel="8.25" electricity="0.00" noise="81.86" route="routebottom" type="cfm_slow" waiting="0.00" lane="bottom_0" pos="29.11" speed="46.49" angle="42.04" x="115.39" y="23.81"/>
        <vehicle id="cfm_slow_2" eclass="HBEFA3/PC_G_EU4" CO2="19193.48" CO="587.28" HC="3.19" NOx="7.96" PMx="0.59" fuel="8.25" electricity="0.00" noise="81.86" route="routebottom" type="cfm_slow" waiting="0.00" lane="right_0" pos="19.11" speed="46.49" angle="330.05" x="117.54" y="100.56"/>
        <vehicle id="cfm_slow_3" eclass="HBEFA3/PC_G_EU4" CO2="19193.48" CO="587.28" HC="3.19" NOx="7.96" PMx="0.59" fuel="8.25" electricity="0.00" noise="81.86" route="routetop" type="cfm_slow" waiting="0.00" lane="top_0" pos="9.11" speed="46.49" angle="258.12" x="45.21" y="126.31"/>
        <vehicle id="cfm_slow_4" eclass="HBEFA3/PC_G_EU4" CO2="19193.48" CO="587.28" HC="3.19" NOx="7.96" PMx="0.59" fuel="8.25" electricity="0.00" noise="81.86" route="routetop" type="cfm_slow" waiting="0.00" lane="top_0" pos="49.11" speed="46.49" angle="186.14" x="-1.61" y="65.52"/>
    </timestep>
    <timestep time="5.52">
        <vehicle id="cfm_slow_0" eclass="HBEFA3/PC_G_EU4" CO2="19145.59" CO="586.39" HC="3.18" NOx="7.93" PMx="0.59" fuel="8.23" electricity="0.00" noise="81.85" route="routetop" type="cfm_slow" waiting="0.00" lane="left_0" pos="39.57" speed="46.50" angle="113.22" x="42.64" y="1.83"/>
        <vehicle id="cfm_slow_1" eclass="HBEFA3/PC_G_EU4" CO2="19145.59" CO="586.39" HC="3.18" NOx="7.93" PMx="0.59" fuel="8.23" electricity="0.00" noise="81.85" route="routebottom" type="cfm_slow" waiting="0.00" lane="bottom_0" pos="29.57" speed="46.50" angle="41.25" x="115.97" y="24.57"/>
        <vehicle id="cfm_slow_2" eclass="HBEFA3/PC_G_EU4" CO2="19145.59" CO="586.39" HC="3.18" NOx="7.93" PMx="0.59" fuel="8.23" electricity="0.00" noise="81.85" route="routebottom" type="cfm_slow" waiting="0.00" lane="right_0" pos="19.57" speed="46.50" angle="329.23" x="116.99" y="101.34"/>
        <vehicle id="cfm_slow_3" eclass="HBEFA3/PC_G_EU4" CO2="19145.59" CO="586.39" HC="3.18" NOx="7.93" PMx="0.59" fuel="8.23" electricity="0.00" noise="81.85" route="routetop" type="cfm_slow" waiting="0.00" lane="top_0" pos="9.57" speed="46.50" angle="257.27" x="44.29" y="126.03"/>
        <vehicle id="cfm_slow_4" eclass="HBEFA3/PC_G_EU4" CO2="19145.59" CO="586.39" HC="3.18" NOx="7.93" PMx="0.59" fuel="8.23" electricity="0.00" noise="81.85" route="routetop" type="cfm_slow" waiting="0.00" lane="top_0" pos="49.57" speed="46.50" angle="185.26" x="-1.63" y="64.56"/>
    </timestep>
    <timestep time="5.53">
        <vehicle id="cfm_slow_0" eclass="HBEFA3/PC_G_EU4" CO2="19098.13" CO="585.51" HC="3.18" NOx="7.91" PMx="0.59" fuel="8.21" electricity="0.00" noise="81.84" route="routetop" type="cfm_slow" waiting="0.00" lane="left_0" pos="40.04" speed="46.50" angle="112.43" x="43.54" y="1.54"/>
        <vehicle id="cfm_slow_1" eclass="HBEFA3/PC_G_EU4" CO2="19098.13" CO="585.51" HC="3.18" NOx="7.91" PMx="0.59" fuel="8.21" electricity="0.00" noise="81.84" route="routebottom" type="cfm_slow" waiting="0.00" lane="bottom_0" pos="30.04" speed="46.50" angle="40.42" x="116.53" y="25.34"/>
        <vehicle id="cfm_slow_2" eclass="HBEFA3/PC_G_EU4" CO2="19098.13" CO="585.51" HC="3.18" NOx="7.91" PMx="0.59" fuel="8.21" electricity="0.00" noise="81.84" route="routebottom" type="cfm_slow" waiting="0.00" lane="right_0" pos="20.04" speed="46.50" angle="328.37" x="116.43" y="102.11"/>
        <vehicle id="cfm_slow_3" eclass="HBEFA3/PC_G_EU4" CO2="19098.13" CO="585.51" HC="3.18" NOx="7.91" PMx="0.59" fuel="8.21" electricity="0.00" noise="81.84" route="routetop" type="cfm_slow" waiting="0.00" lane="top_0" pos="10.04" speed="46.50" angle="256.42" x="43.38" y="125.75"/>
        <vehicle id="cfm_slow_4" eclass="HBEFA3/PC_G_EU4" CO2="19098.13" CO="585.51" HC="3.18" NOx="7.91" PMx="0.59" fuel="8.21" electricity="0.00" noise="81.84" route="routetop" type="cfm_slow" waiting="0.00" lane="left_0" pos="0.04" speed="46.50" angle="184.42" x="-1.65" y="63.55"/>
    </timestep>
    <timestep time="5.54">
        <vehicle id="cfm_slow_0" eclass="HBEFA3/PC_G_EU4" CO2="19051.09" CO="584.64" HC="3.17" NOx="7.89" PMx="0.59" fuel="8.19" electricity="0.00" noise="81.83" route="routetop" type="cfm_slow" waiting="0.00" lane="left_0" pos="40.50" speed="46.51" angle="111.56" x="44.45" y="1.25"/>
        <vehicle id="cfm_slow_1" eclass="HBEFA3/PC_G_EU4" CO2="19051.09" CO="584.64" HC="3.17" NOx="7.89" PMx="0.59" fuel="8.19" electricity="0.00" noise="81.83" route="routebottom" type="cfm_slow" waiting="0.00" lane="bottom_0" pos="30.50" speed="46.51" angle="39.58" x="117.09" y="26.11"/>
        <vehicle id="cfm_slow_2" eclass="HBEFA3/PC_G_EU4" CO2="19051.09" CO="584.64" HC="3.17" NOx="7.89" PMx="0.59" fuel="8.19" electricity="0.00" noise="81.83" route="routebottom" type="cfm_slow" waiting="0.00" lane="right_0" pos="20.50" speed="46.51" angle="327.56" x="115.88" y="102.88"/>
        <vehicle id="cfm_slow_3" eclass="HBEFA3/PC_G_EU4" CO2="19051.09" CO="584.64" HC="3.17" NOx="7.89" PMx="0.59" fuel="8.19" electricity="0.00" noise="81.83" route="routetop" type="cfm_slow" waiting="0.00" lane="top_0" pos="10.50" speed="46.51" angle="255.59" x="42.48" y="125.44"/>
        <vehicle id="cfm_slow_4" eclass="HBEFA3/PC_G_EU4" CO2="19051.09" CO="584.64" HC="3.17" NOx="7.89" PMx="0.59" fuel="8.19" electricity="0.00" noise="81.83" route="routetop" type="cfm_slow" waiting="0.00" lane="left_0" pos="0.50" speed="46.51" angle="183.57" x="-1.63" y="62.60"/>
    </timestep>
    <timestep time="5.55">
        <vehicle id="cfm_slow_0" eclass="HBEFA3/PC_G_EU4" CO2="19004.47" CO="583.77" HC="3.17" NOx="7.87" PMx="0.58" fuel="8.17" electricity="0.00" noise="81.82" route="routetop" type="cfm_slow" waiting="0.00" lane="left_0" pos="40.97" speed="46.51" angle="110.73" x="45.36" y="0.97"/>
        <vehicle id="cfm_slow_1" eclass="HBEFA3/PC_G_EU4" CO2="19004.47" CO="583.77" HC="3.17" NOx="7.87" PMx="0.58" fuel="8.17" electricity="0.00" noise="81.82" route="routebottom" type="cfm_slow" waiting="0.00" lane="bottom_0" pos="30.97" speed="46.51" angle="38.79" x="117.63" y="26.90"/>
        <vehicle id="cfm_slow_2" eclass="HBEFA3/PC_G_EU4" CO2="19004.47" CO="583.77" HC="3.17" NOx="7.87" PMx="0.58" fuel="8.17" electricity="0.00" noise="81.82" route="routebottom" type="cfm_slow" waiting="0.00" lane="right_0" pos="20.97" speed="46.51" angle="326.71" x="115.29" y="103.63"/>
        <vehicle id="cfm_slow_3" eclass="HBEFA3/PC_G_EU4" CO2="19004.47" CO="583.77" HC="3.17" NOx="7.87" PMx="0.58" fuel="8.17" electricity="0.00" noise="81.82" route="routetop" type="cfm_slow" waiting="0.00" lane="top_0" pos="10.97" speed="46.51" angle="254.69" x="41.59" y="125.11"/>
        <vehicle id="cfm_slow_4" eclass="HBEFA3/PC_G_EU4" CO2="19004.47" CO="583.77" HC="3.17" NOx="7.87" PMx="0.58" fuel="8.17" electricity="0.00" noise="81.82" route="routetop" type="cfm_slow" waiting="0.00" lane="left_0" pos="0.97" speed="46.51" angle="182.72" x="-1.61" y="61.64"/>
    </timestep>
    <timestep time="5.56">
        <vehicle id="cfm_slow_0" eclass="HBEFA3/PC_G_EU4" CO2="18958.26" CO="582.91" HC="3.16" NOx="7.85" PMx="0.58" fuel="8.15" electricity="0.00" noise="81.82" route="routetop" type="cfm_slow" waiting="0.00" lane="left_0" pos="41.43" speed="46.52" angle="109.91" x="46.28" y="0.72"/>
        <vehicle id="cfm_slow_1" eclass="HBEFA3/PC_G_EU4" CO2="18958.26" CO="582.91" HC="3.16" NOx="7.85" PMx="0.58" fuel="8.15" electricity="0.00" noise="81.82" route="routebottom" type="cfm_slow" waiting="0.00" lane="bottom_0" pos="31.43" speed="46.52" angle="37.94" x="118.16" y="27.69"/>
        <vehicle id="cfm_slow_2" eclass="HBEFA3/PC_G_EU4" CO2="18958.26" CO="582.91" HC="3.16" NOx="7.85" PMx="0.58" fuel="8.15" electricity="0.00" noise="81.82" route="routebottom" type="cfm_slow" waiting="0.00" lane="right_0" pos="21.43" speed="46.52" angle="325.86" x="114.70" y="104.38"/>
        <vehicle id="cfm_slow_3" eclass="HBEFA3/PC_G_EU4" CO2="18958.26" CO="582.91" HC="3.16" NOx="7.85" PMx="0.58" fuel="8.15" electricity="0.00" noise="81.82" route="routetop" type="cfm_slow" waiting="0.00" lane="top_0" pos="11.43" speed="46.52" angle="253.80" x="40.69" y="124.79"/>
        <vehicle id="cfm_slow_4" eclass="HBEFA3/PC_G_EU4" CO2="18958.26" CO="582.91" HC="3.16" NOx="7.85" PMx="0.58" fuel="8.15" electricity="0.00" noise="81.82" route="routetop" type="cfm_slow" waiting="0.00" lane="left_0" pos="1.43" speed="46.52" angle="181.92" x="-1.58" y="60.69"/>
    </timestep>
    <timestep time="5.57">
        <vehicle id="cfm_slow_0" eclass="HBEFA3/PC_G_EU4" CO2="18912.47" CO="582.06" HC="3.16" NOx="7.82" PMx="0.58" fuel="8.13" electricity="0.00" noise="81.81" route="routetop" type="cfm_slow" waiting="0.00" lane="left_0" pos="41.90" speed="46.52" angle="109.06" x="47.20" y="0.47"/>
        <vehicle id="cfm_slow_1" eclass="HBEFA3/PC_G_EU4" CO2="18912.47" CO="582.06" HC="3.16" NOx="7.82" PMx="0.58" fuel="8.13" electricity="0.00" noise="81.81" route="routebottom" type="cfm_slow" waiting="0.00" lane="bottom_0" pos="31.90" speed="46.52" angle="37.09" x="118.69" y="28.48"/>
        <vehicle id="cfm_slow_2" eclass="HBEFA3/PC_G_EU4" CO2="18912.47" CO="582.06" HC="3.16" NOx="7.82" PMx="0.58" fuel="8.13" electricity="0.00" noise="81.81" route="routebottom" type="cfm_slow" waiting="0.00" lane="right_0" pos="21.90" speed="46.52" angle="325.06" x="114.11" y="105.13"/>
        <vehicle id="cfm_slow_3" eclass="HBEFA3/PC_G_EU4" CO2="18912.47" CO="582.06" HC="3.16" NOx="7.82" PMx="0.58" fuel="8.13" electricity="0.00" noise="81.81" route="routetop" type="cfm_slow" waiting="0.00" lane="top_0" pos="11.90" speed="46.52" angle="253.02" x="39.80" y="124.44"/>
        <vehicle id="cfm_slow_4" eclass="HBEFA3/PC_G_EU4" CO2="18912.47" CO="582.06" HC="3.16" NOx="7.82" PMx="0.58" fuel="8.13" electricity="0.00" noise="81.81" route="routetop" type="cfm_slow" waiting="0.00" lane="left_0" pos="1.90" speed="46.52" angle="181.07" x="-1.52" y="59.74"/>
    </timestep>
    <timestep time="5.58">
        <vehicle id="cfm_slow_0" eclass="HBEFA3/PC_G_EU4" CO2="18867.08" CO="581.22" HC="3.15" NOx="7.80" PMx="0.58" fuel="8.11" electricity="0.00" noise="81.80" route="routetop" type="cfm_slow" waiting="0.00" lane="left_0" pos="42.37" speed="46.52" angle="108.27" x="48.13" y="0.23"/>
        <vehicle id="cfm_slow_1" eclass="HBEFA3/PC_G_EU4" CO2="18867.08" CO="581.22" HC="3.15" NOx="7.80" PMx="0.58" fuel="8.11" electricity="0.00" noise="81.80" route="routebottom" type="cfm_slow" waiting="0.00" lane="bottom_0" pos="32.37" speed="46.52" angle="36.29" x="119.20" y="29.29"/>
        <vehicle id="cfm_slow_2" eclass="HBEFA3/PC_G_EU4" CO2="18867.08" CO="581.22" HC="3.15" NOx="7.80" PMx="0.58" fuel="8.11" electricity="0.00" noise="81.80" route="routebottom" type="cfm_slow" waiting="0.00" lane="right_0" pos="22.37" speed="46.52" angle="324.22" x="113.49" y="105.86"/>
        <vehicle id="cfm_slow_3" eclass="HBEFA3/PC_G_EU4" CO2="18867.08" CO="581.22" HC="3.15" NOx="7.80" PMx="0.58" fuel="8.11" electricity="0.00" noise="81.80" route="routetop" type="cfm_slow" waiting="0.00" lane="top_0" pos="12.37" speed="46.52" angle="252.20" x="38.91" y="124.09"/>
        <vehicle id="cfm_slow_4" eclass="HBEFA3/PC_G_EU4" CO2="18867.08" CO="581.22" HC="3.15" NOx="7.80" PMx="0.58" fuel="8.11" electricity="0.00" noise="81.80" route="routetop" type="cfm_slow" waiting="0.00" lane="left_0" pos="2.37" speed="46.52" angle="180.22" x="-1.46" y="58.78"/>
    </timestep>
    <timestep time="5.59">
        <vehicle id="cfm_slow_0" eclass="HBEFA3/PC_G_EU4" CO2="18822.10" CO="580.39" HC="3.15" NOx="7.78" PMx="0.58" fuel="8.09" electricity="0.00" noise="81.79" route="routetop" type="cfm_slow" waiting="0.00" lane="left_0" pos="42.83" speed="46.53" angle="107.43" x="49.06" y="0.02"/>
        <vehicle id="cfm_slow_1" eclass="HBEFA3/PC_G_EU4" CO2="18822.10" CO="580.39" HC="3.15" NOx="7.78" PMx="0.58" fuel="8.09" electricity="0.00" noise="81.79" route="routebottom" type="cfm_slow" waiting="0.00" lane="bottom_0" pos="32.83" speed="46.53" angle="35.42" x="119.68" y="30.11"/>
        <vehicle id="cfm_slow_2" eclass="HBEFA3/PC_G_EU4" CO2="18822.10" CO="580.39" HC="3.15" NOx="7.78" PMx="0.58" fuel="8.09" electricity="0.00" noise="81.79" route="routebottom" type="cfm_slow" waiting="0.00" lane="right_0" pos="22.83" speed="46.53" angle="323.37" x="112.88" y="106.59"/>
        <vehicle id="cfm_slow_3" eclass="HBEFA3/PC_G_EU4" CO2="18822.10" CO="580.39" HC="3.15" NOx="7.78" PMx="0.58" fuel="8.09" electricity="0.00" noise="81.79" route="routetop" type="cfm_slow" waiting="0.00" lane="top_0" pos="12.83" speed="46.53" angle="251.43" x="38.03" y="123.73"/>
        <vehicle id="cfm_slow_4" eclass="HBEFA3/PC_G_EU4" CO2="18822.10" CO="580.39" HC="3.15" NOx="7.78" PMx="0.58" fuel="8.09" electricity="0.00" noise="81.79" route="routetop" type="cfm_slow" waiting="0.00" lane="left_0" pos="2.83" speed="46.53" angle="179.42" x="-1.38" y="57.83"/>
    </timestep>
    <timestep time="5.60">
        <vehicle id="cfm_slow_0" eclass="HBEFA3/PC_G_EU4" CO2="18777.51" CO="579.56" HC="3.14" NOx="7.76" PMx="0.58" fuel="8.07" electricity="0.00" noise="81.78" route="routetop" type="cfm_slow" waiting="0.00" lane="left_0" pos="43.30" speed="46.53" angle="106.60" x="49.99" y="-0.19"/>
        <vehicle id="cfm_slow_1" eclass="HBEFA3/PC_G_EU4" CO2="18777.51" CO="579.56" HC="3.14" NOx="7.76" PMx="0.58" fuel="8.07" electricity="0.00" noise="81.78" route="routebottom" type="cfm_slow" waiting="0.00" lane="bottom_0" pos="33.30" speed="46.53" angle="34.59" x="120.17" y="30.93"/>
        <vehicle id="cfm_slow_2" eclass="HBEFA3/PC_G_EU4" CO2="18777.51" CO="579.56" HC="3.14" NOx="7.76" PMx="0.58" fuel="8.07" electricity="0.00" noise="81.78" route="routebottom" type="cfm_slow" waiting="0.00" lane="right_0" pos="23.30" speed="46.53" angle="322.59" x="112.25" y="107.31"/>
        <vehicle id="cfm_slow_3" eclass="HBEFA3/PC_G_EU4" CO2="18777.51" CO="579.56" HC="3.14" NOx="7.76" PMx="0.58" fuel="8.07" electricity="0.00" noise="81.78" route="routetop" type="cfm_slow" waiting="0.00" lane="top_0" pos="13.30" speed="46.53" angle="250.56" x="37.16" y="123.34"/>
        <vehicle id="cfm_slow_4" eclass="HBEFA3/PC_G_EU4" CO2="18777.51" CO="579.56" HC="3.14" NOx="7.76" PMx="0.58" fuel="8.07" electricity="0.00" noise="81.78" route="routetop" type="cfm_slow" waiting="0.00" lane="left_0" pos="3.30" speed="46.53" angle="178.57" x="-1.29" y="56.88"/>
    </timestep>
    <timestep time="5.61">
        <vehicle id="cfm_slow_0" eclass="HBEFA3/PC_G_EU4" CO2="18733.33" CO="578.74" HC="3.14" NOx="7.74" PMx="0.58" fuel="8.05" electricity="0.00" noise="81.78" route="routetop" type="cfm_slow" waiting="0.00" lane="left_0" pos="43.76" speed="46.54" angle="105.80" x="50.92" y="-0.39"/>
        <vehicle id="cfm_slow_1" eclass="HBEFA3/PC_G_EU4" CO2="18733.33" CO="578.74" HC="3.14" NOx="7.74" PMx="0.58" fuel="8.05" electricity="0.00" noise="81.78" route="routebottom" type="cfm_slow" waiting="0.00" lane="bottom_0" pos="33.76" speed="46.54" angle="33.76" x="120.64" y="31.77"/>
        <vehicle id="cfm_slow_2" eclass="HBEFA3/PC_G_EU4" CO2="18733.33" CO="578.74" HC="3.14" NOx="7.74" PMx="0.58" fuel="8.05" electricity="0.00" noise="81.78" route="routebottom" type="cfm_slow" waiting="0.00" lane="right_0" pos="23.76" speed="46.54" angle="321.74" x="111.60" y="108.01"/>
        <vehicle id="cfm_slow_3" eclass="HBEFA3/PC_G_EU4" CO2="18733.33" CO="578.74" HC="3.14" NOx="7.74" PMx="0.58" fuel="8.05" electricity="0.00" noise="81.78" route="routetop" type="cfm_slow" waiting="0.00" lane="top_0" pos="13.76" speed="46.54" angle="249.69" x="36.29" y="122.95"/>
        <vehicle id="cfm_slow_4" eclass="HBEFA3/PC_G_EU4" CO2="18733.33" CO="578.74" HC="3.14" NOx="7.74" PMx="0.58" fuel="8.05" electricity="0.00" noise="81.78" route="routetop" type="cfm_slow" waiting="0.00" lane="left_0" pos="3.76" speed="46.54" angle="177.74" x="-1.19" y="55.94"/>
    </timestep>
    <timestep time="5.62">
        <vehicle id="cfm_slow_0" eclass="HBEFA3/PC_G_EU4" CO2="18689.54" CO="577.93" HC="3.13" NOx="7.72" PMx="0.58" fuel="8.03" electricity="0.00" noise="81.77" route="routetop" type="cfm_slow" waiting="0.00" lane="left_0" pos="44.23" speed="46.54" angle="104.93" x="51.86" y="-0.56"/>
        <vehicle id="cfm_slow_1" eclass="HBEFA3/PC_G_EU4" CO2="18689.54" CO="577.93" HC="3.13" NOx="7.72" PMx="0.58" fuel="8.03" electricity="0.00" noise="81.77" route="routebottom" type="cfm_slow" waiting="0.00" lane="bottom_0" pos="34.23" speed="46.54" angle="32.92" x="121.10" y="32.60"/>
        <vehicle id="cfm_slow_2" eclass="HBEFA3/PC_G_EU4" CO2="18689.54" CO="577.93" HC="3.13" NOx="7.72" PMx="0.58" fuel="8.03" electricity="0.00" noise="81.77" route="routebottom" type="cfm_slow" waiting="0.00" lane="right_0" pos="24.23" speed="46.54" angle="320.89" x="110.95" y="108.71"/>
        <vehicle id="cfm_slow_3" eclass="HBEFA3/PC_G_EU4" CO2="18689.54" CO="577.93" HC="3.13" NOx="7.72" PMx="0.58" fuel="8.03" electricity="0.00" noise="81.77" route="routetop" type="cfm_slow" waiting="0.00" lane="top_0" pos="14.23" speed="46.54" angle="248.89" x="35.42" y="122.55"/>
        <vehicle id="cfm_slow_4" eclass="HBEFA3/PC_G_EU4" CO2="18689.54" CO="577.93" HC="3.13" NOx="7.72" PMx="0.58" fuel="8.03" electricity="0.00" noise="81.77" route="routetop" type="cfm_slow" waiting="0.00" lane="left_0" pos="4.23" speed="46.54" angle="176.92" x="-1.07" y="54.99"/>
    </timestep>
    <timestep time="5.63">
        <vehicle id="cfm_slow_0" eclass="HBEFA3/PC_G_EU4" CO2="18646.13" CO="577.12" HC="3.13" NOx="7.70" PMx="0.57" fuel="8.02" electricity="0.00" noise="81.76" route="routetop" type="cfm_slow" waiting="0.00" lane="left_0" pos="44.69" speed="46.55" angle="104.07" x="52.80" y="-0.74"/>
        <vehicle id="cfm_slow_1" eclass="HBEFA3/PC_G_EU4" CO2="18646.13" CO="577.12" HC="3.13" NOx="7.70" PMx="0.57" fuel="8.02" electricity="0.00" noise="81.76" route="routebottom" type="cfm_slow" waiting="0.00" lane="bottom_0" pos="34.69" speed="46.55" angle="32.13" x="121.56" y="33.44"/>
        <vehicle id="cfm_slow_2" eclass="HBEFA3/PC_G_EU4" CO2="18646.13" CO="577.12" HC="3.13" NOx="7.70" PMx="0.57" fuel="8.02" electricity="0.00" noise="81.76" route="routebottom" type="cfm_slow" waiting="0.00" lane="right_0" pos="24.69" speed="46.55" angle="320.09" x="110.28" y="109.39"/>
        <vehicle id="cfm_slow_3" eclass="HBEFA3/PC_G_EU4" CO2="18646.13" CO="577.12" HC="3.13" NOx="7.70" PMx="0.57" fuel="8.02" electricity="0.00" noise="81.76" route="routetop" type="cfm_slow" waiting="0.00" lane="top_0" pos="14.69" speed="46.55" angle="248.02" x="34.57" y="122.12"/>
        <vehicle id="cfm_slow_4" eclass="HBEFA3/PC_G_EU4" CO2="18646.13" CO="577.12" HC="3.13" NOx="7.70" PMx="0.57" fuel="8.02" electricity="0.00" noise="81.76" route="routetop" type="cfm_slow" waiting="0.00" lane="left_0" pos="4.69" speed="46.55" angle="176.07" x="-0.93" y="54.04"/>
    </timestep>
    <timestep time="5.64">
        <vehicle id="cfm_slow_0" eclass="HBEFA3/PC_G_EU4" CO2="18603.12" CO="576.32" HC="3.12" NOx="7.68" PMx="0.57" fuel="8.00" electricity="0.00" noise="81.75" route="routetop" type="cfm_slow" waiting="0.00" lane="left_0" pos="45.16" speed="46.55" angle="103.28" x="53.74" y="-0.89"/>
        <vehicle id="cfm_slow_1" eclass="HBEFA3/PC_G_EU4" CO2="18603.12" CO="576.32" HC="3.12" NOx="7.68" PMx="0.57" fuel="8.00" electricity="0.00" noise="81.75" route="routebottom" type="cfm_slow" waiting="0.00" lane="bottom_0" pos="35.16" speed="46.55" angle="31.26" x="121.99" y="34.29"/>
        <vehicle id="cfm_slow_2" eclass="HBEFA3/PC_G_EU4" CO2="18603.12" CO="576.32" HC="3.12" NOx="7.68" PMx="0.57" fuel="8.00" electricity="0.00" noise="81.75" route="routebottom" type="cfm_slow" waiting="0.00" lane="right_0" pos="25.16" speed="46.55" angle="319.24" x="109.61" y="110.06"/>
        <vehicle id="cfm_slow_3" eclass="HBEFA3/PC_G_EU4" CO2="18603.12" CO="576.32" HC="3.12" NOx="7.68" PMx="0.57" fuel="8.00" electricity="0.00" noise="81.75" route="routetop" type="cfm_slow" waiting="0.00" lane="top_0" pos="15.16" speed="46.55" angle="247.15" x="33.71" y="121.70"/>
        <vehicle id="cfm_slow_4" eclass="HBEFA3/PC_G_EU4" CO2="18603.12" CO="576.32" HC="3.12" NOx="7.68" PMx="0.57" fuel="8.00" electricity="0.00" noise="81.75" route="routetop" type="cfm_slow" waiting="0.00" lane="left_0" pos="5.16" speed="46.55" angle="175.24" x="-0.79" y="53.10"/>
    </timestep>
    <timestep time="5.65">
        <vehicle id="cfm_slow_0" eclass="HBEFA3/PC_G_EU4" CO2="18560.48" CO="575.53" HC="3.12" NOx="7.66" PMx="0.57" fuel="7.98" electricity="0.00" noise="81.75" route="routetop" type="cfm_slow" waiting="0.00" lane="left_0" pos="45.62" speed="46.55" angle="102.42" x="54.68" y="-1.02"/>
        <vehicle id="cfm_slow_1" eclass="HBEFA3/PC_G_EU4" CO2="18560.48" CO="575.53" HC="3.12" NOx="7.66" PMx="0.57" fuel="7.98" electricity="0.00" noise="81.75" route="routebottom" type="cfm_slow" waiting="0.00" lane="bottom_0" pos="35.62" speed="46.55" angle="30.40" x="122.41" y="35.15"/>
        <vehicle id="cfm_slow_2" eclass="HBEFA3/PC_G_EU4" CO2="18560.48" CO="575.53" HC="3.12" NOx="7.66" PMx="0.57" fuel="7.98" electricity="0.00" noise="81.75" route="routebottom" type="cfm_slow" waiting="0.00" lane="right_0" pos="25.62" speed="46.55" angle="318.44" x="108.93" y="110.74"/>
        <vehicle id="cfm_slow_3" eclass="HBEFA3/PC_G_EU4" CO2="18560.48" CO="575.53" HC="3.12" NOx="7.66" PMx="0.57" fuel="7.98" electricity="0.00" noise="81.75" route="routetop" type="cfm_slow" waiting="0.00" lane="top_0" pos="15.62" speed="46.55" angle="246.38" x="32.87" y="121.25"/>
        <vehicle id="cfm_slow_4" eclass="HBEFA3/PC_G_EU4" CO2="18560.48" CO="575.53" HC="3.12" NOx="7.66" PMx="0.57" fuel="7.98" electricity="0.00" noise="81.75" route="routetop" type="cfm_slow" waiting="0.00" lane="left_0" pos="5.62" speed="46.55" angle="174.36" x="-0.62" y="52.16"/>
    </timestep>
    <timestep time="5.66">
        <vehicle id="cfm_slow_0" eclass="HBEFA3/PC_G_EU4" CO2="18518.23" CO="574.75" HC="3.11" NOx="7.64" PMx="0.57" fuel="7.96" electricity="0.00" noise="81.74" route="routetop" type="cfm_slow" waiting="0.00" lane="left_0" pos="46.09" speed="46.56" angle="101.60" x="55.63" y="-1.16"/>
        <vehicle id="cfm_slow_1" eclass="HBEFA3/PC_G_EU4" CO2="18518.23" CO="574.75" HC="3.11" NOx="7.64" PMx="0.57" fuel="7.96" electricity="0.00" noise="81.74" route="routebottom" type="cfm_slow" waiting="0.00" lane="bottom_0" pos="36.09" speed="46.56" angle="29.58" x="122.83" y="36.01"/>
        <vehicle id="cfm_slow_2" eclass="HBEFA3/PC_G_EU4" CO2="18518.23" CO="574.75" HC="3.11" NOx="7.64" PMx="0.57" fuel="7.96" electricity="0.00" noise="81.74" route="routebottom" type="cfm_slow" waiting="0.00" lane="right_0" pos="26.09" speed="46.56" angle="317.60" x="108.23" y="111.39"/>
        <vehicle id="cfm_slow_3" eclass="HBEFA3/PC_G_EU4" CO2="18518.23" CO="574.75" HC="3.11" NOx="7.64" PMx="0.57" fuel="7.96" electricity="0.00" noise="81.74" route="routetop" type="cfm_slow" waiting="0.00" lane="top_0" pos="16.09" speed="46.56" angle="245.54" x="32.03" y="120.79"/>
        <vehicle id="cfm_slow_4" eclass="HBEFA3/PC_G_EU4" CO2="18518.23" CO="574.75" HC="3.11" NOx="7.64" PMx="0.57" fuel="7.96" electricity="0.00" noise="81.74" route="routetop" type="cfm_slow" waiting="0.00" lane="left_0" pos="6.09" speed="46.56" angle="173.49" x="-0.45" y="51.22"/>
    </timestep>
    <timestep time="5.67">
        <vehicle id="cfm_slow_0" eclass="HBEFA3/PC_G_EU4" CO2="18476.36" CO="573.97" HC="3.11" NOx="7.62" PMx="0.57" fuel="7.94" electricity="0.00" noise="81.73" route="routetop" type="cfm_slow" waiting="0.00" lane="left_0" pos="46.55" speed="46.56" angle="100.77" x="56.58" y="-1.26"/>
        <vehicle id="cfm_slow_1" eclass="HBEFA3/PC_G_EU4" CO2="18476.36" CO="573.97" HC="3.11" NOx="7.62" PMx="0.57" fuel="7.94" electricity="0.00" noise="81.73" route="routebottom" type="cfm_slow" waiting="0.00" lane="bottom_0" pos="36.55" speed="46.56" angle="28.69" x="123.22" y="36.88"/>
        <vehicle id="cfm_slow_2" eclass="HBEFA3/PC_G_EU4" CO2="18476.36" CO="573.97" HC="3.11" NOx="7.62" PMx="0.57" fuel="7.94" electricity="0.00" noise="81.73" route="routebottom" type="cfm_slow" waiting="0.00" lane="right_0" pos="26.55" speed="46.56" angle="316.75" x="107.53" y="112.04"/>
        <vehicle id="cfm_slow_3" eclass="HBEFA3/PC_G_EU4" CO2="18476.36" CO="573.97" HC="3.11" NOx="7.62" PMx="0.57" fuel="7.94" electricity="0.00" noise="81.73" route="routetop" type="cfm_slow" waiting="0.00" lane="top_0" pos="16.55" speed="46.56" angle="244.71" x="31.20" y="120.33"/>
        <vehicle id="cfm_slow_4" eclass="HBEFA3/PC_G_EU4" CO2="18476.36" CO="573.97" HC="3.11" NOx="7.62" PMx="0.57" fuel="7.94" electricity="0.00" noise="81.73" route="routetop" type="cfm_slow" waiting="0.00" lane="left_0" pos="6.55" speed="46.56" angle="172.68" x="-0.26" y="50.29"/>
    </timestep>
    <timestep time="5.68">
        <vehicle id="cfm_slow_0" eclass="HBEFA3/PC_G_EU4" CO2="18434.85" CO="573.20" HC="3.10" NOx="7.60" PMx="0.57" fuel="7.92" electricity="0.00" noise="81.72" route="routetop" type="cfm_slow" waiting="0.00" lane="left_0" pos="47.02" speed="46.57" angle="99.90" x="57.53" y="-1.35"/>
        <vehicle id="cfm_slow_1" eclass="HBEFA3/PC_G_EU4" CO2="18434.85" CO="573.20" HC="3.10" NOx="7.60" PMx="0.57" fuel="7.92" electricity="0.00" noise="81.72" route="routebottom" type="cfm_slow" waiting="0.00" lane="bottom_0" pos="37.02" speed="46.57" angle="27.80" x="123.61" y="37.75"/>
        <vehicle id="cfm_slow_2" eclass="HBEFA3/PC_G_EU4" CO2="18434.85" CO="573.20" HC="3.10" NOx="7.60" PMx="0.57" fuel="7.92" electricity="0.00" noise="81.72" route="routebottom" type="cfm_slow" waiting="0.00" lane="right_0" pos="27.02" speed="46.57" angle="315.94" x="106.83" y="112.68"/>
        <vehicle id="cfm_slow_3" eclass="HBEFA3/PC_G_EU4" CO2="18434.85" CO="573.20" HC="3.10" NOx="7.60" PMx="0.57" fuel="7.92" electricity="0.00" noise="81.72" route="routetop" type="cfm_slow" waiting="0.00" lane="top_0" pos="17.02" speed="46.57" angle="243.90" x="30.38" y="119.84"/>
        <vehicle id="cfm_slow_4" eclass="HBEFA3/PC_G_EU4" CO2="18434.85" CO="573.20" HC="3.10" NOx="7.60" PMx="0.57" fuel="7.92" electricity="0.00" noise="81.72" route="routetop" type="cfm_slow" waiting="0.00" lane="left_0" pos="7.02" speed="46.57" angle="171.82" x="-0.05" y="49.36"/>
    </timestep>
    <timestep time="5.69">
        <vehicle id="cfm_slow_0" eclass="HBEFA3/PC_G_EU4" CO2="18393.72" CO="572.44" HC="3.10" NOx="7.58" PMx="0.57" fuel="7.91" electricity="0.00" noise="81.72" route="routetop" type="cfm_slow" waiting="0.00" lane="left_0" pos="47.49" speed="46.57" angle="99.09" x="58.48" y="-1.44"/>
        <vehicle id="cfm_slow_1" eclass="HBEFA3/PC_G_EU4" CO2="18393.72" CO="572.44" HC="3.10" NOx="7.58" PMx="0.57" fuel="7.91" electricity="0.00" noise="81.72" route="routebottom" type="cfm_slow" waiting="0.00" lane="bottom_0" pos="37.49" speed="46.57" angle="27.01" x="123.97" y="38.63"/>
        <vehicle id="cfm_slow_2" eclass="HBEFA3/PC_G_EU4" CO2="18393.72" CO="572.44" HC="3.10" NOx="7.58" PMx="0.57" fuel="7.91" electricity="0.00" noise="81.72" route="routebottom" type="cfm_slow" waiting="0.00" lane="right_0" pos="27.49" speed="46.57" angle="315.03" x="106.09" y="113.29"/>
        <vehicle id="cfm_slow_3" eclass="HBEFA3/PC_G_EU4" CO2="18393.72" CO="572.44" HC="3.10" NOx="7.58" PMx="0.57" fuel="7.91" electricity="0.00" noise="81.72" route="routetop" type="cfm_slow" waiting="0.00" lane="top_0" pos="17.49" speed="46.57" angle="243.04" x="29.56" y="119.35"/>
        <vehicle id="cfm_slow_4" eclass="HBEFA3/PC_G_EU4" CO2="18393.72" CO="572.44" HC="3.10" NOx="7.58" PMx="0.57" fuel="7.91" electricity="0.00" noise="81.72" route="routetop" type="cfm_slow" waiting="0.00" lane="left_0" pos="7.49" speed="46.57" angle="170.96" x="0.16" y="48.42"/>
    </timestep>
    <timestep time="5.70">
        <vehicle id="cfm_slow_0" eclass="HBEFA3/PC_G_EU4" CO2="18352.95" CO="571.68" HC="3.10" NOx="7.56" PMx="0.57" fuel="7.89" electricity="0.00" noise="81.71" route="routetop" type="cfm_slow" waiting="0.00" lane="left_0" pos="47.95" speed="46.57" angle="98.23" x="59.43" y="-1.50"/>
        <vehicle id="cfm_slow_1" eclass="HBEFA3/PC_G_EU4" CO2="18352.95" CO="571.68" HC="3.10" NOx="7.56" PMx="0.57" fuel="7.89" electricity="0.00" noise="81.71" route="routebottom" type="cfm_slow" waiting="0.00" lane="bottom_0" pos="37.95" speed="46.57" angle="26.16" x="124.33" y="39.52"/>
        <vehicle id="cfm_slow_2" eclass="HBEFA3/PC_G_EU4" CO2="18352.95" CO="571.68" HC="3.10" NOx="7.56" PMx="0.57" fuel="7.89" electricity="0.00" noise="81.71" route="routebottom" type="cfm_slow" waiting="0.00" lane="right_0" pos="27.95" speed="46.57" angle="314.11" x="105.36" y="113.91"/>
        <vehicle id="cfm_slow_3" eclass="HBEFA3/PC_G_EU4" CO2="18352.95" CO="571.68" HC="3.10" NOx="7.56" PMx="0.57" fuel="7.89" electricity="0.00" noise="81.71" route="routetop" type="cfm_slow" waiting="0.00" lane="top_0" pos="17.95" speed="46.57" angle="242.25" x="28.74" y="118.86"/>
        <vehicle id="cfm_slow_4" eclass="HBEFA3/PC_G_EU4" CO2="18352.95" CO="571.68" HC="3.10" NOx="7.56" PMx="0.57" fuel="7.89" electricity="0.00" noise="81.71" route="routetop" type="cfm_slow" waiting="0.00" lane="left_0" pos="7.95" speed="46.57" angle="170.16" x="0.39" y="47.50"/>
    </timestep>
    <timestep time="5.71">
        <vehicle id="cfm_slow_0" eclass="HBEFA3/PC_G_EU4" CO2="18312.55" CO="570.93" HC="3.09" NOx="7.54" PMx="0.57" fuel="7.87" electricity="0.00" noise="81.70" route="routetop" type="cfm_slow" waiting="0.00" lane="left_0" pos="48.42" speed="46.58" angle="97.37" x="60.39" y="-1.56"/>
        <vehicle id="cfm_slow_1" eclass="HBEFA3/PC_G_EU4" CO2="18312.55" CO="570.93" HC="3.09" NOx="7.54" PMx="0.57" fuel="7.87" electricity="0.00" noise="81.70" route="routebottom" type="cfm_slow" waiting="0.00" lane="bottom_0" pos="38.42" speed="46.58" angle="25.33" x="124.68" y="40.41"/>
        <vehicle id="cfm_slow_2" eclass="HBEFA3/PC_G_EU4" CO2="18312.55" CO="570.93" HC="3.09" NOx="7.54" PMx="0.57" fuel="7.87" electricity="0.00" noise="81.70" route="routebottom" type="cfm_slow" waiting="0.00" lane="right_0" pos="28.42" speed="46.58" angle="313.30" x="104.62" y="114.51"/>
        <vehicle id="cfm_slow_3" eclass="HBEFA3/PC_G_EU4" CO2="18312.55" CO="570.93" HC="3.09" NOx="7.54" PMx="0.57" fuel="7.87" electricity="0.00" noise="81.70" route="routetop" type="cfm_slow" waiting="0.00" lane="top_0" pos="18.42" speed="46.58" angle="241.36" x="27.94" y="118.33"/>
        <vehicle id="cfm_slow_4" eclass="HBEFA3/PC_G_EU4" CO2="18312.55" CO="570.93" HC="3.09" NOx="7.54" PMx="0.57" fuel="7.87" electricity="0.00" noise="81.70" route="routetop" type="cfm_slow" waiting="0.00" lane="left_0" pos="8.42" speed="46.58" angle="169.29" x="0.64" y="46.58"/>
    </timestep>
    <timestep time="5.72">
        <vehicle id="cfm_slow_0" eclass="HBEFA3/PC_G_EU4" CO2="18272.51" CO="570.19" HC="3.09" NOx="7.52" PMx="0.57" fuel="7.85" electricity="0.00" noise="81.70" route="routetop" type="cfm_slow" waiting="0.00" lane="left_0" pos="48.88" speed="46.58" angle="96.56" x="61.34" y="-1.61"/>
        <vehicle id="cfm_slow_1" eclass="HBEFA3/PC_G_EU4" CO2="18272.51" CO="570.19" HC="3.09" NOx="7.52" PMx="0.57" fuel="7.85" electricity="0.00" noise="81.70" route="routebottom" type="cfm_slow" waiting="0.00" lane="bottom_0" pos="38.88" speed="46.58" angle="24.51" x="125.01" y="41.30"/>
        <vehicle id="cfm_slow_2" eclass="HBEFA3/PC_G_EU4" CO2="18272.51" CO="570.19" HC="3.09" NOx="7.52" PMx="0.57" fuel="7.85" electricity="0.00" noise="81.70" route="routebottom" type="cfm_slow" waiting="0.00" lane="right_0" pos="28.88" speed="46.58" angle="312.45" x="103.87" y="115.10"/>
        <vehicle id="cfm_slow_3" eclass="HBEFA3/PC_G_EU4" CO2="18272.51" CO="570.19" HC="3.09" NOx="7.52" PMx="0.57" fuel="7.85" electricity="0.00" noise="81.70" route="routetop" type="cfm_slow" waiting="0.00" lane="top_0" pos="18.88" speed="46.58" angle="240.47" x="27.15" y="117.80"/>
        <vehicle id="cfm_slow_4" eclass="HBEFA3/PC_G_EU4" CO2="18272.51" CO="570.19" HC="3.09" NOx="7.52" PMx="0.57" fuel="7.85" electricity="0.00" noise="81.70" route="routetop" type="cfm_slow" waiting="0.00" lane="left_0" pos="8.88" speed="46.58" angle="168.44" x="0.89" y="45.65"/>
    </timestep>
    <timestep time="5.73">
        <vehicle id="cfm_slow_0" eclass="HBEFA3/PC_G_EU4" CO2="18232.82" CO="569.45" HC="3.08" NOx="7.50" PMx="0.56" fuel="7.84" electricity="0.00" noise="81.69" route="routetop" type="cfm_slow" waiting="0.00" lane="left_0" pos="49.35" speed="46.59" angle="95.69" x="62.30" y="-1.62"/>
        <vehicle id="cfm_slow_1" eclass="HBEFA3/PC_G_EU4" CO2="18232.82" CO="569.45" HC="3.08" NOx="7.50" PMx="0.56" fuel="7.84" electricity="0.00" noise="81.69" route="routebottom" type="cfm_slow" waiting="0.00" lane="bottom_0" pos="39.35" speed="46.59" angle="23.67" x="125.34" y="42.20"/>
        <vehicle id="cfm_slow_2" eclass="HBEFA3/PC_G_EU4" CO2="18232.82" CO="569.45" HC="3.08" NOx="7.50" PMx="0.56" fuel="7.84" electricity="0.00" noise="81.69" route="routebottom" type="cfm_slow" waiting="0.00" lane="right_0" pos="29.35" speed="46.59" angle="311.60" x="103.12" y="115.69"/>
        <vehicle id="cfm_slow_3" eclass="HBEFA3/PC_G_EU4" CO2="18232.82" CO="569.45" HC="3.08" NOx="7.50" PMx="0.56" fuel="7.84" electricity="0.00" noise="81.69" route="routetop" type="cfm_slow" waiting="0.00" lane="top_0" pos="19.35" speed="46.59" angle="239.65" x="26.36" y="117.26"/>
        <vehicle id="cfm_slow_4" eclass="HBEFA3/PC_G_EU4" CO2="18232.82" CO="569.45" HC="3.08" NOx="7.50" PMx="0.56" fuel="7.84" electricity="0.00" noise="81.69" route="routetop" type="cfm_slow" waiting="0.00" lane="left_0" pos="9.35" speed="46.59" angle="167.63" x="1.16" y="44.74"/>
    </timestep>
    <timestep time="5.74">
        <vehicle id="cfm_slow_0" eclass="HBEFA3/PC_G_EU4" CO2="18193.49" CO="568.72" HC="3.08" NOx="7.48" PMx="0.56" fuel="7.82" electricity="0.00" noise="81.68" route="routetop" type="cfm_slow" waiting="0.00" lane="left_0" pos="49.81" speed="46.59" angle="94.81" x="63.25" y="-1.64"/>
        <vehicle id="cfm_slow_1" eclass="HBEFA3/PC_G_EU4" CO2="18193.49" CO="568.72" HC="3.08" NOx="7.48" PMx="0.56" fuel="7.82" electricity="0.00" noise="81.68" route="routebottom" type="cfm_slow" waiting="0.00" lane="bottom_0" pos="39.81" speed="46.59" angle="22.90" x="125.66" y="43.10"/>
        <vehicle id="cfm_slow_2" eclass="HBEFA3/PC_G_EU4" CO2="18193.49" CO="568.72" HC="3.08" NOx="7.48" PMx="0.56" fuel="7.82" electricity="0.00" noise="81.68" route="routebottom" type="cfm_slow" waiting="0.00" lane="right_0" pos="29.81" speed="46.59" angle="310.81" x="102.35" y="116.26"/>
        <vehicle id="cfm_slow_3" eclass="HBEFA3/PC_G_EU4" CO2="18193.49" CO="568.72" HC="3.08" NOx="7.48" PMx="0.56" fuel="7.82" electricity="0.00" noise="81.68" route="routetop" type="cfm_slow" waiting="0.00" lane="top_0" pos="19.81" speed="46.59" angle="238.79" x="25.58" y="116.70"/>
        <vehicle id="cfm_slow_4" eclass="HBEFA3/PC_G_EU4" CO2="18193.49" CO="568.72" HC="3.08" NOx="7.48" PMx="0.56" fuel="7.82" electricity="0.00" noise="81.68" route="routetop" type="cfm_slow" waiting="0.00" lane="left_0" pos="9.81" speed="46.59" angle="166.77" x="1.45" y="43.83"/>
    </timestep>
    <timestep time="5.75">
        <vehicle id="cfm_slow_0" eclass="HBEFA3/PC_G_EU4" CO2="18154.51" CO="568.00" HC="3.07" NOx="7.46" PMx="0.56" fuel="7.80" electricity="0.00" noise="81.68" route="routebottom" type="cfm_slow" waiting="0.00" lane="bottom_0" pos="0.28" speed="46.59" angle="93.98" x="64.27" y="-1.64"/>
        <vehicle id="cfm_slow_1" eclass="HBEFA3/PC_G_EU4" CO2="18154.51" CO="568.00" HC="3.07" NOx="7.46" PMx="0.56" fuel="7.80" electricity="0.00" noise="81.68" route="routebottom" type="cfm_slow" waiting="0.00" lane="bottom_0" pos="40.28" speed="46.59" angle="22.03" x="125.94" y="44.01"/>
        <vehicle id="cfm_slow_2" eclass="HBEFA3/PC_G_EU4" CO2="18154.51" CO="568.00" HC="3.07" NOx="7.46" PMx="0.56" fuel="7.80" electricity="0.00" noise="81.68" route="routebottom" type="cfm_slow" waiting="0.00" lane="right_0" pos="30.28" speed="46.59" angle="309.96" x="101.58" y="116.82"/>
        <vehicle id="cfm_slow_3" eclass="HBEFA3/PC_G_EU4" CO2="18154.51" CO="568.00" HC="3.07" NOx="7.46" PMx="0.56" fuel="7.80" electricity="0.00" noise="81.68" route="routetop" type="cfm_slow" waiting="0.00" lane="top_0" pos="20.28" speed="46.59" angle="237.92" x="24.81" y="116.14"/>
        <vehicle id="cfm_slow_4" eclass="HBEFA3/PC_G_EU4" CO2="18154.51" CO="568.00" HC="3.07" NOx="7.46" PMx="0.56" fuel="7.80" electricity="0.00" noise="81.68" route="routetop" type="cfm_slow" waiting="0.00" lane="left_0" pos="10.28" speed="46.59" angle="165.98" x="1.73" y="42.92"/>
    </timestep>
    <timestep time="5.76">
        <vehicle id="cfm_slow_0" eclass="HBEFA3/PC_G_EU4" CO2="18115.88" CO="567.29" HC="3.07" NOx="7.45" PMx="0.56" fuel="7.79" electricity="0.00" noise="81.67" route="routebottom" type="cfm_slow" waiting="0.00" lane="bottom_0" pos="0.75" speed="46.60" angle="93.13" x="65.22" y="-1.62"/>
        <vehicle id="cfm_slow_1" eclass="HBEFA3/PC_G_EU4" CO2="18115.88" CO="567.29" HC="3.07" NOx="7.45" PMx="0.56" fuel="7.79" electricity="0.00" noise="81.67" route="routebottom" type="cfm_slow" waiting="0.00" lane="bottom_0" pos="40.75" speed="46.60" angle="21.16" x="126.22" y="44.92"/>
        <vehicle id="cfm_slow_2" eclass="HBEFA3/PC_G_EU4" CO2="18115.88" CO="567.29" HC="3.07" NOx="7.45" PMx="0.56" fuel="7.79" electricity="0.00" noise="81.67" route="routebottom" type="cfm_slow" waiting="0.00" lane="right_0" pos="30.75" speed="46.60" angle="309.15" x="100.80" y="117.38"/>
        <vehicle id="cfm_slow_3" eclass="HBEFA3/PC_G_EU4" CO2="18115.88" CO="567.29" HC="3.07" NOx="7.45" PMx="0.56" fuel="7.79" electricity="0.00" noise="81.67" route="routetop" type="cfm_slow" waiting="0.00" lane="top_0" pos="20.75" speed="46.60" angle="237.13" x="24.05" y="115.57"/>
        <vehicle id="cfm_slow_4" eclass="HBEFA3/PC_G_EU4" CO2="18115.88" CO="567.29" HC="3.07" NOx="7.45" PMx="0.56" fuel="7.79" electricity="0.00" noise="81.67" route="routetop" type="cfm_slow" waiting="0.00" lane="left_0" pos="10.75" speed="46.60" angle="165.11" x="2.06" y="42.02"/>
    </timestep>
    <timestep time="5.77">
        <vehicle id="cfm_slow_0" eclass="HBEFA3/PC_G_EU4" CO2="18077.60" CO="566.57" HC="3.07" NOx="7.43" PMx="0.56" fuel="7.77" electricity="0.00" noise="81.66" route="routebottom" type="cfm_slow" waiting="0.00" lane="bottom_0" pos="1.21" speed="46.60" angle="92.30" x="66.18" y="-1.60"/>
        <vehicle id="cfm_slow_1" eclass="HBEFA3/PC_G_EU4" CO2="18077.60" CO="566.57" HC="3.07" NOx="7.43" PMx="0.56" fuel="7.77" electricity="0.00" noise="81.66" route="routebottom" type="cfm_slow" waiting="0.00" lane="bottom_0" pos="41.21" speed="46.60" angle="20.36" x="126.49" y="45.84"/>
        <vehicle id="cfm_slow_2" eclass="HBEFA3/PC_G_EU4" CO2="18077.60" CO="566.57" HC="3.07" NOx="7.43" PMx="0.56" fuel="7.77" electricity="0.00" noise="81.66" route="routebottom" type="cfm_slow" waiting="0.00" lane="right_0" pos="31.21" speed="46.60" angle="308.31" x="100.01" y="117.91"/>
        <vehicle id="cfm_slow_3" eclass="HBEFA3/PC_G_EU4" CO2="18077.60" CO="566.57" HC="3.07" NOx="7.43" PMx="0.56" fuel="7.77" electricity="0.00" noise="81.66" route="routetop" type="cfm_slow" waiting="0.00" lane="top_0" pos="21.21" speed="46.60" angle="236.29" x="23.29" y="114.98"/>
        <vehicle id="cfm_slow_4" eclass="HBEFA3/PC_G_EU4" CO2="18077.60" CO="566.57" HC="3.07" NOx="7.43" PMx="0.56" fuel="7.77" electricity="0.00" noise="81.66" route="routetop" type="cfm_slow" waiting="0.00" lane="left_0" pos="11.21" speed="46.60" angle="164.25" x="2.38" y="41.12"/>
    </timestep>
    <timestep time="5.78">
        <vehicle id="cfm_slow_0" eclass="HBEFA3/PC_G_EU4" CO2="18039.65" CO="565.87" HC="3.06" NOx="7.41" PMx="0.56" fuel="7.75" electricity="0.00" noise="81.66" route="routebottom" type="cfm_slow" waiting="0.00" lane="bottom_0" pos="1.68" speed="46.60" angle="91.48" x="67.13" y="-1.55"/>
        <vehicle id="cfm_slow_1" eclass="HBEFA3/PC_G_EU4" CO2="18039.65" CO="565.87" HC="3.06" NOx="7.41" PMx="0.56" fuel="7.75" electricity="0.00" noise="81.66" route="routebottom" type="cfm_slow" waiting="0.00" lane="bottom_0" pos="41.68" speed="46.60" angle="19.49" x="126.74" y="46.76"/>
        <vehicle id="cfm_slow_2" eclass="HBEFA3/PC_G_EU4" CO2="18039.65" CO="565.87" HC="3.06" NOx="7.41" PMx="0.56" fuel="7.75" electricity="0.00" noise="81.66" route="routebottom" type="cfm_slow" waiting="0.00" lane="right_0" pos="31.68" speed="46.60" angle="307.46" x="99.21" y="118.44"/>
        <vehicle id="cfm_slow_3" eclass="HBEFA3/PC_G_EU4" CO2="18039.65" CO="565.87" HC="3.06" NOx="7.41" PMx="0.56" fuel="7.75" electricity="0.00" noise="81.66" route="routetop" type="cfm_slow" waiting="0.00" lane="top_0" pos="21.68" speed="46.60" angle="235.45" x="22.54" y="114.39"/>
        <vehicle id="cfm_slow_4" eclass="HBEFA3/PC_G_EU4" CO2="18039.65" CO="565.87" HC="3.06" NOx="7.41" PMx="0.56" fuel="7.75" electricity="0.00" noise="81.66" route="routetop" type="cfm_slow" waiting="0.00" lane="left_0" pos="11.68" speed="46.60" angle="163.45" x="2.71" y="40.22"/>
    </timestep>
    <timestep time="5.79">
        <vehicle id="cfm_slow_0" eclass="HBEFA3/PC_G_EU4" CO2="18002.05" CO="565.17" HC="3.06" NOx="7.39" PMx="0.56" fuel="7.74" electricity="0.00" noise="81.65" route="routebottom" type="cfm_slow" waiting="0.00" lane="bottom_0" pos="2.14" speed="46.61" angle="90.63" x="68.08" y="-1.49"/>
        <vehicle id="cfm_slow_1" eclass="HBEFA3/PC_G_EU4" CO2="18002.05" CO="565.17" HC="3.06" NOx="7.39" PMx="0.56" fuel="7.74" electricity="0.00" noise="81.65" route="routebottom" type="cfm_slow" waiting="0.00" lane="bottom_0" pos="42.14" speed="46.61" angle="18.61" x="126.98" y="47.69"/>
        <vehicle id="cfm_slow_2" eclass="HBEFA3/PC_G_EU4" CO2="18002.05" CO="565.17" HC="3.06" NOx="7.39" PMx="0.56" fuel="7.74" electricity="0.00" noise="81.65" route="routebottom" type="cfm_slow" waiting="0.00" lane="right_0" pos="32.14" speed="46.61" angle="306.68" x="98.41" y="118.96"/>
        <vehicle id="cfm_slow_3" eclass="HBEFA3/PC_G_EU4" CO2="18002.05" CO="565.17" HC="3.06" NOx="7.39" PMx="0.56" fuel="7.74" electricity="0.00" noise="81.65" route="routetop" type="cfm_slow" waiting="0.00" lane="top_0" pos="22.14" speed="46.61" angle="234.63" x="21.81" y="113.78"/>
        <vehicle id="cfm_slow_4" eclass="HBEFA3/PC_G_EU4" CO2="18002.05" CO="565.17" HC="3.06" NOx="7.39" PMx="0.56" fuel="7.74" electricity="0.00" noise="81.65" route="routetop" type="cfm_slow" waiting="0.00" lane="left_0" pos="12.14" speed="46.61" angle="162.61" x="3.07" y="39.33"/>
    </timestep>
    <timestep time="5.80">
        <vehicle id="cfm_slow_0" eclass="HBEFA3/PC_G_EU4" CO2="17964.78" CO="564.48" HC="3.05" NOx="7.37" PMx="0.56" fuel="7.72" electricity="0.00" noise="81.65" route="routebottom" type="cfm_slow" waiting="0.00" lane="bottom_0" pos="2.61" speed="46.61" angle="89.82" x="69.04" y="-1.43"/>
        <vehicle id="cfm_slow_1" eclass="HBEFA3/PC_G_EU4" CO2="17964.78" CO="564.48" HC="3.05" NOx="7.37" PMx="0.56" fuel="7.72" electricity="0.00" noise="81.65" route="routebottom" type="cfm_slow" waiting="0.00" lane="bottom_0" pos="42.61" speed="46.61" angle="17.84" x="127.20" y="48.62"/>
        <vehicle id="cfm_slow_2" eclass="HBEFA3/PC_G_EU4" CO2="17964.78" CO="564.48" HC="3.05" NOx="7.37" PMx="0.56" fuel="7.72" electricity="0.00" noise="81.65" route="routebottom" type="cfm_slow" waiting="0.00" lane="right_0" pos="32.61" speed="46.61" angle="305.83" x="97.59" y="119.46"/>
        <vehicle id="cfm_slow_3" eclass="HBEFA3/PC_G_EU4" CO2="17964.78" CO="564.48" HC="3.05" NOx="7.37" PMx="0.56" fuel="7.72" electricity="0.00" noise="81.65" route="routetop" type="cfm_slow" waiting="0.00" lane="top_0" pos="22.61" speed="46.61" angle="233.75" x="21.08" y="113.16"/>
        <vehicle id="cfm_slow_4" eclass="HBEFA3/PC_G_EU4" CO2="17964.78" CO="564.48" HC="3.05" NOx="7.37" PMx="0.56" fuel="7.72" electricity="0.00" noise="81.65" route="routetop" type="cfm_slow" waiting="0.00" lane="left_0" pos="12.61" speed="46.61" angle="161.78" x="3.42" y="38.45"/>
    </timestep>
    <timestep time="5.81">
        <vehicle id="cfm_slow_0" eclass="HBEFA3/PC_G_EU4" CO2="17927.84" CO="563.80" HC="3.05" NOx="7.36" PMx="0.56" fuel="7.71" electricity="0.00" noise="81.64" route="routebottom" type="cfm_slow" waiting="0.00" lane="bottom_0" pos="3.08" speed="46.61" angle="88.97" x="69.99" y="-1.33"/>
        <vehicle id="cfm_slow_1" eclass="HBEFA3/PC_G_EU4" CO2="17927.84" CO="563.80" HC="3.05" NOx="7.36" PMx="0.56" fuel="7.71" electricity="0.00" noise="81.64" route="routebottom" type="cfm_slow" waiting="0.00" lane="bottom_0" pos="43.08" speed="46.61" angle="17.02" x="127.42" y="49.55"/>
        <vehicle id="cfm_slow_2" eclass="HBEFA3/PC_G_EU4" CO2="17927.84" CO="563.80" HC="3.05" NOx="7.36" PMx="0.56" fuel="7.71" electricity="0.00" noise="81.64" route="routebottom" type="cfm_slow" waiting="0.00" lane="right_0" pos="33.08" speed="46.61" angle="304.98" x="96.78" y="119.95"/>
        <vehicle id="cfm_slow_3" eclass="HBEFA3/PC_G_EU4" CO2="17927.84" CO="563.80" HC="3.05" NOx="7.36" PMx="0.56" fuel="7.71" electricity="0.00" noise="81.64" route="routetop" type="cfm_slow" waiting="0.00" lane="top_0" pos="23.08" speed="46.61" angle="232.95" x="20.35" y="112.55"/>
        <vehicle id="cfm_slow_4" eclass="HBEFA3/PC_G_EU4" CO2="17927.84" CO="563.80" HC="3.05" NOx="7.36" PMx="0.56" fuel="7.71" electricity="0.00" noise="81.64" route="routetop" type="cfm_slow" waiting="0.00" lane="left_0" pos="13.08" speed="46.61" angle="160.99" x="3.80" y="37.57"/>
    </timestep>
    <timestep time="5.82">
        <vehicle id="cfm_slow_0" eclass="HBEFA3/PC_G_EU4" CO2="17891.23" CO="563.12" HC="3.05" NOx="7.34" PMx="0.56" fuel="7.69" electricity="0.00" noise="81.63" route="routebottom" type="cfm_slow" waiting="0.00" lane="bottom_0" pos="3.54" speed="46.62" angle="88.12" x="70.94" y="-1.24"/>
        <vehicle id="cfm_slow_1" eclass="HBEFA3/PC_G_EU4" CO2="17891.23" CO="563.12" HC="3.05" NOx="7.34" PMx="0.56" fuel="7.69" electricity="0.00" noise="81.63" route="routebottom" type="cfm_slow" waiting="0.00" lane="bottom_0" pos="43.54" speed="46.62" angle="16.23" x="127.63" y="50.48"/>
        <vehicle id="cfm_slow_2" eclass="HBEFA3/PC_G_EU4" CO2="17891.23" CO="563.12" HC="3.05" NOx="7.34" PMx="0.56" fuel="7.69" electricity="0.00" noise="81.63" route="routebottom" type="cfm_slow" waiting="0.00" lane="right_0" pos="33.54" speed="46.62" angle="304.18" x="95.95" y="120.43"/>
        <vehicle id="cfm_slow_3" eclass="HBEFA3/PC_G_EU4" CO2="17891.23" CO="563.12" HC="3.05" NOx="7.34" PMx="0.56" fuel="7.69" electricity="0.00" noise="81.63" route="routetop" type="cfm_slow" waiting="0.00" lane="top_0" pos="23.54" speed="46.62" angle="232.10" x="19.65" y="111.90"/>
        <vehicle id="cfm_slow_4" eclass="HBEFA3/PC_G_EU4" CO2="17891.23" CO="563.12" HC="3.05" NOx="7.34" PMx="0.56" fuel="7.69" electricity="0.00" noise="81.63" route="routetop" type="cfm_slow" waiting="0.00" lane="left_0" pos="13.54" speed="46.62" angle="160.13" x="4.19" y="36.69"/>
    </timestep>
    <timestep time="5.83">
        <vehicle id="cfm_slow_0" eclass="HBEFA3/PC_G_EU4" CO2="17854.95" CO="562.44" HC="3.04" NOx="7.32" PMx="0.56" fuel="7.68" electricity="0.00" noise="81.63" route="routebottom" type="cfm_slow" waiting="0.00" lane="bottom_0" pos="4.01" speed="46.62" angle="87.32" x="71.89" y="-1.13"/>
        <vehicle id="cfm_slow_1" eclass="HBEFA3/PC_G_EU4" CO2="17854.95" CO="562.44" HC="3.04" NOx="7.32" PMx="0.56" fuel="7.68" electricity="0.00" noise="81.63" route="routebottom" type="cfm_slow" waiting="0.00" lane="bottom_0" pos="44.01" speed="46.62" angle="15.35" x="127.81" y="51.42"/>
        <vehicle id="cfm_slow_2" eclass="HBEFA3/PC_G_EU4" CO2="17854.95" CO="562.44" HC="3.04" NOx="7.32" PMx="0.56" fuel="7.68" electricity="0.00" noise="81.63" route="routebottom" type="cfm_slow" waiting="0.00" lane="right_0" pos="34.01" speed="46.62" angle="303.33" x="95.11" y="120.89"/>
        <vehicle id="cfm_slow_3" eclass="HBEFA3/PC_G_EU4" CO2="17854.95" CO="562.44" HC="3.04" NOx="7.32" PMx="0.56" fuel="7.68" electricity="0.00" noise="81.63" route="routetop" type="cfm_slow" waiting="0.00" lane="top_0" pos="24.01" speed="46.62" angle="231.25" x="18.95" y="111.25"/>
        <vehicle id="cfm_slow_4" eclass="HBEFA3/PC_G_EU4" CO2="17854.95" CO="562.44" HC="3.04" NOx="7.32" PMx="0.56" fuel="7.68" electricity="0.00" noise="81.63" route="routetop" type="cfm_slow" waiting="0.00" lane="left_0" pos="14.01" speed="46.62" angle="159.30" x="4.58" y="35.82"/>
    </timestep>
    <timestep time="5.84">
        <vehicle id="cfm_slow_0" eclass="HBEFA3/PC_G_EU4" CO2="17819.00" CO="561.78" HC="3.04" NOx="7.31" PMx="0.55" fuel="7.66" electricity="0.00" noise="81.62" route="routebottom" type="cfm_slow" waiting="0.00" lane="bottom_0" pos="4.48" speed="46.63" angle="86.47" x="72.84" y="-0.99"/>
        <vehicle id="cfm_slow_1" eclass="HBEFA3/PC_G_EU4" CO2="17819.00" CO="561.78" HC="3.04" NOx="7.31" PMx="0.55" fuel="7.66" electricity="0.00" noise="81.62" route="routebottom" type="cfm_slow" waiting="0.00" lane="bottom_0" pos="44.48" speed="46.63" angle="14.45" x="127.98" y="52.36"/>
        <vehicle id="cfm_slow_2" eclass="HBEFA3/PC_G_EU4" CO2="17819.00" CO="561.78" HC="3.04" NOx="7.31" PMx="0.55" fuel="7.66" electricity="0.00" noise="81.62" route="routebottom" type="cfm_slow" waiting="0.00" lane="right_0" pos="34.48" speed="46.63" angle="302.47" x="94.27" y="121.35"/>
        <vehicle id="cfm_slow_3" eclass="HBEFA3/PC_G_EU4" CO2="17819.00" CO="561.78" HC="3.04" NOx="7.31" PMx="0.55" fuel="7.66" electricity="0.00" noise="81.62" route="routetop" type="cfm_slow" waiting="0.00" lane="top_0" pos="24.48" speed="46.63" angle="230.45" x="18.25" y="110.59"/>
        <vehicle id="cfm_slow_4" eclass="HBEFA3/PC_G_EU4" CO2="17819.00" CO="561.78" HC="3.04" NOx="7.31" PMx="0.55" fuel="7.66" electricity="0.00" noise="81.62" route="routetop" type="cfm_slow" waiting="0.00" lane="left_0" pos="14.48" speed="46.63" angle="158.47" x="5.00" y="34.96"/>
    </timestep>
    <timestep time="5.85">
        <vehicle id="cfm_slow_0" eclass="HBEFA3/PC_G_EU4" CO2="17783.37" CO="561.12" HC="3.03" NOx="7.29" PMx="0.55" fuel="7.64" electricity="0.00" noise="81.62" route="routebottom" type="cfm_slow" waiting="0.00" lane="bottom_0" pos="4.94" speed="46.63" angle="85.62" x="73.78" y="-0.86"/>
        <vehicle id="cfm_slow_1" eclass="HBEFA3/PC_G_EU4" CO2="17783.37" CO="561.12" HC="3.03" NOx="7.29" PMx="0.55" fuel="7.64" electricity="0.00" noise="81.62" route="routebottom" type="cfm_slow" waiting="0.00" lane="bottom_0" pos="44.94" speed="46.63" angle="13.62" x="128.15" y="53.30"/>
        <vehicle id="cfm_slow_2" eclass="HBEFA3/PC_G_EU4" CO2="17783.37" CO="561.12" HC="3.03" NOx="7.29" PMx="0.55" fuel="7.64" electricity="0.00" noise="81.62" route="routebottom" type="cfm_slow" waiting="0.00" lane="right_0" pos="34.94" speed="46.63" angle="301.67" x="93.42" y="121.79"/>
        <vehicle id="cfm_slow_3" eclass="HBEFA3/PC_G_EU4" CO2="17783.37" CO="561.12" HC="3.03" NOx="7.29" PMx="0.55" fuel="7.64" electricity="0.00" noise="81.62" route="routetop" type="cfm_slow" waiting="0.00" lane="top_0" pos="24.94" speed="46.63" angle="229.62" x="17.57" y="109.92"/>
        <vehicle id="cfm_slow_4" eclass="HBEFA3/PC_G_EU4" CO2="17783.37" CO="561.12" HC="3.03" NOx="7.29" PMx="0.55" fuel="7.64" electricity="0.00" noise="81.62" route="routetop" type="cfm_slow" waiting="0.00" lane="left_0" pos="14.94" speed="46.63" angle="157.61" x="5.43" y="34.11"/>
    </timestep>
    <timestep time="5.86">
        <vehicle id="cfm_slow_0" eclass="HBEFA3/PC_G_EU4" CO2="17748.05" CO="560.46" HC="3.03" NOx="7.27" PMx="0.55" fuel="7.63" electricity="0.00" noise="81.61" route="routebottom" type="cfm_slow" waiting="0.00" lane="bottom_0" pos="5.41" speed="46.63" angle="84.77" x="74.73" y="-0.70"/>
        <vehicle id="cfm_slow_1" eclass="HBEFA3/PC_G_EU4" CO2="17748.05" CO="560.46" HC="3.03" NOx="7.27" PMx="0.55" fuel="7.63" electricity="0.00" noise="81.61" route="routebottom" type="cfm_slow" waiting="0.00" lane="bottom_0" pos="45.41" speed="46.63" angle="12.76" x="128.28" y="54.25"/>
        <vehicle id="cfm_slow_2" eclass="HBEFA3/PC_G_EU4" CO2="17748.05" CO="560.46" HC="3.03" NOx="7.27" PMx="0.55" fuel="7.63" electricity="0.00" noise="81.61" route="routebottom" type="cfm_slow" waiting="0.00" lane="right_0" pos="35.41" speed="46.63" angle="300.80" x="92.57" y="122.22"/>
        <vehicle id="cfm_slow_3" eclass="HBEFA3/PC_G_EU4" CO2="17748.05" CO="560.46" HC="3.03" NOx="7.27" PMx="0.55" fuel="7.63" electricity="0.00" noise="81.61" route="routetop" type="cfm_slow" waiting="0.00" lane="top_0" pos="25.41" speed="46.63" angle="228.78" x="16.89" y="109.24"/>
        <vehicle id="cfm_slow_4" eclass="HBEFA3/PC_G_EU4" CO2="17748.05" CO="560.46" HC="3.03" NOx="7.27" PMx="0.55" fuel="7.63" electricity="0.00" noise="81.61" route="routetop" type="cfm_slow" waiting="0.00" lane="left_0" pos="15.41" speed="46.63" angle="156.81" x="5.86" y="33.25"/>
    </timestep>
    <timestep time="5.87">
        <vehicle id="cfm_slow_0" eclass="HBEFA3/PC_G_EU4" CO2="17713.05" CO="559.81" HC="3.03" NOx="7.26" PMx="0.55" fuel="7.61" electricity="0.00" noise="81.60" route="routebottom" type="cfm_slow" waiting="0.00" lane="bottom_0" pos="5.87" speed="46.64" angle="83.89" x="75.67" y="-0.53"/>
        <vehicle id="cfm_slow_1" eclass="HBEFA3/PC_G_EU4" CO2="17713.05" CO="559.81" HC="3.03" NOx="7.26" PMx="0.55" fuel="7.61" electricity="0.00" noise="81.60" route="routebottom" type="cfm_slow" waiting="0.00" lane="bottom_0" pos="45.87" speed="46.64" angle="11.91" x="128.42" y="55.20"/>
        <vehicle id="cfm_slow_2" eclass="HBEFA3/PC_G_EU4" CO2="17713.05" CO="559.81" HC="3.03" NOx="7.26" PMx="0.55" fuel="7.61" electricity="0.00" noise="81.60" route="routebottom" type="cfm_slow" waiting="0.00" lane="right_0" pos="35.87" speed="46.64" angle="299.97" x="91.71" y="122.64"/>
        <vehicle id="cfm_slow_3" eclass="HBEFA3/PC_G_EU4" CO2="17713.05" CO="559.81" HC="3.03" NOx="7.26" PMx="0.55" fuel="7.61" electricity="0.00" noise="81.60" route="routetop" type="cfm_slow" waiting="0.00" lane="top_0" pos="25.87" speed="46.64" angle="227.98" x="16.23" y="108.55"/>
        <vehicle id="cfm_slow_4" eclass="HBEFA3/PC_G_EU4" CO2="17713.05" CO="559.81" HC="3.03" NOx="7.26" PMx="0.55" fuel="7.61" electricity="0.00" noise="81.60" route="routetop" type="cfm_slow" waiting="0.00" lane="left_0" pos="15.87" speed="46.64" angle="155.95" x="6.32" y="32.42"/>
    </timestep>
    <timestep time="5.88">
        <vehicle id="cfm_slow_0" eclass="HBEFA3/PC_G_EU4" CO2="17678.37" CO="559.17" HC="3.02" NOx="7.24" PMx="0.55" fuel="7.60" electricity="0.00" noise="81.60" route="routebottom" type="cfm_slow" waiting="0.00" lane="bottom_0" pos="6.34" speed="46.64" angle="83.05" x="76.61" y="-0.35"/>
        <vehicle id="cfm_slow_1" eclass="HBEFA3/PC_G_EU4" CO2="17678.37" CO="559.17" HC="3.02" NOx="7.24" PMx="0.55" fuel="7.60" electricity="0.00" noise="81.60" route="routebottom" type="cfm_slow" waiting="0.00" lane="bottom_0" pos="46.34" speed="46.64" angle="11.13" x="128.54" y="56.14"/>
        <vehicle id="cfm_slow_2" eclass="HBEFA3/PC_G_EU4" CO2="17678.37" CO="559.17" HC="3.02" NOx="7.24" PMx="0.55" fuel="7.60" electricity="0.00" noise="81.60" route="routebottom" type="cfm_slow" waiting="0.00" lane="right_0" pos="36.34" speed="46.64" angle="299.11" x="90.84" y="123.04"/>
        <vehicle id="cfm_slow_3" eclass="HBEFA3/PC_G_EU4" CO2="17678.37" CO="559.17" HC="3.02" NOx="7.24" PMx="0.55" fuel="7.60" electricity="0.00" noise="81.60" route="routetop" type="cfm_slow" waiting="0.00" lane="top_0" pos="26.34" speed="46.64" angle="227.12" x="15.58" y="107.85"/>
        <vehicle id="cfm_slow_4" eclass="HBEFA3/PC_G_EU4" CO2="17678.37" CO="559.17" HC="3.02" NOx="7.24" PMx="0.55" fuel="7.60" electricity="0.00" noise="81.60" route="routetop" type="cfm_slow" waiting="0.00" lane="left_0" pos="16.34" speed="46.64" angle="155.09" x="6.78" y="31.58"/>
    </timestep>
    <timestep time="5.89">
        <vehicle id="cfm_slow_0" eclass="HBEFA3/PC_G_EU4" CO2="17643.99" CO="558.53" HC="3.02" NOx="7.22" PMx="0.55" fuel="7.58" electricity="0.00" noise="81.59" route="routebottom" type="cfm_slow" waiting="0.00" lane="bottom_0" pos="6.81" speed="46.64" angle="82.22" x="77.54" y="-0.15"/>
        <vehicle id="cfm_slow_1" eclass="HBEFA3/PC_G_EU4" CO2="17643.99" CO="558.53" HC="3.02" NOx="7.22" PMx="0.55" fuel="7.58" electricity="0.00" noise="81.59" route="routebottom" type="cfm_slow" waiting="0.00" lane="bottom_0" pos="46.81" speed="46.64" angle="10.30" x="128.63" y="57.10"/>
        <vehicle id="cfm_slow_2" eclass="HBEFA3/PC_G_EU4" CO2="17643.99" CO="558.53" HC="3.02" NOx="7.22" PMx="0.55" fuel="7.58" electricity="0.00" noise="81.59" route="routebottom" type="cfm_slow" waiting="0.00" lane="right_0" pos="36.81" speed="46.64" angle="298.22" x="89.97" y="123.43"/>
        <vehicle id="cfm_slow_3" eclass="HBEFA3/PC_G_EU4" CO2="17643.99" CO="558.53" HC="3.02" NOx="7.22" PMx="0.55" fuel="7.58" electricity="0.00" noise="81.59" route="routetop" type="cfm_slow" waiting="0.00" lane="top_0" pos="26.81" speed="46.64" angle="226.26" x="14.93" y="107.15"/>
        <vehicle id="cfm_slow_4" eclass="HBEFA3/PC_G_EU4" CO2="17643.99" CO="558.53" HC="3.02" NOx="7.22" PMx="0.55" fuel="7.58" electricity="0.00" noise="81.59" route="routetop" type="cfm_slow" waiting="0.00" lane="left_0" pos="16.81" speed="46.64" angle="154.28" x="7.26" y="30.75"/>
    </timestep>
    <timestep time="5.90">
        <vehicle id="cfm_slow_0" eclass="HBEFA3/PC_G_EU4" CO2="17609.92" CO="557.90" HC="3.01" NOx="7.21" PMx="0.55" fuel="7.57" electricity="0.00" noise="81.59" route="routebottom" type="cfm_slow" waiting="0.00" lane="bottom_0" pos="7.27" speed="46.65" angle="81.36" x="78.47" y="0.06"/>
        <vehicle id="cfm_slow_1" eclass="HBEFA3/PC_G_EU4" CO2="17609.92" CO="557.90" HC="3.01" NOx="7.21" PMx="0.55" fuel="7.57" electricity="0.00" noise="81.59" route="routebottom" type="cfm_slow" waiting="0.00" lane="bottom_0" pos="47.27" speed="46.65" angle="9.47" x="128.73" y="58.05"/>
        <vehicle id="cfm_slow_2" eclass="HBEFA3/PC_G_EU4" CO2="17609.92" CO="557.90" HC="3.01" NOx="7.21" PMx="0.55" fuel="7.57" electricity="0.00" noise="81.59" route="routebottom" type="cfm_slow" waiting="0.00" lane="right_0" pos="37.27" speed="46.65" angle="297.41" x="89.09" y="123.82"/>
        <vehicle id="cfm_slow_3" eclass="HBEFA3/PC_G_EU4" CO2="17609.92" CO="557.90" HC="3.01" NOx="7.21" PMx="0.55" fuel="7.57" electricity="0.00" noise="81.59" route="routetop" type="cfm_slow" waiting="0.00" lane="top_0" pos="27.27" speed="46.65" angle="225.43" x="14.31" y="106.42"/>
        <vehicle id="cfm_slow_4" eclass="HBEFA3/PC_G_EU4" CO2="17609.92" CO="557.90" HC="3.01" NOx="7.21" PMx="0.55" fuel="7.57" electricity="0.00" noise="81.59" route="routetop" type="cfm_slow" waiting="0.00" lane="left_0" pos="17.27" speed="46.65" angle="153.41" x="7.75" y="29.93"/>
    </timestep>
    <timestep time="5.91">
        <vehicle id="cfm_slow_0" eclass="HBEFA3/PC_G_EU4" CO2="17576.16" CO="557.27" HC="3.01" NOx="7.19" PMx="0.55" fuel="7.56" electricity="0.00" noise="81.58" route="routebottom" type="cfm_slow" waiting="0.00" lane="bottom_0" pos="7.74" speed="46.65" angle="80.56" x="79.41" y="0.28"/>
        <vehicle id="cfm_slow_1" eclass="HBEFA3/PC_G_EU4" CO2="17576.16" CO="557.27" HC="3.01" NOx="7.19" PMx="0.55" fuel="7.56" electricity="0.00" noise="81.58" route="routebottom" type="cfm_slow" waiting="0.00" lane="bottom_0" pos="47.74" speed="46.65" angle="8.65" x="128.80" y="59.00"/>
        <vehicle id="cfm_slow_2" eclass="HBEFA3/PC_G_EU4" CO2="17576.16" CO="557.27" HC="3.01" NOx="7.19" PMx="0.55" fuel="7.56" electricity="0.00" noise="81.58" route="routebottom" type="cfm_slow" waiting="0.00" lane="right_0" pos="37.74" speed="46.65" angle="296.55" x="88.21" y="124.17"/>
        <vehicle id="cfm_slow_3" eclass="HBEFA3/PC_G_EU4" CO2="17576.16" CO="557.27" HC="3.01" NOx="7.19" PMx="0.55" fuel="7.56" electricity="0.00" noise="81.58" route="routetop" type="cfm_slow" waiting="0.00" lane="top_0" pos="27.74" speed="46.65" angle="224.54" x="13.69" y="105.69"/>
        <vehicle id="cfm_slow_4" eclass="HBEFA3/PC_G_EU4" CO2="17576.16" CO="557.27" HC="3.01" NOx="7.19" PMx="0.55" fuel="7.56" electricity="0.00" noise="81.58" route="routetop" type="cfm_slow" waiting="0.00" lane="left_0" pos="17.74" speed="46.65" angle="152.53" x="8.24" y="29.11"/>
    </timestep>
    <timestep time="5.92">
        <vehicle id="cfm_slow_0" eclass="HBEFA3/PC_G_EU4" CO2="17542.70" CO="556.65" HC="3.01" NOx="7.17" PMx="0.55" fuel="7.54" electricity="0.00" noise="81.58" route="routebottom" type="cfm_slow" waiting="0.00" lane="bottom_0" pos="8.21" speed="46.65" angle="79.69" x="80.33" y="0.53"/>
        <vehicle id="cfm_slow_1" eclass="HBEFA3/PC_G_EU4" CO2="17542.70" CO="556.65" HC="3.01" NOx="7.17" PMx="0.55" fuel="7.54" electricity="0.00" noise="81.58" route="routebottom" type="cfm_slow" waiting="0.00" lane="bottom_0" pos="48.21" speed="46.65" angle="7.74" x="128.86" y="59.96"/>
        <vehicle id="cfm_slow_2" eclass="HBEFA3/PC_G_EU4" CO2="17542.70" CO="556.65" HC="3.01" NOx="7.17" PMx="0.55" fuel="7.54" electricity="0.00" noise="81.58" route="routebottom" type="cfm_slow" waiting="0.00" lane="right_0" pos="38.21" speed="46.65" angle="295.68" x="87.32" y="124.52"/>
        <vehicle id="cfm_slow_3" eclass="HBEFA3/PC_G_EU4" CO2="17542.70" CO="556.65" HC="3.01" NOx="7.17" PMx="0.55" fuel="7.54" electricity="0.00" noise="81.58" route="routetop" type="cfm_slow" waiting="0.00" lane="top_0" pos="28.21" speed="46.65" angle="223.72" x="13.07" y="104.96"/>
        <vehicle id="cfm_slow_4" eclass="HBEFA3/PC_G_EU4" CO2="17542.70" CO="556.65" HC="3.01" NOx="7.17" PMx="0.55" fuel="7.54" electricity="0.00" noise="81.58" route="routetop" type="cfm_slow" waiting="0.00" lane="left_0" pos="18.21" speed="46.65" angle="151.72" x="8.76" y="28.31"/>
    </timestep>
    <timestep time="5.93">
        <vehicle id="cfm_slow_0" eclass="HBEFA3/PC_G_EU4" CO2="17509.54" CO="556.04" HC="3.00" NOx="7.16" PMx="0.55" fuel="7.53" electricity="0.00" noise="81.57" route="routebottom" type="cfm_slow" waiting="0.00" lane="bottom_0" pos="8.67" speed="46.65" angle="78.81" x="81.25" y="0.77"/>
        <vehicle id="cfm_slow_1" eclass="HBEFA3/PC_G_EU4" CO2="17509.54" CO="556.04" HC="3.00" NOx="7.16" PMx="0.55" fuel="7.53" electricity="0.00" noise="81.57" route="routebottom" type="cfm_slow" waiting="0.00" lane="bottom_0" pos="48.67" speed="46.65" angle="6.88" x="128.91" y="60.91"/>
        <vehicle id="cfm_slow_2" eclass="HBEFA3/PC_G_EU4" CO2="17509.54" CO="556.04" HC="3.00" NOx="7.16" PMx="0.55" fuel="7.53" electricity="0.00" noise="81.57" route="routebottom" type="cfm_slow" waiting="0.00" lane="right_0" pos="38.67" speed="46.65" angle="294.89" x="86.42" y="124.86"/>
        <vehicle id="cfm_slow_3" eclass="HBEFA3/PC_G_EU4" CO2="17509.54" CO="556.04" HC="3.00" NOx="7.16" PMx="0.55" fuel="7.53" electricity="0.00" noise="81.57" route="routetop" type="cfm_slow" waiting="0.00" lane="top_0" pos="28.67" speed="46.65" angle="222.87" x="12.48" y="104.21"/>
        <vehicle id="cfm_slow_4" eclass="HBEFA3/PC_G_EU4" CO2="17509.54" CO="556.04" HC="3.00" NOx="7.16" PMx="0.55" fuel="7.53" electricity="0.00" noise="81.57" route="routetop" type="cfm_slow" waiting="0.00" lane="left_0" pos="18.67" speed="46.65" angle="150.83" x="9.29" y="27.51"/>
    </timestep>
    <timestep time="5.94">
        <vehicle id="cfm_slow_0" eclass="HBEFA3/PC_G_EU4" CO2="17476.67" CO="555.43" HC="3.00" NOx="7.14" PMx="0.55" fuel="7.51" electricity="0.00" noise="81.56" route="routebottom" type="cfm_slow" waiting="0.00" lane="bottom_0" pos="9.14" speed="46.66" angle="78.01" x="82.17" y="1.04"/>
        <vehicle id="cfm_slow_1" eclass="HBEFA3/PC_G_EU4" CO2="17476.67" CO="555.43" HC="3.00" NOx="7.14" PMx="0.55" fuel="7.51" electricity="0.00" noise="81.56" route="routebottom" type="cfm_slow" waiting="0.00" lane="bottom_0" pos="49.14" speed="46.66" angle="6.05" x="128.94" y="61.87"/>
        <vehicle id="cfm_slow_2" eclass="HBEFA3/PC_G_EU4" CO2="17476.67" CO="555.43" HC="3.00" NOx="7.14" PMx="0.55" fuel="7.51" electricity="0.00" noise="81.56" route="routebottom" type="cfm_slow" waiting="0.00" lane="right_0" pos="39.14" speed="46.66" angle="294.06" x="85.52" y="125.19"/>
        <vehicle id="cfm_slow_3" eclass="HBEFA3/PC_G_EU4" CO2="17476.67" CO="555.43" HC="3.00" NOx="7.14" PMx="0.55" fuel="7.51" electricity="0.00" noise="81.56" route="routetop" type="cfm_slow" waiting="0.00" lane="top_0" pos="29.14" speed="46.66" angle="222.02" x="11.89" y="103.46"/>
        <vehicle id="cfm_slow_4" eclass="HBEFA3/PC_G_EU4" CO2="17476.67" CO="555.43" HC="3.00" NOx="7.14" PMx="0.55" fuel="7.51" electricity="0.00" noise="81.56" route="routetop" type="cfm_slow" waiting="0.00" lane="left_0" pos="19.14" speed="46.66" angle="149.96" x="9.82" y="26.71"/>
    </timestep>
    <timestep time="5.95">
        <vehicle id="cfm_slow_0" eclass="HBEFA3/PC_G_EU4" CO2="17444.10" CO="554.82" HC="3.00" NOx="7.13" PMx="0.54" fuel="7.50" electricity="0.00" noise="81.56" route="routebottom" type="cfm_slow" waiting="0.00" lane="bottom_0" pos="9.61" speed="46.66" angle="77.16" x="83.09" y="1.32"/>
        <vehicle id="cfm_slow_1" eclass="HBEFA3/PC_G_EU4" CO2="17444.10" CO="554.82" HC="3.00" NOx="7.13" PMx="0.54" fuel="7.50" electricity="0.00" noise="81.56" route="routebottom" type="cfm_slow" waiting="0.00" lane="bottom_0" pos="49.61" speed="46.66" angle="5.19" x="128.95" y="62.82"/>
        <vehicle id="cfm_slow_2" eclass="HBEFA3/PC_G_EU4" CO2="17444.10" CO="554.82" HC="3.00" NOx="7.13" PMx="0.54" fuel="7.50" electricity="0.00" noise="81.56" route="routebottom" type="cfm_slow" waiting="0.00" lane="right_0" pos="39.61" speed="46.66" angle="293.23" x="84.63" y="125.52"/>
        <vehicle id="cfm_slow_3" eclass="HBEFA3/PC_G_EU4" CO2="17444.10" CO="554.82" HC="3.00" NOx="7.13" PMx="0.54" fuel="7.50" electricity="0.00" noise="81.56" route="routetop" type="cfm_slow" waiting="0.00" lane="top_0" pos="29.61" speed="46.66" angle="221.21" x="11.31" y="102.70"/>
        <vehicle id="cfm_slow_4" eclass="HBEFA3/PC_G_EU4" CO2="17444.10" CO="554.82" HC="3.00" NOx="7.13" PMx="0.54" fuel="7.50" electricity="0.00" noise="81.56" route="routetop" type="cfm_slow" waiting="0.00" lane="left_0" pos="19.61" speed="46.66" angle="149.14" x="10.37" y="25.93"/>
    </timestep>
    <timestep time="5.96">
        <vehicle id="cfm_slow_0" eclass="HBEFA3/PC_G_EU4" CO2="17411.82" CO="554.22" HC="2.99" NOx="7.11" PMx="0.54" fuel="7.48" electricity="0.00" noise="81.55" route="routebottom" type="cfm_slow" waiting="0.00" lane="bottom_0" pos="10.07" speed="46.66" angle="76.31" x="84.00" y="1.60"/>
        <vehicle id="cfm_slow_1" eclass="HBEFA3/PC_G_EU4" CO2="17411.82" CO="554.22" HC="2.99" NOx="7.11" PMx="0.54" fuel="7.48" electricity="0.00" noise="81.55" route="routebottom" type="cfm_slow" waiting="0.00" lane="right_0" pos="0.07" speed="46.66" angle="4.36" x="128.97" y="63.84"/>
        <vehicle id="cfm_slow_2" eclass="HBEFA3/PC_G_EU4" CO2="17411.82" CO="554.22" HC="2.99" NOx="7.11" PMx="0.54" fuel="7.48" electricity="0.00" noise="81.55" route="routebottom" type="cfm_slow" waiting="0.00" lane="right_0" pos="40.07" speed="46.66" angle="292.43" x="83.72" y="125.82"/>
        <vehicle id="cfm_slow_3" eclass="HBEFA3/PC_G_EU4" CO2="17411.82" CO="554.22" HC="2.99" NOx="7.11" PMx="0.54" fuel="7.48" electricity="0.00" noise="81.55" route="routetop" type="cfm_slow" waiting="0.00" lane="top_0" pos="30.07" speed="46.66" angle="220.33" x="10.75" y="101.92"/>
        <vehicle id="cfm_slow_4" eclass="HBEFA3/PC_G_EU4" CO2="17411.82" CO="554.22" HC="2.99" NOx="7.11" PMx="0.54" fuel="7.48" electricity="0.00" noise="81.55" route="routetop" type="cfm_slow" waiting="0.00" lane="left_0" pos="20.07" speed="46.66" angle="148.29" x="10.93" y="25.16"/>
    </timestep>
    <timestep time="5.97">
        <vehicle id="cfm_slow_0" eclass="HBEFA3/PC_G_EU4" CO2="17379.83" CO="553.63" HC="2.99" NOx="7.10" PMx="0.54" fuel="7.47" electricity="0.00" noise="81.55" route="routebottom" type="cfm_slow" waiting="0.00" lane="bottom_0" pos="10.54" speed="46.67" angle="75.51" x="84.91" y="1.91"/>
        <vehicle id="cfm_slow_1" eclass="HBEFA3/PC_G_EU4" CO2="17379.83" CO="553.63" HC="2.99" NOx="7.10" PMx="0.54" fuel="7.47" electricity="0.00" noise="81.55" route="routebottom" type="cfm_slow" waiting="0.00" lane="right_0" pos="0.54" speed="46.67" angle="3.51" x="128.95" y="64.80"/>
        <vehicle id="cfm_slow_2" eclass="HBEFA3/PC_G_EU4" CO2="17379.83" CO="553.63" HC="2.99" NOx="7.10" PMx="0.54" fuel="7.47" electricity="0.00" noise="81.55" route="routebottom" type="cfm_slow" waiting="0.00" lane="right_0" pos="40.54" speed="46.67" angle="291.56" x="82.80" y="126.10"/>
        <vehicle id="cfm_slow_3" eclass="HBEFA3/PC_G_EU4" CO2="17379.83" CO="553.63" HC="2.99" NOx="7.10" PMx="0.54" fuel="7.47" electricity="0.00" noise="81.55" route="routetop" type="cfm_slow" waiting="0.00" lane="top_0" pos="30.54" speed="46.67" angle="219.45" x="10.20" y="101.14"/>
        <vehicle id="cfm_slow_4" eclass="HBEFA3/PC_G_EU4" CO2="17379.83" CO="553.63" HC="2.99" NOx="7.10" PMx="0.54" fuel="7.47" electricity="0.00" noise="81.55" route="routetop" type="cfm_slow" waiting="0.00" lane="left_0" pos="20.54" speed="46.67" angle="147.50" x="11.49" y="24.38"/>
    </timestep>
    <timestep time="5.98">
        <vehicle id="cfm_slow_0" eclass="HBEFA3/PC_G_EU4" CO2="17348.13" CO="553.04" HC="2.99" NOx="7.08" PMx="0.54" fuel="7.46" electricity="0.00" noise="81.54" route="routebottom" type="cfm_slow" waiting="0.00" lane="bottom_0" pos="11.01" speed="46.67" angle="74.65" x="85.81" y="2.24"/>
        <vehicle id="cfm_slow_1" eclass="HBEFA3/PC_G_EU4" CO2="17348.13" CO="553.04" HC="2.99" NOx="7.08" PMx="0.54" fuel="7.46" electricity="0.00" noise="81.54" route="routebottom" type="cfm_slow" waiting="0.00" lane="right_0" pos="1.01" speed="46.67" angle="2.65" x="128.93" y="65.75"/>
        <vehicle id="cfm_slow_2" eclass="HBEFA3/PC_G_EU4" CO2="17348.13" CO="553.04" HC="2.99" NOx="7.08" PMx="0.54" fuel="7.46" electricity="0.00" noise="81.54" route="routebottom" type="cfm_slow" waiting="0.00" lane="right_0" pos="41.01" speed="46.67" angle="290.73" x="81.89" y="126.38"/>
        <vehicle id="cfm_slow_3" eclass="HBEFA3/PC_G_EU4" CO2="17348.13" CO="553.04" HC="2.99" NOx="7.08" PMx="0.54" fuel="7.46" electricity="0.00" noise="81.54" route="routetop" type="cfm_slow" waiting="0.00" lane="top_0" pos="31.01" speed="46.67" angle="218.65" x="9.65" y="100.36"/>
        <vehicle id="cfm_slow_4" eclass="HBEFA3/PC_G_EU4" CO2="17348.13" CO="553.04" HC="2.99" NOx="7.08" PMx="0.54" fuel="7.46" electricity="0.00" noise="81.54" route="routetop" type="cfm_slow" waiting="0.00" lane="left_0" pos="21.01" speed="46.67" angle="146.66" x="12.08" y="23.63"/>
    </timestep>
    <timestep time="5.99">
        <vehicle id="cfm_slow_0" eclass="HBEFA3/PC_G_EU4" CO2="17316.71" CO="552.46" HC="2.98" NOx="7.07" PMx="0.54" fuel="7.44" electricity="0.00" noise="81.54" route="routebottom" type="cfm_slow" waiting="0.00" lane="bottom_0" pos="11.47" speed="46.67" angle="73.81" x="86.71" y="2.56"/>
        <vehicle id="cfm_slow_1" eclass="HBEFA3/PC_G_EU4" CO2="17316.71" CO="552.46" HC="2.98" NOx="7.07" PMx="0.54" fuel="7.44" electricity="0.00" noise="81.54" route="routebottom" type="cfm_slow" waiting="0.00" lane="right_0" pos="1.47" speed="46.67" angle="1.84" x="128.90" y="66.71"/>
        <vehicle id="cfm_slow_2" eclass="HBEFA3/PC_G_EU4" CO2="17316.71" CO="552.46" HC="2.98" NOx="7.07" PMx="0.54" fuel="7.44" electricity="0.00" noise="81.54" route="routebottom" type="cfm_slow" waiting="0.00" lane="right_0" pos="41.47" speed="46.67" angle="289.87" x="80.96" y="126.63"/>
        <vehicle id="cfm_slow_3" eclass="HBEFA3/PC_G_EU4" CO2="17316.71" CO="552.46" HC="2.98" NOx="7.07" PMx="0.54" fuel="7.44" electricity="0.00" noise="81.54" route="routetop" type="cfm_slow" waiting="0.00" lane="top_0" pos="31.47" speed="46.67" angle="217.81" x="9.12" y="99.56"/>
        <vehicle id="cfm_slow_4" eclass="HBEFA3/PC_G_EU4" CO2="17316.71" CO="552.46" HC="2.98" NOx="7.07" PMx="0.54" fuel="7.44" electricity="0.00" noise="81.54" route="routetop" type="cfm_slow" waiting="0.00" lane="left_0" pos="21.47" speed="46.67" angle="145.81" x="12.67" y="22.87"/>
    </timestep>
    <timestep time="6.00">
        <vehicle id="cfm_slow_0" eclass="HBEFA3/PC_G_EU4" CO2="17285.57" CO="551.88" HC="2.98" NOx="7.05" PMx="0.54" fuel="7.43" electricity="0.00" noise="81.53" route="routebottom" type="cfm_slow" waiting="0.00" lane="bottom_0" pos="11.94" speed="46.68" angle="72.99" x="87.60" y="2.91"/>
        <vehicle id="cfm_slow_1" eclass="HBEFA3/PC_G_EU4" CO2="17285.57" CO="551.88" HC="2.98" NOx="7.05" PMx="0.54" fuel="7.43" electricity="0.00" noise="81.53" route="routebottom" type="cfm_slow" waiting="0.00" lane="right_0" pos="1.94" speed="46.68" angle="0.99" x="128.84" y="67.67"/>
        <vehicle id="cfm_slow_2" eclass="HBEFA3/PC_G_EU4" CO2="17285.57" CO="551.88" HC="2.98" NOx="7.05" PMx="0.54" fuel="7.43" electricity="0.00" noise="81.53" route="routebottom" type="cfm_slow" waiting="0.00" lane="right_0" pos="41.94" speed="46.68" angle="288.99" x="80.04" y="126.87"/>
        <vehicle id="cfm_slow_3" eclass="HBEFA3/PC_G_EU4" CO2="17285.57" CO="551.88" HC="2.98" NOx="7.05" PMx="0.54" fuel="7.43" electricity="0.00" noise="81.53" route="routetop" type="cfm_slow" waiting="0.00" lane="top_0" pos="31.94" speed="46.68" angle="216.98" x="8.59" y="98.76"/>
        <vehicle id="cfm_slow_4" eclass="HBEFA3/PC_G_EU4" CO2="17285.57" CO="551.88" HC="2.98" NOx="7.05" PMx="0.54" fuel="7.43" electricity="0.00" noise="81.53" route="routetop" type="cfm_slow" waiting="0.00" lane="left_0" pos="21.94" speed="46.68" angle="145.01" x="13.27" y="22.13"/>
    </timestep>
    <timestep time="6.01">
        <vehicle id="cfm_slow_0" eclass="HBEFA3/PC_G_EU4" CO2="17254.72" CO="551.31" HC="2.98" NOx="7.04" PMx="0.54" fuel="7.42" electricity="0.00" noise="81.53" route="routebottom" type="cfm_slow" waiting="0.00" lane="bottom_0" pos="12.41" speed="46.68" angle="72.15" x="88.49" y="3.26"/>
        <vehicle id="cfm_slow_1" eclass="HBEFA3/PC_G_EU4" CO2="17254.72" CO="551.31" HC="2.98" NOx="7.04" PMx="0.54" fuel="7.42" electricity="0.00" noise="81.53" route="routebottom" type="cfm_slow" waiting="0.00" lane="right_0" pos="2.41" speed="46.68" angle="0.14" x="128.79" y="68.62"/>
        <vehicle id="cfm_slow_2" eclass="HBEFA3/PC_G_EU4" CO2="17254.72" CO="551.31" HC="2.98" NOx="7.04" PMx="0.54" fuel="7.42" electricity="0.00" noise="81.53" route="routebottom" type="cfm_slow" waiting="0.00" lane="right_0" pos="42.41" speed="46.68" angle="288.19" x="79.11" y="127.11"/>
        <vehicle id="cfm_slow_3" eclass="HBEFA3/PC_G_EU4" CO2="17254.72" CO="551.31" HC="2.98" NOx="7.04" PMx="0.54" fuel="7.42" electricity="0.00" noise="81.53" route="routetop" type="cfm_slow" waiting="0.00" lane="top_0" pos="32.41" speed="46.68" angle="216.19" x="8.09" y="97.95"/>
        <vehicle id="cfm_slow_4" eclass="HBEFA3/PC_G_EU4" CO2="17254.72" CO="551.31" HC="2.98" NOx="7.04" PMx="0.54" fuel="7.42" electricity="0.00" noise="81.53" route="routetop" type="cfm_slow" waiting="0.00" lane="left_0" pos="22.41" speed="46.68" angle="144.14" x="13.89" y="21.40"/>
    </timestep>
    <timestep time="6.02">
        <vehicle id="cfm_slow_0" eclass="HBEFA3/PC_G_EU4" CO2="17224.13" CO="550.74" HC="2.97" NOx="7.02" PMx="0.54" fuel="7.40" electricity="0.00" noise="81.52" route="routebottom" type="cfm_slow" waiting="0.00" lane="bottom_0" pos="12.87" speed="46.68" angle="71.37" x="89.37" y="3.62"/>
        <vehicle id="cfm_slow_1" eclass="HBEFA3/PC_G_EU4" CO2="17224.13" CO="550.74" HC="2.97" NOx="7.02" PMx="0.54" fuel="7.40" electricity="0.00" noise="81.52" route="routebottom" type="cfm_slow" waiting="0.00" lane="right_0" pos="2.87" speed="46.68" angle="359.35" x="128.70" y="69.57"/>
        <vehicle id="cfm_slow_2" eclass="HBEFA3/PC_G_EU4" CO2="17224.13" CO="550.74" HC="2.97" NOx="7.02" PMx="0.54" fuel="7.40" electricity="0.00" noise="81.52" route="routebottom" type="cfm_slow" waiting="0.00" lane="right_0" pos="42.87" speed="46.68" angle="287.37" x="78.18" y="127.33"/>
        <vehicle id="cfm_slow_3" eclass="HBEFA3/PC_G_EU4" CO2="17224.13" CO="550.74" HC="2.97" NOx="7.02" PMx="0.54" fuel="7.40" electricity="0.00" noise="81.52" route="routetop" type="cfm_slow" waiting="0.00" lane="top_0" pos="32.87" speed="46.68" angle="215.34" x="7.59" y="97.13"/>
        <vehicle id="cfm_slow_4" eclass="HBEFA3/PC_G_EU4" CO2="17224.13" CO="550.74" HC="2.97" NOx="7.02" PMx="0.54" fuel="7.40" electricity="0.00" noise="81.52" route="routetop" type="cfm_slow" waiting="0.00" lane="left_0" pos="22.87" speed="46.68" angle="143.27" x="14.51" y="20.67"/>
    </timestep>
    <timestep time="6.03">
        <vehicle id="cfm_slow_0" eclass="HBEFA3/PC_G_EU4" CO2="17193.83" CO="550.18" HC="2.97" NOx="7.01" PMx="0.54" fuel="7.39" electricity="0.00" noise="81.52" route="routebottom" type="cfm_slow" waiting="0.00" lane="bottom_0" pos="13.34" speed="46.68" angle="70.51" x="90.25" y="4.01"/>
        <vehicle id="cfm_slow_1" eclass="HBEFA3/PC_G_EU4" CO2="17193.83" CO="550.18" HC="2.97" NOx="7.01" PMx="0.54" fuel="7.39" electricity="0.00" noise="81.52" route="routebottom" type="cfm_slow" waiting="0.00" lane="right_0" pos="3.34" speed="46.68" angle="358.50" x="128.60" y="70.53"/>
        <vehicle id="cfm_slow_2" eclass="HBEFA3/PC_G_EU4" CO2="17193.83" CO="550.18" HC="2.97" NOx="7.01" PMx="0.54" fuel="7.39" electricity="0.00" noise="81.52" route="routebottom" type="cfm_slow" waiting="0.00" lane="right_0" pos="43.34" speed="46.68" angle="286.54" x="77.24" y="127.54"/>
        <vehicle id="cfm_slow_3" eclass="HBEFA3/PC_G_EU4" CO2="17193.83" CO="550.18" HC="2.97" NOx="7.01" PMx="0.54" fuel="7.39" electricity="0.00" noise="81.52" route="routetop" type="cfm_slow" waiting="0.00" lane="top_0" pos="33.34" speed="46.68" angle="214.55" x="7.10" y="96.31"/>
        <vehicle id="cfm_slow_4" eclass="HBEFA3/PC_G_EU4" CO2="17193.83" CO="550.18" HC="2.97" NOx="7.01" PMx="0.54" fuel="7.39" electricity="0.00" noise="81.52" route="routetop" type="cfm_slow" waiting="0.00" lane="left_0" pos="23.34" speed="46.68" angle="142.48" x="15.15" y="19.95"/>
    </timestep>
    <timestep time="6.04">
        <vehicle id="cfm_slow_0" eclass="HBEFA3/PC_G_EU4" CO2="17163.79" CO="549.62" HC="2.97" NOx="7.00" PMx="0.54" fuel="7.38" electricity="0.00" noise="81.51" route="routebottom" type="cfm_slow" waiting="0.00" lane="bottom_0" pos="13.81" speed="46.69" angle="69.65" x="91.12" y="4.41"/>
        <vehicle id="cfm_slow_1" eclass="HBEFA3/PC_G_EU4" CO2="17163.79" CO="549.62" HC="2.97" NOx="7.00" PMx="0.54" fuel="7.38" electricity="0.00" noise="81.51" route="routebottom" type="cfm_slow" waiting="0.00" lane="right_0" pos="3.81" speed="46.69" angle="357.68" x="128.51" y="71.48"/>
        <vehicle id="cfm_slow_2" eclass="HBEFA3/PC_G_EU4" CO2="17163.79" CO="549.62" HC="2.97" NOx="7.00" PMx="0.54" fuel="7.38" electricity="0.00" noise="81.51" route="routebottom" type="cfm_slow" waiting="0.00" lane="right_0" pos="43.81" speed="46.69" angle="285.73" x="76.31" y="127.74"/>
        <vehicle id="cfm_slow_3" eclass="HBEFA3/PC_G_EU4" CO2="17163.79" CO="549.62" HC="2.97" NOx="7.00" PMx="0.54" fuel="7.38" electricity="0.00" noise="81.51" route="routetop" type="cfm_slow" waiting="0.00" lane="top_0" pos="33.81" speed="46.69" angle="213.70" x="6.63" y="95.47"/>
        <vehicle id="cfm_slow_4" eclass="HBEFA3/PC_G_EU4" CO2="17163.79" CO="549.62" HC="2.97" NOx="7.00" PMx="0.54" fuel="7.38" electricity="0.00" noise="81.51" route="routetop" type="cfm_slow" waiting="0.00" lane="left_0" pos="23.81" speed="46.69" angle="141.64" x="15.79" y="19.25"/>
    </timestep>
    <timestep time="6.05">
        <vehicle id="cfm_slow_0" eclass="HBEFA3/PC_G_EU4" CO2="17134.02" CO="549.07" HC="2.96" NOx="6.98" PMx="0.54" fuel="7.37" electricity="0.00" noise="81.51" route="routebottom" type="cfm_slow" waiting="0.00" lane="bottom_0" pos="14.27" speed="46.69" angle="68.84" x="91.99" y="4.81"/>
        <vehicle id="cfm_slow_1" eclass="HBEFA3/PC_G_EU4" CO2="17134.02" CO="549.07" HC="2.96" NOx="6.98" PMx="0.54" fuel="7.37" electricity="0.00" noise="81.51" route="routebottom" type="cfm_slow" waiting="0.00" lane="right_0" pos="4.27" speed="46.69" angle="356.84" x="128.37" y="72.43"/>
        <vehicle id="cfm_slow_2" eclass="HBEFA3/PC_G_EU4" CO2="17134.02" CO="549.07" HC="2.96" NOx="6.98" PMx="0.54" fuel="7.37" electricity="0.00" noise="81.51" route="routebottom" type="cfm_slow" waiting="0.00" lane="right_0" pos="44.27" speed="46.69" angle="284.83" x="75.37" y="127.91"/>
        <vehicle id="cfm_slow_3" eclass="HBEFA3/PC_G_EU4" CO2="17134.02" CO="549.07" HC="2.96" NOx="6.98" PMx="0.54" fuel="7.37" electricity="0.00" noise="81.51" route="routetop" type="cfm_slow" waiting="0.00" lane="top_0" pos="34.27" speed="46.69" angle="212.84" x="6.17" y="94.64"/>
        <vehicle id="cfm_slow_4" eclass="HBEFA3/PC_G_EU4" CO2="17134.02" CO="549.07" HC="2.96" NOx="6.98" PMx="0.54" fuel="7.37" electricity="0.00" noise="81.51" route="routetop" type="cfm_slow" waiting="0.00" lane="left_0" pos="24.27" speed="46.69" angle="140.82" x="16.44" y="18.55"/>
    </timestep>
    <timestep time="6.06">
        <vehicle id="cfm_slow_0" eclass="HBEFA3/PC_G_EU4" CO2="17104.52" CO="548.52" HC="2.96" NOx="6.97" PMx="0.54" fuel="7.35" electricity="0.00" noise="81.51" route="routebottom" type="cfm_slow" waiting="0.00" lane="bottom_0" pos="14.74" speed="46.69" angle="67.97" x="92.84" y="5.24"/>
        <vehicle id="cfm_slow_1" eclass="HBEFA3/PC_G_EU4" CO2="17104.52" CO="548.52" HC="2.96" NOx="6.97" PMx="0.54" fuel="7.35" electricity="0.00" noise="81.51" route="routebottom" type="cfm_slow" waiting="0.00" lane="right_0" pos="4.74" speed="46.69" angle="355.98" x="128.24" y="73.38"/>
        <vehicle id="cfm_slow_2" eclass="HBEFA3/PC_G_EU4" CO2="17104.52" CO="548.52" HC="2.96" NOx="6.97" PMx="0.54" fuel="7.35" electricity="0.00" noise="81.51" route="routebottom" type="cfm_slow" waiting="0.00" lane="right_0" pos="44.74" speed="46.69" angle="283.92" x="74.42" y="128.08"/>
        <vehicle id="cfm_slow_3" eclass="HBEFA3/PC_G_EU4" CO2="17104.52" CO="548.52" HC="2.96" NOx="6.97" PMx="0.54" fuel="7.35" electricity="0.00" noise="81.51" route="routetop" type="cfm_slow" waiting="0.00" lane="top_0" pos="34.74" speed="46.69" angle="212.05" x="5.72" y="93.79"/>
        <vehicle id="cfm_slow_4" eclass="HBEFA3/PC_G_EU4" CO2="17104.52" CO="548.52" HC="2.96" NOx="6.97" PMx="0.54" fuel="7.35" electricity="0.00" noise="81.51" route="routetop" type="cfm_slow" waiting="0.00" lane="left_0" pos="24.74" speed="46.69" angle="139.99" x="17.12" y="17.86"/>
    </timestep>
    <timestep time="6.07">
        <vehicle id="cfm_slow_0" eclass="HBEFA3/PC_G_EU4" CO2="17075.29" CO="547.98" HC="2.96" NOx="6.95" PMx="0.54" fuel="7.34" electricity="0.00" noise="81.50" route="routebottom" type="cfm_slow" waiting="0.00" lane="bottom_0" pos="15.21" speed="46.70" angle="67.10" x="93.70" y="5.67"/>
        <vehicle id="cfm_slow_1" eclass="HBEFA3/PC_G_EU4" CO2="17075.29" CO="547.98" HC="2.96" NOx="6.95" PMx="0.54" fuel="7.34" electricity="0.00" noise="81.50" route="routebottom" type="cfm_slow" waiting="0.00" lane="right_0" pos="5.21" speed="46.70" angle="355.16" x="128.10" y="74.32"/>
        <vehicle id="cfm_slow_2" eclass="HBEFA3/PC_G_EU4" CO2="17075.29" CO="547.98" HC="2.96" NOx="6.95" PMx="0.54" fuel="7.34" electricity="0.00" noise="81.50" route="routebottom" type="cfm_slow" waiting="0.00" lane="right_0" pos="45.21" speed="46.70" angle="283.13" x="73.48" y="128.22"/>
        <vehicle id="cfm_slow_3" eclass="HBEFA3/PC_G_EU4" CO2="17075.29" CO="547.98" HC="2.96" NOx="6.95" PMx="0.54" fuel="7.34" electricity="0.00" noise="81.50" route="routetop" type="cfm_slow" waiting="0.00" lane="top_0" pos="35.21" speed="46.70" angle="211.20" x="5.29" y="92.94"/>
        <vehicle id="cfm_slow_4" eclass="HBEFA3/PC_G_EU4" CO2="17075.29" CO="547.98" HC="2.96" NOx="6.95" PMx="0.54" fuel="7.34" electricity="0.00" noise="81.50" route="routetop" type="cfm_slow" waiting="0.00" lane="left_0" pos="25.21" speed="46.70" angle="139.12" x="17.79" y="17.19"/>
    </timestep>
    <timestep time="6.08">
        <vehicle id="cfm_slow_0" eclass="HBEFA3/PC_G_EU4" CO2="17046.32" CO="547.44" HC="2.95" NOx="6.94" PMx="0.53" fuel="7.33" electricity="0.00" noise="81.50" route="routebottom" type="cfm_slow" waiting="0.00" lane="bottom_0" pos="15.68" speed="46.70" angle="66.31" x="94.55" y="6.12"/>
        <vehicle id="cfm_slow_1" eclass="HBEFA3/PC_G_EU4" CO2="17046.32" CO="547.44" HC="2.95" NOx="6.94" PMx="0.53" fuel="7.33" electricity="0.00" noise="81.50" route="routebottom" type="cfm_slow" waiting="0.00" lane="right_0" pos="5.68" speed="46.70" angle="354.29" x="127.93" y="75.26"/>
        <vehicle id="cfm_slow_2" eclass="HBEFA3/PC_G_EU4" CO2="17046.32" CO="547.44" HC="2.95" NOx="6.94" PMx="0.53" fuel="7.33" electricity="0.00" noise="81.50" route="routebottom" type="cfm_slow" waiting="0.00" lane="right_0" pos="45.68" speed="46.70" angle="282.27" x="72.53" y="128.36"/>
        <vehicle id="cfm_slow_3" eclass="HBEFA3/PC_G_EU4" CO2="17046.32" CO="547.44" HC="2.95" NOx="6.94" PMx="0.53" fuel="7.33" electricity="0.00" noise="81.50" route="routetop" type="cfm_slow" waiting="0.00" lane="top_0" pos="35.68" speed="46.70" angle="210.34" x="4.86" y="92.08"/>
        <vehicle id="cfm_slow_4" eclass="HBEFA3/PC_G_EU4" CO2="17046.32" CO="547.44" HC="2.95" NOx="6.94" PMx="0.53" fuel="7.33" electricity="0.00" noise="81.50" route="routetop" type="cfm_slow" waiting="0.00" lane="left_0" pos="25.68" speed="46.70" angle="138.32" x="18.47" y="16.51"/>
    </timestep>
    <timestep time="6.09">
        <vehicle id="cfm_slow_0" eclass="HBEFA3/PC_G_EU4" CO2="17017.60" CO="546.91" HC="2.95" NOx="6.93" PMx="0.53" fuel="7.32" electricity="0.00" noise="81.49" route="routebottom" type="cfm_slow" waiting="0.00" lane="bottom_0" pos="16.14" speed="46.70" angle="65.46" x="95.38" y="6.58"/>
        <vehicle id="cfm_slow_1" eclass="HBEFA3/PC_G_EU4" CO2="17017.60" CO="546.91" HC="2.95" NOx="6.93" PMx="0.53" fuel="7.32" electricity="0.00" noise="81.49" route="routebottom" type="cfm_slow" waiting="0.00" lane="right_0" pos="6.14" speed="46.70" angle="353.43" x="127.75" y="76.21"/>
        <vehicle id="cfm_slow_2" eclass="HBEFA3/PC_G_EU4" CO2="17017.60" CO="546.91" HC="2.95" NOx="6.93" PMx="0.53" fuel="7.32" electricity="0.00" noise="81.49" route="routebottom" type="cfm_slow" waiting="0.00" lane="right_0" pos="46.14" speed="46.70" angle="281.47" x="71.58" y="128.49"/>
        <vehicle id="cfm_slow_3" eclass="HBEFA3/PC_G_EU4" CO2="17017.60" CO="546.91" HC="2.95" NOx="6.93" PMx="0.53" fuel="7.32" electricity="0.00" noise="81.49" route="routetop" type="cfm_slow" waiting="0.00" lane="top_0" pos="36.14" speed="46.70" angle="209.53" x="4.45" y="91.21"/>
        <vehicle id="cfm_slow_4" eclass="HBEFA3/PC_G_EU4" CO2="17017.60" CO="546.91" HC="2.95" NOx="6.93" PMx="0.53" fuel="7.32" electricity="0.00" noise="81.49" route="routetop" type="cfm_slow" waiting="0.00" lane="left_0" pos="26.14" speed="46.70" angle="137.45" x="19.18" y="15.86"/>
    </timestep>
    <timestep time="6.10">
        <vehicle id="cfm_slow_0" eclass="HBEFA3/PC_G_EU4" CO2="16989.15" CO="546.38" HC="2.95" NOx="6.91" PMx="0.53" fuel="7.30" electricity="0.00" noise="81.49" route="routebottom" type="cfm_slow" waiting="0.00" lane="bottom_0" pos="16.61" speed="46.70" angle="64.64" x="96.22" y="7.05"/>
        <vehicle id="cfm_slow_1" eclass="HBEFA3/PC_G_EU4" CO2="16989.15" CO="546.38" HC="2.95" NOx="6.91" PMx="0.53" fuel="7.30" electricity="0.00" noise="81.49" route="routebottom" type="cfm_slow" waiting="0.00" lane="right_0" pos="6.61" speed="46.70" angle="352.61" x="127.56" y="77.15"/>
        <vehicle id="cfm_slow_2" eclass="HBEFA3/PC_G_EU4" CO2="16989.15" CO="546.38" HC="2.95" NOx="6.91" PMx="0.53" fuel="7.30" electricity="0.00" noise="81.49" route="routebottom" type="cfm_slow" waiting="0.00" lane="right_0" pos="46.61" speed="46.70" angle="280.65" x="70.63" y="128.59"/>
        <vehicle id="cfm_slow_3" eclass="HBEFA3/PC_G_EU4" CO2="16989.15" CO="546.38" HC="2.95" NOx="6.91" PMx="0.53" fuel="7.30" electricity="0.00" noise="81.49" route="routetop" type="cfm_slow" waiting="0.00" lane="top_0" pos="36.61" speed="46.70" angle="208.64" x="4.06" y="90.34"/>
        <vehicle id="cfm_slow_4" eclass="HBEFA3/PC_G_EU4" CO2="16989.15" CO="546.38" HC="2.95" NOx="6.91" PMx="0.53" fuel="7.30" electricity="0.00" noise="81.49" route="routetop" type="cfm_slow" waiting="0.00" lane="left_0" pos="26.61" speed="46.70" angle="136.58" x="19.88" y="15.21"/>
    </timestep>
    <timestep time="6.11">
        <vehicle id="cfm_slow_0" eclass="HBEFA3/PC_G_EU4" CO2="16960.95" CO="545.86" HC="2.94" NOx="6.90" PMx="0.53" fuel="7.29" electricity="0.00" noise="81.48" route="routebottom" type="cfm_slow" waiting="0.00" lane="bottom_0" pos="17.08" speed="46.71" angle="63.78" x="97.04" y="7.54"/>
        <vehicle id="cfm_slow_1" eclass="HBEFA3/PC_G_EU4" CO2="16960.95" CO="545.86" HC="2.94" NOx="6.90" PMx="0.53" fuel="7.29" electricity="0.00" noise="81.48" route="routebottom" type="cfm_slow" waiting="0.00" lane="right_0" pos="7.08" speed="46.71" angle="351.71" x="127.35" y="78.08"/>
        <vehicle id="cfm_slow_2" eclass="HBEFA3/PC_G_EU4" CO2="16960.95" CO="545.86" HC="2.94" NOx="6.90" PMx="0.53" fuel="7.29" electricity="0.00" noise="81.48" route="routebottom" type="cfm_slow" waiting="0.00" lane="right_0" pos="47.08" speed="46.71" angle="279.81" x="69.68" y="128.69"/>
        <vehicle id="cfm_slow_3" eclass="HBEFA3/PC_G_EU4" CO2="16960.95" CO="545.86" HC="2.94" NOx="6.90" PMx="0.53" fuel="7.29" electricity="0.00" noise="81.48" route="routetop" type="cfm_slow" waiting="0.00" lane="top_0" pos="37.08" speed="46.71" angle="207.77" x="3.66" y="89.47"/>
        <vehicle id="cfm_slow_4" eclass="HBEFA3/PC_G_EU4" CO2="16960.95" CO="545.86" HC="2.94" NOx="6.90" PMx="0.53" fuel="7.29" electricity="0.00" noise="81.48" route="routetop" type="cfm_slow" waiting="0.00" lane="left_0" pos="27.08" speed="46.71" angle="135.78" x="20.59" y="14.57"/>
    </timestep>
    <timestep time="6.12">
        <vehicle id="cfm_slow_0" eclass="HBEFA3/PC_G_EU4" CO2="16933.00" CO="545.34" HC="2.94" NOx="6.89" PMx="0.53" fuel="7.28" electricity="0.00" noise="81.48" route="routebottom" type="cfm_slow" waiting="0.00" lane="bottom_0" pos="17.54" speed="46.71" angle="62.89" x="97.86" y="8.03"/>
        <vehicle id="cfm_slow_1" eclass="HBEFA3/PC_G_EU4" CO2="16933.00" CO="545.34" HC="2.94" NOx="6.89" PMx="0.53" fuel="7.28" electricity="0.00" noise="81.48" route="routebottom" type="cfm_slow" waiting="0.00" lane="right_0" pos="7.54" speed="46.71" angle="350.82" x="127.14" y="79.01"/>
        <vehicle id="cfm_slow_2" eclass="HBEFA3/PC_G_EU4" CO2="16933.00" CO="545.34" HC="2.94" NOx="6.89" PMx="0.53" fuel="7.28" electricity="0.00" noise="81.48" route="routebottom" type="cfm_slow" waiting="0.00" lane="right_0" pos="47.54" speed="46.71" angle="279.02" x="68.72" y="128.78"/>
        <vehicle id="cfm_slow_3" eclass="HBEFA3/PC_G_EU4" CO2="16933.00" CO="545.34" HC="2.94" NOx="6.89" PMx="0.53" fuel="7.28" electricity="0.00" noise="81.48" route="routetop" type="cfm_slow" waiting="0.00" lane="top_0" pos="37.54" speed="46.71" angle="206.94" x="3.30" y="88.58"/>
        <vehicle id="cfm_slow_4" eclass="HBEFA3/PC_G_EU4" CO2="16933.00" CO="545.34" HC="2.94" NOx="6.89" PMx="0.53" fuel="7.28" electricity="0.00" noise="81.48" route="routetop" type="cfm_slow" waiting="0.00" lane="left_0" pos="27.54" speed="46.71" angle="134.92" x="21.32" y="13.95"/>
    </timestep>
    <timestep time="6.13">
        <vehicle id="cfm_slow_0" eclass="HBEFA3/PC_G_EU4" CO2="16905.30" CO="544.83" HC="2.94" NOx="6.87" PMx="0.53" fuel="7.27" electricity="0.00" noise="81.47" route="routebottom" type="cfm_slow" waiting="0.00" lane="bottom_0" pos="18.01" speed="46.71" angle="62.07" x="98.68" y="8.53"/>
        <vehicle id="cfm_slow_1" eclass="HBEFA3/PC_G_EU4" CO2="16905.30" CO="544.83" HC="2.94" NOx="6.87" PMx="0.53" fuel="7.27" electricity="0.00" noise="81.47" route="routebottom" type="cfm_slow" waiting="0.00" lane="right_0" pos="8.01" speed="46.71" angle="350.03" x="126.90" y="79.94"/>
        <vehicle id="cfm_slow_2" eclass="HBEFA3/PC_G_EU4" CO2="16905.30" CO="544.83" HC="2.94" NOx="6.87" PMx="0.53" fuel="7.27" electricity="0.00" noise="81.47" route="routebottom" type="cfm_slow" waiting="0.00" lane="right_0" pos="48.01" speed="46.71" angle="278.12" x="67.77" y="128.84"/>
        <vehicle id="cfm_slow_3" eclass="HBEFA3/PC_G_EU4" CO2="16905.30" CO="544.83" HC="2.94" NOx="6.87" PMx="0.53" fuel="7.27" electricity="0.00" noise="81.47" route="routetop" type="cfm_slow" waiting="0.00" lane="top_0" pos="38.01" speed="46.71" angle="206.06" x="2.95" y="87.69"/>
        <vehicle id="cfm_slow_4" eclass="HBEFA3/PC_G_EU4" CO2="16905.30" CO="544.83" HC="2.94" NOx="6.87" PMx="0.53" fuel="7.27" electricity="0.00" noise="81.47" route="routetop" type="cfm_slow" waiting="0.00" lane="left_0" pos="28.01" speed="46.71" angle="134.06" x="22.05" y="13.33"/>
    </timestep>
    <timestep time="6.14">
        <vehicle id="cfm_slow_0" eclass="HBEFA3/PC_G_EU4" CO2="16877.86" CO="544.32" HC="2.93" NOx="6.86" PMx="0.53" fuel="7.26" electricity="0.00" noise="81.47" route="routebottom" type="cfm_slow" waiting="0.00" lane="bottom_0" pos="18.48" speed="46.72" angle="61.19" x="99.48" y="9.06"/>
        <vehicle id="cfm_slow_1" eclass="HBEFA3/PC_G_EU4" CO2="16877.86" CO="544.32" HC="2.93" NOx="6.86" PMx="0.53" fuel="7.26" electricity="0.00" noise="81.47" route="routebottom" type="cfm_slow" waiting="0.00" lane="right_0" pos="8.48" speed="46.72" angle="349.20" x="126.66" y="80.87"/>
        <vehicle id="cfm_slow_2" eclass="HBEFA3/PC_G_EU4" CO2="16877.86" CO="544.32" HC="2.93" NOx="6.86" PMx="0.53" fuel="7.26" electricity="0.00" noise="81.47" route="routebottom" type="cfm_slow" waiting="0.00" lane="right_0" pos="48.48" speed="46.72" angle="277.22" x="66.81" y="128.89"/>
        <vehicle id="cfm_slow_3" eclass="HBEFA3/PC_G_EU4" CO2="16877.86" CO="544.32" HC="2.93" NOx="6.86" PMx="0.53" fuel="7.26" electricity="0.00" noise="81.47" route="routetop" type="cfm_slow" waiting="0.00" lane="top_0" pos="38.48" speed="46.72" angle="205.23" x="2.59" y="86.80"/>
        <vehicle id="cfm_slow_4" eclass="HBEFA3/PC_G_EU4" CO2="16877.86" CO="544.32" HC="2.93" NOx="6.86" PMx="0.53" fuel="7.26" electricity="0.00" noise="81.47" route="routetop" type="cfm_slow" waiting="0.00" lane="left_0" pos="28.48" speed="46.72" angle="133.25" x="22.79" y="12.73"/>
    </timestep>
    <timestep time="6.15">
        <vehicle id="cfm_slow_0" eclass="HBEFA3/PC_G_EU4" CO2="16850.66" CO="543.81" HC="2.93" NOx="6.85" PMx="0.53" fuel="7.24" electricity="0.00" noise="81.46" route="routebottom" type="cfm_slow" waiting="0.00" lane="bottom_0" pos="18.95" speed="46.72" angle="60.31" x="100.27" y="9.60"/>
        <vehicle id="cfm_slow_1" eclass="HBEFA3/PC_G_EU4" CO2="16850.66" CO="543.81" HC="2.93" NOx="6.85" PMx="0.53" fuel="7.24" electricity="0.00" noise="81.46" route="routebottom" type="cfm_slow" waiting="0.00" lane="right_0" pos="8.95" speed="46.72" angle="348.41" x="126.41" y="81.79"/>
        <vehicle id="cfm_slow_2" eclass="HBEFA3/PC_G_EU4" CO2="16850.66" CO="543.81" HC="2.93" NOx="6.85" PMx="0.53" fuel="7.24" electricity="0.00" noise="81.46" route="routebottom" type="cfm_slow" waiting="0.00" lane="right_0" pos="48.95" speed="46.72" angle="276.41" x="65.85" y="128.93"/>
        <vehicle id="cfm_slow_3" eclass="HBEFA3/PC_G_EU4" CO2="16850.66" CO="543.81" HC="2.93" NOx="6.85" PMx="0.53" fuel="7.24" electricity="0.00" noise="81.46" route="routetop" type="cfm_slow" waiting="0.00" lane="top_0" pos="38.95" speed="46.72" angle="204.38" x="2.27" y="85.90"/>
        <vehicle id="cfm_slow_4" eclass="HBEFA3/PC_G_EU4" CO2="16850.66" CO="543.81" HC="2.93" NOx="6.85" PMx="0.53" fuel="7.24" electricity="0.00" noise="81.46" route="routetop" type="cfm_slow" waiting="0.00" lane="left_0" pos="28.95" speed="46.72" angle="132.39" x="23.55" y="12.14"/>
    </timestep>
    <timestep time="6.16">
        <vehicle id="cfm_slow_0" eclass="HBEFA3/PC_G_EU4" CO2="16823.70" CO="543.31" HC="2.93" NOx="6.83" PMx="0.53" fuel="7.23" electricity="0.00" noise="81.46" route="routebottom" type="cfm_slow" waiting="0.00" lane="bottom_0" pos="19.41" speed="46.72" angle="59.50" x="101.06" y="10.14"/>
        <vehicle id="cfm_slow_1" eclass="HBEFA3/PC_G_EU4" CO2="16823.70" CO="543.31" HC="2.93" NOx="6.83" PMx="0.53" fuel="7.23" electricity="0.00" noise="81.46" route="routebottom" type="cfm_slow" waiting="0.00" lane="right_0" pos="9.41" speed="46.72" angle="347.57" x="126.13" y="82.71"/>
        <vehicle id="cfm_slow_2" eclass="HBEFA3/PC_G_EU4" CO2="16823.70" CO="543.31" HC="2.93" NOx="6.83" PMx="0.53" fuel="7.23" electricity="0.00" noise="81.46" route="routebottom" type="cfm_slow" waiting="0.00" lane="right_0" pos="49.41" speed="46.72" angle="275.54" x="64.90" y="128.95"/>
        <vehicle id="cfm_slow_3" eclass="HBEFA3/PC_G_EU4" CO2="16823.70" CO="543.31" HC="2.93" NOx="6.83" PMx="0.53" fuel="7.23" electricity="0.00" noise="81.46" route="routetop" type="cfm_slow" waiting="0.00" lane="top_0" pos="39.41" speed="46.72" angle="203.54" x="1.94" y="85.00"/>
        <vehicle id="cfm_slow_4" eclass="HBEFA3/PC_G_EU4" CO2="16823.70" CO="543.31" HC="2.93" NOx="6.83" PMx="0.53" fuel="7.23" electricity="0.00" noise="81.46" route="routetop" type="cfm_slow" waiting="0.00" lane="left_0" pos="29.41" speed="46.72" angle="131.55" x="24.30" y="11.55"/>
    </timestep>
    <timestep time="6.17">
        <vehicle id="cfm_slow_0" eclass="HBEFA3/PC_G_EU4" CO2="16796.98" CO="542.82" HC="2.93" NOx="6.82" PMx="0.53" fuel="7.22" electricity="0.00" noise="81.46" route="routebottom" type="cfm_slow" waiting="0.00" lane="bottom_0" pos="19.88" speed="46.72" angle="58.64" x="101.84" y="10.70"/>
        <vehicle id="cfm_slow_1" eclass="HBEFA3/PC_G_EU4" CO2="16796.98" CO="542.82" HC="2.93" NOx="6.82" PMx="0.53" fuel="7.22" electricity="0.00" noise="81.46" route="routebottom" type="cfm_slow" waiting="0.00" lane="right_0" pos="9.88" speed="46.72" angle="346.71" x="125.84" y="83.62"/>
        <vehicle id="cfm_slow_2" eclass="HBEFA3/PC_G_EU4" CO2="16796.98" CO="542.82" HC="2.93" NOx="6.82" PMx="0.53" fuel="7.22" electricity="0.00" noise="81.46" route="routebottom" type="cfm_slow" waiting="0.00" lane="right_0" pos="49.88" speed="46.72" angle="274.68" x="63.94" y="128.97"/>
        <vehicle id="cfm_slow_3" eclass="HBEFA3/PC_G_EU4" CO2="16796.98" CO="542.82" HC="2.93" NOx="6.82" PMx="0.53" fuel="7.22" electricity="0.00" noise="81.46" route="routetop" type="cfm_slow" waiting="0.00" lane="top_0" pos="39.88" speed="46.72" angle="202.74" x="1.63" y="84.09"/>
        <vehicle id="cfm_slow_4" eclass="HBEFA3/PC_G_EU4" CO2="16796.98" CO="542.82" HC="2.93" NOx="6.82" PMx="0.53" fuel="7.22" electricity="0.00" noise="81.46" route="routetop" type="cfm_slow" waiting="0.00" lane="left_0" pos="29.88" speed="46.72" angle="130.71" x="25.08" y="10.99"/>
    </timestep>
    <timestep time="6.18">
        <vehicle id="cfm_slow_0" eclass="HBEFA3/PC_G_EU4" CO2="16770.51" CO="542.32" HC="2.92" NOx="6.81" PMx="0.53" fuel="7.21" electricity="0.00" noise="81.45" route="routebottom" type="cfm_slow" waiting="0.00" lane="bottom_0" pos="20.35" speed="46.73" angle="57.79" x="102.62" y="11.26"/>
        <vehicle id="cfm_slow_1" eclass="HBEFA3/PC_G_EU4" CO2="16770.51" CO="542.32" HC="2.92" NOx="6.81" PMx="0.53" fuel="7.21" electricity="0.00" noise="81.45" route="routebottom" type="cfm_slow" waiting="0.00" lane="right_0" pos="10.35" speed="46.73" angle="345.91" x="125.55" y="84.54"/>
        <vehicle id="cfm_slow_2" eclass="HBEFA3/PC_G_EU4" CO2="16770.51" CO="542.32" HC="2.92" NOx="6.81" PMx="0.53" fuel="7.21" electricity="0.00" noise="81.45" route="routetop" type="cfm_slow" waiting="0.00" lane="top_0" pos="0.35" speed="46.73" angle="273.86" x="62.92" y="128.96"/>
        <vehicle id="cfm_slow_3" eclass="HBEFA3/PC_G_EU4" CO2="16770.51" CO="542.32" HC="2.92" NOx="6.81" PMx="0.53" fuel="7.21" electricity="0.00" noise="81.45" route="routetop" type="cfm_slow" waiting="0.00" lane="top_0" pos="40.35" speed="46.73" angle="201.86" x="1.35" y="83.18"/>
        <vehicle id="cfm_slow_4" eclass="HBEFA3/PC_G_EU4" CO2="16770.51" CO="542.32" HC="2.92" NOx="6.81" PMx="0.53" fuel="7.21" electricity="0.00" noise="81.45" route="routetop" type="cfm_slow" waiting="0.00" lane="left_0" pos="30.35" speed="46.73" angle="129.84" x="25.86" y="10.43"/>
    </timestep>
    <timestep time="6.19">
        <vehicle id="cfm_slow_0" eclass="HBEFA3/PC_G_EU4" CO2="16744.27" CO="541.84" HC="2.92" NOx="6.80" PMx="0.53" fuel="7.20" electricity="0.00" noise="81.45" route="routebottom" type="cfm_slow" waiting="0.00" lane="bottom_0" pos="20.81" speed="46.73" angle="57.00" x="103.38" y="11.84"/>
        <vehicle id="cfm_slow_1" eclass="HBEFA3/PC_G_EU4" CO2="16744.27" CO="541.84" HC="2.92" NOx="6.80" PMx="0.53" fuel="7.20" electricity="0.00" noise="81.45" route="routebottom" type="cfm_slow" waiting="0.00" lane="right_0" pos="10.81" speed="46.73" angle="345.00" x="125.22" y="85.44"/>
        <vehicle id="cfm_slow_2" eclass="HBEFA3/PC_G_EU4" CO2="16744.27" CO="541.84" HC="2.92" NOx="6.80" PMx="0.53" fuel="7.20" electricity="0.00" noise="81.45" route="routetop" type="cfm_slow" waiting="0.00" lane="top_0" pos="0.81" speed="46.73" angle="273.00" x="61.96" y="128.94"/>
        <vehicle id="cfm_slow_3" eclass="HBEFA3/PC_G_EU4" CO2="16744.27" CO="541.84" HC="2.92" NOx="6.80" PMx="0.53" fuel="7.20" electricity="0.00" noise="81.45" route="routetop" type="cfm_slow" waiting="0.00" lane="top_0" pos="40.81" speed="46.73" angle="200.99" x="1.06" y="82.26"/>
        <vehicle id="cfm_slow_4" eclass="HBEFA3/PC_G_EU4" CO2="16744.27" CO="541.84" HC="2.92" NOx="6.80" PMx="0.53" fuel="7.20" electricity="0.00" noise="81.45" route="routetop" type="cfm_slow" waiting="0.00" lane="left_0" pos="30.81" speed="46.73" angle="129.04" x="26.64" y="9.87"/>
    </timestep>
    <timestep time="6.20">
        <vehicle id="cfm_slow_0" eclass="HBEFA3/PC_G_EU4" CO2="16718.27" CO="541.35" HC="2.92" NOx="6.78" PMx="0.53" fuel="7.19" electricity="0.00" noise="81.44" route="routebottom" type="cfm_slow" waiting="0.00" lane="bottom_0" pos="21.28" speed="46.73" angle="56.14" x="104.14" y="12.43"/>
        <vehicle id="cfm_slow_1" eclass="HBEFA3/PC_G_EU4" CO2="16718.27" CO="541.35" HC="2.92" NOx="6.78" PMx="0.53" fuel="7.19" electricity="0.00" noise="81.44" route="routebottom" type="cfm_slow" waiting="0.00" lane="right_0" pos="11.28" speed="46.73" angle="344.10" x="124.90" y="86.34"/>
        <vehicle id="cfm_slow_2" eclass="HBEFA3/PC_G_EU4" CO2="16718.27" CO="541.35" HC="2.92" NOx="6.78" PMx="0.53" fuel="7.19" electricity="0.00" noise="81.44" route="routetop" type="cfm_slow" waiting="0.00" lane="top_0" pos="1.28" speed="46.73" angle="272.19" x="61.00" y="128.92"/>
        <vehicle id="cfm_slow_3" eclass="HBEFA3/PC_G_EU4" CO2="16718.27" CO="541.35" HC="2.92" NOx="6.78" PMx="0.53" fuel="7.19" electricity="0.00" noise="81.44" route="routetop" type="cfm_slow" waiting="0.00" lane="top_0" pos="41.28" speed="46.73" angle="200.18" x="0.80" y="81.34"/>
        <vehicle id="cfm_slow_4" eclass="HBEFA3/PC_G_EU4" CO2="16718.27" CO="541.35" HC="2.92" NOx="6.78" PMx="0.53" fuel="7.19" electricity="0.00" noise="81.44" route="routetop" type="cfm_slow" waiting="0.00" lane="left_0" pos="31.28" speed="46.73" angle="128.20" x="27.43" y="9.34"/>
    </timestep>
    <timestep time="6.21">
        <vehicle id="cfm_slow_0" eclass="HBEFA3/PC_G_EU4" CO2="16692.50" CO="540.88" HC="2.91" NOx="6.77" PMx="0.53" fuel="7.18" electricity="0.00" noise="81.44" route="routebottom" type="cfm_slow" waiting="0.00" lane="bottom_0" pos="21.75" speed="46.73" angle="55.33" x="104.89" y="13.02"/>
        <vehicle id="cfm_slow_1" eclass="HBEFA3/PC_G_EU4" CO2="16692.50" CO="540.88" HC="2.91" NOx="6.77" PMx="0.53" fuel="7.18" electricity="0.00" noise="81.44" route="routebottom" type="cfm_slow" waiting="0.00" lane="right_0" pos="11.75" speed="46.73" angle="343.30" x="124.56" y="87.23"/>
        <vehicle id="cfm_slow_2" eclass="HBEFA3/PC_G_EU4" CO2="16692.50" CO="540.88" HC="2.91" NOx="6.77" PMx="0.53" fuel="7.18" electricity="0.00" noise="81.44" route="routetop" type="cfm_slow" waiting="0.00" lane="top_0" pos="1.75" speed="46.73" angle="271.34" x="60.05" y="128.86"/>
        <vehicle id="cfm_slow_3" eclass="HBEFA3/PC_G_EU4" CO2="16692.50" CO="540.88" HC="2.91" NOx="6.77" PMx="0.53" fuel="7.18" electricity="0.00" noise="81.44" route="routetop" type="cfm_slow" waiting="0.00" lane="top_0" pos="41.75" speed="46.73" angle="199.33" x="0.55" y="80.42"/>
        <vehicle id="cfm_slow_4" eclass="HBEFA3/PC_G_EU4" CO2="16692.50" CO="540.88" HC="2.91" NOx="6.77" PMx="0.53" fuel="7.18" electricity="0.00" noise="81.44" route="routetop" type="cfm_slow" waiting="0.00" lane="left_0" pos="31.75" speed="46.73" angle="127.35" x="28.23" y="8.81"/>
    </timestep>
    <timestep time="6.22">
        <vehicle id="cfm_slow_0" eclass="HBEFA3/PC_G_EU4" CO2="16666.97" CO="540.40" HC="2.91" NOx="6.76" PMx="0.53" fuel="7.16" electricity="0.00" noise="81.44" route="routebottom" type="cfm_slow" waiting="0.00" lane="bottom_0" pos="22.22" speed="46.74" angle="54.49" x="105.63" y="13.63"/>
        <vehicle id="cfm_slow_1" eclass="HBEFA3/PC_G_EU4" CO2="16666.97" CO="540.40" HC="2.91" NOx="6.76" PMx="0.53" fuel="7.16" electricity="0.00" noise="81.44" route="routebottom" type="cfm_slow" waiting="0.00" lane="right_0" pos="12.22" speed="46.74" angle="342.48" x="124.20" y="88.12"/>
        <vehicle id="cfm_slow_2" eclass="HBEFA3/PC_G_EU4" CO2="16666.97" CO="540.40" HC="2.91" NOx="6.76" PMx="0.53" fuel="7.16" electricity="0.00" noise="81.44" route="routetop" type="cfm_slow" waiting="0.00" lane="top_0" pos="2.22" speed="46.74" angle="270.49" x="59.09" y="128.81"/>
        <vehicle id="cfm_slow_3" eclass="HBEFA3/PC_G_EU4" CO2="16666.97" CO="540.40" HC="2.91" NOx="6.76" PMx="0.53" fuel="7.16" electricity="0.00" noise="81.44" route="routetop" type="cfm_slow" waiting="0.00" lane="top_0" pos="42.22" speed="46.74" angle="198.48" x="0.30" y="79.49"/>
        <vehicle id="cfm_slow_4" eclass="HBEFA3/PC_G_EU4" CO2="16666.97" CO="540.40" HC="2.91" NOx="6.76" PMx="0.53" fuel="7.16" electricity="0.00" noise="81.44" route="routetop" type="cfm_slow" waiting="0.00" lane="left_0" pos="32.22" speed="46.74" angle="126.56" x="29.04" y="8.29"/>
    </timestep>
    <timestep time="6.23">
        <vehicle id="cfm_slow_0" eclass="HBEFA3/PC_G_EU4" CO2="16641.66" CO="539.93" HC="2.91" NOx="6.75" PMx="0.52" fuel="7.15" electricity="0.00" noise="81.43" route="routebottom" type="cfm_slow" waiting="0.00" lane="bottom_0" pos="22.68" speed="46.74" angle="53.64" x="106.36" y="14.25"/>
        <vehicle id="cfm_slow_1" eclass="HBEFA3/PC_G_EU4" CO2="16641.66" CO="539.93" HC="2.91" NOx="6.75" PMx="0.52" fuel="7.15" electricity="0.00" noise="81.43" route="routebottom" type="cfm_slow" waiting="0.00" lane="right_0" pos="12.68" speed="46.74" angle="341.65" x="123.85" y="89.01"/>
        <vehicle id="cfm_slow_2" eclass="HBEFA3/PC_G_EU4" CO2="16641.66" CO="539.93" HC="2.91" NOx="6.75" PMx="0.52" fuel="7.15" electricity="0.00" noise="81.43" route="routetop" type="cfm_slow" waiting="0.00" lane="top_0" pos="2.68" speed="46.74" angle="269.69" x="58.13" y="128.74"/>
        <vehicle id="cfm_slow_3" eclass="HBEFA3/PC_G_EU4" CO2="16641.66" CO="539.93" HC="2.91" NOx="6.75" PMx="0.52" fuel="7.15" electricity="0.00" noise="81.43" route="routetop" type="cfm_slow" waiting="0.00" lane="top_0" pos="42.68" speed="46.74" angle="197.69" x="0.08" y="78.56"/>
        <vehicle id="cfm_slow_4" eclass="HBEFA3/PC_G_EU4" CO2="16641.66" CO="539.93" HC="2.91" NOx="6.75" PMx="0.52" fuel="7.15" electricity="0.00" noise="81.43" route="routetop" type="cfm_slow" waiting="0.00" lane="left_0" pos="32.68" speed="46.74" angle="125.69" x="29.86" y="7.79"/>
    </timestep>
    <timestep time="6.24">
        <vehicle id="cfm_slow_0" eclass="HBEFA3/PC_G_EU4" CO2="16616.58" CO="539.47" HC="2.91" NOx="6.74" PMx="0.52" fuel="7.14" electricity="0.00" noise="81.43" route="routebottom" type="cfm_slow" waiting="0.00" lane="bottom_0" pos="23.15" speed="46.74" angle="52.86" x="107.08" y="14.88"/>
        <vehicle id="cfm_slow_1" eclass="HBEFA3/PC_G_EU4" CO2="16616.58" CO="539.47" HC="2.91" NOx="6.74" PMx="0.52" fuel="7.14" electricity="0.00" noise="81.43" route="routebottom" type="cfm_slow" waiting="0.00" lane="right_0" pos="13.15" speed="46.74" angle="340.84" x="123.47" y="89.89"/>
        <vehicle id="cfm_slow_2" eclass="HBEFA3/PC_G_EU4" CO2="16616.58" CO="539.47" HC="2.91" NOx="6.74" PMx="0.52" fuel="7.14" electricity="0.00" noise="81.43" route="routetop" type="cfm_slow" waiting="0.00" lane="top_0" pos="3.15" speed="46.74" angle="268.84" x="57.18" y="128.64"/>
        <vehicle id="cfm_slow_3" eclass="HBEFA3/PC_G_EU4" CO2="16616.58" CO="539.47" HC="2.91" NOx="6.74" PMx="0.52" fuel="7.14" electricity="0.00" noise="81.43" route="routetop" type="cfm_slow" waiting="0.00" lane="top_0" pos="43.15" speed="46.74" angle="196.84" x="-0.13" y="77.62"/>
        <vehicle id="cfm_slow_4" eclass="HBEFA3/PC_G_EU4" CO2="16616.58" CO="539.47" HC="2.91" NOx="6.74" PMx="0.52" fuel="7.14" electricity="0.00" noise="81.43" route="routetop" type="cfm_slow" waiting="0.00" lane="left_0" pos="33.15" speed="46.74" angle="124.81" x="30.68" y="7.30"/>
    </timestep>
    <timestep time="6.25">
        <vehicle id="cfm_slow_0" eclass="HBEFA3/PC_G_EU4" CO2="16591.73" CO="539.01" HC="2.90" NOx="6.72" PMx="0.52" fuel="7.13" electricity="0.00" noise="81.42" route="routebottom" type="cfm_slow" waiting="0.00" lane="bottom_0" pos="23.62" speed="46.74" angle="52.02" x="107.79" y="15.53"/>
        <vehicle id="cfm_slow_1" eclass="HBEFA3/PC_G_EU4" CO2="16591.73" CO="539.01" HC="2.90" NOx="6.72" PMx="0.52" fuel="7.13" electricity="0.00" noise="81.42" route="routebottom" type="cfm_slow" waiting="0.00" lane="right_0" pos="13.62" speed="46.74" angle="339.96" x="123.07" y="90.77"/>
        <vehicle id="cfm_slow_2" eclass="HBEFA3/PC_G_EU4" CO2="16591.73" CO="539.01" HC="2.90" NOx="6.72" PMx="0.52" fuel="7.13" electricity="0.00" noise="81.42" route="routetop" type="cfm_slow" waiting="0.00" lane="top_0" pos="3.62" speed="46.74" angle="267.99" x="56.23" y="128.55"/>
        <vehicle id="cfm_slow_3" eclass="HBEFA3/PC_G_EU4" CO2="16591.73" CO="539.01" HC="2.90" NOx="6.72" PMx="0.52" fuel="7.13" electricity="0.00" noise="81.42" route="routetop" type="cfm_slow" waiting="0.00" lane="top_0" pos="43.62" speed="46.74" angle="196.05" x="-0.34" y="76.69"/>
        <vehicle id="cfm_slow_4" eclass="HBEFA3/PC_G_EU4" CO2="16591.73" CO="539.01" HC="2.90" NOx="6.72" PMx="0.52" fuel="7.13" electricity="0.00" noise="81.42" route="routetop" type="cfm_slow" waiting="0.00" lane="left_0" pos="33.62" speed="46.74" angle="124.02" x="31.51" y="6.82"/>
    </timestep>
    <timestep time="6.26">
        <vehicle id="cfm_slow_0" eclass="HBEFA3/PC_G_EU4" CO2="16567.10" CO="538.55" HC="2.90" NOx="6.71" PMx="0.52" fuel="7.12" electricity="0.00" noise="81.42" route="routebottom" type="cfm_slow" waiting="0.00" lane="bottom_0" pos="24.09" speed="46.74" angle="51.18" x="108.49" y="16.18"/>
        <vehicle id="cfm_slow_1" eclass="HBEFA3/PC_G_EU4" CO2="16567.10" CO="538.55" HC="2.90" NOx="6.71" PMx="0.52" fuel="7.12" electricity="0.00" noise="81.42" route="routebottom" type="cfm_slow" waiting="0.00" lane="right_0" pos="14.09" speed="46.74" angle="339.14" x="122.68" y="91.64"/>
        <vehicle id="cfm_slow_2" eclass="HBEFA3/PC_G_EU4" CO2="16567.10" CO="538.55" HC="2.90" NOx="6.71" PMx="0.52" fuel="7.12" electricity="0.00" noise="81.42" route="routetop" type="cfm_slow" waiting="0.00" lane="top_0" pos="4.09" speed="46.74" angle="267.18" x="55.28" y="128.43"/>
        <vehicle id="cfm_slow_3" eclass="HBEFA3/PC_G_EU4" CO2="16567.10" CO="538.55" HC="2.90" NOx="6.71" PMx="0.52" fuel="7.12" electricity="0.00" noise="81.42" route="routetop" type="cfm_slow" waiting="0.00" lane="top_0" pos="44.09" speed="46.74" angle="195.18" x="-0.51" y="75.75"/>
        <vehicle id="cfm_slow_4" eclass="HBEFA3/PC_G_EU4" CO2="16567.10" CO="538.55" HC="2.90" NOx="6.71" PMx="0.52" fuel="7.12" electricity="0.00" noise="81.42" route="routetop" type="cfm_slow" waiting="0.00" lane="left_0" pos="34.09" speed="46.74" angle="123.17" x="32.35" y="6.36"/>
    </timestep>
    <timestep time="6.27">
        <vehicle id="cfm_slow_0" eclass="HBEFA3/PC_G_EU4" CO2="16542.69" CO="538.10" HC="2.90" NOx="6.70" PMx="0.52" fuel="7.11" electricity="0.00" noise="81.42" route="routebottom" type="cfm_slow" waiting="0.00" lane="bottom_0" pos="24.55" speed="46.75" angle="50.38" x="109.19" y="16.84"/>
        <vehicle id="cfm_slow_1" eclass="HBEFA3/PC_G_EU4" CO2="16542.69" CO="538.10" HC="2.90" NOx="6.70" PMx="0.52" fuel="7.11" electricity="0.00" noise="81.42" route="routebottom" type="cfm_slow" waiting="0.00" lane="right_0" pos="14.55" speed="46.75" angle="338.27" x="122.25" y="92.50"/>
        <vehicle id="cfm_slow_2" eclass="HBEFA3/PC_G_EU4" CO2="16542.69" CO="538.10" HC="2.90" NOx="6.70" PMx="0.52" fuel="7.11" electricity="0.00" noise="81.42" route="routetop" type="cfm_slow" waiting="0.00" lane="top_0" pos="4.55" speed="46.75" angle="266.32" x="54.33" y="128.29"/>
        <vehicle id="cfm_slow_3" eclass="HBEFA3/PC_G_EU4" CO2="16542.69" CO="538.10" HC="2.90" NOx="6.70" PMx="0.52" fuel="7.11" electricity="0.00" noise="81.42" route="routetop" type="cfm_slow" waiting="0.00" lane="top_0" pos="44.55" speed="46.75" angle="194.32" x="-0.69" y="74.80"/>
        <vehicle id="cfm_slow_4" eclass="HBEFA3/PC_G_EU4" CO2="16542.69" CO="538.10" HC="2.90" NOx="6.70" PMx="0.52" fuel="7.11" electricity="0.00" noise="81.42" route="routetop" type="cfm_slow" waiting="0.00" lane="left_0" pos="34.55" speed="46.75" angle="122.36" x="33.19" y="5.89"/>
    </timestep>
    <timestep time="6.28">
        <vehicle id="cfm_slow_0" eclass="HBEFA3/PC_G_EU4" CO2="16518.50" CO="537.65" HC="2.90" NOx="6.69" PMx="0.52" fuel="7.10" electricity="0.00" noise="81.41" route="routebottom" type="cfm_slow" waiting="0.00" lane="bottom_0" pos="25.02" speed="46.75" angle="49.49" x="109.86" y="17.52"/>
        <vehicle id="cfm_slow_1" eclass="HBEFA3/PC_G_EU4" CO2="16518.50" CO="537.65" HC="2.90" NOx="6.69" PMx="0.52" fuel="7.10" electricity="0.00" noise="81.41" route="routebottom" type="cfm_slow" waiting="0.00" lane="right_0" pos="15.02" speed="46.75" angle="337.39" x="121.82" y="93.36"/>
        <vehicle id="cfm_slow_2" eclass="HBEFA3/PC_G_EU4" CO2="16518.50" CO="537.65" HC="2.90" NOx="6.69" PMx="0.52" fuel="7.10" electricity="0.00" noise="81.41" route="routetop" type="cfm_slow" waiting="0.00" lane="top_0" pos="5.02" speed="46.75" angle="265.45" x="53.38" y="128.16"/>
        <vehicle id="cfm_slow_3" eclass="HBEFA3/PC_G_EU4" CO2="16518.50" CO="537.65" HC="2.90" NOx="6.69" PMx="0.52" fuel="7.10" electricity="0.00" noise="81.41" route="routetop" type="cfm_slow" waiting="0.00" lane="top_0" pos="45.02" speed="46.75" angle="193.52" x="-0.85" y="73.86"/>
        <vehicle id="cfm_slow_4" eclass="HBEFA3/PC_G_EU4" CO2="16518.50" CO="537.65" HC="2.90" NOx="6.69" PMx="0.52" fuel="7.10" electricity="0.00" noise="81.41" route="routetop" type="cfm_slow" waiting="0.00" lane="left_0" pos="35.02" speed="46.75" angle="121.54" x="34.04" y="5.46"/>
    </timestep>
    <timestep time="6.29">
        <vehicle id="cfm_slow_0" eclass="HBEFA3/PC_G_EU4" CO2="16494.52" CO="537.20" HC="2.89" NOx="6.68" PMx="0.52" fuel="7.09" electricity="0.00" noise="81.41" route="routebottom" type="cfm_slow" waiting="0.00" lane="bottom_0" pos="25.49" speed="46.75" angle="48.61" x="110.54" y="18.20"/>
        <vehicle id="cfm_slow_1" eclass="HBEFA3/PC_G_EU4" CO2="16494.52" CO="537.20" HC="2.89" NOx="6.68" PMx="0.52" fuel="7.09" electricity="0.00" noise="81.41" route="routebottom" type="cfm_slow" waiting="0.00" lane="right_0" pos="15.49" speed="46.75" angle="336.60" x="121.39" y="94.21"/>
        <vehicle id="cfm_slow_2" eclass="HBEFA3/PC_G_EU4" CO2="16494.52" CO="537.20" HC="2.89" NOx="6.68" PMx="0.52" fuel="7.09" electricity="0.00" noise="81.41" route="routetop" type="cfm_slow" waiting="0.00" lane="top_0" pos="5.49" speed="46.75" angle="264.63" x="52.43" y="127.99"/>
        <vehicle id="cfm_slow_3" eclass="HBEFA3/PC_G_EU4" CO2="16494.52" CO="537.20" HC="2.89" NOx="6.68" PMx="0.52" fuel="7.09" electricity="0.00" noise="81.41" route="routetop" type="cfm_slow" waiting="0.00" lane="top_0" pos="45.49" speed="46.75" angle="192.67" x="-0.98" y="72.91"/>
        <vehicle id="cfm_slow_4" eclass="HBEFA3/PC_G_EU4" CO2="16494.52" CO="537.20" HC="2.89" NOx="6.68" PMx="0.52" fuel="7.09" electricity="0.00" noise="81.41" route="routetop" type="cfm_slow" waiting="0.00" lane="left_0" pos="35.49" speed="46.75" angle="120.68" x="34.90" y="5.03"/>
    </timestep>
    <timestep time="6.30">
        <vehicle id="cfm_slow_0" eclass="HBEFA3/PC_G_EU4" CO2="16470.77" CO="536.76" HC="2.89" NOx="6.67" PMx="0.52" fuel="7.08" electricity="0.00" noise="81.41" route="routebottom" type="cfm_slow" waiting="0.00" lane="bottom_0" pos="25.96" speed="46.75" angle="47.81" x="111.20" y="18.89"/>
        <vehicle id="cfm_slow_1" eclass="HBEFA3/PC_G_EU4" CO2="16470.77" CO="536.76" HC="2.89" NOx="6.67" PMx="0.52" fuel="7.08" electricity="0.00" noise="81.41" route="routebottom" type="cfm_slow" waiting="0.00" lane="right_0" pos="15.96" speed="46.75" angle="335.77" x="120.92" y="95.05"/>
        <vehicle id="cfm_slow_2" eclass="HBEFA3/PC_G_EU4" CO2="16470.77" CO="536.76" HC="2.89" NOx="6.67" PMx="0.52" fuel="7.08" electricity="0.00" noise="81.41" route="routetop" type="cfm_slow" waiting="0.00" lane="top_0" pos="5.96" speed="46.75" angle="263.77" x="51.49" y="127.82"/>
        <vehicle id="cfm_slow_3" eclass="HBEFA3/PC_G_EU4" CO2="16470.77" CO="536.76" HC="2.89" NOx="6.67" PMx="0.52" fuel="7.08" electricity="0.00" noise="81.41" route="routetop" type="cfm_slow" waiting="0.00" lane="top_0" pos="45.96" speed="46.75" angle="191.82" x="-1.12" y="71.96"/>
        <vehicle id="cfm_slow_4" eclass="HBEFA3/PC_G_EU4" CO2="16470.77" CO="536.76" HC="2.89" NOx="6.67" PMx="0.52" fuel="7.08" electricity="0.00" noise="81.41" route="routetop" type="cfm_slow" waiting="0.00" lane="left_0" pos="35.96" speed="46.75" angle="119.88" x="35.76" y="4.61"/>
    </timestep>
    <timestep time="6.31">
        <vehicle id="cfm_slow_0" eclass="HBEFA3/PC_G_EU4" CO2="16447.22" CO="536.33" HC="2.89" NOx="6.66" PMx="0.52" fuel="7.07" electricity="0.00" noise="81.40" route="routebottom" type="cfm_slow" waiting="0.00" lane="bottom_0" pos="26.42" speed="46.76" angle="46.95" x="111.85" y="19.60"/>
        <vehicle id="cfm_slow_1" eclass="HBEFA3/PC_G_EU4" CO2="16447.22" CO="536.33" HC="2.89" NOx="6.66" PMx="0.52" fuel="7.07" electricity="0.00" noise="81.40" route="routebottom" type="cfm_slow" waiting="0.00" lane="right_0" pos="16.42" speed="46.76" angle="334.94" x="120.46" y="95.89"/>
        <vehicle id="cfm_slow_2" eclass="HBEFA3/PC_G_EU4" CO2="16447.22" CO="536.33" HC="2.89" NOx="6.66" PMx="0.52" fuel="7.07" electricity="0.00" noise="81.40" route="routetop" type="cfm_slow" waiting="0.00" lane="top_0" pos="6.42" speed="46.76" angle="262.97" x="50.55" y="127.65"/>
        <vehicle id="cfm_slow_3" eclass="HBEFA3/PC_G_EU4" CO2="16447.22" CO="536.33" HC="2.89" NOx="6.66" PMx="0.52" fuel="7.07" electricity="0.00" noise="81.40" route="routetop" type="cfm_slow" waiting="0.00" lane="top_0" pos="46.42" speed="46.76" angle="191.01" x="-1.23" y="71.01"/>
        <vehicle id="cfm_slow_4" eclass="HBEFA3/PC_G_EU4" CO2="16447.22" CO="536.33" HC="2.89" NOx="6.66" PMx="0.52" fuel="7.07" electricity="0.00" noise="81.40" route="routetop" type="cfm_slow" waiting="0.00" lane="left_0" pos="36.42" speed="46.76" angle="118.99" x="36.63" y="4.21"/>
    </timestep>
    <timestep time="6.32">
        <vehicle id="cfm_slow_0" eclass="HBEFA3/PC_G_EU4" CO2="16423.89" CO="535.89" HC="2.89" NOx="6.64" PMx="0.52" fuel="7.06" electricity="0.00" noise="81.40" route="routebottom" type="cfm_slow" waiting="0.00" lane="bottom_0" pos="26.89" speed="46.76" angle="46.15" x="112.50" y="20.30"/>
        <vehicle id="cfm_slow_1" eclass="HBEFA3/PC_G_EU4" CO2="16423.89" CO="535.89" HC="2.89" NOx="6.64" PMx="0.52" fuel="7.06" electricity="0.00" noise="81.40" route="routebottom" type="cfm_slow" waiting="0.00" lane="right_0" pos="16.89" speed="46.76" angle="334.14" x="119.98" y="96.72"/>
        <vehicle id="cfm_slow_2" eclass="HBEFA3/PC_G_EU4" CO2="16423.89" CO="535.89" HC="2.89" NOx="6.64" PMx="0.52" fuel="7.06" electricity="0.00" noise="81.40" route="routetop" type="cfm_slow" waiting="0.00" lane="top_0" pos="6.89" speed="46.76" angle="262.07" x="49.61" y="127.43"/>
        <vehicle id="cfm_slow_3" eclass="HBEFA3/PC_G_EU4" CO2="16423.89" CO="535.89" HC="2.89" NOx="6.64" PMx="0.52" fuel="7.06" electricity="0.00" noise="81.40" route="routetop" type="cfm_slow" waiting="0.00" lane="top_0" pos="46.89" speed="46.76" angle="190.13" x="-1.33" y="70.05"/>
        <vehicle id="cfm_slow_4" eclass="HBEFA3/PC_G_EU4" CO2="16423.89" CO="535.89" HC="2.89" NOx="6.64" PMx="0.52" fuel="7.06" electricity="0.00" noise="81.40" route="routetop" type="cfm_slow" waiting="0.00" lane="left_0" pos="36.89" speed="46.76" angle="118.09" x="37.51" y="3.82"/>
    </timestep>
    <timestep time="6.33">
        <vehicle id="cfm_slow_0" eclass="HBEFA3/PC_G_EU4" CO2="16400.77" CO="535.46" HC="2.88" NOx="6.63" PMx="0.52" fuel="7.05" electricity="0.00" noise="81.39" route="routebottom" type="cfm_slow" waiting="0.00" lane="bottom_0" pos="27.36" speed="46.76" angle="45.27" x="113.12" y="21.03"/>
        <vehicle id="cfm_slow_1" eclass="HBEFA3/PC_G_EU4" CO2="16400.77" CO="535.46" HC="2.88" NOx="6.63" PMx="0.52" fuel="7.05" electricity="0.00" noise="81.39" route="routebottom" type="cfm_slow" waiting="0.00" lane="right_0" pos="17.36" speed="46.76" angle="333.27" x="119.49" y="97.54"/>
        <vehicle id="cfm_slow_2" eclass="HBEFA3/PC_G_EU4" CO2="16400.77" CO="535.46" HC="2.88" NOx="6.63" PMx="0.52" fuel="7.05" electricity="0.00" noise="81.39" route="routetop" type="cfm_slow" waiting="0.00" lane="top_0" pos="7.36" speed="46.76" angle="261.16" x="48.68" y="127.22"/>
        <vehicle id="cfm_slow_3" eclass="HBEFA3/PC_G_EU4" CO2="16400.77" CO="535.46" HC="2.88" NOx="6.63" PMx="0.52" fuel="7.05" electricity="0.00" noise="81.39" route="routetop" type="cfm_slow" waiting="0.00" lane="top_0" pos="47.36" speed="46.76" angle="189.27" x="-1.42" y="69.10"/>
        <vehicle id="cfm_slow_4" eclass="HBEFA3/PC_G_EU4" CO2="16400.77" CO="535.46" HC="2.88" NOx="6.63" PMx="0.52" fuel="7.05" electricity="0.00" noise="81.39" route="routetop" type="cfm_slow" waiting="0.00" lane="left_0" pos="37.36" speed="46.76" angle="117.28" x="38.39" y="3.44"/>
    </timestep>
    <timestep time="6.34">
        <vehicle id="cfm_slow_0" eclass="HBEFA3/PC_G_EU4" CO2="16377.86" CO="535.04" HC="2.88" NOx="6.62" PMx="0.52" fuel="7.04" electricity="0.00" noise="81.39" route="routebottom" type="cfm_slow" waiting="0.00" lane="bottom_0" pos="27.83" speed="46.76" angle="44.38" x="113.74" y="21.76"/>
        <vehicle id="cfm_slow_1" eclass="HBEFA3/PC_G_EU4" CO2="16377.86" CO="535.04" HC="2.88" NOx="6.62" PMx="0.52" fuel="7.04" electricity="0.00" noise="81.39" route="routebottom" type="cfm_slow" waiting="0.00" lane="right_0" pos="17.83" speed="46.76" angle="332.41" x="118.99" y="98.36"/>
        <vehicle id="cfm_slow_2" eclass="HBEFA3/PC_G_EU4" CO2="16377.86" CO="535.04" HC="2.88" NOx="6.62" PMx="0.52" fuel="7.04" electricity="0.00" noise="81.39" route="routetop" type="cfm_slow" waiting="0.00" lane="top_0" pos="7.83" speed="46.76" angle="260.35" x="47.75" y="127.00"/>
        <vehicle id="cfm_slow_3" eclass="HBEFA3/PC_G_EU4" CO2="16377.86" CO="535.04" HC="2.88" NOx="6.62" PMx="0.52" fuel="7.04" electricity="0.00" noise="81.39" route="routetop" type="cfm_slow" waiting="0.00" lane="top_0" pos="47.83" speed="46.76" angle="188.46" x="-1.49" y="68.14"/>
        <vehicle id="cfm_slow_4" eclass="HBEFA3/PC_G_EU4" CO2="16377.86" CO="535.04" HC="2.88" NOx="6.62" PMx="0.52" fuel="7.04" electricity="0.00" noise="81.39" route="routetop" type="cfm_slow" waiting="0.00" lane="left_0" pos="37.83" speed="46.76" angle="116.41" x="39.28" y="3.09"/>
    </timestep>
    <timestep time="6.35">
        <vehicle id="cfm_slow_0" eclass="HBEFA3/PC_G_EU4" CO2="16355.15" CO="534.62" HC="2.88" NOx="6.61" PMx="0.52" fuel="7.03" electricity="0.00" noise="81.39" route="routebottom" type="cfm_slow" waiting="0.00" lane="bottom_0" pos="28.29" speed="46.76" angle="43.56" x="114.36" y="22.50"/>
        <vehicle id="cfm_slow_1" eclass="HBEFA3/PC_G_EU4" CO2="16355.15" CO="534.62" HC="2.88" NOx="6.61" PMx="0.52" fuel="7.03" electricity="0.00" noise="81.39" route="routebottom" type="cfm_slow" waiting="0.00" lane="right_0" pos="18.29" speed="46.76" angle="331.59" x="118.47" y="99.17"/>
        <vehicle id="cfm_slow_2" eclass="HBEFA3/PC_G_EU4" CO2="16355.15" CO="534.62" HC="2.88" NOx="6.61" PMx="0.52" fuel="7.03" electricity="0.00" noise="81.39" route="routetop" type="cfm_slow" waiting="0.00" lane="top_0" pos="8.29" speed="46.76" angle="259.52" x="46.82" y="126.75"/>
        <vehicle id="cfm_slow_3" eclass="HBEFA3/PC_G_EU4" CO2="16355.15" CO="534.62" HC="2.88" NOx="6.61" PMx="0.52" fuel="7.03" electricity="0.00" noise="81.39" route="routetop" type="cfm_slow" waiting="0.00" lane="top_0" pos="48.29" speed="46.76" angle="187.60" x="-1.55" y="67.19"/>
        <vehicle id="cfm_slow_4" eclass="HBEFA3/PC_G_EU4" CO2="16355.15" CO="534.62" HC="2.88" NOx="6.61" PMx="0.52" fuel="7.03" electricity="0.00" noise="81.39" route="routetop" type="cfm_slow" waiting="0.00" lane="left_0" pos="38.29" speed="46.76" angle="115.53" x="40.17" y="2.74"/>
    </timestep>
    <timestep time="6.36">
        <vehicle id="cfm_slow_0" eclass="HBEFA3/PC_G_EU4" CO2="16332.65" CO="534.20" HC="2.88" NOx="6.60" PMx="0.52" fuel="7.02" electricity="0.00" noise="81.38" route="routebottom" type="cfm_slow" waiting="0.00" lane="bottom_0" pos="28.76" speed="46.77" angle="42.69" x="114.95" y="23.25"/>
        <vehicle id="cfm_slow_1" eclass="HBEFA3/PC_G_EU4" CO2="16332.65" CO="534.20" HC="2.88" NOx="6.60" PMx="0.52" fuel="7.02" electricity="0.00" noise="81.38" route="routebottom" type="cfm_slow" waiting="0.00" lane="right_0" pos="18.76" speed="46.77" angle="330.70" x="117.94" y="99.97"/>
        <vehicle id="cfm_slow_2" eclass="HBEFA3/PC_G_EU4" CO2="16332.65" CO="534.20" HC="2.88" NOx="6.60" PMx="0.52" fuel="7.02" electricity="0.00" noise="81.38" route="routetop" type="cfm_slow" waiting="0.00" lane="top_0" pos="8.76" speed="46.77" angle="258.69" x="45.89" y="126.51"/>
        <vehicle id="cfm_slow_3" eclass="HBEFA3/PC_G_EU4" CO2="16332.65" CO="534.20" HC="2.88" NOx="6.60" PMx="0.52" fuel="7.02" electricity="0.00" noise="81.38" route="routetop" type="cfm_slow" waiting="0.00" lane="top_0" pos="48.76" speed="46.77" angle="186.79" x="-1.60" y="66.23"/>
        <vehicle id="cfm_slow_4" eclass="HBEFA3/PC_G_EU4" CO2="16332.65" CO="534.20" HC="2.88" NOx="6.60" PMx="0.52" fuel="7.02" electricity="0.00" noise="81.38" route="routetop" type="cfm_slow" waiting="0.00" lane="left_0" pos="38.76" speed="46.77" angle="114.72" x="41.07" y="2.40"/>
    </timestep>
    <timestep time="6.37">
        <vehicle id="cfm_slow_0" eclass="HBEFA3/PC_G_EU4" CO2="16310.35" CO="533.79" HC="2.87" NOx="6.59" PMx="0.52" fuel="7.01" electricity="0.00" noise="81.38" route="routebottom" type="cfm_slow" waiting="0.00" lane="bottom_0" pos="29.23" speed="46.77" angle="41.82" x="115.54" y="24.01"/>
        <vehicle id="cfm_slow_1" eclass="HBEFA3/PC_G_EU4" CO2="16310.35" CO="533.79" HC="2.87" NOx="6.59" PMx="0.52" fuel="7.01" electricity="0.00" noise="81.38" route="routebottom" type="cfm_slow" waiting="0.00" lane="right_0" pos="19.23" speed="46.77" angle="329.88" x="117.41" y="100.76"/>
        <vehicle id="cfm_slow_2" eclass="HBEFA3/PC_G_EU4" CO2="16310.35" CO="533.79" HC="2.87" NOx="6.59" PMx="0.52" fuel="7.01" electricity="0.00" noise="81.38" route="routetop" type="cfm_slow" waiting="0.00" lane="top_0" pos="9.23" speed="46.77" angle="257.90" x="44.97" y="126.24"/>
        <vehicle id="cfm_slow_3" eclass="HBEFA3/PC_G_EU4" CO2="16310.35" CO="533.79" HC="2.87" NOx="6.59" PMx="0.52" fuel="7.01" electricity="0.00" noise="81.38" route="routetop" type="cfm_slow" waiting="0.00" lane="top_0" pos="49.23" speed="46.77" angle="185.91" x="-1.62" y="65.27"/>
        <vehicle id="cfm_slow_4" eclass="HBEFA3/PC_G_EU4" CO2="16310.35" CO="533.79" HC="2.87" NOx="6.59" PMx="0.52" fuel="7.01" electricity="0.00" noise="81.38" route="routetop" type="cfm_slow" waiting="0.00" lane="left_0" pos="39.23" speed="46.77" angle="113.86" x="41.97" y="2.07"/>
    </timestep>
    <timestep time="6.38">
        <vehicle id="cfm_slow_0" eclass="HBEFA3/PC_G_EU4" CO2="16288.25" CO="533.38" HC="2.87" NOx="6.58" PMx="0.52" fuel="7.00" electricity="0.00" noise="81.38" route="routebottom" type="cfm_slow" waiting="0.00" lane="bottom_0" pos="29.70" speed="46.77" angle="41.03" x="116.12" y="24.77"/>
        <vehicle id="cfm_slow_1" eclass="HBEFA3/PC_G_EU4" CO2="16288.25" CO="533.38" HC="2.87" NOx="6.58" PMx="0.52" fuel="7.00" electricity="0.00" noise="81.38" route="routebottom" type="cfm_slow" waiting="0.00" lane="right_0" pos="19.70" speed="46.77" angle="329.01" x="116.85" y="101.54"/>
        <vehicle id="cfm_slow_2" eclass="HBEFA3/PC_G_EU4" CO2="16288.25" CO="533.38" HC="2.87" NOx="6.58" PMx="0.52" fuel="7.00" electricity="0.00" noise="81.38" route="routetop" type="cfm_slow" waiting="0.00" lane="top_0" pos="9.70" speed="46.77" angle="257.04" x="44.06" y="125.95"/>
        <vehicle id="cfm_slow_3" eclass="HBEFA3/PC_G_EU4" CO2="16288.25" CO="533.38" HC="2.87" NOx="6.58" PMx="0.52" fuel="7.00" electricity="0.00" noise="81.38" route="routetop" type="cfm_slow" waiting="0.00" lane="top_0" pos="49.70" speed="46.77" angle="185.03" x="-1.64" y="64.31"/>
        <vehicle id="cfm_slow_4" eclass="HBEFA3/PC_G_EU4" CO2="16288.25" CO="533.38" HC="2.87" NOx="6.58" PMx="0.52" fuel="7.00" electricity="0.00" noise="81.38" route="routetop" type="cfm_slow" waiting="0.00" lane="left_0" pos="39.70" speed="46.77" angle="113.04" x="42.87" y="1.75"/>
    </timestep>
    <timestep time="6.39">
        <vehicle id="cfm_slow_0" eclass="HBEFA3/PC_G_EU4" CO2="16266.34" CO="532.97" HC="2.87" NOx="6.57" PMx="0.52" fuel="6.99" electricity="0.00" noise="81.37" route="routebottom" type="cfm_slow" waiting="0.00" lane="bottom_0" pos="30.16" speed="46.77" angle="40.19" x="116.68" y="25.55"/>
        <vehicle id="cfm_slow_1" eclass="HBEFA3/PC_G_EU4" CO2="16266.34" CO="532.97" HC="2.87" NOx="6.57" PMx="0.52" fuel="6.99" electricity="0.00" noise="81.37" route="routebottom" type="cfm_slow" waiting="0.00" lane="right_0" pos="20.16" speed="46.77" angle="328.14" x="116.28" y="102.32"/>
        <vehicle id="cfm_slow_2" eclass="HBEFA3/PC_G_EU4" CO2="16266.34" CO="532.97" HC="2.87" NOx="6.57" PMx="0.52" fuel="6.99" electricity="0.00" noise="81.37" route="routetop" type="cfm_slow" waiting="0.00" lane="top_0" pos="10.16" speed="46.77" angle="256.21" x="43.14" y="125.67"/>
        <vehicle id="cfm_slow_3" eclass="HBEFA3/PC_G_EU4" CO2="16266.34" CO="532.97" HC="2.87" NOx="6.57" PMx="0.52" fuel="6.99" electricity="0.00" noise="81.37" route="routetop" type="cfm_slow" waiting="0.00" lane="left_0" pos="0.16" speed="46.77" angle="184.19" x="-1.64" y="63.29"/>
        <vehicle id="cfm_slow_4" eclass="HBEFA3/PC_G_EU4" CO2="16266.34" CO="532.97" HC="2.87" NOx="6.57" PMx="0.52" fuel="6.99" electricity="0.00" noise="81.37" route="routetop" type="cfm_slow" waiting="0.00" lane="left_0" pos="40.16" speed="46.77" angle="112.19" x="43.79" y="1.46"/>
    </timestep>
    <timestep time="6.40">
        <vehicle id="cfm_slow_0" eclass="HBEFA3/PC_G_EU4" CO2="16244.64" CO="532.57" HC="2.87" NOx="6.56" PMx="0.51" fuel="6.98" electricity="0.00" noise="81.37" route="routebottom" type="cfm_slow" waiting="0.00" lane="bottom_0" pos="30.63" speed="46.78" angle="39.35" x="117.24" y="26.33"/>
        <vehicle id="cfm_slow_1" eclass="HBEFA3/PC_G_EU4" CO2="16244.64" CO="532.57" HC="2.87" NOx="6.56" PMx="0.51" fuel="6.98" electricity="0.00" noise="81.37" route="routebottom" type="cfm_slow" waiting="0.00" lane="right_0" pos="20.63" speed="46.78" angle="327.33" x="115.71" y="103.09"/>
        <vehicle id="cfm_slow_2" eclass="HBEFA3/PC_G_EU4" CO2="16244.64" CO="532.57" HC="2.87" NOx="6.56" PMx="0.51" fuel="6.98" electricity="0.00" noise="81.37" route="routetop" type="cfm_slow" waiting="0.00" lane="top_0" pos="10.63" speed="46.78" angle="255.34" x="42.24" y="125.35"/>
        <vehicle id="cfm_slow_3" eclass="HBEFA3/PC_G_EU4" CO2="16244.64" CO="532.57" HC="2.87" NOx="6.56" PMx="0.51" fuel="6.98" electricity="0.00" noise="81.37" route="routetop" type="cfm_slow" waiting="0.00" lane="left_0" pos="0.63" speed="46.78" angle="183.33" x="-1.62" y="62.33"/>
        <vehicle id="cfm_slow_4" eclass="HBEFA3/PC_G_EU4" CO2="16244.64" CO="532.57" HC="2.87" NOx="6.56" PMx="0.51" fuel="6.98" electricity="0.00" noise="81.37" route="routetop" type="cfm_slow" waiting="0.00" lane="left_0" pos="40.63" speed="46.78" angle="111.32" x="44.70" y="1.17"/>
    </timestep>
    <timestep time="6.41">
        <vehicle id="cfm_slow_0" eclass="HBEFA3/PC_G_EU4" CO2="16223.13" CO="532.17" HC="2.86" NOx="6.55" PMx="0.51" fuel="6.97" electricity="0.00" noise="81.37" route="routebottom" type="cfm_slow" waiting="0.00" lane="bottom_0" pos="31.10" speed="46.78" angle="38.55" x="117.78" y="27.12"/>
        <vehicle id="cfm_slow_1" eclass="HBEFA3/PC_G_EU4" CO2="16223.13" CO="532.17" HC="2.86" NOx="6.55" PMx="0.51" fuel="6.97" electricity="0.00" noise="81.37" route="routebottom" type="cfm_slow" waiting="0.00" lane="right_0" pos="21.10" speed="46.78" angle="326.47" x="115.12" y="103.84"/>
        <vehicle id="cfm_slow_2" eclass="HBEFA3/PC_G_EU4" CO2="16223.13" CO="532.17" HC="2.86" NOx="6.55" PMx="0.51" fuel="6.97" electricity="0.00" noise="81.37" route="routetop" type="cfm_slow" waiting="0.00" lane="top_0" pos="11.10" speed="46.78" angle="254.43" x="41.33" y="125.02"/>
        <vehicle id="cfm_slow_3" eclass="HBEFA3/PC_G_EU4" CO2="16223.13" CO="532.17" HC="2.86" NOx="6.55" PMx="0.51" fuel="6.97" electricity="0.00" noise="81.37" route="routetop" type="cfm_slow" waiting="0.00" lane="left_0" pos="1.10" speed="46.78" angle="182.48" x="-1.61" y="61.37"/>
        <vehicle id="cfm_slow_4" eclass="HBEFA3/PC_G_EU4" CO2="16223.13" CO="532.17" HC="2.86" NOx="6.55" PMx="0.51" fuel="6.97" electricity="0.00" noise="81.37" route="routetop" type="cfm_slow" waiting="0.00" lane="left_0" pos="41.10" speed="46.78" angle="110.52" x="45.62" y="0.90"/>
    </timestep>
    <timestep time="6.42">
        <vehicle id="cfm_slow_0" eclass="HBEFA3/PC_G_EU4" CO2="16201.82" CO="531.77" HC="2.86" NOx="6.54" PMx="0.51" fuel="6.96" electricity="0.00" noise="81.36" route="routebottom" type="cfm_slow" waiting="0.00" lane="bottom_0" pos="31.57" speed="46.78" angle="37.70" x="118.31" y="27.92"/>
        <vehicle id="cfm_slow_1" eclass="HBEFA3/PC_G_EU4" CO2="16201.82" CO="531.77" HC="2.86" NOx="6.54" PMx="0.51" fuel="6.96" electricity="0.00" noise="81.36" route="routebottom" type="cfm_slow" waiting="0.00" lane="right_0" pos="21.57" speed="46.78" angle="325.62" x="114.53" y="104.60"/>
        <vehicle id="cfm_slow_2" eclass="HBEFA3/PC_G_EU4" CO2="16201.82" CO="531.77" HC="2.86" NOx="6.54" PMx="0.51" fuel="6.96" electricity="0.00" noise="81.36" route="routetop" type="cfm_slow" waiting="0.00" lane="top_0" pos="11.57" speed="46.78" angle="253.60" x="40.43" y="124.69"/>
        <vehicle id="cfm_slow_3" eclass="HBEFA3/PC_G_EU4" CO2="16201.82" CO="531.77" HC="2.86" NOx="6.54" PMx="0.51" fuel="6.96" electricity="0.00" noise="81.36" route="routetop" type="cfm_slow" waiting="0.00" lane="left_0" pos="1.57" speed="46.78" angle="181.67" x="-1.56" y="60.42"/>
        <vehicle id="cfm_slow_4" eclass="HBEFA3/PC_G_EU4" CO2="16201.82" CO="531.77" HC="2.86" NOx="6.54" PMx="0.51" fuel="6.96" electricity="0.00" noise="81.36" route="routetop" type="cfm_slow" waiting="0.00" lane="left_0" pos="41.57" speed="46.78" angle="109.66" x="46.55" y="0.65"/>
    </timestep>
    <timestep time="6.43">
        <vehicle id="cfm_slow_0" eclass="HBEFA3/PC_G_EU4" CO2="16180.69" CO="531.38" HC="2.86" NOx="6.53" PMx="0.51" fuel="6.96" electricity="0.00" noise="81.36" route="routebottom" type="cfm_slow" waiting="0.00" lane="bottom_0" pos="32.04" speed="46.78" angle="36.90" x="118.85" y="28.72"/>
        <vehicle id="cfm_slow_1" eclass="HBEFA3/PC_G_EU4" CO2="16180.69" CO="531.38" HC="2.86" NOx="6.53" PMx="0.51" fuel="6.96" electricity="0.00" noise="81.36" route="routebottom" type="cfm_slow" waiting="0.00" lane="right_0" pos="22.04" speed="46.78" angle="324.82" x="113.93" y="105.34"/>
        <vehicle id="cfm_slow_2" eclass="HBEFA3/PC_G_EU4" CO2="16180.69" CO="531.38" HC="2.86" NOx="6.53" PMx="0.51" fuel="6.96" electricity="0.00" noise="81.36" route="routetop" type="cfm_slow" waiting="0.00" lane="top_0" pos="12.04" speed="46.78" angle="252.78" x="39.54" y="124.34"/>
        <vehicle id="cfm_slow_3" eclass="HBEFA3/PC_G_EU4" CO2="16180.69" CO="531.38" HC="2.86" NOx="6.53" PMx="0.51" fuel="6.96" electricity="0.00" noise="81.36" route="routetop" type="cfm_slow" waiting="0.00" lane="left_0" pos="2.04" speed="46.78" angle="180.82" x="-1.50" y="59.46"/>
        <vehicle id="cfm_slow_4" eclass="HBEFA3/PC_G_EU4" CO2="16180.69" CO="531.38" HC="2.86" NOx="6.53" PMx="0.51" fuel="6.96" electricity="0.00" noise="81.36" route="routetop" type="cfm_slow" waiting="0.00" lane="left_0" pos="42.04" speed="46.78" angle="108.81" x="47.47" y="0.40"/>
    </timestep>
    <timestep time="6.44">
        <vehicle id="cfm_slow_0" eclass="HBEFA3/PC_G_EU4" CO2="16159.76" CO="530.99" HC="2.86" NOx="6.52" PMx="0.51" fuel="6.95" electricity="0.00" noise="81.36" route="routebottom" type="cfm_slow" waiting="0.00" lane="bottom_0" pos="32.50" speed="46.78" angle="36.03" x="119.34" y="29.54"/>
        <vehicle id="cfm_slow_1" eclass="HBEFA3/PC_G_EU4" CO2="16159.76" CO="530.99" HC="2.86" NOx="6.52" PMx="0.51" fuel="6.95" electricity="0.00" noise="81.36" route="routebottom" type="cfm_slow" waiting="0.00" lane="right_0" pos="22.50" speed="46.78" angle="323.96" x="113.31" y="106.08"/>
        <vehicle id="cfm_slow_2" eclass="HBEFA3/PC_G_EU4" CO2="16159.76" CO="530.99" HC="2.86" NOx="6.52" PMx="0.51" fuel="6.95" electricity="0.00" noise="81.36" route="routetop" type="cfm_slow" waiting="0.00" lane="top_0" pos="12.50" speed="46.78" angle="251.96" x="38.65" y="123.98"/>
        <vehicle id="cfm_slow_3" eclass="HBEFA3/PC_G_EU4" CO2="16159.76" CO="530.99" HC="2.86" NOx="6.52" PMx="0.51" fuel="6.95" electricity="0.00" noise="81.36" route="routetop" type="cfm_slow" waiting="0.00" lane="left_0" pos="2.50" speed="46.78" angle="180.00" x="-1.45" y="58.50"/>
        <vehicle id="cfm_slow_4" eclass="HBEFA3/PC_G_EU4" CO2="16159.76" CO="530.99" HC="2.86" NOx="6.52" PMx="0.51" fuel="6.95" electricity="0.00" noise="81.36" route="routetop" type="cfm_slow" waiting="0.00" lane="left_0" pos="42.50" speed="46.78" angle="108.02" x="48.40" y="0.17"/>
    </timestep>
    <timestep time="6.45">
        <vehicle id="cfm_slow_0" eclass="HBEFA3/PC_G_EU4" CO2="16139.02" CO="530.61" HC="2.85" NOx="6.51" PMx="0.51" fuel="6.94" electricity="0.00" noise="81.36" route="routebottom" type="cfm_slow" waiting="0.00" lane="bottom_0" pos="32.97" speed="46.79" angle="35.16" x="119.83" y="30.36"/>
        <vehicle id="cfm_slow_1" eclass="HBEFA3/PC_G_EU4" CO2="16139.02" CO="530.61" HC="2.85" NOx="6.51" PMx="0.51" fuel="6.94" electricity="0.00" noise="81.36" route="routebottom" type="cfm_slow" waiting="0.00" lane="right_0" pos="22.97" speed="46.79" angle="323.13" x="112.69" y="106.81"/>
        <vehicle id="cfm_slow_2" eclass="HBEFA3/PC_G_EU4" CO2="16139.02" CO="530.61" HC="2.85" NOx="6.51" PMx="0.51" fuel="6.94" electricity="0.00" noise="81.36" route="routetop" type="cfm_slow" waiting="0.00" lane="top_0" pos="12.97" speed="46.79" angle="251.17" x="37.77" y="123.61"/>
        <vehicle id="cfm_slow_3" eclass="HBEFA3/PC_G_EU4" CO2="16139.02" CO="530.61" HC="2.85" NOx="6.51" PMx="0.51" fuel="6.94" electricity="0.00" noise="81.36" route="routetop" type="cfm_slow" waiting="0.00" lane="left_0" pos="2.97" speed="46.79" angle="179.16" x="-1.35" y="57.55"/>
        <vehicle id="cfm_slow_4" eclass="HBEFA3/PC_G_EU4" CO2="16139.02" CO="530.61" HC="2.85" NOx="6.51" PMx="0.51" fuel="6.94" electricity="0.00" noise="81.36" route="routetop" type="cfm_slow" waiting="0.00" lane="left_0" pos="42.97" speed="46.79" angle="107.18" x="49.34" y="-0.05"/>
    </timestep>
    <timestep time="6.46">
        <vehicle id="cfm_slow_0" eclass="HBEFA3/PC_G_EU4" CO2="16118.46" CO="530.23" HC="2.85" NOx="6.50" PMx="0.51" fuel="6.93" electricity="0.00" noise="81.35" route="routebottom" type="cfm_slow" waiting="0.00" lane="bottom_0" pos="33.44" speed="46.79" angle="34.34" x="120.32" y="31.19"/>
        <vehicle id="cfm_slow_1" eclass="HBEFA3/PC_G_EU4" CO2="16118.46" CO="530.23" HC="2.85" NOx="6.50" PMx="0.51" fuel="6.93" electricity="0.00" noise="81.35" route="routebottom" type="cfm_slow" waiting="0.00" lane="right_0" pos="23.44" speed="46.79" angle="322.33" x="112.05" y="107.52"/>
        <vehicle id="cfm_slow_2" eclass="HBEFA3/PC_G_EU4" CO2="16118.46" CO="530.23" HC="2.85" NOx="6.50" PMx="0.51" fuel="6.93" electricity="0.00" noise="81.35" route="routetop" type="cfm_slow" waiting="0.00" lane="top_0" pos="13.44" speed="46.79" angle="250.29" x="36.89" y="123.22"/>
        <vehicle id="cfm_slow_3" eclass="HBEFA3/PC_G_EU4" CO2="16118.46" CO="530.23" HC="2.85" NOx="6.50" PMx="0.51" fuel="6.93" electricity="0.00" noise="81.35" route="routetop" type="cfm_slow" waiting="0.00" lane="left_0" pos="3.44" speed="46.79" angle="178.31" x="-1.26" y="56.59"/>
        <vehicle id="cfm_slow_4" eclass="HBEFA3/PC_G_EU4" CO2="16118.46" CO="530.23" HC="2.85" NOx="6.50" PMx="0.51" fuel="6.93" electricity="0.00" noise="81.35" route="routetop" type="cfm_slow" waiting="0.00" lane="left_0" pos="43.44" speed="46.79" angle="106.34" x="50.27" y="-0.26"/>
    </timestep>
    <timestep time="6.47">
        <vehicle id="cfm_slow_0" eclass="HBEFA3/PC_G_EU4" CO2="16098.09" CO="529.85" HC="2.85" NOx="6.49" PMx="0.51" fuel="6.92" electricity="0.00" noise="81.35" route="routebottom" type="cfm_slow" waiting="0.00" lane="bottom_0" pos="33.91" speed="46.79" angle="33.50" x="120.78" y="32.03"/>
        <vehicle id="cfm_slow_1" eclass="HBEFA3/PC_G_EU4" CO2="16098.09" CO="529.85" HC="2.85" NOx="6.49" PMx="0.51" fuel="6.92" electricity="0.00" noise="81.35" route="routebottom" type="cfm_slow" waiting="0.00" lane="right_0" pos="23.91" speed="46.79" angle="321.47" x="111.39" y="108.23"/>
        <vehicle id="cfm_slow_2" eclass="HBEFA3/PC_G_EU4" CO2="16098.09" CO="529.85" HC="2.85" NOx="6.49" PMx="0.51" fuel="6.92" electricity="0.00" noise="81.35" route="routetop" type="cfm_slow" waiting="0.00" lane="top_0" pos="13.91" speed="46.79" angle="249.42" x="36.01" y="122.83"/>
        <vehicle id="cfm_slow_3" eclass="HBEFA3/PC_G_EU4" CO2="16098.09" CO="529.85" HC="2.85" NOx="6.49" PMx="0.51" fuel="6.92" electricity="0.00" noise="81.35" route="routetop" type="cfm_slow" waiting="0.00" lane="left_0" pos="3.91" speed="46.79" angle="177.51" x="-1.16" y="55.64"/>
        <vehicle id="cfm_slow_4" eclass="HBEFA3/PC_G_EU4" CO2="16098.09" CO="529.85" HC="2.85" NOx="6.49" PMx="0.51" fuel="6.92" electricity="0.00" noise="81.35" route="routetop" type="cfm_slow" waiting="0.00" lane="left_0" pos="43.91" speed="46.79" angle="105.53" x="51.21" y="-0.44"/>
    </timestep>
    <timestep time="6.48">
        <vehicle id="cfm_slow_0" eclass="HBEFA3/PC_G_EU4" CO2="16077.90" CO="529.47" HC="2.85" NOx="6.48" PMx="0.51" fuel="6.91" electricity="0.00" noise="81.35" route="routebottom" type="cfm_slow" waiting="0.00" lane="bottom_0" pos="34.37" speed="46.79" angle="32.65" x="121.25" y="32.87"/>
        <vehicle id="cfm_slow_1" eclass="HBEFA3/PC_G_EU4" CO2="16077.90" CO="529.47" HC="2.85" NOx="6.48" PMx="0.51" fuel="6.91" electricity="0.00" noise="81.35" route="routebottom" type="cfm_slow" waiting="0.00" lane="right_0" pos="24.37" speed="46.79" angle="320.67" x="110.74" y="108.93"/>
        <vehicle id="cfm_slow_2" eclass="HBEFA3/PC_G_EU4" CO2="16077.90" CO="529.47" HC="2.85" NOx="6.48" PMx="0.51" fuel="6.91" electricity="0.00" noise="81.35" route="routetop" type="cfm_slow" waiting="0.00" lane="top_0" pos="14.37" speed="46.79" angle="248.61" x="35.15" y="122.41"/>
        <vehicle id="cfm_slow_3" eclass="HBEFA3/PC_G_EU4" CO2="16077.90" CO="529.47" HC="2.85" NOx="6.48" PMx="0.51" fuel="6.91" electricity="0.00" noise="81.35" route="routetop" type="cfm_slow" waiting="0.00" lane="left_0" pos="4.37" speed="46.79" angle="176.65" x="-1.02" y="54.69"/>
        <vehicle id="cfm_slow_4" eclass="HBEFA3/PC_G_EU4" CO2="16077.90" CO="529.47" HC="2.85" NOx="6.48" PMx="0.51" fuel="6.91" electricity="0.00" noise="81.35" route="routetop" type="cfm_slow" waiting="0.00" lane="left_0" pos="44.37" speed="46.79" angle="104.66" x="52.16" y="-0.62"/>
    </timestep>
    <timestep time="6.49">
        <vehicle id="cfm_slow_0" eclass="HBEFA3/PC_G_EU4" CO2="16057.89" CO="529.10" HC="2.85" NOx="6.47" PMx="0.51" fuel="6.90" electricity="0.00" noise="81.34" route="routebottom" type="cfm_slow" waiting="0.00" lane="bottom_0" pos="34.84" speed="46.79" angle="31.85" x="121.70" y="33.71"/>
        <vehicle id="cfm_slow_1" eclass="HBEFA3/PC_G_EU4" CO2="16057.89" CO="529.10" HC="2.85" NOx="6.47" PMx="0.51" fuel="6.90" electricity="0.00" noise="81.34" route="routebottom" type="cfm_slow" waiting="0.00" lane="right_0" pos="24.84" speed="46.79" angle="319.82" x="110.06" y="109.61"/>
        <vehicle id="cfm_slow_2" eclass="HBEFA3/PC_G_EU4" CO2="16057.89" CO="529.10" HC="2.85" NOx="6.47" PMx="0.51" fuel="6.90" electricity="0.00" noise="81.34" route="routetop" type="cfm_slow" waiting="0.00" lane="top_0" pos="14.84" speed="46.79" angle="247.74" x="34.29" y="121.99"/>
        <vehicle id="cfm_slow_3" eclass="HBEFA3/PC_G_EU4" CO2="16057.89" CO="529.10" HC="2.85" NOx="6.47" PMx="0.51" fuel="6.90" electricity="0.00" noise="81.34" route="routetop" type="cfm_slow" waiting="0.00" lane="left_0" pos="4.84" speed="46.79" angle="175.79" x="-0.89" y="53.74"/>
        <vehicle id="cfm_slow_4" eclass="HBEFA3/PC_G_EU4" CO2="16057.89" CO="529.10" HC="2.85" NOx="6.47" PMx="0.51" fuel="6.90" electricity="0.00" noise="81.34" route="routetop" type="cfm_slow" waiting="0.00" lane="left_0" pos="44.84" speed="46.79" angle="103.83" x="53.10" y="-0.79"/>
    </timestep>
    <timestep time="6.50">
        <vehicle id="cfm_slow_0" eclass="HBEFA3/PC_G_EU4" CO2="16038.06" CO="528.73" HC="2.84" NOx="6.46" PMx="0.51" fuel="6.89" electricity="0.00" noise="81.34" route="routebottom" type="cfm_slow" waiting="0.00" lane="bottom_0" pos="35.31" speed="46.79" angle="30.98" x="122.13" y="34.57"/>
        <vehicle id="cfm_slow_1" eclass="HBEFA3/PC_G_EU4" CO2="16038.06" CO="528.73" HC="2.84" NOx="6.46" PMx="0.51" fuel="6.89" electricity="0.00" noise="81.34" route="routebottom" type="cfm_slow" waiting="0.00" lane="right_0" pos="25.31" speed="46.79" angle="318.96" x="109.38" y="110.29"/>
        <vehicle id="cfm_slow_2" eclass="HBEFA3/PC_G_EU4" CO2="16038.06" CO="528.73" HC="2.84" NOx="6.46" PMx="0.51" fuel="6.89" electricity="0.00" noise="81.34" route="routetop" type="cfm_slow" waiting="0.00" lane="top_0" pos="15.31" speed="46.79" angle="246.90" x="33.43" y="121.56"/>
        <vehicle id="cfm_slow_3" eclass="HBEFA3/PC_G_EU4" CO2="16038.06" CO="528.73" HC="2.84" NOx="6.46" PMx="0.51" fuel="6.89" electricity="0.00" noise="81.34" route="routetop" type="cfm_slow" waiting="0.00" lane="left_0" pos="5.31" speed="46.79" angle="174.95" x="-0.74" y="52.79"/>
        <vehicle id="cfm_slow_4" eclass="HBEFA3/PC_G_EU4" CO2="16038.06" CO="528.73" HC="2.84" NOx="6.46" PMx="0.51" fuel="6.89" electricity="0.00" noise="81.34" route="routetop" type="cfm_slow" waiting="0.00" lane="left_0" pos="45.31" speed="46.79" angle="103.00" x="54.05" y="-0.93"/>
    </timestep>
    <timestep time="6.51">
        <vehicle id="cfm_slow_0" eclass="HBEFA3/PC_G_EU4" CO2="16018.42" CO="528.37" HC="2.84" NOx="6.45" PMx="0.51" fuel="6.89" electricity="0.00" noise="81.34" route="routebottom" type="cfm_slow" waiting="0.00" lane="bottom_0" pos="35.78" speed="46.80" angle="30.11" x="122.56" y="35.43"/>
        <vehicle id="cfm_slow_1" eclass="HBEFA3/PC_G_EU4" CO2="16018.42" CO="528.37" HC="2.84" NOx="6.45" PMx="0.51" fuel="6.89" electricity="0.00" noise="81.34" route="routebottom" type="cfm_slow" waiting="0.00" lane="right_0" pos="25.78" speed="46.80" angle="318.17" x="108.70" y="110.96"/>
        <vehicle id="cfm_slow_2" eclass="HBEFA3/PC_G_EU4" CO2="16018.42" CO="528.37" HC="2.84" NOx="6.45" PMx="0.51" fuel="6.89" electricity="0.00" noise="81.34" route="routetop" type="cfm_slow" waiting="0.00" lane="top_0" pos="15.78" speed="46.80" angle="246.10" x="32.59" y="121.10"/>
        <vehicle id="cfm_slow_3" eclass="HBEFA3/PC_G_EU4" CO2="16018.42" CO="528.37" HC="2.84" NOx="6.45" PMx="0.51" fuel="6.89" electricity="0.00" noise="81.34" route="routetop" type="cfm_slow" waiting="0.00" lane="left_0" pos="5.78" speed="46.80" angle="174.07" x="-0.56" y="51.85"/>
        <vehicle id="cfm_slow_4" eclass="HBEFA3/PC_G_EU4" CO2="16018.42" CO="528.37" HC="2.84" NOx="6.45" PMx="0.51" fuel="6.89" electricity="0.00" noise="81.34" route="routetop" type="cfm_slow" waiting="0.00" lane="left_0" pos="45.78" speed="46.80" angle="102.14" x="55.00" y="-1.07"/>
    </timestep>
    <timestep time="6.52">
        <vehicle id="cfm_slow_0" eclass="HBEFA3/PC_G_EU4" CO2="15998.94" CO="528.01" HC="2.84" NOx="6.44" PMx="0.51" fuel="6.88" electricity="0.00" noise="81.33" route="routebottom" type="cfm_slow" waiting="0.00" lane="bottom_0" pos="36.25" speed="46.80" angle="29.28" x="122.96" y="36.30"/>
        <vehicle id="cfm_slow_1" eclass="HBEFA3/PC_G_EU4" CO2="15998.94" CO="528.01" HC="2.84" NOx="6.44" PMx="0.51" fuel="6.88" electricity="0.00" noise="81.33" route="routebottom" type="cfm_slow" waiting="0.00" lane="right_0" pos="26.25" speed="46.80" angle="317.31" x="107.99" y="111.61"/>
        <vehicle id="cfm_slow_2" eclass="HBEFA3/PC_G_EU4" CO2="15998.94" CO="528.01" HC="2.84" NOx="6.44" PMx="0.51" fuel="6.88" electricity="0.00" noise="81.33" route="routetop" type="cfm_slow" waiting="0.00" lane="top_0" pos="16.25" speed="46.80" angle="245.26" x="31.75" y="120.63"/>
        <vehicle id="cfm_slow_3" eclass="HBEFA3/PC_G_EU4" CO2="15998.94" CO="528.01" HC="2.84" NOx="6.44" PMx="0.51" fuel="6.88" electricity="0.00" noise="81.33" route="routetop" type="cfm_slow" waiting="0.00" lane="left_0" pos="6.25" speed="46.80" angle="173.19" x="-0.39" y="50.90"/>
        <vehicle id="cfm_slow_4" eclass="HBEFA3/PC_G_EU4" CO2="15998.94" CO="528.01" HC="2.84" NOx="6.44" PMx="0.51" fuel="6.88" electricity="0.00" noise="81.33" route="routetop" type="cfm_slow" waiting="0.00" lane="left_0" pos="46.25" speed="46.80" angle="101.34" x="55.95" y="-1.20"/>
    </timestep>
    <timestep time="6.53">
        <vehicle id="cfm_slow_0" eclass="HBEFA3/PC_G_EU4" CO2="15979.65" CO="527.65" HC="2.84" NOx="6.43" PMx="0.51" fuel="6.87" electricity="0.00" noise="81.33" route="routebottom" type="cfm_slow" waiting="0.00" lane="bottom_0" pos="36.71" speed="46.80" angle="28.38" x="123.35" y="37.18"/>
        <vehicle id="cfm_slow_1" eclass="HBEFA3/PC_G_EU4" CO2="15979.65" CO="527.65" HC="2.84" NOx="6.43" PMx="0.51" fuel="6.87" electricity="0.00" noise="81.33" route="routebottom" type="cfm_slow" waiting="0.00" lane="right_0" pos="26.71" speed="46.80" angle="316.46" x="107.29" y="112.26"/>
        <vehicle id="cfm_slow_2" eclass="HBEFA3/PC_G_EU4" CO2="15979.65" CO="527.65" HC="2.84" NOx="6.43" PMx="0.51" fuel="6.87" electricity="0.00" noise="81.33" route="routetop" type="cfm_slow" waiting="0.00" lane="top_0" pos="16.71" speed="46.80" angle="244.46" x="30.91" y="120.16"/>
        <vehicle id="cfm_slow_3" eclass="HBEFA3/PC_G_EU4" CO2="15979.65" CO="527.65" HC="2.84" NOx="6.43" PMx="0.51" fuel="6.87" electricity="0.00" noise="81.33" route="routetop" type="cfm_slow" waiting="0.00" lane="left_0" pos="6.71" speed="46.80" angle="172.39" x="-0.19" y="49.97"/>
        <vehicle id="cfm_slow_4" eclass="HBEFA3/PC_G_EU4" CO2="15979.65" CO="527.65" HC="2.84" NOx="6.43" PMx="0.51" fuel="6.87" electricity="0.00" noise="81.33" route="routetop" type="cfm_slow" waiting="0.00" lane="left_0" pos="46.71" speed="46.80" angle="100.47" x="56.91" y="-1.29"/>
    </timestep>
    <timestep time="6.54">
        <vehicle id="cfm_slow_0" eclass="HBEFA3/PC_G_EU4" CO2="15960.53" CO="527.30" HC="2.83" NOx="6.43" PMx="0.51" fuel="6.86" electricity="0.00" noise="81.33" route="routebottom" type="cfm_slow" waiting="0.00" lane="bottom_0" pos="37.18" speed="46.80" angle="27.56" x="123.74" y="38.05"/>
        <vehicle id="cfm_slow_1" eclass="HBEFA3/PC_G_EU4" CO2="15960.53" CO="527.30" HC="2.83" NOx="6.43" PMx="0.51" fuel="6.86" electricity="0.00" noise="81.33" route="routebottom" type="cfm_slow" waiting="0.00" lane="right_0" pos="27.18" speed="46.80" angle="315.62" x="106.57" y="112.89"/>
        <vehicle id="cfm_slow_2" eclass="HBEFA3/PC_G_EU4" CO2="15960.53" CO="527.30" HC="2.83" NOx="6.43" PMx="0.51" fuel="6.86" electricity="0.00" noise="81.33" route="routetop" type="cfm_slow" waiting="0.00" lane="top_0" pos="17.18" speed="46.80" angle="243.60" x="30.09" y="119.67"/>
        <vehicle id="cfm_slow_3" eclass="HBEFA3/PC_G_EU4" CO2="15960.53" CO="527.30" HC="2.83" NOx="6.43" PMx="0.51" fuel="6.86" electricity="0.00" noise="81.33" route="routetop" type="cfm_slow" waiting="0.00" lane="left_0" pos="7.18" speed="46.80" angle="171.52" x="0.02" y="49.03"/>
        <vehicle id="cfm_slow_4" eclass="HBEFA3/PC_G_EU4" CO2="15960.53" CO="527.30" HC="2.83" NOx="6.43" PMx="0.51" fuel="6.86" electricity="0.00" noise="81.33" route="routetop" type="cfm_slow" waiting="0.00" lane="left_0" pos="47.18" speed="46.80" angle="99.59" x="57.86" y="-1.39"/>
    </timestep>
    <timestep time="6.55">
        <vehicle id="cfm_slow_0" eclass="HBEFA3/PC_G_EU4" CO2="15941.58" CO="526.94" HC="2.83" NOx="6.42" PMx="0.51" fuel="6.85" electricity="0.00" noise="81.33" route="routebottom" type="cfm_slow" waiting="0.00" lane="bottom_0" pos="37.65" speed="46.80" angle="26.71" x="124.10" y="38.95"/>
        <vehicle id="cfm_slow_1" eclass="HBEFA3/PC_G_EU4" CO2="15941.58" CO="526.94" HC="2.83" NOx="6.42" PMx="0.51" fuel="6.85" electricity="0.00" noise="81.33" route="routebottom" type="cfm_slow" waiting="0.00" lane="right_0" pos="27.65" speed="46.80" angle="314.70" x="105.84" y="113.51"/>
        <vehicle id="cfm_slow_2" eclass="HBEFA3/PC_G_EU4" CO2="15941.58" CO="526.94" HC="2.83" NOx="6.42" PMx="0.51" fuel="6.85" electricity="0.00" noise="81.33" route="routetop" type="cfm_slow" waiting="0.00" lane="top_0" pos="17.65" speed="46.80" angle="242.74" x="29.27" y="119.18"/>
        <vehicle id="cfm_slow_3" eclass="HBEFA3/PC_G_EU4" CO2="15941.58" CO="526.94" HC="2.83" NOx="6.42" PMx="0.51" fuel="6.85" electricity="0.00" noise="81.33" route="routetop" type="cfm_slow" waiting="0.00" lane="left_0" pos="7.65" speed="46.80" angle="170.70" x="0.24" y="48.09"/>
        <vehicle id="cfm_slow_4" eclass="HBEFA3/PC_G_EU4" CO2="15941.58" CO="526.94" HC="2.83" NOx="6.42" PMx="0.51" fuel="6.85" electricity="0.00" noise="81.33" route="routetop" type="cfm_slow" waiting="0.00" lane="left_0" pos="47.65" speed="46.80" angle="98.79" x="58.82" y="-1.46"/>
    </timestep>
    <timestep time="6.56">
        <vehicle id="cfm_slow_0" eclass="HBEFA3/PC_G_EU4" CO2="15922.80" CO="526.60" HC="2.83" NOx="6.41" PMx="0.51" fuel="6.84" electricity="0.00" noise="81.32" route="routebottom" type="cfm_slow" waiting="0.00" lane="bottom_0" pos="38.12" speed="46.81" angle="25.85" x="124.45" y="39.84"/>
        <vehicle id="cfm_slow_1" eclass="HBEFA3/PC_G_EU4" CO2="15922.80" CO="526.60" HC="2.83" NOx="6.41" PMx="0.51" fuel="6.84" electricity="0.00" noise="81.32" route="routebottom" type="cfm_slow" waiting="0.00" lane="right_0" pos="28.12" speed="46.81" angle="313.81" x="105.10" y="114.13"/>
        <vehicle id="cfm_slow_2" eclass="HBEFA3/PC_G_EU4" CO2="15922.80" CO="526.60" HC="2.83" NOx="6.41" PMx="0.51" fuel="6.84" electricity="0.00" noise="81.32" route="routetop" type="cfm_slow" waiting="0.00" lane="top_0" pos="18.12" speed="46.81" angle="241.93" x="28.45" y="118.67"/>
        <vehicle id="cfm_slow_3" eclass="HBEFA3/PC_G_EU4" CO2="15922.80" CO="526.60" HC="2.83" NOx="6.41" PMx="0.51" fuel="6.84" electricity="0.00" noise="81.32" route="routetop" type="cfm_slow" waiting="0.00" lane="left_0" pos="8.12" speed="46.81" angle="169.84" x="0.48" y="47.17"/>
        <vehicle id="cfm_slow_4" eclass="HBEFA3/PC_G_EU4" CO2="15922.80" CO="526.60" HC="2.83" NOx="6.41" PMx="0.51" fuel="6.84" electricity="0.00" noise="81.32" route="routetop" type="cfm_slow" waiting="0.00" lane="left_0" pos="48.12" speed="46.81" angle="97.92" x="59.78" y="-1.52"/>
    </timestep>
    <timestep time="6.57">
        <vehicle id="cfm_slow_0" eclass="HBEFA3/PC_G_EU4" CO2="15904.19" CO="526.25" HC="2.83" NOx="6.40" PMx="0.51" fuel="6.84" electricity="0.00" noise="81.32" route="routebottom" type="cfm_slow" waiting="0.00" lane="bottom_0" pos="38.59" speed="46.81" angle="25.04" x="124.80" y="40.73"/>
        <vehicle id="cfm_slow_1" eclass="HBEFA3/PC_G_EU4" CO2="15904.19" CO="526.25" HC="2.83" NOx="6.40" PMx="0.51" fuel="6.84" electricity="0.00" noise="81.32" route="routebottom" type="cfm_slow" waiting="0.00" lane="right_0" pos="28.59" speed="46.81" angle="312.99" x="104.35" y="114.73"/>
        <vehicle id="cfm_slow_2" eclass="HBEFA3/PC_G_EU4" CO2="15904.19" CO="526.25" HC="2.83" NOx="6.40" PMx="0.51" fuel="6.84" electricity="0.00" noise="81.32" route="routetop" type="cfm_slow" waiting="0.00" lane="top_0" pos="18.59" speed="46.81" angle="241.04" x="27.65" y="118.14"/>
        <vehicle id="cfm_slow_3" eclass="HBEFA3/PC_G_EU4" CO2="15904.19" CO="526.25" HC="2.83" NOx="6.40" PMx="0.51" fuel="6.84" electricity="0.00" noise="81.32" route="routetop" type="cfm_slow" waiting="0.00" lane="left_0" pos="8.59" speed="46.81" angle="168.97" x="0.73" y="46.24"/>
        <vehicle id="cfm_slow_4" eclass="HBEFA3/PC_G_EU4" CO2="15904.19" CO="526.25" HC="2.83" NOx="6.40" PMx="0.51" fuel="6.84" electricity="0.00" noise="81.32" route="routetop" type="cfm_slow" waiting="0.00" lane="left_0" pos="48.59" speed="46.81" angle="97.06" x="60.73" y="-1.58"/>
    </timestep>
    <timestep time="6.58">
        <vehicle id="cfm_slow_0" eclass="HBEFA3/PC_G_EU4" CO2="15885.75" CO="525.91" HC="2.83" NOx="6.39" PMx="0.51" fuel="6.83" electricity="0.00" noise="81.32" route="routebottom" type="cfm_slow" waiting="0.00" lane="bottom_0" pos="39.06" speed="46.81" angle="24.20" x="125.13" y="41.63"/>
        <vehicle id="cfm_slow_1" eclass="HBEFA3/PC_G_EU4" CO2="15885.75" CO="525.91" HC="2.83" NOx="6.39" PMx="0.51" fuel="6.83" electricity="0.00" noise="81.32" route="routebottom" type="cfm_slow" waiting="0.00" lane="right_0" pos="29.06" speed="46.81" angle="312.14" x="103.59" y="115.32"/>
        <vehicle id="cfm_slow_2" eclass="HBEFA3/PC_G_EU4" CO2="15885.75" CO="525.91" HC="2.83" NOx="6.39" PMx="0.51" fuel="6.83" electricity="0.00" noise="81.32" route="routetop" type="cfm_slow" waiting="0.00" lane="top_0" pos="19.06" speed="46.81" angle="240.15" x="26.85" y="117.61"/>
        <vehicle id="cfm_slow_3" eclass="HBEFA3/PC_G_EU4" CO2="15885.75" CO="525.91" HC="2.83" NOx="6.39" PMx="0.51" fuel="6.83" electricity="0.00" noise="81.32" route="routetop" type="cfm_slow" waiting="0.00" lane="left_0" pos="9.06" speed="46.81" angle="168.17" x="0.98" y="45.31"/>
        <vehicle id="cfm_slow_4" eclass="HBEFA3/PC_G_EU4" CO2="15885.75" CO="525.91" HC="2.83" NOx="6.39" PMx="0.51" fuel="6.83" electricity="0.00" noise="81.32" route="routetop" type="cfm_slow" waiting="0.00" lane="left_0" pos="49.06" speed="46.81" angle="96.24" x="61.69" y="-1.61"/>
    </timestep>
    <timestep time="6.59">
        <vehicle id="cfm_slow_0" eclass="HBEFA3/PC_G_EU4" CO2="15867.47" CO="525.57" HC="2.82" NOx="6.38" PMx="0.50" fuel="6.82" electricity="0.00" noise="81.31" route="routebottom" type="cfm_slow" waiting="0.00" lane="bottom_0" pos="39.52" speed="46.81" angle="23.36" x="125.46" y="42.54"/>
        <vehicle id="cfm_slow_1" eclass="HBEFA3/PC_G_EU4" CO2="15867.47" CO="525.57" HC="2.82" NOx="6.38" PMx="0.50" fuel="6.82" electricity="0.00" noise="81.31" route="routebottom" type="cfm_slow" waiting="0.00" lane="right_0" pos="29.52" speed="46.81" angle="311.34" x="102.84" y="115.91"/>
        <vehicle id="cfm_slow_2" eclass="HBEFA3/PC_G_EU4" CO2="15867.47" CO="525.57" HC="2.82" NOx="6.38" PMx="0.50" fuel="6.82" electricity="0.00" noise="81.31" route="routetop" type="cfm_slow" waiting="0.00" lane="top_0" pos="19.52" speed="46.81" angle="239.33" x="26.07" y="117.05"/>
        <vehicle id="cfm_slow_3" eclass="HBEFA3/PC_G_EU4" CO2="15867.47" CO="525.57" HC="2.82" NOx="6.38" PMx="0.50" fuel="6.82" electricity="0.00" noise="81.31" route="routetop" type="cfm_slow" waiting="0.00" lane="left_0" pos="9.52" speed="46.81" angle="167.31" x="1.27" y="44.40"/>
        <vehicle id="cfm_slow_4" eclass="HBEFA3/PC_G_EU4" CO2="15867.47" CO="525.57" HC="2.82" NOx="6.38" PMx="0.50" fuel="6.82" electricity="0.00" noise="81.31" route="routetop" type="cfm_slow" waiting="0.00" lane="left_0" pos="49.52" speed="46.81" angle="95.36" x="62.65" y="-1.63"/>
    </timestep>
    <timestep time="6.60">
        <vehicle id="cfm_slow_0" eclass="HBEFA3/PC_G_EU4" CO2="15849.36" CO="525.23" HC="2.82" NOx="6.37" PMx="0.50" fuel="6.81" electricity="0.00" noise="81.31" route="routebottom" type="cfm_slow" waiting="0.00" lane="bottom_0" pos="39.99" speed="46.81" angle="22.57" x="125.76" y="43.44"/>
        <vehicle id="cfm_slow_1" eclass="HBEFA3/PC_G_EU4" CO2="15849.36" CO="525.23" HC="2.82" NOx="6.37" PMx="0.50" fuel="6.81" electricity="0.00" noise="81.31" route="routebottom" type="cfm_slow" waiting="0.00" lane="right_0" pos="29.99" speed="46.81" angle="310.48" x="102.06" y="116.47"/>
        <vehicle id="cfm_slow_2" eclass="HBEFA3/PC_G_EU4" CO2="15849.36" CO="525.23" HC="2.82" NOx="6.37" PMx="0.50" fuel="6.81" electricity="0.00" noise="81.31" route="routetop" type="cfm_slow" waiting="0.00" lane="top_0" pos="19.99" speed="46.81" angle="238.46" x="25.29" y="116.49"/>
        <vehicle id="cfm_slow_3" eclass="HBEFA3/PC_G_EU4" CO2="15849.36" CO="525.23" HC="2.82" NOx="6.37" PMx="0.50" fuel="6.81" electricity="0.00" noise="81.31" route="routetop" type="cfm_slow" waiting="0.00" lane="left_0" pos="9.99" speed="46.81" angle="166.45" x="1.55" y="43.48"/>
        <vehicle id="cfm_slow_4" eclass="HBEFA3/PC_G_EU4" CO2="15849.36" CO="525.23" HC="2.82" NOx="6.37" PMx="0.50" fuel="6.81" electricity="0.00" noise="81.31" route="routetop" type="cfm_slow" waiting="0.00" lane="left_0" pos="49.99" speed="46.81" angle="94.53" x="63.61" y="-1.65"/>
    </timestep>
    <timestep time="6.61">
        <vehicle id="cfm_slow_0" eclass="HBEFA3/PC_G_EU4" CO2="15831.41" CO="524.90" HC="2.82" NOx="6.36" PMx="0.50" fuel="6.81" electricity="0.00" noise="81.31" route="routebottom" type="cfm_slow" waiting="0.00" lane="bottom_0" pos="40.46" speed="46.81" angle="21.70" x="126.05" y="44.36"/>
        <vehicle id="cfm_slow_1" eclass="HBEFA3/PC_G_EU4" CO2="15831.41" CO="524.90" HC="2.82" NOx="6.36" PMx="0.50" fuel="6.81" electricity="0.00" noise="81.31" route="routebottom" type="cfm_slow" waiting="0.00" lane="right_0" pos="30.46" speed="46.81" angle="309.63" x="101.28" y="117.03"/>
        <vehicle id="cfm_slow_2" eclass="HBEFA3/PC_G_EU4" CO2="15831.41" CO="524.90" HC="2.82" NOx="6.36" PMx="0.50" fuel="6.81" electricity="0.00" noise="81.31" route="routetop" type="cfm_slow" waiting="0.00" lane="top_0" pos="20.46" speed="46.81" angle="237.63" x="24.51" y="115.93"/>
        <vehicle id="cfm_slow_3" eclass="HBEFA3/PC_G_EU4" CO2="15831.41" CO="524.90" HC="2.82" NOx="6.36" PMx="0.50" fuel="6.81" electricity="0.00" noise="81.31" route="routetop" type="cfm_slow" waiting="0.00" lane="left_0" pos="10.46" speed="46.81" angle="165.65" x="1.86" y="42.57"/>
        <vehicle id="cfm_slow_4" eclass="HBEFA3/PC_G_EU4" CO2="15831.41" CO="524.90" HC="2.82" NOx="6.36" PMx="0.50" fuel="6.81" electricity="0.00" noise="81.31" route="routebottom" type="cfm_slow" waiting="0.00" lane="bottom_0" pos="0.46" speed="46.81" angle="93.65" x="64.63" y="-1.63"/>
    </timestep>
    <timestep time="6.62">
        <vehicle id="cfm_slow_0" eclass="HBEFA3/PC_G_EU4" CO2="15813.63" CO="524.57" HC="2.82" NOx="6.36" PMx="0.50" fuel="6.80" electricity="0.00" noise="81.31" route="routebottom" type="cfm_slow" waiting="0.00" lane="bottom_0" pos="40.93" speed="46.82" angle="20.84" x="126.33" y="45.28"/>
        <vehicle id="cfm_slow_1" eclass="HBEFA3/PC_G_EU4" CO2="15813.63" CO="524.57" HC="2.82" NOx="6.36" PMx="0.50" fuel="6.80" electricity="0.00" noise="81.31" route="routebottom" type="cfm_slow" waiting="0.00" lane="right_0" pos="30.93" speed="46.82" angle="308.83" x="100.50" y="117.59"/>
        <vehicle id="cfm_slow_2" eclass="HBEFA3/PC_G_EU4" CO2="15813.63" CO="524.57" HC="2.82" NOx="6.36" PMx="0.50" fuel="6.80" electricity="0.00" noise="81.31" route="routetop" type="cfm_slow" waiting="0.00" lane="top_0" pos="20.93" speed="46.82" angle="236.80" x="23.75" y="115.34"/>
        <vehicle id="cfm_slow_3" eclass="HBEFA3/PC_G_EU4" CO2="15813.63" CO="524.57" HC="2.82" NOx="6.36" PMx="0.50" fuel="6.80" electricity="0.00" noise="81.31" route="routetop" type="cfm_slow" waiting="0.00" lane="left_0" pos="10.93" speed="46.82" angle="164.78" x="2.18" y="41.67"/>
        <vehicle id="cfm_slow_4" eclass="HBEFA3/PC_G_EU4" CO2="15813.63" CO="524.57" HC="2.82" NOx="6.36" PMx="0.50" fuel="6.80" electricity="0.00" noise="81.31" route="routebottom" type="cfm_slow" waiting="0.00" lane="bottom_0" pos="0.93" speed="46.82" angle="92.80" x="65.59" y="-1.61"/>
    </timestep>
    <timestep time="6.63">
        <vehicle id="cfm_slow_0" eclass="HBEFA3/PC_G_EU4" CO2="15796.00" CO="524.24" HC="2.82" NOx="6.35" PMx="0.50" fuel="6.79" electricity="0.00" noise="81.30" route="routebottom" type="cfm_slow" waiting="0.00" lane="bottom_0" pos="41.40" speed="46.82" angle="20.02" x="126.59" y="46.20"/>
        <vehicle id="cfm_slow_1" eclass="HBEFA3/PC_G_EU4" CO2="15796.00" CO="524.24" HC="2.82" NOx="6.35" PMx="0.50" fuel="6.79" electricity="0.00" noise="81.30" route="routebottom" type="cfm_slow" waiting="0.00" lane="right_0" pos="31.40" speed="46.82" angle="307.97" x="99.70" y="118.12"/>
        <vehicle id="cfm_slow_2" eclass="HBEFA3/PC_G_EU4" CO2="15796.00" CO="524.24" HC="2.82" NOx="6.35" PMx="0.50" fuel="6.79" electricity="0.00" noise="81.30" route="routetop" type="cfm_slow" waiting="0.00" lane="top_0" pos="21.40" speed="46.82" angle="235.96" x="23.00" y="114.75"/>
        <vehicle id="cfm_slow_3" eclass="HBEFA3/PC_G_EU4" CO2="15796.00" CO="524.24" HC="2.82" NOx="6.35" PMx="0.50" fuel="6.79" electricity="0.00" noise="81.30" route="routetop" type="cfm_slow" waiting="0.00" lane="left_0" pos="11.40" speed="46.82" angle="163.91" x="2.51" y="40.76"/>
        <vehicle id="cfm_slow_4" eclass="HBEFA3/PC_G_EU4" CO2="15796.00" CO="524.24" HC="2.82" NOx="6.35" PMx="0.50" fuel="6.79" electricity="0.00" noise="81.30" route="routebottom" type="cfm_slow" waiting="0.00" lane="bottom_0" pos="1.40" speed="46.82" angle="91.99" x="66.55" y="-1.58"/>
    </timestep>
    <timestep time="6.64">
        <vehicle id="cfm_slow_0" eclass="HBEFA3/PC_G_EU4" CO2="15778.54" CO="523.92" HC="2.81" NOx="6.34" PMx="0.50" fuel="6.78" electricity="0.00" noise="81.30" route="routebottom" type="cfm_slow" waiting="0.00" lane="bottom_0" pos="41.86" speed="46.82" angle="19.14" x="126.83" y="47.13"/>
        <vehicle id="cfm_slow_1" eclass="HBEFA3/PC_G_EU4" CO2="15778.54" CO="523.92" HC="2.81" NOx="6.34" PMx="0.50" fuel="6.78" electricity="0.00" noise="81.30" route="routebottom" type="cfm_slow" waiting="0.00" lane="right_0" pos="31.86" speed="46.82" angle="307.12" x="98.90" y="118.65"/>
        <vehicle id="cfm_slow_2" eclass="HBEFA3/PC_G_EU4" CO2="15778.54" CO="523.92" HC="2.81" NOx="6.34" PMx="0.50" fuel="6.78" electricity="0.00" noise="81.30" route="routetop" type="cfm_slow" waiting="0.00" lane="top_0" pos="21.86" speed="46.82" angle="235.15" x="22.25" y="114.15"/>
        <vehicle id="cfm_slow_3" eclass="HBEFA3/PC_G_EU4" CO2="15778.54" CO="523.92" HC="2.81" NOx="6.34" PMx="0.50" fuel="6.78" electricity="0.00" noise="81.30" route="routetop" type="cfm_slow" waiting="0.00" lane="left_0" pos="11.86" speed="46.82" angle="163.11" x="2.85" y="39.87"/>
        <vehicle id="cfm_slow_4" eclass="HBEFA3/PC_G_EU4" CO2="15778.54" CO="523.92" HC="2.81" NOx="6.34" PMx="0.50" fuel="6.78" electricity="0.00" noise="81.30" route="routebottom" type="cfm_slow" waiting="0.00" lane="bottom_0" pos="1.86" speed="46.82" angle="91.14" x="67.51" y="-1.53"/>
    </timestep>
    <timestep time="6.65">
        <vehicle id="cfm_slow_0" eclass="HBEFA3/PC_G_EU4" CO2="15761.23" CO="523.60" HC="2.81" NOx="6.33" PMx="0.50" fuel="6.78" electricity="0.00" noise="81.30" route="routebottom" type="cfm_slow" waiting="0.00" lane="bottom_0" pos="42.33" speed="46.82" angle="18.33" x="127.08" y="48.06"/>
        <vehicle id="cfm_slow_1" eclass="HBEFA3/PC_G_EU4" CO2="15761.23" CO="523.60" HC="2.81" NOx="6.33" PMx="0.50" fuel="6.78" electricity="0.00" noise="81.30" route="routebottom" type="cfm_slow" waiting="0.00" lane="right_0" pos="32.33" speed="46.82" angle="306.34" x="98.08" y="119.16"/>
        <vehicle id="cfm_slow_2" eclass="HBEFA3/PC_G_EU4" CO2="15761.23" CO="523.60" HC="2.81" NOx="6.33" PMx="0.50" fuel="6.78" electricity="0.00" noise="81.30" route="routetop" type="cfm_slow" waiting="0.00" lane="top_0" pos="22.33" speed="46.82" angle="234.28" x="21.51" y="113.53"/>
        <vehicle id="cfm_slow_3" eclass="HBEFA3/PC_G_EU4" CO2="15761.23" CO="523.60" HC="2.81" NOx="6.33" PMx="0.50" fuel="6.78" electricity="0.00" noise="81.30" route="routetop" type="cfm_slow" waiting="0.00" lane="left_0" pos="12.33" speed="46.82" angle="162.27" x="3.21" y="38.98"/>
        <vehicle id="cfm_slow_4" eclass="HBEFA3/PC_G_EU4" CO2="15761.23" CO="523.60" HC="2.81" NOx="6.33" PMx="0.50" fuel="6.78" electricity="0.00" noise="81.30" route="routebottom" type="cfm_slow" waiting="0.00" lane="bottom_0" pos="2.33" speed="46.82" angle="90.28" x="68.47" y="-1.47"/>
    </timestep>
    <timestep time="6.66">
        <vehicle id="cfm_slow_0" eclass="HBEFA3/PC_G_EU4" CO2="15744.08" CO="523.28" HC="2.81" NOx="6.32" PMx="0.50" fuel="6.77" electricity="0.00" noise="81.30" route="routebottom" type="cfm_slow" waiting="0.00" lane="bottom_0" pos="42.80" speed="46.82" angle="17.51" x="127.29" y="49.00"/>
        <vehicle id="cfm_slow_1" eclass="HBEFA3/PC_G_EU4" CO2="15744.08" CO="523.28" HC="2.81" NOx="6.32" PMx="0.50" fuel="6.77" electricity="0.00" noise="81.30" route="routebottom" type="cfm_slow" waiting="0.00" lane="right_0" pos="32.80" speed="46.82" angle="305.48" x="97.26" y="119.66"/>
        <vehicle id="cfm_slow_2" eclass="HBEFA3/PC_G_EU4" CO2="15744.08" CO="523.28" HC="2.81" NOx="6.32" PMx="0.50" fuel="6.77" electricity="0.00" noise="81.30" route="routetop" type="cfm_slow" waiting="0.00" lane="top_0" pos="22.80" speed="46.82" angle="233.40" x="20.78" y="112.91"/>
        <vehicle id="cfm_slow_3" eclass="HBEFA3/PC_G_EU4" CO2="15744.08" CO="523.28" HC="2.81" NOx="6.32" PMx="0.50" fuel="6.77" electricity="0.00" noise="81.30" route="routetop" type="cfm_slow" waiting="0.00" lane="left_0" pos="12.80" speed="46.82" angle="161.49" x="3.56" y="38.08"/>
        <vehicle id="cfm_slow_4" eclass="HBEFA3/PC_G_EU4" CO2="15744.08" CO="523.28" HC="2.81" NOx="6.32" PMx="0.50" fuel="6.77" electricity="0.00" noise="81.30" route="routebottom" type="cfm_slow" waiting="0.00" lane="bottom_0" pos="2.80" speed="46.82" angle="89.47" x="69.42" y="-1.39"/>
    </timestep>
    <timestep time="6.67">
        <vehicle id="cfm_slow_0" eclass="HBEFA3/PC_G_EU4" CO2="15727.08" CO="522.96" HC="2.81" NOx="6.31" PMx="0.50" fuel="6.76" electricity="0.00" noise="81.29" route="routebottom" type="cfm_slow" waiting="0.00" lane="bottom_0" pos="43.27" speed="46.82" angle="16.69" x="127.51" y="49.93"/>
        <vehicle id="cfm_slow_1" eclass="HBEFA3/PC_G_EU4" CO2="15727.08" CO="522.96" HC="2.81" NOx="6.31" PMx="0.50" fuel="6.76" electricity="0.00" noise="81.29" route="routebottom" type="cfm_slow" waiting="0.00" lane="right_0" pos="33.27" speed="46.82" angle="304.65" x="96.44" y="120.15"/>
        <vehicle id="cfm_slow_2" eclass="HBEFA3/PC_G_EU4" CO2="15727.08" CO="522.96" HC="2.81" NOx="6.31" PMx="0.50" fuel="6.76" electricity="0.00" noise="81.29" route="routetop" type="cfm_slow" waiting="0.00" lane="top_0" pos="23.27" speed="46.82" angle="232.60" x="20.06" y="112.28"/>
        <vehicle id="cfm_slow_3" eclass="HBEFA3/PC_G_EU4" CO2="15727.08" CO="522.96" HC="2.81" NOx="6.31" PMx="0.50" fuel="6.76" electricity="0.00" noise="81.29" route="routetop" type="cfm_slow" waiting="0.00" lane="left_0" pos="13.27" speed="46.82" angle="160.64" x="3.96" y="37.21"/>
        <vehicle id="cfm_slow_4" eclass="HBEFA3/PC_G_EU4" CO2="15727.08" CO="522.96" HC="2.81" NOx="6.31" PMx="0.50" fuel="6.76" electricity="0.00" noise="81.29" route="routebottom" type="cfm_slow" waiting="0.00" lane="bottom_0" pos="3.27" speed="46.82" angle="88.62" x="70.38" y="-1.29"/>
    </timestep>
    <timestep time="6.68">
        <vehicle id="cfm_slow_0" eclass="HBEFA3/PC_G_EU4" CO2="15710.23" CO="522.65" HC="2.81" NOx="6.31" PMx="0.50" fuel="6.75" electricity="0.00" noise="81.29" route="routebottom" type="cfm_slow" waiting="0.00" lane="bottom_0" pos="43.74" speed="46.83" angle="15.89" x="127.71" y="50.87"/>
        <vehicle id="cfm_slow_1" eclass="HBEFA3/PC_G_EU4" CO2="15710.23" CO="522.65" HC="2.81" NOx="6.31" PMx="0.50" fuel="6.75" electricity="0.00" noise="81.29" route="routebottom" type="cfm_slow" waiting="0.00" lane="right_0" pos="33.74" speed="46.83" angle="303.82" x="95.60" y="120.62"/>
        <vehicle id="cfm_slow_2" eclass="HBEFA3/PC_G_EU4" CO2="15710.23" CO="522.65" HC="2.81" NOx="6.31" PMx="0.50" fuel="6.75" electricity="0.00" noise="81.29" route="routetop" type="cfm_slow" waiting="0.00" lane="top_0" pos="23.74" speed="46.83" angle="231.75" x="19.36" y="111.63"/>
        <vehicle id="cfm_slow_3" eclass="HBEFA3/PC_G_EU4" CO2="15710.23" CO="522.65" HC="2.81" NOx="6.31" PMx="0.50" fuel="6.75" electricity="0.00" noise="81.29" route="routetop" type="cfm_slow" waiting="0.00" lane="left_0" pos="13.74" speed="46.83" angle="159.78" x="4.35" y="36.33"/>
        <vehicle id="cfm_slow_4" eclass="HBEFA3/PC_G_EU4" CO2="15710.23" CO="522.65" HC="2.81" NOx="6.31" PMx="0.50" fuel="6.75" electricity="0.00" noise="81.29" route="routebottom" type="cfm_slow" waiting="0.00" lane="bottom_0" pos="3.74" speed="46.83" angle="87.77" x="71.34" y="-1.20"/>
    </timestep>
    <timestep time="6.69">
        <vehicle id="cfm_slow_0" eclass="HBEFA3/PC_G_EU4" CO2="15693.54" CO="522.34" HC="2.81" NOx="6.30" PMx="0.50" fuel="6.75" electricity="0.00" noise="81.29" route="routebottom" type="cfm_slow" waiting="0.00" lane="bottom_0" pos="44.21" speed="46.83" angle="14.97" x="127.88" y="51.82"/>
        <vehicle id="cfm_slow_1" eclass="HBEFA3/PC_G_EU4" CO2="15693.54" CO="522.34" HC="2.81" NOx="6.30" PMx="0.50" fuel="6.75" electricity="0.00" noise="81.29" route="routebottom" type="cfm_slow" waiting="0.00" lane="right_0" pos="34.21" speed="46.83" angle="302.97" x="94.76" y="121.08"/>
        <vehicle id="cfm_slow_2" eclass="HBEFA3/PC_G_EU4" CO2="15693.54" CO="522.34" HC="2.81" NOx="6.30" PMx="0.50" fuel="6.75" electricity="0.00" noise="81.29" route="routetop" type="cfm_slow" waiting="0.00" lane="top_0" pos="24.21" speed="46.83" angle="230.89" x="18.65" y="110.97"/>
        <vehicle id="cfm_slow_3" eclass="HBEFA3/PC_G_EU4" CO2="15693.54" CO="522.34" HC="2.81" NOx="6.30" PMx="0.50" fuel="6.75" electricity="0.00" noise="81.29" route="routetop" type="cfm_slow" waiting="0.00" lane="left_0" pos="14.21" speed="46.83" angle="158.98" x="4.75" y="35.46"/>
        <vehicle id="cfm_slow_4" eclass="HBEFA3/PC_G_EU4" CO2="15693.54" CO="522.34" HC="2.81" NOx="6.30" PMx="0.50" fuel="6.75" electricity="0.00" noise="81.29" route="routebottom" type="cfm_slow" waiting="0.00" lane="bottom_0" pos="4.21" speed="46.83" angle="86.96" x="72.29" y="-1.07"/>
    </timestep>
    <timestep time="6.70">
        <vehicle id="cfm_slow_0" eclass="HBEFA3/PC_G_EU4" CO2="15677.00" CO="522.03" HC="2.80" NOx="6.29" PMx="0.50" fuel="6.74" electricity="0.00" noise="81.29" route="routebottom" type="cfm_slow" waiting="0.00" lane="bottom_0" pos="44.67" speed="46.83" angle="14.06" x="128.05" y="52.76"/>
        <vehicle id="cfm_slow_1" eclass="HBEFA3/PC_G_EU4" CO2="15677.00" CO="522.03" HC="2.80" NOx="6.29" PMx="0.50" fuel="6.74" electricity="0.00" noise="81.29" route="routebottom" type="cfm_slow" waiting="0.00" lane="right_0" pos="34.67" speed="46.83" angle="302.16" x="93.92" y="121.54"/>
        <vehicle id="cfm_slow_2" eclass="HBEFA3/PC_G_EU4" CO2="15677.00" CO="522.03" HC="2.80" NOx="6.29" PMx="0.50" fuel="6.74" electricity="0.00" noise="81.29" route="routetop" type="cfm_slow" waiting="0.00" lane="top_0" pos="24.67" speed="46.83" angle="230.10" x="17.96" y="110.31"/>
        <vehicle id="cfm_slow_3" eclass="HBEFA3/PC_G_EU4" CO2="15677.00" CO="522.03" HC="2.80" NOx="6.29" PMx="0.50" fuel="6.74" electricity="0.00" noise="81.29" route="routetop" type="cfm_slow" waiting="0.00" lane="left_0" pos="14.67" speed="46.83" angle="158.11" x="5.18" y="34.60"/>
        <vehicle id="cfm_slow_4" eclass="HBEFA3/PC_G_EU4" CO2="15677.00" CO="522.03" HC="2.80" NOx="6.29" PMx="0.50" fuel="6.74" electricity="0.00" noise="81.29" route="routebottom" type="cfm_slow" waiting="0.00" lane="bottom_0" pos="4.67" speed="46.83" angle="86.11" x="73.24" y="-0.94"/>
    </timestep>
    <timestep time="6.71">
        <vehicle id="cfm_slow_0" eclass="HBEFA3/PC_G_EU4" CO2="15660.61" CO="521.73" HC="2.80" NOx="6.28" PMx="0.50" fuel="6.73" electricity="0.00" noise="81.28" route="routebottom" type="cfm_slow" waiting="0.00" lane="bottom_0" pos="45.14" speed="46.83" angle="13.25" x="128.20" y="53.71"/>
        <vehicle id="cfm_slow_1" eclass="HBEFA3/PC_G_EU4" CO2="15660.61" CO="521.73" HC="2.80" NOx="6.28" PMx="0.50" fuel="6.73" electricity="0.00" noise="81.28" route="routebottom" type="cfm_slow" waiting="0.00" lane="right_0" pos="35.14" speed="46.83" angle="301.29" x="93.06" y="121.97"/>
        <vehicle id="cfm_slow_2" eclass="HBEFA3/PC_G_EU4" CO2="15660.61" CO="521.73" HC="2.80" NOx="6.28" PMx="0.50" fuel="6.73" electricity="0.00" noise="81.28" route="routetop" type="cfm_slow" waiting="0.00" lane="top_0" pos="25.14" speed="46.83" angle="229.26" x="17.28" y="109.63"/>
        <vehicle id="cfm_slow_3" eclass="HBEFA3/PC_G_EU4" CO2="15660.61" CO="521.73" HC="2.80" NOx="6.28" PMx="0.50" fuel="6.73" electricity="0.00" noise="81.28" route="routetop" type="cfm_slow" waiting="0.00" lane="left_0" pos="15.14" speed="46.83" angle="157.24" x="5.61" y="33.74"/>
        <vehicle id="cfm_slow_4" eclass="HBEFA3/PC_G_EU4" CO2="15660.61" CO="521.73" HC="2.80" NOx="6.28" PMx="0.50" fuel="6.73" electricity="0.00" noise="81.28" route="routebottom" type="cfm_slow" waiting="0.00" lane="bottom_0" pos="5.14" speed="46.83" angle="85.28" x="74.19" y="-0.80"/>
    </timestep>
    <timestep time="6.72">
        <vehicle id="cfm_slow_0" eclass="HBEFA3/PC_G_EU4" CO2="15644.36" CO="521.43" HC="2.80" NOx="6.28" PMx="0.50" fuel="6.72" electricity="0.00" noise="81.28" route="routebottom" type="cfm_slow" waiting="0.00" lane="bottom_0" pos="45.61" speed="46.83" angle="12.39" x="128.34" y="54.66"/>
        <vehicle id="cfm_slow_1" eclass="HBEFA3/PC_G_EU4" CO2="15644.36" CO="521.43" HC="2.80" NOx="6.28" PMx="0.50" fuel="6.72" electricity="0.00" noise="81.28" route="routebottom" type="cfm_slow" waiting="0.00" lane="right_0" pos="35.61" speed="46.83" angle="300.42" x="92.20" y="122.40"/>
        <vehicle id="cfm_slow_2" eclass="HBEFA3/PC_G_EU4" CO2="15644.36" CO="521.43" HC="2.80" NOx="6.28" PMx="0.50" fuel="6.72" electricity="0.00" noise="81.28" route="routetop" type="cfm_slow" waiting="0.00" lane="top_0" pos="25.61" speed="46.83" angle="228.46" x="16.60" y="108.95"/>
        <vehicle id="cfm_slow_3" eclass="HBEFA3/PC_G_EU4" CO2="15644.36" CO="521.43" HC="2.80" NOx="6.28" PMx="0.50" fuel="6.72" electricity="0.00" noise="81.28" route="routetop" type="cfm_slow" waiting="0.00" lane="left_0" pos="15.61" speed="46.83" angle="156.44" x="6.06" y="32.89"/>
        <vehicle id="cfm_slow_4" eclass="HBEFA3/PC_G_EU4" CO2="15644.36" CO="521.43" HC="2.80" NOx="6.28" PMx="0.50" fuel="6.72" electricity="0.00" noise="81.28" route="routebottom" type="cfm_slow" waiting="0.00" lane="bottom_0" pos="5.61" speed="46.83" angle="84.39" x="75.13" y="-0.63"/>
    </timestep>
    <timestep time="6.73">
        <vehicle id="cfm_slow_0" eclass="HBEFA3/PC_G_EU4" CO2="15628.26" CO="521.13" HC="2.80" NOx="6.27" PMx="0.50" fuel="6.72" electricity="0.00" noise="81.28" route="routebottom" type="cfm_slow" waiting="0.00" lane="bottom_0" pos="46.08" speed="46.83" angle="11.56" x="128.47" y="55.61"/>
        <vehicle id="cfm_slow_1" eclass="HBEFA3/PC_G_EU4" CO2="15628.26" CO="521.13" HC="2.80" NOx="6.27" PMx="0.50" fuel="6.72" electricity="0.00" noise="81.28" route="routebottom" type="cfm_slow" waiting="0.00" lane="right_0" pos="36.08" speed="46.83" angle="299.60" x="91.33" y="122.82"/>
        <vehicle id="cfm_slow_2" eclass="HBEFA3/PC_G_EU4" CO2="15628.26" CO="521.13" HC="2.80" NOx="6.27" PMx="0.50" fuel="6.72" electricity="0.00" noise="81.28" route="routetop" type="cfm_slow" waiting="0.00" lane="top_0" pos="26.08" speed="46.83" angle="227.61" x="15.95" y="108.25"/>
        <vehicle id="cfm_slow_3" eclass="HBEFA3/PC_G_EU4" CO2="15628.26" CO="521.13" HC="2.80" NOx="6.27" PMx="0.50" fuel="6.72" electricity="0.00" noise="81.28" route="routetop" type="cfm_slow" waiting="0.00" lane="left_0" pos="16.08" speed="46.83" angle="155.58" x="6.52" y="32.05"/>
        <vehicle id="cfm_slow_4" eclass="HBEFA3/PC_G_EU4" CO2="15628.26" CO="521.13" HC="2.80" NOx="6.27" PMx="0.50" fuel="6.72" electricity="0.00" noise="81.28" route="routebottom" type="cfm_slow" waiting="0.00" lane="bottom_0" pos="6.08" speed="46.83" angle="83.51" x="76.08" y="-0.45"/>
    </timestep>
    <timestep time="6.74">
        <vehicle id="cfm_slow_0" eclass="HBEFA3/PC_G_EU4" CO2="15612.31" CO="520.83" HC="2.80" NOx="6.26" PMx="0.50" fuel="6.71" electricity="0.00" noise="81.28" route="routebottom" type="cfm_slow" waiting="0.00" lane="bottom_0" pos="46.55" speed="46.84" angle="10.76" x="128.58" y="56.56"/>
        <vehicle id="cfm_slow_1" eclass="HBEFA3/PC_G_EU4" CO2="15612.31" CO="520.83" HC="2.80" NOx="6.26" PMx="0.50" fuel="6.71" electricity="0.00" noise="81.28" route="routebottom" type="cfm_slow" waiting="0.00" lane="right_0" pos="36.55" speed="46.84" angle="298.72" x="90.46" y="123.21"/>
        <vehicle id="cfm_slow_2" eclass="HBEFA3/PC_G_EU4" CO2="15612.31" CO="520.83" HC="2.80" NOx="6.26" PMx="0.50" fuel="6.71" electricity="0.00" noise="81.28" route="routetop" type="cfm_slow" waiting="0.00" lane="top_0" pos="26.55" speed="46.84" angle="226.74" x="15.30" y="107.54"/>
        <vehicle id="cfm_slow_3" eclass="HBEFA3/PC_G_EU4" CO2="15612.31" CO="520.83" HC="2.80" NOx="6.26" PMx="0.50" fuel="6.71" electricity="0.00" noise="81.28" route="routetop" type="cfm_slow" waiting="0.00" lane="left_0" pos="16.55" speed="46.84" angle="154.72" x="6.99" y="31.21"/>
        <vehicle id="cfm_slow_4" eclass="HBEFA3/PC_G_EU4" CO2="15612.31" CO="520.83" HC="2.80" NOx="6.26" PMx="0.50" fuel="6.71" electricity="0.00" noise="81.28" route="routebottom" type="cfm_slow" waiting="0.00" lane="bottom_0" pos="6.55" speed="46.84" angle="82.69" x="77.02" y="-0.26"/>
    </timestep>
    <timestep time="6.75">
        <vehicle id="cfm_slow_0" eclass="HBEFA3/PC_G_EU4" CO2="15596.50" CO="520.54" HC="2.80" NOx="6.25" PMx="0.50" fuel="6.70" electricity="0.00" noise="81.27" route="routebottom" type="cfm_slow" waiting="0.00" lane="bottom_0" pos="47.02" speed="46.84" angle="9.93" x="128.68" y="57.52"/>
        <vehicle id="cfm_slow_1" eclass="HBEFA3/PC_G_EU4" CO2="15596.50" CO="520.54" HC="2.80" NOx="6.25" PMx="0.50" fuel="6.70" electricity="0.00" noise="81.27" route="routebottom" type="cfm_slow" waiting="0.00" lane="right_0" pos="37.02" speed="46.84" angle="297.83" x="89.58" y="123.61"/>
        <vehicle id="cfm_slow_2" eclass="HBEFA3/PC_G_EU4" CO2="15596.50" CO="520.54" HC="2.80" NOx="6.25" PMx="0.50" fuel="6.70" electricity="0.00" noise="81.27" route="routetop" type="cfm_slow" waiting="0.00" lane="top_0" pos="27.02" speed="46.84" angle="225.92" x="14.65" y="106.83"/>
        <vehicle id="cfm_slow_3" eclass="HBEFA3/PC_G_EU4" CO2="15596.50" CO="520.54" HC="2.80" NOx="6.25" PMx="0.50" fuel="6.70" electricity="0.00" noise="81.27" route="routetop" type="cfm_slow" waiting="0.00" lane="left_0" pos="17.02" speed="46.84" angle="153.89" x="7.48" y="30.39"/>
        <vehicle id="cfm_slow_4" eclass="HBEFA3/PC_G_EU4" CO2="15596.50" CO="520.54" HC="2.80" NOx="6.25" PMx="0.50" fuel="6.70" electricity="0.00" noise="81.27" route="routebottom" type="cfm_slow" waiting="0.00" lane="bottom_0" pos="7.02" speed="46.84" angle="81.84" x="77.96" y="-0.05"/>
    </timestep>
    <timestep time="6.76">
        <vehicle id="cfm_slow_0" eclass="HBEFA3/PC_G_EU4" CO2="15580.84" CO="520.25" HC="2.79" NOx="6.25" PMx="0.50" fuel="6.70" electricity="0.00" noise="81.27" route="routebottom" type="cfm_slow" waiting="0.00" lane="bottom_0" pos="47.48" speed="46.84" angle="9.14" x="128.77" y="58.47"/>
        <vehicle id="cfm_slow_1" eclass="HBEFA3/PC_G_EU4" CO2="15580.84" CO="520.25" HC="2.79" NOx="6.25" PMx="0.50" fuel="6.70" electricity="0.00" noise="81.27" route="routebottom" type="cfm_slow" waiting="0.00" lane="right_0" pos="37.48" speed="46.84" angle="297.03" x="88.70" y="123.97"/>
        <vehicle id="cfm_slow_2" eclass="HBEFA3/PC_G_EU4" CO2="15580.84" CO="520.25" HC="2.79" NOx="6.25" PMx="0.50" fuel="6.70" electricity="0.00" noise="81.27" route="routetop" type="cfm_slow" waiting="0.00" lane="top_0" pos="27.48" speed="46.84" angle="225.03" x="14.03" y="106.10"/>
        <vehicle id="cfm_slow_3" eclass="HBEFA3/PC_G_EU4" CO2="15580.84" CO="520.25" HC="2.79" NOx="6.25" PMx="0.50" fuel="6.70" electricity="0.00" noise="81.27" route="routetop" type="cfm_slow" waiting="0.00" lane="left_0" pos="17.48" speed="46.84" angle="153.02" x="7.97" y="29.56"/>
        <vehicle id="cfm_slow_4" eclass="HBEFA3/PC_G_EU4" CO2="15580.84" CO="520.25" HC="2.79" NOx="6.25" PMx="0.50" fuel="6.70" electricity="0.00" noise="81.27" route="routebottom" type="cfm_slow" waiting="0.00" lane="bottom_0" pos="7.48" speed="46.84" angle="80.98" x="78.89" y="0.16"/>
    </timestep>
    <timestep time="6.77">
        <vehicle id="cfm_slow_0" eclass="HBEFA3/PC_G_EU4" CO2="15565.31" CO="519.96" HC="2.79" NOx="6.24" PMx="0.50" fuel="6.69" electricity="0.00" noise="81.27" route="routebottom" type="cfm_slow" waiting="0.00" lane="bottom_0" pos="47.95" speed="46.84" angle="8.24" x="128.83" y="59.43"/>
        <vehicle id="cfm_slow_1" eclass="HBEFA3/PC_G_EU4" CO2="15565.31" CO="519.96" HC="2.79" NOx="6.24" PMx="0.50" fuel="6.69" electricity="0.00" noise="81.27" route="routebottom" type="cfm_slow" waiting="0.00" lane="right_0" pos="37.95" speed="46.84" angle="296.16" x="87.80" y="124.33"/>
        <vehicle id="cfm_slow_2" eclass="HBEFA3/PC_G_EU4" CO2="15565.31" CO="519.96" HC="2.79" NOx="6.24" PMx="0.50" fuel="6.69" electricity="0.00" noise="81.27" route="routetop" type="cfm_slow" waiting="0.00" lane="top_0" pos="27.95" speed="46.84" angle="224.14" x="13.41" y="105.36"/>
        <vehicle id="cfm_slow_3" eclass="HBEFA3/PC_G_EU4" CO2="15565.31" CO="519.96" HC="2.79" NOx="6.24" PMx="0.50" fuel="6.69" electricity="0.00" noise="81.27" route="routetop" type="cfm_slow" waiting="0.00" lane="left_0" pos="17.95" speed="46.84" angle="152.21" x="8.47" y="28.74"/>
        <vehicle id="cfm_slow_4" eclass="HBEFA3/PC_G_EU4" CO2="15565.31" CO="519.96" HC="2.79" NOx="6.24" PMx="0.50" fuel="6.69" electricity="0.00" noise="81.27" route="routebottom" type="cfm_slow" waiting="0.00" lane="bottom_0" pos="7.95" speed="46.84" angle="80.17" x="79.82" y="0.39"/>
    </timestep>
    <timestep time="6.78">
        <vehicle id="cfm_slow_0" eclass="HBEFA3/PC_G_EU4" CO2="15549.93" CO="519.68" HC="2.79" NOx="6.23" PMx="0.50" fuel="6.68" electricity="0.00" noise="81.27" route="routebottom" type="cfm_slow" waiting="0.00" lane="bottom_0" pos="48.42" speed="46.84" angle="7.33" x="128.88" y="60.39"/>
        <vehicle id="cfm_slow_1" eclass="HBEFA3/PC_G_EU4" CO2="15549.93" CO="519.68" HC="2.79" NOx="6.23" PMx="0.50" fuel="6.68" electricity="0.00" noise="81.27" route="routebottom" type="cfm_slow" waiting="0.00" lane="right_0" pos="38.42" speed="46.84" angle="295.32" x="86.91" y="124.68"/>
        <vehicle id="cfm_slow_2" eclass="HBEFA3/PC_G_EU4" CO2="15549.93" CO="519.68" HC="2.79" NOx="6.23" PMx="0.50" fuel="6.68" electricity="0.00" noise="81.27" route="routetop" type="cfm_slow" waiting="0.00" lane="top_0" pos="28.42" speed="46.84" angle="223.33" x="12.80" y="104.62"/>
        <vehicle id="cfm_slow_3" eclass="HBEFA3/PC_G_EU4" CO2="15549.93" CO="519.68" HC="2.79" NOx="6.23" PMx="0.50" fuel="6.68" electricity="0.00" noise="81.27" route="routetop" type="cfm_slow" waiting="0.00" lane="left_0" pos="18.42" speed="46.84" angle="151.31" x="9.00" y="27.94"/>
        <vehicle id="cfm_slow_4" eclass="HBEFA3/PC_G_EU4" CO2="15549.93" CO="519.68" HC="2.79" NOx="6.23" PMx="0.50" fuel="6.68" electricity="0.00" noise="81.27" route="routebottom" type="cfm_slow" waiting="0.00" lane="bottom_0" pos="8.42" speed="46.84" angle="79.29" x="80.75" y="0.64"/>
    </timestep>
    <timestep time="6.79">
        <vehicle id="cfm_slow_0" eclass="HBEFA3/PC_G_EU4" CO2="15534.68" CO="519.39" HC="2.79" NOx="6.22" PMx="0.50" fuel="6.68" electricity="0.00" noise="81.27" route="routebottom" type="cfm_slow" waiting="0.00" lane="bottom_0" pos="48.89" speed="46.84" angle="6.51" x="128.93" y="61.35"/>
        <vehicle id="cfm_slow_1" eclass="HBEFA3/PC_G_EU4" CO2="15534.68" CO="519.39" HC="2.79" NOx="6.22" PMx="0.50" fuel="6.68" electricity="0.00" noise="81.27" route="routebottom" type="cfm_slow" waiting="0.00" lane="right_0" pos="38.89" speed="46.84" angle="294.50" x="86.01" y="125.02"/>
        <vehicle id="cfm_slow_2" eclass="HBEFA3/PC_G_EU4" CO2="15534.68" CO="519.39" HC="2.79" NOx="6.22" PMx="0.50" fuel="6.68" electricity="0.00" noise="81.27" route="routetop" type="cfm_slow" waiting="0.00" lane="top_0" pos="28.89" speed="46.84" angle="222.48" x="12.21" y="103.86"/>
        <vehicle id="cfm_slow_3" eclass="HBEFA3/PC_G_EU4" CO2="15534.68" CO="519.39" HC="2.79" NOx="6.22" PMx="0.50" fuel="6.68" electricity="0.00" noise="81.27" route="routetop" type="cfm_slow" waiting="0.00" lane="left_0" pos="18.89" speed="46.84" angle="150.42" x="9.53" y="27.14"/>
        <vehicle id="cfm_slow_4" eclass="HBEFA3/PC_G_EU4" CO2="15534.68" CO="519.39" HC="2.79" NOx="6.22" PMx="0.50" fuel="6.68" electricity="0.00" noise="81.27" route="routebottom" type="cfm_slow" waiting="0.00" lane="bottom_0" pos="8.89" speed="46.84" angle="78.44" x="81.68" y="0.89"/>
    </timestep>
    <timestep time="6.80">
        <vehicle id="cfm_slow_0" eclass="HBEFA3/PC_G_EU4" CO2="15519.57" CO="519.11" HC="2.79" NOx="6.22" PMx="0.50" fuel="6.67" electricity="0.00" noise="81.26" route="routebottom" type="cfm_slow" waiting="0.00" lane="bottom_0" pos="49.36" speed="46.84" angle="5.65" x="128.94" y="62.31"/>
        <vehicle id="cfm_slow_1" eclass="HBEFA3/PC_G_EU4" CO2="15519.57" CO="519.11" HC="2.79" NOx="6.22" PMx="0.50" fuel="6.67" electricity="0.00" noise="81.26" route="routebottom" type="cfm_slow" waiting="0.00" lane="right_0" pos="39.36" speed="46.84" angle="293.67" x="85.11" y="125.34"/>
        <vehicle id="cfm_slow_2" eclass="HBEFA3/PC_G_EU4" CO2="15519.57" CO="519.11" HC="2.79" NOx="6.22" PMx="0.50" fuel="6.67" electricity="0.00" noise="81.26" route="routetop" type="cfm_slow" waiting="0.00" lane="top_0" pos="29.36" speed="46.84" angle="221.62" x="11.62" y="103.11"/>
        <vehicle id="cfm_slow_3" eclass="HBEFA3/PC_G_EU4" CO2="15519.57" CO="519.11" HC="2.79" NOx="6.22" PMx="0.50" fuel="6.67" electricity="0.00" noise="81.26" route="routetop" type="cfm_slow" waiting="0.00" lane="left_0" pos="19.36" speed="46.84" angle="149.60" x="10.07" y="26.35"/>
        <vehicle id="cfm_slow_4" eclass="HBEFA3/PC_G_EU4" CO2="15519.57" CO="519.11" HC="2.79" NOx="6.22" PMx="0.50" fuel="6.67" electricity="0.00" noise="81.26" route="routebottom" type="cfm_slow" waiting="0.00" lane="bottom_0" pos="9.36" speed="46.84" angle="77.61" x="82.60" y="1.17"/>
    </timestep>
    <timestep time="6.81">
        <vehicle id="cfm_slow_0" eclass="HBEFA3/PC_G_EU4" CO2="15504.60" CO="518.84" HC="2.78" NOx="6.21" PMx="0.50" fuel="6.66" electricity="0.00" noise="81.26" route="routebottom" type="cfm_slow" waiting="0.00" lane="bottom_0" pos="49.83" speed="46.85" angle="4.79" x="128.96" y="63.27"/>
        <vehicle id="cfm_slow_1" eclass="HBEFA3/PC_G_EU4" CO2="15504.60" CO="518.84" HC="2.78" NOx="6.21" PMx="0.50" fuel="6.66" electricity="0.00" noise="81.26" route="routebottom" type="cfm_slow" waiting="0.00" lane="right_0" pos="39.83" speed="46.85" angle="292.89" x="84.20" y="125.67"/>
        <vehicle id="cfm_slow_2" eclass="HBEFA3/PC_G_EU4" CO2="15504.60" CO="518.84" HC="2.78" NOx="6.21" PMx="0.50" fuel="6.66" electricity="0.00" noise="81.26" route="routetop" type="cfm_slow" waiting="0.00" lane="top_0" pos="29.83" speed="46.85" angle="220.80" x="11.05" y="102.33"/>
        <vehicle id="cfm_slow_3" eclass="HBEFA3/PC_G_EU4" CO2="15504.60" CO="518.84" HC="2.78" NOx="6.21" PMx="0.50" fuel="6.66" electricity="0.00" noise="81.26" route="routetop" type="cfm_slow" waiting="0.00" lane="left_0" pos="19.83" speed="46.85" angle="148.74" x="10.63" y="25.57"/>
        <vehicle id="cfm_slow_4" eclass="HBEFA3/PC_G_EU4" CO2="15504.60" CO="518.84" HC="2.78" NOx="6.21" PMx="0.50" fuel="6.66" electricity="0.00" noise="81.26" route="routebottom" type="cfm_slow" waiting="0.00" lane="bottom_0" pos="9.83" speed="46.85" angle="76.76" x="83.52" y="1.45"/>
    </timestep>
    <timestep time="6.82">
        <vehicle id="cfm_slow_0" eclass="HBEFA3/PC_G_EU4" CO2="15489.77" CO="518.56" HC="2.78" NOx="6.20" PMx="0.50" fuel="6.66" electricity="0.00" noise="81.26" route="routebottom" type="cfm_slow" waiting="0.00" lane="right_0" pos="0.29" speed="46.85" angle="3.96" x="128.96" y="64.29"/>
        <vehicle id="cfm_slow_1" eclass="HBEFA3/PC_G_EU4" CO2="15489.77" CO="518.56" HC="2.78" NOx="6.20" PMx="0.50" fuel="6.66" electricity="0.00" noise="81.26" route="routebottom" type="cfm_slow" waiting="0.00" lane="right_0" pos="40.29" speed="46.85" angle="292.02" x="83.28" y="125.95"/>
        <vehicle id="cfm_slow_2" eclass="HBEFA3/PC_G_EU4" CO2="15489.77" CO="518.56" HC="2.78" NOx="6.20" PMx="0.50" fuel="6.66" electricity="0.00" noise="81.26" route="routetop" type="cfm_slow" waiting="0.00" lane="top_0" pos="30.29" speed="46.85" angle="219.91" x="10.49" y="101.55"/>
        <vehicle id="cfm_slow_3" eclass="HBEFA3/PC_G_EU4" CO2="15489.77" CO="518.56" HC="2.78" NOx="6.20" PMx="0.50" fuel="6.66" electricity="0.00" noise="81.26" route="routetop" type="cfm_slow" waiting="0.00" lane="left_0" pos="20.29" speed="46.85" angle="147.89" x="11.19" y="24.79"/>
        <vehicle id="cfm_slow_4" eclass="HBEFA3/PC_G_EU4" CO2="15489.77" CO="518.56" HC="2.78" NOx="6.20" PMx="0.50" fuel="6.66" electricity="0.00" noise="81.26" route="routebottom" type="cfm_slow" waiting="0.00" lane="bottom_0" pos="10.29" speed="46.85" angle="75.97" x="84.43" y="1.74"/>
    </timestep>
    <timestep time="6.83">
        <vehicle id="cfm_slow_0" eclass="HBEFA3/PC_G_EU4" CO2="15475.06" CO="518.29" HC="2.78" NOx="6.20" PMx="0.50" fuel="6.65" electricity="0.00" noise="81.26" route="routebottom" type="cfm_slow" waiting="0.00" lane="right_0" pos="0.76" speed="46.85" angle="3.10" x="128.94" y="65.25"/>
        <vehicle id="cfm_slow_1" eclass="HBEFA3/PC_G_EU4" CO2="15475.06" CO="518.29" HC="2.78" NOx="6.20" PMx="0.50" fuel="6.65" electricity="0.00" noise="81.26" route="routebottom" type="cfm_slow" waiting="0.00" lane="right_0" pos="40.76" speed="46.85" angle="291.14" x="82.37" y="126.23"/>
        <vehicle id="cfm_slow_2" eclass="HBEFA3/PC_G_EU4" CO2="15475.06" CO="518.29" HC="2.78" NOx="6.20" PMx="0.50" fuel="6.65" electricity="0.00" noise="81.26" route="routetop" type="cfm_slow" waiting="0.00" lane="top_0" pos="30.76" speed="46.85" angle="219.09" x="9.93" y="100.77"/>
        <vehicle id="cfm_slow_3" eclass="HBEFA3/PC_G_EU4" CO2="15475.06" CO="518.29" HC="2.78" NOx="6.20" PMx="0.50" fuel="6.65" electricity="0.00" noise="81.26" route="routetop" type="cfm_slow" waiting="0.00" lane="left_0" pos="20.76" speed="46.85" angle="147.10" x="11.77" y="24.02"/>
        <vehicle id="cfm_slow_4" eclass="HBEFA3/PC_G_EU4" CO2="15475.06" CO="518.29" HC="2.78" NOx="6.20" PMx="0.50" fuel="6.65" electricity="0.00" noise="81.26" route="routebottom" type="cfm_slow" waiting="0.00" lane="bottom_0" pos="10.76" speed="46.85" angle="75.10" x="85.34" y="2.07"/>
    </timestep>
    <timestep time="6.84">
        <vehicle id="cfm_slow_0" eclass="HBEFA3/PC_G_EU4" CO2="15460.49" CO="518.02" HC="2.78" NOx="6.19" PMx="0.49" fuel="6.65" electricity="0.00" noise="81.25" route="routebottom" type="cfm_slow" waiting="0.00" lane="right_0" pos="1.23" speed="46.85" angle="2.27" x="128.92" y="66.21"/>
        <vehicle id="cfm_slow_1" eclass="HBEFA3/PC_G_EU4" CO2="15460.49" CO="518.02" HC="2.78" NOx="6.19" PMx="0.49" fuel="6.65" electricity="0.00" noise="81.25" route="routebottom" type="cfm_slow" waiting="0.00" lane="right_0" pos="41.23" speed="46.85" angle="290.32" x="81.44" y="126.50"/>
        <vehicle id="cfm_slow_2" eclass="HBEFA3/PC_G_EU4" CO2="15460.49" CO="518.02" HC="2.78" NOx="6.19" PMx="0.49" fuel="6.65" electricity="0.00" noise="81.25" route="routetop" type="cfm_slow" waiting="0.00" lane="top_0" pos="31.23" speed="46.85" angle="218.25" x="9.40" y="99.97"/>
        <vehicle id="cfm_slow_3" eclass="HBEFA3/PC_G_EU4" CO2="15460.49" CO="518.02" HC="2.78" NOx="6.19" PMx="0.49" fuel="6.65" electricity="0.00" noise="81.25" route="routetop" type="cfm_slow" waiting="0.00" lane="left_0" pos="21.23" speed="46.85" angle="146.25" x="12.36" y="23.26"/>
        <vehicle id="cfm_slow_4" eclass="HBEFA3/PC_G_EU4" CO2="15460.49" CO="518.02" HC="2.78" NOx="6.19" PMx="0.49" fuel="6.65" electricity="0.00" noise="81.25" route="routebottom" type="cfm_slow" waiting="0.00" lane="bottom_0" pos="11.23" speed="46.85" angle="74.23" x="86.24" y="2.39"/>
    </timestep>
    <timestep time="6.85">
        <vehicle id="cfm_slow_0" eclass="HBEFA3/PC_G_EU4" CO2="15446.06" CO="517.75" HC="2.78" NOx="6.18" PMx="0.49" fuel="6.64" electricity="0.00" noise="81.25" route="routebottom" type="cfm_slow" waiting="0.00" lane="right_0" pos="1.70" speed="46.85" angle="1.43" x="128.87" y="67.17"/>
        <vehicle id="cfm_slow_1" eclass="HBEFA3/PC_G_EU4" CO2="15446.06" CO="517.75" HC="2.78" NOx="6.18" PMx="0.49" fuel="6.64" electricity="0.00" noise="81.25" route="routebottom" type="cfm_slow" waiting="0.00" lane="right_0" pos="41.70" speed="46.85" angle="289.44" x="80.51" y="126.75"/>
        <vehicle id="cfm_slow_2" eclass="HBEFA3/PC_G_EU4" CO2="15446.06" CO="517.75" HC="2.78" NOx="6.18" PMx="0.49" fuel="6.64" electricity="0.00" noise="81.25" route="routetop" type="cfm_slow" waiting="0.00" lane="top_0" pos="31.70" speed="46.85" angle="217.41" x="8.86" y="99.17"/>
        <vehicle id="cfm_slow_3" eclass="HBEFA3/PC_G_EU4" CO2="15446.06" CO="517.75" HC="2.78" NOx="6.18" PMx="0.49" fuel="6.64" electricity="0.00" noise="81.25" route="routetop" type="cfm_slow" waiting="0.00" lane="left_0" pos="21.70" speed="46.85" angle="145.42" x="12.95" y="22.51"/>
        <vehicle id="cfm_slow_4" eclass="HBEFA3/PC_G_EU4" CO2="15446.06" CO="517.75" HC="2.78" NOx="6.18" PMx="0.49" fuel="6.64" electricity="0.00" noise="81.25" route="routebottom" type="cfm_slow" waiting="0.00" lane="bottom_0" pos="11.70" speed="46.85" angle="73.43" x="87.14" y="2.73"/>
    </timestep>
    <timestep time="6.86">
        <vehicle id="cfm_slow_0" eclass="HBEFA3/PC_G_EU4" CO2="15431.75" CO="517.48" HC="2.78" NOx="6.18" PMx="0.49" fuel="6.63" electricity="0.00" noise="81.25" route="routebottom" type="cfm_slow" waiting="0.00" lane="right_0" pos="2.17" speed="46.85" angle="0.58" x="128.81" y="68.13"/>
        <vehicle id="cfm_slow_1" eclass="HBEFA3/PC_G_EU4" CO2="15431.75" CO="517.48" HC="2.78" NOx="6.18" PMx="0.49" fuel="6.63" electricity="0.00" noise="81.25" route="routebottom" type="cfm_slow" waiting="0.00" lane="right_0" pos="42.17" speed="46.85" angle="288.56" x="79.59" y="126.99"/>
        <vehicle id="cfm_slow_2" eclass="HBEFA3/PC_G_EU4" CO2="15431.75" CO="517.48" HC="2.78" NOx="6.18" PMx="0.49" fuel="6.63" electricity="0.00" noise="81.25" route="routetop" type="cfm_slow" waiting="0.00" lane="top_0" pos="32.17" speed="46.85" angle="216.63" x="8.34" y="98.37"/>
        <vehicle id="cfm_slow_3" eclass="HBEFA3/PC_G_EU4" CO2="15431.75" CO="517.48" HC="2.78" NOx="6.18" PMx="0.49" fuel="6.63" electricity="0.00" noise="81.25" route="routetop" type="cfm_slow" waiting="0.00" lane="left_0" pos="22.17" speed="46.85" angle="144.59" x="13.57" y="21.77"/>
        <vehicle id="cfm_slow_4" eclass="HBEFA3/PC_G_EU4" CO2="15431.75" CO="517.48" HC="2.78" NOx="6.18" PMx="0.49" fuel="6.63" electricity="0.00" noise="81.25" route="routebottom" type="cfm_slow" waiting="0.00" lane="bottom_0" pos="12.17" speed="46.85" angle="72.58" x="88.03" y="3.08"/>
    </timestep>
    <timestep time="6.87">
        <vehicle id="cfm_slow_0" eclass="HBEFA3/PC_G_EU4" CO2="15417.57" CO="517.22" HC="2.78" NOx="6.17" PMx="0.49" fuel="6.63" electricity="0.00" noise="81.25" route="routebottom" type="cfm_slow" waiting="0.00" lane="right_0" pos="2.64" speed="46.85" angle="359.78" x="128.75" y="69.09"/>
        <vehicle id="cfm_slow_1" eclass="HBEFA3/PC_G_EU4" CO2="15417.57" CO="517.22" HC="2.78" NOx="6.17" PMx="0.49" fuel="6.63" electricity="0.00" noise="81.25" route="routebottom" type="cfm_slow" waiting="0.00" lane="right_0" pos="42.64" speed="46.85" angle="287.78" x="78.65" y="127.22"/>
        <vehicle id="cfm_slow_2" eclass="HBEFA3/PC_G_EU4" CO2="15417.57" CO="517.22" HC="2.78" NOx="6.17" PMx="0.49" fuel="6.63" electricity="0.00" noise="81.25" route="routetop" type="cfm_slow" waiting="0.00" lane="top_0" pos="32.64" speed="46.85" angle="215.77" x="7.84" y="97.55"/>
        <vehicle id="cfm_slow_3" eclass="HBEFA3/PC_G_EU4" CO2="15417.57" CO="517.22" HC="2.78" NOx="6.17" PMx="0.49" fuel="6.63" electricity="0.00" noise="81.25" route="routetop" type="cfm_slow" waiting="0.00" lane="left_0" pos="22.64" speed="46.85" angle="143.71" x="14.19" y="21.04"/>
        <vehicle id="cfm_slow_4" eclass="HBEFA3/PC_G_EU4" CO2="15417.57" CO="517.22" HC="2.78" NOx="6.17" PMx="0.49" fuel="6.63" electricity="0.00" noise="81.25" route="routebottom" type="cfm_slow" waiting="0.00" lane="bottom_0" pos="12.64" speed="46.85" angle="71.74" x="88.93" y="3.44"/>
    </timestep>
    <timestep time="6.88">
        <vehicle id="cfm_slow_0" eclass="HBEFA3/PC_G_EU4" CO2="15403.52" CO="516.96" HC="2.77" NOx="6.16" PMx="0.49" fuel="6.62" electricity="0.00" noise="81.25" route="routebottom" type="cfm_slow" waiting="0.00" lane="right_0" pos="3.11" speed="46.86" angle="358.92" x="128.65" y="70.05"/>
        <vehicle id="cfm_slow_1" eclass="HBEFA3/PC_G_EU4" CO2="15403.52" CO="516.96" HC="2.77" NOx="6.16" PMx="0.49" fuel="6.62" electricity="0.00" noise="81.25" route="routebottom" type="cfm_slow" waiting="0.00" lane="right_0" pos="43.11" speed="46.86" angle="286.96" x="77.72" y="127.43"/>
        <vehicle id="cfm_slow_2" eclass="HBEFA3/PC_G_EU4" CO2="15403.52" CO="516.96" HC="2.77" NOx="6.16" PMx="0.49" fuel="6.62" electricity="0.00" noise="81.25" route="routetop" type="cfm_slow" waiting="0.00" lane="top_0" pos="33.11" speed="46.86" angle="214.92" x="7.34" y="96.72"/>
        <vehicle id="cfm_slow_3" eclass="HBEFA3/PC_G_EU4" CO2="15403.52" CO="516.96" HC="2.77" NOx="6.16" PMx="0.49" fuel="6.62" electricity="0.00" noise="81.25" route="routetop" type="cfm_slow" waiting="0.00" lane="left_0" pos="23.11" speed="46.86" angle="142.91" x="14.82" y="20.31"/>
        <vehicle id="cfm_slow_4" eclass="HBEFA3/PC_G_EU4" CO2="15403.52" CO="516.96" HC="2.77" NOx="6.16" PMx="0.49" fuel="6.62" electricity="0.00" noise="81.25" route="routebottom" type="cfm_slow" waiting="0.00" lane="bottom_0" pos="13.11" speed="46.86" angle="70.94" x="89.81" y="3.82"/>
    </timestep>
    <timestep time="6.89">
        <vehicle id="cfm_slow_0" eclass="HBEFA3/PC_G_EU4" CO2="15389.60" CO="516.70" HC="2.77" NOx="6.16" PMx="0.49" fuel="6.62" electricity="0.00" noise="81.24" route="routebottom" type="cfm_slow" waiting="0.00" lane="right_0" pos="3.57" speed="46.86" angle="358.07" x="128.55" y="71.00"/>
        <vehicle id="cfm_slow_1" eclass="HBEFA3/PC_G_EU4" CO2="15389.60" CO="516.70" HC="2.77" NOx="6.16" PMx="0.49" fuel="6.62" electricity="0.00" noise="81.24" route="routebottom" type="cfm_slow" waiting="0.00" lane="right_0" pos="43.57" speed="46.86" angle="286.17" x="76.78" y="127.65"/>
        <vehicle id="cfm_slow_2" eclass="HBEFA3/PC_G_EU4" CO2="15389.60" CO="516.70" HC="2.77" NOx="6.16" PMx="0.49" fuel="6.62" electricity="0.00" noise="81.24" route="routetop" type="cfm_slow" waiting="0.00" lane="top_0" pos="33.57" speed="46.86" angle="214.12" x="6.86" y="95.89"/>
        <vehicle id="cfm_slow_3" eclass="HBEFA3/PC_G_EU4" CO2="15389.60" CO="516.70" HC="2.77" NOx="6.16" PMx="0.49" fuel="6.62" electricity="0.00" noise="81.24" route="routetop" type="cfm_slow" waiting="0.00" lane="left_0" pos="23.57" speed="46.86" angle="142.07" x="15.47" y="19.60"/>
        <vehicle id="cfm_slow_4" eclass="HBEFA3/PC_G_EU4" CO2="15389.60" CO="516.70" HC="2.77" NOx="6.16" PMx="0.49" fuel="6.62" electricity="0.00" noise="81.24" route="routebottom" type="cfm_slow" waiting="0.00" lane="bottom_0" pos="13.57" speed="46.86" angle="70.08" x="90.68" y="4.21"/>
    </timestep>
    <timestep time="6.90">
        <vehicle id="cfm_slow_0" eclass="HBEFA3/PC_G_EU4" CO2="15375.80" CO="516.45" HC="2.77" NOx="6.15" PMx="0.49" fuel="6.61" electricity="0.00" noise="81.24" route="routebottom" type="cfm_slow" waiting="0.00" lane="right_0" pos="4.04" speed="46.86" angle="357.26" x="128.44" y="71.96"/>
        <vehicle id="cfm_slow_1" eclass="HBEFA3/PC_G_EU4" CO2="15375.80" CO="516.45" HC="2.77" NOx="6.15" PMx="0.49" fuel="6.61" electricity="0.00" noise="81.24" route="routebottom" type="cfm_slow" waiting="0.00" lane="right_0" pos="44.04" speed="46.86" angle="285.28" x="75.83" y="127.82"/>
        <vehicle id="cfm_slow_2" eclass="HBEFA3/PC_G_EU4" CO2="15375.80" CO="516.45" HC="2.77" NOx="6.15" PMx="0.49" fuel="6.61" electricity="0.00" noise="81.24" route="routetop" type="cfm_slow" waiting="0.00" lane="top_0" pos="34.04" speed="46.86" angle="213.27" x="6.40" y="95.05"/>
        <vehicle id="cfm_slow_3" eclass="HBEFA3/PC_G_EU4" CO2="15375.80" CO="516.45" HC="2.77" NOx="6.15" PMx="0.49" fuel="6.61" electricity="0.00" noise="81.24" route="routetop" type="cfm_slow" waiting="0.00" lane="left_0" pos="24.04" speed="46.86" angle="141.22" x="16.12" y="18.90"/>
        <vehicle id="cfm_slow_4" eclass="HBEFA3/PC_G_EU4" CO2="15375.80" CO="516.45" HC="2.77" NOx="6.15" PMx="0.49" fuel="6.61" electricity="0.00" noise="81.24" route="routebottom" type="cfm_slow" waiting="0.00" lane="bottom_0" pos="14.04" speed="46.86" angle="69.25" x="91.56" y="4.61"/>
    </timestep>
    <timestep time="6.91">
        <vehicle id="cfm_slow_0" eclass="HBEFA3/PC_G_EU4" CO2="15362.13" CO="516.19" HC="2.77" NOx="6.14" PMx="0.49" fuel="6.60" electricity="0.00" noise="81.24" route="routebottom" type="cfm_slow" waiting="0.00" lane="right_0" pos="4.51" speed="46.86" angle="356.40" x="128.30" y="72.91"/>
        <vehicle id="cfm_slow_1" eclass="HBEFA3/PC_G_EU4" CO2="15362.13" CO="516.19" HC="2.77" NOx="6.14" PMx="0.49" fuel="6.60" electricity="0.00" noise="81.24" route="routebottom" type="cfm_slow" waiting="0.00" lane="right_0" pos="44.51" speed="46.86" angle="284.37" x="74.89" y="127.99"/>
        <vehicle id="cfm_slow_2" eclass="HBEFA3/PC_G_EU4" CO2="15362.13" CO="516.19" HC="2.77" NOx="6.14" PMx="0.49" fuel="6.60" electricity="0.00" noise="81.24" route="routetop" type="cfm_slow" waiting="0.00" lane="top_0" pos="34.51" speed="46.86" angle="212.42" x="5.94" y="94.21"/>
        <vehicle id="cfm_slow_3" eclass="HBEFA3/PC_G_EU4" CO2="15362.13" CO="516.19" HC="2.77" NOx="6.14" PMx="0.49" fuel="6.60" electricity="0.00" noise="81.24" route="routetop" type="cfm_slow" waiting="0.00" lane="left_0" pos="24.51" speed="46.86" angle="140.42" x="16.78" y="18.20"/>
        <vehicle id="cfm_slow_4" eclass="HBEFA3/PC_G_EU4" CO2="15362.13" CO="516.19" HC="2.77" NOx="6.14" PMx="0.49" fuel="6.60" electricity="0.00" noise="81.24" route="routebottom" type="cfm_slow" waiting="0.00" lane="bottom_0" pos="14.51" speed="46.86" angle="68.40" x="92.42" y="5.03"/>
    </timestep>
    <timestep time="6.92">
        <vehicle id="cfm_slow_0" eclass="HBEFA3/PC_G_EU4" CO2="15348.58" CO="515.94" HC="2.77" NOx="6.14" PMx="0.49" fuel="6.60" electricity="0.00" noise="81.24" route="routebottom" type="cfm_slow" waiting="0.00" lane="right_0" pos="4.98" speed="46.86" angle="355.55" x="128.17" y="73.86"/>
        <vehicle id="cfm_slow_1" eclass="HBEFA3/PC_G_EU4" CO2="15348.58" CO="515.94" HC="2.77" NOx="6.14" PMx="0.49" fuel="6.60" electricity="0.00" noise="81.24" route="routebottom" type="cfm_slow" waiting="0.00" lane="right_0" pos="44.98" speed="46.86" angle="283.54" x="73.94" y="128.16"/>
        <vehicle id="cfm_slow_2" eclass="HBEFA3/PC_G_EU4" CO2="15348.58" CO="515.94" HC="2.77" NOx="6.14" PMx="0.49" fuel="6.60" electricity="0.00" noise="81.24" route="routetop" type="cfm_slow" waiting="0.00" lane="top_0" pos="34.98" speed="46.86" angle="211.61" x="5.50" y="93.36"/>
        <vehicle id="cfm_slow_3" eclass="HBEFA3/PC_G_EU4" CO2="15348.58" CO="515.94" HC="2.77" NOx="6.14" PMx="0.49" fuel="6.60" electricity="0.00" noise="81.24" route="routetop" type="cfm_slow" waiting="0.00" lane="left_0" pos="24.98" speed="46.86" angle="139.55" x="17.46" y="17.52"/>
        <vehicle id="cfm_slow_4" eclass="HBEFA3/PC_G_EU4" CO2="15348.58" CO="515.94" HC="2.77" NOx="6.14" PMx="0.49" fuel="6.60" electricity="0.00" noise="81.24" route="routebottom" type="cfm_slow" waiting="0.00" lane="bottom_0" pos="14.98" speed="46.86" angle="67.52" x="93.28" y="5.46"/>
    </timestep>
    <timestep time="6.93">
        <vehicle id="cfm_slow_0" eclass="HBEFA3/PC_G_EU4" CO2="15335.15" CO="515.69" HC="2.77" NOx="6.13" PMx="0.49" fuel="6.59" electricity="0.00" noise="81.24" route="routebottom" type="cfm_slow" waiting="0.00" lane="right_0" pos="5.45" speed="46.86" angle="354.71" x="128.01" y="74.81"/>
        <vehicle id="cfm_slow_1" eclass="HBEFA3/PC_G_EU4" CO2="15335.15" CO="515.69" HC="2.77" NOx="6.13" PMx="0.49" fuel="6.59" electricity="0.00" noise="81.24" route="routebottom" type="cfm_slow" waiting="0.00" lane="right_0" pos="45.45" speed="46.86" angle="282.69" x="72.99" y="128.29"/>
        <vehicle id="cfm_slow_2" eclass="HBEFA3/PC_G_EU4" CO2="15335.15" CO="515.69" HC="2.77" NOx="6.13" PMx="0.49" fuel="6.59" electricity="0.00" noise="81.24" route="routetop" type="cfm_slow" waiting="0.00" lane="top_0" pos="35.45" speed="46.86" angle="210.76" x="5.07" y="92.50"/>
        <vehicle id="cfm_slow_3" eclass="HBEFA3/PC_G_EU4" CO2="15335.15" CO="515.69" HC="2.77" NOx="6.13" PMx="0.49" fuel="6.59" electricity="0.00" noise="81.24" route="routetop" type="cfm_slow" waiting="0.00" lane="left_0" pos="25.45" speed="46.86" angle="138.68" x="18.14" y="16.84"/>
        <vehicle id="cfm_slow_4" eclass="HBEFA3/PC_G_EU4" CO2="15335.15" CO="515.69" HC="2.77" NOx="6.13" PMx="0.49" fuel="6.59" electricity="0.00" noise="81.24" route="routebottom" type="cfm_slow" waiting="0.00" lane="bottom_0" pos="15.45" speed="46.86" angle="66.72" x="94.14" y="5.90"/>
    </timestep>
    <timestep time="6.94">
        <vehicle id="cfm_slow_0" eclass="HBEFA3/PC_G_EU4" CO2="15321.84" CO="515.44" HC="2.77" NOx="6.12" PMx="0.49" fuel="6.59" electricity="0.00" noise="81.23" route="routebottom" type="cfm_slow" waiting="0.00" lane="right_0" pos="5.92" speed="46.86" angle="353.85" x="127.84" y="75.75"/>
        <vehicle id="cfm_slow_1" eclass="HBEFA3/PC_G_EU4" CO2="15321.84" CO="515.44" HC="2.77" NOx="6.12" PMx="0.49" fuel="6.59" electricity="0.00" noise="81.23" route="routebottom" type="cfm_slow" waiting="0.00" lane="right_0" pos="45.92" speed="46.86" angle="281.83" x="72.04" y="128.43"/>
        <vehicle id="cfm_slow_2" eclass="HBEFA3/PC_G_EU4" CO2="15321.84" CO="515.44" HC="2.77" NOx="6.12" PMx="0.49" fuel="6.59" electricity="0.00" noise="81.23" route="routetop" type="cfm_slow" waiting="0.00" lane="top_0" pos="35.92" speed="46.86" angle="209.96" x="4.64" y="91.64"/>
        <vehicle id="cfm_slow_3" eclass="HBEFA3/PC_G_EU4" CO2="15321.84" CO="515.44" HC="2.77" NOx="6.12" PMx="0.49" fuel="6.59" electricity="0.00" noise="81.23" route="routetop" type="cfm_slow" waiting="0.00" lane="left_0" pos="25.92" speed="46.86" angle="137.87" x="18.84" y="16.18"/>
        <vehicle id="cfm_slow_4" eclass="HBEFA3/PC_G_EU4" CO2="15321.84" CO="515.44" HC="2.77" NOx="6.12" PMx="0.49" fuel="6.59" electricity="0.00" noise="81.23" route="routebottom" type="cfm_slow" waiting="0.00" lane="bottom_0" pos="15.92" speed="46.86" angle="65.87" x="94.98" y="6.36"/>
    </timestep>
    <timestep time="6.95">
        <vehicle id="cfm_slow_0" eclass="HBEFA3/PC_G_EU4" CO2="15308.66" CO="515.20" HC="2.76" NOx="6.12" PMx="0.49" fuel="6.58" electricity="0.00" noise="81.23" route="routebottom" type="cfm_slow" waiting="0.00" lane="right_0" pos="6.39" speed="46.86" angle="353.03" x="127.66" y="76.70"/>
        <vehicle id="cfm_slow_1" eclass="HBEFA3/PC_G_EU4" CO2="15308.66" CO="515.20" HC="2.76" NOx="6.12" PMx="0.49" fuel="6.58" electricity="0.00" noise="81.23" route="routebottom" type="cfm_slow" waiting="0.00" lane="right_0" pos="46.39" speed="46.86" angle="281.05" x="71.09" y="128.55"/>
        <vehicle id="cfm_slow_2" eclass="HBEFA3/PC_G_EU4" CO2="15308.66" CO="515.20" HC="2.76" NOx="6.12" PMx="0.49" fuel="6.58" electricity="0.00" noise="81.23" route="routetop" type="cfm_slow" waiting="0.00" lane="top_0" pos="36.39" speed="46.86" angle="209.07" x="4.24" y="90.76"/>
        <vehicle id="cfm_slow_3" eclass="HBEFA3/PC_G_EU4" CO2="15308.66" CO="515.20" HC="2.76" NOx="6.12" PMx="0.49" fuel="6.58" electricity="0.00" noise="81.23" route="routetop" type="cfm_slow" waiting="0.00" lane="left_0" pos="26.39" speed="46.86" angle="137.00" x="19.54" y="15.53"/>
        <vehicle id="cfm_slow_4" eclass="HBEFA3/PC_G_EU4" CO2="15308.66" CO="515.20" HC="2.76" NOx="6.12" PMx="0.49" fuel="6.58" electricity="0.00" noise="81.23" route="routebottom" type="cfm_slow" waiting="0.00" lane="bottom_0" pos="16.39" speed="46.86" angle="65.01" x="95.82" y="6.82"/>
    </timestep>
    <timestep time="6.96">
        <vehicle id="cfm_slow_0" eclass="HBEFA3/PC_G_EU4" CO2="15295.59" CO="514.96" HC="2.76" NOx="6.11" PMx="0.49" fuel="6.57" electricity="0.00" noise="81.23" route="routebottom" type="cfm_slow" waiting="0.00" lane="right_0" pos="6.85" speed="46.87" angle="352.14" x="127.45" y="77.63"/>
        <vehicle id="cfm_slow_1" eclass="HBEFA3/PC_G_EU4" CO2="15295.59" CO="514.96" HC="2.76" NOx="6.11" PMx="0.49" fuel="6.57" electricity="0.00" noise="81.23" route="routebottom" type="cfm_slow" waiting="0.00" lane="right_0" pos="46.85" speed="46.87" angle="280.21" x="70.13" y="128.64"/>
        <vehicle id="cfm_slow_2" eclass="HBEFA3/PC_G_EU4" CO2="15295.59" CO="514.96" HC="2.76" NOx="6.11" PMx="0.49" fuel="6.57" electricity="0.00" noise="81.23" route="routetop" type="cfm_slow" waiting="0.00" lane="top_0" pos="36.85" speed="46.87" angle="208.18" x="3.85" y="89.88"/>
        <vehicle id="cfm_slow_3" eclass="HBEFA3/PC_G_EU4" CO2="15295.59" CO="514.96" HC="2.76" NOx="6.11" PMx="0.49" fuel="6.57" electricity="0.00" noise="81.23" route="routetop" type="cfm_slow" waiting="0.00" lane="left_0" pos="26.85" speed="46.87" angle="136.16" x="20.25" y="14.87"/>
        <vehicle id="cfm_slow_4" eclass="HBEFA3/PC_G_EU4" CO2="15295.59" CO="514.96" HC="2.76" NOx="6.11" PMx="0.49" fuel="6.57" electricity="0.00" noise="81.23" route="routebottom" type="cfm_slow" waiting="0.00" lane="bottom_0" pos="16.85" speed="46.87" angle="64.20" x="96.65" y="7.30"/>
    </timestep>
    <timestep time="6.97">
        <vehicle id="cfm_slow_0" eclass="HBEFA3/PC_G_EU4" CO2="15282.64" CO="514.72" HC="2.76" NOx="6.10" PMx="0.49" fuel="6.57" electricity="0.00" noise="81.23" route="routebottom" type="cfm_slow" waiting="0.00" lane="right_0" pos="7.32" speed="46.87" angle="351.24" x="127.24" y="78.57"/>
        <vehicle id="cfm_slow_1" eclass="HBEFA3/PC_G_EU4" CO2="15282.64" CO="514.72" HC="2.76" NOx="6.10" PMx="0.49" fuel="6.57" electricity="0.00" noise="81.23" route="routebottom" type="cfm_slow" waiting="0.00" lane="right_0" pos="47.32" speed="46.87" angle="279.37" x="69.17" y="128.74"/>
        <vehicle id="cfm_slow_2" eclass="HBEFA3/PC_G_EU4" CO2="15282.64" CO="514.72" HC="2.76" NOx="6.10" PMx="0.49" fuel="6.57" electricity="0.00" noise="81.23" route="routetop" type="cfm_slow" waiting="0.00" lane="top_0" pos="37.32" speed="46.87" angle="207.36" x="3.47" y="89.00"/>
        <vehicle id="cfm_slow_3" eclass="HBEFA3/PC_G_EU4" CO2="15282.64" CO="514.72" HC="2.76" NOx="6.10" PMx="0.49" fuel="6.57" electricity="0.00" noise="81.23" route="routetop" type="cfm_slow" waiting="0.00" lane="left_0" pos="27.32" speed="46.87" angle="135.33" x="20.98" y="14.25"/>
        <vehicle id="cfm_slow_4" eclass="HBEFA3/PC_G_EU4" CO2="15282.64" CO="514.72" HC="2.76" NOx="6.10" PMx="0.49" fuel="6.57" electricity="0.00" noise="81.23" route="routebottom" type="cfm_slow" waiting="0.00" lane="bottom_0" pos="17.32" speed="46.87" angle="63.31" x="97.48" y="7.80"/>
    </timestep>
    <timestep time="6.98">
        <vehicle id="cfm_slow_0" eclass="HBEFA3/PC_G_EU4" CO2="15269.81" CO="514.48" HC="2.76" NOx="6.10" PMx="0.49" fuel="6.56" electricity="0.00" noise="81.23" route="routebottom" type="cfm_slow" waiting="0.00" lane="right_0" pos="7.79" speed="46.87" angle="350.43" x="127.02" y="79.51"/>
        <vehicle id="cfm_slow_1" eclass="HBEFA3/PC_G_EU4" CO2="15269.81" CO="514.48" HC="2.76" NOx="6.10" PMx="0.49" fuel="6.56" electricity="0.00" noise="81.23" route="routebottom" type="cfm_slow" waiting="0.00" lane="right_0" pos="47.79" speed="46.87" angle="278.54" x="68.22" y="128.81"/>
        <vehicle id="cfm_slow_2" eclass="HBEFA3/PC_G_EU4" CO2="15269.81" CO="514.48" HC="2.76" NOx="6.10" PMx="0.49" fuel="6.56" electricity="0.00" noise="81.23" route="routetop" type="cfm_slow" waiting="0.00" lane="top_0" pos="37.79" speed="46.87" angle="206.47" x="3.11" y="88.11"/>
        <vehicle id="cfm_slow_3" eclass="HBEFA3/PC_G_EU4" CO2="15269.81" CO="514.48" HC="2.76" NOx="6.10" PMx="0.49" fuel="6.56" electricity="0.00" noise="81.23" route="routetop" type="cfm_slow" waiting="0.00" lane="left_0" pos="27.79" speed="46.87" angle="134.46" x="21.71" y="13.62"/>
        <vehicle id="cfm_slow_4" eclass="HBEFA3/PC_G_EU4" CO2="15269.81" CO="514.48" HC="2.76" NOx="6.10" PMx="0.49" fuel="6.56" electricity="0.00" noise="81.23" route="routebottom" type="cfm_slow" waiting="0.00" lane="bottom_0" pos="17.79" speed="46.87" angle="62.42" x="98.30" y="8.30"/>
    </timestep>
    <timestep time="6.99">
        <vehicle id="cfm_slow_0" eclass="HBEFA3/PC_G_EU4" CO2="15257.10" CO="514.24" HC="2.76" NOx="6.09" PMx="0.49" fuel="6.56" electricity="0.00" noise="81.22" route="routebottom" type="cfm_slow" waiting="0.00" lane="right_0" pos="8.26" speed="46.87" angle="349.59" x="126.77" y="80.44"/>
        <vehicle id="cfm_slow_1" eclass="HBEFA3/PC_G_EU4" CO2="15257.10" CO="514.24" HC="2.76" NOx="6.09" PMx="0.49" fuel="6.56" electricity="0.00" noise="81.22" route="routebottom" type="cfm_slow" waiting="0.00" lane="right_0" pos="48.26" speed="46.87" angle="277.64" x="67.26" y="128.86"/>
        <vehicle id="cfm_slow_2" eclass="HBEFA3/PC_G_EU4" CO2="15257.10" CO="514.24" HC="2.76" NOx="6.09" PMx="0.49" fuel="6.56" electricity="0.00" noise="81.22" route="routetop" type="cfm_slow" waiting="0.00" lane="top_0" pos="38.26" speed="46.87" angle="205.59" x="2.76" y="87.22"/>
        <vehicle id="cfm_slow_3" eclass="HBEFA3/PC_G_EU4" CO2="15257.10" CO="514.24" HC="2.76" NOx="6.09" PMx="0.49" fuel="6.56" electricity="0.00" noise="81.22" route="routetop" type="cfm_slow" waiting="0.00" lane="left_0" pos="28.26" speed="46.87" angle="133.66" x="22.44" y="13.01"/>
        <vehicle id="cfm_slow_4" eclass="HBEFA3/PC_G_EU4" CO2="15257.10" CO="514.24" HC="2.76" NOx="6.09" PMx="0.49" fuel="6.56" electricity="0.00" noise="81.22" route="routebottom" type="cfm_slow" waiting="0.00" lane="bottom_0" pos="18.26" speed="46.87" angle="61.60" x="99.11" y="8.82"/>
    </timestep>
    <timestep time="7.00">
        <vehicle id="cfm_slow_0" eclass="HBEFA3/PC_G_EU4" CO2="15244.50" CO="514.01" HC="2.76" NOx="6.09" PMx="0.49" fuel="6.55" electricity="0.00" noise="81.22" route="routebottom" type="cfm_slow" waiting="0.00" lane="right_0" pos="8.73" speed="46.87" angle="348.75" x="126.52" y="81.36"/>
        <vehicle id="cfm_slow_1" eclass="HBEFA3/PC_G_EU4" CO2="15244.50" CO="514.01" HC="2.76" NOx="6.09" PMx="0.49" fuel="6.55" electricity="0.00" noise="81.22" route="routebottom" type="cfm_slow" waiting="0.00" lane="right_0" pos="48.73" speed="46.87" angle="276.80" x="66.30" y="128.92"/>
        <vehicle id="cfm_slow_2" eclass="HBEFA3/PC_G_EU4" CO2="15244.50" CO="514.01" HC="2.76" NOx="6.09" PMx="0.49" fuel="6.55" electricity="0.00" noise="81.22" route="routetop" type="cfm_slow" waiting="0.00" lane="top_0" pos="38.73" speed="46.87" angle="204.78" x="2.42" y="86.32"/>
        <vehicle id="cfm_slow_3" eclass="HBEFA3/PC_G_EU4" CO2="15244.50" CO="514.01" HC="2.76" NOx="6.09" PMx="0.49" fuel="6.55" electricity="0.00" noise="81.22" route="routetop" type="cfm_slow" waiting="0.00" lane="left_0" pos="28.73" speed="46.87" angle="132.79" x="23.20" y="12.41"/>
        <vehicle id="cfm_slow_4" eclass="HBEFA3/PC_G_EU4" CO2="15244.50" CO="514.01" HC="2.76" NOx="6.09" PMx="0.49" fuel="6.55" electricity="0.00" noise="81.22" route="routebottom" type="cfm_slow" waiting="0.00" lane="bottom_0" pos="18.73" speed="46.87" angle="60.72" x="99.91" y="9.35"/>
    </timestep>
    <timestep time="7.01">
        <vehicle id="cfm_slow_0" eclass="HBEFA3/PC_G_EU4" CO2="15232.01" CO="513.78" HC="2.76" NOx="6.08" PMx="0.49" fuel="6.55" electricity="0.00" noise="81.22" route="routebottom" type="cfm_slow" waiting="0.00" lane="right_0" pos="9.20" speed="46.87" angle="347.96" x="126.26" y="82.29"/>
        <vehicle id="cfm_slow_1" eclass="HBEFA3/PC_G_EU4" CO2="15232.01" CO="513.78" HC="2.76" NOx="6.08" PMx="0.49" fuel="6.55" electricity="0.00" noise="81.22" route="routebottom" type="cfm_slow" waiting="0.00" lane="right_0" pos="49.20" speed="46.87" angle="275.94" x="65.34" y="128.94"/>
        <vehicle id="cfm_slow_2" eclass="HBEFA3/PC_G_EU4" CO2="15232.01" CO="513.78" HC="2.76" NOx="6.08" PMx="0.49" fuel="6.55" electricity="0.00" noise="81.22" route="routetop" type="cfm_slow" waiting="0.00" lane="top_0" pos="39.20" speed="46.87" angle="203.93" x="2.09" y="85.41"/>
        <vehicle id="cfm_slow_3" eclass="HBEFA3/PC_G_EU4" CO2="15232.01" CO="513.78" HC="2.76" NOx="6.08" PMx="0.49" fuel="6.55" electricity="0.00" noise="81.22" route="routetop" type="cfm_slow" waiting="0.00" lane="left_0" pos="29.20" speed="46.87" angle="131.92" x="23.96" y="11.82"/>
        <vehicle id="cfm_slow_4" eclass="HBEFA3/PC_G_EU4" CO2="15232.01" CO="513.78" HC="2.76" NOx="6.08" PMx="0.49" fuel="6.55" electricity="0.00" noise="81.22" route="routebottom" type="cfm_slow" waiting="0.00" lane="bottom_0" pos="19.20" speed="46.87" angle="59.88" x="100.71" y="9.88"/>
    </timestep>
    <timestep time="7.02">
        <vehicle id="cfm_slow_0" eclass="HBEFA3/PC_G_EU4" CO2="15219.64" CO="513.55" HC="2.75" NOx="6.07" PMx="0.49" fuel="6.54" electricity="0.00" noise="81.22" route="routebottom" type="cfm_slow" waiting="0.00" lane="right_0" pos="9.67" speed="46.87" angle="347.10" x="125.97" y="83.21"/>
        <vehicle id="cfm_slow_1" eclass="HBEFA3/PC_G_EU4" CO2="15219.64" CO="513.55" HC="2.75" NOx="6.07" PMx="0.49" fuel="6.54" electricity="0.00" noise="81.22" route="routebottom" type="cfm_slow" waiting="0.00" lane="right_0" pos="49.67" speed="46.87" angle="275.08" x="64.37" y="128.96"/>
        <vehicle id="cfm_slow_2" eclass="HBEFA3/PC_G_EU4" CO2="15219.64" CO="513.55" HC="2.75" NOx="6.07" PMx="0.49" fuel="6.54" electricity="0.00" noise="81.22" route="routetop" type="cfm_slow" waiting="0.00" lane="top_0" pos="39.67" speed="46.87" angle="203.10" x="1.77" y="84.51"/>
        <vehicle id="cfm_slow_3" eclass="HBEFA3/PC_G_EU4" CO2="15219.64" CO="513.55" HC="2.75" NOx="6.07" PMx="0.49" fuel="6.54" electricity="0.00" noise="81.22" route="routetop" type="cfm_slow" waiting="0.00" lane="left_0" pos="29.67" speed="46.87" angle="131.11" x="24.72" y="11.24"/>
        <vehicle id="cfm_slow_4" eclass="HBEFA3/PC_G_EU4" CO2="15219.64" CO="513.55" HC="2.75" NOx="6.07" PMx="0.49" fuel="6.54" electricity="0.00" noise="81.22" route="routebottom" type="cfm_slow" waiting="0.00" lane="bottom_0" pos="19.67" speed="46.87" angle="59.03" x="101.49" y="10.44"/>
    </timestep>
    <timestep time="7.03">
        <vehicle id="cfm_slow_0" eclass="HBEFA3/PC_G_EU4" CO2="15207.37" CO="513.32" HC="2.75" NOx="6.07" PMx="0.49" fuel="6.54" electricity="0.00" noise="81.22" route="routebottom" type="cfm_slow" waiting="0.00" lane="right_0" pos="10.14" speed="46.87" angle="346.25" x="125.69" y="84.12"/>
        <vehicle id="cfm_slow_1" eclass="HBEFA3/PC_G_EU4" CO2="15207.37" CO="513.32" HC="2.75" NOx="6.07" PMx="0.49" fuel="6.54" electricity="0.00" noise="81.22" route="routetop" type="cfm_slow" waiting="0.00" lane="top_0" pos="0.14" speed="46.87" angle="274.24" x="63.35" y="128.96"/>
        <vehicle id="cfm_slow_2" eclass="HBEFA3/PC_G_EU4" CO2="15207.37" CO="513.32" HC="2.75" NOx="6.07" PMx="0.49" fuel="6.54" electricity="0.00" noise="81.22" route="routetop" type="cfm_slow" waiting="0.00" lane="top_0" pos="40.14" speed="46.87" angle="202.26" x="1.48" y="83.59"/>
        <vehicle id="cfm_slow_3" eclass="HBEFA3/PC_G_EU4" CO2="15207.37" CO="513.32" HC="2.75" NOx="6.07" PMx="0.49" fuel="6.54" electricity="0.00" noise="81.22" route="routetop" type="cfm_slow" waiting="0.00" lane="left_0" pos="30.14" speed="46.87" angle="130.24" x="25.50" y="10.68"/>
        <vehicle id="cfm_slow_4" eclass="HBEFA3/PC_G_EU4" CO2="15207.37" CO="513.32" HC="2.75" NOx="6.07" PMx="0.49" fuel="6.54" electricity="0.00" noise="81.22" route="routebottom" type="cfm_slow" waiting="0.00" lane="bottom_0" pos="20.14" speed="46.87" angle="58.18" x="102.27" y="11.00"/>
    </timestep>
    <timestep time="7.04">
        <vehicle id="cfm_slow_0" eclass="HBEFA3/PC_G_EU4" CO2="15195.22" CO="513.10" HC="2.75" NOx="6.06" PMx="0.49" fuel="6.53" electricity="0.00" noise="81.22" route="routebottom" type="cfm_slow" waiting="0.00" lane="right_0" pos="10.60" speed="46.87" angle="345.41" x="125.37" y="85.03"/>
        <vehicle id="cfm_slow_1" eclass="HBEFA3/PC_G_EU4" CO2="15195.22" CO="513.10" HC="2.75" NOx="6.06" PMx="0.49" fuel="6.53" electricity="0.00" noise="81.22" route="routetop" type="cfm_slow" waiting="0.00" lane="top_0" pos="0.60" speed="46.87" angle="273.39" x="62.39" y="128.95"/>
        <vehicle id="cfm_slow_2" eclass="HBEFA3/PC_G_EU4" CO2="15195.22" CO="513.10" HC="2.75" NOx="6.06" PMx="0.49" fuel="6.53" electricity="0.00" noise="81.22" route="routetop" type="cfm_slow" waiting="0.00" lane="top_0" pos="40.60" speed="46.87" angle="201.38" x="1.19" y="82.67"/>
        <vehicle id="cfm_slow_3" eclass="HBEFA3/PC_G_EU4" CO2="15195.22" CO="513.10" HC="2.75" NOx="6.06" PMx="0.49" fuel="6.53" electricity="0.00" noise="81.22" route="routetop" type="cfm_slow" waiting="0.00" lane="left_0" pos="30.60" speed="46.87" angle="129.37" x="26.28" y="10.12"/>
        <vehicle id="cfm_slow_4" eclass="HBEFA3/PC_G_EU4" CO2="15195.22" CO="513.10" HC="2.75" NOx="6.06" PMx="0.49" fuel="6.53" electricity="0.00" noise="81.22" route="routebottom" type="cfm_slow" waiting="0.00" lane="bottom_0" pos="20.60" speed="46.87" angle="57.38" x="103.04" y="11.57"/>
    </timestep>
    <timestep time="7.05">
        <vehicle id="cfm_slow_0" eclass="HBEFA3/PC_G_EU4" CO2="15183.18" CO="512.87" HC="2.75" NOx="6.06" PMx="0.49" fuel="6.53" electricity="0.00" noise="81.21" route="routebottom" type="cfm_slow" waiting="0.00" lane="right_0" pos="11.07" speed="46.88" angle="344.50" x="125.04" y="85.93"/>
        <vehicle id="cfm_slow_1" eclass="HBEFA3/PC_G_EU4" CO2="15183.18" CO="512.87" HC="2.75" NOx="6.06" PMx="0.49" fuel="6.53" electricity="0.00" noise="81.21" route="routetop" type="cfm_slow" waiting="0.00" lane="top_0" pos="1.07" speed="46.88" angle="272.53" x="61.43" y="128.93"/>
        <vehicle id="cfm_slow_2" eclass="HBEFA3/PC_G_EU4" CO2="15183.18" CO="512.87" HC="2.75" NOx="6.06" PMx="0.49" fuel="6.53" electricity="0.00" noise="81.21" route="routetop" type="cfm_slow" waiting="0.00" lane="top_0" pos="41.07" speed="46.88" angle="200.57" x="0.91" y="81.76"/>
        <vehicle id="cfm_slow_3" eclass="HBEFA3/PC_G_EU4" CO2="15183.18" CO="512.87" HC="2.75" NOx="6.06" PMx="0.49" fuel="6.53" electricity="0.00" noise="81.21" route="routetop" type="cfm_slow" waiting="0.00" lane="left_0" pos="31.07" speed="46.88" angle="128.57" x="27.08" y="9.58"/>
        <vehicle id="cfm_slow_4" eclass="HBEFA3/PC_G_EU4" CO2="15183.18" CO="512.87" HC="2.75" NOx="6.06" PMx="0.49" fuel="6.53" electricity="0.00" noise="81.21" route="routebottom" type="cfm_slow" waiting="0.00" lane="bottom_0" pos="21.07" speed="46.88" angle="56.52" x="103.80" y="12.16"/>
    </timestep>
    <timestep time="7.06">
        <vehicle id="cfm_slow_0" eclass="HBEFA3/PC_G_EU4" CO2="15171.25" CO="512.65" HC="2.75" NOx="6.05" PMx="0.49" fuel="6.52" electricity="0.00" noise="81.21" route="routebottom" type="cfm_slow" waiting="0.00" lane="right_0" pos="11.54" speed="46.88" angle="343.66" x="124.71" y="86.84"/>
        <vehicle id="cfm_slow_1" eclass="HBEFA3/PC_G_EU4" CO2="15171.25" CO="512.65" HC="2.75" NOx="6.05" PMx="0.49" fuel="6.52" electricity="0.00" noise="81.21" route="routetop" type="cfm_slow" waiting="0.00" lane="top_0" pos="1.54" speed="46.88" angle="271.72" x="60.47" y="128.89"/>
        <vehicle id="cfm_slow_2" eclass="HBEFA3/PC_G_EU4" CO2="15171.25" CO="512.65" HC="2.75" NOx="6.05" PMx="0.49" fuel="6.52" electricity="0.00" noise="81.21" route="routetop" type="cfm_slow" waiting="0.00" lane="top_0" pos="41.54" speed="46.88" angle="199.71" x="0.66" y="80.83"/>
        <vehicle id="cfm_slow_3" eclass="HBEFA3/PC_G_EU4" CO2="15171.25" CO="512.65" HC="2.75" NOx="6.05" PMx="0.49" fuel="6.52" electricity="0.00" noise="81.21" route="routetop" type="cfm_slow" waiting="0.00" lane="left_0" pos="31.54" speed="46.88" angle="127.73" x="27.88" y="9.04"/>
        <vehicle id="cfm_slow_4" eclass="HBEFA3/PC_G_EU4" CO2="15171.25" CO="512.65" HC="2.75" NOx="6.05" PMx="0.49" fuel="6.52" electricity="0.00" noise="81.21" route="routebottom" type="cfm_slow" waiting="0.00" lane="bottom_0" pos="21.54" speed="46.88" angle="55.67" x="104.56" y="12.76"/>
    </timestep>
    <timestep time="7.07">
        <vehicle id="cfm_slow_0" eclass="HBEFA3/PC_G_EU4" CO2="15159.43" CO="512.43" HC="2.75" NOx="6.05" PMx="0.49" fuel="6.52" electricity="0.00" noise="81.21" route="routebottom" type="cfm_slow" waiting="0.00" lane="right_0" pos="12.01" speed="46.88" angle="342.84" x="124.36" y="87.73"/>
        <vehicle id="cfm_slow_1" eclass="HBEFA3/PC_G_EU4" CO2="15159.43" CO="512.43" HC="2.75" NOx="6.05" PMx="0.49" fuel="6.52" electricity="0.00" noise="81.21" route="routetop" type="cfm_slow" waiting="0.00" lane="top_0" pos="2.01" speed="46.88" angle="270.87" x="59.51" y="128.83"/>
        <vehicle id="cfm_slow_2" eclass="HBEFA3/PC_G_EU4" CO2="15159.43" CO="512.43" HC="2.75" NOx="6.05" PMx="0.49" fuel="6.52" electricity="0.00" noise="81.21" route="routetop" type="cfm_slow" waiting="0.00" lane="top_0" pos="42.01" speed="46.88" angle="198.85" x="0.41" y="79.90"/>
        <vehicle id="cfm_slow_3" eclass="HBEFA3/PC_G_EU4" CO2="15159.43" CO="512.43" HC="2.75" NOx="6.05" PMx="0.49" fuel="6.52" electricity="0.00" noise="81.21" route="routetop" type="cfm_slow" waiting="0.00" lane="left_0" pos="32.01" speed="46.88" angle="126.92" x="28.68" y="8.51"/>
        <vehicle id="cfm_slow_4" eclass="HBEFA3/PC_G_EU4" CO2="15159.43" CO="512.43" HC="2.75" NOx="6.05" PMx="0.49" fuel="6.52" electricity="0.00" noise="81.21" route="routebottom" type="cfm_slow" waiting="0.00" lane="bottom_0" pos="22.01" speed="46.88" angle="54.87" x="105.30" y="13.36"/>
    </timestep>
    <timestep time="7.08">
        <vehicle id="cfm_slow_0" eclass="HBEFA3/PC_G_EU4" CO2="15147.71" CO="512.21" HC="2.75" NOx="6.04" PMx="0.49" fuel="6.51" electricity="0.00" noise="81.21" route="routebottom" type="cfm_slow" waiting="0.00" lane="right_0" pos="12.48" speed="46.88" angle="342.01" x="124.00" y="88.62"/>
        <vehicle id="cfm_slow_1" eclass="HBEFA3/PC_G_EU4" CO2="15147.71" CO="512.21" HC="2.75" NOx="6.04" PMx="0.49" fuel="6.51" electricity="0.00" noise="81.21" route="routetop" type="cfm_slow" waiting="0.00" lane="top_0" pos="2.48" speed="46.88" angle="270.03" x="58.55" y="128.78"/>
        <vehicle id="cfm_slow_2" eclass="HBEFA3/PC_G_EU4" CO2="15147.71" CO="512.21" HC="2.75" NOx="6.04" PMx="0.49" fuel="6.51" electricity="0.00" noise="81.21" route="routetop" type="cfm_slow" waiting="0.00" lane="top_0" pos="42.48" speed="46.88" angle="198.05" x="0.18" y="78.97"/>
        <vehicle id="cfm_slow_3" eclass="HBEFA3/PC_G_EU4" CO2="15147.71" CO="512.21" HC="2.75" NOx="6.04" PMx="0.49" fuel="6.51" electricity="0.00" noise="81.21" route="routetop" type="cfm_slow" waiting="0.00" lane="left_0" pos="32.48" speed="46.88" angle="126.07" x="29.50" y="8.01"/>
        <vehicle id="cfm_slow_4" eclass="HBEFA3/PC_G_EU4" CO2="15147.71" CO="512.21" HC="2.75" NOx="6.04" PMx="0.49" fuel="6.51" electricity="0.00" noise="81.21" route="routebottom" type="cfm_slow" waiting="0.00" lane="bottom_0" pos="22.48" speed="46.88" angle="54.02" x="106.04" y="13.98"/>
    </timestep>
    <timestep time="7.09">
        <vehicle id="cfm_slow_0" eclass="HBEFA3/PC_G_EU4" CO2="15136.10" CO="512.00" HC="2.74" NOx="6.03" PMx="0.49" fuel="6.51" electricity="0.00" noise="81.21" route="routebottom" type="cfm_slow" waiting="0.00" lane="right_0" pos="12.95" speed="46.88" angle="341.22" x="123.64" y="89.51"/>
        <vehicle id="cfm_slow_1" eclass="HBEFA3/PC_G_EU4" CO2="15136.10" CO="512.00" HC="2.74" NOx="6.03" PMx="0.49" fuel="6.51" electricity="0.00" noise="81.21" route="routetop" type="cfm_slow" waiting="0.00" lane="top_0" pos="2.95" speed="46.88" angle="269.21" x="57.59" y="128.69"/>
        <vehicle id="cfm_slow_2" eclass="HBEFA3/PC_G_EU4" CO2="15136.10" CO="512.00" HC="2.74" NOx="6.03" PMx="0.49" fuel="6.51" electricity="0.00" noise="81.21" route="routetop" type="cfm_slow" waiting="0.00" lane="top_0" pos="42.95" speed="46.88" angle="197.21" x="-0.04" y="78.03"/>
        <vehicle id="cfm_slow_3" eclass="HBEFA3/PC_G_EU4" CO2="15136.10" CO="512.00" HC="2.74" NOx="6.03" PMx="0.49" fuel="6.51" electricity="0.00" noise="81.21" route="routetop" type="cfm_slow" waiting="0.00" lane="left_0" pos="32.95" speed="46.88" angle="125.19" x="30.32" y="7.51"/>
        <vehicle id="cfm_slow_4" eclass="HBEFA3/PC_G_EU4" CO2="15136.10" CO="512.00" HC="2.74" NOx="6.03" PMx="0.49" fuel="6.51" electricity="0.00" noise="81.21" route="routebottom" type="cfm_slow" waiting="0.00" lane="bottom_0" pos="22.95" speed="46.88" angle="53.16" x="106.77" y="14.60"/>
    </timestep>
    <timestep time="7.10">
        <vehicle id="cfm_slow_0" eclass="HBEFA3/PC_G_EU4" CO2="15124.59" CO="511.78" HC="2.74" NOx="6.03" PMx="0.49" fuel="6.50" electricity="0.00" noise="81.21" route="routebottom" type="cfm_slow" waiting="0.00" lane="right_0" pos="13.42" speed="46.88" angle="340.34" x="123.24" y="90.39"/>
        <vehicle id="cfm_slow_1" eclass="HBEFA3/PC_G_EU4" CO2="15124.59" CO="511.78" HC="2.74" NOx="6.03" PMx="0.49" fuel="6.50" electricity="0.00" noise="81.21" route="routetop" type="cfm_slow" waiting="0.00" lane="top_0" pos="3.42" speed="46.88" angle="268.36" x="56.64" y="128.59"/>
        <vehicle id="cfm_slow_2" eclass="HBEFA3/PC_G_EU4" CO2="15124.59" CO="511.78" HC="2.74" NOx="6.03" PMx="0.49" fuel="6.50" electricity="0.00" noise="81.21" route="routetop" type="cfm_slow" waiting="0.00" lane="top_0" pos="43.42" speed="46.88" angle="196.36" x="-0.25" y="77.09"/>
        <vehicle id="cfm_slow_3" eclass="HBEFA3/PC_G_EU4" CO2="15124.59" CO="511.78" HC="2.74" NOx="6.03" PMx="0.49" fuel="6.50" electricity="0.00" noise="81.21" route="routetop" type="cfm_slow" waiting="0.00" lane="left_0" pos="33.42" speed="46.88" angle="124.38" x="31.15" y="7.02"/>
        <vehicle id="cfm_slow_4" eclass="HBEFA3/PC_G_EU4" CO2="15124.59" CO="511.78" HC="2.74" NOx="6.03" PMx="0.49" fuel="6.50" electricity="0.00" noise="81.21" route="routebottom" type="cfm_slow" waiting="0.00" lane="bottom_0" pos="23.42" speed="46.88" angle="52.39" x="107.49" y="15.25"/>
    </timestep>
    <timestep time="7.11">
        <vehicle id="cfm_slow_0" eclass="HBEFA3/PC_G_EU4" CO2="15113.19" CO="511.57" HC="2.74" NOx="6.02" PMx="0.49" fuel="6.50" electricity="0.00" noise="81.20" route="routebottom" type="cfm_slow" waiting="0.00" lane="right_0" pos="13.89" speed="46.88" angle="339.46" x="122.85" y="91.27"/>
        <vehicle id="cfm_slow_1" eclass="HBEFA3/PC_G_EU4" CO2="15113.19" CO="511.57" HC="2.74" NOx="6.02" PMx="0.49" fuel="6.50" electricity="0.00" noise="81.20" route="routetop" type="cfm_slow" waiting="0.00" lane="top_0" pos="3.89" speed="46.88" angle="267.54" x="55.68" y="128.48"/>
        <vehicle id="cfm_slow_2" eclass="HBEFA3/PC_G_EU4" CO2="15113.19" CO="511.57" HC="2.74" NOx="6.02" PMx="0.49" fuel="6.50" electricity="0.00" noise="81.20" route="routetop" type="cfm_slow" waiting="0.00" lane="top_0" pos="43.89" speed="46.88" angle="195.55" x="-0.44" y="76.15"/>
        <vehicle id="cfm_slow_3" eclass="HBEFA3/PC_G_EU4" CO2="15113.19" CO="511.57" HC="2.74" NOx="6.02" PMx="0.49" fuel="6.50" electricity="0.00" noise="81.20" route="routetop" type="cfm_slow" waiting="0.00" lane="left_0" pos="33.89" speed="46.88" angle="123.54" x="31.99" y="6.56"/>
        <vehicle id="cfm_slow_4" eclass="HBEFA3/PC_G_EU4" CO2="15113.19" CO="511.57" HC="2.74" NOx="6.02" PMx="0.49" fuel="6.50" electricity="0.00" noise="81.20" route="routebottom" type="cfm_slow" waiting="0.00" lane="bottom_0" pos="23.89" speed="46.88" angle="51.54" x="108.19" y="15.90"/>
    </timestep>
    <timestep time="7.12">
        <vehicle id="cfm_slow_0" eclass="HBEFA3/PC_G_EU4" CO2="15101.89" CO="511.36" HC="2.74" NOx="6.02" PMx="0.49" fuel="6.49" electricity="0.00" noise="81.20" route="routebottom" type="cfm_slow" waiting="0.00" lane="right_0" pos="14.35" speed="46.88" angle="338.64" x="122.43" y="92.13"/>
        <vehicle id="cfm_slow_1" eclass="HBEFA3/PC_G_EU4" CO2="15101.89" CO="511.36" HC="2.74" NOx="6.02" PMx="0.49" fuel="6.49" electricity="0.00" noise="81.20" route="routetop" type="cfm_slow" waiting="0.00" lane="top_0" pos="4.35" speed="46.88" angle="266.69" x="54.73" y="128.35"/>
        <vehicle id="cfm_slow_2" eclass="HBEFA3/PC_G_EU4" CO2="15101.89" CO="511.36" HC="2.74" NOx="6.02" PMx="0.49" fuel="6.49" electricity="0.00" noise="81.20" route="routetop" type="cfm_slow" waiting="0.00" lane="top_0" pos="44.35" speed="46.88" angle="194.68" x="-0.61" y="75.20"/>
        <vehicle id="cfm_slow_3" eclass="HBEFA3/PC_G_EU4" CO2="15101.89" CO="511.36" HC="2.74" NOx="6.02" PMx="0.49" fuel="6.49" electricity="0.00" noise="81.20" route="routetop" type="cfm_slow" waiting="0.00" lane="left_0" pos="34.35" speed="46.88" angle="122.69" x="32.83" y="6.09"/>
        <vehicle id="cfm_slow_4" eclass="HBEFA3/PC_G_EU4" CO2="15101.89" CO="511.36" HC="2.74" NOx="6.02" PMx="0.49" fuel="6.49" electricity="0.00" noise="81.20" route="routebottom" type="cfm_slow" waiting="0.00" lane="bottom_0" pos="24.35" speed="46.88" angle="50.75" x="108.90" y="16.55"/>
    </timestep>
    <timestep time="7.13">
        <vehicle id="cfm_slow_0" eclass="HBEFA3/PC_G_EU4" CO2="15090.69" CO="511.16" HC="2.74" NOx="6.01" PMx="0.49" fuel="6.49" electricity="0.00" noise="81.20" route="routebottom" type="cfm_slow" waiting="0.00" lane="right_0" pos="14.82" speed="46.88" angle="337.76" x="122.00" y="92.99"/>
        <vehicle id="cfm_slow_1" eclass="HBEFA3/PC_G_EU4" CO2="15090.69" CO="511.16" HC="2.74" NOx="6.01" PMx="0.49" fuel="6.49" electricity="0.00" noise="81.20" route="routetop" type="cfm_slow" waiting="0.00" lane="top_0" pos="4.82" speed="46.88" angle="265.83" x="53.78" y="128.21"/>
        <vehicle id="cfm_slow_2" eclass="HBEFA3/PC_G_EU4" CO2="15090.69" CO="511.16" HC="2.74" NOx="6.01" PMx="0.49" fuel="6.49" electricity="0.00" noise="81.20" route="routetop" type="cfm_slow" waiting="0.00" lane="top_0" pos="44.82" speed="46.88" angle="193.85" x="-0.79" y="74.26"/>
        <vehicle id="cfm_slow_3" eclass="HBEFA3/PC_G_EU4" CO2="15090.69" CO="511.16" HC="2.74" NOx="6.01" PMx="0.49" fuel="6.49" electricity="0.00" noise="81.20" route="routetop" type="cfm_slow" waiting="0.00" lane="left_0" pos="34.82" speed="46.88" angle="121.90" x="33.68" y="5.64"/>
        <vehicle id="cfm_slow_4" eclass="HBEFA3/PC_G_EU4" CO2="15090.69" CO="511.16" HC="2.74" NOx="6.01" PMx="0.49" fuel="6.49" electricity="0.00" noise="81.20" route="routebottom" type="cfm_slow" waiting="0.00" lane="bottom_0" pos="24.82" speed="46.88" angle="49.86" x="109.58" y="17.23"/>
    </timestep>
    <timestep time="7.14">
        <vehicle id="cfm_slow_0" eclass="HBEFA3/PC_G_EU4" CO2="15079.60" CO="510.95" HC="2.74" NOx="6.01" PMx="0.49" fuel="6.48" electricity="0.00" noise="81.20" route="routebottom" type="cfm_slow" waiting="0.00" lane="right_0" pos="15.29" speed="46.89" angle="336.91" x="121.57" y="93.85"/>
        <vehicle id="cfm_slow_1" eclass="HBEFA3/PC_G_EU4" CO2="15079.60" CO="510.95" HC="2.74" NOx="6.01" PMx="0.49" fuel="6.48" electricity="0.00" noise="81.20" route="routetop" type="cfm_slow" waiting="0.00" lane="top_0" pos="5.29" speed="46.89" angle="264.99" x="52.83" y="128.06"/>
        <vehicle id="cfm_slow_2" eclass="HBEFA3/PC_G_EU4" CO2="15079.60" CO="510.95" HC="2.74" NOx="6.01" PMx="0.49" fuel="6.48" electricity="0.00" noise="81.20" route="routetop" type="cfm_slow" waiting="0.00" lane="top_0" pos="45.29" speed="46.89" angle="193.03" x="-0.93" y="73.31"/>
        <vehicle id="cfm_slow_3" eclass="HBEFA3/PC_G_EU4" CO2="15079.60" CO="510.95" HC="2.74" NOx="6.01" PMx="0.49" fuel="6.48" electricity="0.00" noise="81.20" route="routetop" type="cfm_slow" waiting="0.00" lane="left_0" pos="35.29" speed="46.89" angle="121.04" x="34.54" y="5.21"/>
        <vehicle id="cfm_slow_4" eclass="HBEFA3/PC_G_EU4" CO2="15079.60" CO="510.95" HC="2.74" NOx="6.01" PMx="0.49" fuel="6.48" electricity="0.00" noise="81.20" route="routebottom" type="cfm_slow" waiting="0.00" lane="bottom_0" pos="25.29" speed="46.89" angle="48.98" x="110.26" y="17.91"/>
    </timestep>
    <timestep time="7.15">
        <vehicle id="cfm_slow_0" eclass="HBEFA3/PC_G_EU4" CO2="15068.60" CO="510.75" HC="2.74" NOx="6.00" PMx="0.48" fuel="6.48" electricity="0.00" noise="81.20" route="routebottom" type="cfm_slow" waiting="0.00" lane="right_0" pos="15.76" speed="46.89" angle="336.12" x="121.12" y="94.70"/>
        <vehicle id="cfm_slow_1" eclass="HBEFA3/PC_G_EU4" CO2="15068.60" CO="510.75" HC="2.74" NOx="6.00" PMx="0.48" fuel="6.48" electricity="0.00" noise="81.20" route="routetop" type="cfm_slow" waiting="0.00" lane="top_0" pos="5.76" speed="46.89" angle="264.13" x="51.88" y="127.89"/>
        <vehicle id="cfm_slow_2" eclass="HBEFA3/PC_G_EU4" CO2="15068.60" CO="510.75" HC="2.74" NOx="6.00" PMx="0.48" fuel="6.48" electricity="0.00" noise="81.20" route="routetop" type="cfm_slow" waiting="0.00" lane="top_0" pos="45.76" speed="46.89" angle="192.17" x="-1.06" y="72.36"/>
        <vehicle id="cfm_slow_3" eclass="HBEFA3/PC_G_EU4" CO2="15068.60" CO="510.75" HC="2.74" NOx="6.00" PMx="0.48" fuel="6.48" electricity="0.00" noise="81.20" route="routetop" type="cfm_slow" waiting="0.00" lane="left_0" pos="35.76" speed="46.89" angle="120.19" x="35.40" y="4.78"/>
        <vehicle id="cfm_slow_4" eclass="HBEFA3/PC_G_EU4" CO2="15068.60" CO="510.75" HC="2.74" NOx="6.00" PMx="0.48" fuel="6.48" electricity="0.00" noise="81.20" route="routebottom" type="cfm_slow" waiting="0.00" lane="bottom_0" pos="25.76" speed="46.89" angle="48.16" x="110.93" y="18.60"/>
    </timestep>
    <timestep time="7.16">
        <vehicle id="cfm_slow_0" eclass="HBEFA3/PC_G_EU4" CO2="15057.71" CO="510.54" HC="2.74" NOx="6.00" PMx="0.48" fuel="6.47" electricity="0.00" noise="81.20" route="routebottom" type="cfm_slow" waiting="0.00" lane="right_0" pos="16.23" speed="46.89" angle="335.29" x="120.65" y="95.54"/>
        <vehicle id="cfm_slow_1" eclass="HBEFA3/PC_G_EU4" CO2="15057.71" CO="510.54" HC="2.74" NOx="6.00" PMx="0.48" fuel="6.47" electricity="0.00" noise="81.20" route="routetop" type="cfm_slow" waiting="0.00" lane="top_0" pos="6.23" speed="46.89" angle="263.27" x="50.94" y="127.72"/>
        <vehicle id="cfm_slow_2" eclass="HBEFA3/PC_G_EU4" CO2="15057.71" CO="510.54" HC="2.74" NOx="6.00" PMx="0.48" fuel="6.47" electricity="0.00" noise="81.20" route="routetop" type="cfm_slow" waiting="0.00" lane="top_0" pos="46.23" speed="46.89" angle="191.37" x="-1.19" y="71.40"/>
        <vehicle id="cfm_slow_3" eclass="HBEFA3/PC_G_EU4" CO2="15057.71" CO="510.54" HC="2.74" NOx="6.00" PMx="0.48" fuel="6.47" electricity="0.00" noise="81.20" route="routetop" type="cfm_slow" waiting="0.00" lane="left_0" pos="36.23" speed="46.89" angle="119.36" x="36.27" y="4.38"/>
        <vehicle id="cfm_slow_4" eclass="HBEFA3/PC_G_EU4" CO2="15057.71" CO="510.54" HC="2.74" NOx="6.00" PMx="0.48" fuel="6.47" electricity="0.00" noise="81.20" route="routebottom" type="cfm_slow" waiting="0.00" lane="bottom_0" pos="26.23" speed="46.89" angle="47.31" x="111.58" y="19.30"/>
    </timestep>
    <timestep time="7.17">
        <vehicle id="cfm_slow_0" eclass="HBEFA3/PC_G_EU4" CO2="15046.91" CO="510.34" HC="2.74" NOx="5.99" PMx="0.48" fuel="6.47" electricity="0.00" noise="81.19" route="routebottom" type="cfm_slow" waiting="0.00" lane="right_0" pos="16.70" speed="46.89" angle="334.49" x="120.18" y="96.38"/>
        <vehicle id="cfm_slow_1" eclass="HBEFA3/PC_G_EU4" CO2="15046.91" CO="510.34" HC="2.74" NOx="5.99" PMx="0.48" fuel="6.47" electricity="0.00" noise="81.19" route="routetop" type="cfm_slow" waiting="0.00" lane="top_0" pos="6.70" speed="46.89" angle="262.44" x="50.00" y="127.52"/>
        <vehicle id="cfm_slow_2" eclass="HBEFA3/PC_G_EU4" CO2="15046.91" CO="510.34" HC="2.74" NOx="5.99" PMx="0.48" fuel="6.47" electricity="0.00" noise="81.19" route="routetop" type="cfm_slow" waiting="0.00" lane="top_0" pos="46.70" speed="46.89" angle="190.49" x="-1.29" y="70.45"/>
        <vehicle id="cfm_slow_3" eclass="HBEFA3/PC_G_EU4" CO2="15046.91" CO="510.34" HC="2.74" NOx="5.99" PMx="0.48" fuel="6.47" electricity="0.00" noise="81.19" route="routetop" type="cfm_slow" waiting="0.00" lane="left_0" pos="36.70" speed="46.89" angle="118.46" x="37.15" y="3.98"/>
        <vehicle id="cfm_slow_4" eclass="HBEFA3/PC_G_EU4" CO2="15046.91" CO="510.34" HC="2.74" NOx="5.99" PMx="0.48" fuel="6.47" electricity="0.00" noise="81.19" route="routebottom" type="cfm_slow" waiting="0.00" lane="bottom_0" pos="26.70" speed="46.89" angle="46.45" x="112.23" y="20.01"/>
    </timestep>
    <timestep time="7.18">
        <vehicle id="cfm_slow_0" eclass="HBEFA3/PC_G_EU4" CO2="15036.21" CO="510.14" HC="2.73" NOx="5.99" PMx="0.48" fuel="6.46" electricity="0.00" noise="81.19" route="routebottom" type="cfm_slow" waiting="0.00" lane="right_0" pos="17.17" speed="46.89" angle="333.62" x="119.69" y="97.21"/>
        <vehicle id="cfm_slow_1" eclass="HBEFA3/PC_G_EU4" CO2="15036.21" CO="510.14" HC="2.73" NOx="5.99" PMx="0.48" fuel="6.46" electricity="0.00" noise="81.19" route="routetop" type="cfm_slow" waiting="0.00" lane="top_0" pos="7.17" speed="46.89" angle="261.53" x="49.06" y="127.31"/>
        <vehicle id="cfm_slow_2" eclass="HBEFA3/PC_G_EU4" CO2="15036.21" CO="510.14" HC="2.73" NOx="5.99" PMx="0.48" fuel="6.46" electricity="0.00" noise="81.19" route="routetop" type="cfm_slow" waiting="0.00" lane="top_0" pos="47.17" speed="46.89" angle="189.61" x="-1.38" y="69.49"/>
        <vehicle id="cfm_slow_3" eclass="HBEFA3/PC_G_EU4" CO2="15036.21" CO="510.14" HC="2.73" NOx="5.99" PMx="0.48" fuel="6.46" electricity="0.00" noise="81.19" route="routetop" type="cfm_slow" waiting="0.00" lane="left_0" pos="37.17" speed="46.89" angle="117.63" x="38.02" y="3.59"/>
        <vehicle id="cfm_slow_4" eclass="HBEFA3/PC_G_EU4" CO2="15036.21" CO="510.14" HC="2.73" NOx="5.99" PMx="0.48" fuel="6.46" electricity="0.00" noise="81.19" route="routebottom" type="cfm_slow" waiting="0.00" lane="bottom_0" pos="27.17" speed="46.89" angle="45.64" x="112.87" y="20.73"/>
    </timestep>
    <timestep time="7.19">
        <vehicle id="cfm_slow_0" eclass="HBEFA3/PC_G_EU4" CO2="15025.61" CO="509.95" HC="2.73" NOx="5.98" PMx="0.48" fuel="6.46" electricity="0.00" noise="81.19" route="routebottom" type="cfm_slow" waiting="0.00" lane="right_0" pos="17.64" speed="46.89" angle="332.75" x="119.19" y="98.03"/>
        <vehicle id="cfm_slow_1" eclass="HBEFA3/PC_G_EU4" CO2="15025.61" CO="509.95" HC="2.73" NOx="5.98" PMx="0.48" fuel="6.46" electricity="0.00" noise="81.19" route="routetop" type="cfm_slow" waiting="0.00" lane="top_0" pos="7.64" speed="46.89" angle="260.67" x="48.12" y="127.09"/>
        <vehicle id="cfm_slow_2" eclass="HBEFA3/PC_G_EU4" CO2="15025.61" CO="509.95" HC="2.73" NOx="5.98" PMx="0.48" fuel="6.46" electricity="0.00" noise="81.19" route="routetop" type="cfm_slow" waiting="0.00" lane="top_0" pos="47.64" speed="46.89" angle="188.80" x="-1.46" y="68.53"/>
        <vehicle id="cfm_slow_3" eclass="HBEFA3/PC_G_EU4" CO2="15025.61" CO="509.95" HC="2.73" NOx="5.98" PMx="0.48" fuel="6.46" electricity="0.00" noise="81.19" route="routetop" type="cfm_slow" waiting="0.00" lane="left_0" pos="37.64" speed="46.89" angle="116.76" x="38.92" y="3.23"/>
        <vehicle id="cfm_slow_4" eclass="HBEFA3/PC_G_EU4" CO2="15025.61" CO="509.95" HC="2.73" NOx="5.98" PMx="0.48" fuel="6.46" electricity="0.00" noise="81.19" route="routebottom" type="cfm_slow" waiting="0.00" lane="bottom_0" pos="27.64" speed="46.89" angle="44.74" x="113.49" y="21.46"/>
    </timestep>
    <timestep time="7.20">
        <vehicle id="cfm_slow_0" eclass="HBEFA3/PC_G_EU4" CO2="15015.10" CO="509.75" HC="2.73" NOx="5.98" PMx="0.48" fuel="6.45" electricity="0.00" noise="81.19" route="routebottom" type="cfm_slow" waiting="0.00" lane="right_0" pos="18.11" speed="46.89" angle="331.94" x="118.69" y="98.85"/>
        <vehicle id="cfm_slow_1" eclass="HBEFA3/PC_G_EU4" CO2="15015.10" CO="509.75" HC="2.73" NOx="5.98" PMx="0.48" fuel="6.45" electricity="0.00" noise="81.19" route="routetop" type="cfm_slow" waiting="0.00" lane="top_0" pos="8.11" speed="46.89" angle="259.86" x="47.19" y="126.85"/>
        <vehicle id="cfm_slow_2" eclass="HBEFA3/PC_G_EU4" CO2="15015.10" CO="509.75" HC="2.73" NOx="5.98" PMx="0.48" fuel="6.45" electricity="0.00" noise="81.19" route="routetop" type="cfm_slow" waiting="0.00" lane="top_0" pos="48.11" speed="46.89" angle="187.94" x="-1.52" y="67.57"/>
        <vehicle id="cfm_slow_3" eclass="HBEFA3/PC_G_EU4" CO2="15015.10" CO="509.75" HC="2.73" NOx="5.98" PMx="0.48" fuel="6.45" electricity="0.00" noise="81.19" route="routetop" type="cfm_slow" waiting="0.00" lane="left_0" pos="38.11" speed="46.89" angle="115.88" x="39.81" y="2.88"/>
        <vehicle id="cfm_slow_4" eclass="HBEFA3/PC_G_EU4" CO2="15015.10" CO="509.75" HC="2.73" NOx="5.98" PMx="0.48" fuel="6.45" electricity="0.00" noise="81.19" route="routebottom" type="cfm_slow" waiting="0.00" lane="bottom_0" pos="28.11" speed="46.89" angle="43.86" x="114.11" y="22.20"/>
    </timestep>
    <timestep time="7.21">
        <vehicle id="cfm_slow_0" eclass="HBEFA3/PC_G_EU4" CO2="15004.69" CO="509.56" HC="2.73" NOx="5.97" PMx="0.48" fuel="6.45" electricity="0.00" noise="81.19" route="routebottom" type="cfm_slow" waiting="0.00" lane="right_0" pos="18.57" speed="46.89" angle="331.05" x="118.15" y="99.65"/>
        <vehicle id="cfm_slow_1" eclass="HBEFA3/PC_G_EU4" CO2="15004.69" CO="509.56" HC="2.73" NOx="5.97" PMx="0.48" fuel="6.45" electricity="0.00" noise="81.19" route="routetop" type="cfm_slow" waiting="0.00" lane="top_0" pos="8.57" speed="46.89" angle="259.02" x="46.26" y="126.60"/>
        <vehicle id="cfm_slow_2" eclass="HBEFA3/PC_G_EU4" CO2="15004.69" CO="509.56" HC="2.73" NOx="5.97" PMx="0.48" fuel="6.45" electricity="0.00" noise="81.19" route="routetop" type="cfm_slow" waiting="0.00" lane="top_0" pos="48.57" speed="46.89" angle="187.08" x="-1.58" y="66.61"/>
        <vehicle id="cfm_slow_3" eclass="HBEFA3/PC_G_EU4" CO2="15004.69" CO="509.56" HC="2.73" NOx="5.97" PMx="0.48" fuel="6.45" electricity="0.00" noise="81.19" route="routetop" type="cfm_slow" waiting="0.00" lane="left_0" pos="38.57" speed="46.89" angle="115.06" x="40.71" y="2.53"/>
        <vehicle id="cfm_slow_4" eclass="HBEFA3/PC_G_EU4" CO2="15004.69" CO="509.56" HC="2.73" NOx="5.97" PMx="0.48" fuel="6.45" electricity="0.00" noise="81.19" route="routebottom" type="cfm_slow" waiting="0.00" lane="bottom_0" pos="28.57" speed="46.89" angle="43.04" x="114.71" y="22.95"/>
    </timestep>
    <timestep time="7.22">
        <vehicle id="cfm_slow_0" eclass="HBEFA3/PC_G_EU4" CO2="14994.37" CO="509.37" HC="2.73" NOx="5.97" PMx="0.48" fuel="6.45" electricity="0.00" noise="81.19" route="routebottom" type="cfm_slow" waiting="0.00" lane="right_0" pos="19.04" speed="46.89" angle="330.17" x="117.62" y="100.45"/>
        <vehicle id="cfm_slow_1" eclass="HBEFA3/PC_G_EU4" CO2="14994.37" CO="509.37" HC="2.73" NOx="5.97" PMx="0.48" fuel="6.45" electricity="0.00" noise="81.19" route="routetop" type="cfm_slow" waiting="0.00" lane="top_0" pos="9.04" speed="46.89" angle="258.24" x="45.34" y="126.35"/>
        <vehicle id="cfm_slow_2" eclass="HBEFA3/PC_G_EU4" CO2="14994.37" CO="509.37" HC="2.73" NOx="5.97" PMx="0.48" fuel="6.45" electricity="0.00" noise="81.19" route="routetop" type="cfm_slow" waiting="0.00" lane="top_0" pos="49.04" speed="46.89" angle="186.26" x="-1.61" y="65.65"/>
        <vehicle id="cfm_slow_3" eclass="HBEFA3/PC_G_EU4" CO2="14994.37" CO="509.37" HC="2.73" NOx="5.97" PMx="0.48" fuel="6.45" electricity="0.00" noise="81.19" route="routetop" type="cfm_slow" waiting="0.00" lane="left_0" pos="39.04" speed="46.89" angle="114.20" x="41.61" y="2.20"/>
        <vehicle id="cfm_slow_4" eclass="HBEFA3/PC_G_EU4" CO2="14994.37" CO="509.37" HC="2.73" NOx="5.97" PMx="0.48" fuel="6.45" electricity="0.00" noise="81.19" route="routebottom" type="cfm_slow" waiting="0.00" lane="bottom_0" pos="29.04" speed="46.89" angle="42.17" x="115.30" y="23.71"/>
    </timestep>
    <timestep time="7.23">
        <vehicle id="cfm_slow_0" eclass="HBEFA3/PC_G_EU4" CO2="14984.15" CO="509.18" HC="2.73" NOx="5.96" PMx="0.48" fuel="6.44" electricity="0.00" noise="81.19" route="routebottom" type="cfm_slow" waiting="0.00" lane="right_0" pos="19.51" speed="46.89" angle="329.35" x="117.07" y="101.23"/>
        <vehicle id="cfm_slow_1" eclass="HBEFA3/PC_G_EU4" CO2="14984.15" CO="509.18" HC="2.73" NOx="5.96" PMx="0.48" fuel="6.44" electricity="0.00" noise="81.19" route="routetop" type="cfm_slow" waiting="0.00" lane="top_0" pos="9.51" speed="46.89" angle="257.38" x="44.42" y="126.07"/>
        <vehicle id="cfm_slow_2" eclass="HBEFA3/PC_G_EU4" CO2="14984.15" CO="509.18" HC="2.73" NOx="5.96" PMx="0.48" fuel="6.44" electricity="0.00" noise="81.19" route="routetop" type="cfm_slow" waiting="0.00" lane="top_0" pos="49.51" speed="46.89" angle="185.38" x="-1.63" y="64.69"/>
        <vehicle id="cfm_slow_3" eclass="HBEFA3/PC_G_EU4" CO2="14984.15" CO="509.18" HC="2.73" NOx="5.96" PMx="0.48" fuel="6.44" electricity="0.00" noise="81.19" route="routetop" type="cfm_slow" waiting="0.00" lane="left_0" pos="39.51" speed="46.89" angle="113.34" x="42.52" y="1.88"/>
        <vehicle id="cfm_slow_4" eclass="HBEFA3/PC_G_EU4" CO2="14984.15" CO="509.18" HC="2.73" NOx="5.96" PMx="0.48" fuel="6.44" electricity="0.00" noise="81.19" route="routebottom" type="cfm_slow" waiting="0.00" lane="bottom_0" pos="29.51" speed="46.89" angle="41.36" x="115.90" y="24.47"/>
    </timestep>
    <timestep time="7.24">
        <vehicle id="cfm_slow_0" eclass="HBEFA3/PC_G_EU4" CO2="14974.02" CO="508.99" HC="2.73" NOx="5.96" PMx="0.48" fuel="6.44" electricity="0.00" noise="81.18" route="routebottom" type="cfm_slow" waiting="0.00" lane="right_0" pos="19.98" speed="46.90" angle="328.48" x="116.50" y="102.01"/>
        <vehicle id="cfm_slow_1" eclass="HBEFA3/PC_G_EU4" CO2="14974.02" CO="508.99" HC="2.73" NOx="5.96" PMx="0.48" fuel="6.44" electricity="0.00" noise="81.18" route="routetop" type="cfm_slow" waiting="0.00" lane="top_0" pos="9.98" speed="46.90" angle="256.52" x="43.50" y="125.78"/>
        <vehicle id="cfm_slow_2" eclass="HBEFA3/PC_G_EU4" CO2="14974.02" CO="508.99" HC="2.73" NOx="5.96" PMx="0.48" fuel="6.44" electricity="0.00" noise="81.18" route="routetop" type="cfm_slow" waiting="0.00" lane="top_0" pos="49.98" speed="46.90" angle="184.54" x="-1.65" y="63.73"/>
        <vehicle id="cfm_slow_3" eclass="HBEFA3/PC_G_EU4" CO2="14974.02" CO="508.99" HC="2.73" NOx="5.96" PMx="0.48" fuel="6.44" electricity="0.00" noise="81.18" route="routetop" type="cfm_slow" waiting="0.00" lane="left_0" pos="39.98" speed="46.90" angle="112.54" x="43.43" y="1.57"/>
        <vehicle id="cfm_slow_4" eclass="HBEFA3/PC_G_EU4" CO2="14974.02" CO="508.99" HC="2.73" NOx="5.96" PMx="0.48" fuel="6.44" electricity="0.00" noise="81.18" route="routebottom" type="cfm_slow" waiting="0.00" lane="bottom_0" pos="29.98" speed="46.90" angle="40.52" x="116.46" y="25.25"/>
    </timestep>
    <timestep time="7.25">
        <vehicle id="cfm_slow_0" eclass="HBEFA3/PC_G_EU4" CO2="14963.98" CO="508.80" HC="2.73" NOx="5.95" PMx="0.48" fuel="6.43" electricity="0.00" noise="81.18" route="routebottom" type="cfm_slow" waiting="0.00" lane="right_0" pos="20.45" speed="46.90" angle="327.64" x="115.94" y="102.79"/>
        <vehicle id="cfm_slow_1" eclass="HBEFA3/PC_G_EU4" CO2="14963.98" CO="508.80" HC="2.73" NOx="5.95" PMx="0.48" fuel="6.43" electricity="0.00" noise="81.18" route="routetop" type="cfm_slow" waiting="0.00" lane="top_0" pos="10.45" speed="46.90" angle="255.70" x="42.59" y="125.48"/>
        <vehicle id="cfm_slow_2" eclass="HBEFA3/PC_G_EU4" CO2="14963.98" CO="508.80" HC="2.73" NOx="5.95" PMx="0.48" fuel="6.43" electricity="0.00" noise="81.18" route="routetop" type="cfm_slow" waiting="0.00" lane="left_0" pos="0.45" speed="46.90" angle="183.67" x="-1.63" y="62.71"/>
        <vehicle id="cfm_slow_3" eclass="HBEFA3/PC_G_EU4" CO2="14963.98" CO="508.80" HC="2.73" NOx="5.95" PMx="0.48" fuel="6.43" electricity="0.00" noise="81.18" route="routetop" type="cfm_slow" waiting="0.00" lane="left_0" pos="40.45" speed="46.90" angle="111.66" x="44.34" y="1.29"/>
        <vehicle id="cfm_slow_4" eclass="HBEFA3/PC_G_EU4" CO2="14963.98" CO="508.80" HC="2.73" NOx="5.95" PMx="0.48" fuel="6.43" electricity="0.00" noise="81.18" route="routebottom" type="cfm_slow" waiting="0.00" lane="bottom_0" pos="30.45" speed="46.90" angle="39.68" x="117.02" y="26.02"/>
    </timestep>
    <timestep time="7.26">
        <vehicle id="cfm_slow_0" eclass="HBEFA3/PC_G_EU4" CO2="14954.03" CO="508.62" HC="2.72" NOx="5.95" PMx="0.48" fuel="6.43" electricity="0.00" noise="81.18" route="routebottom" type="cfm_slow" waiting="0.00" lane="right_0" pos="20.92" speed="46.90" angle="326.81" x="115.35" y="103.55"/>
        <vehicle id="cfm_slow_1" eclass="HBEFA3/PC_G_EU4" CO2="14954.03" CO="508.62" HC="2.72" NOx="5.95" PMx="0.48" fuel="6.43" electricity="0.00" noise="81.18" route="routetop" type="cfm_slow" waiting="0.00" lane="top_0" pos="10.92" speed="46.90" angle="254.78" x="41.68" y="125.15"/>
        <vehicle id="cfm_slow_2" eclass="HBEFA3/PC_G_EU4" CO2="14954.03" CO="508.62" HC="2.72" NOx="5.95" PMx="0.48" fuel="6.43" electricity="0.00" noise="81.18" route="routetop" type="cfm_slow" waiting="0.00" lane="left_0" pos="0.92" speed="46.90" angle="182.81" x="-1.61" y="61.75"/>
        <vehicle id="cfm_slow_3" eclass="HBEFA3/PC_G_EU4" CO2="14954.03" CO="508.62" HC="2.72" NOx="5.95" PMx="0.48" fuel="6.43" electricity="0.00" noise="81.18" route="routetop" type="cfm_slow" waiting="0.00" lane="left_0" pos="40.92" speed="46.90" angle="110.80" x="45.26" y="1.00"/>
        <vehicle id="cfm_slow_4" eclass="HBEFA3/PC_G_EU4" CO2="14954.03" CO="508.62" HC="2.72" NOx="5.95" PMx="0.48" fuel="6.43" electricity="0.00" noise="81.18" route="routebottom" type="cfm_slow" waiting="0.00" lane="bottom_0" pos="30.92" speed="46.90" angle="38.88" x="117.58" y="26.81"/>
    </timestep>
    <timestep time="7.27">
        <vehicle id="cfm_slow_0" eclass="HBEFA3/PC_G_EU4" CO2="14944.17" CO="508.44" HC="2.72" NOx="5.94" PMx="0.48" fuel="6.42" electricity="0.00" noise="81.18" route="routebottom" type="cfm_slow" waiting="0.00" lane="right_0" pos="21.39" speed="46.90" angle="325.95" x="114.76" y="104.31"/>
        <vehicle id="cfm_slow_1" eclass="HBEFA3/PC_G_EU4" CO2="14944.17" CO="508.44" HC="2.72" NOx="5.94" PMx="0.48" fuel="6.42" electricity="0.00" noise="81.18" route="routetop" type="cfm_slow" waiting="0.00" lane="top_0" pos="11.39" speed="46.90" angle="253.87" x="40.78" y="124.82"/>
        <vehicle id="cfm_slow_2" eclass="HBEFA3/PC_G_EU4" CO2="14944.17" CO="508.44" HC="2.72" NOx="5.94" PMx="0.48" fuel="6.42" electricity="0.00" noise="81.18" route="routetop" type="cfm_slow" waiting="0.00" lane="left_0" pos="1.39" speed="46.90" angle="182.00" x="-1.58" y="60.79"/>
        <vehicle id="cfm_slow_3" eclass="HBEFA3/PC_G_EU4" CO2="14944.17" CO="508.44" HC="2.72" NOx="5.94" PMx="0.48" fuel="6.42" electricity="0.00" noise="81.18" route="routetop" type="cfm_slow" waiting="0.00" lane="left_0" pos="41.39" speed="46.90" angle="109.99" x="46.19" y="0.74"/>
        <vehicle id="cfm_slow_4" eclass="HBEFA3/PC_G_EU4" CO2="14944.17" CO="508.44" HC="2.72" NOx="5.94" PMx="0.48" fuel="6.42" electricity="0.00" noise="81.18" route="routebottom" type="cfm_slow" waiting="0.00" lane="bottom_0" pos="31.39" speed="46.90" angle="38.03" x="118.11" y="27.61"/>
    </timestep>
    <timestep time="7.28">
        <vehicle id="cfm_slow_0" eclass="HBEFA3/PC_G_EU4" CO2="14934.40" CO="508.26" HC="2.72" NOx="5.94" PMx="0.48" fuel="6.42" electricity="0.00" noise="81.18" route="routebottom" type="cfm_slow" waiting="0.00" lane="right_0" pos="21.86" speed="46.90" angle="325.14" x="114.16" y="105.06"/>
        <vehicle id="cfm_slow_1" eclass="HBEFA3/PC_G_EU4" CO2="14934.40" CO="508.26" HC="2.72" NOx="5.94" PMx="0.48" fuel="6.42" electricity="0.00" noise="81.18" route="routetop" type="cfm_slow" waiting="0.00" lane="top_0" pos="11.86" speed="46.90" angle="253.09" x="39.88" y="124.47"/>
        <vehicle id="cfm_slow_2" eclass="HBEFA3/PC_G_EU4" CO2="14934.40" CO="508.26" HC="2.72" NOx="5.94" PMx="0.48" fuel="6.42" electricity="0.00" noise="81.18" route="routetop" type="cfm_slow" waiting="0.00" lane="left_0" pos="1.86" speed="46.90" angle="181.15" x="-1.53" y="59.83"/>
        <vehicle id="cfm_slow_3" eclass="HBEFA3/PC_G_EU4" CO2="14934.40" CO="508.26" HC="2.72" NOx="5.94" PMx="0.48" fuel="6.42" electricity="0.00" noise="81.18" route="routetop" type="cfm_slow" waiting="0.00" lane="left_0" pos="41.86" speed="46.90" angle="109.13" x="47.12" y="0.49"/>
        <vehicle id="cfm_slow_4" eclass="HBEFA3/PC_G_EU4" CO2="14934.40" CO="508.26" HC="2.72" NOx="5.94" PMx="0.48" fuel="6.42" electricity="0.00" noise="81.18" route="routebottom" type="cfm_slow" waiting="0.00" lane="bottom_0" pos="31.86" speed="46.90" angle="37.17" x="118.64" y="28.41"/>
    </timestep>
    <timestep time="7.29">
        <vehicle id="cfm_slow_0" eclass="HBEFA3/PC_G_EU4" CO2="14924.72" CO="508.08" HC="2.72" NOx="5.93" PMx="0.48" fuel="6.42" electricity="0.00" noise="81.18" route="routebottom" type="cfm_slow" waiting="0.00" lane="right_0" pos="22.33" speed="46.90" angle="324.29" x="113.54" y="105.80"/>
        <vehicle id="cfm_slow_1" eclass="HBEFA3/PC_G_EU4" CO2="14924.72" CO="508.08" HC="2.72" NOx="5.93" PMx="0.48" fuel="6.42" electricity="0.00" noise="81.18" route="routetop" type="cfm_slow" waiting="0.00" lane="top_0" pos="12.33" speed="46.90" angle="252.27" x="38.99" y="124.12"/>
        <vehicle id="cfm_slow_2" eclass="HBEFA3/PC_G_EU4" CO2="14924.72" CO="508.08" HC="2.72" NOx="5.93" PMx="0.48" fuel="6.42" electricity="0.00" noise="81.18" route="routetop" type="cfm_slow" waiting="0.00" lane="left_0" pos="2.33" speed="46.90" angle="180.30" x="-1.47" y="58.87"/>
        <vehicle id="cfm_slow_3" eclass="HBEFA3/PC_G_EU4" CO2="14924.72" CO="508.08" HC="2.72" NOx="5.93" PMx="0.48" fuel="6.42" electricity="0.00" noise="81.18" route="routetop" type="cfm_slow" waiting="0.00" lane="left_0" pos="42.33" speed="46.90" angle="108.34" x="48.05" y="0.25"/>
        <vehicle id="cfm_slow_4" eclass="HBEFA3/PC_G_EU4" CO2="14924.72" CO="508.08" HC="2.72" NOx="5.93" PMx="0.48" fuel="6.42" electricity="0.00" noise="81.18" route="routebottom" type="cfm_slow" waiting="0.00" lane="bottom_0" pos="32.33" speed="46.90" angle="36.37" x="119.15" y="29.23"/>
    </timestep>
    <timestep time="7.30">
        <vehicle id="cfm_slow_0" eclass="HBEFA3/PC_G_EU4" CO2="14915.12" CO="507.90" HC="2.72" NOx="5.93" PMx="0.48" fuel="6.41" electricity="0.00" noise="81.18" route="routebottom" type="cfm_slow" waiting="0.00" lane="right_0" pos="22.79" speed="46.90" angle="323.43" x="112.92" y="106.54"/>
        <vehicle id="cfm_slow_1" eclass="HBEFA3/PC_G_EU4" CO2="14915.12" CO="507.90" HC="2.72" NOx="5.93" PMx="0.48" fuel="6.41" electricity="0.00" noise="81.18" route="routetop" type="cfm_slow" waiting="0.00" lane="top_0" pos="12.79" speed="46.90" angle="251.49" x="38.10" y="123.76"/>
        <vehicle id="cfm_slow_2" eclass="HBEFA3/PC_G_EU4" CO2="14915.12" CO="507.90" HC="2.72" NOx="5.93" PMx="0.48" fuel="6.41" electricity="0.00" noise="81.18" route="routetop" type="cfm_slow" waiting="0.00" lane="left_0" pos="2.79" speed="46.90" angle="179.48" x="-1.39" y="57.91"/>
        <vehicle id="cfm_slow_3" eclass="HBEFA3/PC_G_EU4" CO2="14915.12" CO="507.90" HC="2.72" NOx="5.93" PMx="0.48" fuel="6.41" electricity="0.00" noise="81.18" route="routetop" type="cfm_slow" waiting="0.00" lane="left_0" pos="42.79" speed="46.90" angle="107.50" x="48.99" y="0.03"/>
        <vehicle id="cfm_slow_4" eclass="HBEFA3/PC_G_EU4" CO2="14915.12" CO="507.90" HC="2.72" NOx="5.93" PMx="0.48" fuel="6.41" electricity="0.00" noise="81.18" route="routebottom" type="cfm_slow" waiting="0.00" lane="bottom_0" pos="32.79" speed="46.90" angle="35.49" x="119.65" y="30.05"/>
    </timestep>
    <timestep time="7.31">
        <vehicle id="cfm_slow_0" eclass="HBEFA3/PC_G_EU4" CO2="14905.61" CO="507.72" HC="2.72" NOx="5.93" PMx="0.48" fuel="6.41" electricity="0.00" noise="81.17" route="routebottom" type="cfm_slow" waiting="0.00" lane="right_0" pos="23.26" speed="46.90" angle="322.65" x="112.29" y="107.26"/>
        <vehicle id="cfm_slow_1" eclass="HBEFA3/PC_G_EU4" CO2="14905.61" CO="507.72" HC="2.72" NOx="5.93" PMx="0.48" fuel="6.41" electricity="0.00" noise="81.17" route="routetop" type="cfm_slow" waiting="0.00" lane="top_0" pos="13.26" speed="46.90" angle="250.62" x="37.22" y="123.37"/>
        <vehicle id="cfm_slow_2" eclass="HBEFA3/PC_G_EU4" CO2="14905.61" CO="507.72" HC="2.72" NOx="5.93" PMx="0.48" fuel="6.41" electricity="0.00" noise="81.17" route="routetop" type="cfm_slow" waiting="0.00" lane="left_0" pos="3.26" speed="46.90" angle="178.63" x="-1.30" y="56.95"/>
        <vehicle id="cfm_slow_3" eclass="HBEFA3/PC_G_EU4" CO2="14905.61" CO="507.72" HC="2.72" NOx="5.93" PMx="0.48" fuel="6.41" electricity="0.00" noise="81.17" route="routetop" type="cfm_slow" waiting="0.00" lane="left_0" pos="43.26" speed="46.90" angle="106.66" x="49.92" y="-0.18"/>
        <vehicle id="cfm_slow_4" eclass="HBEFA3/PC_G_EU4" CO2="14905.61" CO="507.72" HC="2.72" NOx="5.93" PMx="0.48" fuel="6.41" electricity="0.00" noise="81.17" route="routebottom" type="cfm_slow" waiting="0.00" lane="bottom_0" pos="33.26" speed="46.90" angle="34.63" x="120.14" y="30.88"/>
    </timestep>
    <timestep time="7.32">
        <vehicle id="cfm_slow_0" eclass="HBEFA3/PC_G_EU4" CO2="14896.19" CO="507.55" HC="2.72" NOx="5.92" PMx="0.48" fuel="6.40" electricity="0.00" noise="81.17" route="routebottom" type="cfm_slow" waiting="0.00" lane="right_0" pos="23.73" speed="46.90" angle="321.79" x="111.64" y="107.96"/>
        <vehicle id="cfm_slow_1" eclass="HBEFA3/PC_G_EU4" CO2="14896.19" CO="507.55" HC="2.72" NOx="5.92" PMx="0.48" fuel="6.40" electricity="0.00" noise="81.17" route="routetop" type="cfm_slow" waiting="0.00" lane="top_0" pos="13.73" speed="46.90" angle="249.74" x="36.34" y="122.97"/>
        <vehicle id="cfm_slow_2" eclass="HBEFA3/PC_G_EU4" CO2="14896.19" CO="507.55" HC="2.72" NOx="5.92" PMx="0.48" fuel="6.40" electricity="0.00" noise="81.17" route="routetop" type="cfm_slow" waiting="0.00" lane="left_0" pos="3.73" speed="46.90" angle="177.78" x="-1.20" y="55.99"/>
        <vehicle id="cfm_slow_3" eclass="HBEFA3/PC_G_EU4" CO2="14896.19" CO="507.55" HC="2.72" NOx="5.92" PMx="0.48" fuel="6.40" electricity="0.00" noise="81.17" route="routetop" type="cfm_slow" waiting="0.00" lane="left_0" pos="43.73" speed="46.90" angle="105.85" x="50.86" y="-0.38"/>
        <vehicle id="cfm_slow_4" eclass="HBEFA3/PC_G_EU4" CO2="14896.19" CO="507.55" HC="2.72" NOx="5.92" PMx="0.48" fuel="6.40" electricity="0.00" noise="81.17" route="routebottom" type="cfm_slow" waiting="0.00" lane="bottom_0" pos="33.73" speed="46.90" angle="33.81" x="120.61" y="31.72"/>
    </timestep>
    <timestep time="7.33">
        <vehicle id="cfm_slow_0" eclass="HBEFA3/PC_G_EU4" CO2="14886.86" CO="507.37" HC="2.72" NOx="5.92" PMx="0.48" fuel="6.40" electricity="0.00" noise="81.17" route="routebottom" type="cfm_slow" waiting="0.00" lane="right_0" pos="24.20" speed="46.90" angle="320.93" x="110.98" y="108.67"/>
        <vehicle id="cfm_slow_1" eclass="HBEFA3/PC_G_EU4" CO2="14886.86" CO="507.37" HC="2.72" NOx="5.92" PMx="0.48" fuel="6.40" electricity="0.00" noise="81.17" route="routetop" type="cfm_slow" waiting="0.00" lane="top_0" pos="14.20" speed="46.90" angle="248.93" x="35.47" y="122.57"/>
        <vehicle id="cfm_slow_2" eclass="HBEFA3/PC_G_EU4" CO2="14886.86" CO="507.37" HC="2.72" NOx="5.92" PMx="0.48" fuel="6.40" electricity="0.00" noise="81.17" route="routetop" type="cfm_slow" waiting="0.00" lane="left_0" pos="4.20" speed="46.90" angle="176.97" x="-1.07" y="55.04"/>
        <vehicle id="cfm_slow_3" eclass="HBEFA3/PC_G_EU4" CO2="14886.86" CO="507.37" HC="2.72" NOx="5.92" PMx="0.48" fuel="6.40" electricity="0.00" noise="81.17" route="routetop" type="cfm_slow" waiting="0.00" lane="left_0" pos="44.20" speed="46.90" angle="104.98" x="51.81" y="-0.55"/>
        <vehicle id="cfm_slow_4" eclass="HBEFA3/PC_G_EU4" CO2="14886.86" CO="507.37" HC="2.72" NOx="5.92" PMx="0.48" fuel="6.40" electricity="0.00" noise="81.17" route="routebottom" type="cfm_slow" waiting="0.00" lane="bottom_0" pos="34.20" speed="46.90" angle="32.96" x="121.08" y="32.56"/>
    </timestep>
    <timestep time="7.34">
        <vehicle id="cfm_slow_0" eclass="HBEFA3/PC_G_EU4" CO2="14877.61" CO="507.20" HC="2.72" NOx="5.91" PMx="0.48" fuel="6.40" electricity="0.00" noise="81.17" route="routebottom" type="cfm_slow" waiting="0.00" lane="right_0" pos="24.67" speed="46.90" angle="320.13" x="110.31" y="109.36"/>
        <vehicle id="cfm_slow_1" eclass="HBEFA3/PC_G_EU4" CO2="14877.61" CO="507.20" HC="2.72" NOx="5.91" PMx="0.48" fuel="6.40" electricity="0.00" noise="81.17" route="routetop" type="cfm_slow" waiting="0.00" lane="top_0" pos="14.67" speed="46.90" angle="248.06" x="34.61" y="122.14"/>
        <vehicle id="cfm_slow_2" eclass="HBEFA3/PC_G_EU4" CO2="14877.61" CO="507.20" HC="2.72" NOx="5.91" PMx="0.48" fuel="6.40" electricity="0.00" noise="81.17" route="routetop" type="cfm_slow" waiting="0.00" lane="left_0" pos="4.67" speed="46.90" angle="176.11" x="-0.94" y="54.09"/>
        <vehicle id="cfm_slow_3" eclass="HBEFA3/PC_G_EU4" CO2="14877.61" CO="507.20" HC="2.72" NOx="5.91" PMx="0.48" fuel="6.40" electricity="0.00" noise="81.17" route="routetop" type="cfm_slow" waiting="0.00" lane="left_0" pos="44.67" speed="46.90" angle="104.11" x="52.76" y="-0.73"/>
        <vehicle id="cfm_slow_4" eclass="HBEFA3/PC_G_EU4" CO2="14877.61" CO="507.20" HC="2.72" NOx="5.91" PMx="0.48" fuel="6.40" electricity="0.00" noise="81.17" route="routebottom" type="cfm_slow" waiting="0.00" lane="bottom_0" pos="34.67" speed="46.90" angle="32.17" x="121.54" y="33.40"/>
    </timestep>
    <timestep time="7.35">
        <vehicle id="cfm_slow_0" eclass="HBEFA3/PC_G_EU4" CO2="14868.44" CO="507.03" HC="2.72" NOx="5.91" PMx="0.48" fuel="6.39" electricity="0.00" noise="81.17" route="routebottom" type="cfm_slow" waiting="0.00" lane="right_0" pos="25.14" speed="46.91" angle="319.28" x="109.63" y="110.04"/>
        <vehicle id="cfm_slow_1" eclass="HBEFA3/PC_G_EU4" CO2="14868.44" CO="507.03" HC="2.72" NOx="5.91" PMx="0.48" fuel="6.39" electricity="0.00" noise="81.17" route="routetop" type="cfm_slow" waiting="0.00" lane="top_0" pos="15.14" speed="46.91" angle="247.19" x="33.75" y="121.71"/>
        <vehicle id="cfm_slow_2" eclass="HBEFA3/PC_G_EU4" CO2="14868.44" CO="507.03" HC="2.72" NOx="5.91" PMx="0.48" fuel="6.39" electricity="0.00" noise="81.17" route="routetop" type="cfm_slow" waiting="0.00" lane="left_0" pos="5.14" speed="46.91" angle="175.27" x="-0.80" y="53.14"/>
        <vehicle id="cfm_slow_3" eclass="HBEFA3/PC_G_EU4" CO2="14868.44" CO="507.03" HC="2.72" NOx="5.91" PMx="0.48" fuel="6.39" electricity="0.00" noise="81.17" route="routetop" type="cfm_slow" waiting="0.00" lane="left_0" pos="45.14" speed="46.91" angle="103.31" x="53.70" y="-0.88"/>
        <vehicle id="cfm_slow_4" eclass="HBEFA3/PC_G_EU4" CO2="14868.44" CO="507.03" HC="2.72" NOx="5.91" PMx="0.48" fuel="6.39" electricity="0.00" noise="81.17" route="routebottom" type="cfm_slow" waiting="0.00" lane="bottom_0" pos="35.14" speed="46.91" angle="31.30" x="121.97" y="34.26"/>
    </timestep>
    <timestep time="7.36">
        <vehicle id="cfm_slow_0" eclass="HBEFA3/PC_G_EU4" CO2="14859.36" CO="506.86" HC="2.71" NOx="5.90" PMx="0.48" fuel="6.39" electricity="0.00" noise="81.17" route="routebottom" type="cfm_slow" waiting="0.00" lane="right_0" pos="25.61" speed="46.91" angle="318.46" x="108.95" y="110.72"/>
        <vehicle id="cfm_slow_1" eclass="HBEFA3/PC_G_EU4" CO2="14859.36" CO="506.86" HC="2.71" NOx="5.90" PMx="0.48" fuel="6.39" electricity="0.00" noise="81.17" route="routetop" type="cfm_slow" waiting="0.00" lane="top_0" pos="15.61" speed="46.91" angle="246.40" x="32.89" y="121.27"/>
        <vehicle id="cfm_slow_2" eclass="HBEFA3/PC_G_EU4" CO2="14859.36" CO="506.86" HC="2.71" NOx="5.90" PMx="0.48" fuel="6.39" electricity="0.00" noise="81.17" route="routetop" type="cfm_slow" waiting="0.00" lane="left_0" pos="5.61" speed="46.91" angle="174.39" x="-0.62" y="52.19"/>
        <vehicle id="cfm_slow_3" eclass="HBEFA3/PC_G_EU4" CO2="14859.36" CO="506.86" HC="2.71" NOx="5.90" PMx="0.48" fuel="6.39" electricity="0.00" noise="81.17" route="routetop" type="cfm_slow" waiting="0.00" lane="left_0" pos="45.61" speed="46.91" angle="102.45" x="54.66" y="-1.02"/>
        <vehicle id="cfm_slow_4" eclass="HBEFA3/PC_G_EU4" CO2="14859.36" CO="506.86" HC="2.71" NOx="5.90" PMx="0.48" fuel="6.39" electricity="0.00" noise="81.17" route="routebottom" type="cfm_slow" waiting="0.00" lane="bottom_0" pos="35.61" speed="46.91" angle="30.42" x="122.40" y="35.12"/>
    </timestep>
    <timestep time="7.37">
        <vehicle id="cfm_slow_0" eclass="HBEFA3/PC_G_EU4" CO2="14850.35" CO="506.70" HC="2.71" NOx="5.90" PMx="0.48" fuel="6.38" electricity="0.00" noise="81.17" route="routebottom" type="cfm_slow" waiting="0.00" lane="right_0" pos="26.08" speed="46.91" angle="317.62" x="108.25" y="111.37"/>
        <vehicle id="cfm_slow_1" eclass="HBEFA3/PC_G_EU4" CO2="14850.35" CO="506.70" HC="2.71" NOx="5.90" PMx="0.48" fuel="6.38" electricity="0.00" noise="81.17" route="routetop" type="cfm_slow" waiting="0.00" lane="top_0" pos="16.08" speed="46.91" angle="245.56" x="32.05" y="120.80"/>
        <vehicle id="cfm_slow_2" eclass="HBEFA3/PC_G_EU4" CO2="14850.35" CO="506.70" HC="2.71" NOx="5.90" PMx="0.48" fuel="6.38" electricity="0.00" noise="81.17" route="routetop" type="cfm_slow" waiting="0.00" lane="left_0" pos="6.08" speed="46.91" angle="173.51" x="-0.45" y="51.24"/>
        <vehicle id="cfm_slow_3" eclass="HBEFA3/PC_G_EU4" CO2="14850.35" CO="506.70" HC="2.71" NOx="5.90" PMx="0.48" fuel="6.38" electricity="0.00" noise="81.17" route="routetop" type="cfm_slow" waiting="0.00" lane="left_0" pos="46.08" speed="46.91" angle="101.61" x="55.61" y="-1.15"/>
        <vehicle id="cfm_slow_4" eclass="HBEFA3/PC_G_EU4" CO2="14850.35" CO="506.70" HC="2.71" NOx="5.90" PMx="0.48" fuel="6.38" electricity="0.00" noise="81.17" route="routebottom" type="cfm_slow" waiting="0.00" lane="bottom_0" pos="36.08" speed="46.91" angle="29.60" x="122.82" y="35.99"/>
    </timestep>
    <timestep time="7.38">
        <vehicle id="cfm_slow_0" eclass="HBEFA3/PC_G_EU4" CO2="14841.43" CO="506.53" HC="2.71" NOx="5.90" PMx="0.48" fuel="6.38" electricity="0.00" noise="81.17" route="routebottom" type="cfm_slow" waiting="0.00" lane="right_0" pos="26.55" speed="46.91" angle="316.77" x="107.54" y="112.03"/>
        <vehicle id="cfm_slow_1" eclass="HBEFA3/PC_G_EU4" CO2="14841.43" CO="506.53" HC="2.71" NOx="5.90" PMx="0.48" fuel="6.38" electricity="0.00" noise="81.17" route="routetop" type="cfm_slow" waiting="0.00" lane="top_0" pos="16.55" speed="46.91" angle="244.72" x="31.21" y="120.33"/>
        <vehicle id="cfm_slow_2" eclass="HBEFA3/PC_G_EU4" CO2="14841.43" CO="506.53" HC="2.71" NOx="5.90" PMx="0.48" fuel="6.38" electricity="0.00" noise="81.17" route="routetop" type="cfm_slow" waiting="0.00" lane="left_0" pos="6.55" speed="46.91" angle="172.70" x="-0.26" y="50.30"/>
        <vehicle id="cfm_slow_3" eclass="HBEFA3/PC_G_EU4" CO2="14841.43" CO="506.53" HC="2.71" NOx="5.90" PMx="0.48" fuel="6.38" electricity="0.00" noise="81.17" route="routetop" type="cfm_slow" waiting="0.00" lane="left_0" pos="46.55" speed="46.91" angle="100.78" x="56.57" y="-1.26"/>
        <vehicle id="cfm_slow_4" eclass="HBEFA3/PC_G_EU4" CO2="14841.43" CO="506.53" HC="2.71" NOx="5.90" PMx="0.48" fuel="6.38" electricity="0.00" noise="81.17" route="routebottom" type="cfm_slow" waiting="0.00" lane="bottom_0" pos="36.55" speed="46.91" angle="28.70" x="123.21" y="36.86"/>
    </timestep>
    <timestep time="7.39">
        <vehicle id="cfm_slow_0" eclass="HBEFA3/PC_G_EU4" CO2="14832.59" CO="506.37" HC="2.71" NOx="5.89" PMx="0.48" fuel="6.38" electricity="0.00" noise="81.16" route="routebottom" type="cfm_slow" waiting="0.00" lane="right_0" pos="27.02" speed="46.91" angle="315.95" x="106.83" y="112.68"/>
        <vehicle id="cfm_slow_1" eclass="HBEFA3/PC_G_EU4" CO2="14832.59" CO="506.37" HC="2.71" NOx="5.89" PMx="0.48" fuel="6.38" electricity="0.00" noise="81.16" route="routetop" type="cfm_slow" waiting="0.00" lane="top_0" pos="17.02" speed="46.91" angle="243.90" x="30.38" y="119.85"/>
        <vehicle id="cfm_slow_2" eclass="HBEFA3/PC_G_EU4" CO2="14832.59" CO="506.37" HC="2.71" NOx="5.89" PMx="0.48" fuel="6.38" electricity="0.00" noise="81.16" route="routetop" type="cfm_slow" waiting="0.00" lane="left_0" pos="7.02" speed="46.91" angle="171.83" x="-0.05" y="49.36"/>
        <vehicle id="cfm_slow_3" eclass="HBEFA3/PC_G_EU4" CO2="14832.59" CO="506.37" HC="2.71" NOx="5.89" PMx="0.48" fuel="6.38" electricity="0.00" noise="81.16" route="routetop" type="cfm_slow" waiting="0.00" lane="left_0" pos="47.02" speed="46.91" angle="99.90" x="57.52" y="-1.35"/>
        <vehicle id="cfm_slow_4" eclass="HBEFA3/PC_G_EU4" CO2="14832.59" CO="506.37" HC="2.71" NOx="5.89" PMx="0.48" fuel="6.38" electricity="0.00" noise="81.16" route="routebottom" type="cfm_slow" waiting="0.00" lane="bottom_0" pos="37.02" speed="46.91" angle="27.81" x="123.60" y="37.74"/>
    </timestep>
    <timestep time="7.40">
        <vehicle id="cfm_slow_0" eclass="HBEFA3/PC_G_EU4" CO2="14823.83" CO="506.20" HC="2.71" NOx="5.89" PMx="0.48" fuel="6.37" electricity="0.00" noise="81.16" route="routebottom" type="cfm_slow" waiting="0.00" lane="right_0" pos="27.49" speed="46.91" angle="315.03" x="106.10" y="113.29"/>
        <vehicle id="cfm_slow_1" eclass="HBEFA3/PC_G_EU4" CO2="14823.83" CO="506.20" HC="2.71" NOx="5.89" PMx="0.48" fuel="6.37" electricity="0.00" noise="81.16" route="routetop" type="cfm_slow" waiting="0.00" lane="top_0" pos="17.49" speed="46.91" angle="243.04" x="29.56" y="119.35"/>
        <vehicle id="cfm_slow_2" eclass="HBEFA3/PC_G_EU4" CO2="14823.83" CO="506.20" HC="2.71" NOx="5.89" PMx="0.48" fuel="6.37" electricity="0.00" noise="81.16" route="routetop" type="cfm_slow" waiting="0.00" lane="left_0" pos="7.49" speed="46.91" angle="170.96" x="0.16" y="48.42"/>
        <vehicle id="cfm_slow_3" eclass="HBEFA3/PC_G_EU4" CO2="14823.83" CO="506.20" HC="2.71" NOx="5.89" PMx="0.48" fuel="6.37" electricity="0.00" noise="81.16" route="routetop" type="cfm_slow" waiting="0.00" lane="left_0" pos="47.49" speed="46.91" angle="99.09" x="58.48" y="-1.44"/>
        <vehicle id="cfm_slow_4" eclass="HBEFA3/PC_G_EU4" CO2="14823.83" CO="506.20" HC="2.71" NOx="5.89" PMx="0.48" fuel="6.37" electricity="0.00" noise="81.16" route="routebottom" type="cfm_slow" waiting="0.00" lane="bottom_0" pos="37.49" speed="46.91" angle="27.01" x="123.97" y="38.63"/>
    </timestep>
    <timestep time="7.41">
        <vehicle id="cfm_slow_0" eclass="HBEFA3/PC_G_EU4" CO2="14815.15" CO="506.04" HC="2.71" NOx="5.88" PMx="0.48" fuel="6.37" electricity="0.00" noise="81.16" route="routebottom" type="cfm_slow" waiting="0.00" lane="right_0" pos="27.95" speed="46.91" angle="314.11" x="105.36" y="113.91"/>
        <vehicle id="cfm_slow_1" eclass="HBEFA3/PC_G_EU4" CO2="14815.15" CO="506.04" HC="2.71" NOx="5.88" PMx="0.48" fuel="6.37" electricity="0.00" noise="81.16" route="routetop" type="cfm_slow" waiting="0.00" lane="top_0" pos="17.95" speed="46.91" angle="242.25" x="28.73" y="118.86"/>
        <vehicle id="cfm_slow_2" eclass="HBEFA3/PC_G_EU4" CO2="14815.15" CO="506.04" HC="2.71" NOx="5.88" PMx="0.48" fuel="6.37" electricity="0.00" noise="81.16" route="routetop" type="cfm_slow" waiting="0.00" lane="left_0" pos="7.95" speed="46.91" angle="170.15" x="0.39" y="47.49"/>
        <vehicle id="cfm_slow_3" eclass="HBEFA3/PC_G_EU4" CO2="14815.15" CO="506.04" HC="2.71" NOx="5.88" PMx="0.48" fuel="6.37" electricity="0.00" noise="81.16" route="routetop" type="cfm_slow" waiting="0.00" lane="left_0" pos="47.95" speed="46.91" angle="98.22" x="59.44" y="-1.50"/>
        <vehicle id="cfm_slow_4" eclass="HBEFA3/PC_G_EU4" CO2="14815.15" CO="506.04" HC="2.71" NOx="5.88" PMx="0.48" fuel="6.37" electricity="0.00" noise="81.16" route="routebottom" type="cfm_slow" waiting="0.00" lane="bottom_0" pos="37.95" speed="46.91" angle="26.15" x="124.33" y="39.52"/>
    </timestep>
    <timestep time="7.42">
        <vehicle id="cfm_slow_0" eclass="HBEFA3/PC_G_EU4" CO2="14806.55" CO="505.88" HC="2.71" NOx="5.88" PMx="0.48" fuel="6.36" electricity="0.00" noise="81.16" route="routebottom" type="cfm_slow" waiting="0.00" lane="right_0" pos="28.42" speed="46.91" angle="313.29" x="104.61" y="114.52"/>
        <vehicle id="cfm_slow_1" eclass="HBEFA3/PC_G_EU4" CO2="14806.55" CO="505.88" HC="2.71" NOx="5.88" PMx="0.48" fuel="6.36" electricity="0.00" noise="81.16" route="routetop" type="cfm_slow" waiting="0.00" lane="top_0" pos="18.42" speed="46.91" angle="241.35" x="27.93" y="118.32"/>
        <vehicle id="cfm_slow_2" eclass="HBEFA3/PC_G_EU4" CO2="14806.55" CO="505.88" HC="2.71" NOx="5.88" PMx="0.48" fuel="6.36" electricity="0.00" noise="81.16" route="routetop" type="cfm_slow" waiting="0.00" lane="left_0" pos="8.42" speed="46.91" angle="169.28" x="0.64" y="46.56"/>
        <vehicle id="cfm_slow_3" eclass="HBEFA3/PC_G_EU4" CO2="14806.55" CO="505.88" HC="2.71" NOx="5.88" PMx="0.48" fuel="6.36" electricity="0.00" noise="81.16" route="routetop" type="cfm_slow" waiting="0.00" lane="left_0" pos="48.42" speed="46.91" angle="97.36" x="60.40" y="-1.56"/>
        <vehicle id="cfm_slow_4" eclass="HBEFA3/PC_G_EU4" CO2="14806.55" CO="505.88" HC="2.71" NOx="5.88" PMx="0.48" fuel="6.36" electricity="0.00" noise="81.16" route="routebottom" type="cfm_slow" waiting="0.00" lane="bottom_0" pos="38.42" speed="46.91" angle="25.32" x="124.68" y="40.42"/>
    </timestep>
    <timestep time="7.43">
        <vehicle id="cfm_slow_0" eclass="HBEFA3/PC_G_EU4" CO2="14798.03" CO="505.73" HC="2.71" NOx="5.87" PMx="0.48" fuel="6.36" electricity="0.00" noise="81.16" route="routebottom" type="cfm_slow" waiting="0.00" lane="right_0" pos="28.89" speed="46.91" angle="312.43" x="103.86" y="115.11"/>
        <vehicle id="cfm_slow_1" eclass="HBEFA3/PC_G_EU4" CO2="14798.03" CO="505.73" HC="2.71" NOx="5.87" PMx="0.48" fuel="6.36" electricity="0.00" noise="81.16" route="routetop" type="cfm_slow" waiting="0.00" lane="top_0" pos="18.89" speed="46.91" angle="240.46" x="27.13" y="117.79"/>
        <vehicle id="cfm_slow_2" eclass="HBEFA3/PC_G_EU4" CO2="14798.03" CO="505.73" HC="2.71" NOx="5.87" PMx="0.48" fuel="6.36" electricity="0.00" noise="81.16" route="routetop" type="cfm_slow" waiting="0.00" lane="left_0" pos="8.89" speed="46.91" angle="168.43" x="0.89" y="45.63"/>
        <vehicle id="cfm_slow_3" eclass="HBEFA3/PC_G_EU4" CO2="14798.03" CO="505.73" HC="2.71" NOx="5.87" PMx="0.48" fuel="6.36" electricity="0.00" noise="81.16" route="routetop" type="cfm_slow" waiting="0.00" lane="left_0" pos="48.89" speed="46.91" angle="96.55" x="61.36" y="-1.61"/>
        <vehicle id="cfm_slow_4" eclass="HBEFA3/PC_G_EU4" CO2="14798.03" CO="505.73" HC="2.71" NOx="5.87" PMx="0.48" fuel="6.36" electricity="0.00" noise="81.16" route="routebottom" type="cfm_slow" waiting="0.00" lane="bottom_0" pos="38.89" speed="46.91" angle="24.49" x="125.02" y="41.32"/>
    </timestep>
    <timestep time="7.44">
        <vehicle id="cfm_slow_0" eclass="HBEFA3/PC_G_EU4" CO2="14789.58" CO="505.57" HC="2.71" NOx="5.87" PMx="0.48" fuel="6.36" electricity="0.00" noise="81.16" route="routebottom" type="cfm_slow" waiting="0.00" lane="right_0" pos="29.36" speed="46.91" angle="311.58" x="103.10" y="115.71"/>
        <vehicle id="cfm_slow_1" eclass="HBEFA3/PC_G_EU4" CO2="14789.58" CO="505.57" HC="2.71" NOx="5.87" PMx="0.48" fuel="6.36" electricity="0.00" noise="81.16" route="routetop" type="cfm_slow" waiting="0.00" lane="top_0" pos="19.36" speed="46.91" angle="239.63" x="26.34" y="117.25"/>
        <vehicle id="cfm_slow_2" eclass="HBEFA3/PC_G_EU4" CO2="14789.58" CO="505.57" HC="2.71" NOx="5.87" PMx="0.48" fuel="6.36" electricity="0.00" noise="81.16" route="routetop" type="cfm_slow" waiting="0.00" lane="left_0" pos="9.36" speed="46.91" angle="167.60" x="1.17" y="44.71"/>
        <vehicle id="cfm_slow_3" eclass="HBEFA3/PC_G_EU4" CO2="14789.58" CO="505.57" HC="2.71" NOx="5.87" PMx="0.48" fuel="6.36" electricity="0.00" noise="81.16" route="routetop" type="cfm_slow" waiting="0.00" lane="left_0" pos="49.36" speed="46.91" angle="95.66" x="62.32" y="-1.62"/>
        <vehicle id="cfm_slow_4" eclass="HBEFA3/PC_G_EU4" CO2="14789.58" CO="505.57" HC="2.71" NOx="5.87" PMx="0.48" fuel="6.36" electricity="0.00" noise="81.16" route="routebottom" type="cfm_slow" waiting="0.00" lane="bottom_0" pos="39.36" speed="46.91" angle="23.65" x="125.34" y="42.22"/>
    </timestep>
    <timestep time="7.45">
        <vehicle id="cfm_slow_0" eclass="HBEFA3/PC_G_EU4" CO2="14781.21" CO="505.41" HC="2.71" NOx="5.87" PMx="0.48" fuel="6.35" electricity="0.00" noise="81.16" route="routebottom" type="cfm_slow" waiting="0.00" lane="right_0" pos="29.83" speed="46.91" angle="310.78" x="102.32" y="116.28"/>
        <vehicle id="cfm_slow_1" eclass="HBEFA3/PC_G_EU4" CO2="14781.21" CO="505.41" HC="2.71" NOx="5.87" PMx="0.48" fuel="6.35" electricity="0.00" noise="81.16" route="routetop" type="cfm_slow" waiting="0.00" lane="top_0" pos="19.83" speed="46.91" angle="238.76" x="25.56" y="116.68"/>
        <vehicle id="cfm_slow_2" eclass="HBEFA3/PC_G_EU4" CO2="14781.21" CO="505.41" HC="2.71" NOx="5.87" PMx="0.48" fuel="6.35" electricity="0.00" noise="81.16" route="routetop" type="cfm_slow" waiting="0.00" lane="left_0" pos="9.83" speed="46.91" angle="166.74" x="1.46" y="43.79"/>
        <vehicle id="cfm_slow_3" eclass="HBEFA3/PC_G_EU4" CO2="14781.21" CO="505.41" HC="2.71" NOx="5.87" PMx="0.48" fuel="6.35" electricity="0.00" noise="81.16" route="routetop" type="cfm_slow" waiting="0.00" lane="left_0" pos="49.83" speed="46.91" angle="94.78" x="63.28" y="-1.64"/>
        <vehicle id="cfm_slow_4" eclass="HBEFA3/PC_G_EU4" CO2="14781.21" CO="505.41" HC="2.71" NOx="5.87" PMx="0.48" fuel="6.35" electricity="0.00" noise="81.16" route="routebottom" type="cfm_slow" waiting="0.00" lane="bottom_0" pos="39.83" speed="46.91" angle="22.87" x="125.67" y="43.13"/>
    </timestep>
    <timestep time="7.46">
        <vehicle id="cfm_slow_0" eclass="HBEFA3/PC_G_EU4" CO2="14772.92" CO="505.26" HC="2.71" NOx="5.86" PMx="0.48" fuel="6.35" electricity="0.00" noise="81.16" route="routebottom" type="cfm_slow" waiting="0.00" lane="right_0" pos="30.30" speed="46.91" angle="309.92" x="101.55" y="116.84"/>
        <vehicle id="cfm_slow_1" eclass="HBEFA3/PC_G_EU4" CO2="14772.92" CO="505.26" HC="2.71" NOx="5.86" PMx="0.48" fuel="6.35" electricity="0.00" noise="81.16" route="routetop" type="cfm_slow" waiting="0.00" lane="top_0" pos="20.30" speed="46.91" angle="237.88" x="24.78" y="116.12"/>
        <vehicle id="cfm_slow_2" eclass="HBEFA3/PC_G_EU4" CO2="14772.92" CO="505.26" HC="2.71" NOx="5.86" PMx="0.48" fuel="6.35" electricity="0.00" noise="81.16" route="routetop" type="cfm_slow" waiting="0.00" lane="left_0" pos="10.30" speed="46.91" angle="165.95" x="1.75" y="42.88"/>
        <vehicle id="cfm_slow_3" eclass="HBEFA3/PC_G_EU4" CO2="14772.92" CO="505.26" HC="2.71" NOx="5.86" PMx="0.48" fuel="6.35" electricity="0.00" noise="81.16" route="routebottom" type="cfm_slow" waiting="0.00" lane="bottom_0" pos="0.30" speed="46.91" angle="93.95" x="64.31" y="-1.64"/>
        <vehicle id="cfm_slow_4" eclass="HBEFA3/PC_G_EU4" CO2="14772.92" CO="505.26" HC="2.71" NOx="5.86" PMx="0.48" fuel="6.35" electricity="0.00" noise="81.16" route="routebottom" type="cfm_slow" waiting="0.00" lane="bottom_0" pos="40.30" speed="46.91" angle="21.99" x="125.95" y="44.05"/>
    </timestep>
    <timestep time="7.47">
        <vehicle id="cfm_slow_0" eclass="HBEFA3/PC_G_EU4" CO2="14764.70" CO="505.11" HC="2.70" NOx="5.86" PMx="0.48" fuel="6.35" electricity="0.00" noise="81.15" route="routebottom" type="cfm_slow" waiting="0.00" lane="right_0" pos="30.77" speed="46.92" angle="309.12" x="100.77" y="117.41"/>
        <vehicle id="cfm_slow_1" eclass="HBEFA3/PC_G_EU4" CO2="14764.70" CO="505.11" HC="2.70" NOx="5.86" PMx="0.48" fuel="6.35" electricity="0.00" noise="81.15" route="routetop" type="cfm_slow" waiting="0.00" lane="top_0" pos="20.77" speed="46.92" angle="237.09" x="24.01" y="115.54"/>
        <vehicle id="cfm_slow_2" eclass="HBEFA3/PC_G_EU4" CO2="14764.70" CO="505.11" HC="2.70" NOx="5.86" PMx="0.48" fuel="6.35" electricity="0.00" noise="81.15" route="routetop" type="cfm_slow" waiting="0.00" lane="left_0" pos="10.77" speed="46.92" angle="165.07" x="2.07" y="41.97"/>
        <vehicle id="cfm_slow_3" eclass="HBEFA3/PC_G_EU4" CO2="14764.70" CO="505.11" HC="2.70" NOx="5.86" PMx="0.48" fuel="6.35" electricity="0.00" noise="81.15" route="routebottom" type="cfm_slow" waiting="0.00" lane="bottom_0" pos="0.77" speed="46.92" angle="93.09" x="65.27" y="-1.62"/>
        <vehicle id="cfm_slow_4" eclass="HBEFA3/PC_G_EU4" CO2="14764.70" CO="505.11" HC="2.70" NOx="5.86" PMx="0.48" fuel="6.35" electricity="0.00" noise="81.15" route="routebottom" type="cfm_slow" waiting="0.00" lane="bottom_0" pos="40.77" speed="46.92" angle="21.12" x="126.24" y="44.97"/>
    </timestep>
    <timestep time="7.48">
        <vehicle id="cfm_slow_0" eclass="HBEFA3/PC_G_EU4" CO2="14756.55" CO="504.96" HC="2.70" NOx="5.86" PMx="0.48" fuel="6.34" electricity="0.00" noise="81.15" route="routebottom" type="cfm_slow" waiting="0.00" lane="right_0" pos="31.24" speed="46.92" angle="308.26" x="99.97" y="117.94"/>
        <vehicle id="cfm_slow_1" eclass="HBEFA3/PC_G_EU4" CO2="14756.55" CO="504.96" HC="2.70" NOx="5.86" PMx="0.48" fuel="6.34" electricity="0.00" noise="81.15" route="routetop" type="cfm_slow" waiting="0.00" lane="top_0" pos="21.24" speed="46.92" angle="236.24" x="23.25" y="114.95"/>
        <vehicle id="cfm_slow_2" eclass="HBEFA3/PC_G_EU4" CO2="14756.55" CO="504.96" HC="2.70" NOx="5.86" PMx="0.48" fuel="6.34" electricity="0.00" noise="81.15" route="routetop" type="cfm_slow" waiting="0.00" lane="left_0" pos="11.24" speed="46.92" angle="164.20" x="2.40" y="41.07"/>
        <vehicle id="cfm_slow_3" eclass="HBEFA3/PC_G_EU4" CO2="14756.55" CO="504.96" HC="2.70" NOx="5.86" PMx="0.48" fuel="6.34" electricity="0.00" noise="81.15" route="routebottom" type="cfm_slow" waiting="0.00" lane="bottom_0" pos="1.24" speed="46.92" angle="92.26" x="66.23" y="-1.60"/>
        <vehicle id="cfm_slow_4" eclass="HBEFA3/PC_G_EU4" CO2="14756.55" CO="504.96" HC="2.70" NOx="5.86" PMx="0.48" fuel="6.34" electricity="0.00" noise="81.15" route="routebottom" type="cfm_slow" waiting="0.00" lane="bottom_0" pos="41.24" speed="46.92" angle="20.31" x="126.51" y="45.89"/>
    </timestep>
    <timestep time="7.49">
        <vehicle id="cfm_slow_0" eclass="HBEFA3/PC_G_EU4" CO2="14748.48" CO="504.81" HC="2.70" NOx="5.85" PMx="0.48" fuel="6.34" electricity="0.00" noise="81.15" route="routebottom" type="cfm_slow" waiting="0.00" lane="right_0" pos="31.71" speed="46.92" angle="307.40" x="99.16" y="118.47"/>
        <vehicle id="cfm_slow_1" eclass="HBEFA3/PC_G_EU4" CO2="14748.48" CO="504.81" HC="2.70" NOx="5.85" PMx="0.48" fuel="6.34" electricity="0.00" noise="81.15" route="routetop" type="cfm_slow" waiting="0.00" lane="top_0" pos="21.71" speed="46.92" angle="235.41" x="22.49" y="114.36"/>
        <vehicle id="cfm_slow_2" eclass="HBEFA3/PC_G_EU4" CO2="14748.48" CO="504.81" HC="2.70" NOx="5.85" PMx="0.48" fuel="6.34" electricity="0.00" noise="81.15" route="routetop" type="cfm_slow" waiting="0.00" lane="left_0" pos="11.71" speed="46.92" angle="163.39" x="2.74" y="40.17"/>
        <vehicle id="cfm_slow_3" eclass="HBEFA3/PC_G_EU4" CO2="14748.48" CO="504.81" HC="2.70" NOx="5.85" PMx="0.48" fuel="6.34" electricity="0.00" noise="81.15" route="routebottom" type="cfm_slow" waiting="0.00" lane="bottom_0" pos="1.71" speed="46.92" angle="91.42" x="67.19" y="-1.55"/>
        <vehicle id="cfm_slow_4" eclass="HBEFA3/PC_G_EU4" CO2="14748.48" CO="504.81" HC="2.70" NOx="5.85" PMx="0.48" fuel="6.34" electricity="0.00" noise="81.15" route="routebottom" type="cfm_slow" waiting="0.00" lane="bottom_0" pos="41.71" speed="46.92" angle="19.43" x="126.75" y="46.82"/>
    </timestep>
    <timestep time="7.50">
        <vehicle id="cfm_slow_0" eclass="HBEFA3/PC_G_EU4" CO2="14740.48" CO="504.66" HC="2.70" NOx="5.85" PMx="0.48" fuel="6.34" electricity="0.00" noise="81.15" route="routebottom" type="cfm_slow" waiting="0.00" lane="right_0" pos="32.18" speed="46.92" angle="306.62" x="98.36" y="119.00"/>
        <vehicle id="cfm_slow_1" eclass="HBEFA3/PC_G_EU4" CO2="14740.48" CO="504.66" HC="2.70" NOx="5.85" PMx="0.48" fuel="6.34" electricity="0.00" noise="81.15" route="routetop" type="cfm_slow" waiting="0.00" lane="top_0" pos="22.18" speed="46.92" angle="234.57" x="21.76" y="113.74"/>
        <vehicle id="cfm_slow_2" eclass="HBEFA3/PC_G_EU4" CO2="14740.48" CO="504.66" HC="2.70" NOx="5.85" PMx="0.48" fuel="6.34" electricity="0.00" noise="81.15" route="routetop" type="cfm_slow" waiting="0.00" lane="left_0" pos="12.18" speed="46.92" angle="162.55" x="3.09" y="39.27"/>
        <vehicle id="cfm_slow_3" eclass="HBEFA3/PC_G_EU4" CO2="14740.48" CO="504.66" HC="2.70" NOx="5.85" PMx="0.48" fuel="6.34" electricity="0.00" noise="81.15" route="routebottom" type="cfm_slow" waiting="0.00" lane="bottom_0" pos="2.18" speed="46.92" angle="90.57" x="68.15" y="-1.49"/>
        <vehicle id="cfm_slow_4" eclass="HBEFA3/PC_G_EU4" CO2="14740.48" CO="504.66" HC="2.70" NOx="5.85" PMx="0.48" fuel="6.34" electricity="0.00" noise="81.15" route="routebottom" type="cfm_slow" waiting="0.00" lane="bottom_0" pos="42.18" speed="46.92" angle="18.55" x="127.00" y="47.75"/>
    </timestep>
    <timestep time="7.51">
        <vehicle id="cfm_slow_0" eclass="HBEFA3/PC_G_EU4" CO2="14732.56" CO="504.51" HC="2.70" NOx="5.84" PMx="0.48" fuel="6.33" electricity="0.00" noise="81.15" route="routebottom" type="cfm_slow" waiting="0.00" lane="right_0" pos="32.65" speed="46.92" angle="305.76" x="97.53" y="119.49"/>
        <vehicle id="cfm_slow_1" eclass="HBEFA3/PC_G_EU4" CO2="14732.56" CO="504.51" HC="2.70" NOx="5.84" PMx="0.48" fuel="6.33" electricity="0.00" noise="81.15" route="routetop" type="cfm_slow" waiting="0.00" lane="top_0" pos="22.65" speed="46.92" angle="233.69" x="21.02" y="113.12"/>
        <vehicle id="cfm_slow_2" eclass="HBEFA3/PC_G_EU4" CO2="14732.56" CO="504.51" HC="2.70" NOx="5.84" PMx="0.48" fuel="6.33" electricity="0.00" noise="81.15" route="routetop" type="cfm_slow" waiting="0.00" lane="left_0" pos="12.65" speed="46.92" angle="161.71" x="3.45" y="38.38"/>
        <vehicle id="cfm_slow_3" eclass="HBEFA3/PC_G_EU4" CO2="14732.56" CO="504.51" HC="2.70" NOx="5.84" PMx="0.48" fuel="6.33" electricity="0.00" noise="81.15" route="routebottom" type="cfm_slow" waiting="0.00" lane="bottom_0" pos="2.65" speed="46.92" angle="89.76" x="69.11" y="-1.42"/>
        <vehicle id="cfm_slow_4" eclass="HBEFA3/PC_G_EU4" CO2="14732.56" CO="504.51" HC="2.70" NOx="5.84" PMx="0.48" fuel="6.33" electricity="0.00" noise="81.15" route="routebottom" type="cfm_slow" waiting="0.00" lane="bottom_0" pos="42.65" speed="46.92" angle="17.78" x="127.22" y="48.69"/>
    </timestep>
    <timestep time="7.52">
        <vehicle id="cfm_slow_0" eclass="HBEFA3/PC_G_EU4" CO2="14724.70" CO="504.36" HC="2.70" NOx="5.84" PMx="0.48" fuel="6.33" electricity="0.00" noise="81.15" route="routebottom" type="cfm_slow" waiting="0.00" lane="right_0" pos="33.12" speed="46.92" angle="304.91" x="96.71" y="119.99"/>
        <vehicle id="cfm_slow_1" eclass="HBEFA3/PC_G_EU4" CO2="14724.70" CO="504.36" HC="2.70" NOx="5.84" PMx="0.48" fuel="6.33" electricity="0.00" noise="81.15" route="routetop" type="cfm_slow" waiting="0.00" lane="top_0" pos="23.12" speed="46.92" angle="232.88" x="20.29" y="112.49"/>
        <vehicle id="cfm_slow_2" eclass="HBEFA3/PC_G_EU4" CO2="14724.70" CO="504.36" HC="2.70" NOx="5.84" PMx="0.48" fuel="6.33" electricity="0.00" noise="81.15" route="routetop" type="cfm_slow" waiting="0.00" lane="left_0" pos="13.12" speed="46.92" angle="160.92" x="3.83" y="37.50"/>
        <vehicle id="cfm_slow_3" eclass="HBEFA3/PC_G_EU4" CO2="14724.70" CO="504.36" HC="2.70" NOx="5.84" PMx="0.48" fuel="6.33" electricity="0.00" noise="81.15" route="routebottom" type="cfm_slow" waiting="0.00" lane="bottom_0" pos="3.12" speed="46.92" angle="88.90" x="70.07" y="-1.33"/>
        <vehicle id="cfm_slow_4" eclass="HBEFA3/PC_G_EU4" CO2="14724.70" CO="504.36" HC="2.70" NOx="5.84" PMx="0.48" fuel="6.33" electricity="0.00" noise="81.15" route="routebottom" type="cfm_slow" waiting="0.00" lane="bottom_0" pos="43.12" speed="46.92" angle="16.96" x="127.44" y="49.63"/>
    </timestep>
    <timestep time="7.53">
        <vehicle id="cfm_slow_0" eclass="HBEFA3/PC_G_EU4" CO2="14716.92" CO="504.22" HC="2.70" NOx="5.84" PMx="0.48" fuel="6.33" electricity="0.00" noise="81.15" route="routebottom" type="cfm_slow" waiting="0.00" lane="right_0" pos="33.58" speed="46.92" angle="304.10" x="95.87" y="120.47"/>
        <vehicle id="cfm_slow_1" eclass="HBEFA3/PC_G_EU4" CO2="14716.92" CO="504.22" HC="2.70" NOx="5.84" PMx="0.48" fuel="6.33" electricity="0.00" noise="81.15" route="routetop" type="cfm_slow" waiting="0.00" lane="top_0" pos="23.58" speed="46.92" angle="232.02" x="19.58" y="111.84"/>
        <vehicle id="cfm_slow_2" eclass="HBEFA3/PC_G_EU4" CO2="14716.92" CO="504.22" HC="2.70" NOx="5.84" PMx="0.48" fuel="6.33" electricity="0.00" noise="81.15" route="routetop" type="cfm_slow" waiting="0.00" lane="left_0" pos="13.58" speed="46.92" angle="160.06" x="4.22" y="36.62"/>
        <vehicle id="cfm_slow_3" eclass="HBEFA3/PC_G_EU4" CO2="14716.92" CO="504.22" HC="2.70" NOx="5.84" PMx="0.48" fuel="6.33" electricity="0.00" noise="81.15" route="routebottom" type="cfm_slow" waiting="0.00" lane="bottom_0" pos="3.58" speed="46.92" angle="88.05" x="71.02" y="-1.23"/>
        <vehicle id="cfm_slow_4" eclass="HBEFA3/PC_G_EU4" CO2="14716.92" CO="504.22" HC="2.70" NOx="5.84" PMx="0.48" fuel="6.33" electricity="0.00" noise="81.15" route="routebottom" type="cfm_slow" waiting="0.00" lane="bottom_0" pos="43.58" speed="46.92" angle="16.17" x="127.65" y="50.56"/>
    </timestep>
    <timestep time="7.54">
        <vehicle id="cfm_slow_0" eclass="HBEFA3/PC_G_EU4" CO2="14709.21" CO="504.08" HC="2.70" NOx="5.83" PMx="0.48" fuel="6.32" electricity="0.00" noise="81.15" route="routebottom" type="cfm_slow" waiting="0.00" lane="right_0" pos="34.05" speed="46.92" angle="303.24" x="95.03" y="120.93"/>
        <vehicle id="cfm_slow_1" eclass="HBEFA3/PC_G_EU4" CO2="14709.21" CO="504.08" HC="2.70" NOx="5.83" PMx="0.48" fuel="6.32" electricity="0.00" noise="81.15" route="routetop" type="cfm_slow" waiting="0.00" lane="top_0" pos="24.05" speed="46.92" angle="231.17" x="18.88" y="111.19"/>
        <vehicle id="cfm_slow_2" eclass="HBEFA3/PC_G_EU4" CO2="14709.21" CO="504.08" HC="2.70" NOx="5.83" PMx="0.48" fuel="6.32" electricity="0.00" noise="81.15" route="routetop" type="cfm_slow" waiting="0.00" lane="left_0" pos="14.05" speed="46.92" angle="159.24" x="4.61" y="35.74"/>
        <vehicle id="cfm_slow_3" eclass="HBEFA3/PC_G_EU4" CO2="14709.21" CO="504.08" HC="2.70" NOx="5.83" PMx="0.48" fuel="6.32" electricity="0.00" noise="81.15" route="routebottom" type="cfm_slow" waiting="0.00" lane="bottom_0" pos="4.05" speed="46.92" angle="87.24" x="71.98" y="-1.12"/>
        <vehicle id="cfm_slow_4" eclass="HBEFA3/PC_G_EU4" CO2="14709.21" CO="504.08" HC="2.70" NOx="5.83" PMx="0.48" fuel="6.32" electricity="0.00" noise="81.15" route="routebottom" type="cfm_slow" waiting="0.00" lane="bottom_0" pos="44.05" speed="46.92" angle="15.27" x="127.83" y="51.51"/>
    </timestep>
    <timestep time="7.55">
        <vehicle id="cfm_slow_0" eclass="HBEFA3/PC_G_EU4" CO2="14701.57" CO="503.94" HC="2.70" NOx="5.83" PMx="0.48" fuel="6.32" electricity="0.00" noise="81.15" route="routebottom" type="cfm_slow" waiting="0.00" lane="right_0" pos="34.52" speed="46.92" angle="302.40" x="94.19" y="121.40"/>
        <vehicle id="cfm_slow_1" eclass="HBEFA3/PC_G_EU4" CO2="14701.57" CO="503.94" HC="2.70" NOx="5.83" PMx="0.48" fuel="6.32" electricity="0.00" noise="81.15" route="routetop" type="cfm_slow" waiting="0.00" lane="top_0" pos="24.52" speed="46.92" angle="230.37" x="18.18" y="110.52"/>
        <vehicle id="cfm_slow_2" eclass="HBEFA3/PC_G_EU4" CO2="14701.57" CO="503.94" HC="2.70" NOx="5.83" PMx="0.48" fuel="6.32" electricity="0.00" noise="81.15" route="routetop" type="cfm_slow" waiting="0.00" lane="left_0" pos="14.52" speed="46.92" angle="158.39" x="5.04" y="34.88"/>
        <vehicle id="cfm_slow_3" eclass="HBEFA3/PC_G_EU4" CO2="14701.57" CO="503.94" HC="2.70" NOx="5.83" PMx="0.48" fuel="6.32" electricity="0.00" noise="81.15" route="routebottom" type="cfm_slow" waiting="0.00" lane="bottom_0" pos="4.52" speed="46.92" angle="86.38" x="72.93" y="-0.98"/>
        <vehicle id="cfm_slow_4" eclass="HBEFA3/PC_G_EU4" CO2="14701.57" CO="503.94" HC="2.70" NOx="5.83" PMx="0.48" fuel="6.32" electricity="0.00" noise="81.15" route="routebottom" type="cfm_slow" waiting="0.00" lane="bottom_0" pos="44.52" speed="46.92" angle="14.36" x="128.00" y="52.46"/>
    </timestep>
    <timestep time="7.56">
        <vehicle id="cfm_slow_0" eclass="HBEFA3/PC_G_EU4" CO2="14693.99" CO="503.79" HC="2.70" NOx="5.83" PMx="0.48" fuel="6.32" electricity="0.00" noise="81.15" route="routebottom" type="cfm_slow" waiting="0.00" lane="right_0" pos="34.99" speed="46.92" angle="301.57" x="93.33" y="121.83"/>
        <vehicle id="cfm_slow_1" eclass="HBEFA3/PC_G_EU4" CO2="14693.99" CO="503.79" HC="2.70" NOx="5.83" PMx="0.48" fuel="6.32" electricity="0.00" noise="81.15" route="routetop" type="cfm_slow" waiting="0.00" lane="top_0" pos="24.99" speed="46.92" angle="229.53" x="17.50" y="109.84"/>
        <vehicle id="cfm_slow_2" eclass="HBEFA3/PC_G_EU4" CO2="14693.99" CO="503.79" HC="2.70" NOx="5.83" PMx="0.48" fuel="6.32" electricity="0.00" noise="81.15" route="routetop" type="cfm_slow" waiting="0.00" lane="left_0" pos="14.99" speed="46.92" angle="157.51" x="5.47" y="34.02"/>
        <vehicle id="cfm_slow_3" eclass="HBEFA3/PC_G_EU4" CO2="14693.99" CO="503.79" HC="2.70" NOx="5.83" PMx="0.48" fuel="6.32" electricity="0.00" noise="81.15" route="routebottom" type="cfm_slow" waiting="0.00" lane="bottom_0" pos="4.99" speed="46.92" angle="85.53" x="73.88" y="-0.85"/>
        <vehicle id="cfm_slow_4" eclass="HBEFA3/PC_G_EU4" CO2="14693.99" CO="503.79" HC="2.70" NOx="5.83" PMx="0.48" fuel="6.32" electricity="0.00" noise="81.15" route="routebottom" type="cfm_slow" waiting="0.00" lane="bottom_0" pos="44.99" speed="46.92" angle="13.53" x="128.16" y="53.40"/>
    </timestep>
    <timestep time="7.57">
        <vehicle id="cfm_slow_0" eclass="HBEFA3/PC_G_EU4" CO2="14686.49" CO="503.66" HC="2.70" NOx="5.82" PMx="0.48" fuel="6.31" electricity="0.00" noise="81.14" route="routebottom" type="cfm_slow" waiting="0.00" lane="right_0" pos="35.46" speed="46.92" angle="300.70" x="92.47" y="122.26"/>
        <vehicle id="cfm_slow_1" eclass="HBEFA3/PC_G_EU4" CO2="14686.49" CO="503.66" HC="2.70" NOx="5.82" PMx="0.48" fuel="6.31" electricity="0.00" noise="81.14" route="routetop" type="cfm_slow" waiting="0.00" lane="top_0" pos="25.46" speed="46.92" angle="228.68" x="16.82" y="109.17"/>
        <vehicle id="cfm_slow_2" eclass="HBEFA3/PC_G_EU4" CO2="14686.49" CO="503.66" HC="2.70" NOx="5.82" PMx="0.48" fuel="6.31" electricity="0.00" noise="81.14" route="routetop" type="cfm_slow" waiting="0.00" lane="left_0" pos="15.46" speed="46.92" angle="156.71" x="5.91" y="33.16"/>
        <vehicle id="cfm_slow_3" eclass="HBEFA3/PC_G_EU4" CO2="14686.49" CO="503.66" HC="2.70" NOx="5.82" PMx="0.48" fuel="6.31" electricity="0.00" noise="81.14" route="routebottom" type="cfm_slow" waiting="0.00" lane="bottom_0" pos="5.46" speed="46.92" angle="84.67" x="74.83" y="-0.68"/>
        <vehicle id="cfm_slow_4" eclass="HBEFA3/PC_G_EU4" CO2="14686.49" CO="503.66" HC="2.70" NOx="5.82" PMx="0.48" fuel="6.31" electricity="0.00" noise="81.14" route="routebottom" type="cfm_slow" waiting="0.00" lane="bottom_0" pos="45.46" speed="46.92" angle="12.67" x="128.30" y="54.36"/>
    </timestep>
    <timestep time="7.58">
        <vehicle id="cfm_slow_0" eclass="HBEFA3/PC_G_EU4" CO2="14679.05" CO="503.52" HC="2.69" NOx="5.82" PMx="0.48" fuel="6.31" electricity="0.00" noise="81.14" route="routebottom" type="cfm_slow" waiting="0.00" lane="right_0" pos="35.93" speed="46.92" angle="299.88" x="91.61" y="122.69"/>
        <vehicle id="cfm_slow_1" eclass="HBEFA3/PC_G_EU4" CO2="14679.05" CO="503.52" HC="2.69" NOx="5.82" PMx="0.48" fuel="6.31" electricity="0.00" noise="81.14" route="routetop" type="cfm_slow" waiting="0.00" lane="top_0" pos="25.93" speed="46.92" angle="227.88" x="16.15" y="108.47"/>
        <vehicle id="cfm_slow_2" eclass="HBEFA3/PC_G_EU4" CO2="14679.05" CO="503.52" HC="2.69" NOx="5.82" PMx="0.48" fuel="6.31" electricity="0.00" noise="81.14" route="routetop" type="cfm_slow" waiting="0.00" lane="left_0" pos="15.93" speed="46.92" angle="155.85" x="6.37" y="32.32"/>
        <vehicle id="cfm_slow_3" eclass="HBEFA3/PC_G_EU4" CO2="14679.05" CO="503.52" HC="2.69" NOx="5.82" PMx="0.48" fuel="6.31" electricity="0.00" noise="81.14" route="routebottom" type="cfm_slow" waiting="0.00" lane="bottom_0" pos="5.93" speed="46.92" angle="83.79" x="75.78" y="-0.51"/>
        <vehicle id="cfm_slow_4" eclass="HBEFA3/PC_G_EU4" CO2="14679.05" CO="503.52" HC="2.69" NOx="5.82" PMx="0.48" fuel="6.31" electricity="0.00" noise="81.14" route="routebottom" type="cfm_slow" waiting="0.00" lane="bottom_0" pos="45.93" speed="46.92" angle="11.81" x="128.43" y="55.31"/>
    </timestep>
    <timestep time="7.59">
        <vehicle id="cfm_slow_0" eclass="HBEFA3/PC_G_EU4" CO2="14671.68" CO="503.38" HC="2.69" NOx="5.82" PMx="0.47" fuel="6.31" electricity="0.00" noise="81.14" route="routebottom" type="cfm_slow" waiting="0.00" lane="right_0" pos="36.40" speed="46.92" angle="298.99" x="90.73" y="123.09"/>
        <vehicle id="cfm_slow_1" eclass="HBEFA3/PC_G_EU4" CO2="14671.68" CO="503.38" HC="2.69" NOx="5.82" PMx="0.47" fuel="6.31" electricity="0.00" noise="81.14" route="routetop" type="cfm_slow" waiting="0.00" lane="top_0" pos="26.40" speed="46.92" angle="227.01" x="15.50" y="107.76"/>
        <vehicle id="cfm_slow_2" eclass="HBEFA3/PC_G_EU4" CO2="14671.68" CO="503.38" HC="2.69" NOx="5.82" PMx="0.47" fuel="6.31" electricity="0.00" noise="81.14" route="routetop" type="cfm_slow" waiting="0.00" lane="left_0" pos="16.40" speed="46.92" angle="154.99" x="6.84" y="31.48"/>
        <vehicle id="cfm_slow_3" eclass="HBEFA3/PC_G_EU4" CO2="14671.68" CO="503.38" HC="2.69" NOx="5.82" PMx="0.47" fuel="6.31" electricity="0.00" noise="81.14" route="routebottom" type="cfm_slow" waiting="0.00" lane="bottom_0" pos="6.40" speed="46.92" angle="82.96" x="76.72" y="-0.33"/>
        <vehicle id="cfm_slow_4" eclass="HBEFA3/PC_G_EU4" CO2="14671.68" CO="503.38" HC="2.69" NOx="5.82" PMx="0.47" fuel="6.31" electricity="0.00" noise="81.14" route="routebottom" type="cfm_slow" waiting="0.00" lane="bottom_0" pos="46.40" speed="46.92" angle="11.02" x="128.55" y="56.26"/>
    </timestep>
    <timestep time="7.60">
        <vehicle id="cfm_slow_0" eclass="HBEFA3/PC_G_EU4" CO2="14664.38" CO="503.25" HC="2.69" NOx="5.81" PMx="0.47" fuel="6.30" electricity="0.00" noise="81.14" route="routebottom" type="cfm_slow" waiting="0.00" lane="right_0" pos="36.87" speed="46.92" angle="298.11" x="89.85" y="123.48"/>
        <vehicle id="cfm_slow_1" eclass="HBEFA3/PC_G_EU4" CO2="14664.38" CO="503.25" HC="2.69" NOx="5.81" PMx="0.47" fuel="6.30" electricity="0.00" noise="81.14" route="routetop" type="cfm_slow" waiting="0.00" lane="top_0" pos="26.87" speed="46.92" angle="226.17" x="14.85" y="107.05"/>
        <vehicle id="cfm_slow_2" eclass="HBEFA3/PC_G_EU4" CO2="14664.38" CO="503.25" HC="2.69" NOx="5.81" PMx="0.47" fuel="6.30" electricity="0.00" noise="81.14" route="routetop" type="cfm_slow" waiting="0.00" lane="left_0" pos="16.87" speed="46.92" angle="154.17" x="7.32" y="30.64"/>
        <vehicle id="cfm_slow_3" eclass="HBEFA3/PC_G_EU4" CO2="14664.38" CO="503.25" HC="2.69" NOx="5.81" PMx="0.47" fuel="6.30" electricity="0.00" noise="81.14" route="routebottom" type="cfm_slow" waiting="0.00" lane="bottom_0" pos="6.87" speed="46.92" angle="82.10" x="77.66" y="-0.12"/>
        <vehicle id="cfm_slow_4" eclass="HBEFA3/PC_G_EU4" CO2="14664.38" CO="503.25" HC="2.69" NOx="5.81" PMx="0.47" fuel="6.30" electricity="0.00" noise="81.14" route="routebottom" type="cfm_slow" waiting="0.00" lane="bottom_0" pos="46.87" speed="46.92" angle="10.19" x="128.65" y="57.22"/>
    </timestep>
    <timestep time="7.61">
        <vehicle id="cfm_slow_0" eclass="HBEFA3/PC_G_EU4" CO2="14657.15" CO="503.11" HC="2.69" NOx="5.81" PMx="0.47" fuel="6.30" electricity="0.00" noise="81.14" route="routebottom" type="cfm_slow" waiting="0.00" lane="right_0" pos="37.34" speed="46.93" angle="297.30" x="88.97" y="123.86"/>
        <vehicle id="cfm_slow_1" eclass="HBEFA3/PC_G_EU4" CO2="14657.15" CO="503.11" HC="2.69" NOx="5.81" PMx="0.47" fuel="6.30" electricity="0.00" noise="81.14" route="routetop" type="cfm_slow" waiting="0.00" lane="top_0" pos="27.34" speed="46.93" angle="225.31" x="14.22" y="106.32"/>
        <vehicle id="cfm_slow_2" eclass="HBEFA3/PC_G_EU4" CO2="14657.15" CO="503.11" HC="2.69" NOx="5.81" PMx="0.47" fuel="6.30" electricity="0.00" noise="81.14" route="routetop" type="cfm_slow" waiting="0.00" lane="left_0" pos="17.34" speed="46.93" angle="153.29" x="7.82" y="29.82"/>
        <vehicle id="cfm_slow_3" eclass="HBEFA3/PC_G_EU4" CO2="14657.15" CO="503.11" HC="2.69" NOx="5.81" PMx="0.47" fuel="6.30" electricity="0.00" noise="81.14" route="routebottom" type="cfm_slow" waiting="0.00" lane="bottom_0" pos="7.34" speed="46.93" angle="81.24" x="78.60" y="0.09"/>
        <vehicle id="cfm_slow_4" eclass="HBEFA3/PC_G_EU4" CO2="14657.15" CO="503.11" HC="2.69" NOx="5.81" PMx="0.47" fuel="6.30" electricity="0.00" noise="81.14" route="routebottom" type="cfm_slow" waiting="0.00" lane="bottom_0" pos="47.34" speed="46.93" angle="9.36" x="128.75" y="58.18"/>
    </timestep>
    <timestep time="7.62">
        <vehicle id="cfm_slow_0" eclass="HBEFA3/PC_G_EU4" CO2="14649.98" CO="502.98" HC="2.69" NOx="5.80" PMx="0.47" fuel="6.30" electricity="0.00" noise="81.14" route="routebottom" type="cfm_slow" waiting="0.00" lane="right_0" pos="37.81" speed="46.93" angle="296.42" x="88.08" y="124.22"/>
        <vehicle id="cfm_slow_1" eclass="HBEFA3/PC_G_EU4" CO2="14649.98" CO="502.98" HC="2.69" NOx="5.80" PMx="0.47" fuel="6.30" electricity="0.00" noise="81.14" route="routetop" type="cfm_slow" waiting="0.00" lane="top_0" pos="27.81" speed="46.93" angle="224.41" x="13.60" y="105.59"/>
        <vehicle id="cfm_slow_2" eclass="HBEFA3/PC_G_EU4" CO2="14649.98" CO="502.98" HC="2.69" NOx="5.80" PMx="0.47" fuel="6.30" electricity="0.00" noise="81.14" route="routetop" type="cfm_slow" waiting="0.00" lane="left_0" pos="17.81" speed="46.93" angle="152.41" x="8.31" y="28.99"/>
        <vehicle id="cfm_slow_3" eclass="HBEFA3/PC_G_EU4" CO2="14649.98" CO="502.98" HC="2.69" NOx="5.80" PMx="0.47" fuel="6.30" electricity="0.00" noise="81.14" route="routebottom" type="cfm_slow" waiting="0.00" lane="bottom_0" pos="7.81" speed="46.93" angle="80.44" x="79.54" y="0.31"/>
        <vehicle id="cfm_slow_4" eclass="HBEFA3/PC_G_EU4" CO2="14649.98" CO="502.98" HC="2.69" NOx="5.80" PMx="0.47" fuel="6.30" electricity="0.00" noise="81.14" route="routebottom" type="cfm_slow" waiting="0.00" lane="bottom_0" pos="47.81" speed="46.93" angle="8.52" x="128.81" y="59.14"/>
    </timestep>
    <timestep time="7.63">
        <vehicle id="cfm_slow_0" eclass="HBEFA3/PC_G_EU4" CO2="14642.87" CO="502.85" HC="2.69" NOx="5.80" PMx="0.47" fuel="6.29" electricity="0.00" noise="81.14" route="routebottom" type="cfm_slow" waiting="0.00" lane="right_0" pos="38.28" speed="46.93" angle="295.55" x="87.18" y="124.58"/>
        <vehicle id="cfm_slow_1" eclass="HBEFA3/PC_G_EU4" CO2="14642.87" CO="502.85" HC="2.69" NOx="5.80" PMx="0.47" fuel="6.29" electricity="0.00" noise="81.14" route="routetop" type="cfm_slow" waiting="0.00" lane="top_0" pos="28.28" speed="46.93" angle="223.59" x="12.98" y="104.85"/>
        <vehicle id="cfm_slow_2" eclass="HBEFA3/PC_G_EU4" CO2="14642.87" CO="502.85" HC="2.69" NOx="5.80" PMx="0.47" fuel="6.29" electricity="0.00" noise="81.14" route="routetop" type="cfm_slow" waiting="0.00" lane="left_0" pos="18.28" speed="46.93" angle="151.59" x="8.84" y="28.19"/>
        <vehicle id="cfm_slow_3" eclass="HBEFA3/PC_G_EU4" CO2="14642.87" CO="502.85" HC="2.69" NOx="5.80" PMx="0.47" fuel="6.29" electricity="0.00" noise="81.14" route="routebottom" type="cfm_slow" waiting="0.00" lane="bottom_0" pos="8.28" speed="46.93" angle="79.56" x="80.47" y="0.56"/>
        <vehicle id="cfm_slow_4" eclass="HBEFA3/PC_G_EU4" CO2="14642.87" CO="502.85" HC="2.69" NOx="5.80" PMx="0.47" fuel="6.29" electricity="0.00" noise="81.14" route="routebottom" type="cfm_slow" waiting="0.00" lane="bottom_0" pos="48.28" speed="46.93" angle="7.61" x="128.87" y="60.10"/>
    </timestep>
    <timestep time="7.64">
        <vehicle id="cfm_slow_0" eclass="HBEFA3/PC_G_EU4" CO2="14635.83" CO="502.72" HC="2.69" NOx="5.80" PMx="0.47" fuel="6.29" electricity="0.00" noise="81.14" route="routebottom" type="cfm_slow" waiting="0.00" lane="right_0" pos="38.75" speed="46.93" angle="294.76" x="86.28" y="124.92"/>
        <vehicle id="cfm_slow_1" eclass="HBEFA3/PC_G_EU4" CO2="14635.83" CO="502.72" HC="2.69" NOx="5.80" PMx="0.47" fuel="6.29" electricity="0.00" noise="81.14" route="routetop" type="cfm_slow" waiting="0.00" lane="top_0" pos="28.75" speed="46.93" angle="222.74" x="12.39" y="104.09"/>
        <vehicle id="cfm_slow_2" eclass="HBEFA3/PC_G_EU4" CO2="14635.83" CO="502.72" HC="2.69" NOx="5.80" PMx="0.47" fuel="6.29" electricity="0.00" noise="81.14" route="routetop" type="cfm_slow" waiting="0.00" lane="left_0" pos="18.75" speed="46.93" angle="150.69" x="9.37" y="27.39"/>
        <vehicle id="cfm_slow_3" eclass="HBEFA3/PC_G_EU4" CO2="14635.83" CO="502.72" HC="2.69" NOx="5.80" PMx="0.47" fuel="6.29" electricity="0.00" noise="81.14" route="routebottom" type="cfm_slow" waiting="0.00" lane="bottom_0" pos="8.75" speed="46.93" angle="78.68" x="81.40" y="0.81"/>
        <vehicle id="cfm_slow_4" eclass="HBEFA3/PC_G_EU4" CO2="14635.83" CO="502.72" HC="2.69" NOx="5.80" PMx="0.47" fuel="6.29" electricity="0.00" noise="81.14" route="routebottom" type="cfm_slow" waiting="0.00" lane="bottom_0" pos="48.75" speed="46.93" angle="6.77" x="128.92" y="61.06"/>
    </timestep>
    <timestep time="7.65">
        <vehicle id="cfm_slow_0" eclass="HBEFA3/PC_G_EU4" CO2="14628.85" CO="502.59" HC="2.69" NOx="5.79" PMx="0.47" fuel="6.29" electricity="0.00" noise="81.14" route="routebottom" type="cfm_slow" waiting="0.00" lane="right_0" pos="39.22" speed="46.93" angle="293.92" x="85.38" y="125.24"/>
        <vehicle id="cfm_slow_1" eclass="HBEFA3/PC_G_EU4" CO2="14628.85" CO="502.59" HC="2.69" NOx="5.79" PMx="0.47" fuel="6.29" electricity="0.00" noise="81.14" route="routetop" type="cfm_slow" waiting="0.00" lane="top_0" pos="29.22" speed="46.93" angle="221.88" x="11.80" y="103.34"/>
        <vehicle id="cfm_slow_2" eclass="HBEFA3/PC_G_EU4" CO2="14628.85" CO="502.59" HC="2.69" NOx="5.79" PMx="0.47" fuel="6.29" electricity="0.00" noise="81.14" route="routetop" type="cfm_slow" waiting="0.00" lane="left_0" pos="19.22" speed="46.93" angle="149.85" x="9.90" y="26.58"/>
        <vehicle id="cfm_slow_3" eclass="HBEFA3/PC_G_EU4" CO2="14628.85" CO="502.59" HC="2.69" NOx="5.79" PMx="0.47" fuel="6.29" electricity="0.00" noise="81.14" route="routebottom" type="cfm_slow" waiting="0.00" lane="bottom_0" pos="9.22" speed="46.93" angle="77.87" x="82.32" y="1.08"/>
        <vehicle id="cfm_slow_4" eclass="HBEFA3/PC_G_EU4" CO2="14628.85" CO="502.59" HC="2.69" NOx="5.79" PMx="0.47" fuel="6.29" electricity="0.00" noise="81.14" route="routebottom" type="cfm_slow" waiting="0.00" lane="bottom_0" pos="49.22" speed="46.93" angle="5.91" x="128.94" y="62.02"/>
    </timestep>
    <timestep time="7.66">
        <vehicle id="cfm_slow_0" eclass="HBEFA3/PC_G_EU4" CO2="14621.94" CO="502.46" HC="2.69" NOx="5.79" PMx="0.47" fuel="6.29" electricity="0.00" noise="81.14" route="routebottom" type="cfm_slow" waiting="0.00" lane="right_0" pos="39.68" speed="46.93" angle="293.12" x="84.48" y="125.57"/>
        <vehicle id="cfm_slow_1" eclass="HBEFA3/PC_G_EU4" CO2="14621.94" CO="502.46" HC="2.69" NOx="5.79" PMx="0.47" fuel="6.29" electricity="0.00" noise="81.14" route="routetop" type="cfm_slow" waiting="0.00" lane="top_0" pos="29.68" speed="46.93" angle="221.07" x="11.22" y="102.57"/>
        <vehicle id="cfm_slow_2" eclass="HBEFA3/PC_G_EU4" CO2="14621.94" CO="502.46" HC="2.69" NOx="5.79" PMx="0.47" fuel="6.29" electricity="0.00" noise="81.14" route="routetop" type="cfm_slow" waiting="0.00" lane="left_0" pos="19.68" speed="46.93" angle="149.00" x="10.46" y="25.80"/>
        <vehicle id="cfm_slow_3" eclass="HBEFA3/PC_G_EU4" CO2="14621.94" CO="502.46" HC="2.69" NOx="5.79" PMx="0.47" fuel="6.29" electricity="0.00" noise="81.14" route="routebottom" type="cfm_slow" waiting="0.00" lane="bottom_0" pos="9.68" speed="46.93" angle="77.02" x="83.24" y="1.37"/>
        <vehicle id="cfm_slow_4" eclass="HBEFA3/PC_G_EU4" CO2="14621.94" CO="502.46" HC="2.69" NOx="5.79" PMx="0.47" fuel="6.29" electricity="0.00" noise="81.14" route="routebottom" type="cfm_slow" waiting="0.00" lane="bottom_0" pos="49.68" speed="46.93" angle="5.05" x="128.96" y="62.98"/>
    </timestep>
    <timestep time="7.67">
        <vehicle id="cfm_slow_0" eclass="HBEFA3/PC_G_EU4" CO2="14615.09" CO="502.33" HC="2.69" NOx="5.79" PMx="0.47" fuel="6.28" electricity="0.00" noise="81.13" route="routebottom" type="cfm_slow" waiting="0.00" lane="right_0" pos="40.15" speed="46.93" angle="292.28" x="83.56" y="125.87"/>
        <vehicle id="cfm_slow_1" eclass="HBEFA3/PC_G_EU4" CO2="14615.09" CO="502.33" HC="2.69" NOx="5.79" PMx="0.47" fuel="6.28" electricity="0.00" noise="81.13" route="routetop" type="cfm_slow" waiting="0.00" lane="top_0" pos="30.15" speed="46.93" angle="220.18" x="10.66" y="101.79"/>
        <vehicle id="cfm_slow_2" eclass="HBEFA3/PC_G_EU4" CO2="14615.09" CO="502.33" HC="2.69" NOx="5.79" PMx="0.47" fuel="6.28" electricity="0.00" noise="81.13" route="routetop" type="cfm_slow" waiting="0.00" lane="left_0" pos="20.15" speed="46.93" angle="148.14" x="11.03" y="25.02"/>
        <vehicle id="cfm_slow_3" eclass="HBEFA3/PC_G_EU4" CO2="14615.09" CO="502.33" HC="2.69" NOx="5.79" PMx="0.47" fuel="6.28" electricity="0.00" noise="81.13" route="routebottom" type="cfm_slow" waiting="0.00" lane="bottom_0" pos="10.15" speed="46.93" angle="76.18" x="84.16" y="1.65"/>
        <vehicle id="cfm_slow_4" eclass="HBEFA3/PC_G_EU4" CO2="14615.09" CO="502.33" HC="2.69" NOx="5.79" PMx="0.47" fuel="6.28" electricity="0.00" noise="81.13" route="routebottom" type="cfm_slow" waiting="0.00" lane="right_0" pos="0.15" speed="46.93" angle="4.21" x="128.96" y="64.01"/>
    </timestep>
    <timestep time="7.68">
        <vehicle id="cfm_slow_0" eclass="HBEFA3/PC_G_EU4" CO2="14608.30" CO="502.20" HC="2.69" NOx="5.79" PMx="0.47" fuel="6.28" electricity="0.00" noise="81.13" route="routebottom" type="cfm_slow" waiting="0.00" lane="right_0" pos="40.62" speed="46.93" angle="291.40" x="82.64" y="126.15"/>
        <vehicle id="cfm_slow_1" eclass="HBEFA3/PC_G_EU4" CO2="14608.30" CO="502.20" HC="2.69" NOx="5.79" PMx="0.47" fuel="6.28" electricity="0.00" noise="81.13" route="routetop" type="cfm_slow" waiting="0.00" lane="top_0" pos="30.62" speed="46.93" angle="219.29" x="10.10" y="101.00"/>
        <vehicle id="cfm_slow_2" eclass="HBEFA3/PC_G_EU4" CO2="14608.30" CO="502.20" HC="2.69" NOx="5.79" PMx="0.47" fuel="6.28" electricity="0.00" noise="81.13" route="routetop" type="cfm_slow" waiting="0.00" lane="left_0" pos="20.62" speed="46.93" angle="147.35" x="11.59" y="24.25"/>
        <vehicle id="cfm_slow_3" eclass="HBEFA3/PC_G_EU4" CO2="14608.30" CO="502.20" HC="2.69" NOx="5.79" PMx="0.47" fuel="6.28" electricity="0.00" noise="81.13" route="routebottom" type="cfm_slow" waiting="0.00" lane="bottom_0" pos="10.62" speed="46.93" angle="75.36" x="85.07" y="1.97"/>
        <vehicle id="cfm_slow_4" eclass="HBEFA3/PC_G_EU4" CO2="14608.30" CO="502.20" HC="2.69" NOx="5.79" PMx="0.47" fuel="6.28" electricity="0.00" noise="81.13" route="routebottom" type="cfm_slow" waiting="0.00" lane="right_0" pos="0.62" speed="46.93" angle="3.35" x="128.95" y="64.97"/>
    </timestep>
    <timestep time="7.69">
        <vehicle id="cfm_slow_0" eclass="HBEFA3/PC_G_EU4" CO2="14601.57" CO="502.08" HC="2.69" NOx="5.78" PMx="0.47" fuel="6.28" electricity="0.00" noise="81.13" route="routebottom" type="cfm_slow" waiting="0.00" lane="right_0" pos="41.09" speed="46.93" angle="290.58" x="81.72" y="126.43"/>
        <vehicle id="cfm_slow_1" eclass="HBEFA3/PC_G_EU4" CO2="14601.57" CO="502.08" HC="2.69" NOx="5.78" PMx="0.47" fuel="6.28" electricity="0.00" noise="81.13" route="routetop" type="cfm_slow" waiting="0.00" lane="top_0" pos="31.09" speed="46.93" angle="218.50" x="9.55" y="100.21"/>
        <vehicle id="cfm_slow_2" eclass="HBEFA3/PC_G_EU4" CO2="14601.57" CO="502.08" HC="2.69" NOx="5.78" PMx="0.47" fuel="6.28" electricity="0.00" noise="81.13" route="routetop" type="cfm_slow" waiting="0.00" lane="left_0" pos="21.09" speed="46.93" angle="146.50" x="12.19" y="23.49"/>
        <vehicle id="cfm_slow_3" eclass="HBEFA3/PC_G_EU4" CO2="14601.57" CO="502.08" HC="2.69" NOx="5.78" PMx="0.47" fuel="6.28" electricity="0.00" noise="81.13" route="routebottom" type="cfm_slow" waiting="0.00" lane="bottom_0" pos="11.09" speed="46.93" angle="74.49" x="85.97" y="2.29"/>
        <vehicle id="cfm_slow_4" eclass="HBEFA3/PC_G_EU4" CO2="14601.57" CO="502.08" HC="2.69" NOx="5.78" PMx="0.47" fuel="6.28" electricity="0.00" noise="81.13" route="routebottom" type="cfm_slow" waiting="0.00" lane="right_0" pos="1.09" speed="46.93" angle="2.50" x="128.93" y="65.93"/>
    </timestep>
    <timestep time="7.70">
        <vehicle id="cfm_slow_0" eclass="HBEFA3/PC_G_EU4" CO2="14594.90" CO="501.96" HC="2.69" NOx="5.78" PMx="0.47" fuel="6.27" electricity="0.00" noise="81.13" route="routebottom" type="cfm_slow" waiting="0.00" lane="right_0" pos="41.56" speed="46.93" angle="289.70" x="80.79" y="126.68"/>
        <vehicle id="cfm_slow_1" eclass="HBEFA3/PC_G_EU4" CO2="14594.90" CO="501.96" HC="2.69" NOx="5.78" PMx="0.47" fuel="6.27" electricity="0.00" noise="81.13" route="routetop" type="cfm_slow" waiting="0.00" lane="top_0" pos="31.56" speed="46.93" angle="217.65" x="9.02" y="99.41"/>
        <vehicle id="cfm_slow_2" eclass="HBEFA3/PC_G_EU4" CO2="14594.90" CO="501.96" HC="2.69" NOx="5.78" PMx="0.47" fuel="6.27" electricity="0.00" noise="81.13" route="routetop" type="cfm_slow" waiting="0.00" lane="left_0" pos="21.56" speed="46.93" angle="145.65" x="12.78" y="22.73"/>
        <vehicle id="cfm_slow_3" eclass="HBEFA3/PC_G_EU4" CO2="14594.90" CO="501.96" HC="2.69" NOx="5.78" PMx="0.47" fuel="6.27" electricity="0.00" noise="81.13" route="routebottom" type="cfm_slow" waiting="0.00" lane="bottom_0" pos="11.56" speed="46.93" angle="73.67" x="86.88" y="2.62"/>
        <vehicle id="cfm_slow_4" eclass="HBEFA3/PC_G_EU4" CO2="14594.90" CO="501.96" HC="2.69" NOx="5.78" PMx="0.47" fuel="6.27" electricity="0.00" noise="81.13" route="routebottom" type="cfm_slow" waiting="0.00" lane="right_0" pos="1.56" speed="46.93" angle="1.68" x="128.89" y="66.89"/>
    </timestep>
    <timestep time="7.71">
        <vehicle id="cfm_slow_0" eclass="HBEFA3/PC_G_EU4" CO2="14588.30" CO="501.83" HC="2.68" NOx="5.78" PMx="0.47" fuel="6.27" electricity="0.00" noise="81.13" route="routebottom" type="cfm_slow" waiting="0.00" lane="right_0" pos="42.03" speed="46.93" angle="288.82" x="79.86" y="126.92"/>
        <vehicle id="cfm_slow_1" eclass="HBEFA3/PC_G_EU4" CO2="14588.30" CO="501.83" HC="2.68" NOx="5.78" PMx="0.47" fuel="6.27" electricity="0.00" noise="81.13" route="routetop" type="cfm_slow" waiting="0.00" lane="top_0" pos="32.03" speed="46.93" angle="216.86" x="8.49" y="98.61"/>
        <vehicle id="cfm_slow_2" eclass="HBEFA3/PC_G_EU4" CO2="14588.30" CO="501.83" HC="2.68" NOx="5.78" PMx="0.47" fuel="6.27" electricity="0.00" noise="81.13" route="routetop" type="cfm_slow" waiting="0.00" lane="left_0" pos="22.03" speed="46.93" angle="144.84" x="13.39" y="21.98"/>
        <vehicle id="cfm_slow_3" eclass="HBEFA3/PC_G_EU4" CO2="14588.30" CO="501.83" HC="2.68" NOx="5.78" PMx="0.47" fuel="6.27" electricity="0.00" noise="81.13" route="routebottom" type="cfm_slow" waiting="0.00" lane="bottom_0" pos="12.03" speed="46.93" angle="72.83" x="87.77" y="2.98"/>
        <vehicle id="cfm_slow_4" eclass="HBEFA3/PC_G_EU4" CO2="14588.30" CO="501.83" HC="2.68" NOx="5.78" PMx="0.47" fuel="6.27" electricity="0.00" noise="81.13" route="routebottom" type="cfm_slow" waiting="0.00" lane="right_0" pos="2.03" speed="46.93" angle="0.83" x="128.83" y="67.85"/>
    </timestep>
    <timestep time="7.72">
        <vehicle id="cfm_slow_0" eclass="HBEFA3/PC_G_EU4" CO2="14581.75" CO="501.71" HC="2.68" NOx="5.77" PMx="0.47" fuel="6.27" electricity="0.00" noise="81.13" route="routebottom" type="cfm_slow" waiting="0.00" lane="right_0" pos="42.50" speed="46.93" angle="288.02" x="78.92" y="127.16"/>
        <vehicle id="cfm_slow_1" eclass="HBEFA3/PC_G_EU4" CO2="14581.75" CO="501.71" HC="2.68" NOx="5.77" PMx="0.47" fuel="6.27" electricity="0.00" noise="81.13" route="routetop" type="cfm_slow" waiting="0.00" lane="top_0" pos="32.50" speed="46.93" angle="216.02" x="7.99" y="97.79"/>
        <vehicle id="cfm_slow_2" eclass="HBEFA3/PC_G_EU4" CO2="14581.75" CO="501.71" HC="2.68" NOx="5.77" PMx="0.47" fuel="6.27" electricity="0.00" noise="81.13" route="routetop" type="cfm_slow" waiting="0.00" lane="left_0" pos="22.50" speed="46.93" angle="143.97" x="14.01" y="21.25"/>
        <vehicle id="cfm_slow_3" eclass="HBEFA3/PC_G_EU4" CO2="14581.75" CO="501.71" HC="2.68" NOx="5.77" PMx="0.47" fuel="6.27" electricity="0.00" noise="81.13" route="routebottom" type="cfm_slow" waiting="0.00" lane="bottom_0" pos="12.50" speed="46.93" angle="71.98" x="88.67" y="3.33"/>
        <vehicle id="cfm_slow_4" eclass="HBEFA3/PC_G_EU4" CO2="14581.75" CO="501.71" HC="2.68" NOx="5.77" PMx="0.47" fuel="6.27" electricity="0.00" noise="81.13" route="routebottom" type="cfm_slow" waiting="0.00" lane="right_0" pos="2.50" speed="46.93" angle="360.00" x="128.78" y="68.81"/>
    </timestep>
    <timestep time="7.73">
        <vehicle id="cfm_slow_0" eclass="HBEFA3/PC_G_EU4" CO2="14575.26" CO="501.59" HC="2.68" NOx="5.77" PMx="0.47" fuel="6.27" electricity="0.00" noise="81.13" route="routebottom" type="cfm_slow" waiting="0.00" lane="right_0" pos="42.97" speed="46.93" angle="287.20" x="77.99" y="127.37"/>
        <vehicle id="cfm_slow_1" eclass="HBEFA3/PC_G_EU4" CO2="14575.26" CO="501.59" HC="2.68" NOx="5.77" PMx="0.47" fuel="6.27" electricity="0.00" noise="81.13" route="routetop" type="cfm_slow" waiting="0.00" lane="top_0" pos="32.97" speed="46.93" angle="215.17" x="7.49" y="96.96"/>
        <vehicle id="cfm_slow_2" eclass="HBEFA3/PC_G_EU4" CO2="14575.26" CO="501.59" HC="2.68" NOx="5.77" PMx="0.47" fuel="6.27" electricity="0.00" noise="81.13" route="routetop" type="cfm_slow" waiting="0.00" lane="left_0" pos="22.97" speed="46.93" angle="143.10" x="14.64" y="20.52"/>
        <vehicle id="cfm_slow_3" eclass="HBEFA3/PC_G_EU4" CO2="14575.26" CO="501.59" HC="2.68" NOx="5.77" PMx="0.47" fuel="6.27" electricity="0.00" noise="81.13" route="routebottom" type="cfm_slow" waiting="0.00" lane="bottom_0" pos="12.97" speed="46.93" angle="71.19" x="89.55" y="3.70"/>
        <vehicle id="cfm_slow_4" eclass="HBEFA3/PC_G_EU4" CO2="14575.26" CO="501.59" HC="2.68" NOx="5.77" PMx="0.47" fuel="6.27" electricity="0.00" noise="81.13" route="routebottom" type="cfm_slow" waiting="0.00" lane="right_0" pos="2.97" speed="46.93" angle="359.17" x="128.68" y="69.77"/>
    </timestep>
    <timestep time="7.74">
        <vehicle id="cfm_slow_0" eclass="HBEFA3/PC_G_EU4" CO2="14568.83" CO="501.47" HC="2.68" NOx="5.77" PMx="0.47" fuel="6.26" electricity="0.00" noise="81.13" route="routebottom" type="cfm_slow" waiting="0.00" lane="right_0" pos="43.44" speed="46.93" angle="286.37" x="77.05" y="127.59"/>
        <vehicle id="cfm_slow_1" eclass="HBEFA3/PC_G_EU4" CO2="14568.83" CO="501.47" HC="2.68" NOx="5.77" PMx="0.47" fuel="6.26" electricity="0.00" noise="81.13" route="routetop" type="cfm_slow" waiting="0.00" lane="top_0" pos="33.44" speed="46.93" angle="214.37" x="7.00" y="96.13"/>
        <vehicle id="cfm_slow_2" eclass="HBEFA3/PC_G_EU4" CO2="14568.83" CO="501.47" HC="2.68" NOx="5.77" PMx="0.47" fuel="6.26" electricity="0.00" noise="81.13" route="routetop" type="cfm_slow" waiting="0.00" lane="left_0" pos="23.44" speed="46.93" angle="142.31" x="15.28" y="19.81"/>
        <vehicle id="cfm_slow_3" eclass="HBEFA3/PC_G_EU4" CO2="14568.83" CO="501.47" HC="2.68" NOx="5.77" PMx="0.47" fuel="6.26" electricity="0.00" noise="81.13" route="routebottom" type="cfm_slow" waiting="0.00" lane="bottom_0" pos="13.44" speed="46.93" angle="70.33" x="90.43" y="4.10"/>
        <vehicle id="cfm_slow_4" eclass="HBEFA3/PC_G_EU4" CO2="14568.83" CO="501.47" HC="2.68" NOx="5.77" PMx="0.47" fuel="6.26" electricity="0.00" noise="81.13" route="routebottom" type="cfm_slow" waiting="0.00" lane="right_0" pos="3.44" speed="46.93" angle="358.32" x="128.58" y="70.73"/>
    </timestep>
    <timestep time="7.75">
        <vehicle id="cfm_slow_0" eclass="HBEFA3/PC_G_EU4" CO2="14562.46" CO="501.35" HC="2.68" NOx="5.76" PMx="0.47" fuel="6.26" electricity="0.00" noise="81.13" route="routebottom" type="cfm_slow" waiting="0.00" lane="right_0" pos="43.91" speed="46.93" angle="285.53" x="76.10" y="127.77"/>
        <vehicle id="cfm_slow_1" eclass="HBEFA3/PC_G_EU4" CO2="14562.46" CO="501.35" HC="2.68" NOx="5.76" PMx="0.47" fuel="6.26" electricity="0.00" noise="81.13" route="routetop" type="cfm_slow" waiting="0.00" lane="top_0" pos="33.91" speed="46.93" angle="213.51" x="6.53" y="95.29"/>
        <vehicle id="cfm_slow_2" eclass="HBEFA3/PC_G_EU4" CO2="14562.46" CO="501.35" HC="2.68" NOx="5.76" PMx="0.47" fuel="6.26" electricity="0.00" noise="81.13" route="routetop" type="cfm_slow" waiting="0.00" lane="left_0" pos="23.91" speed="46.93" angle="141.46" x="15.93" y="19.10"/>
        <vehicle id="cfm_slow_3" eclass="HBEFA3/PC_G_EU4" CO2="14562.46" CO="501.35" HC="2.68" NOx="5.76" PMx="0.47" fuel="6.26" electricity="0.00" noise="81.13" route="routebottom" type="cfm_slow" waiting="0.00" lane="bottom_0" pos="13.91" speed="46.93" angle="69.47" x="91.31" y="4.49"/>
        <vehicle id="cfm_slow_4" eclass="HBEFA3/PC_G_EU4" CO2="14562.46" CO="501.35" HC="2.68" NOx="5.76" PMx="0.47" fuel="6.26" electricity="0.00" noise="81.13" route="routebottom" type="cfm_slow" waiting="0.00" lane="right_0" pos="3.91" speed="46.93" angle="357.50" x="128.48" y="71.68"/>
    </timestep>
    <timestep time="7.76">
        <vehicle id="cfm_slow_0" eclass="HBEFA3/PC_G_EU4" CO2="14556.15" CO="501.24" HC="2.68" NOx="5.76" PMx="0.47" fuel="6.26" electricity="0.00" noise="81.13" route="routebottom" type="cfm_slow" waiting="0.00" lane="right_0" pos="44.38" speed="46.94" angle="284.62" x="75.16" y="127.94"/>
        <vehicle id="cfm_slow_1" eclass="HBEFA3/PC_G_EU4" CO2="14556.15" CO="501.24" HC="2.68" NOx="5.76" PMx="0.47" fuel="6.26" electricity="0.00" noise="81.13" route="routetop" type="cfm_slow" waiting="0.00" lane="top_0" pos="34.38" speed="46.94" angle="212.65" x="6.07" y="94.45"/>
        <vehicle id="cfm_slow_2" eclass="HBEFA3/PC_G_EU4" CO2="14556.15" CO="501.24" HC="2.68" NOx="5.76" PMx="0.47" fuel="6.26" electricity="0.00" noise="81.13" route="routetop" type="cfm_slow" waiting="0.00" lane="left_0" pos="24.38" speed="46.94" angle="140.67" x="16.59" y="18.39"/>
        <vehicle id="cfm_slow_3" eclass="HBEFA3/PC_G_EU4" CO2="14556.15" CO="501.24" HC="2.68" NOx="5.76" PMx="0.47" fuel="6.26" electricity="0.00" noise="81.13" route="routebottom" type="cfm_slow" waiting="0.00" lane="bottom_0" pos="14.38" speed="46.94" angle="68.65" x="92.18" y="4.91"/>
        <vehicle id="cfm_slow_4" eclass="HBEFA3/PC_G_EU4" CO2="14556.15" CO="501.24" HC="2.68" NOx="5.76" PMx="0.47" fuel="6.26" electricity="0.00" noise="81.13" route="routebottom" type="cfm_slow" waiting="0.00" lane="right_0" pos="4.38" speed="46.94" angle="356.65" x="128.34" y="72.64"/>
    </timestep>
    <timestep time="7.77">
        <vehicle id="cfm_slow_0" eclass="HBEFA3/PC_G_EU4" CO2="14549.90" CO="501.12" HC="2.68" NOx="5.76" PMx="0.47" fuel="6.25" electricity="0.00" noise="81.13" route="routebottom" type="cfm_slow" waiting="0.00" lane="right_0" pos="44.85" speed="46.94" angle="283.77" x="74.21" y="128.12"/>
        <vehicle id="cfm_slow_1" eclass="HBEFA3/PC_G_EU4" CO2="14549.90" CO="501.12" HC="2.68" NOx="5.76" PMx="0.47" fuel="6.25" electricity="0.00" noise="81.13" route="routetop" type="cfm_slow" waiting="0.00" lane="top_0" pos="34.85" speed="46.94" angle="211.85" x="5.62" y="93.60"/>
        <vehicle id="cfm_slow_2" eclass="HBEFA3/PC_G_EU4" CO2="14549.90" CO="501.12" HC="2.68" NOx="5.76" PMx="0.47" fuel="6.25" electricity="0.00" noise="81.13" route="routetop" type="cfm_slow" waiting="0.00" lane="left_0" pos="24.85" speed="46.94" angle="139.79" x="17.27" y="17.71"/>
        <vehicle id="cfm_slow_3" eclass="HBEFA3/PC_G_EU4" CO2="14549.90" CO="501.12" HC="2.68" NOx="5.76" PMx="0.47" fuel="6.25" electricity="0.00" noise="81.13" route="routebottom" type="cfm_slow" waiting="0.00" lane="bottom_0" pos="14.85" speed="46.94" angle="67.77" x="93.04" y="5.34"/>
        <vehicle id="cfm_slow_4" eclass="HBEFA3/PC_G_EU4" CO2="14549.90" CO="501.12" HC="2.68" NOx="5.76" PMx="0.47" fuel="6.25" electricity="0.00" noise="81.13" route="routebottom" type="cfm_slow" waiting="0.00" lane="right_0" pos="4.85" speed="46.94" angle="355.79" x="128.21" y="73.59"/>
    </timestep>
    <timestep time="7.78">
        <vehicle id="cfm_slow_0" eclass="HBEFA3/PC_G_EU4" CO2="14543.70" CO="501.01" HC="2.68" NOx="5.75" PMx="0.47" fuel="6.25" electricity="0.00" noise="81.12" route="routebottom" type="cfm_slow" waiting="0.00" lane="right_0" pos="45.32" speed="46.94" angle="282.93" x="73.26" y="128.26"/>
        <vehicle id="cfm_slow_1" eclass="HBEFA3/PC_G_EU4" CO2="14543.70" CO="501.01" HC="2.68" NOx="5.75" PMx="0.47" fuel="6.25" electricity="0.00" noise="81.12" route="routetop" type="cfm_slow" waiting="0.00" lane="top_0" pos="35.32" speed="46.94" angle="211.00" x="5.19" y="92.74"/>
        <vehicle id="cfm_slow_2" eclass="HBEFA3/PC_G_EU4" CO2="14543.70" CO="501.01" HC="2.68" NOx="5.75" PMx="0.47" fuel="6.25" electricity="0.00" noise="81.12" route="routetop" type="cfm_slow" waiting="0.00" lane="left_0" pos="25.32" speed="46.94" angle="138.92" x="17.95" y="17.03"/>
        <vehicle id="cfm_slow_3" eclass="HBEFA3/PC_G_EU4" CO2="14543.70" CO="501.01" HC="2.68" NOx="5.75" PMx="0.47" fuel="6.25" electricity="0.00" noise="81.12" route="routebottom" type="cfm_slow" waiting="0.00" lane="bottom_0" pos="15.32" speed="46.94" angle="66.93" x="93.90" y="5.77"/>
        <vehicle id="cfm_slow_4" eclass="HBEFA3/PC_G_EU4" CO2="14543.70" CO="501.01" HC="2.68" NOx="5.75" PMx="0.47" fuel="6.25" electricity="0.00" noise="81.12" route="routebottom" type="cfm_slow" waiting="0.00" lane="right_0" pos="5.32" speed="46.94" angle="354.96" x="128.06" y="74.54"/>
    </timestep>
    <timestep time="7.79">
        <vehicle id="cfm_slow_0" eclass="HBEFA3/PC_G_EU4" CO2="14537.56" CO="500.89" HC="2.68" NOx="5.75" PMx="0.47" fuel="6.25" electricity="0.00" noise="81.12" route="routebottom" type="cfm_slow" waiting="0.00" lane="right_0" pos="45.79" speed="46.94" angle="282.07" x="72.30" y="128.39"/>
        <vehicle id="cfm_slow_1" eclass="HBEFA3/PC_G_EU4" CO2="14537.56" CO="500.89" HC="2.68" NOx="5.75" PMx="0.47" fuel="6.25" electricity="0.00" noise="81.12" route="routetop" type="cfm_slow" waiting="0.00" lane="top_0" pos="35.79" speed="46.94" angle="210.15" x="4.76" y="91.88"/>
        <vehicle id="cfm_slow_2" eclass="HBEFA3/PC_G_EU4" CO2="14537.56" CO="500.89" HC="2.68" NOx="5.75" PMx="0.47" fuel="6.25" electricity="0.00" noise="81.12" route="routetop" type="cfm_slow" waiting="0.00" lane="left_0" pos="25.79" speed="46.94" angle="138.11" x="18.64" y="16.36"/>
        <vehicle id="cfm_slow_3" eclass="HBEFA3/PC_G_EU4" CO2="14537.56" CO="500.89" HC="2.68" NOx="5.75" PMx="0.47" fuel="6.25" electricity="0.00" noise="81.12" route="routebottom" type="cfm_slow" waiting="0.00" lane="bottom_0" pos="15.79" speed="46.94" angle="66.10" x="94.74" y="6.23"/>
        <vehicle id="cfm_slow_4" eclass="HBEFA3/PC_G_EU4" CO2="14537.56" CO="500.89" HC="2.68" NOx="5.75" PMx="0.47" fuel="6.25" electricity="0.00" noise="81.12" route="routebottom" type="cfm_slow" waiting="0.00" lane="right_0" pos="5.79" speed="46.94" angle="354.09" x="127.88" y="75.49"/>
    </timestep>
    <timestep time="7.80">
        <vehicle id="cfm_slow_0" eclass="HBEFA3/PC_G_EU4" CO2="14531.47" CO="500.78" HC="2.68" NOx="5.75" PMx="0.47" fuel="6.25" electricity="0.00" noise="81.12" route="routebottom" type="cfm_slow" waiting="0.00" lane="right_0" pos="46.26" speed="46.94" angle="281.28" x="71.35" y="128.52"/>
        <vehicle id="cfm_slow_1" eclass="HBEFA3/PC_G_EU4" CO2="14531.47" CO="500.78" HC="2.68" NOx="5.75" PMx="0.47" fuel="6.25" electricity="0.00" noise="81.12" route="routetop" type="cfm_slow" waiting="0.00" lane="top_0" pos="36.26" speed="46.94" angle="209.31" x="4.35" y="91.00"/>
        <vehicle id="cfm_slow_2" eclass="HBEFA3/PC_G_EU4" CO2="14531.47" CO="500.78" HC="2.68" NOx="5.75" PMx="0.47" fuel="6.25" electricity="0.00" noise="81.12" route="routetop" type="cfm_slow" waiting="0.00" lane="left_0" pos="26.26" speed="46.94" angle="137.24" x="19.35" y="15.71"/>
        <vehicle id="cfm_slow_3" eclass="HBEFA3/PC_G_EU4" CO2="14531.47" CO="500.78" HC="2.68" NOx="5.75" PMx="0.47" fuel="6.25" electricity="0.00" noise="81.12" route="routebottom" type="cfm_slow" waiting="0.00" lane="bottom_0" pos="16.26" speed="46.94" angle="65.25" x="95.59" y="6.70"/>
        <vehicle id="cfm_slow_4" eclass="HBEFA3/PC_G_EU4" CO2="14531.47" CO="500.78" HC="2.68" NOx="5.75" PMx="0.47" fuel="6.25" electricity="0.00" noise="81.12" route="routebottom" type="cfm_slow" waiting="0.00" lane="right_0" pos="6.26" speed="46.94" angle="353.22" x="127.71" y="76.43"/>
    </timestep>
    <timestep time="7.81">
        <vehicle id="cfm_slow_0" eclass="HBEFA3/PC_G_EU4" CO2="14525.44" CO="500.67" HC="2.68" NOx="5.75" PMx="0.47" fuel="6.24" electricity="0.00" noise="81.12" route="routebottom" type="cfm_slow" waiting="0.00" lane="right_0" pos="46.72" speed="46.94" angle="280.44" x="70.39" y="128.62"/>
        <vehicle id="cfm_slow_1" eclass="HBEFA3/PC_G_EU4" CO2="14525.44" CO="500.67" HC="2.68" NOx="5.75" PMx="0.47" fuel="6.24" electricity="0.00" noise="81.12" route="routetop" type="cfm_slow" waiting="0.00" lane="top_0" pos="36.72" speed="46.94" angle="208.43" x="3.96" y="90.13"/>
        <vehicle id="cfm_slow_2" eclass="HBEFA3/PC_G_EU4" CO2="14525.44" CO="500.67" HC="2.68" NOx="5.75" PMx="0.47" fuel="6.24" electricity="0.00" noise="81.12" route="routetop" type="cfm_slow" waiting="0.00" lane="left_0" pos="26.72" speed="46.94" angle="136.37" x="20.05" y="15.05"/>
        <vehicle id="cfm_slow_3" eclass="HBEFA3/PC_G_EU4" CO2="14525.44" CO="500.67" HC="2.68" NOx="5.75" PMx="0.47" fuel="6.24" electricity="0.00" noise="81.12" route="routebottom" type="cfm_slow" waiting="0.00" lane="bottom_0" pos="16.72" speed="46.94" angle="64.44" x="96.43" y="7.16"/>
        <vehicle id="cfm_slow_4" eclass="HBEFA3/PC_G_EU4" CO2="14525.44" CO="500.67" HC="2.68" NOx="5.75" PMx="0.47" fuel="6.24" electricity="0.00" noise="81.12" route="routebottom" type="cfm_slow" waiting="0.00" lane="right_0" pos="6.72" speed="46.94" angle="352.39" x="127.51" y="77.38"/>
    </timestep>
    <timestep time="7.82">
        <vehicle id="cfm_slow_0" eclass="HBEFA3/PC_G_EU4" CO2="14519.46" CO="500.56" HC="2.68" NOx="5.74" PMx="0.47" fuel="6.24" electricity="0.00" noise="81.12" route="routebottom" type="cfm_slow" waiting="0.00" lane="right_0" pos="47.19" speed="46.94" angle="279.60" x="69.44" y="128.72"/>
        <vehicle id="cfm_slow_1" eclass="HBEFA3/PC_G_EU4" CO2="14519.46" CO="500.56" HC="2.68" NOx="5.74" PMx="0.47" fuel="6.24" electricity="0.00" noise="81.12" route="routetop" type="cfm_slow" waiting="0.00" lane="top_0" pos="37.19" speed="46.94" angle="207.61" x="3.56" y="89.25"/>
        <vehicle id="cfm_slow_2" eclass="HBEFA3/PC_G_EU4" CO2="14519.46" CO="500.56" HC="2.68" NOx="5.74" PMx="0.47" fuel="6.24" electricity="0.00" noise="81.12" route="routetop" type="cfm_slow" waiting="0.00" lane="left_0" pos="27.19" speed="46.94" angle="135.56" x="20.78" y="14.42"/>
        <vehicle id="cfm_slow_3" eclass="HBEFA3/PC_G_EU4" CO2="14519.46" CO="500.56" HC="2.68" NOx="5.74" PMx="0.47" fuel="6.24" electricity="0.00" noise="81.12" route="routebottom" type="cfm_slow" waiting="0.00" lane="bottom_0" pos="17.19" speed="46.94" angle="63.55" x="97.25" y="7.66"/>
        <vehicle id="cfm_slow_4" eclass="HBEFA3/PC_G_EU4" CO2="14519.46" CO="500.56" HC="2.68" NOx="5.74" PMx="0.47" fuel="6.24" electricity="0.00" noise="81.12" route="routebottom" type="cfm_slow" waiting="0.00" lane="right_0" pos="7.19" speed="46.94" angle="351.49" x="127.30" y="78.31"/>
    </timestep>
    <timestep time="7.83">
        <vehicle id="cfm_slow_0" eclass="HBEFA3/PC_G_EU4" CO2="14513.54" CO="500.45" HC="2.68" NOx="5.74" PMx="0.47" fuel="6.24" electricity="0.00" noise="81.12" route="routebottom" type="cfm_slow" waiting="0.00" lane="right_0" pos="47.66" speed="46.94" angle="278.79" x="68.48" y="128.79"/>
        <vehicle id="cfm_slow_1" eclass="HBEFA3/PC_G_EU4" CO2="14513.54" CO="500.45" HC="2.68" NOx="5.74" PMx="0.47" fuel="6.24" electricity="0.00" noise="81.12" route="routetop" type="cfm_slow" waiting="0.00" lane="top_0" pos="37.66" speed="46.94" angle="206.72" x="3.21" y="88.35"/>
        <vehicle id="cfm_slow_2" eclass="HBEFA3/PC_G_EU4" CO2="14513.54" CO="500.45" HC="2.68" NOx="5.74" PMx="0.47" fuel="6.24" electricity="0.00" noise="81.12" route="routetop" type="cfm_slow" waiting="0.00" lane="left_0" pos="27.66" speed="46.94" angle="134.70" x="21.51" y="13.79"/>
        <vehicle id="cfm_slow_3" eclass="HBEFA3/PC_G_EU4" CO2="14513.54" CO="500.45" HC="2.68" NOx="5.74" PMx="0.47" fuel="6.24" electricity="0.00" noise="81.12" route="routebottom" type="cfm_slow" waiting="0.00" lane="bottom_0" pos="17.66" speed="46.94" angle="62.66" x="98.07" y="8.16"/>
        <vehicle id="cfm_slow_4" eclass="HBEFA3/PC_G_EU4" CO2="14513.54" CO="500.45" HC="2.68" NOx="5.74" PMx="0.47" fuel="6.24" electricity="0.00" noise="81.12" route="routebottom" type="cfm_slow" waiting="0.00" lane="right_0" pos="7.66" speed="46.94" angle="350.65" x="127.08" y="79.25"/>
    </timestep>
    <timestep time="7.84">
        <vehicle id="cfm_slow_0" eclass="HBEFA3/PC_G_EU4" CO2="14507.67" CO="500.34" HC="2.68" NOx="5.74" PMx="0.47" fuel="6.24" electricity="0.00" noise="81.12" route="routebottom" type="cfm_slow" waiting="0.00" lane="right_0" pos="48.13" speed="46.94" angle="277.88" x="67.52" y="128.85"/>
        <vehicle id="cfm_slow_1" eclass="HBEFA3/PC_G_EU4" CO2="14507.67" CO="500.34" HC="2.68" NOx="5.74" PMx="0.47" fuel="6.24" electricity="0.00" noise="81.12" route="routetop" type="cfm_slow" waiting="0.00" lane="top_0" pos="38.13" speed="46.94" angle="205.83" x="2.85" y="87.46"/>
        <vehicle id="cfm_slow_2" eclass="HBEFA3/PC_G_EU4" CO2="14507.67" CO="500.34" HC="2.68" NOx="5.74" PMx="0.47" fuel="6.24" electricity="0.00" noise="81.12" route="routetop" type="cfm_slow" waiting="0.00" lane="left_0" pos="28.13" speed="46.94" angle="133.86" x="22.24" y="13.17"/>
        <vehicle id="cfm_slow_3" eclass="HBEFA3/PC_G_EU4" CO2="14507.67" CO="500.34" HC="2.68" NOx="5.74" PMx="0.47" fuel="6.24" electricity="0.00" noise="81.12" route="routebottom" type="cfm_slow" waiting="0.00" lane="bottom_0" pos="18.13" speed="46.94" angle="61.84" x="98.89" y="8.67"/>
        <vehicle id="cfm_slow_4" eclass="HBEFA3/PC_G_EU4" CO2="14507.67" CO="500.34" HC="2.68" NOx="5.74" PMx="0.47" fuel="6.24" electricity="0.00" noise="81.12" route="routebottom" type="cfm_slow" waiting="0.00" lane="right_0" pos="8.13" speed="46.94" angle="349.81" x="126.84" y="80.18"/>
    </timestep>
    <timestep time="7.85">
        <vehicle id="cfm_slow_0" eclass="HBEFA3/PC_G_EU4" CO2="14501.85" CO="500.23" HC="2.68" NOx="5.73" PMx="0.47" fuel="6.23" electricity="0.00" noise="81.12" route="routebottom" type="cfm_slow" waiting="0.00" lane="right_0" pos="48.60" speed="46.94" angle="276.98" x="66.55" y="128.90"/>
        <vehicle id="cfm_slow_1" eclass="HBEFA3/PC_G_EU4" CO2="14501.85" CO="500.23" HC="2.68" NOx="5.73" PMx="0.47" fuel="6.23" electricity="0.00" noise="81.12" route="routetop" type="cfm_slow" waiting="0.00" lane="top_0" pos="38.60" speed="46.94" angle="205.01" x="2.51" y="86.56"/>
        <vehicle id="cfm_slow_2" eclass="HBEFA3/PC_G_EU4" CO2="14501.85" CO="500.23" HC="2.68" NOx="5.73" PMx="0.47" fuel="6.23" electricity="0.00" noise="81.12" route="routetop" type="cfm_slow" waiting="0.00" lane="left_0" pos="28.60" speed="46.94" angle="133.02" x="23.00" y="12.57"/>
        <vehicle id="cfm_slow_3" eclass="HBEFA3/PC_G_EU4" CO2="14501.85" CO="500.23" HC="2.68" NOx="5.73" PMx="0.47" fuel="6.23" electricity="0.00" noise="81.12" route="routebottom" type="cfm_slow" waiting="0.00" lane="bottom_0" pos="18.60" speed="46.94" angle="60.95" x="99.69" y="9.21"/>
        <vehicle id="cfm_slow_4" eclass="HBEFA3/PC_G_EU4" CO2="14501.85" CO="500.23" HC="2.68" NOx="5.73" PMx="0.47" fuel="6.23" electricity="0.00" noise="81.12" route="routebottom" type="cfm_slow" waiting="0.00" lane="right_0" pos="8.60" speed="46.94" angle="348.97" x="126.59" y="81.11"/>
    </timestep>
    <timestep time="7.86">
        <vehicle id="cfm_slow_0" eclass="HBEFA3/PC_G_EU4" CO2="14496.09" CO="500.12" HC="2.67" NOx="5.73" PMx="0.47" fuel="6.23" electricity="0.00" noise="81.12" route="routebottom" type="cfm_slow" waiting="0.00" lane="right_0" pos="49.07" speed="46.94" angle="276.17" x="65.59" y="128.93"/>
        <vehicle id="cfm_slow_1" eclass="HBEFA3/PC_G_EU4" CO2="14496.09" CO="500.12" HC="2.67" NOx="5.73" PMx="0.47" fuel="6.23" electricity="0.00" noise="81.12" route="routetop" type="cfm_slow" waiting="0.00" lane="top_0" pos="39.07" speed="46.94" angle="204.15" x="2.18" y="85.66"/>
        <vehicle id="cfm_slow_2" eclass="HBEFA3/PC_G_EU4" CO2="14496.09" CO="500.12" HC="2.67" NOx="5.73" PMx="0.47" fuel="6.23" electricity="0.00" noise="81.12" route="routetop" type="cfm_slow" waiting="0.00" lane="left_0" pos="29.07" speed="46.94" angle="132.15" x="23.75" y="11.98"/>
        <vehicle id="cfm_slow_3" eclass="HBEFA3/PC_G_EU4" CO2="14496.09" CO="500.12" HC="2.67" NOx="5.73" PMx="0.47" fuel="6.23" electricity="0.00" noise="81.12" route="routebottom" type="cfm_slow" waiting="0.00" lane="bottom_0" pos="19.07" speed="46.94" angle="60.07" x="100.49" y="9.74"/>
        <vehicle id="cfm_slow_4" eclass="HBEFA3/PC_G_EU4" CO2="14496.09" CO="500.12" HC="2.67" NOx="5.73" PMx="0.47" fuel="6.23" electricity="0.00" noise="81.12" route="routebottom" type="cfm_slow" waiting="0.00" lane="right_0" pos="9.07" speed="46.94" angle="348.19" x="126.33" y="82.04"/>
    </timestep>
    <timestep time="7.87">
        <vehicle id="cfm_slow_0" eclass="HBEFA3/PC_G_EU4" CO2="14490.38" CO="500.02" HC="2.67" NOx="5.73" PMx="0.47" fuel="6.23" electricity="0.00" noise="81.12" route="routebottom" type="cfm_slow" waiting="0.00" lane="right_0" pos="49.54" speed="46.94" angle="275.31" x="64.63" y="128.95"/>
        <vehicle id="cfm_slow_1" eclass="HBEFA3/PC_G_EU4" CO2="14490.38" CO="500.02" HC="2.67" NOx="5.73" PMx="0.47" fuel="6.23" electricity="0.00" noise="81.12" route="routetop" type="cfm_slow" waiting="0.00" lane="top_0" pos="39.54" speed="46.94" angle="203.30" x="1.85" y="84.75"/>
        <vehicle id="cfm_slow_2" eclass="HBEFA3/PC_G_EU4" CO2="14490.38" CO="500.02" HC="2.67" NOx="5.73" PMx="0.47" fuel="6.23" electricity="0.00" noise="81.12" route="routetop" type="cfm_slow" waiting="0.00" lane="left_0" pos="29.54" speed="46.94" angle="131.34" x="24.51" y="11.39"/>
        <vehicle id="cfm_slow_3" eclass="HBEFA3/PC_G_EU4" CO2="14490.38" CO="500.02" HC="2.67" NOx="5.73" PMx="0.47" fuel="6.23" electricity="0.00" noise="81.12" route="routebottom" type="cfm_slow" waiting="0.00" lane="bottom_0" pos="19.54" speed="46.94" angle="59.26" x="101.28" y="10.29"/>
        <vehicle id="cfm_slow_4" eclass="HBEFA3/PC_G_EU4" CO2="14490.38" CO="500.02" HC="2.67" NOx="5.73" PMx="0.47" fuel="6.23" electricity="0.00" noise="81.12" route="routebottom" type="cfm_slow" waiting="0.00" lane="right_0" pos="9.54" speed="46.94" angle="347.33" x="126.05" y="82.96"/>
    </timestep>
    <timestep time="7.88">
        <vehicle id="cfm_slow_0" eclass="HBEFA3/PC_G_EU4" CO2="14484.72" CO="499.91" HC="2.67" NOx="5.73" PMx="0.47" fuel="6.23" electricity="0.00" noise="81.12" route="routetop" type="cfm_slow" waiting="0.00" lane="top_0" pos="0.01" speed="46.94" angle="274.47" x="63.61" y="128.97"/>
        <vehicle id="cfm_slow_1" eclass="HBEFA3/PC_G_EU4" CO2="14484.72" CO="499.91" HC="2.67" NOx="5.73" PMx="0.47" fuel="6.23" electricity="0.00" noise="81.12" route="routetop" type="cfm_slow" waiting="0.00" lane="top_0" pos="40.01" speed="46.94" angle="202.49" x="1.55" y="83.84"/>
        <vehicle id="cfm_slow_2" eclass="HBEFA3/PC_G_EU4" CO2="14484.72" CO="499.91" HC="2.67" NOx="5.73" PMx="0.47" fuel="6.23" electricity="0.00" noise="81.12" route="routetop" type="cfm_slow" waiting="0.00" lane="left_0" pos="30.01" speed="46.94" angle="130.47" x="25.30" y="10.83"/>
        <vehicle id="cfm_slow_3" eclass="HBEFA3/PC_G_EU4" CO2="14484.72" CO="499.91" HC="2.67" NOx="5.73" PMx="0.47" fuel="6.23" electricity="0.00" noise="81.12" route="routebottom" type="cfm_slow" waiting="0.00" lane="bottom_0" pos="20.01" speed="46.94" angle="58.40" x="102.06" y="10.85"/>
        <vehicle id="cfm_slow_4" eclass="HBEFA3/PC_G_EU4" CO2="14484.72" CO="499.91" HC="2.67" NOx="5.73" PMx="0.47" fuel="6.23" electricity="0.00" noise="81.12" route="routebottom" type="cfm_slow" waiting="0.00" lane="right_0" pos="10.01" speed="46.94" angle="346.47" x="125.77" y="83.88"/>
    </timestep>
    <timestep time="7.89">
        <vehicle id="cfm_slow_0" eclass="HBEFA3/PC_G_EU4" CO2="14479.11" CO="499.81" HC="2.67" NOx="5.72" PMx="0.47" fuel="6.22" electricity="0.00" noise="81.12" route="routetop" type="cfm_slow" waiting="0.00" lane="top_0" pos="0.48" speed="46.94" angle="273.61" x="62.65" y="128.95"/>
        <vehicle id="cfm_slow_1" eclass="HBEFA3/PC_G_EU4" CO2="14479.11" CO="499.81" HC="2.67" NOx="5.72" PMx="0.47" fuel="6.22" electricity="0.00" noise="81.12" route="routetop" type="cfm_slow" waiting="0.00" lane="top_0" pos="40.48" speed="46.94" angle="201.62" x="1.27" y="82.92"/>
        <vehicle id="cfm_slow_2" eclass="HBEFA3/PC_G_EU4" CO2="14479.11" CO="499.81" HC="2.67" NOx="5.72" PMx="0.47" fuel="6.22" electricity="0.00" noise="81.12" route="routetop" type="cfm_slow" waiting="0.00" lane="left_0" pos="30.48" speed="46.94" angle="129.60" x="26.08" y="10.27"/>
        <vehicle id="cfm_slow_3" eclass="HBEFA3/PC_G_EU4" CO2="14479.11" CO="499.81" HC="2.67" NOx="5.72" PMx="0.47" fuel="6.22" electricity="0.00" noise="81.12" route="routebottom" type="cfm_slow" waiting="0.00" lane="bottom_0" pos="20.48" speed="46.94" angle="57.59" x="102.84" y="11.42"/>
        <vehicle id="cfm_slow_4" eclass="HBEFA3/PC_G_EU4" CO2="14479.11" CO="499.81" HC="2.67" NOx="5.72" PMx="0.47" fuel="6.22" electricity="0.00" noise="81.12" route="routebottom" type="cfm_slow" waiting="0.00" lane="right_0" pos="10.48" speed="46.94" angle="345.65" x="125.46" y="84.79"/>
    </timestep>
    <timestep time="7.90">
        <vehicle id="cfm_slow_0" eclass="HBEFA3/PC_G_EU4" CO2="14473.56" CO="499.70" HC="2.67" NOx="5.72" PMx="0.47" fuel="6.22" electricity="0.00" noise="81.11" route="routetop" type="cfm_slow" waiting="0.00" lane="top_0" pos="0.95" speed="46.94" angle="272.76" x="61.68" y="128.93"/>
        <vehicle id="cfm_slow_1" eclass="HBEFA3/PC_G_EU4" CO2="14473.56" CO="499.70" HC="2.67" NOx="5.72" PMx="0.47" fuel="6.22" electricity="0.00" noise="81.11" route="routetop" type="cfm_slow" waiting="0.00" lane="top_0" pos="40.95" speed="46.94" angle="200.76" x="0.98" y="82.00"/>
        <vehicle id="cfm_slow_2" eclass="HBEFA3/PC_G_EU4" CO2="14473.56" CO="499.70" HC="2.67" NOx="5.72" PMx="0.47" fuel="6.22" electricity="0.00" noise="81.11" route="routetop" type="cfm_slow" waiting="0.00" lane="left_0" pos="30.95" speed="46.94" angle="128.79" x="26.87" y="9.72"/>
        <vehicle id="cfm_slow_3" eclass="HBEFA3/PC_G_EU4" CO2="14473.56" CO="499.70" HC="2.67" NOx="5.72" PMx="0.47" fuel="6.22" electricity="0.00" noise="81.11" route="routebottom" type="cfm_slow" waiting="0.00" lane="bottom_0" pos="20.95" speed="46.94" angle="56.75" x="103.60" y="12.01"/>
        <vehicle id="cfm_slow_4" eclass="HBEFA3/PC_G_EU4" CO2="14473.56" CO="499.70" HC="2.67" NOx="5.72" PMx="0.47" fuel="6.22" electricity="0.00" noise="81.11" route="routebottom" type="cfm_slow" waiting="0.00" lane="right_0" pos="10.95" speed="46.94" angle="344.74" x="125.13" y="85.70"/>
    </timestep>
    <timestep time="7.91">
        <vehicle id="cfm_slow_0" eclass="HBEFA3/PC_G_EU4" CO2="14468.05" CO="499.60" HC="2.67" NOx="5.72" PMx="0.47" fuel="6.22" electricity="0.00" noise="81.11" route="routetop" type="cfm_slow" waiting="0.00" lane="top_0" pos="1.42" speed="46.94" angle="271.94" x="60.72" y="128.90"/>
        <vehicle id="cfm_slow_1" eclass="HBEFA3/PC_G_EU4" CO2="14468.05" CO="499.60" HC="2.67" NOx="5.72" PMx="0.47" fuel="6.22" electricity="0.00" noise="81.11" route="routetop" type="cfm_slow" waiting="0.00" lane="top_0" pos="41.42" speed="46.94" angle="199.93" x="0.73" y="81.07"/>
        <vehicle id="cfm_slow_2" eclass="HBEFA3/PC_G_EU4" CO2="14468.05" CO="499.60" HC="2.67" NOx="5.72" PMx="0.47" fuel="6.22" electricity="0.00" noise="81.11" route="routetop" type="cfm_slow" waiting="0.00" lane="left_0" pos="31.42" speed="46.94" angle="127.95" x="27.67" y="9.18"/>
        <vehicle id="cfm_slow_3" eclass="HBEFA3/PC_G_EU4" CO2="14468.05" CO="499.60" HC="2.67" NOx="5.72" PMx="0.47" fuel="6.22" electricity="0.00" noise="81.11" route="routebottom" type="cfm_slow" waiting="0.00" lane="bottom_0" pos="21.42" speed="46.94" angle="55.89" x="104.36" y="12.60"/>
        <vehicle id="cfm_slow_4" eclass="HBEFA3/PC_G_EU4" CO2="14468.05" CO="499.60" HC="2.67" NOx="5.72" PMx="0.47" fuel="6.22" electricity="0.00" noise="81.11" route="routebottom" type="cfm_slow" waiting="0.00" lane="right_0" pos="11.42" speed="46.94" angle="343.84" x="124.80" y="86.60"/>
    </timestep>
    <timestep time="7.92">
        <vehicle id="cfm_slow_0" eclass="HBEFA3/PC_G_EU4" CO2="14462.59" CO="499.50" HC="2.67" NOx="5.72" PMx="0.47" fuel="6.22" electricity="0.00" noise="81.11" route="routetop" type="cfm_slow" waiting="0.00" lane="top_0" pos="1.89" speed="46.94" angle="271.09" x="59.76" y="128.85"/>
        <vehicle id="cfm_slow_1" eclass="HBEFA3/PC_G_EU4" CO2="14462.59" CO="499.50" HC="2.67" NOx="5.72" PMx="0.47" fuel="6.22" electricity="0.00" noise="81.11" route="routetop" type="cfm_slow" waiting="0.00" lane="top_0" pos="41.89" speed="46.94" angle="199.07" x="0.48" y="80.14"/>
        <vehicle id="cfm_slow_2" eclass="HBEFA3/PC_G_EU4" CO2="14462.59" CO="499.50" HC="2.67" NOx="5.72" PMx="0.47" fuel="6.22" electricity="0.00" noise="81.11" route="routetop" type="cfm_slow" waiting="0.00" lane="left_0" pos="31.89" speed="46.94" angle="127.10" x="28.47" y="8.65"/>
        <vehicle id="cfm_slow_3" eclass="HBEFA3/PC_G_EU4" CO2="14462.59" CO="499.50" HC="2.67" NOx="5.72" PMx="0.47" fuel="6.22" electricity="0.00" noise="81.11" route="routebottom" type="cfm_slow" waiting="0.00" lane="bottom_0" pos="21.89" speed="46.94" angle="55.09" x="105.11" y="13.20"/>
        <vehicle id="cfm_slow_4" eclass="HBEFA3/PC_G_EU4" CO2="14462.59" CO="499.50" HC="2.67" NOx="5.72" PMx="0.47" fuel="6.22" electricity="0.00" noise="81.11" route="routebottom" type="cfm_slow" waiting="0.00" lane="right_0" pos="11.89" speed="46.94" angle="343.05" x="124.45" y="87.50"/>
    </timestep>
    <timestep time="7.93">
        <vehicle id="cfm_slow_0" eclass="HBEFA3/PC_G_EU4" CO2="14457.19" CO="499.40" HC="2.67" NOx="5.71" PMx="0.47" fuel="6.21" electricity="0.00" noise="81.11" route="routetop" type="cfm_slow" waiting="0.00" lane="top_0" pos="2.36" speed="46.94" angle="270.23" x="58.80" y="128.79"/>
        <vehicle id="cfm_slow_1" eclass="HBEFA3/PC_G_EU4" CO2="14457.19" CO="499.40" HC="2.67" NOx="5.71" PMx="0.47" fuel="6.21" electricity="0.00" noise="81.11" route="routetop" type="cfm_slow" waiting="0.00" lane="top_0" pos="42.36" speed="46.94" angle="198.27" x="0.23" y="79.21"/>
        <vehicle id="cfm_slow_2" eclass="HBEFA3/PC_G_EU4" CO2="14457.19" CO="499.40" HC="2.67" NOx="5.71" PMx="0.47" fuel="6.21" electricity="0.00" noise="81.11" route="routetop" type="cfm_slow" waiting="0.00" lane="left_0" pos="32.36" speed="46.94" angle="126.30" x="29.28" y="8.14"/>
        <vehicle id="cfm_slow_3" eclass="HBEFA3/PC_G_EU4" CO2="14457.19" CO="499.40" HC="2.67" NOx="5.71" PMx="0.47" fuel="6.21" electricity="0.00" noise="81.11" route="routebottom" type="cfm_slow" waiting="0.00" lane="bottom_0" pos="22.36" speed="46.94" angle="54.24" x="105.85" y="13.82"/>
        <vehicle id="cfm_slow_4" eclass="HBEFA3/PC_G_EU4" CO2="14457.19" CO="499.40" HC="2.67" NOx="5.71" PMx="0.47" fuel="6.21" electricity="0.00" noise="81.11" route="routebottom" type="cfm_slow" waiting="0.00" lane="right_0" pos="12.36" speed="46.94" angle="342.23" x="124.09" y="88.39"/>
    </timestep>
    <timestep time="7.94">
        <vehicle id="cfm_slow_0" eclass="HBEFA3/PC_G_EU4" CO2="14451.83" CO="499.30" HC="2.67" NOx="5.71" PMx="0.47" fuel="6.21" electricity="0.00" noise="81.11" route="routetop" type="cfm_slow" waiting="0.00" lane="top_0" pos="2.83" speed="46.94" angle="269.43" x="57.84" y="128.71"/>
        <vehicle id="cfm_slow_1" eclass="HBEFA3/PC_G_EU4" CO2="14451.83" CO="499.30" HC="2.67" NOx="5.71" PMx="0.47" fuel="6.21" electricity="0.00" noise="81.11" route="routetop" type="cfm_slow" waiting="0.00" lane="top_0" pos="42.83" speed="46.94" angle="197.43" x="0.02" y="78.27"/>
        <vehicle id="cfm_slow_2" eclass="HBEFA3/PC_G_EU4" CO2="14451.83" CO="499.30" HC="2.67" NOx="5.71" PMx="0.47" fuel="6.21" electricity="0.00" noise="81.11" route="routetop" type="cfm_slow" waiting="0.00" lane="left_0" pos="32.83" speed="46.94" angle="125.42" x="30.11" y="7.64"/>
        <vehicle id="cfm_slow_3" eclass="HBEFA3/PC_G_EU4" CO2="14451.83" CO="499.30" HC="2.67" NOx="5.71" PMx="0.47" fuel="6.21" electricity="0.00" noise="81.11" route="routebottom" type="cfm_slow" waiting="0.00" lane="bottom_0" pos="22.83" speed="46.94" angle="53.38" x="106.58" y="14.44"/>
        <vehicle id="cfm_slow_4" eclass="HBEFA3/PC_G_EU4" CO2="14451.83" CO="499.30" HC="2.67" NOx="5.71" PMx="0.47" fuel="6.21" electricity="0.00" noise="81.11" route="routebottom" type="cfm_slow" waiting="0.00" lane="right_0" pos="12.83" speed="46.94" angle="341.45" x="123.74" y="89.29"/>
    </timestep>
    <timestep time="7.95">
        <vehicle id="cfm_slow_0" eclass="HBEFA3/PC_G_EU4" CO2="14446.52" CO="499.20" HC="2.67" NOx="5.71" PMx="0.47" fuel="6.21" electricity="0.00" noise="81.11" route="routetop" type="cfm_slow" waiting="0.00" lane="top_0" pos="3.30" speed="46.95" angle="268.57" x="56.88" y="128.61"/>
        <vehicle id="cfm_slow_1" eclass="HBEFA3/PC_G_EU4" CO2="14446.52" CO="499.20" HC="2.67" NOx="5.71" PMx="0.47" fuel="6.21" electricity="0.00" noise="81.11" route="routetop" type="cfm_slow" waiting="0.00" lane="top_0" pos="43.30" speed="46.95" angle="196.58" x="-0.19" y="77.33"/>
        <vehicle id="cfm_slow_2" eclass="HBEFA3/PC_G_EU4" CO2="14446.52" CO="499.20" HC="2.67" NOx="5.71" PMx="0.47" fuel="6.21" electricity="0.00" noise="81.11" route="routetop" type="cfm_slow" waiting="0.00" lane="left_0" pos="33.30" speed="46.95" angle="124.58" x="30.93" y="7.15"/>
        <vehicle id="cfm_slow_3" eclass="HBEFA3/PC_G_EU4" CO2="14446.52" CO="499.20" HC="2.67" NOx="5.71" PMx="0.47" fuel="6.21" electricity="0.00" noise="81.11" route="routebottom" type="cfm_slow" waiting="0.00" lane="bottom_0" pos="23.30" speed="46.95" angle="52.60" x="107.30" y="15.08"/>
        <vehicle id="cfm_slow_4" eclass="HBEFA3/PC_G_EU4" CO2="14446.52" CO="499.20" HC="2.67" NOx="5.71" PMx="0.47" fuel="6.21" electricity="0.00" noise="81.11" route="routebottom" type="cfm_slow" waiting="0.00" lane="right_0" pos="13.30" speed="46.95" angle="340.57" x="123.34" y="90.17"/>
    </timestep>
    <timestep time="7.96">
        <vehicle id="cfm_slow_0" eclass="HBEFA3/PC_G_EU4" CO2="14441.26" CO="499.10" HC="2.67" NOx="5.71" PMx="0.47" fuel="6.21" electricity="0.00" noise="81.11" route="routetop" type="cfm_slow" waiting="0.00" lane="top_0" pos="3.77" speed="46.95" angle="267.73" x="55.93" y="128.51"/>
        <vehicle id="cfm_slow_1" eclass="HBEFA3/PC_G_EU4" CO2="14441.26" CO="499.10" HC="2.67" NOx="5.71" PMx="0.47" fuel="6.21" electricity="0.00" noise="81.11" route="routetop" type="cfm_slow" waiting="0.00" lane="top_0" pos="43.77" speed="46.95" angle="195.78" x="-0.39" y="76.39"/>
        <vehicle id="cfm_slow_2" eclass="HBEFA3/PC_G_EU4" CO2="14441.26" CO="499.10" HC="2.67" NOx="5.71" PMx="0.47" fuel="6.21" electricity="0.00" noise="81.11" route="routetop" type="cfm_slow" waiting="0.00" lane="left_0" pos="33.77" speed="46.95" angle="123.75" x="31.77" y="6.68"/>
        <vehicle id="cfm_slow_3" eclass="HBEFA3/PC_G_EU4" CO2="14441.26" CO="499.10" HC="2.67" NOx="5.71" PMx="0.47" fuel="6.21" electricity="0.00" noise="81.11" route="routebottom" type="cfm_slow" waiting="0.00" lane="bottom_0" pos="23.77" speed="46.95" angle="51.76" x="108.01" y="15.73"/>
        <vehicle id="cfm_slow_4" eclass="HBEFA3/PC_G_EU4" CO2="14441.26" CO="499.10" HC="2.67" NOx="5.71" PMx="0.47" fuel="6.21" electricity="0.00" noise="81.11" route="routebottom" type="cfm_slow" waiting="0.00" lane="right_0" pos="13.77" speed="46.95" angle="339.68" x="122.95" y="91.04"/>
    </timestep>
    <timestep time="7.97">
        <vehicle id="cfm_slow_0" eclass="HBEFA3/PC_G_EU4" CO2="14436.05" CO="499.01" HC="2.67" NOx="5.70" PMx="0.47" fuel="6.21" electricity="0.00" noise="81.11" route="routetop" type="cfm_slow" waiting="0.00" lane="top_0" pos="4.24" speed="46.95" angle="266.90" x="54.97" y="128.38"/>
        <vehicle id="cfm_slow_1" eclass="HBEFA3/PC_G_EU4" CO2="14436.05" CO="499.01" HC="2.67" NOx="5.70" PMx="0.47" fuel="6.21" electricity="0.00" noise="81.11" route="routetop" type="cfm_slow" waiting="0.00" lane="top_0" pos="44.24" speed="46.95" angle="194.90" x="-0.57" y="75.44"/>
        <vehicle id="cfm_slow_2" eclass="HBEFA3/PC_G_EU4" CO2="14436.05" CO="499.01" HC="2.67" NOx="5.70" PMx="0.47" fuel="6.21" electricity="0.00" noise="81.11" route="routetop" type="cfm_slow" waiting="0.00" lane="left_0" pos="34.24" speed="46.95" angle="122.90" x="32.62" y="6.21"/>
        <vehicle id="cfm_slow_3" eclass="HBEFA3/PC_G_EU4" CO2="14436.05" CO="499.01" HC="2.67" NOx="5.70" PMx="0.47" fuel="6.21" electricity="0.00" noise="81.11" route="routebottom" type="cfm_slow" waiting="0.00" lane="bottom_0" pos="24.24" speed="46.95" angle="50.91" x="108.72" y="16.38"/>
        <vehicle id="cfm_slow_4" eclass="HBEFA3/PC_G_EU4" CO2="14436.05" CO="499.01" HC="2.67" NOx="5.70" PMx="0.47" fuel="6.21" electricity="0.00" noise="81.11" route="routebottom" type="cfm_slow" waiting="0.00" lane="right_0" pos="14.24" speed="46.95" angle="338.86" x="122.54" y="91.92"/>
    </timestep>
    <timestep time="7.98">
        <vehicle id="cfm_slow_0" eclass="HBEFA3/PC_G_EU4" CO2="14430.88" CO="498.91" HC="2.67" NOx="5.70" PMx="0.47" fuel="6.20" electricity="0.00" noise="81.11" route="routetop" type="cfm_slow" waiting="0.00" lane="top_0" pos="4.71" speed="46.95" angle="266.04" x="54.02" y="128.25"/>
        <vehicle id="cfm_slow_1" eclass="HBEFA3/PC_G_EU4" CO2="14430.88" CO="498.91" HC="2.67" NOx="5.70" PMx="0.47" fuel="6.20" electricity="0.00" noise="81.11" route="routetop" type="cfm_slow" waiting="0.00" lane="top_0" pos="44.71" speed="46.95" angle="194.03" x="-0.74" y="74.50"/>
        <vehicle id="cfm_slow_2" eclass="HBEFA3/PC_G_EU4" CO2="14430.88" CO="498.91" HC="2.67" NOx="5.70" PMx="0.47" fuel="6.20" electricity="0.00" noise="81.11" route="routetop" type="cfm_slow" waiting="0.00" lane="left_0" pos="34.71" speed="46.95" angle="122.11" x="33.46" y="5.75"/>
        <vehicle id="cfm_slow_3" eclass="HBEFA3/PC_G_EU4" CO2="14430.88" CO="498.91" HC="2.67" NOx="5.70" PMx="0.47" fuel="6.20" electricity="0.00" noise="81.11" route="routebottom" type="cfm_slow" waiting="0.00" lane="bottom_0" pos="24.71" speed="46.95" angle="50.09" x="109.41" y="17.06"/>
        <vehicle id="cfm_slow_4" eclass="HBEFA3/PC_G_EU4" CO2="14430.88" CO="498.91" HC="2.67" NOx="5.70" PMx="0.47" fuel="6.20" electricity="0.00" noise="81.11" route="routebottom" type="cfm_slow" waiting="0.00" lane="right_0" pos="14.71" speed="46.95" angle="337.99" x="122.11" y="92.78"/>
    </timestep>
    <timestep time="7.99">
        <vehicle id="cfm_slow_0" eclass="HBEFA3/PC_G_EU4" CO2="14425.76" CO="498.82" HC="2.67" NOx="5.70" PMx="0.47" fuel="6.20" electricity="0.00" noise="81.11" route="routetop" type="cfm_slow" waiting="0.00" lane="top_0" pos="5.17" speed="46.95" angle="265.21" x="53.07" y="128.11"/>
        <vehicle id="cfm_slow_1" eclass="HBEFA3/PC_G_EU4" CO2="14425.76" CO="498.82" HC="2.67" NOx="5.70" PMx="0.47" fuel="6.20" electricity="0.00" noise="81.11" route="routetop" type="cfm_slow" waiting="0.00" lane="top_0" pos="45.17" speed="46.95" angle="193.24" x="-0.89" y="73.55"/>
        <vehicle id="cfm_slow_2" eclass="HBEFA3/PC_G_EU4" CO2="14425.76" CO="498.82" HC="2.67" NOx="5.70" PMx="0.47" fuel="6.20" electricity="0.00" noise="81.11" route="routetop" type="cfm_slow" waiting="0.00" lane="left_0" pos="35.17" speed="46.95" angle="121.26" x="34.32" y="5.32"/>
        <vehicle id="cfm_slow_3" eclass="HBEFA3/PC_G_EU4" CO2="14425.76" CO="498.82" HC="2.67" NOx="5.70" PMx="0.47" fuel="6.20" electricity="0.00" noise="81.11" route="routebottom" type="cfm_slow" waiting="0.00" lane="bottom_0" pos="25.17" speed="46.95" angle="49.20" x="110.09" y="17.74"/>
        <vehicle id="cfm_slow_4" eclass="HBEFA3/PC_G_EU4" CO2="14425.76" CO="498.82" HC="2.67" NOx="5.70" PMx="0.47" fuel="6.20" electricity="0.00" noise="81.11" route="routebottom" type="cfm_slow" waiting="0.00" lane="right_0" pos="15.17" speed="46.95" angle="337.11" x="121.68" y="93.64"/>
    </timestep>
    <timestep time="8.00">
        <vehicle id="cfm_slow_0" eclass="HBEFA3/PC_G_EU4" CO2="14420.69" CO="498.72" HC="2.67" NOx="5.70" PMx="0.47" fuel="6.20" electricity="0.00" noise="81.11" route="routetop" type="cfm_slow" waiting="0.00" lane="top_0" pos="5.64" speed="46.95" angle="264.35" x="52.12" y="127.94"/>
        <vehicle id="cfm_slow_1" eclass="HBEFA3/PC_G_EU4" CO2="14420.69" CO="498.72" HC="2.67" NOx="5.70" PMx="0.47" fuel="6.20" electricity="0.00" noise="81.11" route="routetop" type="cfm_slow" waiting="0.00" lane="top_0" pos="45.64" speed="46.95" angle="192.38" x="-1.03" y="72.59"/>
        <vehicle id="cfm_slow_2" eclass="HBEFA3/PC_G_EU4" CO2="14420.69" CO="498.72" HC="2.67" NOx="5.70" PMx="0.47" fuel="6.20" electricity="0.00" noise="81.11" route="routetop" type="cfm_slow" waiting="0.00" lane="left_0" pos="35.64" speed="46.95" angle="120.40" x="35.18" y="4.89"/>
        <vehicle id="cfm_slow_3" eclass="HBEFA3/PC_G_EU4" CO2="14420.69" CO="498.72" HC="2.67" NOx="5.70" PMx="0.47" fuel="6.20" electricity="0.00" noise="81.11" route="routebottom" type="cfm_slow" waiting="0.00" lane="bottom_0" pos="25.64" speed="46.95" angle="48.37" x="110.76" y="18.42"/>
        <vehicle id="cfm_slow_4" eclass="HBEFA3/PC_G_EU4" CO2="14420.69" CO="498.72" HC="2.67" NOx="5.70" PMx="0.47" fuel="6.20" electricity="0.00" noise="81.11" route="routebottom" type="cfm_slow" waiting="0.00" lane="right_0" pos="15.64" speed="46.95" angle="336.33" x="121.23" y="94.49"/>
    </timestep>
    <timestep time="8.01">
        <vehicle id="cfm_slow_0" eclass="HBEFA3/PC_G_EU4" CO2="14415.66" CO="498.63" HC="2.67" NOx="5.69" PMx="0.47" fuel="6.20" electricity="0.00" noise="81.11" route="routetop" type="cfm_slow" waiting="0.00" lane="top_0" pos="6.11" speed="46.95" angle="263.48" x="51.17" y="127.76"/>
        <vehicle id="cfm_slow_1" eclass="HBEFA3/PC_G_EU4" CO2="14415.66" CO="498.63" HC="2.67" NOx="5.69" PMx="0.47" fuel="6.20" electricity="0.00" noise="81.11" route="routetop" type="cfm_slow" waiting="0.00" lane="top_0" pos="46.11" speed="46.95" angle="191.56" x="-1.16" y="71.64"/>
        <vehicle id="cfm_slow_2" eclass="HBEFA3/PC_G_EU4" CO2="14415.66" CO="498.63" HC="2.67" NOx="5.69" PMx="0.47" fuel="6.20" electricity="0.00" noise="81.11" route="routetop" type="cfm_slow" waiting="0.00" lane="left_0" pos="36.11" speed="46.95" angle="119.58" x="36.05" y="4.47"/>
        <vehicle id="cfm_slow_3" eclass="HBEFA3/PC_G_EU4" CO2="14415.66" CO="498.63" HC="2.67" NOx="5.69" PMx="0.47" fuel="6.20" electricity="0.00" noise="81.11" route="routebottom" type="cfm_slow" waiting="0.00" lane="bottom_0" pos="26.11" speed="46.95" angle="47.52" x="111.42" y="19.13"/>
        <vehicle id="cfm_slow_4" eclass="HBEFA3/PC_G_EU4" CO2="14415.66" CO="498.63" HC="2.67" NOx="5.69" PMx="0.47" fuel="6.20" electricity="0.00" noise="81.11" route="routebottom" type="cfm_slow" waiting="0.00" lane="right_0" pos="16.11" speed="46.95" angle="335.49" x="120.77" y="95.33"/>
    </timestep>
    <timestep time="8.02">
        <vehicle id="cfm_slow_0" eclass="HBEFA3/PC_G_EU4" CO2="14410.68" CO="498.54" HC="2.67" NOx="5.69" PMx="0.47" fuel="6.19" electricity="0.00" noise="81.11" route="routetop" type="cfm_slow" waiting="0.00" lane="top_0" pos="6.58" speed="46.95" angle="262.66" x="50.23" y="127.57"/>
        <vehicle id="cfm_slow_1" eclass="HBEFA3/PC_G_EU4" CO2="14410.68" CO="498.54" HC="2.67" NOx="5.69" PMx="0.47" fuel="6.19" electricity="0.00" noise="81.11" route="routetop" type="cfm_slow" waiting="0.00" lane="top_0" pos="46.58" speed="46.95" angle="190.71" x="-1.26" y="70.68"/>
        <vehicle id="cfm_slow_2" eclass="HBEFA3/PC_G_EU4" CO2="14410.68" CO="498.54" HC="2.67" NOx="5.69" PMx="0.47" fuel="6.19" electricity="0.00" noise="81.11" route="routetop" type="cfm_slow" waiting="0.00" lane="left_0" pos="36.58" speed="46.95" angle="118.68" x="36.93" y="4.08"/>
        <vehicle id="cfm_slow_3" eclass="HBEFA3/PC_G_EU4" CO2="14410.68" CO="498.54" HC="2.67" NOx="5.69" PMx="0.47" fuel="6.19" electricity="0.00" noise="81.11" route="routebottom" type="cfm_slow" waiting="0.00" lane="bottom_0" pos="26.58" speed="46.95" angle="46.66" x="112.07" y="19.84"/>
        <vehicle id="cfm_slow_4" eclass="HBEFA3/PC_G_EU4" CO2="14410.68" CO="498.54" HC="2.67" NOx="5.69" PMx="0.47" fuel="6.19" electricity="0.00" noise="81.11" route="routebottom" type="cfm_slow" waiting="0.00" lane="right_0" pos="16.58" speed="46.95" angle="334.67" x="120.30" y="96.17"/>
    </timestep>
    <timestep time="8.03">
        <vehicle id="cfm_slow_0" eclass="HBEFA3/PC_G_EU4" CO2="14405.74" CO="498.45" HC="2.67" NOx="5.69" PMx="0.47" fuel="6.19" electricity="0.00" noise="81.11" route="routetop" type="cfm_slow" waiting="0.00" lane="top_0" pos="7.05" speed="46.95" angle="261.75" x="49.29" y="127.36"/>
        <vehicle id="cfm_slow_1" eclass="HBEFA3/PC_G_EU4" CO2="14405.74" CO="498.45" HC="2.67" NOx="5.69" PMx="0.47" fuel="6.19" electricity="0.00" noise="81.11" route="routetop" type="cfm_slow" waiting="0.00" lane="top_0" pos="47.05" speed="46.95" angle="189.83" x="-1.36" y="69.72"/>
        <vehicle id="cfm_slow_2" eclass="HBEFA3/PC_G_EU4" CO2="14405.74" CO="498.45" HC="2.67" NOx="5.69" PMx="0.47" fuel="6.19" electricity="0.00" noise="81.11" route="routetop" type="cfm_slow" waiting="0.00" lane="left_0" pos="37.05" speed="46.95" angle="117.79" x="37.81" y="3.69"/>
        <vehicle id="cfm_slow_3" eclass="HBEFA3/PC_G_EU4" CO2="14405.74" CO="498.45" HC="2.67" NOx="5.69" PMx="0.47" fuel="6.19" electricity="0.00" noise="81.11" route="routebottom" type="cfm_slow" waiting="0.00" lane="bottom_0" pos="27.05" speed="46.95" angle="45.86" x="112.72" y="20.55"/>
        <vehicle id="cfm_slow_4" eclass="HBEFA3/PC_G_EU4" CO2="14405.74" CO="498.45" HC="2.67" NOx="5.69" PMx="0.47" fuel="6.19" electricity="0.00" noise="81.11" route="routebottom" type="cfm_slow" waiting="0.00" lane="right_0" pos="17.05" speed="46.95" angle="333.84" x="119.81" y="97.00"/>
    </timestep>
    <timestep time="8.04">
        <vehicle id="cfm_slow_0" eclass="HBEFA3/PC_G_EU4" CO2="14400.85" CO="498.36" HC="2.66" NOx="5.69" PMx="0.47" fuel="6.19" electricity="0.00" noise="81.10" route="routetop" type="cfm_slow" waiting="0.00" lane="top_0" pos="7.52" speed="46.95" angle="260.85" x="48.35" y="127.14"/>
        <vehicle id="cfm_slow_1" eclass="HBEFA3/PC_G_EU4" CO2="14400.85" CO="498.36" HC="2.66" NOx="5.69" PMx="0.47" fuel="6.19" electricity="0.00" noise="81.10" route="routetop" type="cfm_slow" waiting="0.00" lane="top_0" pos="47.52" speed="46.95" angle="189.01" x="-1.45" y="68.77"/>
        <vehicle id="cfm_slow_2" eclass="HBEFA3/PC_G_EU4" CO2="14400.85" CO="498.36" HC="2.66" NOx="5.69" PMx="0.47" fuel="6.19" electricity="0.00" noise="81.10" route="routetop" type="cfm_slow" waiting="0.00" lane="left_0" pos="37.52" speed="46.95" angle="116.97" x="38.70" y="3.32"/>
        <vehicle id="cfm_slow_3" eclass="HBEFA3/PC_G_EU4" CO2="14400.85" CO="498.36" HC="2.66" NOx="5.69" PMx="0.47" fuel="6.19" electricity="0.00" noise="81.10" route="routebottom" type="cfm_slow" waiting="0.00" lane="bottom_0" pos="27.52" speed="46.95" angle="44.96" x="113.34" y="21.29"/>
        <vehicle id="cfm_slow_4" eclass="HBEFA3/PC_G_EU4" CO2="14400.85" CO="498.36" HC="2.66" NOx="5.69" PMx="0.47" fuel="6.19" electricity="0.00" noise="81.10" route="routebottom" type="cfm_slow" waiting="0.00" lane="right_0" pos="17.52" speed="46.95" angle="332.96" x="119.31" y="97.83"/>
    </timestep>
    <timestep time="8.05">
        <vehicle id="cfm_slow_0" eclass="HBEFA3/PC_G_EU4" CO2="14396.01" CO="498.27" HC="2.66" NOx="5.68" PMx="0.47" fuel="6.19" electricity="0.00" noise="81.10" route="routetop" type="cfm_slow" waiting="0.00" lane="top_0" pos="7.99" speed="46.95" angle="260.06" x="47.42" y="126.91"/>
        <vehicle id="cfm_slow_1" eclass="HBEFA3/PC_G_EU4" CO2="14396.01" CO="498.27" HC="2.66" NOx="5.68" PMx="0.47" fuel="6.19" electricity="0.00" noise="81.10" route="routetop" type="cfm_slow" waiting="0.00" lane="top_0" pos="47.99" speed="46.95" angle="188.15" x="-1.51" y="67.81"/>
        <vehicle id="cfm_slow_2" eclass="HBEFA3/PC_G_EU4" CO2="14396.01" CO="498.27" HC="2.66" NOx="5.68" PMx="0.47" fuel="6.19" electricity="0.00" noise="81.10" route="routetop" type="cfm_slow" waiting="0.00" lane="left_0" pos="37.99" speed="46.95" angle="116.10" x="39.59" y="2.96"/>
        <vehicle id="cfm_slow_3" eclass="HBEFA3/PC_G_EU4" CO2="14396.01" CO="498.27" HC="2.66" NOx="5.68" PMx="0.47" fuel="6.19" electricity="0.00" noise="81.10" route="routebottom" type="cfm_slow" waiting="0.00" lane="bottom_0" pos="27.99" speed="46.95" angle="44.07" x="113.96" y="22.02"/>
        <vehicle id="cfm_slow_4" eclass="HBEFA3/PC_G_EU4" CO2="14396.01" CO="498.27" HC="2.66" NOx="5.68" PMx="0.47" fuel="6.19" electricity="0.00" noise="81.10" route="routebottom" type="cfm_slow" waiting="0.00" lane="right_0" pos="17.99" speed="46.95" angle="332.16" x="118.82" y="98.65"/>
    </timestep>
    <timestep time="8.06">
        <vehicle id="cfm_slow_0" eclass="HBEFA3/PC_G_EU4" CO2="14391.20" CO="498.18" HC="2.66" NOx="5.68" PMx="0.47" fuel="6.19" electricity="0.00" noise="81.10" route="routetop" type="cfm_slow" waiting="0.00" lane="top_0" pos="8.46" speed="46.95" angle="259.22" x="46.49" y="126.66"/>
        <vehicle id="cfm_slow_1" eclass="HBEFA3/PC_G_EU4" CO2="14391.20" CO="498.18" HC="2.66" NOx="5.68" PMx="0.47" fuel="6.19" electricity="0.00" noise="81.10" route="routetop" type="cfm_slow" waiting="0.00" lane="top_0" pos="48.46" speed="46.95" angle="187.29" x="-1.57" y="66.84"/>
        <vehicle id="cfm_slow_2" eclass="HBEFA3/PC_G_EU4" CO2="14391.20" CO="498.18" HC="2.66" NOx="5.68" PMx="0.47" fuel="6.19" electricity="0.00" noise="81.10" route="routetop" type="cfm_slow" waiting="0.00" lane="left_0" pos="38.46" speed="46.95" angle="115.27" x="40.49" y="2.61"/>
        <vehicle id="cfm_slow_3" eclass="HBEFA3/PC_G_EU4" CO2="14391.20" CO="498.18" HC="2.66" NOx="5.68" PMx="0.47" fuel="6.19" electricity="0.00" noise="81.10" route="routebottom" type="cfm_slow" waiting="0.00" lane="bottom_0" pos="28.46" speed="46.95" angle="43.25" x="114.57" y="22.77"/>
        <vehicle id="cfm_slow_4" eclass="HBEFA3/PC_G_EU4" CO2="14391.20" CO="498.18" HC="2.66" NOx="5.68" PMx="0.47" fuel="6.19" electricity="0.00" noise="81.10" route="routebottom" type="cfm_slow" waiting="0.00" lane="right_0" pos="18.46" speed="46.95" angle="331.27" x="118.28" y="99.45"/>
    </timestep>
    <timestep time="8.07">
        <vehicle id="cfm_slow_0" eclass="HBEFA3/PC_G_EU4" CO2="14386.44" CO="498.09" HC="2.66" NOx="5.68" PMx="0.47" fuel="6.18" electricity="0.00" noise="81.10" route="routetop" type="cfm_slow" waiting="0.00" lane="top_0" pos="8.93" speed="46.95" angle="258.43" x="45.56" y="126.42"/>
        <vehicle id="cfm_slow_1" eclass="HBEFA3/PC_G_EU4" CO2="14386.44" CO="498.09" HC="2.66" NOx="5.68" PMx="0.47" fuel="6.18" electricity="0.00" noise="81.10" route="routetop" type="cfm_slow" waiting="0.00" lane="top_0" pos="48.93" speed="46.95" angle="186.47" x="-1.61" y="65.88"/>
        <vehicle id="cfm_slow_2" eclass="HBEFA3/PC_G_EU4" CO2="14386.44" CO="498.09" HC="2.66" NOx="5.68" PMx="0.47" fuel="6.18" electricity="0.00" noise="81.10" route="routetop" type="cfm_slow" waiting="0.00" lane="left_0" pos="38.93" speed="46.95" angle="114.41" x="41.39" y="2.28"/>
        <vehicle id="cfm_slow_3" eclass="HBEFA3/PC_G_EU4" CO2="14386.44" CO="498.09" HC="2.66" NOx="5.68" PMx="0.47" fuel="6.18" electricity="0.00" noise="81.10" route="routebottom" type="cfm_slow" waiting="0.00" lane="bottom_0" pos="28.93" speed="46.95" angle="42.38" x="115.16" y="23.53"/>
        <vehicle id="cfm_slow_4" eclass="HBEFA3/PC_G_EU4" CO2="14386.44" CO="498.09" HC="2.66" NOx="5.68" PMx="0.47" fuel="6.18" electricity="0.00" noise="81.10" route="routebottom" type="cfm_slow" waiting="0.00" lane="right_0" pos="18.93" speed="46.95" angle="330.38" x="117.75" y="100.25"/>
    </timestep>
    <timestep time="8.08">
        <vehicle id="cfm_slow_0" eclass="HBEFA3/PC_G_EU4" CO2="14381.73" CO="498.00" HC="2.66" NOx="5.68" PMx="0.47" fuel="6.18" electricity="0.00" noise="81.10" route="routetop" type="cfm_slow" waiting="0.00" lane="top_0" pos="9.40" speed="46.95" angle="257.59" x="44.64" y="126.13"/>
        <vehicle id="cfm_slow_1" eclass="HBEFA3/PC_G_EU4" CO2="14381.73" CO="498.00" HC="2.66" NOx="5.68" PMx="0.47" fuel="6.18" electricity="0.00" noise="81.10" route="routetop" type="cfm_slow" waiting="0.00" lane="top_0" pos="49.40" speed="46.95" angle="185.59" x="-1.63" y="64.92"/>
        <vehicle id="cfm_slow_2" eclass="HBEFA3/PC_G_EU4" CO2="14381.73" CO="498.00" HC="2.66" NOx="5.68" PMx="0.47" fuel="6.18" electricity="0.00" noise="81.10" route="routetop" type="cfm_slow" waiting="0.00" lane="left_0" pos="39.40" speed="46.95" angle="113.54" x="42.30" y="1.96"/>
        <vehicle id="cfm_slow_3" eclass="HBEFA3/PC_G_EU4" CO2="14381.73" CO="498.00" HC="2.66" NOx="5.68" PMx="0.47" fuel="6.18" electricity="0.00" noise="81.10" route="routebottom" type="cfm_slow" waiting="0.00" lane="bottom_0" pos="29.40" speed="46.95" angle="41.53" x="115.76" y="24.28"/>
        <vehicle id="cfm_slow_4" eclass="HBEFA3/PC_G_EU4" CO2="14381.73" CO="498.00" HC="2.66" NOx="5.68" PMx="0.47" fuel="6.18" electricity="0.00" noise="81.10" route="routebottom" type="cfm_slow" waiting="0.00" lane="right_0" pos="19.40" speed="46.95" angle="329.56" x="117.20" y="101.05"/>
    </timestep>
    <timestep time="8.09">
        <vehicle id="cfm_slow_0" eclass="HBEFA3/PC_G_EU4" CO2="14377.05" CO="497.91" HC="2.66" NOx="5.68" PMx="0.47" fuel="6.18" electricity="0.00" noise="81.10" route="routetop" type="cfm_slow" waiting="0.00" lane="top_0" pos="9.87" speed="46.95" angle="256.73" x="43.72" y="125.85"/>
        <vehicle id="cfm_slow_1" eclass="HBEFA3/PC_G_EU4" CO2="14377.05" CO="497.91" HC="2.66" NOx="5.68" PMx="0.47" fuel="6.18" electricity="0.00" noise="81.10" route="routetop" type="cfm_slow" waiting="0.00" lane="top_0" pos="49.87" speed="46.95" angle="184.70" x="-1.64" y="63.96"/>
        <vehicle id="cfm_slow_2" eclass="HBEFA3/PC_G_EU4" CO2="14377.05" CO="497.91" HC="2.66" NOx="5.68" PMx="0.47" fuel="6.18" electricity="0.00" noise="81.10" route="routetop" type="cfm_slow" waiting="0.00" lane="left_0" pos="39.87" speed="46.95" angle="112.74" x="43.21" y="1.64"/>
        <vehicle id="cfm_slow_3" eclass="HBEFA3/PC_G_EU4" CO2="14377.05" CO="497.91" HC="2.66" NOx="5.68" PMx="0.47" fuel="6.18" electricity="0.00" noise="81.10" route="routebottom" type="cfm_slow" waiting="0.00" lane="bottom_0" pos="29.87" speed="46.95" angle="40.72" x="116.33" y="25.06"/>
        <vehicle id="cfm_slow_4" eclass="HBEFA3/PC_G_EU4" CO2="14377.05" CO="497.91" HC="2.66" NOx="5.68" PMx="0.47" fuel="6.18" electricity="0.00" noise="81.10" route="routebottom" type="cfm_slow" waiting="0.00" lane="right_0" pos="19.87" speed="46.95" angle="328.69" x="116.64" y="101.83"/>
    </timestep>
    <timestep time="8.10">
        <vehicle id="cfm_slow_0" eclass="HBEFA3/PC_G_EU4" CO2="14372.42" CO="497.83" HC="2.66" NOx="5.67" PMx="0.47" fuel="6.18" electricity="0.00" noise="81.10" route="routetop" type="cfm_slow" waiting="0.00" lane="top_0" pos="10.34" speed="46.95" angle="255.91" x="42.80" y="125.55"/>
        <vehicle id="cfm_slow_1" eclass="HBEFA3/PC_G_EU4" CO2="14372.42" CO="497.83" HC="2.66" NOx="5.67" PMx="0.47" fuel="6.18" electricity="0.00" noise="81.10" route="routetop" type="cfm_slow" waiting="0.00" lane="left_0" pos="0.34" speed="46.95" angle="183.87" x="-1.64" y="62.93"/>
        <vehicle id="cfm_slow_2" eclass="HBEFA3/PC_G_EU4" CO2="14372.42" CO="497.83" HC="2.66" NOx="5.67" PMx="0.47" fuel="6.18" electricity="0.00" noise="81.10" route="routetop" type="cfm_slow" waiting="0.00" lane="left_0" pos="40.34" speed="46.95" angle="111.87" x="44.13" y="1.35"/>
        <vehicle id="cfm_slow_3" eclass="HBEFA3/PC_G_EU4" CO2="14372.42" CO="497.83" HC="2.66" NOx="5.67" PMx="0.47" fuel="6.18" electricity="0.00" noise="81.10" route="routebottom" type="cfm_slow" waiting="0.00" lane="bottom_0" pos="30.34" speed="46.95" angle="39.88" x="116.89" y="25.84"/>
        <vehicle id="cfm_slow_4" eclass="HBEFA3/PC_G_EU4" CO2="14372.42" CO="497.83" HC="2.66" NOx="5.67" PMx="0.47" fuel="6.18" electricity="0.00" noise="81.10" route="routebottom" type="cfm_slow" waiting="0.00" lane="right_0" pos="20.34" speed="46.95" angle="327.81" x="116.07" y="102.61"/>
    </timestep>
    <timestep time="8.11">
        <vehicle id="cfm_slow_0" eclass="HBEFA3/PC_G_EU4" CO2="14367.84" CO="497.74" HC="2.66" NOx="5.67" PMx="0.47" fuel="6.18" electricity="0.00" noise="81.10" route="routetop" type="cfm_slow" waiting="0.00" lane="top_0" pos="10.81" speed="46.95" angle="255.00" x="41.90" y="125.22"/>
        <vehicle id="cfm_slow_1" eclass="HBEFA3/PC_G_EU4" CO2="14367.84" CO="497.74" HC="2.66" NOx="5.67" PMx="0.47" fuel="6.18" electricity="0.00" noise="81.10" route="routetop" type="cfm_slow" waiting="0.00" lane="left_0" pos="0.81" speed="46.95" angle="183.01" x="-1.62" y="61.97"/>
        <vehicle id="cfm_slow_2" eclass="HBEFA3/PC_G_EU4" CO2="14367.84" CO="497.74" HC="2.66" NOx="5.67" PMx="0.47" fuel="6.18" electricity="0.00" noise="81.10" route="routetop" type="cfm_slow" waiting="0.00" lane="left_0" pos="40.81" speed="46.95" angle="111.00" x="45.05" y="1.07"/>
        <vehicle id="cfm_slow_3" eclass="HBEFA3/PC_G_EU4" CO2="14367.84" CO="497.74" HC="2.66" NOx="5.67" PMx="0.47" fuel="6.18" electricity="0.00" noise="81.10" route="routebottom" type="cfm_slow" waiting="0.00" lane="bottom_0" pos="30.81" speed="46.95" angle="39.09" x="117.45" y="26.62"/>
        <vehicle id="cfm_slow_4" eclass="HBEFA3/PC_G_EU4" CO2="14367.84" CO="497.74" HC="2.66" NOx="5.67" PMx="0.47" fuel="6.18" electricity="0.00" noise="81.10" route="routebottom" type="cfm_slow" waiting="0.00" lane="right_0" pos="20.81" speed="46.95" angle="327.01" x="115.49" y="103.37"/>
    </timestep>
    <timestep time="8.12">
        <vehicle id="cfm_slow_0" eclass="HBEFA3/PC_G_EU4" CO2="14363.29" CO="497.66" HC="2.66" NOx="5.67" PMx="0.47" fuel="6.17" electricity="0.00" noise="81.10" route="routetop" type="cfm_slow" waiting="0.00" lane="top_0" pos="11.28" speed="46.95" angle="254.09" x="40.99" y="124.90"/>
        <vehicle id="cfm_slow_1" eclass="HBEFA3/PC_G_EU4" CO2="14363.29" CO="497.66" HC="2.66" NOx="5.67" PMx="0.47" fuel="6.17" electricity="0.00" noise="81.10" route="routetop" type="cfm_slow" waiting="0.00" lane="left_0" pos="1.28" speed="46.95" angle="182.20" x="-1.60" y="61.01"/>
        <vehicle id="cfm_slow_2" eclass="HBEFA3/PC_G_EU4" CO2="14363.29" CO="497.66" HC="2.66" NOx="5.67" PMx="0.47" fuel="6.17" electricity="0.00" noise="81.10" route="routetop" type="cfm_slow" waiting="0.00" lane="left_0" pos="41.28" speed="46.95" angle="110.19" x="45.97" y="0.80"/>
        <vehicle id="cfm_slow_3" eclass="HBEFA3/PC_G_EU4" CO2="14363.29" CO="497.66" HC="2.66" NOx="5.67" PMx="0.47" fuel="6.17" electricity="0.00" noise="81.10" route="routebottom" type="cfm_slow" waiting="0.00" lane="bottom_0" pos="31.28" speed="46.95" angle="38.23" x="117.99" y="27.42"/>
        <vehicle id="cfm_slow_4" eclass="HBEFA3/PC_G_EU4" CO2="14363.29" CO="497.66" HC="2.66" NOx="5.67" PMx="0.47" fuel="6.17" electricity="0.00" noise="81.10" route="routebottom" type="cfm_slow" waiting="0.00" lane="right_0" pos="21.28" speed="46.95" angle="326.15" x="114.90" y="104.13"/>
    </timestep>
    <timestep time="8.13">
        <vehicle id="cfm_slow_0" eclass="HBEFA3/PC_G_EU4" CO2="14358.78" CO="497.57" HC="2.66" NOx="5.67" PMx="0.47" fuel="6.17" electricity="0.00" noise="81.10" route="routetop" type="cfm_slow" waiting="0.00" lane="top_0" pos="11.75" speed="46.95" angle="253.28" x="40.09" y="124.55"/>
        <vehicle id="cfm_slow_1" eclass="HBEFA3/PC_G_EU4" CO2="14358.78" CO="497.57" HC="2.66" NOx="5.67" PMx="0.47" fuel="6.17" electricity="0.00" noise="81.10" route="routetop" type="cfm_slow" waiting="0.00" lane="left_0" pos="1.75" speed="46.95" angle="181.35" x="-1.54" y="60.05"/>
        <vehicle id="cfm_slow_2" eclass="HBEFA3/PC_G_EU4" CO2="14358.78" CO="497.57" HC="2.66" NOx="5.67" PMx="0.47" fuel="6.17" electricity="0.00" noise="81.10" route="routetop" type="cfm_slow" waiting="0.00" lane="left_0" pos="41.75" speed="46.95" angle="109.33" x="46.90" y="0.55"/>
        <vehicle id="cfm_slow_3" eclass="HBEFA3/PC_G_EU4" CO2="14358.78" CO="497.57" HC="2.66" NOx="5.67" PMx="0.47" fuel="6.17" electricity="0.00" noise="81.10" route="routebottom" type="cfm_slow" waiting="0.00" lane="bottom_0" pos="31.75" speed="46.95" angle="37.37" x="118.52" y="28.22"/>
        <vehicle id="cfm_slow_4" eclass="HBEFA3/PC_G_EU4" CO2="14358.78" CO="497.57" HC="2.66" NOx="5.67" PMx="0.47" fuel="6.17" electricity="0.00" noise="81.10" route="routebottom" type="cfm_slow" waiting="0.00" lane="right_0" pos="21.75" speed="46.95" angle="325.32" x="114.30" y="104.89"/>
    </timestep>
    <timestep time="8.14">
        <vehicle id="cfm_slow_0" eclass="HBEFA3/PC_G_EU4" CO2="14354.32" CO="497.49" HC="2.66" NOx="5.66" PMx="0.47" fuel="6.17" electricity="0.00" noise="81.10" route="routetop" type="cfm_slow" waiting="0.00" lane="top_0" pos="12.22" speed="46.95" angle="252.46" x="39.20" y="124.20"/>
        <vehicle id="cfm_slow_1" eclass="HBEFA3/PC_G_EU4" CO2="14354.32" CO="497.49" HC="2.66" NOx="5.66" PMx="0.47" fuel="6.17" electricity="0.00" noise="81.10" route="routetop" type="cfm_slow" waiting="0.00" lane="left_0" pos="2.22" speed="46.95" angle="180.49" x="-1.48" y="59.09"/>
        <vehicle id="cfm_slow_2" eclass="HBEFA3/PC_G_EU4" CO2="14354.32" CO="497.49" HC="2.66" NOx="5.66" PMx="0.47" fuel="6.17" electricity="0.00" noise="81.10" route="routetop" type="cfm_slow" waiting="0.00" lane="left_0" pos="42.22" speed="46.95" angle="108.49" x="47.83" y="0.30"/>
        <vehicle id="cfm_slow_3" eclass="HBEFA3/PC_G_EU4" CO2="14354.32" CO="497.49" HC="2.66" NOx="5.66" PMx="0.47" fuel="6.17" electricity="0.00" noise="81.10" route="routebottom" type="cfm_slow" waiting="0.00" lane="bottom_0" pos="32.22" speed="46.95" angle="36.57" x="119.04" y="29.03"/>
        <vehicle id="cfm_slow_4" eclass="HBEFA3/PC_G_EU4" CO2="14354.32" CO="497.49" HC="2.66" NOx="5.66" PMx="0.47" fuel="6.17" electricity="0.00" noise="81.10" route="routebottom" type="cfm_slow" waiting="0.00" lane="right_0" pos="22.22" speed="46.95" angle="324.49" x="113.69" y="105.63"/>
    </timestep>
    <timestep time="8.15">
        <vehicle id="cfm_slow_0" eclass="HBEFA3/PC_G_EU4" CO2="14349.89" CO="497.41" HC="2.66" NOx="5.66" PMx="0.47" fuel="6.17" electricity="0.00" noise="81.10" route="routetop" type="cfm_slow" waiting="0.00" lane="top_0" pos="12.69" speed="46.95" angle="251.64" x="38.30" y="123.84"/>
        <vehicle id="cfm_slow_1" eclass="HBEFA3/PC_G_EU4" CO2="14349.89" CO="497.41" HC="2.66" NOx="5.66" PMx="0.47" fuel="6.17" electricity="0.00" noise="81.10" route="routetop" type="cfm_slow" waiting="0.00" lane="left_0" pos="2.69" speed="46.95" angle="179.68" x="-1.41" y="58.13"/>
        <vehicle id="cfm_slow_2" eclass="HBEFA3/PC_G_EU4" CO2="14349.89" CO="497.41" HC="2.66" NOx="5.66" PMx="0.47" fuel="6.17" electricity="0.00" noise="81.10" route="routetop" type="cfm_slow" waiting="0.00" lane="left_0" pos="42.69" speed="46.95" angle="107.69" x="48.77" y="0.08"/>
        <vehicle id="cfm_slow_3" eclass="HBEFA3/PC_G_EU4" CO2="14349.89" CO="497.41" HC="2.66" NOx="5.66" PMx="0.47" fuel="6.17" electricity="0.00" noise="81.10" route="routebottom" type="cfm_slow" waiting="0.00" lane="bottom_0" pos="32.69" speed="46.95" angle="35.69" x="119.53" y="29.86"/>
        <vehicle id="cfm_slow_4" eclass="HBEFA3/PC_G_EU4" CO2="14349.89" CO="497.41" HC="2.66" NOx="5.66" PMx="0.47" fuel="6.17" electricity="0.00" noise="81.10" route="routebottom" type="cfm_slow" waiting="0.00" lane="right_0" pos="22.69" speed="46.95" angle="323.63" x="113.07" y="106.37"/>
    </timestep>
    <timestep time="8.16">
        <vehicle id="cfm_slow_0" eclass="HBEFA3/PC_G_EU4" CO2="14345.51" CO="497.33" HC="2.66" NOx="5.66" PMx="0.47" fuel="6.17" electricity="0.00" noise="81.10" route="routetop" type="cfm_slow" waiting="0.00" lane="top_0" pos="13.16" speed="46.95" angle="250.82" x="37.42" y="123.46"/>
        <vehicle id="cfm_slow_1" eclass="HBEFA3/PC_G_EU4" CO2="14345.51" CO="497.33" HC="2.66" NOx="5.66" PMx="0.47" fuel="6.17" electricity="0.00" noise="81.10" route="routetop" type="cfm_slow" waiting="0.00" lane="left_0" pos="3.16" speed="46.95" angle="178.83" x="-1.32" y="57.17"/>
        <vehicle id="cfm_slow_2" eclass="HBEFA3/PC_G_EU4" CO2="14345.51" CO="497.33" HC="2.66" NOx="5.66" PMx="0.47" fuel="6.17" electricity="0.00" noise="81.10" route="routetop" type="cfm_slow" waiting="0.00" lane="left_0" pos="43.16" speed="46.95" angle="106.85" x="49.71" y="-0.13"/>
        <vehicle id="cfm_slow_3" eclass="HBEFA3/PC_G_EU4" CO2="14345.51" CO="497.33" HC="2.66" NOx="5.66" PMx="0.47" fuel="6.17" electricity="0.00" noise="81.10" route="routebottom" type="cfm_slow" waiting="0.00" lane="bottom_0" pos="33.16" speed="46.95" angle="34.81" x="120.03" y="30.69"/>
        <vehicle id="cfm_slow_4" eclass="HBEFA3/PC_G_EU4" CO2="14345.51" CO="497.33" HC="2.66" NOx="5.66" PMx="0.47" fuel="6.17" electricity="0.00" noise="81.10" route="routebottom" type="cfm_slow" waiting="0.00" lane="right_0" pos="23.16" speed="46.95" angle="322.85" x="112.44" y="107.10"/>
    </timestep>
    <timestep time="8.17">
        <vehicle id="cfm_slow_0" eclass="HBEFA3/PC_G_EU4" CO2="14341.16" CO="497.25" HC="2.66" NOx="5.66" PMx="0.47" fuel="6.16" electricity="0.00" noise="81.10" route="routetop" type="cfm_slow" waiting="0.00" lane="top_0" pos="13.63" speed="46.96" angle="249.94" x="36.54" y="123.06"/>
        <vehicle id="cfm_slow_1" eclass="HBEFA3/PC_G_EU4" CO2="14341.16" CO="497.25" HC="2.66" NOx="5.66" PMx="0.47" fuel="6.16" electricity="0.00" noise="81.10" route="routetop" type="cfm_slow" waiting="0.00" lane="left_0" pos="3.63" speed="46.96" angle="177.97" x="-1.22" y="56.21"/>
        <vehicle id="cfm_slow_2" eclass="HBEFA3/PC_G_EU4" CO2="14341.16" CO="497.25" HC="2.66" NOx="5.66" PMx="0.47" fuel="6.16" electricity="0.00" noise="81.10" route="routetop" type="cfm_slow" waiting="0.00" lane="left_0" pos="43.63" speed="46.96" angle="106.05" x="50.65" y="-0.34"/>
        <vehicle id="cfm_slow_3" eclass="HBEFA3/PC_G_EU4" CO2="14341.16" CO="497.25" HC="2.66" NOx="5.66" PMx="0.47" fuel="6.16" electricity="0.00" noise="81.10" route="routebottom" type="cfm_slow" waiting="0.00" lane="bottom_0" pos="33.63" speed="46.96" angle="34.01" x="120.50" y="31.52"/>
        <vehicle id="cfm_slow_4" eclass="HBEFA3/PC_G_EU4" CO2="14341.16" CO="497.25" HC="2.66" NOx="5.66" PMx="0.47" fuel="6.16" electricity="0.00" noise="81.10" route="routebottom" type="cfm_slow" waiting="0.00" lane="right_0" pos="23.63" speed="46.96" angle="321.99" x="111.79" y="107.80"/>
    </timestep>
    <timestep time="8.18">
        <vehicle id="cfm_slow_0" eclass="HBEFA3/PC_G_EU4" CO2="14336.86" CO="497.17" HC="2.66" NOx="5.66" PMx="0.47" fuel="6.16" electricity="0.00" noise="81.10" route="routetop" type="cfm_slow" waiting="0.00" lane="top_0" pos="14.10" speed="46.96" angle="249.13" x="35.66" y="122.67"/>
        <vehicle id="cfm_slow_1" eclass="HBEFA3/PC_G_EU4" CO2="14336.86" CO="497.17" HC="2.66" NOx="5.66" PMx="0.47" fuel="6.16" electricity="0.00" noise="81.10" route="routetop" type="cfm_slow" waiting="0.00" lane="left_0" pos="4.10" speed="46.96" angle="177.16" x="-1.10" y="55.26"/>
        <vehicle id="cfm_slow_2" eclass="HBEFA3/PC_G_EU4" CO2="14336.86" CO="497.17" HC="2.66" NOx="5.66" PMx="0.47" fuel="6.16" electricity="0.00" noise="81.10" route="routetop" type="cfm_slow" waiting="0.00" lane="left_0" pos="44.10" speed="46.96" angle="105.18" x="51.59" y="-0.51"/>
        <vehicle id="cfm_slow_3" eclass="HBEFA3/PC_G_EU4" CO2="14336.86" CO="497.17" HC="2.66" NOx="5.66" PMx="0.47" fuel="6.16" electricity="0.00" noise="81.10" route="routebottom" type="cfm_slow" waiting="0.00" lane="bottom_0" pos="34.10" speed="46.96" angle="33.16" x="120.97" y="32.37"/>
        <vehicle id="cfm_slow_4" eclass="HBEFA3/PC_G_EU4" CO2="14336.86" CO="497.17" HC="2.66" NOx="5.66" PMx="0.47" fuel="6.16" electricity="0.00" noise="81.10" route="routebottom" type="cfm_slow" waiting="0.00" lane="right_0" pos="24.10" speed="46.96" angle="321.13" x="111.13" y="108.51"/>
    </timestep>
    <timestep time="8.19">
        <vehicle id="cfm_slow_0" eclass="HBEFA3/PC_G_EU4" CO2="14332.59" CO="497.09" HC="2.66" NOx="5.65" PMx="0.47" fuel="6.16" electricity="0.00" noise="81.10" route="routetop" type="cfm_slow" waiting="0.00" lane="top_0" pos="14.57" speed="46.96" angle="248.26" x="34.80" y="122.24"/>
        <vehicle id="cfm_slow_1" eclass="HBEFA3/PC_G_EU4" CO2="14332.59" CO="497.09" HC="2.66" NOx="5.65" PMx="0.47" fuel="6.16" electricity="0.00" noise="81.10" route="routetop" type="cfm_slow" waiting="0.00" lane="left_0" pos="4.57" speed="46.96" angle="176.30" x="-0.97" y="54.30"/>
        <vehicle id="cfm_slow_2" eclass="HBEFA3/PC_G_EU4" CO2="14332.59" CO="497.09" HC="2.66" NOx="5.65" PMx="0.47" fuel="6.16" electricity="0.00" noise="81.10" route="routetop" type="cfm_slow" waiting="0.00" lane="left_0" pos="44.57" speed="46.96" angle="104.30" x="52.54" y="-0.69"/>
        <vehicle id="cfm_slow_3" eclass="HBEFA3/PC_G_EU4" CO2="14332.59" CO="497.09" HC="2.66" NOx="5.65" PMx="0.47" fuel="6.16" electricity="0.00" noise="81.10" route="routebottom" type="cfm_slow" waiting="0.00" lane="bottom_0" pos="34.57" speed="46.96" angle="32.34" x="121.44" y="33.21"/>
        <vehicle id="cfm_slow_4" eclass="HBEFA3/PC_G_EU4" CO2="14332.59" CO="497.09" HC="2.66" NOx="5.65" PMx="0.47" fuel="6.16" electricity="0.00" noise="81.10" route="routebottom" type="cfm_slow" waiting="0.00" lane="right_0" pos="24.57" speed="46.96" angle="320.33" x="110.47" y="109.20"/>
    </timestep>
    <timestep time="8.20">
        <vehicle id="cfm_slow_0" eclass="HBEFA3/PC_G_EU4" CO2="14328.36" CO="497.01" HC="2.66" NOx="5.65" PMx="0.47" fuel="6.16" electricity="0.00" noise="81.09" route="routetop" type="cfm_slow" waiting="0.00" lane="top_0" pos="15.03" speed="46.96" angle="247.38" x="33.94" y="121.81"/>
        <vehicle id="cfm_slow_1" eclass="HBEFA3/PC_G_EU4" CO2="14328.36" CO="497.01" HC="2.66" NOx="5.65" PMx="0.47" fuel="6.16" electricity="0.00" noise="81.09" route="routetop" type="cfm_slow" waiting="0.00" lane="left_0" pos="5.03" speed="46.96" angle="175.43" x="-0.83" y="53.35"/>
        <vehicle id="cfm_slow_2" eclass="HBEFA3/PC_G_EU4" CO2="14328.36" CO="497.01" HC="2.66" NOx="5.65" PMx="0.47" fuel="6.16" electricity="0.00" noise="81.09" route="routetop" type="cfm_slow" waiting="0.00" lane="left_0" pos="45.03" speed="46.96" angle="103.50" x="53.49" y="-0.85"/>
        <vehicle id="cfm_slow_3" eclass="HBEFA3/PC_G_EU4" CO2="14328.36" CO="497.01" HC="2.66" NOx="5.65" PMx="0.47" fuel="6.16" electricity="0.00" noise="81.09" route="routebottom" type="cfm_slow" waiting="0.00" lane="bottom_0" pos="35.03" speed="46.96" angle="31.49" x="121.87" y="34.07"/>
        <vehicle id="cfm_slow_4" eclass="HBEFA3/PC_G_EU4" CO2="14328.36" CO="497.01" HC="2.66" NOx="5.65" PMx="0.47" fuel="6.16" electricity="0.00" noise="81.09" route="routebottom" type="cfm_slow" waiting="0.00" lane="right_0" pos="25.03" speed="46.96" angle="319.47" x="109.78" y="109.89"/>
    </timestep>
    <timestep time="8.21">
        <vehicle id="cfm_slow_0" eclass="HBEFA3/PC_G_EU4" CO2="14324.17" CO="496.93" HC="2.66" NOx="5.65" PMx="0.47" fuel="6.16" electricity="0.00" noise="81.09" route="routetop" type="cfm_slow" waiting="0.00" lane="top_0" pos="15.50" speed="46.96" angle="246.59" x="33.08" y="121.37"/>
        <vehicle id="cfm_slow_1" eclass="HBEFA3/PC_G_EU4" CO2="14324.17" CO="496.93" HC="2.66" NOx="5.65" PMx="0.47" fuel="6.16" electricity="0.00" noise="81.09" route="routetop" type="cfm_slow" waiting="0.00" lane="left_0" pos="5.50" speed="46.96" angle="174.59" x="-0.66" y="52.40"/>
        <vehicle id="cfm_slow_2" eclass="HBEFA3/PC_G_EU4" CO2="14324.17" CO="496.93" HC="2.66" NOx="5.65" PMx="0.47" fuel="6.16" electricity="0.00" noise="81.09" route="routetop" type="cfm_slow" waiting="0.00" lane="left_0" pos="45.50" speed="46.96" angle="102.64" x="54.44" y="-0.99"/>
        <vehicle id="cfm_slow_3" eclass="HBEFA3/PC_G_EU4" CO2="14324.17" CO="496.93" HC="2.66" NOx="5.65" PMx="0.47" fuel="6.16" electricity="0.00" noise="81.09" route="routebottom" type="cfm_slow" waiting="0.00" lane="bottom_0" pos="35.50" speed="46.96" angle="30.62" x="122.30" y="34.93"/>
        <vehicle id="cfm_slow_4" eclass="HBEFA3/PC_G_EU4" CO2="14324.17" CO="496.93" HC="2.66" NOx="5.65" PMx="0.47" fuel="6.16" electricity="0.00" noise="81.09" route="routebottom" type="cfm_slow" waiting="0.00" lane="right_0" pos="25.50" speed="46.96" angle="318.61" x="109.10" y="110.57"/>
    </timestep>
    <timestep time="8.22">
        <vehicle id="cfm_slow_0" eclass="HBEFA3/PC_G_EU4" CO2="14320.02" CO="496.86" HC="2.66" NOx="5.65" PMx="0.47" fuel="6.16" electricity="0.00" noise="81.09" route="routetop" type="cfm_slow" waiting="0.00" lane="top_0" pos="15.97" speed="46.96" angle="245.75" x="32.24" y="120.90"/>
        <vehicle id="cfm_slow_1" eclass="HBEFA3/PC_G_EU4" CO2="14320.02" CO="496.86" HC="2.66" NOx="5.65" PMx="0.47" fuel="6.16" electricity="0.00" noise="81.09" route="routetop" type="cfm_slow" waiting="0.00" lane="left_0" pos="5.97" speed="46.96" angle="173.70" x="-0.49" y="51.46"/>
        <vehicle id="cfm_slow_2" eclass="HBEFA3/PC_G_EU4" CO2="14320.02" CO="496.86" HC="2.66" NOx="5.65" PMx="0.47" fuel="6.16" electricity="0.00" noise="81.09" route="routetop" type="cfm_slow" waiting="0.00" lane="left_0" pos="45.97" speed="46.96" angle="101.78" x="55.40" y="-1.12"/>
        <vehicle id="cfm_slow_3" eclass="HBEFA3/PC_G_EU4" CO2="14320.02" CO="496.86" HC="2.66" NOx="5.65" PMx="0.47" fuel="6.16" electricity="0.00" noise="81.09" route="routebottom" type="cfm_slow" waiting="0.00" lane="bottom_0" pos="35.97" speed="46.96" angle="29.80" x="122.73" y="35.79"/>
        <vehicle id="cfm_slow_4" eclass="HBEFA3/PC_G_EU4" CO2="14320.02" CO="496.86" HC="2.66" NOx="5.65" PMx="0.47" fuel="6.16" electricity="0.00" noise="81.09" route="routebottom" type="cfm_slow" waiting="0.00" lane="right_0" pos="25.97" speed="46.96" angle="317.81" x="108.41" y="111.23"/>
    </timestep>
    <timestep time="8.23">
        <vehicle id="cfm_slow_0" eclass="HBEFA3/PC_G_EU4" CO2="14315.91" CO="496.78" HC="2.66" NOx="5.65" PMx="0.47" fuel="6.15" electricity="0.00" noise="81.09" route="routetop" type="cfm_slow" waiting="0.00" lane="top_0" pos="16.44" speed="46.96" angle="244.90" x="31.40" y="120.44"/>
        <vehicle id="cfm_slow_1" eclass="HBEFA3/PC_G_EU4" CO2="14315.91" CO="496.78" HC="2.66" NOx="5.65" PMx="0.47" fuel="6.15" electricity="0.00" noise="81.09" route="routetop" type="cfm_slow" waiting="0.00" lane="left_0" pos="6.44" speed="46.96" angle="172.89" x="-0.31" y="50.51"/>
        <vehicle id="cfm_slow_2" eclass="HBEFA3/PC_G_EU4" CO2="14315.91" CO="496.78" HC="2.66" NOx="5.65" PMx="0.47" fuel="6.15" electricity="0.00" noise="81.09" route="routetop" type="cfm_slow" waiting="0.00" lane="left_0" pos="46.44" speed="46.96" angle="100.97" x="56.35" y="-1.24"/>
        <vehicle id="cfm_slow_3" eclass="HBEFA3/PC_G_EU4" CO2="14315.91" CO="496.78" HC="2.66" NOx="5.65" PMx="0.47" fuel="6.15" electricity="0.00" noise="81.09" route="routebottom" type="cfm_slow" waiting="0.00" lane="bottom_0" pos="36.44" speed="46.96" angle="28.90" x="123.12" y="36.67"/>
        <vehicle id="cfm_slow_4" eclass="HBEFA3/PC_G_EU4" CO2="14315.91" CO="496.78" HC="2.66" NOx="5.65" PMx="0.47" fuel="6.15" electricity="0.00" noise="81.09" route="routebottom" type="cfm_slow" waiting="0.00" lane="right_0" pos="26.44" speed="46.96" angle="316.96" x="107.70" y="111.88"/>
    </timestep>
    <timestep time="8.24">
        <vehicle id="cfm_slow_0" eclass="HBEFA3/PC_G_EU4" CO2="14311.83" CO="496.70" HC="2.65" NOx="5.64" PMx="0.47" fuel="6.15" electricity="0.00" noise="81.09" route="routetop" type="cfm_slow" waiting="0.00" lane="top_0" pos="16.91" speed="46.96" angle="244.09" x="30.57" y="119.95"/>
        <vehicle id="cfm_slow_1" eclass="HBEFA3/PC_G_EU4" CO2="14311.83" CO="496.70" HC="2.65" NOx="5.64" PMx="0.47" fuel="6.15" electricity="0.00" noise="81.09" route="routetop" type="cfm_slow" waiting="0.00" lane="left_0" pos="6.91" speed="46.96" angle="172.02" x="-0.10" y="49.57"/>
        <vehicle id="cfm_slow_2" eclass="HBEFA3/PC_G_EU4" CO2="14311.83" CO="496.70" HC="2.65" NOx="5.64" PMx="0.47" fuel="6.15" electricity="0.00" noise="81.09" route="routetop" type="cfm_slow" waiting="0.00" lane="left_0" pos="46.91" speed="46.96" angle="100.10" x="57.31" y="-1.33"/>
        <vehicle id="cfm_slow_3" eclass="HBEFA3/PC_G_EU4" CO2="14311.83" CO="496.70" HC="2.65" NOx="5.64" PMx="0.47" fuel="6.15" electricity="0.00" noise="81.09" route="routebottom" type="cfm_slow" waiting="0.00" lane="bottom_0" pos="36.91" speed="46.96" angle="28.00" x="123.52" y="37.55"/>
        <vehicle id="cfm_slow_4" eclass="HBEFA3/PC_G_EU4" CO2="14311.83" CO="496.70" HC="2.65" NOx="5.64" PMx="0.47" fuel="6.15" electricity="0.00" noise="81.09" route="routebottom" type="cfm_slow" waiting="0.00" lane="right_0" pos="26.91" speed="46.96" angle="316.15" x="106.99" y="112.54"/>
    </timestep>
    <timestep time="8.25">
        <vehicle id="cfm_slow_0" eclass="HBEFA3/PC_G_EU4" CO2="14307.79" CO="496.63" HC="2.65" NOx="5.64" PMx="0.47" fuel="6.15" electricity="0.00" noise="81.09" route="routetop" type="cfm_slow" waiting="0.00" lane="top_0" pos="17.38" speed="46.96" angle="243.23" x="29.74" y="119.46"/>
        <vehicle id="cfm_slow_1" eclass="HBEFA3/PC_G_EU4" CO2="14307.79" CO="496.63" HC="2.65" NOx="5.64" PMx="0.47" fuel="6.15" electricity="0.00" noise="81.09" route="routetop" type="cfm_slow" waiting="0.00" lane="left_0" pos="7.38" speed="46.96" angle="171.15" x="0.11" y="48.63"/>
        <vehicle id="cfm_slow_2" eclass="HBEFA3/PC_G_EU4" CO2="14307.79" CO="496.63" HC="2.65" NOx="5.64" PMx="0.47" fuel="6.15" electricity="0.00" noise="81.09" route="routetop" type="cfm_slow" waiting="0.00" lane="left_0" pos="47.38" speed="46.96" angle="99.25" x="58.27" y="-1.43"/>
        <vehicle id="cfm_slow_3" eclass="HBEFA3/PC_G_EU4" CO2="14307.79" CO="496.63" HC="2.65" NOx="5.64" PMx="0.47" fuel="6.15" electricity="0.00" noise="81.09" route="routebottom" type="cfm_slow" waiting="0.00" lane="bottom_0" pos="37.38" speed="46.96" angle="27.20" x="123.89" y="38.43"/>
        <vehicle id="cfm_slow_4" eclass="HBEFA3/PC_G_EU4" CO2="14307.79" CO="496.63" HC="2.65" NOx="5.64" PMx="0.47" fuel="6.15" electricity="0.00" noise="81.09" route="routebottom" type="cfm_slow" waiting="0.00" lane="right_0" pos="27.38" speed="46.96" angle="315.23" x="106.26" y="113.16"/>
    </timestep>
    <timestep time="8.26">
        <vehicle id="cfm_slow_0" eclass="HBEFA3/PC_G_EU4" CO2="14303.79" CO="496.55" HC="2.65" NOx="5.64" PMx="0.47" fuel="6.15" electricity="0.00" noise="81.09" route="routetop" type="cfm_slow" waiting="0.00" lane="top_0" pos="17.85" speed="46.96" angle="242.39" x="28.91" y="118.97"/>
        <vehicle id="cfm_slow_1" eclass="HBEFA3/PC_G_EU4" CO2="14303.79" CO="496.55" HC="2.65" NOx="5.64" PMx="0.47" fuel="6.15" electricity="0.00" noise="81.09" route="routetop" type="cfm_slow" waiting="0.00" lane="left_0" pos="7.85" speed="46.96" angle="170.34" x="0.34" y="47.69"/>
        <vehicle id="cfm_slow_2" eclass="HBEFA3/PC_G_EU4" CO2="14303.79" CO="496.55" HC="2.65" NOx="5.64" PMx="0.47" fuel="6.15" electricity="0.00" noise="81.09" route="routetop" type="cfm_slow" waiting="0.00" lane="left_0" pos="47.85" speed="46.96" angle="98.41" x="59.23" y="-1.49"/>
        <vehicle id="cfm_slow_3" eclass="HBEFA3/PC_G_EU4" CO2="14303.79" CO="496.55" HC="2.65" NOx="5.64" PMx="0.47" fuel="6.15" electricity="0.00" noise="81.09" route="routebottom" type="cfm_slow" waiting="0.00" lane="bottom_0" pos="37.85" speed="46.96" angle="26.34" x="124.25" y="39.33"/>
        <vehicle id="cfm_slow_4" eclass="HBEFA3/PC_G_EU4" CO2="14303.79" CO="496.55" HC="2.65" NOx="5.64" PMx="0.47" fuel="6.15" electricity="0.00" noise="81.09" route="routebottom" type="cfm_slow" waiting="0.00" lane="right_0" pos="27.85" speed="46.96" angle="314.31" x="105.52" y="113.78"/>
    </timestep>
    <timestep time="8.27">
        <vehicle id="cfm_slow_0" eclass="HBEFA3/PC_G_EU4" CO2="14299.83" CO="496.48" HC="2.65" NOx="5.64" PMx="0.47" fuel="6.15" electricity="0.00" noise="81.09" route="routetop" type="cfm_slow" waiting="0.00" lane="top_0" pos="18.32" speed="46.96" angle="241.55" x="28.11" y="118.44"/>
        <vehicle id="cfm_slow_1" eclass="HBEFA3/PC_G_EU4" CO2="14299.83" CO="496.48" HC="2.65" NOx="5.64" PMx="0.47" fuel="6.15" electricity="0.00" noise="81.09" route="routetop" type="cfm_slow" waiting="0.00" lane="left_0" pos="8.32" speed="46.96" angle="169.47" x="0.59" y="46.76"/>
        <vehicle id="cfm_slow_2" eclass="HBEFA3/PC_G_EU4" CO2="14299.83" CO="496.48" HC="2.65" NOx="5.64" PMx="0.47" fuel="6.15" electricity="0.00" noise="81.09" route="routetop" type="cfm_slow" waiting="0.00" lane="left_0" pos="48.32" speed="46.96" angle="97.55" x="60.19" y="-1.55"/>
        <vehicle id="cfm_slow_3" eclass="HBEFA3/PC_G_EU4" CO2="14299.83" CO="496.48" HC="2.65" NOx="5.64" PMx="0.47" fuel="6.15" electricity="0.00" noise="81.09" route="routebottom" type="cfm_slow" waiting="0.00" lane="bottom_0" pos="38.32" speed="46.96" angle="25.48" x="124.61" y="40.22"/>
        <vehicle id="cfm_slow_4" eclass="HBEFA3/PC_G_EU4" CO2="14299.83" CO="496.48" HC="2.65" NOx="5.64" PMx="0.47" fuel="6.15" electricity="0.00" noise="81.09" route="routebottom" type="cfm_slow" waiting="0.00" lane="right_0" pos="28.32" speed="46.96" angle="313.47" x="104.78" y="114.39"/>
    </timestep>
    <timestep time="8.28">
        <vehicle id="cfm_slow_0" eclass="HBEFA3/PC_G_EU4" CO2="14295.90" CO="496.41" HC="2.65" NOx="5.64" PMx="0.47" fuel="6.15" electricity="0.00" noise="81.09" route="routetop" type="cfm_slow" waiting="0.00" lane="top_0" pos="18.79" speed="46.96" angle="240.65" x="27.30" y="117.91"/>
        <vehicle id="cfm_slow_1" eclass="HBEFA3/PC_G_EU4" CO2="14295.90" CO="496.41" HC="2.65" NOx="5.64" PMx="0.47" fuel="6.15" electricity="0.00" noise="81.09" route="routetop" type="cfm_slow" waiting="0.00" lane="left_0" pos="8.79" speed="46.96" angle="168.59" x="0.84" y="45.83"/>
        <vehicle id="cfm_slow_2" eclass="HBEFA3/PC_G_EU4" CO2="14295.90" CO="496.41" HC="2.65" NOx="5.64" PMx="0.47" fuel="6.15" electricity="0.00" noise="81.09" route="routetop" type="cfm_slow" waiting="0.00" lane="left_0" pos="48.79" speed="46.96" angle="96.74" x="61.15" y="-1.60"/>
        <vehicle id="cfm_slow_3" eclass="HBEFA3/PC_G_EU4" CO2="14295.90" CO="496.41" HC="2.65" NOx="5.64" PMx="0.47" fuel="6.15" electricity="0.00" noise="81.09" route="routebottom" type="cfm_slow" waiting="0.00" lane="bottom_0" pos="38.79" speed="46.96" angle="24.68" x="124.94" y="41.12"/>
        <vehicle id="cfm_slow_4" eclass="HBEFA3/PC_G_EU4" CO2="14295.90" CO="496.41" HC="2.65" NOx="5.64" PMx="0.47" fuel="6.15" electricity="0.00" noise="81.09" route="routebottom" type="cfm_slow" waiting="0.00" lane="right_0" pos="28.79" speed="46.96" angle="312.62" x="104.02" y="114.99"/>
    </timestep>
    <timestep time="8.29">
        <vehicle id="cfm_slow_0" eclass="HBEFA3/PC_G_EU4" CO2="14292.00" CO="496.34" HC="2.65" NOx="5.64" PMx="0.47" fuel="6.14" electricity="0.00" noise="81.09" route="routetop" type="cfm_slow" waiting="0.00" lane="top_0" pos="19.26" speed="46.96" angle="239.82" x="26.50" y="117.37"/>
        <vehicle id="cfm_slow_1" eclass="HBEFA3/PC_G_EU4" CO2="14292.00" CO="496.34" HC="2.65" NOx="5.64" PMx="0.47" fuel="6.14" electricity="0.00" noise="81.09" route="routetop" type="cfm_slow" waiting="0.00" lane="left_0" pos="9.26" speed="46.96" angle="167.79" x="1.11" y="44.91"/>
        <vehicle id="cfm_slow_2" eclass="HBEFA3/PC_G_EU4" CO2="14292.00" CO="496.34" HC="2.65" NOx="5.64" PMx="0.47" fuel="6.14" electricity="0.00" noise="81.09" route="routetop" type="cfm_slow" waiting="0.00" lane="left_0" pos="49.26" speed="46.96" angle="95.86" x="62.11" y="-1.62"/>
        <vehicle id="cfm_slow_3" eclass="HBEFA3/PC_G_EU4" CO2="14292.00" CO="496.34" HC="2.65" NOx="5.64" PMx="0.47" fuel="6.14" electricity="0.00" noise="81.09" route="routebottom" type="cfm_slow" waiting="0.00" lane="bottom_0" pos="39.26" speed="46.96" angle="23.83" x="125.27" y="42.03"/>
        <vehicle id="cfm_slow_4" eclass="HBEFA3/PC_G_EU4" CO2="14292.00" CO="496.34" HC="2.65" NOx="5.64" PMx="0.47" fuel="6.14" electricity="0.00" noise="81.09" route="routebottom" type="cfm_slow" waiting="0.00" lane="right_0" pos="29.26" speed="46.96" angle="311.76" x="103.26" y="115.58"/>
    </timestep>
    <timestep time="8.30">
        <vehicle id="cfm_slow_0" eclass="HBEFA3/PC_G_EU4" CO2="14288.14" CO="496.26" HC="2.65" NOx="5.63" PMx="0.47" fuel="6.14" electricity="0.00" noise="81.09" route="routetop" type="cfm_slow" waiting="0.00" lane="top_0" pos="19.73" speed="46.96" angle="238.94" x="25.72" y="116.81"/>
        <vehicle id="cfm_slow_1" eclass="HBEFA3/PC_G_EU4" CO2="14288.14" CO="496.26" HC="2.65" NOx="5.63" PMx="0.47" fuel="6.14" electricity="0.00" noise="81.09" route="routetop" type="cfm_slow" waiting="0.00" lane="left_0" pos="9.73" speed="46.96" angle="166.93" x="1.40" y="43.99"/>
        <vehicle id="cfm_slow_2" eclass="HBEFA3/PC_G_EU4" CO2="14288.14" CO="496.26" HC="2.65" NOx="5.63" PMx="0.47" fuel="6.14" electricity="0.00" noise="81.09" route="routetop" type="cfm_slow" waiting="0.00" lane="left_0" pos="49.73" speed="46.96" angle="94.97" x="63.08" y="-1.64"/>
        <vehicle id="cfm_slow_3" eclass="HBEFA3/PC_G_EU4" CO2="14288.14" CO="496.26" HC="2.65" NOx="5.63" PMx="0.47" fuel="6.14" electricity="0.00" noise="81.09" route="routebottom" type="cfm_slow" waiting="0.00" lane="bottom_0" pos="39.73" speed="46.96" angle="23.04" x="125.60" y="42.93"/>
        <vehicle id="cfm_slow_4" eclass="HBEFA3/PC_G_EU4" CO2="14288.14" CO="496.26" HC="2.65" NOx="5.63" PMx="0.47" fuel="6.14" electricity="0.00" noise="81.09" route="routebottom" type="cfm_slow" waiting="0.00" lane="right_0" pos="29.73" speed="46.96" angle="310.96" x="102.49" y="116.16"/>
    </timestep>
    <timestep time="8.31">
        <vehicle id="cfm_slow_0" eclass="HBEFA3/PC_G_EU4" CO2="14284.32" CO="496.19" HC="2.65" NOx="5.63" PMx="0.47" fuel="6.14" electricity="0.00" noise="81.09" route="routetop" type="cfm_slow" waiting="0.00" lane="top_0" pos="20.20" speed="46.96" angle="238.07" x="24.94" y="116.24"/>
        <vehicle id="cfm_slow_1" eclass="HBEFA3/PC_G_EU4" CO2="14284.32" CO="496.19" HC="2.65" NOx="5.63" PMx="0.47" fuel="6.14" electricity="0.00" noise="81.09" route="routetop" type="cfm_slow" waiting="0.00" lane="left_0" pos="10.20" speed="46.96" angle="166.11" x="1.68" y="43.07"/>
        <vehicle id="cfm_slow_2" eclass="HBEFA3/PC_G_EU4" CO2="14284.32" CO="496.19" HC="2.65" NOx="5.63" PMx="0.47" fuel="6.14" electricity="0.00" noise="81.09" route="routebottom" type="cfm_slow" waiting="0.00" lane="bottom_0" pos="0.20" speed="46.96" angle="94.13" x="64.10" y="-1.64"/>
        <vehicle id="cfm_slow_3" eclass="HBEFA3/PC_G_EU4" CO2="14284.32" CO="496.19" HC="2.65" NOx="5.63" PMx="0.47" fuel="6.14" electricity="0.00" noise="81.09" route="routebottom" type="cfm_slow" waiting="0.00" lane="bottom_0" pos="40.20" speed="46.96" angle="22.18" x="125.89" y="43.85"/>
        <vehicle id="cfm_slow_4" eclass="HBEFA3/PC_G_EU4" CO2="14284.32" CO="496.19" HC="2.65" NOx="5.63" PMx="0.47" fuel="6.14" electricity="0.00" noise="81.09" route="routebottom" type="cfm_slow" waiting="0.00" lane="right_0" pos="30.20" speed="46.96" angle="310.10" x="101.71" y="116.72"/>
    </timestep>
    <timestep time="8.32">
        <vehicle id="cfm_slow_0" eclass="HBEFA3/PC_G_EU4" CO2="14280.53" CO="496.12" HC="2.65" NOx="5.63" PMx="0.46" fuel="6.14" electricity="0.00" noise="81.09" route="routetop" type="cfm_slow" waiting="0.00" lane="top_0" pos="20.67" speed="46.96" angle="237.27" x="24.17" y="115.67"/>
        <vehicle id="cfm_slow_1" eclass="HBEFA3/PC_G_EU4" CO2="14280.53" CO="496.12" HC="2.65" NOx="5.63" PMx="0.46" fuel="6.14" electricity="0.00" noise="81.09" route="routetop" type="cfm_slow" waiting="0.00" lane="left_0" pos="10.67" speed="46.96" angle="165.26" x="2.00" y="42.16"/>
        <vehicle id="cfm_slow_2" eclass="HBEFA3/PC_G_EU4" CO2="14280.53" CO="496.12" HC="2.65" NOx="5.63" PMx="0.46" fuel="6.14" electricity="0.00" noise="81.09" route="routebottom" type="cfm_slow" waiting="0.00" lane="bottom_0" pos="0.67" speed="46.96" angle="93.27" x="65.06" y="-1.62"/>
        <vehicle id="cfm_slow_3" eclass="HBEFA3/PC_G_EU4" CO2="14280.53" CO="496.12" HC="2.65" NOx="5.63" PMx="0.46" fuel="6.14" electricity="0.00" noise="81.09" route="routebottom" type="cfm_slow" waiting="0.00" lane="bottom_0" pos="40.67" speed="46.96" angle="21.31" x="126.18" y="44.77"/>
        <vehicle id="cfm_slow_4" eclass="HBEFA3/PC_G_EU4" CO2="14280.53" CO="496.12" HC="2.65" NOx="5.63" PMx="0.46" fuel="6.14" electricity="0.00" noise="81.09" route="routebottom" type="cfm_slow" waiting="0.00" lane="right_0" pos="30.67" speed="46.96" angle="309.26" x="100.93" y="117.29"/>
    </timestep>
    <timestep time="8.33">
        <vehicle id="cfm_slow_0" eclass="HBEFA3/PC_G_EU4" CO2="14276.77" CO="496.05" HC="2.65" NOx="5.63" PMx="0.46" fuel="6.14" electricity="0.00" noise="81.09" route="routetop" type="cfm_slow" waiting="0.00" lane="top_0" pos="21.14" speed="46.96" angle="236.42" x="23.41" y="115.07"/>
        <vehicle id="cfm_slow_1" eclass="HBEFA3/PC_G_EU4" CO2="14276.77" CO="496.05" HC="2.65" NOx="5.63" PMx="0.46" fuel="6.14" electricity="0.00" noise="81.09" route="routetop" type="cfm_slow" waiting="0.00" lane="left_0" pos="11.14" speed="46.96" angle="164.38" x="2.33" y="41.26"/>
        <vehicle id="cfm_slow_2" eclass="HBEFA3/PC_G_EU4" CO2="14276.77" CO="496.05" HC="2.65" NOx="5.63" PMx="0.46" fuel="6.14" electricity="0.00" noise="81.09" route="routebottom" type="cfm_slow" waiting="0.00" lane="bottom_0" pos="1.14" speed="46.96" angle="92.41" x="66.03" y="-1.61"/>
        <vehicle id="cfm_slow_3" eclass="HBEFA3/PC_G_EU4" CO2="14276.77" CO="496.05" HC="2.65" NOx="5.63" PMx="0.46" fuel="6.14" electricity="0.00" noise="81.09" route="routebottom" type="cfm_slow" waiting="0.00" lane="bottom_0" pos="41.14" speed="46.96" angle="20.50" x="126.45" y="45.69"/>
        <vehicle id="cfm_slow_4" eclass="HBEFA3/PC_G_EU4" CO2="14276.77" CO="496.05" HC="2.65" NOx="5.63" PMx="0.46" fuel="6.14" electricity="0.00" noise="81.09" route="routebottom" type="cfm_slow" waiting="0.00" lane="right_0" pos="31.14" speed="46.96" angle="308.44" x="100.13" y="117.83"/>
    </timestep>
    <timestep time="8.34">
        <vehicle id="cfm_slow_0" eclass="HBEFA3/PC_G_EU4" CO2="14273.05" CO="495.98" HC="2.65" NOx="5.63" PMx="0.46" fuel="6.14" electricity="0.00" noise="81.09" route="routetop" type="cfm_slow" waiting="0.00" lane="top_0" pos="21.61" speed="46.96" angle="235.57" x="22.65" y="114.48"/>
        <vehicle id="cfm_slow_1" eclass="HBEFA3/PC_G_EU4" CO2="14273.05" CO="495.98" HC="2.65" NOx="5.63" PMx="0.46" fuel="6.14" electricity="0.00" noise="81.09" route="routetop" type="cfm_slow" waiting="0.00" lane="left_0" pos="11.61" speed="46.96" angle="163.57" x="2.66" y="40.35"/>
        <vehicle id="cfm_slow_2" eclass="HBEFA3/PC_G_EU4" CO2="14273.05" CO="495.98" HC="2.65" NOx="5.63" PMx="0.46" fuel="6.14" electricity="0.00" noise="81.09" route="routebottom" type="cfm_slow" waiting="0.00" lane="bottom_0" pos="1.61" speed="46.96" angle="91.60" x="66.99" y="-1.56"/>
        <vehicle id="cfm_slow_3" eclass="HBEFA3/PC_G_EU4" CO2="14273.05" CO="495.98" HC="2.65" NOx="5.63" PMx="0.46" fuel="6.14" electricity="0.00" noise="81.09" route="routebottom" type="cfm_slow" waiting="0.00" lane="bottom_0" pos="41.61" speed="46.96" angle="19.62" x="126.70" y="46.63"/>
        <vehicle id="cfm_slow_4" eclass="HBEFA3/PC_G_EU4" CO2="14273.05" CO="495.98" HC="2.65" NOx="5.63" PMx="0.46" fuel="6.14" electricity="0.00" noise="81.09" route="routebottom" type="cfm_slow" waiting="0.00" lane="right_0" pos="31.61" speed="46.96" angle="307.58" x="99.33" y="118.36"/>
    </timestep>
    <timestep time="8.35">
        <vehicle id="cfm_slow_0" eclass="HBEFA3/PC_G_EU4" CO2="14269.36" CO="495.92" HC="2.65" NOx="5.62" PMx="0.46" fuel="6.13" electricity="0.00" noise="81.09" route="routetop" type="cfm_slow" waiting="0.00" lane="top_0" pos="22.08" speed="46.96" angle="234.75" x="21.91" y="113.87"/>
        <vehicle id="cfm_slow_1" eclass="HBEFA3/PC_G_EU4" CO2="14269.36" CO="495.92" HC="2.65" NOx="5.62" PMx="0.46" fuel="6.13" electricity="0.00" noise="81.09" route="routetop" type="cfm_slow" waiting="0.00" lane="left_0" pos="12.08" speed="46.96" angle="162.73" x="3.02" y="39.46"/>
        <vehicle id="cfm_slow_2" eclass="HBEFA3/PC_G_EU4" CO2="14269.36" CO="495.92" HC="2.65" NOx="5.62" PMx="0.46" fuel="6.13" electricity="0.00" noise="81.09" route="routebottom" type="cfm_slow" waiting="0.00" lane="bottom_0" pos="2.08" speed="46.96" angle="90.75" x="67.95" y="-1.50"/>
        <vehicle id="cfm_slow_3" eclass="HBEFA3/PC_G_EU4" CO2="14269.36" CO="495.92" HC="2.65" NOx="5.62" PMx="0.46" fuel="6.13" electricity="0.00" noise="81.09" route="routebottom" type="cfm_slow" waiting="0.00" lane="bottom_0" pos="42.08" speed="46.96" angle="18.74" x="126.95" y="47.56"/>
        <vehicle id="cfm_slow_4" eclass="HBEFA3/PC_G_EU4" CO2="14269.36" CO="495.92" HC="2.65" NOx="5.62" PMx="0.46" fuel="6.13" electricity="0.00" noise="81.09" route="routebottom" type="cfm_slow" waiting="0.00" lane="right_0" pos="32.08" speed="46.96" angle="306.80" x="98.53" y="118.89"/>
    </timestep>
    <timestep time="8.36">
        <vehicle id="cfm_slow_0" eclass="HBEFA3/PC_G_EU4" CO2="14265.71" CO="495.85" HC="2.65" NOx="5.62" PMx="0.46" fuel="6.13" electricity="0.00" noise="81.09" route="routetop" type="cfm_slow" waiting="0.00" lane="top_0" pos="22.55" speed="46.96" angle="233.87" x="21.18" y="113.25"/>
        <vehicle id="cfm_slow_1" eclass="HBEFA3/PC_G_EU4" CO2="14265.71" CO="495.85" HC="2.65" NOx="5.62" PMx="0.46" fuel="6.13" electricity="0.00" noise="81.09" route="routetop" type="cfm_slow" waiting="0.00" lane="left_0" pos="12.55" speed="46.96" angle="161.89" x="3.37" y="38.57"/>
        <vehicle id="cfm_slow_2" eclass="HBEFA3/PC_G_EU4" CO2="14265.71" CO="495.85" HC="2.65" NOx="5.62" PMx="0.46" fuel="6.13" electricity="0.00" noise="81.09" route="routebottom" type="cfm_slow" waiting="0.00" lane="bottom_0" pos="2.55" speed="46.96" angle="89.93" x="68.91" y="-1.44"/>
        <vehicle id="cfm_slow_3" eclass="HBEFA3/PC_G_EU4" CO2="14265.71" CO="495.85" HC="2.65" NOx="5.62" PMx="0.46" fuel="6.13" electricity="0.00" noise="81.09" route="routebottom" type="cfm_slow" waiting="0.00" lane="bottom_0" pos="42.55" speed="46.96" angle="17.95" x="127.18" y="48.49"/>
        <vehicle id="cfm_slow_4" eclass="HBEFA3/PC_G_EU4" CO2="14265.71" CO="495.85" HC="2.65" NOx="5.62" PMx="0.46" fuel="6.13" electricity="0.00" noise="81.09" route="routebottom" type="cfm_slow" waiting="0.00" lane="right_0" pos="32.55" speed="46.96" angle="305.94" x="97.71" y="119.39"/>
    </timestep>
    <timestep time="8.37">
        <vehicle id="cfm_slow_0" eclass="HBEFA3/PC_G_EU4" CO2="14262.09" CO="495.78" HC="2.65" NOx="5.62" PMx="0.46" fuel="6.13" electricity="0.00" noise="81.09" route="routetop" type="cfm_slow" waiting="0.00" lane="top_0" pos="23.02" speed="46.96" angle="233.03" x="20.44" y="112.63"/>
        <vehicle id="cfm_slow_1" eclass="HBEFA3/PC_G_EU4" CO2="14262.09" CO="495.78" HC="2.65" NOx="5.62" PMx="0.46" fuel="6.13" electricity="0.00" noise="81.09" route="routetop" type="cfm_slow" waiting="0.00" lane="left_0" pos="13.02" speed="46.96" angle="161.09" x="3.75" y="37.68"/>
        <vehicle id="cfm_slow_2" eclass="HBEFA3/PC_G_EU4" CO2="14262.09" CO="495.78" HC="2.65" NOx="5.62" PMx="0.46" fuel="6.13" electricity="0.00" noise="81.09" route="routebottom" type="cfm_slow" waiting="0.00" lane="bottom_0" pos="3.02" speed="46.96" angle="89.08" x="69.87" y="-1.34"/>
        <vehicle id="cfm_slow_3" eclass="HBEFA3/PC_G_EU4" CO2="14262.09" CO="495.78" HC="2.65" NOx="5.62" PMx="0.46" fuel="6.13" electricity="0.00" noise="81.09" route="routebottom" type="cfm_slow" waiting="0.00" lane="bottom_0" pos="43.02" speed="46.96" angle="17.13" x="127.39" y="49.43"/>
        <vehicle id="cfm_slow_4" eclass="HBEFA3/PC_G_EU4" CO2="14262.09" CO="495.78" HC="2.65" NOx="5.62" PMx="0.46" fuel="6.13" electricity="0.00" noise="81.09" route="routebottom" type="cfm_slow" waiting="0.00" lane="right_0" pos="33.02" speed="46.96" angle="305.09" x="96.88" y="119.88"/>
    </timestep>
    <timestep time="8.38">
        <vehicle id="cfm_slow_0" eclass="HBEFA3/PC_G_EU4" CO2="14258.50" CO="495.71" HC="2.65" NOx="5.62" PMx="0.46" fuel="6.13" electricity="0.00" noise="81.09" route="routetop" type="cfm_slow" waiting="0.00" lane="top_0" pos="23.49" speed="46.96" angle="232.20" x="19.73" y="111.98"/>
        <vehicle id="cfm_slow_1" eclass="HBEFA3/PC_G_EU4" CO2="14258.50" CO="495.71" HC="2.65" NOx="5.62" PMx="0.46" fuel="6.13" electricity="0.00" noise="81.09" route="routetop" type="cfm_slow" waiting="0.00" lane="left_0" pos="13.49" speed="46.96" angle="160.24" x="4.14" y="36.80"/>
        <vehicle id="cfm_slow_2" eclass="HBEFA3/PC_G_EU4" CO2="14258.50" CO="495.71" HC="2.65" NOx="5.62" PMx="0.46" fuel="6.13" electricity="0.00" noise="81.09" route="routebottom" type="cfm_slow" waiting="0.00" lane="bottom_0" pos="3.49" speed="46.96" angle="88.22" x="70.83" y="-1.25"/>
        <vehicle id="cfm_slow_3" eclass="HBEFA3/PC_G_EU4" CO2="14258.50" CO="495.71" HC="2.65" NOx="5.62" PMx="0.46" fuel="6.13" electricity="0.00" noise="81.09" route="routebottom" type="cfm_slow" waiting="0.00" lane="bottom_0" pos="43.49" speed="46.96" angle="16.31" x="127.61" y="50.37"/>
        <vehicle id="cfm_slow_4" eclass="HBEFA3/PC_G_EU4" CO2="14258.50" CO="495.71" HC="2.65" NOx="5.62" PMx="0.46" fuel="6.13" electricity="0.00" noise="81.09" route="routebottom" type="cfm_slow" waiting="0.00" lane="right_0" pos="33.49" speed="46.96" angle="304.28" x="96.05" y="120.37"/>
    </timestep>
    <timestep time="8.39">
        <vehicle id="cfm_slow_0" eclass="HBEFA3/PC_G_EU4" CO2="14254.95" CO="495.65" HC="2.65" NOx="5.62" PMx="0.46" fuel="6.13" electricity="0.00" noise="81.08" route="routetop" type="cfm_slow" waiting="0.00" lane="top_0" pos="23.96" speed="46.96" angle="231.34" x="19.02" y="111.32"/>
        <vehicle id="cfm_slow_1" eclass="HBEFA3/PC_G_EU4" CO2="14254.95" CO="495.65" HC="2.65" NOx="5.62" PMx="0.46" fuel="6.13" electricity="0.00" noise="81.08" route="routetop" type="cfm_slow" waiting="0.00" lane="left_0" pos="13.96" speed="46.96" angle="159.38" x="4.53" y="35.92"/>
        <vehicle id="cfm_slow_2" eclass="HBEFA3/PC_G_EU4" CO2="14254.95" CO="495.65" HC="2.65" NOx="5.62" PMx="0.46" fuel="6.13" electricity="0.00" noise="81.08" route="routebottom" type="cfm_slow" waiting="0.00" lane="bottom_0" pos="3.96" speed="46.96" angle="87.42" x="71.78" y="-1.14"/>
        <vehicle id="cfm_slow_3" eclass="HBEFA3/PC_G_EU4" CO2="14254.95" CO="495.65" HC="2.65" NOx="5.62" PMx="0.46" fuel="6.13" electricity="0.00" noise="81.08" route="routebottom" type="cfm_slow" waiting="0.00" lane="bottom_0" pos="43.96" speed="46.96" angle="15.46" x="127.79" y="51.31"/>
        <vehicle id="cfm_slow_4" eclass="HBEFA3/PC_G_EU4" CO2="14254.95" CO="495.65" HC="2.65" NOx="5.62" PMx="0.46" fuel="6.13" electricity="0.00" noise="81.08" route="routebottom" type="cfm_slow" waiting="0.00" lane="right_0" pos="33.96" speed="46.96" angle="303.42" x="95.20" y="120.84"/>
    </timestep>
    <timestep time="8.40">
        <vehicle id="cfm_slow_0" eclass="HBEFA3/PC_G_EU4" CO2="14251.42" CO="495.58" HC="2.65" NOx="5.62" PMx="0.46" fuel="6.13" electricity="0.00" noise="81.08" route="routetop" type="cfm_slow" waiting="0.00" lane="top_0" pos="24.43" speed="46.96" angle="230.54" x="18.32" y="110.66"/>
        <vehicle id="cfm_slow_1" eclass="HBEFA3/PC_G_EU4" CO2="14251.42" CO="495.58" HC="2.65" NOx="5.62" PMx="0.46" fuel="6.13" electricity="0.00" noise="81.08" route="routetop" type="cfm_slow" waiting="0.00" lane="left_0" pos="14.43" speed="46.96" angle="158.57" x="4.95" y="35.05"/>
        <vehicle id="cfm_slow_2" eclass="HBEFA3/PC_G_EU4" CO2="14251.42" CO="495.58" HC="2.65" NOx="5.62" PMx="0.46" fuel="6.13" electricity="0.00" noise="81.08" route="routebottom" type="cfm_slow" waiting="0.00" lane="bottom_0" pos="4.43" speed="46.96" angle="86.56" x="72.74" y="-1.01"/>
        <vehicle id="cfm_slow_3" eclass="HBEFA3/PC_G_EU4" CO2="14251.42" CO="495.58" HC="2.65" NOx="5.62" PMx="0.46" fuel="6.13" electricity="0.00" noise="81.08" route="routebottom" type="cfm_slow" waiting="0.00" lane="bottom_0" pos="44.43" speed="46.96" angle="14.54" x="127.96" y="52.26"/>
        <vehicle id="cfm_slow_4" eclass="HBEFA3/PC_G_EU4" CO2="14251.42" CO="495.58" HC="2.65" NOx="5.62" PMx="0.46" fuel="6.13" electricity="0.00" noise="81.08" route="routebottom" type="cfm_slow" waiting="0.00" lane="right_0" pos="34.43" speed="46.96" angle="302.56" x="94.36" y="121.30"/>
    </timestep>
    <timestep time="8.41">
        <vehicle id="cfm_slow_0" eclass="HBEFA3/PC_G_EU4" CO2="14247.93" CO="495.52" HC="2.65" NOx="5.61" PMx="0.46" fuel="6.12" electricity="0.00" noise="81.08" route="routetop" type="cfm_slow" waiting="0.00" lane="top_0" pos="24.90" speed="46.96" angle="229.70" x="17.64" y="109.98"/>
        <vehicle id="cfm_slow_1" eclass="HBEFA3/PC_G_EU4" CO2="14247.93" CO="495.52" HC="2.65" NOx="5.61" PMx="0.46" fuel="6.12" electricity="0.00" noise="81.08" route="routetop" type="cfm_slow" waiting="0.00" lane="left_0" pos="14.90" speed="46.96" angle="157.69" x="5.38" y="34.19"/>
        <vehicle id="cfm_slow_2" eclass="HBEFA3/PC_G_EU4" CO2="14247.93" CO="495.52" HC="2.65" NOx="5.61" PMx="0.46" fuel="6.12" electricity="0.00" noise="81.08" route="routebottom" type="cfm_slow" waiting="0.00" lane="bottom_0" pos="4.90" speed="46.96" angle="85.70" x="73.69" y="-0.87"/>
        <vehicle id="cfm_slow_3" eclass="HBEFA3/PC_G_EU4" CO2="14247.93" CO="495.52" HC="2.65" NOx="5.61" PMx="0.46" fuel="6.12" electricity="0.00" noise="81.08" route="routebottom" type="cfm_slow" waiting="0.00" lane="bottom_0" pos="44.90" speed="46.96" angle="13.70" x="128.13" y="53.21"/>
        <vehicle id="cfm_slow_4" eclass="HBEFA3/PC_G_EU4" CO2="14247.93" CO="495.52" HC="2.65" NOx="5.61" PMx="0.46" fuel="6.12" electricity="0.00" noise="81.08" route="routebottom" type="cfm_slow" waiting="0.00" lane="right_0" pos="34.90" speed="46.96" angle="301.75" x="93.51" y="121.75"/>
    </timestep>
    <timestep time="8.42">
        <vehicle id="cfm_slow_0" eclass="HBEFA3/PC_G_EU4" CO2="14244.47" CO="495.45" HC="2.65" NOx="5.61" PMx="0.46" fuel="6.12" electricity="0.00" noise="81.08" route="routetop" type="cfm_slow" waiting="0.00" lane="top_0" pos="25.37" speed="46.96" angle="228.86" x="16.96" y="109.30"/>
        <vehicle id="cfm_slow_1" eclass="HBEFA3/PC_G_EU4" CO2="14244.47" CO="495.45" HC="2.65" NOx="5.61" PMx="0.46" fuel="6.12" electricity="0.00" noise="81.08" route="routetop" type="cfm_slow" waiting="0.00" lane="left_0" pos="15.37" speed="46.96" angle="156.88" x="5.81" y="33.33"/>
        <vehicle id="cfm_slow_2" eclass="HBEFA3/PC_G_EU4" CO2="14244.47" CO="495.45" HC="2.65" NOx="5.61" PMx="0.46" fuel="6.12" electricity="0.00" noise="81.08" route="routebottom" type="cfm_slow" waiting="0.00" lane="bottom_0" pos="5.37" speed="46.96" angle="84.85" x="74.64" y="-0.72"/>
        <vehicle id="cfm_slow_3" eclass="HBEFA3/PC_G_EU4" CO2="14244.47" CO="495.45" HC="2.65" NOx="5.61" PMx="0.46" fuel="6.12" electricity="0.00" noise="81.08" route="routebottom" type="cfm_slow" waiting="0.00" lane="bottom_0" pos="45.37" speed="46.96" angle="12.84" x="128.27" y="54.16"/>
        <vehicle id="cfm_slow_4" eclass="HBEFA3/PC_G_EU4" CO2="14244.47" CO="495.45" HC="2.65" NOx="5.61" PMx="0.46" fuel="6.12" electricity="0.00" noise="81.08" route="routebottom" type="cfm_slow" waiting="0.00" lane="right_0" pos="35.37" speed="46.96" angle="300.88" x="92.65" y="122.18"/>
    </timestep>
    <timestep time="8.43">
        <vehicle id="cfm_slow_0" eclass="HBEFA3/PC_G_EU4" CO2="14241.05" CO="495.39" HC="2.65" NOx="5.61" PMx="0.46" fuel="6.12" electricity="0.00" noise="81.08" route="routetop" type="cfm_slow" waiting="0.00" lane="top_0" pos="25.84" speed="46.96" angle="228.06" x="16.29" y="108.61"/>
        <vehicle id="cfm_slow_1" eclass="HBEFA3/PC_G_EU4" CO2="14241.05" CO="495.39" HC="2.65" NOx="5.61" PMx="0.46" fuel="6.12" electricity="0.00" noise="81.08" route="routetop" type="cfm_slow" waiting="0.00" lane="left_0" pos="15.84" speed="46.96" angle="156.02" x="6.28" y="32.49"/>
        <vehicle id="cfm_slow_2" eclass="HBEFA3/PC_G_EU4" CO2="14241.05" CO="495.39" HC="2.65" NOx="5.61" PMx="0.46" fuel="6.12" electricity="0.00" noise="81.08" route="routebottom" type="cfm_slow" waiting="0.00" lane="bottom_0" pos="5.84" speed="46.96" angle="83.97" x="75.59" y="-0.54"/>
        <vehicle id="cfm_slow_3" eclass="HBEFA3/PC_G_EU4" CO2="14241.05" CO="495.39" HC="2.65" NOx="5.61" PMx="0.46" fuel="6.12" electricity="0.00" noise="81.08" route="routebottom" type="cfm_slow" waiting="0.00" lane="bottom_0" pos="45.84" speed="46.96" angle="11.98" x="128.40" y="55.12"/>
        <vehicle id="cfm_slow_4" eclass="HBEFA3/PC_G_EU4" CO2="14241.05" CO="495.39" HC="2.65" NOx="5.61" PMx="0.46" fuel="6.12" electricity="0.00" noise="81.08" route="routebottom" type="cfm_slow" waiting="0.00" lane="right_0" pos="35.84" speed="46.96" angle="300.03" x="91.79" y="122.61"/>
    </timestep>
    <timestep time="8.44">
        <vehicle id="cfm_slow_0" eclass="HBEFA3/PC_G_EU4" CO2="14237.65" CO="495.33" HC="2.65" NOx="5.61" PMx="0.46" fuel="6.12" electricity="0.00" noise="81.08" route="routetop" type="cfm_slow" waiting="0.00" lane="top_0" pos="26.31" speed="46.97" angle="227.19" x="15.63" y="107.90"/>
        <vehicle id="cfm_slow_1" eclass="HBEFA3/PC_G_EU4" CO2="14237.65" CO="495.33" HC="2.65" NOx="5.61" PMx="0.46" fuel="6.12" electricity="0.00" noise="81.08" route="routetop" type="cfm_slow" waiting="0.00" lane="left_0" pos="16.31" speed="46.97" angle="155.16" x="6.75" y="31.65"/>
        <vehicle id="cfm_slow_2" eclass="HBEFA3/PC_G_EU4" CO2="14237.65" CO="495.33" HC="2.65" NOx="5.61" PMx="0.46" fuel="6.12" electricity="0.00" noise="81.08" route="routebottom" type="cfm_slow" waiting="0.00" lane="bottom_0" pos="6.31" speed="46.97" angle="83.10" x="76.53" y="-0.36"/>
        <vehicle id="cfm_slow_3" eclass="HBEFA3/PC_G_EU4" CO2="14237.65" CO="495.33" HC="2.65" NOx="5.61" PMx="0.46" fuel="6.12" electricity="0.00" noise="81.08" route="routebottom" type="cfm_slow" waiting="0.00" lane="bottom_0" pos="46.31" speed="46.97" angle="11.19" x="128.53" y="56.07"/>
        <vehicle id="cfm_slow_4" eclass="HBEFA3/PC_G_EU4" CO2="14237.65" CO="495.33" HC="2.65" NOx="5.61" PMx="0.46" fuel="6.12" electricity="0.00" noise="81.08" route="routebottom" type="cfm_slow" waiting="0.00" lane="right_0" pos="36.31" speed="46.97" angle="299.17" x="90.91" y="123.01"/>
    </timestep>
    <timestep time="8.45">
        <vehicle id="cfm_slow_0" eclass="HBEFA3/PC_G_EU4" CO2="14234.28" CO="495.26" HC="2.65" NOx="5.61" PMx="0.46" fuel="6.12" electricity="0.00" noise="81.08" route="routetop" type="cfm_slow" waiting="0.00" lane="top_0" pos="26.77" speed="46.97" angle="226.32" x="14.98" y="107.20"/>
        <vehicle id="cfm_slow_1" eclass="HBEFA3/PC_G_EU4" CO2="14234.28" CO="495.26" HC="2.65" NOx="5.61" PMx="0.46" fuel="6.12" electricity="0.00" noise="81.08" route="routetop" type="cfm_slow" waiting="0.00" lane="left_0" pos="16.77" speed="46.97" angle="154.34" x="7.22" y="30.81"/>
        <vehicle id="cfm_slow_2" eclass="HBEFA3/PC_G_EU4" CO2="14234.28" CO="495.26" HC="2.65" NOx="5.61" PMx="0.46" fuel="6.12" electricity="0.00" noise="81.08" route="routebottom" type="cfm_slow" waiting="0.00" lane="bottom_0" pos="6.77" speed="46.97" angle="82.28" x="77.47" y="-0.16"/>
        <vehicle id="cfm_slow_3" eclass="HBEFA3/PC_G_EU4" CO2="14234.28" CO="495.26" HC="2.65" NOx="5.61" PMx="0.46" fuel="6.12" electricity="0.00" noise="81.08" route="routebottom" type="cfm_slow" waiting="0.00" lane="bottom_0" pos="46.77" speed="46.97" angle="10.36" x="128.63" y="57.03"/>
        <vehicle id="cfm_slow_4" eclass="HBEFA3/PC_G_EU4" CO2="14234.28" CO="495.26" HC="2.65" NOx="5.61" PMx="0.46" fuel="6.12" electricity="0.00" noise="81.08" route="routebottom" type="cfm_slow" waiting="0.00" lane="right_0" pos="36.77" speed="46.97" angle="298.28" x="90.03" y="123.40"/>
    </timestep>
    <timestep time="8.46">
        <vehicle id="cfm_slow_0" eclass="HBEFA3/PC_G_EU4" CO2="14230.95" CO="495.20" HC="2.65" NOx="5.61" PMx="0.46" fuel="6.12" electricity="0.00" noise="81.08" route="routetop" type="cfm_slow" waiting="0.00" lane="top_0" pos="27.24" speed="46.97" angle="225.48" x="14.35" y="106.47"/>
        <vehicle id="cfm_slow_1" eclass="HBEFA3/PC_G_EU4" CO2="14230.95" CO="495.20" HC="2.65" NOx="5.61" PMx="0.46" fuel="6.12" electricity="0.00" noise="81.08" route="routetop" type="cfm_slow" waiting="0.00" lane="left_0" pos="17.24" speed="46.97" angle="153.46" x="7.72" y="29.98"/>
        <vehicle id="cfm_slow_2" eclass="HBEFA3/PC_G_EU4" CO2="14230.95" CO="495.20" HC="2.65" NOx="5.61" PMx="0.46" fuel="6.12" electricity="0.00" noise="81.08" route="routebottom" type="cfm_slow" waiting="0.00" lane="bottom_0" pos="7.24" speed="46.97" angle="81.41" x="78.41" y="0.05"/>
        <vehicle id="cfm_slow_3" eclass="HBEFA3/PC_G_EU4" CO2="14230.95" CO="495.20" HC="2.65" NOx="5.61" PMx="0.46" fuel="6.12" electricity="0.00" noise="81.08" route="routebottom" type="cfm_slow" waiting="0.00" lane="bottom_0" pos="47.24" speed="46.97" angle="9.52" x="128.73" y="57.99"/>
        <vehicle id="cfm_slow_4" eclass="HBEFA3/PC_G_EU4" CO2="14230.95" CO="495.20" HC="2.65" NOx="5.61" PMx="0.46" fuel="6.12" electricity="0.00" noise="81.08" route="routebottom" type="cfm_slow" waiting="0.00" lane="right_0" pos="37.24" speed="46.97" angle="297.47" x="89.15" y="123.79"/>
    </timestep>
    <timestep time="8.47">
        <vehicle id="cfm_slow_0" eclass="HBEFA3/PC_G_EU4" CO2="14227.64" CO="495.14" HC="2.65" NOx="5.60" PMx="0.46" fuel="6.12" electricity="0.00" noise="81.08" route="routetop" type="cfm_slow" waiting="0.00" lane="top_0" pos="27.71" speed="46.97" angle="224.59" x="13.73" y="105.73"/>
        <vehicle id="cfm_slow_1" eclass="HBEFA3/PC_G_EU4" CO2="14227.64" CO="495.14" HC="2.65" NOx="5.60" PMx="0.46" fuel="6.12" electricity="0.00" noise="81.08" route="routetop" type="cfm_slow" waiting="0.00" lane="left_0" pos="17.71" speed="46.97" angle="152.58" x="8.21" y="29.16"/>
        <vehicle id="cfm_slow_2" eclass="HBEFA3/PC_G_EU4" CO2="14227.64" CO="495.14" HC="2.65" NOx="5.60" PMx="0.46" fuel="6.12" electricity="0.00" noise="81.08" route="routebottom" type="cfm_slow" waiting="0.00" lane="bottom_0" pos="7.71" speed="46.97" angle="80.61" x="79.35" y="0.26"/>
        <vehicle id="cfm_slow_3" eclass="HBEFA3/PC_G_EU4" CO2="14227.64" CO="495.14" HC="2.65" NOx="5.60" PMx="0.46" fuel="6.12" electricity="0.00" noise="81.08" route="routebottom" type="cfm_slow" waiting="0.00" lane="bottom_0" pos="47.71" speed="46.97" angle="8.70" x="128.80" y="58.95"/>
        <vehicle id="cfm_slow_4" eclass="HBEFA3/PC_G_EU4" CO2="14227.64" CO="495.14" HC="2.65" NOx="5.60" PMx="0.46" fuel="6.12" electricity="0.00" noise="81.08" route="routebottom" type="cfm_slow" waiting="0.00" lane="right_0" pos="37.71" speed="46.97" angle="296.60" x="88.26" y="124.15"/>
    </timestep>
    <timestep time="8.48">
        <vehicle id="cfm_slow_0" eclass="HBEFA3/PC_G_EU4" CO2="14224.37" CO="495.08" HC="2.65" NOx="5.60" PMx="0.46" fuel="6.11" electricity="0.00" noise="81.08" route="routetop" type="cfm_slow" waiting="0.00" lane="top_0" pos="28.18" speed="46.97" angle="223.75" x="13.10" y="105.00"/>
        <vehicle id="cfm_slow_1" eclass="HBEFA3/PC_G_EU4" CO2="14224.37" CO="495.08" HC="2.65" NOx="5.60" PMx="0.46" fuel="6.11" electricity="0.00" noise="81.08" route="routetop" type="cfm_slow" waiting="0.00" lane="left_0" pos="18.18" speed="46.97" angle="151.76" x="8.73" y="28.34"/>
        <vehicle id="cfm_slow_2" eclass="HBEFA3/PC_G_EU4" CO2="14224.37" CO="495.08" HC="2.65" NOx="5.60" PMx="0.46" fuel="6.11" electricity="0.00" noise="81.08" route="routebottom" type="cfm_slow" waiting="0.00" lane="bottom_0" pos="8.18" speed="46.97" angle="79.73" x="80.28" y="0.51"/>
        <vehicle id="cfm_slow_3" eclass="HBEFA3/PC_G_EU4" CO2="14224.37" CO="495.08" HC="2.65" NOx="5.60" PMx="0.46" fuel="6.11" electricity="0.00" noise="81.08" route="routebottom" type="cfm_slow" waiting="0.00" lane="bottom_0" pos="48.18" speed="46.97" angle="7.79" x="128.86" y="59.91"/>
        <vehicle id="cfm_slow_4" eclass="HBEFA3/PC_G_EU4" CO2="14224.37" CO="495.08" HC="2.65" NOx="5.60" PMx="0.46" fuel="6.11" electricity="0.00" noise="81.08" route="routebottom" type="cfm_slow" waiting="0.00" lane="right_0" pos="38.18" speed="46.97" angle="295.73" x="87.36" y="124.50"/>
    </timestep>
    <timestep time="8.49">
        <vehicle id="cfm_slow_0" eclass="HBEFA3/PC_G_EU4" CO2="14221.12" CO="495.02" HC="2.64" NOx="5.60" PMx="0.46" fuel="6.11" electricity="0.00" noise="81.08" route="routetop" type="cfm_slow" waiting="0.00" lane="top_0" pos="28.65" speed="46.97" angle="222.91" x="12.51" y="104.24"/>
        <vehicle id="cfm_slow_1" eclass="HBEFA3/PC_G_EU4" CO2="14221.12" CO="495.02" HC="2.64" NOx="5.60" PMx="0.46" fuel="6.11" electricity="0.00" noise="81.08" route="routetop" type="cfm_slow" waiting="0.00" lane="left_0" pos="18.65" speed="46.97" angle="150.87" x="9.26" y="27.54"/>
        <vehicle id="cfm_slow_2" eclass="HBEFA3/PC_G_EU4" CO2="14221.12" CO="495.02" HC="2.64" NOx="5.60" PMx="0.46" fuel="6.11" electricity="0.00" noise="81.08" route="routebottom" type="cfm_slow" waiting="0.00" lane="bottom_0" pos="8.65" speed="46.97" angle="78.85" x="81.21" y="0.76"/>
        <vehicle id="cfm_slow_3" eclass="HBEFA3/PC_G_EU4" CO2="14221.12" CO="495.02" HC="2.64" NOx="5.60" PMx="0.46" fuel="6.11" electricity="0.00" noise="81.08" route="routebottom" type="cfm_slow" waiting="0.00" lane="bottom_0" pos="48.65" speed="46.97" angle="6.91" x="128.91" y="60.87"/>
        <vehicle id="cfm_slow_4" eclass="HBEFA3/PC_G_EU4" CO2="14221.12" CO="495.02" HC="2.64" NOx="5.60" PMx="0.46" fuel="6.11" electricity="0.00" noise="81.08" route="routebottom" type="cfm_slow" waiting="0.00" lane="right_0" pos="38.65" speed="46.97" angle="294.92" x="86.46" y="124.85"/>
    </timestep>
    <timestep time="8.50">
        <vehicle id="cfm_slow_0" eclass="HBEFA3/PC_G_EU4" CO2="14217.91" CO="494.96" HC="2.64" NOx="5.60" PMx="0.46" fuel="6.11" electricity="0.00" noise="81.08" route="routetop" type="cfm_slow" waiting="0.00" lane="top_0" pos="29.12" speed="46.97" angle="222.05" x="11.92" y="103.48"/>
        <vehicle id="cfm_slow_1" eclass="HBEFA3/PC_G_EU4" CO2="14217.91" CO="494.96" HC="2.64" NOx="5.60" PMx="0.46" fuel="6.11" electricity="0.00" noise="81.08" route="routetop" type="cfm_slow" waiting="0.00" lane="left_0" pos="19.12" speed="46.97" angle="149.98" x="9.80" y="26.74"/>
        <vehicle id="cfm_slow_2" eclass="HBEFA3/PC_G_EU4" CO2="14217.91" CO="494.96" HC="2.64" NOx="5.60" PMx="0.46" fuel="6.11" electricity="0.00" noise="81.08" route="routebottom" type="cfm_slow" waiting="0.00" lane="bottom_0" pos="9.12" speed="46.97" angle="78.04" x="82.14" y="1.03"/>
        <vehicle id="cfm_slow_3" eclass="HBEFA3/PC_G_EU4" CO2="14217.91" CO="494.96" HC="2.64" NOx="5.60" PMx="0.46" fuel="6.11" electricity="0.00" noise="81.08" route="routebottom" type="cfm_slow" waiting="0.00" lane="bottom_0" pos="49.12" speed="46.97" angle="6.08" x="128.94" y="61.83"/>
        <vehicle id="cfm_slow_4" eclass="HBEFA3/PC_G_EU4" CO2="14217.91" CO="494.96" HC="2.64" NOx="5.60" PMx="0.46" fuel="6.11" electricity="0.00" noise="81.08" route="routebottom" type="cfm_slow" waiting="0.00" lane="right_0" pos="39.12" speed="46.97" angle="294.09" x="85.56" y="125.18"/>
    </timestep>
    <timestep time="8.51">
        <vehicle id="cfm_slow_0" eclass="HBEFA3/PC_G_EU4" CO2="14214.72" CO="494.90" HC="2.64" NOx="5.60" PMx="0.46" fuel="6.11" electricity="0.00" noise="81.08" route="routetop" type="cfm_slow" waiting="0.00" lane="top_0" pos="29.59" speed="46.97" angle="221.24" x="11.33" y="102.72"/>
        <vehicle id="cfm_slow_1" eclass="HBEFA3/PC_G_EU4" CO2="14214.72" CO="494.90" HC="2.64" NOx="5.60" PMx="0.46" fuel="6.11" electricity="0.00" noise="81.08" route="routetop" type="cfm_slow" waiting="0.00" lane="left_0" pos="19.59" speed="46.97" angle="149.17" x="10.35" y="25.96"/>
        <vehicle id="cfm_slow_2" eclass="HBEFA3/PC_G_EU4" CO2="14214.72" CO="494.90" HC="2.64" NOx="5.60" PMx="0.46" fuel="6.11" electricity="0.00" noise="81.08" route="routebottom" type="cfm_slow" waiting="0.00" lane="bottom_0" pos="9.59" speed="46.97" angle="77.18" x="83.06" y="1.31"/>
        <vehicle id="cfm_slow_3" eclass="HBEFA3/PC_G_EU4" CO2="14214.72" CO="494.90" HC="2.64" NOx="5.60" PMx="0.46" fuel="6.11" electricity="0.00" noise="81.08" route="routebottom" type="cfm_slow" waiting="0.00" lane="bottom_0" pos="49.59" speed="46.97" angle="5.22" x="128.95" y="62.80"/>
        <vehicle id="cfm_slow_4" eclass="HBEFA3/PC_G_EU4" CO2="14214.72" CO="494.90" HC="2.64" NOx="5.60" PMx="0.46" fuel="6.11" electricity="0.00" noise="81.08" route="routebottom" type="cfm_slow" waiting="0.00" lane="right_0" pos="39.59" speed="46.97" angle="293.25" x="84.65" y="125.51"/>
    </timestep>
    <timestep time="8.52">
        <vehicle id="cfm_slow_0" eclass="HBEFA3/PC_G_EU4" CO2="14211.56" CO="494.84" HC="2.64" NOx="5.60" PMx="0.46" fuel="6.11" electricity="0.00" noise="81.08" route="routetop" type="cfm_slow" waiting="0.00" lane="top_0" pos="30.06" speed="46.97" angle="220.35" x="10.77" y="101.94"/>
        <vehicle id="cfm_slow_1" eclass="HBEFA3/PC_G_EU4" CO2="14211.56" CO="494.84" HC="2.64" NOx="5.60" PMx="0.46" fuel="6.11" electricity="0.00" noise="81.08" route="routetop" type="cfm_slow" waiting="0.00" lane="left_0" pos="20.06" speed="46.97" angle="148.31" x="10.92" y="25.17"/>
        <vehicle id="cfm_slow_2" eclass="HBEFA3/PC_G_EU4" CO2="14211.56" CO="494.84" HC="2.64" NOx="5.60" PMx="0.46" fuel="6.11" electricity="0.00" noise="81.08" route="routebottom" type="cfm_slow" waiting="0.00" lane="bottom_0" pos="10.06" speed="46.97" angle="76.33" x="83.98" y="1.60"/>
        <vehicle id="cfm_slow_3" eclass="HBEFA3/PC_G_EU4" CO2="14211.56" CO="494.84" HC="2.64" NOx="5.60" PMx="0.46" fuel="6.11" electricity="0.00" noise="81.08" route="routebottom" type="cfm_slow" waiting="0.00" lane="right_0" pos="0.06" speed="46.97" angle="4.38" x="128.97" y="63.82"/>
        <vehicle id="cfm_slow_4" eclass="HBEFA3/PC_G_EU4" CO2="14211.56" CO="494.84" HC="2.64" NOx="5.60" PMx="0.46" fuel="6.11" electricity="0.00" noise="81.08" route="routebottom" type="cfm_slow" waiting="0.00" lane="right_0" pos="40.06" speed="46.97" angle="292.45" x="83.74" y="125.81"/>
    </timestep>
    <timestep time="8.53">
        <vehicle id="cfm_slow_0" eclass="HBEFA3/PC_G_EU4" CO2="14208.43" CO="494.78" HC="2.64" NOx="5.60" PMx="0.46" fuel="6.11" electricity="0.00" noise="81.08" route="routetop" type="cfm_slow" waiting="0.00" lane="top_0" pos="30.53" speed="46.97" angle="219.46" x="10.20" y="101.16"/>
        <vehicle id="cfm_slow_1" eclass="HBEFA3/PC_G_EU4" CO2="14208.43" CO="494.78" HC="2.64" NOx="5.60" PMx="0.46" fuel="6.11" electricity="0.00" noise="81.08" route="routetop" type="cfm_slow" waiting="0.00" lane="left_0" pos="20.53" speed="46.97" angle="147.52" x="11.48" y="24.39"/>
        <vehicle id="cfm_slow_2" eclass="HBEFA3/PC_G_EU4" CO2="14208.43" CO="494.78" HC="2.64" NOx="5.60" PMx="0.46" fuel="6.11" electricity="0.00" noise="81.08" route="routebottom" type="cfm_slow" waiting="0.00" lane="bottom_0" pos="10.53" speed="46.97" angle="75.53" x="84.89" y="1.91"/>
        <vehicle id="cfm_slow_3" eclass="HBEFA3/PC_G_EU4" CO2="14208.43" CO="494.78" HC="2.64" NOx="5.60" PMx="0.46" fuel="6.11" electricity="0.00" noise="81.08" route="routebottom" type="cfm_slow" waiting="0.00" lane="right_0" pos="0.53" speed="46.97" angle="3.52" x="128.95" y="64.78"/>
        <vehicle id="cfm_slow_4" eclass="HBEFA3/PC_G_EU4" CO2="14208.43" CO="494.78" HC="2.64" NOx="5.60" PMx="0.46" fuel="6.11" electricity="0.00" noise="81.08" route="routebottom" type="cfm_slow" waiting="0.00" lane="right_0" pos="40.53" speed="46.97" angle="291.57" x="82.82" y="126.09"/>
    </timestep>
    <timestep time="8.54">
        <vehicle id="cfm_slow_0" eclass="HBEFA3/PC_G_EU4" CO2="14205.33" CO="494.73" HC="2.64" NOx="5.59" PMx="0.46" fuel="6.11" electricity="0.00" noise="81.08" route="routetop" type="cfm_slow" waiting="0.00" lane="top_0" pos="31.00" speed="46.97" angle="218.66" x="9.66" y="100.36"/>
        <vehicle id="cfm_slow_1" eclass="HBEFA3/PC_G_EU4" CO2="14205.33" CO="494.73" HC="2.64" NOx="5.59" PMx="0.46" fuel="6.11" electricity="0.00" noise="81.08" route="routetop" type="cfm_slow" waiting="0.00" lane="left_0" pos="21.00" speed="46.97" angle="146.67" x="12.07" y="23.63"/>
        <vehicle id="cfm_slow_2" eclass="HBEFA3/PC_G_EU4" CO2="14205.33" CO="494.73" HC="2.64" NOx="5.59" PMx="0.46" fuel="6.11" electricity="0.00" noise="81.08" route="routebottom" type="cfm_slow" waiting="0.00" lane="bottom_0" pos="11.00" speed="46.97" angle="74.65" x="85.80" y="2.23"/>
        <vehicle id="cfm_slow_3" eclass="HBEFA3/PC_G_EU4" CO2="14205.33" CO="494.73" HC="2.64" NOx="5.59" PMx="0.46" fuel="6.11" electricity="0.00" noise="81.08" route="routebottom" type="cfm_slow" waiting="0.00" lane="right_0" pos="1.00" speed="46.97" angle="2.66" x="128.93" y="65.74"/>
        <vehicle id="cfm_slow_4" eclass="HBEFA3/PC_G_EU4" CO2="14205.33" CO="494.73" HC="2.64" NOx="5.59" PMx="0.46" fuel="6.11" electricity="0.00" noise="81.08" route="routebottom" type="cfm_slow" waiting="0.00" lane="right_0" pos="41.00" speed="46.97" angle="290.74" x="81.90" y="126.38"/>
    </timestep>
    <timestep time="8.55">
        <vehicle id="cfm_slow_0" eclass="HBEFA3/PC_G_EU4" CO2="14202.26" CO="494.67" HC="2.64" NOx="5.59" PMx="0.46" fuel="6.11" electricity="0.00" noise="81.08" route="routetop" type="cfm_slow" waiting="0.00" lane="top_0" pos="31.47" speed="46.97" angle="217.82" x="9.12" y="99.56"/>
        <vehicle id="cfm_slow_1" eclass="HBEFA3/PC_G_EU4" CO2="14202.26" CO="494.67" HC="2.64" NOx="5.59" PMx="0.46" fuel="6.11" electricity="0.00" noise="81.08" route="routetop" type="cfm_slow" waiting="0.00" lane="left_0" pos="21.47" speed="46.97" angle="145.82" x="12.67" y="22.88"/>
        <vehicle id="cfm_slow_2" eclass="HBEFA3/PC_G_EU4" CO2="14202.26" CO="494.67" HC="2.64" NOx="5.59" PMx="0.46" fuel="6.11" electricity="0.00" noise="81.08" route="routebottom" type="cfm_slow" waiting="0.00" lane="bottom_0" pos="11.47" speed="46.97" angle="73.81" x="86.70" y="2.56"/>
        <vehicle id="cfm_slow_3" eclass="HBEFA3/PC_G_EU4" CO2="14202.26" CO="494.67" HC="2.64" NOx="5.59" PMx="0.46" fuel="6.11" electricity="0.00" noise="81.08" route="routebottom" type="cfm_slow" waiting="0.00" lane="right_0" pos="1.47" speed="46.97" angle="1.85" x="128.90" y="66.71"/>
        <vehicle id="cfm_slow_4" eclass="HBEFA3/PC_G_EU4" CO2="14202.26" CO="494.67" HC="2.64" NOx="5.59" PMx="0.46" fuel="6.11" electricity="0.00" noise="81.08" route="routebottom" type="cfm_slow" waiting="0.00" lane="right_0" pos="41.47" speed="46.97" angle="289.87" x="80.97" y="126.63"/>
    </timestep>
    <timestep time="8.56">
        <vehicle id="cfm_slow_0" eclass="HBEFA3/PC_G_EU4" CO2="14199.22" CO="494.61" HC="2.64" NOx="5.59" PMx="0.46" fuel="6.10" electricity="0.00" noise="81.08" route="routetop" type="cfm_slow" waiting="0.00" lane="top_0" pos="31.94" speed="46.97" angle="216.98" x="8.59" y="98.76"/>
        <vehicle id="cfm_slow_1" eclass="HBEFA3/PC_G_EU4" CO2="14199.22" CO="494.61" HC="2.64" NOx="5.59" PMx="0.46" fuel="6.10" electricity="0.00" noise="81.08" route="routetop" type="cfm_slow" waiting="0.00" lane="left_0" pos="21.94" speed="46.97" angle="145.01" x="13.27" y="22.13"/>
        <vehicle id="cfm_slow_2" eclass="HBEFA3/PC_G_EU4" CO2="14199.22" CO="494.61" HC="2.64" NOx="5.59" PMx="0.46" fuel="6.10" electricity="0.00" noise="81.08" route="routebottom" type="cfm_slow" waiting="0.00" lane="bottom_0" pos="11.94" speed="46.97" angle="72.99" x="87.60" y="2.91"/>
        <vehicle id="cfm_slow_3" eclass="HBEFA3/PC_G_EU4" CO2="14199.22" CO="494.61" HC="2.64" NOx="5.59" PMx="0.46" fuel="6.10" electricity="0.00" noise="81.08" route="routebottom" type="cfm_slow" waiting="0.00" lane="right_0" pos="1.94" speed="46.97" angle="0.99" x="128.84" y="67.67"/>
        <vehicle id="cfm_slow_4" eclass="HBEFA3/PC_G_EU4" CO2="14199.22" CO="494.61" HC="2.64" NOx="5.59" PMx="0.46" fuel="6.10" electricity="0.00" noise="81.08" route="routebottom" type="cfm_slow" waiting="0.00" lane="right_0" pos="41.94" speed="46.97" angle="288.99" x="80.04" y="126.88"/>
    </timestep>
    <timestep time="8.57">
        <vehicle id="cfm_slow_0" eclass="HBEFA3/PC_G_EU4" CO2="14196.20" CO="494.56" HC="2.64" NOx="5.59" PMx="0.46" fuel="6.10" electricity="0.00" noise="81.08" route="routetop" type="cfm_slow" waiting="0.00" lane="top_0" pos="32.41" speed="46.97" angle="216.18" x="8.08" y="97.94"/>
        <vehicle id="cfm_slow_1" eclass="HBEFA3/PC_G_EU4" CO2="14196.20" CO="494.56" HC="2.64" NOx="5.59" PMx="0.46" fuel="6.10" electricity="0.00" noise="81.08" route="routetop" type="cfm_slow" waiting="0.00" lane="left_0" pos="22.41" speed="46.97" angle="144.13" x="13.89" y="21.39"/>
        <vehicle id="cfm_slow_2" eclass="HBEFA3/PC_G_EU4" CO2="14196.20" CO="494.56" HC="2.64" NOx="5.59" PMx="0.46" fuel="6.10" electricity="0.00" noise="81.08" route="routebottom" type="cfm_slow" waiting="0.00" lane="bottom_0" pos="12.41" speed="46.97" angle="72.14" x="88.50" y="3.27"/>
        <vehicle id="cfm_slow_3" eclass="HBEFA3/PC_G_EU4" CO2="14196.20" CO="494.56" HC="2.64" NOx="5.59" PMx="0.46" fuel="6.10" electricity="0.00" noise="81.08" route="routebottom" type="cfm_slow" waiting="0.00" lane="right_0" pos="2.41" speed="46.97" angle="0.14" x="128.79" y="68.63"/>
        <vehicle id="cfm_slow_4" eclass="HBEFA3/PC_G_EU4" CO2="14196.20" CO="494.56" HC="2.64" NOx="5.59" PMx="0.46" fuel="6.10" electricity="0.00" noise="81.08" route="routebottom" type="cfm_slow" waiting="0.00" lane="right_0" pos="42.41" speed="46.97" angle="288.18" x="79.10" y="127.12"/>
    </timestep>
    <timestep time="8.58">
        <vehicle id="cfm_slow_0" eclass="HBEFA3/PC_G_EU4" CO2="14193.21" CO="494.50" HC="2.64" NOx="5.59" PMx="0.46" fuel="6.10" electricity="0.00" noise="81.08" route="routetop" type="cfm_slow" waiting="0.00" lane="top_0" pos="32.88" speed="46.97" angle="215.33" x="7.58" y="97.12"/>
        <vehicle id="cfm_slow_1" eclass="HBEFA3/PC_G_EU4" CO2="14193.21" CO="494.50" HC="2.64" NOx="5.59" PMx="0.46" fuel="6.10" electricity="0.00" noise="81.08" route="routetop" type="cfm_slow" waiting="0.00" lane="left_0" pos="22.88" speed="46.97" angle="143.26" x="14.52" y="20.66"/>
        <vehicle id="cfm_slow_2" eclass="HBEFA3/PC_G_EU4" CO2="14193.21" CO="494.50" HC="2.64" NOx="5.59" PMx="0.46" fuel="6.10" electricity="0.00" noise="81.08" route="routebottom" type="cfm_slow" waiting="0.00" lane="bottom_0" pos="12.88" speed="46.97" angle="71.35" x="89.39" y="3.63"/>
        <vehicle id="cfm_slow_3" eclass="HBEFA3/PC_G_EU4" CO2="14193.21" CO="494.50" HC="2.64" NOx="5.59" PMx="0.46" fuel="6.10" electricity="0.00" noise="81.08" route="routebottom" type="cfm_slow" waiting="0.00" lane="right_0" pos="2.88" speed="46.97" angle="359.33" x="128.70" y="69.59"/>
        <vehicle id="cfm_slow_4" eclass="HBEFA3/PC_G_EU4" CO2="14193.21" CO="494.50" HC="2.64" NOx="5.59" PMx="0.46" fuel="6.10" electricity="0.00" noise="81.08" route="routebottom" type="cfm_slow" waiting="0.00" lane="right_0" pos="42.88" speed="46.97" angle="287.35" x="78.16" y="127.33"/>
    </timestep>
    <timestep time="8.59">
        <vehicle id="cfm_slow_0" eclass="HBEFA3/PC_G_EU4" CO2="14190.25" CO="494.45" HC="2.64" NOx="5.59" PMx="0.46" fuel="6.10" electricity="0.00" noise="81.08" route="routetop" type="cfm_slow" waiting="0.00" lane="top_0" pos="33.35" speed="46.97" angle="214.53" x="7.09" y="96.29"/>
        <vehicle id="cfm_slow_1" eclass="HBEFA3/PC_G_EU4" CO2="14190.25" CO="494.45" HC="2.64" NOx="5.59" PMx="0.46" fuel="6.10" electricity="0.00" noise="81.08" route="routetop" type="cfm_slow" waiting="0.00" lane="left_0" pos="23.35" speed="46.97" angle="142.47" x="15.16" y="19.94"/>
        <vehicle id="cfm_slow_2" eclass="HBEFA3/PC_G_EU4" CO2="14190.25" CO="494.45" HC="2.64" NOx="5.59" PMx="0.46" fuel="6.10" electricity="0.00" noise="81.08" route="routebottom" type="cfm_slow" waiting="0.00" lane="bottom_0" pos="13.35" speed="46.97" angle="70.49" x="90.27" y="4.02"/>
        <vehicle id="cfm_slow_3" eclass="HBEFA3/PC_G_EU4" CO2="14190.25" CO="494.45" HC="2.64" NOx="5.59" PMx="0.46" fuel="6.10" electricity="0.00" noise="81.08" route="routebottom" type="cfm_slow" waiting="0.00" lane="right_0" pos="3.35" speed="46.97" angle="358.48" x="128.60" y="70.55"/>
        <vehicle id="cfm_slow_4" eclass="HBEFA3/PC_G_EU4" CO2="14190.25" CO="494.45" HC="2.64" NOx="5.59" PMx="0.46" fuel="6.10" electricity="0.00" noise="81.08" route="routebottom" type="cfm_slow" waiting="0.00" lane="right_0" pos="43.35" speed="46.97" angle="286.53" x="77.23" y="127.54"/>
    </timestep>
    <timestep time="8.60">
        <vehicle id="cfm_slow_0" eclass="HBEFA3/PC_G_EU4" CO2="14187.31" CO="494.39" HC="2.64" NOx="5.59" PMx="0.46" fuel="6.10" electricity="0.00" noise="81.08" route="routetop" type="cfm_slow" waiting="0.00" lane="top_0" pos="33.82" speed="46.97" angle="213.67" x="6.62" y="95.45"/>
        <vehicle id="cfm_slow_1" eclass="HBEFA3/PC_G_EU4" CO2="14187.31" CO="494.39" HC="2.64" NOx="5.59" PMx="0.46" fuel="6.10" electricity="0.00" noise="81.08" route="routetop" type="cfm_slow" waiting="0.00" lane="left_0" pos="23.82" speed="46.97" angle="141.62" x="15.81" y="19.23"/>
        <vehicle id="cfm_slow_2" eclass="HBEFA3/PC_G_EU4" CO2="14187.31" CO="494.39" HC="2.64" NOx="5.59" PMx="0.46" fuel="6.10" electricity="0.00" noise="81.08" route="routebottom" type="cfm_slow" waiting="0.00" lane="bottom_0" pos="13.82" speed="46.97" angle="69.63" x="91.14" y="4.42"/>
        <vehicle id="cfm_slow_3" eclass="HBEFA3/PC_G_EU4" CO2="14187.31" CO="494.39" HC="2.64" NOx="5.59" PMx="0.46" fuel="6.10" electricity="0.00" noise="81.08" route="routebottom" type="cfm_slow" waiting="0.00" lane="right_0" pos="3.82" speed="46.97" angle="357.66" x="128.50" y="71.50"/>
        <vehicle id="cfm_slow_4" eclass="HBEFA3/PC_G_EU4" CO2="14187.31" CO="494.39" HC="2.64" NOx="5.59" PMx="0.46" fuel="6.10" electricity="0.00" noise="81.08" route="routebottom" type="cfm_slow" waiting="0.00" lane="right_0" pos="43.82" speed="46.97" angle="285.71" x="76.28" y="127.74"/>
    </timestep>
    <timestep time="8.61">
        <vehicle id="cfm_slow_0" eclass="HBEFA3/PC_G_EU4" CO2="14184.40" CO="494.34" HC="2.64" NOx="5.58" PMx="0.46" fuel="6.10" electricity="0.00" noise="81.08" route="routetop" type="cfm_slow" waiting="0.00" lane="top_0" pos="34.29" speed="46.97" angle="212.81" x="6.15" y="94.61"/>
        <vehicle id="cfm_slow_1" eclass="HBEFA3/PC_G_EU4" CO2="14184.40" CO="494.34" HC="2.64" NOx="5.58" PMx="0.46" fuel="6.10" electricity="0.00" noise="81.08" route="routetop" type="cfm_slow" waiting="0.00" lane="left_0" pos="24.29" speed="46.97" angle="140.80" x="16.46" y="18.52"/>
        <vehicle id="cfm_slow_2" eclass="HBEFA3/PC_G_EU4" CO2="14184.40" CO="494.34" HC="2.64" NOx="5.58" PMx="0.46" fuel="6.10" electricity="0.00" noise="81.08" route="routebottom" type="cfm_slow" waiting="0.00" lane="bottom_0" pos="14.29" speed="46.97" angle="68.82" x="92.02" y="4.83"/>
        <vehicle id="cfm_slow_3" eclass="HBEFA3/PC_G_EU4" CO2="14184.40" CO="494.34" HC="2.64" NOx="5.58" PMx="0.46" fuel="6.10" electricity="0.00" noise="81.08" route="routebottom" type="cfm_slow" waiting="0.00" lane="right_0" pos="4.29" speed="46.97" angle="356.81" x="128.37" y="72.46"/>
        <vehicle id="cfm_slow_4" eclass="HBEFA3/PC_G_EU4" CO2="14184.40" CO="494.34" HC="2.64" NOx="5.58" PMx="0.46" fuel="6.10" electricity="0.00" noise="81.08" route="routebottom" type="cfm_slow" waiting="0.00" lane="right_0" pos="44.29" speed="46.97" angle="284.80" x="75.33" y="127.91"/>
    </timestep>
    <timestep time="8.62">
        <vehicle id="cfm_slow_0" eclass="HBEFA3/PC_G_EU4" CO2="14181.52" CO="494.29" HC="2.64" NOx="5.58" PMx="0.46" fuel="6.10" electricity="0.00" noise="81.07" route="routetop" type="cfm_slow" waiting="0.00" lane="top_0" pos="34.76" speed="46.97" angle="212.01" x="5.70" y="93.76"/>
        <vehicle id="cfm_slow_1" eclass="HBEFA3/PC_G_EU4" CO2="14181.52" CO="494.29" HC="2.64" NOx="5.58" PMx="0.46" fuel="6.10" electricity="0.00" noise="81.07" route="routetop" type="cfm_slow" waiting="0.00" lane="left_0" pos="24.76" speed="46.97" angle="139.96" x="17.14" y="17.84"/>
        <vehicle id="cfm_slow_2" eclass="HBEFA3/PC_G_EU4" CO2="14181.52" CO="494.29" HC="2.64" NOx="5.58" PMx="0.46" fuel="6.10" electricity="0.00" noise="81.07" route="routebottom" type="cfm_slow" waiting="0.00" lane="bottom_0" pos="14.76" speed="46.97" angle="67.94" x="92.88" y="5.26"/>
        <vehicle id="cfm_slow_3" eclass="HBEFA3/PC_G_EU4" CO2="14181.52" CO="494.29" HC="2.64" NOx="5.58" PMx="0.46" fuel="6.10" electricity="0.00" noise="81.07" route="routebottom" type="cfm_slow" waiting="0.00" lane="right_0" pos="4.76" speed="46.97" angle="355.95" x="128.23" y="73.41"/>
        <vehicle id="cfm_slow_4" eclass="HBEFA3/PC_G_EU4" CO2="14181.52" CO="494.29" HC="2.64" NOx="5.58" PMx="0.46" fuel="6.10" electricity="0.00" noise="81.07" route="routebottom" type="cfm_slow" waiting="0.00" lane="right_0" pos="44.76" speed="46.97" angle="283.89" x="74.39" y="128.08"/>
    </timestep>
    <timestep time="8.63">
        <vehicle id="cfm_slow_0" eclass="HBEFA3/PC_G_EU4" CO2="14178.66" CO="494.23" HC="2.64" NOx="5.58" PMx="0.46" fuel="6.09" electricity="0.00" noise="81.07" route="routetop" type="cfm_slow" waiting="0.00" lane="top_0" pos="35.23" speed="46.97" angle="211.16" x="5.27" y="92.90"/>
        <vehicle id="cfm_slow_1" eclass="HBEFA3/PC_G_EU4" CO2="14178.66" CO="494.23" HC="2.64" NOx="5.58" PMx="0.46" fuel="6.09" electricity="0.00" noise="81.07" route="routetop" type="cfm_slow" waiting="0.00" lane="left_0" pos="25.23" speed="46.97" angle="139.08" x="17.82" y="17.16"/>
        <vehicle id="cfm_slow_2" eclass="HBEFA3/PC_G_EU4" CO2="14178.66" CO="494.23" HC="2.64" NOx="5.58" PMx="0.46" fuel="6.09" electricity="0.00" noise="81.07" route="routebottom" type="cfm_slow" waiting="0.00" lane="bottom_0" pos="15.23" speed="46.97" angle="67.06" x="93.74" y="5.69"/>
        <vehicle id="cfm_slow_3" eclass="HBEFA3/PC_G_EU4" CO2="14178.66" CO="494.23" HC="2.64" NOx="5.58" PMx="0.46" fuel="6.09" electricity="0.00" noise="81.07" route="routebottom" type="cfm_slow" waiting="0.00" lane="right_0" pos="5.23" speed="46.97" angle="355.12" x="128.09" y="74.36"/>
        <vehicle id="cfm_slow_4" eclass="HBEFA3/PC_G_EU4" CO2="14178.66" CO="494.23" HC="2.64" NOx="5.58" PMx="0.46" fuel="6.09" electricity="0.00" noise="81.07" route="routebottom" type="cfm_slow" waiting="0.00" lane="right_0" pos="45.23" speed="46.97" angle="283.09" x="73.44" y="128.23"/>
    </timestep>
    <timestep time="8.64">
        <vehicle id="cfm_slow_0" eclass="HBEFA3/PC_G_EU4" CO2="14175.83" CO="494.18" HC="2.64" NOx="5.58" PMx="0.46" fuel="6.09" electricity="0.00" noise="81.07" route="routetop" type="cfm_slow" waiting="0.00" lane="top_0" pos="35.70" speed="46.97" angle="210.30" x="4.84" y="92.04"/>
        <vehicle id="cfm_slow_1" eclass="HBEFA3/PC_G_EU4" CO2="14175.83" CO="494.18" HC="2.64" NOx="5.58" PMx="0.46" fuel="6.09" electricity="0.00" noise="81.07" route="routetop" type="cfm_slow" waiting="0.00" lane="left_0" pos="25.70" speed="46.97" angle="138.27" x="18.51" y="16.48"/>
        <vehicle id="cfm_slow_2" eclass="HBEFA3/PC_G_EU4" CO2="14175.83" CO="494.18" HC="2.64" NOx="5.58" PMx="0.46" fuel="6.09" electricity="0.00" noise="81.07" route="routebottom" type="cfm_slow" waiting="0.00" lane="bottom_0" pos="15.70" speed="46.97" angle="66.26" x="94.59" y="6.14"/>
        <vehicle id="cfm_slow_3" eclass="HBEFA3/PC_G_EU4" CO2="14175.83" CO="494.18" HC="2.64" NOx="5.58" PMx="0.46" fuel="6.09" electricity="0.00" noise="81.07" route="routebottom" type="cfm_slow" waiting="0.00" lane="right_0" pos="5.70" speed="46.97" angle="354.25" x="127.92" y="75.31"/>
        <vehicle id="cfm_slow_4" eclass="HBEFA3/PC_G_EU4" CO2="14175.83" CO="494.18" HC="2.64" NOx="5.58" PMx="0.46" fuel="6.09" electricity="0.00" noise="81.07" route="routebottom" type="cfm_slow" waiting="0.00" lane="right_0" pos="45.70" speed="46.97" angle="282.23" x="72.48" y="128.37"/>
    </timestep>
    <timestep time="8.65">
        <vehicle id="cfm_slow_0" eclass="HBEFA3/PC_G_EU4" CO2="14173.03" CO="494.13" HC="2.64" NOx="5.58" PMx="0.46" fuel="6.09" electricity="0.00" noise="81.07" route="routetop" type="cfm_slow" waiting="0.00" lane="top_0" pos="36.17" speed="46.97" angle="209.48" x="4.43" y="91.17"/>
        <vehicle id="cfm_slow_1" eclass="HBEFA3/PC_G_EU4" CO2="14173.03" CO="494.13" HC="2.64" NOx="5.58" PMx="0.46" fuel="6.09" electricity="0.00" noise="81.07" route="routetop" type="cfm_slow" waiting="0.00" lane="left_0" pos="26.17" speed="46.97" angle="137.40" x="19.21" y="15.83"/>
        <vehicle id="cfm_slow_2" eclass="HBEFA3/PC_G_EU4" CO2="14173.03" CO="494.13" HC="2.64" NOx="5.58" PMx="0.46" fuel="6.09" electricity="0.00" noise="81.07" route="routebottom" type="cfm_slow" waiting="0.00" lane="bottom_0" pos="16.17" speed="46.97" angle="65.41" x="95.43" y="6.61"/>
        <vehicle id="cfm_slow_3" eclass="HBEFA3/PC_G_EU4" CO2="14173.03" CO="494.13" HC="2.64" NOx="5.58" PMx="0.46" fuel="6.09" electricity="0.00" noise="81.07" route="routebottom" type="cfm_slow" waiting="0.00" lane="right_0" pos="6.17" speed="46.97" angle="353.38" x="127.74" y="76.26"/>
        <vehicle id="cfm_slow_4" eclass="HBEFA3/PC_G_EU4" CO2="14173.03" CO="494.13" HC="2.64" NOx="5.58" PMx="0.46" fuel="6.09" electricity="0.00" noise="81.07" route="routebottom" type="cfm_slow" waiting="0.00" lane="right_0" pos="46.17" speed="46.97" angle="281.43" x="71.53" y="128.50"/>
    </timestep>
    <timestep time="8.66">
        <vehicle id="cfm_slow_0" eclass="HBEFA3/PC_G_EU4" CO2="14170.25" CO="494.08" HC="2.64" NOx="5.58" PMx="0.46" fuel="6.09" electricity="0.00" noise="81.07" route="routetop" type="cfm_slow" waiting="0.00" lane="top_0" pos="36.64" speed="46.97" angle="208.59" x="4.03" y="90.29"/>
        <vehicle id="cfm_slow_1" eclass="HBEFA3/PC_G_EU4" CO2="14170.25" CO="494.08" HC="2.64" NOx="5.58" PMx="0.46" fuel="6.09" electricity="0.00" noise="81.07" route="routetop" type="cfm_slow" waiting="0.00" lane="left_0" pos="26.64" speed="46.97" angle="136.53" x="19.92" y="15.17"/>
        <vehicle id="cfm_slow_2" eclass="HBEFA3/PC_G_EU4" CO2="14170.25" CO="494.08" HC="2.64" NOx="5.58" PMx="0.46" fuel="6.09" electricity="0.00" noise="81.07" route="routebottom" type="cfm_slow" waiting="0.00" lane="bottom_0" pos="16.64" speed="46.97" angle="64.59" x="96.27" y="7.07"/>
        <vehicle id="cfm_slow_3" eclass="HBEFA3/PC_G_EU4" CO2="14170.25" CO="494.08" HC="2.64" NOx="5.58" PMx="0.46" fuel="6.09" electricity="0.00" noise="81.07" route="routebottom" type="cfm_slow" waiting="0.00" lane="right_0" pos="6.64" speed="46.97" angle="352.55" x="127.55" y="77.20"/>
        <vehicle id="cfm_slow_4" eclass="HBEFA3/PC_G_EU4" CO2="14170.25" CO="494.08" HC="2.64" NOx="5.58" PMx="0.46" fuel="6.09" electricity="0.00" noise="81.07" route="routebottom" type="cfm_slow" waiting="0.00" lane="right_0" pos="46.64" speed="46.97" angle="280.59" x="70.57" y="128.60"/>
    </timestep>
    <timestep time="8.67">
        <vehicle id="cfm_slow_0" eclass="HBEFA3/PC_G_EU4" CO2="14167.50" CO="494.02" HC="2.64" NOx="5.58" PMx="0.46" fuel="6.09" electricity="0.00" noise="81.07" route="routetop" type="cfm_slow" waiting="0.00" lane="top_0" pos="37.11" speed="46.97" angle="207.73" x="3.64" y="89.41"/>
        <vehicle id="cfm_slow_1" eclass="HBEFA3/PC_G_EU4" CO2="14167.50" CO="494.02" HC="2.64" NOx="5.58" PMx="0.46" fuel="6.09" electricity="0.00" noise="81.07" route="routetop" type="cfm_slow" waiting="0.00" lane="left_0" pos="27.11" speed="46.97" angle="135.72" x="20.64" y="14.53"/>
        <vehicle id="cfm_slow_2" eclass="HBEFA3/PC_G_EU4" CO2="14167.50" CO="494.02" HC="2.64" NOx="5.58" PMx="0.46" fuel="6.09" electricity="0.00" noise="81.07" route="routebottom" type="cfm_slow" waiting="0.00" lane="bottom_0" pos="17.11" speed="46.97" angle="63.72" x="97.10" y="7.57"/>
        <vehicle id="cfm_slow_3" eclass="HBEFA3/PC_G_EU4" CO2="14167.50" CO="494.02" HC="2.64" NOx="5.58" PMx="0.46" fuel="6.09" electricity="0.00" noise="81.07" route="routebottom" type="cfm_slow" waiting="0.00" lane="right_0" pos="7.11" speed="46.97" angle="351.65" x="127.33" y="78.14"/>
        <vehicle id="cfm_slow_4" eclass="HBEFA3/PC_G_EU4" CO2="14167.50" CO="494.02" HC="2.64" NOx="5.58" PMx="0.46" fuel="6.09" electricity="0.00" noise="81.07" route="routebottom" type="cfm_slow" waiting="0.00" lane="right_0" pos="47.11" speed="46.97" angle="279.75" x="69.61" y="128.70"/>
    </timestep>
    <timestep time="8.68">
        <vehicle id="cfm_slow_0" eclass="HBEFA3/PC_G_EU4" CO2="14164.77" CO="493.97" HC="2.64" NOx="5.58" PMx="0.46" fuel="6.09" electricity="0.00" noise="81.07" route="routetop" type="cfm_slow" waiting="0.00" lane="top_0" pos="37.58" speed="46.97" angle="206.88" x="3.27" y="88.52"/>
        <vehicle id="cfm_slow_1" eclass="HBEFA3/PC_G_EU4" CO2="14164.77" CO="493.97" HC="2.64" NOx="5.58" PMx="0.46" fuel="6.09" electricity="0.00" noise="81.07" route="routetop" type="cfm_slow" waiting="0.00" lane="left_0" pos="27.58" speed="46.97" angle="134.86" x="21.37" y="13.91"/>
        <vehicle id="cfm_slow_2" eclass="HBEFA3/PC_G_EU4" CO2="14164.77" CO="493.97" HC="2.64" NOx="5.58" PMx="0.46" fuel="6.09" electricity="0.00" noise="81.07" route="routebottom" type="cfm_slow" waiting="0.00" lane="bottom_0" pos="17.58" speed="46.97" angle="62.83" x="97.92" y="8.07"/>
        <vehicle id="cfm_slow_3" eclass="HBEFA3/PC_G_EU4" CO2="14164.77" CO="493.97" HC="2.64" NOx="5.58" PMx="0.46" fuel="6.09" electricity="0.00" noise="81.07" route="routebottom" type="cfm_slow" waiting="0.00" lane="right_0" pos="7.58" speed="46.97" angle="350.77" x="127.12" y="79.08"/>
        <vehicle id="cfm_slow_4" eclass="HBEFA3/PC_G_EU4" CO2="14164.77" CO="493.97" HC="2.64" NOx="5.58" PMx="0.46" fuel="6.09" electricity="0.00" noise="81.07" route="routebottom" type="cfm_slow" waiting="0.00" lane="right_0" pos="47.58" speed="46.97" angle="278.95" x="68.65" y="128.78"/>
    </timestep>
    <timestep time="8.69">
        <vehicle id="cfm_slow_0" eclass="HBEFA3/PC_G_EU4" CO2="14162.06" CO="493.92" HC="2.64" NOx="5.57" PMx="0.46" fuel="6.09" electricity="0.00" noise="81.07" route="routetop" type="cfm_slow" waiting="0.00" lane="top_0" pos="38.05" speed="46.97" angle="205.99" x="2.92" y="87.62"/>
        <vehicle id="cfm_slow_1" eclass="HBEFA3/PC_G_EU4" CO2="14162.06" CO="493.92" HC="2.64" NOx="5.57" PMx="0.46" fuel="6.09" electricity="0.00" noise="81.07" route="routetop" type="cfm_slow" waiting="0.00" lane="left_0" pos="28.05" speed="46.97" angle="133.99" x="22.11" y="13.28"/>
        <vehicle id="cfm_slow_2" eclass="HBEFA3/PC_G_EU4" CO2="14162.06" CO="493.92" HC="2.64" NOx="5.57" PMx="0.46" fuel="6.09" electricity="0.00" noise="81.07" route="routebottom" type="cfm_slow" waiting="0.00" lane="bottom_0" pos="18.05" speed="46.97" angle="62.00" x="98.74" y="8.58"/>
        <vehicle id="cfm_slow_3" eclass="HBEFA3/PC_G_EU4" CO2="14162.06" CO="493.92" HC="2.64" NOx="5.57" PMx="0.46" fuel="6.09" electricity="0.00" noise="81.07" route="routebottom" type="cfm_slow" waiting="0.00" lane="right_0" pos="8.05" speed="46.97" angle="349.97" x="126.88" y="80.01"/>
        <vehicle id="cfm_slow_4" eclass="HBEFA3/PC_G_EU4" CO2="14162.06" CO="493.92" HC="2.64" NOx="5.57" PMx="0.46" fuel="6.09" electricity="0.00" noise="81.07" route="routebottom" type="cfm_slow" waiting="0.00" lane="right_0" pos="48.05" speed="46.97" angle="278.05" x="67.69" y="128.84"/>
    </timestep>
    <timestep time="8.70">
        <vehicle id="cfm_slow_0" eclass="HBEFA3/PC_G_EU4" CO2="14159.38" CO="493.87" HC="2.64" NOx="5.57" PMx="0.46" fuel="6.09" electricity="0.00" noise="81.07" route="routetop" type="cfm_slow" waiting="0.00" lane="top_0" pos="38.52" speed="46.97" angle="205.16" x="2.57" y="86.73"/>
        <vehicle id="cfm_slow_1" eclass="HBEFA3/PC_G_EU4" CO2="14159.38" CO="493.87" HC="2.64" NOx="5.57" PMx="0.46" fuel="6.09" electricity="0.00" noise="81.07" route="routetop" type="cfm_slow" waiting="0.00" lane="left_0" pos="28.52" speed="46.97" angle="133.18" x="22.86" y="12.68"/>
        <vehicle id="cfm_slow_2" eclass="HBEFA3/PC_G_EU4" CO2="14159.38" CO="493.87" HC="2.64" NOx="5.57" PMx="0.46" fuel="6.09" electricity="0.00" noise="81.07" route="routebottom" type="cfm_slow" waiting="0.00" lane="bottom_0" pos="18.52" speed="46.97" angle="61.12" x="99.54" y="9.11"/>
        <vehicle id="cfm_slow_3" eclass="HBEFA3/PC_G_EU4" CO2="14159.38" CO="493.87" HC="2.64" NOx="5.57" PMx="0.46" fuel="6.09" electricity="0.00" noise="81.07" route="routebottom" type="cfm_slow" waiting="0.00" lane="right_0" pos="8.52" speed="46.97" angle="349.13" x="126.63" y="80.94"/>
        <vehicle id="cfm_slow_4" eclass="HBEFA3/PC_G_EU4" CO2="14159.38" CO="493.87" HC="2.64" NOx="5.57" PMx="0.46" fuel="6.09" electricity="0.00" noise="81.07" route="routebottom" type="cfm_slow" waiting="0.00" lane="right_0" pos="48.52" speed="46.97" angle="277.15" x="66.73" y="128.89"/>
    </timestep>
    <timestep time="8.71">
        <vehicle id="cfm_slow_0" eclass="HBEFA3/PC_G_EU4" CO2="14156.73" CO="493.83" HC="2.64" NOx="5.57" PMx="0.46" fuel="6.09" electricity="0.00" noise="81.07" route="routetop" type="cfm_slow" waiting="0.00" lane="top_0" pos="38.99" speed="46.97" angle="204.31" x="2.24" y="85.82"/>
        <vehicle id="cfm_slow_1" eclass="HBEFA3/PC_G_EU4" CO2="14156.73" CO="493.83" HC="2.64" NOx="5.57" PMx="0.46" fuel="6.09" electricity="0.00" noise="81.07" route="routetop" type="cfm_slow" waiting="0.00" lane="left_0" pos="28.99" speed="46.97" angle="132.31" x="23.62" y="12.09"/>
        <vehicle id="cfm_slow_2" eclass="HBEFA3/PC_G_EU4" CO2="14156.73" CO="493.83" HC="2.64" NOx="5.57" PMx="0.46" fuel="6.09" electricity="0.00" noise="81.07" route="routebottom" type="cfm_slow" waiting="0.00" lane="bottom_0" pos="18.99" speed="46.97" angle="60.23" x="100.35" y="9.64"/>
        <vehicle id="cfm_slow_3" eclass="HBEFA3/PC_G_EU4" CO2="14156.73" CO="493.83" HC="2.64" NOx="5.57" PMx="0.46" fuel="6.09" electricity="0.00" noise="81.07" route="routebottom" type="cfm_slow" waiting="0.00" lane="right_0" pos="8.99" speed="46.97" angle="348.34" x="126.39" y="81.88"/>
        <vehicle id="cfm_slow_4" eclass="HBEFA3/PC_G_EU4" CO2="14156.73" CO="493.83" HC="2.64" NOx="5.57" PMx="0.46" fuel="6.09" electricity="0.00" noise="81.07" route="routebottom" type="cfm_slow" waiting="0.00" lane="right_0" pos="48.99" speed="46.97" angle="276.33" x="65.77" y="128.93"/>
    </timestep>
    <timestep time="8.72">
        <vehicle id="cfm_slow_0" eclass="HBEFA3/PC_G_EU4" CO2="14154.10" CO="493.78" HC="2.64" NOx="5.57" PMx="0.46" fuel="6.08" electricity="0.00" noise="81.07" route="routetop" type="cfm_slow" waiting="0.00" lane="top_0" pos="39.46" speed="46.97" angle="203.45" x="1.91" y="84.91"/>
        <vehicle id="cfm_slow_1" eclass="HBEFA3/PC_G_EU4" CO2="14154.10" CO="493.78" HC="2.64" NOx="5.57" PMx="0.46" fuel="6.08" electricity="0.00" noise="81.07" route="routetop" type="cfm_slow" waiting="0.00" lane="left_0" pos="29.46" speed="46.97" angle="131.49" x="24.37" y="11.49"/>
        <vehicle id="cfm_slow_2" eclass="HBEFA3/PC_G_EU4" CO2="14154.10" CO="493.78" HC="2.64" NOx="5.57" PMx="0.46" fuel="6.08" electricity="0.00" noise="81.07" route="routebottom" type="cfm_slow" waiting="0.00" lane="bottom_0" pos="19.46" speed="46.97" angle="59.42" x="101.14" y="10.19"/>
        <vehicle id="cfm_slow_3" eclass="HBEFA3/PC_G_EU4" CO2="14154.10" CO="493.78" HC="2.64" NOx="5.57" PMx="0.46" fuel="6.08" electricity="0.00" noise="81.07" route="routebottom" type="cfm_slow" waiting="0.00" lane="right_0" pos="9.46" speed="46.97" angle="347.49" x="126.10" y="82.80"/>
        <vehicle id="cfm_slow_4" eclass="HBEFA3/PC_G_EU4" CO2="14154.10" CO="493.78" HC="2.64" NOx="5.57" PMx="0.46" fuel="6.08" electricity="0.00" noise="81.07" route="routebottom" type="cfm_slow" waiting="0.00" lane="right_0" pos="49.46" speed="46.97" angle="275.46" x="64.80" y="128.95"/>
    </timestep>
    <timestep time="8.73">
        <vehicle id="cfm_slow_0" eclass="HBEFA3/PC_G_EU4" CO2="14151.49" CO="493.73" HC="2.64" NOx="5.57" PMx="0.46" fuel="6.08" electricity="0.00" noise="81.07" route="routetop" type="cfm_slow" waiting="0.00" lane="top_0" pos="39.93" speed="46.97" angle="202.65" x="1.60" y="84.00"/>
        <vehicle id="cfm_slow_1" eclass="HBEFA3/PC_G_EU4" CO2="14151.49" CO="493.73" HC="2.64" NOx="5.57" PMx="0.46" fuel="6.08" electricity="0.00" noise="81.07" route="routetop" type="cfm_slow" waiting="0.00" lane="left_0" pos="29.93" speed="46.97" angle="130.63" x="25.16" y="10.93"/>
        <vehicle id="cfm_slow_2" eclass="HBEFA3/PC_G_EU4" CO2="14151.49" CO="493.73" HC="2.64" NOx="5.57" PMx="0.46" fuel="6.08" electricity="0.00" noise="81.07" route="routebottom" type="cfm_slow" waiting="0.00" lane="bottom_0" pos="19.93" speed="46.97" angle="58.56" x="101.92" y="10.75"/>
        <vehicle id="cfm_slow_3" eclass="HBEFA3/PC_G_EU4" CO2="14151.49" CO="493.73" HC="2.64" NOx="5.57" PMx="0.46" fuel="6.08" electricity="0.00" noise="81.07" route="routebottom" type="cfm_slow" waiting="0.00" lane="right_0" pos="9.93" speed="46.97" angle="346.63" x="125.82" y="83.72"/>
        <vehicle id="cfm_slow_4" eclass="HBEFA3/PC_G_EU4" CO2="14151.49" CO="493.73" HC="2.64" NOx="5.57" PMx="0.46" fuel="6.08" electricity="0.00" noise="81.07" route="routebottom" type="cfm_slow" waiting="0.00" lane="right_0" pos="49.93" speed="46.97" angle="274.62" x="63.84" y="128.97"/>
    </timestep>
    <timestep time="8.74">
        <vehicle id="cfm_slow_0" eclass="HBEFA3/PC_G_EU4" CO2="14148.90" CO="493.68" HC="2.64" NOx="5.57" PMx="0.46" fuel="6.08" electricity="0.00" noise="81.07" route="routetop" type="cfm_slow" waiting="0.00" lane="top_0" pos="40.40" speed="46.97" angle="201.77" x="1.32" y="83.08"/>
        <vehicle id="cfm_slow_1" eclass="HBEFA3/PC_G_EU4" CO2="14148.90" CO="493.68" HC="2.64" NOx="5.57" PMx="0.46" fuel="6.08" electricity="0.00" noise="81.07" route="routetop" type="cfm_slow" waiting="0.00" lane="left_0" pos="30.40" speed="46.97" angle="129.75" x="25.94" y="10.37"/>
        <vehicle id="cfm_slow_2" eclass="HBEFA3/PC_G_EU4" CO2="14148.90" CO="493.68" HC="2.64" NOx="5.57" PMx="0.46" fuel="6.08" electricity="0.00" noise="81.07" route="routebottom" type="cfm_slow" waiting="0.00" lane="bottom_0" pos="20.40" speed="46.97" angle="57.71" x="102.70" y="11.32"/>
        <vehicle id="cfm_slow_3" eclass="HBEFA3/PC_G_EU4" CO2="14148.90" CO="493.68" HC="2.64" NOx="5.57" PMx="0.46" fuel="6.08" electricity="0.00" noise="81.07" route="routebottom" type="cfm_slow" waiting="0.00" lane="right_0" pos="10.40" speed="46.97" angle="345.81" x="125.52" y="84.63"/>
        <vehicle id="cfm_slow_4" eclass="HBEFA3/PC_G_EU4" CO2="14148.90" CO="493.68" HC="2.64" NOx="5.57" PMx="0.46" fuel="6.08" electricity="0.00" noise="81.07" route="routetop" type="cfm_slow" waiting="0.00" lane="top_0" pos="0.40" speed="46.97" angle="273.76" x="62.82" y="128.95"/>
    </timestep>
    <timestep time="8.75">
        <vehicle id="cfm_slow_0" eclass="HBEFA3/PC_G_EU4" CO2="14146.34" CO="493.63" HC="2.64" NOx="5.57" PMx="0.46" fuel="6.08" electricity="0.00" noise="81.07" route="routetop" type="cfm_slow" waiting="0.00" lane="top_0" pos="40.87" speed="46.97" angle="200.89" x="1.03" y="82.16"/>
        <vehicle id="cfm_slow_1" eclass="HBEFA3/PC_G_EU4" CO2="14146.34" CO="493.63" HC="2.64" NOx="5.57" PMx="0.46" fuel="6.08" electricity="0.00" noise="81.07" route="routetop" type="cfm_slow" waiting="0.00" lane="left_0" pos="30.87" speed="46.97" angle="128.94" x="26.72" y="9.81"/>
        <vehicle id="cfm_slow_2" eclass="HBEFA3/PC_G_EU4" CO2="14146.34" CO="493.63" HC="2.64" NOx="5.57" PMx="0.46" fuel="6.08" electricity="0.00" noise="81.07" route="routebottom" type="cfm_slow" waiting="0.00" lane="bottom_0" pos="20.87" speed="46.97" angle="56.90" x="103.47" y="11.90"/>
        <vehicle id="cfm_slow_3" eclass="HBEFA3/PC_G_EU4" CO2="14146.34" CO="493.63" HC="2.64" NOx="5.57" PMx="0.46" fuel="6.08" electricity="0.00" noise="81.07" route="routebottom" type="cfm_slow" waiting="0.00" lane="right_0" pos="10.87" speed="46.97" angle="344.90" x="125.19" y="85.54"/>
        <vehicle id="cfm_slow_4" eclass="HBEFA3/PC_G_EU4" CO2="14146.34" CO="493.63" HC="2.64" NOx="5.57" PMx="0.46" fuel="6.08" electricity="0.00" noise="81.07" route="routetop" type="cfm_slow" waiting="0.00" lane="top_0" pos="0.87" speed="46.97" angle="272.91" x="61.85" y="128.94"/>
    </timestep>
    <timestep time="8.76">
        <vehicle id="cfm_slow_0" eclass="HBEFA3/PC_G_EU4" CO2="14143.81" CO="493.59" HC="2.64" NOx="5.57" PMx="0.46" fuel="6.08" electricity="0.00" noise="81.07" route="routetop" type="cfm_slow" waiting="0.00" lane="top_0" pos="41.34" speed="46.97" angle="200.08" x="0.77" y="81.23"/>
        <vehicle id="cfm_slow_1" eclass="HBEFA3/PC_G_EU4" CO2="14143.81" CO="493.59" HC="2.64" NOx="5.57" PMx="0.46" fuel="6.08" electricity="0.00" noise="81.07" route="routetop" type="cfm_slow" waiting="0.00" lane="left_0" pos="31.34" speed="46.97" angle="128.10" x="27.53" y="9.28"/>
        <vehicle id="cfm_slow_2" eclass="HBEFA3/PC_G_EU4" CO2="14143.81" CO="493.59" HC="2.64" NOx="5.57" PMx="0.46" fuel="6.08" electricity="0.00" noise="81.07" route="routebottom" type="cfm_slow" waiting="0.00" lane="bottom_0" pos="21.34" speed="46.97" angle="56.04" x="104.23" y="12.50"/>
        <vehicle id="cfm_slow_3" eclass="HBEFA3/PC_G_EU4" CO2="14143.81" CO="493.59" HC="2.64" NOx="5.57" PMx="0.46" fuel="6.08" electricity="0.00" noise="81.07" route="routebottom" type="cfm_slow" waiting="0.00" lane="right_0" pos="11.34" speed="46.97" angle="343.99" x="124.86" y="86.44"/>
        <vehicle id="cfm_slow_4" eclass="HBEFA3/PC_G_EU4" CO2="14143.81" CO="493.59" HC="2.64" NOx="5.57" PMx="0.46" fuel="6.08" electricity="0.00" noise="81.07" route="routetop" type="cfm_slow" waiting="0.00" lane="top_0" pos="1.34" speed="46.97" angle="272.09" x="60.89" y="128.91"/>
    </timestep>
    <timestep time="8.77">
        <vehicle id="cfm_slow_0" eclass="HBEFA3/PC_G_EU4" CO2="14141.29" CO="493.54" HC="2.64" NOx="5.56" PMx="0.46" fuel="6.08" electricity="0.00" noise="81.07" route="routetop" type="cfm_slow" waiting="0.00" lane="top_0" pos="41.81" speed="46.97" angle="199.22" x="0.52" y="80.30"/>
        <vehicle id="cfm_slow_1" eclass="HBEFA3/PC_G_EU4" CO2="14141.29" CO="493.54" HC="2.64" NOx="5.56" PMx="0.46" fuel="6.08" electricity="0.00" noise="81.07" route="routetop" type="cfm_slow" waiting="0.00" lane="left_0" pos="31.81" speed="46.97" angle="127.25" x="28.33" y="8.74"/>
        <vehicle id="cfm_slow_2" eclass="HBEFA3/PC_G_EU4" CO2="14141.29" CO="493.54" HC="2.64" NOx="5.56" PMx="0.46" fuel="6.08" electricity="0.00" noise="81.07" route="routebottom" type="cfm_slow" waiting="0.00" lane="bottom_0" pos="21.81" speed="46.97" angle="55.24" x="104.98" y="13.09"/>
        <vehicle id="cfm_slow_3" eclass="HBEFA3/PC_G_EU4" CO2="14141.29" CO="493.54" HC="2.64" NOx="5.56" PMx="0.46" fuel="6.08" electricity="0.00" noise="81.07" route="routebottom" type="cfm_slow" waiting="0.00" lane="right_0" pos="11.81" speed="46.97" angle="343.20" x="124.51" y="87.34"/>
        <vehicle id="cfm_slow_4" eclass="HBEFA3/PC_G_EU4" CO2="14141.29" CO="493.54" HC="2.64" NOx="5.56" PMx="0.46" fuel="6.08" electricity="0.00" noise="81.07" route="routetop" type="cfm_slow" waiting="0.00" lane="top_0" pos="1.81" speed="46.97" angle="271.24" x="59.93" y="128.86"/>
    </timestep>
    <timestep time="8.78">
        <vehicle id="cfm_slow_0" eclass="HBEFA3/PC_G_EU4" CO2="14138.80" CO="493.49" HC="2.64" NOx="5.56" PMx="0.46" fuel="6.08" electricity="0.00" noise="81.07" route="routetop" type="cfm_slow" waiting="0.00" lane="top_0" pos="42.28" speed="46.97" angle="198.40" x="0.27" y="79.37"/>
        <vehicle id="cfm_slow_1" eclass="HBEFA3/PC_G_EU4" CO2="14138.80" CO="493.49" HC="2.64" NOx="5.56" PMx="0.46" fuel="6.08" electricity="0.00" noise="81.07" route="routetop" type="cfm_slow" waiting="0.00" lane="left_0" pos="32.28" speed="46.97" angle="126.45" x="29.14" y="8.23"/>
        <vehicle id="cfm_slow_2" eclass="HBEFA3/PC_G_EU4" CO2="14138.80" CO="493.49" HC="2.64" NOx="5.56" PMx="0.46" fuel="6.08" electricity="0.00" noise="81.07" route="routebottom" type="cfm_slow" waiting="0.00" lane="bottom_0" pos="22.28" speed="46.97" angle="54.39" x="105.72" y="13.71"/>
        <vehicle id="cfm_slow_3" eclass="HBEFA3/PC_G_EU4" CO2="14138.80" CO="493.49" HC="2.64" NOx="5.56" PMx="0.46" fuel="6.08" electricity="0.00" noise="81.07" route="routebottom" type="cfm_slow" waiting="0.00" lane="right_0" pos="12.28" speed="46.97" angle="342.37" x="124.16" y="88.24"/>
        <vehicle id="cfm_slow_4" eclass="HBEFA3/PC_G_EU4" CO2="14138.80" CO="493.49" HC="2.64" NOx="5.56" PMx="0.46" fuel="6.08" electricity="0.00" noise="81.07" route="routetop" type="cfm_slow" waiting="0.00" lane="top_0" pos="2.28" speed="46.97" angle="270.38" x="58.97" y="128.80"/>
    </timestep>
    <timestep time="8.79">
        <vehicle id="cfm_slow_0" eclass="HBEFA3/PC_G_EU4" CO2="14136.33" CO="493.45" HC="2.64" NOx="5.56" PMx="0.46" fuel="6.08" electricity="0.00" noise="81.07" route="routetop" type="cfm_slow" waiting="0.00" lane="top_0" pos="42.74" speed="46.97" angle="197.57" x="0.06" y="78.44"/>
        <vehicle id="cfm_slow_1" eclass="HBEFA3/PC_G_EU4" CO2="14136.33" CO="493.45" HC="2.64" NOx="5.56" PMx="0.46" fuel="6.08" electricity="0.00" noise="81.07" route="routetop" type="cfm_slow" waiting="0.00" lane="left_0" pos="32.74" speed="46.97" angle="125.57" x="29.96" y="7.73"/>
        <vehicle id="cfm_slow_2" eclass="HBEFA3/PC_G_EU4" CO2="14136.33" CO="493.45" HC="2.64" NOx="5.56" PMx="0.46" fuel="6.08" electricity="0.00" noise="81.07" route="routebottom" type="cfm_slow" waiting="0.00" lane="bottom_0" pos="22.74" speed="46.97" angle="53.53" x="106.45" y="14.33"/>
        <vehicle id="cfm_slow_3" eclass="HBEFA3/PC_G_EU4" CO2="14136.33" CO="493.45" HC="2.64" NOx="5.56" PMx="0.46" fuel="6.08" electricity="0.00" noise="81.07" route="routebottom" type="cfm_slow" waiting="0.00" lane="right_0" pos="12.74" speed="46.97" angle="341.57" x="123.80" y="89.13"/>
        <vehicle id="cfm_slow_4" eclass="HBEFA3/PC_G_EU4" CO2="14136.33" CO="493.45" HC="2.64" NOx="5.56" PMx="0.46" fuel="6.08" electricity="0.00" noise="81.07" route="routetop" type="cfm_slow" waiting="0.00" lane="top_0" pos="2.74" speed="46.97" angle="269.58" x="58.01" y="128.73"/>
    </timestep>
    <timestep time="8.80">
        <vehicle id="cfm_slow_0" eclass="HBEFA3/PC_G_EU4" CO2="14133.89" CO="493.40" HC="2.64" NOx="5.56" PMx="0.46" fuel="6.08" electricity="0.00" noise="81.07" route="routetop" type="cfm_slow" waiting="0.00" lane="top_0" pos="43.21" speed="46.97" angle="196.73" x="-0.16" y="77.50"/>
        <vehicle id="cfm_slow_1" eclass="HBEFA3/PC_G_EU4" CO2="14133.89" CO="493.40" HC="2.64" NOx="5.56" PMx="0.46" fuel="6.08" electricity="0.00" noise="81.07" route="routetop" type="cfm_slow" waiting="0.00" lane="left_0" pos="33.21" speed="46.97" angle="124.70" x="30.79" y="7.23"/>
        <vehicle id="cfm_slow_2" eclass="HBEFA3/PC_G_EU4" CO2="14133.89" CO="493.40" HC="2.64" NOx="5.56" PMx="0.46" fuel="6.08" electricity="0.00" noise="81.07" route="routebottom" type="cfm_slow" waiting="0.00" lane="bottom_0" pos="23.21" speed="46.97" angle="52.75" x="107.18" y="14.97"/>
        <vehicle id="cfm_slow_3" eclass="HBEFA3/PC_G_EU4" CO2="14133.89" CO="493.40" HC="2.64" NOx="5.56" PMx="0.46" fuel="6.08" electricity="0.00" noise="81.07" route="routebottom" type="cfm_slow" waiting="0.00" lane="right_0" pos="13.21" speed="46.97" angle="340.72" x="123.41" y="90.01"/>
        <vehicle id="cfm_slow_4" eclass="HBEFA3/PC_G_EU4" CO2="14133.89" CO="493.40" HC="2.64" NOx="5.56" PMx="0.46" fuel="6.08" electricity="0.00" noise="81.07" route="routetop" type="cfm_slow" waiting="0.00" lane="top_0" pos="3.21" speed="46.97" angle="268.72" x="57.05" y="128.63"/>
    </timestep>
    <timestep time="8.81">
        <vehicle id="cfm_slow_0" eclass="HBEFA3/PC_G_EU4" CO2="14131.46" CO="493.36" HC="2.64" NOx="5.56" PMx="0.46" fuel="6.07" electricity="0.00" noise="81.07" route="routetop" type="cfm_slow" waiting="0.00" lane="top_0" pos="43.68" speed="46.98" angle="195.93" x="-0.36" y="76.55"/>
        <vehicle id="cfm_slow_1" eclass="HBEFA3/PC_G_EU4" CO2="14131.46" CO="493.36" HC="2.64" NOx="5.56" PMx="0.46" fuel="6.07" electricity="0.00" noise="81.07" route="routetop" type="cfm_slow" waiting="0.00" lane="left_0" pos="33.68" speed="46.98" angle="123.90" x="31.63" y="6.76"/>
        <vehicle id="cfm_slow_2" eclass="HBEFA3/PC_G_EU4" CO2="14131.46" CO="493.36" HC="2.64" NOx="5.56" PMx="0.46" fuel="6.07" electricity="0.00" noise="81.07" route="routebottom" type="cfm_slow" waiting="0.00" lane="bottom_0" pos="23.68" speed="46.98" angle="51.90" x="107.89" y="15.62"/>
        <vehicle id="cfm_slow_3" eclass="HBEFA3/PC_G_EU4" CO2="14131.46" CO="493.36" HC="2.64" NOx="5.56" PMx="0.46" fuel="6.07" electricity="0.00" noise="81.07" route="routebottom" type="cfm_slow" waiting="0.00" lane="right_0" pos="13.68" speed="46.98" angle="339.84" x="123.02" y="90.89"/>
        <vehicle id="cfm_slow_4" eclass="HBEFA3/PC_G_EU4" CO2="14131.46" CO="493.36" HC="2.64" NOx="5.56" PMx="0.46" fuel="6.07" electricity="0.00" noise="81.07" route="routetop" type="cfm_slow" waiting="0.00" lane="top_0" pos="3.68" speed="46.98" angle="267.87" x="56.09" y="128.53"/>
    </timestep>
    <timestep time="8.82">
        <vehicle id="cfm_slow_0" eclass="HBEFA3/PC_G_EU4" CO2="14129.06" CO="493.31" HC="2.63" NOx="5.56" PMx="0.46" fuel="6.07" electricity="0.00" noise="81.07" route="routetop" type="cfm_slow" waiting="0.00" lane="top_0" pos="44.15" speed="46.98" angle="195.06" x="-0.54" y="75.61"/>
        <vehicle id="cfm_slow_1" eclass="HBEFA3/PC_G_EU4" CO2="14129.06" CO="493.31" HC="2.63" NOx="5.56" PMx="0.46" fuel="6.07" electricity="0.00" noise="81.07" route="routetop" type="cfm_slow" waiting="0.00" lane="left_0" pos="34.15" speed="46.98" angle="123.05" x="32.47" y="6.29"/>
        <vehicle id="cfm_slow_2" eclass="HBEFA3/PC_G_EU4" CO2="14129.06" CO="493.31" HC="2.63" NOx="5.56" PMx="0.46" fuel="6.07" electricity="0.00" noise="81.07" route="routebottom" type="cfm_slow" waiting="0.00" lane="bottom_0" pos="24.15" speed="46.98" angle="51.06" x="108.60" y="16.27"/>
        <vehicle id="cfm_slow_3" eclass="HBEFA3/PC_G_EU4" CO2="14129.06" CO="493.31" HC="2.63" NOx="5.56" PMx="0.46" fuel="6.07" electricity="0.00" noise="81.07" route="routebottom" type="cfm_slow" waiting="0.00" lane="right_0" pos="14.15" speed="46.98" angle="339.02" x="122.62" y="91.77"/>
        <vehicle id="cfm_slow_4" eclass="HBEFA3/PC_G_EU4" CO2="14129.06" CO="493.31" HC="2.63" NOx="5.56" PMx="0.46" fuel="6.07" electricity="0.00" noise="81.07" route="routetop" type="cfm_slow" waiting="0.00" lane="top_0" pos="4.15" speed="46.98" angle="267.05" x="55.14" y="128.41"/>
    </timestep>
    <timestep time="8.83">
        <vehicle id="cfm_slow_0" eclass="HBEFA3/PC_G_EU4" CO2="14126.68" CO="493.27" HC="2.63" NOx="5.56" PMx="0.46" fuel="6.07" electricity="0.00" noise="81.07" route="routetop" type="cfm_slow" waiting="0.00" lane="top_0" pos="44.62" speed="46.98" angle="194.18" x="-0.71" y="74.66"/>
        <vehicle id="cfm_slow_1" eclass="HBEFA3/PC_G_EU4" CO2="14126.68" CO="493.27" HC="2.63" NOx="5.56" PMx="0.46" fuel="6.07" electricity="0.00" noise="81.07" route="routetop" type="cfm_slow" waiting="0.00" lane="left_0" pos="34.62" speed="46.98" angle="122.26" x="33.31" y="5.82"/>
        <vehicle id="cfm_slow_2" eclass="HBEFA3/PC_G_EU4" CO2="14126.68" CO="493.27" HC="2.63" NOx="5.56" PMx="0.46" fuel="6.07" electricity="0.00" noise="81.07" route="routebottom" type="cfm_slow" waiting="0.00" lane="bottom_0" pos="24.62" speed="46.98" angle="50.24" x="109.29" y="16.94"/>
        <vehicle id="cfm_slow_3" eclass="HBEFA3/PC_G_EU4" CO2="14126.68" CO="493.27" HC="2.63" NOx="5.56" PMx="0.46" fuel="6.07" electricity="0.00" noise="81.07" route="routebottom" type="cfm_slow" waiting="0.00" lane="right_0" pos="14.62" speed="46.98" angle="338.14" x="122.19" y="92.63"/>
        <vehicle id="cfm_slow_4" eclass="HBEFA3/PC_G_EU4" CO2="14126.68" CO="493.27" HC="2.63" NOx="5.56" PMx="0.46" fuel="6.07" electricity="0.00" noise="81.07" route="routetop" type="cfm_slow" waiting="0.00" lane="top_0" pos="4.62" speed="46.98" angle="266.19" x="54.18" y="128.27"/>
    </timestep>
    <timestep time="8.84">
        <vehicle id="cfm_slow_0" eclass="HBEFA3/PC_G_EU4" CO2="14124.32" CO="493.22" HC="2.63" NOx="5.56" PMx="0.46" fuel="6.07" electricity="0.00" noise="81.07" route="routetop" type="cfm_slow" waiting="0.00" lane="top_0" pos="45.09" speed="46.98" angle="193.39" x="-0.87" y="73.71"/>
        <vehicle id="cfm_slow_1" eclass="HBEFA3/PC_G_EU4" CO2="14124.32" CO="493.22" HC="2.63" NOx="5.56" PMx="0.46" fuel="6.07" electricity="0.00" noise="81.07" route="routetop" type="cfm_slow" waiting="0.00" lane="left_0" pos="35.09" speed="46.98" angle="121.40" x="34.17" y="5.39"/>
        <vehicle id="cfm_slow_2" eclass="HBEFA3/PC_G_EU4" CO2="14124.32" CO="493.22" HC="2.63" NOx="5.56" PMx="0.46" fuel="6.07" electricity="0.00" noise="81.07" route="routebottom" type="cfm_slow" waiting="0.00" lane="bottom_0" pos="25.09" speed="46.98" angle="49.35" x="109.97" y="17.62"/>
        <vehicle id="cfm_slow_3" eclass="HBEFA3/PC_G_EU4" CO2="14124.32" CO="493.22" HC="2.63" NOx="5.56" PMx="0.46" fuel="6.07" electricity="0.00" noise="81.07" route="routebottom" type="cfm_slow" waiting="0.00" lane="right_0" pos="15.09" speed="46.98" angle="337.26" x="121.76" y="93.49"/>
        <vehicle id="cfm_slow_4" eclass="HBEFA3/PC_G_EU4" CO2="14124.32" CO="493.22" HC="2.63" NOx="5.56" PMx="0.46" fuel="6.07" electricity="0.00" noise="81.07" route="routetop" type="cfm_slow" waiting="0.00" lane="top_0" pos="5.09" speed="46.98" angle="265.35" x="53.23" y="128.14"/>
    </timestep>
    <timestep time="8.85">
        <vehicle id="cfm_slow_0" eclass="HBEFA3/PC_G_EU4" CO2="14121.99" CO="493.18" HC="2.63" NOx="5.55" PMx="0.46" fuel="6.07" electricity="0.00" noise="81.07" route="routetop" type="cfm_slow" waiting="0.00" lane="top_0" pos="45.56" speed="46.98" angle="192.53" x="-1.01" y="72.76"/>
        <vehicle id="cfm_slow_1" eclass="HBEFA3/PC_G_EU4" CO2="14121.99" CO="493.18" HC="2.63" NOx="5.55" PMx="0.46" fuel="6.07" electricity="0.00" noise="81.07" route="routetop" type="cfm_slow" waiting="0.00" lane="left_0" pos="35.56" speed="46.98" angle="120.55" x="35.04" y="4.96"/>
        <vehicle id="cfm_slow_2" eclass="HBEFA3/PC_G_EU4" CO2="14121.99" CO="493.18" HC="2.63" NOx="5.55" PMx="0.46" fuel="6.07" electricity="0.00" noise="81.07" route="routebottom" type="cfm_slow" waiting="0.00" lane="bottom_0" pos="25.56" speed="46.98" angle="48.49" x="110.65" y="18.31"/>
        <vehicle id="cfm_slow_3" eclass="HBEFA3/PC_G_EU4" CO2="14121.99" CO="493.18" HC="2.63" NOx="5.55" PMx="0.46" fuel="6.07" electricity="0.00" noise="81.07" route="routebottom" type="cfm_slow" waiting="0.00" lane="right_0" pos="15.56" speed="46.98" angle="336.47" x="121.31" y="94.34"/>
        <vehicle id="cfm_slow_4" eclass="HBEFA3/PC_G_EU4" CO2="14121.99" CO="493.18" HC="2.63" NOx="5.55" PMx="0.46" fuel="6.07" electricity="0.00" noise="81.07" route="routetop" type="cfm_slow" waiting="0.00" lane="top_0" pos="5.56" speed="46.98" angle="264.49" x="52.28" y="127.97"/>
    </timestep>
    <timestep time="8.86">
        <vehicle id="cfm_slow_0" eclass="HBEFA3/PC_G_EU4" CO2="14119.67" CO="493.14" HC="2.63" NOx="5.55" PMx="0.46" fuel="6.07" electricity="0.00" noise="81.07" route="routetop" type="cfm_slow" waiting="0.00" lane="top_0" pos="46.03" speed="46.98" angle="191.67" x="-1.14" y="71.80"/>
        <vehicle id="cfm_slow_1" eclass="HBEFA3/PC_G_EU4" CO2="14119.67" CO="493.14" HC="2.63" NOx="5.55" PMx="0.46" fuel="6.07" electricity="0.00" noise="81.07" route="routetop" type="cfm_slow" waiting="0.00" lane="left_0" pos="36.03" speed="46.98" angle="119.73" x="35.90" y="4.54"/>
        <vehicle id="cfm_slow_2" eclass="HBEFA3/PC_G_EU4" CO2="14119.67" CO="493.14" HC="2.63" NOx="5.55" PMx="0.46" fuel="6.07" electricity="0.00" noise="81.07" route="routebottom" type="cfm_slow" waiting="0.00" lane="bottom_0" pos="26.03" speed="46.98" angle="47.66" x="111.31" y="19.01"/>
        <vehicle id="cfm_slow_3" eclass="HBEFA3/PC_G_EU4" CO2="14119.67" CO="493.14" HC="2.63" NOx="5.55" PMx="0.46" fuel="6.07" electricity="0.00" noise="81.07" route="routebottom" type="cfm_slow" waiting="0.00" lane="right_0" pos="16.03" speed="46.98" angle="335.63" x="120.85" y="95.19"/>
        <vehicle id="cfm_slow_4" eclass="HBEFA3/PC_G_EU4" CO2="14119.67" CO="493.14" HC="2.63" NOx="5.55" PMx="0.46" fuel="6.07" electricity="0.00" noise="81.07" route="routetop" type="cfm_slow" waiting="0.00" lane="top_0" pos="6.03" speed="46.98" angle="263.63" x="51.33" y="127.79"/>
    </timestep>
    <timestep time="8.87">
        <vehicle id="cfm_slow_0" eclass="HBEFA3/PC_G_EU4" CO2="14117.38" CO="493.09" HC="2.63" NOx="5.55" PMx="0.46" fuel="6.07" electricity="0.00" noise="81.07" route="routetop" type="cfm_slow" waiting="0.00" lane="top_0" pos="46.50" speed="46.98" angle="190.86" x="-1.25" y="70.85"/>
        <vehicle id="cfm_slow_1" eclass="HBEFA3/PC_G_EU4" CO2="14117.38" CO="493.09" HC="2.63" NOx="5.55" PMx="0.46" fuel="6.07" electricity="0.00" noise="81.07" route="routetop" type="cfm_slow" waiting="0.00" lane="left_0" pos="36.50" speed="46.98" angle="118.83" x="36.78" y="4.15"/>
        <vehicle id="cfm_slow_2" eclass="HBEFA3/PC_G_EU4" CO2="14117.38" CO="493.09" HC="2.63" NOx="5.55" PMx="0.46" fuel="6.07" electricity="0.00" noise="81.07" route="routebottom" type="cfm_slow" waiting="0.00" lane="bottom_0" pos="26.50" speed="46.98" angle="46.81" x="111.96" y="19.72"/>
        <vehicle id="cfm_slow_3" eclass="HBEFA3/PC_G_EU4" CO2="14117.38" CO="493.09" HC="2.63" NOx="5.55" PMx="0.46" fuel="6.07" electricity="0.00" noise="81.07" route="routebottom" type="cfm_slow" waiting="0.00" lane="right_0" pos="16.50" speed="46.98" angle="334.80" x="120.38" y="96.03"/>
        <vehicle id="cfm_slow_4" eclass="HBEFA3/PC_G_EU4" CO2="14117.38" CO="493.09" HC="2.63" NOx="5.55" PMx="0.46" fuel="6.07" electricity="0.00" noise="81.07" route="routetop" type="cfm_slow" waiting="0.00" lane="top_0" pos="6.50" speed="46.98" angle="262.82" x="50.39" y="127.61"/>
    </timestep>
    <timestep time="8.88">
        <vehicle id="cfm_slow_0" eclass="HBEFA3/PC_G_EU4" CO2="14115.10" CO="493.05" HC="2.63" NOx="5.55" PMx="0.46" fuel="6.07" electricity="0.00" noise="81.07" route="routetop" type="cfm_slow" waiting="0.00" lane="top_0" pos="46.97" speed="46.98" angle="189.98" x="-1.34" y="69.89"/>
        <vehicle id="cfm_slow_1" eclass="HBEFA3/PC_G_EU4" CO2="14115.10" CO="493.05" HC="2.63" NOx="5.55" PMx="0.46" fuel="6.07" electricity="0.00" noise="81.07" route="routetop" type="cfm_slow" waiting="0.00" lane="left_0" pos="36.97" speed="46.98" angle="117.94" x="37.66" y="3.75"/>
        <vehicle id="cfm_slow_2" eclass="HBEFA3/PC_G_EU4" CO2="14115.10" CO="493.05" HC="2.63" NOx="5.55" PMx="0.46" fuel="6.07" electricity="0.00" noise="81.07" route="routebottom" type="cfm_slow" waiting="0.00" lane="bottom_0" pos="26.97" speed="46.98" angle="46.01" x="112.61" y="20.42"/>
        <vehicle id="cfm_slow_3" eclass="HBEFA3/PC_G_EU4" CO2="14115.10" CO="493.05" HC="2.63" NOx="5.55" PMx="0.46" fuel="6.07" electricity="0.00" noise="81.07" route="routebottom" type="cfm_slow" waiting="0.00" lane="right_0" pos="16.97" speed="46.98" angle="333.98" x="119.89" y="96.86"/>
        <vehicle id="cfm_slow_4" eclass="HBEFA3/PC_G_EU4" CO2="14115.10" CO="493.05" HC="2.63" NOx="5.55" PMx="0.46" fuel="6.07" electricity="0.00" noise="81.07" route="routetop" type="cfm_slow" waiting="0.00" lane="top_0" pos="6.97" speed="46.98" angle="261.91" x="49.45" y="127.40"/>
    </timestep>
    <timestep time="8.89">
        <vehicle id="cfm_slow_0" eclass="HBEFA3/PC_G_EU4" CO2="14112.85" CO="493.01" HC="2.63" NOx="5.55" PMx="0.46" fuel="6.07" electricity="0.00" noise="81.07" route="routetop" type="cfm_slow" waiting="0.00" lane="top_0" pos="47.44" speed="46.98" angle="189.16" x="-1.44" y="68.93"/>
        <vehicle id="cfm_slow_1" eclass="HBEFA3/PC_G_EU4" CO2="14112.85" CO="493.01" HC="2.63" NOx="5.55" PMx="0.46" fuel="6.07" electricity="0.00" noise="81.07" route="routetop" type="cfm_slow" waiting="0.00" lane="left_0" pos="37.44" speed="46.98" angle="117.12" x="38.55" y="3.38"/>
        <vehicle id="cfm_slow_2" eclass="HBEFA3/PC_G_EU4" CO2="14112.85" CO="493.01" HC="2.63" NOx="5.55" PMx="0.46" fuel="6.07" electricity="0.00" noise="81.07" route="routebottom" type="cfm_slow" waiting="0.00" lane="bottom_0" pos="27.44" speed="46.98" angle="45.11" x="113.24" y="21.16"/>
        <vehicle id="cfm_slow_3" eclass="HBEFA3/PC_G_EU4" CO2="14112.85" CO="493.01" HC="2.63" NOx="5.55" PMx="0.46" fuel="6.07" electricity="0.00" noise="81.07" route="routebottom" type="cfm_slow" waiting="0.00" lane="right_0" pos="17.44" speed="46.98" angle="333.11" x="119.40" y="97.69"/>
        <vehicle id="cfm_slow_4" eclass="HBEFA3/PC_G_EU4" CO2="14112.85" CO="493.01" HC="2.63" NOx="5.55" PMx="0.46" fuel="6.07" electricity="0.00" noise="81.07" route="routetop" type="cfm_slow" waiting="0.00" lane="top_0" pos="7.44" speed="46.98" angle="261.00" x="48.51" y="127.18"/>
    </timestep>
    <timestep time="8.90">
        <vehicle id="cfm_slow_0" eclass="HBEFA3/PC_G_EU4" CO2="14110.62" CO="492.97" HC="2.63" NOx="5.55" PMx="0.46" fuel="6.07" electricity="0.00" noise="81.07" route="routetop" type="cfm_slow" waiting="0.00" lane="top_0" pos="47.91" speed="46.98" angle="188.30" x="-1.50" y="67.97"/>
        <vehicle id="cfm_slow_1" eclass="HBEFA3/PC_G_EU4" CO2="14110.62" CO="492.97" HC="2.63" NOx="5.55" PMx="0.46" fuel="6.07" electricity="0.00" noise="81.07" route="routetop" type="cfm_slow" waiting="0.00" lane="left_0" pos="37.91" speed="46.98" angle="116.24" x="39.44" y="3.02"/>
        <vehicle id="cfm_slow_2" eclass="HBEFA3/PC_G_EU4" CO2="14110.62" CO="492.97" HC="2.63" NOx="5.55" PMx="0.46" fuel="6.07" electricity="0.00" noise="81.07" route="routebottom" type="cfm_slow" waiting="0.00" lane="bottom_0" pos="27.91" speed="46.98" angle="44.22" x="113.86" y="21.90"/>
        <vehicle id="cfm_slow_3" eclass="HBEFA3/PC_G_EU4" CO2="14110.62" CO="492.97" HC="2.63" NOx="5.55" PMx="0.46" fuel="6.07" electricity="0.00" noise="81.07" route="routebottom" type="cfm_slow" waiting="0.00" lane="right_0" pos="17.91" speed="46.98" angle="332.29" x="118.90" y="98.51"/>
        <vehicle id="cfm_slow_4" eclass="HBEFA3/PC_G_EU4" CO2="14110.62" CO="492.97" HC="2.63" NOx="5.55" PMx="0.46" fuel="6.07" electricity="0.00" noise="81.07" route="routetop" type="cfm_slow" waiting="0.00" lane="top_0" pos="7.91" speed="46.98" angle="260.20" x="47.58" y="126.95"/>
    </timestep>
    <timestep time="8.91">
        <vehicle id="cfm_slow_0" eclass="HBEFA3/PC_G_EU4" CO2="14108.40" CO="492.93" HC="2.63" NOx="5.55" PMx="0.46" fuel="6.06" electricity="0.00" noise="81.06" route="routetop" type="cfm_slow" waiting="0.00" lane="top_0" pos="48.38" speed="46.98" angle="187.44" x="-1.56" y="67.01"/>
        <vehicle id="cfm_slow_1" eclass="HBEFA3/PC_G_EU4" CO2="14108.40" CO="492.93" HC="2.63" NOx="5.55" PMx="0.46" fuel="6.06" electricity="0.00" noise="81.06" route="routetop" type="cfm_slow" waiting="0.00" lane="left_0" pos="38.38" speed="46.98" angle="115.38" x="40.34" y="2.67"/>
        <vehicle id="cfm_slow_2" eclass="HBEFA3/PC_G_EU4" CO2="14108.40" CO="492.93" HC="2.63" NOx="5.55" PMx="0.46" fuel="6.06" electricity="0.00" noise="81.06" route="routebottom" type="cfm_slow" waiting="0.00" lane="bottom_0" pos="28.38" speed="46.98" angle="43.39" x="114.47" y="22.64"/>
        <vehicle id="cfm_slow_3" eclass="HBEFA3/PC_G_EU4" CO2="14108.40" CO="492.93" HC="2.63" NOx="5.55" PMx="0.46" fuel="6.06" electricity="0.00" noise="81.06" route="routebottom" type="cfm_slow" waiting="0.00" lane="right_0" pos="18.38" speed="46.98" angle="331.42" x="118.37" y="99.32"/>
        <vehicle id="cfm_slow_4" eclass="HBEFA3/PC_G_EU4" CO2="14108.40" CO="492.93" HC="2.63" NOx="5.55" PMx="0.46" fuel="6.06" electricity="0.00" noise="81.06" route="routetop" type="cfm_slow" waiting="0.00" lane="top_0" pos="8.38" speed="46.98" angle="259.36" x="46.64" y="126.70"/>
    </timestep>
    <timestep time="8.92">
        <vehicle id="cfm_slow_0" eclass="HBEFA3/PC_G_EU4" CO2="14106.21" CO="492.89" HC="2.63" NOx="5.55" PMx="0.46" fuel="6.06" electricity="0.00" noise="81.06" route="routetop" type="cfm_slow" waiting="0.00" lane="top_0" pos="48.85" speed="46.98" angle="186.62" x="-1.60" y="66.04"/>
        <vehicle id="cfm_slow_1" eclass="HBEFA3/PC_G_EU4" CO2="14106.21" CO="492.89" HC="2.63" NOx="5.55" PMx="0.46" fuel="6.06" electricity="0.00" noise="81.06" route="routetop" type="cfm_slow" waiting="0.00" lane="left_0" pos="38.85" speed="46.98" angle="114.55" x="41.24" y="2.34"/>
        <vehicle id="cfm_slow_2" eclass="HBEFA3/PC_G_EU4" CO2="14106.21" CO="492.89" HC="2.63" NOx="5.55" PMx="0.46" fuel="6.06" electricity="0.00" noise="81.06" route="routebottom" type="cfm_slow" waiting="0.00" lane="bottom_0" pos="28.85" speed="46.98" angle="42.52" x="115.06" y="23.40"/>
        <vehicle id="cfm_slow_3" eclass="HBEFA3/PC_G_EU4" CO2="14106.21" CO="492.89" HC="2.63" NOx="5.55" PMx="0.46" fuel="6.06" electricity="0.00" noise="81.06" route="routebottom" type="cfm_slow" waiting="0.00" lane="right_0" pos="18.85" speed="46.98" angle="330.53" x="117.84" y="100.12"/>
        <vehicle id="cfm_slow_4" eclass="HBEFA3/PC_G_EU4" CO2="14106.21" CO="492.89" HC="2.63" NOx="5.55" PMx="0.46" fuel="6.06" electricity="0.00" noise="81.06" route="routetop" type="cfm_slow" waiting="0.00" lane="top_0" pos="8.85" speed="46.98" angle="258.54" x="45.71" y="126.46"/>
    </timestep>
    <timestep time="8.93">
        <vehicle id="cfm_slow_0" eclass="HBEFA3/PC_G_EU4" CO2="14104.04" CO="492.85" HC="2.63" NOx="5.55" PMx="0.46" fuel="6.06" electricity="0.00" noise="81.06" route="routetop" type="cfm_slow" waiting="0.00" lane="top_0" pos="49.32" speed="46.98" angle="185.74" x="-1.62" y="65.08"/>
        <vehicle id="cfm_slow_1" eclass="HBEFA3/PC_G_EU4" CO2="14104.04" CO="492.85" HC="2.63" NOx="5.55" PMx="0.46" fuel="6.06" electricity="0.00" noise="81.06" route="routetop" type="cfm_slow" waiting="0.00" lane="left_0" pos="39.32" speed="46.98" angle="113.69" x="42.15" y="2.01"/>
        <vehicle id="cfm_slow_2" eclass="HBEFA3/PC_G_EU4" CO2="14104.04" CO="492.85" HC="2.63" NOx="5.55" PMx="0.46" fuel="6.06" electricity="0.00" noise="81.06" route="routebottom" type="cfm_slow" waiting="0.00" lane="bottom_0" pos="29.32" speed="46.98" angle="41.65" x="115.66" y="24.16"/>
        <vehicle id="cfm_slow_3" eclass="HBEFA3/PC_G_EU4" CO2="14104.04" CO="492.85" HC="2.63" NOx="5.55" PMx="0.46" fuel="6.06" electricity="0.00" noise="81.06" route="routebottom" type="cfm_slow" waiting="0.00" lane="right_0" pos="19.32" speed="46.98" angle="329.70" x="117.30" y="100.92"/>
        <vehicle id="cfm_slow_4" eclass="HBEFA3/PC_G_EU4" CO2="14104.04" CO="492.85" HC="2.63" NOx="5.55" PMx="0.46" fuel="6.06" electricity="0.00" noise="81.06" route="routetop" type="cfm_slow" waiting="0.00" lane="top_0" pos="9.32" speed="46.98" angle="257.73" x="44.79" y="126.18"/>
    </timestep>
    <timestep time="8.94">
        <vehicle id="cfm_slow_0" eclass="HBEFA3/PC_G_EU4" CO2="14101.89" CO="492.81" HC="2.63" NOx="5.55" PMx="0.46" fuel="6.06" electricity="0.00" noise="81.06" route="routetop" type="cfm_slow" waiting="0.00" lane="top_0" pos="49.79" speed="46.98" angle="184.85" x="-1.64" y="64.12"/>
        <vehicle id="cfm_slow_1" eclass="HBEFA3/PC_G_EU4" CO2="14101.89" CO="492.81" HC="2.63" NOx="5.55" PMx="0.46" fuel="6.06" electricity="0.00" noise="81.06" route="routetop" type="cfm_slow" waiting="0.00" lane="left_0" pos="39.79" speed="46.98" angle="112.89" x="43.06" y="1.69"/>
        <vehicle id="cfm_slow_2" eclass="HBEFA3/PC_G_EU4" CO2="14101.89" CO="492.81" HC="2.63" NOx="5.55" PMx="0.46" fuel="6.06" electricity="0.00" noise="81.06" route="routebottom" type="cfm_slow" waiting="0.00" lane="bottom_0" pos="29.79" speed="46.98" angle="40.86" x="116.23" y="24.93"/>
        <vehicle id="cfm_slow_3" eclass="HBEFA3/PC_G_EU4" CO2="14101.89" CO="492.81" HC="2.63" NOx="5.55" PMx="0.46" fuel="6.06" electricity="0.00" noise="81.06" route="routebottom" type="cfm_slow" waiting="0.00" lane="right_0" pos="19.79" speed="46.98" angle="328.83" x="116.73" y="101.70"/>
        <vehicle id="cfm_slow_4" eclass="HBEFA3/PC_G_EU4" CO2="14101.89" CO="492.81" HC="2.63" NOx="5.55" PMx="0.46" fuel="6.06" electricity="0.00" noise="81.06" route="routetop" type="cfm_slow" waiting="0.00" lane="top_0" pos="9.79" speed="46.98" angle="256.87" x="43.87" y="125.90"/>
    </timestep>
    <timestep time="8.95">
        <vehicle id="cfm_slow_0" eclass="HBEFA3/PC_G_EU4" CO2="14099.75" CO="492.77" HC="2.63" NOx="5.54" PMx="0.46" fuel="6.06" electricity="0.00" noise="81.06" route="routetop" type="cfm_slow" waiting="0.00" lane="left_0" pos="0.26" speed="46.98" angle="184.01" x="-1.64" y="63.09"/>
        <vehicle id="cfm_slow_1" eclass="HBEFA3/PC_G_EU4" CO2="14099.75" CO="492.77" HC="2.63" NOx="5.54" PMx="0.46" fuel="6.06" electricity="0.00" noise="81.06" route="routetop" type="cfm_slow" waiting="0.00" lane="left_0" pos="40.26" speed="46.98" angle="112.01" x="43.98" y="1.40"/>
        <vehicle id="cfm_slow_2" eclass="HBEFA3/PC_G_EU4" CO2="14099.75" CO="492.77" HC="2.63" NOx="5.54" PMx="0.46" fuel="6.06" electricity="0.00" noise="81.06" route="routebottom" type="cfm_slow" waiting="0.00" lane="bottom_0" pos="30.26" speed="46.98" angle="40.02" x="116.80" y="25.71"/>
        <vehicle id="cfm_slow_3" eclass="HBEFA3/PC_G_EU4" CO2="14099.75" CO="492.77" HC="2.63" NOx="5.54" PMx="0.46" fuel="6.06" electricity="0.00" noise="81.06" route="routebottom" type="cfm_slow" waiting="0.00" lane="right_0" pos="20.26" speed="46.98" angle="327.96" x="116.17" y="102.48"/>
        <vehicle id="cfm_slow_4" eclass="HBEFA3/PC_G_EU4" CO2="14099.75" CO="492.77" HC="2.63" NOx="5.54" PMx="0.46" fuel="6.06" electricity="0.00" noise="81.06" route="routetop" type="cfm_slow" waiting="0.00" lane="top_0" pos="10.26" speed="46.98" angle="256.07" x="42.95" y="125.61"/>
    </timestep>
    <timestep time="8.96">
        <vehicle id="cfm_slow_0" eclass="HBEFA3/PC_G_EU4" CO2="14097.64" CO="492.73" HC="2.63" NOx="5.54" PMx="0.46" fuel="6.06" electricity="0.00" noise="81.06" route="routetop" type="cfm_slow" waiting="0.00" lane="left_0" pos="0.73" speed="46.98" angle="183.15" x="-1.62" y="62.13"/>
        <vehicle id="cfm_slow_1" eclass="HBEFA3/PC_G_EU4" CO2="14097.64" CO="492.73" HC="2.63" NOx="5.54" PMx="0.46" fuel="6.06" electricity="0.00" noise="81.06" route="routetop" type="cfm_slow" waiting="0.00" lane="left_0" pos="40.73" speed="46.98" angle="111.14" x="44.90" y="1.11"/>
        <vehicle id="cfm_slow_2" eclass="HBEFA3/PC_G_EU4" CO2="14097.64" CO="492.73" HC="2.63" NOx="5.54" PMx="0.46" fuel="6.06" electricity="0.00" noise="81.06" route="routebottom" type="cfm_slow" waiting="0.00" lane="bottom_0" pos="30.73" speed="46.98" angle="39.21" x="117.36" y="26.49"/>
        <vehicle id="cfm_slow_3" eclass="HBEFA3/PC_G_EU4" CO2="14097.64" CO="492.73" HC="2.63" NOx="5.54" PMx="0.46" fuel="6.06" electricity="0.00" noise="81.06" route="routebottom" type="cfm_slow" waiting="0.00" lane="right_0" pos="20.73" speed="46.98" angle="327.15" x="115.59" y="103.25"/>
        <vehicle id="cfm_slow_4" eclass="HBEFA3/PC_G_EU4" CO2="14097.64" CO="492.73" HC="2.63" NOx="5.54" PMx="0.46" fuel="6.06" electricity="0.00" noise="81.06" route="routetop" type="cfm_slow" waiting="0.00" lane="top_0" pos="10.73" speed="46.98" angle="255.15" x="42.05" y="125.28"/>
    </timestep>
    <timestep time="8.97">
        <vehicle id="cfm_slow_0" eclass="HBEFA3/PC_G_EU4" CO2="14095.54" CO="492.69" HC="2.63" NOx="5.54" PMx="0.46" fuel="6.06" electricity="0.00" noise="81.06" route="routetop" type="cfm_slow" waiting="0.00" lane="left_0" pos="1.20" speed="46.98" angle="182.31" x="-1.60" y="61.17"/>
        <vehicle id="cfm_slow_1" eclass="HBEFA3/PC_G_EU4" CO2="14095.54" CO="492.69" HC="2.63" NOx="5.54" PMx="0.46" fuel="6.06" electricity="0.00" noise="81.06" route="routetop" type="cfm_slow" waiting="0.00" lane="left_0" pos="41.20" speed="46.98" angle="110.34" x="45.82" y="0.84"/>
        <vehicle id="cfm_slow_2" eclass="HBEFA3/PC_G_EU4" CO2="14095.54" CO="492.69" HC="2.63" NOx="5.54" PMx="0.46" fuel="6.06" electricity="0.00" noise="81.06" route="routebottom" type="cfm_slow" waiting="0.00" lane="bottom_0" pos="31.20" speed="46.98" angle="38.37" x="117.90" y="27.29"/>
        <vehicle id="cfm_slow_3" eclass="HBEFA3/PC_G_EU4" CO2="14095.54" CO="492.69" HC="2.63" NOx="5.54" PMx="0.46" fuel="6.06" electricity="0.00" noise="81.06" route="routebottom" type="cfm_slow" waiting="0.00" lane="right_0" pos="21.20" speed="46.98" angle="326.29" x="115.00" y="104.01"/>
        <vehicle id="cfm_slow_4" eclass="HBEFA3/PC_G_EU4" CO2="14095.54" CO="492.69" HC="2.63" NOx="5.54" PMx="0.46" fuel="6.06" electricity="0.00" noise="81.06" route="routetop" type="cfm_slow" waiting="0.00" lane="top_0" pos="11.20" speed="46.98" angle="254.24" x="41.14" y="124.95"/>
    </timestep>
    <timestep time="8.98">
        <vehicle id="cfm_slow_0" eclass="HBEFA3/PC_G_EU4" CO2="14093.47" CO="492.65" HC="2.63" NOx="5.54" PMx="0.46" fuel="6.06" electricity="0.00" noise="81.06" route="routetop" type="cfm_slow" waiting="0.00" lane="left_0" pos="1.67" speed="46.98" angle="181.49" x="-1.55" y="60.21"/>
        <vehicle id="cfm_slow_1" eclass="HBEFA3/PC_G_EU4" CO2="14093.47" CO="492.65" HC="2.63" NOx="5.54" PMx="0.46" fuel="6.06" electricity="0.00" noise="81.06" route="routetop" type="cfm_slow" waiting="0.00" lane="left_0" pos="41.67" speed="46.98" angle="109.48" x="46.75" y="0.59"/>
        <vehicle id="cfm_slow_2" eclass="HBEFA3/PC_G_EU4" CO2="14093.47" CO="492.65" HC="2.63" NOx="5.54" PMx="0.46" fuel="6.06" electricity="0.00" noise="81.06" route="routebottom" type="cfm_slow" waiting="0.00" lane="bottom_0" pos="31.67" speed="46.98" angle="37.51" x="118.43" y="28.09"/>
        <vehicle id="cfm_slow_3" eclass="HBEFA3/PC_G_EU4" CO2="14093.47" CO="492.65" HC="2.63" NOx="5.54" PMx="0.46" fuel="6.06" electricity="0.00" noise="81.06" route="routebottom" type="cfm_slow" waiting="0.00" lane="right_0" pos="21.67" speed="46.98" angle="325.43" x="114.40" y="104.77"/>
        <vehicle id="cfm_slow_4" eclass="HBEFA3/PC_G_EU4" CO2="14093.47" CO="492.65" HC="2.63" NOx="5.54" PMx="0.46" fuel="6.06" electricity="0.00" noise="81.06" route="routetop" type="cfm_slow" waiting="0.00" lane="top_0" pos="11.67" speed="46.98" angle="253.42" x="40.24" y="124.61"/>
    </timestep>
    <timestep time="8.99">
        <vehicle id="cfm_slow_0" eclass="HBEFA3/PC_G_EU4" CO2="14091.41" CO="492.61" HC="2.63" NOx="5.54" PMx="0.46" fuel="6.06" electricity="0.00" noise="81.06" route="routetop" type="cfm_slow" waiting="0.00" lane="left_0" pos="2.14" speed="46.98" angle="180.63" x="-1.49" y="59.25"/>
        <vehicle id="cfm_slow_1" eclass="HBEFA3/PC_G_EU4" CO2="14091.41" CO="492.61" HC="2.63" NOx="5.54" PMx="0.46" fuel="6.06" electricity="0.00" noise="81.06" route="routetop" type="cfm_slow" waiting="0.00" lane="left_0" pos="42.14" speed="46.98" angle="108.62" x="47.68" y="0.34"/>
        <vehicle id="cfm_slow_2" eclass="HBEFA3/PC_G_EU4" CO2="14091.41" CO="492.61" HC="2.63" NOx="5.54" PMx="0.46" fuel="6.06" electricity="0.00" noise="81.06" route="routebottom" type="cfm_slow" waiting="0.00" lane="bottom_0" pos="32.14" speed="46.98" angle="36.71" x="118.96" y="28.90"/>
        <vehicle id="cfm_slow_3" eclass="HBEFA3/PC_G_EU4" CO2="14091.41" CO="492.61" HC="2.63" NOx="5.54" PMx="0.46" fuel="6.06" electricity="0.00" noise="81.06" route="routebottom" type="cfm_slow" waiting="0.00" lane="right_0" pos="22.14" speed="46.98" angle="324.63" x="113.79" y="105.51"/>
        <vehicle id="cfm_slow_4" eclass="HBEFA3/PC_G_EU4" CO2="14091.41" CO="492.61" HC="2.63" NOx="5.54" PMx="0.46" fuel="6.06" electricity="0.00" noise="81.06" route="routetop" type="cfm_slow" waiting="0.00" lane="top_0" pos="12.14" speed="46.98" angle="252.60" x="39.34" y="124.26"/>
    </timestep>
    <timestep time="9.00">
        <vehicle id="cfm_slow_0" eclass="HBEFA3/PC_G_EU4" CO2="14089.37" CO="492.58" HC="2.63" NOx="5.54" PMx="0.46" fuel="6.06" electricity="0.00" noise="81.06" route="routetop" type="cfm_slow" waiting="0.00" lane="left_0" pos="2.61" speed="46.98" angle="179.82" x="-1.43" y="58.28"/>
        <vehicle id="cfm_slow_1" eclass="HBEFA3/PC_G_EU4" CO2="14089.37" CO="492.58" HC="2.63" NOx="5.54" PMx="0.46" fuel="6.06" electricity="0.00" noise="81.06" route="routetop" type="cfm_slow" waiting="0.00" lane="left_0" pos="42.61" speed="46.98" angle="107.83" x="48.62" y="0.12"/>
        <vehicle id="cfm_slow_2" eclass="HBEFA3/PC_G_EU4" CO2="14089.37" CO="492.58" HC="2.63" NOx="5.54" PMx="0.46" fuel="6.06" electricity="0.00" noise="81.06" route="routebottom" type="cfm_slow" waiting="0.00" lane="bottom_0" pos="32.61" speed="46.98" angle="35.83" x="119.45" y="29.73"/>
        <vehicle id="cfm_slow_3" eclass="HBEFA3/PC_G_EU4" CO2="14089.37" CO="492.58" HC="2.63" NOx="5.54" PMx="0.46" fuel="6.06" electricity="0.00" noise="81.06" route="routebottom" type="cfm_slow" waiting="0.00" lane="right_0" pos="22.61" speed="46.98" angle="323.77" x="113.17" y="106.25"/>
        <vehicle id="cfm_slow_4" eclass="HBEFA3/PC_G_EU4" CO2="14089.37" CO="492.58" HC="2.63" NOx="5.54" PMx="0.46" fuel="6.06" electricity="0.00" noise="81.06" route="routetop" type="cfm_slow" waiting="0.00" lane="top_0" pos="12.61" speed="46.98" angle="251.77" x="38.45" y="123.90"/>
    </timestep>
    <timestep time="9.01">
        <vehicle id="cfm_slow_0" eclass="HBEFA3/PC_G_EU4" CO2="14087.35" CO="492.54" HC="2.63" NOx="5.54" PMx="0.46" fuel="6.06" electricity="0.00" noise="81.06" route="routetop" type="cfm_slow" waiting="0.00" lane="left_0" pos="3.08" speed="46.98" angle="178.96" x="-1.33" y="57.33"/>
        <vehicle id="cfm_slow_1" eclass="HBEFA3/PC_G_EU4" CO2="14087.35" CO="492.54" HC="2.63" NOx="5.54" PMx="0.46" fuel="6.06" electricity="0.00" noise="81.06" route="routetop" type="cfm_slow" waiting="0.00" lane="left_0" pos="43.08" speed="46.98" angle="106.99" x="49.56" y="-0.09"/>
        <vehicle id="cfm_slow_2" eclass="HBEFA3/PC_G_EU4" CO2="14087.35" CO="492.54" HC="2.63" NOx="5.54" PMx="0.46" fuel="6.06" electricity="0.00" noise="81.06" route="routebottom" type="cfm_slow" waiting="0.00" lane="bottom_0" pos="33.08" speed="46.98" angle="34.95" x="119.95" y="30.55"/>
        <vehicle id="cfm_slow_3" eclass="HBEFA3/PC_G_EU4" CO2="14087.35" CO="492.54" HC="2.63" NOx="5.54" PMx="0.46" fuel="6.06" electricity="0.00" noise="81.06" route="routebottom" type="cfm_slow" waiting="0.00" lane="right_0" pos="23.08" speed="46.98" angle="322.99" x="112.55" y="106.98"/>
        <vehicle id="cfm_slow_4" eclass="HBEFA3/PC_G_EU4" CO2="14087.35" CO="492.54" HC="2.63" NOx="5.54" PMx="0.46" fuel="6.06" electricity="0.00" noise="81.06" route="routetop" type="cfm_slow" waiting="0.00" lane="top_0" pos="13.08" speed="46.98" angle="250.97" x="37.56" y="123.52"/>
    </timestep>
    <timestep time="9.02">
        <vehicle id="cfm_slow_0" eclass="HBEFA3/PC_G_EU4" CO2="14085.35" CO="492.50" HC="2.63" NOx="5.54" PMx="0.46" fuel="6.05" electricity="0.00" noise="81.06" route="routetop" type="cfm_slow" waiting="0.00" lane="left_0" pos="3.55" speed="46.98" angle="178.11" x="-1.24" y="56.37"/>
        <vehicle id="cfm_slow_1" eclass="HBEFA3/PC_G_EU4" CO2="14085.35" CO="492.50" HC="2.63" NOx="5.54" PMx="0.46" fuel="6.05" electricity="0.00" noise="81.06" route="routetop" type="cfm_slow" waiting="0.00" lane="left_0" pos="43.55" speed="46.98" angle="106.17" x="50.50" y="-0.31"/>
        <vehicle id="cfm_slow_2" eclass="HBEFA3/PC_G_EU4" CO2="14085.35" CO="492.50" HC="2.63" NOx="5.54" PMx="0.46" fuel="6.05" electricity="0.00" noise="81.06" route="routebottom" type="cfm_slow" waiting="0.00" lane="bottom_0" pos="33.55" speed="46.98" angle="34.14" x="120.43" y="31.39"/>
        <vehicle id="cfm_slow_3" eclass="HBEFA3/PC_G_EU4" CO2="14085.35" CO="492.50" HC="2.63" NOx="5.54" PMx="0.46" fuel="6.05" electricity="0.00" noise="81.06" route="routebottom" type="cfm_slow" waiting="0.00" lane="right_0" pos="23.55" speed="46.98" angle="322.13" x="111.89" y="107.69"/>
        <vehicle id="cfm_slow_4" eclass="HBEFA3/PC_G_EU4" CO2="14085.35" CO="492.50" HC="2.63" NOx="5.54" PMx="0.46" fuel="6.05" electricity="0.00" noise="81.06" route="routetop" type="cfm_slow" waiting="0.00" lane="top_0" pos="13.55" speed="46.98" angle="250.09" x="36.68" y="123.13"/>
    </timestep>
    <timestep time="9.03">
        <vehicle id="cfm_slow_0" eclass="HBEFA3/PC_G_EU4" CO2="14083.37" CO="492.46" HC="2.63" NOx="5.54" PMx="0.46" fuel="6.05" electricity="0.00" noise="81.06" route="routetop" type="cfm_slow" waiting="0.00" lane="left_0" pos="4.02" speed="46.98" angle="177.30" x="-1.13" y="55.41"/>
        <vehicle id="cfm_slow_1" eclass="HBEFA3/PC_G_EU4" CO2="14083.37" CO="492.46" HC="2.63" NOx="5.54" PMx="0.46" fuel="6.05" electricity="0.00" noise="81.06" route="routetop" type="cfm_slow" waiting="0.00" lane="left_0" pos="44.02" speed="46.98" angle="105.32" x="51.44" y="-0.49"/>
        <vehicle id="cfm_slow_2" eclass="HBEFA3/PC_G_EU4" CO2="14083.37" CO="492.46" HC="2.63" NOx="5.54" PMx="0.46" fuel="6.05" electricity="0.00" noise="81.06" route="routebottom" type="cfm_slow" waiting="0.00" lane="bottom_0" pos="34.02" speed="46.98" angle="33.29" x="120.90" y="32.23"/>
        <vehicle id="cfm_slow_3" eclass="HBEFA3/PC_G_EU4" CO2="14083.37" CO="492.46" HC="2.63" NOx="5.54" PMx="0.46" fuel="6.05" electricity="0.00" noise="81.06" route="routebottom" type="cfm_slow" waiting="0.00" lane="right_0" pos="24.02" speed="46.98" angle="321.27" x="111.24" y="108.39"/>
        <vehicle id="cfm_slow_4" eclass="HBEFA3/PC_G_EU4" CO2="14083.37" CO="492.46" HC="2.63" NOx="5.54" PMx="0.46" fuel="6.05" electricity="0.00" noise="81.06" route="routetop" type="cfm_slow" waiting="0.00" lane="top_0" pos="14.02" speed="46.98" angle="249.23" x="35.80" y="122.73"/>
    </timestep>
    <timestep time="9.04">
        <vehicle id="cfm_slow_0" eclass="HBEFA3/PC_G_EU4" CO2="14081.41" CO="492.43" HC="2.63" NOx="5.54" PMx="0.46" fuel="6.05" electricity="0.00" noise="81.06" route="routetop" type="cfm_slow" waiting="0.00" lane="left_0" pos="4.49" speed="46.98" angle="176.44" x="-0.99" y="54.46"/>
        <vehicle id="cfm_slow_1" eclass="HBEFA3/PC_G_EU4" CO2="14081.41" CO="492.43" HC="2.63" NOx="5.54" PMx="0.46" fuel="6.05" electricity="0.00" noise="81.06" route="routetop" type="cfm_slow" waiting="0.00" lane="left_0" pos="44.49" speed="46.98" angle="104.45" x="52.39" y="-0.66"/>
        <vehicle id="cfm_slow_2" eclass="HBEFA3/PC_G_EU4" CO2="14081.41" CO="492.43" HC="2.63" NOx="5.54" PMx="0.46" fuel="6.05" electricity="0.00" noise="81.06" route="routebottom" type="cfm_slow" waiting="0.00" lane="bottom_0" pos="34.49" speed="46.98" angle="32.45" x="121.36" y="33.07"/>
        <vehicle id="cfm_slow_3" eclass="HBEFA3/PC_G_EU4" CO2="14081.41" CO="492.43" HC="2.63" NOx="5.54" PMx="0.46" fuel="6.05" electricity="0.00" noise="81.06" route="routebottom" type="cfm_slow" waiting="0.00" lane="right_0" pos="24.49" speed="46.98" angle="320.46" x="110.58" y="109.09"/>
        <vehicle id="cfm_slow_4" eclass="HBEFA3/PC_G_EU4" CO2="14081.41" CO="492.43" HC="2.63" NOx="5.54" PMx="0.46" fuel="6.05" electricity="0.00" noise="81.06" route="routetop" type="cfm_slow" waiting="0.00" lane="top_0" pos="14.49" speed="46.98" angle="248.40" x="34.94" y="122.31"/>
    </timestep>
    <timestep time="9.05">
        <vehicle id="cfm_slow_0" eclass="HBEFA3/PC_G_EU4" CO2="14079.46" CO="492.39" HC="2.63" NOx="5.53" PMx="0.46" fuel="6.05" electricity="0.00" noise="81.06" route="routetop" type="cfm_slow" waiting="0.00" lane="left_0" pos="4.96" speed="46.98" angle="175.58" x="-0.85" y="53.50"/>
        <vehicle id="cfm_slow_1" eclass="HBEFA3/PC_G_EU4" CO2="14079.46" CO="492.39" HC="2.63" NOx="5.53" PMx="0.46" fuel="6.05" electricity="0.00" noise="81.06" route="routetop" type="cfm_slow" waiting="0.00" lane="left_0" pos="44.96" speed="46.98" angle="103.64" x="53.34" y="-0.83"/>
        <vehicle id="cfm_slow_2" eclass="HBEFA3/PC_G_EU4" CO2="14079.46" CO="492.39" HC="2.63" NOx="5.53" PMx="0.46" fuel="6.05" electricity="0.00" noise="81.06" route="routebottom" type="cfm_slow" waiting="0.00" lane="bottom_0" pos="34.96" speed="46.98" angle="31.63" x="121.80" y="33.93"/>
        <vehicle id="cfm_slow_3" eclass="HBEFA3/PC_G_EU4" CO2="14079.46" CO="492.39" HC="2.63" NOx="5.53" PMx="0.46" fuel="6.05" electricity="0.00" noise="81.06" route="routebottom" type="cfm_slow" waiting="0.00" lane="right_0" pos="24.96" speed="46.98" angle="319.61" x="109.89" y="109.78"/>
        <vehicle id="cfm_slow_4" eclass="HBEFA3/PC_G_EU4" CO2="14079.46" CO="492.39" HC="2.63" NOx="5.53" PMx="0.46" fuel="6.05" electricity="0.00" noise="81.06" route="routetop" type="cfm_slow" waiting="0.00" lane="top_0" pos="14.96" speed="46.98" angle="247.52" x="34.08" y="121.88"/>
    </timestep>
    <timestep time="9.06">
        <vehicle id="cfm_slow_0" eclass="HBEFA3/PC_G_EU4" CO2="14077.53" CO="492.36" HC="2.63" NOx="5.53" PMx="0.46" fuel="6.05" electricity="0.00" noise="81.06" route="routetop" type="cfm_slow" waiting="0.00" lane="left_0" pos="5.43" speed="46.98" angle="174.73" x="-0.69" y="52.55"/>
        <vehicle id="cfm_slow_1" eclass="HBEFA3/PC_G_EU4" CO2="14077.53" CO="492.36" HC="2.63" NOx="5.53" PMx="0.46" fuel="6.05" electricity="0.00" noise="81.06" route="routetop" type="cfm_slow" waiting="0.00" lane="left_0" pos="45.43" speed="46.98" angle="102.78" x="54.29" y="-0.97"/>
        <vehicle id="cfm_slow_2" eclass="HBEFA3/PC_G_EU4" CO2="14077.53" CO="492.36" HC="2.63" NOx="5.53" PMx="0.46" fuel="6.05" electricity="0.00" noise="81.06" route="routebottom" type="cfm_slow" waiting="0.00" lane="bottom_0" pos="35.43" speed="46.98" angle="30.76" x="122.23" y="34.79"/>
        <vehicle id="cfm_slow_3" eclass="HBEFA3/PC_G_EU4" CO2="14077.53" CO="492.36" HC="2.63" NOx="5.53" PMx="0.46" fuel="6.05" electricity="0.00" noise="81.06" route="routebottom" type="cfm_slow" waiting="0.00" lane="right_0" pos="25.43" speed="46.98" angle="318.75" x="109.21" y="110.46"/>
        <vehicle id="cfm_slow_4" eclass="HBEFA3/PC_G_EU4" CO2="14077.53" CO="492.36" HC="2.63" NOx="5.53" PMx="0.46" fuel="6.05" electricity="0.00" noise="81.06" route="routetop" type="cfm_slow" waiting="0.00" lane="top_0" pos="15.43" speed="46.98" angle="246.73" x="33.22" y="121.44"/>
    </timestep>
    <timestep time="9.07">
        <vehicle id="cfm_slow_0" eclass="HBEFA3/PC_G_EU4" CO2="14075.62" CO="492.32" HC="2.63" NOx="5.53" PMx="0.46" fuel="6.05" electricity="0.00" noise="81.06" route="routetop" type="cfm_slow" waiting="0.00" lane="left_0" pos="5.90" speed="46.98" angle="173.85" x="-0.52" y="51.61"/>
        <vehicle id="cfm_slow_1" eclass="HBEFA3/PC_G_EU4" CO2="14075.62" CO="492.32" HC="2.63" NOx="5.53" PMx="0.46" fuel="6.05" electricity="0.00" noise="81.06" route="routetop" type="cfm_slow" waiting="0.00" lane="left_0" pos="45.90" speed="46.98" angle="101.92" x="55.24" y="-1.10"/>
        <vehicle id="cfm_slow_2" eclass="HBEFA3/PC_G_EU4" CO2="14075.62" CO="492.32" HC="2.63" NOx="5.53" PMx="0.46" fuel="6.05" electricity="0.00" noise="81.06" route="routebottom" type="cfm_slow" waiting="0.00" lane="bottom_0" pos="35.90" speed="46.98" angle="29.94" x="122.67" y="35.65"/>
        <vehicle id="cfm_slow_3" eclass="HBEFA3/PC_G_EU4" CO2="14075.62" CO="492.32" HC="2.63" NOx="5.53" PMx="0.46" fuel="6.05" electricity="0.00" noise="81.06" route="routebottom" type="cfm_slow" waiting="0.00" lane="right_0" pos="25.90" speed="46.98" angle="317.95" x="108.52" y="111.12"/>
        <vehicle id="cfm_slow_4" eclass="HBEFA3/PC_G_EU4" CO2="14075.62" CO="492.32" HC="2.63" NOx="5.53" PMx="0.46" fuel="6.05" electricity="0.00" noise="81.06" route="routetop" type="cfm_slow" waiting="0.00" lane="top_0" pos="15.90" speed="46.98" angle="245.88" x="32.38" y="120.98"/>
    </timestep>
    <timestep time="9.08">
        <vehicle id="cfm_slow_0" eclass="HBEFA3/PC_G_EU4" CO2="14073.72" CO="492.28" HC="2.63" NOx="5.53" PMx="0.46" fuel="6.05" electricity="0.00" noise="81.06" route="routetop" type="cfm_slow" waiting="0.00" lane="left_0" pos="6.37" speed="46.98" angle="173.01" x="-0.34" y="50.66"/>
        <vehicle id="cfm_slow_1" eclass="HBEFA3/PC_G_EU4" CO2="14073.72" CO="492.28" HC="2.63" NOx="5.53" PMx="0.46" fuel="6.05" electricity="0.00" noise="81.06" route="routetop" type="cfm_slow" waiting="0.00" lane="left_0" pos="46.37" speed="46.98" angle="101.11" x="56.20" y="-1.22"/>
        <vehicle id="cfm_slow_2" eclass="HBEFA3/PC_G_EU4" CO2="14073.72" CO="492.28" HC="2.63" NOx="5.53" PMx="0.46" fuel="6.05" electricity="0.00" noise="81.06" route="routebottom" type="cfm_slow" waiting="0.00" lane="bottom_0" pos="36.37" speed="46.98" angle="29.04" x="123.06" y="36.53"/>
        <vehicle id="cfm_slow_3" eclass="HBEFA3/PC_G_EU4" CO2="14073.72" CO="492.28" HC="2.63" NOx="5.53" PMx="0.46" fuel="6.05" electricity="0.00" noise="81.06" route="routebottom" type="cfm_slow" waiting="0.00" lane="right_0" pos="26.37" speed="46.98" angle="317.09" x="107.81" y="111.78"/>
        <vehicle id="cfm_slow_4" eclass="HBEFA3/PC_G_EU4" CO2="14073.72" CO="492.28" HC="2.63" NOx="5.53" PMx="0.46" fuel="6.05" electricity="0.00" noise="81.06" route="routetop" type="cfm_slow" waiting="0.00" lane="top_0" pos="16.37" speed="46.98" angle="245.04" x="31.53" y="120.51"/>
    </timestep>
    <timestep time="9.09">
        <vehicle id="cfm_slow_0" eclass="HBEFA3/PC_G_EU4" CO2="14071.84" CO="492.25" HC="2.63" NOx="5.53" PMx="0.46" fuel="6.05" electricity="0.00" noise="81.06" route="routetop" type="cfm_slow" waiting="0.00" lane="left_0" pos="6.84" speed="46.98" angle="172.16" x="-0.13" y="49.72"/>
        <vehicle id="cfm_slow_1" eclass="HBEFA3/PC_G_EU4" CO2="14071.84" CO="492.25" HC="2.63" NOx="5.53" PMx="0.46" fuel="6.05" electricity="0.00" noise="81.06" route="routetop" type="cfm_slow" waiting="0.00" lane="left_0" pos="46.84" speed="46.98" angle="100.24" x="57.16" y="-1.32"/>
        <vehicle id="cfm_slow_2" eclass="HBEFA3/PC_G_EU4" CO2="14071.84" CO="492.25" HC="2.63" NOx="5.53" PMx="0.46" fuel="6.05" electricity="0.00" noise="81.06" route="routebottom" type="cfm_slow" waiting="0.00" lane="bottom_0" pos="36.84" speed="46.98" angle="28.15" x="123.45" y="37.41"/>
        <vehicle id="cfm_slow_3" eclass="HBEFA3/PC_G_EU4" CO2="14071.84" CO="492.25" HC="2.63" NOx="5.53" PMx="0.46" fuel="6.05" electricity="0.00" noise="81.06" route="routebottom" type="cfm_slow" waiting="0.00" lane="right_0" pos="26.84" speed="46.98" angle="316.26" x="107.11" y="112.43"/>
        <vehicle id="cfm_slow_4" eclass="HBEFA3/PC_G_EU4" CO2="14071.84" CO="492.25" HC="2.63" NOx="5.53" PMx="0.46" fuel="6.05" electricity="0.00" noise="81.06" route="routetop" type="cfm_slow" waiting="0.00" lane="top_0" pos="16.84" speed="46.98" angle="244.23" x="30.70" y="120.03"/>
    </timestep>
    <timestep time="9.10">
        <vehicle id="cfm_slow_0" eclass="HBEFA3/PC_G_EU4" CO2="14069.98" CO="492.22" HC="2.63" NOx="5.53" PMx="0.46" fuel="6.05" electricity="0.00" noise="81.06" route="routetop" type="cfm_slow" waiting="0.00" lane="left_0" pos="7.31" speed="46.98" angle="171.29" x="0.08" y="48.78"/>
        <vehicle id="cfm_slow_1" eclass="HBEFA3/PC_G_EU4" CO2="14069.98" CO="492.22" HC="2.63" NOx="5.53" PMx="0.46" fuel="6.05" electricity="0.00" noise="81.06" route="routetop" type="cfm_slow" waiting="0.00" lane="left_0" pos="47.31" speed="46.98" angle="99.36" x="58.12" y="-1.41"/>
        <vehicle id="cfm_slow_2" eclass="HBEFA3/PC_G_EU4" CO2="14069.98" CO="492.22" HC="2.63" NOx="5.53" PMx="0.46" fuel="6.05" electricity="0.00" noise="81.06" route="routebottom" type="cfm_slow" waiting="0.00" lane="bottom_0" pos="37.31" speed="46.98" angle="27.34" x="123.84" y="38.29"/>
        <vehicle id="cfm_slow_3" eclass="HBEFA3/PC_G_EU4" CO2="14069.98" CO="492.22" HC="2.63" NOx="5.53" PMx="0.46" fuel="6.05" electricity="0.00" noise="81.06" route="routebottom" type="cfm_slow" waiting="0.00" lane="right_0" pos="27.31" speed="46.98" angle="315.38" x="106.37" y="113.06"/>
        <vehicle id="cfm_slow_4" eclass="HBEFA3/PC_G_EU4" CO2="14069.98" CO="492.22" HC="2.63" NOx="5.53" PMx="0.46" fuel="6.05" electricity="0.00" noise="81.06" route="routetop" type="cfm_slow" waiting="0.00" lane="top_0" pos="17.31" speed="46.98" angle="243.37" x="29.87" y="119.54"/>
    </timestep>
    <timestep time="9.11">
        <vehicle id="cfm_slow_0" eclass="HBEFA3/PC_G_EU4" CO2="14068.14" CO="492.18" HC="2.63" NOx="5.53" PMx="0.46" fuel="6.05" electricity="0.00" noise="81.06" route="routetop" type="cfm_slow" waiting="0.00" lane="left_0" pos="7.78" speed="46.98" angle="170.48" x="0.30" y="47.84"/>
        <vehicle id="cfm_slow_1" eclass="HBEFA3/PC_G_EU4" CO2="14068.14" CO="492.18" HC="2.63" NOx="5.53" PMx="0.46" fuel="6.05" electricity="0.00" noise="81.06" route="routetop" type="cfm_slow" waiting="0.00" lane="left_0" pos="47.78" speed="46.98" angle="98.55" x="59.08" y="-1.48"/>
        <vehicle id="cfm_slow_2" eclass="HBEFA3/PC_G_EU4" CO2="14068.14" CO="492.18" HC="2.63" NOx="5.53" PMx="0.46" fuel="6.05" electricity="0.00" noise="81.06" route="routebottom" type="cfm_slow" waiting="0.00" lane="bottom_0" pos="37.78" speed="46.98" angle="26.47" x="124.19" y="39.19"/>
        <vehicle id="cfm_slow_3" eclass="HBEFA3/PC_G_EU4" CO2="14068.14" CO="492.18" HC="2.63" NOx="5.53" PMx="0.46" fuel="6.05" electricity="0.00" noise="81.06" route="routebottom" type="cfm_slow" waiting="0.00" lane="right_0" pos="27.78" speed="46.98" angle="314.45" x="105.64" y="113.68"/>
        <vehicle id="cfm_slow_4" eclass="HBEFA3/PC_G_EU4" CO2="14068.14" CO="492.18" HC="2.63" NOx="5.53" PMx="0.46" fuel="6.05" electricity="0.00" noise="81.06" route="routetop" type="cfm_slow" waiting="0.00" lane="top_0" pos="17.78" speed="46.98" angle="242.51" x="29.04" y="119.04"/>
    </timestep>
    <timestep time="9.12">
        <vehicle id="cfm_slow_0" eclass="HBEFA3/PC_G_EU4" CO2="14066.31" CO="492.15" HC="2.63" NOx="5.53" PMx="0.46" fuel="6.05" electricity="0.00" noise="81.06" route="routetop" type="cfm_slow" waiting="0.00" lane="left_0" pos="8.25" speed="46.98" angle="169.60" x="0.55" y="46.91"/>
        <vehicle id="cfm_slow_1" eclass="HBEFA3/PC_G_EU4" CO2="14066.31" CO="492.15" HC="2.63" NOx="5.53" PMx="0.46" fuel="6.05" electricity="0.00" noise="81.06" route="routetop" type="cfm_slow" waiting="0.00" lane="left_0" pos="48.25" speed="46.98" angle="97.68" x="60.04" y="-1.54"/>
        <vehicle id="cfm_slow_2" eclass="HBEFA3/PC_G_EU4" CO2="14066.31" CO="492.15" HC="2.63" NOx="5.53" PMx="0.46" fuel="6.05" electricity="0.00" noise="81.06" route="routebottom" type="cfm_slow" waiting="0.00" lane="bottom_0" pos="38.25" speed="46.98" angle="25.61" x="124.55" y="40.08"/>
        <vehicle id="cfm_slow_3" eclass="HBEFA3/PC_G_EU4" CO2="14066.31" CO="492.15" HC="2.63" NOx="5.53" PMx="0.46" fuel="6.05" electricity="0.00" noise="81.06" route="routebottom" type="cfm_slow" waiting="0.00" lane="right_0" pos="28.25" speed="46.98" angle="313.61" x="104.90" y="114.30"/>
        <vehicle id="cfm_slow_4" eclass="HBEFA3/PC_G_EU4" CO2="14066.31" CO="492.15" HC="2.63" NOx="5.53" PMx="0.46" fuel="6.05" electricity="0.00" noise="81.06" route="routetop" type="cfm_slow" waiting="0.00" lane="top_0" pos="18.25" speed="46.98" angle="241.69" x="28.23" y="118.52"/>
    </timestep>
    <timestep time="9.13">
        <vehicle id="cfm_slow_0" eclass="HBEFA3/PC_G_EU4" CO2="14064.50" CO="492.11" HC="2.63" NOx="5.53" PMx="0.46" fuel="6.05" electricity="0.00" noise="81.06" route="routetop" type="cfm_slow" waiting="0.00" lane="left_0" pos="8.72" speed="46.98" angle="168.73" x="0.80" y="45.98"/>
        <vehicle id="cfm_slow_1" eclass="HBEFA3/PC_G_EU4" CO2="14064.50" CO="492.11" HC="2.63" NOx="5.53" PMx="0.46" fuel="6.05" electricity="0.00" noise="81.06" route="routetop" type="cfm_slow" waiting="0.00" lane="left_0" pos="48.72" speed="46.98" angle="96.87" x="61.00" y="-1.60"/>
        <vehicle id="cfm_slow_2" eclass="HBEFA3/PC_G_EU4" CO2="14064.50" CO="492.11" HC="2.63" NOx="5.53" PMx="0.46" fuel="6.05" electricity="0.00" noise="81.06" route="routebottom" type="cfm_slow" waiting="0.00" lane="bottom_0" pos="38.72" speed="46.98" angle="24.81" x="124.89" y="40.98"/>
        <vehicle id="cfm_slow_3" eclass="HBEFA3/PC_G_EU4" CO2="14064.50" CO="492.11" HC="2.63" NOx="5.53" PMx="0.46" fuel="6.05" electricity="0.00" noise="81.06" route="routebottom" type="cfm_slow" waiting="0.00" lane="right_0" pos="28.72" speed="46.98" angle="312.75" x="104.14" y="114.89"/>
        <vehicle id="cfm_slow_4" eclass="HBEFA3/PC_G_EU4" CO2="14064.50" CO="492.11" HC="2.63" NOx="5.53" PMx="0.46" fuel="6.05" electricity="0.00" noise="81.06" route="routetop" type="cfm_slow" waiting="0.00" lane="top_0" pos="18.72" speed="46.98" angle="240.79" x="27.43" y="117.99"/>
    </timestep>
    <timestep time="9.14">
        <vehicle id="cfm_slow_0" eclass="HBEFA3/PC_G_EU4" CO2="14062.71" CO="492.08" HC="2.63" NOx="5.53" PMx="0.46" fuel="6.05" electricity="0.00" noise="81.06" route="routetop" type="cfm_slow" waiting="0.00" lane="left_0" pos="9.19" speed="46.98" angle="167.92" x="1.07" y="45.06"/>
        <vehicle id="cfm_slow_1" eclass="HBEFA3/PC_G_EU4" CO2="14062.71" CO="492.08" HC="2.63" NOx="5.53" PMx="0.46" fuel="6.05" electricity="0.00" noise="81.06" route="routetop" type="cfm_slow" waiting="0.00" lane="left_0" pos="49.19" speed="46.98" angle="95.99" x="61.96" y="-1.62"/>
        <vehicle id="cfm_slow_2" eclass="HBEFA3/PC_G_EU4" CO2="14062.71" CO="492.08" HC="2.63" NOx="5.53" PMx="0.46" fuel="6.05" electricity="0.00" noise="81.06" route="routebottom" type="cfm_slow" waiting="0.00" lane="bottom_0" pos="39.19" speed="46.98" angle="23.96" x="125.22" y="41.89"/>
        <vehicle id="cfm_slow_3" eclass="HBEFA3/PC_G_EU4" CO2="14062.71" CO="492.08" HC="2.63" NOx="5.53" PMx="0.46" fuel="6.05" electricity="0.00" noise="81.06" route="routebottom" type="cfm_slow" waiting="0.00" lane="right_0" pos="29.19" speed="46.98" angle="311.90" x="103.38" y="115.49"/>
        <vehicle id="cfm_slow_4" eclass="HBEFA3/PC_G_EU4" CO2="14062.71" CO="492.08" HC="2.63" NOx="5.53" PMx="0.46" fuel="6.05" electricity="0.00" noise="81.06" route="routetop" type="cfm_slow" waiting="0.00" lane="top_0" pos="19.19" speed="46.98" angle="239.94" x="26.63" y="117.46"/>
    </timestep>
    <timestep time="9.15">
        <vehicle id="cfm_slow_0" eclass="HBEFA3/PC_G_EU4" CO2="14060.93" CO="492.05" HC="2.63" NOx="5.53" PMx="0.46" fuel="6.04" electricity="0.00" noise="81.06" route="routetop" type="cfm_slow" waiting="0.00" lane="left_0" pos="9.66" speed="46.98" angle="167.06" x="1.35" y="44.14"/>
        <vehicle id="cfm_slow_1" eclass="HBEFA3/PC_G_EU4" CO2="14060.93" CO="492.05" HC="2.63" NOx="5.53" PMx="0.46" fuel="6.04" electricity="0.00" noise="81.06" route="routetop" type="cfm_slow" waiting="0.00" lane="left_0" pos="49.66" speed="46.98" angle="95.11" x="62.93" y="-1.64"/>
        <vehicle id="cfm_slow_2" eclass="HBEFA3/PC_G_EU4" CO2="14060.93" CO="492.05" HC="2.63" NOx="5.53" PMx="0.46" fuel="6.04" electricity="0.00" noise="81.06" route="routebottom" type="cfm_slow" waiting="0.00" lane="bottom_0" pos="39.66" speed="46.98" angle="23.14" x="125.55" y="42.79"/>
        <vehicle id="cfm_slow_3" eclass="HBEFA3/PC_G_EU4" CO2="14060.93" CO="492.05" HC="2.63" NOx="5.53" PMx="0.46" fuel="6.04" electricity="0.00" noise="81.06" route="routebottom" type="cfm_slow" waiting="0.00" lane="right_0" pos="29.66" speed="46.98" angle="311.09" x="102.61" y="116.07"/>
        <vehicle id="cfm_slow_4" eclass="HBEFA3/PC_G_EU4" CO2="14060.93" CO="492.05" HC="2.63" NOx="5.53" PMx="0.46" fuel="6.04" electricity="0.00" noise="81.06" route="routetop" type="cfm_slow" waiting="0.00" lane="top_0" pos="19.66" speed="46.98" angle="239.08" x="25.85" y="116.89"/>
    </timestep>
    <timestep time="9.16">
        <vehicle id="cfm_slow_0" eclass="HBEFA3/PC_G_EU4" CO2="14059.17" CO="492.01" HC="2.63" NOx="5.52" PMx="0.46" fuel="6.04" electricity="0.00" noise="81.06" route="routetop" type="cfm_slow" waiting="0.00" lane="left_0" pos="10.13" speed="46.98" angle="166.21" x="1.64" y="43.22"/>
        <vehicle id="cfm_slow_1" eclass="HBEFA3/PC_G_EU4" CO2="14059.17" CO="492.01" HC="2.63" NOx="5.52" PMx="0.46" fuel="6.04" electricity="0.00" noise="81.06" route="routebottom" type="cfm_slow" waiting="0.00" lane="bottom_0" pos="0.13" speed="46.98" angle="94.26" x="63.95" y="-1.64"/>
        <vehicle id="cfm_slow_2" eclass="HBEFA3/PC_G_EU4" CO2="14059.17" CO="492.01" HC="2.63" NOx="5.52" PMx="0.46" fuel="6.04" electricity="0.00" noise="81.06" route="routebottom" type="cfm_slow" waiting="0.00" lane="bottom_0" pos="40.13" speed="46.98" angle="22.32" x="125.85" y="43.71"/>
        <vehicle id="cfm_slow_3" eclass="HBEFA3/PC_G_EU4" CO2="14059.17" CO="492.01" HC="2.63" NOx="5.52" PMx="0.46" fuel="6.04" electricity="0.00" noise="81.06" route="routebottom" type="cfm_slow" waiting="0.00" lane="right_0" pos="30.13" speed="46.98" angle="310.24" x="101.83" y="116.63"/>
        <vehicle id="cfm_slow_4" eclass="HBEFA3/PC_G_EU4" CO2="14059.17" CO="492.01" HC="2.63" NOx="5.52" PMx="0.46" fuel="6.04" electricity="0.00" noise="81.06" route="routetop" type="cfm_slow" waiting="0.00" lane="top_0" pos="20.13" speed="46.98" angle="238.21" x="25.07" y="116.33"/>
    </timestep>
    <timestep time="9.17">
        <vehicle id="cfm_slow_0" eclass="HBEFA3/PC_G_EU4" CO2="14057.43" CO="491.98" HC="2.63" NOx="5.52" PMx="0.46" fuel="6.04" electricity="0.00" noise="81.06" route="routetop" type="cfm_slow" waiting="0.00" lane="left_0" pos="10.60" speed="46.98" angle="165.39" x="1.95" y="42.31"/>
        <vehicle id="cfm_slow_1" eclass="HBEFA3/PC_G_EU4" CO2="14057.43" CO="491.98" HC="2.63" NOx="5.52" PMx="0.46" fuel="6.04" electricity="0.00" noise="81.06" route="routebottom" type="cfm_slow" waiting="0.00" lane="bottom_0" pos="0.60" speed="46.98" angle="93.40" x="64.91" y="-1.63"/>
        <vehicle id="cfm_slow_2" eclass="HBEFA3/PC_G_EU4" CO2="14057.43" CO="491.98" HC="2.63" NOx="5.52" PMx="0.46" fuel="6.04" electricity="0.00" noise="81.06" route="routebottom" type="cfm_slow" waiting="0.00" lane="bottom_0" pos="40.60" speed="46.98" angle="21.44" x="126.13" y="44.63"/>
        <vehicle id="cfm_slow_3" eclass="HBEFA3/PC_G_EU4" CO2="14057.43" CO="491.98" HC="2.63" NOx="5.52" PMx="0.46" fuel="6.04" electricity="0.00" noise="81.06" route="routebottom" type="cfm_slow" waiting="0.00" lane="right_0" pos="30.60" speed="46.98" angle="309.38" x="101.05" y="117.20"/>
        <vehicle id="cfm_slow_4" eclass="HBEFA3/PC_G_EU4" CO2="14057.43" CO="491.98" HC="2.63" NOx="5.52" PMx="0.46" fuel="6.04" electricity="0.00" noise="81.06" route="routetop" type="cfm_slow" waiting="0.00" lane="top_0" pos="20.60" speed="46.98" angle="237.40" x="24.29" y="115.76"/>
    </timestep>
    <timestep time="9.18">
        <vehicle id="cfm_slow_0" eclass="HBEFA3/PC_G_EU4" CO2="14055.70" CO="491.95" HC="2.63" NOx="5.52" PMx="0.46" fuel="6.04" electricity="0.00" noise="81.06" route="routetop" type="cfm_slow" waiting="0.00" lane="left_0" pos="11.07" speed="46.98" angle="164.52" x="2.28" y="41.40"/>
        <vehicle id="cfm_slow_1" eclass="HBEFA3/PC_G_EU4" CO2="14055.70" CO="491.95" HC="2.63" NOx="5.52" PMx="0.46" fuel="6.04" electricity="0.00" noise="81.06" route="routebottom" type="cfm_slow" waiting="0.00" lane="bottom_0" pos="1.07" speed="46.98" angle="92.54" x="65.88" y="-1.61"/>
        <vehicle id="cfm_slow_2" eclass="HBEFA3/PC_G_EU4" CO2="14055.70" CO="491.95" HC="2.63" NOx="5.52" PMx="0.46" fuel="6.04" electricity="0.00" noise="81.06" route="routebottom" type="cfm_slow" waiting="0.00" lane="bottom_0" pos="41.07" speed="46.98" angle="20.63" x="126.42" y="45.55"/>
        <vehicle id="cfm_slow_3" eclass="HBEFA3/PC_G_EU4" CO2="14055.70" CO="491.95" HC="2.63" NOx="5.52" PMx="0.46" fuel="6.04" electricity="0.00" noise="81.06" route="routebottom" type="cfm_slow" waiting="0.00" lane="right_0" pos="31.07" speed="46.98" angle="308.58" x="100.26" y="117.74"/>
        <vehicle id="cfm_slow_4" eclass="HBEFA3/PC_G_EU4" CO2="14055.70" CO="491.95" HC="2.63" NOx="5.52" PMx="0.46" fuel="6.04" electricity="0.00" noise="81.06" route="routetop" type="cfm_slow" waiting="0.00" lane="top_0" pos="21.07" speed="46.98" angle="236.55" x="23.53" y="115.17"/>
    </timestep>
    <timestep time="9.19">
        <vehicle id="cfm_slow_0" eclass="HBEFA3/PC_G_EU4" CO2="14053.98" CO="491.92" HC="2.63" NOx="5.52" PMx="0.46" fuel="6.04" electricity="0.00" noise="81.06" route="routetop" type="cfm_slow" waiting="0.00" lane="left_0" pos="11.54" speed="46.98" angle="163.70" x="2.61" y="40.49"/>
        <vehicle id="cfm_slow_1" eclass="HBEFA3/PC_G_EU4" CO2="14053.98" CO="491.92" HC="2.63" NOx="5.52" PMx="0.46" fuel="6.04" electricity="0.00" noise="81.06" route="routebottom" type="cfm_slow" waiting="0.00" lane="bottom_0" pos="1.54" speed="46.98" angle="91.73" x="66.84" y="-1.57"/>
        <vehicle id="cfm_slow_2" eclass="HBEFA3/PC_G_EU4" CO2="14053.98" CO="491.92" HC="2.63" NOx="5.52" PMx="0.46" fuel="6.04" electricity="0.00" noise="81.06" route="routebottom" type="cfm_slow" waiting="0.00" lane="bottom_0" pos="41.54" speed="46.98" angle="19.75" x="126.66" y="46.48"/>
        <vehicle id="cfm_slow_3" eclass="HBEFA3/PC_G_EU4" CO2="14053.98" CO="491.92" HC="2.63" NOx="5.52" PMx="0.46" fuel="6.04" electricity="0.00" noise="81.06" route="routebottom" type="cfm_slow" waiting="0.00" lane="right_0" pos="31.54" speed="46.98" angle="307.72" x="99.46" y="118.28"/>
        <vehicle id="cfm_slow_4" eclass="HBEFA3/PC_G_EU4" CO2="14053.98" CO="491.92" HC="2.63" NOx="5.52" PMx="0.46" fuel="6.04" electricity="0.00" noise="81.06" route="routetop" type="cfm_slow" waiting="0.00" lane="top_0" pos="21.54" speed="46.98" angle="235.70" x="22.77" y="114.57"/>
    </timestep>
    <timestep time="9.20">
        <vehicle id="cfm_slow_0" eclass="HBEFA3/PC_G_EU4" CO2="14052.29" CO="491.89" HC="2.63" NOx="5.52" PMx="0.46" fuel="6.04" electricity="0.00" noise="81.06" route="routetop" type="cfm_slow" waiting="0.00" lane="left_0" pos="12.01" speed="46.98" angle="162.86" x="2.96" y="39.60"/>
        <vehicle id="cfm_slow_1" eclass="HBEFA3/PC_G_EU4" CO2="14052.29" CO="491.89" HC="2.63" NOx="5.52" PMx="0.46" fuel="6.04" electricity="0.00" noise="81.06" route="routebottom" type="cfm_slow" waiting="0.00" lane="bottom_0" pos="2.01" speed="46.98" angle="90.88" x="67.80" y="-1.51"/>
        <vehicle id="cfm_slow_2" eclass="HBEFA3/PC_G_EU4" CO2="14052.29" CO="491.89" HC="2.63" NOx="5.52" PMx="0.46" fuel="6.04" electricity="0.00" noise="81.06" route="routebottom" type="cfm_slow" waiting="0.00" lane="bottom_0" pos="42.01" speed="46.98" angle="18.87" x="126.91" y="47.41"/>
        <vehicle id="cfm_slow_3" eclass="HBEFA3/PC_G_EU4" CO2="14052.29" CO="491.89" HC="2.63" NOx="5.52" PMx="0.46" fuel="6.04" electricity="0.00" noise="81.06" route="routebottom" type="cfm_slow" waiting="0.00" lane="right_0" pos="32.01" speed="46.98" angle="306.90" x="98.66" y="118.81"/>
        <vehicle id="cfm_slow_4" eclass="HBEFA3/PC_G_EU4" CO2="14052.29" CO="491.89" HC="2.63" NOx="5.52" PMx="0.46" fuel="6.04" electricity="0.00" noise="81.06" route="routetop" type="cfm_slow" waiting="0.00" lane="top_0" pos="22.01" speed="46.98" angle="234.89" x="22.02" y="113.97"/>
    </timestep>
    <timestep time="9.21">
        <vehicle id="cfm_slow_0" eclass="HBEFA3/PC_G_EU4" CO2="14050.60" CO="491.86" HC="2.63" NOx="5.52" PMx="0.46" fuel="6.04" electricity="0.00" noise="81.06" route="routetop" type="cfm_slow" waiting="0.00" lane="left_0" pos="12.48" speed="46.98" angle="162.02" x="3.32" y="38.70"/>
        <vehicle id="cfm_slow_1" eclass="HBEFA3/PC_G_EU4" CO2="14050.60" CO="491.86" HC="2.63" NOx="5.52" PMx="0.46" fuel="6.04" electricity="0.00" noise="81.06" route="routebottom" type="cfm_slow" waiting="0.00" lane="bottom_0" pos="2.48" speed="46.98" angle="90.03" x="68.76" y="-1.45"/>
        <vehicle id="cfm_slow_2" eclass="HBEFA3/PC_G_EU4" CO2="14050.60" CO="491.86" HC="2.63" NOx="5.52" PMx="0.46" fuel="6.04" electricity="0.00" noise="81.06" route="routebottom" type="cfm_slow" waiting="0.00" lane="bottom_0" pos="42.48" speed="46.98" angle="18.08" x="127.14" y="48.35"/>
        <vehicle id="cfm_slow_3" eclass="HBEFA3/PC_G_EU4" CO2="14050.60" CO="491.86" HC="2.63" NOx="5.52" PMx="0.46" fuel="6.04" electricity="0.00" noise="81.06" route="routebottom" type="cfm_slow" waiting="0.00" lane="right_0" pos="32.48" speed="46.98" angle="306.07" x="97.83" y="119.31"/>
        <vehicle id="cfm_slow_4" eclass="HBEFA3/PC_G_EU4" CO2="14050.60" CO="491.86" HC="2.63" NOx="5.52" PMx="0.46" fuel="6.04" electricity="0.00" noise="81.06" route="routetop" type="cfm_slow" waiting="0.00" lane="top_0" pos="22.48" speed="46.98" angle="234.01" x="21.29" y="113.34"/>
    </timestep>
    <timestep time="9.22">
        <vehicle id="cfm_slow_0" eclass="HBEFA3/PC_G_EU4" CO2="14048.94" CO="491.82" HC="2.63" NOx="5.52" PMx="0.46" fuel="6.04" electricity="0.00" noise="81.06" route="routetop" type="cfm_slow" waiting="0.00" lane="left_0" pos="12.95" speed="46.98" angle="161.23" x="3.69" y="37.81"/>
        <vehicle id="cfm_slow_1" eclass="HBEFA3/PC_G_EU4" CO2="14048.94" CO="491.82" HC="2.63" NOx="5.52" PMx="0.46" fuel="6.04" electricity="0.00" noise="81.06" route="routebottom" type="cfm_slow" waiting="0.00" lane="bottom_0" pos="2.95" speed="46.98" angle="89.21" x="69.72" y="-1.36"/>
        <vehicle id="cfm_slow_2" eclass="HBEFA3/PC_G_EU4" CO2="14048.94" CO="491.82" HC="2.63" NOx="5.52" PMx="0.46" fuel="6.04" electricity="0.00" noise="81.06" route="routebottom" type="cfm_slow" waiting="0.00" lane="bottom_0" pos="42.95" speed="46.98" angle="17.25" x="127.36" y="49.29"/>
        <vehicle id="cfm_slow_3" eclass="HBEFA3/PC_G_EU4" CO2="14048.94" CO="491.82" HC="2.63" NOx="5.52" PMx="0.46" fuel="6.04" electricity="0.00" noise="81.06" route="routebottom" type="cfm_slow" waiting="0.00" lane="right_0" pos="32.95" speed="46.98" angle="305.22" x="97.01" y="119.81"/>
        <vehicle id="cfm_slow_4" eclass="HBEFA3/PC_G_EU4" CO2="14048.94" CO="491.82" HC="2.63" NOx="5.52" PMx="0.46" fuel="6.04" electricity="0.00" noise="81.06" route="routetop" type="cfm_slow" waiting="0.00" lane="top_0" pos="22.95" speed="46.98" angle="233.13" x="20.55" y="112.72"/>
    </timestep>
    <timestep time="9.23">
        <vehicle id="cfm_slow_0" eclass="HBEFA3/PC_G_EU4" CO2="14047.28" CO="491.79" HC="2.63" NOx="5.52" PMx="0.46" fuel="6.04" electricity="0.00" noise="81.06" route="routetop" type="cfm_slow" waiting="0.00" lane="left_0" pos="13.42" speed="46.98" angle="160.37" x="4.08" y="36.93"/>
        <vehicle id="cfm_slow_1" eclass="HBEFA3/PC_G_EU4" CO2="14047.28" CO="491.79" HC="2.63" NOx="5.52" PMx="0.46" fuel="6.04" electricity="0.00" noise="81.06" route="routebottom" type="cfm_slow" waiting="0.00" lane="bottom_0" pos="3.42" speed="46.98" angle="88.36" x="70.68" y="-1.26"/>
        <vehicle id="cfm_slow_2" eclass="HBEFA3/PC_G_EU4" CO2="14047.28" CO="491.79" HC="2.63" NOx="5.52" PMx="0.46" fuel="6.04" electricity="0.00" noise="81.06" route="routebottom" type="cfm_slow" waiting="0.00" lane="bottom_0" pos="43.42" speed="46.98" angle="16.43" x="127.57" y="50.23"/>
        <vehicle id="cfm_slow_3" eclass="HBEFA3/PC_G_EU4" CO2="14047.28" CO="491.79" HC="2.63" NOx="5.52" PMx="0.46" fuel="6.04" electricity="0.00" noise="81.06" route="routebottom" type="cfm_slow" waiting="0.00" lane="right_0" pos="33.42" speed="46.98" angle="304.41" x="96.18" y="120.30"/>
        <vehicle id="cfm_slow_4" eclass="HBEFA3/PC_G_EU4" CO2="14047.28" CO="491.79" HC="2.63" NOx="5.52" PMx="0.46" fuel="6.04" electricity="0.00" noise="81.06" route="routetop" type="cfm_slow" waiting="0.00" lane="top_0" pos="23.42" speed="46.98" angle="232.33" x="19.84" y="112.08"/>
    </timestep>
    <timestep time="9.24">
        <vehicle id="cfm_slow_0" eclass="HBEFA3/PC_G_EU4" CO2="14045.65" CO="491.76" HC="2.63" NOx="5.52" PMx="0.46" fuel="6.04" electricity="0.00" noise="81.06" route="routetop" type="cfm_slow" waiting="0.00" lane="left_0" pos="13.89" speed="46.98" angle="159.51" x="4.47" y="36.05"/>
        <vehicle id="cfm_slow_1" eclass="HBEFA3/PC_G_EU4" CO2="14045.65" CO="491.76" HC="2.63" NOx="5.52" PMx="0.46" fuel="6.04" electricity="0.00" noise="81.06" route="routebottom" type="cfm_slow" waiting="0.00" lane="bottom_0" pos="3.89" speed="46.98" angle="87.55" x="71.64" y="-1.16"/>
        <vehicle id="cfm_slow_2" eclass="HBEFA3/PC_G_EU4" CO2="14045.65" CO="491.76" HC="2.63" NOx="5.52" PMx="0.46" fuel="6.04" electricity="0.00" noise="81.06" route="routebottom" type="cfm_slow" waiting="0.00" lane="bottom_0" pos="43.89" speed="46.98" angle="15.60" x="127.76" y="51.17"/>
        <vehicle id="cfm_slow_3" eclass="HBEFA3/PC_G_EU4" CO2="14045.65" CO="491.76" HC="2.63" NOx="5.52" PMx="0.46" fuel="6.04" electricity="0.00" noise="81.06" route="routebottom" type="cfm_slow" waiting="0.00" lane="right_0" pos="33.89" speed="46.98" angle="303.55" x="95.33" y="120.76"/>
        <vehicle id="cfm_slow_4" eclass="HBEFA3/PC_G_EU4" CO2="14045.65" CO="491.76" HC="2.63" NOx="5.52" PMx="0.46" fuel="6.04" electricity="0.00" noise="81.06" route="routetop" type="cfm_slow" waiting="0.00" lane="top_0" pos="23.89" speed="46.98" angle="231.47" x="19.13" y="111.42"/>
    </timestep>
    <timestep time="9.25">
        <vehicle id="cfm_slow_0" eclass="HBEFA3/PC_G_EU4" CO2="14044.02" CO="491.73" HC="2.63" NOx="5.52" PMx="0.46" fuel="6.04" electricity="0.00" noise="81.06" route="routetop" type="cfm_slow" waiting="0.00" lane="left_0" pos="14.36" speed="46.98" angle="158.70" x="4.89" y="35.18"/>
        <vehicle id="cfm_slow_1" eclass="HBEFA3/PC_G_EU4" CO2="14044.02" CO="491.73" HC="2.63" NOx="5.52" PMx="0.46" fuel="6.04" electricity="0.00" noise="81.06" route="routebottom" type="cfm_slow" waiting="0.00" lane="bottom_0" pos="4.36" speed="46.98" angle="86.69" x="72.59" y="-1.03"/>
        <vehicle id="cfm_slow_2" eclass="HBEFA3/PC_G_EU4" CO2="14044.02" CO="491.73" HC="2.63" NOx="5.52" PMx="0.46" fuel="6.04" electricity="0.00" noise="81.06" route="routebottom" type="cfm_slow" waiting="0.00" lane="bottom_0" pos="44.36" speed="46.98" angle="14.68" x="127.94" y="52.12"/>
        <vehicle id="cfm_slow_3" eclass="HBEFA3/PC_G_EU4" CO2="14044.02" CO="491.73" HC="2.63" NOx="5.52" PMx="0.46" fuel="6.04" electricity="0.00" noise="81.06" route="routebottom" type="cfm_slow" waiting="0.00" lane="right_0" pos="34.36" speed="46.98" angle="302.69" x="94.49" y="121.23"/>
        <vehicle id="cfm_slow_4" eclass="HBEFA3/PC_G_EU4" CO2="14044.02" CO="491.73" HC="2.63" NOx="5.52" PMx="0.46" fuel="6.04" electricity="0.00" noise="81.06" route="routetop" type="cfm_slow" waiting="0.00" lane="top_0" pos="24.36" speed="46.98" angle="230.67" x="18.43" y="110.76"/>
    </timestep>
    <timestep time="9.26">
        <vehicle id="cfm_slow_0" eclass="HBEFA3/PC_G_EU4" CO2="14042.42" CO="491.70" HC="2.63" NOx="5.52" PMx="0.46" fuel="6.04" electricity="0.00" noise="81.06" route="routetop" type="cfm_slow" waiting="0.00" lane="left_0" pos="14.83" speed="46.98" angle="157.82" x="5.32" y="34.32"/>
        <vehicle id="cfm_slow_1" eclass="HBEFA3/PC_G_EU4" CO2="14042.42" CO="491.70" HC="2.63" NOx="5.52" PMx="0.46" fuel="6.04" electricity="0.00" noise="81.06" route="routebottom" type="cfm_slow" waiting="0.00" lane="bottom_0" pos="4.83" speed="46.98" angle="85.83" x="73.55" y="-0.89"/>
        <vehicle id="cfm_slow_2" eclass="HBEFA3/PC_G_EU4" CO2="14042.42" CO="491.70" HC="2.63" NOx="5.52" PMx="0.46" fuel="6.04" electricity="0.00" noise="81.06" route="routebottom" type="cfm_slow" waiting="0.00" lane="bottom_0" pos="44.83" speed="46.98" angle="13.81" x="128.11" y="53.07"/>
        <vehicle id="cfm_slow_3" eclass="HBEFA3/PC_G_EU4" CO2="14042.42" CO="491.70" HC="2.63" NOx="5.52" PMx="0.46" fuel="6.04" electricity="0.00" noise="81.06" route="routebottom" type="cfm_slow" waiting="0.00" lane="right_0" pos="34.83" speed="46.98" angle="301.88" x="93.64" y="121.68"/>
        <vehicle id="cfm_slow_4" eclass="HBEFA3/PC_G_EU4" CO2="14042.42" CO="491.70" HC="2.63" NOx="5.52" PMx="0.46" fuel="6.04" electricity="0.00" noise="81.06" route="routetop" type="cfm_slow" waiting="0.00" lane="top_0" pos="24.83" speed="46.98" angle="229.83" x="17.74" y="110.09"/>
    </timestep>
    <timestep time="9.27">
        <vehicle id="cfm_slow_0" eclass="HBEFA3/PC_G_EU4" CO2="14040.82" CO="491.67" HC="2.63" NOx="5.52" PMx="0.46" fuel="6.04" electricity="0.00" noise="81.06" route="routetop" type="cfm_slow" waiting="0.00" lane="left_0" pos="15.30" speed="46.98" angle="156.98" x="5.75" y="33.46"/>
        <vehicle id="cfm_slow_1" eclass="HBEFA3/PC_G_EU4" CO2="14040.82" CO="491.67" HC="2.63" NOx="5.52" PMx="0.46" fuel="6.04" electricity="0.00" noise="81.06" route="routebottom" type="cfm_slow" waiting="0.00" lane="bottom_0" pos="5.30" speed="46.98" angle="84.99" x="74.50" y="-0.74"/>
        <vehicle id="cfm_slow_2" eclass="HBEFA3/PC_G_EU4" CO2="14040.82" CO="491.67" HC="2.63" NOx="5.52" PMx="0.46" fuel="6.04" electricity="0.00" noise="81.06" route="routebottom" type="cfm_slow" waiting="0.00" lane="bottom_0" pos="45.30" speed="46.98" angle="12.97" x="128.25" y="54.02"/>
        <vehicle id="cfm_slow_3" eclass="HBEFA3/PC_G_EU4" CO2="14040.82" CO="491.67" HC="2.63" NOx="5.52" PMx="0.46" fuel="6.04" electricity="0.00" noise="81.06" route="routebottom" type="cfm_slow" waiting="0.00" lane="right_0" pos="35.30" speed="46.98" angle="301.01" x="92.78" y="122.11"/>
        <vehicle id="cfm_slow_4" eclass="HBEFA3/PC_G_EU4" CO2="14040.82" CO="491.67" HC="2.63" NOx="5.52" PMx="0.46" fuel="6.04" electricity="0.00" noise="81.06" route="routetop" type="cfm_slow" waiting="0.00" lane="top_0" pos="25.30" speed="46.98" angle="228.98" x="17.06" y="109.41"/>
    </timestep>
    <timestep time="9.28">
        <vehicle id="cfm_slow_0" eclass="HBEFA3/PC_G_EU4" CO2="14039.24" CO="491.65" HC="2.63" NOx="5.52" PMx="0.46" fuel="6.03" electricity="0.00" noise="81.06" route="routetop" type="cfm_slow" waiting="0.00" lane="left_0" pos="15.76" speed="46.98" angle="156.15" x="6.21" y="32.62"/>
        <vehicle id="cfm_slow_1" eclass="HBEFA3/PC_G_EU4" CO2="14039.24" CO="491.65" HC="2.63" NOx="5.52" PMx="0.46" fuel="6.03" electricity="0.00" noise="81.06" route="routebottom" type="cfm_slow" waiting="0.00" lane="bottom_0" pos="5.76" speed="46.98" angle="84.10" x="75.44" y="-0.57"/>
        <vehicle id="cfm_slow_2" eclass="HBEFA3/PC_G_EU4" CO2="14039.24" CO="491.65" HC="2.63" NOx="5.52" PMx="0.46" fuel="6.03" electricity="0.00" noise="81.06" route="routebottom" type="cfm_slow" waiting="0.00" lane="bottom_0" pos="45.76" speed="46.98" angle="12.11" x="128.38" y="54.97"/>
        <vehicle id="cfm_slow_3" eclass="HBEFA3/PC_G_EU4" CO2="14039.24" CO="491.65" HC="2.63" NOx="5.52" PMx="0.46" fuel="6.03" electricity="0.00" noise="81.06" route="routebottom" type="cfm_slow" waiting="0.00" lane="right_0" pos="35.76" speed="46.98" angle="300.13" x="91.91" y="122.54"/>
        <vehicle id="cfm_slow_4" eclass="HBEFA3/PC_G_EU4" CO2="14039.24" CO="491.65" HC="2.63" NOx="5.52" PMx="0.46" fuel="6.03" electricity="0.00" noise="81.06" route="routetop" type="cfm_slow" waiting="0.00" lane="top_0" pos="25.76" speed="46.98" angle="228.19" x="16.38" y="108.72"/>
    </timestep>
    <timestep time="9.29">
        <vehicle id="cfm_slow_0" eclass="HBEFA3/PC_G_EU4" CO2="14037.68" CO="491.62" HC="2.62" NOx="5.51" PMx="0.46" fuel="6.03" electricity="0.00" noise="81.06" route="routetop" type="cfm_slow" waiting="0.00" lane="left_0" pos="16.23" speed="46.98" angle="155.29" x="6.68" y="31.77"/>
        <vehicle id="cfm_slow_1" eclass="HBEFA3/PC_G_EU4" CO2="14037.68" CO="491.62" HC="2.62" NOx="5.51" PMx="0.46" fuel="6.03" electricity="0.00" noise="81.06" route="routebottom" type="cfm_slow" waiting="0.00" lane="bottom_0" pos="6.23" speed="46.98" angle="83.21" x="76.39" y="-0.39"/>
        <vehicle id="cfm_slow_2" eclass="HBEFA3/PC_G_EU4" CO2="14037.68" CO="491.62" HC="2.62" NOx="5.51" PMx="0.46" fuel="6.03" electricity="0.00" noise="81.06" route="routebottom" type="cfm_slow" waiting="0.00" lane="bottom_0" pos="46.23" speed="46.98" angle="11.32" x="128.51" y="55.93"/>
        <vehicle id="cfm_slow_3" eclass="HBEFA3/PC_G_EU4" CO2="14037.68" CO="491.62" HC="2.62" NOx="5.51" PMx="0.46" fuel="6.03" electricity="0.00" noise="81.06" route="routebottom" type="cfm_slow" waiting="0.00" lane="right_0" pos="36.23" speed="46.98" angle="299.31" x="91.04" y="122.95"/>
        <vehicle id="cfm_slow_4" eclass="HBEFA3/PC_G_EU4" CO2="14037.68" CO="491.62" HC="2.62" NOx="5.51" PMx="0.46" fuel="6.03" electricity="0.00" noise="81.06" route="routetop" type="cfm_slow" waiting="0.00" lane="top_0" pos="26.23" speed="46.98" angle="227.32" x="15.73" y="108.01"/>
    </timestep>
    <timestep time="9.30">
        <vehicle id="cfm_slow_0" eclass="HBEFA3/PC_G_EU4" CO2="14036.13" CO="491.59" HC="2.62" NOx="5.51" PMx="0.46" fuel="6.03" electricity="0.00" noise="81.06" route="routetop" type="cfm_slow" waiting="0.00" lane="left_0" pos="16.70" speed="46.98" angle="154.47" x="7.15" y="30.93"/>
        <vehicle id="cfm_slow_1" eclass="HBEFA3/PC_G_EU4" CO2="14036.13" CO="491.59" HC="2.62" NOx="5.51" PMx="0.46" fuel="6.03" electricity="0.00" noise="81.06" route="routebottom" type="cfm_slow" waiting="0.00" lane="bottom_0" pos="6.70" speed="46.98" angle="82.41" x="77.33" y="-0.19"/>
        <vehicle id="cfm_slow_2" eclass="HBEFA3/PC_G_EU4" CO2="14036.13" CO="491.59" HC="2.62" NOx="5.51" PMx="0.46" fuel="6.03" electricity="0.00" noise="81.06" route="routebottom" type="cfm_slow" waiting="0.00" lane="bottom_0" pos="46.70" speed="46.98" angle="10.48" x="128.61" y="56.89"/>
        <vehicle id="cfm_slow_3" eclass="HBEFA3/PC_G_EU4" CO2="14036.13" CO="491.59" HC="2.62" NOx="5.51" PMx="0.46" fuel="6.03" electricity="0.00" noise="81.06" route="routebottom" type="cfm_slow" waiting="0.00" lane="right_0" pos="36.70" speed="46.98" angle="298.42" x="90.16" y="123.34"/>
        <vehicle id="cfm_slow_4" eclass="HBEFA3/PC_G_EU4" CO2="14036.13" CO="491.59" HC="2.62" NOx="5.51" PMx="0.46" fuel="6.03" electricity="0.00" noise="81.06" route="routetop" type="cfm_slow" waiting="0.00" lane="top_0" pos="26.70" speed="46.98" angle="226.45" x="15.08" y="107.30"/>
    </timestep>
    <timestep time="9.31">
        <vehicle id="cfm_slow_0" eclass="HBEFA3/PC_G_EU4" CO2="14034.59" CO="491.56" HC="2.62" NOx="5.51" PMx="0.46" fuel="6.03" electricity="0.00" noise="81.05" route="routetop" type="cfm_slow" waiting="0.00" lane="left_0" pos="17.17" speed="46.98" angle="153.59" x="7.64" y="30.11"/>
        <vehicle id="cfm_slow_1" eclass="HBEFA3/PC_G_EU4" CO2="14034.59" CO="491.56" HC="2.62" NOx="5.51" PMx="0.46" fuel="6.03" electricity="0.00" noise="81.05" route="routebottom" type="cfm_slow" waiting="0.00" lane="bottom_0" pos="7.17" speed="46.98" angle="81.54" x="78.27" y="0.02"/>
        <vehicle id="cfm_slow_2" eclass="HBEFA3/PC_G_EU4" CO2="14034.59" CO="491.56" HC="2.62" NOx="5.51" PMx="0.46" fuel="6.03" electricity="0.00" noise="81.05" route="routebottom" type="cfm_slow" waiting="0.00" lane="bottom_0" pos="47.17" speed="46.98" angle="9.65" x="128.71" y="57.84"/>
        <vehicle id="cfm_slow_3" eclass="HBEFA3/PC_G_EU4" CO2="14034.59" CO="491.56" HC="2.62" NOx="5.51" PMx="0.46" fuel="6.03" electricity="0.00" noise="81.05" route="routebottom" type="cfm_slow" waiting="0.00" lane="right_0" pos="37.17" speed="46.98" angle="297.59" x="89.28" y="123.74"/>
        <vehicle id="cfm_slow_4" eclass="HBEFA3/PC_G_EU4" CO2="14034.59" CO="491.56" HC="2.62" NOx="5.51" PMx="0.46" fuel="6.03" electricity="0.00" noise="81.05" route="routetop" type="cfm_slow" waiting="0.00" lane="top_0" pos="27.17" speed="46.98" angle="225.62" x="14.44" y="106.58"/>
    </timestep>
    <timestep time="9.32">
        <vehicle id="cfm_slow_0" eclass="HBEFA3/PC_G_EU4" CO2="14033.07" CO="491.53" HC="2.62" NOx="5.51" PMx="0.46" fuel="6.03" electricity="0.00" noise="81.05" route="routetop" type="cfm_slow" waiting="0.00" lane="left_0" pos="17.64" speed="46.98" angle="152.71" x="8.14" y="29.28"/>
        <vehicle id="cfm_slow_1" eclass="HBEFA3/PC_G_EU4" CO2="14033.07" CO="491.53" HC="2.62" NOx="5.51" PMx="0.46" fuel="6.03" electricity="0.00" noise="81.05" route="routebottom" type="cfm_slow" waiting="0.00" lane="bottom_0" pos="7.64" speed="46.98" angle="80.72" x="79.21" y="0.23"/>
        <vehicle id="cfm_slow_2" eclass="HBEFA3/PC_G_EU4" CO2="14033.07" CO="491.53" HC="2.62" NOx="5.51" PMx="0.46" fuel="6.03" electricity="0.00" noise="81.05" route="routebottom" type="cfm_slow" waiting="0.00" lane="bottom_0" pos="47.64" speed="46.98" angle="8.83" x="128.79" y="58.80"/>
        <vehicle id="cfm_slow_3" eclass="HBEFA3/PC_G_EU4" CO2="14033.07" CO="491.53" HC="2.62" NOx="5.51" PMx="0.46" fuel="6.03" electricity="0.00" noise="81.05" route="routebottom" type="cfm_slow" waiting="0.00" lane="right_0" pos="37.64" speed="46.98" angle="296.73" x="88.39" y="124.10"/>
        <vehicle id="cfm_slow_4" eclass="HBEFA3/PC_G_EU4" CO2="14033.07" CO="491.53" HC="2.62" NOx="5.51" PMx="0.46" fuel="6.03" electricity="0.00" noise="81.05" route="routetop" type="cfm_slow" waiting="0.00" lane="top_0" pos="27.64" speed="46.98" angle="224.72" x="13.82" y="105.84"/>
    </timestep>
    <timestep time="9.33">
        <vehicle id="cfm_slow_0" eclass="HBEFA3/PC_G_EU4" CO2="14031.56" CO="491.50" HC="2.62" NOx="5.51" PMx="0.46" fuel="6.03" electricity="0.00" noise="81.05" route="routetop" type="cfm_slow" waiting="0.00" lane="left_0" pos="18.11" speed="46.98" angle="151.90" x="8.65" y="28.46"/>
        <vehicle id="cfm_slow_1" eclass="HBEFA3/PC_G_EU4" CO2="14031.56" CO="491.50" HC="2.62" NOx="5.51" PMx="0.46" fuel="6.03" electricity="0.00" noise="81.05" route="routebottom" type="cfm_slow" waiting="0.00" lane="bottom_0" pos="8.11" speed="46.98" angle="79.86" x="80.15" y="0.48"/>
        <vehicle id="cfm_slow_2" eclass="HBEFA3/PC_G_EU4" CO2="14031.56" CO="491.50" HC="2.62" NOx="5.51" PMx="0.46" fuel="6.03" electricity="0.00" noise="81.05" route="routebottom" type="cfm_slow" waiting="0.00" lane="bottom_0" pos="48.11" speed="46.98" angle="7.92" x="128.85" y="59.77"/>
        <vehicle id="cfm_slow_3" eclass="HBEFA3/PC_G_EU4" CO2="14031.56" CO="491.50" HC="2.62" NOx="5.51" PMx="0.46" fuel="6.03" electricity="0.00" noise="81.05" route="routebottom" type="cfm_slow" waiting="0.00" lane="right_0" pos="38.11" speed="46.98" angle="295.85" x="87.49" y="124.45"/>
        <vehicle id="cfm_slow_4" eclass="HBEFA3/PC_G_EU4" CO2="14031.56" CO="491.50" HC="2.62" NOx="5.51" PMx="0.46" fuel="6.03" electricity="0.00" noise="81.05" route="routetop" type="cfm_slow" waiting="0.00" lane="top_0" pos="28.11" speed="46.98" angle="223.85" x="13.20" y="105.11"/>
    </timestep>
    <timestep time="9.34">
        <vehicle id="cfm_slow_0" eclass="HBEFA3/PC_G_EU4" CO2="14030.07" CO="491.47" HC="2.62" NOx="5.51" PMx="0.46" fuel="6.03" electricity="0.00" noise="81.05" route="routetop" type="cfm_slow" waiting="0.00" lane="left_0" pos="18.58" speed="46.98" angle="151.00" x="9.19" y="27.66"/>
        <vehicle id="cfm_slow_1" eclass="HBEFA3/PC_G_EU4" CO2="14030.07" CO="491.47" HC="2.62" NOx="5.51" PMx="0.46" fuel="6.03" electricity="0.00" noise="81.05" route="routebottom" type="cfm_slow" waiting="0.00" lane="bottom_0" pos="8.58" speed="46.98" angle="78.98" x="81.08" y="0.73"/>
        <vehicle id="cfm_slow_2" eclass="HBEFA3/PC_G_EU4" CO2="14030.07" CO="491.47" HC="2.62" NOx="5.51" PMx="0.46" fuel="6.03" electricity="0.00" noise="81.05" route="routebottom" type="cfm_slow" waiting="0.00" lane="bottom_0" pos="48.58" speed="46.98" angle="7.02" x="128.90" y="60.73"/>
        <vehicle id="cfm_slow_3" eclass="HBEFA3/PC_G_EU4" CO2="14030.07" CO="491.47" HC="2.62" NOx="5.51" PMx="0.46" fuel="6.03" electricity="0.00" noise="81.05" route="routebottom" type="cfm_slow" waiting="0.00" lane="right_0" pos="38.58" speed="46.98" angle="295.05" x="86.60" y="124.80"/>
        <vehicle id="cfm_slow_4" eclass="HBEFA3/PC_G_EU4" CO2="14030.07" CO="491.47" HC="2.62" NOx="5.51" PMx="0.46" fuel="6.03" electricity="0.00" noise="81.05" route="routetop" type="cfm_slow" waiting="0.00" lane="top_0" pos="28.58" speed="46.98" angle="223.03" x="12.60" y="104.36"/>
    </timestep>
    <timestep time="9.35">
        <vehicle id="cfm_slow_0" eclass="HBEFA3/PC_G_EU4" CO2="14028.59" CO="491.45" HC="2.62" NOx="5.51" PMx="0.46" fuel="6.03" electricity="0.00" noise="81.05" route="routetop" type="cfm_slow" waiting="0.00" lane="left_0" pos="19.05" speed="46.98" angle="150.10" x="9.72" y="26.86"/>
        <vehicle id="cfm_slow_1" eclass="HBEFA3/PC_G_EU4" CO2="14028.59" CO="491.45" HC="2.62" NOx="5.51" PMx="0.46" fuel="6.03" electricity="0.00" noise="81.05" route="routebottom" type="cfm_slow" waiting="0.00" lane="bottom_0" pos="9.05" speed="46.98" angle="78.17" x="82.00" y="0.98"/>
        <vehicle id="cfm_slow_2" eclass="HBEFA3/PC_G_EU4" CO2="14028.59" CO="491.45" HC="2.62" NOx="5.51" PMx="0.46" fuel="6.03" electricity="0.00" noise="81.05" route="routebottom" type="cfm_slow" waiting="0.00" lane="bottom_0" pos="49.05" speed="46.98" angle="6.21" x="128.93" y="61.69"/>
        <vehicle id="cfm_slow_3" eclass="HBEFA3/PC_G_EU4" CO2="14028.59" CO="491.45" HC="2.62" NOx="5.51" PMx="0.46" fuel="6.03" electricity="0.00" noise="81.05" route="routebottom" type="cfm_slow" waiting="0.00" lane="right_0" pos="39.05" speed="46.98" angle="294.21" x="85.69" y="125.13"/>
        <vehicle id="cfm_slow_4" eclass="HBEFA3/PC_G_EU4" CO2="14028.59" CO="491.45" HC="2.62" NOx="5.51" PMx="0.46" fuel="6.03" electricity="0.00" noise="81.05" route="routetop" type="cfm_slow" waiting="0.00" lane="top_0" pos="29.05" speed="46.98" angle="222.18" x="12.00" y="103.60"/>
    </timestep>
    <timestep time="9.36">
        <vehicle id="cfm_slow_0" eclass="HBEFA3/PC_G_EU4" CO2="14027.12" CO="491.42" HC="2.62" NOx="5.51" PMx="0.46" fuel="6.03" electricity="0.00" noise="81.05" route="routetop" type="cfm_slow" waiting="0.00" lane="left_0" pos="19.52" speed="46.98" angle="149.29" x="10.27" y="26.07"/>
        <vehicle id="cfm_slow_1" eclass="HBEFA3/PC_G_EU4" CO2="14027.12" CO="491.42" HC="2.62" NOx="5.51" PMx="0.46" fuel="6.03" electricity="0.00" noise="81.05" route="routebottom" type="cfm_slow" waiting="0.00" lane="bottom_0" pos="9.52" speed="46.98" angle="77.31" x="82.92" y="1.27"/>
        <vehicle id="cfm_slow_2" eclass="HBEFA3/PC_G_EU4" CO2="14027.12" CO="491.42" HC="2.62" NOx="5.51" PMx="0.46" fuel="6.03" electricity="0.00" noise="81.05" route="routebottom" type="cfm_slow" waiting="0.00" lane="bottom_0" pos="49.52" speed="46.98" angle="5.35" x="128.95" y="62.65"/>
        <vehicle id="cfm_slow_3" eclass="HBEFA3/PC_G_EU4" CO2="14027.12" CO="491.42" HC="2.62" NOx="5.51" PMx="0.46" fuel="6.03" electricity="0.00" noise="81.05" route="routebottom" type="cfm_slow" waiting="0.00" lane="right_0" pos="39.52" speed="46.98" angle="293.38" x="84.79" y="125.46"/>
        <vehicle id="cfm_slow_4" eclass="HBEFA3/PC_G_EU4" CO2="14027.12" CO="491.42" HC="2.62" NOx="5.51" PMx="0.46" fuel="6.03" electricity="0.00" noise="81.05" route="routetop" type="cfm_slow" waiting="0.00" lane="top_0" pos="29.52" speed="46.98" angle="221.37" x="11.41" y="102.84"/>
    </timestep>
    <timestep time="9.37">
        <vehicle id="cfm_slow_0" eclass="HBEFA3/PC_G_EU4" CO2="14025.67" CO="491.39" HC="2.62" NOx="5.51" PMx="0.46" fuel="6.03" electricity="0.00" noise="81.05" route="routetop" type="cfm_slow" waiting="0.00" lane="left_0" pos="19.99" speed="46.99" angle="148.44" x="10.83" y="25.29"/>
        <vehicle id="cfm_slow_1" eclass="HBEFA3/PC_G_EU4" CO2="14025.67" CO="491.39" HC="2.62" NOx="5.51" PMx="0.46" fuel="6.03" electricity="0.00" noise="81.05" route="routebottom" type="cfm_slow" waiting="0.00" lane="bottom_0" pos="9.99" speed="46.99" angle="76.45" x="83.84" y="1.55"/>
        <vehicle id="cfm_slow_2" eclass="HBEFA3/PC_G_EU4" CO2="14025.67" CO="491.39" HC="2.62" NOx="5.51" PMx="0.46" fuel="6.03" electricity="0.00" noise="81.05" route="routebottom" type="cfm_slow" waiting="0.00" lane="bottom_0" pos="49.99" speed="46.99" angle="4.53" x="128.97" y="63.62"/>
        <vehicle id="cfm_slow_3" eclass="HBEFA3/PC_G_EU4" CO2="14025.67" CO="491.39" HC="2.62" NOx="5.51" PMx="0.46" fuel="6.03" electricity="0.00" noise="81.05" route="routebottom" type="cfm_slow" waiting="0.00" lane="right_0" pos="39.99" speed="46.99" angle="292.58" x="83.87" y="125.77"/>
        <vehicle id="cfm_slow_4" eclass="HBEFA3/PC_G_EU4" CO2="14025.67" CO="491.39" HC="2.62" NOx="5.51" PMx="0.46" fuel="6.03" electricity="0.00" noise="81.05" route="routetop" type="cfm_slow" waiting="0.00" lane="top_0" pos="29.99" speed="46.99" angle="220.48" x="10.85" y="102.05"/>
    </timestep>
    <timestep time="9.38">
        <vehicle id="cfm_slow_0" eclass="HBEFA3/PC_G_EU4" CO2="14024.23" CO="491.37" HC="2.62" NOx="5.51" PMx="0.46" fuel="6.03" electricity="0.00" noise="81.05" route="routetop" type="cfm_slow" waiting="0.00" lane="left_0" pos="20.46" speed="46.99" angle="147.62" x="11.40" y="24.51"/>
        <vehicle id="cfm_slow_1" eclass="HBEFA3/PC_G_EU4" CO2="14024.23" CO="491.37" HC="2.62" NOx="5.51" PMx="0.46" fuel="6.03" electricity="0.00" noise="81.05" route="routebottom" type="cfm_slow" waiting="0.00" lane="bottom_0" pos="10.46" speed="46.99" angle="75.65" x="84.76" y="1.86"/>
        <vehicle id="cfm_slow_2" eclass="HBEFA3/PC_G_EU4" CO2="14024.23" CO="491.37" HC="2.62" NOx="5.51" PMx="0.46" fuel="6.03" electricity="0.00" noise="81.05" route="routebottom" type="cfm_slow" waiting="0.00" lane="right_0" pos="0.46" speed="46.99" angle="3.65" x="128.95" y="64.64"/>
        <vehicle id="cfm_slow_3" eclass="HBEFA3/PC_G_EU4" CO2="14024.23" CO="491.37" HC="2.62" NOx="5.51" PMx="0.46" fuel="6.03" electricity="0.00" noise="81.05" route="routebottom" type="cfm_slow" waiting="0.00" lane="right_0" pos="40.46" speed="46.99" angle="291.70" x="82.95" y="126.05"/>
        <vehicle id="cfm_slow_4" eclass="HBEFA3/PC_G_EU4" CO2="14024.23" CO="491.37" HC="2.62" NOx="5.51" PMx="0.46" fuel="6.03" electricity="0.00" noise="81.05" route="routetop" type="cfm_slow" waiting="0.00" lane="top_0" pos="30.46" speed="46.99" angle="219.59" x="10.29" y="101.27"/>
    </timestep>
    <timestep time="9.39">
        <vehicle id="cfm_slow_0" eclass="HBEFA3/PC_G_EU4" CO2="14022.80" CO="491.34" HC="2.62" NOx="5.51" PMx="0.46" fuel="6.03" electricity="0.00" noise="81.05" route="routetop" type="cfm_slow" waiting="0.00" lane="left_0" pos="20.93" speed="46.99" angle="146.79" x="11.99" y="23.75"/>
        <vehicle id="cfm_slow_1" eclass="HBEFA3/PC_G_EU4" CO2="14022.80" CO="491.34" HC="2.62" NOx="5.51" PMx="0.46" fuel="6.03" electricity="0.00" noise="81.05" route="routebottom" type="cfm_slow" waiting="0.00" lane="bottom_0" pos="10.93" speed="46.99" angle="74.78" x="85.67" y="2.18"/>
        <vehicle id="cfm_slow_2" eclass="HBEFA3/PC_G_EU4" CO2="14022.80" CO="491.34" HC="2.62" NOx="5.51" PMx="0.46" fuel="6.03" electricity="0.00" noise="81.05" route="routebottom" type="cfm_slow" waiting="0.00" lane="right_0" pos="0.93" speed="46.99" angle="2.79" x="128.93" y="65.60"/>
        <vehicle id="cfm_slow_3" eclass="HBEFA3/PC_G_EU4" CO2="14022.80" CO="491.34" HC="2.62" NOx="5.51" PMx="0.46" fuel="6.03" electricity="0.00" noise="81.05" route="routebottom" type="cfm_slow" waiting="0.00" lane="right_0" pos="40.93" speed="46.99" angle="290.83" x="82.03" y="126.34"/>
        <vehicle id="cfm_slow_4" eclass="HBEFA3/PC_G_EU4" CO2="14022.80" CO="491.34" HC="2.62" NOx="5.51" PMx="0.46" fuel="6.03" electricity="0.00" noise="81.05" route="routetop" type="cfm_slow" waiting="0.00" lane="top_0" pos="30.93" speed="46.99" angle="218.78" x="9.73" y="100.48"/>
    </timestep>
    <timestep time="9.40">
        <vehicle id="cfm_slow_0" eclass="HBEFA3/PC_G_EU4" CO2="14021.38" CO="491.31" HC="2.62" NOx="5.51" PMx="0.46" fuel="6.03" electricity="0.00" noise="81.05" route="routetop" type="cfm_slow" waiting="0.00" lane="left_0" pos="21.40" speed="46.99" angle="145.94" x="12.58" y="22.99"/>
        <vehicle id="cfm_slow_1" eclass="HBEFA3/PC_G_EU4" CO2="14021.38" CO="491.31" HC="2.62" NOx="5.51" PMx="0.46" fuel="6.03" electricity="0.00" noise="81.05" route="routebottom" type="cfm_slow" waiting="0.00" lane="bottom_0" pos="11.40" speed="46.99" angle="73.91" x="86.57" y="2.51"/>
        <vehicle id="cfm_slow_2" eclass="HBEFA3/PC_G_EU4" CO2="14021.38" CO="491.31" HC="2.62" NOx="5.51" PMx="0.46" fuel="6.03" electricity="0.00" noise="81.05" route="routebottom" type="cfm_slow" waiting="0.00" lane="right_0" pos="1.40" speed="46.99" angle="1.97" x="128.90" y="66.57"/>
        <vehicle id="cfm_slow_3" eclass="HBEFA3/PC_G_EU4" CO2="14021.38" CO="491.31" HC="2.62" NOx="5.51" PMx="0.46" fuel="6.03" electricity="0.00" noise="81.05" route="routebottom" type="cfm_slow" waiting="0.00" lane="right_0" pos="41.40" speed="46.99" angle="290.00" x="81.10" y="126.59"/>
        <vehicle id="cfm_slow_4" eclass="HBEFA3/PC_G_EU4" CO2="14021.38" CO="491.31" HC="2.62" NOx="5.51" PMx="0.46" fuel="6.03" electricity="0.00" noise="81.05" route="routetop" type="cfm_slow" waiting="0.00" lane="top_0" pos="31.40" speed="46.99" angle="217.94" x="9.20" y="99.68"/>
    </timestep>
    <timestep time="9.41">
        <vehicle id="cfm_slow_0" eclass="HBEFA3/PC_G_EU4" CO2="14019.98" CO="491.29" HC="2.62" NOx="5.51" PMx="0.46" fuel="6.03" electricity="0.00" noise="81.05" route="routetop" type="cfm_slow" waiting="0.00" lane="left_0" pos="21.87" speed="46.99" angle="145.14" x="13.18" y="22.23"/>
        <vehicle id="cfm_slow_1" eclass="HBEFA3/PC_G_EU4" CO2="14019.98" CO="491.29" HC="2.62" NOx="5.51" PMx="0.46" fuel="6.03" electricity="0.00" noise="81.05" route="routebottom" type="cfm_slow" waiting="0.00" lane="bottom_0" pos="11.87" speed="46.99" angle="73.11" x="87.47" y="2.86"/>
        <vehicle id="cfm_slow_2" eclass="HBEFA3/PC_G_EU4" CO2="14019.98" CO="491.29" HC="2.62" NOx="5.51" PMx="0.46" fuel="6.03" electricity="0.00" noise="81.05" route="routebottom" type="cfm_slow" waiting="0.00" lane="right_0" pos="1.87" speed="46.99" angle="1.12" x="128.85" y="67.53"/>
        <vehicle id="cfm_slow_3" eclass="HBEFA3/PC_G_EU4" CO2="14019.98" CO="491.29" HC="2.62" NOx="5.51" PMx="0.46" fuel="6.03" electricity="0.00" noise="81.05" route="routebottom" type="cfm_slow" waiting="0.00" lane="right_0" pos="41.87" speed="46.99" angle="289.12" x="80.17" y="126.84"/>
        <vehicle id="cfm_slow_4" eclass="HBEFA3/PC_G_EU4" CO2="14019.98" CO="491.29" HC="2.62" NOx="5.51" PMx="0.46" fuel="6.03" electricity="0.00" noise="81.05" route="routetop" type="cfm_slow" waiting="0.00" lane="top_0" pos="31.87" speed="46.99" angle="217.09" x="8.67" y="98.88"/>
    </timestep>
    <timestep time="9.42">
        <vehicle id="cfm_slow_0" eclass="HBEFA3/PC_G_EU4" CO2="14018.59" CO="491.26" HC="2.62" NOx="5.51" PMx="0.46" fuel="6.03" electricity="0.00" noise="81.05" route="routetop" type="cfm_slow" waiting="0.00" lane="left_0" pos="22.34" speed="46.99" angle="144.26" x="13.80" y="21.50"/>
        <vehicle id="cfm_slow_1" eclass="HBEFA3/PC_G_EU4" CO2="14018.59" CO="491.26" HC="2.62" NOx="5.51" PMx="0.46" fuel="6.03" electricity="0.00" noise="81.05" route="routebottom" type="cfm_slow" waiting="0.00" lane="bottom_0" pos="12.34" speed="46.99" angle="72.27" x="88.37" y="3.21"/>
        <vehicle id="cfm_slow_2" eclass="HBEFA3/PC_G_EU4" CO2="14018.59" CO="491.26" HC="2.62" NOx="5.51" PMx="0.46" fuel="6.03" electricity="0.00" noise="81.05" route="routebottom" type="cfm_slow" waiting="0.00" lane="right_0" pos="2.34" speed="46.99" angle="0.26" x="128.79" y="68.49"/>
        <vehicle id="cfm_slow_3" eclass="HBEFA3/PC_G_EU4" CO2="14018.59" CO="491.26" HC="2.62" NOx="5.51" PMx="0.46" fuel="6.03" electricity="0.00" noise="81.05" route="routebottom" type="cfm_slow" waiting="0.00" lane="right_0" pos="42.34" speed="46.99" angle="288.30" x="79.24" y="127.08"/>
        <vehicle id="cfm_slow_4" eclass="HBEFA3/PC_G_EU4" CO2="14018.59" CO="491.26" HC="2.62" NOx="5.51" PMx="0.46" fuel="6.03" electricity="0.00" noise="81.05" route="routetop" type="cfm_slow" waiting="0.00" lane="top_0" pos="32.34" speed="46.99" angle="216.31" x="8.15" y="98.06"/>
    </timestep>
    <timestep time="9.43">
        <vehicle id="cfm_slow_0" eclass="HBEFA3/PC_G_EU4" CO2="14017.22" CO="491.24" HC="2.62" NOx="5.51" PMx="0.46" fuel="6.03" electricity="0.00" noise="81.05" route="routetop" type="cfm_slow" waiting="0.00" lane="left_0" pos="22.81" speed="46.99" angle="143.38" x="14.43" y="20.76"/>
        <vehicle id="cfm_slow_1" eclass="HBEFA3/PC_G_EU4" CO2="14017.22" CO="491.24" HC="2.62" NOx="5.51" PMx="0.46" fuel="6.03" electricity="0.00" noise="81.05" route="routebottom" type="cfm_slow" waiting="0.00" lane="bottom_0" pos="12.81" speed="46.99" angle="71.48" x="89.26" y="3.57"/>
        <vehicle id="cfm_slow_2" eclass="HBEFA3/PC_G_EU4" CO2="14017.22" CO="491.24" HC="2.62" NOx="5.51" PMx="0.46" fuel="6.03" electricity="0.00" noise="81.05" route="routebottom" type="cfm_slow" waiting="0.00" lane="right_0" pos="2.81" speed="46.99" angle="359.46" x="128.71" y="69.45"/>
        <vehicle id="cfm_slow_3" eclass="HBEFA3/PC_G_EU4" CO2="14017.22" CO="491.24" HC="2.62" NOx="5.51" PMx="0.46" fuel="6.03" electricity="0.00" noise="81.05" route="routebottom" type="cfm_slow" waiting="0.00" lane="right_0" pos="42.81" speed="46.99" angle="287.47" x="78.30" y="127.30"/>
        <vehicle id="cfm_slow_4" eclass="HBEFA3/PC_G_EU4" CO2="14017.22" CO="491.24" HC="2.62" NOx="5.51" PMx="0.46" fuel="6.03" electricity="0.00" noise="81.05" route="routetop" type="cfm_slow" waiting="0.00" lane="top_0" pos="32.81" speed="46.99" angle="215.45" x="7.66" y="97.24"/>
    </timestep>
    <timestep time="9.44">
        <vehicle id="cfm_slow_0" eclass="HBEFA3/PC_G_EU4" CO2="14015.85" CO="491.21" HC="2.62" NOx="5.50" PMx="0.46" fuel="6.02" electricity="0.00" noise="81.05" route="routetop" type="cfm_slow" waiting="0.00" lane="left_0" pos="23.28" speed="46.99" angle="142.59" x="15.06" y="20.04"/>
        <vehicle id="cfm_slow_1" eclass="HBEFA3/PC_G_EU4" CO2="14015.85" CO="491.21" HC="2.62" NOx="5.50" PMx="0.46" fuel="6.02" electricity="0.00" noise="81.05" route="routebottom" type="cfm_slow" waiting="0.00" lane="bottom_0" pos="13.28" speed="46.99" angle="70.62" x="90.14" y="3.97"/>
        <vehicle id="cfm_slow_2" eclass="HBEFA3/PC_G_EU4" CO2="14015.85" CO="491.21" HC="2.62" NOx="5.50" PMx="0.46" fuel="6.02" electricity="0.00" noise="81.05" route="routebottom" type="cfm_slow" waiting="0.00" lane="right_0" pos="3.28" speed="46.99" angle="358.60" x="128.62" y="70.41"/>
        <vehicle id="cfm_slow_3" eclass="HBEFA3/PC_G_EU4" CO2="14015.85" CO="491.21" HC="2.62" NOx="5.50" PMx="0.46" fuel="6.02" electricity="0.00" noise="81.05" route="routebottom" type="cfm_slow" waiting="0.00" lane="right_0" pos="43.28" speed="46.99" angle="286.65" x="77.36" y="127.51"/>
        <vehicle id="cfm_slow_4" eclass="HBEFA3/PC_G_EU4" CO2="14015.85" CO="491.21" HC="2.62" NOx="5.50" PMx="0.46" fuel="6.02" electricity="0.00" noise="81.05" route="routetop" type="cfm_slow" waiting="0.00" lane="top_0" pos="33.28" speed="46.99" angle="214.63" x="7.16" y="96.41"/>
    </timestep>
    <timestep time="9.45">
        <vehicle id="cfm_slow_0" eclass="HBEFA3/PC_G_EU4" CO2="14014.50" CO="491.19" HC="2.62" NOx="5.50" PMx="0.46" fuel="6.02" electricity="0.00" noise="81.05" route="routetop" type="cfm_slow" waiting="0.00" lane="left_0" pos="23.75" speed="46.99" angle="141.74" x="15.72" y="19.33"/>
        <vehicle id="cfm_slow_1" eclass="HBEFA3/PC_G_EU4" CO2="14014.50" CO="491.19" HC="2.62" NOx="5.50" PMx="0.46" fuel="6.02" electricity="0.00" noise="81.05" route="routebottom" type="cfm_slow" waiting="0.00" lane="bottom_0" pos="13.75" speed="46.99" angle="69.75" x="91.02" y="4.36"/>
        <vehicle id="cfm_slow_2" eclass="HBEFA3/PC_G_EU4" CO2="14014.50" CO="491.19" HC="2.62" NOx="5.50" PMx="0.46" fuel="6.02" electricity="0.00" noise="81.05" route="routebottom" type="cfm_slow" waiting="0.00" lane="right_0" pos="3.75" speed="46.99" angle="357.75" x="128.52" y="71.37"/>
        <vehicle id="cfm_slow_3" eclass="HBEFA3/PC_G_EU4" CO2="14014.50" CO="491.19" HC="2.62" NOx="5.50" PMx="0.46" fuel="6.02" electricity="0.00" noise="81.05" route="routebottom" type="cfm_slow" waiting="0.00" lane="right_0" pos="43.75" speed="46.99" angle="285.84" x="76.42" y="127.71"/>
        <vehicle id="cfm_slow_4" eclass="HBEFA3/PC_G_EU4" CO2="14014.50" CO="491.19" HC="2.62" NOx="5.50" PMx="0.46" fuel="6.02" electricity="0.00" noise="81.05" route="routetop" type="cfm_slow" waiting="0.00" lane="top_0" pos="33.75" speed="46.99" angle="213.80" x="6.69" y="95.57"/>
    </timestep>
    <timestep time="9.46">
        <vehicle id="cfm_slow_0" eclass="HBEFA3/PC_G_EU4" CO2="14013.16" CO="491.16" HC="2.62" NOx="5.50" PMx="0.46" fuel="6.02" electricity="0.00" noise="81.05" route="routetop" type="cfm_slow" waiting="0.00" lane="left_0" pos="24.22" speed="46.99" angle="140.90" x="16.37" y="18.63"/>
        <vehicle id="cfm_slow_1" eclass="HBEFA3/PC_G_EU4" CO2="14013.16" CO="491.16" HC="2.62" NOx="5.50" PMx="0.46" fuel="6.02" electricity="0.00" noise="81.05" route="routebottom" type="cfm_slow" waiting="0.00" lane="bottom_0" pos="14.22" speed="46.99" angle="68.94" x="91.89" y="4.77"/>
        <vehicle id="cfm_slow_2" eclass="HBEFA3/PC_G_EU4" CO2="14013.16" CO="491.16" HC="2.62" NOx="5.50" PMx="0.46" fuel="6.02" electricity="0.00" noise="81.05" route="routebottom" type="cfm_slow" waiting="0.00" lane="right_0" pos="4.22" speed="46.99" angle="356.93" x="128.39" y="72.32"/>
        <vehicle id="cfm_slow_3" eclass="HBEFA3/PC_G_EU4" CO2="14013.16" CO="491.16" HC="2.62" NOx="5.50" PMx="0.46" fuel="6.02" electricity="0.00" noise="81.05" route="routebottom" type="cfm_slow" waiting="0.00" lane="right_0" pos="44.22" speed="46.99" angle="284.93" x="75.47" y="127.89"/>
        <vehicle id="cfm_slow_4" eclass="HBEFA3/PC_G_EU4" CO2="14013.16" CO="491.16" HC="2.62" NOx="5.50" PMx="0.46" fuel="6.02" electricity="0.00" noise="81.05" route="routetop" type="cfm_slow" waiting="0.00" lane="top_0" pos="34.22" speed="46.99" angle="212.94" x="6.22" y="94.73"/>
    </timestep>
    <timestep time="9.47">
        <vehicle id="cfm_slow_0" eclass="HBEFA3/PC_G_EU4" CO2="14011.83" CO="491.14" HC="2.62" NOx="5.50" PMx="0.46" fuel="6.02" electricity="0.00" noise="81.05" route="routetop" type="cfm_slow" waiting="0.00" lane="left_0" pos="24.69" speed="46.99" angle="140.08" x="17.04" y="17.94"/>
        <vehicle id="cfm_slow_1" eclass="HBEFA3/PC_G_EU4" CO2="14011.83" CO="491.14" HC="2.62" NOx="5.50" PMx="0.46" fuel="6.02" electricity="0.00" noise="81.05" route="routebottom" type="cfm_slow" waiting="0.00" lane="bottom_0" pos="14.69" speed="46.99" angle="68.06" x="92.75" y="5.20"/>
        <vehicle id="cfm_slow_2" eclass="HBEFA3/PC_G_EU4" CO2="14011.83" CO="491.14" HC="2.62" NOx="5.50" PMx="0.46" fuel="6.02" electricity="0.00" noise="81.05" route="routebottom" type="cfm_slow" waiting="0.00" lane="right_0" pos="4.69" speed="46.99" angle="356.07" x="128.25" y="73.28"/>
        <vehicle id="cfm_slow_3" eclass="HBEFA3/PC_G_EU4" CO2="14011.83" CO="491.14" HC="2.62" NOx="5.50" PMx="0.46" fuel="6.02" electricity="0.00" noise="81.05" route="routebottom" type="cfm_slow" waiting="0.00" lane="right_0" pos="44.69" speed="46.99" angle="284.02" x="74.52" y="128.06"/>
        <vehicle id="cfm_slow_4" eclass="HBEFA3/PC_G_EU4" CO2="14011.83" CO="491.14" HC="2.62" NOx="5.50" PMx="0.46" fuel="6.02" electricity="0.00" noise="81.05" route="routetop" type="cfm_slow" waiting="0.00" lane="top_0" pos="34.69" speed="46.99" angle="212.14" x="5.76" y="93.88"/>
    </timestep>
    <timestep time="9.48">
        <vehicle id="cfm_slow_0" eclass="HBEFA3/PC_G_EU4" CO2="14010.52" CO="491.11" HC="2.62" NOx="5.50" PMx="0.46" fuel="6.02" electricity="0.00" noise="81.05" route="routetop" type="cfm_slow" waiting="0.00" lane="left_0" pos="25.16" speed="46.99" angle="139.21" x="17.72" y="17.26"/>
        <vehicle id="cfm_slow_1" eclass="HBEFA3/PC_G_EU4" CO2="14010.52" CO="491.11" HC="2.62" NOx="5.50" PMx="0.46" fuel="6.02" electricity="0.00" noise="81.05" route="routebottom" type="cfm_slow" waiting="0.00" lane="bottom_0" pos="15.16" speed="46.99" angle="67.18" x="93.62" y="5.63"/>
        <vehicle id="cfm_slow_2" eclass="HBEFA3/PC_G_EU4" CO2="14010.52" CO="491.11" HC="2.62" NOx="5.50" PMx="0.46" fuel="6.02" electricity="0.00" noise="81.05" route="routebottom" type="cfm_slow" waiting="0.00" lane="right_0" pos="5.16" speed="46.99" angle="355.24" x="128.11" y="74.23"/>
        <vehicle id="cfm_slow_3" eclass="HBEFA3/PC_G_EU4" CO2="14010.52" CO="491.11" HC="2.62" NOx="5.50" PMx="0.46" fuel="6.02" electricity="0.00" noise="81.05" route="routebottom" type="cfm_slow" waiting="0.00" lane="right_0" pos="45.16" speed="46.99" angle="283.21" x="73.57" y="128.21"/>
        <vehicle id="cfm_slow_4" eclass="HBEFA3/PC_G_EU4" CO2="14010.52" CO="491.11" HC="2.62" NOx="5.50" PMx="0.46" fuel="6.02" electricity="0.00" noise="81.05" route="routetop" type="cfm_slow" waiting="0.00" lane="top_0" pos="35.16" speed="46.99" angle="211.28" x="5.33" y="93.02"/>
    </timestep>
    <timestep time="9.49">
        <vehicle id="cfm_slow_0" eclass="HBEFA3/PC_G_EU4" CO2="14009.22" CO="491.09" HC="2.62" NOx="5.50" PMx="0.46" fuel="6.02" electricity="0.00" noise="81.05" route="routetop" type="cfm_slow" waiting="0.00" lane="left_0" pos="25.63" speed="46.99" angle="138.39" x="18.41" y="16.57"/>
        <vehicle id="cfm_slow_1" eclass="HBEFA3/PC_G_EU4" CO2="14009.22" CO="491.09" HC="2.62" NOx="5.50" PMx="0.46" fuel="6.02" electricity="0.00" noise="81.05" route="routebottom" type="cfm_slow" waiting="0.00" lane="bottom_0" pos="15.63" speed="46.99" angle="66.38" x="94.47" y="6.08"/>
        <vehicle id="cfm_slow_2" eclass="HBEFA3/PC_G_EU4" CO2="14009.22" CO="491.09" HC="2.62" NOx="5.50" PMx="0.46" fuel="6.02" electricity="0.00" noise="81.05" route="routebottom" type="cfm_slow" waiting="0.00" lane="right_0" pos="5.63" speed="46.99" angle="354.37" x="127.94" y="75.18"/>
        <vehicle id="cfm_slow_3" eclass="HBEFA3/PC_G_EU4" CO2="14009.22" CO="491.09" HC="2.62" NOx="5.50" PMx="0.46" fuel="6.02" electricity="0.00" noise="81.05" route="routebottom" type="cfm_slow" waiting="0.00" lane="right_0" pos="45.63" speed="46.99" angle="282.35" x="72.62" y="128.35"/>
        <vehicle id="cfm_slow_4" eclass="HBEFA3/PC_G_EU4" CO2="14009.22" CO="491.09" HC="2.62" NOx="5.50" PMx="0.46" fuel="6.02" electricity="0.00" noise="81.05" route="routetop" type="cfm_slow" waiting="0.00" lane="top_0" pos="35.63" speed="46.99" angle="210.42" x="4.90" y="92.16"/>
    </timestep>
    <timestep time="9.50">
        <vehicle id="cfm_slow_0" eclass="HBEFA3/PC_G_EU4" CO2="14007.92" CO="491.06" HC="2.62" NOx="5.50" PMx="0.46" fuel="6.02" electricity="0.00" noise="81.05" route="routetop" type="cfm_slow" waiting="0.00" lane="left_0" pos="26.10" speed="46.99" angle="137.53" x="19.11" y="15.92"/>
        <vehicle id="cfm_slow_1" eclass="HBEFA3/PC_G_EU4" CO2="14007.92" CO="491.06" HC="2.62" NOx="5.50" PMx="0.46" fuel="6.02" electricity="0.00" noise="81.05" route="routebottom" type="cfm_slow" waiting="0.00" lane="bottom_0" pos="16.10" speed="46.99" angle="65.53" x="95.31" y="6.54"/>
        <vehicle id="cfm_slow_2" eclass="HBEFA3/PC_G_EU4" CO2="14007.92" CO="491.06" HC="2.62" NOx="5.50" PMx="0.46" fuel="6.02" electricity="0.00" noise="81.05" route="routebottom" type="cfm_slow" waiting="0.00" lane="right_0" pos="6.10" speed="46.99" angle="353.51" x="127.77" y="76.12"/>
        <vehicle id="cfm_slow_3" eclass="HBEFA3/PC_G_EU4" CO2="14007.92" CO="491.06" HC="2.62" NOx="5.50" PMx="0.46" fuel="6.02" electricity="0.00" noise="81.05" route="routebottom" type="cfm_slow" waiting="0.00" lane="right_0" pos="46.10" speed="46.99" angle="281.53" x="71.66" y="128.48"/>
        <vehicle id="cfm_slow_4" eclass="HBEFA3/PC_G_EU4" CO2="14007.92" CO="491.06" HC="2.62" NOx="5.50" PMx="0.46" fuel="6.02" electricity="0.00" noise="81.05" route="routetop" type="cfm_slow" waiting="0.00" lane="top_0" pos="36.10" speed="46.99" angle="209.61" x="4.48" y="91.29"/>
    </timestep>
    <timestep time="9.51">
        <vehicle id="cfm_slow_0" eclass="HBEFA3/PC_G_EU4" CO2="14006.64" CO="491.04" HC="2.62" NOx="5.50" PMx="0.46" fuel="6.02" electricity="0.00" noise="81.05" route="routetop" type="cfm_slow" waiting="0.00" lane="left_0" pos="26.57" speed="46.99" angle="136.65" x="19.82" y="15.27"/>
        <vehicle id="cfm_slow_1" eclass="HBEFA3/PC_G_EU4" CO2="14006.64" CO="491.04" HC="2.62" NOx="5.50" PMx="0.46" fuel="6.02" electricity="0.00" noise="81.05" route="routebottom" type="cfm_slow" waiting="0.00" lane="bottom_0" pos="16.57" speed="46.99" angle="64.69" x="96.15" y="7.01"/>
        <vehicle id="cfm_slow_2" eclass="HBEFA3/PC_G_EU4" CO2="14006.64" CO="491.04" HC="2.62" NOx="5.50" PMx="0.46" fuel="6.02" electricity="0.00" noise="81.05" route="routebottom" type="cfm_slow" waiting="0.00" lane="right_0" pos="6.57" speed="46.99" angle="352.68" x="127.58" y="77.07"/>
        <vehicle id="cfm_slow_3" eclass="HBEFA3/PC_G_EU4" CO2="14006.64" CO="491.04" HC="2.62" NOx="5.50" PMx="0.46" fuel="6.02" electricity="0.00" noise="81.05" route="routebottom" type="cfm_slow" waiting="0.00" lane="right_0" pos="46.57" speed="46.99" angle="280.71" x="70.71" y="128.58"/>
        <vehicle id="cfm_slow_4" eclass="HBEFA3/PC_G_EU4" CO2="14006.64" CO="491.04" HC="2.62" NOx="5.50" PMx="0.46" fuel="6.02" electricity="0.00" noise="81.05" route="routetop" type="cfm_slow" waiting="0.00" lane="top_0" pos="36.57" speed="46.99" angle="208.72" x="4.09" y="90.41"/>
    </timestep>
    <timestep time="9.52">
        <vehicle id="cfm_slow_0" eclass="HBEFA3/PC_G_EU4" CO2="14005.38" CO="491.02" HC="2.62" NOx="5.50" PMx="0.46" fuel="6.02" electricity="0.00" noise="81.05" route="routetop" type="cfm_slow" waiting="0.00" lane="left_0" pos="27.04" speed="46.99" angle="135.85" x="20.54" y="14.62"/>
        <vehicle id="cfm_slow_1" eclass="HBEFA3/PC_G_EU4" CO2="14005.38" CO="491.02" HC="2.62" NOx="5.50" PMx="0.46" fuel="6.02" electricity="0.00" noise="81.05" route="routebottom" type="cfm_slow" waiting="0.00" lane="bottom_0" pos="17.04" speed="46.99" angle="63.84" x="96.98" y="7.50"/>
        <vehicle id="cfm_slow_2" eclass="HBEFA3/PC_G_EU4" CO2="14005.38" CO="491.02" HC="2.62" NOx="5.50" PMx="0.46" fuel="6.02" electricity="0.00" noise="81.05" route="routebottom" type="cfm_slow" waiting="0.00" lane="right_0" pos="7.04" speed="46.99" angle="351.78" x="127.37" y="78.01"/>
        <vehicle id="cfm_slow_3" eclass="HBEFA3/PC_G_EU4" CO2="14005.38" CO="491.02" HC="2.62" NOx="5.50" PMx="0.46" fuel="6.02" electricity="0.00" noise="81.05" route="routebottom" type="cfm_slow" waiting="0.00" lane="right_0" pos="47.04" speed="46.99" angle="279.87" x="69.75" y="128.68"/>
        <vehicle id="cfm_slow_4" eclass="HBEFA3/PC_G_EU4" CO2="14005.38" CO="491.02" HC="2.62" NOx="5.50" PMx="0.46" fuel="6.02" electricity="0.00" noise="81.05" route="routetop" type="cfm_slow" waiting="0.00" lane="top_0" pos="37.04" speed="46.99" angle="207.83" x="3.69" y="89.53"/>
    </timestep>
    <timestep time="9.53">
        <vehicle id="cfm_slow_0" eclass="HBEFA3/PC_G_EU4" CO2="14004.12" CO="490.99" HC="2.62" NOx="5.50" PMx="0.46" fuel="6.02" electricity="0.00" noise="81.05" route="routetop" type="cfm_slow" waiting="0.00" lane="left_0" pos="27.51" speed="46.99" angle="134.98" x="21.27" y="14.00"/>
        <vehicle id="cfm_slow_1" eclass="HBEFA3/PC_G_EU4" CO2="14004.12" CO="490.99" HC="2.62" NOx="5.50" PMx="0.46" fuel="6.02" electricity="0.00" noise="81.05" route="routebottom" type="cfm_slow" waiting="0.00" lane="bottom_0" pos="17.51" speed="46.99" angle="62.95" x="97.81" y="8.00"/>
        <vehicle id="cfm_slow_2" eclass="HBEFA3/PC_G_EU4" CO2="14004.12" CO="490.99" HC="2.62" NOx="5.50" PMx="0.46" fuel="6.02" electricity="0.00" noise="81.05" route="routebottom" type="cfm_slow" waiting="0.00" lane="right_0" pos="7.51" speed="46.99" angle="350.88" x="127.15" y="78.95"/>
        <vehicle id="cfm_slow_3" eclass="HBEFA3/PC_G_EU4" CO2="14004.12" CO="490.99" HC="2.62" NOx="5.50" PMx="0.46" fuel="6.02" electricity="0.00" noise="81.05" route="routebottom" type="cfm_slow" waiting="0.00" lane="right_0" pos="47.51" speed="46.99" angle="279.08" x="68.79" y="128.78"/>
        <vehicle id="cfm_slow_4" eclass="HBEFA3/PC_G_EU4" CO2="14004.12" CO="490.99" HC="2.62" NOx="5.50" PMx="0.46" fuel="6.02" electricity="0.00" noise="81.05" route="routetop" type="cfm_slow" waiting="0.00" lane="top_0" pos="37.51" speed="46.99" angle="207.01" x="3.32" y="88.64"/>
    </timestep>
    <timestep time="9.54">
        <vehicle id="cfm_slow_0" eclass="HBEFA3/PC_G_EU4" CO2="14002.88" CO="490.97" HC="2.62" NOx="5.50" PMx="0.46" fuel="6.02" electricity="0.00" noise="81.05" route="routetop" type="cfm_slow" waiting="0.00" lane="left_0" pos="27.98" speed="46.99" angle="134.11" x="22.00" y="13.37"/>
        <vehicle id="cfm_slow_1" eclass="HBEFA3/PC_G_EU4" CO2="14002.88" CO="490.97" HC="2.62" NOx="5.50" PMx="0.46" fuel="6.02" electricity="0.00" noise="81.05" route="routebottom" type="cfm_slow" waiting="0.00" lane="bottom_0" pos="17.98" speed="46.99" angle="62.13" x="98.63" y="8.50"/>
        <vehicle id="cfm_slow_2" eclass="HBEFA3/PC_G_EU4" CO2="14002.88" CO="490.97" HC="2.62" NOx="5.50" PMx="0.46" fuel="6.02" electricity="0.00" noise="81.05" route="routebottom" type="cfm_slow" waiting="0.00" lane="right_0" pos="7.98" speed="46.99" angle="350.09" x="126.92" y="79.88"/>
        <vehicle id="cfm_slow_3" eclass="HBEFA3/PC_G_EU4" CO2="14002.88" CO="490.97" HC="2.62" NOx="5.50" PMx="0.46" fuel="6.02" electricity="0.00" noise="81.05" route="routebottom" type="cfm_slow" waiting="0.00" lane="right_0" pos="47.98" speed="46.99" angle="278.18" x="67.83" y="128.83"/>
        <vehicle id="cfm_slow_4" eclass="HBEFA3/PC_G_EU4" CO2="14002.88" CO="490.97" HC="2.62" NOx="5.50" PMx="0.46" fuel="6.02" electricity="0.00" noise="81.05" route="routetop" type="cfm_slow" waiting="0.00" lane="top_0" pos="37.98" speed="46.99" angle="206.12" x="2.97" y="87.75"/>
    </timestep>
    <timestep time="9.55">
        <vehicle id="cfm_slow_0" eclass="HBEFA3/PC_G_EU4" CO2="14001.64" CO="490.95" HC="2.62" NOx="5.50" PMx="0.46" fuel="6.02" electricity="0.00" noise="81.05" route="routetop" type="cfm_slow" waiting="0.00" lane="left_0" pos="28.45" speed="46.99" angle="133.30" x="22.75" y="12.76"/>
        <vehicle id="cfm_slow_1" eclass="HBEFA3/PC_G_EU4" CO2="14001.64" CO="490.95" HC="2.62" NOx="5.50" PMx="0.46" fuel="6.02" electricity="0.00" noise="81.05" route="routebottom" type="cfm_slow" waiting="0.00" lane="bottom_0" pos="18.45" speed="46.99" angle="61.24" x="99.43" y="9.03"/>
        <vehicle id="cfm_slow_2" eclass="HBEFA3/PC_G_EU4" CO2="14001.64" CO="490.95" HC="2.62" NOx="5.50" PMx="0.46" fuel="6.02" electricity="0.00" noise="81.05" route="routebottom" type="cfm_slow" waiting="0.00" lane="right_0" pos="8.45" speed="46.99" angle="349.25" x="126.67" y="80.81"/>
        <vehicle id="cfm_slow_3" eclass="HBEFA3/PC_G_EU4" CO2="14001.64" CO="490.95" HC="2.62" NOx="5.50" PMx="0.46" fuel="6.02" electricity="0.00" noise="81.05" route="routebottom" type="cfm_slow" waiting="0.00" lane="right_0" pos="48.45" speed="46.99" angle="277.27" x="66.86" y="128.89"/>
        <vehicle id="cfm_slow_4" eclass="HBEFA3/PC_G_EU4" CO2="14001.64" CO="490.95" HC="2.62" NOx="5.50" PMx="0.46" fuel="6.02" electricity="0.00" noise="81.05" route="routetop" type="cfm_slow" waiting="0.00" lane="top_0" pos="38.45" speed="46.99" angle="205.28" x="2.61" y="86.85"/>
    </timestep>
    <timestep time="9.56">
        <vehicle id="cfm_slow_0" eclass="HBEFA3/PC_G_EU4" CO2="14000.42" CO="490.92" HC="2.62" NOx="5.50" PMx="0.46" fuel="6.02" electricity="0.00" noise="81.05" route="routetop" type="cfm_slow" waiting="0.00" lane="left_0" pos="28.92" speed="46.99" angle="132.43" x="23.51" y="12.17"/>
        <vehicle id="cfm_slow_1" eclass="HBEFA3/PC_G_EU4" CO2="14000.42" CO="490.92" HC="2.62" NOx="5.50" PMx="0.46" fuel="6.02" electricity="0.00" noise="81.05" route="routebottom" type="cfm_slow" waiting="0.00" lane="bottom_0" pos="18.92" speed="46.99" angle="60.35" x="100.23" y="9.57"/>
        <vehicle id="cfm_slow_2" eclass="HBEFA3/PC_G_EU4" CO2="14000.42" CO="490.92" HC="2.62" NOx="5.50" PMx="0.46" fuel="6.02" electricity="0.00" noise="81.05" route="routebottom" type="cfm_slow" waiting="0.00" lane="right_0" pos="8.92" speed="46.99" angle="348.44" x="126.42" y="81.75"/>
        <vehicle id="cfm_slow_3" eclass="HBEFA3/PC_G_EU4" CO2="14000.42" CO="490.92" HC="2.62" NOx="5.50" PMx="0.46" fuel="6.02" electricity="0.00" noise="81.05" route="routebottom" type="cfm_slow" waiting="0.00" lane="right_0" pos="48.92" speed="46.99" angle="276.45" x="65.90" y="128.93"/>
        <vehicle id="cfm_slow_4" eclass="HBEFA3/PC_G_EU4" CO2="14000.42" CO="490.92" HC="2.62" NOx="5.50" PMx="0.46" fuel="6.02" electricity="0.00" noise="81.05" route="routetop" type="cfm_slow" waiting="0.00" lane="top_0" pos="38.92" speed="46.99" angle="204.43" x="2.29" y="85.95"/>
    </timestep>
    <timestep time="9.57">
        <vehicle id="cfm_slow_0" eclass="HBEFA3/PC_G_EU4" CO2="13999.21" CO="490.90" HC="2.62" NOx="5.50" PMx="0.46" fuel="6.02" electricity="0.00" noise="81.05" route="routetop" type="cfm_slow" waiting="0.00" lane="left_0" pos="29.39" speed="46.99" angle="131.58" x="24.27" y="11.58"/>
        <vehicle id="cfm_slow_1" eclass="HBEFA3/PC_G_EU4" CO2="13999.21" CO="490.90" HC="2.62" NOx="5.50" PMx="0.46" fuel="6.02" electricity="0.00" noise="81.05" route="routebottom" type="cfm_slow" waiting="0.00" lane="bottom_0" pos="19.39" speed="46.99" angle="59.54" x="101.03" y="10.11"/>
        <vehicle id="cfm_slow_2" eclass="HBEFA3/PC_G_EU4" CO2="13999.21" CO="490.90" HC="2.62" NOx="5.50" PMx="0.46" fuel="6.02" electricity="0.00" noise="81.05" route="routebottom" type="cfm_slow" waiting="0.00" lane="right_0" pos="9.39" speed="46.99" angle="347.61" x="126.14" y="82.67"/>
        <vehicle id="cfm_slow_3" eclass="HBEFA3/PC_G_EU4" CO2="13999.21" CO="490.90" HC="2.62" NOx="5.50" PMx="0.46" fuel="6.02" electricity="0.00" noise="81.05" route="routebottom" type="cfm_slow" waiting="0.00" lane="right_0" pos="49.39" speed="46.99" angle="275.58" x="64.94" y="128.95"/>
        <vehicle id="cfm_slow_4" eclass="HBEFA3/PC_G_EU4" CO2="13999.21" CO="490.90" HC="2.62" NOx="5.50" PMx="0.46" fuel="6.02" electricity="0.00" noise="81.05" route="routetop" type="cfm_slow" waiting="0.00" lane="top_0" pos="39.39" speed="46.99" angle="203.57" x="1.96" y="85.04"/>
    </timestep>
    <timestep time="9.58">
        <vehicle id="cfm_slow_0" eclass="HBEFA3/PC_G_EU4" CO2="13998.01" CO="490.88" HC="2.62" NOx="5.50" PMx="0.46" fuel="6.02" electricity="0.00" noise="81.05" route="routetop" type="cfm_slow" waiting="0.00" lane="left_0" pos="29.86" speed="46.99" angle="130.75" x="25.05" y="11.01"/>
        <vehicle id="cfm_slow_1" eclass="HBEFA3/PC_G_EU4" CO2="13998.01" CO="490.88" HC="2.62" NOx="5.50" PMx="0.46" fuel="6.02" electricity="0.00" noise="81.05" route="routebottom" type="cfm_slow" waiting="0.00" lane="bottom_0" pos="19.86" speed="46.99" angle="58.68" x="101.81" y="10.67"/>
        <vehicle id="cfm_slow_2" eclass="HBEFA3/PC_G_EU4" CO2="13998.01" CO="490.88" HC="2.62" NOx="5.50" PMx="0.46" fuel="6.02" electricity="0.00" noise="81.05" route="routebottom" type="cfm_slow" waiting="0.00" lane="right_0" pos="9.86" speed="46.99" angle="346.75" x="125.86" y="83.59"/>
        <vehicle id="cfm_slow_3" eclass="HBEFA3/PC_G_EU4" CO2="13998.01" CO="490.88" HC="2.62" NOx="5.50" PMx="0.46" fuel="6.02" electricity="0.00" noise="81.05" route="routebottom" type="cfm_slow" waiting="0.00" lane="right_0" pos="49.86" speed="46.99" angle="274.72" x="63.98" y="128.96"/>
        <vehicle id="cfm_slow_4" eclass="HBEFA3/PC_G_EU4" CO2="13998.01" CO="490.88" HC="2.62" NOx="5.50" PMx="0.46" fuel="6.02" electricity="0.00" noise="81.05" route="routetop" type="cfm_slow" waiting="0.00" lane="top_0" pos="39.86" speed="46.99" angle="202.78" x="1.64" y="84.13"/>
    </timestep>
    <timestep time="9.59">
        <vehicle id="cfm_slow_0" eclass="HBEFA3/PC_G_EU4" CO2="13996.82" CO="490.86" HC="2.62" NOx="5.50" PMx="0.46" fuel="6.02" electricity="0.00" noise="81.05" route="routetop" type="cfm_slow" waiting="0.00" lane="left_0" pos="30.33" speed="46.99" angle="129.87" x="25.83" y="10.45"/>
        <vehicle id="cfm_slow_1" eclass="HBEFA3/PC_G_EU4" CO2="13996.82" CO="490.86" HC="2.62" NOx="5.50" PMx="0.46" fuel="6.02" electricity="0.00" noise="81.05" route="routebottom" type="cfm_slow" waiting="0.00" lane="bottom_0" pos="20.33" speed="46.99" angle="57.82" x="102.59" y="11.24"/>
        <vehicle id="cfm_slow_2" eclass="HBEFA3/PC_G_EU4" CO2="13996.82" CO="490.86" HC="2.62" NOx="5.50" PMx="0.46" fuel="6.02" electricity="0.00" noise="81.05" route="routebottom" type="cfm_slow" waiting="0.00" lane="right_0" pos="10.33" speed="46.99" angle="345.94" x="125.56" y="84.50"/>
        <vehicle id="cfm_slow_3" eclass="HBEFA3/PC_G_EU4" CO2="13996.82" CO="490.86" HC="2.62" NOx="5.50" PMx="0.46" fuel="6.02" electricity="0.00" noise="81.05" route="routetop" type="cfm_slow" waiting="0.00" lane="top_0" pos="0.33" speed="46.99" angle="273.88" x="62.95" y="128.96"/>
        <vehicle id="cfm_slow_4" eclass="HBEFA3/PC_G_EU4" CO2="13996.82" CO="490.86" HC="2.62" NOx="5.50" PMx="0.46" fuel="6.02" electricity="0.00" noise="81.05" route="routetop" type="cfm_slow" waiting="0.00" lane="top_0" pos="40.33" speed="46.99" angle="201.90" x="1.36" y="83.21"/>
    </timestep>
    <timestep time="9.60">
        <vehicle id="cfm_slow_0" eclass="HBEFA3/PC_G_EU4" CO2="13995.64" CO="490.84" HC="2.62" NOx="5.49" PMx="0.46" fuel="6.02" electricity="0.00" noise="81.05" route="routetop" type="cfm_slow" waiting="0.00" lane="left_0" pos="30.80" speed="46.99" angle="129.06" x="26.61" y="9.89"/>
        <vehicle id="cfm_slow_1" eclass="HBEFA3/PC_G_EU4" CO2="13995.64" CO="490.84" HC="2.62" NOx="5.49" PMx="0.46" fuel="6.02" electricity="0.00" noise="81.05" route="routebottom" type="cfm_slow" waiting="0.00" lane="bottom_0" pos="20.80" speed="46.99" angle="57.02" x="103.36" y="11.82"/>
        <vehicle id="cfm_slow_2" eclass="HBEFA3/PC_G_EU4" CO2="13995.64" CO="490.84" HC="2.62" NOx="5.49" PMx="0.46" fuel="6.02" electricity="0.00" noise="81.05" route="routebottom" type="cfm_slow" waiting="0.00" lane="right_0" pos="10.80" speed="46.99" angle="345.03" x="125.23" y="85.41"/>
        <vehicle id="cfm_slow_3" eclass="HBEFA3/PC_G_EU4" CO2="13995.64" CO="490.84" HC="2.62" NOx="5.49" PMx="0.46" fuel="6.02" electricity="0.00" noise="81.05" route="routetop" type="cfm_slow" waiting="0.00" lane="top_0" pos="0.80" speed="46.99" angle="273.03" x="61.99" y="128.94"/>
        <vehicle id="cfm_slow_4" eclass="HBEFA3/PC_G_EU4" CO2="13995.64" CO="490.84" HC="2.62" NOx="5.49" PMx="0.46" fuel="6.02" electricity="0.00" noise="81.05" route="routetop" type="cfm_slow" waiting="0.00" lane="top_0" pos="40.80" speed="46.99" angle="201.01" x="1.07" y="82.29"/>
    </timestep>
    <timestep time="9.61">
        <vehicle id="cfm_slow_0" eclass="HBEFA3/PC_G_EU4" CO2="13994.47" CO="490.81" HC="2.62" NOx="5.49" PMx="0.46" fuel="6.02" electricity="0.00" noise="81.05" route="routetop" type="cfm_slow" waiting="0.00" lane="left_0" pos="31.27" speed="46.99" angle="128.22" x="27.41" y="9.35"/>
        <vehicle id="cfm_slow_1" eclass="HBEFA3/PC_G_EU4" CO2="13994.47" CO="490.81" HC="2.62" NOx="5.49" PMx="0.46" fuel="6.02" electricity="0.00" noise="81.05" route="routebottom" type="cfm_slow" waiting="0.00" lane="bottom_0" pos="21.27" speed="46.99" angle="56.16" x="104.12" y="12.41"/>
        <vehicle id="cfm_slow_2" eclass="HBEFA3/PC_G_EU4" CO2="13994.47" CO="490.81" HC="2.62" NOx="5.49" PMx="0.46" fuel="6.02" electricity="0.00" noise="81.05" route="routebottom" type="cfm_slow" waiting="0.00" lane="right_0" pos="11.27" speed="46.99" angle="344.12" x="124.90" y="86.32"/>
        <vehicle id="cfm_slow_3" eclass="HBEFA3/PC_G_EU4" CO2="13994.47" CO="490.81" HC="2.62" NOx="5.49" PMx="0.46" fuel="6.02" electricity="0.00" noise="81.05" route="routetop" type="cfm_slow" waiting="0.00" lane="top_0" pos="1.27" speed="46.99" angle="272.21" x="61.03" y="128.92"/>
        <vehicle id="cfm_slow_4" eclass="HBEFA3/PC_G_EU4" CO2="13994.47" CO="490.81" HC="2.62" NOx="5.49" PMx="0.46" fuel="6.02" electricity="0.00" noise="81.05" route="routetop" type="cfm_slow" waiting="0.00" lane="top_0" pos="41.27" speed="46.99" angle="200.20" x="0.80" y="81.36"/>
    </timestep>
    <timestep time="9.62">
        <vehicle id="cfm_slow_0" eclass="HBEFA3/PC_G_EU4" CO2="13993.31" CO="490.79" HC="2.62" NOx="5.49" PMx="0.46" fuel="6.02" electricity="0.00" noise="81.05" route="routetop" type="cfm_slow" waiting="0.00" lane="left_0" pos="31.74" speed="46.99" angle="127.37" x="28.22" y="8.82"/>
        <vehicle id="cfm_slow_1" eclass="HBEFA3/PC_G_EU4" CO2="13993.31" CO="490.79" HC="2.62" NOx="5.49" PMx="0.46" fuel="6.02" electricity="0.00" noise="81.05" route="routebottom" type="cfm_slow" waiting="0.00" lane="bottom_0" pos="21.74" speed="46.99" angle="55.34" x="104.88" y="13.01"/>
        <vehicle id="cfm_slow_2" eclass="HBEFA3/PC_G_EU4" CO2="13993.31" CO="490.79" HC="2.62" NOx="5.49" PMx="0.46" fuel="6.02" electricity="0.00" noise="81.05" route="routebottom" type="cfm_slow" waiting="0.00" lane="right_0" pos="11.74" speed="46.99" angle="343.31" x="124.56" y="87.22"/>
        <vehicle id="cfm_slow_3" eclass="HBEFA3/PC_G_EU4" CO2="13993.31" CO="490.79" HC="2.62" NOx="5.49" PMx="0.46" fuel="6.02" electricity="0.00" noise="81.05" route="routetop" type="cfm_slow" waiting="0.00" lane="top_0" pos="1.74" speed="46.99" angle="271.36" x="60.06" y="128.86"/>
        <vehicle id="cfm_slow_4" eclass="HBEFA3/PC_G_EU4" CO2="13993.31" CO="490.79" HC="2.62" NOx="5.49" PMx="0.46" fuel="6.02" electricity="0.00" noise="81.05" route="routetop" type="cfm_slow" waiting="0.00" lane="top_0" pos="41.74" speed="46.99" angle="199.34" x="0.55" y="80.43"/>
    </timestep>
    <timestep time="9.63">
        <vehicle id="cfm_slow_0" eclass="HBEFA3/PC_G_EU4" CO2="13992.17" CO="490.77" HC="2.62" NOx="5.49" PMx="0.46" fuel="6.01" electricity="0.00" noise="81.05" route="routetop" type="cfm_slow" waiting="0.00" lane="left_0" pos="32.21" speed="46.99" angle="126.57" x="29.02" y="8.29"/>
        <vehicle id="cfm_slow_1" eclass="HBEFA3/PC_G_EU4" CO2="13992.17" CO="490.77" HC="2.62" NOx="5.49" PMx="0.46" fuel="6.01" electricity="0.00" noise="81.05" route="routebottom" type="cfm_slow" waiting="0.00" lane="bottom_0" pos="22.21" speed="46.99" angle="54.50" x="105.62" y="13.63"/>
        <vehicle id="cfm_slow_2" eclass="HBEFA3/PC_G_EU4" CO2="13992.17" CO="490.77" HC="2.62" NOx="5.49" PMx="0.46" fuel="6.01" electricity="0.00" noise="81.05" route="routebottom" type="cfm_slow" waiting="0.00" lane="right_0" pos="12.21" speed="46.99" angle="342.49" x="124.21" y="88.11"/>
        <vehicle id="cfm_slow_3" eclass="HBEFA3/PC_G_EU4" CO2="13992.17" CO="490.77" HC="2.62" NOx="5.49" PMx="0.46" fuel="6.01" electricity="0.00" noise="81.05" route="routetop" type="cfm_slow" waiting="0.00" lane="top_0" pos="2.21" speed="46.99" angle="270.50" x="59.10" y="128.81"/>
        <vehicle id="cfm_slow_4" eclass="HBEFA3/PC_G_EU4" CO2="13992.17" CO="490.77" HC="2.62" NOx="5.49" PMx="0.46" fuel="6.01" electricity="0.00" noise="81.05" route="routetop" type="cfm_slow" waiting="0.00" lane="top_0" pos="42.21" speed="46.99" angle="198.49" x="0.30" y="79.50"/>
    </timestep>
    <timestep time="9.64">
        <vehicle id="cfm_slow_0" eclass="HBEFA3/PC_G_EU4" CO2="13991.03" CO="490.75" HC="2.62" NOx="5.49" PMx="0.46" fuel="6.01" electricity="0.00" noise="81.05" route="routetop" type="cfm_slow" waiting="0.00" lane="left_0" pos="32.68" speed="46.99" angle="125.70" x="29.85" y="7.80"/>
        <vehicle id="cfm_slow_1" eclass="HBEFA3/PC_G_EU4" CO2="13991.03" CO="490.75" HC="2.62" NOx="5.49" PMx="0.46" fuel="6.01" electricity="0.00" noise="81.05" route="routebottom" type="cfm_slow" waiting="0.00" lane="bottom_0" pos="22.68" speed="46.99" angle="53.65" x="106.35" y="14.25"/>
        <vehicle id="cfm_slow_2" eclass="HBEFA3/PC_G_EU4" CO2="13991.03" CO="490.75" HC="2.62" NOx="5.49" PMx="0.46" fuel="6.01" electricity="0.00" noise="81.05" route="routebottom" type="cfm_slow" waiting="0.00" lane="right_0" pos="12.68" speed="46.99" angle="341.66" x="123.85" y="89.01"/>
        <vehicle id="cfm_slow_3" eclass="HBEFA3/PC_G_EU4" CO2="13991.03" CO="490.75" HC="2.62" NOx="5.49" PMx="0.46" fuel="6.01" electricity="0.00" noise="81.05" route="routetop" type="cfm_slow" waiting="0.00" lane="top_0" pos="2.68" speed="46.99" angle="269.70" x="58.14" y="128.74"/>
        <vehicle id="cfm_slow_4" eclass="HBEFA3/PC_G_EU4" CO2="13991.03" CO="490.75" HC="2.62" NOx="5.49" PMx="0.46" fuel="6.01" electricity="0.00" noise="81.05" route="routetop" type="cfm_slow" waiting="0.00" lane="top_0" pos="42.68" speed="46.99" angle="197.69" x="0.08" y="78.57"/>
    </timestep>
    <timestep time="9.65">
        <vehicle id="cfm_slow_0" eclass="HBEFA3/PC_G_EU4" CO2="13989.90" CO="490.73" HC="2.62" NOx="5.49" PMx="0.46" fuel="6.01" electricity="0.00" noise="81.05" route="routetop" type="cfm_slow" waiting="0.00" lane="left_0" pos="33.15" speed="46.99" angle="124.82" x="30.68" y="7.30"/>
        <vehicle id="cfm_slow_1" eclass="HBEFA3/PC_G_EU4" CO2="13989.90" CO="490.73" HC="2.62" NOx="5.49" PMx="0.46" fuel="6.01" electricity="0.00" noise="81.05" route="routebottom" type="cfm_slow" waiting="0.00" lane="bottom_0" pos="23.15" speed="46.99" angle="52.86" x="107.08" y="14.88"/>
        <vehicle id="cfm_slow_2" eclass="HBEFA3/PC_G_EU4" CO2="13989.90" CO="490.73" HC="2.62" NOx="5.49" PMx="0.46" fuel="6.01" electricity="0.00" noise="81.05" route="routebottom" type="cfm_slow" waiting="0.00" lane="right_0" pos="13.15" speed="46.99" angle="340.84" x="123.47" y="89.89"/>
        <vehicle id="cfm_slow_3" eclass="HBEFA3/PC_G_EU4" CO2="13989.90" CO="490.73" HC="2.62" NOx="5.49" PMx="0.46" fuel="6.01" electricity="0.00" noise="81.05" route="routetop" type="cfm_slow" waiting="0.00" lane="top_0" pos="3.15" speed="46.99" angle="268.84" x="57.18" y="128.64"/>
        <vehicle id="cfm_slow_4" eclass="HBEFA3/PC_G_EU4" CO2="13989.90" CO="490.73" HC="2.62" NOx="5.49" PMx="0.46" fuel="6.01" electricity="0.00" noise="81.05" route="routetop" type="cfm_slow" waiting="0.00" lane="top_0" pos="43.15" speed="46.99" angle="196.85" x="-0.13" y="77.63"/>
    </timestep>
    <timestep time="9.66">
        <vehicle id="cfm_slow_0" eclass="HBEFA3/PC_G_EU4" CO2="13988.79" CO="490.71" HC="2.62" NOx="5.49" PMx="0.46" fuel="6.01" electricity="0.00" noise="81.05" route="routetop" type="cfm_slow" waiting="0.00" lane="left_0" pos="33.62" speed="46.99" angle="124.02" x="31.51" y="6.82"/>
        <vehicle id="cfm_slow_1" eclass="HBEFA3/PC_G_EU4" CO2="13988.79" CO="490.71" HC="2.62" NOx="5.49" PMx="0.46" fuel="6.01" electricity="0.00" noise="81.05" route="routebottom" type="cfm_slow" waiting="0.00" lane="bottom_0" pos="23.62" speed="46.99" angle="52.02" x="107.79" y="15.53"/>
        <vehicle id="cfm_slow_2" eclass="HBEFA3/PC_G_EU4" CO2="13988.79" CO="490.71" HC="2.62" NOx="5.49" PMx="0.46" fuel="6.01" electricity="0.00" noise="81.05" route="routebottom" type="cfm_slow" waiting="0.00" lane="right_0" pos="13.62" speed="46.99" angle="339.96" x="123.07" y="90.77"/>
        <vehicle id="cfm_slow_3" eclass="HBEFA3/PC_G_EU4" CO2="13988.79" CO="490.71" HC="2.62" NOx="5.49" PMx="0.46" fuel="6.01" electricity="0.00" noise="81.05" route="routetop" type="cfm_slow" waiting="0.00" lane="top_0" pos="3.62" speed="46.99" angle="267.99" x="56.22" y="128.54"/>
        <vehicle id="cfm_slow_4" eclass="HBEFA3/PC_G_EU4" CO2="13988.79" CO="490.71" HC="2.62" NOx="5.49" PMx="0.46" fuel="6.01" electricity="0.00" noise="81.05" route="routetop" type="cfm_slow" waiting="0.00" lane="top_0" pos="43.62" speed="46.99" angle="196.05" x="-0.34" y="76.68"/>
    </timestep>
    <timestep time="9.67">
        <vehicle id="cfm_slow_0" eclass="HBEFA3/PC_G_EU4" CO2="13987.68" CO="490.69" HC="2.62" NOx="5.49" PMx="0.46" fuel="6.01" electricity="0.00" noise="81.05" route="routetop" type="cfm_slow" waiting="0.00" lane="left_0" pos="34.09" speed="46.99" angle="123.17" x="32.35" y="6.35"/>
        <vehicle id="cfm_slow_1" eclass="HBEFA3/PC_G_EU4" CO2="13987.68" CO="490.69" HC="2.62" NOx="5.49" PMx="0.46" fuel="6.01" electricity="0.00" noise="81.05" route="routebottom" type="cfm_slow" waiting="0.00" lane="bottom_0" pos="24.09" speed="46.99" angle="51.17" x="108.50" y="16.18"/>
        <vehicle id="cfm_slow_2" eclass="HBEFA3/PC_G_EU4" CO2="13987.68" CO="490.69" HC="2.62" NOx="5.49" PMx="0.46" fuel="6.01" electricity="0.00" noise="81.05" route="routebottom" type="cfm_slow" waiting="0.00" lane="right_0" pos="14.09" speed="46.99" angle="339.14" x="122.68" y="91.65"/>
        <vehicle id="cfm_slow_3" eclass="HBEFA3/PC_G_EU4" CO2="13987.68" CO="490.69" HC="2.62" NOx="5.49" PMx="0.46" fuel="6.01" electricity="0.00" noise="81.05" route="routetop" type="cfm_slow" waiting="0.00" lane="top_0" pos="4.09" speed="46.99" angle="267.17" x="55.27" y="128.43"/>
        <vehicle id="cfm_slow_4" eclass="HBEFA3/PC_G_EU4" CO2="13987.68" CO="490.69" HC="2.62" NOx="5.49" PMx="0.46" fuel="6.01" electricity="0.00" noise="81.05" route="routetop" type="cfm_slow" waiting="0.00" lane="top_0" pos="44.09" speed="46.99" angle="195.18" x="-0.51" y="75.74"/>
    </timestep>
    <timestep time="9.68">
        <vehicle id="cfm_slow_0" eclass="HBEFA3/PC_G_EU4" CO2="13986.59" CO="490.67" HC="2.62" NOx="5.49" PMx="0.46" fuel="6.01" electricity="0.00" noise="81.05" route="routetop" type="cfm_slow" waiting="0.00" lane="left_0" pos="34.56" speed="46.99" angle="122.35" x="33.20" y="5.89"/>
        <vehicle id="cfm_slow_1" eclass="HBEFA3/PC_G_EU4" CO2="13986.59" CO="490.67" HC="2.62" NOx="5.49" PMx="0.46" fuel="6.01" electricity="0.00" noise="81.05" route="routebottom" type="cfm_slow" waiting="0.00" lane="bottom_0" pos="24.56" speed="46.99" angle="50.36" x="109.20" y="16.85"/>
        <vehicle id="cfm_slow_2" eclass="HBEFA3/PC_G_EU4" CO2="13986.59" CO="490.67" HC="2.62" NOx="5.49" PMx="0.46" fuel="6.01" electricity="0.00" noise="81.05" route="routebottom" type="cfm_slow" waiting="0.00" lane="right_0" pos="14.56" speed="46.99" angle="338.26" x="122.25" y="92.51"/>
        <vehicle id="cfm_slow_3" eclass="HBEFA3/PC_G_EU4" CO2="13986.59" CO="490.67" HC="2.62" NOx="5.49" PMx="0.46" fuel="6.01" electricity="0.00" noise="81.05" route="routetop" type="cfm_slow" waiting="0.00" lane="top_0" pos="4.56" speed="46.99" angle="266.31" x="54.31" y="128.29"/>
        <vehicle id="cfm_slow_4" eclass="HBEFA3/PC_G_EU4" CO2="13986.59" CO="490.67" HC="2.62" NOx="5.49" PMx="0.46" fuel="6.01" electricity="0.00" noise="81.05" route="routetop" type="cfm_slow" waiting="0.00" lane="top_0" pos="44.56" speed="46.99" angle="194.30" x="-0.69" y="74.79"/>
    </timestep>
    <timestep time="9.69">
        <vehicle id="cfm_slow_0" eclass="HBEFA3/PC_G_EU4" CO2="13985.50" CO="490.65" HC="2.62" NOx="5.49" PMx="0.46" fuel="6.01" electricity="0.00" noise="81.05" route="routetop" type="cfm_slow" waiting="0.00" lane="left_0" pos="35.03" speed="46.99" angle="121.52" x="34.06" y="5.45"/>
        <vehicle id="cfm_slow_1" eclass="HBEFA3/PC_G_EU4" CO2="13985.50" CO="490.65" HC="2.62" NOx="5.49" PMx="0.46" fuel="6.01" electricity="0.00" noise="81.05" route="routebottom" type="cfm_slow" waiting="0.00" lane="bottom_0" pos="25.03" speed="46.99" angle="49.47" x="109.88" y="17.53"/>
        <vehicle id="cfm_slow_2" eclass="HBEFA3/PC_G_EU4" CO2="13985.50" CO="490.65" HC="2.62" NOx="5.49" PMx="0.46" fuel="6.01" electricity="0.00" noise="81.05" route="routebottom" type="cfm_slow" waiting="0.00" lane="right_0" pos="15.03" speed="46.99" angle="337.38" x="121.81" y="93.37"/>
        <vehicle id="cfm_slow_3" eclass="HBEFA3/PC_G_EU4" CO2="13985.50" CO="490.65" HC="2.62" NOx="5.49" PMx="0.46" fuel="6.01" electricity="0.00" noise="81.05" route="routetop" type="cfm_slow" waiting="0.00" lane="top_0" pos="5.03" speed="46.99" angle="265.44" x="53.36" y="128.15"/>
        <vehicle id="cfm_slow_4" eclass="HBEFA3/PC_G_EU4" CO2="13985.50" CO="490.65" HC="2.62" NOx="5.49" PMx="0.46" fuel="6.01" electricity="0.00" noise="81.05" route="routetop" type="cfm_slow" waiting="0.00" lane="top_0" pos="45.03" speed="46.99" angle="193.51" x="-0.85" y="73.84"/>
    </timestep>
    <timestep time="9.70">
        <vehicle id="cfm_slow_0" eclass="HBEFA3/PC_G_EU4" CO2="13984.42" CO="490.63" HC="2.62" NOx="5.49" PMx="0.46" fuel="6.01" electricity="0.00" noise="81.05" route="routetop" type="cfm_slow" waiting="0.00" lane="left_0" pos="35.50" speed="46.99" angle="120.66" x="34.92" y="5.02"/>
        <vehicle id="cfm_slow_1" eclass="HBEFA3/PC_G_EU4" CO2="13984.42" CO="490.63" HC="2.62" NOx="5.49" PMx="0.46" fuel="6.01" electricity="0.00" noise="81.05" route="routebottom" type="cfm_slow" waiting="0.00" lane="bottom_0" pos="25.50" speed="46.99" angle="48.58" x="110.55" y="18.21"/>
        <vehicle id="cfm_slow_2" eclass="HBEFA3/PC_G_EU4" CO2="13984.42" CO="490.63" HC="2.62" NOx="5.49" PMx="0.46" fuel="6.01" electricity="0.00" noise="81.05" route="routebottom" type="cfm_slow" waiting="0.00" lane="right_0" pos="15.50" speed="46.99" angle="336.58" x="121.37" y="94.23"/>
        <vehicle id="cfm_slow_3" eclass="HBEFA3/PC_G_EU4" CO2="13984.42" CO="490.63" HC="2.62" NOx="5.49" PMx="0.46" fuel="6.01" electricity="0.00" noise="81.05" route="routetop" type="cfm_slow" waiting="0.00" lane="top_0" pos="5.50" speed="46.99" angle="264.61" x="52.41" y="127.99"/>
        <vehicle id="cfm_slow_4" eclass="HBEFA3/PC_G_EU4" CO2="13984.42" CO="490.63" HC="2.62" NOx="5.49" PMx="0.46" fuel="6.01" electricity="0.00" noise="81.05" route="routetop" type="cfm_slow" waiting="0.00" lane="top_0" pos="45.50" speed="46.99" angle="192.65" x="-0.99" y="72.89"/>
    </timestep>
    <timestep time="9.71">
        <vehicle id="cfm_slow_0" eclass="HBEFA3/PC_G_EU4" CO2="13983.36" CO="490.61" HC="2.62" NOx="5.49" PMx="0.46" fuel="6.01" electricity="0.00" noise="81.05" route="routetop" type="cfm_slow" waiting="0.00" lane="left_0" pos="35.97" speed="46.99" angle="119.85" x="35.78" y="4.60"/>
        <vehicle id="cfm_slow_1" eclass="HBEFA3/PC_G_EU4" CO2="13983.36" CO="490.61" HC="2.62" NOx="5.49" PMx="0.46" fuel="6.01" electricity="0.00" noise="81.05" route="routebottom" type="cfm_slow" waiting="0.00" lane="bottom_0" pos="25.97" speed="46.99" angle="47.78" x="111.22" y="18.91"/>
        <vehicle id="cfm_slow_2" eclass="HBEFA3/PC_G_EU4" CO2="13983.36" CO="490.61" HC="2.62" NOx="5.49" PMx="0.46" fuel="6.01" electricity="0.00" noise="81.05" route="routebottom" type="cfm_slow" waiting="0.00" lane="right_0" pos="15.97" speed="46.99" angle="335.75" x="120.91" y="95.07"/>
        <vehicle id="cfm_slow_3" eclass="HBEFA3/PC_G_EU4" CO2="13983.36" CO="490.61" HC="2.62" NOx="5.49" PMx="0.46" fuel="6.01" electricity="0.00" noise="81.05" route="routetop" type="cfm_slow" waiting="0.00" lane="top_0" pos="5.97" speed="46.99" angle="263.75" x="51.46" y="127.82"/>
        <vehicle id="cfm_slow_4" eclass="HBEFA3/PC_G_EU4" CO2="13983.36" CO="490.61" HC="2.62" NOx="5.49" PMx="0.46" fuel="6.01" electricity="0.00" noise="81.05" route="routetop" type="cfm_slow" waiting="0.00" lane="top_0" pos="45.97" speed="46.99" angle="191.79" x="-1.12" y="71.93"/>
    </timestep>
    <timestep time="9.72">
        <vehicle id="cfm_slow_0" eclass="HBEFA3/PC_G_EU4" CO2="13982.30" CO="490.59" HC="2.62" NOx="5.49" PMx="0.46" fuel="6.01" electricity="0.00" noise="81.05" route="routetop" type="cfm_slow" waiting="0.00" lane="left_0" pos="36.44" speed="46.99" angle="118.96" x="36.66" y="4.20"/>
        <vehicle id="cfm_slow_1" eclass="HBEFA3/PC_G_EU4" CO2="13982.30" CO="490.59" HC="2.62" NOx="5.49" PMx="0.46" fuel="6.01" electricity="0.00" noise="81.05" route="routebottom" type="cfm_slow" waiting="0.00" lane="bottom_0" pos="26.44" speed="46.99" angle="46.92" x="111.87" y="19.62"/>
        <vehicle id="cfm_slow_2" eclass="HBEFA3/PC_G_EU4" CO2="13982.30" CO="490.59" HC="2.62" NOx="5.49" PMx="0.46" fuel="6.01" electricity="0.00" noise="81.05" route="routebottom" type="cfm_slow" waiting="0.00" lane="right_0" pos="16.44" speed="46.99" angle="334.91" x="120.44" y="95.92"/>
        <vehicle id="cfm_slow_3" eclass="HBEFA3/PC_G_EU4" CO2="13982.30" CO="490.59" HC="2.62" NOx="5.49" PMx="0.46" fuel="6.01" electricity="0.00" noise="81.05" route="routetop" type="cfm_slow" waiting="0.00" lane="top_0" pos="6.44" speed="46.99" angle="262.94" x="50.52" y="127.64"/>
        <vehicle id="cfm_slow_4" eclass="HBEFA3/PC_G_EU4" CO2="13982.30" CO="490.59" HC="2.62" NOx="5.49" PMx="0.46" fuel="6.01" electricity="0.00" noise="81.05" route="routetop" type="cfm_slow" waiting="0.00" lane="top_0" pos="46.44" speed="46.99" angle="190.98" x="-1.23" y="70.98"/>
    </timestep>
    <timestep time="9.73">
        <vehicle id="cfm_slow_0" eclass="HBEFA3/PC_G_EU4" CO2="13981.26" CO="490.57" HC="2.62" NOx="5.49" PMx="0.46" fuel="6.01" electricity="0.00" noise="81.05" route="routetop" type="cfm_slow" waiting="0.00" lane="left_0" pos="36.91" speed="46.99" angle="118.06" x="37.54" y="3.81"/>
        <vehicle id="cfm_slow_1" eclass="HBEFA3/PC_G_EU4" CO2="13981.26" CO="490.57" HC="2.62" NOx="5.49" PMx="0.46" fuel="6.01" electricity="0.00" noise="81.05" route="routebottom" type="cfm_slow" waiting="0.00" lane="bottom_0" pos="26.91" speed="46.99" angle="46.12" x="112.53" y="20.33"/>
        <vehicle id="cfm_slow_2" eclass="HBEFA3/PC_G_EU4" CO2="13981.26" CO="490.57" HC="2.62" NOx="5.49" PMx="0.46" fuel="6.01" electricity="0.00" noise="81.05" route="routebottom" type="cfm_slow" waiting="0.00" lane="right_0" pos="16.91" speed="46.99" angle="334.10" x="119.96" y="96.75"/>
        <vehicle id="cfm_slow_3" eclass="HBEFA3/PC_G_EU4" CO2="13981.26" CO="490.57" HC="2.62" NOx="5.49" PMx="0.46" fuel="6.01" electricity="0.00" noise="81.05" route="routetop" type="cfm_slow" waiting="0.00" lane="top_0" pos="6.91" speed="46.99" angle="262.03" x="49.58" y="127.43"/>
        <vehicle id="cfm_slow_4" eclass="HBEFA3/PC_G_EU4" CO2="13981.26" CO="490.57" HC="2.62" NOx="5.49" PMx="0.46" fuel="6.01" electricity="0.00" noise="81.05" route="routetop" type="cfm_slow" waiting="0.00" lane="top_0" pos="46.91" speed="46.99" angle="190.09" x="-1.33" y="70.02"/>
    </timestep>
    <timestep time="9.74">
        <vehicle id="cfm_slow_0" eclass="HBEFA3/PC_G_EU4" CO2="13980.22" CO="490.55" HC="2.62" NOx="5.49" PMx="0.46" fuel="6.01" electricity="0.00" noise="81.05" route="routetop" type="cfm_slow" waiting="0.00" lane="left_0" pos="37.38" speed="46.99" angle="117.24" x="38.43" y="3.43"/>
        <vehicle id="cfm_slow_1" eclass="HBEFA3/PC_G_EU4" CO2="13980.22" CO="490.55" HC="2.62" NOx="5.49" PMx="0.46" fuel="6.01" electricity="0.00" noise="81.05" route="routebottom" type="cfm_slow" waiting="0.00" lane="bottom_0" pos="27.38" speed="46.99" angle="45.23" x="113.15" y="21.06"/>
        <vehicle id="cfm_slow_2" eclass="HBEFA3/PC_G_EU4" CO2="13980.22" CO="490.55" HC="2.62" NOx="5.49" PMx="0.46" fuel="6.01" electricity="0.00" noise="81.05" route="routebottom" type="cfm_slow" waiting="0.00" lane="right_0" pos="17.38" speed="46.99" angle="333.23" x="119.47" y="97.58"/>
        <vehicle id="cfm_slow_3" eclass="HBEFA3/PC_G_EU4" CO2="13980.22" CO="490.55" HC="2.62" NOx="5.49" PMx="0.46" fuel="6.01" electricity="0.00" noise="81.05" route="routetop" type="cfm_slow" waiting="0.00" lane="top_0" pos="7.38" speed="46.99" angle="261.12" x="48.64" y="127.21"/>
        <vehicle id="cfm_slow_4" eclass="HBEFA3/PC_G_EU4" CO2="13980.22" CO="490.55" HC="2.62" NOx="5.49" PMx="0.46" fuel="6.01" electricity="0.00" noise="81.05" route="routetop" type="cfm_slow" waiting="0.00" lane="top_0" pos="47.38" speed="46.99" angle="189.25" x="-1.43" y="69.06"/>
    </timestep>
    <timestep time="9.75">
        <vehicle id="cfm_slow_0" eclass="HBEFA3/PC_G_EU4" CO2="13979.19" CO="490.53" HC="2.62" NOx="5.49" PMx="0.46" fuel="6.01" electricity="0.00" noise="81.05" route="routetop" type="cfm_slow" waiting="0.00" lane="left_0" pos="37.85" speed="46.99" angle="116.36" x="39.32" y="3.07"/>
        <vehicle id="cfm_slow_1" eclass="HBEFA3/PC_G_EU4" CO2="13979.19" CO="490.53" HC="2.62" NOx="5.49" PMx="0.46" fuel="6.01" electricity="0.00" noise="81.05" route="routebottom" type="cfm_slow" waiting="0.00" lane="bottom_0" pos="27.85" speed="46.99" angle="44.34" x="113.77" y="21.80"/>
        <vehicle id="cfm_slow_2" eclass="HBEFA3/PC_G_EU4" CO2="13979.19" CO="490.53" HC="2.62" NOx="5.49" PMx="0.46" fuel="6.01" electricity="0.00" noise="81.05" route="routebottom" type="cfm_slow" waiting="0.00" lane="right_0" pos="17.85" speed="46.99" angle="332.38" x="118.97" y="98.40"/>
        <vehicle id="cfm_slow_3" eclass="HBEFA3/PC_G_EU4" CO2="13979.19" CO="490.53" HC="2.62" NOx="5.49" PMx="0.46" fuel="6.01" electricity="0.00" noise="81.05" route="routetop" type="cfm_slow" waiting="0.00" lane="top_0" pos="7.85" speed="46.99" angle="260.31" x="47.70" y="126.98"/>
        <vehicle id="cfm_slow_4" eclass="HBEFA3/PC_G_EU4" CO2="13979.19" CO="490.53" HC="2.62" NOx="5.49" PMx="0.46" fuel="6.01" electricity="0.00" noise="81.05" route="routetop" type="cfm_slow" waiting="0.00" lane="top_0" pos="47.85" speed="46.99" angle="188.41" x="-1.49" y="68.10"/>
    </timestep>
    <timestep time="9.76">
        <vehicle id="cfm_slow_0" eclass="HBEFA3/PC_G_EU4" CO2="13978.17" CO="490.51" HC="2.62" NOx="5.49" PMx="0.46" fuel="6.01" electricity="0.00" noise="81.05" route="routetop" type="cfm_slow" waiting="0.00" lane="left_0" pos="38.32" speed="46.99" angle="115.48" x="40.22" y="2.72"/>
        <vehicle id="cfm_slow_1" eclass="HBEFA3/PC_G_EU4" CO2="13978.17" CO="490.51" HC="2.62" NOx="5.49" PMx="0.46" fuel="6.01" electricity="0.00" noise="81.05" route="routebottom" type="cfm_slow" waiting="0.00" lane="bottom_0" pos="28.32" speed="46.99" angle="43.51" x="114.39" y="22.54"/>
        <vehicle id="cfm_slow_2" eclass="HBEFA3/PC_G_EU4" CO2="13978.17" CO="490.51" HC="2.62" NOx="5.49" PMx="0.46" fuel="6.01" electricity="0.00" noise="81.05" route="routebottom" type="cfm_slow" waiting="0.00" lane="right_0" pos="18.32" speed="46.99" angle="331.54" x="118.44" y="99.21"/>
        <vehicle id="cfm_slow_3" eclass="HBEFA3/PC_G_EU4" CO2="13978.17" CO="490.51" HC="2.62" NOx="5.49" PMx="0.46" fuel="6.01" electricity="0.00" noise="81.05" route="routetop" type="cfm_slow" waiting="0.00" lane="top_0" pos="8.32" speed="46.99" angle="259.48" x="46.77" y="126.74"/>
        <vehicle id="cfm_slow_4" eclass="HBEFA3/PC_G_EU4" CO2="13978.17" CO="490.51" HC="2.62" NOx="5.49" PMx="0.46" fuel="6.01" electricity="0.00" noise="81.05" route="routetop" type="cfm_slow" waiting="0.00" lane="top_0" pos="48.32" speed="46.99" angle="187.55" x="-1.55" y="67.14"/>
    </timestep>
    <timestep time="9.77">
        <vehicle id="cfm_slow_0" eclass="HBEFA3/PC_G_EU4" CO2="13977.16" CO="490.49" HC="2.62" NOx="5.49" PMx="0.46" fuel="6.01" electricity="0.00" noise="81.05" route="routetop" type="cfm_slow" waiting="0.00" lane="left_0" pos="38.79" speed="46.99" angle="114.67" x="41.12" y="2.38"/>
        <vehicle id="cfm_slow_1" eclass="HBEFA3/PC_G_EU4" CO2="13977.16" CO="490.49" HC="2.62" NOx="5.49" PMx="0.46" fuel="6.01" electricity="0.00" noise="81.05" route="routebottom" type="cfm_slow" waiting="0.00" lane="bottom_0" pos="28.79" speed="46.99" angle="42.64" x="114.98" y="23.30"/>
        <vehicle id="cfm_slow_2" eclass="HBEFA3/PC_G_EU4" CO2="13977.16" CO="490.49" HC="2.62" NOx="5.49" PMx="0.46" fuel="6.01" electricity="0.00" noise="81.05" route="routebottom" type="cfm_slow" waiting="0.00" lane="right_0" pos="18.79" speed="46.99" angle="330.65" x="117.91" y="100.01"/>
        <vehicle id="cfm_slow_3" eclass="HBEFA3/PC_G_EU4" CO2="13977.16" CO="490.49" HC="2.62" NOx="5.49" PMx="0.46" fuel="6.01" electricity="0.00" noise="81.05" route="routetop" type="cfm_slow" waiting="0.00" lane="top_0" pos="8.79" speed="46.99" angle="258.64" x="45.84" y="126.49"/>
        <vehicle id="cfm_slow_4" eclass="HBEFA3/PC_G_EU4" CO2="13977.16" CO="490.49" HC="2.62" NOx="5.49" PMx="0.46" fuel="6.01" electricity="0.00" noise="81.05" route="routetop" type="cfm_slow" waiting="0.00" lane="top_0" pos="48.79" speed="46.99" angle="186.74" x="-1.60" y="66.17"/>
    </timestep>
    <timestep time="9.78">
        <vehicle id="cfm_slow_0" eclass="HBEFA3/PC_G_EU4" CO2="13976.16" CO="490.47" HC="2.62" NOx="5.49" PMx="0.46" fuel="6.01" electricity="0.00" noise="81.05" route="routetop" type="cfm_slow" waiting="0.00" lane="left_0" pos="39.26" speed="46.99" angle="113.80" x="42.03" y="2.05"/>
        <vehicle id="cfm_slow_1" eclass="HBEFA3/PC_G_EU4" CO2="13976.16" CO="490.47" HC="2.62" NOx="5.49" PMx="0.46" fuel="6.01" electricity="0.00" noise="81.05" route="routebottom" type="cfm_slow" waiting="0.00" lane="bottom_0" pos="29.26" speed="46.99" angle="41.77" x="115.58" y="24.06"/>
        <vehicle id="cfm_slow_2" eclass="HBEFA3/PC_G_EU4" CO2="13976.16" CO="490.47" HC="2.62" NOx="5.49" PMx="0.46" fuel="6.01" electricity="0.00" noise="81.05" route="routebottom" type="cfm_slow" waiting="0.00" lane="right_0" pos="19.26" speed="46.99" angle="329.82" x="117.37" y="100.81"/>
        <vehicle id="cfm_slow_3" eclass="HBEFA3/PC_G_EU4" CO2="13976.16" CO="490.47" HC="2.62" NOx="5.49" PMx="0.46" fuel="6.01" electricity="0.00" noise="81.05" route="routetop" type="cfm_slow" waiting="0.00" lane="top_0" pos="9.26" speed="46.99" angle="257.85" x="44.91" y="126.22"/>
        <vehicle id="cfm_slow_4" eclass="HBEFA3/PC_G_EU4" CO2="13976.16" CO="490.47" HC="2.62" NOx="5.49" PMx="0.46" fuel="6.01" electricity="0.00" noise="81.05" route="routetop" type="cfm_slow" waiting="0.00" lane="top_0" pos="49.26" speed="46.99" angle="185.86" x="-1.62" y="65.21"/>
    </timestep>
    <timestep time="9.79">
        <vehicle id="cfm_slow_0" eclass="HBEFA3/PC_G_EU4" CO2="13975.17" CO="490.46" HC="2.62" NOx="5.49" PMx="0.46" fuel="6.01" electricity="0.00" noise="81.05" route="routetop" type="cfm_slow" waiting="0.00" lane="left_0" pos="39.73" speed="46.99" angle="112.99" x="42.93" y="1.73"/>
        <vehicle id="cfm_slow_1" eclass="HBEFA3/PC_G_EU4" CO2="13975.17" CO="490.46" HC="2.62" NOx="5.49" PMx="0.46" fuel="6.01" electricity="0.00" noise="81.05" route="routebottom" type="cfm_slow" waiting="0.00" lane="bottom_0" pos="29.73" speed="46.99" angle="40.98" x="116.16" y="24.83"/>
        <vehicle id="cfm_slow_2" eclass="HBEFA3/PC_G_EU4" CO2="13975.17" CO="490.46" HC="2.62" NOx="5.49" PMx="0.46" fuel="6.01" electricity="0.00" noise="81.05" route="routebottom" type="cfm_slow" waiting="0.00" lane="right_0" pos="19.73" speed="46.99" angle="328.95" x="116.81" y="101.59"/>
        <vehicle id="cfm_slow_3" eclass="HBEFA3/PC_G_EU4" CO2="13975.17" CO="490.46" HC="2.62" NOx="5.49" PMx="0.46" fuel="6.01" electricity="0.00" noise="81.05" route="routetop" type="cfm_slow" waiting="0.00" lane="top_0" pos="9.73" speed="46.99" angle="256.99" x="43.99" y="125.93"/>
        <vehicle id="cfm_slow_4" eclass="HBEFA3/PC_G_EU4" CO2="13975.17" CO="490.46" HC="2.62" NOx="5.49" PMx="0.46" fuel="6.01" electricity="0.00" noise="81.05" route="routetop" type="cfm_slow" waiting="0.00" lane="top_0" pos="49.73" speed="46.99" angle="184.97" x="-1.64" y="64.25"/>
    </timestep>
    <timestep time="9.80">
        <vehicle id="cfm_slow_0" eclass="HBEFA3/PC_G_EU4" CO2="13974.19" CO="490.44" HC="2.62" NOx="5.48" PMx="0.46" fuel="6.01" electricity="0.00" noise="81.05" route="routetop" type="cfm_slow" waiting="0.00" lane="left_0" pos="40.20" speed="46.99" angle="112.13" x="43.85" y="1.44"/>
        <vehicle id="cfm_slow_1" eclass="HBEFA3/PC_G_EU4" CO2="13974.19" CO="490.44" HC="2.62" NOx="5.48" PMx="0.46" fuel="6.01" electricity="0.00" noise="81.05" route="routebottom" type="cfm_slow" waiting="0.00" lane="bottom_0" pos="30.20" speed="46.99" angle="40.13" x="116.72" y="25.61"/>
        <vehicle id="cfm_slow_2" eclass="HBEFA3/PC_G_EU4" CO2="13974.19" CO="490.44" HC="2.62" NOx="5.48" PMx="0.46" fuel="6.01" electricity="0.00" noise="81.05" route="routebottom" type="cfm_slow" waiting="0.00" lane="right_0" pos="20.20" speed="46.99" angle="328.07" x="116.24" y="102.37"/>
        <vehicle id="cfm_slow_3" eclass="HBEFA3/PC_G_EU4" CO2="13974.19" CO="490.44" HC="2.62" NOx="5.48" PMx="0.46" fuel="6.01" electricity="0.00" noise="81.05" route="routetop" type="cfm_slow" waiting="0.00" lane="top_0" pos="10.20" speed="46.99" angle="256.16" x="43.07" y="125.65"/>
        <vehicle id="cfm_slow_4" eclass="HBEFA3/PC_G_EU4" CO2="13974.19" CO="490.44" HC="2.62" NOx="5.48" PMx="0.46" fuel="6.01" electricity="0.00" noise="81.05" route="routetop" type="cfm_slow" waiting="0.00" lane="left_0" pos="0.20" speed="46.99" angle="184.13" x="-1.64" y="63.22"/>
    </timestep>
    <timestep time="9.81">
        <vehicle id="cfm_slow_0" eclass="HBEFA3/PC_G_EU4" CO2="13973.22" CO="490.42" HC="2.62" NOx="5.48" PMx="0.46" fuel="6.01" electricity="0.00" noise="81.05" route="routetop" type="cfm_slow" waiting="0.00" lane="left_0" pos="40.67" speed="46.99" angle="111.26" x="44.77" y="1.15"/>
        <vehicle id="cfm_slow_1" eclass="HBEFA3/PC_G_EU4" CO2="13973.22" CO="490.42" HC="2.62" NOx="5.48" PMx="0.46" fuel="6.01" electricity="0.00" noise="81.05" route="routebottom" type="cfm_slow" waiting="0.00" lane="bottom_0" pos="30.67" speed="46.99" angle="39.30" x="117.28" y="26.39"/>
        <vehicle id="cfm_slow_2" eclass="HBEFA3/PC_G_EU4" CO2="13973.22" CO="490.42" HC="2.62" NOx="5.48" PMx="0.46" fuel="6.01" electricity="0.00" noise="81.05" route="routebottom" type="cfm_slow" waiting="0.00" lane="right_0" pos="20.67" speed="46.99" angle="327.26" x="115.67" y="103.15"/>
        <vehicle id="cfm_slow_3" eclass="HBEFA3/PC_G_EU4" CO2="13973.22" CO="490.42" HC="2.62" NOx="5.48" PMx="0.46" fuel="6.01" electricity="0.00" noise="81.05" route="routetop" type="cfm_slow" waiting="0.00" lane="top_0" pos="10.67" speed="46.99" angle="255.27" x="42.17" y="125.32"/>
        <vehicle id="cfm_slow_4" eclass="HBEFA3/PC_G_EU4" CO2="13973.22" CO="490.42" HC="2.62" NOx="5.48" PMx="0.46" fuel="6.01" electricity="0.00" noise="81.05" route="routetop" type="cfm_slow" waiting="0.00" lane="left_0" pos="0.67" speed="46.99" angle="183.27" x="-1.62" y="62.26"/>
    </timestep>
    <timestep time="9.82">
        <vehicle id="cfm_slow_0" eclass="HBEFA3/PC_G_EU4" CO2="13972.25" CO="490.40" HC="2.62" NOx="5.48" PMx="0.46" fuel="6.01" electricity="0.00" noise="81.05" route="routetop" type="cfm_slow" waiting="0.00" lane="left_0" pos="41.14" speed="46.99" angle="110.45" x="45.69" y="0.88"/>
        <vehicle id="cfm_slow_1" eclass="HBEFA3/PC_G_EU4" CO2="13972.25" CO="490.40" HC="2.62" NOx="5.48" PMx="0.46" fuel="6.01" electricity="0.00" noise="81.05" route="routebottom" type="cfm_slow" waiting="0.00" lane="bottom_0" pos="31.14" speed="46.99" angle="38.48" x="117.83" y="27.18"/>
        <vehicle id="cfm_slow_2" eclass="HBEFA3/PC_G_EU4" CO2="13972.25" CO="490.40" HC="2.62" NOx="5.48" PMx="0.46" fuel="6.01" electricity="0.00" noise="81.05" route="routebottom" type="cfm_slow" waiting="0.00" lane="right_0" pos="21.14" speed="46.99" angle="326.40" x="115.08" y="103.91"/>
        <vehicle id="cfm_slow_3" eclass="HBEFA3/PC_G_EU4" CO2="13972.25" CO="490.40" HC="2.62" NOx="5.48" PMx="0.46" fuel="6.01" electricity="0.00" noise="81.05" route="routetop" type="cfm_slow" waiting="0.00" lane="top_0" pos="11.14" speed="46.99" angle="254.36" x="41.26" y="124.99"/>
        <vehicle id="cfm_slow_4" eclass="HBEFA3/PC_G_EU4" CO2="13972.25" CO="490.40" HC="2.62" NOx="5.48" PMx="0.46" fuel="6.01" electricity="0.00" noise="81.05" route="routetop" type="cfm_slow" waiting="0.00" lane="left_0" pos="1.14" speed="46.99" angle="182.41" x="-1.60" y="61.30"/>
    </timestep>
    <timestep time="9.83">
        <vehicle id="cfm_slow_0" eclass="HBEFA3/PC_G_EU4" CO2="13971.30" CO="490.38" HC="2.62" NOx="5.48" PMx="0.46" fuel="6.01" electricity="0.00" noise="81.05" route="routetop" type="cfm_slow" waiting="0.00" lane="left_0" pos="41.61" speed="46.99" angle="109.59" x="46.63" y="0.63"/>
        <vehicle id="cfm_slow_1" eclass="HBEFA3/PC_G_EU4" CO2="13971.30" CO="490.38" HC="2.62" NOx="5.48" PMx="0.46" fuel="6.01" electricity="0.00" noise="81.05" route="routebottom" type="cfm_slow" waiting="0.00" lane="bottom_0" pos="31.61" speed="46.99" angle="37.62" x="118.36" y="27.99"/>
        <vehicle id="cfm_slow_2" eclass="HBEFA3/PC_G_EU4" CO2="13971.30" CO="490.38" HC="2.62" NOx="5.48" PMx="0.46" fuel="6.01" electricity="0.00" noise="81.05" route="routebottom" type="cfm_slow" waiting="0.00" lane="right_0" pos="21.61" speed="46.99" angle="325.55" x="114.48" y="104.66"/>
        <vehicle id="cfm_slow_3" eclass="HBEFA3/PC_G_EU4" CO2="13971.30" CO="490.38" HC="2.62" NOx="5.48" PMx="0.46" fuel="6.01" electricity="0.00" noise="81.05" route="routetop" type="cfm_slow" waiting="0.00" lane="top_0" pos="11.61" speed="46.99" angle="253.53" x="40.36" y="124.66"/>
        <vehicle id="cfm_slow_4" eclass="HBEFA3/PC_G_EU4" CO2="13971.30" CO="490.38" HC="2.62" NOx="5.48" PMx="0.46" fuel="6.01" electricity="0.00" noise="81.05" route="routetop" type="cfm_slow" waiting="0.00" lane="left_0" pos="1.61" speed="46.99" angle="181.60" x="-1.56" y="60.33"/>
    </timestep>
    <timestep time="9.84">
        <vehicle id="cfm_slow_0" eclass="HBEFA3/PC_G_EU4" CO2="13970.35" CO="490.37" HC="2.62" NOx="5.48" PMx="0.46" fuel="6.01" electricity="0.00" noise="81.05" route="routetop" type="cfm_slow" waiting="0.00" lane="left_0" pos="42.08" speed="46.99" angle="108.73" x="47.56" y="0.38"/>
        <vehicle id="cfm_slow_1" eclass="HBEFA3/PC_G_EU4" CO2="13970.35" CO="490.37" HC="2.62" NOx="5.48" PMx="0.46" fuel="6.01" electricity="0.00" noise="81.05" route="routebottom" type="cfm_slow" waiting="0.00" lane="bottom_0" pos="32.08" speed="46.99" angle="36.83" x="118.89" y="28.79"/>
        <vehicle id="cfm_slow_2" eclass="HBEFA3/PC_G_EU4" CO2="13970.35" CO="490.37" HC="2.62" NOx="5.48" PMx="0.46" fuel="6.01" electricity="0.00" noise="81.05" route="routebottom" type="cfm_slow" waiting="0.00" lane="right_0" pos="22.08" speed="46.99" angle="324.74" x="113.87" y="105.41"/>
        <vehicle id="cfm_slow_3" eclass="HBEFA3/PC_G_EU4" CO2="13970.35" CO="490.37" HC="2.62" NOx="5.48" PMx="0.46" fuel="6.01" electricity="0.00" noise="81.05" route="routetop" type="cfm_slow" waiting="0.00" lane="top_0" pos="12.08" speed="46.99" angle="252.71" x="39.46" y="124.30"/>
        <vehicle id="cfm_slow_4" eclass="HBEFA3/PC_G_EU4" CO2="13970.35" CO="490.37" HC="2.62" NOx="5.48" PMx="0.46" fuel="6.01" electricity="0.00" noise="81.05" route="routetop" type="cfm_slow" waiting="0.00" lane="left_0" pos="2.08" speed="46.99" angle="180.75" x="-1.50" y="59.37"/>
    </timestep>
    <timestep time="9.85">
        <vehicle id="cfm_slow_0" eclass="HBEFA3/PC_G_EU4" CO2="13969.41" CO="490.35" HC="2.62" NOx="5.48" PMx="0.46" fuel="6.00" electricity="0.00" noise="81.05" route="routetop" type="cfm_slow" waiting="0.00" lane="left_0" pos="42.55" speed="46.99" angle="107.94" x="48.49" y="0.15"/>
        <vehicle id="cfm_slow_1" eclass="HBEFA3/PC_G_EU4" CO2="13969.41" CO="490.35" HC="2.62" NOx="5.48" PMx="0.46" fuel="6.00" electricity="0.00" noise="81.05" route="routebottom" type="cfm_slow" waiting="0.00" lane="bottom_0" pos="32.55" speed="46.99" angle="35.95" x="119.39" y="29.62"/>
        <vehicle id="cfm_slow_2" eclass="HBEFA3/PC_G_EU4" CO2="13969.41" CO="490.35" HC="2.62" NOx="5.48" PMx="0.46" fuel="6.00" electricity="0.00" noise="81.05" route="routebottom" type="cfm_slow" waiting="0.00" lane="right_0" pos="22.55" speed="46.99" angle="323.88" x="113.25" y="106.15"/>
        <vehicle id="cfm_slow_3" eclass="HBEFA3/PC_G_EU4" CO2="13969.41" CO="490.35" HC="2.62" NOx="5.48" PMx="0.46" fuel="6.00" electricity="0.00" noise="81.05" route="routetop" type="cfm_slow" waiting="0.00" lane="top_0" pos="12.55" speed="46.99" angle="251.88" x="38.57" y="123.95"/>
        <vehicle id="cfm_slow_4" eclass="HBEFA3/PC_G_EU4" CO2="13969.41" CO="490.35" HC="2.62" NOx="5.48" PMx="0.46" fuel="6.00" electricity="0.00" noise="81.05" route="routetop" type="cfm_slow" waiting="0.00" lane="left_0" pos="2.55" speed="46.99" angle="179.93" x="-1.44" y="58.41"/>
    </timestep>
    <timestep time="9.86">
        <vehicle id="cfm_slow_0" eclass="HBEFA3/PC_G_EU4" CO2="13968.48" CO="490.33" HC="2.62" NOx="5.48" PMx="0.46" fuel="6.00" electricity="0.00" noise="81.05" route="routetop" type="cfm_slow" waiting="0.00" lane="left_0" pos="43.02" speed="46.99" angle="107.10" x="49.43" y="-0.07"/>
        <vehicle id="cfm_slow_1" eclass="HBEFA3/PC_G_EU4" CO2="13968.48" CO="490.33" HC="2.62" NOx="5.48" PMx="0.46" fuel="6.00" electricity="0.00" noise="81.05" route="routebottom" type="cfm_slow" waiting="0.00" lane="bottom_0" pos="33.02" speed="46.99" angle="35.07" x="119.88" y="30.44"/>
        <vehicle id="cfm_slow_2" eclass="HBEFA3/PC_G_EU4" CO2="13968.48" CO="490.33" HC="2.62" NOx="5.48" PMx="0.46" fuel="6.00" electricity="0.00" noise="81.05" route="routebottom" type="cfm_slow" waiting="0.00" lane="right_0" pos="23.02" speed="46.99" angle="323.07" x="112.63" y="106.88"/>
        <vehicle id="cfm_slow_3" eclass="HBEFA3/PC_G_EU4" CO2="13968.48" CO="490.33" HC="2.62" NOx="5.48" PMx="0.46" fuel="6.00" electricity="0.00" noise="81.05" route="routetop" type="cfm_slow" waiting="0.00" lane="top_0" pos="13.02" speed="46.99" angle="251.08" x="37.68" y="123.57"/>
        <vehicle id="cfm_slow_4" eclass="HBEFA3/PC_G_EU4" CO2="13968.48" CO="490.33" HC="2.62" NOx="5.48" PMx="0.46" fuel="6.00" electricity="0.00" noise="81.05" route="routetop" type="cfm_slow" waiting="0.00" lane="left_0" pos="3.02" speed="46.99" angle="179.08" x="-1.34" y="57.45"/>
    </timestep>
    <timestep time="9.87">
        <vehicle id="cfm_slow_0" eclass="HBEFA3/PC_G_EU4" CO2="13967.56" CO="490.31" HC="2.62" NOx="5.48" PMx="0.46" fuel="6.00" electricity="0.00" noise="81.05" route="routetop" type="cfm_slow" waiting="0.00" lane="left_0" pos="43.49" speed="46.99" angle="106.26" x="50.37" y="-0.28"/>
        <vehicle id="cfm_slow_1" eclass="HBEFA3/PC_G_EU4" CO2="13967.56" CO="490.31" HC="2.62" NOx="5.48" PMx="0.46" fuel="6.00" electricity="0.00" noise="81.05" route="routebottom" type="cfm_slow" waiting="0.00" lane="bottom_0" pos="33.49" speed="46.99" angle="34.26" x="120.37" y="31.27"/>
        <vehicle id="cfm_slow_2" eclass="HBEFA3/PC_G_EU4" CO2="13967.56" CO="490.31" HC="2.62" NOx="5.48" PMx="0.46" fuel="6.00" electricity="0.00" noise="81.05" route="routebottom" type="cfm_slow" waiting="0.00" lane="right_0" pos="23.49" speed="46.99" angle="322.24" x="111.98" y="107.60"/>
        <vehicle id="cfm_slow_3" eclass="HBEFA3/PC_G_EU4" CO2="13967.56" CO="490.31" HC="2.62" NOx="5.48" PMx="0.46" fuel="6.00" electricity="0.00" noise="81.05" route="routetop" type="cfm_slow" waiting="0.00" lane="top_0" pos="13.49" speed="46.99" angle="250.20" x="36.80" y="123.18"/>
        <vehicle id="cfm_slow_4" eclass="HBEFA3/PC_G_EU4" CO2="13967.56" CO="490.31" HC="2.62" NOx="5.48" PMx="0.46" fuel="6.00" electricity="0.00" noise="81.05" route="routetop" type="cfm_slow" waiting="0.00" lane="left_0" pos="3.49" speed="46.99" angle="178.22" x="-1.25" y="56.49"/>
    </timestep>
    <timestep time="9.88">
        <vehicle id="cfm_slow_0" eclass="HBEFA3/PC_G_EU4" CO2="13966.65" CO="490.30" HC="2.62" NOx="5.48" PMx="0.46" fuel="6.00" electricity="0.00" noise="81.05" route="routetop" type="cfm_slow" waiting="0.00" lane="left_0" pos="43.96" speed="46.99" angle="105.44" x="51.32" y="-0.46"/>
        <vehicle id="cfm_slow_1" eclass="HBEFA3/PC_G_EU4" CO2="13966.65" CO="490.30" HC="2.62" NOx="5.48" PMx="0.46" fuel="6.00" electricity="0.00" noise="81.05" route="routebottom" type="cfm_slow" waiting="0.00" lane="bottom_0" pos="33.96" speed="46.99" angle="33.41" x="120.83" y="32.12"/>
        <vehicle id="cfm_slow_2" eclass="HBEFA3/PC_G_EU4" CO2="13966.65" CO="490.30" HC="2.62" NOx="5.48" PMx="0.46" fuel="6.00" electricity="0.00" noise="81.05" route="routebottom" type="cfm_slow" waiting="0.00" lane="right_0" pos="23.96" speed="46.99" angle="321.38" x="111.32" y="108.30"/>
        <vehicle id="cfm_slow_3" eclass="HBEFA3/PC_G_EU4" CO2="13966.65" CO="490.30" HC="2.62" NOx="5.48" PMx="0.46" fuel="6.00" electricity="0.00" noise="81.05" route="routetop" type="cfm_slow" waiting="0.00" lane="top_0" pos="13.96" speed="46.99" angle="249.32" x="35.92" y="122.79"/>
        <vehicle id="cfm_slow_4" eclass="HBEFA3/PC_G_EU4" CO2="13966.65" CO="490.30" HC="2.62" NOx="5.48" PMx="0.46" fuel="6.00" electricity="0.00" noise="81.05" route="routetop" type="cfm_slow" waiting="0.00" lane="left_0" pos="3.96" speed="46.99" angle="177.41" x="-1.14" y="55.54"/>
    </timestep>
    <timestep time="9.89">
        <vehicle id="cfm_slow_0" eclass="HBEFA3/PC_G_EU4" CO2="13965.74" CO="490.28" HC="2.62" NOx="5.48" PMx="0.46" fuel="6.00" electricity="0.00" noise="81.05" route="routetop" type="cfm_slow" waiting="0.00" lane="left_0" pos="44.43" speed="46.99" angle="104.56" x="52.26" y="-0.64"/>
        <vehicle id="cfm_slow_1" eclass="HBEFA3/PC_G_EU4" CO2="13965.74" CO="490.28" HC="2.62" NOx="5.48" PMx="0.46" fuel="6.00" electricity="0.00" noise="81.05" route="routebottom" type="cfm_slow" waiting="0.00" lane="bottom_0" pos="34.43" speed="46.99" angle="32.56" x="121.30" y="32.96"/>
        <vehicle id="cfm_slow_2" eclass="HBEFA3/PC_G_EU4" CO2="13965.74" CO="490.28" HC="2.62" NOx="5.48" PMx="0.46" fuel="6.00" electricity="0.00" noise="81.05" route="routebottom" type="cfm_slow" waiting="0.00" lane="right_0" pos="24.43" speed="46.99" angle="320.58" x="110.67" y="109.00"/>
        <vehicle id="cfm_slow_3" eclass="HBEFA3/PC_G_EU4" CO2="13965.74" CO="490.28" HC="2.62" NOx="5.48" PMx="0.46" fuel="6.00" electricity="0.00" noise="81.05" route="routetop" type="cfm_slow" waiting="0.00" lane="top_0" pos="14.43" speed="46.99" angle="248.51" x="35.05" y="122.37"/>
        <vehicle id="cfm_slow_4" eclass="HBEFA3/PC_G_EU4" CO2="13965.74" CO="490.28" HC="2.62" NOx="5.48" PMx="0.46" fuel="6.00" electricity="0.00" noise="81.05" route="routetop" type="cfm_slow" waiting="0.00" lane="left_0" pos="4.43" speed="46.99" angle="176.55" x="-1.01" y="54.58"/>
    </timestep>
    <timestep time="9.90">
        <vehicle id="cfm_slow_0" eclass="HBEFA3/PC_G_EU4" CO2="13964.85" CO="490.26" HC="2.62" NOx="5.48" PMx="0.46" fuel="6.00" electricity="0.00" noise="81.05" route="routetop" type="cfm_slow" waiting="0.00" lane="left_0" pos="44.90" speed="46.99" angle="103.75" x="53.21" y="-0.81"/>
        <vehicle id="cfm_slow_1" eclass="HBEFA3/PC_G_EU4" CO2="13964.85" CO="490.26" HC="2.62" NOx="5.48" PMx="0.46" fuel="6.00" electricity="0.00" noise="81.05" route="routebottom" type="cfm_slow" waiting="0.00" lane="bottom_0" pos="34.90" speed="46.99" angle="31.75" x="121.75" y="33.81"/>
        <vehicle id="cfm_slow_2" eclass="HBEFA3/PC_G_EU4" CO2="13964.85" CO="490.26" HC="2.62" NOx="5.48" PMx="0.46" fuel="6.00" electricity="0.00" noise="81.05" route="routebottom" type="cfm_slow" waiting="0.00" lane="right_0" pos="24.90" speed="46.99" angle="319.72" x="109.98" y="109.69"/>
        <vehicle id="cfm_slow_3" eclass="HBEFA3/PC_G_EU4" CO2="13964.85" CO="490.26" HC="2.62" NOx="5.48" PMx="0.46" fuel="6.00" electricity="0.00" noise="81.05" route="routetop" type="cfm_slow" waiting="0.00" lane="top_0" pos="14.90" speed="46.99" angle="247.64" x="34.19" y="121.94"/>
        <vehicle id="cfm_slow_4" eclass="HBEFA3/PC_G_EU4" CO2="13964.85" CO="490.26" HC="2.62" NOx="5.48" PMx="0.46" fuel="6.00" electricity="0.00" noise="81.05" route="routetop" type="cfm_slow" waiting="0.00" lane="left_0" pos="4.90" speed="46.99" angle="175.69" x="-0.87" y="53.63"/>
    </timestep>
    <timestep time="9.91">
        <vehicle id="cfm_slow_0" eclass="HBEFA3/PC_G_EU4" CO2="13963.96" CO="490.25" HC="2.62" NOx="5.48" PMx="0.46" fuel="6.00" electricity="0.00" noise="81.05" route="routetop" type="cfm_slow" waiting="0.00" lane="left_0" pos="45.37" speed="46.99" angle="102.89" x="54.17" y="-0.95"/>
        <vehicle id="cfm_slow_1" eclass="HBEFA3/PC_G_EU4" CO2="13963.96" CO="490.25" HC="2.62" NOx="5.48" PMx="0.46" fuel="6.00" electricity="0.00" noise="81.05" route="routebottom" type="cfm_slow" waiting="0.00" lane="bottom_0" pos="35.37" speed="46.99" angle="30.87" x="122.18" y="34.68"/>
        <vehicle id="cfm_slow_2" eclass="HBEFA3/PC_G_EU4" CO2="13963.96" CO="490.25" HC="2.62" NOx="5.48" PMx="0.46" fuel="6.00" electricity="0.00" noise="81.05" route="routebottom" type="cfm_slow" waiting="0.00" lane="right_0" pos="25.37" speed="46.99" angle="318.86" x="109.30" y="110.37"/>
        <vehicle id="cfm_slow_3" eclass="HBEFA3/PC_G_EU4" CO2="13963.96" CO="490.25" HC="2.62" NOx="5.48" PMx="0.46" fuel="6.00" electricity="0.00" noise="81.05" route="routetop" type="cfm_slow" waiting="0.00" lane="top_0" pos="15.37" speed="46.99" angle="246.83" x="33.33" y="121.50"/>
        <vehicle id="cfm_slow_4" eclass="HBEFA3/PC_G_EU4" CO2="13963.96" CO="490.25" HC="2.62" NOx="5.48" PMx="0.46" fuel="6.00" electricity="0.00" noise="81.05" route="routetop" type="cfm_slow" waiting="0.00" lane="left_0" pos="5.37" speed="46.99" angle="174.84" x="-0.72" y="52.68"/>
    </timestep>
    <timestep time="9.92">
        <vehicle id="cfm_slow_0" eclass="HBEFA3/PC_G_EU4" CO2="13963.08" CO="490.23" HC="2.62" NOx="5.48" PMx="0.46" fuel="6.00" electricity="0.00" noise="81.05" route="routetop" type="cfm_slow" waiting="0.00" lane="left_0" pos="45.84" speed="46.99" angle="102.03" x="55.12" y="-1.08"/>
        <vehicle id="cfm_slow_1" eclass="HBEFA3/PC_G_EU4" CO2="13963.08" CO="490.23" HC="2.62" NOx="5.48" PMx="0.46" fuel="6.00" electricity="0.00" noise="81.05" route="routebottom" type="cfm_slow" waiting="0.00" lane="bottom_0" pos="35.84" speed="46.99" angle="30.03" x="122.61" y="35.54"/>
        <vehicle id="cfm_slow_2" eclass="HBEFA3/PC_G_EU4" CO2="13963.08" CO="490.23" HC="2.62" NOx="5.48" PMx="0.46" fuel="6.00" electricity="0.00" noise="81.05" route="routebottom" type="cfm_slow" waiting="0.00" lane="right_0" pos="25.84" speed="46.99" angle="318.06" x="108.61" y="111.04"/>
        <vehicle id="cfm_slow_3" eclass="HBEFA3/PC_G_EU4" CO2="13963.08" CO="490.23" HC="2.62" NOx="5.48" PMx="0.46" fuel="6.00" electricity="0.00" noise="81.05" route="routetop" type="cfm_slow" waiting="0.00" lane="top_0" pos="15.84" speed="46.99" angle="245.99" x="32.49" y="121.04"/>
        <vehicle id="cfm_slow_4" eclass="HBEFA3/PC_G_EU4" CO2="13963.08" CO="490.23" HC="2.62" NOx="5.48" PMx="0.46" fuel="6.00" electricity="0.00" noise="81.05" route="routetop" type="cfm_slow" waiting="0.00" lane="left_0" pos="5.84" speed="46.99" angle="173.96" x="-0.54" y="51.73"/>
    </timestep>
    <timestep time="9.93">
        <vehicle id="cfm_slow_0" eclass="HBEFA3/PC_G_EU4" CO2="13962.21" CO="490.22" HC="2.62" NOx="5.48" PMx="0.46" fuel="6.00" electricity="0.00" noise="81.05" route="routetop" type="cfm_slow" waiting="0.00" lane="left_0" pos="46.31" speed="46.99" angle="101.23" x="56.07" y="-1.21"/>
        <vehicle id="cfm_slow_1" eclass="HBEFA3/PC_G_EU4" CO2="13962.21" CO="490.22" HC="2.62" NOx="5.48" PMx="0.46" fuel="6.00" electricity="0.00" noise="81.05" route="routebottom" type="cfm_slow" waiting="0.00" lane="bottom_0" pos="36.31" speed="46.99" angle="29.16" x="123.01" y="36.41"/>
        <vehicle id="cfm_slow_2" eclass="HBEFA3/PC_G_EU4" CO2="13962.21" CO="490.22" HC="2.62" NOx="5.48" PMx="0.46" fuel="6.00" electricity="0.00" noise="81.05" route="routebottom" type="cfm_slow" waiting="0.00" lane="right_0" pos="26.31" speed="46.99" angle="317.20" x="107.90" y="111.69"/>
        <vehicle id="cfm_slow_3" eclass="HBEFA3/PC_G_EU4" CO2="13962.21" CO="490.22" HC="2.62" NOx="5.48" PMx="0.46" fuel="6.00" electricity="0.00" noise="81.05" route="routetop" type="cfm_slow" waiting="0.00" lane="top_0" pos="16.31" speed="46.99" angle="245.15" x="31.64" y="120.57"/>
        <vehicle id="cfm_slow_4" eclass="HBEFA3/PC_G_EU4" CO2="13962.21" CO="490.22" HC="2.62" NOx="5.48" PMx="0.46" fuel="6.00" electricity="0.00" noise="81.05" route="routetop" type="cfm_slow" waiting="0.00" lane="left_0" pos="6.31" speed="46.99" angle="173.10" x="-0.36" y="50.78"/>
    </timestep>
    <timestep time="9.94">
        <vehicle id="cfm_slow_0" eclass="HBEFA3/PC_G_EU4" CO2="13961.34" CO="490.20" HC="2.62" NOx="5.48" PMx="0.46" fuel="6.00" electricity="0.00" noise="81.05" route="routetop" type="cfm_slow" waiting="0.00" lane="left_0" pos="46.78" speed="46.99" angle="100.35" x="57.03" y="-1.30"/>
        <vehicle id="cfm_slow_1" eclass="HBEFA3/PC_G_EU4" CO2="13961.34" CO="490.20" HC="2.62" NOx="5.48" PMx="0.46" fuel="6.00" electricity="0.00" noise="81.05" route="routebottom" type="cfm_slow" waiting="0.00" lane="bottom_0" pos="36.78" speed="46.99" angle="28.26" x="123.40" y="37.29"/>
        <vehicle id="cfm_slow_2" eclass="HBEFA3/PC_G_EU4" CO2="13961.34" CO="490.20" HC="2.62" NOx="5.48" PMx="0.46" fuel="6.00" electricity="0.00" noise="81.05" route="routebottom" type="cfm_slow" waiting="0.00" lane="right_0" pos="26.78" speed="46.99" angle="316.35" x="107.20" y="112.35"/>
        <vehicle id="cfm_slow_3" eclass="HBEFA3/PC_G_EU4" CO2="13961.34" CO="490.20" HC="2.62" NOx="5.48" PMx="0.46" fuel="6.00" electricity="0.00" noise="81.05" route="routetop" type="cfm_slow" waiting="0.00" lane="top_0" pos="16.78" speed="46.99" angle="244.34" x="30.80" y="120.10"/>
        <vehicle id="cfm_slow_4" eclass="HBEFA3/PC_G_EU4" CO2="13961.34" CO="490.20" HC="2.62" NOx="5.48" PMx="0.46" fuel="6.00" electricity="0.00" noise="81.05" route="routetop" type="cfm_slow" waiting="0.00" lane="left_0" pos="6.78" speed="46.99" angle="172.27" x="-0.16" y="49.84"/>
    </timestep>
    <timestep time="9.95">
        <vehicle id="cfm_slow_0" eclass="HBEFA3/PC_G_EU4" CO2="13960.48" CO="490.18" HC="2.62" NOx="5.48" PMx="0.46" fuel="6.00" electricity="0.00" noise="81.04" route="routetop" type="cfm_slow" waiting="0.00" lane="left_0" pos="47.25" speed="46.99" angle="99.47" x="57.99" y="-1.40"/>
        <vehicle id="cfm_slow_1" eclass="HBEFA3/PC_G_EU4" CO2="13960.48" CO="490.18" HC="2.62" NOx="5.48" PMx="0.46" fuel="6.00" electricity="0.00" noise="81.04" route="routebottom" type="cfm_slow" waiting="0.00" lane="bottom_0" pos="37.25" speed="46.99" angle="27.45" x="123.79" y="38.18"/>
        <vehicle id="cfm_slow_2" eclass="HBEFA3/PC_G_EU4" CO2="13960.48" CO="490.18" HC="2.62" NOx="5.48" PMx="0.46" fuel="6.00" electricity="0.00" noise="81.04" route="routebottom" type="cfm_slow" waiting="0.00" lane="right_0" pos="27.25" speed="46.99" angle="315.50" x="106.47" y="112.98"/>
        <vehicle id="cfm_slow_3" eclass="HBEFA3/PC_G_EU4" CO2="13960.48" CO="490.18" HC="2.62" NOx="5.48" PMx="0.46" fuel="6.00" electricity="0.00" noise="81.04" route="routetop" type="cfm_slow" waiting="0.00" lane="top_0" pos="17.25" speed="46.99" angle="243.48" x="29.98" y="119.60"/>
        <vehicle id="cfm_slow_4" eclass="HBEFA3/PC_G_EU4" CO2="13960.48" CO="490.18" HC="2.62" NOx="5.48" PMx="0.46" fuel="6.00" electricity="0.00" noise="81.04" route="routetop" type="cfm_slow" waiting="0.00" lane="left_0" pos="7.25" speed="46.99" angle="171.40" x="0.05" y="48.90"/>
    </timestep>
    <timestep time="9.96">
        <vehicle id="cfm_slow_0" eclass="HBEFA3/PC_G_EU4" CO2="13959.64" CO="490.17" HC="2.62" NOx="5.48" PMx="0.46" fuel="6.00" electricity="0.00" noise="81.04" route="routetop" type="cfm_slow" waiting="0.00" lane="left_0" pos="47.72" speed="46.99" angle="98.66" x="58.95" y="-1.47"/>
        <vehicle id="cfm_slow_1" eclass="HBEFA3/PC_G_EU4" CO2="13959.64" CO="490.17" HC="2.62" NOx="5.48" PMx="0.46" fuel="6.00" electricity="0.00" noise="81.04" route="routebottom" type="cfm_slow" waiting="0.00" lane="bottom_0" pos="37.72" speed="46.99" angle="26.59" x="124.15" y="39.07"/>
        <vehicle id="cfm_slow_2" eclass="HBEFA3/PC_G_EU4" CO2="13959.64" CO="490.17" HC="2.62" NOx="5.48" PMx="0.46" fuel="6.00" electricity="0.00" noise="81.04" route="routebottom" type="cfm_slow" waiting="0.00" lane="right_0" pos="27.72" speed="46.99" angle="314.57" x="105.73" y="113.60"/>
        <vehicle id="cfm_slow_3" eclass="HBEFA3/PC_G_EU4" CO2="13959.64" CO="490.17" HC="2.62" NOx="5.48" PMx="0.46" fuel="6.00" electricity="0.00" noise="81.04" route="routetop" type="cfm_slow" waiting="0.00" lane="top_0" pos="17.72" speed="46.99" angle="242.62" x="29.15" y="119.11"/>
        <vehicle id="cfm_slow_4" eclass="HBEFA3/PC_G_EU4" CO2="13959.64" CO="490.17" HC="2.62" NOx="5.48" PMx="0.46" fuel="6.00" electricity="0.00" noise="81.04" route="routetop" type="cfm_slow" waiting="0.00" lane="left_0" pos="7.72" speed="46.99" angle="170.59" x="0.27" y="47.96"/>
    </timestep>
    <timestep time="9.97">
        <vehicle id="cfm_slow_0" eclass="HBEFA3/PC_G_EU4" CO2="13958.80" CO="490.15" HC="2.62" NOx="5.48" PMx="0.46" fuel="6.00" electricity="0.00" noise="81.04" route="routetop" type="cfm_slow" waiting="0.00" lane="left_0" pos="48.19" speed="46.99" angle="97.80" x="59.91" y="-1.53"/>
        <vehicle id="cfm_slow_1" eclass="HBEFA3/PC_G_EU4" CO2="13958.80" CO="490.15" HC="2.62" NOx="5.48" PMx="0.46" fuel="6.00" electricity="0.00" noise="81.04" route="routebottom" type="cfm_slow" waiting="0.00" lane="bottom_0" pos="38.19" speed="46.99" angle="25.72" x="124.50" y="39.97"/>
        <vehicle id="cfm_slow_2" eclass="HBEFA3/PC_G_EU4" CO2="13958.80" CO="490.15" HC="2.62" NOx="5.48" PMx="0.46" fuel="6.00" electricity="0.00" noise="81.04" route="routebottom" type="cfm_slow" waiting="0.00" lane="right_0" pos="28.19" speed="46.99" angle="313.71" x="105.00" y="114.22"/>
        <vehicle id="cfm_slow_3" eclass="HBEFA3/PC_G_EU4" CO2="13958.80" CO="490.15" HC="2.62" NOx="5.48" PMx="0.46" fuel="6.00" electricity="0.00" noise="81.04" route="routetop" type="cfm_slow" waiting="0.00" lane="top_0" pos="18.19" speed="46.99" angle="241.80" x="28.34" y="118.59"/>
        <vehicle id="cfm_slow_4" eclass="HBEFA3/PC_G_EU4" CO2="13958.80" CO="490.15" HC="2.62" NOx="5.48" PMx="0.46" fuel="6.00" electricity="0.00" noise="81.04" route="routetop" type="cfm_slow" waiting="0.00" lane="left_0" pos="8.19" speed="46.99" angle="169.72" x="0.52" y="47.03"/>
    </timestep>
    <timestep time="9.98">
        <vehicle id="cfm_slow_0" eclass="HBEFA3/PC_G_EU4" CO2="13957.96" CO="490.14" HC="2.62" NOx="5.48" PMx="0.46" fuel="6.00" electricity="0.00" noise="81.04" route="routetop" type="cfm_slow" waiting="0.00" lane="left_0" pos="48.66" speed="46.99" angle="96.95" x="60.88" y="-1.59"/>
        <vehicle id="cfm_slow_1" eclass="HBEFA3/PC_G_EU4" CO2="13957.96" CO="490.14" HC="2.62" NOx="5.48" PMx="0.46" fuel="6.00" electricity="0.00" noise="81.04" route="routebottom" type="cfm_slow" waiting="0.00" lane="bottom_0" pos="38.66" speed="46.99" angle="24.92" x="124.85" y="40.87"/>
        <vehicle id="cfm_slow_2" eclass="HBEFA3/PC_G_EU4" CO2="13957.96" CO="490.14" HC="2.62" NOx="5.48" PMx="0.46" fuel="6.00" electricity="0.00" noise="81.04" route="routebottom" type="cfm_slow" waiting="0.00" lane="right_0" pos="28.66" speed="46.99" angle="312.86" x="104.24" y="114.82"/>
        <vehicle id="cfm_slow_3" eclass="HBEFA3/PC_G_EU4" CO2="13957.96" CO="490.14" HC="2.62" NOx="5.48" PMx="0.46" fuel="6.00" electricity="0.00" noise="81.04" route="routetop" type="cfm_slow" waiting="0.00" lane="top_0" pos="18.66" speed="46.99" angle="240.91" x="27.53" y="118.06"/>
        <vehicle id="cfm_slow_4" eclass="HBEFA3/PC_G_EU4" CO2="13957.96" CO="490.14" HC="2.62" NOx="5.48" PMx="0.46" fuel="6.00" electricity="0.00" noise="81.04" route="routetop" type="cfm_slow" waiting="0.00" lane="left_0" pos="8.66" speed="46.99" angle="168.84" x="0.77" y="46.10"/>
    </timestep>
    <timestep time="9.99">
        <vehicle id="cfm_slow_0" eclass="HBEFA3/PC_G_EU4" CO2="13957.14" CO="490.12" HC="2.62" NOx="5.48" PMx="0.46" fuel="6.00" electricity="0.00" noise="81.04" route="routetop" type="cfm_slow" waiting="0.00" lane="left_0" pos="49.13" speed="46.99" angle="96.11" x="61.84" y="-1.62"/>
        <vehicle id="cfm_slow_1" eclass="HBEFA3/PC_G_EU4" CO2="13957.14" CO="490.12" HC="2.62" NOx="5.48" PMx="0.46" fuel="6.00" electricity="0.00" noise="81.04" route="routebottom" type="cfm_slow" waiting="0.00" lane="bottom_0" pos="39.13" speed="46.99" angle="24.07" x="125.18" y="41.77"/>
        <vehicle id="cfm_slow_2" eclass="HBEFA3/PC_G_EU4" CO2="13957.14" CO="490.12" HC="2.62" NOx="5.48" PMx="0.46" fuel="6.00" electricity="0.00" noise="81.04" route="routebottom" type="cfm_slow" waiting="0.00" lane="right_0" pos="29.13" speed="46.99" angle="312.01" x="103.48" y="115.41"/>
        <vehicle id="cfm_slow_3" eclass="HBEFA3/PC_G_EU4" CO2="13957.14" CO="490.12" HC="2.62" NOx="5.48" PMx="0.46" fuel="6.00" electricity="0.00" noise="81.04" route="routetop" type="cfm_slow" waiting="0.00" lane="top_0" pos="19.13" speed="46.99" angle="240.02" x="26.73" y="117.53"/>
        <vehicle id="cfm_slow_4" eclass="HBEFA3/PC_G_EU4" CO2="13957.14" CO="490.12" HC="2.62" NOx="5.48" PMx="0.46" fuel="6.00" electricity="0.00" noise="81.04" route="routetop" type="cfm_slow" waiting="0.00" lane="left_0" pos="9.13" speed="46.99" angle="168.03" x="1.03" y="45.17"/>
    </timestep>
    <timestep time="10.00">
        <vehicle id="cfm_slow_0" eclass="HBEFA3/PC_G_EU4" CO2="13956.32" CO="490.11" HC="2.62" NOx="5.48" PMx="0.46" fuel="6.00" electricity="0.00" noise="81.04" route="routetop" type="cfm_slow" waiting="0.00" lane="left_0" pos="49.60" speed="46.99" angle="95.22" x="62.80" y="-1.63"/>
        <vehicle id="cfm_slow_1" eclass="HBEFA3/PC_G_EU4" CO2="13956.32" CO="490.11" HC="2.62" NOx="5.48" PMx="0.46" fuel="6.00" electricity="0.00" noise="81.04" route="routebottom" type="cfm_slow" waiting="0.00" lane="bottom_0" pos="39.60" speed="46.99" angle="23.23" x="125.51" y="42.68"/>
        <vehicle id="cfm_slow_2" eclass="HBEFA3/PC_G_EU4" CO2="13956.32" CO="490.11" HC="2.62" NOx="5.48" PMx="0.46" fuel="6.00" electricity="0.00" noise="81.04" route="routebottom" type="cfm_slow" waiting="0.00" lane="right_0" pos="29.60" speed="46.99" angle="311.21" x="102.71" y="116.00"/>
        <vehicle id="cfm_slow_3" eclass="HBEFA3/PC_G_EU4" CO2="13956.32" CO="490.11" HC="2.62" NOx="5.48" PMx="0.46" fuel="6.00" electricity="0.00" noise="81.04" route="routetop" type="cfm_slow" waiting="0.00" lane="top_0" pos="19.60" speed="46.99" angle="239.19" x="25.95" y="116.97"/>
        <vehicle id="cfm_slow_4" eclass="HBEFA3/PC_G_EU4" CO2="13956.32" CO="490.11" HC="2.62" NOx="5.48" PMx="0.46" fuel="6.00" electricity="0.00" noise="81.04" route="routetop" type="cfm_slow" waiting="0.00" lane="left_0" pos="9.60" speed="46.99" angle="167.17" x="1.31" y="44.25"/>
    </timestep>
    <timestep time="10.01">
        <vehicle id="cfm_slow_0" eclass="HBEFA3/PC_G_EU4" CO2="2624.72" CO="164.78" HC="0.81" NOx="1.20" PMx="0.07" fuel="1.13" electricity="0.00" noise="55.94" route="routebottom" type="cfm_slow" waiting="0.00" lane="bottom_0" pos="1.00" speed="0.00" angle="92.66" x="65.74" y="-1.61"/>
        <vehicle id="cfm_slow_1" eclass="HBEFA3/PC_G_EU4" CO2="2624.72" CO="164.78" HC="0.81" NOx="1.20" PMx="0.07" fuel="1.13" electricity="0.00" noise="55.94" route="routebottom" type="cfm_slow" waiting="0.00" lane="bottom_0" pos="41.00" speed="0.00" angle="20.74" x="126.38" y="45.42"/>
        <vehicle id="cfm_slow_2" eclass="HBEFA3/PC_G_EU4" CO2="2624.72" CO="164.78" HC="0.81" NOx="1.20" PMx="0.07" fuel="1.13" electricity="0.00" noise="55.94" route="routeright" type="cfm_slow" waiting="0.00" lane="right_0" pos="31.00" speed="0.00" angle="308.70" x="100.37" y="117.67"/>
        <vehicle id="cfm_slow_3" eclass="HBEFA3/PC_G_EU4" CO2="2624.72" CO="164.78" HC="0.81" NOx="1.20" PMx="0.07" fuel="1.13" electricity="0.00" noise="55.94" route="routetop" type="cfm_slow" waiting="0.00" lane="top_0" pos="21.00" speed="0.00" angle="236.67" x="23.64" y="115.25"/>
        <vehicle id="cfm_slow_4" eclass="HBEFA3/PC_G_EU4" CO2="2624.72" CO="164.78" HC="0.81" NOx="1.20" PMx="0.07" fuel="1.13" electricity="0.00" noise="55.94" route="routeleft" type="cfm_slow" waiting="0.00" lane="left_0" pos="11.00" speed="0.00" angle="164.64" x="2.23" y="41.53"/>
    </timestep>
    <timestep time="10.02">
        <vehicle id="cfm_slow_0" eclass="HBEFA3/PC_G_EU4" CO2="2638.90" CO="164.61" HC="0.81" NOx="1.21" PMx="0.07" fuel="1.13" electricity="0.00" noise="67.36" route="routebottom" type="cfm_slow" waiting="0.01" lane="bottom_0" pos="1.00" speed="0.03" angle="92.66" x="65.74" y="-1.61"/>
        <vehicle id="cfm_slow_1" eclass="HBEFA3/PC_G_EU4" CO2="2638.96" CO="164.61" HC="0.81" NOx="1.21" PMx="0.07" fuel="1.13" electricity="0.00" noise="67.39" route="routebottom" type="cfm_slow" waiting="0.01" lane="bottom_0" pos="41.00" speed="0.03" angle="20.74" x="126.38" y="45.42"/>
        <vehicle id="cfm_slow_2" eclass="HBEFA3/PC_G_EU4" CO2="2638.91" CO="164.61" HC="0.81" NOx="1.21" PMx="0.07" fuel="1.13" electricity="0.00" noise="67.37" route="routeright" type="cfm_slow" waiting="0.01" lane="right_0" pos="31.00" speed="0.03" angle="308.70" x="100.37" y="117.67"/>
        <vehicle id="cfm_slow_3" eclass="HBEFA3/PC_G_EU4" CO2="2638.91" CO="164.61" HC="0.81" NOx="1.21" PMx="0.07" fuel="1.13" electricity="0.00" noise="67.37" route="routetop" type="cfm_slow" waiting="0.01" lane="top_0" pos="21.00" speed="0.03" angle="236.67" x="23.64" y="115.25"/>
        <vehicle id="cfm_slow_4" eclass="HBEFA3/PC_G_EU4" CO2="2638.85" CO="164.61" HC="0.81" NOx="1.21" PMx="0.07" fuel="1.13" electricity="0.00" noise="67.35" route="routeleft" type="cfm_slow" waiting="0.01" lane="left_0" pos="11.00" speed="0.03" angle="164.64" x="2.23" y="41.53"/>
    </timestep>
</emission-export>
