<?xml version="1.0" encoding="UTF-8"?>

<!-- generated on Tue Feb 28 07:54:21 2017 by SUMO Version 0.29.0
<?xml version="1.0" encoding="UTF-8"?>

<configuration xmlns:xsi="http://www.w3.org/2001/XMLSchema-instance" xsi:noNamespaceSchemaLocation="http://sumo.dlr.de/xsd/sumoConfiguration.xsd">

    <input>
        <net-file value="tests/debug/cfg/test-two-lane-two-controller-200m2l.net.xml"/>
        <route-files value="tests/debug/cfg/test-two-lane-two-controller-200m2l.rou.xml"/>
        <additional-files value="tests/debug/cfg/test-two-lane-two-controller-200m2l.add.xml"/>
    </input>

    <output>
        <netstate-dump value="tests/debug/cfg/data/test-two-lane-two-controller-200m2l.netstate.xml"/>
        <emission-output value="tests/debug/cfg/data/test-two-lane-two-controller-200m2l.emission.xml"/>
        <amitran-output value="tests/debug/cfg/data/test-two-lane-two-controller-200m2l.amitran.xml"/>
        <lanechange-output value="tests/debug/cfg/data/test-two-lane-two-controller-200m2l.lanechange.xml"/>
    </output>

    <time>
        <begin value="0"/>
        <end value="1000"/>
        <step-length value="0.01"/>
    </time>

    <traci_server>
        <remote-port value="8873"/>
    </traci_server>

    <gui_only>
        <gui-settings-file value="tests/debug/cfg/test-two-lane-two-controller-200m2l.gui.cfg"/>
    </gui_only>

</configuration>
-->

<emission-export xmlns:xsi="http://www.w3.org/2001/XMLSchema-instance" xsi:noNamespaceSchemaLocation="http://sumo.dlr.de/xsd/emission_file.xsd">
    <timestep time="0.00">
        <vehicle id="cfm-fast_0" eclass="HBEFA3/PC_G_EU4" CO2="2624.72" CO="164.78" HC="0.81" NOx="1.20" PMx="0.07" fuel="1.13" electricity="0.00" noise="55.94" route="routebottom" type="cfm-fast" waiting="0.00" lane="bottom_0" pos="1.00" speed="0.00" angle="92.66" x="65.91" y="-4.90"/>
        <vehicle id="cfm-fast_1" eclass="HBEFA3/PC_G_EU4" CO2="2624.72" CO="164.78" HC="0.81" NOx="1.20" PMx="0.07" fuel="1.13" electricity="0.00" noise="55.94" route="routebottom" type="cfm-fast" waiting="0.00" lane="bottom_0" pos="16.83" speed="0.00" angle="64.18" x="98.30" y="4.45"/>
        <vehicle id="cfm-fast_2" eclass="HBEFA3/PC_G_EU4" CO2="2624.72" CO="164.78" HC="0.81" NOx="1.20" PMx="0.07" fuel="1.13" electricity="0.00" noise="55.94" route="routebottom" type="cfm-fast" waiting="0.00" lane="bottom_0" pos="32.67" speed="0.00" angle="35.75" x="122.33" y="28.10"/>
        <vehicle id="cfm-fast_3" eclass="HBEFA3/PC_G_EU4" CO2="2624.72" CO="164.78" HC="0.81" NOx="1.20" PMx="0.07" fuel="1.13" electricity="0.00" noise="55.94" route="routebottom" type="cfm-fast" waiting="0.00" lane="bottom_0" pos="48.50" speed="0.00" angle="7.24" x="132.19" y="60.34"/>
        <vehicle id="cfm-fast_4" eclass="HBEFA3/PC_G_EU4" CO2="2624.72" CO="164.78" HC="0.81" NOx="1.20" PMx="0.07" fuel="1.13" electricity="0.00" noise="55.94" route="routeright" type="cfm-fast" waiting="0.00" lane="right_0" pos="14.33" speed="0.00" angle="338.68" x="125.41" y="93.56"/>
        <vehicle id="cfm-fast_5" eclass="HBEFA3/PC_G_EU4" CO2="2624.72" CO="164.78" HC="0.81" NOx="1.20" PMx="0.07" fuel="1.13" electricity="0.00" noise="55.94" route="routeright" type="cfm-fast" waiting="0.00" lane="right_0" pos="30.17" speed="0.00" angle="310.20" x="103.71" y="119.35"/>
        <vehicle id="cfm-slow_0" eclass="HBEFA3/PC_G_EU4" CO2="2624.72" CO="164.78" HC="0.81" NOx="1.20" PMx="0.07" fuel="1.13" electricity="0.00" noise="55.94" route="routeright" type="cfm-slow" waiting="0.00" lane="right_0" pos="46.00" speed="0.00" angle="281.75" x="72.34" y="131.72"/>
        <vehicle id="cfm-slow_1" eclass="HBEFA3/PC_G_EU4" CO2="2624.72" CO="164.78" HC="0.81" NOx="1.20" PMx="0.07" fuel="1.13" electricity="0.00" noise="55.94" route="routetop" type="cfm-slow" waiting="0.00" lane="top_0" pos="11.83" speed="0.00" angle="253.14" x="38.70" y="127.56"/>
        <vehicle id="cfm-slow_2" eclass="HBEFA3/PC_G_EU4" CO2="2624.72" CO="164.78" HC="0.81" NOx="1.20" PMx="0.07" fuel="1.13" electricity="0.00" noise="55.94" route="routetop" type="cfm-slow" waiting="0.00" lane="top_0" pos="27.67" speed="0.00" angle="224.69" x="11.28" y="107.95"/>
        <vehicle id="cfm-slow_3" eclass="HBEFA3/PC_G_EU4" CO2="2624.72" CO="164.78" HC="0.81" NOx="1.20" PMx="0.07" fuel="1.13" electricity="0.00" noise="55.94" route="routetop" type="cfm-slow" waiting="0.00" lane="top_0" pos="43.50" speed="0.00" angle="196.26" x="-3.51" y="77.65"/>
        <vehicle id="cfm-slow_4" eclass="HBEFA3/PC_G_EU4" CO2="2624.72" CO="164.78" HC="0.81" NOx="1.20" PMx="0.07" fuel="1.13" electricity="0.00" noise="55.94" route="routeleft" type="cfm-slow" waiting="0.00" lane="left_0" pos="9.33" speed="0.00" angle="167.63" x="-1.99" y="43.78"/>
        <vehicle id="cfm-slow_5" eclass="HBEFA3/PC_G_EU4" CO2="2624.72" CO="164.78" HC="0.81" NOx="1.20" PMx="0.07" fuel="1.13" electricity="0.00" noise="55.94" route="routeleft" type="cfm-slow" waiting="0.00" lane="left_0" pos="25.17" speed="0.00" angle="139.20" x="15.41" y="14.90"/>
    </timestep>
    <timestep time="0.01">
        <vehicle id="cfm-fast_0" eclass="HBEFA3/PC_G_EU4" CO2="3091.89" CO="171.99" HC="0.86" NOx="1.42" PMx="0.08" fuel="1.33" electricity="0.00" noise="115.99" route="routebottom" type="cfm-fast" waiting="0.00" lane="bottom_0" pos="1.00" speed="0.14" angle="92.66" x="65.91" y="-4.90"/>
        <vehicle id="cfm-fast_1" eclass="HBEFA3/PC_G_EU4" CO2="3091.89" CO="171.99" HC="0.86" NOx="1.42" PMx="0.08" fuel="1.33" electricity="0.00" noise="115.99" route="routebottom" type="cfm-fast" waiting="0.00" lane="bottom_0" pos="16.83" speed="0.14" angle="64.18" x="98.31" y="4.45"/>
        <vehicle id="cfm-fast_2" eclass="HBEFA3/PC_G_EU4" CO2="3091.89" CO="171.99" HC="0.86" NOx="1.42" PMx="0.08" fuel="1.33" electricity="0.00" noise="115.99" route="routebottom" type="cfm-fast" waiting="0.00" lane="bottom_0" pos="32.67" speed="0.14" angle="35.75" x="122.33" y="28.10"/>
        <vehicle id="cfm-fast_3" eclass="HBEFA3/PC_G_EU4" CO2="3091.89" CO="171.99" HC="0.86" NOx="1.42" PMx="0.08" fuel="1.33" electricity="0.00" noise="115.99" route="routebottom" type="cfm-fast" waiting="0.00" lane="bottom_0" pos="48.50" speed="0.14" angle="7.24" x="132.19" y="60.35"/>
        <vehicle id="cfm-fast_4" eclass="HBEFA3/PC_G_EU4" CO2="3091.89" CO="171.99" HC="0.86" NOx="1.42" PMx="0.08" fuel="1.33" electricity="0.00" noise="115.99" route="routeright" type="cfm-fast" waiting="0.00" lane="right_0" pos="14.33" speed="0.14" angle="338.68" x="125.41" y="93.56"/>
        <vehicle id="cfm-fast_5" eclass="HBEFA3/PC_G_EU4" CO2="3091.89" CO="171.99" HC="0.86" NOx="1.42" PMx="0.08" fuel="1.33" electricity="0.00" noise="115.99" route="routeright" type="cfm-fast" waiting="0.00" lane="right_0" pos="30.17" speed="0.14" angle="310.20" x="103.70" y="119.36"/>
        <vehicle id="cfm-slow_0" eclass="HBEFA3/PC_G_EU4" CO2="3091.89" CO="171.99" HC="0.86" NOx="1.42" PMx="0.08" fuel="1.33" electricity="0.00" noise="115.99" route="routeright" type="cfm-slow" waiting="0.00" lane="right_0" pos="46.00" speed="0.14" angle="281.75" x="72.34" y="131.72"/>
        <vehicle id="cfm-slow_1" eclass="HBEFA3/PC_G_EU4" CO2="3091.89" CO="171.99" HC="0.86" NOx="1.42" PMx="0.08" fuel="1.33" electricity="0.00" noise="115.99" route="routetop" type="cfm-slow" waiting="0.00" lane="top_0" pos="11.83" speed="0.14" angle="253.14" x="38.70" y="127.56"/>
        <vehicle id="cfm-slow_2" eclass="HBEFA3/PC_G_EU4" CO2="3091.89" CO="171.99" HC="0.86" NOx="1.42" PMx="0.08" fuel="1.33" electricity="0.00" noise="115.99" route="routetop" type="cfm-slow" waiting="0.00" lane="top_0" pos="27.67" speed="0.14" angle="224.68" x="11.27" y="107.95"/>
        <vehicle id="cfm-slow_3" eclass="HBEFA3/PC_G_EU4" CO2="3091.89" CO="171.99" HC="0.86" NOx="1.42" PMx="0.08" fuel="1.33" electricity="0.00" noise="115.99" route="routetop" type="cfm-slow" waiting="0.00" lane="top_0" pos="43.50" speed="0.14" angle="196.26" x="-3.51" y="77.64"/>
        <vehicle id="cfm-slow_4" eclass="HBEFA3/PC_G_EU4" CO2="3091.89" CO="171.99" HC="0.86" NOx="1.42" PMx="0.08" fuel="1.33" electricity="0.00" noise="115.99" route="routeleft" type="cfm-slow" waiting="0.00" lane="left_0" pos="9.33" speed="0.14" angle="167.62" x="-1.99" y="43.78"/>
        <vehicle id="cfm-slow_5" eclass="HBEFA3/PC_G_EU4" CO2="3091.89" CO="171.99" HC="0.86" NOx="1.42" PMx="0.08" fuel="1.33" electricity="0.00" noise="115.99" route="routeleft" type="cfm-slow" waiting="0.00" lane="left_0" pos="25.17" speed="0.14" angle="139.20" x="15.41" y="14.90"/>
    </timestep>
    <timestep time="0.02">
        <vehicle id="cfm-fast_0" eclass="HBEFA3/PC_G_EU4" CO2="3559.34" CO="179.23" HC="0.90" NOx="1.64" PMx="0.09" fuel="1.53" electricity="0.00" noise="116.04" route="routebottom" type="cfm-fast" waiting="0.00" lane="bottom_0" pos="1.00" speed="0.27" angle="92.65" x="65.92" y="-4.90"/>
        <vehicle id="cfm-fast_1" eclass="HBEFA3/PC_G_EU4" CO2="3559.34" CO="179.23" HC="0.90" NOx="1.64" PMx="0.09" fuel="1.53" electricity="0.00" noise="116.04" route="routebottom" type="cfm-fast" waiting="0.00" lane="bottom_0" pos="16.84" speed="0.27" angle="64.17" x="98.31" y="4.45"/>
        <vehicle id="cfm-fast_2" eclass="HBEFA3/PC_G_EU4" CO2="3559.34" CO="179.23" HC="0.90" NOx="1.64" PMx="0.09" fuel="1.53" electricity="0.00" noise="116.04" route="routebottom" type="cfm-fast" waiting="0.00" lane="bottom_0" pos="32.67" speed="0.27" angle="35.74" x="122.33" y="28.11"/>
        <vehicle id="cfm-fast_3" eclass="HBEFA3/PC_G_EU4" CO2="3559.34" CO="179.23" HC="0.90" NOx="1.64" PMx="0.09" fuel="1.53" electricity="0.00" noise="116.04" route="routebottom" type="cfm-fast" waiting="0.00" lane="bottom_0" pos="48.50" speed="0.27" angle="7.24" x="132.19" y="60.35"/>
        <vehicle id="cfm-fast_4" eclass="HBEFA3/PC_G_EU4" CO2="3559.34" CO="179.23" HC="0.90" NOx="1.64" PMx="0.09" fuel="1.53" electricity="0.00" noise="116.04" route="routeright" type="cfm-fast" waiting="0.00" lane="right_0" pos="14.34" speed="0.27" angle="338.68" x="125.41" y="93.57"/>
        <vehicle id="cfm-fast_5" eclass="HBEFA3/PC_G_EU4" CO2="3559.34" CO="179.23" HC="0.90" NOx="1.64" PMx="0.09" fuel="1.53" electricity="0.00" noise="116.04" route="routeright" type="cfm-fast" waiting="0.00" lane="right_0" pos="30.17" speed="0.27" angle="310.20" x="103.70" y="119.36"/>
        <vehicle id="cfm-slow_0" eclass="HBEFA3/PC_G_EU4" CO2="3559.34" CO="179.23" HC="0.90" NOx="1.64" PMx="0.09" fuel="1.53" electricity="0.00" noise="116.04" route="routeright" type="cfm-slow" waiting="0.00" lane="right_0" pos="46.00" speed="0.27" angle="281.75" x="72.33" y="131.72"/>
        <vehicle id="cfm-slow_1" eclass="HBEFA3/PC_G_EU4" CO2="3559.34" CO="179.23" HC="0.90" NOx="1.64" PMx="0.09" fuel="1.53" electricity="0.00" noise="116.04" route="routetop" type="cfm-slow" waiting="0.00" lane="top_0" pos="11.84" speed="0.27" angle="253.14" x="38.69" y="127.55"/>
        <vehicle id="cfm-slow_2" eclass="HBEFA3/PC_G_EU4" CO2="3559.34" CO="179.23" HC="0.90" NOx="1.64" PMx="0.09" fuel="1.53" electricity="0.00" noise="116.04" route="routetop" type="cfm-slow" waiting="0.00" lane="top_0" pos="27.67" speed="0.27" angle="224.68" x="11.27" y="107.94"/>
        <vehicle id="cfm-slow_3" eclass="HBEFA3/PC_G_EU4" CO2="3559.34" CO="179.23" HC="0.90" NOx="1.64" PMx="0.09" fuel="1.53" electricity="0.00" noise="116.04" route="routetop" type="cfm-slow" waiting="0.00" lane="top_0" pos="43.50" speed="0.27" angle="196.26" x="-3.51" y="77.64"/>
        <vehicle id="cfm-slow_4" eclass="HBEFA3/PC_G_EU4" CO2="3559.34" CO="179.23" HC="0.90" NOx="1.64" PMx="0.09" fuel="1.53" electricity="0.00" noise="116.04" route="routeleft" type="cfm-slow" waiting="0.00" lane="left_0" pos="9.34" speed="0.27" angle="167.62" x="-1.99" y="43.77"/>
        <vehicle id="cfm-slow_5" eclass="HBEFA3/PC_G_EU4" CO2="3559.34" CO="179.23" HC="0.90" NOx="1.64" PMx="0.09" fuel="1.53" electricity="0.00" noise="116.04" route="routeleft" type="cfm-slow" waiting="0.00" lane="left_0" pos="25.17" speed="0.27" angle="139.19" x="15.41" y="14.90"/>
    </timestep>
    <timestep time="0.03">
        <vehicle id="cfm-fast_0" eclass="HBEFA3/PC_G_EU4" CO2="4027.09" CO="186.49" HC="0.95" NOx="1.85" PMx="0.10" fuel="1.73" electricity="0.00" noise="116.09" route="routebottom" type="cfm-fast" waiting="0.00" lane="bottom_0" pos="1.01" speed="0.41" angle="92.65" x="65.93" y="-4.90"/>
        <vehicle id="cfm-fast_1" eclass="HBEFA3/PC_G_EU4" CO2="4027.09" CO="186.49" HC="0.95" NOx="1.85" PMx="0.10" fuel="1.73" electricity="0.00" noise="116.09" route="routebottom" type="cfm-fast" waiting="0.00" lane="bottom_0" pos="16.84" speed="0.41" angle="64.16" x="98.32" y="4.46"/>
        <vehicle id="cfm-fast_2" eclass="HBEFA3/PC_G_EU4" CO2="4027.09" CO="186.49" HC="0.95" NOx="1.85" PMx="0.10" fuel="1.73" electricity="0.00" noise="116.09" route="routebottom" type="cfm-fast" waiting="0.00" lane="bottom_0" pos="32.67" speed="0.41" angle="35.74" x="122.34" y="28.12"/>
        <vehicle id="cfm-fast_3" eclass="HBEFA3/PC_G_EU4" CO2="4027.09" CO="186.49" HC="0.95" NOx="1.85" PMx="0.10" fuel="1.73" electricity="0.00" noise="116.09" route="routebottom" type="cfm-fast" waiting="0.00" lane="bottom_0" pos="48.51" speed="0.41" angle="7.23" x="132.19" y="60.36"/>
        <vehicle id="cfm-fast_4" eclass="HBEFA3/PC_G_EU4" CO2="4027.09" CO="186.49" HC="0.95" NOx="1.85" PMx="0.10" fuel="1.73" electricity="0.00" noise="116.09" route="routeright" type="cfm-fast" waiting="0.00" lane="right_0" pos="14.34" speed="0.41" angle="338.67" x="125.41" y="93.58"/>
        <vehicle id="cfm-fast_5" eclass="HBEFA3/PC_G_EU4" CO2="4027.09" CO="186.49" HC="0.95" NOx="1.85" PMx="0.10" fuel="1.73" electricity="0.00" noise="116.09" route="routeright" type="cfm-fast" waiting="0.00" lane="right_0" pos="30.17" speed="0.41" angle="310.19" x="103.69" y="119.36"/>
        <vehicle id="cfm-slow_0" eclass="HBEFA3/PC_G_EU4" CO2="4027.09" CO="186.49" HC="0.95" NOx="1.85" PMx="0.10" fuel="1.73" electricity="0.00" noise="116.09" route="routeright" type="cfm-slow" waiting="0.00" lane="right_0" pos="46.01" speed="0.41" angle="281.74" x="72.33" y="131.72"/>
        <vehicle id="cfm-slow_1" eclass="HBEFA3/PC_G_EU4" CO2="4027.09" CO="186.49" HC="0.95" NOx="1.85" PMx="0.10" fuel="1.73" electricity="0.00" noise="116.09" route="routetop" type="cfm-slow" waiting="0.00" lane="top_0" pos="11.84" speed="0.41" angle="253.13" x="38.68" y="127.55"/>
        <vehicle id="cfm-slow_2" eclass="HBEFA3/PC_G_EU4" CO2="4027.09" CO="186.49" HC="0.95" NOx="1.85" PMx="0.10" fuel="1.73" electricity="0.00" noise="116.09" route="routetop" type="cfm-slow" waiting="0.00" lane="top_0" pos="27.67" speed="0.41" angle="224.67" x="11.27" y="107.94"/>
        <vehicle id="cfm-slow_3" eclass="HBEFA3/PC_G_EU4" CO2="4027.09" CO="186.49" HC="0.95" NOx="1.85" PMx="0.10" fuel="1.73" electricity="0.00" noise="116.09" route="routetop" type="cfm-slow" waiting="0.00" lane="top_0" pos="43.51" speed="0.41" angle="196.25" x="-3.51" y="77.63"/>
        <vehicle id="cfm-slow_4" eclass="HBEFA3/PC_G_EU4" CO2="4027.09" CO="186.49" HC="0.95" NOx="1.85" PMx="0.10" fuel="1.73" electricity="0.00" noise="116.09" route="routeleft" type="cfm-slow" waiting="0.00" lane="left_0" pos="9.34" speed="0.41" angle="167.61" x="-1.99" y="43.76"/>
        <vehicle id="cfm-slow_5" eclass="HBEFA3/PC_G_EU4" CO2="4027.09" CO="186.49" HC="0.95" NOx="1.85" PMx="0.10" fuel="1.73" electricity="0.00" noise="116.09" route="routeleft" type="cfm-slow" waiting="0.00" lane="left_0" pos="25.17" speed="0.41" angle="139.18" x="15.42" y="14.89"/>
    </timestep>
    <timestep time="0.04">
        <vehicle id="cfm-fast_0" eclass="HBEFA3/PC_G_EU4" CO2="4495.13" CO="193.77" HC="0.99" NOx="2.07" PMx="0.11" fuel="1.93" electricity="0.00" noise="116.14" route="routebottom" type="cfm-fast" waiting="0.00" lane="bottom_0" pos="1.01" speed="0.55" angle="92.64" x="65.94" y="-4.90"/>
        <vehicle id="cfm-fast_1" eclass="HBEFA3/PC_G_EU4" CO2="4495.13" CO="193.77" HC="0.99" NOx="2.07" PMx="0.11" fuel="1.93" electricity="0.00" noise="116.14" route="routebottom" type="cfm-fast" waiting="0.00" lane="bottom_0" pos="16.85" speed="0.55" angle="64.15" x="98.33" y="4.46"/>
        <vehicle id="cfm-fast_2" eclass="HBEFA3/PC_G_EU4" CO2="4495.13" CO="193.77" HC="0.99" NOx="2.07" PMx="0.11" fuel="1.93" electricity="0.00" noise="116.14" route="routebottom" type="cfm-fast" waiting="0.00" lane="bottom_0" pos="32.68" speed="0.55" angle="35.73" x="122.34" y="28.13"/>
        <vehicle id="cfm-fast_3" eclass="HBEFA3/PC_G_EU4" CO2="4495.13" CO="193.77" HC="0.99" NOx="2.07" PMx="0.11" fuel="1.93" electricity="0.00" noise="116.14" route="routebottom" type="cfm-fast" waiting="0.00" lane="bottom_0" pos="48.51" speed="0.55" angle="7.22" x="132.19" y="60.37"/>
        <vehicle id="cfm-fast_4" eclass="HBEFA3/PC_G_EU4" CO2="4495.13" CO="193.77" HC="0.99" NOx="2.07" PMx="0.11" fuel="1.93" electricity="0.00" noise="116.14" route="routeright" type="cfm-fast" waiting="0.00" lane="right_0" pos="14.35" speed="0.55" angle="338.66" x="125.40" y="93.59"/>
        <vehicle id="cfm-fast_5" eclass="HBEFA3/PC_G_EU4" CO2="4495.13" CO="193.77" HC="0.99" NOx="2.07" PMx="0.11" fuel="1.93" electricity="0.00" noise="116.14" route="routeright" type="cfm-fast" waiting="0.00" lane="right_0" pos="30.18" speed="0.55" angle="310.18" x="103.68" y="119.37"/>
        <vehicle id="cfm-slow_0" eclass="HBEFA3/PC_G_EU4" CO2="4495.13" CO="193.77" HC="0.99" NOx="2.07" PMx="0.11" fuel="1.93" electricity="0.00" noise="116.14" route="routeright" type="cfm-slow" waiting="0.00" lane="right_0" pos="46.01" speed="0.55" angle="281.73" x="72.31" y="131.73"/>
        <vehicle id="cfm-slow_1" eclass="HBEFA3/PC_G_EU4" CO2="4495.13" CO="193.77" HC="0.99" NOx="2.07" PMx="0.11" fuel="1.93" electricity="0.00" noise="116.14" route="routetop" type="cfm-slow" waiting="0.00" lane="top_0" pos="11.85" speed="0.55" angle="253.12" x="38.67" y="127.55"/>
        <vehicle id="cfm-slow_2" eclass="HBEFA3/PC_G_EU4" CO2="4495.13" CO="193.77" HC="0.99" NOx="2.07" PMx="0.11" fuel="1.93" electricity="0.00" noise="116.14" route="routetop" type="cfm-slow" waiting="0.00" lane="top_0" pos="27.68" speed="0.55" angle="224.66" x="11.26" y="107.93"/>
        <vehicle id="cfm-slow_3" eclass="HBEFA3/PC_G_EU4" CO2="4495.13" CO="193.77" HC="0.99" NOx="2.07" PMx="0.11" fuel="1.93" electricity="0.00" noise="116.14" route="routetop" type="cfm-slow" waiting="0.00" lane="top_0" pos="43.51" speed="0.55" angle="196.24" x="-3.52" y="77.62"/>
        <vehicle id="cfm-slow_4" eclass="HBEFA3/PC_G_EU4" CO2="4495.13" CO="193.77" HC="0.99" NOx="2.07" PMx="0.11" fuel="1.93" electricity="0.00" noise="116.14" route="routeleft" type="cfm-slow" waiting="0.00" lane="left_0" pos="9.35" speed="0.55" angle="167.60" x="-1.98" y="43.75"/>
        <vehicle id="cfm-slow_5" eclass="HBEFA3/PC_G_EU4" CO2="4495.13" CO="193.77" HC="0.99" NOx="2.07" PMx="0.11" fuel="1.93" electricity="0.00" noise="116.14" route="routeleft" type="cfm-slow" waiting="0.00" lane="left_0" pos="25.18" speed="0.55" angle="139.17" x="15.43" y="14.88"/>
    </timestep>
    <timestep time="0.05">
        <vehicle id="cfm-fast_0" eclass="HBEFA3/PC_G_EU4" CO2="4963.46" CO="201.07" HC="1.03" NOx="2.29" PMx="0.12" fuel="2.13" electricity="0.00" noise="116.20" route="routebottom" type="cfm-fast" waiting="0.00" lane="bottom_0" pos="1.02" speed="0.68" angle="92.62" x="65.96" y="-4.90"/>
        <vehicle id="cfm-fast_1" eclass="HBEFA3/PC_G_EU4" CO2="4963.46" CO="201.07" HC="1.03" NOx="2.29" PMx="0.12" fuel="2.13" electricity="0.00" noise="116.20" route="routebottom" type="cfm-fast" waiting="0.00" lane="bottom_0" pos="16.85" speed="0.68" angle="64.14" x="98.34" y="4.47"/>
        <vehicle id="cfm-fast_2" eclass="HBEFA3/PC_G_EU4" CO2="4963.46" CO="201.07" HC="1.03" NOx="2.29" PMx="0.12" fuel="2.13" electricity="0.00" noise="116.20" route="routebottom" type="cfm-fast" waiting="0.00" lane="bottom_0" pos="32.69" speed="0.68" angle="35.71" x="122.35" y="28.14"/>
        <vehicle id="cfm-fast_3" eclass="HBEFA3/PC_G_EU4" CO2="4963.46" CO="201.07" HC="1.03" NOx="2.29" PMx="0.12" fuel="2.13" electricity="0.00" noise="116.20" route="routebottom" type="cfm-fast" waiting="0.00" lane="bottom_0" pos="48.52" speed="0.68" angle="7.21" x="132.19" y="60.39"/>
        <vehicle id="cfm-fast_4" eclass="HBEFA3/PC_G_EU4" CO2="4963.46" CO="201.07" HC="1.03" NOx="2.29" PMx="0.12" fuel="2.13" electricity="0.00" noise="116.20" route="routeright" type="cfm-fast" waiting="0.00" lane="right_0" pos="14.35" speed="0.68" angle="338.64" x="125.39" y="93.60"/>
        <vehicle id="cfm-fast_5" eclass="HBEFA3/PC_G_EU4" CO2="4963.46" CO="201.07" HC="1.03" NOx="2.29" PMx="0.12" fuel="2.13" electricity="0.00" noise="116.20" route="routeright" type="cfm-fast" waiting="0.00" lane="right_0" pos="30.19" speed="0.68" angle="310.17" x="103.67" y="119.38"/>
        <vehicle id="cfm-slow_0" eclass="HBEFA3/PC_G_EU4" CO2="4963.46" CO="201.07" HC="1.03" NOx="2.29" PMx="0.12" fuel="2.13" electricity="0.00" noise="116.20" route="routeright" type="cfm-slow" waiting="0.00" lane="right_0" pos="46.02" speed="0.68" angle="281.72" x="72.30" y="131.73"/>
        <vehicle id="cfm-slow_1" eclass="HBEFA3/PC_G_EU4" CO2="4963.46" CO="201.07" HC="1.03" NOx="2.29" PMx="0.12" fuel="2.13" electricity="0.00" noise="116.20" route="routetop" type="cfm-slow" waiting="0.00" lane="top_0" pos="11.85" speed="0.68" angle="253.11" x="38.66" y="127.54"/>
        <vehicle id="cfm-slow_2" eclass="HBEFA3/PC_G_EU4" CO2="4963.46" CO="201.07" HC="1.03" NOx="2.29" PMx="0.12" fuel="2.13" electricity="0.00" noise="116.20" route="routetop" type="cfm-slow" waiting="0.00" lane="top_0" pos="27.69" speed="0.68" angle="224.65" x="11.25" y="107.92"/>
        <vehicle id="cfm-slow_3" eclass="HBEFA3/PC_G_EU4" CO2="4963.46" CO="201.07" HC="1.03" NOx="2.29" PMx="0.12" fuel="2.13" electricity="0.00" noise="116.20" route="routetop" type="cfm-slow" waiting="0.00" lane="top_0" pos="43.52" speed="0.68" angle="196.23" x="-3.52" y="77.60"/>
        <vehicle id="cfm-slow_4" eclass="HBEFA3/PC_G_EU4" CO2="4963.46" CO="201.07" HC="1.03" NOx="2.29" PMx="0.12" fuel="2.13" electricity="0.00" noise="116.20" route="routeleft" type="cfm-slow" waiting="0.00" lane="left_0" pos="9.35" speed="0.68" angle="167.59" x="-1.98" y="43.74"/>
        <vehicle id="cfm-slow_5" eclass="HBEFA3/PC_G_EU4" CO2="4963.46" CO="201.07" HC="1.03" NOx="2.29" PMx="0.12" fuel="2.13" electricity="0.00" noise="116.20" route="routeleft" type="cfm-slow" waiting="0.00" lane="left_0" pos="25.19" speed="0.68" angle="139.16" x="15.44" y="14.87"/>
    </timestep>
    <timestep time="0.06">
        <vehicle id="cfm-fast_0" eclass="HBEFA3/PC_G_EU4" CO2="5432.08" CO="208.39" HC="1.08" NOx="2.51" PMx="0.13" fuel="2.34" electricity="0.00" noise="116.25" route="routebottom" type="cfm-fast" waiting="0.00" lane="bottom_0" pos="1.03" speed="0.82" angle="92.61" x="65.97" y="-4.90"/>
        <vehicle id="cfm-fast_1" eclass="HBEFA3/PC_G_EU4" CO2="5432.08" CO="208.39" HC="1.08" NOx="2.51" PMx="0.13" fuel="2.34" electricity="0.00" noise="116.25" route="routebottom" type="cfm-fast" waiting="0.00" lane="bottom_0" pos="16.86" speed="0.82" angle="64.13" x="98.36" y="4.48"/>
        <vehicle id="cfm-fast_2" eclass="HBEFA3/PC_G_EU4" CO2="5432.08" CO="208.39" HC="1.08" NOx="2.51" PMx="0.13" fuel="2.34" electricity="0.00" noise="116.25" route="routebottom" type="cfm-fast" waiting="0.00" lane="bottom_0" pos="32.70" speed="0.82" angle="35.70" x="122.36" y="28.15"/>
        <vehicle id="cfm-fast_3" eclass="HBEFA3/PC_G_EU4" CO2="5432.08" CO="208.39" HC="1.08" NOx="2.51" PMx="0.13" fuel="2.34" electricity="0.00" noise="116.25" route="routebottom" type="cfm-fast" waiting="0.00" lane="bottom_0" pos="48.53" speed="0.82" angle="7.19" x="132.19" y="60.41"/>
        <vehicle id="cfm-fast_4" eclass="HBEFA3/PC_G_EU4" CO2="5432.08" CO="208.39" HC="1.08" NOx="2.51" PMx="0.13" fuel="2.34" electricity="0.00" noise="116.25" route="routeright" type="cfm-fast" waiting="0.00" lane="right_0" pos="14.36" speed="0.82" angle="338.63" x="125.39" y="93.61"/>
        <vehicle id="cfm-fast_5" eclass="HBEFA3/PC_G_EU4" CO2="5432.08" CO="208.39" HC="1.08" NOx="2.51" PMx="0.13" fuel="2.34" electricity="0.00" noise="116.25" route="routeright" type="cfm-fast" waiting="0.00" lane="right_0" pos="30.20" speed="0.82" angle="310.15" x="103.66" y="119.39"/>
        <vehicle id="cfm-slow_0" eclass="HBEFA3/PC_G_EU4" CO2="5432.08" CO="208.39" HC="1.08" NOx="2.51" PMx="0.13" fuel="2.34" electricity="0.00" noise="116.25" route="routeright" type="cfm-slow" waiting="0.00" lane="right_0" pos="46.03" speed="0.82" angle="281.70" x="72.28" y="131.73"/>
        <vehicle id="cfm-slow_1" eclass="HBEFA3/PC_G_EU4" CO2="5432.08" CO="208.39" HC="1.08" NOx="2.51" PMx="0.13" fuel="2.34" electricity="0.00" noise="116.25" route="routetop" type="cfm-slow" waiting="0.00" lane="top_0" pos="11.86" speed="0.82" angle="253.09" x="38.64" y="127.54"/>
        <vehicle id="cfm-slow_2" eclass="HBEFA3/PC_G_EU4" CO2="5432.08" CO="208.39" HC="1.08" NOx="2.51" PMx="0.13" fuel="2.34" electricity="0.00" noise="116.25" route="routetop" type="cfm-slow" waiting="0.00" lane="top_0" pos="27.70" speed="0.82" angle="224.63" x="11.24" y="107.90"/>
        <vehicle id="cfm-slow_3" eclass="HBEFA3/PC_G_EU4" CO2="5432.08" CO="208.39" HC="1.08" NOx="2.51" PMx="0.13" fuel="2.34" electricity="0.00" noise="116.25" route="routetop" type="cfm-slow" waiting="0.00" lane="top_0" pos="43.53" speed="0.82" angle="196.22" x="-3.52" y="77.59"/>
        <vehicle id="cfm-slow_4" eclass="HBEFA3/PC_G_EU4" CO2="5432.08" CO="208.39" HC="1.08" NOx="2.51" PMx="0.13" fuel="2.34" electricity="0.00" noise="116.25" route="routeleft" type="cfm-slow" waiting="0.00" lane="left_0" pos="9.36" speed="0.82" angle="167.57" x="-1.97" y="43.72"/>
        <vehicle id="cfm-slow_5" eclass="HBEFA3/PC_G_EU4" CO2="5432.08" CO="208.39" HC="1.08" NOx="2.51" PMx="0.13" fuel="2.34" electricity="0.00" noise="116.25" route="routeleft" type="cfm-slow" waiting="0.00" lane="left_0" pos="25.20" speed="0.82" angle="139.15" x="15.45" y="14.86"/>
    </timestep>
    <timestep time="0.07">
        <vehicle id="cfm-fast_0" eclass="HBEFA3/PC_G_EU4" CO2="5901.00" CO="215.74" HC="1.12" NOx="2.72" PMx="0.15" fuel="2.54" electricity="0.00" noise="116.30" route="routebottom" type="cfm-fast" waiting="0.00" lane="bottom_0" pos="1.04" speed="0.95" angle="92.59" x="65.99" y="-4.90"/>
        <vehicle id="cfm-fast_1" eclass="HBEFA3/PC_G_EU4" CO2="5901.00" CO="215.74" HC="1.12" NOx="2.72" PMx="0.15" fuel="2.54" electricity="0.00" noise="116.30" route="routebottom" type="cfm-fast" waiting="0.00" lane="bottom_0" pos="16.87" speed="0.95" angle="64.11" x="98.37" y="4.49"/>
        <vehicle id="cfm-fast_2" eclass="HBEFA3/PC_G_EU4" CO2="5901.00" CO="215.74" HC="1.12" NOx="2.72" PMx="0.15" fuel="2.54" electricity="0.00" noise="116.30" route="routebottom" type="cfm-fast" waiting="0.00" lane="bottom_0" pos="32.70" speed="0.95" angle="35.68" x="122.37" y="28.17"/>
        <vehicle id="cfm-fast_3" eclass="HBEFA3/PC_G_EU4" CO2="5901.00" CO="215.74" HC="1.12" NOx="2.72" PMx="0.15" fuel="2.54" electricity="0.00" noise="116.30" route="routebottom" type="cfm-fast" waiting="0.00" lane="bottom_0" pos="48.54" speed="0.95" angle="7.17" x="132.19" y="60.43"/>
        <vehicle id="cfm-fast_4" eclass="HBEFA3/PC_G_EU4" CO2="5901.00" CO="215.74" HC="1.12" NOx="2.72" PMx="0.15" fuel="2.54" electricity="0.00" noise="116.30" route="routeright" type="cfm-fast" waiting="0.00" lane="right_0" pos="14.37" speed="0.95" angle="338.61" x="125.38" y="93.63"/>
        <vehicle id="cfm-fast_5" eclass="HBEFA3/PC_G_EU4" CO2="5901.00" CO="215.74" HC="1.12" NOx="2.72" PMx="0.15" fuel="2.54" electricity="0.00" noise="116.30" route="routeright" type="cfm-fast" waiting="0.00" lane="right_0" pos="30.20" speed="0.95" angle="310.13" x="103.64" y="119.40"/>
        <vehicle id="cfm-slow_0" eclass="HBEFA3/PC_G_EU4" CO2="5901.00" CO="215.74" HC="1.12" NOx="2.72" PMx="0.15" fuel="2.54" electricity="0.00" noise="116.30" route="routeright" type="cfm-slow" waiting="0.00" lane="right_0" pos="46.04" speed="0.95" angle="281.69" x="72.26" y="131.73"/>
        <vehicle id="cfm-slow_1" eclass="HBEFA3/PC_G_EU4" CO2="5901.00" CO="215.74" HC="1.12" NOx="2.72" PMx="0.15" fuel="2.54" electricity="0.00" noise="116.30" route="routetop" type="cfm-slow" waiting="0.00" lane="top_0" pos="11.87" speed="0.95" angle="253.07" x="38.62" y="127.53"/>
        <vehicle id="cfm-slow_2" eclass="HBEFA3/PC_G_EU4" CO2="5901.00" CO="215.74" HC="1.12" NOx="2.72" PMx="0.15" fuel="2.54" electricity="0.00" noise="116.30" route="routetop" type="cfm-slow" waiting="0.00" lane="top_0" pos="27.70" speed="0.95" angle="224.61" x="11.22" y="107.89"/>
        <vehicle id="cfm-slow_3" eclass="HBEFA3/PC_G_EU4" CO2="5901.00" CO="215.74" HC="1.12" NOx="2.72" PMx="0.15" fuel="2.54" electricity="0.00" noise="116.30" route="routetop" type="cfm-slow" waiting="0.00" lane="top_0" pos="43.54" speed="0.95" angle="196.21" x="-3.53" y="77.57"/>
        <vehicle id="cfm-slow_4" eclass="HBEFA3/PC_G_EU4" CO2="5901.00" CO="215.74" HC="1.12" NOx="2.72" PMx="0.15" fuel="2.54" electricity="0.00" noise="116.30" route="routeleft" type="cfm-slow" waiting="0.00" lane="left_0" pos="9.37" speed="0.95" angle="167.56" x="-1.97" y="43.70"/>
        <vehicle id="cfm-slow_5" eclass="HBEFA3/PC_G_EU4" CO2="5901.00" CO="215.74" HC="1.12" NOx="2.72" PMx="0.15" fuel="2.54" electricity="0.00" noise="116.30" route="routeleft" type="cfm-slow" waiting="0.00" lane="left_0" pos="25.20" speed="0.95" angle="139.13" x="15.47" y="14.84"/>
    </timestep>
    <timestep time="0.08">
        <vehicle id="cfm-fast_0" eclass="HBEFA3/PC_G_EU4" CO2="6370.20" CO="223.11" HC="1.17" NOx="2.94" PMx="0.16" fuel="2.74" electricity="0.00" noise="116.35" route="routebottom" type="cfm-fast" waiting="0.00" lane="bottom_0" pos="1.05" speed="1.09" angle="92.57" x="66.02" y="-4.90"/>
        <vehicle id="cfm-fast_1" eclass="HBEFA3/PC_G_EU4" CO2="6370.20" CO="223.11" HC="1.17" NOx="2.94" PMx="0.16" fuel="2.74" electricity="0.00" noise="116.35" route="routebottom" type="cfm-fast" waiting="0.00" lane="bottom_0" pos="16.88" speed="1.09" angle="64.09" x="98.39" y="4.50"/>
        <vehicle id="cfm-fast_2" eclass="HBEFA3/PC_G_EU4" CO2="6370.20" CO="223.11" HC="1.17" NOx="2.94" PMx="0.16" fuel="2.74" electricity="0.00" noise="116.35" route="routebottom" type="cfm-fast" waiting="0.00" lane="bottom_0" pos="32.72" speed="1.09" angle="35.66" x="122.38" y="28.19"/>
        <vehicle id="cfm-fast_3" eclass="HBEFA3/PC_G_EU4" CO2="6370.20" CO="223.11" HC="1.17" NOx="2.94" PMx="0.16" fuel="2.74" electricity="0.00" noise="116.35" route="routebottom" type="cfm-fast" waiting="0.00" lane="bottom_0" pos="48.55" speed="1.09" angle="7.15" x="132.19" y="60.45"/>
        <vehicle id="cfm-fast_4" eclass="HBEFA3/PC_G_EU4" CO2="6370.20" CO="223.11" HC="1.17" NOx="2.94" PMx="0.16" fuel="2.74" electricity="0.00" noise="116.35" route="routeright" type="cfm-fast" waiting="0.00" lane="right_0" pos="14.38" speed="1.09" angle="338.59" x="125.37" y="93.65"/>
        <vehicle id="cfm-fast_5" eclass="HBEFA3/PC_G_EU4" CO2="6370.20" CO="223.11" HC="1.17" NOx="2.94" PMx="0.16" fuel="2.74" electricity="0.00" noise="116.35" route="routeright" type="cfm-fast" waiting="0.00" lane="right_0" pos="30.22" speed="1.09" angle="310.11" x="103.62" y="119.42"/>
        <vehicle id="cfm-slow_0" eclass="HBEFA3/PC_G_EU4" CO2="6370.20" CO="223.11" HC="1.17" NOx="2.94" PMx="0.16" fuel="2.74" electricity="0.00" noise="116.35" route="routeright" type="cfm-slow" waiting="0.00" lane="right_0" pos="46.05" speed="1.09" angle="281.67" x="72.24" y="131.74"/>
        <vehicle id="cfm-slow_1" eclass="HBEFA3/PC_G_EU4" CO2="6370.20" CO="223.11" HC="1.17" NOx="2.94" PMx="0.16" fuel="2.74" electricity="0.00" noise="116.35" route="routetop" type="cfm-slow" waiting="0.00" lane="top_0" pos="11.88" speed="1.09" angle="253.05" x="38.60" y="127.52"/>
        <vehicle id="cfm-slow_2" eclass="HBEFA3/PC_G_EU4" CO2="6370.20" CO="223.11" HC="1.17" NOx="2.94" PMx="0.16" fuel="2.74" electricity="0.00" noise="116.35" route="routetop" type="cfm-slow" waiting="0.00" lane="top_0" pos="27.72" speed="1.09" angle="224.59" x="11.21" y="107.87"/>
        <vehicle id="cfm-slow_3" eclass="HBEFA3/PC_G_EU4" CO2="6370.20" CO="223.11" HC="1.17" NOx="2.94" PMx="0.16" fuel="2.74" electricity="0.00" noise="116.35" route="routetop" type="cfm-slow" waiting="0.00" lane="top_0" pos="43.55" speed="1.09" angle="196.20" x="-3.53" y="77.54"/>
        <vehicle id="cfm-slow_4" eclass="HBEFA3/PC_G_EU4" CO2="6370.20" CO="223.11" HC="1.17" NOx="2.94" PMx="0.16" fuel="2.74" electricity="0.00" noise="116.35" route="routeleft" type="cfm-slow" waiting="0.00" lane="left_0" pos="9.38" speed="1.09" angle="167.54" x="-1.96" y="43.68"/>
        <vehicle id="cfm-slow_5" eclass="HBEFA3/PC_G_EU4" CO2="6370.20" CO="223.11" HC="1.17" NOx="2.94" PMx="0.16" fuel="2.74" electricity="0.00" noise="116.35" route="routeleft" type="cfm-slow" waiting="0.00" lane="left_0" pos="25.22" speed="1.09" angle="139.11" x="15.48" y="14.83"/>
    </timestep>
    <timestep time="0.09">
        <vehicle id="cfm-fast_0" eclass="HBEFA3/PC_G_EU4" CO2="6839.70" CO="230.49" HC="1.22" NOx="3.16" PMx="0.17" fuel="2.94" electricity="0.00" noise="116.40" route="routebottom" type="cfm-fast" waiting="0.00" lane="bottom_0" pos="1.06" speed="1.23" angle="92.55" x="66.04" y="-4.90"/>
        <vehicle id="cfm-fast_1" eclass="HBEFA3/PC_G_EU4" CO2="6839.70" CO="230.49" HC="1.22" NOx="3.16" PMx="0.17" fuel="2.94" electricity="0.00" noise="116.40" route="routebottom" type="cfm-fast" waiting="0.00" lane="bottom_0" pos="16.89" speed="1.23" angle="64.07" x="98.42" y="4.51"/>
        <vehicle id="cfm-fast_2" eclass="HBEFA3/PC_G_EU4" CO2="6839.70" CO="230.49" HC="1.22" NOx="3.16" PMx="0.17" fuel="2.94" electricity="0.00" noise="116.40" route="routebottom" type="cfm-fast" waiting="0.00" lane="bottom_0" pos="32.73" speed="1.23" angle="35.64" x="122.40" y="28.22"/>
        <vehicle id="cfm-fast_3" eclass="HBEFA3/PC_G_EU4" CO2="6839.70" CO="230.49" HC="1.22" NOx="3.16" PMx="0.17" fuel="2.94" electricity="0.00" noise="116.40" route="routebottom" type="cfm-fast" waiting="0.00" lane="bottom_0" pos="48.56" speed="1.23" angle="7.13" x="132.19" y="60.48"/>
        <vehicle id="cfm-fast_4" eclass="HBEFA3/PC_G_EU4" CO2="6839.70" CO="230.49" HC="1.22" NOx="3.16" PMx="0.17" fuel="2.94" electricity="0.00" noise="116.40" route="routeright" type="cfm-fast" waiting="0.00" lane="right_0" pos="14.39" speed="1.23" angle="338.57" x="125.35" y="93.68"/>
        <vehicle id="cfm-fast_5" eclass="HBEFA3/PC_G_EU4" CO2="6839.70" CO="230.49" HC="1.22" NOx="3.16" PMx="0.17" fuel="2.94" electricity="0.00" noise="116.40" route="routeright" type="cfm-fast" waiting="0.00" lane="right_0" pos="30.23" speed="1.23" angle="310.09" x="103.60" y="119.43"/>
        <vehicle id="cfm-slow_0" eclass="HBEFA3/PC_G_EU4" CO2="6839.70" CO="230.49" HC="1.22" NOx="3.16" PMx="0.17" fuel="2.94" electricity="0.00" noise="116.40" route="routeright" type="cfm-slow" waiting="0.00" lane="right_0" pos="46.06" speed="1.23" angle="281.64" x="72.21" y="131.74"/>
        <vehicle id="cfm-slow_1" eclass="HBEFA3/PC_G_EU4" CO2="6839.70" CO="230.49" HC="1.22" NOx="3.16" PMx="0.17" fuel="2.94" electricity="0.00" noise="116.40" route="routetop" type="cfm-slow" waiting="0.00" lane="top_0" pos="11.89" speed="1.23" angle="253.03" x="38.58" y="127.51"/>
        <vehicle id="cfm-slow_2" eclass="HBEFA3/PC_G_EU4" CO2="6839.70" CO="230.49" HC="1.22" NOx="3.16" PMx="0.17" fuel="2.94" electricity="0.00" noise="116.40" route="routetop" type="cfm-slow" waiting="0.00" lane="top_0" pos="27.73" speed="1.23" angle="224.57" x="11.19" y="107.85"/>
        <vehicle id="cfm-slow_3" eclass="HBEFA3/PC_G_EU4" CO2="6839.70" CO="230.49" HC="1.22" NOx="3.16" PMx="0.17" fuel="2.94" electricity="0.00" noise="116.40" route="routetop" type="cfm-slow" waiting="0.00" lane="top_0" pos="43.56" speed="1.23" angle="196.18" x="-3.54" y="77.52"/>
        <vehicle id="cfm-slow_4" eclass="HBEFA3/PC_G_EU4" CO2="6839.70" CO="230.49" HC="1.22" NOx="3.16" PMx="0.17" fuel="2.94" electricity="0.00" noise="116.40" route="routeleft" type="cfm-slow" waiting="0.00" lane="left_0" pos="9.39" speed="1.23" angle="167.51" x="-1.95" y="43.65"/>
        <vehicle id="cfm-slow_5" eclass="HBEFA3/PC_G_EU4" CO2="6839.70" CO="230.49" HC="1.22" NOx="3.16" PMx="0.17" fuel="2.94" electricity="0.00" noise="116.40" route="routeleft" type="cfm-slow" waiting="0.00" lane="left_0" pos="25.23" speed="1.23" angle="139.09" x="15.50" y="14.81"/>
    </timestep>
    <timestep time="0.10">
        <vehicle id="cfm-fast_0" eclass="HBEFA3/PC_G_EU4" CO2="7309.49" CO="237.90" HC="1.26" NOx="3.38" PMx="0.18" fuel="3.14" electricity="0.00" noise="116.45" route="routebottom" type="cfm-fast" waiting="0.00" lane="bottom_0" pos="1.08" speed="1.36" angle="92.52" x="66.07" y="-4.90"/>
        <vehicle id="cfm-fast_1" eclass="HBEFA3/PC_G_EU4" CO2="7309.49" CO="237.90" HC="1.26" NOx="3.38" PMx="0.18" fuel="3.14" electricity="0.00" noise="116.45" route="routebottom" type="cfm-fast" waiting="0.00" lane="bottom_0" pos="16.91" speed="1.36" angle="64.04" x="98.44" y="4.53"/>
        <vehicle id="cfm-fast_2" eclass="HBEFA3/PC_G_EU4" CO2="7309.49" CO="237.90" HC="1.26" NOx="3.38" PMx="0.18" fuel="3.14" electricity="0.00" noise="116.45" route="routebottom" type="cfm-fast" waiting="0.00" lane="bottom_0" pos="32.74" speed="1.36" angle="35.61" x="122.41" y="28.24"/>
        <vehicle id="cfm-fast_3" eclass="HBEFA3/PC_G_EU4" CO2="7309.49" CO="237.90" HC="1.26" NOx="3.38" PMx="0.18" fuel="3.14" electricity="0.00" noise="116.45" route="routebottom" type="cfm-fast" waiting="0.00" lane="bottom_0" pos="48.58" speed="1.36" angle="7.10" x="132.20" y="60.51"/>
        <vehicle id="cfm-fast_4" eclass="HBEFA3/PC_G_EU4" CO2="7309.49" CO="237.90" HC="1.26" NOx="3.38" PMx="0.18" fuel="3.14" electricity="0.00" noise="116.45" route="routeright" type="cfm-fast" waiting="0.00" lane="right_0" pos="14.41" speed="1.36" angle="338.54" x="125.34" y="93.70"/>
        <vehicle id="cfm-fast_5" eclass="HBEFA3/PC_G_EU4" CO2="7309.49" CO="237.90" HC="1.26" NOx="3.38" PMx="0.18" fuel="3.14" electricity="0.00" noise="116.45" route="routeright" type="cfm-fast" waiting="0.00" lane="right_0" pos="30.24" speed="1.36" angle="310.06" x="103.57" y="119.45"/>
        <vehicle id="cfm-slow_0" eclass="HBEFA3/PC_G_EU4" CO2="7309.49" CO="237.90" HC="1.26" NOx="3.38" PMx="0.18" fuel="3.14" electricity="0.00" noise="116.45" route="routeright" type="cfm-slow" waiting="0.00" lane="right_0" pos="46.08" speed="1.36" angle="281.63" x="72.18" y="131.74"/>
        <vehicle id="cfm-slow_1" eclass="HBEFA3/PC_G_EU4" CO2="7309.49" CO="237.90" HC="1.26" NOx="3.38" PMx="0.18" fuel="3.14" electricity="0.00" noise="116.45" route="routetop" type="cfm-slow" waiting="0.00" lane="top_0" pos="11.91" speed="1.36" angle="253.01" x="38.55" y="127.50"/>
        <vehicle id="cfm-slow_2" eclass="HBEFA3/PC_G_EU4" CO2="7309.49" CO="237.90" HC="1.26" NOx="3.38" PMx="0.18" fuel="3.14" electricity="0.00" noise="116.45" route="routetop" type="cfm-slow" waiting="0.00" lane="top_0" pos="27.74" speed="1.36" angle="224.55" x="11.17" y="107.83"/>
        <vehicle id="cfm-slow_3" eclass="HBEFA3/PC_G_EU4" CO2="7309.49" CO="237.90" HC="1.26" NOx="3.38" PMx="0.18" fuel="3.14" electricity="0.00" noise="116.45" route="routetop" type="cfm-slow" waiting="0.00" lane="top_0" pos="43.58" speed="1.36" angle="196.16" x="-3.54" y="77.49"/>
        <vehicle id="cfm-slow_4" eclass="HBEFA3/PC_G_EU4" CO2="7309.49" CO="237.90" HC="1.26" NOx="3.38" PMx="0.18" fuel="3.14" electricity="0.00" noise="116.45" route="routeleft" type="cfm-slow" waiting="0.00" lane="left_0" pos="9.41" speed="1.36" angle="167.49" x="-1.94" y="43.63"/>
        <vehicle id="cfm-slow_5" eclass="HBEFA3/PC_G_EU4" CO2="7309.49" CO="237.90" HC="1.26" NOx="3.38" PMx="0.18" fuel="3.14" electricity="0.00" noise="116.45" route="routeleft" type="cfm-slow" waiting="0.00" lane="left_0" pos="25.24" speed="1.36" angle="139.06" x="15.52" y="14.79"/>
    </timestep>
    <timestep time="0.11">
        <vehicle id="cfm-fast_0" eclass="HBEFA3/PC_G_EU4" CO2="7779.58" CO="245.33" HC="1.31" NOx="3.60" PMx="0.19" fuel="3.34" electricity="0.00" noise="116.51" route="routebottom" type="cfm-fast" waiting="0.00" lane="bottom_0" pos="1.09" speed="1.50" angle="92.50" x="66.10" y="-4.90"/>
        <vehicle id="cfm-fast_1" eclass="HBEFA3/PC_G_EU4" CO2="7779.58" CO="245.33" HC="1.31" NOx="3.60" PMx="0.19" fuel="3.34" electricity="0.00" noise="116.51" route="routebottom" type="cfm-fast" waiting="0.00" lane="bottom_0" pos="16.92" speed="1.50" angle="64.01" x="98.47" y="4.55"/>
        <vehicle id="cfm-fast_2" eclass="HBEFA3/PC_G_EU4" CO2="7779.58" CO="245.33" HC="1.31" NOx="3.60" PMx="0.19" fuel="3.34" electricity="0.00" noise="116.51" route="routebottom" type="cfm-fast" waiting="0.00" lane="bottom_0" pos="32.76" speed="1.50" angle="35.58" x="122.43" y="28.27"/>
        <vehicle id="cfm-fast_3" eclass="HBEFA3/PC_G_EU4" CO2="7779.58" CO="245.33" HC="1.31" NOx="3.60" PMx="0.19" fuel="3.34" electricity="0.00" noise="116.51" route="routebottom" type="cfm-fast" waiting="0.00" lane="bottom_0" pos="48.59" speed="1.50" angle="7.07" x="132.20" y="60.54"/>
        <vehicle id="cfm-fast_4" eclass="HBEFA3/PC_G_EU4" CO2="7779.58" CO="245.33" HC="1.31" NOx="3.60" PMx="0.19" fuel="3.34" electricity="0.00" noise="116.51" route="routeright" type="cfm-fast" waiting="0.00" lane="right_0" pos="14.42" speed="1.50" angle="338.51" x="125.33" y="93.73"/>
        <vehicle id="cfm-fast_5" eclass="HBEFA3/PC_G_EU4" CO2="7779.58" CO="245.33" HC="1.31" NOx="3.60" PMx="0.19" fuel="3.34" electricity="0.00" noise="116.51" route="routeright" type="cfm-fast" waiting="0.00" lane="right_0" pos="30.26" speed="1.50" angle="310.04" x="103.55" y="119.47"/>
        <vehicle id="cfm-slow_0" eclass="HBEFA3/PC_G_EU4" CO2="7779.58" CO="245.33" HC="1.31" NOx="3.60" PMx="0.19" fuel="3.34" electricity="0.00" noise="116.51" route="routeright" type="cfm-slow" waiting="0.00" lane="right_0" pos="46.09" speed="1.50" angle="281.60" x="72.15" y="131.75"/>
        <vehicle id="cfm-slow_1" eclass="HBEFA3/PC_G_EU4" CO2="7779.58" CO="245.33" HC="1.31" NOx="3.60" PMx="0.19" fuel="3.34" electricity="0.00" noise="116.51" route="routetop" type="cfm-slow" waiting="0.00" lane="top_0" pos="11.92" speed="1.50" angle="252.98" x="38.52" y="127.49"/>
        <vehicle id="cfm-slow_2" eclass="HBEFA3/PC_G_EU4" CO2="7779.58" CO="245.33" HC="1.31" NOx="3.60" PMx="0.19" fuel="3.34" electricity="0.00" noise="116.51" route="routetop" type="cfm-slow" waiting="0.00" lane="top_0" pos="27.76" speed="1.50" angle="224.52" x="11.15" y="107.80"/>
        <vehicle id="cfm-slow_3" eclass="HBEFA3/PC_G_EU4" CO2="7779.58" CO="245.33" HC="1.31" NOx="3.60" PMx="0.19" fuel="3.34" electricity="0.00" noise="116.51" route="routetop" type="cfm-slow" waiting="0.00" lane="top_0" pos="43.59" speed="1.50" angle="196.14" x="-3.55" y="77.46"/>
        <vehicle id="cfm-slow_4" eclass="HBEFA3/PC_G_EU4" CO2="7779.58" CO="245.33" HC="1.31" NOx="3.60" PMx="0.19" fuel="3.34" electricity="0.00" noise="116.51" route="routeleft" type="cfm-slow" waiting="0.00" lane="left_0" pos="9.42" speed="1.50" angle="167.46" x="-1.94" y="43.59"/>
        <vehicle id="cfm-slow_5" eclass="HBEFA3/PC_G_EU4" CO2="7779.58" CO="245.33" HC="1.31" NOx="3.60" PMx="0.19" fuel="3.34" electricity="0.00" noise="116.51" route="routeleft" type="cfm-slow" waiting="0.00" lane="left_0" pos="25.26" speed="1.50" angle="139.03" x="15.55" y="14.76"/>
    </timestep>
    <timestep time="0.12">
        <vehicle id="cfm-fast_0" eclass="HBEFA3/PC_G_EU4" CO2="8249.95" CO="252.79" HC="1.35" NOx="3.81" PMx="0.20" fuel="3.55" electricity="0.00" noise="116.56" route="routebottom" type="cfm-fast" waiting="0.00" lane="bottom_0" pos="1.11" speed="1.64" angle="92.47" x="66.14" y="-4.90"/>
        <vehicle id="cfm-fast_1" eclass="HBEFA3/PC_G_EU4" CO2="8249.95" CO="252.79" HC="1.35" NOx="3.81" PMx="0.20" fuel="3.55" electricity="0.00" noise="116.56" route="routebottom" type="cfm-fast" waiting="0.00" lane="bottom_0" pos="16.94" speed="1.64" angle="63.98" x="98.50" y="4.56"/>
        <vehicle id="cfm-fast_2" eclass="HBEFA3/PC_G_EU4" CO2="8249.95" CO="252.79" HC="1.35" NOx="3.81" PMx="0.20" fuel="3.55" electricity="0.00" noise="116.56" route="routebottom" type="cfm-fast" waiting="0.00" lane="bottom_0" pos="32.77" speed="1.64" angle="35.55" x="122.45" y="28.30"/>
        <vehicle id="cfm-fast_3" eclass="HBEFA3/PC_G_EU4" CO2="8249.95" CO="252.79" HC="1.35" NOx="3.81" PMx="0.20" fuel="3.55" electricity="0.00" noise="116.56" route="routebottom" type="cfm-fast" waiting="0.00" lane="bottom_0" pos="48.61" speed="1.64" angle="7.04" x="132.20" y="60.57"/>
        <vehicle id="cfm-fast_4" eclass="HBEFA3/PC_G_EU4" CO2="8249.95" CO="252.79" HC="1.35" NOx="3.81" PMx="0.20" fuel="3.55" electricity="0.00" noise="116.56" route="routeright" type="cfm-fast" waiting="0.00" lane="right_0" pos="14.44" speed="1.64" angle="338.48" x="125.31" y="93.76"/>
        <vehicle id="cfm-fast_5" eclass="HBEFA3/PC_G_EU4" CO2="8249.95" CO="252.79" HC="1.35" NOx="3.81" PMx="0.20" fuel="3.55" electricity="0.00" noise="116.56" route="routeright" type="cfm-fast" waiting="0.00" lane="right_0" pos="30.27" speed="1.64" angle="310.01" x="103.52" y="119.49"/>
        <vehicle id="cfm-slow_0" eclass="HBEFA3/PC_G_EU4" CO2="8249.95" CO="252.79" HC="1.35" NOx="3.81" PMx="0.20" fuel="3.55" electricity="0.00" noise="116.56" route="routeright" type="cfm-slow" waiting="0.00" lane="right_0" pos="46.11" speed="1.64" angle="281.58" x="72.12" y="131.75"/>
        <vehicle id="cfm-slow_1" eclass="HBEFA3/PC_G_EU4" CO2="8249.95" CO="252.79" HC="1.35" NOx="3.81" PMx="0.20" fuel="3.55" electricity="0.00" noise="116.56" route="routetop" type="cfm-slow" waiting="0.00" lane="top_0" pos="11.94" speed="1.64" angle="252.95" x="38.49" y="127.47"/>
        <vehicle id="cfm-slow_2" eclass="HBEFA3/PC_G_EU4" CO2="8249.95" CO="252.79" HC="1.35" NOx="3.81" PMx="0.20" fuel="3.55" electricity="0.00" noise="116.56" route="routetop" type="cfm-slow" waiting="0.00" lane="top_0" pos="27.77" speed="1.64" angle="224.49" x="11.13" y="107.77"/>
        <vehicle id="cfm-slow_3" eclass="HBEFA3/PC_G_EU4" CO2="8249.95" CO="252.79" HC="1.35" NOx="3.81" PMx="0.20" fuel="3.55" electricity="0.00" noise="116.56" route="routetop" type="cfm-slow" waiting="0.00" lane="top_0" pos="43.61" speed="1.64" angle="196.12" x="-3.56" y="77.42"/>
        <vehicle id="cfm-slow_4" eclass="HBEFA3/PC_G_EU4" CO2="8249.95" CO="252.79" HC="1.35" NOx="3.81" PMx="0.20" fuel="3.55" electricity="0.00" noise="116.56" route="routeleft" type="cfm-slow" waiting="0.00" lane="left_0" pos="9.44" speed="1.64" angle="167.43" x="-1.92" y="43.56"/>
        <vehicle id="cfm-slow_5" eclass="HBEFA3/PC_G_EU4" CO2="8249.95" CO="252.79" HC="1.35" NOx="3.81" PMx="0.20" fuel="3.55" electricity="0.00" noise="116.56" route="routeleft" type="cfm-slow" waiting="0.00" lane="left_0" pos="25.27" speed="1.64" angle="139.00" x="15.57" y="14.74"/>
    </timestep>
    <timestep time="0.13">
        <vehicle id="cfm-fast_0" eclass="HBEFA3/PC_G_EU4" CO2="8720.62" CO="260.26" HC="1.40" NOx="4.03" PMx="0.22" fuel="3.75" electricity="0.00" noise="116.61" route="routebottom" type="cfm-fast" waiting="0.00" lane="bottom_0" pos="1.12" speed="1.77" angle="92.44" x="66.18" y="-4.90"/>
        <vehicle id="cfm-fast_1" eclass="HBEFA3/PC_G_EU4" CO2="8720.62" CO="260.26" HC="1.40" NOx="4.03" PMx="0.22" fuel="3.75" electricity="0.00" noise="116.61" route="routebottom" type="cfm-fast" waiting="0.00" lane="bottom_0" pos="16.96" speed="1.77" angle="63.95" x="98.53" y="4.58"/>
        <vehicle id="cfm-fast_2" eclass="HBEFA3/PC_G_EU4" CO2="8720.62" CO="260.26" HC="1.40" NOx="4.03" PMx="0.22" fuel="3.75" electricity="0.00" noise="116.61" route="routebottom" type="cfm-fast" waiting="0.00" lane="bottom_0" pos="32.79" speed="1.77" angle="35.52" x="122.47" y="28.33"/>
        <vehicle id="cfm-fast_3" eclass="HBEFA3/PC_G_EU4" CO2="8720.62" CO="260.26" HC="1.40" NOx="4.03" PMx="0.22" fuel="3.75" electricity="0.00" noise="116.61" route="routebottom" type="cfm-fast" waiting="0.00" lane="bottom_0" pos="48.62" speed="1.77" angle="7.01" x="132.20" y="60.61"/>
        <vehicle id="cfm-fast_4" eclass="HBEFA3/PC_G_EU4" CO2="8720.62" CO="260.26" HC="1.40" NOx="4.03" PMx="0.22" fuel="3.75" electricity="0.00" noise="116.61" route="routeright" type="cfm-fast" waiting="0.00" lane="right_0" pos="14.46" speed="1.77" angle="338.45" x="125.29" y="93.80"/>
        <vehicle id="cfm-fast_5" eclass="HBEFA3/PC_G_EU4" CO2="8720.62" CO="260.26" HC="1.40" NOx="4.03" PMx="0.22" fuel="3.75" electricity="0.00" noise="116.61" route="routeright" type="cfm-fast" waiting="0.00" lane="right_0" pos="30.29" speed="1.77" angle="309.97" x="103.49" y="119.51"/>
        <vehicle id="cfm-slow_0" eclass="HBEFA3/PC_G_EU4" CO2="8720.62" CO="260.26" HC="1.40" NOx="4.03" PMx="0.22" fuel="3.75" electricity="0.00" noise="116.61" route="routeright" type="cfm-slow" waiting="0.00" lane="right_0" pos="46.12" speed="1.77" angle="281.56" x="72.08" y="131.76"/>
        <vehicle id="cfm-slow_1" eclass="HBEFA3/PC_G_EU4" CO2="8720.62" CO="260.26" HC="1.40" NOx="4.03" PMx="0.22" fuel="3.75" electricity="0.00" noise="116.61" route="routetop" type="cfm-slow" waiting="0.00" lane="top_0" pos="11.96" speed="1.77" angle="252.92" x="38.45" y="127.46"/>
        <vehicle id="cfm-slow_2" eclass="HBEFA3/PC_G_EU4" CO2="8720.62" CO="260.26" HC="1.40" NOx="4.03" PMx="0.22" fuel="3.75" electricity="0.00" noise="116.61" route="routetop" type="cfm-slow" waiting="0.00" lane="top_0" pos="27.79" speed="1.77" angle="224.45" x="11.10" y="107.75"/>
        <vehicle id="cfm-slow_3" eclass="HBEFA3/PC_G_EU4" CO2="8720.62" CO="260.26" HC="1.40" NOx="4.03" PMx="0.22" fuel="3.75" electricity="0.00" noise="116.61" route="routetop" type="cfm-slow" waiting="0.00" lane="top_0" pos="43.62" speed="1.77" angle="196.09" x="-3.57" y="77.39"/>
        <vehicle id="cfm-slow_4" eclass="HBEFA3/PC_G_EU4" CO2="8720.62" CO="260.26" HC="1.40" NOx="4.03" PMx="0.22" fuel="3.75" electricity="0.00" noise="116.61" route="routeleft" type="cfm-slow" waiting="0.00" lane="left_0" pos="9.46" speed="1.77" angle="167.40" x="-1.91" y="43.52"/>
        <vehicle id="cfm-slow_5" eclass="HBEFA3/PC_G_EU4" CO2="8720.62" CO="260.26" HC="1.40" NOx="4.03" PMx="0.22" fuel="3.75" electricity="0.00" noise="116.61" route="routeleft" type="cfm-slow" waiting="0.00" lane="left_0" pos="25.29" speed="1.77" angle="138.97" x="15.60" y="14.71"/>
    </timestep>
    <timestep time="0.14">
        <vehicle id="cfm-fast_0" eclass="HBEFA3/PC_G_EU4" CO2="9191.58" CO="267.76" HC="1.44" NOx="4.25" PMx="0.23" fuel="3.95" electricity="0.00" noise="116.67" route="routebottom" type="cfm-fast" waiting="0.00" lane="bottom_0" pos="1.14" speed="1.91" angle="92.40" x="66.22" y="-4.89"/>
        <vehicle id="cfm-fast_1" eclass="HBEFA3/PC_G_EU4" CO2="9191.58" CO="267.76" HC="1.44" NOx="4.25" PMx="0.23" fuel="3.95" electricity="0.00" noise="116.67" route="routebottom" type="cfm-fast" waiting="0.00" lane="bottom_0" pos="16.98" speed="1.91" angle="63.92" x="98.57" y="4.61"/>
        <vehicle id="cfm-fast_2" eclass="HBEFA3/PC_G_EU4" CO2="9191.58" CO="267.76" HC="1.44" NOx="4.25" PMx="0.23" fuel="3.95" electricity="0.00" noise="116.67" route="routebottom" type="cfm-fast" waiting="0.00" lane="bottom_0" pos="32.81" speed="1.91" angle="35.48" x="122.49" y="28.37"/>
        <vehicle id="cfm-fast_3" eclass="HBEFA3/PC_G_EU4" CO2="9191.58" CO="267.76" HC="1.44" NOx="4.25" PMx="0.23" fuel="3.95" electricity="0.00" noise="116.67" route="routebottom" type="cfm-fast" waiting="0.00" lane="bottom_0" pos="48.64" speed="1.91" angle="6.98" x="132.21" y="60.65"/>
        <vehicle id="cfm-fast_4" eclass="HBEFA3/PC_G_EU4" CO2="9191.58" CO="267.76" HC="1.44" NOx="4.25" PMx="0.23" fuel="3.95" electricity="0.00" noise="116.67" route="routeright" type="cfm-fast" waiting="0.00" lane="right_0" pos="14.48" speed="1.91" angle="338.41" x="125.28" y="93.84"/>
        <vehicle id="cfm-fast_5" eclass="HBEFA3/PC_G_EU4" CO2="9191.58" CO="267.76" HC="1.44" NOx="4.25" PMx="0.23" fuel="3.95" electricity="0.00" noise="116.67" route="routeright" type="cfm-fast" waiting="0.00" lane="right_0" pos="30.31" speed="1.91" angle="309.94" x="103.46" y="119.53"/>
        <vehicle id="cfm-slow_0" eclass="HBEFA3/PC_G_EU4" CO2="9191.58" CO="267.76" HC="1.44" NOx="4.25" PMx="0.23" fuel="3.95" electricity="0.00" noise="116.67" route="routeright" type="cfm-slow" waiting="0.00" lane="right_0" pos="46.14" speed="1.91" angle="281.53" x="72.04" y="131.76"/>
        <vehicle id="cfm-slow_1" eclass="HBEFA3/PC_G_EU4" CO2="9191.58" CO="267.76" HC="1.44" NOx="4.25" PMx="0.23" fuel="3.95" electricity="0.00" noise="116.67" route="routetop" type="cfm-slow" waiting="0.00" lane="top_0" pos="11.98" speed="1.91" angle="252.88" x="38.41" y="127.44"/>
        <vehicle id="cfm-slow_2" eclass="HBEFA3/PC_G_EU4" CO2="9191.58" CO="267.76" HC="1.44" NOx="4.25" PMx="0.23" fuel="3.95" electricity="0.00" noise="116.67" route="routetop" type="cfm-slow" waiting="0.00" lane="top_0" pos="27.81" speed="1.91" angle="224.42" x="11.08" y="107.71"/>
        <vehicle id="cfm-slow_3" eclass="HBEFA3/PC_G_EU4" CO2="9191.58" CO="267.76" HC="1.44" NOx="4.25" PMx="0.23" fuel="3.95" electricity="0.00" noise="116.67" route="routetop" type="cfm-slow" waiting="0.00" lane="top_0" pos="43.64" speed="1.91" angle="196.06" x="-3.58" y="77.35"/>
        <vehicle id="cfm-slow_4" eclass="HBEFA3/PC_G_EU4" CO2="9191.58" CO="267.76" HC="1.44" NOx="4.25" PMx="0.23" fuel="3.95" electricity="0.00" noise="116.67" route="routeleft" type="cfm-slow" waiting="0.00" lane="left_0" pos="9.48" speed="1.91" angle="167.36" x="-1.90" y="43.49"/>
        <vehicle id="cfm-slow_5" eclass="HBEFA3/PC_G_EU4" CO2="9191.58" CO="267.76" HC="1.44" NOx="4.25" PMx="0.23" fuel="3.95" electricity="0.00" noise="116.67" route="routeleft" type="cfm-slow" waiting="0.00" lane="left_0" pos="25.31" speed="1.91" angle="138.94" x="15.63" y="14.68"/>
    </timestep>
    <timestep time="0.15">
        <vehicle id="cfm-fast_0" eclass="HBEFA3/PC_G_EU4" CO2="9662.83" CO="275.27" HC="1.49" NOx="4.47" PMx="0.24" fuel="4.15" electricity="0.00" noise="116.72" route="routebottom" type="cfm-fast" waiting="0.00" lane="bottom_0" pos="1.16" speed="2.05" angle="92.36" x="66.26" y="-4.89"/>
        <vehicle id="cfm-fast_1" eclass="HBEFA3/PC_G_EU4" CO2="9662.83" CO="275.27" HC="1.49" NOx="4.47" PMx="0.24" fuel="4.15" electricity="0.00" noise="116.72" route="routebottom" type="cfm-fast" waiting="0.00" lane="bottom_0" pos="17.00" speed="2.05" angle="63.88" x="98.61" y="4.63"/>
        <vehicle id="cfm-fast_2" eclass="HBEFA3/PC_G_EU4" CO2="9662.83" CO="275.27" HC="1.49" NOx="4.47" PMx="0.24" fuel="4.15" electricity="0.00" noise="116.72" route="routebottom" type="cfm-fast" waiting="0.00" lane="bottom_0" pos="32.83" speed="2.05" angle="35.44" x="122.51" y="28.40"/>
        <vehicle id="cfm-fast_3" eclass="HBEFA3/PC_G_EU4" CO2="9662.83" CO="275.27" HC="1.49" NOx="4.47" PMx="0.24" fuel="4.15" electricity="0.00" noise="116.72" route="routebottom" type="cfm-fast" waiting="0.00" lane="bottom_0" pos="48.66" speed="2.05" angle="6.96" x="132.21" y="60.70"/>
        <vehicle id="cfm-fast_4" eclass="HBEFA3/PC_G_EU4" CO2="9662.83" CO="275.27" HC="1.49" NOx="4.47" PMx="0.24" fuel="4.15" electricity="0.00" noise="116.72" route="routeright" type="cfm-fast" waiting="0.00" lane="right_0" pos="14.50" speed="2.05" angle="338.37" x="125.26" y="93.87"/>
        <vehicle id="cfm-fast_5" eclass="HBEFA3/PC_G_EU4" CO2="9662.83" CO="275.27" HC="1.49" NOx="4.47" PMx="0.24" fuel="4.15" electricity="0.00" noise="116.72" route="routeright" type="cfm-fast" waiting="0.00" lane="right_0" pos="30.33" speed="2.05" angle="309.90" x="103.42" y="119.56"/>
        <vehicle id="cfm-slow_0" eclass="HBEFA3/PC_G_EU4" CO2="9662.83" CO="275.27" HC="1.49" NOx="4.47" PMx="0.24" fuel="4.15" electricity="0.00" noise="116.72" route="routeright" type="cfm-slow" waiting="0.00" lane="right_0" pos="46.16" speed="2.05" angle="281.50" x="71.99" y="131.77"/>
        <vehicle id="cfm-slow_1" eclass="HBEFA3/PC_G_EU4" CO2="9662.83" CO="275.27" HC="1.49" NOx="4.47" PMx="0.24" fuel="4.15" electricity="0.00" noise="116.72" route="routetop" type="cfm-slow" waiting="0.00" lane="top_0" pos="12.00" speed="2.05" angle="252.85" x="38.37" y="127.43"/>
        <vehicle id="cfm-slow_2" eclass="HBEFA3/PC_G_EU4" CO2="9662.83" CO="275.27" HC="1.49" NOx="4.47" PMx="0.24" fuel="4.15" electricity="0.00" noise="116.72" route="routetop" type="cfm-slow" waiting="0.00" lane="top_0" pos="27.83" speed="2.05" angle="224.38" x="11.05" y="107.68"/>
        <vehicle id="cfm-slow_3" eclass="HBEFA3/PC_G_EU4" CO2="9662.83" CO="275.27" HC="1.49" NOx="4.47" PMx="0.24" fuel="4.15" electricity="0.00" noise="116.72" route="routetop" type="cfm-slow" waiting="0.00" lane="top_0" pos="43.66" speed="2.05" angle="196.02" x="-3.58" y="77.30"/>
        <vehicle id="cfm-slow_4" eclass="HBEFA3/PC_G_EU4" CO2="9662.83" CO="275.27" HC="1.49" NOx="4.47" PMx="0.24" fuel="4.15" electricity="0.00" noise="116.72" route="routeleft" type="cfm-slow" waiting="0.00" lane="left_0" pos="9.50" speed="2.05" angle="167.32" x="-1.89" y="43.44"/>
        <vehicle id="cfm-slow_5" eclass="HBEFA3/PC_G_EU4" CO2="9662.83" CO="275.27" HC="1.49" NOx="4.47" PMx="0.24" fuel="4.15" electricity="0.00" noise="116.72" route="routeleft" type="cfm-slow" waiting="0.00" lane="left_0" pos="25.33" speed="2.05" angle="138.90" x="15.66" y="14.65"/>
    </timestep>
    <timestep time="0.16">
        <vehicle id="cfm-fast_0" eclass="HBEFA3/PC_G_EU4" CO2="10134.37" CO="282.81" HC="1.53" NOx="4.69" PMx="0.25" fuel="4.36" electricity="0.00" noise="116.77" route="routebottom" type="cfm-fast" waiting="0.00" lane="bottom_0" pos="1.19" speed="2.18" angle="92.32" x="66.31" y="-4.89"/>
        <vehicle id="cfm-fast_1" eclass="HBEFA3/PC_G_EU4" CO2="10134.37" CO="282.81" HC="1.53" NOx="4.69" PMx="0.25" fuel="4.36" electricity="0.00" noise="116.77" route="routebottom" type="cfm-fast" waiting="0.00" lane="bottom_0" pos="17.02" speed="2.18" angle="63.84" x="98.65" y="4.65"/>
        <vehicle id="cfm-fast_2" eclass="HBEFA3/PC_G_EU4" CO2="10134.37" CO="282.81" HC="1.53" NOx="4.69" PMx="0.25" fuel="4.36" electricity="0.00" noise="116.77" route="routebottom" type="cfm-fast" waiting="0.00" lane="bottom_0" pos="32.85" speed="2.18" angle="35.40" x="122.53" y="28.44"/>
        <vehicle id="cfm-fast_3" eclass="HBEFA3/PC_G_EU4" CO2="10134.37" CO="282.81" HC="1.53" NOx="4.69" PMx="0.25" fuel="4.36" electricity="0.00" noise="116.77" route="routebottom" type="cfm-fast" waiting="0.00" lane="bottom_0" pos="48.69" speed="2.18" angle="6.92" x="132.21" y="60.74"/>
        <vehicle id="cfm-fast_4" eclass="HBEFA3/PC_G_EU4" CO2="10134.37" CO="282.81" HC="1.53" NOx="4.69" PMx="0.25" fuel="4.36" electricity="0.00" noise="116.77" route="routeright" type="cfm-fast" waiting="0.00" lane="right_0" pos="14.52" speed="2.18" angle="338.33" x="125.24" y="93.92"/>
        <vehicle id="cfm-fast_5" eclass="HBEFA3/PC_G_EU4" CO2="10134.37" CO="282.81" HC="1.53" NOx="4.69" PMx="0.25" fuel="4.36" electricity="0.00" noise="116.77" route="routeright" type="cfm-fast" waiting="0.00" lane="right_0" pos="30.35" speed="2.18" angle="309.86" x="103.38" y="119.59"/>
        <vehicle id="cfm-slow_0" eclass="HBEFA3/PC_G_EU4" CO2="10134.37" CO="282.81" HC="1.53" NOx="4.69" PMx="0.25" fuel="4.36" electricity="0.00" noise="116.77" route="routeright" type="cfm-slow" waiting="0.00" lane="right_0" pos="46.19" speed="2.18" angle="281.47" x="71.95" y="131.78"/>
        <vehicle id="cfm-slow_1" eclass="HBEFA3/PC_G_EU4" CO2="10134.37" CO="282.81" HC="1.53" NOx="4.69" PMx="0.25" fuel="4.36" electricity="0.00" noise="116.77" route="routetop" type="cfm-slow" waiting="0.00" lane="top_0" pos="12.02" speed="2.18" angle="252.81" x="38.33" y="127.41"/>
        <vehicle id="cfm-slow_2" eclass="HBEFA3/PC_G_EU4" CO2="10134.37" CO="282.81" HC="1.53" NOx="4.69" PMx="0.25" fuel="4.36" electricity="0.00" noise="116.77" route="routetop" type="cfm-slow" waiting="0.00" lane="top_0" pos="27.85" speed="2.18" angle="224.34" x="11.02" y="107.64"/>
        <vehicle id="cfm-slow_3" eclass="HBEFA3/PC_G_EU4" CO2="10134.37" CO="282.81" HC="1.53" NOx="4.69" PMx="0.25" fuel="4.36" electricity="0.00" noise="116.77" route="routetop" type="cfm-slow" waiting="0.00" lane="top_0" pos="43.69" speed="2.18" angle="195.98" x="-3.59" y="77.26"/>
        <vehicle id="cfm-slow_4" eclass="HBEFA3/PC_G_EU4" CO2="10134.37" CO="282.81" HC="1.53" NOx="4.69" PMx="0.25" fuel="4.36" electricity="0.00" noise="116.77" route="routeleft" type="cfm-slow" waiting="0.00" lane="left_0" pos="9.52" speed="2.18" angle="167.28" x="-1.87" y="43.40"/>
        <vehicle id="cfm-slow_5" eclass="HBEFA3/PC_G_EU4" CO2="10134.37" CO="282.81" HC="1.53" NOx="4.69" PMx="0.25" fuel="4.36" electricity="0.00" noise="116.77" route="routeleft" type="cfm-slow" waiting="0.00" lane="left_0" pos="25.35" speed="2.18" angle="138.86" x="15.69" y="14.62"/>
    </timestep>
    <timestep time="0.17">
        <vehicle id="cfm-fast_0" eclass="HBEFA3/PC_G_EU4" CO2="10606.21" CO="290.37" HC="1.58" NOx="4.91" PMx="0.26" fuel="4.56" electricity="0.00" noise="116.82" route="routebottom" type="cfm-fast" waiting="0.00" lane="bottom_0" pos="1.21" speed="2.32" angle="92.29" x="66.36" y="-4.89"/>
        <vehicle id="cfm-fast_1" eclass="HBEFA3/PC_G_EU4" CO2="10606.21" CO="290.37" HC="1.58" NOx="4.91" PMx="0.26" fuel="4.56" electricity="0.00" noise="116.82" route="routebottom" type="cfm-fast" waiting="0.00" lane="bottom_0" pos="17.04" speed="2.32" angle="63.80" x="98.69" y="4.68"/>
        <vehicle id="cfm-fast_2" eclass="HBEFA3/PC_G_EU4" CO2="10606.21" CO="290.37" HC="1.58" NOx="4.91" PMx="0.26" fuel="4.56" electricity="0.00" noise="116.82" route="routebottom" type="cfm-fast" waiting="0.00" lane="bottom_0" pos="32.88" speed="2.32" angle="35.36" x="122.56" y="28.49"/>
        <vehicle id="cfm-fast_3" eclass="HBEFA3/PC_G_EU4" CO2="10606.21" CO="290.37" HC="1.58" NOx="4.91" PMx="0.26" fuel="4.56" electricity="0.00" noise="116.82" route="routebottom" type="cfm-fast" waiting="0.00" lane="bottom_0" pos="48.71" speed="2.32" angle="6.89" x="132.21" y="60.79"/>
        <vehicle id="cfm-fast_4" eclass="HBEFA3/PC_G_EU4" CO2="10606.21" CO="290.37" HC="1.58" NOx="4.91" PMx="0.26" fuel="4.56" electricity="0.00" noise="116.82" route="routeright" type="cfm-fast" waiting="0.00" lane="right_0" pos="14.54" speed="2.32" angle="338.29" x="125.21" y="93.96"/>
        <vehicle id="cfm-fast_5" eclass="HBEFA3/PC_G_EU4" CO2="10606.21" CO="290.37" HC="1.58" NOx="4.91" PMx="0.26" fuel="4.56" electricity="0.00" noise="116.82" route="routeright" type="cfm-fast" waiting="0.00" lane="right_0" pos="30.38" speed="2.32" angle="309.82" x="103.34" y="119.62"/>
        <vehicle id="cfm-slow_0" eclass="HBEFA3/PC_G_EU4" CO2="10606.21" CO="290.37" HC="1.58" NOx="4.91" PMx="0.26" fuel="4.56" electricity="0.00" noise="116.82" route="routeright" type="cfm-slow" waiting="0.00" lane="right_0" pos="46.21" speed="2.32" angle="281.43" x="71.90" y="131.78"/>
        <vehicle id="cfm-slow_1" eclass="HBEFA3/PC_G_EU4" CO2="10606.21" CO="290.37" HC="1.58" NOx="4.91" PMx="0.26" fuel="4.56" electricity="0.00" noise="116.82" route="routetop" type="cfm-slow" waiting="0.00" lane="top_0" pos="12.04" speed="2.32" angle="252.76" x="38.28" y="127.39"/>
        <vehicle id="cfm-slow_2" eclass="HBEFA3/PC_G_EU4" CO2="10606.21" CO="290.37" HC="1.58" NOx="4.91" PMx="0.26" fuel="4.56" electricity="0.00" noise="116.82" route="routetop" type="cfm-slow" waiting="0.00" lane="top_0" pos="27.88" speed="2.32" angle="224.30" x="10.99" y="107.61"/>
        <vehicle id="cfm-slow_3" eclass="HBEFA3/PC_G_EU4" CO2="10606.21" CO="290.37" HC="1.58" NOx="4.91" PMx="0.26" fuel="4.56" electricity="0.00" noise="116.82" route="routetop" type="cfm-slow" waiting="0.00" lane="top_0" pos="43.71" speed="2.32" angle="195.94" x="-3.60" y="77.21"/>
        <vehicle id="cfm-slow_4" eclass="HBEFA3/PC_G_EU4" CO2="10606.21" CO="290.37" HC="1.58" NOx="4.91" PMx="0.26" fuel="4.56" electricity="0.00" noise="116.82" route="routeleft" type="cfm-slow" waiting="0.00" lane="left_0" pos="9.54" speed="2.32" angle="167.24" x="-1.86" y="43.35"/>
        <vehicle id="cfm-slow_5" eclass="HBEFA3/PC_G_EU4" CO2="10606.21" CO="290.37" HC="1.58" NOx="4.91" PMx="0.26" fuel="4.56" electricity="0.00" noise="116.82" route="routeleft" type="cfm-slow" waiting="0.00" lane="left_0" pos="25.38" speed="2.32" angle="138.82" x="15.73" y="14.58"/>
    </timestep>
    <timestep time="0.18">
        <vehicle id="cfm-fast_0" eclass="HBEFA3/PC_G_EU4" CO2="11078.33" CO="297.95" HC="1.63" NOx="5.13" PMx="0.27" fuel="4.76" electricity="0.00" noise="116.88" route="routebottom" type="cfm-fast" waiting="0.00" lane="bottom_0" pos="1.23" speed="2.45" angle="92.26" x="66.41" y="-4.89"/>
        <vehicle id="cfm-fast_1" eclass="HBEFA3/PC_G_EU4" CO2="11078.33" CO="297.95" HC="1.63" NOx="5.13" PMx="0.27" fuel="4.76" electricity="0.00" noise="116.88" route="routebottom" type="cfm-fast" waiting="0.00" lane="bottom_0" pos="17.07" speed="2.45" angle="63.75" x="98.73" y="4.71"/>
        <vehicle id="cfm-fast_2" eclass="HBEFA3/PC_G_EU4" CO2="11078.33" CO="297.95" HC="1.63" NOx="5.13" PMx="0.27" fuel="4.76" electricity="0.00" noise="116.88" route="routebottom" type="cfm-fast" waiting="0.00" lane="bottom_0" pos="32.90" speed="2.45" angle="35.31" x="122.59" y="28.53"/>
        <vehicle id="cfm-fast_3" eclass="HBEFA3/PC_G_EU4" CO2="11078.33" CO="297.95" HC="1.63" NOx="5.13" PMx="0.27" fuel="4.76" electricity="0.00" noise="116.88" route="routebottom" type="cfm-fast" waiting="0.00" lane="bottom_0" pos="48.73" speed="2.45" angle="6.86" x="132.22" y="60.84"/>
        <vehicle id="cfm-fast_4" eclass="HBEFA3/PC_G_EU4" CO2="11078.33" CO="297.95" HC="1.63" NOx="5.13" PMx="0.27" fuel="4.76" electricity="0.00" noise="116.88" route="routeright" type="cfm-fast" waiting="0.00" lane="right_0" pos="14.57" speed="2.45" angle="338.24" x="125.19" y="94.01"/>
        <vehicle id="cfm-fast_5" eclass="HBEFA3/PC_G_EU4" CO2="11078.33" CO="297.95" HC="1.63" NOx="5.13" PMx="0.27" fuel="4.76" electricity="0.00" noise="116.88" route="routeright" type="cfm-fast" waiting="0.00" lane="right_0" pos="30.40" speed="2.45" angle="309.77" x="103.30" y="119.65"/>
        <vehicle id="cfm-slow_0" eclass="HBEFA3/PC_G_EU4" CO2="11078.33" CO="297.95" HC="1.63" NOx="5.13" PMx="0.27" fuel="4.76" electricity="0.00" noise="116.88" route="routeright" type="cfm-slow" waiting="0.00" lane="right_0" pos="46.23" speed="2.45" angle="281.39" x="71.85" y="131.79"/>
        <vehicle id="cfm-slow_1" eclass="HBEFA3/PC_G_EU4" CO2="11078.33" CO="297.95" HC="1.63" NOx="5.13" PMx="0.27" fuel="4.76" electricity="0.00" noise="116.88" route="routetop" type="cfm-slow" waiting="0.00" lane="top_0" pos="12.07" speed="2.45" angle="252.72" x="38.23" y="127.37"/>
        <vehicle id="cfm-slow_2" eclass="HBEFA3/PC_G_EU4" CO2="11078.33" CO="297.95" HC="1.63" NOx="5.13" PMx="0.27" fuel="4.76" electricity="0.00" noise="116.88" route="routetop" type="cfm-slow" waiting="0.00" lane="top_0" pos="27.90" speed="2.45" angle="224.25" x="10.95" y="107.57"/>
        <vehicle id="cfm-slow_3" eclass="HBEFA3/PC_G_EU4" CO2="11078.33" CO="297.95" HC="1.63" NOx="5.13" PMx="0.27" fuel="4.76" electricity="0.00" noise="116.88" route="routetop" type="cfm-slow" waiting="0.00" lane="top_0" pos="43.73" speed="2.45" angle="195.89" x="-3.61" y="77.16"/>
        <vehicle id="cfm-slow_4" eclass="HBEFA3/PC_G_EU4" CO2="11078.33" CO="297.95" HC="1.63" NOx="5.13" PMx="0.27" fuel="4.76" electricity="0.00" noise="116.88" route="routeleft" type="cfm-slow" waiting="0.00" lane="left_0" pos="9.57" speed="2.45" angle="167.19" x="-1.84" y="43.30"/>
        <vehicle id="cfm-slow_5" eclass="HBEFA3/PC_G_EU4" CO2="11078.33" CO="297.95" HC="1.63" NOx="5.13" PMx="0.27" fuel="4.76" electricity="0.00" noise="116.88" route="routeleft" type="cfm-slow" waiting="0.00" lane="left_0" pos="25.40" speed="2.45" angle="138.77" x="15.76" y="14.55"/>
    </timestep>
    <timestep time="0.19">
        <vehicle id="cfm-fast_0" eclass="HBEFA3/PC_G_EU4" CO2="11550.75" CO="305.56" HC="1.67" NOx="5.35" PMx="0.29" fuel="4.97" electricity="0.00" noise="116.93" route="routebottom" type="cfm-fast" waiting="0.00" lane="bottom_0" pos="1.26" speed="2.59" angle="92.21" x="66.47" y="-4.89"/>
        <vehicle id="cfm-fast_1" eclass="HBEFA3/PC_G_EU4" CO2="11550.75" CO="305.56" HC="1.67" NOx="5.35" PMx="0.29" fuel="4.97" electricity="0.00" noise="116.93" route="routebottom" type="cfm-fast" waiting="0.00" lane="bottom_0" pos="17.09" speed="2.59" angle="63.70" x="98.78" y="4.73"/>
        <vehicle id="cfm-fast_2" eclass="HBEFA3/PC_G_EU4" CO2="11550.75" CO="305.56" HC="1.67" NOx="5.35" PMx="0.29" fuel="4.97" electricity="0.00" noise="116.93" route="routebottom" type="cfm-fast" waiting="0.00" lane="bottom_0" pos="32.93" speed="2.59" angle="35.27" x="122.62" y="28.58"/>
        <vehicle id="cfm-fast_3" eclass="HBEFA3/PC_G_EU4" CO2="11550.75" CO="305.56" HC="1.67" NOx="5.35" PMx="0.29" fuel="4.97" electricity="0.00" noise="116.93" route="routebottom" type="cfm-fast" waiting="0.00" lane="bottom_0" pos="48.76" speed="2.59" angle="6.82" x="132.22" y="60.90"/>
        <vehicle id="cfm-fast_4" eclass="HBEFA3/PC_G_EU4" CO2="11550.75" CO="305.56" HC="1.67" NOx="5.35" PMx="0.29" fuel="4.97" electricity="0.00" noise="116.93" route="routeright" type="cfm-fast" waiting="0.00" lane="right_0" pos="14.59" speed="2.59" angle="338.19" x="125.16" y="94.06"/>
        <vehicle id="cfm-fast_5" eclass="HBEFA3/PC_G_EU4" CO2="11550.75" CO="305.56" HC="1.67" NOx="5.35" PMx="0.29" fuel="4.97" electricity="0.00" noise="116.93" route="routeright" type="cfm-fast" waiting="0.00" lane="right_0" pos="30.43" speed="2.59" angle="309.72" x="103.25" y="119.68"/>
        <vehicle id="cfm-slow_0" eclass="HBEFA3/PC_G_EU4" CO2="11550.75" CO="305.56" HC="1.67" NOx="5.35" PMx="0.29" fuel="4.97" electricity="0.00" noise="116.93" route="routeright" type="cfm-slow" waiting="0.00" lane="right_0" pos="46.26" speed="2.59" angle="281.34" x="71.79" y="131.79"/>
        <vehicle id="cfm-slow_1" eclass="HBEFA3/PC_G_EU4" CO2="11550.75" CO="305.56" HC="1.67" NOx="5.35" PMx="0.29" fuel="4.97" electricity="0.00" noise="116.93" route="routetop" type="cfm-slow" waiting="0.00" lane="top_0" pos="12.09" speed="2.59" angle="252.67" x="38.18" y="127.35"/>
        <vehicle id="cfm-slow_2" eclass="HBEFA3/PC_G_EU4" CO2="11550.75" CO="305.56" HC="1.67" NOx="5.35" PMx="0.29" fuel="4.97" electricity="0.00" noise="116.93" route="routetop" type="cfm-slow" waiting="0.00" lane="top_0" pos="27.93" speed="2.59" angle="224.20" x="10.91" y="107.52"/>
        <vehicle id="cfm-slow_3" eclass="HBEFA3/PC_G_EU4" CO2="11550.75" CO="305.56" HC="1.67" NOx="5.35" PMx="0.29" fuel="4.97" electricity="0.00" noise="116.93" route="routetop" type="cfm-slow" waiting="0.00" lane="top_0" pos="43.76" speed="2.59" angle="195.84" x="-3.62" y="77.10"/>
        <vehicle id="cfm-slow_4" eclass="HBEFA3/PC_G_EU4" CO2="11550.75" CO="305.56" HC="1.67" NOx="5.35" PMx="0.29" fuel="4.97" electricity="0.00" noise="116.93" route="routeleft" type="cfm-slow" waiting="0.00" lane="left_0" pos="9.59" speed="2.59" angle="167.15" x="-1.83" y="43.25"/>
        <vehicle id="cfm-slow_5" eclass="HBEFA3/PC_G_EU4" CO2="11550.75" CO="305.56" HC="1.67" NOx="5.35" PMx="0.29" fuel="4.97" electricity="0.00" noise="116.93" route="routeleft" type="cfm-slow" waiting="0.00" lane="left_0" pos="25.43" speed="2.59" angle="138.72" x="15.80" y="14.51"/>
    </timestep>
    <timestep time="0.20">
        <vehicle id="cfm-fast_0" eclass="HBEFA3/PC_G_EU4" CO2="12023.46" CO="313.18" HC="1.72" NOx="5.56" PMx="0.30" fuel="5.17" electricity="0.00" noise="116.99" route="routebottom" type="cfm-fast" waiting="0.00" lane="bottom_0" pos="1.29" speed="2.73" angle="92.16" x="66.53" y="-4.88"/>
        <vehicle id="cfm-fast_1" eclass="HBEFA3/PC_G_EU4" CO2="12023.46" CO="313.18" HC="1.72" NOx="5.56" PMx="0.30" fuel="5.17" electricity="0.00" noise="116.99" route="routebottom" type="cfm-fast" waiting="0.00" lane="bottom_0" pos="17.12" speed="2.73" angle="63.65" x="98.83" y="4.76"/>
        <vehicle id="cfm-fast_2" eclass="HBEFA3/PC_G_EU4" CO2="12023.46" CO="313.18" HC="1.72" NOx="5.56" PMx="0.30" fuel="5.17" electricity="0.00" noise="116.99" route="routebottom" type="cfm-fast" waiting="0.00" lane="bottom_0" pos="32.95" speed="2.73" angle="35.22" x="122.65" y="28.63"/>
        <vehicle id="cfm-fast_3" eclass="HBEFA3/PC_G_EU4" CO2="12023.46" CO="313.18" HC="1.72" NOx="5.56" PMx="0.30" fuel="5.17" electricity="0.00" noise="116.99" route="routebottom" type="cfm-fast" waiting="0.00" lane="bottom_0" pos="48.79" speed="2.73" angle="6.77" x="132.22" y="60.96"/>
        <vehicle id="cfm-fast_4" eclass="HBEFA3/PC_G_EU4" CO2="12023.46" CO="313.18" HC="1.72" NOx="5.56" PMx="0.30" fuel="5.17" electricity="0.00" noise="116.99" route="routeright" type="cfm-fast" waiting="0.00" lane="right_0" pos="14.62" speed="2.73" angle="338.14" x="125.14" y="94.11"/>
        <vehicle id="cfm-fast_5" eclass="HBEFA3/PC_G_EU4" CO2="12023.46" CO="313.18" HC="1.72" NOx="5.56" PMx="0.30" fuel="5.17" electricity="0.00" noise="116.99" route="routeright" type="cfm-fast" waiting="0.00" lane="right_0" pos="30.45" speed="2.73" angle="309.67" x="103.20" y="119.71"/>
        <vehicle id="cfm-slow_0" eclass="HBEFA3/PC_G_EU4" CO2="12023.46" CO="313.18" HC="1.72" NOx="5.56" PMx="0.30" fuel="5.17" electricity="0.00" noise="116.99" route="routeright" type="cfm-slow" waiting="0.00" lane="right_0" pos="46.29" speed="2.73" angle="281.29" x="71.73" y="131.80"/>
        <vehicle id="cfm-slow_1" eclass="HBEFA3/PC_G_EU4" CO2="12023.46" CO="313.18" HC="1.72" NOx="5.56" PMx="0.30" fuel="5.17" electricity="0.00" noise="116.99" route="routetop" type="cfm-slow" waiting="0.00" lane="top_0" pos="12.12" speed="2.73" angle="252.62" x="38.13" y="127.33"/>
        <vehicle id="cfm-slow_2" eclass="HBEFA3/PC_G_EU4" CO2="12023.46" CO="313.18" HC="1.72" NOx="5.56" PMx="0.30" fuel="5.17" electricity="0.00" noise="116.99" route="routetop" type="cfm-slow" waiting="0.00" lane="top_0" pos="27.95" speed="2.73" angle="224.15" x="10.88" y="107.48"/>
        <vehicle id="cfm-slow_3" eclass="HBEFA3/PC_G_EU4" CO2="12023.46" CO="313.18" HC="1.72" NOx="5.56" PMx="0.30" fuel="5.17" electricity="0.00" noise="116.99" route="routetop" type="cfm-slow" waiting="0.00" lane="top_0" pos="43.79" speed="2.73" angle="195.79" x="-3.63" y="77.04"/>
        <vehicle id="cfm-slow_4" eclass="HBEFA3/PC_G_EU4" CO2="12023.46" CO="313.18" HC="1.72" NOx="5.56" PMx="0.30" fuel="5.17" electricity="0.00" noise="116.99" route="routeleft" type="cfm-slow" waiting="0.00" lane="left_0" pos="9.62" speed="2.73" angle="167.10" x="-1.81" y="43.19"/>
        <vehicle id="cfm-slow_5" eclass="HBEFA3/PC_G_EU4" CO2="12023.46" CO="313.18" HC="1.72" NOx="5.56" PMx="0.30" fuel="5.17" electricity="0.00" noise="116.99" route="routeleft" type="cfm-slow" waiting="0.00" lane="left_0" pos="25.45" speed="2.73" angle="138.67" x="15.84" y="14.47"/>
    </timestep>
    <timestep time="0.21">
        <vehicle id="cfm-fast_0" eclass="HBEFA3/PC_G_EU4" CO2="12496.46" CO="320.83" HC="1.77" NOx="5.78" PMx="0.31" fuel="5.37" electricity="0.00" noise="117.04" route="routebottom" type="cfm-fast" waiting="0.00" lane="bottom_0" pos="1.32" speed="2.86" angle="92.11" x="66.59" y="-4.88"/>
        <vehicle id="cfm-fast_1" eclass="HBEFA3/PC_G_EU4" CO2="12496.46" CO="320.83" HC="1.77" NOx="5.78" PMx="0.31" fuel="5.37" electricity="0.00" noise="117.04" route="routebottom" type="cfm-fast" waiting="0.00" lane="bottom_0" pos="17.15" speed="2.86" angle="63.60" x="98.88" y="4.80"/>
        <vehicle id="cfm-fast_2" eclass="HBEFA3/PC_G_EU4" CO2="12496.46" CO="320.83" HC="1.77" NOx="5.78" PMx="0.31" fuel="5.37" electricity="0.00" noise="117.04" route="routebottom" type="cfm-fast" waiting="0.00" lane="bottom_0" pos="32.98" speed="2.86" angle="35.16" x="122.68" y="28.68"/>
        <vehicle id="cfm-fast_3" eclass="HBEFA3/PC_G_EU4" CO2="12496.46" CO="320.83" HC="1.77" NOx="5.78" PMx="0.31" fuel="5.37" electricity="0.00" noise="117.04" route="routebottom" type="cfm-fast" waiting="0.00" lane="bottom_0" pos="48.82" speed="2.86" angle="6.72" x="132.22" y="61.02"/>
        <vehicle id="cfm-fast_4" eclass="HBEFA3/PC_G_EU4" CO2="12496.46" CO="320.83" HC="1.77" NOx="5.78" PMx="0.31" fuel="5.37" electricity="0.00" noise="117.04" route="routeright" type="cfm-fast" waiting="0.00" lane="right_0" pos="14.65" speed="2.86" angle="338.08" x="125.11" y="94.17"/>
        <vehicle id="cfm-fast_5" eclass="HBEFA3/PC_G_EU4" CO2="12496.46" CO="320.83" HC="1.77" NOx="5.78" PMx="0.31" fuel="5.37" electricity="0.00" noise="117.04" route="routeright" type="cfm-fast" waiting="0.00" lane="right_0" pos="30.48" speed="2.86" angle="309.62" x="103.15" y="119.75"/>
        <vehicle id="cfm-slow_0" eclass="HBEFA3/PC_G_EU4" CO2="12496.46" CO="320.83" HC="1.77" NOx="5.78" PMx="0.31" fuel="5.37" electricity="0.00" noise="117.04" route="routeright" type="cfm-slow" waiting="0.00" lane="right_0" pos="46.31" speed="2.86" angle="281.24" x="71.67" y="131.81"/>
        <vehicle id="cfm-slow_1" eclass="HBEFA3/PC_G_EU4" CO2="12496.46" CO="320.83" HC="1.77" NOx="5.78" PMx="0.31" fuel="5.37" electricity="0.00" noise="117.04" route="routetop" type="cfm-slow" waiting="0.00" lane="top_0" pos="12.15" speed="2.86" angle="252.57" x="38.07" y="127.31"/>
        <vehicle id="cfm-slow_2" eclass="HBEFA3/PC_G_EU4" CO2="12496.46" CO="320.83" HC="1.77" NOx="5.78" PMx="0.31" fuel="5.37" electricity="0.00" noise="117.04" route="routetop" type="cfm-slow" waiting="0.00" lane="top_0" pos="27.98" speed="2.86" angle="224.10" x="10.84" y="107.43"/>
        <vehicle id="cfm-slow_3" eclass="HBEFA3/PC_G_EU4" CO2="12496.46" CO="320.83" HC="1.77" NOx="5.78" PMx="0.31" fuel="5.37" electricity="0.00" noise="117.04" route="routetop" type="cfm-slow" waiting="0.00" lane="top_0" pos="43.81" speed="2.86" angle="195.74" x="-3.64" y="76.98"/>
        <vehicle id="cfm-slow_4" eclass="HBEFA3/PC_G_EU4" CO2="12496.46" CO="320.83" HC="1.77" NOx="5.78" PMx="0.31" fuel="5.37" electricity="0.00" noise="117.04" route="routeleft" type="cfm-slow" waiting="0.00" lane="left_0" pos="9.65" speed="2.86" angle="167.04" x="-1.79" y="43.13"/>
        <vehicle id="cfm-slow_5" eclass="HBEFA3/PC_G_EU4" CO2="12496.46" CO="320.83" HC="1.77" NOx="5.78" PMx="0.31" fuel="5.37" electricity="0.00" noise="117.04" route="routeleft" type="cfm-slow" waiting="0.00" lane="left_0" pos="25.48" speed="2.86" angle="138.62" x="15.89" y="14.42"/>
    </timestep>
    <timestep time="0.22">
        <vehicle id="cfm-fast_0" eclass="HBEFA3/PC_G_EU4" CO2="12969.76" CO="328.50" HC="1.81" NOx="6.00" PMx="0.32" fuel="5.58" electricity="0.00" noise="117.09" route="routebottom" type="cfm-fast" waiting="0.00" lane="bottom_0" pos="1.35" speed="3.00" angle="92.06" x="66.65" y="-4.88"/>
        <vehicle id="cfm-fast_1" eclass="HBEFA3/PC_G_EU4" CO2="12969.76" CO="328.50" HC="1.81" NOx="6.00" PMx="0.32" fuel="5.58" electricity="0.00" noise="117.09" route="routebottom" type="cfm-fast" waiting="0.00" lane="bottom_0" pos="17.18" speed="3.00" angle="63.55" x="98.94" y="4.83"/>
        <vehicle id="cfm-fast_2" eclass="HBEFA3/PC_G_EU4" CO2="12969.76" CO="328.50" HC="1.81" NOx="6.00" PMx="0.32" fuel="5.58" electricity="0.00" noise="117.09" route="routebottom" type="cfm-fast" waiting="0.00" lane="bottom_0" pos="33.01" speed="3.00" angle="35.11" x="122.71" y="28.74"/>
        <vehicle id="cfm-fast_3" eclass="HBEFA3/PC_G_EU4" CO2="12969.76" CO="328.50" HC="1.81" NOx="6.00" PMx="0.32" fuel="5.58" electricity="0.00" noise="117.09" route="routebottom" type="cfm-fast" waiting="0.00" lane="bottom_0" pos="48.85" speed="3.00" angle="6.66" x="132.22" y="61.09"/>
        <vehicle id="cfm-fast_4" eclass="HBEFA3/PC_G_EU4" CO2="12969.76" CO="328.50" HC="1.81" NOx="6.00" PMx="0.32" fuel="5.58" electricity="0.00" noise="117.09" route="routeright" type="cfm-fast" waiting="0.00" lane="right_0" pos="14.68" speed="3.00" angle="338.03" x="125.08" y="94.22"/>
        <vehicle id="cfm-fast_5" eclass="HBEFA3/PC_G_EU4" CO2="12969.76" CO="328.50" HC="1.81" NOx="6.00" PMx="0.32" fuel="5.58" electricity="0.00" noise="117.09" route="routeright" type="cfm-fast" waiting="0.00" lane="right_0" pos="30.51" speed="3.00" angle="309.56" x="103.10" y="119.79"/>
        <vehicle id="cfm-slow_0" eclass="HBEFA3/PC_G_EU4" CO2="12969.76" CO="328.50" HC="1.81" NOx="6.00" PMx="0.32" fuel="5.58" electricity="0.00" noise="117.09" route="routeright" type="cfm-slow" waiting="0.00" lane="right_0" pos="46.34" speed="3.00" angle="281.18" x="71.61" y="131.81"/>
        <vehicle id="cfm-slow_1" eclass="HBEFA3/PC_G_EU4" CO2="12969.76" CO="328.50" HC="1.81" NOx="6.00" PMx="0.32" fuel="5.58" electricity="0.00" noise="117.09" route="routetop" type="cfm-slow" waiting="0.00" lane="top_0" pos="12.18" speed="3.00" angle="252.52" x="38.01" y="127.28"/>
        <vehicle id="cfm-slow_2" eclass="HBEFA3/PC_G_EU4" CO2="12969.76" CO="328.50" HC="1.81" NOx="6.00" PMx="0.32" fuel="5.58" electricity="0.00" noise="117.09" route="routetop" type="cfm-slow" waiting="0.00" lane="top_0" pos="28.01" speed="3.00" angle="224.04" x="10.79" y="107.38"/>
        <vehicle id="cfm-slow_3" eclass="HBEFA3/PC_G_EU4" CO2="12969.76" CO="328.50" HC="1.81" NOx="6.00" PMx="0.32" fuel="5.58" electricity="0.00" noise="117.09" route="routetop" type="cfm-slow" waiting="0.00" lane="top_0" pos="43.84" speed="3.00" angle="195.68" x="-3.65" y="76.92"/>
        <vehicle id="cfm-slow_4" eclass="HBEFA3/PC_G_EU4" CO2="12969.76" CO="328.50" HC="1.81" NOx="6.00" PMx="0.32" fuel="5.58" electricity="0.00" noise="117.09" route="routeleft" type="cfm-slow" waiting="0.00" lane="left_0" pos="9.68" speed="3.00" angle="166.99" x="-1.77" y="43.07"/>
        <vehicle id="cfm-slow_5" eclass="HBEFA3/PC_G_EU4" CO2="12969.76" CO="328.50" HC="1.81" NOx="6.00" PMx="0.32" fuel="5.58" electricity="0.00" noise="117.09" route="routeleft" type="cfm-slow" waiting="0.00" lane="left_0" pos="25.51" speed="3.00" angle="138.57" x="15.93" y="14.38"/>
    </timestep>
    <timestep time="0.23">
        <vehicle id="cfm-fast_0" eclass="HBEFA3/PC_G_EU4" CO2="13443.34" CO="336.19" HC="1.86" NOx="6.22" PMx="0.33" fuel="5.78" electricity="0.00" noise="117.15" route="routebottom" type="cfm-fast" waiting="0.00" lane="bottom_0" pos="1.38" speed="3.14" angle="92.00" x="66.72" y="-4.87"/>
        <vehicle id="cfm-fast_1" eclass="HBEFA3/PC_G_EU4" CO2="13443.34" CO="336.19" HC="1.86" NOx="6.22" PMx="0.33" fuel="5.78" electricity="0.00" noise="117.15" route="routebottom" type="cfm-fast" waiting="0.00" lane="bottom_0" pos="17.21" speed="3.14" angle="63.49" x="99.00" y="4.86"/>
        <vehicle id="cfm-fast_2" eclass="HBEFA3/PC_G_EU4" CO2="13443.34" CO="336.19" HC="1.86" NOx="6.22" PMx="0.33" fuel="5.78" electricity="0.00" noise="117.15" route="routebottom" type="cfm-fast" waiting="0.00" lane="bottom_0" pos="33.04" speed="3.14" angle="35.05" x="122.74" y="28.80"/>
        <vehicle id="cfm-fast_3" eclass="HBEFA3/PC_G_EU4" CO2="13443.34" CO="336.19" HC="1.86" NOx="6.22" PMx="0.33" fuel="5.78" electricity="0.00" noise="117.15" route="routebottom" type="cfm-fast" waiting="0.00" lane="bottom_0" pos="48.88" speed="3.14" angle="6.60" x="132.22" y="61.15"/>
        <vehicle id="cfm-fast_4" eclass="HBEFA3/PC_G_EU4" CO2="13443.34" CO="336.19" HC="1.86" NOx="6.22" PMx="0.33" fuel="5.78" electricity="0.00" noise="117.15" route="routeright" type="cfm-fast" waiting="0.00" lane="right_0" pos="14.71" speed="3.14" angle="337.97" x="125.05" y="94.28"/>
        <vehicle id="cfm-fast_5" eclass="HBEFA3/PC_G_EU4" CO2="13443.34" CO="336.19" HC="1.86" NOx="6.22" PMx="0.33" fuel="5.78" electricity="0.00" noise="117.15" route="routeright" type="cfm-fast" waiting="0.00" lane="right_0" pos="30.54" speed="3.14" angle="309.50" x="103.05" y="119.83"/>
        <vehicle id="cfm-slow_0" eclass="HBEFA3/PC_G_EU4" CO2="13443.34" CO="336.19" HC="1.86" NOx="6.22" PMx="0.33" fuel="5.78" electricity="0.00" noise="117.15" route="routeright" type="cfm-slow" waiting="0.00" lane="right_0" pos="46.38" speed="3.14" angle="281.13" x="71.54" y="131.82"/>
        <vehicle id="cfm-slow_1" eclass="HBEFA3/PC_G_EU4" CO2="13443.34" CO="336.19" HC="1.86" NOx="6.22" PMx="0.33" fuel="5.78" electricity="0.00" noise="117.15" route="routetop" type="cfm-slow" waiting="0.00" lane="top_0" pos="12.21" speed="3.14" angle="252.46" x="37.95" y="127.26"/>
        <vehicle id="cfm-slow_2" eclass="HBEFA3/PC_G_EU4" CO2="13443.34" CO="336.19" HC="1.86" NOx="6.22" PMx="0.33" fuel="5.78" electricity="0.00" noise="117.15" route="routetop" type="cfm-slow" waiting="0.00" lane="top_0" pos="28.04" speed="3.14" angle="223.98" x="10.75" y="107.33"/>
        <vehicle id="cfm-slow_3" eclass="HBEFA3/PC_G_EU4" CO2="13443.34" CO="336.19" HC="1.86" NOx="6.22" PMx="0.33" fuel="5.78" electricity="0.00" noise="117.15" route="routetop" type="cfm-slow" waiting="0.00" lane="top_0" pos="43.88" speed="3.14" angle="195.62" x="-3.67" y="76.85"/>
        <vehicle id="cfm-slow_4" eclass="HBEFA3/PC_G_EU4" CO2="13443.34" CO="336.19" HC="1.86" NOx="6.22" PMx="0.33" fuel="5.78" electricity="0.00" noise="117.15" route="routeleft" type="cfm-slow" waiting="0.00" lane="left_0" pos="9.71" speed="3.14" angle="166.93" x="-1.75" y="43.01"/>
        <vehicle id="cfm-slow_5" eclass="HBEFA3/PC_G_EU4" CO2="13443.34" CO="336.19" HC="1.86" NOx="6.22" PMx="0.33" fuel="5.78" electricity="0.00" noise="117.15" route="routeleft" type="cfm-slow" waiting="0.00" lane="left_0" pos="25.54" speed="3.14" angle="138.53" x="15.98" y="14.33"/>
    </timestep>
    <timestep time="0.24">
        <vehicle id="cfm-fast_0" eclass="HBEFA3/PC_G_EU4" CO2="13917.22" CO="343.90" HC="1.91" NOx="6.44" PMx="0.34" fuel="5.98" electricity="0.00" noise="117.20" route="routebottom" type="cfm-fast" waiting="0.00" lane="bottom_0" pos="1.41" speed="3.27" angle="91.94" x="66.79" y="-4.87"/>
        <vehicle id="cfm-fast_1" eclass="HBEFA3/PC_G_EU4" CO2="13917.22" CO="343.90" HC="1.91" NOx="6.44" PMx="0.34" fuel="5.98" electricity="0.00" noise="117.20" route="routebottom" type="cfm-fast" waiting="0.00" lane="bottom_0" pos="17.24" speed="3.27" angle="63.43" x="99.06" y="4.90"/>
        <vehicle id="cfm-fast_2" eclass="HBEFA3/PC_G_EU4" CO2="13917.22" CO="343.90" HC="1.91" NOx="6.44" PMx="0.34" fuel="5.98" electricity="0.00" noise="117.20" route="routebottom" type="cfm-fast" waiting="0.00" lane="bottom_0" pos="33.08" speed="3.27" angle="34.99" x="122.78" y="28.86"/>
        <vehicle id="cfm-fast_3" eclass="HBEFA3/PC_G_EU4" CO2="13917.22" CO="343.90" HC="1.91" NOx="6.44" PMx="0.34" fuel="5.98" electricity="0.00" noise="117.20" route="routebottom" type="cfm-fast" waiting="0.00" lane="bottom_0" pos="48.91" speed="3.27" angle="6.54" x="132.23" y="61.22"/>
        <vehicle id="cfm-fast_4" eclass="HBEFA3/PC_G_EU4" CO2="13917.22" CO="343.90" HC="1.91" NOx="6.44" PMx="0.34" fuel="5.98" electricity="0.00" noise="117.20" route="routeright" type="cfm-fast" waiting="0.00" lane="right_0" pos="14.74" speed="3.27" angle="337.90" x="125.02" y="94.35"/>
        <vehicle id="cfm-fast_5" eclass="HBEFA3/PC_G_EU4" CO2="13917.22" CO="343.90" HC="1.91" NOx="6.44" PMx="0.34" fuel="5.98" electricity="0.00" noise="117.20" route="routeright" type="cfm-fast" waiting="0.00" lane="right_0" pos="30.58" speed="3.27" angle="309.44" x="102.99" y="119.87"/>
        <vehicle id="cfm-slow_0" eclass="HBEFA3/PC_G_EU4" CO2="13917.22" CO="343.90" HC="1.91" NOx="6.44" PMx="0.34" fuel="5.98" electricity="0.00" noise="117.20" route="routeright" type="cfm-slow" waiting="0.00" lane="right_0" pos="46.41" speed="3.27" angle="281.07" x="71.47" y="131.83"/>
        <vehicle id="cfm-slow_1" eclass="HBEFA3/PC_G_EU4" CO2="13917.22" CO="343.90" HC="1.91" NOx="6.44" PMx="0.34" fuel="5.98" electricity="0.00" noise="117.20" route="routetop" type="cfm-slow" waiting="0.00" lane="top_0" pos="12.24" speed="3.27" angle="252.40" x="37.88" y="127.23"/>
        <vehicle id="cfm-slow_2" eclass="HBEFA3/PC_G_EU4" CO2="13917.22" CO="343.90" HC="1.91" NOx="6.44" PMx="0.34" fuel="5.98" electricity="0.00" noise="117.20" route="routetop" type="cfm-slow" waiting="0.00" lane="top_0" pos="28.08" speed="3.27" angle="223.92" x="10.71" y="107.28"/>
        <vehicle id="cfm-slow_3" eclass="HBEFA3/PC_G_EU4" CO2="13917.22" CO="343.90" HC="1.91" NOx="6.44" PMx="0.34" fuel="5.98" electricity="0.00" noise="117.20" route="routetop" type="cfm-slow" waiting="0.00" lane="top_0" pos="43.91" speed="3.27" angle="195.56" x="-3.68" y="76.78"/>
        <vehicle id="cfm-slow_4" eclass="HBEFA3/PC_G_EU4" CO2="13917.22" CO="343.90" HC="1.91" NOx="6.44" PMx="0.34" fuel="5.98" electricity="0.00" noise="117.20" route="routeleft" type="cfm-slow" waiting="0.00" lane="left_0" pos="9.74" speed="3.27" angle="166.87" x="-1.73" y="42.94"/>
        <vehicle id="cfm-slow_5" eclass="HBEFA3/PC_G_EU4" CO2="13917.22" CO="343.90" HC="1.91" NOx="6.44" PMx="0.34" fuel="5.98" electricity="0.00" noise="117.20" route="routeleft" type="cfm-slow" waiting="0.00" lane="left_0" pos="25.58" speed="3.27" angle="138.48" x="16.03" y="14.28"/>
    </timestep>
    <timestep time="0.25">
        <vehicle id="cfm-fast_0" eclass="HBEFA3/PC_G_EU4" CO2="14391.39" CO="351.63" HC="1.95" NOx="6.66" PMx="0.36" fuel="6.19" electricity="0.00" noise="117.26" route="routebottom" type="cfm-fast" waiting="0.00" lane="bottom_0" pos="1.44" speed="3.41" angle="91.88" x="66.86" y="-4.86"/>
        <vehicle id="cfm-fast_1" eclass="HBEFA3/PC_G_EU4" CO2="14391.39" CO="351.63" HC="1.95" NOx="6.66" PMx="0.36" fuel="6.19" electricity="0.00" noise="117.26" route="routebottom" type="cfm-fast" waiting="0.00" lane="bottom_0" pos="17.28" speed="3.41" angle="63.36" x="99.12" y="4.94"/>
        <vehicle id="cfm-fast_2" eclass="HBEFA3/PC_G_EU4" CO2="14391.39" CO="351.63" HC="1.95" NOx="6.66" PMx="0.36" fuel="6.19" electricity="0.00" noise="117.26" route="routebottom" type="cfm-fast" waiting="0.00" lane="bottom_0" pos="33.11" speed="3.41" angle="34.92" x="122.82" y="28.92"/>
        <vehicle id="cfm-fast_3" eclass="HBEFA3/PC_G_EU4" CO2="14391.39" CO="351.63" HC="1.95" NOx="6.66" PMx="0.36" fuel="6.19" electricity="0.00" noise="117.26" route="routebottom" type="cfm-fast" waiting="0.00" lane="bottom_0" pos="48.94" speed="3.41" angle="6.48" x="132.23" y="61.30"/>
        <vehicle id="cfm-fast_4" eclass="HBEFA3/PC_G_EU4" CO2="14391.39" CO="351.63" HC="1.95" NOx="6.66" PMx="0.36" fuel="6.19" electricity="0.00" noise="117.26" route="routeright" type="cfm-fast" waiting="0.00" lane="right_0" pos="14.78" speed="3.41" angle="337.84" x="124.99" y="94.41"/>
        <vehicle id="cfm-fast_5" eclass="HBEFA3/PC_G_EU4" CO2="14391.39" CO="351.63" HC="1.95" NOx="6.66" PMx="0.36" fuel="6.19" electricity="0.00" noise="117.26" route="routeright" type="cfm-fast" waiting="0.00" lane="right_0" pos="30.61" speed="3.41" angle="309.38" x="102.93" y="119.91"/>
        <vehicle id="cfm-slow_0" eclass="HBEFA3/PC_G_EU4" CO2="14391.39" CO="351.63" HC="1.95" NOx="6.66" PMx="0.36" fuel="6.19" electricity="0.00" noise="117.26" route="routeright" type="cfm-slow" waiting="0.00" lane="right_0" pos="46.44" speed="3.41" angle="281.00" x="71.40" y="131.83"/>
        <vehicle id="cfm-slow_1" eclass="HBEFA3/PC_G_EU4" CO2="14391.39" CO="351.63" HC="1.95" NOx="6.66" PMx="0.36" fuel="6.19" electricity="0.00" noise="117.26" route="routetop" type="cfm-slow" waiting="0.00" lane="top_0" pos="12.28" speed="3.41" angle="252.34" x="37.81" y="127.20"/>
        <vehicle id="cfm-slow_2" eclass="HBEFA3/PC_G_EU4" CO2="14391.39" CO="351.63" HC="1.95" NOx="6.66" PMx="0.36" fuel="6.19" electricity="0.00" noise="117.26" route="routetop" type="cfm-slow" waiting="0.00" lane="top_0" pos="28.11" speed="3.41" angle="223.87" x="10.66" y="107.22"/>
        <vehicle id="cfm-slow_3" eclass="HBEFA3/PC_G_EU4" CO2="14391.39" CO="351.63" HC="1.95" NOx="6.66" PMx="0.36" fuel="6.19" electricity="0.00" noise="117.26" route="routetop" type="cfm-slow" waiting="0.00" lane="top_0" pos="43.94" speed="3.41" angle="195.50" x="-3.69" y="76.71"/>
        <vehicle id="cfm-slow_4" eclass="HBEFA3/PC_G_EU4" CO2="14391.39" CO="351.63" HC="1.95" NOx="6.66" PMx="0.36" fuel="6.19" electricity="0.00" noise="117.26" route="routeleft" type="cfm-slow" waiting="0.00" lane="left_0" pos="9.78" speed="3.41" angle="166.81" x="-1.71" y="42.87"/>
        <vehicle id="cfm-slow_5" eclass="HBEFA3/PC_G_EU4" CO2="14391.39" CO="351.63" HC="1.95" NOx="6.66" PMx="0.36" fuel="6.19" electricity="0.00" noise="117.26" route="routeleft" type="cfm-slow" waiting="0.00" lane="left_0" pos="25.61" speed="3.41" angle="138.44" x="16.08" y="14.23"/>
    </timestep>
    <timestep time="0.26">
        <vehicle id="cfm-fast_0" eclass="HBEFA3/PC_G_EU4" CO2="14865.86" CO="359.38" HC="2.00" NOx="6.88" PMx="0.37" fuel="6.39" electricity="0.00" noise="117.31" route="routebottom" type="cfm-fast" waiting="0.00" lane="bottom_0" pos="1.48" speed="3.55" angle="91.82" x="66.94" y="-4.86"/>
        <vehicle id="cfm-fast_1" eclass="HBEFA3/PC_G_EU4" CO2="14865.86" CO="359.38" HC="2.00" NOx="6.88" PMx="0.37" fuel="6.39" electricity="0.00" noise="117.31" route="routebottom" type="cfm-fast" waiting="0.00" lane="bottom_0" pos="17.31" speed="3.55" angle="63.30" x="99.19" y="4.98"/>
        <vehicle id="cfm-fast_2" eclass="HBEFA3/PC_G_EU4" CO2="14865.86" CO="359.38" HC="2.00" NOx="6.88" PMx="0.37" fuel="6.39" electricity="0.00" noise="117.31" route="routebottom" type="cfm-fast" waiting="0.00" lane="bottom_0" pos="33.15" speed="3.55" angle="34.86" x="122.86" y="28.99"/>
        <vehicle id="cfm-fast_3" eclass="HBEFA3/PC_G_EU4" CO2="14865.86" CO="359.38" HC="2.00" NOx="6.88" PMx="0.37" fuel="6.39" electricity="0.00" noise="117.31" route="routebottom" type="cfm-fast" waiting="0.00" lane="bottom_0" pos="48.98" speed="3.55" angle="6.41" x="132.23" y="61.37"/>
        <vehicle id="cfm-fast_4" eclass="HBEFA3/PC_G_EU4" CO2="14865.86" CO="359.38" HC="2.00" NOx="6.88" PMx="0.37" fuel="6.39" electricity="0.00" noise="117.31" route="routeright" type="cfm-fast" waiting="0.00" lane="right_0" pos="14.81" speed="3.55" angle="337.77" x="124.95" y="94.48"/>
        <vehicle id="cfm-fast_5" eclass="HBEFA3/PC_G_EU4" CO2="14865.86" CO="359.38" HC="2.00" NOx="6.88" PMx="0.37" fuel="6.39" electricity="0.00" noise="117.31" route="routeright" type="cfm-fast" waiting="0.00" lane="right_0" pos="30.65" speed="3.55" angle="309.32" x="102.87" y="119.96"/>
        <vehicle id="cfm-slow_0" eclass="HBEFA3/PC_G_EU4" CO2="14865.86" CO="359.38" HC="2.00" NOx="6.88" PMx="0.37" fuel="6.39" electricity="0.00" noise="117.31" route="routeright" type="cfm-slow" waiting="0.00" lane="right_0" pos="46.48" speed="3.55" angle="280.94" x="71.32" y="131.84"/>
        <vehicle id="cfm-slow_1" eclass="HBEFA3/PC_G_EU4" CO2="14865.86" CO="359.38" HC="2.00" NOx="6.88" PMx="0.37" fuel="6.39" electricity="0.00" noise="117.31" route="routetop" type="cfm-slow" waiting="0.00" lane="top_0" pos="12.31" speed="3.55" angle="252.28" x="37.74" y="127.18"/>
        <vehicle id="cfm-slow_2" eclass="HBEFA3/PC_G_EU4" CO2="14865.86" CO="359.38" HC="2.00" NOx="6.88" PMx="0.37" fuel="6.39" electricity="0.00" noise="117.31" route="routetop" type="cfm-slow" waiting="0.00" lane="top_0" pos="28.15" speed="3.55" angle="223.83" x="10.61" y="107.17"/>
        <vehicle id="cfm-slow_3" eclass="HBEFA3/PC_G_EU4" CO2="14865.86" CO="359.38" HC="2.00" NOx="6.88" PMx="0.37" fuel="6.39" electricity="0.00" noise="117.31" route="routetop" type="cfm-slow" waiting="0.00" lane="top_0" pos="43.98" speed="3.55" angle="195.43" x="-3.71" y="76.64"/>
        <vehicle id="cfm-slow_4" eclass="HBEFA3/PC_G_EU4" CO2="14865.86" CO="359.38" HC="2.00" NOx="6.88" PMx="0.37" fuel="6.39" electricity="0.00" noise="117.31" route="routeleft" type="cfm-slow" waiting="0.00" lane="left_0" pos="9.81" speed="3.55" angle="166.74" x="-1.69" y="42.80"/>
        <vehicle id="cfm-slow_5" eclass="HBEFA3/PC_G_EU4" CO2="14865.86" CO="359.38" HC="2.00" NOx="6.88" PMx="0.37" fuel="6.39" electricity="0.00" noise="117.31" route="routeleft" type="cfm-slow" waiting="0.00" lane="left_0" pos="25.65" speed="3.55" angle="138.38" x="16.14" y="14.17"/>
    </timestep>
    <timestep time="0.27">
        <vehicle id="cfm-fast_0" eclass="HBEFA3/PC_G_EU4" CO2="15340.61" CO="367.16" HC="2.05" NOx="7.10" PMx="0.38" fuel="6.59" electricity="0.00" noise="117.37" route="routebottom" type="cfm-fast" waiting="0.00" lane="bottom_0" pos="1.52" speed="3.68" angle="91.75" x="67.02" y="-4.86"/>
        <vehicle id="cfm-fast_1" eclass="HBEFA3/PC_G_EU4" CO2="15340.61" CO="367.16" HC="2.05" NOx="7.10" PMx="0.38" fuel="6.59" electricity="0.00" noise="117.37" route="routebottom" type="cfm-fast" waiting="0.00" lane="bottom_0" pos="17.35" speed="3.68" angle="63.23" x="99.25" y="5.02"/>
        <vehicle id="cfm-fast_2" eclass="HBEFA3/PC_G_EU4" CO2="15340.61" CO="367.16" HC="2.05" NOx="7.10" PMx="0.38" fuel="6.59" electricity="0.00" noise="117.37" route="routebottom" type="cfm-fast" waiting="0.00" lane="bottom_0" pos="33.18" speed="3.68" angle="34.79" x="122.90" y="29.05"/>
        <vehicle id="cfm-fast_3" eclass="HBEFA3/PC_G_EU4" CO2="15340.61" CO="367.16" HC="2.05" NOx="7.10" PMx="0.38" fuel="6.59" electricity="0.00" noise="117.37" route="routebottom" type="cfm-fast" waiting="0.00" lane="bottom_0" pos="49.02" speed="3.68" angle="6.34" x="132.23" y="61.45"/>
        <vehicle id="cfm-fast_4" eclass="HBEFA3/PC_G_EU4" CO2="15340.61" CO="367.16" HC="2.05" NOx="7.10" PMx="0.38" fuel="6.59" electricity="0.00" noise="117.37" route="routeright" type="cfm-fast" waiting="0.00" lane="right_0" pos="14.85" speed="3.68" angle="337.70" x="124.92" y="94.55"/>
        <vehicle id="cfm-fast_5" eclass="HBEFA3/PC_G_EU4" CO2="15340.61" CO="367.16" HC="2.05" NOx="7.10" PMx="0.38" fuel="6.59" electricity="0.00" noise="117.37" route="routeright" type="cfm-fast" waiting="0.00" lane="right_0" pos="30.68" speed="3.68" angle="309.26" x="102.80" y="120.00"/>
        <vehicle id="cfm-slow_0" eclass="HBEFA3/PC_G_EU4" CO2="15340.61" CO="367.16" HC="2.05" NOx="7.10" PMx="0.38" fuel="6.59" electricity="0.00" noise="117.37" route="routeright" type="cfm-slow" waiting="0.00" lane="right_0" pos="46.52" speed="3.68" angle="280.87" x="71.24" y="131.85"/>
        <vehicle id="cfm-slow_1" eclass="HBEFA3/PC_G_EU4" CO2="15340.61" CO="367.16" HC="2.05" NOx="7.10" PMx="0.38" fuel="6.59" electricity="0.00" noise="117.37" route="routetop" type="cfm-slow" waiting="0.00" lane="top_0" pos="12.35" speed="3.68" angle="252.21" x="37.67" y="127.15"/>
        <vehicle id="cfm-slow_2" eclass="HBEFA3/PC_G_EU4" CO2="15340.61" CO="367.16" HC="2.05" NOx="7.10" PMx="0.38" fuel="6.59" electricity="0.00" noise="117.37" route="routetop" type="cfm-slow" waiting="0.00" lane="top_0" pos="28.18" speed="3.68" angle="223.78" x="10.56" y="107.10"/>
        <vehicle id="cfm-slow_3" eclass="HBEFA3/PC_G_EU4" CO2="15340.61" CO="367.16" HC="2.05" NOx="7.10" PMx="0.38" fuel="6.59" electricity="0.00" noise="117.37" route="routetop" type="cfm-slow" waiting="0.00" lane="top_0" pos="44.02" speed="3.68" angle="195.36" x="-3.72" y="76.56"/>
        <vehicle id="cfm-slow_4" eclass="HBEFA3/PC_G_EU4" CO2="15340.61" CO="367.16" HC="2.05" NOx="7.10" PMx="0.38" fuel="6.59" electricity="0.00" noise="117.37" route="routeleft" type="cfm-slow" waiting="0.00" lane="left_0" pos="9.85" speed="3.68" angle="166.67" x="-1.66" y="42.72"/>
        <vehicle id="cfm-slow_5" eclass="HBEFA3/PC_G_EU4" CO2="15340.61" CO="367.16" HC="2.05" NOx="7.10" PMx="0.38" fuel="6.59" electricity="0.00" noise="117.37" route="routeleft" type="cfm-slow" waiting="0.00" lane="left_0" pos="25.68" speed="3.68" angle="138.32" x="16.20" y="14.12"/>
    </timestep>
    <timestep time="0.28">
        <vehicle id="cfm-fast_0" eclass="HBEFA3/PC_G_EU4" CO2="15815.66" CO="374.96" HC="2.09" NOx="7.32" PMx="0.39" fuel="6.80" electricity="0.00" noise="117.42" route="routebottom" type="cfm-fast" waiting="0.00" lane="bottom_0" pos="1.55" speed="3.82" angle="91.68" x="67.10" y="-4.85"/>
        <vehicle id="cfm-fast_1" eclass="HBEFA3/PC_G_EU4" CO2="15815.66" CO="374.96" HC="2.09" NOx="7.32" PMx="0.39" fuel="6.80" electricity="0.00" noise="117.42" route="routebottom" type="cfm-fast" waiting="0.00" lane="bottom_0" pos="17.39" speed="3.82" angle="63.16" x="99.33" y="5.06"/>
        <vehicle id="cfm-fast_2" eclass="HBEFA3/PC_G_EU4" CO2="15815.66" CO="374.96" HC="2.09" NOx="7.32" PMx="0.39" fuel="6.80" electricity="0.00" noise="117.42" route="routebottom" type="cfm-fast" waiting="0.00" lane="bottom_0" pos="33.22" speed="3.82" angle="34.72" x="122.94" y="29.12"/>
        <vehicle id="cfm-fast_3" eclass="HBEFA3/PC_G_EU4" CO2="15815.66" CO="374.96" HC="2.09" NOx="7.32" PMx="0.39" fuel="6.80" electricity="0.00" noise="117.42" route="routebottom" type="cfm-fast" waiting="0.00" lane="bottom_0" pos="49.05" speed="3.82" angle="6.27" x="132.23" y="61.53"/>
        <vehicle id="cfm-fast_4" eclass="HBEFA3/PC_G_EU4" CO2="15815.66" CO="374.96" HC="2.09" NOx="7.32" PMx="0.39" fuel="6.80" electricity="0.00" noise="117.42" route="routeright" type="cfm-fast" waiting="0.00" lane="right_0" pos="14.89" speed="3.82" angle="337.63" x="124.88" y="94.62"/>
        <vehicle id="cfm-fast_5" eclass="HBEFA3/PC_G_EU4" CO2="15815.66" CO="374.96" HC="2.09" NOx="7.32" PMx="0.39" fuel="6.80" electricity="0.00" noise="117.42" route="routeright" type="cfm-fast" waiting="0.00" lane="right_0" pos="30.72" speed="3.82" angle="309.21" x="102.74" y="120.05"/>
        <vehicle id="cfm-slow_0" eclass="HBEFA3/PC_G_EU4" CO2="15815.66" CO="374.96" HC="2.09" NOx="7.32" PMx="0.39" fuel="6.80" electricity="0.00" noise="117.42" route="routeright" type="cfm-slow" waiting="0.00" lane="right_0" pos="46.55" speed="3.82" angle="280.80" x="71.16" y="131.86"/>
        <vehicle id="cfm-slow_1" eclass="HBEFA3/PC_G_EU4" CO2="15815.66" CO="374.96" HC="2.09" NOx="7.32" PMx="0.39" fuel="6.80" electricity="0.00" noise="117.42" route="routetop" type="cfm-slow" waiting="0.00" lane="top_0" pos="12.39" speed="3.82" angle="252.14" x="37.59" y="127.12"/>
        <vehicle id="cfm-slow_2" eclass="HBEFA3/PC_G_EU4" CO2="15815.66" CO="374.96" HC="2.09" NOx="7.32" PMx="0.39" fuel="6.80" electricity="0.00" noise="117.42" route="routetop" type="cfm-slow" waiting="0.00" lane="top_0" pos="28.22" speed="3.82" angle="223.72" x="10.50" y="107.04"/>
        <vehicle id="cfm-slow_3" eclass="HBEFA3/PC_G_EU4" CO2="15815.66" CO="374.96" HC="2.09" NOx="7.32" PMx="0.39" fuel="6.80" electricity="0.00" noise="117.42" route="routetop" type="cfm-slow" waiting="0.00" lane="top_0" pos="44.05" speed="3.82" angle="195.29" x="-3.74" y="76.48"/>
        <vehicle id="cfm-slow_4" eclass="HBEFA3/PC_G_EU4" CO2="15815.66" CO="374.96" HC="2.09" NOx="7.32" PMx="0.39" fuel="6.80" electricity="0.00" noise="117.42" route="routeleft" type="cfm-slow" waiting="0.00" lane="left_0" pos="9.89" speed="3.82" angle="166.60" x="-1.64" y="42.64"/>
        <vehicle id="cfm-slow_5" eclass="HBEFA3/PC_G_EU4" CO2="15815.66" CO="374.96" HC="2.09" NOx="7.32" PMx="0.39" fuel="6.80" electricity="0.00" noise="117.42" route="routeleft" type="cfm-slow" waiting="0.00" lane="left_0" pos="25.72" speed="3.82" angle="138.24" x="16.26" y="14.06"/>
    </timestep>
    <timestep time="0.29">
        <vehicle id="cfm-fast_0" eclass="HBEFA3/PC_G_EU4" CO2="16290.99" CO="382.78" HC="2.14" NOx="7.54" PMx="0.40" fuel="7.00" electricity="0.00" noise="117.48" route="routebottom" type="cfm-fast" waiting="0.00" lane="bottom_0" pos="1.59" speed="3.95" angle="91.61" x="67.19" y="-4.85"/>
        <vehicle id="cfm-fast_1" eclass="HBEFA3/PC_G_EU4" CO2="16290.99" CO="382.78" HC="2.14" NOx="7.54" PMx="0.40" fuel="7.00" electricity="0.00" noise="117.48" route="routebottom" type="cfm-fast" waiting="0.00" lane="bottom_0" pos="17.43" speed="3.95" angle="63.09" x="99.40" y="5.10"/>
        <vehicle id="cfm-fast_2" eclass="HBEFA3/PC_G_EU4" CO2="16290.99" CO="382.78" HC="2.14" NOx="7.54" PMx="0.40" fuel="7.00" electricity="0.00" noise="117.48" route="routebottom" type="cfm-fast" waiting="0.00" lane="bottom_0" pos="33.26" speed="3.95" angle="34.66" x="122.98" y="29.20"/>
        <vehicle id="cfm-fast_3" eclass="HBEFA3/PC_G_EU4" CO2="16290.99" CO="382.78" HC="2.14" NOx="7.54" PMx="0.40" fuel="7.00" electricity="0.00" noise="117.48" route="routebottom" type="cfm-fast" waiting="0.00" lane="bottom_0" pos="49.09" speed="3.95" angle="6.20" x="132.23" y="61.62"/>
        <vehicle id="cfm-fast_4" eclass="HBEFA3/PC_G_EU4" CO2="16290.99" CO="382.78" HC="2.14" NOx="7.54" PMx="0.40" fuel="7.00" electricity="0.00" noise="117.48" route="routeright" type="cfm-fast" waiting="0.00" lane="right_0" pos="14.93" speed="3.95" angle="337.55" x="124.84" y="94.70"/>
        <vehicle id="cfm-fast_5" eclass="HBEFA3/PC_G_EU4" CO2="16290.99" CO="382.78" HC="2.14" NOx="7.54" PMx="0.40" fuel="7.00" electricity="0.00" noise="117.48" route="routeright" type="cfm-fast" waiting="0.00" lane="right_0" pos="30.76" speed="3.95" angle="309.15" x="102.67" y="120.10"/>
        <vehicle id="cfm-slow_0" eclass="HBEFA3/PC_G_EU4" CO2="16290.99" CO="382.78" HC="2.14" NOx="7.54" PMx="0.40" fuel="7.00" electricity="0.00" noise="117.48" route="routeright" type="cfm-slow" waiting="0.00" lane="right_0" pos="46.59" speed="3.95" angle="280.73" x="71.07" y="131.87"/>
        <vehicle id="cfm-slow_1" eclass="HBEFA3/PC_G_EU4" CO2="16290.99" CO="382.78" HC="2.14" NOx="7.54" PMx="0.40" fuel="7.00" electricity="0.00" noise="117.48" route="routetop" type="cfm-slow" waiting="0.00" lane="top_0" pos="12.43" speed="3.95" angle="252.07" x="37.52" y="127.08"/>
        <vehicle id="cfm-slow_2" eclass="HBEFA3/PC_G_EU4" CO2="16290.99" CO="382.78" HC="2.14" NOx="7.54" PMx="0.40" fuel="7.00" electricity="0.00" noise="117.48" route="routetop" type="cfm-slow" waiting="0.00" lane="top_0" pos="28.26" speed="3.95" angle="223.65" x="10.45" y="106.97"/>
        <vehicle id="cfm-slow_3" eclass="HBEFA3/PC_G_EU4" CO2="16290.99" CO="382.78" HC="2.14" NOx="7.54" PMx="0.40" fuel="7.00" electricity="0.00" noise="117.48" route="routetop" type="cfm-slow" waiting="0.00" lane="top_0" pos="44.09" speed="3.95" angle="195.22" x="-3.75" y="76.39"/>
        <vehicle id="cfm-slow_4" eclass="HBEFA3/PC_G_EU4" CO2="16290.99" CO="382.78" HC="2.14" NOx="7.54" PMx="0.40" fuel="7.00" electricity="0.00" noise="117.48" route="routeleft" type="cfm-slow" waiting="0.00" lane="left_0" pos="9.93" speed="3.95" angle="166.53" x="-1.62" y="42.56"/>
        <vehicle id="cfm-slow_5" eclass="HBEFA3/PC_G_EU4" CO2="16290.99" CO="382.78" HC="2.14" NOx="7.54" PMx="0.40" fuel="7.00" electricity="0.00" noise="117.48" route="routeleft" type="cfm-slow" waiting="0.00" lane="left_0" pos="25.76" speed="3.95" angle="138.17" x="16.32" y="14.01"/>
    </timestep>
    <timestep time="0.30">
        <vehicle id="cfm-fast_0" eclass="HBEFA3/PC_G_EU4" CO2="16766.62" CO="390.62" HC="2.19" NOx="7.77" PMx="0.41" fuel="7.21" electricity="0.00" noise="117.53" route="routebottom" type="cfm-fast" waiting="0.00" lane="bottom_0" pos="1.63" speed="4.09" angle="91.54" x="67.27" y="-4.84"/>
        <vehicle id="cfm-fast_1" eclass="HBEFA3/PC_G_EU4" CO2="16766.62" CO="390.62" HC="2.19" NOx="7.77" PMx="0.41" fuel="7.21" electricity="0.00" noise="117.53" route="routebottom" type="cfm-fast" waiting="0.00" lane="bottom_0" pos="17.47" speed="4.09" angle="63.01" x="99.47" y="5.15"/>
        <vehicle id="cfm-fast_2" eclass="HBEFA3/PC_G_EU4" CO2="16766.62" CO="390.62" HC="2.19" NOx="7.77" PMx="0.41" fuel="7.21" electricity="0.00" noise="117.53" route="routebottom" type="cfm-fast" waiting="0.00" lane="bottom_0" pos="33.30" speed="4.09" angle="34.60" x="123.03" y="29.27"/>
        <vehicle id="cfm-fast_3" eclass="HBEFA3/PC_G_EU4" CO2="16766.62" CO="390.62" HC="2.19" NOx="7.77" PMx="0.41" fuel="7.21" electricity="0.00" noise="117.53" route="routebottom" type="cfm-fast" waiting="0.00" lane="bottom_0" pos="49.13" speed="4.09" angle="6.12" x="132.23" y="61.71"/>
        <vehicle id="cfm-fast_4" eclass="HBEFA3/PC_G_EU4" CO2="16766.62" CO="390.62" HC="2.19" NOx="7.77" PMx="0.41" fuel="7.21" electricity="0.00" noise="117.53" route="routeright" type="cfm-fast" waiting="0.00" lane="right_0" pos="14.97" speed="4.09" angle="337.48" x="124.80" y="94.78"/>
        <vehicle id="cfm-fast_5" eclass="HBEFA3/PC_G_EU4" CO2="16766.62" CO="390.62" HC="2.19" NOx="7.77" PMx="0.41" fuel="7.21" electricity="0.00" noise="117.53" route="routeright" type="cfm-fast" waiting="0.00" lane="right_0" pos="30.80" speed="4.09" angle="309.09" x="102.60" y="120.15"/>
        <vehicle id="cfm-slow_0" eclass="HBEFA3/PC_G_EU4" CO2="16766.62" CO="390.62" HC="2.19" NOx="7.77" PMx="0.41" fuel="7.21" electricity="0.00" noise="117.53" route="routeright" type="cfm-slow" waiting="0.00" lane="right_0" pos="46.63" speed="4.09" angle="280.65" x="70.99" y="131.88"/>
        <vehicle id="cfm-slow_1" eclass="HBEFA3/PC_G_EU4" CO2="16766.62" CO="390.62" HC="2.19" NOx="7.77" PMx="0.41" fuel="7.21" electricity="0.00" noise="117.53" route="routetop" type="cfm-slow" waiting="0.00" lane="top_0" pos="12.47" speed="4.09" angle="251.99" x="37.43" y="127.05"/>
        <vehicle id="cfm-slow_2" eclass="HBEFA3/PC_G_EU4" CO2="16766.62" CO="390.62" HC="2.19" NOx="7.77" PMx="0.41" fuel="7.21" electricity="0.00" noise="117.53" route="routetop" type="cfm-slow" waiting="0.00" lane="top_0" pos="28.30" speed="4.09" angle="223.58" x="10.40" y="106.91"/>
        <vehicle id="cfm-slow_3" eclass="HBEFA3/PC_G_EU4" CO2="16766.62" CO="390.62" HC="2.19" NOx="7.77" PMx="0.41" fuel="7.21" electricity="0.00" noise="117.53" route="routetop" type="cfm-slow" waiting="0.00" lane="top_0" pos="44.13" speed="4.09" angle="195.14" x="-3.77" y="76.31"/>
        <vehicle id="cfm-slow_4" eclass="HBEFA3/PC_G_EU4" CO2="16766.62" CO="390.62" HC="2.19" NOx="7.77" PMx="0.41" fuel="7.21" electricity="0.00" noise="117.53" route="routeleft" type="cfm-slow" waiting="0.00" lane="left_0" pos="9.97" speed="4.09" angle="166.45" x="-1.59" y="42.48"/>
        <vehicle id="cfm-slow_5" eclass="HBEFA3/PC_G_EU4" CO2="16766.62" CO="390.62" HC="2.19" NOx="7.77" PMx="0.41" fuel="7.21" electricity="0.00" noise="117.53" route="routeleft" type="cfm-slow" waiting="0.00" lane="left_0" pos="25.80" speed="4.09" angle="138.10" x="16.38" y="13.95"/>
    </timestep>
    <timestep time="0.31">
        <vehicle id="cfm-fast_0" eclass="HBEFA3/PC_G_EU4" CO2="17242.54" CO="398.48" HC="2.24" NOx="7.99" PMx="0.43" fuel="7.41" electricity="0.00" noise="117.59" route="routebottom" type="cfm-fast" waiting="0.00" lane="bottom_0" pos="1.68" speed="4.23" angle="91.46" x="67.36" y="-4.84"/>
        <vehicle id="cfm-fast_1" eclass="HBEFA3/PC_G_EU4" CO2="17242.54" CO="398.48" HC="2.24" NOx="7.99" PMx="0.43" fuel="7.41" electricity="0.00" noise="117.59" route="routebottom" type="cfm-fast" waiting="0.00" lane="bottom_0" pos="17.51" speed="4.23" angle="62.94" x="99.55" y="5.20"/>
        <vehicle id="cfm-fast_2" eclass="HBEFA3/PC_G_EU4" CO2="17242.54" CO="398.48" HC="2.24" NOx="7.99" PMx="0.43" fuel="7.41" electricity="0.00" noise="117.59" route="routebottom" type="cfm-fast" waiting="0.00" lane="bottom_0" pos="33.34" speed="4.23" angle="34.54" x="123.08" y="29.35"/>
        <vehicle id="cfm-fast_3" eclass="HBEFA3/PC_G_EU4" CO2="17242.54" CO="398.48" HC="2.24" NOx="7.99" PMx="0.43" fuel="7.41" electricity="0.00" noise="117.59" route="routebottom" type="cfm-fast" waiting="0.00" lane="bottom_0" pos="49.18" speed="4.23" angle="6.04" x="132.24" y="61.80"/>
        <vehicle id="cfm-fast_4" eclass="HBEFA3/PC_G_EU4" CO2="17242.54" CO="398.48" HC="2.24" NOx="7.99" PMx="0.43" fuel="7.41" electricity="0.00" noise="117.59" route="routeright" type="cfm-fast" waiting="0.00" lane="right_0" pos="15.01" speed="4.23" angle="337.39" x="124.76" y="94.86"/>
        <vehicle id="cfm-fast_5" eclass="HBEFA3/PC_G_EU4" CO2="17242.54" CO="398.48" HC="2.24" NOx="7.99" PMx="0.43" fuel="7.41" electricity="0.00" noise="117.59" route="routeright" type="cfm-fast" waiting="0.00" lane="right_0" pos="30.84" speed="4.23" angle="309.01" x="102.52" y="120.20"/>
        <vehicle id="cfm-slow_0" eclass="HBEFA3/PC_G_EU4" CO2="17242.54" CO="398.48" HC="2.24" NOx="7.99" PMx="0.43" fuel="7.41" electricity="0.00" noise="117.59" route="routeright" type="cfm-slow" waiting="0.00" lane="right_0" pos="46.68" speed="4.23" angle="280.58" x="70.90" y="131.89"/>
        <vehicle id="cfm-slow_1" eclass="HBEFA3/PC_G_EU4" CO2="17242.54" CO="398.48" HC="2.24" NOx="7.99" PMx="0.43" fuel="7.41" electricity="0.00" noise="117.59" route="routetop" type="cfm-slow" waiting="0.00" lane="top_0" pos="12.51" speed="4.23" angle="251.92" x="37.35" y="127.02"/>
        <vehicle id="cfm-slow_2" eclass="HBEFA3/PC_G_EU4" CO2="17242.54" CO="398.48" HC="2.24" NOx="7.99" PMx="0.43" fuel="7.41" electricity="0.00" noise="117.59" route="routetop" type="cfm-slow" waiting="0.00" lane="top_0" pos="28.34" speed="4.23" angle="223.50" x="10.34" y="106.83"/>
        <vehicle id="cfm-slow_3" eclass="HBEFA3/PC_G_EU4" CO2="17242.54" CO="398.48" HC="2.24" NOx="7.99" PMx="0.43" fuel="7.41" electricity="0.00" noise="117.59" route="routetop" type="cfm-slow" waiting="0.00" lane="top_0" pos="44.18" speed="4.23" angle="195.06" x="-3.78" y="76.22"/>
        <vehicle id="cfm-slow_4" eclass="HBEFA3/PC_G_EU4" CO2="17242.54" CO="398.48" HC="2.24" NOx="7.99" PMx="0.43" fuel="7.41" electricity="0.00" noise="117.59" route="routeleft" type="cfm-slow" waiting="0.00" lane="left_0" pos="10.01" speed="4.23" angle="166.37" x="-1.56" y="42.39"/>
        <vehicle id="cfm-slow_5" eclass="HBEFA3/PC_G_EU4" CO2="17242.54" CO="398.48" HC="2.24" NOx="7.99" PMx="0.43" fuel="7.41" electricity="0.00" noise="117.59" route="routeleft" type="cfm-slow" waiting="0.00" lane="left_0" pos="25.84" speed="4.23" angle="138.02" x="16.45" y="13.89"/>
    </timestep>
    <timestep time="0.32">
        <vehicle id="cfm-fast_0" eclass="HBEFA3/PC_G_EU4" CO2="17718.76" CO="406.36" HC="2.28" NOx="8.21" PMx="0.44" fuel="7.62" electricity="0.00" noise="117.64" route="routebottom" type="cfm-fast" waiting="0.00" lane="bottom_0" pos="1.72" speed="4.36" angle="91.39" x="67.46" y="-4.83"/>
        <vehicle id="cfm-fast_1" eclass="HBEFA3/PC_G_EU4" CO2="17718.76" CO="406.36" HC="2.28" NOx="8.21" PMx="0.44" fuel="7.62" electricity="0.00" noise="117.64" route="routebottom" type="cfm-fast" waiting="0.00" lane="bottom_0" pos="17.55" speed="4.36" angle="62.86" x="99.63" y="5.24"/>
        <vehicle id="cfm-fast_2" eclass="HBEFA3/PC_G_EU4" CO2="17718.76" CO="406.36" HC="2.28" NOx="8.21" PMx="0.44" fuel="7.62" electricity="0.00" noise="117.64" route="routebottom" type="cfm-fast" waiting="0.00" lane="bottom_0" pos="33.39" speed="4.36" angle="34.46" x="123.12" y="29.43"/>
        <vehicle id="cfm-fast_3" eclass="HBEFA3/PC_G_EU4" CO2="17718.76" CO="406.36" HC="2.28" NOx="8.21" PMx="0.44" fuel="7.62" electricity="0.00" noise="117.64" route="routebottom" type="cfm-fast" waiting="0.00" lane="bottom_0" pos="49.22" speed="4.36" angle="5.96" x="132.24" y="61.89"/>
        <vehicle id="cfm-fast_4" eclass="HBEFA3/PC_G_EU4" CO2="17718.76" CO="406.36" HC="2.28" NOx="8.21" PMx="0.44" fuel="7.62" electricity="0.00" noise="117.64" route="routeright" type="cfm-fast" waiting="0.00" lane="right_0" pos="15.05" speed="4.36" angle="337.31" x="124.72" y="94.94"/>
        <vehicle id="cfm-fast_5" eclass="HBEFA3/PC_G_EU4" CO2="17718.76" CO="406.36" HC="2.28" NOx="8.21" PMx="0.44" fuel="7.62" electricity="0.00" noise="117.64" route="routeright" type="cfm-fast" waiting="0.00" lane="right_0" pos="30.89" speed="4.36" angle="308.93" x="102.44" y="120.25"/>
        <vehicle id="cfm-slow_0" eclass="HBEFA3/PC_G_EU4" CO2="17718.76" CO="406.36" HC="2.28" NOx="8.21" PMx="0.44" fuel="7.62" electricity="0.00" noise="117.64" route="routeright" type="cfm-slow" waiting="0.00" lane="right_0" pos="46.72" speed="4.36" angle="280.50" x="70.80" y="131.89"/>
        <vehicle id="cfm-slow_1" eclass="HBEFA3/PC_G_EU4" CO2="17718.76" CO="406.36" HC="2.28" NOx="8.21" PMx="0.44" fuel="7.62" electricity="0.00" noise="117.64" route="routetop" type="cfm-slow" waiting="0.00" lane="top_0" pos="12.55" speed="4.36" angle="251.84" x="37.26" y="126.98"/>
        <vehicle id="cfm-slow_2" eclass="HBEFA3/PC_G_EU4" CO2="17718.76" CO="406.36" HC="2.28" NOx="8.21" PMx="0.44" fuel="7.62" electricity="0.00" noise="117.64" route="routetop" type="cfm-slow" waiting="0.00" lane="top_0" pos="28.39" speed="4.36" angle="223.42" x="10.28" y="106.76"/>
        <vehicle id="cfm-slow_3" eclass="HBEFA3/PC_G_EU4" CO2="17718.76" CO="406.36" HC="2.28" NOx="8.21" PMx="0.44" fuel="7.62" electricity="0.00" noise="117.64" route="routetop" type="cfm-slow" waiting="0.00" lane="top_0" pos="44.22" speed="4.36" angle="194.98" x="-3.80" y="76.13"/>
        <vehicle id="cfm-slow_4" eclass="HBEFA3/PC_G_EU4" CO2="17718.76" CO="406.36" HC="2.28" NOx="8.21" PMx="0.44" fuel="7.62" electricity="0.00" noise="117.64" route="routeleft" type="cfm-slow" waiting="0.00" lane="left_0" pos="10.05" speed="4.36" angle="166.29" x="-1.53" y="42.30"/>
        <vehicle id="cfm-slow_5" eclass="HBEFA3/PC_G_EU4" CO2="17718.76" CO="406.36" HC="2.28" NOx="8.21" PMx="0.44" fuel="7.62" electricity="0.00" noise="117.64" route="routeleft" type="cfm-slow" waiting="0.00" lane="left_0" pos="25.89" speed="4.36" angle="137.94" x="16.52" y="13.82"/>
    </timestep>
    <timestep time="0.33">
        <vehicle id="cfm-fast_0" eclass="HBEFA3/PC_G_EU4" CO2="18195.26" CO="414.27" HC="2.33" NOx="8.43" PMx="0.45" fuel="7.82" electricity="0.00" noise="117.70" route="routebottom" type="cfm-fast" waiting="0.00" lane="bottom_0" pos="1.76" speed="4.50" angle="91.31" x="67.55" y="-4.82"/>
        <vehicle id="cfm-fast_1" eclass="HBEFA3/PC_G_EU4" CO2="18195.26" CO="414.27" HC="2.33" NOx="8.43" PMx="0.45" fuel="7.82" electricity="0.00" noise="117.70" route="routebottom" type="cfm-fast" waiting="0.00" lane="bottom_0" pos="17.60" speed="4.50" angle="62.77" x="99.71" y="5.29"/>
        <vehicle id="cfm-fast_2" eclass="HBEFA3/PC_G_EU4" CO2="18195.26" CO="414.27" HC="2.33" NOx="8.43" PMx="0.45" fuel="7.82" electricity="0.00" noise="117.70" route="routebottom" type="cfm-fast" waiting="0.00" lane="bottom_0" pos="33.43" speed="4.50" angle="34.38" x="123.17" y="29.52"/>
        <vehicle id="cfm-fast_3" eclass="HBEFA3/PC_G_EU4" CO2="18195.26" CO="414.27" HC="2.33" NOx="8.43" PMx="0.45" fuel="7.82" electricity="0.00" noise="117.70" route="routebottom" type="cfm-fast" waiting="0.00" lane="bottom_0" pos="49.27" speed="4.50" angle="5.88" x="132.24" y="61.99"/>
        <vehicle id="cfm-fast_4" eclass="HBEFA3/PC_G_EU4" CO2="18195.26" CO="414.27" HC="2.33" NOx="8.43" PMx="0.45" fuel="7.82" electricity="0.00" noise="117.70" route="routeright" type="cfm-fast" waiting="0.00" lane="right_0" pos="15.10" speed="4.50" angle="337.23" x="124.68" y="95.03"/>
        <vehicle id="cfm-fast_5" eclass="HBEFA3/PC_G_EU4" CO2="18195.26" CO="414.27" HC="2.33" NOx="8.43" PMx="0.45" fuel="7.82" electricity="0.00" noise="117.70" route="routeright" type="cfm-fast" waiting="0.00" lane="right_0" pos="30.93" speed="4.50" angle="308.85" x="102.36" y="120.31"/>
        <vehicle id="cfm-slow_0" eclass="HBEFA3/PC_G_EU4" CO2="18195.26" CO="414.27" HC="2.33" NOx="8.43" PMx="0.45" fuel="7.82" electricity="0.00" noise="117.70" route="routeright" type="cfm-slow" waiting="0.00" lane="right_0" pos="46.77" speed="4.50" angle="280.41" x="70.71" y="131.90"/>
        <vehicle id="cfm-slow_1" eclass="HBEFA3/PC_G_EU4" CO2="18195.26" CO="414.27" HC="2.33" NOx="8.43" PMx="0.45" fuel="7.82" electricity="0.00" noise="117.70" route="routetop" type="cfm-slow" waiting="0.00" lane="top_0" pos="12.60" speed="4.50" angle="251.76" x="37.17" y="126.95"/>
        <vehicle id="cfm-slow_2" eclass="HBEFA3/PC_G_EU4" CO2="18195.26" CO="414.27" HC="2.33" NOx="8.43" PMx="0.45" fuel="7.82" electricity="0.00" noise="117.70" route="routetop" type="cfm-slow" waiting="0.00" lane="top_0" pos="28.43" speed="4.50" angle="223.34" x="10.22" y="106.68"/>
        <vehicle id="cfm-slow_3" eclass="HBEFA3/PC_G_EU4" CO2="18195.26" CO="414.27" HC="2.33" NOx="8.43" PMx="0.45" fuel="7.82" electricity="0.00" noise="117.70" route="routetop" type="cfm-slow" waiting="0.00" lane="top_0" pos="44.27" speed="4.50" angle="194.90" x="-3.82" y="76.03"/>
        <vehicle id="cfm-slow_4" eclass="HBEFA3/PC_G_EU4" CO2="18195.26" CO="414.27" HC="2.33" NOx="8.43" PMx="0.45" fuel="7.82" electricity="0.00" noise="117.70" route="routeleft" type="cfm-slow" waiting="0.00" lane="left_0" pos="10.10" speed="4.50" angle="166.21" x="-1.51" y="42.21"/>
        <vehicle id="cfm-slow_5" eclass="HBEFA3/PC_G_EU4" CO2="18195.26" CO="414.27" HC="2.33" NOx="8.43" PMx="0.45" fuel="7.82" electricity="0.00" noise="117.70" route="routeleft" type="cfm-slow" waiting="0.00" lane="left_0" pos="25.93" speed="4.50" angle="137.85" x="16.59" y="13.76"/>
    </timestep>
    <timestep time="0.34">
        <vehicle id="cfm-fast_0" eclass="HBEFA3/PC_G_EU4" CO2="18672.06" CO="422.19" HC="2.38" NOx="8.65" PMx="0.46" fuel="8.03" electricity="0.00" noise="117.75" route="routebottom" type="cfm-fast" waiting="0.00" lane="bottom_0" pos="1.81" speed="4.64" angle="91.22" x="67.65" y="-4.82"/>
        <vehicle id="cfm-fast_1" eclass="HBEFA3/PC_G_EU4" CO2="18672.06" CO="422.19" HC="2.38" NOx="8.65" PMx="0.46" fuel="8.03" electricity="0.00" noise="117.75" route="routebottom" type="cfm-fast" waiting="0.00" lane="bottom_0" pos="17.64" speed="4.64" angle="62.69" x="99.80" y="5.35"/>
        <vehicle id="cfm-fast_2" eclass="HBEFA3/PC_G_EU4" CO2="18672.06" CO="422.19" HC="2.38" NOx="8.65" PMx="0.46" fuel="8.03" electricity="0.00" noise="117.75" route="routebottom" type="cfm-fast" waiting="0.00" lane="bottom_0" pos="33.48" speed="4.64" angle="34.29" x="123.22" y="29.61"/>
        <vehicle id="cfm-fast_3" eclass="HBEFA3/PC_G_EU4" CO2="18672.06" CO="422.19" HC="2.38" NOx="8.65" PMx="0.46" fuel="8.03" electricity="0.00" noise="117.75" route="routebottom" type="cfm-fast" waiting="0.00" lane="bottom_0" pos="49.31" speed="4.64" angle="5.79" x="132.24" y="62.09"/>
        <vehicle id="cfm-fast_4" eclass="HBEFA3/PC_G_EU4" CO2="18672.06" CO="422.19" HC="2.38" NOx="8.65" PMx="0.46" fuel="8.03" electricity="0.00" noise="117.75" route="routeright" type="cfm-fast" waiting="0.00" lane="right_0" pos="15.14" speed="4.64" angle="337.14" x="124.63" y="95.12"/>
        <vehicle id="cfm-fast_5" eclass="HBEFA3/PC_G_EU4" CO2="18672.06" CO="422.19" HC="2.38" NOx="8.65" PMx="0.46" fuel="8.03" electricity="0.00" noise="117.75" route="routeright" type="cfm-fast" waiting="0.00" lane="right_0" pos="30.98" speed="4.64" angle="308.77" x="102.28" y="120.36"/>
        <vehicle id="cfm-slow_0" eclass="HBEFA3/PC_G_EU4" CO2="18672.06" CO="422.19" HC="2.38" NOx="8.65" PMx="0.46" fuel="8.03" electricity="0.00" noise="117.75" route="routeright" type="cfm-slow" waiting="0.00" lane="right_0" pos="46.81" speed="4.64" angle="280.33" x="70.61" y="131.91"/>
        <vehicle id="cfm-slow_1" eclass="HBEFA3/PC_G_EU4" CO2="18672.06" CO="422.19" HC="2.38" NOx="8.65" PMx="0.46" fuel="8.03" electricity="0.00" noise="117.75" route="routetop" type="cfm-slow" waiting="0.00" lane="top_0" pos="12.64" speed="4.64" angle="251.67" x="37.08" y="126.91"/>
        <vehicle id="cfm-slow_2" eclass="HBEFA3/PC_G_EU4" CO2="18672.06" CO="422.19" HC="2.38" NOx="8.65" PMx="0.46" fuel="8.03" electricity="0.00" noise="117.75" route="routetop" type="cfm-slow" waiting="0.00" lane="top_0" pos="28.48" speed="4.64" angle="223.25" x="10.16" y="106.61"/>
        <vehicle id="cfm-slow_3" eclass="HBEFA3/PC_G_EU4" CO2="18672.06" CO="422.19" HC="2.38" NOx="8.65" PMx="0.46" fuel="8.03" electricity="0.00" noise="117.75" route="routetop" type="cfm-slow" waiting="0.00" lane="top_0" pos="44.31" speed="4.64" angle="194.81" x="-3.84" y="75.93"/>
        <vehicle id="cfm-slow_4" eclass="HBEFA3/PC_G_EU4" CO2="18672.06" CO="422.19" HC="2.38" NOx="8.65" PMx="0.46" fuel="8.03" electricity="0.00" noise="117.75" route="routeleft" type="cfm-slow" waiting="0.00" lane="left_0" pos="10.14" speed="4.64" angle="166.15" x="-1.48" y="42.11"/>
        <vehicle id="cfm-slow_5" eclass="HBEFA3/PC_G_EU4" CO2="18672.06" CO="422.19" HC="2.38" NOx="8.65" PMx="0.46" fuel="8.03" electricity="0.00" noise="117.75" route="routeleft" type="cfm-slow" waiting="0.00" lane="left_0" pos="25.98" speed="4.64" angle="137.77" x="16.66" y="13.69"/>
    </timestep>
    <timestep time="0.35">
        <vehicle id="cfm-fast_0" eclass="HBEFA3/PC_G_EU4" CO2="19149.15" CO="430.14" HC="2.43" NOx="8.87" PMx="0.47" fuel="8.23" electricity="0.00" noise="117.81" route="routebottom" type="cfm-fast" waiting="0.00" lane="bottom_0" pos="1.86" speed="4.77" angle="91.14" x="67.76" y="-4.81"/>
        <vehicle id="cfm-fast_1" eclass="HBEFA3/PC_G_EU4" CO2="19149.15" CO="430.14" HC="2.43" NOx="8.87" PMx="0.47" fuel="8.23" electricity="0.00" noise="117.81" route="routebottom" type="cfm-fast" waiting="0.00" lane="bottom_0" pos="17.69" speed="4.77" angle="62.60" x="99.89" y="5.40"/>
        <vehicle id="cfm-fast_2" eclass="HBEFA3/PC_G_EU4" CO2="19149.15" CO="430.14" HC="2.43" NOx="8.87" PMx="0.47" fuel="8.23" electricity="0.00" noise="117.81" route="routebottom" type="cfm-fast" waiting="0.00" lane="bottom_0" pos="33.53" speed="4.77" angle="34.21" x="123.27" y="29.70"/>
        <vehicle id="cfm-fast_3" eclass="HBEFA3/PC_G_EU4" CO2="19149.15" CO="430.14" HC="2.43" NOx="8.87" PMx="0.47" fuel="8.23" electricity="0.00" noise="117.81" route="routebottom" type="cfm-fast" waiting="0.00" lane="bottom_0" pos="49.36" speed="4.77" angle="5.70" x="132.24" y="62.19"/>
        <vehicle id="cfm-fast_4" eclass="HBEFA3/PC_G_EU4" CO2="19149.15" CO="430.14" HC="2.43" NOx="8.87" PMx="0.47" fuel="8.23" electricity="0.00" noise="117.81" route="routeright" type="cfm-fast" waiting="0.00" lane="right_0" pos="15.19" speed="4.77" angle="337.05" x="124.58" y="95.21"/>
        <vehicle id="cfm-fast_5" eclass="HBEFA3/PC_G_EU4" CO2="19149.15" CO="430.14" HC="2.43" NOx="8.87" PMx="0.47" fuel="8.23" electricity="0.00" noise="117.81" route="routeright" type="cfm-fast" waiting="0.00" lane="right_0" pos="31.03" speed="4.77" angle="308.68" x="102.19" y="120.42"/>
        <vehicle id="cfm-slow_0" eclass="HBEFA3/PC_G_EU4" CO2="19149.15" CO="430.14" HC="2.43" NOx="8.87" PMx="0.47" fuel="8.23" electricity="0.00" noise="117.81" route="routeright" type="cfm-slow" waiting="0.00" lane="right_0" pos="46.86" speed="4.77" angle="280.24" x="70.51" y="131.93"/>
        <vehicle id="cfm-slow_1" eclass="HBEFA3/PC_G_EU4" CO2="19149.15" CO="430.14" HC="2.43" NOx="8.87" PMx="0.47" fuel="8.23" electricity="0.00" noise="117.81" route="routetop" type="cfm-slow" waiting="0.00" lane="top_0" pos="12.69" speed="4.77" angle="251.60" x="36.98" y="126.87"/>
        <vehicle id="cfm-slow_2" eclass="HBEFA3/PC_G_EU4" CO2="19149.15" CO="430.14" HC="2.43" NOx="8.87" PMx="0.47" fuel="8.23" electricity="0.00" noise="117.81" route="routetop" type="cfm-slow" waiting="0.00" lane="top_0" pos="28.53" speed="4.77" angle="223.17" x="10.10" y="106.52"/>
        <vehicle id="cfm-slow_3" eclass="HBEFA3/PC_G_EU4" CO2="19149.15" CO="430.14" HC="2.43" NOx="8.87" PMx="0.47" fuel="8.23" electricity="0.00" noise="117.81" route="routetop" type="cfm-slow" waiting="0.00" lane="top_0" pos="44.36" speed="4.77" angle="194.72" x="-3.85" y="75.83"/>
        <vehicle id="cfm-slow_4" eclass="HBEFA3/PC_G_EU4" CO2="19149.15" CO="430.14" HC="2.43" NOx="8.87" PMx="0.47" fuel="8.23" electricity="0.00" noise="117.81" route="routeleft" type="cfm-slow" waiting="0.00" lane="left_0" pos="10.19" speed="4.77" angle="166.08" x="-1.45" y="42.01"/>
        <vehicle id="cfm-slow_5" eclass="HBEFA3/PC_G_EU4" CO2="19149.15" CO="430.14" HC="2.43" NOx="8.87" PMx="0.47" fuel="8.23" electricity="0.00" noise="117.81" route="routeleft" type="cfm-slow" waiting="0.00" lane="left_0" pos="26.03" speed="4.77" angle="137.68" x="16.74" y="13.62"/>
    </timestep>
    <timestep time="0.36">
        <vehicle id="cfm-fast_0" eclass="HBEFA3/PC_G_EU4" CO2="19626.53" CO="438.11" HC="2.48" NOx="9.09" PMx="0.49" fuel="8.44" electricity="0.00" noise="117.87" route="routebottom" type="cfm-fast" waiting="0.00" lane="bottom_0" pos="1.91" speed="4.91" angle="91.05" x="67.86" y="-4.81"/>
        <vehicle id="cfm-fast_1" eclass="HBEFA3/PC_G_EU4" CO2="19626.53" CO="438.11" HC="2.48" NOx="9.09" PMx="0.49" fuel="8.44" electricity="0.00" noise="117.87" route="routebottom" type="cfm-fast" waiting="0.00" lane="bottom_0" pos="17.74" speed="4.91" angle="62.51" x="99.98" y="5.45"/>
        <vehicle id="cfm-fast_2" eclass="HBEFA3/PC_G_EU4" CO2="19626.53" CO="438.11" HC="2.48" NOx="9.09" PMx="0.49" fuel="8.44" electricity="0.00" noise="117.87" route="routebottom" type="cfm-fast" waiting="0.00" lane="bottom_0" pos="33.57" speed="4.91" angle="34.12" x="123.32" y="29.79"/>
        <vehicle id="cfm-fast_3" eclass="HBEFA3/PC_G_EU4" CO2="19626.53" CO="438.11" HC="2.48" NOx="9.09" PMx="0.49" fuel="8.44" electricity="0.00" noise="117.87" route="routebottom" type="cfm-fast" waiting="0.00" lane="bottom_0" pos="49.41" speed="4.91" angle="5.61" x="132.25" y="62.30"/>
        <vehicle id="cfm-fast_4" eclass="HBEFA3/PC_G_EU4" CO2="19626.53" CO="438.11" HC="2.48" NOx="9.09" PMx="0.49" fuel="8.44" electricity="0.00" noise="117.87" route="routeright" type="cfm-fast" waiting="0.00" lane="right_0" pos="15.24" speed="4.91" angle="336.96" x="124.54" y="95.31"/>
        <vehicle id="cfm-fast_5" eclass="HBEFA3/PC_G_EU4" CO2="19626.53" CO="438.11" HC="2.48" NOx="9.09" PMx="0.49" fuel="8.44" electricity="0.00" noise="117.87" route="routeright" type="cfm-fast" waiting="0.00" lane="right_0" pos="31.07" speed="4.91" angle="308.59" x="102.11" y="120.48"/>
        <vehicle id="cfm-slow_0" eclass="HBEFA3/PC_G_EU4" CO2="19626.53" CO="438.11" HC="2.48" NOx="9.09" PMx="0.49" fuel="8.44" electricity="0.00" noise="117.87" route="routeright" type="cfm-slow" waiting="0.00" lane="right_0" pos="46.91" speed="4.91" angle="280.15" x="70.40" y="131.94"/>
        <vehicle id="cfm-slow_1" eclass="HBEFA3/PC_G_EU4" CO2="19626.53" CO="438.11" HC="2.48" NOx="9.09" PMx="0.49" fuel="8.44" electricity="0.00" noise="117.87" route="routetop" type="cfm-slow" waiting="0.00" lane="top_0" pos="12.74" speed="4.91" angle="251.53" x="36.89" y="126.83"/>
        <vehicle id="cfm-slow_2" eclass="HBEFA3/PC_G_EU4" CO2="19626.53" CO="438.11" HC="2.48" NOx="9.09" PMx="0.49" fuel="8.44" electricity="0.00" noise="117.87" route="routetop" type="cfm-slow" waiting="0.00" lane="top_0" pos="28.57" speed="4.91" angle="223.08" x="10.03" y="106.44"/>
        <vehicle id="cfm-slow_3" eclass="HBEFA3/PC_G_EU4" CO2="19626.53" CO="438.11" HC="2.48" NOx="9.09" PMx="0.49" fuel="8.44" electricity="0.00" noise="117.87" route="routetop" type="cfm-slow" waiting="0.00" lane="top_0" pos="44.41" speed="4.91" angle="194.63" x="-3.87" y="75.73"/>
        <vehicle id="cfm-slow_4" eclass="HBEFA3/PC_G_EU4" CO2="19626.53" CO="438.11" HC="2.48" NOx="9.09" PMx="0.49" fuel="8.44" electricity="0.00" noise="117.87" route="routeleft" type="cfm-slow" waiting="0.00" lane="left_0" pos="10.24" speed="4.91" angle="166.01" x="-1.41" y="41.91"/>
        <vehicle id="cfm-slow_5" eclass="HBEFA3/PC_G_EU4" CO2="19626.53" CO="438.11" HC="2.48" NOx="9.09" PMx="0.49" fuel="8.44" electricity="0.00" noise="117.87" route="routeleft" type="cfm-slow" waiting="0.00" lane="left_0" pos="26.07" speed="4.91" angle="137.59" x="16.82" y="13.55"/>
    </timestep>
    <timestep time="0.37">
        <vehicle id="cfm-fast_0" eclass="HBEFA3/PC_G_EU4" CO2="20104.21" CO="446.10" HC="2.52" NOx="9.31" PMx="0.50" fuel="8.64" electricity="0.00" noise="117.92" route="routebottom" type="cfm-fast" waiting="0.00" lane="bottom_0" pos="1.96" speed="5.05" angle="90.96" x="67.97" y="-4.80"/>
        <vehicle id="cfm-fast_1" eclass="HBEFA3/PC_G_EU4" CO2="20104.21" CO="446.10" HC="2.52" NOx="9.31" PMx="0.50" fuel="8.64" electricity="0.00" noise="117.92" route="routebottom" type="cfm-fast" waiting="0.00" lane="bottom_0" pos="17.79" speed="5.05" angle="62.42" x="100.07" y="5.51"/>
        <vehicle id="cfm-fast_2" eclass="HBEFA3/PC_G_EU4" CO2="20104.21" CO="446.10" HC="2.52" NOx="9.31" PMx="0.50" fuel="8.64" electricity="0.00" noise="117.92" route="routebottom" type="cfm-fast" waiting="0.00" lane="bottom_0" pos="33.63" speed="5.05" angle="34.02" x="123.37" y="29.88"/>
        <vehicle id="cfm-fast_3" eclass="HBEFA3/PC_G_EU4" CO2="20104.21" CO="446.10" HC="2.52" NOx="9.31" PMx="0.50" fuel="8.64" electricity="0.00" noise="117.92" route="routebottom" type="cfm-fast" waiting="0.00" lane="bottom_0" pos="49.46" speed="5.05" angle="5.52" x="132.25" y="62.41"/>
        <vehicle id="cfm-fast_4" eclass="HBEFA3/PC_G_EU4" CO2="20104.21" CO="446.10" HC="2.52" NOx="9.31" PMx="0.50" fuel="8.64" electricity="0.00" noise="117.92" route="routeright" type="cfm-fast" waiting="0.00" lane="right_0" pos="15.29" speed="5.05" angle="336.89" x="124.49" y="95.40"/>
        <vehicle id="cfm-fast_5" eclass="HBEFA3/PC_G_EU4" CO2="20104.21" CO="446.10" HC="2.52" NOx="9.31" PMx="0.50" fuel="8.64" electricity="0.00" noise="117.92" route="routeright" type="cfm-fast" waiting="0.00" lane="right_0" pos="31.13" speed="5.05" angle="308.50" x="102.02" y="120.54"/>
        <vehicle id="cfm-slow_0" eclass="HBEFA3/PC_G_EU4" CO2="20104.21" CO="446.10" HC="2.52" NOx="9.31" PMx="0.50" fuel="8.64" electricity="0.00" noise="117.92" route="routeright" type="cfm-slow" waiting="0.00" lane="right_0" pos="46.96" speed="5.05" angle="280.06" x="70.29" y="131.95"/>
        <vehicle id="cfm-slow_1" eclass="HBEFA3/PC_G_EU4" CO2="20104.21" CO="446.10" HC="2.52" NOx="9.31" PMx="0.50" fuel="8.64" electricity="0.00" noise="117.92" route="routetop" type="cfm-slow" waiting="0.00" lane="top_0" pos="12.79" speed="5.05" angle="251.46" x="36.79" y="126.79"/>
        <vehicle id="cfm-slow_2" eclass="HBEFA3/PC_G_EU4" CO2="20104.21" CO="446.10" HC="2.52" NOx="9.31" PMx="0.50" fuel="8.64" electricity="0.00" noise="117.92" route="routetop" type="cfm-slow" waiting="0.00" lane="top_0" pos="28.63" speed="5.05" angle="222.98" x="9.97" y="106.36"/>
        <vehicle id="cfm-slow_3" eclass="HBEFA3/PC_G_EU4" CO2="20104.21" CO="446.10" HC="2.52" NOx="9.31" PMx="0.50" fuel="8.64" electricity="0.00" noise="117.92" route="routetop" type="cfm-slow" waiting="0.00" lane="top_0" pos="44.46" speed="5.05" angle="194.54" x="-3.89" y="75.62"/>
        <vehicle id="cfm-slow_4" eclass="HBEFA3/PC_G_EU4" CO2="20104.21" CO="446.10" HC="2.52" NOx="9.31" PMx="0.50" fuel="8.64" electricity="0.00" noise="117.92" route="routeleft" type="cfm-slow" waiting="0.00" lane="left_0" pos="10.29" speed="5.05" angle="165.92" x="-1.38" y="41.81"/>
        <vehicle id="cfm-slow_5" eclass="HBEFA3/PC_G_EU4" CO2="20104.21" CO="446.10" HC="2.52" NOx="9.31" PMx="0.50" fuel="8.64" electricity="0.00" noise="117.92" route="routeleft" type="cfm-slow" waiting="0.00" lane="left_0" pos="26.13" speed="5.05" angle="137.49" x="16.90" y="13.47"/>
    </timestep>
    <timestep time="0.38">
        <vehicle id="cfm-fast_0" eclass="HBEFA3/PC_G_EU4" CO2="20582.17" CO="454.12" HC="2.57" NOx="9.54" PMx="0.51" fuel="8.85" electricity="0.00" noise="117.98" route="routebottom" type="cfm-fast" waiting="0.00" lane="bottom_0" pos="2.01" speed="5.18" angle="90.87" x="68.08" y="-4.79"/>
        <vehicle id="cfm-fast_1" eclass="HBEFA3/PC_G_EU4" CO2="20582.17" CO="454.12" HC="2.57" NOx="9.54" PMx="0.51" fuel="8.85" electricity="0.00" noise="117.98" route="routebottom" type="cfm-fast" waiting="0.00" lane="bottom_0" pos="17.84" speed="5.18" angle="62.35" x="100.17" y="5.57"/>
        <vehicle id="cfm-fast_2" eclass="HBEFA3/PC_G_EU4" CO2="20582.17" CO="454.12" HC="2.57" NOx="9.54" PMx="0.51" fuel="8.85" electricity="0.00" noise="117.98" route="routebottom" type="cfm-fast" waiting="0.00" lane="bottom_0" pos="33.68" speed="5.18" angle="33.93" x="123.42" y="29.98"/>
        <vehicle id="cfm-fast_3" eclass="HBEFA3/PC_G_EU4" CO2="20582.17" CO="454.12" HC="2.57" NOx="9.54" PMx="0.51" fuel="8.85" electricity="0.00" noise="117.98" route="routebottom" type="cfm-fast" waiting="0.00" lane="bottom_0" pos="49.51" speed="5.18" angle="5.42" x="132.25" y="62.52"/>
        <vehicle id="cfm-fast_4" eclass="HBEFA3/PC_G_EU4" CO2="20582.17" CO="454.12" HC="2.57" NOx="9.54" PMx="0.51" fuel="8.85" electricity="0.00" noise="117.98" route="routeright" type="cfm-fast" waiting="0.00" lane="right_0" pos="15.34" speed="5.18" angle="336.82" x="124.44" y="95.50"/>
        <vehicle id="cfm-fast_5" eclass="HBEFA3/PC_G_EU4" CO2="20582.17" CO="454.12" HC="2.57" NOx="9.54" PMx="0.51" fuel="8.85" electricity="0.00" noise="117.98" route="routeright" type="cfm-fast" waiting="0.00" lane="right_0" pos="31.18" speed="5.18" angle="308.41" x="101.92" y="120.60"/>
        <vehicle id="cfm-slow_0" eclass="HBEFA3/PC_G_EU4" CO2="20582.17" CO="454.12" HC="2.57" NOx="9.54" PMx="0.51" fuel="8.85" electricity="0.00" noise="117.98" route="routeright" type="cfm-slow" waiting="0.00" lane="right_0" pos="47.01" speed="5.18" angle="279.96" x="70.18" y="131.96"/>
        <vehicle id="cfm-slow_1" eclass="HBEFA3/PC_G_EU4" CO2="20582.17" CO="454.12" HC="2.57" NOx="9.54" PMx="0.51" fuel="8.85" electricity="0.00" noise="117.98" route="routetop" type="cfm-slow" waiting="0.00" lane="top_0" pos="12.84" speed="5.18" angle="251.37" x="36.68" y="126.75"/>
        <vehicle id="cfm-slow_2" eclass="HBEFA3/PC_G_EU4" CO2="20582.17" CO="454.12" HC="2.57" NOx="9.54" PMx="0.51" fuel="8.85" electricity="0.00" noise="117.98" route="routetop" type="cfm-slow" waiting="0.00" lane="top_0" pos="28.68" speed="5.18" angle="222.89" x="9.90" y="106.27"/>
        <vehicle id="cfm-slow_3" eclass="HBEFA3/PC_G_EU4" CO2="20582.17" CO="454.12" HC="2.57" NOx="9.54" PMx="0.51" fuel="8.85" electricity="0.00" noise="117.98" route="routetop" type="cfm-slow" waiting="0.00" lane="top_0" pos="44.51" speed="5.18" angle="194.44" x="-3.91" y="75.51"/>
        <vehicle id="cfm-slow_4" eclass="HBEFA3/PC_G_EU4" CO2="20582.17" CO="454.12" HC="2.57" NOx="9.54" PMx="0.51" fuel="8.85" electricity="0.00" noise="117.98" route="routeleft" type="cfm-slow" waiting="0.00" lane="left_0" pos="10.34" speed="5.18" angle="165.82" x="-1.34" y="41.71"/>
        <vehicle id="cfm-slow_5" eclass="HBEFA3/PC_G_EU4" CO2="20582.17" CO="454.12" HC="2.57" NOx="9.54" PMx="0.51" fuel="8.85" electricity="0.00" noise="117.98" route="routeleft" type="cfm-slow" waiting="0.00" lane="left_0" pos="26.18" speed="5.18" angle="137.40" x="16.98" y="13.40"/>
    </timestep>
    <timestep time="0.39">
        <vehicle id="cfm-fast_0" eclass="HBEFA3/PC_G_EU4" CO2="21060.43" CO="462.15" HC="2.62" NOx="9.76" PMx="0.52" fuel="9.05" electricity="0.00" noise="118.03" route="routebottom" type="cfm-fast" waiting="0.00" lane="bottom_0" pos="2.06" speed="5.32" angle="90.77" x="68.20" y="-4.79"/>
        <vehicle id="cfm-fast_1" eclass="HBEFA3/PC_G_EU4" CO2="21060.43" CO="462.15" HC="2.62" NOx="9.76" PMx="0.52" fuel="9.05" electricity="0.00" noise="118.03" route="routebottom" type="cfm-fast" waiting="0.00" lane="bottom_0" pos="17.90" speed="5.32" angle="62.28" x="100.27" y="5.63"/>
        <vehicle id="cfm-fast_2" eclass="HBEFA3/PC_G_EU4" CO2="21060.43" CO="462.15" HC="2.62" NOx="9.76" PMx="0.52" fuel="9.05" electricity="0.00" noise="118.03" route="routebottom" type="cfm-fast" waiting="0.00" lane="bottom_0" pos="33.73" speed="5.32" angle="33.83" x="123.48" y="30.08"/>
        <vehicle id="cfm-fast_3" eclass="HBEFA3/PC_G_EU4" CO2="21060.43" CO="462.15" HC="2.62" NOx="9.76" PMx="0.52" fuel="9.05" electricity="0.00" noise="118.03" route="routebottom" type="cfm-fast" waiting="0.00" lane="bottom_0" pos="49.56" speed="5.32" angle="5.32" x="132.25" y="62.63"/>
        <vehicle id="cfm-fast_4" eclass="HBEFA3/PC_G_EU4" CO2="21060.43" CO="462.15" HC="2.62" NOx="9.76" PMx="0.52" fuel="9.05" electricity="0.00" noise="118.03" route="routeright" type="cfm-fast" waiting="0.00" lane="right_0" pos="15.40" speed="5.32" angle="336.74" x="124.39" y="95.60"/>
        <vehicle id="cfm-fast_5" eclass="HBEFA3/PC_G_EU4" CO2="21060.43" CO="462.15" HC="2.62" NOx="9.76" PMx="0.52" fuel="9.05" electricity="0.00" noise="118.03" route="routeright" type="cfm-fast" waiting="0.00" lane="right_0" pos="31.23" speed="5.32" angle="308.31" x="101.83" y="120.66"/>
        <vehicle id="cfm-slow_0" eclass="HBEFA3/PC_G_EU4" CO2="21060.43" CO="462.15" HC="2.62" NOx="9.76" PMx="0.52" fuel="9.05" electricity="0.00" noise="118.03" route="routeright" type="cfm-slow" waiting="0.00" lane="right_0" pos="47.06" speed="5.32" angle="279.86" x="70.07" y="131.97"/>
        <vehicle id="cfm-slow_1" eclass="HBEFA3/PC_G_EU4" CO2="21060.43" CO="462.15" HC="2.62" NOx="9.76" PMx="0.52" fuel="9.05" electricity="0.00" noise="118.03" route="routetop" type="cfm-slow" waiting="0.00" lane="top_0" pos="12.90" speed="5.32" angle="251.27" x="36.58" y="126.70"/>
        <vehicle id="cfm-slow_2" eclass="HBEFA3/PC_G_EU4" CO2="21060.43" CO="462.15" HC="2.62" NOx="9.76" PMx="0.52" fuel="9.05" electricity="0.00" noise="118.03" route="routetop" type="cfm-slow" waiting="0.00" lane="top_0" pos="28.73" speed="5.32" angle="222.79" x="9.83" y="106.18"/>
        <vehicle id="cfm-slow_3" eclass="HBEFA3/PC_G_EU4" CO2="21060.43" CO="462.15" HC="2.62" NOx="9.76" PMx="0.52" fuel="9.05" electricity="0.00" noise="118.03" route="routetop" type="cfm-slow" waiting="0.00" lane="top_0" pos="44.56" speed="5.32" angle="194.34" x="-3.93" y="75.40"/>
        <vehicle id="cfm-slow_4" eclass="HBEFA3/PC_G_EU4" CO2="21060.43" CO="462.15" HC="2.62" NOx="9.76" PMx="0.52" fuel="9.05" electricity="0.00" noise="118.03" route="routeleft" type="cfm-slow" waiting="0.00" lane="left_0" pos="10.40" speed="5.32" angle="165.73" x="-1.30" y="41.60"/>
        <vehicle id="cfm-slow_5" eclass="HBEFA3/PC_G_EU4" CO2="21060.43" CO="462.15" HC="2.62" NOx="9.76" PMx="0.52" fuel="9.05" electricity="0.00" noise="118.03" route="routeleft" type="cfm-slow" waiting="0.00" lane="left_0" pos="26.23" speed="5.32" angle="137.30" x="17.06" y="13.32"/>
    </timestep>
    <timestep time="0.40">
        <vehicle id="cfm-fast_0" eclass="HBEFA3/PC_G_EU4" CO2="21538.98" CO="470.21" HC="2.67" NOx="9.98" PMx="0.53" fuel="9.26" electricity="0.00" noise="118.09" route="routebottom" type="cfm-fast" waiting="0.00" lane="bottom_0" pos="2.12" speed="5.45" angle="90.67" x="68.31" y="-4.78"/>
        <vehicle id="cfm-fast_1" eclass="HBEFA3/PC_G_EU4" CO2="21538.98" CO="470.21" HC="2.67" NOx="9.98" PMx="0.53" fuel="9.26" electricity="0.00" noise="118.09" route="routebottom" type="cfm-fast" waiting="0.00" lane="bottom_0" pos="17.95" speed="5.45" angle="62.20" x="100.37" y="5.69"/>
        <vehicle id="cfm-fast_2" eclass="HBEFA3/PC_G_EU4" CO2="21538.98" CO="470.21" HC="2.67" NOx="9.98" PMx="0.53" fuel="9.26" electricity="0.00" noise="118.09" route="routebottom" type="cfm-fast" waiting="0.00" lane="bottom_0" pos="33.78" speed="5.45" angle="33.73" x="123.53" y="30.18"/>
        <vehicle id="cfm-fast_3" eclass="HBEFA3/PC_G_EU4" CO2="21538.98" CO="470.21" HC="2.67" NOx="9.98" PMx="0.53" fuel="9.26" electricity="0.00" noise="118.09" route="routebottom" type="cfm-fast" waiting="0.00" lane="bottom_0" pos="49.62" speed="5.45" angle="5.22" x="132.25" y="62.75"/>
        <vehicle id="cfm-fast_4" eclass="HBEFA3/PC_G_EU4" CO2="21538.98" CO="470.21" HC="2.67" NOx="9.98" PMx="0.53" fuel="9.26" electricity="0.00" noise="118.09" route="routeright" type="cfm-fast" waiting="0.00" lane="right_0" pos="15.45" speed="5.45" angle="336.64" x="124.33" y="95.71"/>
        <vehicle id="cfm-fast_5" eclass="HBEFA3/PC_G_EU4" CO2="21538.98" CO="470.21" HC="2.67" NOx="9.98" PMx="0.53" fuel="9.26" electricity="0.00" noise="118.09" route="routeright" type="cfm-fast" waiting="0.00" lane="right_0" pos="31.28" speed="5.45" angle="308.22" x="101.73" y="120.73"/>
        <vehicle id="cfm-slow_0" eclass="HBEFA3/PC_G_EU4" CO2="21538.98" CO="470.21" HC="2.67" NOx="9.98" PMx="0.53" fuel="9.26" electricity="0.00" noise="118.09" route="routeright" type="cfm-slow" waiting="0.00" lane="right_0" pos="47.12" speed="5.45" angle="279.76" x="69.95" y="131.98"/>
        <vehicle id="cfm-slow_1" eclass="HBEFA3/PC_G_EU4" CO2="21538.98" CO="470.21" HC="2.67" NOx="9.98" PMx="0.53" fuel="9.26" electricity="0.00" noise="118.09" route="routetop" type="cfm-slow" waiting="0.00" lane="top_0" pos="12.95" speed="5.45" angle="251.17" x="36.47" y="126.65"/>
        <vehicle id="cfm-slow_2" eclass="HBEFA3/PC_G_EU4" CO2="21538.98" CO="470.21" HC="2.67" NOx="9.98" PMx="0.53" fuel="9.26" electricity="0.00" noise="118.09" route="routetop" type="cfm-slow" waiting="0.00" lane="top_0" pos="28.78" speed="5.45" angle="222.69" x="9.75" y="106.09"/>
        <vehicle id="cfm-slow_3" eclass="HBEFA3/PC_G_EU4" CO2="21538.98" CO="470.21" HC="2.67" NOx="9.98" PMx="0.53" fuel="9.26" electricity="0.00" noise="118.09" route="routetop" type="cfm-slow" waiting="0.00" lane="top_0" pos="44.62" speed="5.45" angle="194.24" x="-3.96" y="75.28"/>
        <vehicle id="cfm-slow_4" eclass="HBEFA3/PC_G_EU4" CO2="21538.98" CO="470.21" HC="2.67" NOx="9.98" PMx="0.53" fuel="9.26" electricity="0.00" noise="118.09" route="routeleft" type="cfm-slow" waiting="0.00" lane="left_0" pos="10.45" speed="5.45" angle="165.62" x="-1.26" y="41.49"/>
        <vehicle id="cfm-slow_5" eclass="HBEFA3/PC_G_EU4" CO2="21538.98" CO="470.21" HC="2.67" NOx="9.98" PMx="0.53" fuel="9.26" electricity="0.00" noise="118.09" route="routeleft" type="cfm-slow" waiting="0.00" lane="left_0" pos="26.28" speed="5.45" angle="137.20" x="17.15" y="13.24"/>
    </timestep>
    <timestep time="0.41">
        <vehicle id="cfm-fast_0" eclass="HBEFA3/PC_G_EU4" CO2="22017.82" CO="478.28" HC="2.72" NOx="10.20" PMx="0.55" fuel="9.46" electricity="0.00" noise="118.15" route="routebottom" type="cfm-fast" waiting="0.00" lane="bottom_0" pos="2.17" speed="5.59" angle="90.57" x="68.43" y="-4.77"/>
        <vehicle id="cfm-fast_1" eclass="HBEFA3/PC_G_EU4" CO2="22017.82" CO="478.28" HC="2.72" NOx="10.20" PMx="0.55" fuel="9.46" electricity="0.00" noise="118.15" route="routebottom" type="cfm-fast" waiting="0.00" lane="bottom_0" pos="18.01" speed="5.59" angle="62.09" x="100.47" y="5.75"/>
        <vehicle id="cfm-fast_2" eclass="HBEFA3/PC_G_EU4" CO2="22017.82" CO="478.28" HC="2.72" NOx="10.20" PMx="0.55" fuel="9.46" electricity="0.00" noise="118.15" route="routebottom" type="cfm-fast" waiting="0.00" lane="bottom_0" pos="33.84" speed="5.59" angle="33.63" x="123.59" y="30.29"/>
        <vehicle id="cfm-fast_3" eclass="HBEFA3/PC_G_EU4" CO2="22017.82" CO="478.28" HC="2.72" NOx="10.20" PMx="0.55" fuel="9.46" electricity="0.00" noise="118.15" route="routebottom" type="cfm-fast" waiting="0.00" lane="bottom_0" pos="49.67" speed="5.59" angle="5.11" x="132.26" y="62.87"/>
        <vehicle id="cfm-fast_4" eclass="HBEFA3/PC_G_EU4" CO2="22017.82" CO="478.28" HC="2.72" NOx="10.20" PMx="0.55" fuel="9.46" electricity="0.00" noise="118.15" route="routeright" type="cfm-fast" waiting="0.00" lane="right_0" pos="15.51" speed="5.59" angle="336.54" x="124.27" y="95.81"/>
        <vehicle id="cfm-fast_5" eclass="HBEFA3/PC_G_EU4" CO2="22017.82" CO="478.28" HC="2.72" NOx="10.20" PMx="0.55" fuel="9.46" electricity="0.00" noise="118.15" route="routeright" type="cfm-fast" waiting="0.00" lane="right_0" pos="31.34" speed="5.59" angle="308.11" x="101.63" y="120.80"/>
        <vehicle id="cfm-slow_0" eclass="HBEFA3/PC_G_EU4" CO2="22017.82" CO="478.28" HC="2.72" NOx="10.20" PMx="0.55" fuel="9.46" electricity="0.00" noise="118.15" route="routeright" type="cfm-slow" waiting="0.00" lane="right_0" pos="47.17" speed="5.59" angle="279.66" x="69.83" y="131.99"/>
        <vehicle id="cfm-slow_1" eclass="HBEFA3/PC_G_EU4" CO2="22017.82" CO="478.28" HC="2.72" NOx="10.20" PMx="0.55" fuel="9.46" electricity="0.00" noise="118.15" route="routetop" type="cfm-slow" waiting="0.00" lane="top_0" pos="13.01" speed="5.59" angle="251.07" x="36.36" y="126.60"/>
        <vehicle id="cfm-slow_2" eclass="HBEFA3/PC_G_EU4" CO2="22017.82" CO="478.28" HC="2.72" NOx="10.20" PMx="0.55" fuel="9.46" electricity="0.00" noise="118.15" route="routetop" type="cfm-slow" waiting="0.00" lane="top_0" pos="28.84" speed="5.59" angle="222.59" x="9.68" y="105.99"/>
        <vehicle id="cfm-slow_3" eclass="HBEFA3/PC_G_EU4" CO2="22017.82" CO="478.28" HC="2.72" NOx="10.20" PMx="0.55" fuel="9.46" electricity="0.00" noise="118.15" route="routetop" type="cfm-slow" waiting="0.00" lane="top_0" pos="44.67" speed="5.59" angle="194.13" x="-3.98" y="75.16"/>
        <vehicle id="cfm-slow_4" eclass="HBEFA3/PC_G_EU4" CO2="22017.82" CO="478.28" HC="2.72" NOx="10.20" PMx="0.55" fuel="9.46" electricity="0.00" noise="118.15" route="routeleft" type="cfm-slow" waiting="0.00" lane="left_0" pos="10.51" speed="5.59" angle="165.52" x="-1.22" y="41.37"/>
        <vehicle id="cfm-slow_5" eclass="HBEFA3/PC_G_EU4" CO2="22017.82" CO="478.28" HC="2.72" NOx="10.20" PMx="0.55" fuel="9.46" electricity="0.00" noise="118.15" route="routeleft" type="cfm-slow" waiting="0.00" lane="left_0" pos="26.34" speed="5.59" angle="137.09" x="17.24" y="13.16"/>
    </timestep>
    <timestep time="0.42">
        <vehicle id="cfm-fast_0" eclass="HBEFA3/PC_G_EU4" CO2="22496.95" CO="486.38" HC="2.77" NOx="10.43" PMx="0.56" fuel="9.67" electricity="0.00" noise="118.20" route="routebottom" type="cfm-fast" waiting="0.00" lane="bottom_0" pos="2.23" speed="5.73" angle="90.47" x="68.56" y="-4.77"/>
        <vehicle id="cfm-fast_1" eclass="HBEFA3/PC_G_EU4" CO2="22496.95" CO="486.38" HC="2.77" NOx="10.43" PMx="0.56" fuel="9.67" electricity="0.00" noise="118.20" route="routebottom" type="cfm-fast" waiting="0.00" lane="bottom_0" pos="18.06" speed="5.73" angle="61.98" x="100.57" y="5.82"/>
        <vehicle id="cfm-fast_2" eclass="HBEFA3/PC_G_EU4" CO2="22496.95" CO="486.38" HC="2.77" NOx="10.43" PMx="0.56" fuel="9.67" electricity="0.00" noise="118.20" route="routebottom" type="cfm-fast" waiting="0.00" lane="bottom_0" pos="33.90" speed="5.73" angle="33.52" x="123.65" y="30.40"/>
        <vehicle id="cfm-fast_3" eclass="HBEFA3/PC_G_EU4" CO2="22496.95" CO="486.38" HC="2.77" NOx="10.43" PMx="0.56" fuel="9.67" electricity="0.00" noise="118.20" route="routebottom" type="cfm-fast" waiting="0.00" lane="bottom_0" pos="49.73" speed="5.73" angle="5.01" x="132.26" y="62.99"/>
        <vehicle id="cfm-fast_4" eclass="HBEFA3/PC_G_EU4" CO2="22496.95" CO="486.38" HC="2.77" NOx="10.43" PMx="0.56" fuel="9.67" electricity="0.00" noise="118.20" route="routeright" type="cfm-fast" waiting="0.00" lane="right_0" pos="15.56" speed="5.73" angle="336.43" x="124.21" y="95.92"/>
        <vehicle id="cfm-fast_5" eclass="HBEFA3/PC_G_EU4" CO2="22496.95" CO="486.38" HC="2.77" NOx="10.43" PMx="0.56" fuel="9.67" electricity="0.00" noise="118.20" route="routeright" type="cfm-fast" waiting="0.00" lane="right_0" pos="31.40" speed="5.73" angle="308.01" x="101.53" y="120.86"/>
        <vehicle id="cfm-slow_0" eclass="HBEFA3/PC_G_EU4" CO2="22496.95" CO="486.38" HC="2.77" NOx="10.43" PMx="0.56" fuel="9.67" electricity="0.00" noise="118.20" route="routeright" type="cfm-slow" waiting="0.00" lane="right_0" pos="47.23" speed="5.73" angle="279.56" x="69.71" y="132.01"/>
        <vehicle id="cfm-slow_1" eclass="HBEFA3/PC_G_EU4" CO2="22496.95" CO="486.38" HC="2.77" NOx="10.43" PMx="0.56" fuel="9.67" electricity="0.00" noise="118.20" route="routetop" type="cfm-slow" waiting="0.00" lane="top_0" pos="13.06" speed="5.73" angle="250.96" x="36.25" y="126.55"/>
        <vehicle id="cfm-slow_2" eclass="HBEFA3/PC_G_EU4" CO2="22496.95" CO="486.38" HC="2.77" NOx="10.43" PMx="0.56" fuel="9.67" electricity="0.00" noise="118.20" route="routetop" type="cfm-slow" waiting="0.00" lane="top_0" pos="28.90" speed="5.73" angle="222.49" x="9.60" y="105.89"/>
        <vehicle id="cfm-slow_3" eclass="HBEFA3/PC_G_EU4" CO2="22496.95" CO="486.38" HC="2.77" NOx="10.43" PMx="0.56" fuel="9.67" electricity="0.00" noise="118.20" route="routetop" type="cfm-slow" waiting="0.00" lane="top_0" pos="44.73" speed="5.73" angle="194.03" x="-4.00" y="75.04"/>
        <vehicle id="cfm-slow_4" eclass="HBEFA3/PC_G_EU4" CO2="22496.95" CO="486.38" HC="2.77" NOx="10.43" PMx="0.56" fuel="9.67" electricity="0.00" noise="118.20" route="routeleft" type="cfm-slow" waiting="0.00" lane="left_0" pos="10.56" speed="5.73" angle="165.42" x="-1.18" y="41.26"/>
        <vehicle id="cfm-slow_5" eclass="HBEFA3/PC_G_EU4" CO2="22496.95" CO="486.38" HC="2.77" NOx="10.43" PMx="0.56" fuel="9.67" electricity="0.00" noise="118.20" route="routeleft" type="cfm-slow" waiting="0.00" lane="left_0" pos="26.40" speed="5.73" angle="136.99" x="17.33" y="13.08"/>
    </timestep>
    <timestep time="0.43">
        <vehicle id="cfm-fast_0" eclass="HBEFA3/PC_G_EU4" CO2="22976.38" CO="494.50" HC="2.82" NOx="10.65" PMx="0.57" fuel="9.88" electricity="0.00" noise="118.26" route="routebottom" type="cfm-fast" waiting="0.00" lane="bottom_0" pos="2.29" speed="5.86" angle="90.37" x="68.68" y="-4.76"/>
        <vehicle id="cfm-fast_1" eclass="HBEFA3/PC_G_EU4" CO2="22976.38" CO="494.50" HC="2.82" NOx="10.65" PMx="0.57" fuel="9.88" electricity="0.00" noise="118.26" route="routebottom" type="cfm-fast" waiting="0.00" lane="bottom_0" pos="18.12" speed="5.86" angle="61.87" x="100.67" y="5.89"/>
        <vehicle id="cfm-fast_2" eclass="HBEFA3/PC_G_EU4" CO2="22976.38" CO="494.50" HC="2.82" NOx="10.65" PMx="0.57" fuel="9.88" electricity="0.00" noise="118.26" route="routebottom" type="cfm-fast" waiting="0.00" lane="bottom_0" pos="33.96" speed="5.86" angle="33.41" x="123.71" y="30.51"/>
        <vehicle id="cfm-fast_3" eclass="HBEFA3/PC_G_EU4" CO2="22976.38" CO="494.50" HC="2.82" NOx="10.65" PMx="0.57" fuel="9.88" electricity="0.00" noise="118.26" route="routebottom" type="cfm-fast" waiting="0.00" lane="bottom_0" pos="49.79" speed="5.86" angle="4.90" x="132.26" y="63.12"/>
        <vehicle id="cfm-fast_4" eclass="HBEFA3/PC_G_EU4" CO2="22976.38" CO="494.50" HC="2.82" NOx="10.65" PMx="0.57" fuel="9.88" electricity="0.00" noise="118.26" route="routeright" type="cfm-fast" waiting="0.00" lane="right_0" pos="15.62" speed="5.86" angle="336.33" x="124.15" y="96.03"/>
        <vehicle id="cfm-fast_5" eclass="HBEFA3/PC_G_EU4" CO2="22976.38" CO="494.50" HC="2.82" NOx="10.65" PMx="0.57" fuel="9.88" electricity="0.00" noise="118.26" route="routeright" type="cfm-fast" waiting="0.00" lane="right_0" pos="31.46" speed="5.86" angle="307.91" x="101.42" y="120.93"/>
        <vehicle id="cfm-slow_0" eclass="HBEFA3/PC_G_EU4" CO2="22976.38" CO="494.50" HC="2.82" NOx="10.65" PMx="0.57" fuel="9.88" electricity="0.00" noise="118.26" route="routeright" type="cfm-slow" waiting="0.00" lane="right_0" pos="47.29" speed="5.86" angle="279.45" x="69.58" y="132.02"/>
        <vehicle id="cfm-slow_1" eclass="HBEFA3/PC_G_EU4" CO2="22976.38" CO="494.50" HC="2.82" NOx="10.65" PMx="0.57" fuel="9.88" electricity="0.00" noise="118.26" route="routetop" type="cfm-slow" waiting="0.00" lane="top_0" pos="13.12" speed="5.86" angle="250.86" x="36.13" y="126.50"/>
        <vehicle id="cfm-slow_2" eclass="HBEFA3/PC_G_EU4" CO2="22976.38" CO="494.50" HC="2.82" NOx="10.65" PMx="0.57" fuel="9.88" electricity="0.00" noise="118.26" route="routetop" type="cfm-slow" waiting="0.00" lane="top_0" pos="28.96" speed="5.86" angle="222.38" x="9.53" y="105.79"/>
        <vehicle id="cfm-slow_3" eclass="HBEFA3/PC_G_EU4" CO2="22976.38" CO="494.50" HC="2.82" NOx="10.65" PMx="0.57" fuel="9.88" electricity="0.00" noise="118.26" route="routetop" type="cfm-slow" waiting="0.00" lane="top_0" pos="44.79" speed="5.86" angle="193.93" x="-4.02" y="74.92"/>
        <vehicle id="cfm-slow_4" eclass="HBEFA3/PC_G_EU4" CO2="22976.38" CO="494.50" HC="2.82" NOx="10.65" PMx="0.57" fuel="9.88" electricity="0.00" noise="118.26" route="routeleft" type="cfm-slow" waiting="0.00" lane="left_0" pos="10.62" speed="5.86" angle="165.31" x="-1.14" y="41.14"/>
        <vehicle id="cfm-slow_5" eclass="HBEFA3/PC_G_EU4" CO2="22976.38" CO="494.50" HC="2.82" NOx="10.65" PMx="0.57" fuel="9.88" electricity="0.00" noise="118.26" route="routeleft" type="cfm-slow" waiting="0.00" lane="left_0" pos="26.46" speed="5.86" angle="136.88" x="17.42" y="12.99"/>
    </timestep>
    <timestep time="0.44">
        <vehicle id="cfm-fast_0" eclass="HBEFA3/PC_G_EU4" CO2="23456.09" CO="502.65" HC="2.87" NOx="10.87" PMx="0.58" fuel="10.08" electricity="0.00" noise="118.32" route="routebottom" type="cfm-fast" waiting="0.00" lane="bottom_0" pos="2.35" speed="6.00" angle="90.26" x="68.81" y="-4.75"/>
        <vehicle id="cfm-fast_1" eclass="HBEFA3/PC_G_EU4" CO2="23456.09" CO="502.65" HC="2.87" NOx="10.87" PMx="0.58" fuel="10.08" electricity="0.00" noise="118.32" route="routebottom" type="cfm-fast" waiting="0.00" lane="bottom_0" pos="18.18" speed="6.00" angle="61.76" x="100.78" y="5.96"/>
        <vehicle id="cfm-fast_2" eclass="HBEFA3/PC_G_EU4" CO2="23456.09" CO="502.65" HC="2.87" NOx="10.87" PMx="0.58" fuel="10.08" electricity="0.00" noise="118.32" route="routebottom" type="cfm-fast" waiting="0.00" lane="bottom_0" pos="34.02" speed="6.00" angle="33.30" x="123.78" y="30.62"/>
        <vehicle id="cfm-fast_3" eclass="HBEFA3/PC_G_EU4" CO2="23456.09" CO="502.65" HC="2.87" NOx="10.87" PMx="0.58" fuel="10.08" electricity="0.00" noise="118.32" route="routebottom" type="cfm-fast" waiting="0.00" lane="bottom_0" pos="49.85" speed="6.00" angle="4.78" x="132.26" y="63.25"/>
        <vehicle id="cfm-fast_4" eclass="HBEFA3/PC_G_EU4" CO2="23456.09" CO="502.65" HC="2.87" NOx="10.87" PMx="0.58" fuel="10.08" electricity="0.00" noise="118.32" route="routeright" type="cfm-fast" waiting="0.00" lane="right_0" pos="15.68" speed="6.00" angle="336.22" x="124.09" y="96.14"/>
        <vehicle id="cfm-fast_5" eclass="HBEFA3/PC_G_EU4" CO2="23456.09" CO="502.65" HC="2.87" NOx="10.87" PMx="0.58" fuel="10.08" electricity="0.00" noise="118.32" route="routeright" type="cfm-fast" waiting="0.00" lane="right_0" pos="31.52" speed="6.00" angle="307.80" x="101.32" y="121.01"/>
        <vehicle id="cfm-slow_0" eclass="HBEFA3/PC_G_EU4" CO2="23412.04" CO="501.74" HC="2.86" NOx="10.85" PMx="0.58" fuel="10.06" electricity="0.00" noise="118.20" route="routeright" type="cfm-slow" waiting="0.00" lane="right_0" pos="47.35" speed="6.00" angle="279.35" x="69.45" y="132.03"/>
        <vehicle id="cfm-slow_1" eclass="HBEFA3/PC_G_EU4" CO2="23412.04" CO="501.74" HC="2.86" NOx="10.85" PMx="0.58" fuel="10.06" electricity="0.00" noise="118.20" route="routetop" type="cfm-slow" waiting="0.00" lane="top_0" pos="13.18" speed="6.00" angle="250.75" x="36.02" y="126.45"/>
        <vehicle id="cfm-slow_2" eclass="HBEFA3/PC_G_EU4" CO2="23412.04" CO="501.74" HC="2.86" NOx="10.85" PMx="0.58" fuel="10.06" electricity="0.00" noise="118.20" route="routetop" type="cfm-slow" waiting="0.00" lane="top_0" pos="29.02" speed="6.00" angle="222.27" x="9.45" y="105.69"/>
        <vehicle id="cfm-slow_3" eclass="HBEFA3/PC_G_EU4" CO2="23412.04" CO="501.74" HC="2.86" NOx="10.85" PMx="0.58" fuel="10.06" electricity="0.00" noise="118.20" route="routetop" type="cfm-slow" waiting="0.00" lane="top_0" pos="44.85" speed="6.00" angle="193.85" x="-4.05" y="74.79"/>
        <vehicle id="cfm-slow_4" eclass="HBEFA3/PC_G_EU4" CO2="23412.04" CO="501.74" HC="2.86" NOx="10.85" PMx="0.58" fuel="10.06" electricity="0.00" noise="118.20" route="routeleft" type="cfm-slow" waiting="0.00" lane="left_0" pos="10.68" speed="6.00" angle="165.20" x="-1.09" y="41.02"/>
        <vehicle id="cfm-slow_5" eclass="HBEFA3/PC_G_EU4" CO2="23456.09" CO="502.65" HC="2.87" NOx="10.87" PMx="0.58" fuel="10.08" electricity="0.00" noise="118.32" route="routeleft" type="cfm-slow" waiting="0.00" lane="left_0" pos="26.52" speed="6.00" angle="136.77" x="17.52" y="12.90"/>
    </timestep>
    <timestep time="0.45">
        <vehicle id="cfm-fast_0" eclass="HBEFA3/PC_G_EU4" CO2="23936.10" CO="510.81" HC="2.91" NOx="11.09" PMx="0.59" fuel="10.29" electricity="0.00" noise="118.38" route="routebottom" type="cfm-fast" waiting="0.00" lane="bottom_0" pos="2.41" speed="6.14" angle="90.15" x="68.94" y="-4.74"/>
        <vehicle id="cfm-fast_1" eclass="HBEFA3/PC_G_EU4" CO2="23936.10" CO="510.81" HC="2.91" NOx="11.09" PMx="0.59" fuel="10.29" electricity="0.00" noise="118.38" route="routebottom" type="cfm-fast" waiting="0.00" lane="bottom_0" pos="18.24" speed="6.14" angle="61.65" x="100.89" y="6.04"/>
        <vehicle id="cfm-fast_2" eclass="HBEFA3/PC_G_EU4" CO2="23936.10" CO="510.81" HC="2.91" NOx="11.09" PMx="0.59" fuel="10.29" electricity="0.00" noise="118.38" route="routebottom" type="cfm-fast" waiting="0.00" lane="bottom_0" pos="34.08" speed="6.14" angle="33.19" x="123.84" y="30.74"/>
        <vehicle id="cfm-fast_3" eclass="HBEFA3/PC_G_EU4" CO2="23936.10" CO="510.81" HC="2.91" NOx="11.09" PMx="0.59" fuel="10.29" electricity="0.00" noise="118.38" route="routebottom" type="cfm-fast" waiting="0.00" lane="bottom_0" pos="49.91" speed="6.14" angle="4.67" x="132.27" y="63.38"/>
        <vehicle id="cfm-fast_4" eclass="HBEFA3/PC_G_EU4" CO2="23936.10" CO="510.81" HC="2.91" NOx="11.09" PMx="0.59" fuel="10.29" electricity="0.00" noise="118.38" route="routeright" type="cfm-fast" waiting="0.00" lane="right_0" pos="15.74" speed="6.14" angle="336.11" x="124.02" y="96.26"/>
        <vehicle id="cfm-fast_5" eclass="HBEFA3/PC_G_EU4" CO2="23936.10" CO="510.81" HC="2.91" NOx="11.09" PMx="0.59" fuel="10.29" electricity="0.00" noise="118.38" route="routeright" type="cfm-fast" waiting="0.00" lane="right_0" pos="31.58" speed="6.14" angle="307.69" x="101.21" y="121.08"/>
        <vehicle id="cfm-slow_0" eclass="HBEFA3/PC_G_EU4" CO2="23687.92" CO="505.72" HC="2.89" NOx="10.98" PMx="0.59" fuel="10.18" electricity="0.00" noise="117.71" route="routeright" type="cfm-slow" waiting="0.00" lane="right_0" pos="47.41" speed="6.13" angle="279.26" x="69.32" y="132.05"/>
        <vehicle id="cfm-slow_1" eclass="HBEFA3/PC_G_EU4" CO2="23687.92" CO="505.72" HC="2.89" NOx="10.98" PMx="0.59" fuel="10.18" electricity="0.00" noise="117.71" route="routetop" type="cfm-slow" waiting="0.00" lane="top_0" pos="13.24" speed="6.13" angle="250.64" x="35.90" y="126.40"/>
        <vehicle id="cfm-slow_2" eclass="HBEFA3/PC_G_EU4" CO2="23687.92" CO="505.72" HC="2.89" NOx="10.98" PMx="0.59" fuel="10.18" electricity="0.00" noise="117.71" route="routetop" type="cfm-slow" waiting="0.00" lane="top_0" pos="29.08" speed="6.13" angle="222.16" x="9.37" y="105.59"/>
        <vehicle id="cfm-slow_3" eclass="HBEFA3/PC_G_EU4" CO2="23687.92" CO="505.72" HC="2.89" NOx="10.98" PMx="0.59" fuel="10.18" electricity="0.00" noise="117.71" route="routetop" type="cfm-slow" waiting="0.00" lane="top_0" pos="44.91" speed="6.13" angle="193.77" x="-4.07" y="74.66"/>
        <vehicle id="cfm-slow_4" eclass="HBEFA3/PC_G_EU4" CO2="23688.34" CO="505.73" HC="2.89" NOx="10.98" PMx="0.59" fuel="10.18" electricity="0.00" noise="117.71" route="routeleft" type="cfm-slow" waiting="0.00" lane="left_0" pos="10.74" speed="6.13" angle="165.08" x="-1.05" y="40.89"/>
        <vehicle id="cfm-slow_5" eclass="HBEFA3/PC_G_EU4" CO2="23936.10" CO="510.81" HC="2.91" NOx="11.09" PMx="0.59" fuel="10.29" electricity="0.00" noise="118.38" route="routeleft" type="cfm-slow" waiting="0.00" lane="left_0" pos="26.58" speed="6.14" angle="136.65" x="17.61" y="12.81"/>
    </timestep>
    <timestep time="0.46">
        <vehicle id="cfm-fast_0" eclass="HBEFA3/PC_G_EU4" CO2="24416.40" CO="518.99" HC="2.96" NOx="11.32" PMx="0.61" fuel="10.50" electricity="0.00" noise="118.43" route="routebottom" type="cfm-fast" waiting="0.00" lane="bottom_0" pos="2.47" speed="6.27" angle="90.04" x="69.08" y="-4.74"/>
        <vehicle id="cfm-fast_1" eclass="HBEFA3/PC_G_EU4" CO2="24416.40" CO="518.99" HC="2.96" NOx="11.32" PMx="0.61" fuel="10.50" electricity="0.00" noise="118.43" route="routebottom" type="cfm-fast" waiting="0.00" lane="bottom_0" pos="18.31" speed="6.27" angle="61.53" x="101.00" y="6.11"/>
        <vehicle id="cfm-fast_2" eclass="HBEFA3/PC_G_EU4" CO2="24416.40" CO="518.99" HC="2.96" NOx="11.32" PMx="0.61" fuel="10.50" electricity="0.00" noise="118.43" route="routebottom" type="cfm-fast" waiting="0.00" lane="bottom_0" pos="34.14" speed="6.27" angle="33.08" x="123.90" y="30.85"/>
        <vehicle id="cfm-fast_3" eclass="HBEFA3/PC_G_EU4" CO2="24416.40" CO="518.99" HC="2.96" NOx="11.32" PMx="0.61" fuel="10.50" electricity="0.00" noise="118.43" route="routebottom" type="cfm-fast" waiting="0.00" lane="bottom_0" pos="49.97" speed="6.27" angle="4.58" x="132.27" y="63.51"/>
        <vehicle id="cfm-fast_4" eclass="HBEFA3/PC_G_EU4" CO2="24416.40" CO="518.99" HC="2.96" NOx="11.32" PMx="0.61" fuel="10.50" electricity="0.00" noise="118.43" route="routeright" type="cfm-fast" waiting="0.00" lane="right_0" pos="15.81" speed="6.27" angle="336.00" x="123.96" y="96.38"/>
        <vehicle id="cfm-fast_5" eclass="HBEFA3/PC_G_EU4" CO2="24416.40" CO="518.99" HC="2.96" NOx="11.32" PMx="0.61" fuel="10.50" electricity="0.00" noise="118.43" route="routeright" type="cfm-fast" waiting="0.00" lane="right_0" pos="31.64" speed="6.27" angle="307.57" x="101.09" y="121.15"/>
        <vehicle id="cfm-slow_0" eclass="HBEFA3/PC_G_EU4" CO2="23953.00" CO="509.51" HC="2.91" NOx="11.10" PMx="0.59" fuel="10.30" electricity="0.00" noise="117.23" route="routeright" type="cfm-slow" waiting="0.00" lane="right_0" pos="47.47" speed="6.27" angle="279.17" x="69.19" y="132.06"/>
        <vehicle id="cfm-slow_1" eclass="HBEFA3/PC_G_EU4" CO2="23953.00" CO="509.51" HC="2.91" NOx="11.10" PMx="0.59" fuel="10.30" electricity="0.00" noise="117.23" route="routetop" type="cfm-slow" waiting="0.00" lane="top_0" pos="13.31" speed="6.27" angle="250.52" x="35.77" y="126.34"/>
        <vehicle id="cfm-slow_2" eclass="HBEFA3/PC_G_EU4" CO2="23953.00" CO="509.51" HC="2.91" NOx="11.10" PMx="0.59" fuel="10.30" electricity="0.00" noise="117.23" route="routetop" type="cfm-slow" waiting="0.00" lane="top_0" pos="29.14" speed="6.27" angle="222.04" x="9.28" y="105.48"/>
        <vehicle id="cfm-slow_3" eclass="HBEFA3/PC_G_EU4" CO2="23953.00" CO="509.51" HC="2.91" NOx="11.10" PMx="0.59" fuel="10.30" electricity="0.00" noise="117.23" route="routetop" type="cfm-slow" waiting="0.00" lane="top_0" pos="44.97" speed="6.27" angle="193.65" x="-4.09" y="74.53"/>
        <vehicle id="cfm-slow_4" eclass="HBEFA3/PC_G_EU4" CO2="23955.74" CO="509.57" HC="2.91" NOx="11.10" PMx="0.59" fuel="10.30" electricity="0.00" noise="117.23" route="routeleft" type="cfm-slow" waiting="0.00" lane="left_0" pos="10.81" speed="6.27" angle="164.97" x="-1.00" y="40.77"/>
        <vehicle id="cfm-slow_5" eclass="HBEFA3/PC_G_EU4" CO2="24416.40" CO="518.99" HC="2.96" NOx="11.32" PMx="0.61" fuel="10.50" electricity="0.00" noise="118.43" route="routeleft" type="cfm-slow" waiting="0.00" lane="left_0" pos="26.64" speed="6.27" angle="136.54" x="17.71" y="12.72"/>
    </timestep>
    <timestep time="0.47">
        <vehicle id="cfm-fast_0" eclass="HBEFA3/PC_G_EU4" CO2="24897.00" CO="527.20" HC="3.01" NOx="11.54" PMx="0.62" fuel="10.70" electricity="0.00" noise="118.49" route="routebottom" type="cfm-fast" waiting="0.00" lane="bottom_0" pos="2.54" speed="6.41" angle="89.94" x="69.22" y="-4.73"/>
        <vehicle id="cfm-fast_1" eclass="HBEFA3/PC_G_EU4" CO2="24897.00" CO="527.20" HC="3.01" NOx="11.54" PMx="0.62" fuel="10.70" electricity="0.00" noise="118.49" route="routebottom" type="cfm-fast" waiting="0.00" lane="bottom_0" pos="18.37" speed="6.41" angle="61.41" x="101.12" y="6.19"/>
        <vehicle id="cfm-fast_2" eclass="HBEFA3/PC_G_EU4" CO2="24897.00" CO="527.20" HC="3.01" NOx="11.54" PMx="0.62" fuel="10.70" electricity="0.00" noise="118.49" route="routebottom" type="cfm-fast" waiting="0.00" lane="bottom_0" pos="34.20" speed="6.41" angle="32.96" x="123.97" y="30.98"/>
        <vehicle id="cfm-fast_3" eclass="HBEFA3/PC_G_EU4" CO2="24897.00" CO="527.20" HC="3.01" NOx="11.54" PMx="0.62" fuel="10.70" electricity="0.00" noise="118.49" route="routebottom" type="cfm-fast" waiting="0.00" lane="right_0" pos="0.04" speed="6.41" angle="4.40" x="132.27" y="63.84"/>
        <vehicle id="cfm-fast_4" eclass="HBEFA3/PC_G_EU4" CO2="24897.00" CO="527.20" HC="3.01" NOx="11.54" PMx="0.62" fuel="10.70" electricity="0.00" noise="118.49" route="routeright" type="cfm-fast" waiting="0.00" lane="right_0" pos="15.87" speed="6.41" angle="335.88" x="123.89" y="96.50"/>
        <vehicle id="cfm-fast_5" eclass="HBEFA3/PC_G_EU4" CO2="24897.00" CO="527.20" HC="3.01" NOx="11.54" PMx="0.62" fuel="10.70" electricity="0.00" noise="118.49" route="routeright" type="cfm-fast" waiting="0.00" lane="right_0" pos="31.70" speed="6.41" angle="307.46" x="100.98" y="121.23"/>
        <vehicle id="cfm-slow_0" eclass="HBEFA3/PC_G_EU4" CO2="24207.52" CO="513.11" HC="2.93" NOx="11.22" PMx="0.60" fuel="10.41" electricity="0.00" noise="116.75" route="routeright" type="cfm-slow" waiting="0.00" lane="right_0" pos="47.54" speed="6.40" angle="279.06" x="69.05" y="132.07"/>
        <vehicle id="cfm-slow_1" eclass="HBEFA3/PC_G_EU4" CO2="24207.52" CO="513.11" HC="2.93" NOx="11.22" PMx="0.60" fuel="10.41" electricity="0.00" noise="116.75" route="routetop" type="cfm-slow" waiting="0.00" lane="top_0" pos="13.37" speed="6.40" angle="250.40" x="35.65" y="126.28"/>
        <vehicle id="cfm-slow_2" eclass="HBEFA3/PC_G_EU4" CO2="24207.52" CO="513.11" HC="2.93" NOx="11.22" PMx="0.60" fuel="10.41" electricity="0.00" noise="116.75" route="routetop" type="cfm-slow" waiting="0.00" lane="top_0" pos="29.20" speed="6.40" angle="221.93" x="9.20" y="105.37"/>
        <vehicle id="cfm-slow_3" eclass="HBEFA3/PC_G_EU4" CO2="24207.55" CO="513.11" HC="2.93" NOx="11.22" PMx="0.60" fuel="10.41" electricity="0.00" noise="116.75" route="routetop" type="cfm-slow" waiting="0.00" lane="top_0" pos="45.04" speed="6.40" angle="193.53" x="-4.11" y="74.39"/>
        <vehicle id="cfm-slow_4" eclass="HBEFA3/PC_G_EU4" CO2="24214.63" CO="513.26" HC="2.93" NOx="11.22" PMx="0.60" fuel="10.41" electricity="0.00" noise="116.77" route="routeleft" type="cfm-slow" waiting="0.00" lane="left_0" pos="10.87" speed="6.40" angle="164.85" x="-0.96" y="40.64"/>
        <vehicle id="cfm-slow_5" eclass="HBEFA3/PC_G_EU4" CO2="24897.00" CO="527.20" HC="3.01" NOx="11.54" PMx="0.62" fuel="10.70" electricity="0.00" noise="118.49" route="routeleft" type="cfm-slow" waiting="0.00" lane="left_0" pos="26.70" speed="6.41" angle="136.42" x="17.81" y="12.63"/>
    </timestep>
    <timestep time="0.48">
        <vehicle id="cfm-fast_0" eclass="HBEFA3/PC_G_EU4" CO2="25377.88" CO="535.43" HC="3.06" NOx="11.76" PMx="0.63" fuel="10.91" electricity="0.00" noise="118.55" route="routebottom" type="cfm-fast" waiting="0.00" lane="bottom_0" pos="2.60" speed="6.55" angle="89.82" x="69.36" y="-4.71"/>
        <vehicle id="cfm-fast_1" eclass="HBEFA3/PC_G_EU4" CO2="25377.88" CO="535.43" HC="3.06" NOx="11.76" PMx="0.63" fuel="10.91" electricity="0.00" noise="118.55" route="routebottom" type="cfm-fast" waiting="0.00" lane="bottom_0" pos="18.44" speed="6.55" angle="61.28" x="101.24" y="6.27"/>
        <vehicle id="cfm-fast_2" eclass="HBEFA3/PC_G_EU4" CO2="25377.88" CO="535.43" HC="3.06" NOx="11.76" PMx="0.63" fuel="10.91" electricity="0.00" noise="118.55" route="routebottom" type="cfm-fast" waiting="0.00" lane="bottom_0" pos="34.27" speed="6.55" angle="32.84" x="124.04" y="31.10"/>
        <vehicle id="cfm-fast_3" eclass="HBEFA3/PC_G_EU4" CO2="25377.88" CO="535.43" HC="3.06" NOx="11.76" PMx="0.63" fuel="10.91" electricity="0.00" noise="118.55" route="routebottom" type="cfm-fast" waiting="0.00" lane="right_0" pos="0.10" speed="6.55" angle="4.28" x="132.27" y="63.98"/>
        <vehicle id="cfm-fast_4" eclass="HBEFA3/PC_G_EU4" CO2="25377.88" CO="535.43" HC="3.06" NOx="11.76" PMx="0.63" fuel="10.91" electricity="0.00" noise="118.55" route="routeright" type="cfm-fast" waiting="0.00" lane="right_0" pos="15.94" speed="6.55" angle="335.76" x="123.82" y="96.62"/>
        <vehicle id="cfm-fast_5" eclass="HBEFA3/PC_G_EU4" CO2="25377.88" CO="535.43" HC="3.06" NOx="11.76" PMx="0.63" fuel="10.91" electricity="0.00" noise="118.55" route="routeright" type="cfm-fast" waiting="0.00" lane="right_0" pos="31.77" speed="6.55" angle="307.34" x="100.86" y="121.31"/>
        <vehicle id="cfm-slow_0" eclass="HBEFA3/PC_G_EU4" CO2="24451.72" CO="516.53" HC="2.95" NOx="11.33" PMx="0.61" fuel="10.51" electricity="0.00" noise="116.27" route="routeright" type="cfm-slow" waiting="0.00" lane="right_0" pos="47.60" speed="6.53" angle="278.93" x="68.91" y="132.08"/>
        <vehicle id="cfm-slow_1" eclass="HBEFA3/PC_G_EU4" CO2="24451.72" CO="516.53" HC="2.95" NOx="11.33" PMx="0.61" fuel="10.51" electricity="0.00" noise="116.27" route="routetop" type="cfm-slow" waiting="0.00" lane="top_0" pos="13.44" speed="6.53" angle="250.29" x="35.52" y="126.23"/>
        <vehicle id="cfm-slow_2" eclass="HBEFA3/PC_G_EU4" CO2="24451.72" CO="516.53" HC="2.95" NOx="11.33" PMx="0.61" fuel="10.51" electricity="0.00" noise="116.27" route="routetop" type="cfm-slow" waiting="0.00" lane="top_0" pos="29.27" speed="6.53" angle="221.81" x="9.11" y="105.26"/>
        <vehicle id="cfm-slow_3" eclass="HBEFA3/PC_G_EU4" CO2="24451.82" CO="516.53" HC="2.95" NOx="11.33" PMx="0.61" fuel="10.51" electricity="0.00" noise="116.27" route="routetop" type="cfm-slow" waiting="0.00" lane="top_0" pos="45.10" speed="6.53" angle="193.41" x="-4.13" y="74.25"/>
        <vehicle id="cfm-slow_4" eclass="HBEFA3/PC_G_EU4" CO2="24465.36" CO="516.81" HC="2.95" NOx="11.33" PMx="0.61" fuel="10.52" electricity="0.00" noise="116.31" route="routeleft" type="cfm-slow" waiting="0.00" lane="left_0" pos="10.94" speed="6.53" angle="164.73" x="-0.91" y="40.50"/>
        <vehicle id="cfm-slow_5" eclass="HBEFA3/PC_G_EU4" CO2="25377.88" CO="535.43" HC="3.06" NOx="11.76" PMx="0.63" fuel="10.91" electricity="0.00" noise="118.55" route="routeleft" type="cfm-slow" waiting="0.00" lane="left_0" pos="26.77" speed="6.55" angle="136.30" x="17.92" y="12.53"/>
    </timestep>
    <timestep time="0.49">
        <vehicle id="cfm-fast_0" eclass="HBEFA3/PC_G_EU4" CO2="25859.06" CO="543.68" HC="3.11" NOx="11.99" PMx="0.64" fuel="11.12" electricity="0.00" noise="118.61" route="routebottom" type="cfm-fast" waiting="0.00" lane="bottom_0" pos="2.67" speed="6.68" angle="89.70" x="69.50" y="-4.70"/>
        <vehicle id="cfm-fast_1" eclass="HBEFA3/PC_G_EU4" CO2="25859.06" CO="543.68" HC="3.11" NOx="11.99" PMx="0.64" fuel="11.12" electricity="0.00" noise="118.61" route="routebottom" type="cfm-fast" waiting="0.00" lane="bottom_0" pos="18.50" speed="6.68" angle="61.16" x="101.35" y="6.35"/>
        <vehicle id="cfm-fast_2" eclass="HBEFA3/PC_G_EU4" CO2="25859.06" CO="543.68" HC="3.11" NOx="11.99" PMx="0.64" fuel="11.12" electricity="0.00" noise="118.61" route="routebottom" type="cfm-fast" waiting="0.00" lane="bottom_0" pos="34.34" speed="6.68" angle="32.72" x="124.11" y="31.22"/>
        <vehicle id="cfm-fast_3" eclass="HBEFA3/PC_G_EU4" CO2="25859.06" CO="543.68" HC="3.11" NOx="11.99" PMx="0.64" fuel="11.12" electricity="0.00" noise="118.61" route="routebottom" type="cfm-fast" waiting="0.00" lane="right_0" pos="0.17" speed="6.68" angle="4.16" x="132.26" y="64.13"/>
        <vehicle id="cfm-fast_4" eclass="HBEFA3/PC_G_EU4" CO2="25859.06" CO="543.68" HC="3.11" NOx="11.99" PMx="0.64" fuel="11.12" electricity="0.00" noise="118.61" route="routeright" type="cfm-fast" waiting="0.00" lane="right_0" pos="16.00" speed="6.68" angle="335.64" x="123.75" y="96.75"/>
        <vehicle id="cfm-fast_5" eclass="HBEFA3/PC_G_EU4" CO2="25859.06" CO="543.68" HC="3.11" NOx="11.99" PMx="0.64" fuel="11.12" electricity="0.00" noise="118.61" route="routeright" type="cfm-fast" waiting="0.00" lane="right_0" pos="31.84" speed="6.68" angle="307.22" x="100.74" y="121.39"/>
        <vehicle id="cfm-slow_0" eclass="HBEFA3/PC_G_EU4" CO2="24685.85" CO="519.77" HC="2.97" NOx="11.43" PMx="0.61" fuel="10.61" electricity="0.00" noise="115.80" route="routeright" type="cfm-slow" waiting="0.00" lane="right_0" pos="47.67" speed="6.66" angle="278.81" x="68.77" y="132.08"/>
        <vehicle id="cfm-slow_1" eclass="HBEFA3/PC_G_EU4" CO2="24685.85" CO="519.77" HC="2.97" NOx="11.43" PMx="0.61" fuel="10.61" electricity="0.00" noise="115.80" route="routetop" type="cfm-slow" waiting="0.00" lane="top_0" pos="13.50" speed="6.66" angle="250.16" x="35.39" y="126.17"/>
        <vehicle id="cfm-slow_2" eclass="HBEFA3/PC_G_EU4" CO2="24685.85" CO="519.77" HC="2.97" NOx="11.43" PMx="0.61" fuel="10.61" electricity="0.00" noise="115.80" route="routetop" type="cfm-slow" waiting="0.00" lane="top_0" pos="29.34" speed="6.66" angle="221.69" x="9.02" y="105.15"/>
        <vehicle id="cfm-slow_3" eclass="HBEFA3/PC_G_EU4" CO2="24686.08" CO="519.77" HC="2.97" NOx="11.43" PMx="0.61" fuel="10.61" electricity="0.00" noise="115.80" route="routetop" type="cfm-slow" waiting="0.00" lane="top_0" pos="45.17" speed="6.66" angle="193.29" x="-4.15" y="74.11"/>
        <vehicle id="cfm-slow_4" eclass="HBEFA3/PC_G_EU4" CO2="24708.28" CO="520.23" HC="2.98" NOx="11.44" PMx="0.61" fuel="10.62" electricity="0.00" noise="115.86" route="routeleft" type="cfm-slow" waiting="0.00" lane="left_0" pos="11.00" speed="6.66" angle="164.60" x="-0.86" y="40.37"/>
        <vehicle id="cfm-slow_5" eclass="HBEFA3/PC_G_EU4" CO2="25859.06" CO="543.68" HC="3.11" NOx="11.99" PMx="0.64" fuel="11.12" electricity="0.00" noise="118.61" route="routeleft" type="cfm-slow" waiting="0.00" lane="left_0" pos="26.84" speed="6.68" angle="136.20" x="18.02" y="12.44"/>
    </timestep>
    <timestep time="0.50">
        <vehicle id="cfm-fast_0" eclass="HBEFA3/PC_G_EU4" CO2="26340.53" CO="551.95" HC="3.16" NOx="12.21" PMx="0.65" fuel="11.32" electricity="0.00" noise="118.66" route="routebottom" type="cfm-fast" waiting="0.00" lane="bottom_0" pos="2.74" speed="6.82" angle="89.58" x="69.64" y="-4.68"/>
        <vehicle id="cfm-fast_1" eclass="HBEFA3/PC_G_EU4" CO2="26340.53" CO="551.95" HC="3.16" NOx="12.21" PMx="0.65" fuel="11.32" electricity="0.00" noise="118.66" route="routebottom" type="cfm-fast" waiting="0.00" lane="bottom_0" pos="18.57" speed="6.82" angle="61.03" x="101.48" y="6.43"/>
        <vehicle id="cfm-fast_2" eclass="HBEFA3/PC_G_EU4" CO2="26340.53" CO="551.95" HC="3.16" NOx="12.21" PMx="0.65" fuel="11.32" electricity="0.00" noise="118.66" route="routebottom" type="cfm-fast" waiting="0.00" lane="bottom_0" pos="34.41" speed="6.82" angle="32.59" x="124.18" y="31.35"/>
        <vehicle id="cfm-fast_3" eclass="HBEFA3/PC_G_EU4" CO2="26340.53" CO="551.95" HC="3.16" NOx="12.21" PMx="0.65" fuel="11.32" electricity="0.00" noise="118.66" route="routebottom" type="cfm-fast" waiting="0.00" lane="right_0" pos="0.24" speed="6.82" angle="4.04" x="132.26" y="64.27"/>
        <vehicle id="cfm-fast_4" eclass="HBEFA3/PC_G_EU4" CO2="26340.53" CO="551.95" HC="3.16" NOx="12.21" PMx="0.65" fuel="11.32" electricity="0.00" noise="118.66" route="routeright" type="cfm-fast" waiting="0.00" lane="right_0" pos="16.07" speed="6.82" angle="335.52" x="123.68" y="96.87"/>
        <vehicle id="cfm-fast_5" eclass="HBEFA3/PC_G_EU4" CO2="26340.53" CO="551.95" HC="3.16" NOx="12.21" PMx="0.65" fuel="11.32" electricity="0.00" noise="118.66" route="routeright" type="cfm-fast" waiting="0.00" lane="right_0" pos="31.91" speed="6.82" angle="307.10" x="100.62" y="121.47"/>
        <vehicle id="cfm-slow_0" eclass="HBEFA3/PC_G_EU4" CO2="24910.14" CO="522.83" HC="2.99" NOx="11.54" PMx="0.62" fuel="10.71" electricity="0.00" noise="115.34" route="routeright" type="cfm-slow" waiting="0.00" lane="right_0" pos="47.74" speed="6.79" angle="278.68" x="68.62" y="132.09"/>
        <vehicle id="cfm-slow_1" eclass="HBEFA3/PC_G_EU4" CO2="24910.14" CO="522.83" HC="2.99" NOx="11.54" PMx="0.62" fuel="10.71" electricity="0.00" noise="115.34" route="routetop" type="cfm-slow" waiting="0.00" lane="top_0" pos="13.57" speed="6.79" angle="250.04" x="35.25" y="126.11"/>
        <vehicle id="cfm-slow_2" eclass="HBEFA3/PC_G_EU4" CO2="24910.14" CO="522.83" HC="2.99" NOx="11.54" PMx="0.62" fuel="10.71" electricity="0.00" noise="115.34" route="routetop" type="cfm-slow" waiting="0.00" lane="top_0" pos="29.40" speed="6.79" angle="221.58" x="8.93" y="105.04"/>
        <vehicle id="cfm-slow_3" eclass="HBEFA3/PC_G_EU4" CO2="24910.58" CO="522.84" HC="2.99" NOx="11.54" PMx="0.62" fuel="10.71" electricity="0.00" noise="115.34" route="routetop" type="cfm-slow" waiting="0.00" lane="top_0" pos="45.24" speed="6.79" angle="193.17" x="-4.17" y="73.97"/>
        <vehicle id="cfm-slow_4" eclass="HBEFA3/PC_G_EU4" CO2="24943.71" CO="523.52" HC="3.00" NOx="11.55" PMx="0.62" fuel="10.72" electricity="0.00" noise="115.42" route="routeleft" type="cfm-slow" waiting="0.00" lane="left_0" pos="11.07" speed="6.79" angle="164.48" x="-0.81" y="40.23"/>
        <vehicle id="cfm-slow_5" eclass="HBEFA3/PC_G_EU4" CO2="26340.53" CO="551.95" HC="3.16" NOx="12.21" PMx="0.65" fuel="11.32" electricity="0.00" noise="118.66" route="routeleft" type="cfm-slow" waiting="0.00" lane="left_0" pos="26.91" speed="6.82" angle="136.10" x="18.13" y="12.34"/>
    </timestep>
    <timestep time="0.51">
        <vehicle id="cfm-fast_0" eclass="HBEFA3/PC_G_EU4" CO2="26822.29" CO="560.24" HC="3.21" NOx="12.43" PMx="0.67" fuel="11.53" electricity="0.00" noise="118.72" route="routebottom" type="cfm-fast" waiting="0.00" lane="bottom_0" pos="2.81" speed="6.95" angle="89.46" x="69.79" y="-4.67"/>
        <vehicle id="cfm-fast_1" eclass="HBEFA3/PC_G_EU4" CO2="26822.29" CO="560.24" HC="3.21" NOx="12.43" PMx="0.67" fuel="11.53" electricity="0.00" noise="118.72" route="routebottom" type="cfm-fast" waiting="0.00" lane="bottom_0" pos="18.64" speed="6.95" angle="60.90" x="101.60" y="6.51"/>
        <vehicle id="cfm-fast_2" eclass="HBEFA3/PC_G_EU4" CO2="26822.29" CO="560.24" HC="3.21" NOx="12.43" PMx="0.67" fuel="11.53" electricity="0.00" noise="118.72" route="routebottom" type="cfm-fast" waiting="0.00" lane="bottom_0" pos="34.47" speed="6.95" angle="32.46" x="124.25" y="31.48"/>
        <vehicle id="cfm-fast_3" eclass="HBEFA3/PC_G_EU4" CO2="26822.29" CO="560.24" HC="3.21" NOx="12.43" PMx="0.67" fuel="11.53" electricity="0.00" noise="118.72" route="routebottom" type="cfm-fast" waiting="0.00" lane="right_0" pos="0.31" speed="6.95" angle="3.91" x="132.26" y="64.42"/>
        <vehicle id="cfm-fast_4" eclass="HBEFA3/PC_G_EU4" CO2="26822.29" CO="560.24" HC="3.21" NOx="12.43" PMx="0.67" fuel="11.53" electricity="0.00" noise="118.72" route="routeright" type="cfm-fast" waiting="0.00" lane="right_0" pos="16.14" speed="6.95" angle="335.39" x="123.61" y="97.01"/>
        <vehicle id="cfm-fast_5" eclass="HBEFA3/PC_G_EU4" CO2="26822.29" CO="560.24" HC="3.21" NOx="12.43" PMx="0.67" fuel="11.53" electricity="0.00" noise="118.72" route="routeright" type="cfm-fast" waiting="0.00" lane="right_0" pos="31.97" speed="6.95" angle="307.00" x="100.50" y="121.55"/>
        <vehicle id="cfm-slow_0" eclass="HBEFA3/PC_G_EU4" CO2="25124.81" CO="525.73" HC="3.01" NOx="11.63" PMx="0.62" fuel="10.80" electricity="0.00" noise="114.88" route="routeright" type="cfm-slow" waiting="0.00" lane="right_0" pos="47.81" speed="6.92" angle="278.55" x="68.47" y="132.10"/>
        <vehicle id="cfm-slow_1" eclass="HBEFA3/PC_G_EU4" CO2="25124.81" CO="525.73" HC="3.01" NOx="11.63" PMx="0.62" fuel="10.80" electricity="0.00" noise="114.88" route="routetop" type="cfm-slow" waiting="0.00" lane="top_0" pos="13.64" speed="6.92" angle="249.91" x="35.12" y="126.05"/>
        <vehicle id="cfm-slow_2" eclass="HBEFA3/PC_G_EU4" CO2="25124.82" CO="525.73" HC="3.01" NOx="11.63" PMx="0.62" fuel="10.80" electricity="0.00" noise="114.88" route="routetop" type="cfm-slow" waiting="0.00" lane="top_0" pos="29.47" speed="6.92" angle="221.49" x="8.84" y="104.92"/>
        <vehicle id="cfm-slow_3" eclass="HBEFA3/PC_G_EU4" CO2="25125.57" CO="525.74" HC="3.01" NOx="11.63" PMx="0.62" fuel="10.80" electricity="0.00" noise="114.88" route="routetop" type="cfm-slow" waiting="0.00" lane="top_0" pos="45.31" speed="6.92" angle="193.04" x="-4.19" y="73.82"/>
        <vehicle id="cfm-slow_4" eclass="HBEFA3/PC_G_EU4" CO2="25172.00" CO="526.69" HC="3.02" NOx="11.66" PMx="0.62" fuel="10.82" electricity="0.00" noise="114.99" route="routeleft" type="cfm-slow" waiting="0.00" lane="left_0" pos="11.14" speed="6.92" angle="164.35" x="-0.76" y="40.09"/>
        <vehicle id="cfm-slow_5" eclass="HBEFA3/PC_G_EU4" CO2="26822.29" CO="560.24" HC="3.21" NOx="12.43" PMx="0.67" fuel="11.53" electricity="0.00" noise="118.72" route="routeleft" type="cfm-slow" waiting="0.00" lane="left_0" pos="26.97" speed="6.95" angle="135.98" x="18.24" y="12.24"/>
    </timestep>
    <timestep time="0.52">
        <vehicle id="cfm-fast_0" eclass="HBEFA3/PC_G_EU4" CO2="27304.34" CO="568.56" HC="3.26" NOx="12.66" PMx="0.68" fuel="11.74" electricity="0.00" noise="118.78" route="routebottom" type="cfm-fast" waiting="0.00" lane="bottom_0" pos="2.88" speed="7.09" angle="89.33" x="69.95" y="-4.65"/>
        <vehicle id="cfm-fast_1" eclass="HBEFA3/PC_G_EU4" CO2="27304.34" CO="568.56" HC="3.26" NOx="12.66" PMx="0.68" fuel="11.74" electricity="0.00" noise="118.78" route="routebottom" type="cfm-fast" waiting="0.00" lane="bottom_0" pos="18.71" speed="7.09" angle="60.77" x="101.73" y="6.59"/>
        <vehicle id="cfm-fast_2" eclass="HBEFA3/PC_G_EU4" CO2="27304.34" CO="568.56" HC="3.26" NOx="12.66" PMx="0.68" fuel="11.74" electricity="0.00" noise="118.78" route="routebottom" type="cfm-fast" waiting="0.00" lane="bottom_0" pos="34.55" speed="7.09" angle="32.36" x="124.33" y="31.62"/>
        <vehicle id="cfm-fast_3" eclass="HBEFA3/PC_G_EU4" CO2="27304.34" CO="568.56" HC="3.26" NOx="12.66" PMx="0.68" fuel="11.74" electricity="0.00" noise="118.78" route="routebottom" type="cfm-fast" waiting="0.00" lane="right_0" pos="0.38" speed="7.09" angle="3.78" x="132.25" y="64.58"/>
        <vehicle id="cfm-fast_4" eclass="HBEFA3/PC_G_EU4" CO2="27304.34" CO="568.56" HC="3.26" NOx="12.66" PMx="0.68" fuel="11.74" electricity="0.00" noise="118.78" route="routeright" type="cfm-fast" waiting="0.00" lane="right_0" pos="16.21" speed="7.09" angle="335.26" x="123.54" y="97.14"/>
        <vehicle id="cfm-fast_5" eclass="HBEFA3/PC_G_EU4" CO2="27304.34" CO="568.56" HC="3.26" NOx="12.66" PMx="0.68" fuel="11.74" electricity="0.00" noise="118.78" route="routeright" type="cfm-fast" waiting="0.00" lane="right_0" pos="32.05" speed="7.09" angle="306.91" x="100.37" y="121.64"/>
        <vehicle id="cfm-slow_0" eclass="HBEFA3/PC_G_EU4" CO2="25330.10" CO="528.45" HC="3.03" NOx="11.73" PMx="0.63" fuel="10.89" electricity="0.00" noise="114.42" route="routeright" type="cfm-slow" waiting="0.00" lane="right_0" pos="47.88" speed="7.04" angle="278.42" x="68.32" y="132.11"/>
        <vehicle id="cfm-slow_1" eclass="HBEFA3/PC_G_EU4" CO2="25330.10" CO="528.45" HC="3.03" NOx="11.73" PMx="0.63" fuel="10.89" electricity="0.00" noise="114.42" route="routetop" type="cfm-slow" waiting="0.00" lane="top_0" pos="13.71" speed="7.04" angle="249.79" x="34.98" y="125.99"/>
        <vehicle id="cfm-slow_2" eclass="HBEFA3/PC_G_EU4" CO2="25330.12" CO="528.45" HC="3.03" NOx="11.73" PMx="0.63" fuel="10.89" electricity="0.00" noise="114.42" route="routetop" type="cfm-slow" waiting="0.00" lane="top_0" pos="29.54" speed="7.04" angle="221.37" x="8.75" y="104.80"/>
        <vehicle id="cfm-slow_3" eclass="HBEFA3/PC_G_EU4" CO2="25331.30" CO="528.48" HC="3.03" NOx="11.73" PMx="0.63" fuel="10.89" electricity="0.00" noise="114.42" route="routetop" type="cfm-slow" waiting="0.00" lane="top_0" pos="45.38" speed="7.04" angle="192.91" x="-4.21" y="73.67"/>
        <vehicle id="cfm-slow_4" eclass="HBEFA3/PC_G_EU4" CO2="25393.46" CO="529.75" HC="3.04" NOx="11.76" PMx="0.63" fuel="10.92" electricity="0.00" noise="114.56" route="routeleft" type="cfm-slow" waiting="0.00" lane="left_0" pos="11.21" speed="7.05" angle="164.22" x="-0.71" y="39.95"/>
        <vehicle id="cfm-slow_5" eclass="HBEFA3/PC_G_EU4" CO2="27304.34" CO="568.56" HC="3.26" NOx="12.66" PMx="0.68" fuel="11.74" electricity="0.00" noise="118.78" route="routeleft" type="cfm-slow" waiting="0.00" lane="left_0" pos="27.05" speed="7.09" angle="135.85" x="18.36" y="12.14"/>
    </timestep>
    <timestep time="0.53">
        <vehicle id="cfm-fast_0" eclass="HBEFA3/PC_G_EU4" CO2="27786.69" CO="576.89" HC="3.31" NOx="12.88" PMx="0.69" fuel="11.94" electricity="0.00" noise="118.84" route="routebottom" type="cfm-fast" waiting="0.00" lane="bottom_0" pos="2.95" speed="7.23" angle="89.20" x="70.10" y="-4.64"/>
        <vehicle id="cfm-fast_1" eclass="HBEFA3/PC_G_EU4" CO2="27786.69" CO="576.89" HC="3.31" NOx="12.88" PMx="0.69" fuel="11.94" electricity="0.00" noise="118.84" route="routebottom" type="cfm-fast" waiting="0.00" lane="bottom_0" pos="18.78" speed="7.23" angle="60.63" x="101.86" y="6.68"/>
        <vehicle id="cfm-fast_2" eclass="HBEFA3/PC_G_EU4" CO2="27786.69" CO="576.89" HC="3.31" NOx="12.88" PMx="0.69" fuel="11.94" electricity="0.00" noise="118.84" route="routebottom" type="cfm-fast" waiting="0.00" lane="bottom_0" pos="34.62" speed="7.23" angle="32.26" x="124.40" y="31.75"/>
        <vehicle id="cfm-fast_3" eclass="HBEFA3/PC_G_EU4" CO2="27786.69" CO="576.89" HC="3.31" NOx="12.88" PMx="0.69" fuel="11.94" electricity="0.00" noise="118.84" route="routebottom" type="cfm-fast" waiting="0.00" lane="right_0" pos="0.45" speed="7.23" angle="3.65" x="132.25" y="64.73"/>
        <vehicle id="cfm-fast_4" eclass="HBEFA3/PC_G_EU4" CO2="27786.69" CO="576.89" HC="3.31" NOx="12.88" PMx="0.69" fuel="11.94" electricity="0.00" noise="118.84" route="routeright" type="cfm-fast" waiting="0.00" lane="right_0" pos="16.28" speed="7.23" angle="335.13" x="123.46" y="97.27"/>
        <vehicle id="cfm-fast_5" eclass="HBEFA3/PC_G_EU4" CO2="27786.69" CO="576.89" HC="3.31" NOx="12.88" PMx="0.69" fuel="11.94" electricity="0.00" noise="118.84" route="routeright" type="cfm-fast" waiting="0.00" lane="right_0" pos="32.12" speed="7.23" angle="306.78" x="100.24" y="121.72"/>
        <vehicle id="cfm-slow_0" eclass="HBEFA3/PC_G_EU4" CO2="25526.22" CO="531.02" HC="3.05" NOx="11.82" PMx="0.63" fuel="10.97" electricity="0.00" noise="113.97" route="routeright" type="cfm-slow" waiting="0.00" lane="right_0" pos="47.95" speed="7.17" angle="278.29" x="68.17" y="132.12"/>
        <vehicle id="cfm-slow_1" eclass="HBEFA3/PC_G_EU4" CO2="25526.22" CO="531.02" HC="3.05" NOx="11.82" PMx="0.63" fuel="10.97" electricity="0.00" noise="113.97" route="routetop" type="cfm-slow" waiting="0.00" lane="top_0" pos="13.78" speed="7.17" angle="249.65" x="34.84" y="125.92"/>
        <vehicle id="cfm-slow_2" eclass="HBEFA3/PC_G_EU4" CO2="25526.25" CO="531.02" HC="3.05" NOx="11.82" PMx="0.63" fuel="10.97" electricity="0.00" noise="113.97" route="routetop" type="cfm-slow" waiting="0.00" lane="top_0" pos="29.62" speed="7.17" angle="221.23" x="8.66" y="104.67"/>
        <vehicle id="cfm-slow_3" eclass="HBEFA3/PC_G_EU4" CO2="25528.02" CO="531.06" HC="3.05" NOx="11.82" PMx="0.63" fuel="10.97" electricity="0.00" noise="113.97" route="routetop" type="cfm-slow" waiting="0.00" lane="top_0" pos="45.45" speed="7.17" angle="192.78" x="-4.23" y="73.52"/>
        <vehicle id="cfm-slow_4" eclass="HBEFA3/PC_G_EU4" CO2="25608.39" CO="532.70" HC="3.06" NOx="11.86" PMx="0.63" fuel="11.01" electricity="0.00" noise="114.15" route="routeleft" type="cfm-slow" waiting="0.00" lane="left_0" pos="11.28" speed="7.17" angle="164.08" x="-0.66" y="39.80"/>
        <vehicle id="cfm-slow_5" eclass="HBEFA3/PC_G_EU4" CO2="27786.69" CO="576.89" HC="3.31" NOx="12.88" PMx="0.69" fuel="11.94" electricity="0.00" noise="118.84" route="routeleft" type="cfm-slow" waiting="0.00" lane="left_0" pos="27.12" speed="7.23" angle="135.71" x="18.48" y="12.04"/>
    </timestep>
    <timestep time="0.54">
        <vehicle id="cfm-fast_0" eclass="HBEFA3/PC_G_EU4" CO2="28269.32" CO="585.25" HC="3.36" NOx="13.11" PMx="0.70" fuel="12.15" electricity="0.00" noise="118.89" route="routebottom" type="cfm-fast" waiting="0.00" lane="bottom_0" pos="3.03" speed="7.36" angle="89.07" x="70.26" y="-4.62"/>
        <vehicle id="cfm-fast_1" eclass="HBEFA3/PC_G_EU4" CO2="28269.32" CO="585.25" HC="3.36" NOx="13.11" PMx="0.70" fuel="12.15" electricity="0.00" noise="118.89" route="routebottom" type="cfm-fast" waiting="0.00" lane="bottom_0" pos="18.86" speed="7.36" angle="60.49" x="101.99" y="6.77"/>
        <vehicle id="cfm-fast_2" eclass="HBEFA3/PC_G_EU4" CO2="28269.32" CO="585.25" HC="3.36" NOx="13.11" PMx="0.70" fuel="12.15" electricity="0.00" noise="118.89" route="routebottom" type="cfm-fast" waiting="0.00" lane="bottom_0" pos="34.69" speed="7.36" angle="32.13" x="124.47" y="31.89"/>
        <vehicle id="cfm-fast_3" eclass="HBEFA3/PC_G_EU4" CO2="28269.32" CO="585.25" HC="3.36" NOx="13.11" PMx="0.70" fuel="12.15" electricity="0.00" noise="118.89" route="routebottom" type="cfm-fast" waiting="0.00" lane="right_0" pos="0.53" speed="7.36" angle="3.52" x="132.25" y="64.89"/>
        <vehicle id="cfm-fast_4" eclass="HBEFA3/PC_G_EU4" CO2="28269.32" CO="585.25" HC="3.36" NOx="13.11" PMx="0.70" fuel="12.15" electricity="0.00" noise="118.89" route="routeright" type="cfm-fast" waiting="0.00" lane="right_0" pos="16.36" speed="7.36" angle="335.00" x="123.38" y="97.41"/>
        <vehicle id="cfm-fast_5" eclass="HBEFA3/PC_G_EU4" CO2="28269.32" CO="585.25" HC="3.36" NOx="13.11" PMx="0.70" fuel="12.15" electricity="0.00" noise="118.89" route="routeright" type="cfm-fast" waiting="0.00" lane="right_0" pos="32.19" speed="7.36" angle="306.64" x="100.10" y="121.80"/>
        <vehicle id="cfm-slow_0" eclass="HBEFA3/PC_G_EU4" CO2="25713.39" CO="533.43" HC="3.06" NOx="11.90" PMx="0.64" fuel="11.05" electricity="0.00" noise="113.52" route="routeright" type="cfm-slow" waiting="0.00" lane="right_0" pos="48.02" speed="7.29" angle="278.15" x="68.01" y="132.13"/>
        <vehicle id="cfm-slow_1" eclass="HBEFA3/PC_G_EU4" CO2="25713.39" CO="533.43" HC="3.06" NOx="11.90" PMx="0.64" fuel="11.05" electricity="0.00" noise="113.52" route="routetop" type="cfm-slow" waiting="0.00" lane="top_0" pos="13.86" speed="7.29" angle="249.52" x="34.70" y="125.86"/>
        <vehicle id="cfm-slow_2" eclass="HBEFA3/PC_G_EU4" CO2="25713.43" CO="533.43" HC="3.06" NOx="11.90" PMx="0.64" fuel="11.05" electricity="0.00" noise="113.52" route="routetop" type="cfm-slow" waiting="0.00" lane="top_0" pos="29.69" speed="7.29" angle="221.10" x="8.57" y="104.54"/>
        <vehicle id="cfm-slow_3" eclass="HBEFA3/PC_G_EU4" CO2="25715.97" CO="533.48" HC="3.06" NOx="11.90" PMx="0.64" fuel="11.05" electricity="0.00" noise="113.52" route="routetop" type="cfm-slow" waiting="0.00" lane="top_0" pos="45.52" speed="7.29" angle="192.64" x="-4.25" y="73.36"/>
        <vehicle id="cfm-slow_4" eclass="HBEFA3/PC_G_EU4" CO2="25817.08" CO="535.54" HC="3.07" NOx="11.95" PMx="0.64" fuel="11.10" electricity="0.00" noise="113.74" route="routeleft" type="cfm-slow" waiting="0.00" lane="left_0" pos="11.36" speed="7.30" angle="163.95" x="-0.61" y="39.66"/>
        <vehicle id="cfm-slow_5" eclass="HBEFA3/PC_G_EU4" CO2="28269.32" CO="585.25" HC="3.36" NOx="13.11" PMx="0.70" fuel="12.15" electricity="0.00" noise="118.89" route="routeleft" type="cfm-slow" waiting="0.00" lane="left_0" pos="27.19" speed="7.36" angle="135.58" x="18.60" y="11.94"/>
    </timestep>
    <timestep time="0.55">
        <vehicle id="cfm-fast_0" eclass="HBEFA3/PC_G_EU4" CO2="28752.25" CO="593.63" HC="3.41" NOx="13.33" PMx="0.71" fuel="12.36" electricity="0.00" noise="118.95" route="routebottom" type="cfm-fast" waiting="0.00" lane="bottom_0" pos="3.10" speed="7.50" angle="88.93" x="70.42" y="-4.60"/>
        <vehicle id="cfm-fast_1" eclass="HBEFA3/PC_G_EU4" CO2="28752.25" CO="593.63" HC="3.41" NOx="13.33" PMx="0.71" fuel="12.36" electricity="0.00" noise="118.95" route="routebottom" type="cfm-fast" waiting="0.00" lane="bottom_0" pos="18.93" speed="7.50" angle="60.35" x="102.12" y="6.86"/>
        <vehicle id="cfm-fast_2" eclass="HBEFA3/PC_G_EU4" CO2="28752.25" CO="593.63" HC="3.41" NOx="13.33" PMx="0.71" fuel="12.36" electricity="0.00" noise="118.95" route="routebottom" type="cfm-fast" waiting="0.00" lane="bottom_0" pos="34.77" speed="7.50" angle="31.99" x="124.55" y="32.04"/>
        <vehicle id="cfm-fast_3" eclass="HBEFA3/PC_G_EU4" CO2="28752.25" CO="593.63" HC="3.41" NOx="13.33" PMx="0.71" fuel="12.36" electricity="0.00" noise="118.95" route="routebottom" type="cfm-fast" waiting="0.00" lane="right_0" pos="0.60" speed="7.50" angle="3.38" x="132.25" y="65.05"/>
        <vehicle id="cfm-fast_4" eclass="HBEFA3/PC_G_EU4" CO2="28752.25" CO="593.63" HC="3.41" NOx="13.33" PMx="0.71" fuel="12.36" electricity="0.00" noise="118.95" route="routeright" type="cfm-fast" waiting="0.00" lane="right_0" pos="16.43" speed="7.50" angle="334.86" x="123.30" y="97.55"/>
        <vehicle id="cfm-fast_5" eclass="HBEFA3/PC_G_EU4" CO2="28752.25" CO="593.63" HC="3.41" NOx="13.33" PMx="0.71" fuel="12.36" electricity="0.00" noise="118.95" route="routeright" type="cfm-fast" waiting="0.00" lane="right_0" pos="32.27" speed="7.50" angle="306.50" x="99.96" y="121.88"/>
        <vehicle id="cfm-slow_0" eclass="HBEFA3/PC_G_EU4" CO2="25891.81" CO="535.68" HC="3.08" NOx="11.98" PMx="0.64" fuel="11.13" electricity="0.00" noise="113.07" route="routeright" type="cfm-slow" waiting="0.00" lane="right_0" pos="48.10" speed="7.42" angle="278.01" x="67.85" y="132.14"/>
        <vehicle id="cfm-slow_1" eclass="HBEFA3/PC_G_EU4" CO2="25891.81" CO="535.68" HC="3.08" NOx="11.98" PMx="0.64" fuel="11.13" electricity="0.00" noise="113.07" route="routetop" type="cfm-slow" waiting="0.00" lane="top_0" pos="13.93" speed="7.42" angle="249.39" x="34.55" y="125.79"/>
        <vehicle id="cfm-slow_2" eclass="HBEFA3/PC_G_EU4" CO2="25891.88" CO="535.69" HC="3.08" NOx="11.98" PMx="0.64" fuel="11.13" electricity="0.00" noise="113.07" route="routetop" type="cfm-slow" waiting="0.00" lane="top_0" pos="29.76" speed="7.42" angle="220.96" x="8.48" y="104.41"/>
        <vehicle id="cfm-slow_3" eclass="HBEFA3/PC_G_EU4" CO2="25895.38" CO="535.76" HC="3.08" NOx="11.98" PMx="0.64" fuel="11.13" electricity="0.00" noise="113.08" route="routetop" type="cfm-slow" waiting="0.00" lane="top_0" pos="45.60" speed="7.42" angle="192.51" x="-4.27" y="73.20"/>
        <vehicle id="cfm-slow_4" eclass="HBEFA3/PC_G_EU4" CO2="26019.84" CO="538.29" HC="3.09" NOx="12.04" PMx="0.64" fuel="11.18" electricity="0.00" noise="113.35" route="routeleft" type="cfm-slow" waiting="0.00" lane="left_0" pos="11.43" speed="7.42" angle="163.84" x="-0.55" y="39.51"/>
        <vehicle id="cfm-slow_5" eclass="HBEFA3/PC_G_EU4" CO2="28752.25" CO="593.63" HC="3.41" NOx="13.33" PMx="0.71" fuel="12.36" electricity="0.00" noise="118.95" route="routeleft" type="cfm-slow" waiting="0.00" lane="left_0" pos="27.27" speed="7.50" angle="135.44" x="18.72" y="11.83"/>
    </timestep>
    <timestep time="0.56">
        <vehicle id="cfm-fast_0" eclass="HBEFA3/PC_G_EU4" CO2="29235.47" CO="602.03" HC="3.46" NOx="13.56" PMx="0.73" fuel="12.57" electricity="0.00" noise="119.01" route="routebottom" type="cfm-fast" waiting="0.00" lane="bottom_0" pos="3.18" speed="7.64" angle="88.80" x="70.58" y="-4.59"/>
        <vehicle id="cfm-fast_1" eclass="HBEFA3/PC_G_EU4" CO2="29235.47" CO="602.03" HC="3.46" NOx="13.56" PMx="0.73" fuel="12.57" electricity="0.00" noise="119.01" route="routebottom" type="cfm-fast" waiting="0.00" lane="bottom_0" pos="19.01" speed="7.64" angle="60.21" x="102.26" y="6.95"/>
        <vehicle id="cfm-fast_2" eclass="HBEFA3/PC_G_EU4" CO2="29235.47" CO="602.03" HC="3.46" NOx="13.56" PMx="0.73" fuel="12.57" electricity="0.00" noise="119.01" route="routebottom" type="cfm-fast" waiting="0.00" lane="bottom_0" pos="34.84" speed="7.64" angle="31.85" x="124.62" y="32.19"/>
        <vehicle id="cfm-fast_3" eclass="HBEFA3/PC_G_EU4" CO2="29235.47" CO="602.03" HC="3.46" NOx="13.56" PMx="0.73" fuel="12.57" electricity="0.00" noise="119.01" route="routebottom" type="cfm-fast" waiting="0.00" lane="right_0" pos="0.68" speed="7.64" angle="3.24" x="132.24" y="65.21"/>
        <vehicle id="cfm-fast_4" eclass="HBEFA3/PC_G_EU4" CO2="29235.47" CO="602.03" HC="3.46" NOx="13.56" PMx="0.73" fuel="12.57" electricity="0.00" noise="119.01" route="routeright" type="cfm-fast" waiting="0.00" lane="right_0" pos="16.51" speed="7.64" angle="334.72" x="123.23" y="97.70"/>
        <vehicle id="cfm-fast_5" eclass="HBEFA3/PC_G_EU4" CO2="29235.47" CO="602.03" HC="3.46" NOx="13.56" PMx="0.73" fuel="12.57" electricity="0.00" noise="119.01" route="routeright" type="cfm-fast" waiting="0.00" lane="right_0" pos="32.34" speed="7.64" angle="306.35" x="99.82" y="121.97"/>
        <vehicle id="cfm-slow_0" eclass="HBEFA3/PC_G_EU4" CO2="26061.70" CO="537.79" HC="3.09" NOx="12.06" PMx="0.64" fuel="11.20" electricity="0.00" noise="112.63" route="routeright" type="cfm-slow" waiting="0.00" lane="right_0" pos="48.17" speed="7.54" angle="277.87" x="67.69" y="132.15"/>
        <vehicle id="cfm-slow_1" eclass="HBEFA3/PC_G_EU4" CO2="26061.70" CO="537.79" HC="3.09" NOx="12.06" PMx="0.64" fuel="11.20" electricity="0.00" noise="112.63" route="routetop" type="cfm-slow" waiting="0.00" lane="top_0" pos="14.01" speed="7.54" angle="249.28" x="34.40" y="125.73"/>
        <vehicle id="cfm-slow_2" eclass="HBEFA3/PC_G_EU4" CO2="26061.80" CO="537.79" HC="3.09" NOx="12.06" PMx="0.64" fuel="11.20" electricity="0.00" noise="112.63" route="routetop" type="cfm-slow" waiting="0.00" lane="top_0" pos="29.84" speed="7.54" angle="220.82" x="8.38" y="104.28"/>
        <vehicle id="cfm-slow_3" eclass="HBEFA3/PC_G_EU4" CO2="26066.49" CO="537.89" HC="3.09" NOx="12.06" PMx="0.64" fuel="11.20" electricity="0.00" noise="112.64" route="routetop" type="cfm-slow" waiting="0.00" lane="top_0" pos="45.67" speed="7.54" angle="192.37" x="-4.30" y="73.04"/>
        <vehicle id="cfm-slow_4" eclass="HBEFA3/PC_G_EU4" CO2="26216.93" CO="540.95" HC="3.11" NOx="12.13" PMx="0.65" fuel="11.27" electricity="0.00" noise="112.96" route="routeleft" type="cfm-slow" waiting="0.00" lane="left_0" pos="11.51" speed="7.54" angle="163.74" x="-0.50" y="39.35"/>
        <vehicle id="cfm-slow_5" eclass="HBEFA3/PC_G_EU4" CO2="29235.47" CO="602.03" HC="3.46" NOx="13.56" PMx="0.73" fuel="12.57" electricity="0.00" noise="119.01" route="routeleft" type="cfm-slow" waiting="0.00" lane="left_0" pos="27.34" speed="7.64" angle="135.29" x="18.85" y="11.73"/>
    </timestep>
    <timestep time="0.57">
        <vehicle id="cfm-fast_0" eclass="HBEFA3/PC_G_EU4" CO2="29718.98" CO="610.45" HC="3.51" NOx="13.78" PMx="0.74" fuel="12.77" electricity="0.00" noise="119.07" route="routebottom" type="cfm-fast" waiting="0.00" lane="bottom_0" pos="3.25" speed="7.77" angle="88.66" x="70.75" y="-4.57"/>
        <vehicle id="cfm-fast_1" eclass="HBEFA3/PC_G_EU4" CO2="29718.98" CO="610.45" HC="3.51" NOx="13.78" PMx="0.74" fuel="12.77" electricity="0.00" noise="119.07" route="routebottom" type="cfm-fast" waiting="0.00" lane="bottom_0" pos="19.09" speed="7.77" angle="60.07" x="102.40" y="7.04"/>
        <vehicle id="cfm-fast_2" eclass="HBEFA3/PC_G_EU4" CO2="29718.98" CO="610.45" HC="3.51" NOx="13.78" PMx="0.74" fuel="12.77" electricity="0.00" noise="119.07" route="routebottom" type="cfm-fast" waiting="0.00" lane="bottom_0" pos="34.92" speed="7.77" angle="31.71" x="124.69" y="32.33"/>
        <vehicle id="cfm-fast_3" eclass="HBEFA3/PC_G_EU4" CO2="29718.98" CO="610.45" HC="3.51" NOx="13.78" PMx="0.74" fuel="12.77" electricity="0.00" noise="119.07" route="routebottom" type="cfm-fast" waiting="0.00" lane="right_0" pos="0.75" speed="7.77" angle="3.10" x="132.24" y="65.38"/>
        <vehicle id="cfm-fast_4" eclass="HBEFA3/PC_G_EU4" CO2="29718.98" CO="610.45" HC="3.51" NOx="13.78" PMx="0.74" fuel="12.77" electricity="0.00" noise="119.07" route="routeright" type="cfm-fast" waiting="0.00" lane="right_0" pos="16.59" speed="7.77" angle="334.61" x="123.14" y="97.84"/>
        <vehicle id="cfm-fast_5" eclass="HBEFA3/PC_G_EU4" CO2="29718.98" CO="610.45" HC="3.51" NOx="13.78" PMx="0.74" fuel="12.77" electricity="0.00" noise="119.07" route="routeright" type="cfm-fast" waiting="0.00" lane="right_0" pos="32.42" speed="7.77" angle="306.20" x="99.68" y="122.05"/>
        <vehicle id="cfm-slow_0" eclass="HBEFA3/PC_G_EU4" CO2="26223.26" CO="539.75" HC="3.10" NOx="12.13" PMx="0.65" fuel="11.27" electricity="0.00" noise="112.20" route="routeright" type="cfm-slow" waiting="0.00" lane="right_0" pos="48.25" speed="7.66" angle="277.73" x="67.53" y="132.16"/>
        <vehicle id="cfm-slow_1" eclass="HBEFA3/PC_G_EU4" CO2="26223.26" CO="539.75" HC="3.10" NOx="12.13" PMx="0.65" fuel="11.27" electricity="0.00" noise="112.20" route="routetop" type="cfm-slow" waiting="0.00" lane="top_0" pos="14.08" speed="7.66" angle="249.17" x="34.25" y="125.66"/>
        <vehicle id="cfm-slow_2" eclass="HBEFA3/PC_G_EU4" CO2="26223.41" CO="539.75" HC="3.10" NOx="12.13" PMx="0.65" fuel="11.27" electricity="0.00" noise="112.20" route="routetop" type="cfm-slow" waiting="0.00" lane="top_0" pos="29.91" speed="7.66" angle="220.68" x="8.28" y="104.15"/>
        <vehicle id="cfm-slow_3" eclass="HBEFA3/PC_G_EU4" CO2="26229.52" CO="539.87" HC="3.10" NOx="12.14" PMx="0.65" fuel="11.27" electricity="0.00" noise="112.21" route="routetop" type="cfm-slow" waiting="0.00" lane="top_0" pos="45.75" speed="7.66" angle="192.23" x="-4.32" y="72.88"/>
        <vehicle id="cfm-slow_4" eclass="HBEFA3/PC_G_EU4" CO2="26408.62" CO="543.52" HC="3.12" NOx="12.22" PMx="0.65" fuel="11.35" electricity="0.00" noise="112.58" route="routeleft" type="cfm-slow" waiting="0.00" lane="left_0" pos="11.58" speed="7.66" angle="163.61" x="-0.44" y="39.20"/>
        <vehicle id="cfm-slow_5" eclass="HBEFA3/PC_G_EU4" CO2="29718.98" CO="610.45" HC="3.51" NOx="13.78" PMx="0.74" fuel="12.77" electricity="0.00" noise="119.07" route="routeleft" type="cfm-slow" waiting="0.00" lane="left_0" pos="27.42" speed="7.77" angle="135.15" x="18.98" y="11.62"/>
    </timestep>
    <timestep time="0.58">
        <vehicle id="cfm-fast_0" eclass="HBEFA3/PC_G_EU4" CO2="30202.79" CO="618.90" HC="3.56" NOx="14.00" PMx="0.75" fuel="12.98" electricity="0.00" noise="119.13" route="routebottom" type="cfm-fast" waiting="0.00" lane="bottom_0" pos="3.33" speed="7.91" angle="88.52" x="70.92" y="-4.55"/>
        <vehicle id="cfm-fast_1" eclass="HBEFA3/PC_G_EU4" CO2="30202.79" CO="618.90" HC="3.56" NOx="14.00" PMx="0.75" fuel="12.98" electricity="0.00" noise="119.13" route="routebottom" type="cfm-fast" waiting="0.00" lane="bottom_0" pos="19.17" speed="7.91" angle="59.96" x="102.54" y="7.13"/>
        <vehicle id="cfm-fast_2" eclass="HBEFA3/PC_G_EU4" CO2="30202.79" CO="618.90" HC="3.56" NOx="14.00" PMx="0.75" fuel="12.98" electricity="0.00" noise="119.13" route="routebottom" type="cfm-fast" waiting="0.00" lane="bottom_0" pos="35.00" speed="7.91" angle="31.57" x="124.77" y="32.49"/>
        <vehicle id="cfm-fast_3" eclass="HBEFA3/PC_G_EU4" CO2="30202.79" CO="618.90" HC="3.56" NOx="14.00" PMx="0.75" fuel="12.98" electricity="0.00" noise="119.13" route="routebottom" type="cfm-fast" waiting="0.00" lane="right_0" pos="0.83" speed="7.91" angle="2.96" x="132.24" y="65.55"/>
        <vehicle id="cfm-fast_4" eclass="HBEFA3/PC_G_EU4" CO2="30202.79" CO="618.90" HC="3.56" NOx="14.00" PMx="0.75" fuel="12.98" electricity="0.00" noise="119.13" route="routeright" type="cfm-fast" waiting="0.00" lane="right_0" pos="16.67" speed="7.91" angle="334.49" x="123.06" y="97.99"/>
        <vehicle id="cfm-fast_5" eclass="HBEFA3/PC_G_EU4" CO2="30202.79" CO="618.90" HC="3.56" NOx="14.00" PMx="0.75" fuel="12.98" electricity="0.00" noise="119.13" route="routeright" type="cfm-fast" waiting="0.00" lane="right_0" pos="32.50" speed="7.91" angle="306.05" x="99.53" y="122.14"/>
        <vehicle id="cfm-slow_0" eclass="HBEFA3/PC_G_EU4" CO2="26376.69" CO="541.56" HC="3.11" NOx="12.20" PMx="0.65" fuel="11.34" electricity="0.00" noise="111.76" route="routeright" type="cfm-slow" waiting="0.00" lane="right_0" pos="48.33" speed="7.78" angle="277.58" x="67.36" y="132.17"/>
        <vehicle id="cfm-slow_1" eclass="HBEFA3/PC_G_EU4" CO2="26376.69" CO="541.56" HC="3.11" NOx="12.20" PMx="0.65" fuel="11.34" electricity="0.00" noise="111.76" route="routetop" type="cfm-slow" waiting="0.00" lane="top_0" pos="14.16" speed="7.78" angle="249.02" x="34.10" y="125.59"/>
        <vehicle id="cfm-slow_2" eclass="HBEFA3/PC_G_EU4" CO2="26376.89" CO="541.56" HC="3.11" NOx="12.20" PMx="0.65" fuel="11.34" electricity="0.00" noise="111.77" route="routetop" type="cfm-slow" waiting="0.00" lane="top_0" pos="29.99" speed="7.78" angle="220.53" x="8.19" y="104.01"/>
        <vehicle id="cfm-slow_3" eclass="HBEFA3/PC_G_EU4" CO2="26384.71" CO="541.72" HC="3.12" NOx="12.21" PMx="0.65" fuel="11.34" electricity="0.00" noise="111.78" route="routetop" type="cfm-slow" waiting="0.00" lane="top_0" pos="45.83" speed="7.78" angle="192.08" x="-4.34" y="72.71"/>
        <vehicle id="cfm-slow_4" eclass="HBEFA3/PC_G_EU4" CO2="26595.19" CO="546.00" HC="3.14" NOx="12.31" PMx="0.66" fuel="11.43" electricity="0.00" noise="112.21" route="routeleft" type="cfm-slow" waiting="0.00" lane="left_0" pos="11.66" speed="7.79" angle="163.47" x="-0.38" y="39.04"/>
        <vehicle id="cfm-slow_5" eclass="HBEFA3/PC_G_EU4" CO2="30202.79" CO="618.90" HC="3.56" NOx="14.00" PMx="0.75" fuel="12.98" electricity="0.00" noise="119.13" route="routeleft" type="cfm-slow" waiting="0.00" lane="left_0" pos="27.50" speed="7.91" angle="135.00" x="19.11" y="11.51"/>
    </timestep>
    <timestep time="0.59">
        <vehicle id="cfm-fast_0" eclass="HBEFA3/PC_G_EU4" CO2="30686.88" CO="627.36" HC="3.61" NOx="14.23" PMx="0.76" fuel="13.19" electricity="0.00" noise="119.19" route="routebottom" type="cfm-fast" waiting="0.00" lane="bottom_0" pos="3.41" speed="8.05" angle="88.37" x="71.09" y="-4.54"/>
        <vehicle id="cfm-fast_1" eclass="HBEFA3/PC_G_EU4" CO2="30686.88" CO="627.36" HC="3.61" NOx="14.23" PMx="0.76" fuel="13.19" electricity="0.00" noise="119.19" route="routebottom" type="cfm-fast" waiting="0.00" lane="bottom_0" pos="19.25" speed="8.05" angle="59.83" x="102.69" y="7.23"/>
        <vehicle id="cfm-fast_2" eclass="HBEFA3/PC_G_EU4" CO2="30686.88" CO="627.36" HC="3.61" NOx="14.23" PMx="0.76" fuel="13.19" electricity="0.00" noise="119.19" route="routebottom" type="cfm-fast" waiting="0.00" lane="bottom_0" pos="35.08" speed="8.05" angle="31.42" x="124.85" y="32.64"/>
        <vehicle id="cfm-fast_3" eclass="HBEFA3/PC_G_EU4" CO2="30686.88" CO="627.36" HC="3.61" NOx="14.23" PMx="0.76" fuel="13.19" electricity="0.00" noise="119.19" route="routebottom" type="cfm-fast" waiting="0.00" lane="right_0" pos="0.91" speed="8.05" angle="2.81" x="132.23" y="65.73"/>
        <vehicle id="cfm-fast_4" eclass="HBEFA3/PC_G_EU4" CO2="30686.88" CO="627.36" HC="3.61" NOx="14.23" PMx="0.76" fuel="13.19" electricity="0.00" noise="119.19" route="routeright" type="cfm-fast" waiting="0.00" lane="right_0" pos="16.75" speed="8.05" angle="334.35" x="122.97" y="98.14"/>
        <vehicle id="cfm-fast_5" eclass="HBEFA3/PC_G_EU4" CO2="30686.88" CO="627.36" HC="3.61" NOx="14.23" PMx="0.76" fuel="13.19" electricity="0.00" noise="119.19" route="routeright" type="cfm-fast" waiting="0.00" lane="right_0" pos="32.58" speed="8.05" angle="305.90" x="99.38" y="122.23"/>
        <vehicle id="cfm-slow_0" eclass="HBEFA3/PC_G_EU4" CO2="26522.17" CO="543.24" HC="3.13" NOx="12.27" PMx="0.66" fuel="11.40" electricity="0.00" noise="111.34" route="routeright" type="cfm-slow" waiting="0.00" lane="right_0" pos="48.41" speed="7.90" angle="277.43" x="67.19" y="132.18"/>
        <vehicle id="cfm-slow_1" eclass="HBEFA3/PC_G_EU4" CO2="26522.18" CO="543.24" HC="3.13" NOx="12.27" PMx="0.66" fuel="11.40" electricity="0.00" noise="111.34" route="routetop" type="cfm-slow" waiting="0.00" lane="top_0" pos="14.24" speed="7.90" angle="248.87" x="33.95" y="125.51"/>
        <vehicle id="cfm-slow_2" eclass="HBEFA3/PC_G_EU4" CO2="26522.46" CO="543.24" HC="3.13" NOx="12.27" PMx="0.66" fuel="11.40" electricity="0.00" noise="111.34" route="routetop" type="cfm-slow" waiting="0.00" lane="top_0" pos="30.07" speed="7.90" angle="220.39" x="8.09" y="103.88"/>
        <vehicle id="cfm-slow_3" eclass="HBEFA3/PC_G_EU4" CO2="26532.27" CO="543.44" HC="3.13" NOx="12.27" PMx="0.66" fuel="11.40" electricity="0.00" noise="111.36" route="routetop" type="cfm-slow" waiting="0.00" lane="top_0" pos="45.91" speed="7.90" angle="191.94" x="-4.36" y="72.55"/>
        <vehicle id="cfm-slow_4" eclass="HBEFA3/PC_G_EU4" CO2="26776.87" CO="548.41" HC="3.16" NOx="12.39" PMx="0.66" fuel="11.51" electricity="0.00" noise="111.84" route="routeleft" type="cfm-slow" waiting="0.00" lane="left_0" pos="11.74" speed="7.91" angle="163.33" x="-0.31" y="38.89"/>
        <vehicle id="cfm-slow_5" eclass="HBEFA3/PC_G_EU4" CO2="30686.88" CO="627.36" HC="3.61" NOx="14.23" PMx="0.76" fuel="13.19" electricity="0.00" noise="119.19" route="routeleft" type="cfm-slow" waiting="0.00" lane="left_0" pos="27.58" speed="8.05" angle="134.85" x="19.24" y="11.40"/>
    </timestep>
    <timestep time="0.60">
        <vehicle id="cfm-fast_0" eclass="HBEFA3/PC_G_EU4" CO2="31171.27" CO="635.85" HC="3.66" NOx="14.45" PMx="0.78" fuel="13.40" electricity="0.00" noise="119.25" route="routebottom" type="cfm-fast" waiting="0.00" lane="bottom_0" pos="3.50" speed="8.18" angle="88.22" x="71.26" y="-4.52"/>
        <vehicle id="cfm-fast_1" eclass="HBEFA3/PC_G_EU4" CO2="31171.27" CO="635.85" HC="3.66" NOx="14.45" PMx="0.78" fuel="13.40" electricity="0.00" noise="119.25" route="routebottom" type="cfm-fast" waiting="0.00" lane="bottom_0" pos="19.33" speed="8.18" angle="59.68" x="102.83" y="7.34"/>
        <vehicle id="cfm-fast_2" eclass="HBEFA3/PC_G_EU4" CO2="31171.27" CO="635.85" HC="3.66" NOx="14.45" PMx="0.78" fuel="13.40" electricity="0.00" noise="119.25" route="routebottom" type="cfm-fast" waiting="0.00" lane="bottom_0" pos="35.16" speed="8.18" angle="31.27" x="124.93" y="32.80"/>
        <vehicle id="cfm-fast_3" eclass="HBEFA3/PC_G_EU4" CO2="31171.27" CO="635.85" HC="3.66" NOx="14.45" PMx="0.78" fuel="13.40" electricity="0.00" noise="119.25" route="routebottom" type="cfm-fast" waiting="0.00" lane="right_0" pos="1.00" speed="8.18" angle="2.67" x="132.23" y="65.90"/>
        <vehicle id="cfm-fast_4" eclass="HBEFA3/PC_G_EU4" CO2="31171.27" CO="635.85" HC="3.66" NOx="14.45" PMx="0.78" fuel="13.40" electricity="0.00" noise="119.25" route="routeright" type="cfm-fast" waiting="0.00" lane="right_0" pos="16.83" speed="8.18" angle="334.20" x="122.88" y="98.29"/>
        <vehicle id="cfm-fast_5" eclass="HBEFA3/PC_G_EU4" CO2="31171.27" CO="635.85" HC="3.66" NOx="14.45" PMx="0.78" fuel="13.40" electricity="0.00" noise="119.25" route="routeright" type="cfm-fast" waiting="0.00" lane="right_0" pos="32.66" speed="8.18" angle="305.75" x="99.23" y="122.32"/>
        <vehicle id="cfm-slow_0" eclass="HBEFA3/PC_G_EU4" CO2="26659.91" CO="544.77" HC="3.14" NOx="12.33" PMx="0.66" fuel="11.46" electricity="0.00" noise="110.91" route="routeright" type="cfm-slow" waiting="0.00" lane="right_0" pos="48.49" speed="8.02" angle="277.28" x="67.02" y="132.19"/>
        <vehicle id="cfm-slow_1" eclass="HBEFA3/PC_G_EU4" CO2="26659.92" CO="544.77" HC="3.14" NOx="12.33" PMx="0.66" fuel="11.46" electricity="0.00" noise="110.91" route="routetop" type="cfm-slow" waiting="0.00" lane="top_0" pos="14.32" speed="8.02" angle="248.72" x="33.80" y="125.43"/>
        <vehicle id="cfm-slow_2" eclass="HBEFA3/PC_G_EU4" CO2="26660.29" CO="544.78" HC="3.14" NOx="12.33" PMx="0.66" fuel="11.46" electricity="0.00" noise="110.91" route="routetop" type="cfm-slow" waiting="0.00" lane="top_0" pos="30.15" speed="8.02" angle="220.24" x="7.99" y="103.74"/>
        <vehicle id="cfm-slow_3" eclass="HBEFA3/PC_G_EU4" CO2="26672.43" CO="545.03" HC="3.14" NOx="12.34" PMx="0.66" fuel="11.47" electricity="0.00" noise="110.94" route="routetop" type="cfm-slow" waiting="0.00" lane="top_0" pos="45.99" speed="8.02" angle="191.79" x="-4.39" y="72.37"/>
        <vehicle id="cfm-slow_4" eclass="HBEFA3/PC_G_EU4" CO2="26953.93" CO="550.74" HC="3.17" NOx="12.47" PMx="0.67" fuel="11.59" electricity="0.00" noise="111.49" route="routeleft" type="cfm-slow" waiting="0.00" lane="left_0" pos="11.82" speed="8.02" angle="163.18" x="-0.25" y="38.73"/>
        <vehicle id="cfm-slow_5" eclass="HBEFA3/PC_G_EU4" CO2="31171.27" CO="635.85" HC="3.66" NOx="14.45" PMx="0.78" fuel="13.40" electricity="0.00" noise="119.25" route="routeleft" type="cfm-slow" waiting="0.00" lane="left_0" pos="27.66" speed="8.18" angle="134.70" x="19.37" y="11.28"/>
    </timestep>
    <timestep time="0.61">
        <vehicle id="cfm-fast_0" eclass="HBEFA3/PC_G_EU4" CO2="31655.95" CO="644.36" HC="3.71" NOx="14.68" PMx="0.79" fuel="13.61" electricity="0.00" noise="119.30" route="routebottom" type="cfm-fast" waiting="0.00" lane="bottom_0" pos="3.58" speed="8.32" angle="88.07" x="71.44" y="-4.50"/>
        <vehicle id="cfm-fast_1" eclass="HBEFA3/PC_G_EU4" CO2="31655.95" CO="644.36" HC="3.71" NOx="14.68" PMx="0.79" fuel="13.61" electricity="0.00" noise="119.30" route="routebottom" type="cfm-fast" waiting="0.00" lane="bottom_0" pos="19.41" speed="8.32" angle="59.53" x="102.97" y="7.44"/>
        <vehicle id="cfm-fast_2" eclass="HBEFA3/PC_G_EU4" CO2="31655.95" CO="644.36" HC="3.71" NOx="14.68" PMx="0.79" fuel="13.61" electricity="0.00" noise="119.30" route="routebottom" type="cfm-fast" waiting="0.00" lane="bottom_0" pos="35.25" speed="8.32" angle="31.12" x="125.01" y="32.96"/>
        <vehicle id="cfm-fast_3" eclass="HBEFA3/PC_G_EU4" CO2="31655.95" CO="644.36" HC="3.71" NOx="14.68" PMx="0.79" fuel="13.61" electricity="0.00" noise="119.30" route="routebottom" type="cfm-fast" waiting="0.00" lane="right_0" pos="1.08" speed="8.32" angle="2.52" x="132.23" y="66.08"/>
        <vehicle id="cfm-fast_4" eclass="HBEFA3/PC_G_EU4" CO2="31655.95" CO="644.36" HC="3.71" NOx="14.68" PMx="0.79" fuel="13.61" electricity="0.00" noise="119.30" route="routeright" type="cfm-fast" waiting="0.00" lane="right_0" pos="16.91" speed="8.32" angle="334.05" x="122.79" y="98.45"/>
        <vehicle id="cfm-fast_5" eclass="HBEFA3/PC_G_EU4" CO2="31655.95" CO="644.36" HC="3.71" NOx="14.68" PMx="0.79" fuel="13.61" electricity="0.00" noise="119.30" route="routeright" type="cfm-fast" waiting="0.00" lane="right_0" pos="32.75" speed="8.32" angle="305.59" x="99.08" y="122.41"/>
        <vehicle id="cfm-slow_0" eclass="HBEFA3/PC_G_EU4" CO2="26790.09" CO="546.18" HC="3.15" NOx="12.39" PMx="0.66" fuel="11.52" electricity="0.00" noise="110.49" route="routeright" type="cfm-slow" waiting="0.00" lane="right_0" pos="48.57" speed="8.13" angle="277.13" x="66.84" y="132.20"/>
        <vehicle id="cfm-slow_1" eclass="HBEFA3/PC_G_EU4" CO2="26790.10" CO="546.18" HC="3.15" NOx="12.39" PMx="0.66" fuel="11.52" electricity="0.00" noise="110.49" route="routetop" type="cfm-slow" waiting="0.00" lane="top_0" pos="14.40" speed="8.13" angle="248.56" x="33.64" y="125.35"/>
        <vehicle id="cfm-slow_2" eclass="HBEFA3/PC_G_EU4" CO2="26790.59" CO="546.19" HC="3.15" NOx="12.39" PMx="0.66" fuel="11.52" electricity="0.00" noise="110.49" route="routetop" type="cfm-slow" waiting="0.00" lane="top_0" pos="30.23" speed="8.13" angle="220.09" x="7.89" y="103.59"/>
        <vehicle id="cfm-slow_3" eclass="HBEFA3/PC_G_EU4" CO2="26805.39" CO="546.49" HC="3.15" NOx="12.40" PMx="0.66" fuel="11.52" electricity="0.00" noise="110.52" route="routetop" type="cfm-slow" waiting="0.00" lane="top_0" pos="46.07" speed="8.13" angle="191.64" x="-4.41" y="72.20"/>
        <vehicle id="cfm-slow_4" eclass="HBEFA3/PC_G_EU4" CO2="27126.58" CO="553.01" HC="3.19" NOx="12.55" PMx="0.67" fuel="11.66" electricity="0.00" noise="111.14" route="routeleft" type="cfm-slow" waiting="0.00" lane="left_0" pos="11.90" speed="8.14" angle="163.04" x="-0.18" y="38.56"/>
        <vehicle id="cfm-slow_5" eclass="HBEFA3/PC_G_EU4" CO2="31655.95" CO="644.36" HC="3.71" NOx="14.68" PMx="0.79" fuel="13.61" electricity="0.00" noise="119.30" route="routeleft" type="cfm-slow" waiting="0.00" lane="left_0" pos="27.75" speed="8.32" angle="134.54" x="19.51" y="11.17"/>
    </timestep>
    <timestep time="0.62">
        <vehicle id="cfm-fast_0" eclass="HBEFA3/PC_G_EU4" CO2="32140.92" CO="652.89" HC="3.76" NOx="14.90" PMx="0.80" fuel="13.82" electricity="0.00" noise="119.36" route="routebottom" type="cfm-fast" waiting="0.00" lane="bottom_0" pos="3.66" speed="8.45" angle="87.92" x="71.62" y="-4.48"/>
        <vehicle id="cfm-fast_1" eclass="HBEFA3/PC_G_EU4" CO2="32140.92" CO="652.89" HC="3.76" NOx="14.90" PMx="0.80" fuel="13.82" electricity="0.00" noise="119.36" route="routebottom" type="cfm-fast" waiting="0.00" lane="bottom_0" pos="19.50" speed="8.45" angle="59.37" x="103.12" y="7.55"/>
        <vehicle id="cfm-fast_2" eclass="HBEFA3/PC_G_EU4" CO2="32140.92" CO="652.89" HC="3.76" NOx="14.90" PMx="0.80" fuel="13.82" electricity="0.00" noise="119.36" route="routebottom" type="cfm-fast" waiting="0.00" lane="bottom_0" pos="35.33" speed="8.45" angle="30.97" x="125.09" y="33.12"/>
        <vehicle id="cfm-fast_3" eclass="HBEFA3/PC_G_EU4" CO2="32140.92" CO="652.89" HC="3.76" NOx="14.90" PMx="0.80" fuel="13.82" electricity="0.00" noise="119.36" route="routebottom" type="cfm-fast" waiting="0.00" lane="right_0" pos="1.16" speed="8.45" angle="2.36" x="132.22" y="66.26"/>
        <vehicle id="cfm-fast_4" eclass="HBEFA3/PC_G_EU4" CO2="32140.92" CO="652.89" HC="3.76" NOx="14.90" PMx="0.80" fuel="13.82" electricity="0.00" noise="119.36" route="routeright" type="cfm-fast" waiting="0.00" lane="right_0" pos="17.00" speed="8.45" angle="333.90" x="122.70" y="98.60"/>
        <vehicle id="cfm-fast_5" eclass="HBEFA3/PC_G_EU4" CO2="32140.92" CO="652.89" HC="3.76" NOx="14.90" PMx="0.80" fuel="13.82" electricity="0.00" noise="119.36" route="routeright" type="cfm-fast" waiting="0.00" lane="right_0" pos="32.83" speed="8.45" angle="305.43" x="98.92" y="122.51"/>
        <vehicle id="cfm-slow_0" eclass="HBEFA3/PC_G_EU4" CO2="26912.89" CO="547.46" HC="3.15" NOx="12.44" PMx="0.66" fuel="11.57" electricity="0.00" noise="110.08" route="routeright" type="cfm-slow" waiting="0.00" lane="right_0" pos="48.65" speed="8.25" angle="276.99" x="66.67" y="132.21"/>
        <vehicle id="cfm-slow_1" eclass="HBEFA3/PC_G_EU4" CO2="26912.91" CO="547.46" HC="3.15" NOx="12.44" PMx="0.66" fuel="11.57" electricity="0.00" noise="110.08" route="routetop" type="cfm-slow" waiting="0.00" lane="top_0" pos="14.48" speed="8.25" angle="248.41" x="33.48" y="125.27"/>
        <vehicle id="cfm-slow_2" eclass="HBEFA3/PC_G_EU4" CO2="26913.53" CO="547.47" HC="3.15" NOx="12.44" PMx="0.66" fuel="11.57" electricity="0.00" noise="110.08" route="routetop" type="cfm-slow" waiting="0.00" lane="top_0" pos="30.32" speed="8.25" angle="219.93" x="7.78" y="103.45"/>
        <vehicle id="cfm-slow_3" eclass="HBEFA3/PC_G_EU4" CO2="26931.38" CO="547.84" HC="3.16" NOx="12.45" PMx="0.67" fuel="11.58" electricity="0.00" noise="110.11" route="routetop" type="cfm-slow" waiting="0.00" lane="top_0" pos="46.15" speed="8.25" angle="191.53" x="-4.44" y="72.03"/>
        <vehicle id="cfm-slow_4" eclass="HBEFA3/PC_G_EU4" CO2="27295.08" CO="555.21" HC="3.20" NOx="12.62" PMx="0.67" fuel="11.73" electricity="0.00" noise="110.80" route="routeleft" type="cfm-slow" waiting="0.00" lane="left_0" pos="11.98" speed="8.26" angle="162.89" x="-0.12" y="38.40"/>
        <vehicle id="cfm-slow_5" eclass="HBEFA3/PC_G_EU4" CO2="32140.92" CO="652.89" HC="3.76" NOx="14.90" PMx="0.80" fuel="13.82" electricity="0.00" noise="119.36" route="routeleft" type="cfm-slow" waiting="0.00" lane="left_0" pos="27.83" speed="8.45" angle="134.38" x="19.65" y="11.05"/>
    </timestep>
    <timestep time="0.63">
        <vehicle id="cfm-fast_0" eclass="HBEFA3/PC_G_EU4" CO2="32626.19" CO="661.44" HC="3.82" NOx="15.13" PMx="0.81" fuel="14.02" electricity="0.00" noise="119.42" route="routebottom" type="cfm-fast" waiting="0.00" lane="bottom_0" pos="3.75" speed="8.59" angle="87.77" x="71.81" y="-4.46"/>
        <vehicle id="cfm-fast_1" eclass="HBEFA3/PC_G_EU4" CO2="32626.19" CO="661.44" HC="3.82" NOx="15.13" PMx="0.81" fuel="14.02" electricity="0.00" noise="119.42" route="routebottom" type="cfm-fast" waiting="0.00" lane="bottom_0" pos="19.58" speed="8.59" angle="59.21" x="103.27" y="7.65"/>
        <vehicle id="cfm-fast_2" eclass="HBEFA3/PC_G_EU4" CO2="32626.19" CO="661.44" HC="3.82" NOx="15.13" PMx="0.81" fuel="14.02" electricity="0.00" noise="119.42" route="routebottom" type="cfm-fast" waiting="0.00" lane="bottom_0" pos="35.42" speed="8.59" angle="30.81" x="125.17" y="33.29"/>
        <vehicle id="cfm-fast_3" eclass="HBEFA3/PC_G_EU4" CO2="32626.19" CO="661.44" HC="3.82" NOx="15.13" PMx="0.81" fuel="14.02" electricity="0.00" noise="119.42" route="routebottom" type="cfm-fast" waiting="0.00" lane="right_0" pos="1.25" speed="8.59" angle="2.23" x="132.22" y="66.45"/>
        <vehicle id="cfm-fast_4" eclass="HBEFA3/PC_G_EU4" CO2="32626.19" CO="661.44" HC="3.82" NOx="15.13" PMx="0.81" fuel="14.02" electricity="0.00" noise="119.42" route="routeright" type="cfm-fast" waiting="0.00" lane="right_0" pos="17.08" speed="8.59" angle="333.74" x="122.60" y="98.76"/>
        <vehicle id="cfm-fast_5" eclass="HBEFA3/PC_G_EU4" CO2="32626.19" CO="661.44" HC="3.82" NOx="15.13" PMx="0.81" fuel="14.02" electricity="0.00" noise="119.42" route="routeright" type="cfm-fast" waiting="0.00" lane="right_0" pos="32.92" speed="8.59" angle="305.26" x="98.76" y="122.60"/>
        <vehicle id="cfm-slow_0" eclass="HBEFA3/PC_G_EU4" CO2="27028.49" CO="548.61" HC="3.16" NOx="12.49" PMx="0.67" fuel="11.62" electricity="0.00" noise="109.66" route="routeright" type="cfm-slow" waiting="0.00" lane="right_0" pos="48.73" speed="8.36" angle="276.87" x="66.49" y="132.22"/>
        <vehicle id="cfm-slow_1" eclass="HBEFA3/PC_G_EU4" CO2="27028.51" CO="548.61" HC="3.16" NOx="12.49" PMx="0.67" fuel="11.62" electricity="0.00" noise="109.66" route="routetop" type="cfm-slow" waiting="0.00" lane="top_0" pos="14.57" speed="8.36" angle="248.25" x="33.32" y="125.19"/>
        <vehicle id="cfm-slow_2" eclass="HBEFA3/PC_G_EU4" CO2="27029.30" CO="548.63" HC="3.16" NOx="12.50" PMx="0.67" fuel="11.62" electricity="0.00" noise="109.67" route="routetop" type="cfm-slow" waiting="0.00" lane="top_0" pos="30.40" speed="8.36" angle="219.78" x="7.68" y="103.30"/>
        <vehicle id="cfm-slow_3" eclass="HBEFA3/PC_G_EU4" CO2="27050.60" CO="549.06" HC="3.17" NOx="12.51" PMx="0.67" fuel="11.63" electricity="0.00" noise="109.71" route="routetop" type="cfm-slow" waiting="0.00" lane="top_0" pos="46.23" speed="8.36" angle="191.39" x="-4.46" y="71.85"/>
        <vehicle id="cfm-slow_4" eclass="HBEFA3/PC_G_EU4" CO2="27459.63" CO="557.35" HC="3.21" NOx="12.70" PMx="0.68" fuel="11.80" electricity="0.00" noise="110.46" route="routeleft" type="cfm-slow" waiting="0.00" lane="left_0" pos="12.07" speed="8.38" angle="162.75" x="-0.05" y="38.23"/>
        <vehicle id="cfm-slow_5" eclass="HBEFA3/PC_G_EU4" CO2="32626.19" CO="661.44" HC="3.82" NOx="15.13" PMx="0.81" fuel="14.02" electricity="0.00" noise="119.42" route="routeleft" type="cfm-slow" waiting="0.00" lane="left_0" pos="27.92" speed="8.59" angle="134.22" x="19.79" y="10.93"/>
    </timestep>
    <timestep time="0.64">
        <vehicle id="cfm-fast_0" eclass="HBEFA3/PC_G_EU4" CO2="33111.74" CO="670.01" HC="3.87" NOx="15.36" PMx="0.83" fuel="14.23" electricity="0.00" noise="119.48" route="routebottom" type="cfm-fast" waiting="0.00" lane="bottom_0" pos="3.84" speed="8.73" angle="87.63" x="71.99" y="-4.44"/>
        <vehicle id="cfm-fast_1" eclass="HBEFA3/PC_G_EU4" CO2="33111.74" CO="670.01" HC="3.87" NOx="15.36" PMx="0.83" fuel="14.23" electricity="0.00" noise="119.48" route="routebottom" type="cfm-fast" waiting="0.00" lane="bottom_0" pos="19.67" speed="8.73" angle="59.05" x="103.42" y="7.76"/>
        <vehicle id="cfm-fast_2" eclass="HBEFA3/PC_G_EU4" CO2="33111.74" CO="670.01" HC="3.87" NOx="15.36" PMx="0.83" fuel="14.23" electricity="0.00" noise="119.48" route="routebottom" type="cfm-fast" waiting="0.00" lane="bottom_0" pos="35.50" speed="8.73" angle="30.65" x="125.26" y="33.45"/>
        <vehicle id="cfm-fast_3" eclass="HBEFA3/PC_G_EU4" CO2="33111.74" CO="670.01" HC="3.87" NOx="15.36" PMx="0.83" fuel="14.23" electricity="0.00" noise="119.48" route="routebottom" type="cfm-fast" waiting="0.00" lane="right_0" pos="1.34" speed="8.73" angle="2.07" x="132.21" y="66.63"/>
        <vehicle id="cfm-fast_4" eclass="HBEFA3/PC_G_EU4" CO2="33111.74" CO="670.01" HC="3.87" NOx="15.36" PMx="0.83" fuel="14.23" electricity="0.00" noise="119.48" route="routeright" type="cfm-fast" waiting="0.00" lane="right_0" pos="17.17" speed="8.73" angle="333.58" x="122.51" y="98.92"/>
        <vehicle id="cfm-fast_5" eclass="HBEFA3/PC_G_EU4" CO2="33111.74" CO="670.01" HC="3.87" NOx="15.36" PMx="0.83" fuel="14.23" electricity="0.00" noise="119.48" route="routeright" type="cfm-fast" waiting="0.00" lane="right_0" pos="33.00" speed="8.73" angle="305.10" x="98.60" y="122.70"/>
        <vehicle id="cfm-slow_0" eclass="HBEFA3/PC_G_EU4" CO2="27137.07" CO="549.64" HC="3.17" NOx="12.54" PMx="0.67" fuel="11.66" electricity="0.00" noise="109.25" route="routeright" type="cfm-slow" waiting="0.00" lane="right_0" pos="48.82" speed="8.48" angle="276.72" x="66.30" y="132.22"/>
        <vehicle id="cfm-slow_1" eclass="HBEFA3/PC_G_EU4" CO2="27137.10" CO="549.64" HC="3.17" NOx="12.54" PMx="0.67" fuel="11.66" electricity="0.00" noise="109.26" route="routetop" type="cfm-slow" waiting="0.00" lane="top_0" pos="14.65" speed="8.48" angle="248.08" x="33.16" y="125.11"/>
        <vehicle id="cfm-slow_2" eclass="HBEFA3/PC_G_EU4" CO2="27138.09" CO="549.66" HC="3.17" NOx="12.54" PMx="0.67" fuel="11.67" electricity="0.00" noise="109.26" route="routetop" type="cfm-slow" waiting="0.00" lane="top_0" pos="30.48" speed="8.48" angle="219.62" x="7.57" y="103.15"/>
        <vehicle id="cfm-slow_3" eclass="HBEFA3/PC_G_EU4" CO2="27163.26" CO="550.17" HC="3.17" NOx="12.56" PMx="0.67" fuel="11.68" electricity="0.00" noise="109.30" route="routetop" type="cfm-slow" waiting="0.00" lane="top_0" pos="46.32" speed="8.48" angle="191.24" x="-4.48" y="71.67"/>
        <vehicle id="cfm-slow_4" eclass="HBEFA3/PC_G_EU4" CO2="27620.46" CO="559.44" HC="3.23" NOx="12.77" PMx="0.68" fuel="11.87" electricity="0.00" noise="110.14" route="routeleft" type="cfm-slow" waiting="0.00" lane="left_0" pos="12.15" speed="8.49" angle="162.59" x="0.02" y="38.06"/>
        <vehicle id="cfm-slow_5" eclass="HBEFA3/PC_G_EU4" CO2="33111.74" CO="670.01" HC="3.87" NOx="15.36" PMx="0.83" fuel="14.23" electricity="0.00" noise="119.48" route="routeleft" type="cfm-slow" waiting="0.00" lane="left_0" pos="28.00" speed="8.73" angle="134.06" x="19.93" y="10.81"/>
    </timestep>
    <timestep time="0.65">
        <vehicle id="cfm-fast_0" eclass="HBEFA3/PC_G_EU4" CO2="33597.59" CO="678.61" HC="3.92" NOx="15.58" PMx="0.84" fuel="14.44" electricity="0.00" noise="119.54" route="routebottom" type="cfm-fast" waiting="0.00" lane="bottom_0" pos="3.93" speed="8.86" angle="87.47" x="72.18" y="-4.41"/>
        <vehicle id="cfm-fast_1" eclass="HBEFA3/PC_G_EU4" CO2="33597.59" CO="678.61" HC="3.92" NOx="15.58" PMx="0.84" fuel="14.44" electricity="0.00" noise="119.54" route="routebottom" type="cfm-fast" waiting="0.00" lane="bottom_0" pos="19.76" speed="8.86" angle="58.89" x="103.58" y="7.87"/>
        <vehicle id="cfm-fast_2" eclass="HBEFA3/PC_G_EU4" CO2="33597.59" CO="678.61" HC="3.92" NOx="15.58" PMx="0.84" fuel="14.44" electricity="0.00" noise="119.54" route="routebottom" type="cfm-fast" waiting="0.00" lane="bottom_0" pos="35.59" speed="8.86" angle="30.49" x="125.34" y="33.62"/>
        <vehicle id="cfm-fast_3" eclass="HBEFA3/PC_G_EU4" CO2="33597.59" CO="678.61" HC="3.92" NOx="15.58" PMx="0.84" fuel="14.44" electricity="0.00" noise="119.54" route="routebottom" type="cfm-fast" waiting="0.00" lane="right_0" pos="1.43" speed="8.86" angle="1.91" x="132.20" y="66.82"/>
        <vehicle id="cfm-fast_4" eclass="HBEFA3/PC_G_EU4" CO2="33597.59" CO="678.61" HC="3.92" NOx="15.58" PMx="0.84" fuel="14.44" electricity="0.00" noise="119.54" route="routeright" type="cfm-fast" waiting="0.00" lane="right_0" pos="17.26" speed="8.86" angle="333.42" x="122.41" y="99.09"/>
        <vehicle id="cfm-fast_5" eclass="HBEFA3/PC_G_EU4" CO2="33597.59" CO="678.61" HC="3.92" NOx="15.58" PMx="0.84" fuel="14.44" electricity="0.00" noise="119.54" route="routeright" type="cfm-fast" waiting="0.00" lane="right_0" pos="33.09" speed="8.86" angle="304.93" x="98.44" y="122.79"/>
        <vehicle id="cfm-slow_0" eclass="HBEFA3/PC_G_EU4" CO2="27238.79" CO="550.55" HC="3.18" NOx="12.59" PMx="0.67" fuel="11.71" electricity="0.00" noise="108.85" route="routeright" type="cfm-slow" waiting="0.00" lane="right_0" pos="48.90" speed="8.59" angle="276.56" x="66.12" y="132.23"/>
        <vehicle id="cfm-slow_1" eclass="HBEFA3/PC_G_EU4" CO2="27238.83" CO="550.55" HC="3.18" NOx="12.59" PMx="0.67" fuel="11.71" electricity="0.00" noise="108.85" route="routetop" type="cfm-slow" waiting="0.00" lane="top_0" pos="14.74" speed="8.59" angle="247.92" x="32.99" y="125.03"/>
        <vehicle id="cfm-slow_2" eclass="HBEFA3/PC_G_EU4" CO2="27240.06" CO="550.58" HC="3.18" NOx="12.59" PMx="0.67" fuel="11.71" electricity="0.00" noise="108.85" route="routetop" type="cfm-slow" waiting="0.00" lane="top_0" pos="30.57" speed="8.59" angle="219.46" x="7.46" y="103.00"/>
        <vehicle id="cfm-slow_3" eclass="HBEFA3/PC_G_EU4" CO2="27269.55" CO="551.18" HC="3.18" NOx="12.60" PMx="0.67" fuel="11.72" electricity="0.00" noise="108.91" route="routetop" type="cfm-slow" waiting="0.00" lane="top_0" pos="46.40" speed="8.59" angle="191.08" x="-4.50" y="71.48"/>
        <vehicle id="cfm-slow_4" eclass="HBEFA3/PC_G_EU4" CO2="27777.77" CO="561.47" HC="3.24" NOx="12.84" PMx="0.69" fuel="11.94" electricity="0.00" noise="109.82" route="routeleft" type="cfm-slow" waiting="0.00" lane="left_0" pos="12.24" speed="8.61" angle="162.44" x="0.09" y="37.89"/>
        <vehicle id="cfm-slow_5" eclass="HBEFA3/PC_G_EU4" CO2="33597.59" CO="678.61" HC="3.92" NOx="15.58" PMx="0.84" fuel="14.44" electricity="0.00" noise="119.54" route="routeleft" type="cfm-slow" waiting="0.00" lane="left_0" pos="28.09" speed="8.86" angle="133.90" x="20.08" y="10.68"/>
    </timestep>
    <timestep time="0.66">
        <vehicle id="cfm-fast_0" eclass="HBEFA3/PC_G_EU4" CO2="34083.73" CO="687.22" HC="3.97" NOx="15.81" PMx="0.85" fuel="14.65" electricity="0.00" noise="119.60" route="routebottom" type="cfm-fast" waiting="0.00" lane="bottom_0" pos="4.02" speed="9.00" angle="87.31" x="72.37" y="-4.39"/>
        <vehicle id="cfm-fast_1" eclass="HBEFA3/PC_G_EU4" CO2="34083.73" CO="687.22" HC="3.97" NOx="15.81" PMx="0.85" fuel="14.65" electricity="0.00" noise="119.60" route="routebottom" type="cfm-fast" waiting="0.00" lane="bottom_0" pos="19.85" speed="9.00" angle="58.72" x="103.74" y="7.99"/>
        <vehicle id="cfm-fast_2" eclass="HBEFA3/PC_G_EU4" CO2="34083.73" CO="687.22" HC="3.97" NOx="15.81" PMx="0.85" fuel="14.65" electricity="0.00" noise="119.60" route="routebottom" type="cfm-fast" waiting="0.00" lane="bottom_0" pos="35.68" speed="9.00" angle="30.33" x="125.43" y="33.80"/>
        <vehicle id="cfm-fast_3" eclass="HBEFA3/PC_G_EU4" CO2="34083.73" CO="687.22" HC="3.97" NOx="15.81" PMx="0.85" fuel="14.65" electricity="0.00" noise="119.60" route="routebottom" type="cfm-fast" waiting="0.00" lane="right_0" pos="1.52" speed="9.00" angle="1.75" x="132.19" y="67.02"/>
        <vehicle id="cfm-fast_4" eclass="HBEFA3/PC_G_EU4" CO2="34083.73" CO="687.22" HC="3.97" NOx="15.81" PMx="0.85" fuel="14.65" electricity="0.00" noise="119.60" route="routeright" type="cfm-fast" waiting="0.00" lane="right_0" pos="17.35" speed="9.00" angle="333.26" x="122.31" y="99.25"/>
        <vehicle id="cfm-fast_5" eclass="HBEFA3/PC_G_EU4" CO2="34083.73" CO="687.22" HC="3.97" NOx="15.81" PMx="0.85" fuel="14.65" electricity="0.00" noise="119.60" route="routeright" type="cfm-fast" waiting="0.00" lane="right_0" pos="33.18" speed="9.00" angle="304.76" x="98.27" y="122.89"/>
        <vehicle id="cfm-slow_0" eclass="HBEFA3/PC_G_EU4" CO2="27333.83" CO="551.34" HC="3.18" NOx="12.63" PMx="0.67" fuel="11.75" electricity="0.00" noise="108.45" route="routeright" type="cfm-slow" waiting="0.00" lane="right_0" pos="48.99" speed="8.70" angle="276.40" x="65.93" y="132.23"/>
        <vehicle id="cfm-slow_1" eclass="HBEFA3/PC_G_EU4" CO2="27333.88" CO="551.34" HC="3.18" NOx="12.63" PMx="0.67" fuel="11.75" electricity="0.00" noise="108.45" route="routetop" type="cfm-slow" waiting="0.00" lane="top_0" pos="14.82" speed="8.70" angle="247.75" x="32.83" y="124.94"/>
        <vehicle id="cfm-slow_2" eclass="HBEFA3/PC_G_EU4" CO2="27335.39" CO="551.37" HC="3.18" NOx="12.63" PMx="0.67" fuel="11.75" electricity="0.00" noise="108.45" route="routetop" type="cfm-slow" waiting="0.00" lane="top_0" pos="30.66" speed="8.70" angle="219.30" x="7.35" y="102.85"/>
        <vehicle id="cfm-slow_3" eclass="HBEFA3/PC_G_EU4" CO2="27369.68" CO="552.07" HC="3.19" NOx="12.65" PMx="0.68" fuel="11.76" electricity="0.00" noise="108.51" route="routetop" type="cfm-slow" waiting="0.00" lane="top_0" pos="46.49" speed="8.70" angle="190.92" x="-4.51" y="71.30"/>
        <vehicle id="cfm-slow_4" eclass="HBEFA3/PC_G_EU4" CO2="27931.77" CO="563.46" HC="3.25" NOx="12.91" PMx="0.69" fuel="12.01" electricity="0.00" noise="109.51" route="routeleft" type="cfm-slow" waiting="0.00" lane="left_0" pos="12.32" speed="8.72" angle="162.29" x="0.16" y="37.71"/>
        <vehicle id="cfm-slow_5" eclass="HBEFA3/PC_G_EU4" CO2="34083.73" CO="687.22" HC="3.97" NOx="15.81" PMx="0.85" fuel="14.65" electricity="0.00" noise="119.60" route="routeleft" type="cfm-slow" waiting="0.00" lane="left_0" pos="28.18" speed="9.00" angle="133.78" x="20.22" y="10.56"/>
    </timestep>
    <timestep time="0.67">
        <vehicle id="cfm-fast_0" eclass="HBEFA3/PC_G_EU4" CO2="34570.16" CO="695.86" HC="4.02" NOx="16.03" PMx="0.86" fuel="14.86" electricity="0.00" noise="119.66" route="routebottom" type="cfm-fast" waiting="0.00" lane="bottom_0" pos="4.11" speed="9.14" angle="87.14" x="72.57" y="-4.36"/>
        <vehicle id="cfm-fast_1" eclass="HBEFA3/PC_G_EU4" CO2="34570.16" CO="695.86" HC="4.02" NOx="16.03" PMx="0.86" fuel="14.86" electricity="0.00" noise="119.66" route="routebottom" type="cfm-fast" waiting="0.00" lane="bottom_0" pos="19.94" speed="9.14" angle="58.55" x="103.90" y="8.10"/>
        <vehicle id="cfm-fast_2" eclass="HBEFA3/PC_G_EU4" CO2="34570.16" CO="695.86" HC="4.02" NOx="16.03" PMx="0.86" fuel="14.86" electricity="0.00" noise="119.66" route="routebottom" type="cfm-fast" waiting="0.00" lane="bottom_0" pos="35.77" speed="9.14" angle="30.16" x="125.52" y="33.97"/>
        <vehicle id="cfm-fast_3" eclass="HBEFA3/PC_G_EU4" CO2="34570.16" CO="695.86" HC="4.02" NOx="16.03" PMx="0.86" fuel="14.86" electricity="0.00" noise="119.66" route="routebottom" type="cfm-fast" waiting="0.00" lane="right_0" pos="1.61" speed="9.14" angle="1.59" x="132.17" y="67.21"/>
        <vehicle id="cfm-fast_4" eclass="HBEFA3/PC_G_EU4" CO2="34570.16" CO="695.86" HC="4.02" NOx="16.03" PMx="0.86" fuel="14.86" electricity="0.00" noise="119.66" route="routeright" type="cfm-fast" waiting="0.00" lane="right_0" pos="17.44" speed="9.14" angle="333.10" x="122.21" y="99.42"/>
        <vehicle id="cfm-fast_5" eclass="HBEFA3/PC_G_EU4" CO2="34570.16" CO="695.86" HC="4.02" NOx="16.03" PMx="0.86" fuel="14.86" electricity="0.00" noise="119.66" route="routeright" type="cfm-fast" waiting="0.00" lane="right_0" pos="33.27" speed="9.14" angle="304.61" x="98.10" y="122.99"/>
        <vehicle id="cfm-slow_0" eclass="HBEFA3/PC_G_EU4" CO2="27422.36" CO="552.02" HC="3.19" NOx="12.67" PMx="0.68" fuel="11.79" electricity="0.00" noise="108.05" route="routeright" type="cfm-slow" waiting="0.00" lane="right_0" pos="49.08" speed="8.81" angle="276.23" x="65.74" y="132.23"/>
        <vehicle id="cfm-slow_1" eclass="HBEFA3/PC_G_EU4" CO2="27422.42" CO="552.02" HC="3.19" NOx="12.67" PMx="0.68" fuel="11.79" electricity="0.00" noise="108.05" route="routetop" type="cfm-slow" waiting="0.00" lane="top_0" pos="14.91" speed="8.81" angle="247.58" x="32.66" y="124.86"/>
        <vehicle id="cfm-slow_2" eclass="HBEFA3/PC_G_EU4" CO2="27424.25" CO="552.06" HC="3.19" NOx="12.67" PMx="0.68" fuel="11.79" electricity="0.00" noise="108.05" route="routetop" type="cfm-slow" waiting="0.00" lane="top_0" pos="30.75" speed="8.81" angle="219.18" x="7.24" y="102.70"/>
        <vehicle id="cfm-slow_3" eclass="HBEFA3/PC_G_EU4" CO2="27463.84" CO="552.87" HC="3.19" NOx="12.69" PMx="0.68" fuel="11.81" electricity="0.00" noise="108.13" route="routetop" type="cfm-slow" waiting="0.00" lane="top_0" pos="46.58" speed="8.81" angle="190.76" x="-4.53" y="71.11"/>
        <vehicle id="cfm-slow_4" eclass="HBEFA3/PC_G_EU4" CO2="28082.65" CO="565.39" HC="3.27" NOx="12.98" PMx="0.69" fuel="12.07" electricity="0.00" noise="109.20" route="routeleft" type="cfm-slow" waiting="0.00" lane="left_0" pos="12.41" speed="8.83" angle="162.13" x="0.23" y="37.54"/>
        <vehicle id="cfm-slow_5" eclass="HBEFA3/PC_G_EU4" CO2="34570.16" CO="695.86" HC="4.02" NOx="16.03" PMx="0.86" fuel="14.86" electricity="0.00" noise="119.66" route="routeleft" type="cfm-slow" waiting="0.00" lane="left_0" pos="28.27" speed="9.14" angle="133.62" x="20.38" y="10.43"/>
    </timestep>
    <timestep time="0.68">
        <vehicle id="cfm-fast_0" eclass="HBEFA3/PC_G_EU4" CO2="35056.89" CO="704.52" HC="4.07" NOx="16.26" PMx="0.87" fuel="15.07" electricity="0.00" noise="119.72" route="routebottom" type="cfm-fast" waiting="0.00" lane="bottom_0" pos="4.20" speed="9.27" angle="86.97" x="72.77" y="-4.33"/>
        <vehicle id="cfm-fast_1" eclass="HBEFA3/PC_G_EU4" CO2="35056.89" CO="704.52" HC="4.07" NOx="16.26" PMx="0.87" fuel="15.07" electricity="0.00" noise="119.72" route="routebottom" type="cfm-fast" waiting="0.00" lane="bottom_0" pos="20.03" speed="9.27" angle="58.38" x="104.06" y="8.22"/>
        <vehicle id="cfm-fast_2" eclass="HBEFA3/PC_G_EU4" CO2="35056.89" CO="704.52" HC="4.07" NOx="16.26" PMx="0.87" fuel="15.07" electricity="0.00" noise="119.72" route="routebottom" type="cfm-fast" waiting="0.00" lane="bottom_0" pos="35.87" speed="9.27" angle="30.03" x="125.61" y="34.15"/>
        <vehicle id="cfm-fast_3" eclass="HBEFA3/PC_G_EU4" CO2="35056.89" CO="704.52" HC="4.07" NOx="16.26" PMx="0.87" fuel="15.07" electricity="0.00" noise="119.72" route="routebottom" type="cfm-fast" waiting="0.00" lane="right_0" pos="1.70" speed="9.27" angle="1.42" x="132.16" y="67.41"/>
        <vehicle id="cfm-fast_4" eclass="HBEFA3/PC_G_EU4" CO2="35056.89" CO="704.52" HC="4.07" NOx="16.26" PMx="0.87" fuel="15.07" electricity="0.00" noise="119.72" route="routeright" type="cfm-fast" waiting="0.00" lane="right_0" pos="17.53" speed="9.27" angle="332.93" x="122.11" y="99.59"/>
        <vehicle id="cfm-fast_5" eclass="HBEFA3/PC_G_EU4" CO2="35056.89" CO="704.52" HC="4.07" NOx="16.26" PMx="0.87" fuel="15.07" electricity="0.00" noise="119.72" route="routeright" type="cfm-fast" waiting="0.00" lane="right_0" pos="33.37" speed="9.27" angle="304.47" x="97.93" y="123.10"/>
        <vehicle id="cfm-slow_0" eclass="HBEFA3/PC_G_EU4" CO2="27504.52" CO="552.59" HC="3.19" NOx="12.70" PMx="0.68" fuel="11.82" electricity="0.00" noise="107.66" route="routeright" type="cfm-slow" waiting="0.00" lane="right_0" pos="49.17" speed="8.92" angle="276.07" x="65.55" y="132.24"/>
        <vehicle id="cfm-slow_1" eclass="HBEFA3/PC_G_EU4" CO2="27504.60" CO="552.59" HC="3.19" NOx="12.70" PMx="0.68" fuel="11.82" electricity="0.00" noise="107.66" route="routetop" type="cfm-slow" waiting="0.00" lane="top_0" pos="15.00" speed="8.92" angle="247.41" x="32.49" y="124.77"/>
        <vehicle id="cfm-slow_2" eclass="HBEFA3/PC_G_EU4" CO2="27506.81" CO="552.64" HC="3.19" NOx="12.71" PMx="0.68" fuel="11.82" electricity="0.00" noise="107.66" route="routetop" type="cfm-slow" waiting="0.00" lane="top_0" pos="30.83" speed="8.92" angle="219.03" x="7.13" y="102.54"/>
        <vehicle id="cfm-slow_3" eclass="HBEFA3/PC_G_EU4" CO2="27552.22" CO="553.56" HC="3.20" NOx="12.73" PMx="0.68" fuel="11.84" electricity="0.00" noise="107.74" route="routetop" type="cfm-slow" waiting="0.00" lane="top_0" pos="46.67" speed="8.92" angle="190.59" x="-4.55" y="70.92"/>
        <vehicle id="cfm-slow_4" eclass="HBEFA3/PC_G_EU4" CO2="28230.60" CO="567.29" HC="3.28" NOx="13.05" PMx="0.70" fuel="12.13" electricity="0.00" noise="108.91" route="routeleft" type="cfm-slow" waiting="0.00" lane="left_0" pos="12.50" speed="8.94" angle="161.97" x="0.30" y="37.36"/>
        <vehicle id="cfm-slow_5" eclass="HBEFA3/PC_G_EU4" CO2="35056.89" CO="704.52" HC="4.07" NOx="16.26" PMx="0.87" fuel="15.07" electricity="0.00" noise="119.72" route="routeleft" type="cfm-slow" waiting="0.00" lane="left_0" pos="28.37" speed="9.27" angle="133.45" x="20.53" y="10.31"/>
    </timestep>
    <timestep time="0.69">
        <vehicle id="cfm-fast_0" eclass="HBEFA3/PC_G_EU4" CO2="35543.90" CO="713.20" HC="4.12" NOx="16.49" PMx="0.89" fuel="15.28" electricity="0.00" noise="119.78" route="routebottom" type="cfm-fast" waiting="0.00" lane="bottom_0" pos="4.29" speed="9.41" angle="86.80" x="72.97" y="-4.31"/>
        <vehicle id="cfm-fast_1" eclass="HBEFA3/PC_G_EU4" CO2="35543.90" CO="713.20" HC="4.12" NOx="16.49" PMx="0.89" fuel="15.28" electricity="0.00" noise="119.78" route="routebottom" type="cfm-fast" waiting="0.00" lane="bottom_0" pos="20.13" speed="9.41" angle="58.21" x="104.22" y="8.34"/>
        <vehicle id="cfm-fast_2" eclass="HBEFA3/PC_G_EU4" CO2="35543.90" CO="713.20" HC="4.12" NOx="16.49" PMx="0.89" fuel="15.28" electricity="0.00" noise="119.78" route="routebottom" type="cfm-fast" waiting="0.00" lane="bottom_0" pos="35.96" speed="9.41" angle="29.88" x="125.70" y="34.33"/>
        <vehicle id="cfm-fast_3" eclass="HBEFA3/PC_G_EU4" CO2="35543.90" CO="713.20" HC="4.12" NOx="16.49" PMx="0.89" fuel="15.28" electricity="0.00" noise="119.78" route="routebottom" type="cfm-fast" waiting="0.00" lane="right_0" pos="1.79" speed="9.41" angle="1.26" x="132.15" y="67.62"/>
        <vehicle id="cfm-fast_4" eclass="HBEFA3/PC_G_EU4" CO2="35543.90" CO="713.20" HC="4.12" NOx="16.49" PMx="0.89" fuel="15.28" electricity="0.00" noise="119.78" route="routeright" type="cfm-fast" waiting="0.00" lane="right_0" pos="17.63" speed="9.41" angle="332.76" x="122.00" y="99.77"/>
        <vehicle id="cfm-fast_5" eclass="HBEFA3/PC_G_EU4" CO2="35543.90" CO="713.20" HC="4.12" NOx="16.49" PMx="0.89" fuel="15.28" electricity="0.00" noise="119.78" route="routeright" type="cfm-fast" waiting="0.00" lane="right_0" pos="33.46" speed="9.41" angle="304.30" x="97.76" y="123.19"/>
        <vehicle id="cfm-slow_0" eclass="HBEFA3/PC_G_EU4" CO2="27580.49" CO="553.05" HC="3.20" NOx="12.74" PMx="0.68" fuel="11.86" electricity="0.00" noise="107.27" route="routeright" type="cfm-slow" waiting="0.00" lane="right_0" pos="49.26" speed="9.03" angle="275.90" x="65.36" y="132.24"/>
        <vehicle id="cfm-slow_1" eclass="HBEFA3/PC_G_EU4" CO2="27580.59" CO="553.06" HC="3.20" NOx="12.74" PMx="0.68" fuel="11.86" electricity="0.00" noise="107.27" route="routetop" type="cfm-slow" waiting="0.00" lane="top_0" pos="15.09" speed="9.03" angle="247.24" x="32.31" y="124.68"/>
        <vehicle id="cfm-slow_2" eclass="HBEFA3/PC_G_EU4" CO2="27583.22" CO="553.11" HC="3.20" NOx="12.74" PMx="0.68" fuel="11.86" electricity="0.00" noise="107.27" route="routetop" type="cfm-slow" waiting="0.00" lane="top_0" pos="30.92" speed="9.03" angle="218.87" x="7.03" y="102.38"/>
        <vehicle id="cfm-slow_3" eclass="HBEFA3/PC_G_EU4" CO2="27635.01" CO="554.16" HC="3.20" NOx="12.76" PMx="0.68" fuel="11.88" electricity="0.00" noise="107.36" route="routetop" type="cfm-slow" waiting="0.00" lane="top_0" pos="46.76" speed="9.03" angle="190.43" x="-4.57" y="70.72"/>
        <vehicle id="cfm-slow_4" eclass="HBEFA3/PC_G_EU4" CO2="28375.81" CO="569.15" HC="3.29" NOx="13.11" PMx="0.70" fuel="12.20" electricity="0.00" noise="108.62" route="routeleft" type="cfm-slow" waiting="0.00" lane="left_0" pos="12.59" speed="9.06" angle="161.81" x="0.37" y="37.18"/>
        <vehicle id="cfm-slow_5" eclass="HBEFA3/PC_G_EU4" CO2="35543.90" CO="713.20" HC="4.12" NOx="16.49" PMx="0.89" fuel="15.28" electricity="0.00" noise="119.78" route="routeleft" type="cfm-slow" waiting="0.00" lane="left_0" pos="28.46" speed="9.41" angle="133.28" x="20.69" y="10.19"/>
    </timestep>
    <timestep time="0.70">
        <vehicle id="cfm-fast_0" eclass="HBEFA3/PC_G_EU4" CO2="36031.21" CO="721.90" HC="4.18" NOx="16.71" PMx="0.90" fuel="15.49" electricity="0.00" noise="119.84" route="routebottom" type="cfm-fast" waiting="0.00" lane="bottom_0" pos="4.39" speed="9.55" angle="86.63" x="73.17" y="-4.28"/>
        <vehicle id="cfm-fast_1" eclass="HBEFA3/PC_G_EU4" CO2="36031.21" CO="721.90" HC="4.18" NOx="16.71" PMx="0.90" fuel="15.49" electricity="0.00" noise="119.84" route="routebottom" type="cfm-fast" waiting="0.00" lane="bottom_0" pos="20.22" speed="9.55" angle="58.03" x="104.39" y="8.46"/>
        <vehicle id="cfm-fast_2" eclass="HBEFA3/PC_G_EU4" CO2="36031.21" CO="721.90" HC="4.18" NOx="16.71" PMx="0.90" fuel="15.49" electricity="0.00" noise="119.84" route="routebottom" type="cfm-fast" waiting="0.00" lane="bottom_0" pos="36.06" speed="9.55" angle="29.69" x="125.78" y="34.52"/>
        <vehicle id="cfm-fast_3" eclass="HBEFA3/PC_G_EU4" CO2="36031.21" CO="721.90" HC="4.18" NOx="16.71" PMx="0.90" fuel="15.49" electricity="0.00" noise="119.84" route="routebottom" type="cfm-fast" waiting="0.00" lane="right_0" pos="1.89" speed="9.55" angle="1.08" x="132.14" y="67.82"/>
        <vehicle id="cfm-fast_4" eclass="HBEFA3/PC_G_EU4" CO2="36031.21" CO="721.90" HC="4.18" NOx="16.71" PMx="0.90" fuel="15.49" electricity="0.00" noise="119.84" route="routeright" type="cfm-fast" waiting="0.00" lane="right_0" pos="17.72" speed="9.55" angle="332.59" x="121.90" y="99.94"/>
        <vehicle id="cfm-fast_5" eclass="HBEFA3/PC_G_EU4" CO2="36031.21" CO="721.90" HC="4.18" NOx="16.71" PMx="0.90" fuel="15.49" electricity="0.00" noise="119.84" route="routeright" type="cfm-fast" waiting="0.00" lane="right_0" pos="33.56" speed="9.55" angle="304.13" x="97.58" y="123.29"/>
        <vehicle id="cfm-slow_0" eclass="HBEFA3/PC_G_EU4" CO2="27650.42" CO="553.41" HC="3.20" NOx="12.77" PMx="0.68" fuel="11.89" electricity="0.00" noise="106.88" route="routeright" type="cfm-slow" waiting="0.00" lane="right_0" pos="49.35" speed="9.13" angle="275.73" x="65.16" y="132.24"/>
        <vehicle id="cfm-slow_1" eclass="HBEFA3/PC_G_EU4" CO2="27650.54" CO="553.41" HC="3.20" NOx="12.77" PMx="0.68" fuel="11.89" electricity="0.00" noise="106.88" route="routetop" type="cfm-slow" waiting="0.00" lane="top_0" pos="15.18" speed="9.13" angle="247.07" x="32.14" y="124.59"/>
        <vehicle id="cfm-slow_2" eclass="HBEFA3/PC_G_EU4" CO2="27653.66" CO="553.48" HC="3.20" NOx="12.77" PMx="0.68" fuel="11.89" electricity="0.00" noise="106.89" route="routetop" type="cfm-slow" waiting="0.00" lane="top_0" pos="31.02" speed="9.14" angle="218.71" x="6.92" y="102.22"/>
        <vehicle id="cfm-slow_3" eclass="HBEFA3/PC_G_EU4" CO2="27712.39" CO="554.67" HC="3.21" NOx="12.80" PMx="0.68" fuel="11.91" electricity="0.00" noise="106.99" route="routetop" type="cfm-slow" waiting="0.00" lane="top_0" pos="46.85" speed="9.14" angle="190.26" x="-4.59" y="70.53"/>
        <vehicle id="cfm-slow_4" eclass="HBEFA3/PC_G_EU4" CO2="28518.45" CO="570.97" HC="3.30" NOx="13.18" PMx="0.70" fuel="12.26" electricity="0.00" noise="108.33" route="routeleft" type="cfm-slow" waiting="0.00" lane="left_0" pos="12.68" speed="9.17" angle="161.66" x="0.44" y="37.00"/>
        <vehicle id="cfm-slow_5" eclass="HBEFA3/PC_G_EU4" CO2="36031.21" CO="721.90" HC="4.18" NOx="16.71" PMx="0.90" fuel="15.49" electricity="0.00" noise="119.84" route="routeleft" type="cfm-slow" waiting="0.00" lane="left_0" pos="28.56" speed="9.55" angle="133.10" x="20.85" y="10.06"/>
    </timestep>
    <timestep time="0.71">
        <vehicle id="cfm-fast_0" eclass="HBEFA3/PC_G_EU4" CO2="36518.81" CO="730.63" HC="4.23" NOx="16.94" PMx="0.91" fuel="15.70" electricity="0.00" noise="119.90" route="routebottom" type="cfm-fast" waiting="0.00" lane="bottom_0" pos="4.49" speed="9.68" angle="86.45" x="73.38" y="-4.25"/>
        <vehicle id="cfm-fast_1" eclass="HBEFA3/PC_G_EU4" CO2="36518.81" CO="730.63" HC="4.23" NOx="16.94" PMx="0.91" fuel="15.70" electricity="0.00" noise="119.90" route="routebottom" type="cfm-fast" waiting="0.00" lane="bottom_0" pos="20.32" speed="9.68" angle="57.85" x="104.56" y="8.58"/>
        <vehicle id="cfm-fast_2" eclass="HBEFA3/PC_G_EU4" CO2="36518.81" CO="730.63" HC="4.23" NOx="16.94" PMx="0.91" fuel="15.70" electricity="0.00" noise="119.90" route="routebottom" type="cfm-fast" waiting="0.00" lane="bottom_0" pos="36.15" speed="9.68" angle="29.50" x="125.87" y="34.71"/>
        <vehicle id="cfm-fast_3" eclass="HBEFA3/PC_G_EU4" CO2="36518.81" CO="730.63" HC="4.23" NOx="16.94" PMx="0.91" fuel="15.70" electricity="0.00" noise="119.90" route="routebottom" type="cfm-fast" waiting="0.00" lane="right_0" pos="1.99" speed="9.68" angle="0.91" x="132.13" y="68.03"/>
        <vehicle id="cfm-fast_4" eclass="HBEFA3/PC_G_EU4" CO2="36518.81" CO="730.63" HC="4.23" NOx="16.94" PMx="0.91" fuel="15.70" electricity="0.00" noise="119.90" route="routeright" type="cfm-fast" waiting="0.00" lane="right_0" pos="17.82" speed="9.68" angle="332.42" x="121.79" y="100.12"/>
        <vehicle id="cfm-fast_5" eclass="HBEFA3/PC_G_EU4" CO2="36141.94" CO="722.88" HC="4.18" NOx="16.76" PMx="0.90" fuel="15.54" electricity="0.00" noise="119.25" route="routeright" type="cfm-fast" waiting="0.00" lane="right_0" pos="33.65" speed="9.68" angle="303.95" x="97.39" y="123.39"/>
        <vehicle id="cfm-slow_0" eclass="HBEFA3/PC_G_EU4" CO2="27714.45" CO="553.67" HC="3.20" NOx="12.80" PMx="0.68" fuel="11.91" electricity="0.00" noise="106.50" route="routeright" type="cfm-slow" waiting="0.00" lane="right_0" pos="49.44" speed="9.24" angle="275.56" x="64.96" y="132.25"/>
        <vehicle id="cfm-slow_1" eclass="HBEFA3/PC_G_EU4" CO2="27714.61" CO="553.67" HC="3.20" NOx="12.80" PMx="0.68" fuel="11.91" electricity="0.00" noise="106.50" route="routetop" type="cfm-slow" waiting="0.00" lane="top_0" pos="15.28" speed="9.24" angle="246.91" x="31.96" y="124.51"/>
        <vehicle id="cfm-slow_2" eclass="HBEFA3/PC_G_EU4" CO2="27718.27" CO="553.74" HC="3.20" NOx="12.80" PMx="0.68" fuel="11.91" electricity="0.00" noise="106.50" route="routetop" type="cfm-slow" waiting="0.00" lane="top_0" pos="31.11" speed="9.24" angle="218.54" x="6.81" y="102.05"/>
        <vehicle id="cfm-slow_3" eclass="HBEFA3/PC_G_EU4" CO2="27784.55" CO="555.09" HC="3.21" NOx="12.83" PMx="0.68" fuel="11.94" electricity="0.00" noise="106.62" route="routetop" type="cfm-slow" waiting="0.00" lane="top_0" pos="46.94" speed="9.24" angle="190.09" x="-4.61" y="70.33"/>
        <vehicle id="cfm-slow_4" eclass="HBEFA3/PC_G_EU4" CO2="28658.70" CO="572.77" HC="3.31" NOx="13.24" PMx="0.71" fuel="12.32" electricity="0.00" noise="108.06" route="routeleft" type="cfm-slow" waiting="0.00" lane="left_0" pos="12.78" speed="9.28" angle="161.53" x="0.52" y="36.81"/>
        <vehicle id="cfm-slow_5" eclass="HBEFA3/PC_G_EU4" CO2="36518.81" CO="730.63" HC="4.23" NOx="16.94" PMx="0.91" fuel="15.70" electricity="0.00" noise="119.90" route="routeleft" type="cfm-slow" waiting="0.00" lane="left_0" pos="28.65" speed="9.68" angle="132.92" x="21.02" y="9.93"/>
    </timestep>
    <timestep time="0.72">
        <vehicle id="cfm-fast_0" eclass="HBEFA3/PC_G_EU4" CO2="37006.70" CO="739.37" HC="4.28" NOx="17.17" PMx="0.92" fuel="15.91" electricity="0.00" noise="119.96" route="routebottom" type="cfm-fast" waiting="0.00" lane="bottom_0" pos="4.58" speed="9.82" angle="86.28" x="73.59" y="-4.22"/>
        <vehicle id="cfm-fast_1" eclass="HBEFA3/PC_G_EU4" CO2="37006.70" CO="739.37" HC="4.28" NOx="17.17" PMx="0.92" fuel="15.91" electricity="0.00" noise="119.96" route="routebottom" type="cfm-fast" waiting="0.00" lane="bottom_0" pos="20.42" speed="9.82" angle="57.69" x="104.73" y="8.70"/>
        <vehicle id="cfm-fast_2" eclass="HBEFA3/PC_G_EU4" CO2="37006.70" CO="739.37" HC="4.28" NOx="17.17" PMx="0.92" fuel="15.91" electricity="0.00" noise="119.96" route="routebottom" type="cfm-fast" waiting="0.00" lane="bottom_0" pos="36.25" speed="9.82" angle="29.31" x="125.95" y="34.90"/>
        <vehicle id="cfm-fast_3" eclass="HBEFA3/PC_G_EU4" CO2="37006.70" CO="739.37" HC="4.28" NOx="17.17" PMx="0.92" fuel="15.91" electricity="0.00" noise="119.96" route="routebottom" type="cfm-fast" waiting="0.00" lane="right_0" pos="2.08" speed="9.82" angle="0.74" x="132.11" y="68.24"/>
        <vehicle id="cfm-fast_4" eclass="HBEFA3/PC_G_EU4" CO2="37006.70" CO="739.37" HC="4.28" NOx="17.17" PMx="0.92" fuel="15.91" electricity="0.00" noise="119.96" route="routeright" type="cfm-fast" waiting="0.00" lane="right_0" pos="17.92" speed="9.82" angle="332.29" x="121.68" y="100.30"/>
        <vehicle id="cfm-fast_5" eclass="HBEFA3/PC_G_EU4" CO2="36223.69" CO="723.30" HC="4.19" NOx="16.80" PMx="0.90" fuel="15.57" electricity="0.00" noise="118.64" route="routeright" type="cfm-fast" waiting="0.00" lane="right_0" pos="33.75" speed="9.81" angle="303.78" x="97.21" y="123.50"/>
        <vehicle id="cfm-slow_0" eclass="HBEFA3/PC_G_EU4" CO2="27772.74" CO="553.82" HC="3.21" NOx="12.82" PMx="0.68" fuel="11.94" electricity="0.00" noise="106.12" route="routeright" type="cfm-slow" waiting="0.00" lane="right_0" pos="49.54" speed="9.35" angle="275.38" x="64.76" y="132.25"/>
        <vehicle id="cfm-slow_1" eclass="HBEFA3/PC_G_EU4" CO2="27772.93" CO="553.83" HC="3.21" NOx="12.82" PMx="0.68" fuel="11.94" electricity="0.00" noise="106.12" route="routetop" type="cfm-slow" waiting="0.00" lane="top_0" pos="15.37" speed="9.35" angle="246.78" x="31.78" y="124.41"/>
        <vehicle id="cfm-slow_2" eclass="HBEFA3/PC_G_EU4" CO2="27777.22" CO="553.91" HC="3.21" NOx="12.82" PMx="0.68" fuel="11.94" electricity="0.00" noise="106.13" route="routetop" type="cfm-slow" waiting="0.00" lane="top_0" pos="31.20" speed="9.35" angle="218.37" x="6.70" y="101.88"/>
        <vehicle id="cfm-slow_3" eclass="HBEFA3/PC_G_EU4" CO2="27851.66" CO="555.42" HC="3.21" NOx="12.86" PMx="0.69" fuel="11.97" electricity="0.00" noise="106.25" route="routetop" type="cfm-slow" waiting="0.00" lane="top_0" pos="47.04" speed="9.35" angle="189.92" x="-4.63" y="70.13"/>
        <vehicle id="cfm-slow_4" eclass="HBEFA3/PC_G_EU4" CO2="28796.73" CO="574.53" HC="3.32" NOx="13.30" PMx="0.71" fuel="12.38" electricity="0.00" noise="107.79" route="routeleft" type="cfm-slow" waiting="0.00" lane="left_0" pos="12.87" speed="9.38" angle="161.36" x="0.60" y="36.63"/>
        <vehicle id="cfm-slow_5" eclass="HBEFA3/PC_G_EU4" CO2="37006.70" CO="739.37" HC="4.28" NOx="17.17" PMx="0.92" fuel="15.91" electricity="0.00" noise="119.96" route="routeleft" type="cfm-slow" waiting="0.00" lane="left_0" pos="28.75" speed="9.82" angle="132.74" x="21.18" y="9.80"/>
    </timestep>
    <timestep time="0.73">
        <vehicle id="cfm-fast_0" eclass="HBEFA3/PC_G_EU4" CO2="37494.88" CO="748.14" HC="4.33" NOx="17.39" PMx="0.94" fuel="16.12" electricity="0.00" noise="120.02" route="routebottom" type="cfm-fast" waiting="0.00" lane="bottom_0" pos="4.68" speed="9.95" angle="86.09" x="73.80" y="-4.19"/>
        <vehicle id="cfm-fast_1" eclass="HBEFA3/PC_G_EU4" CO2="37494.88" CO="748.14" HC="4.33" NOx="17.39" PMx="0.94" fuel="16.12" electricity="0.00" noise="120.02" route="routebottom" type="cfm-fast" waiting="0.00" lane="bottom_0" pos="20.52" speed="9.95" angle="57.55" x="104.90" y="8.83"/>
        <vehicle id="cfm-fast_2" eclass="HBEFA3/PC_G_EU4" CO2="37494.88" CO="748.14" HC="4.33" NOx="17.39" PMx="0.94" fuel="16.12" electricity="0.00" noise="120.02" route="routebottom" type="cfm-fast" waiting="0.00" lane="bottom_0" pos="36.35" speed="9.95" angle="29.12" x="126.04" y="35.10"/>
        <vehicle id="cfm-fast_3" eclass="HBEFA3/PC_G_EU4" CO2="37494.88" CO="748.14" HC="4.33" NOx="17.39" PMx="0.94" fuel="16.12" electricity="0.00" noise="120.02" route="routebottom" type="cfm-fast" waiting="0.00" lane="right_0" pos="2.18" speed="9.95" angle="0.56" x="132.10" y="68.45"/>
        <vehicle id="cfm-fast_4" eclass="HBEFA3/PC_G_EU4" CO2="37494.88" CO="748.14" HC="4.33" NOx="17.39" PMx="0.94" fuel="16.12" electricity="0.00" noise="120.02" route="routeright" type="cfm-fast" waiting="0.00" lane="right_0" pos="18.02" speed="9.95" angle="332.11" x="121.56" y="100.48"/>
        <vehicle id="cfm-fast_5" eclass="HBEFA3/PC_G_EU4" CO2="36294.15" CO="723.50" HC="4.19" NOx="16.83" PMx="0.91" fuel="15.60" electricity="0.00" noise="118.03" route="routeright" type="cfm-fast" waiting="0.00" lane="right_0" pos="33.85" speed="9.95" angle="303.59" x="97.02" y="123.60"/>
        <vehicle id="cfm-slow_0" eclass="HBEFA3/PC_G_EU4" CO2="27825.44" CO="553.88" HC="3.21" NOx="12.84" PMx="0.69" fuel="11.96" electricity="0.00" noise="105.74" route="routeright" type="cfm-slow" waiting="0.00" lane="right_0" pos="49.63" speed="9.45" angle="275.21" x="64.56" y="132.26"/>
        <vehicle id="cfm-slow_1" eclass="HBEFA3/PC_G_EU4" CO2="27825.67" CO="553.89" HC="3.21" NOx="12.84" PMx="0.69" fuel="11.96" electricity="0.00" noise="105.74" route="routetop" type="cfm-slow" waiting="0.00" lane="top_0" pos="15.46" speed="9.45" angle="246.62" x="31.60" y="124.32"/>
        <vehicle id="cfm-slow_2" eclass="HBEFA3/PC_G_EU4" CO2="27830.65" CO="553.99" HC="3.21" NOx="12.85" PMx="0.69" fuel="11.96" electricity="0.00" noise="105.75" route="routetop" type="cfm-slow" waiting="0.00" lane="top_0" pos="31.30" speed="9.45" angle="218.20" x="6.58" y="101.71"/>
        <vehicle id="cfm-slow_3" eclass="HBEFA3/PC_G_EU4" CO2="27913.90" CO="555.68" HC="3.22" NOx="12.88" PMx="0.69" fuel="12.00" electricity="0.00" noise="105.89" route="routetop" type="cfm-slow" waiting="0.00" lane="top_0" pos="47.13" speed="9.45" angle="189.74" x="-4.65" y="69.93"/>
        <vehicle id="cfm-slow_4" eclass="HBEFA3/PC_G_EU4" CO2="28932.69" CO="576.27" HC="3.34" NOx="13.36" PMx="0.71" fuel="12.44" electricity="0.00" noise="107.53" route="routeleft" type="cfm-slow" waiting="0.00" lane="left_0" pos="12.97" speed="9.49" angle="161.19" x="0.68" y="36.44"/>
        <vehicle id="cfm-slow_5" eclass="HBEFA3/PC_G_EU4" CO2="37494.88" CO="748.14" HC="4.33" NOx="17.39" PMx="0.94" fuel="16.12" electricity="0.00" noise="120.02" route="routeleft" type="cfm-slow" waiting="0.00" lane="left_0" pos="28.85" speed="9.95" angle="132.55" x="21.35" y="9.67"/>
    </timestep>
    <timestep time="0.74">
        <vehicle id="cfm-fast_0" eclass="HBEFA3/PC_G_EU4" CO2="37689.60" CO="750.89" HC="4.35" NOx="17.48" PMx="0.94" fuel="16.20" electricity="0.00" noise="119.59" route="routebottom" type="cfm-fast" waiting="0.00" lane="bottom_0" pos="4.78" speed="10.09" angle="85.91" x="74.01" y="-4.16"/>
        <vehicle id="cfm-fast_1" eclass="HBEFA3/PC_G_EU4" CO2="37689.60" CO="750.89" HC="4.35" NOx="17.48" PMx="0.94" fuel="16.20" electricity="0.00" noise="119.59" route="routebottom" type="cfm-fast" waiting="0.00" lane="bottom_0" pos="20.62" speed="10.09" angle="57.37" x="105.07" y="8.96"/>
        <vehicle id="cfm-fast_2" eclass="HBEFA3/PC_G_EU4" CO2="37689.60" CO="750.89" HC="4.35" NOx="17.48" PMx="0.94" fuel="16.20" electricity="0.00" noise="119.59" route="routebottom" type="cfm-fast" waiting="0.00" lane="bottom_0" pos="36.45" speed="10.09" angle="28.92" x="126.13" y="35.30"/>
        <vehicle id="cfm-fast_3" eclass="HBEFA3/PC_G_EU4" CO2="37689.60" CO="750.89" HC="4.35" NOx="17.48" PMx="0.94" fuel="16.20" electricity="0.00" noise="119.59" route="routebottom" type="cfm-fast" waiting="0.00" lane="right_0" pos="2.28" speed="10.09" angle="0.38" x="132.09" y="68.67"/>
        <vehicle id="cfm-fast_4" eclass="HBEFA3/PC_G_EU4" CO2="37667.48" CO="750.44" HC="4.35" NOx="17.47" PMx="0.94" fuel="16.19" electricity="0.00" noise="119.56" route="routeright" type="cfm-fast" waiting="0.00" lane="right_0" pos="18.12" speed="10.09" angle="331.91" x="121.44" y="100.66"/>
        <vehicle id="cfm-fast_5" eclass="HBEFA3/PC_G_EU4" CO2="36353.65" CO="723.52" HC="4.19" NOx="16.85" PMx="0.91" fuel="15.63" electricity="0.00" noise="117.43" route="routeright" type="cfm-fast" waiting="0.00" lane="right_0" pos="33.95" speed="10.08" angle="303.41" x="96.83" y="123.71"/>
        <vehicle id="cfm-slow_0" eclass="HBEFA3/PC_G_EU4" CO2="27872.68" CO="553.85" HC="3.21" NOx="12.86" PMx="0.69" fuel="11.98" electricity="0.00" noise="105.37" route="routeright" type="cfm-slow" waiting="0.00" lane="right_0" pos="49.73" speed="9.55" angle="275.03" x="64.35" y="132.26"/>
        <vehicle id="cfm-slow_1" eclass="HBEFA3/PC_G_EU4" CO2="27872.95" CO="553.85" HC="3.21" NOx="12.86" PMx="0.69" fuel="11.98" electricity="0.00" noise="105.37" route="routetop" type="cfm-slow" waiting="0.00" lane="top_0" pos="15.56" speed="9.55" angle="246.44" x="31.42" y="124.22"/>
        <vehicle id="cfm-slow_2" eclass="HBEFA3/PC_G_EU4" CO2="27878.71" CO="553.97" HC="3.21" NOx="12.87" PMx="0.69" fuel="11.98" electricity="0.00" noise="105.38" route="routetop" type="cfm-slow" waiting="0.00" lane="top_0" pos="31.39" speed="9.55" angle="218.03" x="6.47" y="101.54"/>
        <vehicle id="cfm-slow_3" eclass="HBEFA3/PC_G_EU4" CO2="27971.44" CO="555.85" HC="3.22" NOx="12.91" PMx="0.69" fuel="12.02" electricity="0.00" noise="105.53" route="routetop" type="cfm-slow" waiting="0.00" lane="top_0" pos="47.23" speed="9.56" angle="189.57" x="-4.67" y="69.72"/>
        <vehicle id="cfm-slow_4" eclass="HBEFA3/PC_G_EU4" CO2="29066.74" CO="577.98" HC="3.35" NOx="13.42" PMx="0.72" fuel="12.49" electricity="0.00" noise="107.27" route="routeleft" type="cfm-slow" waiting="0.00" lane="left_0" pos="13.06" speed="9.60" angle="161.01" x="0.77" y="36.25"/>
        <vehicle id="cfm-slow_5" eclass="HBEFA3/PC_G_EU4" CO2="37983.36" CO="756.93" HC="4.38" NOx="17.62" PMx="0.95" fuel="16.33" electricity="0.00" noise="120.08" route="routeleft" type="cfm-slow" waiting="0.00" lane="left_0" pos="28.95" speed="10.09" angle="132.37" x="21.52" y="9.54"/>
    </timestep>
    <timestep time="0.75">
        <vehicle id="cfm-fast_0" eclass="HBEFA3/PC_G_EU4" CO2="37838.45" CO="752.72" HC="4.36" NOx="17.55" PMx="0.94" fuel="16.26" electricity="0.00" noise="119.11" route="routebottom" type="cfm-fast" waiting="0.00" lane="bottom_0" pos="4.89" speed="10.22" angle="85.73" x="74.23" y="-4.13"/>
        <vehicle id="cfm-fast_1" eclass="HBEFA3/PC_G_EU4" CO2="37838.45" CO="752.72" HC="4.36" NOx="17.55" PMx="0.94" fuel="16.26" electricity="0.00" noise="119.11" route="routebottom" type="cfm-fast" waiting="0.00" lane="bottom_0" pos="20.72" speed="10.22" angle="57.18" x="105.25" y="9.10"/>
        <vehicle id="cfm-fast_2" eclass="HBEFA3/PC_G_EU4" CO2="37838.45" CO="752.72" HC="4.36" NOx="17.55" PMx="0.94" fuel="16.26" electricity="0.00" noise="119.11" route="routebottom" type="cfm-fast" waiting="0.00" lane="bottom_0" pos="36.55" speed="10.22" angle="28.72" x="126.22" y="35.50"/>
        <vehicle id="cfm-fast_3" eclass="HBEFA3/PC_G_EU4" CO2="37838.24" CO="752.72" HC="4.36" NOx="17.55" PMx="0.94" fuel="16.26" electricity="0.00" noise="119.11" route="routebottom" type="cfm-fast" waiting="0.00" lane="right_0" pos="2.39" speed="10.22" angle="0.19" x="132.08" y="68.89"/>
        <vehicle id="cfm-fast_4" eclass="HBEFA3/PC_G_EU4" CO2="37803.79" CO="752.01" HC="4.36" NOx="17.53" PMx="0.94" fuel="16.25" electricity="0.00" noise="119.05" route="routeright" type="cfm-fast" waiting="0.00" lane="right_0" pos="18.22" speed="10.22" angle="331.71" x="121.32" y="100.85"/>
        <vehicle id="cfm-fast_5" eclass="HBEFA3/PC_G_EU4" CO2="36402.54" CO="723.34" HC="4.19" NOx="16.87" PMx="0.91" fuel="15.65" electricity="0.00" noise="116.84" route="routeright" type="cfm-fast" waiting="0.00" lane="right_0" pos="34.05" speed="10.20" angle="303.23" x="96.64" y="123.81"/>
        <vehicle id="cfm-slow_0" eclass="HBEFA3/PC_G_EU4" CO2="27914.60" CO="553.72" HC="3.21" NOx="12.88" PMx="0.69" fuel="12.00" electricity="0.00" noise="105.00" route="routeright" type="cfm-slow" waiting="0.00" lane="right_0" pos="49.82" speed="9.66" angle="274.85" x="64.14" y="132.26"/>
        <vehicle id="cfm-slow_1" eclass="HBEFA3/PC_G_EU4" CO2="27914.93" CO="553.73" HC="3.21" NOx="12.88" PMx="0.69" fuel="12.00" electricity="0.00" noise="105.00" route="routetop" type="cfm-slow" waiting="0.00" lane="top_0" pos="15.66" speed="9.66" angle="246.27" x="31.24" y="124.12"/>
        <vehicle id="cfm-slow_2" eclass="HBEFA3/PC_G_EU4" CO2="27921.56" CO="553.86" HC="3.21" NOx="12.88" PMx="0.69" fuel="12.00" electricity="0.00" noise="105.01" route="routetop" type="cfm-slow" waiting="0.00" lane="top_0" pos="31.49" speed="9.66" angle="217.85" x="6.35" y="101.37"/>
        <vehicle id="cfm-slow_3" eclass="HBEFA3/PC_G_EU4" CO2="28024.44" CO="555.95" HC="3.22" NOx="12.93" PMx="0.69" fuel="12.05" electricity="0.00" noise="105.18" route="routetop" type="cfm-slow" waiting="0.00" lane="top_0" pos="47.32" speed="9.66" angle="189.39" x="-4.70" y="69.51"/>
        <vehicle id="cfm-slow_4" eclass="HBEFA3/PC_G_EU4" CO2="29199.03" CO="579.68" HC="3.36" NOx="13.48" PMx="0.72" fuel="12.55" electricity="0.00" noise="107.02" route="routeleft" type="cfm-slow" waiting="0.00" lane="left_0" pos="13.16" speed="9.71" angle="160.83" x="0.85" y="36.06"/>
        <vehicle id="cfm-slow_5" eclass="HBEFA3/PC_G_EU4" CO2="38472.13" CO="765.74" HC="4.44" NOx="17.85" PMx="0.96" fuel="16.54" electricity="0.00" noise="120.14" route="routeleft" type="cfm-slow" waiting="0.00" lane="left_0" pos="29.05" speed="10.23" angle="132.18" x="21.70" y="9.40"/>
    </timestep>
    <timestep time="0.76">
        <vehicle id="cfm-fast_0" eclass="HBEFA3/PC_G_EU4" CO2="37977.75" CO="754.39" HC="4.37" NOx="17.61" PMx="0.95" fuel="16.32" electricity="0.00" noise="118.63" route="routebottom" type="cfm-fast" waiting="0.00" lane="bottom_0" pos="4.99" speed="10.36" angle="85.54" x="74.45" y="-4.10"/>
        <vehicle id="cfm-fast_1" eclass="HBEFA3/PC_G_EU4" CO2="37977.75" CO="754.39" HC="4.37" NOx="17.61" PMx="0.95" fuel="16.32" electricity="0.00" noise="118.63" route="routebottom" type="cfm-fast" waiting="0.00" lane="bottom_0" pos="20.82" speed="10.36" angle="57.00" x="105.42" y="9.23"/>
        <vehicle id="cfm-fast_2" eclass="HBEFA3/PC_G_EU4" CO2="37977.75" CO="754.39" HC="4.37" NOx="17.61" PMx="0.95" fuel="16.32" electricity="0.00" noise="118.63" route="routebottom" type="cfm-fast" waiting="0.00" lane="bottom_0" pos="36.66" speed="10.36" angle="28.52" x="126.31" y="35.70"/>
        <vehicle id="cfm-fast_3" eclass="HBEFA3/PC_G_EU4" CO2="37977.22" CO="754.38" HC="4.37" NOx="17.61" PMx="0.95" fuel="16.32" electricity="0.00" noise="118.63" route="routebottom" type="cfm-fast" waiting="0.00" lane="right_0" pos="2.49" speed="10.36" angle="0.01" x="132.06" y="69.11"/>
        <vehicle id="cfm-fast_4" eclass="HBEFA3/PC_G_EU4" CO2="37929.59" CO="753.40" HC="4.37" NOx="17.59" PMx="0.95" fuel="16.30" electricity="0.00" noise="118.56" route="routeright" type="cfm-fast" waiting="0.00" lane="right_0" pos="18.32" speed="10.36" angle="331.51" x="121.20" y="101.03"/>
        <vehicle id="cfm-fast_5" eclass="HBEFA3/PC_G_EU4" CO2="36441.15" CO="722.97" HC="4.19" NOx="16.89" PMx="0.91" fuel="15.66" electricity="0.00" noise="116.25" route="routeright" type="cfm-fast" waiting="0.00" lane="right_0" pos="34.16" speed="10.33" angle="303.04" x="96.45" y="123.92"/>
        <vehicle id="cfm-slow_0" eclass="HBEFA3/PC_G_EU4" CO2="27951.35" CO="553.51" HC="3.21" NOx="12.89" PMx="0.69" fuel="12.01" electricity="0.00" noise="104.64" route="routeright" type="cfm-slow" waiting="0.00" lane="right_0" pos="49.92" speed="9.76" angle="274.67" x="63.93" y="132.27"/>
        <vehicle id="cfm-slow_1" eclass="HBEFA3/PC_G_EU4" CO2="27951.74" CO="553.51" HC="3.21" NOx="12.89" PMx="0.69" fuel="12.02" electricity="0.00" noise="104.64" route="routetop" type="cfm-slow" waiting="0.00" lane="top_0" pos="15.75" speed="9.76" angle="246.09" x="31.06" y="124.02"/>
        <vehicle id="cfm-slow_2" eclass="HBEFA3/PC_G_EU4" CO2="27959.33" CO="553.67" HC="3.21" NOx="12.90" PMx="0.69" fuel="12.02" electricity="0.00" noise="104.65" route="routetop" type="cfm-slow" waiting="0.00" lane="top_0" pos="31.59" speed="9.76" angle="217.68" x="6.24" y="101.19"/>
        <vehicle id="cfm-slow_3" eclass="HBEFA3/PC_G_EU4" CO2="28073.09" CO="555.98" HC="3.22" NOx="12.95" PMx="0.69" fuel="12.07" electricity="0.00" noise="104.83" route="routetop" type="cfm-slow" waiting="0.00" lane="top_0" pos="47.42" speed="9.76" angle="189.25" x="-4.72" y="69.31"/>
        <vehicle id="cfm-slow_4" eclass="HBEFA3/PC_G_EU4" CO2="29329.70" CO="581.35" HC="3.37" NOx="13.54" PMx="0.72" fuel="12.61" electricity="0.00" noise="106.78" route="routeleft" type="cfm-slow" waiting="0.00" lane="left_0" pos="13.26" speed="9.81" angle="160.64" x="0.94" y="35.87"/>
        <vehicle id="cfm-slow_5" eclass="HBEFA3/PC_G_EU4" CO2="38961.19" CO="774.57" HC="4.49" NOx="18.07" PMx="0.97" fuel="16.75" electricity="0.00" noise="120.20" route="routeleft" type="cfm-slow" waiting="0.00" lane="left_0" pos="29.16" speed="10.36" angle="131.98" x="21.87" y="9.26"/>
    </timestep>
    <timestep time="0.77">
        <vehicle id="cfm-fast_0" eclass="HBEFA3/PC_G_EU4" CO2="38107.73" CO="755.88" HC="4.38" NOx="17.67" PMx="0.95" fuel="16.38" electricity="0.00" noise="118.16" route="routebottom" type="cfm-fast" waiting="0.00" lane="bottom_0" pos="5.09" speed="10.49" angle="85.31" x="74.68" y="-4.07"/>
        <vehicle id="cfm-fast_1" eclass="HBEFA3/PC_G_EU4" CO2="38107.73" CO="755.88" HC="4.38" NOx="17.67" PMx="0.95" fuel="16.38" electricity="0.00" noise="118.16" route="routebottom" type="cfm-fast" waiting="0.00" lane="bottom_0" pos="20.93" speed="10.49" angle="56.80" x="105.60" y="9.37"/>
        <vehicle id="cfm-fast_2" eclass="HBEFA3/PC_G_EU4" CO2="38107.73" CO="755.88" HC="4.38" NOx="17.67" PMx="0.95" fuel="16.38" electricity="0.00" noise="118.16" route="routebottom" type="cfm-fast" waiting="0.00" lane="bottom_0" pos="36.76" speed="10.49" angle="28.31" x="126.40" y="35.91"/>
        <vehicle id="cfm-fast_3" eclass="HBEFA3/PC_G_EU4" CO2="38106.76" CO="755.86" HC="4.38" NOx="17.67" PMx="0.95" fuel="16.38" electricity="0.00" noise="118.16" route="routebottom" type="cfm-fast" waiting="0.00" lane="right_0" pos="2.59" speed="10.49" angle="359.84" x="132.04" y="69.34"/>
        <vehicle id="cfm-fast_4" eclass="HBEFA3/PC_G_EU4" CO2="38045.10" CO="754.60" HC="4.37" NOx="17.64" PMx="0.95" fuel="16.35" electricity="0.00" noise="118.06" route="routeright" type="cfm-fast" waiting="0.00" lane="right_0" pos="18.43" speed="10.49" angle="331.31" x="121.07" y="101.22"/>
        <vehicle id="cfm-fast_5" eclass="HBEFA3/PC_G_EU4" CO2="36469.81" CO="722.43" HC="4.19" NOx="16.90" PMx="0.91" fuel="15.68" electricity="0.00" noise="115.67" route="routeright" type="cfm-fast" waiting="0.00" lane="right_0" pos="34.26" speed="10.46" angle="302.85" x="96.25" y="124.03"/>
        <vehicle id="cfm-slow_0" eclass="HBEFA3/PC_G_EU4" CO2="27983.05" CO="553.20" HC="3.21" NOx="12.91" PMx="0.69" fuel="12.03" electricity="0.00" noise="104.27" route="routetop" type="cfm-slow" waiting="0.00" lane="top_0" pos="0.02" speed="9.86" angle="274.44" x="63.53" y="132.27"/>
        <vehicle id="cfm-slow_1" eclass="HBEFA3/PC_G_EU4" CO2="27983.52" CO="553.21" HC="3.21" NOx="12.91" PMx="0.69" fuel="12.03" electricity="0.00" noise="104.27" route="routetop" type="cfm-slow" waiting="0.00" lane="top_0" pos="15.85" speed="9.86" angle="245.92" x="30.87" y="123.91"/>
        <vehicle id="cfm-slow_2" eclass="HBEFA3/PC_G_EU4" CO2="27992.16" CO="553.39" HC="3.21" NOx="12.91" PMx="0.69" fuel="12.03" electricity="0.00" noise="104.29" route="routetop" type="cfm-slow" waiting="0.00" lane="top_0" pos="31.68" speed="9.86" angle="217.50" x="6.12" y="101.02"/>
        <vehicle id="cfm-slow_3" eclass="HBEFA3/PC_G_EU4" CO2="28117.52" CO="555.93" HC="3.22" NOx="12.97" PMx="0.69" fuel="12.09" electricity="0.00" noise="104.49" route="routetop" type="cfm-slow" waiting="0.00" lane="top_0" pos="47.52" speed="9.86" angle="189.09" x="-4.73" y="69.09"/>
        <vehicle id="cfm-slow_4" eclass="HBEFA3/PC_G_EU4" CO2="29458.91" CO="583.02" HC="3.38" NOx="13.60" PMx="0.73" fuel="12.66" electricity="0.00" noise="106.54" route="routeleft" type="cfm-slow" waiting="0.00" lane="left_0" pos="13.36" speed="9.92" angle="160.46" x="1.03" y="35.67"/>
        <vehicle id="cfm-slow_5" eclass="HBEFA3/PC_G_EU4" CO2="39450.54" CO="783.42" HC="4.54" NOx="18.30" PMx="0.99" fuel="16.96" electricity="0.00" noise="120.26" route="routeleft" type="cfm-slow" waiting="0.00" lane="left_0" pos="29.26" speed="10.50" angle="131.79" x="22.05" y="9.12"/>
    </timestep>
    <timestep time="0.78">
        <vehicle id="cfm-fast_0" eclass="HBEFA3/PC_G_EU4" CO2="38228.64" CO="757.22" HC="4.39" NOx="17.72" PMx="0.95" fuel="16.43" electricity="0.00" noise="117.69" route="routebottom" type="cfm-fast" waiting="0.00" lane="bottom_0" pos="5.20" speed="10.62" angle="85.12" x="74.90" y="-4.03"/>
        <vehicle id="cfm-fast_1" eclass="HBEFA3/PC_G_EU4" CO2="38228.64" CO="757.22" HC="4.39" NOx="17.72" PMx="0.95" fuel="16.43" electricity="0.00" noise="117.69" route="routebottom" type="cfm-fast" waiting="0.00" lane="bottom_0" pos="21.03" speed="10.62" angle="56.61" x="105.78" y="9.51"/>
        <vehicle id="cfm-fast_2" eclass="HBEFA3/PC_G_EU4" CO2="38228.62" CO="757.22" HC="4.39" NOx="17.72" PMx="0.95" fuel="16.43" electricity="0.00" noise="117.69" route="routebottom" type="cfm-fast" waiting="0.00" lane="bottom_0" pos="36.87" speed="10.62" angle="28.11" x="126.49" y="36.12"/>
        <vehicle id="cfm-fast_3" eclass="HBEFA3/PC_G_EU4" CO2="38227.07" CO="757.19" HC="4.39" NOx="17.72" PMx="0.95" fuel="16.43" electricity="0.00" noise="117.69" route="routebottom" type="cfm-fast" waiting="0.00" lane="right_0" pos="2.70" speed="10.62" angle="359.65" x="132.02" y="69.56"/>
        <vehicle id="cfm-fast_4" eclass="HBEFA3/PC_G_EU4" CO2="38150.55" CO="755.62" HC="4.38" NOx="17.68" PMx="0.95" fuel="16.40" electricity="0.00" noise="117.57" route="routeright" type="cfm-fast" waiting="0.00" lane="right_0" pos="18.53" speed="10.62" angle="331.10" x="120.95" y="101.41"/>
        <vehicle id="cfm-fast_5" eclass="HBEFA3/PC_G_EU4" CO2="36488.83" CO="721.71" HC="4.19" NOx="16.90" PMx="0.91" fuel="15.68" electricity="0.00" noise="115.10" route="routeright" type="cfm-fast" waiting="0.00" lane="right_0" pos="34.37" speed="10.58" angle="302.66" x="96.05" y="124.14"/>
        <vehicle id="cfm-slow_0" eclass="HBEFA3/PC_G_EU4" CO2="28009.85" CO="552.82" HC="3.21" NOx="12.92" PMx="0.69" fuel="12.04" electricity="0.00" noise="103.91" route="routetop" type="cfm-slow" waiting="0.00" lane="top_0" pos="0.12" speed="9.96" angle="274.26" x="63.32" y="132.27"/>
        <vehicle id="cfm-slow_1" eclass="HBEFA3/PC_G_EU4" CO2="28010.39" CO="552.83" HC="3.21" NOx="12.92" PMx="0.69" fuel="12.04" electricity="0.00" noise="103.92" route="routetop" type="cfm-slow" waiting="0.00" lane="top_0" pos="15.95" speed="9.96" angle="245.74" x="30.68" y="123.81"/>
        <vehicle id="cfm-slow_2" eclass="HBEFA3/PC_G_EU4" CO2="28020.19" CO="553.03" HC="3.21" NOx="12.92" PMx="0.69" fuel="12.04" electricity="0.00" noise="103.93" route="routetop" type="cfm-slow" waiting="0.00" lane="top_0" pos="31.78" speed="9.96" angle="217.32" x="6.00" y="100.84"/>
        <vehicle id="cfm-slow_3" eclass="HBEFA3/PC_G_EU4" CO2="28157.92" CO="555.82" HC="3.22" NOx="12.99" PMx="0.69" fuel="12.10" electricity="0.00" noise="104.15" route="routetop" type="cfm-slow" waiting="0.00" lane="top_0" pos="47.62" speed="9.96" angle="188.90" x="-4.75" y="68.88"/>
        <vehicle id="cfm-slow_4" eclass="HBEFA3/PC_G_EU4" CO2="29586.78" CO="584.67" HC="3.39" NOx="13.66" PMx="0.73" fuel="12.72" electricity="0.00" noise="106.31" route="routeleft" type="cfm-slow" waiting="0.00" lane="left_0" pos="13.46" speed="10.03" angle="160.27" x="1.12" y="35.48"/>
        <vehicle id="cfm-slow_5" eclass="HBEFA3/PC_G_EU4" CO2="39940.18" CO="792.30" HC="4.59" NOx="18.53" PMx="1.00" fuel="17.17" electricity="0.00" noise="120.32" route="routeleft" type="cfm-slow" waiting="0.00" lane="left_0" pos="29.37" speed="10.64" angle="131.60" x="22.23" y="8.98"/>
    </timestep>
    <timestep time="0.79">
        <vehicle id="cfm-fast_0" eclass="HBEFA3/PC_G_EU4" CO2="38340.68" CO="758.39" HC="4.40" NOx="17.77" PMx="0.96" fuel="16.48" electricity="0.00" noise="117.23" route="routebottom" type="cfm-fast" waiting="0.00" lane="bottom_0" pos="5.31" speed="10.75" angle="84.92" x="75.13" y="-3.98"/>
        <vehicle id="cfm-fast_1" eclass="HBEFA3/PC_G_EU4" CO2="38340.68" CO="758.39" HC="4.40" NOx="17.77" PMx="0.96" fuel="16.48" electricity="0.00" noise="117.23" route="routebottom" type="cfm-fast" waiting="0.00" lane="bottom_0" pos="21.14" speed="10.75" angle="56.42" x="105.96" y="9.66"/>
        <vehicle id="cfm-fast_2" eclass="HBEFA3/PC_G_EU4" CO2="38340.65" CO="758.39" HC="4.40" NOx="17.77" PMx="0.96" fuel="16.48" electricity="0.00" noise="117.23" route="routebottom" type="cfm-fast" waiting="0.00" lane="bottom_0" pos="36.98" speed="10.75" angle="27.90" x="126.59" y="36.33"/>
        <vehicle id="cfm-fast_3" eclass="HBEFA3/PC_G_EU4" CO2="38338.38" CO="758.35" HC="4.40" NOx="17.77" PMx="0.96" fuel="16.48" electricity="0.00" noise="117.22" route="routebottom" type="cfm-fast" waiting="0.00" lane="right_0" pos="2.81" speed="10.75" angle="359.46" x="132.00" y="69.79"/>
        <vehicle id="cfm-fast_4" eclass="HBEFA3/PC_G_EU4" CO2="38246.17" CO="756.46" HC="4.39" NOx="17.73" PMx="0.95" fuel="16.44" electricity="0.00" noise="117.08" route="routeright" type="cfm-fast" waiting="0.00" lane="right_0" pos="18.64" speed="10.75" angle="330.89" x="120.82" y="101.60"/>
        <vehicle id="cfm-fast_5" eclass="HBEFA3/PC_G_EU4" CO2="36498.51" CO="720.83" HC="4.18" NOx="16.90" PMx="0.91" fuel="15.69" electricity="0.00" noise="114.53" route="routeright" type="cfm-fast" waiting="0.00" lane="right_0" pos="34.47" speed="10.71" angle="302.46" x="95.85" y="124.25"/>
        <vehicle id="cfm-slow_0" eclass="HBEFA3/PC_G_EU4" CO2="28031.85" CO="552.35" HC="3.20" NOx="12.92" PMx="0.69" fuel="12.05" electricity="0.00" noise="103.56" route="routetop" type="cfm-slow" waiting="0.00" lane="top_0" pos="0.22" speed="10.06" angle="274.08" x="63.10" y="132.26"/>
        <vehicle id="cfm-slow_1" eclass="HBEFA3/PC_G_EU4" CO2="28032.49" CO="552.36" HC="3.20" NOx="12.92" PMx="0.69" fuel="12.05" electricity="0.00" noise="103.56" route="routetop" type="cfm-slow" waiting="0.00" lane="top_0" pos="16.05" speed="10.06" angle="245.56" x="30.49" y="123.70"/>
        <vehicle id="cfm-slow_2" eclass="HBEFA3/PC_G_EU4" CO2="28043.57" CO="552.59" HC="3.21" NOx="12.93" PMx="0.69" fuel="12.05" electricity="0.00" noise="103.58" route="routetop" type="cfm-slow" waiting="0.00" lane="top_0" pos="31.88" speed="10.06" angle="217.14" x="5.88" y="100.66"/>
        <vehicle id="cfm-slow_3" eclass="HBEFA3/PC_G_EU4" CO2="28194.42" CO="555.65" HC="3.22" NOx="13.00" PMx="0.69" fuel="12.12" electricity="0.00" noise="103.81" route="routetop" type="cfm-slow" waiting="0.00" lane="top_0" pos="47.72" speed="10.06" angle="188.70" x="-4.76" y="68.66"/>
        <vehicle id="cfm-slow_4" eclass="HBEFA3/PC_G_EU4" CO2="29713.45" CO="586.31" HC="3.40" NOx="13.72" PMx="0.73" fuel="12.77" electricity="0.00" noise="106.08" route="routeleft" type="cfm-slow" waiting="0.00" lane="left_0" pos="13.56" speed="10.13" angle="160.08" x="1.21" y="35.28"/>
        <vehicle id="cfm-slow_5" eclass="HBEFA3/PC_G_EU4" CO2="40430.12" CO="801.20" HC="4.65" NOx="18.76" PMx="1.01" fuel="17.38" electricity="0.00" noise="120.38" route="routeleft" type="cfm-slow" waiting="0.00" lane="left_0" pos="29.48" speed="10.77" angle="131.45" x="22.41" y="8.84"/>
    </timestep>
    <timestep time="0.80">
        <vehicle id="cfm-fast_0" eclass="HBEFA3/PC_G_EU4" CO2="38444.08" CO="759.42" HC="4.41" NOx="17.82" PMx="0.96" fuel="16.53" electricity="0.00" noise="116.77" route="routebottom" type="cfm-fast" waiting="0.00" lane="bottom_0" pos="5.42" speed="10.88" angle="84.72" x="75.36" y="-3.94"/>
        <vehicle id="cfm-fast_1" eclass="HBEFA3/PC_G_EU4" CO2="38444.08" CO="759.42" HC="4.41" NOx="17.82" PMx="0.96" fuel="16.53" electricity="0.00" noise="116.77" route="routebottom" type="cfm-fast" waiting="0.00" lane="bottom_0" pos="21.25" speed="10.88" angle="56.22" x="106.15" y="9.80"/>
        <vehicle id="cfm-fast_2" eclass="HBEFA3/PC_G_EU4" CO2="38444.03" CO="759.42" HC="4.41" NOx="17.82" PMx="0.96" fuel="16.53" electricity="0.00" noise="116.77" route="routebottom" type="cfm-fast" waiting="0.00" lane="bottom_0" pos="37.08" speed="10.88" angle="27.70" x="126.68" y="36.54"/>
        <vehicle id="cfm-fast_3" eclass="HBEFA3/PC_G_EU4" CO2="38440.90" CO="759.35" HC="4.41" NOx="17.82" PMx="0.96" fuel="16.52" electricity="0.00" noise="116.76" route="routebottom" type="cfm-fast" waiting="0.00" lane="right_0" pos="2.92" speed="10.88" angle="359.26" x="131.97" y="70.03"/>
        <vehicle id="cfm-fast_4" eclass="HBEFA3/PC_G_EU4" CO2="38332.19" CO="757.13" HC="4.39" NOx="17.76" PMx="0.96" fuel="16.48" electricity="0.00" noise="116.60" route="routeright" type="cfm-fast" waiting="0.00" lane="right_0" pos="18.75" speed="10.87" angle="330.68" x="120.69" y="101.79"/>
        <vehicle id="cfm-fast_5" eclass="HBEFA3/PC_G_EU4" CO2="36499.18" CO="719.79" HC="4.18" NOx="16.90" PMx="0.91" fuel="15.69" electricity="0.00" noise="113.97" route="routeright" type="cfm-fast" waiting="0.00" lane="right_0" pos="34.58" speed="10.83" angle="302.31" x="95.64" y="124.36"/>
        <vehicle id="cfm-slow_0" eclass="HBEFA3/PC_G_EU4" CO2="28049.20" CO="551.80" HC="3.20" NOx="12.93" PMx="0.69" fuel="12.06" electricity="0.00" noise="103.21" route="routetop" type="cfm-slow" waiting="0.00" lane="top_0" pos="0.32" speed="10.16" angle="273.90" x="62.88" y="132.26"/>
        <vehicle id="cfm-slow_1" eclass="HBEFA3/PC_G_EU4" CO2="28049.94" CO="551.82" HC="3.20" NOx="12.93" PMx="0.69" fuel="12.06" electricity="0.00" noise="103.21" route="routetop" type="cfm-slow" waiting="0.00" lane="top_0" pos="16.15" speed="10.16" angle="245.37" x="30.30" y="123.60"/>
        <vehicle id="cfm-slow_2" eclass="HBEFA3/PC_G_EU4" CO2="28062.41" CO="552.07" HC="3.20" NOx="12.94" PMx="0.69" fuel="12.06" electricity="0.00" noise="103.23" route="routetop" type="cfm-slow" waiting="0.00" lane="top_0" pos="31.99" speed="10.16" angle="216.98" x="5.76" y="100.48"/>
        <vehicle id="cfm-slow_3" eclass="HBEFA3/PC_G_EU4" CO2="28227.19" CO="555.41" HC="3.22" NOx="13.01" PMx="0.69" fuel="12.13" electricity="0.00" noise="103.48" route="routetop" type="cfm-slow" waiting="0.00" lane="top_0" pos="47.82" speed="10.16" angle="188.51" x="-4.77" y="68.45"/>
        <vehicle id="cfm-slow_4" eclass="HBEFA3/PC_G_EU4" CO2="29839.05" CO="587.94" HC="3.41" NOx="13.77" PMx="0.74" fuel="12.83" electricity="0.00" noise="105.86" route="routeleft" type="cfm-slow" waiting="0.00" lane="left_0" pos="13.66" speed="10.23" angle="159.89" x="1.30" y="35.08"/>
        <vehicle id="cfm-slow_5" eclass="HBEFA3/PC_G_EU4" CO2="40920.34" CO="810.11" HC="4.70" NOx="18.98" PMx="1.02" fuel="17.59" electricity="0.00" noise="120.44" route="routeleft" type="cfm-slow" waiting="0.00" lane="left_0" pos="29.58" speed="10.91" angle="131.26" x="22.60" y="8.70"/>
    </timestep>
    <timestep time="0.81">
        <vehicle id="cfm-fast_0" eclass="HBEFA3/PC_G_EU4" CO2="38539.06" CO="760.29" HC="4.41" NOx="17.86" PMx="0.96" fuel="16.57" electricity="0.00" noise="116.31" route="routebottom" type="cfm-fast" waiting="0.00" lane="bottom_0" pos="5.53" speed="11.00" angle="84.52" x="75.59" y="-3.90"/>
        <vehicle id="cfm-fast_1" eclass="HBEFA3/PC_G_EU4" CO2="38539.06" CO="760.29" HC="4.41" NOx="17.86" PMx="0.96" fuel="16.57" electricity="0.00" noise="116.31" route="routebottom" type="cfm-fast" waiting="0.00" lane="bottom_0" pos="21.36" speed="11.00" angle="56.02" x="106.33" y="9.95"/>
        <vehicle id="cfm-fast_2" eclass="HBEFA3/PC_G_EU4" CO2="38538.98" CO="760.29" HC="4.41" NOx="17.86" PMx="0.96" fuel="16.57" electricity="0.00" noise="116.31" route="routebottom" type="cfm-fast" waiting="0.00" lane="bottom_0" pos="37.19" speed="11.00" angle="27.55" x="126.78" y="36.76"/>
        <vehicle id="cfm-fast_3" eclass="HBEFA3/PC_G_EU4" CO2="38534.84" CO="760.20" HC="4.41" NOx="17.86" PMx="0.96" fuel="16.56" electricity="0.00" noise="116.30" route="routebottom" type="cfm-fast" waiting="0.00" lane="right_0" pos="3.03" speed="11.00" angle="359.06" x="131.95" y="70.26"/>
        <vehicle id="cfm-fast_4" eclass="HBEFA3/PC_G_EU4" CO2="38408.82" CO="757.62" HC="4.40" NOx="17.80" PMx="0.96" fuel="16.51" electricity="0.00" noise="116.12" route="routeright" type="cfm-fast" waiting="0.00" lane="right_0" pos="18.86" speed="11.00" angle="330.47" x="120.55" y="101.99"/>
        <vehicle id="cfm-fast_5" eclass="HBEFA3/PC_G_EU4" CO2="36491.10" CO="718.59" HC="4.17" NOx="16.89" PMx="0.91" fuel="15.69" electricity="0.00" noise="113.41" route="routeright" type="cfm-fast" waiting="0.00" lane="right_0" pos="34.69" speed="10.95" angle="302.13" x="95.44" y="124.47"/>
        <vehicle id="cfm-slow_0" eclass="HBEFA3/PC_G_EU4" CO2="28062.02" CO="551.18" HC="3.20" NOx="12.93" PMx="0.69" fuel="12.06" electricity="0.00" noise="102.86" route="routetop" type="cfm-slow" waiting="0.00" lane="top_0" pos="0.42" speed="10.25" angle="273.71" x="62.66" y="132.25"/>
        <vehicle id="cfm-slow_1" eclass="HBEFA3/PC_G_EU4" CO2="28062.87" CO="551.20" HC="3.20" NOx="12.93" PMx="0.69" fuel="12.06" electricity="0.00" noise="102.86" route="routetop" type="cfm-slow" waiting="0.00" lane="top_0" pos="16.26" speed="10.25" angle="245.19" x="30.11" y="123.49"/>
        <vehicle id="cfm-slow_2" eclass="HBEFA3/PC_G_EU4" CO2="28076.87" CO="551.48" HC="3.20" NOx="12.94" PMx="0.69" fuel="12.07" electricity="0.00" noise="102.88" route="routetop" type="cfm-slow" waiting="0.00" lane="top_0" pos="32.09" speed="10.25" angle="216.83" x="5.64" y="100.29"/>
        <vehicle id="cfm-slow_3" eclass="HBEFA3/PC_G_EU4" CO2="28256.37" CO="555.12" HC="3.22" NOx="13.03" PMx="0.69" fuel="12.15" electricity="0.00" noise="103.15" route="routetop" type="cfm-slow" waiting="0.00" lane="top_0" pos="47.92" speed="10.26" angle="188.31" x="-4.79" y="68.23"/>
        <vehicle id="cfm-slow_4" eclass="HBEFA3/PC_G_EU4" CO2="29963.69" CO="589.57" HC="3.42" NOx="13.83" PMx="0.74" fuel="12.88" electricity="0.00" noise="105.65" route="routeleft" type="cfm-slow" waiting="0.00" lane="left_0" pos="13.76" speed="10.34" angle="159.70" x="1.39" y="34.87"/>
        <vehicle id="cfm-slow_5" eclass="HBEFA3/PC_G_EU4" CO2="41410.86" CO="819.05" HC="4.75" NOx="19.21" PMx="1.04" fuel="17.80" electricity="0.00" noise="120.50" route="routeleft" type="cfm-slow" waiting="0.00" lane="left_0" pos="29.70" speed="11.05" angle="131.05" x="22.80" y="8.56"/>
    </timestep>
    <timestep time="0.82">
        <vehicle id="cfm-fast_0" eclass="HBEFA3/PC_G_EU4" CO2="38625.83" CO="761.02" HC="4.42" NOx="17.90" PMx="0.96" fuel="16.60" electricity="0.00" noise="115.86" route="routebottom" type="cfm-fast" waiting="0.00" lane="bottom_0" pos="5.64" speed="11.13" angle="84.32" x="75.83" y="-3.86"/>
        <vehicle id="cfm-fast_1" eclass="HBEFA3/PC_G_EU4" CO2="38625.83" CO="761.02" HC="4.42" NOx="17.90" PMx="0.96" fuel="16.60" electricity="0.00" noise="115.86" route="routebottom" type="cfm-fast" waiting="0.00" lane="bottom_0" pos="21.47" speed="11.13" angle="55.82" x="106.52" y="10.10"/>
        <vehicle id="cfm-fast_2" eclass="HBEFA3/PC_G_EU4" CO2="38625.71" CO="761.01" HC="4.42" NOx="17.90" PMx="0.96" fuel="16.60" electricity="0.00" noise="115.86" route="routebottom" type="cfm-fast" waiting="0.00" lane="bottom_0" pos="37.31" speed="11.13" angle="27.36" x="126.87" y="36.98"/>
        <vehicle id="cfm-fast_3" eclass="HBEFA3/PC_G_EU4" CO2="38620.39" CO="760.90" HC="4.42" NOx="17.89" PMx="0.96" fuel="16.60" electricity="0.00" noise="115.85" route="routebottom" type="cfm-fast" waiting="0.00" lane="right_0" pos="3.14" speed="11.13" angle="358.86" x="131.93" y="70.50"/>
        <vehicle id="cfm-fast_4" eclass="HBEFA3/PC_G_EU4" CO2="38476.28" CO="757.96" HC="4.40" NOx="17.83" PMx="0.96" fuel="16.54" electricity="0.00" noise="115.64" route="routeright" type="cfm-fast" waiting="0.00" lane="right_0" pos="18.97" speed="11.13" angle="330.25" x="120.42" y="102.19"/>
        <vehicle id="cfm-fast_5" eclass="HBEFA3/PC_G_EU4" CO2="36474.58" CO="717.24" HC="4.17" NOx="16.88" PMx="0.91" fuel="15.68" electricity="0.00" noise="112.86" route="routeright" type="cfm-fast" waiting="0.00" lane="right_0" pos="34.80" speed="11.07" angle="301.93" x="95.22" y="124.58"/>
        <vehicle id="cfm-slow_0" eclass="HBEFA3/PC_G_EU4" CO2="28070.42" CO="550.48" HC="3.20" NOx="12.94" PMx="0.69" fuel="12.07" electricity="0.00" noise="102.51" route="routetop" type="cfm-slow" waiting="0.00" lane="top_0" pos="0.53" speed="10.35" angle="273.52" x="62.44" y="132.25"/>
        <vehicle id="cfm-slow_1" eclass="HBEFA3/PC_G_EU4" CO2="28071.40" CO="550.50" HC="3.20" NOx="12.94" PMx="0.69" fuel="12.07" electricity="0.00" noise="102.51" route="routetop" type="cfm-slow" waiting="0.00" lane="top_0" pos="16.36" speed="10.35" angle="245.00" x="29.91" y="123.39"/>
        <vehicle id="cfm-slow_2" eclass="HBEFA3/PC_G_EU4" CO2="28087.05" CO="550.82" HC="3.20" NOx="12.94" PMx="0.69" fuel="12.07" electricity="0.00" noise="102.54" route="routetop" type="cfm-slow" waiting="0.00" lane="top_0" pos="32.19" speed="10.35" angle="216.63" x="5.53" y="100.10"/>
        <vehicle id="cfm-slow_3" eclass="HBEFA3/PC_G_EU4" CO2="28282.11" CO="554.77" HC="3.22" NOx="13.03" PMx="0.69" fuel="12.16" electricity="0.00" noise="102.83" route="routetop" type="cfm-slow" waiting="0.00" lane="top_0" pos="48.03" speed="10.36" angle="188.11" x="-4.80" y="68.00"/>
        <vehicle id="cfm-slow_4" eclass="HBEFA3/PC_G_EU4" CO2="30087.51" CO="591.19" HC="3.43" NOx="13.88" PMx="0.74" fuel="12.93" electricity="0.00" noise="105.44" route="routeleft" type="cfm-slow" waiting="0.00" lane="left_0" pos="13.87" speed="10.44" angle="159.51" x="1.48" y="34.67"/>
        <vehicle id="cfm-slow_5" eclass="HBEFA3/PC_G_EU4" CO2="41901.67" CO="828.01" HC="4.80" NOx="19.44" PMx="1.05" fuel="18.01" electricity="0.00" noise="120.56" route="routeleft" type="cfm-slow" waiting="0.00" lane="left_0" pos="29.81" speed="11.18" angle="130.85" x="22.99" y="8.42"/>
    </timestep>
    <timestep time="0.83">
        <vehicle id="cfm-fast_0" eclass="HBEFA3/PC_G_EU4" CO2="38704.60" CO="761.60" HC="4.42" NOx="17.93" PMx="0.97" fuel="16.64" electricity="0.00" noise="115.41" route="routebottom" type="cfm-fast" waiting="0.00" lane="bottom_0" pos="5.75" speed="11.25" angle="84.12" x="76.06" y="-3.81"/>
        <vehicle id="cfm-fast_1" eclass="HBEFA3/PC_G_EU4" CO2="38704.60" CO="761.60" HC="4.42" NOx="17.93" PMx="0.97" fuel="16.64" electricity="0.00" noise="115.41" route="routebottom" type="cfm-fast" waiting="0.00" lane="bottom_0" pos="21.58" speed="11.25" angle="55.61" x="106.71" y="10.24"/>
        <vehicle id="cfm-fast_2" eclass="HBEFA3/PC_G_EU4" CO2="38704.43" CO="761.60" HC="4.42" NOx="17.93" PMx="0.97" fuel="16.64" electricity="0.00" noise="115.41" route="routebottom" type="cfm-fast" waiting="0.00" lane="bottom_0" pos="37.42" speed="11.25" angle="27.15" x="126.96" y="37.20"/>
        <vehicle id="cfm-fast_3" eclass="HBEFA3/PC_G_EU4" CO2="38697.76" CO="761.46" HC="4.42" NOx="17.93" PMx="0.96" fuel="16.63" electricity="0.00" noise="115.40" route="routebottom" type="cfm-fast" waiting="0.00" lane="right_0" pos="3.25" speed="11.25" angle="358.66" x="131.90" y="70.74"/>
        <vehicle id="cfm-fast_4" eclass="HBEFA3/PC_G_EU4" CO2="38534.78" CO="758.13" HC="4.40" NOx="17.85" PMx="0.96" fuel="16.56" electricity="0.00" noise="115.17" route="routeright" type="cfm-fast" waiting="0.00" lane="right_0" pos="19.08" speed="11.25" angle="330.03" x="120.29" y="102.39"/>
        <vehicle id="cfm-fast_5" eclass="HBEFA3/PC_G_EU4" CO2="36449.89" CO="715.75" HC="4.16" NOx="16.87" PMx="0.91" fuel="15.67" electricity="0.00" noise="112.32" route="routeright" type="cfm-fast" waiting="0.00" lane="right_0" pos="34.91" speed="11.18" angle="301.73" x="95.01" y="124.69"/>
        <vehicle id="cfm-slow_0" eclass="HBEFA3/PC_G_EU4" CO2="28074.52" CO="549.71" HC="3.19" NOx="12.93" PMx="0.69" fuel="12.07" electricity="0.00" noise="102.17" route="routetop" type="cfm-slow" waiting="0.00" lane="top_0" pos="0.63" speed="10.44" angle="273.33" x="62.21" y="132.24"/>
        <vehicle id="cfm-slow_1" eclass="HBEFA3/PC_G_EU4" CO2="28075.65" CO="549.73" HC="3.19" NOx="12.94" PMx="0.69" fuel="12.07" electricity="0.00" noise="102.17" route="routetop" type="cfm-slow" waiting="0.00" lane="top_0" pos="16.46" speed="10.44" angle="244.81" x="29.72" y="123.28"/>
        <vehicle id="cfm-slow_2" eclass="HBEFA3/PC_G_EU4" CO2="28093.09" CO="550.09" HC="3.20" NOx="12.94" PMx="0.69" fuel="12.08" electricity="0.00" noise="102.20" route="routetop" type="cfm-slow" waiting="0.00" lane="top_0" pos="32.30" speed="10.45" angle="216.44" x="5.41" y="99.91"/>
        <vehicle id="cfm-slow_3" eclass="HBEFA3/PC_G_EU4" CO2="28304.56" CO="554.37" HC="3.22" NOx="13.04" PMx="0.70" fuel="12.17" electricity="0.00" noise="102.51" route="routetop" type="cfm-slow" waiting="0.00" lane="top_0" pos="48.13" speed="10.45" angle="187.91" x="-4.81" y="67.78"/>
        <vehicle id="cfm-slow_4" eclass="HBEFA3/PC_G_EU4" CO2="30210.60" CO="592.82" HC="3.44" NOx="13.94" PMx="0.74" fuel="12.99" electricity="0.00" noise="105.24" route="routeleft" type="cfm-slow" waiting="0.00" lane="left_0" pos="13.97" speed="10.54" angle="159.32" x="1.57" y="34.46"/>
        <vehicle id="cfm-slow_5" eclass="HBEFA3/PC_G_EU4" CO2="42392.77" CO="837.00" HC="4.86" NOx="19.67" PMx="1.06" fuel="18.22" electricity="0.00" noise="120.62" route="routeleft" type="cfm-slow" waiting="0.00" lane="left_0" pos="29.92" speed="11.32" angle="130.64" x="23.19" y="8.28"/>
    </timestep>
    <timestep time="0.84">
        <vehicle id="cfm-fast_0" eclass="HBEFA3/PC_G_EU4" CO2="38775.57" CO="762.05" HC="4.43" NOx="17.96" PMx="0.97" fuel="16.67" electricity="0.00" noise="114.97" route="routebottom" type="cfm-fast" waiting="0.00" lane="bottom_0" pos="5.86" speed="11.38" angle="83.91" x="76.31" y="-3.77"/>
        <vehicle id="cfm-fast_1" eclass="HBEFA3/PC_G_EU4" CO2="38775.57" CO="762.05" HC="4.43" NOx="17.96" PMx="0.97" fuel="16.67" electricity="0.00" noise="114.97" route="routebottom" type="cfm-fast" waiting="0.00" lane="bottom_0" pos="21.70" speed="11.38" angle="55.43" x="106.90" y="10.40"/>
        <vehicle id="cfm-fast_2" eclass="HBEFA3/PC_G_EU4" CO2="38775.34" CO="762.04" HC="4.43" NOx="17.96" PMx="0.97" fuel="16.67" electricity="0.00" noise="114.97" route="routebottom" type="cfm-fast" waiting="0.00" lane="bottom_0" pos="37.53" speed="11.38" angle="26.95" x="127.05" y="37.43"/>
        <vehicle id="cfm-fast_3" eclass="HBEFA3/PC_G_EU4" CO2="38767.15" CO="761.87" HC="4.43" NOx="17.96" PMx="0.97" fuel="16.66" electricity="0.00" noise="114.95" route="routebottom" type="cfm-fast" waiting="0.00" lane="right_0" pos="3.36" speed="11.38" angle="358.46" x="131.88" y="70.98"/>
        <vehicle id="cfm-fast_4" eclass="HBEFA3/PC_G_EU4" CO2="38584.53" CO="758.14" HC="4.40" NOx="17.87" PMx="0.96" fuel="16.59" electricity="0.00" noise="114.70" route="routeright" type="cfm-fast" waiting="0.00" lane="right_0" pos="19.20" speed="11.37" angle="329.87" x="120.15" y="102.59"/>
        <vehicle id="cfm-fast_5" eclass="HBEFA3/PC_G_EU4" CO2="36417.29" CO="714.11" HC="4.15" NOx="16.85" PMx="0.91" fuel="15.65" electricity="0.00" noise="111.78" route="routeright" type="cfm-fast" waiting="0.00" lane="right_0" pos="35.03" speed="11.30" angle="301.52" x="94.79" y="124.80"/>
        <vehicle id="cfm-slow_0" eclass="HBEFA3/PC_G_EU4" CO2="28074.44" CO="548.86" HC="3.19" NOx="12.93" PMx="0.69" fuel="12.07" electricity="0.00" noise="101.83" route="routetop" type="cfm-slow" waiting="0.00" lane="top_0" pos="0.74" speed="10.54" angle="273.14" x="61.99" y="132.24"/>
        <vehicle id="cfm-slow_1" eclass="HBEFA3/PC_G_EU4" CO2="28075.73" CO="548.89" HC="3.19" NOx="12.93" PMx="0.69" fuel="12.07" electricity="0.00" noise="101.83" route="routetop" type="cfm-slow" waiting="0.00" lane="top_0" pos="16.57" speed="10.54" angle="244.64" x="29.52" y="123.17"/>
        <vehicle id="cfm-slow_2" eclass="HBEFA3/PC_G_EU4" CO2="28095.12" CO="549.29" HC="3.19" NOx="12.94" PMx="0.69" fuel="12.08" electricity="0.00" noise="101.86" route="routetop" type="cfm-slow" waiting="0.00" lane="top_0" pos="32.40" speed="10.54" angle="216.24" x="5.29" y="99.71"/>
        <vehicle id="cfm-slow_3" eclass="HBEFA3/PC_G_EU4" CO2="28323.86" CO="553.92" HC="3.22" NOx="13.05" PMx="0.70" fuel="12.17" electricity="0.00" noise="102.20" route="routetop" type="cfm-slow" waiting="0.00" lane="top_0" pos="48.24" speed="10.55" angle="187.71" x="-4.82" y="67.55"/>
        <vehicle id="cfm-slow_4" eclass="HBEFA3/PC_G_EU4" CO2="30333.09" CO="594.44" HC="3.45" NOx="14.00" PMx="0.75" fuel="13.04" electricity="0.00" noise="105.04" route="routeleft" type="cfm-slow" waiting="0.00" lane="left_0" pos="14.08" speed="10.64" angle="159.17" x="1.67" y="34.25"/>
        <vehicle id="cfm-slow_5" eclass="HBEFA3/PC_G_EU4" CO2="42884.17" CO="846.00" HC="4.91" NOx="19.90" PMx="1.07" fuel="18.43" electricity="0.00" noise="120.68" route="routeleft" type="cfm-slow" waiting="0.00" lane="left_0" pos="30.03" speed="11.45" angle="130.43" x="23.39" y="8.13"/>
    </timestep>
    <timestep time="0.85">
        <vehicle id="cfm-fast_0" eclass="HBEFA3/PC_G_EU4" CO2="38838.95" CO="762.36" HC="4.43" NOx="17.99" PMx="0.97" fuel="16.69" electricity="0.00" noise="114.53" route="routebottom" type="cfm-fast" waiting="0.00" lane="bottom_0" pos="5.98" speed="11.50" angle="83.70" x="76.55" y="-3.72"/>
        <vehicle id="cfm-fast_1" eclass="HBEFA3/PC_G_EU4" CO2="38838.94" CO="762.36" HC="4.43" NOx="17.99" PMx="0.97" fuel="16.69" electricity="0.00" noise="114.53" route="routebottom" type="cfm-fast" waiting="0.00" lane="bottom_0" pos="21.81" speed="11.50" angle="55.25" x="107.10" y="10.55"/>
        <vehicle id="cfm-fast_2" eclass="HBEFA3/PC_G_EU4" CO2="38838.63" CO="762.35" HC="4.43" NOx="17.99" PMx="0.97" fuel="16.69" electricity="0.00" noise="114.53" route="routebottom" type="cfm-fast" waiting="0.00" lane="bottom_0" pos="37.65" speed="11.50" angle="26.74" x="127.14" y="37.66"/>
        <vehicle id="cfm-fast_3" eclass="HBEFA3/PC_G_EU4" CO2="38828.73" CO="762.15" HC="4.43" NOx="17.98" PMx="0.97" fuel="16.69" electricity="0.00" noise="114.51" route="routebottom" type="cfm-fast" waiting="0.00" lane="right_0" pos="3.48" speed="11.50" angle="358.25" x="131.85" y="71.23"/>
        <vehicle id="cfm-fast_4" eclass="HBEFA3/PC_G_EU4" CO2="38625.74" CO="758.00" HC="4.40" NOx="17.89" PMx="0.96" fuel="16.60" electricity="0.00" noise="114.23" route="routeright" type="cfm-fast" waiting="0.00" lane="right_0" pos="19.31" speed="11.49" angle="329.67" x="120.01" y="102.80"/>
        <vehicle id="cfm-fast_5" eclass="HBEFA3/PC_G_EU4" CO2="36377.07" CO="712.35" HC="4.14" NOx="16.83" PMx="0.90" fuel="15.64" electricity="0.00" noise="111.25" route="routeright" type="cfm-fast" waiting="0.00" lane="right_0" pos="35.14" speed="11.42" angle="301.32" x="94.57" y="124.91"/>
        <vehicle id="cfm-slow_0" eclass="HBEFA3/PC_G_EU4" CO2="28070.29" CO="547.95" HC="3.19" NOx="12.93" PMx="0.69" fuel="12.07" electricity="0.00" noise="101.49" route="routetop" type="cfm-slow" waiting="0.00" lane="top_0" pos="0.84" speed="10.63" angle="272.95" x="61.76" y="132.24"/>
        <vehicle id="cfm-slow_1" eclass="HBEFA3/PC_G_EU4" CO2="28071.76" CO="547.98" HC="3.19" NOx="12.93" PMx="0.69" fuel="12.07" electricity="0.00" noise="101.50" route="routetop" type="cfm-slow" waiting="0.00" lane="top_0" pos="16.68" speed="10.63" angle="244.48" x="29.32" y="123.05"/>
        <vehicle id="cfm-slow_2" eclass="HBEFA3/PC_G_EU4" CO2="28093.25" CO="548.42" HC="3.19" NOx="12.94" PMx="0.69" fuel="12.08" electricity="0.00" noise="101.53" route="routetop" type="cfm-slow" waiting="0.00" lane="top_0" pos="32.51" speed="10.63" angle="216.03" x="5.18" y="99.52"/>
        <vehicle id="cfm-slow_3" eclass="HBEFA3/PC_G_EU4" CO2="28340.15" CO="553.42" HC="3.22" NOx="13.05" PMx="0.70" fuel="12.18" electricity="0.00" noise="101.89" route="routetop" type="cfm-slow" waiting="0.00" lane="top_0" pos="48.34" speed="10.64" angle="187.51" x="-4.84" y="67.32"/>
        <vehicle id="cfm-slow_4" eclass="HBEFA3/PC_G_EU4" CO2="30455.09" CO="596.07" HC="3.46" NOx="14.05" PMx="0.75" fuel="13.09" electricity="0.00" noise="104.85" route="routeleft" type="cfm-slow" waiting="0.00" lane="left_0" pos="14.19" speed="10.74" angle="158.97" x="1.77" y="34.05"/>
        <vehicle id="cfm-slow_5" eclass="HBEFA3/PC_G_EU4" CO2="43375.86" CO="855.03" HC="4.96" NOx="20.13" PMx="1.09" fuel="18.65" electricity="0.00" noise="120.74" route="routeleft" type="cfm-slow" waiting="0.00" lane="left_0" pos="30.15" speed="11.59" angle="130.22" x="23.59" y="7.99"/>
    </timestep>
    <timestep time="0.86">
        <vehicle id="cfm-fast_0" eclass="HBEFA3/PC_G_EU4" CO2="38894.91" CO="762.54" HC="4.43" NOx="18.01" PMx="0.97" fuel="16.72" electricity="0.00" noise="114.09" route="routebottom" type="cfm-fast" waiting="0.00" lane="bottom_0" pos="6.10" speed="11.62" angle="83.49" x="76.79" y="-3.68"/>
        <vehicle id="cfm-fast_1" eclass="HBEFA3/PC_G_EU4" CO2="38894.90" CO="762.54" HC="4.43" NOx="18.01" PMx="0.97" fuel="16.72" electricity="0.00" noise="114.09" route="routebottom" type="cfm-fast" waiting="0.00" lane="bottom_0" pos="21.93" speed="11.62" angle="55.03" x="107.29" y="10.71"/>
        <vehicle id="cfm-fast_2" eclass="HBEFA3/PC_G_EU4" CO2="38894.50" CO="762.53" HC="4.43" NOx="18.01" PMx="0.97" fuel="16.72" electricity="0.00" noise="114.09" route="routebottom" type="cfm-fast" waiting="0.00" lane="bottom_0" pos="37.76" speed="11.62" angle="26.53" x="127.24" y="37.89"/>
        <vehicle id="cfm-fast_3" eclass="HBEFA3/PC_G_EU4" CO2="38882.71" CO="762.29" HC="4.43" NOx="18.00" PMx="0.97" fuel="16.71" electricity="0.00" noise="114.08" route="routebottom" type="cfm-fast" waiting="0.00" lane="right_0" pos="3.60" speed="11.62" angle="358.04" x="131.83" y="71.48"/>
        <vehicle id="cfm-fast_4" eclass="HBEFA3/PC_G_EU4" CO2="38658.61" CO="757.71" HC="4.40" NOx="17.90" PMx="0.96" fuel="16.62" electricity="0.00" noise="113.77" route="routeright" type="cfm-fast" waiting="0.00" lane="right_0" pos="19.43" speed="11.62" angle="329.46" x="119.86" y="103.00"/>
        <vehicle id="cfm-fast_5" eclass="HBEFA3/PC_G_EU4" CO2="36329.48" CO="710.45" HC="4.13" NOx="16.80" PMx="0.90" fuel="15.62" electricity="0.00" noise="110.72" route="routeright" type="cfm-fast" waiting="0.00" lane="right_0" pos="35.26" speed="11.53" angle="301.11" x="94.35" y="125.02"/>
        <vehicle id="cfm-slow_0" eclass="HBEFA3/PC_G_EU4" CO2="28062.19" CO="546.97" HC="3.18" NOx="12.92" PMx="0.69" fuel="12.06" electricity="0.00" noise="101.16" route="routetop" type="cfm-slow" waiting="0.00" lane="top_0" pos="0.95" speed="10.73" angle="272.76" x="61.53" y="132.23"/>
        <vehicle id="cfm-slow_1" eclass="HBEFA3/PC_G_EU4" CO2="28063.86" CO="547.01" HC="3.18" NOx="12.92" PMx="0.69" fuel="12.06" electricity="0.00" noise="101.16" route="routetop" type="cfm-slow" waiting="0.00" lane="top_0" pos="16.78" speed="10.73" angle="244.29" x="29.12" y="122.94"/>
        <vehicle id="cfm-slow_2" eclass="HBEFA3/PC_G_EU4" CO2="28087.60" CO="547.49" HC="3.18" NOx="12.93" PMx="0.69" fuel="12.07" electricity="0.00" noise="101.20" route="routetop" type="cfm-slow" waiting="0.00" lane="top_0" pos="32.62" speed="10.73" angle="215.83" x="5.06" y="99.32"/>
        <vehicle id="cfm-slow_3" eclass="HBEFA3/PC_G_EU4" CO2="28353.55" CO="552.88" HC="3.22" NOx="13.06" PMx="0.70" fuel="12.19" electricity="0.00" noise="101.58" route="routetop" type="cfm-slow" waiting="0.00" lane="top_0" pos="48.45" speed="10.74" angle="187.30" x="-4.85" y="67.09"/>
        <vehicle id="cfm-slow_4" eclass="HBEFA3/PC_G_EU4" CO2="30576.69" CO="597.70" HC="3.47" NOx="14.11" PMx="0.75" fuel="13.14" electricity="0.00" noise="104.67" route="routeleft" type="cfm-slow" waiting="0.00" lane="left_0" pos="14.30" speed="10.85" angle="158.77" x="1.88" y="33.84"/>
        <vehicle id="cfm-slow_5" eclass="HBEFA3/PC_G_EU4" CO2="43867.83" CO="864.07" HC="5.02" NOx="20.35" PMx="1.10" fuel="18.86" electricity="0.00" noise="120.80" route="routeleft" type="cfm-slow" waiting="0.00" lane="left_0" pos="30.27" speed="11.73" angle="130.00" x="23.79" y="7.84"/>
    </timestep>
    <timestep time="0.87">
        <vehicle id="cfm-fast_0" eclass="HBEFA3/PC_G_EU4" CO2="38943.66" CO="762.59" HC="4.43" NOx="18.03" PMx="0.97" fuel="16.74" electricity="0.00" noise="113.66" route="routebottom" type="cfm-fast" waiting="0.00" lane="bottom_0" pos="6.21" speed="11.74" angle="83.27" x="77.04" y="-3.63"/>
        <vehicle id="cfm-fast_1" eclass="HBEFA3/PC_G_EU4" CO2="38943.65" CO="762.59" HC="4.43" NOx="18.03" PMx="0.97" fuel="16.74" electricity="0.00" noise="113.66" route="routebottom" type="cfm-fast" waiting="0.00" lane="bottom_0" pos="22.05" speed="11.74" angle="54.81" x="107.48" y="10.88"/>
        <vehicle id="cfm-fast_2" eclass="HBEFA3/PC_G_EU4" CO2="38943.14" CO="762.58" HC="4.43" NOx="18.03" PMx="0.97" fuel="16.74" electricity="0.00" noise="113.66" route="routebottom" type="cfm-fast" waiting="0.00" lane="bottom_0" pos="37.88" speed="11.74" angle="26.32" x="127.33" y="38.13"/>
        <vehicle id="cfm-fast_3" eclass="HBEFA3/PC_G_EU4" CO2="38929.26" CO="762.30" HC="4.43" NOx="18.02" PMx="0.97" fuel="16.73" electricity="0.00" noise="113.64" route="routebottom" type="cfm-fast" waiting="0.00" lane="right_0" pos="3.71" speed="11.74" angle="357.83" x="131.80" y="71.73"/>
        <vehicle id="cfm-fast_4" eclass="HBEFA3/PC_G_EU4" CO2="38683.33" CO="757.28" HC="4.40" NOx="17.91" PMx="0.96" fuel="16.63" electricity="0.00" noise="113.31" route="routeright" type="cfm-fast" waiting="0.00" lane="right_0" pos="19.55" speed="11.73" angle="329.25" x="119.71" y="103.20"/>
        <vehicle id="cfm-fast_5" eclass="HBEFA3/PC_G_EU4" CO2="36274.76" CO="708.42" HC="4.12" NOx="16.77" PMx="0.90" fuel="15.59" electricity="0.00" noise="110.20" route="routeright" type="cfm-fast" waiting="0.00" lane="right_0" pos="35.37" speed="11.64" angle="300.90" x="94.13" y="125.13"/>
        <vehicle id="cfm-slow_0" eclass="HBEFA3/PC_G_EU4" CO2="28050.24" CO="545.93" HC="3.18" NOx="12.91" PMx="0.69" fuel="12.06" electricity="0.00" noise="100.83" route="routetop" type="cfm-slow" waiting="0.00" lane="top_0" pos="1.06" speed="10.82" angle="272.56" x="61.30" y="132.23"/>
        <vehicle id="cfm-slow_1" eclass="HBEFA3/PC_G_EU4" CO2="28052.12" CO="545.97" HC="3.18" NOx="12.91" PMx="0.69" fuel="12.06" electricity="0.00" noise="100.83" route="routetop" type="cfm-slow" waiting="0.00" lane="top_0" pos="16.89" speed="10.82" angle="244.09" x="28.92" y="122.82"/>
        <vehicle id="cfm-slow_2" eclass="HBEFA3/PC_G_EU4" CO2="28078.30" CO="546.50" HC="3.18" NOx="12.93" PMx="0.69" fuel="12.07" electricity="0.00" noise="100.87" route="routetop" type="cfm-slow" waiting="0.00" lane="top_0" pos="32.72" speed="10.82" angle="215.63" x="4.94" y="99.12"/>
        <vehicle id="cfm-slow_3" eclass="HBEFA3/PC_G_EU4" CO2="28364.21" CO="552.29" HC="3.21" NOx="13.06" PMx="0.70" fuel="12.19" electricity="0.00" noise="101.28" route="routetop" type="cfm-slow" waiting="0.00" lane="top_0" pos="48.56" speed="10.83" angle="187.10" x="-4.86" y="66.86"/>
        <vehicle id="cfm-slow_4" eclass="HBEFA3/PC_G_EU4" CO2="30698.00" CO="599.34" HC="3.49" NOx="14.16" PMx="0.76" fuel="13.20" electricity="0.00" noise="104.49" route="routeleft" type="cfm-slow" waiting="0.00" lane="left_0" pos="14.41" speed="10.95" angle="158.56" x="1.98" y="33.63"/>
        <vehicle id="cfm-slow_5" eclass="HBEFA3/PC_G_EU4" CO2="44360.11" CO="873.14" HC="5.07" NOx="20.58" PMx="1.11" fuel="19.07" electricity="0.00" noise="120.86" route="routeleft" type="cfm-slow" waiting="0.00" lane="left_0" pos="30.39" speed="11.86" angle="129.78" x="24.00" y="7.69"/>
    </timestep>
    <timestep time="0.88">
        <vehicle id="cfm-fast_0" eclass="HBEFA3/PC_G_EU4" CO2="38985.39" CO="762.52" HC="4.43" NOx="18.05" PMx="0.97" fuel="16.76" electricity="0.00" noise="113.23" route="routebottom" type="cfm-fast" waiting="0.00" lane="bottom_0" pos="6.33" speed="11.86" angle="83.09" x="77.29" y="-3.59"/>
        <vehicle id="cfm-fast_1" eclass="HBEFA3/PC_G_EU4" CO2="38985.37" CO="762.52" HC="4.43" NOx="18.05" PMx="0.97" fuel="16.76" electricity="0.00" noise="113.23" route="routebottom" type="cfm-fast" waiting="0.00" lane="bottom_0" pos="22.17" speed="11.86" angle="54.58" x="107.67" y="11.04"/>
        <vehicle id="cfm-fast_2" eclass="HBEFA3/PC_G_EU4" CO2="38984.73" CO="762.51" HC="4.43" NOx="18.05" PMx="0.97" fuel="16.76" electricity="0.00" noise="113.23" route="routebottom" type="cfm-fast" waiting="0.00" lane="bottom_0" pos="38.00" speed="11.86" angle="26.11" x="127.42" y="38.36"/>
        <vehicle id="cfm-fast_3" eclass="HBEFA3/PC_G_EU4" CO2="38968.56" CO="762.18" HC="4.43" NOx="18.04" PMx="0.97" fuel="16.75" electricity="0.00" noise="113.21" route="routebottom" type="cfm-fast" waiting="0.00" lane="right_0" pos="3.83" speed="11.86" angle="357.64" x="131.77" y="71.98"/>
        <vehicle id="cfm-fast_4" eclass="HBEFA3/PC_G_EU4" CO2="38700.12" CO="756.70" HC="4.40" NOx="17.91" PMx="0.96" fuel="16.64" electricity="0.00" noise="112.85" route="routeright" type="cfm-fast" waiting="0.00" lane="right_0" pos="19.66" speed="11.85" angle="329.04" x="119.57" y="103.41"/>
        <vehicle id="cfm-fast_5" eclass="HBEFA3/PC_G_EU4" CO2="36213.17" CO="706.28" HC="4.11" NOx="16.74" PMx="0.90" fuel="15.57" electricity="0.00" noise="109.69" route="routeright" type="cfm-fast" waiting="0.00" lane="right_0" pos="35.49" speed="11.75" angle="300.68" x="93.90" y="125.24"/>
        <vehicle id="cfm-slow_0" eclass="HBEFA3/PC_G_EU4" CO2="28034.55" CO="544.83" HC="3.17" NOx="12.90" PMx="0.69" fuel="12.05" electricity="0.00" noise="100.50" route="routetop" type="cfm-slow" waiting="0.00" lane="top_0" pos="1.17" speed="10.91" angle="272.36" x="61.06" y="132.22"/>
        <vehicle id="cfm-slow_1" eclass="HBEFA3/PC_G_EU4" CO2="28036.67" CO="544.87" HC="3.17" NOx="12.90" PMx="0.69" fuel="12.05" electricity="0.00" noise="100.51" route="routetop" type="cfm-slow" waiting="0.00" lane="top_0" pos="17.00" speed="10.91" angle="243.90" x="28.72" y="122.70"/>
        <vehicle id="cfm-slow_2" eclass="HBEFA3/PC_G_EU4" CO2="28065.45" CO="545.45" HC="3.17" NOx="12.92" PMx="0.69" fuel="12.06" electricity="0.00" noise="100.55" route="routetop" type="cfm-slow" waiting="0.00" lane="top_0" pos="32.83" speed="10.91" angle="215.42" x="4.82" y="98.92"/>
        <vehicle id="cfm-slow_3" eclass="HBEFA3/PC_G_EU4" CO2="28372.26" CO="551.67" HC="3.21" NOx="13.06" PMx="0.70" fuel="12.20" electricity="0.00" noise="100.98" route="routetop" type="cfm-slow" waiting="0.00" lane="top_0" pos="48.67" speed="10.92" angle="186.91" x="-4.88" y="66.63"/>
        <vehicle id="cfm-slow_4" eclass="HBEFA3/PC_G_EU4" CO2="30819.12" CO="600.99" HC="3.50" NOx="14.21" PMx="0.76" fuel="13.25" electricity="0.00" noise="104.31" route="routeleft" type="cfm-slow" waiting="0.00" lane="left_0" pos="14.52" speed="11.04" angle="158.36" x="2.09" y="33.42"/>
        <vehicle id="cfm-slow_5" eclass="HBEFA3/PC_G_EU4" CO2="44852.67" CO="882.23" HC="5.13" NOx="20.81" PMx="1.12" fuel="19.28" electricity="0.00" noise="120.92" route="routeleft" type="cfm-slow" waiting="0.00" lane="left_0" pos="30.51" speed="12.00" angle="129.56" x="24.21" y="7.54"/>
    </timestep>
    <timestep time="0.89">
        <vehicle id="cfm-fast_0" eclass="HBEFA3/PC_G_EU4" CO2="39020.27" CO="762.33" HC="4.43" NOx="18.06" PMx="0.97" fuel="16.77" electricity="0.00" noise="112.81" route="routebottom" type="cfm-fast" waiting="0.00" lane="bottom_0" pos="6.45" speed="11.98" angle="82.88" x="77.55" y="-3.53"/>
        <vehicle id="cfm-fast_1" eclass="HBEFA3/PC_G_EU4" CO2="39020.25" CO="762.33" HC="4.43" NOx="18.06" PMx="0.97" fuel="16.77" electricity="0.00" noise="112.81" route="routebottom" type="cfm-fast" waiting="0.00" lane="bottom_0" pos="22.29" speed="11.98" angle="54.36" x="107.87" y="11.21"/>
        <vehicle id="cfm-fast_2" eclass="HBEFA3/PC_G_EU4" CO2="39019.46" CO="762.31" HC="4.43" NOx="18.06" PMx="0.97" fuel="16.77" electricity="0.00" noise="112.81" route="routebottom" type="cfm-fast" waiting="0.00" lane="bottom_0" pos="38.12" speed="11.98" angle="25.89" x="127.52" y="38.60"/>
        <vehicle id="cfm-fast_3" eclass="HBEFA3/PC_G_EU4" CO2="39000.79" CO="761.93" HC="4.43" NOx="18.05" PMx="0.97" fuel="16.76" electricity="0.00" noise="112.78" route="routebottom" type="cfm-fast" waiting="0.00" lane="right_0" pos="3.95" speed="11.98" angle="357.42" x="131.74" y="72.24"/>
        <vehicle id="cfm-fast_4" eclass="HBEFA3/PC_G_EU4" CO2="38709.15" CO="755.98" HC="4.40" NOx="17.91" PMx="0.96" fuel="16.64" electricity="0.00" noise="112.40" route="routeright" type="cfm-fast" waiting="0.00" lane="right_0" pos="19.78" speed="11.97" angle="328.82" x="119.42" y="103.62"/>
        <vehicle id="cfm-fast_5" eclass="HBEFA3/PC_G_EU4" CO2="36144.94" CO="704.01" HC="4.10" NOx="16.71" PMx="0.90" fuel="15.54" electricity="0.00" noise="109.18" route="routeright" type="cfm-fast" waiting="0.00" lane="right_0" pos="35.61" speed="11.86" angle="300.47" x="93.67" y="125.36"/>
        <vehicle id="cfm-slow_0" eclass="HBEFA3/PC_G_EU4" CO2="28015.22" CO="543.66" HC="3.16" NOx="12.89" PMx="0.69" fuel="12.04" electricity="0.00" noise="100.18" route="routetop" type="cfm-slow" waiting="0.00" lane="top_0" pos="1.28" speed="11.00" angle="272.19" x="60.82" y="132.22"/>
        <vehicle id="cfm-slow_1" eclass="HBEFA3/PC_G_EU4" CO2="28017.60" CO="543.71" HC="3.17" NOx="12.89" PMx="0.69" fuel="12.04" electricity="0.00" noise="100.18" route="routetop" type="cfm-slow" waiting="0.00" lane="top_0" pos="17.11" speed="11.00" angle="243.70" x="28.52" y="122.58"/>
        <vehicle id="cfm-slow_2" eclass="HBEFA3/PC_G_EU4" CO2="28049.17" CO="544.35" HC="3.17" NOx="12.91" PMx="0.69" fuel="12.06" electricity="0.00" noise="100.23" route="routetop" type="cfm-slow" waiting="0.00" lane="top_0" pos="32.94" speed="11.00" angle="215.21" x="4.69" y="98.72"/>
        <vehicle id="cfm-slow_3" eclass="HBEFA3/PC_G_EU4" CO2="28377.81" CO="551.00" HC="3.21" NOx="13.06" PMx="0.70" fuel="12.20" electricity="0.00" noise="100.69" route="routetop" type="cfm-slow" waiting="0.00" lane="top_0" pos="48.78" speed="11.01" angle="186.74" x="-4.89" y="66.39"/>
        <vehicle id="cfm-slow_4" eclass="HBEFA3/PC_G_EU4" CO2="30940.14" CO="602.65" HC="3.51" NOx="14.27" PMx="0.76" fuel="13.30" electricity="0.00" noise="104.15" route="routeleft" type="cfm-slow" waiting="0.00" lane="left_0" pos="14.63" speed="11.14" angle="158.15" x="2.19" y="33.20"/>
        <vehicle id="cfm-slow_5" eclass="HBEFA3/PC_G_EU4" CO2="45345.52" CO="891.34" HC="5.18" NOx="21.04" PMx="1.14" fuel="19.49" electricity="0.00" noise="120.99" route="routeleft" type="cfm-slow" waiting="0.00" lane="left_0" pos="30.63" speed="12.14" angle="129.34" x="24.42" y="7.39"/>
    </timestep>
    <timestep time="0.90">
        <vehicle id="cfm-fast_0" eclass="HBEFA3/PC_G_EU4" CO2="39048.49" CO="762.02" HC="4.43" NOx="18.07" PMx="0.97" fuel="16.78" electricity="0.00" noise="112.39" route="routebottom" type="cfm-fast" waiting="0.00" lane="bottom_0" pos="6.57" speed="12.09" angle="82.65" x="77.80" y="-3.47"/>
        <vehicle id="cfm-fast_1" eclass="HBEFA3/PC_G_EU4" CO2="39048.45" CO="762.02" HC="4.43" NOx="18.07" PMx="0.97" fuel="16.78" electricity="0.00" noise="112.39" route="routebottom" type="cfm-fast" waiting="0.00" lane="bottom_0" pos="22.41" speed="12.09" angle="54.13" x="108.07" y="11.38"/>
        <vehicle id="cfm-fast_2" eclass="HBEFA3/PC_G_EU4" CO2="39047.49" CO="762.00" HC="4.43" NOx="18.07" PMx="0.97" fuel="16.78" electricity="0.00" noise="112.39" route="routebottom" type="cfm-fast" waiting="0.00" lane="bottom_0" pos="38.24" speed="12.09" angle="25.67" x="127.62" y="38.85"/>
        <vehicle id="cfm-fast_3" eclass="HBEFA3/PC_G_EU4" CO2="39026.12" CO="761.56" HC="4.43" NOx="18.06" PMx="0.97" fuel="16.78" electricity="0.00" noise="112.36" route="routebottom" type="cfm-fast" waiting="0.00" lane="right_0" pos="4.07" speed="12.09" angle="357.20" x="131.70" y="72.50"/>
        <vehicle id="cfm-fast_4" eclass="HBEFA3/PC_G_EU4" CO2="38710.62" CO="755.13" HC="4.39" NOx="17.91" PMx="0.96" fuel="16.64" electricity="0.00" noise="111.95" route="routeright" type="cfm-fast" waiting="0.00" lane="right_0" pos="19.91" speed="12.09" angle="328.60" x="119.26" y="103.83"/>
        <vehicle id="cfm-fast_5" eclass="HBEFA3/PC_G_EU4" CO2="36070.31" CO="701.64" HC="4.08" NOx="16.67" PMx="0.89" fuel="15.50" electricity="0.00" noise="108.67" route="routeright" type="cfm-fast" waiting="0.00" lane="right_0" pos="35.73" speed="11.97" angle="300.25" x="93.44" y="125.47"/>
        <vehicle id="cfm-slow_0" eclass="HBEFA3/PC_G_EU4" CO2="27992.35" CO="542.43" HC="3.16" NOx="12.88" PMx="0.69" fuel="12.03" electricity="0.00" noise="99.86" route="routetop" type="cfm-slow" waiting="0.00" lane="top_0" pos="1.39" speed="11.09" angle="271.99" x="60.59" y="132.20"/>
        <vehicle id="cfm-slow_1" eclass="HBEFA3/PC_G_EU4" CO2="27995.02" CO="542.49" HC="3.16" NOx="12.88" PMx="0.69" fuel="12.03" electricity="0.00" noise="99.86" route="routetop" type="cfm-slow" waiting="0.00" lane="top_0" pos="17.22" speed="11.09" angle="243.50" x="28.31" y="122.45"/>
        <vehicle id="cfm-slow_2" eclass="HBEFA3/PC_G_EU4" CO2="28029.58" CO="543.19" HC="3.16" NOx="12.90" PMx="0.69" fuel="12.05" electricity="0.00" noise="99.91" route="routetop" type="cfm-slow" waiting="0.00" lane="top_0" pos="33.05" speed="11.09" angle="215.00" x="4.57" y="98.51"/>
        <vehicle id="cfm-slow_3" eclass="HBEFA3/PC_G_EU4" CO2="28381.01" CO="550.31" HC="3.20" NOx="13.06" PMx="0.70" fuel="12.20" electricity="0.00" noise="100.40" route="routetop" type="cfm-slow" waiting="0.00" lane="top_0" pos="48.89" speed="11.10" angle="186.54" x="-4.90" y="66.15"/>
        <vehicle id="cfm-slow_4" eclass="HBEFA3/PC_G_EU4" CO2="31061.14" CO="604.32" HC="3.52" NOx="14.32" PMx="0.77" fuel="13.35" electricity="0.00" noise="103.98" route="routeleft" type="cfm-slow" waiting="0.00" lane="left_0" pos="14.74" speed="11.24" angle="157.94" x="2.30" y="32.98"/>
        <vehicle id="cfm-slow_5" eclass="HBEFA3/PC_G_EU4" CO2="45838.67" CO="900.48" HC="5.23" NOx="21.27" PMx="1.15" fuel="19.70" electricity="0.00" noise="121.05" route="routeleft" type="cfm-slow" waiting="0.00" lane="left_0" pos="30.75" speed="12.27" angle="129.17" x="24.64" y="7.23"/>
    </timestep>
    <timestep time="0.91">
        <vehicle id="cfm-fast_0" eclass="HBEFA3/PC_G_EU4" CO2="39070.21" CO="761.60" HC="4.43" NOx="18.08" PMx="0.97" fuel="16.79" electricity="0.00" noise="111.98" route="routebottom" type="cfm-fast" waiting="0.00" lane="bottom_0" pos="6.69" speed="12.21" angle="82.42" x="78.06" y="-3.42"/>
        <vehicle id="cfm-fast_1" eclass="HBEFA3/PC_G_EU4" CO2="39070.17" CO="761.59" HC="4.43" NOx="18.08" PMx="0.97" fuel="16.79" electricity="0.00" noise="111.98" route="routebottom" type="cfm-fast" waiting="0.00" lane="bottom_0" pos="22.53" speed="12.21" angle="53.90" x="108.27" y="11.55"/>
        <vehicle id="cfm-fast_2" eclass="HBEFA3/PC_G_EU4" CO2="39069.01" CO="761.57" HC="4.43" NOx="18.08" PMx="0.97" fuel="16.79" electricity="0.00" noise="111.97" route="routebottom" type="cfm-fast" waiting="0.00" lane="bottom_0" pos="38.36" speed="12.21" angle="25.46" x="127.71" y="39.09"/>
        <vehicle id="cfm-fast_3" eclass="HBEFA3/PC_G_EU4" CO2="39044.72" CO="761.07" HC="4.43" NOx="18.07" PMx="0.97" fuel="16.78" electricity="0.00" noise="111.94" route="routebottom" type="cfm-fast" waiting="0.00" lane="right_0" pos="4.19" speed="12.21" angle="356.98" x="131.66" y="72.76"/>
        <vehicle id="cfm-fast_4" eclass="HBEFA3/PC_G_EU4" CO2="38704.71" CO="754.14" HC="4.39" NOx="17.91" PMx="0.96" fuel="16.64" electricity="0.00" noise="111.51" route="routeright" type="cfm-fast" waiting="0.00" lane="right_0" pos="20.03" speed="12.20" angle="328.38" x="119.11" y="104.04"/>
        <vehicle id="cfm-fast_5" eclass="HBEFA3/PC_G_EU4" CO2="35989.51" CO="699.16" HC="4.07" NOx="16.63" PMx="0.89" fuel="15.47" electricity="0.00" noise="108.18" route="routeright" type="cfm-fast" waiting="0.00" lane="right_0" pos="35.85" speed="12.08" angle="300.06" x="93.21" y="125.59"/>
        <vehicle id="cfm-slow_0" eclass="HBEFA3/PC_G_EU4" CO2="27966.05" CO="541.15" HC="3.15" NOx="12.86" PMx="0.68" fuel="12.02" electricity="0.00" noise="99.54" route="routetop" type="cfm-slow" waiting="0.00" lane="top_0" pos="1.50" speed="11.18" angle="271.79" x="60.35" y="132.19"/>
        <vehicle id="cfm-slow_1" eclass="HBEFA3/PC_G_EU4" CO2="27969.04" CO="541.21" HC="3.15" NOx="12.87" PMx="0.68" fuel="12.02" electricity="0.00" noise="99.54" route="routetop" type="cfm-slow" waiting="0.00" lane="top_0" pos="17.33" speed="11.18" angle="243.30" x="28.10" y="122.33"/>
        <vehicle id="cfm-slow_2" eclass="HBEFA3/PC_G_EU4" CO2="28006.77" CO="541.98" HC="3.16" NOx="12.88" PMx="0.69" fuel="12.04" electricity="0.00" noise="99.60" route="routetop" type="cfm-slow" waiting="0.00" lane="top_0" pos="33.17" speed="11.18" angle="214.79" x="4.45" y="98.31"/>
        <vehicle id="cfm-slow_3" eclass="HBEFA3/PC_G_EU4" CO2="28381.96" CO="549.57" HC="3.20" NOx="13.06" PMx="0.70" fuel="12.20" electricity="0.00" noise="100.12" route="routetop" type="cfm-slow" waiting="0.00" lane="top_0" pos="49.00" speed="11.19" angle="186.34" x="-4.90" y="65.91"/>
        <vehicle id="cfm-slow_4" eclass="HBEFA3/PC_G_EU4" CO2="31182.23" CO="606.01" HC="3.53" NOx="14.38" PMx="0.77" fuel="13.40" electricity="0.00" noise="103.82" route="routeleft" type="cfm-slow" waiting="0.00" lane="left_0" pos="14.85" speed="11.34" angle="157.72" x="2.41" y="32.77"/>
        <vehicle id="cfm-slow_5" eclass="HBEFA3/PC_G_EU4" CO2="46332.11" CO="909.63" HC="5.29" NOx="21.50" PMx="1.16" fuel="19.92" electricity="0.00" noise="121.11" route="routeleft" type="cfm-slow" waiting="0.00" lane="left_0" pos="30.87" speed="12.41" angle="128.96" x="24.86" y="7.08"/>
    </timestep>
    <timestep time="0.92">
        <vehicle id="cfm-fast_0" eclass="HBEFA3/PC_G_EU4" CO2="39085.62" CO="761.06" HC="4.43" NOx="18.08" PMx="0.97" fuel="16.80" electricity="0.00" noise="111.56" route="routebottom" type="cfm-fast" waiting="0.00" lane="bottom_0" pos="6.82" speed="12.32" angle="82.18" x="78.31" y="-3.36"/>
        <vehicle id="cfm-fast_1" eclass="HBEFA3/PC_G_EU4" CO2="39085.57" CO="761.06" HC="4.43" NOx="18.08" PMx="0.97" fuel="16.80" electricity="0.00" noise="111.56" route="routebottom" type="cfm-fast" waiting="0.00" lane="bottom_0" pos="22.65" speed="12.32" angle="53.66" x="108.47" y="11.72"/>
        <vehicle id="cfm-fast_2" eclass="HBEFA3/PC_G_EU4" CO2="39084.19" CO="761.03" HC="4.43" NOx="18.08" PMx="0.97" fuel="16.80" electricity="0.00" noise="111.56" route="routebottom" type="cfm-fast" waiting="0.00" lane="bottom_0" pos="38.48" speed="12.32" angle="25.28" x="127.81" y="39.34"/>
        <vehicle id="cfm-fast_3" eclass="HBEFA3/PC_G_EU4" CO2="39056.75" CO="760.47" HC="4.43" NOx="18.07" PMx="0.97" fuel="16.79" electricity="0.00" noise="111.53" route="routebottom" type="cfm-fast" waiting="0.00" lane="right_0" pos="4.32" speed="12.32" angle="356.76" x="131.62" y="73.02"/>
        <vehicle id="cfm-fast_4" eclass="HBEFA3/PC_G_EU4" CO2="38691.61" CO="753.03" HC="4.38" NOx="17.90" PMx="0.96" fuel="16.63" electricity="0.00" noise="111.06" route="routeright" type="cfm-fast" waiting="0.00" lane="right_0" pos="20.15" speed="12.31" angle="328.16" x="118.96" y="104.26"/>
        <vehicle id="cfm-fast_5" eclass="HBEFA3/PC_G_EU4" CO2="35902.75" CO="696.57" HC="4.06" NOx="16.58" PMx="0.89" fuel="15.43" electricity="0.00" noise="107.68" route="routeright" type="cfm-fast" waiting="0.00" lane="right_0" pos="35.97" speed="12.18" angle="299.86" x="92.97" y="125.70"/>
        <vehicle id="cfm-slow_0" eclass="HBEFA3/PC_G_EU4" CO2="27936.40" CO="539.81" HC="3.15" NOx="12.85" PMx="0.68" fuel="12.01" electricity="0.00" noise="99.22" route="routetop" type="cfm-slow" waiting="0.00" lane="top_0" pos="1.61" speed="11.26" angle="271.58" x="60.10" y="132.17"/>
        <vehicle id="cfm-slow_1" eclass="HBEFA3/PC_G_EU4" CO2="27939.74" CO="539.88" HC="3.15" NOx="12.85" PMx="0.68" fuel="12.01" electricity="0.00" noise="99.23" route="routetop" type="cfm-slow" waiting="0.00" lane="top_0" pos="17.44" speed="11.26" angle="243.09" x="27.90" y="122.21"/>
        <vehicle id="cfm-slow_2" eclass="HBEFA3/PC_G_EU4" CO2="27980.86" CO="540.71" HC="3.15" NOx="12.87" PMx="0.69" fuel="12.03" electricity="0.00" noise="99.29" route="routetop" type="cfm-slow" waiting="0.00" lane="top_0" pos="33.28" speed="11.27" angle="214.61" x="4.32" y="98.10"/>
        <vehicle id="cfm-slow_3" eclass="HBEFA3/PC_G_EU4" CO2="28380.80" CO="548.81" HC="3.20" NOx="13.06" PMx="0.70" fuel="12.20" electricity="0.00" noise="99.83" route="routetop" type="cfm-slow" waiting="0.00" lane="top_0" pos="49.11" speed="11.28" angle="186.13" x="-4.91" y="65.67"/>
        <vehicle id="cfm-slow_4" eclass="HBEFA3/PC_G_EU4" CO2="31303.48" CO="607.70" HC="3.54" NOx="14.43" PMx="0.77" fuel="13.46" electricity="0.00" noise="103.67" route="routeleft" type="cfm-slow" waiting="0.00" lane="left_0" pos="14.97" speed="11.44" angle="157.51" x="2.52" y="32.55"/>
        <vehicle id="cfm-slow_5" eclass="HBEFA3/PC_G_EU4" CO2="46825.84" CO="918.81" HC="5.34" NOx="21.73" PMx="1.17" fuel="20.13" electricity="0.00" noise="121.17" route="routeleft" type="cfm-slow" waiting="0.00" lane="left_0" pos="31.00" speed="12.55" angle="128.73" x="25.08" y="6.93"/>
    </timestep>
    <timestep time="0.93">
        <vehicle id="cfm-fast_0" eclass="HBEFA3/PC_G_EU4" CO2="39094.88" CO="760.42" HC="4.43" NOx="18.08" PMx="0.97" fuel="16.80" electricity="0.00" noise="111.16" route="routebottom" type="cfm-fast" waiting="0.00" lane="bottom_0" pos="6.94" speed="12.44" angle="81.95" x="78.58" y="-3.30"/>
        <vehicle id="cfm-fast_1" eclass="HBEFA3/PC_G_EU4" CO2="39094.82" CO="760.42" HC="4.43" NOx="18.08" PMx="0.97" fuel="16.80" electricity="0.00" noise="111.16" route="routebottom" type="cfm-fast" waiting="0.00" lane="bottom_0" pos="22.78" speed="12.44" angle="53.43" x="108.67" y="11.89"/>
        <vehicle id="cfm-fast_2" eclass="HBEFA3/PC_G_EU4" CO2="39093.18" CO="760.38" HC="4.43" NOx="18.08" PMx="0.97" fuel="16.80" electricity="0.00" noise="111.15" route="routebottom" type="cfm-fast" waiting="0.00" lane="bottom_0" pos="38.61" speed="12.44" angle="25.06" x="127.90" y="39.59"/>
        <vehicle id="cfm-fast_3" eclass="HBEFA3/PC_G_EU4" CO2="39062.37" CO="759.75" HC="4.42" NOx="18.07" PMx="0.97" fuel="16.79" electricity="0.00" noise="111.11" route="routebottom" type="cfm-fast" waiting="0.00" lane="right_0" pos="4.44" speed="12.44" angle="356.53" x="131.59" y="73.28"/>
        <vehicle id="cfm-fast_4" eclass="HBEFA3/PC_G_EU4" CO2="38671.50" CO="751.79" HC="4.38" NOx="17.88" PMx="0.96" fuel="16.62" electricity="0.00" noise="110.62" route="routeright" type="cfm-fast" waiting="0.00" lane="right_0" pos="20.27" speed="12.43" angle="327.93" x="118.80" y="104.48"/>
        <vehicle id="cfm-fast_5" eclass="HBEFA3/PC_G_EU4" CO2="35810.26" CO="693.89" HC="4.04" NOx="16.54" PMx="0.89" fuel="15.39" electricity="0.00" noise="107.20" route="routeright" type="cfm-fast" waiting="0.00" lane="right_0" pos="36.09" speed="12.29" angle="299.62" x="92.73" y="125.81"/>
        <vehicle id="cfm-slow_0" eclass="HBEFA3/PC_G_EU4" CO2="27903.52" CO="538.42" HC="3.14" NOx="12.83" PMx="0.68" fuel="11.99" electricity="0.00" noise="98.91" route="routetop" type="cfm-slow" waiting="0.00" lane="top_0" pos="1.73" speed="11.35" angle="271.38" x="59.86" y="132.16"/>
        <vehicle id="cfm-slow_1" eclass="HBEFA3/PC_G_EU4" CO2="27907.22" CO="538.49" HC="3.14" NOx="12.83" PMx="0.68" fuel="12.00" electricity="0.00" noise="98.92" route="routetop" type="cfm-slow" waiting="0.00" lane="top_0" pos="17.56" speed="11.35" angle="242.89" x="27.69" y="122.08"/>
        <vehicle id="cfm-slow_2" eclass="HBEFA3/PC_G_EU4" CO2="27951.96" CO="539.40" HC="3.14" NOx="12.85" PMx="0.68" fuel="12.02" electricity="0.00" noise="98.98" route="routetop" type="cfm-slow" waiting="0.00" lane="top_0" pos="33.39" speed="11.35" angle="214.43" x="4.20" y="97.89"/>
        <vehicle id="cfm-slow_3" eclass="HBEFA3/PC_G_EU4" CO2="28377.63" CO="548.02" HC="3.19" NOx="13.05" PMx="0.70" fuel="12.20" electricity="0.00" noise="99.56" route="routetop" type="cfm-slow" waiting="0.00" lane="top_0" pos="49.23" speed="11.37" angle="185.92" x="-4.91" y="65.42"/>
        <vehicle id="cfm-slow_4" eclass="HBEFA3/PC_G_EU4" CO2="31424.97" CO="609.42" HC="3.55" NOx="14.49" PMx="0.77" fuel="13.51" electricity="0.00" noise="103.52" route="routeleft" type="cfm-slow" waiting="0.00" lane="left_0" pos="15.08" speed="11.54" angle="157.29" x="2.63" y="32.32"/>
        <vehicle id="cfm-slow_5" eclass="HBEFA3/PC_G_EU4" CO2="47319.86" CO="928.01" HC="5.40" NOx="21.96" PMx="1.19" fuel="20.34" electricity="0.00" noise="121.23" route="routeleft" type="cfm-slow" waiting="0.00" lane="left_0" pos="31.13" speed="12.68" angle="128.50" x="25.31" y="6.78"/>
    </timestep>
    <timestep time="0.94">
        <vehicle id="cfm-fast_0" eclass="HBEFA3/PC_G_EU4" CO2="39098.16" CO="759.67" HC="4.42" NOx="18.08" PMx="0.97" fuel="16.81" electricity="0.00" noise="110.75" route="routebottom" type="cfm-fast" waiting="0.00" lane="bottom_0" pos="7.07" speed="12.55" angle="81.71" x="78.84" y="-3.24"/>
        <vehicle id="cfm-fast_1" eclass="HBEFA3/PC_G_EU4" CO2="39098.08" CO="759.67" HC="4.42" NOx="18.08" PMx="0.97" fuel="16.81" electricity="0.00" noise="110.75" route="routebottom" type="cfm-fast" waiting="0.00" lane="bottom_0" pos="22.90" speed="12.55" angle="53.19" x="108.88" y="12.07"/>
        <vehicle id="cfm-fast_2" eclass="HBEFA3/PC_G_EU4" CO2="39096.15" CO="759.63" HC="4.42" NOx="18.08" PMx="0.97" fuel="16.81" electricity="0.00" noise="110.75" route="routebottom" type="cfm-fast" waiting="0.00" lane="bottom_0" pos="38.73" speed="12.55" angle="24.83" x="127.99" y="39.84"/>
        <vehicle id="cfm-fast_3" eclass="HBEFA3/PC_G_EU4" CO2="39061.74" CO="758.93" HC="4.42" NOx="18.07" PMx="0.97" fuel="16.79" electricity="0.00" noise="110.71" route="routebottom" type="cfm-fast" waiting="0.00" lane="right_0" pos="4.57" speed="12.55" angle="356.31" x="131.55" y="73.55"/>
        <vehicle id="cfm-fast_4" eclass="HBEFA3/PC_G_EU4" CO2="38644.55" CO="750.43" HC="4.37" NOx="17.87" PMx="0.96" fuel="16.61" electricity="0.00" noise="110.19" route="routeright" type="cfm-fast" waiting="0.00" lane="right_0" pos="20.40" speed="12.54" angle="327.72" x="118.64" y="104.70"/>
        <vehicle id="cfm-fast_5" eclass="HBEFA3/PC_G_EU4" CO2="35712.24" CO="691.10" HC="4.03" NOx="16.49" PMx="0.88" fuel="15.35" electricity="0.00" noise="106.71" route="routeright" type="cfm-fast" waiting="0.00" lane="right_0" pos="36.22" speed="12.39" angle="299.38" x="92.49" y="125.92"/>
        <vehicle id="cfm-slow_0" eclass="HBEFA3/PC_G_EU4" CO2="27867.48" CO="536.97" HC="3.13" NOx="12.81" PMx="0.68" fuel="11.98" electricity="0.00" noise="98.60" route="routetop" type="cfm-slow" waiting="0.00" lane="top_0" pos="1.84" speed="11.44" angle="271.17" x="59.61" y="132.14"/>
        <vehicle id="cfm-slow_1" eclass="HBEFA3/PC_G_EU4" CO2="27871.59" CO="537.06" HC="3.13" NOx="12.81" PMx="0.68" fuel="11.98" electricity="0.00" noise="98.61" route="routetop" type="cfm-slow" waiting="0.00" lane="top_0" pos="17.67" speed="11.44" angle="242.68" x="27.47" y="121.96"/>
        <vehicle id="cfm-slow_2" eclass="HBEFA3/PC_G_EU4" CO2="27920.16" CO="538.04" HC="3.14" NOx="12.84" PMx="0.68" fuel="12.00" electricity="0.00" noise="98.67" route="routetop" type="cfm-slow" waiting="0.00" lane="top_0" pos="33.51" speed="11.44" angle="214.22" x="4.08" y="97.67"/>
        <vehicle id="cfm-slow_3" eclass="HBEFA3/PC_G_EU4" CO2="28372.57" CO="547.20" HC="3.19" NOx="13.05" PMx="0.69" fuel="12.20" electricity="0.00" noise="99.29" route="routetop" type="cfm-slow" waiting="0.00" lane="top_0" pos="49.34" speed="11.46" angle="185.72" x="-4.92" y="65.18"/>
        <vehicle id="cfm-slow_4" eclass="HBEFA3/PC_G_EU4" CO2="31546.78" CO="611.15" HC="3.56" NOx="14.54" PMx="0.78" fuel="13.56" electricity="0.00" noise="103.38" route="routeleft" type="cfm-slow" waiting="0.00" lane="left_0" pos="15.20" speed="11.63" angle="157.08" x="2.74" y="32.10"/>
        <vehicle id="cfm-slow_5" eclass="HBEFA3/PC_G_EU4" CO2="47814.17" CO="937.23" HC="5.45" NOx="22.19" PMx="1.20" fuel="20.55" electricity="0.00" noise="121.29" route="routeleft" type="cfm-slow" waiting="0.00" lane="left_0" pos="31.26" speed="12.82" angle="128.27" x="25.54" y="6.63"/>
    </timestep>
    <timestep time="0.95">
        <vehicle id="cfm-fast_0" eclass="HBEFA3/PC_G_EU4" CO2="39095.61" CO="758.82" HC="4.42" NOx="18.08" PMx="0.97" fuel="16.81" electricity="0.00" noise="110.35" route="routebottom" type="cfm-fast" waiting="0.00" lane="bottom_0" pos="7.19" speed="12.66" angle="81.46" x="79.10" y="-3.18"/>
        <vehicle id="cfm-fast_1" eclass="HBEFA3/PC_G_EU4" CO2="39095.51" CO="758.82" HC="4.42" NOx="18.08" PMx="0.97" fuel="16.81" electricity="0.00" noise="110.35" route="routebottom" type="cfm-fast" waiting="0.00" lane="bottom_0" pos="23.03" speed="12.66" angle="53.00" x="109.09" y="12.25"/>
        <vehicle id="cfm-fast_2" eclass="HBEFA3/PC_G_EU4" CO2="39093.27" CO="758.77" HC="4.42" NOx="18.08" PMx="0.97" fuel="16.80" electricity="0.00" noise="110.35" route="routebottom" type="cfm-fast" waiting="0.00" lane="bottom_0" pos="38.86" speed="12.66" angle="24.60" x="128.09" y="40.10"/>
        <vehicle id="cfm-fast_3" eclass="HBEFA3/PC_G_EU4" CO2="39055.02" CO="757.99" HC="4.42" NOx="18.06" PMx="0.97" fuel="16.79" electricity="0.00" noise="110.30" route="routebottom" type="cfm-fast" waiting="0.00" lane="right_0" pos="4.69" speed="12.66" angle="356.08" x="131.51" y="73.82"/>
        <vehicle id="cfm-fast_4" eclass="HBEFA3/PC_G_EU4" CO2="38610.94" CO="748.95" HC="4.36" NOx="17.85" PMx="0.96" fuel="16.60" electricity="0.00" noise="109.76" route="routeright" type="cfm-fast" waiting="0.00" lane="right_0" pos="20.53" speed="12.65" angle="327.54" x="118.48" y="104.92"/>
        <vehicle id="cfm-fast_5" eclass="HBEFA3/PC_G_EU4" CO2="35608.90" CO="688.23" HC="4.01" NOx="16.44" PMx="0.88" fuel="15.31" electricity="0.00" noise="106.24" route="routeright" type="cfm-fast" waiting="0.00" lane="right_0" pos="36.34" speed="12.50" angle="299.14" x="92.24" y="126.03"/>
        <vehicle id="cfm-slow_0" eclass="HBEFA3/PC_G_EU4" CO2="27828.39" CO="535.48" HC="3.12" NOx="12.79" PMx="0.68" fuel="11.96" electricity="0.00" noise="98.30" route="routetop" type="cfm-slow" waiting="0.00" lane="top_0" pos="1.95" speed="11.52" angle="270.97" x="59.37" y="132.13"/>
        <vehicle id="cfm-slow_1" eclass="HBEFA3/PC_G_EU4" CO2="27832.94" CO="535.57" HC="3.12" NOx="12.79" PMx="0.68" fuel="11.96" electricity="0.00" noise="98.30" route="routetop" type="cfm-slow" waiting="0.00" lane="top_0" pos="17.79" speed="11.52" angle="242.47" x="27.26" y="121.83"/>
        <vehicle id="cfm-slow_2" eclass="HBEFA3/PC_G_EU4" CO2="27885.57" CO="536.64" HC="3.13" NOx="12.82" PMx="0.68" fuel="11.99" electricity="0.00" noise="98.37" route="routetop" type="cfm-slow" waiting="0.00" lane="top_0" pos="33.62" speed="11.52" angle="214.01" x="3.96" y="97.45"/>
        <vehicle id="cfm-slow_3" eclass="HBEFA3/PC_G_EU4" CO2="28365.73" CO="546.36" HC="3.19" NOx="13.04" PMx="0.69" fuel="12.19" electricity="0.00" noise="99.02" route="routetop" type="cfm-slow" waiting="0.00" lane="top_0" pos="49.46" speed="11.55" angle="185.50" x="-4.92" y="64.93"/>
        <vehicle id="cfm-slow_4" eclass="HBEFA3/PC_G_EU4" CO2="31669.00" CO="612.91" HC="3.57" NOx="14.60" PMx="0.78" fuel="13.61" electricity="0.00" noise="103.24" route="routeleft" type="cfm-slow" waiting="0.00" lane="left_0" pos="15.32" speed="11.73" angle="156.90" x="2.86" y="31.87"/>
        <vehicle id="cfm-slow_5" eclass="HBEFA3/PC_G_EU4" CO2="48308.78" CO="946.47" HC="5.50" NOx="22.42" PMx="1.21" fuel="20.77" electricity="0.00" noise="121.35" route="routeleft" type="cfm-slow" waiting="0.00" lane="left_0" pos="31.38" speed="12.95" angle="128.04" x="25.77" y="6.47"/>
    </timestep>
    <timestep time="0.96">
        <vehicle id="cfm-fast_0" eclass="HBEFA3/PC_G_EU4" CO2="39087.39" CO="757.87" HC="4.42" NOx="18.07" PMx="0.97" fuel="16.80" electricity="0.00" noise="109.95" route="routebottom" type="cfm-fast" waiting="0.00" lane="bottom_0" pos="7.32" speed="12.77" angle="81.22" x="79.37" y="-3.11"/>
        <vehicle id="cfm-fast_1" eclass="HBEFA3/PC_G_EU4" CO2="39087.28" CO="757.87" HC="4.42" NOx="18.07" PMx="0.97" fuel="16.80" electricity="0.00" noise="109.95" route="routebottom" type="cfm-fast" waiting="0.00" lane="bottom_0" pos="23.16" speed="12.77" angle="52.79" x="109.29" y="12.43"/>
        <vehicle id="cfm-fast_2" eclass="HBEFA3/PC_G_EU4" CO2="39084.68" CO="757.82" HC="4.42" NOx="18.07" PMx="0.97" fuel="16.80" electricity="0.00" noise="109.95" route="routebottom" type="cfm-fast" waiting="0.00" lane="bottom_0" pos="38.99" speed="12.77" angle="24.37" x="128.18" y="40.36"/>
        <vehicle id="cfm-fast_3" eclass="HBEFA3/PC_G_EU4" CO2="39042.35" CO="756.95" HC="4.41" NOx="18.05" PMx="0.97" fuel="16.78" electricity="0.00" noise="109.90" route="routebottom" type="cfm-fast" waiting="0.00" lane="right_0" pos="4.82" speed="12.77" angle="355.85" x="131.47" y="74.09"/>
        <vehicle id="cfm-fast_4" eclass="HBEFA3/PC_G_EU4" CO2="38570.85" CO="747.35" HC="4.35" NOx="17.83" PMx="0.96" fuel="16.58" electricity="0.00" noise="109.33" route="routeright" type="cfm-fast" waiting="0.00" lane="right_0" pos="20.65" speed="12.76" angle="327.31" x="118.31" y="105.13"/>
        <vehicle id="cfm-fast_5" eclass="HBEFA3/PC_G_EU4" CO2="35500.45" CO="685.27" HC="4.00" NOx="16.38" PMx="0.88" fuel="15.26" electricity="0.00" noise="105.77" route="routeright" type="cfm-fast" waiting="0.00" lane="right_0" pos="36.47" speed="12.60" angle="298.89" x="91.99" y="126.14"/>
        <vehicle id="cfm-slow_0" eclass="HBEFA3/PC_G_EU4" CO2="27786.32" CO="533.93" HC="3.11" NOx="12.77" PMx="0.68" fuel="11.94" electricity="0.00" noise="97.99" route="routetop" type="cfm-slow" waiting="0.00" lane="top_0" pos="2.07" speed="11.61" angle="270.76" x="59.12" y="132.12"/>
        <vehicle id="cfm-slow_1" eclass="HBEFA3/PC_G_EU4" CO2="27791.35" CO="534.04" HC="3.12" NOx="12.77" PMx="0.68" fuel="11.95" electricity="0.00" noise="98.00" route="routetop" type="cfm-slow" waiting="0.00" lane="top_0" pos="17.90" speed="11.61" angle="242.31" x="27.05" y="121.70"/>
        <vehicle id="cfm-slow_2" eclass="HBEFA3/PC_G_EU4" CO2="27848.28" CO="535.19" HC="3.12" NOx="12.80" PMx="0.68" fuel="11.97" electricity="0.00" noise="98.08" route="routetop" type="cfm-slow" waiting="0.00" lane="top_0" pos="33.74" speed="11.61" angle="213.80" x="3.84" y="97.24"/>
        <vehicle id="cfm-slow_3" eclass="HBEFA3/PC_G_EU4" CO2="28357.23" CO="545.49" HC="3.18" NOx="13.04" PMx="0.69" fuel="12.19" electricity="0.00" noise="98.75" route="routetop" type="cfm-slow" waiting="0.00" lane="top_0" pos="49.57" speed="11.63" angle="185.29" x="-4.93" y="64.68"/>
        <vehicle id="cfm-slow_4" eclass="HBEFA3/PC_G_EU4" CO2="31791.69" CO="614.68" HC="3.58" NOx="14.65" PMx="0.78" fuel="13.67" electricity="0.00" noise="103.10" route="routeleft" type="cfm-slow" waiting="0.00" lane="left_0" pos="15.43" speed="11.83" angle="156.71" x="2.98" y="31.65"/>
        <vehicle id="cfm-slow_5" eclass="HBEFA3/PC_G_EU4" CO2="48803.68" CO="955.73" HC="5.56" NOx="22.65" PMx="1.23" fuel="20.98" electricity="0.00" noise="121.42" route="routeleft" type="cfm-slow" waiting="0.00" lane="left_0" pos="31.52" speed="13.09" angle="127.80" x="26.01" y="6.32"/>
    </timestep>
    <timestep time="0.97">
        <vehicle id="cfm-fast_0" eclass="HBEFA3/PC_G_EU4" CO2="39073.67" CO="756.83" HC="4.41" NOx="18.06" PMx="0.97" fuel="16.80" electricity="0.00" noise="109.56" route="routebottom" type="cfm-fast" waiting="0.00" lane="bottom_0" pos="7.45" speed="12.88" angle="80.97" x="79.64" y="-3.05"/>
        <vehicle id="cfm-fast_1" eclass="HBEFA3/PC_G_EU4" CO2="39073.53" CO="756.82" HC="4.41" NOx="18.06" PMx="0.97" fuel="16.80" electricity="0.00" noise="109.56" route="routebottom" type="cfm-fast" waiting="0.00" lane="bottom_0" pos="23.28" speed="12.88" angle="52.55" x="109.49" y="12.62"/>
        <vehicle id="cfm-fast_2" eclass="HBEFA3/PC_G_EU4" CO2="39070.54" CO="756.76" HC="4.41" NOx="18.06" PMx="0.97" fuel="16.79" electricity="0.00" noise="109.56" route="routebottom" type="cfm-fast" waiting="0.00" lane="bottom_0" pos="39.12" speed="12.88" angle="24.14" x="128.28" y="40.62"/>
        <vehicle id="cfm-fast_3" eclass="HBEFA3/PC_G_EU4" CO2="39023.89" CO="755.81" HC="4.40" NOx="18.04" PMx="0.97" fuel="16.77" electricity="0.00" noise="109.50" route="routebottom" type="cfm-fast" waiting="0.00" lane="right_0" pos="4.95" speed="12.88" angle="355.61" x="131.43" y="74.37"/>
        <vehicle id="cfm-fast_4" eclass="HBEFA3/PC_G_EU4" CO2="38524.43" CO="745.64" HC="4.35" NOx="17.80" PMx="0.96" fuel="16.56" electricity="0.00" noise="108.90" route="routeright" type="cfm-fast" waiting="0.00" lane="right_0" pos="20.78" speed="12.87" angle="327.07" x="118.14" y="105.35"/>
        <vehicle id="cfm-fast_5" eclass="HBEFA3/PC_G_EU4" CO2="35387.06" CO="682.22" HC="3.98" NOx="16.33" PMx="0.88" fuel="15.21" electricity="0.00" noise="105.30" route="routeright" type="cfm-fast" waiting="0.00" lane="right_0" pos="36.60" speed="12.70" angle="298.64" x="91.75" y="126.25"/>
        <vehicle id="cfm-slow_0" eclass="HBEFA3/PC_G_EU4" CO2="27741.38" CO="532.34" HC="3.11" NOx="12.75" PMx="0.68" fuel="11.92" electricity="0.00" noise="97.69" route="routetop" type="cfm-slow" waiting="0.00" lane="top_0" pos="2.19" speed="11.69" angle="270.55" x="58.87" y="132.10"/>
        <vehicle id="cfm-slow_1" eclass="HBEFA3/PC_G_EU4" CO2="27746.92" CO="532.45" HC="3.11" NOx="12.75" PMx="0.68" fuel="11.93" electricity="0.00" noise="97.70" route="routetop" type="cfm-slow" waiting="0.00" lane="top_0" pos="18.02" speed="11.69" angle="242.11" x="26.84" y="121.56"/>
        <vehicle id="cfm-slow_2" eclass="HBEFA3/PC_G_EU4" CO2="27808.40" CO="533.70" HC="3.11" NOx="12.78" PMx="0.68" fuel="11.95" electricity="0.00" noise="97.78" route="routetop" type="cfm-slow" waiting="0.00" lane="top_0" pos="33.85" speed="11.69" angle="213.59" x="3.72" y="97.02"/>
        <vehicle id="cfm-slow_3" eclass="HBEFA3/PC_G_EU4" CO2="28347.17" CO="544.61" HC="3.18" NOx="13.03" PMx="0.69" fuel="12.19" electricity="0.00" noise="98.49" route="routetop" type="cfm-slow" waiting="0.00" lane="top_0" pos="49.69" speed="11.72" angle="185.08" x="-4.93" y="64.43"/>
        <vehicle id="cfm-slow_4" eclass="HBEFA3/PC_G_EU4" CO2="31914.92" CO="616.48" HC="3.59" NOx="14.71" PMx="0.79" fuel="13.72" electricity="0.00" noise="102.97" route="routeleft" type="cfm-slow" waiting="0.00" lane="left_0" pos="15.55" speed="11.92" angle="156.49" x="3.10" y="31.43"/>
        <vehicle id="cfm-slow_5" eclass="HBEFA3/PC_G_EU4" CO2="49298.87" CO="965.02" HC="5.61" NOx="22.88" PMx="1.24" fuel="21.19" electricity="0.00" noise="121.48" route="routeleft" type="cfm-slow" waiting="0.00" lane="left_0" pos="31.65" speed="13.23" angle="127.56" x="26.24" y="6.16"/>
    </timestep>
    <timestep time="0.98">
        <vehicle id="cfm-fast_0" eclass="HBEFA3/PC_G_EU4" CO2="39054.58" CO="755.69" HC="4.40" NOx="18.05" PMx="0.97" fuel="16.79" electricity="0.00" noise="109.17" route="routebottom" type="cfm-fast" waiting="0.00" lane="bottom_0" pos="7.58" speed="12.99" angle="80.75" x="79.91" y="-2.99"/>
        <vehicle id="cfm-fast_1" eclass="HBEFA3/PC_G_EU4" CO2="39054.41" CO="755.68" HC="4.40" NOx="18.05" PMx="0.97" fuel="16.79" electricity="0.00" noise="109.17" route="routebottom" type="cfm-fast" waiting="0.00" lane="bottom_0" pos="23.41" speed="12.99" angle="52.32" x="109.70" y="12.81"/>
        <vehicle id="cfm-fast_2" eclass="HBEFA3/PC_G_EU4" CO2="39051.00" CO="755.61" HC="4.40" NOx="18.05" PMx="0.97" fuel="16.79" electricity="0.00" noise="109.17" route="routebottom" type="cfm-fast" waiting="0.00" lane="bottom_0" pos="39.25" speed="12.99" angle="23.91" x="128.37" y="40.88"/>
        <vehicle id="cfm-fast_3" eclass="HBEFA3/PC_G_EU4" CO2="38999.78" CO="754.57" HC="4.40" NOx="18.03" PMx="0.97" fuel="16.76" electricity="0.00" noise="109.10" route="routebottom" type="cfm-fast" waiting="0.00" lane="right_0" pos="5.08" speed="12.99" angle="355.33" x="131.39" y="74.64"/>
        <vehicle id="cfm-fast_4" eclass="HBEFA3/PC_G_EU4" CO2="38471.87" CO="743.82" HC="4.34" NOx="17.78" PMx="0.96" fuel="16.54" electricity="0.00" noise="108.48" route="routeright" type="cfm-fast" waiting="0.00" lane="right_0" pos="20.91" speed="12.97" angle="326.84" x="117.97" y="105.57"/>
        <vehicle id="cfm-fast_5" eclass="HBEFA3/PC_G_EU4" CO2="35268.94" CO="679.10" HC="3.96" NOx="16.27" PMx="0.87" fuel="15.16" electricity="0.00" noise="104.84" route="routeright" type="cfm-fast" waiting="0.00" lane="right_0" pos="36.72" speed="12.80" angle="298.40" x="91.49" y="126.36"/>
        <vehicle id="cfm-slow_0" eclass="HBEFA3/PC_G_EU4" CO2="27693.64" CO="530.70" HC="3.10" NOx="12.72" PMx="0.68" fuel="11.90" electricity="0.00" noise="97.39" route="routetop" type="cfm-slow" waiting="0.00" lane="top_0" pos="2.31" speed="11.77" angle="270.34" x="58.61" y="132.09"/>
        <vehicle id="cfm-slow_1" eclass="HBEFA3/PC_G_EU4" CO2="27699.73" CO="530.83" HC="3.10" NOx="12.72" PMx="0.68" fuel="11.91" electricity="0.00" noise="97.40" route="routetop" type="cfm-slow" waiting="0.00" lane="top_0" pos="18.14" speed="11.77" angle="241.88" x="26.63" y="121.42"/>
        <vehicle id="cfm-slow_2" eclass="HBEFA3/PC_G_EU4" CO2="27766.02" CO="532.17" HC="3.11" NOx="12.76" PMx="0.68" fuel="11.94" electricity="0.00" noise="97.49" route="routetop" type="cfm-slow" waiting="0.00" lane="top_0" pos="33.97" speed="11.78" angle="213.38" x="3.59" y="96.79"/>
        <vehicle id="cfm-slow_3" eclass="HBEFA3/PC_G_EU4" CO2="28335.65" CO="543.70" HC="3.17" NOx="13.02" PMx="0.69" fuel="12.18" electricity="0.00" noise="98.23" route="routetop" type="cfm-slow" waiting="0.00" lane="top_0" pos="49.81" speed="11.80" angle="184.86" x="-4.94" y="64.17"/>
        <vehicle id="cfm-slow_4" eclass="HBEFA3/PC_G_EU4" CO2="32038.77" CO="618.29" HC="3.60" NOx="14.77" PMx="0.79" fuel="13.77" electricity="0.00" noise="102.85" route="routeleft" type="cfm-slow" waiting="0.00" lane="left_0" pos="15.67" speed="12.02" angle="156.26" x="3.23" y="31.20"/>
        <vehicle id="cfm-slow_5" eclass="HBEFA3/PC_G_EU4" CO2="49794.35" CO="974.32" HC="5.67" NOx="23.11" PMx="1.25" fuel="21.40" electricity="0.00" noise="121.54" route="routeleft" type="cfm-slow" waiting="0.00" lane="left_0" pos="31.78" speed="13.36" angle="127.32" x="26.48" y="6.00"/>
    </timestep>
    <timestep time="0.99">
        <vehicle id="cfm-fast_0" eclass="HBEFA3/PC_G_EU4" CO2="39030.28" CO="754.46" HC="4.40" NOx="18.04" PMx="0.97" fuel="16.78" electricity="0.00" noise="108.79" route="routebottom" type="cfm-fast" waiting="0.00" lane="bottom_0" pos="7.71" speed="13.10" angle="80.55" x="80.19" y="-2.92"/>
        <vehicle id="cfm-fast_1" eclass="HBEFA3/PC_G_EU4" CO2="39030.08" CO="754.45" HC="4.40" NOx="18.04" PMx="0.97" fuel="16.78" electricity="0.00" noise="108.79" route="routebottom" type="cfm-fast" waiting="0.00" lane="bottom_0" pos="23.55" speed="13.10" angle="52.08" x="109.91" y="13.00"/>
        <vehicle id="cfm-fast_2" eclass="HBEFA3/PC_G_EU4" CO2="39026.20" CO="754.37" HC="4.40" NOx="18.04" PMx="0.97" fuel="16.78" electricity="0.00" noise="108.78" route="routebottom" type="cfm-fast" waiting="0.00" lane="bottom_0" pos="39.38" speed="13.10" angle="23.67" x="128.47" y="41.14"/>
        <vehicle id="cfm-fast_3" eclass="HBEFA3/PC_G_EU4" CO2="38970.17" CO="753.23" HC="4.39" NOx="18.01" PMx="0.97" fuel="16.75" electricity="0.00" noise="108.71" route="routebottom" type="cfm-fast" waiting="0.00" lane="right_0" pos="5.21" speed="13.10" angle="355.09" x="131.34" y="74.92"/>
        <vehicle id="cfm-fast_4" eclass="HBEFA3/PC_G_EU4" CO2="38413.30" CO="741.89" HC="4.33" NOx="17.75" PMx="0.95" fuel="16.51" electricity="0.00" noise="108.06" route="routeright" type="cfm-fast" waiting="0.00" lane="right_0" pos="21.04" speed="13.08" angle="326.60" x="117.80" y="105.79"/>
        <vehicle id="cfm-fast_5" eclass="HBEFA3/PC_G_EU4" CO2="35146.27" CO="675.89" HC="3.94" NOx="16.21" PMx="0.87" fuel="15.11" electricity="0.00" noise="104.38" route="routeright" type="cfm-fast" waiting="0.00" lane="right_0" pos="36.85" speed="12.89" angle="298.14" x="91.24" y="126.48"/>
        <vehicle id="cfm-slow_0" eclass="HBEFA3/PC_G_EU4" CO2="27643.18" CO="529.02" HC="3.09" NOx="12.70" PMx="0.68" fuel="11.88" electricity="0.00" noise="97.10" route="routetop" type="cfm-slow" waiting="0.00" lane="top_0" pos="2.42" speed="11.86" angle="270.13" x="58.36" y="132.07"/>
        <vehicle id="cfm-slow_1" eclass="HBEFA3/PC_G_EU4" CO2="27649.88" CO="529.16" HC="3.09" NOx="12.70" PMx="0.68" fuel="11.89" electricity="0.00" noise="97.11" route="routetop" type="cfm-slow" waiting="0.00" lane="top_0" pos="18.26" speed="11.86" angle="241.65" x="26.41" y="121.28"/>
        <vehicle id="cfm-slow_2" eclass="HBEFA3/PC_G_EU4" CO2="27721.23" CO="530.61" HC="3.10" NOx="12.73" PMx="0.68" fuel="11.92" electricity="0.00" noise="97.20" route="routetop" type="cfm-slow" waiting="0.00" lane="top_0" pos="34.09" speed="11.86" angle="213.16" x="3.47" y="96.57"/>
        <vehicle id="cfm-slow_3" eclass="HBEFA3/PC_G_EU4" CO2="28322.78" CO="542.78" HC="3.17" NOx="13.02" PMx="0.69" fuel="12.17" electricity="0.00" noise="97.98" route="routetop" type="cfm-slow" waiting="0.00" lane="top_0" pos="49.93" speed="11.89" angle="184.65" x="-4.95" y="63.92"/>
        <vehicle id="cfm-slow_4" eclass="HBEFA3/PC_G_EU4" CO2="32163.29" CO="620.14" HC="3.62" NOx="14.82" PMx="0.79" fuel="13.83" electricity="0.00" noise="102.73" route="routeleft" type="cfm-slow" waiting="0.00" lane="left_0" pos="15.80" speed="12.11" angle="156.04" x="3.35" y="30.97"/>
        <vehicle id="cfm-slow_5" eclass="HBEFA3/PC_G_EU4" CO2="50290.12" CO="983.65" HC="5.72" NOx="23.34" PMx="1.26" fuel="21.62" electricity="0.00" noise="121.60" route="routeleft" type="cfm-slow" waiting="0.00" lane="left_0" pos="31.92" speed="13.50" angle="127.08" x="26.72" y="5.84"/>
    </timestep>
    <timestep time="1.00">
        <vehicle id="cfm-fast_0" eclass="HBEFA3/PC_G_EU4" CO2="39000.92" CO="753.14" HC="4.39" NOx="18.02" PMx="0.97" fuel="16.76" electricity="0.00" noise="108.40" route="routebottom" type="cfm-fast" waiting="0.00" lane="bottom_0" pos="7.84" speed="13.21" angle="80.31" x="80.46" y="-2.85"/>
        <vehicle id="cfm-fast_1" eclass="HBEFA3/PC_G_EU4" CO2="39000.68" CO="753.14" HC="4.39" NOx="18.02" PMx="0.97" fuel="16.76" electricity="0.00" noise="108.40" route="routebottom" type="cfm-fast" waiting="0.00" lane="bottom_1" pos="23.68" speed="13.21" angle="51.92" x="107.88" y="15.61"/>
        <vehicle id="cfm-fast_2" eclass="HBEFA3/PC_G_EU4" CO2="38996.29" CO="753.05" HC="4.39" NOx="18.02" PMx="0.97" fuel="16.76" electricity="0.00" noise="108.40" route="routebottom" type="cfm-fast" waiting="0.00" lane="bottom_0" pos="39.51" speed="13.21" angle="23.43" x="128.56" y="41.41"/>
        <vehicle id="cfm-fast_3" eclass="HBEFA3/PC_G_EU4" CO2="38935.18" CO="751.80" HC="4.38" NOx="17.99" PMx="0.97" fuel="16.74" electricity="0.00" noise="108.32" route="routebottom" type="cfm-fast" waiting="0.00" lane="right_0" pos="5.34" speed="13.20" angle="354.84" x="131.29" y="75.20"/>
        <vehicle id="cfm-fast_4" eclass="HBEFA3/PC_G_EU4" CO2="38348.91" CO="739.87" HC="4.32" NOx="17.71" PMx="0.95" fuel="16.48" electricity="0.00" noise="107.64" route="routeright" type="cfm-fast" waiting="0.00" lane="right_1" pos="21.18" speed="13.18" angle="326.34" x="115.03" y="103.97"/>
        <vehicle id="cfm-fast_5" eclass="HBEFA3/PC_G_EU4" CO2="35019.23" CO="672.61" HC="3.93" NOx="16.15" PMx="0.87" fuel="15.05" electricity="0.00" noise="103.93" route="routeright" type="cfm-fast" waiting="0.00" lane="right_0" pos="36.98" speed="12.99" angle="297.89" x="90.99" y="126.59"/>
        <vehicle id="cfm-slow_0" eclass="HBEFA3/PC_G_EU4" CO2="27590.10" CO="527.30" HC="3.08" NOx="12.67" PMx="0.67" fuel="11.86" electricity="0.00" noise="96.80" route="routetop" type="cfm-slow" waiting="0.00" lane="top_0" pos="2.54" speed="11.94" angle="269.93" x="58.10" y="132.06"/>
        <vehicle id="cfm-slow_1" eclass="HBEFA3/PC_G_EU4" CO2="27597.44" CO="527.45" HC="3.08" NOx="12.67" PMx="0.67" fuel="11.86" electricity="0.00" noise="96.81" route="routetop" type="cfm-slow" waiting="0.00" lane="top_0" pos="18.38" speed="11.94" angle="241.42" x="26.20" y="121.14"/>
        <vehicle id="cfm-slow_2" eclass="HBEFA3/PC_G_EU4" CO2="27674.13" CO="529.01" HC="3.09" NOx="12.71" PMx="0.68" fuel="11.90" electricity="0.00" noise="96.92" route="routetop" type="cfm-slow" waiting="0.00" lane="top_0" pos="34.21" speed="11.94" angle="212.94" x="3.35" y="96.35"/>
        <vehicle id="cfm-slow_3" eclass="HBEFA3/PC_G_EU4" CO2="28308.66" CO="541.85" HC="3.16" NOx="13.01" PMx="0.69" fuel="12.17" electricity="0.00" noise="97.73" route="routetop" type="cfm-slow" waiting="0.00" lane="left_0" pos="0.05" speed="11.97" angle="184.39" x="-4.95" y="63.47"/>
        <vehicle id="cfm-slow_4" eclass="HBEFA3/PC_G_EU4" CO2="32288.56" CO="622.01" HC="3.63" NOx="14.88" PMx="0.80" fuel="13.88" electricity="0.00" noise="102.61" route="routeleft" type="cfm-slow" waiting="0.00" lane="left_0" pos="15.92" speed="12.21" angle="155.82" x="3.48" y="30.74"/>
        <vehicle id="cfm-slow_5" eclass="HBEFA3/PC_G_EU4" CO2="50786.19" CO="993.00" HC="5.78" NOx="23.57" PMx="1.28" fuel="21.83" electricity="0.00" noise="121.66" route="routeleft" type="cfm-slow" waiting="0.00" lane="left_0" pos="32.05" speed="13.64" angle="126.89" x="26.97" y="5.68"/>
    </timestep>
    <timestep time="1.01">
        <vehicle id="cfm-fast_0" eclass="HBEFA3/PC_G_EU4" CO2="49717.00" CO="972.87" HC="5.66" NOx="23.07" PMx="1.25" fuel="21.37" electricity="0.00" noise="121.53" route="routebottom" type="cfm-fast" waiting="0.00" lane="bottom_0" pos="7.98" speed="13.34" angle="80.06" x="80.74" y="-2.78"/>
        <vehicle id="cfm-fast_1" eclass="HBEFA3/PC_G_EU4" CO2="49716.98" CO="972.87" HC="5.66" NOx="23.07" PMx="1.25" fuel="21.37" electricity="0.00" noise="121.53" route="routebottom" type="cfm-fast" waiting="0.00" lane="bottom_1" pos="23.81" speed="13.34" angle="51.68" x="108.08" y="15.79"/>
        <vehicle id="cfm-fast_2" eclass="HBEFA3/PC_G_EU4" CO2="38961.40" CO="751.63" HC="4.38" NOx="18.00" PMx="0.97" fuel="16.75" electricity="0.00" noise="108.02" route="routebottom" type="cfm-fast" waiting="0.00" lane="bottom_0" pos="39.64" speed="13.31" angle="23.20" x="128.66" y="41.68"/>
        <vehicle id="cfm-fast_3" eclass="HBEFA3/PC_G_EU4" CO2="49711.06" CO="972.76" HC="5.66" NOx="23.07" PMx="1.25" fuel="21.37" electricity="0.00" noise="121.53" route="routebottom" type="cfm-fast" waiting="0.00" lane="right_0" pos="5.48" speed="13.34" angle="354.59" x="131.24" y="75.48"/>
        <vehicle id="cfm-fast_4" eclass="HBEFA3/PC_G_EU4" CO2="49635.70" CO="971.34" HC="5.65" NOx="23.04" PMx="1.25" fuel="21.34" electricity="0.00" noise="121.52" route="routeright" type="cfm-fast" waiting="0.00" lane="right_1" pos="21.31" speed="13.32" angle="326.09" x="114.86" y="104.18"/>
        <vehicle id="cfm-fast_5" eclass="HBEFA3/PC_G_EU4" CO2="34887.99" CO="669.26" HC="3.91" NOx="16.08" PMx="0.86" fuel="15.00" electricity="0.00" noise="103.49" route="routeright" type="cfm-fast" waiting="0.00" lane="right_0" pos="37.11" speed="13.09" angle="297.67" x="90.73" y="126.71"/>
        <vehicle id="cfm-slow_0" eclass="HBEFA3/PC_G_EU4" CO2="27534.47" CO="525.53" HC="3.07" NOx="12.64" PMx="0.67" fuel="11.84" electricity="0.00" noise="96.51" route="routetop" type="cfm-slow" waiting="0.00" lane="top_0" pos="2.66" speed="12.02" angle="269.72" x="57.85" y="132.03"/>
        <vehicle id="cfm-slow_1" eclass="HBEFA3/PC_G_EU4" CO2="27542.49" CO="525.70" HC="3.07" NOx="12.64" PMx="0.67" fuel="11.84" electricity="0.00" noise="96.53" route="routetop" type="cfm-slow" waiting="0.00" lane="top_0" pos="18.50" speed="12.02" angle="241.18" x="25.99" y="120.99"/>
        <vehicle id="cfm-slow_2" eclass="HBEFA3/PC_G_EU4" CO2="27624.80" CO="527.37" HC="3.08" NOx="12.68" PMx="0.67" fuel="11.87" electricity="0.00" noise="96.63" route="routetop" type="cfm-slow" waiting="0.00" lane="top_0" pos="34.33" speed="12.02" angle="212.73" x="3.22" y="96.12"/>
        <vehicle id="cfm-slow_3" eclass="HBEFA3/PC_G_EU4" CO2="28293.38" CO="540.90" HC="3.16" NOx="13.00" PMx="0.69" fuel="12.16" electricity="0.00" noise="97.49" route="routetop" type="cfm-slow" waiting="0.00" lane="left_0" pos="0.17" speed="12.05" angle="184.17" x="-4.94" y="63.21"/>
        <vehicle id="cfm-slow_4" eclass="HBEFA3/PC_G_EU4" CO2="32414.63" CO="623.90" HC="3.64" NOx="14.94" PMx="0.80" fuel="13.93" electricity="0.00" noise="102.50" route="routeleft" type="cfm-slow" waiting="0.00" lane="left_0" pos="16.04" speed="12.30" angle="155.59" x="3.61" y="30.51"/>
        <vehicle id="cfm-slow_5" eclass="HBEFA3/PC_G_EU4" CO2="51282.55" CO="1002.37" HC="5.83" NOx="23.80" PMx="1.29" fuel="22.04" electricity="0.00" noise="121.72" route="routeleft" type="cfm-slow" waiting="0.00" lane="left_0" pos="32.19" speed="13.77" angle="126.64" x="27.22" y="5.52"/>
    </timestep>
    <timestep time="1.02">
        <vehicle id="cfm-fast_0" eclass="HBEFA3/PC_G_EU4" CO2="50212.73" CO="982.19" HC="5.71" NOx="23.30" PMx="1.26" fuel="21.58" electricity="0.00" noise="121.59" route="routebottom" type="cfm-fast" waiting="0.00" lane="bottom_0" pos="8.11" speed="13.48" angle="79.81" x="81.02" y="-2.70"/>
        <vehicle id="cfm-fast_1" eclass="HBEFA3/PC_G_EU4" CO2="50212.71" CO="982.19" HC="5.71" NOx="23.30" PMx="1.26" fuel="21.58" electricity="0.00" noise="121.59" route="routebottom" type="cfm-fast" waiting="0.00" lane="bottom_1" pos="23.95" speed="13.48" angle="51.43" x="108.28" y="15.98"/>
        <vehicle id="cfm-fast_2" eclass="HBEFA3/PC_G_EU4" CO2="39021.53" CO="752.18" HC="4.39" NOx="18.03" PMx="0.97" fuel="16.77" electricity="0.00" noise="107.77" route="routebottom" type="cfm-fast" waiting="0.00" lane="bottom_0" pos="39.78" speed="13.42" angle="23.01" x="128.76" y="41.95"/>
        <vehicle id="cfm-fast_3" eclass="HBEFA3/PC_G_EU4" CO2="50206.78" CO="982.08" HC="5.71" NOx="23.30" PMx="1.26" fuel="21.58" electricity="0.00" noise="121.59" route="routebottom" type="cfm-fast" waiting="0.00" lane="right_0" pos="5.61" speed="13.48" angle="354.34" x="131.19" y="75.77"/>
        <vehicle id="cfm-fast_4" eclass="HBEFA3/PC_G_EU4" CO2="50131.38" CO="980.66" HC="5.70" NOx="23.27" PMx="1.26" fuel="21.55" electricity="0.00" noise="121.58" route="routeright" type="cfm-fast" waiting="0.00" lane="right_1" pos="21.44" speed="13.46" angle="325.85" x="114.69" y="104.40"/>
        <vehicle id="cfm-fast_5" eclass="HBEFA3/PC_G_EU4" CO2="34752.72" CO="665.84" HC="3.89" NOx="16.02" PMx="0.86" fuel="14.94" electricity="0.00" noise="103.04" route="routeright" type="cfm-fast" waiting="0.00" lane="right_0" pos="37.25" speed="13.18" angle="297.47" x="90.47" y="126.82"/>
        <vehicle id="cfm-slow_0" eclass="HBEFA3/PC_G_EU4" CO2="27476.37" CO="523.73" HC="3.06" NOx="12.61" PMx="0.67" fuel="11.81" electricity="0.00" noise="96.23" route="routetop" type="cfm-slow" waiting="0.00" lane="top_0" pos="2.78" speed="12.10" angle="269.50" x="57.59" y="132.00"/>
        <vehicle id="cfm-slow_1" eclass="HBEFA3/PC_G_EU4" CO2="27485.13" CO="523.91" HC="3.06" NOx="12.61" PMx="0.67" fuel="11.81" electricity="0.00" noise="96.24" route="routetop" type="cfm-slow" waiting="0.00" lane="top_0" pos="18.62" speed="12.10" angle="240.95" x="25.77" y="120.85"/>
        <vehicle id="cfm-slow_2" eclass="HBEFA3/PC_G_EU4" CO2="27573.35" CO="525.70" HC="3.07" NOx="12.66" PMx="0.67" fuel="11.85" electricity="0.00" noise="96.35" route="routetop" type="cfm-slow" waiting="0.00" lane="top_0" pos="34.45" speed="12.10" angle="212.51" x="3.09" y="95.89"/>
        <vehicle id="cfm-slow_3" eclass="HBEFA3/PC_G_EU4" CO2="28277.05" CO="539.94" HC="3.15" NOx="12.99" PMx="0.69" fuel="12.15" electricity="0.00" noise="97.25" route="routetop" type="cfm-slow" waiting="0.00" lane="left_0" pos="0.29" speed="12.14" angle="183.95" x="-4.94" y="62.95"/>
        <vehicle id="cfm-slow_4" eclass="HBEFA3/PC_G_EU4" CO2="32541.57" CO="625.82" HC="3.65" NOx="14.99" PMx="0.80" fuel="13.99" electricity="0.00" noise="102.40" route="routeleft" type="cfm-slow" waiting="0.00" lane="left_0" pos="16.16" speed="12.39" angle="155.36" x="3.73" y="30.28"/>
        <vehicle id="cfm-slow_5" eclass="HBEFA3/PC_G_EU4" CO2="51779.20" CO="1011.76" HC="5.89" NOx="24.03" PMx="1.30" fuel="22.26" electricity="0.00" noise="121.79" route="routeleft" type="cfm-slow" waiting="0.00" lane="left_0" pos="32.33" speed="13.91" angle="126.38" x="27.48" y="5.37"/>
    </timestep>
    <timestep time="1.03">
        <vehicle id="cfm-fast_0" eclass="HBEFA3/PC_G_EU4" CO2="50708.75" CO="991.54" HC="5.77" NOx="23.53" PMx="1.27" fuel="21.80" electricity="0.00" noise="121.65" route="routebottom" type="cfm-fast" waiting="0.00" lane="bottom_0" pos="8.25" speed="13.62" angle="79.56" x="81.30" y="-2.62"/>
        <vehicle id="cfm-fast_1" eclass="HBEFA3/PC_G_EU4" CO2="50708.73" CO="991.54" HC="5.77" NOx="23.53" PMx="1.27" fuel="21.80" electricity="0.00" noise="121.65" route="routebottom" type="cfm-fast" waiting="0.00" lane="bottom_1" pos="24.08" speed="13.62" angle="51.19" x="108.49" y="16.17"/>
        <vehicle id="cfm-fast_2" eclass="HBEFA3/PC_G_EU4" CO2="39081.62" CO="752.75" HC="4.39" NOx="18.05" PMx="0.97" fuel="16.80" electricity="0.00" noise="107.52" route="routebottom" type="cfm-fast" waiting="0.00" lane="bottom_0" pos="39.91" speed="13.52" angle="22.75" x="128.84" y="42.23"/>
        <vehicle id="cfm-fast_3" eclass="HBEFA3/PC_G_EU4" CO2="50702.80" CO="991.42" HC="5.77" NOx="23.53" PMx="1.27" fuel="21.79" electricity="0.00" noise="121.65" route="routebottom" type="cfm-fast" waiting="0.00" lane="right_0" pos="5.75" speed="13.61" angle="354.09" x="131.13" y="76.06"/>
        <vehicle id="cfm-fast_4" eclass="HBEFA3/PC_G_EU4" CO2="50627.35" CO="990.00" HC="5.76" NOx="23.50" PMx="1.27" fuel="21.76" electricity="0.00" noise="121.64" route="routeright" type="cfm-fast" waiting="0.00" lane="right_1" pos="21.58" speed="13.59" angle="325.60" x="114.52" y="104.62"/>
        <vehicle id="cfm-fast_5" eclass="HBEFA3/PC_G_EU4" CO2="34613.60" CO="662.36" HC="3.87" NOx="15.95" PMx="0.85" fuel="14.88" electricity="0.00" noise="102.61" route="routeright" type="cfm-fast" waiting="0.00" lane="right_0" pos="37.38" speed="13.27" angle="297.23" x="90.20" y="126.92"/>
        <vehicle id="cfm-slow_0" eclass="HBEFA3/PC_G_EU4" CO2="27415.87" CO="521.89" HC="3.05" NOx="12.58" PMx="0.67" fuel="11.78" electricity="0.00" noise="95.94" route="routetop" type="cfm-slow" waiting="0.00" lane="top_0" pos="2.91" speed="12.18" angle="269.28" x="57.33" y="131.98"/>
        <vehicle id="cfm-slow_1" eclass="HBEFA3/PC_G_EU4" CO2="27425.42" CO="522.08" HC="3.05" NOx="12.58" PMx="0.67" fuel="11.79" electricity="0.00" noise="95.95" route="routetop" type="cfm-slow" waiting="0.00" lane="top_0" pos="18.74" speed="12.18" angle="240.71" x="25.55" y="120.70"/>
        <vehicle id="cfm-slow_2" eclass="HBEFA3/PC_G_EU4" CO2="27519.84" CO="524.00" HC="3.06" NOx="12.63" PMx="0.67" fuel="11.83" electricity="0.00" noise="96.08" route="routetop" type="cfm-slow" waiting="0.00" lane="top_0" pos="34.57" speed="12.18" angle="212.32" x="2.97" y="95.66"/>
        <vehicle id="cfm-slow_3" eclass="HBEFA3/PC_G_EU4" CO2="28259.75" CO="538.97" HC="3.15" NOx="12.98" PMx="0.69" fuel="12.15" electricity="0.00" noise="97.01" route="routetop" type="cfm-slow" waiting="0.00" lane="left_0" pos="0.41" speed="12.22" angle="183.73" x="-4.93" y="62.68"/>
        <vehicle id="cfm-slow_4" eclass="HBEFA3/PC_G_EU4" CO2="32669.42" CO="627.78" HC="3.66" NOx="15.05" PMx="0.81" fuel="14.04" electricity="0.00" noise="102.29" route="routeleft" type="cfm-slow" waiting="0.00" lane="left_0" pos="16.29" speed="12.49" angle="155.13" x="3.86" y="30.04"/>
        <vehicle id="cfm-slow_5" eclass="HBEFA3/PC_G_EU4" CO2="52276.14" CO="1021.17" HC="5.94" NOx="24.26" PMx="1.32" fuel="22.47" electricity="0.00" noise="121.85" route="routeleft" type="cfm-slow" waiting="0.00" lane="left_0" pos="32.47" speed="14.05" angle="126.12" x="27.74" y="5.21"/>
    </timestep>
    <timestep time="1.04">
        <vehicle id="cfm-fast_0" eclass="HBEFA3/PC_G_EU4" CO2="51205.06" CO="1000.90" HC="5.82" NOx="23.77" PMx="1.29" fuel="22.01" electricity="0.00" noise="121.71" route="routebottom" type="cfm-fast" waiting="0.00" lane="bottom_0" pos="8.39" speed="13.75" angle="79.31" x="81.59" y="-2.55"/>
        <vehicle id="cfm-fast_1" eclass="HBEFA3/PC_G_EU4" CO2="51205.05" CO="1000.90" HC="5.82" NOx="23.77" PMx="1.29" fuel="22.01" electricity="0.00" noise="121.71" route="routebottom" type="cfm-fast" waiting="0.00" lane="bottom_1" pos="24.22" speed="13.75" angle="50.94" x="108.70" y="16.36"/>
        <vehicle id="cfm-fast_2" eclass="HBEFA3/PC_G_EU4" CO2="39141.78" CO="753.33" HC="4.40" NOx="18.08" PMx="0.97" fuel="16.83" electricity="0.00" noise="107.28" route="routebottom" type="cfm-fast" waiting="0.00" lane="bottom_0" pos="40.05" speed="13.62" angle="22.49" x="128.93" y="42.51"/>
        <vehicle id="cfm-fast_3" eclass="HBEFA3/PC_G_EU4" CO2="51199.11" CO="1000.79" HC="5.82" NOx="23.76" PMx="1.29" fuel="22.01" electricity="0.00" noise="121.71" route="routebottom" type="cfm-fast" waiting="0.00" lane="right_0" pos="5.89" speed="13.75" angle="353.83" x="131.08" y="76.35"/>
        <vehicle id="cfm-fast_4" eclass="HBEFA3/PC_G_EU4" CO2="51123.61" CO="999.37" HC="5.81" NOx="23.73" PMx="1.29" fuel="21.98" electricity="0.00" noise="121.70" route="routeright" type="cfm-fast" waiting="0.00" lane="right_1" pos="21.72" speed="13.73" angle="325.37" x="114.34" y="104.84"/>
        <vehicle id="cfm-fast_5" eclass="HBEFA3/PC_G_EU4" CO2="34470.78" CO="658.82" HC="3.85" NOx="15.88" PMx="0.85" fuel="14.82" electricity="0.00" noise="102.18" route="routeright" type="cfm-fast" waiting="0.00" lane="right_0" pos="37.51" speed="13.37" angle="296.99" x="89.94" y="127.03"/>
        <vehicle id="cfm-slow_0" eclass="HBEFA3/PC_G_EU4" CO2="27353.06" CO="520.00" HC="3.04" NOx="12.55" PMx="0.67" fuel="11.76" electricity="0.00" noise="95.66" route="routetop" type="cfm-slow" waiting="0.00" lane="top_0" pos="3.03" speed="12.26" angle="269.06" x="57.06" y="131.95"/>
        <vehicle id="cfm-slow_1" eclass="HBEFA3/PC_G_EU4" CO2="27363.45" CO="520.22" HC="3.04" NOx="12.55" PMx="0.67" fuel="11.76" electricity="0.00" noise="95.67" route="routetop" type="cfm-slow" waiting="0.00" lane="top_0" pos="18.86" speed="12.26" angle="240.47" x="25.33" y="120.56"/>
        <vehicle id="cfm-slow_2" eclass="HBEFA3/PC_G_EU4" CO2="27464.37" CO="522.27" HC="3.05" NOx="12.60" PMx="0.67" fuel="11.81" electricity="0.00" noise="95.80" route="routetop" type="cfm-slow" waiting="0.00" lane="top_0" pos="34.70" speed="12.26" angle="212.12" x="2.85" y="95.43"/>
        <vehicle id="cfm-slow_3" eclass="HBEFA3/PC_G_EU4" CO2="28241.58" CO="537.99" HC="3.14" NOx="12.97" PMx="0.69" fuel="12.14" electricity="0.00" noise="96.78" route="routetop" type="cfm-slow" waiting="0.00" lane="left_0" pos="0.53" speed="12.30" angle="183.51" x="-4.92" y="62.42"/>
        <vehicle id="cfm-slow_4" eclass="HBEFA3/PC_G_EU4" CO2="32798.25" CO="629.76" HC="3.68" NOx="15.11" PMx="0.81" fuel="14.10" electricity="0.00" noise="102.19" route="routeleft" type="cfm-slow" waiting="0.00" lane="left_0" pos="16.42" speed="12.58" angle="154.90" x="4.00" y="29.80"/>
        <vehicle id="cfm-slow_5" eclass="HBEFA3/PC_G_EU4" CO2="52773.37" CO="1030.61" HC="6.00" NOx="24.49" PMx="1.33" fuel="22.68" electricity="0.00" noise="121.91" route="routeleft" type="cfm-slow" waiting="0.00" lane="left_0" pos="32.61" speed="14.18" angle="125.85" x="28.00" y="5.06"/>
    </timestep>
    <timestep time="1.05">
        <vehicle id="cfm-fast_0" eclass="HBEFA3/PC_G_EU4" CO2="51701.66" CO="1010.29" HC="5.88" NOx="24.00" PMx="1.30" fuel="22.22" electricity="0.00" noise="121.78" route="routebottom" type="cfm-fast" waiting="0.00" lane="bottom_0" pos="8.52" speed="13.89" angle="79.05" x="81.88" y="-2.47"/>
        <vehicle id="cfm-fast_1" eclass="HBEFA3/PC_G_EU4" CO2="51701.65" CO="1010.29" HC="5.88" NOx="24.00" PMx="1.30" fuel="22.22" electricity="0.00" noise="121.78" route="routebottom" type="cfm-fast" waiting="0.00" lane="bottom_1" pos="24.36" speed="13.89" angle="50.74" x="108.90" y="16.56"/>
        <vehicle id="cfm-fast_2" eclass="HBEFA3/PC_G_EU4" CO2="39202.13" CO="753.93" HC="4.40" NOx="18.10" PMx="0.97" fuel="16.85" electricity="0.00" noise="107.05" route="routebottom" type="cfm-fast" waiting="0.00" lane="bottom_0" pos="40.19" speed="13.73" angle="22.23" x="129.02" y="42.79"/>
        <vehicle id="cfm-fast_3" eclass="HBEFA3/PC_G_EU4" CO2="51695.71" CO="1010.18" HC="5.88" NOx="23.99" PMx="1.30" fuel="22.22" electricity="0.00" noise="121.78" route="routebottom" type="cfm-fast" waiting="0.00" lane="right_0" pos="6.02" speed="13.89" angle="353.57" x="131.03" y="76.64"/>
        <vehicle id="cfm-fast_4" eclass="HBEFA3/PC_G_EU4" CO2="51620.17" CO="1008.75" HC="5.87" NOx="23.96" PMx="1.30" fuel="22.19" electricity="0.00" noise="121.77" route="routeright" type="cfm-fast" waiting="0.00" lane="right_1" pos="21.85" speed="13.87" angle="325.15" x="114.17" y="105.06"/>
        <vehicle id="cfm-fast_5" eclass="HBEFA3/PC_G_EU4" CO2="34324.42" CO="655.21" HC="3.83" NOx="15.81" PMx="0.85" fuel="14.75" electricity="0.00" noise="101.75" route="routeright" type="cfm-fast" waiting="0.00" lane="right_0" pos="37.65" speed="13.46" angle="296.75" x="89.67" y="127.14"/>
        <vehicle id="cfm-slow_0" eclass="HBEFA3/PC_G_EU4" CO2="27288.00" CO="518.09" HC="3.03" NOx="12.52" PMx="0.67" fuel="11.73" electricity="0.00" noise="95.38" route="routetop" type="cfm-slow" waiting="0.00" lane="top_0" pos="3.15" speed="12.34" angle="268.84" x="56.80" y="131.92"/>
        <vehicle id="cfm-slow_1" eclass="HBEFA3/PC_G_EU4" CO2="27299.29" CO="518.32" HC="3.03" NOx="12.52" PMx="0.67" fuel="11.73" electricity="0.00" noise="95.40" route="routetop" type="cfm-slow" waiting="0.00" lane="top_0" pos="18.99" speed="12.34" angle="240.23" x="25.11" y="120.41"/>
        <vehicle id="cfm-slow_2" eclass="HBEFA3/PC_G_EU4" CO2="27407.03" CO="520.51" HC="3.04" NOx="12.57" PMx="0.67" fuel="11.78" electricity="0.00" noise="95.53" route="routetop" type="cfm-slow" waiting="0.00" lane="top_0" pos="34.82" speed="12.34" angle="211.89" x="2.73" y="95.19"/>
        <vehicle id="cfm-slow_3" eclass="HBEFA3/PC_G_EU4" CO2="28222.62" CO="537.01" HC="3.14" NOx="12.96" PMx="0.69" fuel="12.13" electricity="0.00" noise="96.55" route="routetop" type="cfm-slow" waiting="0.00" lane="left_0" pos="0.66" speed="12.38" angle="183.29" x="-4.92" y="62.15"/>
        <vehicle id="cfm-slow_4" eclass="HBEFA3/PC_G_EU4" CO2="32928.11" CO="631.77" HC="3.69" NOx="15.17" PMx="0.81" fuel="14.15" electricity="0.00" noise="102.10" route="routeleft" type="cfm-slow" waiting="0.00" lane="left_0" pos="16.54" speed="12.67" angle="154.68" x="4.13" y="29.56"/>
        <vehicle id="cfm-slow_5" eclass="HBEFA3/PC_G_EU4" CO2="53270.90" CO="1040.07" HC="6.05" NOx="24.73" PMx="1.34" fuel="22.90" electricity="0.00" noise="121.97" route="routeleft" type="cfm-slow" waiting="0.00" lane="left_0" pos="32.76" speed="14.32" angle="125.58" x="28.26" y="4.90"/>
    </timestep>
    <timestep time="1.06">
        <vehicle id="cfm-fast_0" eclass="HBEFA3/PC_G_EU4" CO2="52198.56" CO="1019.70" HC="5.93" NOx="24.23" PMx="1.31" fuel="22.44" electricity="0.00" noise="121.84" route="routebottom" type="cfm-fast" waiting="0.00" lane="bottom_0" pos="8.67" speed="14.02" angle="78.80" x="82.17" y="-2.39"/>
        <vehicle id="cfm-fast_1" eclass="HBEFA3/PC_G_EU4" CO2="52198.55" CO="1019.70" HC="5.93" NOx="24.23" PMx="1.31" fuel="22.44" electricity="0.00" noise="121.84" route="routebottom" type="cfm-fast" waiting="0.00" lane="bottom_1" pos="24.50" speed="14.02" angle="50.48" x="109.11" y="16.76"/>
        <vehicle id="cfm-fast_2" eclass="HBEFA3/PC_G_EU4" CO2="39262.77" CO="754.55" HC="4.41" NOx="18.13" PMx="0.98" fuel="16.88" electricity="0.00" noise="106.82" route="routebottom" type="cfm-fast" waiting="0.00" lane="bottom_0" pos="40.33" speed="13.83" angle="21.96" x="129.11" y="43.08"/>
        <vehicle id="cfm-fast_3" eclass="HBEFA3/PC_G_EU4" CO2="52192.60" CO="1019.59" HC="5.93" NOx="24.22" PMx="1.31" fuel="22.43" electricity="0.00" noise="121.84" route="routebottom" type="cfm-fast" waiting="0.00" lane="right_0" pos="6.16" speed="14.02" angle="353.31" x="130.97" y="76.94"/>
        <vehicle id="cfm-fast_4" eclass="HBEFA3/PC_G_EU4" CO2="52117.02" CO="1018.16" HC="5.93" NOx="24.19" PMx="1.31" fuel="22.40" electricity="0.00" noise="121.83" route="routeright" type="cfm-fast" waiting="0.00" lane="right_1" pos="21.99" speed="14.00" angle="324.89" x="113.98" y="105.28"/>
        <vehicle id="cfm-fast_5" eclass="HBEFA3/PC_G_EU4" CO2="34174.67" CO="651.55" HC="3.81" NOx="15.73" PMx="0.84" fuel="14.69" electricity="0.00" noise="101.33" route="routeright" type="cfm-fast" waiting="0.00" lane="right_0" pos="37.78" speed="13.55" angle="296.50" x="89.40" y="127.25"/>
        <vehicle id="cfm-slow_0" eclass="HBEFA3/PC_G_EU4" CO2="27220.77" CO="516.14" HC="3.02" NOx="12.48" PMx="0.66" fuel="11.70" electricity="0.00" noise="95.10" route="routetop" type="cfm-slow" waiting="0.00" lane="top_0" pos="3.28" speed="12.41" angle="268.62" x="56.53" y="131.90"/>
        <vehicle id="cfm-slow_1" eclass="HBEFA3/PC_G_EU4" CO2="27233.02" CO="516.39" HC="3.02" NOx="12.49" PMx="0.66" fuel="11.71" electricity="0.00" noise="95.12" route="routetop" type="cfm-slow" waiting="0.00" lane="top_0" pos="19.11" speed="12.41" angle="240.00" x="24.89" y="120.26"/>
        <vehicle id="cfm-slow_2" eclass="HBEFA3/PC_G_EU4" CO2="27347.89" CO="518.72" HC="3.03" NOx="12.54" PMx="0.67" fuel="11.76" electricity="0.00" noise="95.26" route="routetop" type="cfm-slow" waiting="0.00" lane="top_0" pos="34.94" speed="12.42" angle="211.66" x="2.61" y="94.95"/>
        <vehicle id="cfm-slow_3" eclass="HBEFA3/PC_G_EU4" CO2="28202.97" CO="536.02" HC="3.13" NOx="12.94" PMx="0.69" fuel="12.12" electricity="0.00" noise="96.32" route="routetop" type="cfm-slow" waiting="0.00" lane="left_0" pos="0.78" speed="12.46" angle="183.06" x="-4.91" y="61.89"/>
        <vehicle id="cfm-slow_4" eclass="HBEFA3/PC_G_EU4" CO2="33059.05" CO="633.81" HC="3.70" NOx="15.23" PMx="0.82" fuel="14.21" electricity="0.00" noise="102.01" route="routeleft" type="cfm-slow" waiting="0.00" lane="left_0" pos="16.67" speed="12.77" angle="154.49" x="4.26" y="29.32"/>
        <vehicle id="cfm-slow_5" eclass="HBEFA3/PC_G_EU4" CO2="53768.71" CO="1049.54" HC="6.11" NOx="24.96" PMx="1.35" fuel="23.11" electricity="0.00" noise="122.03" route="routeleft" type="cfm-slow" waiting="0.00" lane="left_0" pos="32.90" speed="14.45" angle="125.31" x="28.53" y="4.74"/>
    </timestep>
    <timestep time="1.07">
        <vehicle id="cfm-fast_0" eclass="HBEFA3/PC_G_EU4" CO2="52695.75" CO="1029.13" HC="5.99" NOx="24.46" PMx="1.33" fuel="22.65" electricity="0.00" noise="121.90" route="routebottom" type="cfm-fast" waiting="0.00" lane="bottom_0" pos="8.81" speed="14.16" angle="78.54" x="82.46" y="-2.31"/>
        <vehicle id="cfm-fast_1" eclass="HBEFA3/PC_G_EU4" CO2="52695.73" CO="1029.13" HC="5.99" NOx="24.46" PMx="1.33" fuel="22.65" electricity="0.00" noise="121.90" route="routebottom" type="cfm-fast" waiting="0.00" lane="bottom_1" pos="24.64" speed="14.16" angle="50.21" x="109.31" y="16.96"/>
        <vehicle id="cfm-fast_2" eclass="HBEFA3/PC_G_EU4" CO2="39323.82" CO="755.19" HC="4.41" NOx="18.15" PMx="0.98" fuel="16.90" electricity="0.00" noise="106.60" route="routebottom" type="cfm-fast" waiting="0.00" lane="bottom_0" pos="40.46" speed="13.93" angle="21.70" x="129.19" y="43.36"/>
        <vehicle id="cfm-fast_3" eclass="HBEFA3/PC_G_EU4" CO2="52689.78" CO="1029.02" HC="5.99" NOx="24.46" PMx="1.33" fuel="22.65" electricity="0.00" noise="121.90" route="routebottom" type="cfm-fast" waiting="0.00" lane="right_0" pos="6.31" speed="14.16" angle="353.08" x="130.92" y="77.24"/>
        <vehicle id="cfm-fast_4" eclass="HBEFA3/PC_G_EU4" CO2="52614.16" CO="1027.59" HC="5.98" NOx="24.42" PMx="1.32" fuel="22.62" electricity="0.00" noise="121.89" route="routeright" type="cfm-fast" waiting="0.00" lane="right_1" pos="22.14" speed="14.14" angle="324.63" x="113.79" y="105.50"/>
        <vehicle id="cfm-fast_5" eclass="HBEFA3/PC_G_EU4" CO2="34021.69" CO="647.84" HC="3.79" NOx="15.66" PMx="0.84" fuel="14.62" electricity="0.00" noise="100.91" route="routeright" type="cfm-fast" waiting="0.00" lane="right_0" pos="37.92" speed="13.64" angle="296.26" x="89.12" y="127.36"/>
        <vehicle id="cfm-slow_0" eclass="HBEFA3/PC_G_EU4" CO2="27151.43" CO="514.15" HC="3.01" NOx="12.45" PMx="0.66" fuel="11.67" electricity="0.00" noise="94.83" route="routetop" type="cfm-slow" waiting="0.00" lane="top_0" pos="3.40" speed="12.49" angle="268.40" x="56.27" y="131.87"/>
        <vehicle id="cfm-slow_1" eclass="HBEFA3/PC_G_EU4" CO2="27164.70" CO="514.42" HC="3.01" NOx="12.45" PMx="0.66" fuel="11.68" electricity="0.00" noise="94.85" route="routetop" type="cfm-slow" waiting="0.00" lane="top_0" pos="19.23" speed="12.49" angle="239.82" x="24.67" y="120.11"/>
        <vehicle id="cfm-slow_2" eclass="HBEFA3/PC_G_EU4" CO2="27287.04" CO="516.91" HC="3.03" NOx="12.51" PMx="0.66" fuel="11.73" electricity="0.00" noise="95.00" route="routetop" type="cfm-slow" waiting="0.00" lane="top_0" pos="35.07" speed="12.49" angle="211.43" x="2.49" y="94.71"/>
        <vehicle id="cfm-slow_3" eclass="HBEFA3/PC_G_EU4" CO2="28182.70" CO="535.03" HC="3.13" NOx="12.93" PMx="0.69" fuel="12.11" electricity="0.00" noise="96.10" route="routetop" type="cfm-slow" waiting="0.00" lane="left_0" pos="0.91" speed="12.54" angle="182.83" x="-4.91" y="61.62"/>
        <vehicle id="cfm-slow_4" eclass="HBEFA3/PC_G_EU4" CO2="33191.12" CO="635.89" HC="3.71" NOx="15.29" PMx="0.82" fuel="14.27" electricity="0.00" noise="101.92" route="routeleft" type="cfm-slow" waiting="0.00" lane="left_0" pos="16.80" speed="12.86" angle="154.25" x="4.40" y="29.09"/>
        <vehicle id="cfm-slow_5" eclass="HBEFA3/PC_G_EU4" CO2="54266.82" CO="1059.04" HC="6.16" NOx="25.19" PMx="1.37" fuel="23.33" electricity="0.00" noise="122.10" route="routeleft" type="cfm-slow" waiting="0.00" lane="left_0" pos="33.05" speed="14.59" angle="125.04" x="28.80" y="4.58"/>
    </timestep>
    <timestep time="1.08">
        <vehicle id="cfm-fast_0" eclass="HBEFA3/PC_G_EU4" CO2="53193.23" CO="1038.59" HC="6.04" NOx="24.69" PMx="1.34" fuel="22.87" electricity="0.00" noise="121.96" route="routebottom" type="cfm-fast" waiting="0.00" lane="bottom_0" pos="8.95" speed="14.30" angle="78.33" x="82.76" y="-2.23"/>
        <vehicle id="cfm-fast_1" eclass="HBEFA3/PC_G_EU4" CO2="53193.21" CO="1038.59" HC="6.04" NOx="24.69" PMx="1.34" fuel="22.87" electricity="0.00" noise="121.96" route="routebottom" type="cfm-fast" waiting="0.00" lane="bottom_1" pos="24.78" speed="14.30" angle="49.94" x="109.52" y="17.17"/>
        <vehicle id="cfm-fast_2" eclass="HBEFA3/PC_G_EU4" CO2="39385.38" CO="755.85" HC="4.41" NOx="18.18" PMx="0.98" fuel="16.93" electricity="0.00" noise="106.39" route="routebottom" type="cfm-fast" waiting="0.00" lane="bottom_0" pos="40.60" speed="14.03" angle="21.43" x="129.28" y="43.65"/>
        <vehicle id="cfm-fast_3" eclass="HBEFA3/PC_G_EU4" CO2="53187.26" CO="1038.47" HC="6.04" NOx="24.69" PMx="1.34" fuel="22.86" electricity="0.00" noise="121.96" route="routebottom" type="cfm-fast" waiting="0.00" lane="right_0" pos="6.45" speed="14.30" angle="352.84" x="130.85" y="77.54"/>
        <vehicle id="cfm-fast_4" eclass="HBEFA3/PC_G_EU4" CO2="53111.59" CO="1037.04" HC="6.04" NOx="24.65" PMx="1.34" fuel="22.83" electricity="0.00" noise="121.95" route="routeright" type="cfm-fast" waiting="0.00" lane="right_1" pos="22.28" speed="14.27" angle="324.37" x="113.61" y="105.73"/>
        <vehicle id="cfm-fast_5" eclass="HBEFA3/PC_G_EU4" CO2="33865.61" CO="644.08" HC="3.77" NOx="15.58" PMx="0.83" fuel="14.56" electricity="0.00" noise="100.49" route="routeright" type="cfm-fast" waiting="0.00" lane="right_0" pos="38.06" speed="13.73" angle="296.01" x="88.85" y="127.47"/>
        <vehicle id="cfm-slow_0" eclass="HBEFA3/PC_G_EU4" CO2="27080.07" CO="512.14" HC="3.00" NOx="12.41" PMx="0.66" fuel="11.64" electricity="0.00" noise="94.56" route="routetop" type="cfm-slow" waiting="0.00" lane="top_0" pos="3.53" speed="12.57" angle="268.17" x="56.00" y="131.84"/>
        <vehicle id="cfm-slow_1" eclass="HBEFA3/PC_G_EU4" CO2="27094.42" CO="512.43" HC="3.00" NOx="12.42" PMx="0.66" fuel="11.65" electricity="0.00" noise="94.58" route="routetop" type="cfm-slow" waiting="0.00" lane="top_0" pos="19.36" speed="12.57" angle="239.60" x="24.45" y="119.95"/>
        <vehicle id="cfm-slow_2" eclass="HBEFA3/PC_G_EU4" CO2="27224.55" CO="515.07" HC="3.02" NOx="12.48" PMx="0.66" fuel="11.70" electricity="0.00" noise="94.74" route="routetop" type="cfm-slow" waiting="0.00" lane="top_0" pos="35.19" speed="12.57" angle="211.20" x="2.37" y="94.47"/>
        <vehicle id="cfm-slow_3" eclass="HBEFA3/PC_G_EU4" CO2="28161.91" CO="534.04" HC="3.12" NOx="12.92" PMx="0.69" fuel="12.11" electricity="0.00" noise="95.88" route="routetop" type="cfm-slow" waiting="0.00" lane="left_0" pos="1.03" speed="12.62" angle="182.61" x="-4.90" y="61.34"/>
        <vehicle id="cfm-slow_4" eclass="HBEFA3/PC_G_EU4" CO2="33324.36" CO="638.00" HC="3.73" NOx="15.35" PMx="0.82" fuel="14.32" electricity="0.00" noise="101.84" route="routeleft" type="cfm-slow" waiting="0.00" lane="left_0" pos="16.93" speed="12.95" angle="154.01" x="4.55" y="28.85"/>
        <vehicle id="cfm-slow_5" eclass="HBEFA3/PC_G_EU4" CO2="54765.23" CO="1068.56" HC="6.22" NOx="25.42" PMx="1.38" fuel="23.54" electricity="0.00" noise="122.16" route="routeleft" type="cfm-slow" waiting="0.00" lane="left_0" pos="33.19" speed="14.73" angle="124.77" x="29.07" y="4.41"/>
    </timestep>
    <timestep time="1.09">
        <vehicle id="cfm-fast_0" eclass="HBEFA3/PC_G_EU4" CO2="53691.00" CO="1048.06" HC="6.10" NOx="24.92" PMx="1.35" fuel="23.08" electricity="0.00" noise="122.02" route="routebottom" type="cfm-fast" waiting="0.00" lane="bottom_0" pos="9.09" speed="14.43" angle="78.06" x="83.06" y="-2.14"/>
        <vehicle id="cfm-fast_1" eclass="HBEFA3/PC_G_EU4" CO2="53690.99" CO="1048.06" HC="6.10" NOx="24.92" PMx="1.35" fuel="23.08" electricity="0.00" noise="122.02" route="routebottom" type="cfm-fast" waiting="0.00" lane="bottom_1" pos="24.93" speed="14.43" angle="49.67" x="109.73" y="17.38"/>
        <vehicle id="cfm-fast_2" eclass="HBEFA3/PC_G_EU4" CO2="39447.55" CO="756.53" HC="4.42" NOx="18.21" PMx="0.98" fuel="16.96" electricity="0.00" noise="106.18" route="routebottom" type="cfm-fast" waiting="0.00" lane="bottom_0" pos="40.75" speed="14.13" angle="21.16" x="129.37" y="43.94"/>
        <vehicle id="cfm-fast_3" eclass="HBEFA3/PC_G_EU4" CO2="53685.03" CO="1047.95" HC="6.10" NOx="24.92" PMx="1.35" fuel="23.08" electricity="0.00" noise="122.02" route="routebottom" type="cfm-fast" waiting="0.00" lane="right_0" pos="6.59" speed="14.43" angle="352.57" x="130.79" y="77.84"/>
        <vehicle id="cfm-fast_4" eclass="HBEFA3/PC_G_EU4" CO2="53609.31" CO="1046.51" HC="6.09" NOx="24.88" PMx="1.35" fuel="23.04" electricity="0.00" noise="122.01" route="routeright" type="cfm-fast" waiting="0.00" lane="right_1" pos="22.42" speed="14.41" angle="324.11" x="113.42" y="105.95"/>
        <vehicle id="cfm-fast_5" eclass="HBEFA3/PC_G_EU4" CO2="33706.58" CO="640.26" HC="3.75" NOx="15.51" PMx="0.83" fuel="14.49" electricity="0.00" noise="100.09" route="routeright" type="cfm-fast" waiting="0.00" lane="right_0" pos="38.19" speed="13.81" angle="295.76" x="88.57" y="127.58"/>
        <vehicle id="cfm-slow_0" eclass="HBEFA3/PC_G_EU4" CO2="27006.74" CO="510.09" HC="2.99" NOx="12.38" PMx="0.66" fuel="11.61" electricity="0.00" noise="94.29" route="routetop" type="cfm-slow" waiting="0.00" lane="top_0" pos="3.65" speed="12.64" angle="267.95" x="55.73" y="131.81"/>
        <vehicle id="cfm-slow_1" eclass="HBEFA3/PC_G_EU4" CO2="27022.24" CO="510.41" HC="2.99" NOx="12.38" PMx="0.66" fuel="11.62" electricity="0.00" noise="94.31" route="routetop" type="cfm-slow" waiting="0.00" lane="top_0" pos="19.49" speed="12.64" angle="239.37" x="24.23" y="119.79"/>
        <vehicle id="cfm-slow_2" eclass="HBEFA3/PC_G_EU4" CO2="27160.51" CO="513.21" HC="3.01" NOx="12.45" PMx="0.66" fuel="11.67" electricity="0.00" noise="94.48" route="routetop" type="cfm-slow" waiting="0.00" lane="top_0" pos="35.32" speed="12.65" angle="210.97" x="2.25" y="94.23"/>
        <vehicle id="cfm-slow_3" eclass="HBEFA3/PC_G_EU4" CO2="28140.67" CO="533.04" HC="3.12" NOx="12.91" PMx="0.69" fuel="12.10" electricity="0.00" noise="95.67" route="routetop" type="cfm-slow" waiting="0.00" lane="left_0" pos="1.16" speed="12.70" angle="182.38" x="-4.89" y="61.07"/>
        <vehicle id="cfm-slow_4" eclass="HBEFA3/PC_G_EU4" CO2="33458.82" CO="640.14" HC="3.74" NOx="15.41" PMx="0.83" fuel="14.38" electricity="0.00" noise="101.76" route="routeleft" type="cfm-slow" waiting="0.00" lane="left_0" pos="17.06" speed="13.04" angle="153.77" x="4.69" y="28.61"/>
        <vehicle id="cfm-slow_5" eclass="HBEFA3/PC_G_EU4" CO2="55263.92" CO="1078.11" HC="6.28" NOx="25.65" PMx="1.39" fuel="23.76" electricity="0.00" noise="122.22" route="routeleft" type="cfm-slow" waiting="0.00" lane="left_0" pos="33.34" speed="14.86" angle="124.55" x="29.35" y="4.25"/>
    </timestep>
    <timestep time="1.10">
        <vehicle id="cfm-fast_0" eclass="HBEFA3/PC_G_EU4" CO2="54189.06" CO="1057.56" HC="6.16" NOx="25.15" PMx="1.36" fuel="23.29" electricity="0.00" noise="122.09" route="routebottom" type="cfm-fast" waiting="0.00" lane="bottom_0" pos="9.24" speed="14.57" angle="77.80" x="83.36" y="-2.05"/>
        <vehicle id="cfm-fast_1" eclass="HBEFA3/PC_G_EU4" CO2="54189.05" CO="1057.56" HC="6.16" NOx="25.15" PMx="1.36" fuel="23.29" electricity="0.00" noise="122.09" route="routebottom" type="cfm-fast" waiting="0.00" lane="bottom_1" pos="25.07" speed="14.57" angle="49.39" x="109.94" y="17.59"/>
        <vehicle id="cfm-fast_2" eclass="HBEFA3/PC_G_EU4" CO2="39510.43" CO="757.25" HC="4.42" NOx="18.24" PMx="0.98" fuel="16.98" electricity="0.00" noise="105.98" route="routebottom" type="cfm-fast" waiting="0.00" lane="bottom_0" pos="40.89" speed="14.23" angle="20.89" x="129.46" y="44.24"/>
        <vehicle id="cfm-fast_3" eclass="HBEFA3/PC_G_EU4" CO2="54183.09" CO="1057.45" HC="6.16" NOx="25.15" PMx="1.36" fuel="23.29" electricity="0.00" noise="122.09" route="routebottom" type="cfm-fast" waiting="0.00" lane="right_0" pos="6.74" speed="14.57" angle="352.30" x="130.72" y="78.15"/>
        <vehicle id="cfm-fast_4" eclass="HBEFA3/PC_G_EU4" CO2="54107.33" CO="1056.00" HC="6.15" NOx="25.12" PMx="1.36" fuel="23.26" electricity="0.00" noise="122.08" route="routeright" type="cfm-fast" waiting="0.00" lane="right_1" pos="22.57" speed="14.55" angle="323.84" x="113.22" y="106.18"/>
        <vehicle id="cfm-fast_5" eclass="HBEFA3/PC_G_EU4" CO2="33544.74" CO="636.41" HC="3.73" NOx="15.43" PMx="0.83" fuel="14.42" electricity="0.00" noise="99.68" route="routeright" type="cfm-fast" waiting="0.00" lane="right_0" pos="38.33" speed="13.90" angle="295.51" x="88.30" y="127.69"/>
        <vehicle id="cfm-slow_0" eclass="HBEFA3/PC_G_EU4" CO2="26931.51" CO="508.01" HC="2.98" NOx="12.34" PMx="0.66" fuel="11.58" electricity="0.00" noise="94.02" route="routetop" type="cfm-slow" waiting="0.00" lane="top_0" pos="3.78" speed="12.71" angle="267.73" x="55.45" y="131.79"/>
        <vehicle id="cfm-slow_1" eclass="HBEFA3/PC_G_EU4" CO2="26948.23" CO="508.35" HC="2.98" NOx="12.35" PMx="0.66" fuel="11.58" electricity="0.00" noise="94.04" route="routetop" type="cfm-slow" waiting="0.00" lane="top_0" pos="19.61" speed="12.72" angle="239.14" x="24.01" y="119.63"/>
        <vehicle id="cfm-slow_2" eclass="HBEFA3/PC_G_EU4" CO2="27094.99" CO="511.33" HC="2.99" NOx="12.41" PMx="0.66" fuel="11.65" electricity="0.00" noise="94.22" route="routetop" type="cfm-slow" waiting="0.00" lane="top_0" pos="35.45" speed="12.72" angle="210.73" x="2.12" y="93.98"/>
        <vehicle id="cfm-slow_3" eclass="HBEFA3/PC_G_EU4" CO2="28119.06" CO="532.05" HC="3.11" NOx="12.90" PMx="0.69" fuel="12.09" electricity="0.00" noise="95.46" route="routetop" type="cfm-slow" waiting="0.00" lane="left_0" pos="1.29" speed="12.77" angle="182.16" x="-4.88" y="60.80"/>
        <vehicle id="cfm-slow_4" eclass="HBEFA3/PC_G_EU4" CO2="33594.55" CO="642.32" HC="3.75" NOx="15.47" PMx="0.83" fuel="14.44" electricity="0.00" noise="101.69" route="routeleft" type="cfm-slow" waiting="0.00" lane="left_0" pos="17.19" speed="13.13" angle="153.53" x="4.84" y="28.37"/>
        <vehicle id="cfm-slow_5" eclass="HBEFA3/PC_G_EU4" CO2="55762.90" CO="1087.67" HC="6.33" NOx="25.89" PMx="1.41" fuel="23.97" electricity="0.00" noise="122.28" route="routeleft" type="cfm-slow" waiting="0.00" lane="left_0" pos="33.49" speed="15.00" angle="124.27" x="29.63" y="4.09"/>
    </timestep>
    <timestep time="1.11">
        <vehicle id="cfm-fast_0" eclass="HBEFA3/PC_G_EU4" CO2="54687.42" CO="1067.08" HC="6.21" NOx="25.39" PMx="1.38" fuel="23.51" electricity="0.00" noise="122.15" route="routebottom" type="cfm-fast" waiting="0.00" lane="bottom_0" pos="9.39" speed="14.71" angle="77.53" x="83.66" y="-1.96"/>
        <vehicle id="cfm-fast_1" eclass="HBEFA3/PC_G_EU4" CO2="54687.40" CO="1067.08" HC="6.21" NOx="25.39" PMx="1.38" fuel="23.51" electricity="0.00" noise="122.15" route="routebottom" type="cfm-fast" waiting="0.00" lane="bottom_1" pos="25.22" speed="14.71" angle="49.11" x="110.15" y="17.81"/>
        <vehicle id="cfm-fast_2" eclass="HBEFA3/PC_G_EU4" CO2="39574.10" CO="757.98" HC="4.43" NOx="18.26" PMx="0.98" fuel="17.01" electricity="0.00" noise="105.78" route="routebottom" type="cfm-fast" waiting="0.00" lane="bottom_0" pos="41.03" speed="14.33" angle="20.67" x="129.55" y="44.53"/>
        <vehicle id="cfm-fast_3" eclass="HBEFA3/PC_G_EU4" CO2="54681.44" CO="1066.96" HC="6.21" NOx="25.38" PMx="1.38" fuel="23.50" electricity="0.00" noise="122.15" route="routebottom" type="cfm-fast" waiting="0.00" lane="right_0" pos="6.89" speed="14.70" angle="352.02" x="130.65" y="78.46"/>
        <vehicle id="cfm-fast_4" eclass="HBEFA3/PC_G_EU4" CO2="54605.64" CO="1065.51" HC="6.20" NOx="25.35" PMx="1.38" fuel="23.47" electricity="0.00" noise="122.14" route="routeright" type="cfm-fast" waiting="0.00" lane="right_1" pos="22.72" speed="14.68" angle="323.58" x="113.03" y="106.41"/>
        <vehicle id="cfm-fast_5" eclass="HBEFA3/PC_G_EU4" CO2="33380.21" CO="632.51" HC="3.70" NOx="15.35" PMx="0.82" fuel="14.35" electricity="0.00" noise="99.28" route="routeright" type="cfm-fast" waiting="0.00" lane="right_0" pos="38.47" speed="13.98" angle="295.30" x="88.02" y="127.80"/>
        <vehicle id="cfm-slow_0" eclass="HBEFA3/PC_G_EU4" CO2="26854.45" CO="505.91" HC="2.96" NOx="12.30" PMx="0.65" fuel="11.54" electricity="0.00" noise="93.76" route="routetop" type="cfm-slow" waiting="0.00" lane="top_0" pos="3.91" speed="12.79" angle="267.51" x="55.18" y="131.75"/>
        <vehicle id="cfm-slow_1" eclass="HBEFA3/PC_G_EU4" CO2="26872.46" CO="506.28" HC="2.97" NOx="12.31" PMx="0.65" fuel="11.55" electricity="0.00" noise="93.78" route="routetop" type="cfm-slow" waiting="0.00" lane="top_0" pos="19.74" speed="12.79" angle="238.90" x="23.78" y="119.47"/>
        <vehicle id="cfm-slow_2" eclass="HBEFA3/PC_G_EU4" CO2="27028.06" CO="509.43" HC="2.98" NOx="12.38" PMx="0.66" fuel="11.62" electricity="0.00" noise="93.97" route="routetop" type="cfm-slow" waiting="0.00" lane="top_0" pos="35.58" speed="12.80" angle="210.50" x="2.00" y="93.74"/>
        <vehicle id="cfm-slow_3" eclass="HBEFA3/PC_G_EU4" CO2="28097.16" CO="531.06" HC="3.11" NOx="12.88" PMx="0.69" fuel="12.08" electricity="0.00" noise="95.25" route="routetop" type="cfm-slow" waiting="0.00" lane="left_0" pos="1.42" speed="12.85" angle="181.93" x="-4.87" y="60.52"/>
        <vehicle id="cfm-slow_4" eclass="HBEFA3/PC_G_EU4" CO2="33731.59" CO="644.53" HC="3.77" NOx="15.53" PMx="0.83" fuel="14.50" electricity="0.00" noise="101.62" route="routeleft" type="cfm-slow" waiting="0.00" lane="left_0" pos="17.32" speed="13.22" angle="153.29" x="4.98" y="28.12"/>
        <vehicle id="cfm-slow_5" eclass="HBEFA3/PC_G_EU4" CO2="56262.18" CO="1097.26" HC="6.39" NOx="26.12" PMx="1.42" fuel="24.18" electricity="0.00" noise="122.35" route="routeleft" type="cfm-slow" waiting="0.00" lane="left_0" pos="33.64" speed="15.14" angle="124.00" x="29.91" y="3.93"/>
    </timestep>
    <timestep time="1.12">
        <vehicle id="cfm-fast_0" eclass="HBEFA3/PC_G_EU4" CO2="55186.07" CO="1076.62" HC="6.27" NOx="25.62" PMx="1.39" fuel="23.72" electricity="0.00" noise="122.21" route="routebottom" type="cfm-fast" waiting="0.00" lane="bottom_0" pos="9.54" speed="14.84" angle="77.25" x="83.96" y="-1.86"/>
        <vehicle id="cfm-fast_1" eclass="HBEFA3/PC_G_EU4" CO2="55186.05" CO="1076.62" HC="6.27" NOx="25.62" PMx="1.39" fuel="23.72" electricity="0.00" noise="122.21" route="routebottom" type="cfm-fast" waiting="0.00" lane="bottom_1" pos="25.37" speed="14.84" angle="48.83" x="110.37" y="18.02"/>
        <vehicle id="cfm-fast_2" eclass="HBEFA3/PC_G_EU4" CO2="39638.65" CO="758.75" HC="4.43" NOx="18.29" PMx="0.98" fuel="17.04" electricity="0.00" noise="105.59" route="routebottom" type="cfm-fast" waiting="0.00" lane="bottom_0" pos="41.18" speed="14.43" angle="20.42" x="129.64" y="44.83"/>
        <vehicle id="cfm-fast_3" eclass="HBEFA3/PC_G_EU4" CO2="55180.08" CO="1076.50" HC="6.27" NOx="25.61" PMx="1.39" fuel="23.72" electricity="0.00" noise="122.21" route="routebottom" type="cfm-fast" waiting="0.00" lane="right_0" pos="7.03" speed="14.84" angle="351.74" x="130.58" y="78.77"/>
        <vehicle id="cfm-fast_4" eclass="HBEFA3/PC_G_EU4" CO2="55104.24" CO="1075.05" HC="6.26" NOx="25.58" PMx="1.39" fuel="23.69" electricity="0.00" noise="122.20" route="routeright" type="cfm-fast" waiting="0.00" lane="right_1" pos="22.86" speed="14.82" angle="323.31" x="112.83" y="106.64"/>
        <vehicle id="cfm-fast_5" eclass="HBEFA3/PC_G_EU4" CO2="33213.14" CO="628.57" HC="3.68" NOx="15.27" PMx="0.82" fuel="14.28" electricity="0.00" noise="98.89" route="routeright" type="cfm-fast" waiting="0.00" lane="right_0" pos="38.61" speed="14.07" angle="295.05" x="87.73" y="127.90"/>
        <vehicle id="cfm-slow_0" eclass="HBEFA3/PC_G_EU4" CO2="26775.62" CO="503.78" HC="2.95" NOx="12.26" PMx="0.65" fuel="11.51" electricity="0.00" noise="93.50" route="routetop" type="cfm-slow" waiting="0.00" lane="top_0" pos="4.04" speed="12.86" angle="267.27" x="54.91" y="131.71"/>
        <vehicle id="cfm-slow_1" eclass="HBEFA3/PC_G_EU4" CO2="26795.00" CO="504.17" HC="2.95" NOx="12.27" PMx="0.65" fuel="11.52" electricity="0.00" noise="93.52" route="routetop" type="cfm-slow" waiting="0.00" lane="top_0" pos="19.87" speed="12.86" angle="238.67" x="23.56" y="119.31"/>
        <vehicle id="cfm-slow_2" eclass="HBEFA3/PC_G_EU4" CO2="26959.81" CO="507.52" HC="2.97" NOx="12.35" PMx="0.66" fuel="11.59" electricity="0.00" noise="93.72" route="routetop" type="cfm-slow" waiting="0.00" lane="top_0" pos="35.70" speed="12.87" angle="210.26" x="1.88" y="93.49"/>
        <vehicle id="cfm-slow_3" eclass="HBEFA3/PC_G_EU4" CO2="28075.04" CO="530.08" HC="3.10" NOx="12.87" PMx="0.68" fuel="12.07" electricity="0.00" noise="95.05" route="routetop" type="cfm-slow" waiting="0.00" lane="left_0" pos="1.55" speed="12.93" angle="181.70" x="-4.85" y="60.24"/>
        <vehicle id="cfm-slow_4" eclass="HBEFA3/PC_G_EU4" CO2="33869.98" CO="646.78" HC="3.78" NOx="15.60" PMx="0.84" fuel="14.56" electricity="0.00" noise="101.55" route="routeleft" type="cfm-slow" waiting="0.00" lane="left_0" pos="17.45" speed="13.32" angle="153.04" x="5.13" y="27.88"/>
        <vehicle id="cfm-slow_5" eclass="HBEFA3/PC_G_EU4" CO2="56761.75" CO="1106.87" HC="6.44" NOx="26.35" PMx="1.43" fuel="24.40" electricity="0.00" noise="122.41" route="routeleft" type="cfm-slow" waiting="0.00" lane="left_0" pos="33.80" speed="15.27" angle="123.71" x="30.20" y="3.78"/>
    </timestep>
    <timestep time="1.13">
        <vehicle id="cfm-fast_0" eclass="HBEFA3/PC_G_EU4" CO2="55685.01" CO="1086.18" HC="6.32" NOx="25.85" PMx="1.40" fuel="23.94" electricity="0.00" noise="122.27" route="routebottom" type="cfm-fast" waiting="0.00" lane="bottom_0" pos="9.68" speed="14.98" angle="76.98" x="84.27" y="-1.77"/>
        <vehicle id="cfm-fast_1" eclass="HBEFA3/PC_G_EU4" CO2="55684.99" CO="1086.18" HC="6.32" NOx="25.85" PMx="1.40" fuel="23.94" electricity="0.00" noise="122.27" route="routebottom" type="cfm-fast" waiting="0.00" lane="bottom_1" pos="25.52" speed="14.98" angle="48.55" x="110.58" y="18.24"/>
        <vehicle id="cfm-fast_2" eclass="HBEFA3/PC_G_EU4" CO2="39704.18" CO="759.55" HC="4.44" NOx="18.32" PMx="0.99" fuel="17.07" electricity="0.00" noise="105.41" route="routebottom" type="cfm-fast" waiting="0.00" lane="bottom_0" pos="41.32" speed="14.53" angle="20.16" x="129.72" y="45.13"/>
        <vehicle id="cfm-fast_3" eclass="HBEFA3/PC_G_EU4" CO2="55679.02" CO="1086.06" HC="6.32" NOx="25.85" PMx="1.40" fuel="23.93" electricity="0.00" noise="122.27" route="routebottom" type="cfm-fast" waiting="0.00" lane="right_0" pos="7.18" speed="14.98" angle="351.46" x="130.51" y="79.08"/>
        <vehicle id="cfm-fast_4" eclass="HBEFA3/PC_G_EU4" CO2="55603.13" CO="1084.61" HC="6.31" NOx="25.81" PMx="1.40" fuel="23.90" electricity="0.00" noise="122.26" route="routeright" type="cfm-fast" waiting="0.00" lane="right_1" pos="23.01" speed="14.96" angle="323.07" x="112.64" y="106.88"/>
        <vehicle id="cfm-fast_5" eclass="HBEFA3/PC_G_EU4" CO2="33043.64" CO="624.59" HC="3.66" NOx="15.19" PMx="0.81" fuel="14.20" electricity="0.00" noise="98.50" route="routeright" type="cfm-fast" waiting="0.00" lane="right_0" pos="38.75" speed="14.15" angle="294.80" x="87.45" y="128.01"/>
        <vehicle id="cfm-slow_0" eclass="HBEFA3/PC_G_EU4" CO2="26695.07" CO="501.62" HC="2.94" NOx="12.22" PMx="0.65" fuel="11.47" electricity="0.00" noise="93.24" route="routetop" type="cfm-slow" waiting="0.00" lane="top_0" pos="4.17" speed="12.93" angle="267.04" x="54.63" y="131.67"/>
        <vehicle id="cfm-slow_1" eclass="HBEFA3/PC_G_EU4" CO2="26715.90" CO="502.04" HC="2.94" NOx="12.23" PMx="0.65" fuel="11.48" electricity="0.00" noise="93.26" route="routetop" type="cfm-slow" waiting="0.00" lane="top_0" pos="20.00" speed="12.93" angle="238.43" x="23.33" y="119.15"/>
        <vehicle id="cfm-slow_2" eclass="HBEFA3/PC_G_EU4" CO2="26890.29" CO="505.58" HC="2.96" NOx="12.31" PMx="0.65" fuel="11.56" electricity="0.00" noise="93.47" route="routetop" type="cfm-slow" waiting="0.00" lane="top_0" pos="35.83" speed="12.94" angle="210.04" x="1.75" y="93.24"/>
        <vehicle id="cfm-slow_3" eclass="HBEFA3/PC_G_EU4" CO2="28052.78" CO="529.10" HC="3.10" NOx="12.86" PMx="0.68" fuel="12.06" electricity="0.00" noise="94.85" route="routetop" type="cfm-slow" waiting="0.00" lane="left_0" pos="1.68" speed="13.00" angle="181.47" x="-4.84" y="59.96"/>
        <vehicle id="cfm-slow_4" eclass="HBEFA3/PC_G_EU4" CO2="34009.75" CO="649.07" HC="3.79" NOx="15.66" PMx="0.84" fuel="14.62" electricity="0.00" noise="101.49" route="routeleft" type="cfm-slow" waiting="0.00" lane="left_0" pos="17.59" speed="13.41" angle="152.80" x="5.28" y="27.63"/>
        <vehicle id="cfm-slow_5" eclass="HBEFA3/PC_G_EU4" CO2="57261.61" CO="1116.49" HC="6.50" NOx="26.58" PMx="1.44" fuel="24.61" electricity="0.00" noise="122.47" route="routeleft" type="cfm-slow" waiting="0.00" lane="left_0" pos="33.95" speed="15.41" angle="123.43" x="30.49" y="3.62"/>
    </timestep>
    <timestep time="1.14">
        <vehicle id="cfm-fast_0" eclass="HBEFA3/PC_G_EU4" CO2="56184.24" CO="1095.76" HC="6.38" NOx="26.08" PMx="1.42" fuel="24.15" electricity="0.00" noise="122.34" route="routebottom" type="cfm-fast" waiting="0.00" lane="bottom_0" pos="9.84" speed="15.12" angle="76.70" x="84.58" y="-1.67"/>
        <vehicle id="cfm-fast_1" eclass="HBEFA3/PC_G_EU4" CO2="56184.22" CO="1095.76" HC="6.38" NOx="26.08" PMx="1.42" fuel="24.15" electricity="0.00" noise="122.34" route="routebottom" type="cfm-fast" waiting="0.00" lane="bottom_1" pos="25.67" speed="15.12" angle="48.33" x="110.80" y="18.46"/>
        <vehicle id="cfm-fast_2" eclass="HBEFA3/PC_G_EU4" CO2="39770.76" CO="760.39" HC="4.44" NOx="18.35" PMx="0.99" fuel="17.10" electricity="0.00" noise="105.23" route="routebottom" type="cfm-fast" waiting="0.00" lane="bottom_0" pos="41.47" speed="14.63" angle="19.89" x="129.80" y="45.44"/>
        <vehicle id="cfm-fast_3" eclass="HBEFA3/PC_G_EU4" CO2="56178.25" CO="1095.65" HC="6.38" NOx="26.08" PMx="1.42" fuel="24.15" electricity="0.00" noise="122.33" route="routebottom" type="cfm-fast" waiting="0.00" lane="right_0" pos="7.34" speed="15.11" angle="351.18" x="130.44" y="79.40"/>
        <vehicle id="cfm-fast_4" eclass="HBEFA3/PC_G_EU4" CO2="56102.31" CO="1094.19" HC="6.37" NOx="26.04" PMx="1.41" fuel="24.12" electricity="0.00" noise="122.33" route="routeright" type="cfm-fast" waiting="0.00" lane="right_1" pos="23.16" speed="15.09" angle="322.83" x="112.43" y="107.11"/>
        <vehicle id="cfm-fast_5" eclass="HBEFA3/PC_G_EU4" CO2="32871.84" CO="620.57" HC="3.64" NOx="15.10" PMx="0.81" fuel="14.13" electricity="0.00" noise="98.11" route="routeright" type="cfm-fast" waiting="0.00" lane="right_0" pos="38.90" speed="14.23" angle="294.54" x="87.16" y="128.11"/>
        <vehicle id="cfm-slow_0" eclass="HBEFA3/PC_G_EU4" CO2="26612.88" CO="499.44" HC="2.93" NOx="12.18" PMx="0.65" fuel="11.44" electricity="0.00" noise="92.98" route="routetop" type="cfm-slow" waiting="0.00" lane="top_0" pos="4.30" speed="13.01" angle="266.81" x="54.36" y="131.63"/>
        <vehicle id="cfm-slow_1" eclass="HBEFA3/PC_G_EU4" CO2="26635.24" CO="499.89" HC="2.93" NOx="12.19" PMx="0.65" fuel="11.45" electricity="0.00" noise="93.01" route="routetop" type="cfm-slow" waiting="0.00" lane="top_0" pos="20.13" speed="13.01" angle="238.20" x="23.10" y="118.98"/>
        <vehicle id="cfm-slow_2" eclass="HBEFA3/PC_G_EU4" CO2="26819.58" CO="503.63" HC="2.95" NOx="12.28" PMx="0.65" fuel="11.53" electricity="0.00" noise="93.23" route="routetop" type="cfm-slow" waiting="0.00" lane="top_0" pos="35.96" speed="13.01" angle="209.84" x="1.63" y="92.99"/>
        <vehicle id="cfm-slow_3" eclass="HBEFA3/PC_G_EU4" CO2="28030.45" CO="528.13" HC="3.09" NOx="12.85" PMx="0.68" fuel="12.05" electricity="0.00" noise="94.66" route="routetop" type="cfm-slow" waiting="0.00" lane="left_0" pos="1.81" speed="13.08" angle="181.23" x="-4.82" y="59.68"/>
        <vehicle id="cfm-slow_4" eclass="HBEFA3/PC_G_EU4" CO2="34150.95" CO="651.39" HC="3.81" NOx="15.72" PMx="0.84" fuel="14.68" electricity="0.00" noise="101.43" route="routeleft" type="cfm-slow" waiting="0.00" lane="left_0" pos="17.72" speed="13.50" angle="152.55" x="5.43" y="27.38"/>
        <vehicle id="cfm-slow_5" eclass="HBEFA3/PC_G_EU4" CO2="57373.95" CO="1118.16" HC="6.51" NOx="26.63" PMx="1.45" fuel="24.66" electricity="0.00" noise="122.11" route="routeleft" type="cfm-slow" waiting="0.00" lane="left_0" pos="34.11" speed="15.54" angle="123.15" x="30.78" y="3.45"/>
    </timestep>
    <timestep time="1.15">
        <vehicle id="cfm-fast_0" eclass="HBEFA3/PC_G_EU4" CO2="56683.76" CO="1105.36" HC="6.44" NOx="26.31" PMx="1.43" fuel="24.37" electricity="0.00" noise="122.40" route="routebottom" type="cfm-fast" waiting="0.00" lane="bottom_0" pos="9.99" speed="15.25" angle="76.42" x="84.90" y="-1.58"/>
        <vehicle id="cfm-fast_1" eclass="HBEFA3/PC_G_EU4" CO2="56683.75" CO="1105.36" HC="6.44" NOx="26.31" PMx="1.43" fuel="24.37" electricity="0.00" noise="122.40" route="routebottom" type="cfm-fast" waiting="0.00" lane="bottom_1" pos="25.82" speed="15.25" angle="48.05" x="111.01" y="18.69"/>
        <vehicle id="cfm-fast_2" eclass="HBEFA3/PC_G_EU4" CO2="39838.46" CO="761.25" HC="4.45" NOx="18.38" PMx="0.99" fuel="17.12" electricity="0.00" noise="105.05" route="routebottom" type="cfm-fast" waiting="0.00" lane="bottom_0" pos="41.61" speed="14.73" angle="19.62" x="129.88" y="45.74"/>
        <vehicle id="cfm-fast_3" eclass="HBEFA3/PC_G_EU4" CO2="56677.77" CO="1105.25" HC="6.44" NOx="26.31" PMx="1.43" fuel="24.36" electricity="0.00" noise="122.40" route="routebottom" type="cfm-fast" waiting="0.00" lane="right_0" pos="7.49" speed="15.25" angle="350.89" x="130.36" y="79.72"/>
        <vehicle id="cfm-fast_4" eclass="HBEFA3/PC_G_EU4" CO2="56601.79" CO="1103.79" HC="6.43" NOx="26.28" PMx="1.43" fuel="24.33" electricity="0.00" noise="122.39" route="routeright" type="cfm-fast" waiting="0.00" lane="right_1" pos="23.32" speed="15.23" angle="322.55" x="112.22" y="107.34"/>
        <vehicle id="cfm-fast_5" eclass="HBEFA3/PC_G_EU4" CO2="32697.86" CO="616.52" HC="3.61" NOx="15.02" PMx="0.80" fuel="14.06" electricity="0.00" noise="97.73" route="routeright" type="cfm-fast" waiting="0.00" lane="right_0" pos="39.04" speed="14.31" angle="294.28" x="86.87" y="128.22"/>
        <vehicle id="cfm-slow_0" eclass="HBEFA3/PC_G_EU4" CO2="26529.10" CO="497.23" HC="2.92" NOx="12.14" PMx="0.64" fuel="11.40" electricity="0.00" noise="92.72" route="routetop" type="cfm-slow" waiting="0.00" lane="top_0" pos="4.43" speed="13.08" angle="266.57" x="54.08" y="131.59"/>
        <vehicle id="cfm-slow_1" eclass="HBEFA3/PC_G_EU4" CO2="26553.07" CO="497.72" HC="2.92" NOx="12.15" PMx="0.64" fuel="11.41" electricity="0.00" noise="92.75" route="routetop" type="cfm-slow" waiting="0.00" lane="top_0" pos="20.26" speed="13.08" angle="237.96" x="22.88" y="118.82"/>
        <vehicle id="cfm-slow_2" eclass="HBEFA3/PC_G_EU4" CO2="26747.76" CO="501.67" HC="2.94" NOx="12.24" PMx="0.65" fuel="11.50" electricity="0.00" noise="92.99" route="routetop" type="cfm-slow" waiting="0.00" lane="top_0" pos="36.10" speed="13.09" angle="209.59" x="1.52" y="92.73"/>
        <vehicle id="cfm-slow_3" eclass="HBEFA3/PC_G_EU4" CO2="28008.12" CO="527.16" HC="3.09" NOx="12.83" PMx="0.68" fuel="12.04" electricity="0.00" noise="94.47" route="routetop" type="cfm-slow" waiting="0.00" lane="left_0" pos="1.94" speed="13.15" angle="181.00" x="-4.80" y="59.40"/>
        <vehicle id="cfm-slow_4" eclass="HBEFA3/PC_G_EU4" CO2="34290.50" CO="653.69" HC="3.82" NOx="15.79" PMx="0.85" fuel="14.74" electricity="0.00" noise="101.37" route="routeleft" type="cfm-slow" waiting="0.00" lane="left_0" pos="17.86" speed="13.59" angle="152.33" x="5.58" y="27.13"/>
        <vehicle id="cfm-slow_5" eclass="HBEFA3/PC_G_EU4" CO2="57347.42" CO="1117.00" HC="6.51" NOx="26.62" PMx="1.45" fuel="24.65" electricity="0.00" noise="121.62" route="routeleft" type="cfm-slow" waiting="0.00" lane="left_0" pos="34.26" speed="15.68" angle="122.86" x="31.08" y="3.29"/>
    </timestep>
    <timestep time="1.16">
        <vehicle id="cfm-fast_0" eclass="HBEFA3/PC_G_EU4" CO2="57183.58" CO="1114.99" HC="6.49" NOx="26.55" PMx="1.44" fuel="24.58" electricity="0.00" noise="122.46" route="routebottom" type="cfm-fast" waiting="0.00" lane="bottom_0" pos="10.14" speed="15.39" angle="76.16" x="85.21" y="-1.48"/>
        <vehicle id="cfm-fast_1" eclass="HBEFA3/PC_G_EU4" CO2="57183.56" CO="1114.99" HC="6.49" NOx="26.55" PMx="1.44" fuel="24.58" electricity="0.00" noise="122.46" route="routebottom" type="cfm-fast" waiting="0.00" lane="bottom_1" pos="25.98" speed="15.39" angle="47.77" x="111.23" y="18.92"/>
        <vehicle id="cfm-fast_2" eclass="HBEFA3/PC_G_EU4" CO2="39907.38" CO="762.15" HC="4.46" NOx="18.41" PMx="0.99" fuel="17.15" electricity="0.00" noise="104.88" route="routebottom" type="cfm-fast" waiting="0.00" lane="bottom_0" pos="41.76" speed="14.82" angle="19.35" x="129.96" y="46.05"/>
        <vehicle id="cfm-fast_3" eclass="HBEFA3/PC_G_EU4" CO2="57177.58" CO="1114.87" HC="6.49" NOx="26.54" PMx="1.44" fuel="24.58" electricity="0.00" noise="122.46" route="routebottom" type="cfm-fast" waiting="0.00" lane="right_0" pos="7.64" speed="15.39" angle="350.67" x="130.29" y="80.04"/>
        <vehicle id="cfm-fast_4" eclass="HBEFA3/PC_G_EU4" CO2="57101.56" CO="1113.41" HC="6.48" NOx="26.51" PMx="1.44" fuel="24.55" electricity="0.00" noise="122.45" route="routeright" type="cfm-fast" waiting="0.00" lane="right_1" pos="23.47" speed="15.37" angle="322.27" x="112.00" y="107.57"/>
        <vehicle id="cfm-fast_5" eclass="HBEFA3/PC_G_EU4" CO2="32521.82" CO="612.44" HC="3.59" NOx="14.93" PMx="0.80" fuel="13.98" electricity="0.00" noise="97.35" route="routeright" type="cfm-fast" waiting="0.00" lane="right_0" pos="39.18" speed="14.40" angle="294.02" x="86.58" y="128.32"/>
        <vehicle id="cfm-slow_0" eclass="HBEFA3/PC_G_EU4" CO2="26443.79" CO="495.00" HC="2.90" NOx="12.10" PMx="0.64" fuel="11.37" electricity="0.00" noise="92.47" route="routetop" type="cfm-slow" waiting="0.00" lane="top_0" pos="4.56" speed="13.15" angle="266.33" x="53.80" y="131.55"/>
        <vehicle id="cfm-slow_1" eclass="HBEFA3/PC_G_EU4" CO2="26469.45" CO="495.52" HC="2.91" NOx="12.11" PMx="0.64" fuel="11.38" electricity="0.00" noise="92.50" route="routetop" type="cfm-slow" waiting="0.00" lane="top_0" pos="20.39" speed="13.15" angle="237.73" x="22.65" y="118.65"/>
        <vehicle id="cfm-slow_2" eclass="HBEFA3/PC_G_EU4" CO2="26674.88" CO="499.69" HC="2.93" NOx="12.21" PMx="0.65" fuel="11.47" electricity="0.00" noise="92.75" route="routetop" type="cfm-slow" waiting="0.00" lane="top_0" pos="36.23" speed="13.16" angle="209.35" x="1.40" y="92.47"/>
        <vehicle id="cfm-slow_3" eclass="HBEFA3/PC_G_EU4" CO2="27985.83" CO="526.21" HC="3.08" NOx="12.82" PMx="0.68" fuel="12.03" electricity="0.00" noise="94.28" route="routetop" type="cfm-slow" waiting="0.00" lane="left_0" pos="2.07" speed="13.23" angle="180.76" x="-4.79" y="59.12"/>
        <vehicle id="cfm-slow_4" eclass="HBEFA3/PC_G_EU4" CO2="34427.36" CO="655.94" HC="3.84" NOx="15.85" PMx="0.85" fuel="14.80" electricity="0.00" noise="101.31" route="routeleft" type="cfm-slow" waiting="0.00" lane="left_0" pos="18.00" speed="13.68" angle="152.12" x="5.74" y="26.88"/>
        <vehicle id="cfm-slow_5" eclass="HBEFA3/PC_G_EU4" CO2="57317.44" CO="1115.78" HC="6.50" NOx="26.60" PMx="1.45" fuel="24.64" electricity="0.00" noise="121.14" route="routeleft" type="cfm-slow" waiting="0.00" lane="left_0" pos="34.42" speed="15.81" angle="122.57" x="31.38" y="3.13"/>
    </timestep>
    <timestep time="1.17">
        <vehicle id="cfm-fast_0" eclass="HBEFA3/PC_G_EU4" CO2="57683.68" CO="1124.64" HC="6.55" NOx="26.78" PMx="1.46" fuel="24.80" electricity="0.00" noise="122.52" route="routebottom" type="cfm-fast" waiting="0.00" lane="bottom_0" pos="10.30" speed="15.52" angle="75.92" x="85.53" y="-1.37"/>
        <vehicle id="cfm-fast_1" eclass="HBEFA3/PC_G_EU4" CO2="57683.67" CO="1124.64" HC="6.55" NOx="26.78" PMx="1.46" fuel="24.80" electricity="0.00" noise="122.52" route="routebottom" type="cfm-fast" waiting="0.00" lane="bottom_1" pos="26.13" speed="15.52" angle="47.49" x="111.44" y="19.16"/>
        <vehicle id="cfm-fast_2" eclass="HBEFA3/PC_G_EU4" CO2="39977.57" CO="763.09" HC="4.46" NOx="18.44" PMx="0.99" fuel="17.18" electricity="0.00" noise="104.72" route="routebottom" type="cfm-fast" waiting="0.00" lane="bottom_0" pos="41.91" speed="14.92" angle="19.08" x="130.05" y="46.36"/>
        <vehicle id="cfm-fast_3" eclass="HBEFA3/PC_G_EU4" CO2="57677.68" CO="1124.52" HC="6.55" NOx="26.78" PMx="1.46" fuel="24.79" electricity="0.00" noise="122.52" route="routebottom" type="cfm-fast" waiting="0.00" lane="right_0" pos="7.80" speed="15.52" angle="350.39" x="130.21" y="80.37"/>
        <vehicle id="cfm-fast_4" eclass="HBEFA3/PC_G_EU4" CO2="57601.62" CO="1123.05" HC="6.54" NOx="26.74" PMx="1.45" fuel="24.76" electricity="0.00" noise="122.51" route="routeright" type="cfm-fast" waiting="0.00" lane="right_1" pos="23.63" speed="15.50" angle="321.99" x="111.79" y="107.80"/>
        <vehicle id="cfm-fast_5" eclass="HBEFA3/PC_G_EU4" CO2="32343.82" CO="608.33" HC="3.57" NOx="14.85" PMx="0.79" fuel="13.90" electricity="0.00" noise="96.97" route="routeright" type="cfm-fast" waiting="0.00" lane="right_0" pos="39.33" speed="14.47" angle="293.76" x="86.29" y="128.43"/>
        <vehicle id="cfm-slow_0" eclass="HBEFA3/PC_G_EU4" CO2="26357.01" CO="492.75" HC="2.89" NOx="12.05" PMx="0.64" fuel="11.33" electricity="0.00" noise="92.22" route="routetop" type="cfm-slow" waiting="0.00" lane="top_0" pos="4.69" speed="13.22" angle="266.09" x="53.52" y="131.51"/>
        <vehicle id="cfm-slow_1" eclass="HBEFA3/PC_G_EU4" CO2="26384.46" CO="493.31" HC="2.90" NOx="12.07" PMx="0.64" fuel="11.34" electricity="0.00" noise="92.25" route="routetop" type="cfm-slow" waiting="0.00" lane="top_0" pos="20.52" speed="13.22" angle="237.54" x="22.42" y="118.48"/>
        <vehicle id="cfm-slow_2" eclass="HBEFA3/PC_G_EU4" CO2="26601.03" CO="497.70" HC="2.92" NOx="12.17" PMx="0.65" fuel="11.43" electricity="0.00" noise="92.51" route="routetop" type="cfm-slow" waiting="0.00" lane="top_0" pos="36.36" speed="13.23" angle="209.10" x="1.28" y="92.21"/>
        <vehicle id="cfm-slow_3" eclass="HBEFA3/PC_G_EU4" CO2="27963.61" CO="525.26" HC="3.08" NOx="12.81" PMx="0.68" fuel="12.02" electricity="0.00" noise="94.09" route="routetop" type="cfm-slow" waiting="0.00" lane="left_0" pos="2.20" speed="13.30" angle="180.52" x="-4.77" y="58.83"/>
        <vehicle id="cfm-slow_4" eclass="HBEFA3/PC_G_EU4" CO2="34561.55" CO="658.15" HC="3.85" NOx="15.91" PMx="0.85" fuel="14.86" electricity="0.00" noise="101.25" route="routeleft" type="cfm-slow" waiting="0.00" lane="left_0" pos="18.13" speed="13.77" angle="151.86" x="5.90" y="26.63"/>
        <vehicle id="cfm-slow_5" eclass="HBEFA3/PC_G_EU4" CO2="57284.33" CO="1114.52" HC="6.49" NOx="26.58" PMx="1.44" fuel="24.62" electricity="0.00" noise="120.66" route="routeleft" type="cfm-slow" waiting="0.00" lane="left_0" pos="34.58" speed="15.94" angle="122.31" x="31.68" y="2.96"/>
    </timestep>
    <timestep time="1.18">
        <vehicle id="cfm-fast_0" eclass="HBEFA3/PC_G_EU4" CO2="58184.08" CO="1134.31" HC="6.61" NOx="27.01" PMx="1.47" fuel="25.01" electricity="0.00" noise="122.59" route="routebottom" type="cfm-fast" waiting="0.00" lane="bottom_0" pos="10.45" speed="15.66" angle="75.63" x="85.85" y="-1.26"/>
        <vehicle id="cfm-fast_1" eclass="HBEFA3/PC_G_EU4" CO2="58184.07" CO="1134.31" HC="6.61" NOx="27.01" PMx="1.47" fuel="25.01" electricity="0.00" noise="122.59" route="routebottom" type="cfm-fast" waiting="0.00" lane="bottom_1" pos="26.29" speed="15.66" angle="47.20" x="111.66" y="19.39"/>
        <vehicle id="cfm-fast_2" eclass="HBEFA3/PC_G_EU4" CO2="40049.11" CO="764.07" HC="4.47" NOx="18.47" PMx="1.00" fuel="17.22" electricity="0.00" noise="104.56" route="routebottom" type="cfm-fast" waiting="0.00" lane="bottom_0" pos="42.06" speed="15.02" angle="18.80" x="130.13" y="46.67"/>
        <vehicle id="cfm-fast_3" eclass="HBEFA3/PC_G_EU4" CO2="58178.08" CO="1134.19" HC="6.60" NOx="27.01" PMx="1.47" fuel="25.01" electricity="0.00" noise="122.58" route="routebottom" type="cfm-fast" waiting="0.00" lane="right_0" pos="7.95" speed="15.66" angle="350.10" x="130.12" y="80.69"/>
        <vehicle id="cfm-fast_4" eclass="HBEFA3/PC_G_EU4" CO2="58101.97" CO="1132.72" HC="6.60" NOx="26.97" PMx="1.47" fuel="24.98" electricity="0.00" noise="122.58" route="routeright" type="cfm-fast" waiting="0.00" lane="right_1" pos="23.78" speed="15.64" angle="321.70" x="111.57" y="108.04"/>
        <vehicle id="cfm-fast_5" eclass="HBEFA3/PC_G_EU4" CO2="32163.99" CO="604.19" HC="3.54" NOx="14.76" PMx="0.79" fuel="13.83" electricity="0.00" noise="96.60" route="routeright" type="cfm-fast" waiting="0.00" lane="right_0" pos="39.47" speed="14.55" angle="293.50" x="85.99" y="128.54"/>
        <vehicle id="cfm-slow_0" eclass="HBEFA3/PC_G_EU4" CO2="26268.81" CO="490.47" HC="2.88" NOx="12.01" PMx="0.64" fuel="11.29" electricity="0.00" noise="91.97" route="routetop" type="cfm-slow" waiting="0.00" lane="top_0" pos="4.82" speed="13.29" angle="265.85" x="53.23" y="131.47"/>
        <vehicle id="cfm-slow_1" eclass="HBEFA3/PC_G_EU4" CO2="26298.13" CO="491.07" HC="2.88" NOx="12.02" PMx="0.64" fuel="11.30" electricity="0.00" noise="92.01" route="routetop" type="cfm-slow" waiting="0.00" lane="top_0" pos="20.66" speed="13.29" angle="237.29" x="22.19" y="118.31"/>
        <vehicle id="cfm-slow_2" eclass="HBEFA3/PC_G_EU4" CO2="26526.25" CO="495.70" HC="2.91" NOx="12.13" PMx="0.64" fuel="11.40" electricity="0.00" noise="92.28" route="routetop" type="cfm-slow" waiting="0.00" lane="top_0" pos="36.49" speed="13.30" angle="208.85" x="1.17" y="91.95"/>
        <vehicle id="cfm-slow_3" eclass="HBEFA3/PC_G_EU4" CO2="27941.49" CO="524.33" HC="3.08" NOx="12.80" PMx="0.68" fuel="12.01" electricity="0.00" noise="93.91" route="routetop" type="cfm-slow" waiting="0.00" lane="left_0" pos="2.34" speed="13.38" angle="180.28" x="-4.75" y="58.54"/>
        <vehicle id="cfm-slow_4" eclass="HBEFA3/PC_G_EU4" CO2="34693.13" CO="660.31" HC="3.86" NOx="15.97" PMx="0.86" fuel="14.91" electricity="0.00" noise="101.18" route="routeleft" type="cfm-slow" waiting="0.00" lane="left_0" pos="18.27" speed="13.86" angle="151.60" x="6.07" y="26.39"/>
        <vehicle id="cfm-slow_5" eclass="HBEFA3/PC_G_EU4" CO2="57248.39" CO="1113.22" HC="6.49" NOx="26.56" PMx="1.44" fuel="24.61" electricity="0.00" noise="120.20" route="routeleft" type="cfm-slow" waiting="0.00" lane="left_0" pos="34.74" speed="16.07" angle="122.04" x="31.98" y="2.80"/>
    </timestep>
    <timestep time="1.19">
        <vehicle id="cfm-fast_0" eclass="HBEFA3/PC_G_EU4" CO2="58684.77" CO="1144.00" HC="6.66" NOx="27.24" PMx="1.48" fuel="25.23" electricity="0.00" noise="122.65" route="routebottom" type="cfm-fast" waiting="0.00" lane="bottom_0" pos="10.61" speed="15.80" angle="75.33" x="86.17" y="-1.14"/>
        <vehicle id="cfm-fast_1" eclass="HBEFA3/PC_G_EU4" CO2="58684.76" CO="1144.00" HC="6.66" NOx="27.24" PMx="1.48" fuel="25.23" electricity="0.00" noise="122.65" route="routebottom" type="cfm-fast" waiting="0.00" lane="bottom_1" pos="26.45" speed="15.80" angle="46.91" x="111.88" y="19.63"/>
        <vehicle id="cfm-fast_2" eclass="HBEFA3/PC_G_EU4" CO2="40122.06" CO="765.09" HC="4.47" NOx="18.50" PMx="1.00" fuel="17.25" electricity="0.00" noise="104.41" route="routebottom" type="cfm-fast" waiting="0.00" lane="bottom_0" pos="42.21" speed="15.11" angle="18.53" x="130.21" y="46.99"/>
        <vehicle id="cfm-fast_3" eclass="HBEFA3/PC_G_EU4" CO2="58678.77" CO="1143.88" HC="6.66" NOx="27.24" PMx="1.48" fuel="25.22" electricity="0.00" noise="122.65" route="routebottom" type="cfm-fast" waiting="0.00" lane="right_0" pos="8.11" speed="15.80" angle="349.81" x="130.03" y="81.02"/>
        <vehicle id="cfm-fast_4" eclass="HBEFA3/PC_G_EU4" CO2="58602.61" CO="1142.41" HC="6.65" NOx="27.21" PMx="1.48" fuel="25.19" electricity="0.00" noise="122.64" route="routeright" type="cfm-fast" waiting="0.00" lane="right_1" pos="23.94" speed="15.77" angle="321.41" x="111.35" y="108.27"/>
        <vehicle id="cfm-fast_5" eclass="HBEFA3/PC_G_EU4" CO2="31982.41" CO="600.03" HC="3.52" NOx="14.67" PMx="0.78" fuel="13.75" electricity="0.00" noise="96.24" route="routeright" type="cfm-fast" waiting="0.00" lane="right_0" pos="39.62" speed="14.63" angle="293.23" x="85.70" y="128.64"/>
        <vehicle id="cfm-slow_0" eclass="HBEFA3/PC_G_EU4" CO2="26179.24" CO="488.18" HC="2.87" NOx="11.97" PMx="0.63" fuel="11.25" electricity="0.00" noise="91.73" route="routetop" type="cfm-slow" waiting="0.00" lane="top_0" pos="4.96" speed="13.36" angle="265.61" x="52.95" y="131.43"/>
        <vehicle id="cfm-slow_1" eclass="HBEFA3/PC_G_EU4" CO2="26210.54" CO="488.82" HC="2.87" NOx="11.98" PMx="0.64" fuel="11.27" electricity="0.00" noise="91.77" route="routetop" type="cfm-slow" waiting="0.00" lane="top_0" pos="20.79" speed="13.36" angle="237.05" x="21.97" y="118.13"/>
        <vehicle id="cfm-slow_2" eclass="HBEFA3/PC_G_EU4" CO2="26450.62" CO="493.69" HC="2.90" NOx="12.09" PMx="0.64" fuel="11.37" electricity="0.00" noise="92.05" route="routetop" type="cfm-slow" waiting="0.00" lane="top_0" pos="36.63" speed="13.37" angle="208.60" x="1.05" y="91.69"/>
        <vehicle id="cfm-slow_3" eclass="HBEFA3/PC_G_EU4" CO2="27919.48" CO="523.40" HC="3.07" NOx="12.79" PMx="0.68" fuel="12.00" electricity="0.00" noise="93.73" route="routetop" type="cfm-slow" waiting="0.00" lane="left_0" pos="2.47" speed="13.45" angle="180.04" x="-4.74" y="58.25"/>
        <vehicle id="cfm-slow_4" eclass="HBEFA3/PC_G_EU4" CO2="34822.11" CO="662.42" HC="3.88" NOx="16.03" PMx="0.86" fuel="14.97" electricity="0.00" noise="101.12" route="routeleft" type="cfm-slow" waiting="0.00" lane="left_0" pos="18.41" speed="13.95" angle="151.34" x="6.23" y="26.14"/>
        <vehicle id="cfm-slow_5" eclass="HBEFA3/PC_G_EU4" CO2="57209.88" CO="1111.88" HC="6.48" NOx="26.54" PMx="1.44" fuel="24.59" electricity="0.00" noise="119.74" route="routeleft" type="cfm-slow" waiting="0.00" lane="left_0" pos="34.90" speed="16.20" angle="121.74" x="32.30" y="2.65"/>
    </timestep>
    <timestep time="1.20">
        <vehicle id="cfm-fast_0" eclass="HBEFA3/PC_G_EU4" CO2="59185.76" CO="1153.71" HC="6.72" NOx="27.48" PMx="1.49" fuel="25.44" electricity="0.00" noise="122.71" route="routebottom" type="cfm-fast" waiting="0.00" lane="bottom_0" pos="10.77" speed="15.93" angle="75.03" x="86.49" y="-1.03"/>
        <vehicle id="cfm-fast_1" eclass="HBEFA3/PC_G_EU4" CO2="59185.74" CO="1153.71" HC="6.72" NOx="27.48" PMx="1.49" fuel="25.44" electricity="0.00" noise="122.71" route="routebottom" type="cfm-fast" waiting="0.00" lane="bottom_1" pos="26.61" speed="15.93" angle="46.62" x="112.10" y="19.87"/>
        <vehicle id="cfm-fast_2" eclass="HBEFA3/PC_G_EU4" CO2="40196.49" CO="766.14" HC="4.48" NOx="18.54" PMx="1.00" fuel="17.28" electricity="0.00" noise="104.26" route="routebottom" type="cfm-fast" waiting="0.00" lane="bottom_0" pos="42.37" speed="15.21" angle="18.31" x="130.29" y="47.30"/>
        <vehicle id="cfm-fast_3" eclass="HBEFA3/PC_G_EU4" CO2="59179.75" CO="1153.59" HC="6.72" NOx="27.47" PMx="1.49" fuel="25.44" electricity="0.00" noise="122.71" route="routebottom" type="cfm-fast" waiting="0.00" lane="right_0" pos="8.27" speed="15.93" angle="349.52" x="129.94" y="81.35"/>
        <vehicle id="cfm-fast_4" eclass="HBEFA3/PC_G_EU4" CO2="59103.55" CO="1152.11" HC="6.71" NOx="27.44" PMx="1.49" fuel="25.41" electricity="0.00" noise="122.70" route="routeright" type="cfm-fast" waiting="0.00" lane="right_1" pos="24.10" speed="15.91" angle="321.12" x="111.13" y="108.51"/>
        <vehicle id="cfm-fast_5" eclass="HBEFA3/PC_G_EU4" CO2="31799.21" CO="595.84" HC="3.50" NOx="14.58" PMx="0.78" fuel="13.67" electricity="0.00" noise="95.88" route="routeright" type="cfm-fast" waiting="0.00" lane="right_0" pos="39.77" speed="14.71" angle="293.03" x="85.40" y="128.75"/>
        <vehicle id="cfm-slow_0" eclass="HBEFA3/PC_G_EU4" CO2="26088.36" CO="485.87" HC="2.85" NOx="11.92" PMx="0.63" fuel="11.21" electricity="0.00" noise="91.49" route="routetop" type="cfm-slow" waiting="0.00" lane="top_0" pos="5.09" speed="13.42" angle="265.32" x="52.66" y="131.39"/>
        <vehicle id="cfm-slow_1" eclass="HBEFA3/PC_G_EU4" CO2="26121.74" CO="486.55" HC="2.86" NOx="11.94" PMx="0.63" fuel="11.23" electricity="0.00" noise="91.53" route="routetop" type="cfm-slow" waiting="0.00" lane="top_0" pos="20.93" speed="13.42" angle="236.80" x="21.74" y="117.95"/>
        <vehicle id="cfm-slow_2" eclass="HBEFA3/PC_G_EU4" CO2="26374.19" CO="491.67" HC="2.89" NOx="12.06" PMx="0.64" fuel="11.34" electricity="0.00" noise="91.82" route="routetop" type="cfm-slow" waiting="0.00" lane="top_0" pos="36.76" speed="13.44" angle="208.35" x="0.93" y="91.42"/>
        <vehicle id="cfm-slow_3" eclass="HBEFA3/PC_G_EU4" CO2="27897.63" CO="522.49" HC="3.07" NOx="12.77" PMx="0.68" fuel="11.99" electricity="0.00" noise="93.56" route="routetop" type="cfm-slow" waiting="0.00" lane="left_0" pos="2.61" speed="13.52" angle="179.82" x="-4.71" y="57.96"/>
        <vehicle id="cfm-slow_4" eclass="HBEFA3/PC_G_EU4" CO2="34948.55" CO="664.49" HC="3.89" NOx="16.09" PMx="0.86" fuel="15.02" electricity="0.00" noise="101.05" route="routeleft" type="cfm-slow" waiting="0.00" lane="left_0" pos="18.55" speed="14.04" angle="151.08" x="6.40" y="25.88"/>
        <vehicle id="cfm-slow_5" eclass="HBEFA3/PC_G_EU4" CO2="57169.09" CO="1110.52" HC="6.47" NOx="26.52" PMx="1.44" fuel="24.57" electricity="0.00" noise="119.30" route="routeleft" type="cfm-slow" waiting="0.00" lane="left_0" pos="35.07" speed="16.33" angle="121.43" x="32.61" y="2.49"/>
    </timestep>
    <timestep time="1.21">
        <vehicle id="cfm-fast_0" eclass="HBEFA3/PC_G_EU4" CO2="59687.03" CO="1163.44" HC="6.78" NOx="27.71" PMx="1.51" fuel="25.66" electricity="0.00" noise="122.77" route="routebottom" type="cfm-fast" waiting="0.00" lane="bottom_0" pos="10.93" speed="16.07" angle="74.73" x="86.82" y="-0.91"/>
        <vehicle id="cfm-fast_1" eclass="HBEFA3/PC_G_EU4" CO2="59687.02" CO="1163.44" HC="6.78" NOx="27.71" PMx="1.51" fuel="25.66" electricity="0.00" noise="122.77" route="routebottom" type="cfm-fast" waiting="0.00" lane="bottom_1" pos="26.77" speed="16.07" angle="46.33" x="112.33" y="20.11"/>
        <vehicle id="cfm-fast_2" eclass="HBEFA3/PC_G_EU4" CO2="40272.46" CO="767.24" HC="4.49" NOx="18.57" PMx="1.00" fuel="17.31" electricity="0.00" noise="104.11" route="routebottom" type="cfm-fast" waiting="0.00" lane="bottom_0" pos="42.52" speed="15.30" angle="18.03" x="130.37" y="47.62"/>
        <vehicle id="cfm-fast_3" eclass="HBEFA3/PC_G_EU4" CO2="59681.02" CO="1163.32" HC="6.77" NOx="27.71" PMx="1.51" fuel="25.65" electricity="0.00" noise="122.77" route="routebottom" type="cfm-fast" waiting="0.00" lane="right_0" pos="8.43" speed="16.07" angle="349.23" x="129.85" y="81.68"/>
        <vehicle id="cfm-fast_4" eclass="HBEFA3/PC_G_EU4" CO2="59604.77" CO="1161.84" HC="6.77" NOx="27.67" PMx="1.51" fuel="25.62" electricity="0.00" noise="122.76" route="routeright" type="cfm-fast" waiting="0.00" lane="right_1" pos="24.26" speed="16.05" angle="320.84" x="110.90" y="108.75"/>
        <vehicle id="cfm-fast_5" eclass="HBEFA3/PC_G_EU4" CO2="31614.47" CO="591.63" HC="3.47" NOx="14.50" PMx="0.78" fuel="13.59" electricity="0.00" noise="95.52" route="routeright" type="cfm-fast" waiting="0.00" lane="right_0" pos="39.92" speed="14.78" angle="292.75" x="85.09" y="128.84"/>
        <vehicle id="cfm-slow_0" eclass="HBEFA3/PC_G_EU4" CO2="25996.22" CO="483.54" HC="2.84" NOx="11.88" PMx="0.63" fuel="11.17" electricity="0.00" noise="91.25" route="routetop" type="cfm-slow" waiting="0.00" lane="top_0" pos="5.23" speed="13.49" angle="265.07" x="52.38" y="131.34"/>
        <vehicle id="cfm-slow_1" eclass="HBEFA3/PC_G_EU4" CO2="26031.78" CO="484.26" HC="2.85" NOx="11.89" PMx="0.63" fuel="11.19" electricity="0.00" noise="91.29" route="routetop" type="cfm-slow" waiting="0.00" lane="top_0" pos="21.06" speed="13.49" angle="236.55" x="21.51" y="117.77"/>
        <vehicle id="cfm-slow_2" eclass="HBEFA3/PC_G_EU4" CO2="26297.03" CO="489.65" HC="2.88" NOx="12.02" PMx="0.64" fuel="11.30" electricity="0.00" noise="91.60" route="routetop" type="cfm-slow" waiting="0.00" lane="top_0" pos="36.90" speed="13.50" angle="208.09" x="0.81" y="91.16"/>
        <vehicle id="cfm-slow_3" eclass="HBEFA3/PC_G_EU4" CO2="27875.95" CO="521.58" HC="3.06" NOx="12.76" PMx="0.68" fuel="11.98" electricity="0.00" noise="93.39" route="routetop" type="cfm-slow" waiting="0.00" lane="left_0" pos="2.74" speed="13.59" angle="179.57" x="-4.68" y="57.67"/>
        <vehicle id="cfm-slow_4" eclass="HBEFA3/PC_G_EU4" CO2="35072.49" CO="666.52" HC="3.90" NOx="16.14" PMx="0.87" fuel="15.08" electricity="0.00" noise="100.98" route="routeleft" type="cfm-slow" waiting="0.00" lane="left_0" pos="18.69" speed="14.12" angle="150.81" x="6.57" y="25.63"/>
        <vehicle id="cfm-slow_5" eclass="HBEFA3/PC_G_EU4" CO2="57126.29" CO="1109.13" HC="6.46" NOx="26.49" PMx="1.44" fuel="24.56" electricity="0.00" noise="118.86" route="routeleft" type="cfm-slow" waiting="0.00" lane="left_0" pos="35.23" speed="16.46" angle="121.13" x="32.93" y="2.33"/>
    </timestep>
    <timestep time="1.22">
        <vehicle id="cfm-fast_0" eclass="HBEFA3/PC_G_EU4" CO2="60188.60" CO="1173.20" HC="6.83" NOx="27.94" PMx="1.52" fuel="25.87" electricity="0.00" noise="122.84" route="routebottom" type="cfm-fast" waiting="0.00" lane="bottom_0" pos="11.09" speed="16.21" angle="74.43" x="87.14" y="-0.79"/>
        <vehicle id="cfm-fast_1" eclass="HBEFA3/PC_G_EU4" CO2="60188.59" CO="1173.20" HC="6.83" NOx="27.94" PMx="1.52" fuel="25.87" electricity="0.00" noise="122.84" route="routebottom" type="cfm-fast" waiting="0.00" lane="bottom_1" pos="26.93" speed="16.21" angle="46.09" x="112.55" y="20.35"/>
        <vehicle id="cfm-fast_2" eclass="HBEFA3/PC_G_EU4" CO2="40350.02" CO="768.38" HC="4.50" NOx="18.60" PMx="1.00" fuel="17.34" electricity="0.00" noise="103.98" route="routebottom" type="cfm-fast" waiting="0.00" lane="bottom_0" pos="42.67" speed="15.40" angle="17.75" x="130.44" y="47.95"/>
        <vehicle id="cfm-fast_3" eclass="HBEFA3/PC_G_EU4" CO2="60182.58" CO="1173.08" HC="6.83" NOx="27.94" PMx="1.52" fuel="25.87" electricity="0.00" noise="122.84" route="routebottom" type="cfm-fast" waiting="0.00" lane="right_0" pos="8.59" speed="16.20" angle="348.93" x="129.76" y="82.02"/>
        <vehicle id="cfm-fast_4" eclass="HBEFA3/PC_G_EU4" CO2="60106.29" CO="1171.59" HC="6.82" NOx="27.91" PMx="1.52" fuel="25.84" electricity="0.00" noise="122.83" route="routeright" type="cfm-fast" waiting="0.00" lane="right_1" pos="24.42" speed="16.18" angle="320.59" x="110.67" y="109.00"/>
        <vehicle id="cfm-fast_5" eclass="HBEFA3/PC_G_EU4" CO2="31428.31" CO="587.40" HC="3.45" NOx="14.41" PMx="0.77" fuel="13.51" electricity="0.00" noise="95.16" route="routeright" type="cfm-fast" waiting="0.00" lane="right_0" pos="40.06" speed="14.86" angle="292.47" x="84.79" y="128.94"/>
        <vehicle id="cfm-slow_0" eclass="HBEFA3/PC_G_EU4" CO2="25902.87" CO="481.19" HC="2.83" NOx="11.83" PMx="0.63" fuel="11.13" electricity="0.00" noise="91.01" route="routetop" type="cfm-slow" waiting="0.00" lane="top_0" pos="5.36" speed="13.56" angle="264.82" x="52.09" y="131.29"/>
        <vehicle id="cfm-slow_1" eclass="HBEFA3/PC_G_EU4" CO2="25940.72" CO="481.96" HC="2.83" NOx="11.85" PMx="0.63" fuel="11.15" electricity="0.00" noise="91.05" route="routetop" type="cfm-slow" waiting="0.00" lane="top_0" pos="21.20" speed="13.56" angle="236.31" x="21.28" y="117.59"/>
        <vehicle id="cfm-slow_2" eclass="HBEFA3/PC_G_EU4" CO2="26219.19" CO="487.61" HC="2.87" NOx="11.98" PMx="0.64" fuel="11.27" electricity="0.00" noise="91.37" route="routetop" type="cfm-slow" waiting="0.00" lane="top_0" pos="37.03" speed="13.57" angle="207.84" x="0.69" y="90.89"/>
        <vehicle id="cfm-slow_3" eclass="HBEFA3/PC_G_EU4" CO2="27854.46" CO="520.69" HC="3.06" NOx="12.75" PMx="0.68" fuel="11.97" electricity="0.00" noise="93.22" route="routetop" type="cfm-slow" waiting="0.00" lane="left_0" pos="2.88" speed="13.67" angle="179.33" x="-4.65" y="57.38"/>
        <vehicle id="cfm-slow_4" eclass="HBEFA3/PC_G_EU4" CO2="35193.96" CO="668.50" HC="3.91" NOx="16.20" PMx="0.87" fuel="15.13" electricity="0.00" noise="100.91" route="routeleft" type="cfm-slow" waiting="0.00" lane="left_0" pos="18.84" speed="14.21" angle="150.54" x="6.74" y="25.38"/>
        <vehicle id="cfm-slow_5" eclass="HBEFA3/PC_G_EU4" CO2="57081.73" CO="1107.73" HC="6.46" NOx="26.47" PMx="1.44" fuel="24.54" electricity="0.00" noise="118.43" route="routeleft" type="cfm-slow" waiting="0.00" lane="left_0" pos="35.40" speed="16.58" angle="120.82" x="33.25" y="2.17"/>
    </timestep>
    <timestep time="1.23">
        <vehicle id="cfm-fast_0" eclass="HBEFA3/PC_G_EU4" CO2="60690.46" CO="1182.97" HC="6.89" NOx="28.18" PMx="1.53" fuel="26.09" electricity="0.00" noise="122.90" route="routebottom" type="cfm-fast" waiting="0.00" lane="bottom_0" pos="11.26" speed="16.34" angle="74.13" x="87.47" y="-0.68"/>
        <vehicle id="cfm-fast_1" eclass="HBEFA3/PC_G_EU4" CO2="60690.45" CO="1182.97" HC="6.89" NOx="28.18" PMx="1.53" fuel="26.09" electricity="0.00" noise="122.90" route="routebottom" type="cfm-fast" waiting="0.00" lane="bottom_1" pos="27.09" speed="16.34" angle="45.78" x="112.77" y="20.61"/>
        <vehicle id="cfm-fast_2" eclass="HBEFA3/PC_G_EU4" CO2="40429.24" CO="769.56" HC="4.50" NOx="18.64" PMx="1.00" fuel="17.38" electricity="0.00" noise="103.84" route="routebottom" type="cfm-fast" waiting="0.00" lane="bottom_0" pos="42.83" speed="15.49" angle="17.47" x="130.51" y="48.27"/>
        <vehicle id="cfm-fast_3" eclass="HBEFA3/PC_G_EU4" CO2="60684.44" CO="1182.86" HC="6.89" NOx="28.17" PMx="1.53" fuel="26.09" electricity="0.00" noise="122.90" route="routebottom" type="cfm-fast" waiting="0.00" lane="right_0" pos="8.76" speed="16.34" angle="348.63" x="129.67" y="82.36"/>
        <vehicle id="cfm-fast_4" eclass="HBEFA3/PC_G_EU4" CO2="60608.10" CO="1181.37" HC="6.88" NOx="28.14" PMx="1.53" fuel="26.05" electricity="0.00" noise="122.89" route="routeright" type="cfm-fast" waiting="0.00" lane="right_1" pos="24.58" speed="16.32" angle="320.29" x="110.44" y="109.23"/>
        <vehicle id="cfm-fast_5" eclass="HBEFA3/PC_G_EU4" CO2="31240.80" CO="583.16" HC="3.43" NOx="14.32" PMx="0.77" fuel="13.43" electricity="0.00" noise="94.82" route="routeright" type="cfm-fast" waiting="0.00" lane="right_0" pos="40.21" speed="14.93" angle="292.18" x="84.48" y="129.03"/>
        <vehicle id="cfm-slow_0" eclass="HBEFA3/PC_G_EU4" CO2="25808.37" CO="478.83" HC="2.82" NOx="11.78" PMx="0.62" fuel="11.09" electricity="0.00" noise="90.77" route="routetop" type="cfm-slow" waiting="0.00" lane="top_0" pos="5.50" speed="13.62" angle="264.57" x="51.80" y="131.23"/>
        <vehicle id="cfm-slow_1" eclass="HBEFA3/PC_G_EU4" CO2="25848.60" CO="479.65" HC="2.82" NOx="11.80" PMx="0.63" fuel="11.11" electricity="0.00" noise="90.82" route="routetop" type="cfm-slow" waiting="0.00" lane="top_0" pos="21.33" speed="13.63" angle="236.06" x="21.05" y="117.41"/>
        <vehicle id="cfm-slow_2" eclass="HBEFA3/PC_G_EU4" CO2="26140.74" CO="485.58" HC="2.85" NOx="11.94" PMx="0.63" fuel="11.24" electricity="0.00" noise="91.15" route="routetop" type="cfm-slow" waiting="0.00" lane="top_0" pos="37.17" speed="13.64" angle="207.64" x="0.57" y="90.63"/>
        <vehicle id="cfm-slow_3" eclass="HBEFA3/PC_G_EU4" CO2="27833.19" CO="519.81" HC="3.05" NOx="12.74" PMx="0.68" fuel="11.96" electricity="0.00" noise="93.06" route="routetop" type="cfm-slow" waiting="0.00" lane="left_0" pos="3.02" speed="13.74" angle="179.08" x="-4.62" y="57.09"/>
        <vehicle id="cfm-slow_4" eclass="HBEFA3/PC_G_EU4" CO2="35313.01" CO="670.44" HC="3.92" NOx="16.25" PMx="0.87" fuel="15.18" electricity="0.00" noise="100.84" route="routeleft" type="cfm-slow" waiting="0.00" lane="left_0" pos="18.98" speed="14.30" angle="150.28" x="6.91" y="25.12"/>
        <vehicle id="cfm-slow_5" eclass="HBEFA3/PC_G_EU4" CO2="57035.64" CO="1106.31" HC="6.45" NOx="26.44" PMx="1.44" fuel="24.52" electricity="0.00" noise="118.01" route="routeleft" type="cfm-slow" waiting="0.00" lane="left_0" pos="35.56" speed="16.71" angle="120.51" x="33.57" y="2.01"/>
    </timestep>
    <timestep time="1.24">
        <vehicle id="cfm-fast_0" eclass="HBEFA3/PC_G_EU4" CO2="61192.61" CO="1192.77" HC="6.95" NOx="28.41" PMx="1.55" fuel="26.30" electricity="0.00" noise="122.96" route="routebottom" type="cfm-fast" waiting="0.00" lane="bottom_0" pos="11.42" speed="16.48" angle="73.84" x="87.81" y="-0.56"/>
        <vehicle id="cfm-fast_1" eclass="HBEFA3/PC_G_EU4" CO2="61192.60" CO="1192.77" HC="6.95" NOx="28.41" PMx="1.55" fuel="26.30" electricity="0.00" noise="122.96" route="routebottom" type="cfm-fast" waiting="0.00" lane="bottom_1" pos="27.26" speed="16.48" angle="45.47" x="112.99" y="20.87"/>
        <vehicle id="cfm-fast_2" eclass="HBEFA3/PC_G_EU4" CO2="40510.17" CO="770.79" HC="4.51" NOx="18.67" PMx="1.01" fuel="17.41" electricity="0.00" noise="103.71" route="routebottom" type="cfm-fast" waiting="0.00" lane="bottom_0" pos="42.98" speed="15.58" angle="17.19" x="130.59" y="48.60"/>
        <vehicle id="cfm-fast_3" eclass="HBEFA3/PC_G_EU4" CO2="61186.59" CO="1192.65" HC="6.95" NOx="28.41" PMx="1.55" fuel="26.30" electricity="0.00" noise="122.96" route="routebottom" type="cfm-fast" waiting="0.00" lane="right_0" pos="8.92" speed="16.48" angle="348.38" x="129.58" y="82.70"/>
        <vehicle id="cfm-fast_4" eclass="HBEFA3/PC_G_EU4" CO2="61110.21" CO="1191.16" HC="6.94" NOx="28.37" PMx="1.54" fuel="26.27" electricity="0.00" noise="122.95" route="routeright" type="cfm-fast" waiting="0.00" lane="right_1" pos="24.75" speed="16.46" angle="319.99" x="110.20" y="109.47"/>
        <vehicle id="cfm-fast_5" eclass="HBEFA3/PC_G_EU4" CO2="31052.05" CO="578.89" HC="3.40" NOx="14.23" PMx="0.76" fuel="13.35" electricity="0.00" noise="94.47" route="routeright" type="cfm-fast" waiting="0.00" lane="right_0" pos="40.36" speed="15.00" angle="291.90" x="84.17" y="129.13"/>
        <vehicle id="cfm-slow_0" eclass="HBEFA3/PC_G_EU4" CO2="25712.75" CO="476.45" HC="2.80" NOx="11.74" PMx="0.62" fuel="11.05" electricity="0.00" noise="90.54" route="routetop" type="cfm-slow" waiting="0.00" lane="top_0" pos="5.64" speed="13.69" angle="264.31" x="51.51" y="131.18"/>
        <vehicle id="cfm-slow_1" eclass="HBEFA3/PC_G_EU4" CO2="25755.49" CO="477.32" HC="2.81" NOx="11.76" PMx="0.62" fuel="11.07" electricity="0.00" noise="90.59" route="routetop" type="cfm-slow" waiting="0.00" lane="top_0" pos="21.47" speed="13.69" angle="235.80" x="20.82" y="117.23"/>
        <vehicle id="cfm-slow_2" eclass="HBEFA3/PC_G_EU4" CO2="26061.72" CO="483.53" HC="2.84" NOx="11.90" PMx="0.63" fuel="11.20" electricity="0.00" noise="90.94" route="routetop" type="cfm-slow" waiting="0.00" lane="top_0" pos="37.30" speed="13.71" angle="207.41" x="0.46" y="90.35"/>
        <vehicle id="cfm-slow_3" eclass="HBEFA3/PC_G_EU4" CO2="27812.15" CO="518.94" HC="3.05" NOx="12.73" PMx="0.68" fuel="11.96" electricity="0.00" noise="92.89" route="routetop" type="cfm-slow" waiting="0.00" lane="left_0" pos="3.16" speed="13.81" angle="178.84" x="-4.59" y="56.79"/>
        <vehicle id="cfm-slow_4" eclass="HBEFA3/PC_G_EU4" CO2="35429.67" CO="672.34" HC="3.94" NOx="16.31" PMx="0.88" fuel="15.23" electricity="0.00" noise="100.77" route="routeleft" type="cfm-slow" waiting="0.00" lane="left_0" pos="19.12" speed="14.39" angle="150.02" x="7.08" y="24.86"/>
        <vehicle id="cfm-slow_5" eclass="HBEFA3/PC_G_EU4" CO2="56988.28" CO="1104.88" HC="6.44" NOx="26.42" PMx="1.44" fuel="24.50" electricity="0.00" noise="117.60" route="routeleft" type="cfm-slow" waiting="0.00" lane="left_0" pos="35.73" speed="16.83" angle="120.20" x="33.89" y="1.85"/>
    </timestep>
    <timestep time="1.25">
        <vehicle id="cfm-fast_0" eclass="HBEFA3/PC_G_EU4" CO2="61695.05" CO="1202.59" HC="7.00" NOx="28.65" PMx="1.56" fuel="26.52" electricity="0.00" noise="123.02" route="routebottom" type="cfm-fast" waiting="0.00" lane="bottom_0" pos="11.59" speed="16.62" angle="73.58" x="88.14" y="-0.43"/>
        <vehicle id="cfm-fast_1" eclass="HBEFA3/PC_G_EU4" CO2="61695.04" CO="1202.59" HC="7.00" NOx="28.65" PMx="1.56" fuel="26.52" electricity="0.00" noise="123.02" route="routebottom" type="cfm-fast" waiting="0.00" lane="bottom_1" pos="27.42" speed="16.62" angle="45.15" x="113.21" y="21.13"/>
        <vehicle id="cfm-fast_2" eclass="HBEFA3/PC_G_EU4" CO2="40592.86" CO="772.06" HC="4.52" NOx="18.71" PMx="1.01" fuel="17.45" electricity="0.00" noise="103.59" route="routebottom" type="cfm-fast" waiting="0.00" lane="bottom_0" pos="43.14" speed="15.68" angle="16.90" x="130.66" y="48.93"/>
        <vehicle id="cfm-fast_3" eclass="HBEFA3/PC_G_EU4" CO2="61689.03" CO="1202.47" HC="7.00" NOx="28.64" PMx="1.56" fuel="26.52" electricity="0.00" noise="123.02" route="routebottom" type="cfm-fast" waiting="0.00" lane="right_0" pos="9.09" speed="16.61" angle="348.09" x="129.48" y="83.05"/>
        <vehicle id="cfm-fast_4" eclass="HBEFA3/PC_G_EU4" CO2="61612.60" CO="1200.98" HC="6.99" NOx="28.61" PMx="1.56" fuel="26.48" electricity="0.00" noise="123.01" route="routeright" type="cfm-fast" waiting="0.00" lane="right_1" pos="24.91" speed="16.59" angle="319.69" x="109.96" y="109.71"/>
        <vehicle id="cfm-fast_5" eclass="HBEFA3/PC_G_EU4" CO2="30862.15" CO="574.61" HC="3.38" NOx="14.13" PMx="0.76" fuel="13.27" electricity="0.00" noise="94.13" route="routeright" type="cfm-fast" waiting="0.00" lane="right_0" pos="40.51" speed="15.08" angle="291.61" x="83.86" y="129.22"/>
        <vehicle id="cfm-slow_0" eclass="HBEFA3/PC_G_EU4" CO2="25616.07" CO="474.05" HC="2.79" NOx="11.69" PMx="0.62" fuel="11.01" electricity="0.00" noise="90.30" route="routetop" type="cfm-slow" waiting="0.00" lane="top_0" pos="5.77" speed="13.75" angle="264.05" x="51.22" y="131.13"/>
        <vehicle id="cfm-slow_1" eclass="HBEFA3/PC_G_EU4" CO2="25661.43" CO="474.98" HC="2.79" NOx="11.71" PMx="0.62" fuel="11.03" electricity="0.00" noise="90.36" route="routetop" type="cfm-slow" waiting="0.00" lane="top_0" pos="21.61" speed="13.76" angle="235.55" x="20.59" y="117.05"/>
        <vehicle id="cfm-slow_2" eclass="HBEFA3/PC_G_EU4" CO2="25982.19" CO="481.49" HC="2.83" NOx="11.86" PMx="0.63" fuel="11.17" electricity="0.00" noise="90.72" route="routetop" type="cfm-slow" waiting="0.00" lane="top_0" pos="37.44" speed="13.77" angle="207.15" x="0.35" y="90.08"/>
        <vehicle id="cfm-slow_3" eclass="HBEFA3/PC_G_EU4" CO2="27791.37" CO="518.08" HC="3.04" NOx="12.71" PMx="0.68" fuel="11.95" electricity="0.00" noise="92.74" route="routetop" type="cfm-slow" waiting="0.00" lane="left_0" pos="3.29" speed="13.88" angle="178.59" x="-4.56" y="56.49"/>
        <vehicle id="cfm-slow_4" eclass="HBEFA3/PC_G_EU4" CO2="35544.00" CO="674.20" HC="3.95" NOx="16.36" PMx="0.88" fuel="15.28" electricity="0.00" noise="100.70" route="routeleft" type="cfm-slow" waiting="0.00" lane="left_0" pos="19.27" speed="14.48" angle="149.80" x="7.25" y="24.61"/>
        <vehicle id="cfm-slow_5" eclass="HBEFA3/PC_G_EU4" CO2="56939.86" CO="1103.45" HC="6.43" NOx="26.39" PMx="1.44" fuel="24.48" electricity="0.00" noise="117.20" route="routeleft" type="cfm-slow" waiting="0.00" lane="left_0" pos="35.90" speed="16.96" angle="119.94" x="34.22" y="1.69"/>
    </timestep>
    <timestep time="1.26">
        <vehicle id="cfm-fast_0" eclass="HBEFA3/PC_G_EU4" CO2="62197.79" CO="1212.43" HC="7.06" NOx="28.88" PMx="1.57" fuel="26.74" electricity="0.00" noise="123.09" route="routebottom" type="cfm-fast" waiting="0.00" lane="bottom_0" pos="11.76" speed="16.75" angle="73.29" x="88.48" y="-0.30"/>
        <vehicle id="cfm-fast_1" eclass="HBEFA3/PC_G_EU4" CO2="62197.77" CO="1212.43" HC="7.06" NOx="28.88" PMx="1.57" fuel="26.74" electricity="0.00" noise="123.09" route="routebottom" type="cfm-fast" waiting="0.00" lane="bottom_1" pos="27.59" speed="16.75" angle="44.83" x="113.43" y="21.39"/>
        <vehicle id="cfm-fast_2" eclass="HBEFA3/PC_G_EU4" CO2="40677.35" CO="773.38" HC="4.53" NOx="18.75" PMx="1.01" fuel="17.49" electricity="0.00" noise="103.47" route="routebottom" type="cfm-fast" waiting="0.00" lane="bottom_0" pos="43.30" speed="15.77" angle="16.62" x="130.74" y="49.26"/>
        <vehicle id="cfm-fast_3" eclass="HBEFA3/PC_G_EU4" CO2="62191.76" CO="1212.31" HC="7.06" NOx="28.88" PMx="1.57" fuel="26.73" electricity="0.00" noise="123.09" route="routebottom" type="cfm-fast" waiting="0.00" lane="right_0" pos="9.26" speed="16.75" angle="347.79" x="129.37" y="83.39"/>
        <vehicle id="cfm-fast_4" eclass="HBEFA3/PC_G_EU4" CO2="62115.29" CO="1210.82" HC="7.05" NOx="28.84" PMx="1.57" fuel="26.70" electricity="0.00" noise="123.08" route="routeright" type="cfm-fast" waiting="0.00" lane="right_1" pos="25.08" speed="16.73" angle="319.38" x="109.72" y="109.95"/>
        <vehicle id="cfm-fast_5" eclass="HBEFA3/PC_G_EU4" CO2="30671.18" CO="570.32" HC="3.35" NOx="14.04" PMx="0.75" fuel="13.18" electricity="0.00" noise="93.79" route="routeright" type="cfm-fast" waiting="0.00" lane="right_0" pos="40.67" speed="15.15" angle="291.32" x="83.55" y="129.32"/>
        <vehicle id="cfm-slow_0" eclass="HBEFA3/PC_G_EU4" CO2="25518.38" CO="471.65" HC="2.78" NOx="11.64" PMx="0.62" fuel="10.97" electricity="0.00" noise="90.07" route="routetop" type="cfm-slow" waiting="0.00" lane="top_0" pos="5.91" speed="13.82" angle="263.79" x="50.93" y="131.07"/>
        <vehicle id="cfm-slow_1" eclass="HBEFA3/PC_G_EU4" CO2="25566.48" CO="472.63" HC="2.78" NOx="11.67" PMx="0.62" fuel="10.99" electricity="0.00" noise="90.13" route="routetop" type="cfm-slow" waiting="0.00" lane="top_0" pos="21.74" speed="13.82" angle="235.33" x="20.35" y="116.87"/>
        <vehicle id="cfm-slow_2" eclass="HBEFA3/PC_G_EU4" CO2="25902.21" CO="479.44" HC="2.82" NOx="11.82" PMx="0.63" fuel="11.13" electricity="0.00" noise="90.51" route="routetop" type="cfm-slow" waiting="0.00" lane="top_0" pos="37.58" speed="13.84" angle="206.90" x="0.23" y="89.80"/>
        <vehicle id="cfm-slow_3" eclass="HBEFA3/PC_G_EU4" CO2="27770.87" CO="517.24" HC="3.04" NOx="12.70" PMx="0.68" fuel="11.94" electricity="0.00" noise="92.58" route="routetop" type="cfm-slow" waiting="0.00" lane="left_0" pos="3.43" speed="13.95" angle="178.34" x="-4.53" y="56.20"/>
        <vehicle id="cfm-slow_4" eclass="HBEFA3/PC_G_EU4" CO2="35656.03" CO="676.03" HC="3.96" NOx="16.41" PMx="0.88" fuel="15.33" electricity="0.00" noise="100.63" route="routeleft" type="cfm-slow" waiting="0.00" lane="left_0" pos="19.41" speed="14.56" angle="149.53" x="7.44" y="24.35"/>
        <vehicle id="cfm-slow_5" eclass="HBEFA3/PC_G_EU4" CO2="56890.61" CO="1102.01" HC="6.43" NOx="26.37" PMx="1.43" fuel="24.45" electricity="0.00" noise="116.80" route="routeleft" type="cfm-slow" waiting="0.00" lane="left_0" pos="36.07" speed="17.08" angle="119.63" x="34.55" y="1.53"/>
    </timestep>
    <timestep time="1.27">
        <vehicle id="cfm-fast_0" eclass="HBEFA3/PC_G_EU4" CO2="62700.82" CO="1222.29" HC="7.12" NOx="29.11" PMx="1.59" fuel="26.95" electricity="0.00" noise="123.15" route="routebottom" type="cfm-fast" waiting="0.00" lane="bottom_0" pos="11.93" speed="16.89" angle="72.98" x="88.81" y="-0.16"/>
        <vehicle id="cfm-fast_1" eclass="HBEFA3/PC_G_EU4" CO2="62700.80" CO="1222.29" HC="7.12" NOx="29.11" PMx="1.59" fuel="26.95" electricity="0.00" noise="123.15" route="routebottom" type="cfm-fast" waiting="0.00" lane="bottom_1" pos="27.76" speed="16.89" angle="44.51" x="113.65" y="21.66"/>
        <vehicle id="cfm-fast_2" eclass="HBEFA3/PC_G_EU4" CO2="40763.70" CO="774.74" HC="4.54" NOx="18.79" PMx="1.01" fuel="17.52" electricity="0.00" noise="103.35" route="routebottom" type="cfm-fast" waiting="0.00" lane="bottom_0" pos="43.46" speed="15.86" angle="16.33" x="130.81" y="49.59"/>
        <vehicle id="cfm-fast_3" eclass="HBEFA3/PC_G_EU4" CO2="62694.78" CO="1222.18" HC="7.12" NOx="29.11" PMx="1.59" fuel="26.95" electricity="0.00" noise="123.15" route="routebottom" type="cfm-fast" waiting="0.00" lane="right_0" pos="9.42" speed="16.89" angle="347.48" x="129.26" y="83.74"/>
        <vehicle id="cfm-fast_4" eclass="HBEFA3/PC_G_EU4" CO2="62618.27" CO="1220.68" HC="7.11" NOx="29.07" PMx="1.58" fuel="26.92" electricity="0.00" noise="123.14" route="routeright" type="cfm-fast" waiting="0.00" lane="right_1" pos="25.25" speed="16.87" angle="319.07" x="109.47" y="110.20"/>
        <vehicle id="cfm-fast_5" eclass="HBEFA3/PC_G_EU4" CO2="30479.22" CO="566.02" HC="3.33" NOx="13.95" PMx="0.75" fuel="13.10" electricity="0.00" noise="93.45" route="routeright" type="cfm-fast" waiting="0.00" lane="right_0" pos="40.82" speed="15.22" angle="291.03" x="83.24" y="129.42"/>
        <vehicle id="cfm-slow_0" eclass="HBEFA3/PC_G_EU4" CO2="25419.71" CO="469.23" HC="2.76" NOx="11.60" PMx="0.61" fuel="10.93" electricity="0.00" noise="89.85" route="routetop" type="cfm-slow" waiting="0.00" lane="top_0" pos="6.05" speed="13.88" angle="263.54" x="50.63" y="131.02"/>
        <vehicle id="cfm-slow_1" eclass="HBEFA3/PC_G_EU4" CO2="25470.67" CO="470.26" HC="2.77" NOx="11.62" PMx="0.62" fuel="10.95" electricity="0.00" noise="89.91" route="routetop" type="cfm-slow" waiting="0.00" lane="top_0" pos="21.88" speed="13.88" angle="235.09" x="20.12" y="116.68"/>
        <vehicle id="cfm-slow_2" eclass="HBEFA3/PC_G_EU4" CO2="25821.83" CO="477.39" HC="2.81" NOx="11.78" PMx="0.62" fuel="11.10" electricity="0.00" noise="90.30" route="routetop" type="cfm-slow" waiting="0.00" lane="top_0" pos="37.72" speed="13.90" angle="206.64" x="0.12" y="89.52"/>
        <vehicle id="cfm-slow_3" eclass="HBEFA3/PC_G_EU4" CO2="27750.66" CO="516.40" HC="3.03" NOx="12.69" PMx="0.67" fuel="11.93" electricity="0.00" noise="92.43" route="routetop" type="cfm-slow" waiting="0.00" lane="left_0" pos="3.57" speed="14.02" angle="178.09" x="-4.50" y="55.90"/>
        <vehicle id="cfm-slow_4" eclass="HBEFA3/PC_G_EU4" CO2="35765.81" CO="677.81" HC="3.97" NOx="16.46" PMx="0.88" fuel="15.37" electricity="0.00" noise="100.55" route="routeleft" type="cfm-slow" waiting="0.00" lane="left_0" pos="19.56" speed="14.65" angle="149.26" x="7.62" y="24.10"/>
        <vehicle id="cfm-slow_5" eclass="HBEFA3/PC_G_EU4" CO2="56840.74" CO="1100.58" HC="6.42" NOx="26.34" PMx="1.43" fuel="24.43" electricity="0.00" noise="116.42" route="routeleft" type="cfm-slow" waiting="0.00" lane="left_0" pos="36.24" speed="17.20" angle="119.31" x="34.89" y="1.38"/>
    </timestep>
    <timestep time="1.28">
        <vehicle id="cfm-fast_0" eclass="HBEFA3/PC_G_EU4" CO2="63204.13" CO="1232.18" HC="7.18" NOx="29.35" PMx="1.60" fuel="27.17" electricity="0.00" noise="123.21" route="routebottom" type="cfm-fast" waiting="0.00" lane="bottom_0" pos="12.10" speed="17.02" angle="72.68" x="89.15" y="-0.02"/>
        <vehicle id="cfm-fast_1" eclass="HBEFA3/PC_G_EU4" CO2="63204.12" CO="1232.18" HC="7.18" NOx="29.35" PMx="1.60" fuel="27.17" electricity="0.00" noise="123.21" route="routebottom" type="cfm-fast" waiting="0.00" lane="bottom_1" pos="27.93" speed="17.02" angle="44.19" x="113.88" y="21.92"/>
        <vehicle id="cfm-fast_2" eclass="HBEFA3/PC_G_EU4" CO2="40851.95" CO="776.16" HC="4.54" NOx="18.83" PMx="1.02" fuel="17.56" electricity="0.00" noise="103.24" route="routebottom" type="cfm-fast" waiting="0.00" lane="bottom_0" pos="43.62" speed="15.95" angle="16.09" x="130.89" y="49.93"/>
        <vehicle id="cfm-fast_3" eclass="HBEFA3/PC_G_EU4" CO2="63198.10" CO="1232.06" HC="7.18" NOx="29.34" PMx="1.60" fuel="27.17" electricity="0.00" noise="123.21" route="routebottom" type="cfm-fast" waiting="0.00" lane="right_0" pos="9.59" speed="17.02" angle="347.17" x="129.15" y="84.09"/>
        <vehicle id="cfm-fast_4" eclass="HBEFA3/PC_G_EU4" CO2="63121.54" CO="1230.56" HC="7.17" NOx="29.31" PMx="1.60" fuel="27.13" electricity="0.00" noise="123.20" route="routeright" type="cfm-fast" waiting="0.00" lane="right_1" pos="25.42" speed="17.00" angle="318.76" x="109.23" y="110.44"/>
        <vehicle id="cfm-fast_5" eclass="HBEFA3/PC_G_EU4" CO2="30286.37" CO="561.70" HC="3.30" NOx="13.86" PMx="0.74" fuel="13.02" electricity="0.00" noise="93.12" route="routeright" type="cfm-fast" waiting="0.00" lane="right_0" pos="40.97" speed="15.29" angle="290.76" x="82.92" y="129.51"/>
        <vehicle id="cfm-slow_0" eclass="HBEFA3/PC_G_EU4" CO2="25320.12" CO="466.79" HC="2.75" NOx="11.55" PMx="0.61" fuel="10.88" electricity="0.00" noise="89.62" route="routetop" type="cfm-slow" waiting="0.00" lane="top_0" pos="6.19" speed="13.95" angle="263.27" x="50.34" y="130.96"/>
        <vehicle id="cfm-slow_1" eclass="HBEFA3/PC_G_EU4" CO2="25374.06" CO="467.89" HC="2.75" NOx="11.57" PMx="0.61" fuel="10.91" electricity="0.00" noise="89.68" route="routetop" type="cfm-slow" waiting="0.00" lane="top_0" pos="22.02" speed="13.95" angle="234.83" x="19.89" y="116.48"/>
        <vehicle id="cfm-slow_2" eclass="HBEFA3/PC_G_EU4" CO2="25741.09" CO="475.34" HC="2.80" NOx="11.74" PMx="0.62" fuel="11.06" electricity="0.00" noise="90.10" route="routetop" type="cfm-slow" waiting="0.00" lane="top_0" pos="37.86" speed="13.97" angle="206.39" x="0.01" y="89.25"/>
        <vehicle id="cfm-slow_3" eclass="HBEFA3/PC_G_EU4" CO2="27730.76" CO="515.58" HC="3.03" NOx="12.68" PMx="0.67" fuel="11.92" electricity="0.00" noise="92.28" route="routetop" type="cfm-slow" waiting="0.00" lane="left_0" pos="3.72" speed="14.09" angle="177.83" x="-4.47" y="55.59"/>
        <vehicle id="cfm-slow_4" eclass="HBEFA3/PC_G_EU4" CO2="35873.39" CO="679.55" HC="3.98" NOx="16.51" PMx="0.89" fuel="15.42" electricity="0.00" noise="100.48" route="routeleft" type="cfm-slow" waiting="0.00" lane="left_0" pos="19.71" speed="14.74" angle="148.99" x="7.81" y="23.84"/>
        <vehicle id="cfm-slow_5" eclass="HBEFA3/PC_G_EU4" CO2="56790.45" CO="1099.16" HC="6.41" NOx="26.31" PMx="1.43" fuel="24.41" electricity="0.00" noise="116.04" route="routeleft" type="cfm-slow" waiting="0.00" lane="left_0" pos="36.42" speed="17.32" angle="118.98" x="35.23" y="1.23"/>
    </timestep>
    <timestep time="1.29">
        <vehicle id="cfm-fast_0" eclass="HBEFA3/PC_G_EU4" CO2="63707.74" CO="1242.08" HC="7.23" NOx="29.58" PMx="1.61" fuel="27.38" electricity="0.00" noise="123.28" route="routebottom" type="cfm-fast" waiting="0.00" lane="bottom_0" pos="12.27" speed="17.16" angle="72.37" x="89.50" y="0.11"/>
        <vehicle id="cfm-fast_1" eclass="HBEFA3/PC_G_EU4" CO2="63707.73" CO="1242.08" HC="7.23" NOx="29.58" PMx="1.61" fuel="27.38" electricity="0.00" noise="123.28" route="routebottom" type="cfm-fast" waiting="0.00" lane="bottom_1" pos="28.10" speed="17.16" angle="43.87" x="114.11" y="22.19"/>
        <vehicle id="cfm-fast_2" eclass="HBEFA3/PC_G_EU4" CO2="40942.15" CO="777.62" HC="4.55" NOx="18.87" PMx="1.02" fuel="17.60" electricity="0.00" noise="103.14" route="routebottom" type="cfm-fast" waiting="0.00" lane="bottom_0" pos="43.78" speed="16.05" angle="15.79" x="130.95" y="50.27"/>
        <vehicle id="cfm-fast_3" eclass="HBEFA3/PC_G_EU4" CO2="63701.70" CO="1241.97" HC="7.23" NOx="29.58" PMx="1.61" fuel="27.38" electricity="0.00" noise="123.28" route="routebottom" type="cfm-fast" waiting="0.00" lane="right_0" pos="9.77" speed="17.16" angle="346.87" x="129.05" y="84.44"/>
        <vehicle id="cfm-fast_4" eclass="HBEFA3/PC_G_EU4" CO2="63625.10" CO="1240.46" HC="7.22" NOx="29.54" PMx="1.61" fuel="27.35" electricity="0.00" noise="123.27" route="routeright" type="cfm-fast" waiting="0.00" lane="right_1" pos="25.59" speed="17.14" angle="318.49" x="108.98" y="110.69"/>
        <vehicle id="cfm-fast_5" eclass="HBEFA3/PC_G_EU4" CO2="30092.69" CO="557.38" HC="3.28" NOx="13.76" PMx="0.73" fuel="12.94" electricity="0.00" noise="92.80" route="routeright" type="cfm-fast" waiting="0.00" lane="right_0" pos="41.12" speed="15.36" angle="290.52" x="82.61" y="129.61"/>
        <vehicle id="cfm-slow_0" eclass="HBEFA3/PC_G_EU4" CO2="25219.64" CO="464.35" HC="2.73" NOx="11.50" PMx="0.61" fuel="10.84" electricity="0.00" noise="89.40" route="routetop" type="cfm-slow" waiting="0.00" lane="top_0" pos="6.33" speed="14.01" angle="263.05" x="50.04" y="130.91"/>
        <vehicle id="cfm-slow_1" eclass="HBEFA3/PC_G_EU4" CO2="25276.70" CO="465.51" HC="2.74" NOx="11.52" PMx="0.61" fuel="10.87" electricity="0.00" noise="89.46" route="routetop" type="cfm-slow" waiting="0.00" lane="top_0" pos="22.16" speed="14.01" angle="234.57" x="19.66" y="116.29"/>
        <vehicle id="cfm-slow_2" eclass="HBEFA3/PC_G_EU4" CO2="25660.05" CO="473.29" HC="2.79" NOx="11.70" PMx="0.62" fuel="11.03" electricity="0.00" noise="89.89" route="routetop" type="cfm-slow" waiting="0.00" lane="top_0" pos="38.00" speed="14.03" angle="206.13" x="-0.10" y="88.97"/>
        <vehicle id="cfm-slow_3" eclass="HBEFA3/PC_G_EU4" CO2="27711.19" CO="514.78" HC="3.03" NOx="12.67" PMx="0.67" fuel="11.91" electricity="0.00" noise="92.13" route="routetop" type="cfm-slow" waiting="0.00" lane="left_0" pos="3.86" speed="14.16" angle="177.60" x="-4.44" y="55.29"/>
        <vehicle id="cfm-slow_4" eclass="HBEFA3/PC_G_EU4" CO2="35978.80" CO="681.26" HC="3.99" NOx="16.55" PMx="0.89" fuel="15.47" electricity="0.00" noise="100.40" route="routeleft" type="cfm-slow" waiting="0.00" lane="left_0" pos="19.86" speed="14.83" angle="148.71" x="7.99" y="23.58"/>
        <vehicle id="cfm-slow_5" eclass="HBEFA3/PC_G_EU4" CO2="56739.93" CO="1097.74" HC="6.40" NOx="26.29" PMx="1.43" fuel="24.39" electricity="0.00" noise="115.67" route="routeleft" type="cfm-slow" waiting="0.00" lane="left_0" pos="36.59" speed="17.44" angle="118.65" x="35.57" y="1.07"/>
    </timestep>
    <timestep time="1.30">
        <vehicle id="cfm-fast_0" eclass="HBEFA3/PC_G_EU4" CO2="64211.65" CO="1252.01" HC="7.29" NOx="29.82" PMx="1.63" fuel="27.60" electricity="0.00" noise="123.34" route="routebottom" type="cfm-fast" waiting="0.00" lane="bottom_0" pos="12.44" speed="17.30" angle="72.07" x="89.84" y="0.25"/>
        <vehicle id="cfm-fast_1" eclass="HBEFA3/PC_G_EU4" CO2="64211.63" CO="1252.01" HC="7.29" NOx="29.82" PMx="1.63" fuel="27.60" electricity="0.00" noise="123.34" route="routebottom" type="cfm-fast" waiting="0.00" lane="bottom_1" pos="28.27" speed="17.30" angle="43.59" x="114.33" y="22.46"/>
        <vehicle id="cfm-fast_2" eclass="HBEFA3/PC_G_EU4" CO2="41034.33" CO="779.13" HC="4.56" NOx="18.91" PMx="1.02" fuel="17.64" electricity="0.00" noise="103.03" route="routebottom" type="cfm-fast" waiting="0.00" lane="bottom_0" pos="43.94" speed="16.14" angle="15.49" x="131.01" y="50.61"/>
        <vehicle id="cfm-fast_3" eclass="HBEFA3/PC_G_EU4" CO2="64205.60" CO="1251.89" HC="7.29" NOx="29.81" PMx="1.62" fuel="27.60" electricity="0.00" noise="123.34" route="routebottom" type="cfm-fast" waiting="0.00" lane="right_0" pos="9.94" speed="17.30" angle="346.55" x="128.94" y="84.80"/>
        <vehicle id="cfm-fast_4" eclass="HBEFA3/PC_G_EU4" CO2="64128.96" CO="1250.38" HC="7.28" NOx="29.78" PMx="1.62" fuel="27.57" electricity="0.00" noise="123.33" route="routeright" type="cfm-fast" waiting="0.00" lane="right_1" pos="25.76" speed="17.27" angle="318.19" x="108.72" y="110.94"/>
        <vehicle id="cfm-fast_5" eclass="HBEFA3/PC_G_EU4" CO2="29898.27" CO="553.05" HC="3.26" NOx="13.67" PMx="0.73" fuel="12.85" electricity="0.00" noise="92.47" route="routeright" type="cfm-fast" waiting="0.00" lane="right_0" pos="41.28" speed="15.43" angle="290.24" x="82.29" y="129.69"/>
        <vehicle id="cfm-slow_0" eclass="HBEFA3/PC_G_EU4" CO2="25118.33" CO="461.89" HC="2.72" NOx="11.45" PMx="0.61" fuel="10.80" electricity="0.00" noise="89.18" route="routetop" type="cfm-slow" waiting="0.00" lane="top_0" pos="6.47" speed="14.07" angle="262.81" x="49.75" y="130.85"/>
        <vehicle id="cfm-slow_1" eclass="HBEFA3/PC_G_EU4" CO2="25178.63" CO="463.12" HC="2.73" NOx="11.48" PMx="0.61" fuel="10.82" electricity="0.00" noise="89.25" route="routetop" type="cfm-slow" waiting="0.00" lane="top_0" pos="22.30" speed="14.07" angle="234.30" x="19.43" y="116.09"/>
        <vehicle id="cfm-slow_2" eclass="HBEFA3/PC_G_EU4" CO2="25578.74" CO="471.24" HC="2.78" NOx="11.66" PMx="0.62" fuel="11.00" electricity="0.00" noise="89.69" route="routetop" type="cfm-slow" waiting="0.00" lane="top_0" pos="38.14" speed="14.09" angle="205.87" x="-0.21" y="88.68"/>
        <vehicle id="cfm-slow_3" eclass="HBEFA3/PC_G_EU4" CO2="27691.96" CO="513.98" HC="3.02" NOx="12.66" PMx="0.67" fuel="11.90" electricity="0.00" noise="91.99" route="routetop" type="cfm-slow" waiting="0.00" lane="left_0" pos="4.00" speed="14.22" angle="177.34" x="-4.39" y="54.99"/>
        <vehicle id="cfm-slow_4" eclass="HBEFA3/PC_G_EU4" CO2="36082.10" CO="682.93" HC="4.00" NOx="16.60" PMx="0.89" fuel="15.51" electricity="0.00" noise="100.33" route="routeleft" type="cfm-slow" waiting="0.00" lane="left_0" pos="20.00" speed="14.91" angle="148.44" x="8.18" y="23.32"/>
        <vehicle id="cfm-slow_5" eclass="HBEFA3/PC_G_EU4" CO2="56689.37" CO="1096.34" HC="6.40" NOx="26.26" PMx="1.43" fuel="24.37" electricity="0.00" noise="115.31" route="routeleft" type="cfm-slow" waiting="0.00" lane="left_0" pos="36.77" speed="17.55" angle="118.33" x="35.92" y="0.92"/>
    </timestep>
    <timestep time="1.31">
        <vehicle id="cfm-fast_0" eclass="HBEFA3/PC_G_EU4" CO2="64715.84" CO="1261.96" HC="7.35" NOx="30.05" PMx="1.64" fuel="27.82" electricity="0.00" noise="123.40" route="routebottom" type="cfm-fast" waiting="0.00" lane="bottom_0" pos="12.61" speed="17.43" angle="71.76" x="90.19" y="0.39"/>
        <vehicle id="cfm-fast_1" eclass="HBEFA3/PC_G_EU4" CO2="64715.83" CO="1261.96" HC="7.35" NOx="30.05" PMx="1.64" fuel="27.82" electricity="0.00" noise="123.40" route="routebottom" type="cfm-fast" waiting="0.00" lane="bottom_1" pos="28.45" speed="17.43" angle="43.27" x="114.55" y="22.75"/>
        <vehicle id="cfm-fast_2" eclass="HBEFA3/PC_G_EU4" CO2="41128.53" CO="780.69" HC="4.57" NOx="18.95" PMx="1.02" fuel="17.68" electricity="0.00" noise="102.94" route="routebottom" type="cfm-fast" waiting="0.00" lane="bottom_0" pos="44.10" speed="16.23" angle="15.18" x="131.08" y="50.95"/>
        <vehicle id="cfm-fast_3" eclass="HBEFA3/PC_G_EU4" CO2="64709.79" CO="1261.84" HC="7.35" NOx="30.05" PMx="1.64" fuel="27.82" electricity="0.00" noise="123.40" route="routebottom" type="cfm-fast" waiting="0.00" lane="right_0" pos="10.11" speed="17.43" angle="346.25" x="128.83" y="85.15"/>
        <vehicle id="cfm-fast_4" eclass="HBEFA3/PC_G_EU4" CO2="64633.10" CO="1260.33" HC="7.34" NOx="30.01" PMx="1.64" fuel="27.78" electricity="0.00" noise="123.39" route="routeright" type="cfm-fast" waiting="0.00" lane="right_1" pos="25.94" speed="17.41" angle="317.87" x="108.46" y="111.18"/>
        <vehicle id="cfm-fast_5" eclass="HBEFA3/PC_G_EU4" CO2="29703.18" CO="548.71" HC="3.23" NOx="13.58" PMx="0.72" fuel="12.77" electricity="0.00" noise="92.15" route="routeright" type="cfm-fast" waiting="0.00" lane="right_0" pos="41.43" speed="15.49" angle="289.96" x="81.96" y="129.78"/>
        <vehicle id="cfm-slow_0" eclass="HBEFA3/PC_G_EU4" CO2="25016.21" CO="459.43" HC="2.71" NOx="11.40" PMx="0.60" fuel="10.75" electricity="0.00" noise="88.96" route="routetop" type="cfm-slow" waiting="0.00" lane="top_0" pos="6.61" speed="14.13" angle="262.55" x="49.45" y="130.78"/>
        <vehicle id="cfm-slow_1" eclass="HBEFA3/PC_G_EU4" CO2="25079.90" CO="460.73" HC="2.71" NOx="11.43" PMx="0.61" fuel="10.78" electricity="0.00" noise="89.03" route="routetop" type="cfm-slow" waiting="0.00" lane="top_0" pos="22.45" speed="14.13" angle="234.04" x="19.20" y="115.90"/>
        <vehicle id="cfm-slow_2" eclass="HBEFA3/PC_G_EU4" CO2="25497.23" CO="469.20" HC="2.76" NOx="11.62" PMx="0.62" fuel="10.96" electricity="0.00" noise="89.49" route="routetop" type="cfm-slow" waiting="0.00" lane="top_0" pos="38.28" speed="14.16" angle="205.61" x="-0.33" y="88.40"/>
        <vehicle id="cfm-slow_3" eclass="HBEFA3/PC_G_EU4" CO2="27673.08" CO="513.20" HC="3.02" NOx="12.65" PMx="0.67" fuel="11.90" electricity="0.00" noise="91.84" route="routetop" type="cfm-slow" waiting="0.00" lane="left_0" pos="4.14" speed="14.29" angle="177.08" x="-4.35" y="54.68"/>
        <vehicle id="cfm-slow_4" eclass="HBEFA3/PC_G_EU4" CO2="36183.33" CO="684.57" HC="4.01" NOx="16.65" PMx="0.89" fuel="15.55" electricity="0.00" noise="100.25" route="routeleft" type="cfm-slow" waiting="0.00" lane="left_0" pos="20.15" speed="15.00" angle="148.16" x="8.37" y="23.06"/>
        <vehicle id="cfm-slow_5" eclass="HBEFA3/PC_G_EU4" CO2="56638.96" CO="1094.96" HC="6.39" NOx="26.23" PMx="1.43" fuel="24.35" electricity="0.00" noise="114.96" route="routeleft" type="cfm-slow" waiting="0.00" lane="left_0" pos="36.94" speed="17.67" angle="117.99" x="36.26" y="0.76"/>
    </timestep>
    <timestep time="1.32">
        <vehicle id="cfm-fast_0" eclass="HBEFA3/PC_G_EU4" CO2="65220.33" CO="1271.93" HC="7.41" NOx="30.29" PMx="1.65" fuel="28.03" electricity="0.00" noise="123.47" route="routebottom" type="cfm-fast" waiting="0.00" lane="bottom_0" pos="12.79" speed="17.57" angle="71.49" x="90.54" y="0.53"/>
        <vehicle id="cfm-fast_1" eclass="HBEFA3/PC_G_EU4" CO2="65220.31" CO="1271.93" HC="7.41" NOx="30.29" PMx="1.65" fuel="28.03" electricity="0.00" noise="123.47" route="routebottom" type="cfm-fast" waiting="0.00" lane="bottom_1" pos="28.62" speed="17.57" angle="42.95" x="114.77" y="23.03"/>
        <vehicle id="cfm-fast_2" eclass="HBEFA3/PC_G_EU4" CO2="41224.79" CO="782.30" HC="4.58" NOx="18.99" PMx="1.03" fuel="17.72" electricity="0.00" noise="102.84" route="routebottom" type="cfm-fast" waiting="0.00" lane="bottom_0" pos="44.26" speed="16.32" angle="14.87" x="131.14" y="51.30"/>
        <vehicle id="cfm-fast_3" eclass="HBEFA3/PC_G_EU4" CO2="65214.28" CO="1271.81" HC="7.41" NOx="30.28" PMx="1.65" fuel="28.03" electricity="0.00" noise="123.47" route="routebottom" type="cfm-fast" waiting="0.00" lane="right_0" pos="10.29" speed="17.57" angle="345.98" x="128.71" y="85.51"/>
        <vehicle id="cfm-fast_4" eclass="HBEFA3/PC_G_EU4" CO2="65137.54" CO="1270.29" HC="7.40" NOx="30.25" PMx="1.65" fuel="28.00" electricity="0.00" noise="123.46" route="routeright" type="cfm-fast" waiting="0.00" lane="right_1" pos="26.11" speed="17.55" angle="317.56" x="108.19" y="111.42"/>
        <vehicle id="cfm-fast_5" eclass="HBEFA3/PC_G_EU4" CO2="29507.50" CO="544.37" HC="3.21" NOx="13.48" PMx="0.72" fuel="12.68" electricity="0.00" noise="91.84" route="routeright" type="cfm-fast" waiting="0.00" lane="right_0" pos="41.59" speed="15.56" angle="289.68" x="81.64" y="129.86"/>
        <vehicle id="cfm-slow_0" eclass="HBEFA3/PC_G_EU4" CO2="24913.34" CO="456.96" HC="2.69" NOx="11.35" PMx="0.60" fuel="10.71" electricity="0.00" noise="88.74" route="routetop" type="cfm-slow" waiting="0.00" lane="top_0" pos="6.75" speed="14.19" angle="262.28" x="49.15" y="130.71"/>
        <vehicle id="cfm-slow_1" eclass="HBEFA3/PC_G_EU4" CO2="24980.54" CO="458.32" HC="2.70" NOx="11.38" PMx="0.60" fuel="10.74" electricity="0.00" noise="88.82" route="routetop" type="cfm-slow" waiting="0.00" lane="top_0" pos="22.59" speed="14.20" angle="233.77" x="18.96" y="115.70"/>
        <vehicle id="cfm-slow_2" eclass="HBEFA3/PC_G_EU4" CO2="25415.55" CO="467.15" HC="2.75" NOx="11.58" PMx="0.61" fuel="10.92" electricity="0.00" noise="89.30" route="routetop" type="cfm-slow" waiting="0.00" lane="top_0" pos="38.42" speed="14.22" angle="205.38" x="-0.44" y="88.12"/>
        <vehicle id="cfm-slow_3" eclass="HBEFA3/PC_G_EU4" CO2="27654.58" CO="512.44" HC="3.01" NOx="12.64" PMx="0.67" fuel="11.89" electricity="0.00" noise="91.71" route="routetop" type="cfm-slow" waiting="0.00" lane="left_0" pos="4.29" speed="14.36" angle="176.82" x="-4.31" y="54.38"/>
        <vehicle id="cfm-slow_4" eclass="HBEFA3/PC_G_EU4" CO2="36282.54" CO="686.17" HC="4.02" NOx="16.69" PMx="0.90" fuel="15.60" electricity="0.00" noise="100.18" route="routeleft" type="cfm-slow" waiting="0.00" lane="left_0" pos="20.31" speed="15.08" angle="147.88" x="8.56" y="22.79"/>
        <vehicle id="cfm-slow_5" eclass="HBEFA3/PC_G_EU4" CO2="56588.87" CO="1093.59" HC="6.38" NOx="26.21" PMx="1.43" fuel="24.32" electricity="0.00" noise="114.61" route="routeleft" type="cfm-slow" waiting="0.00" lane="left_0" pos="37.12" speed="17.79" angle="117.69" x="36.61" y="0.61"/>
    </timestep>
    <timestep time="1.33">
        <vehicle id="cfm-fast_0" eclass="HBEFA3/PC_G_EU4" CO2="65725.11" CO="1281.92" HC="7.47" NOx="30.52" PMx="1.66" fuel="28.25" electricity="0.00" noise="123.53" route="routebottom" type="cfm-fast" waiting="0.00" lane="bottom_0" pos="12.97" speed="17.71" angle="71.17" x="90.89" y="0.69"/>
        <vehicle id="cfm-fast_1" eclass="HBEFA3/PC_G_EU4" CO2="65725.09" CO="1281.92" HC="7.47" NOx="30.52" PMx="1.66" fuel="28.25" electricity="0.00" noise="123.53" route="routebottom" type="cfm-fast" waiting="0.00" lane="bottom_1" pos="28.80" speed="17.71" angle="42.62" x="115.00" y="23.32"/>
        <vehicle id="cfm-fast_2" eclass="HBEFA3/PC_G_EU4" CO2="41323.15" CO="783.97" HC="4.59" NOx="19.04" PMx="1.03" fuel="17.76" electricity="0.00" noise="102.75" route="routebottom" type="cfm-fast" waiting="0.00" lane="bottom_0" pos="44.43" speed="16.41" angle="14.56" x="131.20" y="51.64"/>
        <vehicle id="cfm-fast_3" eclass="HBEFA3/PC_G_EU4" CO2="65719.05" CO="1281.80" HC="7.47" NOx="30.52" PMx="1.66" fuel="28.25" electricity="0.00" noise="123.53" route="routebottom" type="cfm-fast" waiting="0.00" lane="right_0" pos="10.47" speed="17.70" angle="345.65" x="128.58" y="85.87"/>
        <vehicle id="cfm-fast_4" eclass="HBEFA3/PC_G_EU4" CO2="65642.27" CO="1280.28" HC="7.46" NOx="30.48" PMx="1.66" fuel="28.22" electricity="0.00" noise="123.52" route="routeright" type="cfm-fast" waiting="0.00" lane="right_1" pos="26.29" speed="17.68" angle="317.23" x="107.93" y="111.67"/>
        <vehicle id="cfm-fast_5" eclass="HBEFA3/PC_G_EU4" CO2="29311.29" CO="540.03" HC="3.18" NOx="13.39" PMx="0.71" fuel="12.60" electricity="0.00" noise="91.52" route="routeright" type="cfm-fast" waiting="0.00" lane="right_0" pos="41.75" speed="15.63" angle="289.40" x="81.32" y="129.95"/>
        <vehicle id="cfm-slow_0" eclass="HBEFA3/PC_G_EU4" CO2="24809.75" CO="454.47" HC="2.68" NOx="11.30" PMx="0.60" fuel="10.66" electricity="0.00" noise="88.53" route="routetop" type="cfm-slow" waiting="0.00" lane="top_0" pos="6.90" speed="14.25" angle="262.01" x="48.85" y="130.64"/>
        <vehicle id="cfm-slow_1" eclass="HBEFA3/PC_G_EU4" CO2="24880.61" CO="455.91" HC="2.69" NOx="11.33" PMx="0.60" fuel="10.69" electricity="0.00" noise="88.61" route="routetop" type="cfm-slow" waiting="0.00" lane="top_0" pos="22.73" speed="14.26" angle="233.51" x="18.73" y="115.50"/>
        <vehicle id="cfm-slow_2" eclass="HBEFA3/PC_G_EU4" CO2="25333.74" CO="465.11" HC="2.74" NOx="11.54" PMx="0.61" fuel="10.89" electricity="0.00" noise="89.10" route="routetop" type="cfm-slow" waiting="0.00" lane="top_0" pos="38.57" speed="14.28" angle="205.14" x="-0.55" y="87.83"/>
        <vehicle id="cfm-slow_3" eclass="HBEFA3/PC_G_EU4" CO2="27636.46" CO="511.69" HC="3.01" NOx="12.63" PMx="0.67" fuel="11.88" electricity="0.00" noise="91.57" route="routetop" type="cfm-slow" waiting="0.00" lane="left_0" pos="4.43" speed="14.43" angle="176.56" x="-4.27" y="54.07"/>
        <vehicle id="cfm-slow_4" eclass="HBEFA3/PC_G_EU4" CO2="36379.77" CO="687.74" HC="4.03" NOx="16.73" PMx="0.90" fuel="15.64" electricity="0.00" noise="100.10" route="routeleft" type="cfm-slow" waiting="0.00" lane="left_0" pos="20.46" speed="15.17" angle="147.64" x="8.75" y="22.53"/>
        <vehicle id="cfm-slow_5" eclass="HBEFA3/PC_G_EU4" CO2="56539.26" CO="1092.25" HC="6.37" NOx="26.18" PMx="1.42" fuel="24.30" electricity="0.00" noise="114.27" route="routeleft" type="cfm-slow" waiting="0.00" lane="left_0" pos="37.30" speed="17.90" angle="117.41" x="36.97" y="0.46"/>
    </timestep>
    <timestep time="1.34">
        <vehicle id="cfm-fast_0" eclass="HBEFA3/PC_G_EU4" CO2="66230.18" CO="1291.94" HC="7.52" NOx="30.76" PMx="1.68" fuel="28.47" electricity="0.00" noise="123.59" route="routebottom" type="cfm-fast" waiting="0.00" lane="bottom_0" pos="13.15" speed="17.84" angle="70.84" x="91.24" y="0.85"/>
        <vehicle id="cfm-fast_1" eclass="HBEFA3/PC_G_EU4" CO2="66230.16" CO="1291.94" HC="7.52" NOx="30.76" PMx="1.68" fuel="28.47" electricity="0.00" noise="123.59" route="routebottom" type="cfm-fast" waiting="0.00" lane="bottom_1" pos="28.98" speed="17.84" angle="42.29" x="115.22" y="23.60"/>
        <vehicle id="cfm-fast_2" eclass="HBEFA3/PC_G_EU4" CO2="41423.64" CO="785.68" HC="4.60" NOx="19.08" PMx="1.03" fuel="17.81" electricity="0.00" noise="102.67" route="routebottom" type="cfm-fast" waiting="0.00" lane="bottom_0" pos="44.59" speed="16.50" angle="14.25" x="131.27" y="51.99"/>
        <vehicle id="cfm-fast_3" eclass="HBEFA3/PC_G_EU4" CO2="66224.12" CO="1291.82" HC="7.52" NOx="30.75" PMx="1.68" fuel="28.47" electricity="0.00" noise="123.59" route="routebottom" type="cfm-fast" waiting="0.00" lane="right_0" pos="10.64" speed="17.84" angle="345.31" x="128.45" y="86.23"/>
        <vehicle id="cfm-fast_4" eclass="HBEFA3/PC_G_EU4" CO2="66147.30" CO="1290.29" HC="7.51" NOx="30.72" PMx="1.68" fuel="28.43" electricity="0.00" noise="123.58" route="routeright" type="cfm-fast" waiting="0.00" lane="right_1" pos="26.47" speed="17.82" angle="316.91" x="107.66" y="111.92"/>
        <vehicle id="cfm-fast_5" eclass="HBEFA3/PC_G_EU4" CO2="29114.62" CO="535.68" HC="3.16" NOx="13.29" PMx="0.71" fuel="12.51" electricity="0.00" noise="91.21" route="routeright" type="cfm-fast" waiting="0.00" lane="right_0" pos="41.90" speed="15.69" angle="289.11" x="80.99" y="130.04"/>
        <vehicle id="cfm-slow_0" eclass="HBEFA3/PC_G_EU4" CO2="24705.48" CO="451.98" HC="2.67" NOx="11.25" PMx="0.60" fuel="10.62" electricity="0.00" noise="88.31" route="routetop" type="cfm-slow" waiting="0.00" lane="top_0" pos="7.04" speed="14.31" angle="261.74" x="48.55" y="130.58"/>
        <vehicle id="cfm-slow_1" eclass="HBEFA3/PC_G_EU4" CO2="24780.14" CO="453.50" HC="2.67" NOx="11.28" PMx="0.60" fuel="10.65" electricity="0.00" noise="88.40" route="routetop" type="cfm-slow" waiting="0.00" lane="top_0" pos="22.87" speed="14.32" angle="233.24" x="18.49" y="115.30"/>
        <vehicle id="cfm-slow_2" eclass="HBEFA3/PC_G_EU4" CO2="25251.85" CO="463.08" HC="2.73" NOx="11.50" PMx="0.61" fuel="10.85" electricity="0.00" noise="88.91" route="routetop" type="cfm-slow" waiting="0.00" lane="top_0" pos="38.71" speed="14.34" angle="204.87" x="-0.65" y="87.54"/>
        <vehicle id="cfm-slow_3" eclass="HBEFA3/PC_G_EU4" CO2="27618.73" CO="510.95" HC="3.01" NOx="12.62" PMx="0.67" fuel="11.87" electricity="0.00" noise="91.44" route="routetop" type="cfm-slow" waiting="0.00" lane="left_0" pos="4.57" speed="14.49" angle="176.30" x="-4.22" y="53.76"/>
        <vehicle id="cfm-slow_4" eclass="HBEFA3/PC_G_EU4" CO2="36475.07" CO="689.28" HC="4.04" NOx="16.78" PMx="0.90" fuel="15.68" electricity="0.00" noise="100.02" route="routeleft" type="cfm-slow" waiting="0.00" lane="left_0" pos="20.61" speed="15.26" angle="147.38" x="8.95" y="22.27"/>
        <vehicle id="cfm-slow_5" eclass="HBEFA3/PC_G_EU4" CO2="56490.29" CO="1090.94" HC="6.37" NOx="26.16" PMx="1.42" fuel="24.28" electricity="0.00" noise="113.94" route="routeleft" type="cfm-slow" waiting="0.00" lane="left_0" pos="37.48" speed="18.02" angle="117.08" x="37.33" y="0.31"/>
    </timestep>
    <timestep time="1.35">
        <vehicle id="cfm-fast_0" eclass="HBEFA3/PC_G_EU4" CO2="66735.54" CO="1301.97" HC="7.58" NOx="30.99" PMx="1.69" fuel="28.69" electricity="0.00" noise="123.66" route="routebottom" type="cfm-fast" waiting="0.00" lane="bottom_0" pos="13.33" speed="17.98" angle="70.50" x="91.59" y="1.00"/>
        <vehicle id="cfm-fast_1" eclass="HBEFA3/PC_G_EU4" CO2="66735.53" CO="1301.97" HC="7.58" NOx="30.99" PMx="1.69" fuel="28.69" electricity="0.00" noise="123.66" route="routebottom" type="cfm-fast" waiting="0.00" lane="bottom_1" pos="29.16" speed="17.98" angle="41.95" x="115.45" y="23.89"/>
        <vehicle id="cfm-fast_2" eclass="HBEFA3/PC_G_EU4" CO2="41526.29" CO="787.45" HC="4.61" NOx="19.13" PMx="1.03" fuel="17.85" electricity="0.00" noise="102.59" route="routebottom" type="cfm-fast" waiting="0.00" lane="bottom_0" pos="44.76" speed="16.59" angle="13.93" x="131.33" y="52.34"/>
        <vehicle id="cfm-fast_3" eclass="HBEFA3/PC_G_EU4" CO2="66729.48" CO="1301.85" HC="7.58" NOx="30.99" PMx="1.69" fuel="28.68" electricity="0.00" noise="123.66" route="routebottom" type="cfm-fast" waiting="0.00" lane="right_0" pos="10.82" speed="17.98" angle="344.96" x="128.32" y="86.60"/>
        <vehicle id="cfm-fast_4" eclass="HBEFA3/PC_G_EU4" CO2="66652.61" CO="1300.32" HC="7.57" NOx="30.95" PMx="1.69" fuel="28.65" electricity="0.00" noise="123.65" route="routeright" type="cfm-fast" waiting="0.00" lane="right_1" pos="26.65" speed="17.96" angle="316.58" x="107.39" y="112.17"/>
        <vehicle id="cfm-fast_5" eclass="HBEFA3/PC_G_EU4" CO2="28917.56" CO="531.33" HC="3.13" NOx="13.20" PMx="0.70" fuel="12.43" electricity="0.00" noise="90.91" route="routeright" type="cfm-fast" waiting="0.00" lane="right_0" pos="42.06" speed="15.76" angle="288.83" x="80.66" y="130.13"/>
        <vehicle id="cfm-slow_0" eclass="HBEFA3/PC_G_EU4" CO2="24600.57" CO="449.49" HC="2.65" NOx="11.20" PMx="0.59" fuel="10.57" electricity="0.00" noise="88.10" route="routetop" type="cfm-slow" waiting="0.00" lane="top_0" pos="7.18" speed="14.37" angle="261.47" x="48.25" y="130.51"/>
        <vehicle id="cfm-slow_1" eclass="HBEFA3/PC_G_EU4" CO2="24679.18" CO="451.08" HC="2.66" NOx="11.23" PMx="0.59" fuel="10.61" electricity="0.00" noise="88.19" route="routetop" type="cfm-slow" waiting="0.00" lane="top_0" pos="23.02" speed="14.38" angle="233.02" x="18.26" y="115.10"/>
        <vehicle id="cfm-slow_2" eclass="HBEFA3/PC_G_EU4" CO2="25169.93" CO="461.05" HC="2.72" NOx="11.46" PMx="0.61" fuel="10.82" electricity="0.00" noise="88.73" route="routetop" type="cfm-slow" waiting="0.00" lane="top_0" pos="38.85" speed="14.40" angle="204.61" x="-0.76" y="87.25"/>
        <vehicle id="cfm-slow_3" eclass="HBEFA3/PC_G_EU4" CO2="27601.42" CO="510.22" HC="3.00" NOx="12.61" PMx="0.67" fuel="11.86" electricity="0.00" noise="91.30" route="routetop" type="cfm-slow" waiting="0.00" lane="left_0" pos="4.72" speed="14.56" angle="176.03" x="-4.18" y="53.45"/>
        <vehicle id="cfm-slow_4" eclass="HBEFA3/PC_G_EU4" CO2="36568.49" CO="690.79" HC="4.05" NOx="16.82" PMx="0.90" fuel="15.72" electricity="0.00" noise="99.95" route="routeleft" type="cfm-slow" waiting="0.00" lane="left_0" pos="20.76" speed="15.34" angle="147.10" x="9.16" y="22.01"/>
        <vehicle id="cfm-slow_5" eclass="HBEFA3/PC_G_EU4" CO2="56442.12" CO="1089.66" HC="6.36" NOx="26.13" PMx="1.42" fuel="24.26" electricity="0.00" noise="113.62" route="routeleft" type="cfm-slow" waiting="0.00" lane="left_0" pos="37.66" speed="18.13" angle="116.74" x="37.69" y="0.17"/>
    </timestep>
    <timestep time="1.36">
        <vehicle id="cfm-fast_0" eclass="HBEFA3/PC_G_EU4" CO2="67241.19" CO="1312.03" HC="7.64" NOx="31.23" PMx="1.70" fuel="28.90" electricity="0.00" noise="123.72" route="routebottom" type="cfm-fast" waiting="0.00" lane="bottom_0" pos="13.51" speed="18.12" angle="70.17" x="91.95" y="1.16"/>
        <vehicle id="cfm-fast_1" eclass="HBEFA3/PC_G_EU4" CO2="67241.18" CO="1312.03" HC="7.64" NOx="31.23" PMx="1.70" fuel="28.90" electricity="0.00" noise="123.72" route="routebottom" type="cfm-fast" waiting="0.00" lane="bottom_1" pos="29.34" speed="18.12" angle="41.62" x="115.68" y="24.19"/>
        <vehicle id="cfm-fast_2" eclass="HBEFA3/PC_G_EU4" CO2="41631.13" CO="789.27" HC="4.62" NOx="19.18" PMx="1.04" fuel="17.90" electricity="0.00" noise="102.51" route="routebottom" type="cfm-fast" waiting="0.00" lane="bottom_0" pos="44.93" speed="16.68" angle="13.70" x="131.40" y="52.70"/>
        <vehicle id="cfm-fast_3" eclass="HBEFA3/PC_G_EU4" CO2="67235.13" CO="1311.91" HC="7.64" NOx="31.22" PMx="1.70" fuel="28.90" electricity="0.00" noise="123.72" route="routebottom" type="cfm-fast" waiting="0.00" lane="right_0" pos="11.01" speed="18.11" angle="344.62" x="128.18" y="86.96"/>
        <vehicle id="cfm-fast_4" eclass="HBEFA3/PC_G_EU4" CO2="67158.22" CO="1310.38" HC="7.63" NOx="31.19" PMx="1.70" fuel="28.87" electricity="0.00" noise="123.71" route="routeright" type="cfm-fast" waiting="0.00" lane="right_1" pos="26.83" speed="18.09" angle="316.27" x="107.12" y="112.42"/>
        <vehicle id="cfm-fast_5" eclass="HBEFA3/PC_G_EU4" CO2="28720.18" CO="526.98" HC="3.11" NOx="13.10" PMx="0.70" fuel="12.35" electricity="0.00" noise="90.61" route="routeright" type="cfm-fast" waiting="0.00" lane="right_0" pos="42.22" speed="15.82" angle="288.54" x="80.33" y="130.21"/>
        <vehicle id="cfm-slow_0" eclass="HBEFA3/PC_G_EU4" CO2="24495.05" CO="446.98" HC="2.64" NOx="11.15" PMx="0.59" fuel="10.53" electricity="0.00" noise="87.89" route="routetop" type="cfm-slow" waiting="0.00" lane="top_0" pos="7.33" speed="14.43" angle="261.20" x="47.95" y="130.44"/>
        <vehicle id="cfm-slow_1" eclass="HBEFA3/PC_G_EU4" CO2="24577.76" CO="448.66" HC="2.65" NOx="11.18" PMx="0.59" fuel="10.56" electricity="0.00" noise="87.98" route="routetop" type="cfm-slow" waiting="0.00" lane="top_0" pos="23.16" speed="14.43" angle="232.79" x="18.03" y="114.90"/>
        <vehicle id="cfm-slow_2" eclass="HBEFA3/PC_G_EU4" CO2="25088.00" CO="459.02" HC="2.71" NOx="11.42" PMx="0.60" fuel="10.78" electricity="0.00" noise="88.54" route="routetop" type="cfm-slow" waiting="0.00" lane="top_0" pos="39.00" speed="14.46" angle="204.34" x="-0.86" y="86.95"/>
        <vehicle id="cfm-slow_3" eclass="HBEFA3/PC_G_EU4" CO2="27584.52" CO="509.51" HC="3.00" NOx="12.60" PMx="0.67" fuel="11.86" electricity="0.00" noise="91.18" route="routetop" type="cfm-slow" waiting="0.00" lane="left_0" pos="4.87" speed="14.63" angle="175.77" x="-4.14" y="53.14"/>
        <vehicle id="cfm-slow_4" eclass="HBEFA3/PC_G_EU4" CO2="36660.07" CO="692.26" HC="4.06" NOx="16.86" PMx="0.91" fuel="15.76" electricity="0.00" noise="99.87" route="routeleft" type="cfm-slow" waiting="0.00" lane="left_0" pos="20.92" speed="15.43" angle="146.81" x="9.36" y="21.75"/>
        <vehicle id="cfm-slow_5" eclass="HBEFA3/PC_G_EU4" CO2="56394.90" CO="1088.41" HC="6.35" NOx="26.10" PMx="1.42" fuel="24.24" electricity="0.00" noise="113.30" route="routeleft" type="cfm-slow" waiting="0.00" lane="left_0" pos="37.84" speed="18.24" angle="116.41" x="38.05" y="0.02"/>
    </timestep>
    <timestep time="1.37">
        <vehicle id="cfm-fast_0" eclass="HBEFA3/PC_G_EU4" CO2="67747.14" CO="1322.11" HC="7.70" NOx="31.46" PMx="1.72" fuel="29.12" electricity="0.00" noise="123.78" route="routebottom" type="cfm-fast" waiting="0.00" lane="bottom_0" pos="13.69" speed="18.25" angle="69.83" x="92.31" y="1.33"/>
        <vehicle id="cfm-fast_1" eclass="HBEFA3/PC_G_EU4" CO2="67747.13" CO="1322.11" HC="7.70" NOx="31.46" PMx="1.72" fuel="29.12" electricity="0.00" noise="123.78" route="routebottom" type="cfm-fast" waiting="0.00" lane="bottom_1" pos="29.52" speed="18.25" angle="41.35" x="115.91" y="24.48"/>
        <vehicle id="cfm-fast_2" eclass="HBEFA3/PC_G_EU4" CO2="41738.20" CO="791.14" HC="4.63" NOx="19.22" PMx="1.04" fuel="17.94" electricity="0.00" noise="102.44" route="routebottom" type="cfm-fast" waiting="0.00" lane="bottom_0" pos="45.09" speed="16.77" angle="13.39" x="131.45" y="53.05"/>
        <vehicle id="cfm-fast_3" eclass="HBEFA3/PC_G_EU4" CO2="67741.07" CO="1321.99" HC="7.70" NOx="31.46" PMx="1.72" fuel="29.12" electricity="0.00" noise="123.78" route="routebottom" type="cfm-fast" waiting="0.00" lane="right_0" pos="11.19" speed="18.25" angle="344.27" x="128.05" y="87.33"/>
        <vehicle id="cfm-fast_4" eclass="HBEFA3/PC_G_EU4" CO2="67664.12" CO="1320.45" HC="7.69" NOx="31.42" PMx="1.72" fuel="29.09" electricity="0.00" noise="123.77" route="routeright" type="cfm-fast" waiting="0.00" lane="right_1" pos="27.01" speed="18.23" angle="315.96" x="106.84" y="112.67"/>
        <vehicle id="cfm-fast_5" eclass="HBEFA3/PC_G_EU4" CO2="28522.53" CO="522.63" HC="3.08" NOx="13.01" PMx="0.69" fuel="12.26" electricity="0.00" noise="90.31" route="routeright" type="cfm-fast" waiting="0.00" lane="right_0" pos="42.38" speed="15.88" angle="288.31" x="80.00" y="130.30"/>
        <vehicle id="cfm-slow_0" eclass="HBEFA3/PC_G_EU4" CO2="24388.97" CO="444.47" HC="2.62" NOx="11.09" PMx="0.59" fuel="10.48" electricity="0.00" noise="87.69" route="routetop" type="cfm-slow" waiting="0.00" lane="top_0" pos="7.47" speed="14.49" angle="260.93" x="47.64" y="130.37"/>
        <vehicle id="cfm-slow_1" eclass="HBEFA3/PC_G_EU4" CO2="24475.93" CO="446.24" HC="2.63" NOx="11.13" PMx="0.59" fuel="10.52" electricity="0.00" noise="87.78" route="routetop" type="cfm-slow" waiting="0.00" lane="top_0" pos="23.31" speed="14.49" angle="232.53" x="17.80" y="114.68"/>
        <vehicle id="cfm-slow_2" eclass="HBEFA3/PC_G_EU4" CO2="25006.11" CO="457.00" HC="2.70" NOx="11.38" PMx="0.60" fuel="10.75" electricity="0.00" noise="88.36" route="routetop" type="cfm-slow" waiting="0.00" lane="top_0" pos="39.14" speed="14.52" angle="204.07" x="-0.97" y="86.66"/>
        <vehicle id="cfm-slow_3" eclass="HBEFA3/PC_G_EU4" CO2="27568.06" CO="508.82" HC="3.00" NOx="12.59" PMx="0.67" fuel="11.85" electricity="0.00" noise="91.05" route="routetop" type="cfm-slow" waiting="0.00" lane="left_0" pos="5.01" speed="14.69" angle="175.43" x="-4.09" y="52.83"/>
        <vehicle id="cfm-slow_4" eclass="HBEFA3/PC_G_EU4" CO2="36749.87" CO="693.71" HC="4.07" NOx="16.90" PMx="0.91" fuel="15.80" electricity="0.00" noise="99.79" route="routeleft" type="cfm-slow" waiting="0.00" lane="left_0" pos="21.07" speed="15.51" angle="146.53" x="9.57" y="21.49"/>
        <vehicle id="cfm-slow_5" eclass="HBEFA3/PC_G_EU4" CO2="56348.76" CO="1087.19" HC="6.35" NOx="26.08" PMx="1.42" fuel="24.22" electricity="0.00" noise="113.00" route="routeleft" type="cfm-slow" waiting="0.00" lane="left_0" pos="38.03" speed="18.35" angle="116.07" x="38.42" y="-0.13"/>
    </timestep>
    <timestep time="1.38">
        <vehicle id="cfm-fast_0" eclass="HBEFA3/PC_G_EU4" CO2="68253.38" CO="1332.21" HC="7.76" NOx="31.70" PMx="1.73" fuel="29.34" electricity="0.00" noise="123.85" route="routebottom" type="cfm-fast" waiting="0.00" lane="bottom_0" pos="13.87" speed="18.39" angle="69.49" x="92.67" y="1.49"/>
        <vehicle id="cfm-fast_1" eclass="HBEFA3/PC_G_EU4" CO2="68253.36" CO="1332.21" HC="7.76" NOx="31.70" PMx="1.73" fuel="29.34" electricity="0.00" noise="123.85" route="routebottom" type="cfm-fast" waiting="0.00" lane="bottom_1" pos="29.71" speed="18.39" angle="41.01" x="116.13" y="24.79"/>
        <vehicle id="cfm-fast_2" eclass="HBEFA3/PC_G_EU4" CO2="41847.52" CO="793.07" HC="4.65" NOx="19.27" PMx="1.04" fuel="17.99" electricity="0.00" noise="102.37" route="routebottom" type="cfm-fast" waiting="0.00" lane="bottom_0" pos="45.26" speed="16.86" angle="13.09" x="131.50" y="53.41"/>
        <vehicle id="cfm-fast_3" eclass="HBEFA3/PC_G_EU4" CO2="68247.31" CO="1332.09" HC="7.76" NOx="31.69" PMx="1.73" fuel="29.34" electricity="0.00" noise="123.85" route="routebottom" type="cfm-fast" waiting="0.00" lane="right_0" pos="11.37" speed="18.39" angle="343.92" x="127.91" y="87.70"/>
        <vehicle id="cfm-fast_4" eclass="HBEFA3/PC_G_EU4" CO2="68170.31" CO="1330.55" HC="7.75" NOx="31.66" PMx="1.73" fuel="29.30" electricity="0.00" noise="123.84" route="routeright" type="cfm-fast" waiting="0.00" lane="right_1" pos="27.20" speed="18.37" angle="315.60" x="106.55" y="112.91"/>
        <vehicle id="cfm-fast_5" eclass="HBEFA3/PC_G_EU4" CO2="28324.68" CO="518.29" HC="3.06" NOx="12.92" PMx="0.69" fuel="12.18" electricity="0.00" noise="90.01" route="routeright" type="cfm-fast" waiting="0.00" lane="right_0" pos="42.54" speed="15.94" angle="288.02" x="79.67" y="130.37"/>
        <vehicle id="cfm-slow_0" eclass="HBEFA3/PC_G_EU4" CO2="24282.35" CO="441.96" HC="2.61" NOx="11.04" PMx="0.58" fuel="10.44" electricity="0.00" noise="87.48" route="routetop" type="cfm-slow" waiting="0.00" lane="top_0" pos="7.62" speed="14.55" angle="260.70" x="47.34" y="130.30"/>
        <vehicle id="cfm-slow_1" eclass="HBEFA3/PC_G_EU4" CO2="24373.72" CO="443.82" HC="2.62" NOx="11.08" PMx="0.59" fuel="10.48" electricity="0.00" noise="87.58" route="routetop" type="cfm-slow" waiting="0.00" lane="top_0" pos="23.45" speed="14.55" angle="232.27" x="17.57" y="114.47"/>
        <vehicle id="cfm-slow_2" eclass="HBEFA3/PC_G_EU4" CO2="24924.29" CO="454.99" HC="2.68" NOx="11.34" PMx="0.60" fuel="10.71" electricity="0.00" noise="88.18" route="routetop" type="cfm-slow" waiting="0.00" lane="top_0" pos="39.29" speed="14.58" angle="203.80" x="-1.07" y="86.37"/>
        <vehicle id="cfm-slow_3" eclass="HBEFA3/PC_G_EU4" CO2="27552.03" CO="508.14" HC="2.99" NOx="12.58" PMx="0.67" fuel="11.84" electricity="0.00" noise="90.93" route="routetop" type="cfm-slow" waiting="0.00" lane="left_0" pos="5.16" speed="14.76" angle="175.20" x="-4.04" y="52.51"/>
        <vehicle id="cfm-slow_4" eclass="HBEFA3/PC_G_EU4" CO2="36837.93" CO="695.13" HC="4.07" NOx="16.94" PMx="0.91" fuel="15.83" electricity="0.00" noise="99.71" route="routeleft" type="cfm-slow" waiting="0.00" lane="left_0" pos="21.23" speed="15.60" angle="146.24" x="9.77" y="21.22"/>
        <vehicle id="cfm-slow_5" eclass="HBEFA3/PC_G_EU4" CO2="56303.85" CO="1086.01" HC="6.34" NOx="26.06" PMx="1.42" fuel="24.20" electricity="0.00" noise="112.70" route="routeleft" type="cfm-slow" waiting="0.00" lane="left_0" pos="38.21" speed="18.47" angle="115.73" x="38.79" y="-0.27"/>
    </timestep>
    <timestep time="1.39">
        <vehicle id="cfm-fast_0" eclass="HBEFA3/PC_G_EU4" CO2="68759.91" CO="1342.33" HC="7.82" NOx="31.93" PMx="1.74" fuel="29.56" electricity="0.00" noise="123.91" route="routebottom" type="cfm-fast" waiting="0.00" lane="bottom_0" pos="14.06" speed="18.52" angle="69.20" x="93.03" y="1.65"/>
        <vehicle id="cfm-fast_1" eclass="HBEFA3/PC_G_EU4" CO2="68759.89" CO="1342.33" HC="7.82" NOx="31.93" PMx="1.74" fuel="29.56" electricity="0.00" noise="123.91" route="routebottom" type="cfm-fast" waiting="0.00" lane="bottom_1" pos="29.89" speed="18.52" angle="40.68" x="116.35" y="25.10"/>
        <vehicle id="cfm-fast_2" eclass="HBEFA3/PC_G_EU4" CO2="41959.11" CO="795.05" HC="4.66" NOx="19.32" PMx="1.04" fuel="18.04" electricity="0.00" noise="102.30" route="routebottom" type="cfm-fast" waiting="0.00" lane="bottom_0" pos="45.43" speed="16.95" angle="12.78" x="131.55" y="53.77"/>
        <vehicle id="cfm-fast_3" eclass="HBEFA3/PC_G_EU4" CO2="68753.83" CO="1342.21" HC="7.82" NOx="31.93" PMx="1.74" fuel="29.55" electricity="0.00" noise="123.91" route="routebottom" type="cfm-fast" waiting="0.00" lane="right_0" pos="11.56" speed="18.52" angle="343.64" x="127.78" y="88.08"/>
        <vehicle id="cfm-fast_4" eclass="HBEFA3/PC_G_EU4" CO2="68676.79" CO="1340.67" HC="7.81" NOx="31.89" PMx="1.74" fuel="29.52" electricity="0.00" noise="123.90" route="routeright" type="cfm-fast" waiting="0.00" lane="right_1" pos="27.38" speed="18.50" angle="315.23" x="106.26" y="113.16"/>
        <vehicle id="cfm-fast_5" eclass="HBEFA3/PC_G_EU4" CO2="28126.69" CO="513.95" HC="3.03" NOx="12.82" PMx="0.68" fuel="12.09" electricity="0.00" noise="89.72" route="routeright" type="cfm-fast" waiting="0.00" lane="right_0" pos="42.70" speed="16.00" angle="287.73" x="79.33" y="130.45"/>
        <vehicle id="cfm-slow_0" eclass="HBEFA3/PC_G_EU4" CO2="24175.24" CO="439.44" HC="2.60" NOx="10.99" PMx="0.58" fuel="10.39" electricity="0.00" noise="87.28" route="routetop" type="cfm-slow" waiting="0.00" lane="top_0" pos="7.76" speed="14.60" angle="260.45" x="47.03" y="130.23"/>
        <vehicle id="cfm-slow_1" eclass="HBEFA3/PC_G_EU4" CO2="24271.17" CO="441.39" HC="2.61" NOx="11.04" PMx="0.58" fuel="10.43" electricity="0.00" noise="87.38" route="routetop" type="cfm-slow" waiting="0.00" lane="top_0" pos="23.60" speed="14.61" angle="232.00" x="17.34" y="114.26"/>
        <vehicle id="cfm-slow_2" eclass="HBEFA3/PC_G_EU4" CO2="24842.59" CO="452.99" HC="2.67" NOx="11.30" PMx="0.60" fuel="10.68" electricity="0.00" noise="88.00" route="routetop" type="cfm-slow" waiting="0.00" lane="top_0" pos="39.44" speed="14.64" angle="203.53" x="-1.18" y="86.07"/>
        <vehicle id="cfm-slow_3" eclass="HBEFA3/PC_G_EU4" CO2="27536.46" CO="507.47" HC="2.99" NOx="12.57" PMx="0.67" fuel="11.84" electricity="0.00" noise="90.80" route="routetop" type="cfm-slow" waiting="0.00" lane="left_0" pos="5.31" speed="14.82" angle="174.93" x="-3.99" y="52.20"/>
        <vehicle id="cfm-slow_4" eclass="HBEFA3/PC_G_EU4" CO2="36924.30" CO="696.52" HC="4.08" NOx="16.98" PMx="0.91" fuel="15.87" electricity="0.00" noise="99.63" route="routeleft" type="cfm-slow" waiting="0.00" lane="left_0" pos="21.39" speed="15.68" angle="145.95" x="9.98" y="20.96"/>
        <vehicle id="cfm-slow_5" eclass="HBEFA3/PC_G_EU4" CO2="56260.29" CO="1084.87" HC="6.33" NOx="26.03" PMx="1.42" fuel="24.18" electricity="0.00" noise="112.40" route="routeleft" type="cfm-slow" waiting="0.00" lane="left_0" pos="38.40" speed="18.58" angle="115.41" x="39.16" y="-0.42"/>
    </timestep>
    <timestep time="1.40">
        <vehicle id="cfm-fast_0" eclass="HBEFA3/PC_G_EU4" CO2="69266.73" CO="1352.47" HC="7.88" NOx="32.17" PMx="1.76" fuel="29.77" electricity="0.00" noise="123.97" route="routebottom" type="cfm-fast" waiting="0.00" lane="bottom_0" pos="14.24" speed="18.66" angle="68.86" x="93.39" y="1.83"/>
        <vehicle id="cfm-fast_1" eclass="HBEFA3/PC_G_EU4" CO2="69266.72" CO="1352.47" HC="7.88" NOx="32.17" PMx="1.76" fuel="29.77" electricity="0.00" noise="123.97" route="routebottom" type="cfm-fast" waiting="0.00" lane="bottom_1" pos="30.08" speed="18.66" angle="40.35" x="116.58" y="25.41"/>
        <vehicle id="cfm-fast_2" eclass="HBEFA3/PC_G_EU4" CO2="42073.00" CO="797.09" HC="4.67" NOx="19.38" PMx="1.05" fuel="18.09" electricity="0.00" noise="102.24" route="routebottom" type="cfm-fast" waiting="0.00" lane="bottom_0" pos="45.60" speed="17.04" angle="12.47" x="131.60" y="54.14"/>
        <vehicle id="cfm-fast_3" eclass="HBEFA3/PC_G_EU4" CO2="69260.65" CO="1352.35" HC="7.87" NOx="32.17" PMx="1.76" fuel="29.77" electricity="0.00" noise="123.97" route="routebottom" type="cfm-fast" waiting="0.00" lane="right_0" pos="11.74" speed="18.66" angle="343.30" x="127.63" y="88.45"/>
        <vehicle id="cfm-fast_4" eclass="HBEFA3/PC_G_EU4" CO2="69183.56" CO="1350.81" HC="7.87" NOx="32.13" PMx="1.76" fuel="29.74" electricity="0.00" noise="123.96" route="routeright" type="cfm-fast" waiting="0.00" lane="right_1" pos="27.57" speed="18.64" angle="314.87" x="105.97" y="113.40"/>
        <vehicle id="cfm-fast_5" eclass="HBEFA3/PC_G_EU4" CO2="27928.61" CO="509.61" HC="3.01" NOx="12.73" PMx="0.68" fuel="12.01" electricity="0.00" noise="89.43" route="routeright" type="cfm-fast" waiting="0.00" lane="right_0" pos="42.86" speed="16.07" angle="287.43" x="79.00" y="130.53"/>
        <vehicle id="cfm-slow_0" eclass="HBEFA3/PC_G_EU4" CO2="24067.66" CO="436.91" HC="2.58" NOx="10.94" PMx="0.58" fuel="10.35" electricity="0.00" noise="87.08" route="routetop" type="cfm-slow" waiting="0.00" lane="top_0" pos="7.91" speed="14.66" angle="260.18" x="46.73" y="130.14"/>
        <vehicle id="cfm-slow_1" eclass="HBEFA3/PC_G_EU4" CO2="24168.32" CO="438.96" HC="2.59" NOx="10.99" PMx="0.58" fuel="10.39" electricity="0.00" noise="87.19" route="routetop" type="cfm-slow" waiting="0.00" lane="top_0" pos="23.74" speed="14.67" angle="231.74" x="17.11" y="114.04"/>
        <vehicle id="cfm-slow_2" eclass="HBEFA3/PC_G_EU4" CO2="24761.03" CO="450.99" HC="2.66" NOx="11.26" PMx="0.60" fuel="10.64" electricity="0.00" noise="87.82" route="routetop" type="cfm-slow" waiting="0.00" lane="top_0" pos="39.58" speed="14.70" angle="203.26" x="-1.29" y="85.77"/>
        <vehicle id="cfm-slow_3" eclass="HBEFA3/PC_G_EU4" CO2="27521.35" CO="506.82" HC="2.99" NOx="12.56" PMx="0.67" fuel="11.83" electricity="0.00" noise="90.69" route="routetop" type="cfm-slow" waiting="0.00" lane="left_0" pos="5.46" speed="14.89" angle="174.66" x="-3.93" y="51.88"/>
        <vehicle id="cfm-slow_4" eclass="HBEFA3/PC_G_EU4" CO2="37009.02" CO="697.88" HC="4.09" NOx="17.02" PMx="0.92" fuel="15.91" electricity="0.00" noise="99.55" route="routeleft" type="cfm-slow" waiting="0.00" lane="left_0" pos="21.54" speed="15.76" angle="145.66" x="10.19" y="20.69"/>
        <vehicle id="cfm-slow_5" eclass="HBEFA3/PC_G_EU4" CO2="56218.21" CO="1083.77" HC="6.33" NOx="26.01" PMx="1.42" fuel="24.17" electricity="0.00" noise="112.11" route="routeleft" type="cfm-slow" waiting="0.00" lane="left_0" pos="38.59" speed="18.69" angle="115.10" x="39.54" y="-0.56"/>
    </timestep>
    <timestep time="1.41">
        <vehicle id="cfm-fast_0" eclass="HBEFA3/PC_G_EU4" CO2="69773.85" CO="1362.64" HC="7.93" NOx="32.40" PMx="1.77" fuel="29.99" electricity="0.00" noise="124.04" route="routebottom" type="cfm-fast" waiting="0.00" lane="bottom_0" pos="14.43" speed="18.80" angle="68.51" x="93.75" y="2.01"/>
        <vehicle id="cfm-fast_1" eclass="HBEFA3/PC_G_EU4" CO2="69773.83" CO="1362.64" HC="7.93" NOx="32.40" PMx="1.77" fuel="29.99" electricity="0.00" noise="124.04" route="routebottom" type="cfm-fast" waiting="0.00" lane="bottom_1" pos="30.27" speed="18.80" angle="40.01" x="116.80" y="25.72"/>
        <vehicle id="cfm-fast_2" eclass="HBEFA3/PC_G_EU4" CO2="42189.22" CO="799.18" HC="4.68" NOx="19.43" PMx="1.05" fuel="18.13" electricity="0.00" noise="102.18" route="routebottom" type="cfm-fast" waiting="0.00" lane="bottom_0" pos="45.77" speed="17.12" angle="12.16" x="131.65" y="54.50"/>
        <vehicle id="cfm-fast_3" eclass="HBEFA3/PC_G_EU4" CO2="69767.76" CO="1362.51" HC="7.93" NOx="32.40" PMx="1.77" fuel="29.99" electricity="0.00" noise="124.04" route="routebottom" type="cfm-fast" waiting="0.00" lane="right_0" pos="11.93" speed="18.80" angle="342.95" x="127.48" y="88.82"/>
        <vehicle id="cfm-fast_4" eclass="HBEFA3/PC_G_EU4" CO2="69690.63" CO="1360.97" HC="7.92" NOx="32.37" PMx="1.77" fuel="29.96" electricity="0.00" noise="124.03" route="routeright" type="cfm-fast" waiting="0.00" lane="right_1" pos="27.75" speed="18.77" angle="314.50" x="105.67" y="113.65"/>
        <vehicle id="cfm-fast_5" eclass="HBEFA3/PC_G_EU4" CO2="27730.49" CO="505.28" HC="2.98" NOx="12.63" PMx="0.67" fuel="11.92" electricity="0.00" noise="89.14" route="routeright" type="cfm-fast" waiting="0.00" lane="right_0" pos="43.02" speed="16.13" angle="287.14" x="78.66" y="130.60"/>
        <vehicle id="cfm-slow_0" eclass="HBEFA3/PC_G_EU4" CO2="23959.65" CO="434.39" HC="2.57" NOx="10.89" PMx="0.58" fuel="10.30" electricity="0.00" noise="86.88" route="routetop" type="cfm-slow" waiting="0.00" lane="top_0" pos="8.06" speed="14.72" angle="259.92" x="46.42" y="130.06"/>
        <vehicle id="cfm-slow_1" eclass="HBEFA3/PC_G_EU4" CO2="24065.20" CO="436.53" HC="2.58" NOx="10.94" PMx="0.58" fuel="10.34" electricity="0.00" noise="86.99" route="routetop" type="cfm-slow" waiting="0.00" lane="top_0" pos="23.89" speed="14.72" angle="231.47" x="16.87" y="113.83"/>
        <vehicle id="cfm-slow_2" eclass="HBEFA3/PC_G_EU4" CO2="24679.65" CO="449.01" HC="2.65" NOx="11.22" PMx="0.59" fuel="10.61" electricity="0.00" noise="87.65" route="routetop" type="cfm-slow" waiting="0.00" lane="top_0" pos="39.73" speed="14.76" angle="203.04" x="-1.39" y="85.47"/>
        <vehicle id="cfm-slow_3" eclass="HBEFA3/PC_G_EU4" CO2="27506.71" CO="506.18" HC="2.98" NOx="12.55" PMx="0.67" fuel="11.82" electricity="0.00" noise="90.57" route="routetop" type="cfm-slow" waiting="0.00" lane="left_0" pos="5.61" speed="14.95" angle="174.39" x="-3.87" y="51.57"/>
        <vehicle id="cfm-slow_4" eclass="HBEFA3/PC_G_EU4" CO2="37092.16" CO="699.22" HC="4.10" NOx="17.05" PMx="0.92" fuel="15.94" electricity="0.00" noise="99.48" route="routeleft" type="cfm-slow" waiting="0.00" lane="left_0" pos="21.70" speed="15.85" angle="145.39" x="10.40" y="20.42"/>
        <vehicle id="cfm-slow_5" eclass="HBEFA3/PC_G_EU4" CO2="56177.73" CO="1082.72" HC="6.32" NOx="25.99" PMx="1.42" fuel="24.15" electricity="0.00" noise="111.83" route="routeleft" type="cfm-slow" waiting="0.00" lane="left_0" pos="38.77" speed="18.79" angle="114.75" x="39.92" y="-0.70"/>
    </timestep>
    <timestep time="1.42">
        <vehicle id="cfm-fast_0" eclass="HBEFA3/PC_G_EU4" CO2="70281.25" CO="1372.82" HC="7.99" NOx="32.64" PMx="1.78" fuel="30.21" electricity="0.00" noise="124.10" route="routebottom" type="cfm-fast" waiting="0.00" lane="bottom_0" pos="14.62" speed="18.93" angle="68.15" x="94.12" y="2.19"/>
        <vehicle id="cfm-fast_1" eclass="HBEFA3/PC_G_EU4" CO2="70281.24" CO="1372.82" HC="7.99" NOx="32.64" PMx="1.78" fuel="30.21" electricity="0.00" noise="124.10" route="routebottom" type="cfm-fast" waiting="0.00" lane="bottom_1" pos="30.46" speed="18.93" angle="39.67" x="117.03" y="26.03"/>
        <vehicle id="cfm-fast_2" eclass="HBEFA3/PC_G_EU4" CO2="42307.79" CO="801.33" HC="4.69" NOx="19.48" PMx="1.05" fuel="18.19" electricity="0.00" noise="102.13" route="routebottom" type="cfm-fast" waiting="0.00" lane="bottom_0" pos="45.94" speed="17.21" angle="11.85" x="131.71" y="54.87"/>
        <vehicle id="cfm-fast_3" eclass="HBEFA3/PC_G_EU4" CO2="70275.16" CO="1372.70" HC="7.99" NOx="32.64" PMx="1.78" fuel="30.21" electricity="0.00" noise="124.10" route="routebottom" type="cfm-fast" waiting="0.00" lane="right_0" pos="12.12" speed="18.93" angle="342.61" x="127.32" y="89.20"/>
        <vehicle id="cfm-fast_4" eclass="HBEFA3/PC_G_EU4" CO2="70197.99" CO="1371.15" HC="7.98" NOx="32.60" PMx="1.78" fuel="30.17" electricity="0.00" noise="124.09" route="routeright" type="cfm-fast" waiting="0.00" lane="right_1" pos="27.94" speed="18.91" angle="314.13" x="105.38" y="113.90"/>
        <vehicle id="cfm-fast_5" eclass="HBEFA3/PC_G_EU4" CO2="27532.40" CO="500.95" HC="2.96" NOx="12.54" PMx="0.67" fuel="11.83" electricity="0.00" noise="88.86" route="routeright" type="cfm-fast" waiting="0.00" lane="right_0" pos="43.18" speed="16.18" angle="286.84" x="78.32" y="130.68"/>
        <vehicle id="cfm-slow_0" eclass="HBEFA3/PC_G_EU4" CO2="23851.25" CO="431.86" HC="2.55" NOx="10.83" PMx="0.57" fuel="10.25" electricity="0.00" noise="86.68" route="routetop" type="cfm-slow" waiting="0.00" lane="top_0" pos="8.20" speed="14.77" angle="259.64" x="46.12" y="129.98"/>
        <vehicle id="cfm-slow_1" eclass="HBEFA3/PC_G_EU4" CO2="23961.85" CO="434.11" HC="2.57" NOx="10.89" PMx="0.58" fuel="10.30" electricity="0.00" noise="86.80" route="routetop" type="cfm-slow" waiting="0.00" lane="top_0" pos="24.04" speed="14.78" angle="231.21" x="16.64" y="113.61"/>
        <vehicle id="cfm-slow_2" eclass="HBEFA3/PC_G_EU4" CO2="24598.49" CO="447.03" HC="2.64" NOx="11.18" PMx="0.59" fuel="10.57" electricity="0.00" noise="87.48" route="routetop" type="cfm-slow" waiting="0.00" lane="top_0" pos="39.88" speed="14.81" angle="202.78" x="-1.49" y="85.17"/>
        <vehicle id="cfm-slow_3" eclass="HBEFA3/PC_G_EU4" CO2="27492.55" CO="505.56" HC="2.98" NOx="12.55" PMx="0.67" fuel="11.82" electricity="0.00" noise="90.45" route="routetop" type="cfm-slow" waiting="0.00" lane="left_0" pos="5.76" speed="15.01" angle="174.11" x="-3.81" y="51.25"/>
        <vehicle id="cfm-slow_4" eclass="HBEFA3/PC_G_EU4" CO2="37173.75" CO="700.53" HC="4.11" NOx="17.09" PMx="0.92" fuel="15.98" electricity="0.00" noise="99.40" route="routeleft" type="cfm-slow" waiting="0.00" lane="left_0" pos="21.86" speed="15.93" angle="145.13" x="10.62" y="20.15"/>
        <vehicle id="cfm-slow_5" eclass="HBEFA3/PC_G_EU4" CO2="56138.96" CO="1081.72" HC="6.32" NOx="25.97" PMx="1.41" fuel="24.13" electricity="0.00" noise="111.56" route="routeleft" type="cfm-slow" waiting="0.00" lane="left_0" pos="38.96" speed="18.90" angle="114.40" x="40.30" y="-0.84"/>
    </timestep>
    <timestep time="1.43">
        <vehicle id="cfm-fast_0" eclass="HBEFA3/PC_G_EU4" CO2="70788.95" CO="1383.03" HC="8.05" NOx="32.88" PMx="1.80" fuel="30.43" electricity="0.00" noise="124.16" route="routebottom" type="cfm-fast" waiting="0.00" lane="bottom_0" pos="14.81" speed="19.07" angle="67.80" x="94.48" y="2.37"/>
        <vehicle id="cfm-fast_1" eclass="HBEFA3/PC_G_EU4" CO2="70788.93" CO="1383.03" HC="8.05" NOx="32.88" PMx="1.80" fuel="30.43" electricity="0.00" noise="124.16" route="routebottom" type="cfm-fast" waiting="0.00" lane="bottom_1" pos="30.65" speed="19.07" angle="39.33" x="117.26" y="26.35"/>
        <vehicle id="cfm-fast_2" eclass="HBEFA3/PC_G_EU4" CO2="42428.72" CO="803.53" HC="4.71" NOx="19.54" PMx="1.06" fuel="18.24" electricity="0.00" noise="102.08" route="routebottom" type="cfm-fast" waiting="0.00" lane="bottom_0" pos="46.12" speed="17.30" angle="11.56" x="131.76" y="55.24"/>
        <vehicle id="cfm-fast_3" eclass="HBEFA3/PC_G_EU4" CO2="70782.86" CO="1382.91" HC="8.05" NOx="32.87" PMx="1.80" fuel="30.43" electricity="0.00" noise="124.16" route="routebottom" type="cfm-fast" waiting="0.00" lane="right_0" pos="12.31" speed="19.07" angle="342.26" x="127.17" y="89.58"/>
        <vehicle id="cfm-fast_4" eclass="HBEFA3/PC_G_EU4" CO2="70705.64" CO="1381.35" HC="8.04" NOx="32.84" PMx="1.80" fuel="30.39" electricity="0.00" noise="124.15" route="routeright" type="cfm-fast" waiting="0.00" lane="right_1" pos="28.13" speed="19.05" angle="313.78" x="105.08" y="114.15"/>
        <vehicle id="cfm-fast_5" eclass="HBEFA3/PC_G_EU4" CO2="27334.38" CO="496.63" HC="2.93" NOx="12.44" PMx="0.66" fuel="11.75" electricity="0.00" noise="88.58" route="routeright" type="cfm-fast" waiting="0.00" lane="right_0" pos="43.34" speed="16.24" angle="286.55" x="77.98" y="130.76"/>
        <vehicle id="cfm-slow_0" eclass="HBEFA3/PC_G_EU4" CO2="23742.47" CO="429.32" HC="2.54" NOx="10.78" PMx="0.57" fuel="10.21" electricity="0.00" noise="86.49" route="routetop" type="cfm-slow" waiting="0.00" lane="top_0" pos="8.35" speed="14.83" angle="259.37" x="45.81" y="129.90"/>
        <vehicle id="cfm-slow_1" eclass="HBEFA3/PC_G_EU4" CO2="23858.31" CO="431.68" HC="2.55" NOx="10.83" PMx="0.57" fuel="10.26" electricity="0.00" noise="86.61" route="routetop" type="cfm-slow" waiting="0.00" lane="top_0" pos="24.19" speed="14.83" angle="230.94" x="16.41" y="113.40"/>
        <vehicle id="cfm-slow_2" eclass="HBEFA3/PC_G_EU4" CO2="24517.58" CO="445.06" HC="2.63" NOx="11.14" PMx="0.59" fuel="10.54" electricity="0.00" noise="87.31" route="routetop" type="cfm-slow" waiting="0.00" lane="top_0" pos="40.03" speed="14.87" angle="202.50" x="-1.59" y="84.86"/>
        <vehicle id="cfm-slow_3" eclass="HBEFA3/PC_G_EU4" CO2="27478.87" CO="504.95" HC="2.98" NOx="12.54" PMx="0.67" fuel="11.81" electricity="0.00" noise="90.34" route="routetop" type="cfm-slow" waiting="0.00" lane="left_0" pos="5.91" speed="15.08" angle="173.84" x="-3.75" y="50.93"/>
        <vehicle id="cfm-slow_4" eclass="HBEFA3/PC_G_EU4" CO2="37253.84" CO="701.82" HC="4.12" NOx="17.13" PMx="0.92" fuel="16.01" electricity="0.00" noise="99.32" route="routeleft" type="cfm-slow" waiting="0.00" lane="left_0" pos="22.02" speed="16.01" angle="144.84" x="10.84" y="19.89"/>
        <vehicle id="cfm-slow_5" eclass="HBEFA3/PC_G_EU4" CO2="56102.02" CO="1080.76" HC="6.31" NOx="25.95" PMx="1.41" fuel="24.12" electricity="0.00" noise="111.29" route="routeleft" type="cfm-slow" waiting="0.00" lane="left_0" pos="39.15" speed="19.01" angle="114.05" x="40.68" y="-0.97"/>
    </timestep>
    <timestep time="1.44">
        <vehicle id="cfm-fast_0" eclass="HBEFA3/PC_G_EU4" CO2="71296.94" CO="1393.26" HC="8.11" NOx="33.11" PMx="1.81" fuel="30.65" electricity="0.00" noise="124.23" route="routebottom" type="cfm-fast" waiting="0.00" lane="bottom_0" pos="15.00" speed="19.21" angle="67.44" x="94.85" y="2.56"/>
        <vehicle id="cfm-fast_1" eclass="HBEFA3/PC_G_EU4" CO2="71296.92" CO="1393.26" HC="8.11" NOx="33.11" PMx="1.81" fuel="30.65" electricity="0.00" noise="124.23" route="routebottom" type="cfm-fast" waiting="0.00" lane="bottom_1" pos="30.84" speed="19.21" angle="39.03" x="117.48" y="26.67"/>
        <vehicle id="cfm-fast_2" eclass="HBEFA3/PC_G_EU4" CO2="42552.04" CO="805.79" HC="4.72" NOx="19.59" PMx="1.06" fuel="18.29" electricity="0.00" noise="102.03" route="routebottom" type="cfm-fast" waiting="0.00" lane="bottom_0" pos="46.29" speed="17.39" angle="11.28" x="131.80" y="55.61"/>
        <vehicle id="cfm-fast_3" eclass="HBEFA3/PC_G_EU4" CO2="71290.85" CO="1393.14" HC="8.11" NOx="33.11" PMx="1.81" fuel="30.64" electricity="0.00" noise="124.23" route="routebottom" type="cfm-fast" waiting="0.00" lane="right_0" pos="12.50" speed="19.20" angle="341.91" x="127.02" y="89.97"/>
        <vehicle id="cfm-fast_4" eclass="HBEFA3/PC_G_EU4" CO2="71213.58" CO="1391.58" HC="8.10" NOx="33.07" PMx="1.81" fuel="30.61" electricity="0.00" noise="124.22" route="routeright" type="cfm-fast" waiting="0.00" lane="right_1" pos="28.33" speed="19.18" angle="313.46" x="104.77" y="114.40"/>
        <vehicle id="cfm-fast_5" eclass="HBEFA3/PC_G_EU4" CO2="27136.48" CO="492.32" HC="2.91" NOx="12.35" PMx="0.66" fuel="11.66" electricity="0.00" noise="88.31" route="routeright" type="cfm-fast" waiting="0.00" lane="right_0" pos="43.51" speed="16.30" angle="286.26" x="77.63" y="130.83"/>
        <vehicle id="cfm-slow_0" eclass="HBEFA3/PC_G_EU4" CO2="23633.37" CO="426.79" HC="2.52" NOx="10.73" PMx="0.57" fuel="10.16" electricity="0.00" noise="86.29" route="routetop" type="cfm-slow" waiting="0.00" lane="top_0" pos="8.50" speed="14.88" angle="259.10" x="45.50" y="129.82"/>
        <vehicle id="cfm-slow_1" eclass="HBEFA3/PC_G_EU4" CO2="23754.60" CO="429.26" HC="2.54" NOx="10.78" PMx="0.57" fuel="10.21" electricity="0.00" noise="86.42" route="routetop" type="cfm-slow" waiting="0.00" lane="top_0" pos="24.34" speed="14.89" angle="230.72" x="16.17" y="113.18"/>
        <vehicle id="cfm-slow_2" eclass="HBEFA3/PC_G_EU4" CO2="24436.94" CO="443.11" HC="2.62" NOx="11.11" PMx="0.59" fuel="10.50" electricity="0.00" noise="87.14" route="routetop" type="cfm-slow" waiting="0.00" lane="top_0" pos="40.18" speed="14.93" angle="202.22" x="-1.68" y="84.56"/>
        <vehicle id="cfm-slow_3" eclass="HBEFA3/PC_G_EU4" CO2="27465.70" CO="504.36" HC="2.97" NOx="12.53" PMx="0.67" fuel="11.81" electricity="0.00" noise="90.23" route="routetop" type="cfm-slow" waiting="0.00" lane="left_0" pos="6.06" speed="15.14" angle="173.56" x="-3.69" y="50.61"/>
        <vehicle id="cfm-slow_4" eclass="HBEFA3/PC_G_EU4" CO2="37332.49" CO="703.09" HC="4.12" NOx="17.16" PMx="0.92" fuel="16.05" electricity="0.00" noise="99.24" route="routeleft" type="cfm-slow" waiting="0.00" lane="left_0" pos="22.18" speed="16.10" angle="144.53" x="11.06" y="19.63"/>
        <vehicle id="cfm-slow_5" eclass="HBEFA3/PC_G_EU4" CO2="56067.00" CO="1079.85" HC="6.31" NOx="25.93" PMx="1.41" fuel="24.10" electricity="0.00" noise="111.03" route="routeleft" type="cfm-slow" waiting="0.00" lane="left_0" pos="39.34" speed="19.12" angle="113.70" x="41.07" y="-1.11"/>
    </timestep>
    <timestep time="1.45">
        <vehicle id="cfm-fast_0" eclass="HBEFA3/PC_G_EU4" CO2="71805.22" CO="1403.51" HC="8.17" NOx="33.35" PMx="1.82" fuel="30.87" electricity="0.00" noise="124.29" route="routebottom" type="cfm-fast" waiting="0.00" lane="bottom_0" pos="15.20" speed="19.34" angle="67.08" x="95.23" y="2.74"/>
        <vehicle id="cfm-fast_1" eclass="HBEFA3/PC_G_EU4" CO2="71805.21" CO="1403.51" HC="8.17" NOx="33.35" PMx="1.82" fuel="30.87" electricity="0.00" noise="124.29" route="routebottom" type="cfm-fast" waiting="0.00" lane="bottom_1" pos="31.03" speed="19.34" angle="38.68" x="117.70" y="27.00"/>
        <vehicle id="cfm-fast_2" eclass="HBEFA3/PC_G_EU4" CO2="42677.76" CO="808.10" HC="4.74" NOx="19.65" PMx="1.06" fuel="18.34" electricity="0.00" noise="101.99" route="routebottom" type="cfm-fast" waiting="0.00" lane="bottom_0" pos="46.47" speed="17.48" angle="10.96" x="131.84" y="55.98"/>
        <vehicle id="cfm-fast_3" eclass="HBEFA3/PC_G_EU4" CO2="71799.12" CO="1403.39" HC="8.17" NOx="33.35" PMx="1.82" fuel="30.86" electricity="0.00" noise="124.29" route="routebottom" type="cfm-fast" waiting="0.00" lane="right_0" pos="12.70" speed="19.34" angle="341.57" x="126.86" y="90.35"/>
        <vehicle id="cfm-fast_4" eclass="HBEFA3/PC_G_EU4" CO2="71721.81" CO="1401.83" HC="8.16" NOx="33.31" PMx="1.82" fuel="30.83" electricity="0.00" noise="124.28" route="routeright" type="cfm-fast" waiting="0.00" lane="right_1" pos="28.52" speed="19.32" angle="313.11" x="104.46" y="114.64"/>
        <vehicle id="cfm-fast_5" eclass="HBEFA3/PC_G_EU4" CO2="26938.75" CO="488.02" HC="2.89" NOx="12.25" PMx="0.65" fuel="11.58" electricity="0.00" noise="88.03" route="routeright" type="cfm-fast" waiting="0.00" lane="right_0" pos="43.67" speed="16.36" angle="286.00" x="77.29" y="130.91"/>
        <vehicle id="cfm-slow_0" eclass="HBEFA3/PC_G_EU4" CO2="23523.95" CO="424.26" HC="2.51" NOx="10.67" PMx="0.56" fuel="10.11" electricity="0.00" noise="86.10" route="routetop" type="cfm-slow" waiting="0.00" lane="top_0" pos="8.65" speed="14.94" angle="258.83" x="45.19" y="129.73"/>
        <vehicle id="cfm-slow_1" eclass="HBEFA3/PC_G_EU4" CO2="23650.77" CO="426.84" HC="2.53" NOx="10.73" PMx="0.57" fuel="10.17" electricity="0.00" noise="86.24" route="routetop" type="cfm-slow" waiting="0.00" lane="top_0" pos="24.49" speed="14.94" angle="230.45" x="15.94" y="112.95"/>
        <vehicle id="cfm-slow_2" eclass="HBEFA3/PC_G_EU4" CO2="24356.61" CO="441.16" HC="2.61" NOx="11.07" PMx="0.59" fuel="10.47" electricity="0.00" noise="86.98" route="routetop" type="cfm-slow" waiting="0.00" lane="top_0" pos="40.33" speed="14.98" angle="201.94" x="-1.77" y="84.25"/>
        <vehicle id="cfm-slow_3" eclass="HBEFA3/PC_G_EU4" CO2="27453.02" CO="503.79" HC="2.97" NOx="12.52" PMx="0.67" fuel="11.80" electricity="0.00" noise="90.12" route="routetop" type="cfm-slow" waiting="0.00" lane="left_0" pos="6.21" speed="15.20" angle="173.28" x="-3.63" y="50.29"/>
        <vehicle id="cfm-slow_4" eclass="HBEFA3/PC_G_EU4" CO2="37409.73" CO="704.33" HC="4.13" NOx="17.20" PMx="0.93" fuel="16.08" electricity="0.00" noise="99.16" route="routeleft" type="cfm-slow" waiting="0.00" lane="left_0" pos="22.34" speed="16.18" angle="144.23" x="11.29" y="19.36"/>
        <vehicle id="cfm-slow_5" eclass="HBEFA3/PC_G_EU4" CO2="56034.00" CO="1079.00" HC="6.30" NOx="25.91" PMx="1.41" fuel="24.09" electricity="0.00" noise="110.78" route="routeleft" type="cfm-slow" waiting="0.00" lane="left_0" pos="39.54" speed="19.22" angle="113.35" x="41.46" y="-1.25"/>
    </timestep>
    <timestep time="1.46">
        <vehicle id="cfm-fast_0" eclass="HBEFA3/PC_G_EU4" CO2="72313.79" CO="1413.78" HC="8.23" NOx="33.59" PMx="1.84" fuel="31.08" electricity="0.00" noise="124.35" route="routebottom" type="cfm-fast" waiting="0.00" lane="bottom_0" pos="15.39" speed="19.48" angle="66.79" x="95.60" y="2.93"/>
        <vehicle id="cfm-fast_1" eclass="HBEFA3/PC_G_EU4" CO2="72313.78" CO="1413.78" HC="8.23" NOx="33.59" PMx="1.84" fuel="31.08" electricity="0.00" noise="124.35" route="routebottom" type="cfm-fast" waiting="0.00" lane="bottom_1" pos="31.23" speed="19.48" angle="38.32" x="117.93" y="27.33"/>
        <vehicle id="cfm-fast_2" eclass="HBEFA3/PC_G_EU4" CO2="42805.91" CO="810.48" HC="4.75" NOx="19.71" PMx="1.07" fuel="18.40" electricity="0.00" noise="101.94" route="routebottom" type="cfm-fast" waiting="0.00" lane="bottom_0" pos="46.64" speed="17.56" angle="10.64" x="131.88" y="56.36"/>
        <vehicle id="cfm-fast_3" eclass="HBEFA3/PC_G_EU4" CO2="72307.69" CO="1413.66" HC="8.23" NOx="33.58" PMx="1.84" fuel="31.08" electricity="0.00" noise="124.35" route="routebottom" type="cfm-fast" waiting="0.00" lane="right_0" pos="12.89" speed="19.48" angle="341.26" x="126.70" y="90.74"/>
        <vehicle id="cfm-fast_4" eclass="HBEFA3/PC_G_EU4" CO2="72230.34" CO="1412.09" HC="8.22" NOx="33.55" PMx="1.84" fuel="31.05" electricity="0.00" noise="124.34" route="routeright" type="cfm-fast" waiting="0.00" lane="right_1" pos="28.71" speed="19.46" angle="312.76" x="104.14" y="114.89"/>
        <vehicle id="cfm-fast_5" eclass="HBEFA3/PC_G_EU4" CO2="26741.24" CO="483.73" HC="2.86" NOx="12.16" PMx="0.65" fuel="11.49" electricity="0.00" noise="87.76" route="routeright" type="cfm-fast" waiting="0.00" lane="right_0" pos="43.83" speed="16.41" angle="285.69" x="76.94" y="130.97"/>
        <vehicle id="cfm-slow_0" eclass="HBEFA3/PC_G_EU4" CO2="23414.26" CO="421.72" HC="2.50" NOx="10.62" PMx="0.56" fuel="10.06" electricity="0.00" noise="85.91" route="routetop" type="cfm-slow" waiting="0.00" lane="top_0" pos="8.80" speed="14.99" angle="258.55" x="44.88" y="129.65"/>
        <vehicle id="cfm-slow_1" eclass="HBEFA3/PC_G_EU4" CO2="23546.83" CO="424.42" HC="2.51" NOx="10.68" PMx="0.56" fuel="10.12" electricity="0.00" noise="86.05" route="routetop" type="cfm-slow" waiting="0.00" lane="top_0" pos="24.64" speed="15.00" angle="230.18" x="15.71" y="112.72"/>
        <vehicle id="cfm-slow_2" eclass="HBEFA3/PC_G_EU4" CO2="24276.62" CO="439.23" HC="2.60" NOx="11.03" PMx="0.58" fuel="10.44" electricity="0.00" noise="86.82" route="routetop" type="cfm-slow" waiting="0.00" lane="top_0" pos="40.48" speed="15.04" angle="201.66" x="-1.87" y="83.94"/>
        <vehicle id="cfm-slow_3" eclass="HBEFA3/PC_G_EU4" CO2="27440.86" CO="503.23" HC="2.97" NOx="12.51" PMx="0.67" fuel="11.80" electricity="0.00" noise="90.02" route="routetop" type="cfm-slow" waiting="0.00" lane="left_0" pos="6.36" speed="15.27" angle="173.06" x="-3.57" y="49.97"/>
        <vehicle id="cfm-slow_4" eclass="HBEFA3/PC_G_EU4" CO2="37485.63" CO="705.56" HC="4.14" NOx="17.23" PMx="0.93" fuel="16.11" electricity="0.00" noise="99.09" route="routeleft" type="cfm-slow" waiting="0.00" lane="left_0" pos="22.51" speed="16.26" angle="143.93" x="11.52" y="19.10"/>
        <vehicle id="cfm-slow_5" eclass="HBEFA3/PC_G_EU4" CO2="56003.13" CO="1078.20" HC="6.30" NOx="25.89" PMx="1.41" fuel="24.07" electricity="0.00" noise="110.53" route="routeleft" type="cfm-slow" waiting="0.00" lane="left_0" pos="39.73" speed="19.33" angle="113.04" x="41.85" y="-1.39"/>
    </timestep>
    <timestep time="1.47">
        <vehicle id="cfm-fast_0" eclass="HBEFA3/PC_G_EU4" CO2="72822.66" CO="1424.07" HC="8.29" NOx="33.82" PMx="1.85" fuel="31.30" electricity="0.00" noise="124.42" route="routebottom" type="cfm-fast" waiting="0.00" lane="bottom_0" pos="15.59" speed="19.62" angle="66.42" x="95.97" y="3.14"/>
        <vehicle id="cfm-fast_1" eclass="HBEFA3/PC_G_EU4" CO2="72822.65" CO="1424.07" HC="8.29" NOx="33.82" PMx="1.85" fuel="31.30" electricity="0.00" noise="124.42" route="routebottom" type="cfm-fast" waiting="0.00" lane="bottom_1" pos="31.42" speed="19.62" angle="37.96" x="118.15" y="27.67"/>
        <vehicle id="cfm-fast_2" eclass="HBEFA3/PC_G_EU4" CO2="42936.49" CO="812.91" HC="4.76" NOx="19.77" PMx="1.07" fuel="18.46" electricity="0.00" noise="101.91" route="routebottom" type="cfm-fast" waiting="0.00" lane="bottom_0" pos="46.82" speed="17.65" angle="10.31" x="131.92" y="56.74"/>
        <vehicle id="cfm-fast_3" eclass="HBEFA3/PC_G_EU4" CO2="72816.56" CO="1423.95" HC="8.29" NOx="33.82" PMx="1.85" fuel="31.30" electricity="0.00" noise="124.42" route="routebottom" type="cfm-fast" waiting="0.00" lane="right_0" pos="13.09" speed="19.61" angle="340.91" x="126.53" y="91.12"/>
        <vehicle id="cfm-fast_4" eclass="HBEFA3/PC_G_EU4" CO2="72739.16" CO="1422.38" HC="8.28" NOx="33.78" PMx="1.85" fuel="31.27" electricity="0.00" noise="124.41" route="routeright" type="cfm-fast" waiting="0.00" lane="right_1" pos="28.91" speed="19.59" angle="312.40" x="103.83" y="115.14"/>
        <vehicle id="cfm-fast_5" eclass="HBEFA3/PC_G_EU4" CO2="26543.98" CO="479.45" HC="2.84" NOx="12.06" PMx="0.64" fuel="11.41" electricity="0.00" noise="87.50" route="routeright" type="cfm-fast" waiting="0.00" lane="right_0" pos="44.00" speed="16.47" angle="285.37" x="76.59" y="131.03"/>
        <vehicle id="cfm-slow_0" eclass="HBEFA3/PC_G_EU4" CO2="23304.33" CO="419.18" HC="2.48" NOx="10.57" PMx="0.56" fuel="10.02" electricity="0.00" noise="85.72" route="routetop" type="cfm-slow" waiting="0.00" lane="top_0" pos="8.95" speed="15.04" angle="258.34" x="44.56" y="129.57"/>
        <vehicle id="cfm-slow_1" eclass="HBEFA3/PC_G_EU4" CO2="23442.83" CO="422.00" HC="2.50" NOx="10.63" PMx="0.56" fuel="10.08" electricity="0.00" noise="85.87" route="routetop" type="cfm-slow" waiting="0.00" lane="top_0" pos="24.79" speed="15.05" angle="229.90" x="15.48" y="112.49"/>
        <vehicle id="cfm-slow_2" eclass="HBEFA3/PC_G_EU4" CO2="24196.99" CO="437.31" HC="2.59" NOx="10.99" PMx="0.58" fuel="10.40" electricity="0.00" noise="86.66" route="routetop" type="cfm-slow" waiting="0.00" lane="top_0" pos="40.63" speed="15.09" angle="201.38" x="-1.97" y="83.63"/>
        <vehicle id="cfm-slow_3" eclass="HBEFA3/PC_G_EU4" CO2="27429.21" CO="502.68" HC="2.96" NOx="12.51" PMx="0.67" fuel="11.79" electricity="0.00" noise="89.91" route="routetop" type="cfm-slow" waiting="0.00" lane="left_0" pos="6.52" speed="15.33" angle="172.77" x="-3.50" y="49.64"/>
        <vehicle id="cfm-slow_4" eclass="HBEFA3/PC_G_EU4" CO2="37560.22" CO="706.76" HC="4.15" NOx="17.26" PMx="0.93" fuel="16.15" electricity="0.00" noise="99.01" route="routeleft" type="cfm-slow" waiting="0.00" lane="left_0" pos="22.67" speed="16.34" angle="143.62" x="11.74" y="18.83"/>
        <vehicle id="cfm-slow_5" eclass="HBEFA3/PC_G_EU4" CO2="55974.48" CO="1077.45" HC="6.29" NOx="25.88" PMx="1.41" fuel="24.06" electricity="0.00" noise="110.29" route="routeleft" type="cfm-slow" waiting="0.00" lane="left_0" pos="39.92" speed="19.43" angle="112.69" x="42.25" y="-1.52"/>
    </timestep>
    <timestep time="1.48">
        <vehicle id="cfm-fast_0" eclass="HBEFA3/PC_G_EU4" CO2="73331.82" CO="1434.39" HC="8.35" NOx="34.06" PMx="1.86" fuel="31.52" electricity="0.00" noise="124.48" route="routebottom" type="cfm-fast" waiting="0.00" lane="bottom_0" pos="15.79" speed="19.75" angle="66.06" x="96.34" y="3.34"/>
        <vehicle id="cfm-fast_1" eclass="HBEFA3/PC_G_EU4" CO2="73331.80" CO="1434.39" HC="8.35" NOx="34.06" PMx="1.86" fuel="31.52" electricity="0.00" noise="124.48" route="routebottom" type="cfm-fast" waiting="0.00" lane="bottom_1" pos="31.62" speed="19.75" angle="37.60" x="118.37" y="28.01"/>
        <vehicle id="cfm-fast_2" eclass="HBEFA3/PC_G_EU4" CO2="43069.54" CO="815.39" HC="4.78" NOx="19.83" PMx="1.07" fuel="18.51" electricity="0.00" noise="101.87" route="routebottom" type="cfm-fast" waiting="0.00" lane="bottom_0" pos="47.00" speed="17.74" angle="9.99" x="131.96" y="57.12"/>
        <vehicle id="cfm-fast_3" eclass="HBEFA3/PC_G_EU4" CO2="73325.71" CO="1434.27" HC="8.35" NOx="34.06" PMx="1.86" fuel="31.52" electricity="0.00" noise="124.48" route="routebottom" type="cfm-fast" waiting="0.00" lane="right_0" pos="13.29" speed="19.75" angle="340.55" x="126.36" y="91.51"/>
        <vehicle id="cfm-fast_4" eclass="HBEFA3/PC_G_EU4" CO2="73248.27" CO="1432.70" HC="8.34" NOx="34.02" PMx="1.86" fuel="31.49" electricity="0.00" noise="124.47" route="routeright" type="cfm-fast" waiting="0.00" lane="right_1" pos="29.11" speed="19.73" angle="312.04" x="103.51" y="115.38"/>
        <vehicle id="cfm-fast_5" eclass="HBEFA3/PC_G_EU4" CO2="26347.04" CO="475.18" HC="2.81" NOx="11.97" PMx="0.64" fuel="11.33" electricity="0.00" noise="87.23" route="routeright" type="cfm-fast" waiting="0.00" lane="right_0" pos="44.16" speed="16.52" angle="285.06" x="76.24" y="131.10"/>
        <vehicle id="cfm-slow_0" eclass="HBEFA3/PC_G_EU4" CO2="23194.17" CO="416.65" HC="2.47" NOx="10.51" PMx="0.55" fuel="9.97" electricity="0.00" noise="85.54" route="routetop" type="cfm-slow" waiting="0.00" lane="top_0" pos="9.10" speed="15.10" angle="258.07" x="44.25" y="129.47"/>
        <vehicle id="cfm-slow_1" eclass="HBEFA3/PC_G_EU4" CO2="23338.79" CO="419.59" HC="2.48" NOx="10.58" PMx="0.56" fuel="10.03" electricity="0.00" noise="85.69" route="routetop" type="cfm-slow" waiting="0.00" lane="top_0" pos="24.94" speed="15.10" angle="229.63" x="15.26" y="112.27"/>
        <vehicle id="cfm-slow_2" eclass="HBEFA3/PC_G_EU4" CO2="24117.76" CO="435.40" HC="2.58" NOx="10.95" PMx="0.58" fuel="10.37" electricity="0.00" noise="86.50" route="routetop" type="cfm-slow" waiting="0.00" lane="top_0" pos="40.78" speed="15.15" angle="201.10" x="-2.06" y="83.32"/>
        <vehicle id="cfm-slow_3" eclass="HBEFA3/PC_G_EU4" CO2="27418.09" CO="502.15" HC="2.96" NOx="12.50" PMx="0.67" fuel="11.79" electricity="0.00" noise="89.81" route="routetop" type="cfm-slow" waiting="0.00" lane="left_0" pos="6.67" speed="15.39" angle="172.47" x="-3.43" y="49.32"/>
        <vehicle id="cfm-slow_4" eclass="HBEFA3/PC_G_EU4" CO2="37633.56" CO="707.94" HC="4.15" NOx="17.30" PMx="0.93" fuel="16.18" electricity="0.00" noise="98.93" route="routeleft" type="cfm-slow" waiting="0.00" lane="left_0" pos="22.83" speed="16.43" angle="143.32" x="11.97" y="18.56"/>
        <vehicle id="cfm-slow_5" eclass="HBEFA3/PC_G_EU4" CO2="55948.13" CO="1076.76" HC="6.29" NOx="25.86" PMx="1.41" fuel="24.05" electricity="0.00" noise="110.06" route="routeleft" type="cfm-slow" waiting="0.00" lane="left_0" pos="40.12" speed="19.53" angle="112.33" x="42.65" y="-1.64"/>
    </timestep>
    <timestep time="1.49">
        <vehicle id="cfm-fast_0" eclass="HBEFA3/PC_G_EU4" CO2="73841.27" CO="1444.73" HC="8.41" NOx="34.30" PMx="1.88" fuel="31.74" electricity="0.00" noise="124.55" route="routebottom" type="cfm-fast" waiting="0.00" lane="bottom_0" pos="15.99" speed="19.89" angle="65.69" x="96.72" y="3.55"/>
        <vehicle id="cfm-fast_1" eclass="HBEFA3/PC_G_EU4" CO2="73841.25" CO="1444.73" HC="8.41" NOx="34.30" PMx="1.88" fuel="31.74" electricity="0.00" noise="124.55" route="routebottom" type="cfm-fast" waiting="0.00" lane="bottom_1" pos="31.82" speed="19.89" angle="37.24" x="118.60" y="28.35"/>
        <vehicle id="cfm-fast_2" eclass="HBEFA3/PC_G_EU4" CO2="43205.05" CO="817.94" HC="4.79" NOx="19.89" PMx="1.08" fuel="18.57" electricity="0.00" noise="101.84" route="routebottom" type="cfm-fast" waiting="0.00" lane="bottom_0" pos="47.17" speed="17.82" angle="9.66" x="131.99" y="57.50"/>
        <vehicle id="cfm-fast_3" eclass="HBEFA3/PC_G_EU4" CO2="73835.16" CO="1444.60" HC="8.41" NOx="34.30" PMx="1.88" fuel="31.74" electricity="0.00" noise="124.55" route="routebottom" type="cfm-fast" waiting="0.00" lane="right_0" pos="13.48" speed="19.89" angle="340.19" x="126.18" y="91.90"/>
        <vehicle id="cfm-fast_4" eclass="HBEFA3/PC_G_EU4" CO2="73757.67" CO="1443.03" HC="8.40" NOx="34.26" PMx="1.88" fuel="31.70" electricity="0.00" noise="124.54" route="routeright" type="cfm-fast" waiting="0.00" lane="right_1" pos="29.31" speed="19.87" angle="311.68" x="103.19" y="115.64"/>
        <vehicle id="cfm-fast_5" eclass="HBEFA3/PC_G_EU4" CO2="26150.44" CO="470.93" HC="2.79" NOx="11.87" PMx="0.63" fuel="11.24" electricity="0.00" noise="86.97" route="routeright" type="cfm-fast" waiting="0.00" lane="right_0" pos="44.33" speed="16.58" angle="284.74" x="75.89" y="131.16"/>
        <vehicle id="cfm-slow_0" eclass="HBEFA3/PC_G_EU4" CO2="23083.83" CO="414.11" HC="2.45" NOx="10.46" PMx="0.55" fuel="9.92" electricity="0.00" noise="85.35" route="routetop" type="cfm-slow" waiting="0.00" lane="top_0" pos="9.25" speed="15.15" angle="257.79" x="43.94" y="129.37"/>
        <vehicle id="cfm-slow_1" eclass="HBEFA3/PC_G_EU4" CO2="23234.75" CO="417.18" HC="2.47" NOx="10.53" PMx="0.56" fuel="9.99" electricity="0.00" noise="85.51" route="routetop" type="cfm-slow" waiting="0.00" lane="top_0" pos="25.09" speed="15.16" angle="229.35" x="15.02" y="112.03"/>
        <vehicle id="cfm-slow_2" eclass="HBEFA3/PC_G_EU4" CO2="24038.95" CO="433.51" HC="2.57" NOx="10.91" PMx="0.58" fuel="10.33" electricity="0.00" noise="86.35" route="routetop" type="cfm-slow" waiting="0.00" lane="top_0" pos="40.93" speed="15.20" angle="200.82" x="-2.16" y="83.00"/>
        <vehicle id="cfm-slow_3" eclass="HBEFA3/PC_G_EU4" CO2="27407.50" CO="501.64" HC="2.96" NOx="12.49" PMx="0.66" fuel="11.78" electricity="0.00" noise="89.71" route="routetop" type="cfm-slow" waiting="0.00" lane="left_0" pos="6.83" speed="15.45" angle="172.17" x="-3.35" y="49.00"/>
        <vehicle id="cfm-slow_4" eclass="HBEFA3/PC_G_EU4" CO2="37705.70" CO="709.11" HC="4.16" NOx="17.33" PMx="0.93" fuel="16.21" electricity="0.00" noise="98.85" route="routeleft" type="cfm-slow" waiting="0.00" lane="left_0" pos="23.00" speed="16.51" angle="143.04" x="12.20" y="18.29"/>
        <vehicle id="cfm-slow_5" eclass="HBEFA3/PC_G_EU4" CO2="55924.16" CO="1076.14" HC="6.29" NOx="25.85" PMx="1.41" fuel="24.04" electricity="0.00" noise="109.83" route="routeleft" type="cfm-slow" waiting="0.00" lane="left_0" pos="40.31" speed="19.64" angle="111.96" x="43.06" y="-1.77"/>
    </timestep>
    <timestep time="1.50">
        <vehicle id="cfm-fast_0" eclass="HBEFA3/PC_G_EU4" CO2="74351.01" CO="1455.09" HC="8.47" NOx="34.54" PMx="1.89" fuel="31.96" electricity="0.00" noise="124.61" route="routebottom" type="cfm-fast" waiting="0.00" lane="bottom_0" pos="16.19" speed="20.02" angle="65.32" x="97.09" y="3.76"/>
        <vehicle id="cfm-fast_1" eclass="HBEFA3/PC_G_EU4" CO2="74350.99" CO="1455.08" HC="8.47" NOx="34.54" PMx="1.89" fuel="31.96" electricity="0.00" noise="124.61" route="routebottom" type="cfm-fast" waiting="0.00" lane="bottom_1" pos="32.02" speed="20.02" angle="36.92" x="118.83" y="28.69"/>
        <vehicle id="cfm-fast_2" eclass="HBEFA3/PC_G_EU4" CO2="43343.04" CO="820.54" HC="4.81" NOx="19.95" PMx="1.08" fuel="18.63" electricity="0.00" noise="101.82" route="routebottom" type="cfm-fast" waiting="0.00" lane="bottom_0" pos="47.35" speed="17.91" angle="9.34" x="132.03" y="57.88"/>
        <vehicle id="cfm-fast_3" eclass="HBEFA3/PC_G_EU4" CO2="74344.89" CO="1454.96" HC="8.47" NOx="34.53" PMx="1.89" fuel="31.96" electricity="0.00" noise="124.61" route="routebottom" type="cfm-fast" waiting="0.00" lane="right_0" pos="13.68" speed="20.02" angle="339.82" x="126.01" y="92.30"/>
        <vehicle id="cfm-fast_4" eclass="HBEFA3/PC_G_EU4" CO2="74267.36" CO="1453.38" HC="8.46" NOx="34.50" PMx="1.89" fuel="31.92" electricity="0.00" noise="124.60" route="routeright" type="cfm-fast" waiting="0.00" lane="right_1" pos="29.51" speed="20.00" angle="311.37" x="102.87" y="115.89"/>
        <vehicle id="cfm-fast_5" eclass="HBEFA3/PC_G_EU4" CO2="25954.23" CO="466.68" HC="2.76" NOx="11.78" PMx="0.63" fuel="11.16" electricity="0.00" noise="86.72" route="routeright" type="cfm-fast" waiting="0.00" lane="right_0" pos="44.50" speed="16.63" angle="284.43" x="75.54" y="131.23"/>
        <vehicle id="cfm-slow_0" eclass="HBEFA3/PC_G_EU4" CO2="22973.32" CO="411.58" HC="2.44" NOx="10.41" PMx="0.55" fuel="9.88" electricity="0.00" noise="85.17" route="routetop" type="cfm-slow" waiting="0.00" lane="top_0" pos="9.41" speed="15.20" angle="257.52" x="43.63" y="129.28"/>
        <vehicle id="cfm-slow_1" eclass="HBEFA3/PC_G_EU4" CO2="23130.73" CO="414.78" HC="2.46" NOx="10.48" PMx="0.55" fuel="9.94" electricity="0.00" noise="85.34" route="routetop" type="cfm-slow" waiting="0.00" lane="top_0" pos="25.24" speed="15.21" angle="229.07" x="14.79" y="111.80"/>
        <vehicle id="cfm-slow_2" eclass="HBEFA3/PC_G_EU4" CO2="23960.58" CO="431.63" HC="2.55" NOx="10.87" PMx="0.57" fuel="10.30" electricity="0.00" noise="86.19" route="routetop" type="cfm-slow" waiting="0.00" lane="top_0" pos="41.08" speed="15.26" angle="200.59" x="-2.25" y="82.69"/>
        <vehicle id="cfm-slow_3" eclass="HBEFA3/PC_G_EU4" CO2="27397.45" CO="501.14" HC="2.96" NOx="12.49" PMx="0.66" fuel="11.78" electricity="0.00" noise="89.61" route="routetop" type="cfm-slow" waiting="0.00" lane="left_0" pos="6.98" speed="15.52" angle="171.88" x="-3.28" y="48.67"/>
        <vehicle id="cfm-slow_4" eclass="HBEFA3/PC_G_EU4" CO2="37776.68" CO="710.26" HC="4.17" NOx="17.36" PMx="0.94" fuel="16.24" electricity="0.00" noise="98.78" route="routeleft" type="cfm-slow" waiting="0.00" lane="left_0" pos="23.16" speed="16.59" angle="142.78" x="12.44" y="18.02"/>
        <vehicle id="cfm-slow_5" eclass="HBEFA3/PC_G_EU4" CO2="55902.66" CO="1075.57" HC="6.28" NOx="25.84" PMx="1.41" fuel="24.03" electricity="0.00" noise="109.61" route="routeleft" type="cfm-slow" waiting="0.00" lane="left_0" pos="40.51" speed="19.74" angle="111.59" x="43.46" y="-1.89"/>
    </timestep>
    <timestep time="1.51">
        <vehicle id="cfm-fast_0" eclass="HBEFA3/PC_G_EU4" CO2="74861.04" CO="1465.47" HC="8.53" NOx="34.77" PMx="1.90" fuel="32.18" electricity="0.00" noise="124.67" route="routebottom" type="cfm-fast" waiting="0.00" lane="bottom_0" pos="16.39" speed="20.16" angle="64.95" x="97.47" y="3.97"/>
        <vehicle id="cfm-fast_1" eclass="HBEFA3/PC_G_EU4" CO2="74861.03" CO="1465.46" HC="8.53" NOx="34.77" PMx="1.90" fuel="32.18" electricity="0.00" noise="124.67" route="routebottom" type="cfm-fast" waiting="0.00" lane="bottom_1" pos="32.22" speed="20.16" angle="36.56" x="119.04" y="29.04"/>
        <vehicle id="cfm-fast_2" eclass="HBEFA3/PC_G_EU4" CO2="43483.53" CO="823.20" HC="4.82" NOx="20.02" PMx="1.08" fuel="18.69" electricity="0.00" noise="101.79" route="routebottom" type="cfm-fast" waiting="0.00" lane="bottom_0" pos="47.53" speed="18.00" angle="9.06" x="132.07" y="58.27"/>
        <vehicle id="cfm-fast_3" eclass="HBEFA3/PC_G_EU4" CO2="74854.92" CO="1465.34" HC="8.53" NOx="34.77" PMx="1.90" fuel="32.18" electricity="0.00" noise="124.67" route="routebottom" type="cfm-fast" waiting="0.00" lane="right_0" pos="13.89" speed="20.16" angle="339.46" x="125.83" y="92.69"/>
        <vehicle id="cfm-fast_4" eclass="HBEFA3/PC_G_EU4" CO2="74777.35" CO="1463.76" HC="8.52" NOx="34.73" PMx="1.90" fuel="32.14" electricity="0.00" noise="124.66" route="routeright" type="cfm-fast" waiting="0.00" lane="right_1" pos="29.71" speed="20.14" angle="311.00" x="102.53" y="116.13"/>
        <vehicle id="cfm-fast_5" eclass="HBEFA3/PC_G_EU4" CO2="25758.45" CO="462.45" HC="2.74" NOx="11.69" PMx="0.62" fuel="11.07" electricity="0.00" noise="86.46" route="routeright" type="cfm-fast" waiting="0.00" lane="right_0" pos="44.66" speed="16.69" angle="284.11" x="75.19" y="131.29"/>
        <vehicle id="cfm-slow_0" eclass="HBEFA3/PC_G_EU4" CO2="22862.68" CO="409.05" HC="2.42" NOx="10.35" PMx="0.55" fuel="9.83" electricity="0.00" noise="84.99" route="routetop" type="cfm-slow" waiting="0.00" lane="top_0" pos="9.56" speed="15.25" angle="257.24" x="43.32" y="129.18"/>
        <vehicle id="cfm-slow_1" eclass="HBEFA3/PC_G_EU4" CO2="23026.77" CO="412.39" HC="2.44" NOx="10.43" PMx="0.55" fuel="9.90" electricity="0.00" noise="85.16" route="routetop" type="cfm-slow" waiting="0.00" lane="top_0" pos="25.39" speed="15.26" angle="228.79" x="14.56" y="111.57"/>
        <vehicle id="cfm-slow_2" eclass="HBEFA3/PC_G_EU4" CO2="23882.68" CO="429.76" HC="2.54" NOx="10.83" PMx="0.57" fuel="10.27" electricity="0.00" noise="86.04" route="routetop" type="cfm-slow" waiting="0.00" lane="top_0" pos="41.24" speed="15.31" angle="200.31" x="-2.34" y="82.37"/>
        <vehicle id="cfm-slow_3" eclass="HBEFA3/PC_G_EU4" CO2="27387.94" CO="500.66" HC="2.95" NOx="12.48" PMx="0.66" fuel="11.77" electricity="0.00" noise="89.52" route="routetop" type="cfm-slow" waiting="0.00" lane="left_0" pos="7.14" speed="15.58" angle="171.58" x="-3.20" y="48.35"/>
        <vehicle id="cfm-slow_4" eclass="HBEFA3/PC_G_EU4" CO2="37846.55" CO="711.39" HC="4.17" NOx="17.39" PMx="0.94" fuel="16.27" electricity="0.00" noise="98.70" route="routeleft" type="cfm-slow" waiting="0.00" lane="left_0" pos="23.33" speed="16.67" angle="142.48" x="12.68" y="17.76"/>
        <vehicle id="cfm-slow_5" eclass="HBEFA3/PC_G_EU4" CO2="55883.70" CO="1075.06" HC="6.28" NOx="25.83" PMx="1.41" fuel="24.02" electricity="0.00" noise="109.39" route="routeleft" type="cfm-slow" waiting="0.00" lane="left_0" pos="40.71" speed="19.84" angle="111.22" x="43.87" y="-2.02"/>
    </timestep>
    <timestep time="1.52">
        <vehicle id="cfm-fast_0" eclass="HBEFA3/PC_G_EU4" CO2="75371.37" CO="1475.87" HC="8.59" NOx="35.01" PMx="1.92" fuel="32.40" electricity="0.00" noise="124.74" route="routebottom" type="cfm-fast" waiting="0.00" lane="bottom_0" pos="16.59" speed="20.30" angle="64.60" x="97.85" y="4.18"/>
        <vehicle id="cfm-fast_1" eclass="HBEFA3/PC_G_EU4" CO2="75371.35" CO="1475.87" HC="8.59" NOx="35.01" PMx="1.92" fuel="32.40" electricity="0.00" noise="124.74" route="routebottom" type="cfm-fast" waiting="0.00" lane="bottom_1" pos="32.42" speed="20.30" angle="36.18" x="119.26" y="29.40"/>
        <vehicle id="cfm-fast_2" eclass="HBEFA3/PC_G_EU4" CO2="43626.52" CO="825.92" HC="4.84" NOx="20.08" PMx="1.09" fuel="18.75" electricity="0.00" noise="101.77" route="routebottom" type="cfm-fast" waiting="0.00" lane="bottom_0" pos="47.71" speed="18.08" angle="8.72" x="132.09" y="58.66"/>
        <vehicle id="cfm-fast_3" eclass="HBEFA3/PC_G_EU4" CO2="75365.25" CO="1475.74" HC="8.59" NOx="35.01" PMx="1.92" fuel="32.40" electricity="0.00" noise="124.74" route="routebottom" type="cfm-fast" waiting="0.00" lane="right_0" pos="14.09" speed="20.30" angle="339.15" x="125.65" y="93.09"/>
        <vehicle id="cfm-fast_4" eclass="HBEFA3/PC_G_EU4" CO2="75287.62" CO="1474.16" HC="8.58" NOx="34.97" PMx="1.92" fuel="32.36" electricity="0.00" noise="124.73" route="routeright" type="cfm-fast" waiting="0.00" lane="right_1" pos="29.91" speed="20.27" angle="310.63" x="102.19" y="116.37"/>
        <vehicle id="cfm-fast_5" eclass="HBEFA3/PC_G_EU4" CO2="25563.13" CO="458.24" HC="2.72" NOx="11.59" PMx="0.62" fuel="10.99" electricity="0.00" noise="86.21" route="routeright" type="cfm-fast" waiting="0.00" lane="right_0" pos="44.83" speed="16.74" angle="283.82" x="74.83" y="131.36"/>
        <vehicle id="cfm-slow_0" eclass="HBEFA3/PC_G_EU4" CO2="22751.92" CO="406.52" HC="2.41" NOx="10.30" PMx="0.54" fuel="9.78" electricity="0.00" noise="84.81" route="routetop" type="cfm-slow" waiting="0.00" lane="top_0" pos="9.71" speed="15.30" angle="256.96" x="43.00" y="129.08"/>
        <vehicle id="cfm-slow_1" eclass="HBEFA3/PC_G_EU4" CO2="22922.88" CO="410.00" HC="2.43" NOx="10.38" PMx="0.55" fuel="9.85" electricity="0.00" noise="84.99" route="routetop" type="cfm-slow" waiting="0.00" lane="top_0" pos="25.55" speed="15.31" angle="228.53" x="14.33" y="111.34"/>
        <vehicle id="cfm-slow_2" eclass="HBEFA3/PC_G_EU4" CO2="23805.28" CO="427.91" HC="2.53" NOx="10.80" PMx="0.57" fuel="10.23" electricity="0.00" noise="85.90" route="routetop" type="cfm-slow" waiting="0.00" lane="top_0" pos="41.39" speed="15.36" angle="200.02" x="-2.42" y="82.05"/>
        <vehicle id="cfm-slow_3" eclass="HBEFA3/PC_G_EU4" CO2="27378.98" CO="500.19" HC="2.95" NOx="12.48" PMx="0.66" fuel="11.77" electricity="0.00" noise="89.42" route="routetop" type="cfm-slow" waiting="0.00" lane="left_0" pos="7.29" speed="15.64" angle="171.28" x="-3.13" y="48.02"/>
        <vehicle id="cfm-slow_4" eclass="HBEFA3/PC_G_EU4" CO2="37915.36" CO="712.51" HC="4.18" NOx="17.42" PMx="0.94" fuel="16.30" electricity="0.00" noise="98.62" route="routeleft" type="cfm-slow" waiting="0.00" lane="left_0" pos="23.50" speed="16.75" angle="142.17" x="12.93" y="17.49"/>
        <vehicle id="cfm-slow_5" eclass="HBEFA3/PC_G_EU4" CO2="55867.36" CO="1074.62" HC="6.28" NOx="25.82" PMx="1.41" fuel="24.01" electricity="0.00" noise="109.18" route="routeleft" type="cfm-slow" waiting="0.00" lane="left_0" pos="40.91" speed="19.94" angle="110.84" x="44.28" y="-2.15"/>
    </timestep>
    <timestep time="1.53">
        <vehicle id="cfm-fast_0" eclass="HBEFA3/PC_G_EU4" CO2="75881.99" CO="1486.29" HC="8.65" NOx="35.25" PMx="1.93" fuel="32.62" electricity="0.00" noise="124.80" route="routebottom" type="cfm-fast" waiting="0.00" lane="bottom_0" pos="16.79" speed="20.43" angle="64.25" x="98.23" y="4.40"/>
        <vehicle id="cfm-fast_1" eclass="HBEFA3/PC_G_EU4" CO2="75881.97" CO="1486.29" HC="8.65" NOx="35.25" PMx="1.93" fuel="32.62" electricity="0.00" noise="124.80" route="routebottom" type="cfm-fast" waiting="0.00" lane="bottom_1" pos="32.63" speed="20.43" angle="35.80" x="119.47" y="29.76"/>
        <vehicle id="cfm-fast_2" eclass="HBEFA3/PC_G_EU4" CO2="43772.04" CO="828.70" HC="4.86" NOx="20.15" PMx="1.09" fuel="18.82" electricity="0.00" noise="101.75" route="routebottom" type="cfm-fast" waiting="0.00" lane="bottom_0" pos="47.90" speed="18.17" angle="8.38" x="132.11" y="59.05"/>
        <vehicle id="cfm-fast_3" eclass="HBEFA3/PC_G_EU4" CO2="75875.86" CO="1486.16" HC="8.65" NOx="35.25" PMx="1.93" fuel="32.62" electricity="0.00" noise="124.80" route="routebottom" type="cfm-fast" waiting="0.00" lane="right_0" pos="14.29" speed="20.43" angle="338.76" x="125.45" y="93.48"/>
        <vehicle id="cfm-fast_4" eclass="HBEFA3/PC_G_EU4" CO2="75798.19" CO="1484.58" HC="8.64" NOx="35.21" PMx="1.93" fuel="32.58" electricity="0.00" noise="124.79" route="routeright" type="cfm-fast" waiting="0.00" lane="right_1" pos="30.11" speed="20.41" angle="310.26" x="101.85" y="116.62"/>
        <vehicle id="cfm-fast_5" eclass="HBEFA3/PC_G_EU4" CO2="25368.31" CO="454.04" HC="2.69" NOx="11.50" PMx="0.61" fuel="10.90" electricity="0.00" noise="85.96" route="routeright" type="cfm-fast" waiting="0.00" lane="right_0" pos="45.00" speed="16.79" angle="283.56" x="74.48" y="131.42"/>
        <vehicle id="cfm-slow_0" eclass="HBEFA3/PC_G_EU4" CO2="22641.07" CO="403.99" HC="2.40" NOx="10.25" PMx="0.54" fuel="9.73" electricity="0.00" noise="84.64" route="routetop" type="cfm-slow" waiting="0.00" lane="top_0" pos="9.87" speed="15.35" angle="256.68" x="42.69" y="128.98"/>
        <vehicle id="cfm-slow_1" eclass="HBEFA3/PC_G_EU4" CO2="22819.11" CO="407.61" HC="2.42" NOx="10.33" PMx="0.55" fuel="9.81" electricity="0.00" noise="84.82" route="routetop" type="cfm-slow" waiting="0.00" lane="top_0" pos="25.70" speed="15.36" angle="228.29" x="14.10" y="111.10"/>
        <vehicle id="cfm-slow_2" eclass="HBEFA3/PC_G_EU4" CO2="23728.39" CO="426.07" HC="2.52" NOx="10.76" PMx="0.57" fuel="10.20" electricity="0.00" noise="85.75" route="routetop" type="cfm-slow" waiting="0.00" lane="top_0" pos="41.54" speed="15.42" angle="199.74" x="-2.51" y="81.73"/>
        <vehicle id="cfm-slow_3" eclass="HBEFA3/PC_G_EU4" CO2="27370.58" CO="499.74" HC="2.95" NOx="12.47" PMx="0.66" fuel="11.77" electricity="0.00" noise="89.33" route="routetop" type="cfm-slow" waiting="0.00" lane="left_0" pos="7.45" speed="15.70" angle="170.97" x="-3.05" y="47.69"/>
        <vehicle id="cfm-slow_4" eclass="HBEFA3/PC_G_EU4" CO2="37983.16" CO="713.61" HC="4.19" NOx="17.45" PMx="0.94" fuel="16.33" electricity="0.00" noise="98.55" route="routeleft" type="cfm-slow" waiting="0.00" lane="left_0" pos="23.67" speed="16.83" angle="141.87" x="13.17" y="17.23"/>
        <vehicle id="cfm-slow_5" eclass="HBEFA3/PC_G_EU4" CO2="55853.70" CO="1074.24" HC="6.28" NOx="25.81" PMx="1.41" fuel="24.01" electricity="0.00" noise="108.98" route="routeleft" type="cfm-slow" waiting="0.00" lane="left_0" pos="41.11" speed="20.04" angle="110.53" x="44.69" y="-2.27"/>
    </timestep>
    <timestep time="1.54">
        <vehicle id="cfm-fast_0" eclass="HBEFA3/PC_G_EU4" CO2="76392.89" CO="1496.73" HC="8.71" NOx="35.49" PMx="1.94" fuel="32.84" electricity="0.00" noise="124.87" route="routebottom" type="cfm-fast" waiting="0.00" lane="bottom_0" pos="17.00" speed="20.57" angle="63.87" x="98.61" y="4.63"/>
        <vehicle id="cfm-fast_1" eclass="HBEFA3/PC_G_EU4" CO2="76392.88" CO="1496.73" HC="8.71" NOx="35.49" PMx="1.94" fuel="32.84" electricity="0.00" noise="124.87" route="routebottom" type="cfm-fast" waiting="0.00" lane="bottom_1" pos="32.83" speed="20.57" angle="35.41" x="119.69" y="30.12"/>
        <vehicle id="cfm-fast_2" eclass="HBEFA3/PC_G_EU4" CO2="43920.08" CO="831.54" HC="4.87" NOx="20.22" PMx="1.10" fuel="18.88" electricity="0.00" noise="101.74" route="routebottom" type="cfm-fast" waiting="0.00" lane="bottom_0" pos="48.08" speed="18.26" angle="8.04" x="132.13" y="59.44"/>
        <vehicle id="cfm-fast_3" eclass="HBEFA3/PC_G_EU4" CO2="76386.77" CO="1496.61" HC="8.71" NOx="35.48" PMx="1.94" fuel="32.83" electricity="0.00" noise="124.86" route="routebottom" type="cfm-fast" waiting="0.00" lane="right_0" pos="14.50" speed="20.57" angle="338.37" x="125.25" y="93.88"/>
        <vehicle id="cfm-fast_4" eclass="HBEFA3/PC_G_EU4" CO2="76309.05" CO="1495.02" HC="8.70" NOx="35.45" PMx="1.94" fuel="32.80" electricity="0.00" noise="124.86" route="routeright" type="cfm-fast" waiting="0.00" lane="right_1" pos="30.32" speed="20.55" angle="309.88" x="101.51" y="116.87"/>
        <vehicle id="cfm-fast_5" eclass="HBEFA3/PC_G_EU4" CO2="25174.04" CO="449.85" HC="2.67" NOx="11.41" PMx="0.61" fuel="10.82" electricity="0.00" noise="85.72" route="routeright" type="cfm-fast" waiting="0.00" lane="right_0" pos="45.17" speed="16.84" angle="283.26" x="74.12" y="131.47"/>
        <vehicle id="cfm-slow_0" eclass="HBEFA3/PC_G_EU4" CO2="22530.17" CO="401.47" HC="2.38" NOx="10.19" PMx="0.54" fuel="9.68" electricity="0.00" noise="84.46" route="routetop" type="cfm-slow" waiting="0.00" lane="top_0" pos="10.02" speed="15.40" angle="256.41" x="42.37" y="128.89"/>
        <vehicle id="cfm-slow_1" eclass="HBEFA3/PC_G_EU4" CO2="22715.46" CO="405.24" HC="2.40" NOx="10.28" PMx="0.54" fuel="9.76" electricity="0.00" noise="84.65" route="routetop" type="cfm-slow" waiting="0.00" lane="top_0" pos="25.85" speed="15.41" angle="228.00" x="13.87" y="110.86"/>
        <vehicle id="cfm-slow_2" eclass="HBEFA3/PC_G_EU4" CO2="23652.05" CO="424.25" HC="2.51" NOx="10.72" PMx="0.57" fuel="10.17" electricity="0.00" noise="85.61" route="routetop" type="cfm-slow" waiting="0.00" lane="top_0" pos="41.70" speed="15.47" angle="199.45" x="-2.60" y="81.41"/>
        <vehicle id="cfm-slow_3" eclass="HBEFA3/PC_G_EU4" CO2="27362.73" CO="499.30" HC="2.95" NOx="12.47" PMx="0.66" fuel="11.76" electricity="0.00" noise="89.24" route="routetop" type="cfm-slow" waiting="0.00" lane="left_0" pos="7.61" speed="15.76" angle="170.71" x="-2.98" y="47.36"/>
        <vehicle id="cfm-slow_4" eclass="HBEFA3/PC_G_EU4" CO2="38050.00" CO="714.70" HC="4.19" NOx="17.48" PMx="0.94" fuel="16.36" electricity="0.00" noise="98.47" route="routeleft" type="cfm-slow" waiting="0.00" lane="left_0" pos="23.84" speed="16.91" angle="141.57" x="13.42" y="16.96"/>
        <vehicle id="cfm-slow_5" eclass="HBEFA3/PC_G_EU4" CO2="55842.78" CO="1073.93" HC="6.27" NOx="25.80" PMx="1.41" fuel="24.00" electricity="0.00" noise="108.78" route="routeleft" type="cfm-slow" waiting="0.00" lane="left_0" pos="41.31" speed="20.14" angle="110.16" x="45.11" y="-2.38"/>
    </timestep>
    <timestep time="1.55">
        <vehicle id="cfm-fast_0" eclass="HBEFA3/PC_G_EU4" CO2="76904.10" CO="1507.20" HC="8.77" NOx="35.72" PMx="1.96" fuel="33.06" electricity="0.00" noise="124.93" route="routebottom" type="cfm-fast" waiting="0.00" lane="bottom_0" pos="17.21" speed="20.71" angle="63.49" x="98.99" y="4.86"/>
        <vehicle id="cfm-fast_1" eclass="HBEFA3/PC_G_EU4" CO2="76904.08" CO="1507.20" HC="8.77" NOx="35.72" PMx="1.96" fuel="33.06" electricity="0.00" noise="124.93" route="routebottom" type="cfm-fast" waiting="0.00" lane="bottom_1" pos="33.04" speed="20.71" angle="35.03" x="119.91" y="30.48"/>
        <vehicle id="cfm-fast_2" eclass="HBEFA3/PC_G_EU4" CO2="44070.65" CO="834.43" HC="4.89" NOx="20.29" PMx="1.10" fuel="18.94" electricity="0.00" noise="101.73" route="routebottom" type="cfm-fast" waiting="0.00" lane="bottom_0" pos="48.26" speed="18.34" angle="7.69" x="132.16" y="59.83"/>
        <vehicle id="cfm-fast_3" eclass="HBEFA3/PC_G_EU4" CO2="76897.96" CO="1507.07" HC="8.77" NOx="35.72" PMx="1.96" fuel="33.05" electricity="0.00" noise="124.93" route="routebottom" type="cfm-fast" waiting="0.00" lane="right_0" pos="14.71" speed="20.70" angle="337.97" x="125.05" y="94.28"/>
        <vehicle id="cfm-fast_4" eclass="HBEFA3/PC_G_EU4" CO2="76820.21" CO="1505.48" HC="8.76" NOx="35.68" PMx="1.96" fuel="33.02" electricity="0.00" noise="124.92" route="routeright" type="cfm-fast" waiting="0.00" lane="right_1" pos="30.53" speed="20.68" angle="309.51" x="101.17" y="117.11"/>
        <vehicle id="cfm-fast_5" eclass="HBEFA3/PC_G_EU4" CO2="24980.33" CO="445.68" HC="2.64" NOx="11.31" PMx="0.60" fuel="10.74" electricity="0.00" noise="85.47" route="routeright" type="cfm-fast" waiting="0.00" lane="right_0" pos="45.33" speed="16.89" angle="282.95" x="73.76" y="131.52"/>
        <vehicle id="cfm-slow_0" eclass="HBEFA3/PC_G_EU4" CO2="22419.22" CO="398.95" HC="2.37" NOx="10.14" PMx="0.53" fuel="9.64" electricity="0.00" noise="84.29" route="routetop" type="cfm-slow" waiting="0.00" lane="top_0" pos="10.17" speed="15.45" angle="256.16" x="42.05" y="128.79"/>
        <vehicle id="cfm-slow_1" eclass="HBEFA3/PC_G_EU4" CO2="22611.98" CO="402.87" HC="2.39" NOx="10.23" PMx="0.54" fuel="9.72" electricity="0.00" noise="84.49" route="routetop" type="cfm-slow" waiting="0.00" lane="top_0" pos="26.01" speed="15.46" angle="227.71" x="13.65" y="110.61"/>
        <vehicle id="cfm-slow_2" eclass="HBEFA3/PC_G_EU4" CO2="23576.26" CO="422.44" HC="2.50" NOx="10.68" PMx="0.56" fuel="10.13" electricity="0.00" noise="85.46" route="routetop" type="cfm-slow" waiting="0.00" lane="top_0" pos="41.85" speed="15.52" angle="199.16" x="-2.68" y="81.09"/>
        <vehicle id="cfm-slow_3" eclass="HBEFA3/PC_G_EU4" CO2="27355.46" CO="498.88" HC="2.95" NOx="12.46" PMx="0.66" fuel="11.76" electricity="0.00" noise="89.15" route="routetop" type="cfm-slow" waiting="0.00" lane="left_0" pos="7.77" speed="15.82" angle="170.45" x="-2.89" y="47.03"/>
        <vehicle id="cfm-slow_4" eclass="HBEFA3/PC_G_EU4" CO2="38115.91" CO="715.77" HC="4.20" NOx="17.51" PMx="0.94" fuel="16.38" electricity="0.00" noise="98.40" route="routeleft" type="cfm-slow" waiting="0.00" lane="left_0" pos="24.01" speed="16.99" angle="141.26" x="13.67" y="16.69"/>
        <vehicle id="cfm-slow_5" eclass="HBEFA3/PC_G_EU4" CO2="55834.67" CO="1073.68" HC="6.27" NOx="25.79" PMx="1.41" fuel="24.00" electricity="0.00" noise="108.59" route="routeleft" type="cfm-slow" waiting="0.00" lane="left_0" pos="41.51" speed="20.24" angle="109.78" x="45.53" y="-2.49"/>
    </timestep>
    <timestep time="1.56">
        <vehicle id="cfm-fast_0" eclass="HBEFA3/PC_G_EU4" CO2="77415.59" CO="1517.69" HC="8.83" NOx="35.96" PMx="1.97" fuel="33.28" electricity="0.00" noise="124.99" route="routebottom" type="cfm-fast" waiting="0.00" lane="bottom_0" pos="17.42" speed="20.84" angle="63.11" x="99.38" y="5.09"/>
        <vehicle id="cfm-fast_1" eclass="HBEFA3/PC_G_EU4" CO2="77415.57" CO="1517.69" HC="8.83" NOx="35.96" PMx="1.97" fuel="33.28" electricity="0.00" noise="124.99" route="routebottom" type="cfm-fast" waiting="0.00" lane="bottom_1" pos="33.25" speed="20.84" angle="34.65" x="120.12" y="30.85"/>
        <vehicle id="cfm-fast_2" eclass="HBEFA3/PC_G_EU4" CO2="44223.78" CO="837.38" HC="4.91" NOx="20.36" PMx="1.10" fuel="19.01" electricity="0.00" noise="101.72" route="routebottom" type="cfm-fast" waiting="0.00" lane="bottom_0" pos="48.45" speed="18.43" angle="7.35" x="132.18" y="60.23"/>
        <vehicle id="cfm-fast_3" eclass="HBEFA3/PC_G_EU4" CO2="77409.45" CO="1517.56" HC="8.83" NOx="35.96" PMx="1.97" fuel="33.27" electricity="0.00" noise="124.99" route="routebottom" type="cfm-fast" waiting="0.00" lane="right_0" pos="14.91" speed="20.84" angle="337.58" x="124.85" y="94.68"/>
        <vehicle id="cfm-fast_4" eclass="HBEFA3/PC_G_EU4" CO2="77331.65" CO="1515.97" HC="8.82" NOx="35.92" PMx="1.97" fuel="33.24" electricity="0.00" noise="124.98" route="routeright" type="cfm-fast" waiting="0.00" lane="right_1" pos="30.73" speed="20.82" angle="309.17" x="100.82" y="117.36"/>
        <vehicle id="cfm-fast_5" eclass="HBEFA3/PC_G_EU4" CO2="24787.23" CO="441.53" HC="2.62" NOx="11.22" PMx="0.60" fuel="10.65" electricity="0.00" noise="85.23" route="routeright" type="cfm-fast" waiting="0.00" lane="right_0" pos="45.50" speed="16.94" angle="282.65" x="73.40" y="131.57"/>
        <vehicle id="cfm-slow_0" eclass="HBEFA3/PC_G_EU4" CO2="22308.27" CO="396.43" HC="2.35" NOx="10.09" PMx="0.53" fuel="9.59" electricity="0.00" noise="84.11" route="routetop" type="cfm-slow" waiting="0.00" lane="top_0" pos="10.33" speed="15.50" angle="255.90" x="41.74" y="128.68"/>
        <vehicle id="cfm-slow_1" eclass="HBEFA3/PC_G_EU4" CO2="22508.68" CO="400.51" HC="2.38" NOx="10.18" PMx="0.54" fuel="9.68" electricity="0.00" noise="84.32" route="routetop" type="cfm-slow" waiting="0.00" lane="top_0" pos="26.16" speed="15.51" angle="227.43" x="13.42" y="110.37"/>
        <vehicle id="cfm-slow_2" eclass="HBEFA3/PC_G_EU4" CO2="23501.06" CO="420.65" HC="2.49" NOx="10.65" PMx="0.56" fuel="10.10" electricity="0.00" noise="85.33" route="routetop" type="cfm-slow" waiting="0.00" lane="top_0" pos="42.01" speed="15.57" angle="198.87" x="-2.77" y="80.77"/>
        <vehicle id="cfm-slow_3" eclass="HBEFA3/PC_G_EU4" CO2="27348.75" CO="498.48" HC="2.94" NOx="12.46" PMx="0.66" fuel="11.76" electricity="0.00" noise="89.07" route="routetop" type="cfm-slow" waiting="0.00" lane="left_0" pos="7.93" speed="15.88" angle="170.16" x="-2.81" y="46.70"/>
        <vehicle id="cfm-slow_4" eclass="HBEFA3/PC_G_EU4" CO2="38180.96" CO="716.84" HC="4.21" NOx="17.54" PMx="0.95" fuel="16.41" electricity="0.00" noise="98.32" route="routeleft" type="cfm-slow" waiting="0.00" lane="left_0" pos="24.18" speed="17.07" angle="140.95" x="13.91" y="16.42"/>
        <vehicle id="cfm-slow_5" eclass="HBEFA3/PC_G_EU4" CO2="55829.44" CO="1073.50" HC="6.27" NOx="25.79" PMx="1.41" fuel="24.00" electricity="0.00" noise="108.40" route="routeleft" type="cfm-slow" waiting="0.00" lane="left_0" pos="41.72" speed="20.34" angle="109.40" x="45.96" y="-2.61"/>
    </timestep>
    <timestep time="1.57">
        <vehicle id="cfm-fast_0" eclass="HBEFA3/PC_G_EU4" CO2="77927.37" CO="1528.20" HC="8.89" NOx="36.20" PMx="1.99" fuel="33.50" electricity="0.00" noise="125.06" route="routebottom" type="cfm-fast" waiting="0.00" lane="bottom_0" pos="17.63" speed="20.98" angle="62.72" x="99.77" y="5.32"/>
        <vehicle id="cfm-fast_1" eclass="HBEFA3/PC_G_EU4" CO2="77927.36" CO="1528.20" HC="8.89" NOx="36.20" PMx="1.99" fuel="33.50" electricity="0.00" noise="125.06" route="routebottom" type="cfm-fast" waiting="0.00" lane="bottom_1" pos="33.46" speed="20.98" angle="34.31" x="120.34" y="31.22"/>
        <vehicle id="cfm-fast_2" eclass="HBEFA3/PC_G_EU4" CO2="44379.45" CO="840.40" HC="4.93" NOx="20.43" PMx="1.11" fuel="19.08" electricity="0.00" noise="101.71" route="routebottom" type="cfm-fast" waiting="0.00" lane="bottom_0" pos="48.63" speed="18.52" angle="7.00" x="132.20" y="60.63"/>
        <vehicle id="cfm-fast_3" eclass="HBEFA3/PC_G_EU4" CO2="77172.09" CO="1512.65" HC="8.80" NOx="35.84" PMx="1.97" fuel="33.17" electricity="0.00" noise="124.46" route="routebottom" type="cfm-fast" waiting="0.00" lane="right_0" pos="15.12" speed="20.98" angle="337.18" x="124.65" y="95.08"/>
        <vehicle id="cfm-fast_4" eclass="HBEFA3/PC_G_EU4" CO2="77843.39" CO="1526.47" HC="8.88" NOx="36.16" PMx="1.98" fuel="33.46" electricity="0.00" noise="125.05" route="routeright" type="cfm-fast" waiting="0.00" lane="right_1" pos="30.94" speed="20.96" angle="308.80" x="100.47" y="117.60"/>
        <vehicle id="cfm-fast_5" eclass="HBEFA3/PC_G_EU4" CO2="24594.76" CO="437.39" HC="2.60" NOx="11.13" PMx="0.59" fuel="10.57" electricity="0.00" noise="85.00" route="routeright" type="cfm-fast" waiting="0.00" lane="right_0" pos="45.67" speed="16.99" angle="282.34" x="73.04" y="131.62"/>
        <vehicle id="cfm-slow_0" eclass="HBEFA3/PC_G_EU4" CO2="22197.32" CO="393.92" HC="2.34" NOx="10.03" PMx="0.53" fuel="9.54" electricity="0.00" noise="83.95" route="routetop" type="cfm-slow" waiting="0.00" lane="top_0" pos="10.48" speed="15.55" angle="255.61" x="41.42" y="128.57"/>
        <vehicle id="cfm-slow_1" eclass="HBEFA3/PC_G_EU4" CO2="22405.59" CO="398.15" HC="2.36" NOx="10.13" PMx="0.53" fuel="9.63" electricity="0.00" noise="84.16" route="routetop" type="cfm-slow" waiting="0.00" lane="top_0" pos="26.32" speed="15.56" angle="227.14" x="13.19" y="110.12"/>
        <vehicle id="cfm-slow_2" eclass="HBEFA3/PC_G_EU4" CO2="23426.46" CO="418.88" HC="2.48" NOx="10.61" PMx="0.56" fuel="10.07" electricity="0.00" noise="85.19" route="routetop" type="cfm-slow" waiting="0.00" lane="top_0" pos="42.17" speed="15.62" angle="198.59" x="-2.86" y="80.44"/>
        <vehicle id="cfm-slow_3" eclass="HBEFA3/PC_G_EU4" CO2="27342.63" CO="498.09" HC="2.94" NOx="12.45" PMx="0.66" fuel="11.75" electricity="0.00" noise="88.98" route="routetop" type="cfm-slow" waiting="0.00" lane="left_0" pos="8.08" speed="15.94" angle="169.86" x="-2.72" y="46.37"/>
        <vehicle id="cfm-slow_4" eclass="HBEFA3/PC_G_EU4" CO2="38245.18" CO="717.89" HC="4.21" NOx="17.57" PMx="0.95" fuel="16.44" electricity="0.00" noise="98.25" route="routeleft" type="cfm-slow" waiting="0.00" lane="left_0" pos="24.35" speed="17.15" angle="140.70" x="14.16" y="16.15"/>
        <vehicle id="cfm-slow_5" eclass="HBEFA3/PC_G_EU4" CO2="55827.12" CO="1073.39" HC="6.27" NOx="25.78" PMx="1.41" fuel="24.00" electricity="0.00" noise="108.22" route="routeleft" type="cfm-slow" waiting="0.00" lane="left_0" pos="41.92" speed="20.44" angle="109.02" x="46.38" y="-2.72"/>
    </timestep>
    <timestep time="1.58">
        <vehicle id="cfm-fast_0" eclass="HBEFA3/PC_G_EU4" CO2="78439.45" CO="1538.73" HC="8.95" NOx="36.44" PMx="2.00" fuel="33.72" electricity="0.00" noise="125.12" route="routebottom" type="cfm-fast" waiting="0.00" lane="bottom_0" pos="17.84" speed="21.12" angle="62.36" x="100.15" y="5.56"/>
        <vehicle id="cfm-fast_1" eclass="HBEFA3/PC_G_EU4" CO2="78439.44" CO="1538.73" HC="8.95" NOx="36.44" PMx="2.00" fuel="33.72" electricity="0.00" noise="125.12" route="routebottom" type="cfm-fast" waiting="0.00" lane="bottom_1" pos="33.67" speed="21.12" angle="33.93" x="120.55" y="31.60"/>
        <vehicle id="cfm-fast_2" eclass="HBEFA3/PC_G_EU4" CO2="44531.59" CO="843.34" HC="4.94" NOx="20.50" PMx="1.11" fuel="19.14" electricity="0.00" noise="101.70" route="routebottom" type="cfm-fast" waiting="0.00" lane="bottom_0" pos="48.82" speed="18.60" angle="6.71" x="132.22" y="61.03"/>
        <vehicle id="cfm-fast_3" eclass="HBEFA3/PC_G_EU4" CO2="76363.02" CO="1495.98" HC="8.71" NOx="35.46" PMx="1.94" fuel="32.82" electricity="0.00" noise="123.48" route="routebottom" type="cfm-fast" waiting="0.00" lane="right_0" pos="15.34" speed="21.11" angle="336.83" x="124.45" y="95.49"/>
        <vehicle id="cfm-fast_4" eclass="HBEFA3/PC_G_EU4" CO2="78355.42" CO="1537.00" HC="8.94" NOx="36.40" PMx="2.00" fuel="33.68" electricity="0.00" noise="125.11" route="routeright" type="cfm-fast" waiting="0.00" lane="right_1" pos="31.16" speed="21.09" angle="308.41" x="100.11" y="117.84"/>
        <vehicle id="cfm-fast_5" eclass="HBEFA3/PC_G_EU4" CO2="24402.96" CO="433.27" HC="2.57" NOx="11.04" PMx="0.59" fuel="10.49" electricity="0.00" noise="84.76" route="routeright" type="cfm-fast" waiting="0.00" lane="right_0" pos="45.84" speed="17.04" angle="282.03" x="72.67" y="131.67"/>
        <vehicle id="cfm-slow_0" eclass="HBEFA3/PC_G_EU4" CO2="22086.40" CO="391.41" HC="2.33" NOx="9.98" PMx="0.53" fuel="9.49" electricity="0.00" noise="83.78" route="routetop" type="cfm-slow" waiting="0.00" lane="top_0" pos="10.64" speed="15.60" angle="255.31" x="41.11" y="128.45"/>
        <vehicle id="cfm-slow_1" eclass="HBEFA3/PC_G_EU4" CO2="22302.74" CO="395.81" HC="2.35" NOx="10.08" PMx="0.53" fuel="9.59" electricity="0.00" noise="84.00" route="routetop" type="cfm-slow" waiting="0.00" lane="top_0" pos="26.48" speed="15.61" angle="226.85" x="12.97" y="109.87"/>
        <vehicle id="cfm-slow_2" eclass="HBEFA3/PC_G_EU4" CO2="23352.48" CO="417.12" HC="2.47" NOx="10.58" PMx="0.56" fuel="10.04" electricity="0.00" noise="85.05" route="routetop" type="cfm-slow" waiting="0.00" lane="top_0" pos="42.32" speed="15.67" angle="198.35" x="-2.94" y="80.11"/>
        <vehicle id="cfm-slow_3" eclass="HBEFA3/PC_G_EU4" CO2="27337.08" CO="497.72" HC="2.94" NOx="12.45" PMx="0.66" fuel="11.75" electricity="0.00" noise="88.90" route="routetop" type="cfm-slow" waiting="0.00" lane="left_0" pos="8.24" speed="16.00" angle="169.57" x="-2.63" y="46.03"/>
        <vehicle id="cfm-slow_4" eclass="HBEFA3/PC_G_EU4" CO2="38308.63" CO="718.94" HC="4.22" NOx="17.59" PMx="0.95" fuel="16.47" electricity="0.00" noise="98.18" route="routeleft" type="cfm-slow" waiting="0.00" lane="left_0" pos="24.52" speed="17.23" angle="140.39" x="14.43" y="15.88"/>
        <vehicle id="cfm-slow_5" eclass="HBEFA3/PC_G_EU4" CO2="55827.79" CO="1073.35" HC="6.27" NOx="25.78" PMx="1.41" fuel="24.00" electricity="0.00" noise="108.04" route="routeleft" type="cfm-slow" waiting="0.00" lane="left_0" pos="42.13" speed="20.54" angle="108.64" x="46.81" y="-2.83"/>
    </timestep>
    <timestep time="1.59">
        <vehicle id="cfm-fast_0" eclass="HBEFA3/PC_G_EU4" CO2="78951.82" CO="1549.28" HC="9.01" NOx="36.68" PMx="2.01" fuel="33.94" electricity="0.00" noise="125.19" route="routebottom" type="cfm-fast" waiting="0.00" lane="bottom_0" pos="18.05" speed="21.25" angle="62.01" x="100.54" y="5.80"/>
        <vehicle id="cfm-fast_1" eclass="HBEFA3/PC_G_EU4" CO2="78951.81" CO="1549.28" HC="9.01" NOx="36.68" PMx="2.01" fuel="33.94" electricity="0.00" noise="125.19" route="routebottom" type="cfm-fast" waiting="0.00" lane="bottom_1" pos="33.88" speed="21.25" angle="33.54" x="120.76" y="31.98"/>
        <vehicle id="cfm-fast_2" eclass="HBEFA3/PC_G_EU4" CO2="44675.63" CO="846.13" HC="4.96" NOx="20.56" PMx="1.12" fuel="19.20" electricity="0.00" noise="101.69" route="routebottom" type="cfm-fast" waiting="0.00" lane="bottom_0" pos="49.00" speed="18.69" angle="6.36" x="132.23" y="61.43"/>
        <vehicle id="cfm-fast_3" eclass="HBEFA3/PC_G_EU4" CO2="75546.09" CO="1479.16" HC="8.61" NOx="35.07" PMx="1.92" fuel="32.47" electricity="0.00" noise="122.51" route="routebottom" type="cfm-fast" waiting="0.00" lane="right_0" pos="15.55" speed="21.24" angle="336.46" x="124.23" y="95.89"/>
        <vehicle id="cfm-fast_4" eclass="HBEFA3/PC_G_EU4" CO2="78867.74" CO="1547.55" HC="9.00" NOx="36.64" PMx="2.01" fuel="33.90" electricity="0.00" noise="125.18" route="routeright" type="cfm-fast" waiting="0.00" lane="right_1" pos="31.37" speed="21.23" angle="308.03" x="99.75" y="118.09"/>
        <vehicle id="cfm-fast_5" eclass="HBEFA3/PC_G_EU4" CO2="24211.86" CO="429.17" HC="2.55" NOx="10.95" PMx="0.58" fuel="10.41" electricity="0.00" noise="84.53" route="routeright" type="cfm-fast" waiting="0.00" lane="right_0" pos="46.02" speed="17.09" angle="281.73" x="72.31" y="131.73"/>
        <vehicle id="cfm-slow_0" eclass="HBEFA3/PC_G_EU4" CO2="21975.53" CO="388.90" HC="2.31" NOx="9.93" PMx="0.52" fuel="9.45" electricity="0.00" noise="83.61" route="routetop" type="cfm-slow" waiting="0.00" lane="top_0" pos="10.80" speed="15.65" angle="255.02" x="40.79" y="128.34"/>
        <vehicle id="cfm-slow_1" eclass="HBEFA3/PC_G_EU4" CO2="22200.15" CO="393.48" HC="2.34" NOx="10.03" PMx="0.53" fuel="9.54" electricity="0.00" noise="83.84" route="routetop" type="cfm-slow" waiting="0.00" lane="top_0" pos="26.63" speed="15.66" angle="226.56" x="12.74" y="109.63"/>
        <vehicle id="cfm-slow_2" eclass="HBEFA3/PC_G_EU4" CO2="23279.14" CO="415.38" HC="2.46" NOx="10.54" PMx="0.56" fuel="10.01" electricity="0.00" noise="84.92" route="routetop" type="cfm-slow" waiting="0.00" lane="top_0" pos="42.48" speed="15.73" angle="198.08" x="-3.02" y="79.78"/>
        <vehicle id="cfm-slow_3" eclass="HBEFA3/PC_G_EU4" CO2="27332.13" CO="497.36" HC="2.94" NOx="12.44" PMx="0.66" fuel="11.75" electricity="0.00" noise="88.82" route="routetop" type="cfm-slow" waiting="0.00" lane="left_0" pos="8.41" speed="16.06" angle="169.28" x="-2.54" y="45.70"/>
        <vehicle id="cfm-slow_4" eclass="HBEFA3/PC_G_EU4" CO2="38371.35" CO="719.97" HC="4.23" NOx="17.62" PMx="0.95" fuel="16.49" electricity="0.00" noise="98.11" route="routeleft" type="cfm-slow" waiting="0.00" lane="left_0" pos="24.69" speed="17.31" angle="140.07" x="14.69" y="15.62"/>
        <vehicle id="cfm-slow_5" eclass="HBEFA3/PC_G_EU4" CO2="55831.48" CO="1073.38" HC="6.27" NOx="25.78" PMx="1.41" fuel="24.00" electricity="0.00" noise="107.87" route="routeleft" type="cfm-slow" waiting="0.00" lane="left_0" pos="42.33" speed="20.64" angle="108.32" x="47.24" y="-2.95"/>
    </timestep>
    <timestep time="1.60">
        <vehicle id="cfm-fast_0" eclass="HBEFA3/PC_G_EU4" CO2="79464.48" CO="1559.85" HC="9.08" NOx="36.92" PMx="2.03" fuel="34.16" electricity="0.00" noise="125.25" route="routebottom" type="cfm-fast" waiting="0.00" lane="bottom_0" pos="18.26" speed="21.39" angle="61.61" x="100.92" y="6.06"/>
        <vehicle id="cfm-fast_1" eclass="HBEFA3/PC_G_EU4" CO2="79464.47" CO="1559.85" HC="9.08" NOx="36.92" PMx="2.03" fuel="34.16" electricity="0.00" noise="125.25" route="routebottom" type="cfm-fast" waiting="0.00" lane="bottom_1" pos="34.10" speed="21.39" angle="33.15" x="120.97" y="32.37"/>
        <vehicle id="cfm-fast_2" eclass="HBEFA3/PC_G_EU4" CO2="44811.59" CO="848.76" HC="4.97" NOx="20.63" PMx="1.12" fuel="19.26" electricity="0.00" noise="101.66" route="routebottom" type="cfm-fast" waiting="0.00" lane="bottom_0" pos="49.19" speed="18.77" angle="6.01" x="132.24" y="61.83"/>
        <vehicle id="cfm-fast_3" eclass="HBEFA3/PC_G_EU4" CO2="74721.95" CO="1462.21" HC="8.51" NOx="34.68" PMx="1.90" fuel="32.12" electricity="0.00" noise="121.56" route="routebottom" type="cfm-fast" waiting="0.00" lane="right_0" pos="15.76" speed="21.37" angle="336.08" x="124.01" y="96.29"/>
        <vehicle id="cfm-fast_4" eclass="HBEFA3/PC_G_EU4" CO2="79380.35" CO="1558.12" HC="9.07" NOx="36.88" PMx="2.02" fuel="34.12" electricity="0.00" noise="125.24" route="routeright" type="cfm-fast" waiting="0.00" lane="right_1" pos="31.58" speed="21.37" angle="307.64" x="99.38" y="118.33"/>
        <vehicle id="cfm-fast_5" eclass="HBEFA3/PC_G_EU4" CO2="24021.48" CO="425.09" HC="2.53" NOx="10.86" PMx="0.58" fuel="10.33" electricity="0.00" noise="84.30" route="routeright" type="cfm-fast" waiting="0.00" lane="right_0" pos="46.19" speed="17.14" angle="281.47" x="71.94" y="131.78"/>
        <vehicle id="cfm-slow_0" eclass="HBEFA3/PC_G_EU4" CO2="21864.74" CO="386.41" HC="2.30" NOx="9.87" PMx="0.52" fuel="9.40" electricity="0.00" noise="83.45" route="routetop" type="cfm-slow" waiting="0.00" lane="top_0" pos="10.95" speed="15.69" angle="254.72" x="40.47" y="128.22"/>
        <vehicle id="cfm-slow_1" eclass="HBEFA3/PC_G_EU4" CO2="22097.83" CO="391.15" HC="2.32" NOx="9.98" PMx="0.53" fuel="9.50" electricity="0.00" noise="83.68" route="routetop" type="cfm-slow" waiting="0.00" lane="top_0" pos="26.79" speed="15.71" angle="226.27" x="12.51" y="109.38"/>
        <vehicle id="cfm-slow_2" eclass="HBEFA3/PC_G_EU4" CO2="23206.46" CO="413.65" HC="2.45" NOx="10.50" PMx="0.55" fuel="9.98" electricity="0.00" noise="84.79" route="routetop" type="cfm-slow" waiting="0.00" lane="top_0" pos="42.64" speed="15.78" angle="197.79" x="-3.10" y="79.45"/>
        <vehicle id="cfm-slow_3" eclass="HBEFA3/PC_G_EU4" CO2="27327.76" CO="497.03" HC="2.94" NOx="12.44" PMx="0.66" fuel="11.75" electricity="0.00" noise="88.74" route="routetop" type="cfm-slow" waiting="0.00" lane="left_0" pos="8.57" speed="16.12" angle="168.98" x="-2.45" y="45.36"/>
        <vehicle id="cfm-slow_4" eclass="HBEFA3/PC_G_EU4" CO2="38433.39" CO="721.00" HC="4.23" NOx="17.65" PMx="0.95" fuel="16.52" electricity="0.00" noise="98.03" route="routeleft" type="cfm-slow" waiting="0.00" lane="left_0" pos="24.87" speed="17.39" angle="139.75" x="14.95" y="15.36"/>
        <vehicle id="cfm-slow_5" eclass="HBEFA3/PC_G_EU4" CO2="55838.24" CO="1073.48" HC="6.27" NOx="25.78" PMx="1.41" fuel="24.00" electricity="0.00" noise="107.71" route="routeleft" type="cfm-slow" waiting="0.00" lane="left_0" pos="42.54" speed="20.74" angle="107.95" x="47.67" y="-3.05"/>
    </timestep>
    <timestep time="1.61">
        <vehicle id="cfm-fast_0" eclass="HBEFA3/PC_G_EU4" CO2="79977.43" CO="1570.45" HC="9.14" NOx="37.16" PMx="2.04" fuel="34.38" electricity="0.00" noise="125.31" route="routebottom" type="cfm-fast" waiting="0.00" lane="bottom_0" pos="18.48" speed="21.52" angle="61.21" x="101.31" y="6.31"/>
        <vehicle id="cfm-fast_1" eclass="HBEFA3/PC_G_EU4" CO2="79977.42" CO="1570.45" HC="9.14" NOx="37.16" PMx="2.04" fuel="34.38" electricity="0.00" noise="125.31" route="routebottom" type="cfm-fast" waiting="0.00" lane="bottom_1" pos="34.31" speed="21.52" angle="32.77" x="121.19" y="32.75"/>
        <vehicle id="cfm-fast_2" eclass="HBEFA3/PC_G_EU4" CO2="44939.51" CO="851.22" HC="4.99" NOx="20.68" PMx="1.12" fuel="19.32" electricity="0.00" noise="101.63" route="routebottom" type="cfm-fast" waiting="0.00" lane="bottom_0" pos="49.38" speed="18.86" angle="5.66" x="132.24" y="62.24"/>
        <vehicle id="cfm-fast_3" eclass="HBEFA3/PC_G_EU4" CO2="73891.22" CO="1445.14" HC="8.41" NOx="34.28" PMx="1.88" fuel="31.76" electricity="0.00" noise="120.61" route="routebottom" type="cfm-fast" waiting="0.00" lane="right_0" pos="15.98" speed="21.49" angle="335.69" x="123.78" y="96.69"/>
        <vehicle id="cfm-fast_4" eclass="HBEFA3/PC_G_EU4" CO2="79893.26" CO="1568.71" HC="9.13" NOx="37.12" PMx="2.04" fuel="34.34" electricity="0.00" noise="125.30" route="routeright" type="cfm-fast" waiting="0.00" lane="right_1" pos="31.80" speed="21.50" angle="307.24" x="99.01" y="118.57"/>
        <vehicle id="cfm-fast_5" eclass="HBEFA3/PC_G_EU4" CO2="23831.85" CO="421.03" HC="2.50" NOx="10.76" PMx="0.57" fuel="10.24" electricity="0.00" noise="84.08" route="routeright" type="cfm-fast" waiting="0.00" lane="right_0" pos="46.36" speed="17.18" angle="281.16" x="71.58" y="131.82"/>
        <vehicle id="cfm-slow_0" eclass="HBEFA3/PC_G_EU4" CO2="21754.04" CO="383.91" HC="2.28" NOx="9.82" PMx="0.52" fuel="9.35" electricity="0.00" noise="83.28" route="routetop" type="cfm-slow" waiting="0.00" lane="top_0" pos="11.11" speed="15.74" angle="254.42" x="40.15" y="128.11"/>
        <vehicle id="cfm-slow_1" eclass="HBEFA3/PC_G_EU4" CO2="21995.82" CO="388.84" HC="2.31" NOx="9.93" PMx="0.52" fuel="9.45" electricity="0.00" noise="83.53" route="routetop" type="cfm-slow" waiting="0.00" lane="top_0" pos="26.95" speed="15.75" angle="226.03" x="12.28" y="109.13"/>
        <vehicle id="cfm-slow_2" eclass="HBEFA3/PC_G_EU4" CO2="23134.45" CO="411.95" HC="2.44" NOx="10.47" PMx="0.55" fuel="9.94" electricity="0.00" noise="84.66" route="routetop" type="cfm-slow" waiting="0.00" lane="top_0" pos="42.80" speed="15.83" angle="197.51" x="-3.17" y="79.12"/>
        <vehicle id="cfm-slow_3" eclass="HBEFA3/PC_G_EU4" CO2="27323.99" CO="496.70" HC="2.93" NOx="12.44" PMx="0.66" fuel="11.75" electricity="0.00" noise="88.66" route="routetop" type="cfm-slow" waiting="0.00" lane="left_0" pos="8.73" speed="16.17" angle="168.69" x="-2.36" y="45.03"/>
        <vehicle id="cfm-slow_4" eclass="HBEFA3/PC_G_EU4" CO2="38494.79" CO="722.02" HC="4.24" NOx="17.68" PMx="0.95" fuel="16.55" electricity="0.00" noise="97.96" route="routeleft" type="cfm-slow" waiting="0.00" lane="left_0" pos="25.04" speed="17.47" angle="139.43" x="15.22" y="15.09"/>
        <vehicle id="cfm-slow_5" eclass="HBEFA3/PC_G_EU4" CO2="55848.12" CO="1073.65" HC="6.27" NOx="25.79" PMx="1.41" fuel="24.01" electricity="0.00" noise="107.54" route="routeleft" type="cfm-slow" waiting="0.00" lane="left_0" pos="42.75" speed="20.83" angle="107.58" x="48.11" y="-3.15"/>
    </timestep>
    <timestep time="1.62">
        <vehicle id="cfm-fast_0" eclass="HBEFA3/PC_G_EU4" CO2="80490.68" CO="1581.07" HC="9.20" NOx="37.39" PMx="2.05" fuel="34.60" electricity="0.00" noise="125.38" route="routebottom" type="cfm-fast" waiting="0.00" lane="bottom_0" pos="18.70" speed="21.66" angle="60.80" x="101.70" y="6.57"/>
        <vehicle id="cfm-fast_1" eclass="HBEFA3/PC_G_EU4" CO2="80490.66" CO="1581.07" HC="9.20" NOx="37.39" PMx="2.05" fuel="34.60" electricity="0.00" noise="125.38" route="routebottom" type="cfm-fast" waiting="0.00" lane="bottom_1" pos="34.53" speed="21.66" angle="32.39" x="121.40" y="33.14"/>
        <vehicle id="cfm-fast_2" eclass="HBEFA3/PC_G_EU4" CO2="45059.43" CO="853.53" HC="5.00" NOx="20.74" PMx="1.13" fuel="19.37" electricity="0.00" noise="101.60" route="routebottom" type="cfm-fast" waiting="0.00" lane="bottom_0" pos="49.57" speed="18.94" angle="5.31" x="132.25" y="62.64"/>
        <vehicle id="cfm-fast_3" eclass="HBEFA3/PC_G_EU4" CO2="73054.50" CO="1427.95" HC="8.32" NOx="33.89" PMx="1.86" fuel="31.40" electricity="0.00" noise="119.68" route="routebottom" type="cfm-fast" waiting="0.00" lane="right_0" pos="16.19" speed="21.62" angle="335.30" x="123.56" y="97.10"/>
        <vehicle id="cfm-fast_4" eclass="HBEFA3/PC_G_EU4" CO2="80406.46" CO="1579.32" HC="9.19" NOx="37.35" PMx="2.05" fuel="34.56" electricity="0.00" noise="125.37" route="routeright" type="cfm-fast" waiting="0.00" lane="right_1" pos="32.01" speed="21.64" angle="306.90" x="98.64" y="118.82"/>
        <vehicle id="cfm-fast_5" eclass="HBEFA3/PC_G_EU4" CO2="23643.00" CO="416.99" HC="2.48" NOx="10.67" PMx="0.57" fuel="10.16" electricity="0.00" noise="83.85" route="routeright" type="cfm-fast" waiting="0.00" lane="right_0" pos="46.53" speed="17.23" angle="280.84" x="71.21" y="131.85"/>
        <vehicle id="cfm-slow_0" eclass="HBEFA3/PC_G_EU4" CO2="21643.45" CO="381.43" HC="2.27" NOx="9.77" PMx="0.51" fuel="9.30" electricity="0.00" noise="83.12" route="routetop" type="cfm-slow" waiting="0.00" lane="top_0" pos="11.27" speed="15.79" angle="254.12" x="39.83" y="127.99"/>
        <vehicle id="cfm-slow_1" eclass="HBEFA3/PC_G_EU4" CO2="21894.14" CO="386.53" HC="2.30" NOx="9.88" PMx="0.52" fuel="9.41" electricity="0.00" noise="83.37" route="routetop" type="cfm-slow" waiting="0.00" lane="top_0" pos="27.10" speed="15.80" angle="225.74" x="12.06" y="108.87"/>
        <vehicle id="cfm-slow_2" eclass="HBEFA3/PC_G_EU4" CO2="23063.14" CO="410.26" HC="2.44" NOx="10.43" PMx="0.55" fuel="9.91" electricity="0.00" noise="84.53" route="routetop" type="cfm-slow" waiting="0.00" lane="top_0" pos="42.96" speed="15.88" angle="197.23" x="-3.25" y="78.79"/>
        <vehicle id="cfm-slow_3" eclass="HBEFA3/PC_G_EU4" CO2="27320.82" CO="496.40" HC="2.93" NOx="12.43" PMx="0.66" fuel="11.74" electricity="0.00" noise="88.58" route="routetop" type="cfm-slow" waiting="0.00" lane="left_0" pos="8.89" speed="16.23" angle="168.42" x="-2.27" y="44.69"/>
        <vehicle id="cfm-slow_4" eclass="HBEFA3/PC_G_EU4" CO2="38555.60" CO="723.03" HC="4.25" NOx="17.70" PMx="0.96" fuel="16.57" electricity="0.00" noise="97.89" route="routeleft" type="cfm-slow" waiting="0.00" lane="left_0" pos="25.22" speed="17.54" angle="139.11" x="15.49" y="14.82"/>
        <vehicle id="cfm-slow_5" eclass="HBEFA3/PC_G_EU4" CO2="55861.17" CO="1073.90" HC="6.28" NOx="25.79" PMx="1.41" fuel="24.01" electricity="0.00" noise="107.39" route="routeleft" type="cfm-slow" waiting="0.00" lane="left_0" pos="42.96" speed="20.93" angle="107.21" x="48.55" y="-3.25"/>
    </timestep>
    <timestep time="1.63">
        <vehicle id="cfm-fast_0" eclass="HBEFA3/PC_G_EU4" CO2="81004.22" CO="1591.70" HC="9.26" NOx="37.63" PMx="2.07" fuel="34.82" electricity="0.00" noise="125.44" route="routebottom" type="cfm-fast" waiting="0.00" lane="bottom_0" pos="18.91" speed="21.80" angle="60.39" x="102.09" y="6.83"/>
        <vehicle id="cfm-fast_1" eclass="HBEFA3/PC_G_EU4" CO2="81004.20" CO="1591.70" HC="9.26" NOx="37.63" PMx="2.07" fuel="34.82" electricity="0.00" noise="125.44" route="routebottom" type="cfm-fast" waiting="0.00" lane="bottom_1" pos="34.75" speed="21.80" angle="32.03" x="121.61" y="33.54"/>
        <vehicle id="cfm-fast_2" eclass="HBEFA3/PC_G_EU4" CO2="45171.39" CO="855.68" HC="5.01" NOx="20.79" PMx="1.13" fuel="19.42" electricity="0.00" noise="101.56" route="routebottom" type="cfm-fast" waiting="0.00" lane="bottom_0" pos="49.76" speed="19.03" angle="4.95" x="132.26" y="63.05"/>
        <vehicle id="cfm-fast_3" eclass="HBEFA3/PC_G_EU4" CO2="72212.36" CO="1410.67" HC="8.22" NOx="33.49" PMx="1.84" fuel="31.04" electricity="0.00" noise="118.76" route="routebottom" type="cfm-fast" waiting="0.00" lane="right_0" pos="16.41" speed="21.74" angle="334.90" x="123.33" y="97.51"/>
        <vehicle id="cfm-fast_4" eclass="HBEFA3/PC_G_EU4" CO2="80919.94" CO="1589.96" HC="9.25" NOx="37.59" PMx="2.06" fuel="34.78" electricity="0.00" noise="125.43" route="routeright" type="cfm-fast" waiting="0.00" lane="right_1" pos="32.23" speed="21.77" angle="306.52" x="98.26" y="119.05"/>
        <vehicle id="cfm-fast_5" eclass="HBEFA3/PC_G_EU4" CO2="23454.96" CO="412.97" HC="2.46" NOx="10.58" PMx="0.56" fuel="10.08" electricity="0.00" noise="83.63" route="routeright" type="cfm-fast" waiting="0.00" lane="right_0" pos="46.70" speed="17.28" angle="280.53" x="70.84" y="131.89"/>
        <vehicle id="cfm-slow_0" eclass="HBEFA3/PC_G_EU4" CO2="21533.00" CO="378.95" HC="2.25" NOx="9.71" PMx="0.51" fuel="9.26" electricity="0.00" noise="82.96" route="routetop" type="cfm-slow" waiting="0.00" lane="top_0" pos="11.43" speed="15.83" angle="253.85" x="39.51" y="127.88"/>
        <vehicle id="cfm-slow_1" eclass="HBEFA3/PC_G_EU4" CO2="21792.80" CO="384.24" HC="2.29" NOx="9.84" PMx="0.52" fuel="9.37" electricity="0.00" noise="83.22" route="routetop" type="cfm-slow" waiting="0.00" lane="top_0" pos="27.26" speed="15.85" angle="225.44" x="11.84" y="108.61"/>
        <vehicle id="cfm-slow_2" eclass="HBEFA3/PC_G_EU4" CO2="22992.53" CO="408.59" HC="2.43" NOx="10.40" PMx="0.55" fuel="9.88" electricity="0.00" noise="84.41" route="routetop" type="cfm-slow" waiting="0.00" lane="top_0" pos="43.11" speed="15.92" angle="196.94" x="-3.32" y="78.46"/>
        <vehicle id="cfm-slow_3" eclass="HBEFA3/PC_G_EU4" CO2="27318.26" CO="496.10" HC="2.93" NOx="12.43" PMx="0.66" fuel="11.74" electricity="0.00" noise="88.51" route="routetop" type="cfm-slow" waiting="0.00" lane="left_0" pos="9.05" speed="16.29" angle="168.15" x="-2.17" y="44.35"/>
        <vehicle id="cfm-slow_4" eclass="HBEFA3/PC_G_EU4" CO2="38615.86" CO="724.04" HC="4.25" NOx="17.73" PMx="0.96" fuel="16.60" electricity="0.00" noise="97.82" route="routeleft" type="cfm-slow" waiting="0.00" lane="left_0" pos="25.39" speed="17.62" angle="138.78" x="15.75" y="14.56"/>
        <vehicle id="cfm-slow_5" eclass="HBEFA3/PC_G_EU4" CO2="55877.41" CO="1074.22" HC="6.28" NOx="25.79" PMx="1.41" fuel="24.02" electricity="0.00" noise="107.24" route="routeleft" type="cfm-slow" waiting="0.00" lane="left_0" pos="43.17" speed="21.02" angle="106.84" x="48.99" y="-3.35"/>
    </timestep>
    <timestep time="1.64">
        <vehicle id="cfm-fast_0" eclass="HBEFA3/PC_G_EU4" CO2="81518.04" CO="1602.37" HC="9.32" NOx="37.87" PMx="2.08" fuel="35.04" electricity="0.00" noise="125.51" route="routebottom" type="cfm-fast" waiting="0.00" lane="bottom_0" pos="19.13" speed="21.93" angle="60.00" x="102.48" y="7.09"/>
        <vehicle id="cfm-fast_1" eclass="HBEFA3/PC_G_EU4" CO2="81518.03" CO="1602.36" HC="9.32" NOx="37.87" PMx="2.08" fuel="35.04" electricity="0.00" noise="125.51" route="routebottom" type="cfm-fast" waiting="0.00" lane="bottom_1" pos="34.97" speed="21.93" angle="31.62" x="121.81" y="33.94"/>
        <vehicle id="cfm-fast_2" eclass="HBEFA3/PC_G_EU4" CO2="45275.43" CO="857.68" HC="5.03" NOx="20.84" PMx="1.13" fuel="19.46" electricity="0.00" noise="101.51" route="routebottom" type="cfm-fast" waiting="0.00" lane="bottom_0" pos="49.95" speed="19.11" angle="4.62" x="132.27" y="63.46"/>
        <vehicle id="cfm-fast_3" eclass="HBEFA3/PC_G_EU4" CO2="71365.38" CO="1393.29" HC="8.12" NOx="33.08" PMx="1.82" fuel="30.68" electricity="0.00" noise="117.85" route="routebottom" type="cfm-fast" waiting="0.00" lane="right_0" pos="16.63" speed="21.86" angle="334.55" x="123.10" y="97.92"/>
        <vehicle id="cfm-fast_4" eclass="HBEFA3/PC_G_EU4" CO2="81433.73" CO="1600.61" HC="9.31" NOx="37.83" PMx="2.08" fuel="35.00" electricity="0.00" noise="125.50" route="routeright" type="cfm-fast" waiting="0.00" lane="right_1" pos="32.45" speed="21.91" angle="306.12" x="97.88" y="119.28"/>
        <vehicle id="cfm-fast_5" eclass="HBEFA3/PC_G_EU4" CO2="23267.74" CO="408.97" HC="2.44" NOx="10.50" PMx="0.56" fuel="10.00" electricity="0.00" noise="83.42" route="routeright" type="cfm-fast" waiting="0.00" lane="right_0" pos="46.88" speed="17.32" angle="280.21" x="70.47" y="131.93"/>
        <vehicle id="cfm-slow_0" eclass="HBEFA3/PC_G_EU4" CO2="21422.71" CO="376.48" HC="2.24" NOx="9.66" PMx="0.51" fuel="9.21" electricity="0.00" noise="82.80" route="routetop" type="cfm-slow" waiting="0.00" lane="top_0" pos="11.59" speed="15.88" angle="253.59" x="39.19" y="127.76"/>
        <vehicle id="cfm-slow_1" eclass="HBEFA3/PC_G_EU4" CO2="21691.83" CO="381.95" HC="2.27" NOx="9.79" PMx="0.52" fuel="9.32" electricity="0.00" noise="83.07" route="routetop" type="cfm-slow" waiting="0.00" lane="top_0" pos="27.42" speed="15.89" angle="225.14" x="11.62" y="108.35"/>
        <vehicle id="cfm-slow_2" eclass="HBEFA3/PC_G_EU4" CO2="22922.65" CO="406.94" HC="2.42" NOx="10.37" PMx="0.55" fuel="9.85" electricity="0.00" noise="84.29" route="routetop" type="cfm-slow" waiting="0.00" lane="top_0" pos="43.27" speed="15.97" angle="196.66" x="-3.40" y="78.12"/>
        <vehicle id="cfm-slow_3" eclass="HBEFA3/PC_G_EU4" CO2="27316.31" CO="495.83" HC="2.93" NOx="12.43" PMx="0.66" fuel="11.74" electricity="0.00" noise="88.43" route="routetop" type="cfm-slow" waiting="0.00" lane="left_0" pos="9.22" speed="16.35" angle="167.84" x="-2.07" y="44.02"/>
        <vehicle id="cfm-slow_4" eclass="HBEFA3/PC_G_EU4" CO2="38675.62" CO="725.04" HC="4.26" NOx="17.76" PMx="0.96" fuel="16.62" electricity="0.00" noise="97.76" route="routeleft" type="cfm-slow" waiting="0.00" lane="left_0" pos="25.57" speed="17.70" angle="138.49" x="16.02" y="14.29"/>
        <vehicle id="cfm-slow_5" eclass="HBEFA3/PC_G_EU4" CO2="55896.89" CO="1074.62" HC="6.28" NOx="25.80" PMx="1.41" fuel="24.03" electricity="0.00" noise="107.09" route="routeleft" type="cfm-slow" waiting="0.00" lane="left_0" pos="43.38" speed="21.12" angle="106.46" x="49.43" y="-3.45"/>
    </timestep>
    <timestep time="1.65">
        <vehicle id="cfm-fast_0" eclass="HBEFA3/PC_G_EU4" CO2="82032.16" CO="1613.05" HC="9.38" NOx="38.11" PMx="2.09" fuel="35.26" electricity="0.00" noise="125.57" route="routebottom" type="cfm-fast" waiting="0.00" lane="bottom_0" pos="19.35" speed="22.07" angle="59.63" x="102.87" y="7.37"/>
        <vehicle id="cfm-fast_1" eclass="HBEFA3/PC_G_EU4" CO2="82032.15" CO="1613.05" HC="9.38" NOx="38.11" PMx="2.09" fuel="35.26" electricity="0.00" noise="125.57" route="routebottom" type="cfm-fast" waiting="0.00" lane="bottom_1" pos="35.19" speed="22.07" angle="31.21" x="122.01" y="34.34"/>
        <vehicle id="cfm-fast_2" eclass="HBEFA3/PC_G_EU4" CO2="45371.59" CO="859.52" HC="5.04" NOx="20.88" PMx="1.13" fuel="19.50" electricity="0.00" noise="101.46" route="routebottom" type="cfm-fast" waiting="0.00" lane="right_0" pos="0.14" speed="19.20" angle="4.21" x="132.26" y="64.07"/>
        <vehicle id="cfm-fast_3" eclass="HBEFA3/PC_G_EU4" CO2="70514.09" CO="1375.84" HC="8.02" NOx="32.68" PMx="1.79" fuel="30.31" electricity="0.00" noise="116.96" route="routebottom" type="cfm-fast" waiting="0.00" lane="right_0" pos="16.85" speed="21.97" angle="334.16" x="122.86" y="98.33"/>
        <vehicle id="cfm-fast_4" eclass="HBEFA3/PC_G_EU4" CO2="81947.80" CO="1611.29" HC="9.37" NOx="38.07" PMx="2.09" fuel="35.23" electricity="0.00" noise="125.56" route="routeright" type="cfm-fast" waiting="0.00" lane="right_1" pos="32.67" speed="22.05" angle="305.72" x="97.49" y="119.52"/>
        <vehicle id="cfm-fast_5" eclass="HBEFA3/PC_G_EU4" CO2="23081.37" CO="404.99" HC="2.41" NOx="10.41" PMx="0.55" fuel="9.92" electricity="0.00" noise="83.20" route="routeright" type="cfm-fast" waiting="0.00" lane="right_0" pos="47.05" speed="17.37" angle="279.89" x="70.10" y="131.97"/>
        <vehicle id="cfm-slow_0" eclass="HBEFA3/PC_G_EU4" CO2="21312.59" CO="374.01" HC="2.23" NOx="9.61" PMx="0.51" fuel="9.16" electricity="0.00" noise="82.65" route="routetop" type="cfm-slow" waiting="0.00" lane="top_0" pos="11.75" speed="15.92" angle="253.30" x="38.88" y="127.63"/>
        <vehicle id="cfm-slow_1" eclass="HBEFA3/PC_G_EU4" CO2="21591.24" CO="379.68" HC="2.26" NOx="9.74" PMx="0.51" fuel="9.28" electricity="0.00" noise="82.92" route="routetop" type="cfm-slow" waiting="0.00" lane="top_0" pos="27.58" speed="15.94" angle="224.85" x="11.40" y="108.09"/>
        <vehicle id="cfm-slow_2" eclass="HBEFA3/PC_G_EU4" CO2="22853.51" CO="405.31" HC="2.41" NOx="10.33" PMx="0.55" fuel="9.82" electricity="0.00" noise="84.17" route="routetop" type="cfm-slow" waiting="0.00" lane="top_0" pos="43.43" speed="16.02" angle="196.37" x="-3.48" y="77.78"/>
        <vehicle id="cfm-slow_3" eclass="HBEFA3/PC_G_EU4" CO2="27314.97" CO="495.57" HC="2.93" NOx="12.43" PMx="0.66" fuel="11.74" electricity="0.00" noise="88.36" route="routetop" type="cfm-slow" waiting="0.00" lane="left_0" pos="9.38" speed="16.41" angle="167.54" x="-1.96" y="43.68"/>
        <vehicle id="cfm-slow_4" eclass="HBEFA3/PC_G_EU4" CO2="38734.93" CO="726.04" HC="4.26" NOx="17.78" PMx="0.96" fuel="16.65" electricity="0.00" noise="97.69" route="routeleft" type="cfm-slow" waiting="0.00" lane="left_0" pos="25.75" speed="17.78" angle="138.19" x="16.30" y="14.02"/>
        <vehicle id="cfm-slow_5" eclass="HBEFA3/PC_G_EU4" CO2="55919.65" CO="1075.09" HC="6.28" NOx="25.81" PMx="1.41" fuel="24.04" electricity="0.00" noise="106.95" route="routeleft" type="cfm-slow" waiting="0.00" lane="left_0" pos="43.59" speed="21.21" angle="106.13" x="49.88" y="-3.56"/>
    </timestep>
    <timestep time="1.66">
        <vehicle id="cfm-fast_0" eclass="HBEFA3/PC_G_EU4" CO2="81742.81" CO="1607.20" HC="9.35" NOx="37.97" PMx="2.09" fuel="35.14" electricity="0.00" noise="125.03" route="routebottom" type="cfm-fast" waiting="0.00" lane="bottom_0" pos="19.58" speed="22.20" angle="59.22" x="103.26" y="7.64"/>
        <vehicle id="cfm-fast_1" eclass="HBEFA3/PC_G_EU4" CO2="82546.56" CO="1623.75" HC="9.44" NOx="38.35" PMx="2.11" fuel="35.48" electricity="0.00" noise="125.64" route="routebottom" type="cfm-fast" waiting="0.00" lane="bottom_1" pos="35.41" speed="22.21" angle="30.80" x="122.22" y="34.75"/>
        <vehicle id="cfm-fast_2" eclass="HBEFA3/PC_G_EU4" CO2="45459.92" CO="861.20" HC="5.05" NOx="20.92" PMx="1.14" fuel="19.54" electricity="0.00" noise="101.40" route="routebottom" type="cfm-fast" waiting="0.00" lane="right_0" pos="0.34" speed="19.28" angle="3.86" x="132.26" y="64.48"/>
        <vehicle id="cfm-fast_3" eclass="HBEFA3/PC_G_EU4" CO2="69659.02" CO="1358.32" HC="7.91" NOx="32.27" PMx="1.77" fuel="29.94" electricity="0.00" noise="116.07" route="routebottom" type="cfm-fast" waiting="0.00" lane="right_0" pos="17.07" speed="22.09" angle="333.76" x="122.62" y="98.74"/>
        <vehicle id="cfm-fast_4" eclass="HBEFA3/PC_G_EU4" CO2="82462.16" CO="1621.99" HC="9.43" NOx="38.31" PMx="2.11" fuel="35.45" electricity="0.00" noise="125.62" route="routeright" type="cfm-fast" waiting="0.00" lane="right_1" pos="32.89" speed="22.18" angle="305.32" x="97.10" y="119.75"/>
        <vehicle id="cfm-fast_5" eclass="HBEFA3/PC_G_EU4" CO2="22895.87" CO="401.03" HC="2.39" NOx="10.32" PMx="0.55" fuel="9.84" electricity="0.00" noise="82.99" route="routeright" type="cfm-fast" waiting="0.00" lane="right_0" pos="47.22" speed="17.41" angle="279.57" x="69.72" y="132.00"/>
        <vehicle id="cfm-slow_0" eclass="HBEFA3/PC_G_EU4" CO2="21202.66" CO="371.55" HC="2.21" NOx="9.55" PMx="0.50" fuel="9.11" electricity="0.00" noise="82.49" route="routetop" type="cfm-slow" waiting="0.00" lane="top_0" pos="11.90" speed="15.97" angle="253.01" x="38.56" y="127.50"/>
        <vehicle id="cfm-slow_1" eclass="HBEFA3/PC_G_EU4" CO2="21491.07" CO="377.42" HC="2.25" NOx="9.69" PMx="0.51" fuel="9.24" electricity="0.00" noise="82.78" route="routetop" type="cfm-slow" waiting="0.00" lane="top_0" pos="27.74" speed="15.98" angle="224.55" x="11.17" y="107.83"/>
        <vehicle id="cfm-slow_2" eclass="HBEFA3/PC_G_EU4" CO2="22785.12" CO="403.69" HC="2.40" NOx="10.30" PMx="0.54" fuel="9.79" electricity="0.00" noise="84.05" route="routetop" type="cfm-slow" waiting="0.00" lane="top_0" pos="43.60" speed="16.07" angle="196.13" x="-3.55" y="77.45"/>
        <vehicle id="cfm-slow_3" eclass="HBEFA3/PC_G_EU4" CO2="27314.25" CO="495.33" HC="2.93" NOx="12.43" PMx="0.66" fuel="11.74" electricity="0.00" noise="88.29" route="routetop" type="cfm-slow" waiting="0.00" lane="left_0" pos="9.55" speed="16.46" angle="167.23" x="-1.86" y="43.34"/>
        <vehicle id="cfm-slow_4" eclass="HBEFA3/PC_G_EU4" CO2="38793.82" CO="727.04" HC="4.27" NOx="17.81" PMx="0.96" fuel="16.68" electricity="0.00" noise="97.62" route="routeleft" type="cfm-slow" waiting="0.00" lane="left_0" pos="25.93" speed="17.85" angle="137.86" x="16.58" y="13.76"/>
        <vehicle id="cfm-slow_5" eclass="HBEFA3/PC_G_EU4" CO2="55945.71" CO="1075.63" HC="6.29" NOx="25.82" PMx="1.41" fuel="24.05" electricity="0.00" noise="106.82" route="routeleft" type="cfm-slow" waiting="0.00" lane="left_0" pos="43.81" speed="21.31" angle="105.75" x="50.33" y="-3.64"/>
    </timestep>
    <timestep time="1.67">
        <vehicle id="cfm-fast_0" eclass="HBEFA3/PC_G_EU4" CO2="81103.14" CO="1594.16" HC="9.27" NOx="37.67" PMx="2.07" fuel="34.86" electricity="0.00" noise="124.23" route="routebottom" type="cfm-fast" waiting="0.00" lane="bottom_0" pos="19.80" speed="22.34" angle="58.81" x="103.65" y="7.92"/>
        <vehicle id="cfm-fast_1" eclass="HBEFA3/PC_G_EU4" CO2="83061.27" CO="1634.47" HC="9.50" NOx="38.59" PMx="2.12" fuel="35.70" electricity="0.00" noise="125.70" route="routebottom" type="cfm-fast" waiting="0.00" lane="bottom_1" pos="35.63" speed="22.34" angle="30.38" x="122.42" y="35.16"/>
        <vehicle id="cfm-fast_2" eclass="HBEFA3/PC_G_EU4" CO2="45540.46" CO="862.73" HC="5.06" NOx="20.96" PMx="1.14" fuel="19.58" electricity="0.00" noise="101.33" route="routebottom" type="cfm-fast" waiting="0.00" lane="right_0" pos="0.53" speed="19.37" angle="3.51" x="132.25" y="64.90"/>
        <vehicle id="cfm-fast_3" eclass="HBEFA3/PC_G_EU4" CO2="68800.68" CO="1340.74" HC="7.81" NOx="31.87" PMx="1.75" fuel="29.57" electricity="0.00" noise="115.20" route="routebottom" type="cfm-fast" waiting="0.00" lane="right_0" pos="17.29" speed="22.20" angle="333.36" x="122.37" y="99.15"/>
        <vehicle id="cfm-fast_4" eclass="HBEFA3/PC_G_EU4" CO2="82976.82" CO="1632.71" HC="9.49" NOx="38.55" PMx="2.12" fuel="35.67" electricity="0.00" noise="125.69" route="routeright" type="cfm-fast" waiting="0.00" lane="right_1" pos="33.11" speed="22.32" angle="304.91" x="96.71" y="119.99"/>
        <vehicle id="cfm-fast_5" eclass="HBEFA3/PC_G_EU4" CO2="22711.27" CO="397.09" HC="2.37" NOx="10.23" PMx="0.54" fuel="9.76" electricity="0.00" noise="82.78" route="routeright" type="cfm-fast" waiting="0.00" lane="right_0" pos="47.40" speed="17.46" angle="279.28" x="69.35" y="132.04"/>
        <vehicle id="cfm-slow_0" eclass="HBEFA3/PC_G_EU4" CO2="21092.94" CO="369.10" HC="2.20" NOx="9.50" PMx="0.50" fuel="9.07" electricity="0.00" noise="82.34" route="routetop" type="cfm-slow" waiting="0.00" lane="top_0" pos="12.07" speed="16.01" angle="252.72" x="38.24" y="127.37"/>
        <vehicle id="cfm-slow_1" eclass="HBEFA3/PC_G_EU4" CO2="21391.32" CO="375.18" HC="2.23" NOx="9.64" PMx="0.51" fuel="9.20" electricity="0.00" noise="82.63" route="routetop" type="cfm-slow" waiting="0.00" lane="top_0" pos="27.90" speed="16.03" angle="224.25" x="10.95" y="107.56"/>
        <vehicle id="cfm-slow_2" eclass="HBEFA3/PC_G_EU4" CO2="22717.49" CO="402.10" HC="2.39" NOx="10.26" PMx="0.54" fuel="9.77" electricity="0.00" noise="83.93" route="routetop" type="cfm-slow" waiting="0.00" lane="top_0" pos="43.76" speed="16.12" angle="195.85" x="-3.62" y="77.11"/>
        <vehicle id="cfm-slow_3" eclass="HBEFA3/PC_G_EU4" CO2="27314.15" CO="495.11" HC="2.93" NOx="12.42" PMx="0.66" fuel="11.74" electricity="0.00" noise="88.22" route="routetop" type="cfm-slow" waiting="0.00" lane="left_0" pos="9.71" speed="16.52" angle="166.93" x="-1.75" y="43.00"/>
        <vehicle id="cfm-slow_4" eclass="HBEFA3/PC_G_EU4" CO2="38852.35" CO="728.03" HC="4.28" NOx="17.83" PMx="0.96" fuel="16.70" electricity="0.00" noise="97.55" route="routeleft" type="cfm-slow" waiting="0.00" lane="left_0" pos="26.11" speed="17.93" angle="137.53" x="16.87" y="13.50"/>
        <vehicle id="cfm-slow_5" eclass="HBEFA3/PC_G_EU4" CO2="55968.00" CO="1076.11" HC="6.29" NOx="25.83" PMx="1.41" fuel="24.06" electricity="0.00" noise="106.68" route="routeleft" type="cfm-slow" waiting="0.00" lane="left_0" pos="44.02" speed="21.40" angle="105.35" x="50.78" y="-3.72"/>
    </timestep>
    <timestep time="1.68">
        <vehicle id="cfm-fast_0" eclass="HBEFA3/PC_G_EU4" CO2="80460.13" CO="1581.05" HC="9.20" NOx="37.36" PMx="2.05" fuel="34.59" electricity="0.00" noise="123.45" route="routebottom" type="cfm-fast" waiting="0.00" lane="bottom_0" pos="20.02" speed="22.47" angle="58.40" x="104.04" y="8.21"/>
        <vehicle id="cfm-fast_1" eclass="HBEFA3/PC_G_EU4" CO2="83576.26" CO="1645.22" HC="9.57" NOx="38.83" PMx="2.14" fuel="35.93" electricity="0.00" noise="125.76" route="routebottom" type="cfm-fast" waiting="0.00" lane="bottom_1" pos="35.86" speed="22.48" angle="30.00" x="122.63" y="35.57"/>
        <vehicle id="cfm-fast_2" eclass="HBEFA3/PC_G_EU4" CO2="45613.27" CO="864.10" HC="5.06" NOx="20.99" PMx="1.14" fuel="19.61" electricity="0.00" noise="101.26" route="routebottom" type="cfm-fast" waiting="0.00" lane="right_0" pos="0.72" speed="19.45" angle="3.16" x="132.24" y="65.32"/>
        <vehicle id="cfm-fast_3" eclass="HBEFA3/PC_G_EU4" CO2="67939.54" CO="1323.11" HC="7.71" NOx="31.46" PMx="1.73" fuel="29.20" electricity="0.00" noise="114.33" route="routebottom" type="cfm-fast" waiting="0.00" lane="right_0" pos="17.51" speed="22.31" angle="332.96" x="122.13" y="99.56"/>
        <vehicle id="cfm-fast_4" eclass="HBEFA3/PC_G_EU4" CO2="83491.77" CO="1643.46" HC="9.56" NOx="38.79" PMx="2.13" fuel="35.89" electricity="0.00" noise="125.75" route="routeright" type="cfm-fast" waiting="0.00" lane="right_1" pos="33.34" speed="22.46" angle="304.55" x="96.31" y="120.22"/>
        <vehicle id="cfm-fast_5" eclass="HBEFA3/PC_G_EU4" CO2="22527.59" CO="393.18" HC="2.34" NOx="10.14" PMx="0.54" fuel="9.68" electricity="0.00" noise="82.57" route="routeright" type="cfm-fast" waiting="0.00" lane="right_0" pos="47.57" speed="17.50" angle="278.99" x="68.97" y="132.07"/>
        <vehicle id="cfm-slow_0" eclass="HBEFA3/PC_G_EU4" CO2="20983.44" CO="366.66" HC="2.19" NOx="9.45" PMx="0.50" fuel="9.02" electricity="0.00" noise="82.19" route="routetop" type="cfm-slow" waiting="0.00" lane="top_0" pos="12.23" speed="16.06" angle="252.43" x="37.92" y="127.24"/>
        <vehicle id="cfm-slow_1" eclass="HBEFA3/PC_G_EU4" CO2="21292.01" CO="372.94" HC="2.22" NOx="9.59" PMx="0.50" fuel="9.15" electricity="0.00" noise="82.49" route="routetop" type="cfm-slow" waiting="0.00" lane="top_0" pos="28.06" speed="16.07" angle="223.95" x="10.72" y="107.30"/>
        <vehicle id="cfm-slow_2" eclass="HBEFA3/PC_G_EU4" CO2="22650.65" CO="400.52" HC="2.38" NOx="10.23" PMx="0.54" fuel="9.74" electricity="0.00" noise="83.82" route="routetop" type="cfm-slow" waiting="0.00" lane="top_0" pos="43.92" speed="16.17" angle="195.54" x="-3.68" y="76.76"/>
        <vehicle id="cfm-slow_3" eclass="HBEFA3/PC_G_EU4" CO2="27314.68" CO="494.90" HC="2.93" NOx="12.42" PMx="0.66" fuel="11.74" electricity="0.00" noise="88.16" route="routetop" type="cfm-slow" waiting="0.00" lane="left_0" pos="9.88" speed="16.58" angle="166.62" x="-1.65" y="42.66"/>
        <vehicle id="cfm-slow_4" eclass="HBEFA3/PC_G_EU4" CO2="38910.50" CO="729.03" HC="4.28" NOx="17.86" PMx="0.96" fuel="16.73" electricity="0.00" noise="97.49" route="routeleft" type="cfm-slow" waiting="0.00" lane="left_0" pos="26.29" speed="18.01" angle="137.19" x="17.15" y="13.24"/>
        <vehicle id="cfm-slow_5" eclass="HBEFA3/PC_G_EU4" CO2="55983.53" CO="1076.45" HC="6.29" NOx="25.83" PMx="1.41" fuel="24.06" electricity="0.00" noise="106.54" route="routeleft" type="cfm-slow" waiting="0.00" lane="left_0" pos="44.23" speed="21.50" angle="104.96" x="51.23" y="-3.81"/>
    </timestep>
    <timestep time="1.69">
        <vehicle id="cfm-fast_0" eclass="HBEFA3/PC_G_EU4" CO2="79814.18" CO="1567.90" HC="9.12" NOx="37.05" PMx="2.04" fuel="34.31" electricity="0.00" noise="122.67" route="routebottom" type="cfm-fast" waiting="0.00" lane="bottom_0" pos="20.25" speed="22.60" angle="57.98" x="104.44" y="8.49"/>
        <vehicle id="cfm-fast_1" eclass="HBEFA3/PC_G_EU4" CO2="84091.55" CO="1655.99" HC="9.63" NOx="39.07" PMx="2.15" fuel="36.15" electricity="0.00" noise="125.83" route="routebottom" type="cfm-fast" waiting="0.00" lane="bottom_1" pos="36.08" speed="22.62" angle="29.59" x="122.82" y="36.00"/>
        <vehicle id="cfm-fast_2" eclass="HBEFA3/PC_G_EU4" CO2="45678.38" CO="865.33" HC="5.07" NOx="21.02" PMx="1.14" fuel="19.63" electricity="0.00" noise="101.19" route="routebottom" type="cfm-fast" waiting="0.00" lane="right_0" pos="0.92" speed="19.53" angle="2.80" x="132.23" y="65.74"/>
        <vehicle id="cfm-fast_3" eclass="HBEFA3/PC_G_EU4" CO2="67076.08" CO="1305.45" HC="7.61" NOx="31.05" PMx="1.70" fuel="28.83" electricity="0.00" noise="113.48" route="routebottom" type="cfm-fast" waiting="0.00" lane="right_0" pos="17.74" speed="22.42" angle="332.56" x="121.88" y="99.97"/>
        <vehicle id="cfm-fast_4" eclass="HBEFA3/PC_G_EU4" CO2="84007.01" CO="1654.22" HC="9.62" NOx="39.03" PMx="2.15" fuel="36.11" electricity="0.00" noise="125.82" route="routeright" type="cfm-fast" waiting="0.00" lane="right_1" pos="33.57" speed="22.59" angle="304.14" x="95.91" y="120.45"/>
        <vehicle id="cfm-fast_5" eclass="HBEFA3/PC_G_EU4" CO2="22344.83" CO="389.29" HC="2.32" NOx="10.05" PMx="0.53" fuel="9.60" electricity="0.00" noise="82.37" route="routeright" type="cfm-fast" waiting="0.00" lane="right_0" pos="47.75" speed="17.54" angle="278.66" x="68.60" y="132.09"/>
        <vehicle id="cfm-slow_0" eclass="HBEFA3/PC_G_EU4" CO2="20874.19" CO="364.23" HC="2.17" NOx="9.40" PMx="0.49" fuel="8.97" electricity="0.00" noise="82.04" route="routetop" type="cfm-slow" waiting="0.00" lane="top_0" pos="12.39" speed="16.10" angle="252.14" x="37.60" y="127.12"/>
        <vehicle id="cfm-slow_1" eclass="HBEFA3/PC_G_EU4" CO2="21193.17" CO="370.72" HC="2.21" NOx="9.55" PMx="0.50" fuel="9.11" electricity="0.00" noise="82.35" route="routetop" type="cfm-slow" waiting="0.00" lane="top_0" pos="28.22" speed="16.12" angle="223.72" x="10.50" y="107.04"/>
        <vehicle id="cfm-slow_2" eclass="HBEFA3/PC_G_EU4" CO2="22584.60" CO="398.97" HC="2.37" NOx="10.20" PMx="0.54" fuel="9.71" electricity="0.00" noise="83.70" route="routetop" type="cfm-slow" waiting="0.00" lane="top_0" pos="44.08" speed="16.21" angle="195.24" x="-3.75" y="76.42"/>
        <vehicle id="cfm-slow_3" eclass="HBEFA3/PC_G_EU4" CO2="27315.85" CO="494.70" HC="2.93" NOx="12.42" PMx="0.66" fuel="11.74" electricity="0.00" noise="88.09" route="routetop" type="cfm-slow" waiting="0.00" lane="left_0" pos="10.04" speed="16.64" angle="166.31" x="-1.54" y="42.32"/>
        <vehicle id="cfm-slow_4" eclass="HBEFA3/PC_G_EU4" CO2="38968.23" CO="730.02" HC="4.29" NOx="17.89" PMx="0.97" fuel="16.75" electricity="0.00" noise="97.42" route="routeleft" type="cfm-slow" waiting="0.00" lane="left_0" pos="26.47" speed="18.08" angle="136.86" x="17.44" y="12.98"/>
        <vehicle id="cfm-slow_5" eclass="HBEFA3/PC_G_EU4" CO2="55992.38" CO="1076.66" HC="6.29" NOx="25.84" PMx="1.41" fuel="24.07" electricity="0.00" noise="106.40" route="routeleft" type="cfm-slow" waiting="0.00" lane="left_0" pos="44.45" speed="21.59" angle="104.56" x="51.69" y="-3.89"/>
    </timestep>
    <timestep time="1.70">
        <vehicle id="cfm-fast_0" eclass="HBEFA3/PC_G_EU4" CO2="79165.66" CO="1554.71" HC="9.05" NOx="36.74" PMx="2.02" fuel="34.03" electricity="0.00" noise="121.91" route="routebottom" type="cfm-fast" waiting="0.00" lane="bottom_0" pos="20.48" speed="22.73" angle="57.61" x="104.83" y="8.78"/>
        <vehicle id="cfm-fast_1" eclass="HBEFA3/PC_G_EU4" CO2="84607.13" CO="1666.78" HC="9.69" NOx="39.31" PMx="2.16" fuel="36.37" electricity="0.00" noise="125.89" route="routebottom" type="cfm-fast" waiting="0.00" lane="bottom_1" pos="36.31" speed="22.75" angle="29.16" x="123.01" y="36.42"/>
        <vehicle id="cfm-fast_2" eclass="HBEFA3/PC_G_EU4" CO2="45735.87" CO="866.40" HC="5.08" NOx="21.04" PMx="1.14" fuel="19.66" electricity="0.00" noise="101.11" route="routebottom" type="cfm-fast" waiting="0.00" lane="right_0" pos="1.12" speed="19.62" angle="2.45" x="132.22" y="66.16"/>
        <vehicle id="cfm-fast_3" eclass="HBEFA3/PC_G_EU4" CO2="66210.76" CO="1287.75" HC="7.51" NOx="30.64" PMx="1.68" fuel="28.46" electricity="0.00" noise="112.64" route="routebottom" type="cfm-fast" waiting="0.00" lane="right_0" pos="17.96" speed="22.53" angle="332.21" x="121.63" y="100.39"/>
        <vehicle id="cfm-fast_4" eclass="HBEFA3/PC_G_EU4" CO2="84522.54" CO="1665.01" HC="9.68" NOx="39.27" PMx="2.16" fuel="36.33" electricity="0.00" noise="125.88" route="routeright" type="cfm-fast" waiting="0.00" lane="right_1" pos="33.79" speed="22.73" angle="303.72" x="95.50" y="120.67"/>
        <vehicle id="cfm-fast_5" eclass="HBEFA3/PC_G_EU4" CO2="22163.03" CO="385.42" HC="2.30" NOx="9.97" PMx="0.53" fuel="9.53" electricity="0.00" noise="82.16" route="routeright" type="cfm-fast" waiting="0.00" lane="right_0" pos="47.93" speed="17.58" angle="278.33" x="68.22" y="132.12"/>
        <vehicle id="cfm-slow_0" eclass="HBEFA3/PC_G_EU4" CO2="20765.21" CO="361.80" HC="2.16" NOx="9.34" PMx="0.49" fuel="8.93" electricity="0.00" noise="81.89" route="routetop" type="cfm-slow" waiting="0.00" lane="top_0" pos="12.55" speed="16.14" angle="251.85" x="37.27" y="126.99"/>
        <vehicle id="cfm-slow_1" eclass="HBEFA3/PC_G_EU4" CO2="21094.81" CO="368.51" HC="2.20" NOx="9.50" PMx="0.50" fuel="9.07" electricity="0.00" noise="82.21" route="routetop" type="cfm-slow" waiting="0.00" lane="top_0" pos="28.39" speed="16.16" angle="223.42" x="10.28" y="106.76"/>
        <vehicle id="cfm-slow_2" eclass="HBEFA3/PC_G_EU4" CO2="22519.35" CO="397.43" HC="2.36" NOx="10.17" PMx="0.54" fuel="9.68" electricity="0.00" noise="83.59" route="routetop" type="cfm-slow" waiting="0.00" lane="top_0" pos="44.24" speed="16.26" angle="194.94" x="-3.81" y="76.08"/>
        <vehicle id="cfm-slow_3" eclass="HBEFA3/PC_G_EU4" CO2="27317.64" CO="494.53" HC="2.93" NOx="12.42" PMx="0.66" fuel="11.74" electricity="0.00" noise="88.03" route="routetop" type="cfm-slow" waiting="0.00" lane="left_0" pos="10.21" speed="16.69" angle="166.06" x="-1.43" y="41.98"/>
        <vehicle id="cfm-slow_4" eclass="HBEFA3/PC_G_EU4" CO2="39025.52" CO="731.00" HC="4.29" NOx="17.91" PMx="0.97" fuel="16.78" electricity="0.00" noise="97.36" route="routeleft" type="cfm-slow" waiting="0.00" lane="left_0" pos="26.65" speed="18.16" angle="136.52" x="17.73" y="12.71"/>
        <vehicle id="cfm-slow_5" eclass="HBEFA3/PC_G_EU4" CO2="55994.63" CO="1076.75" HC="6.29" NOx="25.83" PMx="1.41" fuel="24.07" electricity="0.00" noise="106.25" route="routeleft" type="cfm-slow" waiting="0.00" lane="left_0" pos="44.67" speed="21.68" angle="104.15" x="52.15" y="-3.98"/>
    </timestep>
    <timestep time="1.71">
        <vehicle id="cfm-fast_0" eclass="HBEFA3/PC_G_EU4" CO2="78514.93" CO="1541.49" HC="8.97" NOx="36.43" PMx="2.00" fuel="33.75" electricity="0.00" noise="121.16" route="routebottom" type="cfm-fast" waiting="0.00" lane="bottom_0" pos="20.70" speed="22.85" angle="57.21" x="105.22" y="9.08"/>
        <vehicle id="cfm-fast_1" eclass="HBEFA3/PC_G_EU4" CO2="85123.01" CO="1677.59" HC="9.75" NOx="39.55" PMx="2.18" fuel="36.59" electricity="0.00" noise="125.96" route="routebottom" type="cfm-fast" waiting="0.00" lane="bottom_1" pos="36.54" speed="22.89" angle="28.72" x="123.20" y="36.85"/>
        <vehicle id="cfm-fast_2" eclass="HBEFA3/PC_G_EU4" CO2="45785.76" CO="867.33" HC="5.08" NOx="21.06" PMx="1.14" fuel="19.68" electricity="0.00" noise="101.02" route="routebottom" type="cfm-fast" waiting="0.00" lane="right_0" pos="1.31" speed="19.70" angle="2.12" x="132.21" y="66.58"/>
        <vehicle id="cfm-fast_3" eclass="HBEFA3/PC_G_EU4" CO2="65344.02" CO="1270.03" HC="7.41" NOx="30.22" PMx="1.66" fuel="28.09" electricity="0.00" noise="111.81" route="routebottom" type="cfm-fast" waiting="0.00" lane="right_0" pos="18.19" speed="22.63" angle="331.77" x="121.36" y="100.79"/>
        <vehicle id="cfm-fast_4" eclass="HBEFA3/PC_G_EU4" CO2="85038.37" CO="1675.81" HC="9.74" NOx="39.51" PMx="2.17" fuel="36.55" electricity="0.00" noise="125.95" route="routeright" type="cfm-fast" waiting="0.00" lane="right_1" pos="34.02" speed="22.87" angle="303.30" x="95.09" y="120.90"/>
        <vehicle id="cfm-fast_5" eclass="HBEFA3/PC_G_EU4" CO2="21982.21" CO="381.57" HC="2.28" NOx="9.88" PMx="0.52" fuel="9.45" electricity="0.00" noise="81.97" route="routeright" type="cfm-fast" waiting="0.00" lane="right_0" pos="48.10" speed="17.63" angle="278.00" x="67.84" y="132.14"/>
        <vehicle id="cfm-slow_0" eclass="HBEFA3/PC_G_EU4" CO2="20656.49" CO="359.38" HC="2.14" NOx="9.29" PMx="0.49" fuel="8.88" electricity="0.00" noise="81.74" route="routetop" type="cfm-slow" waiting="0.00" lane="top_0" pos="12.71" speed="16.19" angle="251.57" x="36.95" y="126.86"/>
        <vehicle id="cfm-slow_1" eclass="HBEFA3/PC_G_EU4" CO2="20996.95" CO="366.31" HC="2.18" NOx="9.45" PMx="0.50" fuel="9.03" electricity="0.00" noise="82.08" route="routetop" type="cfm-slow" waiting="0.00" lane="top_0" pos="28.55" speed="16.21" angle="223.13" x="10.07" y="106.49"/>
        <vehicle id="cfm-slow_2" eclass="HBEFA3/PC_G_EU4" CO2="22454.92" CO="395.91" HC="2.36" NOx="10.14" PMx="0.54" fuel="9.65" electricity="0.00" noise="83.48" route="routetop" type="cfm-slow" waiting="0.00" lane="top_0" pos="44.41" speed="16.31" angle="194.63" x="-3.87" y="75.73"/>
        <vehicle id="cfm-slow_3" eclass="HBEFA3/PC_G_EU4" CO2="27320.07" CO="494.37" HC="2.92" NOx="12.42" PMx="0.66" fuel="11.74" electricity="0.00" noise="87.96" route="routetop" type="cfm-slow" waiting="0.00" lane="left_0" pos="10.38" speed="16.75" angle="165.76" x="-1.32" y="41.64"/>
        <vehicle id="cfm-slow_4" eclass="HBEFA3/PC_G_EU4" CO2="39082.32" CO="731.98" HC="4.30" NOx="17.94" PMx="0.97" fuel="16.80" electricity="0.00" noise="97.30" route="routeleft" type="cfm-slow" waiting="0.00" lane="left_0" pos="26.83" speed="18.24" angle="136.21" x="18.01" y="12.44"/>
        <vehicle id="cfm-slow_5" eclass="HBEFA3/PC_G_EU4" CO2="55990.37" CO="1076.70" HC="6.29" NOx="25.83" PMx="1.41" fuel="24.07" electricity="0.00" noise="106.11" route="routeleft" type="cfm-slow" waiting="0.00" lane="left_0" pos="44.89" speed="21.78" angle="103.81" x="52.61" y="-4.06"/>
    </timestep>
    <timestep time="1.72">
        <vehicle id="cfm-fast_0" eclass="HBEFA3/PC_G_EU4" CO2="77862.32" CO="1528.23" HC="8.89" NOx="36.12" PMx="1.99" fuel="33.47" electricity="0.00" noise="120.42" route="routebottom" type="cfm-fast" waiting="0.00" lane="bottom_0" pos="20.93" speed="22.97" angle="56.79" x="105.61" y="9.38"/>
        <vehicle id="cfm-fast_1" eclass="HBEFA3/PC_G_EU4" CO2="85639.17" CO="1688.42" HC="9.82" NOx="39.79" PMx="2.19" fuel="36.81" electricity="0.00" noise="126.02" route="routebottom" type="cfm-fast" waiting="0.00" lane="bottom_1" pos="36.77" speed="23.02" angle="28.28" x="123.40" y="37.28"/>
        <vehicle id="cfm-fast_2" eclass="HBEFA3/PC_G_EU4" CO2="45828.14" CO="868.10" HC="5.09" NOx="21.08" PMx="1.15" fuel="19.70" electricity="0.00" noise="100.93" route="routebottom" type="cfm-fast" waiting="0.00" lane="right_0" pos="1.51" speed="19.78" angle="1.76" x="132.19" y="67.01"/>
        <vehicle id="cfm-fast_3" eclass="HBEFA3/PC_G_EU4" CO2="64476.27" CO="1252.29" HC="7.30" NOx="29.81" PMx="1.64" fuel="27.72" electricity="0.00" noise="110.99" route="routebottom" type="cfm-fast" waiting="0.00" lane="right_0" pos="18.42" speed="22.73" angle="331.33" x="121.08" y="101.20"/>
        <vehicle id="cfm-fast_4" eclass="HBEFA3/PC_G_EU4" CO2="85554.48" CO="1686.64" HC="9.81" NOx="39.75" PMx="2.19" fuel="36.78" electricity="0.00" noise="126.01" route="routeright" type="cfm-fast" waiting="0.00" lane="right_1" pos="34.25" speed="23.00" angle="302.88" x="94.68" y="121.13"/>
        <vehicle id="cfm-fast_5" eclass="HBEFA3/PC_G_EU4" CO2="21802.37" CO="377.75" HC="2.26" NOx="9.80" PMx="0.52" fuel="9.37" electricity="0.00" noise="81.77" route="routeright" type="cfm-fast" waiting="0.00" lane="right_0" pos="48.28" speed="17.67" angle="277.67" x="67.46" y="132.16"/>
        <vehicle id="cfm-slow_0" eclass="HBEFA3/PC_G_EU4" CO2="20548.07" CO="356.98" HC="2.13" NOx="9.24" PMx="0.49" fuel="8.83" electricity="0.00" noise="81.60" route="routetop" type="cfm-slow" waiting="0.00" lane="top_0" pos="12.87" speed="16.23" angle="251.32" x="36.63" y="126.72"/>
        <vehicle id="cfm-slow_1" eclass="HBEFA3/PC_G_EU4" CO2="20899.60" CO="364.13" HC="2.17" NOx="9.40" PMx="0.49" fuel="8.98" electricity="0.00" noise="81.94" route="routetop" type="cfm-slow" waiting="0.00" lane="top_0" pos="28.71" speed="16.25" angle="222.83" x="9.85" y="106.21"/>
        <vehicle id="cfm-slow_2" eclass="HBEFA3/PC_G_EU4" CO2="22391.31" CO="394.42" HC="2.35" NOx="10.11" PMx="0.53" fuel="9.62" electricity="0.00" noise="83.38" route="routetop" type="cfm-slow" waiting="0.00" lane="top_0" pos="44.57" speed="16.35" angle="194.33" x="-3.94" y="75.39"/>
        <vehicle id="cfm-slow_3" eclass="HBEFA3/PC_G_EU4" CO2="27323.14" CO="494.23" HC="2.92" NOx="12.42" PMx="0.66" fuel="11.74" electricity="0.00" noise="87.90" route="routetop" type="cfm-slow" waiting="0.00" lane="left_0" pos="10.55" speed="16.81" angle="165.45" x="-1.19" y="41.30"/>
        <vehicle id="cfm-slow_4" eclass="HBEFA3/PC_G_EU4" CO2="39138.61" CO="732.96" HC="4.31" NOx="17.96" PMx="0.97" fuel="16.82" electricity="0.00" noise="97.23" route="routeleft" type="cfm-slow" waiting="0.00" lane="left_0" pos="27.01" speed="18.31" angle="135.91" x="18.31" y="12.18"/>
        <vehicle id="cfm-slow_5" eclass="HBEFA3/PC_G_EU4" CO2="55979.69" CO="1076.53" HC="6.29" NOx="25.82" PMx="1.41" fuel="24.06" electricity="0.00" noise="105.95" route="routeleft" type="cfm-slow" waiting="0.00" lane="left_0" pos="45.10" speed="21.87" angle="103.42" x="53.08" y="-4.13"/>
    </timestep>
    <timestep time="1.73">
        <vehicle id="cfm-fast_0" eclass="HBEFA3/PC_G_EU4" CO2="77208.17" CO="1514.96" HC="8.82" NOx="35.81" PMx="1.97" fuel="33.19" electricity="0.00" noise="119.69" route="routebottom" type="cfm-fast" waiting="0.00" lane="bottom_0" pos="21.17" speed="23.10" angle="56.37" x="106.00" y="9.69"/>
        <vehicle id="cfm-fast_1" eclass="HBEFA3/PC_G_EU4" CO2="86155.63" CO="1699.28" HC="9.88" NOx="40.03" PMx="2.20" fuel="37.03" electricity="0.00" noise="126.09" route="routebottom" type="cfm-fast" waiting="0.00" lane="bottom_1" pos="37.00" speed="23.16" angle="27.84" x="123.59" y="37.71"/>
        <vehicle id="cfm-fast_2" eclass="HBEFA3/PC_G_EU4" CO2="45863.04" CO="868.73" HC="5.09" NOx="21.10" PMx="1.15" fuel="19.71" electricity="0.00" noise="100.84" route="routebottom" type="cfm-fast" waiting="0.00" lane="right_0" pos="1.71" speed="19.87" angle="1.41" x="132.16" y="67.43"/>
        <vehicle id="cfm-fast_3" eclass="HBEFA3/PC_G_EU4" CO2="63607.92" CO="1234.55" HC="7.20" NOx="29.40" PMx="1.61" fuel="27.34" electricity="0.00" noise="110.18" route="routebottom" type="cfm-fast" waiting="0.00" lane="right_0" pos="18.65" speed="22.83" angle="330.88" x="120.81" y="101.61"/>
        <vehicle id="cfm-fast_4" eclass="HBEFA3/PC_G_EU4" CO2="86070.89" CO="1697.49" HC="9.87" NOx="39.99" PMx="2.20" fuel="37.00" electricity="0.00" noise="126.08" route="routeright" type="cfm-fast" waiting="0.00" lane="right_1" pos="34.48" speed="23.14" angle="302.46" x="94.26" y="121.36"/>
        <vehicle id="cfm-fast_5" eclass="HBEFA3/PC_G_EU4" CO2="21623.53" CO="373.95" HC="2.23" NOx="9.71" PMx="0.51" fuel="9.29" electricity="0.00" noise="81.57" route="routeright" type="cfm-fast" waiting="0.00" lane="right_0" pos="48.46" speed="17.71" angle="277.34" x="67.08" y="132.18"/>
        <vehicle id="cfm-slow_0" eclass="HBEFA3/PC_G_EU4" CO2="20439.96" CO="354.58" HC="2.12" NOx="9.19" PMx="0.48" fuel="8.79" electricity="0.00" noise="81.45" route="routetop" type="cfm-slow" waiting="0.00" lane="top_0" pos="13.03" speed="16.27" angle="251.02" x="36.31" y="126.58"/>
        <vehicle id="cfm-slow_1" eclass="HBEFA3/PC_G_EU4" CO2="20802.78" CO="361.96" HC="2.16" NOx="9.36" PMx="0.49" fuel="8.94" electricity="0.00" noise="81.81" route="routetop" type="cfm-slow" waiting="0.00" lane="top_0" pos="28.87" speed="16.29" angle="222.53" x="9.64" y="105.94"/>
        <vehicle id="cfm-slow_2" eclass="HBEFA3/PC_G_EU4" CO2="22328.55" CO="392.94" HC="2.34" NOx="10.07" PMx="0.53" fuel="9.60" electricity="0.00" noise="83.27" route="routetop" type="cfm-slow" waiting="0.00" lane="top_0" pos="44.73" speed="16.40" angle="194.02" x="-4.00" y="75.04"/>
        <vehicle id="cfm-slow_3" eclass="HBEFA3/PC_G_EU4" CO2="27326.85" CO="494.10" HC="2.92" NOx="12.42" PMx="0.66" fuel="11.75" electricity="0.00" noise="87.84" route="routetop" type="cfm-slow" waiting="0.00" lane="left_0" pos="10.71" speed="16.86" angle="165.14" x="-1.07" y="40.96"/>
        <vehicle id="cfm-slow_4" eclass="HBEFA3/PC_G_EU4" CO2="39194.35" CO="733.93" HC="4.31" NOx="17.98" PMx="0.97" fuel="16.85" electricity="0.00" noise="97.17" route="routeleft" type="cfm-slow" waiting="0.00" lane="left_0" pos="27.20" speed="18.39" angle="135.56" x="18.61" y="11.93"/>
        <vehicle id="cfm-slow_5" eclass="HBEFA3/PC_G_EU4" CO2="55962.68" CO="1076.24" HC="6.29" NOx="25.81" PMx="1.41" fuel="24.06" electricity="0.00" noise="105.80" route="routeleft" type="cfm-slow" waiting="0.00" lane="left_0" pos="45.32" speed="21.96" angle="103.01" x="53.54" y="-4.19"/>
    </timestep>
    <timestep time="1.74">
        <vehicle id="cfm-fast_0" eclass="HBEFA3/PC_G_EU4" CO2="76552.79" CO="1501.66" HC="8.74" NOx="35.50" PMx="1.95" fuel="32.91" electricity="0.00" noise="118.98" route="routebottom" type="cfm-fast" waiting="0.00" lane="bottom_0" pos="21.40" speed="23.22" angle="55.95" x="106.40" y="10.00"/>
        <vehicle id="cfm-fast_1" eclass="HBEFA3/PC_G_EU4" CO2="86672.37" CO="1710.15" HC="9.94" NOx="40.27" PMx="2.22" fuel="37.26" electricity="0.00" noise="126.15" route="routebottom" type="cfm-fast" waiting="0.00" lane="bottom_1" pos="37.23" speed="23.30" angle="27.47" x="123.78" y="38.15"/>
        <vehicle id="cfm-fast_2" eclass="HBEFA3/PC_G_EU4" CO2="45890.52" CO="869.21" HC="5.09" NOx="21.11" PMx="1.15" fuel="19.73" electricity="0.00" noise="100.73" route="routebottom" type="cfm-fast" waiting="0.00" lane="right_0" pos="1.91" speed="19.95" angle="1.05" x="132.14" y="67.86"/>
        <vehicle id="cfm-fast_3" eclass="HBEFA3/PC_G_EU4" CO2="62739.37" CO="1216.81" HC="7.10" NOx="28.99" PMx="1.59" fuel="26.97" electricity="0.00" noise="109.38" route="routebottom" type="cfm-fast" waiting="0.00" lane="right_0" pos="18.88" speed="22.93" angle="330.44" x="120.54" y="102.02"/>
        <vehicle id="cfm-fast_4" eclass="HBEFA3/PC_G_EU4" CO2="86587.59" CO="1708.37" HC="9.93" NOx="40.23" PMx="2.22" fuel="37.22" electricity="0.00" noise="126.14" route="routeright" type="cfm-fast" waiting="0.00" lane="right_1" pos="34.72" speed="23.27" angle="302.09" x="93.84" y="121.58"/>
        <vehicle id="cfm-fast_5" eclass="HBEFA3/PC_G_EU4" CO2="21445.72" CO="370.17" HC="2.21" NOx="9.63" PMx="0.51" fuel="9.22" electricity="0.00" noise="81.38" route="routeright" type="cfm-fast" waiting="0.00" lane="right_0" pos="48.63" speed="17.75" angle="277.01" x="66.70" y="132.20"/>
        <vehicle id="cfm-slow_0" eclass="HBEFA3/PC_G_EU4" CO2="20332.18" CO="352.19" HC="2.10" NOx="9.13" PMx="0.48" fuel="8.74" electricity="0.00" noise="81.31" route="routetop" type="cfm-slow" waiting="0.00" lane="top_0" pos="13.20" speed="16.31" angle="250.72" x="35.99" y="126.44"/>
        <vehicle id="cfm-slow_1" eclass="HBEFA3/PC_G_EU4" CO2="20706.51" CO="359.81" HC="2.15" NOx="9.31" PMx="0.49" fuel="8.90" electricity="0.00" noise="81.67" route="routetop" type="cfm-slow" waiting="0.00" lane="top_0" pos="29.04" speed="16.33" angle="222.24" x="9.42" y="105.66"/>
        <vehicle id="cfm-slow_2" eclass="HBEFA3/PC_G_EU4" CO2="22266.63" CO="391.48" HC="2.33" NOx="10.04" PMx="0.53" fuel="9.57" electricity="0.00" noise="83.17" route="routetop" type="cfm-slow" waiting="0.00" lane="top_0" pos="44.90" speed="16.45" angle="193.78" x="-4.06" y="74.69"/>
        <vehicle id="cfm-slow_3" eclass="HBEFA3/PC_G_EU4" CO2="27331.20" CO="493.99" HC="2.92" NOx="12.42" PMx="0.66" fuel="11.75" electricity="0.00" noise="87.78" route="routetop" type="cfm-slow" waiting="0.00" lane="left_0" pos="10.88" speed="16.92" angle="164.82" x="-0.95" y="40.61"/>
        <vehicle id="cfm-slow_4" eclass="HBEFA3/PC_G_EU4" CO2="39249.51" CO="734.89" HC="4.32" NOx="18.01" PMx="0.97" fuel="16.87" electricity="0.00" noise="97.11" route="routeleft" type="cfm-slow" waiting="0.00" lane="left_0" pos="27.38" speed="18.46" angle="135.22" x="18.91" y="11.67"/>
        <vehicle id="cfm-slow_5" eclass="HBEFA3/PC_G_EU4" CO2="55939.41" CO="1075.83" HC="6.29" NOx="25.80" PMx="1.41" fuel="24.05" electricity="0.00" noise="105.64" route="routeleft" type="cfm-slow" waiting="0.00" lane="left_0" pos="45.54" speed="22.05" angle="102.60" x="54.01" y="-4.26"/>
    </timestep>
    <timestep time="1.75">
        <vehicle id="cfm-fast_0" eclass="HBEFA3/PC_G_EU4" CO2="75896.46" CO="1488.36" HC="8.66" NOx="35.19" PMx="1.94" fuel="32.62" electricity="0.00" noise="118.27" route="routebottom" type="cfm-fast" waiting="0.00" lane="bottom_0" pos="21.63" speed="23.33" angle="55.53" x="106.79" y="10.31"/>
        <vehicle id="cfm-fast_1" eclass="HBEFA3/PC_G_EU4" CO2="87189.41" CO="1721.05" HC="10.00" NOx="40.51" PMx="2.23" fuel="37.48" electricity="0.00" noise="126.21" route="routebottom" type="cfm-fast" waiting="0.00" lane="bottom_1" pos="37.47" speed="23.43" angle="27.04" x="123.96" y="38.60"/>
        <vehicle id="cfm-fast_2" eclass="HBEFA3/PC_G_EU4" CO2="45910.66" CO="869.54" HC="5.10" NOx="21.12" PMx="1.15" fuel="19.73" electricity="0.00" noise="100.63" route="routebottom" type="cfm-fast" waiting="0.00" lane="right_0" pos="2.11" speed="20.03" angle="0.69" x="132.11" y="68.29"/>
        <vehicle id="cfm-fast_3" eclass="HBEFA3/PC_G_EU4" CO2="61870.99" CO="1199.08" HC="7.00" NOx="28.58" PMx="1.57" fuel="26.60" electricity="0.00" noise="108.59" route="routebottom" type="cfm-fast" waiting="0.00" lane="right_0" pos="19.11" speed="23.03" angle="330.00" x="120.26" y="102.43"/>
        <vehicle id="cfm-fast_4" eclass="HBEFA3/PC_G_EU4" CO2="87104.58" CO="1719.26" HC="9.99" NOx="40.47" PMx="2.23" fuel="37.44" electricity="0.00" noise="126.20" route="routeright" type="cfm-fast" waiting="0.00" lane="right_1" pos="34.95" speed="23.41" angle="301.65" x="93.41" y="121.79"/>
        <vehicle id="cfm-fast_5" eclass="HBEFA3/PC_G_EU4" CO2="21268.94" CO="366.42" HC="2.19" NOx="9.54" PMx="0.50" fuel="9.14" electricity="0.00" noise="81.19" route="routeright" type="cfm-fast" waiting="0.00" lane="right_0" pos="48.81" speed="17.79" angle="276.73" x="66.32" y="132.22"/>
        <vehicle id="cfm-slow_0" eclass="HBEFA3/PC_G_EU4" CO2="20224.73" CO="349.81" HC="2.09" NOx="9.08" PMx="0.48" fuel="8.69" electricity="0.00" noise="81.17" route="routetop" type="cfm-slow" waiting="0.00" lane="top_0" pos="13.36" speed="16.35" angle="250.42" x="35.67" y="126.29"/>
        <vehicle id="cfm-slow_1" eclass="HBEFA3/PC_G_EU4" CO2="20610.80" CO="357.67" HC="2.14" NOx="9.26" PMx="0.49" fuel="8.86" electricity="0.00" noise="81.54" route="routetop" type="cfm-slow" waiting="0.00" lane="top_0" pos="29.20" speed="16.38" angle="221.94" x="9.20" y="105.38"/>
        <vehicle id="cfm-slow_2" eclass="HBEFA3/PC_G_EU4" CO2="22205.57" CO="390.05" HC="2.32" NOx="10.01" PMx="0.53" fuel="9.55" electricity="0.00" noise="83.07" route="routetop" type="cfm-slow" waiting="0.00" lane="top_0" pos="45.06" speed="16.49" angle="193.49" x="-4.11" y="74.34"/>
        <vehicle id="cfm-slow_3" eclass="HBEFA3/PC_G_EU4" CO2="27336.19" CO="493.90" HC="2.92" NOx="12.42" PMx="0.66" fuel="11.75" electricity="0.00" noise="87.73" route="routetop" type="cfm-slow" waiting="0.00" lane="left_0" pos="11.05" speed="16.97" angle="164.51" x="-0.83" y="40.27"/>
        <vehicle id="cfm-slow_4" eclass="HBEFA3/PC_G_EU4" CO2="39304.06" CO="735.85" HC="4.32" NOx="18.03" PMx="0.98" fuel="16.89" electricity="0.00" noise="97.05" route="routeleft" type="cfm-slow" waiting="0.00" lane="left_0" pos="27.57" speed="18.54" angle="134.87" x="19.22" y="11.41"/>
        <vehicle id="cfm-slow_5" eclass="HBEFA3/PC_G_EU4" CO2="55909.99" CO="1075.29" HC="6.28" NOx="25.78" PMx="1.41" fuel="24.03" electricity="0.00" noise="105.49" route="routeleft" type="cfm-slow" waiting="0.00" lane="left_0" pos="45.77" speed="22.14" angle="102.19" x="54.49" y="-4.32"/>
    </timestep>
    <timestep time="1.76">
        <vehicle id="cfm-fast_0" eclass="HBEFA3/PC_G_EU4" CO2="75239.47" CO="1475.05" HC="8.59" NOx="34.87" PMx="1.92" fuel="32.34" electricity="0.00" noise="117.57" route="routebottom" type="cfm-fast" waiting="0.00" lane="bottom_0" pos="21.87" speed="23.45" angle="55.15" x="107.18" y="10.62"/>
        <vehicle id="cfm-fast_1" eclass="HBEFA3/PC_G_EU4" CO2="87706.75" CO="1731.97" HC="10.07" NOx="40.76" PMx="2.24" fuel="37.70" electricity="0.00" noise="126.28" route="routebottom" type="cfm-fast" waiting="0.00" lane="bottom_1" pos="37.70" speed="23.57" angle="26.61" x="124.14" y="39.05"/>
        <vehicle id="cfm-fast_2" eclass="HBEFA3/PC_G_EU4" CO2="45923.50" CO="869.73" HC="5.10" NOx="21.12" PMx="1.15" fuel="19.74" electricity="0.00" noise="100.52" route="routebottom" type="cfm-fast" waiting="0.00" lane="right_0" pos="2.31" speed="20.11" angle="0.33" x="132.09" y="68.73"/>
        <vehicle id="cfm-fast_3" eclass="HBEFA3/PC_G_EU4" CO2="61003.15" CO="1181.37" HC="6.89" NOx="28.16" PMx="1.55" fuel="26.22" electricity="0.00" noise="107.81" route="routebottom" type="cfm-fast" waiting="0.00" lane="right_0" pos="19.34" speed="23.12" angle="329.63" x="119.98" y="102.84"/>
        <vehicle id="cfm-fast_4" eclass="HBEFA3/PC_G_EU4" CO2="87621.87" CO="1730.17" HC="10.06" NOx="40.72" PMx="2.24" fuel="37.66" electricity="0.00" noise="126.27" route="routeright" type="cfm-fast" waiting="0.00" lane="right_1" pos="35.18" speed="23.55" angle="301.21" x="92.98" y="122.01"/>
        <vehicle id="cfm-fast_5" eclass="HBEFA3/PC_G_EU4" CO2="21093.22" CO="362.69" HC="2.17" NOx="9.46" PMx="0.50" fuel="9.07" electricity="0.00" noise="81.00" route="routeright" type="cfm-fast" waiting="0.00" lane="right_0" pos="48.99" speed="17.83" angle="276.40" x="65.93" y="132.23"/>
        <vehicle id="cfm-slow_0" eclass="HBEFA3/PC_G_EU4" CO2="20117.63" CO="347.44" HC="2.08" NOx="9.03" PMx="0.47" fuel="8.65" electricity="0.00" noise="81.03" route="routetop" type="cfm-slow" waiting="0.00" lane="top_0" pos="13.53" speed="16.39" angle="250.12" x="35.34" y="126.15"/>
        <vehicle id="cfm-slow_1" eclass="HBEFA3/PC_G_EU4" CO2="20515.67" CO="355.54" HC="2.12" NOx="9.22" PMx="0.48" fuel="8.82" electricity="0.00" noise="81.42" route="routetop" type="cfm-slow" waiting="0.00" lane="top_0" pos="29.36" speed="16.42" angle="221.64" x="8.99" y="105.11"/>
        <vehicle id="cfm-slow_2" eclass="HBEFA3/PC_G_EU4" CO2="22145.37" CO="388.63" HC="2.31" NOx="9.98" PMx="0.53" fuel="9.52" electricity="0.00" noise="82.97" route="routetop" type="cfm-slow" waiting="0.00" lane="top_0" pos="45.23" speed="16.54" angle="193.18" x="-4.16" y="73.99"/>
        <vehicle id="cfm-slow_3" eclass="HBEFA3/PC_G_EU4" CO2="27341.82" CO="493.82" HC="2.92" NOx="12.42" PMx="0.66" fuel="11.75" electricity="0.00" noise="87.67" route="routetop" type="cfm-slow" waiting="0.00" lane="left_0" pos="11.22" speed="17.03" angle="164.19" x="-0.70" y="39.92"/>
        <vehicle id="cfm-slow_4" eclass="HBEFA3/PC_G_EU4" CO2="39357.96" CO="736.80" HC="4.33" NOx="18.06" PMx="0.98" fuel="16.92" electricity="0.00" noise="96.99" route="routeleft" type="cfm-slow" waiting="0.00" lane="left_0" pos="27.75" speed="18.61" angle="134.52" x="19.52" y="11.15"/>
        <vehicle id="cfm-slow_5" eclass="HBEFA3/PC_G_EU4" CO2="55874.49" CO="1074.64" HC="6.28" NOx="25.77" PMx="1.41" fuel="24.02" electricity="0.00" noise="105.32" route="routeleft" type="cfm-slow" waiting="0.00" lane="left_0" pos="45.99" speed="22.23" angle="101.78" x="54.96" y="-4.39"/>
    </timestep>
    <timestep time="1.77">
        <vehicle id="cfm-fast_0" eclass="HBEFA3/PC_G_EU4" CO2="74582.09" CO="1461.75" HC="8.51" NOx="34.56" PMx="1.90" fuel="32.06" electricity="0.00" noise="116.89" route="routebottom" type="cfm-fast" waiting="0.00" lane="bottom_0" pos="22.10" speed="23.57" angle="54.70" x="107.57" y="10.95"/>
        <vehicle id="cfm-fast_1" eclass="HBEFA3/PC_G_EU4" CO2="88224.37" CO="1742.91" HC="10.13" NOx="41.00" PMx="2.26" fuel="37.92" electricity="0.00" noise="126.34" route="routebottom" type="cfm-fast" waiting="0.00" lane="bottom_1" pos="37.94" speed="23.71" angle="26.17" x="124.32" y="39.50"/>
        <vehicle id="cfm-fast_2" eclass="HBEFA3/PC_G_EU4" CO2="45929.11" CO="869.78" HC="5.10" NOx="21.12" PMx="1.15" fuel="19.74" electricity="0.00" noise="100.41" route="routebottom" type="cfm-fast" waiting="0.00" lane="right_0" pos="2.51" speed="20.19" angle="359.98" x="132.06" y="69.16"/>
        <vehicle id="cfm-fast_3" eclass="HBEFA3/PC_G_EU4" CO2="60136.19" CO="1163.68" HC="6.79" NOx="27.75" PMx="1.52" fuel="25.85" electricity="0.00" noise="107.04" route="routebottom" type="cfm-fast" waiting="0.00" lane="right_0" pos="19.57" speed="23.22" angle="329.21" x="119.69" y="103.24"/>
        <vehicle id="cfm-fast_4" eclass="HBEFA3/PC_G_EU4" CO2="88139.44" CO="1741.11" HC="10.12" NOx="40.96" PMx="2.26" fuel="37.89" electricity="0.00" noise="126.33" route="routeright" type="cfm-fast" waiting="0.00" lane="right_1" pos="35.42" speed="23.68" angle="300.77" x="92.54" y="122.23"/>
        <vehicle id="cfm-fast_5" eclass="HBEFA3/PC_G_EU4" CO2="20918.55" CO="358.99" HC="2.15" NOx="9.37" PMx="0.49" fuel="8.99" electricity="0.00" noise="80.82" route="routeright" type="cfm-fast" waiting="0.00" lane="right_0" pos="49.17" speed="17.87" angle="276.07" x="65.55" y="132.24"/>
        <vehicle id="cfm-slow_0" eclass="HBEFA3/PC_G_EU4" CO2="20010.90" CO="345.08" HC="2.06" NOx="8.98" PMx="0.47" fuel="8.60" electricity="0.00" noise="80.89" route="routetop" type="cfm-slow" waiting="0.00" lane="top_0" pos="13.69" speed="16.44" angle="249.82" x="35.02" y="126.00"/>
        <vehicle id="cfm-slow_1" eclass="HBEFA3/PC_G_EU4" CO2="20421.13" CO="353.43" HC="2.11" NOx="9.17" PMx="0.48" fuel="8.78" electricity="0.00" noise="81.29" route="routetop" type="cfm-slow" waiting="0.00" lane="top_0" pos="29.53" speed="16.46" angle="221.40" x="8.77" y="104.82"/>
        <vehicle id="cfm-slow_2" eclass="HBEFA3/PC_G_EU4" CO2="22086.05" CO="387.24" HC="2.31" NOx="9.96" PMx="0.53" fuel="9.49" electricity="0.00" noise="82.87" route="routetop" type="cfm-slow" waiting="0.00" lane="top_0" pos="45.39" speed="16.58" angle="192.88" x="-4.21" y="73.63"/>
        <vehicle id="cfm-slow_3" eclass="HBEFA3/PC_G_EU4" CO2="27348.09" CO="493.76" HC="2.92" NOx="12.43" PMx="0.66" fuel="11.76" electricity="0.00" noise="87.62" route="routetop" type="cfm-slow" waiting="0.00" lane="left_0" pos="11.39" speed="17.08" angle="163.89" x="-0.58" y="39.58"/>
        <vehicle id="cfm-slow_4" eclass="HBEFA3/PC_G_EU4" CO2="39411.19" CO="737.74" HC="4.33" NOx="18.08" PMx="0.98" fuel="16.94" electricity="0.00" noise="96.93" route="routeleft" type="cfm-slow" waiting="0.00" lane="left_0" pos="27.94" speed="18.69" angle="134.18" x="19.83" y="10.89"/>
        <vehicle id="cfm-slow_5" eclass="HBEFA3/PC_G_EU4" CO2="55833.01" CO="1073.87" HC="6.28" NOx="25.74" PMx="1.41" fuel="24.00" electricity="0.00" noise="105.16" route="routeleft" type="cfm-slow" waiting="0.00" lane="left_0" pos="46.21" speed="22.32" angle="101.42" x="55.44" y="-4.45"/>
    </timestep>
    <timestep time="1.78">
        <vehicle id="cfm-fast_0" eclass="HBEFA3/PC_G_EU4" CO2="73924.58" CO="1448.44" HC="8.43" NOx="34.25" PMx="1.89" fuel="31.78" electricity="0.00" noise="116.21" route="routebottom" type="cfm-fast" waiting="0.00" lane="bottom_0" pos="22.34" speed="23.68" angle="54.26" x="107.96" y="11.28"/>
        <vehicle id="cfm-fast_1" eclass="HBEFA3/PC_G_EU4" CO2="88742.29" CO="1753.87" HC="10.19" NOx="41.24" PMx="2.27" fuel="38.15" electricity="0.00" noise="126.41" route="routebottom" type="cfm-fast" waiting="0.00" lane="bottom_1" pos="38.18" speed="23.84" angle="25.74" x="124.50" y="39.95"/>
        <vehicle id="cfm-fast_2" eclass="HBEFA3/PC_G_EU4" CO2="45927.56" CO="869.69" HC="5.10" NOx="21.12" PMx="1.15" fuel="19.74" electricity="0.00" noise="100.29" route="routebottom" type="cfm-fast" waiting="0.00" lane="right_0" pos="2.71" speed="20.27" angle="359.63" x="132.02" y="69.59"/>
        <vehicle id="cfm-fast_3" eclass="HBEFA3/PC_G_EU4" CO2="59270.46" CO="1146.01" HC="6.69" NOx="27.34" PMx="1.50" fuel="25.48" electricity="0.00" noise="106.28" route="routebottom" type="cfm-fast" waiting="0.00" lane="right_0" pos="19.80" speed="23.31" angle="328.79" x="119.39" y="103.65"/>
        <vehicle id="cfm-fast_4" eclass="HBEFA3/PC_G_EU4" CO2="88657.31" CO="1752.07" HC="10.18" NOx="41.20" PMx="2.27" fuel="38.11" electricity="0.00" noise="126.40" route="routeright" type="cfm-fast" waiting="0.00" lane="right_1" pos="35.66" speed="23.82" angle="300.33" x="92.11" y="122.45"/>
        <vehicle id="cfm-fast_5" eclass="HBEFA3/PC_G_EU4" CO2="20744.97" CO="355.31" HC="2.13" NOx="9.29" PMx="0.49" fuel="8.92" electricity="0.00" noise="80.64" route="routeright" type="cfm-fast" waiting="0.00" lane="right_0" pos="49.35" speed="17.90" angle="275.73" x="65.17" y="132.24"/>
        <vehicle id="cfm-slow_0" eclass="HBEFA3/PC_G_EU4" CO2="19904.55" CO="342.74" HC="2.05" NOx="8.93" PMx="0.47" fuel="8.56" electricity="0.00" noise="80.76" route="routetop" type="cfm-slow" waiting="0.00" lane="top_0" pos="13.85" speed="16.48" angle="249.52" x="34.70" y="125.86"/>
        <vehicle id="cfm-slow_1" eclass="HBEFA3/PC_G_EU4" CO2="20327.19" CO="351.34" HC="2.10" NOx="9.13" PMx="0.48" fuel="8.74" electricity="0.00" noise="81.16" route="routetop" type="cfm-slow" waiting="0.00" lane="top_0" pos="29.69" speed="16.50" angle="221.09" x="8.56" y="104.54"/>
        <vehicle id="cfm-slow_2" eclass="HBEFA3/PC_G_EU4" CO2="22027.61" CO="385.87" HC="2.30" NOx="9.93" PMx="0.52" fuel="9.47" electricity="0.00" noise="82.77" route="routetop" type="cfm-slow" waiting="0.00" lane="top_0" pos="45.56" speed="16.63" angle="192.57" x="-4.26" y="73.28"/>
        <vehicle id="cfm-slow_3" eclass="HBEFA3/PC_G_EU4" CO2="27354.99" CO="493.72" HC="2.92" NOx="12.43" PMx="0.66" fuel="11.76" electricity="0.00" noise="87.56" route="routetop" type="cfm-slow" waiting="0.00" lane="left_0" pos="11.57" speed="17.14" angle="163.63" x="-0.45" y="39.23"/>
        <vehicle id="cfm-slow_4" eclass="HBEFA3/PC_G_EU4" CO2="39463.71" CO="738.67" HC="4.34" NOx="18.10" PMx="0.98" fuel="16.96" electricity="0.00" noise="96.87" route="routeleft" type="cfm-slow" waiting="0.00" lane="left_0" pos="28.13" speed="18.76" angle="133.85" x="20.14" y="10.63"/>
        <vehicle id="cfm-slow_5" eclass="HBEFA3/PC_G_EU4" CO2="55785.62" CO="1072.99" HC="6.27" NOx="25.72" PMx="1.41" fuel="23.98" electricity="0.00" noise="105.00" route="routeleft" type="cfm-slow" waiting="0.00" lane="left_0" pos="46.44" speed="22.41" angle="101.01" x="55.92" y="-4.50"/>
    </timestep>
    <timestep time="1.79">
        <vehicle id="cfm-fast_0" eclass="HBEFA3/PC_G_EU4" CO2="73267.18" CO="1435.15" HC="8.36" NOx="33.94" PMx="1.87" fuel="31.49" electricity="0.00" noise="115.54" route="routebottom" type="cfm-fast" waiting="0.00" lane="bottom_0" pos="22.58" speed="23.79" angle="53.81" x="108.35" y="11.62"/>
        <vehicle id="cfm-fast_1" eclass="HBEFA3/PC_G_EU4" CO2="89260.49" CO="1764.85" HC="10.25" NOx="41.48" PMx="2.29" fuel="38.37" electricity="0.00" noise="126.47" route="routebottom" type="cfm-fast" waiting="0.00" lane="bottom_1" pos="38.42" speed="23.98" angle="25.33" x="124.68" y="40.41"/>
        <vehicle id="cfm-fast_2" eclass="HBEFA3/PC_G_EU4" CO2="45918.91" CO="869.45" HC="5.10" NOx="21.11" PMx="1.15" fuel="19.74" electricity="0.00" noise="100.16" route="routebottom" type="cfm-fast" waiting="0.00" lane="right_0" pos="2.92" speed="20.35" angle="359.26" x="131.97" y="70.03"/>
        <vehicle id="cfm-fast_3" eclass="HBEFA3/PC_G_EU4" CO2="58406.27" CO="1128.39" HC="6.59" NOx="26.93" PMx="1.48" fuel="25.11" electricity="0.00" noise="105.53" route="routebottom" type="cfm-fast" waiting="0.00" lane="right_0" pos="20.04" speed="23.40" angle="328.36" x="119.10" y="104.06"/>
        <vehicle id="cfm-fast_4" eclass="HBEFA3/PC_G_EU4" CO2="89175.47" CO="1763.05" HC="10.24" NOx="41.44" PMx="2.28" fuel="38.33" electricity="0.00" noise="126.46" route="routeright" type="cfm-fast" waiting="0.00" lane="right_1" pos="35.90" speed="23.96" angle="299.94" x="91.67" y="122.67"/>
        <vehicle id="cfm-fast_5" eclass="HBEFA3/PC_G_EU4" CO2="20572.47" CO="351.65" HC="2.11" NOx="9.21" PMx="0.49" fuel="8.84" electricity="0.00" noise="80.46" route="routeright" type="cfm-fast" waiting="0.00" lane="right_0" pos="49.53" speed="17.94" angle="275.40" x="64.78" y="132.25"/>
        <vehicle id="cfm-slow_0" eclass="HBEFA3/PC_G_EU4" CO2="19798.60" CO="340.40" HC="2.04" NOx="8.88" PMx="0.47" fuel="8.51" electricity="0.00" noise="80.62" route="routetop" type="cfm-slow" waiting="0.00" lane="top_0" pos="14.02" speed="16.52" angle="249.26" x="34.37" y="125.72"/>
        <vehicle id="cfm-slow_1" eclass="HBEFA3/PC_G_EU4" CO2="20233.88" CO="349.26" HC="2.09" NOx="9.08" PMx="0.48" fuel="8.70" electricity="0.00" noise="81.04" route="routetop" type="cfm-slow" waiting="0.00" lane="top_0" pos="29.86" speed="16.54" angle="220.78" x="8.36" y="104.25"/>
        <vehicle id="cfm-slow_2" eclass="HBEFA3/PC_G_EU4" CO2="21970.06" CO="384.51" HC="2.29" NOx="9.90" PMx="0.52" fuel="9.44" electricity="0.00" noise="82.68" route="routetop" type="cfm-slow" waiting="0.00" lane="top_0" pos="45.73" speed="16.67" angle="192.26" x="-4.31" y="72.92"/>
        <vehicle id="cfm-slow_3" eclass="HBEFA3/PC_G_EU4" CO2="27362.52" CO="493.69" HC="2.92" NOx="12.43" PMx="0.66" fuel="11.76" electricity="0.00" noise="87.51" route="routetop" type="cfm-slow" waiting="0.00" lane="left_0" pos="11.74" speed="17.19" angle="163.33" x="-0.31" y="38.89"/>
        <vehicle id="cfm-slow_4" eclass="HBEFA3/PC_G_EU4" CO2="39515.50" CO="739.59" HC="4.35" NOx="18.13" PMx="0.98" fuel="16.99" electricity="0.00" noise="96.81" route="routeleft" type="cfm-slow" waiting="0.00" lane="left_0" pos="28.32" speed="18.84" angle="133.54" x="20.45" y="10.38"/>
        <vehicle id="cfm-slow_5" eclass="HBEFA3/PC_G_EU4" CO2="55732.43" CO="1071.99" HC="6.26" NOx="25.69" PMx="1.41" fuel="23.96" electricity="0.00" noise="104.83" route="routeleft" type="cfm-slow" waiting="0.00" lane="left_0" pos="46.66" speed="22.50" angle="100.60" x="56.40" y="-4.55"/>
    </timestep>
    <timestep time="1.80">
        <vehicle id="cfm-fast_0" eclass="HBEFA3/PC_G_EU4" CO2="72610.12" CO="1421.87" HC="8.28" NOx="33.62" PMx="1.85" fuel="31.21" electricity="0.00" noise="114.88" route="routebottom" type="cfm-fast" waiting="0.00" lane="bottom_0" pos="22.81" speed="23.90" angle="53.35" x="108.74" y="11.95"/>
        <vehicle id="cfm-fast_1" eclass="HBEFA3/PC_G_EU4" CO2="89778.99" CO="1775.86" HC="10.32" NOx="41.72" PMx="2.30" fuel="38.59" electricity="0.00" noise="126.54" route="routebottom" type="cfm-fast" waiting="0.00" lane="bottom_1" pos="38.66" speed="24.12" angle="24.91" x="124.85" y="40.87"/>
        <vehicle id="cfm-fast_2" eclass="HBEFA3/PC_G_EU4" CO2="45903.23" CO="869.08" HC="5.09" NOx="21.10" PMx="1.15" fuel="19.73" electricity="0.00" noise="100.04" route="routebottom" type="cfm-fast" waiting="0.00" lane="right_0" pos="3.12" speed="20.43" angle="358.89" x="131.93" y="70.47"/>
        <vehicle id="cfm-fast_3" eclass="HBEFA3/PC_G_EU4" CO2="57543.93" CO="1110.80" HC="6.49" NOx="26.52" PMx="1.46" fuel="24.74" electricity="0.00" noise="104.79" route="routebottom" type="cfm-fast" waiting="0.00" lane="right_0" pos="20.27" speed="23.48" angle="327.94" x="118.81" y="104.47"/>
        <vehicle id="cfm-fast_4" eclass="HBEFA3/PC_G_EU4" CO2="89693.92" CO="1774.05" HC="10.31" NOx="41.68" PMx="2.30" fuel="38.55" electricity="0.00" noise="126.53" route="routeright" type="cfm-fast" waiting="0.00" lane="right_1" pos="36.14" speed="24.09" angle="299.49" x="91.22" y="122.87"/>
        <vehicle id="cfm-fast_5" eclass="HBEFA3/PC_G_EU4" CO2="20401.07" CO="348.02" HC="2.09" NOx="9.13" PMx="0.48" fuel="8.77" electricity="0.00" noise="80.28" route="routeright" type="cfm-fast" waiting="0.00" lane="right_0" pos="49.71" speed="17.98" angle="275.06" x="64.39" y="132.26"/>
        <vehicle id="cfm-slow_0" eclass="HBEFA3/PC_G_EU4" CO2="19693.05" CO="338.07" HC="2.02" NOx="8.83" PMx="0.46" fuel="8.47" electricity="0.00" noise="80.49" route="routetop" type="cfm-slow" waiting="0.00" lane="top_0" pos="14.19" speed="16.55" angle="248.97" x="34.05" y="125.56"/>
        <vehicle id="cfm-slow_1" eclass="HBEFA3/PC_G_EU4" CO2="20141.20" CO="347.20" HC="2.08" NOx="9.04" PMx="0.47" fuel="8.66" electricity="0.00" noise="80.92" route="routetop" type="cfm-slow" waiting="0.00" lane="top_0" pos="30.02" speed="16.58" angle="220.47" x="8.15" y="103.96"/>
        <vehicle id="cfm-slow_2" eclass="HBEFA3/PC_G_EU4" CO2="21913.41" CO="383.18" HC="2.28" NOx="9.87" PMx="0.52" fuel="9.42" electricity="0.00" noise="82.58" route="routetop" type="cfm-slow" waiting="0.00" lane="top_0" pos="45.89" speed="16.71" angle="191.96" x="-4.36" y="72.57"/>
        <vehicle id="cfm-slow_3" eclass="HBEFA3/PC_G_EU4" CO2="27370.69" CO="493.68" HC="2.92" NOx="12.43" PMx="0.66" fuel="11.77" electricity="0.00" noise="87.46" route="routetop" type="cfm-slow" waiting="0.00" lane="left_0" pos="11.91" speed="17.25" angle="163.02" x="-0.18" y="38.54"/>
        <vehicle id="cfm-slow_4" eclass="HBEFA3/PC_G_EU4" CO2="39566.52" CO="740.50" HC="4.35" NOx="18.15" PMx="0.98" fuel="17.01" electricity="0.00" noise="96.75" route="routeleft" type="cfm-slow" waiting="0.00" lane="left_0" pos="28.51" speed="18.91" angle="133.19" x="20.77" y="10.12"/>
        <vehicle id="cfm-slow_5" eclass="HBEFA3/PC_G_EU4" CO2="55673.51" CO="1070.88" HC="6.26" NOx="25.66" PMx="1.41" fuel="23.93" electricity="0.00" noise="104.66" route="routeleft" type="cfm-slow" waiting="0.00" lane="left_0" pos="46.89" speed="22.59" angle="100.19" x="56.88" y="-4.60"/>
    </timestep>
    <timestep time="1.81">
        <vehicle id="cfm-fast_0" eclass="HBEFA3/PC_G_EU4" CO2="71953.63" CO="1408.61" HC="8.20" NOx="33.31" PMx="1.83" fuel="30.93" electricity="0.00" noise="114.24" route="routebottom" type="cfm-fast" waiting="0.00" lane="bottom_0" pos="23.06" speed="24.01" angle="52.96" x="109.13" y="12.28"/>
        <vehicle id="cfm-fast_1" eclass="HBEFA3/PC_G_EU4" CO2="90297.78" CO="1786.88" HC="10.38" NOx="41.96" PMx="2.31" fuel="38.81" electricity="0.00" noise="126.60" route="routebottom" type="cfm-fast" waiting="0.00" lane="bottom_1" pos="38.90" speed="24.25" angle="24.47" x="125.02" y="41.34"/>
        <vehicle id="cfm-fast_2" eclass="HBEFA3/PC_G_EU4" CO2="45880.59" CO="868.57" HC="5.09" NOx="21.09" PMx="1.15" fuel="19.72" electricity="0.00" noise="99.91" route="routebottom" type="cfm-fast" waiting="0.00" lane="right_0" pos="3.33" speed="20.51" angle="358.53" x="131.88" y="70.91"/>
        <vehicle id="cfm-fast_3" eclass="HBEFA3/PC_G_EU4" CO2="56683.75" CO="1093.26" HC="6.39" NOx="26.12" PMx="1.43" fuel="24.37" electricity="0.00" noise="104.06" route="routebottom" type="cfm-fast" waiting="0.00" lane="right_0" pos="20.51" speed="23.57" angle="327.57" x="118.51" y="104.88"/>
        <vehicle id="cfm-fast_4" eclass="HBEFA3/PC_G_EU4" CO2="90212.67" CO="1785.07" HC="10.37" NOx="41.92" PMx="2.31" fuel="38.78" electricity="0.00" noise="126.59" route="routeright" type="cfm-fast" waiting="0.00" lane="right_1" pos="36.38" speed="24.23" angle="299.03" x="90.76" y="123.07"/>
        <vehicle id="cfm-fast_5" eclass="HBEFA3/PC_G_EU4" CO2="20230.78" CO="344.42" HC="2.07" NOx="9.05" PMx="0.48" fuel="8.70" electricity="0.00" noise="80.10" route="routeright" type="cfm-fast" waiting="0.00" lane="right_0" pos="49.89" speed="18.02" angle="274.73" x="64.01" y="132.27"/>
        <vehicle id="cfm-slow_0" eclass="HBEFA3/PC_G_EU4" CO2="19587.92" CO="335.76" HC="2.01" NOx="8.78" PMx="0.46" fuel="8.42" electricity="0.00" noise="80.36" route="routetop" type="cfm-slow" waiting="0.00" lane="top_0" pos="14.35" speed="16.59" angle="248.66" x="33.73" y="125.40"/>
        <vehicle id="cfm-slow_1" eclass="HBEFA3/PC_G_EU4" CO2="20049.16" CO="345.15" HC="2.06" NOx="8.99" PMx="0.47" fuel="8.62" electricity="0.00" noise="80.80" route="routetop" type="cfm-slow" waiting="0.00" lane="top_0" pos="30.19" speed="16.62" angle="220.16" x="7.94" y="103.67"/>
        <vehicle id="cfm-slow_2" eclass="HBEFA3/PC_G_EU4" CO2="21857.67" CO="381.87" HC="2.28" NOx="9.84" PMx="0.52" fuel="9.40" electricity="0.00" noise="82.49" route="routetop" type="cfm-slow" waiting="0.00" lane="top_0" pos="46.06" speed="16.76" angle="191.65" x="-4.41" y="72.21"/>
        <vehicle id="cfm-slow_3" eclass="HBEFA3/PC_G_EU4" CO2="27379.48" CO="493.68" HC="2.92" NOx="12.44" PMx="0.66" fuel="11.77" electricity="0.00" noise="87.41" route="routetop" type="cfm-slow" waiting="0.00" lane="left_0" pos="12.08" speed="17.30" angle="162.72" x="-0.04" y="38.20"/>
        <vehicle id="cfm-slow_4" eclass="HBEFA3/PC_G_EU4" CO2="39616.75" CO="741.40" HC="4.36" NOx="18.17" PMx="0.98" fuel="17.03" electricity="0.00" noise="96.69" route="routeleft" type="cfm-slow" waiting="0.00" lane="left_0" pos="28.70" speed="18.99" angle="132.84" x="21.09" y="9.87"/>
        <vehicle id="cfm-slow_5" eclass="HBEFA3/PC_G_EU4" CO2="55608.96" CO="1069.66" HC="6.25" NOx="25.63" PMx="1.41" fuel="23.90" electricity="0.00" noise="104.49" route="routeleft" type="cfm-slow" waiting="0.00" lane="left_0" pos="47.11" speed="22.67" angle="99.77" x="57.37" y="-4.65"/>
    </timestep>
    <timestep time="1.82">
        <vehicle id="cfm-fast_0" eclass="HBEFA3/PC_G_EU4" CO2="71297.91" CO="1395.37" HC="8.13" NOx="33.00" PMx="1.82" fuel="30.65" electricity="0.00" noise="113.60" route="routebottom" type="cfm-fast" waiting="0.00" lane="bottom_0" pos="23.30" speed="24.12" angle="52.53" x="109.51" y="12.63"/>
        <vehicle id="cfm-fast_1" eclass="HBEFA3/PC_G_EU4" CO2="90816.87" CO="1797.93" HC="10.44" NOx="42.20" PMx="2.33" fuel="39.04" electricity="0.00" noise="126.67" route="routebottom" type="cfm-fast" waiting="0.00" lane="bottom_1" pos="39.15" speed="24.39" angle="24.04" x="125.19" y="41.81"/>
        <vehicle id="cfm-fast_2" eclass="HBEFA3/PC_G_EU4" CO2="45851.05" CO="867.92" HC="5.09" NOx="21.07" PMx="1.15" fuel="19.71" electricity="0.00" noise="99.77" route="routebottom" type="cfm-fast" waiting="0.00" lane="right_0" pos="3.53" speed="20.59" angle="358.16" x="131.84" y="71.35"/>
        <vehicle id="cfm-fast_3" eclass="HBEFA3/PC_G_EU4" CO2="55826.01" CO="1075.77" HC="6.29" NOx="25.71" PMx="1.41" fuel="24.00" electricity="0.00" noise="103.34" route="routebottom" type="cfm-fast" waiting="0.00" lane="right_0" pos="20.74" speed="23.65" angle="327.15" x="118.20" y="105.28"/>
        <vehicle id="cfm-fast_4" eclass="HBEFA3/PC_G_EU4" CO2="90731.70" CO="1796.12" HC="10.43" NOx="42.16" PMx="2.33" fuel="39.00" electricity="0.00" noise="126.66" route="routeright" type="cfm-fast" waiting="0.00" lane="right_1" pos="36.63" speed="24.37" angle="298.57" x="90.31" y="123.28"/>
        <vehicle id="cfm-fast_5" eclass="HBEFA3/PC_G_EU4" CO2="20061.62" CO="340.84" HC="2.05" NOx="8.96" PMx="0.47" fuel="8.62" electricity="0.00" noise="79.93" route="routetop" type="cfm-fast" waiting="0.00" lane="top_0" pos="0.07" speed="18.05" angle="274.35" x="63.43" y="132.27"/>
        <vehicle id="cfm-slow_0" eclass="HBEFA3/PC_G_EU4" CO2="19483.22" CO="333.46" HC="2.00" NOx="8.73" PMx="0.46" fuel="8.37" electricity="0.00" noise="80.23" route="routetop" type="cfm-slow" waiting="0.00" lane="top_0" pos="14.52" speed="16.63" angle="248.34" x="33.41" y="125.24"/>
        <vehicle id="cfm-slow_1" eclass="HBEFA3/PC_G_EU4" CO2="19957.78" CO="343.12" HC="2.05" NOx="8.95" PMx="0.47" fuel="8.58" electricity="0.00" noise="80.68" route="routetop" type="cfm-slow" waiting="0.00" lane="top_0" pos="30.36" speed="16.66" angle="219.85" x="7.73" y="103.38"/>
        <vehicle id="cfm-slow_2" eclass="HBEFA3/PC_G_EU4" CO2="21802.84" CO="380.58" HC="2.27" NOx="9.82" PMx="0.52" fuel="9.37" electricity="0.00" noise="82.40" route="routetop" type="cfm-slow" waiting="0.00" lane="top_0" pos="46.23" speed="16.80" angle="191.40" x="-4.46" y="71.85"/>
        <vehicle id="cfm-slow_3" eclass="HBEFA3/PC_G_EU4" CO2="27388.90" CO="493.70" HC="2.92" NOx="12.44" PMx="0.66" fuel="11.77" electricity="0.00" noise="87.36" route="routetop" type="cfm-slow" waiting="0.00" lane="left_0" pos="12.26" speed="17.36" angle="162.41" x="0.10" y="37.85"/>
        <vehicle id="cfm-slow_4" eclass="HBEFA3/PC_G_EU4" CO2="39666.15" CO="742.28" HC="4.36" NOx="18.19" PMx="0.98" fuel="17.05" electricity="0.00" noise="96.63" route="routeleft" type="cfm-slow" waiting="0.00" lane="left_0" pos="28.89" speed="19.06" angle="132.48" x="21.42" y="9.62"/>
        <vehicle id="cfm-slow_5" eclass="HBEFA3/PC_G_EU4" CO2="55538.86" CO="1068.33" HC="6.24" NOx="25.59" PMx="1.40" fuel="23.87" electricity="0.00" noise="104.31" route="routeleft" type="cfm-slow" waiting="0.00" lane="left_0" pos="47.34" speed="22.76" angle="99.36" x="57.85" y="-4.70"/>
    </timestep>
    <timestep time="1.83">
        <vehicle id="cfm-fast_0" eclass="HBEFA3/PC_G_EU4" CO2="70643.16" CO="1382.15" HC="8.05" NOx="32.69" PMx="1.80" fuel="30.37" electricity="0.00" noise="112.97" route="routebottom" type="cfm-fast" waiting="0.00" lane="bottom_0" pos="23.54" speed="24.22" angle="52.10" x="109.90" y="12.99"/>
        <vehicle id="cfm-fast_1" eclass="HBEFA3/PC_G_EU4" CO2="91336.24" CO="1809.00" HC="10.51" NOx="42.45" PMx="2.34" fuel="39.26" electricity="0.00" noise="126.73" route="routebottom" type="cfm-fast" waiting="0.00" lane="bottom_1" pos="39.39" speed="24.52" angle="23.59" x="125.37" y="42.28"/>
        <vehicle id="cfm-fast_2" eclass="HBEFA3/PC_G_EU4" CO2="45814.69" CO="867.14" HC="5.08" NOx="21.05" PMx="1.15" fuel="19.69" electricity="0.00" noise="99.63" route="routebottom" type="cfm-fast" waiting="0.00" lane="right_0" pos="3.74" speed="20.67" angle="357.79" x="131.79" y="71.79"/>
        <vehicle id="cfm-fast_3" eclass="HBEFA3/PC_G_EU4" CO2="54970.99" CO="1058.35" HC="6.18" NOx="25.30" PMx="1.39" fuel="23.63" electricity="0.00" noise="102.63" route="routebottom" type="cfm-fast" waiting="0.00" lane="right_0" pos="20.98" speed="23.74" angle="326.71" x="117.88" y="105.68"/>
        <vehicle id="cfm-fast_4" eclass="HBEFA3/PC_G_EU4" CO2="91251.03" CO="1807.18" HC="10.50" NOx="42.41" PMx="2.34" fuel="39.22" electricity="0.00" noise="126.72" route="routeright" type="cfm-fast" waiting="0.00" lane="right_1" pos="36.87" speed="24.50" angle="298.10" x="89.85" y="123.48"/>
        <vehicle id="cfm-fast_5" eclass="HBEFA3/PC_G_EU4" CO2="19893.59" CO="337.29" HC="2.03" NOx="8.88" PMx="0.47" fuel="8.55" electricity="0.00" noise="79.76" route="routetop" type="cfm-fast" waiting="0.00" lane="top_0" pos="0.25" speed="18.09" angle="274.03" x="63.04" y="132.26"/>
        <vehicle id="cfm-slow_0" eclass="HBEFA3/PC_G_EU4" CO2="19378.97" CO="331.17" HC="1.98" NOx="8.68" PMx="0.45" fuel="8.33" electricity="0.00" noise="80.10" route="routetop" type="cfm-slow" waiting="0.00" lane="top_0" pos="14.68" speed="16.67" angle="248.02" x="33.09" y="125.08"/>
        <vehicle id="cfm-slow_1" eclass="HBEFA3/PC_G_EU4" CO2="19867.07" CO="341.10" HC="2.04" NOx="8.91" PMx="0.47" fuel="8.54" electricity="0.00" noise="80.56" route="routetop" type="cfm-slow" waiting="0.00" lane="top_0" pos="30.52" speed="16.70" angle="219.54" x="7.52" y="103.08"/>
        <vehicle id="cfm-slow_2" eclass="HBEFA3/PC_G_EU4" CO2="21748.92" CO="379.32" HC="2.26" NOx="9.79" PMx="0.52" fuel="9.35" electricity="0.00" noise="82.32" route="routetop" type="cfm-slow" waiting="0.00" lane="top_0" pos="46.40" speed="16.85" angle="191.09" x="-4.49" y="71.49"/>
        <vehicle id="cfm-slow_3" eclass="HBEFA3/PC_G_EU4" CO2="27398.93" CO="493.74" HC="2.92" NOx="12.44" PMx="0.66" fuel="11.78" electricity="0.00" noise="87.31" route="routetop" type="cfm-slow" waiting="0.00" lane="left_0" pos="12.43" speed="17.41" angle="162.10" x="0.24" y="37.50"/>
        <vehicle id="cfm-slow_4" eclass="HBEFA3/PC_G_EU4" CO2="39714.71" CO="743.15" HC="4.37" NOx="18.21" PMx="0.99" fuel="17.07" electricity="0.00" noise="96.57" route="routeleft" type="cfm-slow" waiting="0.00" lane="left_0" pos="29.08" speed="19.13" angle="132.13" x="21.74" y="9.37"/>
        <vehicle id="cfm-slow_5" eclass="HBEFA3/PC_G_EU4" CO2="55463.30" CO="1066.89" HC="6.23" NOx="25.56" PMx="1.40" fuel="23.84" electricity="0.00" noise="104.14" route="routeleft" type="cfm-slow" waiting="0.00" lane="left_0" pos="47.57" speed="22.85" angle="98.99" x="58.34" y="-4.74"/>
    </timestep>
    <timestep time="1.84">
        <vehicle id="cfm-fast_0" eclass="HBEFA3/PC_G_EU4" CO2="69989.57" CO="1368.97" HC="7.97" NOx="32.38" PMx="1.78" fuel="30.08" electricity="0.00" noise="112.35" route="routebottom" type="cfm-fast" waiting="0.00" lane="bottom_0" pos="23.78" speed="24.33" angle="51.66" x="110.28" y="13.34"/>
        <vehicle id="cfm-fast_1" eclass="HBEFA3/PC_G_EU4" CO2="91855.91" CO="1820.09" HC="10.57" NOx="42.69" PMx="2.36" fuel="39.48" electricity="0.00" noise="126.80" route="routebottom" type="cfm-fast" waiting="0.00" lane="bottom_1" pos="39.64" speed="24.66" angle="23.16" x="125.54" y="42.76"/>
        <vehicle id="cfm-fast_2" eclass="HBEFA3/PC_G_EU4" CO2="45771.58" CO="866.22" HC="5.08" NOx="21.03" PMx="1.15" fuel="19.67" electricity="0.00" noise="99.49" route="routebottom" type="cfm-fast" waiting="0.00" lane="right_0" pos="3.95" speed="20.75" angle="357.43" x="131.74" y="72.23"/>
        <vehicle id="cfm-fast_3" eclass="HBEFA3/PC_G_EU4" CO2="54118.95" CO="1040.98" HC="6.08" NOx="24.90" PMx="1.37" fuel="23.26" electricity="0.00" noise="101.93" route="routebottom" type="cfm-fast" waiting="0.00" lane="right_0" pos="21.22" speed="23.82" angle="326.28" x="117.56" y="106.09"/>
        <vehicle id="cfm-fast_4" eclass="HBEFA3/PC_G_EU4" CO2="91770.65" CO="1818.27" HC="10.56" NOx="42.65" PMx="2.35" fuel="39.45" electricity="0.00" noise="126.79" route="routeright" type="cfm-fast" waiting="0.00" lane="right_1" pos="37.12" speed="24.64" angle="297.67" x="89.39" y="123.69"/>
        <vehicle id="cfm-fast_5" eclass="HBEFA3/PC_G_EU4" CO2="19726.70" CO="333.76" HC="2.01" NOx="8.81" PMx="0.46" fuel="8.48" electricity="0.00" noise="79.59" route="routetop" type="cfm-fast" waiting="0.00" lane="top_0" pos="0.43" speed="18.13" angle="273.70" x="62.65" y="132.25"/>
        <vehicle id="cfm-slow_0" eclass="HBEFA3/PC_G_EU4" CO2="19275.17" CO="328.89" HC="1.97" NOx="8.63" PMx="0.45" fuel="8.29" electricity="0.00" noise="79.97" route="routetop" type="cfm-slow" waiting="0.00" lane="top_0" pos="14.85" speed="16.71" angle="247.70" x="32.77" y="124.92"/>
        <vehicle id="cfm-slow_1" eclass="HBEFA3/PC_G_EU4" CO2="19777.04" CO="339.10" HC="2.03" NOx="8.86" PMx="0.47" fuel="8.50" electricity="0.00" noise="80.45" route="routetop" type="cfm-slow" waiting="0.00" lane="top_0" pos="30.69" speed="16.74" angle="219.26" x="7.31" y="102.79"/>
        <vehicle id="cfm-slow_2" eclass="HBEFA3/PC_G_EU4" CO2="21695.93" CO="378.07" HC="2.26" NOx="9.76" PMx="0.52" fuel="9.33" electricity="0.00" noise="82.23" route="routetop" type="cfm-slow" waiting="0.00" lane="top_0" pos="46.57" speed="16.89" angle="190.78" x="-4.53" y="71.13"/>
        <vehicle id="cfm-slow_3" eclass="HBEFA3/PC_G_EU4" CO2="27409.58" CO="493.79" HC="2.92" NOx="12.45" PMx="0.66" fuel="11.78" electricity="0.00" noise="87.27" route="routetop" type="cfm-slow" waiting="0.00" lane="left_0" pos="12.61" speed="17.47" angle="161.79" x="0.38" y="37.15"/>
        <vehicle id="cfm-slow_4" eclass="HBEFA3/PC_G_EU4" CO2="39762.39" CO="744.01" HC="4.37" NOx="18.23" PMx="0.99" fuel="17.09" electricity="0.00" noise="96.51" route="routeleft" type="cfm-slow" waiting="0.00" lane="left_0" pos="29.27" speed="19.21" angle="131.77" x="22.07" y="9.11"/>
        <vehicle id="cfm-slow_5" eclass="HBEFA3/PC_G_EU4" CO2="55382.38" CO="1065.35" HC="6.23" NOx="25.52" PMx="1.40" fuel="23.81" electricity="0.00" noise="103.96" route="routeleft" type="cfm-slow" waiting="0.00" lane="left_0" pos="47.80" speed="22.94" angle="98.55" x="58.84" y="-4.77"/>
    </timestep>
    <timestep time="1.85">
        <vehicle id="cfm-fast_0" eclass="HBEFA3/PC_G_EU4" CO2="69337.32" CO="1355.82" HC="7.90" NOx="32.07" PMx="1.77" fuel="29.80" electricity="0.00" noise="111.74" route="routebottom" type="cfm-fast" waiting="0.00" lane="bottom_0" pos="24.03" speed="24.43" angle="51.22" x="110.67" y="13.70"/>
        <vehicle id="cfm-fast_1" eclass="HBEFA3/PC_G_EU4" CO2="92375.87" CO="1831.20" HC="10.63" NOx="42.93" PMx="2.37" fuel="39.71" electricity="0.00" noise="126.86" route="routebottom" type="cfm-fast" waiting="0.00" lane="bottom_1" pos="39.89" speed="24.80" angle="22.76" x="125.70" y="43.24"/>
        <vehicle id="cfm-fast_2" eclass="HBEFA3/PC_G_EU4" CO2="45721.79" CO="865.17" HC="5.07" NOx="21.01" PMx="1.14" fuel="19.65" electricity="0.00" noise="99.35" route="routebottom" type="cfm-fast" waiting="0.00" lane="right_0" pos="4.16" speed="20.83" angle="357.05" x="131.67" y="72.67"/>
        <vehicle id="cfm-fast_3" eclass="HBEFA3/PC_G_EU4" CO2="53270.14" CO="1023.68" HC="5.98" NOx="24.50" PMx="1.35" fuel="22.90" electricity="0.00" noise="101.23" route="routebottom" type="cfm-fast" waiting="0.00" lane="right_0" pos="21.46" speed="23.90" angle="325.85" x="117.25" y="106.49"/>
        <vehicle id="cfm-fast_4" eclass="HBEFA3/PC_G_EU4" CO2="92290.56" CO="1829.38" HC="10.62" NOx="42.89" PMx="2.37" fuel="39.67" electricity="0.00" noise="126.85" route="routeright" type="cfm-fast" waiting="0.00" lane="right_1" pos="37.37" speed="24.77" angle="297.24" x="88.92" y="123.88"/>
        <vehicle id="cfm-fast_5" eclass="HBEFA3/PC_G_EU4" CO2="19560.96" CO="330.26" HC="1.99" NOx="8.73" PMx="0.46" fuel="8.41" electricity="0.00" noise="79.43" route="routetop" type="cfm-fast" waiting="0.00" lane="top_0" pos="0.61" speed="18.16" angle="273.37" x="62.26" y="132.25"/>
        <vehicle id="cfm-slow_0" eclass="HBEFA3/PC_G_EU4" CO2="19171.83" CO="326.62" HC="1.96" NOx="8.58" PMx="0.45" fuel="8.24" electricity="0.00" noise="79.85" route="routetop" type="cfm-slow" waiting="0.00" lane="top_0" pos="15.02" speed="16.75" angle="247.38" x="32.45" y="124.75"/>
        <vehicle id="cfm-slow_1" eclass="HBEFA3/PC_G_EU4" CO2="19687.70" CO="337.12" HC="2.02" NOx="8.82" PMx="0.46" fuel="8.46" electricity="0.00" noise="80.33" route="routetop" type="cfm-slow" waiting="0.00" lane="top_0" pos="30.86" speed="16.78" angle="218.99" x="7.10" y="102.50"/>
        <vehicle id="cfm-slow_2" eclass="HBEFA3/PC_G_EU4" CO2="21643.87" CO="376.85" HC="2.25" NOx="9.74" PMx="0.51" fuel="9.30" electricity="0.00" noise="82.15" route="routetop" type="cfm-slow" waiting="0.00" lane="top_0" pos="46.74" speed="16.93" angle="190.47" x="-4.57" y="70.77"/>
        <vehicle id="cfm-slow_3" eclass="HBEFA3/PC_G_EU4" CO2="27420.84" CO="493.85" HC="2.93" NOx="12.45" PMx="0.66" fuel="11.79" electricity="0.00" noise="87.22" route="routetop" type="cfm-slow" waiting="0.00" lane="left_0" pos="12.78" speed="17.52" angle="161.53" x="0.52" y="36.80"/>
        <vehicle id="cfm-slow_4" eclass="HBEFA3/PC_G_EU4" CO2="39809.17" CO="744.86" HC="4.38" NOx="18.25" PMx="0.99" fuel="17.11" electricity="0.00" noise="96.46" route="routeleft" type="cfm-slow" waiting="0.00" lane="left_0" pos="29.46" speed="19.28" angle="131.46" x="22.39" y="8.85"/>
        <vehicle id="cfm-slow_5" eclass="HBEFA3/PC_G_EU4" CO2="55296.17" CO="1063.71" HC="6.22" NOx="25.47" PMx="1.40" fuel="23.77" electricity="0.00" noise="103.78" route="routeleft" type="cfm-slow" waiting="0.00" lane="left_0" pos="48.03" speed="23.02" angle="98.10" x="59.33" y="-4.80"/>
    </timestep>
    <timestep time="1.86">
        <vehicle id="cfm-fast_0" eclass="HBEFA3/PC_G_EU4" CO2="68686.58" CO="1342.70" HC="7.82" NOx="31.76" PMx="1.75" fuel="29.52" electricity="0.00" noise="111.13" route="routebottom" type="cfm-fast" waiting="0.00" lane="bottom_0" pos="24.27" speed="24.53" angle="50.80" x="111.06" y="14.06"/>
        <vehicle id="cfm-fast_1" eclass="HBEFA3/PC_G_EU4" CO2="92896.12" CO="1842.34" HC="10.70" NOx="43.17" PMx="2.38" fuel="39.93" electricity="0.00" noise="126.93" route="routebottom" type="cfm-fast" waiting="0.00" lane="bottom_1" pos="40.14" speed="24.93" angle="22.30" x="125.85" y="43.73"/>
        <vehicle id="cfm-fast_2" eclass="HBEFA3/PC_G_EU4" CO2="45665.40" CO="863.99" HC="5.07" NOx="20.98" PMx="1.14" fuel="19.63" electricity="0.00" noise="99.20" route="routebottom" type="cfm-fast" waiting="0.00" lane="right_0" pos="4.37" speed="20.91" angle="356.67" x="131.61" y="73.12"/>
        <vehicle id="cfm-fast_3" eclass="HBEFA3/PC_G_EU4" CO2="52424.80" CO="1006.46" HC="5.89" NOx="24.10" PMx="1.32" fuel="22.53" electricity="0.00" noise="100.55" route="routebottom" type="cfm-fast" waiting="0.00" lane="right_0" pos="21.70" speed="23.97" angle="325.43" x="116.93" y="106.90"/>
        <vehicle id="cfm-fast_4" eclass="HBEFA3/PC_G_EU4" CO2="92810.76" CO="1840.51" HC="10.69" NOx="43.13" PMx="2.38" fuel="39.89" electricity="0.00" noise="126.91" route="routeright" type="cfm-fast" waiting="0.00" lane="right_1" pos="37.61" speed="24.91" angle="296.78" x="88.45" y="124.07"/>
        <vehicle id="cfm-fast_5" eclass="HBEFA3/PC_G_EU4" CO2="19396.38" CO="326.79" HC="1.97" NOx="8.65" PMx="0.46" fuel="8.34" electricity="0.00" noise="79.26" route="routetop" type="cfm-fast" waiting="0.00" lane="top_0" pos="0.79" speed="18.20" angle="273.04" x="61.87" y="132.24"/>
        <vehicle id="cfm-slow_0" eclass="HBEFA3/PC_G_EU4" CO2="19068.97" CO="324.36" HC="1.95" NOx="8.53" PMx="0.45" fuel="8.20" electricity="0.00" noise="79.72" route="routetop" type="cfm-slow" waiting="0.00" lane="top_0" pos="15.19" speed="16.78" angle="247.06" x="32.13" y="124.59"/>
        <vehicle id="cfm-slow_1" eclass="HBEFA3/PC_G_EU4" CO2="19599.06" CO="335.16" HC="2.01" NOx="8.78" PMx="0.46" fuel="8.42" electricity="0.00" noise="80.22" route="routetop" type="cfm-slow" waiting="0.00" lane="top_0" pos="31.03" speed="16.82" angle="218.69" x="6.90" y="102.19"/>
        <vehicle id="cfm-slow_2" eclass="HBEFA3/PC_G_EU4" CO2="21592.74" CO="375.65" HC="2.24" NOx="9.71" PMx="0.51" fuel="9.28" electricity="0.00" noise="82.06" route="routetop" type="cfm-slow" waiting="0.00" lane="top_0" pos="46.91" speed="16.97" angle="190.15" x="-4.61" y="70.40"/>
        <vehicle id="cfm-slow_3" eclass="HBEFA3/PC_G_EU4" CO2="27432.70" CO="493.94" HC="2.93" NOx="12.45" PMx="0.66" fuel="11.79" electricity="0.00" noise="87.18" route="routetop" type="cfm-slow" waiting="0.00" lane="left_0" pos="12.96" speed="17.57" angle="161.20" x="0.67" y="36.46"/>
        <vehicle id="cfm-slow_4" eclass="HBEFA3/PC_G_EU4" CO2="39855.01" CO="745.69" HC="4.38" NOx="18.27" PMx="0.99" fuel="17.13" electricity="0.00" noise="96.40" route="routeleft" type="cfm-slow" waiting="0.00" lane="left_0" pos="29.66" speed="19.35" angle="131.12" x="22.73" y="8.61"/>
        <vehicle id="cfm-slow_5" eclass="HBEFA3/PC_G_EU4" CO2="55204.76" CO="1061.96" HC="6.21" NOx="25.43" PMx="1.40" fuel="23.73" electricity="0.00" noise="103.60" route="routeleft" type="cfm-slow" waiting="0.00" lane="left_0" pos="48.26" speed="23.11" angle="97.66" x="59.83" y="-4.83"/>
    </timestep>
    <timestep time="1.87">
        <vehicle id="cfm-fast_0" eclass="HBEFA3/PC_G_EU4" CO2="68037.51" CO="1329.62" HC="7.75" NOx="31.45" PMx="1.73" fuel="29.25" electricity="0.00" noise="110.54" route="routebottom" type="cfm-fast" waiting="0.00" lane="bottom_0" pos="24.52" speed="24.63" angle="50.38" x="111.44" y="14.43"/>
        <vehicle id="cfm-fast_1" eclass="HBEFA3/PC_G_EU4" CO2="93416.67" CO="1853.49" HC="10.76" NOx="43.42" PMx="2.40" fuel="40.16" electricity="0.00" noise="126.99" route="routebottom" type="cfm-fast" waiting="0.00" lane="bottom_1" pos="40.39" speed="25.07" angle="21.83" x="126.00" y="44.22"/>
        <vehicle id="cfm-fast_2" eclass="HBEFA3/PC_G_EU4" CO2="45602.49" CO="862.68" HC="5.06" NOx="20.95" PMx="1.14" fuel="19.60" electricity="0.00" noise="99.05" route="routebottom" type="cfm-fast" waiting="0.00" lane="right_0" pos="4.57" speed="20.98" angle="356.29" x="131.55" y="73.57"/>
        <vehicle id="cfm-fast_3" eclass="HBEFA3/PC_G_EU4" CO2="51583.17" CO="989.31" HC="5.79" NOx="23.70" PMx="1.30" fuel="22.17" electricity="0.00" noise="99.87" route="routebottom" type="cfm-fast" waiting="0.00" lane="right_0" pos="21.94" speed="24.05" angle="325.01" x="116.60" y="107.30"/>
        <vehicle id="cfm-fast_4" eclass="HBEFA3/PC_G_EU4" CO2="93331.26" CO="1851.66" HC="10.75" NOx="43.38" PMx="2.40" fuel="40.12" electricity="0.00" noise="126.98" route="routeright" type="cfm-fast" waiting="0.00" lane="right_1" pos="37.87" speed="25.05" angle="296.32" x="87.97" y="124.26"/>
        <vehicle id="cfm-fast_5" eclass="HBEFA3/PC_G_EU4" CO2="19232.96" CO="323.34" HC="1.95" NOx="8.57" PMx="0.45" fuel="8.27" electricity="0.00" noise="79.10" route="routetop" type="cfm-fast" waiting="0.00" lane="top_0" pos="0.97" speed="18.23" angle="272.71" x="61.47" y="132.23"/>
        <vehicle id="cfm-slow_0" eclass="HBEFA3/PC_G_EU4" CO2="18966.60" CO="322.12" HC="1.93" NOx="8.48" PMx="0.44" fuel="8.15" electricity="0.00" noise="79.60" route="routetop" type="cfm-slow" waiting="0.00" lane="top_0" pos="15.35" speed="16.82" angle="246.80" x="31.81" y="124.43"/>
        <vehicle id="cfm-slow_1" eclass="HBEFA3/PC_G_EU4" CO2="19511.15" CO="333.21" HC="2.00" NOx="8.73" PMx="0.46" fuel="8.39" electricity="0.00" noise="80.11" route="routetop" type="cfm-slow" waiting="0.00" lane="top_0" pos="31.20" speed="16.86" angle="218.38" x="6.70" y="101.89"/>
        <vehicle id="cfm-slow_2" eclass="HBEFA3/PC_G_EU4" CO2="21542.55" CO="374.46" HC="2.24" NOx="9.69" PMx="0.51" fuel="9.26" electricity="0.00" noise="81.98" route="routetop" type="cfm-slow" waiting="0.00" lane="top_0" pos="47.08" speed="17.02" angle="189.84" x="-4.64" y="70.04"/>
        <vehicle id="cfm-slow_3" eclass="HBEFA3/PC_G_EU4" CO2="27445.16" CO="494.03" HC="2.93" NOx="12.46" PMx="0.67" fuel="11.80" electricity="0.00" noise="87.14" route="routetop" type="cfm-slow" waiting="0.00" lane="left_0" pos="13.13" speed="17.63" angle="160.88" x="0.83" y="36.11"/>
        <vehicle id="cfm-slow_4" eclass="HBEFA3/PC_G_EU4" CO2="39899.91" CO="746.51" HC="4.39" NOx="18.29" PMx="0.99" fuel="17.15" electricity="0.00" noise="96.34" route="routeleft" type="cfm-slow" waiting="0.00" lane="left_0" pos="29.85" speed="19.43" angle="130.77" x="23.07" y="8.36"/>
        <vehicle id="cfm-slow_5" eclass="HBEFA3/PC_G_EU4" CO2="55108.24" CO="1060.12" HC="6.20" NOx="25.38" PMx="1.39" fuel="23.69" electricity="0.00" noise="103.42" route="routeleft" type="cfm-slow" waiting="0.00" lane="left_0" pos="48.49" speed="23.19" angle="97.21" x="60.33" y="-4.86"/>
    </timestep>
    <timestep time="1.88">
        <vehicle id="cfm-fast_0" eclass="HBEFA3/PC_G_EU4" CO2="67390.27" CO="1316.58" HC="7.67" NOx="31.14" PMx="1.72" fuel="28.97" electricity="0.00" noise="109.95" route="routebottom" type="cfm-fast" waiting="0.00" lane="bottom_0" pos="24.76" speed="24.73" angle="49.92" x="111.81" y="14.80"/>
        <vehicle id="cfm-fast_1" eclass="HBEFA3/PC_G_EU4" CO2="93937.50" CO="1864.67" HC="10.83" NOx="43.66" PMx="2.41" fuel="40.38" electricity="0.00" noise="127.05" route="routebottom" type="cfm-fast" waiting="0.00" lane="bottom_1" pos="40.64" speed="25.21" angle="21.37" x="126.16" y="44.71"/>
        <vehicle id="cfm-fast_2" eclass="HBEFA3/PC_G_EU4" CO2="45533.12" CO="861.25" HC="5.05" NOx="20.91" PMx="1.14" fuel="19.57" electricity="0.00" noise="98.89" route="routebottom" type="cfm-fast" waiting="0.00" lane="right_0" pos="4.79" speed="21.06" angle="355.91" x="131.48" y="74.02"/>
        <vehicle id="cfm-fast_3" eclass="HBEFA3/PC_G_EU4" CO2="50745.47" CO="972.25" HC="5.69" NOx="23.30" PMx="1.28" fuel="21.81" electricity="0.00" noise="99.21" route="routebottom" type="cfm-fast" waiting="0.00" lane="right_0" pos="22.18" speed="24.12" angle="324.56" x="116.26" y="107.69"/>
        <vehicle id="cfm-fast_4" eclass="HBEFA3/PC_G_EU4" CO2="93852.05" CO="1862.84" HC="10.82" NOx="43.62" PMx="2.41" fuel="40.34" electricity="0.00" noise="127.04" route="routeright" type="cfm-fast" waiting="0.00" lane="right_1" pos="38.12" speed="25.18" angle="295.85" x="87.49" y="124.45"/>
        <vehicle id="cfm-fast_5" eclass="HBEFA3/PC_G_EU4" CO2="19070.72" CO="319.92" HC="1.93" NOx="8.49" PMx="0.45" fuel="8.20" electricity="0.00" noise="78.94" route="routetop" type="cfm-fast" waiting="0.00" lane="top_0" pos="1.16" speed="18.26" angle="272.38" x="61.08" y="132.22"/>
        <vehicle id="cfm-slow_0" eclass="HBEFA3/PC_G_EU4" CO2="18864.73" CO="319.89" HC="1.92" NOx="8.43" PMx="0.44" fuel="8.11" electricity="0.00" noise="79.48" route="routetop" type="cfm-slow" waiting="0.00" lane="top_0" pos="15.52" speed="16.86" angle="246.51" x="31.49" y="124.25"/>
        <vehicle id="cfm-slow_1" eclass="HBEFA3/PC_G_EU4" CO2="19423.95" CO="331.28" HC="1.99" NOx="8.69" PMx="0.46" fuel="8.35" electricity="0.00" noise="80.00" route="routetop" type="cfm-slow" waiting="0.00" lane="top_0" pos="31.37" speed="16.89" angle="218.08" x="6.50" y="101.59"/>
        <vehicle id="cfm-slow_2" eclass="HBEFA3/PC_G_EU4" CO2="21493.29" CO="373.30" HC="2.23" NOx="9.66" PMx="0.51" fuel="9.24" electricity="0.00" noise="81.90" route="routetop" type="cfm-slow" waiting="0.00" lane="top_0" pos="47.25" speed="17.06" angle="189.53" x="-4.68" y="69.68"/>
        <vehicle id="cfm-slow_3" eclass="HBEFA3/PC_G_EU4" CO2="27458.22" CO="494.15" HC="2.93" NOx="12.46" PMx="0.67" fuel="11.80" electricity="0.00" noise="87.10" route="routetop" type="cfm-slow" waiting="0.00" lane="left_0" pos="13.31" speed="17.68" angle="160.55" x="0.99" y="35.77"/>
        <vehicle id="cfm-slow_4" eclass="HBEFA3/PC_G_EU4" CO2="39943.82" CO="747.31" HC="4.39" NOx="18.31" PMx="0.99" fuel="17.17" electricity="0.00" noise="96.28" route="routeleft" type="cfm-slow" waiting="0.00" lane="left_0" pos="30.05" speed="19.50" angle="130.41" x="23.41" y="8.12"/>
        <vehicle id="cfm-slow_5" eclass="HBEFA3/PC_G_EU4" CO2="55006.70" CO="1058.17" HC="6.18" NOx="25.33" PMx="1.39" fuel="23.64" electricity="0.00" noise="103.24" route="routeleft" type="cfm-slow" waiting="0.00" lane="left_0" pos="48.72" speed="23.28" angle="96.82" x="60.83" y="-4.89"/>
    </timestep>
    <timestep time="1.89">
        <vehicle id="cfm-fast_0" eclass="HBEFA3/PC_G_EU4" CO2="66745.00" CO="1303.59" HC="7.59" NOx="30.84" PMx="1.70" fuel="28.69" electricity="0.00" noise="109.37" route="routebottom" type="cfm-fast" waiting="0.00" lane="bottom_0" pos="25.01" speed="24.82" angle="49.46" x="112.19" y="15.18"/>
        <vehicle id="cfm-fast_1" eclass="HBEFA3/PC_G_EU4" CO2="94458.63" CO="1875.87" HC="10.89" NOx="43.90" PMx="2.43" fuel="40.60" electricity="0.00" noise="127.12" route="routebottom" type="cfm-fast" waiting="0.00" lane="bottom_1" pos="40.89" speed="25.34" angle="20.89" x="126.31" y="45.21"/>
        <vehicle id="cfm-fast_2" eclass="HBEFA3/PC_G_EU4" CO2="45457.38" CO="859.68" HC="5.04" NOx="20.88" PMx="1.14" fuel="19.54" electricity="0.00" noise="98.73" route="routebottom" type="cfm-fast" waiting="0.00" lane="right_0" pos="5.00" speed="21.14" angle="355.53" x="131.42" y="74.47"/>
        <vehicle id="cfm-fast_3" eclass="HBEFA3/PC_G_EU4" CO2="49911.90" CO="955.27" HC="5.59" NOx="22.91" PMx="1.26" fuel="21.45" electricity="0.00" noise="98.55" route="routebottom" type="cfm-fast" waiting="0.00" lane="right_0" pos="22.42" speed="24.20" angle="324.10" x="115.93" y="108.09"/>
        <vehicle id="cfm-fast_4" eclass="HBEFA3/PC_G_EU4" CO2="94373.13" CO="1874.03" HC="10.88" NOx="43.86" PMx="2.42" fuel="40.57" electricity="0.00" noise="127.11" route="routeright" type="cfm-fast" waiting="0.00" lane="right_1" pos="38.37" speed="25.32" angle="295.39" x="87.01" y="124.65"/>
        <vehicle id="cfm-fast_5" eclass="HBEFA3/PC_G_EU4" CO2="18909.66" CO="316.52" HC="1.91" NOx="8.42" PMx="0.44" fuel="8.13" electricity="0.00" noise="78.78" route="routetop" type="cfm-fast" waiting="0.00" lane="top_0" pos="1.34" speed="18.30" angle="272.07" x="60.69" y="132.21"/>
        <vehicle id="cfm-slow_0" eclass="HBEFA3/PC_G_EU4" CO2="18763.37" CO="317.67" HC="1.91" NOx="8.38" PMx="0.44" fuel="8.07" electricity="0.00" noise="79.36" route="routetop" type="cfm-slow" waiting="0.00" lane="top_0" pos="15.69" speed="16.90" angle="246.20" x="31.17" y="124.08"/>
        <vehicle id="cfm-slow_1" eclass="HBEFA3/PC_G_EU4" CO2="19337.49" CO="329.36" HC="1.97" NOx="8.65" PMx="0.45" fuel="8.31" electricity="0.00" noise="79.89" route="routetop" type="cfm-slow" waiting="0.00" lane="top_0" pos="31.53" speed="16.93" angle="217.77" x="6.30" y="101.29"/>
        <vehicle id="cfm-slow_2" eclass="HBEFA3/PC_G_EU4" CO2="21444.99" CO="372.17" HC="2.22" NOx="9.64" PMx="0.51" fuel="9.22" electricity="0.00" noise="81.82" route="routetop" type="cfm-slow" waiting="0.00" lane="top_0" pos="47.42" speed="17.10" angle="189.25" x="-4.72" y="69.31"/>
        <vehicle id="cfm-slow_3" eclass="HBEFA3/PC_G_EU4" CO2="27471.85" CO="494.27" HC="2.93" NOx="12.47" PMx="0.67" fuel="11.81" electricity="0.00" noise="87.06" route="routetop" type="cfm-slow" waiting="0.00" lane="left_0" pos="13.49" speed="17.74" angle="160.22" x="1.14" y="35.42"/>
        <vehicle id="cfm-slow_4" eclass="HBEFA3/PC_G_EU4" CO2="39986.72" CO="748.10" HC="4.40" NOx="18.33" PMx="0.99" fuel="17.19" electricity="0.00" noise="96.22" route="routeleft" type="cfm-slow" waiting="0.00" lane="left_0" pos="30.24" speed="19.57" angle="130.05" x="23.75" y="7.87"/>
        <vehicle id="cfm-slow_5" eclass="HBEFA3/PC_G_EU4" CO2="54900.23" CO="1056.13" HC="6.17" NOx="25.28" PMx="1.39" fuel="23.60" electricity="0.00" noise="103.05" route="routeleft" type="cfm-slow" waiting="0.00" lane="left_0" pos="48.96" speed="23.36" angle="96.41" x="61.33" y="-4.90"/>
    </timestep>
    <timestep time="1.90">
        <vehicle id="cfm-fast_0" eclass="HBEFA3/PC_G_EU4" CO2="66101.83" CO="1290.65" HC="7.52" NOx="30.53" PMx="1.68" fuel="28.41" electricity="0.00" noise="108.81" route="routebottom" type="cfm-fast" waiting="0.00" lane="bottom_0" pos="25.26" speed="24.92" angle="48.99" x="112.57" y="15.56"/>
        <vehicle id="cfm-fast_1" eclass="HBEFA3/PC_G_EU4" CO2="94980.05" CO="1887.09" HC="10.95" NOx="44.14" PMx="2.44" fuel="40.83" electricity="0.00" noise="127.18" route="routebottom" type="cfm-fast" waiting="0.00" lane="bottom_1" pos="41.15" speed="25.48" angle="20.48" x="126.46" y="45.71"/>
        <vehicle id="cfm-fast_2" eclass="HBEFA3/PC_G_EU4" CO2="45375.35" CO="858.00" HC="5.03" NOx="20.83" PMx="1.14" fuel="19.50" electricity="0.00" noise="98.57" route="routebottom" type="cfm-fast" waiting="0.00" lane="right_0" pos="5.21" speed="21.21" angle="355.10" x="131.34" y="74.92"/>
        <vehicle id="cfm-fast_3" eclass="HBEFA3/PC_G_EU4" CO2="49082.68" CO="938.38" HC="5.49" NOx="22.51" PMx="1.24" fuel="21.10" electricity="0.00" noise="97.90" route="routebottom" type="cfm-fast" waiting="0.00" lane="right_0" pos="22.66" speed="24.27" angle="323.64" x="115.59" y="108.49"/>
        <vehicle id="cfm-fast_4" eclass="HBEFA3/PC_G_EU4" CO2="94894.50" CO="1885.25" HC="10.94" NOx="44.10" PMx="2.44" fuel="40.79" electricity="0.00" noise="127.17" route="routeright" type="cfm-fast" waiting="0.00" lane="right_1" pos="38.62" speed="25.46" angle="294.97" x="86.52" y="124.83"/>
        <vehicle id="cfm-fast_5" eclass="HBEFA3/PC_G_EU4" CO2="18749.78" CO="313.15" HC="1.89" NOx="8.34" PMx="0.44" fuel="8.06" electricity="0.00" noise="78.63" route="routetop" type="cfm-fast" waiting="0.00" lane="top_0" pos="1.52" speed="18.33" angle="271.74" x="60.29" y="132.18"/>
        <vehicle id="cfm-slow_0" eclass="HBEFA3/PC_G_EU4" CO2="18662.53" CO="315.47" HC="1.89" NOx="8.33" PMx="0.44" fuel="8.02" electricity="0.00" noise="79.24" route="routetop" type="cfm-slow" waiting="0.00" lane="top_0" pos="15.86" speed="16.93" angle="245.90" x="30.85" y="123.90"/>
        <vehicle id="cfm-slow_1" eclass="HBEFA3/PC_G_EU4" CO2="19251.77" CO="327.47" HC="1.96" NOx="8.61" PMx="0.45" fuel="8.28" electricity="0.00" noise="79.79" route="routetop" type="cfm-slow" waiting="0.00" lane="top_0" pos="31.70" speed="16.97" angle="217.47" x="6.10" y="100.98"/>
        <vehicle id="cfm-slow_2" eclass="HBEFA3/PC_G_EU4" CO2="21397.63" CO="371.05" HC="2.22" NOx="9.62" PMx="0.51" fuel="9.20" electricity="0.00" noise="81.75" route="routetop" type="cfm-slow" waiting="0.00" lane="top_0" pos="47.59" speed="17.14" angle="188.95" x="-4.74" y="68.94"/>
        <vehicle id="cfm-slow_3" eclass="HBEFA3/PC_G_EU4" CO2="27486.07" CO="494.41" HC="2.93" NOx="12.47" PMx="0.67" fuel="11.81" electricity="0.00" noise="87.02" route="routetop" type="cfm-slow" waiting="0.00" lane="left_0" pos="13.66" speed="17.79" angle="159.89" x="1.30" y="35.07"/>
        <vehicle id="cfm-slow_4" eclass="HBEFA3/PC_G_EU4" CO2="40028.60" CO="748.87" HC="4.40" NOx="18.35" PMx="0.99" fuel="17.21" electricity="0.00" noise="96.16" route="routeleft" type="cfm-slow" waiting="0.00" lane="left_0" pos="30.44" speed="19.64" angle="129.69" x="24.09" y="7.62"/>
        <vehicle id="cfm-slow_5" eclass="HBEFA3/PC_G_EU4" CO2="54788.90" CO="1054.00" HC="6.16" NOx="25.23" PMx="1.39" fuel="23.55" electricity="0.00" noise="102.87" route="routeleft" type="cfm-slow" waiting="0.00" lane="left_0" pos="49.19" speed="23.44" angle="95.98" x="61.83" y="-4.91"/>
    </timestep>
    <timestep time="1.91">
        <vehicle id="cfm-fast_0" eclass="HBEFA3/PC_G_EU4" CO2="65460.90" CO="1277.75" HC="7.45" NOx="30.23" PMx="1.67" fuel="28.14" electricity="0.00" noise="108.24" route="routebottom" type="cfm-fast" waiting="0.00" lane="bottom_0" pos="25.51" speed="25.01" angle="48.53" x="112.95" y="15.94"/>
        <vehicle id="cfm-fast_1" eclass="HBEFA3/PC_G_EU4" CO2="95501.76" CO="1898.33" HC="11.02" NOx="44.39" PMx="2.45" fuel="41.05" electricity="0.00" noise="127.25" route="routebottom" type="cfm-fast" waiting="0.00" lane="bottom_1" pos="41.40" speed="25.62" angle="20.00" x="126.59" y="46.22"/>
        <vehicle id="cfm-fast_2" eclass="HBEFA3/PC_G_EU4" CO2="45287.10" CO="856.19" HC="5.02" NOx="20.79" PMx="1.13" fuel="19.47" electricity="0.00" noise="98.40" route="routebottom" type="cfm-fast" waiting="0.00" lane="right_0" pos="5.42" speed="21.29" angle="354.70" x="131.26" y="75.37"/>
        <vehicle id="cfm-fast_3" eclass="HBEFA3/PC_G_EU4" CO2="48257.99" CO="921.59" HC="5.40" NOx="22.12" PMx="1.22" fuel="20.74" electricity="0.00" noise="97.26" route="routebottom" type="cfm-fast" waiting="0.00" lane="right_0" pos="22.91" speed="24.34" angle="323.17" x="115.25" y="108.89"/>
        <vehicle id="cfm-fast_4" eclass="HBEFA3/PC_G_EU4" CO2="95416.16" CO="1896.49" HC="11.01" NOx="44.35" PMx="2.45" fuel="41.01" electricity="0.00" noise="127.24" route="routeright" type="cfm-fast" waiting="0.00" lane="right_1" pos="38.88" speed="25.59" angle="294.52" x="86.02" y="125.01"/>
        <vehicle id="cfm-fast_5" eclass="HBEFA3/PC_G_EU4" CO2="18591.10" CO="309.80" HC="1.87" NOx="8.26" PMx="0.43" fuel="7.99" electricity="0.00" noise="78.47" route="routetop" type="cfm-fast" waiting="0.00" lane="top_0" pos="1.71" speed="18.36" angle="271.41" x="59.90" y="132.16"/>
        <vehicle id="cfm-slow_0" eclass="HBEFA3/PC_G_EU4" CO2="18562.21" CO="313.28" HC="1.88" NOx="8.28" PMx="0.43" fuel="7.98" electricity="0.00" noise="79.12" route="routetop" type="cfm-slow" waiting="0.00" lane="top_0" pos="16.03" speed="16.97" angle="245.59" x="30.53" y="123.73"/>
        <vehicle id="cfm-slow_1" eclass="HBEFA3/PC_G_EU4" CO2="19166.81" CO="325.59" HC="1.95" NOx="8.57" PMx="0.45" fuel="8.24" electricity="0.00" noise="79.68" route="routetop" type="cfm-slow" waiting="0.00" lane="top_0" pos="31.87" speed="17.01" angle="217.16" x="5.89" y="100.68"/>
        <vehicle id="cfm-slow_2" eclass="HBEFA3/PC_G_EU4" CO2="21351.23" CO="369.96" HC="2.21" NOx="9.59" PMx="0.51" fuel="9.18" electricity="0.00" noise="81.67" route="routetop" type="cfm-slow" waiting="0.00" lane="top_0" pos="47.76" speed="17.19" angle="188.62" x="-4.77" y="68.57"/>
        <vehicle id="cfm-slow_3" eclass="HBEFA3/PC_G_EU4" CO2="27500.85" CO="494.57" HC="2.93" NOx="12.48" PMx="0.67" fuel="11.82" electricity="0.00" noise="86.98" route="routetop" type="cfm-slow" waiting="0.00" lane="left_0" pos="13.84" speed="17.84" angle="159.55" x="1.46" y="34.72"/>
        <vehicle id="cfm-slow_4" eclass="HBEFA3/PC_G_EU4" CO2="40069.43" CO="749.62" HC="4.41" NOx="18.37" PMx="1.00" fuel="17.22" electricity="0.00" noise="96.11" route="routeleft" type="cfm-slow" waiting="0.00" lane="left_0" pos="30.64" speed="19.72" angle="129.33" x="24.44" y="7.38"/>
        <vehicle id="cfm-slow_5" eclass="HBEFA3/PC_G_EU4" CO2="54672.82" CO="1051.77" HC="6.15" NOx="25.17" PMx="1.38" fuel="23.50" electricity="0.00" noise="102.68" route="routeleft" type="cfm-slow" waiting="0.00" lane="left_0" pos="49.43" speed="23.53" angle="95.55" x="62.34" y="-4.92"/>
    </timestep>
    <timestep time="1.92">
        <vehicle id="cfm-fast_0" eclass="HBEFA3/PC_G_EU4" CO2="64822.32" CO="1264.90" HC="7.37" NOx="29.92" PMx="1.65" fuel="27.86" electricity="0.00" noise="107.69" route="routebottom" type="cfm-fast" waiting="0.00" lane="bottom_0" pos="25.76" speed="25.11" angle="48.13" x="113.32" y="16.33"/>
        <vehicle id="cfm-fast_1" eclass="HBEFA3/PC_G_EU4" CO2="96023.76" CO="1909.60" HC="11.08" NOx="44.63" PMx="2.47" fuel="41.28" electricity="0.00" noise="127.31" route="routebottom" type="cfm-fast" waiting="0.00" lane="bottom_1" pos="41.66" speed="25.75" angle="19.52" x="126.73" y="46.73"/>
        <vehicle id="cfm-fast_2" eclass="HBEFA3/PC_G_EU4" CO2="45192.72" CO="854.25" HC="5.01" NOx="20.75" PMx="1.13" fuel="19.43" electricity="0.00" noise="98.24" route="routebottom" type="cfm-fast" waiting="0.00" lane="right_0" pos="5.64" speed="21.36" angle="354.30" x="131.18" y="75.82"/>
        <vehicle id="cfm-fast_3" eclass="HBEFA3/PC_G_EU4" CO2="47438.02" CO="904.89" HC="5.30" NOx="21.73" PMx="1.20" fuel="20.39" electricity="0.00" noise="96.63" route="routebottom" type="cfm-fast" waiting="0.00" lane="right_0" pos="23.15" speed="24.41" angle="322.80" x="114.91" y="109.28"/>
        <vehicle id="cfm-fast_4" eclass="HBEFA3/PC_G_EU4" CO2="95938.12" CO="1907.75" HC="11.07" NOx="44.59" PMx="2.47" fuel="41.24" electricity="0.00" noise="127.30" route="routeright" type="cfm-fast" waiting="0.00" lane="right_1" pos="39.14" speed="25.73" angle="294.06" x="85.53" y="125.19"/>
        <vehicle id="cfm-fast_5" eclass="HBEFA3/PC_G_EU4" CO2="18433.61" CO="306.49" HC="1.85" NOx="8.19" PMx="0.43" fuel="7.92" electricity="0.00" noise="78.32" route="routetop" type="cfm-fast" waiting="0.00" lane="top_0" pos="1.89" speed="18.40" angle="271.08" x="59.50" y="132.14"/>
        <vehicle id="cfm-slow_0" eclass="HBEFA3/PC_G_EU4" CO2="18462.43" CO="311.10" HC="1.87" NOx="8.24" PMx="0.43" fuel="7.94" electricity="0.00" noise="79.01" route="routetop" type="cfm-slow" waiting="0.00" lane="top_0" pos="16.20" speed="17.00" angle="245.28" x="30.21" y="123.55"/>
        <vehicle id="cfm-slow_1" eclass="HBEFA3/PC_G_EU4" CO2="19082.60" CO="323.73" HC="1.94" NOx="8.53" PMx="0.45" fuel="8.20" electricity="0.00" noise="79.58" route="routetop" type="cfm-slow" waiting="0.00" lane="top_0" pos="32.05" speed="17.04" angle="216.90" x="5.69" y="100.37"/>
        <vehicle id="cfm-slow_2" eclass="HBEFA3/PC_G_EU4" CO2="21305.77" CO="368.89" HC="2.20" NOx="9.57" PMx="0.50" fuel="9.16" electricity="0.00" noise="81.60" route="routetop" type="cfm-slow" waiting="0.00" lane="top_0" pos="47.93" speed="17.23" angle="188.29" x="-4.79" y="68.20"/>
        <vehicle id="cfm-slow_3" eclass="HBEFA3/PC_G_EU4" CO2="27516.20" CO="494.74" HC="2.93" NOx="12.49" PMx="0.67" fuel="11.83" electricity="0.00" noise="86.94" route="routetop" type="cfm-slow" waiting="0.00" lane="left_0" pos="14.02" speed="17.89" angle="159.26" x="1.62" y="34.37"/>
        <vehicle id="cfm-slow_4" eclass="HBEFA3/PC_G_EU4" CO2="40109.18" CO="750.35" HC="4.41" NOx="18.38" PMx="1.00" fuel="17.24" electricity="0.00" noise="96.05" route="routeleft" type="cfm-slow" waiting="0.00" lane="left_0" pos="30.83" speed="19.79" angle="129.03" x="24.78" y="7.13"/>
        <vehicle id="cfm-slow_5" eclass="HBEFA3/PC_G_EU4" CO2="54552.05" CO="1049.45" HC="6.13" NOx="25.11" PMx="1.38" fuel="23.45" electricity="0.00" noise="102.49" route="routeleft" type="cfm-slow" waiting="0.00" lane="left_0" pos="49.66" speed="23.61" angle="95.12" x="62.85" y="-4.93"/>
    </timestep>
    <timestep time="1.93">
        <vehicle id="cfm-fast_0" eclass="HBEFA3/PC_G_EU4" CO2="64186.22" CO="1252.11" HC="7.30" NOx="29.62" PMx="1.63" fuel="27.59" electricity="0.00" noise="107.14" route="routebottom" type="cfm-fast" waiting="0.00" lane="bottom_0" pos="26.02" speed="25.20" angle="47.67" x="113.69" y="16.73"/>
        <vehicle id="cfm-fast_1" eclass="HBEFA3/PC_G_EU4" CO2="96546.06" CO="1920.88" HC="11.15" NOx="44.87" PMx="2.48" fuel="41.50" electricity="0.00" noise="127.38" route="routebottom" type="cfm-fast" waiting="0.00" lane="bottom_1" pos="41.92" speed="25.89" angle="19.04" x="126.86" y="47.24"/>
        <vehicle id="cfm-fast_2" eclass="HBEFA3/PC_G_EU4" CO2="45092.29" CO="852.20" HC="5.00" NOx="20.70" PMx="1.13" fuel="19.38" electricity="0.00" noise="98.07" route="routebottom" type="cfm-fast" waiting="0.00" lane="right_0" pos="5.85" speed="21.44" angle="353.90" x="131.09" y="76.27"/>
        <vehicle id="cfm-fast_3" eclass="HBEFA3/PC_G_EU4" CO2="46622.95" CO="888.29" HC="5.20" NOx="21.35" PMx="1.17" fuel="20.04" electricity="0.00" noise="96.01" route="routebottom" type="cfm-fast" waiting="0.00" lane="right_0" pos="23.40" speed="24.47" angle="322.36" x="114.55" y="109.67"/>
        <vehicle id="cfm-fast_4" eclass="HBEFA3/PC_G_EU4" CO2="96460.36" CO="1919.03" HC="11.14" NOx="44.83" PMx="2.48" fuel="41.46" electricity="0.00" noise="127.37" route="routeright" type="cfm-fast" waiting="0.00" lane="right_1" pos="39.40" speed="25.87" angle="293.60" x="85.03" y="125.37"/>
        <vehicle id="cfm-fast_5" eclass="HBEFA3/PC_G_EU4" CO2="18277.33" CO="303.20" HC="1.83" NOx="8.11" PMx="0.43" fuel="7.86" electricity="0.00" noise="78.17" route="routetop" type="cfm-fast" waiting="0.00" lane="top_0" pos="2.08" speed="18.43" angle="270.75" x="59.11" y="132.12"/>
        <vehicle id="cfm-slow_0" eclass="HBEFA3/PC_G_EU4" CO2="18363.20" CO="308.93" HC="1.86" NOx="8.19" PMx="0.43" fuel="7.89" electricity="0.00" noise="78.89" route="routetop" type="cfm-slow" waiting="0.00" lane="top_0" pos="16.37" speed="17.04" angle="244.98" x="29.89" y="123.37"/>
        <vehicle id="cfm-slow_1" eclass="HBEFA3/PC_G_EU4" CO2="18999.17" CO="321.88" HC="1.93" NOx="8.49" PMx="0.44" fuel="8.17" electricity="0.00" noise="79.48" route="routetop" type="cfm-slow" waiting="0.00" lane="top_0" pos="32.22" speed="17.08" angle="216.59" x="5.50" y="100.06"/>
        <vehicle id="cfm-slow_2" eclass="HBEFA3/PC_G_EU4" CO2="21261.28" CO="367.83" HC="2.20" NOx="9.55" PMx="0.50" fuel="9.14" electricity="0.00" noise="81.53" route="routetop" type="cfm-slow" waiting="0.00" lane="top_0" pos="48.11" speed="17.27" angle="187.96" x="-4.81" y="67.83"/>
        <vehicle id="cfm-slow_3" eclass="HBEFA3/PC_G_EU4" CO2="27532.10" CO="494.93" HC="2.93" NOx="12.49" PMx="0.67" fuel="11.83" electricity="0.00" noise="86.91" route="routetop" type="cfm-slow" waiting="0.00" lane="left_0" pos="14.20" speed="17.95" angle="158.95" x="1.78" y="34.02"/>
        <vehicle id="cfm-slow_4" eclass="HBEFA3/PC_G_EU4" CO2="40147.83" CO="751.07" HC="4.41" NOx="18.40" PMx="1.00" fuel="17.26" electricity="0.00" noise="95.99" route="routeleft" type="cfm-slow" waiting="0.00" lane="left_0" pos="31.03" speed="19.86" angle="128.67" x="25.14" y="6.89"/>
        <vehicle id="cfm-slow_5" eclass="HBEFA3/PC_G_EU4" CO2="54426.70" CO="1047.04" HC="6.12" NOx="25.05" PMx="1.38" fuel="23.40" electricity="0.00" noise="102.30" route="routeleft" type="cfm-slow" waiting="0.00" lane="left_0" pos="49.90" speed="23.69" angle="94.69" x="63.36" y="-4.95"/>
    </timestep>
    <timestep time="1.94">
        <vehicle id="cfm-fast_0" eclass="HBEFA3/PC_G_EU4" CO2="63552.69" CO="1239.38" HC="7.22" NOx="29.32" PMx="1.62" fuel="27.32" electricity="0.00" noise="106.61" route="routebottom" type="cfm-fast" waiting="0.00" lane="bottom_0" pos="26.27" speed="25.29" angle="47.21" x="114.06" y="17.13"/>
        <vehicle id="cfm-fast_1" eclass="HBEFA3/PC_G_EU4" CO2="97068.64" CO="1932.19" HC="11.21" NOx="45.12" PMx="2.50" fuel="41.72" electricity="0.00" noise="127.44" route="routebottom" type="cfm-fast" waiting="0.00" lane="bottom_1" pos="42.18" speed="26.02" angle="18.55" x="127.00" y="47.76"/>
        <vehicle id="cfm-fast_2" eclass="HBEFA3/PC_G_EU4" CO2="44985.89" CO="850.03" HC="4.99" NOx="20.64" PMx="1.13" fuel="19.34" electricity="0.00" noise="97.89" route="routebottom" type="cfm-fast" waiting="0.00" lane="right_0" pos="6.06" speed="21.51" angle="353.50" x="131.01" y="76.73"/>
        <vehicle id="cfm-fast_3" eclass="HBEFA3/PC_G_EU4" CO2="45812.94" CO="871.79" HC="5.11" NOx="20.96" PMx="1.15" fuel="19.69" electricity="0.00" noise="95.40" route="routebottom" type="cfm-fast" waiting="0.00" lane="right_0" pos="23.64" speed="24.54" angle="321.92" x="114.19" y="110.06"/>
        <vehicle id="cfm-fast_4" eclass="HBEFA3/PC_G_EU4" CO2="96982.90" CO="1930.33" HC="11.20" NOx="45.08" PMx="2.49" fuel="41.69" electricity="0.00" noise="127.43" route="routeright" type="cfm-fast" waiting="0.00" lane="right_1" pos="39.66" speed="26.00" angle="293.16" x="84.53" y="125.55"/>
        <vehicle id="cfm-fast_5" eclass="HBEFA3/PC_G_EU4" CO2="18122.25" CO="299.93" HC="1.81" NOx="8.04" PMx="0.42" fuel="7.79" electricity="0.00" noise="78.03" route="routetop" type="cfm-fast" waiting="0.00" lane="top_0" pos="2.26" speed="18.46" angle="270.42" x="58.71" y="132.09"/>
        <vehicle id="cfm-slow_0" eclass="HBEFA3/PC_G_EU4" CO2="18264.53" CO="306.78" HC="1.85" NOx="8.14" PMx="0.43" fuel="7.85" electricity="0.00" noise="78.78" route="routetop" type="cfm-slow" waiting="0.00" lane="top_0" pos="16.54" speed="17.07" angle="244.68" x="29.57" y="123.19"/>
        <vehicle id="cfm-slow_1" eclass="HBEFA3/PC_G_EU4" CO2="18916.51" CO="320.06" HC="1.92" NOx="8.45" PMx="0.44" fuel="8.13" electricity="0.00" noise="79.38" route="routetop" type="cfm-slow" waiting="0.00" lane="top_0" pos="32.39" speed="17.12" angle="216.26" x="5.31" y="99.74"/>
        <vehicle id="cfm-slow_2" eclass="HBEFA3/PC_G_EU4" CO2="21217.74" CO="366.81" HC="2.19" NOx="9.53" PMx="0.50" fuel="9.12" electricity="0.00" noise="81.46" route="routetop" type="cfm-slow" waiting="0.00" lane="top_0" pos="48.28" speed="17.31" angle="187.63" x="-4.83" y="67.46"/>
        <vehicle id="cfm-slow_3" eclass="HBEFA3/PC_G_EU4" CO2="27548.54" CO="495.13" HC="2.93" NOx="12.50" PMx="0.67" fuel="11.84" electricity="0.00" noise="86.87" route="routetop" type="cfm-slow" waiting="0.00" lane="left_0" pos="14.38" speed="18.00" angle="158.61" x="1.96" y="33.67"/>
        <vehicle id="cfm-slow_4" eclass="HBEFA3/PC_G_EU4" CO2="40185.36" CO="751.77" HC="4.42" NOx="18.42" PMx="1.00" fuel="17.27" electricity="0.00" noise="95.93" route="routeleft" type="cfm-slow" waiting="0.00" lane="left_0" pos="31.23" speed="19.93" angle="128.31" x="25.50" y="6.66"/>
        <vehicle id="cfm-slow_5" eclass="HBEFA3/PC_G_EU4" CO2="54296.83" CO="1044.54" HC="6.10" NOx="24.99" PMx="1.37" fuel="23.34" electricity="0.00" noise="102.11" route="routebottom" type="cfm-slow" waiting="0.00" lane="bottom_0" pos="0.14" speed="23.77" angle="94.22" x="64.06" y="-4.94"/>
    </timestep>
    <timestep time="1.95">
        <vehicle id="cfm-fast_0" eclass="HBEFA3/PC_G_EU4" CO2="62921.84" CO="1226.70" HC="7.15" NOx="29.02" PMx="1.60" fuel="27.05" electricity="0.00" noise="106.07" route="routebottom" type="cfm-fast" waiting="0.00" lane="bottom_0" pos="26.52" speed="25.37" angle="46.75" x="114.43" y="17.53"/>
        <vehicle id="cfm-fast_1" eclass="HBEFA3/PC_G_EU4" CO2="97591.52" CO="1943.52" HC="11.28" NOx="45.36" PMx="2.51" fuel="41.95" electricity="0.00" noise="127.51" route="routebottom" type="cfm-fast" waiting="0.00" lane="bottom_1" pos="42.44" speed="26.16" angle="18.14" x="127.13" y="48.28"/>
        <vehicle id="cfm-fast_2" eclass="HBEFA3/PC_G_EU4" CO2="44873.60" CO="847.74" HC="4.97" NOx="20.59" PMx="1.12" fuel="19.29" electricity="0.00" noise="97.72" route="routebottom" type="cfm-fast" waiting="0.00" lane="right_0" pos="6.28" speed="21.58" angle="353.11" x="130.93" y="77.18"/>
        <vehicle id="cfm-fast_3" eclass="HBEFA3/PC_G_EU4" CO2="45008.15" CO="855.41" HC="5.01" NOx="20.58" PMx="1.13" fuel="19.35" electricity="0.00" noise="94.79" route="routebottom" type="cfm-fast" waiting="0.00" lane="right_0" pos="23.89" speed="24.60" angle="321.47" x="113.83" y="110.45"/>
        <vehicle id="cfm-fast_4" eclass="HBEFA3/PC_G_EU4" CO2="97505.73" CO="1941.66" HC="11.27" NOx="45.32" PMx="2.51" fuel="41.91" electricity="0.00" noise="127.50" route="routeright" type="cfm-fast" waiting="0.00" lane="right_1" pos="39.92" speed="26.14" angle="292.72" x="84.02" y="125.72"/>
        <vehicle id="cfm-fast_5" eclass="HBEFA3/PC_G_EU4" CO2="17968.39" CO="296.69" HC="1.79" NOx="7.97" PMx="0.42" fuel="7.72" electricity="0.00" noise="77.88" route="routetop" type="cfm-fast" waiting="0.00" lane="top_0" pos="2.44" speed="18.49" angle="270.09" x="58.31" y="132.07"/>
        <vehicle id="cfm-slow_0" eclass="HBEFA3/PC_G_EU4" CO2="18166.41" CO="304.65" HC="1.83" NOx="8.09" PMx="0.42" fuel="7.81" electricity="0.00" noise="78.67" route="routetop" type="cfm-slow" waiting="0.00" lane="top_0" pos="16.71" speed="17.11" angle="244.41" x="29.25" y="123.01"/>
        <vehicle id="cfm-slow_1" eclass="HBEFA3/PC_G_EU4" CO2="18834.65" CO="318.25" HC="1.91" NOx="8.41" PMx="0.44" fuel="8.10" electricity="0.00" noise="79.28" route="routetop" type="cfm-slow" waiting="0.00" lane="top_0" pos="32.56" speed="17.15" angle="215.94" x="5.12" y="99.43"/>
        <vehicle id="cfm-slow_2" eclass="HBEFA3/PC_G_EU4" CO2="21175.16" CO="365.80" HC="2.19" NOx="9.51" PMx="0.50" fuel="9.10" electricity="0.00" noise="81.39" route="routetop" type="cfm-slow" waiting="0.00" lane="top_0" pos="48.45" speed="17.35" angle="187.30" x="-4.85" y="67.09"/>
        <vehicle id="cfm-slow_3" eclass="HBEFA3/PC_G_EU4" CO2="27565.52" CO="495.34" HC="2.94" NOx="12.51" PMx="0.67" fuel="11.85" electricity="0.00" noise="86.84" route="routetop" type="cfm-slow" waiting="0.00" lane="left_0" pos="14.56" speed="18.05" angle="158.27" x="2.13" y="33.33"/>
        <vehicle id="cfm-slow_4" eclass="HBEFA3/PC_G_EU4" CO2="40221.76" CO="752.45" HC="4.42" NOx="18.43" PMx="1.00" fuel="17.29" electricity="0.00" noise="95.87" route="routeleft" type="cfm-slow" waiting="0.00" lane="left_0" pos="31.43" speed="20.00" angle="127.95" x="25.85" y="6.42"/>
        <vehicle id="cfm-slow_5" eclass="HBEFA3/PC_G_EU4" CO2="54162.54" CO="1041.95" HC="6.09" NOx="24.92" PMx="1.37" fuel="23.28" electricity="0.00" noise="101.92" route="routebottom" type="cfm-slow" waiting="0.00" lane="bottom_0" pos="0.38" speed="23.85" angle="93.79" x="64.57" y="-4.93"/>
    </timestep>
    <timestep time="1.96">
        <vehicle id="cfm-fast_0" eclass="HBEFA3/PC_G_EU4" CO2="62293.76" CO="1214.08" HC="7.08" NOx="28.72" PMx="1.59" fuel="26.78" electricity="0.00" noise="105.55" route="routebottom" type="cfm-fast" waiting="0.00" lane="bottom_0" pos="26.78" speed="25.46" angle="46.28" x="114.80" y="17.93"/>
        <vehicle id="cfm-fast_1" eclass="HBEFA3/PC_G_EU4" CO2="98114.69" CO="1954.86" HC="11.34" NOx="45.60" PMx="2.52" fuel="42.17" electricity="0.00" noise="127.57" route="routebottom" type="cfm-fast" waiting="0.00" lane="bottom_1" pos="42.70" speed="26.30" angle="17.68" x="127.25" y="48.80"/>
        <vehicle id="cfm-fast_2" eclass="HBEFA3/PC_G_EU4" CO2="44755.50" CO="845.34" HC="4.96" NOx="20.53" PMx="1.12" fuel="19.24" electricity="0.00" noise="97.54" route="routebottom" type="cfm-fast" waiting="0.00" lane="right_0" pos="6.50" speed="21.66" angle="352.75" x="130.83" y="77.64"/>
        <vehicle id="cfm-fast_3" eclass="HBEFA3/PC_G_EU4" CO2="44208.73" CO="839.13" HC="4.92" NOx="20.20" PMx="1.11" fuel="19.00" electricity="0.00" noise="94.19" route="routebottom" type="cfm-fast" waiting="0.00" lane="right_0" pos="24.13" speed="24.66" angle="321.03" x="113.47" y="110.83"/>
        <vehicle id="cfm-fast_4" eclass="HBEFA3/PC_G_EU4" CO2="98028.86" CO="1953.00" HC="11.33" NOx="45.56" PMx="2.52" fuel="42.14" electricity="0.00" noise="127.56" route="routeright" type="cfm-fast" waiting="0.00" lane="right_1" pos="40.18" speed="26.27" angle="292.23" x="83.51" y="125.88"/>
        <vehicle id="cfm-fast_5" eclass="HBEFA3/PC_G_EU4" CO2="17815.74" CO="293.48" HC="1.77" NOx="7.89" PMx="0.41" fuel="7.66" electricity="0.00" noise="77.74" route="routetop" type="cfm-fast" waiting="0.00" lane="top_0" pos="2.63" speed="18.52" angle="269.78" x="57.92" y="132.04"/>
        <vehicle id="cfm-slow_0" eclass="HBEFA3/PC_G_EU4" CO2="18068.87" CO="302.52" HC="1.82" NOx="8.05" PMx="0.42" fuel="7.77" electricity="0.00" noise="78.56" route="routetop" type="cfm-slow" waiting="0.00" lane="top_0" pos="16.89" speed="17.14" angle="244.10" x="28.93" y="122.82"/>
        <vehicle id="cfm-slow_1" eclass="HBEFA3/PC_G_EU4" CO2="18753.57" CO="316.46" HC="1.90" NOx="8.37" PMx="0.44" fuel="8.06" electricity="0.00" noise="79.18" route="routetop" type="cfm-slow" waiting="0.00" lane="top_0" pos="32.73" speed="17.19" angle="215.61" x="4.93" y="99.11"/>
        <vehicle id="cfm-slow_2" eclass="HBEFA3/PC_G_EU4" CO2="21133.55" CO="364.81" HC="2.18" NOx="9.49" PMx="0.50" fuel="9.08" electricity="0.00" noise="81.32" route="routetop" type="cfm-slow" waiting="0.00" lane="top_0" pos="48.63" speed="17.39" angle="186.97" x="-4.87" y="66.71"/>
        <vehicle id="cfm-slow_3" eclass="HBEFA3/PC_G_EU4" CO2="27583.03" CO="495.56" HC="2.94" NOx="12.51" PMx="0.67" fuel="11.86" electricity="0.00" noise="86.80" route="routetop" type="cfm-slow" waiting="0.00" lane="left_0" pos="14.74" speed="18.10" angle="157.93" x="2.31" y="32.98"/>
        <vehicle id="cfm-slow_4" eclass="HBEFA3/PC_G_EU4" CO2="40256.99" CO="753.11" HC="4.43" NOx="18.45" PMx="1.00" fuel="17.30" electricity="0.00" noise="95.82" route="routeleft" type="cfm-slow" waiting="0.00" lane="left_0" pos="31.63" speed="20.07" angle="127.59" x="26.21" y="6.18"/>
        <vehicle id="cfm-slow_5" eclass="HBEFA3/PC_G_EU4" CO2="54023.92" CO="1039.28" HC="6.07" NOx="24.85" PMx="1.37" fuel="23.22" electricity="0.00" noise="101.73" route="routebottom" type="cfm-slow" waiting="0.00" lane="bottom_0" pos="0.62" speed="23.93" angle="93.36" x="65.08" y="-4.92"/>
    </timestep>
    <timestep time="1.97">
        <vehicle id="cfm-fast_0" eclass="HBEFA3/PC_G_EU4" CO2="61668.55" CO="1201.52" HC="7.00" NOx="28.42" PMx="1.57" fuel="26.51" electricity="0.00" noise="105.03" route="routebottom" type="cfm-fast" waiting="0.00" lane="bottom_0" pos="27.03" speed="25.55" angle="45.88" x="115.17" y="18.34"/>
        <vehicle id="cfm-fast_1" eclass="HBEFA3/PC_G_EU4" CO2="98638.16" CO="1966.24" HC="11.41" NOx="45.85" PMx="2.54" fuel="42.40" electricity="0.00" noise="127.64" route="routebottom" type="cfm-fast" waiting="0.00" lane="bottom_1" pos="42.97" speed="26.43" angle="17.21" x="127.37" y="49.33"/>
        <vehicle id="cfm-fast_2" eclass="HBEFA3/PC_G_EU4" CO2="44631.69" CO="842.82" HC="4.94" NOx="20.47" PMx="1.12" fuel="19.18" electricity="0.00" noise="97.36" route="routebottom" type="cfm-fast" waiting="0.00" lane="right_0" pos="6.71" speed="21.73" angle="352.34" x="130.73" y="78.10"/>
        <vehicle id="cfm-fast_3" eclass="HBEFA3/PC_G_EU4" CO2="43414.83" CO="822.96" HC="4.83" NOx="19.83" PMx="1.09" fuel="18.66" electricity="0.00" noise="93.60" route="routebottom" type="cfm-fast" waiting="0.00" lane="right_0" pos="24.38" speed="24.72" angle="320.64" x="113.11" y="111.22"/>
        <vehicle id="cfm-fast_4" eclass="HBEFA3/PC_G_EU4" CO2="98552.27" CO="1964.37" HC="11.40" NOx="45.81" PMx="2.54" fuel="42.36" electricity="0.00" noise="127.63" route="routeright" type="cfm-fast" waiting="0.00" lane="right_1" pos="40.44" speed="26.41" angle="291.73" x="82.99" y="126.04"/>
        <vehicle id="cfm-fast_5" eclass="HBEFA3/PC_G_EU4" CO2="17664.31" CO="290.30" HC="1.76" NOx="7.82" PMx="0.41" fuel="7.59" electricity="0.00" noise="77.60" route="routetop" type="cfm-fast" waiting="0.00" lane="top_0" pos="2.82" speed="18.55" angle="269.45" x="57.52" y="132.00"/>
        <vehicle id="cfm-slow_0" eclass="HBEFA3/PC_G_EU4" CO2="17971.91" CO="300.41" HC="1.81" NOx="8.00" PMx="0.42" fuel="7.73" electricity="0.00" noise="78.45" route="routetop" type="cfm-slow" waiting="0.00" lane="top_0" pos="17.06" speed="17.18" angle="243.79" x="28.61" y="122.63"/>
        <vehicle id="cfm-slow_1" eclass="HBEFA3/PC_G_EU4" CO2="18673.30" CO="314.69" HC="1.89" NOx="8.33" PMx="0.44" fuel="8.03" electricity="0.00" noise="79.09" route="routetop" type="cfm-slow" waiting="0.00" lane="top_0" pos="32.90" speed="17.22" angle="215.29" x="4.74" y="98.79"/>
        <vehicle id="cfm-slow_2" eclass="HBEFA3/PC_G_EU4" CO2="21092.89" CO="363.85" HC="2.18" NOx="9.47" PMx="0.50" fuel="9.07" electricity="0.00" noise="81.26" route="routetop" type="cfm-slow" waiting="0.00" lane="top_0" pos="48.80" speed="17.43" angle="186.70" x="-4.89" y="66.34"/>
        <vehicle id="cfm-slow_3" eclass="HBEFA3/PC_G_EU4" CO2="27601.06" CO="495.80" HC="2.94" NOx="12.52" PMx="0.67" fuel="11.86" electricity="0.00" noise="86.77" route="routetop" type="cfm-slow" waiting="0.00" lane="left_0" pos="14.92" speed="18.16" angle="157.59" x="2.48" y="32.63"/>
        <vehicle id="cfm-slow_4" eclass="HBEFA3/PC_G_EU4" CO2="40291.04" CO="753.74" HC="4.43" NOx="18.46" PMx="1.00" fuel="17.32" electricity="0.00" noise="95.76" route="routeleft" type="cfm-slow" waiting="0.00" lane="left_0" pos="31.83" speed="20.14" angle="127.23" x="26.58" y="5.94"/>
        <vehicle id="cfm-slow_5" eclass="HBEFA3/PC_G_EU4" CO2="53881.03" CO="1036.53" HC="6.06" NOx="24.78" PMx="1.36" fuel="23.16" electricity="0.00" noise="101.53" route="routebottom" type="cfm-slow" waiting="0.00" lane="bottom_0" pos="0.86" speed="24.01" angle="92.92" x="65.60" y="-4.91"/>
    </timestep>
    <timestep time="1.98">
        <vehicle id="cfm-fast_0" eclass="HBEFA3/PC_G_EU4" CO2="61046.29" CO="1189.02" HC="6.93" NOx="28.13" PMx="1.55" fuel="26.24" electricity="0.00" noise="104.52" route="routebottom" type="cfm-fast" waiting="0.00" lane="bottom_0" pos="27.29" speed="25.63" angle="45.40" x="115.53" y="18.76"/>
        <vehicle id="cfm-fast_1" eclass="HBEFA3/PC_G_EU4" CO2="99161.91" CO="1977.63" HC="11.47" NOx="46.09" PMx="2.55" fuel="42.62" electricity="0.00" noise="127.70" route="routebottom" type="cfm-fast" waiting="0.00" lane="bottom_1" pos="43.23" speed="26.57" angle="16.75" x="127.49" y="49.86"/>
        <vehicle id="cfm-fast_2" eclass="HBEFA3/PC_G_EU4" CO2="44502.24" CO="840.20" HC="4.93" NOx="20.41" PMx="1.11" fuel="19.13" electricity="0.00" noise="97.17" route="routebottom" type="cfm-fast" waiting="0.00" lane="right_0" pos="6.93" speed="21.80" angle="351.93" x="130.63" y="78.55"/>
        <vehicle id="cfm-fast_3" eclass="HBEFA3/PC_G_EU4" CO2="42626.58" CO="806.91" HC="4.73" NOx="19.46" PMx="1.07" fuel="18.32" electricity="0.00" noise="93.02" route="routebottom" type="cfm-fast" waiting="0.00" lane="right_0" pos="24.63" speed="24.78" angle="320.18" x="112.73" y="111.60"/>
        <vehicle id="cfm-fast_4" eclass="HBEFA3/PC_G_EU4" CO2="99075.98" CO="1975.76" HC="11.46" NOx="46.05" PMx="2.55" fuel="42.59" electricity="0.00" noise="127.69" route="routeright" type="cfm-fast" waiting="0.00" lane="right_1" pos="40.71" speed="26.55" angle="291.24" x="82.47" y="126.20"/>
        <vehicle id="cfm-fast_5" eclass="HBEFA3/PC_G_EU4" CO2="17514.10" CO="287.14" HC="1.74" NOx="7.75" PMx="0.41" fuel="7.53" electricity="0.00" noise="77.46" route="routetop" type="cfm-fast" waiting="0.00" lane="top_0" pos="3.00" speed="18.58" angle="269.11" x="57.12" y="131.96"/>
        <vehicle id="cfm-slow_0" eclass="HBEFA3/PC_G_EU4" CO2="17875.54" CO="298.32" HC="1.80" NOx="7.95" PMx="0.42" fuel="7.68" electricity="0.00" noise="78.34" route="routetop" type="cfm-slow" waiting="0.00" lane="top_0" pos="17.23" speed="17.21" angle="243.48" x="28.29" y="122.44"/>
        <vehicle id="cfm-slow_1" eclass="HBEFA3/PC_G_EU4" CO2="18593.83" CO="312.94" HC="1.88" NOx="8.29" PMx="0.43" fuel="7.99" electricity="0.00" noise="78.99" route="routetop" type="cfm-slow" waiting="0.00" lane="top_0" pos="33.08" speed="17.26" angle="214.96" x="4.55" y="98.47"/>
        <vehicle id="cfm-slow_2" eclass="HBEFA3/PC_G_EU4" CO2="21053.20" CO="362.91" HC="2.17" NOx="9.45" PMx="0.50" fuel="9.05" electricity="0.00" noise="81.19" route="routetop" type="cfm-slow" waiting="0.00" lane="top_0" pos="48.98" speed="17.47" angle="186.38" x="-4.90" y="65.96"/>
        <vehicle id="cfm-slow_3" eclass="HBEFA3/PC_G_EU4" CO2="27619.59" CO="496.05" HC="2.94" NOx="12.53" PMx="0.67" fuel="11.87" electricity="0.00" noise="86.74" route="routetop" type="cfm-slow" waiting="0.00" lane="left_0" pos="15.11" speed="18.21" angle="157.25" x="2.66" y="32.28"/>
        <vehicle id="cfm-slow_4" eclass="HBEFA3/PC_G_EU4" CO2="40323.89" CO="754.36" HC="4.43" NOx="18.47" PMx="1.00" fuel="17.33" electricity="0.00" noise="95.70" route="routeleft" type="cfm-slow" waiting="0.00" lane="left_0" pos="32.04" speed="20.21" angle="126.91" x="26.94" y="5.70"/>
        <vehicle id="cfm-slow_5" eclass="HBEFA3/PC_G_EU4" CO2="53733.98" CO="1033.69" HC="6.04" NOx="24.71" PMx="1.36" fuel="23.10" electricity="0.00" noise="101.34" route="routebottom" type="cfm-slow" waiting="0.00" lane="bottom_0" pos="1.10" speed="24.09" angle="92.49" x="66.12" y="-4.90"/>
    </timestep>
    <timestep time="1.99">
        <vehicle id="cfm-fast_0" eclass="HBEFA3/PC_G_EU4" CO2="60427.05" CO="1176.59" HC="6.86" NOx="27.83" PMx="1.54" fuel="25.97" electricity="0.00" noise="104.02" route="routebottom" type="cfm-fast" waiting="0.00" lane="bottom_0" pos="27.55" speed="25.72" angle="44.92" x="115.88" y="19.18"/>
        <vehicle id="cfm-fast_1" eclass="HBEFA3/PC_G_EU4" CO2="99685.96" CO="1989.04" HC="11.54" NOx="46.34" PMx="2.57" fuel="42.85" electricity="0.00" noise="127.77" route="routebottom" type="cfm-fast" waiting="0.00" lane="bottom_1" pos="43.50" speed="26.71" angle="16.29" x="127.61" y="50.40"/>
        <vehicle id="cfm-fast_2" eclass="HBEFA3/PC_G_EU4" CO2="44367.25" CO="837.46" HC="4.91" NOx="20.34" PMx="1.11" fuel="19.07" electricity="0.00" noise="96.99" route="routebottom" type="cfm-fast" waiting="0.00" lane="right_0" pos="7.15" speed="21.87" angle="351.52" x="130.52" y="79.01"/>
        <vehicle id="cfm-fast_3" eclass="HBEFA3/PC_G_EU4" CO2="41844.11" CO="790.98" HC="4.64" NOx="19.09" PMx="1.05" fuel="17.99" electricity="0.00" noise="92.45" route="routebottom" type="cfm-fast" waiting="0.00" lane="right_0" pos="24.88" speed="24.84" angle="319.71" x="112.35" y="111.98"/>
        <vehicle id="cfm-fast_4" eclass="HBEFA3/PC_G_EU4" CO2="99599.98" CO="1987.17" HC="11.53" NOx="46.30" PMx="2.56" fuel="42.81" electricity="0.00" noise="127.76" route="routeright" type="cfm-fast" waiting="0.00" lane="right_1" pos="40.98" speed="26.68" angle="290.77" x="81.95" y="126.36"/>
        <vehicle id="cfm-fast_5" eclass="HBEFA3/PC_G_EU4" CO2="17365.11" CO="284.01" HC="1.72" NOx="7.68" PMx="0.40" fuel="7.46" electricity="0.00" noise="77.33" route="routetop" type="cfm-fast" waiting="0.00" lane="top_0" pos="3.19" speed="18.61" angle="268.78" x="56.72" y="131.92"/>
        <vehicle id="cfm-slow_0" eclass="HBEFA3/PC_G_EU4" CO2="17779.76" CO="296.23" HC="1.79" NOx="7.91" PMx="0.41" fuel="7.64" electricity="0.00" noise="78.23" route="routetop" type="cfm-slow" waiting="0.00" lane="top_0" pos="17.40" speed="17.24" angle="243.17" x="27.98" y="122.25"/>
        <vehicle id="cfm-slow_1" eclass="HBEFA3/PC_G_EU4" CO2="18515.18" CO="311.21" HC="1.87" NOx="8.25" PMx="0.43" fuel="7.96" electricity="0.00" noise="78.90" route="routetop" type="cfm-slow" waiting="0.00" lane="top_0" pos="33.25" speed="17.29" angle="214.65" x="4.36" y="98.15"/>
        <vehicle id="cfm-slow_2" eclass="HBEFA3/PC_G_EU4" CO2="21014.47" CO="361.99" HC="2.17" NOx="9.43" PMx="0.50" fuel="9.03" electricity="0.00" noise="81.13" route="routetop" type="cfm-slow" waiting="0.00" lane="top_0" pos="49.15" speed="17.51" angle="186.06" x="-4.91" y="65.59"/>
        <vehicle id="cfm-slow_3" eclass="HBEFA3/PC_G_EU4" CO2="27638.63" CO="496.32" HC="2.94" NOx="12.54" PMx="0.67" fuel="11.88" electricity="0.00" noise="86.71" route="routetop" type="cfm-slow" waiting="0.00" lane="left_0" pos="15.29" speed="18.26" angle="156.94" x="2.83" y="31.93"/>
        <vehicle id="cfm-slow_4" eclass="HBEFA3/PC_G_EU4" CO2="40355.52" CO="754.96" HC="4.44" NOx="18.49" PMx="1.00" fuel="17.35" electricity="0.00" noise="95.64" route="routeleft" type="cfm-slow" waiting="0.00" lane="left_0" pos="32.24" speed="20.28" angle="126.55" x="27.31" y="5.47"/>
        <vehicle id="cfm-slow_5" eclass="HBEFA3/PC_G_EU4" CO2="53582.83" CO="1030.77" HC="6.02" NOx="24.64" PMx="1.36" fuel="23.03" electricity="0.00" noise="101.14" route="routebottom" type="cfm-slow" waiting="0.00" lane="bottom_0" pos="1.34" speed="24.17" angle="92.07" x="66.64" y="-4.88"/>
    </timestep>
    <timestep time="2.00">
        <vehicle id="cfm-fast_0" eclass="HBEFA3/PC_G_EU4" CO2="59810.91" CO="1164.22" HC="6.79" NOx="27.54" PMx="1.52" fuel="25.71" electricity="0.00" noise="103.53" route="routebottom" type="cfm-fast" waiting="0.00" lane="bottom_0" pos="27.80" speed="25.80" angle="44.43" x="116.24" y="19.61"/>
        <vehicle id="cfm-fast_1" eclass="HBEFA3/PC_G_EU4" CO2="100210.30" CO="2000.48" HC="11.60" NOx="46.58" PMx="2.58" fuel="43.08" electricity="0.00" noise="127.83" route="routebottom" type="cfm-fast" waiting="0.00" lane="bottom_1" pos="43.77" speed="26.84" angle="15.82" x="127.72" y="50.94"/>
        <vehicle id="cfm-fast_2" eclass="HBEFA3/PC_G_EU4" CO2="44226.79" CO="834.61" HC="4.90" NOx="20.28" PMx="1.11" fuel="19.01" electricity="0.00" noise="96.80" route="routebottom" type="cfm-fast" waiting="0.00" lane="right_0" pos="7.37" speed="21.94" angle="351.11" x="130.42" y="79.47"/>
        <vehicle id="cfm-fast_3" eclass="HBEFA3/PC_G_EU4" CO2="41067.54" CO="775.17" HC="4.55" NOx="18.72" PMx="1.03" fuel="17.65" electricity="0.00" noise="91.89" route="routebottom" type="cfm-fast" waiting="0.00" lane="right_0" pos="25.13" speed="24.90" angle="319.25" x="111.97" y="112.36"/>
        <vehicle id="cfm-fast_4" eclass="HBEFA3/PC_G_EU4" CO2="100124.27" CO="1998.60" HC="11.59" NOx="46.54" PMx="2.58" fuel="43.04" electricity="0.00" noise="127.82" route="routeright" type="cfm-fast" waiting="0.00" lane="right_1" pos="41.25" speed="26.82" angle="290.30" x="81.42" y="126.51"/>
        <vehicle id="cfm-fast_5" eclass="HBEFA3/PC_G_EU4" CO2="17217.35" CO="280.91" HC="1.70" NOx="7.61" PMx="0.40" fuel="7.40" electricity="0.00" noise="77.19" route="routetop" type="cfm-fast" waiting="0.00" lane="top_0" pos="3.37" speed="18.64" angle="268.45" x="56.32" y="131.87"/>
        <vehicle id="cfm-slow_0" eclass="HBEFA3/PC_G_EU4" CO2="17684.59" CO="294.17" HC="1.77" NOx="7.86" PMx="0.41" fuel="7.60" electricity="0.00" noise="78.13" route="routetop" type="cfm-slow" waiting="0.00" lane="top_0" pos="17.57" speed="17.28" angle="242.86" x="27.66" y="122.06"/>
        <vehicle id="cfm-slow_1" eclass="HBEFA3/PC_G_EU4" CO2="18437.35" CO="309.50" HC="1.86" NOx="8.22" PMx="0.43" fuel="7.93" electricity="0.00" noise="78.81" route="routetop" type="cfm-slow" waiting="0.00" lane="top_0" pos="33.42" speed="17.33" angle="214.38" x="4.17" y="97.83"/>
        <vehicle id="cfm-slow_2" eclass="HBEFA3/PC_G_EU4" CO2="20976.70" CO="361.09" HC="2.16" NOx="9.41" PMx="0.50" fuel="9.02" electricity="0.00" noise="81.07" route="routetop" type="cfm-slow" waiting="0.00" lane="top_0" pos="49.33" speed="17.55" angle="185.74" x="-4.92" y="65.21"/>
        <vehicle id="cfm-slow_3" eclass="HBEFA3/PC_G_EU4" CO2="27658.15" CO="496.60" HC="2.94" NOx="12.54" PMx="0.67" fuel="11.89" electricity="0.00" noise="86.68" route="routetop" type="cfm-slow" waiting="0.00" lane="left_0" pos="15.47" speed="18.31" angle="156.64" x="3.02" y="31.58"/>
        <vehicle id="cfm-slow_4" eclass="HBEFA3/PC_G_EU4" CO2="40385.91" CO="755.54" HC="4.44" NOx="18.50" PMx="1.00" fuel="17.36" electricity="0.00" noise="95.58" route="routeleft" type="cfm-slow" waiting="0.00" lane="left_0" pos="32.44" speed="20.35" angle="126.17" x="27.69" y="5.25"/>
        <vehicle id="cfm-slow_5" eclass="HBEFA3/PC_G_EU4" CO2="53427.67" CO="1027.78" HC="6.01" NOx="24.56" PMx="1.35" fuel="22.97" electricity="0.00" noise="100.95" route="routebottom" type="cfm-slow" waiting="0.00" lane="bottom_0" pos="1.58" speed="24.25" angle="91.64" x="67.16" y="-4.85"/>
    </timestep>
    <timestep time="2.01">
        <vehicle id="cfm-fast_0" eclass="HBEFA3/PC_G_EU4" CO2="59197.93" CO="1151.92" HC="6.72" NOx="27.25" PMx="1.51" fuel="25.45" electricity="0.00" noise="103.04" route="routebottom" type="cfm-fast" waiting="0.00" lane="bottom_0" pos="28.06" speed="25.88" angle="43.95" x="116.60" y="20.03"/>
        <vehicle id="cfm-fast_1" eclass="HBEFA3/PC_G_EU4" CO2="100734.93" CO="2011.94" HC="11.67" NOx="46.83" PMx="2.59" fuel="43.30" electricity="0.00" noise="127.90" route="routebottom" type="cfm-fast" waiting="0.00" lane="bottom_1" pos="44.04" speed="26.98" angle="15.30" x="127.82" y="51.48"/>
        <vehicle id="cfm-fast_2" eclass="HBEFA3/PC_G_EU4" CO2="44080.96" CO="831.66" HC="4.88" NOx="20.21" PMx="1.10" fuel="18.95" electricity="0.00" noise="96.61" route="routebottom" type="cfm-fast" waiting="0.00" lane="right_0" pos="7.59" speed="22.02" angle="350.74" x="130.31" y="79.94"/>
        <vehicle id="cfm-fast_3" eclass="HBEFA3/PC_G_EU4" CO2="40296.99" CO="759.48" HC="4.46" NOx="18.35" PMx="1.01" fuel="17.32" electricity="0.00" noise="91.33" route="routebottom" type="cfm-fast" waiting="0.00" lane="right_0" pos="25.38" speed="24.95" angle="318.79" x="111.59" y="112.74"/>
        <vehicle id="cfm-fast_4" eclass="HBEFA3/PC_G_EU4" CO2="100648.85" CO="2010.06" HC="11.66" NOx="46.79" PMx="2.59" fuel="43.26" electricity="0.00" noise="127.89" route="routeright" type="cfm-fast" waiting="0.00" lane="right_1" pos="41.51" speed="26.96" angle="289.79" x="80.88" y="126.65"/>
        <vehicle id="cfm-fast_5" eclass="HBEFA3/PC_G_EU4" CO2="17070.82" CO="277.83" HC="1.68" NOx="7.54" PMx="0.39" fuel="7.34" electricity="0.00" noise="77.06" route="routetop" type="cfm-fast" waiting="0.00" lane="top_0" pos="3.56" speed="18.67" angle="268.11" x="55.93" y="131.83"/>
        <vehicle id="cfm-slow_0" eclass="HBEFA3/PC_G_EU4" CO2="17590.02" CO="292.11" HC="1.76" NOx="7.82" PMx="0.41" fuel="7.56" electricity="0.00" noise="78.03" route="routetop" type="cfm-slow" waiting="0.00" lane="top_0" pos="17.75" speed="17.31" angle="242.55" x="27.34" y="121.87"/>
        <vehicle id="cfm-slow_1" eclass="HBEFA3/PC_G_EU4" CO2="18360.35" CO="307.80" HC="1.85" NOx="8.18" PMx="0.43" fuel="7.89" electricity="0.00" noise="78.72" route="routetop" type="cfm-slow" waiting="0.00" lane="top_0" pos="33.60" speed="17.36" angle="214.06" x="3.99" y="97.50"/>
        <vehicle id="cfm-slow_2" eclass="HBEFA3/PC_G_EU4" CO2="20939.90" CO="360.22" HC="2.16" NOx="9.39" PMx="0.50" fuel="9.00" electricity="0.00" noise="81.01" route="routetop" type="cfm-slow" waiting="0.00" lane="top_0" pos="49.50" speed="17.59" angle="185.42" x="-4.93" y="64.83"/>
        <vehicle id="cfm-slow_3" eclass="HBEFA3/PC_G_EU4" CO2="27678.15" CO="496.89" HC="2.95" NOx="12.55" PMx="0.67" fuel="11.90" electricity="0.00" noise="86.65" route="routetop" type="cfm-slow" waiting="0.00" lane="left_0" pos="15.66" speed="18.37" angle="156.30" x="3.21" y="31.23"/>
        <vehicle id="cfm-slow_4" eclass="HBEFA3/PC_G_EU4" CO2="40415.05" CO="756.09" HC="4.44" NOx="18.51" PMx="1.01" fuel="17.37" electricity="0.00" noise="95.52" route="routeleft" type="cfm-slow" waiting="0.00" lane="left_0" pos="32.65" speed="20.42" angle="125.79" x="28.06" y="5.02"/>
        <vehicle id="cfm-slow_5" eclass="HBEFA3/PC_G_EU4" CO2="53268.58" CO="1024.71" HC="5.99" NOx="24.49" PMx="1.35" fuel="22.90" electricity="0.00" noise="100.75" route="routebottom" type="cfm-slow" waiting="0.00" lane="bottom_0" pos="1.82" speed="24.32" angle="91.20" x="67.68" y="-4.82"/>
    </timestep>
    <timestep time="2.02">
        <vehicle id="cfm-fast_0" eclass="HBEFA3/PC_G_EU4" CO2="58588.18" CO="1139.68" HC="6.65" NOx="26.96" PMx="1.49" fuel="25.18" electricity="0.00" noise="102.55" route="routebottom" type="cfm-fast" waiting="0.00" lane="bottom_0" pos="28.32" speed="25.96" angle="43.53" x="116.95" y="20.46"/>
        <vehicle id="cfm-fast_1" eclass="HBEFA3/PC_G_EU4" CO2="101259.85" CO="2023.42" HC="11.73" NOx="47.07" PMx="2.61" fuel="43.53" electricity="0.00" noise="127.96" route="routebottom" type="cfm-fast" waiting="0.00" lane="bottom_1" pos="44.31" speed="27.12" angle="14.77" x="127.92" y="52.03"/>
        <vehicle id="cfm-fast_2" eclass="HBEFA3/PC_G_EU4" CO2="43929.83" CO="828.60" HC="4.86" NOx="20.13" PMx="1.10" fuel="18.88" electricity="0.00" noise="96.42" route="routebottom" type="cfm-fast" waiting="0.00" lane="right_0" pos="7.81" speed="22.09" angle="350.36" x="130.20" y="80.40"/>
        <vehicle id="cfm-fast_3" eclass="HBEFA3/PC_G_EU4" CO2="39532.57" CO="743.92" HC="4.37" NOx="17.99" PMx="0.99" fuel="16.99" electricity="0.00" noise="90.78" route="routebottom" type="cfm-fast" waiting="0.00" lane="right_0" pos="25.63" speed="25.01" angle="318.38" x="111.21" y="113.12"/>
        <vehicle id="cfm-fast_4" eclass="HBEFA3/PC_G_EU4" CO2="101173.73" CO="2021.53" HC="11.72" NOx="47.03" PMx="2.61" fuel="43.49" electricity="0.00" noise="127.95" route="routeright" type="cfm-fast" waiting="0.00" lane="right_1" pos="41.79" speed="27.09" angle="289.28" x="80.34" y="126.79"/>
        <vehicle id="cfm-fast_5" eclass="HBEFA3/PC_G_EU4" CO2="16925.52" CO="274.78" HC="1.67" NOx="7.47" PMx="0.39" fuel="7.28" electricity="0.00" noise="76.93" route="routetop" type="cfm-fast" waiting="0.00" lane="top_0" pos="3.75" speed="18.70" angle="267.78" x="55.52" y="131.79"/>
        <vehicle id="cfm-slow_0" eclass="HBEFA3/PC_G_EU4" CO2="17496.08" CO="290.07" HC="1.75" NOx="7.77" PMx="0.41" fuel="7.52" electricity="0.00" noise="77.92" route="routetop" type="cfm-slow" waiting="0.00" lane="top_0" pos="17.92" speed="17.34" angle="242.29" x="27.02" y="121.68"/>
        <vehicle id="cfm-slow_1" eclass="HBEFA3/PC_G_EU4" CO2="18284.18" CO="306.13" HC="1.84" NOx="8.14" PMx="0.43" fuel="7.86" electricity="0.00" noise="78.63" route="routetop" type="cfm-slow" waiting="0.00" lane="top_0" pos="33.77" speed="17.40" angle="213.75" x="3.81" y="97.18"/>
        <vehicle id="cfm-slow_2" eclass="HBEFA3/PC_G_EU4" CO2="20904.06" CO="359.36" HC="2.15" NOx="9.37" PMx="0.49" fuel="8.99" electricity="0.00" noise="80.95" route="routetop" type="cfm-slow" waiting="0.00" lane="top_0" pos="49.68" speed="17.63" angle="185.10" x="-4.93" y="64.45"/>
        <vehicle id="cfm-slow_3" eclass="HBEFA3/PC_G_EU4" CO2="27698.62" CO="497.19" HC="2.95" NOx="12.56" PMx="0.67" fuel="11.91" electricity="0.00" noise="86.62" route="routetop" type="cfm-slow" waiting="0.00" lane="left_0" pos="15.84" speed="18.42" angle="155.96" x="3.40" y="30.89"/>
        <vehicle id="cfm-slow_4" eclass="HBEFA3/PC_G_EU4" CO2="40442.92" CO="756.63" HC="4.45" NOx="18.52" PMx="1.01" fuel="17.38" electricity="0.00" noise="95.46" route="routeleft" type="cfm-slow" waiting="0.00" lane="left_0" pos="32.85" speed="20.49" angle="125.40" x="28.44" y="4.79"/>
        <vehicle id="cfm-slow_5" eclass="HBEFA3/PC_G_EU4" CO2="53105.65" CO="1021.56" HC="5.97" NOx="24.41" PMx="1.34" fuel="22.83" electricity="0.00" noise="100.55" route="routebottom" type="cfm-slow" waiting="0.00" lane="bottom_0" pos="2.07" speed="24.40" angle="90.76" x="68.21" y="-4.79"/>
    </timestep>
    <timestep time="2.03">
        <vehicle id="cfm-fast_0" eclass="HBEFA3/PC_G_EU4" CO2="57981.72" CO="1127.51" HC="6.58" NOx="26.67" PMx="1.47" fuel="24.92" electricity="0.00" noise="102.08" route="routebottom" type="cfm-fast" waiting="0.00" lane="bottom_0" pos="28.58" speed="26.04" angle="43.04" x="117.30" y="20.91"/>
        <vehicle id="cfm-fast_1" eclass="HBEFA3/PC_G_EU4" CO2="101785.06" CO="2034.92" HC="11.80" NOx="47.32" PMx="2.62" fuel="43.75" electricity="0.00" noise="128.03" route="routebottom" type="cfm-fast" waiting="0.00" lane="bottom_1" pos="44.58" speed="27.25" angle="14.24" x="128.02" y="52.58"/>
        <vehicle id="cfm-fast_2" eclass="HBEFA3/PC_G_EU4" CO2="43773.51" CO="825.44" HC="4.84" NOx="20.06" PMx="1.10" fuel="18.82" electricity="0.00" noise="96.22" route="routebottom" type="cfm-fast" waiting="0.00" lane="right_0" pos="8.03" speed="22.16" angle="349.96" x="130.07" y="80.86"/>
        <vehicle id="cfm-fast_3" eclass="HBEFA3/PC_G_EU4" CO2="38774.37" CO="728.48" HC="4.28" NOx="17.63" PMx="0.97" fuel="16.67" electricity="0.00" noise="90.24" route="routebottom" type="cfm-fast" waiting="0.00" lane="right_0" pos="25.88" speed="25.06" angle="317.93" x="110.82" y="113.48"/>
        <vehicle id="cfm-fast_4" eclass="HBEFA3/PC_G_EU4" CO2="101698.89" CO="2033.03" HC="11.79" NOx="47.28" PMx="2.62" fuel="43.72" electricity="0.00" noise="128.02" route="routeright" type="cfm-fast" waiting="0.00" lane="right_1" pos="42.06" speed="27.23" angle="288.77" x="79.80" y="126.94"/>
        <vehicle id="cfm-fast_5" eclass="HBEFA3/PC_G_EU4" CO2="16781.45" CO="271.75" HC="1.65" NOx="7.40" PMx="0.39" fuel="7.21" electricity="0.00" noise="76.80" route="routetop" type="cfm-fast" waiting="0.00" lane="top_0" pos="3.94" speed="18.73" angle="267.46" x="55.13" y="131.74"/>
        <vehicle id="cfm-slow_0" eclass="HBEFA3/PC_G_EU4" CO2="17402.75" CO="288.05" HC="1.74" NOx="7.73" PMx="0.40" fuel="7.48" electricity="0.00" noise="77.82" route="routetop" type="cfm-slow" waiting="0.00" lane="top_0" pos="18.09" speed="17.38" angle="241.97" x="26.70" y="121.48"/>
        <vehicle id="cfm-slow_1" eclass="HBEFA3/PC_G_EU4" CO2="18208.85" CO="304.47" HC="1.83" NOx="8.11" PMx="0.42" fuel="7.83" electricity="0.00" noise="78.54" route="routetop" type="cfm-slow" waiting="0.00" lane="top_0" pos="33.94" speed="17.43" angle="213.43" x="3.62" y="96.85"/>
        <vehicle id="cfm-slow_2" eclass="HBEFA3/PC_G_EU4" CO2="20869.18" CO="358.53" HC="2.15" NOx="9.36" PMx="0.49" fuel="8.97" electricity="0.00" noise="80.89" route="routetop" type="cfm-slow" waiting="0.00" lane="top_0" pos="49.86" speed="17.67" angle="184.78" x="-4.94" y="64.07"/>
        <vehicle id="cfm-slow_3" eclass="HBEFA3/PC_G_EU4" CO2="27719.54" CO="497.50" HC="2.95" NOx="12.57" PMx="0.67" fuel="11.92" electricity="0.00" noise="86.59" route="routetop" type="cfm-slow" waiting="0.00" lane="left_0" pos="16.03" speed="18.47" angle="155.62" x="3.59" y="30.54"/>
        <vehicle id="cfm-slow_4" eclass="HBEFA3/PC_G_EU4" CO2="40469.49" CO="757.14" HC="4.45" NOx="18.54" PMx="1.01" fuel="17.40" electricity="0.00" noise="95.40" route="routeleft" type="cfm-slow" waiting="0.00" lane="left_0" pos="33.06" speed="20.56" angle="125.02" x="28.82" y="4.56"/>
        <vehicle id="cfm-slow_5" eclass="HBEFA3/PC_G_EU4" CO2="52938.95" CO="1018.34" HC="5.95" NOx="24.33" PMx="1.34" fuel="22.76" electricity="0.00" noise="100.36" route="routebottom" type="cfm-slow" waiting="0.00" lane="bottom_0" pos="2.31" speed="24.48" angle="90.32" x="68.73" y="-4.76"/>
    </timestep>
    <timestep time="2.04">
        <vehicle id="cfm-fast_0" eclass="HBEFA3/PC_G_EU4" CO2="57378.60" CO="1115.41" HC="6.51" NOx="26.39" PMx="1.46" fuel="24.66" electricity="0.00" noise="101.61" route="routebottom" type="cfm-fast" waiting="0.00" lane="bottom_0" pos="28.84" speed="26.12" angle="42.56" x="117.65" y="21.35"/>
        <vehicle id="cfm-fast_1" eclass="HBEFA3/PC_G_EU4" CO2="102310.57" CO="2046.44" HC="11.86" NOx="47.56" PMx="2.64" fuel="43.98" electricity="0.00" noise="128.09" route="routebottom" type="cfm-fast" waiting="0.00" lane="bottom_1" pos="44.86" speed="27.39" angle="13.76" x="128.12" y="53.13"/>
        <vehicle id="cfm-fast_2" eclass="HBEFA3/PC_G_EU4" CO2="43612.07" CO="822.17" HC="4.83" NOx="19.98" PMx="1.09" fuel="18.75" electricity="0.00" noise="96.03" route="routebottom" type="cfm-fast" waiting="0.00" lane="right_0" pos="8.26" speed="22.22" angle="349.55" x="129.95" y="81.32"/>
        <vehicle id="cfm-fast_3" eclass="HBEFA3/PC_G_EU4" CO2="38022.50" CO="713.17" HC="4.19" NOx="17.28" PMx="0.95" fuel="16.34" electricity="0.00" noise="89.71" route="routebottom" type="cfm-fast" waiting="0.00" lane="right_0" pos="26.13" speed="25.11" angle="317.47" x="110.42" y="113.85"/>
        <vehicle id="cfm-fast_4" eclass="HBEFA3/PC_G_EU4" CO2="102224.35" CO="2044.55" HC="11.85" NOx="47.52" PMx="2.63" fuel="43.94" electricity="0.00" noise="128.08" route="routeright" type="cfm-fast" waiting="0.00" lane="right_1" pos="42.33" speed="27.37" angle="288.32" x="79.26" y="127.08"/>
        <vehicle id="cfm-fast_5" eclass="HBEFA3/PC_G_EU4" CO2="16638.61" CO="268.76" HC="1.63" NOx="7.33" PMx="0.38" fuel="7.15" electricity="0.00" noise="76.67" route="routetop" type="cfm-fast" waiting="0.00" lane="top_0" pos="4.12" speed="18.76" angle="267.12" x="54.73" y="131.69"/>
        <vehicle id="cfm-slow_0" eclass="HBEFA3/PC_G_EU4" CO2="17310.06" CO="286.04" HC="1.73" NOx="7.68" PMx="0.40" fuel="7.44" electricity="0.00" noise="77.72" route="routetop" type="cfm-slow" waiting="0.00" lane="top_0" pos="18.27" speed="17.41" angle="241.63" x="26.39" y="121.27"/>
        <vehicle id="cfm-slow_1" eclass="HBEFA3/PC_G_EU4" CO2="18134.36" CO="302.83" HC="1.82" NOx="8.07" PMx="0.42" fuel="7.80" electricity="0.00" noise="78.46" route="routetop" type="cfm-slow" waiting="0.00" lane="top_0" pos="34.12" speed="17.47" angle="213.11" x="3.44" y="96.52"/>
        <vehicle id="cfm-slow_2" eclass="HBEFA3/PC_G_EU4" CO2="20835.25" CO="357.72" HC="2.14" NOx="9.34" PMx="0.49" fuel="8.96" electricity="0.00" noise="80.84" route="routetop" type="cfm-slow" waiting="0.00" lane="left_0" pos="0.03" speed="17.71" angle="184.42" x="-4.95" y="63.50"/>
        <vehicle id="cfm-slow_3" eclass="HBEFA3/PC_G_EU4" CO2="27740.91" CO="497.83" HC="2.95" NOx="12.58" PMx="0.67" fuel="11.92" electricity="0.00" noise="86.57" route="routetop" type="cfm-slow" waiting="0.00" lane="left_0" pos="16.21" speed="18.52" angle="155.28" x="3.78" y="30.19"/>
        <vehicle id="cfm-slow_4" eclass="HBEFA3/PC_G_EU4" CO2="40494.76" CO="757.63" HC="4.45" NOx="18.55" PMx="1.01" fuel="17.41" electricity="0.00" noise="95.34" route="routeleft" type="cfm-slow" waiting="0.00" lane="left_0" pos="33.26" speed="20.63" angle="124.66" x="29.20" y="4.34"/>
        <vehicle id="cfm-slow_5" eclass="HBEFA3/PC_G_EU4" CO2="52768.56" CO="1015.04" HC="5.93" NOx="24.25" PMx="1.33" fuel="22.68" electricity="0.00" noise="100.16" route="routebottom" type="cfm-slow" waiting="0.00" lane="bottom_0" pos="2.56" speed="24.55" angle="89.91" x="69.26" y="-4.72"/>
    </timestep>
    <timestep time="2.05">
        <vehicle id="cfm-fast_0" eclass="HBEFA3/PC_G_EU4" CO2="56778.87" CO="1103.39" HC="6.44" NOx="26.10" PMx="1.44" fuel="24.41" electricity="0.00" noise="101.15" route="routebottom" type="cfm-fast" waiting="0.00" lane="bottom_0" pos="29.11" speed="26.19" angle="42.07" x="117.99" y="21.79"/>
        <vehicle id="cfm-fast_1" eclass="HBEFA3/PC_G_EU4" CO2="102836.37" CO="2057.98" HC="11.93" NOx="47.81" PMx="2.65" fuel="44.20" electricity="0.00" noise="128.16" route="routebottom" type="cfm-fast" waiting="0.00" lane="bottom_1" pos="45.13" speed="27.52" angle="13.27" x="128.20" y="53.69"/>
        <vehicle id="cfm-fast_2" eclass="HBEFA3/PC_G_EU4" CO2="43445.60" CO="818.81" HC="4.81" NOx="19.90" PMx="1.09" fuel="18.68" electricity="0.00" noise="95.83" route="routebottom" type="cfm-fast" waiting="0.00" lane="right_0" pos="8.48" speed="22.29" angle="349.14" x="129.83" y="81.78"/>
        <vehicle id="cfm-fast_3" eclass="HBEFA3/PC_G_EU4" CO2="37277.04" CO="697.99" HC="4.11" NOx="16.92" PMx="0.93" fuel="16.02" electricity="0.00" noise="89.18" route="routebottom" type="cfm-fast" waiting="0.00" lane="right_0" pos="26.38" speed="25.16" angle="317.01" x="110.02" y="114.22"/>
        <vehicle id="cfm-fast_4" eclass="HBEFA3/PC_G_EU4" CO2="102750.10" CO="2056.09" HC="11.92" NOx="47.77" PMx="2.65" fuel="44.17" electricity="0.00" noise="128.15" route="routeright" type="cfm-fast" waiting="0.00" lane="right_1" pos="42.61" speed="27.50" angle="287.84" x="78.71" y="127.20"/>
        <vehicle id="cfm-fast_5" eclass="HBEFA3/PC_G_EU4" CO2="16497.01" CO="265.79" HC="1.62" NOx="7.27" PMx="0.38" fuel="7.09" electricity="0.00" noise="76.55" route="routetop" type="cfm-fast" waiting="0.00" lane="top_0" pos="4.31" speed="18.78" angle="266.78" x="54.33" y="131.63"/>
        <vehicle id="cfm-slow_0" eclass="HBEFA3/PC_G_EU4" CO2="17218.00" CO="284.05" HC="1.72" NOx="7.64" PMx="0.40" fuel="7.40" electricity="0.00" noise="77.62" route="routetop" type="cfm-slow" waiting="0.00" lane="top_0" pos="18.44" speed="17.44" angle="241.29" x="26.08" y="121.06"/>
        <vehicle id="cfm-slow_1" eclass="HBEFA3/PC_G_EU4" CO2="18060.73" CO="301.21" HC="1.82" NOx="8.03" PMx="0.42" fuel="7.76" electricity="0.00" noise="78.38" route="routetop" type="cfm-slow" waiting="0.00" lane="top_0" pos="34.29" speed="17.50" angle="212.79" x="3.26" y="96.19"/>
        <vehicle id="cfm-slow_2" eclass="HBEFA3/PC_G_EU4" CO2="20802.29" CO="356.93" HC="2.14" NOx="9.32" PMx="0.49" fuel="8.94" electricity="0.00" noise="80.78" route="routetop" type="cfm-slow" waiting="0.00" lane="left_0" pos="0.21" speed="17.75" angle="184.10" x="-4.94" y="63.12"/>
        <vehicle id="cfm-slow_3" eclass="HBEFA3/PC_G_EU4" CO2="27762.72" CO="498.17" HC="2.95" NOx="12.59" PMx="0.67" fuel="11.93" electricity="0.00" noise="86.54" route="routetop" type="cfm-slow" waiting="0.00" lane="left_0" pos="16.40" speed="18.57" angle="154.94" x="3.98" y="29.84"/>
        <vehicle id="cfm-slow_4" eclass="HBEFA3/PC_G_EU4" CO2="40518.71" CO="758.09" HC="4.46" NOx="18.56" PMx="1.01" fuel="17.42" electricity="0.00" noise="95.28" route="routeleft" type="cfm-slow" waiting="0.00" lane="left_0" pos="33.47" speed="20.70" angle="124.31" x="29.59" y="4.11"/>
        <vehicle id="cfm-slow_5" eclass="HBEFA3/PC_G_EU4" CO2="52594.55" CO="1011.68" HC="5.91" NOx="24.16" PMx="1.33" fuel="22.61" electricity="0.00" noise="99.96" route="routebottom" type="cfm-slow" waiting="0.00" lane="bottom_0" pos="2.80" speed="24.63" angle="89.46" x="69.79" y="-4.67"/>
    </timestep>
    <timestep time="2.06">
        <vehicle id="cfm-fast_0" eclass="HBEFA3/PC_G_EU4" CO2="56182.58" CO="1091.43" HC="6.37" NOx="25.82" PMx="1.43" fuel="24.15" electricity="0.00" noise="100.69" route="routebottom" type="cfm-fast" waiting="0.00" lane="bottom_0" pos="29.37" speed="26.27" angle="41.59" x="118.34" y="22.24"/>
        <vehicle id="cfm-fast_1" eclass="HBEFA3/PC_G_EU4" CO2="103362.46" CO="2069.55" HC="12.00" NOx="48.05" PMx="2.66" fuel="44.43" electricity="0.00" noise="128.22" route="routebottom" type="cfm-fast" waiting="0.00" lane="bottom_1" pos="45.41" speed="27.66" angle="12.76" x="128.28" y="54.25"/>
        <vehicle id="cfm-fast_2" eclass="HBEFA3/PC_G_EU4" CO2="43274.20" CO="815.35" HC="4.79" NOx="19.82" PMx="1.08" fuel="18.60" electricity="0.00" noise="95.63" route="routebottom" type="cfm-fast" waiting="0.00" lane="right_0" pos="8.70" speed="22.36" angle="348.73" x="129.70" y="82.25"/>
        <vehicle id="cfm-fast_3" eclass="HBEFA3/PC_G_EU4" CO2="36538.08" CO="682.94" HC="4.02" NOx="16.57" PMx="0.91" fuel="15.71" electricity="0.00" noise="88.67" route="routebottom" type="cfm-fast" waiting="0.00" lane="right_0" pos="26.63" speed="25.21" angle="316.55" x="109.63" y="114.59"/>
        <vehicle id="cfm-fast_4" eclass="HBEFA3/PC_G_EU4" CO2="103276.14" CO="2067.65" HC="11.99" NOx="48.01" PMx="2.66" fuel="44.39" electricity="0.00" noise="128.21" route="routeright" type="cfm-fast" waiting="0.00" lane="right_1" pos="42.88" speed="27.64" angle="287.35" x="78.16" y="127.33"/>
        <vehicle id="cfm-fast_5" eclass="HBEFA3/PC_G_EU4" CO2="16356.64" CO="262.84" HC="1.60" NOx="7.20" PMx="0.38" fuel="7.03" electricity="0.00" noise="76.43" route="routetop" type="cfm-fast" waiting="0.00" lane="top_0" pos="4.50" speed="18.81" angle="266.44" x="53.93" y="131.57"/>
        <vehicle id="cfm-slow_0" eclass="HBEFA3/PC_G_EU4" CO2="17126.59" CO="282.07" HC="1.70" NOx="7.59" PMx="0.40" fuel="7.36" electricity="0.00" noise="77.53" route="routetop" type="cfm-slow" waiting="0.00" lane="top_0" pos="18.62" speed="17.47" angle="240.95" x="25.77" y="120.85"/>
        <vehicle id="cfm-slow_1" eclass="HBEFA3/PC_G_EU4" CO2="17987.94" CO="299.61" HC="1.81" NOx="8.00" PMx="0.42" fuel="7.73" electricity="0.00" noise="78.29" route="routetop" type="cfm-slow" waiting="0.00" lane="top_0" pos="34.47" speed="17.53" angle="212.48" x="3.08" y="95.86"/>
        <vehicle id="cfm-slow_2" eclass="HBEFA3/PC_G_EU4" CO2="20770.28" CO="356.16" HC="2.13" NOx="9.31" PMx="0.49" fuel="8.93" electricity="0.00" noise="80.73" route="routetop" type="cfm-slow" waiting="0.00" lane="left_0" pos="0.39" speed="17.79" angle="183.78" x="-4.93" y="62.74"/>
        <vehicle id="cfm-slow_3" eclass="HBEFA3/PC_G_EU4" CO2="27784.95" CO="498.52" HC="2.96" NOx="12.60" PMx="0.67" fuel="11.94" electricity="0.00" noise="86.52" route="routetop" type="cfm-slow" waiting="0.00" lane="left_0" pos="16.58" speed="18.62" angle="154.62" x="4.17" y="29.49"/>
        <vehicle id="cfm-slow_4" eclass="HBEFA3/PC_G_EU4" CO2="40541.31" CO="758.53" HC="4.46" NOx="18.56" PMx="1.01" fuel="17.43" electricity="0.00" noise="95.22" route="routeleft" type="cfm-slow" waiting="0.00" lane="left_0" pos="33.68" speed="20.77" angle="123.93" x="29.98" y="3.90"/>
        <vehicle id="cfm-slow_5" eclass="HBEFA3/PC_G_EU4" CO2="52417.02" CO="1008.24" HC="5.89" NOx="24.08" PMx="1.33" fuel="22.53" electricity="0.00" noise="99.76" route="routebottom" type="cfm-slow" waiting="0.00" lane="bottom_0" pos="3.05" speed="24.70" angle="89.02" x="70.32" y="-4.61"/>
    </timestep>
    <timestep time="2.07">
        <vehicle id="cfm-fast_0" eclass="HBEFA3/PC_G_EU4" CO2="55589.76" CO="1079.54" HC="6.30" NOx="25.54" PMx="1.41" fuel="23.90" electricity="0.00" noise="100.24" route="routebottom" type="cfm-fast" waiting="0.00" lane="bottom_0" pos="29.63" speed="26.34" angle="41.17" x="118.68" y="22.69"/>
        <vehicle id="cfm-fast_1" eclass="HBEFA3/PC_G_EU4" CO2="103888.84" CO="2081.13" HC="12.06" NOx="48.30" PMx="2.68" fuel="44.66" electricity="0.00" noise="128.29" route="routebottom" type="cfm-fast" waiting="0.00" lane="bottom_1" pos="45.69" speed="27.80" angle="12.25" x="128.36" y="54.81"/>
        <vehicle id="cfm-fast_2" eclass="HBEFA3/PC_G_EU4" CO2="43097.95" CO="811.79" HC="4.77" NOx="19.73" PMx="1.08" fuel="18.53" electricity="0.00" noise="95.43" route="routebottom" type="cfm-fast" waiting="0.00" lane="right_0" pos="8.93" speed="22.43" angle="348.37" x="129.58" y="82.71"/>
        <vehicle id="cfm-fast_3" eclass="HBEFA3/PC_G_EU4" CO2="35805.70" CO="668.02" HC="3.93" NOx="16.23" PMx="0.89" fuel="15.39" electricity="0.00" noise="88.16" route="routebottom" type="cfm-fast" waiting="0.00" lane="right_0" pos="26.88" speed="25.26" angle="316.13" x="109.23" y="114.96"/>
        <vehicle id="cfm-fast_4" eclass="HBEFA3/PC_G_EU4" CO2="103802.48" CO="2079.23" HC="12.05" NOx="48.26" PMx="2.68" fuel="44.62" electricity="0.00" noise="128.28" route="routeright" type="cfm-fast" waiting="0.00" lane="right_1" pos="43.16" speed="27.77" angle="286.86" x="77.60" y="127.46"/>
        <vehicle id="cfm-fast_5" eclass="HBEFA3/PC_G_EU4" CO2="16217.51" CO="259.93" HC="1.58" NOx="7.13" PMx="0.37" fuel="6.97" electricity="0.00" noise="76.31" route="routetop" type="cfm-fast" waiting="0.00" lane="top_0" pos="4.69" speed="18.84" angle="266.10" x="53.52" y="131.51"/>
        <vehicle id="cfm-slow_0" eclass="HBEFA3/PC_G_EU4" CO2="17035.82" CO="280.10" HC="1.69" NOx="7.55" PMx="0.39" fuel="7.32" electricity="0.00" noise="77.43" route="routetop" type="cfm-slow" waiting="0.00" lane="top_0" pos="18.79" speed="17.50" angle="240.61" x="25.46" y="120.64"/>
        <vehicle id="cfm-slow_1" eclass="HBEFA3/PC_G_EU4" CO2="17916.02" CO="298.03" HC="1.80" NOx="7.96" PMx="0.42" fuel="7.70" electricity="0.00" noise="78.21" route="routetop" type="cfm-slow" waiting="0.00" lane="top_0" pos="34.64" speed="17.57" angle="212.22" x="2.90" y="95.53"/>
        <vehicle id="cfm-slow_2" eclass="HBEFA3/PC_G_EU4" CO2="20739.23" CO="355.41" HC="2.13" NOx="9.29" PMx="0.49" fuel="8.91" electricity="0.00" noise="80.68" route="routetop" type="cfm-slow" waiting="0.00" lane="left_0" pos="0.57" speed="17.82" angle="183.45" x="-4.92" y="62.35"/>
        <vehicle id="cfm-slow_3" eclass="HBEFA3/PC_G_EU4" CO2="27807.59" CO="498.87" HC="2.96" NOx="12.61" PMx="0.67" fuel="11.95" electricity="0.00" noise="86.49" route="routetop" type="cfm-slow" waiting="0.00" lane="left_0" pos="16.77" speed="18.67" angle="154.31" x="4.37" y="29.14"/>
        <vehicle id="cfm-slow_4" eclass="HBEFA3/PC_G_EU4" CO2="40562.57" CO="758.95" HC="4.46" NOx="18.57" PMx="1.01" fuel="17.44" electricity="0.00" noise="95.16" route="routeleft" type="cfm-slow" waiting="0.00" lane="left_0" pos="33.89" speed="20.84" angle="123.55" x="30.37" y="3.68"/>
        <vehicle id="cfm-slow_5" eclass="HBEFA3/PC_G_EU4" CO2="52236.03" CO="1004.74" HC="5.87" NOx="23.99" PMx="1.32" fuel="22.45" electricity="0.00" noise="99.56" route="routebottom" type="cfm-slow" waiting="0.00" lane="bottom_0" pos="3.30" speed="24.78" angle="88.58" x="70.85" y="-4.56"/>
    </timestep>
    <timestep time="2.08">
        <vehicle id="cfm-fast_0" eclass="HBEFA3/PC_G_EU4" CO2="55000.47" CO="1067.73" HC="6.23" NOx="25.26" PMx="1.40" fuel="23.64" electricity="0.00" noise="99.79" route="routebottom" type="cfm-fast" waiting="0.00" lane="bottom_0" pos="29.90" speed="26.41" angle="40.68" x="119.02" y="23.15"/>
        <vehicle id="cfm-fast_1" eclass="HBEFA3/PC_G_EU4" CO2="104415.52" CO="2092.74" HC="12.13" NOx="48.54" PMx="2.69" fuel="44.88" electricity="0.00" noise="128.35" route="routebottom" type="cfm-fast" waiting="0.00" lane="bottom_1" pos="45.97" speed="27.93" angle="11.74" x="128.44" y="55.38"/>
        <vehicle id="cfm-fast_2" eclass="HBEFA3/PC_G_EU4" CO2="42916.95" CO="808.14" HC="4.74" NOx="19.64" PMx="1.07" fuel="18.45" electricity="0.00" noise="95.22" route="routebottom" type="cfm-fast" waiting="0.00" lane="right_0" pos="9.15" speed="22.49" angle="347.97" x="129.44" y="83.18"/>
        <vehicle id="cfm-fast_3" eclass="HBEFA3/PC_G_EU4" CO2="35079.96" CO="653.24" HC="3.85" NOx="15.88" PMx="0.87" fuel="15.08" electricity="0.00" noise="87.66" route="routebottom" type="cfm-fast" waiting="0.00" lane="right_0" pos="27.14" speed="25.31" angle="315.68" x="108.82" y="115.31"/>
        <vehicle id="cfm-fast_4" eclass="HBEFA3/PC_G_EU4" CO2="104329.10" CO="2090.84" HC="12.12" NOx="48.50" PMx="2.69" fuel="44.85" electricity="0.00" noise="128.34" route="routeright" type="cfm-fast" waiting="0.00" lane="right_1" pos="43.44" speed="27.91" angle="286.37" x="77.05" y="127.59"/>
        <vehicle id="cfm-fast_5" eclass="HBEFA3/PC_G_EU4" CO2="16079.61" CO="257.04" HC="1.57" NOx="7.07" PMx="0.37" fuel="6.91" electricity="0.00" noise="76.19" route="routetop" type="cfm-fast" waiting="0.00" lane="top_0" pos="4.88" speed="18.86" angle="265.76" x="53.12" y="131.46"/>
        <vehicle id="cfm-slow_0" eclass="HBEFA3/PC_G_EU4" CO2="16945.71" CO="278.15" HC="1.68" NOx="7.51" PMx="0.39" fuel="7.28" electricity="0.00" noise="77.34" route="routetop" type="cfm-slow" waiting="0.00" lane="top_0" pos="18.97" speed="17.53" angle="240.26" x="25.14" y="120.43"/>
        <vehicle id="cfm-slow_1" eclass="HBEFA3/PC_G_EU4" CO2="17844.96" CO="296.47" HC="1.79" NOx="7.93" PMx="0.41" fuel="7.67" electricity="0.00" noise="78.13" route="routetop" type="cfm-slow" waiting="0.00" lane="top_0" pos="34.82" speed="17.60" angle="211.89" x="2.73" y="95.19"/>
        <vehicle id="cfm-slow_2" eclass="HBEFA3/PC_G_EU4" CO2="20709.13" CO="354.68" HC="2.12" NOx="9.27" PMx="0.49" fuel="8.90" electricity="0.00" noise="80.63" route="routetop" type="cfm-slow" waiting="0.00" lane="left_0" pos="0.74" speed="17.86" angle="183.13" x="-4.91" y="61.97"/>
        <vehicle id="cfm-slow_3" eclass="HBEFA3/PC_G_EU4" CO2="27830.63" CO="499.24" HC="2.96" NOx="12.61" PMx="0.68" fuel="11.96" electricity="0.00" noise="86.47" route="routetop" type="cfm-slow" waiting="0.00" lane="left_0" pos="16.96" speed="18.72" angle="153.96" x="4.58" y="28.80"/>
        <vehicle id="cfm-slow_4" eclass="HBEFA3/PC_G_EU4" CO2="40582.46" CO="759.34" HC="4.46" NOx="18.58" PMx="1.01" fuel="17.44" electricity="0.00" noise="95.10" route="routeleft" type="cfm-slow" waiting="0.00" lane="left_0" pos="34.10" speed="20.91" angle="123.16" x="30.76" y="3.47"/>
        <vehicle id="cfm-slow_5" eclass="HBEFA3/PC_G_EU4" CO2="52051.67" CO="1001.17" HC="5.85" NOx="23.90" PMx="1.32" fuel="22.37" electricity="0.00" noise="99.36" route="routebottom" type="cfm-slow" waiting="0.00" lane="bottom_0" pos="3.55" speed="24.85" angle="88.13" x="71.38" y="-4.51"/>
    </timestep>
    <timestep time="2.09">
        <vehicle id="cfm-fast_0" eclass="HBEFA3/PC_G_EU4" CO2="54414.72" CO="1055.99" HC="6.16" NOx="24.98" PMx="1.38" fuel="23.39" electricity="0.00" noise="99.35" route="routebottom" type="cfm-fast" waiting="0.00" lane="bottom_0" pos="30.16" speed="26.49" angle="40.19" x="119.35" y="23.61"/>
        <vehicle id="cfm-fast_1" eclass="HBEFA3/PC_G_EU4" CO2="104942.48" CO="2104.37" HC="12.19" NOx="48.79" PMx="2.71" fuel="45.11" electricity="0.00" noise="128.42" route="routebottom" type="cfm-fast" waiting="0.00" lane="bottom_1" pos="46.25" speed="28.07" angle="11.30" x="128.52" y="55.95"/>
        <vehicle id="cfm-fast_2" eclass="HBEFA3/PC_G_EU4" CO2="42731.27" CO="804.39" HC="4.72" NOx="19.56" PMx="1.07" fuel="18.37" electricity="0.00" noise="95.02" route="routebottom" type="cfm-fast" waiting="0.00" lane="right_0" pos="9.38" speed="22.56" angle="347.57" x="129.29" y="83.64"/>
        <vehicle id="cfm-fast_3" eclass="HBEFA3/PC_G_EU4" CO2="34360.94" CO="638.60" HC="3.76" NOx="15.54" PMx="0.86" fuel="14.77" electricity="0.00" noise="87.16" route="routebottom" type="cfm-fast" waiting="0.00" lane="right_0" pos="27.39" speed="25.35" angle="315.21" x="108.40" y="115.67"/>
        <vehicle id="cfm-fast_4" eclass="HBEFA3/PC_G_EU4" CO2="104856.02" CO="2102.46" HC="12.18" NOx="48.75" PMx="2.71" fuel="45.07" electricity="0.00" noise="128.41" route="routeright" type="cfm-fast" waiting="0.00" lane="right_1" pos="43.72" speed="28.05" angle="285.90" x="76.48" y="127.70"/>
        <vehicle id="cfm-fast_5" eclass="HBEFA3/PC_G_EU4" CO2="15942.94" CO="254.17" HC="1.55" NOx="7.00" PMx="0.37" fuel="6.85" electricity="0.00" noise="76.07" route="routetop" type="cfm-fast" waiting="0.00" lane="top_0" pos="5.06" speed="18.89" angle="265.36" x="52.72" y="131.40"/>
        <vehicle id="cfm-slow_0" eclass="HBEFA3/PC_G_EU4" CO2="16856.25" CO="276.22" HC="1.67" NOx="7.46" PMx="0.39" fuel="7.25" electricity="0.00" noise="77.24" route="routetop" type="cfm-slow" waiting="0.00" lane="top_0" pos="19.14" speed="17.56" angle="239.96" x="24.83" y="120.22"/>
        <vehicle id="cfm-slow_1" eclass="HBEFA3/PC_G_EU4" CO2="17774.76" CO="294.93" HC="1.78" NOx="7.90" PMx="0.41" fuel="7.64" electricity="0.00" noise="78.05" route="routetop" type="cfm-slow" waiting="0.00" lane="top_0" pos="35.00" speed="17.63" angle="211.57" x="2.56" y="94.85"/>
        <vehicle id="cfm-slow_2" eclass="HBEFA3/PC_G_EU4" CO2="20679.98" CO="353.98" HC="2.12" NOx="9.26" PMx="0.49" fuel="8.89" electricity="0.00" noise="80.58" route="routetop" type="cfm-slow" waiting="0.00" lane="left_0" pos="0.92" speed="17.90" angle="182.81" x="-4.91" y="61.58"/>
        <vehicle id="cfm-slow_3" eclass="HBEFA3/PC_G_EU4" CO2="27854.06" CO="499.62" HC="2.96" NOx="12.62" PMx="0.68" fuel="11.97" electricity="0.00" noise="86.45" route="routetop" type="cfm-slow" waiting="0.00" lane="left_0" pos="17.14" speed="18.78" angle="153.62" x="4.79" y="28.45"/>
        <vehicle id="cfm-slow_4" eclass="HBEFA3/PC_G_EU4" CO2="40600.97" CO="759.71" HC="4.47" NOx="18.59" PMx="1.01" fuel="17.45" electricity="0.00" noise="95.04" route="routeleft" type="cfm-slow" waiting="0.00" lane="left_0" pos="34.30" speed="20.97" angle="122.78" x="31.16" y="3.25"/>
        <vehicle id="cfm-slow_5" eclass="HBEFA3/PC_G_EU4" CO2="51864.00" CO="997.53" HC="5.83" NOx="23.81" PMx="1.31" fuel="22.29" electricity="0.00" noise="99.16" route="routebottom" type="cfm-slow" waiting="0.00" lane="bottom_0" pos="3.80" speed="24.93" angle="87.70" x="71.91" y="-4.45"/>
    </timestep>
    <timestep time="2.10">
        <vehicle id="cfm-fast_0" eclass="HBEFA3/PC_G_EU4" CO2="53832.56" CO="1044.32" HC="6.10" NOx="24.70" PMx="1.37" fuel="23.14" electricity="0.00" noise="98.92" route="routebottom" type="cfm-fast" waiting="0.00" lane="bottom_0" pos="30.43" speed="26.56" angle="39.71" x="119.68" y="24.08"/>
        <vehicle id="cfm-fast_1" eclass="HBEFA3/PC_G_EU4" CO2="105469.74" CO="2116.02" HC="12.26" NOx="49.03" PMx="2.72" fuel="45.34" electricity="0.00" noise="128.48" route="routebottom" type="cfm-fast" waiting="0.00" lane="bottom_1" pos="46.53" speed="28.21" angle="10.80" x="128.58" y="56.53"/>
        <vehicle id="cfm-fast_2" eclass="HBEFA3/PC_G_EU4" CO2="42541.01" CO="800.55" HC="4.70" NOx="19.46" PMx="1.06" fuel="18.29" electricity="0.00" noise="94.81" route="routebottom" type="cfm-fast" waiting="0.00" lane="right_0" pos="9.60" speed="22.63" angle="347.16" x="129.15" y="84.10"/>
        <vehicle id="cfm-fast_3" eclass="HBEFA3/PC_G_EU4" CO2="33648.70" CO="624.09" HC="3.68" NOx="15.21" PMx="0.84" fuel="14.46" electricity="0.00" noise="86.68" route="routebottom" type="cfm-fast" waiting="0.00" lane="right_0" pos="27.64" speed="25.40" angle="314.73" x="107.98" y="116.02"/>
        <vehicle id="cfm-fast_4" eclass="HBEFA3/PC_G_EU4" CO2="105383.23" CO="2114.11" HC="12.25" NOx="48.99" PMx="2.72" fuel="45.30" electricity="0.00" noise="128.47" route="routeright" type="cfm-fast" waiting="0.00" lane="right_1" pos="44.00" speed="28.18" angle="285.35" x="75.91" y="127.81"/>
        <vehicle id="cfm-fast_5" eclass="HBEFA3/PC_G_EU4" CO2="15807.50" CO="251.33" HC="1.53" NOx="6.94" PMx="0.36" fuel="6.79" electricity="0.00" noise="75.95" route="routetop" type="cfm-fast" waiting="0.00" lane="top_0" pos="5.25" speed="18.92" angle="265.02" x="52.32" y="131.33"/>
        <vehicle id="cfm-slow_0" eclass="HBEFA3/PC_G_EU4" CO2="16767.46" CO="274.30" HC="1.66" NOx="7.42" PMx="0.39" fuel="7.21" electricity="0.00" noise="77.15" route="routetop" type="cfm-slow" waiting="0.00" lane="top_0" pos="19.32" speed="17.59" angle="239.67" x="24.52" y="120.00"/>
        <vehicle id="cfm-slow_1" eclass="HBEFA3/PC_G_EU4" CO2="17705.44" CO="293.41" HC="1.77" NOx="7.86" PMx="0.41" fuel="7.61" electricity="0.00" noise="77.98" route="routetop" type="cfm-slow" waiting="0.00" lane="top_0" pos="35.17" speed="17.66" angle="211.24" x="2.39" y="94.51"/>
        <vehicle id="cfm-slow_2" eclass="HBEFA3/PC_G_EU4" CO2="20651.78" CO="353.30" HC="2.12" NOx="9.25" PMx="0.49" fuel="8.88" electricity="0.00" noise="80.53" route="routetop" type="cfm-slow" waiting="0.00" lane="left_0" pos="1.10" speed="17.94" angle="182.48" x="-4.90" y="61.20"/>
        <vehicle id="cfm-slow_3" eclass="HBEFA3/PC_G_EU4" CO2="27877.86" CO="500.01" HC="2.97" NOx="12.63" PMx="0.68" fuel="11.98" electricity="0.00" noise="86.42" route="routetop" type="cfm-slow" waiting="0.00" lane="left_0" pos="17.33" speed="18.83" angle="153.27" x="5.00" y="28.10"/>
        <vehicle id="cfm-slow_4" eclass="HBEFA3/PC_G_EU4" CO2="40618.09" CO="760.06" HC="4.47" NOx="18.59" PMx="1.01" fuel="17.46" electricity="0.00" noise="94.97" route="routeleft" type="cfm-slow" waiting="0.00" lane="left_0" pos="34.52" speed="21.04" angle="122.40" x="31.56" y="3.03"/>
        <vehicle id="cfm-slow_5" eclass="HBEFA3/PC_G_EU4" CO2="51673.10" CO="993.83" HC="5.81" NOx="23.72" PMx="1.31" fuel="22.21" electricity="0.00" noise="98.96" route="routebottom" type="cfm-slow" waiting="0.00" lane="bottom_0" pos="4.05" speed="25.00" angle="87.25" x="72.44" y="-4.38"/>
    </timestep>
    <timestep time="2.11">
        <vehicle id="cfm-fast_0" eclass="HBEFA3/PC_G_EU4" CO2="53254.01" CO="1032.73" HC="6.03" NOx="24.43" PMx="1.35" fuel="22.89" electricity="0.00" noise="98.49" route="routebottom" type="cfm-fast" waiting="0.00" lane="bottom_0" pos="30.69" speed="26.63" angle="39.24" x="120.02" y="24.54"/>
        <vehicle id="cfm-fast_1" eclass="HBEFA3/PC_G_EU4" CO2="105997.29" CO="2127.70" HC="12.33" NOx="49.28" PMx="2.74" fuel="45.56" electricity="0.00" noise="128.55" route="routebottom" type="cfm-fast" waiting="0.00" lane="bottom_1" pos="46.81" speed="28.34" angle="10.29" x="128.64" y="57.11"/>
        <vehicle id="cfm-fast_2" eclass="HBEFA3/PC_G_EU4" CO2="42346.26" CO="796.62" HC="4.68" NOx="19.37" PMx="1.06" fuel="18.20" electricity="0.00" noise="94.60" route="routebottom" type="cfm-fast" waiting="0.00" lane="right_0" pos="9.83" speed="22.69" angle="346.75" x="129.01" y="84.57"/>
        <vehicle id="cfm-fast_3" eclass="HBEFA3/PC_G_EU4" CO2="32943.30" CO="609.72" HC="3.60" NOx="14.87" PMx="0.82" fuel="14.16" electricity="0.00" noise="86.20" route="routebottom" type="cfm-fast" waiting="0.00" lane="right_0" pos="27.90" speed="25.44" angle="314.25" x="107.57" y="116.37"/>
        <vehicle id="cfm-fast_4" eclass="HBEFA3/PC_G_EU4" CO2="105910.73" CO="2125.78" HC="12.32" NOx="49.24" PMx="2.73" fuel="45.53" electricity="0.00" noise="128.54" route="routeright" type="cfm-fast" waiting="0.00" lane="right_1" pos="44.29" speed="28.32" angle="284.80" x="75.34" y="127.91"/>
        <vehicle id="cfm-fast_5" eclass="HBEFA3/PC_G_EU4" CO2="15673.30" CO="248.52" HC="1.52" NOx="6.87" PMx="0.36" fuel="6.74" electricity="0.00" noise="75.84" route="routetop" type="cfm-fast" waiting="0.00" lane="top_0" pos="5.44" speed="18.94" angle="264.67" x="51.92" y="131.25"/>
        <vehicle id="cfm-slow_0" eclass="HBEFA3/PC_G_EU4" CO2="16679.34" CO="272.40" HC="1.65" NOx="7.38" PMx="0.38" fuel="7.17" electricity="0.00" noise="77.06" route="routetop" type="cfm-slow" waiting="0.00" lane="top_0" pos="19.50" speed="17.62" angle="239.35" x="24.21" y="119.78"/>
        <vehicle id="cfm-slow_1" eclass="HBEFA3/PC_G_EU4" CO2="17636.99" CO="291.90" HC="1.76" NOx="7.83" PMx="0.41" fuel="7.58" electricity="0.00" noise="77.90" route="routetop" type="cfm-slow" waiting="0.00" lane="top_0" pos="35.35" speed="17.70" angle="210.91" x="2.22" y="94.17"/>
        <vehicle id="cfm-slow_2" eclass="HBEFA3/PC_G_EU4" CO2="20624.52" CO="352.63" HC="2.11" NOx="9.23" PMx="0.49" fuel="8.87" electricity="0.00" noise="80.48" route="routetop" type="cfm-slow" waiting="0.00" lane="left_0" pos="1.28" speed="17.98" angle="182.17" x="-4.88" y="60.81"/>
        <vehicle id="cfm-slow_3" eclass="HBEFA3/PC_G_EU4" CO2="27902.03" CO="500.41" HC="2.97" NOx="12.64" PMx="0.68" fuel="11.99" electricity="0.00" noise="86.40" route="routetop" type="cfm-slow" waiting="0.00" lane="left_0" pos="17.52" speed="18.88" angle="152.92" x="5.20" y="27.75"/>
        <vehicle id="cfm-slow_4" eclass="HBEFA3/PC_G_EU4" CO2="40633.80" CO="760.38" HC="4.47" NOx="18.60" PMx="1.01" fuel="17.47" electricity="0.00" noise="94.91" route="routeleft" type="cfm-slow" waiting="0.00" lane="left_0" pos="34.73" speed="21.11" angle="122.06" x="31.96" y="2.82"/>
        <vehicle id="cfm-slow_5" eclass="HBEFA3/PC_G_EU4" CO2="51479.05" CO="990.07" HC="5.79" NOx="23.63" PMx="1.30" fuel="22.13" electricity="0.00" noise="98.76" route="routebottom" type="cfm-slow" waiting="0.00" lane="bottom_0" pos="4.30" speed="25.07" angle="86.79" x="72.98" y="-4.30"/>
    </timestep>
    <timestep time="2.12">
        <vehicle id="cfm-fast_0" eclass="HBEFA3/PC_G_EU4" CO2="52679.09" CO="1021.21" HC="5.96" NOx="24.16" PMx="1.34" fuel="22.64" electricity="0.00" noise="98.07" route="routebottom" type="cfm-fast" waiting="0.00" lane="bottom_0" pos="30.96" speed="26.70" angle="38.80" x="120.34" y="25.01"/>
        <vehicle id="cfm-fast_1" eclass="HBEFA3/PC_G_EU4" CO2="106525.13" CO="2139.39" HC="12.39" NOx="49.53" PMx="2.75" fuel="45.79" electricity="0.00" noise="128.61" route="routebottom" type="cfm-fast" waiting="0.00" lane="bottom_1" pos="47.10" speed="28.48" angle="9.78" x="128.70" y="57.69"/>
        <vehicle id="cfm-fast_2" eclass="HBEFA3/PC_G_EU4" CO2="42147.11" CO="792.61" HC="4.65" NOx="19.28" PMx="1.05" fuel="18.12" electricity="0.00" noise="94.40" route="routebottom" type="cfm-fast" waiting="0.00" lane="right_0" pos="10.06" speed="22.76" angle="346.34" x="128.86" y="85.04"/>
        <vehicle id="cfm-fast_3" eclass="HBEFA3/PC_G_EU4" CO2="32244.79" CO="595.49" HC="3.51" NOx="14.54" PMx="0.80" fuel="13.86" electricity="0.00" noise="85.73" route="routebottom" type="cfm-fast" waiting="0.00" lane="right_0" pos="28.15" speed="25.48" angle="313.81" x="107.15" y="116.73"/>
        <vehicle id="cfm-fast_4" eclass="HBEFA3/PC_G_EU4" CO2="106438.53" CO="2137.47" HC="12.38" NOx="49.48" PMx="2.75" fuel="45.75" electricity="0.00" noise="128.60" route="routeright" type="cfm-fast" waiting="0.00" lane="right_1" pos="44.57" speed="28.46" angle="284.25" x="74.77" y="128.02"/>
        <vehicle id="cfm-fast_5" eclass="HBEFA3/PC_G_EU4" CO2="15540.33" CO="245.74" HC="1.50" NOx="6.81" PMx="0.35" fuel="6.68" electricity="0.00" noise="75.73" route="routetop" type="cfm-fast" waiting="0.00" lane="top_0" pos="5.63" speed="18.97" angle="264.31" x="51.52" y="131.18"/>
        <vehicle id="cfm-slow_0" eclass="HBEFA3/PC_G_EU4" CO2="16591.90" CO="270.51" HC="1.64" NOx="7.34" PMx="0.38" fuel="7.13" electricity="0.00" noise="76.97" route="routetop" type="cfm-slow" waiting="0.00" lane="top_0" pos="19.67" speed="17.65" angle="239.03" x="23.90" y="119.56"/>
        <vehicle id="cfm-slow_1" eclass="HBEFA3/PC_G_EU4" CO2="17569.41" CO="290.42" HC="1.75" NOx="7.80" PMx="0.41" fuel="7.55" electricity="0.00" noise="77.82" route="routetop" type="cfm-slow" waiting="0.00" lane="top_0" pos="35.53" speed="17.73" angle="210.59" x="2.05" y="93.83"/>
        <vehicle id="cfm-slow_2" eclass="HBEFA3/PC_G_EU4" CO2="20598.20" CO="351.99" HC="2.11" NOx="9.22" PMx="0.49" fuel="8.85" electricity="0.00" noise="80.44" route="routetop" type="cfm-slow" waiting="0.00" lane="left_0" pos="1.46" speed="18.01" angle="181.85" x="-4.86" y="60.42"/>
        <vehicle id="cfm-slow_3" eclass="HBEFA3/PC_G_EU4" CO2="27926.55" CO="500.82" HC="2.97" NOx="12.66" PMx="0.68" fuel="12.00" electricity="0.00" noise="86.38" route="routetop" type="cfm-slow" waiting="0.00" lane="left_0" pos="17.71" speed="18.93" angle="152.57" x="5.41" y="27.41"/>
        <vehicle id="cfm-slow_4" eclass="HBEFA3/PC_G_EU4" CO2="40648.09" CO="760.67" HC="4.47" NOx="18.60" PMx="1.01" fuel="17.47" electricity="0.00" noise="94.85" route="routeleft" type="cfm-slow" waiting="0.00" lane="left_0" pos="34.94" speed="21.18" angle="121.67" x="32.36" y="2.61"/>
        <vehicle id="cfm-slow_5" eclass="HBEFA3/PC_G_EU4" CO2="51281.92" CO="986.25" HC="5.77" NOx="23.53" PMx="1.30" fuel="22.04" electricity="0.00" noise="98.56" route="routebottom" type="cfm-slow" waiting="0.00" lane="bottom_0" pos="4.55" speed="25.14" angle="86.34" x="73.51" y="-4.23"/>
    </timestep>
    <timestep time="2.13">
        <vehicle id="cfm-fast_0" eclass="HBEFA3/PC_G_EU4" CO2="52107.83" CO="1009.76" HC="5.90" NOx="23.89" PMx="1.32" fuel="22.40" electricity="0.00" noise="97.66" route="routebottom" type="cfm-fast" waiting="0.00" lane="bottom_0" pos="31.23" speed="26.76" angle="38.31" x="120.66" y="25.49"/>
        <vehicle id="cfm-fast_1" eclass="HBEFA3/PC_G_EU4" CO2="107053.27" CO="2151.11" HC="12.46" NOx="49.77" PMx="2.76" fuel="46.02" electricity="0.00" noise="128.68" route="routebottom" type="cfm-fast" waiting="0.00" lane="bottom_1" pos="47.38" speed="28.62" angle="9.30" x="128.76" y="58.27"/>
        <vehicle id="cfm-fast_2" eclass="HBEFA3/PC_G_EU4" CO2="41943.65" CO="788.51" HC="4.63" NOx="19.18" PMx="1.05" fuel="18.03" electricity="0.00" noise="94.18" route="routebottom" type="cfm-fast" waiting="0.00" lane="right_0" pos="10.29" speed="22.82" angle="345.99" x="128.71" y="85.51"/>
        <vehicle id="cfm-fast_3" eclass="HBEFA3/PC_G_EU4" CO2="31553.21" CO="581.40" HC="3.43" NOx="14.21" PMx="0.78" fuel="13.56" electricity="0.00" noise="85.27" route="routebottom" type="cfm-fast" waiting="0.00" lane="right_0" pos="28.41" speed="25.52" angle="313.37" x="106.72" y="117.07"/>
        <vehicle id="cfm-fast_4" eclass="HBEFA3/PC_G_EU4" CO2="106966.61" CO="2149.18" HC="12.45" NOx="49.73" PMx="2.76" fuel="45.98" electricity="0.00" noise="128.67" route="routeright" type="cfm-fast" waiting="0.00" lane="right_1" pos="44.86" speed="28.59" angle="283.76" x="74.19" y="128.12"/>
        <vehicle id="cfm-fast_5" eclass="HBEFA3/PC_G_EU4" CO2="15408.59" CO="242.98" HC="1.48" NOx="6.75" PMx="0.35" fuel="6.62" electricity="0.00" noise="75.62" route="routetop" type="cfm-fast" waiting="0.00" lane="top_0" pos="5.82" speed="18.99" angle="263.96" x="51.11" y="131.11"/>
        <vehicle id="cfm-slow_0" eclass="HBEFA3/PC_G_EU4" CO2="16505.14" CO="268.63" HC="1.63" NOx="7.30" PMx="0.38" fuel="7.09" electricity="0.00" noise="76.88" route="routetop" type="cfm-slow" waiting="0.00" lane="top_0" pos="19.85" speed="17.68" angle="238.71" x="23.59" y="119.34"/>
        <vehicle id="cfm-slow_1" eclass="HBEFA3/PC_G_EU4" CO2="17502.72" CO="288.96" HC="1.75" NOx="7.76" PMx="0.41" fuel="7.52" electricity="0.00" noise="77.75" route="routetop" type="cfm-slow" waiting="0.00" lane="top_0" pos="35.70" speed="17.76" angle="210.26" x="1.88" y="93.49"/>
        <vehicle id="cfm-slow_2" eclass="HBEFA3/PC_G_EU4" CO2="20572.82" CO="351.37" HC="2.11" NOx="9.21" PMx="0.49" fuel="8.84" electricity="0.00" noise="80.40" route="routetop" type="cfm-slow" waiting="0.00" lane="left_0" pos="1.64" speed="18.05" angle="181.53" x="-4.84" y="60.04"/>
        <vehicle id="cfm-slow_3" eclass="HBEFA3/PC_G_EU4" CO2="27951.41" CO="501.24" HC="2.97" NOx="12.67" PMx="0.68" fuel="12.01" electricity="0.00" noise="86.36" route="routetop" type="cfm-slow" waiting="0.00" lane="left_0" pos="17.90" speed="18.98" angle="152.28" x="5.62" y="27.06"/>
        <vehicle id="cfm-slow_4" eclass="HBEFA3/PC_G_EU4" CO2="40660.95" CO="760.94" HC="4.47" NOx="18.61" PMx="1.01" fuel="17.48" electricity="0.00" noise="94.79" route="routeleft" type="cfm-slow" waiting="0.00" lane="left_0" pos="35.15" speed="21.24" angle="121.28" x="32.77" y="2.41"/>
        <vehicle id="cfm-slow_5" eclass="HBEFA3/PC_G_EU4" CO2="51081.78" CO="982.37" HC="5.74" NOx="23.44" PMx="1.29" fuel="21.96" electricity="0.00" noise="98.35" route="routebottom" type="cfm-slow" waiting="0.00" lane="bottom_0" pos="4.80" speed="25.21" angle="85.88" x="74.05" y="-4.15"/>
    </timestep>
    <timestep time="2.14">
        <vehicle id="cfm-fast_0" eclass="HBEFA3/PC_G_EU4" CO2="51540.26" CO="998.39" HC="5.83" NOx="23.62" PMx="1.31" fuel="22.15" electricity="0.00" noise="97.24" route="routebottom" type="cfm-fast" waiting="0.00" lane="bottom_0" pos="31.50" speed="26.83" angle="37.83" x="120.98" y="25.97"/>
        <vehicle id="cfm-fast_1" eclass="HBEFA3/PC_G_EU4" CO2="107581.69" CO="2162.84" HC="12.53" NOx="50.02" PMx="2.78" fuel="46.24" electricity="0.00" noise="128.74" route="routebottom" type="cfm-fast" waiting="0.00" lane="bottom_1" pos="47.67" speed="28.75" angle="8.78" x="128.80" y="58.86"/>
        <vehicle id="cfm-fast_2" eclass="HBEFA3/PC_G_EU4" CO2="41735.97" CO="784.32" HC="4.61" NOx="19.08" PMx="1.04" fuel="17.94" electricity="0.00" noise="93.97" route="routebottom" type="cfm-fast" waiting="0.00" lane="right_0" pos="10.51" speed="22.89" angle="345.56" x="128.54" y="85.97"/>
        <vehicle id="cfm-fast_3" eclass="HBEFA3/PC_G_EU4" CO2="30868.62" CO="567.45" HC="3.35" NOx="13.89" PMx="0.77" fuel="13.27" electricity="0.00" noise="84.82" route="routebottom" type="cfm-fast" waiting="0.00" lane="right_0" pos="28.66" speed="25.56" angle="312.91" x="106.29" y="117.41"/>
        <vehicle id="cfm-fast_4" eclass="HBEFA3/PC_G_EU4" CO2="107494.99" CO="2160.92" HC="12.52" NOx="49.98" PMx="2.78" fuel="46.21" electricity="0.00" noise="128.73" route="routeright" type="cfm-fast" waiting="0.00" lane="right_1" pos="45.14" speed="28.73" angle="283.25" x="73.61" y="128.21"/>
        <vehicle id="cfm-fast_5" eclass="HBEFA3/PC_G_EU4" CO2="15278.08" CO="240.25" HC="1.47" NOx="6.68" PMx="0.35" fuel="6.57" electricity="0.00" noise="75.51" route="routetop" type="cfm-fast" waiting="0.00" lane="top_0" pos="6.01" speed="19.02" angle="263.60" x="50.71" y="131.03"/>
        <vehicle id="cfm-slow_0" eclass="HBEFA3/PC_G_EU4" CO2="16419.06" CO="266.78" HC="1.62" NOx="7.25" PMx="0.38" fuel="7.06" electricity="0.00" noise="76.79" route="routetop" type="cfm-slow" waiting="0.00" lane="top_0" pos="20.03" speed="17.71" angle="238.39" x="23.29" y="119.11"/>
        <vehicle id="cfm-slow_1" eclass="HBEFA3/PC_G_EU4" CO2="17436.91" CO="287.51" HC="1.74" NOx="7.73" PMx="0.40" fuel="7.50" electricity="0.00" noise="77.68" route="routetop" type="cfm-slow" waiting="0.00" lane="top_0" pos="35.88" speed="17.79" angle="209.97" x="1.71" y="93.14"/>
        <vehicle id="cfm-slow_2" eclass="HBEFA3/PC_G_EU4" CO2="20548.38" CO="350.77" HC="2.10" NOx="9.19" PMx="0.49" fuel="8.83" electricity="0.00" noise="80.35" route="routetop" type="cfm-slow" waiting="0.00" lane="left_0" pos="1.82" speed="18.09" angle="181.20" x="-4.82" y="59.65"/>
        <vehicle id="cfm-slow_3" eclass="HBEFA3/PC_G_EU4" CO2="27976.60" CO="501.67" HC="2.98" NOx="12.68" PMx="0.68" fuel="12.03" electricity="0.00" noise="86.34" route="routetop" type="cfm-slow" waiting="0.00" lane="left_0" pos="18.09" speed="19.03" angle="151.94" x="5.85" y="26.71"/>
        <vehicle id="cfm-slow_4" eclass="HBEFA3/PC_G_EU4" CO2="40672.38" CO="761.18" HC="4.47" NOx="18.61" PMx="1.01" fuel="17.48" electricity="0.00" noise="94.72" route="routeleft" type="cfm-slow" waiting="0.00" lane="left_0" pos="35.36" speed="21.31" angle="120.88" x="33.18" y="2.20"/>
        <vehicle id="cfm-slow_5" eclass="HBEFA3/PC_G_EU4" CO2="50878.71" CO="978.43" HC="5.72" NOx="23.34" PMx="1.29" fuel="21.87" electricity="0.00" noise="98.15" route="routebottom" type="cfm-slow" waiting="0.00" lane="bottom_0" pos="5.05" speed="25.28" angle="85.37" x="74.59" y="-4.08"/>
    </timestep>
    <timestep time="2.15">
        <vehicle id="cfm-fast_0" eclass="HBEFA3/PC_G_EU4" CO2="50976.37" CO="987.10" HC="5.76" NOx="23.35" PMx="1.29" fuel="21.91" electricity="0.00" noise="96.84" route="routebottom" type="cfm-fast" waiting="0.00" lane="bottom_0" pos="31.76" speed="26.90" angle="37.35" x="121.31" y="26.45"/>
        <vehicle id="cfm-fast_1" eclass="HBEFA3/PC_G_EU4" CO2="108110.41" CO="2174.60" HC="12.59" NOx="50.26" PMx="2.79" fuel="46.47" electricity="0.00" noise="128.81" route="routebottom" type="cfm-fast" waiting="0.00" lane="bottom_1" pos="47.96" speed="28.89" angle="8.22" x="128.83" y="59.45"/>
        <vehicle id="cfm-fast_2" eclass="HBEFA3/PC_G_EU4" CO2="41524.15" CO="780.05" HC="4.58" NOx="18.98" PMx="1.04" fuel="17.85" electricity="0.00" noise="93.76" route="routebottom" type="cfm-fast" waiting="0.00" lane="right_0" pos="10.74" speed="22.95" angle="345.12" x="128.38" y="86.43"/>
        <vehicle id="cfm-fast_3" eclass="HBEFA3/PC_G_EU4" CO2="30191.05" CO="553.64" HC="3.27" NOx="13.57" PMx="0.75" fuel="12.98" electricity="0.00" noise="84.37" route="routebottom" type="cfm-fast" waiting="0.00" lane="right_0" pos="28.92" speed="25.60" angle="312.44" x="105.85" y="117.75"/>
        <vehicle id="cfm-fast_4" eclass="HBEFA3/PC_G_EU4" CO2="108023.66" CO="2172.67" HC="12.58" NOx="50.22" PMx="2.79" fuel="46.43" electricity="0.00" noise="128.80" route="routeright" type="cfm-fast" waiting="0.00" lane="right_1" pos="45.43" speed="28.87" angle="282.72" x="73.02" y="128.29"/>
        <vehicle id="cfm-fast_5" eclass="HBEFA3/PC_G_EU4" CO2="15148.79" CO="237.54" HC="1.45" NOx="6.62" PMx="0.34" fuel="6.51" electricity="0.00" noise="75.40" route="routetop" type="cfm-fast" waiting="0.00" lane="top_0" pos="6.20" speed="19.04" angle="263.25" x="50.31" y="130.96"/>
        <vehicle id="cfm-slow_0" eclass="HBEFA3/PC_G_EU4" CO2="16333.66" CO="264.94" HC="1.61" NOx="7.21" PMx="0.38" fuel="7.02" electricity="0.00" noise="76.71" route="routetop" type="cfm-slow" waiting="0.00" lane="top_0" pos="20.20" speed="17.74" angle="238.06" x="22.98" y="118.89"/>
        <vehicle id="cfm-slow_1" eclass="HBEFA3/PC_G_EU4" CO2="17371.99" CO="286.09" HC="1.73" NOx="7.70" PMx="0.40" fuel="7.47" electricity="0.00" noise="77.61" route="routetop" type="cfm-slow" waiting="0.00" lane="top_0" pos="36.06" speed="17.82" angle="209.66" x="1.55" y="92.80"/>
        <vehicle id="cfm-slow_2" eclass="HBEFA3/PC_G_EU4" CO2="20524.86" CO="350.19" HC="2.10" NOx="9.18" PMx="0.48" fuel="8.82" electricity="0.00" noise="80.31" route="routetop" type="cfm-slow" waiting="0.00" lane="left_0" pos="2.01" speed="18.13" angle="180.88" x="-4.79" y="59.26"/>
        <vehicle id="cfm-slow_3" eclass="HBEFA3/PC_G_EU4" CO2="28002.10" CO="502.11" HC="2.98" NOx="12.69" PMx="0.68" fuel="12.04" electricity="0.00" noise="86.32" route="routetop" type="cfm-slow" waiting="0.00" lane="left_0" pos="18.28" speed="19.08" angle="151.58" x="6.08" y="26.37"/>
        <vehicle id="cfm-slow_4" eclass="HBEFA3/PC_G_EU4" CO2="40682.35" CO="761.40" HC="4.48" NOx="18.62" PMx="1.01" fuel="17.49" electricity="0.00" noise="94.66" route="routeleft" type="cfm-slow" waiting="0.00" lane="left_0" pos="35.58" speed="21.38" angle="120.49" x="33.60" y="2.00"/>
        <vehicle id="cfm-slow_5" eclass="HBEFA3/PC_G_EU4" CO2="50672.77" CO="974.44" HC="5.70" NOx="23.24" PMx="1.28" fuel="21.78" electricity="0.00" noise="97.95" route="routebottom" type="cfm-slow" waiting="0.00" lane="bottom_0" pos="5.31" speed="25.35" angle="84.92" x="75.13" y="-3.98"/>
    </timestep>
    <timestep time="2.16">
        <vehicle id="cfm-fast_0" eclass="HBEFA3/PC_G_EU4" CO2="50416.20" CO="975.88" HC="5.70" NOx="23.08" PMx="1.28" fuel="21.67" electricity="0.00" noise="96.44" route="routebottom" type="cfm-fast" waiting="0.00" lane="bottom_0" pos="32.03" speed="26.96" angle="36.92" x="121.63" y="26.93"/>
        <vehicle id="cfm-fast_1" eclass="HBEFA3/PC_G_EU4" CO2="108639.42" CO="2186.38" HC="12.66" NOx="50.51" PMx="2.81" fuel="46.70" electricity="0.00" noise="128.87" route="routebottom" type="cfm-fast" waiting="0.00" lane="bottom_1" pos="48.25" speed="29.02" angle="7.66" x="128.86" y="60.04"/>
        <vehicle id="cfm-fast_2" eclass="HBEFA3/PC_G_EU4" CO2="41308.29" CO="775.71" HC="4.56" NOx="18.87" PMx="1.03" fuel="17.76" electricity="0.00" noise="93.55" route="routebottom" type="cfm-fast" waiting="0.00" lane="right_0" pos="10.97" speed="23.01" angle="344.68" x="128.21" y="86.90"/>
        <vehicle id="cfm-fast_3" eclass="HBEFA3/PC_G_EU4" CO2="29520.54" CO="539.98" HC="3.19" NOx="13.25" PMx="0.73" fuel="12.69" electricity="0.00" noise="83.93" route="routebottom" type="cfm-fast" waiting="0.00" lane="right_0" pos="29.18" speed="25.64" angle="311.97" x="105.42" y="118.09"/>
        <vehicle id="cfm-fast_4" eclass="HBEFA3/PC_G_EU4" CO2="108552.62" CO="2184.45" HC="12.65" NOx="50.47" PMx="2.81" fuel="46.66" electricity="0.00" noise="128.86" route="routeright" type="cfm-fast" waiting="0.00" lane="right_1" pos="45.72" speed="29.00" angle="282.19" x="72.43" y="128.37"/>
        <vehicle id="cfm-fast_5" eclass="HBEFA3/PC_G_EU4" CO2="15020.73" CO="234.87" HC="1.44" NOx="6.56" PMx="0.34" fuel="6.46" electricity="0.00" noise="75.30" route="routetop" type="cfm-fast" waiting="0.00" lane="top_0" pos="6.39" speed="19.07" angle="262.96" x="49.91" y="130.88"/>
        <vehicle id="cfm-slow_0" eclass="HBEFA3/PC_G_EU4" CO2="16248.96" CO="263.11" HC="1.60" NOx="7.17" PMx="0.37" fuel="6.98" electricity="0.00" noise="76.62" route="routetop" type="cfm-slow" waiting="0.00" lane="top_0" pos="20.38" speed="17.77" angle="237.75" x="22.67" y="118.67"/>
        <vehicle id="cfm-slow_1" eclass="HBEFA3/PC_G_EU4" CO2="17307.95" CO="284.68" HC="1.72" NOx="7.67" PMx="0.40" fuel="7.44" electricity="0.00" noise="77.54" route="routetop" type="cfm-slow" waiting="0.00" lane="top_0" pos="36.24" speed="17.85" angle="209.32" x="1.39" y="92.45"/>
        <vehicle id="cfm-slow_2" eclass="HBEFA3/PC_G_EU4" CO2="20502.27" CO="349.63" HC="2.10" NOx="9.17" PMx="0.48" fuel="8.81" electricity="0.00" noise="80.27" route="routetop" type="cfm-slow" waiting="0.00" lane="left_0" pos="2.19" speed="18.16" angle="180.55" x="-4.77" y="58.87"/>
        <vehicle id="cfm-slow_3" eclass="HBEFA3/PC_G_EU4" CO2="28027.90" CO="502.55" HC="2.98" NOx="12.70" PMx="0.68" fuel="12.05" electricity="0.00" noise="86.30" route="routetop" type="cfm-slow" waiting="0.00" lane="left_0" pos="18.47" speed="19.13" angle="151.23" x="6.30" y="26.03"/>
        <vehicle id="cfm-slow_4" eclass="HBEFA3/PC_G_EU4" CO2="40690.86" CO="761.59" HC="4.48" NOx="18.62" PMx="1.01" fuel="17.49" electricity="0.00" noise="94.60" route="routeleft" type="cfm-slow" waiting="0.00" lane="left_0" pos="35.79" speed="21.44" angle="120.10" x="34.01" y="1.79"/>
        <vehicle id="cfm-slow_5" eclass="HBEFA3/PC_G_EU4" CO2="50464.04" CO="970.38" HC="5.67" NOx="23.14" PMx="1.28" fuel="21.69" electricity="0.00" noise="97.75" route="routebottom" type="cfm-slow" waiting="0.00" lane="bottom_0" pos="5.56" speed="25.42" angle="84.46" x="75.67" y="-3.89"/>
    </timestep>
    <timestep time="2.17">
        <vehicle id="cfm-fast_0" eclass="HBEFA3/PC_G_EU4" CO2="49859.75" CO="964.74" HC="5.63" NOx="22.82" PMx="1.27" fuel="21.43" electricity="0.00" noise="96.04" route="routebottom" type="cfm-fast" waiting="0.00" lane="bottom_0" pos="32.30" speed="27.03" angle="36.43" x="121.93" y="27.43"/>
        <vehicle id="cfm-fast_1" eclass="HBEFA3/PC_G_EU4" CO2="109168.72" CO="2198.19" HC="12.73" NOx="50.76" PMx="2.82" fuel="46.93" electricity="0.00" noise="128.94" route="routebottom" type="cfm-fast" waiting="0.00" lane="bottom_1" pos="48.54" speed="29.16" angle="7.10" x="128.90" y="60.64"/>
        <vehicle id="cfm-fast_2" eclass="HBEFA3/PC_G_EU4" CO2="41088.48" CO="771.28" HC="4.53" NOx="18.77" PMx="1.03" fuel="17.66" electricity="0.00" noise="93.33" route="routebottom" type="cfm-fast" waiting="0.00" lane="right_0" pos="11.21" speed="23.07" angle="344.24" x="128.04" y="87.37"/>
        <vehicle id="cfm-fast_3" eclass="HBEFA3/PC_G_EU4" CO2="28857.11" CO="526.46" HC="3.12" NOx="12.94" PMx="0.71" fuel="12.40" electricity="0.00" noise="83.50" route="routebottom" type="cfm-fast" waiting="0.00" lane="right_0" pos="29.43" speed="25.67" angle="311.54" x="104.98" y="118.43"/>
        <vehicle id="cfm-fast_4" eclass="HBEFA3/PC_G_EU4" CO2="109081.88" CO="2196.25" HC="12.72" NOx="50.72" PMx="2.82" fuel="46.89" electricity="0.00" noise="128.93" route="routeright" type="cfm-fast" waiting="0.00" lane="right_1" pos="46.01" speed="29.14" angle="281.66" x="71.84" y="128.46"/>
        <vehicle id="cfm-fast_5" eclass="HBEFA3/PC_G_EU4" CO2="14893.90" CO="232.21" HC="1.42" NOx="6.50" PMx="0.34" fuel="6.40" electricity="0.00" noise="75.20" route="routetop" type="cfm-fast" waiting="0.00" lane="top_0" pos="6.58" speed="19.09" angle="262.60" x="49.51" y="130.79"/>
        <vehicle id="cfm-slow_0" eclass="HBEFA3/PC_G_EU4" CO2="16164.96" CO="261.30" HC="1.59" NOx="7.13" PMx="0.37" fuel="6.95" electricity="0.00" noise="76.54" route="routetop" type="cfm-slow" waiting="0.00" lane="top_0" pos="20.56" speed="17.80" angle="237.47" x="22.36" y="118.44"/>
        <vehicle id="cfm-slow_1" eclass="HBEFA3/PC_G_EU4" CO2="17244.81" CO="283.30" HC="1.71" NOx="7.64" PMx="0.40" fuel="7.41" electricity="0.00" noise="77.47" route="routetop" type="cfm-slow" waiting="0.00" lane="top_0" pos="36.42" speed="17.88" angle="208.99" x="1.23" y="92.09"/>
        <vehicle id="cfm-slow_2" eclass="HBEFA3/PC_G_EU4" CO2="20480.61" CO="349.09" HC="2.09" NOx="9.16" PMx="0.48" fuel="8.80" electricity="0.00" noise="80.23" route="routetop" type="cfm-slow" waiting="0.00" lane="left_0" pos="2.37" speed="18.20" angle="180.22" x="-4.75" y="58.48"/>
        <vehicle id="cfm-slow_3" eclass="HBEFA3/PC_G_EU4" CO2="28053.99" CO="503.01" HC="2.98" NOx="12.71" PMx="0.68" fuel="12.06" electricity="0.00" noise="86.28" route="routetop" type="cfm-slow" waiting="0.00" lane="left_0" pos="18.66" speed="19.18" angle="150.87" x="6.53" y="25.68"/>
        <vehicle id="cfm-slow_4" eclass="HBEFA3/PC_G_EU4" CO2="40697.89" CO="761.75" HC="4.48" NOx="18.62" PMx="1.01" fuel="17.49" electricity="0.00" noise="94.53" route="routeleft" type="cfm-slow" waiting="0.00" lane="left_0" pos="36.01" speed="21.51" angle="119.75" x="34.43" y="1.59"/>
        <vehicle id="cfm-slow_5" eclass="HBEFA3/PC_G_EU4" CO2="50252.59" CO="966.28" HC="5.65" NOx="23.04" PMx="1.27" fuel="21.60" electricity="0.00" noise="97.55" route="routebottom" type="cfm-slow" waiting="0.00" lane="bottom_0" pos="5.82" speed="25.49" angle="83.99" x="76.20" y="-3.79"/>
    </timestep>
    <timestep time="2.18">
        <vehicle id="cfm-fast_0" eclass="HBEFA3/PC_G_EU4" CO2="49307.03" CO="953.67" HC="5.57" NOx="22.56" PMx="1.25" fuel="21.19" electricity="0.00" noise="95.65" route="routebottom" type="cfm-fast" waiting="0.00" lane="bottom_0" pos="32.58" speed="27.09" angle="35.92" x="122.23" y="27.93"/>
        <vehicle id="cfm-fast_1" eclass="HBEFA3/PC_G_EU4" CO2="109698.31" CO="2210.01" HC="12.79" NOx="51.00" PMx="2.84" fuel="47.15" electricity="0.00" noise="129.00" route="routebottom" type="cfm-fast" waiting="0.00" lane="bottom_1" pos="48.83" speed="29.30" angle="6.61" x="128.92" y="61.24"/>
        <vehicle id="cfm-fast_2" eclass="HBEFA3/PC_G_EU4" CO2="40864.81" CO="766.77" HC="4.51" NOx="18.66" PMx="1.02" fuel="17.57" electricity="0.00" noise="93.11" route="routebottom" type="cfm-fast" waiting="0.00" lane="right_0" pos="11.44" speed="23.13" angle="343.83" x="127.87" y="87.83"/>
        <vehicle id="cfm-fast_3" eclass="HBEFA3/PC_G_EU4" CO2="28200.80" CO="513.08" HC="3.04" NOx="12.63" PMx="0.70" fuel="12.12" electricity="0.00" noise="83.08" route="routebottom" type="cfm-fast" waiting="0.00" lane="right_0" pos="29.69" speed="25.71" angle="311.09" x="104.54" y="118.76"/>
        <vehicle id="cfm-fast_4" eclass="HBEFA3/PC_G_EU4" CO2="109611.42" CO="2208.07" HC="12.78" NOx="50.96" PMx="2.83" fuel="47.12" electricity="0.00" noise="128.99" route="routeright" type="cfm-fast" waiting="0.00" lane="right_1" pos="46.31" speed="29.27" angle="281.19" x="71.25" y="128.53"/>
        <vehicle id="cfm-fast_5" eclass="HBEFA3/PC_G_EU4" CO2="14768.28" CO="229.59" HC="1.41" NOx="6.44" PMx="0.33" fuel="6.35" electricity="0.00" noise="75.09" route="routetop" type="cfm-fast" waiting="0.00" lane="top_0" pos="6.78" speed="19.11" angle="262.24" x="49.10" y="130.70"/>
        <vehicle id="cfm-slow_0" eclass="HBEFA3/PC_G_EU4" CO2="16081.66" CO="259.50" HC="1.58" NOx="7.09" PMx="0.37" fuel="6.91" electricity="0.00" noise="76.46" route="routetop" type="cfm-slow" waiting="0.00" lane="top_0" pos="20.74" speed="17.83" angle="237.15" x="22.06" y="118.20"/>
        <vehicle id="cfm-slow_1" eclass="HBEFA3/PC_G_EU4" CO2="17182.56" CO="281.93" HC="1.71" NOx="7.61" PMx="0.40" fuel="7.39" electricity="0.00" noise="77.40" route="routetop" type="cfm-slow" waiting="0.00" lane="top_0" pos="36.60" speed="17.92" angle="208.65" x="1.07" y="91.74"/>
        <vehicle id="cfm-slow_2" eclass="HBEFA3/PC_G_EU4" CO2="20459.86" CO="348.58" HC="2.09" NOx="9.15" PMx="0.48" fuel="8.79" electricity="0.00" noise="80.19" route="routetop" type="cfm-slow" waiting="0.00" lane="left_0" pos="2.55" speed="18.24" angle="179.92" x="-4.72" y="58.09"/>
        <vehicle id="cfm-slow_3" eclass="HBEFA3/PC_G_EU4" CO2="28080.36" CO="503.47" HC="2.99" NOx="12.72" PMx="0.68" fuel="12.07" electricity="0.00" noise="86.27" route="routetop" type="cfm-slow" waiting="0.00" lane="left_0" pos="18.86" speed="19.23" angle="150.51" x="6.76" y="25.34"/>
        <vehicle id="cfm-slow_4" eclass="HBEFA3/PC_G_EU4" CO2="40703.45" CO="761.89" HC="4.48" NOx="18.62" PMx="1.01" fuel="17.50" electricity="0.00" noise="94.47" route="routeleft" type="cfm-slow" waiting="0.00" lane="left_0" pos="36.22" speed="21.58" angle="119.35" x="34.85" y="1.40"/>
        <vehicle id="cfm-slow_5" eclass="HBEFA3/PC_G_EU4" CO2="50038.48" CO="962.12" HC="5.63" NOx="22.94" PMx="1.27" fuel="21.51" electricity="0.00" noise="97.35" route="routebottom" type="cfm-slow" waiting="0.00" lane="bottom_0" pos="6.07" speed="25.56" angle="83.53" x="76.75" y="-3.69"/>
    </timestep>
    <timestep time="2.19">
        <vehicle id="cfm-fast_0" eclass="HBEFA3/PC_G_EU4" CO2="48758.05" CO="942.67" HC="5.51" NOx="22.30" PMx="1.24" fuel="20.96" electricity="0.00" noise="95.27" route="routebottom" type="cfm-fast" waiting="0.00" lane="bottom_0" pos="32.85" speed="27.15" angle="35.41" x="122.53" y="28.43"/>
        <vehicle id="cfm-fast_1" eclass="HBEFA3/PC_G_EU4" CO2="110228.20" CO="2221.85" HC="12.86" NOx="51.25" PMx="2.85" fuel="47.38" electricity="0.00" noise="129.07" route="routebottom" type="cfm-fast" waiting="0.00" lane="bottom_1" pos="49.13" speed="29.43" angle="6.07" x="128.94" y="61.84"/>
        <vehicle id="cfm-fast_2" eclass="HBEFA3/PC_G_EU4" CO2="40637.36" CO="762.19" HC="4.48" NOx="18.55" PMx="1.02" fuel="17.47" electricity="0.00" noise="92.90" route="routebottom" type="cfm-fast" waiting="0.00" lane="right_0" pos="11.67" speed="23.20" angle="343.43" x="127.69" y="88.30"/>
        <vehicle id="cfm-fast_3" eclass="HBEFA3/PC_G_EU4" CO2="27551.63" CO="499.84" HC="2.96" NOx="12.32" PMx="0.68" fuel="11.84" electricity="0.00" noise="82.67" route="routebottom" type="cfm-fast" waiting="0.00" lane="right_0" pos="29.95" speed="25.74" angle="310.61" x="104.09" y="119.08"/>
        <vehicle id="cfm-fast_4" eclass="HBEFA3/PC_G_EU4" CO2="110141.26" CO="2219.91" HC="12.85" NOx="51.21" PMx="2.85" fuel="47.34" electricity="0.00" noise="129.06" route="routeright" type="cfm-fast" waiting="0.00" lane="right_1" pos="46.60" speed="29.41" angle="280.66" x="70.65" y="128.59"/>
        <vehicle id="cfm-fast_5" eclass="HBEFA3/PC_G_EU4" CO2="14643.88" CO="226.99" HC="1.39" NOx="6.38" PMx="0.33" fuel="6.29" electricity="0.00" noise="75.00" route="routetop" type="cfm-fast" waiting="0.00" lane="top_0" pos="6.97" speed="19.14" angle="261.88" x="48.70" y="130.61"/>
        <vehicle id="cfm-slow_0" eclass="HBEFA3/PC_G_EU4" CO2="15999.06" CO="257.72" HC="1.57" NOx="7.05" PMx="0.37" fuel="6.88" electricity="0.00" noise="76.38" route="routetop" type="cfm-slow" waiting="0.00" lane="top_0" pos="20.92" speed="17.86" angle="236.82" x="21.75" y="117.96"/>
        <vehicle id="cfm-slow_1" eclass="HBEFA3/PC_G_EU4" CO2="17121.20" CO="280.59" HC="1.70" NOx="7.58" PMx="0.40" fuel="7.36" electricity="0.00" noise="77.34" route="routetop" type="cfm-slow" waiting="0.00" lane="top_0" pos="36.78" speed="17.95" angle="208.31" x="0.91" y="91.39"/>
        <vehicle id="cfm-slow_2" eclass="HBEFA3/PC_G_EU4" CO2="20440.02" CO="348.08" HC="2.09" NOx="9.14" PMx="0.48" fuel="8.79" electricity="0.00" noise="80.15" route="routetop" type="cfm-slow" waiting="0.00" lane="left_0" pos="2.73" speed="18.28" angle="179.59" x="-4.68" y="57.69"/>
        <vehicle id="cfm-slow_3" eclass="HBEFA3/PC_G_EU4" CO2="28106.99" CO="503.94" HC="2.99" NOx="12.73" PMx="0.68" fuel="12.08" electricity="0.00" noise="86.25" route="routetop" type="cfm-slow" waiting="0.00" lane="left_0" pos="19.05" speed="19.28" angle="150.14" x="6.99" y="24.99"/>
        <vehicle id="cfm-slow_4" eclass="HBEFA3/PC_G_EU4" CO2="40707.51" CO="761.99" HC="4.48" NOx="18.62" PMx="1.01" fuel="17.50" electricity="0.00" noise="94.40" route="routeleft" type="cfm-slow" waiting="0.00" lane="left_0" pos="36.44" speed="21.64" angle="118.94" x="35.27" y="1.21"/>
        <vehicle id="cfm-slow_5" eclass="HBEFA3/PC_G_EU4" CO2="49821.79" CO="957.91" HC="5.60" NOx="22.83" PMx="1.26" fuel="21.42" electricity="0.00" noise="97.14" route="routebottom" type="cfm-slow" waiting="0.00" lane="bottom_0" pos="6.33" speed="25.63" angle="83.10" x="77.29" y="-3.59"/>
    </timestep>
    <timestep time="2.20">
        <vehicle id="cfm-fast_0" eclass="HBEFA3/PC_G_EU4" CO2="48212.81" CO="931.75" HC="5.44" NOx="22.04" PMx="1.22" fuel="20.72" electricity="0.00" noise="94.89" route="routebottom" type="cfm-fast" waiting="0.00" lane="bottom_0" pos="33.12" speed="27.21" angle="34.91" x="122.83" y="28.94"/>
        <vehicle id="cfm-fast_1" eclass="HBEFA3/PC_G_EU4" CO2="110758.38" CO="2233.72" HC="12.93" NOx="51.50" PMx="2.86" fuel="47.61" electricity="0.00" noise="129.13" route="routebottom" type="cfm-fast" waiting="0.00" lane="bottom_1" pos="49.42" speed="29.57" angle="5.53" x="128.95" y="62.45"/>
        <vehicle id="cfm-fast_2" eclass="HBEFA3/PC_G_EU4" CO2="40406.23" CO="757.54" HC="4.45" NOx="18.44" PMx="1.01" fuel="17.37" electricity="0.00" noise="92.68" route="routebottom" type="cfm-fast" waiting="0.00" lane="right_0" pos="11.90" speed="23.26" angle="343.01" x="127.50" y="88.76"/>
        <vehicle id="cfm-fast_3" eclass="HBEFA3/PC_G_EU4" CO2="26909.62" CO="486.75" HC="2.89" NOx="12.02" PMx="0.66" fuel="11.57" electricity="0.00" noise="82.26" route="routebottom" type="cfm-fast" waiting="0.00" lane="right_0" pos="30.21" speed="25.78" angle="310.13" x="103.64" y="119.40"/>
        <vehicle id="cfm-fast_4" eclass="HBEFA3/PC_G_EU4" CO2="110671.39" CO="2231.77" HC="12.92" NOx="51.46" PMx="2.86" fuel="47.57" electricity="0.00" noise="129.12" route="routeright" type="cfm-fast" waiting="0.00" lane="right_1" pos="46.90" speed="29.55" angle="280.13" x="70.04" y="128.65"/>
        <vehicle id="cfm-fast_5" eclass="HBEFA3/PC_G_EU4" CO2="14520.70" CO="224.41" HC="1.38" NOx="6.32" PMx="0.33" fuel="6.24" electricity="0.00" noise="74.90" route="routetop" type="cfm-fast" waiting="0.00" lane="top_0" pos="7.16" speed="19.16" angle="261.52" x="48.30" y="130.52"/>
        <vehicle id="cfm-slow_0" eclass="HBEFA3/PC_G_EU4" CO2="15917.17" CO="255.96" HC="1.56" NOx="7.01" PMx="0.36" fuel="6.84" electricity="0.00" noise="76.30" route="routetop" type="cfm-slow" waiting="0.00" lane="top_0" pos="21.10" speed="17.89" angle="236.49" x="21.45" y="117.73"/>
        <vehicle id="cfm-slow_1" eclass="HBEFA3/PC_G_EU4" CO2="17060.75" CO="279.26" HC="1.69" NOx="7.55" PMx="0.39" fuel="7.33" electricity="0.00" noise="77.27" route="routetop" type="cfm-slow" waiting="0.00" lane="top_0" pos="36.96" speed="17.98" angle="207.98" x="0.75" y="91.04"/>
        <vehicle id="cfm-slow_2" eclass="HBEFA3/PC_G_EU4" CO2="20421.09" CO="347.60" HC="2.09" NOx="9.13" PMx="0.48" fuel="8.78" electricity="0.00" noise="80.12" route="routetop" type="cfm-slow" waiting="0.00" lane="left_0" pos="2.92" speed="18.31" angle="179.26" x="-4.64" y="57.30"/>
        <vehicle id="cfm-slow_3" eclass="HBEFA3/PC_G_EU4" CO2="28133.87" CO="504.41" HC="2.99" NOx="12.74" PMx="0.68" fuel="12.09" electricity="0.00" noise="86.23" route="routetop" type="cfm-slow" waiting="0.00" lane="left_0" pos="19.24" speed="19.33" angle="149.85" x="7.22" y="24.65"/>
        <vehicle id="cfm-slow_4" eclass="HBEFA3/PC_G_EU4" CO2="40710.08" CO="762.08" HC="4.48" NOx="18.62" PMx="1.01" fuel="17.50" electricity="0.00" noise="94.34" route="routeleft" type="cfm-slow" waiting="0.00" lane="left_0" pos="36.66" speed="21.71" angle="118.53" x="35.70" y="1.02"/>
        <vehicle id="cfm-slow_5" eclass="HBEFA3/PC_G_EU4" CO2="49602.58" CO="953.65" HC="5.58" NOx="22.73" PMx="1.26" fuel="21.32" electricity="0.00" noise="96.94" route="routebottom" type="cfm-slow" waiting="0.00" lane="bottom_0" pos="6.59" speed="25.70" angle="82.63" x="77.83" y="-3.47"/>
    </timestep>
    <timestep time="2.21">
        <vehicle id="cfm-fast_0" eclass="HBEFA3/PC_G_EU4" CO2="47671.33" CO="920.91" HC="5.38" NOx="21.78" PMx="1.21" fuel="20.49" electricity="0.00" noise="94.51" route="routebottom" type="cfm-fast" waiting="0.00" lane="bottom_0" pos="33.39" speed="27.27" angle="34.45" x="123.13" y="29.44"/>
        <vehicle id="cfm-fast_1" eclass="HBEFA3/PC_G_EU4" CO2="111288.85" CO="2245.61" HC="13.00" NOx="51.75" PMx="2.88" fuel="47.84" electricity="0.00" noise="129.20" route="routebottom" type="cfm-fast" waiting="0.00" lane="bottom_1" pos="49.72" speed="29.71" angle="4.98" x="128.96" y="63.06"/>
        <vehicle id="cfm-fast_2" eclass="HBEFA3/PC_G_EU4" CO2="40171.50" CO="752.81" HC="4.43" NOx="18.33" PMx="1.00" fuel="17.27" electricity="0.00" noise="92.46" route="routebottom" type="cfm-fast" waiting="0.00" lane="right_0" pos="12.13" speed="23.32" angle="342.58" x="127.31" y="89.23"/>
        <vehicle id="cfm-fast_3" eclass="HBEFA3/PC_G_EU4" CO2="26274.79" CO="473.81" HC="2.81" NOx="11.72" PMx="0.65" fuel="11.29" electricity="0.00" noise="81.86" route="routebottom" type="cfm-fast" waiting="0.00" lane="right_0" pos="30.46" speed="25.81" angle="309.65" x="103.19" y="119.73"/>
        <vehicle id="cfm-fast_4" eclass="HBEFA3/PC_G_EU4" CO2="111201.81" CO="2243.66" HC="12.99" NOx="51.71" PMx="2.88" fuel="47.80" electricity="0.00" noise="129.19" route="routeright" type="cfm-fast" waiting="0.00" lane="right_1" pos="47.19" speed="29.68" angle="279.60" x="69.44" y="128.72"/>
        <vehicle id="cfm-fast_5" eclass="HBEFA3/PC_G_EU4" CO2="14398.73" CO="221.86" HC="1.36" NOx="6.27" PMx="0.33" fuel="6.19" electricity="0.00" noise="74.80" route="routetop" type="cfm-fast" waiting="0.00" lane="top_0" pos="7.35" speed="19.18" angle="261.15" x="47.90" y="130.43"/>
        <vehicle id="cfm-slow_0" eclass="HBEFA3/PC_G_EU4" CO2="15835.99" CO="254.21" HC="1.55" NOx="6.97" PMx="0.36" fuel="6.81" electricity="0.00" noise="76.22" route="routetop" type="cfm-slow" waiting="0.00" lane="top_0" pos="21.27" speed="17.91" angle="236.16" x="21.15" y="117.49"/>
        <vehicle id="cfm-slow_1" eclass="HBEFA3/PC_G_EU4" CO2="17001.18" CO="277.96" HC="1.68" NOx="7.52" PMx="0.39" fuel="7.31" electricity="0.00" noise="77.21" route="routetop" type="cfm-slow" waiting="0.00" lane="top_0" pos="37.14" speed="18.01" angle="207.68" x="0.60" y="90.69"/>
        <vehicle id="cfm-slow_2" eclass="HBEFA3/PC_G_EU4" CO2="20403.06" CO="347.14" HC="2.08" NOx="9.12" PMx="0.48" fuel="8.77" electricity="0.00" noise="80.08" route="routetop" type="cfm-slow" waiting="0.00" lane="left_0" pos="3.10" speed="18.35" angle="178.93" x="-4.60" y="56.91"/>
        <vehicle id="cfm-slow_3" eclass="HBEFA3/PC_G_EU4" CO2="28160.98" CO="504.90" HC="2.99" NOx="12.76" PMx="0.68" fuel="12.10" electricity="0.00" noise="86.21" route="routetop" type="cfm-slow" waiting="0.00" lane="left_0" pos="19.44" speed="19.38" angle="149.49" x="7.47" y="24.31"/>
        <vehicle id="cfm-slow_4" eclass="HBEFA3/PC_G_EU4" CO2="40711.14" CO="762.13" HC="4.48" NOx="18.62" PMx="1.01" fuel="17.50" electricity="0.00" noise="94.27" route="routeleft" type="cfm-slow" waiting="0.00" lane="left_0" pos="36.87" speed="21.77" angle="118.13" x="36.13" y="0.82"/>
        <vehicle id="cfm-slow_5" eclass="HBEFA3/PC_G_EU4" CO2="49380.92" CO="949.34" HC="5.55" NOx="22.62" PMx="1.25" fuel="21.23" electricity="0.00" noise="96.74" route="routebottom" type="cfm-slow" waiting="0.00" lane="bottom_0" pos="6.84" speed="25.76" angle="82.13" x="78.37" y="-3.34"/>
    </timestep>
    <timestep time="2.22">
        <vehicle id="cfm-fast_0" eclass="HBEFA3/PC_G_EU4" CO2="47133.59" CO="910.15" HC="5.32" NOx="21.53" PMx="1.20" fuel="20.26" electricity="0.00" noise="94.14" route="routebottom" type="cfm-fast" waiting="0.00" lane="bottom_0" pos="33.66" speed="27.33" angle="33.95" x="123.41" y="29.96"/>
        <vehicle id="cfm-fast_1" eclass="HBEFA3/PC_G_EU4" CO2="111819.61" CO="2257.52" HC="13.06" NOx="51.99" PMx="2.89" fuel="48.07" electricity="0.00" noise="129.26" route="routebottom" type="cfm-fast" waiting="0.00" lane="right_1" pos="0.02" speed="29.84" angle="4.46" x="128.97" y="63.73"/>
        <vehicle id="cfm-fast_2" eclass="HBEFA3/PC_G_EU4" CO2="39933.26" CO="748.02" HC="4.40" NOx="18.22" PMx="1.00" fuel="17.17" electricity="0.00" noise="92.24" route="routebottom" type="cfm-fast" waiting="0.00" lane="right_0" pos="12.37" speed="23.37" angle="342.16" x="127.13" y="89.70"/>
        <vehicle id="cfm-fast_3" eclass="HBEFA3/PC_G_EU4" CO2="25647.15" CO="461.01" HC="2.74" NOx="11.42" PMx="0.63" fuel="11.02" electricity="0.00" noise="81.47" route="routebottom" type="cfm-fast" waiting="0.00" lane="right_0" pos="30.72" speed="25.84" angle="309.21" x="102.73" y="120.05"/>
        <vehicle id="cfm-fast_4" eclass="HBEFA3/PC_G_EU4" CO2="111732.53" CO="2255.56" HC="13.05" NOx="51.95" PMx="2.89" fuel="48.03" electricity="0.00" noise="129.25" route="routeright" type="cfm-fast" waiting="0.00" lane="right_1" pos="47.49" speed="29.82" angle="279.12" x="68.83" y="128.77"/>
        <vehicle id="cfm-fast_5" eclass="HBEFA3/PC_G_EU4" CO2="14277.97" CO="219.34" HC="1.35" NOx="6.21" PMx="0.32" fuel="6.14" electricity="0.00" noise="74.71" route="routetop" type="cfm-fast" waiting="0.00" lane="top_0" pos="7.54" speed="19.21" angle="260.80" x="47.50" y="130.34"/>
        <vehicle id="cfm-slow_0" eclass="HBEFA3/PC_G_EU4" CO2="15755.53" CO="252.48" HC="1.54" NOx="6.94" PMx="0.36" fuel="6.77" electricity="0.00" noise="76.14" route="routetop" type="cfm-slow" waiting="0.00" lane="top_0" pos="21.45" speed="17.94" angle="235.83" x="20.84" y="117.25"/>
        <vehicle id="cfm-slow_1" eclass="HBEFA3/PC_G_EU4" CO2="16942.52" CO="276.67" HC="1.68" NOx="7.49" PMx="0.39" fuel="7.28" electricity="0.00" noise="77.15" route="routetop" type="cfm-slow" waiting="0.00" lane="top_0" pos="37.32" speed="18.04" angle="207.38" x="0.45" y="90.33"/>
        <vehicle id="cfm-slow_2" eclass="HBEFA3/PC_G_EU4" CO2="20385.94" CO="346.71" HC="2.08" NOx="9.11" PMx="0.48" fuel="8.76" electricity="0.00" noise="80.05" route="routetop" type="cfm-slow" waiting="0.00" lane="left_0" pos="3.28" speed="18.39" angle="178.61" x="-4.56" y="56.52"/>
        <vehicle id="cfm-slow_3" eclass="HBEFA3/PC_G_EU4" CO2="28188.32" CO="505.39" HC="3.00" NOx="12.77" PMx="0.69" fuel="12.12" electricity="0.00" noise="86.20" route="routetop" type="cfm-slow" waiting="0.00" lane="left_0" pos="19.63" speed="19.43" angle="149.13" x="7.71" y="23.97"/>
        <vehicle id="cfm-slow_4" eclass="HBEFA3/PC_G_EU4" CO2="40710.69" CO="762.16" HC="4.48" NOx="18.62" PMx="1.01" fuel="17.50" electricity="0.00" noise="94.20" route="routeleft" type="cfm-slow" waiting="0.00" lane="left_0" pos="37.09" speed="21.84" angle="117.73" x="36.55" y="0.63"/>
        <vehicle id="cfm-slow_5" eclass="HBEFA3/PC_G_EU4" CO2="49156.87" CO="944.99" HC="5.53" NOx="22.51" PMx="1.24" fuel="21.13" electricity="0.00" noise="96.54" route="routebottom" type="cfm-slow" waiting="0.00" lane="bottom_0" pos="7.10" speed="25.83" angle="81.64" x="78.91" y="-3.22"/>
    </timestep>
    <timestep time="2.23">
        <vehicle id="cfm-fast_0" eclass="HBEFA3/PC_G_EU4" CO2="46599.60" CO="899.45" HC="5.26" NOx="21.27" PMx="1.18" fuel="20.03" electricity="0.00" noise="93.78" route="routebottom" type="cfm-fast" waiting="0.00" lane="bottom_0" pos="33.94" speed="27.39" angle="33.45" x="123.69" y="30.47"/>
        <vehicle id="cfm-fast_1" eclass="HBEFA3/PC_G_EU4" CO2="112350.66" CO="2269.45" HC="13.13" NOx="52.24" PMx="2.91" fuel="48.29" electricity="0.00" noise="129.33" route="routebottom" type="cfm-fast" waiting="0.00" lane="right_1" pos="0.32" speed="29.98" angle="3.91" x="128.96" y="64.35"/>
        <vehicle id="cfm-fast_2" eclass="HBEFA3/PC_G_EU4" CO2="39691.61" CO="743.15" HC="4.37" NOx="18.10" PMx="0.99" fuel="17.06" electricity="0.00" noise="92.02" route="routebottom" type="cfm-fast" waiting="0.00" lane="right_0" pos="12.60" speed="23.43" angle="341.73" x="126.94" y="90.16"/>
        <vehicle id="cfm-fast_3" eclass="HBEFA3/PC_G_EU4" CO2="25026.70" CO="448.36" HC="2.66" NOx="11.13" PMx="0.61" fuel="10.76" electricity="0.00" noise="81.09" route="routebottom" type="cfm-fast" waiting="0.00" lane="right_0" pos="30.98" speed="25.87" angle="308.76" x="102.27" y="120.37"/>
        <vehicle id="cfm-fast_4" eclass="HBEFA3/PC_G_EU4" CO2="112263.53" CO="2267.49" HC="13.12" NOx="52.20" PMx="2.91" fuel="48.26" electricity="0.00" noise="129.32" route="routeright" type="cfm-fast" waiting="0.00" lane="right_1" pos="47.79" speed="29.96" angle="278.54" x="68.22" y="128.81"/>
        <vehicle id="cfm-fast_5" eclass="HBEFA3/PC_G_EU4" CO2="14158.42" CO="216.84" HC="1.33" NOx="6.15" PMx="0.32" fuel="6.09" electricity="0.00" noise="74.61" route="routetop" type="cfm-fast" waiting="0.00" lane="top_0" pos="7.74" speed="19.23" angle="260.50" x="47.09" y="130.24"/>
        <vehicle id="cfm-slow_0" eclass="HBEFA3/PC_G_EU4" CO2="15675.79" CO="250.77" HC="1.53" NOx="6.90" PMx="0.36" fuel="6.74" electricity="0.00" noise="76.06" route="routetop" type="cfm-slow" waiting="0.00" lane="top_0" pos="21.63" speed="17.97" angle="235.50" x="20.54" y="117.01"/>
        <vehicle id="cfm-slow_1" eclass="HBEFA3/PC_G_EU4" CO2="16884.76" CO="275.40" HC="1.67" NOx="7.47" PMx="0.39" fuel="7.26" electricity="0.00" noise="77.09" route="routetop" type="cfm-slow" waiting="0.00" lane="top_0" pos="37.50" speed="18.07" angle="207.05" x="0.30" y="89.97"/>
        <vehicle id="cfm-slow_2" eclass="HBEFA3/PC_G_EU4" CO2="20369.70" CO="346.29" HC="2.08" NOx="9.10" PMx="0.48" fuel="8.76" electricity="0.00" noise="80.02" route="routetop" type="cfm-slow" waiting="0.00" lane="left_0" pos="3.47" speed="18.42" angle="178.28" x="-4.52" y="56.12"/>
        <vehicle id="cfm-slow_3" eclass="HBEFA3/PC_G_EU4" CO2="28215.87" CO="505.89" HC="3.00" NOx="12.78" PMx="0.69" fuel="12.13" electricity="0.00" noise="86.18" route="routetop" type="cfm-slow" waiting="0.00" lane="left_0" pos="19.83" speed="19.48" angle="148.77" x="7.96" y="23.63"/>
        <vehicle id="cfm-slow_4" eclass="HBEFA3/PC_G_EU4" CO2="40708.72" CO="762.15" HC="4.48" NOx="18.62" PMx="1.01" fuel="17.50" electricity="0.00" noise="94.14" route="routeleft" type="cfm-slow" waiting="0.00" lane="left_0" pos="37.31" speed="21.90" angle="117.39" x="36.99" y="0.45"/>
        <vehicle id="cfm-slow_5" eclass="HBEFA3/PC_G_EU4" CO2="48930.50" CO="940.59" HC="5.50" NOx="22.41" PMx="1.24" fuel="21.03" electricity="0.00" noise="96.34" route="routebottom" type="cfm-slow" waiting="0.00" lane="bottom_0" pos="7.36" speed="25.89" angle="81.14" x="79.45" y="-3.10"/>
    </timestep>
    <timestep time="2.24">
        <vehicle id="cfm-fast_0" eclass="HBEFA3/PC_G_EU4" CO2="46069.36" CO="888.84" HC="5.20" NOx="21.02" PMx="1.17" fuel="19.80" electricity="0.00" noise="93.42" route="routebottom" type="cfm-fast" waiting="0.00" lane="bottom_0" pos="34.21" speed="27.45" angle="32.94" x="123.98" y="30.99"/>
        <vehicle id="cfm-fast_1" eclass="HBEFA3/PC_G_EU4" CO2="112882.01" CO="2281.40" HC="13.20" NOx="52.49" PMx="2.92" fuel="48.52" electricity="0.00" noise="129.39" route="routebottom" type="cfm-fast" waiting="0.00" lane="right_1" pos="0.62" speed="30.12" angle="3.36" x="128.95" y="64.96"/>
        <vehicle id="cfm-fast_2" eclass="HBEFA3/PC_G_EU4" CO2="39446.62" CO="738.22" HC="4.34" NOx="17.98" PMx="0.98" fuel="16.96" electricity="0.00" noise="91.80" route="routebottom" type="cfm-fast" waiting="0.00" lane="right_0" pos="12.84" speed="23.49" angle="341.36" x="126.75" y="90.63"/>
        <vehicle id="cfm-fast_3" eclass="HBEFA3/PC_G_EU4" CO2="24413.46" CO="435.85" HC="2.59" NOx="10.84" PMx="0.60" fuel="10.49" electricity="0.00" noise="80.72" route="routebottom" type="cfm-fast" waiting="0.00" lane="right_0" pos="31.24" speed="25.90" angle="308.30" x="101.81" y="120.68"/>
        <vehicle id="cfm-fast_4" eclass="HBEFA3/PC_G_EU4" CO2="112794.83" CO="2279.44" HC="13.19" NOx="52.45" PMx="2.92" fuel="48.48" electricity="0.00" noise="129.38" route="routeright" type="cfm-fast" waiting="0.00" lane="right_1" pos="48.09" speed="30.09" angle="277.96" x="67.60" y="128.84"/>
        <vehicle id="cfm-fast_5" eclass="HBEFA3/PC_G_EU4" CO2="14040.08" CO="214.37" HC="1.32" NOx="6.09" PMx="0.32" fuel="6.04" electricity="0.00" noise="74.52" route="routetop" type="cfm-fast" waiting="0.00" lane="top_0" pos="7.93" speed="19.25" angle="260.15" x="46.69" y="130.13"/>
        <vehicle id="cfm-slow_0" eclass="HBEFA3/PC_G_EU4" CO2="15596.76" CO="249.07" HC="1.52" NOx="6.86" PMx="0.36" fuel="6.70" electricity="0.00" noise="75.99" route="routetop" type="cfm-slow" waiting="0.00" lane="top_0" pos="21.81" speed="18.00" angle="235.22" x="20.24" y="116.77"/>
        <vehicle id="cfm-slow_1" eclass="HBEFA3/PC_G_EU4" CO2="16827.90" CO="274.16" HC="1.66" NOx="7.44" PMx="0.39" fuel="7.23" electricity="0.00" noise="77.03" route="routetop" type="cfm-slow" waiting="0.00" lane="top_0" pos="37.68" speed="18.10" angle="206.72" x="0.16" y="89.61"/>
        <vehicle id="cfm-slow_2" eclass="HBEFA3/PC_G_EU4" CO2="20354.35" CO="345.89" HC="2.08" NOx="9.09" PMx="0.48" fuel="8.75" electricity="0.00" noise="79.98" route="routetop" type="cfm-slow" waiting="0.00" lane="left_0" pos="3.65" speed="18.46" angle="177.94" x="-4.48" y="55.73"/>
        <vehicle id="cfm-slow_3" eclass="HBEFA3/PC_G_EU4" CO2="28243.62" CO="506.39" HC="3.00" NOx="12.79" PMx="0.69" fuel="12.14" electricity="0.00" noise="86.17" route="routetop" type="cfm-slow" waiting="0.00" lane="left_0" pos="20.02" speed="19.53" angle="148.41" x="8.20" y="23.29"/>
        <vehicle id="cfm-slow_4" eclass="HBEFA3/PC_G_EU4" CO2="40705.22" CO="762.13" HC="4.48" NOx="18.61" PMx="1.01" fuel="17.50" electricity="0.00" noise="94.07" route="routeleft" type="cfm-slow" waiting="0.00" lane="left_0" pos="37.53" speed="21.97" angle="116.98" x="37.43" y="0.27"/>
        <vehicle id="cfm-slow_5" eclass="HBEFA3/PC_G_EU4" CO2="48701.87" CO="936.14" HC="5.47" NOx="22.30" PMx="1.23" fuel="20.93" electricity="0.00" noise="96.13" route="routebottom" type="cfm-slow" waiting="0.00" lane="bottom_0" pos="7.62" speed="25.96" angle="80.70" x="80.00" y="-2.97"/>
    </timestep>
    <timestep time="2.25">
        <vehicle id="cfm-fast_0" eclass="HBEFA3/PC_G_EU4" CO2="45542.87" CO="878.30" HC="5.13" NOx="20.77" PMx="1.15" fuel="19.58" electricity="0.00" noise="93.06" route="routebottom" type="cfm-fast" waiting="0.00" lane="bottom_0" pos="34.49" speed="27.50" angle="32.44" x="124.27" y="31.51"/>
        <vehicle id="cfm-fast_1" eclass="HBEFA3/PC_G_EU4" CO2="113413.64" CO="2293.38" HC="13.27" NOx="52.74" PMx="2.94" fuel="48.75" electricity="0.00" noise="129.46" route="routebottom" type="cfm-fast" waiting="0.00" lane="right_1" pos="0.92" speed="30.25" angle="2.80" x="128.93" y="65.58"/>
        <vehicle id="cfm-fast_2" eclass="HBEFA3/PC_G_EU4" CO2="39198.39" CO="733.22" HC="4.31" NOx="17.87" PMx="0.98" fuel="16.85" electricity="0.00" noise="91.58" route="routebottom" type="cfm-fast" waiting="0.00" lane="right_0" pos="13.07" speed="23.55" angle="340.93" x="126.54" y="91.09"/>
        <vehicle id="cfm-fast_3" eclass="HBEFA3/PC_G_EU4" CO2="23807.43" CO="423.48" HC="2.52" NOx="10.55" PMx="0.58" fuel="10.23" electricity="0.00" noise="80.36" route="routebottom" type="cfm-fast" waiting="0.00" lane="right_0" pos="31.50" speed="25.93" angle="307.83" x="101.35" y="120.99"/>
        <vehicle id="cfm-fast_4" eclass="HBEFA3/PC_G_EU4" CO2="113326.42" CO="2291.41" HC="13.26" NOx="52.70" PMx="2.93" fuel="48.71" electricity="0.00" noise="129.45" route="routeright" type="cfm-fast" waiting="0.00" lane="right_1" pos="48.39" speed="30.23" angle="277.38" x="66.98" y="128.88"/>
        <vehicle id="cfm-fast_5" eclass="HBEFA3/PC_G_EU4" CO2="13922.93" CO="211.92" HC="1.31" NOx="6.04" PMx="0.31" fuel="5.98" electricity="0.00" noise="74.43" route="routetop" type="cfm-fast" waiting="0.00" lane="top_0" pos="8.12" speed="19.27" angle="259.80" x="46.29" y="130.03"/>
        <vehicle id="cfm-slow_0" eclass="HBEFA3/PC_G_EU4" CO2="15518.46" CO="247.39" HC="1.51" NOx="6.82" PMx="0.35" fuel="6.67" electricity="0.00" noise="75.91" route="routetop" type="cfm-slow" waiting="0.00" lane="top_0" pos="21.99" speed="18.02" angle="234.88" x="19.94" y="116.52"/>
        <vehicle id="cfm-slow_1" eclass="HBEFA3/PC_G_EU4" CO2="16771.94" CO="272.93" HC="1.65" NOx="7.41" PMx="0.39" fuel="7.21" electricity="0.00" noise="76.97" route="routetop" type="cfm-slow" waiting="0.00" lane="top_0" pos="37.86" speed="18.13" angle="206.38" x="0.01" y="89.24"/>
        <vehicle id="cfm-slow_2" eclass="HBEFA3/PC_G_EU4" CO2="20339.88" CO="345.51" HC="2.07" NOx="9.09" PMx="0.48" fuel="8.74" electricity="0.00" noise="79.95" route="routetop" type="cfm-slow" waiting="0.00" lane="left_0" pos="3.84" speed="18.49" angle="177.63" x="-4.44" y="55.33"/>
        <vehicle id="cfm-slow_3" eclass="HBEFA3/PC_G_EU4" CO2="28271.55" CO="506.90" HC="3.01" NOx="12.80" PMx="0.69" fuel="12.15" electricity="0.00" noise="86.15" route="routetop" type="cfm-slow" waiting="0.00" lane="left_0" pos="20.22" speed="19.58" angle="148.04" x="8.45" y="22.95"/>
        <vehicle id="cfm-slow_4" eclass="HBEFA3/PC_G_EU4" CO2="40700.19" CO="762.07" HC="4.48" NOx="18.61" PMx="1.01" fuel="17.49" electricity="0.00" noise="94.00" route="routeleft" type="cfm-slow" waiting="0.00" lane="left_0" pos="37.75" speed="22.03" angle="116.58" x="37.87" y="0.10"/>
        <vehicle id="cfm-slow_5" eclass="HBEFA3/PC_G_EU4" CO2="48471.05" CO="931.65" HC="5.45" NOx="22.19" PMx="1.23" fuel="20.84" electricity="0.00" noise="95.93" route="routebottom" type="cfm-slow" waiting="0.00" lane="bottom_0" pos="7.88" speed="26.02" angle="80.24" x="80.54" y="-2.83"/>
    </timestep>
    <timestep time="2.26">
        <vehicle id="cfm-fast_0" eclass="HBEFA3/PC_G_EU4" CO2="45020.11" CO="867.83" HC="5.07" NOx="20.52" PMx="1.14" fuel="19.35" electricity="0.00" noise="92.71" route="routebottom" type="cfm-fast" waiting="0.00" lane="bottom_0" pos="34.76" speed="27.56" angle="31.99" x="124.54" y="32.03"/>
        <vehicle id="cfm-fast_1" eclass="HBEFA3/PC_G_EU4" CO2="113945.57" CO="2305.37" HC="13.34" NOx="52.99" PMx="2.95" fuel="48.98" electricity="0.00" noise="129.53" route="routebottom" type="cfm-fast" waiting="0.00" lane="right_1" pos="1.23" speed="30.39" angle="2.28" x="128.92" y="66.21"/>
        <vehicle id="cfm-fast_2" eclass="HBEFA3/PC_G_EU4" CO2="38947.01" CO="728.16" HC="4.28" NOx="17.75" PMx="0.97" fuel="16.74" electricity="0.00" noise="91.35" route="routebottom" type="cfm-fast" waiting="0.00" lane="right_0" pos="13.31" speed="23.61" angle="340.51" x="126.34" y="91.56"/>
        <vehicle id="cfm-fast_3" eclass="HBEFA3/PC_G_EU4" CO2="23208.62" CO="411.27" HC="2.45" NOx="10.27" PMx="0.57" fuel="9.98" electricity="0.00" noise="80.00" route="routebottom" type="cfm-fast" waiting="0.00" lane="right_0" pos="31.76" speed="25.96" angle="307.36" x="100.88" y="121.30"/>
        <vehicle id="cfm-fast_4" eclass="HBEFA3/PC_G_EU4" CO2="113858.30" CO="2303.41" HC="13.33" NOx="52.94" PMx="2.95" fuel="48.94" electricity="0.00" noise="129.51" route="routeright" type="cfm-fast" waiting="0.00" lane="right_1" pos="48.70" speed="30.37" angle="276.85" x="66.36" y="128.92"/>
        <vehicle id="cfm-fast_5" eclass="HBEFA3/PC_G_EU4" CO2="13806.98" CO="209.50" HC="1.29" NOx="5.98" PMx="0.31" fuel="5.93" electricity="0.00" noise="74.34" route="routetop" type="cfm-fast" waiting="0.00" lane="top_0" pos="8.31" speed="19.29" angle="259.45" x="45.89" y="129.92"/>
        <vehicle id="cfm-slow_0" eclass="HBEFA3/PC_G_EU4" CO2="15440.89" CO="245.72" HC="1.50" NOx="6.78" PMx="0.35" fuel="6.64" electricity="0.00" noise="75.84" route="routetop" type="cfm-slow" waiting="0.00" lane="top_0" pos="22.17" speed="18.05" angle="234.55" x="19.64" y="116.27"/>
        <vehicle id="cfm-slow_1" eclass="HBEFA3/PC_G_EU4" CO2="16716.88" CO="271.72" HC="1.65" NOx="7.38" PMx="0.39" fuel="7.19" electricity="0.00" noise="76.91" route="routetop" type="cfm-slow" waiting="0.00" lane="top_0" pos="38.04" speed="18.15" angle="206.05" x="-0.13" y="88.88"/>
        <vehicle id="cfm-slow_2" eclass="HBEFA3/PC_G_EU4" CO2="20326.29" CO="345.15" HC="2.07" NOx="9.08" PMx="0.48" fuel="8.74" electricity="0.00" noise="79.92" route="routetop" type="cfm-slow" waiting="0.00" lane="left_0" pos="4.02" speed="18.53" angle="177.30" x="-4.39" y="54.94"/>
        <vehicle id="cfm-slow_3" eclass="HBEFA3/PC_G_EU4" CO2="28299.65" CO="507.41" HC="3.01" NOx="12.81" PMx="0.69" fuel="12.16" electricity="0.00" noise="86.14" route="routetop" type="cfm-slow" waiting="0.00" lane="left_0" pos="20.41" speed="19.62" angle="147.70" x="8.70" y="22.61"/>
        <vehicle id="cfm-slow_4" eclass="HBEFA3/PC_G_EU4" CO2="40693.61" CO="761.98" HC="4.48" NOx="18.60" PMx="1.01" fuel="17.49" electricity="0.00" noise="93.94" route="routeleft" type="cfm-slow" waiting="0.00" lane="left_0" pos="37.97" speed="22.10" angle="116.17" x="38.31" y="-0.08"/>
        <vehicle id="cfm-slow_5" eclass="HBEFA3/PC_G_EU4" CO2="48238.10" CO="927.12" HC="5.42" NOx="22.07" PMx="1.22" fuel="20.74" electricity="0.00" noise="95.73" route="routebottom" type="cfm-slow" waiting="0.00" lane="bottom_0" pos="8.14" speed="26.09" angle="79.76" x="81.08" y="-2.68"/>
    </timestep>
    <timestep time="2.27">
        <vehicle id="cfm-fast_0" eclass="HBEFA3/PC_G_EU4" CO2="44501.09" CO="857.44" HC="5.01" NOx="20.28" PMx="1.13" fuel="19.13" electricity="0.00" noise="92.36" route="routebottom" type="cfm-fast" waiting="0.00" lane="bottom_0" pos="35.04" speed="27.61" angle="31.49" x="124.81" y="32.56"/>
        <vehicle id="cfm-fast_1" eclass="HBEFA3/PC_G_EU4" CO2="114477.79" CO="2317.39" HC="13.40" NOx="53.23" PMx="2.97" fuel="49.21" electricity="0.00" noise="129.59" route="routebottom" type="cfm-fast" waiting="0.00" lane="right_1" pos="1.53" speed="30.52" angle="1.74" x="128.89" y="66.83"/>
        <vehicle id="cfm-fast_2" eclass="HBEFA3/PC_G_EU4" CO2="38692.56" CO="723.04" HC="4.25" NOx="17.62" PMx="0.97" fuel="16.63" electricity="0.00" noise="91.13" route="routebottom" type="cfm-fast" waiting="0.00" lane="right_0" pos="13.55" speed="23.66" angle="340.08" x="126.13" y="92.02"/>
        <vehicle id="cfm-fast_3" eclass="HBEFA3/PC_G_EU4" CO2="22617.01" CO="399.19" HC="2.38" NOx="9.99" PMx="0.55" fuel="9.72" electricity="0.00" noise="79.65" route="routebottom" type="cfm-fast" waiting="0.00" lane="right_0" pos="32.02" speed="25.98" angle="306.94" x="100.42" y="121.61"/>
        <vehicle id="cfm-fast_4" eclass="HBEFA3/PC_G_EU4" CO2="114390.47" CO="2315.42" HC="13.39" NOx="53.19" PMx="2.96" fuel="49.17" electricity="0.00" noise="129.58" route="routeright" type="cfm-fast" waiting="0.00" lane="right_1" pos="49.00" speed="30.50" angle="276.30" x="65.74" y="128.93"/>
        <vehicle id="cfm-fast_5" eclass="HBEFA3/PC_G_EU4" CO2="13692.23" CO="207.11" HC="1.28" NOx="5.93" PMx="0.31" fuel="5.89" electricity="0.00" noise="74.26" route="routetop" type="cfm-fast" waiting="0.00" lane="top_0" pos="8.51" speed="19.31" angle="259.09" x="45.49" y="129.81"/>
        <vehicle id="cfm-slow_0" eclass="HBEFA3/PC_G_EU4" CO2="15364.04" CO="244.07" HC="1.49" NOx="6.75" PMx="0.35" fuel="6.60" electricity="0.00" noise="75.77" route="routetop" type="cfm-slow" waiting="0.00" lane="top_0" pos="22.35" speed="18.08" angle="234.21" x="19.35" y="116.02"/>
        <vehicle id="cfm-slow_1" eclass="HBEFA3/PC_G_EU4" CO2="16662.72" CO="270.53" HC="1.64" NOx="7.36" PMx="0.38" fuel="7.16" electricity="0.00" noise="76.86" route="routetop" type="cfm-slow" waiting="0.00" lane="top_0" pos="38.22" speed="18.18" angle="205.72" x="-0.28" y="88.52"/>
        <vehicle id="cfm-slow_2" eclass="HBEFA3/PC_G_EU4" CO2="20313.56" CO="344.81" HC="2.07" NOx="9.07" PMx="0.48" fuel="8.73" electricity="0.00" noise="79.89" route="routetop" type="cfm-slow" waiting="0.00" lane="left_0" pos="4.21" speed="18.57" angle="176.96" x="-4.33" y="54.54"/>
        <vehicle id="cfm-slow_3" eclass="HBEFA3/PC_G_EU4" CO2="28327.91" CO="507.93" HC="3.01" NOx="12.83" PMx="0.69" fuel="12.18" electricity="0.00" noise="86.13" route="routetop" type="cfm-slow" waiting="0.00" lane="left_0" pos="20.61" speed="19.67" angle="147.38" x="8.95" y="22.27"/>
        <vehicle id="cfm-slow_4" eclass="HBEFA3/PC_G_EU4" CO2="40685.50" CO="761.87" HC="4.48" NOx="18.60" PMx="1.01" fuel="17.49" electricity="0.00" noise="93.87" route="routeleft" type="cfm-slow" waiting="0.00" lane="left_0" pos="38.19" speed="22.16" angle="115.76" x="38.75" y="-0.26"/>
        <vehicle id="cfm-slow_5" eclass="HBEFA3/PC_G_EU4" CO2="48003.08" CO="922.54" HC="5.40" NOx="21.96" PMx="1.21" fuel="20.63" electricity="0.00" noise="95.53" route="routebottom" type="cfm-slow" waiting="0.00" lane="bottom_0" pos="8.40" speed="26.15" angle="79.28" x="81.62" y="-2.54"/>
    </timestep>
    <timestep time="2.28">
        <vehicle id="cfm-fast_0" eclass="HBEFA3/PC_G_EU4" CO2="43985.80" CO="847.13" HC="4.95" NOx="20.03" PMx="1.11" fuel="18.91" electricity="0.00" noise="92.02" route="routebottom" type="cfm-fast" waiting="0.00" lane="bottom_0" pos="35.32" speed="27.67" angle="30.99" x="125.08" y="33.10"/>
        <vehicle id="cfm-fast_1" eclass="HBEFA3/PC_G_EU4" CO2="115010.31" CO="2329.43" HC="13.47" NOx="53.48" PMx="2.98" fuel="49.44" electricity="0.00" noise="129.66" route="routebottom" type="cfm-fast" waiting="0.00" lane="right_1" pos="1.84" speed="30.66" angle="1.18" x="128.85" y="67.46"/>
        <vehicle id="cfm-fast_2" eclass="HBEFA3/PC_G_EU4" CO2="38435.13" CO="717.86" HC="4.22" NOx="17.50" PMx="0.96" fuel="16.52" electricity="0.00" noise="90.91" route="routebottom" type="cfm-fast" waiting="0.00" lane="right_0" pos="13.78" speed="23.72" angle="339.65" x="125.92" y="92.49"/>
        <vehicle id="cfm-fast_3" eclass="HBEFA3/PC_G_EU4" CO2="22032.60" CO="387.26" HC="2.31" NOx="9.71" PMx="0.54" fuel="9.47" electricity="0.00" noise="79.31" route="routebottom" type="cfm-fast" waiting="0.00" lane="right_0" pos="32.28" speed="26.01" angle="306.47" x="99.94" y="121.90"/>
        <vehicle id="cfm-fast_4" eclass="HBEFA3/PC_G_EU4" CO2="114922.94" CO="2327.46" HC="13.46" NOx="53.44" PMx="2.98" fuel="49.40" electricity="0.00" noise="129.64" route="routeright" type="cfm-fast" waiting="0.00" lane="right_1" pos="49.31" speed="30.64" angle="275.74" x="65.11" y="128.94"/>
        <vehicle id="cfm-fast_5" eclass="HBEFA3/PC_G_EU4" CO2="13578.66" CO="204.74" HC="1.27" NOx="5.88" PMx="0.30" fuel="5.84" electricity="0.00" noise="74.17" route="routetop" type="cfm-fast" waiting="0.00" lane="top_0" pos="8.70" speed="19.33" angle="258.74" x="45.09" y="129.71"/>
        <vehicle id="cfm-slow_0" eclass="HBEFA3/PC_G_EU4" CO2="15287.93" CO="242.43" HC="1.48" NOx="6.71" PMx="0.35" fuel="6.57" electricity="0.00" noise="75.69" route="routetop" type="cfm-slow" waiting="0.00" lane="top_0" pos="22.54" speed="18.10" angle="233.87" x="19.05" y="115.77"/>
        <vehicle id="cfm-slow_1" eclass="HBEFA3/PC_G_EU4" CO2="16609.47" CO="269.37" HC="1.63" NOx="7.33" PMx="0.38" fuel="7.14" electricity="0.00" noise="76.80" route="routetop" type="cfm-slow" waiting="0.00" lane="top_0" pos="38.41" speed="18.21" angle="205.40" x="-0.42" y="88.15"/>
        <vehicle id="cfm-slow_2" eclass="HBEFA3/PC_G_EU4" CO2="20301.70" CO="344.49" HC="2.07" NOx="9.06" PMx="0.48" fuel="8.73" electricity="0.00" noise="79.87" route="routetop" type="cfm-slow" waiting="0.00" lane="left_0" pos="4.40" speed="18.60" angle="176.62" x="-4.28" y="54.14"/>
        <vehicle id="cfm-slow_3" eclass="HBEFA3/PC_G_EU4" CO2="28356.31" CO="508.46" HC="3.02" NOx="12.84" PMx="0.69" fuel="12.19" electricity="0.00" noise="86.11" route="routetop" type="cfm-slow" waiting="0.00" lane="left_0" pos="20.81" speed="19.72" angle="147.02" x="9.21" y="21.94"/>
        <vehicle id="cfm-slow_4" eclass="HBEFA3/PC_G_EU4" CO2="40675.83" CO="761.72" HC="4.48" NOx="18.59" PMx="1.01" fuel="17.48" electricity="0.00" noise="93.80" route="routeleft" type="cfm-slow" waiting="0.00" lane="left_0" pos="38.42" speed="22.23" angle="115.38" x="39.20" y="-0.44"/>
        <vehicle id="cfm-slow_5" eclass="HBEFA3/PC_G_EU4" CO2="47766.05" CO="917.93" HC="5.37" NOx="21.85" PMx="1.21" fuel="20.53" electricity="0.00" noise="95.33" route="routebottom" type="cfm-slow" waiting="0.00" lane="bottom_0" pos="8.67" speed="26.22" angle="78.80" x="82.17" y="-2.39"/>
    </timestep>
    <timestep time="2.29">
        <vehicle id="cfm-fast_0" eclass="HBEFA3/PC_G_EU4" CO2="43474.23" CO="836.88" HC="4.89" NOx="19.79" PMx="1.10" fuel="18.69" electricity="0.00" noise="91.68" route="routebottom" type="cfm-fast" waiting="0.00" lane="bottom_0" pos="35.59" speed="27.72" angle="30.49" x="125.35" y="33.63"/>
        <vehicle id="cfm-fast_1" eclass="HBEFA3/PC_G_EU4" CO2="115543.11" CO="2341.49" HC="13.54" NOx="53.73" PMx="2.99" fuel="49.67" electricity="0.00" noise="129.72" route="routebottom" type="cfm-fast" waiting="0.00" lane="right_1" pos="2.15" speed="30.80" angle="0.62" x="128.82" y="68.09"/>
        <vehicle id="cfm-fast_2" eclass="HBEFA3/PC_G_EU4" CO2="38174.80" CO="712.62" HC="4.19" NOx="17.38" PMx="0.95" fuel="16.41" electricity="0.00" noise="90.69" route="routebottom" type="cfm-fast" waiting="0.00" lane="right_0" pos="14.02" speed="23.77" angle="339.25" x="125.71" y="92.96"/>
        <vehicle id="cfm-fast_3" eclass="HBEFA3/PC_G_EU4" CO2="21455.40" CO="375.48" HC="2.24" NOx="9.44" PMx="0.52" fuel="9.22" electricity="0.00" noise="78.98" route="routebottom" type="cfm-fast" waiting="0.00" lane="right_0" pos="32.54" speed="26.03" angle="305.98" x="99.46" y="122.19"/>
        <vehicle id="cfm-fast_4" eclass="HBEFA3/PC_G_EU4" CO2="115455.69" CO="2339.51" HC="13.53" NOx="53.69" PMx="2.99" fuel="49.63" electricity="0.00" noise="129.71" route="routeright" type="cfm-fast" waiting="0.00" lane="right_1" pos="49.62" speed="30.77" angle="275.17" x="64.48" y="128.95"/>
        <vehicle id="cfm-fast_5" eclass="HBEFA3/PC_G_EU4" CO2="13466.28" CO="202.39" HC="1.25" NOx="5.82" PMx="0.30" fuel="5.79" electricity="0.00" noise="74.09" route="routetop" type="cfm-fast" waiting="0.00" lane="top_0" pos="8.89" speed="19.36" angle="258.42" x="44.69" y="129.60"/>
        <vehicle id="cfm-slow_0" eclass="HBEFA3/PC_G_EU4" CO2="15212.55" CO="240.82" HC="1.47" NOx="6.67" PMx="0.35" fuel="6.54" electricity="0.00" noise="75.62" route="routetop" type="cfm-slow" waiting="0.00" lane="top_0" pos="22.72" speed="18.13" angle="233.53" x="18.75" y="115.52"/>
        <vehicle id="cfm-slow_1" eclass="HBEFA3/PC_G_EU4" CO2="16557.12" CO="268.22" HC="1.63" NOx="7.31" PMx="0.38" fuel="7.12" electricity="0.00" noise="76.75" route="routetop" type="cfm-slow" waiting="0.00" lane="top_0" pos="38.59" speed="18.24" angle="205.10" x="-0.56" y="87.79"/>
        <vehicle id="cfm-slow_2" eclass="HBEFA3/PC_G_EU4" CO2="20290.69" CO="344.19" HC="2.07" NOx="9.06" PMx="0.48" fuel="8.72" electricity="0.00" noise="79.84" route="routetop" type="cfm-slow" waiting="0.00" lane="left_0" pos="4.58" speed="18.64" angle="176.29" x="-4.22" y="53.75"/>
        <vehicle id="cfm-slow_3" eclass="HBEFA3/PC_G_EU4" CO2="28384.84" CO="508.99" HC="3.02" NOx="12.85" PMx="0.69" fuel="12.20" electricity="0.00" noise="86.10" route="routetop" type="cfm-slow" waiting="0.00" lane="left_0" pos="21.00" speed="19.77" angle="146.65" x="9.48" y="21.60"/>
        <vehicle id="cfm-slow_4" eclass="HBEFA3/PC_G_EU4" CO2="40664.61" CO="761.55" HC="4.48" NOx="18.59" PMx="1.01" fuel="17.48" electricity="0.00" noise="93.73" route="routeleft" type="cfm-slow" waiting="0.00" lane="left_0" pos="38.64" speed="22.29" angle="115.00" x="39.65" y="-0.60"/>
        <vehicle id="cfm-slow_5" eclass="HBEFA3/PC_G_EU4" CO2="47527.07" CO="913.27" HC="5.34" NOx="21.73" PMx="1.20" fuel="20.43" electricity="0.00" noise="95.13" route="routebottom" type="cfm-slow" waiting="0.00" lane="bottom_0" pos="8.93" speed="26.28" angle="78.37" x="82.72" y="-2.25"/>
    </timestep>
    <timestep time="2.30">
        <vehicle id="cfm-fast_0" eclass="HBEFA3/PC_G_EU4" CO2="42966.36" CO="826.72" HC="4.84" NOx="19.55" PMx="1.09" fuel="18.47" electricity="0.00" noise="91.34" route="routebottom" type="cfm-fast" waiting="0.00" lane="bottom_0" pos="35.87" speed="27.77" angle="30.02" x="125.62" y="34.16"/>
        <vehicle id="cfm-fast_1" eclass="HBEFA3/PC_G_EU4" CO2="116076.21" CO="2353.57" HC="13.61" NOx="53.98" PMx="3.01" fuel="49.90" electricity="0.00" noise="129.79" route="routebottom" type="cfm-fast" waiting="0.00" lane="right_1" pos="2.46" speed="30.93" angle="0.06" x="128.78" y="68.72"/>
        <vehicle id="cfm-fast_2" eclass="HBEFA3/PC_G_EU4" CO2="37911.66" CO="707.32" HC="4.16" NOx="17.25" PMx="0.95" fuel="16.30" electricity="0.00" noise="90.46" route="routebottom" type="cfm-fast" waiting="0.00" lane="right_0" pos="14.26" speed="23.83" angle="338.83" x="125.49" y="93.42"/>
        <vehicle id="cfm-fast_3" eclass="HBEFA3/PC_G_EU4" CO2="20885.38" CO="363.84" HC="2.18" NOx="9.17" PMx="0.51" fuel="8.98" electricity="0.00" noise="78.66" route="routebottom" type="cfm-fast" waiting="0.00" lane="right_0" pos="32.80" speed="26.06" angle="305.48" x="98.98" y="122.47"/>
        <vehicle id="cfm-fast_4" eclass="HBEFA3/PC_G_EU4" CO2="115988.74" CO="2351.59" HC="13.60" NOx="53.94" PMx="3.01" fuel="49.86" electricity="0.00" noise="129.78" route="routeright" type="cfm-fast" waiting="0.00" lane="right_1" pos="49.93" speed="30.91" angle="274.62" x="63.84" y="128.97"/>
        <vehicle id="cfm-fast_5" eclass="HBEFA3/PC_G_EU4" CO2="13355.08" CO="200.07" HC="1.24" NOx="5.77" PMx="0.30" fuel="5.74" electricity="0.00" noise="74.00" route="routetop" type="cfm-fast" waiting="0.00" lane="top_0" pos="9.09" speed="19.38" angle="258.10" x="44.29" y="129.48"/>
        <vehicle id="cfm-slow_0" eclass="HBEFA3/PC_G_EU4" CO2="15137.90" CO="239.21" HC="1.46" NOx="6.64" PMx="0.34" fuel="6.51" electricity="0.00" noise="75.55" route="routetop" type="cfm-slow" waiting="0.00" lane="top_0" pos="22.90" speed="18.15" angle="233.19" x="18.45" y="115.27"/>
        <vehicle id="cfm-slow_1" eclass="HBEFA3/PC_G_EU4" CO2="16505.68" CO="267.09" HC="1.62" NOx="7.28" PMx="0.38" fuel="7.09" electricity="0.00" noise="76.69" route="routetop" type="cfm-slow" waiting="0.00" lane="top_0" pos="38.77" speed="18.27" angle="204.76" x="-0.70" y="87.42"/>
        <vehicle id="cfm-slow_2" eclass="HBEFA3/PC_G_EU4" CO2="20280.54" CO="343.91" HC="2.07" NOx="9.05" PMx="0.48" fuel="8.72" electricity="0.00" noise="79.81" route="routetop" type="cfm-slow" waiting="0.00" lane="left_0" pos="4.77" speed="18.67" angle="175.95" x="-4.17" y="53.35"/>
        <vehicle id="cfm-slow_3" eclass="HBEFA3/PC_G_EU4" CO2="28413.49" CO="509.52" HC="3.02" NOx="12.86" PMx="0.69" fuel="12.21" electricity="0.00" noise="86.09" route="routetop" type="cfm-slow" waiting="0.00" lane="left_0" pos="21.20" speed="19.82" angle="146.29" x="9.74" y="21.27"/>
        <vehicle id="cfm-slow_4" eclass="HBEFA3/PC_G_EU4" CO2="40651.83" CO="761.35" HC="4.48" NOx="18.58" PMx="1.01" fuel="17.47" electricity="0.00" noise="93.66" route="routeleft" type="cfm-slow" waiting="0.00" lane="left_0" pos="38.86" speed="22.35" angle="114.59" x="40.10" y="-0.76"/>
        <vehicle id="cfm-slow_5" eclass="HBEFA3/PC_G_EU4" CO2="47286.20" CO="908.58" HC="5.31" NOx="21.62" PMx="1.20" fuel="20.33" electricity="0.00" noise="94.93" route="routebottom" type="cfm-slow" waiting="0.00" lane="bottom_0" pos="9.19" speed="26.34" angle="77.89" x="83.26" y="-2.08"/>
    </timestep>
    <timestep time="2.31">
        <vehicle id="cfm-fast_0" eclass="HBEFA3/PC_G_EU4" CO2="42462.20" CO="816.62" HC="4.78" NOx="19.31" PMx="1.08" fuel="18.25" electricity="0.00" noise="91.01" route="routebottom" type="cfm-fast" waiting="0.00" lane="bottom_0" pos="36.15" speed="27.82" angle="29.51" x="125.86" y="34.71"/>
        <vehicle id="cfm-fast_1" eclass="HBEFA3/PC_G_EU4" CO2="116609.60" CO="2365.68" HC="13.68" NOx="54.23" PMx="3.02" fuel="50.12" electricity="0.00" noise="129.85" route="routebottom" type="cfm-fast" waiting="0.00" lane="right_1" pos="2.77" speed="31.07" angle="359.54" x="128.72" y="69.36"/>
        <vehicle id="cfm-fast_2" eclass="HBEFA3/PC_G_EU4" CO2="37645.80" CO="701.97" HC="4.13" NOx="17.13" PMx="0.94" fuel="16.18" electricity="0.00" noise="90.24" route="routebottom" type="cfm-fast" waiting="0.00" lane="right_0" pos="14.50" speed="23.88" angle="338.37" x="125.26" y="93.88"/>
        <vehicle id="cfm-fast_3" eclass="HBEFA3/PC_G_EU4" CO2="20322.53" CO="352.35" HC="2.11" NOx="8.90" PMx="0.49" fuel="8.74" electricity="0.00" noise="78.35" route="routebottom" type="cfm-fast" waiting="0.00" lane="right_0" pos="33.06" speed="26.08" angle="304.99" x="98.50" y="122.76"/>
        <vehicle id="cfm-fast_4" eclass="HBEFA3/PC_G_EU4" CO2="116522.08" CO="2363.69" HC="13.67" NOx="54.19" PMx="3.02" fuel="50.09" electricity="0.00" noise="129.84" route="routetop" type="cfm-fast" waiting="0.00" lane="top_1" pos="0.24" speed="31.05" angle="274.06" x="63.15" y="128.96"/>
        <vehicle id="cfm-fast_5" eclass="HBEFA3/PC_G_EU4" CO2="13245.06" CO="197.78" HC="1.23" NOx="5.72" PMx="0.30" fuel="5.69" electricity="0.00" noise="73.92" route="routetop" type="cfm-fast" waiting="0.00" lane="top_0" pos="9.28" speed="19.40" angle="257.74" x="43.89" y="129.36"/>
        <vehicle id="cfm-slow_0" eclass="HBEFA3/PC_G_EU4" CO2="15064.00" CO="237.63" HC="1.45" NOx="6.60" PMx="0.34" fuel="6.48" electricity="0.00" noise="75.49" route="routetop" type="cfm-slow" waiting="0.00" lane="top_0" pos="23.08" speed="18.18" angle="232.93" x="18.15" y="115.01"/>
        <vehicle id="cfm-slow_1" eclass="HBEFA3/PC_G_EU4" CO2="16455.13" CO="265.98" HC="1.62" NOx="7.26" PMx="0.38" fuel="7.07" electricity="0.00" noise="76.64" route="routetop" type="cfm-slow" waiting="0.00" lane="top_0" pos="38.95" speed="18.30" angle="204.42" x="-0.83" y="87.05"/>
        <vehicle id="cfm-slow_2" eclass="HBEFA3/PC_G_EU4" CO2="20271.23" CO="343.64" HC="2.06" NOx="9.05" PMx="0.48" fuel="8.71" electricity="0.00" noise="79.79" route="routetop" type="cfm-slow" waiting="0.00" lane="left_0" pos="4.96" speed="18.71" angle="175.61" x="-4.11" y="52.95"/>
        <vehicle id="cfm-slow_3" eclass="HBEFA3/PC_G_EU4" CO2="28442.25" CO="510.06" HC="3.03" NOx="12.88" PMx="0.69" fuel="12.23" electricity="0.00" noise="86.07" route="routetop" type="cfm-slow" waiting="0.00" lane="left_0" pos="21.40" speed="19.87" angle="145.92" x="10.00" y="20.93"/>
        <vehicle id="cfm-slow_4" eclass="HBEFA3/PC_G_EU4" CO2="40637.50" CO="761.12" HC="4.47" NOx="18.57" PMx="1.01" fuel="17.47" electricity="0.00" noise="93.59" route="routeleft" type="cfm-slow" waiting="0.00" lane="left_0" pos="39.09" speed="22.42" angle="114.17" x="40.55" y="-0.93"/>
        <vehicle id="cfm-slow_5" eclass="HBEFA3/PC_G_EU4" CO2="47043.50" CO="903.86" HC="5.29" NOx="21.50" PMx="1.19" fuel="20.22" electricity="0.00" noise="94.73" route="routebottom" type="cfm-slow" waiting="0.00" lane="bottom_0" pos="9.46" speed="26.40" angle="77.40" x="83.80" y="-1.91"/>
    </timestep>
    <timestep time="2.32">
        <vehicle id="cfm-fast_0" eclass="HBEFA3/PC_G_EU4" CO2="41961.71" CO="806.60" HC="4.72" NOx="19.07" PMx="1.06" fuel="18.04" electricity="0.00" noise="90.69" route="routebottom" type="cfm-fast" waiting="0.00" lane="bottom_0" pos="36.43" speed="27.88" angle="28.96" x="126.11" y="35.25"/>
        <vehicle id="cfm-fast_1" eclass="HBEFA3/PC_G_EU4" CO2="117143.28" CO="2377.80" HC="13.75" NOx="54.48" PMx="3.04" fuel="50.35" electricity="0.00" noise="129.92" route="routebottom" type="cfm-fast" waiting="0.00" lane="right_1" pos="3.08" speed="31.21" angle="358.97" x="128.66" y="69.99"/>
        <vehicle id="cfm-fast_2" eclass="HBEFA3/PC_G_EU4" CO2="37377.30" CO="696.56" HC="4.10" NOx="17.00" PMx="0.93" fuel="16.07" electricity="0.00" noise="90.01" route="routebottom" type="cfm-fast" waiting="0.00" lane="right_0" pos="14.74" speed="23.93" angle="337.91" x="125.02" y="94.34"/>
        <vehicle id="cfm-fast_3" eclass="HBEFA3/PC_G_EU4" CO2="19766.85" CO="341.00" HC="2.05" NOx="8.64" PMx="0.48" fuel="8.50" electricity="0.00" noise="78.05" route="routebottom" type="cfm-fast" waiting="0.00" lane="right_0" pos="33.32" speed="26.10" angle="304.54" x="98.01" y="123.05"/>
        <vehicle id="cfm-fast_4" eclass="HBEFA3/PC_G_EU4" CO2="117055.72" CO="2375.81" HC="13.74" NOx="54.44" PMx="3.04" fuel="50.32" electricity="0.00" noise="129.91" route="routetop" type="cfm-fast" waiting="0.00" lane="top_1" pos="0.55" speed="31.18" angle="273.49" x="62.51" y="128.95"/>
        <vehicle id="cfm-fast_5" eclass="HBEFA3/PC_G_EU4" CO2="13136.22" CO="195.51" HC="1.21" NOx="5.66" PMx="0.29" fuel="5.65" electricity="0.00" noise="73.84" route="routetop" type="cfm-fast" waiting="0.00" lane="top_0" pos="9.48" speed="19.42" angle="257.39" x="43.49" y="129.23"/>
        <vehicle id="cfm-slow_0" eclass="HBEFA3/PC_G_EU4" CO2="14990.83" CO="236.06" HC="1.44" NOx="6.57" PMx="0.34" fuel="6.44" electricity="0.00" noise="75.42" route="routetop" type="cfm-slow" waiting="0.00" lane="top_0" pos="23.26" speed="18.21" angle="232.60" x="17.87" y="114.75"/>
        <vehicle id="cfm-slow_1" eclass="HBEFA3/PC_G_EU4" CO2="16405.49" CO="264.89" HC="1.61" NOx="7.23" PMx="0.38" fuel="7.05" electricity="0.00" noise="76.59" route="routetop" type="cfm-slow" waiting="0.00" lane="top_0" pos="39.14" speed="18.33" angle="204.08" x="-0.96" y="86.67"/>
        <vehicle id="cfm-slow_2" eclass="HBEFA3/PC_G_EU4" CO2="20262.75" CO="343.39" HC="2.06" NOx="9.04" PMx="0.48" fuel="8.71" electricity="0.00" noise="79.76" route="routetop" type="cfm-slow" waiting="0.00" lane="left_0" pos="5.14" speed="18.74" angle="175.23" x="-4.05" y="52.55"/>
        <vehicle id="cfm-slow_3" eclass="HBEFA3/PC_G_EU4" CO2="28471.09" CO="510.60" HC="3.03" NOx="12.89" PMx="0.69" fuel="12.24" electricity="0.00" noise="86.06" route="routetop" type="cfm-slow" waiting="0.00" lane="left_0" pos="21.60" speed="19.92" angle="145.56" x="10.27" y="20.59"/>
        <vehicle id="cfm-slow_4" eclass="HBEFA3/PC_G_EU4" CO2="40621.59" CO="760.86" HC="4.47" NOx="18.56" PMx="1.01" fuel="17.46" electricity="0.00" noise="93.52" route="routeleft" type="cfm-slow" waiting="0.00" lane="left_0" pos="39.31" speed="22.48" angle="113.76" x="41.01" y="-1.09"/>
        <vehicle id="cfm-slow_5" eclass="HBEFA3/PC_G_EU4" CO2="46799.03" CO="899.09" HC="5.26" NOx="21.39" PMx="1.18" fuel="20.12" electricity="0.00" noise="94.53" route="routebottom" type="cfm-slow" waiting="0.00" lane="bottom_0" pos="9.72" speed="26.46" angle="76.91" x="84.34" y="-1.75"/>
    </timestep>
    <timestep time="2.33">
        <vehicle id="cfm-fast_0" eclass="HBEFA3/PC_G_EU4" CO2="41464.90" CO="796.66" HC="4.66" NOx="18.84" PMx="1.05" fuel="17.82" electricity="0.00" noise="90.37" route="routebottom" type="cfm-fast" waiting="0.00" lane="bottom_0" pos="36.71" speed="27.93" angle="28.42" x="126.35" y="35.80"/>
        <vehicle id="cfm-fast_1" eclass="HBEFA3/PC_G_EU4" CO2="117677.25" CO="2389.95" HC="13.82" NOx="54.73" PMx="3.05" fuel="50.58" electricity="0.00" noise="129.98" route="routebottom" type="cfm-fast" waiting="0.00" lane="right_1" pos="3.39" speed="31.34" angle="358.40" x="128.59" y="70.63"/>
        <vehicle id="cfm-fast_2" eclass="HBEFA3/PC_G_EU4" CO2="37106.25" CO="691.11" HC="4.07" NOx="16.87" PMx="0.92" fuel="15.95" electricity="0.00" noise="89.79" route="routebottom" type="cfm-fast" waiting="0.00" lane="right_0" pos="14.98" speed="23.99" angle="337.46" x="124.79" y="94.80"/>
        <vehicle id="cfm-fast_3" eclass="HBEFA3/PC_G_EU4" CO2="19218.31" CO="329.80" HC="1.98" NOx="8.38" PMx="0.46" fuel="8.26" electricity="0.00" noise="77.75" route="routebottom" type="cfm-fast" waiting="0.00" lane="right_0" pos="33.58" speed="26.12" angle="304.08" x="97.52" y="123.32"/>
        <vehicle id="cfm-fast_4" eclass="HBEFA3/PC_G_EU4" CO2="117589.64" CO="2387.96" HC="13.80" NOx="54.68" PMx="3.05" fuel="50.55" electricity="0.00" noise="129.97" route="routetop" type="cfm-fast" waiting="0.00" lane="top_1" pos="0.86" speed="31.32" angle="272.92" x="61.87" y="128.94"/>
        <vehicle id="cfm-fast_5" eclass="HBEFA3/PC_G_EU4" CO2="13028.54" CO="193.26" HC="1.20" NOx="5.61" PMx="0.29" fuel="5.60" electricity="0.00" noise="73.76" route="routetop" type="cfm-fast" waiting="0.00" lane="top_0" pos="9.67" speed="19.44" angle="257.04" x="43.09" y="129.11"/>
        <vehicle id="cfm-slow_0" eclass="HBEFA3/PC_G_EU4" CO2="14918.40" CO="234.51" HC="1.43" NOx="6.53" PMx="0.34" fuel="6.41" electricity="0.00" noise="75.35" route="routetop" type="cfm-slow" waiting="0.00" lane="top_0" pos="23.44" speed="18.23" angle="232.28" x="17.58" y="114.48"/>
        <vehicle id="cfm-slow_1" eclass="HBEFA3/PC_G_EU4" CO2="16356.74" CO="263.82" HC="1.60" NOx="7.21" PMx="0.38" fuel="7.03" electricity="0.00" noise="76.54" route="routetop" type="cfm-slow" waiting="0.00" lane="top_0" pos="39.32" speed="18.36" angle="203.74" x="-1.10" y="86.30"/>
        <vehicle id="cfm-slow_2" eclass="HBEFA3/PC_G_EU4" CO2="20255.10" CO="343.17" HC="2.06" NOx="9.04" PMx="0.48" fuel="8.71" electricity="0.00" noise="79.74" route="routetop" type="cfm-slow" waiting="0.00" lane="left_0" pos="5.33" speed="18.78" angle="174.89" x="-3.98" y="52.15"/>
        <vehicle id="cfm-slow_3" eclass="HBEFA3/PC_G_EU4" CO2="28500.01" CO="511.15" HC="3.03" NOx="12.90" PMx="0.69" fuel="12.25" electricity="0.00" noise="86.05" route="routetop" type="cfm-slow" waiting="0.00" lane="left_0" pos="21.80" speed="19.97" angle="145.25" x="10.53" y="20.25"/>
        <vehicle id="cfm-slow_4" eclass="HBEFA3/PC_G_EU4" CO2="40604.12" CO="760.57" HC="4.47" NOx="18.55" PMx="1.01" fuel="17.45" electricity="0.00" noise="93.45" route="routeleft" type="cfm-slow" waiting="0.00" lane="left_0" pos="39.54" speed="22.54" angle="113.35" x="41.46" y="-1.25"/>
        <vehicle id="cfm-slow_5" eclass="HBEFA3/PC_G_EU4" CO2="46552.84" CO="894.29" HC="5.23" NOx="21.27" PMx="1.18" fuel="20.01" electricity="0.00" noise="94.33" route="routebottom" type="cfm-slow" waiting="0.00" lane="bottom_0" pos="9.99" speed="26.52" angle="76.42" x="84.89" y="-1.58"/>
    </timestep>
    <timestep time="2.34">
        <vehicle id="cfm-fast_0" eclass="HBEFA3/PC_G_EU4" CO2="40971.75" CO="786.78" HC="4.60" NOx="18.60" PMx="1.04" fuel="17.61" electricity="0.00" noise="90.05" route="routebottom" type="cfm-fast" waiting="0.00" lane="bottom_0" pos="36.99" speed="27.97" angle="27.87" x="126.60" y="36.35"/>
        <vehicle id="cfm-fast_1" eclass="HBEFA3/PC_G_EU4" CO2="118211.52" CO="2402.12" HC="13.88" NOx="54.97" PMx="3.07" fuel="50.81" electricity="0.00" noise="130.05" route="routebottom" type="cfm-fast" waiting="0.00" lane="right_1" pos="3.71" speed="31.48" angle="357.83" x="128.53" y="71.28"/>
        <vehicle id="cfm-fast_2" eclass="HBEFA3/PC_G_EU4" CO2="36832.72" CO="685.60" HC="4.04" NOx="16.74" PMx="0.92" fuel="15.83" electricity="0.00" noise="89.56" route="routebottom" type="cfm-fast" waiting="0.00" lane="right_0" pos="15.22" speed="24.04" angle="337.00" x="124.56" y="95.26"/>
        <vehicle id="cfm-fast_3" eclass="HBEFA3/PC_G_EU4" CO2="18676.89" CO="318.74" HC="1.92" NOx="8.12" PMx="0.45" fuel="8.03" electricity="0.00" noise="77.46" route="routebottom" type="cfm-fast" waiting="0.00" lane="right_0" pos="33.84" speed="26.15" angle="303.60" x="97.03" y="123.59"/>
        <vehicle id="cfm-fast_4" eclass="HBEFA3/PC_G_EU4" CO2="118123.86" CO="2400.12" HC="13.87" NOx="54.93" PMx="3.07" fuel="50.78" electricity="0.00" noise="130.04" route="routetop" type="cfm-fast" waiting="0.00" lane="top_1" pos="1.18" speed="31.46" angle="272.35" x="61.22" y="128.92"/>
        <vehicle id="cfm-fast_5" eclass="HBEFA3/PC_G_EU4" CO2="12922.03" CO="191.04" HC="1.19" NOx="5.56" PMx="0.29" fuel="5.55" electricity="0.00" noise="73.69" route="routetop" type="cfm-fast" waiting="0.00" lane="top_0" pos="9.86" speed="19.45" angle="256.69" x="42.69" y="128.98"/>
        <vehicle id="cfm-slow_0" eclass="HBEFA3/PC_G_EU4" CO2="14846.72" CO="232.97" HC="1.42" NOx="6.50" PMx="0.34" fuel="6.38" electricity="0.00" noise="75.29" route="routetop" type="cfm-slow" waiting="0.00" lane="top_0" pos="23.63" speed="18.26" angle="231.95" x="17.29" y="114.21"/>
        <vehicle id="cfm-slow_1" eclass="HBEFA3/PC_G_EU4" CO2="16308.90" CO="262.77" HC="1.60" NOx="7.19" PMx="0.37" fuel="7.01" electricity="0.00" noise="76.49" route="routetop" type="cfm-slow" waiting="0.00" lane="top_0" pos="39.50" speed="18.38" angle="203.40" x="-1.23" y="85.93"/>
        <vehicle id="cfm-slow_2" eclass="HBEFA3/PC_G_EU4" CO2="20248.28" CO="342.96" HC="2.06" NOx="9.03" PMx="0.48" fuel="8.70" electricity="0.00" noise="79.72" route="routetop" type="cfm-slow" waiting="0.00" lane="left_0" pos="5.52" speed="18.81" angle="174.55" x="-3.90" y="51.76"/>
        <vehicle id="cfm-slow_3" eclass="HBEFA3/PC_G_EU4" CO2="28528.99" CO="511.70" HC="3.04" NOx="12.91" PMx="0.69" fuel="12.26" electricity="0.00" noise="86.04" route="routetop" type="cfm-slow" waiting="0.00" lane="left_0" pos="22.00" speed="20.02" angle="144.87" x="10.81" y="19.93"/>
        <vehicle id="cfm-slow_4" eclass="HBEFA3/PC_G_EU4" CO2="40585.08" CO="760.26" HC="4.47" NOx="18.54" PMx="1.01" fuel="17.45" electricity="0.00" noise="93.38" route="routeleft" type="cfm-slow" waiting="0.00" lane="left_0" pos="39.76" speed="22.61" angle="112.99" x="41.92" y="-1.42"/>
        <vehicle id="cfm-slow_5" eclass="HBEFA3/PC_G_EU4" CO2="46304.99" CO="889.46" HC="5.20" NOx="21.15" PMx="1.17" fuel="19.90" electricity="0.00" noise="94.13" route="routebottom" type="cfm-slow" waiting="0.00" lane="bottom_0" pos="10.25" speed="26.58" angle="76.01" x="85.44" y="-1.41"/>
    </timestep>
    <timestep time="2.35">
        <vehicle id="cfm-fast_0" eclass="HBEFA3/PC_G_EU4" CO2="40482.25" CO="776.98" HC="4.55" NOx="18.37" PMx="1.02" fuel="17.40" electricity="0.00" noise="89.73" route="routebottom" type="cfm-fast" waiting="0.00" lane="bottom_0" pos="37.27" speed="28.02" angle="27.43" x="126.84" y="36.90"/>
        <vehicle id="cfm-fast_1" eclass="HBEFA3/PC_G_EU4" CO2="118746.07" CO="2414.31" HC="13.95" NOx="55.22" PMx="3.08" fuel="51.04" electricity="0.00" noise="130.11" route="routebottom" type="cfm-fast" waiting="0.00" lane="right_1" pos="4.02" speed="31.62" angle="357.29" x="128.44" y="71.92"/>
        <vehicle id="cfm-fast_2" eclass="HBEFA3/PC_G_EU4" CO2="36556.81" CO="680.05" HC="4.00" NOx="16.61" PMx="0.91" fuel="15.71" electricity="0.00" noise="89.34" route="routebottom" type="cfm-fast" waiting="0.00" lane="right_0" pos="15.46" speed="24.09" angle="336.63" x="124.32" y="95.72"/>
        <vehicle id="cfm-fast_3" eclass="HBEFA3/PC_G_EU4" CO2="18142.58" CO="307.82" HC="1.85" NOx="7.87" PMx="0.44" fuel="7.80" electricity="0.00" noise="77.18" route="routebottom" type="cfm-fast" waiting="0.00" lane="right_0" pos="34.11" speed="26.17" angle="303.13" x="96.54" y="123.87"/>
        <vehicle id="cfm-fast_4" eclass="HBEFA3/PC_G_EU4" CO2="118658.37" CO="2412.31" HC="13.94" NOx="55.18" PMx="3.08" fuel="51.01" electricity="0.00" noise="130.10" route="routetop" type="cfm-fast" waiting="0.00" lane="top_1" pos="1.49" speed="31.59" angle="271.81" x="60.57" y="128.89"/>
        <vehicle id="cfm-fast_5" eclass="HBEFA3/PC_G_EU4" CO2="12816.68" CO="188.85" HC="1.17" NOx="5.51" PMx="0.28" fuel="5.51" electricity="0.00" noise="73.61" route="routetop" type="cfm-fast" waiting="0.00" lane="top_0" pos="10.06" speed="19.47" angle="256.33" x="42.29" y="128.86"/>
        <vehicle id="cfm-slow_0" eclass="HBEFA3/PC_G_EU4" CO2="14775.79" CO="231.45" HC="1.42" NOx="6.47" PMx="0.33" fuel="6.35" electricity="0.00" noise="75.22" route="routetop" type="cfm-slow" waiting="0.00" lane="top_0" pos="23.81" speed="18.28" angle="231.62" x="17.00" y="113.95"/>
        <vehicle id="cfm-slow_1" eclass="HBEFA3/PC_G_EU4" CO2="16261.96" CO="261.74" HC="1.59" NOx="7.16" PMx="0.37" fuel="6.99" electricity="0.00" noise="76.45" route="routetop" type="cfm-slow" waiting="0.00" lane="top_0" pos="39.69" speed="18.41" angle="203.09" x="-1.36" y="85.56"/>
        <vehicle id="cfm-slow_2" eclass="HBEFA3/PC_G_EU4" CO2="20242.27" CO="342.76" HC="2.06" NOx="9.03" PMx="0.48" fuel="8.70" electricity="0.00" noise="79.70" route="routetop" type="cfm-slow" waiting="0.00" lane="left_0" pos="5.71" speed="18.85" angle="174.20" x="-3.83" y="51.36"/>
        <vehicle id="cfm-slow_3" eclass="HBEFA3/PC_G_EU4" CO2="28558.02" CO="512.25" HC="3.04" NOx="12.93" PMx="0.70" fuel="12.28" electricity="0.00" noise="86.02" route="routetop" type="cfm-slow" waiting="0.00" lane="left_0" pos="22.20" speed="20.06" angle="144.50" x="11.09" y="19.60"/>
        <vehicle id="cfm-slow_4" eclass="HBEFA3/PC_G_EU4" CO2="40564.47" CO="759.91" HC="4.47" NOx="18.53" PMx="1.01" fuel="17.44" electricity="0.00" noise="93.30" route="routeleft" type="cfm-slow" waiting="0.00" lane="left_0" pos="39.99" speed="22.67" angle="112.57" x="42.39" y="-1.56"/>
        <vehicle id="cfm-slow_5" eclass="HBEFA3/PC_G_EU4" CO2="46055.53" CO="884.60" HC="5.17" NOx="21.03" PMx="1.17" fuel="19.80" electricity="0.00" noise="93.93" route="routebottom" type="cfm-slow" waiting="0.00" lane="bottom_0" pos="10.52" speed="26.64" angle="75.51" x="85.98" y="-1.21"/>
    </timestep>
    <timestep time="2.36">
        <vehicle id="cfm-fast_0" eclass="HBEFA3/PC_G_EU4" CO2="39996.37" CO="767.25" HC="4.49" NOx="18.14" PMx="1.01" fuel="17.19" electricity="0.00" noise="89.43" route="routebottom" type="cfm-fast" waiting="0.00" lane="bottom_0" pos="37.55" speed="28.07" angle="26.92" x="127.06" y="37.47"/>
        <vehicle id="cfm-fast_1" eclass="HBEFA3/PC_G_EU4" CO2="119280.92" CO="2426.52" HC="14.02" NOx="55.47" PMx="3.10" fuel="51.27" electricity="0.00" noise="130.18" route="routebottom" type="cfm-fast" waiting="0.00" lane="right_1" pos="4.34" speed="31.75" angle="356.71" x="128.35" y="72.56"/>
        <vehicle id="cfm-fast_2" eclass="HBEFA3/PC_G_EU4" CO2="36278.60" CO="674.45" HC="3.97" NOx="16.47" PMx="0.90" fuel="15.59" electricity="0.00" noise="89.11" route="routebottom" type="cfm-fast" waiting="0.00" lane="right_0" pos="15.70" speed="24.14" angle="336.19" x="124.07" y="96.17"/>
        <vehicle id="cfm-fast_3" eclass="HBEFA3/PC_G_EU4" CO2="17615.36" CO="297.05" HC="1.79" NOx="7.62" PMx="0.42" fuel="7.57" electricity="0.00" noise="76.91" route="routebottom" type="cfm-fast" waiting="0.00" lane="right_0" pos="34.37" speed="26.18" angle="302.65" x="96.05" y="124.14"/>
        <vehicle id="cfm-fast_4" eclass="HBEFA3/PC_G_EU4" CO2="119193.17" CO="2424.52" HC="14.01" NOx="55.43" PMx="3.09" fuel="51.24" electricity="0.00" noise="130.17" route="routetop" type="cfm-fast" waiting="0.00" lane="top_1" pos="1.81" speed="31.73" angle="271.23" x="59.92" y="128.86"/>
        <vehicle id="cfm-fast_5" eclass="HBEFA3/PC_G_EU4" CO2="12712.49" CO="186.68" HC="1.16" NOx="5.46" PMx="0.28" fuel="5.46" electricity="0.00" noise="73.54" route="routetop" type="cfm-fast" waiting="0.00" lane="top_0" pos="10.25" speed="19.49" angle="256.04" x="41.89" y="128.74"/>
        <vehicle id="cfm-slow_0" eclass="HBEFA3/PC_G_EU4" CO2="14705.60" CO="229.94" HC="1.41" NOx="6.43" PMx="0.33" fuel="6.32" electricity="0.00" noise="75.16" route="routetop" type="cfm-slow" waiting="0.00" lane="top_0" pos="23.99" speed="18.31" angle="231.29" x="16.71" y="113.68"/>
        <vehicle id="cfm-slow_1" eclass="HBEFA3/PC_G_EU4" CO2="16215.91" CO="260.73" HC="1.59" NOx="7.14" PMx="0.37" fuel="6.97" electricity="0.00" noise="76.40" route="routetop" type="cfm-slow" waiting="0.00" lane="top_0" pos="39.87" speed="18.44" angle="202.79" x="-1.49" y="85.18"/>
        <vehicle id="cfm-slow_2" eclass="HBEFA3/PC_G_EU4" CO2="20237.07" CO="342.59" HC="2.06" NOx="9.03" PMx="0.48" fuel="8.70" electricity="0.00" noise="79.68" route="routetop" type="cfm-slow" waiting="0.00" lane="left_0" pos="5.90" speed="18.89" angle="173.86" x="-3.76" y="50.96"/>
        <vehicle id="cfm-slow_3" eclass="HBEFA3/PC_G_EU4" CO2="28587.09" CO="512.81" HC="3.04" NOx="12.94" PMx="0.70" fuel="12.29" electricity="0.00" noise="86.01" route="routetop" type="cfm-slow" waiting="0.00" lane="left_0" pos="22.40" speed="20.11" angle="144.12" x="11.37" y="19.27"/>
        <vehicle id="cfm-slow_4" eclass="HBEFA3/PC_G_EU4" CO2="40542.28" CO="759.53" HC="4.46" NOx="18.52" PMx="1.01" fuel="17.43" electricity="0.00" noise="93.23" route="routeleft" type="cfm-slow" waiting="0.00" lane="left_0" pos="40.22" speed="22.73" angle="112.14" x="42.86" y="-1.71"/>
        <vehicle id="cfm-slow_5" eclass="HBEFA3/PC_G_EU4" CO2="45804.52" CO="879.70" HC="5.15" NOx="20.91" PMx="1.16" fuel="19.69" electricity="0.00" noise="93.73" route="routebottom" type="cfm-slow" waiting="0.00" lane="bottom_0" pos="10.78" speed="26.70" angle="75.01" x="86.52" y="-1.02"/>
    </timestep>
    <timestep time="2.37">
        <vehicle id="cfm-fast_0" eclass="HBEFA3/PC_G_EU4" CO2="39514.10" CO="757.59" HC="4.44" NOx="17.91" PMx="1.00" fuel="16.99" electricity="0.00" noise="89.12" route="routebottom" type="cfm-fast" waiting="0.00" lane="bottom_0" pos="37.83" speed="28.12" angle="26.41" x="127.29" y="38.03"/>
        <vehicle id="cfm-fast_1" eclass="HBEFA3/PC_G_EU4" CO2="119816.06" CO="2438.75" HC="14.09" NOx="55.72" PMx="3.11" fuel="51.50" electricity="0.00" noise="130.24" route="routebottom" type="cfm-fast" waiting="0.00" lane="right_1" pos="4.66" speed="31.89" angle="356.13" x="128.26" y="73.21"/>
        <vehicle id="cfm-fast_2" eclass="HBEFA3/PC_G_EU4" CO2="35998.16" CO="668.80" HC="3.94" NOx="16.34" PMx="0.90" fuel="15.47" electricity="0.00" noise="88.89" route="routebottom" type="cfm-fast" waiting="0.00" lane="right_0" pos="15.94" speed="24.19" angle="335.75" x="123.82" y="96.63"/>
        <vehicle id="cfm-fast_3" eclass="HBEFA3/PC_G_EU4" CO2="17095.19" CO="286.41" HC="1.73" NOx="7.38" PMx="0.41" fuel="7.35" electricity="0.00" noise="76.65" route="routebottom" type="cfm-fast" waiting="0.00" lane="right_0" pos="34.63" speed="26.20" angle="302.24" x="95.55" y="124.41"/>
        <vehicle id="cfm-fast_4" eclass="HBEFA3/PC_G_EU4" CO2="119728.26" CO="2436.75" HC="14.08" NOx="55.68" PMx="3.11" fuel="51.47" electricity="0.00" noise="130.23" route="routetop" type="cfm-fast" waiting="0.00" lane="top_1" pos="2.13" speed="31.87" angle="270.65" x="59.27" y="128.82"/>
        <vehicle id="cfm-fast_5" eclass="HBEFA3/PC_G_EU4" CO2="12609.44" CO="184.53" HC="1.15" NOx="5.41" PMx="0.28" fuel="5.42" electricity="0.00" noise="73.46" route="routetop" type="cfm-fast" waiting="0.00" lane="top_0" pos="10.45" speed="19.51" angle="255.67" x="41.49" y="128.59"/>
        <vehicle id="cfm-slow_0" eclass="HBEFA3/PC_G_EU4" CO2="14636.16" CO="228.46" HC="1.40" NOx="6.40" PMx="0.33" fuel="6.29" electricity="0.00" noise="75.10" route="routetop" type="cfm-slow" waiting="0.00" lane="top_0" pos="24.18" speed="18.33" angle="230.96" x="16.42" y="113.41"/>
        <vehicle id="cfm-slow_1" eclass="HBEFA3/PC_G_EU4" CO2="16170.76" CO="259.74" HC="1.58" NOx="7.12" PMx="0.37" fuel="6.95" electricity="0.00" noise="76.36" route="routetop" type="cfm-slow" waiting="0.00" lane="top_0" pos="40.06" speed="18.47" angle="202.45" x="-1.60" y="84.80"/>
        <vehicle id="cfm-slow_2" eclass="HBEFA3/PC_G_EU4" CO2="20232.66" CO="342.43" HC="2.06" NOx="9.02" PMx="0.48" fuel="8.70" electricity="0.00" noise="79.66" route="routetop" type="cfm-slow" waiting="0.00" lane="left_0" pos="6.09" speed="18.92" angle="173.51" x="-3.68" y="50.56"/>
        <vehicle id="cfm-slow_3" eclass="HBEFA3/PC_G_EU4" CO2="28616.19" CO="513.36" HC="3.05" NOx="12.95" PMx="0.70" fuel="12.30" electricity="0.00" noise="86.00" route="routetop" type="cfm-slow" waiting="0.00" lane="left_0" pos="22.60" speed="20.16" angle="143.75" x="11.65" y="18.94"/>
        <vehicle id="cfm-slow_4" eclass="HBEFA3/PC_G_EU4" CO2="40518.52" CO="759.13" HC="4.46" NOx="18.51" PMx="1.01" fuel="17.42" electricity="0.00" noise="93.16" route="routeleft" type="cfm-slow" waiting="0.00" lane="left_0" pos="40.45" speed="22.79" angle="111.72" x="43.32" y="-1.85"/>
        <vehicle id="cfm-slow_5" eclass="HBEFA3/PC_G_EU4" CO2="45552.02" CO="874.77" HC="5.12" NOx="20.79" PMx="1.15" fuel="19.58" electricity="0.00" noise="93.54" route="routebottom" type="cfm-slow" waiting="0.00" lane="bottom_0" pos="11.05" speed="26.76" angle="74.51" x="87.06" y="-0.82"/>
    </timestep>
    <timestep time="2.38">
        <vehicle id="cfm-fast_0" eclass="HBEFA3/PC_G_EU4" CO2="39035.43" CO="748.01" HC="4.38" NOx="17.69" PMx="0.99" fuel="16.78" electricity="0.00" noise="88.82" route="routebottom" type="cfm-fast" waiting="0.00" lane="bottom_0" pos="38.11" speed="28.16" angle="25.90" x="127.51" y="38.59"/>
        <vehicle id="cfm-fast_1" eclass="HBEFA3/PC_G_EU4" CO2="120351.49" CO="2451.01" HC="14.16" NOx="55.97" PMx="3.13" fuel="51.73" electricity="0.00" noise="130.31" route="routebottom" type="cfm-fast" waiting="0.00" lane="right_1" pos="4.98" speed="32.02" angle="355.55" x="128.17" y="73.86"/>
        <vehicle id="cfm-fast_2" eclass="HBEFA3/PC_G_EU4" CO2="35715.58" CO="663.11" HC="3.91" NOx="16.21" PMx="0.89" fuel="15.35" electricity="0.00" noise="88.66" route="routebottom" type="cfm-fast" waiting="0.00" lane="right_0" pos="16.18" speed="24.24" angle="335.31" x="123.57" y="97.08"/>
        <vehicle id="cfm-fast_3" eclass="HBEFA3/PC_G_EU4" CO2="16582.05" CO="275.92" HC="1.67" NOx="7.13" PMx="0.39" fuel="7.13" electricity="0.00" noise="76.40" route="routebottom" type="cfm-fast" waiting="0.00" lane="right_0" pos="34.89" speed="26.22" angle="301.77" x="95.05" y="124.67"/>
        <vehicle id="cfm-fast_4" eclass="HBEFA3/PC_G_EU4" CO2="120263.65" CO="2449.00" HC="14.15" NOx="55.93" PMx="3.12" fuel="51.70" electricity="0.00" noise="130.30" route="routetop" type="cfm-fast" waiting="0.00" lane="top_1" pos="2.45" speed="32.00" angle="270.07" x="58.62" y="128.78"/>
        <vehicle id="cfm-fast_5" eclass="HBEFA3/PC_G_EU4" CO2="12507.55" CO="182.41" HC="1.14" NOx="5.37" PMx="0.28" fuel="5.38" electricity="0.00" noise="73.39" route="routetop" type="cfm-fast" waiting="0.00" lane="top_0" pos="10.64" speed="19.53" angle="255.30" x="41.10" y="128.45"/>
        <vehicle id="cfm-slow_0" eclass="HBEFA3/PC_G_EU4" CO2="14567.46" CO="226.98" HC="1.39" NOx="6.37" PMx="0.33" fuel="6.26" electricity="0.00" noise="75.04" route="routetop" type="cfm-slow" waiting="0.00" lane="top_0" pos="24.36" speed="18.36" angle="230.68" x="16.13" y="113.14"/>
        <vehicle id="cfm-slow_1" eclass="HBEFA3/PC_G_EU4" CO2="16126.51" CO="258.77" HC="1.57" NOx="7.10" PMx="0.37" fuel="6.93" electricity="0.00" noise="76.31" route="routetop" type="cfm-slow" waiting="0.00" lane="top_0" pos="40.24" speed="18.49" angle="202.10" x="-1.72" y="84.42"/>
        <vehicle id="cfm-slow_2" eclass="HBEFA3/PC_G_EU4" CO2="20229.06" CO="342.30" HC="2.06" NOx="9.02" PMx="0.48" fuel="8.70" electricity="0.00" noise="79.64" route="routetop" type="cfm-slow" waiting="0.00" lane="left_0" pos="6.28" speed="18.96" angle="173.18" x="-3.61" y="50.16"/>
        <vehicle id="cfm-slow_3" eclass="HBEFA3/PC_G_EU4" CO2="28645.29" CO="513.92" HC="3.05" NOx="12.96" PMx="0.70" fuel="12.31" electricity="0.00" noise="85.99" route="routetop" type="cfm-slow" waiting="0.00" lane="left_0" pos="22.81" speed="20.21" angle="143.37" x="11.93" y="18.60"/>
        <vehicle id="cfm-slow_4" eclass="HBEFA3/PC_G_EU4" CO2="40493.18" CO="758.69" HC="4.46" NOx="18.49" PMx="1.01" fuel="17.41" electricity="0.00" noise="93.09" route="routeleft" type="cfm-slow" waiting="0.00" lane="left_0" pos="40.67" speed="22.85" angle="111.29" x="43.79" y="-2.00"/>
        <vehicle id="cfm-slow_5" eclass="HBEFA3/PC_G_EU4" CO2="45298.07" CO="869.82" HC="5.09" NOx="20.67" PMx="1.15" fuel="19.47" electricity="0.00" noise="93.34" route="routebottom" type="cfm-slow" waiting="0.00" lane="bottom_0" pos="11.32" speed="26.82" angle="74.01" x="87.60" y="-0.63"/>
    </timestep>
    <timestep time="2.39">
        <vehicle id="cfm-fast_0" eclass="HBEFA3/PC_G_EU4" CO2="38560.33" CO="738.49" HC="4.32" NOx="17.46" PMx="0.97" fuel="16.58" electricity="0.00" noise="88.52" route="routebottom" type="cfm-fast" waiting="0.00" lane="bottom_0" pos="38.39" speed="28.21" angle="25.41" x="127.74" y="39.15"/>
        <vehicle id="cfm-fast_1" eclass="HBEFA3/PC_G_EU4" CO2="120887.22" CO="2463.29" HC="14.23" NOx="56.22" PMx="3.14" fuel="51.96" electricity="0.00" noise="130.37" route="routebottom" type="cfm-fast" waiting="0.00" lane="right_1" pos="5.30" speed="32.16" angle="354.98" x="128.06" y="74.51"/>
        <vehicle id="cfm-fast_2" eclass="HBEFA3/PC_G_EU4" CO2="35430.95" CO="657.38" HC="3.87" NOx="16.07" PMx="0.88" fuel="15.23" electricity="0.00" noise="88.44" route="routebottom" type="cfm-fast" waiting="0.00" lane="right_0" pos="16.43" speed="24.29" angle="334.88" x="123.31" y="97.54"/>
        <vehicle id="cfm-fast_3" eclass="HBEFA3/PC_G_EU4" CO2="16075.91" CO="265.57" HC="1.61" NOx="6.89" PMx="0.38" fuel="6.91" electricity="0.00" noise="76.15" route="routebottom" type="cfm-fast" waiting="0.00" lane="right_0" pos="35.15" speed="26.24" angle="301.29" x="94.54" y="124.92"/>
        <vehicle id="cfm-fast_4" eclass="HBEFA3/PC_G_EU4" CO2="120799.32" CO="2461.27" HC="14.22" NOx="56.18" PMx="3.14" fuel="51.93" electricity="0.00" noise="130.36" route="routetop" type="cfm-fast" waiting="0.00" lane="top_1" pos="2.77" speed="32.14" angle="269.54" x="57.96" y="128.72"/>
        <vehicle id="cfm-fast_5" eclass="HBEFA3/PC_G_EU4" CO2="12406.79" CO="180.31" HC="1.13" NOx="5.32" PMx="0.27" fuel="5.33" electricity="0.00" noise="73.32" route="routetop" type="cfm-fast" waiting="0.00" lane="top_0" pos="10.84" speed="19.55" angle="254.93" x="40.70" y="128.31"/>
        <vehicle id="cfm-slow_0" eclass="HBEFA3/PC_G_EU4" CO2="14499.52" CO="225.53" HC="1.38" NOx="6.33" PMx="0.33" fuel="6.23" electricity="0.00" noise="74.98" route="routetop" type="cfm-slow" waiting="0.00" lane="top_0" pos="24.54" speed="18.38" angle="230.35" x="15.85" y="112.86"/>
        <vehicle id="cfm-slow_1" eclass="HBEFA3/PC_G_EU4" CO2="16083.15" CO="257.81" HC="1.57" NOx="7.08" PMx="0.37" fuel="6.91" electricity="0.00" noise="76.27" route="routetop" type="cfm-slow" waiting="0.00" lane="top_0" pos="40.43" speed="18.52" angle="201.75" x="-1.84" y="84.04"/>
        <vehicle id="cfm-slow_2" eclass="HBEFA3/PC_G_EU4" CO2="20226.23" CO="342.17" HC="2.06" NOx="9.02" PMx="0.48" fuel="8.69" electricity="0.00" noise="79.62" route="routetop" type="cfm-slow" waiting="0.00" lane="left_0" pos="6.47" speed="18.99" angle="172.87" x="-3.53" y="49.76"/>
        <vehicle id="cfm-slow_3" eclass="HBEFA3/PC_G_EU4" CO2="28674.39" CO="514.49" HC="3.05" NOx="12.98" PMx="0.70" fuel="12.33" electricity="0.00" noise="85.98" route="routetop" type="cfm-slow" waiting="0.00" lane="left_0" pos="23.01" speed="20.26" angle="143.03" x="12.21" y="18.27"/>
        <vehicle id="cfm-slow_4" eclass="HBEFA3/PC_G_EU4" CO2="40466.26" CO="758.23" HC="4.46" NOx="18.48" PMx="1.01" fuel="17.39" electricity="0.00" noise="93.01" route="routeleft" type="cfm-slow" waiting="0.00" lane="left_0" pos="40.90" speed="22.92" angle="110.86" x="44.27" y="-2.14"/>
        <vehicle id="cfm-slow_5" eclass="HBEFA3/PC_G_EU4" CO2="45042.73" CO="864.84" HC="5.06" NOx="20.55" PMx="1.14" fuel="19.36" electricity="0.00" noise="93.14" route="routebottom" type="cfm-slow" waiting="0.00" lane="bottom_0" pos="11.59" speed="26.88" angle="73.58" x="88.14" y="-0.43"/>
    </timestep>
    <timestep time="2.40">
        <vehicle id="cfm-fast_0" eclass="HBEFA3/PC_G_EU4" CO2="38088.80" CO="729.05" HC="4.27" NOx="17.24" PMx="0.96" fuel="16.37" electricity="0.00" noise="88.23" route="routebottom" type="cfm-fast" waiting="0.00" lane="bottom_0" pos="38.68" speed="28.25" angle="24.94" x="127.95" y="39.72"/>
        <vehicle id="cfm-fast_1" eclass="HBEFA3/PC_G_EU4" CO2="121423.23" CO="2475.58" HC="14.30" NOx="56.47" PMx="3.16" fuel="52.19" electricity="0.00" noise="130.44" route="routebottom" type="cfm-fast" waiting="0.00" lane="right_1" pos="5.62" speed="32.30" angle="354.39" x="127.94" y="75.16"/>
        <vehicle id="cfm-fast_2" eclass="HBEFA3/PC_G_EU4" CO2="35144.33" CO="651.61" HC="3.84" NOx="15.94" PMx="0.87" fuel="15.11" electricity="0.00" noise="88.21" route="routebottom" type="cfm-fast" waiting="0.00" lane="right_0" pos="16.67" speed="24.34" angle="334.48" x="123.06" y="98.00"/>
        <vehicle id="cfm-fast_3" eclass="HBEFA3/PC_G_EU4" CO2="15576.74" CO="255.36" HC="1.55" NOx="6.66" PMx="0.37" fuel="6.70" electricity="0.00" noise="75.92" route="routebottom" type="cfm-fast" waiting="0.00" lane="right_0" pos="35.42" speed="26.25" angle="300.82" x="94.04" y="125.17"/>
        <vehicle id="cfm-fast_4" eclass="HBEFA3/PC_G_EU4" CO2="121335.29" CO="2473.56" HC="14.29" NOx="56.43" PMx="3.15" fuel="52.16" electricity="0.00" noise="130.43" route="routetop" type="cfm-fast" waiting="0.00" lane="top_1" pos="3.09" speed="32.27" angle="268.95" x="57.30" y="128.66"/>
        <vehicle id="cfm-fast_5" eclass="HBEFA3/PC_G_EU4" CO2="12307.18" CO="178.23" HC="1.11" NOx="5.27" PMx="0.27" fuel="5.29" electricity="0.00" noise="73.25" route="routetop" type="cfm-fast" waiting="0.00" lane="top_0" pos="11.04" speed="19.57" angle="254.56" x="40.31" y="128.16"/>
        <vehicle id="cfm-slow_0" eclass="HBEFA3/PC_G_EU4" CO2="14432.33" CO="224.09" HC="1.37" NOx="6.30" PMx="0.33" fuel="6.20" electricity="0.00" noise="74.92" route="routetop" type="cfm-slow" waiting="0.00" lane="top_0" pos="24.73" speed="18.40" angle="230.01" x="15.57" y="112.58"/>
        <vehicle id="cfm-slow_1" eclass="HBEFA3/PC_G_EU4" CO2="16040.69" CO="256.88" HC="1.56" NOx="7.06" PMx="0.37" fuel="6.90" electricity="0.00" noise="76.23" route="routetop" type="cfm-slow" waiting="0.00" lane="top_0" pos="40.61" speed="18.55" angle="201.41" x="-1.96" y="83.66"/>
        <vehicle id="cfm-slow_2" eclass="HBEFA3/PC_G_EU4" CO2="20224.19" CO="342.07" HC="2.06" NOx="9.02" PMx="0.48" fuel="8.69" electricity="0.00" noise="79.60" route="routetop" type="cfm-slow" waiting="0.00" lane="left_0" pos="6.66" speed="19.02" angle="172.50" x="-3.44" y="49.36"/>
        <vehicle id="cfm-slow_3" eclass="HBEFA3/PC_G_EU4" CO2="28703.47" CO="515.05" HC="3.05" NOx="12.99" PMx="0.70" fuel="12.34" electricity="0.00" noise="85.97" route="routetop" type="cfm-slow" waiting="0.00" lane="left_0" pos="23.21" speed="20.31" angle="142.69" x="12.51" y="17.95"/>
        <vehicle id="cfm-slow_4" eclass="HBEFA3/PC_G_EU4" CO2="40437.77" CO="757.73" HC="4.45" NOx="18.46" PMx="1.01" fuel="17.38" electricity="0.00" noise="92.94" route="routeleft" type="cfm-slow" waiting="0.00" lane="left_0" pos="41.13" speed="22.98" angle="110.49" x="44.74" y="-2.28"/>
        <vehicle id="cfm-slow_5" eclass="HBEFA3/PC_G_EU4" CO2="44786.04" CO="859.82" HC="5.03" NOx="20.43" PMx="1.13" fuel="19.25" electricity="0.00" noise="92.95" route="routebottom" type="cfm-slow" waiting="0.00" lane="bottom_0" pos="11.86" speed="26.93" angle="73.10" x="88.68" y="-0.21"/>
    </timestep>
    <timestep time="2.41">
        <vehicle id="cfm-fast_0" eclass="HBEFA3/PC_G_EU4" CO2="37620.80" CO="719.67" HC="4.22" NOx="17.02" PMx="0.95" fuel="16.17" electricity="0.00" noise="87.94" route="routebottom" type="cfm-fast" waiting="0.00" lane="bottom_0" pos="38.96" speed="28.30" angle="24.43" x="128.16" y="40.30"/>
        <vehicle id="cfm-fast_1" eclass="HBEFA3/PC_G_EU4" CO2="121959.54" CO="2487.90" HC="14.37" NOx="56.72" PMx="3.17" fuel="52.42" electricity="0.00" noise="130.50" route="routebottom" type="cfm-fast" waiting="0.00" lane="right_1" pos="5.95" speed="32.43" angle="353.79" x="127.82" y="75.82"/>
        <vehicle id="cfm-fast_2" eclass="HBEFA3/PC_G_EU4" CO2="34855.82" CO="645.80" HC="3.81" NOx="15.80" PMx="0.87" fuel="14.98" electricity="0.00" noise="87.99" route="routebottom" type="cfm-fast" waiting="0.00" lane="right_0" pos="16.91" speed="24.39" angle="334.04" x="122.79" y="98.45"/>
        <vehicle id="cfm-fast_3" eclass="HBEFA3/PC_G_EU4" CO2="15084.52" CO="245.30" HC="1.49" NOx="6.43" PMx="0.36" fuel="6.48" electricity="0.00" noise="75.69" route="routebottom" type="cfm-fast" waiting="0.00" lane="right_0" pos="35.68" speed="26.27" angle="300.34" x="93.53" y="125.43"/>
        <vehicle id="cfm-fast_4" eclass="HBEFA3/PC_G_EU4" CO2="121871.55" CO="2485.88" HC="14.36" NOx="56.68" PMx="3.17" fuel="52.39" electricity="0.00" noise="130.49" route="routetop" type="cfm-fast" waiting="0.00" lane="top_1" pos="3.42" speed="32.41" angle="268.36" x="56.64" y="128.59"/>
        <vehicle id="cfm-fast_5" eclass="HBEFA3/PC_G_EU4" CO2="12208.69" CO="176.18" HC="1.10" NOx="5.22" PMx="0.27" fuel="5.25" electricity="0.00" noise="73.19" route="routetop" type="cfm-fast" waiting="0.00" lane="top_0" pos="11.23" speed="19.58" angle="254.19" x="39.91" y="128.02"/>
        <vehicle id="cfm-slow_0" eclass="HBEFA3/PC_G_EU4" CO2="14365.89" CO="222.67" HC="1.37" NOx="6.27" PMx="0.32" fuel="6.18" electricity="0.00" noise="74.86" route="routetop" type="cfm-slow" waiting="0.00" lane="top_0" pos="24.91" speed="18.43" angle="229.67" x="15.29" y="112.30"/>
        <vehicle id="cfm-slow_1" eclass="HBEFA3/PC_G_EU4" CO2="15999.11" CO="255.97" HC="1.56" NOx="7.04" PMx="0.37" fuel="6.88" electricity="0.00" noise="76.18" route="routetop" type="cfm-slow" waiting="0.00" lane="top_0" pos="40.80" speed="18.58" angle="201.06" x="-2.07" y="83.28"/>
        <vehicle id="cfm-slow_2" eclass="HBEFA3/PC_G_EU4" CO2="20222.91" CO="341.98" HC="2.06" NOx="9.02" PMx="0.48" fuel="8.69" electricity="0.00" noise="79.59" route="routetop" type="cfm-slow" waiting="0.00" lane="left_0" pos="6.85" speed="19.06" angle="172.14" x="-3.34" y="48.96"/>
        <vehicle id="cfm-slow_3" eclass="HBEFA3/PC_G_EU4" CO2="28732.53" CO="515.62" HC="3.06" NOx="13.00" PMx="0.70" fuel="12.35" electricity="0.00" noise="85.96" route="routetop" type="cfm-slow" waiting="0.00" lane="left_0" pos="23.41" speed="20.35" angle="142.33" x="12.80" y="17.62"/>
        <vehicle id="cfm-slow_4" eclass="HBEFA3/PC_G_EU4" CO2="40407.69" CO="757.21" HC="4.45" NOx="18.45" PMx="1.01" fuel="17.37" electricity="0.00" noise="92.86" route="routeleft" type="cfm-slow" waiting="0.00" lane="left_0" pos="41.36" speed="23.04" angle="110.06" x="45.22" y="-2.41"/>
        <vehicle id="cfm-slow_5" eclass="HBEFA3/PC_G_EU4" CO2="44528.07" CO="854.79" HC="5.00" NOx="20.30" PMx="1.13" fuel="19.14" electricity="0.00" noise="92.75" route="routebottom" type="cfm-slow" waiting="0.00" lane="bottom_0" pos="12.13" speed="26.99" angle="72.62" x="89.22" y="0.00"/>
    </timestep>
    <timestep time="2.42">
        <vehicle id="cfm-fast_0" eclass="HBEFA3/PC_G_EU4" CO2="37156.33" CO="710.37" HC="4.16" NOx="16.80" PMx="0.94" fuel="15.97" electricity="0.00" noise="87.65" route="routebottom" type="cfm-fast" waiting="0.00" lane="bottom_0" pos="39.24" speed="28.34" angle="23.92" x="128.37" y="40.87"/>
        <vehicle id="cfm-fast_1" eclass="HBEFA3/PC_G_EU4" CO2="122496.14" CO="2500.24" HC="14.44" NOx="56.97" PMx="3.18" fuel="52.65" electricity="0.00" noise="130.57" route="routebottom" type="cfm-fast" waiting="0.00" lane="right_1" pos="6.27" speed="32.57" angle="353.19" x="127.70" y="76.47"/>
        <vehicle id="cfm-fast_2" eclass="HBEFA3/PC_G_EU4" CO2="34565.49" CO="639.95" HC="3.77" NOx="15.66" PMx="0.86" fuel="14.86" electricity="0.00" noise="87.76" route="routebottom" type="cfm-fast" waiting="0.00" lane="right_0" pos="17.16" speed="24.44" angle="333.60" x="122.52" y="98.90"/>
        <vehicle id="cfm-fast_3" eclass="HBEFA3/PC_G_EU4" CO2="14599.20" CO="235.37" HC="1.44" NOx="6.20" PMx="0.34" fuel="6.28" electricity="0.00" noise="75.47" route="routebottom" type="cfm-fast" waiting="0.00" lane="right_0" pos="35.94" speed="26.28" angle="299.92" x="93.03" y="125.68"/>
        <vehicle id="cfm-fast_4" eclass="HBEFA3/PC_G_EU4" CO2="122408.10" CO="2498.22" HC="14.43" NOx="56.93" PMx="3.18" fuel="52.62" electricity="0.00" noise="130.56" route="routetop" type="cfm-fast" waiting="0.00" lane="top_1" pos="3.74" speed="32.55" angle="267.77" x="55.98" y="128.52"/>
        <vehicle id="cfm-fast_5" eclass="HBEFA3/PC_G_EU4" CO2="12111.33" CO="174.15" HC="1.09" NOx="5.18" PMx="0.27" fuel="5.21" electricity="0.00" noise="73.12" route="routetop" type="cfm-fast" waiting="0.00" lane="top_0" pos="11.43" speed="19.60" angle="253.85" x="39.51" y="127.88"/>
        <vehicle id="cfm-slow_0" eclass="HBEFA3/PC_G_EU4" CO2="14300.20" CO="221.26" HC="1.36" NOx="6.24" PMx="0.32" fuel="6.15" electricity="0.00" noise="74.81" route="routetop" type="cfm-slow" waiting="0.00" lane="top_0" pos="25.10" speed="18.45" angle="229.33" x="15.01" y="112.02"/>
        <vehicle id="cfm-slow_1" eclass="HBEFA3/PC_G_EU4" CO2="15958.42" CO="255.07" HC="1.55" NOx="7.02" PMx="0.37" fuel="6.86" electricity="0.00" noise="76.14" route="routetop" type="cfm-slow" waiting="0.00" lane="top_0" pos="40.98" speed="18.60" angle="200.74" x="-2.19" y="82.89"/>
        <vehicle id="cfm-slow_2" eclass="HBEFA3/PC_G_EU4" CO2="20222.40" CO="341.91" HC="2.06" NOx="9.02" PMx="0.48" fuel="8.69" electricity="0.00" noise="79.57" route="routetop" type="cfm-slow" waiting="0.00" lane="left_0" pos="7.04" speed="19.09" angle="171.77" x="-3.25" y="48.56"/>
        <vehicle id="cfm-slow_3" eclass="HBEFA3/PC_G_EU4" CO2="28761.54" CO="516.18" HC="3.06" NOx="13.01" PMx="0.70" fuel="12.36" electricity="0.00" noise="85.95" route="routetop" type="cfm-slow" waiting="0.00" lane="left_0" pos="23.62" speed="20.40" angle="141.96" x="13.10" y="17.30"/>
        <vehicle id="cfm-slow_4" eclass="HBEFA3/PC_G_EU4" CO2="40376.05" CO="756.65" HC="4.45" NOx="18.43" PMx="1.01" fuel="17.36" electricity="0.00" noise="92.79" route="routeleft" type="cfm-slow" waiting="0.00" lane="left_0" pos="41.59" speed="23.10" angle="109.63" x="45.70" y="-2.54"/>
        <vehicle id="cfm-slow_5" eclass="HBEFA3/PC_G_EU4" CO2="44268.85" CO="849.72" HC="4.97" NOx="20.18" PMx="1.12" fuel="19.03" electricity="0.00" noise="92.55" route="routebottom" type="cfm-slow" waiting="0.00" lane="bottom_0" pos="12.40" speed="27.04" angle="72.14" x="89.76" y="0.22"/>
    </timestep>
    <timestep time="2.43">
        <vehicle id="cfm-fast_0" eclass="HBEFA3/PC_G_EU4" CO2="36695.36" CO="701.14" HC="4.11" NOx="16.58" PMx="0.93" fuel="15.77" electricity="0.00" noise="87.37" route="routebottom" type="cfm-fast" waiting="0.00" lane="bottom_0" pos="39.53" speed="28.38" angle="23.40" x="128.57" y="41.44"/>
        <vehicle id="cfm-fast_1" eclass="HBEFA3/PC_G_EU4" CO2="123033.03" CO="2512.61" HC="14.51" NOx="57.22" PMx="3.20" fuel="52.89" electricity="0.00" noise="130.64" route="routebottom" type="cfm-fast" waiting="0.00" lane="right_1" pos="6.60" speed="32.71" angle="352.62" x="127.57" y="77.13"/>
        <vehicle id="cfm-fast_2" eclass="HBEFA3/PC_G_EU4" CO2="34273.41" CO="634.07" HC="3.74" NOx="15.52" PMx="0.85" fuel="14.73" electricity="0.00" noise="87.54" route="routebottom" type="cfm-fast" waiting="0.00" lane="right_0" pos="17.40" speed="24.49" angle="333.16" x="122.25" y="99.35"/>
        <vehicle id="cfm-fast_3" eclass="HBEFA3/PC_G_EU4" CO2="14120.76" CO="225.58" HC="1.38" NOx="5.97" PMx="0.33" fuel="6.07" electricity="0.00" noise="75.26" route="routebottom" type="cfm-fast" waiting="0.00" lane="right_0" pos="36.21" speed="26.30" angle="299.40" x="92.51" y="125.91"/>
        <vehicle id="cfm-fast_4" eclass="HBEFA3/PC_G_EU4" CO2="122944.95" CO="2510.58" HC="14.50" NOx="57.18" PMx="3.20" fuel="52.85" electricity="0.00" noise="130.63" route="routetop" type="cfm-fast" waiting="0.00" lane="top_1" pos="4.07" speed="32.68" angle="267.21" x="55.31" y="128.43"/>
        <vehicle id="cfm-fast_5" eclass="HBEFA3/PC_G_EU4" CO2="12015.10" CO="172.15" HC="1.08" NOx="5.13" PMx="0.26" fuel="5.16" electricity="0.00" noise="73.06" route="routetop" type="cfm-fast" waiting="0.00" lane="top_0" pos="11.62" speed="19.62" angle="253.52" x="39.12" y="127.73"/>
        <vehicle id="cfm-slow_0" eclass="HBEFA3/PC_G_EU4" CO2="14235.27" CO="219.87" HC="1.35" NOx="6.21" PMx="0.32" fuel="6.12" electricity="0.00" noise="74.75" route="routetop" type="cfm-slow" waiting="0.00" lane="top_0" pos="25.28" speed="18.47" angle="228.99" x="14.73" y="111.74"/>
        <vehicle id="cfm-slow_1" eclass="HBEFA3/PC_G_EU4" CO2="15918.62" CO="254.19" HC="1.55" NOx="7.00" PMx="0.36" fuel="6.84" electricity="0.00" noise="76.11" route="routetop" type="cfm-slow" waiting="0.00" lane="top_0" pos="41.17" speed="18.63" angle="200.43" x="-2.30" y="82.51"/>
        <vehicle id="cfm-slow_2" eclass="HBEFA3/PC_G_EU4" CO2="20222.63" CO="341.86" HC="2.05" NOx="9.02" PMx="0.48" fuel="8.69" electricity="0.00" noise="79.56" route="routetop" type="cfm-slow" waiting="0.00" lane="left_0" pos="7.23" speed="19.13" angle="171.40" x="-3.16" y="48.15"/>
        <vehicle id="cfm-slow_3" eclass="HBEFA3/PC_G_EU4" CO2="28790.50" CO="516.75" HC="3.06" NOx="13.03" PMx="0.70" fuel="12.38" electricity="0.00" noise="85.94" route="routetop" type="cfm-slow" waiting="0.00" lane="left_0" pos="23.82" speed="20.45" angle="141.59" x="13.40" y="16.98"/>
        <vehicle id="cfm-slow_4" eclass="HBEFA3/PC_G_EU4" CO2="40342.82" CO="756.07" HC="4.44" NOx="18.42" PMx="1.01" fuel="17.34" electricity="0.00" noise="92.71" route="routeleft" type="cfm-slow" waiting="0.00" lane="left_0" pos="41.83" speed="23.16" angle="109.20" x="46.18" y="-2.67"/>
        <vehicle id="cfm-slow_5" eclass="HBEFA3/PC_G_EU4" CO2="44008.44" CO="844.64" HC="4.94" NOx="20.06" PMx="1.11" fuel="18.92" electricity="0.00" noise="92.36" route="routebottom" type="cfm-slow" waiting="0.00" lane="bottom_0" pos="12.67" speed="27.10" angle="71.66" x="90.30" y="0.43"/>
    </timestep>
    <timestep time="2.44">
        <vehicle id="cfm-fast_0" eclass="HBEFA3/PC_G_EU4" CO2="36237.87" CO="691.97" HC="4.06" NOx="16.36" PMx="0.91" fuel="15.58" electricity="0.00" noise="87.09" route="routebottom" type="cfm-fast" waiting="0.00" lane="bottom_0" pos="39.81" speed="28.42" angle="22.95" x="128.78" y="42.02"/>
        <vehicle id="cfm-fast_1" eclass="HBEFA3/PC_G_EU4" CO2="123570.22" CO="2524.99" HC="14.58" NOx="57.47" PMx="3.21" fuel="53.12" electricity="0.00" noise="130.70" route="routebottom" type="cfm-fast" waiting="0.00" lane="right_1" pos="6.93" speed="32.84" angle="351.99" x="127.42" y="77.79"/>
        <vehicle id="cfm-fast_2" eclass="HBEFA3/PC_G_EU4" CO2="33979.67" CO="628.15" HC="3.70" NOx="15.38" PMx="0.84" fuel="14.61" electricity="0.00" noise="87.32" route="routebottom" type="cfm-fast" waiting="0.00" lane="right_0" pos="17.65" speed="24.53" angle="332.72" x="121.98" y="99.81"/>
        <vehicle id="cfm-fast_3" eclass="HBEFA3/PC_G_EU4" CO2="13649.16" CO="215.92" HC="1.32" NOx="5.75" PMx="0.32" fuel="5.87" electricity="0.00" noise="75.05" route="routebottom" type="cfm-fast" waiting="0.00" lane="right_0" pos="36.47" speed="26.31" angle="298.89" x="91.99" y="126.14"/>
        <vehicle id="cfm-fast_4" eclass="HBEFA3/PC_G_EU4" CO2="123482.08" CO="2522.96" HC="14.57" NOx="57.43" PMx="3.21" fuel="53.08" electricity="0.00" noise="130.69" route="routetop" type="cfm-fast" waiting="0.00" lane="top_1" pos="4.40" speed="32.82" angle="266.61" x="54.65" y="128.34"/>
        <vehicle id="cfm-fast_5" eclass="HBEFA3/PC_G_EU4" CO2="11919.98" CO="170.17" HC="1.07" NOx="5.09" PMx="0.26" fuel="5.12" electricity="0.00" noise="72.99" route="routetop" type="cfm-fast" waiting="0.00" lane="top_0" pos="11.82" speed="19.64" angle="253.17" x="38.73" y="127.57"/>
        <vehicle id="cfm-slow_0" eclass="HBEFA3/PC_G_EU4" CO2="14171.09" CO="218.50" HC="1.34" NOx="6.17" PMx="0.32" fuel="6.09" electricity="0.00" noise="74.69" route="routetop" type="cfm-slow" waiting="0.00" lane="top_0" pos="25.47" speed="18.50" angle="228.65" x="14.45" y="111.46"/>
        <vehicle id="cfm-slow_1" eclass="HBEFA3/PC_G_EU4" CO2="15879.70" CO="253.34" HC="1.54" NOx="6.98" PMx="0.36" fuel="6.83" electricity="0.00" noise="76.07" route="routetop" type="cfm-slow" waiting="0.00" lane="top_0" pos="41.36" speed="18.66" angle="200.08" x="-2.41" y="82.12"/>
        <vehicle id="cfm-slow_2" eclass="HBEFA3/PC_G_EU4" CO2="20223.62" CO="341.82" HC="2.05" NOx="9.01" PMx="0.48" fuel="8.69" electricity="0.00" noise="79.54" route="routetop" type="cfm-slow" waiting="0.00" lane="left_0" pos="7.42" speed="19.16" angle="171.03" x="-3.07" y="47.75"/>
        <vehicle id="cfm-slow_3" eclass="HBEFA3/PC_G_EU4" CO2="28819.38" CO="517.32" HC="3.07" NOx="13.04" PMx="0.70" fuel="12.39" electricity="0.00" noise="85.93" route="routetop" type="cfm-slow" waiting="0.00" lane="left_0" pos="24.03" speed="20.50" angle="141.22" x="13.70" y="16.65"/>
        <vehicle id="cfm-slow_4" eclass="HBEFA3/PC_G_EU4" CO2="40308.02" CO="755.45" HC="4.44" NOx="18.40" PMx="1.01" fuel="17.33" electricity="0.00" noise="92.64" route="routeleft" type="cfm-slow" waiting="0.00" lane="left_0" pos="42.06" speed="23.22" angle="108.77" x="46.66" y="-2.80"/>
        <vehicle id="cfm-slow_5" eclass="HBEFA3/PC_G_EU4" CO2="43746.88" CO="839.53" HC="4.91" NOx="19.93" PMx="1.11" fuel="18.80" electricity="0.00" noise="92.17" route="routebottom" type="cfm-slow" waiting="0.00" lane="bottom_0" pos="12.94" speed="27.16" angle="71.21" x="90.84" y="0.66"/>
    </timestep>
    <timestep time="2.45">
        <vehicle id="cfm-fast_0" eclass="HBEFA3/PC_G_EU4" CO2="35783.84" CO="682.87" HC="4.00" NOx="16.14" PMx="0.90" fuel="15.38" electricity="0.00" noise="86.81" route="routebottom" type="cfm-fast" waiting="0.00" lane="bottom_0" pos="40.09" speed="28.47" angle="22.40" x="128.96" y="42.60"/>
        <vehicle id="cfm-fast_1" eclass="HBEFA3/PC_G_EU4" CO2="124107.69" CO="2537.40" HC="14.65" NOx="57.73" PMx="3.23" fuel="53.35" electricity="0.00" noise="130.77" route="routebottom" type="cfm-fast" waiting="0.00" lane="right_1" pos="7.26" speed="32.98" angle="351.36" x="127.27" y="78.45"/>
        <vehicle id="cfm-fast_2" eclass="HBEFA3/PC_G_EU4" CO2="33684.35" CO="622.20" HC="3.67" NOx="15.24" PMx="0.84" fuel="14.48" electricity="0.00" noise="87.09" route="routebottom" type="cfm-fast" waiting="0.00" lane="right_0" pos="17.89" speed="24.58" angle="332.32" x="121.71" y="100.26"/>
        <vehicle id="cfm-fast_3" eclass="HBEFA3/PC_G_EU4" CO2="13184.35" CO="206.41" HC="1.27" NOx="5.53" PMx="0.31" fuel="5.67" electricity="0.00" noise="74.86" route="routebottom" type="cfm-fast" waiting="0.00" lane="right_0" pos="36.73" speed="26.32" angle="298.38" x="91.48" y="126.37"/>
        <vehicle id="cfm-fast_4" eclass="HBEFA3/PC_G_EU4" CO2="124019.51" CO="2535.36" HC="14.64" NOx="57.68" PMx="3.23" fuel="53.31" electricity="0.00" noise="130.76" route="routetop" type="cfm-fast" waiting="0.00" lane="top_1" pos="4.73" speed="32.96" angle="266.01" x="53.98" y="128.24"/>
        <vehicle id="cfm-fast_5" eclass="HBEFA3/PC_G_EU4" CO2="11825.97" CO="168.21" HC="1.06" NOx="5.04" PMx="0.26" fuel="5.08" electricity="0.00" noise="72.93" route="routetop" type="cfm-fast" waiting="0.00" lane="top_0" pos="12.02" speed="19.65" angle="252.81" x="38.34" y="127.41"/>
        <vehicle id="cfm-slow_0" eclass="HBEFA3/PC_G_EU4" CO2="14107.67" CO="217.14" HC="1.33" NOx="6.14" PMx="0.32" fuel="6.06" electricity="0.00" noise="74.64" route="routetop" type="cfm-slow" waiting="0.00" lane="top_0" pos="25.65" speed="18.52" angle="228.38" x="14.17" y="111.18"/>
        <vehicle id="cfm-slow_1" eclass="HBEFA3/PC_G_EU4" CO2="15841.67" CO="252.50" HC="1.54" NOx="6.96" PMx="0.36" fuel="6.81" electricity="0.00" noise="76.03" route="routetop" type="cfm-slow" waiting="0.00" lane="top_0" pos="41.54" speed="18.68" angle="199.74" x="-2.51" y="81.73"/>
        <vehicle id="cfm-slow_2" eclass="HBEFA3/PC_G_EU4" CO2="20225.34" CO="341.80" HC="2.05" NOx="9.01" PMx="0.48" fuel="8.69" electricity="0.00" noise="79.53" route="routetop" type="cfm-slow" waiting="0.00" lane="left_0" pos="7.61" speed="19.20" angle="170.71" x="-2.98" y="47.35"/>
        <vehicle id="cfm-slow_3" eclass="HBEFA3/PC_G_EU4" CO2="28848.19" CO="517.88" HC="3.07" NOx="13.05" PMx="0.70" fuel="12.40" electricity="0.00" noise="85.92" route="routetop" type="cfm-slow" waiting="0.00" lane="left_0" pos="24.23" speed="20.55" angle="140.85" x="14.00" y="16.33"/>
        <vehicle id="cfm-slow_4" eclass="HBEFA3/PC_G_EU4" CO2="40271.65" CO="754.81" HC="4.44" NOx="18.38" PMx="1.01" fuel="17.31" electricity="0.00" noise="92.56" route="routeleft" type="cfm-slow" waiting="0.00" lane="left_0" pos="42.29" speed="23.28" angle="108.38" x="47.15" y="-2.93"/>
        <vehicle id="cfm-slow_5" eclass="HBEFA3/PC_G_EU4" CO2="43484.23" CO="834.39" HC="4.88" NOx="19.81" PMx="1.10" fuel="18.69" electricity="0.00" noise="91.97" route="routebottom" type="cfm-slow" waiting="0.00" lane="bottom_0" pos="13.21" speed="27.21" angle="70.71" x="91.37" y="0.91"/>
    </timestep>
    <timestep time="2.46">
        <vehicle id="cfm-fast_0" eclass="HBEFA3/PC_G_EU4" CO2="35333.24" CO="673.84" HC="3.95" NOx="15.93" PMx="0.89" fuel="15.19" electricity="0.00" noise="86.54" route="routebottom" type="cfm-fast" waiting="0.00" lane="bottom_0" pos="40.38" speed="28.51" angle="21.86" x="129.14" y="43.19"/>
        <vehicle id="cfm-fast_1" eclass="HBEFA3/PC_G_EU4" CO2="124645.46" CO="2549.82" HC="14.72" NOx="57.98" PMx="3.24" fuel="53.58" electricity="0.00" noise="130.83" route="routebottom" type="cfm-fast" waiting="0.00" lane="right_1" pos="7.59" speed="33.12" angle="350.75" x="127.11" y="79.11"/>
        <vehicle id="cfm-fast_2" eclass="HBEFA3/PC_G_EU4" CO2="33387.52" CO="616.22" HC="3.64" NOx="15.10" PMx="0.83" fuel="14.35" electricity="0.00" noise="86.87" route="routebottom" type="cfm-fast" waiting="0.00" lane="right_0" pos="18.14" speed="24.62" angle="331.87" x="121.42" y="100.70"/>
        <vehicle id="cfm-fast_3" eclass="HBEFA3/PC_G_EU4" CO2="12726.31" CO="197.03" HC="1.21" NOx="5.31" PMx="0.29" fuel="5.47" electricity="0.00" noise="74.67" route="routebottom" type="cfm-fast" waiting="0.00" lane="right_0" pos="37.00" speed="26.33" angle="297.87" x="90.96" y="126.60"/>
        <vehicle id="cfm-fast_4" eclass="HBEFA3/PC_G_EU4" CO2="124557.23" CO="2547.78" HC="14.71" NOx="57.94" PMx="3.24" fuel="53.54" electricity="0.00" noise="130.82" route="routetop" type="cfm-fast" waiting="0.00" lane="top_1" pos="5.06" speed="33.09" angle="265.40" x="53.31" y="128.15"/>
        <vehicle id="cfm-fast_5" eclass="HBEFA3/PC_G_EU4" CO2="11733.07" CO="166.28" HC="1.04" NOx="5.00" PMx="0.26" fuel="5.04" electricity="0.00" noise="72.87" route="routetop" type="cfm-fast" waiting="0.00" lane="top_0" pos="12.21" speed="19.67" angle="252.46" x="37.94" y="127.25"/>
        <vehicle id="cfm-slow_0" eclass="HBEFA3/PC_G_EU4" CO2="14045.00" CO="215.80" HC="1.33" NOx="6.11" PMx="0.32" fuel="6.04" electricity="0.00" noise="74.59" route="routetop" type="cfm-slow" waiting="0.00" lane="top_0" pos="25.84" speed="18.54" angle="228.03" x="13.90" y="110.88"/>
        <vehicle id="cfm-slow_1" eclass="HBEFA3/PC_G_EU4" CO2="15804.51" CO="251.68" HC="1.53" NOx="6.94" PMx="0.36" fuel="6.79" electricity="0.00" noise="75.99" route="routetop" type="cfm-slow" waiting="0.00" lane="top_0" pos="41.73" speed="18.71" angle="199.39" x="-2.61" y="81.34"/>
        <vehicle id="cfm-slow_2" eclass="HBEFA3/PC_G_EU4" CO2="20227.79" CO="341.79" HC="2.05" NOx="9.02" PMx="0.48" fuel="8.69" electricity="0.00" noise="79.52" route="routetop" type="cfm-slow" waiting="0.00" lane="left_0" pos="7.80" speed="19.23" angle="170.38" x="-2.87" y="46.95"/>
        <vehicle id="cfm-slow_3" eclass="HBEFA3/PC_G_EU4" CO2="28876.90" CO="518.45" HC="3.07" NOx="13.06" PMx="0.70" fuel="12.41" electricity="0.00" noise="85.91" route="routetop" type="cfm-slow" waiting="0.00" lane="left_0" pos="24.44" speed="20.59" angle="140.53" x="14.30" y="16.01"/>
        <vehicle id="cfm-slow_4" eclass="HBEFA3/PC_G_EU4" CO2="40233.70" CO="754.14" HC="4.43" NOx="18.36" PMx="1.01" fuel="17.29" electricity="0.00" noise="92.49" route="routeleft" type="cfm-slow" waiting="0.00" lane="left_0" pos="42.52" speed="23.34" angle="107.98" x="47.64" y="-3.04"/>
        <vehicle id="cfm-slow_5" eclass="HBEFA3/PC_G_EU4" CO2="43220.53" CO="829.24" HC="4.85" NOx="19.68" PMx="1.09" fuel="18.58" electricity="0.00" noise="91.78" route="routebottom" type="cfm-slow" waiting="0.00" lane="bottom_0" pos="13.49" speed="27.26" angle="70.21" x="91.91" y="1.15"/>
    </timestep>
    <timestep time="2.47">
        <vehicle id="cfm-fast_0" eclass="HBEFA3/PC_G_EU4" CO2="34886.07" CO="664.88" HC="3.90" NOx="15.72" PMx="0.88" fuel="15.00" electricity="0.00" noise="86.27" route="routebottom" type="cfm-fast" waiting="0.00" lane="bottom_0" pos="40.67" speed="28.55" angle="21.31" x="129.32" y="43.78"/>
        <vehicle id="cfm-fast_1" eclass="HBEFA3/PC_G_EU4" CO2="125183.52" CO="2562.27" HC="14.79" NOx="58.23" PMx="3.26" fuel="53.81" electricity="0.00" noise="130.90" route="routebottom" type="cfm-fast" waiting="0.00" lane="right_1" pos="7.92" speed="33.25" angle="350.19" x="126.95" y="79.77"/>
        <vehicle id="cfm-fast_2" eclass="HBEFA3/PC_G_EU4" CO2="33089.25" CO="610.21" HC="3.60" NOx="14.96" PMx="0.82" fuel="14.22" electricity="0.00" noise="86.65" route="routebottom" type="cfm-fast" waiting="0.00" lane="right_0" pos="18.39" speed="24.67" angle="331.39" x="121.12" y="101.14"/>
        <vehicle id="cfm-fast_3" eclass="HBEFA3/PC_G_EU4" CO2="12274.99" CO="187.78" HC="1.16" NOx="5.10" PMx="0.28" fuel="5.28" electricity="0.00" noise="74.49" route="routebottom" type="cfm-fast" waiting="0.00" lane="right_0" pos="37.26" speed="26.34" angle="297.45" x="90.44" y="126.83"/>
        <vehicle id="cfm-fast_4" eclass="HBEFA3/PC_G_EU4" CO2="125095.24" CO="2560.23" HC="14.78" NOx="58.19" PMx="3.26" fuel="53.77" electricity="0.00" noise="130.89" route="routetop" type="cfm-fast" waiting="0.00" lane="top_1" pos="5.39" speed="33.23" angle="264.81" x="52.63" y="128.03"/>
        <vehicle id="cfm-fast_5" eclass="HBEFA3/PC_G_EU4" CO2="11641.27" CO="164.37" HC="1.03" NOx="4.95" PMx="0.25" fuel="5.00" electricity="0.00" noise="72.81" route="routetop" type="cfm-fast" waiting="0.00" lane="top_0" pos="12.41" speed="19.69" angle="252.10" x="37.55" y="127.10"/>
        <vehicle id="cfm-slow_0" eclass="HBEFA3/PC_G_EU4" CO2="13983.09" CO="214.48" HC="1.32" NOx="6.08" PMx="0.31" fuel="6.01" electricity="0.00" noise="74.54" route="routetop" type="cfm-slow" waiting="0.00" lane="top_0" pos="26.02" speed="18.57" angle="227.69" x="13.63" y="110.59"/>
        <vehicle id="cfm-slow_1" eclass="HBEFA3/PC_G_EU4" CO2="15768.23" CO="250.88" HC="1.53" NOx="6.92" PMx="0.36" fuel="6.78" electricity="0.00" noise="75.96" route="routetop" type="cfm-slow" waiting="0.00" lane="top_0" pos="41.92" speed="18.73" angle="199.04" x="-2.72" y="80.96"/>
        <vehicle id="cfm-slow_2" eclass="HBEFA3/PC_G_EU4" CO2="20230.96" CO="341.80" HC="2.05" NOx="9.02" PMx="0.48" fuel="8.70" electricity="0.00" noise="79.51" route="routetop" type="cfm-slow" waiting="0.00" lane="left_0" pos="8.00" speed="19.27" angle="170.03" x="-2.77" y="46.55"/>
        <vehicle id="cfm-slow_3" eclass="HBEFA3/PC_G_EU4" CO2="28905.50" CO="519.02" HC="3.08" NOx="13.08" PMx="0.71" fuel="12.43" electricity="0.00" noise="85.90" route="routetop" type="cfm-slow" waiting="0.00" lane="left_0" pos="24.65" speed="20.64" angle="140.15" x="14.62" y="15.69"/>
        <vehicle id="cfm-slow_4" eclass="HBEFA3/PC_G_EU4" CO2="40194.18" CO="753.43" HC="4.43" NOx="18.34" PMx="1.00" fuel="17.28" electricity="0.00" noise="92.41" route="routeleft" type="cfm-slow" waiting="0.00" lane="left_0" pos="42.76" speed="23.40" angle="107.57" x="48.13" y="-3.15"/>
        <vehicle id="cfm-slow_5" eclass="HBEFA3/PC_G_EU4" CO2="42955.82" CO="824.06" HC="4.82" NOx="19.55" PMx="1.09" fuel="18.46" electricity="0.00" noise="91.59" route="routebottom" type="cfm-slow" waiting="0.00" lane="bottom_0" pos="13.76" speed="27.32" angle="69.70" x="92.44" y="1.39"/>
    </timestep>
    <timestep time="2.48">
        <vehicle id="cfm-fast_0" eclass="HBEFA3/PC_G_EU4" CO2="34442.30" CO="655.99" HC="3.85" NOx="15.51" PMx="0.87" fuel="14.81" electricity="0.00" noise="86.00" route="routebottom" type="cfm-fast" waiting="0.00" lane="bottom_0" pos="40.95" speed="28.59" angle="20.78" x="129.50" y="44.36"/>
        <vehicle id="cfm-fast_1" eclass="HBEFA3/PC_G_EU4" CO2="125721.87" CO="2574.74" HC="14.86" NOx="58.48" PMx="3.27" fuel="54.04" electricity="0.00" noise="130.96" route="routebottom" type="cfm-fast" waiting="0.00" lane="right_1" pos="8.26" speed="33.39" angle="349.59" x="126.77" y="80.43"/>
        <vehicle id="cfm-fast_2" eclass="HBEFA3/PC_G_EU4" CO2="32789.62" CO="604.17" HC="3.57" NOx="14.82" PMx="0.81" fuel="14.09" electricity="0.00" noise="86.42" route="routebottom" type="cfm-fast" waiting="0.00" lane="right_0" pos="18.63" speed="24.71" angle="330.91" x="120.83" y="101.59"/>
        <vehicle id="cfm-fast_3" eclass="HBEFA3/PC_G_EU4" CO2="11830.36" CO="178.67" HC="1.11" NOx="4.89" PMx="0.27" fuel="5.09" electricity="0.00" noise="74.31" route="routebottom" type="cfm-fast" waiting="0.00" lane="right_0" pos="37.52" speed="26.36" angle="296.97" x="89.91" y="127.04"/>
        <vehicle id="cfm-fast_4" eclass="HBEFA3/PC_G_EU4" CO2="125633.55" CO="2572.70" HC="14.85" NOx="58.44" PMx="3.27" fuel="54.00" electricity="0.00" noise="130.95" route="routetop" type="cfm-fast" waiting="0.00" lane="top_1" pos="5.72" speed="33.37" angle="264.20" x="51.96" y="127.91"/>
        <vehicle id="cfm-fast_5" eclass="HBEFA3/PC_G_EU4" CO2="11550.57" CO="162.48" HC="1.02" NOx="4.91" PMx="0.25" fuel="4.97" electricity="0.00" noise="72.75" route="routetop" type="cfm-fast" waiting="0.00" lane="top_0" pos="12.61" speed="19.70" angle="251.74" x="37.16" y="126.94"/>
        <vehicle id="cfm-slow_0" eclass="HBEFA3/PC_G_EU4" CO2="13921.93" CO="213.17" HC="1.31" NOx="6.05" PMx="0.31" fuel="5.98" electricity="0.00" noise="74.48" route="routetop" type="cfm-slow" waiting="0.00" lane="top_0" pos="26.21" speed="18.59" angle="227.34" x="13.36" y="110.30"/>
        <vehicle id="cfm-slow_1" eclass="HBEFA3/PC_G_EU4" CO2="15732.83" CO="250.10" HC="1.53" NOx="6.91" PMx="0.36" fuel="6.76" electricity="0.00" noise="75.92" route="routetop" type="cfm-slow" waiting="0.00" lane="top_0" pos="42.11" speed="18.76" angle="198.70" x="-2.82" y="80.57"/>
        <vehicle id="cfm-slow_2" eclass="HBEFA3/PC_G_EU4" CO2="20234.84" CO="341.83" HC="2.06" NOx="9.02" PMx="0.48" fuel="8.70" electricity="0.00" noise="79.50" route="routetop" type="cfm-slow" waiting="0.00" lane="left_0" pos="8.19" speed="19.30" angle="169.67" x="-2.66" y="46.15"/>
        <vehicle id="cfm-slow_3" eclass="HBEFA3/PC_G_EU4" CO2="28933.98" CO="519.59" HC="3.08" NOx="13.09" PMx="0.71" fuel="12.44" electricity="0.00" noise="85.89" route="routetop" type="cfm-slow" waiting="0.00" lane="left_0" pos="24.85" speed="20.69" angle="139.78" x="14.93" y="15.38"/>
        <vehicle id="cfm-slow_4" eclass="HBEFA3/PC_G_EU4" CO2="40153.10" CO="752.70" HC="4.42" NOx="18.32" PMx="1.00" fuel="17.26" electricity="0.00" noise="92.33" route="routeleft" type="cfm-slow" waiting="0.00" lane="left_0" pos="42.99" speed="23.46" angle="107.15" x="48.62" y="-3.27"/>
        <vehicle id="cfm-slow_5" eclass="HBEFA3/PC_G_EU4" CO2="42690.15" CO="818.87" HC="4.79" NOx="19.43" PMx="1.08" fuel="18.35" electricity="0.00" noise="91.39" route="routebottom" type="cfm-slow" waiting="0.00" lane="bottom_0" pos="14.03" speed="27.37" angle="69.23" x="92.98" y="1.63"/>
    </timestep>
    <timestep time="2.49">
        <vehicle id="cfm-fast_0" eclass="HBEFA3/PC_G_EU4" CO2="34001.90" CO="647.16" HC="3.80" NOx="15.30" PMx="0.86" fuel="14.62" electricity="0.00" noise="85.74" route="routebottom" type="cfm-fast" waiting="0.00" lane="bottom_0" pos="41.24" speed="28.62" angle="20.31" x="129.67" y="44.96"/>
        <vehicle id="cfm-fast_1" eclass="HBEFA3/PC_G_EU4" CO2="126260.52" CO="2587.23" HC="14.93" NOx="58.73" PMx="3.29" fuel="54.27" electricity="0.00" noise="131.03" route="routebottom" type="cfm-fast" waiting="0.00" lane="right_1" pos="8.59" speed="33.52" angle="348.99" x="126.59" y="81.10"/>
        <vehicle id="cfm-fast_2" eclass="HBEFA3/PC_G_EU4" CO2="32488.70" CO="598.11" HC="3.53" NOx="14.67" PMx="0.81" fuel="13.97" electricity="0.00" noise="86.20" route="routebottom" type="cfm-fast" waiting="0.00" lane="right_0" pos="18.88" speed="24.76" angle="330.43" x="120.53" y="102.03"/>
        <vehicle id="cfm-fast_3" eclass="HBEFA3/PC_G_EU4" CO2="11392.37" CO="169.70" HC="1.06" NOx="4.68" PMx="0.26" fuel="4.90" electricity="0.00" noise="74.14" route="routebottom" type="cfm-fast" waiting="0.00" lane="right_0" pos="37.79" speed="26.36" angle="296.50" x="89.39" y="127.25"/>
        <vehicle id="cfm-fast_4" eclass="HBEFA3/PC_G_EU4" CO2="126172.14" CO="2585.18" HC="14.92" NOx="58.69" PMx="3.29" fuel="54.23" electricity="0.00" noise="131.02" route="routetop" type="cfm-fast" waiting="0.00" lane="top_1" pos="6.06" speed="33.50" angle="263.59" x="51.28" y="127.78"/>
        <vehicle id="cfm-fast_5" eclass="HBEFA3/PC_G_EU4" CO2="11460.96" CO="160.62" HC="1.01" NOx="4.87" PMx="0.25" fuel="4.93" electricity="0.00" noise="72.69" route="routetop" type="cfm-fast" waiting="0.00" lane="top_0" pos="12.80" speed="19.72" angle="251.44" x="36.76" y="126.78"/>
        <vehicle id="cfm-slow_0" eclass="HBEFA3/PC_G_EU4" CO2="13861.53" CO="211.88" HC="1.30" NOx="6.03" PMx="0.31" fuel="5.96" electricity="0.00" noise="74.43" route="routetop" type="cfm-slow" waiting="0.00" lane="top_0" pos="26.39" speed="18.61" angle="227.00" x="13.08" y="110.00"/>
        <vehicle id="cfm-slow_1" eclass="HBEFA3/PC_G_EU4" CO2="15698.29" CO="249.34" HC="1.52" NOx="6.89" PMx="0.36" fuel="6.75" electricity="0.00" noise="75.89" route="routetop" type="cfm-slow" waiting="0.00" lane="top_0" pos="42.29" speed="18.79" angle="198.39" x="-2.93" y="80.17"/>
        <vehicle id="cfm-slow_2" eclass="HBEFA3/PC_G_EU4" CO2="20239.42" CO="341.87" HC="2.06" NOx="9.02" PMx="0.48" fuel="8.70" electricity="0.00" noise="79.49" route="routetop" type="cfm-slow" waiting="0.00" lane="left_0" pos="8.38" speed="19.33" angle="169.32" x="-2.55" y="45.75"/>
        <vehicle id="cfm-slow_3" eclass="HBEFA3/PC_G_EU4" CO2="28962.33" CO="520.15" HC="3.08" NOx="13.10" PMx="0.71" fuel="12.45" electricity="0.00" noise="85.88" route="routetop" type="cfm-slow" waiting="0.00" lane="left_0" pos="25.06" speed="20.74" angle="139.40" x="15.25" y="15.06"/>
        <vehicle id="cfm-slow_4" eclass="HBEFA3/PC_G_EU4" CO2="40110.45" CO="751.94" HC="4.42" NOx="18.30" PMx="1.00" fuel="17.24" electricity="0.00" noise="92.25" route="routeleft" type="cfm-slow" waiting="0.00" lane="left_0" pos="43.23" speed="23.52" angle="106.73" x="49.11" y="-3.38"/>
        <vehicle id="cfm-slow_5" eclass="HBEFA3/PC_G_EU4" CO2="42423.56" CO="813.65" HC="4.76" NOx="19.30" PMx="1.07" fuel="18.24" electricity="0.00" noise="91.20" route="routebottom" type="cfm-slow" waiting="0.00" lane="bottom_0" pos="14.31" speed="27.42" angle="68.74" x="93.51" y="1.89"/>
    </timestep>
    <timestep time="2.50">
        <vehicle id="cfm-fast_0" eclass="HBEFA3/PC_G_EU4" CO2="33564.85" CO="638.40" HC="3.75" NOx="15.09" PMx="0.85" fuel="14.43" electricity="0.00" noise="85.49" route="routebottom" type="cfm-fast" waiting="0.00" lane="bottom_0" pos="41.52" speed="28.66" angle="19.79" x="129.83" y="45.55"/>
        <vehicle id="cfm-fast_1" eclass="HBEFA3/PC_G_EU4" CO2="126799.45" CO="2599.75" HC="15.00" NOx="58.98" PMx="3.30" fuel="54.50" electricity="0.00" noise="131.09" route="routebottom" type="cfm-fast" waiting="0.00" lane="right_1" pos="8.93" speed="33.66" angle="348.43" x="126.42" y="81.76"/>
        <vehicle id="cfm-fast_2" eclass="HBEFA3/PC_G_EU4" CO2="32186.57" CO="592.02" HC="3.50" NOx="14.53" PMx="0.80" fuel="13.84" electricity="0.00" noise="85.98" route="routebottom" type="cfm-fast" waiting="0.00" lane="right_0" pos="19.13" speed="24.80" angle="329.97" x="120.23" y="102.47"/>
        <vehicle id="cfm-fast_3" eclass="HBEFA3/PC_G_EU4" CO2="10960.97" CO="160.86" HC="1.01" NOx="4.48" PMx="0.25" fuel="4.71" electricity="0.00" noise="73.98" route="routebottom" type="cfm-fast" waiting="0.00" lane="right_0" pos="38.05" speed="26.37" angle="296.02" x="88.86" y="127.46"/>
        <vehicle id="cfm-fast_4" eclass="HBEFA3/PC_G_EU4" CO2="126711.03" CO="2597.69" HC="14.99" NOx="58.94" PMx="3.30" fuel="54.47" electricity="0.00" noise="131.08" route="routetop" type="cfm-fast" waiting="0.00" lane="top_1" pos="6.39" speed="33.64" angle="263.03" x="50.61" y="127.66"/>
        <vehicle id="cfm-fast_5" eclass="HBEFA3/PC_G_EU4" CO2="11372.43" CO="158.77" HC="1.00" NOx="4.82" PMx="0.25" fuel="4.89" electricity="0.00" noise="72.63" route="routetop" type="cfm-fast" waiting="0.00" lane="top_0" pos="13.00" speed="19.74" angle="251.08" x="36.37" y="126.61"/>
        <vehicle id="cfm-slow_0" eclass="HBEFA3/PC_G_EU4" CO2="13801.88" CO="210.60" HC="1.30" NOx="6.00" PMx="0.31" fuel="5.93" electricity="0.00" noise="74.38" route="routetop" type="cfm-slow" waiting="0.00" lane="top_0" pos="26.58" speed="18.63" angle="226.65" x="12.81" y="109.71"/>
        <vehicle id="cfm-slow_1" eclass="HBEFA3/PC_G_EU4" CO2="15664.63" CO="248.59" HC="1.52" NOx="6.87" PMx="0.36" fuel="6.73" electricity="0.00" noise="75.86" route="routetop" type="cfm-slow" waiting="0.00" lane="top_0" pos="42.48" speed="18.81" angle="198.07" x="-3.02" y="79.78"/>
        <vehicle id="cfm-slow_2" eclass="HBEFA3/PC_G_EU4" CO2="20244.70" CO="341.93" HC="2.06" NOx="9.02" PMx="0.48" fuel="8.70" electricity="0.00" noise="79.48" route="routetop" type="cfm-slow" waiting="0.00" lane="left_0" pos="8.58" speed="19.37" angle="168.96" x="-2.44" y="45.34"/>
        <vehicle id="cfm-slow_3" eclass="HBEFA3/PC_G_EU4" CO2="28990.53" CO="520.72" HC="3.09" NOx="13.11" PMx="0.71" fuel="12.46" electricity="0.00" noise="85.87" route="routetop" type="cfm-slow" waiting="0.00" lane="left_0" pos="25.27" speed="20.78" angle="139.01" x="15.56" y="14.75"/>
        <vehicle id="cfm-slow_4" eclass="HBEFA3/PC_G_EU4" CO2="40066.24" CO="751.14" HC="4.42" NOx="18.27" PMx="1.00" fuel="17.22" electricity="0.00" noise="92.17" route="routeleft" type="cfm-slow" waiting="0.00" lane="left_0" pos="43.46" speed="23.58" angle="106.31" x="49.61" y="-3.49"/>
        <vehicle id="cfm-slow_5" eclass="HBEFA3/PC_G_EU4" CO2="42156.10" CO="808.42" HC="4.73" NOx="19.17" PMx="1.07" fuel="18.12" electricity="0.00" noise="91.01" route="routebottom" type="cfm-slow" waiting="0.00" lane="bottom_0" pos="14.58" speed="27.47" angle="68.23" x="94.04" y="2.15"/>
    </timestep>
    <timestep time="2.51">
        <vehicle id="cfm-fast_0" eclass="HBEFA3/PC_G_EU4" CO2="33131.13" CO="629.70" HC="3.70" NOx="14.89" PMx="0.83" fuel="14.24" electricity="0.00" noise="85.23" route="routebottom" type="cfm-fast" waiting="0.00" lane="bottom_0" pos="41.81" speed="28.70" angle="19.26" x="129.99" y="46.15"/>
        <vehicle id="cfm-fast_1" eclass="HBEFA3/PC_G_EU4" CO2="127338.68" CO="2612.28" HC="15.07" NOx="59.23" PMx="3.32" fuel="54.74" electricity="0.00" noise="131.16" route="routebottom" type="cfm-fast" waiting="0.00" lane="right_1" pos="9.27" speed="33.80" angle="347.83" x="126.22" y="82.43"/>
        <vehicle id="cfm-fast_2" eclass="HBEFA3/PC_G_EU4" CO2="31883.30" CO="585.91" HC="3.46" NOx="14.38" PMx="0.79" fuel="13.71" electricity="0.00" noise="85.76" route="routebottom" type="cfm-fast" waiting="0.00" lane="right_0" pos="19.38" speed="24.84" angle="329.56" x="119.93" y="102.91"/>
        <vehicle id="cfm-fast_3" eclass="HBEFA3/PC_G_EU4" CO2="10536.13" CO="152.15" HC="0.96" NOx="4.28" PMx="0.24" fuel="4.53" electricity="0.00" noise="73.83" route="routebottom" type="cfm-fast" waiting="0.00" lane="right_0" pos="38.31" speed="26.38" angle="295.55" x="88.33" y="127.67"/>
        <vehicle id="cfm-fast_4" eclass="HBEFA3/PC_G_EU4" CO2="127250.21" CO="2610.22" HC="15.06" NOx="59.19" PMx="3.32" fuel="54.70" electricity="0.00" noise="131.15" route="routetop" type="cfm-fast" waiting="0.00" lane="top_1" pos="6.73" speed="33.77" angle="262.37" x="49.93" y="127.51"/>
        <vehicle id="cfm-fast_5" eclass="HBEFA3/PC_G_EU4" CO2="11284.98" CO="156.96" HC="0.99" NOx="4.78" PMx="0.24" fuel="4.85" electricity="0.00" noise="72.58" route="routetop" type="cfm-fast" waiting="0.00" lane="top_0" pos="13.20" speed="19.75" angle="250.72" x="35.99" y="126.44"/>
        <vehicle id="cfm-slow_0" eclass="HBEFA3/PC_G_EU4" CO2="13742.99" CO="209.34" HC="1.29" NOx="5.97" PMx="0.31" fuel="5.91" electricity="0.00" noise="74.34" route="routetop" type="cfm-slow" waiting="0.00" lane="top_0" pos="26.77" speed="18.66" angle="226.31" x="12.54" y="109.41"/>
        <vehicle id="cfm-slow_1" eclass="HBEFA3/PC_G_EU4" CO2="15631.83" CO="247.87" HC="1.51" NOx="6.86" PMx="0.36" fuel="6.72" electricity="0.00" noise="75.83" route="routetop" type="cfm-slow" waiting="0.00" lane="top_0" pos="42.67" speed="18.84" angle="197.74" x="-3.11" y="79.39"/>
        <vehicle id="cfm-slow_2" eclass="HBEFA3/PC_G_EU4" CO2="20250.67" CO="342.00" HC="2.06" NOx="9.02" PMx="0.48" fuel="8.70" electricity="0.00" noise="79.47" route="routetop" type="cfm-slow" waiting="0.00" lane="left_0" pos="8.77" speed="19.40" angle="168.61" x="-2.34" y="44.94"/>
        <vehicle id="cfm-slow_3" eclass="HBEFA3/PC_G_EU4" CO2="29018.57" CO="521.28" HC="3.09" NOx="13.13" PMx="0.71" fuel="12.47" electricity="0.00" noise="85.86" route="routetop" type="cfm-slow" waiting="0.00" lane="left_0" pos="25.48" speed="20.83" angle="138.63" x="15.88" y="14.43"/>
        <vehicle id="cfm-slow_4" eclass="HBEFA3/PC_G_EU4" CO2="40020.46" CO="750.32" HC="4.41" NOx="18.25" PMx="1.00" fuel="17.20" electricity="0.00" noise="92.10" route="routeleft" type="cfm-slow" waiting="0.00" lane="left_0" pos="43.70" speed="23.63" angle="105.95" x="50.10" y="-3.60"/>
        <vehicle id="cfm-slow_5" eclass="HBEFA3/PC_G_EU4" CO2="41887.81" CO="803.17" HC="4.70" NOx="19.05" PMx="1.06" fuel="18.01" electricity="0.00" noise="90.82" route="routebottom" type="cfm-slow" waiting="0.00" lane="bottom_0" pos="14.86" speed="27.53" angle="67.71" x="94.57" y="2.42"/>
    </timestep>
    <timestep time="2.52">
        <vehicle id="cfm-fast_0" eclass="HBEFA3/PC_G_EU4" CO2="32700.73" CO="621.07" HC="3.65" NOx="14.68" PMx="0.82" fuel="14.06" electricity="0.00" noise="84.98" route="routebottom" type="cfm-fast" waiting="0.00" lane="bottom_0" pos="42.10" speed="28.73" angle="18.74" x="130.15" y="46.75"/>
        <vehicle id="cfm-fast_1" eclass="HBEFA3/PC_G_EU4" CO2="127878.20" CO="2624.84" HC="15.14" NOx="59.48" PMx="3.33" fuel="54.97" electricity="0.00" noise="131.22" route="routebottom" type="cfm-fast" waiting="0.00" lane="right_1" pos="9.61" speed="33.93" angle="347.21" x="126.01" y="83.09"/>
        <vehicle id="cfm-fast_2" eclass="HBEFA3/PC_G_EU4" CO2="31578.96" CO="579.77" HC="3.42" NOx="14.24" PMx="0.78" fuel="13.57" electricity="0.00" noise="85.54" route="routebottom" type="cfm-fast" waiting="0.00" lane="right_0" pos="19.63" speed="24.88" angle="329.10" x="119.61" y="103.34"/>
        <vehicle id="cfm-fast_3" eclass="HBEFA3/PC_G_EU4" CO2="10117.80" CO="143.57" HC="0.91" NOx="4.08" PMx="0.23" fuel="4.35" electricity="0.00" noise="73.68" route="routebottom" type="cfm-fast" waiting="0.00" lane="right_0" pos="38.58" speed="26.39" angle="295.12" x="87.80" y="127.88"/>
        <vehicle id="cfm-fast_4" eclass="HBEFA3/PC_G_EU4" CO2="127789.68" CO="2622.78" HC="15.13" NOx="59.44" PMx="3.33" fuel="54.93" electricity="0.00" noise="131.21" route="routetop" type="cfm-fast" waiting="0.00" lane="top_1" pos="7.07" speed="33.91" angle="261.72" x="49.25" y="127.35"/>
        <vehicle id="cfm-fast_5" eclass="HBEFA3/PC_G_EU4" CO2="11198.61" CO="155.16" HC="0.98" NOx="4.74" PMx="0.24" fuel="4.81" electricity="0.00" noise="72.52" route="routetop" type="cfm-fast" waiting="0.00" lane="top_0" pos="13.40" speed="19.77" angle="250.36" x="35.60" y="126.26"/>
        <vehicle id="cfm-slow_0" eclass="HBEFA3/PC_G_EU4" CO2="13684.86" CO="208.10" HC="1.28" NOx="5.94" PMx="0.31" fuel="5.88" electricity="0.00" noise="74.29" route="routetop" type="cfm-slow" waiting="0.00" lane="top_0" pos="26.95" speed="18.68" angle="226.02" x="12.27" y="109.11"/>
        <vehicle id="cfm-slow_1" eclass="HBEFA3/PC_G_EU4" CO2="15599.89" CO="247.16" HC="1.51" NOx="6.84" PMx="0.36" fuel="6.71" electricity="0.00" noise="75.80" route="routetop" type="cfm-slow" waiting="0.00" lane="top_0" pos="42.86" speed="18.86" angle="197.40" x="-3.20" y="78.99"/>
        <vehicle id="cfm-slow_2" eclass="HBEFA3/PC_G_EU4" CO2="20257.31" CO="342.09" HC="2.06" NOx="9.02" PMx="0.48" fuel="8.71" electricity="0.00" noise="79.46" route="routetop" type="cfm-slow" waiting="0.00" lane="left_0" pos="8.97" speed="19.44" angle="168.31" x="-2.23" y="44.54"/>
        <vehicle id="cfm-slow_3" eclass="HBEFA3/PC_G_EU4" CO2="29046.45" CO="521.84" HC="3.09" NOx="13.14" PMx="0.71" fuel="12.49" electricity="0.00" noise="85.85" route="routetop" type="cfm-slow" waiting="0.00" lane="left_0" pos="25.69" speed="20.88" angle="138.31" x="16.20" y="14.12"/>
        <vehicle id="cfm-slow_4" eclass="HBEFA3/PC_G_EU4" CO2="39973.13" CO="749.47" HC="4.41" NOx="18.23" PMx="1.00" fuel="17.18" electricity="0.00" noise="92.02" route="routeleft" type="cfm-slow" waiting="0.00" lane="left_0" pos="43.94" speed="23.69" angle="105.51" x="50.60" y="-3.69"/>
        <vehicle id="cfm-slow_5" eclass="HBEFA3/PC_G_EU4" CO2="41618.74" CO="797.90" HC="4.67" NOx="18.92" PMx="1.05" fuel="17.89" electricity="0.00" noise="90.63" route="routebottom" type="cfm-slow" waiting="0.00" lane="bottom_0" pos="15.13" speed="27.58" angle="67.20" x="95.10" y="2.68"/>
    </timestep>
    <timestep time="2.53">
        <vehicle id="cfm-fast_0" eclass="HBEFA3/PC_G_EU4" CO2="32273.60" CO="612.51" HC="3.60" NOx="14.48" PMx="0.81" fuel="13.87" electricity="0.00" noise="84.73" route="routebottom" type="cfm-fast" waiting="0.00" lane="bottom_0" pos="42.39" speed="28.77" angle="18.27" x="130.30" y="47.35"/>
        <vehicle id="cfm-fast_1" eclass="HBEFA3/PC_G_EU4" CO2="128418.01" CO="2637.42" HC="15.21" NOx="59.74" PMx="3.35" fuel="55.20" electricity="0.00" noise="131.29" route="routebottom" type="cfm-fast" waiting="0.00" lane="right_1" pos="9.95" speed="34.07" angle="346.59" x="125.80" y="83.76"/>
        <vehicle id="cfm-fast_2" eclass="HBEFA3/PC_G_EU4" CO2="31273.63" CO="573.62" HC="3.39" NOx="14.10" PMx="0.77" fuel="13.44" electricity="0.00" noise="85.32" route="routebottom" type="cfm-fast" waiting="0.00" lane="right_0" pos="19.88" speed="24.93" angle="328.65" x="119.30" y="103.78"/>
        <vehicle id="cfm-fast_3" eclass="HBEFA3/PC_G_EU4" CO2="9705.93" CO="135.12" HC="0.86" NOx="3.89" PMx="0.22" fuel="4.17" electricity="0.00" noise="73.54" route="routebottom" type="cfm-fast" waiting="0.00" lane="right_0" pos="38.84" speed="26.40" angle="294.64" x="87.27" y="128.07"/>
        <vehicle id="cfm-fast_4" eclass="HBEFA3/PC_G_EU4" CO2="128329.45" CO="2635.35" HC="15.20" NOx="59.70" PMx="3.34" fuel="55.16" electricity="0.00" noise="131.28" route="routetop" type="cfm-fast" waiting="0.00" lane="top_1" pos="7.41" speed="34.05" angle="261.06" x="48.57" y="127.19"/>
        <vehicle id="cfm-fast_5" eclass="HBEFA3/PC_G_EU4" CO2="11113.30" CO="153.38" HC="0.97" NOx="4.70" PMx="0.24" fuel="4.78" electricity="0.00" noise="72.47" route="routetop" type="cfm-fast" waiting="0.00" lane="top_0" pos="13.59" speed="19.78" angle="250.00" x="35.21" y="126.09"/>
        <vehicle id="cfm-slow_0" eclass="HBEFA3/PC_G_EU4" CO2="13627.48" CO="206.87" HC="1.28" NOx="5.91" PMx="0.30" fuel="5.86" electricity="0.00" noise="74.24" route="routetop" type="cfm-slow" waiting="0.00" lane="top_0" pos="27.14" speed="18.70" angle="225.67" x="12.01" y="108.81"/>
        <vehicle id="cfm-slow_1" eclass="HBEFA3/PC_G_EU4" CO2="15568.82" CO="246.47" HC="1.50" NOx="6.82" PMx="0.36" fuel="6.69" electricity="0.00" noise="75.77" route="routetop" type="cfm-slow" waiting="0.00" lane="top_0" pos="43.05" speed="18.89" angle="197.06" x="-3.29" y="78.59"/>
        <vehicle id="cfm-slow_2" eclass="HBEFA3/PC_G_EU4" CO2="20264.62" CO="342.19" HC="2.06" NOx="9.03" PMx="0.48" fuel="8.71" electricity="0.00" noise="79.45" route="routetop" type="cfm-slow" waiting="0.00" lane="left_0" pos="9.16" speed="19.47" angle="167.95" x="-2.10" y="44.14"/>
        <vehicle id="cfm-slow_3" eclass="HBEFA3/PC_G_EU4" CO2="29074.13" CO="522.40" HC="3.10" NOx="13.15" PMx="0.71" fuel="12.50" electricity="0.00" noise="85.84" route="routetop" type="cfm-slow" waiting="0.00" lane="left_0" pos="25.89" speed="20.92" angle="137.92" x="16.53" y="13.81"/>
        <vehicle id="cfm-slow_4" eclass="HBEFA3/PC_G_EU4" CO2="39924.25" CO="748.59" HC="4.40" NOx="18.20" PMx="1.00" fuel="17.16" electricity="0.00" noise="91.94" route="routeleft" type="cfm-slow" waiting="0.00" lane="left_0" pos="44.17" speed="23.75" angle="105.07" x="51.11" y="-3.78"/>
        <vehicle id="cfm-slow_5" eclass="HBEFA3/PC_G_EU4" CO2="41348.91" CO="792.61" HC="4.64" NOx="18.79" PMx="1.05" fuel="17.77" electricity="0.00" noise="90.44" route="routebottom" type="cfm-slow" waiting="0.00" lane="bottom_0" pos="15.41" speed="27.63" angle="66.76" x="95.63" y="2.95"/>
    </timestep>
    <timestep time="2.54">
        <vehicle id="cfm-fast_0" eclass="HBEFA3/PC_G_EU4" CO2="31849.75" CO="604.00" HC="3.55" NOx="14.28" PMx="0.80" fuel="13.69" electricity="0.00" noise="84.49" route="routebottom" type="cfm-fast" waiting="0.00" lane="bottom_0" pos="42.67" speed="28.81" angle="17.75" x="130.44" y="47.95"/>
        <vehicle id="cfm-fast_1" eclass="HBEFA3/PC_G_EU4" CO2="128958.12" CO="2650.02" HC="15.28" NOx="59.99" PMx="3.36" fuel="55.43" electricity="0.00" noise="131.36" route="routebottom" type="cfm-fast" waiting="0.00" lane="right_1" pos="10.29" speed="34.21" angle="346.02" x="125.59" y="84.43"/>
        <vehicle id="cfm-fast_2" eclass="HBEFA3/PC_G_EU4" CO2="30967.36" CO="567.44" HC="3.35" NOx="13.95" PMx="0.77" fuel="13.31" electricity="0.00" noise="85.10" route="routebottom" type="cfm-fast" waiting="0.00" lane="right_0" pos="20.13" speed="24.97" angle="328.20" x="118.99" y="104.22"/>
        <vehicle id="cfm-fast_3" eclass="HBEFA3/PC_G_EU4" CO2="9300.48" CO="126.81" HC="0.81" NOx="3.69" PMx="0.20" fuel="4.00" electricity="0.00" noise="73.41" route="routebottom" type="cfm-fast" waiting="0.00" lane="right_0" pos="39.11" speed="26.40" angle="294.16" x="86.74" y="128.26"/>
        <vehicle id="cfm-fast_4" eclass="HBEFA3/PC_G_EU4" CO2="128869.50" CO="2647.95" HC="15.27" NOx="59.95" PMx="3.36" fuel="55.39" electricity="0.00" noise="131.34" route="routetop" type="cfm-fast" waiting="0.00" lane="top_1" pos="7.75" speed="34.18" angle="260.48" x="47.89" y="127.03"/>
        <vehicle id="cfm-fast_5" eclass="HBEFA3/PC_G_EU4" CO2="11029.06" CO="151.63" HC="0.96" NOx="4.66" PMx="0.24" fuel="4.74" electricity="0.00" noise="72.41" route="routetop" type="cfm-fast" waiting="0.00" lane="top_0" pos="13.79" speed="19.80" angle="249.64" x="34.82" y="125.91"/>
        <vehicle id="cfm-slow_0" eclass="HBEFA3/PC_G_EU4" CO2="13570.86" CO="205.66" HC="1.27" NOx="5.89" PMx="0.30" fuel="5.83" electricity="0.00" noise="74.20" route="routetop" type="cfm-slow" waiting="0.00" lane="top_0" pos="27.33" speed="18.72" angle="225.32" x="11.75" y="108.50"/>
        <vehicle id="cfm-slow_1" eclass="HBEFA3/PC_G_EU4" CO2="15538.59" CO="245.80" HC="1.50" NOx="6.81" PMx="0.35" fuel="6.68" electricity="0.00" noise="75.74" route="routetop" type="cfm-slow" waiting="0.00" lane="top_0" pos="43.24" speed="18.92" angle="196.73" x="-3.38" y="78.20"/>
        <vehicle id="cfm-slow_2" eclass="HBEFA3/PC_G_EU4" CO2="20272.59" CO="342.31" HC="2.06" NOx="9.03" PMx="0.48" fuel="8.71" electricity="0.00" noise="79.45" route="routetop" type="cfm-slow" waiting="0.00" lane="left_0" pos="9.35" speed="19.50" angle="167.59" x="-1.98" y="43.74"/>
        <vehicle id="cfm-slow_3" eclass="HBEFA3/PC_G_EU4" CO2="29101.63" CO="522.96" HC="3.10" NOx="13.16" PMx="0.71" fuel="12.51" electricity="0.00" noise="85.83" route="routetop" type="cfm-slow" waiting="0.00" lane="left_0" pos="26.10" speed="20.97" angle="137.53" x="16.86" y="13.50"/>
        <vehicle id="cfm-slow_4" eclass="HBEFA3/PC_G_EU4" CO2="39873.82" CO="747.68" HC="4.39" NOx="18.18" PMx="1.00" fuel="17.14" electricity="0.00" noise="91.86" route="routeleft" type="cfm-slow" waiting="0.00" lane="left_0" pos="44.41" speed="23.81" angle="104.63" x="51.61" y="-3.88"/>
        <vehicle id="cfm-slow_5" eclass="HBEFA3/PC_G_EU4" CO2="41078.39" CO="787.32" HC="4.61" NOx="18.66" PMx="1.04" fuel="17.66" electricity="0.00" noise="90.26" route="routebottom" type="cfm-slow" waiting="0.00" lane="bottom_0" pos="15.69" speed="27.68" angle="66.24" x="96.15" y="3.24"/>
    </timestep>
    <timestep time="2.55">
        <vehicle id="cfm-fast_0" eclass="HBEFA3/PC_G_EU4" CO2="31429.13" CO="595.57" HC="3.50" NOx="14.08" PMx="0.79" fuel="13.51" electricity="0.00" noise="84.25" route="routebottom" type="cfm-fast" waiting="0.00" lane="bottom_0" pos="42.96" speed="28.84" angle="17.23" x="130.58" y="48.56"/>
        <vehicle id="cfm-fast_1" eclass="HBEFA3/PC_G_EU4" CO2="129498.51" CO="2662.64" HC="15.36" NOx="60.24" PMx="3.38" fuel="55.66" electricity="0.00" noise="131.42" route="routebottom" type="cfm-fast" waiting="0.00" lane="right_1" pos="10.63" speed="34.34" angle="345.35" x="125.35" y="85.09"/>
        <vehicle id="cfm-fast_2" eclass="HBEFA3/PC_G_EU4" CO2="30660.24" CO="561.25" HC="3.32" NOx="13.80" PMx="0.76" fuel="13.18" electricity="0.00" noise="84.89" route="routebottom" type="cfm-fast" waiting="0.00" lane="right_0" pos="20.38" speed="25.01" angle="327.75" x="118.67" y="104.65"/>
        <vehicle id="cfm-fast_3" eclass="HBEFA3/PC_G_EU4" CO2="8901.40" CO="118.62" HC="0.76" NOx="3.51" PMx="0.19" fuel="3.83" electricity="0.00" noise="73.28" route="routebottom" type="cfm-fast" waiting="0.00" lane="right_0" pos="39.37" speed="26.41" angle="293.68" x="86.20" y="128.46"/>
        <vehicle id="cfm-fast_4" eclass="HBEFA3/PC_G_EU4" CO2="129409.85" CO="2660.57" HC="15.34" NOx="60.20" PMx="3.37" fuel="55.63" electricity="0.00" noise="131.41" route="routetop" type="cfm-fast" waiting="0.00" lane="top_1" pos="8.10" speed="34.32" angle="259.87" x="47.21" y="126.85"/>
        <vehicle id="cfm-fast_5" eclass="HBEFA3/PC_G_EU4" CO2="10945.88" CO="149.90" HC="0.95" NOx="4.62" PMx="0.24" fuel="4.71" electricity="0.00" noise="72.36" route="routetop" type="cfm-fast" waiting="0.00" lane="top_0" pos="13.99" speed="19.81" angle="249.30" x="34.43" y="125.74"/>
        <vehicle id="cfm-slow_0" eclass="HBEFA3/PC_G_EU4" CO2="13514.99" CO="204.47" HC="1.26" NOx="5.86" PMx="0.30" fuel="5.81" electricity="0.00" noise="74.15" route="routetop" type="cfm-slow" waiting="0.00" lane="top_0" pos="27.52" speed="18.74" angle="224.97" x="11.49" y="108.19"/>
        <vehicle id="cfm-slow_1" eclass="HBEFA3/PC_G_EU4" CO2="15509.22" CO="245.15" HC="1.50" NOx="6.80" PMx="0.35" fuel="6.67" electricity="0.00" noise="75.71" route="routetop" type="cfm-slow" waiting="0.00" lane="top_0" pos="43.43" speed="18.94" angle="196.39" x="-3.47" y="77.80"/>
        <vehicle id="cfm-slow_2" eclass="HBEFA3/PC_G_EU4" CO2="20281.21" CO="342.44" HC="2.06" NOx="9.03" PMx="0.48" fuel="8.72" electricity="0.00" noise="79.44" route="routetop" type="cfm-slow" waiting="0.00" lane="left_0" pos="9.55" speed="19.54" angle="167.22" x="-1.85" y="43.33"/>
        <vehicle id="cfm-slow_3" eclass="HBEFA3/PC_G_EU4" CO2="29128.91" CO="523.52" HC="3.10" NOx="13.17" PMx="0.71" fuel="12.52" electricity="0.00" noise="85.82" route="routetop" type="cfm-slow" waiting="0.00" lane="left_0" pos="26.31" speed="21.02" angle="137.14" x="17.20" y="13.20"/>
        <vehicle id="cfm-slow_4" eclass="HBEFA3/PC_G_EU4" CO2="39821.85" CO="746.74" HC="4.39" NOx="18.15" PMx="1.00" fuel="17.12" electricity="0.00" noise="91.78" route="routeleft" type="cfm-slow" waiting="0.00" lane="left_0" pos="44.65" speed="23.87" angle="104.19" x="52.12" y="-3.97"/>
        <vehicle id="cfm-slow_5" eclass="HBEFA3/PC_G_EU4" CO2="40807.19" CO="782.00" HC="4.58" NOx="18.53" PMx="1.03" fuel="17.54" electricity="0.00" noise="90.07" route="routebottom" type="cfm-slow" waiting="0.00" lane="bottom_0" pos="15.96" speed="27.73" angle="65.73" x="96.67" y="3.53"/>
    </timestep>
    <timestep time="2.56">
        <vehicle id="cfm-fast_0" eclass="HBEFA3/PC_G_EU4" CO2="31011.73" CO="587.19" HC="3.45" NOx="13.88" PMx="0.78" fuel="13.33" electricity="0.00" noise="84.01" route="routebottom" type="cfm-fast" waiting="0.00" lane="bottom_0" pos="43.25" speed="28.87" angle="16.70" x="130.71" y="49.16"/>
        <vehicle id="cfm-fast_1" eclass="HBEFA3/PC_G_EU4" CO2="130039.20" CO="2675.28" HC="15.43" NOx="60.49" PMx="3.39" fuel="55.90" electricity="0.00" noise="131.49" route="routebottom" type="cfm-fast" waiting="0.00" lane="right_1" pos="10.98" speed="34.48" angle="344.69" x="125.11" y="85.75"/>
        <vehicle id="cfm-fast_2" eclass="HBEFA3/PC_G_EU4" CO2="30352.33" CO="555.04" HC="3.28" NOx="13.66" PMx="0.75" fuel="13.05" electricity="0.00" noise="84.67" route="routebottom" type="cfm-fast" waiting="0.00" lane="right_0" pos="20.63" speed="25.05" angle="327.36" x="118.35" y="105.08"/>
        <vehicle id="cfm-fast_3" eclass="HBEFA3/PC_G_EU4" CO2="8508.65" CO="110.55" HC="0.72" NOx="3.32" PMx="0.18" fuel="3.66" electricity="0.00" noise="73.15" route="routebottom" type="cfm-fast" waiting="0.00" lane="right_0" pos="39.63" speed="26.42" angle="293.21" x="85.67" y="128.65"/>
        <vehicle id="cfm-fast_4" eclass="HBEFA3/PC_G_EU4" CO2="129950.49" CO="2673.20" HC="15.41" NOx="60.45" PMx="3.39" fuel="55.86" electricity="0.00" noise="131.48" route="routetop" type="cfm-fast" waiting="0.00" lane="top_1" pos="8.44" speed="34.46" angle="259.26" x="46.53" y="126.67"/>
        <vehicle id="cfm-fast_5" eclass="HBEFA3/PC_G_EU4" CO2="10863.75" CO="148.20" HC="0.94" NOx="4.58" PMx="0.23" fuel="4.67" electricity="0.00" noise="72.31" route="routetop" type="cfm-fast" waiting="0.00" lane="top_0" pos="14.19" speed="19.83" angle="248.97" x="34.05" y="125.56"/>
        <vehicle id="cfm-slow_0" eclass="HBEFA3/PC_G_EU4" CO2="13459.87" CO="203.29" HC="1.26" NOx="5.83" PMx="0.30" fuel="5.79" electricity="0.00" noise="74.11" route="routetop" type="cfm-slow" waiting="0.00" lane="top_0" pos="27.70" speed="18.77" angle="224.62" x="11.22" y="107.89"/>
        <vehicle id="cfm-slow_1" eclass="HBEFA3/PC_G_EU4" CO2="15480.70" CO="244.52" HC="1.49" NOx="6.78" PMx="0.35" fuel="6.65" electricity="0.00" noise="75.68" route="routetop" type="cfm-slow" waiting="0.00" lane="top_0" pos="43.62" speed="18.97" angle="196.10" x="-3.56" y="77.40"/>
        <vehicle id="cfm-slow_2" eclass="HBEFA3/PC_G_EU4" CO2="20290.47" CO="342.59" HC="2.06" NOx="9.04" PMx="0.48" fuel="8.72" electricity="0.00" noise="79.43" route="routetop" type="cfm-slow" waiting="0.00" lane="left_0" pos="9.75" speed="19.57" angle="166.86" x="-1.73" y="42.93"/>
        <vehicle id="cfm-slow_3" eclass="HBEFA3/PC_G_EU4" CO2="29155.98" CO="524.07" HC="3.11" NOx="13.18" PMx="0.71" fuel="12.53" electricity="0.00" noise="85.81" route="routetop" type="cfm-slow" waiting="0.00" lane="left_0" pos="26.53" speed="21.07" angle="136.75" x="17.53" y="12.89"/>
        <vehicle id="cfm-slow_4" eclass="HBEFA3/PC_G_EU4" CO2="39768.33" CO="745.77" HC="4.38" NOx="18.13" PMx="0.99" fuel="17.09" electricity="0.00" noise="91.70" route="routeleft" type="cfm-slow" waiting="0.00" lane="left_0" pos="44.89" speed="23.92" angle="103.80" x="52.62" y="-4.06"/>
        <vehicle id="cfm-slow_5" eclass="HBEFA3/PC_G_EU4" CO2="40535.37" CO="776.68" HC="4.55" NOx="18.40" PMx="1.02" fuel="17.42" electricity="0.00" noise="89.88" route="routebottom" type="cfm-slow" waiting="0.00" lane="bottom_0" pos="16.24" speed="27.78" angle="65.22" x="97.20" y="3.82"/>
    </timestep>
    <timestep time="2.57">
        <vehicle id="cfm-fast_0" eclass="HBEFA3/PC_G_EU4" CO2="30597.52" CO="578.88" HC="3.40" NOx="13.69" PMx="0.77" fuel="13.15" electricity="0.00" noise="83.78" route="routebottom" type="cfm-fast" waiting="0.00" lane="bottom_0" pos="43.54" speed="28.91" angle="16.20" x="130.85" y="49.77"/>
        <vehicle id="cfm-fast_1" eclass="HBEFA3/PC_G_EU4" CO2="130580.18" CO="2687.94" HC="15.50" NOx="60.75" PMx="3.41" fuel="56.13" electricity="0.00" noise="131.55" route="routebottom" type="cfm-fast" waiting="0.00" lane="right_1" pos="11.32" speed="34.62" angle="344.01" x="124.87" y="86.42"/>
        <vehicle id="cfm-fast_2" eclass="HBEFA3/PC_G_EU4" CO2="30043.70" CO="548.81" HC="3.25" NOx="13.51" PMx="0.74" fuel="12.91" electricity="0.00" noise="84.45" route="routebottom" type="cfm-fast" waiting="0.00" lane="right_0" pos="20.88" speed="25.09" angle="326.90" x="118.02" y="105.51"/>
        <vehicle id="cfm-fast_3" eclass="HBEFA3/PC_G_EU4" CO2="8122.17" CO="102.62" HC="0.67" NOx="3.14" PMx="0.17" fuel="3.49" electricity="0.00" noise="73.04" route="routebottom" type="cfm-fast" waiting="0.00" lane="right_0" pos="39.90" speed="26.42" angle="292.78" x="85.13" y="128.83"/>
        <vehicle id="cfm-fast_4" eclass="HBEFA3/PC_G_EU4" CO2="130491.42" CO="2685.86" HC="15.49" NOx="60.70" PMx="3.40" fuel="56.09" electricity="0.00" noise="131.54" route="routetop" type="cfm-fast" waiting="0.00" lane="top_1" pos="8.79" speed="34.59" angle="258.64" x="45.84" y="126.49"/>
        <vehicle id="cfm-fast_5" eclass="HBEFA3/PC_G_EU4" CO2="10782.66" CO="146.51" HC="0.93" NOx="4.54" PMx="0.23" fuel="4.63" electricity="0.00" noise="72.26" route="routetop" type="cfm-fast" waiting="0.00" lane="top_0" pos="14.39" speed="19.84" angle="248.59" x="33.66" y="125.36"/>
        <vehicle id="cfm-slow_0" eclass="HBEFA3/PC_G_EU4" CO2="13405.51" CO="202.13" HC="1.25" NOx="5.81" PMx="0.30" fuel="5.76" electricity="0.00" noise="74.06" route="routetop" type="cfm-slow" waiting="0.00" lane="top_0" pos="27.89" speed="18.79" angle="224.26" x="10.96" y="107.58"/>
        <vehicle id="cfm-slow_1" eclass="HBEFA3/PC_G_EU4" CO2="15453.03" CO="243.90" HC="1.49" NOx="6.77" PMx="0.35" fuel="6.64" electricity="0.00" noise="75.65" route="routetop" type="cfm-slow" waiting="0.00" lane="top_0" pos="43.81" speed="18.99" angle="195.75" x="-3.64" y="77.00"/>
        <vehicle id="cfm-slow_2" eclass="HBEFA3/PC_G_EU4" CO2="20300.36" CO="342.75" HC="2.06" NOx="9.04" PMx="0.48" fuel="8.73" electricity="0.00" noise="79.43" route="routetop" type="cfm-slow" waiting="0.00" lane="left_0" pos="9.94" speed="19.60" angle="166.50" x="-1.61" y="42.53"/>
        <vehicle id="cfm-slow_3" eclass="HBEFA3/PC_G_EU4" CO2="29182.81" CO="524.62" HC="3.11" NOx="13.20" PMx="0.71" fuel="12.54" electricity="0.00" noise="85.80" route="routetop" type="cfm-slow" waiting="0.00" lane="left_0" pos="26.74" speed="21.11" angle="136.36" x="17.86" y="12.58"/>
        <vehicle id="cfm-slow_4" eclass="HBEFA3/PC_G_EU4" CO2="39713.28" CO="744.77" HC="4.38" NOx="18.10" PMx="0.99" fuel="17.07" electricity="0.00" noise="91.62" route="routeleft" type="cfm-slow" waiting="0.00" lane="left_0" pos="45.13" speed="23.98" angle="103.37" x="53.13" y="-4.14"/>
        <vehicle id="cfm-slow_5" eclass="HBEFA3/PC_G_EU4" CO2="40262.96" CO="771.34" HC="4.52" NOx="18.27" PMx="1.02" fuel="17.31" electricity="0.00" noise="89.70" route="routebottom" type="cfm-slow" waiting="0.00" lane="bottom_0" pos="16.52" speed="27.82" angle="64.71" x="97.72" y="4.11"/>
    </timestep>
    <timestep time="2.58">
        <vehicle id="cfm-fast_0" eclass="HBEFA3/PC_G_EU4" CO2="30186.49" CO="570.63" HC="3.35" NOx="13.49" PMx="0.76" fuel="12.98" electricity="0.00" noise="83.54" route="routebottom" type="cfm-fast" waiting="0.00" lane="bottom_0" pos="43.83" speed="28.94" angle="15.69" x="130.97" y="50.38"/>
        <vehicle id="cfm-fast_1" eclass="HBEFA3/PC_G_EU4" CO2="131121.45" CO="2700.63" HC="15.57" NOx="61.00" PMx="3.42" fuel="56.36" electricity="0.00" noise="131.62" route="routebottom" type="cfm-fast" waiting="0.00" lane="right_1" pos="11.67" speed="34.75" angle="343.43" x="124.61" y="87.09"/>
        <vehicle id="cfm-fast_2" eclass="HBEFA3/PC_G_EU4" CO2="29734.41" CO="542.57" HC="3.21" NOx="13.36" PMx="0.73" fuel="12.78" electricity="0.00" noise="84.24" route="routebottom" type="cfm-fast" waiting="0.00" lane="right_0" pos="21.13" speed="25.13" angle="326.44" x="117.68" y="105.93"/>
        <vehicle id="cfm-fast_3" eclass="HBEFA3/PC_G_EU4" CO2="7741.92" CO="94.81" HC="0.63" NOx="2.96" PMx="0.16" fuel="3.33" electricity="0.00" noise="72.92" route="routebottom" type="cfm-fast" waiting="0.00" lane="right_0" pos="40.16" speed="26.43" angle="292.28" x="84.59" y="129.00"/>
        <vehicle id="cfm-fast_4" eclass="HBEFA3/PC_G_EU4" CO2="131032.64" CO="2698.55" HC="15.56" NOx="60.96" PMx="3.42" fuel="56.32" electricity="0.00" noise="131.61" route="routetop" type="cfm-fast" waiting="0.00" lane="top_1" pos="9.13" speed="34.73" angle="258.07" x="45.16" y="126.30"/>
        <vehicle id="cfm-fast_5" eclass="HBEFA3/PC_G_EU4" CO2="10702.62" CO="144.85" HC="0.92" NOx="4.51" PMx="0.23" fuel="4.60" electricity="0.00" noise="72.21" route="routetop" type="cfm-fast" waiting="0.00" lane="top_0" pos="14.59" speed="19.86" angle="248.21" x="33.28" y="125.17"/>
        <vehicle id="cfm-slow_0" eclass="HBEFA3/PC_G_EU4" CO2="13351.90" CO="200.98" HC="1.24" NOx="5.78" PMx="0.30" fuel="5.74" electricity="0.00" noise="74.02" route="routetop" type="cfm-slow" waiting="0.00" lane="top_0" pos="28.08" speed="18.81" angle="223.91" x="10.70" y="107.27"/>
        <vehicle id="cfm-slow_1" eclass="HBEFA3/PC_G_EU4" CO2="15426.19" CO="243.30" HC="1.49" NOx="6.75" PMx="0.35" fuel="6.63" electricity="0.00" noise="75.63" route="routetop" type="cfm-slow" waiting="0.00" lane="top_0" pos="44.00" speed="19.02" angle="195.40" x="-3.71" y="76.60"/>
        <vehicle id="cfm-slow_2" eclass="HBEFA3/PC_G_EU4" CO2="20310.87" CO="342.92" HC="2.06" NOx="9.04" PMx="0.48" fuel="8.73" electricity="0.00" noise="79.42" route="routetop" type="cfm-slow" waiting="0.00" lane="left_0" pos="10.14" speed="19.64" angle="166.16" x="-1.48" y="42.12"/>
        <vehicle id="cfm-slow_3" eclass="HBEFA3/PC_G_EU4" CO2="29209.40" CO="525.17" HC="3.11" NOx="13.21" PMx="0.71" fuel="12.56" electricity="0.00" noise="85.80" route="routetop" type="cfm-slow" waiting="0.00" lane="left_0" pos="26.95" speed="21.16" angle="136.03" x="18.20" y="12.28"/>
        <vehicle id="cfm-slow_4" eclass="HBEFA3/PC_G_EU4" CO2="39656.71" CO="743.74" HC="4.37" NOx="18.07" PMx="0.99" fuel="17.05" electricity="0.00" noise="91.53" route="routeleft" type="cfm-slow" waiting="0.00" lane="left_0" pos="45.37" speed="24.04" angle="102.92" x="53.64" y="-4.21"/>
        <vehicle id="cfm-slow_5" eclass="HBEFA3/PC_G_EU4" CO2="39990.00" CO="765.99" HC="4.49" NOx="18.14" PMx="1.01" fuel="17.19" electricity="0.00" noise="89.51" route="routebottom" type="cfm-slow" waiting="0.00" lane="bottom_0" pos="16.80" speed="27.87" angle="64.24" x="98.24" y="4.41"/>
    </timestep>
    <timestep time="2.59">
        <vehicle id="cfm-fast_0" eclass="HBEFA3/PC_G_EU4" CO2="29778.61" CO="562.44" HC="3.31" NOx="13.30" PMx="0.75" fuel="12.80" electricity="0.00" noise="83.32" route="routebottom" type="cfm-fast" waiting="0.00" lane="bottom_0" pos="44.12" speed="28.97" angle="15.14" x="131.08" y="50.99"/>
        <vehicle id="cfm-fast_1" eclass="HBEFA3/PC_G_EU4" CO2="131663.01" CO="2713.34" HC="15.64" NOx="61.25" PMx="3.44" fuel="56.60" electricity="0.00" noise="131.68" route="routebottom" type="cfm-fast" waiting="0.00" lane="right_1" pos="12.02" speed="34.89" angle="342.82" x="124.35" y="87.75"/>
        <vehicle id="cfm-fast_2" eclass="HBEFA3/PC_G_EU4" CO2="29424.53" CO="536.32" HC="3.17" NOx="13.22" PMx="0.73" fuel="12.65" electricity="0.00" noise="84.02" route="routebottom" type="cfm-fast" waiting="0.00" lane="right_0" pos="21.38" speed="25.16" angle="325.99" x="117.35" y="106.36"/>
        <vehicle id="cfm-fast_3" eclass="HBEFA3/PC_G_EU4" CO2="7367.84" CO="87.13" HC="0.58" NOx="2.78" PMx="0.15" fuel="3.17" electricity="0.00" noise="72.82" route="routebottom" type="cfm-fast" waiting="0.00" lane="right_0" pos="40.43" speed="26.43" angle="291.77" x="84.04" y="129.17"/>
        <vehicle id="cfm-fast_4" eclass="HBEFA3/PC_G_EU4" CO2="131574.16" CO="2711.25" HC="15.63" NOx="61.21" PMx="3.43" fuel="56.56" electricity="0.00" noise="131.67" route="routetop" type="cfm-fast" waiting="0.00" lane="top_1" pos="9.48" speed="34.87" angle="257.44" x="44.47" y="126.08"/>
        <vehicle id="cfm-fast_5" eclass="HBEFA3/PC_G_EU4" CO2="10623.61" CO="143.20" HC="0.91" NOx="4.47" PMx="0.23" fuel="4.57" electricity="0.00" noise="72.17" route="routetop" type="cfm-fast" waiting="0.00" lane="top_0" pos="14.78" speed="19.87" angle="247.83" x="32.90" y="124.98"/>
        <vehicle id="cfm-slow_0" eclass="HBEFA3/PC_G_EU4" CO2="13299.05" CO="199.86" HC="1.24" NOx="5.76" PMx="0.30" fuel="5.72" electricity="0.00" noise="73.98" route="routetop" type="cfm-slow" waiting="0.00" lane="top_0" pos="28.27" speed="18.83" angle="223.64" x="10.44" y="106.96"/>
        <vehicle id="cfm-slow_1" eclass="HBEFA3/PC_G_EU4" CO2="15400.20" CO="242.72" HC="1.48" NOx="6.74" PMx="0.35" fuel="6.62" electricity="0.00" noise="75.60" route="routetop" type="cfm-slow" waiting="0.00" lane="top_0" pos="44.19" speed="19.04" angle="195.04" x="-3.79" y="76.20"/>
        <vehicle id="cfm-slow_2" eclass="HBEFA3/PC_G_EU4" CO2="20322.00" CO="343.11" HC="2.06" NOx="9.05" PMx="0.48" fuel="8.74" electricity="0.00" noise="79.42" route="routetop" type="cfm-slow" waiting="0.00" lane="left_0" pos="10.34" speed="19.67" angle="165.84" x="-1.35" y="41.72"/>
        <vehicle id="cfm-slow_3" eclass="HBEFA3/PC_G_EU4" CO2="29235.73" CO="525.71" HC="3.12" NOx="13.22" PMx="0.71" fuel="12.57" electricity="0.00" noise="85.79" route="routetop" type="cfm-slow" waiting="0.00" lane="left_0" pos="27.16" speed="21.21" angle="135.64" x="18.55" y="11.98"/>
        <vehicle id="cfm-slow_4" eclass="HBEFA3/PC_G_EU4" CO2="39598.60" CO="742.68" HC="4.37" NOx="18.04" PMx="0.99" fuel="17.02" electricity="0.00" noise="91.45" route="routeleft" type="cfm-slow" waiting="0.00" lane="left_0" pos="45.61" speed="24.09" angle="102.48" x="54.16" y="-4.28"/>
        <vehicle id="cfm-slow_5" eclass="HBEFA3/PC_G_EU4" CO2="39716.53" CO="760.62" HC="4.45" NOx="18.01" PMx="1.00" fuel="17.07" electricity="0.00" noise="89.33" route="routebottom" type="cfm-slow" waiting="0.00" lane="bottom_0" pos="17.08" speed="27.92" angle="63.73" x="98.75" y="4.72"/>
    </timestep>
    <timestep time="2.60">
        <vehicle id="cfm-fast_0" eclass="HBEFA3/PC_G_EU4" CO2="29373.85" CO="554.32" HC="3.26" NOx="13.11" PMx="0.74" fuel="12.63" electricity="0.00" noise="83.09" route="routebottom" type="cfm-fast" waiting="0.00" lane="bottom_0" pos="44.41" speed="29.00" angle="14.59" x="131.20" y="51.61"/>
        <vehicle id="cfm-fast_1" eclass="HBEFA3/PC_G_EU4" CO2="132204.87" CO="2726.07" HC="15.71" NOx="61.50" PMx="3.45" fuel="56.83" electricity="0.00" noise="131.75" route="routebottom" type="cfm-fast" waiting="0.00" lane="right_1" pos="12.37" speed="35.02" angle="342.20" x="124.08" y="88.42"/>
        <vehicle id="cfm-fast_2" eclass="HBEFA3/PC_G_EU4" CO2="29114.13" CO="530.06" HC="3.14" NOx="13.07" PMx="0.72" fuel="12.51" electricity="0.00" noise="83.81" route="routebottom" type="cfm-fast" waiting="0.00" lane="right_0" pos="21.63" speed="25.20" angle="325.53" x="117.02" y="106.79"/>
        <vehicle id="cfm-fast_3" eclass="HBEFA3/PC_G_EU4" CO2="6999.89" CO="79.57" HC="0.54" NOx="2.61" PMx="0.15" fuel="3.01" electricity="0.00" noise="72.71" route="routebottom" type="cfm-fast" waiting="0.00" lane="right_0" pos="40.69" speed="26.43" angle="291.27" x="83.50" y="129.34"/>
        <vehicle id="cfm-fast_4" eclass="HBEFA3/PC_G_EU4" CO2="132115.97" CO="2723.98" HC="15.70" NOx="61.46" PMx="3.45" fuel="56.79" electricity="0.00" noise="131.74" route="routetop" type="cfm-fast" waiting="0.00" lane="top_1" pos="9.83" speed="35.00" angle="256.79" x="43.79" y="125.87"/>
        <vehicle id="cfm-fast_5" eclass="HBEFA3/PC_G_EU4" CO2="10545.63" CO="141.58" HC="0.90" NOx="4.43" PMx="0.23" fuel="4.53" electricity="0.00" noise="72.12" route="routetop" type="cfm-fast" waiting="0.00" lane="top_0" pos="14.98" speed="19.89" angle="247.45" x="32.52" y="124.79"/>
        <vehicle id="cfm-slow_0" eclass="HBEFA3/PC_G_EU4" CO2="13246.94" CO="198.74" HC="1.23" NOx="5.73" PMx="0.29" fuel="5.69" electricity="0.00" noise="73.94" route="routetop" type="cfm-slow" waiting="0.00" lane="top_0" pos="28.46" speed="18.85" angle="223.29" x="10.19" y="106.64"/>
        <vehicle id="cfm-slow_1" eclass="HBEFA3/PC_G_EU4" CO2="15375.04" CO="242.16" HC="1.48" NOx="6.73" PMx="0.35" fuel="6.61" electricity="0.00" noise="75.58" route="routetop" type="cfm-slow" waiting="0.00" lane="top_0" pos="44.38" speed="19.07" angle="194.69" x="-3.86" y="75.79"/>
        <vehicle id="cfm-slow_2" eclass="HBEFA3/PC_G_EU4" CO2="20333.73" CO="343.31" HC="2.06" NOx="9.05" PMx="0.48" fuel="8.74" electricity="0.00" noise="79.42" route="routetop" type="cfm-slow" waiting="0.00" lane="left_0" pos="10.53" speed="19.71" angle="165.48" x="-1.20" y="41.32"/>
        <vehicle id="cfm-slow_3" eclass="HBEFA3/PC_G_EU4" CO2="29261.79" CO="526.25" HC="3.12" NOx="13.23" PMx="0.72" fuel="12.58" electricity="0.00" noise="85.78" route="routetop" type="cfm-slow" waiting="0.00" lane="left_0" pos="27.37" speed="21.25" angle="135.24" x="18.90" y="11.68"/>
        <vehicle id="cfm-slow_4" eclass="HBEFA3/PC_G_EU4" CO2="39538.98" CO="741.59" HC="4.36" NOx="18.01" PMx="0.99" fuel="17.00" electricity="0.00" noise="91.37" route="routeleft" type="cfm-slow" waiting="0.00" lane="left_0" pos="45.85" speed="24.15" angle="102.03" x="54.67" y="-4.35"/>
        <vehicle id="cfm-slow_5" eclass="HBEFA3/PC_G_EU4" CO2="39442.58" CO="755.25" HC="4.42" NOx="17.88" PMx="1.00" fuel="16.95" electricity="0.00" noise="89.14" route="routebottom" type="cfm-slow" waiting="0.00" lane="bottom_0" pos="17.36" speed="27.97" angle="63.22" x="99.27" y="5.03"/>
    </timestep>
    <timestep time="2.61">
        <vehicle id="cfm-fast_0" eclass="HBEFA3/PC_G_EU4" CO2="28972.20" CO="546.25" HC="3.21" NOx="12.92" PMx="0.73" fuel="12.45" electricity="0.00" noise="82.87" route="routebottom" type="cfm-fast" waiting="0.00" lane="bottom_0" pos="44.70" speed="29.04" angle="14.04" x="131.31" y="52.22"/>
        <vehicle id="cfm-fast_1" eclass="HBEFA3/PC_G_EU4" CO2="132747.02" CO="2738.82" HC="15.78" NOx="61.76" PMx="3.47" fuel="57.06" electricity="0.00" noise="131.81" route="routebottom" type="cfm-fast" waiting="0.00" lane="right_1" pos="12.72" speed="35.16" angle="341.60" x="123.82" y="89.09"/>
        <vehicle id="cfm-fast_2" eclass="HBEFA3/PC_G_EU4" CO2="28803.27" CO="523.78" HC="3.10" NOx="12.92" PMx="0.71" fuel="12.38" electricity="0.00" noise="83.60" route="routebottom" type="cfm-fast" waiting="0.00" lane="right_0" pos="21.88" speed="25.24" angle="325.11" x="116.67" y="107.21"/>
        <vehicle id="cfm-fast_3" eclass="HBEFA3/PC_G_EU4" CO2="6638.02" CO="72.13" HC="0.49" NOx="2.44" PMx="0.14" fuel="2.85" electricity="0.00" noise="72.61" route="routebottom" type="cfm-fast" waiting="0.00" lane="right_0" pos="40.96" speed="26.44" angle="290.79" x="82.96" y="129.50"/>
        <vehicle id="cfm-fast_4" eclass="HBEFA3/PC_G_EU4" CO2="132658.07" CO="2736.72" HC="15.77" NOx="61.72" PMx="3.46" fuel="57.02" electricity="0.00" noise="131.80" route="routetop" type="cfm-fast" waiting="0.00" lane="top_1" pos="10.18" speed="35.14" angle="256.18" x="43.10" y="125.66"/>
        <vehicle id="cfm-fast_5" eclass="HBEFA3/PC_G_EU4" CO2="10468.67" CO="139.98" HC="0.89" NOx="4.39" PMx="0.22" fuel="4.50" electricity="0.00" noise="72.07" route="routetop" type="cfm-fast" waiting="0.00" lane="top_0" pos="15.18" speed="19.90" angle="247.07" x="32.14" y="124.59"/>
        <vehicle id="cfm-slow_0" eclass="HBEFA3/PC_G_EU4" CO2="13195.59" CO="197.65" HC="1.22" NOx="5.71" PMx="0.29" fuel="5.67" electricity="0.00" noise="73.90" route="routetop" type="cfm-slow" waiting="0.00" lane="top_0" pos="28.65" speed="18.87" angle="222.95" x="9.94" y="106.32"/>
        <vehicle id="cfm-slow_1" eclass="HBEFA3/PC_G_EU4" CO2="15350.70" CO="241.62" HC="1.48" NOx="6.72" PMx="0.35" fuel="6.60" electricity="0.00" noise="75.56" route="routetop" type="cfm-slow" waiting="0.00" lane="top_0" pos="44.57" speed="19.09" angle="194.33" x="-3.94" y="75.39"/>
        <vehicle id="cfm-slow_2" eclass="HBEFA3/PC_G_EU4" CO2="20346.06" CO="343.52" HC="2.07" NOx="9.06" PMx="0.48" fuel="8.75" electricity="0.00" noise="79.41" route="routetop" type="cfm-slow" waiting="0.00" lane="left_0" pos="10.73" speed="19.74" angle="165.11" x="-1.06" y="40.92"/>
        <vehicle id="cfm-slow_3" eclass="HBEFA3/PC_G_EU4" CO2="29287.57" CO="526.79" HC="3.12" NOx="13.24" PMx="0.72" fuel="12.59" electricity="0.00" noise="85.77" route="routetop" type="cfm-slow" waiting="0.00" lane="left_0" pos="27.59" speed="21.30" angle="134.84" x="19.25" y="11.39"/>
        <vehicle id="cfm-slow_4" eclass="HBEFA3/PC_G_EU4" CO2="39477.84" CO="740.47" HC="4.35" NOx="17.98" PMx="0.99" fuel="16.97" electricity="0.00" noise="91.29" route="routeleft" type="cfm-slow" waiting="0.00" lane="left_0" pos="46.09" speed="24.21" angle="101.60" x="55.19" y="-4.42"/>
        <vehicle id="cfm-slow_5" eclass="HBEFA3/PC_G_EU4" CO2="39168.19" CO="749.87" HC="4.39" NOx="17.75" PMx="0.99" fuel="16.84" electricity="0.00" noise="88.96" route="routebottom" type="cfm-slow" waiting="0.00" lane="bottom_0" pos="17.64" speed="28.01" angle="62.70" x="99.79" y="5.34"/>
    </timestep>
    <timestep time="2.62">
        <vehicle id="cfm-fast_0" eclass="HBEFA3/PC_G_EU4" CO2="28573.62" CO="538.25" HC="3.17" NOx="12.73" PMx="0.72" fuel="12.28" electricity="0.00" noise="82.65" route="routebottom" type="cfm-fast" waiting="0.00" lane="bottom_0" pos="44.99" speed="29.07" angle="13.58" x="131.42" y="52.84"/>
        <vehicle id="cfm-fast_1" eclass="HBEFA3/PC_G_EU4" CO2="133289.45" CO="2751.59" HC="15.86" NOx="62.01" PMx="3.48" fuel="57.29" electricity="0.00" noise="131.88" route="routebottom" type="cfm-fast" waiting="0.00" lane="right_1" pos="13.08" speed="35.30" angle="340.98" x="123.53" y="89.75"/>
        <vehicle id="cfm-fast_2" eclass="HBEFA3/PC_G_EU4" CO2="28492.01" CO="517.50" HC="3.07" NOx="12.77" PMx="0.70" fuel="12.25" electricity="0.00" noise="83.39" route="routebottom" type="cfm-fast" waiting="0.00" lane="right_0" pos="22.14" speed="25.28" angle="324.63" x="116.32" y="107.62"/>
        <vehicle id="cfm-fast_3" eclass="HBEFA3/PC_G_EU4" CO2="6282.17" CO="64.81" HC="0.45" NOx="2.27" PMx="0.13" fuel="2.70" electricity="0.00" noise="72.52" route="routebottom" type="cfm-fast" waiting="0.00" lane="right_0" pos="41.22" speed="26.44" angle="290.35" x="82.41" y="129.66"/>
        <vehicle id="cfm-fast_4" eclass="HBEFA3/PC_G_EU4" CO2="133200.46" CO="2749.49" HC="15.84" NOx="61.97" PMx="3.48" fuel="57.26" electricity="0.00" noise="131.87" route="routetop" type="cfm-fast" waiting="0.00" lane="top_1" pos="10.54" speed="35.27" angle="255.53" x="42.42" y="125.42"/>
        <vehicle id="cfm-fast_5" eclass="HBEFA3/PC_G_EU4" CO2="10392.74" CO="138.41" HC="0.88" NOx="4.36" PMx="0.22" fuel="4.47" electricity="0.00" noise="72.03" route="routetop" type="cfm-fast" waiting="0.00" lane="top_0" pos="15.38" speed="19.91" angle="246.76" x="31.75" y="124.40"/>
        <vehicle id="cfm-slow_0" eclass="HBEFA3/PC_G_EU4" CO2="13144.99" CO="196.56" HC="1.22" NOx="5.68" PMx="0.29" fuel="5.65" electricity="0.00" noise="73.86" route="routetop" type="cfm-slow" waiting="0.00" lane="top_0" pos="28.83" speed="18.89" angle="222.60" x="9.69" y="106.00"/>
        <vehicle id="cfm-slow_1" eclass="HBEFA3/PC_G_EU4" CO2="15327.20" CO="241.09" HC="1.47" NOx="6.71" PMx="0.35" fuel="6.59" electricity="0.00" noise="75.53" route="routetop" type="cfm-slow" waiting="0.00" lane="top_0" pos="44.76" speed="19.12" angle="193.97" x="-4.01" y="74.98"/>
        <vehicle id="cfm-slow_2" eclass="HBEFA3/PC_G_EU4" CO2="20358.97" CO="343.75" HC="2.07" NOx="9.06" PMx="0.48" fuel="8.75" electricity="0.00" noise="79.41" route="routetop" type="cfm-slow" waiting="0.00" lane="left_0" pos="10.93" speed="19.77" angle="164.74" x="-0.92" y="40.52"/>
        <vehicle id="cfm-slow_3" eclass="HBEFA3/PC_G_EU4" CO2="29313.06" CO="527.32" HC="3.13" NOx="13.25" PMx="0.72" fuel="12.60" electricity="0.00" noise="85.76" route="routetop" type="cfm-slow" waiting="0.00" lane="left_0" pos="27.80" speed="21.35" angle="134.44" x="19.60" y="11.09"/>
        <vehicle id="cfm-slow_4" eclass="HBEFA3/PC_G_EU4" CO2="39415.20" CO="739.33" HC="4.35" NOx="17.95" PMx="0.99" fuel="16.94" electricity="0.00" noise="91.20" route="routeleft" type="cfm-slow" waiting="0.00" lane="left_0" pos="46.34" speed="24.26" angle="101.19" x="55.71" y="-4.48"/>
        <vehicle id="cfm-slow_5" eclass="HBEFA3/PC_G_EU4" CO2="38893.40" CO="744.48" HC="4.36" NOx="17.62" PMx="0.98" fuel="16.72" electricity="0.00" noise="88.78" route="routebottom" type="cfm-slow" waiting="0.00" lane="bottom_0" pos="17.92" speed="28.06" angle="62.25" x="100.30" y="5.65"/>
    </timestep>
    <timestep time="2.63">
        <vehicle id="cfm-fast_0" eclass="HBEFA3/PC_G_EU4" CO2="28178.11" CO="530.30" HC="3.12" NOx="12.54" PMx="0.71" fuel="12.11" electricity="0.00" noise="82.44" route="routebottom" type="cfm-fast" waiting="0.00" lane="bottom_0" pos="45.28" speed="29.10" angle="13.05" x="131.50" y="53.46"/>
        <vehicle id="cfm-fast_1" eclass="HBEFA3/PC_G_EU4" CO2="133832.19" CO="2764.38" HC="15.93" NOx="62.26" PMx="3.50" fuel="57.53" electricity="0.00" noise="131.95" route="routebottom" type="cfm-fast" waiting="0.00" lane="right_1" pos="13.43" speed="35.43" angle="340.32" x="123.23" y="90.41"/>
        <vehicle id="cfm-fast_2" eclass="HBEFA3/PC_G_EU4" CO2="28180.41" CO="511.21" HC="3.03" NOx="12.63" PMx="0.69" fuel="12.11" electricity="0.00" noise="83.18" route="routebottom" type="cfm-fast" waiting="0.00" lane="right_0" pos="22.39" speed="25.31" angle="324.15" x="115.97" y="108.04"/>
        <vehicle id="cfm-fast_3" eclass="HBEFA3/PC_G_EU4" CO2="5932.29" CO="57.62" HC="0.41" NOx="2.10" PMx="0.12" fuel="2.55" electricity="0.00" noise="72.43" route="routebottom" type="cfm-fast" waiting="0.00" lane="right_0" pos="41.48" speed="26.44" angle="289.87" x="81.86" y="129.81"/>
        <vehicle id="cfm-fast_4" eclass="HBEFA3/PC_G_EU4" CO2="133743.14" CO="2762.28" HC="15.92" NOx="62.22" PMx="3.49" fuel="57.49" electricity="0.00" noise="131.93" route="routetop" type="cfm-fast" waiting="0.00" lane="top_1" pos="10.89" speed="35.41" angle="254.84" x="41.74" y="125.17"/>
        <vehicle id="cfm-fast_5" eclass="HBEFA3/PC_G_EU4" CO2="10317.81" CO="136.85" HC="0.88" NOx="4.32" PMx="0.22" fuel="4.44" electricity="0.00" noise="71.98" route="routetop" type="cfm-fast" waiting="0.00" lane="top_0" pos="15.58" speed="19.93" angle="246.40" x="31.38" y="124.19"/>
        <vehicle id="cfm-slow_0" eclass="HBEFA3/PC_G_EU4" CO2="13095.14" CO="195.50" HC="1.21" NOx="5.66" PMx="0.29" fuel="5.63" electricity="0.00" noise="73.82" route="routetop" type="cfm-slow" waiting="0.00" lane="top_0" pos="29.02" speed="18.91" angle="222.26" x="9.44" y="105.68"/>
        <vehicle id="cfm-slow_1" eclass="HBEFA3/PC_G_EU4" CO2="15304.51" CO="240.58" HC="1.47" NOx="6.69" PMx="0.35" fuel="6.58" electricity="0.00" noise="75.51" route="routetop" type="cfm-slow" waiting="0.00" lane="top_0" pos="44.95" speed="19.14" angle="193.69" x="-4.08" y="74.58"/>
        <vehicle id="cfm-slow_2" eclass="HBEFA3/PC_G_EU4" CO2="20372.46" CO="343.99" HC="2.07" NOx="9.07" PMx="0.48" fuel="8.76" electricity="0.00" noise="79.41" route="routetop" type="cfm-slow" waiting="0.00" lane="left_0" pos="11.13" speed="19.81" angle="164.38" x="-0.77" y="40.12"/>
        <vehicle id="cfm-slow_3" eclass="HBEFA3/PC_G_EU4" CO2="29338.25" CO="527.84" HC="3.13" NOx="13.26" PMx="0.72" fuel="12.61" electricity="0.00" noise="85.75" route="routetop" type="cfm-slow" waiting="0.00" lane="left_0" pos="28.01" speed="21.39" angle="134.04" x="19.95" y="10.79"/>
        <vehicle id="cfm-slow_4" eclass="HBEFA3/PC_G_EU4" CO2="39351.05" CO="738.15" HC="4.34" NOx="17.92" PMx="0.98" fuel="16.92" electricity="0.00" noise="91.12" route="routeleft" type="cfm-slow" waiting="0.00" lane="left_0" pos="46.58" speed="24.32" angle="100.75" x="56.23" y="-4.53"/>
        <vehicle id="cfm-slow_5" eclass="HBEFA3/PC_G_EU4" CO2="38618.23" CO="739.08" HC="4.33" NOx="17.49" PMx="0.98" fuel="16.60" electricity="0.00" noise="88.60" route="routebottom" type="cfm-slow" waiting="0.00" lane="bottom_0" pos="18.20" speed="28.10" angle="61.73" x="100.81" y="5.98"/>
    </timestep>
    <timestep time="2.64">
        <vehicle id="cfm-fast_0" eclass="HBEFA3/PC_G_EU4" CO2="27785.63" CO="522.42" HC="3.07" NOx="12.36" PMx="0.70" fuel="11.94" electricity="0.00" noise="82.23" route="routebottom" type="cfm-fast" waiting="0.00" lane="bottom_0" pos="45.57" speed="29.13" angle="12.52" x="131.59" y="54.08"/>
        <vehicle id="cfm-fast_1" eclass="HBEFA3/PC_G_EU4" CO2="134375.21" CO="2777.20" HC="16.00" NOx="62.52" PMx="3.51" fuel="57.76" electricity="0.00" noise="132.01" route="routebottom" type="cfm-fast" waiting="0.00" lane="right_1" pos="13.79" speed="35.57" angle="339.65" x="122.93" y="91.08"/>
        <vehicle id="cfm-fast_2" eclass="HBEFA3/PC_G_EU4" CO2="27868.54" CO="504.91" HC="2.99" NOx="12.48" PMx="0.69" fuel="11.98" electricity="0.00" noise="82.97" route="routebottom" type="cfm-fast" waiting="0.00" lane="right_0" pos="22.64" speed="25.35" angle="323.67" x="115.62" y="108.46"/>
        <vehicle id="cfm-fast_3" eclass="HBEFA3/PC_G_EU4" CO2="5588.34" CO="50.54" HC="0.37" NOx="1.94" PMx="0.11" fuel="2.40" electricity="0.00" noise="72.35" route="routebottom" type="cfm-fast" waiting="0.00" lane="right_0" pos="41.75" speed="26.44" angle="289.39" x="81.31" y="129.95"/>
        <vehicle id="cfm-fast_4" eclass="HBEFA3/PC_G_EU4" CO2="134286.11" CO="2775.09" HC="15.99" NOx="62.48" PMx="3.51" fuel="57.72" electricity="0.00" noise="132.00" route="routetop" type="cfm-fast" waiting="0.00" lane="top_1" pos="11.25" speed="35.55" angle="254.15" x="41.05" y="124.92"/>
        <vehicle id="cfm-fast_5" eclass="HBEFA3/PC_G_EU4" CO2="10243.89" CO="135.31" HC="0.87" NOx="4.29" PMx="0.22" fuel="4.40" electricity="0.00" noise="71.94" route="routetop" type="cfm-fast" waiting="0.00" lane="top_0" pos="15.78" speed="19.94" angle="246.04" x="31.00" y="123.99"/>
        <vehicle id="cfm-slow_0" eclass="HBEFA3/PC_G_EU4" CO2="13046.03" CO="194.45" HC="1.21" NOx="5.63" PMx="0.29" fuel="5.61" electricity="0.00" noise="73.78" route="routetop" type="cfm-slow" waiting="0.00" lane="top_0" pos="29.21" speed="18.93" angle="221.91" x="9.19" y="105.36"/>
        <vehicle id="cfm-slow_1" eclass="HBEFA3/PC_G_EU4" CO2="15282.64" CO="240.09" HC="1.47" NOx="6.68" PMx="0.35" fuel="6.57" electricity="0.00" noise="75.49" route="routetop" type="cfm-slow" waiting="0.00" lane="top_0" pos="45.14" speed="19.16" angle="193.34" x="-4.14" y="74.17"/>
        <vehicle id="cfm-slow_2" eclass="HBEFA3/PC_G_EU4" CO2="20386.52" CO="344.24" HC="2.07" NOx="9.08" PMx="0.48" fuel="8.76" electricity="0.00" noise="79.41" route="routetop" type="cfm-slow" waiting="0.00" lane="left_0" pos="11.32" speed="19.84" angle="164.01" x="-0.63" y="39.72"/>
        <vehicle id="cfm-slow_3" eclass="HBEFA3/PC_G_EU4" CO2="29363.12" CO="528.37" HC="3.13" NOx="13.27" PMx="0.72" fuel="12.62" electricity="0.00" noise="85.74" route="routetop" type="cfm-slow" waiting="0.00" lane="left_0" pos="28.23" speed="21.44" angle="133.71" x="20.30" y="10.50"/>
        <vehicle id="cfm-slow_4" eclass="HBEFA3/PC_G_EU4" CO2="39285.41" CO="736.95" HC="4.33" NOx="17.89" PMx="0.98" fuel="16.89" electricity="0.00" noise="91.04" route="routeleft" type="cfm-slow" waiting="0.00" lane="left_0" pos="46.82" speed="24.37" angle="100.30" x="56.75" y="-4.59"/>
        <vehicle id="cfm-slow_5" eclass="HBEFA3/PC_G_EU4" CO2="38342.73" CO="733.67" HC="4.30" NOx="17.36" PMx="0.97" fuel="16.48" electricity="0.00" noise="88.42" route="routebottom" type="cfm-slow" waiting="0.00" lane="bottom_0" pos="18.48" speed="28.15" angle="61.20" x="101.31" y="6.32"/>
    </timestep>
    <timestep time="2.65">
        <vehicle id="cfm-fast_0" eclass="HBEFA3/PC_G_EU4" CO2="27396.16" CO="514.59" HC="3.03" NOx="12.17" PMx="0.69" fuel="11.78" electricity="0.00" noise="82.02" route="routebottom" type="cfm-fast" waiting="0.00" lane="bottom_0" pos="45.86" speed="29.15" angle="11.99" x="131.68" y="54.70"/>
        <vehicle id="cfm-fast_1" eclass="HBEFA3/PC_G_EU4" CO2="134918.52" CO="2790.03" HC="16.07" NOx="62.77" PMx="3.53" fuel="57.99" electricity="0.00" noise="132.08" route="routebottom" type="cfm-fast" waiting="0.00" lane="right_1" pos="14.14" speed="35.71" angle="339.04" x="122.63" y="91.74"/>
        <vehicle id="cfm-fast_2" eclass="HBEFA3/PC_G_EU4" CO2="27556.47" CO="498.61" HC="2.96" NOx="12.33" PMx="0.68" fuel="11.85" electricity="0.00" noise="82.76" route="routebottom" type="cfm-fast" waiting="0.00" lane="right_0" pos="22.90" speed="25.38" angle="323.19" x="115.26" y="108.87"/>
        <vehicle id="cfm-fast_3" eclass="HBEFA3/PC_G_EU4" CO2="5250.25" CO="43.58" HC="0.33" NOx="1.78" PMx="0.10" fuel="2.26" electricity="0.00" noise="72.26" route="routebottom" type="cfm-fast" waiting="0.00" lane="right_0" pos="42.01" speed="26.44" angle="288.91" x="80.76" y="130.10"/>
        <vehicle id="cfm-fast_4" eclass="HBEFA3/PC_G_EU4" CO2="134829.38" CO="2787.93" HC="16.06" NOx="62.73" PMx="3.52" fuel="57.96" electricity="0.00" noise="132.07" route="routetop" type="cfm-fast" waiting="0.00" lane="top_1" pos="11.60" speed="35.68" angle="253.54" x="40.37" y="124.66"/>
        <vehicle id="cfm-fast_5" eclass="HBEFA3/PC_G_EU4" CO2="10170.97" CO="133.80" HC="0.86" NOx="4.25" PMx="0.22" fuel="4.37" electricity="0.00" noise="71.90" route="routetop" type="cfm-fast" waiting="0.00" lane="top_0" pos="15.98" speed="19.95" angle="245.68" x="30.63" y="123.78"/>
        <vehicle id="cfm-slow_0" eclass="HBEFA3/PC_G_EU4" CO2="12997.67" CO="193.42" HC="1.20" NOx="5.61" PMx="0.29" fuel="5.59" electricity="0.00" noise="73.74" route="routetop" type="cfm-slow" waiting="0.00" lane="top_0" pos="29.40" speed="18.95" angle="221.59" x="8.94" y="105.04"/>
        <vehicle id="cfm-slow_1" eclass="HBEFA3/PC_G_EU4" CO2="15261.59" CO="239.62" HC="1.47" NOx="6.67" PMx="0.35" fuel="6.56" electricity="0.00" noise="75.47" route="routetop" type="cfm-slow" waiting="0.00" lane="top_0" pos="45.33" speed="19.19" angle="192.99" x="-4.20" y="73.76"/>
        <vehicle id="cfm-slow_2" eclass="HBEFA3/PC_G_EU4" CO2="20401.13" CO="344.51" HC="2.07" NOx="9.08" PMx="0.48" fuel="8.77" electricity="0.00" noise="79.41" route="routetop" type="cfm-slow" waiting="0.00" lane="left_0" pos="11.52" speed="19.87" angle="163.71" x="-0.49" y="39.32"/>
        <vehicle id="cfm-slow_3" eclass="HBEFA3/PC_G_EU4" CO2="29387.66" CO="528.88" HC="3.14" NOx="13.28" PMx="0.72" fuel="12.63" electricity="0.00" noise="85.73" route="routetop" type="cfm-slow" waiting="0.00" lane="left_0" pos="28.44" speed="21.49" angle="133.31" x="20.66" y="10.21"/>
        <vehicle id="cfm-slow_4" eclass="HBEFA3/PC_G_EU4" CO2="39218.28" CO="735.72" HC="4.32" NOx="17.86" PMx="0.98" fuel="16.86" electricity="0.00" noise="90.95" route="routeleft" type="cfm-slow" waiting="0.00" lane="left_0" pos="47.07" speed="24.43" angle="99.85" x="57.27" y="-4.64"/>
        <vehicle id="cfm-slow_5" eclass="HBEFA3/PC_G_EU4" CO2="38066.92" CO="728.25" HC="4.27" NOx="17.23" PMx="0.96" fuel="16.36" electricity="0.00" noise="88.24" route="routebottom" type="cfm-slow" waiting="0.00" lane="bottom_0" pos="18.76" speed="28.19" angle="60.68" x="101.82" y="6.65"/>
    </timestep>
    <timestep time="2.66">
        <vehicle id="cfm-fast_0" eclass="HBEFA3/PC_G_EU4" CO2="27009.68" CO="506.82" HC="2.98" NOx="11.99" PMx="0.68" fuel="11.61" electricity="0.00" noise="81.81" route="routebottom" type="cfm-fast" waiting="0.00" lane="bottom_0" pos="46.16" speed="29.18" angle="11.51" x="131.77" y="55.32"/>
        <vehicle id="cfm-fast_1" eclass="HBEFA3/PC_G_EU4" CO2="135462.13" CO="2802.89" HC="16.14" NOx="63.02" PMx="3.54" fuel="58.23" electricity="0.00" noise="132.14" route="routebottom" type="cfm-fast" waiting="0.00" lane="right_1" pos="14.50" speed="35.84" angle="338.37" x="122.30" y="92.40"/>
        <vehicle id="cfm-fast_2" eclass="HBEFA3/PC_G_EU4" CO2="27244.24" CO="492.31" HC="2.92" NOx="12.18" PMx="0.67" fuel="11.71" electricity="0.00" noise="82.56" route="routebottom" type="cfm-fast" waiting="0.00" lane="right_0" pos="23.15" speed="25.42" angle="322.80" x="114.90" y="109.28"/>
        <vehicle id="cfm-fast_3" eclass="HBEFA3/PC_G_EU4" CO2="4917.98" CO="36.74" HC="0.29" NOx="1.62" PMx="0.09" fuel="2.11" electricity="0.00" noise="72.19" route="routebottom" type="cfm-fast" waiting="0.00" lane="right_0" pos="42.28" speed="26.44" angle="288.46" x="80.21" y="130.25"/>
        <vehicle id="cfm-fast_4" eclass="HBEFA3/PC_G_EU4" CO2="135372.94" CO="2800.78" HC="16.13" NOx="62.98" PMx="3.54" fuel="58.19" electricity="0.00" noise="132.13" route="routetop" type="cfm-fast" waiting="0.00" lane="top_1" pos="11.96" speed="35.82" angle="252.91" x="39.68" y="124.39"/>
        <vehicle id="cfm-fast_5" eclass="HBEFA3/PC_G_EU4" CO2="10099.05" CO="132.30" HC="0.85" NOx="4.22" PMx="0.21" fuel="4.34" electricity="0.00" noise="71.86" route="routetop" type="cfm-fast" waiting="0.00" lane="top_0" pos="16.18" speed="19.97" angle="245.32" x="30.25" y="123.57"/>
        <vehicle id="cfm-slow_0" eclass="HBEFA3/PC_G_EU4" CO2="12950.06" CO="192.40" HC="1.19" NOx="5.59" PMx="0.29" fuel="5.57" electricity="0.00" noise="73.71" route="routetop" type="cfm-slow" waiting="0.00" lane="top_0" pos="29.59" speed="18.97" angle="221.28" x="8.69" y="104.71"/>
        <vehicle id="cfm-slow_1" eclass="HBEFA3/PC_G_EU4" CO2="15241.34" CO="239.16" HC="1.46" NOx="6.66" PMx="0.35" fuel="6.55" electricity="0.00" noise="75.45" route="routetop" type="cfm-slow" waiting="0.00" lane="top_0" pos="45.53" speed="19.21" angle="192.63" x="-4.25" y="73.35"/>
        <vehicle id="cfm-slow_2" eclass="HBEFA3/PC_G_EU4" CO2="20416.29" CO="344.78" HC="2.07" NOx="9.09" PMx="0.48" fuel="8.78" electricity="0.00" noise="79.41" route="routetop" type="cfm-slow" waiting="0.00" lane="left_0" pos="11.72" speed="19.91" angle="163.36" x="-0.33" y="38.92"/>
        <vehicle id="cfm-slow_3" eclass="HBEFA3/PC_G_EU4" CO2="29411.87" CO="529.40" HC="3.14" NOx="13.29" PMx="0.72" fuel="12.64" electricity="0.00" noise="85.72" route="routetop" type="cfm-slow" waiting="0.00" lane="left_0" pos="28.66" speed="21.53" angle="132.91" x="21.03" y="9.92"/>
        <vehicle id="cfm-slow_4" eclass="HBEFA3/PC_G_EU4" CO2="39149.67" CO="734.46" HC="4.32" NOx="17.82" PMx="0.98" fuel="16.83" electricity="0.00" noise="90.87" route="routeleft" type="cfm-slow" waiting="0.00" lane="left_0" pos="47.31" speed="24.48" angle="99.41" x="57.80" y="-4.69"/>
        <vehicle id="cfm-slow_5" eclass="HBEFA3/PC_G_EU4" CO2="37790.85" CO="722.83" HC="4.23" NOx="17.10" PMx="0.95" fuel="16.24" electricity="0.00" noise="88.06" route="routebottom" type="cfm-slow" waiting="0.00" lane="bottom_0" pos="19.04" speed="28.24" angle="60.15" x="102.32" y="6.99"/>
    </timestep>
    <timestep time="2.67">
        <vehicle id="cfm-fast_0" eclass="HBEFA3/PC_G_EU4" CO2="26626.17" CO="499.11" HC="2.94" NOx="11.81" PMx="0.67" fuel="11.45" electricity="0.00" noise="81.61" route="routebottom" type="cfm-fast" waiting="0.00" lane="bottom_0" pos="46.45" speed="29.21" angle="10.99" x="131.84" y="55.94"/>
        <vehicle id="cfm-fast_1" eclass="HBEFA3/PC_G_EU4" CO2="136006.03" CO="2815.77" HC="16.22" NOx="63.28" PMx="3.56" fuel="58.46" electricity="0.00" noise="132.21" route="routebottom" type="cfm-fast" waiting="0.00" lane="right_1" pos="14.86" speed="35.98" angle="337.69" x="121.97" y="93.06"/>
        <vehicle id="cfm-fast_2" eclass="HBEFA3/PC_G_EU4" CO2="26931.91" CO="486.00" HC="2.88" NOx="12.03" PMx="0.66" fuel="11.58" electricity="0.00" noise="82.35" route="routebottom" type="cfm-fast" waiting="0.00" lane="right_0" pos="23.41" speed="25.45" angle="322.34" x="114.53" y="109.69"/>
        <vehicle id="cfm-fast_3" eclass="HBEFA3/PC_G_EU4" CO2="0.00" CO="0.00" HC="0.00" NOx="0.00" PMx="0.00" fuel="0.00" electricity="0.00" noise="72.11" route="routebottom" type="cfm-fast" waiting="0.00" lane="right_0" pos="42.54" speed="26.44" angle="288.01" x="79.66" y="130.38"/>
        <vehicle id="cfm-fast_4" eclass="HBEFA3/PC_G_EU4" CO2="135916.79" CO="2813.66" HC="16.21" NOx="63.24" PMx="3.55" fuel="58.42" electricity="0.00" noise="132.20" route="routetop" type="cfm-fast" waiting="0.00" lane="top_1" pos="12.32" speed="35.96" angle="252.28" x="39.00" y="124.12"/>
        <vehicle id="cfm-fast_5" eclass="HBEFA3/PC_G_EU4" CO2="10028.12" CO="130.83" HC="0.84" NOx="4.18" PMx="0.21" fuel="4.31" electricity="0.00" noise="71.82" route="routetop" type="cfm-fast" waiting="0.00" lane="top_0" pos="16.38" speed="19.98" angle="244.96" x="29.87" y="123.36"/>
        <vehicle id="cfm-slow_0" eclass="HBEFA3/PC_G_EU4" CO2="12903.19" CO="191.40" HC="1.19" NOx="5.56" PMx="0.29" fuel="5.55" electricity="0.00" noise="73.67" route="routetop" type="cfm-slow" waiting="0.00" lane="top_0" pos="29.78" speed="18.99" angle="220.92" x="8.45" y="104.38"/>
        <vehicle id="cfm-slow_1" eclass="HBEFA3/PC_G_EU4" CO2="15221.90" CO="238.72" HC="1.46" NOx="6.65" PMx="0.35" fuel="6.54" electricity="0.00" noise="75.43" route="routetop" type="cfm-slow" waiting="0.00" lane="top_0" pos="45.72" speed="19.24" angle="192.28" x="-4.31" y="72.94"/>
        <vehicle id="cfm-slow_2" eclass="HBEFA3/PC_G_EU4" CO2="20431.99" CO="345.07" HC="2.08" NOx="9.09" PMx="0.48" fuel="8.78" electricity="0.00" noise="79.41" route="routetop" type="cfm-slow" waiting="0.00" lane="left_0" pos="11.92" speed="19.94" angle="163.00" x="-0.17" y="38.52"/>
        <vehicle id="cfm-slow_3" eclass="HBEFA3/PC_G_EU4" CO2="29435.73" CO="529.90" HC="3.14" NOx="13.30" PMx="0.72" fuel="12.65" electricity="0.00" noise="85.71" route="routetop" type="cfm-slow" waiting="0.00" lane="left_0" pos="28.87" speed="21.58" angle="132.51" x="21.39" y="9.64"/>
        <vehicle id="cfm-slow_4" eclass="HBEFA3/PC_G_EU4" CO2="39079.58" CO="733.17" HC="4.31" NOx="17.79" PMx="0.98" fuel="16.80" electricity="0.00" noise="90.78" route="routeleft" type="cfm-slow" waiting="0.00" lane="left_0" pos="47.56" speed="24.54" angle="99.01" x="58.32" y="-4.74"/>
        <vehicle id="cfm-slow_5" eclass="HBEFA3/PC_G_EU4" CO2="37514.53" CO="717.40" HC="4.20" NOx="16.97" PMx="0.95" fuel="16.13" electricity="0.00" noise="87.88" route="routebottom" type="cfm-slow" waiting="0.00" lane="bottom_0" pos="19.33" speed="28.28" angle="59.68" x="102.83" y="7.33"/>
    </timestep>
    <timestep time="2.68">
        <vehicle id="cfm-fast_0" eclass="HBEFA3/PC_G_EU4" CO2="26245.60" CO="491.46" HC="2.90" NOx="11.63" PMx="0.66" fuel="11.28" electricity="0.00" noise="81.41" route="routebottom" type="cfm-fast" waiting="0.00" lane="bottom_0" pos="46.74" speed="29.24" angle="10.45" x="131.90" y="56.57"/>
        <vehicle id="cfm-fast_1" eclass="HBEFA3/PC_G_EU4" CO2="136550.22" CO="2828.67" HC="16.29" NOx="63.53" PMx="3.57" fuel="58.70" electricity="0.00" noise="132.27" route="routebottom" type="cfm-fast" waiting="0.00" lane="right_1" pos="15.22" speed="36.12" angle="337.02" x="121.64" y="93.72"/>
        <vehicle id="cfm-fast_2" eclass="HBEFA3/PC_G_EU4" CO2="26619.56" CO="479.69" HC="2.85" NOx="11.89" PMx="0.65" fuel="11.44" electricity="0.00" noise="82.15" route="routebottom" type="cfm-fast" waiting="0.00" lane="right_0" pos="23.66" speed="25.48" angle="321.88" x="114.16" y="110.09"/>
        <vehicle id="cfm-fast_3" eclass="HBEFA3/PC_G_EU4" CO2="0.00" CO="0.00" HC="0.00" NOx="0.00" PMx="0.00" fuel="0.00" electricity="0.00" noise="72.04" route="routebottom" type="cfm-fast" waiting="0.00" lane="right_0" pos="42.81" speed="26.44" angle="287.53" x="79.10" y="130.50"/>
        <vehicle id="cfm-fast_4" eclass="HBEFA3/PC_G_EU4" CO2="136460.93" CO="2826.55" HC="16.28" NOx="63.49" PMx="3.57" fuel="58.66" electricity="0.00" noise="132.26" route="routetop" type="cfm-fast" waiting="0.00" lane="top_1" pos="12.68" speed="36.09" angle="251.65" x="38.31" y="123.85"/>
        <vehicle id="cfm-fast_5" eclass="HBEFA3/PC_G_EU4" CO2="9958.17" CO="129.38" HC="0.83" NOx="4.15" PMx="0.21" fuel="4.28" electricity="0.00" noise="71.78" route="routetop" type="cfm-fast" waiting="0.00" lane="top_0" pos="16.58" speed="19.99" angle="244.63" x="29.50" y="123.16"/>
        <vehicle id="cfm-slow_0" eclass="HBEFA3/PC_G_EU4" CO2="12857.06" CO="190.41" HC="1.18" NOx="5.54" PMx="0.28" fuel="5.53" electricity="0.00" noise="73.64" route="routetop" type="cfm-slow" waiting="0.00" lane="top_0" pos="29.97" speed="19.01" angle="220.57" x="8.21" y="104.05"/>
        <vehicle id="cfm-slow_1" eclass="HBEFA3/PC_G_EU4" CO2="15203.26" CO="238.30" HC="1.46" NOx="6.64" PMx="0.35" fuel="6.54" electricity="0.00" noise="75.42" route="routetop" type="cfm-slow" waiting="0.00" lane="top_0" pos="45.91" speed="19.26" angle="191.92" x="-4.37" y="72.53"/>
        <vehicle id="cfm-slow_2" eclass="HBEFA3/PC_G_EU4" CO2="20448.22" CO="345.37" HC="2.08" NOx="9.10" PMx="0.48" fuel="8.79" electricity="0.00" noise="79.41" route="routetop" type="cfm-slow" waiting="0.00" lane="left_0" pos="12.12" speed="19.97" angle="162.65" x="-0.01" y="38.12"/>
        <vehicle id="cfm-slow_3" eclass="HBEFA3/PC_G_EU4" CO2="29459.23" CO="530.40" HC="3.14" NOx="13.31" PMx="0.72" fuel="12.66" electricity="0.00" noise="85.70" route="routetop" type="cfm-slow" waiting="0.00" lane="left_0" pos="29.09" speed="21.62" angle="132.11" x="21.76" y="9.35"/>
        <vehicle id="cfm-slow_4" eclass="HBEFA3/PC_G_EU4" CO2="39008.03" CO="731.85" HC="4.30" NOx="17.75" PMx="0.98" fuel="16.77" electricity="0.00" noise="90.70" route="routeleft" type="cfm-slow" waiting="0.00" lane="left_0" pos="47.80" speed="24.59" angle="98.53" x="58.85" y="-4.77"/>
        <vehicle id="cfm-slow_5" eclass="HBEFA3/PC_G_EU4" CO2="37238.01" CO="711.97" HC="4.17" NOx="16.83" PMx="0.94" fuel="16.01" electricity="0.00" noise="87.70" route="routebottom" type="cfm-slow" waiting="0.00" lane="bottom_0" pos="19.61" speed="28.33" angle="59.16" x="103.32" y="7.69"/>
    </timestep>
    <timestep time="2.69">
        <vehicle id="cfm-fast_0" eclass="HBEFA3/PC_G_EU4" CO2="25867.96" CO="483.87" HC="2.85" NOx="11.45" PMx="0.65" fuel="11.12" electricity="0.00" noise="81.22" route="routebottom" type="cfm-fast" waiting="0.00" lane="bottom_0" pos="47.03" speed="29.26" angle="9.92" x="131.96" y="57.20"/>
        <vehicle id="cfm-fast_1" eclass="HBEFA3/PC_G_EU4" CO2="137094.70" CO="2841.59" HC="16.36" NOx="63.79" PMx="3.59" fuel="58.93" electricity="0.00" noise="132.34" route="routebottom" type="cfm-fast" waiting="0.00" lane="right_1" pos="15.58" speed="36.25" angle="336.43" x="121.29" y="94.38"/>
        <vehicle id="cfm-fast_2" eclass="HBEFA3/PC_G_EU4" CO2="26307.22" CO="473.38" HC="2.81" NOx="11.74" PMx="0.65" fuel="11.31" electricity="0.00" noise="81.95" route="routebottom" type="cfm-fast" waiting="0.00" lane="right_0" pos="23.92" speed="25.52" angle="321.42" x="113.79" y="110.49"/>
        <vehicle id="cfm-fast_3" eclass="HBEFA3/PC_G_EU4" CO2="0.00" CO="0.00" HC="0.00" NOx="0.00" PMx="0.00" fuel="0.00" electricity="0.00" noise="71.97" route="routebottom" type="cfm-fast" waiting="0.00" lane="right_0" pos="43.07" speed="26.44" angle="287.04" x="78.55" y="130.63"/>
        <vehicle id="cfm-fast_4" eclass="HBEFA3/PC_G_EU4" CO2="137005.37" CO="2839.47" HC="16.35" NOx="63.74" PMx="3.58" fuel="58.89" electricity="0.00" noise="132.33" route="routetop" type="cfm-fast" waiting="0.00" lane="top_1" pos="13.04" speed="36.23" angle="251.03" x="37.63" y="123.55"/>
        <vehicle id="cfm-fast_5" eclass="HBEFA3/PC_G_EU4" CO2="9889.19" CO="127.95" HC="0.82" NOx="4.12" PMx="0.21" fuel="4.25" electricity="0.00" noise="71.74" route="routetop" type="cfm-fast" waiting="0.00" lane="top_0" pos="16.78" speed="20.01" angle="244.29" x="29.13" y="122.94"/>
        <vehicle id="cfm-slow_0" eclass="HBEFA3/PC_G_EU4" CO2="12811.68" CO="189.44" HC="1.18" NOx="5.52" PMx="0.28" fuel="5.51" electricity="0.00" noise="73.60" route="routetop" type="cfm-slow" waiting="0.00" lane="top_0" pos="30.16" speed="19.03" angle="220.22" x="7.97" y="103.72"/>
        <vehicle id="cfm-slow_1" eclass="HBEFA3/PC_G_EU4" CO2="15185.41" CO="237.89" HC="1.46" NOx="6.63" PMx="0.35" fuel="6.53" electricity="0.00" noise="75.40" route="routetop" type="cfm-slow" waiting="0.00" lane="top_0" pos="46.10" speed="19.29" angle="191.59" x="-4.42" y="72.12"/>
        <vehicle id="cfm-slow_2" eclass="HBEFA3/PC_G_EU4" CO2="20464.96" CO="345.68" HC="2.08" NOx="9.11" PMx="0.48" fuel="8.80" electricity="0.00" noise="79.41" route="routetop" type="cfm-slow" waiting="0.00" lane="left_0" pos="12.32" speed="20.01" angle="162.29" x="0.15" y="37.72"/>
        <vehicle id="cfm-slow_3" eclass="HBEFA3/PC_G_EU4" CO2="29482.36" CO="530.90" HC="3.15" NOx="13.32" PMx="0.72" fuel="12.67" electricity="0.00" noise="85.69" route="routetop" type="cfm-slow" waiting="0.00" lane="left_0" pos="29.31" speed="21.67" angle="131.71" x="22.13" y="9.06"/>
        <vehicle id="cfm-slow_4" eclass="HBEFA3/PC_G_EU4" CO2="38935.01" CO="730.50" HC="4.29" NOx="17.72" PMx="0.97" fuel="16.74" electricity="0.00" noise="90.61" route="routeleft" type="cfm-slow" waiting="0.00" lane="left_0" pos="48.05" speed="24.65" angle="98.06" x="59.38" y="-4.80"/>
        <vehicle id="cfm-slow_5" eclass="HBEFA3/PC_G_EU4" CO2="36961.30" CO="706.53" HC="4.14" NOx="16.70" PMx="0.93" fuel="15.89" electricity="0.00" noise="87.52" route="routebottom" type="cfm-slow" waiting="0.00" lane="bottom_0" pos="19.89" speed="28.37" angle="58.63" x="103.82" y="8.05"/>
    </timestep>
    <timestep time="2.70">
        <vehicle id="cfm-fast_0" eclass="HBEFA3/PC_G_EU4" CO2="25493.22" CO="476.33" HC="2.81" NOx="11.27" PMx="0.64" fuel="10.96" electricity="0.00" noise="81.02" route="routebottom" type="cfm-fast" waiting="0.00" lane="bottom_0" pos="47.33" speed="29.29" angle="9.38" x="132.03" y="57.82"/>
        <vehicle id="cfm-fast_1" eclass="HBEFA3/PC_G_EU4" CO2="137639.48" CO="2854.54" HC="16.43" NOx="64.04" PMx="3.60" fuel="59.16" electricity="0.00" noise="132.40" route="routebottom" type="cfm-fast" waiting="0.00" lane="right_1" pos="15.95" speed="36.39" angle="335.79" x="120.93" y="95.03"/>
        <vehicle id="cfm-fast_2" eclass="HBEFA3/PC_G_EU4" CO2="25994.97" CO="467.07" HC="2.77" NOx="11.59" PMx="0.64" fuel="11.17" electricity="0.00" noise="81.74" route="routebottom" type="cfm-fast" waiting="0.00" lane="right_0" pos="24.17" speed="25.55" angle="320.96" x="113.41" y="110.89"/>
        <vehicle id="cfm-fast_3" eclass="HBEFA3/PC_G_EU4" CO2="0.00" CO="0.00" HC="0.00" NOx="0.00" PMx="0.00" fuel="0.00" electricity="0.00" noise="71.91" route="routebottom" type="cfm-fast" waiting="0.00" lane="right_0" pos="43.33" speed="26.44" angle="286.56" x="77.99" y="130.75"/>
        <vehicle id="cfm-fast_4" eclass="HBEFA3/PC_G_EU4" CO2="137550.10" CO="2852.41" HC="16.42" NOx="64.00" PMx="3.60" fuel="59.13" electricity="0.00" noise="132.39" route="routetop" type="cfm-fast" waiting="0.00" lane="top_1" pos="13.41" speed="36.37" angle="250.35" x="36.95" y="123.25"/>
        <vehicle id="cfm-fast_5" eclass="HBEFA3/PC_G_EU4" CO2="9821.19" CO="126.53" HC="0.82" NOx="4.09" PMx="0.21" fuel="4.22" electricity="0.00" noise="71.70" route="routetop" type="cfm-fast" waiting="0.00" lane="top_0" pos="16.98" speed="20.02" angle="243.93" x="28.76" y="122.72"/>
        <vehicle id="cfm-slow_0" eclass="HBEFA3/PC_G_EU4" CO2="12767.03" CO="188.49" HC="1.17" NOx="5.50" PMx="0.28" fuel="5.49" electricity="0.00" noise="73.57" route="routetop" type="cfm-slow" waiting="0.00" lane="top_0" pos="30.35" speed="19.05" angle="219.86" x="7.73" y="103.38"/>
        <vehicle id="cfm-slow_1" eclass="HBEFA3/PC_G_EU4" CO2="15168.35" CO="237.50" HC="1.45" NOx="6.63" PMx="0.35" fuel="6.52" electricity="0.00" noise="75.38" route="routetop" type="cfm-slow" waiting="0.00" lane="top_0" pos="46.30" speed="19.31" angle="191.27" x="-4.47" y="71.71"/>
        <vehicle id="cfm-slow_2" eclass="HBEFA3/PC_G_EU4" CO2="20482.22" CO="346.01" HC="2.08" NOx="9.12" PMx="0.48" fuel="8.80" electricity="0.00" noise="79.41" route="routetop" type="cfm-slow" waiting="0.00" lane="left_0" pos="12.52" speed="20.04" angle="161.94" x="0.31" y="37.32"/>
        <vehicle id="cfm-slow_3" eclass="HBEFA3/PC_G_EU4" CO2="29505.11" CO="531.39" HC="3.15" NOx="13.33" PMx="0.72" fuel="12.68" electricity="0.00" noise="85.68" route="routetop" type="cfm-slow" waiting="0.00" lane="left_0" pos="29.52" speed="21.72" angle="131.37" x="22.50" y="8.78"/>
        <vehicle id="cfm-slow_4" eclass="HBEFA3/PC_G_EU4" CO2="38860.55" CO="729.13" HC="4.29" NOx="17.68" PMx="0.97" fuel="16.70" electricity="0.00" noise="90.53" route="routeleft" type="cfm-slow" waiting="0.00" lane="left_0" pos="48.30" speed="24.70" angle="97.59" x="59.91" y="-4.83"/>
        <vehicle id="cfm-slow_5" eclass="HBEFA3/PC_G_EU4" CO2="36684.46" CO="701.08" HC="4.11" NOx="16.57" PMx="0.93" fuel="15.77" electricity="0.00" noise="87.35" route="routebottom" type="cfm-slow" waiting="0.00" lane="bottom_0" pos="20.18" speed="28.41" angle="58.11" x="104.31" y="8.40"/>
    </timestep>
    <timestep time="2.71">
        <vehicle id="cfm-fast_0" eclass="HBEFA3/PC_G_EU4" CO2="25121.35" CO="468.85" HC="2.76" NOx="11.10" PMx="0.63" fuel="10.80" electricity="0.00" noise="80.83" route="routebottom" type="cfm-fast" waiting="0.00" lane="bottom_0" pos="47.62" speed="29.32" angle="8.90" x="132.08" y="58.45"/>
        <vehicle id="cfm-fast_1" eclass="HBEFA3/PC_G_EU4" CO2="138184.54" CO="2867.50" HC="16.51" NOx="64.30" PMx="3.62" fuel="59.40" electricity="0.00" noise="132.47" route="routebottom" type="cfm-fast" waiting="0.00" lane="right_1" pos="16.31" speed="36.52" angle="335.14" x="120.57" y="95.69"/>
        <vehicle id="cfm-fast_2" eclass="HBEFA3/PC_G_EU4" CO2="25682.84" CO="460.76" HC="2.74" NOx="11.44" PMx="0.63" fuel="11.04" electricity="0.00" noise="81.55" route="routebottom" type="cfm-fast" waiting="0.00" lane="right_0" pos="24.43" speed="25.58" angle="320.55" x="113.04" y="111.29"/>
        <vehicle id="cfm-fast_3" eclass="HBEFA3/PC_G_EU4" CO2="0.00" CO="0.00" HC="0.00" NOx="0.00" PMx="0.00" fuel="0.00" electricity="0.00" noise="71.84" route="routebottom" type="cfm-fast" waiting="0.00" lane="right_0" pos="43.60" speed="26.44" angle="286.12" x="77.44" y="130.88"/>
        <vehicle id="cfm-fast_4" eclass="HBEFA3/PC_G_EU4" CO2="138095.11" CO="2865.38" HC="16.50" NOx="64.25" PMx="3.61" fuel="59.36" electricity="0.00" noise="132.46" route="routetop" type="cfm-fast" waiting="0.00" lane="top_1" pos="13.77" speed="36.50" angle="249.67" x="36.27" y="122.94"/>
        <vehicle id="cfm-fast_5" eclass="HBEFA3/PC_G_EU4" CO2="9754.16" CO="125.14" HC="0.81" NOx="4.05" PMx="0.20" fuel="4.19" electricity="0.00" noise="71.66" route="routetop" type="cfm-fast" waiting="0.00" lane="top_0" pos="17.18" speed="20.03" angle="243.57" x="28.39" y="122.50"/>
        <vehicle id="cfm-slow_0" eclass="HBEFA3/PC_G_EU4" CO2="12723.12" CO="187.55" HC="1.17" NOx="5.48" PMx="0.28" fuel="5.47" electricity="0.00" noise="73.54" route="routetop" type="cfm-slow" waiting="0.00" lane="top_0" pos="30.54" speed="19.07" angle="219.51" x="7.50" y="103.05"/>
        <vehicle id="cfm-slow_1" eclass="HBEFA3/PC_G_EU4" CO2="15152.08" CO="237.13" HC="1.45" NOx="6.62" PMx="0.34" fuel="6.51" electricity="0.00" noise="75.37" route="routetop" type="cfm-slow" waiting="0.00" lane="top_0" pos="46.49" speed="19.33" angle="190.92" x="-4.51" y="71.29"/>
        <vehicle id="cfm-slow_2" eclass="HBEFA3/PC_G_EU4" CO2="20499.98" CO="346.34" HC="2.08" NOx="9.12" PMx="0.49" fuel="8.81" electricity="0.00" noise="79.42" route="routetop" type="cfm-slow" waiting="0.00" lane="left_0" pos="12.72" speed="20.07" angle="161.61" x="0.47" y="36.92"/>
        <vehicle id="cfm-slow_3" eclass="HBEFA3/PC_G_EU4" CO2="29527.47" CO="531.87" HC="3.15" NOx="13.34" PMx="0.72" fuel="12.69" electricity="0.00" noise="85.67" route="routetop" type="cfm-slow" waiting="0.00" lane="left_0" pos="29.74" speed="21.76" angle="130.97" x="22.88" y="8.50"/>
        <vehicle id="cfm-slow_4" eclass="HBEFA3/PC_G_EU4" CO2="38784.64" CO="727.72" HC="4.28" NOx="17.64" PMx="0.97" fuel="16.67" electricity="0.00" noise="90.44" route="routeleft" type="cfm-slow" waiting="0.00" lane="left_0" pos="48.55" speed="24.75" angle="97.11" x="60.44" y="-4.86"/>
        <vehicle id="cfm-slow_5" eclass="HBEFA3/PC_G_EU4" CO2="36407.49" CO="695.64" HC="4.08" NOx="16.44" PMx="0.92" fuel="15.65" electricity="0.00" noise="87.17" route="routebottom" type="cfm-slow" waiting="0.00" lane="bottom_0" pos="20.46" speed="28.45" angle="57.63" x="104.81" y="8.76"/>
    </timestep>
    <timestep time="2.72">
        <vehicle id="cfm-fast_0" eclass="HBEFA3/PC_G_EU4" CO2="24752.35" CO="461.42" HC="2.72" NOx="10.92" PMx="0.62" fuel="10.64" electricity="0.00" noise="80.65" route="routebottom" type="cfm-fast" waiting="0.00" lane="bottom_0" pos="47.91" speed="29.34" angle="8.35" x="132.11" y="59.08"/>
        <vehicle id="cfm-fast_1" eclass="HBEFA3/PC_G_EU4" CO2="138729.90" CO="2880.49" HC="16.58" NOx="64.55" PMx="3.63" fuel="59.63" electricity="0.00" noise="132.54" route="routebottom" type="cfm-fast" waiting="0.00" lane="right_1" pos="16.68" speed="36.66" angle="334.53" x="120.20" y="96.35"/>
        <vehicle id="cfm-fast_2" eclass="HBEFA3/PC_G_EU4" CO2="25370.91" CO="454.45" HC="2.70" NOx="11.29" PMx="0.62" fuel="10.91" electricity="0.00" noise="81.35" route="routebottom" type="cfm-fast" waiting="0.00" lane="right_0" pos="24.68" speed="25.61" angle="320.07" x="112.65" y="111.68"/>
        <vehicle id="cfm-fast_3" eclass="HBEFA3/PC_G_EU4" CO2="0.00" CO="0.00" HC="0.00" NOx="0.00" PMx="0.00" fuel="0.00" electricity="0.00" noise="71.78" route="routebottom" type="cfm-fast" waiting="0.00" lane="right_0" pos="43.86" speed="26.43" angle="285.63" x="76.88" y="130.98"/>
        <vehicle id="cfm-fast_4" eclass="HBEFA3/PC_G_EU4" CO2="138640.42" CO="2878.36" HC="16.57" NOx="64.51" PMx="3.63" fuel="59.59" electricity="0.00" noise="132.52" route="routetop" type="cfm-fast" waiting="0.00" lane="top_1" pos="14.14" speed="36.64" angle="249.05" x="35.58" y="122.63"/>
        <vehicle id="cfm-fast_5" eclass="HBEFA3/PC_G_EU4" CO2="9688.09" CO="123.77" HC="0.80" NOx="4.02" PMx="0.20" fuel="4.16" electricity="0.00" noise="71.63" route="routetop" type="cfm-fast" waiting="0.00" lane="top_0" pos="17.38" speed="20.05" angle="243.21" x="28.02" y="122.28"/>
        <vehicle id="cfm-slow_0" eclass="HBEFA3/PC_G_EU4" CO2="12679.96" CO="186.63" HC="1.16" NOx="5.46" PMx="0.28" fuel="5.45" electricity="0.00" noise="73.51" route="routetop" type="cfm-slow" waiting="0.00" lane="top_0" pos="30.73" speed="19.09" angle="219.20" x="7.26" y="102.72"/>
        <vehicle id="cfm-slow_1" eclass="HBEFA3/PC_G_EU4" CO2="15136.59" CO="236.78" HC="1.45" NOx="6.61" PMx="0.34" fuel="6.51" electricity="0.00" noise="75.35" route="routetop" type="cfm-slow" waiting="0.00" lane="top_0" pos="46.68" speed="19.36" angle="190.56" x="-4.56" y="70.88"/>
        <vehicle id="cfm-slow_2" eclass="HBEFA3/PC_G_EU4" CO2="20518.22" CO="346.69" HC="2.08" NOx="9.13" PMx="0.49" fuel="8.82" electricity="0.00" noise="79.42" route="routetop" type="cfm-slow" waiting="0.00" lane="left_0" pos="12.92" speed="20.10" angle="161.27" x="0.64" y="36.52"/>
        <vehicle id="cfm-slow_3" eclass="HBEFA3/PC_G_EU4" CO2="29549.42" CO="532.35" HC="3.16" NOx="13.35" PMx="0.72" fuel="12.70" electricity="0.00" noise="85.66" route="routetop" type="cfm-slow" waiting="0.00" lane="left_0" pos="29.96" speed="21.81" angle="130.57" x="23.26" y="8.23"/>
        <vehicle id="cfm-slow_4" eclass="HBEFA3/PC_G_EU4" CO2="38707.29" CO="726.29" HC="4.27" NOx="17.61" PMx="0.97" fuel="16.64" electricity="0.00" noise="90.36" route="routeleft" type="cfm-slow" waiting="0.00" lane="left_0" pos="48.79" speed="24.81" angle="96.71" x="60.98" y="-4.89"/>
        <vehicle id="cfm-slow_5" eclass="HBEFA3/PC_G_EU4" CO2="36130.44" CO="690.19" HC="4.04" NOx="16.31" PMx="0.91" fuel="15.53" electricity="0.00" noise="87.00" route="routebottom" type="cfm-slow" waiting="0.00" lane="bottom_0" pos="20.75" speed="28.49" angle="57.13" x="105.29" y="9.13"/>
    </timestep>
    <timestep time="2.73">
        <vehicle id="cfm-fast_0" eclass="HBEFA3/PC_G_EU4" CO2="24386.17" CO="454.05" HC="2.68" NOx="10.75" PMx="0.61" fuel="10.48" electricity="0.00" noise="80.46" route="routebottom" type="cfm-fast" waiting="0.00" lane="bottom_0" pos="48.21" speed="29.37" angle="7.80" x="132.15" y="59.71"/>
        <vehicle id="cfm-fast_1" eclass="HBEFA3/PC_G_EU4" CO2="139275.55" CO="2893.50" HC="16.65" NOx="64.80" PMx="3.65" fuel="59.87" electricity="0.00" noise="132.60" route="routebottom" type="cfm-fast" waiting="0.00" lane="right_1" pos="17.05" speed="36.80" angle="333.84" x="119.82" y="96.99"/>
        <vehicle id="cfm-fast_2" eclass="HBEFA3/PC_G_EU4" CO2="25059.22" CO="448.15" HC="2.66" NOx="11.15" PMx="0.61" fuel="10.77" electricity="0.00" noise="81.15" route="routebottom" type="cfm-fast" waiting="0.00" lane="right_0" pos="24.94" speed="25.64" angle="319.60" x="112.26" y="112.07"/>
        <vehicle id="cfm-fast_3" eclass="HBEFA3/PC_G_EU4" CO2="0.00" CO="0.00" HC="0.00" NOx="0.00" PMx="0.00" fuel="0.00" electricity="0.00" noise="71.73" route="routebottom" type="cfm-fast" waiting="0.00" lane="right_0" pos="44.13" speed="26.43" angle="285.13" x="76.32" y="131.09"/>
        <vehicle id="cfm-fast_4" eclass="HBEFA3/PC_G_EU4" CO2="139186.03" CO="2891.37" HC="16.64" NOx="64.76" PMx="3.64" fuel="59.83" electricity="0.00" noise="132.59" route="routetop" type="cfm-fast" waiting="0.00" lane="top_1" pos="14.51" speed="36.77" angle="248.36" x="34.91" y="122.29"/>
        <vehicle id="cfm-fast_5" eclass="HBEFA3/PC_G_EU4" CO2="9622.97" CO="122.42" HC="0.79" NOx="3.99" PMx="0.20" fuel="4.14" electricity="0.00" noise="71.59" route="routetop" type="cfm-fast" waiting="0.00" lane="top_0" pos="17.58" speed="20.06" angle="242.85" x="27.64" y="122.06"/>
        <vehicle id="cfm-slow_0" eclass="HBEFA3/PC_G_EU4" CO2="12637.52" CO="185.72" HC="1.16" NOx="5.44" PMx="0.28" fuel="5.43" electricity="0.00" noise="73.47" route="routetop" type="cfm-slow" waiting="0.00" lane="top_0" pos="30.93" speed="19.11" angle="218.87" x="7.02" y="102.38"/>
        <vehicle id="cfm-slow_1" eclass="HBEFA3/PC_G_EU4" CO2="15121.88" CO="236.44" HC="1.45" NOx="6.60" PMx="0.34" fuel="6.50" electricity="0.00" noise="75.34" route="routetop" type="cfm-slow" waiting="0.00" lane="top_0" pos="46.88" speed="19.38" angle="190.20" x="-4.60" y="70.46"/>
        <vehicle id="cfm-slow_2" eclass="HBEFA3/PC_G_EU4" CO2="20536.95" CO="347.05" HC="2.09" NOx="9.14" PMx="0.49" fuel="8.83" electricity="0.00" noise="79.42" route="routetop" type="cfm-slow" waiting="0.00" lane="left_0" pos="13.12" speed="20.14" angle="160.89" x="0.82" y="36.13"/>
        <vehicle id="cfm-slow_3" eclass="HBEFA3/PC_G_EU4" CO2="29570.96" CO="532.82" HC="3.16" NOx="13.36" PMx="0.72" fuel="12.71" electricity="0.00" noise="85.65" route="routetop" type="cfm-slow" waiting="0.00" lane="left_0" pos="30.18" speed="21.85" angle="130.17" x="23.64" y="7.95"/>
        <vehicle id="cfm-slow_4" eclass="HBEFA3/PC_G_EU4" CO2="38628.51" CO="724.83" HC="4.26" NOx="17.57" PMx="0.97" fuel="16.60" electricity="0.00" noise="90.27" route="routeleft" type="cfm-slow" waiting="0.00" lane="left_0" pos="49.04" speed="24.86" angle="96.25" x="61.51" y="-4.90"/>
        <vehicle id="cfm-slow_5" eclass="HBEFA3/PC_G_EU4" CO2="35853.33" CO="684.73" HC="4.01" NOx="16.18" PMx="0.91" fuel="15.41" electricity="0.00" noise="86.83" route="routebottom" type="cfm-slow" waiting="0.00" lane="bottom_0" pos="21.03" speed="28.54" angle="56.61" x="105.78" y="9.51"/>
    </timestep>
    <timestep time="2.74">
        <vehicle id="cfm-fast_0" eclass="HBEFA3/PC_G_EU4" CO2="24022.82" CO="446.73" HC="2.64" NOx="10.58" PMx="0.60" fuel="10.33" electricity="0.00" noise="80.28" route="routebottom" type="cfm-fast" waiting="0.00" lane="bottom_0" pos="48.50" speed="29.39" angle="7.24" x="132.19" y="60.34"/>
        <vehicle id="cfm-fast_1" eclass="HBEFA3/PC_G_EU4" CO2="139821.49" CO="2906.53" HC="16.73" NOx="65.06" PMx="3.66" fuel="60.10" electricity="0.00" noise="132.67" route="routebottom" type="cfm-fast" waiting="0.00" lane="right_1" pos="17.42" speed="36.93" angle="333.16" x="119.43" y="97.64"/>
        <vehicle id="cfm-fast_2" eclass="HBEFA3/PC_G_EU4" CO2="24747.83" CO="441.85" HC="2.63" NOx="11.00" PMx="0.61" fuel="10.64" electricity="0.00" noise="80.96" route="routebottom" type="cfm-fast" waiting="0.00" lane="right_0" pos="25.20" speed="25.67" angle="319.12" x="111.87" y="112.46"/>
        <vehicle id="cfm-fast_3" eclass="HBEFA3/PC_G_EU4" CO2="0.00" CO="0.00" HC="0.00" NOx="0.00" PMx="0.00" fuel="0.00" electricity="0.00" noise="71.67" route="routebottom" type="cfm-fast" waiting="0.00" lane="right_0" pos="44.39" speed="26.43" angle="284.62" x="75.76" y="131.19"/>
        <vehicle id="cfm-fast_4" eclass="HBEFA3/PC_G_EU4" CO2="139731.92" CO="2904.39" HC="16.71" NOx="65.02" PMx="3.66" fuel="60.06" electricity="0.00" noise="132.66" route="routetop" type="cfm-fast" waiting="0.00" lane="top_1" pos="14.88" speed="36.91" angle="247.68" x="34.23" y="121.95"/>
        <vehicle id="cfm-fast_5" eclass="HBEFA3/PC_G_EU4" CO2="9558.80" CO="121.09" HC="0.79" NOx="3.96" PMx="0.20" fuel="4.11" electricity="0.00" noise="71.56" route="routetop" type="cfm-fast" waiting="0.00" lane="top_0" pos="17.78" speed="20.07" angle="242.49" x="27.27" y="121.84"/>
        <vehicle id="cfm-slow_0" eclass="HBEFA3/PC_G_EU4" CO2="12595.82" CO="184.83" HC="1.15" NOx="5.42" PMx="0.28" fuel="5.41" electricity="0.00" noise="73.44" route="routetop" type="cfm-slow" waiting="0.00" lane="top_0" pos="31.12" speed="19.13" angle="218.52" x="6.80" y="102.03"/>
        <vehicle id="cfm-slow_1" eclass="HBEFA3/PC_G_EU4" CO2="15107.93" CO="236.12" HC="1.45" NOx="6.60" PMx="0.34" fuel="6.49" electricity="0.00" noise="75.32" route="routetop" type="cfm-slow" waiting="0.00" lane="top_0" pos="47.07" speed="19.41" angle="189.85" x="-4.64" y="70.05"/>
        <vehicle id="cfm-slow_2" eclass="HBEFA3/PC_G_EU4" CO2="20556.14" CO="347.41" HC="2.09" NOx="9.15" PMx="0.49" fuel="8.84" electricity="0.00" noise="79.43" route="routetop" type="cfm-slow" waiting="0.00" lane="left_0" pos="13.33" speed="20.17" angle="160.52" x="1.00" y="35.73"/>
        <vehicle id="cfm-slow_3" eclass="HBEFA3/PC_G_EU4" CO2="29592.08" CO="533.28" HC="3.16" NOx="13.37" PMx="0.72" fuel="12.72" electricity="0.00" noise="85.63" route="routetop" type="cfm-slow" waiting="0.00" lane="left_0" pos="30.40" speed="21.90" angle="129.77" x="24.02" y="7.68"/>
        <vehicle id="cfm-slow_4" eclass="HBEFA3/PC_G_EU4" CO2="38548.32" CO="723.35" HC="4.25" NOx="17.53" PMx="0.96" fuel="16.57" electricity="0.00" noise="90.18" route="routeleft" type="cfm-slow" waiting="0.00" lane="left_0" pos="49.29" speed="24.91" angle="95.80" x="62.05" y="-4.92"/>
        <vehicle id="cfm-slow_5" eclass="HBEFA3/PC_G_EU4" CO2="35576.19" CO="679.28" HC="3.98" NOx="16.04" PMx="0.90" fuel="15.29" electricity="0.00" noise="86.66" route="routebottom" type="cfm-slow" waiting="0.00" lane="bottom_0" pos="21.32" speed="28.58" angle="56.09" x="106.26" y="9.89"/>
    </timestep>
    <timestep time="2.75">
        <vehicle id="cfm-fast_0" eclass="HBEFA3/PC_G_EU4" CO2="23662.25" CO="439.47" HC="2.59" NOx="10.40" PMx="0.59" fuel="10.17" electricity="0.00" noise="80.11" route="routebottom" type="cfm-fast" waiting="0.00" lane="bottom_0" pos="48.79" speed="29.41" angle="6.76" x="132.22" y="60.98"/>
        <vehicle id="cfm-fast_1" eclass="HBEFA3/PC_G_EU4" CO2="140367.73" CO="2919.58" HC="16.80" NOx="65.31" PMx="3.68" fuel="60.34" electricity="0.00" noise="132.73" route="routebottom" type="cfm-fast" waiting="0.00" lane="right_1" pos="17.79" speed="37.07" angle="332.47" x="119.03" y="98.30"/>
        <vehicle id="cfm-fast_2" eclass="HBEFA3/PC_G_EU4" CO2="24436.79" CO="435.56" HC="2.59" NOx="10.85" PMx="0.60" fuel="10.50" electricity="0.00" noise="80.76" route="routebottom" type="cfm-fast" waiting="0.00" lane="right_0" pos="25.45" speed="25.70" angle="318.64" x="111.47" y="112.86"/>
        <vehicle id="cfm-fast_3" eclass="HBEFA3/PC_G_EU4" CO2="0.00" CO="0.00" HC="0.00" NOx="0.00" PMx="0.00" fuel="0.00" electricity="0.00" noise="71.62" route="routebottom" type="cfm-fast" waiting="0.00" lane="right_0" pos="44.66" speed="26.43" angle="284.12" x="75.20" y="131.29"/>
        <vehicle id="cfm-fast_4" eclass="HBEFA3/PC_G_EU4" CO2="140278.11" CO="2917.44" HC="16.79" NOx="65.27" PMx="3.67" fuel="60.30" electricity="0.00" noise="132.72" route="routetop" type="cfm-fast" waiting="0.00" lane="top_1" pos="15.25" speed="37.05" angle="246.99" x="33.55" y="121.62"/>
        <vehicle id="cfm-fast_5" eclass="HBEFA3/PC_G_EU4" CO2="9495.57" CO="119.77" HC="0.78" NOx="3.93" PMx="0.20" fuel="4.08" electricity="0.00" noise="71.52" route="routetop" type="cfm-fast" waiting="0.00" lane="top_0" pos="17.98" speed="20.08" angle="242.18" x="26.91" y="121.61"/>
        <vehicle id="cfm-slow_0" eclass="HBEFA3/PC_G_EU4" CO2="12554.85" CO="183.96" HC="1.15" NOx="5.40" PMx="0.28" fuel="5.40" electricity="0.00" noise="73.41" route="routetop" type="cfm-slow" waiting="0.00" lane="top_0" pos="31.31" speed="19.15" angle="218.18" x="6.57" y="101.69"/>
        <vehicle id="cfm-slow_1" eclass="HBEFA3/PC_G_EU4" CO2="15094.75" CO="235.81" HC="1.44" NOx="6.59" PMx="0.34" fuel="6.49" electricity="0.00" noise="75.31" route="routetop" type="cfm-slow" waiting="0.00" lane="top_0" pos="47.27" speed="19.43" angle="189.49" x="-4.68" y="69.63"/>
        <vehicle id="cfm-slow_2" eclass="HBEFA3/PC_G_EU4" CO2="20575.80" CO="347.79" HC="2.09" NOx="9.16" PMx="0.49" fuel="8.84" electricity="0.00" noise="79.43" route="routetop" type="cfm-slow" waiting="0.00" lane="left_0" pos="13.53" speed="20.20" angle="160.14" x="1.18" y="35.34"/>
        <vehicle id="cfm-slow_3" eclass="HBEFA3/PC_G_EU4" CO2="29612.76" CO="533.73" HC="3.16" NOx="13.38" PMx="0.73" fuel="12.73" electricity="0.00" noise="85.62" route="routetop" type="cfm-slow" waiting="0.00" lane="left_0" pos="30.62" speed="21.94" angle="129.36" x="24.40" y="7.40"/>
        <vehicle id="cfm-slow_4" eclass="HBEFA3/PC_G_EU4" CO2="38466.71" CO="721.83" HC="4.24" NOx="17.49" PMx="0.96" fuel="16.53" electricity="0.00" noise="90.09" route="routeleft" type="cfm-slow" waiting="0.00" lane="left_0" pos="49.54" speed="24.96" angle="95.34" x="62.58" y="-4.93"/>
        <vehicle id="cfm-slow_5" eclass="HBEFA3/PC_G_EU4" CO2="35299.04" CO="673.82" HC="3.95" NOx="15.91" PMx="0.89" fuel="15.17" electricity="0.00" noise="86.48" route="routebottom" type="cfm-slow" waiting="0.00" lane="bottom_0" pos="21.61" speed="28.62" angle="55.57" x="106.75" y="10.27"/>
    </timestep>
    <timestep time="2.76">
        <vehicle id="cfm-fast_0" eclass="HBEFA3/PC_G_EU4" CO2="23304.46" CO="432.27" HC="2.55" NOx="10.24" PMx="0.58" fuel="10.02" electricity="0.00" noise="79.93" route="routebottom" type="cfm-fast" waiting="0.00" lane="bottom_0" pos="49.09" speed="29.44" angle="6.21" x="132.23" y="61.61"/>
        <vehicle id="cfm-fast_1" eclass="HBEFA3/PC_G_EU4" CO2="140914.25" CO="2932.66" HC="16.87" NOx="65.57" PMx="3.69" fuel="60.57" electricity="0.00" noise="132.80" route="routebottom" type="cfm-fast" waiting="0.00" lane="right_1" pos="18.16" speed="37.21" angle="331.84" x="118.62" y="98.94"/>
        <vehicle id="cfm-fast_2" eclass="HBEFA3/PC_G_EU4" CO2="24126.14" CO="429.28" HC="2.56" NOx="10.70" PMx="0.59" fuel="10.37" electricity="0.00" noise="80.57" route="routebottom" type="cfm-fast" waiting="0.00" lane="right_0" pos="25.71" speed="25.73" angle="318.23" x="111.08" y="113.24"/>
        <vehicle id="cfm-fast_3" eclass="HBEFA3/PC_G_EU4" CO2="0.00" CO="0.00" HC="0.00" NOx="0.00" PMx="0.00" fuel="0.00" electricity="0.00" noise="71.57" route="routebottom" type="cfm-fast" waiting="0.00" lane="right_0" pos="44.92" speed="26.42" angle="283.70" x="74.64" y="131.39"/>
        <vehicle id="cfm-fast_4" eclass="HBEFA3/PC_G_EU4" CO2="140824.59" CO="2930.51" HC="16.86" NOx="65.53" PMx="3.69" fuel="60.53" electricity="0.00" noise="132.79" route="routetop" type="cfm-fast" waiting="0.00" lane="top_1" pos="15.62" speed="37.18" angle="246.39" x="32.88" y="121.26"/>
        <vehicle id="cfm-fast_5" eclass="HBEFA3/PC_G_EU4" CO2="9433.28" CO="118.48" HC="0.77" NOx="3.90" PMx="0.20" fuel="4.05" electricity="0.00" noise="71.49" route="routetop" type="cfm-fast" waiting="0.00" lane="top_0" pos="18.18" speed="20.09" angle="241.79" x="26.55" y="121.37"/>
        <vehicle id="cfm-slow_0" eclass="HBEFA3/PC_G_EU4" CO2="12514.61" CO="183.10" HC="1.14" NOx="5.38" PMx="0.28" fuel="5.38" electricity="0.00" noise="73.39" route="routetop" type="cfm-slow" waiting="0.00" lane="top_0" pos="31.50" speed="19.17" angle="217.83" x="6.34" y="101.35"/>
        <vehicle id="cfm-slow_1" eclass="HBEFA3/PC_G_EU4" CO2="15082.34" CO="235.52" HC="1.44" NOx="6.58" PMx="0.34" fuel="6.48" electricity="0.00" noise="75.30" route="routetop" type="cfm-slow" waiting="0.00" lane="top_0" pos="47.46" speed="19.45" angle="189.19" x="-4.73" y="69.22"/>
        <vehicle id="cfm-slow_2" eclass="HBEFA3/PC_G_EU4" CO2="20595.91" CO="348.18" HC="2.09" NOx="9.17" PMx="0.49" fuel="8.85" electricity="0.00" noise="79.43" route="routetop" type="cfm-slow" waiting="0.00" lane="left_0" pos="13.73" speed="20.24" angle="159.76" x="1.36" y="34.94"/>
        <vehicle id="cfm-slow_3" eclass="HBEFA3/PC_G_EU4" CO2="29633.00" CO="534.18" HC="3.17" NOx="13.39" PMx="0.73" fuel="12.74" electricity="0.00" noise="85.61" route="routetop" type="cfm-slow" waiting="0.00" lane="left_0" pos="30.84" speed="21.99" angle="129.03" x="24.79" y="7.13"/>
        <vehicle id="cfm-slow_4" eclass="HBEFA3/PC_G_EU4" CO2="38383.70" CO="720.29" HC="4.23" NOx="17.45" PMx="0.96" fuel="16.50" electricity="0.00" noise="90.01" route="routeleft" type="cfm-slow" waiting="0.00" lane="left_0" pos="49.79" speed="25.02" angle="94.89" x="63.12" y="-4.94"/>
        <vehicle id="cfm-slow_5" eclass="HBEFA3/PC_G_EU4" CO2="35021.92" CO="668.37" HC="3.92" NOx="15.78" PMx="0.88" fuel="15.05" electricity="0.00" noise="86.31" route="routebottom" type="cfm-slow" waiting="0.00" lane="bottom_0" pos="21.89" speed="28.66" angle="55.10" x="107.23" y="10.66"/>
    </timestep>
    <timestep time="2.77">
        <vehicle id="cfm-fast_0" eclass="HBEFA3/PC_G_EU4" CO2="22949.42" CO="425.11" HC="2.51" NOx="10.07" PMx="0.57" fuel="9.86" electricity="0.00" noise="79.76" route="routebottom" type="cfm-fast" waiting="0.00" lane="bottom_0" pos="49.38" speed="29.46" angle="5.66" x="132.25" y="62.24"/>
        <vehicle id="cfm-fast_1" eclass="HBEFA3/PC_G_EU4" CO2="141461.07" CO="2945.75" HC="16.95" NOx="65.82" PMx="3.71" fuel="60.81" electricity="0.00" noise="132.86" route="routebottom" type="cfm-fast" waiting="0.00" lane="right_1" pos="18.53" speed="37.34" angle="331.13" x="118.20" y="99.58"/>
        <vehicle id="cfm-fast_2" eclass="HBEFA3/PC_G_EU4" CO2="23815.95" CO="423.00" HC="2.52" NOx="10.56" PMx="0.58" fuel="10.24" electricity="0.00" noise="80.38" route="routebottom" type="cfm-fast" waiting="0.00" lane="right_0" pos="25.97" speed="25.76" angle="317.76" x="110.67" y="113.62"/>
        <vehicle id="cfm-fast_3" eclass="HBEFA3/PC_G_EU4" CO2="0.00" CO="0.00" HC="0.00" NOx="0.00" PMx="0.00" fuel="0.00" electricity="0.00" noise="71.52" route="routebottom" type="cfm-fast" waiting="0.00" lane="right_0" pos="45.18" speed="26.42" angle="283.22" x="74.08" y="131.47"/>
        <vehicle id="cfm-fast_4" eclass="HBEFA3/PC_G_EU4" CO2="141371.36" CO="2943.60" HC="16.93" NOx="65.78" PMx="3.70" fuel="60.77" electricity="0.00" noise="132.85" route="routetop" type="cfm-fast" waiting="0.00" lane="top_1" pos="15.99" speed="37.32" angle="245.72" x="32.21" y="120.88"/>
        <vehicle id="cfm-fast_5" eclass="HBEFA3/PC_G_EU4" CO2="9371.92" CO="117.21" HC="0.76" NOx="3.87" PMx="0.19" fuel="4.03" electricity="0.00" noise="71.46" route="routetop" type="cfm-fast" waiting="0.00" lane="top_0" pos="18.38" speed="20.11" angle="241.40" x="26.19" y="121.13"/>
        <vehicle id="cfm-slow_0" eclass="HBEFA3/PC_G_EU4" CO2="12475.10" CO="182.25" HC="1.14" NOx="5.36" PMx="0.27" fuel="5.36" electricity="0.00" noise="73.36" route="routetop" type="cfm-slow" waiting="0.00" lane="top_0" pos="31.69" speed="19.19" angle="217.49" x="6.11" y="101.00"/>
        <vehicle id="cfm-slow_1" eclass="HBEFA3/PC_G_EU4" CO2="15070.67" CO="235.25" HC="1.44" NOx="6.58" PMx="0.34" fuel="6.48" electricity="0.00" noise="75.29" route="routetop" type="cfm-slow" waiting="0.00" lane="top_0" pos="47.66" speed="19.48" angle="188.82" x="-4.75" y="68.80"/>
        <vehicle id="cfm-slow_2" eclass="HBEFA3/PC_G_EU4" CO2="20616.46" CO="348.58" HC="2.10" NOx="9.17" PMx="0.49" fuel="8.86" electricity="0.00" noise="79.44" route="routetop" type="cfm-slow" waiting="0.00" lane="left_0" pos="13.93" speed="20.27" angle="159.39" x="1.54" y="34.54"/>
        <vehicle id="cfm-slow_3" eclass="HBEFA3/PC_G_EU4" CO2="29652.79" CO="534.62" HC="3.17" NOx="13.40" PMx="0.73" fuel="12.75" electricity="0.00" noise="85.60" route="routetop" type="cfm-slow" waiting="0.00" lane="left_0" pos="31.06" speed="22.03" angle="128.63" x="25.18" y="6.87"/>
        <vehicle id="cfm-slow_4" eclass="HBEFA3/PC_G_EU4" CO2="38299.29" CO="718.72" HC="4.22" NOx="17.41" PMx="0.96" fuel="16.46" electricity="0.00" noise="89.92" route="routebottom" type="cfm-slow" waiting="0.00" lane="bottom_0" pos="0.04" speed="25.07" angle="94.40" x="63.85" y="-4.95"/>
        <vehicle id="cfm-slow_5" eclass="HBEFA3/PC_G_EU4" CO2="34744.84" CO="662.91" HC="3.89" NOx="15.65" PMx="0.88" fuel="14.94" electricity="0.00" noise="86.15" route="routebottom" type="cfm-slow" waiting="0.00" lane="bottom_0" pos="22.18" speed="28.70" angle="54.56" x="107.70" y="11.06"/>
    </timestep>
    <timestep time="2.78">
        <vehicle id="cfm-fast_0" eclass="HBEFA3/PC_G_EU4" CO2="22597.11" CO="418.01" HC="2.47" NOx="9.90" PMx="0.56" fuel="9.71" electricity="0.00" noise="79.59" route="routebottom" type="cfm-fast" waiting="0.00" lane="bottom_0" pos="49.68" speed="29.48" angle="5.10" x="132.26" y="62.88"/>
        <vehicle id="cfm-fast_1" eclass="HBEFA3/PC_G_EU4" CO2="142008.18" CO="2958.87" HC="17.02" NOx="66.08" PMx="3.72" fuel="61.04" electricity="0.00" noise="132.93" route="routebottom" type="cfm-fast" waiting="0.00" lane="right_1" pos="18.91" speed="37.48" angle="330.42" x="117.77" y="100.22"/>
        <vehicle id="cfm-fast_2" eclass="HBEFA3/PC_G_EU4" CO2="23506.25" CO="416.73" HC="2.48" NOx="10.41" PMx="0.57" fuel="10.10" electricity="0.00" noise="80.19" route="routebottom" type="cfm-fast" waiting="0.00" lane="right_0" pos="26.23" speed="25.79" angle="317.29" x="110.26" y="114.00"/>
        <vehicle id="cfm-fast_3" eclass="HBEFA3/PC_G_EU4" CO2="0.00" CO="0.00" HC="0.00" NOx="0.00" PMx="0.00" fuel="0.00" electricity="0.00" noise="71.48" route="routebottom" type="cfm-fast" waiting="0.00" lane="right_0" pos="45.45" speed="26.41" angle="282.75" x="73.52" y="131.55"/>
        <vehicle id="cfm-fast_4" eclass="HBEFA3/PC_G_EU4" CO2="141918.42" CO="2956.72" HC="17.01" NOx="66.04" PMx="3.72" fuel="61.00" electricity="0.00" noise="132.92" route="routetop" type="cfm-fast" waiting="0.00" lane="top_1" pos="16.37" speed="37.46" angle="245.04" x="31.54" y="120.51"/>
        <vehicle id="cfm-fast_5" eclass="HBEFA3/PC_G_EU4" CO2="9311.49" CO="115.95" HC="0.76" NOx="3.84" PMx="0.19" fuel="4.00" electricity="0.00" noise="71.43" route="routetop" type="cfm-fast" waiting="0.00" lane="top_0" pos="18.59" speed="20.12" angle="241.01" x="25.83" y="120.89"/>
        <vehicle id="cfm-slow_0" eclass="HBEFA3/PC_G_EU4" CO2="12436.32" CO="181.42" HC="1.13" NOx="5.34" PMx="0.27" fuel="5.35" electricity="0.00" noise="73.33" route="routetop" type="cfm-slow" waiting="0.00" lane="top_0" pos="31.88" speed="19.21" angle="217.14" x="5.88" y="100.66"/>
        <vehicle id="cfm-slow_1" eclass="HBEFA3/PC_G_EU4" CO2="15059.76" CO="234.99" HC="1.44" NOx="6.57" PMx="0.34" fuel="6.47" electricity="0.00" noise="75.28" route="routetop" type="cfm-slow" waiting="0.00" lane="top_0" pos="47.85" speed="19.50" angle="188.45" x="-4.78" y="68.38"/>
        <vehicle id="cfm-slow_2" eclass="HBEFA3/PC_G_EU4" CO2="20637.44" CO="348.99" HC="2.10" NOx="9.18" PMx="0.49" fuel="8.87" electricity="0.00" noise="79.44" route="routetop" type="cfm-slow" waiting="0.00" lane="left_0" pos="14.14" speed="20.30" angle="159.07" x="1.72" y="34.15"/>
        <vehicle id="cfm-slow_3" eclass="HBEFA3/PC_G_EU4" CO2="29672.11" CO="535.05" HC="3.17" NOx="13.40" PMx="0.73" fuel="12.75" electricity="0.00" noise="85.59" route="routetop" type="cfm-slow" waiting="0.00" lane="left_0" pos="31.28" speed="22.08" angle="128.23" x="25.58" y="6.60"/>
        <vehicle id="cfm-slow_4" eclass="HBEFA3/PC_G_EU4" CO2="38213.50" CO="717.13" HC="4.22" NOx="17.37" PMx="0.96" fuel="16.43" electricity="0.00" noise="89.83" route="routebottom" type="cfm-slow" waiting="0.00" lane="bottom_0" pos="0.29" speed="25.12" angle="93.94" x="64.39" y="-4.94"/>
        <vehicle id="cfm-slow_5" eclass="HBEFA3/PC_G_EU4" CO2="34467.84" CO="657.45" HC="3.85" NOx="15.52" PMx="0.87" fuel="14.82" electricity="0.00" noise="85.98" route="routebottom" type="cfm-slow" waiting="0.00" lane="bottom_0" pos="22.47" speed="28.73" angle="54.01" x="108.17" y="11.46"/>
    </timestep>
    <timestep time="2.79">
        <vehicle id="cfm-fast_0" eclass="HBEFA3/PC_G_EU4" CO2="22247.50" CO="410.97" HC="2.43" NOx="9.74" PMx="0.55" fuel="9.56" electricity="0.00" noise="79.43" route="routebottom" type="cfm-fast" waiting="0.00" lane="bottom_0" pos="49.97" speed="29.50" angle="4.58" x="132.27" y="63.51"/>
        <vehicle id="cfm-fast_1" eclass="HBEFA3/PC_G_EU4" CO2="142555.58" CO="2972.01" HC="17.09" NOx="66.34" PMx="3.74" fuel="61.28" electricity="0.00" noise="132.99" route="routebottom" type="cfm-fast" waiting="0.00" lane="right_1" pos="19.28" speed="37.62" angle="329.77" x="117.34" y="100.85"/>
        <vehicle id="cfm-fast_2" eclass="HBEFA3/PC_G_EU4" CO2="23197.10" CO="410.48" HC="2.45" NOx="10.26" PMx="0.57" fuel="9.97" electricity="0.00" noise="80.01" route="routebottom" type="cfm-fast" waiting="0.00" lane="right_0" pos="26.49" speed="25.82" angle="316.82" x="109.86" y="114.37"/>
        <vehicle id="cfm-fast_3" eclass="HBEFA3/PC_G_EU4" CO2="0.00" CO="0.00" HC="0.00" NOx="0.00" PMx="0.00" fuel="0.00" electricity="0.00" noise="71.43" route="routebottom" type="cfm-fast" waiting="0.00" lane="right_0" pos="45.71" speed="26.41" angle="282.27" x="72.95" y="131.63"/>
        <vehicle id="cfm-fast_4" eclass="HBEFA3/PC_G_EU4" CO2="142465.77" CO="2969.85" HC="17.08" NOx="66.29" PMx="3.74" fuel="61.24" electricity="0.00" noise="132.98" route="routetop" type="cfm-fast" waiting="0.00" lane="top_1" pos="16.74" speed="37.59" angle="244.41" x="30.87" y="120.13"/>
        <vehicle id="cfm-fast_5" eclass="HBEFA3/PC_G_EU4" CO2="9251.98" CO="114.72" HC="0.75" NOx="3.81" PMx="0.19" fuel="3.98" electricity="0.00" noise="71.39" route="routetop" type="cfm-fast" waiting="0.00" lane="top_0" pos="18.79" speed="20.13" angle="240.62" x="25.47" y="120.65"/>
        <vehicle id="cfm-slow_0" eclass="HBEFA3/PC_G_EU4" CO2="12398.26" CO="180.61" HC="1.13" NOx="5.32" PMx="0.27" fuel="5.33" electricity="0.00" noise="73.30" route="routetop" type="cfm-slow" waiting="0.00" lane="top_0" pos="32.08" speed="19.22" angle="216.85" x="5.65" y="100.31"/>
        <vehicle id="cfm-slow_1" eclass="HBEFA3/PC_G_EU4" CO2="15049.60" CO="234.75" HC="1.44" NOx="6.56" PMx="0.34" fuel="6.47" electricity="0.00" noise="75.27" route="routetop" type="cfm-slow" waiting="0.00" lane="top_0" pos="48.05" speed="19.52" angle="188.08" x="-4.80" y="67.96"/>
        <vehicle id="cfm-slow_2" eclass="HBEFA3/PC_G_EU4" CO2="20658.85" CO="349.41" HC="2.10" NOx="9.19" PMx="0.49" fuel="8.88" electricity="0.00" noise="79.45" route="routetop" type="cfm-slow" waiting="0.00" lane="left_0" pos="14.34" speed="20.34" angle="158.69" x="1.92" y="33.76"/>
        <vehicle id="cfm-slow_3" eclass="HBEFA3/PC_G_EU4" CO2="29690.96" CO="535.48" HC="3.17" NOx="13.41" PMx="0.73" fuel="12.76" electricity="0.00" noise="85.58" route="routetop" type="cfm-slow" waiting="0.00" lane="left_0" pos="31.50" speed="22.13" angle="127.83" x="25.97" y="6.34"/>
        <vehicle id="cfm-slow_4" eclass="HBEFA3/PC_G_EU4" CO2="38126.33" CO="715.50" HC="4.21" NOx="17.32" PMx="0.95" fuel="16.39" electricity="0.00" noise="89.74" route="routebottom" type="cfm-slow" waiting="0.00" lane="bottom_0" pos="0.55" speed="25.17" angle="93.48" x="64.93" y="-4.92"/>
        <vehicle id="cfm-slow_5" eclass="HBEFA3/PC_G_EU4" CO2="34190.94" CO="651.99" HC="3.82" NOx="15.39" PMx="0.86" fuel="14.70" electricity="0.00" noise="85.81" route="routebottom" type="cfm-slow" waiting="0.00" lane="bottom_0" pos="22.75" speed="28.77" angle="53.47" x="108.64" y="11.86"/>
    </timestep>
    <timestep time="2.80">
        <vehicle id="cfm-fast_0" eclass="HBEFA3/PC_G_EU4" CO2="21900.59" CO="403.97" HC="2.39" NOx="9.57" PMx="0.54" fuel="9.41" electricity="0.00" noise="79.27" route="routebottom" type="cfm-fast" waiting="0.00" lane="right_0" pos="0.27" speed="29.52" angle="3.98" x="132.26" y="64.34"/>
        <vehicle id="cfm-fast_1" eclass="HBEFA3/PC_G_EU4" CO2="143103.28" CO="2985.17" HC="17.17" NOx="66.59" PMx="3.75" fuel="61.51" electricity="0.00" noise="133.06" route="routebottom" type="cfm-fast" waiting="0.00" lane="right_1" pos="19.66" speed="37.75" angle="329.07" x="116.89" y="101.48"/>
        <vehicle id="cfm-fast_2" eclass="HBEFA3/PC_G_EU4" CO2="22888.54" CO="404.23" HC="2.41" NOx="10.12" PMx="0.56" fuel="9.84" electricity="0.00" noise="79.82" route="routebottom" type="cfm-fast" waiting="0.00" lane="right_0" pos="26.74" speed="25.84" angle="316.35" x="109.45" y="114.75"/>
        <vehicle id="cfm-fast_3" eclass="HBEFA3/PC_G_EU4" CO2="0.00" CO="0.00" HC="0.00" NOx="0.00" PMx="0.00" fuel="0.00" electricity="0.00" noise="71.39" route="routebottom" type="cfm-fast" waiting="0.00" lane="right_0" pos="45.98" speed="26.40" angle="281.80" x="72.39" y="131.71"/>
        <vehicle id="cfm-fast_4" eclass="HBEFA3/PC_G_EU4" CO2="143013.42" CO="2983.01" HC="17.16" NOx="66.55" PMx="3.75" fuel="61.47" electricity="0.00" noise="133.05" route="routetop" type="cfm-fast" waiting="0.00" lane="top_1" pos="17.12" speed="37.73" angle="243.71" x="30.20" y="119.74"/>
        <vehicle id="cfm-fast_5" eclass="HBEFA3/PC_G_EU4" CO2="9193.38" CO="113.50" HC="0.74" NOx="3.79" PMx="0.19" fuel="3.95" electricity="0.00" noise="71.36" route="routetop" type="cfm-fast" waiting="0.00" lane="top_0" pos="18.99" speed="20.14" angle="240.23" x="25.11" y="120.41"/>
        <vehicle id="cfm-slow_0" eclass="HBEFA3/PC_G_EU4" CO2="12360.92" CO="179.81" HC="1.12" NOx="5.30" PMx="0.27" fuel="5.31" electricity="0.00" noise="73.28" route="routetop" type="cfm-slow" waiting="0.00" lane="top_0" pos="32.27" speed="19.24" angle="216.49" x="5.44" y="99.96"/>
        <vehicle id="cfm-slow_1" eclass="HBEFA3/PC_G_EU4" CO2="15040.17" CO="234.52" HC="1.44" NOx="6.56" PMx="0.34" fuel="6.47" electricity="0.00" noise="75.26" route="routetop" type="cfm-slow" waiting="0.00" lane="top_0" pos="48.24" speed="19.55" angle="187.70" x="-4.83" y="67.54"/>
        <vehicle id="cfm-slow_2" eclass="HBEFA3/PC_G_EU4" CO2="20680.66" CO="349.83" HC="2.10" NOx="9.20" PMx="0.49" fuel="8.89" electricity="0.00" noise="79.46" route="routetop" type="cfm-slow" waiting="0.00" lane="left_0" pos="14.54" speed="20.37" angle="158.31" x="2.11" y="33.36"/>
        <vehicle id="cfm-slow_3" eclass="HBEFA3/PC_G_EU4" CO2="29709.32" CO="535.89" HC="3.18" NOx="13.42" PMx="0.73" fuel="12.77" electricity="0.00" noise="85.56" route="routetop" type="cfm-slow" waiting="0.00" lane="left_0" pos="31.72" speed="22.17" angle="127.43" x="26.37" y="6.07"/>
        <vehicle id="cfm-slow_4" eclass="HBEFA3/PC_G_EU4" CO2="38037.80" CO="713.85" HC="4.20" NOx="17.28" PMx="0.95" fuel="16.35" electricity="0.00" noise="89.65" route="routebottom" type="cfm-slow" waiting="0.00" lane="bottom_0" pos="0.80" speed="25.22" angle="93.03" x="65.47" y="-4.91"/>
        <vehicle id="cfm-slow_5" eclass="HBEFA3/PC_G_EU4" CO2="33914.17" CO="646.54" HC="3.79" NOx="15.26" PMx="0.86" fuel="14.58" electricity="0.00" noise="85.64" route="routebottom" type="cfm-slow" waiting="0.00" lane="bottom_0" pos="23.04" speed="28.81" angle="52.98" x="109.11" y="12.27"/>
    </timestep>
    <timestep time="2.81">
        <vehicle id="cfm-fast_0" eclass="HBEFA3/PC_G_EU4" CO2="21556.35" CO="397.03" HC="2.35" NOx="9.41" PMx="0.54" fuel="9.27" electricity="0.00" noise="79.11" route="routebottom" type="cfm-fast" waiting="0.00" lane="right_0" pos="0.56" speed="29.54" angle="3.45" x="132.25" y="64.97"/>
        <vehicle id="cfm-fast_1" eclass="HBEFA3/PC_G_EU4" CO2="143651.26" CO="2998.35" HC="17.24" NOx="66.85" PMx="3.77" fuel="61.75" electricity="0.00" noise="133.13" route="routebottom" type="cfm-fast" waiting="0.00" lane="right_1" pos="20.04" speed="37.89" angle="328.37" x="116.43" y="102.11"/>
        <vehicle id="cfm-fast_2" eclass="HBEFA3/PC_G_EU4" CO2="22580.63" CO="398.00" HC="2.37" NOx="9.97" PMx="0.55" fuel="9.71" electricity="0.00" noise="79.64" route="routebottom" type="cfm-fast" waiting="0.00" lane="right_0" pos="27.00" speed="25.87" angle="315.93" x="109.04" y="115.12"/>
        <vehicle id="cfm-fast_3" eclass="HBEFA3/PC_G_EU4" CO2="0.00" CO="0.00" HC="0.00" NOx="0.00" PMx="0.00" fuel="0.00" electricity="0.00" noise="71.35" route="routebottom" type="cfm-fast" waiting="0.00" lane="right_0" pos="46.24" speed="26.40" angle="281.38" x="71.83" y="131.79"/>
        <vehicle id="cfm-fast_4" eclass="HBEFA3/PC_G_EU4" CO2="143561.36" CO="2996.19" HC="17.23" NOx="66.81" PMx="3.77" fuel="61.71" electricity="0.00" noise="133.11" route="routetop" type="cfm-fast" waiting="0.00" lane="top_1" pos="17.50" speed="37.87" angle="243.02" x="29.53" y="119.34"/>
        <vehicle id="cfm-fast_5" eclass="HBEFA3/PC_G_EU4" CO2="9135.70" CO="112.30" HC="0.73" NOx="3.76" PMx="0.19" fuel="3.93" electricity="0.00" noise="71.33" route="routetop" type="cfm-fast" waiting="0.00" lane="top_0" pos="19.19" speed="20.15" angle="239.89" x="24.75" y="120.16"/>
        <vehicle id="cfm-slow_0" eclass="HBEFA3/PC_G_EU4" CO2="12324.31" CO="179.03" HC="1.12" NOx="5.29" PMx="0.27" fuel="5.30" electricity="0.00" noise="73.25" route="routetop" type="cfm-slow" waiting="0.00" lane="top_0" pos="32.46" speed="19.26" angle="216.12" x="5.23" y="99.60"/>
        <vehicle id="cfm-slow_1" eclass="HBEFA3/PC_G_EU4" CO2="15031.48" CO="234.31" HC="1.44" NOx="6.56" PMx="0.34" fuel="6.46" electricity="0.00" noise="75.25" route="routetop" type="cfm-slow" waiting="0.00" lane="top_0" pos="48.44" speed="19.57" angle="187.33" x="-4.85" y="67.12"/>
        <vehicle id="cfm-slow_2" eclass="HBEFA3/PC_G_EU4" CO2="20702.88" CO="350.27" HC="2.11" NOx="9.21" PMx="0.49" fuel="8.90" electricity="0.00" noise="79.46" route="routetop" type="cfm-slow" waiting="0.00" lane="left_0" pos="14.75" speed="20.40" angle="157.92" x="2.31" y="32.97"/>
        <vehicle id="cfm-slow_3" eclass="HBEFA3/PC_G_EU4" CO2="29727.20" CO="536.30" HC="3.18" NOx="13.43" PMx="0.73" fuel="12.78" electricity="0.00" noise="85.55" route="routetop" type="cfm-slow" waiting="0.00" lane="left_0" pos="31.94" speed="22.22" angle="127.04" x="26.77" y="5.81"/>
        <vehicle id="cfm-slow_4" eclass="HBEFA3/PC_G_EU4" CO2="37947.90" CO="712.18" HC="4.19" NOx="17.24" PMx="0.95" fuel="16.31" electricity="0.00" noise="89.56" route="routebottom" type="cfm-slow" waiting="0.00" lane="bottom_0" pos="1.05" speed="25.27" angle="92.57" x="66.02" y="-4.90"/>
        <vehicle id="cfm-slow_5" eclass="HBEFA3/PC_G_EU4" CO2="33637.55" CO="641.08" HC="3.76" NOx="15.12" PMx="0.85" fuel="14.46" electricity="0.00" noise="85.48" route="routebottom" type="cfm-slow" waiting="0.00" lane="bottom_0" pos="23.33" speed="28.85" angle="52.47" x="109.57" y="12.68"/>
    </timestep>
    <timestep time="2.82">
        <vehicle id="cfm-fast_0" eclass="HBEFA3/PC_G_EU4" CO2="21214.75" CO="390.14" HC="2.31" NOx="9.25" PMx="0.53" fuel="9.12" electricity="0.00" noise="78.95" route="routebottom" type="cfm-fast" waiting="0.00" lane="right_0" pos="0.86" speed="29.56" angle="2.91" x="132.24" y="65.61"/>
        <vehicle id="cfm-fast_1" eclass="HBEFA3/PC_G_EU4" CO2="144199.54" CO="3011.55" HC="17.32" NOx="67.10" PMx="3.78" fuel="61.98" electricity="0.00" noise="133.19" route="routebottom" type="cfm-fast" waiting="0.00" lane="right_1" pos="20.42" speed="38.02" angle="327.68" x="115.98" y="102.74"/>
        <vehicle id="cfm-fast_2" eclass="HBEFA3/PC_G_EU4" CO2="22273.40" CO="391.78" HC="2.34" NOx="9.83" PMx="0.54" fuel="9.57" electricity="0.00" noise="79.46" route="routebottom" type="cfm-fast" waiting="0.00" lane="right_0" pos="27.26" speed="25.90" angle="315.45" x="108.61" y="115.49"/>
        <vehicle id="cfm-fast_3" eclass="HBEFA3/PC_G_EU4" CO2="0.00" CO="0.00" HC="0.00" NOx="0.00" PMx="0.00" fuel="0.00" electricity="0.00" noise="71.31" route="routebottom" type="cfm-fast" waiting="0.00" lane="right_0" pos="46.50" speed="26.39" angle="280.89" x="71.26" y="131.85"/>
        <vehicle id="cfm-fast_4" eclass="HBEFA3/PC_G_EU4" CO2="144109.59" CO="3009.38" HC="17.30" NOx="67.06" PMx="3.78" fuel="61.95" electricity="0.00" noise="133.18" route="routetop" type="cfm-fast" waiting="0.00" lane="top_1" pos="17.88" speed="38.00" angle="242.36" x="28.87" y="118.94"/>
        <vehicle id="cfm-fast_5" eclass="HBEFA3/PC_G_EU4" CO2="9078.91" CO="111.13" HC="0.73" NOx="3.73" PMx="0.19" fuel="3.90" electricity="0.00" noise="71.30" route="routetop" type="cfm-fast" waiting="0.00" lane="top_0" pos="19.39" speed="20.16" angle="239.54" x="24.39" y="119.91"/>
        <vehicle id="cfm-slow_0" eclass="HBEFA3/PC_G_EU4" CO2="12288.41" CO="178.26" HC="1.11" NOx="5.27" PMx="0.27" fuel="5.28" electricity="0.00" noise="73.23" route="routetop" type="cfm-slow" waiting="0.00" lane="top_0" pos="32.65" speed="19.28" angle="215.76" x="5.01" y="99.25"/>
        <vehicle id="cfm-slow_1" eclass="HBEFA3/PC_G_EU4" CO2="15023.51" CO="234.12" HC="1.44" NOx="6.55" PMx="0.34" fuel="6.46" electricity="0.00" noise="75.24" route="routetop" type="cfm-slow" waiting="0.00" lane="top_0" pos="48.63" speed="19.59" angle="186.96" x="-4.87" y="66.70"/>
        <vehicle id="cfm-slow_2" eclass="HBEFA3/PC_G_EU4" CO2="20725.49" CO="350.71" HC="2.11" NOx="9.22" PMx="0.49" fuel="8.91" electricity="0.00" noise="79.47" route="routetop" type="cfm-slow" waiting="0.00" lane="left_0" pos="14.95" speed="20.43" angle="157.54" x="2.51" y="32.58"/>
        <vehicle id="cfm-slow_3" eclass="HBEFA3/PC_G_EU4" CO2="29744.57" CO="536.70" HC="3.18" NOx="13.43" PMx="0.73" fuel="12.79" electricity="0.00" noise="85.54" route="routetop" type="cfm-slow" waiting="0.00" lane="left_0" pos="32.16" speed="22.26" angle="126.69" x="27.17" y="5.55"/>
        <vehicle id="cfm-slow_4" eclass="HBEFA3/PC_G_EU4" CO2="37856.66" CO="710.48" HC="4.18" NOx="17.19" PMx="0.95" fuel="16.27" electricity="0.00" noise="89.47" route="routebottom" type="cfm-slow" waiting="0.00" lane="bottom_0" pos="1.30" speed="25.33" angle="92.13" x="66.56" y="-4.88"/>
        <vehicle id="cfm-slow_5" eclass="HBEFA3/PC_G_EU4" CO2="33361.10" CO="635.63" HC="3.73" NOx="14.99" PMx="0.84" fuel="14.34" electricity="0.00" noise="85.31" route="routebottom" type="cfm-slow" waiting="0.00" lane="bottom_0" pos="23.62" speed="28.89" angle="51.95" x="110.02" y="13.11"/>
    </timestep>
    <timestep time="2.83">
        <vehicle id="cfm-fast_0" eclass="HBEFA3/PC_G_EU4" CO2="20875.79" CO="383.30" HC="2.27" NOx="9.09" PMx="0.52" fuel="8.97" electricity="0.00" noise="78.80" route="routebottom" type="cfm-fast" waiting="0.00" lane="right_0" pos="1.16" speed="29.58" angle="2.38" x="132.22" y="66.25"/>
        <vehicle id="cfm-fast_1" eclass="HBEFA3/PC_G_EU4" CO2="144748.11" CO="3024.78" HC="17.39" NOx="67.36" PMx="3.80" fuel="62.22" electricity="0.00" noise="133.26" route="routebottom" type="cfm-fast" waiting="0.00" lane="right_1" pos="20.80" speed="38.16" angle="327.02" x="115.50" y="103.36"/>
        <vehicle id="cfm-fast_2" eclass="HBEFA3/PC_G_EU4" CO2="21966.91" CO="385.57" HC="2.30" NOx="9.68" PMx="0.53" fuel="9.44" electricity="0.00" noise="79.28" route="routebottom" type="cfm-fast" waiting="0.00" lane="right_0" pos="27.52" speed="25.92" angle="314.96" x="108.19" y="115.85"/>
        <vehicle id="cfm-fast_3" eclass="HBEFA3/PC_G_EU4" CO2="0.00" CO="0.00" HC="0.00" NOx="0.00" PMx="0.00" fuel="0.00" electricity="0.00" noise="71.27" route="routebottom" type="cfm-fast" waiting="0.00" lane="right_0" pos="46.77" speed="26.38" angle="280.41" x="70.70" y="131.91"/>
        <vehicle id="cfm-fast_4" eclass="HBEFA3/PC_G_EU4" CO2="144658.11" CO="3022.61" HC="17.38" NOx="67.32" PMx="3.80" fuel="62.18" electricity="0.00" noise="133.25" route="routetop" type="cfm-fast" waiting="0.00" lane="top_1" pos="18.26" speed="38.14" angle="241.67" x="28.21" y="118.51"/>
        <vehicle id="cfm-fast_5" eclass="HBEFA3/PC_G_EU4" CO2="9023.02" CO="109.97" HC="0.72" NOx="3.71" PMx="0.19" fuel="3.88" electricity="0.00" noise="71.28" route="routetop" type="cfm-fast" waiting="0.00" lane="top_0" pos="19.59" speed="20.17" angle="239.17" x="24.04" y="119.66"/>
        <vehicle id="cfm-slow_0" eclass="HBEFA3/PC_G_EU4" CO2="12253.23" CO="177.51" HC="1.11" NOx="5.25" PMx="0.27" fuel="5.27" electricity="0.00" noise="73.20" route="routetop" type="cfm-slow" waiting="0.00" lane="top_0" pos="32.85" speed="19.30" angle="215.39" x="4.80" y="98.89"/>
        <vehicle id="cfm-slow_1" eclass="HBEFA3/PC_G_EU4" CO2="15016.27" CO="233.94" HC="1.43" NOx="6.55" PMx="0.34" fuel="6.45" electricity="0.00" noise="75.23" route="routetop" type="cfm-slow" waiting="0.00" lane="top_0" pos="48.83" speed="19.62" angle="186.65" x="-4.89" y="66.28"/>
        <vehicle id="cfm-slow_2" eclass="HBEFA3/PC_G_EU4" CO2="20748.49" CO="351.17" HC="2.11" NOx="9.23" PMx="0.49" fuel="8.92" electricity="0.00" noise="79.47" route="routetop" type="cfm-slow" waiting="0.00" lane="left_0" pos="15.16" speed="20.47" angle="157.16" x="2.70" y="32.18"/>
        <vehicle id="cfm-slow_3" eclass="HBEFA3/PC_G_EU4" CO2="29761.43" CO="537.09" HC="3.18" NOx="13.44" PMx="0.73" fuel="12.79" electricity="0.00" noise="85.53" route="routetop" type="cfm-slow" waiting="0.00" lane="left_0" pos="32.39" speed="22.31" angle="126.27" x="27.59" y="5.31"/>
        <vehicle id="cfm-slow_4" eclass="HBEFA3/PC_G_EU4" CO2="37764.08" CO="708.75" HC="4.17" NOx="17.15" PMx="0.95" fuel="16.23" electricity="0.00" noise="89.38" route="routebottom" type="cfm-slow" waiting="0.00" lane="bottom_0" pos="1.56" speed="25.38" angle="91.68" x="67.11" y="-4.85"/>
        <vehicle id="cfm-slow_5" eclass="HBEFA3/PC_G_EU4" CO2="33084.84" CO="630.18" HC="3.70" NOx="14.86" PMx="0.83" fuel="14.22" electricity="0.00" noise="85.15" route="routebottom" type="cfm-slow" waiting="0.00" lane="bottom_0" pos="23.91" speed="28.92" angle="51.43" x="110.48" y="13.53"/>
    </timestep>
    <timestep time="2.84">
        <vehicle id="cfm-fast_0" eclass="HBEFA3/PC_G_EU4" CO2="20539.43" CO="376.51" HC="2.23" NOx="8.93" PMx="0.51" fuel="8.83" electricity="0.00" noise="78.64" route="routebottom" type="cfm-fast" waiting="0.00" lane="right_0" pos="1.45" speed="29.60" angle="1.87" x="132.19" y="66.88"/>
        <vehicle id="cfm-fast_1" eclass="HBEFA3/PC_G_EU4" CO2="145296.97" CO="3038.02" HC="17.46" NOx="67.62" PMx="3.81" fuel="62.46" electricity="0.00" noise="133.32" route="routebottom" type="cfm-fast" waiting="0.00" lane="right_1" pos="21.19" speed="38.30" angle="326.32" x="115.02" y="103.98"/>
        <vehicle id="cfm-fast_2" eclass="HBEFA3/PC_G_EU4" CO2="21661.19" CO="379.38" HC="2.27" NOx="9.54" PMx="0.53" fuel="9.31" electricity="0.00" noise="79.11" route="routebottom" type="cfm-fast" waiting="0.00" lane="right_0" pos="27.78" speed="25.95" angle="314.47" x="107.76" y="116.21"/>
        <vehicle id="cfm-fast_3" eclass="HBEFA3/PC_G_EU4" CO2="0.00" CO="0.00" HC="0.00" NOx="0.00" PMx="0.00" fuel="0.00" electricity="0.00" noise="71.23" route="routebottom" type="cfm-fast" waiting="0.00" lane="right_0" pos="47.03" speed="26.38" angle="279.92" x="70.13" y="131.96"/>
        <vehicle id="cfm-fast_4" eclass="HBEFA3/PC_G_EU4" CO2="145206.92" CO="3035.85" HC="17.45" NOx="67.57" PMx="3.81" fuel="62.42" electricity="0.00" noise="133.31" route="routetop" type="cfm-fast" waiting="0.00" lane="top_1" pos="18.64" speed="38.27" angle="240.93" x="27.56" y="118.08"/>
        <vehicle id="cfm-fast_5" eclass="HBEFA3/PC_G_EU4" CO2="8968.03" CO="108.82" HC="0.71" NOx="3.68" PMx="0.18" fuel="3.85" electricity="0.00" noise="71.25" route="routetop" type="cfm-fast" waiting="0.00" lane="top_0" pos="19.79" speed="20.18" angle="238.81" x="23.69" y="119.40"/>
        <vehicle id="cfm-slow_0" eclass="HBEFA3/PC_G_EU4" CO2="12218.76" CO="176.77" HC="1.10" NOx="5.23" PMx="0.27" fuel="5.25" electricity="0.00" noise="73.18" route="routetop" type="cfm-slow" waiting="0.00" lane="top_0" pos="33.04" speed="19.32" angle="215.03" x="4.59" y="98.54"/>
        <vehicle id="cfm-slow_1" eclass="HBEFA3/PC_G_EU4" CO2="15009.75" CO="233.78" HC="1.43" NOx="6.54" PMx="0.34" fuel="6.45" electricity="0.00" noise="75.22" route="routetop" type="cfm-slow" waiting="0.00" lane="top_0" pos="49.03" speed="19.64" angle="186.29" x="-4.90" y="65.85"/>
        <vehicle id="cfm-slow_2" eclass="HBEFA3/PC_G_EU4" CO2="20771.86" CO="351.63" HC="2.11" NOx="9.24" PMx="0.49" fuel="8.93" electricity="0.00" noise="79.48" route="routetop" type="cfm-slow" waiting="0.00" lane="left_0" pos="15.36" speed="20.50" angle="156.84" x="2.90" y="31.79"/>
        <vehicle id="cfm-slow_3" eclass="HBEFA3/PC_G_EU4" CO2="29777.77" CO="537.47" HC="3.19" NOx="13.45" PMx="0.73" fuel="12.80" electricity="0.00" noise="85.51" route="routetop" type="cfm-slow" waiting="0.00" lane="left_0" pos="32.61" speed="22.35" angle="125.85" x="28.00" y="5.06"/>
        <vehicle id="cfm-slow_4" eclass="HBEFA3/PC_G_EU4" CO2="37670.17" CO="706.99" HC="4.16" NOx="17.10" PMx="0.94" fuel="16.19" electricity="0.00" noise="89.29" route="routebottom" type="cfm-slow" waiting="0.00" lane="bottom_0" pos="1.81" speed="25.43" angle="91.22" x="67.65" y="-4.82"/>
        <vehicle id="cfm-slow_5" eclass="HBEFA3/PC_G_EU4" CO2="32808.81" CO="624.73" HC="3.66" NOx="14.73" PMx="0.83" fuel="14.10" electricity="0.00" noise="84.99" route="routebottom" type="cfm-slow" waiting="0.00" lane="bottom_0" pos="24.20" speed="28.96" angle="50.91" x="110.94" y="13.95"/>
    </timestep>
    <timestep time="2.85">
        <vehicle id="cfm-fast_0" eclass="HBEFA3/PC_G_EU4" CO2="20205.67" CO="369.77" HC="2.19" NOx="8.77" PMx="0.50" fuel="8.69" electricity="0.00" noise="78.50" route="routebottom" type="cfm-fast" waiting="0.00" lane="right_0" pos="1.75" speed="29.62" angle="1.34" x="132.16" y="67.52"/>
        <vehicle id="cfm-fast_1" eclass="HBEFA3/PC_G_EU4" CO2="145846.13" CO="3051.29" HC="17.54" NOx="67.87" PMx="3.83" fuel="62.69" electricity="0.00" noise="133.39" route="routebottom" type="cfm-fast" waiting="0.00" lane="right_1" pos="21.57" speed="38.43" angle="325.62" x="114.53" y="104.60"/>
        <vehicle id="cfm-fast_2" eclass="HBEFA3/PC_G_EU4" CO2="21356.30" CO="373.20" HC="2.23" NOx="9.39" PMx="0.52" fuel="9.18" electricity="0.00" noise="78.93" route="routebottom" type="cfm-fast" waiting="0.00" lane="right_0" pos="28.04" speed="25.97" angle="313.99" x="107.33" y="116.57"/>
        <vehicle id="cfm-fast_3" eclass="HBEFA3/PC_G_EU4" CO2="0.00" CO="0.00" HC="0.00" NOx="0.00" PMx="0.00" fuel="0.00" electricity="0.00" noise="71.20" route="routebottom" type="cfm-fast" waiting="0.00" lane="right_0" pos="47.30" speed="26.37" angle="279.44" x="69.57" y="132.02"/>
        <vehicle id="cfm-fast_4" eclass="HBEFA3/PC_G_EU4" CO2="145756.03" CO="3049.11" HC="17.53" NOx="67.83" PMx="3.83" fuel="62.65" electricity="0.00" noise="133.38" route="routetop" type="cfm-fast" waiting="0.00" lane="top_1" pos="19.03" speed="38.41" angle="240.20" x="26.90" y="117.64"/>
        <vehicle id="cfm-fast_5" eclass="HBEFA3/PC_G_EU4" CO2="8913.92" CO="107.70" HC="0.71" NOx="3.65" PMx="0.18" fuel="3.83" electricity="0.00" noise="71.22" route="routetop" type="cfm-fast" waiting="0.00" lane="top_0" pos="20.00" speed="20.20" angle="238.44" x="23.34" y="119.15"/>
        <vehicle id="cfm-slow_0" eclass="HBEFA3/PC_G_EU4" CO2="12185.00" CO="176.05" HC="1.10" NOx="5.22" PMx="0.27" fuel="5.24" electricity="0.00" noise="73.15" route="routetop" type="cfm-slow" waiting="0.00" lane="top_0" pos="33.23" speed="19.33" angle="214.67" x="4.37" y="98.18"/>
        <vehicle id="cfm-slow_1" eclass="HBEFA3/PC_G_EU4" CO2="15003.94" CO="233.63" HC="1.43" NOx="6.54" PMx="0.34" fuel="6.45" electricity="0.00" noise="75.22" route="routetop" type="cfm-slow" waiting="0.00" lane="top_0" pos="49.22" speed="19.66" angle="185.93" x="-4.91" y="65.43"/>
        <vehicle id="cfm-slow_2" eclass="HBEFA3/PC_G_EU4" CO2="20795.59" CO="352.10" HC="2.12" NOx="9.25" PMx="0.49" fuel="8.94" electricity="0.00" noise="79.49" route="routetop" type="cfm-slow" waiting="0.00" lane="left_0" pos="15.57" speed="20.53" angle="156.46" x="3.11" y="31.40"/>
        <vehicle id="cfm-slow_3" eclass="HBEFA3/PC_G_EU4" CO2="29793.58" CO="537.84" HC="3.19" NOx="13.45" PMx="0.73" fuel="12.81" electricity="0.00" noise="85.50" route="routetop" type="cfm-slow" waiting="0.00" lane="left_0" pos="32.84" speed="22.40" angle="125.43" x="28.41" y="4.81"/>
        <vehicle id="cfm-slow_4" eclass="HBEFA3/PC_G_EU4" CO2="37574.95" CO="705.21" HC="4.15" NOx="17.06" PMx="0.94" fuel="16.15" electricity="0.00" noise="89.20" route="routebottom" type="cfm-slow" waiting="0.00" lane="bottom_0" pos="2.07" speed="25.48" angle="90.77" x="68.20" y="-4.79"/>
        <vehicle id="cfm-slow_5" eclass="HBEFA3/PC_G_EU4" CO2="32533.02" CO="619.29" HC="3.63" NOx="14.60" PMx="0.82" fuel="13.98" electricity="0.00" noise="84.83" route="routebottom" type="cfm-slow" waiting="0.00" lane="bottom_0" pos="24.49" speed="28.99" angle="50.43" x="111.39" y="14.38"/>
    </timestep>
    <timestep time="2.86">
        <vehicle id="cfm-fast_0" eclass="HBEFA3/PC_G_EU4" CO2="19874.47" CO="363.08" HC="2.15" NOx="8.61" PMx="0.49" fuel="8.54" electricity="0.00" noise="78.35" route="routebottom" type="cfm-fast" waiting="0.00" lane="right_0" pos="2.04" speed="29.64" angle="0.81" x="132.12" y="68.15"/>
        <vehicle id="cfm-fast_1" eclass="HBEFA3/PC_G_EU4" CO2="146395.57" CO="3064.58" HC="17.61" NOx="68.13" PMx="3.84" fuel="62.93" electricity="0.00" noise="133.45" route="routebottom" type="cfm-fast" waiting="0.00" lane="right_1" pos="21.96" speed="38.57" angle="324.96" x="114.03" y="105.22"/>
        <vehicle id="cfm-fast_2" eclass="HBEFA3/PC_G_EU4" CO2="21052.26" CO="367.04" HC="2.20" NOx="9.25" PMx="0.51" fuel="9.05" electricity="0.00" noise="78.76" route="routebottom" type="cfm-fast" waiting="0.00" lane="right_0" pos="28.30" speed="26.00" angle="313.57" x="106.90" y="116.93"/>
        <vehicle id="cfm-fast_3" eclass="HBEFA3/PC_G_EU4" CO2="0.00" CO="0.00" HC="0.00" NOx="0.00" PMx="0.00" fuel="0.00" electricity="0.00" noise="71.16" route="routebottom" type="cfm-fast" waiting="0.00" lane="right_0" pos="47.56" speed="26.36" angle="279.02" x="69.01" y="132.07"/>
        <vehicle id="cfm-fast_4" eclass="HBEFA3/PC_G_EU4" CO2="146305.43" CO="3062.40" HC="17.60" NOx="68.09" PMx="3.84" fuel="62.89" electricity="0.00" noise="133.44" route="routetop" type="cfm-fast" waiting="0.00" lane="top_1" pos="19.41" speed="38.55" angle="239.54" x="26.25" y="117.19"/>
        <vehicle id="cfm-fast_5" eclass="HBEFA3/PC_G_EU4" CO2="8860.69" CO="106.60" HC="0.70" NOx="3.63" PMx="0.18" fuel="3.81" electricity="0.00" noise="71.19" route="routetop" type="cfm-fast" waiting="0.00" lane="top_0" pos="20.20" speed="20.21" angle="238.07" x="22.98" y="118.90"/>
        <vehicle id="cfm-slow_0" eclass="HBEFA3/PC_G_EU4" CO2="12151.95" CO="175.34" HC="1.10" NOx="5.20" PMx="0.27" fuel="5.22" electricity="0.00" noise="73.13" route="routetop" type="cfm-slow" waiting="0.00" lane="top_0" pos="33.43" speed="19.35" angle="214.37" x="4.16" y="97.82"/>
        <vehicle id="cfm-slow_1" eclass="HBEFA3/PC_G_EU4" CO2="14998.84" CO="233.49" HC="1.43" NOx="6.54" PMx="0.34" fuel="6.45" electricity="0.00" noise="75.21" route="routetop" type="cfm-slow" waiting="0.00" lane="top_0" pos="49.42" speed="19.69" angle="185.57" x="-4.92" y="65.01"/>
        <vehicle id="cfm-slow_2" eclass="HBEFA3/PC_G_EU4" CO2="20819.67" CO="352.58" HC="2.12" NOx="9.26" PMx="0.49" fuel="8.95" electricity="0.00" noise="79.50" route="routetop" type="cfm-slow" waiting="0.00" lane="left_0" pos="15.77" speed="20.56" angle="156.08" x="3.33" y="31.01"/>
        <vehicle id="cfm-slow_3" eclass="HBEFA3/PC_G_EU4" CO2="29808.85" CO="538.20" HC="3.19" NOx="13.46" PMx="0.73" fuel="12.81" electricity="0.00" noise="85.49" route="routetop" type="cfm-slow" waiting="0.00" lane="left_0" pos="33.06" speed="22.44" angle="125.02" x="28.82" y="4.56"/>
        <vehicle id="cfm-slow_4" eclass="HBEFA3/PC_G_EU4" CO2="37478.41" CO="703.40" HC="4.14" NOx="17.01" PMx="0.94" fuel="16.11" electricity="0.00" noise="89.11" route="routebottom" type="cfm-slow" waiting="0.00" lane="bottom_0" pos="2.32" speed="25.53" angle="90.31" x="68.75" y="-4.75"/>
        <vehicle id="cfm-slow_5" eclass="HBEFA3/PC_G_EU4" CO2="32257.49" CO="613.85" HC="3.60" NOx="14.47" PMx="0.81" fuel="13.87" electricity="0.00" noise="84.67" route="routebottom" type="cfm-slow" waiting="0.00" lane="bottom_0" pos="24.78" speed="29.03" angle="49.89" x="111.83" y="14.82"/>
    </timestep>
    <timestep time="2.87">
        <vehicle id="cfm-fast_0" eclass="HBEFA3/PC_G_EU4" CO2="19545.83" CO="356.44" HC="2.11" NOx="8.46" PMx="0.48" fuel="8.40" electricity="0.00" noise="78.21" route="routebottom" type="cfm-fast" waiting="0.00" lane="right_0" pos="2.34" speed="29.66" angle="0.27" x="132.08" y="68.79"/>
        <vehicle id="cfm-fast_1" eclass="HBEFA3/PC_G_EU4" CO2="146945.31" CO="3077.89" HC="17.69" NOx="68.39" PMx="3.86" fuel="63.16" electricity="0.00" noise="133.52" route="routebottom" type="cfm-fast" waiting="0.00" lane="right_1" pos="22.34" speed="38.71" angle="324.26" x="113.52" y="105.83"/>
        <vehicle id="cfm-fast_2" eclass="HBEFA3/PC_G_EU4" CO2="20749.14" CO="360.89" HC="2.16" NOx="9.10" PMx="0.50" fuel="8.92" electricity="0.00" noise="78.59" route="routebottom" type="cfm-fast" waiting="0.00" lane="right_0" pos="28.56" speed="26.02" angle="313.10" x="106.46" y="117.27"/>
        <vehicle id="cfm-fast_3" eclass="HBEFA3/PC_G_EU4" CO2="0.00" CO="0.00" HC="0.00" NOx="0.00" PMx="0.00" fuel="0.00" electricity="0.00" noise="71.13" route="routebottom" type="cfm-fast" waiting="0.00" lane="right_0" pos="47.82" speed="26.35" angle="278.52" x="68.44" y="132.10"/>
        <vehicle id="cfm-fast_4" eclass="HBEFA3/PC_G_EU4" CO2="146855.12" CO="3075.70" HC="17.68" NOx="68.34" PMx="3.86" fuel="63.13" electricity="0.00" noise="133.51" route="routetop" type="cfm-fast" waiting="0.00" lane="top_1" pos="19.80" speed="38.68" angle="238.82" x="25.61" y="116.72"/>
        <vehicle id="cfm-fast_5" eclass="HBEFA3/PC_G_EU4" CO2="8808.33" CO="105.51" HC="0.70" NOx="3.60" PMx="0.18" fuel="3.79" electricity="0.00" noise="71.17" route="routetop" type="cfm-fast" waiting="0.00" lane="top_0" pos="20.40" speed="20.22" angle="237.72" x="22.63" y="118.64"/>
        <vehicle id="cfm-slow_0" eclass="HBEFA3/PC_G_EU4" CO2="12119.61" CO="174.65" HC="1.09" NOx="5.19" PMx="0.27" fuel="5.21" electricity="0.00" noise="73.11" route="routetop" type="cfm-slow" waiting="0.00" lane="top_0" pos="33.62" speed="19.37" angle="214.01" x="3.96" y="97.46"/>
        <vehicle id="cfm-slow_1" eclass="HBEFA3/PC_G_EU4" CO2="14994.44" CO="233.38" HC="1.43" NOx="6.53" PMx="0.34" fuel="6.45" electricity="0.00" noise="75.21" route="routetop" type="cfm-slow" waiting="0.00" lane="top_0" pos="49.62" speed="19.71" angle="185.21" x="-4.93" y="64.58"/>
        <vehicle id="cfm-slow_2" eclass="HBEFA3/PC_G_EU4" CO2="20844.10" CO="353.07" HC="2.12" NOx="9.27" PMx="0.49" fuel="8.96" electricity="0.00" noise="79.51" route="routetop" type="cfm-slow" waiting="0.00" lane="left_0" pos="15.98" speed="20.60" angle="155.71" x="3.54" y="30.63"/>
        <vehicle id="cfm-slow_3" eclass="HBEFA3/PC_G_EU4" CO2="29823.58" CO="538.55" HC="3.19" NOx="13.47" PMx="0.73" fuel="12.82" electricity="0.00" noise="85.47" route="routetop" type="cfm-slow" waiting="0.00" lane="left_0" pos="33.28" speed="22.48" angle="124.63" x="29.24" y="4.31"/>
        <vehicle id="cfm-slow_4" eclass="HBEFA3/PC_G_EU4" CO2="37380.58" CO="701.57" HC="4.12" NOx="16.96" PMx="0.94" fuel="16.07" electricity="0.00" noise="89.02" route="routebottom" type="cfm-slow" waiting="0.00" lane="bottom_0" pos="2.58" speed="25.58" angle="89.87" x="69.30" y="-4.72"/>
        <vehicle id="cfm-slow_5" eclass="HBEFA3/PC_G_EU4" CO2="31982.24" CO="608.41" HC="3.57" NOx="14.34" PMx="0.81" fuel="13.75" electricity="0.00" noise="84.51" route="routebottom" type="cfm-slow" waiting="0.00" lane="bottom_0" pos="25.07" speed="29.06" angle="49.35" x="112.27" y="15.26"/>
    </timestep>
    <timestep time="2.88">
        <vehicle id="cfm-fast_0" eclass="HBEFA3/PC_G_EU4" CO2="19219.73" CO="349.85" HC="2.08" NOx="8.30" PMx="0.48" fuel="8.26" electricity="0.00" noise="78.07" route="routebottom" type="cfm-fast" waiting="0.00" lane="right_0" pos="2.64" speed="29.68" angle="359.76" x="132.03" y="69.43"/>
        <vehicle id="cfm-fast_1" eclass="HBEFA3/PC_G_EU4" CO2="147495.34" CO="3091.22" HC="17.76" NOx="68.64" PMx="3.88" fuel="63.40" electricity="0.00" noise="133.59" route="routebottom" type="cfm-fast" waiting="0.00" lane="right_1" pos="22.73" speed="38.84" angle="323.55" x="113.01" y="106.44"/>
        <vehicle id="cfm-fast_2" eclass="HBEFA3/PC_G_EU4" CO2="20446.95" CO="354.77" HC="2.12" NOx="8.96" PMx="0.49" fuel="8.79" electricity="0.00" noise="78.42" route="routebottom" type="cfm-fast" waiting="0.00" lane="right_0" pos="28.82" speed="26.05" angle="312.62" x="106.02" y="117.62"/>
        <vehicle id="cfm-fast_3" eclass="HBEFA3/PC_G_EU4" CO2="0.00" CO="0.00" HC="0.00" NOx="0.00" PMx="0.00" fuel="0.00" electricity="0.00" noise="71.10" route="routebottom" type="cfm-fast" waiting="0.00" lane="right_0" pos="48.09" speed="26.34" angle="278.03" x="67.87" y="132.14"/>
        <vehicle id="cfm-fast_4" eclass="HBEFA3/PC_G_EU4" CO2="147405.10" CO="3089.03" HC="17.75" NOx="68.60" PMx="3.87" fuel="63.36" electricity="0.00" noise="133.57" route="routetop" type="cfm-fast" waiting="0.00" lane="top_1" pos="20.19" speed="38.82" angle="238.10" x="24.97" y="116.26"/>
        <vehicle id="cfm-fast_5" eclass="HBEFA3/PC_G_EU4" CO2="8756.85" CO="104.44" HC="0.69" NOx="3.58" PMx="0.18" fuel="3.76" electricity="0.00" noise="71.14" route="routetop" type="cfm-fast" waiting="0.00" lane="top_0" pos="20.60" speed="20.23" angle="237.39" x="22.28" y="118.38"/>
        <vehicle id="cfm-slow_0" eclass="HBEFA3/PC_G_EU4" CO2="12087.97" CO="173.97" HC="1.09" NOx="5.17" PMx="0.26" fuel="5.20" electricity="0.00" noise="73.09" route="routetop" type="cfm-slow" waiting="0.00" lane="top_0" pos="33.81" speed="19.39" angle="213.66" x="3.76" y="97.09"/>
        <vehicle id="cfm-slow_1" eclass="HBEFA3/PC_G_EU4" CO2="14990.73" CO="233.27" HC="1.43" NOx="6.53" PMx="0.34" fuel="6.44" electricity="0.00" noise="75.20" route="routetop" type="cfm-slow" waiting="0.00" lane="top_0" pos="49.81" speed="19.73" angle="184.85" x="-4.94" y="64.16"/>
        <vehicle id="cfm-slow_2" eclass="HBEFA3/PC_G_EU4" CO2="20868.86" CO="353.56" HC="2.13" NOx="9.28" PMx="0.50" fuel="8.97" electricity="0.00" noise="79.51" route="routetop" type="cfm-slow" waiting="0.00" lane="left_0" pos="16.18" speed="20.63" angle="155.33" x="3.76" y="30.24"/>
        <vehicle id="cfm-slow_3" eclass="HBEFA3/PC_G_EU4" CO2="29837.75" CO="538.90" HC="3.19" NOx="13.47" PMx="0.73" fuel="12.83" electricity="0.00" noise="85.46" route="routetop" type="cfm-slow" waiting="0.00" lane="left_0" pos="33.51" speed="22.53" angle="124.24" x="29.66" y="4.07"/>
        <vehicle id="cfm-slow_4" eclass="HBEFA3/PC_G_EU4" CO2="37281.46" CO="699.71" HC="4.11" NOx="16.91" PMx="0.93" fuel="16.03" electricity="0.00" noise="88.93" route="routebottom" type="cfm-slow" waiting="0.00" lane="bottom_0" pos="2.83" speed="25.62" angle="89.41" x="69.85" y="-4.66"/>
        <vehicle id="cfm-slow_5" eclass="HBEFA3/PC_G_EU4" CO2="31707.31" CO="602.98" HC="3.54" NOx="14.21" PMx="0.80" fuel="13.63" electricity="0.00" noise="84.35" route="routebottom" type="cfm-slow" waiting="0.00" lane="bottom_0" pos="25.36" speed="29.10" angle="48.81" x="112.72" y="15.71"/>
    </timestep>
    <timestep time="2.89">
        <vehicle id="cfm-fast_0" eclass="HBEFA3/PC_G_EU4" CO2="18896.14" CO="343.31" HC="2.04" NOx="8.15" PMx="0.47" fuel="8.12" electricity="0.00" noise="77.93" route="routebottom" type="cfm-fast" waiting="0.00" lane="right_0" pos="2.93" speed="29.69" angle="359.23" x="131.97" y="70.06"/>
        <vehicle id="cfm-fast_1" eclass="HBEFA3/PC_G_EU4" CO2="148045.66" CO="3104.58" HC="17.84" NOx="68.90" PMx="3.89" fuel="63.64" electricity="0.00" noise="133.65" route="routebottom" type="cfm-fast" waiting="0.00" lane="right_1" pos="23.12" speed="38.98" angle="322.91" x="112.49" y="107.04"/>
        <vehicle id="cfm-fast_2" eclass="HBEFA3/PC_G_EU4" CO2="20145.75" CO="348.66" HC="2.09" NOx="8.82" PMx="0.49" fuel="8.66" electricity="0.00" noise="78.25" route="routebottom" type="cfm-fast" waiting="0.00" lane="right_0" pos="29.08" speed="26.07" angle="312.15" x="105.58" y="117.96"/>
        <vehicle id="cfm-fast_3" eclass="HBEFA3/PC_G_EU4" CO2="0.00" CO="0.00" HC="0.00" NOx="0.00" PMx="0.00" fuel="0.00" electricity="0.00" noise="71.07" route="routebottom" type="cfm-fast" waiting="0.00" lane="right_0" pos="48.35" speed="26.34" angle="277.54" x="67.31" y="132.17"/>
        <vehicle id="cfm-fast_4" eclass="HBEFA3/PC_G_EU4" CO2="147955.37" CO="3102.38" HC="17.82" NOx="68.86" PMx="3.89" fuel="63.60" electricity="0.00" noise="133.64" route="routetop" type="cfm-fast" waiting="0.00" lane="top_1" pos="20.58" speed="38.96" angle="237.44" x="24.32" y="115.79"/>
        <vehicle id="cfm-fast_5" eclass="HBEFA3/PC_G_EU4" CO2="8706.23" CO="103.39" HC="0.68" NOx="3.55" PMx="0.18" fuel="3.74" electricity="0.00" noise="71.12" route="routetop" type="cfm-fast" waiting="0.00" lane="top_0" pos="20.81" speed="20.24" angle="237.02" x="21.94" y="118.11"/>
        <vehicle id="cfm-slow_0" eclass="HBEFA3/PC_G_EU4" CO2="12057.04" CO="173.30" HC="1.08" NOx="5.16" PMx="0.26" fuel="5.18" electricity="0.00" noise="73.07" route="routetop" type="cfm-slow" waiting="0.00" lane="top_0" pos="34.01" speed="19.41" angle="213.31" x="3.56" y="96.73"/>
        <vehicle id="cfm-slow_1" eclass="HBEFA3/PC_G_EU4" CO2="14987.71" CO="233.18" HC="1.43" NOx="6.53" PMx="0.34" fuel="6.44" electricity="0.00" noise="75.20" route="routetop" type="cfm-slow" waiting="0.00" lane="left_0" pos="0.01" speed="19.76" angle="184.46" x="-4.95" y="63.54"/>
        <vehicle id="cfm-slow_2" eclass="HBEFA3/PC_G_EU4" CO2="20893.95" CO="354.07" HC="2.13" NOx="9.30" PMx="0.50" fuel="8.98" electricity="0.00" noise="79.52" route="routetop" type="cfm-slow" waiting="0.00" lane="left_0" pos="16.39" speed="20.66" angle="154.94" x="3.97" y="29.85"/>
        <vehicle id="cfm-slow_3" eclass="HBEFA3/PC_G_EU4" CO2="29851.35" CO="539.23" HC="3.20" NOx="13.48" PMx="0.73" fuel="12.83" electricity="0.00" noise="85.45" route="routetop" type="cfm-slow" waiting="0.00" lane="left_0" pos="33.74" speed="22.57" angle="123.83" x="30.09" y="3.84"/>
        <vehicle id="cfm-slow_4" eclass="HBEFA3/PC_G_EU4" CO2="37181.05" CO="697.83" HC="4.10" NOx="16.87" PMx="0.93" fuel="15.98" electricity="0.00" noise="88.84" route="routebottom" type="cfm-slow" waiting="0.00" lane="bottom_0" pos="3.09" speed="25.67" angle="88.95" x="70.40" y="-4.61"/>
        <vehicle id="cfm-slow_5" eclass="HBEFA3/PC_G_EU4" CO2="31432.70" CO="597.56" HC="3.51" NOx="14.08" PMx="0.79" fuel="13.51" electricity="0.00" noise="84.19" route="routebottom" type="cfm-slow" waiting="0.00" lane="bottom_0" pos="25.65" speed="29.13" angle="48.33" x="113.16" y="16.15"/>
    </timestep>
    <timestep time="2.90">
        <vehicle id="cfm-fast_0" eclass="HBEFA3/PC_G_EU4" CO2="18575.05" CO="336.82" HC="2.00" NOx="8.00" PMx="0.46" fuel="7.98" electricity="0.00" noise="77.80" route="routebottom" type="cfm-fast" waiting="0.00" lane="right_0" pos="3.23" speed="29.71" angle="358.70" x="131.91" y="70.70"/>
        <vehicle id="cfm-fast_1" eclass="HBEFA3/PC_G_EU4" CO2="148596.28" CO="3117.95" HC="17.91" NOx="69.16" PMx="3.91" fuel="63.87" electricity="0.00" noise="133.72" route="routebottom" type="cfm-fast" waiting="0.00" lane="right_1" pos="23.51" speed="39.12" angle="322.19" x="111.95" y="107.63"/>
        <vehicle id="cfm-fast_2" eclass="HBEFA3/PC_G_EU4" CO2="19845.58" CO="342.57" HC="2.05" NOx="8.68" PMx="0.48" fuel="8.53" electricity="0.00" noise="78.09" route="routebottom" type="cfm-fast" waiting="0.00" lane="right_0" pos="29.34" speed="26.09" angle="311.67" x="105.14" y="118.31"/>
        <vehicle id="cfm-fast_3" eclass="HBEFA3/PC_G_EU4" CO2="0.00" CO="0.00" HC="0.00" NOx="0.00" PMx="0.00" fuel="0.00" electricity="0.00" noise="71.04" route="routebottom" type="cfm-fast" waiting="0.00" lane="right_0" pos="48.61" speed="26.33" angle="277.04" x="66.74" y="132.20"/>
        <vehicle id="cfm-fast_4" eclass="HBEFA3/PC_G_EU4" CO2="148505.94" CO="3115.76" HC="17.90" NOx="69.11" PMx="3.90" fuel="63.84" electricity="0.00" noise="133.71" route="routetop" type="cfm-fast" waiting="0.00" lane="top_1" pos="20.97" speed="39.09" angle="236.73" x="23.69" y="115.29"/>
        <vehicle id="cfm-fast_5" eclass="HBEFA3/PC_G_EU4" CO2="8656.46" CO="102.36" HC="0.68" NOx="3.53" PMx="0.18" fuel="3.72" electricity="0.00" noise="71.09" route="routetop" type="cfm-fast" waiting="0.00" lane="top_0" pos="21.01" speed="20.25" angle="236.65" x="21.60" y="117.84"/>
        <vehicle id="cfm-slow_0" eclass="HBEFA3/PC_G_EU4" CO2="12026.80" CO="172.66" HC="1.08" NOx="5.14" PMx="0.26" fuel="5.17" electricity="0.00" noise="73.05" route="routetop" type="cfm-slow" waiting="0.00" lane="top_0" pos="34.20" speed="19.42" angle="212.96" x="3.35" y="96.36"/>
        <vehicle id="cfm-slow_1" eclass="HBEFA3/PC_G_EU4" CO2="14985.38" CO="233.11" HC="1.43" NOx="6.53" PMx="0.34" fuel="6.44" electricity="0.00" noise="75.19" route="routetop" type="cfm-slow" waiting="0.00" lane="left_0" pos="0.21" speed="19.78" angle="184.10" x="-4.94" y="63.12"/>
        <vehicle id="cfm-slow_2" eclass="HBEFA3/PC_G_EU4" CO2="20919.35" CO="354.58" HC="2.13" NOx="9.31" PMx="0.50" fuel="8.99" electricity="0.00" noise="79.53" route="routetop" type="cfm-slow" waiting="0.00" lane="left_0" pos="16.60" speed="20.70" angle="154.60" x="4.19" y="29.46"/>
        <vehicle id="cfm-slow_3" eclass="HBEFA3/PC_G_EU4" CO2="29864.39" CO="539.55" HC="3.20" NOx="13.48" PMx="0.73" fuel="12.84" electricity="0.00" noise="85.43" route="routetop" type="cfm-slow" waiting="0.00" lane="left_0" pos="33.96" speed="22.62" angle="123.41" x="30.51" y="3.60"/>
        <vehicle id="cfm-slow_4" eclass="HBEFA3/PC_G_EU4" CO2="37079.39" CO="695.92" HC="4.09" NOx="16.82" PMx="0.93" fuel="15.94" electricity="0.00" noise="88.75" route="routebottom" type="cfm-slow" waiting="0.00" lane="bottom_0" pos="3.35" speed="25.72" angle="88.49" x="70.95" y="-4.55"/>
        <vehicle id="cfm-slow_5" eclass="HBEFA3/PC_G_EU4" CO2="31158.43" CO="592.13" HC="3.48" NOx="13.95" PMx="0.79" fuel="13.39" electricity="0.00" noise="84.04" route="routebottom" type="cfm-slow" waiting="0.00" lane="bottom_0" pos="25.94" speed="29.17" angle="47.80" x="113.59" y="16.61"/>
    </timestep>
    <timestep time="2.91">
        <vehicle id="cfm-fast_0" eclass="HBEFA3/PC_G_EU4" CO2="18256.44" CO="330.38" HC="1.96" NOx="7.85" PMx="0.45" fuel="7.85" electricity="0.00" noise="77.67" route="routebottom" type="cfm-fast" waiting="0.00" lane="right_0" pos="3.53" speed="29.73" angle="358.16" x="131.84" y="71.34"/>
        <vehicle id="cfm-fast_1" eclass="HBEFA3/PC_G_EU4" CO2="149147.18" CO="3131.35" HC="17.99" NOx="69.41" PMx="3.92" fuel="64.11" electricity="0.00" noise="133.78" route="routebottom" type="cfm-fast" waiting="0.00" lane="right_1" pos="23.90" speed="39.25" angle="321.48" x="111.40" y="108.22"/>
        <vehicle id="cfm-fast_2" eclass="HBEFA3/PC_G_EU4" CO2="19546.46" CO="336.50" HC="2.02" NOx="8.54" PMx="0.47" fuel="8.40" electricity="0.00" noise="77.93" route="routebottom" type="cfm-fast" waiting="0.00" lane="right_0" pos="29.60" speed="26.11" angle="311.25" x="104.69" y="118.65"/>
        <vehicle id="cfm-fast_3" eclass="HBEFA3/PC_G_EU4" CO2="0.00" CO="0.00" HC="0.00" NOx="0.00" PMx="0.00" fuel="0.00" electricity="0.00" noise="71.01" route="routebottom" type="cfm-fast" waiting="0.00" lane="right_0" pos="48.88" speed="26.32" angle="276.61" x="66.18" y="132.22"/>
        <vehicle id="cfm-fast_4" eclass="HBEFA3/PC_G_EU4" CO2="149056.79" CO="3129.15" HC="17.97" NOx="69.37" PMx="3.92" fuel="64.07" electricity="0.00" noise="133.77" route="routetop" type="cfm-fast" waiting="0.00" lane="top_1" pos="21.36" speed="39.23" angle="236.02" x="23.06" y="114.80"/>
        <vehicle id="cfm-fast_5" eclass="HBEFA3/PC_G_EU4" CO2="8607.55" CO="101.35" HC="0.67" NOx="3.51" PMx="0.17" fuel="3.70" electricity="0.00" noise="71.07" route="routetop" type="cfm-fast" waiting="0.00" lane="top_0" pos="21.21" speed="20.26" angle="236.28" x="21.26" y="117.57"/>
        <vehicle id="cfm-slow_0" eclass="HBEFA3/PC_G_EU4" CO2="11997.26" CO="172.02" HC="1.08" NOx="5.13" PMx="0.26" fuel="5.16" electricity="0.00" noise="73.03" route="routetop" type="cfm-slow" waiting="0.00" lane="top_0" pos="34.40" speed="19.44" angle="212.60" x="3.15" y="95.99"/>
        <vehicle id="cfm-slow_1" eclass="HBEFA3/PC_G_EU4" CO2="14983.72" CO="233.05" HC="1.43" NOx="6.53" PMx="0.34" fuel="6.44" electricity="0.00" noise="75.19" route="routetop" type="cfm-slow" waiting="0.00" lane="left_0" pos="0.41" speed="19.80" angle="183.74" x="-4.93" y="62.69"/>
        <vehicle id="cfm-slow_2" eclass="HBEFA3/PC_G_EU4" CO2="20945.06" CO="355.09" HC="2.13" NOx="9.32" PMx="0.50" fuel="9.00" electricity="0.00" noise="79.54" route="routetop" type="cfm-slow" waiting="0.00" lane="left_0" pos="16.81" speed="20.73" angle="154.24" x="4.41" y="29.07"/>
        <vehicle id="cfm-slow_3" eclass="HBEFA3/PC_G_EU4" CO2="29876.84" CO="539.86" HC="3.20" NOx="13.49" PMx="0.73" fuel="12.84" electricity="0.00" noise="85.42" route="routetop" type="cfm-slow" waiting="0.00" lane="left_0" pos="34.19" speed="22.66" angle="122.99" x="30.94" y="3.37"/>
        <vehicle id="cfm-slow_4" eclass="HBEFA3/PC_G_EU4" CO2="36976.46" CO="693.99" HC="4.08" NOx="16.77" PMx="0.93" fuel="15.89" electricity="0.00" noise="88.66" route="routebottom" type="cfm-slow" waiting="0.00" lane="bottom_0" pos="3.60" speed="25.77" angle="88.03" x="71.50" y="-4.49"/>
        <vehicle id="cfm-slow_5" eclass="HBEFA3/PC_G_EU4" CO2="30884.54" CO="586.72" HC="3.44" NOx="13.82" PMx="0.78" fuel="13.28" electricity="0.00" noise="83.88" route="routebottom" type="cfm-slow" waiting="0.00" lane="bottom_0" pos="26.23" speed="29.20" angle="47.27" x="114.01" y="17.07"/>
    </timestep>
    <timestep time="2.92">
        <vehicle id="cfm-fast_0" eclass="HBEFA3/PC_G_EU4" CO2="17940.29" CO="323.98" HC="1.93" NOx="7.70" PMx="0.44" fuel="7.71" electricity="0.00" noise="77.54" route="routebottom" type="cfm-fast" waiting="0.00" lane="right_0" pos="3.83" speed="29.74" angle="357.65" x="131.77" y="71.97"/>
        <vehicle id="cfm-fast_1" eclass="HBEFA3/PC_G_EU4" CO2="149698.38" CO="3144.77" HC="18.06" NOx="69.67" PMx="3.94" fuel="64.35" electricity="0.00" noise="133.85" route="routebottom" type="cfm-fast" waiting="0.00" lane="right_1" pos="24.30" speed="39.39" angle="320.79" x="110.85" y="108.81"/>
        <vehicle id="cfm-fast_2" eclass="HBEFA3/PC_G_EU4" CO2="19248.45" CO="330.46" HC="1.98" NOx="8.39" PMx="0.46" fuel="8.27" electricity="0.00" noise="77.77" route="routebottom" type="cfm-fast" waiting="0.00" lane="right_0" pos="29.86" speed="26.13" angle="310.77" x="104.23" y="118.97"/>
        <vehicle id="cfm-fast_3" eclass="HBEFA3/PC_G_EU4" CO2="0.00" CO="0.00" HC="0.00" NOx="0.00" PMx="0.00" fuel="0.00" electricity="0.00" noise="70.98" route="routebottom" type="cfm-fast" waiting="0.00" lane="right_0" pos="49.14" speed="26.31" angle="276.12" x="65.61" y="132.24"/>
        <vehicle id="cfm-fast_4" eclass="HBEFA3/PC_G_EU4" CO2="149607.94" CO="3142.56" HC="18.05" NOx="69.63" PMx="3.93" fuel="64.31" electricity="0.00" noise="133.84" route="routetop" type="cfm-fast" waiting="0.00" lane="top_1" pos="21.75" speed="39.37" angle="235.34" x="22.42" y="114.30"/>
        <vehicle id="cfm-fast_5" eclass="HBEFA3/PC_G_EU4" CO2="8559.49" CO="100.35" HC="0.67" NOx="3.48" PMx="0.17" fuel="3.68" electricity="0.00" noise="71.05" route="routetop" type="cfm-fast" waiting="0.00" lane="top_0" pos="21.41" speed="20.27" angle="235.91" x="20.91" y="117.31"/>
        <vehicle id="cfm-slow_0" eclass="HBEFA3/PC_G_EU4" CO2="11968.42" CO="171.40" HC="1.07" NOx="5.11" PMx="0.26" fuel="5.14" electricity="0.00" noise="73.01" route="routetop" type="cfm-slow" waiting="0.00" lane="top_0" pos="34.59" speed="19.46" angle="212.30" x="2.95" y="95.63"/>
        <vehicle id="cfm-slow_1" eclass="HBEFA3/PC_G_EU4" CO2="14982.74" CO="233.00" HC="1.43" NOx="6.53" PMx="0.34" fuel="6.44" electricity="0.00" noise="75.19" route="routetop" type="cfm-slow" waiting="0.00" lane="left_0" pos="0.61" speed="19.83" angle="183.38" x="-4.92" y="62.27"/>
        <vehicle id="cfm-slow_2" eclass="HBEFA3/PC_G_EU4" CO2="20971.06" CO="355.62" HC="2.14" NOx="9.33" PMx="0.50" fuel="9.01" electricity="0.00" noise="79.55" route="routetop" type="cfm-slow" waiting="0.00" lane="left_0" pos="17.01" speed="20.76" angle="153.86" x="4.64" y="28.69"/>
        <vehicle id="cfm-slow_3" eclass="HBEFA3/PC_G_EU4" CO2="29888.70" CO="540.16" HC="3.20" NOx="13.49" PMx="0.73" fuel="12.85" electricity="0.00" noise="85.40" route="routetop" type="cfm-slow" waiting="0.00" lane="left_0" pos="34.42" speed="22.71" angle="122.58" x="31.37" y="3.13"/>
        <vehicle id="cfm-slow_4" eclass="HBEFA3/PC_G_EU4" CO2="36872.29" CO="692.03" HC="4.07" NOx="16.72" PMx="0.92" fuel="15.85" electricity="0.00" noise="88.56" route="routebottom" type="cfm-slow" waiting="0.00" lane="bottom_0" pos="3.86" speed="25.82" angle="87.58" x="72.05" y="-4.43"/>
        <vehicle id="cfm-slow_5" eclass="HBEFA3/PC_G_EU4" CO2="30611.02" CO="581.31" HC="3.41" NOx="13.69" PMx="0.77" fuel="13.16" electricity="0.00" noise="83.73" route="routebottom" type="cfm-slow" waiting="0.00" lane="bottom_0" pos="26.53" speed="29.23" angle="46.74" x="114.44" y="17.53"/>
    </timestep>
    <timestep time="2.93">
        <vehicle id="cfm-fast_0" eclass="HBEFA3/PC_G_EU4" CO2="17626.59" CO="317.63" HC="1.89" NOx="7.55" PMx="0.43" fuel="7.58" electricity="0.00" noise="77.41" route="routebottom" type="cfm-fast" waiting="0.00" lane="right_0" pos="4.12" speed="29.76" angle="357.11" x="131.68" y="72.61"/>
        <vehicle id="cfm-fast_1" eclass="HBEFA3/PC_G_EU4" CO2="150249.87" CO="3158.21" HC="18.14" NOx="69.93" PMx="3.95" fuel="64.58" electricity="0.00" noise="133.91" route="routebottom" type="cfm-fast" waiting="0.00" lane="right_1" pos="24.69" speed="39.52" angle="320.09" x="110.28" y="109.39"/>
        <vehicle id="cfm-fast_2" eclass="HBEFA3/PC_G_EU4" CO2="18951.57" CO="324.43" HC="1.95" NOx="8.25" PMx="0.46" fuel="8.15" electricity="0.00" noise="77.61" route="routebottom" type="cfm-fast" waiting="0.00" lane="right_0" pos="30.13" speed="26.15" angle="310.28" x="103.78" y="119.30"/>
        <vehicle id="cfm-fast_3" eclass="HBEFA3/PC_G_EU4" CO2="0.00" CO="0.00" HC="0.00" NOx="0.00" PMx="0.00" fuel="0.00" electricity="0.00" noise="70.96" route="routebottom" type="cfm-fast" waiting="0.00" lane="right_0" pos="49.40" speed="26.30" angle="275.63" x="65.05" y="132.25"/>
        <vehicle id="cfm-fast_4" eclass="HBEFA3/PC_G_EU4" CO2="150159.39" CO="3156.00" HC="18.12" NOx="69.89" PMx="3.95" fuel="64.55" electricity="0.00" noise="133.90" route="routetop" type="cfm-fast" waiting="0.00" lane="top_1" pos="22.15" speed="39.50" angle="234.62" x="21.80" y="113.78"/>
        <vehicle id="cfm-fast_5" eclass="HBEFA3/PC_G_EU4" CO2="8512.26" CO="99.37" HC="0.66" NOx="3.46" PMx="0.17" fuel="3.66" electricity="0.00" noise="71.03" route="routetop" type="cfm-fast" waiting="0.00" lane="top_0" pos="21.62" speed="20.28" angle="235.53" x="20.57" y="117.04"/>
        <vehicle id="cfm-slow_0" eclass="HBEFA3/PC_G_EU4" CO2="11940.26" CO="170.80" HC="1.07" NOx="5.10" PMx="0.26" fuel="5.13" electricity="0.00" noise="72.99" route="routetop" type="cfm-slow" waiting="0.00" lane="top_0" pos="34.79" speed="19.48" angle="211.95" x="2.76" y="95.25"/>
        <vehicle id="cfm-slow_1" eclass="HBEFA3/PC_G_EU4" CO2="14982.43" CO="232.97" HC="1.43" NOx="6.53" PMx="0.34" fuel="6.44" electricity="0.00" noise="75.19" route="routetop" type="cfm-slow" waiting="0.00" lane="left_0" pos="0.80" speed="19.85" angle="183.02" x="-4.91" y="61.84"/>
        <vehicle id="cfm-slow_2" eclass="HBEFA3/PC_G_EU4" CO2="20997.34" CO="356.15" HC="2.14" NOx="9.34" PMx="0.50" fuel="9.03" electricity="0.00" noise="79.56" route="routetop" type="cfm-slow" waiting="0.00" lane="left_0" pos="17.22" speed="20.79" angle="153.47" x="4.87" y="28.31"/>
        <vehicle id="cfm-slow_3" eclass="HBEFA3/PC_G_EU4" CO2="29899.97" CO="540.45" HC="3.20" NOx="13.50" PMx="0.73" fuel="12.85" electricity="0.00" noise="85.39" route="routetop" type="cfm-slow" waiting="0.00" lane="left_0" pos="34.64" speed="22.75" angle="122.22" x="31.80" y="2.90"/>
        <vehicle id="cfm-slow_4" eclass="HBEFA3/PC_G_EU4" CO2="36766.88" CO="690.05" HC="4.06" NOx="16.67" PMx="0.92" fuel="15.80" electricity="0.00" noise="88.47" route="routebottom" type="cfm-slow" waiting="0.00" lane="bottom_0" pos="4.12" speed="25.87" angle="87.11" x="72.60" y="-4.36"/>
        <vehicle id="cfm-slow_5" eclass="HBEFA3/PC_G_EU4" CO2="30337.92" CO="575.91" HC="3.38" NOx="13.56" PMx="0.76" fuel="13.04" electricity="0.00" noise="83.57" route="routebottom" type="cfm-slow" waiting="0.00" lane="bottom_0" pos="26.82" speed="29.27" angle="46.22" x="114.87" y="18.00"/>
    </timestep>
    <timestep time="2.94">
        <vehicle id="cfm-fast_0" eclass="HBEFA3/PC_G_EU4" CO2="17315.32" CO="311.33" HC="1.85" NOx="7.40" PMx="0.43" fuel="7.44" electricity="0.00" noise="77.29" route="routebottom" type="cfm-fast" waiting="0.00" lane="right_0" pos="4.42" speed="29.77" angle="356.57" x="131.59" y="73.24"/>
        <vehicle id="cfm-fast_1" eclass="HBEFA3/PC_G_EU4" CO2="150801.65" CO="3171.67" HC="18.21" NOx="70.19" PMx="3.97" fuel="64.82" electricity="0.00" noise="133.98" route="routebottom" type="cfm-fast" waiting="0.00" lane="right_1" pos="25.09" speed="39.66" angle="319.37" x="109.70" y="109.97"/>
        <vehicle id="cfm-fast_2" eclass="HBEFA3/PC_G_EU4" CO2="18655.86" CO="318.43" HC="1.91" NOx="8.11" PMx="0.45" fuel="8.02" electricity="0.00" noise="77.45" route="routebottom" type="cfm-fast" waiting="0.00" lane="right_0" pos="30.39" speed="26.18" angle="309.79" x="103.32" y="119.63"/>
        <vehicle id="cfm-fast_3" eclass="HBEFA3/PC_G_EU4" CO2="0.00" CO="0.00" HC="0.00" NOx="0.00" PMx="0.00" fuel="0.00" electricity="0.00" noise="70.93" route="routebottom" type="cfm-fast" waiting="0.00" lane="right_0" pos="49.67" speed="26.29" angle="275.14" x="64.48" y="132.26"/>
        <vehicle id="cfm-fast_4" eclass="HBEFA3/PC_G_EU4" CO2="150711.12" CO="3169.46" HC="18.20" NOx="70.14" PMx="3.96" fuel="64.78" electricity="0.00" noise="133.97" route="routetop" type="cfm-fast" waiting="0.00" lane="top_1" pos="22.54" speed="39.64" angle="233.88" x="21.18" y="113.25"/>
        <vehicle id="cfm-fast_5" eclass="HBEFA3/PC_G_EU4" CO2="8465.88" CO="98.41" HC="0.65" NOx="3.44" PMx="0.17" fuel="3.64" electricity="0.00" noise="71.00" route="routetop" type="cfm-fast" waiting="0.00" lane="top_0" pos="21.82" speed="20.29" angle="235.21" x="20.23" y="116.76"/>
        <vehicle id="cfm-slow_0" eclass="HBEFA3/PC_G_EU4" CO2="11912.80" CO="170.21" HC="1.07" NOx="5.09" PMx="0.26" fuel="5.12" electricity="0.00" noise="72.97" route="routetop" type="cfm-slow" waiting="0.00" lane="top_0" pos="34.98" speed="19.49" angle="211.59" x="2.57" y="94.88"/>
        <vehicle id="cfm-slow_1" eclass="HBEFA3/PC_G_EU4" CO2="14982.77" CO="232.95" HC="1.43" NOx="6.53" PMx="0.34" fuel="6.44" electricity="0.00" noise="75.18" route="routetop" type="cfm-slow" waiting="0.00" lane="left_0" pos="1.00" speed="19.87" angle="182.66" x="-4.90" y="61.41"/>
        <vehicle id="cfm-slow_2" eclass="HBEFA3/PC_G_EU4" CO2="21023.91" CO="356.69" HC="2.14" NOx="9.35" PMx="0.50" fuel="9.04" electricity="0.00" noise="79.57" route="routetop" type="cfm-slow" waiting="0.00" lane="left_0" pos="17.43" speed="20.83" angle="153.09" x="5.10" y="27.92"/>
        <vehicle id="cfm-slow_3" eclass="HBEFA3/PC_G_EU4" CO2="29910.63" CO="540.73" HC="3.20" NOx="13.50" PMx="0.73" fuel="12.86" electricity="0.00" noise="85.37" route="routetop" type="cfm-slow" waiting="0.00" lane="left_0" pos="34.87" speed="22.79" angle="121.80" x="32.24" y="2.68"/>
        <vehicle id="cfm-slow_4" eclass="HBEFA3/PC_G_EU4" CO2="36660.25" CO="688.04" HC="4.05" NOx="16.61" PMx="0.92" fuel="15.76" electricity="0.00" noise="88.38" route="routebottom" type="cfm-slow" waiting="0.00" lane="bottom_0" pos="4.38" speed="25.91" angle="86.64" x="73.15" y="-4.28"/>
        <vehicle id="cfm-slow_5" eclass="HBEFA3/PC_G_EU4" CO2="30065.23" CO="570.51" HC="3.35" NOx="13.43" PMx="0.76" fuel="12.92" electricity="0.00" noise="83.42" route="routebottom" type="cfm-slow" waiting="0.00" lane="bottom_0" pos="27.11" speed="29.30" angle="45.73" x="115.28" y="18.47"/>
    </timestep>
    <timestep time="2.95">
        <vehicle id="cfm-fast_0" eclass="HBEFA3/PC_G_EU4" CO2="17006.45" CO="305.08" HC="1.82" NOx="7.26" PMx="0.42" fuel="7.31" electricity="0.00" noise="77.17" route="routebottom" type="cfm-fast" waiting="0.00" lane="right_0" pos="4.72" speed="29.79" angle="356.03" x="131.50" y="73.87"/>
        <vehicle id="cfm-fast_1" eclass="HBEFA3/PC_G_EU4" CO2="151353.72" CO="3185.15" HC="18.29" NOx="70.44" PMx="3.98" fuel="65.06" electricity="0.00" noise="134.04" route="routebottom" type="cfm-fast" waiting="0.00" lane="right_1" pos="25.49" speed="39.80" angle="318.64" x="109.13" y="110.54"/>
        <vehicle id="cfm-fast_2" eclass="HBEFA3/PC_G_EU4" CO2="18361.36" CO="312.45" HC="1.88" NOx="7.97" PMx="0.44" fuel="7.89" electricity="0.00" noise="77.30" route="routebottom" type="cfm-fast" waiting="0.00" lane="right_0" pos="30.65" speed="26.20" angle="309.31" x="102.86" y="119.96"/>
        <vehicle id="cfm-fast_3" eclass="HBEFA3/PC_G_EU4" CO2="0.00" CO="0.00" HC="0.00" NOx="0.00" PMx="0.00" fuel="0.00" electricity="0.00" noise="70.91" route="routebottom" type="cfm-fast" waiting="0.00" lane="right_0" pos="49.93" speed="26.28" angle="274.66" x="63.91" y="132.27"/>
        <vehicle id="cfm-fast_4" eclass="HBEFA3/PC_G_EU4" CO2="151263.14" CO="3182.94" HC="18.28" NOx="70.40" PMx="3.98" fuel="65.02" electricity="0.00" noise="134.03" route="routetop" type="cfm-fast" waiting="0.00" lane="top_1" pos="22.94" speed="39.77" angle="233.13" x="20.56" y="112.73"/>
        <vehicle id="cfm-fast_5" eclass="HBEFA3/PC_G_EU4" CO2="8420.32" CO="97.46" HC="0.65" NOx="3.42" PMx="0.17" fuel="3.62" electricity="0.00" noise="70.98" route="routetop" type="cfm-fast" waiting="0.00" lane="top_0" pos="22.02" speed="20.30" angle="234.83" x="19.89" y="116.48"/>
        <vehicle id="cfm-slow_0" eclass="HBEFA3/PC_G_EU4" CO2="11886.02" CO="169.63" HC="1.06" NOx="5.07" PMx="0.26" fuel="5.11" electricity="0.00" noise="72.96" route="routetop" type="cfm-slow" waiting="0.00" lane="top_0" pos="35.18" speed="19.51" angle="211.23" x="2.38" y="94.50"/>
        <vehicle id="cfm-slow_1" eclass="HBEFA3/PC_G_EU4" CO2="14983.77" CO="232.95" HC="1.43" NOx="6.52" PMx="0.34" fuel="6.44" electricity="0.00" noise="75.18" route="routetop" type="cfm-slow" waiting="0.00" lane="left_0" pos="1.20" speed="19.89" angle="182.31" x="-4.89" y="60.98"/>
        <vehicle id="cfm-slow_2" eclass="HBEFA3/PC_G_EU4" CO2="21050.74" CO="357.23" HC="2.15" NOx="9.37" PMx="0.50" fuel="9.05" electricity="0.00" noise="79.58" route="routetop" type="cfm-slow" waiting="0.00" lane="left_0" pos="17.64" speed="20.86" angle="152.71" x="5.33" y="27.54"/>
        <vehicle id="cfm-slow_3" eclass="HBEFA3/PC_G_EU4" CO2="29920.69" CO="541.00" HC="3.21" NOx="13.50" PMx="0.73" fuel="12.86" electricity="0.00" noise="85.36" route="routetop" type="cfm-slow" waiting="0.00" lane="left_0" pos="35.10" speed="22.84" angle="121.37" x="32.67" y="2.46"/>
        <vehicle id="cfm-slow_4" eclass="HBEFA3/PC_G_EU4" CO2="36552.41" CO="686.01" HC="4.03" NOx="16.56" PMx="0.92" fuel="15.71" electricity="0.00" noise="88.29" route="routebottom" type="cfm-slow" waiting="0.00" lane="bottom_0" pos="4.64" speed="25.96" angle="86.17" x="73.71" y="-4.20"/>
        <vehicle id="cfm-slow_5" eclass="HBEFA3/PC_G_EU4" CO2="29792.99" CO="565.12" HC="3.32" NOx="13.30" PMx="0.75" fuel="12.81" electricity="0.00" noise="83.27" route="routebottom" type="cfm-slow" waiting="0.00" lane="bottom_0" pos="27.41" speed="29.33" angle="45.18" x="115.69" y="18.95"/>
    </timestep>
    <timestep time="2.96">
        <vehicle id="cfm-fast_0" eclass="HBEFA3/PC_G_EU4" CO2="16699.98" CO="298.87" HC="1.78" NOx="7.11" PMx="0.41" fuel="7.18" electricity="0.00" noise="77.05" route="routebottom" type="cfm-fast" waiting="0.00" lane="right_0" pos="5.02" speed="29.80" angle="355.42" x="131.41" y="74.51"/>
        <vehicle id="cfm-fast_1" eclass="HBEFA3/PC_G_EU4" CO2="151906.09" CO="3198.66" HC="18.36" NOx="70.70" PMx="4.00" fuel="65.30" electricity="0.00" noise="134.11" route="routebottom" type="cfm-fast" waiting="0.00" lane="right_1" pos="25.89" speed="39.93" angle="317.97" x="108.53" y="111.11"/>
        <vehicle id="cfm-fast_2" eclass="HBEFA3/PC_G_EU4" CO2="18068.11" CO="306.50" HC="1.85" NOx="7.84" PMx="0.43" fuel="7.77" electricity="0.00" noise="77.15" route="routebottom" type="cfm-fast" waiting="0.00" lane="right_0" pos="30.91" speed="26.22" angle="308.89" x="102.40" y="120.28"/>
        <vehicle id="cfm-fast_3" eclass="HBEFA3/PC_G_EU4" CO2="0.00" CO="0.00" HC="0.00" NOx="0.00" PMx="0.00" fuel="0.00" electricity="0.00" noise="70.88" route="routetop" type="cfm-fast" waiting="0.00" lane="top_0" pos="0.19" speed="26.27" angle="274.13" x="63.16" y="132.26"/>
        <vehicle id="cfm-fast_4" eclass="HBEFA3/PC_G_EU4" CO2="151815.46" CO="3196.44" HC="18.35" NOx="70.66" PMx="4.00" fuel="65.26" electricity="0.00" noise="134.10" route="routetop" type="cfm-fast" waiting="0.00" lane="top_1" pos="23.34" speed="39.91" angle="232.47" x="19.95" y="112.18"/>
        <vehicle id="cfm-fast_5" eclass="HBEFA3/PC_G_EU4" CO2="8375.59" CO="96.53" HC="0.64" NOx="3.40" PMx="0.17" fuel="3.60" electricity="0.00" noise="70.96" route="routetop" type="cfm-fast" waiting="0.00" lane="top_0" pos="22.23" speed="20.31" angle="234.45" x="19.56" y="116.20"/>
        <vehicle id="cfm-slow_0" eclass="HBEFA3/PC_G_EU4" CO2="11859.93" CO="169.07" HC="1.06" NOx="5.06" PMx="0.26" fuel="5.10" electricity="0.00" noise="72.94" route="routetop" type="cfm-slow" waiting="0.00" lane="top_0" pos="35.37" speed="19.53" angle="210.87" x="2.20" y="94.13"/>
        <vehicle id="cfm-slow_1" eclass="HBEFA3/PC_G_EU4" CO2="14985.41" CO="232.96" HC="1.43" NOx="6.53" PMx="0.34" fuel="6.44" electricity="0.00" noise="75.18" route="routetop" type="cfm-slow" waiting="0.00" lane="left_0" pos="1.40" speed="19.92" angle="181.96" x="-4.87" y="60.56"/>
        <vehicle id="cfm-slow_2" eclass="HBEFA3/PC_G_EU4" CO2="21077.82" CO="357.78" HC="2.15" NOx="9.38" PMx="0.50" fuel="9.06" electricity="0.00" noise="79.59" route="routetop" type="cfm-slow" waiting="0.00" lane="left_0" pos="17.85" speed="20.89" angle="152.35" x="5.57" y="27.15"/>
        <vehicle id="cfm-slow_3" eclass="HBEFA3/PC_G_EU4" CO2="29930.12" CO="541.26" HC="3.21" NOx="13.51" PMx="0.74" fuel="12.87" electricity="0.00" noise="85.34" route="routetop" type="cfm-slow" waiting="0.00" lane="left_0" pos="35.33" speed="22.88" angle="120.95" x="33.12" y="2.24"/>
        <vehicle id="cfm-slow_4" eclass="HBEFA3/PC_G_EU4" CO2="36443.36" CO="683.95" HC="4.02" NOx="16.51" PMx="0.91" fuel="15.67" electricity="0.00" noise="88.19" route="routebottom" type="cfm-slow" waiting="0.00" lane="bottom_0" pos="4.90" speed="26.01" angle="85.70" x="74.26" y="-4.13"/>
        <vehicle id="cfm-slow_5" eclass="HBEFA3/PC_G_EU4" CO2="29521.21" CO="559.74" HC="3.29" NOx="13.17" PMx="0.74" fuel="12.69" electricity="0.00" noise="83.12" route="routebottom" type="cfm-slow" waiting="0.00" lane="bottom_0" pos="27.70" speed="29.36" angle="44.63" x="116.10" y="19.44"/>
    </timestep>
    <timestep time="2.97">
        <vehicle id="cfm-fast_0" eclass="HBEFA3/PC_G_EU4" CO2="16395.89" CO="292.71" HC="1.75" NOx="6.97" PMx="0.40" fuel="7.05" electricity="0.00" noise="76.93" route="routebottom" type="cfm-fast" waiting="0.00" lane="right_0" pos="5.32" speed="29.81" angle="354.90" x="131.30" y="75.14"/>
        <vehicle id="cfm-fast_1" eclass="HBEFA3/PC_G_EU4" CO2="152458.74" CO="3212.18" HC="18.44" NOx="70.96" PMx="4.01" fuel="65.53" electricity="0.00" noise="134.18" route="routebottom" type="cfm-fast" waiting="0.00" lane="right_1" pos="26.29" speed="40.07" angle="317.24" x="107.93" y="111.67"/>
        <vehicle id="cfm-fast_2" eclass="HBEFA3/PC_G_EU4" CO2="17776.12" CO="300.57" HC="1.81" NOx="7.70" PMx="0.43" fuel="7.64" electricity="0.00" noise="77.00" route="routebottom" type="cfm-fast" waiting="0.00" lane="right_0" pos="31.17" speed="26.23" angle="308.41" x="101.93" y="120.60"/>
        <vehicle id="cfm-fast_3" eclass="HBEFA3/PC_G_EU4" CO2="0.00" CO="0.00" HC="0.00" NOx="0.00" PMx="0.00" fuel="0.00" electricity="0.00" noise="70.86" route="routetop" type="cfm-fast" waiting="0.00" lane="top_0" pos="0.45" speed="26.26" angle="273.65" x="62.59" y="132.25"/>
        <vehicle id="cfm-fast_4" eclass="HBEFA3/PC_G_EU4" CO2="152368.07" CO="3209.96" HC="18.43" NOx="70.92" PMx="4.01" fuel="65.50" electricity="0.00" noise="134.17" route="routetop" type="cfm-fast" waiting="0.00" lane="top_1" pos="23.74" speed="40.05" angle="231.74" x="19.35" y="111.62"/>
        <vehicle id="cfm-fast_5" eclass="HBEFA3/PC_G_EU4" CO2="8331.67" CO="95.62" HC="0.64" NOx="3.38" PMx="0.17" fuel="3.58" electricity="0.00" noise="70.94" route="routetop" type="cfm-fast" waiting="0.00" lane="top_0" pos="22.43" speed="20.32" angle="234.07" x="19.23" y="115.92"/>
        <vehicle id="cfm-slow_0" eclass="HBEFA3/PC_G_EU4" CO2="11834.51" CO="168.53" HC="1.06" NOx="5.05" PMx="0.26" fuel="5.09" electricity="0.00" noise="72.92" route="routetop" type="cfm-slow" waiting="0.00" lane="top_0" pos="35.57" speed="19.55" angle="210.51" x="2.01" y="93.75"/>
        <vehicle id="cfm-slow_1" eclass="HBEFA3/PC_G_EU4" CO2="14987.70" CO="232.98" HC="1.43" NOx="6.53" PMx="0.34" fuel="6.44" electricity="0.00" noise="75.18" route="routetop" type="cfm-slow" waiting="0.00" lane="left_0" pos="1.60" speed="19.94" angle="181.60" x="-4.84" y="60.13"/>
        <vehicle id="cfm-slow_2" eclass="HBEFA3/PC_G_EU4" CO2="21105.15" CO="358.34" HC="2.15" NOx="9.39" PMx="0.50" fuel="9.07" electricity="0.00" noise="79.60" route="routetop" type="cfm-slow" waiting="0.00" lane="left_0" pos="18.06" speed="20.92" angle="152.01" x="5.81" y="26.77"/>
        <vehicle id="cfm-slow_3" eclass="HBEFA3/PC_G_EU4" CO2="29938.92" CO="541.50" HC="3.21" NOx="13.51" PMx="0.74" fuel="12.87" electricity="0.00" noise="85.32" route="routetop" type="cfm-slow" waiting="0.00" lane="left_0" pos="35.56" speed="22.93" angle="120.52" x="33.56" y="2.02"/>
        <vehicle id="cfm-slow_4" eclass="HBEFA3/PC_G_EU4" CO2="36333.12" CO="681.87" HC="4.01" NOx="16.46" PMx="0.91" fuel="15.62" electricity="0.00" noise="88.10" route="routebottom" type="cfm-slow" waiting="0.00" lane="bottom_0" pos="5.16" speed="26.05" angle="85.19" x="74.82" y="-4.04"/>
        <vehicle id="cfm-slow_5" eclass="HBEFA3/PC_G_EU4" CO2="29249.90" CO="554.37" HC="3.26" NOx="13.04" PMx="0.74" fuel="12.57" electricity="0.00" noise="82.97" route="routebottom" type="cfm-slow" waiting="0.00" lane="bottom_0" pos="27.99" speed="29.39" angle="44.08" x="116.50" y="19.92"/>
    </timestep>
    <timestep time="2.98">
        <vehicle id="cfm-fast_0" eclass="HBEFA3/PC_G_EU4" CO2="16094.16" CO="286.59" HC="1.71" NOx="6.82" PMx="0.39" fuel="6.92" electricity="0.00" noise="76.82" route="routebottom" type="cfm-fast" waiting="0.00" lane="right_0" pos="5.61" speed="29.83" angle="354.34" x="131.19" y="75.77"/>
        <vehicle id="cfm-fast_1" eclass="HBEFA3/PC_G_EU4" CO2="153011.69" CO="3225.73" HC="18.51" NOx="71.22" PMx="4.03" fuel="65.77" electricity="0.00" noise="134.24" route="routebottom" type="cfm-fast" waiting="0.00" lane="right_1" pos="26.69" speed="40.21" angle="316.51" x="107.33" y="112.23"/>
        <vehicle id="cfm-fast_2" eclass="HBEFA3/PC_G_EU4" CO2="17485.45" CO="294.66" HC="1.78" NOx="7.56" PMx="0.42" fuel="7.52" electricity="0.00" noise="76.85" route="routebottom" type="cfm-fast" waiting="0.00" lane="right_0" pos="31.44" speed="26.25" angle="307.94" x="101.46" y="120.91"/>
        <vehicle id="cfm-fast_3" eclass="HBEFA3/PC_G_EU4" CO2="0.00" CO="0.00" HC="0.00" NOx="0.00" PMx="0.00" fuel="0.00" electricity="0.00" noise="70.84" route="routetop" type="cfm-fast" waiting="0.00" lane="top_0" pos="0.72" speed="26.25" angle="273.18" x="62.03" y="132.24"/>
        <vehicle id="cfm-fast_4" eclass="HBEFA3/PC_G_EU4" CO2="152920.97" CO="3223.51" HC="18.50" NOx="71.18" PMx="4.03" fuel="65.73" electricity="0.00" noise="134.23" route="routetop" type="cfm-fast" waiting="0.00" lane="top_1" pos="24.14" speed="40.18" angle="231.00" x="18.74" y="111.06"/>
        <vehicle id="cfm-fast_5" eclass="HBEFA3/PC_G_EU4" CO2="8288.58" CO="94.73" HC="0.63" NOx="3.36" PMx="0.17" fuel="3.56" electricity="0.00" noise="70.92" route="routetop" type="cfm-fast" waiting="0.00" lane="top_0" pos="22.63" speed="20.33" angle="233.69" x="18.89" y="115.64"/>
        <vehicle id="cfm-slow_0" eclass="HBEFA3/PC_G_EU4" CO2="11809.77" CO="168.00" HC="1.05" NOx="5.04" PMx="0.26" fuel="5.08" electricity="0.00" noise="72.91" route="routetop" type="cfm-slow" waiting="0.00" lane="top_0" pos="35.76" speed="19.56" angle="210.15" x="1.82" y="93.37"/>
        <vehicle id="cfm-slow_1" eclass="HBEFA3/PC_G_EU4" CO2="14990.63" CO="233.02" HC="1.43" NOx="6.53" PMx="0.34" fuel="6.44" electricity="0.00" noise="75.18" route="routetop" type="cfm-slow" waiting="0.00" lane="left_0" pos="1.80" speed="19.96" angle="181.25" x="-4.82" y="59.70"/>
        <vehicle id="cfm-slow_2" eclass="HBEFA3/PC_G_EU4" CO2="21132.72" CO="358.90" HC="2.16" NOx="9.40" PMx="0.50" fuel="9.08" electricity="0.00" noise="79.61" route="routetop" type="cfm-slow" waiting="0.00" lane="left_0" pos="18.27" speed="20.96" angle="151.61" x="6.06" y="26.40"/>
        <vehicle id="cfm-slow_3" eclass="HBEFA3/PC_G_EU4" CO2="29947.09" CO="541.74" HC="3.21" NOx="13.51" PMx="0.74" fuel="12.87" electricity="0.00" noise="85.31" route="routetop" type="cfm-slow" waiting="0.00" lane="left_0" pos="35.79" speed="22.97" angle="120.10" x="34.00" y="1.80"/>
        <vehicle id="cfm-slow_4" eclass="HBEFA3/PC_G_EU4" CO2="36221.70" CO="679.77" HC="4.00" NOx="16.40" PMx="0.91" fuel="15.57" electricity="0.00" noise="88.01" route="routebottom" type="cfm-slow" waiting="0.00" lane="bottom_0" pos="5.42" speed="26.10" angle="84.72" x="75.37" y="-3.94"/>
        <vehicle id="cfm-slow_5" eclass="HBEFA3/PC_G_EU4" CO2="28979.08" CO="549.00" HC="3.23" NOx="12.91" PMx="0.73" fuel="12.46" electricity="0.00" noise="82.83" route="routebottom" type="cfm-slow" waiting="0.00" lane="bottom_0" pos="28.29" speed="29.42" angle="43.59" x="116.91" y="20.41"/>
    </timestep>
    <timestep time="2.99">
        <vehicle id="cfm-fast_0" eclass="HBEFA3/PC_G_EU4" CO2="15794.78" CO="280.52" HC="1.68" NOx="6.68" PMx="0.39" fuel="6.79" electricity="0.00" noise="76.71" route="routebottom" type="cfm-fast" waiting="0.00" lane="right_0" pos="5.91" speed="29.84" angle="353.78" x="131.07" y="76.40"/>
        <vehicle id="cfm-fast_1" eclass="HBEFA3/PC_G_EU4" CO2="153564.93" CO="3239.30" HC="18.59" NOx="71.48" PMx="4.04" fuel="66.01" electricity="0.00" noise="134.31" route="routebottom" type="cfm-fast" waiting="0.00" lane="right_1" pos="27.09" speed="40.34" angle="315.80" x="106.71" y="112.78"/>
        <vehicle id="cfm-fast_2" eclass="HBEFA3/PC_G_EU4" CO2="17196.11" CO="288.79" HC="1.74" NOx="7.42" PMx="0.41" fuel="7.39" electricity="0.00" noise="76.71" route="routebottom" type="cfm-fast" waiting="0.00" lane="right_0" pos="31.70" speed="26.27" angle="307.47" x="100.99" y="121.22"/>
        <vehicle id="cfm-fast_3" eclass="HBEFA3/PC_G_EU4" CO2="0.00" CO="0.00" HC="0.00" NOx="0.00" PMx="0.00" fuel="0.00" electricity="0.00" noise="70.81" route="routetop" type="cfm-fast" waiting="0.00" lane="top_0" pos="0.98" speed="26.23" angle="272.70" x="61.47" y="132.23"/>
        <vehicle id="cfm-fast_4" eclass="HBEFA3/PC_G_EU4" CO2="153474.16" CO="3237.07" HC="18.58" NOx="71.43" PMx="4.04" fuel="65.97" electricity="0.00" noise="134.30" route="routetop" type="cfm-fast" waiting="0.00" lane="top_1" pos="24.55" speed="40.32" angle="230.33" x="18.15" y="110.49"/>
        <vehicle id="cfm-fast_5" eclass="HBEFA3/PC_G_EU4" CO2="8246.28" CO="93.85" HC="0.63" NOx="3.34" PMx="0.17" fuel="3.54" electricity="0.00" noise="70.90" route="routetop" type="cfm-fast" waiting="0.00" lane="top_0" pos="22.83" speed="20.34" angle="233.31" x="18.56" y="115.35"/>
        <vehicle id="cfm-slow_0" eclass="HBEFA3/PC_G_EU4" CO2="11785.71" CO="167.48" HC="1.05" NOx="5.02" PMx="0.26" fuel="5.07" electricity="0.00" noise="72.89" route="routetop" type="cfm-slow" waiting="0.00" lane="top_0" pos="35.96" speed="19.58" angle="209.85" x="1.64" y="93.00"/>
        <vehicle id="cfm-slow_1" eclass="HBEFA3/PC_G_EU4" CO2="14994.18" CO="233.07" HC="1.43" NOx="6.53" PMx="0.34" fuel="6.45" electricity="0.00" noise="75.18" route="routetop" type="cfm-slow" waiting="0.00" lane="left_0" pos="2.00" speed="19.98" angle="180.89" x="-4.79" y="59.27"/>
        <vehicle id="cfm-slow_2" eclass="HBEFA3/PC_G_EU4" CO2="21160.52" CO="359.47" HC="2.16" NOx="9.41" PMx="0.50" fuel="9.10" electricity="0.00" noise="79.62" route="routetop" type="cfm-slow" waiting="0.00" lane="left_0" pos="18.48" speed="20.99" angle="151.22" x="6.31" y="26.02"/>
        <vehicle id="cfm-slow_3" eclass="HBEFA3/PC_G_EU4" CO2="29954.62" CO="541.96" HC="3.21" NOx="13.52" PMx="0.74" fuel="12.88" electricity="0.00" noise="85.29" route="routetop" type="cfm-slow" waiting="0.00" lane="left_0" pos="36.02" speed="23.01" angle="119.73" x="34.45" y="1.58"/>
        <vehicle id="cfm-slow_4" eclass="HBEFA3/PC_G_EU4" CO2="36109.12" CO="677.65" HC="3.98" NOx="16.35" PMx="0.90" fuel="15.52" electricity="0.00" noise="87.92" route="routebottom" type="cfm-slow" waiting="0.00" lane="bottom_0" pos="5.68" speed="26.15" angle="84.24" x="75.92" y="-3.84"/>
        <vehicle id="cfm-slow_5" eclass="HBEFA3/PC_G_EU4" CO2="28708.78" CO="543.64" HC="3.19" NOx="12.78" PMx="0.72" fuel="12.34" electricity="0.00" noise="82.68" route="routebottom" type="cfm-slow" waiting="0.00" lane="bottom_0" pos="28.58" speed="29.45" angle="43.04" x="117.30" y="20.90"/>
    </timestep>
    <timestep time="3.00">
        <vehicle id="cfm-fast_0" eclass="HBEFA3/PC_G_EU4" CO2="15497.72" CO="274.50" HC="1.64" NOx="6.54" PMx="0.38" fuel="6.66" electricity="0.00" noise="76.60" route="routebottom" type="cfm-fast" waiting="0.00" lane="right_0" pos="6.21" speed="29.85" angle="353.23" x="130.95" y="77.04"/>
        <vehicle id="cfm-fast_1" eclass="HBEFA3/PC_G_EU4" CO2="154118.47" CO="3252.89" HC="18.67" NOx="71.74" PMx="4.06" fuel="66.25" electricity="0.00" noise="134.37" route="routebottom" type="cfm-fast" waiting="0.00" lane="right_1" pos="27.50" speed="40.48" angle="315.00" x="106.07" y="113.31"/>
        <vehicle id="cfm-fast_2" eclass="HBEFA3/PC_G_EU4" CO2="16908.14" CO="282.93" HC="1.71" NOx="7.29" PMx="0.40" fuel="7.27" electricity="0.00" noise="76.57" route="routebottom" type="cfm-fast" waiting="0.00" lane="right_0" pos="31.96" speed="26.29" angle="307.01" x="100.52" y="121.54"/>
        <vehicle id="cfm-fast_3" eclass="HBEFA3/PC_G_EU4" CO2="0.00" CO="0.00" HC="0.00" NOx="0.00" PMx="0.00" fuel="0.00" electricity="0.00" noise="70.79" route="routetop" type="cfm-fast" waiting="0.00" lane="top_0" pos="1.24" speed="26.22" angle="272.25" x="60.90" y="132.22"/>
        <vehicle id="cfm-fast_4" eclass="HBEFA3/PC_G_EU4" CO2="154027.65" CO="3250.66" HC="18.65" NOx="71.69" PMx="4.06" fuel="66.21" electricity="0.00" noise="134.36" route="routetop" type="cfm-fast" waiting="0.00" lane="top_1" pos="24.95" speed="40.46" angle="229.60" x="17.56" y="109.90"/>
        <vehicle id="cfm-fast_5" eclass="HBEFA3/PC_G_EU4" CO2="8204.80" CO="92.99" HC="0.62" NOx="3.32" PMx="0.16" fuel="3.53" electricity="0.00" noise="70.88" route="routetop" type="cfm-fast" waiting="0.00" lane="top_0" pos="23.04" speed="20.35" angle="232.99" x="18.22" y="115.07"/>
        <vehicle id="cfm-slow_0" eclass="HBEFA3/PC_G_EU4" CO2="11762.32" CO="166.97" HC="1.05" NOx="5.01" PMx="0.26" fuel="5.06" electricity="0.00" noise="72.88" route="routetop" type="cfm-slow" waiting="0.00" lane="top_0" pos="36.16" speed="19.60" angle="209.48" x="1.46" y="92.61"/>
        <vehicle id="cfm-slow_1" eclass="HBEFA3/PC_G_EU4" CO2="14998.36" CO="233.13" HC="1.43" NOx="6.53" PMx="0.34" fuel="6.45" electricity="0.00" noise="75.18" route="routetop" type="cfm-slow" waiting="0.00" lane="left_0" pos="2.20" speed="20.01" angle="180.53" x="-4.77" y="58.84"/>
        <vehicle id="cfm-slow_2" eclass="HBEFA3/PC_G_EU4" CO2="21188.53" CO="360.04" HC="2.16" NOx="9.43" PMx="0.50" fuel="9.11" electricity="0.00" noise="79.63" route="routetop" type="cfm-slow" waiting="0.00" lane="left_0" pos="18.69" speed="21.02" angle="150.83" x="6.56" y="25.65"/>
        <vehicle id="cfm-slow_3" eclass="HBEFA3/PC_G_EU4" CO2="29961.50" CO="542.17" HC="3.21" NOx="13.52" PMx="0.74" fuel="12.88" electricity="0.00" noise="85.27" route="routetop" type="cfm-slow" waiting="0.00" lane="left_0" pos="36.25" speed="23.06" angle="119.30" x="34.90" y="1.38"/>
        <vehicle id="cfm-slow_4" eclass="HBEFA3/PC_G_EU4" CO2="35995.37" CO="675.50" HC="3.97" NOx="16.29" PMx="0.90" fuel="15.47" electricity="0.00" noise="87.82" route="routebottom" type="cfm-slow" waiting="0.00" lane="bottom_0" pos="5.95" speed="26.19" angle="83.76" x="76.48" y="-3.74"/>
        <vehicle id="cfm-slow_5" eclass="HBEFA3/PC_G_EU4" CO2="28438.99" CO="538.30" HC="3.16" NOx="12.66" PMx="0.72" fuel="12.22" electricity="0.00" noise="82.54" route="routebottom" type="cfm-slow" waiting="0.00" lane="bottom_0" pos="28.88" speed="29.48" angle="42.50" x="117.69" y="21.40"/>
    </timestep>
    <timestep time="3.01">
        <vehicle id="cfm-fast_0" eclass="HBEFA3/PC_G_EU4" CO2="15202.98" CO="268.52" HC="1.61" NOx="6.40" PMx="0.37" fuel="6.54" electricity="0.00" noise="76.49" route="routebottom" type="cfm-fast" waiting="0.00" lane="right_0" pos="6.51" speed="29.87" angle="352.73" x="130.83" y="77.67"/>
        <vehicle id="cfm-fast_1" eclass="HBEFA3/PC_G_EU4" CO2="154672.29" CO="3266.50" HC="18.74" NOx="71.99" PMx="4.08" fuel="66.49" electricity="0.00" noise="134.44" route="routebottom" type="cfm-fast" waiting="0.00" lane="right_1" pos="27.90" speed="40.62" angle="314.20" x="105.44" y="113.85"/>
        <vehicle id="cfm-fast_2" eclass="HBEFA3/PC_G_EU4" CO2="16621.57" CO="277.11" HC="1.68" NOx="7.15" PMx="0.40" fuel="7.14" electricity="0.00" noise="76.43" route="routebottom" type="cfm-fast" waiting="0.00" lane="right_0" pos="32.23" speed="26.31" angle="306.57" x="100.04" y="121.84"/>
        <vehicle id="cfm-fast_3" eclass="HBEFA3/PC_G_EU4" CO2="0.00" CO="0.00" HC="0.00" NOx="0.00" PMx="0.00" fuel="0.00" electricity="0.00" noise="70.77" route="routetop" type="cfm-fast" waiting="0.00" lane="top_0" pos="1.50" speed="26.21" angle="271.78" x="60.34" y="132.19"/>
        <vehicle id="cfm-fast_4" eclass="HBEFA3/PC_G_EU4" CO2="154581.43" CO="3264.27" HC="18.73" NOx="71.95" PMx="4.07" fuel="66.45" electricity="0.00" noise="134.43" route="routetop" type="cfm-fast" waiting="0.00" lane="top_1" pos="25.36" speed="40.59" angle="228.87" x="16.97" y="109.32"/>
        <vehicle id="cfm-fast_5" eclass="HBEFA3/PC_G_EU4" CO2="8164.11" CO="92.15" HC="0.62" NOx="3.30" PMx="0.16" fuel="3.51" electricity="0.00" noise="70.86" route="routetop" type="cfm-fast" waiting="0.00" lane="top_0" pos="23.24" speed="20.36" angle="232.64" x="17.90" y="114.78"/>
        <vehicle id="cfm-slow_0" eclass="HBEFA3/PC_G_EU4" CO2="11739.60" CO="166.48" HC="1.05" NOx="5.00" PMx="0.26" fuel="5.05" electricity="0.00" noise="72.87" route="routetop" type="cfm-slow" waiting="0.00" lane="top_0" pos="36.35" speed="19.61" angle="209.11" x="1.29" y="92.23"/>
        <vehicle id="cfm-slow_1" eclass="HBEFA3/PC_G_EU4" CO2="15003.16" CO="233.21" HC="1.43" NOx="6.53" PMx="0.34" fuel="6.45" electricity="0.00" noise="75.19" route="routetop" type="cfm-slow" waiting="0.00" lane="left_0" pos="2.40" speed="20.03" angle="180.17" x="-4.75" y="58.41"/>
        <vehicle id="cfm-slow_2" eclass="HBEFA3/PC_G_EU4" CO2="21216.75" CO="360.62" HC="2.17" NOx="9.44" PMx="0.50" fuel="9.12" electricity="0.00" noise="79.64" route="routetop" type="cfm-slow" waiting="0.00" lane="left_0" pos="18.90" speed="21.05" angle="150.43" x="6.81" y="25.27"/>
        <vehicle id="cfm-slow_3" eclass="HBEFA3/PC_G_EU4" CO2="29967.72" CO="542.37" HC="3.21" NOx="13.52" PMx="0.74" fuel="12.88" electricity="0.00" noise="85.26" route="routetop" type="cfm-slow" waiting="0.00" lane="left_0" pos="36.48" speed="23.10" angle="118.87" x="35.35" y="1.17"/>
        <vehicle id="cfm-slow_4" eclass="HBEFA3/PC_G_EU4" CO2="35880.48" CO="673.32" HC="3.96" NOx="16.24" PMx="0.90" fuel="15.42" electricity="0.00" noise="87.73" route="routebottom" type="cfm-slow" waiting="0.00" lane="bottom_0" pos="6.21" speed="26.24" angle="83.28" x="77.03" y="-3.63"/>
        <vehicle id="cfm-slow_5" eclass="HBEFA3/PC_G_EU4" CO2="28169.76" CO="532.96" HC="3.13" NOx="12.53" PMx="0.71" fuel="12.11" electricity="0.00" noise="82.39" route="routebottom" type="cfm-slow" waiting="0.00" lane="bottom_0" pos="29.17" speed="29.51" angle="41.95" x="118.08" y="21.90"/>
    </timestep>
    <timestep time="3.02">
        <vehicle id="cfm-fast_0" eclass="HBEFA3/PC_G_EU4" CO2="14910.54" CO="262.58" HC="1.57" NOx="6.26" PMx="0.36" fuel="6.41" electricity="0.00" noise="76.39" route="routebottom" type="cfm-fast" waiting="0.00" lane="right_0" pos="6.81" speed="29.88" angle="352.17" x="130.68" y="78.29"/>
        <vehicle id="cfm-fast_1" eclass="HBEFA3/PC_G_EU4" CO2="155226.41" CO="3280.14" HC="18.82" NOx="72.25" PMx="4.09" fuel="66.72" electricity="0.00" noise="134.50" route="routebottom" type="cfm-fast" waiting="0.00" lane="right_1" pos="28.31" speed="40.75" angle="313.49" x="104.79" y="114.38"/>
        <vehicle id="cfm-fast_2" eclass="HBEFA3/PC_G_EU4" CO2="16336.43" CO="271.31" HC="1.64" NOx="7.02" PMx="0.39" fuel="7.02" electricity="0.00" noise="76.29" route="routebottom" type="cfm-fast" waiting="0.00" lane="right_0" pos="32.49" speed="26.32" angle="306.08" x="99.55" y="122.13"/>
        <vehicle id="cfm-fast_3" eclass="HBEFA3/PC_G_EU4" CO2="0.00" CO="0.00" HC="0.00" NOx="0.00" PMx="0.00" fuel="0.00" electricity="0.00" noise="70.75" route="routetop" type="cfm-fast" waiting="0.00" lane="top_0" pos="1.76" speed="26.20" angle="271.31" x="59.78" y="132.15"/>
        <vehicle id="cfm-fast_4" eclass="HBEFA3/PC_G_EU4" CO2="155135.50" CO="3277.90" HC="18.81" NOx="72.21" PMx="4.09" fuel="66.68" electricity="0.00" noise="134.49" route="routetop" type="cfm-fast" waiting="0.00" lane="top_1" pos="25.76" speed="40.73" angle="228.19" x="16.38" y="108.72"/>
        <vehicle id="cfm-fast_5" eclass="HBEFA3/PC_G_EU4" CO2="8124.21" CO="91.32" HC="0.61" NOx="3.28" PMx="0.16" fuel="3.49" electricity="0.00" noise="70.85" route="routetop" type="cfm-fast" waiting="0.00" lane="top_0" pos="23.45" speed="20.36" angle="232.28" x="17.58" y="114.48"/>
        <vehicle id="cfm-slow_0" eclass="HBEFA3/PC_G_EU4" CO2="11717.55" CO="166.01" HC="1.04" NOx="4.99" PMx="0.26" fuel="5.04" electricity="0.00" noise="72.85" route="routetop" type="cfm-slow" waiting="0.00" lane="top_0" pos="36.55" speed="19.63" angle="208.74" x="1.12" y="91.84"/>
        <vehicle id="cfm-slow_1" eclass="HBEFA3/PC_G_EU4" CO2="15008.56" CO="233.30" HC="1.43" NOx="6.53" PMx="0.34" fuel="6.45" electricity="0.00" noise="75.19" route="routetop" type="cfm-slow" waiting="0.00" lane="left_0" pos="2.60" speed="20.05" angle="179.83" x="-4.71" y="57.98"/>
        <vehicle id="cfm-slow_2" eclass="HBEFA3/PC_G_EU4" CO2="21245.18" CO="361.20" HC="2.17" NOx="9.45" PMx="0.51" fuel="9.13" electricity="0.00" noise="79.66" route="routetop" type="cfm-slow" waiting="0.00" lane="left_0" pos="19.11" speed="21.09" angle="150.05" x="7.06" y="24.89"/>
        <vehicle id="cfm-slow_3" eclass="HBEFA3/PC_G_EU4" CO2="29973.28" CO="542.55" HC="3.21" NOx="13.52" PMx="0.74" fuel="12.88" electricity="0.00" noise="85.24" route="routetop" type="cfm-slow" waiting="0.00" lane="left_0" pos="36.71" speed="23.14" angle="118.43" x="35.80" y="0.97"/>
        <vehicle id="cfm-slow_4" eclass="HBEFA3/PC_G_EU4" CO2="35764.45" CO="671.13" HC="3.95" NOx="16.18" PMx="0.90" fuel="15.37" electricity="0.00" noise="87.63" route="routebottom" type="cfm-slow" waiting="0.00" lane="bottom_0" pos="6.47" speed="26.28" angle="82.85" x="77.59" y="-3.52"/>
        <vehicle id="cfm-slow_5" eclass="HBEFA3/PC_G_EU4" CO2="27901.07" CO="527.63" HC="3.10" NOx="12.40" PMx="0.70" fuel="11.99" electricity="0.00" noise="82.25" route="routebottom" type="cfm-slow" waiting="0.00" lane="bottom_0" pos="29.47" speed="29.54" angle="41.45" x="118.47" y="22.40"/>
    </timestep>
    <timestep time="3.03">
        <vehicle id="cfm-fast_0" eclass="HBEFA3/PC_G_EU4" CO2="14620.38" CO="256.69" HC="1.54" NOx="6.13" PMx="0.36" fuel="6.28" electricity="0.00" noise="76.29" route="routebottom" type="cfm-fast" waiting="0.00" lane="right_0" pos="7.11" speed="29.89" angle="351.61" x="130.54" y="78.92"/>
        <vehicle id="cfm-fast_1" eclass="HBEFA3/PC_G_EU4" CO2="155780.82" CO="3293.79" HC="18.89" NOx="72.51" PMx="4.11" fuel="66.96" electricity="0.00" noise="134.57" route="routebottom" type="cfm-fast" waiting="0.00" lane="right_1" pos="28.72" speed="40.89" angle="312.75" x="104.13" y="114.90"/>
        <vehicle id="cfm-fast_2" eclass="HBEFA3/PC_G_EU4" CO2="16052.75" CO="265.54" HC="1.61" NOx="6.88" PMx="0.38" fuel="6.90" electricity="0.00" noise="76.16" route="routebottom" type="cfm-fast" waiting="0.00" lane="right_0" pos="32.75" speed="26.34" angle="305.58" x="99.07" y="122.42"/>
        <vehicle id="cfm-fast_3" eclass="HBEFA3/PC_G_EU4" CO2="0.00" CO="0.00" HC="0.00" NOx="0.00" PMx="0.00" fuel="0.00" electricity="0.00" noise="70.73" route="routetop" type="cfm-fast" waiting="0.00" lane="top_0" pos="2.03" speed="26.19" angle="270.84" x="59.21" y="132.12"/>
        <vehicle id="cfm-fast_4" eclass="HBEFA3/PC_G_EU4" CO2="155689.86" CO="3291.55" HC="18.88" NOx="72.47" PMx="4.10" fuel="66.92" electricity="0.00" noise="134.56" route="routetop" type="cfm-fast" waiting="0.00" lane="top_1" pos="26.17" speed="40.87" angle="227.43" x="15.82" y="108.10"/>
        <vehicle id="cfm-fast_5" eclass="HBEFA3/PC_G_EU4" CO2="8085.10" CO="90.51" HC="0.61" NOx="3.26" PMx="0.16" fuel="3.48" electricity="0.00" noise="70.83" route="routetop" type="cfm-fast" waiting="0.00" lane="top_0" pos="23.65" speed="20.37" angle="231.91" x="17.26" y="114.18"/>
        <vehicle id="cfm-slow_0" eclass="HBEFA3/PC_G_EU4" CO2="11696.16" CO="165.55" HC="1.04" NOx="4.98" PMx="0.25" fuel="5.03" electricity="0.00" noise="72.84" route="routetop" type="cfm-slow" waiting="0.00" lane="top_0" pos="36.74" speed="19.65" angle="208.38" x="0.94" y="91.46"/>
        <vehicle id="cfm-slow_1" eclass="HBEFA3/PC_G_EU4" CO2="15014.58" CO="233.41" HC="1.43" NOx="6.54" PMx="0.34" fuel="6.45" electricity="0.00" noise="75.19" route="routetop" type="cfm-slow" waiting="0.00" lane="left_0" pos="2.80" speed="20.08" angle="179.47" x="-4.67" y="57.55"/>
        <vehicle id="cfm-slow_2" eclass="HBEFA3/PC_G_EU4" CO2="21273.79" CO="361.79" HC="2.17" NOx="9.46" PMx="0.51" fuel="9.14" electricity="0.00" noise="79.67" route="routetop" type="cfm-slow" waiting="0.00" lane="left_0" pos="19.32" speed="21.12" angle="149.71" x="7.32" y="24.52"/>
        <vehicle id="cfm-slow_3" eclass="HBEFA3/PC_G_EU4" CO2="29978.17" CO="542.73" HC="3.21" NOx="13.52" PMx="0.74" fuel="12.89" electricity="0.00" noise="85.22" route="routetop" type="cfm-slow" waiting="0.00" lane="left_0" pos="36.94" speed="23.19" angle="118.00" x="36.26" y="0.76"/>
        <vehicle id="cfm-slow_4" eclass="HBEFA3/PC_G_EU4" CO2="35647.30" CO="668.91" HC="3.93" NOx="16.13" PMx="0.89" fuel="15.32" electricity="0.00" noise="87.54" route="routebottom" type="cfm-slow" waiting="0.00" lane="bottom_0" pos="6.73" speed="26.33" angle="82.34" x="78.14" y="-3.40"/>
        <vehicle id="cfm-slow_5" eclass="HBEFA3/PC_G_EU4" CO2="27632.96" CO="522.31" HC="3.07" NOx="12.27" PMx="0.69" fuel="11.88" electricity="0.00" noise="82.11" route="routebottom" type="cfm-slow" waiting="0.00" lane="bottom_0" pos="29.76" speed="29.57" angle="40.92" x="118.85" y="22.92"/>
    </timestep>
    <timestep time="3.04">
        <vehicle id="cfm-fast_0" eclass="HBEFA3/PC_G_EU4" CO2="14332.48" CO="250.85" HC="1.50" NOx="5.99" PMx="0.35" fuel="6.16" electricity="0.00" noise="76.19" route="routebottom" type="cfm-fast" waiting="0.00" lane="right_0" pos="7.41" speed="29.90" angle="351.05" x="130.40" y="79.55"/>
        <vehicle id="cfm-fast_1" eclass="HBEFA3/PC_G_EU4" CO2="156335.52" CO="3307.47" HC="18.97" NOx="72.77" PMx="4.12" fuel="67.20" electricity="0.00" noise="134.64" route="routebottom" type="cfm-fast" waiting="0.00" lane="right_1" pos="29.13" speed="41.02" angle="312.00" x="103.47" y="115.42"/>
        <vehicle id="cfm-fast_2" eclass="HBEFA3/PC_G_EU4" CO2="15770.55" CO="259.80" HC="1.58" NOx="6.75" PMx="0.37" fuel="6.78" electricity="0.00" noise="76.03" route="routebottom" type="cfm-fast" waiting="0.00" lane="right_0" pos="33.02" speed="26.36" angle="305.08" x="98.58" y="122.71"/>
        <vehicle id="cfm-fast_3" eclass="HBEFA3/PC_G_EU4" CO2="0.00" CO="0.00" HC="0.00" NOx="0.00" PMx="0.00" fuel="0.00" electricity="0.00" noise="70.71" route="routetop" type="cfm-fast" waiting="0.00" lane="top_0" pos="2.29" speed="26.17" angle="270.37" x="58.65" y="132.09"/>
        <vehicle id="cfm-fast_4" eclass="HBEFA3/PC_G_EU4" CO2="156244.51" CO="3305.22" HC="18.96" NOx="72.73" PMx="4.12" fuel="67.16" electricity="0.00" noise="134.63" route="routetop" type="cfm-fast" waiting="0.00" lane="top_1" pos="26.58" speed="41.00" angle="226.67" x="15.25" y="107.49"/>
        <vehicle id="cfm-fast_5" eclass="HBEFA3/PC_G_EU4" CO2="8046.77" CO="89.71" HC="0.60" NOx="3.24" PMx="0.16" fuel="3.46" electricity="0.00" noise="70.81" route="routetop" type="cfm-fast" waiting="0.00" lane="top_0" pos="23.85" speed="20.38" angle="231.54" x="16.93" y="113.88"/>
        <vehicle id="cfm-slow_0" eclass="HBEFA3/PC_G_EU4" CO2="11675.43" CO="165.10" HC="1.04" NOx="4.97" PMx="0.25" fuel="5.02" electricity="0.00" noise="72.83" route="routetop" type="cfm-slow" waiting="0.00" lane="top_0" pos="36.94" speed="19.66" angle="208.01" x="0.77" y="91.07"/>
        <vehicle id="cfm-slow_1" eclass="HBEFA3/PC_G_EU4" CO2="15021.19" CO="233.52" HC="1.43" NOx="6.54" PMx="0.34" fuel="6.46" electricity="0.00" noise="75.20" route="routetop" type="cfm-slow" waiting="0.00" lane="left_0" pos="3.00" speed="20.10" angle="179.11" x="-4.63" y="57.12"/>
        <vehicle id="cfm-slow_2" eclass="HBEFA3/PC_G_EU4" CO2="21302.58" CO="362.38" HC="2.18" NOx="9.48" PMx="0.51" fuel="9.16" electricity="0.00" noise="79.68" route="routetop" type="cfm-slow" waiting="0.00" lane="left_0" pos="19.53" speed="21.15" angle="149.32" x="7.58" y="24.15"/>
        <vehicle id="cfm-slow_3" eclass="HBEFA3/PC_G_EU4" CO2="29982.39" CO="542.89" HC="3.22" NOx="13.52" PMx="0.74" fuel="12.89" electricity="0.00" noise="85.20" route="routetop" type="cfm-slow" waiting="0.00" lane="left_0" pos="37.17" speed="23.23" angle="117.62" x="36.72" y="0.56"/>
        <vehicle id="cfm-slow_4" eclass="HBEFA3/PC_G_EU4" CO2="35529.04" CO="666.67" HC="3.92" NOx="16.07" PMx="0.89" fuel="15.27" electricity="0.00" noise="87.45" route="routebottom" type="cfm-slow" waiting="0.00" lane="bottom_0" pos="7.00" speed="26.37" angle="81.84" x="78.69" y="-3.27"/>
        <vehicle id="cfm-slow_5" eclass="HBEFA3/PC_G_EU4" CO2="27365.44" CO="517.00" HC="3.04" NOx="12.15" PMx="0.69" fuel="11.76" electricity="0.00" noise="81.97" route="routebottom" type="cfm-slow" waiting="0.00" lane="bottom_0" pos="30.06" speed="29.60" angle="40.38" x="119.22" y="23.44"/>
    </timestep>
    <timestep time="3.05">
        <vehicle id="cfm-fast_0" eclass="HBEFA3/PC_G_EU4" CO2="14046.85" CO="245.04" HC="1.47" NOx="5.86" PMx="0.34" fuel="6.04" electricity="0.00" noise="76.09" route="routebottom" type="cfm-fast" waiting="0.00" lane="right_0" pos="7.71" speed="29.91" angle="350.56" x="130.26" y="80.17"/>
        <vehicle id="cfm-fast_1" eclass="HBEFA3/PC_G_EU4" CO2="156890.51" CO="3321.17" HC="19.05" NOx="73.03" PMx="4.14" fuel="67.44" electricity="0.00" noise="134.70" route="routebottom" type="cfm-fast" waiting="0.00" lane="right_1" pos="29.54" speed="41.16" angle="311.30" x="102.80" y="115.93"/>
        <vehicle id="cfm-fast_2" eclass="HBEFA3/PC_G_EU4" CO2="15489.87" CO="254.09" HC="1.54" NOx="6.62" PMx="0.37" fuel="6.66" electricity="0.00" noise="75.90" route="routebottom" type="cfm-fast" waiting="0.00" lane="right_0" pos="33.28" speed="26.37" angle="304.60" x="98.09" y="123.00"/>
        <vehicle id="cfm-fast_3" eclass="HBEFA3/PC_G_EU4" CO2="0.00" CO="0.00" HC="0.00" NOx="0.00" PMx="0.00" fuel="0.00" electricity="0.00" noise="70.69" route="routetop" type="cfm-fast" waiting="0.00" lane="top_0" pos="2.55" speed="26.16" angle="269.92" x="58.09" y="132.05"/>
        <vehicle id="cfm-fast_4" eclass="HBEFA3/PC_G_EU4" CO2="156799.45" CO="3318.92" HC="19.03" NOx="72.99" PMx="4.14" fuel="67.40" electricity="0.00" noise="134.69" route="routetop" type="cfm-fast" waiting="0.00" lane="top_1" pos="26.99" speed="41.14" angle="225.96" x="14.68" y="106.86"/>
        <vehicle id="cfm-fast_5" eclass="HBEFA3/PC_G_EU4" CO2="8009.22" CO="88.93" HC="0.60" NOx="3.22" PMx="0.16" fuel="3.44" electricity="0.00" noise="70.80" route="routetop" type="cfm-fast" waiting="0.00" lane="top_0" pos="24.06" speed="20.39" angle="231.18" x="16.61" y="113.59"/>
        <vehicle id="cfm-slow_0" eclass="HBEFA3/PC_G_EU4" CO2="11655.35" CO="164.67" HC="1.04" NOx="4.96" PMx="0.25" fuel="5.01" electricity="0.00" noise="72.82" route="routetop" type="cfm-slow" waiting="0.00" lane="top_0" pos="37.14" speed="19.68" angle="207.68" x="0.60" y="90.68"/>
        <vehicle id="cfm-slow_1" eclass="HBEFA3/PC_G_EU4" CO2="15028.39" CO="233.65" HC="1.43" NOx="6.54" PMx="0.34" fuel="6.46" electricity="0.00" noise="75.20" route="routetop" type="cfm-slow" waiting="0.00" lane="left_0" pos="3.20" speed="20.12" angle="178.75" x="-4.58" y="56.69"/>
        <vehicle id="cfm-slow_2" eclass="HBEFA3/PC_G_EU4" CO2="21331.54" CO="362.98" HC="2.18" NOx="9.49" PMx="0.51" fuel="9.17" electricity="0.00" noise="79.69" route="routetop" type="cfm-slow" waiting="0.00" lane="left_0" pos="19.74" speed="21.18" angle="148.92" x="7.85" y="23.78"/>
        <vehicle id="cfm-slow_3" eclass="HBEFA3/PC_G_EU4" CO2="29985.92" CO="543.03" HC="3.22" NOx="13.53" PMx="0.74" fuel="12.89" electricity="0.00" noise="85.18" route="routetop" type="cfm-slow" waiting="0.00" lane="left_0" pos="37.41" speed="23.27" angle="117.21" x="37.18" y="0.37"/>
        <vehicle id="cfm-slow_4" eclass="HBEFA3/PC_G_EU4" CO2="35409.68" CO="664.41" HC="3.91" NOx="16.01" PMx="0.89" fuel="15.22" electricity="0.00" noise="87.35" route="routebottom" type="cfm-slow" waiting="0.00" lane="bottom_0" pos="7.26" speed="26.42" angle="81.33" x="79.25" y="-3.14"/>
        <vehicle id="cfm-slow_5" eclass="HBEFA3/PC_G_EU4" CO2="27098.51" CO="511.70" HC="3.01" NOx="12.02" PMx="0.68" fuel="11.65" electricity="0.00" noise="81.83" route="routebottom" type="cfm-slow" waiting="0.00" lane="bottom_0" pos="30.36" speed="29.62" angle="39.84" x="119.59" y="23.95"/>
    </timestep>
    <timestep time="3.06">
        <vehicle id="cfm-fast_0" eclass="HBEFA3/PC_G_EU4" CO2="13763.45" CO="239.28" HC="1.44" NOx="5.72" PMx="0.33" fuel="5.92" electricity="0.00" noise="76.00" route="routebottom" type="cfm-fast" waiting="0.00" lane="right_0" pos="8.00" speed="29.92" angle="350.01" x="130.09" y="80.80"/>
        <vehicle id="cfm-fast_1" eclass="HBEFA3/PC_G_EU4" CO2="157445.79" CO="3334.89" HC="19.12" NOx="73.29" PMx="4.15" fuel="67.68" electricity="0.00" noise="134.77" route="routebottom" type="cfm-fast" waiting="0.00" lane="right_1" pos="29.96" speed="41.30" angle="310.55" x="102.12" y="116.43"/>
        <vehicle id="cfm-fast_2" eclass="HBEFA3/PC_G_EU4" CO2="15210.73" CO="248.41" HC="1.51" NOx="6.48" PMx="0.36" fuel="6.54" electricity="0.00" noise="75.77" route="routebottom" type="cfm-fast" waiting="0.00" lane="right_0" pos="33.54" speed="26.39" angle="304.15" x="97.60" y="123.28"/>
        <vehicle id="cfm-fast_3" eclass="HBEFA3/PC_G_EU4" CO2="0.00" CO="0.00" HC="0.00" NOx="0.00" PMx="0.00" fuel="0.00" electricity="0.00" noise="70.67" route="routetop" type="cfm-fast" waiting="0.00" lane="top_0" pos="2.81" speed="26.15" angle="269.45" x="57.53" y="132.00"/>
        <vehicle id="cfm-fast_4" eclass="HBEFA3/PC_G_EU4" CO2="157354.69" CO="3332.63" HC="19.11" NOx="73.25" PMx="4.15" fuel="67.64" electricity="0.00" noise="134.76" route="routetop" type="cfm-fast" waiting="0.00" lane="top_1" pos="27.41" speed="41.27" angle="225.17" x="14.13" y="106.21"/>
        <vehicle id="cfm-fast_5" eclass="HBEFA3/PC_G_EU4" CO2="7972.44" CO="88.17" HC="0.60" NOx="3.20" PMx="0.16" fuel="3.43" electricity="0.00" noise="70.78" route="routetop" type="cfm-fast" waiting="0.00" lane="top_0" pos="24.26" speed="20.40" angle="230.82" x="16.29" y="113.29"/>
        <vehicle id="cfm-slow_0" eclass="HBEFA3/PC_G_EU4" CO2="11635.93" CO="164.25" HC="1.03" NOx="4.95" PMx="0.25" fuel="5.00" electricity="0.00" noise="72.80" route="routetop" type="cfm-slow" waiting="0.00" lane="top_0" pos="37.33" speed="19.70" angle="207.35" x="0.43" y="90.29"/>
        <vehicle id="cfm-slow_1" eclass="HBEFA3/PC_G_EU4" CO2="15036.18" CO="233.79" HC="1.43" NOx="6.54" PMx="0.34" fuel="6.46" electricity="0.00" noise="75.20" route="routetop" type="cfm-slow" waiting="0.00" lane="left_0" pos="3.41" speed="20.14" angle="178.39" x="-4.54" y="56.26"/>
        <vehicle id="cfm-slow_2" eclass="HBEFA3/PC_G_EU4" CO2="21360.66" CO="363.58" HC="2.18" NOx="9.50" PMx="0.51" fuel="9.18" electricity="0.00" noise="79.70" route="routetop" type="cfm-slow" waiting="0.00" lane="left_0" pos="19.95" speed="21.22" angle="148.53" x="8.12" y="23.41"/>
        <vehicle id="cfm-slow_3" eclass="HBEFA3/PC_G_EU4" CO2="29988.77" CO="543.17" HC="3.22" NOx="13.53" PMx="0.74" fuel="12.89" electricity="0.00" noise="85.16" route="routetop" type="cfm-slow" waiting="0.00" lane="left_0" pos="37.64" speed="23.32" angle="116.78" x="37.64" y="0.18"/>
        <vehicle id="cfm-slow_4" eclass="HBEFA3/PC_G_EU4" CO2="35289.23" CO="662.13" HC="3.89" NOx="15.96" PMx="0.88" fuel="15.17" electricity="0.00" noise="87.26" route="routebottom" type="cfm-slow" waiting="0.00" lane="bottom_0" pos="7.53" speed="26.46" angle="80.83" x="79.80" y="-3.02"/>
        <vehicle id="cfm-slow_5" eclass="HBEFA3/PC_G_EU4" CO2="26832.21" CO="506.41" HC="2.98" NOx="11.90" PMx="0.67" fuel="11.53" electricity="0.00" noise="81.69" route="routebottom" type="cfm-slow" waiting="0.00" lane="bottom_0" pos="30.65" speed="29.65" angle="39.30" x="119.97" y="24.47"/>
    </timestep>
    <timestep time="3.07">
        <vehicle id="cfm-fast_0" eclass="HBEFA3/PC_G_EU4" CO2="13482.27" CO="233.57" HC="1.40" NOx="5.59" PMx="0.33" fuel="5.80" electricity="0.00" noise="75.91" route="routebottom" type="cfm-fast" waiting="0.00" lane="right_0" pos="8.30" speed="29.93" angle="349.46" x="129.92" y="81.42"/>
        <vehicle id="cfm-fast_1" eclass="HBEFA3/PC_G_EU4" CO2="158001.37" CO="3348.63" HC="19.20" NOx="73.55" PMx="4.17" fuel="67.92" electricity="0.00" noise="134.83" route="routebottom" type="cfm-fast" waiting="0.00" lane="right_1" pos="30.37" speed="41.43" angle="309.79" x="101.43" y="116.93"/>
        <vehicle id="cfm-fast_2" eclass="HBEFA3/PC_G_EU4" CO2="14933.15" CO="242.76" HC="1.48" NOx="6.35" PMx="0.35" fuel="6.42" electricity="0.00" noise="75.64" route="routebottom" type="cfm-fast" waiting="0.00" lane="right_0" pos="33.81" speed="26.40" angle="303.67" x="97.10" y="123.56"/>
        <vehicle id="cfm-fast_3" eclass="HBEFA3/PC_G_EU4" CO2="0.00" CO="0.00" HC="0.00" NOx="0.00" PMx="0.00" fuel="0.00" electricity="0.00" noise="70.65" route="routetop" type="cfm-fast" waiting="0.00" lane="top_0" pos="3.07" speed="26.14" angle="268.99" x="56.97" y="131.94"/>
        <vehicle id="cfm-fast_4" eclass="HBEFA3/PC_G_EU4" CO2="157910.22" CO="3346.37" HC="19.19" NOx="73.51" PMx="4.17" fuel="67.88" electricity="0.00" noise="134.82" route="routetop" type="cfm-fast" waiting="0.00" lane="top_1" pos="27.82" speed="41.41" angle="224.38" x="13.58" y="105.57"/>
        <vehicle id="cfm-fast_5" eclass="HBEFA3/PC_G_EU4" CO2="7936.43" CO="87.43" HC="0.59" NOx="3.19" PMx="0.16" fuel="3.41" electricity="0.00" noise="70.77" route="routetop" type="cfm-fast" waiting="0.00" lane="top_0" pos="24.47" speed="20.41" angle="230.49" x="15.97" y="112.98"/>
        <vehicle id="cfm-slow_0" eclass="HBEFA3/PC_G_EU4" CO2="11617.17" CO="163.84" HC="1.03" NOx="4.94" PMx="0.25" fuel="4.99" electricity="0.00" noise="72.79" route="routetop" type="cfm-slow" waiting="0.00" lane="top_0" pos="37.53" speed="19.71" angle="206.99" x="0.27" y="89.90"/>
        <vehicle id="cfm-slow_1" eclass="HBEFA3/PC_G_EU4" CO2="15044.56" CO="233.95" HC="1.44" NOx="6.55" PMx="0.34" fuel="6.47" electricity="0.00" noise="75.21" route="routetop" type="cfm-slow" waiting="0.00" lane="left_0" pos="3.61" speed="20.17" angle="178.03" x="-4.49" y="55.83"/>
        <vehicle id="cfm-slow_2" eclass="HBEFA3/PC_G_EU4" CO2="21389.94" CO="364.18" HC="2.19" NOx="9.52" PMx="0.51" fuel="9.19" electricity="0.00" noise="79.71" route="routetop" type="cfm-slow" waiting="0.00" lane="left_0" pos="20.17" speed="21.25" angle="148.14" x="8.39" y="23.04"/>
        <vehicle id="cfm-slow_3" eclass="HBEFA3/PC_G_EU4" CO2="29990.92" CO="543.29" HC="3.22" NOx="13.53" PMx="0.74" fuel="12.89" electricity="0.00" noise="85.14" route="routetop" type="cfm-slow" waiting="0.00" lane="left_0" pos="37.87" speed="23.36" angle="116.35" x="38.11" y="-0.00"/>
        <vehicle id="cfm-slow_4" eclass="HBEFA3/PC_G_EU4" CO2="35167.71" CO="659.82" HC="3.88" NOx="15.90" PMx="0.88" fuel="15.12" electricity="0.00" noise="87.16" route="routebottom" type="cfm-slow" waiting="0.00" lane="bottom_0" pos="7.79" speed="26.51" angle="80.40" x="80.35" y="-2.88"/>
        <vehicle id="cfm-slow_5" eclass="HBEFA3/PC_G_EU4" CO2="26566.53" CO="501.13" HC="2.95" NOx="11.77" PMx="0.67" fuel="11.42" electricity="0.00" noise="81.55" route="routebottom" type="cfm-slow" waiting="0.00" lane="bottom_0" pos="30.95" speed="29.68" angle="38.81" x="120.33" y="24.99"/>
    </timestep>
    <timestep time="3.08">
        <vehicle id="cfm-fast_0" eclass="HBEFA3/PC_G_EU4" CO2="13203.31" CO="227.89" HC="1.37" NOx="5.46" PMx="0.32" fuel="5.68" electricity="0.00" noise="75.82" route="routebottom" type="cfm-fast" waiting="0.00" lane="right_0" pos="8.60" speed="29.94" angle="348.91" x="129.76" y="82.04"/>
        <vehicle id="cfm-fast_1" eclass="HBEFA3/PC_G_EU4" CO2="158517.42" CO="3361.57" HC="19.27" NOx="73.79" PMx="4.18" fuel="68.14" electricity="0.00" noise="134.88" route="routebottom" type="cfm-fast" waiting="0.00" lane="right_1" pos="30.79" speed="41.57" angle="309.09" x="100.74" y="117.42"/>
        <vehicle id="cfm-fast_2" eclass="HBEFA3/PC_G_EU4" CO2="14657.16" CO="237.15" HC="1.45" NOx="6.22" PMx="0.34" fuel="6.30" electricity="0.00" noise="75.52" route="routebottom" type="cfm-fast" waiting="0.00" lane="right_0" pos="34.07" speed="26.42" angle="303.19" x="96.60" y="123.83"/>
        <vehicle id="cfm-fast_3" eclass="HBEFA3/PC_G_EU4" CO2="0.00" CO="0.00" HC="0.00" NOx="0.00" PMx="0.00" fuel="0.00" electricity="0.00" noise="70.63" route="routetop" type="cfm-fast" waiting="0.00" lane="top_0" pos="3.33" speed="26.12" angle="268.52" x="56.41" y="131.88"/>
        <vehicle id="cfm-fast_4" eclass="HBEFA3/PC_G_EU4" CO2="158466.04" CO="3360.13" HC="19.26" NOx="73.77" PMx="4.18" fuel="68.12" electricity="0.00" noise="134.89" route="routetop" type="cfm-fast" waiting="0.00" lane="top_1" pos="28.24" speed="41.55" angle="223.67" x="13.03" y="104.92"/>
        <vehicle id="cfm-fast_5" eclass="HBEFA3/PC_G_EU4" CO2="7901.17" CO="86.69" HC="0.59" NOx="3.17" PMx="0.16" fuel="3.40" electricity="0.00" noise="70.75" route="routetop" type="cfm-fast" waiting="0.00" lane="top_0" pos="24.67" speed="20.42" angle="230.12" x="15.66" y="112.67"/>
        <vehicle id="cfm-slow_0" eclass="HBEFA3/PC_G_EU4" CO2="11599.04" CO="163.45" HC="1.03" NOx="4.93" PMx="0.25" fuel="4.99" electricity="0.00" noise="72.78" route="routetop" type="cfm-slow" waiting="0.00" lane="top_0" pos="37.73" speed="19.73" angle="206.63" x="0.12" y="89.51"/>
        <vehicle id="cfm-slow_1" eclass="HBEFA3/PC_G_EU4" CO2="15053.50" CO="234.11" HC="1.44" NOx="6.55" PMx="0.34" fuel="6.47" electricity="0.00" noise="75.21" route="routetop" type="cfm-slow" waiting="0.00" lane="left_0" pos="3.81" speed="20.19" angle="177.69" x="-4.45" y="55.39"/>
        <vehicle id="cfm-slow_2" eclass="HBEFA3/PC_G_EU4" CO2="21419.35" CO="364.79" HC="2.19" NOx="9.53" PMx="0.51" fuel="9.21" electricity="0.00" noise="79.73" route="routetop" type="cfm-slow" waiting="0.00" lane="left_0" pos="20.38" speed="21.28" angle="147.75" x="8.65" y="22.67"/>
        <vehicle id="cfm-slow_3" eclass="HBEFA3/PC_G_EU4" CO2="29992.37" CO="543.40" HC="3.22" NOx="13.53" PMx="0.74" fuel="12.89" electricity="0.00" noise="85.12" route="routetop" type="cfm-slow" waiting="0.00" lane="left_0" pos="38.11" speed="23.40" angle="115.92" x="38.58" y="-0.19"/>
        <vehicle id="cfm-slow_4" eclass="HBEFA3/PC_G_EU4" CO2="35045.12" CO="657.50" HC="3.87" NOx="15.84" PMx="0.88" fuel="15.06" electricity="0.00" noise="87.07" route="routebottom" type="cfm-slow" waiting="0.00" lane="bottom_0" pos="8.06" speed="26.55" angle="79.91" x="80.91" y="-2.73"/>
        <vehicle id="cfm-slow_5" eclass="HBEFA3/PC_G_EU4" CO2="26301.49" CO="495.87" HC="2.92" NOx="11.64" PMx="0.66" fuel="11.31" electricity="0.00" noise="81.42" route="routebottom" type="cfm-slow" waiting="0.00" lane="bottom_0" pos="31.25" speed="29.71" angle="38.28" x="120.69" y="25.53"/>
    </timestep>
    <timestep time="3.09">
        <vehicle id="cfm-fast_0" eclass="HBEFA3/PC_G_EU4" CO2="12926.54" CO="222.26" HC="1.34" NOx="5.33" PMx="0.31" fuel="5.56" electricity="0.00" noise="75.73" route="routebottom" type="cfm-fast" waiting="0.00" lane="right_0" pos="8.90" speed="29.95" angle="348.41" x="129.59" y="82.66"/>
        <vehicle id="cfm-fast_1" eclass="HBEFA3/PC_G_EU4" CO2="157719.11" CO="3347.45" HC="19.19" NOx="73.41" PMx="4.16" fuel="67.80" electricity="0.00" noise="134.40" route="routebottom" type="cfm-fast" waiting="0.00" lane="right_1" pos="31.20" speed="41.70" angle="308.33" x="100.03" y="117.90"/>
        <vehicle id="cfm-fast_2" eclass="HBEFA3/PC_G_EU4" CO2="14382.79" CO="231.56" HC="1.41" NOx="6.09" PMx="0.34" fuel="6.18" electricity="0.00" noise="75.40" route="routebottom" type="cfm-fast" waiting="0.00" lane="right_0" pos="34.34" speed="26.43" angle="302.71" x="96.11" y="124.11"/>
        <vehicle id="cfm-fast_3" eclass="HBEFA3/PC_G_EU4" CO2="0.00" CO="0.00" HC="0.00" NOx="0.00" PMx="0.00" fuel="0.00" electricity="0.00" noise="70.61" route="routetop" type="cfm-fast" waiting="0.00" lane="top_0" pos="3.59" speed="26.11" angle="268.05" x="55.85" y="131.83"/>
        <vehicle id="cfm-fast_4" eclass="HBEFA3/PC_G_EU4" CO2="159022.15" CO="3373.91" HC="19.34" NOx="74.03" PMx="4.20" fuel="68.36" electricity="0.00" noise="134.95" route="routetop" type="cfm-fast" waiting="0.00" lane="top_1" pos="28.65" speed="41.68" angle="222.91" x="12.51" y="104.24"/>
        <vehicle id="cfm-fast_5" eclass="HBEFA3/PC_G_EU4" CO2="7866.67" CO="85.98" HC="0.58" NOx="3.15" PMx="0.16" fuel="3.38" electricity="0.00" noise="70.74" route="routetop" type="cfm-fast" waiting="0.00" lane="top_0" pos="24.87" speed="20.43" angle="229.74" x="15.35" y="112.36"/>
        <vehicle id="cfm-slow_0" eclass="HBEFA3/PC_G_EU4" CO2="11581.57" CO="163.07" HC="1.03" NOx="4.92" PMx="0.25" fuel="4.98" electricity="0.00" noise="72.77" route="routetop" type="cfm-slow" waiting="0.00" lane="top_0" pos="37.93" speed="19.75" angle="206.26" x="-0.04" y="89.11"/>
        <vehicle id="cfm-slow_1" eclass="HBEFA3/PC_G_EU4" CO2="15063.01" CO="234.29" HC="1.44" NOx="6.55" PMx="0.34" fuel="6.47" electricity="0.00" noise="75.22" route="routetop" type="cfm-slow" waiting="0.00" lane="left_0" pos="4.01" speed="20.21" angle="177.32" x="-4.39" y="54.96"/>
        <vehicle id="cfm-slow_2" eclass="HBEFA3/PC_G_EU4" CO2="21448.90" CO="365.40" HC="2.19" NOx="9.54" PMx="0.51" fuel="9.22" electricity="0.00" noise="79.74" route="routetop" type="cfm-slow" waiting="0.00" lane="left_0" pos="20.59" speed="21.31" angle="147.41" x="8.93" y="22.30"/>
        <vehicle id="cfm-slow_3" eclass="HBEFA3/PC_G_EU4" CO2="29993.11" CO="543.50" HC="3.22" NOx="13.52" PMx="0.74" fuel="12.89" electricity="0.00" noise="85.10" route="routetop" type="cfm-slow" waiting="0.00" lane="left_0" pos="38.34" speed="23.44" angle="115.49" x="39.05" y="-0.38"/>
        <vehicle id="cfm-slow_4" eclass="HBEFA3/PC_G_EU4" CO2="34921.48" CO="655.15" HC="3.85" NOx="15.78" PMx="0.87" fuel="15.01" electricity="0.00" noise="86.97" route="routebottom" type="cfm-slow" waiting="0.00" lane="bottom_0" pos="8.32" speed="26.60" angle="79.43" x="81.46" y="-2.58"/>
        <vehicle id="cfm-slow_5" eclass="HBEFA3/PC_G_EU4" CO2="26037.11" CO="490.61" HC="2.89" NOx="11.52" PMx="0.65" fuel="11.19" electricity="0.00" noise="81.28" route="routebottom" type="cfm-slow" waiting="0.00" lane="bottom_0" pos="31.54" speed="29.73" angle="37.74" x="121.04" y="26.06"/>
    </timestep>
    <timestep time="3.10">
        <vehicle id="cfm-fast_0" eclass="HBEFA3/PC_G_EU4" CO2="12651.96" CO="216.67" HC="1.31" NOx="5.20" PMx="0.31" fuel="5.44" electricity="0.00" noise="75.64" route="routebottom" type="cfm-fast" waiting="0.00" lane="right_0" pos="9.20" speed="29.96" angle="347.88" x="129.40" y="83.28"/>
        <vehicle id="cfm-fast_1" eclass="HBEFA3/PC_G_EU4" CO2="156932.19" CO="3333.55" HC="19.11" NOx="73.04" PMx="4.14" fuel="67.46" electricity="0.00" noise="133.93" route="routebottom" type="cfm-fast" waiting="0.00" lane="right_1" pos="31.62" speed="41.84" angle="307.56" x="99.31" y="118.38"/>
        <vehicle id="cfm-fast_2" eclass="HBEFA3/PC_G_EU4" CO2="14110.05" CO="226.00" HC="1.38" NOx="5.96" PMx="0.33" fuel="6.07" electricity="0.00" noise="75.28" route="routebottom" type="cfm-fast" waiting="0.00" lane="right_0" pos="34.60" speed="26.45" angle="302.28" x="95.61" y="124.38"/>
        <vehicle id="cfm-fast_3" eclass="HBEFA3/PC_G_EU4" CO2="0.00" CO="0.00" HC="0.00" NOx="0.00" PMx="0.00" fuel="0.00" electricity="0.00" noise="70.60" route="routetop" type="cfm-fast" waiting="0.00" lane="top_0" pos="3.86" speed="26.09" angle="267.60" x="55.29" y="131.77"/>
        <vehicle id="cfm-fast_4" eclass="HBEFA3/PC_G_EU4" CO2="159578.56" CO="3387.72" HC="19.42" NOx="74.29" PMx="4.21" fuel="68.59" electricity="0.00" noise="135.02" route="routetop" type="cfm-fast" waiting="0.00" lane="top_1" pos="29.07" speed="41.82" angle="222.14" x="11.98" y="103.57"/>
        <vehicle id="cfm-fast_5" eclass="HBEFA3/PC_G_EU4" CO2="7832.93" CO="85.28" HC="0.58" NOx="3.14" PMx="0.15" fuel="3.37" electricity="0.00" noise="70.72" route="routetop" type="cfm-fast" waiting="0.00" lane="top_0" pos="25.08" speed="20.44" angle="229.37" x="15.04" y="112.05"/>
        <vehicle id="cfm-slow_0" eclass="HBEFA3/PC_G_EU4" CO2="11564.73" CO="162.70" HC="1.02" NOx="4.91" PMx="0.25" fuel="4.97" electricity="0.00" noise="72.76" route="routetop" type="cfm-slow" waiting="0.00" lane="top_0" pos="38.12" speed="19.76" angle="205.90" x="-0.20" y="88.72"/>
        <vehicle id="cfm-slow_1" eclass="HBEFA3/PC_G_EU4" CO2="15073.09" CO="234.48" HC="1.44" NOx="6.56" PMx="0.34" fuel="6.48" electricity="0.00" noise="75.22" route="routetop" type="cfm-slow" waiting="0.00" lane="left_0" pos="4.21" speed="20.23" angle="176.95" x="-4.33" y="54.53"/>
        <vehicle id="cfm-slow_2" eclass="HBEFA3/PC_G_EU4" CO2="21478.57" CO="366.02" HC="2.20" NOx="9.56" PMx="0.51" fuel="9.23" electricity="0.00" noise="79.75" route="routetop" type="cfm-slow" waiting="0.00" lane="left_0" pos="20.81" speed="21.35" angle="147.02" x="9.21" y="21.94"/>
        <vehicle id="cfm-slow_3" eclass="HBEFA3/PC_G_EU4" CO2="29993.14" CO="543.58" HC="3.22" NOx="13.52" PMx="0.74" fuel="12.89" electricity="0.00" noise="85.08" route="routetop" type="cfm-slow" waiting="0.00" lane="left_0" pos="38.58" speed="23.49" angle="115.11" x="39.52" y="-0.56"/>
        <vehicle id="cfm-slow_4" eclass="HBEFA3/PC_G_EU4" CO2="34796.80" CO="652.78" HC="3.84" NOx="15.72" PMx="0.87" fuel="14.96" electricity="0.00" noise="86.88" route="routebottom" type="cfm-slow" waiting="0.00" lane="bottom_0" pos="8.59" speed="26.64" angle="78.94" x="82.01" y="-2.44"/>
        <vehicle id="cfm-slow_5" eclass="HBEFA3/PC_G_EU4" CO2="25773.39" CO="485.37" HC="2.86" NOx="11.39" PMx="0.65" fuel="11.08" electricity="0.00" noise="81.15" route="routebottom" type="cfm-slow" waiting="0.00" lane="bottom_0" pos="31.84" speed="29.76" angle="37.21" x="121.40" y="26.59"/>
    </timestep>
    <timestep time="3.11">
        <vehicle id="cfm-fast_0" eclass="HBEFA3/PC_G_EU4" CO2="12379.54" CO="211.13" HC="1.27" NOx="5.07" PMx="0.30" fuel="5.32" electricity="0.00" noise="75.56" route="routebottom" type="cfm-fast" waiting="0.00" lane="right_0" pos="9.50" speed="29.97" angle="347.34" x="129.21" y="83.90"/>
        <vehicle id="cfm-fast_1" eclass="HBEFA3/PC_G_EU4" CO2="156156.76" CO="3319.89" HC="19.02" NOx="72.67" PMx="4.12" fuel="67.12" electricity="0.00" noise="133.47" route="routebottom" type="cfm-fast" waiting="0.00" lane="right_1" pos="32.04" speed="41.97" angle="306.86" x="98.60" y="118.85"/>
        <vehicle id="cfm-fast_2" eclass="HBEFA3/PC_G_EU4" CO2="13838.97" CO="220.48" HC="1.35" NOx="5.83" PMx="0.32" fuel="5.95" electricity="0.00" noise="75.17" route="routebottom" type="cfm-fast" waiting="0.00" lane="right_0" pos="34.86" speed="26.46" angle="301.82" x="95.10" y="124.64"/>
        <vehicle id="cfm-fast_3" eclass="HBEFA3/PC_G_EU4" CO2="0.00" CO="0.00" HC="0.00" NOx="0.00" PMx="0.00" fuel="0.00" electricity="0.00" noise="70.58" route="routetop" type="cfm-fast" waiting="0.00" lane="top_0" pos="4.12" speed="26.08" angle="267.13" x="54.74" y="131.69"/>
        <vehicle id="cfm-fast_4" eclass="HBEFA3/PC_G_EU4" CO2="160135.25" CO="3401.54" HC="19.50" NOx="74.55" PMx="4.23" fuel="68.83" electricity="0.00" noise="135.09" route="routetop" type="cfm-fast" waiting="0.00" lane="top_1" pos="29.49" speed="41.96" angle="221.43" x="11.45" y="102.89"/>
        <vehicle id="cfm-fast_5" eclass="HBEFA3/PC_G_EU4" CO2="7799.92" CO="84.59" HC="0.58" NOx="3.12" PMx="0.15" fuel="3.35" electricity="0.00" noise="70.71" route="routetop" type="cfm-fast" waiting="0.00" lane="top_0" pos="25.28" speed="20.44" angle="228.99" x="14.73" y="111.74"/>
        <vehicle id="cfm-slow_0" eclass="HBEFA3/PC_G_EU4" CO2="11548.53" CO="162.35" HC="1.02" NOx="4.91" PMx="0.25" fuel="4.96" electricity="0.00" noise="72.75" route="routetop" type="cfm-slow" waiting="0.00" lane="top_0" pos="38.32" speed="19.78" angle="205.53" x="-0.36" y="88.32"/>
        <vehicle id="cfm-slow_1" eclass="HBEFA3/PC_G_EU4" CO2="15083.72" CO="234.68" HC="1.44" NOx="6.56" PMx="0.34" fuel="6.48" electricity="0.00" noise="75.23" route="routetop" type="cfm-slow" waiting="0.00" lane="left_0" pos="4.42" speed="20.26" angle="176.59" x="-4.27" y="54.10"/>
        <vehicle id="cfm-slow_2" eclass="HBEFA3/PC_G_EU4" CO2="21508.36" CO="366.64" HC="2.20" NOx="9.57" PMx="0.51" fuel="9.25" electricity="0.00" noise="79.76" route="routetop" type="cfm-slow" waiting="0.00" lane="left_0" pos="21.02" speed="21.38" angle="146.63" x="9.50" y="21.58"/>
        <vehicle id="cfm-slow_3" eclass="HBEFA3/PC_G_EU4" CO2="29992.46" CO="543.65" HC="3.22" NOx="13.52" PMx="0.74" fuel="12.89" electricity="0.00" noise="85.06" route="routetop" type="cfm-slow" waiting="0.00" lane="left_0" pos="38.81" speed="23.53" angle="114.68" x="40.00" y="-0.73"/>
        <vehicle id="cfm-slow_4" eclass="HBEFA3/PC_G_EU4" CO2="34671.09" CO="650.39" HC="3.83" NOx="15.66" PMx="0.87" fuel="14.90" electricity="0.00" noise="86.78" route="routebottom" type="cfm-slow" waiting="0.00" lane="bottom_0" pos="8.86" speed="26.68" angle="78.47" x="82.57" y="-2.29"/>
        <vehicle id="cfm-slow_5" eclass="HBEFA3/PC_G_EU4" CO2="25510.36" CO="480.13" HC="2.83" NOx="11.27" PMx="0.64" fuel="10.97" electricity="0.00" noise="81.02" route="routebottom" type="cfm-slow" waiting="0.00" lane="bottom_0" pos="32.14" speed="29.78" angle="36.74" x="121.75" y="27.13"/>
    </timestep>
    <timestep time="3.12">
        <vehicle id="cfm-fast_0" eclass="HBEFA3/PC_G_EU4" CO2="12109.28" CO="205.62" HC="1.24" NOx="4.94" PMx="0.29" fuel="5.21" electricity="0.00" noise="75.48" route="routebottom" type="cfm-fast" waiting="0.00" lane="right_0" pos="9.80" speed="29.97" angle="346.80" x="129.02" y="84.51"/>
        <vehicle id="cfm-fast_1" eclass="HBEFA3/PC_G_EU4" CO2="155392.92" CO="3306.46" HC="18.94" NOx="72.31" PMx="4.11" fuel="66.80" electricity="0.00" noise="133.02" route="routebottom" type="cfm-fast" waiting="0.00" lane="right_1" pos="32.46" speed="42.10" angle="306.10" x="97.86" y="119.30"/>
        <vehicle id="cfm-fast_2" eclass="HBEFA3/PC_G_EU4" CO2="13569.58" CO="214.99" HC="1.32" NOx="5.71" PMx="0.32" fuel="5.83" electricity="0.00" noise="75.06" route="routebottom" type="cfm-fast" waiting="0.00" lane="right_0" pos="35.13" speed="26.47" angle="301.34" x="94.59" y="124.90"/>
        <vehicle id="cfm-fast_3" eclass="HBEFA3/PC_G_EU4" CO2="0.00" CO="0.00" HC="0.00" NOx="0.00" PMx="0.00" fuel="0.00" electricity="0.00" noise="70.56" route="routetop" type="cfm-fast" waiting="0.00" lane="top_0" pos="4.38" speed="26.07" angle="266.66" x="54.18" y="131.61"/>
        <vehicle id="cfm-fast_4" eclass="HBEFA3/PC_G_EU4" CO2="160692.24" CO="3415.39" HC="19.57" NOx="74.81" PMx="4.24" fuel="69.07" electricity="0.00" noise="135.15" route="routetop" type="cfm-fast" waiting="0.00" lane="top_1" pos="29.91" speed="42.09" angle="220.64" x="10.95" y="102.19"/>
        <vehicle id="cfm-fast_5" eclass="HBEFA3/PC_G_EU4" CO2="7767.66" CO="83.92" HC="0.57" NOx="3.11" PMx="0.15" fuel="3.34" electricity="0.00" noise="70.69" route="routetop" type="cfm-fast" waiting="0.00" lane="top_0" pos="25.49" speed="20.45" angle="228.62" x="14.42" y="111.43"/>
        <vehicle id="cfm-slow_0" eclass="HBEFA3/PC_G_EU4" CO2="11532.97" CO="162.01" HC="1.02" NOx="4.90" PMx="0.25" fuel="4.96" electricity="0.00" noise="72.75" route="routetop" type="cfm-slow" waiting="0.00" lane="top_0" pos="38.52" speed="19.80" angle="205.22" x="-0.51" y="87.92"/>
        <vehicle id="cfm-slow_1" eclass="HBEFA3/PC_G_EU4" CO2="15094.89" CO="234.89" HC="1.44" NOx="6.57" PMx="0.34" fuel="6.49" electricity="0.00" noise="75.24" route="routetop" type="cfm-slow" waiting="0.00" lane="left_0" pos="4.62" speed="20.28" angle="176.22" x="-4.21" y="53.67"/>
        <vehicle id="cfm-slow_2" eclass="HBEFA3/PC_G_EU4" CO2="21538.25" CO="367.26" HC="2.20" NOx="9.58" PMx="0.51" fuel="9.26" electricity="0.00" noise="79.78" route="routetop" type="cfm-slow" waiting="0.00" lane="left_0" pos="21.23" speed="21.41" angle="146.23" x="9.78" y="21.21"/>
        <vehicle id="cfm-slow_3" eclass="HBEFA3/PC_G_EU4" CO2="29991.05" CO="543.71" HC="3.22" NOx="13.52" PMx="0.74" fuel="12.89" electricity="0.00" noise="85.04" route="routetop" type="cfm-slow" waiting="0.00" lane="left_0" pos="39.05" speed="23.57" angle="114.25" x="40.47" y="-0.90"/>
        <vehicle id="cfm-slow_4" eclass="HBEFA3/PC_G_EU4" CO2="34544.36" CO="647.98" HC="3.81" NOx="15.60" PMx="0.87" fuel="14.85" electricity="0.00" noise="86.69" route="routebottom" type="cfm-slow" waiting="0.00" lane="bottom_0" pos="9.12" speed="26.72" angle="78.01" x="83.12" y="-2.12"/>
        <vehicle id="cfm-slow_5" eclass="HBEFA3/PC_G_EU4" CO2="25248.02" CO="474.92" HC="2.80" NOx="11.14" PMx="0.63" fuel="10.85" electricity="0.00" noise="80.89" route="routebottom" type="cfm-slow" waiting="0.00" lane="bottom_0" pos="32.44" speed="29.81" angle="36.18" x="122.08" y="27.68"/>
    </timestep>
    <timestep time="3.13">
        <vehicle id="cfm-fast_0" eclass="HBEFA3/PC_G_EU4" CO2="11841.17" CO="200.16" HC="1.21" NOx="4.81" PMx="0.28" fuel="5.09" electricity="0.00" noise="75.40" route="routebottom" type="cfm-fast" waiting="0.00" lane="right_0" pos="10.10" speed="29.98" angle="346.27" x="128.83" y="85.13"/>
        <vehicle id="cfm-fast_1" eclass="HBEFA3/PC_G_EU4" CO2="154640.76" CO="3293.26" HC="18.87" NOx="71.95" PMx="4.09" fuel="66.47" electricity="0.00" noise="132.57" route="routebottom" type="cfm-fast" waiting="0.00" lane="right_1" pos="32.88" speed="42.23" angle="305.33" x="97.11" y="119.74"/>
        <vehicle id="cfm-fast_2" eclass="HBEFA3/PC_G_EU4" CO2="13301.89" CO="209.54" HC="1.29" NOx="5.58" PMx="0.31" fuel="5.72" electricity="0.00" noise="74.94" route="routebottom" type="cfm-fast" waiting="0.00" lane="right_0" pos="35.39" speed="26.48" angle="300.86" x="94.08" y="125.15"/>
        <vehicle id="cfm-fast_3" eclass="HBEFA3/PC_G_EU4" CO2="0.00" CO="0.00" HC="0.00" NOx="0.00" PMx="0.00" fuel="0.00" electricity="0.00" noise="70.55" route="routetop" type="cfm-fast" waiting="0.00" lane="top_0" pos="4.64" speed="26.05" angle="266.19" x="53.63" y="131.53"/>
        <vehicle id="cfm-fast_4" eclass="HBEFA3/PC_G_EU4" CO2="161249.52" CO="3429.25" HC="19.65" NOx="75.07" PMx="4.26" fuel="69.31" electricity="0.00" noise="135.22" route="routetop" type="cfm-fast" waiting="0.00" lane="top_1" pos="30.34" speed="42.23" angle="219.84" x="10.44" y="101.48"/>
        <vehicle id="cfm-fast_5" eclass="HBEFA3/PC_G_EU4" CO2="7736.13" CO="83.27" HC="0.57" NOx="3.09" PMx="0.15" fuel="3.33" electricity="0.00" noise="70.68" route="routetop" type="cfm-fast" waiting="0.00" lane="top_0" pos="25.69" speed="20.46" angle="228.30" x="14.11" y="111.11"/>
        <vehicle id="cfm-slow_0" eclass="HBEFA3/PC_G_EU4" CO2="11518.04" CO="161.68" HC="1.02" NOx="4.89" PMx="0.25" fuel="4.95" electricity="0.00" noise="72.74" route="routetop" type="cfm-slow" waiting="0.00" lane="top_0" pos="38.72" speed="19.81" angle="204.86" x="-0.66" y="87.52"/>
        <vehicle id="cfm-slow_1" eclass="HBEFA3/PC_G_EU4" CO2="15106.61" CO="235.12" HC="1.44" NOx="6.57" PMx="0.34" fuel="6.49" electricity="0.00" noise="75.24" route="routetop" type="cfm-slow" waiting="0.00" lane="left_0" pos="4.82" speed="20.30" angle="175.85" x="-4.15" y="53.24"/>
        <vehicle id="cfm-slow_2" eclass="HBEFA3/PC_G_EU4" CO2="21568.24" CO="367.88" HC="2.21" NOx="9.60" PMx="0.51" fuel="9.27" electricity="0.00" noise="79.79" route="routetop" type="cfm-slow" waiting="0.00" lane="left_0" pos="21.45" speed="21.44" angle="145.84" x="10.06" y="20.85"/>
        <vehicle id="cfm-slow_3" eclass="HBEFA3/PC_G_EU4" CO2="29988.91" CO="543.75" HC="3.22" NOx="13.52" PMx="0.74" fuel="12.89" electricity="0.00" noise="85.02" route="routetop" type="cfm-slow" waiting="0.00" lane="left_0" pos="39.28" speed="23.61" angle="113.81" x="40.95" y="-1.07"/>
        <vehicle id="cfm-slow_4" eclass="HBEFA3/PC_G_EU4" CO2="34416.63" CO="645.55" HC="3.80" NOx="15.54" PMx="0.86" fuel="14.79" electricity="0.00" noise="86.59" route="routebottom" type="cfm-slow" waiting="0.00" lane="bottom_0" pos="9.39" speed="26.77" angle="77.52" x="83.67" y="-1.95"/>
        <vehicle id="cfm-slow_5" eclass="HBEFA3/PC_G_EU4" CO2="24986.39" CO="469.71" HC="2.77" NOx="11.02" PMx="0.63" fuel="10.74" electricity="0.00" noise="80.76" route="routebottom" type="cfm-slow" waiting="0.00" lane="bottom_0" pos="32.74" speed="29.83" angle="35.62" x="122.40" y="28.23"/>
    </timestep>
    <timestep time="3.14">
        <vehicle id="cfm-fast_0" eclass="HBEFA3/PC_G_EU4" CO2="11575.18" CO="194.74" HC="1.18" NOx="4.69" PMx="0.28" fuel="4.98" electricity="0.00" noise="75.32" route="routebottom" type="cfm-fast" waiting="0.00" lane="right_0" pos="10.40" speed="29.99" angle="345.77" x="128.63" y="85.74"/>
        <vehicle id="cfm-fast_1" eclass="HBEFA3/PC_G_EU4" CO2="153900.36" CO="3280.30" HC="18.79" NOx="71.60" PMx="4.07" fuel="66.15" electricity="0.00" noise="132.14" route="routebottom" type="cfm-fast" waiting="0.00" lane="right_1" pos="33.31" speed="42.36" angle="304.60" x="96.37" y="120.19"/>
        <vehicle id="cfm-fast_2" eclass="HBEFA3/PC_G_EU4" CO2="13035.93" CO="204.12" HC="1.26" NOx="5.45" PMx="0.30" fuel="5.60" electricity="0.00" noise="74.84" route="routebottom" type="cfm-fast" waiting="0.00" lane="right_0" pos="35.66" speed="26.50" angle="300.38" x="93.57" y="125.41"/>
        <vehicle id="cfm-fast_3" eclass="HBEFA3/PC_G_EU4" CO2="0.00" CO="0.00" HC="0.00" NOx="0.00" PMx="0.00" fuel="0.00" electricity="0.00" noise="70.53" route="routetop" type="cfm-fast" waiting="0.00" lane="top_0" pos="4.90" speed="26.04" angle="265.72" x="53.07" y="131.45"/>
        <vehicle id="cfm-fast_4" eclass="HBEFA3/PC_G_EU4" CO2="161807.09" CO="3443.14" HC="19.73" NOx="75.33" PMx="4.28" fuel="69.55" electricity="0.00" noise="135.28" route="routetop" type="cfm-fast" waiting="0.00" lane="top_1" pos="30.76" speed="42.37" angle="219.09" x="9.93" y="100.78"/>
        <vehicle id="cfm-fast_5" eclass="HBEFA3/PC_G_EU4" CO2="7705.34" CO="82.63" HC="0.56" NOx="3.08" PMx="0.15" fuel="3.31" electricity="0.00" noise="70.67" route="routetop" type="cfm-fast" waiting="0.00" lane="top_0" pos="25.90" speed="20.47" angle="227.92" x="13.81" y="110.79"/>
        <vehicle id="cfm-slow_0" eclass="HBEFA3/PC_G_EU4" CO2="11503.73" CO="161.37" HC="1.02" NOx="4.88" PMx="0.25" fuel="4.94" electricity="0.00" noise="72.73" route="routetop" type="cfm-slow" waiting="0.00" lane="top_0" pos="38.92" speed="19.83" angle="204.49" x="-0.80" y="87.12"/>
        <vehicle id="cfm-slow_1" eclass="HBEFA3/PC_G_EU4" CO2="15118.86" CO="235.36" HC="1.44" NOx="6.58" PMx="0.34" fuel="6.50" electricity="0.00" noise="75.25" route="routetop" type="cfm-slow" waiting="0.00" lane="left_0" pos="5.02" speed="20.32" angle="175.42" x="-4.09" y="52.80"/>
        <vehicle id="cfm-slow_2" eclass="HBEFA3/PC_G_EU4" CO2="21598.32" CO="368.51" HC="2.21" NOx="9.61" PMx="0.52" fuel="9.28" electricity="0.00" noise="79.80" route="routetop" type="cfm-slow" waiting="0.00" lane="left_0" pos="21.66" speed="21.48" angle="145.45" x="10.35" y="20.49"/>
        <vehicle id="cfm-slow_3" eclass="HBEFA3/PC_G_EU4" CO2="29986.04" CO="543.78" HC="3.22" NOx="13.52" PMx="0.74" fuel="12.89" electricity="0.00" noise="85.00" route="routetop" type="cfm-slow" waiting="0.00" lane="left_0" pos="39.52" speed="23.66" angle="113.38" x="41.43" y="-1.24"/>
        <vehicle id="cfm-slow_4" eclass="HBEFA3/PC_G_EU4" CO2="34287.90" CO="643.09" HC="3.78" NOx="15.48" PMx="0.86" fuel="14.74" electricity="0.00" noise="86.50" route="routebottom" type="cfm-slow" waiting="0.00" lane="bottom_0" pos="9.66" speed="26.81" angle="77.02" x="84.22" y="-1.78"/>
        <vehicle id="cfm-slow_5" eclass="HBEFA3/PC_G_EU4" CO2="24725.47" CO="464.51" HC="2.74" NOx="10.90" PMx="0.62" fuel="10.63" electricity="0.00" noise="80.63" route="routebottom" type="cfm-slow" waiting="0.00" lane="bottom_0" pos="33.03" speed="29.86" angle="35.06" x="122.73" y="28.78"/>
    </timestep>
    <timestep time="3.15">
        <vehicle id="cfm-fast_0" eclass="HBEFA3/PC_G_EU4" CO2="11311.32" CO="189.36" HC="1.15" NOx="4.56" PMx="0.27" fuel="4.86" electricity="0.00" noise="75.24" route="routebottom" type="cfm-fast" waiting="0.00" lane="right_0" pos="10.70" speed="30.00" angle="345.20" x="128.41" y="86.35"/>
        <vehicle id="cfm-fast_1" eclass="HBEFA3/PC_G_EU4" CO2="153171.80" CO="3267.58" HC="18.71" NOx="71.25" PMx="4.05" fuel="65.84" electricity="0.00" noise="131.71" route="routebottom" type="cfm-fast" waiting="0.00" lane="right_1" pos="33.73" speed="42.49" angle="303.83" x="95.61" y="120.61"/>
        <vehicle id="cfm-fast_2" eclass="HBEFA3/PC_G_EU4" CO2="12771.71" CO="198.73" HC="1.22" NOx="5.33" PMx="0.30" fuel="5.49" electricity="0.00" noise="74.73" route="routebottom" type="cfm-fast" waiting="0.00" lane="right_0" pos="35.92" speed="26.51" angle="299.95" x="93.06" y="125.66"/>
        <vehicle id="cfm-fast_3" eclass="HBEFA3/PC_G_EU4" CO2="0.00" CO="0.00" HC="0.00" NOx="0.00" PMx="0.00" fuel="0.00" electricity="0.00" noise="70.51" route="routetop" type="cfm-fast" waiting="0.00" lane="top_0" pos="5.16" speed="26.02" angle="265.20" x="52.52" y="131.36"/>
        <vehicle id="cfm-fast_4" eclass="HBEFA3/PC_G_EU4" CO2="162364.96" CO="3457.05" HC="19.80" NOx="75.59" PMx="4.29" fuel="69.79" electricity="0.00" noise="135.35" route="routetop" type="cfm-fast" waiting="0.00" lane="top_1" pos="31.18" speed="42.50" angle="218.33" x="9.45" y="100.05"/>
        <vehicle id="cfm-fast_5" eclass="HBEFA3/PC_G_EU4" CO2="7675.26" CO="82.01" HC="0.56" NOx="3.06" PMx="0.15" fuel="3.30" electricity="0.00" noise="70.66" route="routetop" type="cfm-fast" waiting="0.00" lane="top_0" pos="26.10" speed="20.48" angle="227.54" x="13.51" y="110.47"/>
        <vehicle id="cfm-slow_0" eclass="HBEFA3/PC_G_EU4" CO2="11490.05" CO="161.07" HC="1.01" NOx="4.88" PMx="0.25" fuel="4.94" electricity="0.00" noise="72.72" route="routetop" type="cfm-slow" waiting="0.00" lane="top_0" pos="39.11" speed="19.84" angle="204.12" x="-0.95" y="86.72"/>
        <vehicle id="cfm-slow_1" eclass="HBEFA3/PC_G_EU4" CO2="15131.65" CO="235.60" HC="1.45" NOx="6.58" PMx="0.35" fuel="6.50" electricity="0.00" noise="75.26" route="routetop" type="cfm-slow" waiting="0.00" lane="left_0" pos="5.23" speed="20.35" angle="175.08" x="-4.02" y="52.37"/>
        <vehicle id="cfm-slow_2" eclass="HBEFA3/PC_G_EU4" CO2="21628.47" CO="369.14" HC="2.22" NOx="9.62" PMx="0.52" fuel="9.30" electricity="0.00" noise="79.81" route="routetop" type="cfm-slow" waiting="0.00" lane="left_0" pos="21.88" speed="21.51" angle="145.10" x="10.64" y="20.13"/>
        <vehicle id="cfm-slow_3" eclass="HBEFA3/PC_G_EU4" CO2="29982.43" CO="543.79" HC="3.22" NOx="13.51" PMx="0.74" fuel="12.89" electricity="0.00" noise="84.98" route="routetop" type="cfm-slow" waiting="0.00" lane="left_0" pos="39.76" speed="23.70" angle="113.00" x="41.91" y="-1.41"/>
        <vehicle id="cfm-slow_4" eclass="HBEFA3/PC_G_EU4" CO2="34158.20" CO="640.62" HC="3.77" NOx="15.41" PMx="0.86" fuel="14.68" electricity="0.00" noise="86.40" route="routebottom" type="cfm-slow" waiting="0.00" lane="bottom_0" pos="9.93" speed="26.85" angle="76.53" x="84.77" y="-1.61"/>
        <vehicle id="cfm-slow_5" eclass="HBEFA3/PC_G_EU4" CO2="24465.28" CO="459.33" HC="2.71" NOx="10.77" PMx="0.61" fuel="10.52" electricity="0.00" noise="80.50" route="routebottom" type="cfm-slow" waiting="0.00" lane="bottom_0" pos="33.33" speed="29.88" angle="34.56" x="123.06" y="29.33"/>
    </timestep>
    <timestep time="3.16">
        <vehicle id="cfm-fast_0" eclass="HBEFA3/PC_G_EU4" CO2="11049.55" CO="184.02" HC="1.12" NOx="4.44" PMx="0.26" fuel="4.75" electricity="0.00" noise="75.17" route="routebottom" type="cfm-fast" waiting="0.00" lane="right_0" pos="11.00" speed="30.00" angle="344.63" x="128.19" y="86.95"/>
        <vehicle id="cfm-fast_1" eclass="HBEFA3/PC_G_EU4" CO2="152455.13" CO="3255.10" HC="18.64" NOx="70.91" PMx="4.03" fuel="65.53" electricity="0.00" noise="131.29" route="routebottom" type="cfm-fast" waiting="0.00" lane="right_1" pos="34.16" speed="42.62" angle="303.05" x="94.84" y="121.04"/>
        <vehicle id="cfm-fast_2" eclass="HBEFA3/PC_G_EU4" CO2="12509.25" CO="193.37" HC="1.19" NOx="5.21" PMx="0.29" fuel="5.38" electricity="0.00" noise="74.63" route="routebottom" type="cfm-fast" waiting="0.00" lane="right_0" pos="36.19" speed="26.52" angle="299.44" x="92.54" y="125.90"/>
        <vehicle id="cfm-fast_3" eclass="HBEFA3/PC_G_EU4" CO2="0.00" CO="0.00" HC="0.00" NOx="0.00" PMx="0.00" fuel="0.00" electricity="0.00" noise="70.50" route="routetop" type="cfm-fast" waiting="0.00" lane="top_0" pos="5.42" speed="26.01" angle="264.71" x="51.97" y="131.26"/>
        <vehicle id="cfm-fast_4" eclass="HBEFA3/PC_G_EU4" CO2="162923.11" CO="3470.99" HC="19.88" NOx="75.85" PMx="4.31" fuel="70.03" electricity="0.00" noise="135.41" route="routetop" type="cfm-fast" waiting="0.00" lane="top_1" pos="31.61" speed="42.64" angle="217.57" x="8.96" y="99.33"/>
        <vehicle id="cfm-fast_5" eclass="HBEFA3/PC_G_EU4" CO2="7645.91" CO="81.40" HC="0.56" NOx="3.05" PMx="0.15" fuel="3.29" electricity="0.00" noise="70.65" route="routetop" type="cfm-fast" waiting="0.00" lane="top_0" pos="26.31" speed="20.49" angle="227.16" x="13.21" y="110.14"/>
        <vehicle id="cfm-slow_0" eclass="HBEFA3/PC_G_EU4" CO2="11477.00" CO="160.79" HC="1.01" NOx="4.87" PMx="0.25" fuel="4.93" electricity="0.00" noise="72.72" route="routetop" type="cfm-slow" waiting="0.00" lane="top_0" pos="39.31" speed="19.86" angle="203.76" x="-1.09" y="86.32"/>
        <vehicle id="cfm-slow_1" eclass="HBEFA3/PC_G_EU4" CO2="15144.95" CO="235.86" HC="1.45" NOx="6.59" PMx="0.35" fuel="6.51" electricity="0.00" noise="75.27" route="routetop" type="cfm-slow" waiting="0.00" lane="left_0" pos="5.43" speed="20.37" angle="174.71" x="-3.94" y="51.94"/>
        <vehicle id="cfm-slow_2" eclass="HBEFA3/PC_G_EU4" CO2="21658.69" CO="369.77" HC="2.22" NOx="9.64" PMx="0.52" fuel="9.31" electricity="0.00" noise="79.83" route="routetop" type="cfm-slow" waiting="0.00" lane="left_0" pos="22.09" speed="21.54" angle="144.70" x="10.94" y="19.77"/>
        <vehicle id="cfm-slow_3" eclass="HBEFA3/PC_G_EU4" CO2="29978.08" CO="543.79" HC="3.22" NOx="13.51" PMx="0.74" fuel="12.89" electricity="0.00" noise="84.96" route="routetop" type="cfm-slow" waiting="0.00" lane="left_0" pos="40.00" speed="23.74" angle="112.56" x="42.40" y="-1.57"/>
        <vehicle id="cfm-slow_4" eclass="HBEFA3/PC_G_EU4" CO2="34027.52" CO="638.13" HC="3.75" NOx="15.35" PMx="0.85" fuel="14.63" electricity="0.00" noise="86.31" route="routebottom" type="cfm-slow" waiting="0.00" lane="bottom_0" pos="10.20" speed="26.89" angle="76.09" x="85.32" y="-1.44"/>
        <vehicle id="cfm-slow_5" eclass="HBEFA3/PC_G_EU4" CO2="24205.83" CO="454.16" HC="2.68" NOx="10.65" PMx="0.61" fuel="10.40" electricity="0.00" noise="80.38" route="routebottom" type="cfm-slow" waiting="0.00" lane="bottom_0" pos="33.63" speed="29.90" angle="34.01" x="123.38" y="29.90"/>
    </timestep>
    <timestep time="3.17">
        <vehicle id="cfm-fast_0" eclass="HBEFA3/PC_G_EU4" CO2="10789.88" CO="178.72" HC="1.09" NOx="4.32" PMx="0.26" fuel="4.64" electricity="0.00" noise="75.09" route="routebottom" type="cfm-fast" waiting="0.00" lane="right_0" pos="11.30" speed="30.01" angle="344.06" x="127.97" y="87.56"/>
        <vehicle id="cfm-fast_1" eclass="HBEFA3/PC_G_EU4" CO2="151750.43" CO="3242.85" HC="18.57" NOx="70.58" PMx="4.02" fuel="65.23" electricity="0.00" noise="130.88" route="routebottom" type="cfm-fast" waiting="0.00" lane="right_1" pos="34.59" speed="42.74" angle="302.31" x="94.07" y="121.46"/>
        <vehicle id="cfm-fast_2" eclass="HBEFA3/PC_G_EU4" CO2="12248.58" CO="188.06" HC="1.16" NOx="5.08" PMx="0.28" fuel="5.27" electricity="0.00" noise="74.53" route="routebottom" type="cfm-fast" waiting="0.00" lane="right_0" pos="36.45" speed="26.53" angle="298.92" x="92.02" y="126.13"/>
        <vehicle id="cfm-fast_3" eclass="HBEFA3/PC_G_EU4" CO2="0.00" CO="0.00" HC="0.00" NOx="0.00" PMx="0.00" fuel="0.00" electricity="0.00" noise="70.48" route="routetop" type="cfm-fast" waiting="0.00" lane="top_0" pos="5.68" speed="25.99" angle="264.23" x="51.42" y="131.16"/>
        <vehicle id="cfm-fast_4" eclass="HBEFA3/PC_G_EU4" CO2="163481.56" CO="3484.94" HC="19.96" NOx="76.11" PMx="4.32" fuel="70.27" electricity="0.00" noise="135.48" route="routetop" type="cfm-fast" waiting="0.00" lane="top_1" pos="32.04" speed="42.77" angle="216.86" x="8.48" y="98.60"/>
        <vehicle id="cfm-fast_5" eclass="HBEFA3/PC_G_EU4" CO2="7617.27" CO="80.80" HC="0.55" NOx="3.03" PMx="0.15" fuel="3.27" electricity="0.00" noise="70.63" route="routetop" type="cfm-fast" waiting="0.00" lane="top_0" pos="26.51" speed="20.49" angle="226.78" x="12.92" y="109.82"/>
        <vehicle id="cfm-slow_0" eclass="HBEFA3/PC_G_EU4" CO2="11464.55" CO="160.51" HC="1.01" NOx="4.86" PMx="0.25" fuel="4.93" electricity="0.00" noise="72.71" route="routetop" type="cfm-slow" waiting="0.00" lane="top_0" pos="39.51" speed="19.88" angle="203.39" x="-1.23" y="85.92"/>
        <vehicle id="cfm-slow_1" eclass="HBEFA3/PC_G_EU4" CO2="15158.77" CO="236.13" HC="1.45" NOx="6.60" PMx="0.35" fuel="6.52" electricity="0.00" noise="75.28" route="routetop" type="cfm-slow" waiting="0.00" lane="left_0" pos="5.64" speed="20.39" angle="174.33" x="-3.86" y="51.51"/>
        <vehicle id="cfm-slow_2" eclass="HBEFA3/PC_G_EU4" CO2="21688.97" CO="370.41" HC="2.22" NOx="9.65" PMx="0.52" fuel="9.32" electricity="0.00" noise="79.84" route="routetop" type="cfm-slow" waiting="0.00" lane="left_0" pos="22.31" speed="21.57" angle="144.30" x="11.24" y="19.42"/>
        <vehicle id="cfm-slow_3" eclass="HBEFA3/PC_G_EU4" CO2="29972.98" CO="543.78" HC="3.22" NOx="13.51" PMx="0.74" fuel="12.88" electricity="0.00" noise="84.93" route="routetop" type="cfm-slow" waiting="0.00" lane="left_0" pos="40.23" speed="23.78" angle="112.11" x="42.89" y="-1.72"/>
        <vehicle id="cfm-slow_4" eclass="HBEFA3/PC_G_EU4" CO2="33895.89" CO="635.62" HC="3.74" NOx="15.29" PMx="0.85" fuel="14.57" electricity="0.00" noise="86.21" route="routebottom" type="cfm-slow" waiting="0.00" lane="bottom_0" pos="10.47" speed="26.93" angle="75.60" x="85.87" y="-1.25"/>
        <vehicle id="cfm-slow_5" eclass="HBEFA3/PC_G_EU4" CO2="23947.13" CO="449.01" HC="2.65" NOx="10.53" PMx="0.60" fuel="10.29" electricity="0.00" noise="80.25" route="routebottom" type="cfm-slow" waiting="0.00" lane="bottom_0" pos="33.93" speed="29.93" angle="33.46" x="123.69" y="30.46"/>
    </timestep>
    <timestep time="3.18">
        <vehicle id="cfm-fast_0" eclass="HBEFA3/PC_G_EU4" CO2="10532.29" CO="173.46" HC="1.06" NOx="4.20" PMx="0.25" fuel="4.53" electricity="0.00" noise="75.02" route="routebottom" type="cfm-fast" waiting="0.00" lane="right_0" pos="11.60" speed="30.02" angle="343.55" x="127.74" y="88.16"/>
        <vehicle id="cfm-fast_1" eclass="HBEFA3/PC_G_EU4" CO2="151057.73" CO="3230.85" HC="18.49" NOx="70.25" PMx="4.00" fuel="64.93" electricity="0.00" noise="130.48" route="routebottom" type="cfm-fast" waiting="0.00" lane="right_1" pos="35.02" speed="42.87" angle="301.53" x="93.29" y="121.86"/>
        <vehicle id="cfm-fast_2" eclass="HBEFA3/PC_G_EU4" CO2="11989.71" CO="182.77" HC="1.13" NOx="4.96" PMx="0.28" fuel="5.15" electricity="0.00" noise="74.43" route="routebottom" type="cfm-fast" waiting="0.00" lane="right_0" pos="36.72" speed="26.54" angle="298.40" x="91.50" y="126.36"/>
        <vehicle id="cfm-fast_3" eclass="HBEFA3/PC_G_EU4" CO2="0.00" CO="0.00" HC="0.00" NOx="0.00" PMx="0.00" fuel="0.00" electricity="0.00" noise="70.47" route="routetop" type="cfm-fast" waiting="0.00" lane="top_0" pos="5.94" speed="25.98" angle="263.74" x="50.87" y="131.06"/>
        <vehicle id="cfm-fast_4" eclass="HBEFA3/PC_G_EU4" CO2="164040.30" CO="3498.91" HC="20.04" NOx="76.37" PMx="4.34" fuel="70.51" electricity="0.00" noise="135.55" route="routetop" type="cfm-fast" waiting="0.00" lane="top_1" pos="32.47" speed="42.91" angle="216.08" x="8.02" y="97.85"/>
        <vehicle id="cfm-fast_5" eclass="HBEFA3/PC_G_EU4" CO2="7589.34" CO="80.23" HC="0.55" NOx="3.02" PMx="0.15" fuel="3.26" electricity="0.00" noise="70.62" route="routetop" type="cfm-fast" waiting="0.00" lane="top_0" pos="26.72" speed="20.50" angle="226.40" x="12.62" y="109.49"/>
        <vehicle id="cfm-slow_0" eclass="HBEFA3/PC_G_EU4" CO2="11452.73" CO="160.25" HC="1.01" NOx="4.86" PMx="0.25" fuel="4.92" electricity="0.00" noise="72.70" route="routetop" type="cfm-slow" waiting="0.00" lane="top_0" pos="39.71" speed="19.89" angle="203.06" x="-1.38" y="85.51"/>
        <vehicle id="cfm-slow_1" eclass="HBEFA3/PC_G_EU4" CO2="15173.10" CO="236.41" HC="1.45" NOx="6.60" PMx="0.35" fuel="6.52" electricity="0.00" noise="75.29" route="routetop" type="cfm-slow" waiting="0.00" lane="left_0" pos="5.84" speed="20.41" angle="173.96" x="-3.78" y="51.08"/>
        <vehicle id="cfm-slow_2" eclass="HBEFA3/PC_G_EU4" CO2="21719.30" CO="371.05" HC="2.23" NOx="9.66" PMx="0.52" fuel="9.34" electricity="0.00" noise="79.85" route="routetop" type="cfm-slow" waiting="0.00" lane="left_0" pos="22.52" speed="21.61" angle="143.89" x="11.54" y="19.06"/>
        <vehicle id="cfm-slow_3" eclass="HBEFA3/PC_G_EU4" CO2="29967.13" CO="543.75" HC="3.22" NOx="13.50" PMx="0.74" fuel="12.88" electricity="0.00" noise="84.91" route="routetop" type="cfm-slow" waiting="0.00" lane="left_0" pos="40.47" speed="23.82" angle="111.67" x="43.38" y="-1.87"/>
        <vehicle id="cfm-slow_4" eclass="HBEFA3/PC_G_EU4" CO2="33763.32" CO="633.09" HC="3.72" NOx="15.22" PMx="0.85" fuel="14.51" electricity="0.00" noise="86.12" route="routebottom" type="cfm-slow" waiting="0.00" lane="bottom_0" pos="10.74" speed="26.97" angle="75.10" x="86.42" y="-1.05"/>
        <vehicle id="cfm-slow_5" eclass="HBEFA3/PC_G_EU4" CO2="23689.19" CO="443.86" HC="2.62" NOx="10.41" PMx="0.59" fuel="10.18" electricity="0.00" noise="80.13" route="routebottom" type="cfm-slow" waiting="0.00" lane="bottom_0" pos="34.23" speed="29.95" angle="32.91" x="124.00" y="31.02"/>
    </timestep>
    <timestep time="3.19">
        <vehicle id="cfm-fast_0" eclass="HBEFA3/PC_G_EU4" CO2="10276.77" CO="168.24" HC="1.03" NOx="4.08" PMx="0.24" fuel="4.42" electricity="0.00" noise="74.95" route="routebottom" type="cfm-fast" waiting="0.00" lane="right_0" pos="11.90" speed="30.02" angle="343.01" x="127.50" y="88.76"/>
        <vehicle id="cfm-fast_1" eclass="HBEFA3/PC_G_EU4" CO2="150377.10" CO="3219.09" HC="18.42" NOx="69.92" PMx="3.98" fuel="64.64" electricity="0.00" noise="130.09" route="routebottom" type="cfm-fast" waiting="0.00" lane="right_1" pos="35.45" speed="42.99" angle="300.73" x="92.50" y="122.25"/>
        <vehicle id="cfm-fast_2" eclass="HBEFA3/PC_G_EU4" CO2="11732.65" CO="177.53" HC="1.10" NOx="4.84" PMx="0.27" fuel="5.04" electricity="0.00" noise="74.33" route="routebottom" type="cfm-fast" waiting="0.00" lane="right_0" pos="36.99" speed="26.55" angle="297.89" x="90.98" y="126.59"/>
        <vehicle id="cfm-fast_3" eclass="HBEFA3/PC_G_EU4" CO2="0.00" CO="0.00" HC="0.00" NOx="0.00" PMx="0.00" fuel="0.00" electricity="0.00" noise="70.45" route="routetop" type="cfm-fast" waiting="0.00" lane="top_0" pos="6.20" speed="25.96" angle="263.26" x="50.32" y="130.96"/>
        <vehicle id="cfm-fast_4" eclass="HBEFA3/PC_G_EU4" CO2="164599.33" CO="3512.91" HC="20.12" NOx="76.63" PMx="4.35" fuel="70.75" electricity="0.00" noise="135.61" route="routetop" type="cfm-fast" waiting="0.00" lane="top_1" pos="32.90" speed="43.05" angle="215.30" x="7.57" y="97.09"/>
        <vehicle id="cfm-fast_5" eclass="HBEFA3/PC_G_EU4" CO2="7562.12" CO="79.66" HC="0.55" NOx="3.01" PMx="0.15" fuel="3.25" electricity="0.00" noise="70.61" route="routetop" type="cfm-fast" waiting="0.00" lane="top_0" pos="26.92" speed="20.51" angle="226.08" x="12.32" y="109.17"/>
        <vehicle id="cfm-slow_0" eclass="HBEFA3/PC_G_EU4" CO2="11441.51" CO="160.00" HC="1.01" NOx="4.85" PMx="0.25" fuel="4.92" electricity="0.00" noise="72.70" route="routetop" type="cfm-slow" waiting="0.00" lane="top_0" pos="39.91" speed="19.91" angle="202.72" x="-1.51" y="85.11"/>
        <vehicle id="cfm-slow_1" eclass="HBEFA3/PC_G_EU4" CO2="15187.94" CO="236.71" HC="1.45" NOx="6.61" PMx="0.35" fuel="6.53" electricity="0.00" noise="75.29" route="routetop" type="cfm-slow" waiting="0.00" lane="left_0" pos="6.04" speed="20.43" angle="173.59" x="-3.70" y="50.64"/>
        <vehicle id="cfm-slow_2" eclass="HBEFA3/PC_G_EU4" CO2="21749.68" CO="371.68" HC="2.23" NOx="9.68" PMx="0.52" fuel="9.35" electricity="0.00" noise="79.86" route="routetop" type="cfm-slow" waiting="0.00" lane="left_0" pos="22.74" speed="21.64" angle="143.49" x="11.84" y="18.71"/>
        <vehicle id="cfm-slow_3" eclass="HBEFA3/PC_G_EU4" CO2="29960.52" CO="543.71" HC="3.22" NOx="13.50" PMx="0.74" fuel="12.88" electricity="0.00" noise="84.89" route="routetop" type="cfm-slow" waiting="0.00" lane="left_0" pos="40.71" speed="23.87" angle="111.22" x="43.87" y="-2.02"/>
        <vehicle id="cfm-slow_4" eclass="HBEFA3/PC_G_EU4" CO2="33629.82" CO="630.54" HC="3.71" NOx="15.16" PMx="0.84" fuel="14.46" electricity="0.00" noise="86.02" route="routebottom" type="cfm-slow" waiting="0.00" lane="bottom_0" pos="11.01" speed="27.02" angle="74.60" x="86.96" y="-0.86"/>
        <vehicle id="cfm-slow_5" eclass="HBEFA3/PC_G_EU4" CO2="23432.02" CO="438.74" HC="2.59" NOx="10.28" PMx="0.59" fuel="10.07" electricity="0.00" noise="80.01" route="routebottom" type="cfm-slow" waiting="0.00" lane="bottom_0" pos="34.53" speed="29.97" angle="32.38" x="124.31" y="31.59"/>
    </timestep>
    <timestep time="3.20">
        <vehicle id="cfm-fast_0" eclass="HBEFA3/PC_G_EU4" CO2="10023.31" CO="163.06" HC="1.00" NOx="3.96" PMx="0.24" fuel="4.31" electricity="0.00" noise="74.89" route="routebottom" type="cfm-fast" waiting="0.00" lane="right_0" pos="12.20" speed="30.03" angle="342.46" x="127.26" y="89.36"/>
        <vehicle id="cfm-fast_1" eclass="HBEFA3/PC_G_EU4" CO2="149708.56" CO="3207.58" HC="18.36" NOx="69.60" PMx="3.97" fuel="64.35" electricity="0.00" noise="129.71" route="routebottom" type="cfm-fast" waiting="0.00" lane="right_1" pos="35.88" speed="43.11" angle="299.97" x="91.71" y="122.64"/>
        <vehicle id="cfm-fast_2" eclass="HBEFA3/PC_G_EU4" CO2="11477.44" CO="172.32" HC="1.07" NOx="4.72" PMx="0.26" fuel="4.93" electricity="0.00" noise="74.23" route="routebottom" type="cfm-fast" waiting="0.00" lane="right_0" pos="37.25" speed="26.56" angle="297.46" x="90.46" y="126.82"/>
        <vehicle id="cfm-fast_3" eclass="HBEFA3/PC_G_EU4" CO2="0.00" CO="0.00" HC="0.00" NOx="0.00" PMx="0.00" fuel="0.00" electricity="0.00" noise="70.44" route="routetop" type="cfm-fast" waiting="0.00" lane="top_0" pos="6.46" speed="25.95" angle="262.84" x="49.77" y="130.85"/>
        <vehicle id="cfm-fast_4" eclass="HBEFA3/PC_G_EU4" CO2="165158.66" CO="3526.93" HC="20.19" NOx="76.89" PMx="4.37" fuel="70.99" electricity="0.00" noise="135.68" route="routetop" type="cfm-fast" waiting="0.00" lane="top_1" pos="33.33" speed="43.18" angle="214.57" x="7.11" y="96.33"/>
        <vehicle id="cfm-fast_5" eclass="HBEFA3/PC_G_EU4" CO2="7535.60" CO="79.11" HC="0.54" NOx="3.00" PMx="0.15" fuel="3.24" electricity="0.00" noise="70.60" route="routetop" type="cfm-fast" waiting="0.00" lane="top_0" pos="27.13" speed="20.52" angle="225.70" x="12.03" y="108.83"/>
        <vehicle id="cfm-slow_0" eclass="HBEFA3/PC_G_EU4" CO2="11430.90" CO="159.77" HC="1.01" NOx="4.85" PMx="0.25" fuel="4.91" electricity="0.00" noise="72.69" route="routetop" type="cfm-slow" waiting="0.00" lane="top_0" pos="40.11" speed="19.92" angle="202.35" x="-1.64" y="84.70"/>
        <vehicle id="cfm-slow_1" eclass="HBEFA3/PC_G_EU4" CO2="15203.27" CO="237.01" HC="1.45" NOx="6.62" PMx="0.35" fuel="6.54" electricity="0.00" noise="75.30" route="routetop" type="cfm-slow" waiting="0.00" lane="left_0" pos="6.25" speed="20.46" angle="173.22" x="-3.62" y="50.21"/>
        <vehicle id="cfm-slow_2" eclass="HBEFA3/PC_G_EU4" CO2="21780.08" CO="372.32" HC="2.23" NOx="9.69" PMx="0.52" fuel="9.36" electricity="0.00" noise="79.88" route="routetop" type="cfm-slow" waiting="0.00" lane="left_0" pos="22.96" speed="21.67" angle="143.09" x="12.14" y="18.35"/>
        <vehicle id="cfm-slow_3" eclass="HBEFA3/PC_G_EU4" CO2="29953.15" CO="543.65" HC="3.22" NOx="13.50" PMx="0.74" fuel="12.88" electricity="0.00" noise="84.86" route="routetop" type="cfm-slow" waiting="0.00" lane="left_0" pos="40.95" speed="23.91" angle="110.79" x="44.36" y="-2.17"/>
        <vehicle id="cfm-slow_4" eclass="HBEFA3/PC_G_EU4" CO2="33495.39" CO="627.97" HC="3.69" NOx="15.10" PMx="0.84" fuel="14.40" electricity="0.00" noise="85.93" route="routebottom" type="cfm-slow" waiting="0.00" lane="bottom_0" pos="11.28" speed="27.06" angle="74.09" x="87.51" y="-0.66"/>
        <vehicle id="cfm-slow_5" eclass="HBEFA3/PC_G_EU4" CO2="23175.64" CO="433.62" HC="2.56" NOx="10.16" PMx="0.58" fuel="9.96" electricity="0.00" noise="79.89" route="routebottom" type="cfm-slow" waiting="0.00" lane="bottom_0" pos="34.83" speed="30.00" angle="31.87" x="124.61" y="32.16"/>
    </timestep>
    <timestep time="3.21">
        <vehicle id="cfm-fast_0" eclass="HBEFA3/PC_G_EU4" CO2="9771.89" CO="157.93" HC="0.97" NOx="3.84" PMx="0.23" fuel="4.20" electricity="0.00" noise="74.82" route="routebottom" type="cfm-fast" waiting="0.00" lane="right_0" pos="12.50" speed="30.03" angle="341.91" x="127.02" y="89.96"/>
        <vehicle id="cfm-fast_1" eclass="HBEFA3/PC_G_EU4" CO2="149052.15" CO="3196.31" HC="18.29" NOx="69.29" PMx="3.95" fuel="64.07" electricity="0.00" noise="129.33" route="routebottom" type="cfm-fast" waiting="0.00" lane="right_1" pos="36.31" speed="43.24" angle="299.17" x="90.90" y="123.01"/>
        <vehicle id="cfm-fast_2" eclass="HBEFA3/PC_G_EU4" CO2="11224.07" CO="167.14" HC="1.04" NOx="4.60" PMx="0.26" fuel="4.82" electricity="0.00" noise="74.14" route="routebottom" type="cfm-fast" waiting="0.00" lane="right_0" pos="37.52" speed="26.57" angle="296.98" x="89.93" y="127.04"/>
        <vehicle id="cfm-fast_3" eclass="HBEFA3/PC_G_EU4" CO2="0.00" CO="0.00" HC="0.00" NOx="0.00" PMx="0.00" fuel="0.00" electricity="0.00" noise="70.42" route="routetop" type="cfm-fast" waiting="0.00" lane="top_0" pos="6.72" speed="25.93" angle="262.35" x="49.23" y="130.73"/>
        <vehicle id="cfm-fast_4" eclass="HBEFA3/PC_G_EU4" CO2="165718.27" CO="3540.97" HC="20.27" NOx="77.16" PMx="4.39" fuel="71.23" electricity="0.00" noise="135.74" route="routetop" type="cfm-fast" waiting="0.00" lane="top_1" pos="33.76" speed="43.32" angle="213.78" x="6.68" y="95.55"/>
        <vehicle id="cfm-fast_5" eclass="HBEFA3/PC_G_EU4" CO2="7509.77" CO="78.57" HC="0.54" NOx="2.98" PMx="0.15" fuel="3.23" electricity="0.00" noise="70.59" route="routetop" type="cfm-fast" waiting="0.00" lane="top_0" pos="27.33" speed="20.53" angle="225.31" x="11.74" y="108.50"/>
        <vehicle id="cfm-slow_0" eclass="HBEFA3/PC_G_EU4" CO2="11420.90" CO="159.55" HC="1.01" NOx="4.84" PMx="0.25" fuel="4.91" electricity="0.00" noise="72.69" route="routetop" type="cfm-slow" waiting="0.00" lane="top_0" pos="40.31" speed="19.94" angle="201.98" x="-1.76" y="84.29"/>
        <vehicle id="cfm-slow_1" eclass="HBEFA3/PC_G_EU4" CO2="15219.08" CO="237.32" HC="1.46" NOx="6.62" PMx="0.35" fuel="6.54" electricity="0.00" noise="75.31" route="routetop" type="cfm-slow" waiting="0.00" lane="left_0" pos="6.45" speed="20.48" angle="172.89" x="-3.53" y="49.78"/>
        <vehicle id="cfm-slow_2" eclass="HBEFA3/PC_G_EU4" CO2="21810.51" CO="372.96" HC="2.24" NOx="9.70" PMx="0.52" fuel="9.38" electricity="0.00" noise="79.89" route="routetop" type="cfm-slow" waiting="0.00" lane="left_0" pos="23.17" speed="21.70" angle="142.76" x="12.45" y="18.00"/>
        <vehicle id="cfm-slow_3" eclass="HBEFA3/PC_G_EU4" CO2="29945.01" CO="543.58" HC="3.22" NOx="13.49" PMx="0.74" fuel="12.87" electricity="0.00" noise="84.84" route="routetop" type="cfm-slow" waiting="0.00" lane="left_0" pos="41.19" speed="23.95" angle="110.39" x="44.86" y="-2.31"/>
        <vehicle id="cfm-slow_4" eclass="HBEFA3/PC_G_EU4" CO2="33360.06" CO="625.39" HC="3.68" NOx="15.03" PMx="0.84" fuel="14.34" electricity="0.00" noise="85.83" route="routebottom" type="cfm-slow" waiting="0.00" lane="bottom_0" pos="11.55" speed="27.10" angle="73.66" x="88.06" y="-0.46"/>
        <vehicle id="cfm-slow_5" eclass="HBEFA3/PC_G_EU4" CO2="22920.04" CO="428.52" HC="2.53" NOx="10.04" PMx="0.57" fuel="9.85" electricity="0.00" noise="79.77" route="routebottom" type="cfm-slow" waiting="0.00" lane="bottom_0" pos="35.13" speed="30.02" angle="31.33" x="124.90" y="32.74"/>
    </timestep>
    <timestep time="3.22">
        <vehicle id="cfm-fast_0" eclass="HBEFA3/PC_G_EU4" CO2="9522.50" CO="152.83" HC="0.94" NOx="3.72" PMx="0.22" fuel="4.09" electricity="0.00" noise="74.76" route="routebottom" type="cfm-fast" waiting="0.00" lane="right_0" pos="12.80" speed="30.04" angle="341.42" x="126.78" y="90.56"/>
        <vehicle id="cfm-fast_1" eclass="HBEFA3/PC_G_EU4" CO2="148407.91" CO="3185.28" HC="18.22" NOx="68.99" PMx="3.93" fuel="63.79" electricity="0.00" noise="128.96" route="routebottom" type="cfm-fast" waiting="0.00" lane="right_1" pos="36.74" speed="43.36" angle="298.35" x="90.09" y="123.38"/>
        <vehicle id="cfm-fast_2" eclass="HBEFA3/PC_G_EU4" CO2="10972.57" CO="162.01" HC="1.01" NOx="4.48" PMx="0.25" fuel="4.72" electricity="0.00" noise="74.05" route="routebottom" type="cfm-fast" waiting="0.00" lane="right_0" pos="37.78" speed="26.58" angle="296.50" x="89.39" y="127.25"/>
        <vehicle id="cfm-fast_3" eclass="HBEFA3/PC_G_EU4" CO2="0.00" CO="0.00" HC="0.00" NOx="0.00" PMx="0.00" fuel="0.00" electricity="0.00" noise="70.41" route="routetop" type="cfm-fast" waiting="0.00" lane="top_0" pos="6.98" speed="25.92" angle="261.86" x="48.69" y="130.61"/>
        <vehicle id="cfm-fast_4" eclass="HBEFA3/PC_G_EU4" CO2="166278.18" CO="3555.03" HC="20.35" NOx="77.42" PMx="4.40" fuel="71.47" electricity="0.00" noise="135.81" route="routetop" type="cfm-fast" waiting="0.00" lane="top_1" pos="34.20" speed="43.46" angle="212.98" x="6.25" y="94.77"/>
        <vehicle id="cfm-fast_5" eclass="HBEFA3/PC_G_EU4" CO2="7484.63" CO="78.05" HC="0.54" NOx="2.97" PMx="0.15" fuel="3.22" electricity="0.00" noise="70.58" route="routetop" type="cfm-fast" waiting="0.00" lane="top_0" pos="27.54" speed="20.53" angle="224.93" x="11.46" y="108.16"/>
        <vehicle id="cfm-slow_0" eclass="HBEFA3/PC_G_EU4" CO2="11411.50" CO="159.34" HC="1.01" NOx="4.84" PMx="0.25" fuel="4.91" electricity="0.00" noise="72.69" route="routetop" type="cfm-slow" waiting="0.00" lane="top_0" pos="40.51" speed="19.96" angle="201.60" x="-1.89" y="83.88"/>
        <vehicle id="cfm-slow_1" eclass="HBEFA3/PC_G_EU4" CO2="15235.39" CO="237.64" HC="1.46" NOx="6.63" PMx="0.35" fuel="6.55" electricity="0.00" noise="75.32" route="routetop" type="cfm-slow" waiting="0.00" lane="left_0" pos="6.66" speed="20.50" angle="172.50" x="-3.43" y="49.35"/>
        <vehicle id="cfm-slow_2" eclass="HBEFA3/PC_G_EU4" CO2="21840.96" CO="373.61" HC="2.24" NOx="9.72" PMx="0.52" fuel="9.39" electricity="0.00" noise="79.90" route="routetop" type="cfm-slow" waiting="0.00" lane="left_0" pos="23.39" speed="21.73" angle="142.37" x="12.77" y="17.66"/>
        <vehicle id="cfm-slow_3" eclass="HBEFA3/PC_G_EU4" CO2="29936.10" CO="543.50" HC="3.22" NOx="13.49" PMx="0.74" fuel="12.87" electricity="0.00" noise="84.82" route="routetop" type="cfm-slow" waiting="0.00" lane="left_0" pos="41.43" speed="23.99" angle="109.94" x="45.35" y="-2.45"/>
        <vehicle id="cfm-slow_4" eclass="HBEFA3/PC_G_EU4" CO2="33223.83" CO="622.78" HC="3.66" NOx="14.97" PMx="0.83" fuel="14.28" electricity="0.00" noise="85.74" route="routebottom" type="cfm-slow" waiting="0.00" lane="bottom_0" pos="11.82" speed="27.14" angle="73.17" x="88.60" y="-0.25"/>
        <vehicle id="cfm-slow_5" eclass="HBEFA3/PC_G_EU4" CO2="22665.25" CO="423.44" HC="2.50" NOx="9.92" PMx="0.57" fuel="9.74" electricity="0.00" noise="79.65" route="routebottom" type="cfm-slow" waiting="0.00" lane="bottom_0" pos="35.43" speed="30.04" angle="30.78" x="125.19" y="33.31"/>
    </timestep>
    <timestep time="3.23">
        <vehicle id="cfm-fast_0" eclass="HBEFA3/PC_G_EU4" CO2="9275.14" CO="147.77" HC="0.91" NOx="3.60" PMx="0.22" fuel="3.99" electricity="0.00" noise="74.69" route="routebottom" type="cfm-fast" waiting="0.00" lane="right_0" pos="13.10" speed="30.04" angle="340.88" x="126.52" y="91.15"/>
        <vehicle id="cfm-fast_1" eclass="HBEFA3/PC_G_EU4" CO2="147775.84" CO="3174.50" HC="18.16" NOx="68.69" PMx="3.92" fuel="63.52" electricity="0.00" noise="128.60" route="routebottom" type="cfm-fast" waiting="0.00" lane="right_1" pos="37.18" speed="43.48" angle="297.59" x="89.28" y="123.74"/>
        <vehicle id="cfm-fast_2" eclass="HBEFA3/PC_G_EU4" CO2="10722.95" CO="156.91" HC="0.98" NOx="4.36" PMx="0.24" fuel="4.61" electricity="0.00" noise="73.96" route="routebottom" type="cfm-fast" waiting="0.00" lane="right_0" pos="38.05" speed="26.59" angle="296.02" x="88.86" y="127.46"/>
        <vehicle id="cfm-fast_3" eclass="HBEFA3/PC_G_EU4" CO2="0.00" CO="0.00" HC="0.00" NOx="0.00" PMx="0.00" fuel="0.00" electricity="0.00" noise="70.39" route="routetop" type="cfm-fast" waiting="0.00" lane="top_0" pos="7.23" speed="25.90" angle="261.37" x="48.14" y="130.48"/>
        <vehicle id="cfm-fast_4" eclass="HBEFA3/PC_G_EU4" CO2="166838.38" CO="3569.11" HC="20.43" NOx="77.68" PMx="4.42" fuel="71.72" electricity="0.00" noise="135.87" route="routetop" type="cfm-fast" waiting="0.00" lane="top_1" pos="34.63" speed="43.59" angle="212.25" x="5.82" y="93.99"/>
        <vehicle id="cfm-fast_5" eclass="HBEFA3/PC_G_EU4" CO2="7460.18" CO="77.55" HC="0.53" NOx="2.96" PMx="0.15" fuel="3.21" electricity="0.00" noise="70.57" route="routetop" type="cfm-fast" waiting="0.00" lane="top_0" pos="27.74" speed="20.54" angle="224.55" x="11.17" y="107.83"/>
        <vehicle id="cfm-slow_0" eclass="HBEFA3/PC_G_EU4" CO2="11402.69" CO="159.14" HC="1.00" NOx="4.83" PMx="0.25" fuel="4.90" electricity="0.00" noise="72.68" route="routetop" type="cfm-slow" waiting="0.00" lane="top_0" pos="40.71" speed="19.97" angle="201.23" x="-2.02" y="83.46"/>
        <vehicle id="cfm-slow_1" eclass="HBEFA3/PC_G_EU4" CO2="15252.17" CO="237.98" HC="1.46" NOx="6.64" PMx="0.35" fuel="6.56" electricity="0.00" noise="75.34" route="routetop" type="cfm-slow" waiting="0.00" lane="left_0" pos="6.86" speed="20.52" angle="172.10" x="-3.34" y="48.92"/>
        <vehicle id="cfm-slow_2" eclass="HBEFA3/PC_G_EU4" CO2="21871.41" CO="374.25" HC="2.25" NOx="9.73" PMx="0.52" fuel="9.40" electricity="0.00" noise="79.92" route="routetop" type="cfm-slow" waiting="0.00" lane="left_0" pos="23.61" speed="21.77" angle="141.97" x="13.09" y="17.32"/>
        <vehicle id="cfm-slow_3" eclass="HBEFA3/PC_G_EU4" CO2="29926.42" CO="543.40" HC="3.22" NOx="13.48" PMx="0.74" fuel="12.86" electricity="0.00" noise="84.79" route="routetop" type="cfm-slow" waiting="0.00" lane="left_0" pos="41.67" speed="24.03" angle="109.49" x="45.85" y="-2.58"/>
        <vehicle id="cfm-slow_4" eclass="HBEFA3/PC_G_EU4" CO2="33086.72" CO="620.16" HC="3.65" NOx="14.90" PMx="0.83" fuel="14.22" electricity="0.00" noise="85.64" route="routebottom" type="cfm-slow" waiting="0.00" lane="bottom_0" pos="12.09" speed="27.18" angle="72.69" x="89.15" y="-0.03"/>
        <vehicle id="cfm-slow_5" eclass="HBEFA3/PC_G_EU4" CO2="22411.27" CO="418.36" HC="2.47" NOx="9.80" PMx="0.56" fuel="9.63" electricity="0.00" noise="79.54" route="routebottom" type="cfm-slow" waiting="0.00" lane="bottom_0" pos="35.73" speed="30.06" angle="30.24" x="125.48" y="33.89"/>
    </timestep>
    <timestep time="3.24">
        <vehicle id="cfm-fast_0" eclass="HBEFA3/PC_G_EU4" CO2="9029.78" CO="142.75" HC="0.88" NOx="3.49" PMx="0.21" fuel="3.88" electricity="0.00" noise="74.63" route="routebottom" type="cfm-fast" waiting="0.00" lane="right_0" pos="13.40" speed="30.04" angle="340.33" x="126.25" y="91.74"/>
        <vehicle id="cfm-fast_1" eclass="HBEFA3/PC_G_EU4" CO2="147155.98" CO="3163.96" HC="18.09" NOx="68.39" PMx="3.90" fuel="63.25" electricity="0.00" noise="128.25" route="routebottom" type="cfm-fast" waiting="0.00" lane="right_1" pos="37.61" speed="43.60" angle="296.79" x="88.45" y="124.07"/>
        <vehicle id="cfm-fast_2" eclass="HBEFA3/PC_G_EU4" CO2="10475.23" CO="151.84" HC="0.95" NOx="4.24" PMx="0.24" fuel="4.50" electricity="0.00" noise="73.88" route="routebottom" type="cfm-fast" waiting="0.00" lane="right_0" pos="38.31" speed="26.60" angle="295.54" x="88.33" y="127.67"/>
        <vehicle id="cfm-fast_3" eclass="HBEFA3/PC_G_EU4" CO2="0.00" CO="0.00" HC="0.00" NOx="0.00" PMx="0.00" fuel="0.00" electricity="0.00" noise="70.38" route="routetop" type="cfm-fast" waiting="0.00" lane="top_0" pos="7.49" speed="25.88" angle="260.89" x="47.60" y="130.36"/>
        <vehicle id="cfm-fast_4" eclass="HBEFA3/PC_G_EU4" CO2="167398.87" CO="3583.22" HC="20.51" NOx="77.94" PMx="4.43" fuel="71.96" electricity="0.00" noise="135.94" route="routetop" type="cfm-fast" waiting="0.00" lane="top_1" pos="35.07" speed="43.73" angle="211.45" x="5.41" y="93.19"/>
        <vehicle id="cfm-fast_5" eclass="HBEFA3/PC_G_EU4" CO2="7436.40" CO="77.05" HC="0.53" NOx="2.95" PMx="0.14" fuel="3.20" electricity="0.00" noise="70.57" route="routetop" type="cfm-fast" waiting="0.00" lane="top_0" pos="27.95" speed="20.55" angle="224.16" x="10.88" y="107.49"/>
        <vehicle id="cfm-slow_0" eclass="HBEFA3/PC_G_EU4" CO2="11394.47" CO="158.96" HC="1.00" NOx="4.83" PMx="0.25" fuel="4.90" electricity="0.00" noise="72.68" route="routetop" type="cfm-slow" waiting="0.00" lane="top_0" pos="40.91" speed="19.99" angle="200.86" x="-2.14" y="83.05"/>
        <vehicle id="cfm-slow_1" eclass="HBEFA3/PC_G_EU4" CO2="15269.41" CO="238.32" HC="1.46" NOx="6.64" PMx="0.35" fuel="6.56" electricity="0.00" noise="75.35" route="routetop" type="cfm-slow" waiting="0.00" lane="left_0" pos="7.07" speed="20.55" angle="171.71" x="-3.24" y="48.49"/>
        <vehicle id="cfm-slow_2" eclass="HBEFA3/PC_G_EU4" CO2="21901.85" CO="374.89" HC="2.25" NOx="9.74" PMx="0.52" fuel="9.41" electricity="0.00" noise="79.93" route="routetop" type="cfm-slow" waiting="0.00" lane="left_0" pos="23.83" speed="21.80" angle="141.58" x="13.41" y="16.97"/>
        <vehicle id="cfm-slow_3" eclass="HBEFA3/PC_G_EU4" CO2="29915.95" CO="543.28" HC="3.22" NOx="13.47" PMx="0.74" fuel="12.86" electricity="0.00" noise="84.77" route="routetop" type="cfm-slow" waiting="0.00" lane="left_0" pos="41.91" speed="24.07" angle="109.05" x="46.35" y="-2.71"/>
        <vehicle id="cfm-slow_4" eclass="HBEFA3/PC_G_EU4" CO2="32948.74" CO="617.52" HC="3.63" NOx="14.83" PMx="0.82" fuel="14.16" electricity="0.00" noise="85.54" route="routebottom" type="cfm-slow" waiting="0.00" lane="bottom_0" pos="12.36" speed="27.22" angle="72.20" x="89.69" y="0.19"/>
        <vehicle id="cfm-slow_5" eclass="HBEFA3/PC_G_EU4" CO2="22158.10" CO="413.31" HC="2.44" NOx="9.68" PMx="0.55" fuel="9.52" electricity="0.00" noise="79.42" route="routebottom" type="cfm-slow" waiting="0.00" lane="bottom_0" pos="36.03" speed="30.08" angle="29.74" x="125.76" y="34.47"/>
    </timestep>
    <timestep time="3.25">
        <vehicle id="cfm-fast_0" eclass="HBEFA3/PC_G_EU4" CO2="8786.43" CO="137.76" HC="0.85" NOx="3.37" PMx="0.20" fuel="3.78" electricity="0.00" noise="74.57" route="routebottom" type="cfm-fast" waiting="0.00" lane="right_0" pos="13.70" speed="30.05" angle="339.79" x="125.99" y="92.33"/>
        <vehicle id="cfm-fast_1" eclass="HBEFA3/PC_G_EU4" CO2="146548.33" CO="3153.67" HC="18.03" NOx="68.10" PMx="3.89" fuel="62.99" electricity="0.00" noise="127.90" route="routebottom" type="cfm-fast" waiting="0.00" lane="right_1" pos="38.05" speed="43.71" angle="295.97" x="87.62" y="124.40"/>
        <vehicle id="cfm-fast_2" eclass="HBEFA3/PC_G_EU4" CO2="10229.42" CO="146.82" HC="0.92" NOx="4.13" PMx="0.23" fuel="4.40" electricity="0.00" noise="73.79" route="routebottom" type="cfm-fast" waiting="0.00" lane="right_0" pos="38.58" speed="26.60" angle="295.11" x="87.80" y="127.88"/>
        <vehicle id="cfm-fast_3" eclass="HBEFA3/PC_G_EU4" CO2="0.00" CO="0.00" HC="0.00" NOx="0.00" PMx="0.00" fuel="0.00" electricity="0.00" noise="70.36" route="routetop" type="cfm-fast" waiting="0.00" lane="top_0" pos="7.75" speed="25.87" angle="260.47" x="47.06" y="130.23"/>
        <vehicle id="cfm-fast_4" eclass="HBEFA3/PC_G_EU4" CO2="167959.65" CO="3597.34" HC="20.59" NOx="78.20" PMx="4.45" fuel="72.20" electricity="0.00" noise="136.01" route="routetop" type="cfm-fast" waiting="0.00" lane="top_1" pos="35.51" speed="43.87" angle="210.65" x="5.01" y="92.38"/>
        <vehicle id="cfm-fast_5" eclass="HBEFA3/PC_G_EU4" CO2="7413.31" CO="76.57" HC="0.53" NOx="2.94" PMx="0.14" fuel="3.19" electricity="0.00" noise="70.56" route="routetop" type="cfm-fast" waiting="0.00" lane="top_0" pos="28.15" speed="20.56" angle="223.82" x="10.60" y="107.15"/>
        <vehicle id="cfm-slow_0" eclass="HBEFA3/PC_G_EU4" CO2="11386.85" CO="158.78" HC="1.00" NOx="4.83" PMx="0.25" fuel="4.89" electricity="0.00" noise="72.68" route="routetop" type="cfm-slow" waiting="0.00" lane="top_0" pos="41.11" speed="20.00" angle="200.55" x="-2.27" y="82.64"/>
        <vehicle id="cfm-slow_1" eclass="HBEFA3/PC_G_EU4" CO2="15287.13" CO="238.67" HC="1.46" NOx="6.65" PMx="0.35" fuel="6.57" electricity="0.00" noise="75.36" route="routetop" type="cfm-slow" waiting="0.00" lane="left_0" pos="7.28" speed="20.57" angle="171.31" x="-3.14" y="48.06"/>
        <vehicle id="cfm-slow_2" eclass="HBEFA3/PC_G_EU4" CO2="21932.29" CO="375.54" HC="2.25" NOx="9.76" PMx="0.52" fuel="9.43" electricity="0.00" noise="79.94" route="routetop" type="cfm-slow" waiting="0.00" lane="left_0" pos="24.05" speed="21.83" angle="141.19" x="13.72" y="16.63"/>
        <vehicle id="cfm-slow_3" eclass="HBEFA3/PC_G_EU4" CO2="29904.71" CO="543.15" HC="3.22" NOx="13.47" PMx="0.74" fuel="12.85" electricity="0.00" noise="84.74" route="routetop" type="cfm-slow" waiting="0.00" lane="left_0" pos="42.15" speed="24.11" angle="108.60" x="46.86" y="-2.85"/>
        <vehicle id="cfm-slow_4" eclass="HBEFA3/PC_G_EU4" CO2="32809.91" CO="614.86" HC="3.62" NOx="14.77" PMx="0.82" fuel="14.10" electricity="0.00" noise="85.45" route="routebottom" type="cfm-slow" waiting="0.00" lane="bottom_0" pos="12.64" speed="27.26" angle="71.72" x="90.23" y="0.41"/>
        <vehicle id="cfm-slow_5" eclass="HBEFA3/PC_G_EU4" CO2="21905.77" CO="408.26" HC="2.41" NOx="9.56" PMx="0.55" fuel="9.42" electricity="0.00" noise="79.31" route="routebottom" type="cfm-slow" waiting="0.00" lane="bottom_0" pos="36.33" speed="30.10" angle="29.15" x="126.02" y="35.07"/>
    </timestep>
    <timestep time="3.26">
        <vehicle id="cfm-fast_0" eclass="HBEFA3/PC_G_EU4" CO2="8545.07" CO="132.82" HC="0.82" NOx="3.26" PMx="0.20" fuel="3.67" electricity="0.00" noise="74.51" route="routebottom" type="cfm-fast" waiting="0.00" lane="right_0" pos="14.00" speed="30.05" angle="339.27" x="125.73" y="92.92"/>
        <vehicle id="cfm-fast_1" eclass="HBEFA3/PC_G_EU4" CO2="145952.90" CO="3143.63" HC="17.97" NOx="67.82" PMx="3.87" fuel="62.74" electricity="0.00" noise="127.57" route="routebottom" type="cfm-fast" waiting="0.00" lane="right_1" pos="38.49" speed="43.83" angle="295.22" x="86.78" y="124.73"/>
        <vehicle id="cfm-fast_2" eclass="HBEFA3/PC_G_EU4" CO2="9985.53" CO="141.83" HC="0.90" NOx="4.01" PMx="0.22" fuel="4.29" electricity="0.00" noise="73.71" route="routebottom" type="cfm-fast" waiting="0.00" lane="right_0" pos="38.85" speed="26.61" angle="294.63" x="87.26" y="128.07"/>
        <vehicle id="cfm-fast_3" eclass="HBEFA3/PC_G_EU4" CO2="0.00" CO="0.00" HC="0.00" NOx="0.00" PMx="0.00" fuel="0.00" electricity="0.00" noise="70.35" route="routetop" type="cfm-fast" waiting="0.00" lane="top_0" pos="8.01" speed="25.85" angle="260.00" x="46.52" y="130.09"/>
        <vehicle id="cfm-fast_4" eclass="HBEFA3/PC_G_EU4" CO2="168520.73" CO="3611.49" HC="20.66" NOx="78.46" PMx="4.46" fuel="72.44" electricity="0.00" noise="136.07" route="routetop" type="cfm-fast" waiting="0.00" lane="top_1" pos="35.95" speed="44.00" angle="209.89" x="4.61" y="91.58"/>
        <vehicle id="cfm-fast_5" eclass="HBEFA3/PC_G_EU4" CO2="7390.88" CO="76.11" HC="0.53" NOx="2.93" PMx="0.14" fuel="3.18" electricity="0.00" noise="70.55" route="routetop" type="cfm-fast" waiting="0.00" lane="top_0" pos="28.36" speed="20.56" angle="223.47" x="10.32" y="106.81"/>
        <vehicle id="cfm-slow_0" eclass="HBEFA3/PC_G_EU4" CO2="11379.81" CO="158.62" HC="1.00" NOx="4.82" PMx="0.25" fuel="4.89" electricity="0.00" noise="72.67" route="routetop" type="cfm-slow" waiting="0.00" lane="top_0" pos="41.31" speed="20.02" angle="200.18" x="-2.38" y="82.23"/>
        <vehicle id="cfm-slow_1" eclass="HBEFA3/PC_G_EU4" CO2="15305.30" CO="239.04" HC="1.47" NOx="6.66" PMx="0.35" fuel="6.58" electricity="0.00" noise="75.37" route="routetop" type="cfm-slow" waiting="0.00" lane="left_0" pos="7.48" speed="20.59" angle="170.92" x="-3.04" y="47.62"/>
        <vehicle id="cfm-slow_2" eclass="HBEFA3/PC_G_EU4" CO2="21962.70" CO="376.18" HC="2.26" NOx="9.77" PMx="0.53" fuel="9.44" electricity="0.00" noise="79.95" route="routetop" type="cfm-slow" waiting="0.00" lane="left_0" pos="24.26" speed="21.86" angle="140.81" x="14.04" y="16.28"/>
        <vehicle id="cfm-slow_3" eclass="HBEFA3/PC_G_EU4" CO2="29892.68" CO="543.00" HC="3.21" NOx="13.46" PMx="0.74" fuel="12.85" electricity="0.00" noise="84.72" route="routetop" type="cfm-slow" waiting="0.00" lane="left_0" pos="42.39" speed="24.16" angle="108.21" x="47.36" y="-2.98"/>
        <vehicle id="cfm-slow_4" eclass="HBEFA3/PC_G_EU4" CO2="32670.22" CO="612.18" HC="3.60" NOx="14.70" PMx="0.82" fuel="14.04" electricity="0.00" noise="85.35" route="routebottom" type="cfm-slow" waiting="0.00" lane="bottom_0" pos="12.91" speed="27.29" angle="71.28" x="90.77" y="0.64"/>
        <vehicle id="cfm-slow_5" eclass="HBEFA3/PC_G_EU4" CO2="21654.27" CO="403.24" HC="2.38" NOx="9.44" PMx="0.54" fuel="9.31" electricity="0.00" noise="79.20" route="routebottom" type="cfm-slow" waiting="0.00" lane="bottom_0" pos="36.63" speed="30.12" angle="28.56" x="126.29" y="35.66"/>
    </timestep>
    <timestep time="3.27">
        <vehicle id="cfm-fast_0" eclass="HBEFA3/PC_G_EU4" CO2="8305.68" CO="127.91" HC="0.79" NOx="3.14" PMx="0.19" fuel="3.57" electricity="0.00" noise="74.46" route="routebottom" type="cfm-fast" waiting="0.00" lane="right_0" pos="14.30" speed="30.06" angle="338.74" x="125.44" y="93.51"/>
        <vehicle id="cfm-fast_1" eclass="HBEFA3/PC_G_EU4" CO2="145369.69" CO="3133.83" HC="17.91" NOx="67.54" PMx="3.86" fuel="62.49" electricity="0.00" noise="127.24" route="routebottom" type="cfm-fast" waiting="0.00" lane="right_1" pos="38.93" speed="43.95" angle="294.43" x="85.93" y="125.04"/>
        <vehicle id="cfm-fast_2" eclass="HBEFA3/PC_G_EU4" CO2="9743.57" CO="136.88" HC="0.87" NOx="3.90" PMx="0.22" fuel="4.19" electricity="0.00" noise="73.63" route="routebottom" type="cfm-fast" waiting="0.00" lane="right_0" pos="39.11" speed="26.62" angle="294.15" x="86.72" y="128.27"/>
        <vehicle id="cfm-fast_3" eclass="HBEFA3/PC_G_EU4" CO2="0.00" CO="0.00" HC="0.00" NOx="0.00" PMx="0.00" fuel="0.00" electricity="0.00" noise="70.34" route="routetop" type="cfm-fast" waiting="0.00" lane="top_0" pos="8.27" speed="25.84" angle="259.53" x="45.98" y="129.94"/>
        <vehicle id="cfm-fast_4" eclass="HBEFA3/PC_G_EU4" CO2="169082.10" CO="3625.66" HC="20.74" NOx="78.73" PMx="4.48" fuel="72.68" electricity="0.00" noise="136.14" route="routetop" type="cfm-fast" waiting="0.00" lane="top_1" pos="36.39" speed="44.14" angle="209.06" x="4.24" y="90.75"/>
        <vehicle id="cfm-fast_5" eclass="HBEFA3/PC_G_EU4" CO2="7369.12" CO="75.66" HC="0.52" NOx="2.92" PMx="0.14" fuel="3.17" electricity="0.00" noise="70.54" route="routetop" type="cfm-fast" waiting="0.00" lane="top_0" pos="28.56" speed="20.57" angle="223.10" x="10.05" y="106.46"/>
        <vehicle id="cfm-slow_0" eclass="HBEFA3/PC_G_EU4" CO2="11373.35" CO="158.48" HC="1.00" NOx="4.82" PMx="0.25" fuel="4.89" electricity="0.00" noise="72.67" route="routetop" type="cfm-slow" waiting="0.00" lane="top_0" pos="41.51" speed="20.03" angle="199.80" x="-2.49" y="81.81"/>
        <vehicle id="cfm-slow_1" eclass="HBEFA3/PC_G_EU4" CO2="15323.92" CO="239.41" HC="1.47" NOx="6.67" PMx="0.35" fuel="6.59" electricity="0.00" noise="75.38" route="routetop" type="cfm-slow" waiting="0.00" lane="left_0" pos="7.69" speed="20.61" angle="170.59" x="-2.94" y="47.19"/>
        <vehicle id="cfm-slow_2" eclass="HBEFA3/PC_G_EU4" CO2="21993.09" CO="376.83" HC="2.26" NOx="9.79" PMx="0.53" fuel="9.45" electricity="0.00" noise="79.97" route="routetop" type="cfm-slow" waiting="0.00" lane="left_0" pos="24.48" speed="21.90" angle="140.45" x="14.37" y="15.94"/>
        <vehicle id="cfm-slow_3" eclass="HBEFA3/PC_G_EU4" CO2="29879.86" CO="542.84" HC="3.21" NOx="13.45" PMx="0.74" fuel="12.84" electricity="0.00" noise="84.69" route="routetop" type="cfm-slow" waiting="0.00" lane="left_0" pos="42.63" speed="24.20" angle="107.79" x="47.87" y="-3.09"/>
        <vehicle id="cfm-slow_4" eclass="HBEFA3/PC_G_EU4" CO2="32529.70" CO="609.49" HC="3.59" NOx="14.63" PMx="0.81" fuel="13.98" electricity="0.00" noise="85.26" route="routebottom" type="cfm-slow" waiting="0.00" lane="bottom_0" pos="13.18" speed="27.33" angle="70.77" x="91.31" y="0.88"/>
        <vehicle id="cfm-slow_5" eclass="HBEFA3/PC_G_EU4" CO2="21403.62" CO="398.23" HC="2.35" NOx="9.32" PMx="0.53" fuel="9.20" electricity="0.00" noise="79.08" route="routebottom" type="cfm-slow" waiting="0.00" lane="bottom_0" pos="36.94" speed="30.14" angle="27.98" x="126.55" y="36.25"/>
    </timestep>
    <timestep time="3.28">
        <vehicle id="cfm-fast_0" eclass="HBEFA3/PC_G_EU4" CO2="8068.27" CO="123.05" HC="0.77" NOx="3.03" PMx="0.19" fuel="3.47" electricity="0.00" noise="74.40" route="routebottom" type="cfm-fast" waiting="0.00" lane="right_0" pos="14.61" speed="30.06" angle="338.16" x="125.15" y="94.08"/>
        <vehicle id="cfm-fast_1" eclass="HBEFA3/PC_G_EU4" CO2="144798.70" CO="3124.28" HC="17.86" NOx="67.27" PMx="3.85" fuel="62.24" electricity="0.00" noise="126.92" route="routebottom" type="cfm-fast" waiting="0.00" lane="right_1" pos="39.37" speed="44.06" angle="293.65" x="85.08" y="125.35"/>
        <vehicle id="cfm-fast_2" eclass="HBEFA3/PC_G_EU4" CO2="9503.56" CO="131.97" HC="0.84" NOx="3.78" PMx="0.21" fuel="4.09" electricity="0.00" noise="73.55" route="routebottom" type="cfm-fast" waiting="0.00" lane="right_0" pos="39.38" speed="26.63" angle="293.67" x="86.18" y="128.47"/>
        <vehicle id="cfm-fast_3" eclass="HBEFA3/PC_G_EU4" CO2="0.00" CO="0.00" HC="0.00" NOx="0.00" PMx="0.00" fuel="0.00" electricity="0.00" noise="70.32" route="routetop" type="cfm-fast" waiting="0.00" lane="top_0" pos="8.53" speed="25.82" angle="259.05" x="45.45" y="129.80"/>
        <vehicle id="cfm-fast_4" eclass="HBEFA3/PC_G_EU4" CO2="169643.76" CO="3639.85" HC="20.82" NOx="78.99" PMx="4.50" fuel="72.92" electricity="0.00" noise="136.20" route="routetop" type="cfm-fast" waiting="0.00" lane="top_1" pos="36.83" speed="44.27" angle="208.22" x="3.87" y="89.92"/>
        <vehicle id="cfm-fast_5" eclass="HBEFA3/PC_G_EU4" CO2="7348.02" CO="75.22" HC="0.52" NOx="2.91" PMx="0.14" fuel="3.16" electricity="0.00" noise="70.53" route="routetop" type="cfm-fast" waiting="0.00" lane="top_0" pos="28.77" speed="20.58" angle="222.72" x="9.77" y="106.11"/>
        <vehicle id="cfm-slow_0" eclass="HBEFA3/PC_G_EU4" CO2="11367.47" CO="158.34" HC="1.00" NOx="4.81" PMx="0.25" fuel="4.89" electricity="0.00" noise="72.67" route="routetop" type="cfm-slow" waiting="0.00" lane="top_0" pos="41.71" speed="20.05" angle="199.43" x="-2.60" y="81.39"/>
        <vehicle id="cfm-slow_1" eclass="HBEFA3/PC_G_EU4" CO2="15342.98" CO="239.79" HC="1.47" NOx="6.68" PMx="0.35" fuel="6.60" electricity="0.00" noise="75.39" route="routetop" type="cfm-slow" waiting="0.00" lane="left_0" pos="7.89" speed="20.64" angle="170.21" x="-2.82" y="46.76"/>
        <vehicle id="cfm-slow_2" eclass="HBEFA3/PC_G_EU4" CO2="22023.44" CO="377.47" HC="2.26" NOx="9.80" PMx="0.53" fuel="9.47" electricity="0.00" noise="79.98" route="routetop" type="cfm-slow" waiting="0.00" lane="left_0" pos="24.70" speed="21.93" angle="140.05" x="14.70" y="15.61"/>
        <vehicle id="cfm-slow_3" eclass="HBEFA3/PC_G_EU4" CO2="29866.25" CO="542.67" HC="3.21" NOx="13.45" PMx="0.74" fuel="12.84" electricity="0.00" noise="84.67" route="routetop" type="cfm-slow" waiting="0.00" lane="left_0" pos="42.88" speed="24.24" angle="107.36" x="48.37" y="-3.21"/>
        <vehicle id="cfm-slow_4" eclass="HBEFA3/PC_G_EU4" CO2="32388.37" CO="606.78" HC="3.57" NOx="14.57" PMx="0.81" fuel="13.92" electricity="0.00" noise="85.16" route="routebottom" type="cfm-slow" waiting="0.00" lane="bottom_0" pos="13.46" speed="27.37" angle="70.26" x="91.85" y="1.12"/>
        <vehicle id="cfm-slow_5" eclass="HBEFA3/PC_G_EU4" CO2="21153.82" CO="393.23" HC="2.32" NOx="9.20" PMx="0.53" fuel="9.09" electricity="0.00" noise="78.98" route="routebottom" type="cfm-slow" waiting="0.00" lane="bottom_0" pos="37.24" speed="30.16" angle="27.48" x="126.82" y="36.84"/>
    </timestep>
    <timestep time="3.29">
        <vehicle id="cfm-fast_0" eclass="HBEFA3/PC_G_EU4" CO2="7832.81" CO="118.22" HC="0.74" NOx="2.92" PMx="0.18" fuel="3.37" electricity="0.00" noise="74.35" route="routebottom" type="cfm-fast" waiting="0.00" lane="right_0" pos="14.91" speed="30.06" angle="337.59" x="124.86" y="94.66"/>
        <vehicle id="cfm-fast_1" eclass="HBEFA3/PC_G_EU4" CO2="144239.92" CO="3114.98" HC="17.80" NOx="67.00" PMx="3.83" fuel="62.00" electricity="0.00" noise="126.60" route="routebottom" type="cfm-fast" waiting="0.00" lane="right_1" pos="39.81" speed="44.18" angle="292.92" x="84.23" y="125.66"/>
        <vehicle id="cfm-fast_2" eclass="HBEFA3/PC_G_EU4" CO2="9265.52" CO="127.10" HC="0.81" NOx="3.67" PMx="0.20" fuel="3.98" electricity="0.00" noise="73.48" route="routebottom" type="cfm-fast" waiting="0.00" lane="right_0" pos="39.65" speed="26.63" angle="293.19" x="85.64" y="128.66"/>
        <vehicle id="cfm-fast_3" eclass="HBEFA3/PC_G_EU4" CO2="0.00" CO="0.00" HC="0.00" NOx="0.00" PMx="0.00" fuel="0.00" electricity="0.00" noise="70.31" route="routetop" type="cfm-fast" waiting="0.00" lane="top_0" pos="8.79" speed="25.80" angle="258.58" x="44.91" y="129.66"/>
        <vehicle id="cfm-fast_4" eclass="HBEFA3/PC_G_EU4" CO2="170205.71" CO="3654.06" HC="20.90" NOx="79.25" PMx="4.51" fuel="73.16" electricity="0.00" noise="136.27" route="routetop" type="cfm-fast" waiting="0.00" lane="top_1" pos="37.28" speed="44.41" angle="207.45" x="3.50" y="89.09"/>
        <vehicle id="cfm-fast_5" eclass="HBEFA3/PC_G_EU4" CO2="7327.58" CO="74.79" HC="0.52" NOx="2.90" PMx="0.14" fuel="3.15" electricity="0.00" noise="70.53" route="routetop" type="cfm-fast" waiting="0.00" lane="top_0" pos="28.98" speed="20.59" angle="222.34" x="9.50" y="105.76"/>
        <vehicle id="cfm-slow_0" eclass="HBEFA3/PC_G_EU4" CO2="11362.17" CO="158.22" HC="1.00" NOx="4.81" PMx="0.25" fuel="4.88" electricity="0.00" noise="72.67" route="routetop" type="cfm-slow" waiting="0.00" lane="top_0" pos="41.91" speed="20.07" angle="199.06" x="-2.71" y="80.98"/>
        <vehicle id="cfm-slow_1" eclass="HBEFA3/PC_G_EU4" CO2="15362.48" CO="240.19" HC="1.47" NOx="6.69" PMx="0.35" fuel="6.60" electricity="0.00" noise="75.41" route="routetop" type="cfm-slow" waiting="0.00" lane="left_0" pos="8.10" speed="20.66" angle="169.84" x="-2.71" y="46.33"/>
        <vehicle id="cfm-slow_2" eclass="HBEFA3/PC_G_EU4" CO2="22053.75" CO="378.12" HC="2.27" NOx="9.81" PMx="0.53" fuel="9.48" electricity="0.00" noise="79.99" route="routetop" type="cfm-slow" waiting="0.00" lane="left_0" pos="24.92" speed="21.96" angle="139.65" x="15.04" y="15.27"/>
        <vehicle id="cfm-slow_3" eclass="HBEFA3/PC_G_EU4" CO2="29851.85" CO="542.48" HC="3.21" NOx="13.44" PMx="0.74" fuel="12.83" electricity="0.00" noise="84.64" route="routetop" type="cfm-slow" waiting="0.00" lane="left_0" pos="43.12" speed="24.28" angle="106.92" x="48.88" y="-3.33"/>
        <vehicle id="cfm-slow_4" eclass="HBEFA3/PC_G_EU4" CO2="32246.22" CO="604.05" HC="3.55" NOx="14.50" PMx="0.81" fuel="13.86" electricity="0.00" noise="85.07" route="routebottom" type="cfm-slow" waiting="0.00" lane="bottom_0" pos="13.73" speed="27.41" angle="69.76" x="92.39" y="1.36"/>
        <vehicle id="cfm-slow_5" eclass="HBEFA3/PC_G_EU4" CO2="20904.89" CO="388.25" HC="2.29" NOx="9.09" PMx="0.52" fuel="8.99" electricity="0.00" noise="78.87" route="routebottom" type="cfm-slow" waiting="0.00" lane="bottom_0" pos="37.54" speed="30.18" angle="26.94" x="127.06" y="37.45"/>
    </timestep>
    <timestep time="3.30">
        <vehicle id="cfm-fast_0" eclass="HBEFA3/PC_G_EU4" CO2="7599.30" CO="113.43" HC="0.71" NOx="2.81" PMx="0.17" fuel="3.27" electricity="0.00" noise="74.30" route="routebottom" type="cfm-fast" waiting="0.00" lane="right_0" pos="15.21" speed="30.06" angle="337.02" x="124.57" y="95.24"/>
        <vehicle id="cfm-fast_1" eclass="HBEFA3/PC_G_EU4" CO2="143693.35" CO="3105.92" HC="17.75" NOx="66.74" PMx="3.82" fuel="61.77" electricity="0.00" noise="126.29" route="routebottom" type="cfm-fast" waiting="0.00" lane="right_1" pos="40.25" speed="44.29" angle="292.09" x="83.36" y="125.93"/>
        <vehicle id="cfm-fast_2" eclass="HBEFA3/PC_G_EU4" CO2="9029.44" CO="122.27" HC="0.78" NOx="3.56" PMx="0.20" fuel="3.88" electricity="0.00" noise="73.40" route="routebottom" type="cfm-fast" waiting="0.00" lane="right_0" pos="39.91" speed="26.64" angle="292.75" x="85.10" y="128.84"/>
        <vehicle id="cfm-fast_3" eclass="HBEFA3/PC_G_EU4" CO2="0.00" CO="0.00" HC="0.00" NOx="0.00" PMx="0.00" fuel="0.00" electricity="0.00" noise="70.30" route="routetop" type="cfm-fast" waiting="0.00" lane="top_0" pos="9.04" speed="25.79" angle="258.17" x="44.38" y="129.51"/>
        <vehicle id="cfm-fast_4" eclass="HBEFA3/PC_G_EU4" CO2="170767.95" CO="3668.30" HC="20.98" NOx="79.52" PMx="4.53" fuel="73.40" electricity="0.00" noise="136.33" route="routetop" type="cfm-fast" waiting="0.00" lane="top_1" pos="37.72" speed="44.55" angle="206.60" x="3.16" y="88.24"/>
        <vehicle id="cfm-fast_5" eclass="HBEFA3/PC_G_EU4" CO2="7307.79" CO="74.38" HC="0.52" NOx="2.89" PMx="0.14" fuel="3.14" electricity="0.00" noise="70.52" route="routetop" type="cfm-fast" waiting="0.00" lane="top_0" pos="29.18" speed="20.59" angle="221.97" x="9.23" y="105.41"/>
        <vehicle id="cfm-slow_0" eclass="HBEFA3/PC_G_EU4" CO2="11357.44" CO="158.11" HC="1.00" NOx="4.81" PMx="0.25" fuel="4.88" electricity="0.00" noise="72.67" route="routetop" type="cfm-slow" waiting="0.00" lane="top_0" pos="42.11" speed="20.08" angle="198.69" x="-2.82" y="80.56"/>
        <vehicle id="cfm-slow_1" eclass="HBEFA3/PC_G_EU4" CO2="15382.41" CO="240.59" HC="1.47" NOx="6.69" PMx="0.35" fuel="6.61" electricity="0.00" noise="75.42" route="routetop" type="cfm-slow" waiting="0.00" lane="left_0" pos="8.31" speed="20.68" angle="169.46" x="-2.59" y="45.90"/>
        <vehicle id="cfm-slow_2" eclass="HBEFA3/PC_G_EU4" CO2="22084.00" CO="378.76" HC="2.27" NOx="9.83" PMx="0.53" fuel="9.49" electricity="0.00" noise="80.00" route="routetop" type="cfm-slow" waiting="0.00" lane="left_0" pos="25.14" speed="21.99" angle="139.24" x="15.37" y="14.94"/>
        <vehicle id="cfm-slow_3" eclass="HBEFA3/PC_G_EU4" CO2="29836.64" CO="542.27" HC="3.21" NOx="13.43" PMx="0.74" fuel="12.83" electricity="0.00" noise="84.61" route="routetop" type="cfm-slow" waiting="0.00" lane="left_0" pos="43.36" speed="24.32" angle="106.49" x="49.39" y="-3.44"/>
        <vehicle id="cfm-slow_4" eclass="HBEFA3/PC_G_EU4" CO2="32103.28" CO="601.31" HC="3.54" NOx="14.43" PMx="0.80" fuel="13.80" electricity="0.00" noise="84.97" route="routebottom" type="cfm-slow" waiting="0.00" lane="bottom_0" pos="14.00" speed="27.45" angle="69.27" x="92.92" y="1.60"/>
        <vehicle id="cfm-slow_5" eclass="HBEFA3/PC_G_EU4" CO2="20656.82" CO="383.28" HC="2.26" NOx="8.97" PMx="0.52" fuel="8.88" electricity="0.00" noise="78.76" route="routebottom" type="cfm-slow" waiting="0.00" lane="bottom_0" pos="37.84" speed="30.20" angle="26.39" x="127.30" y="38.05"/>
    </timestep>
    <timestep time="3.31">
        <vehicle id="cfm-fast_0" eclass="HBEFA3/PC_G_EU4" CO2="7367.73" CO="108.68" HC="0.68" NOx="2.70" PMx="0.17" fuel="3.17" electricity="0.00" noise="74.24" route="routebottom" type="cfm-fast" waiting="0.00" lane="right_0" pos="15.51" speed="30.06" angle="336.54" x="124.27" y="95.81"/>
        <vehicle id="cfm-fast_1" eclass="HBEFA3/PC_G_EU4" CO2="143158.97" CO="3097.11" HC="17.69" NOx="66.49" PMx="3.81" fuel="61.54" electricity="0.00" noise="125.99" route="routebottom" type="cfm-fast" waiting="0.00" lane="right_1" pos="40.70" speed="44.41" angle="291.26" x="82.49" y="126.19"/>
        <vehicle id="cfm-fast_2" eclass="HBEFA3/PC_G_EU4" CO2="8795.34" CO="117.48" HC="0.76" NOx="3.45" PMx="0.19" fuel="3.78" electricity="0.00" noise="73.33" route="routebottom" type="cfm-fast" waiting="0.00" lane="right_0" pos="40.18" speed="26.64" angle="292.25" x="84.55" y="129.01"/>
        <vehicle id="cfm-fast_3" eclass="HBEFA3/PC_G_EU4" CO2="0.00" CO="0.00" HC="0.00" NOx="0.00" PMx="0.00" fuel="0.00" electricity="0.00" noise="70.28" route="routetop" type="cfm-fast" waiting="0.00" lane="top_0" pos="9.30" speed="25.77" angle="257.71" x="43.85" y="129.34"/>
        <vehicle id="cfm-fast_4" eclass="HBEFA3/PC_G_EU4" CO2="171330.49" CO="3682.55" HC="21.06" NOx="79.78" PMx="4.54" fuel="73.65" electricity="0.00" noise="136.40" route="routetop" type="cfm-fast" waiting="0.00" lane="top_1" pos="38.17" speed="44.68" angle="205.76" x="2.83" y="87.39"/>
        <vehicle id="cfm-fast_5" eclass="HBEFA3/PC_G_EU4" CO2="7288.65" CO="73.98" HC="0.51" NOx="2.88" PMx="0.14" fuel="3.13" electricity="0.00" noise="70.51" route="routetop" type="cfm-fast" waiting="0.00" lane="top_0" pos="29.39" speed="20.60" angle="221.60" x="8.95" y="105.06"/>
        <vehicle id="cfm-slow_0" eclass="HBEFA3/PC_G_EU4" CO2="11353.27" CO="158.01" HC="1.00" NOx="4.81" PMx="0.25" fuel="4.88" electricity="0.00" noise="72.67" route="routetop" type="cfm-slow" waiting="0.00" lane="top_0" pos="42.31" speed="20.10" angle="198.37" x="-2.94" y="80.14"/>
        <vehicle id="cfm-slow_1" eclass="HBEFA3/PC_G_EU4" CO2="15402.77" CO="241.00" HC="1.48" NOx="6.70" PMx="0.35" fuel="6.62" electricity="0.00" noise="75.43" route="routetop" type="cfm-slow" waiting="0.00" lane="left_0" pos="8.51" speed="20.70" angle="169.08" x="-2.48" y="45.47"/>
        <vehicle id="cfm-slow_2" eclass="HBEFA3/PC_G_EU4" CO2="22114.18" CO="379.41" HC="2.27" NOx="9.84" PMx="0.53" fuel="9.51" electricity="0.00" noise="80.02" route="routetop" type="cfm-slow" waiting="0.00" lane="left_0" pos="25.36" speed="22.03" angle="138.84" x="15.71" y="14.60"/>
        <vehicle id="cfm-slow_3" eclass="HBEFA3/PC_G_EU4" CO2="29820.64" CO="542.05" HC="3.21" NOx="13.42" PMx="0.74" fuel="12.82" electricity="0.00" noise="84.58" route="routetop" type="cfm-slow" waiting="0.00" lane="left_0" pos="43.61" speed="24.36" angle="106.11" x="49.90" y="-3.56"/>
        <vehicle id="cfm-slow_4" eclass="HBEFA3/PC_G_EU4" CO2="31959.55" CO="598.55" HC="3.52" NOx="14.36" PMx="0.80" fuel="13.74" electricity="0.00" noise="84.87" route="routebottom" type="cfm-slow" waiting="0.00" lane="bottom_0" pos="14.28" speed="27.49" angle="68.79" x="93.46" y="1.86"/>
        <vehicle id="cfm-slow_5" eclass="HBEFA3/PC_G_EU4" CO2="20409.64" CO="378.33" HC="2.24" NOx="8.85" PMx="0.51" fuel="8.77" electricity="0.00" noise="78.65" route="routebottom" type="cfm-slow" waiting="0.00" lane="bottom_0" pos="38.14" speed="30.22" angle="25.85" x="127.54" y="38.65"/>
    </timestep>
    <timestep time="3.32">
        <vehicle id="cfm-fast_0" eclass="HBEFA3/PC_G_EU4" CO2="7138.08" CO="103.96" HC="0.66" NOx="2.59" PMx="0.16" fuel="3.07" electricity="0.00" noise="74.19" route="routebottom" type="cfm-fast" waiting="0.00" lane="right_0" pos="15.81" speed="30.07" angle="335.99" x="123.96" y="96.38"/>
        <vehicle id="cfm-fast_1" eclass="HBEFA3/PC_G_EU4" CO2="142636.75" CO="3088.55" HC="17.64" NOx="66.24" PMx="3.79" fuel="61.31" electricity="0.00" noise="125.70" route="routebottom" type="cfm-fast" waiting="0.00" lane="right_1" pos="41.14" speed="44.52" angle="290.49" x="81.62" y="126.46"/>
        <vehicle id="cfm-fast_2" eclass="HBEFA3/PC_G_EU4" CO2="8563.23" CO="112.72" HC="0.73" NOx="3.34" PMx="0.19" fuel="3.68" electricity="0.00" noise="73.26" route="routebottom" type="cfm-fast" waiting="0.00" lane="right_0" pos="40.44" speed="26.65" angle="291.74" x="84.01" y="129.18"/>
        <vehicle id="cfm-fast_3" eclass="HBEFA3/PC_G_EU4" CO2="0.00" CO="0.00" HC="0.00" NOx="0.00" PMx="0.00" fuel="0.00" electricity="0.00" noise="70.27" route="routetop" type="cfm-fast" waiting="0.00" lane="top_0" pos="9.56" speed="25.75" angle="257.24" x="43.32" y="129.18"/>
        <vehicle id="cfm-fast_4" eclass="HBEFA3/PC_G_EU4" CO2="171893.31" CO="3696.83" HC="21.14" NOx="80.04" PMx="4.56" fuel="73.89" electricity="0.00" noise="136.47" route="routetop" type="cfm-fast" waiting="0.00" lane="top_1" pos="38.62" speed="44.82" angle="204.98" x="2.50" y="86.53"/>
        <vehicle id="cfm-fast_5" eclass="HBEFA3/PC_G_EU4" CO2="7270.15" CO="73.60" HC="0.51" NOx="2.87" PMx="0.14" fuel="3.13" electricity="0.00" noise="70.51" route="routetop" type="cfm-fast" waiting="0.00" lane="top_0" pos="29.59" speed="20.61" angle="221.27" x="8.69" y="104.71"/>
        <vehicle id="cfm-slow_0" eclass="HBEFA3/PC_G_EU4" CO2="11349.67" CO="157.92" HC="1.00" NOx="4.80" PMx="0.25" fuel="4.88" electricity="0.00" noise="72.67" route="routetop" type="cfm-slow" waiting="0.00" lane="top_0" pos="42.51" speed="20.11" angle="198.02" x="-3.03" y="79.72"/>
        <vehicle id="cfm-slow_1" eclass="HBEFA3/PC_G_EU4" CO2="15423.54" CO="241.42" HC="1.48" NOx="6.71" PMx="0.35" fuel="6.63" electricity="0.00" noise="75.45" route="routetop" type="cfm-slow" waiting="0.00" lane="left_0" pos="8.72" speed="20.73" angle="168.70" x="-2.36" y="45.04"/>
        <vehicle id="cfm-slow_2" eclass="HBEFA3/PC_G_EU4" CO2="22144.30" CO="380.05" HC="2.28" NOx="9.85" PMx="0.53" fuel="9.52" electricity="0.00" noise="80.03" route="routetop" type="cfm-slow" waiting="0.00" lane="left_0" pos="25.58" speed="22.06" angle="138.47" x="16.04" y="14.27"/>
        <vehicle id="cfm-slow_3" eclass="HBEFA3/PC_G_EU4" CO2="29803.83" CO="541.81" HC="3.21" NOx="13.41" PMx="0.73" fuel="12.81" electricity="0.00" noise="84.56" route="routetop" type="cfm-slow" waiting="0.00" lane="left_0" pos="43.85" speed="24.40" angle="105.67" x="50.42" y="-3.66"/>
        <vehicle id="cfm-slow_4" eclass="HBEFA3/PC_G_EU4" CO2="31815.05" CO="595.77" HC="3.51" NOx="14.29" PMx="0.80" fuel="13.68" electricity="0.00" noise="84.78" route="routebottom" type="cfm-slow" waiting="0.00" lane="bottom_0" pos="14.55" speed="27.52" angle="68.28" x="93.99" y="2.13"/>
        <vehicle id="cfm-slow_5" eclass="HBEFA3/PC_G_EU4" CO2="20163.33" CO="373.40" HC="2.21" NOx="8.74" PMx="0.50" fuel="8.67" electricity="0.00" noise="78.55" route="routebottom" type="cfm-slow" waiting="0.00" lane="bottom_0" pos="38.45" speed="30.24" angle="25.34" x="127.78" y="39.26"/>
    </timestep>
    <timestep time="3.33">
        <vehicle id="cfm-fast_0" eclass="HBEFA3/PC_G_EU4" CO2="6910.35" CO="99.28" HC="0.63" NOx="2.49" PMx="0.16" fuel="2.97" electricity="0.00" noise="74.15" route="routebottom" type="cfm-fast" waiting="0.00" lane="right_0" pos="16.11" speed="30.07" angle="335.45" x="123.64" y="96.94"/>
        <vehicle id="cfm-fast_1" eclass="HBEFA3/PC_G_EU4" CO2="142126.69" CO="3080.23" HC="17.59" NOx="66.00" PMx="3.78" fuel="61.09" electricity="0.00" noise="125.41" route="routebottom" type="cfm-fast" waiting="0.00" lane="right_1" pos="41.59" speed="44.63" angle="289.65" x="80.73" y="126.69"/>
        <vehicle id="cfm-fast_2" eclass="HBEFA3/PC_G_EU4" CO2="8333.12" CO="108.01" HC="0.70" NOx="3.23" PMx="0.18" fuel="3.58" electricity="0.00" noise="73.19" route="routebottom" type="cfm-fast" waiting="0.00" lane="right_0" pos="40.71" speed="26.65" angle="291.23" x="83.46" y="129.35"/>
        <vehicle id="cfm-fast_3" eclass="HBEFA3/PC_G_EU4" CO2="0.00" CO="0.00" HC="0.00" NOx="0.00" PMx="0.00" fuel="0.00" electricity="0.00" noise="70.26" route="routetop" type="cfm-fast" waiting="0.00" lane="top_0" pos="9.82" speed="25.74" angle="256.77" x="42.79" y="129.02"/>
        <vehicle id="cfm-fast_4" eclass="HBEFA3/PC_G_EU4" CO2="172456.43" CO="3711.13" HC="21.22" NOx="80.30" PMx="4.58" fuel="74.13" electricity="0.00" noise="136.53" route="routetop" type="cfm-fast" waiting="0.00" lane="top_1" pos="39.07" speed="44.96" angle="204.16" x="2.18" y="85.66"/>
        <vehicle id="cfm-fast_5" eclass="HBEFA3/PC_G_EU4" CO2="7252.28" CO="73.23" HC="0.51" NOx="2.86" PMx="0.14" fuel="3.12" electricity="0.00" noise="70.50" route="routetop" type="cfm-fast" waiting="0.00" lane="top_0" pos="29.80" speed="20.62" angle="220.89" x="8.43" y="104.35"/>
        <vehicle id="cfm-slow_0" eclass="HBEFA3/PC_G_EU4" CO2="11346.63" CO="157.84" HC="1.00" NOx="4.80" PMx="0.25" fuel="4.88" electricity="0.00" noise="72.67" route="routetop" type="cfm-slow" waiting="0.00" lane="top_0" pos="42.71" speed="20.13" angle="197.66" x="-3.13" y="79.30"/>
        <vehicle id="cfm-slow_1" eclass="HBEFA3/PC_G_EU4" CO2="15444.72" CO="241.85" HC="1.48" NOx="6.72" PMx="0.35" fuel="6.64" electricity="0.00" noise="75.46" route="routetop" type="cfm-slow" waiting="0.00" lane="left_0" pos="8.93" speed="20.75" angle="168.37" x="-2.25" y="44.61"/>
        <vehicle id="cfm-slow_2" eclass="HBEFA3/PC_G_EU4" CO2="22174.34" CO="380.70" HC="2.28" NOx="9.87" PMx="0.53" fuel="9.53" electricity="0.00" noise="80.04" route="routetop" type="cfm-slow" waiting="0.00" lane="left_0" pos="25.80" speed="22.09" angle="138.09" x="16.39" y="13.94"/>
        <vehicle id="cfm-slow_3" eclass="HBEFA3/PC_G_EU4" CO2="29786.21" CO="541.56" HC="3.21" NOx="13.40" PMx="0.73" fuel="12.80" electricity="0.00" noise="84.53" route="routetop" type="cfm-slow" waiting="0.00" lane="left_0" pos="44.09" speed="24.44" angle="105.22" x="50.94" y="-3.75"/>
        <vehicle id="cfm-slow_4" eclass="HBEFA3/PC_G_EU4" CO2="31669.79" CO="592.98" HC="3.49" NOx="14.22" PMx="0.79" fuel="13.61" electricity="0.00" noise="84.68" route="routebottom" type="cfm-slow" waiting="0.00" lane="bottom_0" pos="14.83" speed="27.56" angle="67.77" x="94.52" y="2.39"/>
        <vehicle id="cfm-slow_5" eclass="HBEFA3/PC_G_EU4" CO2="19917.93" CO="368.48" HC="2.18" NOx="8.62" PMx="0.50" fuel="8.56" electricity="0.00" noise="78.45" route="routebottom" type="cfm-slow" waiting="0.00" lane="bottom_0" pos="38.75" speed="30.25" angle="24.81" x="128.00" y="39.87"/>
    </timestep>
    <timestep time="3.34">
        <vehicle id="cfm-fast_0" eclass="HBEFA3/PC_G_EU4" CO2="6684.54" CO="94.64" HC="0.60" NOx="2.38" PMx="0.15" fuel="2.87" electricity="0.00" noise="74.10" route="routebottom" type="cfm-fast" waiting="0.00" lane="right_0" pos="16.41" speed="30.07" angle="334.91" x="123.33" y="97.51"/>
        <vehicle id="cfm-fast_1" eclass="HBEFA3/PC_G_EU4" CO2="141628.75" CO="3072.15" HC="17.54" NOx="65.76" PMx="3.77" fuel="60.88" electricity="0.00" noise="125.13" route="routebottom" type="cfm-fast" waiting="0.00" lane="right_1" pos="42.04" speed="44.74" angle="288.81" x="79.85" y="126.92"/>
        <vehicle id="cfm-fast_2" eclass="HBEFA3/PC_G_EU4" CO2="8105.01" CO="103.34" HC="0.67" NOx="3.12" PMx="0.17" fuel="3.48" electricity="0.00" noise="73.12" route="routebottom" type="cfm-fast" waiting="0.00" lane="right_0" pos="40.98" speed="26.66" angle="290.75" x="82.91" y="129.52"/>
        <vehicle id="cfm-fast_3" eclass="HBEFA3/PC_G_EU4" CO2="0.00" CO="0.00" HC="0.00" NOx="0.00" PMx="0.00" fuel="0.00" electricity="0.00" noise="70.24" route="routetop" type="cfm-fast" waiting="0.00" lane="top_0" pos="10.07" speed="25.72" angle="256.31" x="42.26" y="128.85"/>
        <vehicle id="cfm-fast_4" eclass="HBEFA3/PC_G_EU4" CO2="173019.84" CO="3725.45" HC="21.30" NOx="80.57" PMx="4.59" fuel="74.37" electricity="0.00" noise="136.60" route="routetop" type="cfm-fast" waiting="0.00" lane="top_1" pos="39.52" speed="45.09" angle="203.34" x="1.87" y="84.79"/>
        <vehicle id="cfm-fast_5" eclass="HBEFA3/PC_G_EU4" CO2="7235.05" CO="72.87" HC="0.51" NOx="2.85" PMx="0.14" fuel="3.11" electricity="0.00" noise="70.50" route="routetop" type="cfm-fast" waiting="0.00" lane="top_0" pos="30.01" speed="20.62" angle="220.51" x="8.17" y="103.99"/>
        <vehicle id="cfm-slow_0" eclass="HBEFA3/PC_G_EU4" CO2="11344.14" CO="157.78" HC="1.00" NOx="4.80" PMx="0.25" fuel="4.88" electricity="0.00" noise="72.67" route="routetop" type="cfm-slow" waiting="0.00" lane="top_0" pos="42.92" speed="20.14" angle="197.30" x="-3.23" y="78.87"/>
        <vehicle id="cfm-slow_1" eclass="HBEFA3/PC_G_EU4" CO2="15466.31" CO="242.28" HC="1.48" NOx="6.73" PMx="0.35" fuel="6.65" electricity="0.00" noise="75.47" route="routetop" type="cfm-slow" waiting="0.00" lane="left_0" pos="9.14" speed="20.77" angle="167.99" x="-2.12" y="44.18"/>
        <vehicle id="cfm-slow_2" eclass="HBEFA3/PC_G_EU4" CO2="22204.29" CO="381.34" HC="2.29" NOx="9.88" PMx="0.53" fuel="9.54" electricity="0.00" noise="80.06" route="routetop" type="cfm-slow" waiting="0.00" lane="left_0" pos="26.03" speed="22.12" angle="137.68" x="16.74" y="13.62"/>
        <vehicle id="cfm-slow_3" eclass="HBEFA3/PC_G_EU4" CO2="29767.78" CO="541.29" HC="3.20" NOx="13.39" PMx="0.73" fuel="12.80" electricity="0.00" noise="84.50" route="routetop" type="cfm-slow" waiting="0.00" lane="left_0" pos="44.34" speed="24.48" angle="104.76" x="51.46" y="-3.85"/>
        <vehicle id="cfm-slow_4" eclass="HBEFA3/PC_G_EU4" CO2="31523.78" CO="590.17" HC="3.47" NOx="14.15" PMx="0.79" fuel="13.55" electricity="0.00" noise="84.59" route="routebottom" type="cfm-slow" waiting="0.00" lane="bottom_0" pos="15.11" speed="27.60" angle="67.25" x="95.05" y="2.65"/>
        <vehicle id="cfm-slow_5" eclass="HBEFA3/PC_G_EU4" CO2="19673.42" CO="363.58" HC="2.15" NOx="8.50" PMx="0.49" fuel="8.46" electricity="0.00" noise="78.34" route="routebottom" type="cfm-slow" waiting="0.00" lane="bottom_0" pos="39.05" speed="30.27" angle="24.26" x="128.23" y="40.48"/>
    </timestep>
    <timestep time="3.35">
        <vehicle id="cfm-fast_0" eclass="HBEFA3/PC_G_EU4" CO2="6460.62" CO="90.04" HC="0.58" NOx="2.27" PMx="0.14" fuel="2.78" electricity="0.00" noise="74.05" route="routebottom" type="cfm-fast" waiting="0.00" lane="right_0" pos="16.71" speed="30.07" angle="334.41" x="123.01" y="98.07"/>
        <vehicle id="cfm-fast_1" eclass="HBEFA3/PC_G_EU4" CO2="141142.90" CO="3064.32" HC="17.49" NOx="65.53" PMx="3.76" fuel="60.67" electricity="0.00" noise="124.86" route="routebottom" type="cfm-fast" waiting="0.00" lane="right_1" pos="42.48" speed="44.85" angle="288.05" x="78.96" y="127.15"/>
        <vehicle id="cfm-fast_2" eclass="HBEFA3/PC_G_EU4" CO2="7878.92" CO="98.70" HC="0.65" NOx="3.02" PMx="0.17" fuel="3.39" electricity="0.00" noise="73.06" route="routebottom" type="cfm-fast" waiting="0.00" lane="right_0" pos="41.24" speed="26.66" angle="290.30" x="82.36" y="129.67"/>
        <vehicle id="cfm-fast_3" eclass="HBEFA3/PC_G_EU4" CO2="0.00" CO="0.00" HC="0.00" NOx="0.00" PMx="0.00" fuel="0.00" electricity="0.00" noise="70.23" route="routetop" type="cfm-fast" waiting="0.00" lane="top_0" pos="10.33" speed="25.70" angle="255.90" x="41.73" y="128.68"/>
        <vehicle id="cfm-fast_4" eclass="HBEFA3/PC_G_EU4" CO2="173583.55" CO="3739.79" HC="21.38" NOx="80.83" PMx="4.61" fuel="74.61" electricity="0.00" noise="136.66" route="routetop" type="cfm-fast" waiting="0.00" lane="top_1" pos="39.97" speed="45.23" angle="202.57" x="1.58" y="83.92"/>
        <vehicle id="cfm-fast_5" eclass="HBEFA3/PC_G_EU4" CO2="7218.45" CO="72.53" HC="0.51" NOx="2.84" PMx="0.14" fuel="3.10" electricity="0.00" noise="70.49" route="routetop" type="cfm-fast" waiting="0.00" lane="top_0" pos="30.21" speed="20.63" angle="220.12" x="7.91" y="103.63"/>
        <vehicle id="cfm-slow_0" eclass="HBEFA3/PC_G_EU4" CO2="11342.21" CO="157.73" HC="1.00" NOx="4.80" PMx="0.25" fuel="4.88" electricity="0.00" noise="72.67" route="routetop" type="cfm-slow" waiting="0.00" lane="top_0" pos="43.12" speed="20.16" angle="196.94" x="-3.32" y="78.45"/>
        <vehicle id="cfm-slow_1" eclass="HBEFA3/PC_G_EU4" CO2="15488.29" CO="242.73" HC="1.49" NOx="6.74" PMx="0.36" fuel="6.66" electricity="0.00" noise="75.49" route="routetop" type="cfm-slow" waiting="0.00" lane="left_0" pos="9.34" speed="20.79" angle="167.61" x="-1.99" y="43.76"/>
        <vehicle id="cfm-slow_2" eclass="HBEFA3/PC_G_EU4" CO2="22234.14" CO="381.98" HC="2.29" NOx="9.89" PMx="0.53" fuel="9.56" electricity="0.00" noise="80.07" route="routetop" type="cfm-slow" waiting="0.00" lane="left_0" pos="26.25" speed="22.15" angle="137.27" x="17.09" y="13.30"/>
        <vehicle id="cfm-slow_3" eclass="HBEFA3/PC_G_EU4" CO2="29748.54" CO="541.01" HC="3.20" NOx="13.38" PMx="0.73" fuel="12.79" electricity="0.00" noise="84.47" route="routetop" type="cfm-slow" waiting="0.00" lane="left_0" pos="44.58" speed="24.52" angle="104.31" x="51.97" y="-3.94"/>
        <vehicle id="cfm-slow_4" eclass="HBEFA3/PC_G_EU4" CO2="31377.04" CO="587.35" HC="3.46" NOx="14.08" PMx="0.79" fuel="13.49" electricity="0.00" noise="84.49" route="routebottom" type="cfm-slow" waiting="0.00" lane="bottom_0" pos="15.38" speed="27.63" angle="66.81" x="95.58" y="2.92"/>
        <vehicle id="cfm-slow_5" eclass="HBEFA3/PC_G_EU4" CO2="19429.82" CO="358.70" HC="2.12" NOx="8.39" PMx="0.48" fuel="8.35" electricity="0.00" noise="78.24" route="routebottom" type="cfm-slow" waiting="0.00" lane="bottom_0" pos="39.35" speed="30.29" angle="23.71" x="128.45" y="41.09"/>
    </timestep>
    <timestep time="3.36">
        <vehicle id="cfm-fast_0" eclass="HBEFA3/PC_G_EU4" CO2="6238.59" CO="85.47" HC="0.55" NOx="2.17" PMx="0.14" fuel="2.68" electricity="0.00" noise="74.01" route="routebottom" type="cfm-fast" waiting="0.00" lane="right_0" pos="17.01" speed="30.07" angle="333.87" x="122.68" y="98.63"/>
        <vehicle id="cfm-fast_1" eclass="HBEFA3/PC_G_EU4" CO2="140669.11" CO="3056.74" HC="17.45" NOx="65.30" PMx="3.75" fuel="60.47" electricity="0.00" noise="124.60" route="routebottom" type="cfm-fast" waiting="0.00" lane="right_1" pos="42.93" speed="44.96" angle="287.26" x="78.06" y="127.35"/>
        <vehicle id="cfm-fast_2" eclass="HBEFA3/PC_G_EU4" CO2="7654.86" CO="94.11" HC="0.62" NOx="2.91" PMx="0.16" fuel="3.29" electricity="0.00" noise="72.99" route="routebottom" type="cfm-fast" waiting="0.00" lane="right_0" pos="41.51" speed="26.67" angle="289.82" x="81.80" y="129.82"/>
        <vehicle id="cfm-fast_3" eclass="HBEFA3/PC_G_EU4" CO2="0.00" CO="0.00" HC="0.00" NOx="0.00" PMx="0.00" fuel="0.00" electricity="0.00" noise="70.22" route="routetop" type="cfm-fast" waiting="0.00" lane="top_0" pos="10.59" speed="25.68" angle="255.41" x="41.21" y="128.49"/>
        <vehicle id="cfm-fast_4" eclass="HBEFA3/PC_G_EU4" CO2="174147.54" CO="3754.15" HC="21.46" NOx="81.09" PMx="4.62" fuel="74.86" electricity="0.00" noise="136.73" route="routetop" type="cfm-fast" waiting="0.00" lane="top_1" pos="40.42" speed="45.37" angle="201.72" x="1.30" y="83.03"/>
        <vehicle id="cfm-fast_5" eclass="HBEFA3/PC_G_EU4" CO2="7202.48" CO="72.19" HC="0.50" NOx="2.84" PMx="0.14" fuel="3.10" electricity="0.00" noise="70.49" route="routetop" type="cfm-fast" waiting="0.00" lane="top_0" pos="30.42" speed="20.64" angle="219.74" x="7.65" y="103.27"/>
        <vehicle id="cfm-slow_0" eclass="HBEFA3/PC_G_EU4" CO2="11340.82" CO="157.68" HC="1.00" NOx="4.80" PMx="0.25" fuel="4.87" electricity="0.00" noise="72.67" route="routetop" type="cfm-slow" waiting="0.00" lane="top_0" pos="43.32" speed="20.17" angle="196.58" x="-3.42" y="78.03"/>
        <vehicle id="cfm-slow_1" eclass="HBEFA3/PC_G_EU4" CO2="15510.67" CO="243.18" HC="1.49" NOx="6.75" PMx="0.36" fuel="6.67" electricity="0.00" noise="75.50" route="routetop" type="cfm-slow" waiting="0.00" lane="left_0" pos="9.55" speed="20.82" angle="167.22" x="-1.85" y="43.33"/>
        <vehicle id="cfm-slow_2" eclass="HBEFA3/PC_G_EU4" CO2="22263.89" CO="382.62" HC="2.29" NOx="9.91" PMx="0.53" fuel="9.57" electricity="0.00" noise="80.08" route="routetop" type="cfm-slow" waiting="0.00" lane="left_0" pos="26.47" speed="22.19" angle="136.86" x="17.44" y="12.97"/>
        <vehicle id="cfm-slow_3" eclass="HBEFA3/PC_G_EU4" CO2="29728.49" CO="540.71" HC="3.20" NOx="13.37" PMx="0.73" fuel="12.78" electricity="0.00" noise="84.44" route="routetop" type="cfm-slow" waiting="0.00" lane="left_0" pos="44.83" speed="24.56" angle="103.89" x="52.49" y="-4.04"/>
        <vehicle id="cfm-slow_4" eclass="HBEFA3/PC_G_EU4" CO2="31229.58" CO="584.51" HC="3.44" NOx="14.01" PMx="0.78" fuel="13.42" electricity="0.00" noise="84.40" route="routebottom" type="cfm-slow" waiting="0.00" lane="bottom_0" pos="15.66" speed="27.67" angle="66.29" x="96.10" y="3.21"/>
        <vehicle id="cfm-slow_5" eclass="HBEFA3/PC_G_EU4" CO2="19187.13" CO="353.83" HC="2.09" NOx="8.27" PMx="0.48" fuel="8.25" electricity="0.00" noise="78.15" route="routebottom" type="cfm-slow" waiting="0.00" lane="bottom_0" pos="39.66" speed="30.30" angle="23.18" x="128.67" y="41.71"/>
    </timestep>
    <timestep time="3.37">
        <vehicle id="cfm-fast_0" eclass="HBEFA3/PC_G_EU4" CO2="6018.44" CO="80.94" HC="0.52" NOx="2.06" PMx="0.13" fuel="2.59" electricity="0.00" noise="73.96" route="routebottom" type="cfm-fast" waiting="0.00" lane="right_0" pos="17.31" speed="30.07" angle="333.33" x="122.35" y="99.18"/>
        <vehicle id="cfm-fast_1" eclass="HBEFA3/PC_G_EU4" CO2="140207.35" CO="3049.39" HC="17.40" NOx="65.08" PMx="3.73" fuel="60.27" electricity="0.00" noise="124.34" route="routebottom" type="cfm-fast" waiting="0.00" lane="right_1" pos="43.38" speed="45.07" angle="286.47" x="77.16" y="127.56"/>
        <vehicle id="cfm-fast_2" eclass="HBEFA3/PC_G_EU4" CO2="7432.82" CO="89.56" HC="0.59" NOx="2.81" PMx="0.16" fuel="3.20" electricity="0.00" noise="72.93" route="routebottom" type="cfm-fast" waiting="0.00" lane="right_0" pos="41.78" speed="26.67" angle="289.34" x="81.25" y="129.97"/>
        <vehicle id="cfm-fast_3" eclass="HBEFA3/PC_G_EU4" CO2="0.00" CO="0.00" HC="0.00" NOx="0.00" PMx="0.00" fuel="0.00" electricity="0.00" noise="70.21" route="routetop" type="cfm-fast" waiting="0.00" lane="top_0" pos="10.84" speed="25.67" angle="254.93" x="40.69" y="128.30"/>
        <vehicle id="cfm-fast_4" eclass="HBEFA3/PC_G_EU4" CO2="174711.83" CO="3768.54" HC="21.54" NOx="81.36" PMx="4.64" fuel="75.10" electricity="0.00" noise="136.80" route="routetop" type="cfm-fast" waiting="0.00" lane="top_1" pos="40.88" speed="45.50" angle="200.87" x="1.02" y="82.14"/>
        <vehicle id="cfm-fast_5" eclass="HBEFA3/PC_G_EU4" CO2="7187.12" CO="71.87" HC="0.50" NOx="2.83" PMx="0.14" fuel="3.09" electricity="0.00" noise="70.48" route="routetop" type="cfm-fast" waiting="0.00" lane="top_0" pos="30.63" speed="20.65" angle="219.36" x="7.39" y="102.91"/>
        <vehicle id="cfm-slow_0" eclass="HBEFA3/PC_G_EU4" CO2="11339.98" CO="157.65" HC="1.00" NOx="4.80" PMx="0.25" fuel="4.87" electricity="0.00" noise="72.67" route="routetop" type="cfm-slow" waiting="0.00" lane="top_0" pos="43.52" speed="20.19" angle="196.23" x="-3.52" y="77.60"/>
        <vehicle id="cfm-slow_1" eclass="HBEFA3/PC_G_EU4" CO2="15533.43" CO="243.64" HC="1.49" NOx="6.76" PMx="0.36" fuel="6.68" electricity="0.00" noise="75.52" route="routetop" type="cfm-slow" waiting="0.00" lane="left_0" pos="9.76" speed="20.84" angle="166.83" x="-1.72" y="42.90"/>
        <vehicle id="cfm-slow_2" eclass="HBEFA3/PC_G_EU4" CO2="22293.53" CO="383.26" HC="2.30" NOx="9.92" PMx="0.53" fuel="9.58" electricity="0.00" noise="80.09" route="routetop" type="cfm-slow" waiting="0.00" lane="left_0" pos="26.69" speed="22.22" angle="136.44" x="17.79" y="12.65"/>
        <vehicle id="cfm-slow_3" eclass="HBEFA3/PC_G_EU4" CO2="29707.61" CO="540.39" HC="3.20" NOx="13.36" PMx="0.73" fuel="12.77" electricity="0.00" noise="84.41" route="routetop" type="cfm-slow" waiting="0.00" lane="left_0" pos="45.08" speed="24.60" angle="103.47" x="53.02" y="-4.12"/>
        <vehicle id="cfm-slow_4" eclass="HBEFA3/PC_G_EU4" CO2="31081.40" CO="581.65" HC="3.42" NOx="13.94" PMx="0.78" fuel="13.36" electricity="0.00" noise="84.30" route="routebottom" type="cfm-slow" waiting="0.00" lane="bottom_0" pos="15.94" speed="27.71" angle="65.78" x="96.62" y="3.50"/>
        <vehicle id="cfm-slow_5" eclass="HBEFA3/PC_G_EU4" CO2="18945.36" CO="348.98" HC="2.07" NOx="8.16" PMx="0.47" fuel="8.14" electricity="0.00" noise="78.05" route="routebottom" type="cfm-slow" waiting="0.00" lane="bottom_0" pos="39.96" speed="30.32" angle="22.66" x="128.87" y="42.33"/>
    </timestep>
    <timestep time="3.38">
        <vehicle id="cfm-fast_0" eclass="HBEFA3/PC_G_EU4" CO2="0.00" CO="0.00" HC="0.00" NOx="0.00" PMx="0.00" fuel="0.00" electricity="0.00" noise="73.92" route="routebottom" type="cfm-fast" waiting="0.00" lane="right_0" pos="17.61" speed="30.07" angle="332.78" x="122.02" y="99.74"/>
        <vehicle id="cfm-fast_1" eclass="HBEFA3/PC_G_EU4" CO2="139757.58" CO="3042.29" HC="17.36" NOx="64.87" PMx="3.72" fuel="60.07" electricity="0.00" noise="124.08" route="routebottom" type="cfm-fast" waiting="0.00" lane="right_1" pos="43.84" speed="45.18" angle="285.67" x="76.25" y="127.75"/>
        <vehicle id="cfm-fast_2" eclass="HBEFA3/PC_G_EU4" CO2="7212.83" CO="85.04" HC="0.57" NOx="2.70" PMx="0.15" fuel="3.10" electricity="0.00" noise="72.87" route="routebottom" type="cfm-fast" waiting="0.00" lane="right_0" pos="42.04" speed="26.68" angle="288.85" x="80.69" y="130.12"/>
        <vehicle id="cfm-fast_3" eclass="HBEFA3/PC_G_EU4" CO2="0.00" CO="0.00" HC="0.00" NOx="0.00" PMx="0.00" fuel="0.00" electricity="0.00" noise="70.19" route="routetop" type="cfm-fast" waiting="0.00" lane="top_0" pos="11.10" speed="25.65" angle="254.44" x="40.18" y="128.12"/>
        <vehicle id="cfm-fast_4" eclass="HBEFA3/PC_G_EU4" CO2="175276.41" CO="3782.94" HC="21.62" NOx="81.62" PMx="4.66" fuel="75.34" electricity="0.00" noise="136.86" route="routetop" type="cfm-fast" waiting="0.00" lane="top_1" pos="41.34" speed="45.64" angle="200.08" x="0.77" y="81.23"/>
        <vehicle id="cfm-fast_5" eclass="HBEFA3/PC_G_EU4" CO2="7172.38" CO="71.57" HC="0.50" NOx="2.82" PMx="0.14" fuel="3.08" electricity="0.00" noise="70.48" route="routetop" type="cfm-fast" waiting="0.00" lane="top_0" pos="30.83" speed="20.65" angle="219.04" x="7.14" y="102.54"/>
        <vehicle id="cfm-slow_0" eclass="HBEFA3/PC_G_EU4" CO2="11339.68" CO="157.64" HC="1.00" NOx="4.80" PMx="0.25" fuel="4.87" electricity="0.00" noise="72.67" route="routetop" type="cfm-slow" waiting="0.00" lane="top_0" pos="43.72" speed="20.21" angle="195.91" x="-3.61" y="77.18"/>
        <vehicle id="cfm-slow_1" eclass="HBEFA3/PC_G_EU4" CO2="15556.57" CO="244.12" HC="1.49" NOx="6.77" PMx="0.36" fuel="6.69" electricity="0.00" noise="75.53" route="routetop" type="cfm-slow" waiting="0.00" lane="left_0" pos="9.97" speed="20.86" angle="166.45" x="-1.59" y="42.47"/>
        <vehicle id="cfm-slow_2" eclass="HBEFA3/PC_G_EU4" CO2="22323.04" CO="383.89" HC="2.30" NOx="9.93" PMx="0.54" fuel="9.60" electricity="0.00" noise="80.10" route="routetop" type="cfm-slow" waiting="0.00" lane="left_0" pos="26.91" speed="22.25" angle="136.09" x="18.14" y="12.32"/>
        <vehicle id="cfm-slow_3" eclass="HBEFA3/PC_G_EU4" CO2="29685.92" CO="540.06" HC="3.20" NOx="13.35" PMx="0.73" fuel="12.76" electricity="0.00" noise="84.38" route="routetop" type="cfm-slow" waiting="0.00" lane="left_0" pos="45.32" speed="24.64" angle="103.01" x="53.54" y="-4.19"/>
        <vehicle id="cfm-slow_4" eclass="HBEFA3/PC_G_EU4" CO2="30932.53" CO="578.78" HC="3.41" NOx="13.87" PMx="0.77" fuel="13.30" electricity="0.00" noise="84.21" route="routebottom" type="cfm-slow" waiting="0.00" lane="bottom_0" pos="16.21" speed="27.74" angle="65.27" x="97.14" y="3.79"/>
        <vehicle id="cfm-slow_5" eclass="HBEFA3/PC_G_EU4" CO2="18704.52" CO="344.14" HC="2.04" NOx="8.05" PMx="0.46" fuel="8.04" electricity="0.00" noise="77.95" route="routebottom" type="cfm-slow" waiting="0.00" lane="bottom_0" pos="40.26" speed="30.34" angle="22.08" x="129.07" y="42.95"/>
    </timestep>
    <timestep time="3.39">
        <vehicle id="cfm-fast_0" eclass="HBEFA3/PC_G_EU4" CO2="0.00" CO="0.00" HC="0.00" NOx="0.00" PMx="0.00" fuel="0.00" electricity="0.00" noise="73.88" route="routebottom" type="cfm-fast" waiting="0.00" lane="right_0" pos="17.91" speed="30.07" angle="332.30" x="121.69" y="100.30"/>
        <vehicle id="cfm-fast_1" eclass="HBEFA3/PC_G_EU4" CO2="139319.76" CO="3035.43" HC="17.32" NOx="64.66" PMx="3.71" fuel="59.89" electricity="0.00" noise="123.84" route="routebottom" type="cfm-fast" waiting="0.00" lane="right_1" pos="44.29" speed="45.28" angle="284.80" x="75.34" y="127.91"/>
        <vehicle id="cfm-fast_2" eclass="HBEFA3/PC_G_EU4" CO2="6994.87" CO="80.57" HC="0.54" NOx="2.60" PMx="0.15" fuel="3.01" electricity="0.00" noise="72.81" route="routebottom" type="cfm-fast" waiting="0.00" lane="right_0" pos="42.31" speed="26.68" angle="288.42" x="80.14" y="130.27"/>
        <vehicle id="cfm-fast_3" eclass="HBEFA3/PC_G_EU4" CO2="0.00" CO="0.00" HC="0.00" NOx="0.00" PMx="0.00" fuel="0.00" electricity="0.00" noise="70.18" route="routetop" type="cfm-fast" waiting="0.00" lane="top_0" pos="11.36" speed="25.63" angle="253.96" x="39.66" y="127.93"/>
        <vehicle id="cfm-fast_4" eclass="HBEFA3/PC_G_EU4" CO2="175841.28" CO="3797.37" HC="21.70" NOx="81.89" PMx="4.67" fuel="75.59" electricity="0.00" noise="136.93" route="routetop" type="cfm-fast" waiting="0.00" lane="top_1" pos="41.79" speed="45.77" angle="199.24" x="0.53" y="80.33"/>
        <vehicle id="cfm-fast_5" eclass="HBEFA3/PC_G_EU4" CO2="7158.25" CO="71.27" HC="0.50" NOx="2.81" PMx="0.14" fuel="3.08" electricity="0.00" noise="70.47" route="routetop" type="cfm-fast" waiting="0.00" lane="top_0" pos="31.04" speed="20.66" angle="218.67" x="6.89" y="102.17"/>
        <vehicle id="cfm-slow_0" eclass="HBEFA3/PC_G_EU4" CO2="11339.92" CO="157.63" HC="1.00" NOx="4.80" PMx="0.25" fuel="4.87" electricity="0.00" noise="72.68" route="routetop" type="cfm-slow" waiting="0.00" lane="top_0" pos="43.92" speed="20.22" angle="195.53" x="-3.69" y="76.75"/>
        <vehicle id="cfm-slow_1" eclass="HBEFA3/PC_G_EU4" CO2="15580.08" CO="244.59" HC="1.50" NOx="6.78" PMx="0.36" fuel="6.70" electricity="0.00" noise="75.55" route="routetop" type="cfm-slow" waiting="0.00" lane="left_0" pos="10.18" speed="20.88" angle="166.10" x="-1.45" y="42.04"/>
        <vehicle id="cfm-slow_2" eclass="HBEFA3/PC_G_EU4" CO2="22352.43" CO="384.53" HC="2.30" NOx="9.95" PMx="0.54" fuel="9.61" electricity="0.00" noise="80.12" route="routetop" type="cfm-slow" waiting="0.00" lane="left_0" pos="27.14" speed="22.28" angle="135.68" x="18.51" y="12.01"/>
        <vehicle id="cfm-slow_3" eclass="HBEFA3/PC_G_EU4" CO2="29663.41" CO="539.71" HC="3.19" NOx="13.34" PMx="0.73" fuel="12.75" electricity="0.00" noise="84.35" route="routetop" type="cfm-slow" waiting="0.00" lane="left_0" pos="45.57" speed="24.68" angle="102.55" x="54.07" y="-4.27"/>
        <vehicle id="cfm-slow_4" eclass="HBEFA3/PC_G_EU4" CO2="30782.97" CO="575.90" HC="3.39" NOx="13.80" PMx="0.77" fuel="13.23" electricity="0.00" noise="84.11" route="routebottom" type="cfm-slow" waiting="0.00" lane="bottom_0" pos="16.49" speed="27.78" angle="64.76" x="97.67" y="4.08"/>
        <vehicle id="cfm-slow_5" eclass="HBEFA3/PC_G_EU4" CO2="18464.61" CO="339.33" HC="2.01" NOx="7.93" PMx="0.46" fuel="7.94" electricity="0.00" noise="77.86" route="routebottom" type="cfm-slow" waiting="0.00" lane="bottom_0" pos="40.57" speed="30.35" angle="21.50" x="129.26" y="43.57"/>
    </timestep>
    <timestep time="3.40">
        <vehicle id="cfm-fast_0" eclass="HBEFA3/PC_G_EU4" CO2="0.00" CO="0.00" HC="0.00" NOx="0.00" PMx="0.00" fuel="0.00" electricity="0.00" noise="73.83" route="routebottom" type="cfm-fast" waiting="0.00" lane="right_0" pos="18.21" speed="30.07" angle="331.73" x="121.33" y="100.83"/>
        <vehicle id="cfm-fast_1" eclass="HBEFA3/PC_G_EU4" CO2="138893.83" CO="3028.82" HC="17.28" NOx="64.46" PMx="3.70" fuel="59.70" electricity="0.00" noise="123.59" route="routebottom" type="cfm-fast" waiting="0.00" lane="right_1" pos="44.74" speed="45.39" angle="283.92" x="74.42" y="128.08"/>
        <vehicle id="cfm-fast_2" eclass="HBEFA3/PC_G_EU4" CO2="6778.97" CO="76.14" HC="0.52" NOx="2.50" PMx="0.14" fuel="2.91" electricity="0.00" noise="72.75" route="routebottom" type="cfm-fast" waiting="0.00" lane="right_0" pos="42.58" speed="26.68" angle="287.94" x="79.58" y="130.39"/>
        <vehicle id="cfm-fast_3" eclass="HBEFA3/PC_G_EU4" CO2="0.00" CO="0.00" HC="0.00" NOx="0.00" PMx="0.00" fuel="0.00" electricity="0.00" noise="70.17" route="routetop" type="cfm-fast" waiting="0.00" lane="top_0" pos="11.61" speed="25.62" angle="253.54" x="39.14" y="127.73"/>
        <vehicle id="cfm-fast_4" eclass="HBEFA3/PC_G_EU4" CO2="176406.44" CO="3811.82" HC="21.78" NOx="82.15" PMx="4.69" fuel="75.83" electricity="0.00" noise="136.99" route="routetop" type="cfm-fast" waiting="0.00" lane="top_1" pos="42.25" speed="45.91" angle="198.43" x="0.28" y="79.42"/>
        <vehicle id="cfm-fast_5" eclass="HBEFA3/PC_G_EU4" CO2="7144.72" CO="70.99" HC="0.50" NOx="2.81" PMx="0.14" fuel="3.07" electricity="0.00" noise="70.47" route="routetop" type="cfm-fast" waiting="0.00" lane="top_0" pos="31.25" speed="20.67" angle="218.29" x="6.64" y="101.80"/>
        <vehicle id="cfm-slow_0" eclass="HBEFA3/PC_G_EU4" CO2="11340.68" CO="157.63" HC="1.00" NOx="4.80" PMx="0.25" fuel="4.87" electricity="0.00" noise="72.68" route="routetop" type="cfm-slow" waiting="0.00" lane="top_0" pos="44.13" speed="20.24" angle="195.16" x="-3.76" y="76.32"/>
        <vehicle id="cfm-slow_1" eclass="HBEFA3/PC_G_EU4" CO2="15603.95" CO="245.08" HC="1.50" NOx="6.79" PMx="0.36" fuel="6.71" electricity="0.00" noise="75.56" route="routetop" type="cfm-slow" waiting="0.00" lane="left_0" pos="10.39" speed="20.91" angle="165.74" x="-1.31" y="41.62"/>
        <vehicle id="cfm-slow_2" eclass="HBEFA3/PC_G_EU4" CO2="22381.68" CO="385.16" HC="2.31" NOx="9.96" PMx="0.54" fuel="9.62" electricity="0.00" noise="80.13" route="routetop" type="cfm-slow" waiting="0.00" lane="left_0" pos="27.36" speed="22.32" angle="135.26" x="18.88" y="11.70"/>
        <vehicle id="cfm-slow_3" eclass="HBEFA3/PC_G_EU4" CO2="29640.08" CO="539.35" HC="3.19" NOx="13.33" PMx="0.73" fuel="12.74" electricity="0.00" noise="84.32" route="routetop" type="cfm-slow" waiting="0.00" lane="left_0" pos="45.82" speed="24.72" angle="102.10" x="54.60" y="-4.34"/>
        <vehicle id="cfm-slow_4" eclass="HBEFA3/PC_G_EU4" CO2="30632.74" CO="573.00" HC="3.37" NOx="13.73" PMx="0.77" fuel="13.17" electricity="0.00" noise="84.02" route="routebottom" type="cfm-slow" waiting="0.00" lane="bottom_0" pos="16.77" speed="27.81" angle="64.30" x="98.19" y="4.38"/>
        <vehicle id="cfm-slow_5" eclass="HBEFA3/PC_G_EU4" CO2="18225.64" CO="334.53" HC="1.98" NOx="7.82" PMx="0.45" fuel="7.83" electricity="0.00" noise="77.76" route="routebottom" type="cfm-slow" waiting="0.00" lane="bottom_0" pos="40.87" speed="30.37" angle="20.92" x="129.45" y="44.20"/>
    </timestep>
    <timestep time="3.41">
        <vehicle id="cfm-fast_0" eclass="HBEFA3/PC_G_EU4" CO2="0.00" CO="0.00" HC="0.00" NOx="0.00" PMx="0.00" fuel="0.00" electricity="0.00" noise="73.79" route="routebottom" type="cfm-fast" waiting="0.00" lane="right_0" pos="18.51" speed="30.07" angle="331.14" x="120.97" y="101.37"/>
        <vehicle id="cfm-fast_1" eclass="HBEFA3/PC_G_EU4" CO2="138479.77" CO="3022.44" HC="17.24" NOx="64.26" PMx="3.69" fuel="59.53" electricity="0.00" noise="123.36" route="routebottom" type="cfm-fast" waiting="0.00" lane="right_1" pos="45.20" speed="45.49" angle="283.14" x="73.50" y="128.22"/>
        <vehicle id="cfm-fast_2" eclass="HBEFA3/PC_G_EU4" CO2="6565.12" CO="71.75" HC="0.49" NOx="2.40" PMx="0.13" fuel="2.82" electricity="0.00" noise="72.70" route="routebottom" type="cfm-fast" waiting="0.00" lane="right_0" pos="42.85" speed="26.68" angle="287.45" x="79.02" y="130.52"/>
        <vehicle id="cfm-fast_3" eclass="HBEFA3/PC_G_EU4" CO2="0.00" CO="0.00" HC="0.00" NOx="0.00" PMx="0.00" fuel="0.00" electricity="0.00" noise="70.16" route="routetop" type="cfm-fast" waiting="0.00" lane="top_0" pos="11.87" speed="25.60" angle="253.08" x="38.63" y="127.53"/>
        <vehicle id="cfm-fast_4" eclass="HBEFA3/PC_G_EU4" CO2="176971.89" CO="3826.29" HC="21.86" NOx="82.42" PMx="4.70" fuel="76.07" electricity="0.00" noise="137.06" route="routetop" type="cfm-fast" waiting="0.00" lane="top_1" pos="42.71" speed="46.05" angle="197.63" x="0.07" y="78.50"/>
        <vehicle id="cfm-fast_5" eclass="HBEFA3/PC_G_EU4" CO2="7131.80" CO="70.72" HC="0.50" NOx="2.80" PMx="0.14" fuel="3.07" electricity="0.00" noise="70.47" route="routetop" type="cfm-fast" waiting="0.00" lane="top_0" pos="31.45" speed="20.67" angle="217.92" x="6.40" y="101.43"/>
        <vehicle id="cfm-slow_0" eclass="HBEFA3/PC_G_EU4" CO2="11341.98" CO="157.65" HC="1.00" NOx="4.80" PMx="0.25" fuel="4.88" electricity="0.00" noise="72.68" route="routetop" type="cfm-slow" waiting="0.00" lane="top_0" pos="44.33" speed="20.25" angle="194.78" x="-3.84" y="75.89"/>
        <vehicle id="cfm-slow_1" eclass="HBEFA3/PC_G_EU4" CO2="15628.18" CO="245.57" HC="1.50" NOx="6.80" PMx="0.36" fuel="6.72" electricity="0.00" noise="75.58" route="routetop" type="cfm-slow" waiting="0.00" lane="left_0" pos="10.60" speed="20.93" angle="165.36" x="-1.16" y="41.19"/>
        <vehicle id="cfm-slow_2" eclass="HBEFA3/PC_G_EU4" CO2="22410.79" CO="385.79" HC="2.31" NOx="9.97" PMx="0.54" fuel="9.63" electricity="0.00" noise="80.14" route="routetop" type="cfm-slow" waiting="0.00" lane="left_0" pos="27.58" speed="22.35" angle="134.84" x="19.24" y="11.39"/>
        <vehicle id="cfm-slow_3" eclass="HBEFA3/PC_G_EU4" CO2="29615.92" CO="538.97" HC="3.19" NOx="13.32" PMx="0.73" fuel="12.73" electricity="0.00" noise="84.29" route="routetop" type="cfm-slow" waiting="0.00" lane="left_0" pos="46.06" speed="24.76" angle="101.64" x="55.12" y="-4.41"/>
        <vehicle id="cfm-slow_4" eclass="HBEFA3/PC_G_EU4" CO2="30481.84" CO="570.09" HC="3.36" NOx="13.66" PMx="0.76" fuel="13.10" electricity="0.00" noise="83.92" route="routebottom" type="cfm-slow" waiting="0.00" lane="bottom_0" pos="17.05" speed="27.85" angle="63.79" x="98.70" y="4.68"/>
        <vehicle id="cfm-slow_5" eclass="HBEFA3/PC_G_EU4" CO2="17987.62" CO="329.74" HC="1.95" NOx="7.71" PMx="0.45" fuel="7.73" electricity="0.00" noise="77.67" route="routebottom" type="cfm-slow" waiting="0.00" lane="bottom_0" pos="41.17" speed="30.38" angle="20.42" x="129.64" y="44.83"/>
    </timestep>
    <timestep time="3.42">
        <vehicle id="cfm-fast_0" eclass="HBEFA3/PC_G_EU4" CO2="0.00" CO="0.00" HC="0.00" NOx="0.00" PMx="0.00" fuel="0.00" electricity="0.00" noise="73.75" route="routebottom" type="cfm-fast" waiting="0.00" lane="right_0" pos="18.81" speed="30.07" angle="330.56" x="120.61" y="101.91"/>
        <vehicle id="cfm-fast_1" eclass="HBEFA3/PC_G_EU4" CO2="138077.51" CO="3016.30" HC="17.20" NOx="64.07" PMx="3.68" fuel="59.35" electricity="0.00" noise="123.13" route="routebottom" type="cfm-fast" waiting="0.00" lane="right_1" pos="45.65" speed="45.60" angle="282.31" x="72.57" y="128.35"/>
        <vehicle id="cfm-fast_2" eclass="HBEFA3/PC_G_EU4" CO2="6353.32" CO="67.40" HC="0.47" NOx="2.30" PMx="0.13" fuel="2.73" electricity="0.00" noise="72.64" route="routebottom" type="cfm-fast" waiting="0.00" lane="right_0" pos="43.11" speed="26.69" angle="286.97" x="78.46" y="130.65"/>
        <vehicle id="cfm-fast_3" eclass="HBEFA3/PC_G_EU4" CO2="0.00" CO="0.00" HC="0.00" NOx="0.00" PMx="0.00" fuel="0.00" electricity="0.00" noise="70.14" route="routetop" type="cfm-fast" waiting="0.00" lane="top_0" pos="12.12" speed="25.58" angle="252.62" x="38.12" y="127.33"/>
        <vehicle id="cfm-fast_4" eclass="HBEFA3/PC_G_EU4" CO2="177537.64" CO="3840.78" HC="21.94" NOx="82.68" PMx="4.72" fuel="76.31" electricity="0.00" noise="137.12" route="routetop" type="cfm-fast" waiting="0.00" lane="top_1" pos="43.17" speed="46.18" angle="196.80" x="-0.14" y="77.58"/>
        <vehicle id="cfm-fast_5" eclass="HBEFA3/PC_G_EU4" CO2="7119.47" CO="70.47" HC="0.49" NOx="2.80" PMx="0.14" fuel="3.06" electricity="0.00" noise="70.46" route="routetop" type="cfm-fast" waiting="0.00" lane="top_0" pos="31.66" speed="20.68" angle="217.55" x="6.15" y="101.06"/>
        <vehicle id="cfm-slow_0" eclass="HBEFA3/PC_G_EU4" CO2="11343.81" CO="157.67" HC="1.00" NOx="4.80" PMx="0.25" fuel="4.88" electricity="0.00" noise="72.69" route="routetop" type="cfm-slow" waiting="0.00" lane="top_0" pos="44.53" speed="20.27" angle="194.40" x="-3.92" y="75.47"/>
        <vehicle id="cfm-slow_1" eclass="HBEFA3/PC_G_EU4" CO2="15652.76" CO="246.08" HC="1.51" NOx="6.82" PMx="0.36" fuel="6.73" electricity="0.00" noise="75.59" route="routetop" type="cfm-slow" waiting="0.00" lane="left_0" pos="10.81" speed="20.95" angle="164.97" x="-1.00" y="40.77"/>
        <vehicle id="cfm-slow_2" eclass="HBEFA3/PC_G_EU4" CO2="22439.75" CO="386.42" HC="2.32" NOx="9.99" PMx="0.54" fuel="9.65" electricity="0.00" noise="80.15" route="routetop" type="cfm-slow" waiting="0.00" lane="left_0" pos="27.81" speed="22.38" angle="134.43" x="19.61" y="11.08"/>
        <vehicle id="cfm-slow_3" eclass="HBEFA3/PC_G_EU4" CO2="29590.93" CO="538.57" HC="3.19" NOx="13.30" PMx="0.73" fuel="12.72" electricity="0.00" noise="84.26" route="routetop" type="cfm-slow" waiting="0.00" lane="left_0" pos="46.31" speed="24.80" angle="101.24" x="55.65" y="-4.48"/>
        <vehicle id="cfm-slow_4" eclass="HBEFA3/PC_G_EU4" CO2="30330.30" CO="567.17" HC="3.34" NOx="13.58" PMx="0.76" fuel="13.04" electricity="0.00" noise="83.83" route="routebottom" type="cfm-slow" waiting="0.00" lane="bottom_0" pos="17.33" speed="27.88" angle="63.27" x="99.21" y="4.99"/>
        <vehicle id="cfm-slow_5" eclass="HBEFA3/PC_G_EU4" CO2="17750.55" CO="324.98" HC="1.93" NOx="7.59" PMx="0.44" fuel="7.63" electricity="0.00" noise="77.58" route="routebottom" type="cfm-slow" waiting="0.00" lane="bottom_0" pos="41.48" speed="30.40" angle="19.87" x="129.80" y="45.46"/>
    </timestep>
    <timestep time="3.43">
        <vehicle id="cfm-fast_0" eclass="HBEFA3/PC_G_EU4" CO2="0.00" CO="0.00" HC="0.00" NOx="0.00" PMx="0.00" fuel="0.00" electricity="0.00" noise="73.72" route="routebottom" type="cfm-fast" waiting="0.00" lane="right_0" pos="19.12" speed="30.07" angle="329.99" x="120.25" y="102.45"/>
        <vehicle id="cfm-fast_1" eclass="HBEFA3/PC_G_EU4" CO2="137687.01" CO="3010.40" HC="17.16" NOx="63.88" PMx="3.68" fuel="59.18" electricity="0.00" noise="122.91" route="routebottom" type="cfm-fast" waiting="0.00" lane="right_1" pos="46.11" speed="45.70" angle="281.51" x="71.64" y="128.48"/>
        <vehicle id="cfm-fast_2" eclass="HBEFA3/PC_G_EU4" CO2="6143.59" CO="63.09" HC="0.44" NOx="2.20" PMx="0.12" fuel="2.64" electricity="0.00" noise="72.59" route="routebottom" type="cfm-fast" waiting="0.00" lane="right_0" pos="43.38" speed="26.69" angle="286.48" x="77.90" y="130.77"/>
        <vehicle id="cfm-fast_3" eclass="HBEFA3/PC_G_EU4" CO2="0.00" CO="0.00" HC="0.00" NOx="0.00" PMx="0.00" fuel="0.00" electricity="0.00" noise="70.13" route="routetop" type="cfm-fast" waiting="0.00" lane="top_0" pos="12.38" speed="25.56" angle="252.15" x="37.61" y="127.12"/>
        <vehicle id="cfm-fast_4" eclass="HBEFA3/PC_G_EU4" CO2="178103.68" CO="3855.30" HC="22.02" NOx="82.94" PMx="4.74" fuel="76.56" electricity="0.00" noise="137.19" route="routetop" type="cfm-fast" waiting="0.00" lane="top_1" pos="43.64" speed="46.32" angle="196.01" x="-0.34" y="76.65"/>
        <vehicle id="cfm-fast_5" eclass="HBEFA3/PC_G_EU4" CO2="7107.74" CO="70.22" HC="0.49" NOx="2.79" PMx="0.14" fuel="3.06" electricity="0.00" noise="70.46" route="routetop" type="cfm-fast" waiting="0.00" lane="top_0" pos="31.87" speed="20.69" angle="217.17" x="5.90" y="100.69"/>
        <vehicle id="cfm-slow_0" eclass="HBEFA3/PC_G_EU4" CO2="11346.15" CO="157.71" HC="1.00" NOx="4.80" PMx="0.25" fuel="4.88" electricity="0.00" noise="72.69" route="routetop" type="cfm-slow" waiting="0.00" lane="top_0" pos="44.73" speed="20.28" angle="194.02" x="-4.00" y="75.04"/>
        <vehicle id="cfm-slow_1" eclass="HBEFA3/PC_G_EU4" CO2="15677.69" CO="246.59" HC="1.51" NOx="6.83" PMx="0.36" fuel="6.74" electricity="0.00" noise="75.61" route="routetop" type="cfm-slow" waiting="0.00" lane="left_0" pos="11.02" speed="20.97" angle="164.58" x="-0.85" y="40.34"/>
        <vehicle id="cfm-slow_2" eclass="HBEFA3/PC_G_EU4" CO2="22468.54" CO="387.05" HC="2.32" NOx="10.00" PMx="0.54" fuel="9.66" electricity="0.00" noise="80.16" route="routetop" type="cfm-slow" waiting="0.00" lane="left_0" pos="28.03" speed="22.41" angle="134.01" x="19.98" y="10.77"/>
        <vehicle id="cfm-slow_3" eclass="HBEFA3/PC_G_EU4" CO2="29565.11" CO="538.16" HC="3.19" NOx="13.29" PMx="0.73" fuel="12.71" electricity="0.00" noise="84.23" route="routetop" type="cfm-slow" waiting="0.00" lane="left_0" pos="46.56" speed="24.84" angle="100.78" x="56.18" y="-4.53"/>
        <vehicle id="cfm-slow_4" eclass="HBEFA3/PC_G_EU4" CO2="30178.12" CO="564.23" HC="3.32" NOx="13.51" PMx="0.75" fuel="12.97" electricity="0.00" noise="83.73" route="routebottom" type="cfm-slow" waiting="0.00" lane="bottom_0" pos="17.61" speed="27.92" angle="62.76" x="99.73" y="5.30"/>
        <vehicle id="cfm-slow_5" eclass="HBEFA3/PC_G_EU4" CO2="17514.43" CO="320.23" HC="1.90" NOx="7.48" PMx="0.43" fuel="7.53" electricity="0.00" noise="77.49" route="routebottom" type="cfm-slow" waiting="0.00" lane="bottom_0" pos="41.78" speed="30.41" angle="19.31" x="129.97" y="46.09"/>
    </timestep>
    <timestep time="3.44">
        <vehicle id="cfm-fast_0" eclass="HBEFA3/PC_G_EU4" CO2="0.00" CO="0.00" HC="0.00" NOx="0.00" PMx="0.00" fuel="0.00" electricity="0.00" noise="73.68" route="routebottom" type="cfm-fast" waiting="0.00" lane="right_0" pos="19.42" speed="30.06" angle="329.49" x="119.88" y="102.98"/>
        <vehicle id="cfm-fast_1" eclass="HBEFA3/PC_G_EU4" CO2="137308.21" CO="3004.74" HC="17.13" NOx="63.70" PMx="3.67" fuel="59.02" electricity="0.00" noise="122.69" route="routebottom" type="cfm-fast" waiting="0.00" lane="right_1" pos="46.57" speed="45.81" angle="280.72" x="70.71" y="128.58"/>
        <vehicle id="cfm-fast_2" eclass="HBEFA3/PC_G_EU4" CO2="5935.93" CO="58.82" HC="0.42" NOx="2.10" PMx="0.12" fuel="2.55" electricity="0.00" noise="72.54" route="routebottom" type="cfm-fast" waiting="0.00" lane="right_0" pos="43.65" speed="26.69" angle="286.04" x="77.34" y="130.90"/>
        <vehicle id="cfm-fast_3" eclass="HBEFA3/PC_G_EU4" CO2="0.00" CO="0.00" HC="0.00" NOx="0.00" PMx="0.00" fuel="0.00" electricity="0.00" noise="70.12" route="routetop" type="cfm-fast" waiting="0.00" lane="top_0" pos="12.64" speed="25.54" angle="251.69" x="37.10" y="126.92"/>
        <vehicle id="cfm-fast_4" eclass="HBEFA3/PC_G_EU4" CO2="178670.01" CO="3869.83" HC="22.10" NOx="83.21" PMx="4.75" fuel="76.80" electricity="0.00" noise="137.26" route="routetop" type="cfm-fast" waiting="0.00" lane="top_1" pos="44.10" speed="46.46" angle="195.15" x="-0.52" y="75.71"/>
        <vehicle id="cfm-fast_5" eclass="HBEFA3/PC_G_EU4" CO2="7096.59" CO="69.99" HC="0.49" NOx="2.78" PMx="0.14" fuel="3.05" electricity="0.00" noise="70.46" route="routetop" type="cfm-fast" waiting="0.00" lane="top_0" pos="32.07" speed="20.70" angle="216.86" x="5.66" y="100.32"/>
        <vehicle id="cfm-slow_0" eclass="HBEFA3/PC_G_EU4" CO2="11349.01" CO="157.76" HC="1.00" NOx="4.80" PMx="0.25" fuel="4.88" electricity="0.00" noise="72.69" route="routetop" type="cfm-slow" waiting="0.00" lane="top_0" pos="44.94" speed="20.30" angle="193.72" x="-4.08" y="74.61"/>
        <vehicle id="cfm-slow_1" eclass="HBEFA3/PC_G_EU4" CO2="15702.95" CO="247.10" HC="1.51" NOx="6.84" PMx="0.36" fuel="6.75" electricity="0.00" noise="75.63" route="routetop" type="cfm-slow" waiting="0.00" lane="left_0" pos="11.23" speed="21.00" angle="164.19" x="-0.70" y="39.92"/>
        <vehicle id="cfm-slow_2" eclass="HBEFA3/PC_G_EU4" CO2="22497.17" CO="387.67" HC="2.32" NOx="10.01" PMx="0.54" fuel="9.67" electricity="0.00" noise="80.18" route="routetop" type="cfm-slow" waiting="0.00" lane="left_0" pos="28.26" speed="22.44" angle="133.65" x="20.35" y="10.46"/>
        <vehicle id="cfm-slow_3" eclass="HBEFA3/PC_G_EU4" CO2="29538.47" CO="537.73" HC="3.18" NOx="13.28" PMx="0.73" fuel="12.70" electricity="0.00" noise="84.20" route="routetop" type="cfm-slow" waiting="0.00" lane="left_0" pos="46.81" speed="24.87" angle="100.33" x="56.72" y="-4.58"/>
        <vehicle id="cfm-slow_4" eclass="HBEFA3/PC_G_EU4" CO2="30025.31" CO="561.28" HC="3.31" NOx="13.44" PMx="0.75" fuel="12.91" electricity="0.00" noise="83.64" route="routebottom" type="cfm-slow" waiting="0.00" lane="bottom_0" pos="17.88" speed="27.95" angle="62.29" x="100.24" y="5.61"/>
        <vehicle id="cfm-slow_5" eclass="HBEFA3/PC_G_EU4" CO2="17279.28" CO="315.50" HC="1.87" NOx="7.37" PMx="0.43" fuel="7.43" electricity="0.00" noise="77.40" route="routebottom" type="cfm-slow" waiting="0.00" lane="bottom_0" pos="42.09" speed="30.43" angle="18.76" x="130.14" y="46.72"/>
    </timestep>
    <timestep time="3.45">
        <vehicle id="cfm-fast_0" eclass="HBEFA3/PC_G_EU4" CO2="0.00" CO="0.00" HC="0.00" NOx="0.00" PMx="0.00" fuel="0.00" electricity="0.00" noise="73.64" route="routebottom" type="cfm-fast" waiting="0.00" lane="right_0" pos="19.72" speed="30.06" angle="328.94" x="119.50" y="103.50"/>
        <vehicle id="cfm-fast_1" eclass="HBEFA3/PC_G_EU4" CO2="136941.06" CO="2999.32" HC="17.10" NOx="63.53" PMx="3.66" fuel="58.86" electricity="0.00" noise="122.48" route="routebottom" type="cfm-fast" waiting="0.00" lane="right_1" pos="47.03" speed="45.91" angle="279.90" x="69.77" y="128.68"/>
        <vehicle id="cfm-fast_2" eclass="HBEFA3/PC_G_EU4" CO2="5730.34" CO="54.60" HC="0.39" NOx="2.00" PMx="0.11" fuel="2.46" electricity="0.00" noise="72.49" route="routebottom" type="cfm-fast" waiting="0.00" lane="right_0" pos="43.91" speed="26.69" angle="285.54" x="76.77" y="131.00"/>
        <vehicle id="cfm-fast_3" eclass="HBEFA3/PC_G_EU4" CO2="0.00" CO="0.00" HC="0.00" NOx="0.00" PMx="0.00" fuel="0.00" electricity="0.00" noise="70.11" route="routetop" type="cfm-fast" waiting="0.00" lane="top_0" pos="12.89" speed="25.53" angle="251.28" x="36.59" y="126.71"/>
        <vehicle id="cfm-fast_4" eclass="HBEFA3/PC_G_EU4" CO2="179236.63" CO="3884.39" HC="22.18" NOx="83.47" PMx="4.77" fuel="77.04" electricity="0.00" noise="137.32" route="routetop" type="cfm-fast" waiting="0.00" lane="top_1" pos="44.57" speed="46.59" angle="194.29" x="-0.69" y="74.77"/>
        <vehicle id="cfm-fast_5" eclass="HBEFA3/PC_G_EU4" CO2="7086.03" CO="69.77" HC="0.49" NOx="2.78" PMx="0.14" fuel="3.05" electricity="0.00" noise="70.46" route="routetop" type="cfm-fast" waiting="0.00" lane="top_0" pos="32.28" speed="20.70" angle="216.47" x="5.43" y="99.94"/>
        <vehicle id="cfm-slow_0" eclass="HBEFA3/PC_G_EU4" CO2="11352.38" CO="157.82" HC="1.00" NOx="4.80" PMx="0.25" fuel="4.88" electricity="0.00" noise="72.70" route="routetop" type="cfm-slow" waiting="0.00" lane="top_0" pos="45.14" speed="20.31" angle="193.34" x="-4.14" y="74.17"/>
        <vehicle id="cfm-slow_1" eclass="HBEFA3/PC_G_EU4" CO2="15728.55" CO="247.63" HC="1.52" NOx="6.85" PMx="0.36" fuel="6.76" electricity="0.00" noise="75.64" route="routetop" type="cfm-slow" waiting="0.00" lane="left_0" pos="11.44" speed="21.02" angle="163.83" x="-0.55" y="39.49"/>
        <vehicle id="cfm-slow_2" eclass="HBEFA3/PC_G_EU4" CO2="22525.62" CO="388.29" HC="2.33" NOx="10.02" PMx="0.54" fuel="9.68" electricity="0.00" noise="80.19" route="routetop" type="cfm-slow" waiting="0.00" lane="left_0" pos="28.48" speed="22.48" angle="133.24" x="20.73" y="10.16"/>
        <vehicle id="cfm-slow_3" eclass="HBEFA3/PC_G_EU4" CO2="29511.00" CO="537.29" HC="3.18" NOx="13.26" PMx="0.73" fuel="12.69" electricity="0.00" noise="84.17" route="routetop" type="cfm-slow" waiting="0.00" lane="left_0" pos="47.06" speed="24.91" angle="99.87" x="57.25" y="-4.64"/>
        <vehicle id="cfm-slow_4" eclass="HBEFA3/PC_G_EU4" CO2="29871.89" CO="558.31" HC="3.29" NOx="13.37" PMx="0.75" fuel="12.84" electricity="0.00" noise="83.54" route="routebottom" type="cfm-slow" waiting="0.00" lane="bottom_0" pos="18.16" speed="27.98" angle="61.80" x="100.75" y="5.94"/>
        <vehicle id="cfm-slow_5" eclass="HBEFA3/PC_G_EU4" CO2="17045.09" CO="310.78" HC="1.85" NOx="7.26" PMx="0.42" fuel="7.33" electricity="0.00" noise="77.31" route="routebottom" type="cfm-slow" waiting="0.00" lane="bottom_0" pos="42.39" speed="30.44" angle="18.26" x="130.31" y="47.36"/>
    </timestep>
    <timestep time="3.46">
        <vehicle id="cfm-fast_0" eclass="HBEFA3/PC_G_EU4" CO2="0.00" CO="0.00" HC="0.00" NOx="0.00" PMx="0.00" fuel="0.00" electricity="0.00" noise="73.61" route="routebottom" type="cfm-fast" waiting="0.00" lane="right_0" pos="20.02" speed="30.06" angle="328.40" x="119.12" y="104.03"/>
        <vehicle id="cfm-fast_1" eclass="HBEFA3/PC_G_EU4" CO2="136585.50" CO="2994.13" HC="17.06" NOx="63.36" PMx="3.65" fuel="58.71" electricity="0.00" noise="122.28" route="routebottom" type="cfm-fast" waiting="0.00" lane="right_1" pos="47.49" speed="46.01" angle="279.12" x="68.83" y="128.77"/>
        <vehicle id="cfm-fast_2" eclass="HBEFA3/PC_G_EU4" CO2="5526.82" CO="50.41" HC="0.37" NOx="1.91" PMx="0.11" fuel="2.38" electricity="0.00" noise="72.44" route="routebottom" type="cfm-fast" waiting="0.00" lane="right_0" pos="44.18" speed="26.69" angle="285.03" x="76.21" y="131.11"/>
        <vehicle id="cfm-fast_3" eclass="HBEFA3/PC_G_EU4" CO2="0.00" CO="0.00" HC="0.00" NOx="0.00" PMx="0.00" fuel="0.00" electricity="0.00" noise="70.10" route="routetop" type="cfm-fast" waiting="0.00" lane="top_0" pos="13.15" speed="25.51" angle="250.82" x="36.09" y="126.48"/>
        <vehicle id="cfm-fast_4" eclass="HBEFA3/PC_G_EU4" CO2="179803.55" CO="3898.97" HC="22.26" NOx="83.74" PMx="4.78" fuel="77.29" electricity="0.00" noise="137.39" route="routetop" type="cfm-fast" waiting="0.00" lane="top_1" pos="45.04" speed="46.73" angle="193.50" x="-0.85" y="73.83"/>
        <vehicle id="cfm-fast_5" eclass="HBEFA3/PC_G_EU4" CO2="7076.05" CO="69.56" HC="0.49" NOx="2.77" PMx="0.14" fuel="3.04" electricity="0.00" noise="70.45" route="routetop" type="cfm-fast" waiting="0.00" lane="top_0" pos="32.49" speed="20.71" angle="216.07" x="5.20" y="99.56"/>
        <vehicle id="cfm-slow_0" eclass="HBEFA3/PC_G_EU4" CO2="11356.27" CO="157.89" HC="1.00" NOx="4.80" PMx="0.25" fuel="4.88" electricity="0.00" noise="72.70" route="routetop" type="cfm-slow" waiting="0.00" lane="top_0" pos="45.34" speed="20.33" angle="192.97" x="-4.20" y="73.74"/>
        <vehicle id="cfm-slow_1" eclass="HBEFA3/PC_G_EU4" CO2="15754.47" CO="248.16" HC="1.52" NOx="6.86" PMx="0.36" fuel="6.77" electricity="0.00" noise="75.66" route="routetop" type="cfm-slow" waiting="0.00" lane="left_0" pos="11.65" speed="21.04" angle="163.49" x="-0.39" y="39.07"/>
        <vehicle id="cfm-slow_2" eclass="HBEFA3/PC_G_EU4" CO2="22553.89" CO="388.91" HC="2.33" NOx="10.04" PMx="0.54" fuel="9.69" electricity="0.00" noise="80.20" route="routetop" type="cfm-slow" waiting="0.00" lane="left_0" pos="28.71" speed="22.51" angle="132.82" x="21.11" y="9.86"/>
        <vehicle id="cfm-slow_3" eclass="HBEFA3/PC_G_EU4" CO2="29482.69" CO="536.83" HC="3.18" NOx="13.25" PMx="0.73" fuel="12.67" electricity="0.00" noise="84.14" route="routetop" type="cfm-slow" waiting="0.00" lane="left_0" pos="47.31" speed="24.95" angle="99.42" x="57.78" y="-4.69"/>
        <vehicle id="cfm-slow_4" eclass="HBEFA3/PC_G_EU4" CO2="29717.87" CO="555.33" HC="3.27" NOx="13.29" PMx="0.74" fuel="12.77" electricity="0.00" noise="83.45" route="routebottom" type="cfm-slow" waiting="0.00" lane="bottom_0" pos="18.45" speed="28.02" angle="61.27" x="101.25" y="6.28"/>
        <vehicle id="cfm-slow_5" eclass="HBEFA3/PC_G_EU4" CO2="16811.88" CO="306.09" HC="1.82" NOx="7.15" PMx="0.42" fuel="7.23" electricity="0.00" noise="77.23" route="routebottom" type="cfm-slow" waiting="0.00" lane="bottom_0" pos="42.70" speed="30.46" angle="17.71" x="130.45" y="48.00"/>
    </timestep>
    <timestep time="3.47">
        <vehicle id="cfm-fast_0" eclass="HBEFA3/PC_G_EU4" CO2="0.00" CO="0.00" HC="0.00" NOx="0.00" PMx="0.00" fuel="0.00" electricity="0.00" noise="73.57" route="routebottom" type="cfm-fast" waiting="0.00" lane="right_0" pos="20.32" speed="30.06" angle="327.85" x="118.75" y="104.55"/>
        <vehicle id="cfm-fast_1" eclass="HBEFA3/PC_G_EU4" CO2="136241.48" CO="2989.18" HC="17.03" NOx="63.19" PMx="3.64" fuel="58.56" electricity="0.00" noise="122.08" route="routebottom" type="cfm-fast" waiting="0.00" lane="right_1" pos="47.95" speed="46.12" angle="278.24" x="67.89" y="128.83"/>
        <vehicle id="cfm-fast_2" eclass="HBEFA3/PC_G_EU4" CO2="5325.38" CO="46.27" HC="0.34" NOx="1.81" PMx="0.10" fuel="2.29" electricity="0.00" noise="72.39" route="routebottom" type="cfm-fast" waiting="0.00" lane="right_0" pos="44.45" speed="26.69" angle="284.52" x="75.64" y="131.21"/>
        <vehicle id="cfm-fast_3" eclass="HBEFA3/PC_G_EU4" CO2="0.00" CO="0.00" HC="0.00" NOx="0.00" PMx="0.00" fuel="0.00" electricity="0.00" noise="70.09" route="routetop" type="cfm-fast" waiting="0.00" lane="top_0" pos="13.40" speed="25.49" angle="250.35" x="35.59" y="126.26"/>
        <vehicle id="cfm-fast_4" eclass="HBEFA3/PC_G_EU4" CO2="180370.75" CO="3913.57" HC="22.34" NOx="84.00" PMx="4.80" fuel="77.53" electricity="0.00" noise="137.45" route="routetop" type="cfm-fast" waiting="0.00" lane="top_1" pos="45.50" speed="46.87" angle="192.64" x="-0.99" y="72.88"/>
        <vehicle id="cfm-fast_5" eclass="HBEFA3/PC_G_EU4" CO2="7066.65" CO="69.37" HC="0.49" NOx="2.77" PMx="0.14" fuel="3.04" electricity="0.00" noise="70.45" route="routetop" type="cfm-fast" waiting="0.00" lane="top_0" pos="32.69" speed="20.72" angle="215.68" x="4.97" y="99.18"/>
        <vehicle id="cfm-slow_0" eclass="HBEFA3/PC_G_EU4" CO2="11360.66" CO="157.97" HC="1.00" NOx="4.80" PMx="0.25" fuel="4.88" electricity="0.00" noise="72.71" route="routetop" type="cfm-slow" waiting="0.00" lane="top_0" pos="45.55" speed="20.34" angle="192.60" x="-4.26" y="73.31"/>
        <vehicle id="cfm-slow_1" eclass="HBEFA3/PC_G_EU4" CO2="15780.70" CO="248.70" HC="1.52" NOx="6.87" PMx="0.36" fuel="6.78" electricity="0.00" noise="75.68" route="routetop" type="cfm-slow" waiting="0.00" lane="left_0" pos="11.86" speed="21.06" angle="163.12" x="-0.22" y="38.65"/>
        <vehicle id="cfm-slow_2" eclass="HBEFA3/PC_G_EU4" CO2="22581.97" CO="389.53" HC="2.33" NOx="10.05" PMx="0.54" fuel="9.71" electricity="0.00" noise="80.21" route="routetop" type="cfm-slow" waiting="0.00" lane="left_0" pos="28.93" speed="22.54" angle="132.40" x="21.49" y="9.56"/>
        <vehicle id="cfm-slow_3" eclass="HBEFA3/PC_G_EU4" CO2="29453.55" CO="536.35" HC="3.17" NOx="13.24" PMx="0.73" fuel="12.66" electricity="0.00" noise="84.10" route="routetop" type="cfm-slow" waiting="0.00" lane="left_0" pos="47.56" speed="24.99" angle="99.01" x="58.32" y="-4.74"/>
        <vehicle id="cfm-slow_4" eclass="HBEFA3/PC_G_EU4" CO2="29563.26" CO="552.34" HC="3.25" NOx="13.22" PMx="0.74" fuel="12.71" electricity="0.00" noise="83.36" route="routebottom" type="cfm-slow" waiting="0.00" lane="bottom_0" pos="18.73" speed="28.05" angle="60.74" x="101.75" y="6.61"/>
        <vehicle id="cfm-slow_5" eclass="HBEFA3/PC_G_EU4" CO2="16579.64" CO="301.41" HC="1.79" NOx="7.04" PMx="0.41" fuel="7.13" electricity="0.00" noise="77.14" route="routebottom" type="cfm-slow" waiting="0.00" lane="bottom_0" pos="43.00" speed="30.47" angle="17.16" x="130.60" y="48.64"/>
    </timestep>
    <timestep time="3.48">
        <vehicle id="cfm-fast_0" eclass="HBEFA3/PC_G_EU4" CO2="0.00" CO="0.00" HC="0.00" NOx="0.00" PMx="0.00" fuel="0.00" electricity="0.00" noise="73.54" route="routebottom" type="cfm-fast" waiting="0.00" lane="right_0" pos="20.62" speed="30.06" angle="327.37" x="118.36" y="105.07"/>
        <vehicle id="cfm-fast_1" eclass="HBEFA3/PC_G_EU4" CO2="135908.92" CO="2984.46" HC="17.00" NOx="63.04" PMx="3.63" fuel="58.42" electricity="0.00" noise="121.88" route="routebottom" type="cfm-fast" waiting="0.00" lane="right_1" pos="48.41" speed="46.22" angle="277.35" x="66.94" y="128.88"/>
        <vehicle id="cfm-fast_2" eclass="HBEFA3/PC_G_EU4" CO2="5126.01" CO="42.16" HC="0.32" NOx="1.72" PMx="0.10" fuel="2.20" electricity="0.00" noise="72.35" route="routebottom" type="cfm-fast" waiting="0.00" lane="right_0" pos="44.71" speed="26.69" angle="284.01" x="75.08" y="131.31"/>
        <vehicle id="cfm-fast_3" eclass="HBEFA3/PC_G_EU4" CO2="0.00" CO="0.00" HC="0.00" NOx="0.00" PMx="0.00" fuel="0.00" electricity="0.00" noise="70.07" route="routetop" type="cfm-fast" waiting="0.00" lane="top_0" pos="13.66" speed="25.47" angle="249.89" x="35.09" y="126.03"/>
        <vehicle id="cfm-fast_4" eclass="HBEFA3/PC_G_EU4" CO2="180938.25" CO="3928.19" HC="22.42" NOx="84.27" PMx="4.82" fuel="77.78" electricity="0.00" noise="137.52" route="routetop" type="cfm-fast" waiting="0.00" lane="top_1" pos="45.97" speed="47.00" angle="191.78" x="-1.12" y="71.92"/>
        <vehicle id="cfm-fast_5" eclass="HBEFA3/PC_G_EU4" CO2="7057.81" CO="69.18" HC="0.49" NOx="2.77" PMx="0.13" fuel="3.03" electricity="0.00" noise="70.45" route="routetop" type="cfm-fast" waiting="0.00" lane="top_0" pos="32.90" speed="20.72" angle="215.29" x="4.74" y="98.79"/>
        <vehicle id="cfm-slow_0" eclass="HBEFA3/PC_G_EU4" CO2="11365.55" CO="158.06" HC="1.00" NOx="4.81" PMx="0.25" fuel="4.89" electricity="0.00" noise="72.71" route="routetop" type="cfm-slow" waiting="0.00" lane="top_0" pos="45.75" speed="20.36" angle="192.22" x="-4.32" y="72.87"/>
        <vehicle id="cfm-slow_1" eclass="HBEFA3/PC_G_EU4" CO2="15807.25" CO="249.24" HC="1.52" NOx="6.89" PMx="0.36" fuel="6.79" electricity="0.00" noise="75.69" route="routetop" type="cfm-slow" waiting="0.00" lane="left_0" pos="12.07" speed="21.09" angle="162.74" x="-0.05" y="38.23"/>
        <vehicle id="cfm-slow_2" eclass="HBEFA3/PC_G_EU4" CO2="22609.85" CO="390.14" HC="2.34" NOx="10.06" PMx="0.54" fuel="9.72" electricity="0.00" noise="80.22" route="routetop" type="cfm-slow" waiting="0.00" lane="left_0" pos="29.16" speed="22.57" angle="131.98" x="21.87" y="9.26"/>
        <vehicle id="cfm-slow_3" eclass="HBEFA3/PC_G_EU4" CO2="29423.58" CO="535.86" HC="3.17" NOx="13.22" PMx="0.73" fuel="12.65" electricity="0.00" noise="84.07" route="routetop" type="cfm-slow" waiting="0.00" lane="left_0" pos="47.81" speed="25.03" angle="98.53" x="58.86" y="-4.77"/>
        <vehicle id="cfm-slow_4" eclass="HBEFA3/PC_G_EU4" CO2="29408.08" CO="549.34" HC="3.24" NOx="13.14" PMx="0.74" fuel="12.64" electricity="0.00" noise="83.26" route="routebottom" type="cfm-slow" waiting="0.00" lane="bottom_0" pos="19.01" speed="28.08" angle="60.22" x="102.26" y="6.94"/>
        <vehicle id="cfm-slow_5" eclass="HBEFA3/PC_G_EU4" CO2="16348.39" CO="296.75" HC="1.76" NOx="6.93" PMx="0.40" fuel="7.03" electricity="0.00" noise="77.06" route="routebottom" type="cfm-slow" waiting="0.00" lane="bottom_0" pos="43.31" speed="30.48" angle="16.60" x="130.74" y="49.28"/>
    </timestep>
    <timestep time="3.49">
        <vehicle id="cfm-fast_0" eclass="HBEFA3/PC_G_EU4" CO2="0.00" CO="0.00" HC="0.00" NOx="0.00" PMx="0.00" fuel="0.00" electricity="0.00" noise="73.50" route="routebottom" type="cfm-fast" waiting="0.00" lane="right_0" pos="20.92" speed="30.05" angle="326.82" x="117.96" y="105.58"/>
        <vehicle id="cfm-fast_1" eclass="HBEFA3/PC_G_EU4" CO2="135587.77" CO="2979.97" HC="16.98" NOx="62.88" PMx="3.63" fuel="58.28" electricity="0.00" noise="121.70" route="routebottom" type="cfm-fast" waiting="0.00" lane="right_1" pos="48.88" speed="46.32" angle="276.54" x="66.00" y="128.93"/>
        <vehicle id="cfm-fast_2" eclass="HBEFA3/PC_G_EU4" CO2="4928.73" CO="38.10" HC="0.30" NOx="1.62" PMx="0.09" fuel="2.12" electricity="0.00" noise="72.30" route="routebottom" type="cfm-fast" waiting="0.00" lane="right_0" pos="44.98" speed="26.69" angle="283.59" x="74.51" y="131.41"/>
        <vehicle id="cfm-fast_3" eclass="HBEFA3/PC_G_EU4" CO2="0.00" CO="0.00" HC="0.00" NOx="0.00" PMx="0.00" fuel="0.00" electricity="0.00" noise="70.06" route="routetop" type="cfm-fast" waiting="0.00" lane="top_0" pos="13.91" speed="25.46" angle="249.42" x="34.59" y="125.81"/>
        <vehicle id="cfm-fast_4" eclass="HBEFA3/PC_G_EU4" CO2="181506.04" CO="3942.83" HC="22.50" NOx="84.53" PMx="4.83" fuel="78.02" electricity="0.00" noise="137.59" route="routetop" type="cfm-fast" waiting="0.00" lane="top_1" pos="46.45" speed="47.14" angle="190.96" x="-1.24" y="70.96"/>
        <vehicle id="cfm-fast_5" eclass="HBEFA3/PC_G_EU4" CO2="7049.54" CO="69.01" HC="0.49" NOx="2.76" PMx="0.13" fuel="3.03" electricity="0.00" noise="70.45" route="routetop" type="cfm-fast" waiting="0.00" lane="top_0" pos="33.11" speed="20.73" angle="214.90" x="4.51" y="98.41"/>
        <vehicle id="cfm-slow_0" eclass="HBEFA3/PC_G_EU4" CO2="11370.93" CO="158.16" HC="1.00" NOx="4.81" PMx="0.25" fuel="4.89" electricity="0.00" noise="72.72" route="routetop" type="cfm-slow" waiting="0.00" lane="top_0" pos="45.96" speed="20.37" angle="191.84" x="-4.38" y="72.44"/>
        <vehicle id="cfm-slow_1" eclass="HBEFA3/PC_G_EU4" CO2="15834.11" CO="249.79" HC="1.53" NOx="6.90" PMx="0.36" fuel="6.81" electricity="0.00" noise="75.71" route="routetop" type="cfm-slow" waiting="0.00" lane="left_0" pos="12.28" speed="21.11" angle="162.37" x="0.12" y="37.81"/>
        <vehicle id="cfm-slow_2" eclass="HBEFA3/PC_G_EU4" CO2="22637.53" CO="390.75" HC="2.34" NOx="10.07" PMx="0.54" fuel="9.73" electricity="0.00" noise="80.23" route="routetop" type="cfm-slow" waiting="0.00" lane="left_0" pos="29.38" speed="22.61" angle="131.58" x="22.26" y="8.96"/>
        <vehicle id="cfm-slow_3" eclass="HBEFA3/PC_G_EU4" CO2="29392.77" CO="535.35" HC="3.17" NOx="13.20" PMx="0.73" fuel="12.63" electricity="0.00" noise="84.04" route="routetop" type="cfm-slow" waiting="0.00" lane="left_0" pos="48.06" speed="25.07" angle="98.05" x="59.40" y="-4.80"/>
        <vehicle id="cfm-slow_4" eclass="HBEFA3/PC_G_EU4" CO2="29252.33" CO="546.32" HC="3.22" NOx="13.07" PMx="0.73" fuel="12.57" electricity="0.00" noise="83.17" route="routebottom" type="cfm-slow" waiting="0.00" lane="bottom_0" pos="19.29" speed="28.12" angle="59.75" x="102.76" y="7.28"/>
        <vehicle id="cfm-slow_5" eclass="HBEFA3/PC_G_EU4" CO2="16118.12" CO="292.11" HC="1.74" NOx="6.82" PMx="0.40" fuel="6.93" electricity="0.00" noise="76.98" route="routebottom" type="cfm-slow" waiting="0.00" lane="bottom_0" pos="43.61" speed="30.49" angle="16.10" x="130.88" y="49.92"/>
    </timestep>
    <timestep time="3.50">
        <vehicle id="cfm-fast_0" eclass="HBEFA3/PC_G_EU4" CO2="0.00" CO="0.00" HC="0.00" NOx="0.00" PMx="0.00" fuel="0.00" electricity="0.00" noise="73.47" route="routebottom" type="cfm-fast" waiting="0.00" lane="right_0" pos="21.22" speed="30.05" angle="326.28" x="117.56" y="106.09"/>
        <vehicle id="cfm-fast_1" eclass="HBEFA3/PC_G_EU4" CO2="135277.96" CO="2975.71" HC="16.95" NOx="62.73" PMx="3.62" fuel="58.15" electricity="0.00" noise="121.51" route="routebottom" type="cfm-fast" waiting="0.00" lane="right_1" pos="49.34" speed="46.42" angle="275.68" x="65.04" y="128.94"/>
        <vehicle id="cfm-fast_2" eclass="HBEFA3/PC_G_EU4" CO2="0.00" CO="0.00" HC="0.00" NOx="0.00" PMx="0.00" fuel="0.00" electricity="0.00" noise="72.26" route="routebottom" type="cfm-fast" waiting="0.00" lane="right_0" pos="45.25" speed="26.69" angle="283.11" x="73.95" y="131.49"/>
        <vehicle id="cfm-fast_3" eclass="HBEFA3/PC_G_EU4" CO2="0.00" CO="0.00" HC="0.00" NOx="0.00" PMx="0.00" fuel="0.00" electricity="0.00" noise="70.05" route="routetop" type="cfm-fast" waiting="0.00" lane="top_0" pos="14.16" speed="25.44" angle="249.01" x="34.09" y="125.58"/>
        <vehicle id="cfm-fast_4" eclass="HBEFA3/PC_G_EU4" CO2="182074.12" CO="3957.50" HC="22.58" NOx="84.80" PMx="4.85" fuel="78.26" electricity="0.00" noise="137.65" route="routetop" type="cfm-fast" waiting="0.00" lane="top_1" pos="46.92" speed="47.27" angle="190.08" x="-1.33" y="70.00"/>
        <vehicle id="cfm-fast_5" eclass="HBEFA3/PC_G_EU4" CO2="7041.84" CO="68.85" HC="0.49" NOx="2.76" PMx="0.13" fuel="3.03" electricity="0.00" noise="70.45" route="routetop" type="cfm-fast" waiting="0.00" lane="top_0" pos="33.32" speed="20.74" angle="214.55" x="4.28" y="98.03"/>
        <vehicle id="cfm-slow_0" eclass="HBEFA3/PC_G_EU4" CO2="11376.81" CO="158.27" HC="1.00" NOx="4.81" PMx="0.25" fuel="4.89" electricity="0.00" noise="72.72" route="routetop" type="cfm-slow" waiting="0.00" lane="top_0" pos="46.16" speed="20.39" angle="191.51" x="-4.44" y="72.00"/>
        <vehicle id="cfm-slow_1" eclass="HBEFA3/PC_G_EU4" CO2="15861.26" CO="250.35" HC="1.53" NOx="6.91" PMx="0.37" fuel="6.82" electricity="0.00" noise="75.73" route="routetop" type="cfm-slow" waiting="0.00" lane="left_0" pos="12.49" speed="21.13" angle="161.99" x="0.29" y="37.38"/>
        <vehicle id="cfm-slow_2" eclass="HBEFA3/PC_G_EU4" CO2="22664.99" CO="391.35" HC="2.34" NOx="10.09" PMx="0.55" fuel="9.74" electricity="0.00" noise="80.24" route="routetop" type="cfm-slow" waiting="0.00" lane="left_0" pos="29.61" speed="22.64" angle="131.21" x="22.65" y="8.67"/>
        <vehicle id="cfm-slow_3" eclass="HBEFA3/PC_G_EU4" CO2="29361.13" CO="534.82" HC="3.17" NOx="13.19" PMx="0.73" fuel="12.62" electricity="0.00" noise="84.00" route="routetop" type="cfm-slow" waiting="0.00" lane="left_0" pos="48.31" speed="25.11" angle="97.56" x="59.94" y="-4.83"/>
        <vehicle id="cfm-slow_4" eclass="HBEFA3/PC_G_EU4" CO2="29096.03" CO="543.29" HC="3.20" NOx="13.00" PMx="0.73" fuel="12.51" electricity="0.00" noise="83.07" route="routebottom" type="cfm-slow" waiting="0.00" lane="bottom_0" pos="19.57" speed="28.15" angle="59.24" x="103.25" y="7.64"/>
        <vehicle id="cfm-slow_5" eclass="HBEFA3/PC_G_EU4" CO2="15888.85" CO="287.49" HC="1.71" NOx="6.71" PMx="0.39" fuel="6.83" electricity="0.00" noise="76.89" route="routebottom" type="cfm-slow" waiting="0.00" lane="bottom_0" pos="43.92" speed="30.51" angle="15.53" x="131.00" y="50.56"/>
    </timestep>
    <timestep time="3.51">
        <vehicle id="cfm-fast_0" eclass="HBEFA3/PC_G_EU4" CO2="0.00" CO="0.00" HC="0.00" NOx="0.00" PMx="0.00" fuel="0.00" electricity="0.00" noise="73.44" route="routebottom" type="cfm-fast" waiting="0.00" lane="right_0" pos="21.52" speed="30.05" angle="325.73" x="117.16" y="106.60"/>
        <vehicle id="cfm-fast_1" eclass="HBEFA3/PC_G_EU4" CO2="134979.42" CO="2971.68" HC="16.92" NOx="62.59" PMx="3.61" fuel="58.02" electricity="0.00" noise="121.34" route="routebottom" type="cfm-fast" waiting="0.00" lane="right_1" pos="49.80" speed="46.52" angle="274.82" x="64.09" y="128.96"/>
        <vehicle id="cfm-fast_2" eclass="HBEFA3/PC_G_EU4" CO2="0.00" CO="0.00" HC="0.00" NOx="0.00" PMx="0.00" fuel="0.00" electricity="0.00" noise="72.21" route="routebottom" type="cfm-fast" waiting="0.00" lane="right_0" pos="45.51" speed="26.69" angle="282.63" x="73.38" y="131.57"/>
        <vehicle id="cfm-fast_3" eclass="HBEFA3/PC_G_EU4" CO2="0.00" CO="0.00" HC="0.00" NOx="0.00" PMx="0.00" fuel="0.00" electricity="0.00" noise="70.04" route="routetop" type="cfm-fast" waiting="0.00" lane="top_0" pos="14.42" speed="25.42" angle="248.53" x="33.60" y="125.33"/>
        <vehicle id="cfm-fast_4" eclass="HBEFA3/PC_G_EU4" CO2="182642.50" CO="3972.18" HC="22.67" NOx="85.07" PMx="4.87" fuel="78.51" electricity="0.00" noise="137.72" route="routetop" type="cfm-fast" waiting="0.00" lane="top_1" pos="47.39" speed="47.41" angle="189.23" x="-1.43" y="69.03"/>
        <vehicle id="cfm-fast_5" eclass="HBEFA3/PC_G_EU4" CO2="7034.69" CO="68.70" HC="0.48" NOx="2.75" PMx="0.13" fuel="3.02" electricity="0.00" noise="70.45" route="routetop" type="cfm-fast" waiting="0.00" lane="top_0" pos="33.52" speed="20.74" angle="214.19" x="4.06" y="97.64"/>
        <vehicle id="cfm-slow_0" eclass="HBEFA3/PC_G_EU4" CO2="11383.18" CO="158.39" HC="1.00" NOx="4.81" PMx="0.25" fuel="4.89" electricity="0.00" noise="72.73" route="routetop" type="cfm-slow" waiting="0.00" lane="top_0" pos="46.36" speed="20.41" angle="191.15" x="-4.49" y="71.57"/>
        <vehicle id="cfm-slow_1" eclass="HBEFA3/PC_G_EU4" CO2="15888.71" CO="250.92" HC="1.53" NOx="6.92" PMx="0.37" fuel="6.83" electricity="0.00" noise="75.75" route="routetop" type="cfm-slow" waiting="0.00" lane="left_0" pos="12.70" speed="21.15" angle="161.63" x="0.46" y="36.96"/>
        <vehicle id="cfm-slow_2" eclass="HBEFA3/PC_G_EU4" CO2="22692.23" CO="391.95" HC="2.35" NOx="10.10" PMx="0.55" fuel="9.75" electricity="0.00" noise="80.25" route="routetop" type="cfm-slow" waiting="0.00" lane="left_0" pos="29.84" speed="22.67" angle="130.80" x="23.04" y="8.38"/>
        <vehicle id="cfm-slow_3" eclass="HBEFA3/PC_G_EU4" CO2="29328.65" CO="534.28" HC="3.16" NOx="13.17" PMx="0.72" fuel="12.61" electricity="0.00" noise="83.97" route="routetop" type="cfm-slow" waiting="0.00" lane="left_0" pos="48.56" speed="25.14" angle="97.08" x="60.48" y="-4.86"/>
        <vehicle id="cfm-slow_4" eclass="HBEFA3/PC_G_EU4" CO2="28939.19" CO="540.25" HC="3.18" NOx="12.92" PMx="0.72" fuel="12.44" electricity="0.00" noise="82.98" route="routebottom" type="cfm-slow" waiting="0.00" lane="bottom_0" pos="19.85" speed="28.18" angle="58.71" x="103.74" y="7.99"/>
        <vehicle id="cfm-slow_5" eclass="HBEFA3/PC_G_EU4" CO2="15660.57" CO="282.88" HC="1.68" NOx="6.60" PMx="0.39" fuel="6.73" electricity="0.00" noise="76.82" route="routebottom" type="cfm-slow" waiting="0.00" lane="bottom_0" pos="44.22" speed="30.52" angle="14.95" x="131.12" y="51.21"/>
    </timestep>
    <timestep time="3.52">
        <vehicle id="cfm-fast_0" eclass="HBEFA3/PC_G_EU4" CO2="0.00" CO="0.00" HC="0.00" NOx="0.00" PMx="0.00" fuel="0.00" electricity="0.00" noise="73.41" route="routebottom" type="cfm-fast" waiting="0.00" lane="right_0" pos="21.82" speed="30.04" angle="325.24" x="116.76" y="107.11"/>
        <vehicle id="cfm-fast_1" eclass="HBEFA3/PC_G_EU4" CO2="134692.10" CO="2967.88" HC="16.90" NOx="62.45" PMx="3.61" fuel="57.90" electricity="0.00" noise="121.17" route="routetop" type="cfm-fast" waiting="0.00" lane="top_1" pos="0.27" speed="46.62" angle="273.99" x="63.07" y="128.96"/>
        <vehicle id="cfm-fast_2" eclass="HBEFA3/PC_G_EU4" CO2="0.00" CO="0.00" HC="0.00" NOx="0.00" PMx="0.00" fuel="0.00" electricity="0.00" noise="72.17" route="routebottom" type="cfm-fast" waiting="0.00" lane="right_0" pos="45.78" speed="26.69" angle="282.15" x="72.81" y="131.65"/>
        <vehicle id="cfm-fast_3" eclass="HBEFA3/PC_G_EU4" CO2="0.00" CO="0.00" HC="0.00" NOx="0.00" PMx="0.00" fuel="0.00" electricity="0.00" noise="70.03" route="routetop" type="cfm-fast" waiting="0.00" lane="top_0" pos="14.67" speed="25.40" angle="248.04" x="33.12" y="125.09"/>
        <vehicle id="cfm-fast_4" eclass="HBEFA3/PC_G_EU4" CO2="183211.16" CO="3986.89" HC="22.75" NOx="85.33" PMx="4.88" fuel="78.75" electricity="0.00" noise="137.78" route="routetop" type="cfm-fast" waiting="0.00" lane="top_1" pos="47.87" speed="47.55" angle="188.38" x="-1.49" y="68.06"/>
        <vehicle id="cfm-fast_5" eclass="HBEFA3/PC_G_EU4" CO2="7028.10" CO="68.56" HC="0.48" NOx="2.75" PMx="0.13" fuel="3.02" electricity="0.00" noise="70.45" route="routetop" type="cfm-fast" waiting="0.00" lane="top_0" pos="33.73" speed="20.75" angle="213.81" x="3.85" y="97.25"/>
        <vehicle id="cfm-slow_0" eclass="HBEFA3/PC_G_EU4" CO2="11390.03" CO="158.52" HC="1.00" NOx="4.82" PMx="0.25" fuel="4.90" electricity="0.00" noise="72.74" route="routetop" type="cfm-slow" waiting="0.00" lane="top_0" pos="46.57" speed="20.42" angle="190.78" x="-4.53" y="71.13"/>
        <vehicle id="cfm-slow_1" eclass="HBEFA3/PC_G_EU4" CO2="15916.44" CO="251.49" HC="1.54" NOx="6.93" PMx="0.37" fuel="6.84" electricity="0.00" noise="75.77" route="routetop" type="cfm-slow" waiting="0.00" lane="left_0" pos="12.91" speed="21.18" angle="161.28" x="0.64" y="36.54"/>
        <vehicle id="cfm-slow_2" eclass="HBEFA3/PC_G_EU4" CO2="22719.25" CO="392.55" HC="2.35" NOx="10.11" PMx="0.55" fuel="9.77" electricity="0.00" noise="80.26" route="routetop" type="cfm-slow" waiting="0.00" lane="left_0" pos="30.06" speed="22.70" angle="130.38" x="23.44" y="8.10"/>
        <vehicle id="cfm-slow_3" eclass="HBEFA3/PC_G_EU4" CO2="29295.34" CO="533.72" HC="3.16" NOx="13.16" PMx="0.72" fuel="12.59" electricity="0.00" noise="83.93" route="routetop" type="cfm-slow" waiting="0.00" lane="left_0" pos="48.81" speed="25.18" angle="96.67" x="61.02" y="-4.89"/>
        <vehicle id="cfm-slow_4" eclass="HBEFA3/PC_G_EU4" CO2="28781.81" CO="537.20" HC="3.17" NOx="12.85" PMx="0.72" fuel="12.37" electricity="0.00" noise="82.89" route="routebottom" type="cfm-slow" waiting="0.00" lane="bottom_0" pos="20.13" speed="28.21" angle="58.19" x="104.23" y="8.35"/>
        <vehicle id="cfm-slow_5" eclass="HBEFA3/PC_G_EU4" CO2="15433.30" CO="278.30" HC="1.66" NOx="6.50" PMx="0.38" fuel="6.63" electricity="0.00" noise="76.74" route="routebottom" type="cfm-slow" waiting="0.00" lane="bottom_0" pos="44.53" speed="30.53" angle="14.37" x="131.24" y="51.85"/>
    </timestep>
    <timestep time="3.53">
        <vehicle id="cfm-fast_0" eclass="HBEFA3/PC_G_EU4" CO2="0.00" CO="0.00" HC="0.00" NOx="0.00" PMx="0.00" fuel="0.00" electricity="0.00" noise="73.38" route="routebottom" type="cfm-fast" waiting="0.00" lane="right_0" pos="22.12" speed="30.04" angle="324.67" x="116.35" y="107.60"/>
        <vehicle id="cfm-fast_1" eclass="HBEFA3/PC_G_EU4" CO2="134415.92" CO="2964.31" HC="16.88" NOx="62.32" PMx="3.60" fuel="57.78" electricity="0.00" noise="121.00" route="routetop" type="cfm-fast" waiting="0.00" lane="top_1" pos="0.74" speed="46.72" angle="273.14" x="62.12" y="128.94"/>
        <vehicle id="cfm-fast_2" eclass="HBEFA3/PC_G_EU4" CO2="0.00" CO="0.00" HC="0.00" NOx="0.00" PMx="0.00" fuel="0.00" electricity="0.00" noise="72.13" route="routebottom" type="cfm-fast" waiting="0.00" lane="right_0" pos="46.05" speed="26.69" angle="281.67" x="72.24" y="131.74"/>
        <vehicle id="cfm-fast_3" eclass="HBEFA3/PC_G_EU4" CO2="0.00" CO="0.00" HC="0.00" NOx="0.00" PMx="0.00" fuel="0.00" electricity="0.00" noise="70.02" route="routetop" type="cfm-fast" waiting="0.00" lane="top_0" pos="14.93" speed="25.38" angle="247.56" x="32.63" y="124.84"/>
        <vehicle id="cfm-fast_4" eclass="HBEFA3/PC_G_EU4" CO2="183780.12" CO="4001.62" HC="22.83" NOx="85.60" PMx="4.90" fuel="79.00" electricity="0.00" noise="137.85" route="routetop" type="cfm-fast" waiting="0.00" lane="top_1" pos="48.34" speed="47.68" angle="187.50" x="-1.55" y="67.08"/>
        <vehicle id="cfm-fast_5" eclass="HBEFA3/PC_G_EU4" CO2="7022.06" CO="68.43" HC="0.48" NOx="2.75" PMx="0.13" fuel="3.02" electricity="0.00" noise="70.45" route="routetop" type="cfm-fast" waiting="0.00" lane="top_0" pos="33.94" speed="20.76" angle="213.44" x="3.63" y="96.86"/>
        <vehicle id="cfm-slow_0" eclass="HBEFA3/PC_G_EU4" CO2="11397.37" CO="158.66" HC="1.00" NOx="4.82" PMx="0.25" fuel="4.90" electricity="0.00" noise="72.74" route="routetop" type="cfm-slow" waiting="0.00" lane="top_0" pos="46.77" speed="20.44" angle="190.40" x="-4.58" y="70.69"/>
        <vehicle id="cfm-slow_1" eclass="HBEFA3/PC_G_EU4" CO2="15944.45" CO="252.07" HC="1.54" NOx="6.95" PMx="0.37" fuel="6.85" electricity="0.00" noise="75.78" route="routetop" type="cfm-slow" waiting="0.00" lane="left_0" pos="13.13" speed="21.20" angle="160.89" x="0.82" y="36.13"/>
        <vehicle id="cfm-slow_2" eclass="HBEFA3/PC_G_EU4" CO2="22746.03" CO="393.14" HC="2.35" NOx="10.12" PMx="0.55" fuel="9.78" electricity="0.00" noise="80.27" route="routetop" type="cfm-slow" waiting="0.00" lane="left_0" pos="30.29" speed="22.73" angle="129.96" x="23.83" y="7.81"/>
        <vehicle id="cfm-slow_3" eclass="HBEFA3/PC_G_EU4" CO2="29261.19" CO="533.15" HC="3.16" NOx="13.14" PMx="0.72" fuel="12.58" electricity="0.00" noise="83.90" route="routetop" type="cfm-slow" waiting="0.00" lane="left_0" pos="49.07" speed="25.22" angle="96.21" x="61.56" y="-4.90"/>
        <vehicle id="cfm-slow_4" eclass="HBEFA3/PC_G_EU4" CO2="28623.93" CO="534.14" HC="3.15" NOx="12.77" PMx="0.72" fuel="12.30" electricity="0.00" noise="82.79" route="routebottom" type="cfm-slow" waiting="0.00" lane="bottom_0" pos="20.42" speed="28.25" angle="57.69" x="104.73" y="8.70"/>
        <vehicle id="cfm-slow_5" eclass="HBEFA3/PC_G_EU4" CO2="15207.03" CO="273.73" HC="1.63" NOx="6.39" PMx="0.37" fuel="6.54" electricity="0.00" noise="76.66" route="routebottom" type="cfm-slow" waiting="0.00" lane="bottom_0" pos="44.83" speed="30.54" angle="13.83" x="131.36" y="52.50"/>
    </timestep>
    <timestep time="3.54">
        <vehicle id="cfm-fast_0" eclass="HBEFA3/PC_G_EU4" CO2="0.00" CO="0.00" HC="0.00" NOx="0.00" PMx="0.00" fuel="0.00" electricity="0.00" noise="73.35" route="routebottom" type="cfm-fast" waiting="0.00" lane="right_0" pos="22.42" speed="30.03" angle="324.10" x="115.93" y="108.09"/>
        <vehicle id="cfm-fast_1" eclass="HBEFA3/PC_G_EU4" CO2="134150.80" CO="2960.96" HC="16.85" NOx="62.20" PMx="3.59" fuel="57.66" electricity="0.00" noise="120.84" route="routetop" type="cfm-fast" waiting="0.00" lane="top_1" pos="1.21" speed="46.82" angle="272.30" x="61.16" y="128.92"/>
        <vehicle id="cfm-fast_2" eclass="HBEFA3/PC_G_EU4" CO2="0.00" CO="0.00" HC="0.00" NOx="0.00" PMx="0.00" fuel="0.00" electricity="0.00" noise="72.09" route="routebottom" type="cfm-fast" waiting="0.00" lane="right_0" pos="46.32" speed="26.69" angle="281.24" x="71.67" y="131.81"/>
        <vehicle id="cfm-fast_3" eclass="HBEFA3/PC_G_EU4" CO2="0.00" CO="0.00" HC="0.00" NOx="0.00" PMx="0.00" fuel="0.00" electricity="0.00" noise="70.01" route="routetop" type="cfm-fast" waiting="0.00" lane="top_0" pos="15.18" speed="25.37" angle="247.07" x="32.14" y="124.60"/>
        <vehicle id="cfm-fast_4" eclass="HBEFA3/PC_G_EU4" CO2="184349.37" CO="4016.37" HC="22.91" NOx="85.86" PMx="4.91" fuel="79.24" electricity="0.00" noise="137.91" route="routetop" type="cfm-fast" waiting="0.00" lane="top_1" pos="48.82" speed="47.82" angle="186.68" x="-1.60" y="66.10"/>
        <vehicle id="cfm-fast_5" eclass="HBEFA3/PC_G_EU4" CO2="7016.56" CO="68.32" HC="0.48" NOx="2.74" PMx="0.13" fuel="3.02" electricity="0.00" noise="70.45" route="routetop" type="cfm-fast" waiting="0.00" lane="top_0" pos="34.15" speed="20.77" angle="213.06" x="3.41" y="96.47"/>
        <vehicle id="cfm-slow_0" eclass="HBEFA3/PC_G_EU4" CO2="11405.18" CO="158.82" HC="1.00" NOx="4.82" PMx="0.25" fuel="4.90" electricity="0.00" noise="72.75" route="routetop" type="cfm-slow" waiting="0.00" lane="top_0" pos="46.98" speed="20.45" angle="190.02" x="-4.62" y="70.26"/>
        <vehicle id="cfm-slow_1" eclass="HBEFA3/PC_G_EU4" CO2="15972.73" CO="252.65" HC="1.54" NOx="6.96" PMx="0.37" fuel="6.87" electricity="0.00" noise="75.80" route="routetop" type="cfm-slow" waiting="0.00" lane="left_0" pos="13.34" speed="21.22" angle="160.49" x="1.01" y="35.71"/>
        <vehicle id="cfm-slow_2" eclass="HBEFA3/PC_G_EU4" CO2="22772.57" CO="393.73" HC="2.36" NOx="10.13" PMx="0.55" fuel="9.79" electricity="0.00" noise="80.28" route="routetop" type="cfm-slow" waiting="0.00" lane="left_0" pos="30.52" speed="22.77" angle="129.54" x="24.23" y="7.52"/>
        <vehicle id="cfm-slow_3" eclass="HBEFA3/PC_G_EU4" CO2="29226.20" CO="532.56" HC="3.15" NOx="13.12" PMx="0.72" fuel="12.56" electricity="0.00" noise="83.86" route="routetop" type="cfm-slow" waiting="0.00" lane="left_0" pos="49.32" speed="25.26" angle="95.75" x="62.10" y="-4.92"/>
        <vehicle id="cfm-slow_4" eclass="HBEFA3/PC_G_EU4" CO2="28465.53" CO="531.06" HC="3.13" NOx="12.70" PMx="0.71" fuel="12.24" electricity="0.00" noise="82.70" route="routebottom" type="cfm-slow" waiting="0.00" lane="bottom_0" pos="20.70" speed="28.28" angle="57.22" x="105.21" y="9.07"/>
        <vehicle id="cfm-slow_5" eclass="HBEFA3/PC_G_EU4" CO2="14981.76" CO="269.18" HC="1.60" NOx="6.28" PMx="0.37" fuel="6.44" electricity="0.00" noise="76.58" route="routebottom" type="cfm-slow" waiting="0.00" lane="bottom_0" pos="45.14" speed="30.55" angle="13.31" x="131.46" y="53.15"/>
    </timestep>
    <timestep time="3.55">
        <vehicle id="cfm-fast_0" eclass="HBEFA3/PC_G_EU4" CO2="0.00" CO="0.00" HC="0.00" NOx="0.00" PMx="0.00" fuel="0.00" electricity="0.00" noise="73.32" route="routebottom" type="cfm-fast" waiting="0.00" lane="right_0" pos="22.72" speed="30.03" angle="323.53" x="115.51" y="108.58"/>
        <vehicle id="cfm-fast_1" eclass="HBEFA3/PC_G_EU4" CO2="133896.68" CO="2957.84" HC="16.83" NOx="62.07" PMx="3.59" fuel="57.56" electricity="0.00" noise="120.68" route="routetop" type="cfm-fast" waiting="0.00" lane="top_1" pos="1.68" speed="46.92" angle="271.47" x="60.20" y="128.87"/>
        <vehicle id="cfm-fast_2" eclass="HBEFA3/PC_G_EU4" CO2="0.00" CO="0.00" HC="0.00" NOx="0.00" PMx="0.00" fuel="0.00" electricity="0.00" noise="72.05" route="routebottom" type="cfm-fast" waiting="0.00" lane="right_0" pos="46.58" speed="26.69" angle="280.75" x="71.10" y="131.86"/>
        <vehicle id="cfm-fast_3" eclass="HBEFA3/PC_G_EU4" CO2="0.00" CO="0.00" HC="0.00" NOx="0.00" PMx="0.00" fuel="0.00" electricity="0.00" noise="70.00" route="routetop" type="cfm-fast" waiting="0.00" lane="top_0" pos="15.43" speed="25.35" angle="246.67" x="31.66" y="124.35"/>
        <vehicle id="cfm-fast_4" eclass="HBEFA3/PC_G_EU4" CO2="184918.91" CO="4031.14" HC="22.99" NOx="86.13" PMx="4.93" fuel="79.49" electricity="0.00" noise="137.98" route="routetop" type="cfm-fast" waiting="0.00" lane="top_1" pos="49.30" speed="47.96" angle="185.77" x="-1.62" y="65.12"/>
        <vehicle id="cfm-fast_5" eclass="HBEFA3/PC_G_EU4" CO2="7011.61" CO="68.21" HC="0.48" NOx="2.74" PMx="0.13" fuel="3.01" electricity="0.00" noise="70.45" route="routetop" type="cfm-fast" waiting="0.00" lane="top_0" pos="34.35" speed="20.77" angle="212.68" x="3.20" y="96.08"/>
        <vehicle id="cfm-slow_0" eclass="HBEFA3/PC_G_EU4" CO2="11413.47" CO="158.98" HC="1.00" NOx="4.83" PMx="0.25" fuel="4.91" electricity="0.00" noise="72.76" route="routetop" type="cfm-slow" waiting="0.00" lane="top_0" pos="47.18" speed="20.47" angle="189.65" x="-4.67" y="69.82"/>
        <vehicle id="cfm-slow_1" eclass="HBEFA3/PC_G_EU4" CO2="16001.28" CO="253.24" HC="1.55" NOx="6.97" PMx="0.37" fuel="6.88" electricity="0.00" noise="75.82" route="routetop" type="cfm-slow" waiting="0.00" lane="left_0" pos="13.55" speed="21.25" angle="160.10" x="1.20" y="35.29"/>
        <vehicle id="cfm-slow_2" eclass="HBEFA3/PC_G_EU4" CO2="22798.86" CO="394.32" HC="2.36" NOx="10.14" PMx="0.55" fuel="9.80" electricity="0.00" noise="80.29" route="routetop" type="cfm-slow" waiting="0.00" lane="left_0" pos="30.75" speed="22.80" angle="129.18" x="24.63" y="7.24"/>
        <vehicle id="cfm-slow_3" eclass="HBEFA3/PC_G_EU4" CO2="29190.37" CO="531.95" HC="3.15" NOx="13.10" PMx="0.72" fuel="12.55" electricity="0.00" noise="83.83" route="routetop" type="cfm-slow" waiting="0.00" lane="left_0" pos="49.57" speed="25.30" angle="95.29" x="62.65" y="-4.93"/>
        <vehicle id="cfm-slow_4" eclass="HBEFA3/PC_G_EU4" CO2="28306.65" CO="527.98" HC="3.11" NOx="12.62" PMx="0.71" fuel="12.17" electricity="0.00" noise="82.61" route="routebottom" type="cfm-slow" waiting="0.00" lane="bottom_0" pos="20.98" speed="28.31" angle="56.71" x="105.69" y="9.44"/>
        <vehicle id="cfm-slow_5" eclass="HBEFA3/PC_G_EU4" CO2="14757.52" CO="264.65" HC="1.58" NOx="6.18" PMx="0.36" fuel="6.34" electricity="0.00" noise="76.51" route="routebottom" type="cfm-slow" waiting="0.00" lane="bottom_0" pos="45.44" speed="30.57" angle="12.76" x="131.55" y="53.80"/>
    </timestep>
    <timestep time="3.56">
        <vehicle id="cfm-fast_0" eclass="HBEFA3/PC_G_EU4" CO2="0.00" CO="0.00" HC="0.00" NOx="0.00" PMx="0.00" fuel="0.00" electricity="0.00" noise="73.29" route="routebottom" type="cfm-fast" waiting="0.00" lane="right_0" pos="23.02" speed="30.03" angle="323.01" x="115.09" y="109.08"/>
        <vehicle id="cfm-fast_1" eclass="HBEFA3/PC_G_EU4" CO2="133653.49" CO="2954.94" HC="16.82" NOx="61.96" PMx="3.58" fuel="57.45" electricity="0.00" noise="120.53" route="routetop" type="cfm-fast" waiting="0.00" lane="top_1" pos="2.15" speed="47.01" angle="270.62" x="59.23" y="128.82"/>
        <vehicle id="cfm-fast_2" eclass="HBEFA3/PC_G_EU4" CO2="0.00" CO="0.00" HC="0.00" NOx="0.00" PMx="0.00" fuel="0.00" electricity="0.00" noise="72.01" route="routebottom" type="cfm-fast" waiting="0.00" lane="right_0" pos="46.85" speed="26.69" angle="280.26" x="70.53" y="131.92"/>
        <vehicle id="cfm-fast_3" eclass="HBEFA3/PC_G_EU4" CO2="0.00" CO="0.00" HC="0.00" NOx="0.00" PMx="0.00" fuel="0.00" electricity="0.00" noise="69.99" route="routetop" type="cfm-fast" waiting="0.00" lane="top_0" pos="15.69" speed="25.33" angle="246.21" x="31.18" y="124.08"/>
        <vehicle id="cfm-fast_4" eclass="HBEFA3/PC_G_EU4" CO2="185488.75" CO="4045.94" HC="23.07" NOx="86.40" PMx="4.95" fuel="79.73" electricity="0.00" noise="138.05" route="routetop" type="cfm-fast" waiting="0.00" lane="top_1" pos="49.78" speed="48.09" angle="184.86" x="-1.64" y="64.13"/>
        <vehicle id="cfm-fast_5" eclass="HBEFA3/PC_G_EU4" CO2="7007.19" CO="68.12" HC="0.48" NOx="2.74" PMx="0.13" fuel="3.01" electricity="0.00" noise="70.45" route="routetop" type="cfm-fast" waiting="0.00" lane="top_0" pos="34.56" speed="20.78" angle="212.34" x="2.98" y="95.69"/>
        <vehicle id="cfm-slow_0" eclass="HBEFA3/PC_G_EU4" CO2="11422.22" CO="159.15" HC="1.00" NOx="4.83" PMx="0.25" fuel="4.91" electricity="0.00" noise="72.77" route="routetop" type="cfm-slow" waiting="0.00" lane="top_0" pos="47.39" speed="20.48" angle="189.29" x="-4.71" y="69.38"/>
        <vehicle id="cfm-slow_1" eclass="HBEFA3/PC_G_EU4" CO2="16030.08" CO="253.83" HC="1.55" NOx="6.99" PMx="0.37" fuel="6.89" electricity="0.00" noise="75.84" route="routetop" type="cfm-slow" waiting="0.00" lane="left_0" pos="13.76" speed="21.27" angle="159.70" x="1.39" y="34.88"/>
        <vehicle id="cfm-slow_2" eclass="HBEFA3/PC_G_EU4" CO2="22824.89" CO="394.90" HC="2.36" NOx="10.16" PMx="0.55" fuel="9.81" electricity="0.00" noise="80.30" route="routetop" type="cfm-slow" waiting="0.00" lane="left_0" pos="30.97" speed="22.83" angle="128.78" x="25.04" y="6.96"/>
        <vehicle id="cfm-slow_3" eclass="HBEFA3/PC_G_EU4" CO2="29153.71" CO="531.33" HC="3.14" NOx="13.09" PMx="0.72" fuel="12.53" electricity="0.00" noise="83.79" route="routetop" type="cfm-slow" waiting="0.00" lane="left_0" pos="49.82" speed="25.33" angle="94.83" x="63.19" y="-4.94"/>
        <vehicle id="cfm-slow_4" eclass="HBEFA3/PC_G_EU4" CO2="28147.28" CO="524.88" HC="3.09" NOx="12.54" PMx="0.70" fuel="12.10" electricity="0.00" noise="82.52" route="routebottom" type="cfm-slow" waiting="0.00" lane="bottom_0" pos="21.26" speed="28.34" angle="56.19" x="106.17" y="9.82"/>
        <vehicle id="cfm-slow_5" eclass="HBEFA3/PC_G_EU4" CO2="14534.29" CO="260.14" HC="1.55" NOx="6.07" PMx="0.36" fuel="6.25" electricity="0.00" noise="76.44" route="routebottom" type="cfm-slow" waiting="0.00" lane="bottom_0" pos="45.75" speed="30.58" angle="12.20" x="131.65" y="54.45"/>
    </timestep>
    <timestep time="3.57">
        <vehicle id="cfm-fast_0" eclass="HBEFA3/PC_G_EU4" CO2="0.00" CO="0.00" HC="0.00" NOx="0.00" PMx="0.00" fuel="0.00" electricity="0.00" noise="73.26" route="routebottom" type="cfm-fast" waiting="0.00" lane="right_0" pos="23.32" speed="30.02" angle="322.49" x="114.66" y="109.55"/>
        <vehicle id="cfm-fast_1" eclass="HBEFA3/PC_G_EU4" CO2="133421.16" CO="2952.26" HC="16.80" NOx="61.85" PMx="3.58" fuel="57.35" electricity="0.00" noise="120.38" route="routetop" type="cfm-fast" waiting="0.00" lane="top_1" pos="2.62" speed="47.11" angle="269.81" x="58.27" y="128.76"/>
        <vehicle id="cfm-fast_2" eclass="HBEFA3/PC_G_EU4" CO2="0.00" CO="0.00" HC="0.00" NOx="0.00" PMx="0.00" fuel="0.00" electricity="0.00" noise="71.98" route="routebottom" type="cfm-fast" waiting="0.00" lane="right_0" pos="47.12" speed="26.69" angle="279.77" x="69.96" y="131.98"/>
        <vehicle id="cfm-fast_3" eclass="HBEFA3/PC_G_EU4" CO2="0.00" CO="0.00" HC="0.00" NOx="0.00" PMx="0.00" fuel="0.00" electricity="0.00" noise="69.98" route="routetop" type="cfm-fast" waiting="0.00" lane="top_0" pos="15.94" speed="25.31" angle="245.76" x="30.70" y="123.82"/>
        <vehicle id="cfm-fast_4" eclass="HBEFA3/PC_G_EU4" CO2="186058.87" CO="4060.75" HC="23.16" NOx="86.66" PMx="4.96" fuel="79.98" electricity="0.00" noise="138.11" route="routetop" type="cfm-fast" waiting="0.00" lane="left_1" pos="0.27" speed="48.23" angle="184.00" x="-1.64" y="63.08"/>
        <vehicle id="cfm-fast_5" eclass="HBEFA3/PC_G_EU4" CO2="7003.31" CO="68.04" HC="0.48" NOx="2.74" PMx="0.13" fuel="3.01" electricity="0.00" noise="70.45" route="routetop" type="cfm-fast" waiting="0.00" lane="top_0" pos="34.77" speed="20.79" angle="211.99" x="2.77" y="95.29"/>
        <vehicle id="cfm-slow_0" eclass="HBEFA3/PC_G_EU4" CO2="11431.44" CO="159.33" HC="1.01" NOx="4.83" PMx="0.25" fuel="4.91" electricity="0.00" noise="72.78" route="routetop" type="cfm-slow" waiting="0.00" lane="top_0" pos="47.59" speed="20.50" angle="188.95" x="-4.74" y="68.94"/>
        <vehicle id="cfm-slow_1" eclass="HBEFA3/PC_G_EU4" CO2="16059.14" CO="254.43" HC="1.55" NOx="7.00" PMx="0.37" fuel="6.90" electricity="0.00" noise="75.86" route="routetop" type="cfm-slow" waiting="0.00" lane="left_0" pos="13.98" speed="21.29" angle="159.32" x="1.58" y="34.46"/>
        <vehicle id="cfm-slow_2" eclass="HBEFA3/PC_G_EU4" CO2="22850.66" CO="395.47" HC="2.37" NOx="10.17" PMx="0.55" fuel="9.82" electricity="0.00" noise="80.31" route="routetop" type="cfm-slow" waiting="0.00" lane="left_0" pos="31.20" speed="22.86" angle="128.36" x="25.45" y="6.69"/>
        <vehicle id="cfm-slow_3" eclass="HBEFA3/PC_G_EU4" CO2="29116.21" CO="530.69" HC="3.14" NOx="13.07" PMx="0.72" fuel="12.52" electricity="0.00" noise="83.76" route="routebottom" type="cfm-slow" waiting="0.00" lane="bottom_0" pos="0.08" speed="25.37" angle="94.33" x="63.93" y="-4.95"/>
        <vehicle id="cfm-slow_4" eclass="HBEFA3/PC_G_EU4" CO2="27987.44" CO="521.78" HC="3.08" NOx="12.47" PMx="0.70" fuel="12.03" electricity="0.00" noise="82.42" route="routebottom" type="cfm-slow" waiting="0.00" lane="bottom_0" pos="21.55" speed="28.37" angle="55.68" x="106.65" y="10.20"/>
        <vehicle id="cfm-slow_5" eclass="HBEFA3/PC_G_EU4" CO2="14312.08" CO="255.65" HC="1.53" NOx="5.97" PMx="0.35" fuel="6.15" electricity="0.00" noise="76.36" route="routebottom" type="cfm-slow" waiting="0.00" lane="bottom_0" pos="46.05" speed="30.59" angle="11.65" x="131.74" y="55.10"/>
    </timestep>
    <timestep time="3.58">
        <vehicle id="cfm-fast_0" eclass="HBEFA3/PC_G_EU4" CO2="0.00" CO="0.00" HC="0.00" NOx="0.00" PMx="0.00" fuel="0.00" electricity="0.00" noise="73.23" route="routebottom" type="cfm-fast" waiting="0.00" lane="right_0" pos="23.62" speed="30.02" angle="321.95" x="114.22" y="110.03"/>
        <vehicle id="cfm-fast_1" eclass="HBEFA3/PC_G_EU4" CO2="133199.60" CO="2949.81" HC="16.78" NOx="61.74" PMx="3.57" fuel="57.26" electricity="0.00" noise="120.24" route="routetop" type="cfm-fast" waiting="0.00" lane="top_1" pos="3.09" speed="47.21" angle="268.95" x="57.31" y="128.66"/>
        <vehicle id="cfm-fast_2" eclass="HBEFA3/PC_G_EU4" CO2="0.00" CO="0.00" HC="0.00" NOx="0.00" PMx="0.00" fuel="0.00" electricity="0.00" noise="71.94" route="routebottom" type="cfm-fast" waiting="0.00" lane="right_0" pos="47.38" speed="26.68" angle="279.30" x="69.38" y="132.04"/>
        <vehicle id="cfm-fast_3" eclass="HBEFA3/PC_G_EU4" CO2="0.00" CO="0.00" HC="0.00" NOx="0.00" PMx="0.00" fuel="0.00" electricity="0.00" noise="69.96" route="routetop" type="cfm-fast" waiting="0.00" lane="top_0" pos="16.19" speed="25.29" angle="245.30" x="30.23" y="123.56"/>
        <vehicle id="cfm-fast_4" eclass="HBEFA3/PC_G_EU4" CO2="186629.29" CO="4075.59" HC="23.24" NOx="86.93" PMx="4.98" fuel="80.22" electricity="0.00" noise="138.18" route="routetop" type="cfm-fast" waiting="0.00" lane="left_1" pos="0.75" speed="48.37" angle="183.12" x="-1.62" y="62.09"/>
        <vehicle id="cfm-fast_5" eclass="HBEFA3/PC_G_EU4" CO2="6999.95" CO="67.97" HC="0.48" NOx="2.74" PMx="0.13" fuel="3.01" electricity="0.00" noise="70.45" route="routetop" type="cfm-fast" waiting="0.00" lane="top_0" pos="34.98" speed="20.79" angle="211.60" x="2.57" y="94.89"/>
        <vehicle id="cfm-slow_0" eclass="HBEFA3/PC_G_EU4" CO2="11441.12" CO="159.52" HC="1.01" NOx="4.84" PMx="0.25" fuel="4.92" electricity="0.00" noise="72.78" route="routetop" type="cfm-slow" waiting="0.00" lane="top_0" pos="47.80" speed="20.51" angle="188.56" x="-4.77" y="68.50"/>
        <vehicle id="cfm-slow_1" eclass="HBEFA3/PC_G_EU4" CO2="16088.45" CO="255.04" HC="1.56" NOx="7.01" PMx="0.37" fuel="6.92" electricity="0.00" noise="75.88" route="routetop" type="cfm-slow" waiting="0.00" lane="left_0" pos="14.19" speed="21.31" angle="158.97" x="1.77" y="34.04"/>
        <vehicle id="cfm-slow_2" eclass="HBEFA3/PC_G_EU4" CO2="22876.16" CO="396.04" HC="2.37" NOx="10.18" PMx="0.55" fuel="9.83" electricity="0.00" noise="80.32" route="routetop" type="cfm-slow" waiting="0.00" lane="left_0" pos="31.43" speed="22.89" angle="127.95" x="25.86" y="6.42"/>
        <vehicle id="cfm-slow_3" eclass="HBEFA3/PC_G_EU4" CO2="29077.88" CO="530.03" HC="3.14" NOx="13.05" PMx="0.72" fuel="12.50" electricity="0.00" noise="83.72" route="routebottom" type="cfm-slow" waiting="0.00" lane="bottom_0" pos="0.33" speed="25.41" angle="93.87" x="64.47" y="-4.93"/>
        <vehicle id="cfm-slow_4" eclass="HBEFA3/PC_G_EU4" CO2="27827.15" CO="518.66" HC="3.06" NOx="12.39" PMx="0.70" fuel="11.96" electricity="0.00" noise="82.33" route="routebottom" type="cfm-slow" waiting="0.00" lane="bottom_0" pos="21.83" speed="28.40" angle="55.21" x="107.13" y="10.58"/>
        <vehicle id="cfm-slow_5" eclass="HBEFA3/PC_G_EU4" CO2="14090.89" CO="251.17" HC="1.50" NOx="5.86" PMx="0.35" fuel="6.06" electricity="0.00" noise="76.29" route="routebottom" type="cfm-slow" waiting="0.00" lane="bottom_0" pos="46.36" speed="30.60" angle="11.15" x="131.82" y="55.76"/>
    </timestep>
    <timestep time="3.59">
        <vehicle id="cfm-fast_0" eclass="HBEFA3/PC_G_EU4" CO2="0.00" CO="0.00" HC="0.00" NOx="0.00" PMx="0.00" fuel="0.00" electricity="0.00" noise="73.21" route="routebottom" type="cfm-fast" waiting="0.00" lane="right_0" pos="23.92" speed="30.01" angle="321.41" x="113.78" y="110.50"/>
        <vehicle id="cfm-fast_1" eclass="HBEFA3/PC_G_EU4" CO2="132988.74" CO="2947.57" HC="16.77" NOx="61.64" PMx="3.57" fuel="57.17" electricity="0.00" noise="120.11" route="routetop" type="cfm-fast" waiting="0.00" lane="top_1" pos="3.56" speed="47.30" angle="268.09" x="56.34" y="128.56"/>
        <vehicle id="cfm-fast_2" eclass="HBEFA3/PC_G_EU4" CO2="0.00" CO="0.00" HC="0.00" NOx="0.00" PMx="0.00" fuel="0.00" electricity="0.00" noise="71.91" route="routebottom" type="cfm-fast" waiting="0.00" lane="right_0" pos="47.65" speed="26.68" angle="278.85" x="68.81" y="132.08"/>
        <vehicle id="cfm-fast_3" eclass="HBEFA3/PC_G_EU4" CO2="0.00" CO="0.00" HC="0.00" NOx="0.00" PMx="0.00" fuel="0.00" electricity="0.00" noise="69.95" route="routetop" type="cfm-fast" waiting="0.00" lane="top_0" pos="16.45" speed="25.27" angle="244.84" x="29.75" y="123.30"/>
        <vehicle id="cfm-fast_4" eclass="HBEFA3/PC_G_EU4" CO2="187200.00" CO="4090.45" HC="23.32" NOx="87.20" PMx="4.99" fuel="80.47" electricity="0.00" noise="138.24" route="routetop" type="cfm-fast" waiting="0.00" lane="left_1" pos="1.23" speed="48.50" angle="182.27" x="-1.60" y="61.10"/>
        <vehicle id="cfm-fast_5" eclass="HBEFA3/PC_G_EU4" CO2="6997.12" CO="67.91" HC="0.48" NOx="2.74" PMx="0.13" fuel="3.01" electricity="0.00" noise="70.45" route="routetop" type="cfm-fast" waiting="0.00" lane="top_0" pos="35.19" speed="20.80" angle="211.22" x="2.38" y="94.49"/>
        <vehicle id="cfm-slow_0" eclass="HBEFA3/PC_G_EU4" CO2="11451.25" CO="159.72" HC="1.01" NOx="4.84" PMx="0.25" fuel="4.92" electricity="0.00" noise="72.79" route="routetop" type="cfm-slow" waiting="0.00" lane="top_0" pos="48.00" speed="20.53" angle="188.16" x="-4.80" y="68.06"/>
        <vehicle id="cfm-slow_1" eclass="HBEFA3/PC_G_EU4" CO2="16117.99" CO="255.65" HC="1.56" NOx="7.03" PMx="0.37" fuel="6.93" electricity="0.00" noise="75.90" route="routetop" type="cfm-slow" waiting="0.00" lane="left_0" pos="14.40" speed="21.34" angle="158.57" x="1.98" y="33.63"/>
        <vehicle id="cfm-slow_2" eclass="HBEFA3/PC_G_EU4" CO2="22901.38" CO="396.61" HC="2.37" NOx="10.19" PMx="0.55" fuel="9.84" electricity="0.00" noise="80.33" route="routetop" type="cfm-slow" waiting="0.00" lane="left_0" pos="31.66" speed="22.93" angle="127.54" x="26.27" y="6.14"/>
        <vehicle id="cfm-slow_3" eclass="HBEFA3/PC_G_EU4" CO2="29038.70" CO="529.35" HC="3.13" NOx="13.03" PMx="0.72" fuel="12.48" electricity="0.00" noise="83.69" route="routebottom" type="cfm-slow" waiting="0.00" lane="bottom_0" pos="0.59" speed="25.45" angle="93.41" x="65.02" y="-4.92"/>
        <vehicle id="cfm-slow_4" eclass="HBEFA3/PC_G_EU4" CO2="27666.41" CO="515.54" HC="3.04" NOx="12.32" PMx="0.69" fuel="11.89" electricity="0.00" noise="82.24" route="routebottom" type="cfm-slow" waiting="0.00" lane="bottom_0" pos="22.12" speed="28.43" angle="54.68" x="107.59" y="10.97"/>
        <vehicle id="cfm-slow_5" eclass="HBEFA3/PC_G_EU4" CO2="13870.74" CO="246.72" HC="1.47" NOx="5.76" PMx="0.34" fuel="5.96" electricity="0.00" noise="76.22" route="routebottom" type="cfm-slow" waiting="0.00" lane="bottom_0" pos="46.67" speed="30.61" angle="10.59" x="131.88" y="56.41"/>
    </timestep>
    <timestep time="3.60">
        <vehicle id="cfm-fast_0" eclass="HBEFA3/PC_G_EU4" CO2="0.00" CO="0.00" HC="0.00" NOx="0.00" PMx="0.00" fuel="0.00" electricity="0.00" noise="73.18" route="routebottom" type="cfm-fast" waiting="0.00" lane="right_0" pos="24.22" speed="30.00" angle="320.87" x="113.34" y="110.97"/>
        <vehicle id="cfm-fast_1" eclass="HBEFA3/PC_G_EU4" CO2="132788.51" CO="2945.55" HC="16.75" NOx="61.54" PMx="3.56" fuel="57.08" electricity="0.00" noise="119.97" route="routetop" type="cfm-fast" waiting="0.00" lane="top_1" pos="4.04" speed="47.40" angle="267.27" x="55.38" y="128.44"/>
        <vehicle id="cfm-fast_2" eclass="HBEFA3/PC_G_EU4" CO2="0.00" CO="0.00" HC="0.00" NOx="0.00" PMx="0.00" fuel="0.00" electricity="0.00" noise="71.87" route="routebottom" type="cfm-fast" waiting="0.00" lane="right_0" pos="47.92" speed="26.68" angle="278.35" x="68.24" y="132.11"/>
        <vehicle id="cfm-fast_3" eclass="HBEFA3/PC_G_EU4" CO2="0.00" CO="0.00" HC="0.00" NOx="0.00" PMx="0.00" fuel="0.00" electricity="0.00" noise="69.94" route="routetop" type="cfm-fast" waiting="0.00" lane="top_0" pos="16.70" speed="25.26" angle="244.44" x="29.28" y="123.03"/>
        <vehicle id="cfm-fast_4" eclass="HBEFA3/PC_G_EU4" CO2="187771.00" CO="4105.33" HC="23.40" NOx="87.46" PMx="5.01" fuel="80.71" electricity="0.00" noise="138.31" route="routetop" type="cfm-fast" waiting="0.00" lane="left_1" pos="1.72" speed="48.64" angle="181.40" x="-1.54" y="60.10"/>
        <vehicle id="cfm-fast_5" eclass="HBEFA3/PC_G_EU4" CO2="6994.82" CO="67.86" HC="0.48" NOx="2.73" PMx="0.13" fuel="3.01" electricity="0.00" noise="70.45" route="routetop" type="cfm-fast" waiting="0.00" lane="top_0" pos="35.39" speed="20.81" angle="210.83" x="2.18" y="94.09"/>
        <vehicle id="cfm-slow_0" eclass="HBEFA3/PC_G_EU4" CO2="11461.84" CO="159.93" HC="1.01" NOx="4.85" PMx="0.25" fuel="4.93" electricity="0.00" noise="72.80" route="routetop" type="cfm-slow" waiting="0.00" lane="top_0" pos="48.21" speed="20.54" angle="187.77" x="-4.82" y="67.62"/>
        <vehicle id="cfm-slow_1" eclass="HBEFA3/PC_G_EU4" CO2="16147.77" CO="256.27" HC="1.57" NOx="7.04" PMx="0.37" fuel="6.94" electricity="0.00" noise="75.91" route="routetop" type="cfm-slow" waiting="0.00" lane="left_0" pos="14.62" speed="21.36" angle="158.17" x="2.18" y="33.22"/>
        <vehicle id="cfm-slow_2" eclass="HBEFA3/PC_G_EU4" CO2="22926.32" CO="397.17" HC="2.38" NOx="10.20" PMx="0.55" fuel="9.85" electricity="0.00" noise="80.34" route="routetop" type="cfm-slow" waiting="0.00" lane="left_0" pos="31.89" speed="22.96" angle="127.12" x="26.68" y="5.87"/>
        <vehicle id="cfm-slow_3" eclass="HBEFA3/PC_G_EU4" CO2="28998.69" CO="528.66" HC="3.13" NOx="13.01" PMx="0.72" fuel="12.47" electricity="0.00" noise="83.65" route="routebottom" type="cfm-slow" waiting="0.00" lane="bottom_0" pos="0.84" speed="25.48" angle="92.95" x="65.57" y="-4.91"/>
        <vehicle id="cfm-slow_4" eclass="HBEFA3/PC_G_EU4" CO2="27505.23" CO="512.40" HC="3.02" NOx="12.24" PMx="0.69" fuel="11.82" electricity="0.00" noise="82.15" route="routebottom" type="cfm-slow" waiting="0.00" lane="bottom_0" pos="22.40" speed="28.46" angle="54.14" x="108.06" y="11.37"/>
        <vehicle id="cfm-slow_5" eclass="HBEFA3/PC_G_EU4" CO2="13651.61" CO="242.28" HC="1.45" NOx="5.65" PMx="0.33" fuel="5.87" electricity="0.00" noise="76.15" route="routebottom" type="cfm-slow" waiting="0.00" lane="bottom_0" pos="46.97" speed="30.62" angle="10.03" x="131.95" y="57.07"/>
    </timestep>
    <timestep time="3.61">
        <vehicle id="cfm-fast_0" eclass="HBEFA3/PC_G_EU4" CO2="0.00" CO="0.00" HC="0.00" NOx="0.00" PMx="0.00" fuel="0.00" electricity="0.00" noise="73.15" route="routebottom" type="cfm-fast" waiting="0.00" lane="right_0" pos="24.52" speed="30.00" angle="320.37" x="112.89" y="111.44"/>
        <vehicle id="cfm-fast_1" eclass="HBEFA3/PC_G_EU4" CO2="132598.82" CO="2943.75" HC="16.74" NOx="61.45" PMx="3.56" fuel="57.00" electricity="0.00" noise="119.85" route="routetop" type="cfm-fast" waiting="0.00" lane="top_1" pos="4.51" speed="47.50" angle="266.40" x="54.41" y="128.30"/>
        <vehicle id="cfm-fast_2" eclass="HBEFA3/PC_G_EU4" CO2="0.00" CO="0.00" HC="0.00" NOx="0.00" PMx="0.00" fuel="0.00" electricity="0.00" noise="71.84" route="routebottom" type="cfm-fast" waiting="0.00" lane="right_0" pos="48.18" speed="26.68" angle="277.85" x="67.67" y="132.15"/>
        <vehicle id="cfm-fast_3" eclass="HBEFA3/PC_G_EU4" CO2="0.00" CO="0.00" HC="0.00" NOx="0.00" PMx="0.00" fuel="0.00" electricity="0.00" noise="69.93" route="routetop" type="cfm-fast" waiting="0.00" lane="top_0" pos="16.95" speed="25.24" angle="243.99" x="28.81" y="122.75"/>
        <vehicle id="cfm-fast_4" eclass="HBEFA3/PC_G_EU4" CO2="188342.29" CO="4120.23" HC="23.49" NOx="87.73" PMx="5.03" fuel="80.96" electricity="0.00" noise="138.38" route="routetop" type="cfm-fast" waiting="0.00" lane="left_1" pos="2.21" speed="48.77" angle="180.51" x="-1.48" y="59.11"/>
        <vehicle id="cfm-fast_5" eclass="HBEFA3/PC_G_EU4" CO2="6993.03" CO="67.82" HC="0.48" NOx="2.73" PMx="0.13" fuel="3.01" electricity="0.00" noise="70.46" route="routetop" type="cfm-fast" waiting="0.00" lane="top_0" pos="35.60" speed="20.81" angle="210.45" x="1.98" y="93.69"/>
        <vehicle id="cfm-slow_0" eclass="HBEFA3/PC_G_EU4" CO2="11472.87" CO="160.15" HC="1.01" NOx="4.85" PMx="0.25" fuel="4.93" electricity="0.00" noise="72.81" route="routetop" type="cfm-slow" waiting="0.00" lane="top_0" pos="48.41" speed="20.56" angle="187.38" x="-4.85" y="67.17"/>
        <vehicle id="cfm-slow_1" eclass="HBEFA3/PC_G_EU4" CO2="16177.78" CO="256.89" HC="1.57" NOx="7.05" PMx="0.37" fuel="6.95" electricity="0.00" noise="75.93" route="routetop" type="cfm-slow" waiting="0.00" lane="left_0" pos="14.83" speed="21.38" angle="157.77" x="2.39" y="32.81"/>
        <vehicle id="cfm-slow_2" eclass="HBEFA3/PC_G_EU4" CO2="22950.97" CO="397.73" HC="2.38" NOx="10.21" PMx="0.55" fuel="9.87" electricity="0.00" noise="80.35" route="routetop" type="cfm-slow" waiting="0.00" lane="left_0" pos="32.12" speed="22.99" angle="126.77" x="27.09" y="5.60"/>
        <vehicle id="cfm-slow_3" eclass="HBEFA3/PC_G_EU4" CO2="28957.85" CO="527.96" HC="3.12" NOx="12.99" PMx="0.72" fuel="12.45" electricity="0.00" noise="83.61" route="routebottom" type="cfm-slow" waiting="0.00" lane="bottom_0" pos="1.10" speed="25.52" angle="92.49" x="66.12" y="-4.90"/>
        <vehicle id="cfm-slow_4" eclass="HBEFA3/PC_G_EU4" CO2="27343.63" CO="509.26" HC="3.00" NOx="12.16" PMx="0.68" fuel="11.75" electricity="0.00" noise="82.06" route="routebottom" type="cfm-slow" waiting="0.00" lane="bottom_0" pos="22.69" speed="28.49" angle="53.60" x="108.53" y="11.77"/>
        <vehicle id="cfm-slow_5" eclass="HBEFA3/PC_G_EU4" CO2="13433.52" CO="237.87" HC="1.42" NOx="5.55" PMx="0.33" fuel="5.77" electricity="0.00" noise="76.09" route="routebottom" type="cfm-slow" waiting="0.00" lane="bottom_0" pos="47.28" speed="30.63" angle="9.47" x="132.02" y="57.72"/>
    </timestep>
    <timestep time="3.62">
        <vehicle id="cfm-fast_0" eclass="HBEFA3/PC_G_EU4" CO2="0.00" CO="0.00" HC="0.00" NOx="0.00" PMx="0.00" fuel="0.00" electricity="0.00" noise="73.13" route="routebottom" type="cfm-fast" waiting="0.00" lane="right_0" pos="24.82" speed="29.99" angle="319.82" x="112.44" y="111.89"/>
        <vehicle id="cfm-fast_1" eclass="HBEFA3/PC_G_EU4" CO2="132419.61" CO="2942.16" HC="16.73" NOx="61.36" PMx="3.56" fuel="56.92" electricity="0.00" noise="119.72" route="routetop" type="cfm-fast" waiting="0.00" lane="top_1" pos="4.99" speed="47.59" angle="265.53" x="53.45" y="128.17"/>
        <vehicle id="cfm-fast_2" eclass="HBEFA3/PC_G_EU4" CO2="0.00" CO="0.00" HC="0.00" NOx="0.00" PMx="0.00" fuel="0.00" electricity="0.00" noise="71.81" route="routebottom" type="cfm-fast" waiting="0.00" lane="right_0" pos="48.45" speed="26.67" angle="277.35" x="67.09" y="132.18"/>
        <vehicle id="cfm-fast_3" eclass="HBEFA3/PC_G_EU4" CO2="0.00" CO="0.00" HC="0.00" NOx="0.00" PMx="0.00" fuel="0.00" electricity="0.00" noise="69.92" route="routetop" type="cfm-fast" waiting="0.00" lane="top_0" pos="17.20" speed="25.22" angle="243.53" x="28.34" y="122.47"/>
        <vehicle id="cfm-fast_4" eclass="HBEFA3/PC_G_EU4" CO2="188913.88" CO="4135.16" HC="23.57" NOx="88.00" PMx="5.04" fuel="81.20" electricity="0.00" noise="138.44" route="routetop" type="cfm-fast" waiting="0.00" lane="left_1" pos="2.70" speed="48.91" angle="179.66" x="-1.41" y="58.11"/>
        <vehicle id="cfm-fast_5" eclass="HBEFA3/PC_G_EU4" CO2="6991.75" CO="67.79" HC="0.48" NOx="2.73" PMx="0.13" fuel="3.01" electricity="0.00" noise="70.46" route="routetop" type="cfm-fast" waiting="0.00" lane="top_0" pos="35.81" speed="20.82" angle="210.08" x="1.78" y="93.28"/>
        <vehicle id="cfm-slow_0" eclass="HBEFA3/PC_G_EU4" CO2="11484.35" CO="160.38" HC="1.01" NOx="4.86" PMx="0.25" fuel="4.94" electricity="0.00" noise="72.82" route="routetop" type="cfm-slow" waiting="0.00" lane="top_0" pos="48.62" speed="20.57" angle="186.98" x="-4.87" y="66.73"/>
        <vehicle id="cfm-slow_1" eclass="HBEFA3/PC_G_EU4" CO2="16208.00" CO="257.52" HC="1.57" NOx="7.07" PMx="0.37" fuel="6.97" electricity="0.00" noise="75.95" route="routetop" type="cfm-slow" waiting="0.00" lane="left_0" pos="15.04" speed="21.40" angle="157.37" x="2.60" y="32.40"/>
        <vehicle id="cfm-slow_2" eclass="HBEFA3/PC_G_EU4" CO2="22975.32" CO="398.28" HC="2.38" NOx="10.22" PMx="0.55" fuel="9.88" electricity="0.00" noise="80.36" route="routetop" type="cfm-slow" waiting="0.00" lane="left_0" pos="32.35" speed="23.02" angle="126.34" x="27.52" y="5.35"/>
        <vehicle id="cfm-slow_3" eclass="HBEFA3/PC_G_EU4" CO2="28916.17" CO="527.23" HC="3.12" NOx="12.97" PMx="0.71" fuel="12.43" electricity="0.00" noise="83.57" route="routebottom" type="cfm-slow" waiting="0.00" lane="bottom_0" pos="1.35" speed="25.56" angle="92.05" x="66.67" y="-4.88"/>
        <vehicle id="cfm-slow_4" eclass="HBEFA3/PC_G_EU4" CO2="27181.62" CO="506.10" HC="2.98" NOx="12.08" PMx="0.68" fuel="11.68" electricity="0.00" noise="81.97" route="routebottom" type="cfm-slow" waiting="0.00" lane="bottom_0" pos="22.97" speed="28.52" angle="53.07" x="108.99" y="12.17"/>
        <vehicle id="cfm-slow_5" eclass="HBEFA3/PC_G_EU4" CO2="13216.47" CO="233.47" HC="1.40" NOx="5.45" PMx="0.32" fuel="5.68" electricity="0.00" noise="76.02" route="routebottom" type="cfm-slow" waiting="0.00" lane="bottom_0" pos="47.58" speed="30.63" angle="8.97" x="132.07" y="58.38"/>
    </timestep>
    <timestep time="3.63">
        <vehicle id="cfm-fast_0" eclass="HBEFA3/PC_G_EU4" CO2="0.00" CO="0.00" HC="0.00" NOx="0.00" PMx="0.00" fuel="0.00" electricity="0.00" noise="73.10" route="routebottom" type="cfm-fast" waiting="0.00" lane="right_0" pos="25.12" speed="29.99" angle="319.26" x="111.98" y="112.35"/>
        <vehicle id="cfm-fast_1" eclass="HBEFA3/PC_G_EU4" CO2="132250.80" CO="2940.78" HC="16.72" NOx="61.28" PMx="3.55" fuel="56.85" electricity="0.00" noise="119.61" route="routetop" type="cfm-fast" waiting="0.00" lane="top_1" pos="5.46" speed="47.69" angle="264.68" x="52.48" y="128.00"/>
        <vehicle id="cfm-fast_2" eclass="HBEFA3/PC_G_EU4" CO2="0.00" CO="0.00" HC="0.00" NOx="0.00" PMx="0.00" fuel="0.00" electricity="0.00" noise="71.77" route="routebottom" type="cfm-fast" waiting="0.00" lane="right_0" pos="48.72" speed="26.67" angle="276.89" x="66.52" y="132.21"/>
        <vehicle id="cfm-fast_3" eclass="HBEFA3/PC_G_EU4" CO2="0.00" CO="0.00" HC="0.00" NOx="0.00" PMx="0.00" fuel="0.00" electricity="0.00" noise="69.91" route="routetop" type="cfm-fast" waiting="0.00" lane="top_0" pos="17.45" speed="25.20" angle="243.08" x="27.88" y="122.20"/>
        <vehicle id="cfm-fast_4" eclass="HBEFA3/PC_G_EU4" CO2="189485.76" CO="4150.10" HC="23.65" NOx="88.27" PMx="5.06" fuel="81.45" electricity="0.00" noise="138.51" route="routetop" type="cfm-fast" waiting="0.00" lane="left_1" pos="3.19" speed="49.05" angle="178.77" x="-1.31" y="57.10"/>
        <vehicle id="cfm-fast_5" eclass="HBEFA3/PC_G_EU4" CO2="6990.98" CO="67.77" HC="0.48" NOx="2.73" PMx="0.13" fuel="3.01" electricity="0.00" noise="70.46" route="routetop" type="cfm-fast" waiting="0.00" lane="top_0" pos="36.02" speed="20.83" angle="209.74" x="1.58" y="92.88"/>
        <vehicle id="cfm-slow_0" eclass="HBEFA3/PC_G_EU4" CO2="11496.27" CO="160.62" HC="1.01" NOx="4.86" PMx="0.25" fuel="4.94" electricity="0.00" noise="72.83" route="routetop" type="cfm-slow" waiting="0.00" lane="top_0" pos="48.82" speed="20.59" angle="186.66" x="-4.89" y="66.29"/>
        <vehicle id="cfm-slow_1" eclass="HBEFA3/PC_G_EU4" CO2="16238.44" CO="258.15" HC="1.58" NOx="7.08" PMx="0.38" fuel="6.98" electricity="0.00" noise="75.97" route="routetop" type="cfm-slow" waiting="0.00" lane="left_0" pos="15.26" speed="21.43" angle="156.98" x="2.80" y="31.99"/>
        <vehicle id="cfm-slow_2" eclass="HBEFA3/PC_G_EU4" CO2="22999.37" CO="398.82" HC="2.39" NOx="10.23" PMx="0.55" fuel="9.89" electricity="0.00" noise="80.37" route="routetop" type="cfm-slow" waiting="0.00" lane="left_0" pos="32.58" speed="23.05" angle="125.91" x="27.94" y="5.09"/>
        <vehicle id="cfm-slow_3" eclass="HBEFA3/PC_G_EU4" CO2="28873.66" CO="526.49" HC="3.12" NOx="12.95" PMx="0.71" fuel="12.41" electricity="0.00" noise="83.54" route="routebottom" type="cfm-slow" waiting="0.00" lane="bottom_0" pos="1.61" speed="25.59" angle="91.59" x="67.22" y="-4.84"/>
        <vehicle id="cfm-slow_4" eclass="HBEFA3/PC_G_EU4" CO2="27019.21" CO="502.94" HC="2.97" NOx="12.01" PMx="0.67" fuel="11.61" electricity="0.00" noise="81.88" route="routebottom" type="cfm-slow" waiting="0.00" lane="bottom_0" pos="23.26" speed="28.55" angle="52.60" x="109.45" y="12.58"/>
        <vehicle id="cfm-slow_5" eclass="HBEFA3/PC_G_EU4" CO2="13000.46" CO="229.09" HC="1.37" NOx="5.35" PMx="0.32" fuel="5.59" electricity="0.00" noise="75.95" route="routebottom" type="cfm-slow" waiting="0.00" lane="bottom_0" pos="47.89" speed="30.64" angle="8.39" x="132.11" y="59.04"/>
    </timestep>
    <timestep time="3.64">
        <vehicle id="cfm-fast_0" eclass="HBEFA3/PC_G_EU4" CO2="0.00" CO="0.00" HC="0.00" NOx="0.00" PMx="0.00" fuel="0.00" electricity="0.00" noise="73.08" route="routebottom" type="cfm-fast" waiting="0.00" lane="right_0" pos="25.42" speed="29.98" angle="318.70" x="111.52" y="112.81"/>
        <vehicle id="cfm-fast_1" eclass="HBEFA3/PC_G_EU4" CO2="132092.29" CO="2939.62" HC="16.71" NOx="61.21" PMx="3.55" fuel="56.78" electricity="0.00" noise="119.49" route="routetop" type="cfm-fast" waiting="0.00" lane="top_1" pos="5.94" speed="47.78" angle="263.80" x="51.52" y="127.83"/>
        <vehicle id="cfm-fast_2" eclass="HBEFA3/PC_G_EU4" CO2="0.00" CO="0.00" HC="0.00" NOx="0.00" PMx="0.00" fuel="0.00" electricity="0.00" noise="71.74" route="routebottom" type="cfm-fast" waiting="0.00" lane="right_0" pos="48.98" speed="26.67" angle="276.41" x="65.95" y="132.23"/>
        <vehicle id="cfm-fast_3" eclass="HBEFA3/PC_G_EU4" CO2="0.00" CO="0.00" HC="0.00" NOx="0.00" PMx="0.00" fuel="0.00" electricity="0.00" noise="69.90" route="routetop" type="cfm-fast" waiting="0.00" lane="top_0" pos="17.71" speed="25.18" angle="242.62" x="27.41" y="121.92"/>
        <vehicle id="cfm-fast_4" eclass="HBEFA3/PC_G_EU4" CO2="190057.93" CO="4165.07" HC="23.73" NOx="88.53" PMx="5.08" fuel="81.70" electricity="0.00" noise="138.57" route="routetop" type="cfm-fast" waiting="0.00" lane="left_1" pos="3.68" speed="49.18" angle="177.87" x="-1.21" y="56.10"/>
        <vehicle id="cfm-fast_5" eclass="HBEFA3/PC_G_EU4" CO2="6990.72" CO="67.77" HC="0.48" NOx="2.73" PMx="0.13" fuel="3.00" electricity="0.00" noise="70.46" route="routetop" type="cfm-fast" waiting="0.00" lane="top_0" pos="36.23" speed="20.83" angle="209.35" x="1.40" y="92.47"/>
        <vehicle id="cfm-slow_0" eclass="HBEFA3/PC_G_EU4" CO2="11508.62" CO="160.87" HC="1.01" NOx="4.87" PMx="0.25" fuel="4.95" electricity="0.00" noise="72.84" route="routetop" type="cfm-slow" waiting="0.00" lane="top_0" pos="49.03" speed="20.60" angle="186.28" x="-4.90" y="65.85"/>
        <vehicle id="cfm-slow_1" eclass="HBEFA3/PC_G_EU4" CO2="16269.09" CO="258.79" HC="1.58" NOx="7.09" PMx="0.38" fuel="6.99" electricity="0.00" noise="75.99" route="routetop" type="cfm-slow" waiting="0.00" lane="left_0" pos="15.47" speed="21.45" angle="156.64" x="3.02" y="31.58"/>
        <vehicle id="cfm-slow_2" eclass="HBEFA3/PC_G_EU4" CO2="23023.11" CO="399.36" HC="2.39" NOx="10.24" PMx="0.56" fuel="9.90" electricity="0.00" noise="80.38" route="routetop" type="cfm-slow" waiting="0.00" lane="left_0" pos="32.81" speed="23.09" angle="125.48" x="28.37" y="4.84"/>
        <vehicle id="cfm-slow_3" eclass="HBEFA3/PC_G_EU4" CO2="28830.31" CO="525.74" HC="3.11" NOx="12.93" PMx="0.71" fuel="12.39" electricity="0.00" noise="83.50" route="routebottom" type="cfm-slow" waiting="0.00" lane="bottom_0" pos="1.86" speed="25.63" angle="91.13" x="67.77" y="-4.81"/>
        <vehicle id="cfm-slow_4" eclass="HBEFA3/PC_G_EU4" CO2="26856.42" CO="499.76" HC="2.95" NOx="11.93" PMx="0.67" fuel="11.54" electricity="0.00" noise="81.79" route="routebottom" type="cfm-slow" waiting="0.00" lane="bottom_0" pos="23.54" speed="28.58" angle="52.09" x="109.90" y="12.99"/>
        <vehicle id="cfm-slow_5" eclass="HBEFA3/PC_G_EU4" CO2="12785.50" CO="224.73" HC="1.35" NOx="5.25" PMx="0.31" fuel="5.50" electricity="0.00" noise="75.89" route="routebottom" type="cfm-slow" waiting="0.00" lane="bottom_0" pos="48.20" speed="30.65" angle="7.81" x="132.15" y="59.70"/>
    </timestep>
    <timestep time="3.65">
        <vehicle id="cfm-fast_0" eclass="HBEFA3/PC_G_EU4" CO2="0.00" CO="0.00" HC="0.00" NOx="0.00" PMx="0.00" fuel="0.00" electricity="0.00" noise="73.05" route="routebottom" type="cfm-fast" waiting="0.00" lane="right_0" pos="25.72" speed="29.97" angle="318.21" x="111.06" y="113.26"/>
        <vehicle id="cfm-fast_1" eclass="HBEFA3/PC_G_EU4" CO2="131944.02" CO="2938.67" HC="16.70" NOx="61.13" PMx="3.55" fuel="56.72" electricity="0.00" noise="119.38" route="routetop" type="cfm-fast" waiting="0.00" lane="top_1" pos="6.42" speed="47.88" angle="262.98" x="50.55" y="127.65"/>
        <vehicle id="cfm-fast_2" eclass="HBEFA3/PC_G_EU4" CO2="0.00" CO="0.00" HC="0.00" NOx="0.00" PMx="0.00" fuel="0.00" electricity="0.00" noise="71.71" route="routebottom" type="cfm-fast" waiting="0.00" lane="right_0" pos="49.25" speed="26.66" angle="275.91" x="65.37" y="132.24"/>
        <vehicle id="cfm-fast_3" eclass="HBEFA3/PC_G_EU4" CO2="0.00" CO="0.00" HC="0.00" NOx="0.00" PMx="0.00" fuel="0.00" electricity="0.00" noise="69.89" route="routetop" type="cfm-fast" waiting="0.00" lane="top_0" pos="17.96" speed="25.16" angle="242.23" x="26.95" y="121.64"/>
        <vehicle id="cfm-fast_4" eclass="HBEFA3/PC_G_EU4" CO2="190630.39" CO="4180.05" HC="23.82" NOx="88.80" PMx="5.09" fuel="81.94" electricity="0.00" noise="138.64" route="routetop" type="cfm-fast" waiting="0.00" lane="left_1" pos="4.17" speed="49.32" angle="177.02" x="-1.08" y="55.10"/>
        <vehicle id="cfm-fast_5" eclass="HBEFA3/PC_G_EU4" CO2="6990.96" CO="67.77" HC="0.48" NOx="2.73" PMx="0.13" fuel="3.01" electricity="0.00" noise="70.46" route="routetop" type="cfm-fast" waiting="0.00" lane="top_0" pos="36.44" speed="20.84" angle="208.95" x="1.22" y="92.06"/>
        <vehicle id="cfm-slow_0" eclass="HBEFA3/PC_G_EU4" CO2="11521.41" CO="161.12" HC="1.02" NOx="4.87" PMx="0.25" fuel="4.95" electricity="0.00" noise="72.85" route="routetop" type="cfm-slow" waiting="0.00" lane="top_0" pos="49.24" speed="20.62" angle="185.91" x="-4.91" y="65.40"/>
        <vehicle id="cfm-slow_1" eclass="HBEFA3/PC_G_EU4" CO2="16299.93" CO="259.43" HC="1.58" NOx="7.11" PMx="0.38" fuel="7.01" electricity="0.00" noise="76.01" route="routetop" type="cfm-slow" waiting="0.00" lane="left_0" pos="15.69" speed="21.47" angle="156.24" x="3.24" y="31.17"/>
        <vehicle id="cfm-slow_2" eclass="HBEFA3/PC_G_EU4" CO2="23046.53" CO="399.90" HC="2.39" NOx="10.25" PMx="0.56" fuel="9.91" electricity="0.00" noise="80.38" route="routetop" type="cfm-slow" waiting="0.00" lane="left_0" pos="33.04" speed="23.12" angle="125.05" x="28.79" y="4.58"/>
        <vehicle id="cfm-slow_3" eclass="HBEFA3/PC_G_EU4" CO2="28786.13" CO="524.96" HC="3.11" NOx="12.90" PMx="0.71" fuel="12.37" electricity="0.00" noise="83.46" route="routebottom" type="cfm-slow" waiting="0.00" lane="bottom_0" pos="2.12" speed="25.67" angle="90.67" x="68.32" y="-4.78"/>
        <vehicle id="cfm-slow_4" eclass="HBEFA3/PC_G_EU4" CO2="26693.24" CO="496.58" HC="2.93" NOx="11.85" PMx="0.67" fuel="11.47" electricity="0.00" noise="81.69" route="routebottom" type="cfm-slow" waiting="0.00" lane="bottom_0" pos="23.83" speed="28.61" angle="51.57" x="110.36" y="13.41"/>
        <vehicle id="cfm-slow_5" eclass="HBEFA3/PC_G_EU4" CO2="12571.58" CO="220.39" HC="1.32" NOx="5.14" PMx="0.31" fuel="5.40" electricity="0.00" noise="75.83" route="routebottom" type="cfm-slow" waiting="0.00" lane="bottom_0" pos="48.50" speed="30.66" angle="7.24" x="132.19" y="60.35"/>
    </timestep>
    <timestep time="3.66">
        <vehicle id="cfm-fast_0" eclass="HBEFA3/PC_G_EU4" CO2="0.00" CO="0.00" HC="0.00" NOx="0.00" PMx="0.00" fuel="0.00" electricity="0.00" noise="73.03" route="routebottom" type="cfm-fast" waiting="0.00" lane="right_0" pos="26.02" speed="29.97" angle="317.66" x="110.59" y="113.70"/>
        <vehicle id="cfm-fast_1" eclass="HBEFA3/PC_G_EU4" CO2="131805.91" CO="2937.92" HC="16.69" NOx="61.07" PMx="3.54" fuel="56.66" electricity="0.00" noise="119.28" route="routetop" type="cfm-fast" waiting="0.00" lane="top_1" pos="6.90" speed="47.97" angle="262.05" x="49.60" y="127.43"/>
        <vehicle id="cfm-fast_2" eclass="HBEFA3/PC_G_EU4" CO2="0.00" CO="0.00" HC="0.00" NOx="0.00" PMx="0.00" fuel="0.00" electricity="0.00" noise="71.68" route="routebottom" type="cfm-fast" waiting="0.00" lane="right_0" pos="49.52" speed="26.66" angle="275.42" x="64.80" y="132.25"/>
        <vehicle id="cfm-fast_3" eclass="HBEFA3/PC_G_EU4" CO2="0.00" CO="0.00" HC="0.00" NOx="0.00" PMx="0.00" fuel="0.00" electricity="0.00" noise="69.88" route="routetop" type="cfm-fast" waiting="0.00" lane="top_0" pos="18.21" speed="25.15" angle="241.74" x="26.50" y="121.34"/>
        <vehicle id="cfm-fast_4" eclass="HBEFA3/PC_G_EU4" CO2="191203.14" CO="4195.06" HC="23.90" NOx="89.07" PMx="5.11" fuel="82.19" electricity="0.00" noise="138.70" route="routetop" type="cfm-fast" waiting="0.00" lane="left_1" pos="4.67" speed="49.46" angle="176.11" x="-0.94" y="54.09"/>
        <vehicle id="cfm-fast_5" eclass="HBEFA3/PC_G_EU4" CO2="6991.69" CO="67.78" HC="0.48" NOx="2.73" PMx="0.13" fuel="3.01" electricity="0.00" noise="70.47" route="routetop" type="cfm-fast" waiting="0.00" lane="top_0" pos="36.64" speed="20.85" angle="208.56" x="1.03" y="91.65"/>
        <vehicle id="cfm-slow_0" eclass="HBEFA3/PC_G_EU4" CO2="11534.62" CO="161.39" HC="1.02" NOx="4.88" PMx="0.25" fuel="4.96" electricity="0.00" noise="72.86" route="routetop" type="cfm-slow" waiting="0.00" lane="top_0" pos="49.44" speed="20.63" angle="185.53" x="-4.92" y="64.96"/>
        <vehicle id="cfm-slow_1" eclass="HBEFA3/PC_G_EU4" CO2="16330.98" CO="260.07" HC="1.59" NOx="7.12" PMx="0.38" fuel="7.02" electricity="0.00" noise="76.03" route="routetop" type="cfm-slow" waiting="0.00" lane="left_0" pos="15.90" speed="21.50" angle="155.84" x="3.46" y="30.77"/>
        <vehicle id="cfm-slow_2" eclass="HBEFA3/PC_G_EU4" CO2="23069.62" CO="400.43" HC="2.40" NOx="10.26" PMx="0.56" fuel="9.92" electricity="0.00" noise="80.39" route="routetop" type="cfm-slow" waiting="0.00" lane="left_0" pos="33.27" speed="23.15" angle="124.64" x="29.22" y="4.32"/>
        <vehicle id="cfm-slow_3" eclass="HBEFA3/PC_G_EU4" CO2="28741.12" CO="524.17" HC="3.10" NOx="12.88" PMx="0.71" fuel="12.35" electricity="0.00" noise="83.42" route="routebottom" type="cfm-slow" waiting="0.00" lane="bottom_0" pos="2.38" speed="25.70" angle="90.21" x="68.87" y="-4.75"/>
        <vehicle id="cfm-slow_4" eclass="HBEFA3/PC_G_EU4" CO2="26529.70" CO="493.39" HC="2.91" NOx="11.77" PMx="0.66" fuel="11.40" electricity="0.00" noise="81.60" route="routebottom" type="cfm-slow" waiting="0.00" lane="bottom_0" pos="24.12" speed="28.64" angle="51.06" x="110.81" y="13.83"/>
        <vehicle id="cfm-slow_5" eclass="HBEFA3/PC_G_EU4" CO2="12358.72" CO="216.07" HC="1.30" NOx="5.04" PMx="0.30" fuel="5.31" electricity="0.00" noise="75.76" route="routebottom" type="cfm-slow" waiting="0.00" lane="bottom_0" pos="48.81" speed="30.67" angle="6.72" x="132.22" y="61.01"/>
    </timestep>
    <timestep time="3.67">
        <vehicle id="cfm-fast_0" eclass="HBEFA3/PC_G_EU4" CO2="0.00" CO="0.00" HC="0.00" NOx="0.00" PMx="0.00" fuel="0.00" electricity="0.00" noise="73.01" route="routebottom" type="cfm-fast" waiting="0.00" lane="right_0" pos="26.32" speed="29.96" angle="317.12" x="110.12" y="114.13"/>
        <vehicle id="cfm-fast_1" eclass="HBEFA3/PC_G_EU4" CO2="131677.86" CO="2937.39" HC="16.69" NOx="61.01" PMx="3.54" fuel="56.60" electricity="0.00" noise="119.18" route="routetop" type="cfm-fast" waiting="0.00" lane="top_1" pos="7.38" speed="48.06" angle="261.12" x="48.63" y="127.21"/>
        <vehicle id="cfm-fast_2" eclass="HBEFA3/PC_G_EU4" CO2="0.00" CO="0.00" HC="0.00" NOx="0.00" PMx="0.00" fuel="0.00" electricity="0.00" noise="71.65" route="routebottom" type="cfm-fast" waiting="0.00" lane="right_0" pos="49.78" speed="26.65" angle="274.92" x="64.23" y="132.26"/>
        <vehicle id="cfm-fast_3" eclass="HBEFA3/PC_G_EU4" CO2="0.00" CO="0.00" HC="0.00" NOx="0.00" PMx="0.00" fuel="0.00" electricity="0.00" noise="69.87" route="routetop" type="cfm-fast" waiting="0.00" lane="top_0" pos="18.46" speed="25.13" angle="241.25" x="26.05" y="121.04"/>
        <vehicle id="cfm-fast_4" eclass="HBEFA3/PC_G_EU4" CO2="191776.19" CO="4210.10" HC="23.98" NOx="89.34" PMx="5.13" fuel="82.43" electricity="0.00" noise="138.77" route="routetop" type="cfm-fast" waiting="0.00" lane="left_1" pos="5.16" speed="49.59" angle="175.23" x="-0.79" y="53.09"/>
        <vehicle id="cfm-fast_5" eclass="HBEFA3/PC_G_EU4" CO2="6992.92" CO="67.81" HC="0.48" NOx="2.73" PMx="0.13" fuel="3.01" electricity="0.00" noise="70.47" route="routetop" type="cfm-fast" waiting="0.00" lane="top_0" pos="36.85" speed="20.85" angle="208.17" x="0.85" y="91.24"/>
        <vehicle id="cfm-slow_0" eclass="HBEFA3/PC_G_EU4" CO2="11548.26" CO="161.66" HC="1.02" NOx="4.89" PMx="0.25" fuel="4.96" electricity="0.00" noise="72.87" route="routetop" type="cfm-slow" waiting="0.00" lane="top_0" pos="49.65" speed="20.65" angle="185.16" x="-4.93" y="64.52"/>
        <vehicle id="cfm-slow_1" eclass="HBEFA3/PC_G_EU4" CO2="16362.21" CO="260.72" HC="1.59" NOx="7.14" PMx="0.38" fuel="7.03" electricity="0.00" noise="76.05" route="routetop" type="cfm-slow" waiting="0.00" lane="left_0" pos="16.12" speed="21.52" angle="155.45" x="3.69" y="30.36"/>
        <vehicle id="cfm-slow_2" eclass="HBEFA3/PC_G_EU4" CO2="23092.39" CO="400.95" HC="2.40" NOx="10.27" PMx="0.56" fuel="9.93" electricity="0.00" noise="80.40" route="routetop" type="cfm-slow" waiting="0.00" lane="left_0" pos="33.51" speed="23.18" angle="124.25" x="29.66" y="4.08"/>
        <vehicle id="cfm-slow_3" eclass="HBEFA3/PC_G_EU4" CO2="28695.28" CO="523.37" HC="3.10" NOx="12.86" PMx="0.71" fuel="12.33" electricity="0.00" noise="83.38" route="routebottom" type="cfm-slow" waiting="0.00" lane="bottom_0" pos="2.64" speed="25.74" angle="89.77" x="69.42" y="-4.71"/>
        <vehicle id="cfm-slow_4" eclass="HBEFA3/PC_G_EU4" CO2="26365.81" CO="490.20" HC="2.89" NOx="11.70" PMx="0.66" fuel="11.33" electricity="0.00" noise="81.52" route="routebottom" type="cfm-slow" waiting="0.00" lane="bottom_0" pos="24.40" speed="28.66" angle="50.59" x="111.26" y="14.25"/>
        <vehicle id="cfm-slow_5" eclass="HBEFA3/PC_G_EU4" CO2="12146.91" CO="211.77" HC="1.27" NOx="4.94" PMx="0.29" fuel="5.22" electricity="0.00" noise="75.70" route="routebottom" type="cfm-slow" waiting="0.00" lane="bottom_0" pos="49.12" speed="30.68" angle="6.15" x="132.23" y="61.67"/>
    </timestep>
    <timestep time="3.68">
        <vehicle id="cfm-fast_0" eclass="HBEFA3/PC_G_EU4" CO2="0.00" CO="0.00" HC="0.00" NOx="0.00" PMx="0.00" fuel="0.00" electricity="0.00" noise="72.99" route="routebottom" type="cfm-fast" waiting="0.00" lane="right_0" pos="26.62" speed="29.95" angle="316.57" x="109.64" y="114.57"/>
        <vehicle id="cfm-fast_1" eclass="HBEFA3/PC_G_EU4" CO2="131559.81" CO="2937.06" HC="16.68" NOx="60.95" PMx="3.54" fuel="56.55" electricity="0.00" noise="119.08" route="routetop" type="cfm-fast" waiting="0.00" lane="top_1" pos="7.86" speed="48.16" angle="260.29" x="47.67" y="126.98"/>
        <vehicle id="cfm-fast_2" eclass="HBEFA3/PC_G_EU4" CO2="0.00" CO="0.00" HC="0.00" NOx="0.00" PMx="0.00" fuel="0.00" electricity="0.00" noise="71.63" route="routetop" type="cfm-fast" waiting="0.00" lane="top_0" pos="0.05" speed="26.65" angle="274.39" x="63.46" y="132.27"/>
        <vehicle id="cfm-fast_3" eclass="HBEFA3/PC_G_EU4" CO2="0.00" CO="0.00" HC="0.00" NOx="0.00" PMx="0.00" fuel="0.00" electricity="0.00" noise="69.86" route="routetop" type="cfm-fast" waiting="0.00" lane="top_0" pos="18.71" speed="25.11" angle="240.76" x="25.60" y="120.74"/>
        <vehicle id="cfm-fast_4" eclass="HBEFA3/PC_G_EU4" CO2="192349.52" CO="4225.15" HC="24.06" NOx="89.61" PMx="5.14" fuel="82.68" electricity="0.00" noise="138.84" route="routetop" type="cfm-fast" waiting="0.00" lane="left_1" pos="5.66" speed="49.73" angle="174.29" x="-0.61" y="52.09"/>
        <vehicle id="cfm-fast_5" eclass="HBEFA3/PC_G_EU4" CO2="6994.64" CO="67.84" HC="0.48" NOx="2.73" PMx="0.13" fuel="3.01" electricity="0.00" noise="70.47" route="routetop" type="cfm-fast" waiting="0.00" lane="top_0" pos="37.06" speed="20.86" angle="207.78" x="0.66" y="90.83"/>
        <vehicle id="cfm-slow_0" eclass="HBEFA3/PC_G_EU4" CO2="11562.32" CO="161.94" HC="1.02" NOx="4.89" PMx="0.25" fuel="4.97" electricity="0.00" noise="72.88" route="routetop" type="cfm-slow" waiting="0.00" lane="top_0" pos="49.86" speed="20.67" angle="184.78" x="-4.94" y="64.07"/>
        <vehicle id="cfm-slow_1" eclass="HBEFA3/PC_G_EU4" CO2="16393.62" CO="261.38" HC="1.59" NOx="7.15" PMx="0.38" fuel="7.05" electricity="0.00" noise="76.07" route="routetop" type="cfm-slow" waiting="0.00" lane="left_0" pos="16.33" speed="21.54" angle="155.05" x="3.91" y="29.96"/>
        <vehicle id="cfm-slow_2" eclass="HBEFA3/PC_G_EU4" CO2="23114.82" CO="401.47" HC="2.40" NOx="10.28" PMx="0.56" fuel="9.94" electricity="0.00" noise="80.41" route="routetop" type="cfm-slow" waiting="0.00" lane="left_0" pos="33.74" speed="23.21" angle="123.82" x="30.09" y="3.84"/>
        <vehicle id="cfm-slow_3" eclass="HBEFA3/PC_G_EU4" CO2="28648.61" CO="522.55" HC="3.09" NOx="12.84" PMx="0.71" fuel="12.31" electricity="0.00" noise="83.34" route="routebottom" type="cfm-slow" waiting="0.00" lane="bottom_0" pos="2.89" speed="25.77" angle="89.31" x="69.97" y="-4.65"/>
        <vehicle id="cfm-slow_4" eclass="HBEFA3/PC_G_EU4" CO2="26201.57" CO="486.99" HC="2.87" NOx="11.62" PMx="0.65" fuel="11.26" electricity="0.00" noise="81.43" route="routebottom" type="cfm-slow" waiting="0.00" lane="bottom_0" pos="24.69" speed="28.69" angle="50.06" x="111.70" y="14.69"/>
        <vehicle id="cfm-slow_5" eclass="HBEFA3/PC_G_EU4" CO2="11936.15" CO="207.49" HC="1.25" NOx="4.84" PMx="0.29" fuel="5.13" electricity="0.00" noise="75.64" route="routebottom" type="cfm-slow" waiting="0.00" lane="bottom_0" pos="49.42" speed="30.68" angle="5.58" x="132.25" y="62.33"/>
    </timestep>
    <timestep time="3.69">
        <vehicle id="cfm-fast_0" eclass="HBEFA3/PC_G_EU4" CO2="0.00" CO="0.00" HC="0.00" NOx="0.00" PMx="0.00" fuel="0.00" electricity="0.00" noise="72.96" route="routebottom" type="cfm-fast" waiting="0.00" lane="right_0" pos="26.92" speed="29.94" angle="316.08" x="109.17" y="115.01"/>
        <vehicle id="cfm-fast_1" eclass="HBEFA3/PC_G_EU4" CO2="131451.67" CO="2936.93" HC="16.68" NOx="60.90" PMx="3.54" fuel="56.50" electricity="0.00" noise="118.99" route="routetop" type="cfm-fast" waiting="0.00" lane="top_1" pos="8.34" speed="48.25" angle="259.43" x="46.72" y="126.72"/>
        <vehicle id="cfm-fast_2" eclass="HBEFA3/PC_G_EU4" CO2="0.00" CO="0.00" HC="0.00" NOx="0.00" PMx="0.00" fuel="0.00" electricity="0.00" noise="71.60" route="routetop" type="cfm-fast" waiting="0.00" lane="top_0" pos="0.32" speed="26.64" angle="273.90" x="62.89" y="132.26"/>
        <vehicle id="cfm-fast_3" eclass="HBEFA3/PC_G_EU4" CO2="0.00" CO="0.00" HC="0.00" NOx="0.00" PMx="0.00" fuel="0.00" electricity="0.00" noise="69.85" route="routetop" type="cfm-fast" waiting="0.00" lane="top_0" pos="18.96" speed="25.09" angle="240.27" x="25.15" y="120.44"/>
        <vehicle id="cfm-fast_4" eclass="HBEFA3/PC_G_EU4" CO2="192923.15" CO="4240.22" HC="24.15" NOx="89.87" PMx="5.16" fuel="82.93" electricity="0.00" noise="138.90" route="routetop" type="cfm-fast" waiting="0.00" lane="left_1" pos="6.16" speed="49.87" angle="173.35" x="-0.42" y="51.08"/>
        <vehicle id="cfm-fast_5" eclass="HBEFA3/PC_G_EU4" CO2="6996.84" CO="67.88" HC="0.48" NOx="2.73" PMx="0.13" fuel="3.01" electricity="0.00" noise="70.48" route="routetop" type="cfm-fast" waiting="0.00" lane="top_0" pos="37.27" speed="20.87" angle="207.47" x="0.48" y="90.42"/>
        <vehicle id="cfm-slow_0" eclass="HBEFA3/PC_G_EU4" CO2="11576.79" CO="162.24" HC="1.02" NOx="4.90" PMx="0.25" fuel="4.98" electricity="0.00" noise="72.89" route="routetop" type="cfm-slow" waiting="0.00" lane="left_0" pos="0.06" speed="20.68" angle="184.37" x="-4.95" y="63.44"/>
        <vehicle id="cfm-slow_1" eclass="HBEFA3/PC_G_EU4" CO2="16425.21" CO="262.03" HC="1.60" NOx="7.17" PMx="0.38" fuel="7.06" electricity="0.00" noise="76.09" route="routetop" type="cfm-slow" waiting="0.00" lane="left_0" pos="16.55" speed="21.57" angle="154.67" x="4.13" y="29.55"/>
        <vehicle id="cfm-slow_2" eclass="HBEFA3/PC_G_EU4" CO2="23136.91" CO="401.98" HC="2.40" NOx="10.29" PMx="0.56" fuel="9.95" electricity="0.00" noise="80.41" route="routetop" type="cfm-slow" waiting="0.00" lane="left_0" pos="33.97" speed="23.25" angle="123.39" x="30.53" y="3.59"/>
        <vehicle id="cfm-slow_3" eclass="HBEFA3/PC_G_EU4" CO2="28601.11" CO="521.71" HC="3.09" NOx="12.81" PMx="0.71" fuel="12.29" electricity="0.00" noise="83.30" route="routebottom" type="cfm-slow" waiting="0.00" lane="bottom_0" pos="3.15" speed="25.81" angle="88.84" x="70.53" y="-4.59"/>
        <vehicle id="cfm-slow_4" eclass="HBEFA3/PC_G_EU4" CO2="26037.00" CO="483.78" HC="2.85" NOx="11.54" PMx="0.65" fuel="11.19" electricity="0.00" noise="81.34" route="routebottom" type="cfm-slow" waiting="0.00" lane="bottom_0" pos="24.98" speed="28.72" angle="49.53" x="112.13" y="15.12"/>
        <vehicle id="cfm-slow_5" eclass="HBEFA3/PC_G_EU4" CO2="11726.45" CO="203.23" HC="1.22" NOx="4.74" PMx="0.28" fuel="5.04" electricity="0.00" noise="75.58" route="routebottom" type="cfm-slow" waiting="0.00" lane="bottom_0" pos="49.73" speed="30.69" angle="5.01" x="132.26" y="62.99"/>
    </timestep>
    <timestep time="3.70">
        <vehicle id="cfm-fast_0" eclass="HBEFA3/PC_G_EU4" CO2="0.00" CO="0.00" HC="0.00" NOx="0.00" PMx="0.00" fuel="0.00" electricity="0.00" noise="72.94" route="routebottom" type="cfm-fast" waiting="0.00" lane="right_0" pos="27.22" speed="29.94" angle="315.53" x="108.68" y="115.43"/>
        <vehicle id="cfm-fast_1" eclass="HBEFA3/PC_G_EU4" CO2="131353.36" CO="2937.01" HC="16.68" NOx="60.85" PMx="3.54" fuel="56.46" electricity="0.00" noise="118.90" route="routetop" type="cfm-fast" waiting="0.00" lane="top_1" pos="8.83" speed="48.34" angle="258.57" x="45.76" y="126.47"/>
        <vehicle id="cfm-fast_2" eclass="HBEFA3/PC_G_EU4" CO2="0.00" CO="0.00" HC="0.00" NOx="0.00" PMx="0.00" fuel="0.00" electricity="0.00" noise="71.57" route="routetop" type="cfm-fast" waiting="0.00" lane="top_0" pos="0.58" speed="26.64" angle="273.42" x="62.32" y="132.25"/>
        <vehicle id="cfm-fast_3" eclass="HBEFA3/PC_G_EU4" CO2="0.00" CO="0.00" HC="0.00" NOx="0.00" PMx="0.00" fuel="0.00" electricity="0.00" noise="69.84" route="routetop" type="cfm-fast" waiting="0.00" lane="top_0" pos="19.21" speed="25.07" angle="239.86" x="24.70" y="120.14"/>
        <vehicle id="cfm-fast_4" eclass="HBEFA3/PC_G_EU4" CO2="193497.07" CO="4255.32" HC="24.23" NOx="90.14" PMx="5.17" fuel="83.17" electricity="0.00" noise="138.97" route="routetop" type="cfm-fast" waiting="0.00" lane="left_1" pos="6.66" speed="50.00" angle="172.49" x="-0.21" y="50.08"/>
        <vehicle id="cfm-fast_5" eclass="HBEFA3/PC_G_EU4" CO2="6999.53" CO="67.94" HC="0.48" NOx="2.73" PMx="0.13" fuel="3.01" electricity="0.00" noise="70.48" route="routetop" type="cfm-fast" waiting="0.00" lane="top_0" pos="37.48" speed="20.87" angle="207.09" x="0.32" y="90.01"/>
        <vehicle id="cfm-slow_0" eclass="HBEFA3/PC_G_EU4" CO2="11591.67" CO="162.54" HC="1.02" NOx="4.91" PMx="0.25" fuel="4.98" electricity="0.00" noise="72.90" route="routetop" type="cfm-slow" waiting="0.00" lane="left_0" pos="0.27" speed="20.70" angle="183.99" x="-4.94" y="62.99"/>
        <vehicle id="cfm-slow_1" eclass="HBEFA3/PC_G_EU4" CO2="16456.97" CO="262.70" HC="1.60" NOx="7.18" PMx="0.38" fuel="7.07" electricity="0.00" noise="76.11" route="routetop" type="cfm-slow" waiting="0.00" lane="left_0" pos="16.76" speed="21.59" angle="154.31" x="4.37" y="29.15"/>
        <vehicle id="cfm-slow_2" eclass="HBEFA3/PC_G_EU4" CO2="23158.66" CO="402.48" HC="2.41" NOx="10.30" PMx="0.56" fuel="9.95" electricity="0.00" noise="80.42" route="routetop" type="cfm-slow" waiting="0.00" lane="left_0" pos="34.20" speed="23.28" angle="122.97" x="30.97" y="3.35"/>
        <vehicle id="cfm-slow_3" eclass="HBEFA3/PC_G_EU4" CO2="28552.78" CO="520.85" HC="3.08" NOx="12.79" PMx="0.71" fuel="12.27" electricity="0.00" noise="83.26" route="routebottom" type="cfm-slow" waiting="0.00" lane="bottom_0" pos="3.41" speed="25.85" angle="88.38" x="71.08" y="-4.54"/>
        <vehicle id="cfm-slow_4" eclass="HBEFA3/PC_G_EU4" CO2="25872.12" CO="480.55" HC="2.84" NOx="11.46" PMx="0.65" fuel="11.12" electricity="0.00" noise="81.25" route="routebottom" type="cfm-slow" waiting="0.00" lane="bottom_0" pos="25.26" speed="28.75" angle="48.99" x="112.57" y="15.56"/>
        <vehicle id="cfm-slow_5" eclass="HBEFA3/PC_G_EU4" CO2="11517.82" CO="198.99" HC="1.20" NOx="4.65" PMx="0.28" fuel="4.95" electricity="0.00" noise="75.53" route="routebottom" type="cfm-slow" waiting="0.00" lane="right_0" pos="0.04" speed="30.70" angle="4.40" x="132.27" y="63.84"/>
    </timestep>
    <timestep time="3.71">
        <vehicle id="cfm-fast_0" eclass="HBEFA3/PC_G_EU4" CO2="0.00" CO="0.00" HC="0.00" NOx="0.00" PMx="0.00" fuel="0.00" electricity="0.00" noise="72.92" route="routebottom" type="cfm-fast" waiting="0.00" lane="right_0" pos="27.52" speed="29.93" angle="314.97" x="108.19" y="115.84"/>
        <vehicle id="cfm-fast_1" eclass="HBEFA3/PC_G_EU4" CO2="131264.80" CO="2937.28" HC="16.68" NOx="60.80" PMx="3.53" fuel="56.42" electricity="0.00" noise="118.82" route="routetop" type="cfm-fast" waiting="0.00" lane="top_1" pos="9.31" speed="48.43" angle="257.75" x="44.81" y="126.19"/>
        <vehicle id="cfm-fast_2" eclass="HBEFA3/PC_G_EU4" CO2="0.00" CO="0.00" HC="0.00" NOx="0.00" PMx="0.00" fuel="0.00" electricity="0.00" noise="71.55" route="routetop" type="cfm-fast" waiting="0.00" lane="top_0" pos="0.85" speed="26.63" angle="272.94" x="61.74" y="132.24"/>
        <vehicle id="cfm-fast_3" eclass="HBEFA3/PC_G_EU4" CO2="0.00" CO="0.00" HC="0.00" NOx="0.00" PMx="0.00" fuel="0.00" electricity="0.00" noise="69.83" route="routetop" type="cfm-fast" waiting="0.00" lane="top_0" pos="19.46" speed="25.05" angle="239.41" x="24.27" y="119.82"/>
        <vehicle id="cfm-fast_4" eclass="HBEFA3/PC_G_EU4" CO2="194071.28" CO="4270.44" HC="24.31" NOx="90.41" PMx="5.19" fuel="83.42" electricity="0.00" noise="139.03" route="routetop" type="cfm-fast" waiting="0.00" lane="left_1" pos="7.16" speed="50.14" angle="171.56" x="0.01" y="49.07"/>
        <vehicle id="cfm-fast_5" eclass="HBEFA3/PC_G_EU4" CO2="7002.69" CO="68.00" HC="0.48" NOx="2.74" PMx="0.13" fuel="3.01" electricity="0.00" noise="70.49" route="routetop" type="cfm-fast" waiting="0.00" lane="top_0" pos="37.69" speed="20.88" angle="206.70" x="0.15" y="89.59"/>
        <vehicle id="cfm-slow_0" eclass="HBEFA3/PC_G_EU4" CO2="11606.95" CO="162.85" HC="1.03" NOx="4.91" PMx="0.25" fuel="4.99" electricity="0.00" noise="72.92" route="routetop" type="cfm-slow" waiting="0.00" lane="left_0" pos="0.48" speed="20.71" angle="183.62" x="-4.93" y="62.55"/>
        <vehicle id="cfm-slow_1" eclass="HBEFA3/PC_G_EU4" CO2="16488.89" CO="263.36" HC="1.61" NOx="7.19" PMx="0.38" fuel="7.09" electricity="0.00" noise="76.13" route="routetop" type="cfm-slow" waiting="0.00" lane="left_0" pos="16.98" speed="21.61" angle="153.92" x="4.61" y="28.75"/>
        <vehicle id="cfm-slow_2" eclass="HBEFA3/PC_G_EU4" CO2="23180.04" CO="402.98" HC="2.41" NOx="10.31" PMx="0.56" fuel="9.96" electricity="0.00" noise="80.43" route="routetop" type="cfm-slow" waiting="0.00" lane="left_0" pos="34.44" speed="23.31" angle="122.54" x="31.41" y="3.11"/>
        <vehicle id="cfm-slow_3" eclass="HBEFA3/PC_G_EU4" CO2="28503.63" CO="519.98" HC="3.08" NOx="12.77" PMx="0.70" fuel="12.25" electricity="0.00" noise="83.22" route="routebottom" type="cfm-slow" waiting="0.00" lane="bottom_0" pos="3.67" speed="25.88" angle="87.91" x="71.63" y="-4.48"/>
        <vehicle id="cfm-slow_4" eclass="HBEFA3/PC_G_EU4" CO2="25706.92" CO="477.32" HC="2.82" NOx="11.38" PMx="0.64" fuel="11.05" electricity="0.00" noise="81.16" route="routebottom" type="cfm-slow" waiting="0.00" lane="bottom_0" pos="25.55" speed="28.77" angle="48.48" x="113.01" y="16.00"/>
        <vehicle id="cfm-slow_5" eclass="HBEFA3/PC_G_EU4" CO2="11310.24" CO="194.77" HC="1.17" NOx="4.55" PMx="0.27" fuel="4.86" electricity="0.00" noise="75.47" route="routebottom" type="cfm-slow" waiting="0.00" lane="right_0" pos="0.35" speed="30.70" angle="3.84" x="132.26" y="64.50"/>
    </timestep>
    <timestep time="3.72">
        <vehicle id="cfm-fast_0" eclass="HBEFA3/PC_G_EU4" CO2="0.00" CO="0.00" HC="0.00" NOx="0.00" PMx="0.00" fuel="0.00" electricity="0.00" noise="72.90" route="routebottom" type="cfm-fast" waiting="0.00" lane="right_0" pos="27.82" speed="29.92" angle="314.40" x="107.70" y="116.26"/>
        <vehicle id="cfm-fast_1" eclass="HBEFA3/PC_G_EU4" CO2="131185.90" CO="2937.76" HC="16.68" NOx="60.77" PMx="3.53" fuel="56.39" electricity="0.00" noise="118.74" route="routetop" type="cfm-fast" waiting="0.00" lane="top_1" pos="9.80" speed="48.53" angle="256.86" x="43.86" y="125.89"/>
        <vehicle id="cfm-fast_2" eclass="HBEFA3/PC_G_EU4" CO2="0.00" CO="0.00" HC="0.00" NOx="0.00" PMx="0.00" fuel="0.00" electricity="0.00" noise="71.52" route="routetop" type="cfm-fast" waiting="0.00" lane="top_0" pos="1.11" speed="26.63" angle="272.46" x="61.17" y="132.22"/>
        <vehicle id="cfm-fast_3" eclass="HBEFA3/PC_G_EU4" CO2="0.00" CO="0.00" HC="0.00" NOx="0.00" PMx="0.00" fuel="0.00" electricity="0.00" noise="69.82" route="routetop" type="cfm-fast" waiting="0.00" lane="top_0" pos="19.71" speed="25.04" angle="238.95" x="23.83" y="119.51"/>
        <vehicle id="cfm-fast_4" eclass="HBEFA3/PC_G_EU4" CO2="194645.79" CO="4285.57" HC="24.40" NOx="90.68" PMx="5.21" fuel="83.67" electricity="0.00" noise="139.10" route="routetop" type="cfm-fast" waiting="0.00" lane="left_1" pos="7.66" speed="50.27" angle="170.68" x="0.24" y="48.07"/>
        <vehicle id="cfm-fast_5" eclass="HBEFA3/PC_G_EU4" CO2="7006.33" CO="68.07" HC="0.48" NOx="2.74" PMx="0.13" fuel="3.01" electricity="0.00" noise="70.49" route="routetop" type="cfm-fast" waiting="0.00" lane="top_0" pos="37.90" speed="20.89" angle="206.32" x="-0.02" y="89.17"/>
        <vehicle id="cfm-slow_0" eclass="HBEFA3/PC_G_EU4" CO2="11622.64" CO="163.16" HC="1.03" NOx="4.92" PMx="0.25" fuel="5.00" electricity="0.00" noise="72.93" route="routetop" type="cfm-slow" waiting="0.00" lane="left_0" pos="0.68" speed="20.73" angle="183.24" x="-4.92" y="62.10"/>
        <vehicle id="cfm-slow_1" eclass="HBEFA3/PC_G_EU4" CO2="16520.96" CO="264.03" HC="1.61" NOx="7.21" PMx="0.38" fuel="7.10" electricity="0.00" noise="76.15" route="routetop" type="cfm-slow" waiting="0.00" lane="left_0" pos="17.20" speed="21.63" angle="153.52" x="4.85" y="28.35"/>
        <vehicle id="cfm-slow_2" eclass="HBEFA3/PC_G_EU4" CO2="23201.07" CO="403.47" HC="2.41" NOx="10.32" PMx="0.56" fuel="9.97" electricity="0.00" noise="80.43" route="routetop" type="cfm-slow" waiting="0.00" lane="left_0" pos="34.67" speed="23.34" angle="122.17" x="31.85" y="2.87"/>
        <vehicle id="cfm-slow_3" eclass="HBEFA3/PC_G_EU4" CO2="28453.66" CO="519.09" HC="3.07" NOx="12.74" PMx="0.70" fuel="12.23" electricity="0.00" noise="83.18" route="routebottom" type="cfm-slow" waiting="0.00" lane="bottom_0" pos="3.93" speed="25.92" angle="87.46" x="72.19" y="-4.41"/>
        <vehicle id="cfm-slow_4" eclass="HBEFA3/PC_G_EU4" CO2="25541.42" CO="474.09" HC="2.80" NOx="11.30" PMx="0.64" fuel="10.98" electricity="0.00" noise="81.07" route="routebottom" type="cfm-slow" waiting="0.00" lane="bottom_0" pos="25.84" speed="28.80" angle="47.99" x="113.43" y="16.45"/>
        <vehicle id="cfm-slow_5" eclass="HBEFA3/PC_G_EU4" CO2="11103.74" CO="190.57" HC="1.15" NOx="4.45" PMx="0.27" fuel="4.77" electricity="0.00" noise="75.41" route="routebottom" type="cfm-slow" waiting="0.00" lane="right_0" pos="0.65" speed="30.71" angle="3.29" x="132.24" y="65.16"/>
    </timestep>
    <timestep time="3.73">
        <vehicle id="cfm-fast_0" eclass="HBEFA3/PC_G_EU4" CO2="0.00" CO="0.00" HC="0.00" NOx="0.00" PMx="0.00" fuel="0.00" electricity="0.00" noise="72.88" route="routebottom" type="cfm-fast" waiting="0.00" lane="right_0" pos="28.12" speed="29.91" angle="313.86" x="107.21" y="116.68"/>
        <vehicle id="cfm-fast_1" eclass="HBEFA3/PC_G_EU4" CO2="131116.59" CO="2938.43" HC="16.68" NOx="60.73" PMx="3.53" fuel="56.36" electricity="0.00" noise="118.66" route="routetop" type="cfm-fast" waiting="0.00" lane="top_1" pos="10.28" speed="48.62" angle="256.02" x="42.91" y="125.59"/>
        <vehicle id="cfm-fast_2" eclass="HBEFA3/PC_G_EU4" CO2="0.00" CO="0.00" HC="0.00" NOx="0.00" PMx="0.00" fuel="0.00" electricity="0.00" noise="71.49" route="routetop" type="cfm-fast" waiting="0.00" lane="top_0" pos="1.38" speed="26.62" angle="272.00" x="60.60" y="132.20"/>
        <vehicle id="cfm-fast_3" eclass="HBEFA3/PC_G_EU4" CO2="0.00" CO="0.00" HC="0.00" NOx="0.00" PMx="0.00" fuel="0.00" electricity="0.00" noise="69.81" route="routetop" type="cfm-fast" waiting="0.00" lane="top_0" pos="19.96" speed="25.02" angle="238.50" x="23.39" y="119.19"/>
        <vehicle id="cfm-fast_4" eclass="HBEFA3/PC_G_EU4" CO2="195220.59" CO="4300.73" HC="24.48" NOx="90.95" PMx="5.22" fuel="83.92" electricity="0.00" noise="139.17" route="routetop" type="cfm-fast" waiting="0.00" lane="left_1" pos="8.17" speed="50.41" angle="169.75" x="0.51" y="47.07"/>
        <vehicle id="cfm-fast_5" eclass="HBEFA3/PC_G_EU4" CO2="7010.44" CO="68.16" HC="0.48" NOx="2.74" PMx="0.13" fuel="3.01" electricity="0.00" noise="70.49" route="routetop" type="cfm-fast" waiting="0.00" lane="top_0" pos="38.10" speed="20.89" angle="205.93" x="-0.18" y="88.75"/>
        <vehicle id="cfm-slow_0" eclass="HBEFA3/PC_G_EU4" CO2="11638.73" CO="163.49" HC="1.03" NOx="4.93" PMx="0.25" fuel="5.00" electricity="0.00" noise="72.94" route="routetop" type="cfm-slow" waiting="0.00" lane="left_0" pos="0.89" speed="20.74" angle="182.86" x="-4.91" y="61.65"/>
        <vehicle id="cfm-slow_1" eclass="HBEFA3/PC_G_EU4" CO2="16553.19" CO="264.71" HC="1.61" NOx="7.22" PMx="0.38" fuel="7.12" electricity="0.00" noise="76.17" route="routetop" type="cfm-slow" waiting="0.00" lane="left_0" pos="17.41" speed="21.66" angle="153.12" x="5.09" y="27.95"/>
        <vehicle id="cfm-slow_2" eclass="HBEFA3/PC_G_EU4" CO2="23221.73" CO="403.95" HC="2.42" NOx="10.33" PMx="0.56" fuel="9.98" electricity="0.00" noise="80.44" route="routetop" type="cfm-slow" waiting="0.00" lane="left_0" pos="34.90" speed="23.37" angle="121.73" x="32.30" y="2.65"/>
        <vehicle id="cfm-slow_3" eclass="HBEFA3/PC_G_EU4" CO2="28402.86" CO="518.19" HC="3.07" NOx="12.72" PMx="0.70" fuel="12.21" electricity="0.00" noise="83.14" route="routebottom" type="cfm-slow" waiting="0.00" lane="bottom_0" pos="4.19" speed="25.95" angle="86.99" x="72.74" y="-4.34"/>
        <vehicle id="cfm-slow_4" eclass="HBEFA3/PC_G_EU4" CO2="25375.64" CO="470.85" HC="2.78" NOx="11.23" PMx="0.63" fuel="10.91" electricity="0.00" noise="80.98" route="routebottom" type="cfm-slow" waiting="0.00" lane="bottom_0" pos="26.13" speed="28.83" angle="47.47" x="113.86" y="16.90"/>
        <vehicle id="cfm-slow_5" eclass="HBEFA3/PC_G_EU4" CO2="10898.30" CO="186.39" HC="1.13" NOx="4.35" PMx="0.26" fuel="4.68" electricity="0.00" noise="75.36" route="routebottom" type="cfm-slow" waiting="0.00" lane="right_0" pos="0.96" speed="30.72" angle="2.73" x="132.23" y="65.82"/>
    </timestep>
    <timestep time="3.74">
        <vehicle id="cfm-fast_0" eclass="HBEFA3/PC_G_EU4" CO2="0.00" CO="0.00" HC="0.00" NOx="0.00" PMx="0.00" fuel="0.00" electricity="0.00" noise="72.86" route="routebottom" type="cfm-fast" waiting="0.00" lane="right_0" pos="28.42" speed="29.90" angle="313.36" x="106.71" y="117.08"/>
        <vehicle id="cfm-fast_1" eclass="HBEFA3/PC_G_EU4" CO2="131056.78" CO="2939.30" HC="16.68" NOx="60.70" PMx="3.53" fuel="56.33" electricity="0.00" noise="118.59" route="routetop" type="cfm-fast" waiting="0.00" lane="top_1" pos="10.77" speed="48.71" angle="255.07" x="41.97" y="125.25"/>
        <vehicle id="cfm-fast_2" eclass="HBEFA3/PC_G_EU4" CO2="0.00" CO="0.00" HC="0.00" NOx="0.00" PMx="0.00" fuel="0.00" electricity="0.00" noise="71.47" route="routetop" type="cfm-fast" waiting="0.00" lane="top_0" pos="1.65" speed="26.62" angle="271.52" x="60.03" y="132.17"/>
        <vehicle id="cfm-fast_3" eclass="HBEFA3/PC_G_EU4" CO2="0.00" CO="0.00" HC="0.00" NOx="0.00" PMx="0.00" fuel="0.00" electricity="0.00" noise="69.80" route="routetop" type="cfm-fast" waiting="0.00" lane="top_0" pos="20.21" speed="25.00" angle="238.04" x="22.96" y="118.88"/>
        <vehicle id="cfm-fast_4" eclass="HBEFA3/PC_G_EU4" CO2="195795.68" CO="4315.92" HC="24.57" NOx="91.22" PMx="5.24" fuel="84.16" electricity="0.00" noise="139.23" route="routetop" type="cfm-fast" waiting="0.00" lane="left_1" pos="8.67" speed="50.55" angle="168.81" x="0.78" y="46.07"/>
        <vehicle id="cfm-fast_5" eclass="HBEFA3/PC_G_EU4" CO2="7015.01" CO="68.25" HC="0.48" NOx="2.74" PMx="0.13" fuel="3.02" electricity="0.00" noise="70.50" route="routetop" type="cfm-fast" waiting="0.00" lane="top_0" pos="38.31" speed="20.90" angle="205.55" x="-0.35" y="88.34"/>
        <vehicle id="cfm-slow_0" eclass="HBEFA3/PC_G_EU4" CO2="11655.21" CO="163.82" HC="1.03" NOx="4.93" PMx="0.25" fuel="5.01" electricity="0.00" noise="72.95" route="routetop" type="cfm-slow" waiting="0.00" lane="left_0" pos="1.10" speed="20.76" angle="182.49" x="-4.90" y="61.21"/>
        <vehicle id="cfm-slow_1" eclass="HBEFA3/PC_G_EU4" CO2="16585.56" CO="265.38" HC="1.62" NOx="7.24" PMx="0.38" fuel="7.13" electricity="0.00" noise="76.19" route="routetop" type="cfm-slow" waiting="0.00" lane="left_0" pos="17.63" speed="21.68" angle="152.72" x="5.33" y="27.55"/>
        <vehicle id="cfm-slow_2" eclass="HBEFA3/PC_G_EU4" CO2="23242.02" CO="404.43" HC="2.42" NOx="10.34" PMx="0.56" fuel="9.99" electricity="0.00" noise="80.45" route="routetop" type="cfm-slow" waiting="0.00" lane="left_0" pos="35.14" speed="23.40" angle="121.30" x="32.75" y="2.42"/>
        <vehicle id="cfm-slow_3" eclass="HBEFA3/PC_G_EU4" CO2="28351.25" CO="517.26" HC="3.06" NOx="12.69" PMx="0.70" fuel="12.19" electricity="0.00" noise="83.10" route="routebottom" type="cfm-slow" waiting="0.00" lane="bottom_0" pos="4.45" speed="25.99" angle="86.52" x="73.29" y="-4.26"/>
        <vehicle id="cfm-slow_4" eclass="HBEFA3/PC_G_EU4" CO2="25209.59" CO="467.60" HC="2.76" NOx="11.15" PMx="0.63" fuel="10.84" electricity="0.00" noise="80.90" route="routebottom" type="cfm-slow" waiting="0.00" lane="bottom_0" pos="26.42" speed="28.85" angle="46.94" x="114.28" y="17.36"/>
        <vehicle id="cfm-slow_5" eclass="HBEFA3/PC_G_EU4" CO2="10693.93" CO="182.23" HC="1.10" NOx="4.26" PMx="0.26" fuel="4.60" electricity="0.00" noise="75.30" route="routebottom" type="cfm-slow" waiting="0.00" lane="right_0" pos="1.27" speed="30.72" angle="2.20" x="132.22" y="66.49"/>
    </timestep>
    <timestep time="3.75">
        <vehicle id="cfm-fast_0" eclass="HBEFA3/PC_G_EU4" CO2="0.00" CO="0.00" HC="0.00" NOx="0.00" PMx="0.00" fuel="0.00" electricity="0.00" noise="72.84" route="routebottom" type="cfm-fast" waiting="0.00" lane="right_0" pos="28.71" speed="29.90" angle="312.82" x="106.20" y="117.48"/>
        <vehicle id="cfm-fast_1" eclass="HBEFA3/PC_G_EU4" CO2="131006.38" CO="2940.37" HC="16.69" NOx="60.68" PMx="3.53" fuel="56.31" electricity="0.00" noise="118.52" route="routetop" type="cfm-fast" waiting="0.00" lane="top_1" pos="11.26" speed="48.80" angle="254.12" x="41.03" y="124.91"/>
        <vehicle id="cfm-fast_2" eclass="HBEFA3/PC_G_EU4" CO2="0.00" CO="0.00" HC="0.00" NOx="0.00" PMx="0.00" fuel="0.00" electricity="0.00" noise="71.45" route="routetop" type="cfm-fast" waiting="0.00" lane="top_0" pos="1.91" speed="26.61" angle="271.04" x="59.46" y="132.14"/>
        <vehicle id="cfm-fast_3" eclass="HBEFA3/PC_G_EU4" CO2="0.00" CO="0.00" HC="0.00" NOx="0.00" PMx="0.00" fuel="0.00" electricity="0.00" noise="69.79" route="routetop" type="cfm-fast" waiting="0.00" lane="top_0" pos="20.46" speed="24.98" angle="237.63" x="22.52" y="118.56"/>
        <vehicle id="cfm-fast_4" eclass="HBEFA3/PC_G_EU4" CO2="196371.06" CO="4331.12" HC="24.65" NOx="91.49" PMx="5.26" fuel="84.41" electricity="0.00" noise="139.30" route="routetop" type="cfm-fast" waiting="0.00" lane="left_1" pos="9.18" speed="50.68" angle="167.94" x="1.06" y="45.07"/>
        <vehicle id="cfm-fast_5" eclass="HBEFA3/PC_G_EU4" CO2="7020.05" CO="68.35" HC="0.48" NOx="2.74" PMx="0.13" fuel="3.02" electricity="0.00" noise="70.50" route="routetop" type="cfm-fast" waiting="0.00" lane="top_0" pos="38.52" speed="20.91" angle="205.22" x="-0.52" y="87.92"/>
        <vehicle id="cfm-slow_0" eclass="HBEFA3/PC_G_EU4" CO2="11672.08" CO="164.16" HC="1.03" NOx="4.94" PMx="0.26" fuel="5.02" electricity="0.00" noise="72.97" route="routetop" type="cfm-slow" waiting="0.00" lane="left_0" pos="1.31" speed="20.77" angle="182.13" x="-4.88" y="60.76"/>
        <vehicle id="cfm-slow_1" eclass="HBEFA3/PC_G_EU4" CO2="16618.07" CO="266.06" HC="1.62" NOx="7.25" PMx="0.39" fuel="7.14" electricity="0.00" noise="76.22" route="routetop" type="cfm-slow" waiting="0.00" lane="left_0" pos="17.85" speed="21.70" angle="152.35" x="5.57" y="27.15"/>
        <vehicle id="cfm-slow_2" eclass="HBEFA3/PC_G_EU4" CO2="23261.93" CO="404.90" HC="2.42" NOx="10.35" PMx="0.56" fuel="10.00" electricity="0.00" noise="80.45" route="routetop" type="cfm-slow" waiting="0.00" lane="left_0" pos="35.37" speed="23.44" angle="120.87" x="33.20" y="2.19"/>
        <vehicle id="cfm-slow_3" eclass="HBEFA3/PC_G_EU4" CO2="28298.82" CO="516.33" HC="3.06" NOx="12.67" PMx="0.70" fuel="12.16" electricity="0.00" noise="83.06" route="routebottom" type="cfm-slow" waiting="0.00" lane="bottom_0" pos="4.71" speed="26.02" angle="86.05" x="73.85" y="-4.18"/>
        <vehicle id="cfm-slow_4" eclass="HBEFA3/PC_G_EU4" CO2="25043.26" CO="464.34" HC="2.74" NOx="11.07" PMx="0.62" fuel="10.76" electricity="0.00" noise="80.81" route="routebottom" type="cfm-slow" waiting="0.00" lane="bottom_0" pos="26.70" speed="28.88" angle="46.41" x="114.70" y="17.81"/>
        <vehicle id="cfm-slow_5" eclass="HBEFA3/PC_G_EU4" CO2="10490.63" CO="178.09" HC="1.08" NOx="4.16" PMx="0.25" fuel="4.51" electricity="0.00" noise="75.25" route="routebottom" type="cfm-slow" waiting="0.00" lane="right_0" pos="1.57" speed="30.73" angle="1.65" x="132.18" y="67.15"/>
    </timestep>
    <timestep time="3.76">
        <vehicle id="cfm-fast_0" eclass="HBEFA3/PC_G_EU4" CO2="0.00" CO="0.00" HC="0.00" NOx="0.00" PMx="0.00" fuel="0.00" electricity="0.00" noise="72.82" route="routebottom" type="cfm-fast" waiting="0.00" lane="right_0" pos="29.01" speed="29.89" angle="312.27" x="105.69" y="117.87"/>
        <vehicle id="cfm-fast_1" eclass="HBEFA3/PC_G_EU4" CO2="130965.32" CO="2941.63" HC="16.69" NOx="60.66" PMx="3.53" fuel="56.30" electricity="0.00" noise="118.45" route="routetop" type="cfm-fast" waiting="0.00" lane="top_1" pos="11.75" speed="48.89" angle="253.28" x="40.09" y="124.55"/>
        <vehicle id="cfm-fast_2" eclass="HBEFA3/PC_G_EU4" CO2="0.00" CO="0.00" HC="0.00" NOx="0.00" PMx="0.00" fuel="0.00" electricity="0.00" noise="71.42" route="routetop" type="cfm-fast" waiting="0.00" lane="top_0" pos="2.18" speed="26.60" angle="270.56" x="58.88" y="132.10"/>
        <vehicle id="cfm-fast_3" eclass="HBEFA3/PC_G_EU4" CO2="0.00" CO="0.00" HC="0.00" NOx="0.00" PMx="0.00" fuel="0.00" electricity="0.00" noise="69.78" route="routetop" type="cfm-fast" waiting="0.00" lane="top_0" pos="20.71" speed="24.96" angle="237.19" x="22.10" y="118.23"/>
        <vehicle id="cfm-fast_4" eclass="HBEFA3/PC_G_EU4" CO2="196946.73" CO="4346.35" HC="24.73" NOx="91.76" PMx="5.27" fuel="84.66" electricity="0.00" noise="139.36" route="routetop" type="cfm-fast" waiting="0.00" lane="left_1" pos="9.69" speed="50.82" angle="167.00" x="1.37" y="44.07"/>
        <vehicle id="cfm-fast_5" eclass="HBEFA3/PC_G_EU4" CO2="7025.55" CO="68.46" HC="0.48" NOx="2.75" PMx="0.13" fuel="3.02" electricity="0.00" noise="70.51" route="routetop" type="cfm-fast" waiting="0.00" lane="top_0" pos="38.73" speed="20.91" angle="204.83" x="-0.67" y="87.50"/>
        <vehicle id="cfm-slow_0" eclass="HBEFA3/PC_G_EU4" CO2="11689.33" CO="164.52" HC="1.04" NOx="4.95" PMx="0.26" fuel="5.02" electricity="0.00" noise="72.98" route="routetop" type="cfm-slow" waiting="0.00" lane="left_0" pos="1.51" speed="20.79" angle="181.76" x="-4.86" y="60.31"/>
        <vehicle id="cfm-slow_1" eclass="HBEFA3/PC_G_EU4" CO2="16650.71" CO="266.74" HC="1.63" NOx="7.27" PMx="0.39" fuel="7.16" electricity="0.00" noise="76.24" route="routetop" type="cfm-slow" waiting="0.00" lane="left_0" pos="18.06" speed="21.73" angle="151.99" x="5.82" y="26.76"/>
        <vehicle id="cfm-slow_2" eclass="HBEFA3/PC_G_EU4" CO2="23281.46" CO="405.36" HC="2.42" NOx="10.36" PMx="0.56" fuel="10.01" electricity="0.00" noise="80.46" route="routetop" type="cfm-slow" waiting="0.00" lane="left_0" pos="35.61" speed="23.47" angle="120.43" x="33.65" y="1.97"/>
        <vehicle id="cfm-slow_3" eclass="HBEFA3/PC_G_EU4" CO2="28245.57" CO="515.37" HC="3.05" NOx="12.64" PMx="0.70" fuel="12.14" electricity="0.00" noise="83.02" route="routebottom" type="cfm-slow" waiting="0.00" lane="bottom_0" pos="4.97" speed="26.06" angle="85.58" x="74.40" y="-4.11"/>
        <vehicle id="cfm-slow_4" eclass="HBEFA3/PC_G_EU4" CO2="24876.69" CO="461.08" HC="2.72" NOx="10.99" PMx="0.62" fuel="10.69" electricity="0.00" noise="80.72" route="routebottom" type="cfm-slow" waiting="0.00" lane="bottom_0" pos="26.99" speed="28.90" angle="45.95" x="115.12" y="18.27"/>
        <vehicle id="cfm-slow_5" eclass="HBEFA3/PC_G_EU4" CO2="10288.41" CO="173.96" HC="1.05" NOx="4.07" PMx="0.25" fuel="4.42" electricity="0.00" noise="75.20" route="routebottom" type="cfm-slow" waiting="0.00" lane="right_0" pos="1.88" speed="30.73" angle="1.10" x="132.14" y="67.81"/>
    </timestep>
    <timestep time="3.77">
        <vehicle id="cfm-fast_0" eclass="HBEFA3/PC_G_EU4" CO2="0.00" CO="0.00" HC="0.00" NOx="0.00" PMx="0.00" fuel="0.00" electricity="0.00" noise="72.80" route="routebottom" type="cfm-fast" waiting="0.00" lane="right_0" pos="29.31" speed="29.88" angle="311.73" x="105.19" y="118.27"/>
        <vehicle id="cfm-fast_1" eclass="HBEFA3/PC_G_EU4" CO2="130933.52" CO="2943.08" HC="16.70" NOx="60.64" PMx="3.53" fuel="56.28" electricity="0.00" noise="118.39" route="routetop" type="cfm-fast" waiting="0.00" lane="top_1" pos="12.24" speed="48.98" angle="252.43" x="39.16" y="124.18"/>
        <vehicle id="cfm-fast_2" eclass="HBEFA3/PC_G_EU4" CO2="0.00" CO="0.00" HC="0.00" NOx="0.00" PMx="0.00" fuel="0.00" electricity="0.00" noise="71.40" route="routetop" type="cfm-fast" waiting="0.00" lane="top_0" pos="2.45" speed="26.60" angle="270.09" x="58.31" y="132.07"/>
        <vehicle id="cfm-fast_3" eclass="HBEFA3/PC_G_EU4" CO2="0.00" CO="0.00" HC="0.00" NOx="0.00" PMx="0.00" fuel="0.00" electricity="0.00" noise="69.78" route="routetop" type="cfm-fast" waiting="0.00" lane="top_0" pos="20.96" speed="24.95" angle="236.73" x="21.67" y="117.90"/>
        <vehicle id="cfm-fast_4" eclass="HBEFA3/PC_G_EU4" CO2="197522.69" CO="4361.59" HC="24.82" NOx="92.03" PMx="5.29" fuel="84.90" electricity="0.00" noise="139.43" route="routetop" type="cfm-fast" waiting="0.00" lane="left_1" pos="10.20" speed="50.96" angle="166.11" x="1.68" y="43.08"/>
        <vehicle id="cfm-fast_5" eclass="HBEFA3/PC_G_EU4" CO2="7031.50" CO="68.59" HC="0.48" NOx="2.75" PMx="0.13" fuel="3.02" electricity="0.00" noise="70.51" route="routetop" type="cfm-fast" waiting="0.00" lane="top_0" pos="38.94" speed="20.92" angle="204.45" x="-0.82" y="87.07"/>
        <vehicle id="cfm-slow_0" eclass="HBEFA3/PC_G_EU4" CO2="11706.97" CO="164.87" HC="1.04" NOx="4.96" PMx="0.26" fuel="5.03" electricity="0.00" noise="72.99" route="routetop" type="cfm-slow" waiting="0.00" lane="left_0" pos="1.72" speed="20.80" angle="181.39" x="-4.83" y="59.87"/>
        <vehicle id="cfm-slow_1" eclass="HBEFA3/PC_G_EU4" CO2="16683.47" CO="267.43" HC="1.63" NOx="7.28" PMx="0.39" fuel="7.17" electricity="0.00" noise="76.26" route="routetop" type="cfm-slow" waiting="0.00" lane="left_0" pos="18.28" speed="21.75" angle="151.58" x="6.08" y="26.37"/>
        <vehicle id="cfm-slow_2" eclass="HBEFA3/PC_G_EU4" CO2="23300.60" CO="405.82" HC="2.43" NOx="10.37" PMx="0.56" fuel="10.02" electricity="0.00" noise="80.46" route="routetop" type="cfm-slow" waiting="0.00" lane="left_0" pos="35.84" speed="23.50" angle="120.03" x="34.10" y="1.74"/>
        <vehicle id="cfm-slow_3" eclass="HBEFA3/PC_G_EU4" CO2="28191.51" CO="514.40" HC="3.04" NOx="12.61" PMx="0.70" fuel="12.12" electricity="0.00" noise="82.97" route="routebottom" type="cfm-slow" waiting="0.00" lane="bottom_0" pos="5.23" speed="26.09" angle="85.07" x="74.96" y="-4.02"/>
        <vehicle id="cfm-slow_4" eclass="HBEFA3/PC_G_EU4" CO2="24709.87" CO="457.81" HC="2.70" NOx="10.91" PMx="0.62" fuel="10.62" electricity="0.00" noise="80.64" route="routebottom" type="cfm-slow" waiting="0.00" lane="bottom_0" pos="27.28" speed="28.93" angle="45.41" x="115.52" y="18.75"/>
        <vehicle id="cfm-slow_5" eclass="HBEFA3/PC_G_EU4" CO2="10087.27" CO="169.86" HC="1.03" NOx="3.97" PMx="0.24" fuel="4.34" electricity="0.00" noise="75.15" route="routebottom" type="cfm-slow" waiting="0.00" lane="right_0" pos="2.19" speed="30.74" angle="0.55" x="132.10" y="68.47"/>
    </timestep>
    <timestep time="3.78">
        <vehicle id="cfm-fast_0" eclass="HBEFA3/PC_G_EU4" CO2="0.00" CO="0.00" HC="0.00" NOx="0.00" PMx="0.00" fuel="0.00" electricity="0.00" noise="72.78" route="routebottom" type="cfm-fast" waiting="0.00" lane="right_0" pos="29.61" speed="29.87" angle="311.24" x="104.68" y="118.66"/>
        <vehicle id="cfm-fast_1" eclass="HBEFA3/PC_G_EU4" CO2="130910.88" CO="2944.72" HC="16.71" NOx="60.63" PMx="3.53" fuel="56.27" electricity="0.00" noise="118.33" route="routetop" type="cfm-fast" waiting="0.00" lane="top_1" pos="12.73" speed="49.07" angle="251.58" x="38.22" y="123.81"/>
        <vehicle id="cfm-fast_2" eclass="HBEFA3/PC_G_EU4" CO2="0.00" CO="0.00" HC="0.00" NOx="0.00" PMx="0.00" fuel="0.00" electricity="0.00" noise="71.38" route="routetop" type="cfm-fast" waiting="0.00" lane="top_0" pos="2.71" speed="26.59" angle="269.63" x="57.74" y="132.02"/>
        <vehicle id="cfm-fast_3" eclass="HBEFA3/PC_G_EU4" CO2="0.00" CO="0.00" HC="0.00" NOx="0.00" PMx="0.00" fuel="0.00" electricity="0.00" noise="69.77" route="routetop" type="cfm-fast" waiting="0.00" lane="top_0" pos="21.21" speed="24.93" angle="236.27" x="21.25" y="117.57"/>
        <vehicle id="cfm-fast_4" eclass="HBEFA3/PC_G_EU4" CO2="198098.95" CO="4376.86" HC="24.90" NOx="92.30" PMx="5.31" fuel="85.15" electricity="0.00" noise="139.49" route="routetop" type="cfm-fast" waiting="0.00" lane="left_1" pos="10.71" speed="51.09" angle="165.18" x="2.03" y="42.09"/>
        <vehicle id="cfm-fast_5" eclass="HBEFA3/PC_G_EU4" CO2="7037.90" CO="68.72" HC="0.48" NOx="2.75" PMx="0.13" fuel="3.03" electricity="0.00" noise="70.52" route="routetop" type="cfm-fast" waiting="0.00" lane="top_0" pos="39.15" speed="20.93" angle="204.06" x="-0.97" y="86.65"/>
        <vehicle id="cfm-slow_0" eclass="HBEFA3/PC_G_EU4" CO2="11724.98" CO="165.24" HC="1.04" NOx="4.97" PMx="0.26" fuel="5.04" electricity="0.00" noise="73.01" route="routetop" type="cfm-slow" waiting="0.00" lane="left_0" pos="1.93" speed="20.82" angle="181.01" x="-4.80" y="59.42"/>
        <vehicle id="cfm-slow_1" eclass="HBEFA3/PC_G_EU4" CO2="16716.36" CO="268.12" HC="1.63" NOx="7.30" PMx="0.39" fuel="7.19" electricity="0.00" noise="76.28" route="routetop" type="cfm-slow" waiting="0.00" lane="left_0" pos="18.50" speed="21.77" angle="151.17" x="6.34" y="25.98"/>
        <vehicle id="cfm-slow_2" eclass="HBEFA3/PC_G_EU4" CO2="23319.34" CO="406.27" HC="2.43" NOx="10.37" PMx="0.56" fuel="10.02" electricity="0.00" noise="80.47" route="routetop" type="cfm-slow" waiting="0.00" lane="left_0" pos="36.08" speed="23.53" angle="119.62" x="34.56" y="1.53"/>
        <vehicle id="cfm-slow_3" eclass="HBEFA3/PC_G_EU4" CO2="28136.63" CO="513.42" HC="3.04" NOx="12.59" PMx="0.70" fuel="12.09" electricity="0.00" noise="82.93" route="routebottom" type="cfm-slow" waiting="0.00" lane="bottom_0" pos="5.49" speed="26.13" angle="84.59" x="75.51" y="-3.91"/>
        <vehicle id="cfm-slow_4" eclass="HBEFA3/PC_G_EU4" CO2="24542.82" CO="454.53" HC="2.68" NOx="10.83" PMx="0.61" fuel="10.55" electricity="0.00" noise="80.55" route="routebottom" type="cfm-slow" waiting="0.00" lane="bottom_0" pos="27.57" speed="28.96" angle="44.87" x="115.92" y="19.23"/>
        <vehicle id="cfm-slow_5" eclass="HBEFA3/PC_G_EU4" CO2="9887.20" CO="165.78" HC="1.01" NOx="3.88" PMx="0.24" fuel="4.25" electricity="0.00" noise="75.10" route="routebottom" type="cfm-slow" waiting="0.00" lane="right_0" pos="2.50" speed="30.74" angle="0.00" x="132.06" y="69.13"/>
    </timestep>
    <timestep time="3.79">
        <vehicle id="cfm-fast_0" eclass="HBEFA3/PC_G_EU4" CO2="0.00" CO="0.00" HC="0.00" NOx="0.00" PMx="0.00" fuel="0.00" electricity="0.00" noise="72.76" route="routebottom" type="cfm-fast" waiting="0.00" lane="right_0" pos="29.91" speed="29.86" angle="310.68" x="104.15" y="119.03"/>
        <vehicle id="cfm-fast_1" eclass="HBEFA3/PC_G_EU4" CO2="130897.33" CO="2946.55" HC="16.71" NOx="60.62" PMx="3.53" fuel="56.27" electricity="0.00" noise="118.28" route="routetop" type="cfm-fast" waiting="0.00" lane="top_1" pos="13.22" speed="49.16" angle="250.70" x="37.30" y="123.41"/>
        <vehicle id="cfm-fast_2" eclass="HBEFA3/PC_G_EU4" CO2="0.00" CO="0.00" HC="0.00" NOx="0.00" PMx="0.00" fuel="0.00" electricity="0.00" noise="71.35" route="routetop" type="cfm-fast" waiting="0.00" lane="top_0" pos="2.98" speed="26.58" angle="269.16" x="57.17" y="131.96"/>
        <vehicle id="cfm-fast_3" eclass="HBEFA3/PC_G_EU4" CO2="0.00" CO="0.00" HC="0.00" NOx="0.00" PMx="0.00" fuel="0.00" electricity="0.00" noise="69.76" route="routetop" type="cfm-fast" waiting="0.00" lane="top_0" pos="21.46" speed="24.91" angle="235.82" x="20.83" y="117.24"/>
        <vehicle id="cfm-fast_4" eclass="HBEFA3/PC_G_EU4" CO2="198675.50" CO="4392.15" HC="24.99" NOx="92.56" PMx="5.32" fuel="85.40" electricity="0.00" noise="139.56" route="routetop" type="cfm-fast" waiting="0.00" lane="left_1" pos="11.22" speed="51.23" angle="164.23" x="2.39" y="41.10"/>
        <vehicle id="cfm-fast_5" eclass="HBEFA3/PC_G_EU4" CO2="7044.75" CO="68.86" HC="0.49" NOx="2.75" PMx="0.13" fuel="3.03" electricity="0.00" noise="70.53" route="routetop" type="cfm-fast" waiting="0.00" lane="top_0" pos="39.36" speed="20.93" angle="203.67" x="-1.12" y="86.22"/>
        <vehicle id="cfm-slow_0" eclass="HBEFA3/PC_G_EU4" CO2="11743.37" CO="165.61" HC="1.04" NOx="4.97" PMx="0.26" fuel="5.05" electricity="0.00" noise="73.02" route="routetop" type="cfm-slow" waiting="0.00" lane="left_0" pos="2.14" speed="20.84" angle="180.64" x="-4.78" y="58.97"/>
        <vehicle id="cfm-slow_1" eclass="HBEFA3/PC_G_EU4" CO2="16749.35" CO="268.81" HC="1.64" NOx="7.31" PMx="0.39" fuel="7.20" electricity="0.00" noise="76.30" route="routetop" type="cfm-slow" waiting="0.00" lane="left_0" pos="18.72" speed="21.80" angle="150.76" x="6.60" y="25.59"/>
        <vehicle id="cfm-slow_2" eclass="HBEFA3/PC_G_EU4" CO2="23337.68" CO="406.71" HC="2.43" NOx="10.38" PMx="0.56" fuel="10.03" electricity="0.00" noise="80.47" route="routetop" type="cfm-slow" waiting="0.00" lane="left_0" pos="36.31" speed="23.56" angle="119.18" x="35.03" y="1.32"/>
        <vehicle id="cfm-slow_3" eclass="HBEFA3/PC_G_EU4" CO2="28080.95" CO="512.41" HC="3.03" NOx="12.56" PMx="0.69" fuel="12.07" electricity="0.00" noise="82.89" route="routebottom" type="cfm-slow" waiting="0.00" lane="bottom_0" pos="5.75" speed="26.16" angle="84.11" x="76.06" y="-3.81"/>
        <vehicle id="cfm-slow_4" eclass="HBEFA3/PC_G_EU4" CO2="24375.54" CO="451.25" HC="2.67" NOx="10.75" PMx="0.61" fuel="10.48" electricity="0.00" noise="80.46" route="routebottom" type="cfm-slow" waiting="0.00" lane="bottom_0" pos="27.86" speed="28.98" angle="44.32" x="116.32" y="19.70"/>
        <vehicle id="cfm-slow_5" eclass="HBEFA3/PC_G_EU4" CO2="9688.21" CO="161.72" HC="0.98" NOx="3.78" PMx="0.23" fuel="4.16" electricity="0.00" noise="75.05" route="routebottom" type="cfm-slow" waiting="0.00" lane="right_0" pos="2.80" speed="30.75" angle="359.47" x="132.00" y="69.78"/>
    </timestep>
    <timestep time="3.80">
        <vehicle id="cfm-fast_0" eclass="HBEFA3/PC_G_EU4" CO2="0.00" CO="0.00" HC="0.00" NOx="0.00" PMx="0.00" fuel="0.00" electricity="0.00" noise="72.74" route="routebottom" type="cfm-fast" waiting="0.00" lane="right_0" pos="30.21" speed="29.85" angle="310.13" x="103.63" y="119.41"/>
        <vehicle id="cfm-fast_1" eclass="HBEFA3/PC_G_EU4" CO2="130892.78" CO="2948.57" HC="16.72" NOx="60.61" PMx="3.53" fuel="56.26" electricity="0.00" noise="118.23" route="routetop" type="cfm-fast" waiting="0.00" lane="top_1" pos="13.71" speed="49.25" angle="249.78" x="36.38" y="122.99"/>
        <vehicle id="cfm-fast_2" eclass="HBEFA3/PC_G_EU4" CO2="0.00" CO="0.00" HC="0.00" NOx="0.00" PMx="0.00" fuel="0.00" electricity="0.00" noise="71.33" route="routetop" type="cfm-fast" waiting="0.00" lane="top_0" pos="3.24" speed="26.58" angle="268.68" x="56.61" y="131.90"/>
        <vehicle id="cfm-fast_3" eclass="HBEFA3/PC_G_EU4" CO2="0.00" CO="0.00" HC="0.00" NOx="0.00" PMx="0.00" fuel="0.00" electricity="0.00" noise="69.75" route="routetop" type="cfm-fast" waiting="0.00" lane="top_0" pos="21.71" speed="24.89" angle="235.38" x="20.41" y="116.91"/>
        <vehicle id="cfm-fast_4" eclass="HBEFA3/PC_G_EU4" CO2="199252.34" CO="4407.46" HC="25.07" NOx="92.83" PMx="5.34" fuel="85.65" electricity="0.00" noise="139.63" route="routetop" type="cfm-fast" waiting="0.00" lane="left_1" pos="11.73" speed="51.37" angle="163.35" x="2.76" y="40.11"/>
        <vehicle id="cfm-fast_5" eclass="HBEFA3/PC_G_EU4" CO2="7052.05" CO="69.01" HC="0.49" NOx="2.76" PMx="0.13" fuel="3.03" electricity="0.00" noise="70.53" route="routetop" type="cfm-fast" waiting="0.00" lane="top_0" pos="39.57" speed="20.94" angle="203.28" x="-1.28" y="85.80"/>
        <vehicle id="cfm-slow_0" eclass="HBEFA3/PC_G_EU4" CO2="11762.12" CO="166.00" HC="1.04" NOx="4.98" PMx="0.26" fuel="5.06" electricity="0.00" noise="73.03" route="routetop" type="cfm-slow" waiting="0.00" lane="left_0" pos="2.35" speed="20.85" angle="180.26" x="-4.75" y="58.52"/>
        <vehicle id="cfm-slow_1" eclass="HBEFA3/PC_G_EU4" CO2="16782.46" CO="269.51" HC="1.64" NOx="7.33" PMx="0.39" fuel="7.21" electricity="0.00" noise="76.32" route="routetop" type="cfm-slow" waiting="0.00" lane="left_0" pos="18.94" speed="21.82" angle="150.36" x="6.86" y="25.20"/>
        <vehicle id="cfm-slow_2" eclass="HBEFA3/PC_G_EU4" CO2="23355.62" CO="407.14" HC="2.43" NOx="10.39" PMx="0.56" fuel="10.04" electricity="0.00" noise="80.48" route="routetop" type="cfm-slow" waiting="0.00" lane="left_0" pos="36.55" speed="23.59" angle="118.73" x="35.49" y="1.11"/>
        <vehicle id="cfm-slow_3" eclass="HBEFA3/PC_G_EU4" CO2="28024.46" CO="511.39" HC="3.03" NOx="12.53" PMx="0.69" fuel="12.05" electricity="0.00" noise="82.85" route="routebottom" type="cfm-slow" waiting="0.00" lane="bottom_0" pos="6.01" speed="26.19" angle="83.64" x="76.62" y="-3.71"/>
        <vehicle id="cfm-slow_4" eclass="HBEFA3/PC_G_EU4" CO2="24208.06" CO="447.97" HC="2.65" NOx="10.67" PMx="0.60" fuel="10.41" electricity="0.00" noise="80.38" route="routebottom" type="cfm-slow" waiting="0.00" lane="bottom_0" pos="28.15" speed="29.01" angle="43.82" x="116.73" y="20.18"/>
        <vehicle id="cfm-slow_5" eclass="HBEFA3/PC_G_EU4" CO2="9490.31" CO="157.68" HC="0.96" NOx="3.69" PMx="0.23" fuel="4.08" electricity="0.00" noise="75.00" route="routebottom" type="cfm-slow" waiting="0.00" lane="right_0" pos="3.11" speed="30.75" angle="358.91" x="131.93" y="70.44"/>
    </timestep>
    <timestep time="3.81">
        <vehicle id="cfm-fast_0" eclass="HBEFA3/PC_G_EU4" CO2="0.00" CO="0.00" HC="0.00" NOx="0.00" PMx="0.00" fuel="0.00" electricity="0.00" noise="72.72" route="routebottom" type="cfm-fast" waiting="0.00" lane="right_0" pos="30.51" speed="29.84" angle="309.57" x="103.11" y="119.78"/>
        <vehicle id="cfm-fast_1" eclass="HBEFA3/PC_G_EU4" CO2="130897.16" CO="2950.78" HC="16.73" NOx="60.62" PMx="3.53" fuel="56.27" electricity="0.00" noise="118.18" route="routetop" type="cfm-fast" waiting="0.00" lane="top_1" pos="14.21" speed="49.34" angle="248.92" x="35.46" y="122.57"/>
        <vehicle id="cfm-fast_2" eclass="HBEFA3/PC_G_EU4" CO2="0.00" CO="0.00" HC="0.00" NOx="0.00" PMx="0.00" fuel="0.00" electricity="0.00" noise="71.31" route="routetop" type="cfm-fast" waiting="0.00" lane="top_0" pos="3.51" speed="26.57" angle="268.20" x="56.04" y="131.85"/>
        <vehicle id="cfm-fast_3" eclass="HBEFA3/PC_G_EU4" CO2="0.00" CO="0.00" HC="0.00" NOx="0.00" PMx="0.00" fuel="0.00" electricity="0.00" noise="69.74" route="routetop" type="cfm-fast" waiting="0.00" lane="top_0" pos="21.96" speed="24.87" angle="234.95" x="20.00" y="116.57"/>
        <vehicle id="cfm-fast_4" eclass="HBEFA3/PC_G_EU4" CO2="199829.47" CO="4422.79" HC="25.16" NOx="93.10" PMx="5.36" fuel="85.90" electricity="0.00" noise="139.69" route="routetop" type="cfm-fast" waiting="0.00" lane="left_1" pos="12.25" speed="51.50" angle="162.42" x="3.15" y="39.13"/>
        <vehicle id="cfm-fast_5" eclass="HBEFA3/PC_G_EU4" CO2="7059.78" CO="69.16" HC="0.49" NOx="2.76" PMx="0.14" fuel="3.03" electricity="0.00" noise="70.54" route="routetop" type="cfm-fast" waiting="0.00" lane="top_0" pos="39.78" speed="20.95" angle="202.97" x="-1.43" y="85.38"/>
        <vehicle id="cfm-slow_0" eclass="HBEFA3/PC_G_EU4" CO2="11781.24" CO="166.39" HC="1.05" NOx="4.99" PMx="0.26" fuel="5.06" electricity="0.00" noise="73.05" route="routetop" type="cfm-slow" waiting="0.00" lane="left_0" pos="2.56" speed="20.87" angle="179.91" x="-4.72" y="58.08"/>
        <vehicle id="cfm-slow_1" eclass="HBEFA3/PC_G_EU4" CO2="16815.66" CO="270.20" HC="1.65" NOx="7.34" PMx="0.39" fuel="7.23" electricity="0.00" noise="76.34" route="routetop" type="cfm-slow" waiting="0.00" lane="left_0" pos="19.15" speed="21.84" angle="149.98" x="7.12" y="24.81"/>
        <vehicle id="cfm-slow_2" eclass="HBEFA3/PC_G_EU4" CO2="23373.14" CO="407.56" HC="2.44" NOx="10.40" PMx="0.57" fuel="10.05" electricity="0.00" noise="80.48" route="routetop" type="cfm-slow" waiting="0.00" lane="left_0" pos="36.79" speed="23.63" angle="118.29" x="35.95" y="0.90"/>
        <vehicle id="cfm-slow_3" eclass="HBEFA3/PC_G_EU4" CO2="27967.16" CO="510.36" HC="3.02" NOx="12.51" PMx="0.69" fuel="12.02" electricity="0.00" noise="82.80" route="routebottom" type="cfm-slow" waiting="0.00" lane="bottom_0" pos="6.28" speed="26.23" angle="83.17" x="77.17" y="-3.61"/>
        <vehicle id="cfm-slow_4" eclass="HBEFA3/PC_G_EU4" CO2="24040.38" CO="444.68" HC="2.63" NOx="10.59" PMx="0.60" fuel="10.33" electricity="0.00" noise="80.29" route="routebottom" type="cfm-slow" waiting="0.00" lane="bottom_0" pos="28.44" speed="29.03" angle="43.30" x="117.11" y="20.67"/>
        <vehicle id="cfm-slow_5" eclass="HBEFA3/PC_G_EU4" CO2="9293.49" CO="153.66" HC="0.94" NOx="3.60" PMx="0.22" fuel="3.99" electricity="0.00" noise="74.95" route="routebottom" type="cfm-slow" waiting="0.00" lane="right_0" pos="3.42" speed="30.75" angle="358.36" x="131.86" y="71.10"/>
    </timestep>
    <timestep time="3.82">
        <vehicle id="cfm-fast_0" eclass="HBEFA3/PC_G_EU4" CO2="0.00" CO="0.00" HC="0.00" NOx="0.00" PMx="0.00" fuel="0.00" electricity="0.00" noise="72.71" route="routebottom" type="cfm-fast" waiting="0.00" lane="right_0" pos="30.80" speed="29.83" angle="309.08" x="102.59" y="120.15"/>
        <vehicle id="cfm-fast_1" eclass="HBEFA3/PC_G_EU4" CO2="130910.37" CO="2953.16" HC="16.74" NOx="60.62" PMx="3.53" fuel="56.27" electricity="0.00" noise="118.14" route="routetop" type="cfm-fast" waiting="0.00" lane="top_1" pos="14.70" speed="49.43" angle="248.00" x="34.55" y="122.12"/>
        <vehicle id="cfm-fast_2" eclass="HBEFA3/PC_G_EU4" CO2="0.00" CO="0.00" HC="0.00" NOx="0.00" PMx="0.00" fuel="0.00" electricity="0.00" noise="71.29" route="routetop" type="cfm-fast" waiting="0.00" lane="top_0" pos="3.77" speed="26.56" angle="267.73" x="55.47" y="131.79"/>
        <vehicle id="cfm-fast_3" eclass="HBEFA3/PC_G_EU4" CO2="0.00" CO="0.00" HC="0.00" NOx="0.00" PMx="0.00" fuel="0.00" electricity="0.00" noise="69.73" route="routetop" type="cfm-fast" waiting="0.00" lane="top_0" pos="22.21" speed="24.86" angle="234.48" x="19.59" y="116.22"/>
        <vehicle id="cfm-fast_4" eclass="HBEFA3/PC_G_EU4" CO2="200406.89" CO="4438.15" HC="25.24" NOx="93.37" PMx="5.37" fuel="86.14" electricity="0.00" noise="139.76" route="routetop" type="cfm-fast" waiting="0.00" lane="left_1" pos="12.77" speed="51.64" angle="161.53" x="3.54" y="38.15"/>
        <vehicle id="cfm-fast_5" eclass="HBEFA3/PC_G_EU4" CO2="7067.96" CO="69.33" HC="0.49" NOx="2.76" PMx="0.14" fuel="3.04" electricity="0.00" noise="70.54" route="routetop" type="cfm-fast" waiting="0.00" lane="top_0" pos="39.99" speed="20.95" angle="202.58" x="-1.56" y="84.94"/>
        <vehicle id="cfm-slow_0" eclass="HBEFA3/PC_G_EU4" CO2="11800.72" CO="166.78" HC="1.05" NOx="5.00" PMx="0.26" fuel="5.07" electricity="0.00" noise="73.06" route="routetop" type="cfm-slow" waiting="0.00" lane="left_0" pos="2.76" speed="20.88" angle="179.54" x="-4.68" y="57.63"/>
        <vehicle id="cfm-slow_1" eclass="HBEFA3/PC_G_EU4" CO2="16848.96" CO="270.90" HC="1.65" NOx="7.36" PMx="0.39" fuel="7.24" electricity="0.00" noise="76.36" route="routetop" type="cfm-slow" waiting="0.00" lane="left_0" pos="19.37" speed="21.87" angle="149.60" x="7.39" y="24.42"/>
        <vehicle id="cfm-slow_2" eclass="HBEFA3/PC_G_EU4" CO2="23390.25" CO="407.98" HC="2.44" NOx="10.40" PMx="0.57" fuel="10.05" electricity="0.00" noise="80.49" route="routetop" type="cfm-slow" waiting="0.00" lane="left_0" pos="37.02" speed="23.66" angle="117.85" x="36.42" y="0.69"/>
        <vehicle id="cfm-slow_3" eclass="HBEFA3/PC_G_EU4" CO2="27909.06" CO="509.31" HC="3.01" NOx="12.48" PMx="0.69" fuel="12.00" electricity="0.00" noise="82.76" route="routebottom" type="cfm-slow" waiting="0.00" lane="bottom_0" pos="6.54" speed="26.26" angle="82.72" x="77.73" y="-3.49"/>
        <vehicle id="cfm-slow_4" eclass="HBEFA3/PC_G_EU4" CO2="23872.50" CO="441.38" HC="2.61" NOx="10.51" PMx="0.59" fuel="10.26" electricity="0.00" noise="80.21" route="routebottom" type="cfm-slow" waiting="0.00" lane="bottom_0" pos="28.73" speed="29.05" angle="42.76" x="117.50" y="21.16"/>
        <vehicle id="cfm-slow_5" eclass="HBEFA3/PC_G_EU4" CO2="9097.75" CO="149.66" HC="0.91" NOx="3.50" PMx="0.22" fuel="3.91" electricity="0.00" noise="74.91" route="routebottom" type="cfm-slow" waiting="0.00" lane="right_0" pos="3.73" speed="30.76" angle="357.81" x="131.80" y="71.76"/>
    </timestep>
    <timestep time="3.83">
        <vehicle id="cfm-fast_0" eclass="HBEFA3/PC_G_EU4" CO2="0.00" CO="0.00" HC="0.00" NOx="0.00" PMx="0.00" fuel="0.00" electricity="0.00" noise="72.69" route="routebottom" type="cfm-fast" waiting="0.00" lane="right_0" pos="31.10" speed="29.82" angle="308.54" x="102.06" y="120.51"/>
        <vehicle id="cfm-fast_1" eclass="HBEFA3/PC_G_EU4" CO2="130932.34" CO="2955.73" HC="16.76" NOx="60.63" PMx="3.54" fuel="56.28" electricity="0.00" noise="118.10" route="routetop" type="cfm-fast" waiting="0.00" lane="top_1" pos="15.20" speed="49.52" angle="247.08" x="33.64" y="121.66"/>
        <vehicle id="cfm-fast_2" eclass="HBEFA3/PC_G_EU4" CO2="0.00" CO="0.00" HC="0.00" NOx="0.00" PMx="0.00" fuel="0.00" electricity="0.00" noise="71.27" route="routetop" type="cfm-fast" waiting="0.00" lane="top_0" pos="4.04" speed="26.56" angle="267.27" x="54.90" y="131.71"/>
        <vehicle id="cfm-fast_3" eclass="HBEFA3/PC_G_EU4" CO2="0.00" CO="0.00" HC="0.00" NOx="0.00" PMx="0.00" fuel="0.00" electricity="0.00" noise="69.72" route="routetop" type="cfm-fast" waiting="0.00" lane="top_0" pos="22.46" speed="24.84" angle="234.02" x="19.18" y="115.88"/>
        <vehicle id="cfm-fast_4" eclass="HBEFA3/PC_G_EU4" CO2="200984.61" CO="4453.52" HC="25.32" NOx="93.65" PMx="5.39" fuel="86.39" electricity="0.00" noise="139.82" route="routetop" type="cfm-fast" waiting="0.00" lane="left_1" pos="13.28" speed="51.77" angle="160.61" x="3.97" y="37.18"/>
        <vehicle id="cfm-fast_5" eclass="HBEFA3/PC_G_EU4" CO2="7076.56" CO="69.51" HC="0.49" NOx="2.77" PMx="0.14" fuel="3.04" electricity="0.00" noise="70.55" route="routetop" type="cfm-fast" waiting="0.00" lane="top_0" pos="40.20" speed="20.96" angle="202.18" x="-1.69" y="84.51"/>
        <vehicle id="cfm-slow_0" eclass="HBEFA3/PC_G_EU4" CO2="11820.55" CO="167.19" HC="1.05" NOx="5.01" PMx="0.26" fuel="5.08" electricity="0.00" noise="73.08" route="routetop" type="cfm-slow" waiting="0.00" lane="left_0" pos="2.97" speed="20.90" angle="179.16" x="-4.63" y="57.18"/>
        <vehicle id="cfm-slow_1" eclass="HBEFA3/PC_G_EU4" CO2="16882.34" CO="271.60" HC="1.65" NOx="7.37" PMx="0.39" fuel="7.26" electricity="0.00" noise="76.38" route="routetop" type="cfm-slow" waiting="0.00" lane="left_0" pos="19.59" speed="21.89" angle="149.20" x="7.66" y="24.04"/>
        <vehicle id="cfm-slow_2" eclass="HBEFA3/PC_G_EU4" CO2="23406.93" CO="408.39" HC="2.44" NOx="10.41" PMx="0.57" fuel="10.06" electricity="0.00" noise="80.49" route="routetop" type="cfm-slow" waiting="0.00" lane="left_0" pos="37.26" speed="23.69" angle="117.48" x="36.88" y="0.49"/>
        <vehicle id="cfm-slow_3" eclass="HBEFA3/PC_G_EU4" CO2="27850.17" CO="508.24" HC="3.01" NOx="12.45" PMx="0.69" fuel="11.97" electricity="0.00" noise="82.72" route="routebottom" type="cfm-slow" waiting="0.00" lane="bottom_0" pos="6.80" speed="26.30" angle="82.22" x="78.28" y="-3.36"/>
        <vehicle id="cfm-slow_4" eclass="HBEFA3/PC_G_EU4" CO2="23704.45" CO="438.08" HC="2.59" NOx="10.43" PMx="0.59" fuel="10.19" electricity="0.00" noise="80.12" route="routebottom" type="cfm-slow" waiting="0.00" lane="bottom_0" pos="29.02" speed="29.08" angle="42.22" x="117.89" y="21.65"/>
        <vehicle id="cfm-slow_5" eclass="HBEFA3/PC_G_EU4" CO2="8903.10" CO="145.68" HC="0.89" NOx="3.41" PMx="0.21" fuel="3.83" electricity="0.00" noise="74.86" route="routebottom" type="cfm-slow" waiting="0.00" lane="right_0" pos="4.03" speed="30.76" angle="357.27" x="131.71" y="72.42"/>
    </timestep>
    <timestep time="3.84">
        <vehicle id="cfm-fast_0" eclass="HBEFA3/PC_G_EU4" CO2="0.00" CO="0.00" HC="0.00" NOx="0.00" PMx="0.00" fuel="0.00" electricity="0.00" noise="72.67" route="routebottom" type="cfm-fast" waiting="0.00" lane="right_0" pos="31.40" speed="29.81" angle="308.01" x="101.52" y="120.87"/>
        <vehicle id="cfm-fast_1" eclass="HBEFA3/PC_G_EU4" CO2="130962.99" CO="2958.48" HC="16.77" NOx="60.64" PMx="3.54" fuel="56.29" electricity="0.00" noise="118.06" route="routetop" type="cfm-fast" waiting="0.00" lane="top_1" pos="15.69" speed="49.61" angle="246.26" x="32.75" y="121.18"/>
        <vehicle id="cfm-fast_2" eclass="HBEFA3/PC_G_EU4" CO2="0.00" CO="0.00" HC="0.00" NOx="0.00" PMx="0.00" fuel="0.00" electricity="0.00" noise="71.25" route="routetop" type="cfm-fast" waiting="0.00" lane="top_0" pos="4.31" speed="26.55" angle="266.79" x="54.34" y="131.63"/>
        <vehicle id="cfm-fast_3" eclass="HBEFA3/PC_G_EU4" CO2="0.00" CO="0.00" HC="0.00" NOx="0.00" PMx="0.00" fuel="0.00" electricity="0.00" noise="69.71" route="routetop" type="cfm-fast" waiting="0.00" lane="top_0" pos="22.70" speed="24.82" angle="233.55" x="18.77" y="115.54"/>
        <vehicle id="cfm-fast_4" eclass="HBEFA3/PC_G_EU4" CO2="201562.62" CO="4468.92" HC="25.41" NOx="93.92" PMx="5.41" fuel="86.64" electricity="0.00" noise="139.89" route="routetop" type="cfm-fast" waiting="0.00" lane="left_1" pos="13.80" speed="51.91" angle="159.66" x="4.40" y="36.21"/>
        <vehicle id="cfm-fast_5" eclass="HBEFA3/PC_G_EU4" CO2="7085.60" CO="69.69" HC="0.49" NOx="2.77" PMx="0.14" fuel="3.05" electricity="0.00" noise="70.56" route="routetop" type="cfm-fast" waiting="0.00" lane="top_0" pos="40.41" speed="20.97" angle="201.79" x="-1.83" y="84.08"/>
        <vehicle id="cfm-slow_0" eclass="HBEFA3/PC_G_EU4" CO2="11840.73" CO="167.60" HC="1.05" NOx="5.02" PMx="0.26" fuel="5.09" electricity="0.00" noise="73.09" route="routetop" type="cfm-slow" waiting="0.00" lane="left_0" pos="3.18" speed="20.91" angle="178.79" x="-4.59" y="56.73"/>
        <vehicle id="cfm-slow_1" eclass="HBEFA3/PC_G_EU4" CO2="16915.81" CO="272.31" HC="1.66" NOx="7.39" PMx="0.39" fuel="7.27" electricity="0.00" noise="76.40" route="routetop" type="cfm-slow" waiting="0.00" lane="left_0" pos="19.81" speed="21.91" angle="148.79" x="7.94" y="23.66"/>
        <vehicle id="cfm-slow_2" eclass="HBEFA3/PC_G_EU4" CO2="23423.19" CO="408.79" HC="2.44" NOx="10.42" PMx="0.57" fuel="10.07" electricity="0.00" noise="80.49" route="routetop" type="cfm-slow" waiting="0.00" lane="left_0" pos="37.50" speed="23.72" angle="117.05" x="37.36" y="0.30"/>
        <vehicle id="cfm-slow_3" eclass="HBEFA3/PC_G_EU4" CO2="27790.47" CO="507.16" HC="3.00" NOx="12.42" PMx="0.69" fuel="11.95" electricity="0.00" noise="82.67" route="routebottom" type="cfm-slow" waiting="0.00" lane="bottom_0" pos="7.06" speed="26.33" angle="81.71" x="78.83" y="-3.24"/>
        <vehicle id="cfm-slow_4" eclass="HBEFA3/PC_G_EU4" CO2="23536.23" CO="434.77" HC="2.57" NOx="10.35" PMx="0.59" fuel="10.12" electricity="0.00" noise="80.04" route="routebottom" type="cfm-slow" waiting="0.00" lane="bottom_0" pos="29.32" speed="29.10" angle="41.68" x="118.27" y="22.15"/>
        <vehicle id="cfm-slow_5" eclass="HBEFA3/PC_G_EU4" CO2="8709.54" CO="141.73" HC="0.87" NOx="3.32" PMx="0.21" fuel="3.74" electricity="0.00" noise="74.82" route="routebottom" type="cfm-slow" waiting="0.00" lane="right_0" pos="4.34" speed="30.77" angle="356.72" x="131.62" y="73.07"/>
    </timestep>
    <timestep time="3.85">
        <vehicle id="cfm-fast_0" eclass="HBEFA3/PC_G_EU4" CO2="0.00" CO="0.00" HC="0.00" NOx="0.00" PMx="0.00" fuel="0.00" electricity="0.00" noise="72.65" route="routebottom" type="cfm-fast" waiting="0.00" lane="right_0" pos="31.70" speed="29.80" angle="307.47" x="100.99" y="121.22"/>
        <vehicle id="cfm-fast_1" eclass="HBEFA3/PC_G_EU4" CO2="131002.23" CO="2961.41" HC="16.79" NOx="60.66" PMx="3.54" fuel="56.31" electricity="0.00" noise="118.03" route="routetop" type="cfm-fast" waiting="0.00" lane="top_1" pos="16.19" speed="49.70" angle="245.36" x="31.86" y="120.69"/>
        <vehicle id="cfm-fast_2" eclass="HBEFA3/PC_G_EU4" CO2="0.00" CO="0.00" HC="0.00" NOx="0.00" PMx="0.00" fuel="0.00" electricity="0.00" noise="71.23" route="routetop" type="cfm-fast" waiting="0.00" lane="top_0" pos="4.57" speed="26.54" angle="266.31" x="53.77" y="131.55"/>
        <vehicle id="cfm-fast_3" eclass="HBEFA3/PC_G_EU4" CO2="0.00" CO="0.00" HC="0.00" NOx="0.00" PMx="0.00" fuel="0.00" electricity="0.00" noise="69.70" route="routetop" type="cfm-fast" waiting="0.00" lane="top_0" pos="22.95" speed="24.80" angle="233.10" x="18.36" y="115.19"/>
        <vehicle id="cfm-fast_4" eclass="HBEFA3/PC_G_EU4" CO2="202140.92" CO="4484.34" HC="25.49" NOx="94.19" PMx="5.42" fuel="86.89" electricity="0.00" noise="139.96" route="routetop" type="cfm-fast" waiting="0.00" lane="left_1" pos="14.32" speed="52.05" angle="158.76" x="4.86" y="35.24"/>
        <vehicle id="cfm-fast_5" eclass="HBEFA3/PC_G_EU4" CO2="7095.06" CO="69.89" HC="0.49" NOx="2.78" PMx="0.14" fuel="3.05" electricity="0.00" noise="70.56" route="routetop" type="cfm-fast" waiting="0.00" lane="top_0" pos="40.62" speed="20.97" angle="201.40" x="-1.96" y="83.65"/>
        <vehicle id="cfm-slow_0" eclass="HBEFA3/PC_G_EU4" CO2="11861.26" CO="168.02" HC="1.06" NOx="5.03" PMx="0.26" fuel="5.10" electricity="0.00" noise="73.10" route="routetop" type="cfm-slow" waiting="0.00" lane="left_0" pos="3.39" speed="20.93" angle="178.41" x="-4.54" y="56.29"/>
        <vehicle id="cfm-slow_1" eclass="HBEFA3/PC_G_EU4" CO2="16949.36" CO="273.01" HC="1.66" NOx="7.40" PMx="0.39" fuel="7.29" electricity="0.00" noise="76.42" route="routetop" type="cfm-slow" waiting="0.00" lane="left_0" pos="20.03" speed="21.94" angle="148.39" x="8.22" y="23.27"/>
        <vehicle id="cfm-slow_2" eclass="HBEFA3/PC_G_EU4" CO2="23439.01" CO="409.19" HC="2.44" NOx="10.43" PMx="0.57" fuel="10.08" electricity="0.00" noise="80.50" route="routetop" type="cfm-slow" waiting="0.00" lane="left_0" pos="37.73" speed="23.75" angle="116.61" x="37.83" y="0.11"/>
        <vehicle id="cfm-slow_3" eclass="HBEFA3/PC_G_EU4" CO2="27729.99" CO="506.06" HC="3.00" NOx="12.39" PMx="0.69" fuel="11.92" electricity="0.00" noise="82.63" route="routebottom" type="cfm-slow" waiting="0.00" lane="bottom_0" pos="7.33" speed="26.36" angle="81.21" x="79.38" y="-3.11"/>
        <vehicle id="cfm-slow_4" eclass="HBEFA3/PC_G_EU4" CO2="23367.86" CO="431.46" HC="2.55" NOx="10.27" PMx="0.58" fuel="10.04" electricity="0.00" noise="79.96" route="routebottom" type="cfm-slow" waiting="0.00" lane="bottom_0" pos="29.61" speed="29.13" angle="41.21" x="118.65" y="22.64"/>
        <vehicle id="cfm-slow_5" eclass="HBEFA3/PC_G_EU4" CO2="8517.07" CO="137.79" HC="0.85" NOx="3.23" PMx="0.20" fuel="3.66" electricity="0.00" noise="74.77" route="routebottom" type="cfm-slow" waiting="0.00" lane="right_0" pos="4.65" speed="30.77" angle="356.16" x="131.52" y="73.73"/>
    </timestep>
    <timestep time="3.86">
        <vehicle id="cfm-fast_0" eclass="HBEFA3/PC_G_EU4" CO2="0.00" CO="0.00" HC="0.00" NOx="0.00" PMx="0.00" fuel="0.00" electricity="0.00" noise="72.64" route="routebottom" type="cfm-fast" waiting="0.00" lane="right_0" pos="32.00" speed="29.79" angle="306.97" x="100.46" y="121.58"/>
        <vehicle id="cfm-fast_1" eclass="HBEFA3/PC_G_EU4" CO2="131049.98" CO="2964.52" HC="16.80" NOx="60.68" PMx="3.54" fuel="56.33" electricity="0.00" noise="118.00" route="routetop" type="cfm-fast" waiting="0.00" lane="top_1" pos="16.69" speed="49.79" angle="244.51" x="30.96" y="120.19"/>
        <vehicle id="cfm-fast_2" eclass="HBEFA3/PC_G_EU4" CO2="0.00" CO="0.00" HC="0.00" NOx="0.00" PMx="0.00" fuel="0.00" electricity="0.00" noise="71.21" route="routetop" type="cfm-fast" waiting="0.00" lane="top_0" pos="4.84" speed="26.53" angle="265.83" x="53.21" y="131.47"/>
        <vehicle id="cfm-fast_3" eclass="HBEFA3/PC_G_EU4" CO2="0.00" CO="0.00" HC="0.00" NOx="0.00" PMx="0.00" fuel="0.00" electricity="0.00" noise="69.70" route="routetop" type="cfm-fast" waiting="0.00" lane="top_0" pos="23.20" speed="24.78" angle="232.72" x="17.96" y="114.84"/>
        <vehicle id="cfm-fast_4" eclass="HBEFA3/PC_G_EU4" CO2="202719.51" CO="4499.78" HC="25.58" NOx="94.46" PMx="5.44" fuel="87.14" electricity="0.00" noise="140.02" route="routetop" type="cfm-fast" waiting="0.00" lane="left_1" pos="14.85" speed="52.18" angle="157.79" x="5.34" y="34.29"/>
        <vehicle id="cfm-fast_5" eclass="HBEFA3/PC_G_EU4" CO2="7104.94" CO="70.09" HC="0.49" NOx="2.78" PMx="0.14" fuel="3.05" electricity="0.00" noise="70.57" route="routetop" type="cfm-fast" waiting="0.00" lane="top_0" pos="40.83" speed="20.98" angle="201.01" x="-2.09" y="83.22"/>
        <vehicle id="cfm-slow_0" eclass="HBEFA3/PC_G_EU4" CO2="11882.14" CO="168.45" HC="1.06" NOx="5.04" PMx="0.26" fuel="5.11" electricity="0.00" noise="73.12" route="routetop" type="cfm-slow" waiting="0.00" lane="left_0" pos="3.60" speed="20.94" angle="178.04" x="-4.50" y="55.84"/>
        <vehicle id="cfm-slow_1" eclass="HBEFA3/PC_G_EU4" CO2="16982.97" CO="273.72" HC="1.67" NOx="7.42" PMx="0.40" fuel="7.30" electricity="0.00" noise="76.45" route="routetop" type="cfm-slow" waiting="0.00" lane="left_0" pos="20.25" speed="21.96" angle="147.98" x="8.49" y="22.89"/>
        <vehicle id="cfm-slow_2" eclass="HBEFA3/PC_G_EU4" CO2="23454.40" CO="409.57" HC="2.45" NOx="10.43" PMx="0.57" fuel="10.08" electricity="0.00" noise="80.50" route="routetop" type="cfm-slow" waiting="0.00" lane="left_0" pos="37.97" speed="23.78" angle="116.17" x="38.31" y="-0.08"/>
        <vehicle id="cfm-slow_3" eclass="HBEFA3/PC_G_EU4" CO2="27668.71" CO="504.94" HC="2.99" NOx="12.36" PMx="0.68" fuel="11.89" electricity="0.00" noise="82.59" route="routebottom" type="cfm-slow" waiting="0.00" lane="bottom_0" pos="7.59" speed="26.40" angle="80.74" x="79.94" y="-2.98"/>
        <vehicle id="cfm-slow_4" eclass="HBEFA3/PC_G_EU4" CO2="23199.33" CO="428.15" HC="2.53" NOx="10.19" PMx="0.58" fuel="9.97" electricity="0.00" noise="79.87" route="routebottom" type="cfm-slow" waiting="0.00" lane="bottom_0" pos="29.90" speed="29.15" angle="40.68" x="119.02" y="23.15"/>
        <vehicle id="cfm-slow_5" eclass="HBEFA3/PC_G_EU4" CO2="8325.68" CO="133.87" HC="0.82" NOx="3.14" PMx="0.20" fuel="3.58" electricity="0.00" noise="74.73" route="routebottom" type="cfm-slow" waiting="0.00" lane="right_0" pos="4.96" speed="30.77" angle="355.60" x="131.43" y="74.38"/>
    </timestep>
    <timestep time="3.87">
        <vehicle id="cfm-fast_0" eclass="HBEFA3/PC_G_EU4" CO2="0.00" CO="0.00" HC="0.00" NOx="0.00" PMx="0.00" fuel="0.00" electricity="0.00" noise="72.62" route="routebottom" type="cfm-fast" waiting="0.00" lane="right_0" pos="32.29" speed="29.78" angle="306.44" x="99.91" y="121.92"/>
        <vehicle id="cfm-fast_1" eclass="HBEFA3/PC_G_EU4" CO2="131106.16" CO="2967.81" HC="16.82" NOx="60.70" PMx="3.54" fuel="56.36" electricity="0.00" noise="117.97" route="routetop" type="cfm-fast" waiting="0.00" lane="top_1" pos="17.19" speed="49.88" angle="243.59" x="30.09" y="119.67"/>
        <vehicle id="cfm-fast_2" eclass="HBEFA3/PC_G_EU4" CO2="0.00" CO="0.00" HC="0.00" NOx="0.00" PMx="0.00" fuel="0.00" electricity="0.00" noise="71.19" route="routetop" type="cfm-fast" waiting="0.00" lane="top_0" pos="5.10" speed="26.52" angle="265.31" x="52.64" y="131.39"/>
        <vehicle id="cfm-fast_3" eclass="HBEFA3/PC_G_EU4" CO2="0.00" CO="0.00" HC="0.00" NOx="0.00" PMx="0.00" fuel="0.00" electricity="0.00" noise="69.69" route="routetop" type="cfm-fast" waiting="0.00" lane="top_0" pos="23.45" speed="24.77" angle="232.27" x="17.57" y="114.48"/>
        <vehicle id="cfm-fast_4" eclass="HBEFA3/PC_G_EU4" CO2="203298.39" CO="4515.24" HC="25.66" NOx="94.73" PMx="5.46" fuel="87.39" electricity="0.00" noise="140.09" route="routetop" type="cfm-fast" waiting="0.00" lane="left_1" pos="15.37" speed="52.32" angle="156.88" x="5.82" y="33.33"/>
        <vehicle id="cfm-fast_5" eclass="HBEFA3/PC_G_EU4" CO2="7115.24" CO="70.30" HC="0.49" NOx="2.79" PMx="0.14" fuel="3.06" electricity="0.00" noise="70.58" route="routetop" type="cfm-fast" waiting="0.00" lane="top_0" pos="41.04" speed="20.99" angle="200.67" x="-2.23" y="82.79"/>
        <vehicle id="cfm-slow_0" eclass="HBEFA3/PC_G_EU4" CO2="11903.35" CO="168.88" HC="1.06" NOx="5.05" PMx="0.26" fuel="5.12" electricity="0.00" noise="73.13" route="routetop" type="cfm-slow" waiting="0.00" lane="left_0" pos="3.81" speed="20.96" angle="177.68" x="-4.45" y="55.39"/>
        <vehicle id="cfm-slow_1" eclass="HBEFA3/PC_G_EU4" CO2="17016.65" CO="274.43" HC="1.67" NOx="7.44" PMx="0.40" fuel="7.31" electricity="0.00" noise="76.47" route="routetop" type="cfm-slow" waiting="0.00" lane="left_0" pos="20.47" speed="21.98" angle="147.62" x="8.77" y="22.51"/>
        <vehicle id="cfm-slow_2" eclass="HBEFA3/PC_G_EU4" CO2="23469.34" CO="409.95" HC="2.45" NOx="10.44" PMx="0.57" fuel="10.09" electricity="0.00" noise="80.50" route="routetop" type="cfm-slow" waiting="0.00" lane="left_0" pos="38.21" speed="23.81" angle="115.73" x="38.78" y="-0.27"/>
        <vehicle id="cfm-slow_3" eclass="HBEFA3/PC_G_EU4" CO2="27606.64" CO="503.81" HC="2.98" NOx="12.33" PMx="0.68" fuel="11.87" electricity="0.00" noise="82.54" route="routebottom" type="cfm-slow" waiting="0.00" lane="bottom_0" pos="7.86" speed="26.43" angle="80.28" x="80.49" y="-2.84"/>
        <vehicle id="cfm-slow_4" eclass="HBEFA3/PC_G_EU4" CO2="23030.67" CO="424.83" HC="2.51" NOx="10.11" PMx="0.57" fuel="9.90" electricity="0.00" noise="79.79" route="routebottom" type="cfm-slow" waiting="0.00" lane="bottom_0" pos="30.19" speed="29.17" angle="40.14" x="119.39" y="23.66"/>
        <vehicle id="cfm-slow_5" eclass="HBEFA3/PC_G_EU4" CO2="8135.39" CO="129.97" HC="0.80" NOx="3.05" PMx="0.19" fuel="3.50" electricity="0.00" noise="74.69" route="routebottom" type="cfm-slow" waiting="0.00" lane="right_0" pos="5.26" speed="30.77" angle="354.99" x="131.32" y="75.03"/>
    </timestep>
    <timestep time="3.88">
        <vehicle id="cfm-fast_0" eclass="HBEFA3/PC_G_EU4" CO2="0.00" CO="0.00" HC="0.00" NOx="0.00" PMx="0.00" fuel="0.00" electricity="0.00" noise="72.60" route="routebottom" type="cfm-fast" waiting="0.00" lane="right_0" pos="32.59" speed="29.76" angle="305.88" x="99.36" y="122.24"/>
        <vehicle id="cfm-fast_1" eclass="HBEFA3/PC_G_EU4" CO2="131170.68" CO="2971.27" HC="16.84" NOx="60.73" PMx="3.55" fuel="56.38" electricity="0.00" noise="117.95" route="routetop" type="cfm-fast" waiting="0.00" lane="top_1" pos="17.68" speed="49.97" angle="242.68" x="29.21" y="119.14"/>
        <vehicle id="cfm-fast_2" eclass="HBEFA3/PC_G_EU4" CO2="0.00" CO="0.00" HC="0.00" NOx="0.00" PMx="0.00" fuel="0.00" electricity="0.00" noise="71.17" route="routetop" type="cfm-fast" waiting="0.00" lane="top_0" pos="5.37" speed="26.51" angle="264.81" x="52.08" y="131.28"/>
        <vehicle id="cfm-fast_3" eclass="HBEFA3/PC_G_EU4" CO2="0.00" CO="0.00" HC="0.00" NOx="0.00" PMx="0.00" fuel="0.00" electricity="0.00" noise="69.68" route="routetop" type="cfm-fast" waiting="0.00" lane="top_0" pos="23.70" speed="24.75" angle="231.83" x="17.18" y="114.11"/>
        <vehicle id="cfm-fast_4" eclass="HBEFA3/PC_G_EU4" CO2="203877.57" CO="4530.73" HC="25.75" NOx="95.00" PMx="5.47" fuel="87.64" electricity="0.00" noise="140.15" route="routetop" type="cfm-fast" waiting="0.00" lane="left_1" pos="15.89" speed="52.46" angle="155.92" x="6.34" y="32.38"/>
        <vehicle id="cfm-fast_5" eclass="HBEFA3/PC_G_EU4" CO2="7125.96" CO="70.52" HC="0.49" NOx="2.79" PMx="0.14" fuel="3.06" electricity="0.00" noise="70.59" route="routetop" type="cfm-fast" waiting="0.00" lane="top_0" pos="41.25" speed="21.00" angle="200.29" x="-2.34" y="82.35"/>
        <vehicle id="cfm-slow_0" eclass="HBEFA3/PC_G_EU4" CO2="11924.90" CO="169.32" HC="1.06" NOx="5.06" PMx="0.26" fuel="5.13" electricity="0.00" noise="73.15" route="routetop" type="cfm-slow" waiting="0.00" lane="left_0" pos="4.02" speed="20.98" angle="177.30" x="-4.39" y="54.94"/>
        <vehicle id="cfm-slow_1" eclass="HBEFA3/PC_G_EU4" CO2="17050.39" CO="275.14" HC="1.67" NOx="7.45" PMx="0.40" fuel="7.33" electricity="0.00" noise="76.49" route="routetop" type="cfm-slow" waiting="0.00" lane="left_0" pos="20.69" speed="22.01" angle="147.23" x="9.06" y="22.13"/>
        <vehicle id="cfm-slow_2" eclass="HBEFA3/PC_G_EU4" CO2="23483.84" CO="410.32" HC="2.45" NOx="10.44" PMx="0.57" fuel="10.09" electricity="0.00" noise="80.51" route="routetop" type="cfm-slow" waiting="0.00" lane="left_0" pos="38.45" speed="23.85" angle="115.34" x="39.26" y="-0.46"/>
        <vehicle id="cfm-slow_3" eclass="HBEFA3/PC_G_EU4" CO2="27543.79" CO="502.66" HC="2.98" NOx="12.30" PMx="0.68" fuel="11.84" electricity="0.00" noise="82.50" route="routebottom" type="cfm-slow" waiting="0.00" lane="bottom_0" pos="8.12" speed="26.46" angle="79.80" x="81.04" y="-2.70"/>
        <vehicle id="cfm-slow_4" eclass="HBEFA3/PC_G_EU4" CO2="22861.88" CO="421.51" HC="2.49" NOx="10.03" PMx="0.57" fuel="9.83" electricity="0.00" noise="79.71" route="routebottom" type="cfm-slow" waiting="0.00" lane="bottom_0" pos="30.48" speed="29.19" angle="39.61" x="119.75" y="24.17"/>
        <vehicle id="cfm-slow_5" eclass="HBEFA3/PC_G_EU4" CO2="7946.20" CO="126.10" HC="0.78" NOx="2.96" PMx="0.19" fuel="3.42" electricity="0.00" noise="74.65" route="routebottom" type="cfm-slow" waiting="0.00" lane="right_0" pos="5.57" speed="30.78" angle="354.42" x="131.20" y="75.69"/>
    </timestep>
    <timestep time="3.89">
        <vehicle id="cfm-fast_0" eclass="HBEFA3/PC_G_EU4" CO2="0.00" CO="0.00" HC="0.00" NOx="0.00" PMx="0.00" fuel="0.00" electricity="0.00" noise="72.58" route="routebottom" type="cfm-fast" waiting="0.00" lane="right_0" pos="32.89" speed="29.75" angle="305.31" x="98.81" y="122.57"/>
        <vehicle id="cfm-fast_1" eclass="HBEFA3/PC_G_EU4" CO2="131243.48" CO="2974.90" HC="16.85" NOx="60.77" PMx="3.55" fuel="56.41" electricity="0.00" noise="117.93" route="routetop" type="cfm-fast" waiting="0.00" lane="top_1" pos="18.19" speed="50.05" angle="241.81" x="28.34" y="118.60"/>
        <vehicle id="cfm-fast_2" eclass="HBEFA3/PC_G_EU4" CO2="0.00" CO="0.00" HC="0.00" NOx="0.00" PMx="0.00" fuel="0.00" electricity="0.00" noise="71.15" route="routetop" type="cfm-fast" waiting="0.00" lane="top_0" pos="5.63" speed="26.51" angle="264.32" x="51.52" y="131.18"/>
        <vehicle id="cfm-fast_3" eclass="HBEFA3/PC_G_EU4" CO2="0.00" CO="0.00" HC="0.00" NOx="0.00" PMx="0.00" fuel="0.00" electricity="0.00" noise="69.67" route="routetop" type="cfm-fast" waiting="0.00" lane="top_0" pos="23.94" speed="24.73" angle="231.38" x="16.79" y="113.75"/>
        <vehicle id="cfm-fast_4" eclass="HBEFA3/PC_G_EU4" CO2="204457.04" CO="4546.23" HC="25.84" NOx="95.27" PMx="5.49" fuel="87.89" electricity="0.00" noise="140.22" route="routetop" type="cfm-fast" waiting="0.00" lane="left_1" pos="16.42" speed="52.59" angle="154.95" x="6.86" y="31.44"/>
        <vehicle id="cfm-fast_5" eclass="HBEFA3/PC_G_EU4" CO2="7137.08" CO="70.75" HC="0.50" NOx="2.80" PMx="0.14" fuel="3.07" electricity="0.00" noise="70.59" route="routetop" type="cfm-fast" waiting="0.00" lane="top_0" pos="41.46" speed="21.00" angle="199.90" x="-2.46" y="81.92"/>
        <vehicle id="cfm-slow_0" eclass="HBEFA3/PC_G_EU4" CO2="11946.77" CO="169.77" HC="1.07" NOx="5.07" PMx="0.26" fuel="5.14" electricity="0.00" noise="73.17" route="routetop" type="cfm-slow" waiting="0.00" lane="left_0" pos="4.23" speed="20.99" angle="176.92" x="-4.33" y="54.49"/>
        <vehicle id="cfm-slow_1" eclass="HBEFA3/PC_G_EU4" CO2="17084.18" CO="275.85" HC="1.68" NOx="7.47" PMx="0.40" fuel="7.34" electricity="0.00" noise="76.51" route="routetop" type="cfm-slow" waiting="0.00" lane="left_0" pos="20.91" speed="22.03" angle="146.82" x="9.35" y="21.76"/>
        <vehicle id="cfm-slow_2" eclass="HBEFA3/PC_G_EU4" CO2="23497.88" CO="410.68" HC="2.45" NOx="10.45" PMx="0.57" fuel="10.10" electricity="0.00" noise="80.51" route="routetop" type="cfm-slow" waiting="0.00" lane="left_0" pos="38.69" speed="23.88" angle="114.91" x="39.74" y="-0.64"/>
        <vehicle id="cfm-slow_3" eclass="HBEFA3/PC_G_EU4" CO2="27480.15" CO="501.50" HC="2.97" NOx="12.27" PMx="0.68" fuel="11.81" electricity="0.00" noise="82.45" route="routebottom" type="cfm-slow" waiting="0.00" lane="bottom_0" pos="8.39" speed="26.50" angle="79.31" x="81.59" y="-2.55"/>
        <vehicle id="cfm-slow_4" eclass="HBEFA3/PC_G_EU4" CO2="22692.97" CO="418.18" HC="2.47" NOx="9.95" PMx="0.56" fuel="9.75" electricity="0.00" noise="79.63" route="routebottom" type="cfm-slow" waiting="0.00" lane="bottom_0" pos="30.77" speed="29.22" angle="39.13" x="120.12" y="24.68"/>
        <vehicle id="cfm-slow_5" eclass="HBEFA3/PC_G_EU4" CO2="7758.09" CO="122.24" HC="0.76" NOx="2.87" PMx="0.18" fuel="3.33" electricity="0.00" noise="74.60" route="routebottom" type="cfm-slow" waiting="0.00" lane="right_0" pos="5.88" speed="30.78" angle="353.84" x="131.08" y="76.34"/>
    </timestep>
    <timestep time="3.90">
        <vehicle id="cfm-fast_0" eclass="HBEFA3/PC_G_EU4" CO2="0.00" CO="0.00" HC="0.00" NOx="0.00" PMx="0.00" fuel="0.00" electricity="0.00" noise="72.57" route="routebottom" type="cfm-fast" waiting="0.00" lane="right_0" pos="33.19" speed="29.74" angle="304.75" x="98.26" y="122.90"/>
        <vehicle id="cfm-fast_1" eclass="HBEFA3/PC_G_EU4" CO2="131324.46" CO="2978.70" HC="16.87" NOx="60.80" PMx="3.55" fuel="56.45" electricity="0.00" noise="117.91" route="routetop" type="cfm-fast" waiting="0.00" lane="top_1" pos="18.69" speed="50.14" angle="240.85" x="27.48" y="118.03"/>
        <vehicle id="cfm-fast_2" eclass="HBEFA3/PC_G_EU4" CO2="0.00" CO="0.00" HC="0.00" NOx="0.00" PMx="0.00" fuel="0.00" electricity="0.00" noise="71.14" route="routetop" type="cfm-fast" waiting="0.00" lane="top_0" pos="5.90" speed="26.50" angle="263.82" x="50.96" y="131.08"/>
        <vehicle id="cfm-fast_3" eclass="HBEFA3/PC_G_EU4" CO2="0.00" CO="0.00" HC="0.00" NOx="0.00" PMx="0.00" fuel="0.00" electricity="0.00" noise="69.66" route="routetop" type="cfm-fast" waiting="0.00" lane="top_0" pos="24.19" speed="24.71" angle="230.94" x="16.40" y="113.39"/>
        <vehicle id="cfm-fast_4" eclass="HBEFA3/PC_G_EU4" CO2="205036.80" CO="4561.76" HC="25.92" NOx="95.54" PMx="5.51" fuel="88.13" electricity="0.00" noise="140.28" route="routetop" type="cfm-fast" waiting="0.00" lane="left_1" pos="16.95" speed="52.73" angle="154.02" x="7.40" y="30.51"/>
        <vehicle id="cfm-fast_5" eclass="HBEFA3/PC_G_EU4" CO2="7148.62" CO="70.98" HC="0.50" NOx="2.80" PMx="0.14" fuel="3.07" electricity="0.00" noise="70.60" route="routetop" type="cfm-fast" waiting="0.00" lane="top_0" pos="41.67" speed="21.01" angle="199.51" x="-2.58" y="81.48"/>
        <vehicle id="cfm-slow_0" eclass="HBEFA3/PC_G_EU4" CO2="11968.97" CO="170.23" HC="1.07" NOx="5.08" PMx="0.26" fuel="5.14" electricity="0.00" noise="73.18" route="routetop" type="cfm-slow" waiting="0.00" lane="left_0" pos="4.44" speed="21.01" angle="176.54" x="-4.26" y="54.05"/>
        <vehicle id="cfm-slow_1" eclass="HBEFA3/PC_G_EU4" CO2="17118.01" CO="276.57" HC="1.68" NOx="7.48" PMx="0.40" fuel="7.36" electricity="0.00" noise="76.53" route="routetop" type="cfm-slow" waiting="0.00" lane="left_0" pos="21.13" speed="22.05" angle="146.42" x="9.64" y="21.39"/>
        <vehicle id="cfm-slow_2" eclass="HBEFA3/PC_G_EU4" CO2="23511.47" CO="411.03" HC="2.46" NOx="10.46" PMx="0.57" fuel="10.11" electricity="0.00" noise="80.51" route="routetop" type="cfm-slow" waiting="0.00" lane="left_0" pos="38.93" speed="23.91" angle="114.47" x="40.23" y="-0.81"/>
        <vehicle id="cfm-slow_3" eclass="HBEFA3/PC_G_EU4" CO2="27415.74" CO="500.32" HC="2.96" NOx="12.24" PMx="0.68" fuel="11.78" electricity="0.00" noise="82.41" route="routebottom" type="cfm-slow" waiting="0.00" lane="bottom_0" pos="8.65" speed="26.53" angle="78.82" x="82.14" y="-2.40"/>
        <vehicle id="cfm-slow_4" eclass="HBEFA3/PC_G_EU4" CO2="22523.96" CO="414.85" HC="2.45" NOx="9.87" PMx="0.56" fuel="9.68" electricity="0.00" noise="79.55" route="routebottom" type="cfm-slow" waiting="0.00" lane="bottom_0" pos="31.07" speed="29.24" angle="38.60" x="120.47" y="25.20"/>
        <vehicle id="cfm-slow_5" eclass="HBEFA3/PC_G_EU4" CO2="7571.08" CO="118.41" HC="0.73" NOx="2.78" PMx="0.18" fuel="3.25" electricity="0.00" noise="74.56" route="routebottom" type="cfm-slow" waiting="0.00" lane="right_0" pos="6.19" speed="30.78" angle="353.27" x="130.96" y="76.99"/>
    </timestep>
    <timestep time="3.91">
        <vehicle id="cfm-fast_0" eclass="HBEFA3/PC_G_EU4" CO2="0.00" CO="0.00" HC="0.00" NOx="0.00" PMx="0.00" fuel="0.00" electricity="0.00" noise="72.55" route="routebottom" type="cfm-fast" waiting="0.00" lane="right_0" pos="33.48" speed="29.73" angle="304.26" x="97.71" y="123.22"/>
        <vehicle id="cfm-fast_1" eclass="HBEFA3/PC_G_EU4" CO2="131413.55" CO="2982.68" HC="16.89" NOx="60.84" PMx="3.56" fuel="56.49" electricity="0.00" noise="117.89" route="routetop" type="cfm-fast" waiting="0.00" lane="top_1" pos="19.19" speed="50.23" angle="239.94" x="26.63" y="117.45"/>
        <vehicle id="cfm-fast_2" eclass="HBEFA3/PC_G_EU4" CO2="0.00" CO="0.00" HC="0.00" NOx="0.00" PMx="0.00" fuel="0.00" electricity="0.00" noise="71.12" route="routetop" type="cfm-fast" waiting="0.00" lane="top_0" pos="6.16" speed="26.49" angle="263.33" x="50.40" y="130.97"/>
        <vehicle id="cfm-fast_3" eclass="HBEFA3/PC_G_EU4" CO2="0.00" CO="0.00" HC="0.00" NOx="0.00" PMx="0.00" fuel="0.00" electricity="0.00" noise="69.65" route="routetop" type="cfm-fast" waiting="0.00" lane="top_0" pos="24.44" speed="24.69" angle="230.54" x="16.02" y="113.03"/>
        <vehicle id="cfm-fast_4" eclass="HBEFA3/PC_G_EU4" CO2="205616.85" CO="4577.31" HC="26.01" NOx="95.81" PMx="5.52" fuel="88.38" electricity="0.00" noise="140.35" route="routetop" type="cfm-fast" waiting="0.00" lane="left_1" pos="17.48" speed="52.87" angle="153.03" x="7.96" y="29.58"/>
        <vehicle id="cfm-fast_5" eclass="HBEFA3/PC_G_EU4" CO2="7160.56" CO="71.23" HC="0.50" NOx="2.81" PMx="0.14" fuel="3.08" electricity="0.00" noise="70.61" route="routetop" type="cfm-fast" waiting="0.00" lane="top_0" pos="41.88" speed="21.02" angle="199.12" x="-2.69" y="81.04"/>
        <vehicle id="cfm-slow_0" eclass="HBEFA3/PC_G_EU4" CO2="11991.50" CO="170.69" HC="1.07" NOx="5.09" PMx="0.26" fuel="5.15" electricity="0.00" noise="73.20" route="routetop" type="cfm-slow" waiting="0.00" lane="left_0" pos="4.65" speed="21.02" angle="176.16" x="-4.20" y="53.60"/>
        <vehicle id="cfm-slow_1" eclass="HBEFA3/PC_G_EU4" CO2="17151.88" CO="277.28" HC="1.69" NOx="7.50" PMx="0.40" fuel="7.37" electricity="0.00" noise="76.55" route="routetop" type="cfm-slow" waiting="0.00" lane="left_0" pos="21.35" speed="22.08" angle="146.01" x="9.94" y="21.01"/>
        <vehicle id="cfm-slow_2" eclass="HBEFA3/PC_G_EU4" CO2="23524.60" CO="411.37" HC="2.46" NOx="10.46" PMx="0.57" fuel="10.11" electricity="0.00" noise="80.51" route="routetop" type="cfm-slow" waiting="0.00" lane="left_0" pos="39.16" speed="23.94" angle="114.03" x="40.71" y="-0.98"/>
        <vehicle id="cfm-slow_3" eclass="HBEFA3/PC_G_EU4" CO2="27350.55" CO="499.13" HC="2.95" NOx="12.21" PMx="0.68" fuel="11.76" electricity="0.00" noise="82.36" route="routebottom" type="cfm-slow" waiting="0.00" lane="bottom_0" pos="8.92" speed="26.56" angle="78.38" x="82.69" y="-2.25"/>
        <vehicle id="cfm-slow_4" eclass="HBEFA3/PC_G_EU4" CO2="22354.86" CO="411.52" HC="2.43" NOx="9.79" PMx="0.56" fuel="9.61" electricity="0.00" noise="79.47" route="routebottom" type="cfm-slow" waiting="0.00" lane="bottom_0" pos="31.36" speed="29.26" angle="38.08" x="120.82" y="25.73"/>
        <vehicle id="cfm-slow_5" eclass="HBEFA3/PC_G_EU4" CO2="7385.17" CO="114.59" HC="0.71" NOx="2.69" PMx="0.17" fuel="3.17" electricity="0.00" noise="74.52" route="routebottom" type="cfm-slow" waiting="0.00" lane="right_0" pos="6.50" speed="30.78" angle="352.75" x="130.83" y="77.64"/>
    </timestep>
    <timestep time="3.92">
        <vehicle id="cfm-fast_0" eclass="HBEFA3/PC_G_EU4" CO2="0.00" CO="0.00" HC="0.00" NOx="0.00" PMx="0.00" fuel="0.00" electricity="0.00" noise="72.54" route="routebottom" type="cfm-fast" waiting="0.00" lane="right_0" pos="33.78" speed="29.72" angle="303.72" x="97.15" y="123.53"/>
        <vehicle id="cfm-fast_1" eclass="HBEFA3/PC_G_EU4" CO2="131510.66" CO="2986.82" HC="16.92" NOx="60.89" PMx="3.56" fuel="56.53" electricity="0.00" noise="117.88" route="routetop" type="cfm-fast" waiting="0.00" lane="top_1" pos="19.69" speed="50.32" angle="239.02" x="25.79" y="116.85"/>
        <vehicle id="cfm-fast_2" eclass="HBEFA3/PC_G_EU4" CO2="0.00" CO="0.00" HC="0.00" NOx="0.00" PMx="0.00" fuel="0.00" electricity="0.00" noise="71.10" route="routetop" type="cfm-fast" waiting="0.00" lane="top_0" pos="6.43" speed="26.48" angle="262.89" x="49.84" y="130.87"/>
        <vehicle id="cfm-fast_3" eclass="HBEFA3/PC_G_EU4" CO2="0.00" CO="0.00" HC="0.00" NOx="0.00" PMx="0.00" fuel="0.00" electricity="0.00" noise="69.65" route="routetop" type="cfm-fast" waiting="0.00" lane="top_0" pos="24.68" speed="24.68" angle="230.09" x="15.64" y="112.65"/>
        <vehicle id="cfm-fast_4" eclass="HBEFA3/PC_G_EU4" CO2="206197.19" CO="4592.88" HC="26.09" NOx="96.08" PMx="5.54" fuel="88.63" electricity="0.00" noise="140.42" route="routetop" type="cfm-fast" waiting="0.00" lane="left_1" pos="18.01" speed="53.00" angle="152.10" x="8.53" y="28.65"/>
        <vehicle id="cfm-fast_5" eclass="HBEFA3/PC_G_EU4" CO2="7172.90" CO="71.48" HC="0.50" NOx="2.81" PMx="0.14" fuel="3.08" electricity="0.00" noise="70.62" route="routetop" type="cfm-fast" waiting="0.00" lane="top_0" pos="42.09" speed="21.02" angle="198.73" x="-2.81" y="80.61"/>
        <vehicle id="cfm-slow_0" eclass="HBEFA3/PC_G_EU4" CO2="12014.34" CO="171.16" HC="1.07" NOx="5.10" PMx="0.26" fuel="5.16" electricity="0.00" noise="73.21" route="routetop" type="cfm-slow" waiting="0.00" lane="left_0" pos="4.86" speed="21.04" angle="175.78" x="-4.14" y="53.15"/>
        <vehicle id="cfm-slow_1" eclass="HBEFA3/PC_G_EU4" CO2="17185.79" CO="278.00" HC="1.69" NOx="7.51" PMx="0.40" fuel="7.39" electricity="0.00" noise="76.57" route="routetop" type="cfm-slow" waiting="0.00" lane="left_0" pos="21.57" speed="22.10" angle="145.61" x="10.23" y="20.64"/>
        <vehicle id="cfm-slow_2" eclass="HBEFA3/PC_G_EU4" CO2="23537.25" CO="411.71" HC="2.46" NOx="10.47" PMx="0.57" fuel="10.12" electricity="0.00" noise="80.51" route="routetop" type="cfm-slow" waiting="0.00" lane="left_0" pos="39.40" speed="23.97" angle="113.59" x="41.20" y="-1.16"/>
        <vehicle id="cfm-slow_3" eclass="HBEFA3/PC_G_EU4" CO2="27284.59" CO="497.91" HC="2.95" NOx="12.18" PMx="0.68" fuel="11.73" electricity="0.00" noise="82.31" route="routebottom" type="cfm-slow" waiting="0.00" lane="bottom_0" pos="9.18" speed="26.59" angle="77.90" x="83.24" y="-2.09"/>
        <vehicle id="cfm-slow_4" eclass="HBEFA3/PC_G_EU4" CO2="22185.66" CO="408.19" HC="2.41" NOx="9.71" PMx="0.55" fuel="9.54" electricity="0.00" noise="79.39" route="routebottom" type="cfm-slow" waiting="0.00" lane="bottom_0" pos="31.65" speed="29.28" angle="37.55" x="121.17" y="26.25"/>
        <vehicle id="cfm-slow_5" eclass="HBEFA3/PC_G_EU4" CO2="7200.36" CO="110.80" HC="0.69" NOx="2.61" PMx="0.17" fuel="3.10" electricity="0.00" noise="74.49" route="routebottom" type="cfm-slow" waiting="0.00" lane="right_0" pos="6.80" speed="30.78" angle="352.18" x="130.69" y="78.28"/>
    </timestep>
    <timestep time="3.93">
        <vehicle id="cfm-fast_0" eclass="HBEFA3/PC_G_EU4" CO2="0.00" CO="0.00" HC="0.00" NOx="0.00" PMx="0.00" fuel="0.00" electricity="0.00" noise="72.52" route="routebottom" type="cfm-fast" waiting="0.00" lane="right_0" pos="34.08" speed="29.71" angle="303.18" x="96.59" y="123.84"/>
        <vehicle id="cfm-fast_1" eclass="HBEFA3/PC_G_EU4" CO2="131615.71" CO="2991.13" HC="16.94" NOx="60.94" PMx="3.56" fuel="56.57" electricity="0.00" noise="117.87" route="routetop" type="cfm-fast" waiting="0.00" lane="top_1" pos="20.20" speed="50.41" angle="238.08" x="24.95" y="116.25"/>
        <vehicle id="cfm-fast_2" eclass="HBEFA3/PC_G_EU4" CO2="0.00" CO="0.00" HC="0.00" NOx="0.00" PMx="0.00" fuel="0.00" electricity="0.00" noise="71.08" route="routetop" type="cfm-fast" waiting="0.00" lane="top_0" pos="6.69" speed="26.47" angle="262.40" x="49.28" y="130.74"/>
        <vehicle id="cfm-fast_3" eclass="HBEFA3/PC_G_EU4" CO2="0.00" CO="0.00" HC="0.00" NOx="0.00" PMx="0.00" fuel="0.00" electricity="0.00" noise="69.64" route="routetop" type="cfm-fast" waiting="0.00" lane="top_0" pos="24.93" speed="24.66" angle="229.64" x="15.27" y="112.28"/>
        <vehicle id="cfm-fast_4" eclass="HBEFA3/PC_G_EU4" CO2="206777.83" CO="4608.47" HC="26.18" NOx="96.36" PMx="5.56" fuel="88.88" electricity="0.00" noise="140.48" route="routetop" type="cfm-fast" waiting="0.00" lane="left_1" pos="18.54" speed="53.14" angle="151.09" x="9.13" y="27.74"/>
        <vehicle id="cfm-fast_5" eclass="HBEFA3/PC_G_EU4" CO2="7185.64" CO="71.74" HC="0.50" NOx="2.82" PMx="0.14" fuel="3.09" electricity="0.00" noise="70.63" route="routetop" type="cfm-fast" waiting="0.00" lane="top_0" pos="42.30" speed="21.03" angle="198.39" x="-2.93" y="80.17"/>
        <vehicle id="cfm-slow_0" eclass="HBEFA3/PC_G_EU4" CO2="12037.49" CO="171.63" HC="1.08" NOx="5.11" PMx="0.27" fuel="5.17" electricity="0.00" noise="73.23" route="routetop" type="cfm-slow" waiting="0.00" lane="left_0" pos="5.07" speed="21.05" angle="175.35" x="-4.08" y="52.70"/>
        <vehicle id="cfm-slow_1" eclass="HBEFA3/PC_G_EU4" CO2="17219.73" CO="278.72" HC="1.69" NOx="7.53" PMx="0.40" fuel="7.40" electricity="0.00" noise="76.59" route="routetop" type="cfm-slow" waiting="0.00" lane="left_0" pos="21.79" speed="22.13" angle="145.26" x="10.52" y="20.26"/>
        <vehicle id="cfm-slow_2" eclass="HBEFA3/PC_G_EU4" CO2="23549.44" CO="412.03" HC="2.46" NOx="10.47" PMx="0.57" fuel="10.12" electricity="0.00" noise="80.52" route="routetop" type="cfm-slow" waiting="0.00" lane="left_0" pos="39.64" speed="24.00" angle="113.16" x="41.68" y="-1.33"/>
        <vehicle id="cfm-slow_3" eclass="HBEFA3/PC_G_EU4" CO2="27217.86" CO="496.69" HC="2.94" NOx="12.14" PMx="0.67" fuel="11.70" electricity="0.00" noise="82.27" route="routebottom" type="cfm-slow" waiting="0.00" lane="bottom_0" pos="9.45" speed="26.63" angle="77.41" x="83.79" y="-1.92"/>
        <vehicle id="cfm-slow_4" eclass="HBEFA3/PC_G_EU4" CO2="22016.39" CO="404.85" HC="2.40" NOx="9.63" PMx="0.55" fuel="9.46" electricity="0.00" noise="79.31" route="routebottom" type="cfm-slow" waiting="0.00" lane="bottom_0" pos="31.94" speed="29.30" angle="37.03" x="121.52" y="26.77"/>
        <vehicle id="cfm-slow_5" eclass="HBEFA3/PC_G_EU4" CO2="7016.64" CO="107.02" HC="0.67" NOx="2.52" PMx="0.16" fuel="3.02" electricity="0.00" noise="74.45" route="routebottom" type="cfm-slow" waiting="0.00" lane="right_0" pos="7.11" speed="30.78" angle="351.60" x="130.54" y="78.93"/>
    </timestep>
    <timestep time="3.94">
        <vehicle id="cfm-fast_0" eclass="HBEFA3/PC_G_EU4" CO2="0.00" CO="0.00" HC="0.00" NOx="0.00" PMx="0.00" fuel="0.00" electricity="0.00" noise="72.51" route="routebottom" type="cfm-fast" waiting="0.00" lane="right_0" pos="34.38" speed="29.69" angle="302.64" x="96.03" y="124.15"/>
        <vehicle id="cfm-fast_1" eclass="HBEFA3/PC_G_EU4" CO2="131728.64" CO="2995.61" HC="16.96" NOx="60.99" PMx="3.57" fuel="56.62" electricity="0.00" noise="117.86" route="routetop" type="cfm-fast" waiting="0.00" lane="top_1" pos="20.70" speed="50.49" angle="237.21" x="24.12" y="115.63"/>
        <vehicle id="cfm-fast_2" eclass="HBEFA3/PC_G_EU4" CO2="0.00" CO="0.00" HC="0.00" NOx="0.00" PMx="0.00" fuel="0.00" electricity="0.00" noise="71.07" route="routetop" type="cfm-fast" waiting="0.00" lane="top_0" pos="6.96" speed="26.46" angle="261.90" x="48.73" y="130.62"/>
        <vehicle id="cfm-fast_3" eclass="HBEFA3/PC_G_EU4" CO2="0.00" CO="0.00" HC="0.00" NOx="0.00" PMx="0.00" fuel="0.00" electricity="0.00" noise="69.63" route="routetop" type="cfm-fast" waiting="0.00" lane="top_0" pos="25.18" speed="24.64" angle="229.19" x="14.89" y="111.90"/>
        <vehicle id="cfm-fast_4" eclass="HBEFA3/PC_G_EU4" CO2="207358.76" CO="4624.08" HC="26.26" NOx="96.63" PMx="5.57" fuel="89.13" electricity="0.00" noise="140.55" route="routetop" type="cfm-fast" waiting="0.00" lane="left_1" pos="19.07" speed="53.27" angle="150.07" x="9.74" y="26.83"/>
        <vehicle id="cfm-fast_5" eclass="HBEFA3/PC_G_EU4" CO2="7198.77" CO="72.01" HC="0.50" NOx="2.82" PMx="0.14" fuel="3.09" electricity="0.00" noise="70.63" route="routetop" type="cfm-fast" waiting="0.00" lane="top_0" pos="42.51" speed="21.04" angle="198.03" x="-3.03" y="79.73"/>
        <vehicle id="cfm-slow_0" eclass="HBEFA3/PC_G_EU4" CO2="12060.95" CO="172.11" HC="1.08" NOx="5.12" PMx="0.27" fuel="5.18" electricity="0.00" noise="73.25" route="routetop" type="cfm-slow" waiting="0.00" lane="left_0" pos="5.28" speed="21.07" angle="174.98" x="-4.00" y="52.26"/>
        <vehicle id="cfm-slow_1" eclass="HBEFA3/PC_G_EU4" CO2="17253.69" CO="279.44" HC="1.70" NOx="7.54" PMx="0.40" fuel="7.42" electricity="0.00" noise="76.61" route="routetop" type="cfm-slow" waiting="0.00" lane="left_0" pos="22.02" speed="22.15" angle="144.84" x="10.83" y="19.90"/>
        <vehicle id="cfm-slow_2" eclass="HBEFA3/PC_G_EU4" CO2="23561.15" CO="412.35" HC="2.46" NOx="10.48" PMx="0.57" fuel="10.13" electricity="0.00" noise="80.52" route="routetop" type="cfm-slow" waiting="0.00" lane="left_0" pos="39.88" speed="24.03" angle="112.77" x="42.17" y="-1.50"/>
        <vehicle id="cfm-slow_3" eclass="HBEFA3/PC_G_EU4" CO2="27150.37" CO="495.45" HC="2.93" NOx="12.11" PMx="0.67" fuel="11.67" electricity="0.00" noise="82.22" route="routebottom" type="cfm-slow" waiting="0.00" lane="bottom_0" pos="9.72" speed="26.66" angle="76.92" x="84.34" y="-1.75"/>
        <vehicle id="cfm-slow_4" eclass="HBEFA3/PC_G_EU4" CO2="21847.06" CO="401.51" HC="2.38" NOx="9.55" PMx="0.54" fuel="9.39" electricity="0.00" noise="79.23" route="routebottom" type="cfm-slow" waiting="0.00" lane="bottom_0" pos="32.24" speed="29.33" angle="36.55" x="121.86" y="27.31"/>
        <vehicle id="cfm-slow_5" eclass="HBEFA3/PC_G_EU4" CO2="6834.02" CO="103.27" HC="0.65" NOx="2.43" PMx="0.16" fuel="2.94" electricity="0.00" noise="74.41" route="routebottom" type="cfm-slow" waiting="0.00" lane="right_0" pos="7.42" speed="30.79" angle="351.02" x="130.40" y="79.58"/>
    </timestep>
    <timestep time="3.95">
        <vehicle id="cfm-fast_0" eclass="HBEFA3/PC_G_EU4" CO2="0.00" CO="0.00" HC="0.00" NOx="0.00" PMx="0.00" fuel="0.00" electricity="0.00" noise="72.49" route="routebottom" type="cfm-fast" waiting="0.00" lane="right_0" pos="34.67" speed="29.68" angle="302.16" x="95.47" y="124.45"/>
        <vehicle id="cfm-fast_1" eclass="HBEFA3/PC_G_EU4" CO2="131849.35" CO="3000.25" HC="16.99" NOx="61.04" PMx="3.57" fuel="56.68" electricity="0.00" noise="117.86" route="routetop" type="cfm-fast" waiting="0.00" lane="top_1" pos="21.21" speed="50.58" angle="236.30" x="23.30" y="114.99"/>
        <vehicle id="cfm-fast_2" eclass="HBEFA3/PC_G_EU4" CO2="0.00" CO="0.00" HC="0.00" NOx="0.00" PMx="0.00" fuel="0.00" electricity="0.00" noise="71.05" route="routetop" type="cfm-fast" waiting="0.00" lane="top_0" pos="7.22" speed="26.45" angle="261.40" x="48.17" y="130.49"/>
        <vehicle id="cfm-fast_3" eclass="HBEFA3/PC_G_EU4" CO2="0.00" CO="0.00" HC="0.00" NOx="0.00" PMx="0.00" fuel="0.00" electricity="0.00" noise="69.62" route="routetop" type="cfm-fast" waiting="0.00" lane="top_0" pos="25.42" speed="24.62" angle="228.73" x="14.52" y="111.53"/>
        <vehicle id="cfm-fast_4" eclass="HBEFA3/PC_G_EU4" CO2="207939.98" CO="4639.72" HC="26.35" NOx="96.90" PMx="5.59" fuel="89.38" electricity="0.00" noise="140.61" route="routetop" type="cfm-fast" waiting="0.00" lane="left_1" pos="19.60" speed="53.41" angle="149.15" x="10.37" y="25.94"/>
        <vehicle id="cfm-fast_5" eclass="HBEFA3/PC_G_EU4" CO2="7212.29" CO="72.29" HC="0.51" NOx="2.83" PMx="0.14" fuel="3.10" electricity="0.00" noise="70.64" route="routetop" type="cfm-fast" waiting="0.00" lane="top_0" pos="42.72" speed="21.04" angle="197.65" x="-3.13" y="79.29"/>
        <vehicle id="cfm-slow_0" eclass="HBEFA3/PC_G_EU4" CO2="12084.72" CO="172.60" HC="1.08" NOx="5.13" PMx="0.27" fuel="5.19" electricity="0.00" noise="73.26" route="routetop" type="cfm-slow" waiting="0.00" lane="left_0" pos="5.49" speed="21.09" angle="174.59" x="-3.91" y="51.81"/>
        <vehicle id="cfm-slow_1" eclass="HBEFA3/PC_G_EU4" CO2="17287.66" CO="280.16" HC="1.70" NOx="7.56" PMx="0.40" fuel="7.43" electricity="0.00" noise="76.64" route="routetop" type="cfm-slow" waiting="0.00" lane="left_0" pos="22.24" speed="22.17" angle="144.43" x="11.14" y="19.54"/>
        <vehicle id="cfm-slow_2" eclass="HBEFA3/PC_G_EU4" CO2="23572.38" CO="412.65" HC="2.46" NOx="10.48" PMx="0.57" fuel="10.13" electricity="0.00" noise="80.52" route="routetop" type="cfm-slow" waiting="0.00" lane="left_0" pos="40.13" speed="24.06" angle="112.31" x="42.67" y="-1.65"/>
        <vehicle id="cfm-slow_3" eclass="HBEFA3/PC_G_EU4" CO2="27082.11" CO="494.19" HC="2.93" NOx="12.08" PMx="0.67" fuel="11.64" electricity="0.00" noise="82.18" route="routebottom" type="cfm-slow" waiting="0.00" lane="bottom_0" pos="9.98" speed="26.69" angle="76.43" x="84.88" y="-1.58"/>
        <vehicle id="cfm-slow_4" eclass="HBEFA3/PC_G_EU4" CO2="21677.66" CO="398.16" HC="2.36" NOx="9.47" PMx="0.54" fuel="9.32" electricity="0.00" noise="79.15" route="routebottom" type="cfm-slow" waiting="0.00" lane="bottom_0" pos="32.53" speed="29.35" angle="36.00" x="122.18" y="27.85"/>
        <vehicle id="cfm-slow_5" eclass="HBEFA3/PC_G_EU4" CO2="6652.50" CO="99.54" HC="0.63" NOx="2.35" PMx="0.15" fuel="2.86" electricity="0.00" noise="74.37" route="routebottom" type="cfm-slow" waiting="0.00" lane="right_0" pos="7.73" speed="30.79" angle="350.52" x="130.24" y="80.22"/>
    </timestep>
    <timestep time="3.96">
        <vehicle id="cfm-fast_0" eclass="HBEFA3/PC_G_EU4" CO2="0.00" CO="0.00" HC="0.00" NOx="0.00" PMx="0.00" fuel="0.00" electricity="0.00" noise="72.47" route="routebottom" type="cfm-fast" waiting="0.00" lane="right_0" pos="34.97" speed="29.67" angle="301.63" x="94.90" y="124.74"/>
        <vehicle id="cfm-fast_1" eclass="HBEFA3/PC_G_EU4" CO2="131977.77" CO="3005.05" HC="17.01" NOx="61.10" PMx="3.58" fuel="56.73" electricity="0.00" noise="117.86" route="routetop" type="cfm-fast" waiting="0.00" lane="top_1" pos="21.71" speed="50.67" angle="235.40" x="22.49" y="114.35"/>
        <vehicle id="cfm-fast_2" eclass="HBEFA3/PC_G_EU4" CO2="0.00" CO="0.00" HC="0.00" NOx="0.00" PMx="0.00" fuel="0.00" electricity="0.00" noise="71.03" route="routetop" type="cfm-fast" waiting="0.00" lane="top_0" pos="7.48" speed="26.44" angle="260.90" x="47.62" y="130.37"/>
        <vehicle id="cfm-fast_3" eclass="HBEFA3/PC_G_EU4" CO2="0.00" CO="0.00" HC="0.00" NOx="0.00" PMx="0.00" fuel="0.00" electricity="0.00" noise="69.62" route="routetop" type="cfm-fast" waiting="0.00" lane="top_0" pos="25.67" speed="24.61" angle="228.34" x="14.14" y="111.15"/>
        <vehicle id="cfm-fast_4" eclass="HBEFA3/PC_G_EU4" CO2="208521.49" CO="4655.37" HC="26.44" NOx="97.17" PMx="5.61" fuel="89.63" electricity="0.00" noise="140.68" route="routetop" type="cfm-fast" waiting="0.00" lane="left_1" pos="20.14" speed="53.55" angle="148.17" x="11.01" y="25.05"/>
        <vehicle id="cfm-fast_5" eclass="HBEFA3/PC_G_EU4" CO2="7226.20" CO="72.58" HC="0.51" NOx="2.84" PMx="0.14" fuel="3.11" electricity="0.00" noise="70.65" route="routetop" type="cfm-fast" waiting="0.00" lane="top_0" pos="42.93" speed="21.05" angle="197.28" x="-3.23" y="78.84"/>
        <vehicle id="cfm-slow_0" eclass="HBEFA3/PC_G_EU4" CO2="12108.78" CO="173.10" HC="1.09" NOx="5.14" PMx="0.27" fuel="5.20" electricity="0.00" noise="73.28" route="routetop" type="cfm-slow" waiting="0.00" lane="left_0" pos="5.70" speed="21.10" angle="174.21" x="-3.83" y="51.36"/>
        <vehicle id="cfm-slow_1" eclass="HBEFA3/PC_G_EU4" CO2="17321.65" CO="280.88" HC="1.71" NOx="7.57" PMx="0.40" fuel="7.45" electricity="0.00" noise="76.66" route="routetop" type="cfm-slow" waiting="0.00" lane="left_0" pos="22.46" speed="22.20" angle="144.02" x="11.45" y="19.17"/>
        <vehicle id="cfm-slow_2" eclass="HBEFA3/PC_G_EU4" CO2="23583.13" CO="412.95" HC="2.47" NOx="10.49" PMx="0.57" fuel="10.14" electricity="0.00" noise="80.52" route="routetop" type="cfm-slow" waiting="0.00" lane="left_0" pos="40.37" speed="24.10" angle="111.86" x="43.16" y="-1.80"/>
        <vehicle id="cfm-slow_3" eclass="HBEFA3/PC_G_EU4" CO2="27013.10" CO="492.92" HC="2.92" NOx="12.04" PMx="0.67" fuel="11.61" electricity="0.00" noise="82.13" route="routebottom" type="cfm-slow" waiting="0.00" lane="bottom_0" pos="10.25" speed="26.72" angle="76.01" x="85.43" y="-1.41"/>
        <vehicle id="cfm-slow_4" eclass="HBEFA3/PC_G_EU4" CO2="21508.22" CO="394.82" HC="2.34" NOx="9.39" PMx="0.53" fuel="9.25" electricity="0.00" noise="79.07" route="routebottom" type="cfm-slow" waiting="0.00" lane="bottom_0" pos="32.82" speed="29.37" angle="35.45" x="122.50" y="28.39"/>
        <vehicle id="cfm-slow_5" eclass="HBEFA3/PC_G_EU4" CO2="6472.08" CO="95.83" HC="0.60" NOx="2.26" PMx="0.15" fuel="2.78" electricity="0.00" noise="74.34" route="routebottom" type="cfm-slow" waiting="0.00" lane="right_0" pos="8.04" speed="30.79" angle="349.95" x="130.07" y="80.86"/>
    </timestep>
    <timestep time="3.97">
        <vehicle id="cfm-fast_0" eclass="HBEFA3/PC_G_EU4" CO2="0.00" CO="0.00" HC="0.00" NOx="0.00" PMx="0.00" fuel="0.00" electricity="0.00" noise="72.46" route="routebottom" type="cfm-fast" waiting="0.00" lane="right_0" pos="35.27" speed="29.66" angle="301.09" x="94.33" y="125.03"/>
        <vehicle id="cfm-fast_1" eclass="HBEFA3/PC_G_EU4" CO2="132113.82" CO="3010.01" HC="17.04" NOx="61.16" PMx="3.58" fuel="56.79" electricity="0.00" noise="117.86" route="routetop" type="cfm-fast" waiting="0.00" lane="top_1" pos="22.22" speed="50.76" angle="234.48" x="21.69" y="113.68"/>
        <vehicle id="cfm-fast_2" eclass="HBEFA3/PC_G_EU4" CO2="0.00" CO="0.00" HC="0.00" NOx="0.00" PMx="0.00" fuel="0.00" electricity="0.00" noise="71.02" route="routetop" type="cfm-fast" waiting="0.00" lane="top_0" pos="7.75" speed="26.43" angle="260.48" x="47.06" y="130.23"/>
        <vehicle id="cfm-fast_3" eclass="HBEFA3/PC_G_EU4" CO2="0.00" CO="0.00" HC="0.00" NOx="0.00" PMx="0.00" fuel="0.00" electricity="0.00" noise="69.61" route="routetop" type="cfm-fast" waiting="0.00" lane="top_0" pos="25.92" speed="24.59" angle="227.89" x="13.78" y="110.76"/>
        <vehicle id="cfm-fast_4" eclass="HBEFA3/PC_G_EU4" CO2="209103.29" CO="4671.05" HC="26.52" NOx="97.44" PMx="5.62" fuel="89.88" electricity="0.00" noise="140.75" route="routetop" type="cfm-fast" waiting="0.00" lane="left_1" pos="20.68" speed="53.68" angle="147.26" x="11.66" y="24.16"/>
        <vehicle id="cfm-fast_5" eclass="HBEFA3/PC_G_EU4" CO2="7240.50" CO="72.87" HC="0.51" NOx="2.84" PMx="0.14" fuel="3.11" electricity="0.00" noise="70.66" route="routetop" type="cfm-fast" waiting="0.00" lane="top_0" pos="43.14" speed="21.06" angle="196.90" x="-3.34" y="78.40"/>
        <vehicle id="cfm-slow_0" eclass="HBEFA3/PC_G_EU4" CO2="12133.14" CO="173.60" HC="1.09" NOx="5.15" PMx="0.27" fuel="5.22" electricity="0.00" noise="73.30" route="routetop" type="cfm-slow" waiting="0.00" lane="left_0" pos="5.92" speed="21.12" angle="173.82" x="-3.75" y="50.92"/>
        <vehicle id="cfm-slow_1" eclass="HBEFA3/PC_G_EU4" CO2="17355.64" CO="281.60" HC="1.71" NOx="7.59" PMx="0.41" fuel="7.46" electricity="0.00" noise="76.68" route="routetop" type="cfm-slow" waiting="0.00" lane="left_0" pos="22.68" speed="22.22" angle="143.60" x="11.76" y="18.81"/>
        <vehicle id="cfm-slow_2" eclass="HBEFA3/PC_G_EU4" CO2="23593.38" CO="413.24" HC="2.47" NOx="10.49" PMx="0.57" fuel="10.14" electricity="0.00" noise="80.52" route="routetop" type="cfm-slow" waiting="0.00" lane="left_0" pos="40.61" speed="24.13" angle="111.41" x="43.66" y="-1.95"/>
        <vehicle id="cfm-slow_3" eclass="HBEFA3/PC_G_EU4" CO2="26943.33" CO="491.63" HC="2.91" NOx="12.01" PMx="0.67" fuel="11.58" electricity="0.00" noise="82.08" route="routebottom" type="cfm-slow" waiting="0.00" lane="bottom_0" pos="10.52" speed="26.75" angle="75.51" x="85.97" y="-1.21"/>
        <vehicle id="cfm-slow_4" eclass="HBEFA3/PC_G_EU4" CO2="21338.75" CO="391.47" HC="2.32" NOx="9.31" PMx="0.53" fuel="9.17" electricity="0.00" noise="78.99" route="routebottom" type="cfm-slow" waiting="0.00" lane="bottom_0" pos="33.12" speed="29.39" angle="34.91" x="122.83" y="28.94"/>
        <vehicle id="cfm-slow_5" eclass="HBEFA3/PC_G_EU4" CO2="6292.77" CO="92.14" HC="0.58" NOx="2.18" PMx="0.14" fuel="2.71" electricity="0.00" noise="74.30" route="routebottom" type="cfm-slow" waiting="0.00" lane="right_0" pos="8.34" speed="30.79" angle="349.39" x="129.90" y="81.50"/>
    </timestep>
    <timestep time="3.98">
        <vehicle id="cfm-fast_0" eclass="HBEFA3/PC_G_EU4" CO2="0.00" CO="0.00" HC="0.00" NOx="0.00" PMx="0.00" fuel="0.00" electricity="0.00" noise="72.44" route="routebottom" type="cfm-fast" waiting="0.00" lane="right_0" pos="35.56" speed="29.64" angle="300.55" x="93.76" y="125.31"/>
        <vehicle id="cfm-fast_1" eclass="HBEFA3/PC_G_EU4" CO2="132257.42" CO="3015.14" HC="17.06" NOx="61.23" PMx="3.59" fuel="56.85" electricity="0.00" noise="117.86" route="routetop" type="cfm-fast" waiting="0.00" lane="top_1" pos="22.73" speed="50.85" angle="233.53" x="20.89" y="113.01"/>
        <vehicle id="cfm-fast_2" eclass="HBEFA3/PC_G_EU4" CO2="0.00" CO="0.00" HC="0.00" NOx="0.00" PMx="0.00" fuel="0.00" electricity="0.00" noise="71.00" route="routetop" type="cfm-fast" waiting="0.00" lane="top_0" pos="8.01" speed="26.42" angle="260.00" x="46.52" y="130.09"/>
        <vehicle id="cfm-fast_3" eclass="HBEFA3/PC_G_EU4" CO2="0.00" CO="0.00" HC="0.00" NOx="0.00" PMx="0.00" fuel="0.00" electricity="0.00" noise="69.60" route="routetop" type="cfm-fast" waiting="0.00" lane="top_0" pos="26.16" speed="24.57" angle="227.43" x="13.43" y="110.37"/>
        <vehicle id="cfm-fast_4" eclass="HBEFA3/PC_G_EU4" CO2="209685.39" CO="4686.75" HC="26.61" NOx="97.72" PMx="5.64" fuel="90.13" electricity="0.00" noise="140.81" route="routetop" type="cfm-fast" waiting="0.00" lane="left_1" pos="21.21" speed="53.82" angle="146.28" x="12.34" y="23.29"/>
        <vehicle id="cfm-fast_5" eclass="HBEFA3/PC_G_EU4" CO2="7255.17" CO="73.17" HC="0.51" NOx="2.85" PMx="0.14" fuel="3.12" electricity="0.00" noise="70.67" route="routetop" type="cfm-fast" waiting="0.00" lane="top_0" pos="43.35" speed="21.07" angle="196.52" x="-3.44" y="77.96"/>
        <vehicle id="cfm-slow_0" eclass="HBEFA3/PC_G_EU4" CO2="12157.80" CO="174.11" HC="1.09" NOx="5.16" PMx="0.27" fuel="5.23" electricity="0.00" noise="73.31" route="routetop" type="cfm-slow" waiting="0.00" lane="left_0" pos="6.13" speed="21.13" angle="173.44" x="-3.67" y="50.47"/>
        <vehicle id="cfm-slow_1" eclass="HBEFA3/PC_G_EU4" CO2="17389.62" CO="282.32" HC="1.72" NOx="7.61" PMx="0.41" fuel="7.47" electricity="0.00" noise="76.70" route="routetop" type="cfm-slow" waiting="0.00" lane="left_0" pos="22.90" speed="22.24" angle="143.19" x="12.07" y="18.44"/>
        <vehicle id="cfm-slow_2" eclass="HBEFA3/PC_G_EU4" CO2="23603.14" CO="413.52" HC="2.47" NOx="10.49" PMx="0.57" fuel="10.15" electricity="0.00" noise="80.52" route="routetop" type="cfm-slow" waiting="0.00" lane="left_0" pos="40.85" speed="24.16" angle="110.96" x="44.16" y="-2.11"/>
        <vehicle id="cfm-slow_3" eclass="HBEFA3/PC_G_EU4" CO2="26872.81" CO="490.33" HC="2.90" NOx="11.98" PMx="0.66" fuel="11.55" electricity="0.00" noise="82.04" route="routebottom" type="cfm-slow" waiting="0.00" lane="bottom_0" pos="10.79" speed="26.79" angle="75.01" x="86.52" y="-1.02"/>
        <vehicle id="cfm-slow_4" eclass="HBEFA3/PC_G_EU4" CO2="21169.25" CO="388.12" HC="2.30" NOx="9.23" PMx="0.53" fuel="9.10" electricity="0.00" noise="78.92" route="routebottom" type="cfm-slow" waiting="0.00" lane="bottom_0" pos="33.41" speed="29.41" angle="34.41" x="123.15" y="29.48"/>
        <vehicle id="cfm-slow_5" eclass="HBEFA3/PC_G_EU4" CO2="6114.55" CO="88.47" HC="0.56" NOx="2.09" PMx="0.14" fuel="2.63" electricity="0.00" noise="74.27" route="routebottom" type="cfm-slow" waiting="0.00" lane="right_0" pos="8.65" speed="30.79" angle="348.82" x="129.73" y="82.14"/>
    </timestep>
    <timestep time="3.99">
        <vehicle id="cfm-fast_0" eclass="HBEFA3/PC_G_EU4" CO2="0.00" CO="0.00" HC="0.00" NOx="0.00" PMx="0.00" fuel="0.00" electricity="0.00" noise="72.43" route="routebottom" type="cfm-fast" waiting="0.00" lane="right_0" pos="35.86" speed="29.63" angle="300.05" x="93.19" y="125.60"/>
        <vehicle id="cfm-fast_1" eclass="HBEFA3/PC_G_EU4" CO2="132408.50" CO="3020.42" HC="17.09" NOx="61.30" PMx="3.59" fuel="56.92" electricity="0.00" noise="117.87" route="routetop" type="cfm-fast" waiting="0.00" lane="top_1" pos="23.24" speed="50.93" angle="232.66" x="20.10" y="112.32"/>
        <vehicle id="cfm-fast_2" eclass="HBEFA3/PC_G_EU4" CO2="0.00" CO="0.00" HC="0.00" NOx="0.00" PMx="0.00" fuel="0.00" electricity="0.00" noise="70.99" route="routetop" type="cfm-fast" waiting="0.00" lane="top_0" pos="8.28" speed="26.41" angle="259.51" x="45.97" y="129.94"/>
        <vehicle id="cfm-fast_3" eclass="HBEFA3/PC_G_EU4" CO2="0.00" CO="0.00" HC="0.00" NOx="0.00" PMx="0.00" fuel="0.00" electricity="0.00" noise="69.59" route="routetop" type="cfm-fast" waiting="0.00" lane="top_0" pos="26.41" speed="24.56" angle="226.98" x="13.07" y="109.98"/>
        <vehicle id="cfm-fast_4" eclass="HBEFA3/PC_G_EU4" CO2="210267.77" CO="4702.47" HC="26.70" NOx="97.99" PMx="5.66" fuel="90.38" electricity="0.00" noise="140.88" route="routetop" type="cfm-fast" waiting="0.00" lane="left_1" pos="21.75" speed="53.96" angle="145.35" x="13.02" y="22.42"/>
        <vehicle id="cfm-fast_5" eclass="HBEFA3/PC_G_EU4" CO2="7270.22" CO="73.48" HC="0.51" NOx="2.86" PMx="0.14" fuel="3.13" electricity="0.00" noise="70.68" route="routetop" type="cfm-fast" waiting="0.00" lane="top_0" pos="43.56" speed="21.07" angle="196.18" x="-3.54" y="77.52"/>
        <vehicle id="cfm-slow_0" eclass="HBEFA3/PC_G_EU4" CO2="12182.74" CO="174.62" HC="1.09" NOx="5.17" PMx="0.27" fuel="5.24" electricity="0.00" noise="73.33" route="routetop" type="cfm-slow" waiting="0.00" lane="left_0" pos="6.34" speed="21.15" angle="173.09" x="-3.58" y="50.02"/>
        <vehicle id="cfm-slow_1" eclass="HBEFA3/PC_G_EU4" CO2="17423.61" CO="283.04" HC="1.72" NOx="7.62" PMx="0.41" fuel="7.49" electricity="0.00" noise="76.72" route="routetop" type="cfm-slow" waiting="0.00" lane="left_0" pos="23.13" speed="22.27" angle="142.85" x="12.38" y="18.08"/>
        <vehicle id="cfm-slow_2" eclass="HBEFA3/PC_G_EU4" CO2="23612.41" CO="413.79" HC="2.47" NOx="10.50" PMx="0.57" fuel="10.15" electricity="0.00" noise="80.52" route="routetop" type="cfm-slow" waiting="0.00" lane="left_0" pos="41.09" speed="24.19" angle="110.57" x="44.65" y="-2.26"/>
        <vehicle id="cfm-slow_3" eclass="HBEFA3/PC_G_EU4" CO2="26801.55" CO="489.01" HC="2.89" NOx="11.94" PMx="0.66" fuel="11.52" electricity="0.00" noise="81.99" route="routebottom" type="cfm-slow" waiting="0.00" lane="bottom_0" pos="11.05" speed="26.82" angle="74.51" x="87.06" y="-0.82"/>
        <vehicle id="cfm-slow_4" eclass="HBEFA3/PC_G_EU4" CO2="20999.73" CO="384.77" HC="2.28" NOx="9.15" PMx="0.52" fuel="9.03" electricity="0.00" noise="78.84" route="routebottom" type="cfm-slow" waiting="0.00" lane="bottom_0" pos="33.71" speed="29.43" angle="33.87" x="123.45" y="30.04"/>
        <vehicle id="cfm-slow_5" eclass="HBEFA3/PC_G_EU4" CO2="0.00" CO="0.00" HC="0.00" NOx="0.00" PMx="0.00" fuel="0.00" electricity="0.00" noise="74.23" route="routebottom" type="cfm-slow" waiting="0.00" lane="right_0" pos="8.96" speed="30.79" angle="348.32" x="129.56" y="82.78"/>
    </timestep>
    <timestep time="4.00">
        <vehicle id="cfm-fast_0" eclass="HBEFA3/PC_G_EU4" CO2="0.00" CO="0.00" HC="0.00" NOx="0.00" PMx="0.00" fuel="0.00" electricity="0.00" noise="72.41" route="routebottom" type="cfm-fast" waiting="0.00" lane="right_0" pos="36.15" speed="29.62" angle="299.50" x="92.61" y="125.86"/>
        <vehicle id="cfm-fast_1" eclass="HBEFA3/PC_G_EU4" CO2="132566.97" CO="3025.86" HC="17.12" NOx="61.37" PMx="3.60" fuel="56.98" electricity="0.00" noise="117.88" route="routetop" type="cfm-fast" waiting="0.00" lane="top_1" pos="23.75" speed="51.02" angle="231.72" x="19.34" y="111.61"/>
        <vehicle id="cfm-fast_2" eclass="HBEFA3/PC_G_EU4" CO2="0.00" CO="0.00" HC="0.00" NOx="0.00" PMx="0.00" fuel="0.00" electricity="0.00" noise="70.97" route="routetop" type="cfm-fast" waiting="0.00" lane="top_0" pos="8.54" speed="26.40" angle="259.03" x="45.42" y="129.79"/>
        <vehicle id="cfm-fast_3" eclass="HBEFA3/PC_G_EU4" CO2="0.00" CO="0.00" HC="0.00" NOx="0.00" PMx="0.00" fuel="0.00" electricity="0.00" noise="69.59" route="routetop" type="cfm-fast" waiting="0.00" lane="top_0" pos="26.65" speed="24.54" angle="226.52" x="12.71" y="109.59"/>
        <vehicle id="cfm-fast_4" eclass="HBEFA3/PC_G_EU4" CO2="210850.45" CO="4718.21" HC="26.78" NOx="98.26" PMx="5.67" fuel="90.63" electricity="0.00" noise="140.94" route="routetop" type="cfm-fast" waiting="0.00" lane="left_1" pos="22.29" speed="54.09" angle="144.35" x="13.74" y="21.57"/>
        <vehicle id="cfm-fast_5" eclass="HBEFA3/PC_G_EU4" CO2="7285.64" CO="73.80" HC="0.51" NOx="2.86" PMx="0.14" fuel="3.13" electricity="0.00" noise="70.69" route="routetop" type="cfm-fast" waiting="0.00" lane="top_0" pos="43.77" speed="21.08" angle="195.82" x="-3.63" y="77.07"/>
        <vehicle id="cfm-slow_0" eclass="HBEFA3/PC_G_EU4" CO2="12207.96" CO="175.14" HC="1.10" NOx="5.19" PMx="0.27" fuel="5.25" electricity="0.00" noise="73.35" route="routetop" type="cfm-slow" waiting="0.00" lane="left_0" pos="6.55" speed="21.17" angle="172.71" x="-3.49" y="49.58"/>
        <vehicle id="cfm-slow_1" eclass="HBEFA3/PC_G_EU4" CO2="17457.57" CO="283.76" HC="1.72" NOx="7.64" PMx="0.41" fuel="7.50" electricity="0.00" noise="76.74" route="routetop" type="cfm-slow" waiting="0.00" lane="left_0" pos="23.35" speed="22.29" angle="142.44" x="12.71" y="17.73"/>
        <vehicle id="cfm-slow_2" eclass="HBEFA3/PC_G_EU4" CO2="23621.17" CO="414.05" HC="2.47" NOx="10.50" PMx="0.57" fuel="10.15" electricity="0.00" noise="80.52" route="routetop" type="cfm-slow" waiting="0.00" lane="left_0" pos="41.33" speed="24.22" angle="110.12" x="45.16" y="-2.39"/>
        <vehicle id="cfm-slow_3" eclass="HBEFA3/PC_G_EU4" CO2="26729.54" CO="487.67" HC="2.89" NOx="11.91" PMx="0.66" fuel="11.49" electricity="0.00" noise="81.94" route="routebottom" type="cfm-slow" waiting="0.00" lane="bottom_0" pos="11.32" speed="26.85" angle="74.01" x="87.60" y="-0.63"/>
        <vehicle id="cfm-slow_4" eclass="HBEFA3/PC_G_EU4" CO2="20830.20" CO="381.41" HC="2.26" NOx="9.07" PMx="0.52" fuel="8.95" electricity="0.00" noise="78.76" route="routebottom" type="cfm-slow" waiting="0.00" lane="bottom_0" pos="34.00" speed="29.45" angle="33.33" x="123.76" y="30.59"/>
        <vehicle id="cfm-slow_5" eclass="HBEFA3/PC_G_EU4" CO2="0.00" CO="0.00" HC="0.00" NOx="0.00" PMx="0.00" fuel="0.00" electricity="0.00" noise="74.20" route="routebottom" type="cfm-slow" waiting="0.00" lane="right_0" pos="9.27" speed="30.79" angle="347.77" x="129.36" y="83.41"/>
    </timestep>
    <timestep time="4.01">
        <vehicle id="cfm-fast_0" eclass="HBEFA3/PC_G_EU4" CO2="0.00" CO="0.00" HC="0.00" NOx="0.00" PMx="0.00" fuel="0.00" electricity="0.00" noise="72.40" route="routebottom" type="cfm-fast" waiting="0.00" lane="right_0" pos="36.45" speed="29.61" angle="298.93" x="92.03" y="126.12"/>
        <vehicle id="cfm-fast_1" eclass="HBEFA3/PC_G_EU4" CO2="132732.77" CO="3031.45" HC="17.15" NOx="61.45" PMx="3.60" fuel="57.06" electricity="0.00" noise="117.89" route="routetop" type="cfm-fast" waiting="0.00" lane="top_1" pos="24.26" speed="51.11" angle="230.80" x="18.57" y="110.90"/>
        <vehicle id="cfm-fast_2" eclass="HBEFA3/PC_G_EU4" CO2="0.00" CO="0.00" HC="0.00" NOx="0.00" PMx="0.00" fuel="0.00" electricity="0.00" noise="70.95" route="routetop" type="cfm-fast" waiting="0.00" lane="top_0" pos="8.80" speed="26.39" angle="258.55" x="44.87" y="129.65"/>
        <vehicle id="cfm-fast_3" eclass="HBEFA3/PC_G_EU4" CO2="0.00" CO="0.00" HC="0.00" NOx="0.00" PMx="0.00" fuel="0.00" electricity="0.00" noise="69.58" route="routetop" type="cfm-fast" waiting="0.00" lane="top_0" pos="26.90" speed="24.52" angle="226.11" x="12.35" y="109.21"/>
        <vehicle id="cfm-fast_4" eclass="HBEFA3/PC_G_EU4" CO2="211433.42" CO="4733.97" HC="26.87" NOx="98.53" PMx="5.69" fuel="90.88" electricity="0.00" noise="141.01" route="routetop" type="cfm-fast" waiting="0.00" lane="left_1" pos="22.84" speed="54.23" angle="143.34" x="14.46" y="20.73"/>
        <vehicle id="cfm-fast_5" eclass="HBEFA3/PC_G_EU4" CO2="7301.43" CO="74.12" HC="0.52" NOx="2.87" PMx="0.14" fuel="3.14" electricity="0.00" noise="70.70" route="routetop" type="cfm-fast" waiting="0.00" lane="top_0" pos="43.98" speed="21.09" angle="195.42" x="-3.71" y="76.63"/>
        <vehicle id="cfm-slow_0" eclass="HBEFA3/PC_G_EU4" CO2="12233.46" CO="175.66" HC="1.10" NOx="5.20" PMx="0.27" fuel="5.26" electricity="0.00" noise="73.37" route="routetop" type="cfm-slow" waiting="0.00" lane="left_0" pos="6.76" speed="21.18" angle="172.30" x="-3.38" y="49.13"/>
        <vehicle id="cfm-slow_1" eclass="HBEFA3/PC_G_EU4" CO2="17491.53" CO="284.48" HC="1.73" NOx="7.65" PMx="0.41" fuel="7.52" electricity="0.00" noise="76.76" route="routetop" type="cfm-slow" waiting="0.00" lane="left_0" pos="23.57" speed="22.32" angle="142.04" x="13.03" y="17.37"/>
        <vehicle id="cfm-slow_2" eclass="HBEFA3/PC_G_EU4" CO2="23629.43" CO="414.30" HC="2.47" NOx="10.50" PMx="0.57" fuel="10.16" electricity="0.00" noise="80.52" route="routetop" type="cfm-slow" waiting="0.00" lane="left_0" pos="41.58" speed="24.25" angle="109.67" x="45.66" y="-2.53"/>
        <vehicle id="cfm-slow_3" eclass="HBEFA3/PC_G_EU4" CO2="26656.79" CO="486.32" HC="2.88" NOx="11.87" PMx="0.66" fuel="11.46" electricity="0.00" noise="81.89" route="routebottom" type="cfm-slow" waiting="0.00" lane="bottom_0" pos="11.59" speed="26.88" angle="73.58" x="88.15" y="-0.43"/>
        <vehicle id="cfm-slow_4" eclass="HBEFA3/PC_G_EU4" CO2="20660.67" CO="378.06" HC="2.24" NOx="8.99" PMx="0.51" fuel="8.88" electricity="0.00" noise="78.69" route="routebottom" type="cfm-slow" waiting="0.00" lane="bottom_0" pos="34.30" speed="29.47" angle="32.79" x="124.07" y="31.15"/>
        <vehicle id="cfm-slow_5" eclass="HBEFA3/PC_G_EU4" CO2="0.00" CO="0.00" HC="0.00" NOx="0.00" PMx="0.00" fuel="0.00" electricity="0.00" noise="74.17" route="routebottom" type="cfm-slow" waiting="0.00" lane="right_0" pos="9.57" speed="30.79" angle="347.21" x="129.17" y="84.05"/>
    </timestep>
    <timestep time="4.02">
        <vehicle id="cfm-fast_0" eclass="HBEFA3/PC_G_EU4" CO2="0.00" CO="0.00" HC="0.00" NOx="0.00" PMx="0.00" fuel="0.00" electricity="0.00" noise="72.39" route="routebottom" type="cfm-fast" waiting="0.00" lane="right_0" pos="36.75" speed="29.59" angle="298.35" x="91.45" y="126.38"/>
        <vehicle id="cfm-fast_1" eclass="HBEFA3/PC_G_EU4" CO2="132905.81" CO="3037.20" HC="17.18" NOx="61.53" PMx="3.61" fuel="57.13" electricity="0.00" noise="117.91" route="routetop" type="cfm-fast" waiting="0.00" lane="top_1" pos="24.77" speed="51.19" angle="229.92" x="17.82" y="110.16"/>
        <vehicle id="cfm-fast_2" eclass="HBEFA3/PC_G_EU4" CO2="0.00" CO="0.00" HC="0.00" NOx="0.00" PMx="0.00" fuel="0.00" electricity="0.00" noise="70.94" route="routetop" type="cfm-fast" waiting="0.00" lane="top_0" pos="9.07" speed="26.38" angle="258.13" x="44.32" y="129.49"/>
        <vehicle id="cfm-fast_3" eclass="HBEFA3/PC_G_EU4" CO2="0.00" CO="0.00" HC="0.00" NOx="0.00" PMx="0.00" fuel="0.00" electricity="0.00" noise="69.57" route="routetop" type="cfm-fast" waiting="0.00" lane="top_0" pos="27.14" speed="24.50" angle="225.67" x="12.01" y="108.81"/>
        <vehicle id="cfm-fast_4" eclass="HBEFA3/PC_G_EU4" CO2="212016.69" CO="4749.76" HC="26.96" NOx="98.81" PMx="5.71" fuel="91.14" electricity="0.00" noise="141.08" route="routetop" type="cfm-fast" waiting="0.00" lane="left_1" pos="23.38" speed="54.37" angle="142.41" x="15.20" y="19.89"/>
        <vehicle id="cfm-fast_5" eclass="HBEFA3/PC_G_EU4" CO2="7317.59" CO="74.46" HC="0.52" NOx="2.88" PMx="0.14" fuel="3.15" electricity="0.00" noise="70.71" route="routetop" type="cfm-fast" waiting="0.00" lane="top_0" pos="44.19" speed="21.09" angle="195.03" x="-3.79" y="76.18"/>
        <vehicle id="cfm-slow_0" eclass="HBEFA3/PC_G_EU4" CO2="12259.24" CO="176.19" HC="1.10" NOx="5.21" PMx="0.27" fuel="5.27" electricity="0.00" noise="73.39" route="routetop" type="cfm-slow" waiting="0.00" lane="left_0" pos="6.97" speed="21.20" angle="171.89" x="-3.28" y="48.69"/>
        <vehicle id="cfm-slow_1" eclass="HBEFA3/PC_G_EU4" CO2="17525.45" CO="285.20" HC="1.73" NOx="7.67" PMx="0.41" fuel="7.53" electricity="0.00" noise="76.78" route="routetop" type="cfm-slow" waiting="0.00" lane="left_0" pos="23.80" speed="22.34" angle="141.64" x="13.36" y="17.02"/>
        <vehicle id="cfm-slow_2" eclass="HBEFA3/PC_G_EU4" CO2="23637.18" CO="414.54" HC="2.47" NOx="10.51" PMx="0.57" fuel="10.16" electricity="0.00" noise="80.52" route="routetop" type="cfm-slow" waiting="0.00" lane="left_0" pos="41.82" speed="24.28" angle="109.21" x="46.17" y="-2.66"/>
        <vehicle id="cfm-slow_3" eclass="HBEFA3/PC_G_EU4" CO2="26583.31" CO="484.96" HC="2.87" NOx="11.84" PMx="0.66" fuel="11.43" electricity="0.00" noise="81.85" route="routebottom" type="cfm-slow" waiting="0.00" lane="bottom_0" pos="11.86" speed="26.91" angle="73.10" x="88.68" y="-0.21"/>
        <vehicle id="cfm-slow_4" eclass="HBEFA3/PC_G_EU4" CO2="20491.16" CO="374.71" HC="2.22" NOx="8.91" PMx="0.51" fuel="8.81" electricity="0.00" noise="78.61" route="routebottom" type="cfm-slow" waiting="0.00" lane="bottom_0" pos="34.59" speed="29.49" angle="32.29" x="124.37" y="31.70"/>
        <vehicle id="cfm-slow_5" eclass="HBEFA3/PC_G_EU4" CO2="0.00" CO="0.00" HC="0.00" NOx="0.00" PMx="0.00" fuel="0.00" electricity="0.00" noise="74.14" route="routebottom" type="cfm-slow" waiting="0.00" lane="right_0" pos="9.88" speed="30.79" angle="346.66" x="128.97" y="84.68"/>
    </timestep>
    <timestep time="4.03">
        <vehicle id="cfm-fast_0" eclass="HBEFA3/PC_G_EU4" CO2="0.00" CO="0.00" HC="0.00" NOx="0.00" PMx="0.00" fuel="0.00" electricity="0.00" noise="72.37" route="routebottom" type="cfm-fast" waiting="0.00" lane="right_0" pos="37.04" speed="29.58" angle="297.77" x="90.87" y="126.64"/>
        <vehicle id="cfm-fast_1" eclass="HBEFA3/PC_G_EU4" CO2="133086.02" CO="3043.10" HC="17.21" NOx="61.61" PMx="3.61" fuel="57.21" electricity="0.00" noise="117.92" route="routetop" type="cfm-fast" waiting="0.00" lane="top_1" pos="25.29" speed="51.28" angle="229.00" x="17.07" y="109.42"/>
        <vehicle id="cfm-fast_2" eclass="HBEFA3/PC_G_EU4" CO2="0.00" CO="0.00" HC="0.00" NOx="0.00" PMx="0.00" fuel="0.00" electricity="0.00" noise="70.92" route="routetop" type="cfm-fast" waiting="0.00" lane="top_0" pos="9.33" speed="26.37" angle="257.65" x="43.78" y="129.32"/>
        <vehicle id="cfm-fast_3" eclass="HBEFA3/PC_G_EU4" CO2="0.00" CO="0.00" HC="0.00" NOx="0.00" PMx="0.00" fuel="0.00" electricity="0.00" noise="69.57" route="routetop" type="cfm-fast" waiting="0.00" lane="top_0" pos="27.39" speed="24.49" angle="225.21" x="11.67" y="108.41"/>
        <vehicle id="cfm-fast_4" eclass="HBEFA3/PC_G_EU4" CO2="212600.24" CO="4765.57" HC="27.04" NOx="99.08" PMx="5.73" fuel="91.39" electricity="0.00" noise="141.14" route="routetop" type="cfm-fast" waiting="0.00" lane="left_1" pos="23.93" speed="54.50" angle="141.43" x="15.96" y="19.07"/>
        <vehicle id="cfm-fast_5" eclass="HBEFA3/PC_G_EU4" CO2="7334.11" CO="74.79" HC="0.52" NOx="2.89" PMx="0.14" fuel="3.15" electricity="0.00" noise="70.72" route="routetop" type="cfm-fast" waiting="0.00" lane="top_0" pos="44.40" speed="21.10" angle="194.64" x="-3.87" y="75.74"/>
        <vehicle id="cfm-slow_0" eclass="HBEFA3/PC_G_EU4" CO2="12285.29" CO="176.73" HC="1.11" NOx="5.22" PMx="0.27" fuel="5.28" electricity="0.00" noise="73.40" route="routetop" type="cfm-slow" waiting="0.00" lane="left_0" pos="7.19" speed="21.21" angle="171.48" x="-3.18" y="48.24"/>
        <vehicle id="cfm-slow_1" eclass="HBEFA3/PC_G_EU4" CO2="17559.35" CO="285.93" HC="1.74" NOx="7.68" PMx="0.41" fuel="7.55" electricity="0.00" noise="76.80" route="routetop" type="cfm-slow" waiting="0.00" lane="left_0" pos="24.02" speed="22.36" angle="141.23" x="13.69" y="16.67"/>
        <vehicle id="cfm-slow_2" eclass="HBEFA3/PC_G_EU4" CO2="23644.42" CO="414.77" HC="2.48" NOx="10.51" PMx="0.57" fuel="10.16" electricity="0.00" noise="80.51" route="routetop" type="cfm-slow" waiting="0.00" lane="left_0" pos="42.06" speed="24.31" angle="108.76" x="46.67" y="-2.80"/>
        <vehicle id="cfm-slow_3" eclass="HBEFA3/PC_G_EU4" CO2="26509.10" CO="483.58" HC="2.86" NOx="11.80" PMx="0.66" fuel="11.39" electricity="0.00" noise="81.80" route="routebottom" type="cfm-slow" waiting="0.00" lane="bottom_0" pos="12.13" speed="26.94" angle="72.62" x="89.22" y="0.00"/>
        <vehicle id="cfm-slow_4" eclass="HBEFA3/PC_G_EU4" CO2="20321.67" CO="371.35" HC="2.20" NOx="8.83" PMx="0.50" fuel="8.74" electricity="0.00" noise="78.54" route="routebottom" type="cfm-slow" waiting="0.00" lane="bottom_0" pos="34.89" speed="29.51" angle="31.77" x="124.66" y="32.27"/>
        <vehicle id="cfm-slow_5" eclass="HBEFA3/PC_G_EU4" CO2="0.00" CO="0.00" HC="0.00" NOx="0.00" PMx="0.00" fuel="0.00" electricity="0.00" noise="74.10" route="routebottom" type="cfm-slow" waiting="0.00" lane="right_0" pos="10.19" speed="30.78" angle="346.15" x="128.78" y="85.31"/>
    </timestep>
    <timestep time="4.04">
        <vehicle id="cfm-fast_0" eclass="HBEFA3/PC_G_EU4" CO2="0.00" CO="0.00" HC="0.00" NOx="0.00" PMx="0.00" fuel="0.00" electricity="0.00" noise="72.36" route="routebottom" type="cfm-fast" waiting="0.00" lane="right_0" pos="37.34" speed="29.56" angle="297.30" x="90.28" y="126.89"/>
        <vehicle id="cfm-fast_1" eclass="HBEFA3/PC_G_EU4" CO2="133273.33" CO="3049.15" HC="17.25" NOx="61.70" PMx="3.62" fuel="57.29" electricity="0.00" noise="117.94" route="routetop" type="cfm-fast" waiting="0.00" lane="top_1" pos="25.80" speed="51.37" angle="228.13" x="16.34" y="108.67"/>
        <vehicle id="cfm-fast_2" eclass="HBEFA3/PC_G_EU4" CO2="0.00" CO="0.00" HC="0.00" NOx="0.00" PMx="0.00" fuel="0.00" electricity="0.00" noise="70.91" route="routetop" type="cfm-fast" waiting="0.00" lane="top_0" pos="9.60" speed="26.36" angle="257.17" x="43.24" y="129.16"/>
        <vehicle id="cfm-fast_3" eclass="HBEFA3/PC_G_EU4" CO2="0.00" CO="0.00" HC="0.00" NOx="0.00" PMx="0.00" fuel="0.00" electricity="0.00" noise="69.56" route="routetop" type="cfm-fast" waiting="0.00" lane="top_0" pos="27.63" speed="24.47" angle="224.75" x="11.33" y="108.01"/>
        <vehicle id="cfm-fast_4" eclass="HBEFA3/PC_G_EU4" CO2="213184.09" CO="4781.40" HC="27.13" NOx="99.35" PMx="5.74" fuel="91.64" electricity="0.00" noise="141.21" route="routetop" type="cfm-fast" waiting="0.00" lane="left_1" pos="24.47" speed="54.64" angle="140.49" x="16.72" y="18.26"/>
        <vehicle id="cfm-fast_5" eclass="HBEFA3/PC_G_EU4" CO2="7350.99" CO="75.14" HC="0.52" NOx="2.89" PMx="0.14" fuel="3.16" electricity="0.00" noise="70.73" route="routetop" type="cfm-fast" waiting="0.00" lane="top_0" pos="44.62" speed="21.11" angle="194.24" x="-3.95" y="75.29"/>
        <vehicle id="cfm-slow_0" eclass="HBEFA3/PC_G_EU4" CO2="12311.60" CO="177.27" HC="1.11" NOx="5.23" PMx="0.27" fuel="5.29" electricity="0.00" noise="73.42" route="routetop" type="cfm-slow" waiting="0.00" lane="left_0" pos="7.40" speed="21.23" angle="171.07" x="-3.08" y="47.80"/>
        <vehicle id="cfm-slow_1" eclass="HBEFA3/PC_G_EU4" CO2="17593.21" CO="286.65" HC="1.74" NOx="7.70" PMx="0.41" fuel="7.56" electricity="0.00" noise="76.82" route="routetop" type="cfm-slow" waiting="0.00" lane="left_0" pos="24.24" speed="22.39" angle="140.84" x="14.01" y="16.31"/>
        <vehicle id="cfm-slow_2" eclass="HBEFA3/PC_G_EU4" CO2="23651.13" CO="414.99" HC="2.48" NOx="10.51" PMx="0.57" fuel="10.17" electricity="0.00" noise="80.51" route="routetop" type="cfm-slow" waiting="0.00" lane="left_0" pos="42.31" speed="24.34" angle="108.36" x="47.18" y="-2.93"/>
        <vehicle id="cfm-slow_3" eclass="HBEFA3/PC_G_EU4" CO2="26434.16" CO="482.19" HC="2.85" NOx="11.77" PMx="0.65" fuel="11.36" electricity="0.00" noise="81.75" route="routebottom" type="cfm-slow" waiting="0.00" lane="bottom_0" pos="12.40" speed="26.97" angle="72.14" x="89.76" y="0.22"/>
        <vehicle id="cfm-slow_4" eclass="HBEFA3/PC_G_EU4" CO2="20152.20" CO="367.99" HC="2.18" NOx="8.75" PMx="0.50" fuel="8.66" electricity="0.00" noise="78.46" route="routebottom" type="cfm-slow" waiting="0.00" lane="bottom_0" pos="35.18" speed="29.53" angle="31.24" x="124.95" y="32.84"/>
        <vehicle id="cfm-slow_5" eclass="HBEFA3/PC_G_EU4" CO2="0.00" CO="0.00" HC="0.00" NOx="0.00" PMx="0.00" fuel="0.00" electricity="0.00" noise="74.07" route="routebottom" type="cfm-slow" waiting="0.00" lane="right_0" pos="10.50" speed="30.78" angle="345.59" x="128.56" y="85.94"/>
    </timestep>
    <timestep time="4.05">
        <vehicle id="cfm-fast_0" eclass="HBEFA3/PC_G_EU4" CO2="0.00" CO="0.00" HC="0.00" NOx="0.00" PMx="0.00" fuel="0.00" electricity="0.00" noise="72.34" route="routebottom" type="cfm-fast" waiting="0.00" lane="right_0" pos="37.63" speed="29.55" angle="296.77" x="89.69" y="127.13"/>
        <vehicle id="cfm-fast_1" eclass="HBEFA3/PC_G_EU4" CO2="133467.65" CO="3055.35" HC="17.28" NOx="61.79" PMx="3.62" fuel="57.37" electricity="0.00" noise="117.96" route="routetop" type="cfm-fast" waiting="0.00" lane="top_1" pos="26.31" speed="51.46" angle="227.17" x="15.62" y="107.89"/>
        <vehicle id="cfm-fast_2" eclass="HBEFA3/PC_G_EU4" CO2="0.00" CO="0.00" HC="0.00" NOx="0.00" PMx="0.00" fuel="0.00" electricity="0.00" noise="70.90" route="routetop" type="cfm-fast" waiting="0.00" lane="top_0" pos="9.86" speed="26.35" angle="256.69" x="42.70" y="128.99"/>
        <vehicle id="cfm-fast_3" eclass="HBEFA3/PC_G_EU4" CO2="0.00" CO="0.00" HC="0.00" NOx="0.00" PMx="0.00" fuel="0.00" electricity="0.00" noise="69.55" route="routetop" type="cfm-fast" waiting="0.00" lane="top_0" pos="27.88" speed="24.45" angle="224.29" x="10.98" y="107.61"/>
        <vehicle id="cfm-fast_4" eclass="HBEFA3/PC_G_EU4" CO2="213768.23" CO="4797.25" HC="27.22" NOx="99.63" PMx="5.76" fuel="91.89" electricity="0.00" noise="141.27" route="routetop" type="cfm-fast" waiting="0.00" lane="left_1" pos="25.02" speed="54.77" angle="139.47" x="17.52" y="17.46"/>
        <vehicle id="cfm-fast_5" eclass="HBEFA3/PC_G_EU4" CO2="7368.23" CO="75.50" HC="0.52" NOx="2.90" PMx="0.14" fuel="3.17" electricity="0.00" noise="70.74" route="routetop" type="cfm-fast" waiting="0.00" lane="top_0" pos="44.83" speed="21.12" angle="193.88" x="-4.04" y="74.84"/>
        <vehicle id="cfm-slow_0" eclass="HBEFA3/PC_G_EU4" CO2="12338.17" CO="177.82" HC="1.11" NOx="5.24" PMx="0.27" fuel="5.30" electricity="0.00" noise="73.44" route="routetop" type="cfm-slow" waiting="0.00" lane="left_0" pos="7.61" speed="21.25" angle="170.71" x="-2.98" y="47.35"/>
        <vehicle id="cfm-slow_1" eclass="HBEFA3/PC_G_EU4" CO2="17627.03" CO="287.37" HC="1.74" NOx="7.71" PMx="0.41" fuel="7.58" electricity="0.00" noise="76.84" route="routetop" type="cfm-slow" waiting="0.00" lane="left_0" pos="24.47" speed="22.41" angle="140.48" x="14.35" y="15.96"/>
        <vehicle id="cfm-slow_2" eclass="HBEFA3/PC_G_EU4" CO2="23657.33" CO="415.20" HC="2.48" NOx="10.51" PMx="0.57" fuel="10.17" electricity="0.00" noise="80.51" route="routetop" type="cfm-slow" waiting="0.00" lane="left_0" pos="42.55" speed="24.37" angle="107.94" x="47.69" y="-3.05"/>
        <vehicle id="cfm-slow_3" eclass="HBEFA3/PC_G_EU4" CO2="26358.50" CO="480.78" HC="2.85" NOx="11.73" PMx="0.65" fuel="11.33" electricity="0.00" noise="81.70" route="routebottom" type="cfm-slow" waiting="0.00" lane="bottom_0" pos="12.67" speed="27.00" angle="71.66" x="90.30" y="0.43"/>
        <vehicle id="cfm-slow_4" eclass="HBEFA3/PC_G_EU4" CO2="19982.78" CO="364.63" HC="2.16" NOx="8.67" PMx="0.49" fuel="8.59" electricity="0.00" noise="78.39" route="routebottom" type="cfm-slow" waiting="0.00" lane="bottom_0" pos="35.48" speed="29.54" angle="30.70" x="125.23" y="33.40"/>
        <vehicle id="cfm-slow_5" eclass="HBEFA3/PC_G_EU4" CO2="0.00" CO="0.00" HC="0.00" NOx="0.00" PMx="0.00" fuel="0.00" electricity="0.00" noise="74.04" route="routebottom" type="cfm-slow" waiting="0.00" lane="right_0" pos="10.81" speed="30.78" angle="345.00" x="128.33" y="86.56"/>
    </timestep>
    <timestep time="4.06">
        <vehicle id="cfm-fast_0" eclass="HBEFA3/PC_G_EU4" CO2="0.00" CO="0.00" HC="0.00" NOx="0.00" PMx="0.00" fuel="0.00" electricity="0.00" noise="72.33" route="routebottom" type="cfm-fast" waiting="0.00" lane="right_0" pos="37.93" speed="29.54" angle="296.24" x="89.10" y="127.37"/>
        <vehicle id="cfm-fast_1" eclass="HBEFA3/PC_G_EU4" CO2="133668.93" CO="3061.70" HC="17.31" NOx="61.89" PMx="3.63" fuel="57.46" electricity="0.00" noise="117.99" route="routetop" type="cfm-fast" waiting="0.00" lane="top_1" pos="26.83" speed="51.54" angle="226.23" x="14.90" y="107.12"/>
        <vehicle id="cfm-fast_2" eclass="HBEFA3/PC_G_EU4" CO2="0.00" CO="0.00" HC="0.00" NOx="0.00" PMx="0.00" fuel="0.00" electricity="0.00" noise="70.88" route="routetop" type="cfm-fast" waiting="0.00" lane="top_0" pos="10.12" speed="26.34" angle="256.23" x="42.16" y="128.82"/>
        <vehicle id="cfm-fast_3" eclass="HBEFA3/PC_G_EU4" CO2="0.00" CO="0.00" HC="0.00" NOx="0.00" PMx="0.00" fuel="0.00" electricity="0.00" noise="69.55" route="routetop" type="cfm-fast" waiting="0.00" lane="top_0" pos="28.12" speed="24.44" angle="223.86" x="10.64" y="107.21"/>
        <vehicle id="cfm-fast_4" eclass="HBEFA3/PC_G_EU4" CO2="214352.66" CO="4813.12" HC="27.30" NOx="99.90" PMx="5.78" fuel="92.14" electricity="0.00" noise="141.34" route="routetop" type="cfm-fast" waiting="0.00" lane="left_1" pos="25.57" speed="54.91" angle="138.48" x="18.31" y="16.67"/>
        <vehicle id="cfm-fast_5" eclass="HBEFA3/PC_G_EU4" CO2="7385.82" CO="75.86" HC="0.53" NOx="2.91" PMx="0.14" fuel="3.17" electricity="0.00" noise="70.75" route="routetop" type="cfm-fast" waiting="0.00" lane="top_0" pos="45.04" speed="21.12" angle="193.53" x="-4.11" y="74.39"/>
        <vehicle id="cfm-slow_0" eclass="HBEFA3/PC_G_EU4" CO2="12365.00" CO="178.38" HC="1.12" NOx="5.26" PMx="0.27" fuel="5.32" electricity="0.00" noise="73.46" route="routetop" type="cfm-slow" waiting="0.00" lane="left_0" pos="7.82" speed="21.26" angle="170.34" x="-2.86" y="46.91"/>
        <vehicle id="cfm-slow_1" eclass="HBEFA3/PC_G_EU4" CO2="17660.80" CO="288.09" HC="1.75" NOx="7.73" PMx="0.41" fuel="7.59" electricity="0.00" noise="76.86" route="routetop" type="cfm-slow" waiting="0.00" lane="left_0" pos="24.69" speed="22.43" angle="140.07" x="14.69" y="15.62"/>
        <vehicle id="cfm-slow_2" eclass="HBEFA3/PC_G_EU4" CO2="23663.00" CO="415.40" HC="2.48" NOx="10.52" PMx="0.57" fuel="10.17" electricity="0.00" noise="80.51" route="routetop" type="cfm-slow" waiting="0.00" lane="left_0" pos="42.79" speed="24.40" angle="107.50" x="48.20" y="-3.17"/>
        <vehicle id="cfm-slow_3" eclass="HBEFA3/PC_G_EU4" CO2="26282.12" CO="479.36" HC="2.84" NOx="11.69" PMx="0.65" fuel="11.30" electricity="0.00" noise="81.65" route="routebottom" type="cfm-slow" waiting="0.00" lane="bottom_0" pos="12.94" speed="27.03" angle="71.22" x="90.83" y="0.66"/>
        <vehicle id="cfm-slow_4" eclass="HBEFA3/PC_G_EU4" CO2="19813.41" CO="361.28" HC="2.14" NOx="8.59" PMx="0.49" fuel="8.52" electricity="0.00" noise="78.32" route="routebottom" type="cfm-slow" waiting="0.00" lane="bottom_0" pos="35.77" speed="29.56" angle="30.16" x="125.52" y="33.97"/>
        <vehicle id="cfm-slow_5" eclass="HBEFA3/PC_G_EU4" CO2="0.00" CO="0.00" HC="0.00" NOx="0.00" PMx="0.00" fuel="0.00" electricity="0.00" noise="74.01" route="routebottom" type="cfm-slow" waiting="0.00" lane="right_0" pos="11.11" speed="30.78" angle="344.41" x="128.10" y="87.18"/>
    </timestep>
    <timestep time="4.07">
        <vehicle id="cfm-fast_0" eclass="HBEFA3/PC_G_EU4" CO2="0.00" CO="0.00" HC="0.00" NOx="0.00" PMx="0.00" fuel="0.00" electricity="0.00" noise="72.32" route="routebottom" type="cfm-fast" waiting="0.00" lane="right_0" pos="38.22" speed="29.52" angle="295.71" x="88.51" y="127.60"/>
        <vehicle id="cfm-fast_1" eclass="HBEFA3/PC_G_EU4" CO2="133877.07" CO="3068.20" HC="17.35" NOx="61.98" PMx="3.64" fuel="57.55" electricity="0.00" noise="118.01" route="routetop" type="cfm-fast" waiting="0.00" lane="top_1" pos="27.35" speed="51.63" angle="225.29" x="14.22" y="106.31"/>
        <vehicle id="cfm-fast_2" eclass="HBEFA3/PC_G_EU4" CO2="0.00" CO="0.00" HC="0.00" NOx="0.00" PMx="0.00" fuel="0.00" electricity="0.00" noise="70.87" route="routetop" type="cfm-fast" waiting="0.00" lane="top_0" pos="10.39" speed="26.32" angle="255.79" x="41.62" y="128.64"/>
        <vehicle id="cfm-fast_3" eclass="HBEFA3/PC_G_EU4" CO2="0.00" CO="0.00" HC="0.00" NOx="0.00" PMx="0.00" fuel="0.00" electricity="0.00" noise="69.54" route="routetop" type="cfm-fast" waiting="0.00" lane="top_0" pos="28.36" speed="24.42" angle="223.46" x="10.31" y="106.80"/>
        <vehicle id="cfm-fast_4" eclass="HBEFA3/PC_G_EU4" CO2="214937.38" CO="4829.01" HC="27.39" NOx="100.17" PMx="5.79" fuel="92.39" electricity="0.00" noise="141.40" route="routetop" type="cfm-fast" waiting="0.00" lane="left_1" pos="26.12" speed="55.05" angle="137.49" x="19.14" y="15.90"/>
        <vehicle id="cfm-fast_5" eclass="HBEFA3/PC_G_EU4" CO2="7403.76" CO="76.23" HC="0.53" NOx="2.92" PMx="0.14" fuel="3.18" electricity="0.00" noise="70.76" route="routetop" type="cfm-fast" waiting="0.00" lane="top_0" pos="45.25" speed="21.13" angle="193.14" x="-4.17" y="73.94"/>
        <vehicle id="cfm-slow_0" eclass="HBEFA3/PC_G_EU4" CO2="12392.09" CO="178.94" HC="1.12" NOx="5.27" PMx="0.27" fuel="5.33" electricity="0.00" noise="73.48" route="routetop" type="cfm-slow" waiting="0.00" lane="left_0" pos="8.04" speed="21.28" angle="169.95" x="-2.74" y="46.47"/>
        <vehicle id="cfm-slow_1" eclass="HBEFA3/PC_G_EU4" CO2="17694.53" CO="288.81" HC="1.75" NOx="7.74" PMx="0.41" fuel="7.61" electricity="0.00" noise="76.89" route="routetop" type="cfm-slow" waiting="0.00" lane="left_0" pos="24.92" speed="22.46" angle="139.66" x="15.03" y="15.28"/>
        <vehicle id="cfm-slow_2" eclass="HBEFA3/PC_G_EU4" CO2="23668.15" CO="415.58" HC="2.48" NOx="10.52" PMx="0.57" fuel="10.17" electricity="0.00" noise="80.51" route="routetop" type="cfm-slow" waiting="0.00" lane="left_0" pos="43.04" speed="24.43" angle="107.07" x="48.71" y="-3.29"/>
        <vehicle id="cfm-slow_3" eclass="HBEFA3/PC_G_EU4" CO2="26205.03" CO="477.92" HC="2.83" NOx="11.66" PMx="0.65" fuel="11.26" electricity="0.00" noise="81.60" route="routebottom" type="cfm-slow" waiting="0.00" lane="bottom_0" pos="13.21" speed="27.06" angle="70.72" x="91.37" y="0.90"/>
        <vehicle id="cfm-slow_4" eclass="HBEFA3/PC_G_EU4" CO2="19644.09" CO="357.92" HC="2.12" NOx="8.50" PMx="0.49" fuel="8.44" electricity="0.00" noise="78.24" route="routebottom" type="cfm-slow" waiting="0.00" lane="bottom_0" pos="36.07" speed="29.58" angle="29.66" x="125.79" y="34.55"/>
        <vehicle id="cfm-slow_5" eclass="HBEFA3/PC_G_EU4" CO2="0.00" CO="0.00" HC="0.00" NOx="0.00" PMx="0.00" fuel="0.00" electricity="0.00" noise="73.98" route="routebottom" type="cfm-slow" waiting="0.00" lane="right_0" pos="11.42" speed="30.78" angle="343.85" x="127.88" y="87.80"/>
    </timestep>
    <timestep time="4.08">
        <vehicle id="cfm-fast_0" eclass="HBEFA3/PC_G_EU4" CO2="0.00" CO="0.00" HC="0.00" NOx="0.00" PMx="0.00" fuel="0.00" electricity="0.00" noise="72.30" route="routebottom" type="cfm-fast" waiting="0.00" lane="right_0" pos="38.52" speed="29.51" angle="295.22" x="87.92" y="127.83"/>
        <vehicle id="cfm-fast_1" eclass="HBEFA3/PC_G_EU4" CO2="134092.01" CO="3074.84" HC="17.38" NOx="62.08" PMx="3.64" fuel="57.64" electricity="0.00" noise="118.04" route="routetop" type="cfm-fast" waiting="0.00" lane="top_1" pos="27.86" speed="51.72" angle="224.31" x="13.53" y="105.50"/>
        <vehicle id="cfm-fast_2" eclass="HBEFA3/PC_G_EU4" CO2="0.00" CO="0.00" HC="0.00" NOx="0.00" PMx="0.00" fuel="0.00" electricity="0.00" noise="70.85" route="routetop" type="cfm-fast" waiting="0.00" lane="top_0" pos="10.65" speed="26.31" angle="255.29" x="41.09" y="128.45"/>
        <vehicle id="cfm-fast_3" eclass="HBEFA3/PC_G_EU4" CO2="0.00" CO="0.00" HC="0.00" NOx="0.00" PMx="0.00" fuel="0.00" electricity="0.00" noise="69.53" route="routetop" type="cfm-fast" waiting="0.00" lane="top_0" pos="28.61" speed="24.40" angle="223.01" x="9.99" y="106.38"/>
        <vehicle id="cfm-fast_4" eclass="HBEFA3/PC_G_EU4" CO2="215522.40" CO="4844.92" HC="27.48" NOx="100.45" PMx="5.81" fuel="92.64" electricity="0.00" noise="141.47" route="routetop" type="cfm-fast" waiting="0.00" lane="left_1" pos="26.67" speed="55.18" angle="136.47" x="19.97" y="15.13"/>
        <vehicle id="cfm-fast_5" eclass="HBEFA3/PC_G_EU4" CO2="7422.05" CO="76.60" HC="0.53" NOx="2.93" PMx="0.14" fuel="3.19" electricity="0.00" noise="70.77" route="routetop" type="cfm-fast" waiting="0.00" lane="top_0" pos="45.46" speed="21.14" angle="192.76" x="-4.23" y="73.49"/>
        <vehicle id="cfm-slow_0" eclass="HBEFA3/PC_G_EU4" CO2="12419.42" CO="179.50" HC="1.12" NOx="5.28" PMx="0.28" fuel="5.34" electricity="0.00" noise="73.50" route="routetop" type="cfm-slow" waiting="0.00" lane="left_0" pos="8.25" speed="21.29" angle="169.56" x="-2.63" y="46.02"/>
        <vehicle id="cfm-slow_1" eclass="HBEFA3/PC_G_EU4" CO2="17728.19" CO="289.53" HC="1.76" NOx="7.76" PMx="0.42" fuel="7.62" electricity="0.00" noise="76.91" route="routetop" type="cfm-slow" waiting="0.00" lane="left_0" pos="25.14" speed="22.48" angle="139.25" x="15.37" y="14.94"/>
        <vehicle id="cfm-slow_2" eclass="HBEFA3/PC_G_EU4" CO2="23672.76" CO="415.76" HC="2.48" NOx="10.52" PMx="0.58" fuel="10.18" electricity="0.00" noise="80.50" route="routetop" type="cfm-slow" waiting="0.00" lane="left_0" pos="43.28" speed="24.47" angle="106.64" x="49.22" y="-3.41"/>
        <vehicle id="cfm-slow_3" eclass="HBEFA3/PC_G_EU4" CO2="26127.23" CO="476.47" HC="2.82" NOx="11.62" PMx="0.65" fuel="11.23" electricity="0.00" noise="81.56" route="routebottom" type="cfm-slow" waiting="0.00" lane="bottom_0" pos="13.48" speed="27.09" angle="70.22" x="91.90" y="1.14"/>
        <vehicle id="cfm-slow_4" eclass="HBEFA3/PC_G_EU4" CO2="19474.84" CO="354.56" HC="2.10" NOx="8.42" PMx="0.48" fuel="8.37" electricity="0.00" noise="78.17" route="routebottom" type="cfm-slow" waiting="0.00" lane="bottom_0" pos="36.36" speed="29.60" angle="29.09" x="126.05" y="35.13"/>
        <vehicle id="cfm-slow_5" eclass="HBEFA3/PC_G_EU4" CO2="0.00" CO="0.00" HC="0.00" NOx="0.00" PMx="0.00" fuel="0.00" electricity="0.00" noise="73.95" route="routebottom" type="cfm-slow" waiting="0.00" lane="right_0" pos="11.73" speed="30.78" angle="343.32" x="127.64" y="88.42"/>
    </timestep>
    <timestep time="4.09">
        <vehicle id="cfm-fast_0" eclass="HBEFA3/PC_G_EU4" CO2="0.00" CO="0.00" HC="0.00" NOx="0.00" PMx="0.00" fuel="0.00" electricity="0.00" noise="72.29" route="routebottom" type="cfm-fast" waiting="0.00" lane="right_0" pos="38.81" speed="29.49" angle="294.69" x="87.33" y="128.05"/>
        <vehicle id="cfm-fast_1" eclass="HBEFA3/PC_G_EU4" CO2="134313.68" CO="3081.63" HC="17.42" NOx="62.18" PMx="3.65" fuel="57.73" electricity="0.00" noise="118.07" route="routetop" type="cfm-fast" waiting="0.00" lane="top_1" pos="28.38" speed="51.80" angle="223.40" x="12.85" y="104.68"/>
        <vehicle id="cfm-fast_2" eclass="HBEFA3/PC_G_EU4" CO2="0.00" CO="0.00" HC="0.00" NOx="0.00" PMx="0.00" fuel="0.00" electricity="0.00" noise="70.84" route="routetop" type="cfm-fast" waiting="0.00" lane="top_0" pos="10.91" speed="26.30" angle="254.80" x="40.56" y="128.25"/>
        <vehicle id="cfm-fast_3" eclass="HBEFA3/PC_G_EU4" CO2="0.00" CO="0.00" HC="0.00" NOx="0.00" PMx="0.00" fuel="0.00" electricity="0.00" noise="69.53" route="routetop" type="cfm-fast" waiting="0.00" lane="top_0" pos="28.85" speed="24.39" angle="222.57" x="9.66" y="105.97"/>
        <vehicle id="cfm-fast_4" eclass="HBEFA3/PC_G_EU4" CO2="216107.70" CO="4860.86" HC="27.57" NOx="100.72" PMx="5.83" fuel="92.89" electricity="0.00" noise="141.54" route="routetop" type="cfm-fast" waiting="0.00" lane="left_1" pos="27.22" speed="55.32" angle="135.51" x="20.82" y="14.38"/>
        <vehicle id="cfm-fast_5" eclass="HBEFA3/PC_G_EU4" CO2="7440.68" CO="76.99" HC="0.53" NOx="2.94" PMx="0.15" fuel="3.20" electricity="0.00" noise="70.79" route="routetop" type="cfm-fast" waiting="0.00" lane="top_0" pos="45.67" speed="21.14" angle="192.37" x="-4.30" y="73.04"/>
        <vehicle id="cfm-slow_0" eclass="HBEFA3/PC_G_EU4" CO2="12447.00" CO="180.07" HC="1.13" NOx="5.29" PMx="0.28" fuel="5.35" electricity="0.00" noise="73.51" route="routetop" type="cfm-slow" waiting="0.00" lane="left_0" pos="8.46" speed="21.31" angle="169.17" x="-2.51" y="45.58"/>
        <vehicle id="cfm-slow_1" eclass="HBEFA3/PC_G_EU4" CO2="17761.79" CO="290.25" HC="1.76" NOx="7.77" PMx="0.42" fuel="7.63" electricity="0.00" noise="76.93" route="routetop" type="cfm-slow" waiting="0.00" lane="left_0" pos="25.37" speed="22.51" angle="138.83" x="15.71" y="14.60"/>
        <vehicle id="cfm-slow_2" eclass="HBEFA3/PC_G_EU4" CO2="23676.83" CO="415.93" HC="2.48" NOx="10.52" PMx="0.58" fuel="10.18" electricity="0.00" noise="80.50" route="routetop" type="cfm-slow" waiting="0.00" lane="left_0" pos="43.53" speed="24.50" angle="106.22" x="49.74" y="-3.52"/>
        <vehicle id="cfm-slow_3" eclass="HBEFA3/PC_G_EU4" CO2="26048.73" CO="475.00" HC="2.81" NOx="11.58" PMx="0.64" fuel="11.20" electricity="0.00" noise="81.51" route="routebottom" type="cfm-slow" waiting="0.00" lane="bottom_0" pos="13.75" speed="27.12" angle="69.71" x="92.43" y="1.38"/>
        <vehicle id="cfm-slow_4" eclass="HBEFA3/PC_G_EU4" CO2="19305.67" CO="351.20" HC="2.08" NOx="8.34" PMx="0.48" fuel="8.30" electricity="0.00" noise="78.10" route="routebottom" type="cfm-slow" waiting="0.00" lane="bottom_0" pos="36.66" speed="29.62" angle="28.51" x="126.31" y="35.71"/>
        <vehicle id="cfm-slow_5" eclass="HBEFA3/PC_G_EU4" CO2="0.00" CO="0.00" HC="0.00" NOx="0.00" PMx="0.00" fuel="0.00" electricity="0.00" noise="73.93" route="routebottom" type="cfm-slow" waiting="0.00" lane="right_0" pos="12.04" speed="30.77" angle="342.76" x="127.39" y="89.03"/>
    </timestep>
    <timestep time="4.10">
        <vehicle id="cfm-fast_0" eclass="HBEFA3/PC_G_EU4" CO2="0.00" CO="0.00" HC="0.00" NOx="0.00" PMx="0.00" fuel="0.00" electricity="0.00" noise="72.27" route="routebottom" type="cfm-fast" waiting="0.00" lane="right_0" pos="39.11" speed="29.48" angle="294.16" x="86.73" y="128.27"/>
        <vehicle id="cfm-fast_1" eclass="HBEFA3/PC_G_EU4" CO2="134542.00" CO="3088.56" HC="17.46" NOx="62.29" PMx="3.66" fuel="57.83" electricity="0.00" noise="118.11" route="routetop" type="cfm-fast" waiting="0.00" lane="top_1" pos="28.90" speed="51.89" angle="222.46" x="12.20" y="103.85"/>
        <vehicle id="cfm-fast_2" eclass="HBEFA3/PC_G_EU4" CO2="0.00" CO="0.00" HC="0.00" NOx="0.00" PMx="0.00" fuel="0.00" electricity="0.00" noise="70.83" route="routetop" type="cfm-fast" waiting="0.00" lane="top_0" pos="11.18" speed="26.29" angle="254.30" x="40.02" y="128.06"/>
        <vehicle id="cfm-fast_3" eclass="HBEFA3/PC_G_EU4" CO2="0.00" CO="0.00" HC="0.00" NOx="0.00" PMx="0.00" fuel="0.00" electricity="0.00" noise="69.52" route="routetop" type="cfm-fast" waiting="0.00" lane="top_0" pos="29.10" speed="24.37" angle="222.13" x="9.34" y="105.56"/>
        <vehicle id="cfm-fast_4" eclass="HBEFA3/PC_G_EU4" CO2="216693.30" CO="4876.82" HC="27.65" NOx="101.00" PMx="5.84" fuel="93.15" electricity="0.00" noise="141.60" route="routetop" type="cfm-fast" waiting="0.00" lane="left_1" pos="27.78" speed="55.46" angle="134.49" x="21.69" y="13.64"/>
        <vehicle id="cfm-fast_5" eclass="HBEFA3/PC_G_EU4" CO2="7459.65" CO="77.38" HC="0.53" NOx="2.94" PMx="0.15" fuel="3.21" electricity="0.00" noise="70.80" route="routetop" type="cfm-fast" waiting="0.00" lane="top_0" pos="45.88" speed="21.15" angle="191.98" x="-4.36" y="72.59"/>
        <vehicle id="cfm-slow_0" eclass="HBEFA3/PC_G_EU4" CO2="12474.82" CO="180.64" HC="1.13" NOx="5.31" PMx="0.28" fuel="5.36" electricity="0.00" noise="73.53" route="routetop" type="cfm-slow" waiting="0.00" lane="left_0" pos="8.68" speed="21.33" angle="168.78" x="-2.39" y="45.14"/>
        <vehicle id="cfm-slow_1" eclass="HBEFA3/PC_G_EU4" CO2="17795.32" CO="290.97" HC="1.77" NOx="7.79" PMx="0.42" fuel="7.65" electricity="0.00" noise="76.95" route="routetop" type="cfm-slow" waiting="0.00" lane="left_0" pos="25.59" speed="22.53" angle="138.46" x="16.06" y="14.25"/>
        <vehicle id="cfm-slow_2" eclass="HBEFA3/PC_G_EU4" CO2="23680.37" CO="416.09" HC="2.48" NOx="10.52" PMx="0.58" fuel="10.18" electricity="0.00" noise="80.50" route="routetop" type="cfm-slow" waiting="0.00" lane="left_0" pos="43.77" speed="24.53" angle="105.81" x="50.26" y="-3.63"/>
        <vehicle id="cfm-slow_3" eclass="HBEFA3/PC_G_EU4" CO2="25969.52" CO="473.52" HC="2.80" NOx="11.54" PMx="0.64" fuel="11.16" electricity="0.00" noise="81.46" route="routebottom" type="cfm-slow" waiting="0.00" lane="bottom_0" pos="14.02" speed="27.15" angle="69.25" x="92.96" y="1.62"/>
        <vehicle id="cfm-slow_4" eclass="HBEFA3/PC_G_EU4" CO2="19136.58" CO="347.84" HC="2.06" NOx="8.26" PMx="0.47" fuel="8.23" electricity="0.00" noise="78.03" route="routebottom" type="cfm-slow" waiting="0.00" lane="bottom_0" pos="36.96" speed="29.63" angle="27.93" x="126.57" y="36.29"/>
        <vehicle id="cfm-slow_5" eclass="HBEFA3/PC_G_EU4" CO2="0.00" CO="0.00" HC="0.00" NOx="0.00" PMx="0.00" fuel="0.00" electricity="0.00" noise="73.90" route="routebottom" type="cfm-slow" waiting="0.00" lane="right_0" pos="12.34" speed="30.77" angle="342.20" x="127.15" y="89.65"/>
    </timestep>
    <timestep time="4.11">
        <vehicle id="cfm-fast_0" eclass="HBEFA3/PC_G_EU4" CO2="0.00" CO="0.00" HC="0.00" NOx="0.00" PMx="0.00" fuel="0.00" electricity="0.00" noise="72.26" route="routebottom" type="cfm-fast" waiting="0.00" lane="right_0" pos="39.40" speed="29.47" angle="293.62" x="86.13" y="128.48"/>
        <vehicle id="cfm-fast_1" eclass="HBEFA3/PC_G_EU4" CO2="134776.90" CO="3095.63" HC="17.50" NOx="62.40" PMx="3.66" fuel="57.93" electricity="0.00" noise="118.14" route="routetop" type="cfm-fast" waiting="0.00" lane="top_1" pos="29.42" speed="51.98" angle="221.54" x="11.54" y="103.01"/>
        <vehicle id="cfm-fast_2" eclass="HBEFA3/PC_G_EU4" CO2="0.00" CO="0.00" HC="0.00" NOx="0.00" PMx="0.00" fuel="0.00" electricity="0.00" noise="70.81" route="routetop" type="cfm-fast" waiting="0.00" lane="top_0" pos="11.44" speed="26.28" angle="253.83" x="39.49" y="127.87"/>
        <vehicle id="cfm-fast_3" eclass="HBEFA3/PC_G_EU4" CO2="0.00" CO="0.00" HC="0.00" NOx="0.00" PMx="0.00" fuel="0.00" electricity="0.00" noise="69.51" route="routetop" type="cfm-fast" waiting="0.00" lane="top_0" pos="29.34" speed="24.35" angle="221.68" x="9.02" y="105.15"/>
        <vehicle id="cfm-fast_4" eclass="HBEFA3/PC_G_EU4" CO2="217279.19" CO="4892.80" HC="27.74" NOx="101.27" PMx="5.86" fuel="93.40" electricity="0.00" noise="141.67" route="routetop" type="cfm-fast" waiting="0.00" lane="left_1" pos="28.33" speed="55.59" angle="133.52" x="22.56" y="12.91"/>
        <vehicle id="cfm-fast_5" eclass="HBEFA3/PC_G_EU4" CO2="7478.96" CO="77.78" HC="0.54" NOx="2.95" PMx="0.15" fuel="3.21" electricity="0.00" noise="70.81" route="routetop" type="cfm-fast" waiting="0.00" lane="top_0" pos="46.10" speed="21.16" angle="191.60" x="-4.42" y="72.14"/>
        <vehicle id="cfm-slow_0" eclass="HBEFA3/PC_G_EU4" CO2="12502.87" CO="181.22" HC="1.13" NOx="5.32" PMx="0.28" fuel="5.37" electricity="0.00" noise="73.55" route="routetop" type="cfm-slow" waiting="0.00" lane="left_0" pos="8.89" speed="21.34" angle="168.43" x="-2.27" y="44.69"/>
        <vehicle id="cfm-slow_1" eclass="HBEFA3/PC_G_EU4" CO2="17828.78" CO="291.68" HC="1.77" NOx="7.81" PMx="0.42" fuel="7.66" electricity="0.00" noise="76.97" route="routetop" type="cfm-slow" waiting="0.00" lane="left_0" pos="25.82" speed="22.55" angle="138.06" x="16.41" y="13.92"/>
        <vehicle id="cfm-slow_2" eclass="HBEFA3/PC_G_EU4" CO2="23683.37" CO="416.24" HC="2.48" NOx="10.52" PMx="0.58" fuel="10.18" electricity="0.00" noise="80.49" route="routetop" type="cfm-slow" waiting="0.00" lane="left_0" pos="44.02" speed="24.56" angle="105.36" x="50.78" y="-3.72"/>
        <vehicle id="cfm-slow_3" eclass="HBEFA3/PC_G_EU4" CO2="25889.63" CO="472.02" HC="2.80" NOx="11.50" PMx="0.64" fuel="11.13" electricity="0.00" noise="81.41" route="routebottom" type="cfm-slow" waiting="0.00" lane="bottom_0" pos="14.30" speed="27.18" angle="68.76" x="93.49" y="1.88"/>
        <vehicle id="cfm-slow_4" eclass="HBEFA3/PC_G_EU4" CO2="18967.58" CO="344.49" HC="2.05" NOx="8.18" PMx="0.47" fuel="8.15" electricity="0.00" noise="77.96" route="routebottom" type="cfm-slow" waiting="0.00" lane="bottom_0" pos="37.25" speed="29.65" angle="27.45" x="126.83" y="36.88"/>
        <vehicle id="cfm-slow_5" eclass="HBEFA3/PC_G_EU4" CO2="0.00" CO="0.00" HC="0.00" NOx="0.00" PMx="0.00" fuel="0.00" electricity="0.00" noise="73.87" route="routebottom" type="cfm-slow" waiting="0.00" lane="right_0" pos="12.65" speed="30.77" angle="341.64" x="126.90" y="90.26"/>
    </timestep>
    <timestep time="4.12">
        <vehicle id="cfm-fast_0" eclass="HBEFA3/PC_G_EU4" CO2="0.00" CO="0.00" HC="0.00" NOx="0.00" PMx="0.00" fuel="0.00" electricity="0.00" noise="72.25" route="routebottom" type="cfm-fast" waiting="0.00" lane="right_0" pos="39.70" speed="29.45" angle="293.12" x="85.54" y="128.70"/>
        <vehicle id="cfm-fast_1" eclass="HBEFA3/PC_G_EU4" CO2="135018.32" CO="3102.84" HC="17.54" NOx="62.51" PMx="3.67" fuel="58.04" electricity="0.00" noise="118.18" route="routetop" type="cfm-fast" waiting="0.00" lane="top_1" pos="29.94" speed="52.06" angle="220.58" x="10.91" y="102.14"/>
        <vehicle id="cfm-fast_2" eclass="HBEFA3/PC_G_EU4" CO2="0.00" CO="0.00" HC="0.00" NOx="0.00" PMx="0.00" fuel="0.00" electricity="0.00" noise="70.80" route="routetop" type="cfm-fast" waiting="0.00" lane="top_0" pos="11.70" speed="26.27" angle="253.38" x="38.97" y="127.66"/>
        <vehicle id="cfm-fast_3" eclass="HBEFA3/PC_G_EU4" CO2="0.00" CO="0.00" HC="0.00" NOx="0.00" PMx="0.00" fuel="0.00" electricity="0.00" noise="69.51" route="routetop" type="cfm-fast" waiting="0.00" lane="top_0" pos="29.58" speed="24.34" angle="221.29" x="8.70" y="104.73"/>
        <vehicle id="cfm-fast_4" eclass="HBEFA3/PC_G_EU4" CO2="217865.37" CO="4908.80" HC="27.83" NOx="101.55" PMx="5.88" fuel="93.65" electricity="0.00" noise="141.73" route="routetop" type="cfm-fast" waiting="0.00" lane="left_1" pos="28.89" speed="55.73" angle="132.49" x="23.46" y="12.21"/>
        <vehicle id="cfm-fast_5" eclass="HBEFA3/PC_G_EU4" CO2="7498.59" CO="78.18" HC="0.54" NOx="2.96" PMx="0.15" fuel="3.22" electricity="0.00" noise="70.82" route="routetop" type="cfm-fast" waiting="0.00" lane="top_0" pos="46.31" speed="21.17" angle="191.25" x="-4.47" y="71.69"/>
        <vehicle id="cfm-slow_0" eclass="HBEFA3/PC_G_EU4" CO2="12531.15" CO="181.81" HC="1.14" NOx="5.33" PMx="0.28" fuel="5.39" electricity="0.00" noise="73.57" route="routetop" type="cfm-slow" waiting="0.00" lane="left_0" pos="9.10" speed="21.36" angle="168.05" x="-2.14" y="44.25"/>
        <vehicle id="cfm-slow_1" eclass="HBEFA3/PC_G_EU4" CO2="17862.15" CO="292.40" HC="1.77" NOx="7.82" PMx="0.42" fuel="7.68" electricity="0.00" noise="76.99" route="routetop" type="cfm-slow" waiting="0.00" lane="left_0" pos="26.04" speed="22.58" angle="137.65" x="16.77" y="13.59"/>
        <vehicle id="cfm-slow_2" eclass="HBEFA3/PC_G_EU4" CO2="23685.82" CO="416.38" HC="2.48" NOx="10.52" PMx="0.58" fuel="10.18" electricity="0.00" noise="80.49" route="routetop" type="cfm-slow" waiting="0.00" lane="left_0" pos="44.26" speed="24.59" angle="104.90" x="51.30" y="-3.82"/>
        <vehicle id="cfm-slow_3" eclass="HBEFA3/PC_G_EU4" CO2="25809.04" CO="470.51" HC="2.79" NOx="11.47" PMx="0.64" fuel="11.09" electricity="0.00" noise="81.36" route="routebottom" type="cfm-slow" waiting="0.00" lane="bottom_0" pos="14.57" speed="27.21" angle="68.25" x="94.01" y="2.14"/>
        <vehicle id="cfm-slow_4" eclass="HBEFA3/PC_G_EU4" CO2="18798.69" CO="341.13" HC="2.03" NOx="8.10" PMx="0.46" fuel="8.08" electricity="0.00" noise="77.89" route="routebottom" type="cfm-slow" waiting="0.00" lane="bottom_0" pos="37.55" speed="29.67" angle="26.92" x="127.07" y="37.47"/>
        <vehicle id="cfm-slow_5" eclass="HBEFA3/PC_G_EU4" CO2="0.00" CO="0.00" HC="0.00" NOx="0.00" PMx="0.00" fuel="0.00" electricity="0.00" noise="73.84" route="routebottom" type="cfm-slow" waiting="0.00" lane="right_0" pos="12.96" speed="30.77" angle="341.14" x="126.64" y="90.87"/>
    </timestep>
    <timestep time="4.13">
        <vehicle id="cfm-fast_0" eclass="HBEFA3/PC_G_EU4" CO2="0.00" CO="0.00" HC="0.00" NOx="0.00" PMx="0.00" fuel="0.00" electricity="0.00" noise="72.23" route="routebottom" type="cfm-fast" waiting="0.00" lane="right_0" pos="39.99" speed="29.44" angle="292.60" x="84.93" y="128.89"/>
        <vehicle id="cfm-fast_1" eclass="HBEFA3/PC_G_EU4" CO2="135266.17" CO="3110.19" HC="17.58" NOx="62.63" PMx="3.68" fuel="58.14" electricity="0.00" noise="118.22" route="routetop" type="cfm-fast" waiting="0.00" lane="top_1" pos="30.46" speed="52.15" angle="219.60" x="10.29" y="101.27"/>
        <vehicle id="cfm-fast_2" eclass="HBEFA3/PC_G_EU4" CO2="0.00" CO="0.00" HC="0.00" NOx="0.00" PMx="0.00" fuel="0.00" electricity="0.00" noise="70.79" route="routetop" type="cfm-fast" waiting="0.00" lane="top_0" pos="11.96" speed="26.25" angle="252.91" x="38.44" y="127.45"/>
        <vehicle id="cfm-fast_3" eclass="HBEFA3/PC_G_EU4" CO2="0.00" CO="0.00" HC="0.00" NOx="0.00" PMx="0.00" fuel="0.00" electricity="0.00" noise="69.50" route="routetop" type="cfm-fast" waiting="0.00" lane="top_0" pos="29.83" speed="24.32" angle="220.84" x="8.40" y="104.30"/>
        <vehicle id="cfm-fast_4" eclass="HBEFA3/PC_G_EU4" CO2="218451.85" CO="4924.82" HC="27.92" NOx="101.82" PMx="5.89" fuel="93.90" electricity="0.00" noise="141.80" route="routetop" type="cfm-fast" waiting="0.00" lane="left_1" pos="29.45" speed="55.87" angle="131.49" x="24.36" y="11.50"/>
        <vehicle id="cfm-fast_5" eclass="HBEFA3/PC_G_EU4" CO2="7518.56" CO="78.59" HC="0.54" NOx="2.97" PMx="0.15" fuel="3.23" electricity="0.00" noise="70.83" route="routetop" type="cfm-fast" waiting="0.00" lane="top_0" pos="46.52" speed="21.17" angle="190.87" x="-4.52" y="71.23"/>
        <vehicle id="cfm-slow_0" eclass="HBEFA3/PC_G_EU4" CO2="12559.67" CO="182.40" HC="1.14" NOx="5.35" PMx="0.28" fuel="5.40" electricity="0.00" noise="73.59" route="routetop" type="cfm-slow" waiting="0.00" lane="left_0" pos="9.32" speed="21.38" angle="167.66" x="-2.00" y="43.81"/>
        <vehicle id="cfm-slow_1" eclass="HBEFA3/PC_G_EU4" CO2="17895.45" CO="293.11" HC="1.78" NOx="7.84" PMx="0.42" fuel="7.69" electricity="0.00" noise="77.01" route="routetop" type="cfm-slow" waiting="0.00" lane="left_0" pos="26.27" speed="22.60" angle="137.23" x="17.12" y="13.26"/>
        <vehicle id="cfm-slow_2" eclass="HBEFA3/PC_G_EU4" CO2="23687.72" CO="416.50" HC="2.49" NOx="10.52" PMx="0.58" fuel="10.18" electricity="0.00" noise="80.48" route="routetop" type="cfm-slow" waiting="0.00" lane="left_0" pos="44.51" speed="24.62" angle="104.45" x="51.82" y="-3.92"/>
        <vehicle id="cfm-slow_3" eclass="HBEFA3/PC_G_EU4" CO2="25727.77" CO="468.99" HC="2.78" NOx="11.43" PMx="0.64" fuel="11.06" electricity="0.00" noise="81.31" route="routebottom" type="cfm-slow" waiting="0.00" lane="bottom_0" pos="14.84" speed="27.24" angle="67.75" x="94.54" y="2.40"/>
        <vehicle id="cfm-slow_4" eclass="HBEFA3/PC_G_EU4" CO2="18629.91" CO="337.77" HC="2.01" NOx="8.02" PMx="0.46" fuel="8.01" electricity="0.00" noise="77.82" route="routebottom" type="cfm-slow" waiting="0.00" lane="bottom_0" pos="37.85" speed="29.68" angle="26.38" x="127.30" y="38.06"/>
        <vehicle id="cfm-slow_5" eclass="HBEFA3/PC_G_EU4" CO2="0.00" CO="0.00" HC="0.00" NOx="0.00" PMx="0.00" fuel="0.00" electricity="0.00" noise="73.82" route="routebottom" type="cfm-slow" waiting="0.00" lane="right_0" pos="13.27" speed="30.76" angle="340.58" x="126.37" y="91.48"/>
    </timestep>
    <timestep time="4.14">
        <vehicle id="cfm-fast_0" eclass="HBEFA3/PC_G_EU4" CO2="0.00" CO="0.00" HC="0.00" NOx="0.00" PMx="0.00" fuel="0.00" electricity="0.00" noise="72.22" route="routebottom" type="cfm-fast" waiting="0.00" lane="right_0" pos="40.29" speed="29.42" angle="292.04" x="84.33" y="129.08"/>
        <vehicle id="cfm-fast_1" eclass="HBEFA3/PC_G_EU4" CO2="135520.39" CO="3117.68" HC="17.62" NOx="62.75" PMx="3.69" fuel="58.25" electricity="0.00" noise="118.26" route="routetop" type="cfm-fast" waiting="0.00" lane="top_1" pos="30.98" speed="52.24" angle="218.69" x="9.68" y="100.40"/>
        <vehicle id="cfm-fast_2" eclass="HBEFA3/PC_G_EU4" CO2="0.00" CO="0.00" HC="0.00" NOx="0.00" PMx="0.00" fuel="0.00" electricity="0.00" noise="70.77" route="routetop" type="cfm-fast" waiting="0.00" lane="top_0" pos="12.23" speed="26.24" angle="252.43" x="37.92" y="127.24"/>
        <vehicle id="cfm-fast_3" eclass="HBEFA3/PC_G_EU4" CO2="0.00" CO="0.00" HC="0.00" NOx="0.00" PMx="0.00" fuel="0.00" electricity="0.00" noise="69.50" route="routetop" type="cfm-fast" waiting="0.00" lane="top_0" pos="30.07" speed="24.31" angle="220.39" x="8.09" y="103.88"/>
        <vehicle id="cfm-fast_4" eclass="HBEFA3/PC_G_EU4" CO2="219038.61" CO="4940.86" HC="28.00" NOx="102.09" PMx="5.91" fuel="94.15" electricity="0.00" noise="141.87" route="routetop" type="cfm-fast" waiting="0.00" lane="left_1" pos="30.01" speed="56.00" angle="130.47" x="25.30" y="10.83"/>
        <vehicle id="cfm-fast_5" eclass="HBEFA3/PC_G_EU4" CO2="7538.86" CO="79.01" HC="0.54" NOx="2.98" PMx="0.15" fuel="3.24" electricity="0.00" noise="70.84" route="routetop" type="cfm-fast" waiting="0.00" lane="top_0" pos="46.73" speed="21.18" angle="190.48" x="-4.57" y="70.78"/>
        <vehicle id="cfm-slow_0" eclass="HBEFA3/PC_G_EU4" CO2="12588.40" CO="182.99" HC="1.14" NOx="5.36" PMx="0.28" fuel="5.41" electricity="0.00" noise="73.61" route="routetop" type="cfm-slow" waiting="0.00" lane="left_0" pos="9.53" speed="21.39" angle="167.26" x="-1.87" y="43.37"/>
        <vehicle id="cfm-slow_1" eclass="HBEFA3/PC_G_EU4" CO2="17928.65" CO="293.83" HC="1.78" NOx="7.85" PMx="0.42" fuel="7.71" electricity="0.00" noise="77.03" route="routetop" type="cfm-slow" waiting="0.00" lane="left_0" pos="26.50" speed="22.63" angle="136.81" x="17.48" y="12.93"/>
        <vehicle id="cfm-slow_2" eclass="HBEFA3/PC_G_EU4" CO2="23689.07" CO="416.62" HC="2.49" NOx="10.52" PMx="0.58" fuel="10.18" electricity="0.00" noise="80.48" route="routetop" type="cfm-slow" waiting="0.00" lane="left_0" pos="44.76" speed="24.65" angle="103.99" x="52.34" y="-4.01"/>
        <vehicle id="cfm-slow_3" eclass="HBEFA3/PC_G_EU4" CO2="25645.81" CO="467.45" HC="2.77" NOx="11.39" PMx="0.63" fuel="11.02" electricity="0.00" noise="81.26" route="routebottom" type="cfm-slow" waiting="0.00" lane="bottom_0" pos="15.11" speed="27.27" angle="67.24" x="95.06" y="2.66"/>
        <vehicle id="cfm-slow_4" eclass="HBEFA3/PC_G_EU4" CO2="18461.25" CO="334.42" HC="1.99" NOx="7.94" PMx="0.46" fuel="7.94" electricity="0.00" noise="77.75" route="routebottom" type="cfm-slow" waiting="0.00" lane="bottom_0" pos="38.14" speed="29.70" angle="25.84" x="127.54" y="38.66"/>
        <vehicle id="cfm-slow_5" eclass="HBEFA3/PC_G_EU4" CO2="0.00" CO="0.00" HC="0.00" NOx="0.00" PMx="0.00" fuel="0.00" electricity="0.00" noise="73.79" route="routebottom" type="cfm-slow" waiting="0.00" lane="right_0" pos="13.58" speed="30.76" angle="340.02" x="126.10" y="92.08"/>
    </timestep>
    <timestep time="4.15">
        <vehicle id="cfm-fast_0" eclass="HBEFA3/PC_G_EU4" CO2="0.00" CO="0.00" HC="0.00" NOx="0.00" PMx="0.00" fuel="0.00" electricity="0.00" noise="72.21" route="routebottom" type="cfm-fast" waiting="0.00" lane="right_0" pos="40.58" speed="29.41" angle="291.48" x="83.73" y="129.27"/>
        <vehicle id="cfm-fast_1" eclass="HBEFA3/PC_G_EU4" CO2="135780.92" CO="3125.30" HC="17.66" NOx="62.87" PMx="3.69" fuel="58.37" electricity="0.00" noise="118.30" route="routetop" type="cfm-fast" waiting="0.00" lane="top_1" pos="31.51" speed="52.32" angle="217.75" x="9.08" y="99.50"/>
        <vehicle id="cfm-fast_2" eclass="HBEFA3/PC_G_EU4" CO2="0.00" CO="0.00" HC="0.00" NOx="0.00" PMx="0.00" fuel="0.00" electricity="0.00" noise="70.76" route="routetop" type="cfm-fast" waiting="0.00" lane="top_0" pos="12.49" speed="26.23" angle="251.96" x="37.39" y="127.04"/>
        <vehicle id="cfm-fast_3" eclass="HBEFA3/PC_G_EU4" CO2="0.00" CO="0.00" HC="0.00" NOx="0.00" PMx="0.00" fuel="0.00" electricity="0.00" noise="69.49" route="routetop" type="cfm-fast" waiting="0.00" lane="top_0" pos="30.31" speed="24.29" angle="219.94" x="7.79" y="103.45"/>
        <vehicle id="cfm-fast_4" eclass="HBEFA3/PC_G_EU4" CO2="219625.67" CO="4956.93" HC="28.09" NOx="102.37" PMx="5.93" fuel="94.41" electricity="0.00" noise="141.93" route="routetop" type="cfm-fast" waiting="0.00" lane="left_1" pos="30.57" speed="56.14" angle="129.42" x="26.23" y="10.16"/>
        <vehicle id="cfm-fast_5" eclass="HBEFA3/PC_G_EU4" CO2="7559.48" CO="79.43" HC="0.55" NOx="2.99" PMx="0.15" fuel="3.25" electricity="0.00" noise="70.86" route="routetop" type="cfm-fast" waiting="0.00" lane="top_0" pos="46.94" speed="21.19" angle="190.09" x="-4.61" y="70.33"/>
        <vehicle id="cfm-slow_0" eclass="HBEFA3/PC_G_EU4" CO2="12617.36" CO="183.59" HC="1.15" NOx="5.37" PMx="0.28" fuel="5.42" electricity="0.00" noise="73.63" route="routetop" type="cfm-slow" waiting="0.00" lane="left_0" pos="9.74" speed="21.41" angle="166.86" x="-1.73" y="42.93"/>
        <vehicle id="cfm-slow_1" eclass="HBEFA3/PC_G_EU4" CO2="17961.75" CO="294.54" HC="1.79" NOx="7.87" PMx="0.42" fuel="7.72" electricity="0.00" noise="77.05" route="routetop" type="cfm-slow" waiting="0.00" lane="left_0" pos="26.72" speed="22.65" angle="136.39" x="17.84" y="12.60"/>
        <vehicle id="cfm-slow_2" eclass="HBEFA3/PC_G_EU4" CO2="23689.86" CO="416.72" HC="2.49" NOx="10.52" PMx="0.58" fuel="10.18" electricity="0.00" noise="80.47" route="routetop" type="cfm-slow" waiting="0.00" lane="left_0" pos="45.00" speed="24.68" angle="103.60" x="52.86" y="-4.10"/>
        <vehicle id="cfm-slow_3" eclass="HBEFA3/PC_G_EU4" CO2="25563.18" CO="465.89" HC="2.76" NOx="11.35" PMx="0.63" fuel="10.99" electricity="0.00" noise="81.21" route="routebottom" type="cfm-slow" waiting="0.00" lane="bottom_0" pos="15.39" speed="27.30" angle="66.80" x="95.59" y="2.92"/>
        <vehicle id="cfm-slow_4" eclass="HBEFA3/PC_G_EU4" CO2="18292.72" CO="331.07" HC="1.97" NOx="7.86" PMx="0.45" fuel="7.86" electricity="0.00" noise="77.68" route="routebottom" type="cfm-slow" waiting="0.00" lane="bottom_0" pos="38.44" speed="29.72" angle="25.34" x="127.78" y="39.25"/>
        <vehicle id="cfm-slow_5" eclass="HBEFA3/PC_G_EU4" CO2="0.00" CO="0.00" HC="0.00" NOx="0.00" PMx="0.00" fuel="0.00" electricity="0.00" noise="73.76" route="routebottom" type="cfm-slow" waiting="0.00" lane="right_0" pos="13.88" speed="30.76" angle="339.46" x="125.83" y="92.69"/>
    </timestep>
    <timestep time="4.16">
        <vehicle id="cfm-fast_0" eclass="HBEFA3/PC_G_EU4" CO2="0.00" CO="0.00" HC="0.00" NOx="0.00" PMx="0.00" fuel="0.00" electricity="0.00" noise="72.19" route="routebottom" type="cfm-fast" waiting="0.00" lane="right_0" pos="40.88" speed="29.39" angle="290.92" x="83.12" y="129.45"/>
        <vehicle id="cfm-fast_1" eclass="HBEFA3/PC_G_EU4" CO2="136047.68" CO="3133.06" HC="17.70" NOx="62.99" PMx="3.70" fuel="58.48" electricity="0.00" noise="118.35" route="routetop" type="cfm-fast" waiting="0.00" lane="top_1" pos="32.03" speed="52.41" angle="216.86" x="8.49" y="98.61"/>
        <vehicle id="cfm-fast_2" eclass="HBEFA3/PC_G_EU4" CO2="0.00" CO="0.00" HC="0.00" NOx="0.00" PMx="0.00" fuel="0.00" electricity="0.00" noise="70.75" route="routetop" type="cfm-fast" waiting="0.00" lane="top_0" pos="12.75" speed="26.22" angle="251.52" x="36.87" y="126.83"/>
        <vehicle id="cfm-fast_3" eclass="HBEFA3/PC_G_EU4" CO2="0.00" CO="0.00" HC="0.00" NOx="0.00" PMx="0.00" fuel="0.00" electricity="0.00" noise="69.48" route="routetop" type="cfm-fast" waiting="0.00" lane="top_0" pos="30.56" speed="24.27" angle="219.49" x="7.48" y="103.03"/>
        <vehicle id="cfm-fast_4" eclass="HBEFA3/PC_G_EU4" CO2="220213.02" CO="4973.02" HC="28.18" NOx="102.64" PMx="5.95" fuel="94.66" electricity="0.00" noise="142.00" route="routetop" type="cfm-fast" waiting="0.00" lane="left_1" pos="31.13" speed="56.27" angle="128.46" x="27.18" y="9.51"/>
        <vehicle id="cfm-fast_5" eclass="HBEFA3/PC_G_EU4" CO2="7580.42" CO="79.87" HC="0.55" NOx="3.00" PMx="0.15" fuel="3.26" electricity="0.00" noise="70.87" route="routetop" type="cfm-fast" waiting="0.00" lane="top_0" pos="47.15" speed="21.20" angle="189.70" x="-4.66" y="69.87"/>
        <vehicle id="cfm-slow_0" eclass="HBEFA3/PC_G_EU4" CO2="12646.53" CO="184.20" HC="1.15" NOx="5.39" PMx="0.28" fuel="5.44" electricity="0.00" noise="73.65" route="routetop" type="cfm-slow" waiting="0.00" lane="left_0" pos="9.96" speed="21.43" angle="166.47" x="-1.59" y="42.49"/>
        <vehicle id="cfm-slow_1" eclass="HBEFA3/PC_G_EU4" CO2="17994.76" CO="295.25" HC="1.79" NOx="7.88" PMx="0.42" fuel="7.74" electricity="0.00" noise="77.07" route="routetop" type="cfm-slow" waiting="0.00" lane="left_0" pos="26.95" speed="22.68" angle="136.03" x="18.20" y="12.27"/>
        <vehicle id="cfm-slow_2" eclass="HBEFA3/PC_G_EU4" CO2="23690.10" CO="416.82" HC="2.49" NOx="10.52" PMx="0.58" fuel="10.18" electricity="0.00" noise="80.47" route="routetop" type="cfm-slow" waiting="0.00" lane="left_0" pos="45.25" speed="24.71" angle="103.14" x="53.39" y="-4.17"/>
        <vehicle id="cfm-slow_3" eclass="HBEFA3/PC_G_EU4" CO2="25479.88" CO="464.33" HC="2.75" NOx="11.31" PMx="0.63" fuel="10.95" electricity="0.00" noise="81.16" route="routebottom" type="cfm-slow" waiting="0.00" lane="bottom_0" pos="15.66" speed="27.33" angle="66.29" x="96.10" y="3.21"/>
        <vehicle id="cfm-slow_4" eclass="HBEFA3/PC_G_EU4" CO2="18124.33" CO="327.71" HC="1.95" NOx="7.78" PMx="0.45" fuel="7.79" electricity="0.00" noise="77.61" route="routebottom" type="cfm-slow" waiting="0.00" lane="bottom_0" pos="38.74" speed="29.73" angle="24.82" x="128.00" y="39.85"/>
        <vehicle id="cfm-slow_5" eclass="HBEFA3/PC_G_EU4" CO2="0.00" CO="0.00" HC="0.00" NOx="0.00" PMx="0.00" fuel="0.00" electricity="0.00" noise="73.74" route="routebottom" type="cfm-slow" waiting="0.00" lane="right_0" pos="14.19" speed="30.75" angle="338.95" x="125.55" y="93.29"/>
    </timestep>
    <timestep time="4.17">
        <vehicle id="cfm-fast_0" eclass="HBEFA3/PC_G_EU4" CO2="0.00" CO="0.00" HC="0.00" NOx="0.00" PMx="0.00" fuel="0.00" electricity="0.00" noise="72.18" route="routebottom" type="cfm-fast" waiting="0.00" lane="right_0" pos="41.17" speed="29.38" angle="290.44" x="82.51" y="129.63"/>
        <vehicle id="cfm-fast_1" eclass="HBEFA3/PC_G_EU4" CO2="136320.60" CO="3140.95" HC="17.74" NOx="63.12" PMx="3.71" fuel="58.60" electricity="0.00" noise="118.39" route="routetop" type="cfm-fast" waiting="0.00" lane="top_1" pos="32.56" speed="52.50" angle="215.92" x="7.93" y="97.69"/>
        <vehicle id="cfm-fast_2" eclass="HBEFA3/PC_G_EU4" CO2="0.00" CO="0.00" HC="0.00" NOx="0.00" PMx="0.00" fuel="0.00" electricity="0.00" noise="70.74" route="routetop" type="cfm-fast" waiting="0.00" lane="top_0" pos="13.01" speed="26.21" angle="251.06" x="36.35" y="126.60"/>
        <vehicle id="cfm-fast_3" eclass="HBEFA3/PC_G_EU4" CO2="0.00" CO="0.00" HC="0.00" NOx="0.00" PMx="0.00" fuel="0.00" electricity="0.00" noise="69.48" route="routetop" type="cfm-fast" waiting="0.00" lane="top_0" pos="30.80" speed="24.26" angle="219.10" x="7.18" y="102.61"/>
        <vehicle id="cfm-fast_4" eclass="HBEFA3/PC_G_EU4" CO2="220800.67" CO="4989.13" HC="28.27" NOx="102.92" PMx="5.96" fuel="94.91" electricity="0.00" noise="142.06" route="routetop" type="cfm-fast" waiting="0.00" lane="left_1" pos="31.70" speed="56.41" angle="127.44" x="28.14" y="8.86"/>
        <vehicle id="cfm-fast_5" eclass="HBEFA3/PC_G_EU4" CO2="7601.67" CO="80.30" HC="0.55" NOx="3.01" PMx="0.15" fuel="3.27" electricity="0.00" noise="70.88" route="routetop" type="cfm-fast" waiting="0.00" lane="top_0" pos="47.37" speed="21.20" angle="189.32" x="-4.71" y="69.42"/>
        <vehicle id="cfm-slow_0" eclass="HBEFA3/PC_G_EU4" CO2="12675.91" CO="184.81" HC="1.15" NOx="5.40" PMx="0.28" fuel="5.45" electricity="0.00" noise="73.67" route="routetop" type="cfm-slow" waiting="0.00" lane="left_0" pos="10.17" speed="21.44" angle="166.11" x="-1.46" y="42.05"/>
        <vehicle id="cfm-slow_1" eclass="HBEFA3/PC_G_EU4" CO2="18027.65" CO="295.96" HC="1.79" NOx="7.90" PMx="0.42" fuel="7.75" electricity="0.00" noise="77.09" route="routetop" type="cfm-slow" waiting="0.00" lane="left_0" pos="27.18" speed="22.70" angle="135.61" x="18.57" y="11.96"/>
        <vehicle id="cfm-slow_2" eclass="HBEFA3/PC_G_EU4" CO2="23689.78" CO="416.90" HC="2.49" NOx="10.52" PMx="0.58" fuel="10.18" electricity="0.00" noise="80.46" route="routetop" type="cfm-slow" waiting="0.00" lane="left_0" pos="45.50" speed="24.74" angle="102.69" x="53.92" y="-4.24"/>
        <vehicle id="cfm-slow_3" eclass="HBEFA3/PC_G_EU4" CO2="25395.92" CO="462.75" HC="2.74" NOx="11.27" PMx="0.63" fuel="10.92" electricity="0.00" noise="81.11" route="routebottom" type="cfm-slow" waiting="0.00" lane="bottom_0" pos="15.93" speed="27.36" angle="65.79" x="96.62" y="3.50"/>
        <vehicle id="cfm-slow_4" eclass="HBEFA3/PC_G_EU4" CO2="17956.08" CO="324.36" HC="1.93" NOx="7.70" PMx="0.44" fuel="7.72" electricity="0.00" noise="77.55" route="routebottom" type="cfm-slow" waiting="0.00" lane="bottom_0" pos="39.04" speed="29.75" angle="24.29" x="128.22" y="40.45"/>
        <vehicle id="cfm-slow_5" eclass="HBEFA3/PC_G_EU4" CO2="0.00" CO="0.00" HC="0.00" NOx="0.00" PMx="0.00" fuel="0.00" electricity="0.00" noise="73.71" route="routebottom" type="cfm-slow" waiting="0.00" lane="right_0" pos="14.50" speed="30.75" angle="338.37" x="125.26" y="93.88"/>
    </timestep>
    <timestep time="4.18">
        <vehicle id="cfm-fast_0" eclass="HBEFA3/PC_G_EU4" CO2="0.00" CO="0.00" HC="0.00" NOx="0.00" PMx="0.00" fuel="0.00" electricity="0.00" noise="72.17" route="routebottom" type="cfm-fast" waiting="0.00" lane="right_0" pos="41.46" speed="29.36" angle="289.91" x="81.90" y="129.79"/>
        <vehicle id="cfm-fast_1" eclass="HBEFA3/PC_G_EU4" CO2="136599.61" CO="3148.97" HC="17.79" NOx="63.25" PMx="3.72" fuel="58.72" electricity="0.00" noise="118.44" route="routetop" type="cfm-fast" waiting="0.00" lane="top_1" pos="33.08" speed="52.59" angle="214.96" x="7.37" y="96.77"/>
        <vehicle id="cfm-fast_2" eclass="HBEFA3/PC_G_EU4" CO2="0.00" CO="0.00" HC="0.00" NOx="0.00" PMx="0.00" fuel="0.00" electricity="0.00" noise="70.72" route="routetop" type="cfm-fast" waiting="0.00" lane="top_0" pos="13.27" speed="26.19" angle="250.58" x="35.84" y="126.37"/>
        <vehicle id="cfm-fast_3" eclass="HBEFA3/PC_G_EU4" CO2="0.00" CO="0.00" HC="0.00" NOx="0.00" PMx="0.00" fuel="0.00" electricity="0.00" noise="69.47" route="routetop" type="cfm-fast" waiting="0.00" lane="top_0" pos="31.04" speed="24.24" angle="218.66" x="6.89" y="102.17"/>
        <vehicle id="cfm-fast_4" eclass="HBEFA3/PC_G_EU4" CO2="221388.60" CO="5005.26" HC="28.36" NOx="103.19" PMx="5.98" fuel="95.16" electricity="0.00" noise="142.13" route="routetop" type="cfm-fast" waiting="0.00" lane="left_1" pos="32.26" speed="56.55" angle="126.47" x="29.12" y="8.24"/>
        <vehicle id="cfm-fast_5" eclass="HBEFA3/PC_G_EU4" CO2="7623.24" CO="80.75" HC="0.55" NOx="3.02" PMx="0.15" fuel="3.28" electricity="0.00" noise="70.89" route="routetop" type="cfm-fast" waiting="0.00" lane="top_0" pos="47.58" speed="21.21" angle="188.97" x="-4.74" y="68.97"/>
        <vehicle id="cfm-slow_0" eclass="HBEFA3/PC_G_EU4" CO2="12705.50" CO="185.42" HC="1.16" NOx="5.41" PMx="0.28" fuel="5.46" electricity="0.00" noise="73.69" route="routetop" type="cfm-slow" waiting="0.00" lane="left_0" pos="10.39" speed="21.46" angle="165.74" x="-1.31" y="41.62"/>
        <vehicle id="cfm-slow_1" eclass="HBEFA3/PC_G_EU4" CO2="18060.44" CO="296.66" HC="1.80" NOx="7.91" PMx="0.42" fuel="7.76" electricity="0.00" noise="77.11" route="routetop" type="cfm-slow" waiting="0.00" lane="left_0" pos="27.40" speed="22.72" angle="135.18" x="18.95" y="11.64"/>
        <vehicle id="cfm-slow_2" eclass="HBEFA3/PC_G_EU4" CO2="23688.89" CO="416.98" HC="2.49" NOx="10.52" PMx="0.58" fuel="10.18" electricity="0.00" noise="80.46" route="routetop" type="cfm-slow" waiting="0.00" lane="left_0" pos="45.75" speed="24.77" angle="102.23" x="54.44" y="-4.32"/>
        <vehicle id="cfm-slow_3" eclass="HBEFA3/PC_G_EU4" CO2="25311.29" CO="461.15" HC="2.73" NOx="11.23" PMx="0.63" fuel="10.88" electricity="0.00" noise="81.06" route="routebottom" type="cfm-slow" waiting="0.00" lane="bottom_0" pos="16.21" speed="27.39" angle="65.28" x="97.13" y="3.78"/>
        <vehicle id="cfm-slow_4" eclass="HBEFA3/PC_G_EU4" CO2="17787.99" CO="321.01" HC="1.91" NOx="7.63" PMx="0.44" fuel="7.65" electricity="0.00" noise="77.48" route="routebottom" type="cfm-slow" waiting="0.00" lane="bottom_0" pos="39.33" speed="29.76" angle="23.75" x="128.43" y="41.05"/>
        <vehicle id="cfm-slow_5" eclass="HBEFA3/PC_G_EU4" CO2="0.00" CO="0.00" HC="0.00" NOx="0.00" PMx="0.00" fuel="0.00" electricity="0.00" noise="73.69" route="routebottom" type="cfm-slow" waiting="0.00" lane="right_0" pos="14.81" speed="30.74" angle="337.78" x="124.96" y="94.47"/>
    </timestep>
    <timestep time="4.19">
        <vehicle id="cfm-fast_0" eclass="HBEFA3/PC_G_EU4" CO2="0.00" CO="0.00" HC="0.00" NOx="0.00" PMx="0.00" fuel="0.00" electricity="0.00" noise="72.16" route="routebottom" type="cfm-fast" waiting="0.00" lane="right_0" pos="41.76" speed="29.34" angle="289.38" x="81.29" y="129.96"/>
        <vehicle id="cfm-fast_1" eclass="HBEFA3/PC_G_EU4" CO2="136884.66" CO="3157.13" HC="17.83" NOx="63.38" PMx="3.73" fuel="58.84" electricity="0.00" noise="118.49" route="routetop" type="cfm-fast" waiting="0.00" lane="top_1" pos="33.61" speed="52.67" angle="214.06" x="6.83" y="95.83"/>
        <vehicle id="cfm-fast_2" eclass="HBEFA3/PC_G_EU4" CO2="0.00" CO="0.00" HC="0.00" NOx="0.00" PMx="0.00" fuel="0.00" electricity="0.00" noise="70.71" route="routetop" type="cfm-fast" waiting="0.00" lane="top_0" pos="13.54" speed="26.18" angle="250.10" x="35.32" y="126.14"/>
        <vehicle id="cfm-fast_3" eclass="HBEFA3/PC_G_EU4" CO2="0.00" CO="0.00" HC="0.00" NOx="0.00" PMx="0.00" fuel="0.00" electricity="0.00" noise="69.47" route="routetop" type="cfm-fast" waiting="0.00" lane="top_0" pos="31.28" speed="24.23" angle="218.23" x="6.60" y="101.74"/>
        <vehicle id="cfm-fast_4" eclass="HBEFA3/PC_G_EU4" CO2="221976.83" CO="5021.41" HC="28.45" NOx="103.47" PMx="6.00" fuel="95.42" electricity="0.00" noise="142.20" route="routetop" type="cfm-fast" waiting="0.00" lane="left_1" pos="32.83" speed="56.68" angle="125.41" x="30.12" y="7.64"/>
        <vehicle id="cfm-fast_5" eclass="HBEFA3/PC_G_EU4" CO2="7645.12" CO="81.20" HC="0.56" NOx="3.03" PMx="0.15" fuel="3.29" electricity="0.00" noise="70.91" route="routetop" type="cfm-fast" waiting="0.00" lane="top_0" pos="47.79" speed="21.22" angle="188.57" x="-4.77" y="68.51"/>
        <vehicle id="cfm-slow_0" eclass="HBEFA3/PC_G_EU4" CO2="12735.29" CO="186.04" HC="1.16" NOx="5.43" PMx="0.28" fuel="5.47" electricity="0.00" noise="73.71" route="routetop" type="cfm-slow" waiting="0.00" lane="left_0" pos="10.60" speed="21.47" angle="165.34" x="-1.15" y="41.18"/>
        <vehicle id="cfm-slow_1" eclass="HBEFA3/PC_G_EU4" CO2="18093.11" CO="297.37" HC="1.80" NOx="7.93" PMx="0.43" fuel="7.78" electricity="0.00" noise="77.13" route="routetop" type="cfm-slow" waiting="0.00" lane="left_0" pos="27.63" speed="22.75" angle="134.76" x="19.32" y="11.33"/>
        <vehicle id="cfm-slow_2" eclass="HBEFA3/PC_G_EU4" CO2="23687.44" CO="417.04" HC="2.49" NOx="10.52" PMx="0.58" fuel="10.18" electricity="0.00" noise="80.45" route="routetop" type="cfm-slow" waiting="0.00" lane="left_0" pos="45.99" speed="24.80" angle="101.77" x="54.97" y="-4.39"/>
        <vehicle id="cfm-slow_3" eclass="HBEFA3/PC_G_EU4" CO2="25226.01" CO="459.55" HC="2.72" NOx="11.19" PMx="0.62" fuel="10.84" electricity="0.00" noise="81.01" route="routebottom" type="cfm-slow" waiting="0.00" lane="bottom_0" pos="16.48" speed="27.42" angle="64.78" x="97.65" y="4.07"/>
        <vehicle id="cfm-slow_4" eclass="HBEFA3/PC_G_EU4" CO2="17620.06" CO="317.67" HC="1.89" NOx="7.55" PMx="0.43" fuel="7.57" electricity="0.00" noise="77.41" route="routebottom" type="cfm-slow" waiting="0.00" lane="bottom_0" pos="39.63" speed="29.78" angle="23.22" x="128.65" y="41.66"/>
        <vehicle id="cfm-slow_5" eclass="HBEFA3/PC_G_EU4" CO2="0.00" CO="0.00" HC="0.00" NOx="0.00" PMx="0.00" fuel="0.00" electricity="0.00" noise="73.66" route="routebottom" type="cfm-slow" waiting="0.00" lane="right_0" pos="15.11" speed="30.74" angle="337.20" x="124.66" y="95.06"/>
    </timestep>
    <timestep time="4.20">
        <vehicle id="cfm-fast_0" eclass="HBEFA3/PC_G_EU4" CO2="0.00" CO="0.00" HC="0.00" NOx="0.00" PMx="0.00" fuel="0.00" electricity="0.00" noise="72.14" route="routebottom" type="cfm-fast" waiting="0.00" lane="right_0" pos="42.05" speed="29.33" angle="288.85" x="80.68" y="130.12"/>
        <vehicle id="cfm-fast_1" eclass="HBEFA3/PC_G_EU4" CO2="137175.66" CO="3165.41" HC="17.88" NOx="63.52" PMx="3.74" fuel="58.96" electricity="0.00" noise="118.55" route="routetop" type="cfm-fast" waiting="0.00" lane="top_1" pos="34.14" speed="52.76" angle="213.09" x="6.31" y="94.88"/>
        <vehicle id="cfm-fast_2" eclass="HBEFA3/PC_G_EU4" CO2="0.00" CO="0.00" HC="0.00" NOx="0.00" PMx="0.00" fuel="0.00" electricity="0.00" noise="70.70" route="routetop" type="cfm-fast" waiting="0.00" lane="top_0" pos="13.80" speed="26.17" angle="249.63" x="34.81" y="125.91"/>
        <vehicle id="cfm-fast_3" eclass="HBEFA3/PC_G_EU4" CO2="0.00" CO="0.00" HC="0.00" NOx="0.00" PMx="0.00" fuel="0.00" electricity="0.00" noise="69.46" route="routetop" type="cfm-fast" waiting="0.00" lane="top_0" pos="31.52" speed="24.21" angle="217.79" x="6.31" y="101.30"/>
        <vehicle id="cfm-fast_4" eclass="HBEFA3/PC_G_EU4" CO2="222565.34" CO="5037.58" HC="28.54" NOx="103.75" PMx="6.01" fuel="95.67" electricity="0.00" noise="142.26" route="routetop" type="cfm-fast" waiting="0.00" lane="left_1" pos="33.40" speed="56.82" angle="124.42" x="31.12" y="7.04"/>
        <vehicle id="cfm-fast_5" eclass="HBEFA3/PC_G_EU4" CO2="7667.31" CO="81.66" HC="0.56" NOx="3.04" PMx="0.15" fuel="3.30" electricity="0.00" noise="70.92" route="routetop" type="cfm-fast" waiting="0.00" lane="top_0" pos="48.00" speed="21.23" angle="188.16" x="-4.80" y="68.05"/>
        <vehicle id="cfm-slow_0" eclass="HBEFA3/PC_G_EU4" CO2="12765.27" CO="186.66" HC="1.16" NOx="5.44" PMx="0.28" fuel="5.49" electricity="0.00" noise="73.73" route="routetop" type="cfm-slow" waiting="0.00" lane="left_0" pos="10.82" speed="21.49" angle="164.95" x="-1.00" y="40.75"/>
        <vehicle id="cfm-slow_1" eclass="HBEFA3/PC_G_EU4" CO2="18125.65" CO="298.07" HC="1.81" NOx="7.94" PMx="0.43" fuel="7.79" electricity="0.00" noise="77.15" route="routetop" type="cfm-slow" waiting="0.00" lane="left_0" pos="27.86" speed="22.77" angle="134.33" x="19.69" y="11.01"/>
        <vehicle id="cfm-slow_2" eclass="HBEFA3/PC_G_EU4" CO2="23685.42" CO="417.09" HC="2.49" NOx="10.52" PMx="0.58" fuel="10.18" electricity="0.00" noise="80.44" route="routetop" type="cfm-slow" waiting="0.00" lane="left_0" pos="46.24" speed="24.83" angle="101.37" x="55.50" y="-4.46"/>
        <vehicle id="cfm-slow_3" eclass="HBEFA3/PC_G_EU4" CO2="25140.08" CO="457.92" HC="2.71" NOx="11.14" PMx="0.62" fuel="10.81" electricity="0.00" noise="80.96" route="routebottom" type="cfm-slow" waiting="0.00" lane="bottom_0" pos="16.76" speed="27.44" angle="64.32" x="98.16" y="4.36"/>
        <vehicle id="cfm-slow_4" eclass="HBEFA3/PC_G_EU4" CO2="17452.30" CO="314.32" HC="1.87" NOx="7.47" PMx="0.43" fuel="7.50" electricity="0.00" noise="77.35" route="routebottom" type="cfm-slow" waiting="0.00" lane="bottom_0" pos="39.93" speed="29.80" angle="22.72" x="128.85" y="42.26"/>
        <vehicle id="cfm-slow_5" eclass="HBEFA3/PC_G_EU4" CO2="0.00" CO="0.00" HC="0.00" NOx="0.00" PMx="0.00" fuel="0.00" electricity="0.00" noise="73.64" route="routebottom" type="cfm-slow" waiting="0.00" lane="right_0" pos="15.42" speed="30.73" angle="336.70" x="124.36" y="95.65"/>
    </timestep>
    <timestep time="4.21">
        <vehicle id="cfm-fast_0" eclass="HBEFA3/PC_G_EU4" CO2="0.00" CO="0.00" HC="0.00" NOx="0.00" PMx="0.00" fuel="0.00" electricity="0.00" noise="72.13" route="routebottom" type="cfm-fast" waiting="0.00" lane="right_0" pos="42.34" speed="29.31" angle="288.37" x="80.08" y="130.28"/>
        <vehicle id="cfm-fast_1" eclass="HBEFA3/PC_G_EU4" CO2="137472.56" CO="3173.82" HC="17.92" NOx="63.66" PMx="3.74" fuel="59.09" electricity="0.00" noise="118.60" route="routetop" type="cfm-fast" waiting="0.00" lane="top_1" pos="34.66" speed="52.85" angle="212.19" x="5.79" y="93.93"/>
        <vehicle id="cfm-fast_2" eclass="HBEFA3/PC_G_EU4" CO2="0.00" CO="0.00" HC="0.00" NOx="0.00" PMx="0.00" fuel="0.00" electricity="0.00" noise="70.69" route="routetop" type="cfm-fast" waiting="0.00" lane="top_0" pos="14.06" speed="26.16" angle="249.20" x="34.30" y="125.68"/>
        <vehicle id="cfm-fast_3" eclass="HBEFA3/PC_G_EU4" CO2="0.00" CO="0.00" HC="0.00" NOx="0.00" PMx="0.00" fuel="0.00" electricity="0.00" noise="69.46" route="routetop" type="cfm-fast" waiting="0.00" lane="top_0" pos="31.77" speed="24.19" angle="217.35" x="6.02" y="100.87"/>
        <vehicle id="cfm-fast_4" eclass="HBEFA3/PC_G_EU4" CO2="223154.15" CO="5053.78" HC="28.62" NOx="104.02" PMx="6.03" fuel="95.92" electricity="0.00" noise="142.33" route="routetop" type="cfm-fast" waiting="0.00" lane="left_1" pos="33.97" speed="56.96" angle="123.39" x="32.14" y="6.47"/>
        <vehicle id="cfm-fast_5" eclass="HBEFA3/PC_G_EU4" CO2="7689.80" CO="82.12" HC="0.56" NOx="3.05" PMx="0.15" fuel="3.31" electricity="0.00" noise="70.93" route="routetop" type="cfm-fast" waiting="0.00" lane="top_0" pos="48.22" speed="21.24" angle="187.75" x="-4.82" y="67.60"/>
        <vehicle id="cfm-slow_0" eclass="HBEFA3/PC_G_EU4" CO2="12795.46" CO="187.29" HC="1.17" NOx="5.45" PMx="0.29" fuel="5.50" electricity="0.00" noise="73.75" route="routetop" type="cfm-slow" waiting="0.00" lane="left_0" pos="11.03" speed="21.51" angle="164.55" x="-0.84" y="40.31"/>
        <vehicle id="cfm-slow_1" eclass="HBEFA3/PC_G_EU4" CO2="18158.07" CO="298.77" HC="1.81" NOx="7.96" PMx="0.43" fuel="7.81" electricity="0.00" noise="77.17" route="routetop" type="cfm-slow" waiting="0.00" lane="left_0" pos="28.09" speed="22.80" angle="133.91" x="20.07" y="10.69"/>
        <vehicle id="cfm-slow_2" eclass="HBEFA3/PC_G_EU4" CO2="23682.83" CO="417.13" HC="2.49" NOx="10.51" PMx="0.58" fuel="10.18" electricity="0.00" noise="80.44" route="routetop" type="cfm-slow" waiting="0.00" lane="left_0" pos="46.49" speed="24.86" angle="100.91" x="56.03" y="-4.52"/>
        <vehicle id="cfm-slow_3" eclass="HBEFA3/PC_G_EU4" CO2="25053.50" CO="456.29" HC="2.70" NOx="11.10" PMx="0.62" fuel="10.77" electricity="0.00" noise="80.91" route="routebottom" type="cfm-slow" waiting="0.00" lane="bottom_0" pos="17.03" speed="27.47" angle="63.82" x="98.67" y="4.66"/>
        <vehicle id="cfm-slow_4" eclass="HBEFA3/PC_G_EU4" CO2="17284.73" CO="310.98" HC="1.85" NOx="7.39" PMx="0.43" fuel="7.43" electricity="0.00" noise="77.28" route="routebottom" type="cfm-slow" waiting="0.00" lane="bottom_0" pos="40.23" speed="29.81" angle="22.15" x="129.04" y="42.88"/>
        <vehicle id="cfm-slow_5" eclass="HBEFA3/PC_G_EU4" CO2="0.00" CO="0.00" HC="0.00" NOx="0.00" PMx="0.00" fuel="0.00" electricity="0.00" noise="73.62" route="routebottom" type="cfm-slow" waiting="0.00" lane="right_0" pos="15.73" speed="30.73" angle="336.14" x="124.04" y="96.23"/>
    </timestep>
    <timestep time="4.22">
        <vehicle id="cfm-fast_0" eclass="HBEFA3/PC_G_EU4" CO2="0.00" CO="0.00" HC="0.00" NOx="0.00" PMx="0.00" fuel="0.00" electricity="0.00" noise="72.12" route="routebottom" type="cfm-fast" waiting="0.00" lane="right_0" pos="42.64" speed="29.30" angle="287.84" x="79.46" y="130.42"/>
        <vehicle id="cfm-fast_1" eclass="HBEFA3/PC_G_EU4" CO2="137775.29" CO="3182.36" HC="17.97" NOx="63.80" PMx="3.75" fuel="59.22" electricity="0.00" noise="118.66" route="routetop" type="cfm-fast" waiting="0.00" lane="top_1" pos="35.19" speed="52.93" angle="211.22" x="5.30" y="92.96"/>
        <vehicle id="cfm-fast_2" eclass="HBEFA3/PC_G_EU4" CO2="0.00" CO="0.00" HC="0.00" NOx="0.00" PMx="0.00" fuel="0.00" electricity="0.00" noise="70.67" route="routetop" type="cfm-fast" waiting="0.00" lane="top_0" pos="14.32" speed="26.14" angle="248.72" x="33.79" y="125.43"/>
        <vehicle id="cfm-fast_3" eclass="HBEFA3/PC_G_EU4" CO2="0.00" CO="0.00" HC="0.00" NOx="0.00" PMx="0.00" fuel="0.00" electricity="0.00" noise="69.45" route="routetop" type="cfm-fast" waiting="0.00" lane="top_0" pos="32.01" speed="24.18" angle="216.95" x="5.73" y="100.44"/>
        <vehicle id="cfm-fast_4" eclass="HBEFA3/PC_G_EU4" CO2="223743.26" CO="5069.99" HC="28.71" NOx="104.30" PMx="6.05" fuel="96.18" electricity="0.00" noise="142.39" route="routetop" type="cfm-fast" waiting="0.00" lane="left_1" pos="34.54" speed="57.09" angle="122.38" x="33.16" y="5.91"/>
        <vehicle id="cfm-fast_5" eclass="HBEFA3/PC_G_EU4" CO2="7712.59" CO="82.59" HC="0.56" NOx="3.06" PMx="0.15" fuel="3.32" electricity="0.00" noise="70.95" route="routetop" type="cfm-fast" waiting="0.00" lane="top_0" pos="48.43" speed="21.24" angle="187.35" x="-4.85" y="67.14"/>
        <vehicle id="cfm-slow_0" eclass="HBEFA3/PC_G_EU4" CO2="12825.83" CO="187.92" HC="1.17" NOx="5.47" PMx="0.29" fuel="5.51" electricity="0.00" noise="73.77" route="routetop" type="cfm-slow" waiting="0.00" lane="left_0" pos="11.25" speed="21.52" angle="164.15" x="-0.68" y="39.87"/>
        <vehicle id="cfm-slow_1" eclass="HBEFA3/PC_G_EU4" CO2="18190.36" CO="299.47" HC="1.81" NOx="7.97" PMx="0.43" fuel="7.82" electricity="0.00" noise="77.18" route="routetop" type="cfm-slow" waiting="0.00" lane="left_0" pos="28.31" speed="22.82" angle="133.55" x="20.45" y="10.38"/>
        <vehicle id="cfm-slow_2" eclass="HBEFA3/PC_G_EU4" CO2="23679.66" CO="417.15" HC="2.49" NOx="10.51" PMx="0.58" fuel="10.18" electricity="0.00" noise="80.43" route="routetop" type="cfm-slow" waiting="0.00" lane="left_0" pos="46.74" speed="24.89" angle="100.46" x="56.57" y="-4.57"/>
        <vehicle id="cfm-slow_3" eclass="HBEFA3/PC_G_EU4" CO2="24966.28" CO="454.64" HC="2.69" NOx="11.06" PMx="0.62" fuel="10.73" electricity="0.00" noise="80.85" route="routebottom" type="cfm-slow" waiting="0.00" lane="bottom_0" pos="17.30" speed="27.50" angle="63.31" x="99.17" y="4.97"/>
        <vehicle id="cfm-slow_4" eclass="HBEFA3/PC_G_EU4" CO2="17117.34" CO="307.64" HC="1.83" NOx="7.31" PMx="0.42" fuel="7.36" electricity="0.00" noise="77.22" route="routebottom" type="cfm-slow" waiting="0.00" lane="bottom_0" pos="40.53" speed="29.82" angle="21.58" x="129.23" y="43.49"/>
        <vehicle id="cfm-slow_5" eclass="HBEFA3/PC_G_EU4" CO2="0.00" CO="0.00" HC="0.00" NOx="0.00" PMx="0.00" fuel="0.00" electricity="0.00" noise="73.59" route="routebottom" type="cfm-slow" waiting="0.00" lane="right_0" pos="16.03" speed="30.73" angle="335.58" x="123.72" y="96.80"/>
    </timestep>
    <timestep time="4.23">
        <vehicle id="cfm-fast_0" eclass="HBEFA3/PC_G_EU4" CO2="0.00" CO="0.00" HC="0.00" NOx="0.00" PMx="0.00" fuel="0.00" electricity="0.00" noise="72.11" route="routebottom" type="cfm-fast" waiting="0.00" lane="right_0" pos="42.93" speed="29.28" angle="287.30" x="78.85" y="130.56"/>
        <vehicle id="cfm-fast_1" eclass="HBEFA3/PC_G_EU4" CO2="138083.79" CO="3191.03" HC="18.02" NOx="63.94" PMx="3.76" fuel="59.36" electricity="0.00" noise="118.72" route="routetop" type="cfm-fast" waiting="0.00" lane="top_1" pos="35.72" speed="53.02" angle="210.25" x="4.82" y="91.99"/>
        <vehicle id="cfm-fast_2" eclass="HBEFA3/PC_G_EU4" CO2="0.00" CO="0.00" HC="0.00" NOx="0.00" PMx="0.00" fuel="0.00" electricity="0.00" noise="70.66" route="routetop" type="cfm-fast" waiting="0.00" lane="top_0" pos="14.58" speed="26.13" angle="248.22" x="33.29" y="125.18"/>
        <vehicle id="cfm-fast_3" eclass="HBEFA3/PC_G_EU4" CO2="0.00" CO="0.00" HC="0.00" NOx="0.00" PMx="0.00" fuel="0.00" electricity="0.00" noise="69.45" route="routetop" type="cfm-fast" waiting="0.00" lane="top_0" pos="32.25" speed="24.16" angle="216.52" x="5.46" y="99.99"/>
        <vehicle id="cfm-fast_4" eclass="HBEFA3/PC_G_EU4" CO2="224332.65" CO="5086.23" HC="28.80" NOx="104.57" PMx="6.07" fuel="96.43" electricity="0.00" noise="142.46" route="routetop" type="cfm-fast" waiting="0.00" lane="left_1" pos="35.11" speed="57.23" angle="121.37" x="34.21" y="5.38"/>
        <vehicle id="cfm-fast_5" eclass="HBEFA3/PC_G_EU4" CO2="7735.68" CO="83.07" HC="0.57" NOx="3.07" PMx="0.15" fuel="3.33" electricity="0.00" noise="70.96" route="routetop" type="cfm-fast" waiting="0.00" lane="top_0" pos="48.64" speed="21.25" angle="186.95" x="-4.87" y="66.68"/>
        <vehicle id="cfm-slow_0" eclass="HBEFA3/PC_G_EU4" CO2="12856.38" CO="188.55" HC="1.18" NOx="5.48" PMx="0.29" fuel="5.53" electricity="0.00" noise="73.79" route="routetop" type="cfm-slow" waiting="0.00" lane="left_0" pos="11.46" speed="21.54" angle="163.79" x="-0.53" y="39.44"/>
        <vehicle id="cfm-slow_1" eclass="HBEFA3/PC_G_EU4" CO2="18222.50" CO="300.16" HC="1.82" NOx="7.98" PMx="0.43" fuel="7.83" electricity="0.00" noise="77.20" route="routetop" type="cfm-slow" waiting="0.00" lane="left_0" pos="28.54" speed="22.85" angle="133.12" x="20.83" y="10.08"/>
        <vehicle id="cfm-slow_2" eclass="HBEFA3/PC_G_EU4" CO2="23675.92" CO="417.17" HC="2.49" NOx="10.51" PMx="0.58" fuel="10.18" electricity="0.00" noise="80.42" route="routetop" type="cfm-slow" waiting="0.00" lane="left_0" pos="46.99" speed="24.92" angle="100.00" x="57.10" y="-4.62"/>
        <vehicle id="cfm-slow_3" eclass="HBEFA3/PC_G_EU4" CO2="24878.43" CO="452.98" HC="2.68" NOx="11.02" PMx="0.62" fuel="10.69" electricity="0.00" noise="80.80" route="routebottom" type="cfm-slow" waiting="0.00" lane="bottom_0" pos="17.58" speed="27.53" angle="62.81" x="99.68" y="5.27"/>
        <vehicle id="cfm-slow_4" eclass="HBEFA3/PC_G_EU4" CO2="16950.15" CO="304.30" HC="1.81" NOx="7.23" PMx="0.42" fuel="7.29" electricity="0.00" noise="77.16" route="routebottom" type="cfm-slow" waiting="0.00" lane="bottom_0" pos="40.82" speed="29.84" angle="21.01" x="129.42" y="44.10"/>
        <vehicle id="cfm-slow_5" eclass="HBEFA3/PC_G_EU4" CO2="0.00" CO="0.00" HC="0.00" NOx="0.00" PMx="0.00" fuel="0.00" electricity="0.00" noise="73.57" route="routebottom" type="cfm-slow" waiting="0.00" lane="right_0" pos="16.34" speed="30.72" angle="335.03" x="123.40" y="97.38"/>
    </timestep>
    <timestep time="4.24">
        <vehicle id="cfm-fast_0" eclass="HBEFA3/PC_G_EU4" CO2="0.00" CO="0.00" HC="0.00" NOx="0.00" PMx="0.00" fuel="0.00" electricity="0.00" noise="72.09" route="routebottom" type="cfm-fast" waiting="0.00" lane="right_0" pos="43.22" speed="29.26" angle="286.77" x="78.23" y="130.70"/>
        <vehicle id="cfm-fast_1" eclass="HBEFA3/PC_G_EU4" CO2="138397.98" CO="3199.82" HC="18.06" NOx="64.09" PMx="3.77" fuel="59.49" electricity="0.00" noise="118.78" route="routetop" type="cfm-fast" waiting="0.00" lane="top_1" pos="36.26" speed="53.11" angle="209.32" x="4.35" y="91.00"/>
        <vehicle id="cfm-fast_2" eclass="HBEFA3/PC_G_EU4" CO2="0.00" CO="0.00" HC="0.00" NOx="0.00" PMx="0.00" fuel="0.00" electricity="0.00" noise="70.65" route="routetop" type="cfm-fast" waiting="0.00" lane="top_0" pos="14.84" speed="26.12" angle="247.72" x="32.79" y="124.92"/>
        <vehicle id="cfm-fast_3" eclass="HBEFA3/PC_G_EU4" CO2="0.00" CO="0.00" HC="0.00" NOx="0.00" PMx="0.00" fuel="0.00" electricity="0.00" noise="69.44" route="routetop" type="cfm-fast" waiting="0.00" lane="top_0" pos="32.49" speed="24.15" angle="216.07" x="5.19" y="99.55"/>
        <vehicle id="cfm-fast_4" eclass="HBEFA3/PC_G_EU4" CO2="224922.33" CO="5102.49" HC="28.89" NOx="104.85" PMx="6.08" fuel="96.68" electricity="0.00" noise="142.52" route="routetop" type="cfm-fast" waiting="0.00" lane="left_1" pos="35.69" speed="57.37" angle="120.32" x="35.26" y="4.85"/>
        <vehicle id="cfm-fast_5" eclass="HBEFA3/PC_G_EU4" CO2="7759.07" CO="83.55" HC="0.57" NOx="3.08" PMx="0.15" fuel="3.34" electricity="0.00" noise="70.97" route="routetop" type="cfm-fast" waiting="0.00" lane="top_0" pos="48.85" speed="21.26" angle="186.61" x="-4.89" y="66.23"/>
        <vehicle id="cfm-slow_0" eclass="HBEFA3/PC_G_EU4" CO2="12887.12" CO="189.19" HC="1.18" NOx="5.50" PMx="0.29" fuel="5.54" electricity="0.00" noise="73.81" route="routetop" type="cfm-slow" waiting="0.00" lane="left_0" pos="11.68" speed="21.56" angle="163.43" x="-0.36" y="39.01"/>
        <vehicle id="cfm-slow_1" eclass="HBEFA3/PC_G_EU4" CO2="18254.51" CO="300.86" HC="1.82" NOx="8.00" PMx="0.43" fuel="7.85" electricity="0.00" noise="77.22" route="routetop" type="cfm-slow" waiting="0.00" lane="left_0" pos="28.77" speed="22.87" angle="132.70" x="21.22" y="9.77"/>
        <vehicle id="cfm-slow_2" eclass="HBEFA3/PC_G_EU4" CO2="23671.59" CO="417.18" HC="2.49" NOx="10.51" PMx="0.58" fuel="10.18" electricity="0.00" noise="80.41" route="routetop" type="cfm-slow" waiting="0.00" lane="left_0" pos="47.24" speed="24.95" angle="99.54" x="57.63" y="-4.68"/>
        <vehicle id="cfm-slow_3" eclass="HBEFA3/PC_G_EU4" CO2="24789.95" CO="451.31" HC="2.67" NOx="10.98" PMx="0.61" fuel="10.66" electricity="0.00" noise="80.75" route="routebottom" type="cfm-slow" waiting="0.00" lane="bottom_0" pos="17.86" speed="27.55" angle="62.33" x="100.19" y="5.58"/>
        <vehicle id="cfm-slow_4" eclass="HBEFA3/PC_G_EU4" CO2="16783.16" CO="300.97" HC="1.79" NOx="7.15" PMx="0.41" fuel="7.21" electricity="0.00" noise="77.09" route="routebottom" type="cfm-slow" waiting="0.00" lane="bottom_0" pos="41.12" speed="29.85" angle="20.52" x="129.61" y="44.72"/>
        <vehicle id="cfm-slow_5" eclass="HBEFA3/PC_G_EU4" CO2="0.00" CO="0.00" HC="0.00" NOx="0.00" PMx="0.00" fuel="0.00" electricity="0.00" noise="73.55" route="routebottom" type="cfm-slow" waiting="0.00" lane="right_0" pos="16.65" speed="30.72" angle="334.52" x="123.08" y="97.96"/>
    </timestep>
    <timestep time="4.25">
        <vehicle id="cfm-fast_0" eclass="HBEFA3/PC_G_EU4" CO2="0.00" CO="0.00" HC="0.00" NOx="0.00" PMx="0.00" fuel="0.00" electricity="0.00" noise="72.08" route="routebottom" type="cfm-fast" waiting="0.00" lane="right_0" pos="43.51" speed="29.25" angle="286.25" x="77.62" y="130.84"/>
        <vehicle id="cfm-fast_1" eclass="HBEFA3/PC_G_EU4" CO2="138717.81" CO="3208.73" HC="18.11" NOx="64.24" PMx="3.78" fuel="59.63" electricity="0.00" noise="118.84" route="routetop" type="cfm-fast" waiting="0.00" lane="top_1" pos="36.79" speed="53.19" angle="208.31" x="3.91" y="90.01"/>
        <vehicle id="cfm-fast_2" eclass="HBEFA3/PC_G_EU4" CO2="0.00" CO="0.00" HC="0.00" NOx="0.00" PMx="0.00" fuel="0.00" electricity="0.00" noise="70.64" route="routetop" type="cfm-fast" waiting="0.00" lane="top_0" pos="15.10" speed="26.10" angle="247.22" x="32.29" y="124.67"/>
        <vehicle id="cfm-fast_3" eclass="HBEFA3/PC_G_EU4" CO2="0.00" CO="0.00" HC="0.00" NOx="0.00" PMx="0.00" fuel="0.00" electricity="0.00" noise="69.44" route="routetop" type="cfm-fast" waiting="0.00" lane="top_0" pos="32.73" speed="24.13" angle="215.61" x="4.93" y="99.10"/>
        <vehicle id="cfm-fast_4" eclass="HBEFA3/PC_G_EU4" CO2="225512.31" CO="5118.77" HC="28.98" NOx="105.13" PMx="6.10" fuel="96.94" electricity="0.00" noise="142.59" route="routetop" type="cfm-fast" waiting="0.00" lane="left_1" pos="36.26" speed="57.50" angle="119.30" x="36.33" y="4.35"/>
        <vehicle id="cfm-fast_5" eclass="HBEFA3/PC_G_EU4" CO2="7782.74" CO="84.04" HC="0.57" NOx="3.09" PMx="0.15" fuel="3.35" electricity="0.00" noise="70.99" route="routetop" type="cfm-fast" waiting="0.00" lane="top_0" pos="49.07" speed="21.27" angle="186.22" x="-4.90" y="65.77"/>
        <vehicle id="cfm-slow_0" eclass="HBEFA3/PC_G_EU4" CO2="12918.03" CO="189.83" HC="1.18" NOx="5.51" PMx="0.29" fuel="5.55" electricity="0.00" noise="73.83" route="routetop" type="cfm-slow" waiting="0.00" lane="left_0" pos="11.89" speed="21.57" angle="163.05" x="-0.19" y="38.57"/>
        <vehicle id="cfm-slow_1" eclass="HBEFA3/PC_G_EU4" CO2="18286.36" CO="301.55" HC="1.83" NOx="8.01" PMx="0.43" fuel="7.86" electricity="0.00" noise="77.24" route="routetop" type="cfm-slow" waiting="0.00" lane="left_0" pos="29.00" speed="22.89" angle="132.27" x="21.61" y="9.47"/>
        <vehicle id="cfm-slow_2" eclass="HBEFA3/PC_G_EU4" CO2="23666.69" CO="417.17" HC="2.49" NOx="10.50" PMx="0.58" fuel="10.17" electricity="0.00" noise="80.41" route="routetop" type="cfm-slow" waiting="0.00" lane="left_0" pos="47.49" speed="24.98" angle="99.14" x="58.17" y="-4.73"/>
        <vehicle id="cfm-slow_3" eclass="HBEFA3/PC_G_EU4" CO2="24700.85" CO="449.62" HC="2.66" NOx="10.93" PMx="0.61" fuel="10.62" electricity="0.00" noise="80.70" route="routebottom" type="cfm-slow" waiting="0.00" lane="bottom_0" pos="18.13" speed="27.58" angle="61.86" x="100.69" y="5.90"/>
        <vehicle id="cfm-slow_4" eclass="HBEFA3/PC_G_EU4" CO2="16616.38" CO="297.63" HC="1.77" NOx="7.07" PMx="0.41" fuel="7.14" electricity="0.00" noise="77.03" route="routebottom" type="cfm-slow" waiting="0.00" lane="bottom_0" pos="41.42" speed="29.87" angle="19.97" x="129.77" y="45.34"/>
        <vehicle id="cfm-slow_5" eclass="HBEFA3/PC_G_EU4" CO2="0.00" CO="0.00" HC="0.00" NOx="0.00" PMx="0.00" fuel="0.00" electricity="0.00" noise="73.53" route="routebottom" type="cfm-slow" waiting="0.00" lane="right_0" pos="16.96" speed="30.71" angle="333.97" x="122.74" y="98.53"/>
    </timestep>
    <timestep time="4.26">
        <vehicle id="cfm-fast_0" eclass="HBEFA3/PC_G_EU4" CO2="0.00" CO="0.00" HC="0.00" NOx="0.00" PMx="0.00" fuel="0.00" electricity="0.00" noise="72.07" route="routebottom" type="cfm-fast" waiting="0.00" lane="right_0" pos="43.81" speed="29.23" angle="285.74" x="77.00" y="130.96"/>
        <vehicle id="cfm-fast_1" eclass="HBEFA3/PC_G_EU4" CO2="139043.21" CO="3217.77" HC="18.16" NOx="64.39" PMx="3.79" fuel="59.77" electricity="0.00" noise="118.90" route="routetop" type="cfm-fast" waiting="0.00" lane="top_1" pos="37.32" speed="53.28" angle="207.37" x="3.47" y="89.01"/>
        <vehicle id="cfm-fast_2" eclass="HBEFA3/PC_G_EU4" CO2="0.00" CO="0.00" HC="0.00" NOx="0.00" PMx="0.00" fuel="0.00" electricity="0.00" noise="70.63" route="routetop" type="cfm-fast" waiting="0.00" lane="top_0" pos="15.36" speed="26.09" angle="246.79" x="31.79" y="124.42"/>
        <vehicle id="cfm-fast_3" eclass="HBEFA3/PC_G_EU4" CO2="0.00" CO="0.00" HC="0.00" NOx="0.00" PMx="0.00" fuel="0.00" electricity="0.00" noise="69.44" route="routetop" type="cfm-fast" waiting="0.00" lane="top_0" pos="32.97" speed="24.12" angle="215.15" x="4.66" y="98.66"/>
        <vehicle id="cfm-fast_4" eclass="HBEFA3/PC_G_EU4" CO2="226102.58" CO="5135.07" HC="29.07" NOx="105.40" PMx="6.12" fuel="97.19" electricity="0.00" noise="142.66" route="routetop" type="cfm-fast" waiting="0.00" lane="left_1" pos="36.84" speed="57.64" angle="118.20" x="37.41" y="3.87"/>
        <vehicle id="cfm-fast_5" eclass="HBEFA3/PC_G_EU4" CO2="7806.71" CO="84.53" HC="0.58" NOx="3.11" PMx="0.16" fuel="3.36" electricity="0.00" noise="71.00" route="routetop" type="cfm-fast" waiting="0.00" lane="top_0" pos="49.28" speed="21.27" angle="185.83" x="-4.91" y="65.31"/>
        <vehicle id="cfm-slow_0" eclass="HBEFA3/PC_G_EU4" CO2="12949.12" CO="190.48" HC="1.19" NOx="5.53" PMx="0.29" fuel="5.57" electricity="0.00" noise="73.85" route="routetop" type="cfm-slow" waiting="0.00" lane="left_0" pos="12.11" speed="21.59" angle="162.67" x="-0.02" y="38.14"/>
        <vehicle id="cfm-slow_1" eclass="HBEFA3/PC_G_EU4" CO2="18318.07" CO="302.24" HC="1.83" NOx="8.03" PMx="0.43" fuel="7.87" electricity="0.00" noise="77.26" route="routetop" type="cfm-slow" waiting="0.00" lane="left_0" pos="29.23" speed="22.92" angle="131.85" x="22.00" y="9.16"/>
        <vehicle id="cfm-slow_2" eclass="HBEFA3/PC_G_EU4" CO2="23661.20" CO="417.15" HC="2.49" NOx="10.50" PMx="0.58" fuel="10.17" electricity="0.00" noise="80.40" route="routetop" type="cfm-slow" waiting="0.00" lane="left_0" pos="47.74" speed="25.01" angle="98.66" x="58.71" y="-4.76"/>
        <vehicle id="cfm-slow_3" eclass="HBEFA3/PC_G_EU4" CO2="24611.12" CO="447.92" HC="2.65" NOx="10.89" PMx="0.61" fuel="10.58" electricity="0.00" noise="80.65" route="routebottom" type="cfm-slow" waiting="0.00" lane="bottom_0" pos="18.41" speed="27.61" angle="61.34" x="101.18" y="6.23"/>
        <vehicle id="cfm-slow_4" eclass="HBEFA3/PC_G_EU4" CO2="16449.83" CO="294.31" HC="1.75" NOx="6.99" PMx="0.40" fuel="7.07" electricity="0.00" noise="76.97" route="routebottom" type="cfm-slow" waiting="0.00" lane="bottom_0" pos="41.72" speed="29.88" angle="19.43" x="129.94" y="45.96"/>
        <vehicle id="cfm-slow_5" eclass="HBEFA3/PC_G_EU4" CO2="0.00" CO="0.00" HC="0.00" NOx="0.00" PMx="0.00" fuel="0.00" electricity="0.00" noise="73.51" route="routebottom" type="cfm-slow" waiting="0.00" lane="right_0" pos="17.26" speed="30.70" angle="333.41" x="122.40" y="99.09"/>
    </timestep>
    <timestep time="4.27">
        <vehicle id="cfm-fast_0" eclass="HBEFA3/PC_G_EU4" CO2="0.00" CO="0.00" HC="0.00" NOx="0.00" PMx="0.00" fuel="0.00" electricity="0.00" noise="72.06" route="routebottom" type="cfm-fast" waiting="0.00" lane="right_0" pos="44.10" speed="29.22" angle="285.18" x="76.38" y="131.07"/>
        <vehicle id="cfm-fast_1" eclass="HBEFA3/PC_G_EU4" CO2="139374.12" CO="3226.93" HC="18.21" NOx="64.55" PMx="3.80" fuel="59.91" electricity="0.00" noise="118.96" route="routetop" type="cfm-fast" waiting="0.00" lane="top_1" pos="37.85" speed="53.37" angle="206.36" x="3.07" y="87.99"/>
        <vehicle id="cfm-fast_2" eclass="HBEFA3/PC_G_EU4" CO2="0.00" CO="0.00" HC="0.00" NOx="0.00" PMx="0.00" fuel="0.00" electricity="0.00" noise="70.62" route="routetop" type="cfm-fast" waiting="0.00" lane="top_0" pos="15.63" speed="26.08" angle="246.32" x="31.29" y="124.15"/>
        <vehicle id="cfm-fast_3" eclass="HBEFA3/PC_G_EU4" CO2="0.00" CO="0.00" HC="0.00" NOx="0.00" PMx="0.00" fuel="0.00" electricity="0.00" noise="69.43" route="routetop" type="cfm-fast" waiting="0.00" lane="top_0" pos="33.22" speed="24.10" angle="214.70" x="4.39" y="98.21"/>
        <vehicle id="cfm-fast_4" eclass="HBEFA3/PC_G_EU4" CO2="226693.14" CO="5151.40" HC="29.16" NOx="105.68" PMx="6.13" fuel="97.44" electricity="0.00" noise="142.72" route="routetop" type="cfm-fast" waiting="0.00" lane="left_1" pos="37.41" speed="57.77" angle="117.17" x="38.49" y="3.40"/>
        <vehicle id="cfm-fast_5" eclass="HBEFA3/PC_G_EU4" CO2="7830.96" CO="85.03" HC="0.58" NOx="3.12" PMx="0.16" fuel="3.37" electricity="0.00" noise="71.02" route="routetop" type="cfm-fast" waiting="0.00" lane="top_0" pos="49.49" speed="21.28" angle="185.44" x="-4.93" y="64.85"/>
        <vehicle id="cfm-slow_0" eclass="HBEFA3/PC_G_EU4" CO2="12980.37" CO="191.13" HC="1.19" NOx="5.54" PMx="0.29" fuel="5.58" electricity="0.00" noise="73.87" route="routetop" type="cfm-slow" waiting="0.00" lane="left_0" pos="12.33" speed="21.61" angle="162.28" x="0.16" y="37.71"/>
        <vehicle id="cfm-slow_1" eclass="HBEFA3/PC_G_EU4" CO2="18349.61" CO="302.92" HC="1.83" NOx="8.04" PMx="0.43" fuel="7.89" electricity="0.00" noise="77.28" route="routetop" type="cfm-slow" waiting="0.00" lane="left_0" pos="29.46" speed="22.94" angle="131.47" x="22.39" y="8.86"/>
        <vehicle id="cfm-slow_2" eclass="HBEFA3/PC_G_EU4" CO2="23655.13" CO="417.12" HC="2.49" NOx="10.50" PMx="0.58" fuel="10.17" electricity="0.00" noise="80.39" route="routetop" type="cfm-slow" waiting="0.00" lane="left_0" pos="47.99" speed="25.04" angle="98.18" x="59.24" y="-4.79"/>
        <vehicle id="cfm-slow_3" eclass="HBEFA3/PC_G_EU4" CO2="24520.79" CO="446.20" HC="2.64" NOx="10.85" PMx="0.61" fuel="10.54" electricity="0.00" noise="80.60" route="routebottom" type="cfm-slow" waiting="0.00" lane="bottom_0" pos="18.68" speed="27.64" angle="60.82" x="101.68" y="6.56"/>
        <vehicle id="cfm-slow_4" eclass="HBEFA3/PC_G_EU4" CO2="16283.50" CO="290.98" HC="1.74" NOx="6.91" PMx="0.40" fuel="7.00" electricity="0.00" noise="76.91" route="routebottom" type="cfm-slow" waiting="0.00" lane="bottom_0" pos="42.02" speed="29.89" angle="18.88" x="130.10" y="46.58"/>
        <vehicle id="cfm-slow_5" eclass="HBEFA3/PC_G_EU4" CO2="0.00" CO="0.00" HC="0.00" NOx="0.00" PMx="0.00" fuel="0.00" electricity="0.00" noise="73.48" route="routebottom" type="cfm-slow" waiting="0.00" lane="right_0" pos="17.57" speed="30.70" angle="332.86" x="122.06" y="99.66"/>
    </timestep>
    <timestep time="4.28">
        <vehicle id="cfm-fast_0" eclass="HBEFA3/PC_G_EU4" CO2="0.00" CO="0.00" HC="0.00" NOx="0.00" PMx="0.00" fuel="0.00" electricity="0.00" noise="72.04" route="routebottom" type="cfm-fast" waiting="0.00" lane="right_0" pos="44.39" speed="29.20" angle="284.63" x="75.77" y="131.19"/>
        <vehicle id="cfm-fast_1" eclass="HBEFA3/PC_G_EU4" CO2="139710.48" CO="3236.20" HC="18.26" NOx="64.70" PMx="3.81" fuel="60.05" electricity="0.00" noise="119.03" route="routetop" type="cfm-fast" waiting="0.00" lane="top_1" pos="38.39" speed="53.46" angle="205.37" x="2.66" y="86.97"/>
        <vehicle id="cfm-fast_2" eclass="HBEFA3/PC_G_EU4" CO2="0.00" CO="0.00" HC="0.00" NOx="0.00" PMx="0.00" fuel="0.00" electricity="0.00" noise="70.60" route="routetop" type="cfm-fast" waiting="0.00" lane="top_0" pos="15.89" speed="26.06" angle="245.85" x="30.80" y="123.88"/>
        <vehicle id="cfm-fast_3" eclass="HBEFA3/PC_G_EU4" CO2="0.00" CO="0.00" HC="0.00" NOx="0.00" PMx="0.00" fuel="0.00" electricity="0.00" noise="69.43" route="routetop" type="cfm-fast" waiting="0.00" lane="top_0" pos="33.46" speed="24.09" angle="214.31" x="4.13" y="97.77"/>
        <vehicle id="cfm-fast_4" eclass="HBEFA3/PC_G_EU4" CO2="227284.00" CO="5167.74" HC="29.25" NOx="105.95" PMx="6.15" fuel="97.70" electricity="0.00" noise="142.79" route="routetop" type="cfm-fast" waiting="0.00" lane="left_1" pos="37.99" speed="57.91" angle="116.09" x="39.60" y="2.96"/>
        <vehicle id="cfm-fast_5" eclass="HBEFA3/PC_G_EU4" CO2="7855.49" CO="85.54" HC="0.58" NOx="3.13" PMx="0.16" fuel="3.38" electricity="0.00" noise="71.03" route="routetop" type="cfm-fast" waiting="0.00" lane="top_0" pos="49.70" speed="21.29" angle="185.05" x="-4.94" y="64.40"/>
        <vehicle id="cfm-slow_0" eclass="HBEFA3/PC_G_EU4" CO2="13011.79" CO="191.78" HC="1.19" NOx="5.55" PMx="0.29" fuel="5.59" electricity="0.00" noise="73.90" route="routetop" type="cfm-slow" waiting="0.00" lane="left_0" pos="12.54" speed="21.63" angle="161.90" x="0.33" y="37.28"/>
        <vehicle id="cfm-slow_1" eclass="HBEFA3/PC_G_EU4" CO2="18380.99" CO="303.61" HC="1.84" NOx="8.06" PMx="0.43" fuel="7.90" electricity="0.00" noise="77.30" route="routetop" type="cfm-slow" waiting="0.00" lane="left_0" pos="29.69" speed="22.97" angle="131.07" x="22.78" y="8.57"/>
        <vehicle id="cfm-slow_2" eclass="HBEFA3/PC_G_EU4" CO2="23648.47" CO="417.08" HC="2.49" NOx="10.49" PMx="0.58" fuel="10.17" electricity="0.00" noise="80.38" route="routetop" type="cfm-slow" waiting="0.00" lane="left_0" pos="48.24" speed="25.07" angle="97.70" x="59.78" y="-4.82"/>
        <vehicle id="cfm-slow_3" eclass="HBEFA3/PC_G_EU4" CO2="24429.85" CO="444.48" HC="2.63" NOx="10.80" PMx="0.60" fuel="10.50" electricity="0.00" noise="80.55" route="routebottom" type="cfm-slow" waiting="0.00" lane="bottom_0" pos="18.96" speed="27.66" angle="60.30" x="102.17" y="6.89"/>
        <vehicle id="cfm-slow_4" eclass="HBEFA3/PC_G_EU4" CO2="16117.41" CO="287.66" HC="1.72" NOx="6.83" PMx="0.40" fuel="6.93" electricity="0.00" noise="76.85" route="routebottom" type="cfm-slow" waiting="0.00" lane="bottom_0" pos="42.32" speed="29.91" angle="18.39" x="130.27" y="47.20"/>
        <vehicle id="cfm-slow_5" eclass="HBEFA3/PC_G_EU4" CO2="0.00" CO="0.00" HC="0.00" NOx="0.00" PMx="0.00" fuel="0.00" electricity="0.00" noise="73.46" route="routebottom" type="cfm-slow" waiting="0.00" lane="right_0" pos="17.88" speed="30.69" angle="332.35" x="121.73" y="100.23"/>
    </timestep>
    <timestep time="4.29">
        <vehicle id="cfm-fast_0" eclass="HBEFA3/PC_G_EU4" CO2="0.00" CO="0.00" HC="0.00" NOx="0.00" PMx="0.00" fuel="0.00" electricity="0.00" noise="72.03" route="routebottom" type="cfm-fast" waiting="0.00" lane="right_0" pos="44.68" speed="29.18" angle="284.07" x="75.15" y="131.30"/>
        <vehicle id="cfm-fast_1" eclass="HBEFA3/PC_G_EU4" CO2="140052.23" CO="3245.60" HC="18.31" NOx="64.86" PMx="3.82" fuel="60.20" electricity="0.00" noise="119.10" route="routetop" type="cfm-fast" waiting="0.00" lane="top_1" pos="38.92" speed="53.54" angle="204.42" x="2.28" y="85.94"/>
        <vehicle id="cfm-fast_2" eclass="HBEFA3/PC_G_EU4" CO2="0.00" CO="0.00" HC="0.00" NOx="0.00" PMx="0.00" fuel="0.00" electricity="0.00" noise="70.59" route="routetop" type="cfm-fast" waiting="0.00" lane="top_0" pos="16.15" speed="26.05" angle="245.38" x="30.31" y="123.61"/>
        <vehicle id="cfm-fast_3" eclass="HBEFA3/PC_G_EU4" CO2="0.00" CO="0.00" HC="0.00" NOx="0.00" PMx="0.00" fuel="0.00" electricity="0.00" noise="69.42" route="routetop" type="cfm-fast" waiting="0.00" lane="top_0" pos="33.70" speed="24.07" angle="213.88" x="3.88" y="97.31"/>
        <vehicle id="cfm-fast_4" eclass="HBEFA3/PC_G_EU4" CO2="227875.14" CO="5184.11" HC="29.34" NOx="106.23" PMx="6.17" fuel="97.95" electricity="0.00" noise="142.85" route="routetop" type="cfm-fast" waiting="0.00" lane="left_1" pos="38.57" speed="58.05" angle="115.06" x="40.71" y="2.53"/>
        <vehicle id="cfm-fast_5" eclass="HBEFA3/PC_G_EU4" CO2="7880.30" CO="86.05" HC="0.58" NOx="3.14" PMx="0.16" fuel="3.39" electricity="0.00" noise="71.04" route="routetop" type="cfm-fast" waiting="0.00" lane="top_0" pos="49.92" speed="21.30" angle="184.67" x="-4.95" y="63.94"/>
        <vehicle id="cfm-slow_0" eclass="HBEFA3/PC_G_EU4" CO2="13043.37" CO="192.44" HC="1.20" NOx="5.57" PMx="0.29" fuel="5.61" electricity="0.00" noise="73.92" route="routetop" type="cfm-slow" waiting="0.00" lane="left_0" pos="12.76" speed="21.64" angle="161.56" x="0.50" y="36.85"/>
        <vehicle id="cfm-slow_1" eclass="HBEFA3/PC_G_EU4" CO2="18412.21" CO="304.29" HC="1.84" NOx="8.07" PMx="0.43" fuel="7.91" electricity="0.00" noise="77.32" route="routetop" type="cfm-slow" waiting="0.00" lane="left_0" pos="29.92" speed="22.99" angle="130.64" x="23.19" y="8.28"/>
        <vehicle id="cfm-slow_2" eclass="HBEFA3/PC_G_EU4" CO2="23641.22" CO="417.03" HC="2.49" NOx="10.49" PMx="0.58" fuel="10.16" electricity="0.00" noise="80.37" route="routetop" type="cfm-slow" waiting="0.00" lane="left_0" pos="48.49" speed="25.10" angle="97.22" x="60.32" y="-4.86"/>
        <vehicle id="cfm-slow_3" eclass="HBEFA3/PC_G_EU4" CO2="24338.30" CO="442.74" HC="2.62" NOx="10.76" PMx="0.60" fuel="10.46" electricity="0.00" noise="80.50" route="routebottom" type="cfm-slow" waiting="0.00" lane="bottom_0" pos="19.24" speed="27.69" angle="59.85" x="102.67" y="7.22"/>
        <vehicle id="cfm-slow_4" eclass="HBEFA3/PC_G_EU4" CO2="15951.57" CO="284.34" HC="1.70" NOx="6.76" PMx="0.39" fuel="6.86" electricity="0.00" noise="76.79" route="routebottom" type="cfm-slow" waiting="0.00" lane="bottom_0" pos="42.62" speed="29.92" angle="17.85" x="130.41" y="47.83"/>
        <vehicle id="cfm-slow_5" eclass="HBEFA3/PC_G_EU4" CO2="0.00" CO="0.00" HC="0.00" NOx="0.00" PMx="0.00" fuel="0.00" electricity="0.00" noise="73.44" route="routebottom" type="cfm-slow" waiting="0.00" lane="right_0" pos="18.18" speed="30.69" angle="331.78" x="121.36" y="100.78"/>
    </timestep>
    <timestep time="4.30">
        <vehicle id="cfm-fast_0" eclass="HBEFA3/PC_G_EU4" CO2="0.00" CO="0.00" HC="0.00" NOx="0.00" PMx="0.00" fuel="0.00" electricity="0.00" noise="72.02" route="routebottom" type="cfm-fast" waiting="0.00" lane="right_0" pos="44.97" speed="29.17" angle="283.60" x="74.53" y="131.41"/>
        <vehicle id="cfm-fast_1" eclass="HBEFA3/PC_G_EU4" CO2="140399.29" CO="3255.11" HC="18.37" NOx="65.03" PMx="3.83" fuel="60.35" electricity="0.00" noise="119.17" route="routetop" type="cfm-fast" waiting="0.00" lane="top_1" pos="39.46" speed="53.63" angle="203.45" x="1.91" y="84.91"/>
        <vehicle id="cfm-fast_2" eclass="HBEFA3/PC_G_EU4" CO2="0.00" CO="0.00" HC="0.00" NOx="0.00" PMx="0.00" fuel="0.00" electricity="0.00" noise="70.58" route="routetop" type="cfm-fast" waiting="0.00" lane="top_0" pos="16.41" speed="26.04" angle="244.91" x="29.82" y="123.34"/>
        <vehicle id="cfm-fast_3" eclass="HBEFA3/PC_G_EU4" CO2="0.00" CO="0.00" HC="0.00" NOx="0.00" PMx="0.00" fuel="0.00" electricity="0.00" noise="69.42" route="routetop" type="cfm-fast" waiting="0.00" lane="top_0" pos="33.94" speed="24.06" angle="213.44" x="3.63" y="96.86"/>
        <vehicle id="cfm-fast_4" eclass="HBEFA3/PC_G_EU4" CO2="228466.58" CO="5200.50" HC="29.43" NOx="106.51" PMx="6.19" fuel="98.21" electricity="0.00" noise="142.92" route="routetop" type="cfm-fast" waiting="0.00" lane="left_1" pos="39.16" speed="58.18" angle="113.99" x="41.83" y="2.12"/>
        <vehicle id="cfm-fast_5" eclass="HBEFA3/PC_G_EU4" CO2="7905.39" CO="86.57" HC="0.59" NOx="3.15" PMx="0.16" fuel="3.40" electricity="0.00" noise="71.06" route="routetop" type="cfm-fast" waiting="0.00" lane="left_0" pos="0.13" speed="21.31" angle="184.24" x="-4.94" y="63.29"/>
        <vehicle id="cfm-slow_0" eclass="HBEFA3/PC_G_EU4" CO2="13075.10" CO="193.10" HC="1.20" NOx="5.58" PMx="0.29" fuel="5.62" electricity="0.00" noise="73.94" route="routetop" type="cfm-slow" waiting="0.00" lane="left_0" pos="12.98" speed="21.66" angle="161.17" x="0.69" y="36.42"/>
        <vehicle id="cfm-slow_1" eclass="HBEFA3/PC_G_EU4" CO2="18443.25" CO="304.96" HC="1.85" NOx="8.08" PMx="0.44" fuel="7.93" electricity="0.00" noise="77.33" route="routetop" type="cfm-slow" waiting="0.00" lane="left_0" pos="30.15" speed="23.02" angle="130.22" x="23.59" y="7.99"/>
        <vehicle id="cfm-slow_2" eclass="HBEFA3/PC_G_EU4" CO2="23633.38" CO="416.97" HC="2.49" NOx="10.49" PMx="0.58" fuel="10.16" electricity="0.00" noise="80.36" route="routetop" type="cfm-slow" waiting="0.00" lane="left_0" pos="48.74" speed="25.13" angle="96.79" x="60.86" y="-4.89"/>
        <vehicle id="cfm-slow_3" eclass="HBEFA3/PC_G_EU4" CO2="24246.16" CO="440.99" HC="2.61" NOx="10.72" PMx="0.60" fuel="10.42" electricity="0.00" noise="80.44" route="routebottom" type="cfm-slow" waiting="0.00" lane="bottom_0" pos="19.51" speed="27.72" angle="59.34" x="103.15" y="7.57"/>
        <vehicle id="cfm-slow_4" eclass="HBEFA3/PC_G_EU4" CO2="15785.98" CO="281.02" HC="1.68" NOx="6.68" PMx="0.39" fuel="6.79" electricity="0.00" noise="76.73" route="routebottom" type="cfm-slow" waiting="0.00" lane="bottom_0" pos="42.92" speed="29.93" angle="17.31" x="130.56" y="48.46"/>
        <vehicle id="cfm-slow_5" eclass="HBEFA3/PC_G_EU4" CO2="0.00" CO="0.00" HC="0.00" NOx="0.00" PMx="0.00" fuel="0.00" electricity="0.00" noise="73.42" route="routebottom" type="cfm-slow" waiting="0.00" lane="right_0" pos="18.49" speed="30.68" angle="331.19" x="121.00" y="101.33"/>
    </timestep>
    <timestep time="4.31">
        <vehicle id="cfm-fast_0" eclass="HBEFA3/PC_G_EU4" CO2="0.00" CO="0.00" HC="0.00" NOx="0.00" PMx="0.00" fuel="0.00" electricity="0.00" noise="72.01" route="routebottom" type="cfm-fast" waiting="0.00" lane="right_0" pos="45.26" speed="29.15" angle="283.08" x="73.91" y="131.50"/>
        <vehicle id="cfm-fast_1" eclass="HBEFA3/PC_G_EU4" CO2="140751.62" CO="3264.74" HC="18.42" NOx="65.19" PMx="3.84" fuel="60.50" electricity="0.00" noise="119.24" route="routetop" type="cfm-fast" waiting="0.00" lane="top_1" pos="40.00" speed="53.72" angle="202.52" x="1.56" y="83.86"/>
        <vehicle id="cfm-fast_2" eclass="HBEFA3/PC_G_EU4" CO2="0.00" CO="0.00" HC="0.00" NOx="0.00" PMx="0.00" fuel="0.00" electricity="0.00" noise="70.57" route="routetop" type="cfm-fast" waiting="0.00" lane="top_0" pos="16.67" speed="26.02" angle="244.50" x="29.33" y="123.06"/>
        <vehicle id="cfm-fast_3" eclass="HBEFA3/PC_G_EU4" CO2="0.00" CO="0.00" HC="0.00" NOx="0.00" PMx="0.00" fuel="0.00" electricity="0.00" noise="69.42" route="routetop" type="cfm-fast" waiting="0.00" lane="top_0" pos="34.18" speed="24.04" angle="213.00" x="3.38" y="96.41"/>
        <vehicle id="cfm-fast_4" eclass="HBEFA3/PC_G_EU4" CO2="229058.31" CO="5216.91" HC="29.52" NOx="106.79" PMx="6.20" fuel="98.46" electricity="0.00" noise="142.99" route="routetop" type="cfm-fast" waiting="0.00" lane="left_1" pos="39.74" speed="58.32" angle="112.98" x="42.95" y="1.72"/>
        <vehicle id="cfm-fast_5" eclass="HBEFA3/PC_G_EU4" CO2="7930.75" CO="87.09" HC="0.59" NOx="3.16" PMx="0.16" fuel="3.41" electricity="0.00" noise="71.07" route="routetop" type="cfm-fast" waiting="0.00" lane="left_0" pos="0.34" speed="21.31" angle="183.86" x="-4.93" y="62.83"/>
        <vehicle id="cfm-slow_0" eclass="HBEFA3/PC_G_EU4" CO2="13106.99" CO="193.76" HC="1.21" NOx="5.60" PMx="0.29" fuel="5.63" electricity="0.00" noise="73.96" route="routetop" type="cfm-slow" waiting="0.00" lane="left_0" pos="13.19" speed="21.68" angle="160.76" x="0.88" y="36.00"/>
        <vehicle id="cfm-slow_1" eclass="HBEFA3/PC_G_EU4" CO2="18474.11" CO="305.64" HC="1.85" NOx="8.10" PMx="0.44" fuel="7.94" electricity="0.00" noise="77.35" route="routetop" type="cfm-slow" waiting="0.00" lane="left_0" pos="30.38" speed="23.04" angle="129.80" x="23.99" y="7.70"/>
        <vehicle id="cfm-slow_2" eclass="HBEFA3/PC_G_EU4" CO2="23624.94" CO="416.89" HC="2.49" NOx="10.48" PMx="0.58" fuel="10.16" electricity="0.00" noise="80.35" route="routetop" type="cfm-slow" waiting="0.00" lane="left_0" pos="48.99" speed="25.16" angle="96.34" x="61.40" y="-4.90"/>
        <vehicle id="cfm-slow_3" eclass="HBEFA3/PC_G_EU4" CO2="24153.43" CO="439.22" HC="2.60" NOx="10.67" PMx="0.60" fuel="10.38" electricity="0.00" noise="80.39" route="routebottom" type="cfm-slow" waiting="0.00" lane="bottom_0" pos="19.79" speed="27.74" angle="58.82" x="103.64" y="7.92"/>
        <vehicle id="cfm-slow_4" eclass="HBEFA3/PC_G_EU4" CO2="15620.64" CO="277.71" HC="1.66" NOx="6.60" PMx="0.38" fuel="6.71" electricity="0.00" noise="76.67" route="routebottom" type="cfm-slow" waiting="0.00" lane="bottom_0" pos="43.22" speed="29.95" angle="16.77" x="130.70" y="49.09"/>
        <vehicle id="cfm-slow_5" eclass="HBEFA3/PC_G_EU4" CO2="0.00" CO="0.00" HC="0.00" NOx="0.00" PMx="0.00" fuel="0.00" electricity="0.00" noise="73.40" route="routebottom" type="cfm-slow" waiting="0.00" lane="right_0" pos="18.80" speed="30.67" angle="330.59" x="120.63" y="101.88"/>
    </timestep>
    <timestep time="4.32">
        <vehicle id="cfm-fast_0" eclass="HBEFA3/PC_G_EU4" CO2="0.00" CO="0.00" HC="0.00" NOx="0.00" PMx="0.00" fuel="0.00" electricity="0.00" noise="71.99" route="routebottom" type="cfm-fast" waiting="0.00" lane="right_0" pos="45.56" speed="29.13" angle="282.55" x="73.29" y="131.59"/>
        <vehicle id="cfm-fast_1" eclass="HBEFA3/PC_G_EU4" CO2="141109.16" CO="3274.49" HC="18.47" NOx="65.36" PMx="3.85" fuel="60.66" electricity="0.00" noise="119.31" route="routetop" type="cfm-fast" waiting="0.00" lane="top_1" pos="40.54" speed="53.81" angle="201.51" x="1.23" y="82.81"/>
        <vehicle id="cfm-fast_2" eclass="HBEFA3/PC_G_EU4" CO2="0.00" CO="0.00" HC="0.00" NOx="0.00" PMx="0.00" fuel="0.00" electricity="0.00" noise="70.56" route="routetop" type="cfm-fast" waiting="0.00" lane="top_0" pos="16.93" speed="26.01" angle="244.03" x="28.85" y="122.78"/>
        <vehicle id="cfm-fast_3" eclass="HBEFA3/PC_G_EU4" CO2="0.00" CO="0.00" HC="0.00" NOx="0.00" PMx="0.00" fuel="0.00" electricity="0.00" noise="69.41" route="routetop" type="cfm-fast" waiting="0.00" lane="top_0" pos="34.42" speed="24.03" angle="212.57" x="3.13" y="95.96"/>
        <vehicle id="cfm-fast_4" eclass="HBEFA3/PC_G_EU4" CO2="229650.33" CO="5233.34" HC="29.61" NOx="107.06" PMx="6.22" fuel="98.72" electricity="0.00" noise="143.05" route="routetop" type="cfm-fast" waiting="0.00" lane="left_1" pos="40.32" speed="58.46" angle="111.90" x="44.10" y="1.36"/>
        <vehicle id="cfm-fast_5" eclass="HBEFA3/PC_G_EU4" CO2="7956.38" CO="87.62" HC="0.59" NOx="3.18" PMx="0.16" fuel="3.42" electricity="0.00" noise="71.09" route="routetop" type="cfm-fast" waiting="0.00" lane="left_0" pos="0.56" speed="21.32" angle="183.47" x="-4.92" y="62.37"/>
        <vehicle id="cfm-slow_0" eclass="HBEFA3/PC_G_EU4" CO2="13139.02" CO="194.43" HC="1.21" NOx="5.61" PMx="0.29" fuel="5.65" electricity="0.00" noise="73.98" route="routetop" type="cfm-slow" waiting="0.00" lane="left_0" pos="13.41" speed="21.69" angle="160.36" x="1.08" y="35.57"/>
        <vehicle id="cfm-slow_1" eclass="HBEFA3/PC_G_EU4" CO2="18504.79" CO="306.31" HC="1.85" NOx="8.11" PMx="0.44" fuel="7.95" electricity="0.00" noise="77.37" route="routetop" type="cfm-slow" waiting="0.00" lane="left_0" pos="30.61" speed="23.06" angle="129.38" x="24.39" y="7.41"/>
        <vehicle id="cfm-slow_2" eclass="HBEFA3/PC_G_EU4" CO2="23615.91" CO="416.80" HC="2.49" NOx="10.48" PMx="0.58" fuel="10.15" electricity="0.00" noise="80.34" route="routetop" type="cfm-slow" waiting="0.00" lane="left_0" pos="49.24" speed="25.19" angle="95.88" x="61.94" y="-4.91"/>
        <vehicle id="cfm-slow_3" eclass="HBEFA3/PC_G_EU4" CO2="24060.12" CO="437.45" HC="2.59" NOx="10.63" PMx="0.59" fuel="10.34" electricity="0.00" noise="80.34" route="routebottom" type="cfm-slow" waiting="0.00" lane="bottom_0" pos="20.07" speed="27.77" angle="58.31" x="104.12" y="8.27"/>
        <vehicle id="cfm-slow_4" eclass="HBEFA3/PC_G_EU4" CO2="15455.58" CO="274.40" HC="1.64" NOx="6.52" PMx="0.38" fuel="6.64" electricity="0.00" noise="76.61" route="routebottom" type="cfm-slow" waiting="0.00" lane="bottom_0" pos="43.52" speed="29.96" angle="16.24" x="130.84" y="49.72"/>
        <vehicle id="cfm-slow_5" eclass="HBEFA3/PC_G_EU4" CO2="0.00" CO="0.00" HC="0.00" NOx="0.00" PMx="0.00" fuel="0.00" electricity="0.00" noise="73.38" route="routebottom" type="cfm-slow" waiting="0.00" lane="right_0" pos="19.10" speed="30.67" angle="330.01" x="120.26" y="102.43"/>
    </timestep>
    <timestep time="4.33">
        <vehicle id="cfm-fast_0" eclass="HBEFA3/PC_G_EU4" CO2="0.00" CO="0.00" HC="0.00" NOx="0.00" PMx="0.00" fuel="0.00" electricity="0.00" noise="71.98" route="routebottom" type="cfm-fast" waiting="0.00" lane="right_0" pos="45.85" speed="29.11" angle="282.03" x="72.67" y="131.67"/>
        <vehicle id="cfm-fast_1" eclass="HBEFA3/PC_G_EU4" CO2="141471.83" CO="3284.35" HC="18.53" NOx="65.53" PMx="3.86" fuel="60.81" electricity="0.00" noise="119.38" route="routetop" type="cfm-fast" waiting="0.00" lane="top_1" pos="41.07" speed="53.89" angle="200.57" x="0.91" y="81.75"/>
        <vehicle id="cfm-fast_2" eclass="HBEFA3/PC_G_EU4" CO2="0.00" CO="0.00" HC="0.00" NOx="0.00" PMx="0.00" fuel="0.00" electricity="0.00" noise="70.55" route="routetop" type="cfm-fast" waiting="0.00" lane="top_0" pos="17.19" speed="26.00" angle="243.56" x="28.37" y="122.49"/>
        <vehicle id="cfm-fast_3" eclass="HBEFA3/PC_G_EU4" CO2="0.00" CO="0.00" HC="0.00" NOx="0.00" PMx="0.00" fuel="0.00" electricity="0.00" noise="69.41" route="routetop" type="cfm-fast" waiting="0.00" lane="top_0" pos="34.66" speed="24.01" angle="212.19" x="2.88" y="95.50"/>
        <vehicle id="cfm-fast_4" eclass="HBEFA3/PC_G_EU4" CO2="230242.64" CO="5249.79" HC="29.70" NOx="107.34" PMx="6.24" fuel="98.97" electricity="0.00" noise="143.12" route="routetop" type="cfm-fast" waiting="0.00" lane="left_1" pos="40.91" speed="58.59" angle="110.81" x="45.25" y="1.01"/>
        <vehicle id="cfm-fast_5" eclass="HBEFA3/PC_G_EU4" CO2="7982.27" CO="88.15" HC="0.60" NOx="3.19" PMx="0.16" fuel="3.43" electricity="0.00" noise="71.10" route="routetop" type="cfm-fast" waiting="0.00" lane="left_0" pos="0.77" speed="21.33" angle="183.08" x="-4.91" y="61.91"/>
        <vehicle id="cfm-slow_0" eclass="HBEFA3/PC_G_EU4" CO2="13171.20" CO="195.10" HC="1.21" NOx="5.63" PMx="0.30" fuel="5.66" electricity="0.00" noise="74.00" route="routetop" type="cfm-slow" waiting="0.00" lane="left_0" pos="13.63" speed="21.71" angle="159.96" x="1.27" y="35.14"/>
        <vehicle id="cfm-slow_1" eclass="HBEFA3/PC_G_EU4" CO2="18535.28" CO="306.97" HC="1.86" NOx="8.13" PMx="0.44" fuel="7.97" electricity="0.00" noise="77.39" route="routetop" type="cfm-slow" waiting="0.00" lane="left_0" pos="30.84" speed="23.09" angle="129.02" x="24.80" y="7.12"/>
        <vehicle id="cfm-slow_2" eclass="HBEFA3/PC_G_EU4" CO2="23606.28" CO="416.70" HC="2.48" NOx="10.47" PMx="0.58" fuel="10.15" electricity="0.00" noise="80.33" route="routetop" type="cfm-slow" waiting="0.00" lane="left_0" pos="49.50" speed="25.21" angle="95.42" x="62.49" y="-4.93"/>
        <vehicle id="cfm-slow_3" eclass="HBEFA3/PC_G_EU4" CO2="23966.22" CO="435.66" HC="2.58" NOx="10.58" PMx="0.59" fuel="10.30" electricity="0.00" noise="80.29" route="routebottom" type="cfm-slow" waiting="0.00" lane="bottom_0" pos="20.35" speed="27.79" angle="57.80" x="104.61" y="8.61"/>
        <vehicle id="cfm-slow_4" eclass="HBEFA3/PC_G_EU4" CO2="15290.78" CO="271.10" HC="1.62" NOx="6.44" PMx="0.37" fuel="6.57" electricity="0.00" noise="76.55" route="routebottom" type="cfm-slow" waiting="0.00" lane="bottom_0" pos="43.82" speed="29.97" angle="15.72" x="130.97" y="50.35"/>
        <vehicle id="cfm-slow_5" eclass="HBEFA3/PC_G_EU4" CO2="0.00" CO="0.00" HC="0.00" NOx="0.00" PMx="0.00" fuel="0.00" electricity="0.00" noise="73.36" route="routebottom" type="cfm-slow" waiting="0.00" lane="right_0" pos="19.41" speed="30.66" angle="329.50" x="119.88" y="102.97"/>
    </timestep>
    <timestep time="4.34">
        <vehicle id="cfm-fast_0" eclass="HBEFA3/PC_G_EU4" CO2="0.00" CO="0.00" HC="0.00" NOx="0.00" PMx="0.00" fuel="0.00" electricity="0.00" noise="71.97" route="routebottom" type="cfm-fast" waiting="0.00" lane="right_0" pos="46.14" speed="29.10" angle="281.54" x="72.05" y="131.76"/>
        <vehicle id="cfm-fast_1" eclass="HBEFA3/PC_G_EU4" CO2="141839.60" CO="3294.32" HC="18.58" NOx="65.70" PMx="3.87" fuel="60.97" electricity="0.00" noise="119.46" route="routetop" type="cfm-fast" waiting="0.00" lane="top_1" pos="41.61" speed="53.98" angle="199.57" x="0.62" y="80.68"/>
        <vehicle id="cfm-fast_2" eclass="HBEFA3/PC_G_EU4" CO2="0.00" CO="0.00" HC="0.00" NOx="0.00" PMx="0.00" fuel="0.00" electricity="0.00" noise="70.54" route="routetop" type="cfm-fast" waiting="0.00" lane="top_0" pos="17.45" speed="25.98" angle="243.09" x="27.89" y="122.20"/>
        <vehicle id="cfm-fast_3" eclass="HBEFA3/PC_G_EU4" CO2="0.00" CO="0.00" HC="0.00" NOx="0.00" PMx="0.00" fuel="0.00" electricity="0.00" noise="69.41" route="routetop" type="cfm-fast" waiting="0.00" lane="top_0" pos="34.90" speed="24.00" angle="211.75" x="2.65" y="95.04"/>
        <vehicle id="cfm-fast_4" eclass="HBEFA3/PC_G_EU4" CO2="230835.25" CO="5266.27" HC="29.79" NOx="107.62" PMx="6.26" fuel="99.22" electricity="0.00" noise="143.18" route="routetop" type="cfm-fast" waiting="0.00" lane="left_1" pos="41.50" speed="58.73" angle="109.79" x="46.41" y="0.68"/>
        <vehicle id="cfm-fast_5" eclass="HBEFA3/PC_G_EU4" CO2="8008.43" CO="88.69" HC="0.60" NOx="3.20" PMx="0.16" fuel="3.44" electricity="0.00" noise="71.12" route="routetop" type="cfm-fast" waiting="0.00" lane="left_0" pos="0.98" speed="21.34" angle="182.70" x="-4.90" y="61.46"/>
        <vehicle id="cfm-slow_0" eclass="HBEFA3/PC_G_EU4" CO2="13203.52" CO="195.77" HC="1.22" NOx="5.64" PMx="0.30" fuel="5.68" electricity="0.00" noise="74.02" route="routetop" type="cfm-slow" waiting="0.00" lane="left_0" pos="13.84" speed="21.73" angle="159.55" x="1.46" y="34.72"/>
        <vehicle id="cfm-slow_1" eclass="HBEFA3/PC_G_EU4" CO2="18565.58" CO="307.64" HC="1.86" NOx="8.14" PMx="0.44" fuel="7.98" electricity="0.00" noise="77.41" route="routetop" type="cfm-slow" waiting="0.00" lane="left_0" pos="31.07" speed="23.11" angle="128.60" x="25.21" y="6.85"/>
        <vehicle id="cfm-slow_2" eclass="HBEFA3/PC_G_EU4" CO2="23596.05" CO="416.59" HC="2.48" NOx="10.47" PMx="0.57" fuel="10.14" electricity="0.00" noise="80.32" route="routetop" type="cfm-slow" waiting="0.00" lane="left_0" pos="49.75" speed="25.24" angle="94.96" x="63.03" y="-4.94"/>
        <vehicle id="cfm-slow_3" eclass="HBEFA3/PC_G_EU4" CO2="23871.76" CO="433.86" HC="2.57" NOx="10.54" PMx="0.59" fuel="10.26" electricity="0.00" noise="80.24" route="routebottom" type="cfm-slow" waiting="0.00" lane="bottom_0" pos="20.63" speed="27.82" angle="57.35" x="105.09" y="8.97"/>
        <vehicle id="cfm-slow_4" eclass="HBEFA3/PC_G_EU4" CO2="15126.27" CO="267.80" HC="1.60" NOx="6.36" PMx="0.37" fuel="6.50" electricity="0.00" noise="76.49" route="routebottom" type="cfm-slow" waiting="0.00" lane="bottom_0" pos="44.12" speed="29.98" angle="15.15" x="131.08" y="50.98"/>
        <vehicle id="cfm-slow_5" eclass="HBEFA3/PC_G_EU4" CO2="0.00" CO="0.00" HC="0.00" NOx="0.00" PMx="0.00" fuel="0.00" electricity="0.00" noise="73.34" route="routebottom" type="cfm-slow" waiting="0.00" lane="right_0" pos="19.72" speed="30.65" angle="328.94" x="119.50" y="103.50"/>
    </timestep>
    <timestep time="4.35">
        <vehicle id="cfm-fast_0" eclass="HBEFA3/PC_G_EU4" CO2="0.00" CO="0.00" HC="0.00" NOx="0.00" PMx="0.00" fuel="0.00" electricity="0.00" noise="71.96" route="routebottom" type="cfm-fast" waiting="0.00" lane="right_0" pos="46.43" speed="29.08" angle="281.03" x="71.43" y="131.83"/>
        <vehicle id="cfm-fast_1" eclass="HBEFA3/PC_G_EU4" CO2="142212.39" CO="3304.41" HC="18.64" NOx="65.87" PMx="3.88" fuel="61.13" electricity="0.00" noise="119.54" route="routetop" type="cfm-fast" waiting="0.00" lane="top_1" pos="42.15" speed="54.07" angle="198.58" x="0.33" y="79.61"/>
        <vehicle id="cfm-fast_2" eclass="HBEFA3/PC_G_EU4" CO2="0.00" CO="0.00" HC="0.00" NOx="0.00" PMx="0.00" fuel="0.00" electricity="0.00" noise="70.53" route="routetop" type="cfm-fast" waiting="0.00" lane="top_0" pos="17.71" speed="25.97" angle="242.62" x="27.41" y="121.92"/>
        <vehicle id="cfm-fast_3" eclass="HBEFA3/PC_G_EU4" CO2="0.00" CO="0.00" HC="0.00" NOx="0.00" PMx="0.00" fuel="0.00" electricity="0.00" noise="69.40" route="routetop" type="cfm-fast" waiting="0.00" lane="top_0" pos="35.14" speed="23.99" angle="211.31" x="2.42" y="94.58"/>
        <vehicle id="cfm-fast_4" eclass="HBEFA3/PC_G_EU4" CO2="231428.15" CO="5282.77" HC="29.88" NOx="107.90" PMx="6.27" fuel="99.48" electricity="0.00" noise="143.25" route="routetop" type="cfm-fast" waiting="0.00" lane="left_1" pos="42.09" speed="58.87" angle="108.72" x="47.57" y="0.37"/>
        <vehicle id="cfm-fast_5" eclass="HBEFA3/PC_G_EU4" CO2="8034.85" CO="89.24" HC="0.60" NOx="3.21" PMx="0.16" fuel="3.45" electricity="0.00" noise="71.13" route="routetop" type="cfm-fast" waiting="0.00" lane="left_0" pos="1.20" speed="21.35" angle="182.31" x="-4.89" y="61.00"/>
        <vehicle id="cfm-slow_0" eclass="HBEFA3/PC_G_EU4" CO2="13235.97" CO="196.45" HC="1.22" NOx="5.66" PMx="0.30" fuel="5.69" electricity="0.00" noise="74.05" route="routetop" type="cfm-slow" waiting="0.00" lane="left_0" pos="14.06" speed="21.74" angle="159.20" x="1.65" y="34.29"/>
        <vehicle id="cfm-slow_1" eclass="HBEFA3/PC_G_EU4" CO2="18595.68" CO="308.30" HC="1.86" NOx="8.15" PMx="0.44" fuel="7.99" electricity="0.00" noise="77.42" route="routetop" type="cfm-slow" waiting="0.00" lane="left_0" pos="31.30" speed="23.14" angle="128.18" x="25.63" y="6.57"/>
        <vehicle id="cfm-slow_2" eclass="HBEFA3/PC_G_EU4" CO2="23585.22" CO="416.47" HC="2.48" NOx="10.46" PMx="0.57" fuel="10.14" electricity="0.00" noise="80.31" route="routebottom" type="cfm-slow" waiting="0.00" lane="bottom_0" pos="0.00" speed="25.27" angle="94.47" x="63.76" y="-4.95"/>
        <vehicle id="cfm-slow_3" eclass="HBEFA3/PC_G_EU4" CO2="23776.72" CO="432.04" HC="2.56" NOx="10.49" PMx="0.59" fuel="10.22" electricity="0.00" noise="80.19" route="routebottom" type="cfm-slow" waiting="0.00" lane="bottom_0" pos="20.90" speed="27.85" angle="56.85" x="105.56" y="9.34"/>
        <vehicle id="cfm-slow_4" eclass="HBEFA3/PC_G_EU4" CO2="14962.06" CO="264.51" HC="1.58" NOx="6.29" PMx="0.37" fuel="6.43" electricity="0.00" noise="76.44" route="routebottom" type="cfm-slow" waiting="0.00" lane="bottom_0" pos="44.42" speed="29.99" angle="14.58" x="131.20" y="51.62"/>
        <vehicle id="cfm-slow_5" eclass="HBEFA3/PC_G_EU4" CO2="0.00" CO="0.00" HC="0.00" NOx="0.00" PMx="0.00" fuel="0.00" electricity="0.00" noise="73.32" route="routebottom" type="cfm-slow" waiting="0.00" lane="right_0" pos="20.02" speed="30.65" angle="328.39" x="119.12" y="104.04"/>
    </timestep>
    <timestep time="4.36">
        <vehicle id="cfm-fast_0" eclass="HBEFA3/PC_G_EU4" CO2="0.00" CO="0.00" HC="0.00" NOx="0.00" PMx="0.00" fuel="0.00" electricity="0.00" noise="71.95" route="routebottom" type="cfm-fast" waiting="0.00" lane="right_0" pos="46.72" speed="29.06" angle="280.50" x="70.80" y="131.89"/>
        <vehicle id="cfm-fast_1" eclass="HBEFA3/PC_G_EU4" CO2="142590.14" CO="3314.60" HC="18.69" NOx="66.05" PMx="3.89" fuel="61.29" electricity="0.00" noise="119.61" route="routetop" type="cfm-fast" waiting="0.00" lane="top_1" pos="42.70" speed="54.16" angle="197.66" x="0.08" y="78.53"/>
        <vehicle id="cfm-fast_2" eclass="HBEFA3/PC_G_EU4" CO2="0.00" CO="0.00" HC="0.00" NOx="0.00" PMx="0.00" fuel="0.00" electricity="0.00" noise="70.52" route="routetop" type="cfm-fast" waiting="0.00" lane="top_0" pos="17.97" speed="25.96" angle="242.21" x="26.93" y="121.63"/>
        <vehicle id="cfm-fast_3" eclass="HBEFA3/PC_G_EU4" CO2="0.00" CO="0.00" HC="0.00" NOx="0.00" PMx="0.00" fuel="0.00" electricity="0.00" noise="69.40" route="routetop" type="cfm-fast" waiting="0.00" lane="top_0" pos="35.38" speed="23.97" angle="210.86" x="2.19" y="94.12"/>
        <vehicle id="cfm-fast_4" eclass="HBEFA3/PC_G_EU4" CO2="232021.34" CO="5299.28" HC="29.97" NOx="108.17" PMx="6.29" fuel="99.73" electricity="0.00" noise="143.32" route="routetop" type="cfm-fast" waiting="0.00" lane="left_1" pos="42.68" speed="59.00" angle="107.71" x="48.75" y="0.09"/>
        <vehicle id="cfm-fast_5" eclass="HBEFA3/PC_G_EU4" CO2="8061.53" CO="89.79" HC="0.61" NOx="3.22" PMx="0.16" fuel="3.47" electricity="0.00" noise="71.15" route="routetop" type="cfm-fast" waiting="0.00" lane="left_0" pos="1.41" speed="21.36" angle="181.95" x="-4.87" y="60.54"/>
        <vehicle id="cfm-slow_0" eclass="HBEFA3/PC_G_EU4" CO2="13268.55" CO="197.13" HC="1.22" NOx="5.67" PMx="0.30" fuel="5.70" electricity="0.00" noise="74.07" route="routetop" type="cfm-slow" waiting="0.00" lane="left_0" pos="14.28" speed="21.76" angle="158.80" x="1.86" y="33.87"/>
        <vehicle id="cfm-slow_1" eclass="HBEFA3/PC_G_EU4" CO2="18625.58" CO="308.95" HC="1.87" NOx="8.17" PMx="0.44" fuel="8.01" electricity="0.00" noise="77.44" route="routetop" type="cfm-slow" waiting="0.00" lane="left_0" pos="31.53" speed="23.16" angle="127.77" x="26.04" y="6.29"/>
        <vehicle id="cfm-slow_2" eclass="HBEFA3/PC_G_EU4" CO2="23573.79" CO="416.34" HC="2.48" NOx="10.45" PMx="0.57" fuel="10.13" electricity="0.00" noise="80.30" route="routebottom" type="cfm-slow" waiting="0.00" lane="bottom_0" pos="0.25" speed="25.30" angle="94.01" x="64.31" y="-4.94"/>
        <vehicle id="cfm-slow_3" eclass="HBEFA3/PC_G_EU4" CO2="23681.13" CO="430.22" HC="2.55" NOx="10.45" PMx="0.59" fuel="10.18" electricity="0.00" noise="80.13" route="routebottom" type="cfm-slow" waiting="0.00" lane="bottom_0" pos="21.18" speed="27.87" angle="56.34" x="106.03" y="9.71"/>
        <vehicle id="cfm-slow_4" eclass="HBEFA3/PC_G_EU4" CO2="14798.13" CO="261.22" HC="1.56" NOx="6.21" PMx="0.36" fuel="6.36" electricity="0.00" noise="76.38" route="routebottom" type="cfm-slow" waiting="0.00" lane="bottom_0" pos="44.72" speed="30.01" angle="14.02" x="131.32" y="52.25"/>
        <vehicle id="cfm-slow_5" eclass="HBEFA3/PC_G_EU4" CO2="0.00" CO="0.00" HC="0.00" NOx="0.00" PMx="0.00" fuel="0.00" electricity="0.00" noise="73.31" route="routebottom" type="cfm-slow" waiting="0.00" lane="right_0" pos="20.33" speed="30.64" angle="327.83" x="118.73" y="104.57"/>
    </timestep>
    <timestep time="4.37">
        <vehicle id="cfm-fast_0" eclass="HBEFA3/PC_G_EU4" CO2="0.00" CO="0.00" HC="0.00" NOx="0.00" PMx="0.00" fuel="0.00" electricity="0.00" noise="71.93" route="routebottom" type="cfm-fast" waiting="0.00" lane="right_0" pos="47.01" speed="29.05" angle="279.96" x="70.18" y="131.96"/>
        <vehicle id="cfm-fast_1" eclass="HBEFA3/PC_G_EU4" CO2="142972.81" CO="3324.91" HC="18.75" NOx="66.23" PMx="3.90" fuel="61.46" electricity="0.00" noise="119.69" route="routetop" type="cfm-fast" waiting="0.00" lane="top_1" pos="43.24" speed="54.24" angle="196.69" x="-0.17" y="77.45"/>
        <vehicle id="cfm-fast_2" eclass="HBEFA3/PC_G_EU4" CO2="0.00" CO="0.00" HC="0.00" NOx="0.00" PMx="0.00" fuel="0.00" electricity="0.00" noise="70.51" route="routetop" type="cfm-fast" waiting="0.00" lane="top_0" pos="18.23" speed="25.94" angle="241.71" x="26.47" y="121.32"/>
        <vehicle id="cfm-fast_3" eclass="HBEFA3/PC_G_EU4" CO2="0.00" CO="0.00" HC="0.00" NOx="0.00" PMx="0.00" fuel="0.00" electricity="0.00" noise="69.40" route="routetop" type="cfm-fast" waiting="0.00" lane="top_0" pos="35.62" speed="23.96" angle="210.42" x="1.96" y="93.66"/>
        <vehicle id="cfm-fast_4" eclass="HBEFA3/PC_G_EU4" CO2="232614.82" CO="5315.82" HC="30.06" NOx="108.45" PMx="6.31" fuel="99.99" electricity="0.00" noise="143.38" route="routetop" type="cfm-fast" waiting="0.00" lane="left_1" pos="43.27" speed="59.14" angle="106.65" x="49.93" y="-0.18"/>
        <vehicle id="cfm-fast_5" eclass="HBEFA3/PC_G_EU4" CO2="8088.46" CO="90.34" HC="0.61" NOx="3.24" PMx="0.16" fuel="3.48" electricity="0.00" noise="71.16" route="routetop" type="cfm-fast" waiting="0.00" lane="left_0" pos="1.62" speed="21.36" angle="181.56" x="-4.84" y="60.08"/>
        <vehicle id="cfm-slow_0" eclass="HBEFA3/PC_G_EU4" CO2="13301.26" CO="197.81" HC="1.23" NOx="5.69" PMx="0.30" fuel="5.72" electricity="0.00" noise="74.09" route="routetop" type="cfm-slow" waiting="0.00" lane="left_0" pos="14.50" speed="21.78" angle="158.39" x="2.07" y="33.45"/>
        <vehicle id="cfm-slow_1" eclass="HBEFA3/PC_G_EU4" CO2="18655.28" CO="309.61" HC="1.87" NOx="8.18" PMx="0.44" fuel="8.02" electricity="0.00" noise="77.46" route="routetop" type="cfm-slow" waiting="0.00" lane="left_0" pos="31.77" speed="23.19" angle="127.35" x="26.46" y="6.02"/>
        <vehicle id="cfm-slow_2" eclass="HBEFA3/PC_G_EU4" CO2="23561.76" CO="416.19" HC="2.48" NOx="10.45" PMx="0.57" fuel="10.13" electricity="0.00" noise="80.29" route="routebottom" type="cfm-slow" waiting="0.00" lane="bottom_0" pos="0.51" speed="25.33" angle="93.55" x="64.85" y="-4.93"/>
        <vehicle id="cfm-slow_3" eclass="HBEFA3/PC_G_EU4" CO2="23584.98" CO="428.38" HC="2.54" NOx="10.40" PMx="0.58" fuel="10.14" electricity="0.00" noise="80.08" route="routebottom" type="cfm-slow" waiting="0.00" lane="bottom_0" pos="21.46" speed="27.90" angle="55.83" x="106.50" y="10.08"/>
        <vehicle id="cfm-slow_4" eclass="HBEFA3/PC_G_EU4" CO2="14634.52" CO="257.93" HC="1.54" NOx="6.13" PMx="0.36" fuel="6.29" electricity="0.00" noise="76.33" route="routebottom" type="cfm-slow" waiting="0.00" lane="bottom_0" pos="45.02" speed="30.02" angle="13.53" x="131.42" y="52.89"/>
        <vehicle id="cfm-slow_5" eclass="HBEFA3/PC_G_EU4" CO2="0.00" CO="0.00" HC="0.00" NOx="0.00" PMx="0.00" fuel="0.00" electricity="0.00" noise="73.29" route="routebottom" type="cfm-slow" waiting="0.00" lane="right_0" pos="20.64" speed="30.63" angle="327.34" x="118.34" y="105.10"/>
    </timestep>
    <timestep time="4.38">
        <vehicle id="cfm-fast_0" eclass="HBEFA3/PC_G_EU4" CO2="0.00" CO="0.00" HC="0.00" NOx="0.00" PMx="0.00" fuel="0.00" electricity="0.00" noise="71.92" route="routebottom" type="cfm-fast" waiting="0.00" lane="right_0" pos="47.30" speed="29.03" angle="279.43" x="69.56" y="132.02"/>
        <vehicle id="cfm-fast_1" eclass="HBEFA3/PC_G_EU4" CO2="143360.33" CO="3335.32" HC="18.81" NOx="66.41" PMx="3.92" fuel="61.62" electricity="0.00" noise="119.77" route="routetop" type="cfm-fast" waiting="0.00" lane="top_1" pos="43.78" speed="54.33" angle="195.75" x="-0.40" y="76.36"/>
        <vehicle id="cfm-fast_2" eclass="HBEFA3/PC_G_EU4" CO2="0.00" CO="0.00" HC="0.00" NOx="0.00" PMx="0.00" fuel="0.00" electricity="0.00" noise="70.50" route="routetop" type="cfm-fast" waiting="0.00" lane="top_0" pos="18.49" speed="25.93" angle="241.20" x="26.01" y="121.01"/>
        <vehicle id="cfm-fast_3" eclass="HBEFA3/PC_G_EU4" CO2="0.00" CO="0.00" HC="0.00" NOx="0.00" PMx="0.00" fuel="0.00" electricity="0.00" noise="69.39" route="routetop" type="cfm-fast" waiting="0.00" lane="top_0" pos="35.86" speed="23.94" angle="210.01" x="1.73" y="93.19"/>
        <vehicle id="cfm-fast_4" eclass="HBEFA3/PC_G_EU4" CO2="233208.59" CO="5332.38" HC="30.15" NOx="108.73" PMx="6.32" fuel="100.24" electricity="0.00" noise="143.45" route="routetop" type="cfm-fast" waiting="0.00" lane="left_1" pos="43.86" speed="59.27" angle="105.62" x="51.12" y="-0.43"/>
        <vehicle id="cfm-fast_5" eclass="HBEFA3/PC_G_EU4" CO2="8115.64" CO="90.90" HC="0.61" NOx="3.25" PMx="0.16" fuel="3.49" electricity="0.00" noise="71.18" route="routetop" type="cfm-fast" waiting="0.00" lane="left_0" pos="1.84" speed="21.37" angle="181.18" x="-4.82" y="59.62"/>
        <vehicle id="cfm-slow_0" eclass="HBEFA3/PC_G_EU4" CO2="13334.09" CO="198.50" HC="1.23" NOx="5.70" PMx="0.30" fuel="5.73" electricity="0.00" noise="74.11" route="routetop" type="cfm-slow" waiting="0.00" lane="left_0" pos="14.71" speed="21.80" angle="157.99" x="2.28" y="33.03"/>
        <vehicle id="cfm-slow_1" eclass="HBEFA3/PC_G_EU4" CO2="18684.76" CO="310.26" HC="1.88" NOx="8.19" PMx="0.44" fuel="8.03" electricity="0.00" noise="77.48" route="routetop" type="cfm-slow" waiting="0.00" lane="left_0" pos="32.00" speed="23.21" angle="126.96" x="26.87" y="5.74"/>
        <vehicle id="cfm-slow_2" eclass="HBEFA3/PC_G_EU4" CO2="23549.11" CO="416.03" HC="2.48" NOx="10.44" PMx="0.57" fuel="10.12" electricity="0.00" noise="80.28" route="routebottom" type="cfm-slow" waiting="0.00" lane="bottom_0" pos="0.76" speed="25.36" angle="93.09" x="65.40" y="-4.91"/>
        <vehicle id="cfm-slow_3" eclass="HBEFA3/PC_G_EU4" CO2="23488.28" CO="426.53" HC="2.53" NOx="10.35" PMx="0.58" fuel="10.10" electricity="0.00" noise="80.03" route="routebottom" type="cfm-slow" waiting="0.00" lane="bottom_0" pos="21.74" speed="27.92" angle="55.37" x="106.98" y="10.45"/>
        <vehicle id="cfm-slow_4" eclass="HBEFA3/PC_G_EU4" CO2="14471.21" CO="254.65" HC="1.53" NOx="6.05" PMx="0.35" fuel="6.22" electricity="0.00" noise="76.27" route="routebottom" type="cfm-slow" waiting="0.00" lane="bottom_0" pos="45.32" speed="30.03" angle="12.99" x="131.51" y="53.53"/>
        <vehicle id="cfm-slow_5" eclass="HBEFA3/PC_G_EU4" CO2="0.00" CO="0.00" HC="0.00" NOx="0.00" PMx="0.00" fuel="0.00" electricity="0.00" noise="73.27" route="routebottom" type="cfm-slow" waiting="0.00" lane="right_0" pos="20.94" speed="30.62" angle="326.78" x="117.93" y="105.62"/>
    </timestep>
    <timestep time="4.39">
        <vehicle id="cfm-fast_0" eclass="HBEFA3/PC_G_EU4" CO2="0.00" CO="0.00" HC="0.00" NOx="0.00" PMx="0.00" fuel="0.00" electricity="0.00" noise="71.91" route="routebottom" type="cfm-fast" waiting="0.00" lane="right_0" pos="47.59" speed="29.01" angle="278.96" x="68.94" y="132.07"/>
        <vehicle id="cfm-fast_1" eclass="HBEFA3/PC_G_EU4" CO2="143752.65" CO="3345.85" HC="18.87" NOx="66.60" PMx="3.93" fuel="61.79" electricity="0.00" noise="119.86" route="routetop" type="cfm-fast" waiting="0.00" lane="top_1" pos="44.33" speed="54.42" angle="194.74" x="-0.60" y="75.26"/>
        <vehicle id="cfm-fast_2" eclass="HBEFA3/PC_G_EU4" CO2="0.00" CO="0.00" HC="0.00" NOx="0.00" PMx="0.00" fuel="0.00" electricity="0.00" noise="70.49" route="routetop" type="cfm-fast" waiting="0.00" lane="top_0" pos="18.74" speed="25.91" angle="240.70" x="25.54" y="120.70"/>
        <vehicle id="cfm-fast_3" eclass="HBEFA3/PC_G_EU4" CO2="0.00" CO="0.00" HC="0.00" NOx="0.00" PMx="0.00" fuel="0.00" electricity="0.00" noise="69.39" route="routetop" type="cfm-fast" waiting="0.00" lane="top_0" pos="36.10" speed="23.93" angle="209.59" x="1.52" y="92.73"/>
        <vehicle id="cfm-fast_4" eclass="HBEFA3/PC_G_EU4" CO2="233802.65" CO="5348.97" HC="30.24" NOx="109.01" PMx="6.34" fuel="100.50" electricity="0.00" noise="143.51" route="routetop" type="cfm-fast" waiting="0.00" lane="left_1" pos="44.45" speed="59.41" angle="104.51" x="52.32" y="-0.65"/>
        <vehicle id="cfm-fast_5" eclass="HBEFA3/PC_G_EU4" CO2="8143.07" CO="91.47" HC="0.62" NOx="3.26" PMx="0.16" fuel="3.50" electricity="0.00" noise="71.20" route="routetop" type="cfm-fast" waiting="0.00" lane="left_0" pos="2.05" speed="21.38" angle="180.79" x="-4.79" y="59.16"/>
        <vehicle id="cfm-slow_0" eclass="HBEFA3/PC_G_EU4" CO2="13367.04" CO="199.18" HC="1.24" NOx="5.72" PMx="0.30" fuel="5.75" electricity="0.00" noise="74.13" route="routetop" type="cfm-slow" waiting="0.00" lane="left_0" pos="14.93" speed="21.81" angle="157.58" x="2.49" y="32.61"/>
        <vehicle id="cfm-slow_1" eclass="HBEFA3/PC_G_EU4" CO2="18714.02" CO="310.90" HC="1.88" NOx="8.21" PMx="0.44" fuel="8.04" electricity="0.00" noise="77.49" route="routetop" type="cfm-slow" waiting="0.00" lane="left_0" pos="32.23" speed="23.24" angle="126.56" x="27.30" y="5.48"/>
        <vehicle id="cfm-slow_2" eclass="HBEFA3/PC_G_EU4" CO2="23535.87" CO="415.86" HC="2.48" NOx="10.43" PMx="0.57" fuel="10.12" electricity="0.00" noise="80.26" route="routebottom" type="cfm-slow" waiting="0.00" lane="bottom_0" pos="1.02" speed="25.39" angle="92.63" x="65.94" y="-4.90"/>
        <vehicle id="cfm-slow_3" eclass="HBEFA3/PC_G_EU4" CO2="23391.03" CO="424.67" HC="2.52" NOx="10.31" PMx="0.58" fuel="10.05" electricity="0.00" noise="79.98" route="routebottom" type="cfm-slow" waiting="0.00" lane="bottom_0" pos="22.02" speed="27.95" angle="54.86" x="107.44" y="10.84"/>
        <vehicle id="cfm-slow_4" eclass="HBEFA3/PC_G_EU4" CO2="14308.22" CO="251.38" HC="1.51" NOx="5.98" PMx="0.35" fuel="6.15" electricity="0.00" noise="76.22" route="routebottom" type="cfm-slow" waiting="0.00" lane="bottom_0" pos="45.62" speed="30.04" angle="12.44" x="131.61" y="54.17"/>
        <vehicle id="cfm-slow_5" eclass="HBEFA3/PC_G_EU4" CO2="0.00" CO="0.00" HC="0.00" NOx="0.00" PMx="0.00" fuel="0.00" electricity="0.00" noise="73.25" route="routebottom" type="cfm-slow" waiting="0.00" lane="right_0" pos="21.25" speed="30.62" angle="326.23" x="117.52" y="106.14"/>
    </timestep>
    <timestep time="4.40">
        <vehicle id="cfm-fast_0" eclass="HBEFA3/PC_G_EU4" CO2="0.00" CO="0.00" HC="0.00" NOx="0.00" PMx="0.00" fuel="0.00" electricity="0.00" noise="71.90" route="routebottom" type="cfm-fast" waiting="0.00" lane="right_0" pos="47.88" speed="28.99" angle="278.42" x="68.32" y="132.11"/>
        <vehicle id="cfm-fast_1" eclass="HBEFA3/PC_G_EU4" CO2="144149.71" CO="3356.48" HC="18.92" NOx="66.78" PMx="3.94" fuel="61.96" electricity="0.00" noise="119.94" route="routetop" type="cfm-fast" waiting="0.00" lane="top_1" pos="44.87" speed="54.51" angle="193.79" x="-0.81" y="74.16"/>
        <vehicle id="cfm-fast_2" eclass="HBEFA3/PC_G_EU4" CO2="0.00" CO="0.00" HC="0.00" NOx="0.00" PMx="0.00" fuel="0.00" electricity="0.00" noise="70.48" route="routetop" type="cfm-fast" waiting="0.00" lane="top_0" pos="19.00" speed="25.90" angle="240.20" x="25.08" y="120.39"/>
        <vehicle id="cfm-fast_3" eclass="HBEFA3/PC_G_EU4" CO2="0.00" CO="0.00" HC="0.00" NOx="0.00" PMx="0.00" fuel="0.00" electricity="0.00" noise="69.39" route="routetop" type="cfm-fast" waiting="0.00" lane="top_0" pos="36.34" speed="23.92" angle="209.14" x="1.30" y="92.26"/>
        <vehicle id="cfm-fast_4" eclass="HBEFA3/PC_G_EU4" CO2="234397.01" CO="5365.57" HC="30.33" NOx="109.29" PMx="6.36" fuel="100.76" electricity="0.00" noise="143.58" route="routetop" type="cfm-fast" waiting="0.00" lane="left_1" pos="45.05" speed="59.55" angle="103.47" x="53.52" y="-0.86"/>
        <vehicle id="cfm-fast_5" eclass="HBEFA3/PC_G_EU4" CO2="8170.75" CO="92.04" HC="0.62" NOx="3.27" PMx="0.16" fuel="3.51" electricity="0.00" noise="71.21" route="routetop" type="cfm-fast" waiting="0.00" lane="left_0" pos="2.27" speed="21.39" angle="180.41" x="-4.76" y="58.70"/>
        <vehicle id="cfm-slow_0" eclass="HBEFA3/PC_G_EU4" CO2="13400.10" CO="199.87" HC="1.24" NOx="5.73" PMx="0.30" fuel="5.76" electricity="0.00" noise="74.15" route="routetop" type="cfm-slow" waiting="0.00" lane="left_0" pos="15.15" speed="21.83" angle="157.17" x="2.70" y="32.19"/>
        <vehicle id="cfm-slow_1" eclass="HBEFA3/PC_G_EU4" CO2="18743.07" CO="311.54" HC="1.88" NOx="8.22" PMx="0.44" fuel="8.06" electricity="0.00" noise="77.51" route="routetop" type="cfm-slow" waiting="0.00" lane="left_0" pos="32.46" speed="23.26" angle="126.13" x="27.73" y="5.22"/>
        <vehicle id="cfm-slow_2" eclass="HBEFA3/PC_G_EU4" CO2="23522.01" CO="415.68" HC="2.48" NOx="10.43" PMx="0.57" fuel="10.11" electricity="0.00" noise="80.25" route="routebottom" type="cfm-slow" waiting="0.00" lane="bottom_0" pos="1.27" speed="25.42" angle="92.19" x="66.49" y="-4.89"/>
        <vehicle id="cfm-slow_3" eclass="HBEFA3/PC_G_EU4" CO2="23293.25" CO="422.80" HC="2.51" NOx="10.26" PMx="0.58" fuel="10.01" electricity="0.00" noise="79.92" route="routebottom" type="cfm-slow" waiting="0.00" lane="bottom_0" pos="22.30" speed="27.97" angle="54.33" x="107.89" y="11.23"/>
        <vehicle id="cfm-slow_4" eclass="HBEFA3/PC_G_EU4" CO2="14145.56" CO="248.11" HC="1.49" NOx="5.90" PMx="0.34" fuel="6.08" electricity="0.00" noise="76.16" route="routebottom" type="cfm-slow" waiting="0.00" lane="bottom_0" pos="45.92" speed="30.05" angle="11.90" x="131.70" y="54.81"/>
        <vehicle id="cfm-slow_5" eclass="HBEFA3/PC_G_EU4" CO2="0.00" CO="0.00" HC="0.00" NOx="0.00" PMx="0.00" fuel="0.00" electricity="0.00" noise="73.23" route="routebottom" type="cfm-slow" waiting="0.00" lane="right_0" pos="21.55" speed="30.61" angle="325.67" x="117.12" y="106.66"/>
    </timestep>
    <timestep time="4.41">
        <vehicle id="cfm-fast_0" eclass="HBEFA3/PC_G_EU4" CO2="0.00" CO="0.00" HC="0.00" NOx="0.00" PMx="0.00" fuel="0.00" electricity="0.00" noise="71.89" route="routebottom" type="cfm-fast" waiting="0.00" lane="right_0" pos="48.17" speed="28.97" angle="277.87" x="67.69" y="132.15"/>
        <vehicle id="cfm-fast_1" eclass="HBEFA3/PC_G_EU4" CO2="144551.46" CO="3367.21" HC="18.98" NOx="66.97" PMx="3.95" fuel="62.14" electricity="0.00" noise="120.02" route="routetop" type="cfm-fast" waiting="0.00" lane="top_1" pos="45.42" speed="54.60" angle="192.80" x="-0.96" y="73.05"/>
        <vehicle id="cfm-fast_2" eclass="HBEFA3/PC_G_EU4" CO2="0.00" CO="0.00" HC="0.00" NOx="0.00" PMx="0.00" fuel="0.00" electricity="0.00" noise="70.47" route="routetop" type="cfm-fast" waiting="0.00" lane="top_0" pos="19.26" speed="25.89" angle="239.77" x="24.62" y="120.08"/>
        <vehicle id="cfm-fast_3" eclass="HBEFA3/PC_G_EU4" CO2="0.00" CO="0.00" HC="0.00" NOx="0.00" PMx="0.00" fuel="0.00" electricity="0.00" noise="69.39" route="routetop" type="cfm-fast" waiting="0.00" lane="top_0" pos="36.57" speed="23.90" angle="208.69" x="1.09" y="91.79"/>
        <vehicle id="cfm-fast_4" eclass="HBEFA3/PC_G_EU4" CO2="234991.66" CO="5382.20" HC="30.42" NOx="109.56" PMx="6.38" fuel="101.01" electricity="0.00" noise="143.64" route="routetop" type="cfm-fast" waiting="0.00" lane="left_1" pos="45.65" speed="59.68" angle="102.38" x="54.73" y="-1.03"/>
        <vehicle id="cfm-fast_5" eclass="HBEFA3/PC_G_EU4" CO2="8198.67" CO="92.62" HC="0.62" NOx="3.29" PMx="0.17" fuel="3.52" electricity="0.00" noise="71.23" route="routetop" type="cfm-fast" waiting="0.00" lane="left_0" pos="2.48" speed="21.40" angle="180.03" x="-4.74" y="58.24"/>
        <vehicle id="cfm-slow_0" eclass="HBEFA3/PC_G_EU4" CO2="13433.28" CO="200.57" HC="1.24" NOx="5.75" PMx="0.30" fuel="5.77" electricity="0.00" noise="74.18" route="routetop" type="cfm-slow" waiting="0.00" lane="left_0" pos="15.37" speed="21.85" angle="156.83" x="2.91" y="31.77"/>
        <vehicle id="cfm-slow_1" eclass="HBEFA3/PC_G_EU4" CO2="18771.89" CO="312.18" HC="1.89" NOx="8.23" PMx="0.44" fuel="8.07" electricity="0.00" noise="77.53" route="routetop" type="cfm-slow" waiting="0.00" lane="left_0" pos="32.70" speed="23.29" angle="125.69" x="28.16" y="4.96"/>
        <vehicle id="cfm-slow_2" eclass="HBEFA3/PC_G_EU4" CO2="23507.55" CO="415.48" HC="2.48" NOx="10.42" PMx="0.57" fuel="10.10" electricity="0.00" noise="80.24" route="routebottom" type="cfm-slow" waiting="0.00" lane="bottom_0" pos="1.52" speed="25.45" angle="91.74" x="67.04" y="-4.85"/>
        <vehicle id="cfm-slow_3" eclass="HBEFA3/PC_G_EU4" CO2="23194.94" CO="420.92" HC="2.50" NOx="10.21" PMx="0.57" fuel="9.97" electricity="0.00" noise="79.87" route="routebottom" type="cfm-slow" waiting="0.00" lane="bottom_0" pos="22.58" speed="28.00" angle="53.80" x="108.35" y="11.62"/>
        <vehicle id="cfm-slow_4" eclass="HBEFA3/PC_G_EU4" CO2="13983.23" CO="244.84" HC="1.47" NOx="5.82" PMx="0.34" fuel="6.01" electricity="0.00" noise="76.11" route="routebottom" type="cfm-slow" waiting="0.00" lane="bottom_0" pos="46.22" speed="30.06" angle="11.41" x="131.79" y="55.45"/>
        <vehicle id="cfm-slow_5" eclass="HBEFA3/PC_G_EU4" CO2="0.00" CO="0.00" HC="0.00" NOx="0.00" PMx="0.00" fuel="0.00" electricity="0.00" noise="73.22" route="routebottom" type="cfm-slow" waiting="0.00" lane="right_0" pos="21.86" speed="30.60" angle="325.16" x="116.71" y="107.17"/>
    </timestep>
    <timestep time="4.42">
        <vehicle id="cfm-fast_0" eclass="HBEFA3/PC_G_EU4" CO2="0.00" CO="0.00" HC="0.00" NOx="0.00" PMx="0.00" fuel="0.00" electricity="0.00" noise="71.88" route="routebottom" type="cfm-fast" waiting="0.00" lane="right_0" pos="48.46" speed="28.96" angle="277.33" x="67.07" y="132.18"/>
        <vehicle id="cfm-fast_1" eclass="HBEFA3/PC_G_EU4" CO2="144957.84" CO="3378.05" HC="19.04" NOx="67.16" PMx="3.96" fuel="62.31" electricity="0.00" noise="120.11" route="routetop" type="cfm-fast" waiting="0.00" lane="top_1" pos="45.96" speed="54.69" angle="191.80" x="-1.12" y="71.94"/>
        <vehicle id="cfm-fast_2" eclass="HBEFA3/PC_G_EU4" CO2="0.00" CO="0.00" HC="0.00" NOx="0.00" PMx="0.00" fuel="0.00" electricity="0.00" noise="70.46" route="routetop" type="cfm-fast" waiting="0.00" lane="top_0" pos="19.52" speed="25.87" angle="239.30" x="24.17" y="119.75"/>
        <vehicle id="cfm-fast_3" eclass="HBEFA3/PC_G_EU4" CO2="0.00" CO="0.00" HC="0.00" NOx="0.00" PMx="0.00" fuel="0.00" electricity="0.00" noise="69.38" route="routetop" type="cfm-fast" waiting="0.00" lane="top_0" pos="36.81" speed="23.89" angle="208.25" x="0.88" y="91.32"/>
        <vehicle id="cfm-fast_4" eclass="HBEFA3/PC_G_EU4" CO2="235586.60" CO="5398.84" HC="30.51" NOx="109.84" PMx="6.39" fuel="101.27" electricity="0.00" noise="143.71" route="routetop" type="cfm-fast" waiting="0.00" lane="left_1" pos="46.24" speed="59.82" angle="101.34" x="55.95" y="-1.20"/>
        <vehicle id="cfm-fast_5" eclass="HBEFA3/PC_G_EU4" CO2="8226.83" CO="93.20" HC="0.63" NOx="3.30" PMx="0.17" fuel="3.54" electricity="0.00" noise="71.24" route="routetop" type="cfm-fast" waiting="0.00" lane="left_0" pos="2.69" speed="21.41" angle="179.66" x="-4.69" y="57.78"/>
        <vehicle id="cfm-slow_0" eclass="HBEFA3/PC_G_EU4" CO2="13466.56" CO="201.26" HC="1.25" NOx="5.76" PMx="0.30" fuel="5.79" electricity="0.00" noise="74.20" route="routetop" type="cfm-slow" waiting="0.00" lane="left_0" pos="15.59" speed="21.87" angle="156.42" x="3.14" y="31.36"/>
        <vehicle id="cfm-slow_1" eclass="HBEFA3/PC_G_EU4" CO2="18800.48" CO="312.81" HC="1.89" NOx="8.25" PMx="0.45" fuel="8.08" electricity="0.00" noise="77.54" route="routetop" type="cfm-slow" waiting="0.00" lane="left_0" pos="32.93" speed="23.31" angle="125.26" x="28.59" y="4.71"/>
        <vehicle id="cfm-slow_2" eclass="HBEFA3/PC_G_EU4" CO2="23492.47" CO="415.28" HC="2.48" NOx="10.41" PMx="0.57" fuel="10.10" electricity="0.00" noise="80.23" route="routebottom" type="cfm-slow" waiting="0.00" lane="bottom_0" pos="1.78" speed="25.48" angle="91.28" x="67.58" y="-4.82"/>
        <vehicle id="cfm-slow_3" eclass="HBEFA3/PC_G_EU4" CO2="23096.10" CO="419.02" HC="2.49" NOx="10.17" PMx="0.57" fuel="9.93" electricity="0.00" noise="79.82" route="routebottom" type="cfm-slow" waiting="0.00" lane="bottom_0" pos="22.86" speed="28.02" angle="53.27" x="108.81" y="12.01"/>
        <vehicle id="cfm-slow_4" eclass="HBEFA3/PC_G_EU4" CO2="13821.24" CO="241.58" HC="1.45" NOx="5.75" PMx="0.34" fuel="5.94" electricity="0.00" noise="76.06" route="routebottom" type="cfm-slow" waiting="0.00" lane="bottom_0" pos="46.52" speed="30.07" angle="10.86" x="131.85" y="56.09"/>
        <vehicle id="cfm-slow_5" eclass="HBEFA3/PC_G_EU4" CO2="0.00" CO="0.00" HC="0.00" NOx="0.00" PMx="0.00" fuel="0.00" electricity="0.00" noise="73.20" route="routebottom" type="cfm-slow" waiting="0.00" lane="right_0" pos="22.17" speed="30.59" angle="324.58" x="116.28" y="107.67"/>
    </timestep>
    <timestep time="4.43">
        <vehicle id="cfm-fast_0" eclass="HBEFA3/PC_G_EU4" CO2="0.00" CO="0.00" HC="0.00" NOx="0.00" PMx="0.00" fuel="0.00" electricity="0.00" noise="71.86" route="routebottom" type="cfm-fast" waiting="0.00" lane="right_0" pos="48.75" speed="28.94" angle="276.84" x="66.45" y="132.22"/>
        <vehicle id="cfm-fast_1" eclass="HBEFA3/PC_G_EU4" CO2="145368.80" CO="3388.99" HC="19.10" NOx="67.35" PMx="3.97" fuel="62.49" electricity="0.00" noise="120.20" route="routetop" type="cfm-fast" waiting="0.00" lane="top_1" pos="46.51" speed="54.77" angle="190.84" x="-1.25" y="70.83"/>
        <vehicle id="cfm-fast_2" eclass="HBEFA3/PC_G_EU4" CO2="0.00" CO="0.00" HC="0.00" NOx="0.00" PMx="0.00" fuel="0.00" electricity="0.00" noise="70.45" route="routetop" type="cfm-fast" waiting="0.00" lane="top_0" pos="19.78" speed="25.86" angle="238.83" x="23.72" y="119.42"/>
        <vehicle id="cfm-fast_3" eclass="HBEFA3/PC_G_EU4" CO2="0.00" CO="0.00" HC="0.00" NOx="0.00" PMx="0.00" fuel="0.00" electricity="0.00" noise="69.38" route="routetop" type="cfm-fast" waiting="0.00" lane="top_0" pos="37.05" speed="23.87" angle="207.80" x="0.67" y="90.85"/>
        <vehicle id="cfm-fast_4" eclass="HBEFA3/PC_G_EU4" CO2="236181.83" CO="5415.51" HC="30.60" NOx="110.12" PMx="6.41" fuel="101.52" electricity="0.00" noise="143.78" route="routetop" type="cfm-fast" waiting="0.00" lane="left_1" pos="46.84" speed="59.96" angle="100.23" x="57.17" y="-1.32"/>
        <vehicle id="cfm-fast_5" eclass="HBEFA3/PC_G_EU4" CO2="8255.22" CO="93.79" HC="0.63" NOx="3.31" PMx="0.17" fuel="3.55" electricity="0.00" noise="71.26" route="routetop" type="cfm-fast" waiting="0.00" lane="left_0" pos="2.91" speed="21.42" angle="179.28" x="-4.65" y="57.32"/>
        <vehicle id="cfm-slow_0" eclass="HBEFA3/PC_G_EU4" CO2="13499.94" CO="201.96" HC="1.25" NOx="5.78" PMx="0.30" fuel="5.80" electricity="0.00" noise="74.22" route="routetop" type="cfm-slow" waiting="0.00" lane="left_0" pos="15.81" speed="21.88" angle="156.02" x="3.36" y="30.95"/>
        <vehicle id="cfm-slow_1" eclass="HBEFA3/PC_G_EU4" CO2="18828.83" CO="313.44" HC="1.89" NOx="8.26" PMx="0.45" fuel="8.09" electricity="0.00" noise="77.56" route="routetop" type="cfm-slow" waiting="0.00" lane="left_0" pos="33.16" speed="23.33" angle="124.82" x="29.02" y="4.45"/>
        <vehicle id="cfm-slow_2" eclass="HBEFA3/PC_G_EU4" CO2="23476.79" CO="415.06" HC="2.47" NOx="10.40" PMx="0.57" fuel="10.09" electricity="0.00" noise="80.21" route="routebottom" type="cfm-slow" waiting="0.00" lane="bottom_0" pos="2.03" speed="25.50" angle="90.82" x="68.13" y="-4.79"/>
        <vehicle id="cfm-slow_3" eclass="HBEFA3/PC_G_EU4" CO2="22996.75" CO="417.12" HC="2.47" NOx="10.12" PMx="0.57" fuel="9.89" electricity="0.00" noise="79.77" route="routebottom" type="cfm-slow" waiting="0.00" lane="bottom_0" pos="23.14" speed="28.05" angle="52.81" x="109.27" y="12.41"/>
        <vehicle id="cfm-slow_4" eclass="HBEFA3/PC_G_EU4" CO2="13659.60" CO="238.33" HC="1.43" NOx="5.67" PMx="0.33" fuel="5.87" electricity="0.00" noise="76.01" route="routebottom" type="cfm-slow" waiting="0.00" lane="bottom_0" pos="46.82" speed="30.08" angle="10.31" x="131.92" y="56.74"/>
        <vehicle id="cfm-slow_5" eclass="HBEFA3/PC_G_EU4" CO2="0.00" CO="0.00" HC="0.00" NOx="0.00" PMx="0.00" fuel="0.00" electricity="0.00" noise="73.18" route="routebottom" type="cfm-slow" waiting="0.00" lane="right_0" pos="22.47" speed="30.58" angle="324.00" x="115.86" y="108.17"/>
    </timestep>
    <timestep time="4.44">
        <vehicle id="cfm-fast_0" eclass="HBEFA3/PC_G_EU4" CO2="0.00" CO="0.00" HC="0.00" NOx="0.00" PMx="0.00" fuel="0.00" electricity="0.00" noise="71.85" route="routebottom" type="cfm-fast" waiting="0.00" lane="right_0" pos="49.04" speed="28.92" angle="276.31" x="65.83" y="132.23"/>
        <vehicle id="cfm-fast_1" eclass="HBEFA3/PC_G_EU4" CO2="145784.29" CO="3400.04" HC="19.16" NOx="67.55" PMx="3.98" fuel="62.67" electricity="0.00" noise="120.28" route="routetop" type="cfm-fast" waiting="0.00" lane="top_1" pos="47.06" speed="54.86" angle="189.81" x="-1.36" y="69.71"/>
        <vehicle id="cfm-fast_2" eclass="HBEFA3/PC_G_EU4" CO2="0.00" CO="0.00" HC="0.00" NOx="0.00" PMx="0.00" fuel="0.00" electricity="0.00" noise="70.44" route="routetop" type="cfm-fast" waiting="0.00" lane="top_0" pos="20.04" speed="25.84" angle="238.37" x="23.27" y="119.10"/>
        <vehicle id="cfm-fast_3" eclass="HBEFA3/PC_G_EU4" CO2="0.00" CO="0.00" HC="0.00" NOx="0.00" PMx="0.00" fuel="0.00" electricity="0.00" noise="69.38" route="routetop" type="cfm-fast" waiting="0.00" lane="top_0" pos="37.29" speed="23.86" angle="207.43" x="0.47" y="90.38"/>
        <vehicle id="cfm-fast_4" eclass="HBEFA3/PC_G_EU4" CO2="236777.36" CO="5432.20" HC="30.70" NOx="110.40" PMx="6.43" fuel="101.78" electricity="0.00" noise="143.84" route="routetop" type="cfm-fast" waiting="0.00" lane="left_1" pos="47.45" speed="60.09" angle="99.16" x="58.40" y="-1.44"/>
        <vehicle id="cfm-fast_5" eclass="HBEFA3/PC_G_EU4" CO2="8283.85" CO="94.38" HC="0.63" NOx="3.33" PMx="0.17" fuel="3.56" electricity="0.00" noise="71.28" route="routetop" type="cfm-fast" waiting="0.00" lane="left_0" pos="3.12" speed="21.42" angle="178.90" x="-4.60" y="56.86"/>
        <vehicle id="cfm-slow_0" eclass="HBEFA3/PC_G_EU4" CO2="13533.42" CO="202.66" HC="1.26" NOx="5.79" PMx="0.31" fuel="5.82" electricity="0.00" noise="74.24" route="routetop" type="cfm-slow" waiting="0.00" lane="left_0" pos="16.03" speed="21.90" angle="155.62" x="3.59" y="30.54"/>
        <vehicle id="cfm-slow_1" eclass="HBEFA3/PC_G_EU4" CO2="18856.95" CO="314.06" HC="1.90" NOx="8.27" PMx="0.45" fuel="8.11" electricity="0.00" noise="77.57" route="routetop" type="cfm-slow" waiting="0.00" lane="left_0" pos="33.40" speed="23.36" angle="124.45" x="29.45" y="4.19"/>
        <vehicle id="cfm-slow_2" eclass="HBEFA3/PC_G_EU4" CO2="23460.49" CO="414.83" HC="2.47" NOx="10.39" PMx="0.57" fuel="10.08" electricity="0.00" noise="80.20" route="routebottom" type="cfm-slow" waiting="0.00" lane="bottom_0" pos="2.29" speed="25.53" angle="90.37" x="68.68" y="-4.76"/>
        <vehicle id="cfm-slow_3" eclass="HBEFA3/PC_G_EU4" CO2="22896.88" CO="415.20" HC="2.46" NOx="10.07" PMx="0.57" fuel="9.84" electricity="0.00" noise="79.72" route="routebottom" type="cfm-slow" waiting="0.00" lane="bottom_0" pos="23.42" speed="28.07" angle="52.31" x="109.71" y="12.82"/>
        <vehicle id="cfm-slow_4" eclass="HBEFA3/PC_G_EU4" CO2="13498.31" CO="235.08" HC="1.41" NOx="5.59" PMx="0.33" fuel="5.80" electricity="0.00" noise="75.96" route="routebottom" type="cfm-slow" waiting="0.00" lane="bottom_0" pos="47.12" speed="30.09" angle="9.76" x="131.98" y="57.38"/>
        <vehicle id="cfm-slow_5" eclass="HBEFA3/PC_G_EU4" CO2="0.00" CO="0.00" HC="0.00" NOx="0.00" PMx="0.00" fuel="0.00" electricity="0.00" noise="73.16" route="routebottom" type="cfm-slow" waiting="0.00" lane="right_0" pos="22.78" speed="30.57" angle="323.42" x="115.43" y="108.68"/>
    </timestep>
    <timestep time="4.45">
        <vehicle id="cfm-fast_0" eclass="HBEFA3/PC_G_EU4" CO2="0.00" CO="0.00" HC="0.00" NOx="0.00" PMx="0.00" fuel="0.00" electricity="0.00" noise="71.84" route="routebottom" type="cfm-fast" waiting="0.00" lane="right_0" pos="49.33" speed="28.90" angle="275.77" x="65.21" y="132.24"/>
        <vehicle id="cfm-fast_1" eclass="HBEFA3/PC_G_EU4" CO2="146204.24" CO="3411.19" HC="19.23" NOx="67.74" PMx="4.00" fuel="62.85" electricity="0.00" noise="120.37" route="routetop" type="cfm-fast" waiting="0.00" lane="top_1" pos="47.61" speed="54.95" angle="188.85" x="-1.46" y="68.59"/>
        <vehicle id="cfm-fast_2" eclass="HBEFA3/PC_G_EU4" CO2="0.00" CO="0.00" HC="0.00" NOx="0.00" PMx="0.00" fuel="0.00" electricity="0.00" noise="70.43" route="routetop" type="cfm-fast" waiting="0.00" lane="top_0" pos="20.30" speed="25.83" angle="237.90" x="22.81" y="118.77"/>
        <vehicle id="cfm-fast_3" eclass="HBEFA3/PC_G_EU4" CO2="0.00" CO="0.00" HC="0.00" NOx="0.00" PMx="0.00" fuel="0.00" electricity="0.00" noise="69.38" route="routetop" type="cfm-fast" waiting="0.00" lane="top_0" pos="37.53" speed="23.85" angle="206.99" x="0.28" y="89.90"/>
        <vehicle id="cfm-fast_4" eclass="HBEFA3/PC_G_EU4" CO2="237373.17" CO="5448.92" HC="30.79" NOx="110.68" PMx="6.45" fuel="102.03" electricity="0.00" noise="143.91" route="routetop" type="cfm-fast" waiting="0.00" lane="left_1" pos="48.05" speed="60.23" angle="98.05" x="59.63" y="-1.51"/>
        <vehicle id="cfm-fast_5" eclass="HBEFA3/PC_G_EU4" CO2="8312.71" CO="94.97" HC="0.64" NOx="3.34" PMx="0.17" fuel="3.57" electricity="0.00" noise="71.29" route="routetop" type="cfm-fast" waiting="0.00" lane="left_0" pos="3.34" speed="21.43" angle="178.51" x="-4.55" y="56.41"/>
        <vehicle id="cfm-slow_0" eclass="HBEFA3/PC_G_EU4" CO2="13567.00" CO="203.36" HC="1.26" NOx="5.81" PMx="0.31" fuel="5.83" electricity="0.00" noise="74.26" route="routetop" type="cfm-slow" waiting="0.00" lane="left_0" pos="16.25" speed="21.92" angle="155.21" x="3.82" y="30.12"/>
        <vehicle id="cfm-slow_1" eclass="HBEFA3/PC_G_EU4" CO2="18884.82" CO="314.68" HC="1.90" NOx="8.28" PMx="0.45" fuel="8.12" electricity="0.00" noise="77.59" route="routetop" type="cfm-slow" waiting="0.00" lane="left_0" pos="33.63" speed="23.38" angle="124.02" x="29.89" y="3.95"/>
        <vehicle id="cfm-slow_2" eclass="HBEFA3/PC_G_EU4" CO2="23443.58" CO="414.58" HC="2.47" NOx="10.39" PMx="0.57" fuel="10.08" electricity="0.00" noise="80.19" route="routebottom" type="cfm-slow" waiting="0.00" lane="bottom_0" pos="2.54" speed="25.56" angle="89.93" x="69.23" y="-4.72"/>
        <vehicle id="cfm-slow_3" eclass="HBEFA3/PC_G_EU4" CO2="22796.50" CO="413.28" HC="2.45" NOx="10.02" PMx="0.56" fuel="9.80" electricity="0.00" noise="79.66" route="routebottom" type="cfm-slow" waiting="0.00" lane="bottom_0" pos="23.70" speed="28.09" angle="51.80" x="110.16" y="13.23"/>
        <vehicle id="cfm-slow_4" eclass="HBEFA3/PC_G_EU4" CO2="13337.39" CO="231.84" HC="1.39" NOx="5.52" PMx="0.32" fuel="5.73" electricity="0.00" noise="75.91" route="routebottom" type="cfm-slow" waiting="0.00" lane="bottom_0" pos="47.42" speed="30.10" angle="9.25" x="132.05" y="58.03"/>
        <vehicle id="cfm-slow_5" eclass="HBEFA3/PC_G_EU4" CO2="0.00" CO="0.00" HC="0.00" NOx="0.00" PMx="0.00" fuel="0.00" electricity="0.00" noise="73.15" route="routebottom" type="cfm-slow" waiting="0.00" lane="right_0" pos="23.08" speed="30.57" angle="322.92" x="115.00" y="109.18"/>
    </timestep>
    <timestep time="4.46">
        <vehicle id="cfm-fast_0" eclass="HBEFA3/PC_G_EU4" CO2="0.00" CO="0.00" HC="0.00" NOx="0.00" PMx="0.00" fuel="0.00" electricity="0.00" noise="71.83" route="routebottom" type="cfm-fast" waiting="0.00" lane="right_0" pos="49.62" speed="28.88" angle="275.23" x="64.59" y="132.25"/>
        <vehicle id="cfm-fast_1" eclass="HBEFA3/PC_G_EU4" CO2="146628.62" CO="3422.43" HC="19.29" NOx="67.94" PMx="4.01" fuel="63.03" electricity="0.00" noise="120.46" route="routetop" type="cfm-fast" waiting="0.00" lane="top_1" pos="48.16" speed="55.04" angle="187.84" x="-1.53" y="67.46"/>
        <vehicle id="cfm-fast_2" eclass="HBEFA3/PC_G_EU4" CO2="0.00" CO="0.00" HC="0.00" NOx="0.00" PMx="0.00" fuel="0.00" electricity="0.00" noise="70.42" route="routetop" type="cfm-fast" waiting="0.00" lane="top_0" pos="20.55" speed="25.81" angle="237.48" x="22.37" y="118.45"/>
        <vehicle id="cfm-fast_3" eclass="HBEFA3/PC_G_EU4" CO2="0.00" CO="0.00" HC="0.00" NOx="0.00" PMx="0.00" fuel="0.00" electricity="0.00" noise="69.38" route="routetop" type="cfm-fast" waiting="0.00" lane="top_0" pos="37.77" speed="23.83" angle="206.55" x="0.09" y="89.43"/>
        <vehicle id="cfm-fast_4" eclass="HBEFA3/PC_G_EU4" CO2="237969.28" CO="5465.65" HC="30.88" NOx="110.96" PMx="6.46" fuel="102.29" electricity="0.00" noise="143.97" route="routetop" type="cfm-fast" waiting="0.00" lane="left_1" pos="48.65" speed="60.37" angle="96.96" x="60.87" y="-1.59"/>
        <vehicle id="cfm-fast_5" eclass="HBEFA3/PC_G_EU4" CO2="8341.79" CO="95.58" HC="0.64" NOx="3.35" PMx="0.17" fuel="3.59" electricity="0.00" noise="71.31" route="routetop" type="cfm-fast" waiting="0.00" lane="left_0" pos="3.55" speed="21.44" angle="178.13" x="-4.51" y="55.95"/>
        <vehicle id="cfm-slow_0" eclass="HBEFA3/PC_G_EU4" CO2="13600.66" CO="204.07" HC="1.26" NOx="5.82" PMx="0.31" fuel="5.85" electricity="0.00" noise="74.29" route="routetop" type="cfm-slow" waiting="0.00" lane="left_0" pos="16.46" speed="21.94" angle="154.81" x="4.05" y="29.71"/>
        <vehicle id="cfm-slow_1" eclass="HBEFA3/PC_G_EU4" CO2="18912.45" CO="315.30" HC="1.90" NOx="8.30" PMx="0.45" fuel="8.13" electricity="0.00" noise="77.61" route="routetop" type="cfm-slow" waiting="0.00" lane="left_0" pos="33.86" speed="23.41" angle="123.59" x="30.33" y="3.70"/>
        <vehicle id="cfm-slow_2" eclass="HBEFA3/PC_G_EU4" CO2="23426.05" CO="414.33" HC="2.47" NOx="10.38" PMx="0.57" fuel="10.07" electricity="0.00" noise="80.17" route="routebottom" type="cfm-slow" waiting="0.00" lane="bottom_0" pos="2.80" speed="25.59" angle="89.47" x="69.78" y="-4.67"/>
        <vehicle id="cfm-slow_3" eclass="HBEFA3/PC_G_EU4" CO2="22695.62" CO="411.34" HC="2.44" NOx="9.98" PMx="0.56" fuel="9.76" electricity="0.00" noise="79.61" route="routebottom" type="cfm-slow" waiting="0.00" lane="bottom_0" pos="23.98" speed="28.12" angle="51.29" x="110.60" y="13.64"/>
        <vehicle id="cfm-slow_4" eclass="HBEFA3/PC_G_EU4" CO2="13176.83" CO="228.61" HC="1.37" NOx="5.44" PMx="0.32" fuel="5.66" electricity="0.00" noise="75.86" route="routebottom" type="cfm-slow" waiting="0.00" lane="bottom_0" pos="47.72" speed="30.11" angle="8.71" x="132.09" y="58.67"/>
        <vehicle id="cfm-slow_5" eclass="HBEFA3/PC_G_EU4" CO2="0.00" CO="0.00" HC="0.00" NOx="0.00" PMx="0.00" fuel="0.00" electricity="0.00" noise="73.13" route="routebottom" type="cfm-slow" waiting="0.00" lane="right_0" pos="23.39" speed="30.56" angle="322.37" x="114.56" y="109.66"/>
    </timestep>
    <timestep time="4.47">
        <vehicle id="cfm-fast_0" eclass="HBEFA3/PC_G_EU4" CO2="0.00" CO="0.00" HC="0.00" NOx="0.00" PMx="0.00" fuel="0.00" electricity="0.00" noise="71.82" route="routebottom" type="cfm-fast" waiting="0.00" lane="right_0" pos="49.90" speed="28.87" angle="274.69" x="63.97" y="132.27"/>
        <vehicle id="cfm-fast_1" eclass="HBEFA3/PC_G_EU4" CO2="147057.36" CO="3433.78" HC="19.35" NOx="68.14" PMx="4.02" fuel="63.21" electricity="0.00" noise="120.55" route="routetop" type="cfm-fast" waiting="0.00" lane="top_1" pos="48.71" speed="55.13" angle="186.88" x="-1.60" y="66.33"/>
        <vehicle id="cfm-fast_2" eclass="HBEFA3/PC_G_EU4" CO2="0.00" CO="0.00" HC="0.00" NOx="0.00" PMx="0.00" fuel="0.00" electricity="0.00" noise="70.41" route="routetop" type="cfm-fast" waiting="0.00" lane="top_0" pos="20.81" speed="25.80" angle="237.01" x="21.93" y="118.10"/>
        <vehicle id="cfm-fast_3" eclass="HBEFA3/PC_G_EU4" CO2="0.00" CO="0.00" HC="0.00" NOx="0.00" PMx="0.00" fuel="0.00" electricity="0.00" noise="69.37" route="routetop" type="cfm-fast" waiting="0.00" lane="top_0" pos="38.01" speed="23.82" angle="206.12" x="-0.10" y="88.95"/>
        <vehicle id="cfm-fast_4" eclass="HBEFA3/PC_G_EU4" CO2="238565.68" CO="5482.40" HC="30.97" NOx="111.24" PMx="6.48" fuel="102.55" electricity="0.00" noise="144.04" route="routetop" type="cfm-fast" waiting="0.00" lane="left_1" pos="49.26" speed="60.50" angle="95.86" x="62.11" y="-1.62"/>
        <vehicle id="cfm-fast_5" eclass="HBEFA3/PC_G_EU4" CO2="8371.10" CO="96.18" HC="0.64" NOx="3.37" PMx="0.17" fuel="3.60" electricity="0.00" noise="71.33" route="routetop" type="cfm-fast" waiting="0.00" lane="left_0" pos="3.76" speed="21.45" angle="177.75" x="-4.46" y="55.49"/>
        <vehicle id="cfm-slow_0" eclass="HBEFA3/PC_G_EU4" CO2="13634.41" CO="204.77" HC="1.27" NOx="5.84" PMx="0.31" fuel="5.86" electricity="0.00" noise="74.31" route="routetop" type="cfm-slow" waiting="0.00" lane="left_0" pos="16.68" speed="21.95" angle="154.46" x="4.28" y="29.30"/>
        <vehicle id="cfm-slow_1" eclass="HBEFA3/PC_G_EU4" CO2="18939.82" CO="315.91" HC="1.91" NOx="8.31" PMx="0.45" fuel="8.14" electricity="0.00" noise="77.62" route="routetop" type="cfm-slow" waiting="0.00" lane="left_0" pos="34.10" speed="23.43" angle="123.16" x="30.77" y="3.46"/>
        <vehicle id="cfm-slow_2" eclass="HBEFA3/PC_G_EU4" CO2="23407.91" CO="414.06" HC="2.47" NOx="10.37" PMx="0.57" fuel="10.06" electricity="0.00" noise="80.16" route="routebottom" type="cfm-slow" waiting="0.00" lane="bottom_0" pos="3.06" speed="25.62" angle="89.01" x="70.33" y="-4.61"/>
        <vehicle id="cfm-slow_3" eclass="HBEFA3/PC_G_EU4" CO2="22594.25" CO="409.39" HC="2.43" NOx="9.93" PMx="0.56" fuel="9.71" electricity="0.00" noise="79.56" route="routebottom" type="cfm-slow" waiting="0.00" lane="bottom_0" pos="24.27" speed="28.14" angle="50.80" x="111.05" y="14.05"/>
        <vehicle id="cfm-slow_4" eclass="HBEFA3/PC_G_EU4" CO2="13016.64" CO="225.38" HC="1.36" NOx="5.37" PMx="0.32" fuel="5.60" electricity="0.00" noise="75.81" route="routebottom" type="cfm-slow" waiting="0.00" lane="bottom_0" pos="48.02" speed="30.12" angle="8.14" x="132.13" y="59.32"/>
        <vehicle id="cfm-slow_5" eclass="HBEFA3/PC_G_EU4" CO2="0.00" CO="0.00" HC="0.00" NOx="0.00" PMx="0.00" fuel="0.00" electricity="0.00" noise="73.11" route="routebottom" type="cfm-slow" waiting="0.00" lane="right_0" pos="23.70" speed="30.55" angle="321.82" x="114.11" y="110.14"/>
    </timestep>
    <timestep time="4.48">
        <vehicle id="cfm-fast_0" eclass="HBEFA3/PC_G_EU4" CO2="0.00" CO="0.00" HC="0.00" NOx="0.00" PMx="0.00" fuel="0.00" electricity="0.00" noise="71.80" route="routetop" type="cfm-fast" waiting="0.00" lane="top_0" pos="0.19" speed="28.85" angle="274.13" x="63.15" y="132.26"/>
        <vehicle id="cfm-fast_1" eclass="HBEFA3/PC_G_EU4" CO2="147490.42" CO="3445.23" HC="19.41" NOx="68.35" PMx="4.03" fuel="63.40" electricity="0.00" noise="120.65" route="routetop" type="cfm-fast" waiting="0.00" lane="top_1" pos="49.26" speed="55.22" angle="185.85" x="-1.62" y="65.20"/>
        <vehicle id="cfm-fast_2" eclass="HBEFA3/PC_G_EU4" CO2="0.00" CO="0.00" HC="0.00" NOx="0.00" PMx="0.00" fuel="0.00" electricity="0.00" noise="70.40" route="routetop" type="cfm-fast" waiting="0.00" lane="top_0" pos="21.07" speed="25.79" angle="236.54" x="21.49" y="117.76"/>
        <vehicle id="cfm-fast_3" eclass="HBEFA3/PC_G_EU4" CO2="0.00" CO="0.00" HC="0.00" NOx="0.00" PMx="0.00" fuel="0.00" electricity="0.00" noise="69.37" route="routetop" type="cfm-fast" waiting="0.00" lane="top_0" pos="38.24" speed="23.81" angle="205.68" x="-0.30" y="88.48"/>
        <vehicle id="cfm-fast_4" eclass="HBEFA3/PC_G_EU4" CO2="239162.38" CO="5499.18" HC="31.06" NOx="111.52" PMx="6.50" fuel="102.80" electricity="0.00" noise="144.11" route="routetop" type="cfm-fast" waiting="0.00" lane="left_1" pos="49.86" speed="60.64" angle="94.72" x="63.35" y="-1.64"/>
        <vehicle id="cfm-fast_5" eclass="HBEFA3/PC_G_EU4" CO2="8400.63" CO="96.79" HC="0.65" NOx="3.38" PMx="0.17" fuel="3.61" electricity="0.00" noise="71.34" route="routetop" type="cfm-fast" waiting="0.00" lane="left_0" pos="3.98" speed="21.46" angle="177.38" x="-4.40" y="55.03"/>
        <vehicle id="cfm-slow_0" eclass="HBEFA3/PC_G_EU4" CO2="13668.25" CO="205.48" HC="1.27" NOx="5.86" PMx="0.31" fuel="5.88" electricity="0.00" noise="74.33" route="routetop" type="cfm-slow" waiting="0.00" lane="left_0" pos="16.90" speed="21.97" angle="154.06" x="4.52" y="28.89"/>
        <vehicle id="cfm-slow_1" eclass="HBEFA3/PC_G_EU4" CO2="18966.94" CO="316.51" HC="1.91" NOx="8.32" PMx="0.45" fuel="8.15" electricity="0.00" noise="77.64" route="routetop" type="cfm-slow" waiting="0.00" lane="left_0" pos="34.33" speed="23.46" angle="122.73" x="31.21" y="3.22"/>
        <vehicle id="cfm-slow_2" eclass="HBEFA3/PC_G_EU4" CO2="23389.16" CO="413.78" HC="2.47" NOx="10.36" PMx="0.57" fuel="10.05" electricity="0.00" noise="80.14" route="routebottom" type="cfm-slow" waiting="0.00" lane="bottom_0" pos="3.31" speed="25.65" angle="88.55" x="70.88" y="-4.56"/>
        <vehicle id="cfm-slow_3" eclass="HBEFA3/PC_G_EU4" CO2="22492.39" CO="407.43" HC="2.42" NOx="9.88" PMx="0.56" fuel="9.67" electricity="0.00" noise="79.51" route="routebottom" type="cfm-slow" waiting="0.00" lane="bottom_0" pos="24.55" speed="28.17" angle="50.32" x="111.48" y="14.47"/>
        <vehicle id="cfm-slow_4" eclass="HBEFA3/PC_G_EU4" CO2="12856.84" CO="222.15" HC="1.34" NOx="5.29" PMx="0.31" fuel="5.53" electricity="0.00" noise="75.76" route="routebottom" type="cfm-slow" waiting="0.00" lane="bottom_0" pos="48.32" speed="30.13" angle="7.58" x="132.17" y="59.97"/>
        <vehicle id="cfm-slow_5" eclass="HBEFA3/PC_G_EU4" CO2="0.00" CO="0.00" HC="0.00" NOx="0.00" PMx="0.00" fuel="0.00" electricity="0.00" noise="73.10" route="routebottom" type="cfm-slow" waiting="0.00" lane="right_0" pos="24.00" speed="30.54" angle="321.27" x="113.66" y="110.62"/>
    </timestep>
    <timestep time="4.49">
        <vehicle id="cfm-fast_0" eclass="HBEFA3/PC_G_EU4" CO2="0.00" CO="0.00" HC="0.00" NOx="0.00" PMx="0.00" fuel="0.00" electricity="0.00" noise="71.79" route="routetop" type="cfm-fast" waiting="0.00" lane="top_0" pos="0.48" speed="28.83" angle="273.60" x="62.53" y="132.25"/>
        <vehicle id="cfm-fast_1" eclass="HBEFA3/PC_G_EU4" CO2="147927.74" CO="3456.77" HC="19.48" NOx="68.55" PMx="4.05" fuel="63.59" electricity="0.00" noise="120.74" route="routetop" type="cfm-fast" waiting="0.00" lane="top_1" pos="49.82" speed="55.31" angle="184.80" x="-1.64" y="64.07"/>
        <vehicle id="cfm-fast_2" eclass="HBEFA3/PC_G_EU4" CO2="0.00" CO="0.00" HC="0.00" NOx="0.00" PMx="0.00" fuel="0.00" electricity="0.00" noise="70.39" route="routetop" type="cfm-fast" waiting="0.00" lane="top_0" pos="21.33" speed="25.77" angle="236.06" x="21.06" y="117.42"/>
        <vehicle id="cfm-fast_3" eclass="HBEFA3/PC_G_EU4" CO2="0.00" CO="0.00" HC="0.00" NOx="0.00" PMx="0.00" fuel="0.00" electricity="0.00" noise="69.37" route="routetop" type="cfm-fast" waiting="0.00" lane="top_0" pos="38.48" speed="23.80" angle="205.29" x="-0.49" y="88.00"/>
        <vehicle id="cfm-fast_4" eclass="HBEFA3/PC_G_EU4" CO2="239759.36" CO="5515.98" HC="31.15" NOx="111.80" PMx="6.52" fuel="103.06" electricity="0.00" noise="144.17" route="routebottom" type="cfm-fast" waiting="0.00" lane="bottom_1" pos="0.47" speed="60.77" angle="93.63" x="64.65" y="-1.63"/>
        <vehicle id="cfm-fast_5" eclass="HBEFA3/PC_G_EU4" CO2="8430.38" CO="97.41" HC="0.65" NOx="3.40" PMx="0.17" fuel="3.62" electricity="0.00" noise="71.36" route="routetop" type="cfm-fast" waiting="0.00" lane="left_0" pos="4.19" speed="21.47" angle="176.99" x="-4.34" y="54.57"/>
        <vehicle id="cfm-slow_0" eclass="HBEFA3/PC_G_EU4" CO2="13702.16" CO="206.19" HC="1.28" NOx="5.87" PMx="0.31" fuel="5.89" electricity="0.00" noise="74.35" route="routetop" type="cfm-slow" waiting="0.00" lane="left_0" pos="17.12" speed="21.99" angle="153.65" x="4.76" y="28.49"/>
        <vehicle id="cfm-slow_1" eclass="HBEFA3/PC_G_EU4" CO2="18993.80" CO="317.11" HC="1.91" NOx="8.33" PMx="0.45" fuel="8.16" electricity="0.00" noise="77.65" route="routetop" type="cfm-slow" waiting="0.00" lane="left_0" pos="34.57" speed="23.48" angle="122.33" x="31.66" y="2.97"/>
        <vehicle id="cfm-slow_2" eclass="HBEFA3/PC_G_EU4" CO2="23369.78" CO="413.49" HC="2.46" NOx="10.35" PMx="0.57" fuel="10.05" electricity="0.00" noise="80.13" route="routebottom" type="cfm-slow" waiting="0.00" lane="bottom_0" pos="3.57" speed="25.67" angle="88.09" x="71.42" y="-4.50"/>
        <vehicle id="cfm-slow_3" eclass="HBEFA3/PC_G_EU4" CO2="22390.05" CO="405.46" HC="2.41" NOx="9.83" PMx="0.55" fuel="9.62" electricity="0.00" noise="79.46" route="routebottom" type="cfm-slow" waiting="0.00" lane="bottom_0" pos="24.83" speed="28.19" angle="49.80" x="111.91" y="14.90"/>
        <vehicle id="cfm-slow_4" eclass="HBEFA3/PC_G_EU4" CO2="12697.42" CO="218.94" HC="1.32" NOx="5.21" PMx="0.31" fuel="5.46" electricity="0.00" noise="75.71" route="routebottom" type="cfm-slow" waiting="0.00" lane="bottom_0" pos="48.63" speed="30.14" angle="7.01" x="132.20" y="60.61"/>
        <vehicle id="cfm-slow_5" eclass="HBEFA3/PC_G_EU4" CO2="0.00" CO="0.00" HC="0.00" NOx="0.00" PMx="0.00" fuel="0.00" electricity="0.00" noise="73.08" route="routebottom" type="cfm-slow" waiting="0.00" lane="right_0" pos="24.31" speed="30.53" angle="320.75" x="113.22" y="111.11"/>
    </timestep>
    <timestep time="4.50">
        <vehicle id="cfm-fast_0" eclass="HBEFA3/PC_G_EU4" CO2="0.00" CO="0.00" HC="0.00" NOx="0.00" PMx="0.00" fuel="0.00" electricity="0.00" noise="71.78" route="routetop" type="cfm-fast" waiting="0.00" lane="top_0" pos="0.77" speed="28.81" angle="273.08" x="61.91" y="132.24"/>
        <vehicle id="cfm-fast_1" eclass="HBEFA3/PC_G_EU4" CO2="148369.27" CO="3468.41" HC="19.54" NOx="68.76" PMx="4.06" fuel="63.78" electricity="0.00" noise="120.83" route="routetop" type="cfm-fast" waiting="0.00" lane="left_1" pos="0.37" speed="55.40" angle="183.81" x="-1.64" y="62.87"/>
        <vehicle id="cfm-fast_2" eclass="HBEFA3/PC_G_EU4" CO2="0.00" CO="0.00" HC="0.00" NOx="0.00" PMx="0.00" fuel="0.00" electricity="0.00" noise="70.38" route="routetop" type="cfm-fast" waiting="0.00" lane="top_0" pos="21.59" speed="25.76" angle="235.59" x="20.62" y="117.08"/>
        <vehicle id="cfm-fast_3" eclass="HBEFA3/PC_G_EU4" CO2="0.00" CO="0.00" HC="0.00" NOx="0.00" PMx="0.00" fuel="0.00" electricity="0.00" noise="69.37" route="routetop" type="cfm-fast" waiting="0.00" lane="top_0" pos="38.72" speed="23.78" angle="204.86" x="-0.66" y="87.52"/>
        <vehicle id="cfm-fast_4" eclass="HBEFA3/PC_G_EU4" CO2="240356.64" CO="5532.80" HC="31.25" NOx="112.08" PMx="6.53" fuel="103.32" electricity="0.00" noise="144.24" route="routebottom" type="cfm-fast" waiting="0.00" lane="bottom_1" pos="1.08" speed="60.91" angle="92.52" x="65.90" y="-1.61"/>
        <vehicle id="cfm-fast_5" eclass="HBEFA3/PC_G_EU4" CO2="8460.35" CO="98.03" HC="0.65" NOx="3.41" PMx="0.17" fuel="3.64" electricity="0.00" noise="71.38" route="routetop" type="cfm-fast" waiting="0.00" lane="left_0" pos="4.41" speed="21.48" angle="176.60" x="-4.27" y="54.11"/>
        <vehicle id="cfm-slow_0" eclass="HBEFA3/PC_G_EU4" CO2="13736.14" CO="206.91" HC="1.28" NOx="5.89" PMx="0.31" fuel="5.90" electricity="0.00" noise="74.37" route="routetop" type="cfm-slow" waiting="0.00" lane="left_0" pos="17.34" speed="22.01" angle="153.25" x="5.01" y="28.08"/>
        <vehicle id="cfm-slow_1" eclass="HBEFA3/PC_G_EU4" CO2="19020.39" CO="317.71" HC="1.92" NOx="8.35" PMx="0.45" fuel="8.18" electricity="0.00" noise="77.67" route="routetop" type="cfm-slow" waiting="0.00" lane="left_0" pos="34.80" speed="23.51" angle="121.92" x="32.11" y="2.74"/>
        <vehicle id="cfm-slow_2" eclass="HBEFA3/PC_G_EU4" CO2="23349.79" CO="413.18" HC="2.46" NOx="10.34" PMx="0.57" fuel="10.04" electricity="0.00" noise="80.11" route="routebottom" type="cfm-slow" waiting="0.00" lane="bottom_0" pos="3.83" speed="25.70" angle="87.65" x="71.97" y="-4.44"/>
        <vehicle id="cfm-slow_3" eclass="HBEFA3/PC_G_EU4" CO2="22287.24" CO="403.48" HC="2.39" NOx="9.78" PMx="0.55" fuel="9.58" electricity="0.00" noise="79.40" route="routebottom" type="cfm-slow" waiting="0.00" lane="bottom_0" pos="25.11" speed="28.21" angle="49.27" x="112.34" y="15.33"/>
        <vehicle id="cfm-slow_4" eclass="HBEFA3/PC_G_EU4" CO2="12538.39" CO="215.73" HC="1.30" NOx="5.14" PMx="0.30" fuel="5.39" electricity="0.00" noise="75.66" route="routebottom" type="cfm-slow" waiting="0.00" lane="bottom_0" pos="48.93" speed="30.14" angle="6.51" x="132.23" y="61.26"/>
        <vehicle id="cfm-slow_5" eclass="HBEFA3/PC_G_EU4" CO2="0.00" CO="0.00" HC="0.00" NOx="0.00" PMx="0.00" fuel="0.00" electricity="0.00" noise="73.07" route="routebottom" type="cfm-slow" waiting="0.00" lane="right_0" pos="24.61" speed="30.52" angle="320.21" x="112.76" y="111.57"/>
    </timestep>
    <timestep time="4.51">
        <vehicle id="cfm-fast_0" eclass="HBEFA3/PC_G_EU4" CO2="0.00" CO="0.00" HC="0.00" NOx="0.00" PMx="0.00" fuel="0.00" electricity="0.00" noise="71.77" route="routetop" type="cfm-fast" waiting="0.00" lane="top_0" pos="1.06" speed="28.79" angle="272.56" x="61.30" y="132.23"/>
        <vehicle id="cfm-fast_1" eclass="HBEFA3/PC_G_EU4" CO2="148814.97" CO="3480.15" HC="19.61" NOx="68.97" PMx="4.07" fuel="63.97" electricity="0.00" noise="120.93" route="routetop" type="cfm-fast" waiting="0.00" lane="left_1" pos="0.93" speed="55.49" angle="182.80" x="-1.61" y="61.73"/>
        <vehicle id="cfm-fast_2" eclass="HBEFA3/PC_G_EU4" CO2="0.00" CO="0.00" HC="0.00" NOx="0.00" PMx="0.00" fuel="0.00" electricity="0.00" noise="70.37" route="routetop" type="cfm-fast" waiting="0.00" lane="top_0" pos="21.84" speed="25.74" angle="235.17" x="20.19" y="116.73"/>
        <vehicle id="cfm-fast_3" eclass="HBEFA3/PC_G_EU4" CO2="0.00" CO="0.00" HC="0.00" NOx="0.00" PMx="0.00" fuel="0.00" electricity="0.00" noise="69.37" route="routetop" type="cfm-fast" waiting="0.00" lane="top_0" pos="38.96" speed="23.77" angle="204.42" x="-0.83" y="87.04"/>
        <vehicle id="cfm-fast_4" eclass="HBEFA3/PC_G_EU4" CO2="240954.20" CO="5549.64" HC="31.34" NOx="112.36" PMx="6.55" fuel="103.57" electricity="0.00" noise="144.30" route="routebottom" type="cfm-fast" waiting="0.00" lane="bottom_1" pos="1.69" speed="61.05" angle="91.45" x="67.15" y="-1.55"/>
        <vehicle id="cfm-fast_5" eclass="HBEFA3/PC_G_EU4" CO2="8490.53" CO="98.65" HC="0.66" NOx="3.42" PMx="0.17" fuel="3.65" electricity="0.00" noise="71.40" route="routetop" type="cfm-fast" waiting="0.00" lane="left_0" pos="4.62" speed="21.49" angle="176.21" x="-4.21" y="53.66"/>
        <vehicle id="cfm-slow_0" eclass="HBEFA3/PC_G_EU4" CO2="13770.19" CO="207.62" HC="1.29" NOx="5.90" PMx="0.31" fuel="5.92" electricity="0.00" noise="74.40" route="routetop" type="cfm-slow" waiting="0.00" lane="left_0" pos="17.56" speed="22.02" angle="152.84" x="5.25" y="27.67"/>
        <vehicle id="cfm-slow_1" eclass="HBEFA3/PC_G_EU4" CO2="19046.71" CO="318.30" HC="1.92" NOx="8.36" PMx="0.45" fuel="8.19" electricity="0.00" noise="77.68" route="routetop" type="cfm-slow" waiting="0.00" lane="left_0" pos="35.04" speed="23.53" angle="121.48" x="32.56" y="2.52"/>
        <vehicle id="cfm-slow_2" eclass="HBEFA3/PC_G_EU4" CO2="23329.19" CO="412.86" HC="2.46" NOx="10.33" PMx="0.57" fuel="10.03" electricity="0.00" noise="80.10" route="routebottom" type="cfm-slow" waiting="0.00" lane="bottom_0" pos="4.08" speed="25.73" angle="87.18" x="72.52" y="-4.37"/>
        <vehicle id="cfm-slow_3" eclass="HBEFA3/PC_G_EU4" CO2="22183.95" CO="401.49" HC="2.38" NOx="9.73" PMx="0.55" fuel="9.54" electricity="0.00" noise="79.35" route="routebottom" type="cfm-slow" waiting="0.00" lane="bottom_0" pos="25.39" speed="28.24" angle="48.75" x="112.77" y="15.76"/>
        <vehicle id="cfm-slow_4" eclass="HBEFA3/PC_G_EU4" CO2="12379.77" CO="212.52" HC="1.28" NOx="5.06" PMx="0.30" fuel="5.32" electricity="0.00" noise="75.61" route="routebottom" type="cfm-slow" waiting="0.00" lane="bottom_0" pos="49.23" speed="30.15" angle="5.95" x="132.24" y="61.91"/>
        <vehicle id="cfm-slow_5" eclass="HBEFA3/PC_G_EU4" CO2="0.00" CO="0.00" HC="0.00" NOx="0.00" PMx="0.00" fuel="0.00" electricity="0.00" noise="73.05" route="routebottom" type="cfm-slow" waiting="0.00" lane="right_0" pos="24.92" speed="30.51" angle="319.64" x="112.29" y="112.04"/>
    </timestep>
    <timestep time="4.52">
        <vehicle id="cfm-fast_0" eclass="HBEFA3/PC_G_EU4" CO2="0.00" CO="0.00" HC="0.00" NOx="0.00" PMx="0.00" fuel="0.00" electricity="0.00" noise="71.76" route="routetop" type="cfm-fast" waiting="0.00" lane="top_0" pos="1.35" speed="28.77" angle="272.06" x="60.68" y="132.21"/>
        <vehicle id="cfm-fast_1" eclass="HBEFA3/PC_G_EU4" CO2="149264.79" CO="3491.98" HC="19.67" NOx="69.18" PMx="4.08" fuel="64.16" electricity="0.00" noise="121.03" route="routetop" type="cfm-fast" waiting="0.00" lane="left_1" pos="1.48" speed="55.57" angle="181.83" x="-1.57" y="60.59"/>
        <vehicle id="cfm-fast_2" eclass="HBEFA3/PC_G_EU4" CO2="0.00" CO="0.00" HC="0.00" NOx="0.00" PMx="0.00" fuel="0.00" electricity="0.00" noise="70.36" route="routetop" type="cfm-fast" waiting="0.00" lane="top_0" pos="22.10" speed="25.73" angle="234.69" x="19.76" y="116.37"/>
        <vehicle id="cfm-fast_3" eclass="HBEFA3/PC_G_EU4" CO2="0.00" CO="0.00" HC="0.00" NOx="0.00" PMx="0.00" fuel="0.00" electricity="0.00" noise="69.37" route="routetop" type="cfm-fast" waiting="0.00" lane="top_0" pos="39.19" speed="23.76" angle="203.98" x="-1.00" y="86.56"/>
        <vehicle id="cfm-fast_4" eclass="HBEFA3/PC_G_EU4" CO2="241552.06" CO="5566.50" HC="31.43" NOx="112.64" PMx="6.57" fuel="103.83" electricity="0.00" noise="144.37" route="routebottom" type="cfm-fast" waiting="0.00" lane="bottom_1" pos="2.30" speed="61.18" angle="90.34" x="68.41" y="-1.47"/>
        <vehicle id="cfm-fast_5" eclass="HBEFA3/PC_G_EU4" CO2="8520.91" CO="99.28" HC="0.66" NOx="3.44" PMx="0.17" fuel="3.66" electricity="0.00" noise="71.41" route="routetop" type="cfm-fast" waiting="0.00" lane="left_0" pos="4.84" speed="21.49" angle="175.82" x="-4.15" y="53.20"/>
        <vehicle id="cfm-slow_0" eclass="HBEFA3/PC_G_EU4" CO2="13804.31" CO="208.33" HC="1.29" NOx="5.92" PMx="0.31" fuel="5.93" electricity="0.00" noise="74.42" route="routetop" type="cfm-slow" waiting="0.00" lane="left_0" pos="17.78" speed="22.04" angle="152.44" x="5.50" y="27.27"/>
        <vehicle id="cfm-slow_1" eclass="HBEFA3/PC_G_EU4" CO2="19072.76" CO="318.89" HC="1.92" NOx="8.37" PMx="0.45" fuel="8.20" electricity="0.00" noise="77.70" route="routetop" type="cfm-slow" waiting="0.00" lane="left_0" pos="35.27" speed="23.56" angle="121.05" x="33.01" y="2.29"/>
        <vehicle id="cfm-slow_2" eclass="HBEFA3/PC_G_EU4" CO2="23307.96" CO="412.53" HC="2.46" NOx="10.32" PMx="0.57" fuel="10.02" electricity="0.00" noise="80.08" route="routebottom" type="cfm-slow" waiting="0.00" lane="bottom_0" pos="4.34" speed="25.76" angle="86.71" x="73.07" y="-4.29"/>
        <vehicle id="cfm-slow_3" eclass="HBEFA3/PC_G_EU4" CO2="22080.20" CO="399.49" HC="2.37" NOx="9.68" PMx="0.54" fuel="9.49" electricity="0.00" noise="79.30" route="routebottom" type="cfm-slow" waiting="0.00" lane="bottom_0" pos="25.68" speed="28.26" angle="48.29" x="113.20" y="16.19"/>
        <vehicle id="cfm-slow_4" eclass="HBEFA3/PC_G_EU4" CO2="12221.55" CO="209.33" HC="1.26" NOx="4.99" PMx="0.29" fuel="5.25" electricity="0.00" noise="75.57" route="routebottom" type="cfm-slow" waiting="0.00" lane="bottom_0" pos="49.53" speed="30.16" angle="5.38" x="132.25" y="62.56"/>
        <vehicle id="cfm-slow_5" eclass="HBEFA3/PC_G_EU4" CO2="0.00" CO="0.00" HC="0.00" NOx="0.00" PMx="0.00" fuel="0.00" electricity="0.00" noise="73.03" route="routebottom" type="cfm-slow" waiting="0.00" lane="right_0" pos="25.22" speed="30.50" angle="319.08" x="111.83" y="112.50"/>
    </timestep>
    <timestep time="4.53">
        <vehicle id="cfm-fast_0" eclass="HBEFA3/PC_G_EU4" CO2="0.00" CO="0.00" HC="0.00" NOx="0.00" PMx="0.00" fuel="0.00" electricity="0.00" noise="71.75" route="routetop" type="cfm-fast" waiting="0.00" lane="top_0" pos="1.63" speed="28.75" angle="271.55" x="60.06" y="132.17"/>
        <vehicle id="cfm-fast_1" eclass="HBEFA3/PC_G_EU4" CO2="149718.67" CO="3503.90" HC="19.74" NOx="69.39" PMx="4.10" fuel="64.36" electricity="0.00" noise="121.12" route="routetop" type="cfm-fast" waiting="0.00" lane="left_1" pos="2.04" speed="55.66" angle="180.82" x="-1.50" y="59.45"/>
        <vehicle id="cfm-fast_2" eclass="HBEFA3/PC_G_EU4" CO2="0.00" CO="0.00" HC="0.00" NOx="0.00" PMx="0.00" fuel="0.00" electricity="0.00" noise="70.35" route="routetop" type="cfm-fast" waiting="0.00" lane="top_0" pos="22.36" speed="25.71" angle="234.20" x="19.34" y="116.02"/>
        <vehicle id="cfm-fast_3" eclass="HBEFA3/PC_G_EU4" CO2="0.00" CO="0.00" HC="0.00" NOx="0.00" PMx="0.00" fuel="0.00" electricity="0.00" noise="69.37" route="routetop" type="cfm-fast" waiting="0.00" lane="top_0" pos="39.43" speed="23.74" angle="203.54" x="-1.18" y="86.08"/>
        <vehicle id="cfm-fast_4" eclass="HBEFA3/PC_G_EU4" CO2="242150.22" CO="5583.39" HC="31.52" NOx="112.92" PMx="6.59" fuel="104.09" electricity="0.00" noise="144.44" route="routebottom" type="cfm-fast" waiting="0.00" lane="bottom_1" pos="2.91" speed="61.32" angle="89.27" x="69.66" y="-1.37"/>
        <vehicle id="cfm-fast_5" eclass="HBEFA3/PC_G_EU4" CO2="8551.51" CO="99.91" HC="0.66" NOx="3.45" PMx="0.17" fuel="3.68" electricity="0.00" noise="71.43" route="routetop" type="cfm-fast" waiting="0.00" lane="left_0" pos="5.05" speed="21.50" angle="175.38" x="-4.08" y="52.74"/>
        <vehicle id="cfm-slow_0" eclass="HBEFA3/PC_G_EU4" CO2="13838.49" CO="209.05" HC="1.29" NOx="5.93" PMx="0.31" fuel="5.95" electricity="0.00" noise="74.44" route="routetop" type="cfm-slow" waiting="0.00" lane="left_0" pos="18.01" speed="22.06" angle="152.10" x="5.75" y="26.86"/>
        <vehicle id="cfm-slow_1" eclass="HBEFA3/PC_G_EU4" CO2="19098.53" CO="319.47" HC="1.93" NOx="8.38" PMx="0.45" fuel="8.21" electricity="0.00" noise="77.71" route="routetop" type="cfm-slow" waiting="0.00" lane="left_0" pos="35.51" speed="23.58" angle="120.61" x="33.47" y="2.06"/>
        <vehicle id="cfm-slow_2" eclass="HBEFA3/PC_G_EU4" CO2="23286.12" CO="412.19" HC="2.46" NOx="10.31" PMx="0.57" fuel="10.01" electricity="0.00" noise="80.06" route="routebottom" type="cfm-slow" waiting="0.00" lane="bottom_0" pos="4.60" speed="25.79" angle="86.25" x="73.62" y="-4.21"/>
        <vehicle id="cfm-slow_3" eclass="HBEFA3/PC_G_EU4" CO2="21976.00" CO="397.48" HC="2.36" NOx="9.63" PMx="0.54" fuel="9.45" electricity="0.00" noise="79.25" route="routebottom" type="cfm-slow" waiting="0.00" lane="bottom_0" pos="25.96" speed="28.28" angle="47.77" x="113.61" y="16.64"/>
        <vehicle id="cfm-slow_4" eclass="HBEFA3/PC_G_EU4" CO2="12063.75" CO="206.14" HC="1.24" NOx="4.92" PMx="0.29" fuel="5.19" electricity="0.00" noise="75.52" route="routebottom" type="cfm-slow" waiting="0.00" lane="bottom_0" pos="49.83" speed="30.17" angle="4.82" x="132.26" y="63.21"/>
        <vehicle id="cfm-slow_5" eclass="HBEFA3/PC_G_EU4" CO2="0.00" CO="0.00" HC="0.00" NOx="0.00" PMx="0.00" fuel="0.00" electricity="0.00" noise="73.02" route="routebottom" type="cfm-slow" waiting="0.00" lane="right_0" pos="25.53" speed="30.49" angle="318.52" x="111.36" y="112.97"/>
    </timestep>
    <timestep time="4.54">
        <vehicle id="cfm-fast_0" eclass="HBEFA3/PC_G_EU4" CO2="0.00" CO="0.00" HC="0.00" NOx="0.00" PMx="0.00" fuel="0.00" electricity="0.00" noise="71.74" route="routetop" type="cfm-fast" waiting="0.00" lane="top_0" pos="1.92" speed="28.74" angle="271.03" x="59.44" y="132.13"/>
        <vehicle id="cfm-fast_1" eclass="HBEFA3/PC_G_EU4" CO2="150176.57" CO="3515.92" HC="19.80" NOx="69.60" PMx="4.11" fuel="64.55" electricity="0.00" noise="121.22" route="routetop" type="cfm-fast" waiting="0.00" lane="left_1" pos="2.60" speed="55.75" angle="179.85" x="-1.43" y="58.31"/>
        <vehicle id="cfm-fast_2" eclass="HBEFA3/PC_G_EU4" CO2="0.00" CO="0.00" HC="0.00" NOx="0.00" PMx="0.00" fuel="0.00" electricity="0.00" noise="70.34" route="routetop" type="cfm-fast" waiting="0.00" lane="top_0" pos="22.61" speed="25.70" angle="233.72" x="18.92" y="115.66"/>
        <vehicle id="cfm-fast_3" eclass="HBEFA3/PC_G_EU4" CO2="0.00" CO="0.00" HC="0.00" NOx="0.00" PMx="0.00" fuel="0.00" electricity="0.00" noise="69.37" route="routetop" type="cfm-fast" waiting="0.00" lane="top_0" pos="39.67" speed="23.73" angle="203.12" x="-1.35" y="85.60"/>
        <vehicle id="cfm-fast_4" eclass="HBEFA3/PC_G_EU4" CO2="242748.66" CO="5600.29" HC="31.61" NOx="113.20" PMx="6.60" fuel="104.35" electricity="0.00" noise="144.50" route="routebottom" type="cfm-fast" waiting="0.00" lane="bottom_1" pos="3.53" speed="61.46" angle="88.15" x="70.91" y="-1.24"/>
        <vehicle id="cfm-fast_5" eclass="HBEFA3/PC_G_EU4" CO2="8582.30" CO="100.55" HC="0.67" NOx="3.47" PMx="0.18" fuel="3.69" electricity="0.00" noise="71.45" route="routetop" type="cfm-fast" waiting="0.00" lane="left_0" pos="5.27" speed="21.51" angle="175.00" x="-4.00" y="52.28"/>
        <vehicle id="cfm-slow_0" eclass="HBEFA3/PC_G_EU4" CO2="13872.72" CO="209.77" HC="1.30" NOx="5.95" PMx="0.31" fuel="5.96" electricity="0.00" noise="74.46" route="routetop" type="cfm-slow" waiting="0.00" lane="left_0" pos="18.23" speed="22.08" angle="151.69" x="6.01" y="26.47"/>
        <vehicle id="cfm-slow_1" eclass="HBEFA3/PC_G_EU4" CO2="19124.02" CO="320.04" HC="1.93" NOx="8.39" PMx="0.45" fuel="8.22" electricity="0.00" noise="77.73" route="routetop" type="cfm-slow" waiting="0.00" lane="left_0" pos="35.75" speed="23.61" angle="120.17" x="33.92" y="1.83"/>
        <vehicle id="cfm-slow_2" eclass="HBEFA3/PC_G_EU4" CO2="23263.65" CO="411.84" HC="2.45" NOx="10.30" PMx="0.57" fuel="10.00" electricity="0.00" noise="80.05" route="routebottom" type="cfm-slow" waiting="0.00" lane="bottom_0" pos="4.86" speed="25.81" angle="85.78" x="74.17" y="-4.14"/>
        <vehicle id="cfm-slow_3" eclass="HBEFA3/PC_G_EU4" CO2="21871.34" CO="395.46" HC="2.35" NOx="9.58" PMx="0.54" fuel="9.40" electricity="0.00" noise="79.19" route="routebottom" type="cfm-slow" waiting="0.00" lane="bottom_0" pos="26.24" speed="28.30" angle="47.26" x="114.02" y="17.08"/>
        <vehicle id="cfm-slow_4" eclass="HBEFA3/PC_G_EU4" CO2="11906.36" CO="202.96" HC="1.23" NOx="4.84" PMx="0.29" fuel="5.12" electricity="0.00" noise="75.48" route="routebottom" type="cfm-slow" waiting="0.00" lane="right_0" pos="0.13" speed="30.18" angle="4.23" x="132.26" y="64.05"/>
        <vehicle id="cfm-slow_5" eclass="HBEFA3/PC_G_EU4" CO2="0.00" CO="0.00" HC="0.00" NOx="0.00" PMx="0.00" fuel="0.00" electricity="0.00" noise="73.00" route="routebottom" type="cfm-slow" waiting="0.00" lane="right_0" pos="25.83" speed="30.48" angle="318.01" x="110.89" y="113.42"/>
    </timestep>
    <timestep time="4.55">
        <vehicle id="cfm-fast_0" eclass="HBEFA3/PC_G_EU4" CO2="0.00" CO="0.00" HC="0.00" NOx="0.00" PMx="0.00" fuel="0.00" electricity="0.00" noise="71.72" route="routetop" type="cfm-fast" waiting="0.00" lane="top_0" pos="2.21" speed="28.72" angle="270.51" x="58.83" y="132.10"/>
        <vehicle id="cfm-fast_1" eclass="HBEFA3/PC_G_EU4" CO2="150638.44" CO="3528.03" HC="19.87" NOx="69.82" PMx="4.12" fuel="64.75" electricity="0.00" noise="121.32" route="routetop" type="cfm-fast" waiting="0.00" lane="left_1" pos="3.15" speed="55.84" angle="178.83" x="-1.32" y="57.17"/>
        <vehicle id="cfm-fast_2" eclass="HBEFA3/PC_G_EU4" CO2="0.00" CO="0.00" HC="0.00" NOx="0.00" PMx="0.00" fuel="0.00" electricity="0.00" noise="70.33" route="routetop" type="cfm-fast" waiting="0.00" lane="top_0" pos="22.87" speed="25.68" angle="233.24" x="18.50" y="115.30"/>
        <vehicle id="cfm-fast_3" eclass="HBEFA3/PC_G_EU4" CO2="0.00" CO="0.00" HC="0.00" NOx="0.00" PMx="0.00" fuel="0.00" electricity="0.00" noise="69.37" route="routetop" type="cfm-fast" waiting="0.00" lane="top_0" pos="39.91" speed="23.72" angle="202.73" x="-1.51" y="85.11"/>
        <vehicle id="cfm-fast_4" eclass="HBEFA3/PC_G_EU4" CO2="243347.40" CO="5617.22" HC="31.71" NOx="113.48" PMx="6.62" fuel="104.60" electricity="0.00" noise="144.57" route="routebottom" type="cfm-fast" waiting="0.00" lane="bottom_1" pos="4.15" speed="61.59" angle="87.07" x="72.17" y="-1.09"/>
        <vehicle id="cfm-fast_5" eclass="HBEFA3/PC_G_EU4" CO2="8613.30" CO="101.19" HC="0.67" NOx="3.48" PMx="0.18" fuel="3.70" electricity="0.00" noise="71.47" route="routetop" type="cfm-fast" waiting="0.00" lane="left_0" pos="5.48" speed="21.52" angle="174.61" x="-3.92" y="51.83"/>
        <vehicle id="cfm-slow_0" eclass="HBEFA3/PC_G_EU4" CO2="13907.01" CO="210.49" HC="1.30" NOx="5.97" PMx="0.32" fuel="5.98" electricity="0.00" noise="74.49" route="routetop" type="cfm-slow" waiting="0.00" lane="left_0" pos="18.45" speed="22.10" angle="151.27" x="6.27" y="26.07"/>
        <vehicle id="cfm-slow_1" eclass="HBEFA3/PC_G_EU4" CO2="19149.23" CO="320.61" HC="1.93" NOx="8.40" PMx="0.46" fuel="8.23" electricity="0.00" noise="77.74" route="routetop" type="cfm-slow" waiting="0.00" lane="left_0" pos="35.98" speed="23.63" angle="119.80" x="34.38" y="1.61"/>
        <vehicle id="cfm-slow_2" eclass="HBEFA3/PC_G_EU4" CO2="23240.57" CO="411.47" HC="2.45" NOx="10.28" PMx="0.57" fuel="9.99" electricity="0.00" noise="80.03" route="routebottom" type="cfm-slow" waiting="0.00" lane="bottom_0" pos="5.12" speed="25.84" angle="85.27" x="74.72" y="-4.06"/>
        <vehicle id="cfm-slow_3" eclass="HBEFA3/PC_G_EU4" CO2="21766.24" CO="393.43" HC="2.34" NOx="9.53" PMx="0.54" fuel="9.36" electricity="0.00" noise="79.14" route="routebottom" type="cfm-slow" waiting="0.00" lane="bottom_0" pos="26.53" speed="28.33" angle="46.74" x="114.44" y="17.53"/>
        <vehicle id="cfm-slow_4" eclass="HBEFA3/PC_G_EU4" CO2="11749.40" CO="199.78" HC="1.21" NOx="4.77" PMx="0.28" fuel="5.05" electricity="0.00" noise="75.43" route="routebottom" type="cfm-slow" waiting="0.00" lane="right_0" pos="0.44" speed="30.18" angle="3.68" x="132.25" y="64.70"/>
        <vehicle id="cfm-slow_5" eclass="HBEFA3/PC_G_EU4" CO2="0.00" CO="0.00" HC="0.00" NOx="0.00" PMx="0.00" fuel="0.00" electricity="0.00" noise="72.99" route="routebottom" type="cfm-slow" waiting="0.00" lane="right_0" pos="26.14" speed="30.47" angle="317.46" x="110.41" y="113.86"/>
    </timestep>
    <timestep time="4.56">
        <vehicle id="cfm-fast_0" eclass="HBEFA3/PC_G_EU4" CO2="0.00" CO="0.00" HC="0.00" NOx="0.00" PMx="0.00" fuel="0.00" electricity="0.00" noise="71.71" route="routetop" type="cfm-fast" waiting="0.00" lane="top_0" pos="2.49" speed="28.70" angle="270.01" x="58.21" y="132.06"/>
        <vehicle id="cfm-fast_1" eclass="HBEFA3/PC_G_EU4" CO2="151104.22" CO="3540.23" HC="19.94" NOx="70.04" PMx="4.14" fuel="64.95" electricity="0.00" noise="121.42" route="routetop" type="cfm-fast" waiting="0.00" lane="left_1" pos="3.71" speed="55.93" angle="177.81" x="-1.20" y="56.03"/>
        <vehicle id="cfm-fast_2" eclass="HBEFA3/PC_G_EU4" CO2="0.00" CO="0.00" HC="0.00" NOx="0.00" PMx="0.00" fuel="0.00" electricity="0.00" noise="70.32" route="routetop" type="cfm-fast" waiting="0.00" lane="top_0" pos="23.13" speed="25.67" angle="232.85" x="18.08" y="114.94"/>
        <vehicle id="cfm-fast_3" eclass="HBEFA3/PC_G_EU4" CO2="0.00" CO="0.00" HC="0.00" NOx="0.00" PMx="0.00" fuel="0.00" electricity="0.00" noise="69.37" route="routetop" type="cfm-fast" waiting="0.00" lane="top_0" pos="40.14" speed="23.71" angle="202.28" x="-1.66" y="84.62"/>
        <vehicle id="cfm-fast_4" eclass="HBEFA3/PC_G_EU4" CO2="243946.42" CO="5634.17" HC="31.80" NOx="113.76" PMx="6.64" fuel="104.86" electricity="0.00" noise="144.63" route="routebottom" type="cfm-fast" waiting="0.00" lane="bottom_1" pos="4.76" speed="61.73" angle="85.95" x="73.42" y="-0.91"/>
        <vehicle id="cfm-fast_5" eclass="HBEFA3/PC_G_EU4" CO2="8644.50" CO="101.83" HC="0.68" NOx="3.50" PMx="0.18" fuel="3.72" electricity="0.00" noise="71.49" route="routetop" type="cfm-fast" waiting="0.00" lane="left_0" pos="5.70" speed="21.53" angle="174.22" x="-3.83" y="51.37"/>
        <vehicle id="cfm-slow_0" eclass="HBEFA3/PC_G_EU4" CO2="13941.35" CO="211.21" HC="1.31" NOx="5.98" PMx="0.32" fuel="5.99" electricity="0.00" noise="74.51" route="routetop" type="cfm-slow" waiting="0.00" lane="left_0" pos="18.67" speed="22.11" angle="150.86" x="6.54" y="25.68"/>
        <vehicle id="cfm-slow_1" eclass="HBEFA3/PC_G_EU4" CO2="19174.14" CO="321.18" HC="1.94" NOx="8.41" PMx="0.46" fuel="8.24" electricity="0.00" noise="77.75" route="routetop" type="cfm-slow" waiting="0.00" lane="left_0" pos="36.22" speed="23.65" angle="119.35" x="34.84" y="1.40"/>
        <vehicle id="cfm-slow_2" eclass="HBEFA3/PC_G_EU4" CO2="23216.87" CO="411.09" HC="2.45" NOx="10.27" PMx="0.57" fuel="9.98" electricity="0.00" noise="80.01" route="routebottom" type="cfm-slow" waiting="0.00" lane="bottom_0" pos="5.38" speed="25.87" angle="84.80" x="75.27" y="-3.96"/>
        <vehicle id="cfm-slow_3" eclass="HBEFA3/PC_G_EU4" CO2="21660.71" CO="391.39" HC="2.32" NOx="9.48" PMx="0.53" fuel="9.31" electricity="0.00" noise="79.09" route="routebottom" type="cfm-slow" waiting="0.00" lane="bottom_0" pos="26.81" speed="28.35" angle="46.24" x="114.85" y="17.98"/>
        <vehicle id="cfm-slow_4" eclass="HBEFA3/PC_G_EU4" CO2="11592.87" CO="196.61" HC="1.19" NOx="4.69" PMx="0.28" fuel="4.98" electricity="0.00" noise="75.39" route="routebottom" type="cfm-slow" waiting="0.00" lane="right_0" pos="0.74" speed="30.19" angle="3.13" x="132.24" y="65.35"/>
        <vehicle id="cfm-slow_5" eclass="HBEFA3/PC_G_EU4" CO2="0.00" CO="0.00" HC="0.00" NOx="0.00" PMx="0.00" fuel="0.00" electricity="0.00" noise="72.97" route="routebottom" type="cfm-slow" waiting="0.00" lane="right_0" pos="26.44" speed="30.46" angle="316.90" x="109.93" y="114.31"/>
    </timestep>
    <timestep time="4.57">
        <vehicle id="cfm-fast_0" eclass="HBEFA3/PC_G_EU4" CO2="0.00" CO="0.00" HC="0.00" NOx="0.00" PMx="0.00" fuel="0.00" electricity="0.00" noise="71.70" route="routetop" type="cfm-fast" waiting="0.00" lane="top_0" pos="2.78" speed="28.68" angle="269.51" x="57.59" y="132.00"/>
        <vehicle id="cfm-fast_1" eclass="HBEFA3/PC_G_EU4" CO2="151573.89" CO="3552.53" HC="20.01" NOx="70.26" PMx="4.15" fuel="65.15" electricity="0.00" noise="121.52" route="routetop" type="cfm-fast" waiting="0.00" lane="left_1" pos="4.27" speed="56.02" angle="176.83" x="-1.05" y="54.89"/>
        <vehicle id="cfm-fast_2" eclass="HBEFA3/PC_G_EU4" CO2="0.00" CO="0.00" HC="0.00" NOx="0.00" PMx="0.00" fuel="0.00" electricity="0.00" noise="70.31" route="routetop" type="cfm-fast" waiting="0.00" lane="top_0" pos="23.38" speed="25.65" angle="232.39" x="17.67" y="114.57"/>
        <vehicle id="cfm-fast_3" eclass="HBEFA3/PC_G_EU4" CO2="0.00" CO="0.00" HC="0.00" NOx="0.00" PMx="0.00" fuel="0.00" electricity="0.00" noise="69.37" route="routetop" type="cfm-fast" waiting="0.00" lane="top_0" pos="40.38" speed="23.70" angle="201.84" x="-1.81" y="84.14"/>
        <vehicle id="cfm-fast_4" eclass="HBEFA3/PC_G_EU4" CO2="244545.74" CO="5651.14" HC="31.89" NOx="114.04" PMx="6.66" fuel="105.12" electricity="0.00" noise="144.70" route="routebottom" type="cfm-fast" waiting="0.00" lane="bottom_1" pos="5.38" speed="61.87" angle="84.82" x="74.67" y="-0.71"/>
        <vehicle id="cfm-fast_5" eclass="HBEFA3/PC_G_EU4" CO2="8675.89" CO="102.48" HC="0.68" NOx="3.51" PMx="0.18" fuel="3.73" electricity="0.00" noise="71.50" route="routetop" type="cfm-fast" waiting="0.00" lane="left_0" pos="5.91" speed="21.54" angle="173.83" x="-3.75" y="50.92"/>
        <vehicle id="cfm-slow_0" eclass="HBEFA3/PC_G_EU4" CO2="13975.74" CO="211.93" HC="1.31" NOx="6.00" PMx="0.32" fuel="6.01" electricity="0.00" noise="74.53" route="routetop" type="cfm-slow" waiting="0.00" lane="left_0" pos="18.89" speed="22.13" angle="150.44" x="6.80" y="25.28"/>
        <vehicle id="cfm-slow_1" eclass="HBEFA3/PC_G_EU4" CO2="19198.76" CO="321.73" HC="1.94" NOx="8.43" PMx="0.46" fuel="8.25" electricity="0.00" noise="77.77" route="routetop" type="cfm-slow" waiting="0.00" lane="left_0" pos="36.46" speed="23.68" angle="118.91" x="35.31" y="1.19"/>
        <vehicle id="cfm-slow_2" eclass="HBEFA3/PC_G_EU4" CO2="23192.55" CO="410.70" HC="2.45" NOx="10.26" PMx="0.57" fuel="9.97" electricity="0.00" noise="80.00" route="routebottom" type="cfm-slow" waiting="0.00" lane="bottom_0" pos="5.63" speed="25.90" angle="84.33" x="75.82" y="-3.86"/>
        <vehicle id="cfm-slow_3" eclass="HBEFA3/PC_G_EU4" CO2="21554.74" CO="389.34" HC="2.31" NOx="9.43" PMx="0.53" fuel="9.27" electricity="0.00" noise="79.04" route="routebottom" type="cfm-slow" waiting="0.00" lane="bottom_0" pos="27.09" speed="28.37" angle="45.76" x="115.25" y="18.44"/>
        <vehicle id="cfm-slow_4" eclass="HBEFA3/PC_G_EU4" CO2="11436.77" CO="193.45" HC="1.17" NOx="4.62" PMx="0.27" fuel="4.92" electricity="0.00" noise="75.34" route="routebottom" type="cfm-slow" waiting="0.00" lane="right_0" pos="1.04" speed="30.20" angle="2.59" x="132.23" y="66.00"/>
        <vehicle id="cfm-slow_5" eclass="HBEFA3/PC_G_EU4" CO2="0.00" CO="0.00" HC="0.00" NOx="0.00" PMx="0.00" fuel="0.00" electricity="0.00" noise="72.96" route="routebottom" type="cfm-slow" waiting="0.00" lane="right_0" pos="26.74" speed="30.45" angle="316.35" x="109.45" y="114.75"/>
    </timestep>
    <timestep time="4.58">
        <vehicle id="cfm-fast_0" eclass="HBEFA3/PC_G_EU4" CO2="0.00" CO="0.00" HC="0.00" NOx="0.00" PMx="0.00" fuel="0.00" electricity="0.00" noise="71.69" route="routetop" type="cfm-fast" waiting="0.00" lane="top_0" pos="3.07" speed="28.66" angle="268.99" x="56.98" y="131.94"/>
        <vehicle id="cfm-fast_1" eclass="HBEFA3/PC_G_EU4" CO2="152047.38" CO="3564.91" HC="20.07" NOx="70.48" PMx="4.16" fuel="65.36" electricity="0.00" noise="121.62" route="routetop" type="cfm-fast" waiting="0.00" lane="left_1" pos="4.83" speed="56.11" angle="175.81" x="-0.89" y="53.76"/>
        <vehicle id="cfm-fast_2" eclass="HBEFA3/PC_G_EU4" CO2="0.00" CO="0.00" HC="0.00" NOx="0.00" PMx="0.00" fuel="0.00" electricity="0.00" noise="70.30" route="routetop" type="cfm-fast" waiting="0.00" lane="top_0" pos="23.64" speed="25.64" angle="231.92" x="17.27" y="114.19"/>
        <vehicle id="cfm-fast_3" eclass="HBEFA3/PC_G_EU4" CO2="0.00" CO="0.00" HC="0.00" NOx="0.00" PMx="0.00" fuel="0.00" electricity="0.00" noise="69.37" route="routetop" type="cfm-fast" waiting="0.00" lane="top_0" pos="40.62" speed="23.68" angle="201.40" x="-1.96" y="83.65"/>
        <vehicle id="cfm-fast_4" eclass="HBEFA3/PC_G_EU4" CO2="245145.36" CO="5668.13" HC="31.98" NOx="114.32" PMx="6.67" fuel="105.38" electricity="0.00" noise="144.77" route="routebottom" type="cfm-fast" waiting="0.00" lane="bottom_1" pos="6.00" speed="62.00" angle="83.65" x="75.92" y="-0.48"/>
        <vehicle id="cfm-fast_5" eclass="HBEFA3/PC_G_EU4" CO2="8707.47" CO="103.13" HC="0.68" NOx="3.52" PMx="0.18" fuel="3.74" electricity="0.00" noise="71.52" route="routetop" type="cfm-fast" waiting="0.00" lane="left_0" pos="6.13" speed="21.55" angle="173.43" x="-3.67" y="50.46"/>
        <vehicle id="cfm-slow_0" eclass="HBEFA3/PC_G_EU4" CO2="14010.17" CO="212.66" HC="1.31" NOx="6.01" PMx="0.32" fuel="6.02" electricity="0.00" noise="74.55" route="routetop" type="cfm-slow" waiting="0.00" lane="left_0" pos="19.11" speed="22.15" angle="150.04" x="7.06" y="24.88"/>
        <vehicle id="cfm-slow_1" eclass="HBEFA3/PC_G_EU4" CO2="19223.08" CO="322.29" HC="1.94" NOx="8.44" PMx="0.46" fuel="8.26" electricity="0.00" noise="77.78" route="routetop" type="cfm-slow" waiting="0.00" lane="left_0" pos="36.69" speed="23.70" angle="118.46" x="35.77" y="0.98"/>
        <vehicle id="cfm-slow_2" eclass="HBEFA3/PC_G_EU4" CO2="23167.61" CO="410.30" HC="2.45" NOx="10.25" PMx="0.57" fuel="9.96" electricity="0.00" noise="79.98" route="routebottom" type="cfm-slow" waiting="0.00" lane="bottom_0" pos="5.89" speed="25.93" angle="83.86" x="76.37" y="-3.76"/>
        <vehicle id="cfm-slow_3" eclass="HBEFA3/PC_G_EU4" CO2="21448.35" CO="387.28" HC="2.30" NOx="9.38" PMx="0.53" fuel="9.22" electricity="0.00" noise="78.99" route="routebottom" type="cfm-slow" waiting="0.00" lane="bottom_0" pos="27.38" speed="28.39" angle="45.23" x="115.65" y="18.90"/>
        <vehicle id="cfm-slow_4" eclass="HBEFA3/PC_G_EU4" CO2="11281.12" CO="190.30" HC="1.15" NOx="4.55" PMx="0.27" fuel="4.85" electricity="0.00" noise="75.30" route="routebottom" type="cfm-slow" waiting="0.00" lane="right_0" pos="1.34" speed="30.21" angle="2.06" x="132.21" y="66.65"/>
        <vehicle id="cfm-slow_5" eclass="HBEFA3/PC_G_EU4" CO2="0.00" CO="0.00" HC="0.00" NOx="0.00" PMx="0.00" fuel="0.00" electricity="0.00" noise="72.94" route="routebottom" type="cfm-slow" waiting="0.00" lane="right_0" pos="27.05" speed="30.44" angle="315.85" x="108.96" y="115.19"/>
    </timestep>
    <timestep time="4.59">
        <vehicle id="cfm-fast_0" eclass="HBEFA3/PC_G_EU4" CO2="0.00" CO="0.00" HC="0.00" NOx="0.00" PMx="0.00" fuel="0.00" electricity="0.00" noise="71.68" route="routetop" type="cfm-fast" waiting="0.00" lane="top_0" pos="3.35" speed="28.64" angle="268.48" x="56.37" y="131.88"/>
        <vehicle id="cfm-fast_1" eclass="HBEFA3/PC_G_EU4" CO2="152524.66" CO="3577.38" HC="20.14" NOx="70.71" PMx="4.18" fuel="65.56" electricity="0.00" noise="121.73" route="routetop" type="cfm-fast" waiting="0.00" lane="left_1" pos="5.40" speed="56.20" angle="174.79" x="-0.70" y="52.62"/>
        <vehicle id="cfm-fast_2" eclass="HBEFA3/PC_G_EU4" CO2="0.00" CO="0.00" HC="0.00" NOx="0.00" PMx="0.00" fuel="0.00" electricity="0.00" noise="70.29" route="routetop" type="cfm-fast" waiting="0.00" lane="top_0" pos="23.90" speed="25.62" angle="231.46" x="16.86" y="113.82"/>
        <vehicle id="cfm-fast_3" eclass="HBEFA3/PC_G_EU4" CO2="0.00" CO="0.00" HC="0.00" NOx="0.00" PMx="0.00" fuel="0.00" electricity="0.00" noise="69.37" route="routetop" type="cfm-fast" waiting="0.00" lane="top_0" pos="40.85" speed="23.67" angle="200.96" x="-2.11" y="83.16"/>
        <vehicle id="cfm-fast_4" eclass="HBEFA3/PC_G_EU4" CO2="245745.26" CO="5685.15" HC="32.08" NOx="114.60" PMx="6.69" fuel="105.63" electricity="0.00" noise="144.83" route="routebottom" type="cfm-fast" waiting="0.00" lane="bottom_1" pos="6.62" speed="62.14" angle="82.56" x="77.17" y="-0.23"/>
        <vehicle id="cfm-fast_5" eclass="HBEFA3/PC_G_EU4" CO2="8739.24" CO="103.79" HC="0.69" NOx="3.54" PMx="0.18" fuel="3.76" electricity="0.00" noise="71.54" route="routetop" type="cfm-fast" waiting="0.00" lane="left_0" pos="6.35" speed="21.56" angle="173.08" x="-3.58" y="50.01"/>
        <vehicle id="cfm-slow_0" eclass="HBEFA3/PC_G_EU4" CO2="14044.63" CO="213.38" HC="1.32" NOx="6.03" PMx="0.32" fuel="6.04" electricity="0.00" noise="74.58" route="routetop" type="cfm-slow" waiting="0.00" lane="left_0" pos="19.33" speed="22.17" angle="149.68" x="7.34" y="24.49"/>
        <vehicle id="cfm-slow_1" eclass="HBEFA3/PC_G_EU4" CO2="19247.10" CO="322.84" HC="1.95" NOx="8.45" PMx="0.46" fuel="8.27" electricity="0.00" noise="77.80" route="routetop" type="cfm-slow" waiting="0.00" lane="left_0" pos="36.93" speed="23.73" angle="118.02" x="36.24" y="0.77"/>
        <vehicle id="cfm-slow_2" eclass="HBEFA3/PC_G_EU4" CO2="23142.05" CO="409.88" HC="2.44" NOx="10.24" PMx="0.57" fuel="9.95" electricity="0.00" noise="79.96" route="routebottom" type="cfm-slow" waiting="0.00" lane="bottom_0" pos="6.15" speed="25.95" angle="83.38" x="76.92" y="-3.66"/>
        <vehicle id="cfm-slow_3" eclass="HBEFA3/PC_G_EU4" CO2="21341.54" CO="385.21" HC="2.29" NOx="9.33" PMx="0.53" fuel="9.17" electricity="0.00" noise="78.94" route="routebottom" type="cfm-slow" waiting="0.00" lane="bottom_0" pos="27.66" speed="28.41" angle="44.70" x="116.04" y="19.37"/>
        <vehicle id="cfm-slow_4" eclass="HBEFA3/PC_G_EU4" CO2="11125.92" CO="187.15" HC="1.13" NOx="4.47" PMx="0.27" fuel="4.78" electricity="0.00" noise="75.26" route="routebottom" type="cfm-slow" waiting="0.00" lane="right_0" pos="1.64" speed="30.21" angle="1.52" x="132.17" y="67.29"/>
        <vehicle id="cfm-slow_5" eclass="HBEFA3/PC_G_EU4" CO2="0.00" CO="0.00" HC="0.00" NOx="0.00" PMx="0.00" fuel="0.00" electricity="0.00" noise="72.93" route="routebottom" type="cfm-slow" waiting="0.00" lane="right_0" pos="27.35" speed="30.43" angle="315.28" x="108.46" y="115.61"/>
    </timestep>
    <timestep time="4.60">
        <vehicle id="cfm-fast_0" eclass="HBEFA3/PC_G_EU4" CO2="0.00" CO="0.00" HC="0.00" NOx="0.00" PMx="0.00" fuel="0.00" electricity="0.00" noise="71.67" route="routetop" type="cfm-fast" waiting="0.00" lane="top_0" pos="3.64" speed="28.62" angle="267.97" x="55.76" y="131.82"/>
        <vehicle id="cfm-fast_1" eclass="HBEFA3/PC_G_EU4" CO2="153005.67" CO="3589.93" HC="20.21" NOx="70.93" PMx="4.19" fuel="65.77" electricity="0.00" noise="121.83" route="routetop" type="cfm-fast" waiting="0.00" lane="left_1" pos="5.96" speed="56.29" angle="173.73" x="-0.49" y="51.48"/>
        <vehicle id="cfm-fast_2" eclass="HBEFA3/PC_G_EU4" CO2="0.00" CO="0.00" HC="0.00" NOx="0.00" PMx="0.00" fuel="0.00" electricity="0.00" noise="70.29" route="routetop" type="cfm-fast" waiting="0.00" lane="top_0" pos="24.15" speed="25.61" angle="231.00" x="16.46" y="113.45"/>
        <vehicle id="cfm-fast_3" eclass="HBEFA3/PC_G_EU4" CO2="0.00" CO="0.00" HC="0.00" NOx="0.00" PMx="0.00" fuel="0.00" electricity="0.00" noise="69.37" route="routetop" type="cfm-fast" waiting="0.00" lane="top_0" pos="41.09" speed="23.66" angle="200.58" x="-2.26" y="82.68"/>
        <vehicle id="cfm-fast_4" eclass="HBEFA3/PC_G_EU4" CO2="246345.46" CO="5702.18" HC="32.17" NOx="114.88" PMx="6.71" fuel="105.89" electricity="0.00" noise="144.90" route="routebottom" type="cfm-fast" waiting="0.00" lane="bottom_1" pos="7.25" speed="62.27" angle="81.41" x="78.42" y="0.05"/>
        <vehicle id="cfm-fast_5" eclass="HBEFA3/PC_G_EU4" CO2="8771.20" CO="104.45" HC="0.69" NOx="3.55" PMx="0.18" fuel="3.77" electricity="0.00" noise="71.56" route="routetop" type="cfm-fast" waiting="0.00" lane="left_0" pos="6.56" speed="21.57" angle="172.68" x="-3.48" y="49.55"/>
        <vehicle id="cfm-slow_0" eclass="HBEFA3/PC_G_EU4" CO2="14079.13" CO="214.11" HC="1.32" NOx="6.04" PMx="0.32" fuel="6.05" electricity="0.00" noise="74.60" route="routetop" type="cfm-slow" waiting="0.00" lane="left_0" pos="19.55" speed="22.19" angle="149.27" x="7.62" y="24.10"/>
        <vehicle id="cfm-slow_1" eclass="HBEFA3/PC_G_EU4" CO2="19270.82" CO="323.38" HC="1.95" NOx="8.46" PMx="0.46" fuel="8.28" electricity="0.00" noise="77.81" route="routetop" type="cfm-slow" waiting="0.00" lane="left_0" pos="37.17" speed="23.75" angle="117.63" x="36.70" y="0.56"/>
        <vehicle id="cfm-slow_2" eclass="HBEFA3/PC_G_EU4" CO2="23115.87" CO="409.45" HC="2.44" NOx="10.22" PMx="0.56" fuel="9.94" electricity="0.00" noise="79.94" route="routebottom" type="cfm-slow" waiting="0.00" lane="bottom_0" pos="6.41" speed="25.98" angle="82.96" x="77.46" y="-3.55"/>
        <vehicle id="cfm-slow_3" eclass="HBEFA3/PC_G_EU4" CO2="21234.32" CO="383.14" HC="2.28" NOx="9.28" PMx="0.52" fuel="9.13" electricity="0.00" noise="78.88" route="routebottom" type="cfm-slow" waiting="0.00" lane="bottom_0" pos="27.94" speed="28.44" angle="44.17" x="116.44" y="19.84"/>
        <vehicle id="cfm-slow_4" eclass="HBEFA3/PC_G_EU4" CO2="10971.18" CO="184.02" HC="1.12" NOx="4.40" PMx="0.26" fuel="4.72" electricity="0.00" noise="75.21" route="routebottom" type="cfm-slow" waiting="0.00" lane="right_0" pos="1.95" speed="30.22" angle="0.98" x="132.13" y="67.94"/>
        <vehicle id="cfm-slow_5" eclass="HBEFA3/PC_G_EU4" CO2="0.00" CO="0.00" HC="0.00" NOx="0.00" PMx="0.00" fuel="0.00" electricity="0.00" noise="72.92" route="routebottom" type="cfm-slow" waiting="0.00" lane="right_0" pos="27.66" speed="30.42" angle="314.70" x="107.96" y="116.04"/>
    </timestep>
    <timestep time="4.61">
        <vehicle id="cfm-fast_0" eclass="HBEFA3/PC_G_EU4" CO2="0.00" CO="0.00" HC="0.00" NOx="0.00" PMx="0.00" fuel="0.00" electricity="0.00" noise="71.66" route="routetop" type="cfm-fast" waiting="0.00" lane="top_0" pos="3.93" speed="28.60" angle="267.48" x="55.14" y="131.74"/>
        <vehicle id="cfm-fast_1" eclass="HBEFA3/PC_G_EU4" CO2="153490.37" CO="3602.58" HC="20.28" NOx="71.16" PMx="4.21" fuel="65.98" electricity="0.00" noise="121.93" route="routetop" type="cfm-fast" waiting="0.00" lane="left_1" pos="6.52" speed="56.39" angle="172.74" x="-0.27" y="50.35"/>
        <vehicle id="cfm-fast_2" eclass="HBEFA3/PC_G_EU4" CO2="0.00" CO="0.00" HC="0.00" NOx="0.00" PMx="0.00" fuel="0.00" electricity="0.00" noise="70.28" route="routetop" type="cfm-fast" waiting="0.00" lane="top_0" pos="24.41" speed="25.60" angle="230.59" x="16.06" y="113.07"/>
        <vehicle id="cfm-fast_3" eclass="HBEFA3/PC_G_EU4" CO2="0.00" CO="0.00" HC="0.00" NOx="0.00" PMx="0.00" fuel="0.00" electricity="0.00" noise="69.37" route="routetop" type="cfm-fast" waiting="0.00" lane="top_0" pos="41.33" speed="23.65" angle="200.14" x="-2.39" y="82.18"/>
        <vehicle id="cfm-fast_4" eclass="HBEFA3/PC_G_EU4" CO2="246945.94" CO="5719.24" HC="32.26" NOx="115.16" PMx="6.73" fuel="106.15" electricity="0.00" noise="144.96" route="routebottom" type="cfm-fast" waiting="0.00" lane="bottom_1" pos="7.87" speed="62.41" angle="80.32" x="79.66" y="0.35"/>
        <vehicle id="cfm-fast_5" eclass="HBEFA3/PC_G_EU4" CO2="8803.34" CO="105.12" HC="0.69" NOx="3.57" PMx="0.18" fuel="3.78" electricity="0.00" noise="71.58" route="routetop" type="cfm-fast" waiting="0.00" lane="left_0" pos="6.78" speed="21.58" angle="172.27" x="-3.38" y="49.10"/>
        <vehicle id="cfm-slow_0" eclass="HBEFA3/PC_G_EU4" CO2="14113.65" CO="214.83" HC="1.33" NOx="6.06" PMx="0.32" fuel="6.07" electricity="0.00" noise="74.62" route="routetop" type="cfm-slow" waiting="0.00" lane="left_0" pos="19.78" speed="22.20" angle="148.86" x="7.89" y="23.72"/>
        <vehicle id="cfm-slow_1" eclass="HBEFA3/PC_G_EU4" CO2="19294.22" CO="323.91" HC="1.95" NOx="8.47" PMx="0.46" fuel="8.29" electricity="0.00" noise="77.82" route="routetop" type="cfm-slow" waiting="0.00" lane="left_0" pos="37.41" speed="23.78" angle="117.21" x="37.18" y="0.37"/>
        <vehicle id="cfm-slow_2" eclass="HBEFA3/PC_G_EU4" CO2="23089.07" CO="409.01" HC="2.44" NOx="10.21" PMx="0.56" fuel="9.92" electricity="0.00" noise="79.93" route="routebottom" type="cfm-slow" waiting="0.00" lane="bottom_0" pos="6.67" speed="26.01" angle="82.46" x="78.01" y="-3.43"/>
        <vehicle id="cfm-slow_3" eclass="HBEFA3/PC_G_EU4" CO2="21126.70" CO="381.05" HC="2.26" NOx="9.23" PMx="0.52" fuel="9.08" electricity="0.00" noise="78.83" route="routebottom" type="cfm-slow" waiting="0.00" lane="bottom_0" pos="28.23" speed="28.46" angle="43.70" x="116.83" y="20.31"/>
        <vehicle id="cfm-slow_4" eclass="HBEFA3/PC_G_EU4" CO2="10816.89" CO="180.89" HC="1.10" NOx="4.33" PMx="0.26" fuel="4.65" electricity="0.00" noise="75.17" route="routebottom" type="cfm-slow" waiting="0.00" lane="right_0" pos="2.25" speed="30.22" angle="0.44" x="132.09" y="68.59"/>
        <vehicle id="cfm-slow_5" eclass="HBEFA3/PC_G_EU4" CO2="0.00" CO="0.00" HC="0.00" NOx="0.00" PMx="0.00" fuel="0.00" electricity="0.00" noise="72.90" route="routebottom" type="cfm-slow" waiting="0.00" lane="right_0" pos="27.96" speed="30.40" angle="314.13" x="107.46" y="116.46"/>
    </timestep>
    <timestep time="4.62">
        <vehicle id="cfm-fast_0" eclass="HBEFA3/PC_G_EU4" CO2="0.00" CO="0.00" HC="0.00" NOx="0.00" PMx="0.00" fuel="0.00" electricity="0.00" noise="71.64" route="routetop" type="cfm-fast" waiting="0.00" lane="top_0" pos="4.21" speed="28.58" angle="266.96" x="54.54" y="131.66"/>
        <vehicle id="cfm-fast_1" eclass="HBEFA3/PC_G_EU4" CO2="153978.72" CO="3615.31" HC="20.35" NOx="71.39" PMx="4.22" fuel="66.19" electricity="0.00" noise="122.04" route="routetop" type="cfm-fast" waiting="0.00" lane="left_1" pos="7.09" speed="56.48" angle="171.70" x="-0.02" y="49.22"/>
        <vehicle id="cfm-fast_2" eclass="HBEFA3/PC_G_EU4" CO2="0.00" CO="0.00" HC="0.00" NOx="0.00" PMx="0.00" fuel="0.00" electricity="0.00" noise="70.27" route="routetop" type="cfm-fast" waiting="0.00" lane="top_0" pos="24.66" speed="25.58" angle="230.13" x="15.67" y="112.68"/>
        <vehicle id="cfm-fast_3" eclass="HBEFA3/PC_G_EU4" CO2="0.00" CO="0.00" HC="0.00" NOx="0.00" PMx="0.00" fuel="0.00" electricity="0.00" noise="69.37" route="routetop" type="cfm-fast" waiting="0.00" lane="top_0" pos="41.56" speed="23.64" angle="199.70" x="-2.52" y="81.69"/>
        <vehicle id="cfm-fast_4" eclass="HBEFA3/PC_G_EU4" CO2="247546.72" CO="5736.32" HC="32.36" NOx="115.45" PMx="6.75" fuel="106.41" electricity="0.00" noise="145.03" route="routebottom" type="cfm-fast" waiting="0.00" lane="bottom_1" pos="8.50" speed="62.55" angle="79.15" x="80.90" y="0.68"/>
        <vehicle id="cfm-fast_5" eclass="HBEFA3/PC_G_EU4" CO2="8835.66" CO="105.79" HC="0.70" NOx="3.58" PMx="0.18" fuel="3.80" electricity="0.00" noise="71.60" route="routetop" type="cfm-fast" waiting="0.00" lane="left_0" pos="6.99" speed="21.59" angle="171.85" x="-3.27" y="48.65"/>
        <vehicle id="cfm-slow_0" eclass="HBEFA3/PC_G_EU4" CO2="14148.21" CO="215.56" HC="1.33" NOx="6.08" PMx="0.32" fuel="6.08" electricity="0.00" noise="74.64" route="routetop" type="cfm-slow" waiting="0.00" lane="left_0" pos="20.00" speed="22.22" angle="148.45" x="8.17" y="23.33"/>
        <vehicle id="cfm-slow_1" eclass="HBEFA3/PC_G_EU4" CO2="19317.32" CO="324.44" HC="1.96" NOx="8.48" PMx="0.46" fuel="8.30" electricity="0.00" noise="77.83" route="routetop" type="cfm-slow" waiting="0.00" lane="left_0" pos="37.64" speed="23.80" angle="116.78" x="37.65" y="0.18"/>
        <vehicle id="cfm-slow_2" eclass="HBEFA3/PC_G_EU4" CO2="23061.65" CO="408.56" HC="2.43" NOx="10.20" PMx="0.56" fuel="9.91" electricity="0.00" noise="79.91" route="routebottom" type="cfm-slow" waiting="0.00" lane="bottom_0" pos="6.93" speed="26.03" angle="81.96" x="78.56" y="-3.30"/>
        <vehicle id="cfm-slow_3" eclass="HBEFA3/PC_G_EU4" CO2="21018.68" CO="378.96" HC="2.25" NOx="9.18" PMx="0.52" fuel="9.03" electricity="0.00" noise="78.78" route="routebottom" type="cfm-slow" waiting="0.00" lane="bottom_0" pos="28.51" speed="28.48" angle="43.17" x="117.21" y="20.79"/>
        <vehicle id="cfm-slow_4" eclass="HBEFA3/PC_G_EU4" CO2="10663.07" CO="177.77" HC="1.08" NOx="4.25" PMx="0.25" fuel="4.58" electricity="0.00" noise="75.13" route="routebottom" type="cfm-slow" waiting="0.00" lane="right_0" pos="2.55" speed="30.23" angle="359.92" x="132.05" y="69.24"/>
        <vehicle id="cfm-slow_5" eclass="HBEFA3/PC_G_EU4" CO2="0.00" CO="0.00" HC="0.00" NOx="0.00" PMx="0.00" fuel="0.00" electricity="0.00" noise="72.89" route="routebottom" type="cfm-slow" waiting="0.00" lane="right_0" pos="28.27" speed="30.39" angle="313.64" x="106.96" y="116.88"/>
    </timestep>
    <timestep time="4.63">
        <vehicle id="cfm-fast_0" eclass="HBEFA3/PC_G_EU4" CO2="0.00" CO="0.00" HC="0.00" NOx="0.00" PMx="0.00" fuel="0.00" electricity="0.00" noise="71.63" route="routetop" type="cfm-fast" waiting="0.00" lane="top_0" pos="4.50" speed="28.56" angle="266.44" x="53.93" y="131.57"/>
        <vehicle id="cfm-fast_1" eclass="HBEFA3/PC_G_EU4" CO2="154470.68" CO="3628.13" HC="20.42" NOx="71.62" PMx="4.23" fuel="66.40" electricity="0.00" noise="122.15" route="routetop" type="cfm-fast" waiting="0.00" lane="left_1" pos="7.65" speed="56.57" angle="170.70" x="0.24" y="48.09"/>
        <vehicle id="cfm-fast_2" eclass="HBEFA3/PC_G_EU4" CO2="0.00" CO="0.00" HC="0.00" NOx="0.00" PMx="0.00" fuel="0.00" electricity="0.00" noise="70.26" route="routetop" type="cfm-fast" waiting="0.00" lane="top_0" pos="24.92" speed="25.57" angle="229.66" x="15.28" y="112.29"/>
        <vehicle id="cfm-fast_3" eclass="HBEFA3/PC_G_EU4" CO2="0.00" CO="0.00" HC="0.00" NOx="0.00" PMx="0.00" fuel="0.00" electricity="0.00" noise="69.37" route="routetop" type="cfm-fast" waiting="0.00" lane="top_0" pos="41.80" speed="23.63" angle="199.26" x="-2.65" y="81.20"/>
        <vehicle id="cfm-fast_4" eclass="HBEFA3/PC_G_EU4" CO2="248147.79" CO="5753.42" HC="32.45" NOx="115.73" PMx="6.76" fuel="106.67" electricity="0.00" noise="145.09" route="routebottom" type="cfm-fast" waiting="0.00" lane="bottom_1" pos="9.12" speed="62.68" angle="78.04" x="82.14" y="1.03"/>
        <vehicle id="cfm-fast_5" eclass="HBEFA3/PC_G_EU4" CO2="8868.16" CO="106.46" HC="0.70" NOx="3.60" PMx="0.18" fuel="3.81" electricity="0.00" noise="71.61" route="routetop" type="cfm-fast" waiting="0.00" lane="left_0" pos="7.21" speed="21.60" angle="171.44" x="-3.17" y="48.19"/>
        <vehicle id="cfm-slow_0" eclass="HBEFA3/PC_G_EU4" CO2="14182.78" CO="216.29" HC="1.34" NOx="6.09" PMx="0.32" fuel="6.10" electricity="0.00" noise="74.67" route="routetop" type="cfm-slow" waiting="0.00" lane="left_0" pos="20.22" speed="22.24" angle="148.03" x="8.45" y="22.94"/>
        <vehicle id="cfm-slow_1" eclass="HBEFA3/PC_G_EU4" CO2="19340.09" CO="324.97" HC="1.96" NOx="8.49" PMx="0.46" fuel="8.31" electricity="0.00" noise="77.85" route="routetop" type="cfm-slow" waiting="0.00" lane="left_0" pos="37.88" speed="23.83" angle="116.34" x="38.13" y="-0.01"/>
        <vehicle id="cfm-slow_2" eclass="HBEFA3/PC_G_EU4" CO2="23033.61" CO="408.09" HC="2.43" NOx="10.18" PMx="0.56" fuel="9.90" electricity="0.00" noise="79.89" route="routebottom" type="cfm-slow" waiting="0.00" lane="bottom_0" pos="7.19" speed="26.06" angle="81.46" x="79.10" y="-3.18"/>
        <vehicle id="cfm-slow_3" eclass="HBEFA3/PC_G_EU4" CO2="20910.26" CO="376.85" HC="2.24" NOx="9.13" PMx="0.52" fuel="8.99" electricity="0.00" noise="78.73" route="routebottom" type="cfm-slow" waiting="0.00" lane="bottom_0" pos="28.80" speed="28.50" angle="42.64" x="117.59" y="21.27"/>
        <vehicle id="cfm-slow_4" eclass="HBEFA3/PC_G_EU4" CO2="10509.73" CO="174.66" HC="1.06" NOx="4.18" PMx="0.25" fuel="4.52" electricity="0.00" noise="75.09" route="routebottom" type="cfm-slow" waiting="0.00" lane="right_0" pos="2.85" speed="30.24" angle="359.38" x="131.99" y="69.89"/>
        <vehicle id="cfm-slow_5" eclass="HBEFA3/PC_G_EU4" CO2="0.00" CO="0.00" HC="0.00" NOx="0.00" PMx="0.00" fuel="0.00" electricity="0.00" noise="72.87" route="routebottom" type="cfm-slow" waiting="0.00" lane="right_0" pos="28.57" speed="30.38" angle="313.08" x="106.45" y="117.28"/>
    </timestep>
    <timestep time="4.64">
        <vehicle id="cfm-fast_0" eclass="HBEFA3/PC_G_EU4" CO2="0.00" CO="0.00" HC="0.00" NOx="0.00" PMx="0.00" fuel="0.00" electricity="0.00" noise="71.62" route="routetop" type="cfm-fast" waiting="0.00" lane="top_0" pos="4.78" speed="28.54" angle="265.93" x="53.32" y="131.48"/>
        <vehicle id="cfm-fast_1" eclass="HBEFA3/PC_G_EU4" CO2="154966.19" CO="3641.03" HC="20.50" NOx="71.85" PMx="4.25" fuel="66.61" electricity="0.00" noise="122.25" route="routetop" type="cfm-fast" waiting="0.00" lane="left_1" pos="8.22" speed="56.66" angle="169.65" x="0.54" y="46.97"/>
        <vehicle id="cfm-fast_2" eclass="HBEFA3/PC_G_EU4" CO2="0.00" CO="0.00" HC="0.00" NOx="0.00" PMx="0.00" fuel="0.00" electricity="0.00" noise="70.25" route="routetop" type="cfm-fast" waiting="0.00" lane="top_0" pos="25.18" speed="25.55" angle="229.19" x="14.89" y="111.90"/>
        <vehicle id="cfm-fast_3" eclass="HBEFA3/PC_G_EU4" CO2="0.00" CO="0.00" HC="0.00" NOx="0.00" PMx="0.00" fuel="0.00" electricity="0.00" noise="69.37" route="routetop" type="cfm-fast" waiting="0.00" lane="top_0" pos="42.04" speed="23.61" angle="198.83" x="-2.78" y="80.71"/>
        <vehicle id="cfm-fast_4" eclass="HBEFA3/PC_G_EU4" CO2="248749.16" CO="5770.54" HC="32.54" NOx="116.01" PMx="6.78" fuel="106.92" electricity="0.00" noise="145.16" route="routebottom" type="cfm-fast" waiting="0.00" lane="bottom_1" pos="9.75" speed="62.82" angle="76.90" x="83.37" y="1.41"/>
        <vehicle id="cfm-fast_5" eclass="HBEFA3/PC_G_EU4" CO2="8900.84" CO="107.14" HC="0.71" NOx="3.61" PMx="0.18" fuel="3.83" electricity="0.00" noise="71.63" route="routetop" type="cfm-fast" waiting="0.00" lane="left_0" pos="7.43" speed="21.61" angle="171.02" x="-3.07" y="47.74"/>
        <vehicle id="cfm-slow_0" eclass="HBEFA3/PC_G_EU4" CO2="14217.37" CO="217.02" HC="1.34" NOx="6.11" PMx="0.32" fuel="6.11" electricity="0.00" noise="74.69" route="routetop" type="cfm-slow" waiting="0.00" lane="left_0" pos="20.44" speed="22.26" angle="147.66" x="8.74" y="22.55"/>
        <vehicle id="cfm-slow_1" eclass="HBEFA3/PC_G_EU4" CO2="19362.54" CO="325.48" HC="1.96" NOx="8.50" PMx="0.46" fuel="8.32" electricity="0.00" noise="77.86" route="routetop" type="cfm-slow" waiting="0.00" lane="left_0" pos="38.12" speed="23.85" angle="115.90" x="38.60" y="-0.20"/>
        <vehicle id="cfm-slow_2" eclass="HBEFA3/PC_G_EU4" CO2="23004.95" CO="407.61" HC="2.43" NOx="10.17" PMx="0.56" fuel="9.89" electricity="0.00" noise="79.87" route="routebottom" type="cfm-slow" waiting="0.00" lane="bottom_0" pos="7.45" speed="26.09" angle="80.97" x="79.65" y="-3.05"/>
        <vehicle id="cfm-slow_3" eclass="HBEFA3/PC_G_EU4" CO2="20801.46" CO="374.74" HC="2.23" NOx="9.07" PMx="0.51" fuel="8.94" electricity="0.00" noise="78.68" route="routebottom" type="cfm-slow" waiting="0.00" lane="bottom_0" pos="29.08" speed="28.52" angle="42.11" x="117.97" y="21.75"/>
        <vehicle id="cfm-slow_4" eclass="HBEFA3/PC_G_EU4" CO2="10356.86" CO="171.55" HC="1.04" NOx="4.11" PMx="0.25" fuel="4.45" electricity="0.00" noise="75.05" route="routebottom" type="cfm-slow" waiting="0.00" lane="right_0" pos="3.16" speed="30.24" angle="358.84" x="131.92" y="70.54"/>
        <vehicle id="cfm-slow_5" eclass="HBEFA3/PC_G_EU4" CO2="0.00" CO="0.00" HC="0.00" NOx="0.00" PMx="0.00" fuel="0.00" electricity="0.00" noise="72.86" route="routebottom" type="cfm-slow" waiting="0.00" lane="right_0" pos="28.87" speed="30.37" angle="312.53" x="105.93" y="117.69"/>
    </timestep>
    <timestep time="4.65">
        <vehicle id="cfm-fast_0" eclass="HBEFA3/PC_G_EU4" CO2="0.00" CO="0.00" HC="0.00" NOx="0.00" PMx="0.00" fuel="0.00" electricity="0.00" noise="71.61" route="routetop" type="cfm-fast" waiting="0.00" lane="top_0" pos="5.07" speed="28.52" angle="265.36" x="52.71" y="131.40"/>
        <vehicle id="cfm-fast_1" eclass="HBEFA3/PC_G_EU4" CO2="155465.23" CO="3654.01" HC="20.57" NOx="72.08" PMx="4.26" fuel="66.83" electricity="0.00" noise="122.36" route="routetop" type="cfm-fast" waiting="0.00" lane="left_1" pos="8.79" speed="56.75" angle="168.60" x="0.84" y="45.84"/>
        <vehicle id="cfm-fast_2" eclass="HBEFA3/PC_G_EU4" CO2="0.00" CO="0.00" HC="0.00" NOx="0.00" PMx="0.00" fuel="0.00" electricity="0.00" noise="70.24" route="routetop" type="cfm-fast" waiting="0.00" lane="top_0" pos="25.43" speed="25.54" angle="228.72" x="14.50" y="111.51"/>
        <vehicle id="cfm-fast_3" eclass="HBEFA3/PC_G_EU4" CO2="0.00" CO="0.00" HC="0.00" NOx="0.00" PMx="0.00" fuel="0.00" electricity="0.00" noise="69.37" route="routetop" type="cfm-fast" waiting="0.00" lane="top_0" pos="42.27" speed="23.60" angle="198.42" x="-2.91" y="80.22"/>
        <vehicle id="cfm-fast_4" eclass="HBEFA3/PC_G_EU4" CO2="249350.81" CO="5787.68" HC="32.64" NOx="116.29" PMx="6.80" fuel="107.18" electricity="0.00" noise="145.23" route="routebottom" type="cfm-fast" waiting="0.00" lane="bottom_1" pos="10.38" speed="62.96" angle="75.81" x="84.60" y="1.80"/>
        <vehicle id="cfm-fast_5" eclass="HBEFA3/PC_G_EU4" CO2="8933.68" CO="107.82" HC="0.71" NOx="3.63" PMx="0.18" fuel="3.84" electricity="0.00" noise="71.65" route="routetop" type="cfm-fast" waiting="0.00" lane="left_0" pos="7.64" speed="21.62" angle="170.67" x="-2.96" y="47.29"/>
        <vehicle id="cfm-slow_0" eclass="HBEFA3/PC_G_EU4" CO2="14251.98" CO="217.75" HC="1.34" NOx="6.12" PMx="0.32" fuel="6.13" electricity="0.00" noise="74.71" route="routetop" type="cfm-slow" waiting="0.00" lane="left_0" pos="20.67" speed="22.28" angle="147.27" x="9.03" y="22.17"/>
        <vehicle id="cfm-slow_1" eclass="HBEFA3/PC_G_EU4" CO2="19384.67" CO="326.00" HC="1.97" NOx="8.51" PMx="0.46" fuel="8.33" electricity="0.00" noise="77.87" route="routetop" type="cfm-slow" waiting="0.00" lane="left_0" pos="38.36" speed="23.88" angle="115.46" x="39.08" y="-0.39"/>
        <vehicle id="cfm-slow_2" eclass="HBEFA3/PC_G_EU4" CO2="22975.68" CO="407.12" HC="2.43" NOx="10.15" PMx="0.56" fuel="9.88" electricity="0.00" noise="79.85" route="routebottom" type="cfm-slow" waiting="0.00" lane="bottom_0" pos="7.72" speed="26.12" angle="80.54" x="80.20" y="-2.92"/>
        <vehicle id="cfm-slow_3" eclass="HBEFA3/PC_G_EU4" CO2="20692.29" CO="372.62" HC="2.22" NOx="9.02" PMx="0.51" fuel="8.89" electricity="0.00" noise="78.63" route="routebottom" type="cfm-slow" waiting="0.00" lane="bottom_0" pos="29.37" speed="28.54" angle="41.59" x="118.34" y="22.24"/>
        <vehicle id="cfm-slow_4" eclass="HBEFA3/PC_G_EU4" CO2="10204.47" CO="168.46" HC="1.03" NOx="4.04" PMx="0.24" fuel="4.39" electricity="0.00" noise="75.01" route="routebottom" type="cfm-slow" waiting="0.00" lane="right_0" pos="3.46" speed="30.25" angle="358.29" x="131.86" y="71.18"/>
        <vehicle id="cfm-slow_5" eclass="HBEFA3/PC_G_EU4" CO2="0.00" CO="0.00" HC="0.00" NOx="0.00" PMx="0.00" fuel="0.00" electricity="0.00" noise="72.85" route="routebottom" type="cfm-slow" waiting="0.00" lane="right_0" pos="29.18" speed="30.36" angle="311.97" x="105.42" y="118.09"/>
    </timestep>
    <timestep time="4.66">
        <vehicle id="cfm-fast_0" eclass="HBEFA3/PC_G_EU4" CO2="0.00" CO="0.00" HC="0.00" NOx="0.00" PMx="0.00" fuel="0.00" electricity="0.00" noise="71.60" route="routetop" type="cfm-fast" waiting="0.00" lane="top_0" pos="5.35" speed="28.50" angle="264.84" x="52.11" y="131.29"/>
        <vehicle id="cfm-fast_1" eclass="HBEFA3/PC_G_EU4" CO2="155967.73" CO="3667.08" HC="20.64" NOx="72.32" PMx="4.28" fuel="67.04" electricity="0.00" noise="122.47" route="routetop" type="cfm-fast" waiting="0.00" lane="left_1" pos="9.36" speed="56.84" angle="167.61" x="1.17" y="44.72"/>
        <vehicle id="cfm-fast_2" eclass="HBEFA3/PC_G_EU4" CO2="0.00" CO="0.00" HC="0.00" NOx="0.00" PMx="0.00" fuel="0.00" electricity="0.00" noise="70.23" route="routetop" type="cfm-fast" waiting="0.00" lane="top_0" pos="25.69" speed="25.52" angle="228.31" x="14.12" y="111.12"/>
        <vehicle id="cfm-fast_3" eclass="HBEFA3/PC_G_EU4" CO2="0.00" CO="0.00" HC="0.00" NOx="0.00" PMx="0.00" fuel="0.00" electricity="0.00" noise="69.37" route="routetop" type="cfm-fast" waiting="0.00" lane="top_0" pos="42.51" speed="23.59" angle="198.03" x="-3.03" y="79.73"/>
        <vehicle id="cfm-fast_4" eclass="HBEFA3/PC_G_EU4" CO2="249952.76" CO="5804.84" HC="32.73" NOx="116.57" PMx="6.82" fuel="107.44" electricity="0.00" noise="145.29" route="routebottom" type="cfm-fast" waiting="0.00" lane="bottom_1" pos="11.01" speed="63.09" angle="74.64" x="85.81" y="2.24"/>
        <vehicle id="cfm-fast_5" eclass="HBEFA3/PC_G_EU4" CO2="8966.70" CO="108.50" HC="0.71" NOx="3.65" PMx="0.19" fuel="3.85" electricity="0.00" noise="71.67" route="routetop" type="cfm-fast" waiting="0.00" lane="left_0" pos="7.86" speed="21.63" angle="170.28" x="-2.84" y="46.84"/>
        <vehicle id="cfm-slow_0" eclass="HBEFA3/PC_G_EU4" CO2="14286.59" CO="218.48" HC="1.35" NOx="6.14" PMx="0.33" fuel="6.14" electricity="0.00" noise="74.73" route="routetop" type="cfm-slow" waiting="0.00" lane="left_0" pos="20.89" speed="22.30" angle="146.86" x="9.32" y="21.80"/>
        <vehicle id="cfm-slow_1" eclass="HBEFA3/PC_G_EU4" CO2="19406.47" CO="326.50" HC="1.97" NOx="8.52" PMx="0.46" fuel="8.34" electricity="0.00" noise="77.88" route="routetop" type="cfm-slow" waiting="0.00" lane="left_0" pos="38.60" speed="23.90" angle="115.08" x="39.56" y="-0.57"/>
        <vehicle id="cfm-slow_2" eclass="HBEFA3/PC_G_EU4" CO2="22945.79" CO="406.62" HC="2.42" NOx="10.14" PMx="0.56" fuel="9.86" electricity="0.00" noise="79.83" route="routebottom" type="cfm-slow" waiting="0.00" lane="bottom_0" pos="7.98" speed="26.14" angle="80.06" x="80.74" y="-2.78"/>
        <vehicle id="cfm-slow_3" eclass="HBEFA3/PC_G_EU4" CO2="20582.74" CO="370.49" HC="2.20" NOx="8.97" PMx="0.51" fuel="8.85" electricity="0.00" noise="78.57" route="routebottom" type="cfm-slow" waiting="0.00" lane="bottom_0" pos="29.66" speed="28.56" angle="41.12" x="118.71" y="22.73"/>
        <vehicle id="cfm-slow_4" eclass="HBEFA3/PC_G_EU4" CO2="10052.58" CO="165.37" HC="1.01" NOx="3.96" PMx="0.24" fuel="4.32" electricity="0.00" noise="74.97" route="routebottom" type="cfm-slow" waiting="0.00" lane="right_0" pos="3.76" speed="30.25" angle="357.75" x="131.79" y="71.83"/>
        <vehicle id="cfm-slow_5" eclass="HBEFA3/PC_G_EU4" CO2="0.00" CO="0.00" HC="0.00" NOx="0.00" PMx="0.00" fuel="0.00" electricity="0.00" noise="72.83" route="routebottom" type="cfm-slow" waiting="0.00" lane="right_0" pos="29.48" speed="30.35" angle="311.47" x="104.90" y="118.49"/>
    </timestep>
    <timestep time="4.67">
        <vehicle id="cfm-fast_0" eclass="HBEFA3/PC_G_EU4" CO2="0.00" CO="0.00" HC="0.00" NOx="0.00" PMx="0.00" fuel="0.00" electricity="0.00" noise="71.59" route="routetop" type="cfm-fast" waiting="0.00" lane="top_0" pos="5.64" speed="28.48" angle="264.30" x="51.51" y="131.18"/>
        <vehicle id="cfm-fast_1" eclass="HBEFA3/PC_G_EU4" CO2="156473.67" CO="3680.22" HC="20.71" NOx="72.56" PMx="4.29" fuel="67.26" electricity="0.00" noise="122.58" route="routetop" type="cfm-fast" waiting="0.00" lane="left_1" pos="9.93" speed="56.93" angle="166.57" x="1.51" y="43.61"/>
        <vehicle id="cfm-fast_2" eclass="HBEFA3/PC_G_EU4" CO2="0.00" CO="0.00" HC="0.00" NOx="0.00" PMx="0.00" fuel="0.00" electricity="0.00" noise="70.23" route="routetop" type="cfm-fast" waiting="0.00" lane="top_0" pos="25.94" speed="25.51" angle="227.84" x="13.75" y="110.72"/>
        <vehicle id="cfm-fast_3" eclass="HBEFA3/PC_G_EU4" CO2="0.00" CO="0.00" HC="0.00" NOx="0.00" PMx="0.00" fuel="0.00" electricity="0.00" noise="69.37" route="routetop" type="cfm-fast" waiting="0.00" lane="top_0" pos="42.74" speed="23.58" angle="197.61" x="-3.15" y="79.23"/>
        <vehicle id="cfm-fast_4" eclass="HBEFA3/PC_G_EU4" CO2="250555.00" CO="5822.03" HC="32.82" NOx="116.85" PMx="6.83" fuel="107.70" electricity="0.00" noise="145.36" route="routebottom" type="cfm-fast" waiting="0.00" lane="bottom_1" pos="11.64" speed="63.23" angle="73.53" x="87.03" y="2.68"/>
        <vehicle id="cfm-fast_5" eclass="HBEFA3/PC_G_EU4" CO2="8999.88" CO="109.19" HC="0.72" NOx="3.66" PMx="0.19" fuel="3.87" electricity="0.00" noise="71.69" route="routetop" type="cfm-fast" waiting="0.00" lane="left_0" pos="8.07" speed="21.64" angle="169.88" x="-2.72" y="46.39"/>
        <vehicle id="cfm-slow_0" eclass="HBEFA3/PC_G_EU4" CO2="14321.22" CO="219.21" HC="1.35" NOx="6.16" PMx="0.33" fuel="6.16" electricity="0.00" noise="74.75" route="routetop" type="cfm-slow" waiting="0.00" lane="left_0" pos="21.11" speed="22.31" angle="146.45" x="9.62" y="21.42"/>
        <vehicle id="cfm-slow_1" eclass="HBEFA3/PC_G_EU4" CO2="19427.94" CO="327.00" HC="1.97" NOx="8.53" PMx="0.46" fuel="8.35" electricity="0.00" noise="77.89" route="routetop" type="cfm-slow" waiting="0.00" lane="left_0" pos="38.84" speed="23.93" angle="114.63" x="40.05" y="-0.75"/>
        <vehicle id="cfm-slow_2" eclass="HBEFA3/PC_G_EU4" CO2="22915.28" CO="406.10" HC="2.42" NOx="10.12" PMx="0.56" fuel="9.85" electricity="0.00" noise="79.81" route="routebottom" type="cfm-slow" waiting="0.00" lane="bottom_0" pos="8.24" speed="26.17" angle="79.58" x="81.28" y="-2.63"/>
        <vehicle id="cfm-slow_3" eclass="HBEFA3/PC_G_EU4" CO2="20472.83" CO="368.36" HC="2.19" NOx="8.92" PMx="0.50" fuel="8.80" electricity="0.00" noise="78.52" route="routebottom" type="cfm-slow" waiting="0.00" lane="bottom_0" pos="29.94" speed="28.58" angle="40.60" x="119.07" y="23.23"/>
        <vehicle id="cfm-slow_4" eclass="HBEFA3/PC_G_EU4" CO2="9901.17" CO="162.29" HC="0.99" NOx="3.89" PMx="0.23" fuel="4.26" electricity="0.00" noise="74.93" route="routebottom" type="cfm-slow" waiting="0.00" lane="right_0" pos="4.06" speed="30.26" angle="357.22" x="131.70" y="72.48"/>
        <vehicle id="cfm-slow_5" eclass="HBEFA3/PC_G_EU4" CO2="0.00" CO="0.00" HC="0.00" NOx="0.00" PMx="0.00" fuel="0.00" electricity="0.00" noise="72.82" route="routebottom" type="cfm-slow" waiting="0.00" lane="right_0" pos="29.78" speed="30.33" angle="310.92" x="104.38" y="118.87"/>
    </timestep>
    <timestep time="4.68">
        <vehicle id="cfm-fast_0" eclass="HBEFA3/PC_G_EU4" CO2="0.00" CO="0.00" HC="0.00" NOx="0.00" PMx="0.00" fuel="0.00" electricity="0.00" noise="71.58" route="routetop" type="cfm-fast" waiting="0.00" lane="top_0" pos="5.92" speed="28.47" angle="263.77" x="50.90" y="131.07"/>
        <vehicle id="cfm-fast_1" eclass="HBEFA3/PC_G_EU4" CO2="156982.99" CO="3693.45" HC="20.79" NOx="72.80" PMx="4.30" fuel="67.48" electricity="0.00" noise="122.69" route="routetop" type="cfm-fast" waiting="0.00" lane="left_1" pos="10.50" speed="57.02" angle="165.58" x="1.88" y="42.50"/>
        <vehicle id="cfm-fast_2" eclass="HBEFA3/PC_G_EU4" CO2="0.00" CO="0.00" HC="0.00" NOx="0.00" PMx="0.00" fuel="0.00" electricity="0.00" noise="70.22" route="routetop" type="cfm-fast" waiting="0.00" lane="top_0" pos="26.20" speed="25.49" angle="227.37" x="13.37" y="110.32"/>
        <vehicle id="cfm-fast_3" eclass="HBEFA3/PC_G_EU4" CO2="0.00" CO="0.00" HC="0.00" NOx="0.00" PMx="0.00" fuel="0.00" electricity="0.00" noise="69.38" route="routetop" type="cfm-fast" waiting="0.00" lane="top_0" pos="42.98" speed="23.57" angle="197.19" x="-3.26" y="78.74"/>
        <vehicle id="cfm-fast_4" eclass="HBEFA3/PC_G_EU4" CO2="251157.53" CO="5839.24" HC="32.92" NOx="117.14" PMx="6.85" fuel="107.96" electricity="0.00" noise="145.42" route="routebottom" type="cfm-fast" waiting="0.00" lane="bottom_1" pos="12.28" speed="63.37" angle="72.39" x="88.24" y="3.16"/>
        <vehicle id="cfm-fast_5" eclass="HBEFA3/PC_G_EU4" CO2="9033.22" CO="109.88" HC="0.72" NOx="3.68" PMx="0.19" fuel="3.88" electricity="0.00" noise="71.71" route="routetop" type="cfm-fast" waiting="0.00" lane="left_0" pos="8.29" speed="21.65" angle="169.49" x="-2.60" y="45.94"/>
        <vehicle id="cfm-slow_0" eclass="HBEFA3/PC_G_EU4" CO2="14355.84" CO="219.94" HC="1.36" NOx="6.17" PMx="0.33" fuel="6.17" electricity="0.00" noise="74.78" route="routetop" type="cfm-slow" waiting="0.00" lane="left_0" pos="21.34" speed="22.33" angle="146.04" x="9.92" y="21.04"/>
        <vehicle id="cfm-slow_1" eclass="HBEFA3/PC_G_EU4" CO2="19449.07" CO="327.49" HC="1.97" NOx="8.54" PMx="0.46" fuel="8.36" electricity="0.00" noise="77.91" route="routetop" type="cfm-slow" waiting="0.00" lane="left_0" pos="39.08" speed="23.95" angle="114.19" x="40.53" y="-0.92"/>
        <vehicle id="cfm-slow_2" eclass="HBEFA3/PC_G_EU4" CO2="22884.15" CO="405.57" HC="2.42" NOx="10.11" PMx="0.56" fuel="9.84" electricity="0.00" noise="79.79" route="routebottom" type="cfm-slow" waiting="0.00" lane="bottom_0" pos="8.50" speed="26.20" angle="79.10" x="81.83" y="-2.48"/>
        <vehicle id="cfm-slow_3" eclass="HBEFA3/PC_G_EU4" CO2="20362.56" CO="366.21" HC="2.18" NOx="8.87" PMx="0.50" fuel="8.75" electricity="0.00" noise="78.47" route="routebottom" type="cfm-slow" waiting="0.00" lane="bottom_0" pos="30.23" speed="28.60" angle="40.07" x="119.43" y="23.73"/>
        <vehicle id="cfm-slow_4" eclass="HBEFA3/PC_G_EU4" CO2="9750.27" CO="159.22" HC="0.97" NOx="3.82" PMx="0.23" fuel="4.19" electricity="0.00" noise="74.90" route="routebottom" type="cfm-slow" waiting="0.00" lane="right_0" pos="4.37" speed="30.26" angle="356.67" x="131.61" y="73.12"/>
        <vehicle id="cfm-slow_5" eclass="HBEFA3/PC_G_EU4" CO2="0.00" CO="0.00" HC="0.00" NOx="0.00" PMx="0.00" fuel="0.00" electricity="0.00" noise="72.80" route="routebottom" type="cfm-slow" waiting="0.00" lane="right_0" pos="30.09" speed="30.32" angle="310.35" x="103.85" y="119.25"/>
    </timestep>
    <timestep time="4.69">
        <vehicle id="cfm-fast_0" eclass="HBEFA3/PC_G_EU4" CO2="0.00" CO="0.00" HC="0.00" NOx="0.00" PMx="0.00" fuel="0.00" electricity="0.00" noise="71.57" route="routetop" type="cfm-fast" waiting="0.00" lane="top_0" pos="6.21" speed="28.45" angle="263.24" x="50.30" y="130.96"/>
        <vehicle id="cfm-fast_1" eclass="HBEFA3/PC_G_EU4" CO2="157495.67" CO="3706.77" HC="20.86" NOx="73.04" PMx="4.32" fuel="67.70" electricity="0.00" noise="122.80" route="routetop" type="cfm-fast" waiting="0.00" lane="left_1" pos="11.07" speed="57.12" angle="164.52" x="2.28" y="41.40"/>
        <vehicle id="cfm-fast_2" eclass="HBEFA3/PC_G_EU4" CO2="0.00" CO="0.00" HC="0.00" NOx="0.00" PMx="0.00" fuel="0.00" electricity="0.00" noise="70.21" route="routetop" type="cfm-fast" waiting="0.00" lane="top_0" pos="26.45" speed="25.48" angle="226.89" x="13.00" y="109.91"/>
        <vehicle id="cfm-fast_3" eclass="HBEFA3/PC_G_EU4" CO2="0.00" CO="0.00" HC="0.00" NOx="0.00" PMx="0.00" fuel="0.00" electricity="0.00" noise="69.38" route="routetop" type="cfm-fast" waiting="0.00" lane="top_0" pos="43.22" speed="23.56" angle="196.77" x="-3.37" y="78.24"/>
        <vehicle id="cfm-fast_4" eclass="HBEFA3/PC_G_EU4" CO2="251760.35" CO="5856.47" HC="33.01" NOx="117.42" PMx="6.87" fuel="108.22" electricity="0.00" noise="145.49" route="routebottom" type="cfm-fast" waiting="0.00" lane="bottom_1" pos="12.91" speed="63.50" angle="71.30" x="89.45" y="3.65"/>
        <vehicle id="cfm-fast_5" eclass="HBEFA3/PC_G_EU4" CO2="9066.73" CO="110.57" HC="0.73" NOx="3.69" PMx="0.19" fuel="3.90" electricity="0.00" noise="71.73" route="routetop" type="cfm-fast" waiting="0.00" lane="left_0" pos="8.51" speed="21.66" angle="169.09" x="-2.48" y="45.49"/>
        <vehicle id="cfm-slow_0" eclass="HBEFA3/PC_G_EU4" CO2="14390.46" CO="220.67" HC="1.36" NOx="6.19" PMx="0.33" fuel="6.19" electricity="0.00" noise="74.80" route="routetop" type="cfm-slow" waiting="0.00" lane="left_0" pos="21.56" speed="22.35" angle="145.63" x="10.21" y="20.66"/>
        <vehicle id="cfm-slow_1" eclass="HBEFA3/PC_G_EU4" CO2="19469.86" CO="327.98" HC="1.98" NOx="8.55" PMx="0.46" fuel="8.37" electricity="0.00" noise="77.92" route="routetop" type="cfm-slow" waiting="0.00" lane="left_0" pos="39.32" speed="23.98" angle="113.75" x="41.02" y="-1.09"/>
        <vehicle id="cfm-slow_2" eclass="HBEFA3/PC_G_EU4" CO2="22852.40" CO="405.03" HC="2.41" NOx="10.09" PMx="0.56" fuel="9.82" electricity="0.00" noise="79.77" route="routebottom" type="cfm-slow" waiting="0.00" lane="bottom_0" pos="8.76" speed="26.22" angle="78.62" x="82.37" y="-2.34"/>
        <vehicle id="cfm-slow_3" eclass="HBEFA3/PC_G_EU4" CO2="20251.93" CO="364.06" HC="2.17" NOx="8.81" PMx="0.50" fuel="8.71" electricity="0.00" noise="78.42" route="routebottom" type="cfm-slow" waiting="0.00" lane="bottom_0" pos="30.51" speed="28.62" angle="39.55" x="119.79" y="24.23"/>
        <vehicle id="cfm-slow_4" eclass="HBEFA3/PC_G_EU4" CO2="9599.87" CO="156.16" HC="0.96" NOx="3.75" PMx="0.23" fuel="4.13" electricity="0.00" noise="74.86" route="routebottom" type="cfm-slow" waiting="0.00" lane="right_0" pos="4.67" speed="30.27" angle="356.13" x="131.52" y="73.77"/>
        <vehicle id="cfm-slow_5" eclass="HBEFA3/PC_G_EU4" CO2="0.00" CO="0.00" HC="0.00" NOx="0.00" PMx="0.00" fuel="0.00" electricity="0.00" noise="72.79" route="routebottom" type="cfm-slow" waiting="0.00" lane="right_0" pos="30.39" speed="30.31" angle="309.79" x="103.32" y="119.63"/>
    </timestep>
    <timestep time="4.70">
        <vehicle id="cfm-fast_0" eclass="HBEFA3/PC_G_EU4" CO2="0.00" CO="0.00" HC="0.00" NOx="0.00" PMx="0.00" fuel="0.00" electricity="0.00" noise="71.55" route="routetop" type="cfm-fast" waiting="0.00" lane="top_0" pos="6.49" speed="28.43" angle="262.77" x="49.70" y="130.84"/>
        <vehicle id="cfm-fast_1" eclass="HBEFA3/PC_G_EU4" CO2="158011.65" CO="3720.16" HC="20.93" NOx="73.28" PMx="4.33" fuel="67.92" electricity="0.00" noise="122.91" route="routetop" type="cfm-fast" waiting="0.00" lane="left_1" pos="11.64" speed="57.21" angle="163.52" x="2.68" y="40.30"/>
        <vehicle id="cfm-fast_2" eclass="HBEFA3/PC_G_EU4" CO2="0.00" CO="0.00" HC="0.00" NOx="0.00" PMx="0.00" fuel="0.00" electricity="0.00" noise="70.20" route="routetop" type="cfm-fast" waiting="0.00" lane="top_0" pos="26.71" speed="25.46" angle="226.42" x="12.63" y="109.51"/>
        <vehicle id="cfm-fast_3" eclass="HBEFA3/PC_G_EU4" CO2="0.00" CO="0.00" HC="0.00" NOx="0.00" PMx="0.00" fuel="0.00" electricity="0.00" noise="69.38" route="routetop" type="cfm-fast" waiting="0.00" lane="top_0" pos="43.45" speed="23.55" angle="196.35" x="-3.49" y="77.75"/>
        <vehicle id="cfm-fast_4" eclass="HBEFA3/PC_G_EU4" CO2="252363.47" CO="5873.72" HC="33.11" NOx="117.70" PMx="6.89" fuel="108.48" electricity="0.00" noise="145.56" route="routebottom" type="cfm-fast" waiting="0.00" lane="bottom_1" pos="13.55" speed="63.64" angle="70.13" x="90.64" y="4.19"/>
        <vehicle id="cfm-fast_5" eclass="HBEFA3/PC_G_EU4" CO2="9100.39" CO="111.27" HC="0.73" NOx="3.71" PMx="0.19" fuel="3.91" electricity="0.00" noise="71.75" route="routetop" type="cfm-fast" waiting="0.00" lane="left_0" pos="8.72" speed="21.67" angle="168.70" x="-2.36" y="45.04"/>
        <vehicle id="cfm-slow_0" eclass="HBEFA3/PC_G_EU4" CO2="14425.08" CO="221.40" HC="1.36" NOx="6.20" PMx="0.33" fuel="6.20" electricity="0.00" noise="74.82" route="routetop" type="cfm-slow" waiting="0.00" lane="left_0" pos="21.78" speed="22.37" angle="145.28" x="10.51" y="20.28"/>
        <vehicle id="cfm-slow_1" eclass="HBEFA3/PC_G_EU4" CO2="19490.31" CO="328.46" HC="1.98" NOx="8.56" PMx="0.46" fuel="8.38" electricity="0.00" noise="77.93" route="routetop" type="cfm-slow" waiting="0.00" lane="left_0" pos="39.56" speed="24.00" angle="113.31" x="41.50" y="-1.27"/>
        <vehicle id="cfm-slow_2" eclass="HBEFA3/PC_G_EU4" CO2="22820.04" CO="404.48" HC="2.41" NOx="10.08" PMx="0.56" fuel="9.81" electricity="0.00" noise="79.75" route="routebottom" type="cfm-slow" waiting="0.00" lane="bottom_0" pos="9.03" speed="26.25" angle="78.19" x="82.92" y="-2.19"/>
        <vehicle id="cfm-slow_3" eclass="HBEFA3/PC_G_EU4" CO2="20140.97" CO="361.90" HC="2.15" NOx="8.76" PMx="0.50" fuel="8.66" electricity="0.00" noise="78.37" route="routebottom" type="cfm-slow" waiting="0.00" lane="bottom_0" pos="30.80" speed="28.64" angle="39.08" x="120.15" y="24.73"/>
        <vehicle id="cfm-slow_4" eclass="HBEFA3/PC_G_EU4" CO2="9449.98" CO="153.11" HC="0.94" NOx="3.68" PMx="0.22" fuel="4.06" electricity="0.00" noise="74.82" route="routebottom" type="cfm-slow" waiting="0.00" lane="right_0" pos="4.97" speed="30.27" angle="355.58" x="131.43" y="74.41"/>
        <vehicle id="cfm-slow_5" eclass="HBEFA3/PC_G_EU4" CO2="0.00" CO="0.00" HC="0.00" NOx="0.00" PMx="0.00" fuel="0.00" electricity="0.00" noise="72.78" route="routebottom" type="cfm-slow" waiting="0.00" lane="right_0" pos="30.69" speed="30.30" angle="309.25" x="102.79" y="120.01"/>
    </timestep>
    <timestep time="4.71">
        <vehicle id="cfm-fast_0" eclass="HBEFA3/PC_G_EU4" CO2="0.00" CO="0.00" HC="0.00" NOx="0.00" PMx="0.00" fuel="0.00" electricity="0.00" noise="71.54" route="routetop" type="cfm-fast" waiting="0.00" lane="top_0" pos="6.78" speed="28.41" angle="262.24" x="49.11" y="130.70"/>
        <vehicle id="cfm-fast_1" eclass="HBEFA3/PC_G_EU4" CO2="158530.90" CO="3733.62" HC="21.01" NOx="73.52" PMx="4.35" fuel="68.14" electricity="0.00" noise="123.02" route="routetop" type="cfm-fast" waiting="0.00" lane="left_1" pos="12.21" speed="57.30" angle="162.49" x="3.12" y="39.21"/>
        <vehicle id="cfm-fast_2" eclass="HBEFA3/PC_G_EU4" CO2="0.00" CO="0.00" HC="0.00" NOx="0.00" PMx="0.00" fuel="0.00" electricity="0.00" noise="70.19" route="routetop" type="cfm-fast" waiting="0.00" lane="top_0" pos="26.96" speed="25.45" angle="226.01" x="12.26" y="109.10"/>
        <vehicle id="cfm-fast_3" eclass="HBEFA3/PC_G_EU4" CO2="0.00" CO="0.00" HC="0.00" NOx="0.00" PMx="0.00" fuel="0.00" electricity="0.00" noise="69.38" route="routetop" type="cfm-fast" waiting="0.00" lane="top_0" pos="43.69" speed="23.54" angle="195.98" x="-3.59" y="77.26"/>
        <vehicle id="cfm-fast_4" eclass="HBEFA3/PC_G_EU4" CO2="252966.88" CO="5890.99" HC="33.20" NOx="117.99" PMx="6.91" fuel="108.74" electricity="0.00" noise="145.62" route="routebottom" type="cfm-fast" waiting="0.00" lane="bottom_1" pos="14.19" speed="63.77" angle="69.01" x="91.82" y="4.73"/>
        <vehicle id="cfm-fast_5" eclass="HBEFA3/PC_G_EU4" CO2="9134.21" CO="111.97" HC="0.73" NOx="3.72" PMx="0.19" fuel="3.93" electricity="0.00" noise="71.77" route="routetop" type="cfm-fast" waiting="0.00" lane="left_0" pos="8.94" speed="21.68" angle="168.35" x="-2.24" y="44.59"/>
        <vehicle id="cfm-slow_0" eclass="HBEFA3/PC_G_EU4" CO2="14459.69" CO="222.13" HC="1.37" NOx="6.22" PMx="0.33" fuel="6.22" electricity="0.00" noise="74.84" route="routetop" type="cfm-slow" waiting="0.00" lane="left_0" pos="22.01" speed="22.39" angle="144.86" x="10.82" y="19.91"/>
        <vehicle id="cfm-slow_1" eclass="HBEFA3/PC_G_EU4" CO2="19510.42" CO="328.93" HC="1.98" NOx="8.57" PMx="0.47" fuel="8.39" electricity="0.00" noise="77.94" route="routetop" type="cfm-slow" waiting="0.00" lane="left_0" pos="39.80" speed="24.03" angle="112.93" x="41.99" y="-1.44"/>
        <vehicle id="cfm-slow_2" eclass="HBEFA3/PC_G_EU4" CO2="22787.07" CO="403.91" HC="2.41" NOx="10.06" PMx="0.56" fuel="9.80" electricity="0.00" noise="79.73" route="routebottom" type="cfm-slow" waiting="0.00" lane="bottom_0" pos="9.29" speed="26.28" angle="77.71" x="83.46" y="-2.02"/>
        <vehicle id="cfm-slow_3" eclass="HBEFA3/PC_G_EU4" CO2="20029.66" CO="359.73" HC="2.14" NOx="8.71" PMx="0.49" fuel="8.61" electricity="0.00" noise="78.32" route="routebottom" type="cfm-slow" waiting="0.00" lane="bottom_0" pos="31.09" speed="28.66" angle="38.57" x="120.50" y="25.24"/>
        <vehicle id="cfm-slow_4" eclass="HBEFA3/PC_G_EU4" CO2="9300.61" CO="150.07" HC="0.92" NOx="3.61" PMx="0.22" fuel="4.00" electricity="0.00" noise="74.78" route="routebottom" type="cfm-slow" waiting="0.00" lane="right_0" pos="5.27" speed="30.28" angle="354.98" x="131.32" y="75.05"/>
        <vehicle id="cfm-slow_5" eclass="HBEFA3/PC_G_EU4" CO2="0.00" CO="0.00" HC="0.00" NOx="0.00" PMx="0.00" fuel="0.00" electricity="0.00" noise="72.76" route="routebottom" type="cfm-slow" waiting="0.00" lane="right_0" pos="31.00" speed="30.29" angle="308.74" x="102.25" y="120.38"/>
    </timestep>
    <timestep time="4.72">
        <vehicle id="cfm-fast_0" eclass="HBEFA3/PC_G_EU4" CO2="0.00" CO="0.00" HC="0.00" NOx="0.00" PMx="0.00" fuel="0.00" electricity="0.00" noise="71.53" route="routetop" type="cfm-fast" waiting="0.00" lane="top_0" pos="7.06" speed="28.39" angle="261.70" x="48.51" y="130.57"/>
        <vehicle id="cfm-fast_1" eclass="HBEFA3/PC_G_EU4" CO2="159053.37" CO="3747.17" HC="21.08" NOx="73.77" PMx="4.36" fuel="68.37" electricity="0.00" noise="123.13" route="routetop" type="cfm-fast" waiting="0.00" lane="left_1" pos="12.79" speed="57.39" angle="161.51" x="3.55" y="38.11"/>
        <vehicle id="cfm-fast_2" eclass="HBEFA3/PC_G_EU4" CO2="0.00" CO="0.00" HC="0.00" NOx="0.00" PMx="0.00" fuel="0.00" electricity="0.00" noise="70.18" route="routetop" type="cfm-fast" waiting="0.00" lane="top_0" pos="27.21" speed="25.43" angle="225.53" x="11.91" y="108.69"/>
        <vehicle id="cfm-fast_3" eclass="HBEFA3/PC_G_EU4" CO2="0.00" CO="0.00" HC="0.00" NOx="0.00" PMx="0.00" fuel="0.00" electricity="0.00" noise="69.39" route="routetop" type="cfm-fast" waiting="0.00" lane="top_0" pos="43.92" speed="23.53" angle="195.54" x="-3.68" y="76.76"/>
        <vehicle id="cfm-fast_4" eclass="HBEFA3/PC_G_EU4" CO2="253570.58" CO="5908.28" HC="33.29" NOx="118.27" PMx="6.92" fuel="109.00" electricity="0.00" noise="145.69" route="routebottom" type="cfm-fast" waiting="0.00" lane="bottom_1" pos="14.82" speed="63.91" angle="67.81" x="93.00" y="5.32"/>
        <vehicle id="cfm-fast_5" eclass="HBEFA3/PC_G_EU4" CO2="9168.18" CO="112.67" HC="0.74" NOx="3.74" PMx="0.19" fuel="3.94" electricity="0.00" noise="71.79" route="routetop" type="cfm-fast" waiting="0.00" lane="left_0" pos="9.16" speed="21.69" angle="167.95" x="-2.10" y="44.14"/>
        <vehicle id="cfm-slow_0" eclass="HBEFA3/PC_G_EU4" CO2="14494.28" CO="222.87" HC="1.37" NOx="6.24" PMx="0.33" fuel="6.23" electricity="0.00" noise="74.87" route="routetop" type="cfm-slow" waiting="0.00" lane="left_0" pos="22.23" speed="22.41" angle="144.44" x="11.13" y="19.55"/>
        <vehicle id="cfm-slow_1" eclass="HBEFA3/PC_G_EU4" CO2="19530.17" CO="329.40" HC="1.98" NOx="8.57" PMx="0.47" fuel="8.40" electricity="0.00" noise="77.95" route="routetop" type="cfm-slow" waiting="0.00" lane="left_0" pos="40.04" speed="24.05" angle="112.48" x="42.49" y="-1.59"/>
        <vehicle id="cfm-slow_2" eclass="HBEFA3/PC_G_EU4" CO2="22753.48" CO="403.34" HC="2.40" NOx="10.04" PMx="0.56" fuel="9.78" electricity="0.00" noise="79.71" route="routebottom" type="cfm-slow" waiting="0.00" lane="bottom_0" pos="9.55" speed="26.30" angle="77.22" x="84.00" y="-1.85"/>
        <vehicle id="cfm-slow_3" eclass="HBEFA3/PC_G_EU4" CO2="19918.02" CO="357.55" HC="2.13" NOx="8.65" PMx="0.49" fuel="8.56" electricity="0.00" noise="78.27" route="routebottom" type="cfm-slow" waiting="0.00" lane="bottom_0" pos="31.37" speed="28.68" angle="38.05" x="120.84" y="25.75"/>
        <vehicle id="cfm-slow_4" eclass="HBEFA3/PC_G_EU4" CO2="9151.76" CO="147.03" HC="0.90" NOx="3.54" PMx="0.22" fuel="3.93" electricity="0.00" noise="74.75" route="routebottom" type="cfm-slow" waiting="0.00" lane="right_0" pos="5.58" speed="30.28" angle="354.41" x="131.20" y="75.69"/>
        <vehicle id="cfm-slow_5" eclass="HBEFA3/PC_G_EU4" CO2="0.00" CO="0.00" HC="0.00" NOx="0.00" PMx="0.00" fuel="0.00" electricity="0.00" noise="72.75" route="routebottom" type="cfm-slow" waiting="0.00" lane="right_0" pos="31.30" speed="30.27" angle="308.19" x="101.71" y="120.74"/>
    </timestep>
    <timestep time="4.73">
        <vehicle id="cfm-fast_0" eclass="HBEFA3/PC_G_EU4" CO2="0.00" CO="0.00" HC="0.00" NOx="0.00" PMx="0.00" fuel="0.00" electricity="0.00" noise="71.52" route="routetop" type="cfm-fast" waiting="0.00" lane="top_0" pos="7.34" speed="28.37" angle="261.17" x="47.91" y="130.43"/>
        <vehicle id="cfm-fast_1" eclass="HBEFA3/PC_G_EU4" CO2="159579.04" CO="3760.80" HC="21.16" NOx="74.01" PMx="4.38" fuel="68.60" electricity="0.00" noise="123.24" route="routetop" type="cfm-fast" waiting="0.00" lane="left_1" pos="13.36" speed="57.48" angle="160.47" x="4.03" y="37.04"/>
        <vehicle id="cfm-fast_2" eclass="HBEFA3/PC_G_EU4" CO2="0.00" CO="0.00" HC="0.00" NOx="0.00" PMx="0.00" fuel="0.00" electricity="0.00" noise="70.18" route="routetop" type="cfm-fast" waiting="0.00" lane="top_0" pos="27.47" speed="25.42" angle="225.06" x="11.55" y="108.27"/>
        <vehicle id="cfm-fast_3" eclass="HBEFA3/PC_G_EU4" CO2="0.00" CO="0.00" HC="0.00" NOx="0.00" PMx="0.00" fuel="0.00" electricity="0.00" noise="69.39" route="routetop" type="cfm-fast" waiting="0.00" lane="top_0" pos="44.16" speed="23.52" angle="195.10" x="-3.78" y="76.26"/>
        <vehicle id="cfm-fast_4" eclass="HBEFA3/PC_G_EU4" CO2="254174.57" CO="5925.60" HC="33.39" NOx="118.55" PMx="6.94" fuel="109.26" electricity="0.00" noise="145.75" route="routebottom" type="cfm-fast" waiting="0.00" lane="bottom_1" pos="15.47" speed="64.05" angle="66.69" x="94.17" y="5.91"/>
        <vehicle id="cfm-fast_5" eclass="HBEFA3/PC_G_EU4" CO2="9202.29" CO="113.38" HC="0.74" NOx="3.75" PMx="0.19" fuel="3.96" electricity="0.00" noise="71.81" route="routetop" type="cfm-fast" waiting="0.00" lane="left_0" pos="9.37" speed="21.70" angle="167.55" x="-1.97" y="43.70"/>
        <vehicle id="cfm-slow_0" eclass="HBEFA3/PC_G_EU4" CO2="14528.86" CO="223.60" HC="1.38" NOx="6.25" PMx="0.33" fuel="6.25" electricity="0.00" noise="74.89" route="routetop" type="cfm-slow" waiting="0.00" lane="left_0" pos="22.46" speed="22.42" angle="144.02" x="11.44" y="19.18"/>
        <vehicle id="cfm-slow_1" eclass="HBEFA3/PC_G_EU4" CO2="19549.57" CO="329.86" HC="1.99" NOx="8.58" PMx="0.47" fuel="8.40" electricity="0.00" noise="77.96" route="routetop" type="cfm-slow" waiting="0.00" lane="left_0" pos="40.28" speed="24.07" angle="112.03" x="42.98" y="-1.75"/>
        <vehicle id="cfm-slow_2" eclass="HBEFA3/PC_G_EU4" CO2="22719.28" CO="402.75" HC="2.40" NOx="10.03" PMx="0.56" fuel="9.77" electricity="0.00" noise="79.69" route="routebottom" type="cfm-slow" waiting="0.00" lane="bottom_0" pos="9.81" speed="26.33" angle="76.74" x="84.54" y="-1.69"/>
        <vehicle id="cfm-slow_3" eclass="HBEFA3/PC_G_EU4" CO2="19806.06" CO="355.37" HC="2.11" NOx="8.60" PMx="0.49" fuel="8.51" electricity="0.00" noise="78.22" route="routebottom" type="cfm-slow" waiting="0.00" lane="bottom_0" pos="31.66" speed="28.70" angle="37.53" x="121.18" y="26.27"/>
        <vehicle id="cfm-slow_4" eclass="HBEFA3/PC_G_EU4" CO2="9003.43" CO="144.01" HC="0.89" NOx="3.47" PMx="0.21" fuel="3.87" electricity="0.00" noise="74.71" route="routebottom" type="cfm-slow" waiting="0.00" lane="right_0" pos="5.88" speed="30.28" angle="353.84" x="131.08" y="76.33"/>
        <vehicle id="cfm-slow_5" eclass="HBEFA3/PC_G_EU4" CO2="0.00" CO="0.00" HC="0.00" NOx="0.00" PMx="0.00" fuel="0.00" electricity="0.00" noise="72.74" route="routebottom" type="cfm-slow" waiting="0.00" lane="right_0" pos="31.60" speed="30.26" angle="307.65" x="101.17" y="121.11"/>
    </timestep>
    <timestep time="4.74">
        <vehicle id="cfm-fast_0" eclass="HBEFA3/PC_G_EU4" CO2="0.00" CO="0.00" HC="0.00" NOx="0.00" PMx="0.00" fuel="0.00" electricity="0.00" noise="71.51" route="routetop" type="cfm-fast" waiting="0.00" lane="top_0" pos="7.63" speed="28.35" angle="260.69" x="47.32" y="130.30"/>
        <vehicle id="cfm-fast_1" eclass="HBEFA3/PC_G_EU4" CO2="160107.85" CO="3774.50" HC="21.23" NOx="74.26" PMx="4.39" fuel="68.82" electricity="0.00" noise="123.36" route="routetop" type="cfm-fast" waiting="0.00" lane="left_1" pos="13.94" speed="57.58" angle="159.41" x="4.52" y="35.96"/>
        <vehicle id="cfm-fast_2" eclass="HBEFA3/PC_G_EU4" CO2="0.00" CO="0.00" HC="0.00" NOx="0.00" PMx="0.00" fuel="0.00" electricity="0.00" noise="70.17" route="routetop" type="cfm-fast" waiting="0.00" lane="top_0" pos="27.72" speed="25.40" angle="224.58" x="11.20" y="107.86"/>
        <vehicle id="cfm-fast_3" eclass="HBEFA3/PC_G_EU4" CO2="0.00" CO="0.00" HC="0.00" NOx="0.00" PMx="0.00" fuel="0.00" electricity="0.00" noise="69.39" route="routetop" type="cfm-fast" waiting="0.00" lane="top_0" pos="44.39" speed="23.51" angle="194.66" x="-3.87" y="75.76"/>
        <vehicle id="cfm-fast_4" eclass="HBEFA3/PC_G_EU4" CO2="254778.85" CO="5942.94" HC="33.48" NOx="118.83" PMx="6.96" fuel="109.52" electricity="0.00" noise="145.82" route="routebottom" type="cfm-fast" waiting="0.00" lane="bottom_1" pos="16.11" speed="64.18" angle="65.52" x="95.32" y="6.55"/>
        <vehicle id="cfm-fast_5" eclass="HBEFA3/PC_G_EU4" CO2="9236.56" CO="114.09" HC="0.75" NOx="3.77" PMx="0.19" fuel="3.97" electricity="0.00" noise="71.83" route="routetop" type="cfm-fast" waiting="0.00" lane="left_0" pos="9.59" speed="21.71" angle="167.15" x="-1.83" y="43.25"/>
        <vehicle id="cfm-slow_0" eclass="HBEFA3/PC_G_EU4" CO2="14563.41" CO="224.33" HC="1.38" NOx="6.27" PMx="0.33" fuel="6.26" electricity="0.00" noise="74.91" route="routetop" type="cfm-slow" waiting="0.00" lane="left_0" pos="22.68" speed="22.44" angle="143.61" x="11.76" y="18.81"/>
        <vehicle id="cfm-slow_1" eclass="HBEFA3/PC_G_EU4" CO2="19568.62" CO="330.31" HC="1.99" NOx="8.59" PMx="0.47" fuel="8.41" electricity="0.00" noise="77.97" route="routetop" type="cfm-slow" waiting="0.00" lane="left_0" pos="40.52" speed="24.10" angle="111.58" x="43.48" y="-1.90"/>
        <vehicle id="cfm-slow_2" eclass="HBEFA3/PC_G_EU4" CO2="22684.47" CO="402.14" HC="2.40" NOx="10.01" PMx="0.55" fuel="9.75" electricity="0.00" noise="79.66" route="routebottom" type="cfm-slow" waiting="0.00" lane="bottom_0" pos="10.08" speed="26.36" angle="76.25" x="85.08" y="-1.52"/>
        <vehicle id="cfm-slow_3" eclass="HBEFA3/PC_G_EU4" CO2="19693.78" CO="353.18" HC="2.10" NOx="8.55" PMx="0.48" fuel="8.47" electricity="0.00" noise="78.17" route="routebottom" type="cfm-slow" waiting="0.00" lane="bottom_0" pos="31.95" speed="28.72" angle="37.03" x="121.53" y="26.78"/>
        <vehicle id="cfm-slow_4" eclass="HBEFA3/PC_G_EU4" CO2="8855.63" CO="140.99" HC="0.87" NOx="3.40" PMx="0.21" fuel="3.81" electricity="0.00" noise="74.68" route="routebottom" type="cfm-slow" waiting="0.00" lane="right_0" pos="6.18" speed="30.29" angle="353.28" x="130.96" y="76.97"/>
        <vehicle id="cfm-slow_5" eclass="HBEFA3/PC_G_EU4" CO2="0.00" CO="0.00" HC="0.00" NOx="0.00" PMx="0.00" fuel="0.00" electricity="0.00" noise="72.73" route="routebottom" type="cfm-slow" waiting="0.00" lane="right_0" pos="31.90" speed="30.25" angle="307.10" x="100.63" y="121.47"/>
    </timestep>
    <timestep time="4.75">
        <vehicle id="cfm-fast_0" eclass="HBEFA3/PC_G_EU4" CO2="0.00" CO="0.00" HC="0.00" NOx="0.00" PMx="0.00" fuel="0.00" electricity="0.00" noise="71.50" route="routetop" type="cfm-fast" waiting="0.00" lane="top_0" pos="7.91" speed="28.33" angle="260.19" x="46.73" y="130.14"/>
        <vehicle id="cfm-fast_1" eclass="HBEFA3/PC_G_EU4" CO2="160639.77" CO="3788.27" HC="21.31" NOx="74.51" PMx="4.41" fuel="69.05" electricity="0.00" noise="123.47" route="routetop" type="cfm-fast" waiting="0.00" lane="left_1" pos="14.51" speed="57.67" angle="158.40" x="5.03" y="34.89"/>
        <vehicle id="cfm-fast_2" eclass="HBEFA3/PC_G_EU4" CO2="0.00" CO="0.00" HC="0.00" NOx="0.00" PMx="0.00" fuel="0.00" electricity="0.00" noise="70.16" route="routetop" type="cfm-fast" waiting="0.00" lane="top_0" pos="27.98" speed="25.39" angle="224.11" x="10.84" y="107.44"/>
        <vehicle id="cfm-fast_3" eclass="HBEFA3/PC_G_EU4" CO2="0.00" CO="0.00" HC="0.00" NOx="0.00" PMx="0.00" fuel="0.00" electricity="0.00" noise="69.39" route="routetop" type="cfm-fast" waiting="0.00" lane="top_0" pos="44.63" speed="23.50" angle="194.22" x="-3.96" y="75.27"/>
        <vehicle id="cfm-fast_4" eclass="HBEFA3/PC_G_EU4" CO2="255383.42" CO="5960.29" HC="33.58" NOx="119.12" PMx="6.98" fuel="109.78" electricity="0.00" noise="145.89" route="routebottom" type="cfm-fast" waiting="0.00" lane="bottom_1" pos="16.75" speed="64.32" angle="64.39" x="96.47" y="7.19"/>
        <vehicle id="cfm-fast_5" eclass="HBEFA3/PC_G_EU4" CO2="9270.97" CO="114.80" HC="0.75" NOx="3.79" PMx="0.19" fuel="3.99" electricity="0.00" noise="71.85" route="routetop" type="cfm-fast" waiting="0.00" lane="left_0" pos="9.81" speed="21.72" angle="166.75" x="-1.69" y="42.80"/>
        <vehicle id="cfm-slow_0" eclass="HBEFA3/PC_G_EU4" CO2="14597.94" CO="225.06" HC="1.39" NOx="6.28" PMx="0.33" fuel="6.27" electricity="0.00" noise="74.93" route="routetop" type="cfm-slow" waiting="0.00" lane="left_0" pos="22.90" speed="22.46" angle="143.19" x="12.07" y="18.44"/>
        <vehicle id="cfm-slow_1" eclass="HBEFA3/PC_G_EU4" CO2="19587.30" CO="330.76" HC="1.99" NOx="8.60" PMx="0.47" fuel="8.42" electricity="0.00" noise="77.98" route="routetop" type="cfm-slow" waiting="0.00" lane="left_0" pos="40.76" speed="24.12" angle="111.12" x="43.97" y="-2.05"/>
        <vehicle id="cfm-slow_2" eclass="HBEFA3/PC_G_EU4" CO2="22649.04" CO="401.53" HC="2.39" NOx="9.99" PMx="0.55" fuel="9.74" electricity="0.00" noise="79.64" route="routebottom" type="cfm-slow" waiting="0.00" lane="bottom_0" pos="10.34" speed="26.38" angle="75.84" x="85.62" y="-1.34"/>
        <vehicle id="cfm-slow_3" eclass="HBEFA3/PC_G_EU4" CO2="19581.19" CO="350.98" HC="2.09" NOx="8.49" PMx="0.48" fuel="8.42" electricity="0.00" noise="78.12" route="routebottom" type="cfm-slow" waiting="0.00" lane="bottom_0" pos="32.23" speed="28.74" angle="36.56" x="121.85" y="27.30"/>
        <vehicle id="cfm-slow_4" eclass="HBEFA3/PC_G_EU4" CO2="8708.37" CO="137.99" HC="0.85" NOx="3.33" PMx="0.20" fuel="3.74" electricity="0.00" noise="74.64" route="routebottom" type="cfm-slow" waiting="0.00" lane="right_0" pos="6.48" speed="30.29" angle="352.77" x="130.84" y="77.61"/>
        <vehicle id="cfm-slow_5" eclass="HBEFA3/PC_G_EU4" CO2="0.00" CO="0.00" HC="0.00" NOx="0.00" PMx="0.00" fuel="0.00" electricity="0.00" noise="72.71" route="routebottom" type="cfm-slow" waiting="0.00" lane="right_0" pos="32.21" speed="30.23" angle="306.61" x="100.08" y="121.82"/>
    </timestep>
    <timestep time="4.76">
        <vehicle id="cfm-fast_0" eclass="HBEFA3/PC_G_EU4" CO2="0.00" CO="0.00" HC="0.00" NOx="0.00" PMx="0.00" fuel="0.00" electricity="0.00" noise="71.49" route="routetop" type="cfm-fast" waiting="0.00" lane="top_0" pos="8.19" speed="28.31" angle="259.67" x="46.14" y="129.99"/>
        <vehicle id="cfm-fast_1" eclass="HBEFA3/PC_G_EU4" CO2="161174.76" CO="3802.13" HC="21.39" NOx="74.76" PMx="4.42" fuel="69.28" electricity="0.00" noise="123.59" route="routetop" type="cfm-fast" waiting="0.00" lane="left_1" pos="15.09" speed="57.76" angle="157.33" x="5.56" y="33.84"/>
        <vehicle id="cfm-fast_2" eclass="HBEFA3/PC_G_EU4" CO2="0.00" CO="0.00" HC="0.00" NOx="0.00" PMx="0.00" fuel="0.00" electricity="0.00" noise="70.15" route="routetop" type="cfm-fast" waiting="0.00" lane="top_0" pos="28.23" speed="25.37" angle="223.70" x="10.49" y="107.02"/>
        <vehicle id="cfm-fast_3" eclass="HBEFA3/PC_G_EU4" CO2="0.00" CO="0.00" HC="0.00" NOx="0.00" PMx="0.00" fuel="0.00" electricity="0.00" noise="69.40" route="routetop" type="cfm-fast" waiting="0.00" lane="top_0" pos="44.86" speed="23.49" angle="193.83" x="-4.05" y="74.77"/>
        <vehicle id="cfm-fast_4" eclass="HBEFA3/PC_G_EU4" CO2="255988.29" CO="5977.67" HC="33.67" NOx="119.40" PMx="6.99" fuel="110.04" electricity="0.00" noise="145.95" route="routebottom" type="cfm-fast" waiting="0.00" lane="bottom_1" pos="17.39" speed="64.46" angle="63.17" x="97.60" y="7.88"/>
        <vehicle id="cfm-fast_5" eclass="HBEFA3/PC_G_EU4" CO2="9305.51" CO="115.52" HC="0.75" NOx="3.80" PMx="0.19" fuel="4.00" electricity="0.00" noise="71.87" route="routetop" type="cfm-fast" waiting="0.00" lane="left_0" pos="10.03" speed="21.73" angle="166.34" x="-1.55" y="42.36"/>
        <vehicle id="cfm-slow_0" eclass="HBEFA3/PC_G_EU4" CO2="14632.44" CO="225.79" HC="1.39" NOx="6.30" PMx="0.34" fuel="6.29" electricity="0.00" noise="74.96" route="routetop" type="cfm-slow" waiting="0.00" lane="left_0" pos="23.13" speed="22.48" angle="142.84" x="12.39" y="18.08"/>
        <vehicle id="cfm-slow_1" eclass="HBEFA3/PC_G_EU4" CO2="19605.62" CO="331.19" HC="1.99" NOx="8.61" PMx="0.47" fuel="8.43" electricity="0.00" noise="77.99" route="routetop" type="cfm-slow" waiting="0.00" lane="left_0" pos="41.00" speed="24.15" angle="110.71" x="44.47" y="-2.21"/>
        <vehicle id="cfm-slow_2" eclass="HBEFA3/PC_G_EU4" CO2="22613.00" CO="400.90" HC="2.39" NOx="9.98" PMx="0.55" fuel="9.72" electricity="0.00" noise="79.62" route="routebottom" type="cfm-slow" waiting="0.00" lane="bottom_0" pos="10.61" speed="26.41" angle="75.34" x="86.15" y="-1.15"/>
        <vehicle id="cfm-slow_3" eclass="HBEFA3/PC_G_EU4" CO2="19468.29" CO="348.78" HC="2.08" NOx="8.44" PMx="0.48" fuel="8.37" electricity="0.00" noise="78.07" route="routebottom" type="cfm-slow" waiting="0.00" lane="bottom_0" pos="32.52" speed="28.76" angle="36.02" x="122.17" y="27.84"/>
        <vehicle id="cfm-slow_4" eclass="HBEFA3/PC_G_EU4" CO2="8561.65" CO="135.00" HC="0.83" NOx="3.26" PMx="0.20" fuel="3.68" electricity="0.00" noise="74.61" route="routebottom" type="cfm-slow" waiting="0.00" lane="right_0" pos="6.79" speed="30.30" angle="352.21" x="130.69" y="78.25"/>
        <vehicle id="cfm-slow_5" eclass="HBEFA3/PC_G_EU4" CO2="0.00" CO="0.00" HC="0.00" NOx="0.00" PMx="0.00" fuel="0.00" electricity="0.00" noise="72.70" route="routebottom" type="cfm-slow" waiting="0.00" lane="right_0" pos="32.51" speed="30.22" angle="306.04" x="99.52" y="122.15"/>
    </timestep>
    <timestep time="4.77">
        <vehicle id="cfm-fast_0" eclass="HBEFA3/PC_G_EU4" CO2="0.00" CO="0.00" HC="0.00" NOx="0.00" PMx="0.00" fuel="0.00" electricity="0.00" noise="71.48" route="routetop" type="cfm-fast" waiting="0.00" lane="top_0" pos="8.48" speed="28.29" angle="259.15" x="45.55" y="129.83"/>
        <vehicle id="cfm-fast_1" eclass="HBEFA3/PC_G_EU4" CO2="161712.78" CO="3816.05" HC="21.46" NOx="75.01" PMx="4.44" fuel="69.51" electricity="0.00" noise="123.70" route="routetop" type="cfm-fast" waiting="0.00" lane="left_1" pos="15.67" speed="57.86" angle="156.33" x="6.12" y="32.79"/>
        <vehicle id="cfm-fast_2" eclass="HBEFA3/PC_G_EU4" CO2="0.00" CO="0.00" HC="0.00" NOx="0.00" PMx="0.00" fuel="0.00" electricity="0.00" noise="70.15" route="routetop" type="cfm-fast" waiting="0.00" lane="top_0" pos="28.48" speed="25.36" angle="223.24" x="10.15" y="106.60"/>
        <vehicle id="cfm-fast_3" eclass="HBEFA3/PC_G_EU4" CO2="0.00" CO="0.00" HC="0.00" NOx="0.00" PMx="0.00" fuel="0.00" electricity="0.00" noise="69.40" route="routetop" type="cfm-fast" waiting="0.00" lane="top_0" pos="45.10" speed="23.48" angle="193.43" x="-4.12" y="74.27"/>
        <vehicle id="cfm-fast_4" eclass="HBEFA3/PC_G_EU4" CO2="256593.45" CO="5995.08" HC="33.77" NOx="119.68" PMx="7.01" fuel="110.30" electricity="0.00" noise="146.02" route="routebottom" type="cfm-fast" waiting="0.00" lane="bottom_1" pos="18.04" speed="64.59" angle="62.02" x="98.73" y="8.57"/>
        <vehicle id="cfm-fast_5" eclass="HBEFA3/PC_G_EU4" CO2="9340.20" CO="116.24" HC="0.76" NOx="3.82" PMx="0.20" fuel="4.01" electricity="0.00" noise="71.89" route="routetop" type="cfm-fast" waiting="0.00" lane="left_0" pos="10.24" speed="21.74" angle="166.01" x="-1.41" y="41.91"/>
        <vehicle id="cfm-slow_0" eclass="HBEFA3/PC_G_EU4" CO2="14666.91" CO="226.52" HC="1.39" NOx="6.31" PMx="0.34" fuel="6.30" electricity="0.00" noise="74.98" route="routetop" type="cfm-slow" waiting="0.00" lane="left_0" pos="23.35" speed="22.50" angle="142.44" x="12.71" y="17.72"/>
        <vehicle id="cfm-slow_1" eclass="HBEFA3/PC_G_EU4" CO2="19623.57" CO="331.63" HC="2.00" NOx="8.62" PMx="0.47" fuel="8.44" electricity="0.00" noise="78.00" route="routetop" type="cfm-slow" waiting="0.00" lane="left_0" pos="41.24" speed="24.17" angle="110.29" x="44.97" y="-2.34"/>
        <vehicle id="cfm-slow_2" eclass="HBEFA3/PC_G_EU4" CO2="22576.36" CO="400.26" HC="2.39" NOx="9.96" PMx="0.55" fuel="9.70" electricity="0.00" noise="79.60" route="routebottom" type="cfm-slow" waiting="0.00" lane="bottom_0" pos="10.87" speed="26.43" angle="74.85" x="86.69" y="-0.96"/>
        <vehicle id="cfm-slow_3" eclass="HBEFA3/PC_G_EU4" CO2="19355.09" CO="346.56" HC="2.06" NOx="8.39" PMx="0.48" fuel="8.32" electricity="0.00" noise="78.02" route="routebottom" type="cfm-slow" waiting="0.00" lane="bottom_0" pos="32.81" speed="28.78" angle="35.48" x="122.49" y="28.37"/>
        <vehicle id="cfm-slow_4" eclass="HBEFA3/PC_G_EU4" CO2="8415.47" CO="132.01" HC="0.82" NOx="3.19" PMx="0.20" fuel="3.62" electricity="0.00" noise="74.57" route="routebottom" type="cfm-slow" waiting="0.00" lane="right_0" pos="7.09" speed="30.30" angle="351.64" x="130.55" y="78.89"/>
        <vehicle id="cfm-slow_5" eclass="HBEFA3/PC_G_EU4" CO2="0.00" CO="0.00" HC="0.00" NOx="0.00" PMx="0.00" fuel="0.00" electricity="0.00" noise="72.69" route="routebottom" type="cfm-slow" waiting="0.00" lane="right_0" pos="32.81" speed="30.21" angle="305.47" x="98.96" y="122.48"/>
    </timestep>
    <timestep time="4.78">
        <vehicle id="cfm-fast_0" eclass="HBEFA3/PC_G_EU4" CO2="0.00" CO="0.00" HC="0.00" NOx="0.00" PMx="0.00" fuel="0.00" electricity="0.00" noise="71.46" route="routetop" type="cfm-fast" waiting="0.00" lane="top_0" pos="8.76" speed="28.27" angle="258.63" x="44.97" y="129.67"/>
        <vehicle id="cfm-fast_1" eclass="HBEFA3/PC_G_EU4" CO2="162253.80" CO="3830.06" HC="21.54" NOx="75.27" PMx="4.45" fuel="69.74" electricity="0.00" noise="123.82" route="routetop" type="cfm-fast" waiting="0.00" lane="left_1" pos="16.25" speed="57.95" angle="155.26" x="6.69" y="31.75"/>
        <vehicle id="cfm-fast_2" eclass="HBEFA3/PC_G_EU4" CO2="0.00" CO="0.00" HC="0.00" NOx="0.00" PMx="0.00" fuel="0.00" electricity="0.00" noise="70.14" route="routetop" type="cfm-fast" waiting="0.00" lane="top_0" pos="28.74" speed="25.34" angle="222.78" x="9.82" y="106.17"/>
        <vehicle id="cfm-fast_3" eclass="HBEFA3/PC_G_EU4" CO2="0.00" CO="0.00" HC="0.00" NOx="0.00" PMx="0.00" fuel="0.00" electricity="0.00" noise="69.40" route="routetop" type="cfm-fast" waiting="0.00" lane="top_0" pos="45.33" speed="23.47" angle="192.99" x="-4.19" y="73.77"/>
        <vehicle id="cfm-fast_4" eclass="HBEFA3/PC_G_EU4" CO2="257198.90" CO="6012.50" HC="33.86" NOx="119.97" PMx="7.03" fuel="110.56" electricity="0.00" noise="146.08" route="routebottom" type="cfm-fast" waiting="0.00" lane="bottom_1" pos="18.69" speed="64.73" angle="60.79" x="99.84" y="9.30"/>
        <vehicle id="cfm-fast_5" eclass="HBEFA3/PC_G_EU4" CO2="9375.02" CO="116.96" HC="0.76" NOx="3.83" PMx="0.20" fuel="4.03" electricity="0.00" noise="71.91" route="routetop" type="cfm-fast" waiting="0.00" lane="left_0" pos="10.46" speed="21.75" angle="165.61" x="-1.26" y="41.47"/>
        <vehicle id="cfm-slow_0" eclass="HBEFA3/PC_G_EU4" CO2="14701.35" CO="227.25" HC="1.40" NOx="6.33" PMx="0.34" fuel="6.32" electricity="0.00" noise="75.00" route="routetop" type="cfm-slow" waiting="0.00" lane="left_0" pos="23.58" speed="22.52" angle="142.03" x="13.04" y="17.36"/>
        <vehicle id="cfm-slow_1" eclass="HBEFA3/PC_G_EU4" CO2="19641.16" CO="332.05" HC="2.00" NOx="8.62" PMx="0.47" fuel="8.44" electricity="0.00" noise="78.01" route="routetop" type="cfm-slow" waiting="0.00" lane="left_0" pos="41.49" speed="24.20" angle="109.83" x="45.47" y="-2.48"/>
        <vehicle id="cfm-slow_2" eclass="HBEFA3/PC_G_EU4" CO2="22539.10" CO="399.61" HC="2.38" NOx="9.94" PMx="0.55" fuel="9.69" electricity="0.00" noise="79.58" route="routebottom" type="cfm-slow" waiting="0.00" lane="bottom_0" pos="11.14" speed="26.46" angle="74.36" x="87.23" y="-0.76"/>
        <vehicle id="cfm-slow_3" eclass="HBEFA3/PC_G_EU4" CO2="19241.61" CO="344.35" HC="2.05" NOx="8.33" PMx="0.47" fuel="8.27" electricity="0.00" noise="77.97" route="routebottom" type="cfm-slow" waiting="0.00" lane="bottom_0" pos="33.10" speed="28.79" angle="34.94" x="122.80" y="28.90"/>
        <vehicle id="cfm-slow_4" eclass="HBEFA3/PC_G_EU4" CO2="8269.85" CO="129.03" HC="0.80" NOx="3.12" PMx="0.19" fuel="3.55" electricity="0.00" noise="74.54" route="routebottom" type="cfm-slow" waiting="0.00" lane="right_0" pos="7.39" speed="30.30" angle="351.07" x="130.41" y="79.52"/>
        <vehicle id="cfm-slow_5" eclass="HBEFA3/PC_G_EU4" CO2="0.00" CO="0.00" HC="0.00" NOx="0.00" PMx="0.00" fuel="0.00" electricity="0.00" noise="72.67" route="routebottom" type="cfm-slow" waiting="0.00" lane="right_0" pos="33.11" speed="30.19" angle="304.89" x="98.40" y="122.82"/>
    </timestep>
    <timestep time="4.79">
        <vehicle id="cfm-fast_0" eclass="HBEFA3/PC_G_EU4" CO2="0.00" CO="0.00" HC="0.00" NOx="0.00" PMx="0.00" fuel="0.00" electricity="0.00" noise="71.45" route="routetop" type="cfm-fast" waiting="0.00" lane="top_0" pos="9.04" speed="28.25" angle="258.18" x="44.38" y="129.51"/>
        <vehicle id="cfm-fast_1" eclass="HBEFA3/PC_G_EU4" CO2="162797.78" CO="3844.13" HC="21.62" NOx="75.52" PMx="4.47" fuel="69.98" electricity="0.00" noise="123.93" route="routetop" type="cfm-fast" waiting="0.00" lane="left_1" pos="16.83" speed="58.04" angle="154.24" x="7.28" y="30.71"/>
        <vehicle id="cfm-fast_2" eclass="HBEFA3/PC_G_EU4" CO2="0.00" CO="0.00" HC="0.00" NOx="0.00" PMx="0.00" fuel="0.00" electricity="0.00" noise="70.13" route="routetop" type="cfm-fast" waiting="0.00" lane="top_0" pos="28.99" speed="25.33" angle="222.32" x="9.48" y="105.74"/>
        <vehicle id="cfm-fast_3" eclass="HBEFA3/PC_G_EU4" CO2="0.00" CO="0.00" HC="0.00" NOx="0.00" PMx="0.00" fuel="0.00" electricity="0.00" noise="69.41" route="routetop" type="cfm-fast" waiting="0.00" lane="top_0" pos="45.57" speed="23.46" angle="192.56" x="-4.26" y="73.27"/>
        <vehicle id="cfm-fast_4" eclass="HBEFA3/PC_G_EU4" CO2="257804.64" CO="6029.94" HC="33.96" NOx="120.25" PMx="7.05" fuel="110.82" electricity="0.00" noise="146.15" route="routebottom" type="cfm-fast" waiting="0.00" lane="bottom_1" pos="19.34" speed="64.87" angle="59.63" x="100.94" y="10.05"/>
        <vehicle id="cfm-fast_5" eclass="HBEFA3/PC_G_EU4" CO2="9409.98" CO="117.69" HC="0.77" NOx="3.85" PMx="0.20" fuel="4.04" electricity="0.00" noise="71.93" route="routetop" type="cfm-fast" waiting="0.00" lane="left_0" pos="10.68" speed="21.76" angle="165.20" x="-1.10" y="41.03"/>
        <vehicle id="cfm-slow_0" eclass="HBEFA3/PC_G_EU4" CO2="14735.74" CO="227.98" HC="1.40" NOx="6.35" PMx="0.34" fuel="6.33" electricity="0.00" noise="75.02" route="routetop" type="cfm-slow" waiting="0.00" lane="left_0" pos="23.80" speed="22.54" angle="141.62" x="13.37" y="17.01"/>
        <vehicle id="cfm-slow_1" eclass="HBEFA3/PC_G_EU4" CO2="19658.37" CO="332.47" HC="2.00" NOx="8.63" PMx="0.47" fuel="8.45" electricity="0.00" noise="78.02" route="routetop" type="cfm-slow" waiting="0.00" lane="left_0" pos="41.73" speed="24.22" angle="109.38" x="45.98" y="-2.61"/>
        <vehicle id="cfm-slow_2" eclass="HBEFA3/PC_G_EU4" CO2="22501.24" CO="398.94" HC="2.38" NOx="9.92" PMx="0.55" fuel="9.67" electricity="0.00" noise="79.55" route="routebottom" type="cfm-slow" waiting="0.00" lane="bottom_0" pos="11.40" speed="26.49" angle="73.87" x="87.76" y="-0.57"/>
        <vehicle id="cfm-slow_3" eclass="HBEFA3/PC_G_EU4" CO2="19127.84" CO="342.12" HC="2.04" NOx="8.28" PMx="0.47" fuel="8.22" electricity="0.00" noise="77.92" route="routebottom" type="cfm-slow" waiting="0.00" lane="bottom_0" pos="33.39" speed="28.81" angle="34.46" x="123.12" y="29.43"/>
        <vehicle id="cfm-slow_4" eclass="HBEFA3/PC_G_EU4" CO2="8124.77" CO="126.07" HC="0.78" NOx="3.05" PMx="0.19" fuel="3.49" electricity="0.00" noise="74.51" route="routebottom" type="cfm-slow" waiting="0.00" lane="right_0" pos="7.70" speed="30.30" angle="350.58" x="130.26" y="80.16"/>
        <vehicle id="cfm-slow_5" eclass="HBEFA3/PC_G_EU4" CO2="0.00" CO="0.00" HC="0.00" NOx="0.00" PMx="0.00" fuel="0.00" electricity="0.00" noise="72.66" route="routebottom" type="cfm-slow" waiting="0.00" lane="right_0" pos="33.41" speed="30.18" angle="304.39" x="97.84" y="123.15"/>
    </timestep>
    <timestep time="4.80">
        <vehicle id="cfm-fast_0" eclass="HBEFA3/PC_G_EU4" CO2="0.00" CO="0.00" HC="0.00" NOx="0.00" PMx="0.00" fuel="0.00" electricity="0.00" noise="71.44" route="routetop" type="cfm-fast" waiting="0.00" lane="top_0" pos="9.32" speed="28.23" angle="257.67" x="43.80" y="129.33"/>
        <vehicle id="cfm-fast_1" eclass="HBEFA3/PC_G_EU4" CO2="163344.67" CO="3858.28" HC="21.70" NOx="75.78" PMx="4.49" fuel="70.21" electricity="0.00" noise="124.05" route="routetop" type="cfm-fast" waiting="0.00" lane="left_1" pos="17.41" speed="58.14" angle="153.15" x="7.89" y="29.69"/>
        <vehicle id="cfm-fast_2" eclass="HBEFA3/PC_G_EU4" CO2="0.00" CO="0.00" HC="0.00" NOx="0.00" PMx="0.00" fuel="0.00" electricity="0.00" noise="70.12" route="routetop" type="cfm-fast" waiting="0.00" lane="top_0" pos="29.24" speed="25.31" angle="221.86" x="9.15" y="105.31"/>
        <vehicle id="cfm-fast_3" eclass="HBEFA3/PC_G_EU4" CO2="0.00" CO="0.00" HC="0.00" NOx="0.00" PMx="0.00" fuel="0.00" electricity="0.00" noise="69.41" route="routetop" type="cfm-fast" waiting="0.00" lane="top_0" pos="45.80" speed="23.45" angle="192.13" x="-4.33" y="72.77"/>
        <vehicle id="cfm-fast_4" eclass="HBEFA3/PC_G_EU4" CO2="258410.68" CO="6047.41" HC="34.05" NOx="120.54" PMx="7.07" fuel="111.08" electricity="0.00" noise="146.21" route="routebottom" type="cfm-fast" waiting="0.00" lane="bottom_1" pos="19.99" speed="65.00" angle="58.45" x="102.02" y="10.83"/>
        <vehicle id="cfm-fast_5" eclass="HBEFA3/PC_G_EU4" CO2="9445.06" CO="118.41" HC="0.77" NOx="3.87" PMx="0.20" fuel="4.06" electricity="0.00" noise="71.95" route="routetop" type="cfm-fast" waiting="0.00" lane="left_0" pos="10.90" speed="21.77" angle="164.80" x="-0.94" y="40.59"/>
        <vehicle id="cfm-slow_0" eclass="HBEFA3/PC_G_EU4" CO2="14770.09" CO="228.71" HC="1.41" NOx="6.36" PMx="0.34" fuel="6.35" electricity="0.00" noise="75.04" route="routetop" type="cfm-slow" waiting="0.00" lane="left_0" pos="24.03" speed="22.56" angle="141.22" x="13.70" y="16.65"/>
        <vehicle id="cfm-slow_1" eclass="HBEFA3/PC_G_EU4" CO2="19675.20" CO="332.88" HC="2.00" NOx="8.64" PMx="0.47" fuel="8.46" electricity="0.00" noise="78.03" route="routetop" type="cfm-slow" waiting="0.00" lane="left_0" pos="41.97" speed="24.25" angle="108.93" x="46.48" y="-2.75"/>
        <vehicle id="cfm-slow_2" eclass="HBEFA3/PC_G_EU4" CO2="22462.78" CO="398.27" HC="2.37" NOx="9.90" PMx="0.55" fuel="9.66" electricity="0.00" noise="79.53" route="routebottom" type="cfm-slow" waiting="0.00" lane="bottom_0" pos="11.67" speed="26.51" angle="73.45" x="88.29" y="-0.37"/>
        <vehicle id="cfm-slow_3" eclass="HBEFA3/PC_G_EU4" CO2="19013.79" CO="339.89" HC="2.02" NOx="8.22" PMx="0.47" fuel="8.17" electricity="0.00" noise="77.87" route="routebottom" type="cfm-slow" waiting="0.00" lane="bottom_0" pos="33.67" speed="28.83" angle="33.93" x="123.42" y="29.98"/>
        <vehicle id="cfm-slow_4" eclass="HBEFA3/PC_G_EU4" CO2="7980.26" CO="123.11" HC="0.77" NOx="2.99" PMx="0.18" fuel="3.43" electricity="0.00" noise="74.48" route="routebottom" type="cfm-slow" waiting="0.00" lane="right_0" pos="8.00" speed="30.31" angle="350.02" x="130.09" y="80.79"/>
        <vehicle id="cfm-slow_5" eclass="HBEFA3/PC_G_EU4" CO2="0.00" CO="0.00" HC="0.00" NOx="0.00" PMx="0.00" fuel="0.00" electricity="0.00" noise="72.65" route="routebottom" type="cfm-slow" waiting="0.00" lane="right_0" pos="33.72" speed="30.17" angle="303.84" x="97.27" y="123.46"/>
    </timestep>
    <timestep time="4.81">
        <vehicle id="cfm-fast_0" eclass="HBEFA3/PC_G_EU4" CO2="0.00" CO="0.00" HC="0.00" NOx="0.00" PMx="0.00" fuel="0.00" electricity="0.00" noise="71.43" route="routetop" type="cfm-fast" waiting="0.00" lane="top_0" pos="9.61" speed="28.21" angle="257.16" x="43.22" y="129.15"/>
        <vehicle id="cfm-fast_1" eclass="HBEFA3/PC_G_EU4" CO2="163894.46" CO="3872.49" HC="21.78" NOx="76.04" PMx="4.50" fuel="70.45" electricity="0.00" noise="124.17" route="routetop" type="cfm-fast" waiting="0.00" lane="left_1" pos="17.99" speed="58.23" angle="152.13" x="8.51" y="28.67"/>
        <vehicle id="cfm-fast_2" eclass="HBEFA3/PC_G_EU4" CO2="0.00" CO="0.00" HC="0.00" NOx="0.00" PMx="0.00" fuel="0.00" electricity="0.00" noise="70.11" route="routetop" type="cfm-fast" waiting="0.00" lane="top_0" pos="29.50" speed="25.30" angle="221.45" x="8.81" y="104.88"/>
        <vehicle id="cfm-fast_3" eclass="HBEFA3/PC_G_EU4" CO2="0.00" CO="0.00" HC="0.00" NOx="0.00" PMx="0.00" fuel="0.00" electricity="0.00" noise="69.41" route="routetop" type="cfm-fast" waiting="0.00" lane="top_0" pos="46.03" speed="23.44" angle="191.70" x="-4.40" y="72.27"/>
        <vehicle id="cfm-fast_4" eclass="HBEFA3/PC_G_EU4" CO2="259017.00" CO="6064.90" HC="34.15" NOx="120.82" PMx="7.08" fuel="111.34" electricity="0.00" noise="146.28" route="routebottom" type="cfm-fast" waiting="0.00" lane="bottom_1" pos="20.64" speed="65.14" angle="57.32" x="103.10" y="11.61"/>
        <vehicle id="cfm-fast_5" eclass="HBEFA3/PC_G_EU4" CO2="9480.27" CO="119.14" HC="0.78" NOx="3.88" PMx="0.20" fuel="4.08" electricity="0.00" noise="71.97" route="routetop" type="cfm-fast" waiting="0.00" lane="left_0" pos="11.11" speed="21.78" angle="164.40" x="-0.78" y="40.15"/>
        <vehicle id="cfm-slow_0" eclass="HBEFA3/PC_G_EU4" CO2="14804.39" CO="229.44" HC="1.41" NOx="6.38" PMx="0.34" fuel="6.36" electricity="0.00" noise="75.07" route="routetop" type="cfm-slow" waiting="0.00" lane="left_0" pos="24.26" speed="22.57" angle="140.82" x="14.03" y="16.29"/>
        <vehicle id="cfm-slow_1" eclass="HBEFA3/PC_G_EU4" CO2="19691.66" CO="333.28" HC="2.01" NOx="8.64" PMx="0.47" fuel="8.46" electricity="0.00" noise="78.04" route="routetop" type="cfm-slow" waiting="0.00" lane="left_0" pos="42.21" speed="24.27" angle="108.48" x="46.99" y="-2.88"/>
        <vehicle id="cfm-slow_2" eclass="HBEFA3/PC_G_EU4" CO2="22423.71" CO="397.58" HC="2.37" NOx="9.88" PMx="0.55" fuel="9.64" electricity="0.00" noise="79.51" route="routebottom" type="cfm-slow" waiting="0.00" lane="bottom_0" pos="11.93" speed="26.54" angle="72.97" x="88.83" y="-0.16"/>
        <vehicle id="cfm-slow_3" eclass="HBEFA3/PC_G_EU4" CO2="18899.47" CO="337.65" HC="2.01" NOx="8.17" PMx="0.46" fuel="8.12" electricity="0.00" noise="77.82" route="routebottom" type="cfm-slow" waiting="0.00" lane="bottom_0" pos="33.96" speed="28.85" angle="33.40" x="123.72" y="30.52"/>
        <vehicle id="cfm-slow_4" eclass="HBEFA3/PC_G_EU4" CO2="7836.31" CO="120.17" HC="0.75" NOx="2.92" PMx="0.18" fuel="3.37" electricity="0.00" noise="74.44" route="routebottom" type="cfm-slow" waiting="0.00" lane="right_0" pos="8.30" speed="30.31" angle="349.46" x="129.92" y="81.42"/>
        <vehicle id="cfm-slow_5" eclass="HBEFA3/PC_G_EU4" CO2="0.00" CO="0.00" HC="0.00" NOx="0.00" PMx="0.00" fuel="0.00" electricity="0.00" noise="72.64" route="routebottom" type="cfm-slow" waiting="0.00" lane="right_0" pos="34.02" speed="30.15" angle="303.29" x="96.71" y="123.77"/>
    </timestep>
    <timestep time="4.82">
        <vehicle id="cfm-fast_0" eclass="HBEFA3/PC_G_EU4" CO2="0.00" CO="0.00" HC="0.00" NOx="0.00" PMx="0.00" fuel="0.00" electricity="0.00" noise="71.42" route="routetop" type="cfm-fast" waiting="0.00" lane="top_0" pos="9.89" speed="28.19" angle="256.64" x="42.64" y="128.97"/>
        <vehicle id="cfm-fast_1" eclass="HBEFA3/PC_G_EU4" CO2="164447.09" CO="3886.78" HC="21.86" NOx="76.30" PMx="4.52" fuel="70.69" electricity="0.00" noise="124.28" route="routetop" type="cfm-fast" waiting="0.00" lane="left_1" pos="18.58" speed="58.32" angle="151.01" x="9.18" y="27.68"/>
        <vehicle id="cfm-fast_2" eclass="HBEFA3/PC_G_EU4" CO2="0.00" CO="0.00" HC="0.00" NOx="0.00" PMx="0.00" fuel="0.00" electricity="0.00" noise="70.11" route="routetop" type="cfm-fast" waiting="0.00" lane="top_0" pos="29.75" speed="25.28" angle="220.98" x="8.49" y="104.44"/>
        <vehicle id="cfm-fast_3" eclass="HBEFA3/PC_G_EU4" CO2="0.00" CO="0.00" HC="0.00" NOx="0.00" PMx="0.00" fuel="0.00" electricity="0.00" noise="69.42" route="routetop" type="cfm-fast" waiting="0.00" lane="top_0" pos="46.27" speed="23.43" angle="191.32" x="-4.47" y="71.77"/>
        <vehicle id="cfm-fast_4" eclass="HBEFA3/PC_G_EU4" CO2="259623.62" CO="6082.41" HC="34.24" NOx="121.10" PMx="7.10" fuel="111.60" electricity="0.00" noise="146.35" route="routebottom" type="cfm-fast" waiting="0.00" lane="bottom_1" pos="21.29" speed="65.27" angle="56.12" x="104.15" y="12.44"/>
        <vehicle id="cfm-fast_5" eclass="HBEFA3/PC_G_EU4" CO2="9515.60" CO="119.88" HC="0.78" NOx="3.90" PMx="0.20" fuel="4.09" electricity="0.00" noise="71.99" route="routetop" type="cfm-fast" waiting="0.00" lane="left_0" pos="11.33" speed="21.79" angle="163.99" x="-0.62" y="39.70"/>
        <vehicle id="cfm-slow_0" eclass="HBEFA3/PC_G_EU4" CO2="14838.64" CO="230.17" HC="1.41" NOx="6.39" PMx="0.34" fuel="6.38" electricity="0.00" noise="75.09" route="routetop" type="cfm-slow" waiting="0.00" lane="left_0" pos="24.48" speed="22.59" angle="140.46" x="14.37" y="15.94"/>
        <vehicle id="cfm-slow_1" eclass="HBEFA3/PC_G_EU4" CO2="19707.73" CO="333.68" HC="2.01" NOx="8.65" PMx="0.47" fuel="8.47" electricity="0.00" noise="78.04" route="routetop" type="cfm-slow" waiting="0.00" lane="left_0" pos="42.46" speed="24.30" angle="108.10" x="47.49" y="-3.01"/>
        <vehicle id="cfm-slow_2" eclass="HBEFA3/PC_G_EU4" CO2="22384.03" CO="396.87" HC="2.37" NOx="9.86" PMx="0.55" fuel="9.62" electricity="0.00" noise="79.48" route="routebottom" type="cfm-slow" waiting="0.00" lane="bottom_0" pos="12.20" speed="26.56" angle="72.50" x="89.36" y="0.06"/>
        <vehicle id="cfm-slow_3" eclass="HBEFA3/PC_G_EU4" CO2="18784.88" CO="335.40" HC="2.00" NOx="8.11" PMx="0.46" fuel="8.07" electricity="0.00" noise="77.77" route="routebottom" type="cfm-slow" waiting="0.00" lane="bottom_0" pos="34.25" speed="28.87" angle="32.87" x="124.02" y="31.06"/>
        <vehicle id="cfm-slow_4" eclass="HBEFA3/PC_G_EU4" CO2="7692.93" CO="117.23" HC="0.73" NOx="2.85" PMx="0.18" fuel="3.31" electricity="0.00" noise="74.41" route="routebottom" type="cfm-slow" waiting="0.00" lane="right_0" pos="8.61" speed="30.31" angle="348.91" x="129.76" y="82.05"/>
        <vehicle id="cfm-slow_5" eclass="HBEFA3/PC_G_EU4" CO2="0.00" CO="0.00" HC="0.00" NOx="0.00" PMx="0.00" fuel="0.00" electricity="0.00" noise="72.62" route="routebottom" type="cfm-slow" waiting="0.00" lane="right_0" pos="34.32" speed="30.14" angle="302.74" x="96.14" y="124.09"/>
    </timestep>
    <timestep time="4.83">
        <vehicle id="cfm-fast_0" eclass="HBEFA3/PC_G_EU4" CO2="0.00" CO="0.00" HC="0.00" NOx="0.00" PMx="0.00" fuel="0.00" electricity="0.00" noise="71.41" route="routetop" type="cfm-fast" waiting="0.00" lane="top_0" pos="10.17" speed="28.17" angle="256.17" x="42.06" y="128.79"/>
        <vehicle id="cfm-fast_1" eclass="HBEFA3/PC_G_EU4" CO2="165002.54" CO="3901.14" HC="21.93" NOx="76.56" PMx="4.53" fuel="70.93" electricity="0.00" noise="124.40" route="routetop" type="cfm-fast" waiting="0.00" lane="left_1" pos="19.16" speed="58.42" angle="149.93" x="9.84" y="26.68"/>
        <vehicle id="cfm-fast_2" eclass="HBEFA3/PC_G_EU4" CO2="0.00" CO="0.00" HC="0.00" NOx="0.00" PMx="0.00" fuel="0.00" electricity="0.00" noise="70.10" route="routetop" type="cfm-fast" waiting="0.00" lane="top_0" pos="30.00" speed="25.27" angle="220.51" x="8.17" y="104.00"/>
        <vehicle id="cfm-fast_3" eclass="HBEFA3/PC_G_EU4" CO2="0.00" CO="0.00" HC="0.00" NOx="0.00" PMx="0.00" fuel="0.00" electricity="0.00" noise="69.42" route="routetop" type="cfm-fast" waiting="0.00" lane="top_0" pos="46.50" speed="23.42" angle="190.89" x="-4.52" y="71.27"/>
        <vehicle id="cfm-fast_4" eclass="HBEFA3/PC_G_EU4" CO2="260230.53" CO="6099.94" HC="34.34" NOx="121.39" PMx="7.12" fuel="111.86" electricity="0.00" noise="146.41" route="routebottom" type="cfm-fast" waiting="0.00" lane="bottom_1" pos="21.94" speed="65.41" angle="54.99" x="105.20" y="13.27"/>
        <vehicle id="cfm-fast_5" eclass="HBEFA3/PC_G_EU4" CO2="9551.06" CO="120.61" HC="0.78" NOx="3.92" PMx="0.20" fuel="4.11" electricity="0.00" noise="72.01" route="routetop" type="cfm-fast" waiting="0.00" lane="left_0" pos="11.55" speed="21.80" angle="163.66" x="-0.46" y="39.26"/>
        <vehicle id="cfm-slow_0" eclass="HBEFA3/PC_G_EU4" CO2="14872.84" CO="230.89" HC="1.42" NOx="6.41" PMx="0.34" fuel="6.39" electricity="0.00" noise="75.11" route="routetop" type="cfm-slow" waiting="0.00" lane="left_0" pos="24.71" speed="22.61" angle="140.04" x="14.71" y="15.60"/>
        <vehicle id="cfm-slow_1" eclass="HBEFA3/PC_G_EU4" CO2="19723.42" CO="334.06" HC="2.01" NOx="8.66" PMx="0.47" fuel="8.48" electricity="0.00" noise="78.05" route="routetop" type="cfm-slow" waiting="0.00" lane="left_0" pos="42.70" speed="24.32" angle="107.67" x="48.00" y="-3.13"/>
        <vehicle id="cfm-slow_2" eclass="HBEFA3/PC_G_EU4" CO2="22343.76" CO="396.16" HC="2.36" NOx="9.84" PMx="0.55" fuel="9.60" electricity="0.00" noise="79.46" route="routebottom" type="cfm-slow" waiting="0.00" lane="bottom_0" pos="12.46" speed="26.59" angle="72.03" x="89.89" y="0.27"/>
        <vehicle id="cfm-slow_3" eclass="HBEFA3/PC_G_EU4" CO2="18670.04" CO="333.15" HC="1.99" NOx="8.06" PMx="0.46" fuel="8.03" electricity="0.00" noise="77.72" route="routebottom" type="cfm-slow" waiting="0.00" lane="bottom_0" pos="34.54" speed="28.88" angle="32.36" x="124.32" y="31.61"/>
        <vehicle id="cfm-slow_4" eclass="HBEFA3/PC_G_EU4" CO2="7550.12" CO="114.31" HC="0.71" NOx="2.78" PMx="0.17" fuel="3.25" electricity="0.00" noise="74.38" route="routebottom" type="cfm-slow" waiting="0.00" lane="right_0" pos="8.91" speed="30.31" angle="348.40" x="129.59" y="82.68"/>
        <vehicle id="cfm-slow_5" eclass="HBEFA3/PC_G_EU4" CO2="0.00" CO="0.00" HC="0.00" NOx="0.00" PMx="0.00" fuel="0.00" electricity="0.00" noise="72.61" route="routebottom" type="cfm-slow" waiting="0.00" lane="right_0" pos="34.62" speed="30.13" angle="302.26" x="95.57" y="124.40"/>
    </timestep>
    <timestep time="4.84">
        <vehicle id="cfm-fast_0" eclass="HBEFA3/PC_G_EU4" CO2="0.00" CO="0.00" HC="0.00" NOx="0.00" PMx="0.00" fuel="0.00" electricity="0.00" noise="71.40" route="routetop" type="cfm-fast" waiting="0.00" lane="top_0" pos="10.45" speed="28.15" angle="255.67" x="41.49" y="128.59"/>
        <vehicle id="cfm-fast_1" eclass="HBEFA3/PC_G_EU4" CO2="165560.76" CO="3915.57" HC="22.01" NOx="76.82" PMx="4.55" fuel="71.17" electricity="0.00" noise="124.52" route="routetop" type="cfm-fast" waiting="0.00" lane="left_1" pos="19.75" speed="58.51" angle="148.89" x="10.54" y="25.70"/>
        <vehicle id="cfm-fast_2" eclass="HBEFA3/PC_G_EU4" CO2="0.00" CO="0.00" HC="0.00" NOx="0.00" PMx="0.00" fuel="0.00" electricity="0.00" noise="70.09" route="routetop" type="cfm-fast" waiting="0.00" lane="top_0" pos="30.26" speed="25.26" angle="220.04" x="7.86" y="103.56"/>
        <vehicle id="cfm-fast_3" eclass="HBEFA3/PC_G_EU4" CO2="0.00" CO="0.00" HC="0.00" NOx="0.00" PMx="0.00" fuel="0.00" electricity="0.00" noise="69.43" route="routetop" type="cfm-fast" waiting="0.00" lane="top_0" pos="46.74" speed="23.41" angle="190.46" x="-4.57" y="70.77"/>
        <vehicle id="cfm-fast_4" eclass="HBEFA3/PC_G_EU4" CO2="260837.74" CO="6117.49" HC="34.43" NOx="121.67" PMx="7.14" fuel="112.12" electricity="0.00" noise="146.48" route="routebottom" type="cfm-fast" waiting="0.00" lane="bottom_1" pos="22.60" speed="65.55" angle="53.79" x="106.23" y="14.14"/>
        <vehicle id="cfm-fast_5" eclass="HBEFA3/PC_G_EU4" CO2="9586.63" CO="121.35" HC="0.79" NOx="3.93" PMx="0.20" fuel="4.12" electricity="0.00" noise="72.03" route="routetop" type="cfm-fast" waiting="0.00" lane="left_0" pos="11.77" speed="21.81" angle="163.28" x="-0.29" y="38.83"/>
        <vehicle id="cfm-slow_0" eclass="HBEFA3/PC_G_EU4" CO2="14906.98" CO="231.62" HC="1.42" NOx="6.42" PMx="0.34" fuel="6.41" electricity="0.00" noise="75.13" route="routetop" type="cfm-slow" waiting="0.00" lane="left_0" pos="24.93" speed="22.63" angle="139.63" x="15.05" y="15.26"/>
        <vehicle id="cfm-slow_1" eclass="HBEFA3/PC_G_EU4" CO2="19738.72" CO="334.45" HC="2.01" NOx="8.67" PMx="0.47" fuel="8.48" electricity="0.00" noise="78.06" route="routetop" type="cfm-slow" waiting="0.00" lane="left_0" pos="42.94" speed="24.35" angle="107.24" x="48.51" y="-3.24"/>
        <vehicle id="cfm-slow_2" eclass="HBEFA3/PC_G_EU4" CO2="22302.88" CO="395.43" HC="2.36" NOx="9.82" PMx="0.55" fuel="9.59" electricity="0.00" noise="79.44" route="routebottom" type="cfm-slow" waiting="0.00" lane="bottom_0" pos="12.73" speed="26.61" angle="71.58" x="90.42" y="0.48"/>
        <vehicle id="cfm-slow_3" eclass="HBEFA3/PC_G_EU4" CO2="18554.94" CO="330.90" HC="1.97" NOx="8.01" PMx="0.46" fuel="7.98" electricity="0.00" noise="77.67" route="routebottom" type="cfm-slow" waiting="0.00" lane="bottom_0" pos="34.83" speed="28.90" angle="31.88" x="124.61" y="32.16"/>
        <vehicle id="cfm-slow_4" eclass="HBEFA3/PC_G_EU4" CO2="7407.88" CO="111.40" HC="0.70" NOx="2.72" PMx="0.17" fuel="3.18" electricity="0.00" noise="74.35" route="routebottom" type="cfm-slow" waiting="0.00" lane="right_0" pos="9.21" speed="30.32" angle="347.86" x="129.40" y="83.30"/>
        <vehicle id="cfm-slow_5" eclass="HBEFA3/PC_G_EU4" CO2="0.00" CO="0.00" HC="0.00" NOx="0.00" PMx="0.00" fuel="0.00" electricity="0.00" noise="72.60" route="routebottom" type="cfm-slow" waiting="0.00" lane="right_0" pos="34.92" speed="30.11" angle="301.71" x="94.99" y="124.69"/>
    </timestep>
    <timestep time="4.85">
        <vehicle id="cfm-fast_0" eclass="HBEFA3/PC_G_EU4" CO2="0.00" CO="0.00" HC="0.00" NOx="0.00" PMx="0.00" fuel="0.00" electricity="0.00" noise="71.39" route="routetop" type="cfm-fast" waiting="0.00" lane="top_0" pos="10.73" speed="28.13" angle="255.14" x="40.92" y="128.39"/>
        <vehicle id="cfm-fast_1" eclass="HBEFA3/PC_G_EU4" CO2="166121.73" CO="3930.07" HC="22.10" NOx="77.08" PMx="4.56" fuel="71.41" electricity="0.00" noise="124.64" route="routetop" type="cfm-fast" waiting="0.00" lane="left_1" pos="20.33" speed="58.61" angle="147.82" x="11.24" y="24.73"/>
        <vehicle id="cfm-fast_2" eclass="HBEFA3/PC_G_EU4" CO2="0.00" CO="0.00" HC="0.00" NOx="0.00" PMx="0.00" fuel="0.00" electricity="0.00" noise="70.09" route="routetop" type="cfm-fast" waiting="0.00" lane="top_0" pos="30.51" speed="25.24" angle="219.58" x="7.54" y="103.11"/>
        <vehicle id="cfm-fast_3" eclass="HBEFA3/PC_G_EU4" CO2="0.00" CO="0.00" HC="0.00" NOx="0.00" PMx="0.00" fuel="0.00" electricity="0.00" noise="69.43" route="routetop" type="cfm-fast" waiting="0.00" lane="top_0" pos="46.97" speed="23.40" angle="190.03" x="-4.62" y="70.27"/>
        <vehicle id="cfm-fast_4" eclass="HBEFA3/PC_G_EU4" CO2="261445.23" CO="6135.06" HC="34.53" NOx="121.96" PMx="7.16" fuel="112.38" electricity="0.00" noise="146.54" route="routebottom" type="cfm-fast" waiting="0.00" lane="bottom_1" pos="23.26" speed="65.68" angle="52.67" x="107.25" y="15.02"/>
        <vehicle id="cfm-fast_5" eclass="HBEFA3/PC_G_EU4" CO2="9622.32" CO="122.09" HC="0.79" NOx="3.95" PMx="0.20" fuel="4.14" electricity="0.00" noise="72.05" route="routetop" type="cfm-fast" waiting="0.00" lane="left_0" pos="11.99" speed="21.82" angle="162.89" x="-0.11" y="38.39"/>
        <vehicle id="cfm-slow_0" eclass="HBEFA3/PC_G_EU4" CO2="14941.05" CO="232.35" HC="1.43" NOx="6.44" PMx="0.34" fuel="6.42" electricity="0.00" noise="75.15" route="routetop" type="cfm-slow" waiting="0.00" lane="left_0" pos="25.16" speed="22.65" angle="139.21" x="15.40" y="14.91"/>
        <vehicle id="cfm-slow_1" eclass="HBEFA3/PC_G_EU4" CO2="19753.63" CO="334.82" HC="2.02" NOx="8.67" PMx="0.47" fuel="8.49" electricity="0.00" noise="78.07" route="routetop" type="cfm-slow" waiting="0.00" lane="left_0" pos="43.19" speed="24.37" angle="106.81" x="49.02" y="-3.36"/>
        <vehicle id="cfm-slow_2" eclass="HBEFA3/PC_G_EU4" CO2="22261.41" CO="394.70" HC="2.35" NOx="9.80" PMx="0.54" fuel="9.57" electricity="0.00" noise="79.41" route="routebottom" type="cfm-slow" waiting="0.00" lane="bottom_0" pos="12.99" speed="26.64" angle="71.12" x="90.94" y="0.71"/>
        <vehicle id="cfm-slow_3" eclass="HBEFA3/PC_G_EU4" CO2="18439.61" CO="328.63" HC="1.96" NOx="7.95" PMx="0.45" fuel="7.93" electricity="0.00" noise="77.62" route="routebottom" type="cfm-slow" waiting="0.00" lane="bottom_0" pos="35.12" speed="28.92" angle="31.35" x="124.89" y="32.71"/>
        <vehicle id="cfm-slow_4" eclass="HBEFA3/PC_G_EU4" CO2="7266.23" CO="108.49" HC="0.68" NOx="2.65" PMx="0.17" fuel="3.12" electricity="0.00" noise="74.32" route="routebottom" type="cfm-slow" waiting="0.00" lane="right_0" pos="9.52" speed="30.32" angle="347.32" x="129.21" y="83.92"/>
        <vehicle id="cfm-slow_5" eclass="HBEFA3/PC_G_EU4" CO2="0.00" CO="0.00" HC="0.00" NOx="0.00" PMx="0.00" fuel="0.00" electricity="0.00" noise="72.59" route="routebottom" type="cfm-slow" waiting="0.00" lane="right_0" pos="35.22" speed="30.10" angle="301.17" x="94.42" y="124.98"/>
    </timestep>
    <timestep time="4.86">
        <vehicle id="cfm-fast_0" eclass="HBEFA3/PC_G_EU4" CO2="0.00" CO="0.00" HC="0.00" NOx="0.00" PMx="0.00" fuel="0.00" electricity="0.00" noise="71.38" route="routetop" type="cfm-fast" waiting="0.00" lane="top_0" pos="11.01" speed="28.10" angle="254.61" x="40.35" y="128.18"/>
        <vehicle id="cfm-fast_1" eclass="HBEFA3/PC_G_EU4" CO2="166685.40" CO="3944.64" HC="22.18" NOx="77.35" PMx="4.58" fuel="71.65" electricity="0.00" noise="124.76" route="routetop" type="cfm-fast" waiting="0.00" lane="left_1" pos="20.92" speed="58.70" angle="146.82" x="11.97" y="23.77"/>
        <vehicle id="cfm-fast_2" eclass="HBEFA3/PC_G_EU4" CO2="0.00" CO="0.00" HC="0.00" NOx="0.00" PMx="0.00" fuel="0.00" electricity="0.00" noise="70.08" route="routetop" type="cfm-fast" waiting="0.00" lane="top_0" pos="30.76" speed="25.23" angle="219.16" x="7.22" y="102.67"/>
        <vehicle id="cfm-fast_3" eclass="HBEFA3/PC_G_EU4" CO2="0.00" CO="0.00" HC="0.00" NOx="0.00" PMx="0.00" fuel="0.00" electricity="0.00" noise="69.44" route="routetop" type="cfm-fast" waiting="0.00" lane="top_0" pos="47.20" speed="23.39" angle="189.60" x="-4.67" y="69.77"/>
        <vehicle id="cfm-fast_4" eclass="HBEFA3/PC_G_EU4" CO2="262053.02" CO="6152.66" HC="34.62" NOx="122.24" PMx="7.17" fuel="112.64" electricity="0.00" noise="146.61" route="routebottom" type="cfm-fast" waiting="0.00" lane="bottom_1" pos="23.92" speed="65.82" angle="51.49" x="108.24" y="15.94"/>
        <vehicle id="cfm-fast_5" eclass="HBEFA3/PC_G_EU4" CO2="9658.12" CO="122.83" HC="0.80" NOx="3.97" PMx="0.20" fuel="4.15" electricity="0.00" noise="72.07" route="routetop" type="cfm-fast" waiting="0.00" lane="left_0" pos="12.20" speed="21.83" angle="162.50" x="0.06" y="37.96"/>
        <vehicle id="cfm-slow_0" eclass="HBEFA3/PC_G_EU4" CO2="14975.06" CO="233.07" HC="1.43" NOx="6.46" PMx="0.34" fuel="6.44" electricity="0.00" noise="75.17" route="routetop" type="cfm-slow" waiting="0.00" lane="left_0" pos="25.39" speed="22.67" angle="138.80" x="15.74" y="14.57"/>
        <vehicle id="cfm-slow_1" eclass="HBEFA3/PC_G_EU4" CO2="19768.14" CO="335.18" HC="2.02" NOx="8.68" PMx="0.47" fuel="8.50" electricity="0.00" noise="78.08" route="routetop" type="cfm-slow" waiting="0.00" lane="left_0" pos="43.43" speed="24.40" angle="106.37" x="49.54" y="-3.48"/>
        <vehicle id="cfm-slow_2" eclass="HBEFA3/PC_G_EU4" CO2="22219.34" CO="393.94" HC="2.35" NOx="9.78" PMx="0.54" fuel="9.55" electricity="0.00" noise="79.39" route="routebottom" type="cfm-slow" waiting="0.00" lane="bottom_0" pos="13.26" speed="26.66" angle="70.62" x="91.47" y="0.95"/>
        <vehicle id="cfm-slow_3" eclass="HBEFA3/PC_G_EU4" CO2="18324.03" CO="326.37" HC="1.95" NOx="7.90" PMx="0.45" fuel="7.88" electricity="0.00" noise="77.58" route="routebottom" type="cfm-slow" waiting="0.00" lane="bottom_0" pos="35.41" speed="28.93" angle="30.83" x="125.17" y="33.27"/>
        <vehicle id="cfm-slow_4" eclass="HBEFA3/PC_G_EU4" CO2="7125.16" CO="105.60" HC="0.66" NOx="2.58" PMx="0.16" fuel="3.06" electricity="0.00" noise="74.29" route="routebottom" type="cfm-slow" waiting="0.00" lane="right_0" pos="9.82" speed="30.32" angle="346.77" x="129.01" y="84.55"/>
        <vehicle id="cfm-slow_5" eclass="HBEFA3/PC_G_EU4" CO2="0.00" CO="0.00" HC="0.00" NOx="0.00" PMx="0.00" fuel="0.00" electricity="0.00" noise="72.58" route="routebottom" type="cfm-slow" waiting="0.00" lane="right_0" pos="35.52" speed="30.08" angle="300.63" x="93.84" y="125.27"/>
    </timestep>
    <timestep time="4.87">
        <vehicle id="cfm-fast_0" eclass="HBEFA3/PC_G_EU4" CO2="0.00" CO="0.00" HC="0.00" NOx="0.00" PMx="0.00" fuel="0.00" electricity="0.00" noise="71.37" route="routetop" type="cfm-fast" waiting="0.00" lane="top_0" pos="11.29" speed="28.08" angle="254.08" x="39.78" y="127.97"/>
        <vehicle id="cfm-fast_1" eclass="HBEFA3/PC_G_EU4" CO2="167251.76" CO="3959.27" HC="22.26" NOx="77.61" PMx="4.60" fuel="71.89" electricity="0.00" noise="124.88" route="routetop" type="cfm-fast" waiting="0.00" lane="left_1" pos="21.51" speed="58.80" angle="145.75" x="12.71" y="22.82"/>
        <vehicle id="cfm-fast_2" eclass="HBEFA3/PC_G_EU4" CO2="0.00" CO="0.00" HC="0.00" NOx="0.00" PMx="0.00" fuel="0.00" electricity="0.00" noise="70.07" route="routetop" type="cfm-fast" waiting="0.00" lane="top_0" pos="31.01" speed="25.21" angle="218.71" x="6.92" y="102.22"/>
        <vehicle id="cfm-fast_3" eclass="HBEFA3/PC_G_EU4" CO2="0.00" CO="0.00" HC="0.00" NOx="0.00" PMx="0.00" fuel="0.00" electricity="0.00" noise="69.44" route="routetop" type="cfm-fast" waiting="0.00" lane="top_0" pos="47.44" speed="23.39" angle="189.22" x="-4.72" y="69.26"/>
        <vehicle id="cfm-fast_4" eclass="HBEFA3/PC_G_EU4" CO2="262661.09" CO="6170.28" HC="34.72" NOx="122.53" PMx="7.19" fuel="112.90" electricity="0.00" noise="146.68" route="routebottom" type="cfm-fast" waiting="0.00" lane="bottom_1" pos="24.58" speed="65.96" angle="50.33" x="109.22" y="16.87"/>
        <vehicle id="cfm-fast_5" eclass="HBEFA3/PC_G_EU4" CO2="9694.03" CO="123.58" HC="0.80" NOx="3.98" PMx="0.21" fuel="4.17" electricity="0.00" noise="72.10" route="routetop" type="cfm-fast" waiting="0.00" lane="left_0" pos="12.42" speed="21.84" angle="162.11" x="0.23" y="37.52"/>
        <vehicle id="cfm-slow_0" eclass="HBEFA3/PC_G_EU4" CO2="15009.00" CO="233.79" HC="1.44" NOx="6.47" PMx="0.35" fuel="6.45" electricity="0.00" noise="75.20" route="routetop" type="cfm-slow" waiting="0.00" lane="left_0" pos="25.61" speed="22.69" angle="138.43" x="16.09" y="14.22"/>
        <vehicle id="cfm-slow_1" eclass="HBEFA3/PC_G_EU4" CO2="19782.26" CO="335.54" HC="2.02" NOx="8.68" PMx="0.47" fuel="8.50" electricity="0.00" noise="78.08" route="routetop" type="cfm-slow" waiting="0.00" lane="left_0" pos="43.67" speed="24.42" angle="105.99" x="50.05" y="-3.59"/>
        <vehicle id="cfm-slow_2" eclass="HBEFA3/PC_G_EU4" CO2="22176.67" CO="393.18" HC="2.34" NOx="9.76" PMx="0.54" fuel="9.53" electricity="0.00" noise="79.36" route="routebottom" type="cfm-slow" waiting="0.00" lane="bottom_0" pos="13.53" speed="26.69" angle="70.13" x="91.99" y="1.18"/>
        <vehicle id="cfm-slow_3" eclass="HBEFA3/PC_G_EU4" CO2="18208.22" CO="324.09" HC="1.93" NOx="7.84" PMx="0.45" fuel="7.83" electricity="0.00" noise="77.53" route="routebottom" type="cfm-slow" waiting="0.00" lane="bottom_0" pos="35.70" speed="28.95" angle="30.30" x="125.45" y="33.83"/>
        <vehicle id="cfm-slow_4" eclass="HBEFA3/PC_G_EU4" CO2="6984.69" CO="102.72" HC="0.65" NOx="2.52" PMx="0.16" fuel="3.00" electricity="0.00" noise="74.26" route="routebottom" type="cfm-slow" waiting="0.00" lane="right_0" pos="10.12" speed="30.32" angle="346.24" x="128.82" y="85.17"/>
        <vehicle id="cfm-slow_5" eclass="HBEFA3/PC_G_EU4" CO2="0.00" CO="0.00" HC="0.00" NOx="0.00" PMx="0.00" fuel="0.00" electricity="0.00" noise="72.56" route="routebottom" type="cfm-slow" waiting="0.00" lane="right_0" pos="35.82" speed="30.07" angle="300.10" x="93.26" y="125.57"/>
    </timestep>
    <timestep time="4.88">
        <vehicle id="cfm-fast_0" eclass="HBEFA3/PC_G_EU4" CO2="0.00" CO="0.00" HC="0.00" NOx="0.00" PMx="0.00" fuel="0.00" electricity="0.00" noise="71.35" route="routetop" type="cfm-fast" waiting="0.00" lane="top_0" pos="11.57" speed="28.06" angle="253.61" x="39.22" y="127.77"/>
        <vehicle id="cfm-fast_1" eclass="HBEFA3/PC_G_EU4" CO2="167820.75" CO="3973.98" HC="22.34" NOx="77.88" PMx="4.61" fuel="72.14" electricity="0.00" noise="125.00" route="routetop" type="cfm-fast" waiting="0.00" lane="left_1" pos="22.10" speed="58.89" angle="144.72" x="13.47" y="21.88"/>
        <vehicle id="cfm-fast_2" eclass="HBEFA3/PC_G_EU4" CO2="0.00" CO="0.00" HC="0.00" NOx="0.00" PMx="0.00" fuel="0.00" electricity="0.00" noise="70.06" route="routetop" type="cfm-fast" waiting="0.00" lane="top_0" pos="31.26" speed="25.20" angle="218.26" x="6.62" y="101.77"/>
        <vehicle id="cfm-fast_3" eclass="HBEFA3/PC_G_EU4" CO2="0.00" CO="0.00" HC="0.00" NOx="0.00" PMx="0.00" fuel="0.00" electricity="0.00" noise="69.45" route="routetop" type="cfm-fast" waiting="0.00" lane="top_0" pos="47.67" speed="23.38" angle="188.79" x="-4.75" y="68.76"/>
        <vehicle id="cfm-fast_4" eclass="HBEFA3/PC_G_EU4" CO2="263269.46" CO="6187.92" HC="34.82" NOx="122.81" PMx="7.21" fuel="113.17" electricity="0.00" noise="146.74" route="routebottom" type="cfm-fast" waiting="0.00" lane="bottom_1" pos="25.24" speed="66.09" angle="49.08" x="110.17" y="17.83"/>
        <vehicle id="cfm-fast_5" eclass="HBEFA3/PC_G_EU4" CO2="9730.05" CO="124.33" HC="0.81" NOx="4.00" PMx="0.21" fuel="4.18" electricity="0.00" noise="72.12" route="routetop" type="cfm-fast" waiting="0.00" lane="left_0" pos="12.64" speed="21.85" angle="161.73" x="0.41" y="37.08"/>
        <vehicle id="cfm-slow_0" eclass="HBEFA3/PC_G_EU4" CO2="15042.87" CO="234.51" HC="1.44" NOx="6.49" PMx="0.35" fuel="6.47" electricity="0.00" noise="75.22" route="routetop" type="cfm-slow" waiting="0.00" lane="left_0" pos="25.84" speed="22.71" angle="138.02" x="16.45" y="13.89"/>
        <vehicle id="cfm-slow_1" eclass="HBEFA3/PC_G_EU4" CO2="19795.98" CO="335.89" HC="2.02" NOx="8.69" PMx="0.47" fuel="8.51" electricity="0.00" noise="78.09" route="routetop" type="cfm-slow" waiting="0.00" lane="left_0" pos="43.92" speed="24.44" angle="105.54" x="50.57" y="-3.69"/>
        <vehicle id="cfm-slow_2" eclass="HBEFA3/PC_G_EU4" CO2="22133.41" CO="392.41" HC="2.34" NOx="9.74" PMx="0.54" fuel="9.51" electricity="0.00" noise="79.34" route="routebottom" type="cfm-slow" waiting="0.00" lane="bottom_0" pos="13.80" speed="26.71" angle="69.63" x="92.51" y="1.42"/>
        <vehicle id="cfm-slow_3" eclass="HBEFA3/PC_G_EU4" CO2="18092.19" CO="321.81" HC="1.92" NOx="7.79" PMx="0.44" fuel="7.78" electricity="0.00" noise="77.48" route="routebottom" type="cfm-slow" waiting="0.00" lane="bottom_0" pos="35.99" speed="28.97" angle="29.82" x="125.72" y="34.39"/>
        <vehicle id="cfm-slow_4" eclass="HBEFA3/PC_G_EU4" CO2="6844.80" CO="99.85" HC="0.63" NOx="2.45" PMx="0.16" fuel="2.94" electricity="0.00" noise="74.23" route="routebottom" type="cfm-slow" waiting="0.00" lane="right_0" pos="10.43" speed="30.32" angle="345.73" x="128.61" y="85.79"/>
        <vehicle id="cfm-slow_5" eclass="HBEFA3/PC_G_EU4" CO2="0.00" CO="0.00" HC="0.00" NOx="0.00" PMx="0.00" fuel="0.00" electricity="0.00" noise="72.55" route="routebottom" type="cfm-slow" waiting="0.00" lane="right_0" pos="36.12" speed="30.06" angle="299.56" x="92.67" y="125.84"/>
    </timestep>
    <timestep time="4.89">
        <vehicle id="cfm-fast_0" eclass="HBEFA3/PC_G_EU4" CO2="0.00" CO="0.00" HC="0.00" NOx="0.00" PMx="0.00" fuel="0.00" electricity="0.00" noise="71.34" route="routetop" type="cfm-fast" waiting="0.00" lane="top_0" pos="11.85" speed="28.04" angle="253.11" x="38.66" y="127.54"/>
        <vehicle id="cfm-fast_1" eclass="HBEFA3/PC_G_EU4" CO2="168392.35" CO="3988.75" HC="22.42" NOx="78.15" PMx="4.63" fuel="72.38" electricity="0.00" noise="125.12" route="routetop" type="cfm-fast" waiting="0.00" lane="left_1" pos="22.69" speed="58.99" angle="143.62" x="14.26" y="20.96"/>
        <vehicle id="cfm-fast_2" eclass="HBEFA3/PC_G_EU4" CO2="0.00" CO="0.00" HC="0.00" NOx="0.00" PMx="0.00" fuel="0.00" electricity="0.00" noise="70.06" route="routetop" type="cfm-fast" waiting="0.00" lane="top_0" pos="31.52" speed="25.18" angle="217.81" x="6.32" y="101.32"/>
        <vehicle id="cfm-fast_3" eclass="HBEFA3/PC_G_EU4" CO2="0.00" CO="0.00" HC="0.00" NOx="0.00" PMx="0.00" fuel="0.00" electricity="0.00" noise="69.45" route="routetop" type="cfm-fast" waiting="0.00" lane="top_0" pos="47.91" speed="23.37" angle="188.34" x="-4.78" y="68.26"/>
        <vehicle id="cfm-fast_4" eclass="HBEFA3/PC_G_EU4" CO2="263878.13" CO="6205.58" HC="34.91" NOx="123.10" PMx="7.23" fuel="113.43" electricity="0.00" noise="146.81" route="routebottom" type="cfm-fast" waiting="0.00" lane="bottom_1" pos="25.90" speed="66.23" angle="47.91" x="111.12" y="18.81"/>
        <vehicle id="cfm-fast_5" eclass="HBEFA3/PC_G_EU4" CO2="9766.17" CO="125.08" HC="0.81" NOx="4.02" PMx="0.21" fuel="4.20" electricity="0.00" noise="72.14" route="routetop" type="cfm-fast" waiting="0.00" lane="left_0" pos="12.86" speed="21.86" angle="161.38" x="0.59" y="36.65"/>
        <vehicle id="cfm-slow_0" eclass="HBEFA3/PC_G_EU4" CO2="15076.65" CO="235.24" HC="1.44" NOx="6.50" PMx="0.35" fuel="6.48" electricity="0.00" noise="75.24" route="routetop" type="cfm-slow" waiting="0.00" lane="left_0" pos="26.07" speed="22.73" angle="137.60" x="16.81" y="13.56"/>
        <vehicle id="cfm-slow_1" eclass="HBEFA3/PC_G_EU4" CO2="19809.29" CO="336.23" HC="2.02" NOx="8.70" PMx="0.47" fuel="8.52" electricity="0.00" noise="78.10" route="routetop" type="cfm-slow" waiting="0.00" lane="left_0" pos="44.16" speed="24.47" angle="105.09" x="51.08" y="-3.78"/>
        <vehicle id="cfm-slow_2" eclass="HBEFA3/PC_G_EU4" CO2="22089.56" CO="391.62" HC="2.33" NOx="9.72" PMx="0.54" fuel="9.50" electricity="0.00" noise="79.31" route="routebottom" type="cfm-slow" waiting="0.00" lane="bottom_0" pos="14.06" speed="26.74" angle="69.19" x="93.04" y="1.66"/>
        <vehicle id="cfm-slow_3" eclass="HBEFA3/PC_G_EU4" CO2="17975.95" CO="319.53" HC="1.91" NOx="7.73" PMx="0.44" fuel="7.73" electricity="0.00" noise="77.43" route="routebottom" type="cfm-slow" waiting="0.00" lane="bottom_0" pos="36.28" speed="28.99" angle="29.26" x="125.98" y="34.96"/>
        <vehicle id="cfm-slow_4" eclass="HBEFA3/PC_G_EU4" CO2="6705.52" CO="96.99" HC="0.61" NOx="2.38" PMx="0.15" fuel="2.88" electricity="0.00" noise="74.20" route="routebottom" type="cfm-slow" waiting="0.00" lane="right_0" pos="10.73" speed="30.32" angle="345.15" x="128.39" y="86.40"/>
        <vehicle id="cfm-slow_5" eclass="HBEFA3/PC_G_EU4" CO2="0.00" CO="0.00" HC="0.00" NOx="0.00" PMx="0.00" fuel="0.00" electricity="0.00" noise="72.54" route="routebottom" type="cfm-slow" waiting="0.00" lane="right_0" pos="36.42" speed="30.04" angle="298.98" x="92.08" y="126.10"/>
    </timestep>
    <timestep time="4.90">
        <vehicle id="cfm-fast_0" eclass="HBEFA3/PC_G_EU4" CO2="0.00" CO="0.00" HC="0.00" NOx="0.00" PMx="0.00" fuel="0.00" electricity="0.00" noise="71.33" route="routetop" type="cfm-fast" waiting="0.00" lane="top_0" pos="12.13" speed="28.02" angle="252.60" x="38.10" y="127.32"/>
        <vehicle id="cfm-fast_1" eclass="HBEFA3/PC_G_EU4" CO2="168966.53" CO="4003.58" HC="22.50" NOx="78.42" PMx="4.64" fuel="72.63" electricity="0.00" noise="125.24" route="routetop" type="cfm-fast" waiting="0.00" lane="left_1" pos="23.28" speed="59.08" angle="142.60" x="15.06" y="20.05"/>
        <vehicle id="cfm-fast_2" eclass="HBEFA3/PC_G_EU4" CO2="0.00" CO="0.00" HC="0.00" NOx="0.00" PMx="0.00" fuel="0.00" electricity="0.00" noise="70.05" route="routetop" type="cfm-fast" waiting="0.00" lane="top_0" pos="31.77" speed="25.17" angle="217.35" x="6.02" y="100.87"/>
        <vehicle id="cfm-fast_3" eclass="HBEFA3/PC_G_EU4" CO2="0.00" CO="0.00" HC="0.00" NOx="0.00" PMx="0.00" fuel="0.00" electricity="0.00" noise="69.46" route="routetop" type="cfm-fast" waiting="0.00" lane="top_0" pos="48.14" speed="23.36" angle="187.90" x="-4.81" y="67.76"/>
        <vehicle id="cfm-fast_4" eclass="HBEFA3/PC_G_EU4" CO2="264487.08" CO="6223.26" HC="35.01" NOx="123.38" PMx="7.25" fuel="113.69" electricity="0.00" noise="146.87" route="routebottom" type="cfm-fast" waiting="0.00" lane="bottom_1" pos="26.56" speed="66.37" angle="46.70" x="112.04" y="19.80"/>
        <vehicle id="cfm-fast_5" eclass="HBEFA3/PC_G_EU4" CO2="9802.40" CO="125.83" HC="0.81" NOx="4.03" PMx="0.21" fuel="4.21" electricity="0.00" noise="72.16" route="routetop" type="cfm-fast" waiting="0.00" lane="left_0" pos="13.08" speed="21.88" angle="160.98" x="0.78" y="36.22"/>
        <vehicle id="cfm-slow_0" eclass="HBEFA3/PC_G_EU4" CO2="15110.36" CO="235.95" HC="1.45" NOx="6.52" PMx="0.35" fuel="6.50" electricity="0.00" noise="75.26" route="routetop" type="cfm-slow" waiting="0.00" lane="left_0" pos="26.30" speed="22.75" angle="137.18" x="17.17" y="13.22"/>
        <vehicle id="cfm-slow_1" eclass="HBEFA3/PC_G_EU4" CO2="19822.20" CO="336.57" HC="2.02" NOx="8.70" PMx="0.47" fuel="8.52" electricity="0.00" noise="78.10" route="routetop" type="cfm-slow" waiting="0.00" lane="left_0" pos="44.41" speed="24.49" angle="104.63" x="51.60" y="-3.88"/>
        <vehicle id="cfm-slow_2" eclass="HBEFA3/PC_G_EU4" CO2="22045.12" CO="390.82" HC="2.33" NOx="9.70" PMx="0.54" fuel="9.48" electricity="0.00" noise="79.29" route="routebottom" type="cfm-slow" waiting="0.00" lane="bottom_0" pos="14.33" speed="26.76" angle="68.70" x="93.55" y="1.91"/>
        <vehicle id="cfm-slow_3" eclass="HBEFA3/PC_G_EU4" CO2="17859.49" CO="317.24" HC="1.89" NOx="7.68" PMx="0.44" fuel="7.68" electricity="0.00" noise="77.38" route="routebottom" type="cfm-slow" waiting="0.00" lane="bottom_0" pos="36.57" speed="29.00" angle="28.69" x="126.23" y="35.53"/>
        <vehicle id="cfm-slow_4" eclass="HBEFA3/PC_G_EU4" CO2="6566.83" CO="94.14" HC="0.60" NOx="2.32" PMx="0.15" fuel="2.82" electricity="0.00" noise="74.17" route="routebottom" type="cfm-slow" waiting="0.00" lane="right_0" pos="11.03" speed="30.32" angle="344.57" x="128.16" y="87.01"/>
        <vehicle id="cfm-slow_5" eclass="HBEFA3/PC_G_EU4" CO2="0.00" CO="0.00" HC="0.00" NOx="0.00" PMx="0.00" fuel="0.00" electricity="0.00" noise="72.53" route="routebottom" type="cfm-slow" waiting="0.00" lane="right_0" pos="36.72" speed="30.03" angle="298.39" x="91.49" y="126.36"/>
    </timestep>
    <timestep time="4.91">
        <vehicle id="cfm-fast_0" eclass="HBEFA3/PC_G_EU4" CO2="0.00" CO="0.00" HC="0.00" NOx="0.00" PMx="0.00" fuel="0.00" electricity="0.00" noise="71.32" route="routetop" type="cfm-fast" waiting="0.00" lane="top_0" pos="12.41" speed="28.00" angle="252.09" x="37.54" y="127.09"/>
        <vehicle id="cfm-fast_1" eclass="HBEFA3/PC_G_EU4" CO2="169543.25" CO="4018.48" HC="22.58" NOx="78.69" PMx="4.66" fuel="72.88" electricity="0.00" noise="125.36" route="routetop" type="cfm-fast" waiting="0.00" lane="left_1" pos="23.87" speed="59.18" angle="141.54" x="15.88" y="19.16"/>
        <vehicle id="cfm-fast_2" eclass="HBEFA3/PC_G_EU4" CO2="0.00" CO="0.00" HC="0.00" NOx="0.00" PMx="0.00" fuel="0.00" electricity="0.00" noise="70.04" route="routetop" type="cfm-fast" waiting="0.00" lane="top_0" pos="32.02" speed="25.15" angle="216.94" x="5.72" y="100.42"/>
        <vehicle id="cfm-fast_3" eclass="HBEFA3/PC_G_EU4" CO2="0.00" CO="0.00" HC="0.00" NOx="0.00" PMx="0.00" fuel="0.00" electricity="0.00" noise="69.46" route="routetop" type="cfm-fast" waiting="0.00" lane="top_0" pos="48.37" speed="23.35" angle="187.45" x="-4.84" y="67.26"/>
        <vehicle id="cfm-fast_4" eclass="HBEFA3/PC_G_EU4" CO2="265096.33" CO="6240.96" HC="35.11" NOx="123.67" PMx="7.26" fuel="113.95" electricity="0.00" noise="146.94" route="routebottom" type="cfm-fast" waiting="0.00" lane="bottom_1" pos="27.23" speed="66.50" angle="45.52" x="112.95" y="20.82"/>
        <vehicle id="cfm-fast_5" eclass="HBEFA3/PC_G_EU4" CO2="9838.72" CO="126.58" HC="0.82" NOx="4.05" PMx="0.21" fuel="4.23" electricity="0.00" noise="72.18" route="routetop" type="cfm-fast" waiting="0.00" lane="left_0" pos="13.30" speed="21.89" angle="160.57" x="0.98" y="35.79"/>
        <vehicle id="cfm-slow_0" eclass="HBEFA3/PC_G_EU4" CO2="15143.99" CO="236.67" HC="1.45" NOx="6.53" PMx="0.35" fuel="6.51" electricity="0.00" noise="75.28" route="routetop" type="cfm-slow" waiting="0.00" lane="left_0" pos="26.52" speed="22.77" angle="136.75" x="17.53" y="12.89"/>
        <vehicle id="cfm-slow_1" eclass="HBEFA3/PC_G_EU4" CO2="19834.70" CO="336.89" HC="2.03" NOx="8.71" PMx="0.47" fuel="8.53" electricity="0.00" noise="78.11" route="routetop" type="cfm-slow" waiting="0.00" lane="left_0" pos="44.65" speed="24.52" angle="104.18" x="52.12" y="-3.97"/>
        <vehicle id="cfm-slow_2" eclass="HBEFA3/PC_G_EU4" CO2="22000.09" CO="390.01" HC="2.32" NOx="9.68" PMx="0.54" fuel="9.46" electricity="0.00" noise="79.26" route="routebottom" type="cfm-slow" waiting="0.00" lane="bottom_0" pos="14.60" speed="26.79" angle="68.20" x="94.07" y="2.17"/>
        <vehicle id="cfm-slow_3" eclass="HBEFA3/PC_G_EU4" CO2="17742.82" CO="314.94" HC="1.88" NOx="7.62" PMx="0.43" fuel="7.63" electricity="0.00" noise="77.34" route="routebottom" type="cfm-slow" waiting="0.00" lane="bottom_0" pos="36.86" speed="29.02" angle="28.13" x="126.48" y="36.10"/>
        <vehicle id="cfm-slow_4" eclass="HBEFA3/PC_G_EU4" CO2="6428.75" CO="91.30" HC="0.58" NOx="2.25" PMx="0.14" fuel="2.76" electricity="0.00" noise="74.15" route="routebottom" type="cfm-slow" waiting="0.00" lane="right_0" pos="11.33" speed="30.32" angle="343.99" x="127.94" y="87.63"/>
        <vehicle id="cfm-slow_5" eclass="HBEFA3/PC_G_EU4" CO2="0.00" CO="0.00" HC="0.00" NOx="0.00" PMx="0.00" fuel="0.00" electricity="0.00" noise="72.52" route="routebottom" type="cfm-slow" waiting="0.00" lane="right_0" pos="37.02" speed="30.01" angle="297.81" x="90.90" y="126.63"/>
    </timestep>
    <timestep time="4.92">
        <vehicle id="cfm-fast_0" eclass="HBEFA3/PC_G_EU4" CO2="0.00" CO="0.00" HC="0.00" NOx="0.00" PMx="0.00" fuel="0.00" electricity="0.00" noise="71.31" route="routetop" type="cfm-fast" waiting="0.00" lane="top_0" pos="12.69" speed="27.98" angle="251.59" x="36.98" y="126.87"/>
        <vehicle id="cfm-fast_1" eclass="HBEFA3/PC_G_EU4" CO2="170122.48" CO="4033.44" HC="22.67" NOx="78.96" PMx="4.68" fuel="73.13" electricity="0.00" noise="125.48" route="routetop" type="cfm-fast" waiting="0.00" lane="left_1" pos="24.46" speed="59.27" angle="140.51" x="16.71" y="18.27"/>
        <vehicle id="cfm-fast_2" eclass="HBEFA3/PC_G_EU4" CO2="0.00" CO="0.00" HC="0.00" NOx="0.00" PMx="0.00" fuel="0.00" electricity="0.00" noise="70.04" route="routetop" type="cfm-fast" waiting="0.00" lane="top_0" pos="32.27" speed="25.14" angle="216.49" x="5.44" y="99.96"/>
        <vehicle id="cfm-fast_3" eclass="HBEFA3/PC_G_EU4" CO2="0.00" CO="0.00" HC="0.00" NOx="0.00" PMx="0.00" fuel="0.00" electricity="0.00" noise="69.47" route="routetop" type="cfm-fast" waiting="0.00" lane="top_0" pos="48.61" speed="23.34" angle="187.00" x="-4.87" y="66.76"/>
        <vehicle id="cfm-fast_4" eclass="HBEFA3/PC_G_EU4" CO2="265705.86" CO="6258.69" HC="35.20" NOx="123.96" PMx="7.28" fuel="114.21" electricity="0.00" noise="147.01" route="routebottom" type="cfm-fast" waiting="0.00" lane="bottom_1" pos="27.89" speed="66.64" angle="44.25" x="113.83" y="21.87"/>
        <vehicle id="cfm-fast_5" eclass="HBEFA3/PC_G_EU4" CO2="9875.14" CO="127.34" HC="0.82" NOx="4.07" PMx="0.21" fuel="4.24" electricity="0.00" noise="72.20" route="routetop" type="cfm-fast" waiting="0.00" lane="left_0" pos="13.52" speed="21.90" angle="160.16" x="1.17" y="35.36"/>
        <vehicle id="cfm-slow_0" eclass="HBEFA3/PC_G_EU4" CO2="15177.52" CO="237.39" HC="1.46" NOx="6.55" PMx="0.35" fuel="6.52" electricity="0.00" noise="75.30" route="routetop" type="cfm-slow" waiting="0.00" lane="left_0" pos="26.75" speed="22.78" angle="136.33" x="17.89" y="12.56"/>
        <vehicle id="cfm-slow_1" eclass="HBEFA3/PC_G_EU4" CO2="19846.79" CO="337.21" HC="2.03" NOx="8.71" PMx="0.48" fuel="8.53" electricity="0.00" noise="78.12" route="routetop" type="cfm-slow" waiting="0.00" lane="left_0" pos="44.90" speed="24.54" angle="103.79" x="52.64" y="-4.07"/>
        <vehicle id="cfm-slow_2" eclass="HBEFA3/PC_G_EU4" CO2="21954.47" CO="389.19" HC="2.32" NOx="9.66" PMx="0.54" fuel="9.44" electricity="0.00" noise="79.24" route="routebottom" type="cfm-slow" waiting="0.00" lane="bottom_0" pos="14.87" speed="26.81" angle="67.70" x="94.59" y="2.43"/>
        <vehicle id="cfm-slow_3" eclass="HBEFA3/PC_G_EU4" CO2="17625.96" CO="312.64" HC="1.87" NOx="7.56" PMx="0.43" fuel="7.58" electricity="0.00" noise="77.29" route="routebottom" type="cfm-slow" waiting="0.00" lane="bottom_0" pos="37.15" speed="29.03" angle="27.62" x="126.74" y="36.67"/>
        <vehicle id="cfm-slow_4" eclass="HBEFA3/PC_G_EU4" CO2="6291.28" CO="88.48" HC="0.57" NOx="2.19" PMx="0.14" fuel="2.70" electricity="0.00" noise="74.12" route="routebottom" type="cfm-slow" waiting="0.00" lane="right_0" pos="11.64" speed="30.32" angle="343.49" x="127.71" y="88.24"/>
        <vehicle id="cfm-slow_5" eclass="HBEFA3/PC_G_EU4" CO2="0.00" CO="0.00" HC="0.00" NOx="0.00" PMx="0.00" fuel="0.00" electricity="0.00" noise="72.50" route="routebottom" type="cfm-slow" waiting="0.00" lane="right_0" pos="37.32" speed="30.00" angle="297.33" x="90.31" y="126.88"/>
    </timestep>
    <timestep time="4.93">
        <vehicle id="cfm-fast_0" eclass="HBEFA3/PC_G_EU4" CO2="0.00" CO="0.00" HC="0.00" NOx="0.00" PMx="0.00" fuel="0.00" electricity="0.00" noise="71.30" route="routetop" type="cfm-fast" waiting="0.00" lane="top_0" pos="12.97" speed="27.96" angle="251.13" x="36.43" y="126.63"/>
        <vehicle id="cfm-fast_1" eclass="HBEFA3/PC_G_EU4" CO2="170704.19" CO="4048.47" HC="22.75" NOx="79.23" PMx="4.69" fuel="73.38" electricity="0.00" noise="125.61" route="routetop" type="cfm-fast" waiting="0.00" lane="left_1" pos="25.05" speed="59.37" angle="139.41" x="17.57" y="17.41"/>
        <vehicle id="cfm-fast_2" eclass="HBEFA3/PC_G_EU4" CO2="0.00" CO="0.00" HC="0.00" NOx="0.00" PMx="0.00" fuel="0.00" electricity="0.00" noise="70.03" route="routetop" type="cfm-fast" waiting="0.00" lane="top_0" pos="32.52" speed="25.12" angle="216.01" x="5.16" y="99.49"/>
        <vehicle id="cfm-fast_3" eclass="HBEFA3/PC_G_EU4" CO2="0.00" CO="0.00" HC="0.00" NOx="0.00" PMx="0.00" fuel="0.00" electricity="0.00" noise="69.47" route="routetop" type="cfm-fast" waiting="0.00" lane="top_0" pos="48.84" speed="23.34" angle="186.63" x="-4.89" y="66.25"/>
        <vehicle id="cfm-fast_4" eclass="HBEFA3/PC_G_EU4" CO2="266315.69" CO="6276.43" HC="35.30" NOx="124.24" PMx="7.30" fuel="114.48" electricity="0.00" noise="147.07" route="routebottom" type="cfm-fast" waiting="0.00" lane="bottom_1" pos="28.56" speed="66.77" angle="43.06" x="114.70" y="22.93"/>
        <vehicle id="cfm-fast_5" eclass="HBEFA3/PC_G_EU4" CO2="9911.65" CO="128.10" HC="0.83" NOx="4.08" PMx="0.21" fuel="4.26" electricity="0.00" noise="72.22" route="routetop" type="cfm-fast" waiting="0.00" lane="left_0" pos="13.74" speed="21.91" angle="159.75" x="1.36" y="34.93"/>
        <vehicle id="cfm-slow_0" eclass="HBEFA3/PC_G_EU4" CO2="15210.97" CO="238.10" HC="1.46" NOx="6.56" PMx="0.35" fuel="6.54" electricity="0.00" noise="75.32" route="routetop" type="cfm-slow" waiting="0.00" lane="left_0" pos="26.98" speed="22.80" angle="135.97" x="18.25" y="12.23"/>
        <vehicle id="cfm-slow_1" eclass="HBEFA3/PC_G_EU4" CO2="19858.47" CO="337.52" HC="2.03" NOx="8.72" PMx="0.48" fuel="8.54" electricity="0.00" noise="78.12" route="routetop" type="cfm-slow" waiting="0.00" lane="left_0" pos="45.14" speed="24.57" angle="103.34" x="53.16" y="-4.14"/>
        <vehicle id="cfm-slow_2" eclass="HBEFA3/PC_G_EU4" CO2="21908.28" CO="388.35" HC="2.31" NOx="9.63" PMx="0.54" fuel="9.42" electricity="0.00" noise="79.21" route="routebottom" type="cfm-slow" waiting="0.00" lane="bottom_0" pos="15.13" speed="26.84" angle="67.20" x="95.10" y="2.68"/>
        <vehicle id="cfm-slow_3" eclass="HBEFA3/PC_G_EU4" CO2="17508.91" CO="310.34" HC="1.85" NOx="7.51" PMx="0.43" fuel="7.53" electricity="0.00" noise="77.24" route="routebottom" type="cfm-slow" waiting="0.00" lane="bottom_0" pos="37.44" speed="29.05" angle="27.12" x="126.98" y="37.24"/>
        <vehicle id="cfm-slow_4" eclass="HBEFA3/PC_G_EU4" CO2="6154.43" CO="85.66" HC="0.55" NOx="2.12" PMx="0.14" fuel="2.65" electricity="0.00" noise="74.09" route="routebottom" type="cfm-slow" waiting="0.00" lane="right_0" pos="11.94" speed="30.32" angle="342.93" x="127.47" y="88.84"/>
        <vehicle id="cfm-slow_5" eclass="HBEFA3/PC_G_EU4" CO2="0.00" CO="0.00" HC="0.00" NOx="0.00" PMx="0.00" fuel="0.00" electricity="0.00" noise="72.49" route="routebottom" type="cfm-slow" waiting="0.00" lane="right_0" pos="37.62" speed="29.98" angle="296.79" x="89.71" y="127.12"/>
    </timestep>
    <timestep time="4.94">
        <vehicle id="cfm-fast_0" eclass="HBEFA3/PC_G_EU4" CO2="0.00" CO="0.00" HC="0.00" NOx="0.00" PMx="0.00" fuel="0.00" electricity="0.00" noise="71.29" route="routetop" type="cfm-fast" waiting="0.00" lane="top_0" pos="13.25" speed="27.94" angle="250.62" x="35.88" y="126.39"/>
        <vehicle id="cfm-fast_1" eclass="HBEFA3/PC_G_EU4" CO2="171288.34" CO="4063.57" HC="22.83" NOx="79.51" PMx="4.71" fuel="73.63" electricity="0.00" noise="125.73" route="routetop" type="cfm-fast" waiting="0.00" lane="left_1" pos="25.65" speed="59.46" angle="138.36" x="18.43" y="16.55"/>
        <vehicle id="cfm-fast_2" eclass="HBEFA3/PC_G_EU4" CO2="0.00" CO="0.00" HC="0.00" NOx="0.00" PMx="0.00" fuel="0.00" electricity="0.00" noise="70.02" route="routetop" type="cfm-fast" waiting="0.00" lane="top_0" pos="32.77" speed="25.11" angle="215.53" x="4.88" y="99.03"/>
        <vehicle id="cfm-fast_3" eclass="HBEFA3/PC_G_EU4" CO2="0.00" CO="0.00" HC="0.00" NOx="0.00" PMx="0.00" fuel="0.00" electricity="0.00" noise="69.48" route="routetop" type="cfm-fast" waiting="0.00" lane="top_0" pos="49.07" speed="23.33" angle="186.21" x="-4.91" y="65.75"/>
        <vehicle id="cfm-fast_4" eclass="HBEFA3/PC_G_EU4" CO2="266925.82" CO="6294.20" HC="35.39" NOx="124.53" PMx="7.32" fuel="114.74" electricity="0.00" noise="147.14" route="routebottom" type="cfm-fast" waiting="0.00" lane="bottom_1" pos="29.23" speed="66.91" angle="41.82" x="115.54" y="24.01"/>
        <vehicle id="cfm-fast_5" eclass="HBEFA3/PC_G_EU4" CO2="9948.26" CO="128.86" HC="0.83" NOx="4.10" PMx="0.21" fuel="4.28" electricity="0.00" noise="72.25" route="routetop" type="cfm-fast" waiting="0.00" lane="left_0" pos="13.95" speed="21.92" angle="159.35" x="1.56" y="34.50"/>
        <vehicle id="cfm-slow_0" eclass="HBEFA3/PC_G_EU4" CO2="15244.32" CO="238.82" HC="1.46" NOx="6.58" PMx="0.35" fuel="6.55" electricity="0.00" noise="75.35" route="routetop" type="cfm-slow" waiting="0.00" lane="left_0" pos="27.21" speed="22.82" angle="135.55" x="18.63" y="11.91"/>
        <vehicle id="cfm-slow_1" eclass="HBEFA3/PC_G_EU4" CO2="19869.73" CO="337.82" HC="2.03" NOx="8.72" PMx="0.48" fuel="8.54" electricity="0.00" noise="78.13" route="routetop" type="cfm-slow" waiting="0.00" lane="left_0" pos="45.39" speed="24.59" angle="102.88" x="53.69" y="-4.21"/>
        <vehicle id="cfm-slow_2" eclass="HBEFA3/PC_G_EU4" CO2="21861.49" CO="387.50" HC="2.31" NOx="9.61" PMx="0.53" fuel="9.40" electricity="0.00" noise="79.18" route="routebottom" type="cfm-slow" waiting="0.00" lane="bottom_0" pos="15.40" speed="26.86" angle="66.77" x="95.62" y="2.94"/>
        <vehicle id="cfm-slow_3" eclass="HBEFA3/PC_G_EU4" CO2="17391.68" CO="308.03" HC="1.84" NOx="7.45" PMx="0.43" fuel="7.48" electricity="0.00" noise="77.19" route="routebottom" type="cfm-slow" waiting="0.00" lane="bottom_0" pos="37.73" speed="29.07" angle="26.59" x="127.21" y="37.83"/>
        <vehicle id="cfm-slow_4" eclass="HBEFA3/PC_G_EU4" CO2="6018.19" CO="82.86" HC="0.53" NOx="2.06" PMx="0.13" fuel="2.59" electricity="0.00" noise="74.06" route="routebottom" type="cfm-slow" waiting="0.00" lane="right_0" pos="12.24" speed="30.32" angle="342.38" x="127.23" y="89.45"/>
        <vehicle id="cfm-slow_5" eclass="HBEFA3/PC_G_EU4" CO2="0.00" CO="0.00" HC="0.00" NOx="0.00" PMx="0.00" fuel="0.00" electricity="0.00" noise="72.48" route="routebottom" type="cfm-slow" waiting="0.00" lane="right_0" pos="37.92" speed="29.97" angle="296.25" x="89.11" y="127.36"/>
    </timestep>
    <timestep time="4.95">
        <vehicle id="cfm-fast_0" eclass="HBEFA3/PC_G_EU4" CO2="0.00" CO="0.00" HC="0.00" NOx="0.00" PMx="0.00" fuel="0.00" electricity="0.00" noise="71.28" route="routetop" type="cfm-fast" waiting="0.00" lane="top_0" pos="13.53" speed="27.92" angle="250.11" x="35.33" y="126.14"/>
        <vehicle id="cfm-fast_1" eclass="HBEFA3/PC_G_EU4" CO2="171874.91" CO="4078.72" HC="22.92" NOx="79.78" PMx="4.73" fuel="73.88" electricity="0.00" noise="125.85" route="routetop" type="cfm-fast" waiting="0.00" lane="left_1" pos="26.24" speed="59.56" angle="137.26" x="19.33" y="15.72"/>
        <vehicle id="cfm-fast_2" eclass="HBEFA3/PC_G_EU4" CO2="0.00" CO="0.00" HC="0.00" NOx="0.00" PMx="0.00" fuel="0.00" electricity="0.00" noise="70.02" route="routetop" type="cfm-fast" waiting="0.00" lane="top_0" pos="33.02" speed="25.09" angle="215.06" x="4.61" y="98.57"/>
        <vehicle id="cfm-fast_3" eclass="HBEFA3/PC_G_EU4" CO2="0.00" CO="0.00" HC="0.00" NOx="0.00" PMx="0.00" fuel="0.00" electricity="0.00" noise="69.49" route="routetop" type="cfm-fast" waiting="0.00" lane="top_0" pos="49.31" speed="23.32" angle="185.78" x="-4.92" y="65.25"/>
        <vehicle id="cfm-fast_4" eclass="HBEFA3/PC_G_EU4" CO2="267536.23" CO="6311.99" HC="35.49" NOx="124.81" PMx="7.34" fuel="115.00" electricity="0.00" noise="147.20" route="routebottom" type="cfm-fast" waiting="0.00" lane="bottom_1" pos="29.90" speed="67.05" angle="40.67" x="116.36" y="25.11"/>
        <vehicle id="cfm-fast_5" eclass="HBEFA3/PC_G_EU4" CO2="9984.95" CO="129.62" HC="0.84" NOx="4.12" PMx="0.21" fuel="4.29" electricity="0.00" noise="72.27" route="routetop" type="cfm-fast" waiting="0.00" lane="left_0" pos="14.17" speed="21.93" angle="159.00" x="1.76" y="34.07"/>
        <vehicle id="cfm-slow_0" eclass="HBEFA3/PC_G_EU4" CO2="15277.57" CO="239.53" HC="1.47" NOx="6.59" PMx="0.35" fuel="6.57" electricity="0.00" noise="75.37" route="routetop" type="cfm-slow" waiting="0.00" lane="left_0" pos="27.44" speed="22.84" angle="135.12" x="19.00" y="11.60"/>
        <vehicle id="cfm-slow_1" eclass="HBEFA3/PC_G_EU4" CO2="19880.57" CO="338.12" HC="2.03" NOx="8.73" PMx="0.48" fuel="8.55" electricity="0.00" noise="78.13" route="routetop" type="cfm-slow" waiting="0.00" lane="left_0" pos="45.64" speed="24.62" angle="102.43" x="54.21" y="-4.29"/>
        <vehicle id="cfm-slow_2" eclass="HBEFA3/PC_G_EU4" CO2="21814.13" CO="386.64" HC="2.30" NOx="9.59" PMx="0.53" fuel="9.38" electricity="0.00" noise="79.16" route="routebottom" type="cfm-slow" waiting="0.00" lane="bottom_0" pos="15.67" speed="26.89" angle="66.27" x="96.13" y="3.22"/>
        <vehicle id="cfm-slow_3" eclass="HBEFA3/PC_G_EU4" CO2="17274.27" CO="305.71" HC="1.83" NOx="7.40" PMx="0.42" fuel="7.43" electricity="0.00" noise="77.15" route="routebottom" type="cfm-slow" waiting="0.00" lane="bottom_0" pos="38.02" speed="29.08" angle="26.07" x="127.44" y="38.41"/>
        <vehicle id="cfm-slow_4" eclass="HBEFA3/PC_G_EU4" CO2="0.00" CO="0.00" HC="0.00" NOx="0.00" PMx="0.00" fuel="0.00" electricity="0.00" noise="74.04" route="routebottom" type="cfm-slow" waiting="0.00" lane="right_0" pos="12.55" speed="30.32" angle="341.83" x="126.98" y="90.05"/>
        <vehicle id="cfm-slow_5" eclass="HBEFA3/PC_G_EU4" CO2="0.00" CO="0.00" HC="0.00" NOx="0.00" PMx="0.00" fuel="0.00" electricity="0.00" noise="72.47" route="routebottom" type="cfm-slow" waiting="0.00" lane="right_0" pos="38.22" speed="29.95" angle="295.71" x="88.51" y="127.60"/>
    </timestep>
    <timestep time="4.96">
        <vehicle id="cfm-fast_0" eclass="HBEFA3/PC_G_EU4" CO2="0.00" CO="0.00" HC="0.00" NOx="0.00" PMx="0.00" fuel="0.00" electricity="0.00" noise="71.27" route="routetop" type="cfm-fast" waiting="0.00" lane="top_0" pos="13.81" speed="27.90" angle="249.60" x="34.78" y="125.90"/>
        <vehicle id="cfm-fast_1" eclass="HBEFA3/PC_G_EU4" CO2="172463.87" CO="4093.94" HC="23.00" NOx="80.06" PMx="4.74" fuel="74.13" electricity="0.00" noise="125.97" route="routetop" type="cfm-fast" waiting="0.00" lane="left_1" pos="26.84" speed="59.66" angle="136.18" x="20.23" y="14.89"/>
        <vehicle id="cfm-fast_2" eclass="HBEFA3/PC_G_EU4" CO2="0.00" CO="0.00" HC="0.00" NOx="0.00" PMx="0.00" fuel="0.00" electricity="0.00" noise="70.01" route="routetop" type="cfm-fast" waiting="0.00" lane="top_0" pos="33.27" speed="25.08" angle="214.61" x="4.33" y="98.11"/>
        <vehicle id="cfm-fast_3" eclass="HBEFA3/PC_G_EU4" CO2="0.00" CO="0.00" HC="0.00" NOx="0.00" PMx="0.00" fuel="0.00" electricity="0.00" noise="69.49" route="routetop" type="cfm-fast" waiting="0.00" lane="top_0" pos="49.54" speed="23.31" angle="185.35" x="-4.93" y="64.75"/>
        <vehicle id="cfm-fast_4" eclass="HBEFA3/PC_G_EU4" CO2="268146.93" CO="6329.80" HC="35.59" NOx="125.10" PMx="7.36" fuel="115.26" electricity="0.00" noise="147.27" route="routebottom" type="cfm-fast" waiting="0.00" lane="bottom_1" pos="30.57" speed="67.18" angle="39.46" x="117.17" y="26.23"/>
        <vehicle id="cfm-fast_5" eclass="HBEFA3/PC_G_EU4" CO2="10021.73" CO="130.39" HC="0.84" NOx="4.14" PMx="0.21" fuel="4.31" electricity="0.00" noise="72.29" route="routetop" type="cfm-fast" waiting="0.00" lane="left_0" pos="14.39" speed="21.94" angle="158.59" x="1.97" y="33.65"/>
        <vehicle id="cfm-slow_0" eclass="HBEFA3/PC_G_EU4" CO2="15310.72" CO="240.24" HC="1.47" NOx="6.61" PMx="0.35" fuel="6.58" electricity="0.00" noise="75.39" route="routetop" type="cfm-slow" waiting="0.00" lane="left_0" pos="27.66" speed="22.86" angle="134.69" x="19.38" y="11.28"/>
        <vehicle id="cfm-slow_1" eclass="HBEFA3/PC_G_EU4" CO2="19890.99" CO="338.40" HC="2.04" NOx="8.73" PMx="0.48" fuel="8.55" electricity="0.00" noise="78.14" route="routetop" type="cfm-slow" waiting="0.00" lane="left_0" pos="45.88" speed="24.64" angle="101.97" x="54.74" y="-4.36"/>
        <vehicle id="cfm-slow_2" eclass="HBEFA3/PC_G_EU4" CO2="21766.19" CO="385.77" HC="2.30" NOx="9.56" PMx="0.53" fuel="9.36" electricity="0.00" noise="79.13" route="routebottom" type="cfm-slow" waiting="0.00" lane="bottom_0" pos="15.94" speed="26.91" angle="65.77" x="96.63" y="3.50"/>
        <vehicle id="cfm-slow_3" eclass="HBEFA3/PC_G_EU4" CO2="17156.69" CO="303.39" HC="1.81" NOx="7.34" PMx="0.42" fuel="7.37" electricity="0.00" noise="77.10" route="routebottom" type="cfm-slow" waiting="0.00" lane="bottom_0" pos="38.31" speed="29.10" angle="25.54" x="127.67" y="38.99"/>
        <vehicle id="cfm-slow_4" eclass="HBEFA3/PC_G_EU4" CO2="0.00" CO="0.00" HC="0.00" NOx="0.00" PMx="0.00" fuel="0.00" electricity="0.00" noise="74.01" route="routebottom" type="cfm-slow" waiting="0.00" lane="right_0" pos="12.85" speed="30.32" angle="341.34" x="126.74" y="90.66"/>
        <vehicle id="cfm-slow_5" eclass="HBEFA3/PC_G_EU4" CO2="0.00" CO="0.00" HC="0.00" NOx="0.00" PMx="0.00" fuel="0.00" electricity="0.00" noise="72.46" route="routebottom" type="cfm-slow" waiting="0.00" lane="right_0" pos="38.52" speed="29.94" angle="295.22" x="87.92" y="127.84"/>
    </timestep>
    <timestep time="4.97">
        <vehicle id="cfm-fast_0" eclass="HBEFA3/PC_G_EU4" CO2="0.00" CO="0.00" HC="0.00" NOx="0.00" PMx="0.00" fuel="0.00" electricity="0.00" noise="71.26" route="routetop" type="cfm-fast" waiting="0.00" lane="top_0" pos="14.09" speed="27.88" angle="249.15" x="34.23" y="125.65"/>
        <vehicle id="cfm-fast_1" eclass="HBEFA3/PC_G_EU4" CO2="173055.18" CO="4109.22" HC="23.09" NOx="80.34" PMx="4.76" fuel="74.39" electricity="0.00" noise="126.10" route="routetop" type="cfm-fast" waiting="0.00" lane="left_1" pos="27.44" speed="59.75" angle="135.11" x="21.16" y="14.09"/>
        <vehicle id="cfm-fast_2" eclass="HBEFA3/PC_G_EU4" CO2="0.00" CO="0.00" HC="0.00" NOx="0.00" PMx="0.00" fuel="0.00" electricity="0.00" noise="70.01" route="routetop" type="cfm-fast" waiting="0.00" lane="top_0" pos="33.52" speed="25.07" angle="214.19" x="4.06" y="97.64"/>
        <vehicle id="cfm-fast_3" eclass="HBEFA3/PC_G_EU4" CO2="0.00" CO="0.00" HC="0.00" NOx="0.00" PMx="0.00" fuel="0.00" electricity="0.00" noise="69.50" route="routetop" type="cfm-fast" waiting="0.00" lane="top_0" pos="49.77" speed="23.30" angle="184.93" x="-4.94" y="64.25"/>
        <vehicle id="cfm-fast_4" eclass="HBEFA3/PC_G_EU4" CO2="268757.93" CO="6347.63" HC="35.68" NOx="125.39" PMx="7.37" fuel="115.53" electricity="0.00" noise="147.34" route="routebottom" type="cfm-fast" waiting="0.00" lane="bottom_1" pos="31.25" speed="67.32" angle="38.29" x="117.95" y="27.37"/>
        <vehicle id="cfm-fast_5" eclass="HBEFA3/PC_G_EU4" CO2="10058.59" CO="131.15" HC="0.84" NOx="4.15" PMx="0.21" fuel="4.32" electricity="0.00" noise="72.31" route="routetop" type="cfm-fast" waiting="0.00" lane="left_0" pos="14.61" speed="21.95" angle="158.18" x="2.18" y="33.23"/>
        <vehicle id="cfm-slow_0" eclass="HBEFA3/PC_G_EU4" CO2="15343.76" CO="240.95" HC="1.48" NOx="6.63" PMx="0.35" fuel="6.60" electricity="0.00" noise="75.41" route="routetop" type="cfm-slow" waiting="0.00" lane="left_0" pos="27.89" speed="22.88" angle="134.27" x="19.75" y="10.96"/>
        <vehicle id="cfm-slow_1" eclass="HBEFA3/PC_G_EU4" CO2="19900.99" CO="338.68" HC="2.04" NOx="8.73" PMx="0.48" fuel="8.55" electricity="0.00" noise="78.14" route="routetop" type="cfm-slow" waiting="0.00" lane="left_0" pos="46.13" speed="24.66" angle="101.55" x="55.26" y="-4.43"/>
        <vehicle id="cfm-slow_2" eclass="HBEFA3/PC_G_EU4" CO2="21717.68" CO="384.89" HC="2.29" NOx="9.54" PMx="0.53" fuel="9.34" electricity="0.00" noise="79.10" route="routebottom" type="cfm-slow" waiting="0.00" lane="bottom_0" pos="16.21" speed="26.93" angle="65.27" x="97.14" y="3.78"/>
        <vehicle id="cfm-slow_3" eclass="HBEFA3/PC_G_EU4" CO2="17038.94" CO="301.07" HC="1.80" NOx="7.29" PMx="0.42" fuel="7.32" electricity="0.00" noise="77.05" route="routebottom" type="cfm-slow" waiting="0.00" lane="bottom_0" pos="38.60" speed="29.11" angle="25.07" x="127.90" y="39.57"/>
        <vehicle id="cfm-slow_4" eclass="HBEFA3/PC_G_EU4" CO2="0.00" CO="0.00" HC="0.00" NOx="0.00" PMx="0.00" fuel="0.00" electricity="0.00" noise="73.98" route="routebottom" type="cfm-slow" waiting="0.00" lane="right_0" pos="13.15" speed="30.32" angle="340.79" x="126.47" y="91.25"/>
        <vehicle id="cfm-slow_5" eclass="HBEFA3/PC_G_EU4" CO2="0.00" CO="0.00" HC="0.00" NOx="0.00" PMx="0.00" fuel="0.00" electricity="0.00" noise="72.45" route="routebottom" type="cfm-slow" waiting="0.00" lane="right_0" pos="38.82" speed="29.92" angle="294.68" x="87.31" y="128.06"/>
    </timestep>
    <timestep time="4.98">
        <vehicle id="cfm-fast_0" eclass="HBEFA3/PC_G_EU4" CO2="0.00" CO="0.00" HC="0.00" NOx="0.00" PMx="0.00" fuel="0.00" electricity="0.00" noise="71.25" route="routetop" type="cfm-fast" waiting="0.00" lane="top_0" pos="14.37" speed="27.86" angle="248.62" x="33.70" y="125.38"/>
        <vehicle id="cfm-fast_1" eclass="HBEFA3/PC_G_EU4" CO2="173648.82" CO="4124.56" HC="23.17" NOx="80.62" PMx="4.78" fuel="74.64" electricity="0.00" noise="126.22" route="routetop" type="cfm-fast" waiting="0.00" lane="left_1" pos="28.04" speed="59.85" angle="134.01" x="22.09" y="13.30"/>
        <vehicle id="cfm-fast_2" eclass="HBEFA3/PC_G_EU4" CO2="0.00" CO="0.00" HC="0.00" NOx="0.00" PMx="0.00" fuel="0.00" electricity="0.00" noise="70.00" route="routetop" type="cfm-fast" waiting="0.00" lane="top_0" pos="33.78" speed="25.05" angle="213.73" x="3.80" y="97.17"/>
        <vehicle id="cfm-fast_3" eclass="HBEFA3/PC_G_EU4" CO2="0.00" CO="0.00" HC="0.00" NOx="0.00" PMx="0.00" fuel="0.00" electricity="0.00" noise="69.51" route="routetop" type="cfm-fast" waiting="0.00" lane="left_0" pos="0.01" speed="23.30" angle="184.47" x="-4.95" y="63.56"/>
        <vehicle id="cfm-fast_4" eclass="HBEFA3/PC_G_EU4" CO2="269369.22" CO="6365.49" HC="35.78" NOx="125.67" PMx="7.39" fuel="115.79" electricity="0.00" noise="147.40" route="routebottom" type="cfm-fast" waiting="0.00" lane="bottom_1" pos="31.92" speed="67.46" angle="37.05" x="118.72" y="28.52"/>
        <vehicle id="cfm-fast_5" eclass="HBEFA3/PC_G_EU4" CO2="10095.53" CO="131.92" HC="0.85" NOx="4.17" PMx="0.22" fuel="4.34" electricity="0.00" noise="72.33" route="routetop" type="cfm-fast" waiting="0.00" lane="left_0" pos="14.83" speed="21.96" angle="157.76" x="2.39" y="32.81"/>
        <vehicle id="cfm-slow_0" eclass="HBEFA3/PC_G_EU4" CO2="15376.70" CO="241.65" HC="1.48" NOx="6.64" PMx="0.36" fuel="6.61" electricity="0.00" noise="75.43" route="routetop" type="cfm-slow" waiting="0.00" lane="left_0" pos="28.12" speed="22.90" angle="133.86" x="20.13" y="10.64"/>
        <vehicle id="cfm-slow_1" eclass="HBEFA3/PC_G_EU4" CO2="19910.56" CO="338.95" HC="2.04" NOx="8.74" PMx="0.48" fuel="8.56" electricity="0.00" noise="78.15" route="routetop" type="cfm-slow" waiting="0.00" lane="left_0" pos="46.38" speed="24.69" angle="101.12" x="55.79" y="-4.49"/>
        <vehicle id="cfm-slow_2" eclass="HBEFA3/PC_G_EU4" CO2="21668.59" CO="384.00" HC="2.29" NOx="9.52" PMx="0.53" fuel="9.31" electricity="0.00" noise="79.08" route="routebottom" type="cfm-slow" waiting="0.00" lane="bottom_0" pos="16.48" speed="26.96" angle="64.78" x="97.65" y="4.07"/>
        <vehicle id="cfm-slow_3" eclass="HBEFA3/PC_G_EU4" CO2="16921.04" CO="298.74" HC="1.79" NOx="7.23" PMx="0.41" fuel="7.27" electricity="0.00" noise="77.01" route="routebottom" type="cfm-slow" waiting="0.00" lane="bottom_0" pos="38.89" speed="29.13" angle="24.55" x="128.11" y="40.16"/>
        <vehicle id="cfm-slow_4" eclass="HBEFA3/PC_G_EU4" CO2="0.00" CO="0.00" HC="0.00" NOx="0.00" PMx="0.00" fuel="0.00" electricity="0.00" noise="73.96" route="routebottom" type="cfm-slow" waiting="0.00" lane="right_0" pos="13.46" speed="30.32" angle="340.24" x="126.20" y="91.85"/>
        <vehicle id="cfm-slow_5" eclass="HBEFA3/PC_G_EU4" CO2="0.00" CO="0.00" HC="0.00" NOx="0.00" PMx="0.00" fuel="0.00" electricity="0.00" noise="72.43" route="routebottom" type="cfm-slow" waiting="0.00" lane="right_0" pos="39.12" speed="29.91" angle="294.13" x="86.71" y="128.28"/>
    </timestep>
    <timestep time="4.99">
        <vehicle id="cfm-fast_0" eclass="HBEFA3/PC_G_EU4" CO2="0.00" CO="0.00" HC="0.00" NOx="0.00" PMx="0.00" fuel="0.00" electricity="0.00" noise="71.24" route="routetop" type="cfm-fast" waiting="0.00" lane="top_0" pos="14.65" speed="27.84" angle="248.09" x="33.16" y="125.11"/>
        <vehicle id="cfm-fast_1" eclass="HBEFA3/PC_G_EU4" CO2="174244.75" CO="4139.96" HC="23.26" NOx="80.90" PMx="4.79" fuel="74.90" electricity="0.00" noise="126.34" route="routetop" type="cfm-fast" waiting="0.00" lane="left_1" pos="28.64" speed="59.94" angle="132.96" x="23.05" y="12.53"/>
        <vehicle id="cfm-fast_2" eclass="HBEFA3/PC_G_EU4" CO2="0.00" CO="0.00" HC="0.00" NOx="0.00" PMx="0.00" fuel="0.00" electricity="0.00" noise="69.99" route="routetop" type="cfm-fast" waiting="0.00" lane="top_0" pos="34.03" speed="25.04" angle="213.28" x="3.54" y="96.69"/>
        <vehicle id="cfm-fast_3" eclass="HBEFA3/PC_G_EU4" CO2="0.00" CO="0.00" HC="0.00" NOx="0.00" PMx="0.00" fuel="0.00" electricity="0.00" noise="69.51" route="routetop" type="cfm-fast" waiting="0.00" lane="left_0" pos="0.24" speed="23.29" angle="184.05" x="-4.94" y="63.06"/>
        <vehicle id="cfm-fast_4" eclass="HBEFA3/PC_G_EU4" CO2="269980.80" CO="6383.36" HC="35.88" NOx="125.96" PMx="7.41" fuel="116.05" electricity="0.00" noise="147.47" route="routebottom" type="cfm-fast" waiting="0.00" lane="bottom_1" pos="32.60" speed="67.59" angle="35.86" x="119.44" y="29.70"/>
        <vehicle id="cfm-fast_5" eclass="HBEFA3/PC_G_EU4" CO2="10132.55" CO="132.69" HC="0.85" NOx="4.19" PMx="0.22" fuel="4.36" electricity="0.00" noise="72.35" route="routetop" type="cfm-fast" waiting="0.00" lane="left_0" pos="15.05" speed="21.98" angle="157.35" x="2.60" y="32.38"/>
        <vehicle id="cfm-slow_0" eclass="HBEFA3/PC_G_EU4" CO2="15409.52" CO="242.36" HC="1.48" NOx="6.66" PMx="0.36" fuel="6.62" electricity="0.00" noise="75.45" route="routetop" type="cfm-slow" waiting="0.00" lane="left_0" pos="28.35" speed="22.92" angle="133.48" x="20.51" y="10.33"/>
        <vehicle id="cfm-slow_1" eclass="HBEFA3/PC_G_EU4" CO2="19919.70" CO="339.21" HC="2.04" NOx="8.74" PMx="0.48" fuel="8.56" electricity="0.00" noise="78.15" route="routetop" type="cfm-slow" waiting="0.00" lane="left_0" pos="46.62" speed="24.71" angle="100.67" x="56.32" y="-4.54"/>
        <vehicle id="cfm-slow_2" eclass="HBEFA3/PC_G_EU4" CO2="21618.93" CO="383.09" HC="2.28" NOx="9.49" PMx="0.53" fuel="9.29" electricity="0.00" noise="79.05" route="routebottom" type="cfm-slow" waiting="0.00" lane="bottom_0" pos="16.75" speed="26.98" angle="64.33" x="98.15" y="4.35"/>
        <vehicle id="cfm-slow_3" eclass="HBEFA3/PC_G_EU4" CO2="16802.99" CO="296.41" HC="1.77" NOx="7.17" PMx="0.41" fuel="7.22" electricity="0.00" noise="76.96" route="routebottom" type="cfm-slow" waiting="0.00" lane="bottom_0" pos="39.18" speed="29.14" angle="24.02" x="128.32" y="40.75"/>
        <vehicle id="cfm-slow_4" eclass="HBEFA3/PC_G_EU4" CO2="0.00" CO="0.00" HC="0.00" NOx="0.00" PMx="0.00" fuel="0.00" electricity="0.00" noise="73.93" route="routebottom" type="cfm-slow" waiting="0.00" lane="right_0" pos="13.76" speed="30.32" angle="339.69" x="125.94" y="92.45"/>
        <vehicle id="cfm-slow_5" eclass="HBEFA3/PC_G_EU4" CO2="0.00" CO="0.00" HC="0.00" NOx="0.00" PMx="0.00" fuel="0.00" electricity="0.00" noise="72.42" route="routebottom" type="cfm-slow" waiting="0.00" lane="right_0" pos="39.42" speed="29.89" angle="293.59" x="86.10" y="128.50"/>
    </timestep>
    <timestep time="5.00">
        <vehicle id="cfm-fast_0" eclass="HBEFA3/PC_G_EU4" CO2="0.00" CO="0.00" HC="0.00" NOx="0.00" PMx="0.00" fuel="0.00" electricity="0.00" noise="71.22" route="routetop" type="cfm-fast" waiting="0.00" lane="top_0" pos="14.93" speed="27.82" angle="247.56" x="32.63" y="124.84"/>
        <vehicle id="cfm-fast_1" eclass="HBEFA3/PC_G_EU4" CO2="174842.94" CO="4155.43" HC="23.34" NOx="81.18" PMx="4.81" fuel="75.16" electricity="0.00" noise="126.47" route="routetop" type="cfm-fast" waiting="0.00" lane="left_1" pos="29.24" speed="60.04" angle="131.85" x="24.02" y="11.77"/>
        <vehicle id="cfm-fast_2" eclass="HBEFA3/PC_G_EU4" CO2="0.00" CO="0.00" HC="0.00" NOx="0.00" PMx="0.00" fuel="0.00" electricity="0.00" noise="69.99" route="routetop" type="cfm-fast" waiting="0.00" lane="top_0" pos="34.28" speed="25.02" angle="212.82" x="3.28" y="96.22"/>
        <vehicle id="cfm-fast_3" eclass="HBEFA3/PC_G_EU4" CO2="0.00" CO="0.00" HC="0.00" NOx="0.00" PMx="0.00" fuel="0.00" electricity="0.00" noise="69.52" route="routetop" type="cfm-fast" waiting="0.00" lane="left_0" pos="0.47" speed="23.28" angle="183.62" x="-4.93" y="62.56"/>
        <vehicle id="cfm-fast_4" eclass="HBEFA3/PC_G_EU4" CO2="270592.68" CO="6401.26" HC="35.98" NOx="126.25" PMx="7.43" fuel="116.31" electricity="0.00" noise="147.53" route="routebottom" type="cfm-fast" waiting="0.00" lane="bottom_1" pos="33.27" speed="67.73" angle="34.62" x="120.15" y="30.89"/>
        <vehicle id="cfm-fast_5" eclass="HBEFA3/PC_G_EU4" CO2="10169.64" CO="133.46" HC="0.86" NOx="4.20" PMx="0.22" fuel="4.37" electricity="0.00" noise="72.38" route="routetop" type="cfm-fast" waiting="0.00" lane="left_0" pos="15.27" speed="21.99" angle="156.96" x="2.81" y="31.96"/>
        <vehicle id="cfm-slow_0" eclass="HBEFA3/PC_G_EU4" CO2="15442.22" CO="243.06" HC="1.49" NOx="6.67" PMx="0.36" fuel="6.64" electricity="0.00" noise="75.47" route="routetop" type="cfm-slow" waiting="0.00" lane="left_0" pos="28.58" speed="22.94" angle="133.05" x="20.90" y="10.03"/>
        <vehicle id="cfm-slow_1" eclass="HBEFA3/PC_G_EU4" CO2="19928.42" CO="339.46" HC="2.04" NOx="8.75" PMx="0.48" fuel="8.57" electricity="0.00" noise="78.15" route="routetop" type="cfm-slow" waiting="0.00" lane="left_0" pos="46.87" speed="24.74" angle="100.22" x="56.85" y="-4.60"/>
        <vehicle id="cfm-slow_2" eclass="HBEFA3/PC_G_EU4" CO2="21568.70" CO="382.17" HC="2.28" NOx="9.47" PMx="0.53" fuel="9.27" electricity="0.00" noise="79.02" route="routebottom" type="cfm-slow" waiting="0.00" lane="bottom_0" pos="17.02" speed="27.01" angle="63.84" x="98.65" y="4.65"/>
        <vehicle id="cfm-slow_3" eclass="HBEFA3/PC_G_EU4" CO2="16684.79" CO="294.08" HC="1.76" NOx="7.12" PMx="0.41" fuel="7.17" electricity="0.00" noise="76.92" route="routebottom" type="cfm-slow" waiting="0.00" lane="bottom_0" pos="39.48" speed="29.16" angle="23.49" x="128.54" y="41.34"/>
        <vehicle id="cfm-slow_4" eclass="HBEFA3/PC_G_EU4" CO2="0.00" CO="0.00" HC="0.00" NOx="0.00" PMx="0.00" fuel="0.00" electricity="0.00" noise="73.91" route="routebottom" type="cfm-slow" waiting="0.00" lane="right_0" pos="14.06" speed="30.32" angle="339.19" x="125.67" y="93.04"/>
        <vehicle id="cfm-slow_5" eclass="HBEFA3/PC_G_EU4" CO2="0.00" CO="0.00" HC="0.00" NOx="0.00" PMx="0.00" fuel="0.00" electricity="0.00" noise="72.41" route="routebottom" type="cfm-slow" waiting="0.00" lane="right_0" pos="39.72" speed="29.87" angle="293.10" x="85.50" y="128.71"/>
    </timestep>
    <timestep time="5.01">
        <vehicle id="cfm-fast_0" eclass="HBEFA3/PC_G_EU4" CO2="0.00" CO="0.00" HC="0.00" NOx="0.00" PMx="0.00" fuel="0.00" electricity="0.00" noise="71.21" route="routetop" type="cfm-fast" waiting="0.00" lane="top_0" pos="15.20" speed="27.80" angle="247.03" x="32.10" y="124.57"/>
        <vehicle id="cfm-fast_1" eclass="HBEFA3/PC_G_EU4" CO2="175443.37" CO="4170.95" HC="23.43" NOx="81.46" PMx="4.83" fuel="75.41" electricity="0.00" noise="126.59" route="routetop" type="cfm-fast" waiting="0.00" lane="left_1" pos="29.84" speed="60.14" angle="130.79" x="25.01" y="11.03"/>
        <vehicle id="cfm-fast_2" eclass="HBEFA3/PC_G_EU4" CO2="0.00" CO="0.00" HC="0.00" NOx="0.00" PMx="0.00" fuel="0.00" electricity="0.00" noise="69.98" route="routetop" type="cfm-fast" waiting="0.00" lane="top_0" pos="34.53" speed="25.01" angle="212.38" x="3.02" y="95.75"/>
        <vehicle id="cfm-fast_3" eclass="HBEFA3/PC_G_EU4" CO2="0.00" CO="0.00" HC="0.00" NOx="0.00" PMx="0.00" fuel="0.00" electricity="0.00" noise="69.53" route="routetop" type="cfm-fast" waiting="0.00" lane="left_0" pos="0.70" speed="23.28" angle="183.20" x="-4.92" y="62.06"/>
        <vehicle id="cfm-fast_4" eclass="HBEFA3/PC_G_EU4" CO2="271204.84" CO="6419.18" HC="36.07" NOx="126.53" PMx="7.45" fuel="116.58" electricity="0.00" noise="147.60" route="routebottom" type="cfm-fast" waiting="0.00" lane="bottom_1" pos="33.95" speed="67.87" angle="33.42" x="120.83" y="32.11"/>
        <vehicle id="cfm-fast_5" eclass="HBEFA3/PC_G_EU4" CO2="10206.81" CO="134.24" HC="0.86" NOx="4.22" PMx="0.22" fuel="4.39" electricity="0.00" noise="72.40" route="routetop" type="cfm-fast" waiting="0.00" lane="left_0" pos="15.49" speed="22.00" angle="156.60" x="3.04" y="31.54"/>
        <vehicle id="cfm-slow_0" eclass="HBEFA3/PC_G_EU4" CO2="15474.81" CO="243.76" HC="1.49" NOx="6.69" PMx="0.36" fuel="6.65" electricity="0.00" noise="75.49" route="routetop" type="cfm-slow" waiting="0.00" lane="left_0" pos="28.81" speed="22.96" angle="132.62" x="21.29" y="9.72"/>
        <vehicle id="cfm-slow_1" eclass="HBEFA3/PC_G_EU4" CO2="19936.70" CO="339.70" HC="2.04" NOx="8.75" PMx="0.48" fuel="8.57" electricity="0.00" noise="78.16" route="routetop" type="cfm-slow" waiting="0.00" lane="left_0" pos="47.12" speed="24.76" angle="99.76" x="57.38" y="-4.65"/>
        <vehicle id="cfm-slow_2" eclass="HBEFA3/PC_G_EU4" CO2="21517.91" CO="381.24" HC="2.27" NOx="9.44" PMx="0.53" fuel="9.25" electricity="0.00" noise="79.00" route="routebottom" type="cfm-slow" waiting="0.00" lane="bottom_0" pos="17.29" speed="27.03" angle="63.34" x="99.15" y="4.95"/>
        <vehicle id="cfm-slow_3" eclass="HBEFA3/PC_G_EU4" CO2="16566.45" CO="291.74" HC="1.74" NOx="7.06" PMx="0.40" fuel="7.12" electricity="0.00" noise="76.87" route="routebottom" type="cfm-slow" waiting="0.00" lane="bottom_0" pos="39.77" speed="29.17" angle="23.03" x="128.75" y="41.93"/>
        <vehicle id="cfm-slow_4" eclass="HBEFA3/PC_G_EU4" CO2="0.00" CO="0.00" HC="0.00" NOx="0.00" PMx="0.00" fuel="0.00" electricity="0.00" noise="73.88" route="routebottom" type="cfm-slow" waiting="0.00" lane="right_0" pos="14.37" speed="30.32" angle="338.62" x="125.38" y="93.63"/>
        <vehicle id="cfm-slow_5" eclass="HBEFA3/PC_G_EU4" CO2="0.00" CO="0.00" HC="0.00" NOx="0.00" PMx="0.00" fuel="0.00" electricity="0.00" noise="72.40" route="routebottom" type="cfm-slow" waiting="0.00" lane="right_0" pos="40.02" speed="29.86" angle="292.55" x="84.88" y="128.91"/>
    </timestep>
    <timestep time="5.02">
        <vehicle id="cfm-fast_0" eclass="HBEFA3/PC_G_EU4" CO2="0.00" CO="0.00" HC="0.00" NOx="0.00" PMx="0.00" fuel="0.00" electricity="0.00" noise="71.20" route="routetop" type="cfm-fast" waiting="0.00" lane="top_0" pos="15.48" speed="27.78" angle="246.58" x="31.57" y="124.30"/>
        <vehicle id="cfm-fast_1" eclass="HBEFA3/PC_G_EU4" CO2="176046.01" CO="4186.53" HC="23.51" NOx="81.74" PMx="4.85" fuel="75.67" electricity="0.00" noise="126.72" route="routetop" type="cfm-fast" waiting="0.00" lane="left_1" pos="30.44" speed="60.24" angle="129.67" x="26.01" y="10.31"/>
        <vehicle id="cfm-fast_2" eclass="HBEFA3/PC_G_EU4" CO2="0.00" CO="0.00" HC="0.00" NOx="0.00" PMx="0.00" fuel="0.00" electricity="0.00" noise="69.97" route="routetop" type="cfm-fast" waiting="0.00" lane="top_0" pos="34.78" speed="24.99" angle="211.97" x="2.77" y="95.28"/>
        <vehicle id="cfm-fast_3" eclass="HBEFA3/PC_G_EU4" CO2="0.00" CO="0.00" HC="0.00" NOx="0.00" PMx="0.00" fuel="0.00" electricity="0.00" noise="69.54" route="routetop" type="cfm-fast" waiting="0.00" lane="left_0" pos="0.94" speed="23.27" angle="182.78" x="-4.90" y="61.55"/>
        <vehicle id="cfm-fast_4" eclass="HBEFA3/PC_G_EU4" CO2="271817.30" CO="6437.12" HC="36.17" NOx="126.82" PMx="7.46" fuel="116.84" electricity="0.00" noise="147.67" route="routebottom" type="cfm-fast" waiting="0.00" lane="bottom_1" pos="34.63" speed="68.00" angle="32.24" x="121.50" y="33.33"/>
        <vehicle id="cfm-fast_5" eclass="HBEFA3/PC_G_EU4" CO2="10244.04" CO="135.01" HC="0.87" NOx="4.24" PMx="0.22" fuel="4.40" electricity="0.00" noise="72.42" route="routetop" type="cfm-fast" waiting="0.00" lane="left_0" pos="15.71" speed="22.01" angle="156.19" x="3.26" y="31.13"/>
        <vehicle id="cfm-slow_0" eclass="HBEFA3/PC_G_EU4" CO2="15507.27" CO="244.46" HC="1.50" NOx="6.70" PMx="0.36" fuel="6.67" electricity="0.00" noise="75.51" route="routetop" type="cfm-slow" waiting="0.00" lane="left_0" pos="29.04" speed="22.98" angle="132.20" x="21.68" y="9.42"/>
        <vehicle id="cfm-slow_1" eclass="HBEFA3/PC_G_EU4" CO2="19944.54" CO="339.94" HC="2.04" NOx="8.75" PMx="0.48" fuel="8.57" electricity="0.00" noise="78.16" route="routetop" type="cfm-slow" waiting="0.00" lane="left_0" pos="47.37" speed="24.79" angle="99.32" x="57.91" y="-4.71"/>
        <vehicle id="cfm-slow_2" eclass="HBEFA3/PC_G_EU4" CO2="21466.55" CO="380.30" HC="2.27" NOx="9.42" PMx="0.52" fuel="9.23" electricity="0.00" noise="78.97" route="routebottom" type="cfm-slow" waiting="0.00" lane="bottom_0" pos="17.56" speed="27.05" angle="62.84" x="99.65" y="5.25"/>
        <vehicle id="cfm-slow_3" eclass="HBEFA3/PC_G_EU4" CO2="16447.99" CO="289.39" HC="1.73" NOx="7.01" PMx="0.40" fuel="7.07" electricity="0.00" noise="76.83" route="routebottom" type="cfm-slow" waiting="0.00" lane="bottom_0" pos="40.06" speed="29.19" angle="22.47" x="128.94" y="42.53"/>
        <vehicle id="cfm-slow_4" eclass="HBEFA3/PC_G_EU4" CO2="0.00" CO="0.00" HC="0.00" NOx="0.00" PMx="0.00" fuel="0.00" electricity="0.00" noise="73.86" route="routebottom" type="cfm-slow" waiting="0.00" lane="right_0" pos="14.67" speed="30.32" angle="338.04" x="125.09" y="94.21"/>
        <vehicle id="cfm-slow_5" eclass="HBEFA3/PC_G_EU4" CO2="0.00" CO="0.00" HC="0.00" NOx="0.00" PMx="0.00" fuel="0.00" electricity="0.00" noise="72.39" route="routebottom" type="cfm-slow" waiting="0.00" lane="right_0" pos="40.32" speed="29.84" angle="291.99" x="84.27" y="129.10"/>
    </timestep>
    <timestep time="5.03">
        <vehicle id="cfm-fast_0" eclass="HBEFA3/PC_G_EU4" CO2="0.00" CO="0.00" HC="0.00" NOx="0.00" PMx="0.00" fuel="0.00" electricity="0.00" noise="71.19" route="routetop" type="cfm-fast" waiting="0.00" lane="top_0" pos="15.76" speed="27.76" angle="246.08" x="31.04" y="124.01"/>
        <vehicle id="cfm-fast_1" eclass="HBEFA3/PC_G_EU4" CO2="176650.83" CO="4202.17" HC="23.60" NOx="82.03" PMx="4.86" fuel="75.93" electricity="0.00" noise="126.84" route="routetop" type="cfm-fast" waiting="0.00" lane="left_1" pos="31.04" speed="60.33" angle="128.62" x="27.03" y="9.61"/>
        <vehicle id="cfm-fast_2" eclass="HBEFA3/PC_G_EU4" CO2="0.00" CO="0.00" HC="0.00" NOx="0.00" PMx="0.00" fuel="0.00" electricity="0.00" noise="69.97" route="routetop" type="cfm-fast" waiting="0.00" lane="top_0" pos="35.03" speed="24.98" angle="211.51" x="2.53" y="94.79"/>
        <vehicle id="cfm-fast_3" eclass="HBEFA3/PC_G_EU4" CO2="0.00" CO="0.00" HC="0.00" NOx="0.00" PMx="0.00" fuel="0.00" electricity="0.00" noise="69.55" route="routetop" type="cfm-fast" waiting="0.00" lane="left_0" pos="1.17" speed="23.26" angle="182.36" x="-4.89" y="61.05"/>
        <vehicle id="cfm-fast_4" eclass="HBEFA3/PC_G_EU4" CO2="272430.05" CO="6455.08" HC="36.27" NOx="127.11" PMx="7.48" fuel="117.10" electricity="0.00" noise="147.73" route="routebottom" type="cfm-fast" waiting="0.00" lane="bottom_1" pos="35.31" speed="68.14" angle="30.97" x="122.13" y="34.58"/>
        <vehicle id="cfm-fast_5" eclass="HBEFA3/PC_G_EU4" CO2="10281.34" CO="135.79" HC="0.87" NOx="4.26" PMx="0.22" fuel="4.42" electricity="0.00" noise="72.44" route="routetop" type="cfm-fast" waiting="0.00" lane="left_0" pos="15.93" speed="22.02" angle="155.79" x="3.49" y="30.71"/>
        <vehicle id="cfm-slow_0" eclass="HBEFA3/PC_G_EU4" CO2="15539.61" CO="245.15" HC="1.50" NOx="6.71" PMx="0.36" fuel="6.68" electricity="0.00" noise="75.53" route="routetop" type="cfm-slow" waiting="0.00" lane="left_0" pos="29.27" speed="23.00" angle="131.77" x="22.07" y="9.11"/>
        <vehicle id="cfm-slow_1" eclass="HBEFA3/PC_G_EU4" CO2="19951.95" CO="340.17" HC="2.04" NOx="8.76" PMx="0.48" fuel="8.58" electricity="0.00" noise="78.17" route="routetop" type="cfm-slow" waiting="0.00" lane="left_0" pos="47.62" speed="24.81" angle="98.90" x="58.44" y="-4.75"/>
        <vehicle id="cfm-slow_2" eclass="HBEFA3/PC_G_EU4" CO2="21414.63" CO="379.35" HC="2.26" NOx="9.40" PMx="0.52" fuel="9.21" electricity="0.00" noise="78.94" route="routebottom" type="cfm-slow" waiting="0.00" lane="bottom_0" pos="17.83" speed="27.08" angle="62.36" x="100.14" y="5.55"/>
        <vehicle id="cfm-slow_3" eclass="HBEFA3/PC_G_EU4" CO2="16329.40" CO="287.05" HC="1.72" NOx="6.95" PMx="0.40" fuel="7.02" electricity="0.00" noise="76.78" route="routebottom" type="cfm-slow" waiting="0.00" lane="bottom_0" pos="40.35" speed="29.20" angle="21.91" x="129.12" y="43.13"/>
        <vehicle id="cfm-slow_4" eclass="HBEFA3/PC_G_EU4" CO2="0.00" CO="0.00" HC="0.00" NOx="0.00" PMx="0.00" fuel="0.00" electricity="0.00" noise="73.84" route="routebottom" type="cfm-slow" waiting="0.00" lane="right_0" pos="14.97" speed="30.32" angle="337.46" x="124.80" y="94.79"/>
        <vehicle id="cfm-slow_5" eclass="HBEFA3/PC_G_EU4" CO2="0.00" CO="0.00" HC="0.00" NOx="0.00" PMx="0.00" fuel="0.00" electricity="0.00" noise="72.38" route="routebottom" type="cfm-slow" waiting="0.00" lane="right_0" pos="40.61" speed="29.83" angle="291.42" x="83.66" y="129.29"/>
    </timestep>
    <timestep time="5.04">
        <vehicle id="cfm-fast_0" eclass="HBEFA3/PC_G_EU4" CO2="0.00" CO="0.00" HC="0.00" NOx="0.00" PMx="0.00" fuel="0.00" electricity="0.00" noise="71.18" route="routetop" type="cfm-fast" waiting="0.00" lane="top_0" pos="16.04" speed="27.74" angle="245.58" x="30.52" y="123.72"/>
        <vehicle id="cfm-fast_1" eclass="HBEFA3/PC_G_EU4" CO2="177257.80" CO="4217.86" HC="23.69" NOx="82.31" PMx="4.88" fuel="76.19" electricity="0.00" noise="126.97" route="routetop" type="cfm-fast" waiting="0.00" lane="left_1" pos="31.65" speed="60.43" angle="127.54" x="28.06" y="8.92"/>
        <vehicle id="cfm-fast_2" eclass="HBEFA3/PC_G_EU4" CO2="0.00" CO="0.00" HC="0.00" NOx="0.00" PMx="0.00" fuel="0.00" electricity="0.00" noise="69.96" route="routetop" type="cfm-fast" waiting="0.00" lane="top_0" pos="35.28" speed="24.97" angle="211.05" x="2.29" y="94.31"/>
        <vehicle id="cfm-fast_3" eclass="HBEFA3/PC_G_EU4" CO2="0.00" CO="0.00" HC="0.00" NOx="0.00" PMx="0.00" fuel="0.00" electricity="0.00" noise="69.55" route="routetop" type="cfm-fast" waiting="0.00" lane="left_0" pos="1.40" speed="23.26" angle="181.96" x="-4.87" y="60.55"/>
        <vehicle id="cfm-fast_4" eclass="HBEFA3/PC_G_EU4" CO2="273043.09" CO="6473.06" HC="36.37" NOx="127.40" PMx="7.50" fuel="117.37" electricity="0.00" noise="147.80" route="routebottom" type="cfm-fast" waiting="0.00" lane="bottom_1" pos="36.00" speed="68.27" angle="29.76" x="122.75" y="35.83"/>
        <vehicle id="cfm-fast_5" eclass="HBEFA3/PC_G_EU4" CO2="10318.70" CO="136.57" HC="0.88" NOx="4.27" PMx="0.22" fuel="4.44" electricity="0.00" noise="72.46" route="routetop" type="cfm-fast" waiting="0.00" lane="left_0" pos="16.15" speed="22.03" angle="155.38" x="3.72" y="30.30"/>
        <vehicle id="cfm-slow_0" eclass="HBEFA3/PC_G_EU4" CO2="15571.82" CO="245.85" HC="1.50" NOx="6.73" PMx="0.36" fuel="6.69" electricity="0.00" noise="75.55" route="routetop" type="cfm-slow" waiting="0.00" lane="left_0" pos="29.50" speed="23.02" angle="131.41" x="22.46" y="8.81"/>
        <vehicle id="cfm-slow_1" eclass="HBEFA3/PC_G_EU4" CO2="19958.92" CO="340.38" HC="2.05" NOx="8.76" PMx="0.48" fuel="8.58" electricity="0.00" noise="78.17" route="routetop" type="cfm-slow" waiting="0.00" lane="left_0" pos="47.86" speed="24.84" angle="98.42" x="58.98" y="-4.78"/>
        <vehicle id="cfm-slow_2" eclass="HBEFA3/PC_G_EU4" CO2="21362.15" CO="378.38" HC="2.26" NOx="9.37" PMx="0.52" fuel="9.18" electricity="0.00" noise="78.91" route="routebottom" type="cfm-slow" waiting="0.00" lane="bottom_0" pos="18.10" speed="27.10" angle="61.91" x="100.64" y="5.87"/>
        <vehicle id="cfm-slow_3" eclass="HBEFA3/PC_G_EU4" CO2="16210.69" CO="284.70" HC="1.70" NOx="6.89" PMx="0.40" fuel="6.97" electricity="0.00" noise="76.74" route="routebottom" type="cfm-slow" waiting="0.00" lane="bottom_0" pos="40.64" speed="29.21" angle="21.35" x="129.31" y="43.73"/>
        <vehicle id="cfm-slow_4" eclass="HBEFA3/PC_G_EU4" CO2="0.00" CO="0.00" HC="0.00" NOx="0.00" PMx="0.00" fuel="0.00" electricity="0.00" noise="73.81" route="routebottom" type="cfm-slow" waiting="0.00" lane="right_0" pos="15.28" speed="30.32" angle="336.91" x="124.50" y="95.37"/>
        <vehicle id="cfm-slow_5" eclass="HBEFA3/PC_G_EU4" CO2="0.00" CO="0.00" HC="0.00" NOx="0.00" PMx="0.00" fuel="0.00" electricity="0.00" noise="72.37" route="routebottom" type="cfm-slow" waiting="0.00" lane="right_0" pos="40.91" speed="29.81" angle="290.85" x="83.04" y="129.48"/>
    </timestep>
    <timestep time="5.05">
        <vehicle id="cfm-fast_0" eclass="HBEFA3/PC_G_EU4" CO2="0.00" CO="0.00" HC="0.00" NOx="0.00" PMx="0.00" fuel="0.00" electricity="0.00" noise="71.17" route="routetop" type="cfm-fast" waiting="0.00" lane="top_0" pos="16.31" speed="27.72" angle="245.08" x="30.00" y="123.43"/>
        <vehicle id="cfm-fast_1" eclass="HBEFA3/PC_G_EU4" CO2="177866.89" CO="4233.62" HC="23.78" NOx="82.60" PMx="4.90" fuel="76.46" electricity="0.00" noise="127.09" route="routetop" type="cfm-fast" waiting="0.00" lane="left_1" pos="32.25" speed="60.53" angle="126.49" x="29.10" y="8.25"/>
        <vehicle id="cfm-fast_2" eclass="HBEFA3/PC_G_EU4" CO2="0.00" CO="0.00" HC="0.00" NOx="0.00" PMx="0.00" fuel="0.00" electricity="0.00" noise="69.96" route="routetop" type="cfm-fast" waiting="0.00" lane="top_0" pos="35.53" speed="24.95" angle="210.59" x="2.05" y="93.83"/>
        <vehicle id="cfm-fast_3" eclass="HBEFA3/PC_G_EU4" CO2="0.00" CO="0.00" HC="0.00" NOx="0.00" PMx="0.00" fuel="0.00" electricity="0.00" noise="69.56" route="routetop" type="cfm-fast" waiting="0.00" lane="left_0" pos="1.63" speed="23.25" angle="181.54" x="-4.84" y="60.05"/>
        <vehicle id="cfm-fast_4" eclass="HBEFA3/PC_G_EU4" CO2="273656.42" CO="6491.07" HC="36.46" NOx="127.68" PMx="7.52" fuel="117.63" electricity="0.00" noise="147.86" route="routebottom" type="cfm-fast" waiting="0.00" lane="bottom_1" pos="36.68" speed="68.41" angle="28.45" x="123.32" y="37.11"/>
        <vehicle id="cfm-fast_5" eclass="HBEFA3/PC_G_EU4" CO2="10356.13" CO="137.35" HC="0.88" NOx="4.29" PMx="0.22" fuel="4.45" electricity="0.00" noise="72.49" route="routetop" type="cfm-fast" waiting="0.00" lane="left_0" pos="16.37" speed="22.05" angle="154.98" x="3.95" y="29.88"/>
        <vehicle id="cfm-slow_0" eclass="HBEFA3/PC_G_EU4" CO2="15603.89" CO="246.54" HC="1.51" NOx="6.74" PMx="0.36" fuel="6.71" electricity="0.00" noise="75.57" route="routetop" type="cfm-slow" waiting="0.00" lane="left_0" pos="29.73" speed="23.04" angle="130.99" x="22.86" y="8.52"/>
        <vehicle id="cfm-slow_1" eclass="HBEFA3/PC_G_EU4" CO2="19965.44" CO="340.59" HC="2.05" NOx="8.76" PMx="0.48" fuel="8.58" electricity="0.00" noise="78.17" route="routetop" type="cfm-slow" waiting="0.00" lane="left_0" pos="48.11" speed="24.86" angle="97.94" x="59.51" y="-4.81"/>
        <vehicle id="cfm-slow_2" eclass="HBEFA3/PC_G_EU4" CO2="21309.11" CO="377.41" HC="2.25" NOx="9.34" PMx="0.52" fuel="9.16" electricity="0.00" noise="78.89" route="routebottom" type="cfm-slow" waiting="0.00" lane="bottom_0" pos="18.37" speed="27.12" angle="61.40" x="101.12" y="6.19"/>
        <vehicle id="cfm-slow_3" eclass="HBEFA3/PC_G_EU4" CO2="16091.88" CO="282.35" HC="1.69" NOx="6.84" PMx="0.39" fuel="6.92" electricity="0.00" noise="76.69" route="routebottom" type="cfm-slow" waiting="0.00" lane="bottom_0" pos="40.94" speed="29.23" angle="20.81" x="129.49" y="44.33"/>
        <vehicle id="cfm-slow_4" eclass="HBEFA3/PC_G_EU4" CO2="0.00" CO="0.00" HC="0.00" NOx="0.00" PMx="0.00" fuel="0.00" electricity="0.00" noise="73.79" route="routebottom" type="cfm-slow" waiting="0.00" lane="right_0" pos="15.58" speed="30.32" angle="336.41" x="124.19" y="95.95"/>
        <vehicle id="cfm-slow_5" eclass="HBEFA3/PC_G_EU4" CO2="0.00" CO="0.00" HC="0.00" NOx="0.00" PMx="0.00" fuel="0.00" electricity="0.00" noise="72.35" route="routebottom" type="cfm-slow" waiting="0.00" lane="right_0" pos="41.21" speed="29.80" angle="290.37" x="82.43" y="129.65"/>
    </timestep>
    <timestep time="5.06">
        <vehicle id="cfm-fast_0" eclass="HBEFA3/PC_G_EU4" CO2="0.00" CO="0.00" HC="0.00" NOx="0.00" PMx="0.00" fuel="0.00" electricity="0.00" noise="71.16" route="routetop" type="cfm-fast" waiting="0.00" lane="top_0" pos="16.59" speed="27.69" angle="244.61" x="29.48" y="123.14"/>
        <vehicle id="cfm-fast_1" eclass="HBEFA3/PC_G_EU4" CO2="178478.07" CO="4249.43" HC="23.86" NOx="82.88" PMx="4.91" fuel="76.72" electricity="0.00" noise="127.22" route="routetop" type="cfm-fast" waiting="0.00" lane="left_1" pos="32.86" speed="60.63" angle="125.36" x="30.17" y="7.61"/>
        <vehicle id="cfm-fast_2" eclass="HBEFA3/PC_G_EU4" CO2="0.00" CO="0.00" HC="0.00" NOx="0.00" PMx="0.00" fuel="0.00" electricity="0.00" noise="69.95" route="routetop" type="cfm-fast" waiting="0.00" lane="top_0" pos="35.77" speed="24.94" angle="210.13" x="1.81" y="93.35"/>
        <vehicle id="cfm-fast_3" eclass="HBEFA3/PC_G_EU4" CO2="0.00" CO="0.00" HC="0.00" NOx="0.00" PMx="0.00" fuel="0.00" electricity="0.00" noise="69.57" route="routetop" type="cfm-fast" waiting="0.00" lane="left_0" pos="1.87" speed="23.24" angle="181.13" x="-4.81" y="59.56"/>
        <vehicle id="cfm-fast_4" eclass="HBEFA3/PC_G_EU4" CO2="274270.05" CO="6509.09" HC="36.56" NOx="127.97" PMx="7.54" fuel="117.89" electricity="0.00" noise="147.93" route="routebottom" type="cfm-fast" waiting="0.00" lane="bottom_1" pos="37.37" speed="68.55" angle="27.23" x="123.88" y="38.40"/>
        <vehicle id="cfm-fast_5" eclass="HBEFA3/PC_G_EU4" CO2="10393.61" CO="138.13" HC="0.88" NOx="4.31" PMx="0.22" fuel="4.47" electricity="0.00" noise="72.51" route="routetop" type="cfm-fast" waiting="0.00" lane="left_0" pos="16.59" speed="22.06" angle="154.60" x="4.18" y="29.47"/>
        <vehicle id="cfm-slow_0" eclass="HBEFA3/PC_G_EU4" CO2="15635.82" CO="247.23" HC="1.51" NOx="6.76" PMx="0.36" fuel="6.72" electricity="0.00" noise="75.59" route="routetop" type="cfm-slow" waiting="0.00" lane="left_0" pos="29.96" speed="23.06" angle="130.56" x="23.26" y="8.22"/>
        <vehicle id="cfm-slow_1" eclass="HBEFA3/PC_G_EU4" CO2="19971.53" CO="340.79" HC="2.05" NOx="8.76" PMx="0.48" fuel="8.58" electricity="0.00" noise="78.17" route="routetop" type="cfm-slow" waiting="0.00" lane="left_0" pos="48.36" speed="24.88" angle="97.47" x="60.05" y="-4.84"/>
        <vehicle id="cfm-slow_2" eclass="HBEFA3/PC_G_EU4" CO2="21255.52" CO="376.42" HC="2.24" NOx="9.32" PMx="0.52" fuel="9.14" electricity="0.00" noise="78.86" route="routebottom" type="cfm-slow" waiting="0.00" lane="bottom_0" pos="18.65" speed="27.15" angle="60.89" x="101.61" y="6.51"/>
        <vehicle id="cfm-slow_3" eclass="HBEFA3/PC_G_EU4" CO2="15972.96" CO="279.99" HC="1.68" NOx="6.78" PMx="0.39" fuel="6.87" electricity="0.00" noise="76.65" route="routebottom" type="cfm-slow" waiting="0.00" lane="bottom_0" pos="41.23" speed="29.24" angle="20.33" x="129.67" y="44.94"/>
        <vehicle id="cfm-slow_4" eclass="HBEFA3/PC_G_EU4" CO2="0.00" CO="0.00" HC="0.00" NOx="0.00" PMx="0.00" fuel="0.00" electricity="0.00" noise="73.77" route="routebottom" type="cfm-slow" waiting="0.00" lane="right_0" pos="15.88" speed="30.31" angle="335.86" x="123.88" y="96.52"/>
        <vehicle id="cfm-slow_5" eclass="HBEFA3/PC_G_EU4" CO2="0.00" CO="0.00" HC="0.00" NOx="0.00" PMx="0.00" fuel="0.00" electricity="0.00" noise="72.34" route="routebottom" type="cfm-slow" waiting="0.00" lane="right_0" pos="41.51" speed="29.78" angle="289.83" x="81.81" y="129.82"/>
    </timestep>
    <timestep time="5.07">
        <vehicle id="cfm-fast_0" eclass="HBEFA3/PC_G_EU4" CO2="0.00" CO="0.00" HC="0.00" NOx="0.00" PMx="0.00" fuel="0.00" electricity="0.00" noise="71.15" route="routetop" type="cfm-fast" waiting="0.00" lane="top_0" pos="16.87" speed="27.67" angle="244.14" x="28.96" y="122.84"/>
        <vehicle id="cfm-fast_1" eclass="HBEFA3/PC_G_EU4" CO2="179091.32" CO="4265.30" HC="23.95" NOx="83.17" PMx="4.93" fuel="76.98" electricity="0.00" noise="127.34" route="routetop" type="cfm-fast" waiting="0.00" lane="left_1" pos="33.47" speed="60.73" angle="124.29" x="31.24" y="6.97"/>
        <vehicle id="cfm-fast_2" eclass="HBEFA3/PC_G_EU4" CO2="0.00" CO="0.00" HC="0.00" NOx="0.00" PMx="0.00" fuel="0.00" electricity="0.00" noise="69.95" route="routetop" type="cfm-fast" waiting="0.00" lane="top_0" pos="36.02" speed="24.92" angle="209.73" x="1.58" y="92.87"/>
        <vehicle id="cfm-fast_3" eclass="HBEFA3/PC_G_EU4" CO2="0.00" CO="0.00" HC="0.00" NOx="0.00" PMx="0.00" fuel="0.00" electricity="0.00" noise="69.58" route="routetop" type="cfm-fast" waiting="0.00" lane="left_0" pos="2.10" speed="23.24" angle="180.71" x="-4.78" y="59.06"/>
        <vehicle id="cfm-fast_4" eclass="HBEFA3/PC_G_EU4" CO2="274883.96" CO="6527.14" HC="36.66" NOx="128.26" PMx="7.56" fuel="118.16" electricity="0.00" noise="147.99" route="routebottom" type="cfm-fast" waiting="0.00" lane="bottom_1" pos="38.05" speed="68.68" angle="25.97" x="124.40" y="39.71"/>
        <vehicle id="cfm-fast_5" eclass="HBEFA3/PC_G_EU4" CO2="10431.15" CO="138.91" HC="0.89" NOx="4.33" PMx="0.22" fuel="4.48" electricity="0.00" noise="72.53" route="routetop" type="cfm-fast" waiting="0.00" lane="left_0" pos="16.81" speed="22.07" angle="154.22" x="4.42" y="29.06"/>
        <vehicle id="cfm-slow_0" eclass="HBEFA3/PC_G_EU4" CO2="15667.62" CO="247.91" HC="1.52" NOx="6.77" PMx="0.36" fuel="6.73" electricity="0.00" noise="75.61" route="routetop" type="cfm-slow" waiting="0.00" lane="left_0" pos="30.19" speed="23.08" angle="130.14" x="23.66" y="7.93"/>
        <vehicle id="cfm-slow_1" eclass="HBEFA3/PC_G_EU4" CO2="19977.16" CO="340.99" HC="2.05" NOx="8.77" PMx="0.48" fuel="8.59" electricity="0.00" noise="78.18" route="routetop" type="cfm-slow" waiting="0.00" lane="left_0" pos="48.61" speed="24.91" angle="96.99" x="60.58" y="-4.87"/>
        <vehicle id="cfm-slow_2" eclass="HBEFA3/PC_G_EU4" CO2="21201.38" CO="375.42" HC="2.24" NOx="9.29" PMx="0.52" fuel="9.11" electricity="0.00" noise="78.83" route="routebottom" type="cfm-slow" waiting="0.00" lane="bottom_0" pos="18.92" speed="27.17" angle="60.39" x="102.09" y="6.84"/>
        <vehicle id="cfm-slow_3" eclass="HBEFA3/PC_G_EU4" CO2="15853.94" CO="277.63" HC="1.66" NOx="6.72" PMx="0.39" fuel="6.81" electricity="0.00" noise="76.60" route="routebottom" type="cfm-slow" waiting="0.00" lane="bottom_0" pos="41.52" speed="29.25" angle="19.79" x="129.83" y="45.55"/>
        <vehicle id="cfm-slow_4" eclass="HBEFA3/PC_G_EU4" CO2="0.00" CO="0.00" HC="0.00" NOx="0.00" PMx="0.00" fuel="0.00" electricity="0.00" noise="73.74" route="routebottom" type="cfm-slow" waiting="0.00" lane="right_0" pos="16.19" speed="30.31" angle="335.31" x="123.56" y="97.09"/>
        <vehicle id="cfm-slow_5" eclass="HBEFA3/PC_G_EU4" CO2="0.00" CO="0.00" HC="0.00" NOx="0.00" PMx="0.00" fuel="0.00" electricity="0.00" noise="72.33" route="routebottom" type="cfm-slow" waiting="0.00" lane="right_0" pos="41.81" speed="29.76" angle="289.29" x="81.19" y="129.98"/>
    </timestep>
    <timestep time="5.08">
        <vehicle id="cfm-fast_0" eclass="HBEFA3/PC_G_EU4" CO2="0.00" CO="0.00" HC="0.00" NOx="0.00" PMx="0.00" fuel="0.00" electricity="0.00" noise="71.14" route="routetop" type="cfm-fast" waiting="0.00" lane="top_0" pos="17.14" speed="27.65" angle="243.64" x="28.45" y="122.54"/>
        <vehicle id="cfm-fast_1" eclass="HBEFA3/PC_G_EU4" CO2="179706.61" CO="4281.22" HC="24.04" NOx="83.46" PMx="4.95" fuel="77.25" electricity="0.00" noise="127.47" route="routetop" type="cfm-fast" waiting="0.00" lane="left_1" pos="34.08" speed="60.82" angle="123.19" x="32.33" y="6.37"/>
        <vehicle id="cfm-fast_2" eclass="HBEFA3/PC_G_EU4" CO2="0.00" CO="0.00" HC="0.00" NOx="0.00" PMx="0.00" fuel="0.00" electricity="0.00" noise="69.94" route="routetop" type="cfm-fast" waiting="0.00" lane="top_0" pos="36.27" speed="24.91" angle="209.26" x="1.36" y="92.38"/>
        <vehicle id="cfm-fast_3" eclass="HBEFA3/PC_G_EU4" CO2="0.00" CO="0.00" HC="0.00" NOx="0.00" PMx="0.00" fuel="0.00" electricity="0.00" noise="69.59" route="routetop" type="cfm-fast" waiting="0.00" lane="left_0" pos="2.33" speed="23.23" angle="180.29" x="-4.75" y="58.56"/>
        <vehicle id="cfm-fast_4" eclass="HBEFA3/PC_G_EU4" CO2="275498.17" CO="6545.21" HC="36.76" NOx="128.55" PMx="7.57" fuel="118.42" electricity="0.00" noise="148.06" route="routebottom" type="cfm-fast" waiting="0.00" lane="bottom_1" pos="38.74" speed="68.82" angle="24.77" x="124.91" y="41.03"/>
        <vehicle id="cfm-fast_5" eclass="HBEFA3/PC_G_EU4" CO2="10468.74" CO="139.69" HC="0.89" NOx="4.34" PMx="0.23" fuel="4.50" electricity="0.00" noise="72.55" route="routetop" type="cfm-fast" waiting="0.00" lane="left_0" pos="17.04" speed="22.08" angle="153.81" x="4.67" y="28.65"/>
        <vehicle id="cfm-slow_0" eclass="HBEFA3/PC_G_EU4" CO2="15699.27" CO="248.60" HC="1.52" NOx="6.79" PMx="0.36" fuel="6.75" electricity="0.00" noise="75.63" route="routetop" type="cfm-slow" waiting="0.00" lane="left_0" pos="30.42" speed="23.10" angle="129.72" x="24.07" y="7.64"/>
        <vehicle id="cfm-slow_1" eclass="HBEFA3/PC_G_EU4" CO2="19982.35" CO="341.17" HC="2.05" NOx="8.77" PMx="0.48" fuel="8.59" electricity="0.00" noise="78.18" route="routetop" type="cfm-slow" waiting="0.00" lane="left_0" pos="48.86" speed="24.93" angle="96.59" x="61.12" y="-4.89"/>
        <vehicle id="cfm-slow_2" eclass="HBEFA3/PC_G_EU4" CO2="21146.69" CO="374.41" HC="2.23" NOx="9.27" PMx="0.52" fuel="9.09" electricity="0.00" noise="78.80" route="routebottom" type="cfm-slow" waiting="0.00" lane="bottom_0" pos="19.19" speed="27.19" angle="59.92" x="102.58" y="7.16"/>
        <vehicle id="cfm-slow_3" eclass="HBEFA3/PC_G_EU4" CO2="15734.83" CO="275.27" HC="1.65" NOx="6.67" PMx="0.38" fuel="6.76" electricity="0.00" noise="76.56" route="routebottom" type="cfm-slow" waiting="0.00" lane="bottom_0" pos="41.81" speed="29.27" angle="19.26" x="129.99" y="46.15"/>
        <vehicle id="cfm-slow_4" eclass="HBEFA3/PC_G_EU4" CO2="0.00" CO="0.00" HC="0.00" NOx="0.00" PMx="0.00" fuel="0.00" electricity="0.00" noise="73.72" route="routebottom" type="cfm-slow" waiting="0.00" lane="right_0" pos="16.49" speed="30.31" angle="334.76" x="123.25" y="97.66"/>
        <vehicle id="cfm-slow_5" eclass="HBEFA3/PC_G_EU4" CO2="0.00" CO="0.00" HC="0.00" NOx="0.00" PMx="0.00" fuel="0.00" electricity="0.00" noise="72.32" route="routebottom" type="cfm-slow" waiting="0.00" lane="right_0" pos="42.10" speed="29.75" angle="288.75" x="80.57" y="130.15"/>
    </timestep>
    <timestep time="5.09">
        <vehicle id="cfm-fast_0" eclass="HBEFA3/PC_G_EU4" CO2="0.00" CO="0.00" HC="0.00" NOx="0.00" PMx="0.00" fuel="0.00" electricity="0.00" noise="71.13" route="routetop" type="cfm-fast" waiting="0.00" lane="top_0" pos="17.42" speed="27.63" angle="243.14" x="27.94" y="122.23"/>
        <vehicle id="cfm-fast_1" eclass="HBEFA3/PC_G_EU4" CO2="180323.92" CO="4297.20" HC="24.13" NOx="83.75" PMx="4.97" fuel="77.51" electricity="0.00" noise="127.60" route="routetop" type="cfm-fast" waiting="0.00" lane="left_1" pos="34.68" speed="60.92" angle="122.15" x="33.42" y="5.77"/>
        <vehicle id="cfm-fast_2" eclass="HBEFA3/PC_G_EU4" CO2="0.00" CO="0.00" HC="0.00" NOx="0.00" PMx="0.00" fuel="0.00" electricity="0.00" noise="69.94" route="routetop" type="cfm-fast" waiting="0.00" lane="top_0" pos="36.52" speed="24.90" angle="208.79" x="1.14" y="91.89"/>
        <vehicle id="cfm-fast_3" eclass="HBEFA3/PC_G_EU4" CO2="0.00" CO="0.00" HC="0.00" NOx="0.00" PMx="0.00" fuel="0.00" electricity="0.00" noise="69.60" route="routetop" type="cfm-fast" waiting="0.00" lane="left_0" pos="2.56" speed="23.22" angle="179.90" x="-4.72" y="58.06"/>
        <vehicle id="cfm-fast_4" eclass="HBEFA3/PC_G_EU4" CO2="276112.67" CO="6563.30" HC="36.86" NOx="128.83" PMx="7.59" fuel="118.69" electricity="0.00" noise="148.13" route="routebottom" type="cfm-fast" waiting="0.00" lane="bottom_1" pos="39.43" speed="68.96" angle="23.53" x="125.39" y="42.36"/>
        <vehicle id="cfm-fast_5" eclass="HBEFA3/PC_G_EU4" CO2="10506.38" CO="140.48" HC="0.90" NOx="4.36" PMx="0.23" fuel="4.52" electricity="0.00" noise="72.58" route="routetop" type="cfm-fast" waiting="0.00" lane="left_0" pos="17.26" speed="22.09" angle="153.41" x="4.91" y="28.24"/>
        <vehicle id="cfm-slow_0" eclass="HBEFA3/PC_G_EU4" CO2="15730.78" CO="249.28" HC="1.52" NOx="6.80" PMx="0.36" fuel="6.76" electricity="0.00" noise="75.65" route="routetop" type="cfm-slow" waiting="0.00" lane="left_0" pos="30.65" speed="23.12" angle="129.30" x="24.47" y="7.35"/>
        <vehicle id="cfm-slow_1" eclass="HBEFA3/PC_G_EU4" CO2="19987.09" CO="341.34" HC="2.05" NOx="8.77" PMx="0.48" fuel="8.59" electricity="0.00" noise="78.18" route="routetop" type="cfm-slow" waiting="0.00" lane="left_0" pos="49.11" speed="24.96" angle="96.13" x="61.65" y="-4.91"/>
        <vehicle id="cfm-slow_2" eclass="HBEFA3/PC_G_EU4" CO2="21091.46" CO="373.39" HC="2.23" NOx="9.24" PMx="0.52" fuel="9.07" electricity="0.00" noise="78.77" route="routebottom" type="cfm-slow" waiting="0.00" lane="bottom_0" pos="19.46" speed="27.21" angle="59.43" x="103.06" y="7.50"/>
        <vehicle id="cfm-slow_3" eclass="HBEFA3/PC_G_EU4" CO2="15615.63" CO="272.90" HC="1.64" NOx="6.61" PMx="0.38" fuel="6.71" electricity="0.00" noise="76.52" route="routebottom" type="cfm-slow" waiting="0.00" lane="bottom_0" pos="42.11" speed="29.28" angle="18.72" x="130.15" y="46.76"/>
        <vehicle id="cfm-slow_4" eclass="HBEFA3/PC_G_EU4" CO2="0.00" CO="0.00" HC="0.00" NOx="0.00" PMx="0.00" fuel="0.00" electricity="0.00" noise="73.70" route="routebottom" type="cfm-slow" waiting="0.00" lane="right_0" pos="16.79" speed="30.31" angle="334.26" x="122.92" y="98.23"/>
        <vehicle id="cfm-slow_5" eclass="HBEFA3/PC_G_EU4" CO2="0.00" CO="0.00" HC="0.00" NOx="0.00" PMx="0.00" fuel="0.00" electricity="0.00" noise="72.31" route="routebottom" type="cfm-slow" waiting="0.00" lane="right_0" pos="42.40" speed="29.73" angle="288.27" x="79.95" y="130.31"/>
    </timestep>
    <timestep time="5.10">
        <vehicle id="cfm-fast_0" eclass="HBEFA3/PC_G_EU4" CO2="0.00" CO="0.00" HC="0.00" NOx="0.00" PMx="0.00" fuel="0.00" electricity="0.00" noise="71.12" route="routetop" type="cfm-fast" waiting="0.00" lane="top_0" pos="17.70" speed="27.61" angle="242.64" x="27.43" y="121.93"/>
        <vehicle id="cfm-fast_1" eclass="HBEFA3/PC_G_EU4" CO2="180943.21" CO="4313.24" HC="24.22" NOx="84.04" PMx="4.98" fuel="77.78" electricity="0.00" noise="127.72" route="routetop" type="cfm-fast" waiting="0.00" lane="left_1" pos="35.29" speed="61.02" angle="121.04" x="34.54" y="5.21"/>
        <vehicle id="cfm-fast_2" eclass="HBEFA3/PC_G_EU4" CO2="0.00" CO="0.00" HC="0.00" NOx="0.00" PMx="0.00" fuel="0.00" electricity="0.00" noise="69.93" route="routetop" type="cfm-fast" waiting="0.00" lane="top_0" pos="36.77" speed="24.88" angle="208.33" x="0.92" y="91.40"/>
        <vehicle id="cfm-fast_3" eclass="HBEFA3/PC_G_EU4" CO2="0.00" CO="0.00" HC="0.00" NOx="0.00" PMx="0.00" fuel="0.00" electricity="0.00" noise="69.61" route="routetop" type="cfm-fast" waiting="0.00" lane="left_0" pos="2.80" speed="23.22" angle="179.48" x="-4.67" y="57.56"/>
        <vehicle id="cfm-fast_4" eclass="HBEFA3/PC_G_EU4" CO2="276727.47" CO="6581.42" HC="36.95" NOx="129.12" PMx="7.61" fuel="118.95" electricity="0.00" noise="148.19" route="routebottom" type="cfm-fast" waiting="0.00" lane="bottom_1" pos="40.12" speed="69.09" angle="22.33" x="125.84" y="43.70"/>
        <vehicle id="cfm-fast_5" eclass="HBEFA3/PC_G_EU4" CO2="10544.07" CO="141.26" HC="0.90" NOx="4.38" PMx="0.23" fuel="4.53" electricity="0.00" noise="72.60" route="routetop" type="cfm-fast" waiting="0.00" lane="left_0" pos="17.48" speed="22.11" angle="153.00" x="5.16" y="27.83"/>
        <vehicle id="cfm-slow_0" eclass="HBEFA3/PC_G_EU4" CO2="15762.13" CO="249.96" HC="1.53" NOx="6.82" PMx="0.37" fuel="6.78" electricity="0.00" noise="75.67" route="routetop" type="cfm-slow" waiting="0.00" lane="left_0" pos="30.89" speed="23.14" angle="128.94" x="24.88" y="7.07"/>
        <vehicle id="cfm-slow_1" eclass="HBEFA3/PC_G_EU4" CO2="19991.38" CO="341.51" HC="2.05" NOx="8.77" PMx="0.48" fuel="8.59" electricity="0.00" noise="78.18" route="routetop" type="cfm-slow" waiting="0.00" lane="left_0" pos="49.36" speed="24.98" angle="95.68" x="62.19" y="-4.92"/>
        <vehicle id="cfm-slow_2" eclass="HBEFA3/PC_G_EU4" CO2="21035.68" CO="372.35" HC="2.22" NOx="9.21" PMx="0.51" fuel="9.04" electricity="0.00" noise="78.74" route="routebottom" type="cfm-slow" waiting="0.00" lane="bottom_0" pos="19.73" speed="27.24" angle="58.93" x="103.53" y="7.84"/>
        <vehicle id="cfm-slow_3" eclass="HBEFA3/PC_G_EU4" CO2="15496.36" CO="270.54" HC="1.62" NOx="6.55" PMx="0.38" fuel="6.66" electricity="0.00" noise="76.47" route="routebottom" type="cfm-slow" waiting="0.00" lane="bottom_0" pos="42.40" speed="29.29" angle="18.25" x="130.31" y="47.37"/>
        <vehicle id="cfm-slow_4" eclass="HBEFA3/PC_G_EU4" CO2="0.00" CO="0.00" HC="0.00" NOx="0.00" PMx="0.00" fuel="0.00" electricity="0.00" noise="73.68" route="routebottom" type="cfm-slow" waiting="0.00" lane="right_0" pos="17.10" speed="30.30" angle="333.72" x="122.59" y="98.78"/>
        <vehicle id="cfm-slow_5" eclass="HBEFA3/PC_G_EU4" CO2="0.00" CO="0.00" HC="0.00" NOx="0.00" PMx="0.00" fuel="0.00" electricity="0.00" noise="72.30" route="routebottom" type="cfm-slow" waiting="0.00" lane="right_0" pos="42.70" speed="29.71" angle="287.72" x="79.33" y="130.45"/>
    </timestep>
    <timestep time="5.11">
        <vehicle id="cfm-fast_0" eclass="HBEFA3/PC_G_EU4" CO2="0.00" CO="0.00" HC="0.00" NOx="0.00" PMx="0.00" fuel="0.00" electricity="0.00" noise="71.11" route="routetop" type="cfm-fast" waiting="0.00" lane="top_0" pos="17.97" speed="27.59" angle="242.20" x="26.92" y="121.62"/>
        <vehicle id="cfm-fast_1" eclass="HBEFA3/PC_G_EU4" CO2="181564.47" CO="4329.33" HC="24.31" NOx="84.33" PMx="5.00" fuel="78.05" electricity="0.00" noise="127.85" route="routetop" type="cfm-fast" waiting="0.00" lane="left_1" pos="35.91" speed="61.12" angle="119.97" x="35.66" y="4.65"/>
        <vehicle id="cfm-fast_2" eclass="HBEFA3/PC_G_EU4" CO2="0.00" CO="0.00" HC="0.00" NOx="0.00" PMx="0.00" fuel="0.00" electricity="0.00" noise="69.93" route="routetop" type="cfm-fast" waiting="0.00" lane="top_0" pos="37.02" speed="24.87" angle="207.86" x="0.70" y="90.92"/>
        <vehicle id="cfm-fast_3" eclass="HBEFA3/PC_G_EU4" CO2="0.00" CO="0.00" HC="0.00" NOx="0.00" PMx="0.00" fuel="0.00" electricity="0.00" noise="69.61" route="routetop" type="cfm-fast" waiting="0.00" lane="left_0" pos="3.03" speed="23.21" angle="179.06" x="-4.62" y="57.07"/>
        <vehicle id="cfm-fast_4" eclass="HBEFA3/PC_G_EU4" CO2="277342.55" CO="6599.55" HC="37.05" NOx="129.41" PMx="7.63" fuel="119.22" electricity="0.00" noise="148.26" route="routebottom" type="cfm-fast" waiting="0.00" lane="bottom_1" pos="40.81" speed="69.23" angle="21.04" x="126.26" y="45.05"/>
        <vehicle id="cfm-fast_5" eclass="HBEFA3/PC_G_EU4" CO2="10581.80" CO="142.05" HC="0.91" NOx="4.40" PMx="0.23" fuel="4.55" electricity="0.00" noise="72.62" route="routetop" type="cfm-fast" waiting="0.00" lane="left_0" pos="17.70" speed="22.12" angle="152.60" x="5.40" y="27.43"/>
        <vehicle id="cfm-slow_0" eclass="HBEFA3/PC_G_EU4" CO2="15793.33" CO="250.63" HC="1.53" NOx="6.83" PMx="0.37" fuel="6.79" electricity="0.00" noise="75.69" route="routetop" type="cfm-slow" waiting="0.00" lane="left_0" pos="31.12" speed="23.16" angle="128.52" x="25.29" y="6.79"/>
        <vehicle id="cfm-slow_1" eclass="HBEFA3/PC_G_EU4" CO2="19995.22" CO="341.66" HC="2.05" NOx="8.77" PMx="0.48" fuel="8.59" electricity="0.00" noise="78.18" route="routetop" type="cfm-slow" waiting="0.00" lane="left_0" pos="49.61" speed="25.00" angle="95.22" x="62.73" y="-4.93"/>
        <vehicle id="cfm-slow_2" eclass="HBEFA3/PC_G_EU4" CO2="20979.37" CO="371.31" HC="2.21" NOx="9.19" PMx="0.51" fuel="9.02" electricity="0.00" noise="78.71" route="routebottom" type="cfm-slow" waiting="0.00" lane="bottom_0" pos="20.01" speed="27.26" angle="58.43" x="104.01" y="8.19"/>
        <vehicle id="cfm-slow_3" eclass="HBEFA3/PC_G_EU4" CO2="15377.02" CO="268.17" HC="1.61" NOx="6.50" PMx="0.37" fuel="6.61" electricity="0.00" noise="76.43" route="routebottom" type="cfm-slow" waiting="0.00" lane="bottom_0" pos="42.69" speed="29.31" angle="17.72" x="130.45" y="47.99"/>
        <vehicle id="cfm-slow_4" eclass="HBEFA3/PC_G_EU4" CO2="0.00" CO="0.00" HC="0.00" NOx="0.00" PMx="0.00" fuel="0.00" electricity="0.00" noise="73.66" route="routebottom" type="cfm-slow" waiting="0.00" lane="right_0" pos="17.40" speed="30.30" angle="333.17" x="122.25" y="99.34"/>
        <vehicle id="cfm-slow_5" eclass="HBEFA3/PC_G_EU4" CO2="0.00" CO="0.00" HC="0.00" NOx="0.00" PMx="0.00" fuel="0.00" electricity="0.00" noise="72.29" route="routebottom" type="cfm-slow" waiting="0.00" lane="right_0" pos="42.99" speed="29.70" angle="287.18" x="78.71" y="130.59"/>
    </timestep>
    <timestep time="5.12">
        <vehicle id="cfm-fast_0" eclass="HBEFA3/PC_G_EU4" CO2="0.00" CO="0.00" HC="0.00" NOx="0.00" PMx="0.00" fuel="0.00" electricity="0.00" noise="71.10" route="routetop" type="cfm-fast" waiting="0.00" lane="top_0" pos="18.25" speed="27.57" angle="241.67" x="26.43" y="121.29"/>
        <vehicle id="cfm-fast_1" eclass="HBEFA3/PC_G_EU4" CO2="182187.66" CO="4345.47" HC="24.39" NOx="84.62" PMx="5.02" fuel="78.31" electricity="0.00" noise="127.98" route="routetop" type="cfm-fast" waiting="0.00" lane="left_1" pos="36.52" speed="61.22" angle="118.81" x="36.81" y="4.13"/>
        <vehicle id="cfm-fast_2" eclass="HBEFA3/PC_G_EU4" CO2="0.00" CO="0.00" HC="0.00" NOx="0.00" PMx="0.00" fuel="0.00" electricity="0.00" noise="69.92" route="routetop" type="cfm-fast" waiting="0.00" lane="top_0" pos="37.27" speed="24.85" angle="207.47" x="0.48" y="90.43"/>
        <vehicle id="cfm-fast_3" eclass="HBEFA3/PC_G_EU4" CO2="0.00" CO="0.00" HC="0.00" NOx="0.00" PMx="0.00" fuel="0.00" electricity="0.00" noise="69.62" route="routetop" type="cfm-fast" waiting="0.00" lane="left_0" pos="3.26" speed="23.21" angle="178.65" x="-4.57" y="56.57"/>
        <vehicle id="cfm-fast_4" eclass="HBEFA3/PC_G_EU4" CO2="277957.93" CO="6617.71" HC="37.15" NOx="129.70" PMx="7.65" fuel="119.48" electricity="0.00" noise="148.32" route="routebottom" type="cfm-fast" waiting="0.00" lane="bottom_1" pos="41.51" speed="69.37" angle="19.81" x="126.65" y="46.42"/>
        <vehicle id="cfm-fast_5" eclass="HBEFA3/PC_G_EU4" CO2="10619.58" CO="142.84" HC="0.91" NOx="4.41" PMx="0.23" fuel="4.56" electricity="0.00" noise="72.64" route="routetop" type="cfm-fast" waiting="0.00" lane="left_0" pos="17.92" speed="22.13" angle="152.25" x="5.65" y="27.02"/>
        <vehicle id="cfm-slow_0" eclass="HBEFA3/PC_G_EU4" CO2="15824.37" CO="251.30" HC="1.54" NOx="6.85" PMx="0.37" fuel="6.80" electricity="0.00" noise="75.71" route="routetop" type="cfm-slow" waiting="0.00" lane="left_0" pos="31.35" speed="23.18" angle="128.10" x="25.71" y="6.52"/>
        <vehicle id="cfm-slow_1" eclass="HBEFA3/PC_G_EU4" CO2="19998.60" CO="341.81" HC="2.05" NOx="8.77" PMx="0.48" fuel="8.60" electricity="0.00" noise="78.18" route="routetop" type="cfm-slow" waiting="0.00" lane="left_0" pos="49.86" speed="25.03" angle="94.76" x="63.27" y="-4.94"/>
        <vehicle id="cfm-slow_2" eclass="HBEFA3/PC_G_EU4" CO2="20922.51" CO="370.25" HC="2.21" NOx="9.16" PMx="0.51" fuel="8.99" electricity="0.00" noise="78.68" route="routebottom" type="cfm-slow" waiting="0.00" lane="bottom_0" pos="20.28" speed="27.28" angle="57.92" x="104.49" y="8.53"/>
        <vehicle id="cfm-slow_3" eclass="HBEFA3/PC_G_EU4" CO2="15257.61" CO="265.80" HC="1.59" NOx="6.44" PMx="0.37" fuel="6.56" electricity="0.00" noise="76.39" route="routebottom" type="cfm-slow" waiting="0.00" lane="bottom_0" pos="42.99" speed="29.32" angle="17.19" x="130.59" y="48.60"/>
        <vehicle id="cfm-slow_4" eclass="HBEFA3/PC_G_EU4" CO2="0.00" CO="0.00" HC="0.00" NOx="0.00" PMx="0.00" fuel="0.00" electricity="0.00" noise="73.63" route="routebottom" type="cfm-slow" waiting="0.00" lane="right_0" pos="17.70" speed="30.30" angle="332.62" x="121.92" y="99.90"/>
        <vehicle id="cfm-slow_5" eclass="HBEFA3/PC_G_EU4" CO2="0.00" CO="0.00" HC="0.00" NOx="0.00" PMx="0.00" fuel="0.00" electricity="0.00" noise="72.28" route="routebottom" type="cfm-slow" waiting="0.00" lane="right_0" pos="43.29" speed="29.68" angle="286.64" x="78.08" y="130.73"/>
    </timestep>
    <timestep time="5.13">
        <vehicle id="cfm-fast_0" eclass="HBEFA3/PC_G_EU4" CO2="0.00" CO="0.00" HC="0.00" NOx="0.00" PMx="0.00" fuel="0.00" electricity="0.00" noise="71.09" route="routetop" type="cfm-fast" waiting="0.00" lane="top_0" pos="18.52" speed="27.55" angle="241.13" x="25.94" y="120.96"/>
        <vehicle id="cfm-fast_1" eclass="HBEFA3/PC_G_EU4" CO2="182812.76" CO="4361.67" HC="24.48" NOx="84.92" PMx="5.04" fuel="78.58" electricity="0.00" noise="128.10" route="routetop" type="cfm-fast" waiting="0.00" lane="left_1" pos="37.13" speed="61.32" angle="117.68" x="37.96" y="3.62"/>
        <vehicle id="cfm-fast_2" eclass="HBEFA3/PC_G_EU4" CO2="0.00" CO="0.00" HC="0.00" NOx="0.00" PMx="0.00" fuel="0.00" electricity="0.00" noise="69.92" route="routetop" type="cfm-fast" waiting="0.00" lane="top_0" pos="37.52" speed="24.84" angle="207.02" x="0.29" y="89.93"/>
        <vehicle id="cfm-fast_3" eclass="HBEFA3/PC_G_EU4" CO2="0.00" CO="0.00" HC="0.00" NOx="0.00" PMx="0.00" fuel="0.00" electricity="0.00" noise="69.63" route="routetop" type="cfm-fast" waiting="0.00" lane="left_0" pos="3.49" speed="23.20" angle="178.23" x="-4.52" y="56.07"/>
        <vehicle id="cfm-fast_4" eclass="HBEFA3/PC_G_EU4" CO2="278573.60" CO="6635.88" HC="37.25" NOx="129.99" PMx="7.67" fuel="119.74" electricity="0.00" noise="148.39" route="routebottom" type="cfm-fast" waiting="0.00" lane="bottom_1" pos="42.20" speed="69.50" angle="18.51" x="127.01" y="47.80"/>
        <vehicle id="cfm-fast_5" eclass="HBEFA3/PC_G_EU4" CO2="10657.40" CO="143.62" HC="0.92" NOx="4.43" PMx="0.23" fuel="4.58" electricity="0.00" noise="72.67" route="routetop" type="cfm-fast" waiting="0.00" lane="left_0" pos="18.14" speed="22.14" angle="151.85" x="5.91" y="26.62"/>
        <vehicle id="cfm-slow_0" eclass="HBEFA3/PC_G_EU4" CO2="15855.26" CO="251.97" HC="1.54" NOx="6.86" PMx="0.37" fuel="6.82" electricity="0.00" noise="75.73" route="routetop" type="cfm-slow" waiting="0.00" lane="left_0" pos="31.58" speed="23.20" angle="127.68" x="26.12" y="6.24"/>
        <vehicle id="cfm-slow_1" eclass="HBEFA3/PC_G_EU4" CO2="20001.52" CO="341.95" HC="2.05" NOx="8.77" PMx="0.48" fuel="8.60" electricity="0.00" noise="78.19" route="routebottom" type="cfm-slow" waiting="0.00" lane="bottom_0" pos="0.11" speed="25.05" angle="94.27" x="64.00" y="-4.94"/>
        <vehicle id="cfm-slow_2" eclass="HBEFA3/PC_G_EU4" CO2="20865.13" CO="369.19" HC="2.20" NOx="9.13" PMx="0.51" fuel="8.97" electricity="0.00" noise="78.65" route="routebottom" type="cfm-slow" waiting="0.00" lane="bottom_0" pos="20.55" speed="27.30" angle="57.49" x="104.96" y="8.87"/>
        <vehicle id="cfm-slow_3" eclass="HBEFA3/PC_G_EU4" CO2="15138.14" CO="263.42" HC="1.58" NOx="6.38" PMx="0.37" fuel="6.51" electricity="0.00" noise="76.35" route="routebottom" type="cfm-slow" waiting="0.00" lane="bottom_0" pos="43.28" speed="29.33" angle="16.65" x="130.73" y="49.22"/>
        <vehicle id="cfm-slow_4" eclass="HBEFA3/PC_G_EU4" CO2="0.00" CO="0.00" HC="0.00" NOx="0.00" PMx="0.00" fuel="0.00" electricity="0.00" noise="73.61" route="routebottom" type="cfm-slow" waiting="0.00" lane="right_0" pos="18.00" speed="30.30" angle="332.13" x="121.58" y="100.46"/>
        <vehicle id="cfm-slow_5" eclass="HBEFA3/PC_G_EU4" CO2="0.00" CO="0.00" HC="0.00" NOx="0.00" PMx="0.00" fuel="0.00" electricity="0.00" noise="72.26" route="routebottom" type="cfm-slow" waiting="0.00" lane="right_0" pos="43.59" speed="29.66" angle="286.14" x="77.46" y="130.87"/>
    </timestep>
    <timestep time="5.14">
        <vehicle id="cfm-fast_0" eclass="HBEFA3/PC_G_EU4" CO2="0.00" CO="0.00" HC="0.00" NOx="0.00" PMx="0.00" fuel="0.00" electricity="0.00" noise="71.08" route="routetop" type="cfm-fast" waiting="0.00" lane="top_0" pos="18.80" speed="27.53" angle="240.59" x="25.45" y="120.63"/>
        <vehicle id="cfm-fast_1" eclass="HBEFA3/PC_G_EU4" CO2="183439.74" CO="4377.92" HC="24.57" NOx="85.21" PMx="5.06" fuel="78.85" electricity="0.00" noise="128.23" route="routetop" type="cfm-fast" waiting="0.00" lane="left_1" pos="37.75" speed="61.42" angle="116.56" x="39.13" y="3.15"/>
        <vehicle id="cfm-fast_2" eclass="HBEFA3/PC_G_EU4" CO2="0.00" CO="0.00" HC="0.00" NOx="0.00" PMx="0.00" fuel="0.00" electricity="0.00" noise="69.91" route="routetop" type="cfm-fast" waiting="0.00" lane="top_0" pos="37.76" speed="24.83" angle="206.56" x="0.09" y="89.43"/>
        <vehicle id="cfm-fast_3" eclass="HBEFA3/PC_G_EU4" CO2="0.00" CO="0.00" HC="0.00" NOx="0.00" PMx="0.00" fuel="0.00" electricity="0.00" noise="69.64" route="routetop" type="cfm-fast" waiting="0.00" lane="left_0" pos="3.72" speed="23.19" angle="177.82" x="-4.47" y="55.58"/>
        <vehicle id="cfm-fast_4" eclass="HBEFA3/PC_G_EU4" CO2="279189.56" CO="6654.08" HC="37.35" NOx="130.28" PMx="7.68" fuel="120.01" electricity="0.00" noise="148.46" route="routebottom" type="cfm-fast" waiting="0.00" lane="bottom_1" pos="42.90" speed="69.64" angle="17.34" x="127.34" y="49.19"/>
        <vehicle id="cfm-fast_5" eclass="HBEFA3/PC_G_EU4" CO2="10695.25" CO="144.41" HC="0.92" NOx="4.45" PMx="0.23" fuel="4.60" electricity="0.00" noise="72.69" route="routetop" type="cfm-fast" waiting="0.00" lane="left_0" pos="18.36" speed="22.15" angle="151.43" x="6.17" y="26.22"/>
        <vehicle id="cfm-slow_0" eclass="HBEFA3/PC_G_EU4" CO2="15885.98" CO="252.64" HC="1.54" NOx="6.87" PMx="0.37" fuel="6.83" electricity="0.00" noise="75.75" route="routetop" type="cfm-slow" waiting="0.00" lane="left_0" pos="31.81" speed="23.22" angle="127.26" x="26.54" y="5.96"/>
        <vehicle id="cfm-slow_1" eclass="HBEFA3/PC_G_EU4" CO2="20003.98" CO="342.08" HC="2.06" NOx="8.77" PMx="0.48" fuel="8.60" electricity="0.00" noise="78.19" route="routebottom" type="cfm-slow" waiting="0.00" lane="bottom_0" pos="0.36" speed="25.08" angle="93.82" x="64.53" y="-4.93"/>
        <vehicle id="cfm-slow_2" eclass="HBEFA3/PC_G_EU4" CO2="20807.21" CO="368.11" HC="2.20" NOx="9.10" PMx="0.51" fuel="8.94" electricity="0.00" noise="78.63" route="routebottom" type="cfm-slow" waiting="0.00" lane="bottom_0" pos="20.82" speed="27.33" angle="56.99" x="105.42" y="9.24"/>
        <vehicle id="cfm-slow_3" eclass="HBEFA3/PC_G_EU4" CO2="15018.62" CO="261.04" HC="1.57" NOx="6.33" PMx="0.36" fuel="6.46" electricity="0.00" noise="76.30" route="routebottom" type="cfm-slow" waiting="0.00" lane="bottom_0" pos="43.57" speed="29.34" angle="16.16" x="130.87" y="49.83"/>
        <vehicle id="cfm-slow_4" eclass="HBEFA3/PC_G_EU4" CO2="0.00" CO="0.00" HC="0.00" NOx="0.00" PMx="0.00" fuel="0.00" electricity="0.00" noise="73.59" route="routebottom" type="cfm-slow" waiting="0.00" lane="right_0" pos="18.31" speed="30.29" angle="331.54" x="121.22" y="101.00"/>
        <vehicle id="cfm-slow_5" eclass="HBEFA3/PC_G_EU4" CO2="0.00" CO="0.00" HC="0.00" NOx="0.00" PMx="0.00" fuel="0.00" electricity="0.00" noise="72.25" route="routebottom" type="cfm-slow" waiting="0.00" lane="right_0" pos="43.88" speed="29.65" angle="285.59" x="76.83" y="130.99"/>
    </timestep>
    <timestep time="5.15">
        <vehicle id="cfm-fast_0" eclass="HBEFA3/PC_G_EU4" CO2="0.00" CO="0.00" HC="0.00" NOx="0.00" PMx="0.00" fuel="0.00" electricity="0.00" noise="71.07" route="routetop" type="cfm-fast" waiting="0.00" lane="top_0" pos="19.07" speed="27.51" angle="240.06" x="24.95" y="120.30"/>
        <vehicle id="cfm-fast_1" eclass="HBEFA3/PC_G_EU4" CO2="184068.59" CO="4394.22" HC="24.66" NOx="85.51" PMx="5.07" fuel="79.12" electricity="0.00" noise="128.36" route="routetop" type="cfm-fast" waiting="0.00" lane="left_1" pos="38.36" speed="61.52" angle="115.41" x="40.30" y="2.68"/>
        <vehicle id="cfm-fast_2" eclass="HBEFA3/PC_G_EU4" CO2="0.00" CO="0.00" HC="0.00" NOx="0.00" PMx="0.00" fuel="0.00" electricity="0.00" noise="69.91" route="routetop" type="cfm-fast" waiting="0.00" lane="top_0" pos="38.01" speed="24.81" angle="206.10" x="-0.11" y="88.94"/>
        <vehicle id="cfm-fast_3" eclass="HBEFA3/PC_G_EU4" CO2="0.00" CO="0.00" HC="0.00" NOx="0.00" PMx="0.00" fuel="0.00" electricity="0.00" noise="69.65" route="routetop" type="cfm-fast" waiting="0.00" lane="left_0" pos="3.96" speed="23.19" angle="177.42" x="-4.41" y="55.08"/>
        <vehicle id="cfm-fast_4" eclass="HBEFA3/PC_G_EU4" CO2="279805.81" CO="6672.30" HC="37.45" NOx="130.57" PMx="7.70" fuel="120.27" electricity="0.00" noise="148.52" route="routebottom" type="cfm-fast" waiting="0.00" lane="bottom_1" pos="43.60" speed="69.77" angle="16.16" x="127.66" y="50.59"/>
        <vehicle id="cfm-fast_5" eclass="HBEFA3/PC_G_EU4" CO2="10733.14" CO="145.20" HC="0.93" NOx="4.47" PMx="0.23" fuel="4.61" electricity="0.00" noise="72.71" route="routetop" type="cfm-fast" waiting="0.00" lane="left_0" pos="18.58" speed="22.17" angle="151.01" x="6.44" y="25.83"/>
        <vehicle id="cfm-slow_0" eclass="HBEFA3/PC_G_EU4" CO2="15916.53" CO="253.30" HC="1.55" NOx="6.89" PMx="0.37" fuel="6.84" electricity="0.00" noise="75.77" route="routetop" type="cfm-slow" waiting="0.00" lane="left_0" pos="32.05" speed="23.24" angle="126.90" x="26.96" y="5.69"/>
        <vehicle id="cfm-slow_1" eclass="HBEFA3/PC_G_EU4" CO2="20005.99" CO="342.20" HC="2.06" NOx="8.77" PMx="0.48" fuel="8.60" electricity="0.00" noise="78.19" route="routebottom" type="cfm-slow" waiting="0.00" lane="bottom_0" pos="0.61" speed="25.10" angle="93.36" x="65.07" y="-4.92"/>
        <vehicle id="cfm-slow_2" eclass="HBEFA3/PC_G_EU4" CO2="20748.76" CO="367.02" HC="2.19" NOx="9.07" PMx="0.51" fuel="8.92" electricity="0.00" noise="78.60" route="routebottom" type="cfm-slow" waiting="0.00" lane="bottom_0" pos="21.10" speed="27.35" angle="56.50" x="105.89" y="9.60"/>
        <vehicle id="cfm-slow_3" eclass="HBEFA3/PC_G_EU4" CO2="14899.05" CO="258.67" HC="1.55" NOx="6.27" PMx="0.36" fuel="6.40" electricity="0.00" noise="76.26" route="routebottom" type="cfm-slow" waiting="0.00" lane="bottom_0" pos="43.87" speed="29.36" angle="15.62" x="130.98" y="50.46"/>
        <vehicle id="cfm-slow_4" eclass="HBEFA3/PC_G_EU4" CO2="0.00" CO="0.00" HC="0.00" NOx="0.00" PMx="0.00" fuel="0.00" electricity="0.00" noise="73.57" route="routebottom" type="cfm-slow" waiting="0.00" lane="right_0" pos="18.61" speed="30.29" angle="330.95" x="120.85" y="101.54"/>
        <vehicle id="cfm-slow_5" eclass="HBEFA3/PC_G_EU4" CO2="0.00" CO="0.00" HC="0.00" NOx="0.00" PMx="0.00" fuel="0.00" electricity="0.00" noise="72.24" route="routebottom" type="cfm-slow" waiting="0.00" lane="right_0" pos="44.18" speed="29.63" angle="285.03" x="76.21" y="131.11"/>
    </timestep>
    <timestep time="5.16">
        <vehicle id="cfm-fast_0" eclass="HBEFA3/PC_G_EU4" CO2="0.00" CO="0.00" HC="0.00" NOx="0.00" PMx="0.00" fuel="0.00" electricity="0.00" noise="71.06" route="routetop" type="cfm-fast" waiting="0.00" lane="top_0" pos="19.35" speed="27.49" angle="239.62" x="24.47" y="119.97"/>
        <vehicle id="cfm-fast_1" eclass="HBEFA3/PC_G_EU4" CO2="184699.27" CO="4410.57" HC="24.75" NOx="85.80" PMx="5.09" fuel="79.39" electricity="0.00" noise="128.48" route="routetop" type="cfm-fast" waiting="0.00" lane="left_1" pos="38.98" speed="61.62" angle="114.32" x="41.48" y="2.25"/>
        <vehicle id="cfm-fast_2" eclass="HBEFA3/PC_G_EU4" CO2="0.00" CO="0.00" HC="0.00" NOx="0.00" PMx="0.00" fuel="0.00" electricity="0.00" noise="69.90" route="routetop" type="cfm-fast" waiting="0.00" lane="top_0" pos="38.26" speed="24.80" angle="205.65" x="-0.31" y="88.44"/>
        <vehicle id="cfm-fast_3" eclass="HBEFA3/PC_G_EU4" CO2="0.00" CO="0.00" HC="0.00" NOx="0.00" PMx="0.00" fuel="0.00" electricity="0.00" noise="69.66" route="routetop" type="cfm-fast" waiting="0.00" lane="left_0" pos="4.19" speed="23.18" angle="177.00" x="-4.34" y="54.59"/>
        <vehicle id="cfm-fast_4" eclass="HBEFA3/PC_G_EU4" CO2="280422.35" CO="6690.55" HC="37.55" NOx="130.86" PMx="7.72" fuel="120.54" electricity="0.00" noise="148.59" route="routebottom" type="cfm-fast" waiting="0.00" lane="bottom_1" pos="44.30" speed="69.91" angle="14.80" x="127.91" y="52.00"/>
        <vehicle id="cfm-fast_5" eclass="HBEFA3/PC_G_EU4" CO2="10771.06" CO="146.00" HC="0.93" NOx="4.48" PMx="0.23" fuel="4.63" electricity="0.00" noise="72.73" route="routetop" type="cfm-fast" waiting="0.00" lane="left_0" pos="18.81" speed="22.18" angle="150.60" x="6.70" y="25.43"/>
        <vehicle id="cfm-slow_0" eclass="HBEFA3/PC_G_EU4" CO2="15946.92" CO="253.96" HC="1.55" NOx="6.90" PMx="0.37" fuel="6.85" electricity="0.00" noise="75.79" route="routetop" type="cfm-slow" waiting="0.00" lane="left_0" pos="32.28" speed="23.26" angle="126.47" x="27.38" y="5.43"/>
        <vehicle id="cfm-slow_1" eclass="HBEFA3/PC_G_EU4" CO2="20007.53" CO="342.31" HC="2.06" NOx="8.77" PMx="0.48" fuel="8.60" electricity="0.00" noise="78.19" route="routebottom" type="cfm-slow" waiting="0.00" lane="bottom_0" pos="0.86" speed="25.12" angle="92.91" x="65.62" y="-4.91"/>
        <vehicle id="cfm-slow_2" eclass="HBEFA3/PC_G_EU4" CO2="20689.79" CO="365.92" HC="2.18" NOx="9.05" PMx="0.51" fuel="8.89" electricity="0.00" noise="78.57" route="routebottom" type="cfm-slow" waiting="0.00" lane="bottom_0" pos="21.37" speed="27.37" angle="56.00" x="106.35" y="9.96"/>
        <vehicle id="cfm-slow_3" eclass="HBEFA3/PC_G_EU4" CO2="14779.45" CO="256.29" HC="1.54" NOx="6.21" PMx="0.36" fuel="6.35" electricity="0.00" noise="76.22" route="routebottom" type="cfm-slow" waiting="0.00" lane="bottom_0" pos="44.16" speed="29.37" angle="15.07" x="131.10" y="51.08"/>
        <vehicle id="cfm-slow_4" eclass="HBEFA3/PC_G_EU4" CO2="0.00" CO="0.00" HC="0.00" NOx="0.00" PMx="0.00" fuel="0.00" electricity="0.00" noise="73.55" route="routebottom" type="cfm-slow" waiting="0.00" lane="right_0" pos="18.91" speed="30.29" angle="330.36" x="120.49" y="102.08"/>
        <vehicle id="cfm-slow_5" eclass="HBEFA3/PC_G_EU4" CO2="0.00" CO="0.00" HC="0.00" NOx="0.00" PMx="0.00" fuel="0.00" electricity="0.00" noise="72.23" route="routebottom" type="cfm-slow" waiting="0.00" lane="right_0" pos="44.48" speed="29.61" angle="284.46" x="75.58" y="131.22"/>
    </timestep>
    <timestep time="5.17">
        <vehicle id="cfm-fast_0" eclass="HBEFA3/PC_G_EU4" CO2="0.00" CO="0.00" HC="0.00" NOx="0.00" PMx="0.00" fuel="0.00" electricity="0.00" noise="71.05" route="routetop" type="cfm-fast" waiting="0.00" lane="top_0" pos="19.62" speed="27.47" angle="239.12" x="23.99" y="119.62"/>
        <vehicle id="cfm-fast_1" eclass="HBEFA3/PC_G_EU4" CO2="185331.76" CO="4426.98" HC="24.85" NOx="86.10" PMx="5.11" fuel="79.66" electricity="0.00" noise="128.61" route="routetop" type="cfm-fast" waiting="0.00" lane="left_1" pos="39.59" speed="61.72" angle="113.19" x="42.67" y="1.82"/>
        <vehicle id="cfm-fast_2" eclass="HBEFA3/PC_G_EU4" CO2="0.00" CO="0.00" HC="0.00" NOx="0.00" PMx="0.00" fuel="0.00" electricity="0.00" noise="69.90" route="routetop" type="cfm-fast" waiting="0.00" lane="top_0" pos="38.51" speed="24.79" angle="205.24" x="-0.51" y="87.95"/>
        <vehicle id="cfm-fast_3" eclass="HBEFA3/PC_G_EU4" CO2="0.00" CO="0.00" HC="0.00" NOx="0.00" PMx="0.00" fuel="0.00" electricity="0.00" noise="69.67" route="routetop" type="cfm-fast" waiting="0.00" lane="left_0" pos="4.42" speed="23.18" angle="176.58" x="-4.27" y="54.09"/>
        <vehicle id="cfm-fast_4" eclass="HBEFA3/PC_G_EU4" CO2="281039.19" CO="6708.81" HC="37.65" NOx="131.14" PMx="7.74" fuel="120.80" electricity="0.00" noise="148.65" route="routebottom" type="cfm-fast" waiting="0.00" lane="bottom_1" pos="45.00" speed="70.05" angle="13.52" x="128.16" y="53.41"/>
        <vehicle id="cfm-fast_5" eclass="HBEFA3/PC_G_EU4" CO2="10809.01" CO="146.79" HC="0.93" NOx="4.50" PMx="0.23" fuel="4.65" electricity="0.00" noise="72.76" route="routetop" type="cfm-fast" waiting="0.00" lane="left_0" pos="19.03" speed="22.19" angle="150.18" x="6.97" y="25.03"/>
        <vehicle id="cfm-slow_0" eclass="HBEFA3/PC_G_EU4" CO2="15977.13" CO="254.62" HC="1.56" NOx="6.91" PMx="0.37" fuel="6.87" electricity="0.00" noise="75.81" route="routetop" type="cfm-slow" waiting="0.00" lane="left_0" pos="32.51" speed="23.28" angle="126.04" x="27.81" y="5.17"/>
        <vehicle id="cfm-slow_1" eclass="HBEFA3/PC_G_EU4" CO2="20008.61" CO="342.41" HC="2.06" NOx="8.77" PMx="0.48" fuel="8.60" electricity="0.00" noise="78.19" route="routebottom" type="cfm-slow" waiting="0.00" lane="bottom_0" pos="1.11" speed="25.15" angle="92.45" x="66.16" y="-4.90"/>
        <vehicle id="cfm-slow_2" eclass="HBEFA3/PC_G_EU4" CO2="20630.30" CO="364.81" HC="2.18" NOx="9.02" PMx="0.50" fuel="8.87" electricity="0.00" noise="78.54" route="routebottom" type="cfm-slow" waiting="0.00" lane="bottom_0" pos="21.65" speed="27.39" angle="55.50" x="106.82" y="10.33"/>
        <vehicle id="cfm-slow_3" eclass="HBEFA3/PC_G_EU4" CO2="14659.81" CO="253.90" HC="1.53" NOx="6.16" PMx="0.36" fuel="6.30" electricity="0.00" noise="76.18" route="routebottom" type="cfm-slow" waiting="0.00" lane="bottom_0" pos="44.45" speed="29.38" angle="14.51" x="131.21" y="51.70"/>
        <vehicle id="cfm-slow_4" eclass="HBEFA3/PC_G_EU4" CO2="0.00" CO="0.00" HC="0.00" NOx="0.00" PMx="0.00" fuel="0.00" electricity="0.00" noise="73.53" route="routebottom" type="cfm-slow" waiting="0.00" lane="right_0" pos="19.22" speed="30.28" angle="329.85" x="120.13" y="102.63"/>
        <vehicle id="cfm-slow_5" eclass="HBEFA3/PC_G_EU4" CO2="0.00" CO="0.00" HC="0.00" NOx="0.00" PMx="0.00" fuel="0.00" electricity="0.00" noise="72.22" route="routebottom" type="cfm-slow" waiting="0.00" lane="right_0" pos="44.77" speed="29.60" angle="283.90" x="74.95" y="131.34"/>
    </timestep>
    <timestep time="5.18">
        <vehicle id="cfm-fast_0" eclass="HBEFA3/PC_G_EU4" CO2="0.00" CO="0.00" HC="0.00" NOx="0.00" PMx="0.00" fuel="0.00" electricity="0.00" noise="71.03" route="routetop" type="cfm-fast" waiting="0.00" lane="top_0" pos="19.90" speed="27.45" angle="238.62" x="23.51" y="119.28"/>
        <vehicle id="cfm-fast_1" eclass="HBEFA3/PC_G_EU4" CO2="185966.04" CO="4443.44" HC="24.94" NOx="86.40" PMx="5.13" fuel="79.94" electricity="0.00" noise="128.74" route="routetop" type="cfm-fast" waiting="0.00" lane="left_1" pos="40.21" speed="61.82" angle="112.11" x="43.88" y="1.43"/>
        <vehicle id="cfm-fast_2" eclass="HBEFA3/PC_G_EU4" CO2="0.00" CO="0.00" HC="0.00" NOx="0.00" PMx="0.00" fuel="0.00" electricity="0.00" noise="69.89" route="routetop" type="cfm-fast" waiting="0.00" lane="top_0" pos="38.76" speed="24.77" angle="204.79" x="-0.69" y="87.45"/>
        <vehicle id="cfm-fast_3" eclass="HBEFA3/PC_G_EU4" CO2="0.00" CO="0.00" HC="0.00" NOx="0.00" PMx="0.00" fuel="0.00" electricity="0.00" noise="69.68" route="routetop" type="cfm-fast" waiting="0.00" lane="left_0" pos="4.65" speed="23.17" angle="176.16" x="-4.20" y="53.60"/>
        <vehicle id="cfm-fast_4" eclass="HBEFA3/PC_G_EU4" CO2="281656.32" CO="6727.09" HC="37.74" NOx="131.43" PMx="7.76" fuel="121.07" electricity="0.00" noise="148.72" route="routebottom" type="cfm-fast" waiting="0.00" lane="bottom_1" pos="45.70" speed="70.18" angle="12.23" x="128.36" y="54.84"/>
        <vehicle id="cfm-fast_5" eclass="HBEFA3/PC_G_EU4" CO2="10846.98" CO="147.58" HC="0.94" NOx="4.52" PMx="0.24" fuel="4.66" electricity="0.00" noise="72.78" route="routetop" type="cfm-fast" waiting="0.00" lane="left_0" pos="19.25" speed="22.20" angle="149.83" x="7.23" y="24.64"/>
        <vehicle id="cfm-slow_0" eclass="HBEFA3/PC_G_EU4" CO2="16007.16" CO="255.28" HC="1.56" NOx="6.93" PMx="0.37" fuel="6.88" electricity="0.00" noise="75.83" route="routetop" type="cfm-slow" waiting="0.00" lane="left_0" pos="32.74" speed="23.30" angle="125.60" x="28.24" y="4.91"/>
        <vehicle id="cfm-slow_1" eclass="HBEFA3/PC_G_EU4" CO2="20009.22" CO="342.50" HC="2.06" NOx="8.77" PMx="0.48" fuel="8.60" electricity="0.00" noise="78.19" route="routebottom" type="cfm-slow" waiting="0.00" lane="bottom_0" pos="1.37" speed="25.17" angle="92.02" x="66.70" y="-4.87"/>
        <vehicle id="cfm-slow_2" eclass="HBEFA3/PC_G_EU4" CO2="20570.29" CO="363.69" HC="2.17" NOx="8.99" PMx="0.50" fuel="8.84" electricity="0.00" noise="78.51" route="routebottom" type="cfm-slow" waiting="0.00" lane="bottom_0" pos="21.92" speed="27.41" angle="55.05" x="107.27" y="10.70"/>
        <vehicle id="cfm-slow_3" eclass="HBEFA3/PC_G_EU4" CO2="14540.15" CO="251.52" HC="1.51" NOx="6.10" PMx="0.35" fuel="6.25" electricity="0.00" noise="76.14" route="routebottom" type="cfm-slow" waiting="0.00" lane="bottom_0" pos="44.75" speed="29.39" angle="13.96" x="131.33" y="52.32"/>
        <vehicle id="cfm-slow_4" eclass="HBEFA3/PC_G_EU4" CO2="0.00" CO="0.00" HC="0.00" NOx="0.00" PMx="0.00" fuel="0.00" electricity="0.00" noise="73.51" route="routebottom" type="cfm-slow" waiting="0.00" lane="right_0" pos="19.52" speed="30.28" angle="329.30" x="119.75" y="103.16"/>
        <vehicle id="cfm-slow_5" eclass="HBEFA3/PC_G_EU4" CO2="0.00" CO="0.00" HC="0.00" NOx="0.00" PMx="0.00" fuel="0.00" electricity="0.00" noise="72.21" route="routebottom" type="cfm-slow" waiting="0.00" lane="right_0" pos="45.07" speed="29.58" angle="283.43" x="74.33" y="131.44"/>
    </timestep>
    <timestep time="5.19">
        <vehicle id="cfm-fast_0" eclass="HBEFA3/PC_G_EU4" CO2="0.00" CO="0.00" HC="0.00" NOx="0.00" PMx="0.00" fuel="0.00" electricity="0.00" noise="71.02" route="routetop" type="cfm-fast" waiting="0.00" lane="top_0" pos="20.17" speed="27.43" angle="238.12" x="23.03" y="118.93"/>
        <vehicle id="cfm-fast_1" eclass="HBEFA3/PC_G_EU4" CO2="186602.08" CO="4459.95" HC="25.03" NOx="86.70" PMx="5.15" fuel="80.21" electricity="0.00" noise="128.87" route="routetop" type="cfm-fast" waiting="0.00" lane="left_1" pos="40.83" speed="61.92" angle="110.95" x="45.09" y="1.05"/>
        <vehicle id="cfm-fast_2" eclass="HBEFA3/PC_G_EU4" CO2="0.00" CO="0.00" HC="0.00" NOx="0.00" PMx="0.00" fuel="0.00" electricity="0.00" noise="69.89" route="routetop" type="cfm-fast" waiting="0.00" lane="top_0" pos="39.00" speed="24.76" angle="204.33" x="-0.87" y="86.94"/>
        <vehicle id="cfm-fast_3" eclass="HBEFA3/PC_G_EU4" CO2="0.00" CO="0.00" HC="0.00" NOx="0.00" PMx="0.00" fuel="0.00" electricity="0.00" noise="69.70" route="routetop" type="cfm-fast" waiting="0.00" lane="left_0" pos="4.88" speed="23.17" angle="175.74" x="-4.13" y="53.10"/>
        <vehicle id="cfm-fast_4" eclass="HBEFA3/PC_G_EU4" CO2="282273.74" CO="6745.40" HC="37.84" NOx="131.72" PMx="7.78" fuel="121.34" electricity="0.00" noise="148.79" route="routebottom" type="cfm-fast" waiting="0.00" lane="bottom_1" pos="46.40" speed="70.32" angle="11.02" x="128.55" y="56.27"/>
        <vehicle id="cfm-fast_5" eclass="HBEFA3/PC_G_EU4" CO2="10884.98" CO="148.37" HC="0.94" NOx="4.54" PMx="0.24" fuel="4.68" electricity="0.00" noise="72.80" route="routetop" type="cfm-fast" waiting="0.00" lane="left_0" pos="19.47" speed="22.22" angle="149.42" x="7.51" y="24.25"/>
        <vehicle id="cfm-slow_0" eclass="HBEFA3/PC_G_EU4" CO2="16037.01" CO="255.93" HC="1.56" NOx="6.94" PMx="0.37" fuel="6.89" electricity="0.00" noise="75.84" route="routetop" type="cfm-slow" waiting="0.00" lane="left_0" pos="32.98" speed="23.32" angle="125.17" x="28.67" y="4.65"/>
        <vehicle id="cfm-slow_1" eclass="HBEFA3/PC_G_EU4" CO2="20009.36" CO="342.59" HC="2.06" NOx="8.77" PMx="0.48" fuel="8.60" electricity="0.00" noise="78.19" route="routebottom" type="cfm-slow" waiting="0.00" lane="bottom_0" pos="1.62" speed="25.20" angle="91.57" x="67.24" y="-4.84"/>
        <vehicle id="cfm-slow_2" eclass="HBEFA3/PC_G_EU4" CO2="20509.76" CO="362.56" HC="2.16" NOx="8.96" PMx="0.50" fuel="8.82" electricity="0.00" noise="78.48" route="routebottom" type="cfm-slow" waiting="0.00" lane="bottom_0" pos="22.19" speed="27.44" angle="54.53" x="107.72" y="11.08"/>
        <vehicle id="cfm-slow_3" eclass="HBEFA3/PC_G_EU4" CO2="14420.46" CO="249.14" HC="1.50" NOx="6.04" PMx="0.35" fuel="6.20" electricity="0.00" noise="76.10" route="routebottom" type="cfm-slow" waiting="0.00" lane="bottom_0" pos="45.04" speed="29.40" angle="13.49" x="131.43" y="52.94"/>
        <vehicle id="cfm-slow_4" eclass="HBEFA3/PC_G_EU4" CO2="0.00" CO="0.00" HC="0.00" NOx="0.00" PMx="0.00" fuel="0.00" electricity="0.00" noise="73.49" route="routebottom" type="cfm-slow" waiting="0.00" lane="right_0" pos="19.82" speed="30.27" angle="328.75" x="119.37" y="103.68"/>
        <vehicle id="cfm-slow_5" eclass="HBEFA3/PC_G_EU4" CO2="0.00" CO="0.00" HC="0.00" NOx="0.00" PMx="0.00" fuel="0.00" electricity="0.00" noise="72.20" route="routebottom" type="cfm-slow" waiting="0.00" lane="right_0" pos="45.36" speed="29.56" angle="282.90" x="73.70" y="131.53"/>
    </timestep>
    <timestep time="5.20">
        <vehicle id="cfm-fast_0" eclass="HBEFA3/PC_G_EU4" CO2="0.00" CO="0.00" HC="0.00" NOx="0.00" PMx="0.00" fuel="0.00" electricity="0.00" noise="71.01" route="routetop" type="cfm-fast" waiting="0.00" lane="top_0" pos="20.45" speed="27.41" angle="237.66" x="22.55" y="118.58"/>
        <vehicle id="cfm-fast_1" eclass="HBEFA3/PC_G_EU4" CO2="187239.86" CO="4476.50" HC="25.12" NOx="87.00" PMx="5.16" fuel="80.49" electricity="0.00" noise="128.99" route="routetop" type="cfm-fast" waiting="0.00" lane="left_1" pos="41.45" speed="62.02" angle="109.88" x="46.32" y="0.71"/>
        <vehicle id="cfm-fast_2" eclass="HBEFA3/PC_G_EU4" CO2="0.00" CO="0.00" HC="0.00" NOx="0.00" PMx="0.00" fuel="0.00" electricity="0.00" noise="69.88" route="routetop" type="cfm-fast" waiting="0.00" lane="top_0" pos="39.25" speed="24.75" angle="203.87" x="-1.05" y="86.44"/>
        <vehicle id="cfm-fast_3" eclass="HBEFA3/PC_G_EU4" CO2="0.00" CO="0.00" HC="0.00" NOx="0.00" PMx="0.00" fuel="0.00" electricity="0.00" noise="69.71" route="routetop" type="cfm-fast" waiting="0.00" lane="left_0" pos="5.11" speed="23.16" angle="175.29" x="-4.06" y="52.61"/>
        <vehicle id="cfm-fast_4" eclass="HBEFA3/PC_G_EU4" CO2="282891.45" CO="6763.73" HC="37.94" NOx="132.01" PMx="7.80" fuel="121.60" electricity="0.00" noise="148.85" route="routebottom" type="cfm-fast" waiting="0.00" lane="bottom_1" pos="47.11" speed="70.46" angle="9.77" x="128.70" y="57.70"/>
        <vehicle id="cfm-fast_5" eclass="HBEFA3/PC_G_EU4" CO2="10923.00" CO="149.17" HC="0.95" NOx="4.55" PMx="0.24" fuel="4.70" electricity="0.00" noise="72.82" route="routetop" type="cfm-fast" waiting="0.00" lane="left_0" pos="19.69" speed="22.23" angle="149.01" x="7.79" y="23.86"/>
        <vehicle id="cfm-slow_0" eclass="HBEFA3/PC_G_EU4" CO2="16066.68" CO="256.57" HC="1.57" NOx="6.96" PMx="0.37" fuel="6.91" electricity="0.00" noise="75.86" route="routetop" type="cfm-slow" waiting="0.00" lane="left_0" pos="33.21" speed="23.34" angle="124.73" x="29.10" y="4.39"/>
        <vehicle id="cfm-slow_1" eclass="HBEFA3/PC_G_EU4" CO2="20009.04" CO="342.66" HC="2.06" NOx="8.77" PMx="0.48" fuel="8.60" electricity="0.00" noise="78.19" route="routebottom" type="cfm-slow" waiting="0.00" lane="bottom_0" pos="1.87" speed="25.22" angle="91.12" x="67.78" y="-4.81"/>
        <vehicle id="cfm-slow_2" eclass="HBEFA3/PC_G_EU4" CO2="20448.72" CO="361.41" HC="2.16" NOx="8.93" PMx="0.50" fuel="8.79" electricity="0.00" noise="78.45" route="routebottom" type="cfm-slow" waiting="0.00" lane="bottom_0" pos="22.47" speed="27.46" angle="54.01" x="108.17" y="11.47"/>
        <vehicle id="cfm-slow_3" eclass="HBEFA3/PC_G_EU4" CO2="14300.77" CO="246.75" HC="1.48" NOx="5.99" PMx="0.35" fuel="6.15" electricity="0.00" noise="76.06" route="routebottom" type="cfm-slow" waiting="0.00" lane="bottom_0" pos="45.34" speed="29.41" angle="12.95" x="131.52" y="53.57"/>
        <vehicle id="cfm-slow_4" eclass="HBEFA3/PC_G_EU4" CO2="0.00" CO="0.00" HC="0.00" NOx="0.00" PMx="0.00" fuel="0.00" electricity="0.00" noise="73.47" route="routebottom" type="cfm-slow" waiting="0.00" lane="right_0" pos="20.12" speed="30.27" angle="328.20" x="118.99" y="104.21"/>
        <vehicle id="cfm-slow_5" eclass="HBEFA3/PC_G_EU4" CO2="0.00" CO="0.00" HC="0.00" NOx="0.00" PMx="0.00" fuel="0.00" electricity="0.00" noise="72.19" route="routebottom" type="cfm-slow" waiting="0.00" lane="right_0" pos="45.66" speed="29.55" angle="282.37" x="73.07" y="131.62"/>
    </timestep>
    <timestep time="5.21">
        <vehicle id="cfm-fast_0" eclass="HBEFA3/PC_G_EU4" CO2="0.00" CO="0.00" HC="0.00" NOx="0.00" PMx="0.00" fuel="0.00" electricity="0.00" noise="71.00" route="routetop" type="cfm-fast" waiting="0.00" lane="top_0" pos="20.72" speed="27.39" angle="237.18" x="22.09" y="118.23"/>
        <vehicle id="cfm-fast_1" eclass="HBEFA3/PC_G_EU4" CO2="187879.35" CO="4493.11" HC="25.21" NOx="87.30" PMx="5.18" fuel="80.76" electricity="0.00" noise="129.12" route="routetop" type="cfm-fast" waiting="0.00" lane="left_1" pos="42.07" speed="62.12" angle="108.74" x="47.55" y="0.38"/>
        <vehicle id="cfm-fast_2" eclass="HBEFA3/PC_G_EU4" CO2="0.00" CO="0.00" HC="0.00" NOx="0.00" PMx="0.00" fuel="0.00" electricity="0.00" noise="69.88" route="routetop" type="cfm-fast" waiting="0.00" lane="top_0" pos="39.50" speed="24.73" angle="203.41" x="-1.23" y="85.94"/>
        <vehicle id="cfm-fast_3" eclass="HBEFA3/PC_G_EU4" CO2="0.00" CO="0.00" HC="0.00" NOx="0.00" PMx="0.00" fuel="0.00" electricity="0.00" noise="69.72" route="routetop" type="cfm-fast" waiting="0.00" lane="left_0" pos="5.35" speed="23.16" angle="174.86" x="-3.97" y="52.12"/>
        <vehicle id="cfm-fast_4" eclass="HBEFA3/PC_G_EU4" CO2="283509.46" CO="6782.08" HC="38.04" NOx="132.30" PMx="7.81" fuel="121.87" electricity="0.00" noise="148.92" route="routebottom" type="cfm-fast" waiting="0.00" lane="bottom_1" pos="47.81" speed="70.59" angle="8.51" x="128.81" y="59.15"/>
        <vehicle id="cfm-fast_5" eclass="HBEFA3/PC_G_EU4" CO2="10961.04" CO="149.96" HC="0.95" NOx="4.57" PMx="0.24" fuel="4.71" electricity="0.00" noise="72.85" route="routetop" type="cfm-fast" waiting="0.00" lane="left_0" pos="19.92" speed="22.24" angle="148.60" x="8.07" y="23.47"/>
        <vehicle id="cfm-slow_0" eclass="HBEFA3/PC_G_EU4" CO2="16096.17" CO="257.22" HC="1.57" NOx="6.97" PMx="0.37" fuel="6.92" electricity="0.00" noise="75.88" route="routetop" type="cfm-slow" waiting="0.00" lane="left_0" pos="33.44" speed="23.36" angle="124.36" x="29.54" y="4.14"/>
        <vehicle id="cfm-slow_1" eclass="HBEFA3/PC_G_EU4" CO2="20008.25" CO="342.73" HC="2.06" NOx="8.77" PMx="0.48" fuel="8.60" electricity="0.00" noise="78.18" route="routebottom" type="cfm-slow" waiting="0.00" lane="bottom_0" pos="2.12" speed="25.24" angle="90.67" x="68.32" y="-4.78"/>
        <vehicle id="cfm-slow_2" eclass="HBEFA3/PC_G_EU4" CO2="20387.17" CO="360.26" HC="2.15" NOx="8.90" PMx="0.50" fuel="8.76" electricity="0.00" noise="78.41" route="routebottom" type="cfm-slow" waiting="0.00" lane="bottom_0" pos="22.74" speed="27.48" angle="53.49" x="108.62" y="11.85"/>
        <vehicle id="cfm-slow_3" eclass="HBEFA3/PC_G_EU4" CO2="14181.06" CO="244.36" HC="1.47" NOx="5.93" PMx="0.34" fuel="6.10" electricity="0.00" noise="76.02" route="routebottom" type="cfm-slow" waiting="0.00" lane="bottom_0" pos="45.63" speed="29.43" angle="12.42" x="131.61" y="54.20"/>
        <vehicle id="cfm-slow_4" eclass="HBEFA3/PC_G_EU4" CO2="0.00" CO="0.00" HC="0.00" NOx="0.00" PMx="0.00" fuel="0.00" electricity="0.00" noise="73.45" route="routebottom" type="cfm-slow" waiting="0.00" lane="right_0" pos="20.43" speed="30.27" angle="327.68" x="118.61" y="104.74"/>
        <vehicle id="cfm-slow_5" eclass="HBEFA3/PC_G_EU4" CO2="0.00" CO="0.00" HC="0.00" NOx="0.00" PMx="0.00" fuel="0.00" electricity="0.00" noise="72.18" route="routebottom" type="cfm-slow" waiting="0.00" lane="right_0" pos="45.95" speed="29.53" angle="281.84" x="72.44" y="131.71"/>
    </timestep>
    <timestep time="5.22">
        <vehicle id="cfm-fast_0" eclass="HBEFA3/PC_G_EU4" CO2="0.00" CO="0.00" HC="0.00" NOx="0.00" PMx="0.00" fuel="0.00" electricity="0.00" noise="70.99" route="routetop" type="cfm-fast" waiting="0.00" lane="top_0" pos="20.99" speed="27.37" angle="236.68" x="21.62" y="117.86"/>
        <vehicle id="cfm-fast_1" eclass="HBEFA3/PC_G_EU4" CO2="188520.54" CO="4509.77" HC="25.30" NOx="87.60" PMx="5.20" fuel="81.04" electricity="0.00" noise="129.25" route="routetop" type="cfm-fast" waiting="0.00" lane="left_1" pos="42.70" speed="62.22" angle="107.68" x="48.79" y="0.08"/>
        <vehicle id="cfm-fast_2" eclass="HBEFA3/PC_G_EU4" CO2="0.00" CO="0.00" HC="0.00" NOx="0.00" PMx="0.00" fuel="0.00" electricity="0.00" noise="69.87" route="routetop" type="cfm-fast" waiting="0.00" lane="top_0" pos="39.75" speed="24.72" angle="203.02" x="-1.40" y="85.44"/>
        <vehicle id="cfm-fast_3" eclass="HBEFA3/PC_G_EU4" CO2="0.00" CO="0.00" HC="0.00" NOx="0.00" PMx="0.00" fuel="0.00" electricity="0.00" noise="69.73" route="routetop" type="cfm-fast" waiting="0.00" lane="left_0" pos="5.58" speed="23.15" angle="174.44" x="-3.88" y="51.63"/>
        <vehicle id="cfm-fast_4" eclass="HBEFA3/PC_G_EU4" CO2="284127.75" CO="6800.45" HC="38.14" NOx="132.59" PMx="7.83" fuel="122.13" electricity="0.00" noise="148.98" route="routebottom" type="cfm-fast" waiting="0.00" lane="bottom_1" pos="48.52" speed="70.73" angle="7.14" x="128.89" y="60.59"/>
        <vehicle id="cfm-fast_5" eclass="HBEFA3/PC_G_EU4" CO2="10999.09" CO="150.76" HC="0.96" NOx="4.59" PMx="0.24" fuel="4.73" electricity="0.00" noise="72.87" route="routetop" type="cfm-fast" waiting="0.00" lane="left_0" pos="20.14" speed="22.25" angle="148.18" x="8.35" y="23.08"/>
        <vehicle id="cfm-slow_0" eclass="HBEFA3/PC_G_EU4" CO2="16125.46" CO="257.86" HC="1.57" NOx="6.98" PMx="0.38" fuel="6.93" electricity="0.00" noise="75.90" route="routetop" type="cfm-slow" waiting="0.00" lane="left_0" pos="33.68" speed="23.38" angle="123.93" x="29.98" y="3.90"/>
        <vehicle id="cfm-slow_1" eclass="HBEFA3/PC_G_EU4" CO2="20006.99" CO="342.78" HC="2.06" NOx="8.77" PMx="0.48" fuel="8.60" electricity="0.00" noise="78.18" route="routebottom" type="cfm-slow" waiting="0.00" lane="bottom_0" pos="2.37" speed="25.27" angle="90.21" x="68.87" y="-4.75"/>
        <vehicle id="cfm-slow_2" eclass="HBEFA3/PC_G_EU4" CO2="20325.12" CO="359.10" HC="2.14" NOx="8.87" PMx="0.50" fuel="8.74" electricity="0.00" noise="78.38" route="routebottom" type="cfm-slow" waiting="0.00" lane="bottom_0" pos="23.02" speed="27.50" angle="53.01" x="109.07" y="12.23"/>
        <vehicle id="cfm-slow_3" eclass="HBEFA3/PC_G_EU4" CO2="14061.35" CO="241.97" HC="1.46" NOx="5.87" PMx="0.34" fuel="6.04" electricity="0.00" noise="75.98" route="routebottom" type="cfm-slow" waiting="0.00" lane="bottom_0" pos="45.92" speed="29.44" angle="11.89" x="131.70" y="54.82"/>
        <vehicle id="cfm-slow_4" eclass="HBEFA3/PC_G_EU4" CO2="0.00" CO="0.00" HC="0.00" NOx="0.00" PMx="0.00" fuel="0.00" electricity="0.00" noise="73.43" route="routebottom" type="cfm-slow" waiting="0.00" lane="right_0" pos="20.73" speed="30.26" angle="327.17" x="118.21" y="105.26"/>
        <vehicle id="cfm-slow_5" eclass="HBEFA3/PC_G_EU4" CO2="0.00" CO="0.00" HC="0.00" NOx="0.00" PMx="0.00" fuel="0.00" electricity="0.00" noise="72.17" route="routebottom" type="cfm-slow" waiting="0.00" lane="right_0" pos="46.25" speed="29.51" angle="281.36" x="71.81" y="131.79"/>
    </timestep>
    <timestep time="5.23">
        <vehicle id="cfm-fast_0" eclass="HBEFA3/PC_G_EU4" CO2="0.00" CO="0.00" HC="0.00" NOx="0.00" PMx="0.00" fuel="0.00" electricity="0.00" noise="70.98" route="routetop" type="cfm-fast" waiting="0.00" lane="top_0" pos="21.27" speed="27.34" angle="236.17" x="21.16" y="117.50"/>
        <vehicle id="cfm-fast_1" eclass="HBEFA3/PC_G_EU4" CO2="189163.40" CO="4526.48" HC="25.40" NOx="87.90" PMx="5.22" fuel="81.31" electricity="0.00" noise="129.38" route="routetop" type="cfm-fast" waiting="0.00" lane="left_1" pos="43.32" speed="62.32" angle="106.56" x="50.03" y="-0.20"/>
        <vehicle id="cfm-fast_2" eclass="HBEFA3/PC_G_EU4" CO2="0.00" CO="0.00" HC="0.00" NOx="0.00" PMx="0.00" fuel="0.00" electricity="0.00" noise="69.87" route="routetop" type="cfm-fast" waiting="0.00" lane="top_0" pos="39.99" speed="24.71" angle="202.57" x="-1.56" y="84.93"/>
        <vehicle id="cfm-fast_3" eclass="HBEFA3/PC_G_EU4" CO2="0.00" CO="0.00" HC="0.00" NOx="0.00" PMx="0.00" fuel="0.00" electricity="0.00" noise="69.74" route="routetop" type="cfm-fast" waiting="0.00" lane="left_0" pos="5.81" speed="23.15" angle="174.02" x="-3.79" y="51.14"/>
        <vehicle id="cfm-fast_4" eclass="HBEFA3/PC_G_EU4" CO2="284746.34" CO="6818.84" HC="38.24" NOx="132.88" PMx="7.85" fuel="122.40" electricity="0.00" noise="149.05" route="routebottom" type="cfm-fast" waiting="0.00" lane="bottom_1" pos="49.23" speed="70.87" angle="5.89" x="128.94" y="62.05"/>
        <vehicle id="cfm-fast_5" eclass="HBEFA3/PC_G_EU4" CO2="11037.16" CO="151.55" HC="0.96" NOx="4.61" PMx="0.24" fuel="4.74" electricity="0.00" noise="72.89" route="routetop" type="cfm-fast" waiting="0.00" lane="left_0" pos="20.36" speed="22.27" angle="147.77" x="8.63" y="22.69"/>
        <vehicle id="cfm-slow_0" eclass="HBEFA3/PC_G_EU4" CO2="16154.57" CO="258.50" HC="1.58" NOx="7.00" PMx="0.38" fuel="6.94" electricity="0.00" noise="75.92" route="routetop" type="cfm-slow" waiting="0.00" lane="left_0" pos="33.91" speed="23.40" angle="123.50" x="30.42" y="3.66"/>
        <vehicle id="cfm-slow_1" eclass="HBEFA3/PC_G_EU4" CO2="20005.25" CO="342.83" HC="2.06" NOx="8.77" PMx="0.48" fuel="8.60" electricity="0.00" noise="78.18" route="routebottom" type="cfm-slow" waiting="0.00" lane="bottom_0" pos="2.63" speed="25.29" angle="89.78" x="69.41" y="-4.71"/>
        <vehicle id="cfm-slow_2" eclass="HBEFA3/PC_G_EU4" CO2="20262.56" CO="357.92" HC="2.14" NOx="8.84" PMx="0.49" fuel="8.71" electricity="0.00" noise="78.35" route="routebottom" type="cfm-slow" waiting="0.00" lane="bottom_0" pos="23.29" speed="27.52" angle="52.54" x="109.51" y="12.63"/>
        <vehicle id="cfm-slow_3" eclass="HBEFA3/PC_G_EU4" CO2="13941.65" CO="239.59" HC="1.44" NOx="5.82" PMx="0.34" fuel="5.99" electricity="0.00" noise="75.94" route="routebottom" type="cfm-slow" waiting="0.00" lane="bottom_0" pos="46.22" speed="29.45" angle="11.41" x="131.79" y="55.45"/>
        <vehicle id="cfm-slow_4" eclass="HBEFA3/PC_G_EU4" CO2="0.00" CO="0.00" HC="0.00" NOx="0.00" PMx="0.00" fuel="0.00" electricity="0.00" noise="73.42" route="routebottom" type="cfm-slow" waiting="0.00" lane="right_0" pos="21.03" speed="30.26" angle="326.62" x="117.81" y="105.77"/>
        <vehicle id="cfm-slow_5" eclass="HBEFA3/PC_G_EU4" CO2="0.00" CO="0.00" HC="0.00" NOx="0.00" PMx="0.00" fuel="0.00" electricity="0.00" noise="72.16" route="routebottom" type="cfm-slow" waiting="0.00" lane="right_0" pos="46.54" speed="29.49" angle="280.82" x="71.18" y="131.86"/>
    </timestep>
    <timestep time="5.24">
        <vehicle id="cfm-fast_0" eclass="HBEFA3/PC_G_EU4" CO2="0.00" CO="0.00" HC="0.00" NOx="0.00" PMx="0.00" fuel="0.00" electricity="0.00" noise="70.97" route="routetop" type="cfm-fast" waiting="0.00" lane="top_0" pos="21.54" speed="27.32" angle="235.67" x="20.70" y="117.14"/>
        <vehicle id="cfm-fast_1" eclass="HBEFA3/PC_G_EU4" CO2="189807.90" CO="4543.23" HC="25.49" NOx="88.20" PMx="5.24" fuel="81.59" electricity="0.00" noise="129.50" route="routetop" type="cfm-fast" waiting="0.00" lane="left_1" pos="43.94" speed="62.42" angle="105.46" x="51.29" y="-0.46"/>
        <vehicle id="cfm-fast_2" eclass="HBEFA3/PC_G_EU4" CO2="0.00" CO="0.00" HC="0.00" NOx="0.00" PMx="0.00" fuel="0.00" electricity="0.00" noise="69.87" route="routetop" type="cfm-fast" waiting="0.00" lane="top_0" pos="40.24" speed="24.69" angle="202.11" x="-1.72" y="84.43"/>
        <vehicle id="cfm-fast_3" eclass="HBEFA3/PC_G_EU4" CO2="0.00" CO="0.00" HC="0.00" NOx="0.00" PMx="0.00" fuel="0.00" electricity="0.00" noise="69.75" route="routetop" type="cfm-fast" waiting="0.00" lane="left_0" pos="6.04" speed="23.15" angle="173.60" x="-3.70" y="50.65"/>
        <vehicle id="cfm-fast_4" eclass="HBEFA3/PC_G_EU4" CO2="285365.22" CO="6837.26" HC="38.34" NOx="133.17" PMx="7.87" fuel="122.66" electricity="0.00" noise="149.12" route="routebottom" type="cfm-fast" waiting="0.00" lane="bottom_1" pos="49.94" speed="71.00" angle="4.61" x="128.97" y="63.50"/>
        <vehicle id="cfm-fast_5" eclass="HBEFA3/PC_G_EU4" CO2="11075.24" CO="152.35" HC="0.97" NOx="4.62" PMx="0.24" fuel="4.76" electricity="0.00" noise="72.92" route="routetop" type="cfm-fast" waiting="0.00" lane="left_0" pos="20.59" speed="22.28" angle="147.42" x="8.92" y="22.31"/>
        <vehicle id="cfm-slow_0" eclass="HBEFA3/PC_G_EU4" CO2="16183.48" CO="259.13" HC="1.58" NOx="7.01" PMx="0.38" fuel="6.96" electricity="0.00" noise="75.94" route="routetop" type="cfm-slow" waiting="0.00" lane="left_0" pos="34.15" speed="23.42" angle="123.07" x="30.86" y="3.41"/>
        <vehicle id="cfm-slow_1" eclass="HBEFA3/PC_G_EU4" CO2="20003.04" CO="342.87" HC="2.06" NOx="8.77" PMx="0.48" fuel="8.60" electricity="0.00" noise="78.18" route="routebottom" type="cfm-slow" waiting="0.00" lane="bottom_0" pos="2.88" speed="25.31" angle="89.33" x="69.95" y="-4.65"/>
        <vehicle id="cfm-slow_2" eclass="HBEFA3/PC_G_EU4" CO2="20199.51" CO="356.74" HC="2.13" NOx="8.81" PMx="0.49" fuel="8.68" electricity="0.00" noise="78.32" route="routebottom" type="cfm-slow" waiting="0.00" lane="bottom_0" pos="23.57" speed="27.54" angle="52.04" x="109.95" y="13.03"/>
        <vehicle id="cfm-slow_3" eclass="HBEFA3/PC_G_EU4" CO2="13821.96" CO="237.20" HC="1.43" NOx="5.76" PMx="0.33" fuel="5.94" electricity="0.00" noise="75.90" route="routebottom" type="cfm-slow" waiting="0.00" lane="bottom_0" pos="46.51" speed="29.46" angle="10.87" x="131.85" y="56.08"/>
        <vehicle id="cfm-slow_4" eclass="HBEFA3/PC_G_EU4" CO2="0.00" CO="0.00" HC="0.00" NOx="0.00" PMx="0.00" fuel="0.00" electricity="0.00" noise="73.40" route="routebottom" type="cfm-slow" waiting="0.00" lane="right_0" pos="21.33" speed="30.25" angle="326.07" x="117.41" y="106.28"/>
        <vehicle id="cfm-slow_5" eclass="HBEFA3/PC_G_EU4" CO2="0.00" CO="0.00" HC="0.00" NOx="0.00" PMx="0.00" fuel="0.00" electricity="0.00" noise="72.14" route="routebottom" type="cfm-slow" waiting="0.00" lane="right_0" pos="46.84" speed="29.48" angle="280.28" x="70.55" y="131.92"/>
    </timestep>
    <timestep time="5.25">
        <vehicle id="cfm-fast_0" eclass="HBEFA3/PC_G_EU4" CO2="0.00" CO="0.00" HC="0.00" NOx="0.00" PMx="0.00" fuel="0.00" electricity="0.00" noise="70.96" route="routetop" type="cfm-fast" waiting="0.00" lane="top_0" pos="21.81" speed="27.30" angle="235.22" x="20.24" y="116.77"/>
        <vehicle id="cfm-fast_1" eclass="HBEFA3/PC_G_EU4" CO2="190454.03" CO="4560.04" HC="25.58" NOx="88.51" PMx="5.25" fuel="81.87" electricity="0.00" noise="129.63" route="routetop" type="cfm-fast" waiting="0.00" lane="left_1" pos="44.57" speed="62.52" angle="104.30" x="52.55" y="-0.69"/>
        <vehicle id="cfm-fast_2" eclass="HBEFA3/PC_G_EU4" CO2="0.00" CO="0.00" HC="0.00" NOx="0.00" PMx="0.00" fuel="0.00" electricity="0.00" noise="69.86" route="routetop" type="cfm-fast" waiting="0.00" lane="top_0" pos="40.49" speed="24.68" angle="201.64" x="-1.88" y="83.92"/>
        <vehicle id="cfm-fast_3" eclass="HBEFA3/PC_G_EU4" CO2="0.00" CO="0.00" HC="0.00" NOx="0.00" PMx="0.00" fuel="0.00" electricity="0.00" noise="69.76" route="routetop" type="cfm-fast" waiting="0.00" lane="left_0" pos="6.27" speed="23.14" angle="173.19" x="-3.61" y="50.16"/>
        <vehicle id="cfm-fast_4" eclass="HBEFA3/PC_G_EU4" CO2="285984.39" CO="6855.69" HC="38.44" NOx="133.46" PMx="7.89" fuel="122.93" electricity="0.00" noise="149.18" route="routebottom" type="cfm-fast" waiting="0.00" lane="right_1" pos="0.65" speed="71.14" angle="3.31" x="128.94" y="65.02"/>
        <vehicle id="cfm-fast_5" eclass="HBEFA3/PC_G_EU4" CO2="11113.33" CO="153.15" HC="0.97" NOx="4.64" PMx="0.24" fuel="4.78" electricity="0.00" noise="72.94" route="routetop" type="cfm-fast" waiting="0.00" lane="left_0" pos="20.81" speed="22.29" angle="147.01" x="9.22" y="21.93"/>
        <vehicle id="cfm-slow_0" eclass="HBEFA3/PC_G_EU4" CO2="16212.19" CO="259.76" HC="1.58" NOx="7.02" PMx="0.38" fuel="6.97" electricity="0.00" noise="75.95" route="routetop" type="cfm-slow" waiting="0.00" lane="left_0" pos="34.38" speed="23.44" angle="122.64" x="31.30" y="3.17"/>
        <vehicle id="cfm-slow_1" eclass="HBEFA3/PC_G_EU4" CO2="20000.36" CO="342.89" HC="2.06" NOx="8.77" PMx="0.48" fuel="8.60" electricity="0.00" noise="78.18" route="routebottom" type="cfm-slow" waiting="0.00" lane="bottom_0" pos="3.13" speed="25.34" angle="88.87" x="70.49" y="-4.60"/>
        <vehicle id="cfm-slow_2" eclass="HBEFA3/PC_G_EU4" CO2="20135.96" CO="355.54" HC="2.12" NOx="8.78" PMx="0.49" fuel="8.66" electricity="0.00" noise="78.29" route="routebottom" type="cfm-slow" waiting="0.00" lane="bottom_0" pos="23.85" speed="27.56" angle="51.54" x="110.38" y="13.44"/>
        <vehicle id="cfm-slow_3" eclass="HBEFA3/PC_G_EU4" CO2="13702.29" CO="234.80" HC="1.41" NOx="5.70" PMx="0.33" fuel="5.89" electricity="0.00" noise="75.86" route="routebottom" type="cfm-slow" waiting="0.00" lane="bottom_0" pos="46.81" speed="29.47" angle="10.33" x="131.91" y="56.71"/>
        <vehicle id="cfm-slow_4" eclass="HBEFA3/PC_G_EU4" CO2="0.00" CO="0.00" HC="0.00" NOx="0.00" PMx="0.00" fuel="0.00" electricity="0.00" noise="73.38" route="routebottom" type="cfm-slow" waiting="0.00" lane="right_0" pos="21.64" speed="30.25" angle="325.52" x="117.01" y="106.80"/>
        <vehicle id="cfm-slow_5" eclass="HBEFA3/PC_G_EU4" CO2="0.00" CO="0.00" HC="0.00" NOx="0.00" PMx="0.00" fuel="0.00" electricity="0.00" noise="72.13" route="routebottom" type="cfm-slow" waiting="0.00" lane="right_0" pos="47.13" speed="29.46" angle="279.73" x="69.92" y="131.98"/>
    </timestep>
    <timestep time="5.26">
        <vehicle id="cfm-fast_0" eclass="HBEFA3/PC_G_EU4" CO2="0.00" CO="0.00" HC="0.00" NOx="0.00" PMx="0.00" fuel="0.00" electricity="0.00" noise="70.95" route="routetop" type="cfm-fast" waiting="0.00" lane="top_0" pos="22.09" speed="27.28" angle="234.71" x="19.79" y="116.39"/>
        <vehicle id="cfm-fast_1" eclass="HBEFA3/PC_G_EU4" CO2="191101.77" CO="4576.89" HC="25.67" NOx="88.81" PMx="5.27" fuel="82.15" electricity="0.00" noise="129.76" route="routetop" type="cfm-fast" waiting="0.00" lane="left_1" pos="45.19" speed="62.62" angle="103.21" x="53.81" y="-0.90"/>
        <vehicle id="cfm-fast_2" eclass="HBEFA3/PC_G_EU4" CO2="0.00" CO="0.00" HC="0.00" NOx="0.00" PMx="0.00" fuel="0.00" electricity="0.00" noise="69.86" route="routetop" type="cfm-fast" waiting="0.00" lane="top_0" pos="40.73" speed="24.67" angle="201.18" x="-2.03" y="83.41"/>
        <vehicle id="cfm-fast_3" eclass="HBEFA3/PC_G_EU4" CO2="0.00" CO="0.00" HC="0.00" NOx="0.00" PMx="0.00" fuel="0.00" electricity="0.00" noise="69.78" route="routetop" type="cfm-fast" waiting="0.00" lane="left_0" pos="6.50" speed="23.14" angle="172.80" x="-3.51" y="49.67"/>
        <vehicle id="cfm-fast_4" eclass="HBEFA3/PC_G_EU4" CO2="286603.86" CO="6874.15" HC="38.54" NOx="133.75" PMx="7.91" fuel="123.20" electricity="0.00" noise="149.25" route="routebottom" type="cfm-fast" waiting="0.00" lane="right_1" pos="1.36" speed="71.27" angle="2.05" x="128.91" y="66.48"/>
        <vehicle id="cfm-fast_5" eclass="HBEFA3/PC_G_EU4" CO2="11151.42" CO="153.94" HC="0.98" NOx="4.66" PMx="0.24" fuel="4.79" electricity="0.00" noise="72.96" route="routetop" type="cfm-fast" waiting="0.00" lane="left_0" pos="21.03" speed="22.31" angle="146.60" x="9.51" y="21.55"/>
        <vehicle id="cfm-slow_0" eclass="HBEFA3/PC_G_EU4" CO2="16240.69" CO="260.38" HC="1.59" NOx="7.04" PMx="0.38" fuel="6.98" electricity="0.00" noise="75.97" route="routetop" type="cfm-slow" waiting="0.00" lane="left_0" pos="34.61" speed="23.46" angle="122.26" x="31.74" y="2.92"/>
        <vehicle id="cfm-slow_1" eclass="HBEFA3/PC_G_EU4" CO2="19997.20" CO="342.91" HC="2.06" NOx="8.76" PMx="0.48" fuel="8.60" electricity="0.00" noise="78.18" route="routebottom" type="cfm-slow" waiting="0.00" lane="bottom_0" pos="3.39" speed="25.36" angle="88.42" x="71.03" y="-4.54"/>
        <vehicle id="cfm-slow_2" eclass="HBEFA3/PC_G_EU4" CO2="20071.92" CO="354.33" HC="2.12" NOx="8.75" PMx="0.49" fuel="8.63" electricity="0.00" noise="78.26" route="routebottom" type="cfm-slow" waiting="0.00" lane="bottom_0" pos="24.12" speed="27.59" angle="51.05" x="110.82" y="13.84"/>
        <vehicle id="cfm-slow_3" eclass="HBEFA3/PC_G_EU4" CO2="13582.64" CO="232.41" HC="1.40" NOx="5.65" PMx="0.33" fuel="5.84" electricity="0.00" noise="75.82" route="routebottom" type="cfm-slow" waiting="0.00" lane="bottom_0" pos="47.10" speed="29.48" angle="9.79" x="131.98" y="57.34"/>
        <vehicle id="cfm-slow_4" eclass="HBEFA3/PC_G_EU4" CO2="0.00" CO="0.00" HC="0.00" NOx="0.00" PMx="0.00" fuel="0.00" electricity="0.00" noise="73.36" route="routebottom" type="cfm-slow" waiting="0.00" lane="right_0" pos="21.94" speed="30.24" angle="325.01" x="116.60" y="107.30"/>
        <vehicle id="cfm-slow_5" eclass="HBEFA3/PC_G_EU4" CO2="0.00" CO="0.00" HC="0.00" NOx="0.00" PMx="0.00" fuel="0.00" electricity="0.00" noise="72.12" route="routebottom" type="cfm-slow" waiting="0.00" lane="right_0" pos="47.43" speed="29.44" angle="279.24" x="69.29" y="132.05"/>
    </timestep>
    <timestep time="5.27">
        <vehicle id="cfm-fast_0" eclass="HBEFA3/PC_G_EU4" CO2="0.00" CO="0.00" HC="0.00" NOx="0.00" PMx="0.00" fuel="0.00" electricity="0.00" noise="70.94" route="routetop" type="cfm-fast" waiting="0.00" lane="top_0" pos="22.36" speed="27.26" angle="234.20" x="19.34" y="116.02"/>
        <vehicle id="cfm-fast_1" eclass="HBEFA3/PC_G_EU4" CO2="191751.08" CO="4593.79" HC="25.77" NOx="89.11" PMx="5.29" fuel="82.42" electricity="0.00" noise="129.89" route="routetop" type="cfm-fast" waiting="0.00" lane="left_1" pos="45.82" speed="62.73" angle="102.06" x="55.09" y="-1.08"/>
        <vehicle id="cfm-fast_2" eclass="HBEFA3/PC_G_EU4" CO2="0.00" CO="0.00" HC="0.00" NOx="0.00" PMx="0.00" fuel="0.00" electricity="0.00" noise="69.85" route="routetop" type="cfm-fast" waiting="0.00" lane="top_0" pos="40.98" speed="24.65" angle="200.75" x="-2.19" y="82.91"/>
        <vehicle id="cfm-fast_3" eclass="HBEFA3/PC_G_EU4" CO2="0.00" CO="0.00" HC="0.00" NOx="0.00" PMx="0.00" fuel="0.00" electricity="0.00" noise="69.79" route="routetop" type="cfm-fast" waiting="0.00" lane="left_0" pos="6.73" speed="23.13" angle="172.35" x="-3.40" y="49.19"/>
        <vehicle id="cfm-fast_4" eclass="HBEFA3/PC_G_EU4" CO2="287223.61" CO="6892.63" HC="38.64" NOx="134.05" PMx="7.93" fuel="123.46" electricity="0.00" noise="149.31" route="routebottom" type="cfm-fast" waiting="0.00" lane="right_1" pos="2.08" speed="71.41" angle="0.75" x="128.83" y="67.94"/>
        <vehicle id="cfm-fast_5" eclass="HBEFA3/PC_G_EU4" CO2="11189.52" CO="154.74" HC="0.98" NOx="4.68" PMx="0.24" fuel="4.81" electricity="0.00" noise="72.98" route="routetop" type="cfm-fast" waiting="0.00" lane="left_0" pos="21.25" speed="22.32" angle="146.19" x="9.81" y="21.18"/>
        <vehicle id="cfm-slow_0" eclass="HBEFA3/PC_G_EU4" CO2="16269.00" CO="261.00" HC="1.59" NOx="7.05" PMx="0.38" fuel="6.99" electricity="0.00" noise="75.99" route="routetop" type="cfm-slow" waiting="0.00" lane="left_0" pos="34.85" speed="23.48" angle="121.83" x="32.19" y="2.70"/>
        <vehicle id="cfm-slow_1" eclass="HBEFA3/PC_G_EU4" CO2="19993.56" CO="342.92" HC="2.06" NOx="8.76" PMx="0.48" fuel="8.59" electricity="0.00" noise="78.17" route="routebottom" type="cfm-slow" waiting="0.00" lane="bottom_0" pos="3.64" speed="25.39" angle="87.96" x="71.58" y="-4.49"/>
        <vehicle id="cfm-slow_2" eclass="HBEFA3/PC_G_EU4" CO2="20007.39" CO="353.12" HC="2.11" NOx="8.72" PMx="0.49" fuel="8.60" electricity="0.00" noise="78.23" route="routebottom" type="cfm-slow" waiting="0.00" lane="bottom_0" pos="24.40" speed="27.61" angle="50.60" x="111.25" y="14.24"/>
        <vehicle id="cfm-slow_3" eclass="HBEFA3/PC_G_EU4" CO2="13463.02" CO="230.02" HC="1.39" NOx="5.59" PMx="0.32" fuel="5.79" electricity="0.00" noise="75.78" route="routebottom" type="cfm-slow" waiting="0.00" lane="bottom_0" pos="47.40" speed="29.49" angle="9.28" x="132.04" y="57.98"/>
        <vehicle id="cfm-slow_4" eclass="HBEFA3/PC_G_EU4" CO2="0.00" CO="0.00" HC="0.00" NOx="0.00" PMx="0.00" fuel="0.00" electricity="0.00" noise="73.34" route="routebottom" type="cfm-slow" waiting="0.00" lane="right_0" pos="22.24" speed="30.24" angle="324.44" x="116.18" y="107.80"/>
        <vehicle id="cfm-slow_5" eclass="HBEFA3/PC_G_EU4" CO2="0.00" CO="0.00" HC="0.00" NOx="0.00" PMx="0.00" fuel="0.00" electricity="0.00" noise="72.11" route="routebottom" type="cfm-slow" waiting="0.00" lane="right_0" pos="47.72" speed="29.42" angle="278.71" x="68.66" y="132.09"/>
    </timestep>
    <timestep time="5.28">
        <vehicle id="cfm-fast_0" eclass="HBEFA3/PC_G_EU4" CO2="0.00" CO="0.00" HC="0.00" NOx="0.00" PMx="0.00" fuel="0.00" electricity="0.00" noise="70.93" route="routetop" type="cfm-fast" waiting="0.00" lane="top_0" pos="22.63" speed="27.24" angle="233.69" x="18.89" y="115.64"/>
        <vehicle id="cfm-fast_1" eclass="HBEFA3/PC_G_EU4" CO2="192401.95" CO="4610.73" HC="25.86" NOx="89.42" PMx="5.31" fuel="82.70" electricity="0.00" noise="130.02" route="routetop" type="cfm-fast" waiting="0.00" lane="left_1" pos="46.45" speed="62.83" angle="100.96" x="56.37" y="-1.24"/>
        <vehicle id="cfm-fast_2" eclass="HBEFA3/PC_G_EU4" CO2="0.00" CO="0.00" HC="0.00" NOx="0.00" PMx="0.00" fuel="0.00" electricity="0.00" noise="69.85" route="routetop" type="cfm-fast" waiting="0.00" lane="top_0" pos="41.23" speed="24.64" angle="200.33" x="-2.33" y="82.39"/>
        <vehicle id="cfm-fast_3" eclass="HBEFA3/PC_G_EU4" CO2="0.00" CO="0.00" HC="0.00" NOx="0.00" PMx="0.00" fuel="0.00" electricity="0.00" noise="69.80" route="routetop" type="cfm-fast" waiting="0.00" lane="left_0" pos="6.97" speed="23.13" angle="171.91" x="-3.29" y="48.70"/>
        <vehicle id="cfm-fast_4" eclass="HBEFA3/PC_G_EU4" CO2="287843.66" CO="6911.13" HC="38.74" NOx="134.34" PMx="7.94" fuel="123.73" electricity="0.00" noise="149.38" route="routebottom" type="cfm-fast" waiting="0.00" lane="right_1" pos="2.79" speed="71.55" angle="359.50" x="128.72" y="69.41"/>
        <vehicle id="cfm-fast_5" eclass="HBEFA3/PC_G_EU4" CO2="11227.61" CO="155.54" HC="0.99" NOx="4.70" PMx="0.25" fuel="4.83" electricity="0.00" noise="73.01" route="routetop" type="cfm-fast" waiting="0.00" lane="left_0" pos="21.48" speed="22.33" angle="145.78" x="10.10" y="20.80"/>
        <vehicle id="cfm-slow_0" eclass="HBEFA3/PC_G_EU4" CO2="16297.09" CO="261.62" HC="1.60" NOx="7.06" PMx="0.38" fuel="7.01" electricity="0.00" noise="76.01" route="routetop" type="cfm-slow" waiting="0.00" lane="left_0" pos="35.08" speed="23.50" angle="121.40" x="32.65" y="2.47"/>
        <vehicle id="cfm-slow_1" eclass="HBEFA3/PC_G_EU4" CO2="19989.45" CO="342.92" HC="2.06" NOx="8.76" PMx="0.48" fuel="8.59" electricity="0.00" noise="78.17" route="routebottom" type="cfm-slow" waiting="0.00" lane="bottom_0" pos="3.90" speed="25.41" angle="87.52" x="72.12" y="-4.42"/>
        <vehicle id="cfm-slow_2" eclass="HBEFA3/PC_G_EU4" CO2="19942.38" CO="351.89" HC="2.10" NOx="8.69" PMx="0.49" fuel="8.57" electricity="0.00" noise="78.20" route="routebottom" type="cfm-slow" waiting="0.00" lane="bottom_0" pos="24.67" speed="27.63" angle="50.09" x="111.67" y="14.66"/>
        <vehicle id="cfm-slow_3" eclass="HBEFA3/PC_G_EU4" CO2="13343.43" CO="227.63" HC="1.37" NOx="5.53" PMx="0.32" fuel="5.74" electricity="0.00" noise="75.74" route="routebottom" type="cfm-slow" waiting="0.00" lane="bottom_0" pos="47.69" speed="29.50" angle="8.77" x="132.09" y="58.61"/>
        <vehicle id="cfm-slow_4" eclass="HBEFA3/PC_G_EU4" CO2="0.00" CO="0.00" HC="0.00" NOx="0.00" PMx="0.00" fuel="0.00" electricity="0.00" noise="73.32" route="routebottom" type="cfm-slow" waiting="0.00" lane="right_0" pos="22.54" speed="30.23" angle="323.86" x="115.76" y="108.29"/>
        <vehicle id="cfm-slow_5" eclass="HBEFA3/PC_G_EU4" CO2="0.00" CO="0.00" HC="0.00" NOx="0.00" PMx="0.00" fuel="0.00" electricity="0.00" noise="72.10" route="routebottom" type="cfm-slow" waiting="0.00" lane="right_0" pos="48.02" speed="29.41" angle="278.16" x="68.02" y="132.13"/>
    </timestep>
    <timestep time="5.29">
        <vehicle id="cfm-fast_0" eclass="HBEFA3/PC_G_EU4" CO2="0.00" CO="0.00" HC="0.00" NOx="0.00" PMx="0.00" fuel="0.00" electricity="0.00" noise="70.92" route="routetop" type="cfm-fast" waiting="0.00" lane="top_0" pos="22.90" speed="27.22" angle="233.18" x="18.44" y="115.26"/>
        <vehicle id="cfm-fast_1" eclass="HBEFA3/PC_G_EU4" CO2="193054.36" CO="4627.73" HC="25.96" NOx="89.73" PMx="5.33" fuel="82.98" electricity="0.00" noise="130.14" route="routetop" type="cfm-fast" waiting="0.00" lane="left_1" pos="47.08" speed="62.93" angle="99.79" x="57.65" y="-1.36"/>
        <vehicle id="cfm-fast_2" eclass="HBEFA3/PC_G_EU4" CO2="0.00" CO="0.00" HC="0.00" NOx="0.00" PMx="0.00" fuel="0.00" electricity="0.00" noise="69.85" route="routetop" type="cfm-fast" waiting="0.00" lane="top_0" pos="41.47" speed="24.63" angle="199.87" x="-2.47" y="81.88"/>
        <vehicle id="cfm-fast_3" eclass="HBEFA3/PC_G_EU4" CO2="0.00" CO="0.00" HC="0.00" NOx="0.00" PMx="0.00" fuel="0.00" electricity="0.00" noise="69.81" route="routetop" type="cfm-fast" waiting="0.00" lane="left_0" pos="7.20" speed="23.13" angle="171.46" x="-3.17" y="48.22"/>
        <vehicle id="cfm-fast_4" eclass="HBEFA3/PC_G_EU4" CO2="288464.00" CO="6929.65" HC="38.84" NOx="134.63" PMx="7.96" fuel="124.00" electricity="0.00" noise="149.44" route="routebottom" type="cfm-fast" waiting="0.00" lane="right_1" pos="3.51" speed="71.68" angle="358.19" x="128.57" y="70.87"/>
        <vehicle id="cfm-fast_5" eclass="HBEFA3/PC_G_EU4" CO2="11265.71" CO="156.33" HC="0.99" NOx="4.71" PMx="0.25" fuel="4.84" electricity="0.00" noise="73.03" route="routetop" type="cfm-fast" waiting="0.00" lane="left_0" pos="21.70" speed="22.35" angle="145.39" x="10.40" y="20.42"/>
        <vehicle id="cfm-slow_0" eclass="HBEFA3/PC_G_EU4" CO2="16324.98" CO="262.24" HC="1.60" NOx="7.07" PMx="0.38" fuel="7.02" electricity="0.00" noise="76.02" route="routetop" type="cfm-slow" waiting="0.00" lane="left_0" pos="35.32" speed="23.52" angle="120.96" x="33.10" y="2.25"/>
        <vehicle id="cfm-slow_1" eclass="HBEFA3/PC_G_EU4" CO2="19984.85" CO="342.91" HC="2.06" NOx="8.76" PMx="0.48" fuel="8.59" electricity="0.00" noise="78.17" route="routebottom" type="cfm-slow" waiting="0.00" lane="bottom_0" pos="4.15" speed="25.43" angle="87.06" x="72.66" y="-4.35"/>
        <vehicle id="cfm-slow_2" eclass="HBEFA3/PC_G_EU4" CO2="19876.88" CO="350.65" HC="2.09" NOx="8.66" PMx="0.49" fuel="8.54" electricity="0.00" noise="78.17" route="routebottom" type="cfm-slow" waiting="0.00" lane="bottom_0" pos="24.95" speed="27.65" angle="49.57" x="112.09" y="15.08"/>
        <vehicle id="cfm-slow_3" eclass="HBEFA3/PC_G_EU4" CO2="13223.89" CO="225.24" HC="1.36" NOx="5.48" PMx="0.32" fuel="5.68" electricity="0.00" noise="75.70" route="routebottom" type="cfm-slow" waiting="0.00" lane="bottom_0" pos="47.99" speed="29.51" angle="8.21" x="132.12" y="59.24"/>
        <vehicle id="cfm-slow_4" eclass="HBEFA3/PC_G_EU4" CO2="0.00" CO="0.00" HC="0.00" NOx="0.00" PMx="0.00" fuel="0.00" electricity="0.00" noise="73.31" route="routebottom" type="cfm-slow" waiting="0.00" lane="right_0" pos="22.85" speed="30.23" angle="323.29" x="115.34" y="108.79"/>
        <vehicle id="cfm-slow_5" eclass="HBEFA3/PC_G_EU4" CO2="0.00" CO="0.00" HC="0.00" NOx="0.00" PMx="0.00" fuel="0.00" electricity="0.00" noise="72.09" route="routebottom" type="cfm-slow" waiting="0.00" lane="right_0" pos="48.31" speed="29.39" angle="277.61" x="67.39" y="132.16"/>
    </timestep>
    <timestep time="5.30">
        <vehicle id="cfm-fast_0" eclass="HBEFA3/PC_G_EU4" CO2="0.00" CO="0.00" HC="0.00" NOx="0.00" PMx="0.00" fuel="0.00" electricity="0.00" noise="70.91" route="routetop" type="cfm-fast" waiting="0.00" lane="top_0" pos="23.18" speed="27.20" angle="232.76" x="18.00" y="114.87"/>
        <vehicle id="cfm-fast_1" eclass="HBEFA3/PC_G_EU4" CO2="193708.29" CO="4644.77" HC="26.05" NOx="90.03" PMx="5.35" fuel="83.27" electricity="0.00" noise="130.27" route="routetop" type="cfm-fast" waiting="0.00" lane="left_1" pos="47.71" speed="63.03" angle="98.68" x="58.94" y="-1.47"/>
        <vehicle id="cfm-fast_2" eclass="HBEFA3/PC_G_EU4" CO2="0.00" CO="0.00" HC="0.00" NOx="0.00" PMx="0.00" fuel="0.00" electricity="0.00" noise="69.84" route="routetop" type="cfm-fast" waiting="0.00" lane="top_0" pos="41.72" speed="24.62" angle="199.41" x="-2.61" y="81.37"/>
        <vehicle id="cfm-fast_3" eclass="HBEFA3/PC_G_EU4" CO2="0.00" CO="0.00" HC="0.00" NOx="0.00" PMx="0.00" fuel="0.00" electricity="0.00" noise="69.83" route="routetop" type="cfm-fast" waiting="0.00" lane="left_0" pos="7.43" speed="23.12" angle="171.02" x="-3.06" y="47.73"/>
        <vehicle id="cfm-fast_4" eclass="HBEFA3/PC_G_EU4" CO2="289084.63" CO="6948.20" HC="38.94" NOx="134.92" PMx="7.98" fuel="124.26" electricity="0.00" noise="149.51" route="routebottom" type="cfm-fast" waiting="0.00" lane="right_1" pos="4.23" speed="71.82" angle="356.92" x="128.39" y="72.33"/>
        <vehicle id="cfm-fast_5" eclass="HBEFA3/PC_G_EU4" CO2="11303.79" CO="157.13" HC="0.99" NOx="4.73" PMx="0.25" fuel="4.86" electricity="0.00" noise="73.05" route="routetop" type="cfm-fast" waiting="0.00" lane="left_0" pos="21.92" speed="22.36" angle="145.01" x="10.71" y="20.05"/>
        <vehicle id="cfm-slow_0" eclass="HBEFA3/PC_G_EU4" CO2="16352.65" CO="262.85" HC="1.60" NOx="7.09" PMx="0.38" fuel="7.03" electricity="0.00" noise="76.04" route="routetop" type="cfm-slow" waiting="0.00" lane="left_0" pos="35.56" speed="23.54" angle="120.53" x="33.55" y="2.02"/>
        <vehicle id="cfm-slow_1" eclass="HBEFA3/PC_G_EU4" CO2="19979.78" CO="342.89" HC="2.06" NOx="8.75" PMx="0.48" fuel="8.59" electricity="0.00" noise="78.16" route="routebottom" type="cfm-slow" waiting="0.00" lane="bottom_0" pos="4.40" speed="25.46" angle="86.60" x="73.21" y="-4.27"/>
        <vehicle id="cfm-slow_2" eclass="HBEFA3/PC_G_EU4" CO2="19810.91" CO="349.41" HC="2.09" NOx="8.63" PMx="0.48" fuel="8.52" electricity="0.00" noise="78.14" route="routebottom" type="cfm-slow" waiting="0.00" lane="bottom_0" pos="25.23" speed="27.67" angle="49.06" x="112.51" y="15.50"/>
        <vehicle id="cfm-slow_3" eclass="HBEFA3/PC_G_EU4" CO2="13104.40" CO="222.85" HC="1.35" NOx="5.42" PMx="0.32" fuel="5.63" electricity="0.00" noise="75.66" route="routebottom" type="cfm-slow" waiting="0.00" lane="bottom_0" pos="48.28" speed="29.52" angle="7.65" x="132.16" y="59.88"/>
        <vehicle id="cfm-slow_4" eclass="HBEFA3/PC_G_EU4" CO2="0.00" CO="0.00" HC="0.00" NOx="0.00" PMx="0.00" fuel="0.00" electricity="0.00" noise="73.29" route="routebottom" type="cfm-slow" waiting="0.00" lane="right_0" pos="23.15" speed="30.22" angle="322.80" x="114.91" y="109.28"/>
        <vehicle id="cfm-slow_5" eclass="HBEFA3/PC_G_EU4" CO2="0.00" CO="0.00" HC="0.00" NOx="0.00" PMx="0.00" fuel="0.00" electricity="0.00" noise="72.08" route="routebottom" type="cfm-slow" waiting="0.00" lane="right_0" pos="48.60" speed="29.37" angle="277.06" x="66.76" y="132.20"/>
    </timestep>
    <timestep time="5.31">
        <vehicle id="cfm-fast_0" eclass="HBEFA3/PC_G_EU4" CO2="0.00" CO="0.00" HC="0.00" NOx="0.00" PMx="0.00" fuel="0.00" electricity="0.00" noise="70.90" route="routetop" type="cfm-fast" waiting="0.00" lane="top_0" pos="23.45" speed="27.18" angle="232.27" x="17.57" y="114.48"/>
        <vehicle id="cfm-fast_1" eclass="HBEFA3/PC_G_EU4" CO2="194363.72" CO="4661.85" HC="26.14" NOx="90.34" PMx="5.37" fuel="83.55" electricity="0.00" noise="130.40" route="routetop" type="cfm-fast" waiting="0.00" lane="left_1" pos="48.34" speed="63.14" angle="97.51" x="60.23" y="-1.55"/>
        <vehicle id="cfm-fast_2" eclass="HBEFA3/PC_G_EU4" CO2="0.00" CO="0.00" HC="0.00" NOx="0.00" PMx="0.00" fuel="0.00" electricity="0.00" noise="69.84" route="routetop" type="cfm-fast" waiting="0.00" lane="top_0" pos="41.96" speed="24.60" angle="198.96" x="-2.74" y="80.86"/>
        <vehicle id="cfm-fast_3" eclass="HBEFA3/PC_G_EU4" CO2="0.00" CO="0.00" HC="0.00" NOx="0.00" PMx="0.00" fuel="0.00" electricity="0.00" noise="69.84" route="routetop" type="cfm-fast" waiting="0.00" lane="left_0" pos="7.66" speed="23.12" angle="170.64" x="-2.95" y="47.25"/>
        <vehicle id="cfm-fast_4" eclass="HBEFA3/PC_G_EU4" CO2="289705.55" CO="6966.76" HC="39.04" NOx="135.21" PMx="8.00" fuel="124.53" electricity="0.00" noise="149.58" route="routebottom" type="cfm-fast" waiting="0.00" lane="right_1" pos="4.95" speed="71.96" angle="355.61" x="128.18" y="73.79"/>
        <vehicle id="cfm-fast_5" eclass="HBEFA3/PC_G_EU4" CO2="11341.87" CO="157.93" HC="1.00" NOx="4.75" PMx="0.25" fuel="4.88" electricity="0.00" noise="73.08" route="routetop" type="cfm-fast" waiting="0.00" lane="left_0" pos="22.15" speed="22.37" angle="144.60" x="11.02" y="19.68"/>
        <vehicle id="cfm-slow_0" eclass="HBEFA3/PC_G_EU4" CO2="16380.11" CO="263.45" HC="1.61" NOx="7.10" PMx="0.38" fuel="7.04" electricity="0.00" noise="76.06" route="routetop" type="cfm-slow" waiting="0.00" lane="left_0" pos="35.79" speed="23.56" angle="120.10" x="34.01" y="1.79"/>
        <vehicle id="cfm-slow_1" eclass="HBEFA3/PC_G_EU4" CO2="19974.22" CO="342.86" HC="2.06" NOx="8.75" PMx="0.48" fuel="8.59" electricity="0.00" noise="78.16" route="routebottom" type="cfm-slow" waiting="0.00" lane="bottom_0" pos="4.66" speed="25.48" angle="86.14" x="73.75" y="-4.20"/>
        <vehicle id="cfm-slow_2" eclass="HBEFA3/PC_G_EU4" CO2="19744.46" CO="348.15" HC="2.08" NOx="8.59" PMx="0.48" fuel="8.49" electricity="0.00" noise="78.10" route="routebottom" type="cfm-slow" waiting="0.00" lane="bottom_0" pos="25.50" speed="27.69" angle="48.55" x="112.94" y="15.93"/>
        <vehicle id="cfm-slow_3" eclass="HBEFA3/PC_G_EU4" CO2="12984.96" CO="220.45" HC="1.33" NOx="5.36" PMx="0.31" fuel="5.58" electricity="0.00" noise="75.63" route="routebottom" type="cfm-slow" waiting="0.00" lane="bottom_0" pos="48.58" speed="29.53" angle="7.10" x="132.20" y="60.51"/>
        <vehicle id="cfm-slow_4" eclass="HBEFA3/PC_G_EU4" CO2="0.00" CO="0.00" HC="0.00" NOx="0.00" PMx="0.00" fuel="0.00" electricity="0.00" noise="73.27" route="routebottom" type="cfm-slow" waiting="0.00" lane="right_0" pos="23.45" speed="30.22" angle="322.26" x="114.47" y="109.76"/>
        <vehicle id="cfm-slow_5" eclass="HBEFA3/PC_G_EU4" CO2="0.00" CO="0.00" HC="0.00" NOx="0.00" PMx="0.00" fuel="0.00" electricity="0.00" noise="72.07" route="routebottom" type="cfm-slow" waiting="0.00" lane="right_0" pos="48.90" speed="29.35" angle="276.57" x="66.13" y="132.23"/>
    </timestep>
    <timestep time="5.32">
        <vehicle id="cfm-fast_0" eclass="HBEFA3/PC_G_EU4" CO2="0.00" CO="0.00" HC="0.00" NOx="0.00" PMx="0.00" fuel="0.00" electricity="0.00" noise="70.89" route="routetop" type="cfm-fast" waiting="0.00" lane="top_0" pos="23.72" speed="27.16" angle="231.78" x="17.15" y="114.08"/>
        <vehicle id="cfm-fast_1" eclass="HBEFA3/PC_G_EU4" CO2="195020.62" CO="4678.98" HC="26.24" NOx="90.65" PMx="5.38" fuel="83.83" electricity="0.00" noise="130.53" route="routetop" type="cfm-fast" waiting="0.00" lane="left_1" pos="48.97" speed="63.24" angle="96.40" x="61.52" y="-1.61"/>
        <vehicle id="cfm-fast_2" eclass="HBEFA3/PC_G_EU4" CO2="0.00" CO="0.00" HC="0.00" NOx="0.00" PMx="0.00" fuel="0.00" electricity="0.00" noise="69.84" route="routetop" type="cfm-fast" waiting="0.00" lane="top_0" pos="42.21" speed="24.59" angle="198.50" x="-2.88" y="80.35"/>
        <vehicle id="cfm-fast_3" eclass="HBEFA3/PC_G_EU4" CO2="0.00" CO="0.00" HC="0.00" NOx="0.00" PMx="0.00" fuel="0.00" electricity="0.00" noise="69.85" route="routetop" type="cfm-fast" waiting="0.00" lane="left_0" pos="7.89" speed="23.12" angle="170.22" x="-2.82" y="46.77"/>
        <vehicle id="cfm-fast_4" eclass="HBEFA3/PC_G_EU4" CO2="290326.77" CO="6985.35" HC="39.14" NOx="135.50" PMx="8.02" fuel="124.80" electricity="0.00" noise="149.64" route="routebottom" type="cfm-fast" waiting="0.00" lane="right_1" pos="5.67" speed="72.09" angle="354.31" x="127.93" y="75.25"/>
        <vehicle id="cfm-fast_5" eclass="HBEFA3/PC_G_EU4" CO2="11379.95" CO="158.73" HC="1.00" NOx="4.77" PMx="0.25" fuel="4.89" electricity="0.00" noise="73.10" route="routetop" type="cfm-fast" waiting="0.00" lane="left_0" pos="22.37" speed="22.38" angle="144.18" x="11.33" y="19.31"/>
        <vehicle id="cfm-slow_0" eclass="HBEFA3/PC_G_EU4" CO2="16407.34" CO="264.05" HC="1.61" NOx="7.11" PMx="0.38" fuel="7.05" electricity="0.00" noise="76.07" route="routetop" type="cfm-slow" waiting="0.00" lane="left_0" pos="36.03" speed="23.58" angle="119.71" x="34.46" y="1.57"/>
        <vehicle id="cfm-slow_1" eclass="HBEFA3/PC_G_EU4" CO2="19968.18" CO="342.82" HC="2.06" NOx="8.75" PMx="0.48" fuel="8.58" electricity="0.00" noise="78.16" route="routebottom" type="cfm-slow" waiting="0.00" lane="bottom_0" pos="4.91" speed="25.50" angle="85.68" x="74.29" y="-4.12"/>
        <vehicle id="cfm-slow_2" eclass="HBEFA3/PC_G_EU4" CO2="19677.55" CO="346.88" HC="2.07" NOx="8.56" PMx="0.48" fuel="8.46" electricity="0.00" noise="78.07" route="routebottom" type="cfm-slow" waiting="0.00" lane="bottom_0" pos="25.78" speed="27.71" angle="48.10" x="113.35" y="16.36"/>
        <vehicle id="cfm-slow_3" eclass="HBEFA3/PC_G_EU4" CO2="12865.58" CO="218.06" HC="1.32" NOx="5.31" PMx="0.31" fuel="5.53" electricity="0.00" noise="75.59" route="routebottom" type="cfm-slow" waiting="0.00" lane="bottom_0" pos="48.87" speed="29.54" angle="6.61" x="132.22" y="61.15"/>
        <vehicle id="cfm-slow_4" eclass="HBEFA3/PC_G_EU4" CO2="0.00" CO="0.00" HC="0.00" NOx="0.00" PMx="0.00" fuel="0.00" electricity="0.00" noise="73.26" route="routebottom" type="cfm-slow" waiting="0.00" lane="right_0" pos="23.75" speed="30.21" angle="321.72" x="114.03" y="110.23"/>
        <vehicle id="cfm-slow_5" eclass="HBEFA3/PC_G_EU4" CO2="0.00" CO="0.00" HC="0.00" NOx="0.00" PMx="0.00" fuel="0.00" electricity="0.00" noise="72.06" route="routebottom" type="cfm-slow" waiting="0.00" lane="right_0" pos="49.19" speed="29.33" angle="276.02" x="65.50" y="132.24"/>
    </timestep>
    <timestep time="5.33">
        <vehicle id="cfm-fast_0" eclass="HBEFA3/PC_G_EU4" CO2="0.00" CO="0.00" HC="0.00" NOx="0.00" PMx="0.00" fuel="0.00" electricity="0.00" noise="70.88" route="routetop" type="cfm-fast" waiting="0.00" lane="top_0" pos="23.99" speed="27.14" angle="231.30" x="16.72" y="113.68"/>
        <vehicle id="cfm-fast_1" eclass="HBEFA3/PC_G_EU4" CO2="195678.97" CO="4696.16" HC="26.33" NOx="90.96" PMx="5.40" fuel="84.11" electricity="0.00" noise="130.66" route="routetop" type="cfm-fast" waiting="0.00" lane="left_1" pos="49.61" speed="63.34" angle="95.21" x="62.82" y="-1.63"/>
        <vehicle id="cfm-fast_2" eclass="HBEFA3/PC_G_EU4" CO2="0.00" CO="0.00" HC="0.00" NOx="0.00" PMx="0.00" fuel="0.00" electricity="0.00" noise="69.83" route="routetop" type="cfm-fast" waiting="0.00" lane="top_0" pos="42.46" speed="24.58" angle="198.12" x="-3.01" y="79.84"/>
        <vehicle id="cfm-fast_3" eclass="HBEFA3/PC_G_EU4" CO2="0.00" CO="0.00" HC="0.00" NOx="0.00" PMx="0.00" fuel="0.00" electricity="0.00" noise="69.87" route="routetop" type="cfm-fast" waiting="0.00" lane="left_0" pos="8.12" speed="23.11" angle="169.80" x="-2.70" y="46.29"/>
        <vehicle id="cfm-fast_4" eclass="HBEFA3/PC_G_EU4" CO2="290948.28" CO="7003.96" HC="39.24" NOx="135.79" PMx="8.04" fuel="125.06" electricity="0.00" noise="149.71" route="routebottom" type="cfm-fast" waiting="0.00" lane="right_1" pos="6.39" speed="72.23" angle="353.03" x="127.66" y="76.70"/>
        <vehicle id="cfm-fast_5" eclass="HBEFA3/PC_G_EU4" CO2="11418.00" CO="159.52" HC="1.01" NOx="4.78" PMx="0.25" fuel="4.91" electricity="0.00" noise="73.12" route="routetop" type="cfm-fast" waiting="0.00" lane="left_0" pos="22.60" speed="22.40" angle="143.76" x="11.64" y="18.95"/>
        <vehicle id="cfm-slow_0" eclass="HBEFA3/PC_G_EU4" CO2="16434.36" CO="264.65" HC="1.61" NOx="7.12" PMx="0.38" fuel="7.06" electricity="0.00" noise="76.09" route="routetop" type="cfm-slow" waiting="0.00" lane="left_0" pos="36.26" speed="23.60" angle="119.27" x="34.93" y="1.36"/>
        <vehicle id="cfm-slow_1" eclass="HBEFA3/PC_G_EU4" CO2="19961.66" CO="342.77" HC="2.06" NOx="8.74" PMx="0.48" fuel="8.58" electricity="0.00" noise="78.15" route="routebottom" type="cfm-slow" waiting="0.00" lane="bottom_0" pos="5.17" speed="25.53" angle="85.18" x="74.83" y="-4.04"/>
        <vehicle id="cfm-slow_2" eclass="HBEFA3/PC_G_EU4" CO2="19610.16" CO="345.61" HC="2.06" NOx="8.53" PMx="0.48" fuel="8.43" electricity="0.00" noise="78.04" route="routebottom" type="cfm-slow" waiting="0.00" lane="bottom_0" pos="26.06" speed="27.73" angle="47.59" x="113.75" y="16.79"/>
        <vehicle id="cfm-slow_3" eclass="HBEFA3/PC_G_EU4" CO2="12746.27" CO="215.67" HC="1.30" NOx="5.25" PMx="0.31" fuel="5.48" electricity="0.00" noise="75.55" route="routebottom" type="cfm-slow" waiting="0.00" lane="bottom_0" pos="49.17" speed="29.55" angle="6.06" x="132.24" y="61.78"/>
        <vehicle id="cfm-slow_4" eclass="HBEFA3/PC_G_EU4" CO2="0.00" CO="0.00" HC="0.00" NOx="0.00" PMx="0.00" fuel="0.00" electricity="0.00" noise="73.24" route="routebottom" type="cfm-slow" waiting="0.00" lane="right_0" pos="24.06" speed="30.21" angle="321.17" x="113.58" y="110.71"/>
        <vehicle id="cfm-slow_5" eclass="HBEFA3/PC_G_EU4" CO2="0.00" CO="0.00" HC="0.00" NOx="0.00" PMx="0.00" fuel="0.00" electricity="0.00" noise="72.05" route="routebottom" type="cfm-slow" waiting="0.00" lane="right_0" pos="49.48" speed="29.32" angle="275.48" x="64.87" y="132.25"/>
    </timestep>
    <timestep time="5.34">
        <vehicle id="cfm-fast_0" eclass="HBEFA3/PC_G_EU4" CO2="0.00" CO="0.00" HC="0.00" NOx="0.00" PMx="0.00" fuel="0.00" electricity="0.00" noise="70.87" route="routetop" type="cfm-fast" waiting="0.00" lane="top_0" pos="24.26" speed="27.12" angle="230.82" x="16.29" y="113.29"/>
        <vehicle id="cfm-fast_1" eclass="HBEFA3/PC_G_EU4" CO2="196338.76" CO="4713.37" HC="26.43" NOx="91.27" PMx="5.42" fuel="84.40" electricity="0.00" noise="130.78" route="routebottom" type="cfm-fast" waiting="0.00" lane="bottom_1" pos="0.24" speed="63.44" angle="94.05" x="64.18" y="-1.64"/>
        <vehicle id="cfm-fast_2" eclass="HBEFA3/PC_G_EU4" CO2="0.00" CO="0.00" HC="0.00" NOx="0.00" PMx="0.00" fuel="0.00" electricity="0.00" noise="69.83" route="routetop" type="cfm-fast" waiting="0.00" lane="top_0" pos="42.70" speed="24.57" angle="197.68" x="-3.13" y="79.32"/>
        <vehicle id="cfm-fast_3" eclass="HBEFA3/PC_G_EU4" CO2="0.00" CO="0.00" HC="0.00" NOx="0.00" PMx="0.00" fuel="0.00" electricity="0.00" noise="69.88" route="routetop" type="cfm-fast" waiting="0.00" lane="left_0" pos="8.35" speed="23.11" angle="169.37" x="-2.57" y="45.81"/>
        <vehicle id="cfm-fast_4" eclass="HBEFA3/PC_G_EU4" CO2="291570.08" CO="7022.59" HC="39.35" NOx="136.08" PMx="8.06" fuel="125.33" electricity="0.00" noise="149.77" route="routebottom" type="cfm-fast" waiting="0.00" lane="right_1" pos="7.11" speed="72.37" angle="351.64" x="127.33" y="78.15"/>
        <vehicle id="cfm-fast_5" eclass="HBEFA3/PC_G_EU4" CO2="11456.05" CO="160.32" HC="1.01" NOx="4.80" PMx="0.25" fuel="4.92" electricity="0.00" noise="73.15" route="routetop" type="cfm-fast" waiting="0.00" lane="left_0" pos="22.82" speed="22.41" angle="143.34" x="11.95" y="18.58"/>
        <vehicle id="cfm-slow_0" eclass="HBEFA3/PC_G_EU4" CO2="16461.14" CO="265.25" HC="1.62" NOx="7.14" PMx="0.38" fuel="7.08" electricity="0.00" noise="76.11" route="routetop" type="cfm-slow" waiting="0.00" lane="left_0" pos="36.50" speed="23.62" angle="118.83" x="35.39" y="1.16"/>
        <vehicle id="cfm-slow_1" eclass="HBEFA3/PC_G_EU4" CO2="19954.65" CO="342.71" HC="2.06" NOx="8.74" PMx="0.48" fuel="8.58" electricity="0.00" noise="78.15" route="routebottom" type="cfm-slow" waiting="0.00" lane="bottom_0" pos="5.43" speed="25.55" angle="84.71" x="75.38" y="-3.94"/>
        <vehicle id="cfm-slow_2" eclass="HBEFA3/PC_G_EU4" CO2="19542.32" CO="344.32" HC="2.06" NOx="8.50" PMx="0.48" fuel="8.40" electricity="0.00" noise="78.01" route="routebottom" type="cfm-slow" waiting="0.00" lane="bottom_0" pos="26.34" speed="27.75" angle="47.09" x="114.16" y="17.23"/>
        <vehicle id="cfm-slow_3" eclass="HBEFA3/PC_G_EU4" CO2="12627.03" CO="213.28" HC="1.29" NOx="5.19" PMx="0.30" fuel="5.43" electricity="0.00" noise="75.52" route="routebottom" type="cfm-slow" waiting="0.00" lane="bottom_0" pos="49.46" speed="29.56" angle="5.50" x="132.25" y="62.42"/>
        <vehicle id="cfm-slow_4" eclass="HBEFA3/PC_G_EU4" CO2="0.00" CO="0.00" HC="0.00" NOx="0.00" PMx="0.00" fuel="0.00" electricity="0.00" noise="73.22" route="routebottom" type="cfm-slow" waiting="0.00" lane="right_0" pos="24.36" speed="30.20" angle="320.68" x="113.14" y="111.19"/>
        <vehicle id="cfm-slow_5" eclass="HBEFA3/PC_G_EU4" CO2="0.00" CO="0.00" HC="0.00" NOx="0.00" PMx="0.00" fuel="0.00" electricity="0.00" noise="72.04" route="routebottom" type="cfm-slow" waiting="0.00" lane="right_0" pos="49.78" speed="29.30" angle="274.93" x="64.24" y="132.26"/>
    </timestep>
    <timestep time="5.35">
        <vehicle id="cfm-fast_0" eclass="HBEFA3/PC_G_EU4" CO2="0.00" CO="0.00" HC="0.00" NOx="0.00" PMx="0.00" fuel="0.00" electricity="0.00" noise="70.86" route="routetop" type="cfm-fast" waiting="0.00" lane="top_0" pos="24.53" speed="27.10" angle="230.37" x="15.87" y="112.88"/>
        <vehicle id="cfm-fast_1" eclass="HBEFA3/PC_G_EU4" CO2="196999.97" CO="4730.64" HC="26.52" NOx="91.58" PMx="5.44" fuel="84.68" electricity="0.00" noise="130.91" route="routebottom" type="cfm-fast" waiting="0.00" lane="bottom_1" pos="0.88" speed="63.55" angle="92.89" x="65.49" y="-1.62"/>
        <vehicle id="cfm-fast_2" eclass="HBEFA3/PC_G_EU4" CO2="0.00" CO="0.00" HC="0.00" NOx="0.00" PMx="0.00" fuel="0.00" electricity="0.00" noise="69.83" route="routetop" type="cfm-fast" waiting="0.00" lane="top_0" pos="42.95" speed="24.55" angle="197.24" x="-3.24" y="78.81"/>
        <vehicle id="cfm-fast_3" eclass="HBEFA3/PC_G_EU4" CO2="0.00" CO="0.00" HC="0.00" NOx="0.00" PMx="0.00" fuel="0.00" electricity="0.00" noise="69.89" route="routetop" type="cfm-fast" waiting="0.00" lane="left_0" pos="8.58" speed="23.11" angle="168.95" x="-2.44" y="45.33"/>
        <vehicle id="cfm-fast_4" eclass="HBEFA3/PC_G_EU4" CO2="292192.17" CO="7041.24" HC="39.45" NOx="136.38" PMx="8.07" fuel="125.60" electricity="0.00" noise="149.84" route="routebottom" type="cfm-fast" waiting="0.00" lane="right_1" pos="7.84" speed="72.50" angle="350.34" x="126.99" y="79.60"/>
        <vehicle id="cfm-fast_5" eclass="HBEFA3/PC_G_EU4" CO2="11494.07" CO="161.12" HC="1.02" NOx="4.82" PMx="0.25" fuel="4.94" electricity="0.00" noise="73.17" route="routetop" type="cfm-fast" waiting="0.00" lane="left_0" pos="23.04" speed="22.43" angle="142.98" x="12.27" y="18.21"/>
        <vehicle id="cfm-slow_0" eclass="HBEFA3/PC_G_EU4" CO2="16487.70" CO="265.83" HC="1.62" NOx="7.15" PMx="0.39" fuel="7.09" electricity="0.00" noise="76.12" route="routetop" type="cfm-slow" waiting="0.00" lane="left_0" pos="36.74" speed="23.64" angle="118.39" x="35.85" y="0.95"/>
        <vehicle id="cfm-slow_1" eclass="HBEFA3/PC_G_EU4" CO2="19947.16" CO="342.64" HC="2.06" NOx="8.74" PMx="0.48" fuel="8.57" electricity="0.00" noise="78.14" route="routebottom" type="cfm-slow" waiting="0.00" lane="bottom_0" pos="5.68" speed="25.57" angle="84.24" x="75.92" y="-3.84"/>
        <vehicle id="cfm-slow_2" eclass="HBEFA3/PC_G_EU4" CO2="19474.01" CO="343.02" HC="2.05" NOx="8.46" PMx="0.47" fuel="8.37" electricity="0.00" noise="77.98" route="routebottom" type="cfm-slow" waiting="0.00" lane="bottom_0" pos="26.61" speed="27.77" angle="46.58" x="114.57" y="17.67"/>
        <vehicle id="cfm-slow_3" eclass="HBEFA3/PC_G_EU4" CO2="12507.87" CO="210.89" HC="1.28" NOx="5.14" PMx="0.30" fuel="5.38" electricity="0.00" noise="75.48" route="routebottom" type="cfm-slow" waiting="0.00" lane="bottom_0" pos="49.76" speed="29.57" angle="4.95" x="132.26" y="63.05"/>
        <vehicle id="cfm-slow_4" eclass="HBEFA3/PC_G_EU4" CO2="0.00" CO="0.00" HC="0.00" NOx="0.00" PMx="0.00" fuel="0.00" electricity="0.00" noise="73.21" route="routebottom" type="cfm-slow" waiting="0.00" lane="right_0" pos="24.66" speed="30.19" angle="320.12" x="112.68" y="111.65"/>
        <vehicle id="cfm-slow_5" eclass="HBEFA3/PC_G_EU4" CO2="0.00" CO="0.00" HC="0.00" NOx="0.00" PMx="0.00" fuel="0.00" electricity="0.00" noise="72.03" route="routetop" type="cfm-slow" waiting="0.00" lane="top_0" pos="0.07" speed="29.28" angle="274.35" x="63.42" y="132.27"/>
    </timestep>
    <timestep time="5.36">
        <vehicle id="cfm-fast_0" eclass="HBEFA3/PC_G_EU4" CO2="0.00" CO="0.00" HC="0.00" NOx="0.00" PMx="0.00" fuel="0.00" electricity="0.00" noise="70.85" route="routetop" type="cfm-fast" waiting="0.00" lane="top_0" pos="24.80" speed="27.08" angle="229.87" x="15.46" y="112.47"/>
        <vehicle id="cfm-fast_1" eclass="HBEFA3/PC_G_EU4" CO2="197662.57" CO="4747.95" HC="26.62" NOx="91.89" PMx="5.46" fuel="84.97" electricity="0.00" noise="131.04" route="routebottom" type="cfm-fast" waiting="0.00" lane="bottom_1" pos="1.51" speed="63.65" angle="91.78" x="66.79" y="-1.57"/>
        <vehicle id="cfm-fast_2" eclass="HBEFA3/PC_G_EU4" CO2="0.00" CO="0.00" HC="0.00" NOx="0.00" PMx="0.00" fuel="0.00" electricity="0.00" noise="69.83" route="routetop" type="cfm-fast" waiting="0.00" lane="top_0" pos="43.19" speed="24.54" angle="196.81" x="-3.36" y="78.29"/>
        <vehicle id="cfm-fast_3" eclass="HBEFA3/PC_G_EU4" CO2="0.00" CO="0.00" HC="0.00" NOx="0.00" PMx="0.00" fuel="0.00" electricity="0.00" noise="69.91" route="routetop" type="cfm-fast" waiting="0.00" lane="left_0" pos="8.82" speed="23.10" angle="168.53" x="-2.31" y="44.85"/>
        <vehicle id="cfm-fast_4" eclass="HBEFA3/PC_G_EU4" CO2="292814.55" CO="7059.91" HC="39.55" NOx="136.67" PMx="8.09" fuel="125.87" electricity="0.00" noise="149.91" route="routebottom" type="cfm-fast" waiting="0.00" lane="right_1" pos="8.56" speed="72.64" angle="349.04" x="126.61" y="81.04"/>
        <vehicle id="cfm-fast_5" eclass="HBEFA3/PC_G_EU4" CO2="11532.08" CO="161.91" HC="1.02" NOx="4.84" PMx="0.25" fuel="4.96" electricity="0.00" noise="73.19" route="routetop" type="cfm-fast" waiting="0.00" lane="left_0" pos="23.27" speed="22.44" angle="142.59" x="12.59" y="17.86"/>
        <vehicle id="cfm-slow_0" eclass="HBEFA3/PC_G_EU4" CO2="16514.03" CO="266.42" HC="1.62" NOx="7.16" PMx="0.39" fuel="7.10" electricity="0.00" noise="76.14" route="routetop" type="cfm-slow" waiting="0.00" lane="left_0" pos="36.97" speed="23.66" angle="117.94" x="36.32" y="0.74"/>
        <vehicle id="cfm-slow_1" eclass="HBEFA3/PC_G_EU4" CO2="19939.18" CO="342.56" HC="2.06" NOx="8.73" PMx="0.48" fuel="8.57" electricity="0.00" noise="78.14" route="routebottom" type="cfm-slow" waiting="0.00" lane="bottom_0" pos="5.94" speed="25.60" angle="83.78" x="76.46" y="-3.74"/>
        <vehicle id="cfm-slow_2" eclass="HBEFA3/PC_G_EU4" CO2="19405.25" CO="341.72" HC="2.04" NOx="8.43" PMx="0.47" fuel="8.34" electricity="0.00" noise="77.95" route="routebottom" type="cfm-slow" waiting="0.00" lane="bottom_0" pos="26.89" speed="27.79" angle="46.12" x="114.97" y="18.11"/>
        <vehicle id="cfm-slow_3" eclass="HBEFA3/PC_G_EU4" CO2="12388.79" CO="208.50" HC="1.26" NOx="5.08" PMx="0.30" fuel="5.33" electricity="0.00" noise="75.44" route="routebottom" type="cfm-slow" waiting="0.00" lane="right_0" pos="0.06" speed="29.57" angle="4.37" x="132.27" y="63.88"/>
        <vehicle id="cfm-slow_4" eclass="HBEFA3/PC_G_EU4" CO2="0.00" CO="0.00" HC="0.00" NOx="0.00" PMx="0.00" fuel="0.00" electricity="0.00" noise="73.19" route="routebottom" type="cfm-slow" waiting="0.00" lane="right_0" pos="24.96" speed="30.19" angle="319.56" x="112.22" y="112.11"/>
        <vehicle id="cfm-slow_5" eclass="HBEFA3/PC_G_EU4" CO2="0.00" CO="0.00" HC="0.00" NOx="0.00" PMx="0.00" fuel="0.00" electricity="0.00" noise="72.02" route="routetop" type="cfm-slow" waiting="0.00" lane="top_0" pos="0.36" speed="29.26" angle="273.82" x="62.79" y="132.26"/>
    </timestep>
    <timestep time="5.37">
        <vehicle id="cfm-fast_0" eclass="HBEFA3/PC_G_EU4" CO2="0.00" CO="0.00" HC="0.00" NOx="0.00" PMx="0.00" fuel="0.00" electricity="0.00" noise="70.84" route="routetop" type="cfm-fast" waiting="0.00" lane="top_0" pos="25.07" speed="27.06" angle="229.38" x="15.05" y="112.06"/>
        <vehicle id="cfm-fast_1" eclass="HBEFA3/PC_G_EU4" CO2="198326.55" CO="4765.30" HC="26.72" NOx="92.20" PMx="5.48" fuel="85.25" electricity="0.00" noise="131.17" route="routebottom" type="cfm-fast" waiting="0.00" lane="bottom_1" pos="2.15" speed="63.75" angle="90.62" x="68.10" y="-1.49"/>
        <vehicle id="cfm-fast_2" eclass="HBEFA3/PC_G_EU4" CO2="0.00" CO="0.00" HC="0.00" NOx="0.00" PMx="0.00" fuel="0.00" electricity="0.00" noise="69.82" route="routetop" type="cfm-fast" waiting="0.00" lane="top_0" pos="43.44" speed="24.53" angle="196.37" x="-3.48" y="77.78"/>
        <vehicle id="cfm-fast_3" eclass="HBEFA3/PC_G_EU4" CO2="0.00" CO="0.00" HC="0.00" NOx="0.00" PMx="0.00" fuel="0.00" electricity="0.00" noise="69.92" route="routetop" type="cfm-fast" waiting="0.00" lane="left_0" pos="9.05" speed="23.10" angle="168.16" x="-2.17" y="44.37"/>
        <vehicle id="cfm-fast_4" eclass="HBEFA3/PC_G_EU4" CO2="293437.23" CO="7078.60" HC="39.65" NOx="136.96" PMx="8.11" fuel="126.13" electricity="0.00" noise="149.97" route="routebottom" type="cfm-fast" waiting="0.00" lane="right_1" pos="9.29" speed="72.77" angle="347.79" x="126.20" y="82.47"/>
        <vehicle id="cfm-fast_5" eclass="HBEFA3/PC_G_EU4" CO2="11570.06" CO="162.71" HC="1.03" NOx="4.85" PMx="0.26" fuel="4.97" electricity="0.00" noise="73.21" route="routetop" type="cfm-fast" waiting="0.00" lane="left_0" pos="23.49" speed="22.45" angle="142.18" x="12.92" y="17.50"/>
        <vehicle id="cfm-slow_0" eclass="HBEFA3/PC_G_EU4" CO2="16540.13" CO="267.00" HC="1.63" NOx="7.17" PMx="0.39" fuel="7.11" electricity="0.00" noise="76.16" route="routetop" type="cfm-slow" waiting="0.00" lane="left_0" pos="37.21" speed="23.68" angle="117.58" x="36.78" y="0.53"/>
        <vehicle id="cfm-slow_1" eclass="HBEFA3/PC_G_EU4" CO2="19930.71" CO="342.47" HC="2.06" NOx="8.73" PMx="0.48" fuel="8.57" electricity="0.00" noise="78.13" route="routebottom" type="cfm-slow" waiting="0.00" lane="bottom_0" pos="6.19" speed="25.62" angle="83.31" x="77.00" y="-3.64"/>
        <vehicle id="cfm-slow_2" eclass="HBEFA3/PC_G_EU4" CO2="19336.04" CO="340.40" HC="2.03" NOx="8.40" PMx="0.47" fuel="8.31" electricity="0.00" noise="77.91" route="routebottom" type="cfm-slow" waiting="0.00" lane="bottom_0" pos="27.17" speed="27.81" angle="45.62" x="115.36" y="18.56"/>
        <vehicle id="cfm-slow_3" eclass="HBEFA3/PC_G_EU4" CO2="12269.81" CO="206.11" HC="1.25" NOx="5.03" PMx="0.29" fuel="5.27" electricity="0.00" noise="75.41" route="routebottom" type="cfm-slow" waiting="0.00" lane="right_0" pos="0.35" speed="29.58" angle="3.83" x="132.26" y="64.52"/>
        <vehicle id="cfm-slow_4" eclass="HBEFA3/PC_G_EU4" CO2="0.00" CO="0.00" HC="0.00" NOx="0.00" PMx="0.00" fuel="0.00" electricity="0.00" noise="73.17" route="routebottom" type="cfm-slow" waiting="0.00" lane="right_0" pos="25.26" speed="30.18" angle="319.00" x="111.77" y="112.56"/>
        <vehicle id="cfm-slow_5" eclass="HBEFA3/PC_G_EU4" CO2="0.00" CO="0.00" HC="0.00" NOx="0.00" PMx="0.00" fuel="0.00" electricity="0.00" noise="72.00" route="routetop" type="cfm-slow" waiting="0.00" lane="top_0" pos="0.66" speed="29.24" angle="273.29" x="62.16" y="132.24"/>
    </timestep>
    <timestep time="5.38">
        <vehicle id="cfm-fast_0" eclass="HBEFA3/PC_G_EU4" CO2="0.00" CO="0.00" HC="0.00" NOx="0.00" PMx="0.00" fuel="0.00" electricity="0.00" noise="70.83" route="routetop" type="cfm-fast" waiting="0.00" lane="top_0" pos="25.34" speed="27.04" angle="228.88" x="14.64" y="111.65"/>
        <vehicle id="cfm-fast_1" eclass="HBEFA3/PC_G_EU4" CO2="198991.88" CO="4782.69" HC="26.81" NOx="92.51" PMx="5.50" fuel="85.54" electricity="0.00" noise="131.30" route="routebottom" type="cfm-fast" waiting="0.00" lane="bottom_1" pos="2.79" speed="63.86" angle="89.50" x="69.40" y="-1.39"/>
        <vehicle id="cfm-fast_2" eclass="HBEFA3/PC_G_EU4" CO2="0.00" CO="0.00" HC="0.00" NOx="0.00" PMx="0.00" fuel="0.00" electricity="0.00" noise="69.82" route="routetop" type="cfm-fast" waiting="0.00" lane="top_0" pos="43.68" speed="24.52" angle="195.98" x="-3.59" y="77.26"/>
        <vehicle id="cfm-fast_3" eclass="HBEFA3/PC_G_EU4" CO2="0.00" CO="0.00" HC="0.00" NOx="0.00" PMx="0.00" fuel="0.00" electricity="0.00" noise="69.93" route="routetop" type="cfm-fast" waiting="0.00" lane="left_0" pos="9.28" speed="23.10" angle="167.73" x="-2.03" y="43.89"/>
        <vehicle id="cfm-fast_4" eclass="HBEFA3/PC_G_EU4" CO2="294060.19" CO="7097.32" HC="39.75" NOx="137.25" PMx="8.13" fuel="126.40" electricity="0.00" noise="150.04" route="routebottom" type="cfm-fast" waiting="0.00" lane="right_1" pos="10.02" speed="72.91" angle="346.46" x="125.76" y="83.90"/>
        <vehicle id="cfm-fast_5" eclass="HBEFA3/PC_G_EU4" CO2="11608.02" CO="163.51" HC="1.03" NOx="4.87" PMx="0.26" fuel="4.99" electricity="0.00" noise="73.24" route="routetop" type="cfm-fast" waiting="0.00" lane="left_0" pos="23.72" speed="22.47" angle="141.78" x="13.25" y="17.14"/>
        <vehicle id="cfm-slow_0" eclass="HBEFA3/PC_G_EU4" CO2="16565.98" CO="267.57" HC="1.63" NOx="7.18" PMx="0.39" fuel="7.12" electricity="0.00" noise="76.17" route="routetop" type="cfm-slow" waiting="0.00" lane="left_0" pos="37.45" speed="23.70" angle="117.14" x="37.26" y="0.34"/>
        <vehicle id="cfm-slow_1" eclass="HBEFA3/PC_G_EU4" CO2="19921.76" CO="342.38" HC="2.05" NOx="8.72" PMx="0.48" fuel="8.56" electricity="0.00" noise="78.13" route="routebottom" type="cfm-slow" waiting="0.00" lane="bottom_0" pos="6.45" speed="25.64" angle="82.89" x="77.54" y="-3.53"/>
        <vehicle id="cfm-slow_2" eclass="HBEFA3/PC_G_EU4" CO2="19266.38" CO="339.08" HC="2.03" NOx="8.36" PMx="0.47" fuel="8.28" electricity="0.00" noise="77.88" route="routebottom" type="cfm-slow" waiting="0.00" lane="bottom_0" pos="27.45" speed="27.83" angle="45.10" x="115.75" y="19.02"/>
        <vehicle id="cfm-slow_3" eclass="HBEFA3/PC_G_EU4" CO2="12150.91" CO="203.72" HC="1.23" NOx="4.97" PMx="0.29" fuel="5.22" electricity="0.00" noise="75.37" route="routebottom" type="cfm-slow" waiting="0.00" lane="right_0" pos="0.65" speed="29.59" angle="3.30" x="132.24" y="65.15"/>
        <vehicle id="cfm-slow_4" eclass="HBEFA3/PC_G_EU4" CO2="0.00" CO="0.00" HC="0.00" NOx="0.00" PMx="0.00" fuel="0.00" electricity="0.00" noise="73.16" route="routebottom" type="cfm-slow" waiting="0.00" lane="right_0" pos="25.56" speed="30.17" angle="318.46" x="111.31" y="113.02"/>
        <vehicle id="cfm-slow_5" eclass="HBEFA3/PC_G_EU4" CO2="0.00" CO="0.00" HC="0.00" NOx="0.00" PMx="0.00" fuel="0.00" electricity="0.00" noise="71.99" route="routetop" type="cfm-slow" waiting="0.00" lane="top_0" pos="0.95" speed="29.23" angle="272.76" x="61.53" y="132.23"/>
    </timestep>
    <timestep time="5.39">
        <vehicle id="cfm-fast_0" eclass="HBEFA3/PC_G_EU4" CO2="0.00" CO="0.00" HC="0.00" NOx="0.00" PMx="0.00" fuel="0.00" electricity="0.00" noise="70.82" route="routetop" type="cfm-fast" waiting="0.00" lane="top_0" pos="25.61" speed="27.02" angle="228.43" x="14.22" y="111.23"/>
        <vehicle id="cfm-fast_1" eclass="HBEFA3/PC_G_EU4" CO2="199658.55" CO="4800.13" HC="26.91" NOx="92.83" PMx="5.52" fuel="85.82" electricity="0.00" noise="131.43" route="routebottom" type="cfm-fast" waiting="0.00" lane="bottom_1" pos="3.43" speed="63.96" angle="88.33" x="70.71" y="-1.26"/>
        <vehicle id="cfm-fast_2" eclass="HBEFA3/PC_G_EU4" CO2="0.00" CO="0.00" HC="0.00" NOx="0.00" PMx="0.00" fuel="0.00" electricity="0.00" noise="69.82" route="routetop" type="cfm-fast" waiting="0.00" lane="top_0" pos="43.93" speed="24.50" angle="195.53" x="-3.69" y="76.74"/>
        <vehicle id="cfm-fast_3" eclass="HBEFA3/PC_G_EU4" CO2="0.00" CO="0.00" HC="0.00" NOx="0.00" PMx="0.00" fuel="0.00" electricity="0.00" noise="69.95" route="routetop" type="cfm-fast" waiting="0.00" lane="left_0" pos="9.51" speed="23.09" angle="167.30" x="-1.88" y="43.42"/>
        <vehicle id="cfm-fast_4" eclass="HBEFA3/PC_G_EU4" CO2="294683.45" CO="7116.06" HC="39.85" NOx="137.54" PMx="8.15" fuel="126.67" electricity="0.00" noise="150.10" route="routebottom" type="cfm-fast" waiting="0.00" lane="right_1" pos="10.75" speed="73.05" angle="345.12" x="125.27" y="85.32"/>
        <vehicle id="cfm-fast_5" eclass="HBEFA3/PC_G_EU4" CO2="11645.95" CO="164.30" HC="1.04" NOx="4.89" PMx="0.26" fuel="5.01" electricity="0.00" noise="73.26" route="routetop" type="cfm-fast" waiting="0.00" lane="left_0" pos="23.94" speed="22.48" angle="141.37" x="13.57" y="16.79"/>
        <vehicle id="cfm-slow_0" eclass="HBEFA3/PC_G_EU4" CO2="16591.60" CO="268.15" HC="1.63" NOx="7.19" PMx="0.39" fuel="7.13" electricity="0.00" noise="76.19" route="routetop" type="cfm-slow" waiting="0.00" lane="left_0" pos="37.68" speed="23.72" angle="116.70" x="37.73" y="0.15"/>
        <vehicle id="cfm-slow_1" eclass="HBEFA3/PC_G_EU4" CO2="19912.32" CO="342.27" HC="2.05" NOx="8.72" PMx="0.48" fuel="8.56" electricity="0.00" noise="78.12" route="routebottom" type="cfm-slow" waiting="0.00" lane="bottom_0" pos="6.71" speed="25.67" angle="82.40" x="78.08" y="-3.41"/>
        <vehicle id="cfm-slow_2" eclass="HBEFA3/PC_G_EU4" CO2="19196.28" CO="337.74" HC="2.02" NOx="8.33" PMx="0.47" fuel="8.25" electricity="0.00" noise="77.85" route="routebottom" type="cfm-slow" waiting="0.00" lane="bottom_0" pos="27.73" speed="27.85" angle="44.58" x="116.13" y="19.48"/>
        <vehicle id="cfm-slow_3" eclass="HBEFA3/PC_G_EU4" CO2="12032.13" CO="201.33" HC="1.22" NOx="4.91" PMx="0.29" fuel="5.17" electricity="0.00" noise="75.34" route="routebottom" type="cfm-slow" waiting="0.00" lane="right_0" pos="0.94" speed="29.60" angle="2.76" x="132.23" y="65.79"/>
        <vehicle id="cfm-slow_4" eclass="HBEFA3/PC_G_EU4" CO2="0.00" CO="0.00" HC="0.00" NOx="0.00" PMx="0.00" fuel="0.00" electricity="0.00" noise="73.14" route="routebottom" type="cfm-slow" waiting="0.00" lane="right_0" pos="25.87" speed="30.17" angle="317.95" x="110.83" y="113.47"/>
        <vehicle id="cfm-slow_5" eclass="HBEFA3/PC_G_EU4" CO2="0.00" CO="0.00" HC="0.00" NOx="0.00" PMx="0.00" fuel="0.00" electricity="0.00" noise="71.98" route="routetop" type="cfm-slow" waiting="0.00" lane="top_0" pos="1.24" speed="29.21" angle="272.25" x="60.90" y="132.22"/>
    </timestep>
    <timestep time="5.40">
        <vehicle id="cfm-fast_0" eclass="HBEFA3/PC_G_EU4" CO2="0.00" CO="0.00" HC="0.00" NOx="0.00" PMx="0.00" fuel="0.00" electricity="0.00" noise="70.81" route="routetop" type="cfm-fast" waiting="0.00" lane="top_0" pos="25.88" speed="27.00" angle="227.95" x="13.83" y="110.81"/>
        <vehicle id="cfm-fast_1" eclass="HBEFA3/PC_G_EU4" CO2="200326.54" CO="4817.61" HC="27.01" NOx="93.14" PMx="5.54" fuel="86.11" electricity="0.00" noise="131.55" route="routebottom" type="cfm-fast" waiting="0.00" lane="bottom_1" pos="4.07" speed="64.07" angle="87.21" x="72.01" y="-1.11"/>
        <vehicle id="cfm-fast_2" eclass="HBEFA3/PC_G_EU4" CO2="0.00" CO="0.00" HC="0.00" NOx="0.00" PMx="0.00" fuel="0.00" electricity="0.00" noise="69.82" route="routetop" type="cfm-fast" waiting="0.00" lane="top_0" pos="44.17" speed="24.49" angle="195.07" x="-3.78" y="76.22"/>
        <vehicle id="cfm-fast_3" eclass="HBEFA3/PC_G_EU4" CO2="0.00" CO="0.00" HC="0.00" NOx="0.00" PMx="0.00" fuel="0.00" electricity="0.00" noise="69.96" route="routetop" type="cfm-fast" waiting="0.00" lane="left_0" pos="9.74" speed="23.09" angle="166.87" x="-1.73" y="42.95"/>
        <vehicle id="cfm-fast_4" eclass="HBEFA3/PC_G_EU4" CO2="295307.00" CO="7134.82" HC="39.95" NOx="137.84" PMx="8.17" fuel="126.94" electricity="0.00" noise="150.17" route="routebottom" type="cfm-fast" waiting="0.00" lane="right_1" pos="11.48" speed="73.18" angle="343.75" x="124.75" y="86.73"/>
        <vehicle id="cfm-fast_5" eclass="HBEFA3/PC_G_EU4" CO2="11683.85" CO="165.10" HC="1.04" NOx="4.91" PMx="0.26" fuel="5.02" electricity="0.00" noise="73.28" route="routetop" type="cfm-fast" waiting="0.00" lane="left_0" pos="24.17" speed="22.49" angle="140.97" x="13.90" y="16.43"/>
        <vehicle id="cfm-slow_0" eclass="HBEFA3/PC_G_EU4" CO2="16616.98" CO="268.71" HC="1.64" NOx="7.21" PMx="0.39" fuel="7.14" electricity="0.00" noise="76.20" route="routetop" type="cfm-slow" waiting="0.00" lane="left_0" pos="37.92" speed="23.74" angle="116.27" x="38.20" y="-0.04"/>
        <vehicle id="cfm-slow_1" eclass="HBEFA3/PC_G_EU4" CO2="19902.39" CO="342.15" HC="2.05" NOx="8.71" PMx="0.48" fuel="8.56" electricity="0.00" noise="78.12" route="routebottom" type="cfm-slow" waiting="0.00" lane="bottom_0" pos="6.96" speed="25.69" angle="81.91" x="78.62" y="-3.29"/>
        <vehicle id="cfm-slow_2" eclass="HBEFA3/PC_G_EU4" CO2="19125.74" CO="336.40" HC="2.01" NOx="8.30" PMx="0.47" fuel="8.22" electricity="0.00" noise="77.82" route="routebottom" type="cfm-slow" waiting="0.00" lane="bottom_0" pos="28.00" speed="27.87" angle="44.06" x="116.52" y="19.94"/>
        <vehicle id="cfm-slow_3" eclass="HBEFA3/PC_G_EU4" CO2="11913.45" CO="198.95" HC="1.21" NOx="4.86" PMx="0.28" fuel="5.12" electricity="0.00" noise="75.30" route="routebottom" type="cfm-slow" waiting="0.00" lane="right_0" pos="1.24" speed="29.61" angle="2.25" x="132.22" y="66.43"/>
        <vehicle id="cfm-slow_4" eclass="HBEFA3/PC_G_EU4" CO2="0.00" CO="0.00" HC="0.00" NOx="0.00" PMx="0.00" fuel="0.00" electricity="0.00" noise="73.13" route="routebottom" type="cfm-slow" waiting="0.00" lane="right_0" pos="26.17" speed="30.16" angle="317.40" x="110.36" y="113.91"/>
        <vehicle id="cfm-slow_5" eclass="HBEFA3/PC_G_EU4" CO2="0.00" CO="0.00" HC="0.00" NOx="0.00" PMx="0.00" fuel="0.00" electricity="0.00" noise="71.97" route="routetop" type="cfm-slow" waiting="0.00" lane="top_0" pos="1.53" speed="29.19" angle="271.73" x="60.28" y="132.18"/>
    </timestep>
    <timestep time="5.41">
        <vehicle id="cfm-fast_0" eclass="HBEFA3/PC_G_EU4" CO2="0.00" CO="0.00" HC="0.00" NOx="0.00" PMx="0.00" fuel="0.00" electricity="0.00" noise="70.80" route="routetop" type="cfm-fast" waiting="0.00" lane="top_0" pos="26.15" speed="26.98" angle="227.45" x="13.44" y="110.38"/>
        <vehicle id="cfm-fast_1" eclass="HBEFA3/PC_G_EU4" CO2="200995.83" CO="4835.13" HC="27.10" NOx="93.46" PMx="5.55" fuel="86.40" electricity="0.00" noise="131.68" route="routebottom" type="cfm-fast" waiting="0.00" lane="bottom_1" pos="4.71" speed="64.17" angle="86.04" x="73.31" y="-0.93"/>
        <vehicle id="cfm-fast_2" eclass="HBEFA3/PC_G_EU4" CO2="0.00" CO="0.00" HC="0.00" NOx="0.00" PMx="0.00" fuel="0.00" electricity="0.00" noise="69.81" route="routetop" type="cfm-fast" waiting="0.00" lane="top_0" pos="44.42" speed="24.48" angle="194.61" x="-3.88" y="75.71"/>
        <vehicle id="cfm-fast_3" eclass="HBEFA3/PC_G_EU4" CO2="0.00" CO="0.00" HC="0.00" NOx="0.00" PMx="0.00" fuel="0.00" electricity="0.00" noise="69.98" route="routetop" type="cfm-fast" waiting="0.00" lane="left_0" pos="9.97" speed="23.09" angle="166.45" x="-1.59" y="42.47"/>
        <vehicle id="cfm-fast_4" eclass="HBEFA3/PC_G_EU4" CO2="295930.85" CO="7153.60" HC="40.05" NOx="138.13" PMx="8.19" fuel="127.21" electricity="0.00" noise="150.24" route="routebottom" type="cfm-fast" waiting="0.00" lane="right_1" pos="12.22" speed="73.32" angle="342.48" x="124.20" y="88.12"/>
        <vehicle id="cfm-fast_5" eclass="HBEFA3/PC_G_EU4" CO2="11721.71" CO="165.89" HC="1.04" NOx="4.92" PMx="0.26" fuel="5.04" electricity="0.00" noise="73.31" route="routetop" type="cfm-fast" waiting="0.00" lane="left_0" pos="24.39" speed="22.51" angle="140.62" x="14.23" y="16.08"/>
        <vehicle id="cfm-slow_0" eclass="HBEFA3/PC_G_EU4" CO2="16642.11" CO="269.27" HC="1.64" NOx="7.22" PMx="0.39" fuel="7.15" electricity="0.00" noise="76.22" route="routetop" type="cfm-slow" waiting="0.00" lane="left_0" pos="38.16" speed="23.76" angle="115.83" x="38.68" y="-0.23"/>
        <vehicle id="cfm-slow_1" eclass="HBEFA3/PC_G_EU4" CO2="19891.97" CO="342.02" HC="2.05" NOx="8.71" PMx="0.48" fuel="8.55" electricity="0.00" noise="78.11" route="routebottom" type="cfm-slow" waiting="0.00" lane="bottom_0" pos="7.22" speed="25.71" angle="81.41" x="79.16" y="-3.16"/>
        <vehicle id="cfm-slow_2" eclass="HBEFA3/PC_G_EU4" CO2="19054.77" CO="335.04" HC="2.00" NOx="8.26" PMx="0.46" fuel="8.19" electricity="0.00" noise="77.79" route="routebottom" type="cfm-slow" waiting="0.00" lane="bottom_0" pos="28.28" speed="27.89" angle="43.60" x="116.90" y="20.40"/>
        <vehicle id="cfm-slow_3" eclass="HBEFA3/PC_G_EU4" CO2="11794.88" CO="196.56" HC="1.19" NOx="4.80" PMx="0.28" fuel="5.07" electricity="0.00" noise="75.27" route="routebottom" type="cfm-slow" waiting="0.00" lane="right_0" pos="1.54" speed="29.62" angle="1.72" x="132.18" y="67.06"/>
        <vehicle id="cfm-slow_4" eclass="HBEFA3/PC_G_EU4" CO2="0.00" CO="0.00" HC="0.00" NOx="0.00" PMx="0.00" fuel="0.00" electricity="0.00" noise="73.11" route="routebottom" type="cfm-slow" waiting="0.00" lane="right_0" pos="26.47" speed="30.15" angle="316.85" x="109.88" y="114.35"/>
        <vehicle id="cfm-slow_5" eclass="HBEFA3/PC_G_EU4" CO2="0.00" CO="0.00" HC="0.00" NOx="0.00" PMx="0.00" fuel="0.00" electricity="0.00" noise="71.96" route="routetop" type="cfm-slow" waiting="0.00" lane="top_0" pos="1.82" speed="29.17" angle="271.20" x="59.65" y="132.15"/>
    </timestep>
    <timestep time="5.42">
        <vehicle id="cfm-fast_0" eclass="HBEFA3/PC_G_EU4" CO2="0.00" CO="0.00" HC="0.00" NOx="0.00" PMx="0.00" fuel="0.00" electricity="0.00" noise="70.80" route="routetop" type="cfm-fast" waiting="0.00" lane="top_0" pos="26.42" speed="26.96" angle="226.95" x="13.04" y="109.96"/>
        <vehicle id="cfm-fast_1" eclass="HBEFA3/PC_G_EU4" CO2="201666.40" CO="4852.70" HC="27.20" NOx="93.77" PMx="5.57" fuel="86.69" electricity="0.00" noise="131.81" route="routebottom" type="cfm-fast" waiting="0.00" lane="bottom_1" pos="5.35" speed="64.27" angle="84.88" x="74.61" y="-0.72"/>
        <vehicle id="cfm-fast_2" eclass="HBEFA3/PC_G_EU4" CO2="0.00" CO="0.00" HC="0.00" NOx="0.00" PMx="0.00" fuel="0.00" electricity="0.00" noise="69.81" route="routetop" type="cfm-fast" waiting="0.00" lane="top_0" pos="44.66" speed="24.47" angle="194.15" x="-3.97" y="75.19"/>
        <vehicle id="cfm-fast_3" eclass="HBEFA3/PC_G_EU4" CO2="0.00" CO="0.00" HC="0.00" NOx="0.00" PMx="0.00" fuel="0.00" electricity="0.00" noise="69.99" route="routetop" type="cfm-fast" waiting="0.00" lane="left_0" pos="10.20" speed="23.09" angle="166.07" x="-1.44" y="42.00"/>
        <vehicle id="cfm-fast_4" eclass="HBEFA3/PC_G_EU4" CO2="296554.98" CO="7172.40" HC="40.16" NOx="138.42" PMx="8.21" fuel="127.47" electricity="0.00" noise="150.30" route="routebottom" type="cfm-fast" waiting="0.00" lane="right_1" pos="12.95" speed="73.46" angle="341.21" x="123.63" y="89.52"/>
        <vehicle id="cfm-fast_5" eclass="HBEFA3/PC_G_EU4" CO2="11759.54" CO="166.69" HC="1.05" NOx="4.94" PMx="0.26" fuel="5.05" electricity="0.00" noise="73.33" route="routetop" type="cfm-fast" waiting="0.00" lane="left_0" pos="24.62" speed="22.52" angle="140.21" x="14.57" y="15.74"/>
        <vehicle id="cfm-slow_0" eclass="HBEFA3/PC_G_EU4" CO2="16666.99" CO="269.83" HC="1.64" NOx="7.23" PMx="0.39" fuel="7.16" electricity="0.00" noise="76.23" route="routetop" type="cfm-slow" waiting="0.00" lane="left_0" pos="38.40" speed="23.78" angle="115.41" x="39.15" y="-0.42"/>
        <vehicle id="cfm-slow_1" eclass="HBEFA3/PC_G_EU4" CO2="19881.06" CO="341.89" HC="2.05" NOx="8.70" PMx="0.48" fuel="8.55" electricity="0.00" noise="78.11" route="routebottom" type="cfm-slow" waiting="0.00" lane="bottom_0" pos="7.48" speed="25.73" angle="80.92" x="79.70" y="-3.04"/>
        <vehicle id="cfm-slow_2" eclass="HBEFA3/PC_G_EU4" CO2="18983.36" CO="333.68" HC="1.99" NOx="8.23" PMx="0.46" fuel="8.16" electricity="0.00" noise="77.75" route="routebottom" type="cfm-slow" waiting="0.00" lane="bottom_0" pos="28.56" speed="27.90" angle="43.08" x="117.27" y="20.87"/>
        <vehicle id="cfm-slow_3" eclass="HBEFA3/PC_G_EU4" CO2="11676.43" CO="194.18" HC="1.18" NOx="4.74" PMx="0.28" fuel="5.02" electricity="0.00" noise="75.23" route="routebottom" type="cfm-slow" waiting="0.00" lane="right_0" pos="1.83" speed="29.62" angle="1.19" x="132.15" y="67.70"/>
        <vehicle id="cfm-slow_4" eclass="HBEFA3/PC_G_EU4" CO2="0.00" CO="0.00" HC="0.00" NOx="0.00" PMx="0.00" fuel="0.00" electricity="0.00" noise="73.10" route="routebottom" type="cfm-slow" waiting="0.00" lane="right_0" pos="26.77" speed="30.15" angle="316.30" x="109.41" y="114.79"/>
        <vehicle id="cfm-slow_5" eclass="HBEFA3/PC_G_EU4" CO2="0.00" CO="0.00" HC="0.00" NOx="0.00" PMx="0.00" fuel="0.00" electricity="0.00" noise="71.95" route="routetop" type="cfm-slow" waiting="0.00" lane="top_0" pos="2.11" speed="29.15" angle="270.68" x="59.02" y="132.11"/>
    </timestep>
    <timestep time="5.43">
        <vehicle id="cfm-fast_0" eclass="HBEFA3/PC_G_EU4" CO2="0.00" CO="0.00" HC="0.00" NOx="0.00" PMx="0.00" fuel="0.00" electricity="0.00" noise="70.79" route="routetop" type="cfm-fast" waiting="0.00" lane="top_0" pos="26.69" speed="26.94" angle="226.45" x="12.65" y="109.53"/>
        <vehicle id="cfm-fast_1" eclass="HBEFA3/PC_G_EU4" CO2="202338.23" CO="4870.30" HC="27.30" NOx="94.09" PMx="5.59" fuel="86.98" electricity="0.00" noise="131.94" route="routebottom" type="cfm-fast" waiting="0.00" lane="bottom_1" pos="6.00" speed="64.38" angle="83.66" x="75.91" y="-0.48"/>
        <vehicle id="cfm-fast_2" eclass="HBEFA3/PC_G_EU4" CO2="0.00" CO="0.00" HC="0.00" NOx="0.00" PMx="0.00" fuel="0.00" electricity="0.00" noise="69.81" route="routetop" type="cfm-fast" waiting="0.00" lane="top_0" pos="44.91" speed="24.46" angle="193.77" x="-4.07" y="74.67"/>
        <vehicle id="cfm-fast_3" eclass="HBEFA3/PC_G_EU4" CO2="0.00" CO="0.00" HC="0.00" NOx="0.00" PMx="0.00" fuel="0.00" electricity="0.00" noise="70.01" route="routetop" type="cfm-fast" waiting="0.00" lane="left_0" pos="10.43" speed="23.09" angle="165.66" x="-1.28" y="41.53"/>
        <vehicle id="cfm-fast_4" eclass="HBEFA3/PC_G_EU4" CO2="297179.41" CO="7191.22" HC="40.26" NOx="138.72" PMx="8.22" fuel="127.74" electricity="0.00" noise="150.37" route="routebottom" type="cfm-fast" waiting="0.00" lane="right_1" pos="13.69" speed="73.59" angle="339.83" x="123.01" y="90.89"/>
        <vehicle id="cfm-fast_5" eclass="HBEFA3/PC_G_EU4" CO2="11797.33" CO="167.48" HC="1.05" NOx="4.96" PMx="0.26" fuel="5.07" electricity="0.00" noise="73.35" route="routetop" type="cfm-fast" waiting="0.00" lane="left_0" pos="24.84" speed="22.53" angle="139.79" x="14.92" y="15.39"/>
        <vehicle id="cfm-slow_0" eclass="HBEFA3/PC_G_EU4" CO2="16691.62" CO="270.38" HC="1.65" NOx="7.24" PMx="0.39" fuel="7.17" electricity="0.00" noise="76.25" route="routetop" type="cfm-slow" waiting="0.00" lane="left_0" pos="38.63" speed="23.80" angle="115.01" x="39.63" y="-0.60"/>
        <vehicle id="cfm-slow_1" eclass="HBEFA3/PC_G_EU4" CO2="19869.67" CO="341.74" HC="2.05" NOx="8.70" PMx="0.48" fuel="8.54" electricity="0.00" noise="78.10" route="routebottom" type="cfm-slow" waiting="0.00" lane="bottom_0" pos="7.74" speed="25.76" angle="80.51" x="80.24" y="-2.91"/>
        <vehicle id="cfm-slow_2" eclass="HBEFA3/PC_G_EU4" CO2="18911.53" CO="332.31" HC="1.99" NOx="8.20" PMx="0.46" fuel="8.13" electricity="0.00" noise="77.72" route="routebottom" type="cfm-slow" waiting="0.00" lane="bottom_0" pos="28.84" speed="27.92" angle="42.56" x="117.64" y="21.34"/>
        <vehicle id="cfm-slow_3" eclass="HBEFA3/PC_G_EU4" CO2="11558.11" CO="191.79" HC="1.17" NOx="4.69" PMx="0.28" fuel="4.97" electricity="0.00" noise="75.20" route="routebottom" type="cfm-slow" waiting="0.00" lane="right_0" pos="2.13" speed="29.63" angle="0.66" x="132.11" y="68.34"/>
        <vehicle id="cfm-slow_4" eclass="HBEFA3/PC_G_EU4" CO2="0.00" CO="0.00" HC="0.00" NOx="0.00" PMx="0.00" fuel="0.00" electricity="0.00" noise="73.08" route="routebottom" type="cfm-slow" waiting="0.00" lane="right_0" pos="27.07" speed="30.14" angle="315.80" x="108.92" y="115.22"/>
        <vehicle id="cfm-slow_5" eclass="HBEFA3/PC_G_EU4" CO2="0.00" CO="0.00" HC="0.00" NOx="0.00" PMx="0.00" fuel="0.00" electricity="0.00" noise="71.94" route="routetop" type="cfm-slow" waiting="0.00" lane="top_0" pos="2.41" speed="29.13" angle="270.16" x="58.40" y="132.07"/>
    </timestep>
    <timestep time="5.44">
        <vehicle id="cfm-fast_0" eclass="HBEFA3/PC_G_EU4" CO2="0.00" CO="0.00" HC="0.00" NOx="0.00" PMx="0.00" fuel="0.00" electricity="0.00" noise="70.78" route="routetop" type="cfm-fast" waiting="0.00" lane="top_0" pos="26.96" speed="26.92" angle="226.00" x="12.26" y="109.10"/>
        <vehicle id="cfm-fast_1" eclass="HBEFA3/PC_G_EU4" CO2="203011.31" CO="4887.95" HC="27.39" NOx="94.40" PMx="5.61" fuel="87.26" electricity="0.00" noise="132.07" route="routebottom" type="cfm-fast" waiting="0.00" lane="bottom_1" pos="6.64" speed="64.48" angle="82.52" x="77.21" y="-0.22"/>
        <vehicle id="cfm-fast_2" eclass="HBEFA3/PC_G_EU4" CO2="0.00" CO="0.00" HC="0.00" NOx="0.00" PMx="0.00" fuel="0.00" electricity="0.00" noise="69.81" route="routetop" type="cfm-fast" waiting="0.00" lane="top_0" pos="45.15" speed="24.44" angle="193.32" x="-4.14" y="74.15"/>
        <vehicle id="cfm-fast_3" eclass="HBEFA3/PC_G_EU4" CO2="0.00" CO="0.00" HC="0.00" NOx="0.00" PMx="0.00" fuel="0.00" electricity="0.00" noise="70.02" route="routetop" type="cfm-fast" waiting="0.00" lane="left_0" pos="10.66" speed="23.08" angle="165.23" x="-1.11" y="41.06"/>
        <vehicle id="cfm-fast_4" eclass="HBEFA3/PC_G_EU4" CO2="297804.13" CO="7210.07" HC="40.36" NOx="139.01" PMx="8.24" fuel="128.01" electricity="0.00" noise="150.43" route="routebottom" type="cfm-fast" waiting="0.00" lane="right_1" pos="14.42" speed="73.73" angle="338.51" x="122.37" y="92.26"/>
        <vehicle id="cfm-fast_5" eclass="HBEFA3/PC_G_EU4" CO2="11835.09" CO="168.27" HC="1.06" NOx="4.98" PMx="0.26" fuel="5.09" electricity="0.00" noise="73.38" route="routetop" type="cfm-fast" waiting="0.00" lane="left_0" pos="25.07" speed="22.55" angle="139.38" x="15.26" y="15.05"/>
        <vehicle id="cfm-slow_0" eclass="HBEFA3/PC_G_EU4" CO2="16716.00" CO="270.93" HC="1.65" NOx="7.25" PMx="0.39" fuel="7.19" electricity="0.00" noise="76.26" route="routetop" type="cfm-slow" waiting="0.00" lane="left_0" pos="38.87" speed="23.82" angle="114.57" x="40.12" y="-0.77"/>
        <vehicle id="cfm-slow_1" eclass="HBEFA3/PC_G_EU4" CO2="19857.78" CO="341.58" HC="2.05" NOx="8.69" PMx="0.48" fuel="8.54" electricity="0.00" noise="78.09" route="routebottom" type="cfm-slow" waiting="0.00" lane="bottom_0" pos="7.99" speed="25.78" angle="80.03" x="80.77" y="-2.77"/>
        <vehicle id="cfm-slow_2" eclass="HBEFA3/PC_G_EU4" CO2="18839.27" CO="330.93" HC="1.98" NOx="8.16" PMx="0.46" fuel="8.10" electricity="0.00" noise="77.69" route="routebottom" type="cfm-slow" waiting="0.00" lane="bottom_0" pos="29.12" speed="27.94" angle="42.04" x="118.01" y="21.82"/>
        <vehicle id="cfm-slow_3" eclass="HBEFA3/PC_G_EU4" CO2="11439.92" CO="189.41" HC="1.15" NOx="4.63" PMx="0.27" fuel="4.92" electricity="0.00" noise="75.17" route="routebottom" type="cfm-slow" waiting="0.00" lane="right_0" pos="2.42" speed="29.64" angle="0.12" x="132.07" y="68.97"/>
        <vehicle id="cfm-slow_4" eclass="HBEFA3/PC_G_EU4" CO2="0.00" CO="0.00" HC="0.00" NOx="0.00" PMx="0.00" fuel="0.00" electricity="0.00" noise="73.07" route="routebottom" type="cfm-slow" waiting="0.00" lane="right_0" pos="27.37" speed="30.13" angle="315.24" x="108.43" y="115.64"/>
        <vehicle id="cfm-slow_5" eclass="HBEFA3/PC_G_EU4" CO2="0.00" CO="0.00" HC="0.00" NOx="0.00" PMx="0.00" fuel="0.00" electricity="0.00" noise="71.93" route="routetop" type="cfm-slow" waiting="0.00" lane="top_0" pos="2.70" speed="29.11" angle="269.66" x="57.77" y="132.02"/>
    </timestep>
    <timestep time="5.45">
        <vehicle id="cfm-fast_0" eclass="HBEFA3/PC_G_EU4" CO2="0.00" CO="0.00" HC="0.00" NOx="0.00" PMx="0.00" fuel="0.00" electricity="0.00" noise="70.77" route="routetop" type="cfm-fast" waiting="0.00" lane="top_0" pos="27.23" speed="26.90" angle="225.50" x="11.88" y="108.66"/>
        <vehicle id="cfm-fast_1" eclass="HBEFA3/PC_G_EU4" CO2="203685.62" CO="4905.64" HC="27.49" NOx="94.72" PMx="5.63" fuel="87.55" electricity="0.00" noise="132.19" route="routebottom" type="cfm-fast" waiting="0.00" lane="bottom_1" pos="7.29" speed="64.59" angle="81.33" x="78.50" y="0.07"/>
        <vehicle id="cfm-fast_2" eclass="HBEFA3/PC_G_EU4" CO2="0.00" CO="0.00" HC="0.00" NOx="0.00" PMx="0.00" fuel="0.00" electricity="0.00" noise="69.81" route="routetop" type="cfm-fast" waiting="0.00" lane="top_0" pos="45.40" speed="24.43" angle="192.87" x="-4.21" y="73.63"/>
        <vehicle id="cfm-fast_3" eclass="HBEFA3/PC_G_EU4" CO2="0.00" CO="0.00" HC="0.00" NOx="0.00" PMx="0.00" fuel="0.00" electricity="0.00" noise="70.04" route="routetop" type="cfm-fast" waiting="0.00" lane="left_0" pos="10.89" speed="23.08" angle="164.81" x="-0.94" y="40.59"/>
        <vehicle id="cfm-fast_4" eclass="HBEFA3/PC_G_EU4" CO2="298429.14" CO="7228.94" HC="40.46" NOx="139.30" PMx="8.26" fuel="128.28" electricity="0.00" noise="150.50" route="routebottom" type="cfm-fast" waiting="0.00" lane="right_1" pos="15.16" speed="73.87" angle="337.13" x="121.69" y="93.62"/>
        <vehicle id="cfm-fast_5" eclass="HBEFA3/PC_G_EU4" CO2="11872.79" CO="169.07" HC="1.06" NOx="4.99" PMx="0.26" fuel="5.10" electricity="0.00" noise="73.40" route="routetop" type="cfm-fast" waiting="0.00" lane="left_0" pos="25.29" speed="22.56" angle="138.97" x="15.60" y="14.71"/>
        <vehicle id="cfm-slow_0" eclass="HBEFA3/PC_G_EU4" CO2="16740.12" CO="271.47" HC="1.65" NOx="7.26" PMx="0.39" fuel="7.20" electricity="0.00" noise="76.28" route="routetop" type="cfm-slow" waiting="0.00" lane="left_0" pos="39.11" speed="23.84" angle="114.13" x="40.60" y="-0.94"/>
        <vehicle id="cfm-slow_1" eclass="HBEFA3/PC_G_EU4" CO2="19845.40" CO="341.42" HC="2.05" NOx="8.68" PMx="0.48" fuel="8.53" electricity="0.00" noise="78.09" route="routebottom" type="cfm-slow" waiting="0.00" lane="bottom_0" pos="8.25" speed="25.80" angle="79.56" x="81.31" y="-2.62"/>
        <vehicle id="cfm-slow_2" eclass="HBEFA3/PC_G_EU4" CO2="18766.59" CO="329.54" HC="1.97" NOx="8.13" PMx="0.46" fuel="8.07" electricity="0.00" noise="77.66" route="routebottom" type="cfm-slow" waiting="0.00" lane="bottom_0" pos="29.40" speed="27.96" angle="41.55" x="118.39" y="22.29"/>
        <vehicle id="cfm-slow_3" eclass="HBEFA3/PC_G_EU4" CO2="11321.86" CO="187.04" HC="1.14" NOx="4.58" PMx="0.27" fuel="4.87" electricity="0.00" noise="75.13" route="routebottom" type="cfm-slow" waiting="0.00" lane="right_0" pos="2.72" speed="29.65" angle="359.61" x="132.02" y="69.61"/>
        <vehicle id="cfm-slow_4" eclass="HBEFA3/PC_G_EU4" CO2="0.00" CO="0.00" HC="0.00" NOx="0.00" PMx="0.00" fuel="0.00" electricity="0.00" noise="73.05" route="routebottom" type="cfm-slow" waiting="0.00" lane="right_0" pos="27.67" speed="30.12" angle="314.67" x="107.93" y="116.06"/>
        <vehicle id="cfm-slow_5" eclass="HBEFA3/PC_G_EU4" CO2="0.00" CO="0.00" HC="0.00" NOx="0.00" PMx="0.00" fuel="0.00" electricity="0.00" noise="71.92" route="routetop" type="cfm-slow" waiting="0.00" lane="top_0" pos="2.99" speed="29.10" angle="269.14" x="57.15" y="131.96"/>
    </timestep>
    <timestep time="5.46">
        <vehicle id="cfm-fast_0" eclass="HBEFA3/PC_G_EU4" CO2="0.00" CO="0.00" HC="0.00" NOx="0.00" PMx="0.00" fuel="0.00" electricity="0.00" noise="70.76" route="routetop" type="cfm-fast" waiting="0.00" lane="top_0" pos="27.50" speed="26.88" angle="225.00" x="11.51" y="108.22"/>
        <vehicle id="cfm-fast_1" eclass="HBEFA3/PC_G_EU4" CO2="204361.14" CO="4923.37" HC="27.59" NOx="95.04" PMx="5.65" fuel="87.84" electricity="0.00" noise="132.32" route="routebottom" type="cfm-fast" waiting="0.00" lane="bottom_1" pos="7.93" speed="64.69" angle="80.20" x="79.79" y="0.38"/>
        <vehicle id="cfm-fast_2" eclass="HBEFA3/PC_G_EU4" CO2="0.00" CO="0.00" HC="0.00" NOx="0.00" PMx="0.00" fuel="0.00" electricity="0.00" noise="69.80" route="routetop" type="cfm-fast" waiting="0.00" lane="top_0" pos="45.64" speed="24.42" angle="192.42" x="-4.29" y="73.11"/>
        <vehicle id="cfm-fast_3" eclass="HBEFA3/PC_G_EU4" CO2="0.00" CO="0.00" HC="0.00" NOx="0.00" PMx="0.00" fuel="0.00" electricity="0.00" noise="70.05" route="routetop" type="cfm-fast" waiting="0.00" lane="left_0" pos="11.12" speed="23.08" angle="164.38" x="-0.77" y="40.12"/>
        <vehicle id="cfm-fast_4" eclass="HBEFA3/PC_G_EU4" CO2="299054.44" CO="7247.83" HC="40.56" NOx="139.59" PMx="8.28" fuel="128.55" electricity="0.00" noise="150.57" route="routebottom" type="cfm-fast" waiting="0.00" lane="right_1" pos="15.90" speed="74.00" angle="335.87" x="120.97" y="94.95"/>
        <vehicle id="cfm-fast_5" eclass="HBEFA3/PC_G_EU4" CO2="11910.46" CO="169.86" HC="1.07" NOx="5.01" PMx="0.26" fuel="5.12" electricity="0.00" noise="73.42" route="routetop" type="cfm-fast" waiting="0.00" lane="left_0" pos="25.52" speed="22.58" angle="138.56" x="15.95" y="14.36"/>
        <vehicle id="cfm-slow_0" eclass="HBEFA3/PC_G_EU4" CO2="16763.98" CO="272.01" HC="1.65" NOx="7.27" PMx="0.39" fuel="7.21" electricity="0.00" noise="76.29" route="routetop" type="cfm-slow" waiting="0.00" lane="left_0" pos="39.35" speed="23.86" angle="113.69" x="41.08" y="-1.12"/>
        <vehicle id="cfm-slow_1" eclass="HBEFA3/PC_G_EU4" CO2="19832.53" CO="341.24" HC="2.05" NOx="8.68" PMx="0.48" fuel="8.53" electricity="0.00" noise="78.08" route="routebottom" type="cfm-slow" waiting="0.00" lane="bottom_0" pos="8.51" speed="25.83" angle="79.08" x="81.85" y="-2.48"/>
        <vehicle id="cfm-slow_2" eclass="HBEFA3/PC_G_EU4" CO2="18693.50" CO="328.14" HC="1.96" NOx="8.09" PMx="0.46" fuel="8.04" electricity="0.00" noise="77.62" route="routebottom" type="cfm-slow" waiting="0.00" lane="bottom_0" pos="29.68" speed="27.98" angle="41.08" x="118.74" y="22.77"/>
        <vehicle id="cfm-slow_3" eclass="HBEFA3/PC_G_EU4" CO2="11203.95" CO="184.66" HC="1.12" NOx="4.52" PMx="0.27" fuel="4.82" electricity="0.00" noise="75.10" route="routebottom" type="cfm-slow" waiting="0.00" lane="right_0" pos="3.02" speed="29.65" angle="359.08" x="131.95" y="70.24"/>
        <vehicle id="cfm-slow_4" eclass="HBEFA3/PC_G_EU4" CO2="0.00" CO="0.00" HC="0.00" NOx="0.00" PMx="0.00" fuel="0.00" electricity="0.00" noise="73.04" route="routebottom" type="cfm-slow" waiting="0.00" lane="right_0" pos="27.98" speed="30.12" angle="314.11" x="107.44" y="116.48"/>
        <vehicle id="cfm-slow_5" eclass="HBEFA3/PC_G_EU4" CO2="0.00" CO="0.00" HC="0.00" NOx="0.00" PMx="0.00" fuel="0.00" electricity="0.00" noise="71.91" route="routetop" type="cfm-slow" waiting="0.00" lane="top_0" pos="3.28" speed="29.08" angle="268.62" x="56.53" y="131.90"/>
    </timestep>
    <timestep time="5.47">
        <vehicle id="cfm-fast_0" eclass="HBEFA3/PC_G_EU4" CO2="0.00" CO="0.00" HC="0.00" NOx="0.00" PMx="0.00" fuel="0.00" electricity="0.00" noise="70.75" route="routetop" type="cfm-fast" waiting="0.00" lane="top_0" pos="27.77" speed="26.86" angle="224.50" x="11.13" y="107.78"/>
        <vehicle id="cfm-fast_1" eclass="HBEFA3/PC_G_EU4" CO2="205037.85" CO="4941.13" HC="27.69" NOx="95.35" PMx="5.67" fuel="88.14" electricity="0.00" noise="132.45" route="routebottom" type="cfm-fast" waiting="0.00" lane="bottom_1" pos="8.58" speed="64.80" angle="78.98" x="81.07" y="0.73"/>
        <vehicle id="cfm-fast_2" eclass="HBEFA3/PC_G_EU4" CO2="0.00" CO="0.00" HC="0.00" NOx="0.00" PMx="0.00" fuel="0.00" electricity="0.00" noise="69.80" route="routetop" type="cfm-fast" waiting="0.00" lane="top_0" pos="45.88" speed="24.41" angle="191.98" x="-4.36" y="72.59"/>
        <vehicle id="cfm-fast_3" eclass="HBEFA3/PC_G_EU4" CO2="0.00" CO="0.00" HC="0.00" NOx="0.00" PMx="0.00" fuel="0.00" electricity="0.00" noise="70.07" route="routetop" type="cfm-fast" waiting="0.00" lane="left_0" pos="11.36" speed="23.08" angle="163.95" x="-0.61" y="39.66"/>
        <vehicle id="cfm-fast_4" eclass="HBEFA3/PC_G_EU4" CO2="299680.04" CO="7266.74" HC="40.67" NOx="139.89" PMx="8.30" fuel="128.82" electricity="0.00" noise="150.63" route="routebottom" type="cfm-fast" waiting="0.00" lane="right_1" pos="16.64" speed="74.14" angle="334.59" x="120.24" y="96.28"/>
        <vehicle id="cfm-fast_5" eclass="HBEFA3/PC_G_EU4" CO2="11948.07" CO="170.65" HC="1.07" NOx="5.03" PMx="0.27" fuel="5.14" electricity="0.00" noise="73.44" route="routetop" type="cfm-fast" waiting="0.00" lane="left_0" pos="25.75" speed="22.59" angle="138.20" x="16.30" y="14.03"/>
        <vehicle id="cfm-slow_0" eclass="HBEFA3/PC_G_EU4" CO2="16787.58" CO="272.54" HC="1.66" NOx="7.28" PMx="0.39" fuel="7.22" electricity="0.00" noise="76.31" route="routetop" type="cfm-slow" waiting="0.00" lane="left_0" pos="39.59" speed="23.88" angle="113.25" x="41.57" y="-1.29"/>
        <vehicle id="cfm-slow_1" eclass="HBEFA3/PC_G_EU4" CO2="19819.17" CO="341.06" HC="2.05" NOx="8.67" PMx="0.48" fuel="8.52" electricity="0.00" noise="78.07" route="routebottom" type="cfm-slow" waiting="0.00" lane="bottom_0" pos="8.77" speed="25.85" angle="78.61" x="82.38" y="-2.34"/>
        <vehicle id="cfm-slow_2" eclass="HBEFA3/PC_G_EU4" CO2="18620.00" CO="326.73" HC="1.95" NOx="8.06" PMx="0.45" fuel="8.00" electricity="0.00" noise="77.59" route="routebottom" type="cfm-slow" waiting="0.00" lane="bottom_0" pos="29.96" speed="28.00" angle="40.56" x="119.10" y="23.26"/>
        <vehicle id="cfm-slow_3" eclass="HBEFA3/PC_G_EU4" CO2="11086.18" CO="182.28" HC="1.11" NOx="4.46" PMx="0.26" fuel="4.77" electricity="0.00" noise="75.07" route="routebottom" type="cfm-slow" waiting="0.00" lane="right_0" pos="3.31" speed="29.66" angle="358.55" x="131.89" y="70.88"/>
        <vehicle id="cfm-slow_4" eclass="HBEFA3/PC_G_EU4" CO2="0.00" CO="0.00" HC="0.00" NOx="0.00" PMx="0.00" fuel="0.00" electricity="0.00" noise="73.02" route="routebottom" type="cfm-slow" waiting="0.00" lane="right_0" pos="28.28" speed="30.11" angle="313.62" x="106.94" y="116.89"/>
        <vehicle id="cfm-slow_5" eclass="HBEFA3/PC_G_EU4" CO2="0.00" CO="0.00" HC="0.00" NOx="0.00" PMx="0.00" fuel="0.00" electricity="0.00" noise="71.90" route="routetop" type="cfm-slow" waiting="0.00" lane="top_0" pos="3.57" speed="29.06" angle="268.10" x="55.91" y="131.83"/>
    </timestep>
    <timestep time="5.48">
        <vehicle id="cfm-fast_0" eclass="HBEFA3/PC_G_EU4" CO2="0.00" CO="0.00" HC="0.00" NOx="0.00" PMx="0.00" fuel="0.00" electricity="0.00" noise="70.74" route="routetop" type="cfm-fast" waiting="0.00" lane="top_0" pos="28.04" speed="26.84" angle="223.99" x="10.76" y="107.34"/>
        <vehicle id="cfm-fast_1" eclass="HBEFA3/PC_G_EU4" CO2="205715.73" CO="4958.94" HC="27.79" NOx="95.67" PMx="5.69" fuel="88.43" electricity="0.00" noise="132.58" route="routebottom" type="cfm-fast" waiting="0.00" lane="bottom_1" pos="9.23" speed="64.90" angle="77.84" x="82.35" y="1.09"/>
        <vehicle id="cfm-fast_2" eclass="HBEFA3/PC_G_EU4" CO2="0.00" CO="0.00" HC="0.00" NOx="0.00" PMx="0.00" fuel="0.00" electricity="0.00" noise="69.80" route="routetop" type="cfm-fast" waiting="0.00" lane="top_0" pos="46.13" speed="24.40" angle="191.55" x="-4.43" y="72.07"/>
        <vehicle id="cfm-fast_3" eclass="HBEFA3/PC_G_EU4" CO2="0.00" CO="0.00" HC="0.00" NOx="0.00" PMx="0.00" fuel="0.00" electricity="0.00" noise="70.09" route="routetop" type="cfm-fast" waiting="0.00" lane="left_0" pos="11.59" speed="23.08" angle="163.60" x="-0.43" y="39.19"/>
        <vehicle id="cfm-fast_4" eclass="HBEFA3/PC_G_EU4" CO2="300305.92" CO="7285.67" HC="40.77" NOx="140.18" PMx="8.32" fuel="129.09" electricity="0.00" noise="150.70" route="routebottom" type="cfm-fast" waiting="0.00" lane="right_1" pos="17.39" speed="74.27" angle="333.21" x="119.46" y="97.59"/>
        <vehicle id="cfm-fast_5" eclass="HBEFA3/PC_G_EU4" CO2="11985.63" CO="171.44" HC="1.08" NOx="5.05" PMx="0.27" fuel="5.15" electricity="0.00" noise="73.47" route="routetop" type="cfm-fast" waiting="0.00" lane="left_0" pos="25.97" speed="22.60" angle="137.78" x="16.65" y="13.70"/>
        <vehicle id="cfm-slow_0" eclass="HBEFA3/PC_G_EU4" CO2="16810.92" CO="273.07" HC="1.66" NOx="7.29" PMx="0.39" fuel="7.23" electricity="0.00" noise="76.32" route="routetop" type="cfm-slow" waiting="0.00" lane="left_0" pos="39.83" speed="23.91" angle="112.87" x="42.05" y="-1.46"/>
        <vehicle id="cfm-slow_1" eclass="HBEFA3/PC_G_EU4" CO2="19805.31" CO="340.86" HC="2.05" NOx="8.66" PMx="0.48" fuel="8.51" electricity="0.00" noise="78.06" route="routebottom" type="cfm-slow" waiting="0.00" lane="bottom_0" pos="9.03" speed="25.87" angle="78.19" x="82.92" y="-2.18"/>
        <vehicle id="cfm-slow_2" eclass="HBEFA3/PC_G_EU4" CO2="18546.09" CO="325.31" HC="1.95" NOx="8.02" PMx="0.45" fuel="7.97" electricity="0.00" noise="77.56" route="routebottom" type="cfm-slow" waiting="0.00" lane="bottom_0" pos="30.24" speed="28.02" angle="40.05" x="119.45" y="23.75"/>
        <vehicle id="cfm-slow_3" eclass="HBEFA3/PC_G_EU4" CO2="10968.57" CO="179.91" HC="1.10" NOx="4.41" PMx="0.26" fuel="4.71" electricity="0.00" noise="75.03" route="routebottom" type="cfm-slow" waiting="0.00" lane="right_0" pos="3.61" speed="29.67" angle="358.02" x="131.82" y="71.51"/>
        <vehicle id="cfm-slow_4" eclass="HBEFA3/PC_G_EU4" CO2="0.00" CO="0.00" HC="0.00" NOx="0.00" PMx="0.00" fuel="0.00" electricity="0.00" noise="73.01" route="routebottom" type="cfm-slow" waiting="0.00" lane="right_0" pos="28.58" speed="30.10" angle="313.07" x="106.43" y="117.29"/>
        <vehicle id="cfm-slow_5" eclass="HBEFA3/PC_G_EU4" CO2="0.00" CO="0.00" HC="0.00" NOx="0.00" PMx="0.00" fuel="0.00" electricity="0.00" noise="71.89" route="routetop" type="cfm-slow" waiting="0.00" lane="top_0" pos="3.86" speed="29.04" angle="267.60" x="55.29" y="131.77"/>
    </timestep>
    <timestep time="5.49">
        <vehicle id="cfm-fast_0" eclass="HBEFA3/PC_G_EU4" CO2="0.00" CO="0.00" HC="0.00" NOx="0.00" PMx="0.00" fuel="0.00" electricity="0.00" noise="70.73" route="routetop" type="cfm-fast" waiting="0.00" lane="top_0" pos="28.31" speed="26.82" angle="223.57" x="10.39" y="106.90"/>
        <vehicle id="cfm-fast_1" eclass="HBEFA3/PC_G_EU4" CO2="206394.77" CO="4976.79" HC="27.88" NOx="95.99" PMx="5.71" fuel="88.72" electricity="0.00" noise="132.70" route="routebottom" type="cfm-fast" waiting="0.00" lane="bottom_1" pos="9.88" speed="65.01" angle="76.66" x="83.63" y="1.49"/>
        <vehicle id="cfm-fast_2" eclass="HBEFA3/PC_G_EU4" CO2="0.00" CO="0.00" HC="0.00" NOx="0.00" PMx="0.00" fuel="0.00" electricity="0.00" noise="69.80" route="routetop" type="cfm-fast" waiting="0.00" lane="top_0" pos="46.37" speed="24.39" angle="191.13" x="-4.49" y="71.55"/>
        <vehicle id="cfm-fast_3" eclass="HBEFA3/PC_G_EU4" CO2="0.00" CO="0.00" HC="0.00" NOx="0.00" PMx="0.00" fuel="0.00" electricity="0.00" noise="70.10" route="routetop" type="cfm-fast" waiting="0.00" lane="left_0" pos="11.82" speed="23.07" angle="163.19" x="-0.25" y="38.73"/>
        <vehicle id="cfm-fast_4" eclass="HBEFA3/PC_G_EU4" CO2="300932.10" CO="7304.62" HC="40.87" NOx="140.48" PMx="8.34" fuel="129.36" electricity="0.00" noise="150.76" route="routebottom" type="cfm-fast" waiting="0.00" lane="right_1" pos="18.13" speed="74.41" angle="331.89" x="118.66" y="98.89"/>
        <vehicle id="cfm-fast_5" eclass="HBEFA3/PC_G_EU4" CO2="12023.15" CO="172.23" HC="1.08" NOx="5.06" PMx="0.27" fuel="5.17" electricity="0.00" noise="73.49" route="routetop" type="cfm-fast" waiting="0.00" lane="left_0" pos="26.20" speed="22.62" angle="137.36" x="17.01" y="13.37"/>
        <vehicle id="cfm-slow_0" eclass="HBEFA3/PC_G_EU4" CO2="16833.99" CO="273.59" HC="1.66" NOx="7.30" PMx="0.40" fuel="7.24" electricity="0.00" noise="76.34" route="routetop" type="cfm-slow" waiting="0.00" lane="left_0" pos="40.07" speed="23.93" angle="112.43" x="42.55" y="-1.61"/>
        <vehicle id="cfm-slow_1" eclass="HBEFA3/PC_G_EU4" CO2="19790.97" CO="340.65" HC="2.04" NOx="8.66" PMx="0.48" fuel="8.51" electricity="0.00" noise="78.06" route="routebottom" type="cfm-slow" waiting="0.00" lane="bottom_0" pos="9.29" speed="25.89" angle="77.71" x="83.45" y="-2.02"/>
        <vehicle id="cfm-slow_2" eclass="HBEFA3/PC_G_EU4" CO2="18471.78" CO="323.89" HC="1.94" NOx="7.99" PMx="0.45" fuel="7.94" electricity="0.00" noise="77.53" route="routebottom" type="cfm-slow" waiting="0.00" lane="bottom_0" pos="30.52" speed="28.03" angle="39.53" x="119.80" y="24.24"/>
        <vehicle id="cfm-slow_3" eclass="HBEFA3/PC_G_EU4" CO2="10851.12" CO="177.54" HC="1.08" NOx="4.35" PMx="0.26" fuel="4.66" electricity="0.00" noise="75.00" route="routebottom" type="cfm-slow" waiting="0.00" lane="right_0" pos="3.91" speed="29.67" angle="357.50" x="131.75" y="72.15"/>
        <vehicle id="cfm-slow_4" eclass="HBEFA3/PC_G_EU4" CO2="0.00" CO="0.00" HC="0.00" NOx="0.00" PMx="0.00" fuel="0.00" electricity="0.00" noise="72.99" route="routebottom" type="cfm-slow" waiting="0.00" lane="right_0" pos="28.88" speed="30.09" angle="312.52" x="105.92" y="117.69"/>
        <vehicle id="cfm-slow_5" eclass="HBEFA3/PC_G_EU4" CO2="0.00" CO="0.00" HC="0.00" NOx="0.00" PMx="0.00" fuel="0.00" electricity="0.00" noise="71.88" route="routetop" type="cfm-slow" waiting="0.00" lane="top_0" pos="4.15" speed="29.02" angle="267.07" x="54.67" y="131.68"/>
    </timestep>
    <timestep time="5.50">
        <vehicle id="cfm-fast_0" eclass="HBEFA3/PC_G_EU4" CO2="0.00" CO="0.00" HC="0.00" NOx="0.00" PMx="0.00" fuel="0.00" electricity="0.00" noise="70.72" route="routetop" type="cfm-fast" waiting="0.00" lane="top_0" pos="28.57" speed="26.80" angle="223.08" x="10.04" y="106.44"/>
        <vehicle id="cfm-fast_1" eclass="HBEFA3/PC_G_EU4" CO2="207074.96" CO="4994.68" HC="27.98" NOx="96.31" PMx="5.73" fuel="89.01" electricity="0.00" noise="132.83" route="routebottom" type="cfm-fast" waiting="0.00" lane="bottom_1" pos="10.53" speed="65.12" angle="75.52" x="84.89" y="1.91"/>
        <vehicle id="cfm-fast_2" eclass="HBEFA3/PC_G_EU4" CO2="0.00" CO="0.00" HC="0.00" NOx="0.00" PMx="0.00" fuel="0.00" electricity="0.00" noise="69.80" route="routetop" type="cfm-fast" waiting="0.00" lane="top_0" pos="46.62" speed="24.37" angle="190.69" x="-4.54" y="71.03"/>
        <vehicle id="cfm-fast_3" eclass="HBEFA3/PC_G_EU4" CO2="0.00" CO="0.00" HC="0.00" NOx="0.00" PMx="0.00" fuel="0.00" electricity="0.00" noise="70.12" route="routetop" type="cfm-fast" waiting="0.00" lane="left_0" pos="12.05" speed="23.07" angle="162.78" x="-0.07" y="38.27"/>
        <vehicle id="cfm-fast_4" eclass="HBEFA3/PC_G_EU4" CO2="301558.57" CO="7323.59" HC="40.97" NOx="140.77" PMx="8.36" fuel="129.63" electricity="0.00" noise="150.83" route="routebottom" type="cfm-fast" waiting="0.00" lane="right_1" pos="18.88" speed="74.55" angle="330.48" x="117.81" y="100.16"/>
        <vehicle id="cfm-fast_5" eclass="HBEFA3/PC_G_EU4" CO2="12060.60" CO="173.02" HC="1.09" NOx="5.08" PMx="0.27" fuel="5.18" electricity="0.00" noise="73.51" route="routetop" type="cfm-fast" waiting="0.00" lane="left_0" pos="26.42" speed="22.63" angle="136.94" x="17.37" y="13.04"/>
        <vehicle id="cfm-slow_0" eclass="HBEFA3/PC_G_EU4" CO2="16856.79" CO="274.11" HC="1.67" NOx="7.31" PMx="0.40" fuel="7.25" electricity="0.00" noise="76.35" route="routetop" type="cfm-slow" waiting="0.00" lane="left_0" pos="40.31" speed="23.95" angle="111.98" x="43.04" y="-1.76"/>
        <vehicle id="cfm-slow_1" eclass="HBEFA3/PC_G_EU4" CO2="19776.13" CO="340.44" HC="2.04" NOx="8.65" PMx="0.48" fuel="8.50" electricity="0.00" noise="78.05" route="routebottom" type="cfm-slow" waiting="0.00" lane="bottom_0" pos="9.54" speed="25.92" angle="77.23" x="83.98" y="-1.86"/>
        <vehicle id="cfm-slow_2" eclass="HBEFA3/PC_G_EU4" CO2="18397.07" CO="322.46" HC="1.93" NOx="7.95" PMx="0.45" fuel="7.91" electricity="0.00" noise="77.49" route="routebottom" type="cfm-slow" waiting="0.00" lane="bottom_0" pos="30.80" speed="28.05" angle="39.08" x="120.15" y="24.73"/>
        <vehicle id="cfm-slow_3" eclass="HBEFA3/PC_G_EU4" CO2="10733.83" CO="175.17" HC="1.07" NOx="4.30" PMx="0.25" fuel="4.61" electricity="0.00" noise="74.97" route="routebottom" type="cfm-slow" waiting="0.00" lane="right_0" pos="4.20" speed="29.68" angle="356.97" x="131.66" y="72.78"/>
        <vehicle id="cfm-slow_4" eclass="HBEFA3/PC_G_EU4" CO2="0.00" CO="0.00" HC="0.00" NOx="0.00" PMx="0.00" fuel="0.00" electricity="0.00" noise="72.98" route="routebottom" type="cfm-slow" waiting="0.00" lane="right_0" pos="29.18" speed="30.08" angle="311.97" x="105.41" y="118.09"/>
        <vehicle id="cfm-slow_5" eclass="HBEFA3/PC_G_EU4" CO2="0.00" CO="0.00" HC="0.00" NOx="0.00" PMx="0.00" fuel="0.00" electricity="0.00" noise="71.87" route="routetop" type="cfm-slow" waiting="0.00" lane="top_0" pos="4.44" speed="29.00" angle="266.55" x="54.05" y="131.59"/>
    </timestep>
    <timestep time="5.51">
        <vehicle id="cfm-fast_0" eclass="HBEFA3/PC_G_EU4" CO2="0.00" CO="0.00" HC="0.00" NOx="0.00" PMx="0.00" fuel="0.00" electricity="0.00" noise="70.71" route="routetop" type="cfm-fast" waiting="0.00" lane="top_0" pos="28.84" speed="26.78" angle="222.59" x="9.68" y="105.99"/>
        <vehicle id="cfm-fast_1" eclass="HBEFA3/PC_G_EU4" CO2="207756.27" CO="5012.60" HC="28.08" NOx="96.63" PMx="5.75" fuel="89.30" electricity="0.00" noise="132.96" route="routebottom" type="cfm-fast" waiting="0.00" lane="bottom_1" pos="11.19" speed="65.22" angle="74.31" x="86.15" y="2.36"/>
        <vehicle id="cfm-fast_2" eclass="HBEFA3/PC_G_EU4" CO2="0.00" CO="0.00" HC="0.00" NOx="0.00" PMx="0.00" fuel="0.00" electricity="0.00" noise="69.80" route="routetop" type="cfm-fast" waiting="0.00" lane="top_0" pos="46.86" speed="24.36" angle="190.24" x="-4.60" y="70.50"/>
        <vehicle id="cfm-fast_3" eclass="HBEFA3/PC_G_EU4" CO2="0.00" CO="0.00" HC="0.00" NOx="0.00" PMx="0.00" fuel="0.00" electricity="0.00" noise="70.13" route="routetop" type="cfm-fast" waiting="0.00" lane="left_0" pos="12.28" speed="23.07" angle="162.37" x="0.12" y="37.81"/>
        <vehicle id="cfm-fast_4" eclass="HBEFA3/PC_G_EU4" CO2="302185.33" CO="7342.59" HC="41.08" NOx="141.06" PMx="8.38" fuel="129.89" electricity="0.00" noise="150.89" route="routebottom" type="cfm-fast" waiting="0.00" lane="right_1" pos="19.62" speed="74.68" angle="329.14" x="116.93" y="101.42"/>
        <vehicle id="cfm-fast_5" eclass="HBEFA3/PC_G_EU4" CO2="12098.00" CO="173.81" HC="1.09" NOx="5.10" PMx="0.27" fuel="5.20" electricity="0.00" noise="73.53" route="routetop" type="cfm-fast" waiting="0.00" lane="left_0" pos="26.65" speed="22.65" angle="136.52" x="17.73" y="12.71"/>
        <vehicle id="cfm-slow_0" eclass="HBEFA3/PC_G_EU4" CO2="16879.32" CO="274.62" HC="1.67" NOx="7.32" PMx="0.40" fuel="7.26" electricity="0.00" noise="76.37" route="routetop" type="cfm-slow" waiting="0.00" lane="left_0" pos="40.55" speed="23.97" angle="111.53" x="43.53" y="-1.92"/>
        <vehicle id="cfm-slow_1" eclass="HBEFA3/PC_G_EU4" CO2="19760.80" CO="340.21" HC="2.04" NOx="8.64" PMx="0.48" fuel="8.49" electricity="0.00" noise="78.04" route="routebottom" type="cfm-slow" waiting="0.00" lane="bottom_0" pos="9.80" speed="25.94" angle="76.76" x="84.52" y="-1.69"/>
        <vehicle id="cfm-slow_2" eclass="HBEFA3/PC_G_EU4" CO2="18321.96" CO="321.01" HC="1.92" NOx="7.91" PMx="0.45" fuel="7.88" electricity="0.00" noise="77.46" route="routebottom" type="cfm-slow" waiting="0.00" lane="bottom_0" pos="31.08" speed="28.07" angle="38.57" x="120.49" y="25.23"/>
        <vehicle id="cfm-slow_3" eclass="HBEFA3/PC_G_EU4" CO2="10616.71" CO="172.81" HC="1.06" NOx="4.24" PMx="0.25" fuel="4.56" electricity="0.00" noise="74.94" route="routebottom" type="cfm-slow" waiting="0.00" lane="right_0" pos="4.50" speed="29.69" angle="356.43" x="131.57" y="73.41"/>
        <vehicle id="cfm-slow_4" eclass="HBEFA3/PC_G_EU4" CO2="0.00" CO="0.00" HC="0.00" NOx="0.00" PMx="0.00" fuel="0.00" electricity="0.00" noise="72.96" route="routebottom" type="cfm-slow" waiting="0.00" lane="right_0" pos="29.48" speed="30.08" angle="311.47" x="104.90" y="118.49"/>
        <vehicle id="cfm-slow_5" eclass="HBEFA3/PC_G_EU4" CO2="0.00" CO="0.00" HC="0.00" NOx="0.00" PMx="0.00" fuel="0.00" electricity="0.00" noise="71.86" route="routetop" type="cfm-slow" waiting="0.00" lane="top_0" pos="4.73" speed="28.98" angle="266.02" x="53.43" y="131.50"/>
    </timestep>
    <timestep time="5.52">
        <vehicle id="cfm-fast_0" eclass="HBEFA3/PC_G_EU4" CO2="0.00" CO="0.00" HC="0.00" NOx="0.00" PMx="0.00" fuel="0.00" electricity="0.00" noise="70.70" route="routetop" type="cfm-fast" waiting="0.00" lane="top_0" pos="29.11" speed="26.76" angle="222.10" x="9.32" y="105.54"/>
        <vehicle id="cfm-fast_1" eclass="HBEFA3/PC_G_EU4" CO2="208438.68" CO="5030.57" HC="28.18" NOx="96.95" PMx="5.77" fuel="89.60" electricity="0.00" noise="133.09" route="routebottom" type="cfm-fast" waiting="0.00" lane="bottom_1" pos="11.84" speed="65.33" angle="73.18" x="87.40" y="2.83"/>
        <vehicle id="cfm-fast_2" eclass="HBEFA3/PC_G_EU4" CO2="0.00" CO="0.00" HC="0.00" NOx="0.00" PMx="0.00" fuel="0.00" electricity="0.00" noise="69.80" route="routetop" type="cfm-fast" waiting="0.00" lane="top_0" pos="47.10" speed="24.35" angle="189.79" x="-4.65" y="69.98"/>
        <vehicle id="cfm-fast_3" eclass="HBEFA3/PC_G_EU4" CO2="0.00" CO="0.00" HC="0.00" NOx="0.00" PMx="0.00" fuel="0.00" electricity="0.00" noise="70.15" route="routetop" type="cfm-fast" waiting="0.00" lane="left_0" pos="12.51" speed="23.07" angle="161.96" x="0.30" y="37.35"/>
        <vehicle id="cfm-fast_4" eclass="HBEFA3/PC_G_EU4" CO2="302812.39" CO="7361.61" HC="41.18" NOx="141.36" PMx="8.39" fuel="130.16" electricity="0.00" noise="150.96" route="routebottom" type="cfm-fast" waiting="0.00" lane="right_1" pos="20.37" speed="74.82" angle="327.75" x="116.04" y="102.66"/>
        <vehicle id="cfm-fast_5" eclass="HBEFA3/PC_G_EU4" CO2="12135.33" CO="174.59" HC="1.09" NOx="5.12" PMx="0.27" fuel="5.22" electricity="0.00" noise="73.56" route="routetop" type="cfm-fast" waiting="0.00" lane="left_0" pos="26.88" speed="22.66" angle="136.14" x="18.09" y="12.38"/>
        <vehicle id="cfm-slow_0" eclass="HBEFA3/PC_G_EU4" CO2="16901.58" CO="275.13" HC="1.67" NOx="7.33" PMx="0.40" fuel="7.27" electricity="0.00" noise="76.38" route="routetop" type="cfm-slow" waiting="0.00" lane="left_0" pos="40.79" speed="23.99" angle="111.08" x="44.02" y="-2.07"/>
        <vehicle id="cfm-slow_1" eclass="HBEFA3/PC_G_EU4" CO2="19744.97" CO="339.98" HC="2.04" NOx="8.63" PMx="0.48" fuel="8.49" electricity="0.00" noise="78.03" route="routebottom" type="cfm-slow" waiting="0.00" lane="bottom_0" pos="10.06" speed="25.96" angle="76.28" x="85.05" y="-1.53"/>
        <vehicle id="cfm-slow_2" eclass="HBEFA3/PC_G_EU4" CO2="18246.47" CO="319.56" HC="1.91" NOx="7.88" PMx="0.44" fuel="7.84" electricity="0.00" noise="77.43" route="routebottom" type="cfm-slow" waiting="0.00" lane="bottom_0" pos="31.36" speed="28.09" angle="38.07" x="120.83" y="25.73"/>
        <vehicle id="cfm-slow_3" eclass="HBEFA3/PC_G_EU4" CO2="10499.77" CO="170.44" HC="1.04" NOx="4.19" PMx="0.25" fuel="4.51" electricity="0.00" noise="74.91" route="routebottom" type="cfm-slow" waiting="0.00" lane="right_0" pos="4.80" speed="29.69" angle="355.89" x="131.48" y="74.04"/>
        <vehicle id="cfm-slow_4" eclass="HBEFA3/PC_G_EU4" CO2="0.00" CO="0.00" HC="0.00" NOx="0.00" PMx="0.00" fuel="0.00" electricity="0.00" noise="72.95" route="routebottom" type="cfm-slow" waiting="0.00" lane="right_0" pos="29.78" speed="30.07" angle="310.92" x="104.38" y="118.87"/>
        <vehicle id="cfm-slow_5" eclass="HBEFA3/PC_G_EU4" CO2="0.00" CO="0.00" HC="0.00" NOx="0.00" PMx="0.00" fuel="0.00" electricity="0.00" noise="71.85" route="routetop" type="cfm-slow" waiting="0.00" lane="top_0" pos="5.02" speed="28.96" angle="265.43" x="52.82" y="131.41"/>
    </timestep>
    <timestep time="5.53">
        <vehicle id="cfm-fast_0" eclass="HBEFA3/PC_G_EU4" CO2="0.00" CO="0.00" HC="0.00" NOx="0.00" PMx="0.00" fuel="0.00" electricity="0.00" noise="70.69" route="routetop" type="cfm-fast" waiting="0.00" lane="top_0" pos="29.38" speed="26.74" angle="221.62" x="8.97" y="105.08"/>
        <vehicle id="cfm-fast_1" eclass="HBEFA3/PC_G_EU4" CO2="209122.19" CO="5048.57" HC="28.28" NOx="97.27" PMx="5.79" fuel="89.89" electricity="0.00" noise="133.21" route="routebottom" type="cfm-fast" waiting="0.00" lane="bottom_1" pos="12.49" speed="65.43" angle="72.00" x="88.65" y="3.33"/>
        <vehicle id="cfm-fast_2" eclass="HBEFA3/PC_G_EU4" CO2="0.00" CO="0.00" HC="0.00" NOx="0.00" PMx="0.00" fuel="0.00" electricity="0.00" noise="69.79" route="routetop" type="cfm-fast" waiting="0.00" lane="top_0" pos="47.35" speed="24.34" angle="189.35" x="-4.70" y="69.46"/>
        <vehicle id="cfm-fast_3" eclass="HBEFA3/PC_G_EU4" CO2="0.00" CO="0.00" HC="0.00" NOx="0.00" PMx="0.00" fuel="0.00" electricity="0.00" noise="70.17" route="routetop" type="cfm-fast" waiting="0.00" lane="left_0" pos="12.74" speed="23.07" angle="161.58" x="0.49" y="36.89"/>
        <vehicle id="cfm-fast_4" eclass="HBEFA3/PC_G_EU4" CO2="303439.73" CO="7380.65" HC="41.28" NOx="141.65" PMx="8.41" fuel="130.43" electricity="0.00" noise="151.03" route="routebottom" type="cfm-fast" waiting="0.00" lane="right_1" pos="21.12" speed="74.96" angle="326.44" x="115.10" y="103.88"/>
        <vehicle id="cfm-fast_5" eclass="HBEFA3/PC_G_EU4" CO2="12172.61" CO="175.38" HC="1.10" NOx="5.13" PMx="0.27" fuel="5.23" electricity="0.00" noise="73.58" route="routetop" type="cfm-fast" waiting="0.00" lane="left_0" pos="27.10" speed="22.67" angle="135.74" x="18.46" y="12.06"/>
        <vehicle id="cfm-slow_0" eclass="HBEFA3/PC_G_EU4" CO2="16923.55" CO="275.63" HC="1.67" NOx="7.34" PMx="0.40" fuel="7.27" electricity="0.00" noise="76.39" route="routetop" type="cfm-slow" waiting="0.00" lane="left_0" pos="41.03" speed="24.01" angle="110.68" x="44.52" y="-2.22"/>
        <vehicle id="cfm-slow_1" eclass="HBEFA3/PC_G_EU4" CO2="19728.66" CO="339.73" HC="2.04" NOx="8.62" PMx="0.48" fuel="8.48" electricity="0.00" noise="78.02" route="routebottom" type="cfm-slow" waiting="0.00" lane="bottom_0" pos="10.32" speed="25.98" angle="75.87" x="85.58" y="-1.35"/>
        <vehicle id="cfm-slow_2" eclass="HBEFA3/PC_G_EU4" CO2="18170.59" CO="318.10" HC="1.90" NOx="7.84" PMx="0.44" fuel="7.81" electricity="0.00" noise="77.39" route="routebottom" type="cfm-slow" waiting="0.00" lane="bottom_0" pos="31.64" speed="28.11" angle="37.56" x="121.16" y="26.24"/>
        <vehicle id="cfm-slow_3" eclass="HBEFA3/PC_G_EU4" CO2="10383.00" CO="168.08" HC="1.03" NOx="4.13" PMx="0.24" fuel="4.46" electricity="0.00" noise="74.87" route="routebottom" type="cfm-slow" waiting="0.00" lane="right_0" pos="5.10" speed="29.70" angle="355.31" x="131.39" y="74.67"/>
        <vehicle id="cfm-slow_4" eclass="HBEFA3/PC_G_EU4" CO2="0.00" CO="0.00" HC="0.00" NOx="0.00" PMx="0.00" fuel="0.00" electricity="0.00" noise="72.94" route="routebottom" type="cfm-slow" waiting="0.00" lane="right_0" pos="30.08" speed="30.06" angle="310.36" x="103.85" y="119.25"/>
        <vehicle id="cfm-slow_5" eclass="HBEFA3/PC_G_EU4" CO2="0.00" CO="0.00" HC="0.00" NOx="0.00" PMx="0.00" fuel="0.00" electricity="0.00" noise="71.84" route="routetop" type="cfm-slow" waiting="0.00" lane="top_0" pos="5.31" speed="28.95" angle="264.92" x="52.20" y="131.31"/>
    </timestep>
    <timestep time="5.54">
        <vehicle id="cfm-fast_0" eclass="HBEFA3/PC_G_EU4" CO2="0.00" CO="0.00" HC="0.00" NOx="0.00" PMx="0.00" fuel="0.00" electricity="0.00" noise="70.68" route="routetop" type="cfm-fast" waiting="0.00" lane="top_0" pos="29.64" speed="26.72" angle="221.18" x="8.63" y="104.62"/>
        <vehicle id="cfm-fast_1" eclass="HBEFA3/PC_G_EU4" CO2="209806.78" CO="5066.61" HC="28.38" NOx="97.59" PMx="5.81" fuel="90.19" electricity="0.00" noise="133.34" route="routebottom" type="cfm-fast" waiting="0.00" lane="bottom_1" pos="13.15" speed="65.54" angle="70.86" x="89.89" y="3.85"/>
        <vehicle id="cfm-fast_2" eclass="HBEFA3/PC_G_EU4" CO2="0.00" CO="0.00" HC="0.00" NOx="0.00" PMx="0.00" fuel="0.00" electricity="0.00" noise="69.79" route="routetop" type="cfm-fast" waiting="0.00" lane="top_0" pos="47.59" speed="24.33" angle="188.95" x="-4.74" y="68.94"/>
        <vehicle id="cfm-fast_3" eclass="HBEFA3/PC_G_EU4" CO2="0.00" CO="0.00" HC="0.00" NOx="0.00" PMx="0.00" fuel="0.00" electricity="0.00" noise="70.18" route="routetop" type="cfm-fast" waiting="0.00" lane="left_0" pos="12.97" speed="23.07" angle="161.18" x="0.69" y="36.43"/>
        <vehicle id="cfm-fast_4" eclass="HBEFA3/PC_G_EU4" CO2="304067.37" CO="7399.71" HC="41.38" NOx="141.95" PMx="8.43" fuel="130.70" electricity="0.00" noise="151.09" route="routebottom" type="cfm-fast" waiting="0.00" lane="right_1" pos="21.87" speed="75.09" angle="325.12" x="114.14" y="105.09"/>
        <vehicle id="cfm-fast_5" eclass="HBEFA3/PC_G_EU4" CO2="12209.81" CO="176.16" HC="1.10" NOx="5.15" PMx="0.27" fuel="5.25" electricity="0.00" noise="73.60" route="routetop" type="cfm-fast" waiting="0.00" lane="left_0" pos="27.33" speed="22.69" angle="135.31" x="18.83" y="11.74"/>
        <vehicle id="cfm-slow_0" eclass="HBEFA3/PC_G_EU4" CO2="16945.25" CO="276.13" HC="1.68" NOx="7.35" PMx="0.40" fuel="7.28" electricity="0.00" noise="76.41" route="routetop" type="cfm-slow" waiting="0.00" lane="left_0" pos="41.27" speed="24.03" angle="110.24" x="45.02" y="-2.36"/>
        <vehicle id="cfm-slow_1" eclass="HBEFA3/PC_G_EU4" CO2="19711.85" CO="339.47" HC="2.04" NOx="8.62" PMx="0.48" fuel="8.47" electricity="0.00" noise="78.01" route="routebottom" type="cfm-slow" waiting="0.00" lane="bottom_0" pos="10.58" speed="26.01" angle="75.39" x="86.11" y="-1.17"/>
        <vehicle id="cfm-slow_2" eclass="HBEFA3/PC_G_EU4" CO2="18094.33" CO="316.64" HC="1.89" NOx="7.81" PMx="0.44" fuel="7.78" electricity="0.00" noise="77.36" route="routebottom" type="cfm-slow" waiting="0.00" lane="bottom_0" pos="31.93" speed="28.12" angle="37.06" x="121.50" y="26.74"/>
        <vehicle id="cfm-slow_3" eclass="HBEFA3/PC_G_EU4" CO2="10266.43" CO="165.72" HC="1.02" NOx="4.08" PMx="0.24" fuel="4.41" electricity="0.00" noise="74.84" route="routebottom" type="cfm-slow" waiting="0.00" lane="right_0" pos="5.39" speed="29.70" angle="354.75" x="131.27" y="75.30"/>
        <vehicle id="cfm-slow_4" eclass="HBEFA3/PC_G_EU4" CO2="0.00" CO="0.00" HC="0.00" NOx="0.00" PMx="0.00" fuel="0.00" electricity="0.00" noise="72.92" route="routebottom" type="cfm-slow" waiting="0.00" lane="right_0" pos="30.38" speed="30.05" angle="309.80" x="103.33" y="119.62"/>
        <vehicle id="cfm-slow_5" eclass="HBEFA3/PC_G_EU4" CO2="0.00" CO="0.00" HC="0.00" NOx="0.00" PMx="0.00" fuel="0.00" electricity="0.00" noise="71.83" route="routetop" type="cfm-slow" waiting="0.00" lane="top_0" pos="5.60" speed="28.93" angle="264.38" x="51.59" y="131.19"/>
    </timestep>
    <timestep time="5.55">
        <vehicle id="cfm-fast_0" eclass="HBEFA3/PC_G_EU4" CO2="0.00" CO="0.00" HC="0.00" NOx="0.00" PMx="0.00" fuel="0.00" electricity="0.00" noise="70.67" route="routetop" type="cfm-fast" waiting="0.00" lane="top_0" pos="29.91" speed="26.70" angle="220.69" x="8.29" y="104.16"/>
        <vehicle id="cfm-fast_1" eclass="HBEFA3/PC_G_EU4" CO2="210492.42" CO="5084.69" HC="28.48" NOx="97.92" PMx="5.83" fuel="90.48" electricity="0.00" noise="133.47" route="routebottom" type="cfm-fast" waiting="0.00" lane="bottom_1" pos="13.80" speed="65.65" angle="69.66" x="91.12" y="4.41"/>
        <vehicle id="cfm-fast_2" eclass="HBEFA3/PC_G_EU4" CO2="0.00" CO="0.00" HC="0.00" NOx="0.00" PMx="0.00" fuel="0.00" electricity="0.00" noise="69.79" route="routetop" type="cfm-fast" waiting="0.00" lane="top_0" pos="47.83" speed="24.32" angle="188.48" x="-4.77" y="68.42"/>
        <vehicle id="cfm-fast_3" eclass="HBEFA3/PC_G_EU4" CO2="0.00" CO="0.00" HC="0.00" NOx="0.00" PMx="0.00" fuel="0.00" electricity="0.00" noise="70.20" route="routetop" type="cfm-fast" waiting="0.00" lane="left_0" pos="13.20" speed="23.07" angle="160.75" x="0.89" y="35.98"/>
        <vehicle id="cfm-fast_4" eclass="HBEFA3/PC_G_EU4" CO2="304695.30" CO="7418.79" HC="41.49" NOx="142.24" PMx="8.45" fuel="130.97" electricity="0.00" noise="151.16" route="routebottom" type="cfm-fast" waiting="0.00" lane="right_1" pos="22.62" speed="75.23" angle="323.74" x="113.15" y="106.27"/>
        <vehicle id="cfm-fast_5" eclass="HBEFA3/PC_G_EU4" CO2="12246.95" CO="176.95" HC="1.11" NOx="5.17" PMx="0.27" fuel="5.26" electricity="0.00" noise="73.63" route="routetop" type="cfm-fast" waiting="0.00" lane="left_0" pos="27.56" speed="22.70" angle="134.89" x="19.20" y="11.43"/>
        <vehicle id="cfm-slow_0" eclass="HBEFA3/PC_G_EU4" CO2="16966.67" CO="276.62" HC="1.68" NOx="7.36" PMx="0.40" fuel="7.29" electricity="0.00" noise="76.42" route="routetop" type="cfm-slow" waiting="0.00" lane="left_0" pos="41.51" speed="24.05" angle="109.80" x="45.52" y="-2.49"/>
        <vehicle id="cfm-slow_1" eclass="HBEFA3/PC_G_EU4" CO2="19694.55" CO="339.21" HC="2.04" NOx="8.61" PMx="0.48" fuel="8.47" electricity="0.00" noise="78.00" route="routebottom" type="cfm-slow" waiting="0.00" lane="bottom_0" pos="10.84" speed="26.03" angle="74.90" x="86.64" y="-0.98"/>
        <vehicle id="cfm-slow_2" eclass="HBEFA3/PC_G_EU4" CO2="18017.69" CO="315.16" HC="1.89" NOx="7.77" PMx="0.44" fuel="7.74" electricity="0.00" noise="77.33" route="routebottom" type="cfm-slow" waiting="0.00" lane="bottom_0" pos="32.21" speed="28.14" angle="36.61" x="121.82" y="27.25"/>
        <vehicle id="cfm-slow_3" eclass="HBEFA3/PC_G_EU4" CO2="10150.04" CO="163.37" HC="1.00" NOx="4.02" PMx="0.24" fuel="4.36" electricity="0.00" noise="74.81" route="routebottom" type="cfm-slow" waiting="0.00" lane="right_0" pos="5.69" speed="29.71" angle="354.20" x="131.16" y="75.93"/>
        <vehicle id="cfm-slow_4" eclass="HBEFA3/PC_G_EU4" CO2="0.00" CO="0.00" HC="0.00" NOx="0.00" PMx="0.00" fuel="0.00" electricity="0.00" noise="72.91" route="routebottom" type="cfm-slow" waiting="0.00" lane="right_0" pos="30.68" speed="30.04" angle="309.26" x="102.80" y="120.00"/>
        <vehicle id="cfm-slow_5" eclass="HBEFA3/PC_G_EU4" CO2="0.00" CO="0.00" HC="0.00" NOx="0.00" PMx="0.00" fuel="0.00" electricity="0.00" noise="71.81" route="routetop" type="cfm-slow" waiting="0.00" lane="top_0" pos="5.89" speed="28.91" angle="263.84" x="50.98" y="131.08"/>
    </timestep>
    <timestep time="5.56">
        <vehicle id="cfm-fast_0" eclass="HBEFA3/PC_G_EU4" CO2="0.00" CO="0.00" HC="0.00" NOx="0.00" PMx="0.00" fuel="0.00" electricity="0.00" noise="70.66" route="routetop" type="cfm-fast" waiting="0.00" lane="top_0" pos="30.18" speed="26.68" angle="220.19" x="7.96" y="103.69"/>
        <vehicle id="cfm-fast_1" eclass="HBEFA3/PC_G_EU4" CO2="211179.11" CO="5102.80" HC="28.58" NOx="98.24" PMx="5.85" fuel="90.78" electricity="0.00" noise="133.59" route="routebottom" type="cfm-fast" waiting="0.00" lane="bottom_1" pos="14.46" speed="65.75" angle="68.49" x="92.33" y="4.99"/>
        <vehicle id="cfm-fast_2" eclass="HBEFA3/PC_G_EU4" CO2="0.00" CO="0.00" HC="0.00" NOx="0.00" PMx="0.00" fuel="0.00" electricity="0.00" noise="69.79" route="routetop" type="cfm-fast" waiting="0.00" lane="top_0" pos="48.08" speed="24.31" angle="188.02" x="-4.80" y="67.90"/>
        <vehicle id="cfm-fast_3" eclass="HBEFA3/PC_G_EU4" CO2="0.00" CO="0.00" HC="0.00" NOx="0.00" PMx="0.00" fuel="0.00" electricity="0.00" noise="70.22" route="routetop" type="cfm-fast" waiting="0.00" lane="left_0" pos="13.43" speed="23.07" angle="160.32" x="1.09" y="35.53"/>
        <vehicle id="cfm-fast_4" eclass="HBEFA3/PC_G_EU4" CO2="305323.53" CO="7437.90" HC="41.59" NOx="142.54" PMx="8.47" fuel="131.24" electricity="0.00" noise="151.22" route="routebottom" type="cfm-fast" waiting="0.00" lane="right_1" pos="23.38" speed="75.37" angle="322.44" x="112.13" y="107.43"/>
        <vehicle id="cfm-fast_5" eclass="HBEFA3/PC_G_EU4" CO2="12284.02" CO="177.73" HC="1.11" NOx="5.19" PMx="0.27" fuel="5.28" electricity="0.00" noise="73.65" route="routetop" type="cfm-fast" waiting="0.00" lane="left_0" pos="27.79" speed="22.72" angle="134.47" x="19.57" y="11.11"/>
        <vehicle id="cfm-slow_0" eclass="HBEFA3/PC_G_EU4" CO2="16987.80" CO="277.10" HC="1.68" NOx="7.37" PMx="0.40" fuel="7.30" electricity="0.00" noise="76.43" route="routetop" type="cfm-slow" waiting="0.00" lane="left_0" pos="41.75" speed="24.07" angle="109.35" x="46.02" y="-2.62"/>
        <vehicle id="cfm-slow_1" eclass="HBEFA3/PC_G_EU4" CO2="19676.75" CO="338.93" HC="2.03" NOx="8.60" PMx="0.47" fuel="8.46" electricity="0.00" noise="78.00" route="routebottom" type="cfm-slow" waiting="0.00" lane="bottom_0" pos="11.10" speed="26.05" angle="74.41" x="87.16" y="-0.79"/>
        <vehicle id="cfm-slow_2" eclass="HBEFA3/PC_G_EU4" CO2="17940.68" CO="313.68" HC="1.88" NOx="7.73" PMx="0.44" fuel="7.71" electricity="0.00" noise="77.30" route="routebottom" type="cfm-slow" waiting="0.00" lane="bottom_0" pos="32.49" speed="28.16" angle="36.08" x="122.13" y="27.77"/>
        <vehicle id="cfm-slow_3" eclass="HBEFA3/PC_G_EU4" CO2="10033.85" CO="161.02" HC="0.99" NOx="3.97" PMx="0.24" fuel="4.31" electricity="0.00" noise="74.78" route="routebottom" type="cfm-slow" waiting="0.00" lane="right_0" pos="5.99" speed="29.72" angle="353.64" x="131.04" y="76.56"/>
        <vehicle id="cfm-slow_4" eclass="HBEFA3/PC_G_EU4" CO2="0.00" CO="0.00" HC="0.00" NOx="0.00" PMx="0.00" fuel="0.00" electricity="0.00" noise="72.89" route="routebottom" type="cfm-slow" waiting="0.00" lane="right_0" pos="30.98" speed="30.03" angle="308.76" x="102.27" y="120.37"/>
        <vehicle id="cfm-slow_5" eclass="HBEFA3/PC_G_EU4" CO2="0.00" CO="0.00" HC="0.00" NOx="0.00" PMx="0.00" fuel="0.00" electricity="0.00" noise="71.80" route="routetop" type="cfm-slow" waiting="0.00" lane="top_0" pos="6.18" speed="28.89" angle="263.30" x="50.37" y="130.97"/>
    </timestep>
    <timestep time="5.57">
        <vehicle id="cfm-fast_0" eclass="HBEFA3/PC_G_EU4" CO2="0.00" CO="0.00" HC="0.00" NOx="0.00" PMx="0.00" fuel="0.00" electricity="0.00" noise="70.66" route="routetop" type="cfm-fast" waiting="0.00" lane="top_0" pos="30.44" speed="26.66" angle="219.69" x="7.62" y="103.23"/>
        <vehicle id="cfm-fast_1" eclass="HBEFA3/PC_G_EU4" CO2="211866.83" CO="5120.96" HC="28.68" NOx="98.56" PMx="5.86" fuel="91.07" electricity="0.00" noise="133.72" route="routebottom" type="cfm-fast" waiting="0.00" lane="bottom_1" pos="15.12" speed="65.86" angle="67.26" x="93.54" y="5.59"/>
        <vehicle id="cfm-fast_2" eclass="HBEFA3/PC_G_EU4" CO2="0.00" CO="0.00" HC="0.00" NOx="0.00" PMx="0.00" fuel="0.00" electricity="0.00" noise="69.79" route="routetop" type="cfm-fast" waiting="0.00" lane="top_0" pos="48.32" speed="24.30" angle="187.55" x="-4.83" y="67.37"/>
        <vehicle id="cfm-fast_3" eclass="HBEFA3/PC_G_EU4" CO2="0.00" CO="0.00" HC="0.00" NOx="0.00" PMx="0.00" fuel="0.00" electricity="0.00" noise="70.24" route="routetop" type="cfm-fast" waiting="0.00" lane="left_0" pos="13.66" speed="23.07" angle="159.89" x="1.30" y="35.07"/>
        <vehicle id="cfm-fast_4" eclass="HBEFA3/PC_G_EU4" CO2="305952.04" CO="7457.02" HC="41.69" NOx="142.83" PMx="8.49" fuel="131.51" electricity="0.00" noise="151.29" route="routebottom" type="cfm-fast" waiting="0.00" lane="right_1" pos="24.13" speed="75.50" angle="321.06" x="111.08" y="108.57"/>
        <vehicle id="cfm-fast_5" eclass="HBEFA3/PC_G_EU4" CO2="12321.02" CO="178.51" HC="1.12" NOx="5.20" PMx="0.28" fuel="5.30" electricity="0.00" noise="73.67" route="routetop" type="cfm-fast" waiting="0.00" lane="left_0" pos="28.01" speed="22.73" angle="134.04" x="19.95" y="10.79"/>
        <vehicle id="cfm-slow_0" eclass="HBEFA3/PC_G_EU4" CO2="17008.65" CO="277.58" HC="1.69" NOx="7.38" PMx="0.40" fuel="7.31" electricity="0.00" noise="76.45" route="routetop" type="cfm-slow" waiting="0.00" lane="left_0" pos="41.99" speed="24.09" angle="108.90" x="46.52" y="-2.76"/>
        <vehicle id="cfm-slow_1" eclass="HBEFA3/PC_G_EU4" CO2="19658.47" CO="338.65" HC="2.03" NOx="8.59" PMx="0.47" fuel="8.45" electricity="0.00" noise="77.99" route="routebottom" type="cfm-slow" waiting="0.00" lane="bottom_0" pos="11.37" speed="26.07" angle="73.93" x="87.69" y="-0.60"/>
        <vehicle id="cfm-slow_2" eclass="HBEFA3/PC_G_EU4" CO2="17863.31" CO="312.18" HC="1.87" NOx="7.70" PMx="0.43" fuel="7.68" electricity="0.00" noise="77.26" route="routebottom" type="cfm-slow" waiting="0.00" lane="bottom_0" pos="32.77" speed="28.18" angle="35.56" x="122.44" y="28.29"/>
        <vehicle id="cfm-slow_3" eclass="HBEFA3/PC_G_EU4" CO2="9917.87" CO="158.67" HC="0.97" NOx="3.91" PMx="0.23" fuel="4.26" electricity="0.00" noise="74.75" route="routebottom" type="cfm-slow" waiting="0.00" lane="right_0" pos="6.28" speed="29.72" angle="353.11" x="130.92" y="77.19"/>
        <vehicle id="cfm-slow_4" eclass="HBEFA3/PC_G_EU4" CO2="0.00" CO="0.00" HC="0.00" NOx="0.00" PMx="0.00" fuel="0.00" electricity="0.00" noise="72.88" route="routebottom" type="cfm-slow" waiting="0.00" lane="right_0" pos="31.28" speed="30.02" angle="308.22" x="101.73" y="120.73"/>
        <vehicle id="cfm-slow_5" eclass="HBEFA3/PC_G_EU4" CO2="0.00" CO="0.00" HC="0.00" NOx="0.00" PMx="0.00" fuel="0.00" electricity="0.00" noise="71.79" route="routetop" type="cfm-slow" waiting="0.00" lane="top_0" pos="6.47" speed="28.87" angle="262.82" x="49.76" y="130.85"/>
    </timestep>
    <timestep time="5.58">
        <vehicle id="cfm-fast_0" eclass="HBEFA3/PC_G_EU4" CO2="0.00" CO="0.00" HC="0.00" NOx="0.00" PMx="0.00" fuel="0.00" electricity="0.00" noise="70.65" route="routetop" type="cfm-fast" waiting="0.00" lane="top_0" pos="30.71" speed="26.64" angle="219.23" x="7.29" y="102.76"/>
        <vehicle id="cfm-fast_1" eclass="HBEFA3/PC_G_EU4" CO2="212555.56" CO="5139.15" HC="28.78" NOx="98.88" PMx="5.88" fuel="91.37" electricity="0.00" noise="133.85" route="routebottom" type="cfm-fast" waiting="0.00" lane="bottom_1" pos="15.78" speed="65.97" angle="66.11" x="94.73" y="6.22"/>
        <vehicle id="cfm-fast_2" eclass="HBEFA3/PC_G_EU4" CO2="0.00" CO="0.00" HC="0.00" NOx="0.00" PMx="0.00" fuel="0.00" electricity="0.00" noise="69.79" route="routetop" type="cfm-fast" waiting="0.00" lane="top_0" pos="48.56" speed="24.29" angle="187.09" x="-4.86" y="66.85"/>
        <vehicle id="cfm-fast_3" eclass="HBEFA3/PC_G_EU4" CO2="0.00" CO="0.00" HC="0.00" NOx="0.00" PMx="0.00" fuel="0.00" electricity="0.00" noise="70.25" route="routetop" type="cfm-fast" waiting="0.00" lane="left_0" pos="13.89" speed="23.07" angle="159.46" x="1.50" y="34.62"/>
        <vehicle id="cfm-fast_4" eclass="HBEFA3/PC_G_EU4" CO2="306580.85" CO="7476.17" HC="41.80" NOx="143.13" PMx="8.51" fuel="131.78" electricity="0.00" noise="151.36" route="routebottom" type="cfm-fast" waiting="0.00" lane="right_1" pos="24.89" speed="75.64" angle="319.73" x="110.00" y="109.67"/>
        <vehicle id="cfm-fast_5" eclass="HBEFA3/PC_G_EU4" CO2="12357.94" CO="179.29" HC="1.12" NOx="5.22" PMx="0.28" fuel="5.31" electricity="0.00" noise="73.69" route="routetop" type="cfm-fast" waiting="0.00" lane="left_0" pos="28.24" speed="22.75" angle="133.68" x="20.32" y="10.48"/>
        <vehicle id="cfm-slow_0" eclass="HBEFA3/PC_G_EU4" CO2="17029.20" CO="278.06" HC="1.69" NOx="7.39" PMx="0.40" fuel="7.32" electricity="0.00" noise="76.46" route="routetop" type="cfm-slow" waiting="0.00" lane="left_0" pos="42.23" speed="24.11" angle="108.46" x="47.02" y="-2.89"/>
        <vehicle id="cfm-slow_1" eclass="HBEFA3/PC_G_EU4" CO2="19639.69" CO="338.35" HC="2.03" NOx="8.58" PMx="0.47" fuel="8.44" electricity="0.00" noise="77.98" route="routebottom" type="cfm-slow" waiting="0.00" lane="bottom_0" pos="11.63" speed="26.10" angle="73.52" x="88.22" y="-0.40"/>
        <vehicle id="cfm-slow_2" eclass="HBEFA3/PC_G_EU4" CO2="17785.57" CO="310.68" HC="1.86" NOx="7.66" PMx="0.43" fuel="7.65" electricity="0.00" noise="77.23" route="routebottom" type="cfm-slow" waiting="0.00" lane="bottom_0" pos="33.05" speed="28.19" angle="35.03" x="122.75" y="28.81"/>
        <vehicle id="cfm-slow_3" eclass="HBEFA3/PC_G_EU4" CO2="9802.09" CO="156.32" HC="0.96" NOx="3.86" PMx="0.23" fuel="4.21" electricity="0.00" noise="74.72" route="routebottom" type="cfm-slow" waiting="0.00" lane="right_0" pos="6.58" speed="29.73" angle="352.59" x="130.79" y="77.82"/>
        <vehicle id="cfm-slow_4" eclass="HBEFA3/PC_G_EU4" CO2="0.00" CO="0.00" HC="0.00" NOx="0.00" PMx="0.00" fuel="0.00" electricity="0.00" noise="72.87" route="routebottom" type="cfm-slow" waiting="0.00" lane="right_0" pos="31.58" speed="30.02" angle="307.68" x="101.20" y="121.09"/>
        <vehicle id="cfm-slow_5" eclass="HBEFA3/PC_G_EU4" CO2="0.00" CO="0.00" HC="0.00" NOx="0.00" PMx="0.00" fuel="0.00" electricity="0.00" noise="71.78" route="routetop" type="cfm-slow" waiting="0.00" lane="top_0" pos="6.75" speed="28.85" angle="262.28" x="49.15" y="130.71"/>
    </timestep>
    <timestep time="5.59">
        <vehicle id="cfm-fast_0" eclass="HBEFA3/PC_G_EU4" CO2="0.00" CO="0.00" HC="0.00" NOx="0.00" PMx="0.00" fuel="0.00" electricity="0.00" noise="70.64" route="routetop" type="cfm-fast" waiting="0.00" lane="top_0" pos="30.98" speed="26.62" angle="218.78" x="6.96" y="102.29"/>
        <vehicle id="cfm-fast_1" eclass="HBEFA3/PC_G_EU4" CO2="213245.29" CO="5157.37" HC="28.88" NOx="99.21" PMx="5.90" fuel="91.66" electricity="0.00" noise="133.97" route="routebottom" type="cfm-fast" waiting="0.00" lane="bottom_1" pos="16.44" speed="66.08" angle="64.91" x="95.92" y="6.88"/>
        <vehicle id="cfm-fast_2" eclass="HBEFA3/PC_G_EU4" CO2="0.00" CO="0.00" HC="0.00" NOx="0.00" PMx="0.00" fuel="0.00" electricity="0.00" noise="69.79" route="routetop" type="cfm-fast" waiting="0.00" lane="top_0" pos="48.80" speed="24.28" angle="186.70" x="-4.89" y="66.33"/>
        <vehicle id="cfm-fast_3" eclass="HBEFA3/PC_G_EU4" CO2="0.00" CO="0.00" HC="0.00" NOx="0.00" PMx="0.00" fuel="0.00" electricity="0.00" noise="70.27" route="routetop" type="cfm-fast" waiting="0.00" lane="left_0" pos="14.12" speed="23.07" angle="159.09" x="1.71" y="34.17"/>
        <vehicle id="cfm-fast_4" eclass="HBEFA3/PC_G_EU4" CO2="307209.94" CO="7495.34" HC="41.90" NOx="143.42" PMx="8.53" fuel="132.05" electricity="0.00" noise="151.42" route="routebottom" type="cfm-fast" waiting="0.00" lane="right_1" pos="25.65" speed="75.77" angle="318.41" x="108.90" y="110.77"/>
        <vehicle id="cfm-fast_5" eclass="HBEFA3/PC_G_EU4" CO2="12394.78" CO="180.07" HC="1.13" NOx="5.24" PMx="0.28" fuel="5.33" electricity="0.00" noise="73.72" route="routetop" type="cfm-fast" waiting="0.00" lane="left_0" pos="28.47" speed="22.76" angle="133.26" x="20.71" y="10.18"/>
        <vehicle id="cfm-slow_0" eclass="HBEFA3/PC_G_EU4" CO2="17049.47" CO="278.53" HC="1.69" NOx="7.40" PMx="0.40" fuel="7.33" electricity="0.00" noise="76.47" route="routetop" type="cfm-slow" waiting="0.00" lane="left_0" pos="42.47" speed="24.13" angle="108.08" x="47.52" y="-3.01"/>
        <vehicle id="cfm-slow_1" eclass="HBEFA3/PC_G_EU4" CO2="19620.42" CO="338.05" HC="2.03" NOx="8.57" PMx="0.47" fuel="8.43" electricity="0.00" noise="77.97" route="routebottom" type="cfm-slow" waiting="0.00" lane="bottom_0" pos="11.89" speed="26.12" angle="73.05" x="88.74" y="-0.19"/>
        <vehicle id="cfm-slow_2" eclass="HBEFA3/PC_G_EU4" CO2="17707.47" CO="309.18" HC="1.85" NOx="7.62" PMx="0.43" fuel="7.61" electricity="0.00" noise="77.20" route="routebottom" type="cfm-slow" waiting="0.00" lane="bottom_0" pos="33.33" speed="28.21" angle="34.55" x="123.07" y="29.34"/>
        <vehicle id="cfm-slow_3" eclass="HBEFA3/PC_G_EU4" CO2="9686.52" CO="153.98" HC="0.95" NOx="3.80" PMx="0.23" fuel="4.16" electricity="0.00" noise="74.69" route="routebottom" type="cfm-slow" waiting="0.00" lane="right_0" pos="6.88" speed="29.73" angle="352.04" x="130.65" y="78.44"/>
        <vehicle id="cfm-slow_4" eclass="HBEFA3/PC_G_EU4" CO2="0.00" CO="0.00" HC="0.00" NOx="0.00" PMx="0.00" fuel="0.00" electricity="0.00" noise="72.85" route="routebottom" type="cfm-slow" waiting="0.00" lane="right_0" pos="31.88" speed="30.01" angle="307.14" x="100.66" y="121.44"/>
        <vehicle id="cfm-slow_5" eclass="HBEFA3/PC_G_EU4" CO2="0.00" CO="0.00" HC="0.00" NOx="0.00" PMx="0.00" fuel="0.00" electricity="0.00" noise="71.77" route="routetop" type="cfm-slow" waiting="0.00" lane="top_0" pos="7.04" speed="28.83" angle="261.74" x="48.55" y="130.58"/>
    </timestep>
    <timestep time="5.60">
        <vehicle id="cfm-fast_0" eclass="HBEFA3/PC_G_EU4" CO2="0.00" CO="0.00" HC="0.00" NOx="0.00" PMx="0.00" fuel="0.00" electricity="0.00" noise="70.63" route="routetop" type="cfm-fast" waiting="0.00" lane="top_0" pos="31.24" speed="26.60" angle="218.30" x="6.65" y="101.81"/>
        <vehicle id="cfm-fast_1" eclass="HBEFA3/PC_G_EU4" CO2="213936.00" CO="5175.63" HC="28.98" NOx="99.53" PMx="5.92" fuel="91.96" electricity="0.00" noise="134.10" route="routebottom" type="cfm-fast" waiting="0.00" lane="bottom_1" pos="17.10" speed="66.18" angle="63.72" x="97.09" y="7.57"/>
        <vehicle id="cfm-fast_2" eclass="HBEFA3/PC_G_EU4" CO2="0.00" CO="0.00" HC="0.00" NOx="0.00" PMx="0.00" fuel="0.00" electricity="0.00" noise="69.79" route="routetop" type="cfm-fast" waiting="0.00" lane="top_0" pos="49.05" speed="24.26" angle="186.25" x="-4.90" y="65.81"/>
        <vehicle id="cfm-fast_3" eclass="HBEFA3/PC_G_EU4" CO2="0.00" CO="0.00" HC="0.00" NOx="0.00" PMx="0.00" fuel="0.00" electricity="0.00" noise="70.29" route="routetop" type="cfm-fast" waiting="0.00" lane="left_0" pos="14.35" speed="23.07" angle="158.66" x="1.93" y="33.73"/>
        <vehicle id="cfm-fast_4" eclass="HBEFA3/PC_G_EU4" CO2="307839.33" CO="7514.53" HC="42.00" NOx="143.72" PMx="8.55" fuel="132.32" electricity="0.00" noise="151.49" route="routebottom" type="cfm-fast" waiting="0.00" lane="right_1" pos="26.41" speed="75.91" angle="317.02" x="107.75" y="111.83"/>
        <vehicle id="cfm-fast_5" eclass="HBEFA3/PC_G_EU4" CO2="12431.55" CO="180.84" HC="1.13" NOx="5.25" PMx="0.28" fuel="5.34" electricity="0.00" noise="73.74" route="routetop" type="cfm-fast" waiting="0.00" lane="left_0" pos="28.70" speed="22.78" angle="132.84" x="21.09" y="9.87"/>
        <vehicle id="cfm-slow_0" eclass="HBEFA3/PC_G_EU4" CO2="17069.44" CO="278.99" HC="1.69" NOx="7.41" PMx="0.40" fuel="7.34" electricity="0.00" noise="76.48" route="routetop" type="cfm-slow" waiting="0.00" lane="left_0" pos="42.71" speed="24.15" angle="107.65" x="48.03" y="-3.13"/>
        <vehicle id="cfm-slow_1" eclass="HBEFA3/PC_G_EU4" CO2="19600.65" CO="337.73" HC="2.03" NOx="8.56" PMx="0.47" fuel="8.43" electricity="0.00" noise="77.96" route="routebottom" type="cfm-slow" waiting="0.00" lane="bottom_0" pos="12.15" speed="26.14" angle="72.59" x="89.26" y="0.02"/>
        <vehicle id="cfm-slow_2" eclass="HBEFA3/PC_G_EU4" CO2="17629.02" CO="307.66" HC="1.84" NOx="7.58" PMx="0.43" fuel="7.58" electricity="0.00" noise="77.17" route="routebottom" type="cfm-slow" waiting="0.00" lane="bottom_0" pos="33.62" speed="28.23" angle="34.04" x="123.36" y="29.87"/>
        <vehicle id="cfm-slow_3" eclass="HBEFA3/PC_G_EU4" CO2="9571.17" CO="151.64" HC="0.93" NOx="3.75" PMx="0.22" fuel="4.11" electricity="0.00" noise="74.66" route="routebottom" type="cfm-slow" waiting="0.00" lane="right_0" pos="7.18" speed="29.74" angle="351.48" x="130.51" y="79.06"/>
        <vehicle id="cfm-slow_4" eclass="HBEFA3/PC_G_EU4" CO2="0.00" CO="0.00" HC="0.00" NOx="0.00" PMx="0.00" fuel="0.00" electricity="0.00" noise="72.84" route="routebottom" type="cfm-slow" waiting="0.00" lane="right_0" pos="32.18" speed="30.00" angle="306.65" x="100.12" y="121.79"/>
        <vehicle id="cfm-slow_5" eclass="HBEFA3/PC_G_EU4" CO2="0.00" CO="0.00" HC="0.00" NOx="0.00" PMx="0.00" fuel="0.00" electricity="0.00" noise="71.76" route="routetop" type="cfm-slow" waiting="0.00" lane="top_0" pos="7.33" speed="28.81" angle="261.19" x="47.94" y="130.44"/>
    </timestep>
    <timestep time="5.61">
        <vehicle id="cfm-fast_0" eclass="HBEFA3/PC_G_EU4" CO2="0.00" CO="0.00" HC="0.00" NOx="0.00" PMx="0.00" fuel="0.00" electricity="0.00" noise="70.62" route="routetop" type="cfm-fast" waiting="0.00" lane="top_0" pos="31.51" speed="26.58" angle="217.82" x="6.33" y="101.33"/>
        <vehicle id="cfm-fast_1" eclass="HBEFA3/PC_G_EU4" CO2="214627.68" CO="5193.93" HC="29.08" NOx="99.86" PMx="5.94" fuel="92.26" electricity="0.00" noise="134.23" route="routebottom" type="cfm-fast" waiting="0.00" lane="bottom_1" pos="17.77" speed="66.29" angle="62.47" x="98.25" y="8.27"/>
        <vehicle id="cfm-fast_2" eclass="HBEFA3/PC_G_EU4" CO2="0.00" CO="0.00" HC="0.00" NOx="0.00" PMx="0.00" fuel="0.00" electricity="0.00" noise="69.79" route="routetop" type="cfm-fast" waiting="0.00" lane="top_0" pos="49.29" speed="24.25" angle="185.81" x="-4.92" y="65.29"/>
        <vehicle id="cfm-fast_3" eclass="HBEFA3/PC_G_EU4" CO2="0.00" CO="0.00" HC="0.00" NOx="0.00" PMx="0.00" fuel="0.00" electricity="0.00" noise="70.31" route="routetop" type="cfm-fast" waiting="0.00" lane="left_0" pos="14.58" speed="23.07" angle="158.23" x="2.15" y="33.28"/>
        <vehicle id="cfm-fast_4" eclass="HBEFA3/PC_G_EU4" CO2="308469.01" CO="7533.74" HC="42.11" NOx="144.01" PMx="8.57" fuel="132.60" electricity="0.00" noise="151.55" route="routebottom" type="cfm-fast" waiting="0.00" lane="right_1" pos="27.17" speed="76.05" angle="315.66" x="106.60" y="112.87"/>
        <vehicle id="cfm-fast_5" eclass="HBEFA3/PC_G_EU4" CO2="12468.23" CO="181.62" HC="1.13" NOx="5.27" PMx="0.28" fuel="5.36" electricity="0.00" noise="73.76" route="routetop" type="cfm-fast" waiting="0.00" lane="left_0" pos="28.92" speed="22.79" angle="132.42" x="21.48" y="9.57"/>
        <vehicle id="cfm-slow_0" eclass="HBEFA3/PC_G_EU4" CO2="17089.11" CO="279.44" HC="1.70" NOx="7.42" PMx="0.40" fuel="7.35" electricity="0.00" noise="76.49" route="routetop" type="cfm-slow" waiting="0.00" lane="left_0" pos="42.95" speed="24.17" angle="107.22" x="48.54" y="-3.25"/>
        <vehicle id="cfm-slow_1" eclass="HBEFA3/PC_G_EU4" CO2="19580.40" CO="337.41" HC="2.02" NOx="8.55" PMx="0.47" fuel="8.42" electricity="0.00" noise="77.95" route="routebottom" type="cfm-slow" waiting="0.00" lane="bottom_0" pos="12.41" speed="26.16" angle="72.12" x="89.78" y="0.23"/>
        <vehicle id="cfm-slow_2" eclass="HBEFA3/PC_G_EU4" CO2="17550.21" CO="306.14" HC="1.83" NOx="7.55" PMx="0.43" fuel="7.54" electricity="0.00" noise="77.13" route="routebottom" type="cfm-slow" waiting="0.00" lane="bottom_0" pos="33.90" speed="28.24" angle="33.52" x="123.65" y="30.40"/>
        <vehicle id="cfm-slow_3" eclass="HBEFA3/PC_G_EU4" CO2="9456.05" CO="149.30" HC="0.92" NOx="3.69" PMx="0.22" fuel="4.06" electricity="0.00" noise="74.63" route="routebottom" type="cfm-slow" waiting="0.00" lane="right_0" pos="7.47" speed="29.74" angle="350.92" x="130.37" y="79.69"/>
        <vehicle id="cfm-slow_4" eclass="HBEFA3/PC_G_EU4" CO2="0.00" CO="0.00" HC="0.00" NOx="0.00" PMx="0.00" fuel="0.00" electricity="0.00" noise="72.83" route="routebottom" type="cfm-slow" waiting="0.00" lane="right_0" pos="32.48" speed="29.99" angle="306.09" x="99.56" y="122.12"/>
        <vehicle id="cfm-slow_5" eclass="HBEFA3/PC_G_EU4" CO2="0.00" CO="0.00" HC="0.00" NOx="0.00" PMx="0.00" fuel="0.00" electricity="0.00" noise="71.75" route="routetop" type="cfm-slow" waiting="0.00" lane="top_0" pos="7.62" speed="28.79" angle="260.70" x="47.34" y="130.30"/>
    </timestep>
    <timestep time="5.62">
        <vehicle id="cfm-fast_0" eclass="HBEFA3/PC_G_EU4" CO2="0.00" CO="0.00" HC="0.00" NOx="0.00" PMx="0.00" fuel="0.00" electricity="0.00" noise="70.61" route="routetop" type="cfm-fast" waiting="0.00" lane="top_0" pos="31.77" speed="26.56" angle="217.34" x="6.01" y="100.86"/>
        <vehicle id="cfm-fast_1" eclass="HBEFA3/PC_G_EU4" CO2="215320.32" CO="5212.27" HC="29.18" NOx="100.18" PMx="5.96" fuel="92.56" electricity="0.00" noise="134.35" route="routebottom" type="cfm-fast" waiting="0.00" lane="bottom_1" pos="18.43" speed="66.40" angle="61.28" x="99.40" y="9.01"/>
        <vehicle id="cfm-fast_2" eclass="HBEFA3/PC_G_EU4" CO2="0.00" CO="0.00" HC="0.00" NOx="0.00" PMx="0.00" fuel="0.00" electricity="0.00" noise="69.79" route="routetop" type="cfm-fast" waiting="0.00" lane="top_0" pos="49.53" speed="24.24" angle="185.37" x="-4.93" y="64.77"/>
        <vehicle id="cfm-fast_3" eclass="HBEFA3/PC_G_EU4" CO2="0.00" CO="0.00" HC="0.00" NOx="0.00" PMx="0.00" fuel="0.00" electricity="0.00" noise="70.33" route="routetop" type="cfm-fast" waiting="0.00" lane="left_0" pos="14.82" speed="23.07" angle="157.80" x="2.38" y="32.84"/>
        <vehicle id="cfm-fast_4" eclass="HBEFA3/PC_G_EU4" CO2="309098.99" CO="7552.97" HC="42.21" NOx="144.31" PMx="8.58" fuel="132.87" electricity="0.00" noise="151.62" route="routebottom" type="cfm-fast" waiting="0.00" lane="right_1" pos="27.93" speed="76.18" angle="314.16" x="105.40" y="113.88"/>
        <vehicle id="cfm-fast_5" eclass="HBEFA3/PC_G_EU4" CO2="12504.82" CO="182.39" HC="1.14" NOx="5.29" PMx="0.28" fuel="5.38" electricity="0.00" noise="73.78" route="routetop" type="cfm-fast" waiting="0.00" lane="left_0" pos="29.15" speed="22.81" angle="131.99" x="21.87" y="9.27"/>
        <vehicle id="cfm-slow_0" eclass="HBEFA3/PC_G_EU4" CO2="17108.49" CO="279.90" HC="1.70" NOx="7.43" PMx="0.40" fuel="7.35" electricity="0.00" noise="76.51" route="routetop" type="cfm-slow" waiting="0.00" lane="left_0" pos="43.20" speed="24.19" angle="106.79" x="49.04" y="-3.36"/>
        <vehicle id="cfm-slow_1" eclass="HBEFA3/PC_G_EU4" CO2="19559.65" CO="337.07" HC="2.02" NOx="8.54" PMx="0.47" fuel="8.41" electricity="0.00" noise="77.94" route="routebottom" type="cfm-slow" waiting="0.00" lane="bottom_0" pos="12.67" speed="26.18" angle="71.66" x="90.31" y="0.44"/>
        <vehicle id="cfm-slow_2" eclass="HBEFA3/PC_G_EU4" CO2="17471.06" CO="304.61" HC="1.82" NOx="7.51" PMx="0.42" fuel="7.51" electricity="0.00" noise="77.10" route="routebottom" type="cfm-slow" waiting="0.00" lane="bottom_0" pos="34.18" speed="28.26" angle="33.00" x="123.95" y="30.93"/>
        <vehicle id="cfm-slow_3" eclass="HBEFA3/PC_G_EU4" CO2="9341.15" CO="146.97" HC="0.91" NOx="3.64" PMx="0.22" fuel="4.02" electricity="0.00" noise="74.61" route="routebottom" type="cfm-slow" waiting="0.00" lane="right_0" pos="7.77" speed="29.75" angle="350.44" x="130.22" y="80.31"/>
        <vehicle id="cfm-slow_4" eclass="HBEFA3/PC_G_EU4" CO2="0.00" CO="0.00" HC="0.00" NOx="0.00" PMx="0.00" fuel="0.00" electricity="0.00" noise="72.82" route="routebottom" type="cfm-slow" waiting="0.00" lane="right_0" pos="32.78" speed="29.98" angle="305.52" x="99.01" y="122.45"/>
        <vehicle id="cfm-slow_5" eclass="HBEFA3/PC_G_EU4" CO2="0.00" CO="0.00" HC="0.00" NOx="0.00" PMx="0.00" fuel="0.00" electricity="0.00" noise="71.74" route="routetop" type="cfm-slow" waiting="0.00" lane="top_0" pos="7.91" speed="28.77" angle="260.19" x="46.74" y="130.15"/>
    </timestep>
    <timestep time="5.63">
        <vehicle id="cfm-fast_0" eclass="HBEFA3/PC_G_EU4" CO2="0.00" CO="0.00" HC="0.00" NOx="0.00" PMx="0.00" fuel="0.00" electricity="0.00" noise="70.60" route="routetop" type="cfm-fast" waiting="0.00" lane="top_0" pos="32.04" speed="26.54" angle="216.91" x="5.70" y="100.38"/>
        <vehicle id="cfm-fast_1" eclass="HBEFA3/PC_G_EU4" CO2="216013.89" CO="5230.64" HC="29.28" NOx="100.51" PMx="5.98" fuel="92.85" electricity="0.00" noise="134.48" route="routebottom" type="cfm-fast" waiting="0.00" lane="bottom_1" pos="19.10" speed="66.51" angle="60.02" x="100.53" y="9.77"/>
        <vehicle id="cfm-fast_2" eclass="HBEFA3/PC_G_EU4" CO2="0.00" CO="0.00" HC="0.00" NOx="0.00" PMx="0.00" fuel="0.00" electricity="0.00" noise="69.79" route="routetop" type="cfm-fast" waiting="0.00" lane="top_0" pos="49.77" speed="24.23" angle="184.93" x="-4.94" y="64.24"/>
        <vehicle id="cfm-fast_3" eclass="HBEFA3/PC_G_EU4" CO2="3868.16" CO="4.97" HC="0.12" NOx="1.21" PMx="0.06" fuel="1.66" electricity="0.00" noise="70.34" route="routetop" type="cfm-fast" waiting="0.00" lane="left_0" pos="15.05" speed="23.07" angle="157.36" x="2.60" y="32.40"/>
        <vehicle id="cfm-fast_4" eclass="HBEFA3/PC_G_EU4" CO2="309729.25" CO="7572.23" HC="42.32" NOx="144.60" PMx="8.60" fuel="133.14" electricity="0.00" noise="151.69" route="routebottom" type="cfm-fast" waiting="0.00" lane="right_1" pos="28.69" speed="76.32" angle="312.80" x="104.18" y="114.86"/>
        <vehicle id="cfm-fast_5" eclass="HBEFA3/PC_G_EU4" CO2="12541.33" CO="183.16" HC="1.14" NOx="5.30" PMx="0.28" fuel="5.39" electricity="0.00" noise="73.81" route="routetop" type="cfm-fast" waiting="0.00" lane="left_0" pos="29.38" speed="22.82" angle="131.58" x="22.25" y="8.97"/>
        <vehicle id="cfm-slow_0" eclass="HBEFA3/PC_G_EU4" CO2="17127.57" CO="280.34" HC="1.70" NOx="7.44" PMx="0.40" fuel="7.36" electricity="0.00" noise="76.52" route="routetop" type="cfm-slow" waiting="0.00" lane="left_0" pos="43.44" speed="24.21" angle="106.36" x="49.55" y="-3.48"/>
        <vehicle id="cfm-slow_1" eclass="HBEFA3/PC_G_EU4" CO2="19538.42" CO="336.73" HC="2.02" NOx="8.53" PMx="0.47" fuel="8.40" electricity="0.00" noise="77.92" route="routebottom" type="cfm-slow" waiting="0.00" lane="bottom_0" pos="12.93" speed="26.20" angle="71.23" x="90.82" y="0.66"/>
        <vehicle id="cfm-slow_2" eclass="HBEFA3/PC_G_EU4" CO2="17391.57" CO="303.07" HC="1.82" NOx="7.47" PMx="0.42" fuel="7.48" electricity="0.00" noise="77.07" route="routebottom" type="cfm-slow" waiting="0.00" lane="bottom_0" pos="34.46" speed="28.28" angle="32.48" x="124.24" y="31.46"/>
        <vehicle id="cfm-slow_3" eclass="HBEFA3/PC_G_EU4" CO2="9226.49" CO="144.64" HC="0.89" NOx="3.59" PMx="0.21" fuel="3.97" electricity="0.00" noise="74.58" route="routebottom" type="cfm-slow" waiting="0.00" lane="right_0" pos="8.07" speed="29.75" angle="349.89" x="130.06" y="80.93"/>
        <vehicle id="cfm-slow_4" eclass="HBEFA3/PC_G_EU4" CO2="0.00" CO="0.00" HC="0.00" NOx="0.00" PMx="0.00" fuel="0.00" electricity="0.00" noise="72.80" route="routebottom" type="cfm-slow" waiting="0.00" lane="right_0" pos="33.08" speed="29.97" angle="304.95" x="98.46" y="122.78"/>
        <vehicle id="cfm-slow_5" eclass="HBEFA3/PC_G_EU4" CO2="0.00" CO="0.00" HC="0.00" NOx="0.00" PMx="0.00" fuel="0.00" electricity="0.00" noise="71.73" route="routetop" type="cfm-slow" waiting="0.00" lane="top_0" pos="8.19" speed="28.75" angle="259.67" x="46.14" y="129.99"/>
    </timestep>
    <timestep time="5.64">
        <vehicle id="cfm-fast_0" eclass="HBEFA3/PC_G_EU4" CO2="0.00" CO="0.00" HC="0.00" NOx="0.00" PMx="0.00" fuel="0.00" electricity="0.00" noise="70.59" route="routetop" type="cfm-fast" waiting="0.00" lane="top_0" pos="32.30" speed="26.52" angle="216.42" x="5.40" y="99.89"/>
        <vehicle id="cfm-fast_1" eclass="HBEFA3/PC_G_EU4" CO2="216708.39" CO="5249.04" HC="29.39" NOx="100.84" PMx="6.00" fuel="93.15" electricity="0.00" noise="134.61" route="routebottom" type="cfm-fast" waiting="0.00" lane="bottom_1" pos="19.76" speed="66.62" angle="58.86" x="101.65" y="10.56"/>
        <vehicle id="cfm-fast_2" eclass="HBEFA3/PC_G_EU4" CO2="0.00" CO="0.00" HC="0.00" NOx="0.00" PMx="0.00" fuel="0.00" electricity="0.00" noise="69.79" route="routetop" type="cfm-fast" waiting="0.00" lane="left_0" pos="0.02" speed="24.22" angle="184.45" x="-4.95" y="63.53"/>
        <vehicle id="cfm-fast_3" eclass="HBEFA3/PC_G_EU4" CO2="3934.48" CO="6.33" HC="0.12" NOx="1.24" PMx="0.06" fuel="1.69" electricity="0.00" noise="70.36" route="routetop" type="cfm-fast" waiting="0.00" lane="left_0" pos="15.28" speed="23.07" angle="156.95" x="2.82" y="31.95"/>
        <vehicle id="cfm-fast_4" eclass="HBEFA3/PC_G_EU4" CO2="310359.81" CO="7591.50" HC="42.42" NOx="144.90" PMx="8.62" fuel="133.41" electricity="0.00" noise="151.75" route="routebottom" type="cfm-fast" waiting="0.00" lane="right_1" pos="29.46" speed="76.46" angle="311.45" x="102.95" y="115.83"/>
        <vehicle id="cfm-fast_5" eclass="HBEFA3/PC_G_EU4" CO2="12577.74" CO="183.93" HC="1.15" NOx="5.32" PMx="0.28" fuel="5.41" electricity="0.00" noise="73.83" route="routetop" type="cfm-fast" waiting="0.00" lane="left_0" pos="29.61" speed="22.84" angle="131.21" x="22.64" y="8.67"/>
        <vehicle id="cfm-slow_0" eclass="HBEFA3/PC_G_EU4" CO2="17146.34" CO="280.78" HC="1.70" NOx="7.44" PMx="0.40" fuel="7.37" electricity="0.00" noise="76.53" route="routetop" type="cfm-slow" waiting="0.00" lane="left_0" pos="43.68" speed="24.23" angle="105.99" x="50.06" y="-3.59"/>
        <vehicle id="cfm-slow_1" eclass="HBEFA3/PC_G_EU4" CO2="19516.69" CO="336.37" HC="2.02" NOx="8.52" PMx="0.47" fuel="8.39" electricity="0.00" noise="77.91" route="routebottom" type="cfm-slow" waiting="0.00" lane="bottom_0" pos="13.20" speed="26.23" angle="70.74" x="91.34" y="0.89"/>
        <vehicle id="cfm-slow_2" eclass="HBEFA3/PC_G_EU4" CO2="17311.75" CO="301.52" HC="1.81" NOx="7.43" PMx="0.42" fuel="7.44" electricity="0.00" noise="77.03" route="routebottom" type="cfm-slow" waiting="0.00" lane="bottom_0" pos="34.75" speed="28.29" angle="32.03" x="124.53" y="32.00"/>
        <vehicle id="cfm-slow_3" eclass="HBEFA3/PC_G_EU4" CO2="9112.06" CO="142.32" HC="0.88" NOx="3.53" PMx="0.21" fuel="3.92" electricity="0.00" noise="74.55" route="routebottom" type="cfm-slow" waiting="0.00" lane="right_0" pos="8.37" speed="29.75" angle="349.35" x="129.89" y="81.55"/>
        <vehicle id="cfm-slow_4" eclass="HBEFA3/PC_G_EU4" CO2="0.00" CO="0.00" HC="0.00" NOx="0.00" PMx="0.00" fuel="0.00" electricity="0.00" noise="72.79" route="routebottom" type="cfm-slow" waiting="0.00" lane="right_0" pos="33.38" speed="29.96" angle="304.44" x="97.90" y="123.11"/>
        <vehicle id="cfm-slow_5" eclass="HBEFA3/PC_G_EU4" CO2="0.00" CO="0.00" HC="0.00" NOx="0.00" PMx="0.00" fuel="0.00" electricity="0.00" noise="71.72" route="routetop" type="cfm-slow" waiting="0.00" lane="top_0" pos="8.48" speed="28.74" angle="259.14" x="45.54" y="129.83"/>
    </timestep>
    <timestep time="5.65">
        <vehicle id="cfm-fast_0" eclass="HBEFA3/PC_G_EU4" CO2="0.00" CO="0.00" HC="0.00" NOx="0.00" PMx="0.00" fuel="0.00" electricity="0.00" noise="70.59" route="routetop" type="cfm-fast" waiting="0.00" lane="top_0" pos="32.57" speed="26.51" angle="215.92" x="5.11" y="99.41"/>
        <vehicle id="cfm-fast_1" eclass="HBEFA3/PC_G_EU4" CO2="217403.80" CO="5267.48" HC="29.49" NOx="101.16" PMx="6.02" fuel="93.45" electricity="0.00" noise="134.73" route="routebottom" type="cfm-fast" waiting="0.00" lane="bottom_1" pos="20.43" speed="66.72" angle="57.66" x="102.76" y="11.35"/>
        <vehicle id="cfm-fast_2" eclass="HBEFA3/PC_G_EU4" CO2="0.00" CO="0.00" HC="0.00" NOx="0.00" PMx="0.00" fuel="0.00" electricity="0.00" noise="69.79" route="routetop" type="cfm-fast" waiting="0.00" lane="left_0" pos="0.26" speed="24.21" angle="184.01" x="-4.94" y="63.01"/>
        <vehicle id="cfm-fast_3" eclass="HBEFA3/PC_G_EU4" CO2="4000.67" CO="7.70" HC="0.13" NOx="1.27" PMx="0.06" fuel="1.72" electricity="0.00" noise="70.38" route="routetop" type="cfm-fast" waiting="0.00" lane="left_0" pos="15.51" speed="23.07" angle="156.57" x="3.05" y="31.51"/>
        <vehicle id="cfm-fast_4" eclass="HBEFA3/PC_G_EU4" CO2="310990.66" CO="7610.80" HC="42.52" NOx="145.20" PMx="8.64" fuel="133.68" electricity="0.00" noise="151.82" route="routebottom" type="cfm-fast" waiting="0.00" lane="right_1" pos="30.22" speed="76.59" angle="310.06" x="101.67" y="116.75"/>
        <vehicle id="cfm-fast_5" eclass="HBEFA3/PC_G_EU4" CO2="12614.07" CO="184.70" HC="1.15" NOx="5.34" PMx="0.28" fuel="5.42" electricity="0.00" noise="73.85" route="routetop" type="cfm-fast" waiting="0.00" lane="left_0" pos="29.84" speed="22.85" angle="130.79" x="23.04" y="8.38"/>
        <vehicle id="cfm-slow_0" eclass="HBEFA3/PC_G_EU4" CO2="17164.80" CO="281.21" HC="1.71" NOx="7.45" PMx="0.40" fuel="7.38" electricity="0.00" noise="76.54" route="routetop" type="cfm-slow" waiting="0.00" lane="left_0" pos="43.92" speed="24.26" angle="105.54" x="50.57" y="-3.69"/>
        <vehicle id="cfm-slow_1" eclass="HBEFA3/PC_G_EU4" CO2="19494.48" CO="336.01" HC="2.02" NOx="8.51" PMx="0.47" fuel="8.38" electricity="0.00" noise="77.90" route="routebottom" type="cfm-slow" waiting="0.00" lane="bottom_0" pos="13.46" speed="26.25" angle="70.26" x="91.85" y="1.12"/>
        <vehicle id="cfm-slow_2" eclass="HBEFA3/PC_G_EU4" CO2="17231.59" CO="299.97" HC="1.80" NOx="7.39" PMx="0.42" fuel="7.41" electricity="0.00" noise="77.00" route="routebottom" type="cfm-slow" waiting="0.00" lane="bottom_0" pos="35.03" speed="28.31" angle="31.51" x="124.80" y="32.54"/>
        <vehicle id="cfm-slow_3" eclass="HBEFA3/PC_G_EU4" CO2="8997.88" CO="140.00" HC="0.87" NOx="3.48" PMx="0.21" fuel="3.87" electricity="0.00" noise="74.52" route="routebottom" type="cfm-slow" waiting="0.00" lane="right_0" pos="8.66" speed="29.76" angle="348.80" x="129.72" y="82.16"/>
        <vehicle id="cfm-slow_4" eclass="HBEFA3/PC_G_EU4" CO2="0.00" CO="0.00" HC="0.00" NOx="0.00" PMx="0.00" fuel="0.00" electricity="0.00" noise="72.78" route="routebottom" type="cfm-slow" waiting="0.00" lane="right_0" pos="33.68" speed="29.95" angle="303.90" x="97.34" y="123.42"/>
        <vehicle id="cfm-slow_5" eclass="HBEFA3/PC_G_EU4" CO2="0.00" CO="0.00" HC="0.00" NOx="0.00" PMx="0.00" fuel="0.00" electricity="0.00" noise="71.71" route="routetop" type="cfm-slow" waiting="0.00" lane="top_0" pos="8.77" speed="28.72" angle="258.61" x="44.95" y="129.67"/>
    </timestep>
    <timestep time="5.66">
        <vehicle id="cfm-fast_0" eclass="HBEFA3/PC_G_EU4" CO2="0.00" CO="0.00" HC="0.00" NOx="0.00" PMx="0.00" fuel="0.00" electricity="0.00" noise="70.58" route="routetop" type="cfm-fast" waiting="0.00" lane="top_0" pos="32.83" speed="26.49" angle="215.42" x="4.81" y="98.92"/>
        <vehicle id="cfm-fast_1" eclass="HBEFA3/PC_G_EU4" CO2="218100.11" CO="5285.95" HC="29.59" NOx="101.49" PMx="6.04" fuel="93.75" electricity="0.00" noise="134.86" route="routebottom" type="cfm-fast" waiting="0.00" lane="bottom_1" pos="21.10" speed="66.83" angle="56.48" x="103.84" y="12.19"/>
        <vehicle id="cfm-fast_2" eclass="HBEFA3/PC_G_EU4" CO2="0.00" CO="0.00" HC="0.00" NOx="0.00" PMx="0.00" fuel="0.00" electricity="0.00" noise="69.79" route="routetop" type="cfm-fast" waiting="0.00" lane="left_0" pos="0.50" speed="24.20" angle="183.57" x="-4.93" y="62.49"/>
        <vehicle id="cfm-fast_3" eclass="HBEFA3/PC_G_EU4" CO2="4066.73" CO="9.06" HC="0.14" NOx="1.30" PMx="0.06" fuel="1.75" electricity="0.00" noise="70.40" route="routetop" type="cfm-fast" waiting="0.00" lane="left_0" pos="15.74" speed="23.07" angle="156.15" x="3.29" y="31.08"/>
        <vehicle id="cfm-fast_4" eclass="HBEFA3/PC_G_EU4" CO2="311621.80" CO="7630.12" HC="42.63" NOx="145.49" PMx="8.66" fuel="133.95" electricity="0.00" noise="151.88" route="routebottom" type="cfm-fast" waiting="0.00" lane="right_1" pos="30.99" speed="76.73" angle="308.72" x="100.39" y="117.66"/>
        <vehicle id="cfm-fast_5" eclass="HBEFA3/PC_G_EU4" CO2="12650.30" CO="185.47" HC="1.16" NOx="5.35" PMx="0.28" fuel="5.44" electricity="0.00" noise="73.87" route="routetop" type="cfm-fast" waiting="0.00" lane="left_0" pos="30.07" speed="22.87" angle="130.37" x="23.44" y="8.09"/>
        <vehicle id="cfm-slow_0" eclass="HBEFA3/PC_G_EU4" CO2="17182.96" CO="281.64" HC="1.71" NOx="7.46" PMx="0.41" fuel="7.39" electricity="0.00" noise="76.55" route="routetop" type="cfm-slow" waiting="0.00" lane="left_0" pos="44.16" speed="24.28" angle="105.09" x="51.09" y="-3.78"/>
        <vehicle id="cfm-slow_1" eclass="HBEFA3/PC_G_EU4" CO2="19471.77" CO="335.63" HC="2.01" NOx="8.50" PMx="0.47" fuel="8.37" electricity="0.00" noise="77.89" route="routebottom" type="cfm-slow" waiting="0.00" lane="bottom_0" pos="13.72" speed="26.27" angle="69.77" x="92.37" y="1.35"/>
        <vehicle id="cfm-slow_2" eclass="HBEFA3/PC_G_EU4" CO2="17151.10" CO="298.41" HC="1.79" NOx="7.36" PMx="0.42" fuel="7.37" electricity="0.00" noise="76.97" route="routebottom" type="cfm-slow" waiting="0.00" lane="bottom_0" pos="35.31" speed="28.33" angle="31.00" x="125.07" y="33.09"/>
        <vehicle id="cfm-slow_3" eclass="HBEFA3/PC_G_EU4" CO2="8883.95" CO="137.68" HC="0.85" NOx="3.42" PMx="0.21" fuel="3.82" electricity="0.00" noise="74.49" route="routebottom" type="cfm-slow" waiting="0.00" lane="right_0" pos="8.96" speed="29.76" angle="348.32" x="129.56" y="82.78"/>
        <vehicle id="cfm-slow_4" eclass="HBEFA3/PC_G_EU4" CO2="0.00" CO="0.00" HC="0.00" NOx="0.00" PMx="0.00" fuel="0.00" electricity="0.00" noise="72.76" route="routebottom" type="cfm-slow" waiting="0.00" lane="right_0" pos="33.98" speed="29.94" angle="303.36" x="96.77" y="123.74"/>
        <vehicle id="cfm-slow_5" eclass="HBEFA3/PC_G_EU4" CO2="0.00" CO="0.00" HC="0.00" NOx="0.00" PMx="0.00" fuel="0.00" electricity="0.00" noise="71.70" route="routetop" type="cfm-slow" waiting="0.00" lane="top_0" pos="9.05" speed="28.70" angle="258.15" x="44.35" y="129.50"/>
    </timestep>
    <timestep time="5.67">
        <vehicle id="cfm-fast_0" eclass="HBEFA3/PC_G_EU4" CO2="0.00" CO="0.00" HC="0.00" NOx="0.00" PMx="0.00" fuel="0.00" electricity="0.00" noise="70.57" route="routetop" type="cfm-fast" waiting="0.00" lane="top_0" pos="33.10" speed="26.47" angle="214.92" x="4.52" y="98.43"/>
        <vehicle id="cfm-fast_1" eclass="HBEFA3/PC_G_EU4" CO2="218797.30" CO="5304.46" HC="29.69" NOx="101.82" PMx="6.06" fuel="94.05" electricity="0.00" noise="134.98" route="routebottom" type="cfm-fast" waiting="0.00" lane="bottom_1" pos="21.77" speed="66.94" angle="55.30" x="104.92" y="13.04"/>
        <vehicle id="cfm-fast_2" eclass="HBEFA3/PC_G_EU4" CO2="0.00" CO="0.00" HC="0.00" NOx="0.00" PMx="0.00" fuel="0.00" electricity="0.00" noise="69.79" route="routetop" type="cfm-fast" waiting="0.00" lane="left_0" pos="0.74" speed="24.19" angle="183.13" x="-4.91" y="61.97"/>
        <vehicle id="cfm-fast_3" eclass="HBEFA3/PC_G_EU4" CO2="4132.67" CO="10.41" HC="0.15" NOx="1.33" PMx="0.06" fuel="1.78" electricity="0.00" noise="70.42" route="routetop" type="cfm-fast" waiting="0.00" lane="left_0" pos="15.97" speed="23.07" angle="155.72" x="3.53" y="30.64"/>
        <vehicle id="cfm-fast_4" eclass="HBEFA3/PC_G_EU4" CO2="312253.24" CO="7649.46" HC="42.73" NOx="145.79" PMx="8.68" fuel="134.22" electricity="0.00" noise="151.95" route="routebottom" type="cfm-fast" waiting="0.00" lane="right_1" pos="31.76" speed="76.87" angle="307.31" x="99.08" y="118.53"/>
        <vehicle id="cfm-fast_5" eclass="HBEFA3/PC_G_EU4" CO2="12686.43" CO="186.24" HC="1.16" NOx="5.37" PMx="0.28" fuel="5.45" electricity="0.00" noise="73.89" route="routetop" type="cfm-fast" waiting="0.00" lane="left_0" pos="30.29" speed="22.88" angle="129.95" x="23.84" y="7.81"/>
        <vehicle id="cfm-slow_0" eclass="HBEFA3/PC_G_EU4" CO2="17200.81" CO="282.06" HC="1.71" NOx="7.47" PMx="0.41" fuel="7.39" electricity="0.00" noise="76.56" route="routetop" type="cfm-slow" waiting="0.00" lane="left_0" pos="44.41" speed="24.30" angle="104.64" x="51.60" y="-3.88"/>
        <vehicle id="cfm-slow_1" eclass="HBEFA3/PC_G_EU4" CO2="19448.57" CO="335.25" HC="2.01" NOx="8.48" PMx="0.47" fuel="8.36" electricity="0.00" noise="77.88" route="routebottom" type="cfm-slow" waiting="0.00" lane="bottom_0" pos="13.98" speed="26.29" angle="69.30" x="92.89" y="1.59"/>
        <vehicle id="cfm-slow_2" eclass="HBEFA3/PC_G_EU4" CO2="17070.29" CO="296.84" HC="1.78" NOx="7.32" PMx="0.41" fuel="7.34" electricity="0.00" noise="76.94" route="routebottom" type="cfm-slow" waiting="0.00" lane="bottom_0" pos="35.60" speed="28.34" angle="30.48" x="125.35" y="33.63"/>
        <vehicle id="cfm-slow_3" eclass="HBEFA3/PC_G_EU4" CO2="8770.26" CO="135.37" HC="0.84" NOx="3.37" PMx="0.20" fuel="3.77" electricity="0.00" noise="74.47" route="routebottom" type="cfm-slow" waiting="0.00" lane="right_0" pos="9.26" speed="29.77" angle="347.78" x="129.37" y="83.40"/>
        <vehicle id="cfm-slow_4" eclass="HBEFA3/PC_G_EU4" CO2="0.00" CO="0.00" HC="0.00" NOx="0.00" PMx="0.00" fuel="0.00" electricity="0.00" noise="72.75" route="routebottom" type="cfm-slow" waiting="0.00" lane="right_0" pos="34.28" speed="29.93" angle="302.81" x="96.21" y="124.05"/>
        <vehicle id="cfm-slow_5" eclass="HBEFA3/PC_G_EU4" CO2="0.00" CO="0.00" HC="0.00" NOx="0.00" PMx="0.00" fuel="0.00" electricity="0.00" noise="71.69" route="routetop" type="cfm-slow" waiting="0.00" lane="top_0" pos="9.34" speed="28.68" angle="257.63" x="43.76" y="129.32"/>
    </timestep>
    <timestep time="5.68">
        <vehicle id="cfm-fast_0" eclass="HBEFA3/PC_G_EU4" CO2="0.00" CO="0.00" HC="0.00" NOx="0.00" PMx="0.00" fuel="0.00" electricity="0.00" noise="70.56" route="routetop" type="cfm-fast" waiting="0.00" lane="top_0" pos="33.36" speed="26.45" angle="214.48" x="4.23" y="97.94"/>
        <vehicle id="cfm-fast_1" eclass="HBEFA3/PC_G_EU4" CO2="219495.35" CO="5323.00" HC="29.79" NOx="102.14" PMx="6.08" fuel="94.35" electricity="0.00" noise="135.11" route="routebottom" type="cfm-fast" waiting="0.00" lane="bottom_1" pos="22.44" speed="67.05" angle="54.09" x="105.97" y="13.93"/>
        <vehicle id="cfm-fast_2" eclass="HBEFA3/PC_G_EU4" CO2="0.00" CO="0.00" HC="0.00" NOx="0.00" PMx="0.00" fuel="0.00" electricity="0.00" noise="69.79" route="routetop" type="cfm-fast" waiting="0.00" lane="left_0" pos="0.98" speed="24.18" angle="182.70" x="-4.90" y="61.45"/>
        <vehicle id="cfm-fast_3" eclass="HBEFA3/PC_G_EU4" CO2="4198.47" CO="11.77" HC="0.16" NOx="1.36" PMx="0.06" fuel="1.80" electricity="0.00" noise="70.44" route="routetop" type="cfm-fast" waiting="0.00" lane="left_0" pos="16.20" speed="23.07" angle="155.30" x="3.77" y="30.21"/>
        <vehicle id="cfm-fast_4" eclass="HBEFA3/PC_G_EU4" CO2="312884.96" CO="7668.82" HC="42.84" NOx="146.08" PMx="8.70" fuel="134.49" electricity="0.00" noise="152.02" route="routebottom" type="cfm-fast" waiting="0.00" lane="right_1" pos="32.53" speed="77.00" angle="305.98" x="97.74" y="119.37"/>
        <vehicle id="cfm-fast_5" eclass="HBEFA3/PC_G_EU4" CO2="12722.47" CO="187.00" HC="1.17" NOx="5.39" PMx="0.29" fuel="5.47" electricity="0.00" noise="73.92" route="routetop" type="cfm-fast" waiting="0.00" lane="left_0" pos="30.52" speed="22.90" angle="129.53" x="24.24" y="7.52"/>
        <vehicle id="cfm-slow_0" eclass="HBEFA3/PC_G_EU4" CO2="17218.35" CO="282.48" HC="1.71" NOx="7.48" PMx="0.41" fuel="7.40" electricity="0.00" noise="76.57" route="routetop" type="cfm-slow" waiting="0.00" lane="left_0" pos="44.65" speed="24.32" angle="104.19" x="52.12" y="-3.97"/>
        <vehicle id="cfm-slow_1" eclass="HBEFA3/PC_G_EU4" CO2="19424.89" CO="334.85" HC="2.01" NOx="8.47" PMx="0.47" fuel="8.35" electricity="0.00" noise="77.87" route="routebottom" type="cfm-slow" waiting="0.00" lane="bottom_0" pos="14.25" speed="26.31" angle="68.85" x="93.40" y="1.83"/>
        <vehicle id="cfm-slow_2" eclass="HBEFA3/PC_G_EU4" CO2="16989.17" CO="295.27" HC="1.77" NOx="7.28" PMx="0.41" fuel="7.30" electricity="0.00" noise="76.90" route="routebottom" type="cfm-slow" waiting="0.00" lane="bottom_0" pos="35.88" speed="28.36" angle="30.01" x="125.62" y="34.18"/>
        <vehicle id="cfm-slow_3" eclass="HBEFA3/PC_G_EU4" CO2="8656.84" CO="133.06" HC="0.83" NOx="3.32" PMx="0.20" fuel="3.72" electricity="0.00" noise="74.44" route="routebottom" type="cfm-slow" waiting="0.00" lane="right_0" pos="9.56" speed="29.77" angle="347.24" x="129.18" y="84.01"/>
        <vehicle id="cfm-slow_4" eclass="HBEFA3/PC_G_EU4" CO2="0.00" CO="0.00" HC="0.00" NOx="0.00" PMx="0.00" fuel="0.00" electricity="0.00" noise="72.74" route="routebottom" type="cfm-slow" waiting="0.00" lane="right_0" pos="34.58" speed="29.92" angle="302.31" x="95.65" y="124.36"/>
        <vehicle id="cfm-slow_5" eclass="HBEFA3/PC_G_EU4" CO2="0.00" CO="0.00" HC="0.00" NOx="0.00" PMx="0.00" fuel="0.00" electricity="0.00" noise="71.68" route="routetop" type="cfm-slow" waiting="0.00" lane="top_0" pos="9.63" speed="28.66" angle="257.11" x="43.17" y="129.13"/>
    </timestep>
    <timestep time="5.69">
        <vehicle id="cfm-fast_0" eclass="HBEFA3/PC_G_EU4" CO2="0.00" CO="0.00" HC="0.00" NOx="0.00" PMx="0.00" fuel="0.00" electricity="0.00" noise="70.55" route="routetop" type="cfm-fast" waiting="0.00" lane="top_0" pos="33.63" speed="26.43" angle="214.00" x="3.95" y="97.44"/>
        <vehicle id="cfm-fast_1" eclass="HBEFA3/PC_G_EU4" CO2="220194.27" CO="5341.58" HC="29.90" NOx="102.47" PMx="6.10" fuel="94.65" electricity="0.00" noise="135.23" route="routebottom" type="cfm-fast" waiting="0.00" lane="bottom_1" pos="23.11" speed="67.16" angle="52.94" x="107.02" y="14.82"/>
        <vehicle id="cfm-fast_2" eclass="HBEFA3/PC_G_EU4" CO2="0.00" CO="0.00" HC="0.00" NOx="0.00" PMx="0.00" fuel="0.00" electricity="0.00" noise="69.80" route="routetop" type="cfm-fast" waiting="0.00" lane="left_0" pos="1.23" speed="24.17" angle="182.27" x="-4.89" y="60.93"/>
        <vehicle id="cfm-fast_3" eclass="HBEFA3/PC_G_EU4" CO2="4264.14" CO="13.12" HC="0.16" NOx="1.39" PMx="0.07" fuel="1.83" electricity="0.00" noise="70.46" route="routetop" type="cfm-fast" waiting="0.00" lane="left_0" pos="16.43" speed="23.07" angle="154.87" x="4.01" y="29.77"/>
        <vehicle id="cfm-fast_4" eclass="HBEFA3/PC_G_EU4" CO2="313516.98" CO="7688.21" HC="42.94" NOx="146.38" PMx="8.72" fuel="134.77" electricity="0.00" noise="152.08" route="routebottom" type="cfm-fast" waiting="0.00" lane="right_1" pos="33.30" speed="77.14" angle="304.61" x="96.38" y="120.18"/>
        <vehicle id="cfm-fast_5" eclass="HBEFA3/PC_G_EU4" CO2="12758.40" CO="187.76" HC="1.17" NOx="5.40" PMx="0.29" fuel="5.48" electricity="0.00" noise="73.94" route="routetop" type="cfm-fast" waiting="0.00" lane="left_0" pos="30.75" speed="22.91" angle="129.17" x="24.64" y="7.23"/>
        <vehicle id="cfm-slow_0" eclass="HBEFA3/PC_G_EU4" CO2="17235.57" CO="282.89" HC="1.72" NOx="7.48" PMx="0.41" fuel="7.41" electricity="0.00" noise="76.59" route="routetop" type="cfm-slow" waiting="0.00" lane="left_0" pos="44.89" speed="24.34" angle="103.80" x="52.63" y="-4.06"/>
        <vehicle id="cfm-slow_1" eclass="HBEFA3/PC_G_EU4" CO2="19400.72" CO="334.45" HC="2.01" NOx="8.46" PMx="0.47" fuel="8.34" electricity="0.00" noise="77.85" route="routebottom" type="cfm-slow" waiting="0.00" lane="bottom_0" pos="14.51" speed="26.33" angle="68.36" x="93.90" y="2.08"/>
        <vehicle id="cfm-slow_2" eclass="HBEFA3/PC_G_EU4" CO2="16907.73" CO="293.68" HC="1.76" NOx="7.24" PMx="0.41" fuel="7.27" electricity="0.00" noise="76.87" route="routebottom" type="cfm-slow" waiting="0.00" lane="bottom_0" pos="36.16" speed="28.37" angle="29.48" x="125.88" y="34.73"/>
        <vehicle id="cfm-slow_3" eclass="HBEFA3/PC_G_EU4" CO2="8543.68" CO="130.76" HC="0.81" NOx="3.26" PMx="0.20" fuel="3.67" electricity="0.00" noise="74.41" route="routebottom" type="cfm-slow" waiting="0.00" lane="right_0" pos="9.85" speed="29.77" angle="346.71" x="128.99" y="84.62"/>
        <vehicle id="cfm-slow_4" eclass="HBEFA3/PC_G_EU4" CO2="0.00" CO="0.00" HC="0.00" NOx="0.00" PMx="0.00" fuel="0.00" electricity="0.00" noise="72.73" route="routebottom" type="cfm-slow" waiting="0.00" lane="right_0" pos="34.88" speed="29.91" angle="301.79" x="95.08" y="124.65"/>
        <vehicle id="cfm-slow_5" eclass="HBEFA3/PC_G_EU4" CO2="0.00" CO="0.00" HC="0.00" NOx="0.00" PMx="0.00" fuel="0.00" electricity="0.00" noise="71.67" route="routetop" type="cfm-slow" waiting="0.00" lane="top_0" pos="9.91" speed="28.64" angle="256.60" x="42.59" y="128.95"/>
    </timestep>
    <timestep time="5.70">
        <vehicle id="cfm-fast_0" eclass="HBEFA3/PC_G_EU4" CO2="0.00" CO="0.00" HC="0.00" NOx="0.00" PMx="0.00" fuel="0.00" electricity="0.00" noise="70.54" route="routetop" type="cfm-fast" waiting="0.00" lane="top_0" pos="33.89" speed="26.41" angle="213.52" x="3.68" y="96.95"/>
        <vehicle id="cfm-fast_1" eclass="HBEFA3/PC_G_EU4" CO2="220894.02" CO="5360.19" HC="30.00" NOx="102.80" PMx="6.12" fuel="94.95" electricity="0.00" noise="135.36" route="routebottom" type="cfm-fast" waiting="0.00" lane="bottom_1" pos="23.78" speed="67.27" angle="51.73" x="108.03" y="15.75"/>
        <vehicle id="cfm-fast_2" eclass="HBEFA3/PC_G_EU4" CO2="0.00" CO="0.00" HC="0.00" NOx="0.00" PMx="0.00" fuel="0.00" electricity="0.00" noise="69.80" route="routetop" type="cfm-fast" waiting="0.00" lane="left_0" pos="1.47" speed="24.16" angle="181.84" x="-4.86" y="60.41"/>
        <vehicle id="cfm-fast_3" eclass="HBEFA3/PC_G_EU4" CO2="4329.67" CO="14.47" HC="0.17" NOx="1.42" PMx="0.07" fuel="1.86" electricity="0.00" noise="70.47" route="routetop" type="cfm-fast" waiting="0.00" lane="left_0" pos="16.66" speed="23.07" angle="154.50" x="4.25" y="29.34"/>
        <vehicle id="cfm-fast_4" eclass="HBEFA3/PC_G_EU4" CO2="314149.29" CO="7707.61" HC="43.05" NOx="146.68" PMx="8.74" fuel="135.04" electricity="0.00" noise="152.15" route="routebottom" type="cfm-fast" waiting="0.00" lane="right_1" pos="34.07" speed="77.27" angle="303.21" x="95.00" y="120.95"/>
        <vehicle id="cfm-fast_5" eclass="HBEFA3/PC_G_EU4" CO2="12794.22" CO="188.52" HC="1.17" NOx="5.42" PMx="0.29" fuel="5.50" electricity="0.00" noise="73.96" route="routetop" type="cfm-fast" waiting="0.00" lane="left_0" pos="30.98" speed="22.93" angle="128.76" x="25.05" y="6.95"/>
        <vehicle id="cfm-slow_0" eclass="HBEFA3/PC_G_EU4" CO2="17252.48" CO="283.29" HC="1.72" NOx="7.49" PMx="0.41" fuel="7.42" electricity="0.00" noise="76.60" route="routetop" type="cfm-slow" waiting="0.00" lane="left_0" pos="45.14" speed="24.36" angle="103.35" x="53.15" y="-4.14"/>
        <vehicle id="cfm-slow_1" eclass="HBEFA3/PC_G_EU4" CO2="19376.06" CO="334.03" HC="2.00" NOx="8.45" PMx="0.47" fuel="8.33" electricity="0.00" noise="77.84" route="routebottom" type="cfm-slow" waiting="0.00" lane="bottom_0" pos="14.77" speed="26.36" angle="67.87" x="94.41" y="2.34"/>
        <vehicle id="cfm-slow_2" eclass="HBEFA3/PC_G_EU4" CO2="16825.98" CO="292.09" HC="1.75" NOx="7.20" PMx="0.41" fuel="7.23" electricity="0.00" noise="76.84" route="routebottom" type="cfm-slow" waiting="0.00" lane="bottom_0" pos="36.45" speed="28.39" angle="28.93" x="126.13" y="35.29"/>
        <vehicle id="cfm-slow_3" eclass="HBEFA3/PC_G_EU4" CO2="8430.79" CO="128.46" HC="0.80" NOx="3.21" PMx="0.19" fuel="3.62" electricity="0.00" noise="74.38" route="routebottom" type="cfm-slow" waiting="0.00" lane="right_0" pos="10.15" speed="29.78" angle="346.20" x="128.80" y="85.23"/>
        <vehicle id="cfm-slow_4" eclass="HBEFA3/PC_G_EU4" CO2="0.00" CO="0.00" HC="0.00" NOx="0.00" PMx="0.00" fuel="0.00" electricity="0.00" noise="72.71" route="routebottom" type="cfm-slow" waiting="0.00" lane="right_0" pos="35.18" speed="29.90" angle="301.25" x="94.50" y="124.94"/>
        <vehicle id="cfm-slow_5" eclass="HBEFA3/PC_G_EU4" CO2="0.00" CO="0.00" HC="0.00" NOx="0.00" PMx="0.00" fuel="0.00" electricity="0.00" noise="71.66" route="routetop" type="cfm-slow" waiting="0.00" lane="top_0" pos="10.20" speed="28.62" angle="256.13" x="42.00" y="128.77"/>
    </timestep>
    <timestep time="5.71">
        <vehicle id="cfm-fast_0" eclass="HBEFA3/PC_G_EU4" CO2="0.00" CO="0.00" HC="0.00" NOx="0.00" PMx="0.00" fuel="0.00" electricity="0.00" noise="70.53" route="routetop" type="cfm-fast" waiting="0.00" lane="top_0" pos="34.16" speed="26.39" angle="213.04" x="3.40" y="96.45"/>
        <vehicle id="cfm-fast_1" eclass="HBEFA3/PC_G_EU4" CO2="221594.61" CO="5378.83" HC="30.10" NOx="103.13" PMx="6.14" fuel="95.25" electricity="0.00" noise="135.48" route="routebottom" type="cfm-fast" waiting="0.00" lane="bottom_1" pos="24.45" speed="67.38" angle="50.56" x="109.04" y="16.70"/>
        <vehicle id="cfm-fast_2" eclass="HBEFA3/PC_G_EU4" CO2="0.00" CO="0.00" HC="0.00" NOx="0.00" PMx="0.00" fuel="0.00" electricity="0.00" noise="69.80" route="routetop" type="cfm-fast" waiting="0.00" lane="left_0" pos="1.71" speed="24.15" angle="181.41" x="-4.83" y="59.89"/>
        <vehicle id="cfm-fast_3" eclass="HBEFA3/PC_G_EU4" CO2="4395.07" CO="15.82" HC="0.18" NOx="1.45" PMx="0.07" fuel="1.89" electricity="0.00" noise="70.49" route="routetop" type="cfm-fast" waiting="0.00" lane="left_0" pos="16.89" speed="23.07" angle="154.08" x="4.51" y="28.92"/>
        <vehicle id="cfm-fast_4" eclass="HBEFA3/PC_G_EU4" CO2="314781.89" CO="7727.04" HC="43.15" NOx="146.98" PMx="8.76" fuel="135.31" electricity="0.00" noise="152.21" route="routebottom" type="cfm-fast" waiting="0.00" lane="right_1" pos="34.85" speed="77.41" angle="301.84" x="93.60" y="121.70"/>
        <vehicle id="cfm-fast_5" eclass="HBEFA3/PC_G_EU4" CO2="12829.94" CO="189.28" HC="1.18" NOx="5.44" PMx="0.29" fuel="5.51" electricity="0.00" noise="73.98" route="routetop" type="cfm-fast" waiting="0.00" lane="left_0" pos="31.21" speed="22.94" angle="128.35" x="25.46" y="6.68"/>
        <vehicle id="cfm-slow_0" eclass="HBEFA3/PC_G_EU4" CO2="17269.07" CO="283.69" HC="1.72" NOx="7.50" PMx="0.41" fuel="7.42" electricity="0.00" noise="76.61" route="routetop" type="cfm-slow" waiting="0.00" lane="left_0" pos="45.38" speed="24.38" angle="102.90" x="53.67" y="-4.21"/>
        <vehicle id="cfm-slow_1" eclass="HBEFA3/PC_G_EU4" CO2="19350.92" CO="333.61" HC="2.00" NOx="8.44" PMx="0.47" fuel="8.32" electricity="0.00" noise="77.83" route="routebottom" type="cfm-slow" waiting="0.00" lane="bottom_0" pos="15.04" speed="26.38" angle="67.38" x="94.92" y="2.59"/>
        <vehicle id="cfm-slow_2" eclass="HBEFA3/PC_G_EU4" CO2="16743.92" CO="290.50" HC="1.74" NOx="7.16" PMx="0.41" fuel="7.20" electricity="0.00" noise="76.80" route="routebottom" type="cfm-slow" waiting="0.00" lane="bottom_0" pos="36.73" speed="28.40" angle="28.37" x="126.37" y="35.85"/>
        <vehicle id="cfm-slow_3" eclass="HBEFA3/PC_G_EU4" CO2="8318.17" CO="126.17" HC="0.79" NOx="3.16" PMx="0.19" fuel="3.58" electricity="0.00" noise="74.36" route="routebottom" type="cfm-slow" waiting="0.00" lane="right_0" pos="10.45" speed="29.78" angle="345.68" x="128.59" y="85.84"/>
        <vehicle id="cfm-slow_4" eclass="HBEFA3/PC_G_EU4" CO2="0.00" CO="0.00" HC="0.00" NOx="0.00" PMx="0.00" fuel="0.00" electricity="0.00" noise="72.70" route="routebottom" type="cfm-slow" waiting="0.00" lane="right_0" pos="35.48" speed="29.89" angle="300.71" x="93.93" y="125.23"/>
        <vehicle id="cfm-slow_5" eclass="HBEFA3/PC_G_EU4" CO2="0.00" CO="0.00" HC="0.00" NOx="0.00" PMx="0.00" fuel="0.00" electricity="0.00" noise="71.65" route="routetop" type="cfm-slow" waiting="0.00" lane="top_0" pos="10.49" speed="28.60" angle="255.60" x="41.42" y="128.56"/>
    </timestep>
    <timestep time="5.72">
        <vehicle id="cfm-fast_0" eclass="HBEFA3/PC_G_EU4" CO2="0.00" CO="0.00" HC="0.00" NOx="0.00" PMx="0.00" fuel="0.00" electricity="0.00" noise="70.53" route="routetop" type="cfm-fast" waiting="0.00" lane="top_0" pos="34.42" speed="26.37" angle="212.56" x="3.13" y="95.95"/>
        <vehicle id="cfm-fast_1" eclass="HBEFA3/PC_G_EU4" CO2="222296.01" CO="5397.51" HC="30.20" NOx="103.46" PMx="6.16" fuel="95.55" electricity="0.00" noise="135.61" route="routebottom" type="cfm-fast" waiting="0.00" lane="bottom_1" pos="25.13" speed="67.49" angle="49.28" x="110.02" y="17.68"/>
        <vehicle id="cfm-fast_2" eclass="HBEFA3/PC_G_EU4" CO2="0.00" CO="0.00" HC="0.00" NOx="0.00" PMx="0.00" fuel="0.00" electricity="0.00" noise="69.80" route="routetop" type="cfm-fast" waiting="0.00" lane="left_0" pos="1.95" speed="24.14" angle="180.97" x="-4.80" y="59.37"/>
        <vehicle id="cfm-fast_3" eclass="HBEFA3/PC_G_EU4" CO2="4460.33" CO="17.17" HC="0.19" NOx="1.49" PMx="0.07" fuel="1.92" electricity="0.00" noise="70.51" route="routetop" type="cfm-fast" waiting="0.00" lane="left_0" pos="17.12" speed="23.07" angle="153.66" x="4.76" y="28.49"/>
        <vehicle id="cfm-fast_4" eclass="HBEFA3/PC_G_EU4" CO2="315414.78" CO="7746.49" HC="43.26" NOx="147.27" PMx="8.78" fuel="135.58" electricity="0.00" noise="152.28" route="routebottom" type="cfm-fast" waiting="0.00" lane="right_1" pos="35.62" speed="77.55" angle="300.40" x="92.18" y="122.41"/>
        <vehicle id="cfm-fast_5" eclass="HBEFA3/PC_G_EU4" CO2="12865.55" CO="190.04" HC="1.18" NOx="5.45" PMx="0.29" fuel="5.53" electricity="0.00" noise="74.00" route="routetop" type="cfm-fast" waiting="0.00" lane="left_0" pos="31.44" speed="22.96" angle="127.94" x="25.87" y="6.41"/>
        <vehicle id="cfm-slow_0" eclass="HBEFA3/PC_G_EU4" CO2="17285.34" CO="284.08" HC="1.72" NOx="7.51" PMx="0.41" fuel="7.43" electricity="0.00" noise="76.62" route="routetop" type="cfm-slow" waiting="0.00" lane="left_0" pos="45.63" speed="24.40" angle="102.45" x="54.19" y="-4.28"/>
        <vehicle id="cfm-slow_1" eclass="HBEFA3/PC_G_EU4" CO2="19325.29" CO="333.17" HC="2.00" NOx="8.42" PMx="0.47" fuel="8.31" electricity="0.00" noise="77.82" route="routebottom" type="cfm-slow" waiting="0.00" lane="bottom_0" pos="15.30" speed="26.40" angle="66.92" x="95.43" y="2.84"/>
        <vehicle id="cfm-slow_2" eclass="HBEFA3/PC_G_EU4" CO2="16661.57" CO="288.90" HC="1.73" NOx="7.12" PMx="0.40" fuel="7.16" electricity="0.00" noise="76.77" route="routebottom" type="cfm-slow" waiting="0.00" lane="bottom_0" pos="37.02" speed="28.42" angle="27.82" x="126.62" y="36.41"/>
        <vehicle id="cfm-slow_3" eclass="HBEFA3/PC_G_EU4" CO2="8205.82" CO="123.88" HC="0.77" NOx="3.10" PMx="0.19" fuel="3.53" electricity="0.00" noise="74.33" route="routebottom" type="cfm-slow" waiting="0.00" lane="right_0" pos="10.75" speed="29.78" angle="345.11" x="128.37" y="86.44"/>
        <vehicle id="cfm-slow_4" eclass="HBEFA3/PC_G_EU4" CO2="0.00" CO="0.00" HC="0.00" NOx="0.00" PMx="0.00" fuel="0.00" electricity="0.00" noise="72.69" route="routebottom" type="cfm-slow" waiting="0.00" lane="right_0" pos="35.78" speed="29.88" angle="300.17" x="93.35" y="125.52"/>
        <vehicle id="cfm-slow_5" eclass="HBEFA3/PC_G_EU4" CO2="0.00" CO="0.00" HC="0.00" NOx="0.00" PMx="0.00" fuel="0.00" electricity="0.00" noise="71.64" route="routetop" type="cfm-slow" waiting="0.00" lane="top_0" pos="10.77" speed="28.58" angle="255.06" x="40.84" y="128.36"/>
    </timestep>
    <timestep time="5.73">
        <vehicle id="cfm-fast_0" eclass="HBEFA3/PC_G_EU4" CO2="0.00" CO="0.00" HC="0.00" NOx="0.00" PMx="0.00" fuel="0.00" electricity="0.00" noise="70.52" route="routetop" type="cfm-fast" waiting="0.00" lane="top_0" pos="34.68" speed="26.35" angle="212.15" x="2.86" y="95.45"/>
        <vehicle id="cfm-fast_1" eclass="HBEFA3/PC_G_EU4" CO2="222998.21" CO="5416.22" HC="30.31" NOx="103.79" PMx="6.18" fuel="95.86" electricity="0.00" noise="135.73" route="routebottom" type="cfm-fast" waiting="0.00" lane="bottom_1" pos="25.81" speed="67.60" angle="48.08" x="110.99" y="18.67"/>
        <vehicle id="cfm-fast_2" eclass="HBEFA3/PC_G_EU4" CO2="0.00" CO="0.00" HC="0.00" NOx="0.00" PMx="0.00" fuel="0.00" electricity="0.00" noise="69.80" route="routetop" type="cfm-fast" waiting="0.00" lane="left_0" pos="2.19" speed="24.13" angle="180.54" x="-4.77" y="58.86"/>
        <vehicle id="cfm-fast_3" eclass="HBEFA3/PC_G_EU4" CO2="4525.46" CO="18.51" HC="0.20" NOx="1.52" PMx="0.07" fuel="1.95" electricity="0.00" noise="70.53" route="routetop" type="cfm-fast" waiting="0.00" lane="left_0" pos="17.35" speed="23.07" angle="153.23" x="5.02" y="28.06"/>
        <vehicle id="cfm-fast_4" eclass="HBEFA3/PC_G_EU4" CO2="316047.97" CO="7765.96" HC="43.36" NOx="147.57" PMx="8.79" fuel="135.85" electricity="0.00" noise="152.35" route="routebottom" type="cfm-fast" waiting="0.00" lane="right_1" pos="36.40" speed="77.68" angle="299.00" x="90.73" y="123.09"/>
        <vehicle id="cfm-fast_5" eclass="HBEFA3/PC_G_EU4" CO2="12901.05" CO="190.79" HC="1.19" NOx="5.47" PMx="0.29" fuel="5.55" electricity="0.00" noise="74.03" route="routetop" type="cfm-fast" waiting="0.00" lane="left_0" pos="31.67" speed="22.97" angle="127.52" x="26.28" y="6.13"/>
        <vehicle id="cfm-slow_0" eclass="HBEFA3/PC_G_EU4" CO2="17301.28" CO="284.46" HC="1.72" NOx="7.51" PMx="0.41" fuel="7.44" electricity="0.00" noise="76.63" route="routetop" type="cfm-slow" waiting="0.00" lane="left_0" pos="45.87" speed="24.42" angle="102.00" x="54.71" y="-4.36"/>
        <vehicle id="cfm-slow_1" eclass="HBEFA3/PC_G_EU4" CO2="19299.17" CO="332.73" HC="2.00" NOx="8.41" PMx="0.47" fuel="8.30" electricity="0.00" noise="77.80" route="routebottom" type="cfm-slow" waiting="0.00" lane="bottom_0" pos="15.57" speed="26.42" angle="66.46" x="95.93" y="3.11"/>
        <vehicle id="cfm-slow_2" eclass="HBEFA3/PC_G_EU4" CO2="16578.92" CO="287.29" HC="1.72" NOx="7.08" PMx="0.40" fuel="7.13" electricity="0.00" noise="76.74" route="routebottom" type="cfm-slow" waiting="0.00" lane="bottom_0" pos="37.30" speed="28.43" angle="27.37" x="126.87" y="36.97"/>
        <vehicle id="cfm-slow_3" eclass="HBEFA3/PC_G_EU4" CO2="8093.76" CO="121.59" HC="0.76" NOx="3.05" PMx="0.19" fuel="3.48" electricity="0.00" noise="74.31" route="routebottom" type="cfm-slow" waiting="0.00" lane="right_0" pos="11.05" speed="29.79" angle="344.54" x="128.15" y="87.04"/>
        <vehicle id="cfm-slow_4" eclass="HBEFA3/PC_G_EU4" CO2="0.00" CO="0.00" HC="0.00" NOx="0.00" PMx="0.00" fuel="0.00" electricity="0.00" noise="72.68" route="routebottom" type="cfm-slow" waiting="0.00" lane="right_0" pos="36.07" speed="29.87" angle="299.66" x="92.77" y="125.79"/>
        <vehicle id="cfm-slow_5" eclass="HBEFA3/PC_G_EU4" CO2="0.00" CO="0.00" HC="0.00" NOx="0.00" PMx="0.00" fuel="0.00" electricity="0.00" noise="71.63" route="routetop" type="cfm-slow" waiting="0.00" lane="top_0" pos="11.06" speed="28.56" angle="254.52" x="40.26" y="128.15"/>
    </timestep>
    <timestep time="5.74">
        <vehicle id="cfm-fast_0" eclass="HBEFA3/PC_G_EU4" CO2="0.00" CO="0.00" HC="0.00" NOx="0.00" PMx="0.00" fuel="0.00" electricity="0.00" noise="70.51" route="routetop" type="cfm-fast" waiting="0.00" lane="top_0" pos="34.95" speed="26.33" angle="211.66" x="2.61" y="94.95"/>
        <vehicle id="cfm-fast_1" eclass="HBEFA3/PC_G_EU4" CO2="223701.21" CO="5434.96" HC="30.41" NOx="104.12" PMx="6.20" fuel="96.16" electricity="0.00" noise="135.86" route="routebottom" type="cfm-fast" waiting="0.00" lane="bottom_1" pos="26.48" speed="67.71" angle="46.84" x="111.93" y="19.69"/>
        <vehicle id="cfm-fast_2" eclass="HBEFA3/PC_G_EU4" CO2="0.00" CO="0.00" HC="0.00" NOx="0.00" PMx="0.00" fuel="0.00" electricity="0.00" noise="69.80" route="routetop" type="cfm-fast" waiting="0.00" lane="left_0" pos="2.43" speed="24.13" angle="180.11" x="-4.74" y="58.34"/>
        <vehicle id="cfm-fast_3" eclass="HBEFA3/PC_G_EU4" CO2="4590.45" CO="19.85" HC="0.20" NOx="1.55" PMx="0.07" fuel="1.97" electricity="0.00" noise="70.55" route="routetop" type="cfm-fast" waiting="0.00" lane="left_0" pos="17.58" speed="23.07" angle="152.81" x="5.27" y="27.64"/>
        <vehicle id="cfm-fast_4" eclass="HBEFA3/PC_G_EU4" CO2="316681.45" CO="7785.45" HC="43.47" NOx="147.87" PMx="8.81" fuel="136.13" electricity="0.00" noise="152.41" route="routebottom" type="cfm-fast" waiting="0.00" lane="right_1" pos="37.18" speed="77.82" angle="297.59" x="89.28" y="123.74"/>
        <vehicle id="cfm-fast_5" eclass="HBEFA3/PC_G_EU4" CO2="12936.44" CO="191.54" HC="1.19" NOx="5.49" PMx="0.29" fuel="5.56" electricity="0.00" noise="74.05" route="routetop" type="cfm-fast" waiting="0.00" lane="left_0" pos="31.90" speed="22.99" angle="127.11" x="26.70" y="5.86"/>
        <vehicle id="cfm-slow_0" eclass="HBEFA3/PC_G_EU4" CO2="17316.91" CO="284.84" HC="1.73" NOx="7.52" PMx="0.41" fuel="7.44" electricity="0.00" noise="76.64" route="routetop" type="cfm-slow" waiting="0.00" lane="left_0" pos="46.11" speed="24.44" angle="101.57" x="55.23" y="-4.43"/>
        <vehicle id="cfm-slow_1" eclass="HBEFA3/PC_G_EU4" CO2="19272.57" CO="332.27" HC="1.99" NOx="8.40" PMx="0.47" fuel="8.28" electricity="0.00" noise="77.79" route="routebottom" type="cfm-slow" waiting="0.00" lane="bottom_0" pos="15.83" speed="26.44" angle="65.98" x="96.42" y="3.39"/>
        <vehicle id="cfm-slow_2" eclass="HBEFA3/PC_G_EU4" CO2="16495.98" CO="285.67" HC="1.71" NOx="7.04" PMx="0.40" fuel="7.09" electricity="0.00" noise="76.71" route="routebottom" type="cfm-slow" waiting="0.00" lane="bottom_0" pos="37.59" speed="28.45" angle="26.85" x="127.09" y="37.54"/>
        <vehicle id="cfm-slow_3" eclass="HBEFA3/PC_G_EU4" CO2="7981.99" CO="119.31" HC="0.75" NOx="3.00" PMx="0.18" fuel="3.43" electricity="0.00" noise="74.28" route="routebottom" type="cfm-slow" waiting="0.00" lane="right_0" pos="11.34" speed="29.79" angle="343.98" x="127.94" y="87.64"/>
        <vehicle id="cfm-slow_4" eclass="HBEFA3/PC_G_EU4" CO2="0.00" CO="0.00" HC="0.00" NOx="0.00" PMx="0.00" fuel="0.00" electricity="0.00" noise="72.67" route="routebottom" type="cfm-slow" waiting="0.00" lane="right_0" pos="36.37" speed="29.86" angle="299.08" x="92.18" y="126.06"/>
        <vehicle id="cfm-slow_5" eclass="HBEFA3/PC_G_EU4" CO2="0.00" CO="0.00" HC="0.00" NOx="0.00" PMx="0.00" fuel="0.00" electricity="0.00" noise="71.62" route="routetop" type="cfm-slow" waiting="0.00" lane="top_0" pos="11.34" speed="28.54" angle="253.98" x="39.68" y="127.94"/>
    </timestep>
    <timestep time="5.75">
        <vehicle id="cfm-fast_0" eclass="HBEFA3/PC_G_EU4" CO2="0.00" CO="0.00" HC="0.00" NOx="0.00" PMx="0.00" fuel="0.00" electricity="0.00" noise="70.50" route="routetop" type="cfm-fast" waiting="0.00" lane="top_0" pos="35.21" speed="26.32" angle="211.17" x="2.35" y="94.44"/>
        <vehicle id="cfm-fast_1" eclass="HBEFA3/PC_G_EU4" CO2="224404.98" CO="5453.74" HC="30.51" NOx="104.45" PMx="6.22" fuel="96.46" electricity="0.00" noise="135.98" route="routebottom" type="cfm-fast" waiting="0.00" lane="bottom_1" pos="27.16" speed="67.82" angle="45.65" x="112.86" y="20.72"/>
        <vehicle id="cfm-fast_2" eclass="HBEFA3/PC_G_EU4" CO2="0.00" CO="0.00" HC="0.00" NOx="0.00" PMx="0.00" fuel="0.00" electricity="0.00" noise="69.80" route="routetop" type="cfm-fast" waiting="0.00" lane="left_0" pos="2.67" speed="24.12" angle="179.70" x="-4.70" y="57.82"/>
        <vehicle id="cfm-fast_3" eclass="HBEFA3/PC_G_EU4" CO2="4655.29" CO="21.19" HC="0.21" NOx="1.58" PMx="0.08" fuel="2.00" electricity="0.00" noise="70.57" route="routetop" type="cfm-fast" waiting="0.00" lane="left_0" pos="17.81" speed="23.08" angle="152.39" x="5.53" y="27.21"/>
        <vehicle id="cfm-fast_4" eclass="HBEFA3/PC_G_EU4" CO2="317315.21" CO="7804.96" HC="43.57" NOx="148.16" PMx="8.83" fuel="136.40" electricity="0.00" noise="152.48" route="routebottom" type="cfm-fast" waiting="0.00" lane="right_1" pos="37.96" speed="77.96" angle="296.15" x="87.79" y="124.33"/>
        <vehicle id="cfm-fast_5" eclass="HBEFA3/PC_G_EU4" CO2="12971.71" CO="192.29" HC="1.20" NOx="5.50" PMx="0.29" fuel="5.58" electricity="0.00" noise="74.07" route="routetop" type="cfm-fast" waiting="0.00" lane="left_0" pos="32.13" speed="23.00" angle="126.75" x="27.11" y="5.59"/>
        <vehicle id="cfm-slow_0" eclass="HBEFA3/PC_G_EU4" CO2="17332.20" CO="285.22" HC="1.73" NOx="7.53" PMx="0.41" fuel="7.45" electricity="0.00" noise="76.65" route="routetop" type="cfm-slow" waiting="0.00" lane="left_0" pos="46.36" speed="24.46" angle="101.15" x="55.75" y="-4.49"/>
        <vehicle id="cfm-slow_1" eclass="HBEFA3/PC_G_EU4" CO2="19245.49" CO="331.81" HC="1.99" NOx="8.39" PMx="0.46" fuel="8.27" electricity="0.00" noise="77.78" route="routebottom" type="cfm-slow" waiting="0.00" lane="bottom_0" pos="16.10" speed="26.46" angle="65.49" x="96.92" y="3.67"/>
        <vehicle id="cfm-slow_2" eclass="HBEFA3/PC_G_EU4" CO2="16412.76" CO="284.05" HC="1.71" NOx="7.00" PMx="0.40" fuel="7.06" electricity="0.00" noise="76.67" route="routebottom" type="cfm-slow" waiting="0.00" lane="bottom_0" pos="37.87" speed="28.46" angle="26.34" x="127.32" y="38.11"/>
        <vehicle id="cfm-slow_3" eclass="HBEFA3/PC_G_EU4" CO2="7870.50" CO="117.04" HC="0.73" NOx="2.94" PMx="0.18" fuel="3.38" electricity="0.00" noise="74.26" route="routebottom" type="cfm-slow" waiting="0.00" lane="right_0" pos="11.64" speed="29.79" angle="343.48" x="127.71" y="88.24"/>
        <vehicle id="cfm-slow_4" eclass="HBEFA3/PC_G_EU4" CO2="0.00" CO="0.00" HC="0.00" NOx="0.00" PMx="0.00" fuel="0.00" electricity="0.00" noise="72.65" route="routebottom" type="cfm-slow" waiting="0.00" lane="right_0" pos="36.67" speed="29.84" angle="298.50" x="91.60" y="126.32"/>
        <vehicle id="cfm-slow_5" eclass="HBEFA3/PC_G_EU4" CO2="0.00" CO="0.00" HC="0.00" NOx="0.00" PMx="0.00" fuel="0.00" electricity="0.00" noise="71.61" route="routetop" type="cfm-slow" waiting="0.00" lane="top_0" pos="11.63" speed="28.52" angle="253.51" x="39.11" y="127.72"/>
    </timestep>
    <timestep time="5.76">
        <vehicle id="cfm-fast_0" eclass="HBEFA3/PC_G_EU4" CO2="0.00" CO="0.00" HC="0.00" NOx="0.00" PMx="0.00" fuel="0.00" electricity="0.00" noise="70.49" route="routetop" type="cfm-fast" waiting="0.00" lane="top_0" pos="35.47" speed="26.30" angle="210.69" x="2.10" y="93.93"/>
        <vehicle id="cfm-fast_1" eclass="HBEFA3/PC_G_EU4" CO2="225109.52" CO="5472.54" HC="30.62" NOx="104.78" PMx="6.24" fuel="96.76" electricity="0.00" noise="136.11" route="routebottom" type="cfm-fast" waiting="0.00" lane="bottom_1" pos="27.84" speed="67.93" angle="44.35" x="113.76" y="21.78"/>
        <vehicle id="cfm-fast_2" eclass="HBEFA3/PC_G_EU4" CO2="0.00" CO="0.00" HC="0.00" NOx="0.00" PMx="0.00" fuel="0.00" electricity="0.00" noise="69.81" route="routetop" type="cfm-fast" waiting="0.00" lane="left_0" pos="2.92" speed="24.11" angle="179.27" x="-4.64" y="57.31"/>
        <vehicle id="cfm-fast_3" eclass="HBEFA3/PC_G_EU4" CO2="4720.00" CO="22.52" HC="0.22" NOx="1.61" PMx="0.08" fuel="2.03" electricity="0.00" noise="70.59" route="routetop" type="cfm-fast" waiting="0.00" lane="left_0" pos="18.05" speed="23.08" angle="152.03" x="5.79" y="26.79"/>
        <vehicle id="cfm-fast_4" eclass="HBEFA3/PC_G_EU4" CO2="317949.28" CO="7824.50" HC="43.68" NOx="148.46" PMx="8.85" fuel="136.67" electricity="0.00" noise="152.54" route="routebottom" type="cfm-fast" waiting="0.00" lane="right_1" pos="38.74" speed="78.09" angle="294.77" x="86.30" y="124.91"/>
        <vehicle id="cfm-fast_5" eclass="HBEFA3/PC_G_EU4" CO2="13006.86" CO="193.04" HC="1.20" NOx="5.52" PMx="0.29" fuel="5.59" electricity="0.00" noise="74.09" route="routetop" type="cfm-fast" waiting="0.00" lane="left_0" pos="32.36" speed="23.02" angle="126.32" x="27.54" y="5.34"/>
        <vehicle id="cfm-slow_0" eclass="HBEFA3/PC_G_EU4" CO2="17347.17" CO="285.58" HC="1.73" NOx="7.53" PMx="0.41" fuel="7.46" electricity="0.00" noise="76.65" route="routetop" type="cfm-slow" waiting="0.00" lane="left_0" pos="46.60" speed="24.48" angle="100.71" x="56.28" y="-4.54"/>
        <vehicle id="cfm-slow_1" eclass="HBEFA3/PC_G_EU4" CO2="19217.92" CO="331.34" HC="1.99" NOx="8.37" PMx="0.46" fuel="8.26" electricity="0.00" noise="77.76" route="routebottom" type="cfm-slow" waiting="0.00" lane="bottom_0" pos="16.36" speed="26.48" angle="65.00" x="97.42" y="3.94"/>
        <vehicle id="cfm-slow_2" eclass="HBEFA3/PC_G_EU4" CO2="16329.26" CO="282.42" HC="1.70" NOx="6.96" PMx="0.40" fuel="7.02" electricity="0.00" noise="76.64" route="routebottom" type="cfm-slow" waiting="0.00" lane="bottom_0" pos="38.15" speed="28.48" angle="25.83" x="127.55" y="38.68"/>
        <vehicle id="cfm-slow_3" eclass="HBEFA3/PC_G_EU4" CO2="7759.31" CO="114.77" HC="0.72" NOx="2.89" PMx="0.18" fuel="3.34" electricity="0.00" noise="74.23" route="routebottom" type="cfm-slow" waiting="0.00" lane="right_0" pos="11.94" speed="29.80" angle="342.94" x="127.47" y="88.84"/>
        <vehicle id="cfm-slow_4" eclass="HBEFA3/PC_G_EU4" CO2="0.00" CO="0.00" HC="0.00" NOx="0.00" PMx="0.00" fuel="0.00" electricity="0.00" noise="72.64" route="routebottom" type="cfm-slow" waiting="0.00" lane="right_0" pos="36.97" speed="29.83" angle="297.92" x="91.01" y="126.58"/>
        <vehicle id="cfm-slow_5" eclass="HBEFA3/PC_G_EU4" CO2="0.00" CO="0.00" HC="0.00" NOx="0.00" PMx="0.00" fuel="0.00" electricity="0.00" noise="71.60" route="routetop" type="cfm-slow" waiting="0.00" lane="top_0" pos="11.91" speed="28.50" angle="253.00" x="38.54" y="127.49"/>
    </timestep>
    <timestep time="5.77">
        <vehicle id="cfm-fast_0" eclass="HBEFA3/PC_G_EU4" CO2="0.00" CO="0.00" HC="0.00" NOx="0.00" PMx="0.00" fuel="0.00" electricity="0.00" noise="70.49" route="routetop" type="cfm-fast" waiting="0.00" lane="top_0" pos="35.74" speed="26.28" angle="210.20" x="1.85" y="93.43"/>
        <vehicle id="cfm-fast_1" eclass="HBEFA3/PC_G_EU4" CO2="225814.81" CO="5491.38" HC="30.72" NOx="105.11" PMx="6.26" fuel="97.07" electricity="0.00" noise="136.23" route="routebottom" type="cfm-fast" waiting="0.00" lane="bottom_1" pos="28.52" speed="68.04" angle="43.14" x="114.64" y="22.86"/>
        <vehicle id="cfm-fast_2" eclass="HBEFA3/PC_G_EU4" CO2="0.00" CO="0.00" HC="0.00" NOx="0.00" PMx="0.00" fuel="0.00" electricity="0.00" noise="69.81" route="routetop" type="cfm-fast" waiting="0.00" lane="left_0" pos="3.16" speed="24.10" angle="178.83" x="-4.59" y="56.79"/>
        <vehicle id="cfm-fast_3" eclass="HBEFA3/PC_G_EU4" CO2="4784.56" CO="23.85" HC="0.23" NOx="1.64" PMx="0.08" fuel="2.06" electricity="0.00" noise="70.61" route="routetop" type="cfm-fast" waiting="0.00" lane="left_0" pos="18.28" speed="23.08" angle="151.59" x="6.07" y="26.38"/>
        <vehicle id="cfm-fast_4" eclass="HBEFA3/PC_G_EU4" CO2="318583.63" CO="7844.06" HC="43.78" NOx="148.76" PMx="8.87" fuel="136.94" electricity="0.00" noise="152.61" route="routebottom" type="cfm-fast" waiting="0.00" lane="right_1" pos="39.52" speed="78.23" angle="293.38" x="84.79" y="125.46"/>
        <vehicle id="cfm-fast_5" eclass="HBEFA3/PC_G_EU4" CO2="13041.89" CO="193.78" HC="1.20" NOx="5.54" PMx="0.29" fuel="5.61" electricity="0.00" noise="74.11" route="routetop" type="cfm-fast" waiting="0.00" lane="left_0" pos="32.59" speed="23.03" angle="125.89" x="27.96" y="5.08"/>
        <vehicle id="cfm-slow_0" eclass="HBEFA3/PC_G_EU4" CO2="17361.80" CO="285.94" HC="1.73" NOx="7.54" PMx="0.41" fuel="7.46" electricity="0.00" noise="76.66" route="routetop" type="cfm-slow" waiting="0.00" lane="left_0" pos="46.85" speed="24.50" angle="100.26" x="56.80" y="-4.59"/>
        <vehicle id="cfm-slow_1" eclass="HBEFA3/PC_G_EU4" CO2="19189.87" CO="330.85" HC="1.99" NOx="8.36" PMx="0.46" fuel="8.25" electricity="0.00" noise="77.75" route="routebottom" type="cfm-slow" waiting="0.00" lane="bottom_0" pos="16.63" speed="26.50" angle="64.55" x="97.92" y="4.22"/>
        <vehicle id="cfm-slow_2" eclass="HBEFA3/PC_G_EU4" CO2="16245.48" CO="280.79" HC="1.69" NOx="6.92" PMx="0.39" fuel="6.98" electricity="0.00" noise="76.61" route="routebottom" type="cfm-slow" waiting="0.00" lane="bottom_0" pos="38.44" speed="28.49" angle="25.35" x="127.78" y="39.25"/>
        <vehicle id="cfm-slow_3" eclass="HBEFA3/PC_G_EU4" CO2="7648.43" CO="112.50" HC="0.71" NOx="2.84" PMx="0.17" fuel="3.29" electricity="0.00" noise="74.21" route="routebottom" type="cfm-slow" waiting="0.00" lane="right_0" pos="12.24" speed="29.80" angle="342.40" x="127.23" y="89.43"/>
        <vehicle id="cfm-slow_4" eclass="HBEFA3/PC_G_EU4" CO2="0.00" CO="0.00" HC="0.00" NOx="0.00" PMx="0.00" fuel="0.00" electricity="0.00" noise="72.63" route="routebottom" type="cfm-slow" waiting="0.00" lane="right_0" pos="37.27" speed="29.82" angle="297.43" x="90.42" y="126.84"/>
        <vehicle id="cfm-slow_5" eclass="HBEFA3/PC_G_EU4" CO2="0.00" CO="0.00" HC="0.00" NOx="0.00" PMx="0.00" fuel="0.00" electricity="0.00" noise="71.59" route="routetop" type="cfm-slow" waiting="0.00" lane="top_0" pos="12.20" speed="28.48" angle="252.48" x="37.97" y="127.27"/>
    </timestep>
    <timestep time="5.78">
        <vehicle id="cfm-fast_0" eclass="HBEFA3/PC_G_EU4" CO2="0.00" CO="0.00" HC="0.00" NOx="0.00" PMx="0.00" fuel="0.00" electricity="0.00" noise="70.48" route="routetop" type="cfm-fast" waiting="0.00" lane="top_0" pos="36.00" speed="26.26" angle="209.77" x="1.60" y="92.92"/>
        <vehicle id="cfm-fast_1" eclass="HBEFA3/PC_G_EU4" CO2="226520.84" CO="5510.25" HC="30.83" NOx="105.44" PMx="6.28" fuel="97.37" electricity="0.00" noise="136.35" route="routebottom" type="cfm-fast" waiting="0.00" lane="bottom_1" pos="29.20" speed="68.15" angle="41.87" x="115.51" y="23.96"/>
        <vehicle id="cfm-fast_2" eclass="HBEFA3/PC_G_EU4" CO2="0.00" CO="0.00" HC="0.00" NOx="0.00" PMx="0.00" fuel="0.00" electricity="0.00" noise="69.81" route="routetop" type="cfm-fast" waiting="0.00" lane="left_0" pos="3.40" speed="24.09" angle="178.40" x="-4.54" y="56.27"/>
        <vehicle id="cfm-fast_3" eclass="HBEFA3/PC_G_EU4" CO2="4848.98" CO="25.18" HC="0.23" NOx="1.67" PMx="0.08" fuel="2.08" electricity="0.00" noise="70.63" route="routetop" type="cfm-fast" waiting="0.00" lane="left_0" pos="18.51" speed="23.08" angle="151.16" x="6.34" y="25.97"/>
        <vehicle id="cfm-fast_4" eclass="HBEFA3/PC_G_EU4" CO2="319218.27" CO="7863.63" HC="43.89" NOx="149.06" PMx="8.89" fuel="137.22" electricity="0.00" noise="152.67" route="routebottom" type="cfm-fast" waiting="0.00" lane="right_1" pos="40.30" speed="78.37" angle="292.00" x="83.27" y="125.96"/>
        <vehicle id="cfm-fast_5" eclass="HBEFA3/PC_G_EU4" CO2="13076.80" CO="194.53" HC="1.21" NOx="5.55" PMx="0.30" fuel="5.62" electricity="0.00" noise="74.13" route="routetop" type="cfm-fast" waiting="0.00" lane="left_0" pos="32.82" speed="23.05" angle="125.46" x="28.39" y="4.83"/>
        <vehicle id="cfm-slow_0" eclass="HBEFA3/PC_G_EU4" CO2="17376.11" CO="286.29" HC="1.74" NOx="7.55" PMx="0.41" fuel="7.47" electricity="0.00" noise="76.67" route="routetop" type="cfm-slow" waiting="0.00" lane="left_0" pos="47.09" speed="24.52" angle="99.81" x="57.33" y="-4.65"/>
        <vehicle id="cfm-slow_1" eclass="HBEFA3/PC_G_EU4" CO2="19161.35" CO="330.36" HC="1.98" NOx="8.34" PMx="0.46" fuel="8.24" electricity="0.00" noise="77.74" route="routebottom" type="cfm-slow" waiting="0.00" lane="bottom_0" pos="16.89" speed="26.53" angle="64.07" x="98.41" y="4.51"/>
        <vehicle id="cfm-slow_2" eclass="HBEFA3/PC_G_EU4" CO2="16161.42" CO="279.15" HC="1.68" NOx="6.88" PMx="0.39" fuel="6.95" electricity="0.00" noise="76.58" route="routebottom" type="cfm-slow" waiting="0.00" lane="bottom_0" pos="38.72" speed="28.51" angle="24.85" x="127.99" y="39.82"/>
        <vehicle id="cfm-slow_3" eclass="HBEFA3/PC_G_EU4" CO2="7537.84" CO="110.24" HC="0.69" NOx="2.79" PMx="0.17" fuel="3.24" electricity="0.00" noise="74.18" route="routebottom" type="cfm-slow" waiting="0.00" lane="right_0" pos="12.53" speed="29.80" angle="341.85" x="126.99" y="90.03"/>
        <vehicle id="cfm-slow_4" eclass="HBEFA3/PC_G_EU4" CO2="0.00" CO="0.00" HC="0.00" NOx="0.00" PMx="0.00" fuel="0.00" electricity="0.00" noise="72.62" route="routebottom" type="cfm-slow" waiting="0.00" lane="right_0" pos="37.57" speed="29.81" angle="296.89" x="89.83" y="127.07"/>
        <vehicle id="cfm-slow_5" eclass="HBEFA3/PC_G_EU4" CO2="0.00" CO="0.00" HC="0.00" NOx="0.00" PMx="0.00" fuel="0.00" electricity="0.00" noise="71.58" route="routetop" type="cfm-slow" waiting="0.00" lane="top_0" pos="12.48" speed="28.46" angle="251.96" x="37.40" y="127.04"/>
    </timestep>
    <timestep time="5.79">
        <vehicle id="cfm-fast_0" eclass="HBEFA3/PC_G_EU4" CO2="0.00" CO="0.00" HC="0.00" NOx="0.00" PMx="0.00" fuel="0.00" electricity="0.00" noise="70.47" route="routetop" type="cfm-fast" waiting="0.00" lane="top_0" pos="36.26" speed="26.24" angle="209.28" x="1.37" y="92.40"/>
        <vehicle id="cfm-fast_1" eclass="HBEFA3/PC_G_EU4" CO2="227227.60" CO="5529.15" HC="30.93" NOx="105.78" PMx="6.30" fuel="97.67" electricity="0.00" noise="136.48" route="routebottom" type="cfm-fast" waiting="0.00" lane="bottom_1" pos="29.88" speed="68.26" angle="40.69" x="116.34" y="25.08"/>
        <vehicle id="cfm-fast_2" eclass="HBEFA3/PC_G_EU4" CO2="0.00" CO="0.00" HC="0.00" NOx="0.00" PMx="0.00" fuel="0.00" electricity="0.00" noise="69.81" route="routetop" type="cfm-fast" waiting="0.00" lane="left_0" pos="3.64" speed="24.08" angle="177.97" x="-4.49" y="55.76"/>
        <vehicle id="cfm-fast_3" eclass="HBEFA3/PC_G_EU4" CO2="4913.26" CO="26.51" HC="0.24" NOx="1.70" PMx="0.08" fuel="2.11" electricity="0.00" noise="70.65" route="routetop" type="cfm-fast" waiting="0.00" lane="left_0" pos="18.74" speed="23.08" angle="150.73" x="6.62" y="25.55"/>
        <vehicle id="cfm-fast_4" eclass="HBEFA3/PC_G_EU4" CO2="319853.21" CO="7883.23" HC="43.99" NOx="149.36" PMx="8.91" fuel="137.49" electricity="0.00" noise="152.74" route="routebottom" type="cfm-fast" waiting="0.00" lane="right_1" pos="41.09" speed="78.50" angle="290.59" x="81.73" y="126.43"/>
        <vehicle id="cfm-fast_5" eclass="HBEFA3/PC_G_EU4" CO2="13111.58" CO="195.27" HC="1.21" NOx="5.57" PMx="0.30" fuel="5.64" electricity="0.00" noise="74.15" route="routetop" type="cfm-fast" waiting="0.00" lane="left_0" pos="33.05" speed="23.06" angle="125.03" x="28.81" y="4.57"/>
        <vehicle id="cfm-slow_0" eclass="HBEFA3/PC_G_EU4" CO2="17390.08" CO="286.64" HC="1.74" NOx="7.55" PMx="0.41" fuel="7.48" electricity="0.00" noise="76.68" route="routetop" type="cfm-slow" waiting="0.00" lane="left_0" pos="47.34" speed="24.55" angle="99.36" x="57.85" y="-4.70"/>
        <vehicle id="cfm-slow_1" eclass="HBEFA3/PC_G_EU4" CO2="19132.34" CO="329.86" HC="1.98" NOx="8.33" PMx="0.46" fuel="8.22" electricity="0.00" noise="77.72" route="routebottom" type="cfm-slow" waiting="0.00" lane="bottom_0" pos="17.16" speed="26.55" angle="63.59" x="98.90" y="4.80"/>
        <vehicle id="cfm-slow_2" eclass="HBEFA3/PC_G_EU4" CO2="16077.10" CO="277.50" HC="1.67" NOx="6.84" PMx="0.39" fuel="6.91" electricity="0.00" noise="76.55" route="routebottom" type="cfm-slow" waiting="0.00" lane="bottom_0" pos="39.01" speed="28.52" angle="24.33" x="128.20" y="40.40"/>
        <vehicle id="cfm-slow_3" eclass="HBEFA3/PC_G_EU4" CO2="7427.57" CO="107.99" HC="0.68" NOx="2.74" PMx="0.17" fuel="3.19" electricity="0.00" noise="74.16" route="routebottom" type="cfm-slow" waiting="0.00" lane="right_0" pos="12.83" speed="29.80" angle="341.37" x="126.75" y="90.62"/>
        <vehicle id="cfm-slow_4" eclass="HBEFA3/PC_G_EU4" CO2="0.00" CO="0.00" HC="0.00" NOx="0.00" PMx="0.00" fuel="0.00" electricity="0.00" noise="72.61" route="routebottom" type="cfm-slow" waiting="0.00" lane="right_0" pos="37.86" speed="29.80" angle="296.36" x="89.23" y="127.31"/>
        <vehicle id="cfm-slow_5" eclass="HBEFA3/PC_G_EU4" CO2="0.00" CO="0.00" HC="0.00" NOx="0.00" PMx="0.00" fuel="0.00" electricity="0.00" noise="71.57" route="routetop" type="cfm-slow" waiting="0.00" lane="top_0" pos="12.77" speed="28.44" angle="251.49" x="36.83" y="126.81"/>
    </timestep>
    <timestep time="5.80">
        <vehicle id="cfm-fast_0" eclass="HBEFA3/PC_G_EU4" CO2="0.00" CO="0.00" HC="0.00" NOx="0.00" PMx="0.00" fuel="0.00" electricity="0.00" noise="70.46" route="routetop" type="cfm-fast" waiting="0.00" lane="top_0" pos="36.52" speed="26.22" angle="208.79" x="1.14" y="91.89"/>
        <vehicle id="cfm-fast_1" eclass="HBEFA3/PC_G_EU4" CO2="227935.07" CO="5548.09" HC="31.03" NOx="106.11" PMx="6.33" fuel="97.98" electricity="0.00" noise="136.60" route="routebottom" type="cfm-fast" waiting="0.00" lane="bottom_1" pos="30.57" speed="68.37" angle="39.47" x="117.16" y="26.22"/>
        <vehicle id="cfm-fast_2" eclass="HBEFA3/PC_G_EU4" CO2="0.00" CO="0.00" HC="0.00" NOx="0.00" PMx="0.00" fuel="0.00" electricity="0.00" noise="69.82" route="routetop" type="cfm-fast" waiting="0.00" lane="left_0" pos="3.88" speed="24.07" angle="177.56" x="-4.43" y="55.24"/>
        <vehicle id="cfm-fast_3" eclass="HBEFA3/PC_G_EU4" CO2="4977.39" CO="27.83" HC="0.25" NOx="1.73" PMx="0.08" fuel="2.14" electricity="0.00" noise="70.67" route="routetop" type="cfm-fast" waiting="0.00" lane="left_0" pos="18.97" speed="23.08" angle="150.30" x="6.89" y="25.14"/>
        <vehicle id="cfm-fast_4" eclass="HBEFA3/PC_G_EU4" CO2="320488.44" CO="7902.86" HC="44.10" NOx="149.65" PMx="8.93" fuel="137.76" electricity="0.00" noise="152.81" route="routebottom" type="cfm-fast" waiting="0.00" lane="right_1" pos="41.87" speed="78.64" angle="289.11" x="80.17" y="126.84"/>
        <vehicle id="cfm-fast_5" eclass="HBEFA3/PC_G_EU4" CO2="13146.23" CO="196.01" HC="1.22" NOx="5.58" PMx="0.30" fuel="5.65" electricity="0.00" noise="74.18" route="routetop" type="cfm-fast" waiting="0.00" lane="left_0" pos="33.28" speed="23.08" angle="124.63" x="29.24" y="4.31"/>
        <vehicle id="cfm-slow_0" eclass="HBEFA3/PC_G_EU4" CO2="17403.71" CO="286.98" HC="1.74" NOx="7.56" PMx="0.41" fuel="7.48" electricity="0.00" noise="76.69" route="routetop" type="cfm-slow" waiting="0.00" lane="left_0" pos="47.59" speed="24.57" angle="98.96" x="58.38" y="-4.74"/>
        <vehicle id="cfm-slow_1" eclass="HBEFA3/PC_G_EU4" CO2="19102.85" CO="329.34" HC="1.98" NOx="8.32" PMx="0.46" fuel="8.21" electricity="0.00" noise="77.71" route="routebottom" type="cfm-slow" waiting="0.00" lane="bottom_0" pos="17.42" speed="26.57" angle="63.10" x="99.39" y="5.10"/>
        <vehicle id="cfm-slow_2" eclass="HBEFA3/PC_G_EU4" CO2="15992.52" CO="275.85" HC="1.66" NOx="6.80" PMx="0.39" fuel="6.87" electricity="0.00" noise="76.51" route="routebottom" type="cfm-slow" waiting="0.00" lane="bottom_0" pos="39.30" speed="28.54" angle="23.82" x="128.40" y="40.98"/>
        <vehicle id="cfm-slow_3" eclass="HBEFA3/PC_G_EU4" CO2="7317.61" CO="105.74" HC="0.67" NOx="2.68" PMx="0.17" fuel="3.15" electricity="0.00" noise="74.13" route="routebottom" type="cfm-slow" waiting="0.00" lane="right_0" pos="13.13" speed="29.80" angle="340.83" x="126.49" y="91.21"/>
        <vehicle id="cfm-slow_4" eclass="HBEFA3/PC_G_EU4" CO2="0.00" CO="0.00" HC="0.00" NOx="0.00" PMx="0.00" fuel="0.00" electricity="0.00" noise="72.60" route="routebottom" type="cfm-slow" waiting="0.00" lane="right_0" pos="38.16" speed="29.79" angle="295.82" x="88.64" y="127.55"/>
        <vehicle id="cfm-slow_5" eclass="HBEFA3/PC_G_EU4" CO2="0.00" CO="0.00" HC="0.00" NOx="0.00" PMx="0.00" fuel="0.00" electricity="0.00" noise="71.56" route="routetop" type="cfm-slow" waiting="0.00" lane="top_0" pos="13.05" speed="28.42" angle="250.99" x="36.27" y="126.56"/>
    </timestep>
    <timestep time="5.81">
        <vehicle id="cfm-fast_0" eclass="HBEFA3/PC_G_EU4" CO2="0.00" CO="0.00" HC="0.00" NOx="0.00" PMx="0.00" fuel="0.00" electricity="0.00" noise="70.45" route="routetop" type="cfm-fast" waiting="0.00" lane="top_0" pos="36.78" speed="26.21" angle="208.30" x="0.91" y="91.38"/>
        <vehicle id="cfm-fast_1" eclass="HBEFA3/PC_G_EU4" CO2="228643.25" CO="5567.05" HC="31.14" NOx="106.44" PMx="6.35" fuel="98.28" electricity="0.00" noise="136.72" route="routebottom" type="cfm-fast" waiting="0.00" lane="bottom_1" pos="31.25" speed="68.48" angle="38.27" x="117.96" y="27.38"/>
        <vehicle id="cfm-fast_2" eclass="HBEFA3/PC_G_EU4" CO2="0.00" CO="0.00" HC="0.00" NOx="0.00" PMx="0.00" fuel="0.00" electricity="0.00" noise="69.82" route="routetop" type="cfm-fast" waiting="0.00" lane="left_0" pos="4.12" speed="24.06" angle="177.12" x="-4.36" y="54.73"/>
        <vehicle id="cfm-fast_3" eclass="HBEFA3/PC_G_EU4" CO2="5041.37" CO="29.15" HC="0.26" NOx="1.76" PMx="0.09" fuel="2.17" electricity="0.00" noise="70.69" route="routetop" type="cfm-fast" waiting="0.00" lane="left_0" pos="19.20" speed="23.09" angle="149.92" x="7.17" y="24.73"/>
        <vehicle id="cfm-fast_4" eclass="HBEFA3/PC_G_EU4" CO2="321123.96" CO="7922.50" HC="44.21" NOx="149.95" PMx="8.95" fuel="138.04" electricity="0.00" noise="152.87" route="routebottom" type="cfm-fast" waiting="0.00" lane="right_1" pos="42.66" speed="78.77" angle="287.74" x="78.60" y="127.23"/>
        <vehicle id="cfm-fast_5" eclass="HBEFA3/PC_G_EU4" CO2="13180.76" CO="196.74" HC="1.22" NOx="5.60" PMx="0.30" fuel="5.67" electricity="0.00" noise="74.20" route="routetop" type="cfm-fast" waiting="0.00" lane="left_0" pos="33.51" speed="23.09" angle="124.23" x="29.67" y="4.07"/>
        <vehicle id="cfm-slow_0" eclass="HBEFA3/PC_G_EU4" CO2="17417.01" CO="287.31" HC="1.74" NOx="7.56" PMx="0.41" fuel="7.49" electricity="0.00" noise="76.70" route="routetop" type="cfm-slow" waiting="0.00" lane="left_0" pos="47.83" speed="24.59" angle="98.48" x="58.91" y="-4.77"/>
        <vehicle id="cfm-slow_1" eclass="HBEFA3/PC_G_EU4" CO2="19072.89" CO="328.82" HC="1.97" NOx="8.30" PMx="0.46" fuel="8.20" electricity="0.00" noise="77.69" route="routebottom" type="cfm-slow" waiting="0.00" lane="bottom_0" pos="17.69" speed="26.59" angle="62.61" x="99.88" y="5.39"/>
        <vehicle id="cfm-slow_2" eclass="HBEFA3/PC_G_EU4" CO2="15907.69" CO="274.19" HC="1.65" NOx="6.76" PMx="0.38" fuel="6.84" electricity="0.00" noise="76.48" route="routebottom" type="cfm-slow" waiting="0.00" lane="bottom_0" pos="39.58" speed="28.55" angle="23.30" x="128.61" y="41.55"/>
        <vehicle id="cfm-slow_3" eclass="HBEFA3/PC_G_EU4" CO2="7207.97" CO="103.49" HC="0.66" NOx="2.63" PMx="0.16" fuel="3.10" electricity="0.00" noise="74.11" route="routebottom" type="cfm-slow" waiting="0.00" lane="right_0" pos="13.43" speed="29.81" angle="340.29" x="126.23" y="91.79"/>
        <vehicle id="cfm-slow_4" eclass="HBEFA3/PC_G_EU4" CO2="0.00" CO="0.00" HC="0.00" NOx="0.00" PMx="0.00" fuel="0.00" electricity="0.00" noise="72.58" route="routebottom" type="cfm-slow" waiting="0.00" lane="right_0" pos="38.46" speed="29.78" angle="295.32" x="88.04" y="127.79"/>
        <vehicle id="cfm-slow_5" eclass="HBEFA3/PC_G_EU4" CO2="0.00" CO="0.00" HC="0.00" NOx="0.00" PMx="0.00" fuel="0.00" electricity="0.00" noise="71.55" route="routetop" type="cfm-slow" waiting="0.00" lane="top_0" pos="13.34" speed="28.40" angle="250.47" x="35.72" y="126.31"/>
    </timestep>
    <timestep time="5.82">
        <vehicle id="cfm-fast_0" eclass="HBEFA3/PC_G_EU4" CO2="0.00" CO="0.00" HC="0.00" NOx="0.00" PMx="0.00" fuel="0.00" electricity="0.00" noise="70.45" route="routetop" type="cfm-fast" waiting="0.00" lane="top_0" pos="37.05" speed="26.19" angle="207.81" x="0.68" y="90.86"/>
        <vehicle id="cfm-fast_1" eclass="HBEFA3/PC_G_EU4" CO2="229352.13" CO="5586.04" HC="31.24" NOx="106.77" PMx="6.37" fuel="98.59" electricity="0.00" noise="136.85" route="routebottom" type="cfm-fast" waiting="0.00" lane="bottom_1" pos="31.94" speed="68.59" angle="37.02" x="118.74" y="28.55"/>
        <vehicle id="cfm-fast_2" eclass="HBEFA3/PC_G_EU4" CO2="0.00" CO="0.00" HC="0.00" NOx="0.00" PMx="0.00" fuel="0.00" electricity="0.00" noise="69.82" route="routetop" type="cfm-fast" waiting="0.00" lane="left_0" pos="4.36" speed="24.05" angle="176.69" x="-4.29" y="54.22"/>
        <vehicle id="cfm-fast_3" eclass="HBEFA3/PC_G_EU4" CO2="5105.20" CO="30.47" HC="0.26" NOx="1.79" PMx="0.09" fuel="2.19" electricity="0.00" noise="70.72" route="routetop" type="cfm-fast" waiting="0.00" lane="left_0" pos="19.43" speed="23.09" angle="149.50" x="7.46" y="24.32"/>
        <vehicle id="cfm-fast_4" eclass="HBEFA3/PC_G_EU4" CO2="321759.77" CO="7942.16" HC="44.31" NOx="150.25" PMx="8.97" fuel="138.31" electricity="0.00" noise="152.94" route="routebottom" type="cfm-fast" waiting="0.00" lane="right_1" pos="43.45" speed="78.91" angle="286.35" x="77.02" y="127.59"/>
        <vehicle id="cfm-fast_5" eclass="HBEFA3/PC_G_EU4" CO2="13215.15" CO="197.47" HC="1.23" NOx="5.62" PMx="0.30" fuel="5.68" electricity="0.00" noise="74.22" route="routetop" type="cfm-fast" waiting="0.00" lane="left_0" pos="33.74" speed="23.11" angle="123.81" x="30.10" y="3.83"/>
        <vehicle id="cfm-slow_0" eclass="HBEFA3/PC_G_EU4" CO2="17429.96" CO="287.64" HC="1.74" NOx="7.57" PMx="0.41" fuel="7.49" electricity="0.00" noise="76.71" route="routetop" type="cfm-slow" waiting="0.00" lane="left_0" pos="48.08" speed="24.61" angle="98.01" x="59.44" y="-4.80"/>
        <vehicle id="cfm-slow_1" eclass="HBEFA3/PC_G_EU4" CO2="19042.45" CO="328.29" HC="1.97" NOx="8.29" PMx="0.46" fuel="8.19" electricity="0.00" noise="77.68" route="routebottom" type="cfm-slow" waiting="0.00" lane="bottom_0" pos="17.95" speed="26.61" angle="62.19" x="100.37" y="5.69"/>
        <vehicle id="cfm-slow_2" eclass="HBEFA3/PC_G_EU4" CO2="15822.60" CO="272.52" HC="1.64" NOx="6.72" PMx="0.38" fuel="6.80" electricity="0.00" noise="76.45" route="routebottom" type="cfm-slow" waiting="0.00" lane="bottom_0" pos="39.87" speed="28.57" angle="22.84" x="128.81" y="42.13"/>
        <vehicle id="cfm-slow_3" eclass="HBEFA3/PC_G_EU4" CO2="7098.65" CO="101.26" HC="0.64" NOx="2.58" PMx="0.16" fuel="3.05" electricity="0.00" noise="74.08" route="routebottom" type="cfm-slow" waiting="0.00" lane="right_0" pos="13.73" speed="29.81" angle="339.75" x="125.97" y="92.38"/>
        <vehicle id="cfm-slow_4" eclass="HBEFA3/PC_G_EU4" CO2="0.00" CO="0.00" HC="0.00" NOx="0.00" PMx="0.00" fuel="0.00" electricity="0.00" noise="72.57" route="routebottom" type="cfm-slow" waiting="0.00" lane="right_0" pos="38.76" speed="29.77" angle="294.79" x="87.44" y="128.01"/>
        <vehicle id="cfm-slow_5" eclass="HBEFA3/PC_G_EU4" CO2="0.00" CO="0.00" HC="0.00" NOx="0.00" PMx="0.00" fuel="0.00" electricity="0.00" noise="71.54" route="routetop" type="cfm-slow" waiting="0.00" lane="top_0" pos="13.62" speed="28.39" angle="249.95" x="35.16" y="126.07"/>
    </timestep>
    <timestep time="5.83">
        <vehicle id="cfm-fast_0" eclass="HBEFA3/PC_G_EU4" CO2="0.00" CO="0.00" HC="0.00" NOx="0.00" PMx="0.00" fuel="0.00" electricity="0.00" noise="70.44" route="routetop" type="cfm-fast" waiting="0.00" lane="top_0" pos="37.31" speed="26.17" angle="207.40" x="0.45" y="90.35"/>
        <vehicle id="cfm-fast_1" eclass="HBEFA3/PC_G_EU4" CO2="230061.68" CO="5605.07" HC="31.35" NOx="107.11" PMx="6.39" fuel="98.89" electricity="0.00" noise="136.97" route="routebottom" type="cfm-fast" waiting="0.00" lane="bottom_1" pos="32.63" speed="68.70" angle="35.80" x="119.47" y="29.75"/>
        <vehicle id="cfm-fast_2" eclass="HBEFA3/PC_G_EU4" CO2="0.00" CO="0.00" HC="0.00" NOx="0.00" PMx="0.00" fuel="0.00" electricity="0.00" noise="69.82" route="routetop" type="cfm-fast" waiting="0.00" lane="left_0" pos="4.60" speed="24.04" angle="176.25" x="-4.22" y="53.71"/>
        <vehicle id="cfm-fast_3" eclass="HBEFA3/PC_G_EU4" CO2="5168.89" CO="31.79" HC="0.27" NOx="1.82" PMx="0.09" fuel="2.22" electricity="0.00" noise="70.74" route="routetop" type="cfm-fast" waiting="0.00" lane="left_0" pos="19.66" speed="23.09" angle="149.07" x="7.75" y="23.92"/>
        <vehicle id="cfm-fast_4" eclass="HBEFA3/PC_G_EU4" CO2="322395.88" CO="7961.85" HC="44.42" NOx="150.55" PMx="8.99" fuel="138.58" electricity="0.00" noise="153.00" route="routebottom" type="cfm-fast" waiting="0.00" lane="right_1" pos="44.24" speed="79.05" angle="284.89" x="75.43" y="127.89"/>
        <vehicle id="cfm-fast_5" eclass="HBEFA3/PC_G_EU4" CO2="13249.40" CO="198.21" HC="1.23" NOx="5.63" PMx="0.30" fuel="5.70" electricity="0.00" noise="74.24" route="routetop" type="cfm-fast" waiting="0.00" lane="left_0" pos="33.98" speed="23.13" angle="123.38" x="30.54" y="3.59"/>
        <vehicle id="cfm-slow_0" eclass="HBEFA3/PC_G_EU4" CO2="17442.58" CO="287.96" HC="1.74" NOx="7.58" PMx="0.41" fuel="7.50" electricity="0.00" noise="76.71" route="routetop" type="cfm-slow" waiting="0.00" lane="left_0" pos="48.32" speed="24.63" angle="97.54" x="59.97" y="-4.84"/>
        <vehicle id="cfm-slow_1" eclass="HBEFA3/PC_G_EU4" CO2="19011.53" CO="327.74" HC="1.97" NOx="8.27" PMx="0.46" fuel="8.17" electricity="0.00" noise="77.67" route="routebottom" type="cfm-slow" waiting="0.00" lane="bottom_0" pos="18.22" speed="26.63" angle="61.69" x="100.85" y="6.01"/>
        <vehicle id="cfm-slow_2" eclass="HBEFA3/PC_G_EU4" CO2="15737.26" CO="270.85" HC="1.63" NOx="6.68" PMx="0.38" fuel="6.76" electricity="0.00" noise="76.42" route="routebottom" type="cfm-slow" waiting="0.00" lane="bottom_0" pos="40.15" speed="28.58" angle="22.29" x="129.00" y="42.72"/>
        <vehicle id="cfm-slow_3" eclass="HBEFA3/PC_G_EU4" CO2="6989.66" CO="99.02" HC="0.63" NOx="2.53" PMx="0.16" fuel="3.00" electricity="0.00" noise="74.06" route="routebottom" type="cfm-slow" waiting="0.00" lane="right_0" pos="14.03" speed="29.81" angle="339.24" x="125.71" y="92.97"/>
        <vehicle id="cfm-slow_4" eclass="HBEFA3/PC_G_EU4" CO2="0.00" CO="0.00" HC="0.00" NOx="0.00" PMx="0.00" fuel="0.00" electricity="0.00" noise="72.56" route="routebottom" type="cfm-slow" waiting="0.00" lane="right_0" pos="39.05" speed="29.75" angle="294.25" x="86.84" y="128.23"/>
        <vehicle id="cfm-slow_5" eclass="HBEFA3/PC_G_EU4" CO2="0.00" CO="0.00" HC="0.00" NOx="0.00" PMx="0.00" fuel="0.00" electricity="0.00" noise="71.53" route="routetop" type="cfm-slow" waiting="0.00" lane="top_0" pos="13.90" speed="28.37" angle="249.43" x="34.60" y="125.82"/>
    </timestep>
    <timestep time="5.84">
        <vehicle id="cfm-fast_0" eclass="HBEFA3/PC_G_EU4" CO2="0.00" CO="0.00" HC="0.00" NOx="0.00" PMx="0.00" fuel="0.00" electricity="0.00" noise="70.43" route="routetop" type="cfm-fast" waiting="0.00" lane="top_0" pos="37.57" speed="26.15" angle="206.92" x="0.24" y="89.82"/>
        <vehicle id="cfm-fast_1" eclass="HBEFA3/PC_G_EU4" CO2="230771.91" CO="5624.13" HC="31.45" NOx="107.44" PMx="6.41" fuel="99.20" electricity="0.00" noise="137.09" route="routebottom" type="cfm-fast" waiting="0.00" lane="bottom_1" pos="33.31" speed="68.81" angle="34.56" x="120.19" y="30.97"/>
        <vehicle id="cfm-fast_2" eclass="HBEFA3/PC_G_EU4" CO2="0.00" CO="0.00" HC="0.00" NOx="0.00" PMx="0.00" fuel="0.00" electricity="0.00" noise="69.83" route="routetop" type="cfm-fast" waiting="0.00" lane="left_0" pos="4.84" speed="24.04" angle="175.82" x="-4.14" y="53.19"/>
        <vehicle id="cfm-fast_3" eclass="HBEFA3/PC_G_EU4" CO2="5232.42" CO="33.10" HC="0.28" NOx="1.85" PMx="0.09" fuel="2.25" electricity="0.00" noise="70.76" route="routetop" type="cfm-fast" waiting="0.00" lane="left_0" pos="19.89" speed="23.09" angle="148.64" x="8.04" y="23.52"/>
        <vehicle id="cfm-fast_4" eclass="HBEFA3/PC_G_EU4" CO2="323032.27" CO="7981.56" HC="44.52" NOx="150.85" PMx="9.01" fuel="138.86" electricity="0.00" noise="153.07" route="routebottom" type="cfm-fast" waiting="0.00" lane="right_1" pos="45.03" speed="79.18" angle="283.44" x="73.83" y="128.17"/>
        <vehicle id="cfm-fast_5" eclass="HBEFA3/PC_G_EU4" CO2="13283.52" CO="198.93" HC="1.23" NOx="5.65" PMx="0.30" fuel="5.71" electricity="0.00" noise="74.26" route="routetop" type="cfm-fast" waiting="0.00" lane="left_0" pos="34.21" speed="23.14" angle="122.96" x="30.98" y="3.35"/>
        <vehicle id="cfm-slow_0" eclass="HBEFA3/PC_G_EU4" CO2="17454.85" CO="288.27" HC="1.75" NOx="7.58" PMx="0.41" fuel="7.50" electricity="0.00" noise="76.72" route="routetop" type="cfm-slow" waiting="0.00" lane="left_0" pos="48.57" speed="24.65" angle="97.06" x="60.49" y="-4.87"/>
        <vehicle id="cfm-slow_1" eclass="HBEFA3/PC_G_EU4" CO2="18980.14" CO="327.19" HC="1.96" NOx="8.26" PMx="0.46" fuel="8.16" electricity="0.00" noise="77.65" route="routebottom" type="cfm-slow" waiting="0.00" lane="bottom_0" pos="18.49" speed="26.65" angle="61.19" x="101.32" y="6.32"/>
        <vehicle id="cfm-slow_2" eclass="HBEFA3/PC_G_EU4" CO2="15651.68" CO="269.18" HC="1.62" NOx="6.64" PMx="0.38" fuel="6.73" electricity="0.00" noise="76.38" route="routebottom" type="cfm-slow" waiting="0.00" lane="bottom_0" pos="40.44" speed="28.59" angle="21.75" x="129.18" y="43.31"/>
        <vehicle id="cfm-slow_3" eclass="HBEFA3/PC_G_EU4" CO2="6880.99" CO="96.80" HC="0.62" NOx="2.48" PMx="0.15" fuel="2.96" electricity="0.00" noise="74.04" route="routebottom" type="cfm-slow" waiting="0.00" lane="right_0" pos="14.32" speed="29.81" angle="338.70" x="125.42" y="93.54"/>
        <vehicle id="cfm-slow_4" eclass="HBEFA3/PC_G_EU4" CO2="0.00" CO="0.00" HC="0.00" NOx="0.00" PMx="0.00" fuel="0.00" electricity="0.00" noise="72.55" route="routebottom" type="cfm-slow" waiting="0.00" lane="right_0" pos="39.35" speed="29.74" angle="293.72" x="86.24" y="128.45"/>
        <vehicle id="cfm-slow_5" eclass="HBEFA3/PC_G_EU4" CO2="0.00" CO="0.00" HC="0.00" NOx="0.00" PMx="0.00" fuel="0.00" electricity="0.00" noise="71.52" route="routetop" type="cfm-slow" waiting="0.00" lane="top_0" pos="14.19" speed="28.35" angle="248.97" x="34.05" y="125.56"/>
    </timestep>
    <timestep time="5.85">
        <vehicle id="cfm-fast_0" eclass="HBEFA3/PC_G_EU4" CO2="0.00" CO="0.00" HC="0.00" NOx="0.00" PMx="0.00" fuel="0.00" electricity="0.00" noise="70.42" route="routetop" type="cfm-fast" waiting="0.00" lane="top_0" pos="37.83" speed="26.13" angle="206.44" x="0.03" y="89.30"/>
        <vehicle id="cfm-fast_1" eclass="HBEFA3/PC_G_EU4" CO2="231482.80" CO="5643.21" HC="31.56" NOx="107.78" PMx="6.43" fuel="99.50" electricity="0.00" noise="137.22" route="routebottom" type="cfm-fast" waiting="0.00" lane="bottom_1" pos="34.00" speed="68.93" angle="33.32" x="120.88" y="32.20"/>
        <vehicle id="cfm-fast_2" eclass="HBEFA3/PC_G_EU4" CO2="0.00" CO="0.00" HC="0.00" NOx="0.00" PMx="0.00" fuel="0.00" electricity="0.00" noise="69.83" route="routetop" type="cfm-fast" waiting="0.00" lane="left_0" pos="5.08" speed="24.03" angle="175.34" x="-4.07" y="52.68"/>
        <vehicle id="cfm-fast_3" eclass="HBEFA3/PC_G_EU4" CO2="5295.80" CO="34.41" HC="0.29" NOx="1.88" PMx="0.09" fuel="2.28" electricity="0.00" noise="70.78" route="routetop" type="cfm-fast" waiting="0.00" lane="left_0" pos="20.12" speed="23.10" angle="148.22" x="8.33" y="23.11"/>
        <vehicle id="cfm-fast_4" eclass="HBEFA3/PC_G_EU4" CO2="323668.96" CO="8001.28" HC="44.63" NOx="151.15" PMx="9.03" fuel="139.13" electricity="0.00" noise="153.14" route="routebottom" type="cfm-fast" waiting="0.00" lane="right_1" pos="45.83" speed="79.32" angle="282.00" x="72.22" y="128.40"/>
        <vehicle id="cfm-fast_5" eclass="HBEFA3/PC_G_EU4" CO2="13317.50" CO="199.66" HC="1.24" NOx="5.66" PMx="0.30" fuel="5.72" electricity="0.00" noise="74.28" route="routetop" type="cfm-fast" waiting="0.00" lane="left_0" pos="34.44" speed="23.16" angle="122.53" x="31.41" y="3.11"/>
        <vehicle id="cfm-slow_0" eclass="HBEFA3/PC_G_EU4" CO2="17466.77" CO="288.57" HC="1.75" NOx="7.59" PMx="0.41" fuel="7.51" electricity="0.00" noise="76.73" route="routetop" type="cfm-slow" waiting="0.00" lane="left_0" pos="48.82" speed="24.67" angle="96.66" x="61.02" y="-4.89"/>
        <vehicle id="cfm-slow_1" eclass="HBEFA3/PC_G_EU4" CO2="18948.28" CO="326.63" HC="1.96" NOx="8.24" PMx="0.46" fuel="8.14" electricity="0.00" noise="77.63" route="routebottom" type="cfm-slow" waiting="0.00" lane="bottom_0" pos="18.75" speed="26.67" angle="60.69" x="101.80" y="6.64"/>
        <vehicle id="cfm-slow_2" eclass="HBEFA3/PC_G_EU4" CO2="15565.87" CO="267.50" HC="1.61" NOx="6.60" PMx="0.38" fuel="6.69" electricity="0.00" noise="76.35" route="routebottom" type="cfm-slow" waiting="0.00" lane="bottom_0" pos="40.72" speed="28.61" angle="21.20" x="129.36" y="43.90"/>
        <vehicle id="cfm-slow_3" eclass="HBEFA3/PC_G_EU4" CO2="6772.67" CO="94.58" HC="0.60" NOx="2.43" PMx="0.15" fuel="2.91" electricity="0.00" noise="74.01" route="routebottom" type="cfm-slow" waiting="0.00" lane="right_0" pos="14.62" speed="29.81" angle="338.13" x="125.14" y="94.11"/>
        <vehicle id="cfm-slow_4" eclass="HBEFA3/PC_G_EU4" CO2="0.00" CO="0.00" HC="0.00" NOx="0.00" PMx="0.00" fuel="0.00" electricity="0.00" noise="72.54" route="routebottom" type="cfm-slow" waiting="0.00" lane="right_0" pos="39.65" speed="29.73" angle="293.19" x="85.64" y="128.66"/>
        <vehicle id="cfm-slow_5" eclass="HBEFA3/PC_G_EU4" CO2="0.00" CO="0.00" HC="0.00" NOx="0.00" PMx="0.00" fuel="0.00" electricity="0.00" noise="71.51" route="routetop" type="cfm-slow" waiting="0.00" lane="top_0" pos="14.47" speed="28.33" angle="248.43" x="33.50" y="125.28"/>
    </timestep>
    <timestep time="5.86">
        <vehicle id="cfm-fast_0" eclass="HBEFA3/PC_G_EU4" CO2="0.00" CO="0.00" HC="0.00" NOx="0.00" PMx="0.00" fuel="0.00" electricity="0.00" noise="70.42" route="routetop" type="cfm-fast" waiting="0.00" lane="top_0" pos="38.09" speed="26.11" angle="205.96" x="-0.17" y="88.78"/>
        <vehicle id="cfm-fast_1" eclass="HBEFA3/PC_G_EU4" CO2="232194.33" CO="5662.33" HC="31.66" NOx="108.11" PMx="6.45" fuel="99.81" electricity="0.00" noise="137.34" route="routebottom" type="cfm-fast" waiting="0.00" lane="bottom_1" pos="34.69" speed="69.04" angle="32.13" x="121.56" y="33.44"/>
        <vehicle id="cfm-fast_2" eclass="HBEFA3/PC_G_EU4" CO2="0.00" CO="0.00" HC="0.00" NOx="0.00" PMx="0.00" fuel="0.00" electricity="0.00" noise="69.83" route="routetop" type="cfm-fast" waiting="0.00" lane="left_0" pos="5.32" speed="24.02" angle="174.91" x="-3.98" y="52.17"/>
        <vehicle id="cfm-fast_3" eclass="HBEFA3/PC_G_EU4" CO2="5359.04" CO="35.71" HC="0.29" NOx="1.91" PMx="0.09" fuel="2.30" electricity="0.00" noise="70.80" route="routetop" type="cfm-fast" waiting="0.00" lane="left_0" pos="20.35" speed="23.10" angle="147.79" x="8.62" y="22.71"/>
        <vehicle id="cfm-fast_4" eclass="HBEFA3/PC_G_EU4" CO2="324305.94" CO="8021.03" HC="44.74" NOx="151.45" PMx="9.05" fuel="139.40" electricity="0.00" noise="153.20" route="routebottom" type="cfm-fast" waiting="0.00" lane="right_1" pos="46.62" speed="79.46" angle="280.62" x="70.60" y="128.60"/>
        <vehicle id="cfm-fast_5" eclass="HBEFA3/PC_G_EU4" CO2="13351.34" CO="200.38" HC="1.24" NOx="5.68" PMx="0.30" fuel="5.74" electricity="0.00" noise="74.30" route="routetop" type="cfm-fast" waiting="0.00" lane="left_0" pos="34.67" speed="23.17" angle="122.17" x="31.85" y="2.87"/>
        <vehicle id="cfm-slow_0" eclass="HBEFA3/PC_G_EU4" CO2="17478.35" CO="288.87" HC="1.75" NOx="7.59" PMx="0.41" fuel="7.51" electricity="0.00" noise="76.74" route="routetop" type="cfm-slow" waiting="0.00" lane="left_0" pos="49.06" speed="24.69" angle="96.21" x="61.56" y="-4.90"/>
        <vehicle id="cfm-slow_1" eclass="HBEFA3/PC_G_EU4" CO2="18915.95" CO="326.06" HC="1.96" NOx="8.22" PMx="0.46" fuel="8.13" electricity="0.00" noise="77.62" route="routebottom" type="cfm-slow" waiting="0.00" lane="bottom_0" pos="19.02" speed="26.69" angle="60.19" x="102.28" y="6.96"/>
        <vehicle id="cfm-slow_2" eclass="HBEFA3/PC_G_EU4" CO2="15479.81" CO="265.81" HC="1.60" NOx="6.56" PMx="0.37" fuel="6.65" electricity="0.00" noise="76.32" route="routebottom" type="cfm-slow" waiting="0.00" lane="bottom_0" pos="41.01" speed="28.62" angle="20.70" x="129.54" y="44.49"/>
        <vehicle id="cfm-slow_3" eclass="HBEFA3/PC_G_EU4" CO2="6664.68" CO="92.36" HC="0.59" NOx="2.38" PMx="0.15" fuel="2.86" electricity="0.00" noise="73.99" route="routebottom" type="cfm-slow" waiting="0.00" lane="right_0" pos="14.92" speed="29.81" angle="337.57" x="124.85" y="94.69"/>
        <vehicle id="cfm-slow_4" eclass="HBEFA3/PC_G_EU4" CO2="0.00" CO="0.00" HC="0.00" NOx="0.00" PMx="0.00" fuel="0.00" electricity="0.00" noise="72.53" route="routebottom" type="cfm-slow" waiting="0.00" lane="right_0" pos="39.95" speed="29.72" angle="292.69" x="85.03" y="128.86"/>
        <vehicle id="cfm-slow_5" eclass="HBEFA3/PC_G_EU4" CO2="0.00" CO="0.00" HC="0.00" NOx="0.00" PMx="0.00" fuel="0.00" electricity="0.00" noise="71.50" route="routetop" type="cfm-slow" waiting="0.00" lane="top_0" pos="14.75" speed="28.31" angle="247.89" x="32.96" y="125.01"/>
    </timestep>
    <timestep time="5.87">
        <vehicle id="cfm-fast_0" eclass="HBEFA3/PC_G_EU4" CO2="0.00" CO="0.00" HC="0.00" NOx="0.00" PMx="0.00" fuel="0.00" electricity="0.00" noise="70.41" route="routetop" type="cfm-fast" waiting="0.00" lane="top_0" pos="38.35" speed="26.10" angle="205.48" x="-0.38" y="88.26"/>
        <vehicle id="cfm-fast_1" eclass="HBEFA3/PC_G_EU4" CO2="232906.50" CO="5681.47" HC="31.77" NOx="108.44" PMx="6.47" fuel="100.11" electricity="0.00" noise="137.46" route="routebottom" type="cfm-fast" waiting="0.00" lane="bottom_1" pos="35.39" speed="69.15" angle="30.84" x="122.19" y="34.71"/>
        <vehicle id="cfm-fast_2" eclass="HBEFA3/PC_G_EU4" CO2="0.00" CO="0.00" HC="0.00" NOx="0.00" PMx="0.00" fuel="0.00" electricity="0.00" noise="69.84" route="routetop" type="cfm-fast" waiting="0.00" lane="left_0" pos="5.56" speed="24.01" angle="174.47" x="-3.89" y="51.67"/>
        <vehicle id="cfm-fast_3" eclass="HBEFA3/PC_G_EU4" CO2="5422.11" CO="37.02" HC="0.30" NOx="1.94" PMx="0.10" fuel="2.33" electricity="0.00" noise="70.82" route="routetop" type="cfm-fast" waiting="0.00" lane="left_0" pos="20.58" speed="23.10" angle="147.42" x="8.92" y="22.31"/>
        <vehicle id="cfm-fast_4" eclass="HBEFA3/PC_G_EU4" CO2="324943.21" CO="8040.81" HC="44.84" NOx="151.75" PMx="9.07" fuel="139.68" electricity="0.00" noise="153.27" route="routebottom" type="cfm-fast" waiting="0.00" lane="right_1" pos="47.42" speed="79.59" angle="279.24" x="68.98" y="128.76"/>
        <vehicle id="cfm-fast_5" eclass="HBEFA3/PC_G_EU4" CO2="13385.04" CO="201.10" HC="1.25" NOx="5.69" PMx="0.30" fuel="5.75" electricity="0.00" noise="74.32" route="routetop" type="cfm-fast" waiting="0.00" lane="left_0" pos="34.90" speed="23.19" angle="121.74" x="32.30" y="2.65"/>
        <vehicle id="cfm-slow_0" eclass="HBEFA3/PC_G_EU4" CO2="17489.58" CO="289.17" HC="1.75" NOx="7.60" PMx="0.41" fuel="7.52" electricity="0.00" noise="76.74" route="routetop" type="cfm-slow" waiting="0.00" lane="left_0" pos="49.31" speed="24.71" angle="95.76" x="62.09" y="-4.92"/>
        <vehicle id="cfm-slow_1" eclass="HBEFA3/PC_G_EU4" CO2="18883.15" CO="325.48" HC="1.95" NOx="8.21" PMx="0.46" fuel="8.12" electricity="0.00" noise="77.60" route="routebottom" type="cfm-slow" waiting="0.00" lane="bottom_0" pos="19.29" speed="26.71" angle="59.76" x="102.76" y="7.28"/>
        <vehicle id="cfm-slow_2" eclass="HBEFA3/PC_G_EU4" CO2="15393.54" CO="264.12" HC="1.59" NOx="6.52" PMx="0.37" fuel="6.62" electricity="0.00" noise="76.29" route="routebottom" type="cfm-slow" waiting="0.00" lane="bottom_0" pos="41.30" speed="28.63" angle="20.20" x="129.70" y="45.08"/>
        <vehicle id="cfm-slow_3" eclass="HBEFA3/PC_G_EU4" CO2="6557.04" CO="90.15" HC="0.58" NOx="2.32" PMx="0.15" fuel="2.82" electricity="0.00" noise="73.97" route="routebottom" type="cfm-slow" waiting="0.00" lane="right_0" pos="15.22" speed="29.82" angle="337.00" x="124.56" y="95.26"/>
        <vehicle id="cfm-slow_4" eclass="HBEFA3/PC_G_EU4" CO2="0.00" CO="0.00" HC="0.00" NOx="0.00" PMx="0.00" fuel="0.00" electricity="0.00" noise="72.52" route="routebottom" type="cfm-slow" waiting="0.00" lane="right_0" pos="40.24" speed="29.71" angle="292.12" x="84.42" y="129.05"/>
        <vehicle id="cfm-slow_5" eclass="HBEFA3/PC_G_EU4" CO2="0.00" CO="0.00" HC="0.00" NOx="0.00" PMx="0.00" fuel="0.00" electricity="0.00" noise="71.49" route="routetop" type="cfm-slow" waiting="0.00" lane="top_0" pos="15.04" speed="28.29" angle="247.35" x="32.42" y="124.74"/>
    </timestep>
    <timestep time="5.88">
        <vehicle id="cfm-fast_0" eclass="HBEFA3/PC_G_EU4" CO2="0.00" CO="0.00" HC="0.00" NOx="0.00" PMx="0.00" fuel="0.00" electricity="0.00" noise="70.40" route="routetop" type="cfm-fast" waiting="0.00" lane="top_0" pos="38.61" speed="26.08" angle="205.05" x="-0.58" y="87.73"/>
        <vehicle id="cfm-fast_1" eclass="HBEFA3/PC_G_EU4" CO2="233619.30" CO="5700.65" HC="31.87" NOx="108.78" PMx="6.49" fuel="100.42" electricity="0.00" noise="137.58" route="routebottom" type="cfm-fast" waiting="0.00" lane="bottom_1" pos="36.08" speed="69.26" angle="29.60" x="122.82" y="35.99"/>
        <vehicle id="cfm-fast_2" eclass="HBEFA3/PC_G_EU4" CO2="0.00" CO="0.00" HC="0.00" NOx="0.00" PMx="0.00" fuel="0.00" electricity="0.00" noise="69.84" route="routetop" type="cfm-fast" waiting="0.00" lane="left_0" pos="5.80" speed="24.00" angle="174.03" x="-3.79" y="51.16"/>
        <vehicle id="cfm-fast_3" eclass="HBEFA3/PC_G_EU4" CO2="5485.03" CO="38.32" HC="0.31" NOx="1.97" PMx="0.10" fuel="2.36" electricity="0.00" noise="70.84" route="routetop" type="cfm-fast" waiting="0.00" lane="left_0" pos="20.82" speed="23.10" angle="147.00" x="9.23" y="21.92"/>
        <vehicle id="cfm-fast_4" eclass="HBEFA3/PC_G_EU4" CO2="325580.78" CO="8060.60" HC="44.95" NOx="152.04" PMx="9.08" fuel="139.95" electricity="0.00" noise="153.33" route="routebottom" type="cfm-fast" waiting="0.00" lane="right_1" pos="48.22" speed="79.73" angle="277.73" x="67.35" y="128.86"/>
        <vehicle id="cfm-fast_5" eclass="HBEFA3/PC_G_EU4" CO2="13418.59" CO="201.82" HC="1.25" NOx="5.71" PMx="0.30" fuel="5.77" electricity="0.00" noise="74.34" route="routetop" type="cfm-fast" waiting="0.00" lane="left_0" pos="35.13" speed="23.20" angle="121.31" x="32.74" y="2.42"/>
        <vehicle id="cfm-slow_0" eclass="HBEFA3/PC_G_EU4" CO2="17500.46" CO="289.45" HC="1.75" NOx="7.60" PMx="0.41" fuel="7.52" electricity="0.00" noise="76.75" route="routetop" type="cfm-slow" waiting="0.00" lane="left_0" pos="49.56" speed="24.73" angle="95.31" x="62.62" y="-4.93"/>
        <vehicle id="cfm-slow_1" eclass="HBEFA3/PC_G_EU4" CO2="18849.87" CO="324.89" HC="1.95" NOx="8.19" PMx="0.46" fuel="8.10" electricity="0.00" noise="77.59" route="routebottom" type="cfm-slow" waiting="0.00" lane="bottom_0" pos="19.55" speed="26.73" angle="59.26" x="103.22" y="7.62"/>
        <vehicle id="cfm-slow_2" eclass="HBEFA3/PC_G_EU4" CO2="15307.03" CO="262.42" HC="1.58" NOx="6.48" PMx="0.37" fuel="6.58" electricity="0.00" noise="76.26" route="routebottom" type="cfm-slow" waiting="0.00" lane="bottom_0" pos="41.58" speed="28.65" angle="19.68" x="129.86" y="45.68"/>
        <vehicle id="cfm-slow_3" eclass="HBEFA3/PC_G_EU4" CO2="6449.74" CO="87.95" HC="0.57" NOx="2.27" PMx="0.14" fuel="2.77" electricity="0.00" noise="73.95" route="routebottom" type="cfm-slow" waiting="0.00" lane="right_0" pos="15.52" speed="29.82" angle="336.52" x="124.26" y="95.83"/>
        <vehicle id="cfm-slow_4" eclass="HBEFA3/PC_G_EU4" CO2="0.00" CO="0.00" HC="0.00" NOx="0.00" PMx="0.00" fuel="0.00" electricity="0.00" noise="72.50" route="routebottom" type="cfm-slow" waiting="0.00" lane="right_0" pos="40.54" speed="29.69" angle="291.56" x="83.81" y="129.24"/>
        <vehicle id="cfm-slow_5" eclass="HBEFA3/PC_G_EU4" CO2="0.00" CO="0.00" HC="0.00" NOx="0.00" PMx="0.00" fuel="0.00" electricity="0.00" noise="71.48" route="routetop" type="cfm-slow" waiting="0.00" lane="top_0" pos="15.32" speed="28.27" angle="246.85" x="31.87" y="124.46"/>
    </timestep>
    <timestep time="5.89">
        <vehicle id="cfm-fast_0" eclass="HBEFA3/PC_G_EU4" CO2="0.00" CO="0.00" HC="0.00" NOx="0.00" PMx="0.00" fuel="0.00" electricity="0.00" noise="70.39" route="routetop" type="cfm-fast" waiting="0.00" lane="top_0" pos="38.87" speed="26.06" angle="204.57" x="-0.77" y="87.21"/>
        <vehicle id="cfm-fast_1" eclass="HBEFA3/PC_G_EU4" CO2="234332.71" CO="5719.85" HC="31.98" NOx="109.11" PMx="6.51" fuel="100.73" electricity="0.00" noise="137.70" route="routebottom" type="cfm-fast" waiting="0.00" lane="bottom_1" pos="36.77" speed="69.37" angle="28.27" x="123.40" y="37.28"/>
        <vehicle id="cfm-fast_2" eclass="HBEFA3/PC_G_EU4" CO2="0.00" CO="0.00" HC="0.00" NOx="0.00" PMx="0.00" fuel="0.00" electricity="0.00" noise="69.84" route="routetop" type="cfm-fast" waiting="0.00" lane="left_0" pos="6.04" speed="23.99" angle="173.59" x="-3.70" y="50.65"/>
        <vehicle id="cfm-fast_3" eclass="HBEFA3/PC_G_EU4" CO2="5547.80" CO="39.61" HC="0.32" NOx="2.00" PMx="0.10" fuel="2.38" electricity="0.00" noise="70.86" route="routetop" type="cfm-fast" waiting="0.00" lane="left_0" pos="21.05" speed="23.11" angle="146.57" x="9.53" y="21.53"/>
        <vehicle id="cfm-fast_4" eclass="HBEFA3/PC_G_EU4" CO2="326218.64" CO="8080.42" HC="45.06" NOx="152.34" PMx="9.10" fuel="140.23" electricity="0.00" noise="153.40" route="routebottom" type="cfm-fast" waiting="0.00" lane="right_1" pos="49.01" speed="79.87" angle="276.28" x="65.71" y="128.93"/>
        <vehicle id="cfm-fast_5" eclass="HBEFA3/PC_G_EU4" CO2="13451.99" CO="202.54" HC="1.26" NOx="5.72" PMx="0.31" fuel="5.78" electricity="0.00" noise="74.36" route="routetop" type="cfm-fast" waiting="0.00" lane="left_0" pos="35.37" speed="23.22" angle="120.88" x="33.19" y="2.20"/>
        <vehicle id="cfm-slow_0" eclass="HBEFA3/PC_G_EU4" CO2="17510.99" CO="289.73" HC="1.75" NOx="7.61" PMx="0.41" fuel="7.53" electricity="0.00" noise="76.76" route="routetop" type="cfm-slow" waiting="0.00" lane="left_0" pos="49.81" speed="24.75" angle="94.86" x="63.15" y="-4.94"/>
        <vehicle id="cfm-slow_1" eclass="HBEFA3/PC_G_EU4" CO2="18816.13" CO="324.28" HC="1.95" NOx="8.18" PMx="0.45" fuel="8.09" electricity="0.00" noise="77.57" route="routebottom" type="cfm-slow" waiting="0.00" lane="bottom_0" pos="19.82" speed="26.75" angle="58.77" x="103.69" y="7.95"/>
        <vehicle id="cfm-slow_2" eclass="HBEFA3/PC_G_EU4" CO2="15220.31" CO="260.72" HC="1.57" NOx="6.44" PMx="0.37" fuel="6.54" electricity="0.00" noise="76.23" route="routebottom" type="cfm-slow" waiting="0.00" lane="bottom_0" pos="41.87" speed="28.66" angle="19.16" x="130.02" y="46.27"/>
        <vehicle id="cfm-slow_3" eclass="HBEFA3/PC_G_EU4" CO2="6342.80" CO="85.75" HC="0.55" NOx="2.22" PMx="0.14" fuel="2.73" electricity="0.00" noise="73.92" route="routebottom" type="cfm-slow" waiting="0.00" lane="right_0" pos="15.81" speed="29.82" angle="335.98" x="123.95" y="96.39"/>
        <vehicle id="cfm-slow_4" eclass="HBEFA3/PC_G_EU4" CO2="0.00" CO="0.00" HC="0.00" NOx="0.00" PMx="0.00" fuel="0.00" electricity="0.00" noise="72.49" route="routebottom" type="cfm-slow" waiting="0.00" lane="right_0" pos="40.84" speed="29.68" angle="290.99" x="83.20" y="129.43"/>
        <vehicle id="cfm-slow_5" eclass="HBEFA3/PC_G_EU4" CO2="0.00" CO="0.00" HC="0.00" NOx="0.00" PMx="0.00" fuel="0.00" electricity="0.00" noise="71.47" route="routetop" type="cfm-slow" waiting="0.00" lane="top_0" pos="15.60" speed="28.25" angle="246.37" x="31.34" y="124.17"/>
    </timestep>
    <timestep time="5.90">
        <vehicle id="cfm-fast_0" eclass="HBEFA3/PC_G_EU4" CO2="0.00" CO="0.00" HC="0.00" NOx="0.00" PMx="0.00" fuel="0.00" electricity="0.00" noise="70.39" route="routetop" type="cfm-fast" waiting="0.00" lane="top_0" pos="39.13" speed="26.04" angle="204.09" x="-0.96" y="86.68"/>
        <vehicle id="cfm-fast_1" eclass="HBEFA3/PC_G_EU4" CO2="235046.73" CO="5739.09" HC="32.08" NOx="109.45" PMx="6.53" fuel="101.03" electricity="0.00" noise="137.83" route="routebottom" type="cfm-fast" waiting="0.00" lane="bottom_1" pos="37.47" speed="69.49" angle="27.05" x="123.96" y="38.59"/>
        <vehicle id="cfm-fast_2" eclass="HBEFA3/PC_G_EU4" CO2="0.00" CO="0.00" HC="0.00" NOx="0.00" PMx="0.00" fuel="0.00" electricity="0.00" noise="69.85" route="routetop" type="cfm-fast" waiting="0.00" lane="left_0" pos="6.28" speed="23.99" angle="173.17" x="-3.61" y="50.14"/>
        <vehicle id="cfm-fast_3" eclass="HBEFA3/PC_G_EU4" CO2="5610.41" CO="40.91" HC="0.32" NOx="2.03" PMx="0.10" fuel="2.41" electricity="0.00" noise="70.89" route="routetop" type="cfm-fast" waiting="0.00" lane="left_0" pos="21.28" speed="23.11" angle="146.15" x="9.84" y="21.14"/>
        <vehicle id="cfm-fast_4" eclass="HBEFA3/PC_G_EU4" CO2="326856.78" CO="8100.25" HC="45.16" NOx="152.64" PMx="9.12" fuel="140.50" electricity="0.00" noise="153.47" route="routebottom" type="cfm-fast" waiting="0.00" lane="right_1" pos="49.81" speed="80.00" angle="274.80" x="64.07" y="128.96"/>
        <vehicle id="cfm-fast_5" eclass="HBEFA3/PC_G_EU4" CO2="13485.24" CO="203.25" HC="1.26" NOx="5.74" PMx="0.31" fuel="5.80" electricity="0.00" noise="74.38" route="routetop" type="cfm-fast" waiting="0.00" lane="left_0" pos="35.60" speed="23.24" angle="120.45" x="33.64" y="1.98"/>
        <vehicle id="cfm-slow_0" eclass="HBEFA3/PC_G_EU4" CO2="17521.17" CO="290.00" HC="1.76" NOx="7.61" PMx="0.42" fuel="7.53" electricity="0.00" noise="76.77" route="routebottom" type="cfm-slow" waiting="0.00" lane="bottom_0" pos="0.05" speed="24.77" angle="94.38" x="63.87" y="-4.95"/>
        <vehicle id="cfm-slow_1" eclass="HBEFA3/PC_G_EU4" CO2="18781.93" CO="323.67" HC="1.94" NOx="8.16" PMx="0.45" fuel="8.07" electricity="0.00" noise="77.56" route="routebottom" type="cfm-slow" waiting="0.00" lane="bottom_0" pos="20.09" speed="26.77" angle="58.27" x="104.16" y="8.29"/>
        <vehicle id="cfm-slow_2" eclass="HBEFA3/PC_G_EU4" CO2="15133.38" CO="259.01" HC="1.56" NOx="6.40" PMx="0.36" fuel="6.51" electricity="0.00" noise="76.19" route="routebottom" type="cfm-slow" waiting="0.00" lane="bottom_0" pos="42.16" speed="28.67" angle="18.63" x="130.18" y="46.87"/>
        <vehicle id="cfm-slow_3" eclass="HBEFA3/PC_G_EU4" CO2="6236.21" CO="83.56" HC="0.54" NOx="2.17" PMx="0.14" fuel="2.68" electricity="0.00" noise="73.90" route="routebottom" type="cfm-slow" waiting="0.00" lane="right_0" pos="16.11" speed="29.82" angle="335.44" x="123.64" y="96.95"/>
        <vehicle id="cfm-slow_4" eclass="HBEFA3/PC_G_EU4" CO2="0.00" CO="0.00" HC="0.00" NOx="0.00" PMx="0.00" fuel="0.00" electricity="0.00" noise="72.48" route="routebottom" type="cfm-slow" waiting="0.00" lane="right_0" pos="41.13" speed="29.67" angle="290.51" x="82.59" y="129.61"/>
        <vehicle id="cfm-slow_5" eclass="HBEFA3/PC_G_EU4" CO2="0.00" CO="0.00" HC="0.00" NOx="0.00" PMx="0.00" fuel="0.00" electricity="0.00" noise="71.46" route="routetop" type="cfm-slow" waiting="0.00" lane="top_0" pos="15.88" speed="28.23" angle="245.86" x="30.81" y="123.88"/>
    </timestep>
    <timestep time="5.91">
        <vehicle id="cfm-fast_0" eclass="HBEFA3/PC_G_EU4" CO2="0.00" CO="0.00" HC="0.00" NOx="0.00" PMx="0.00" fuel="0.00" electricity="0.00" noise="70.38" route="routetop" type="cfm-fast" waiting="0.00" lane="top_0" pos="39.40" speed="26.02" angle="203.61" x="-1.15" y="86.15"/>
        <vehicle id="cfm-fast_1" eclass="HBEFA3/PC_G_EU4" CO2="235761.35" CO="5758.35" HC="32.19" NOx="109.79" PMx="6.55" fuel="101.34" electricity="0.00" noise="137.95" route="routebottom" type="cfm-fast" waiting="0.00" lane="bottom_1" pos="38.16" speed="69.60" angle="25.77" x="124.49" y="39.92"/>
        <vehicle id="cfm-fast_2" eclass="HBEFA3/PC_G_EU4" CO2="0.00" CO="0.00" HC="0.00" NOx="0.00" PMx="0.00" fuel="0.00" electricity="0.00" noise="69.85" route="routetop" type="cfm-fast" waiting="0.00" lane="left_0" pos="6.52" speed="23.98" angle="172.76" x="-3.50" y="49.64"/>
        <vehicle id="cfm-fast_3" eclass="HBEFA3/PC_G_EU4" CO2="5672.86" CO="42.20" HC="0.33" NOx="2.06" PMx="0.10" fuel="2.44" electricity="0.00" noise="70.91" route="routetop" type="cfm-fast" waiting="0.00" lane="left_0" pos="21.51" speed="23.11" angle="145.73" x="10.15" y="20.75"/>
        <vehicle id="cfm-fast_4" eclass="HBEFA3/PC_G_EU4" CO2="327495.22" CO="8120.11" HC="45.27" NOx="152.94" PMx="9.14" fuel="140.77" electricity="0.00" noise="153.53" route="routetop" type="cfm-fast" waiting="0.00" lane="top_1" pos="0.62" speed="80.14" angle="273.37" x="62.37" y="128.95"/>
        <vehicle id="cfm-fast_5" eclass="HBEFA3/PC_G_EU4" CO2="13518.33" CO="203.96" HC="1.26" NOx="5.76" PMx="0.31" fuel="5.81" electricity="0.00" noise="74.41" route="routetop" type="cfm-fast" waiting="0.00" lane="left_0" pos="35.83" speed="23.25" angle="120.04" x="34.08" y="1.75"/>
        <vehicle id="cfm-slow_0" eclass="HBEFA3/PC_G_EU4" CO2="17530.99" CO="290.27" HC="1.76" NOx="7.61" PMx="0.42" fuel="7.54" electricity="0.00" noise="76.77" route="routebottom" type="cfm-slow" waiting="0.00" lane="bottom_0" pos="0.30" speed="24.79" angle="93.93" x="64.41" y="-4.94"/>
        <vehicle id="cfm-slow_1" eclass="HBEFA3/PC_G_EU4" CO2="18747.26" CO="323.05" HC="1.94" NOx="8.14" PMx="0.45" fuel="8.06" electricity="0.00" noise="77.54" route="routebottom" type="cfm-slow" waiting="0.00" lane="bottom_0" pos="20.36" speed="26.79" angle="57.78" x="104.63" y="8.63"/>
        <vehicle id="cfm-slow_2" eclass="HBEFA3/PC_G_EU4" CO2="15046.24" CO="257.30" HC="1.55" NOx="6.35" PMx="0.36" fuel="6.47" electricity="0.00" noise="76.16" route="routebottom" type="cfm-slow" waiting="0.00" lane="bottom_0" pos="42.44" speed="28.69" angle="18.17" x="130.33" y="47.47"/>
        <vehicle id="cfm-slow_3" eclass="HBEFA3/PC_G_EU4" CO2="6129.98" CO="81.38" HC="0.53" NOx="2.12" PMx="0.13" fuel="2.64" electricity="0.00" noise="73.88" route="routebottom" type="cfm-slow" waiting="0.00" lane="right_0" pos="16.41" speed="29.82" angle="334.90" x="123.33" y="97.51"/>
        <vehicle id="cfm-slow_4" eclass="HBEFA3/PC_G_EU4" CO2="0.00" CO="0.00" HC="0.00" NOx="0.00" PMx="0.00" fuel="0.00" electricity="0.00" noise="72.47" route="routebottom" type="cfm-slow" waiting="0.00" lane="right_0" pos="41.43" speed="29.66" angle="289.97" x="81.97" y="129.78"/>
        <vehicle id="cfm-slow_5" eclass="HBEFA3/PC_G_EU4" CO2="0.00" CO="0.00" HC="0.00" NOx="0.00" PMx="0.00" fuel="0.00" electricity="0.00" noise="71.45" route="routetop" type="cfm-slow" waiting="0.00" lane="top_0" pos="16.17" speed="28.21" angle="245.35" x="30.28" y="123.59"/>
    </timestep>
    <timestep time="5.92">
        <vehicle id="cfm-fast_0" eclass="HBEFA3/PC_G_EU4" CO2="0.00" CO="0.00" HC="0.00" NOx="0.00" PMx="0.00" fuel="0.00" electricity="0.00" noise="70.37" route="routetop" type="cfm-fast" waiting="0.00" lane="top_0" pos="39.66" speed="26.01" angle="203.14" x="-1.34" y="85.63"/>
        <vehicle id="cfm-fast_1" eclass="HBEFA3/PC_G_EU4" CO2="236476.54" CO="5777.64" HC="32.30" NOx="110.12" PMx="6.57" fuel="101.65" electricity="0.00" noise="138.07" route="routebottom" type="cfm-fast" waiting="0.00" lane="bottom_1" pos="38.86" speed="69.71" angle="24.55" x="124.99" y="41.26"/>
        <vehicle id="cfm-fast_2" eclass="HBEFA3/PC_G_EU4" CO2="0.00" CO="0.00" HC="0.00" NOx="0.00" PMx="0.00" fuel="0.00" electricity="0.00" noise="69.85" route="routetop" type="cfm-fast" waiting="0.00" lane="left_0" pos="6.76" speed="23.97" angle="172.30" x="-3.38" y="49.13"/>
        <vehicle id="cfm-fast_3" eclass="HBEFA3/PC_G_EU4" CO2="5735.15" CO="43.48" HC="0.34" NOx="2.09" PMx="0.10" fuel="2.47" electricity="0.00" noise="70.93" route="routetop" type="cfm-fast" waiting="0.00" lane="left_0" pos="21.74" speed="23.12" angle="145.34" x="10.45" y="20.35"/>
        <vehicle id="cfm-fast_4" eclass="HBEFA3/PC_G_EU4" CO2="328133.96" CO="8139.99" HC="45.38" NOx="153.24" PMx="9.16" fuel="141.05" electricity="0.00" noise="153.60" route="routetop" type="cfm-fast" waiting="0.00" lane="top_1" pos="1.42" speed="80.27" angle="271.94" x="60.72" y="128.90"/>
        <vehicle id="cfm-fast_5" eclass="HBEFA3/PC_G_EU4" CO2="13551.28" CO="204.66" HC="1.27" NOx="5.77" PMx="0.31" fuel="5.83" electricity="0.00" noise="74.43" route="routetop" type="cfm-fast" waiting="0.00" lane="left_0" pos="36.06" speed="23.27" angle="119.64" x="34.54" y="1.54"/>
        <vehicle id="cfm-slow_0" eclass="HBEFA3/PC_G_EU4" CO2="17540.45" CO="290.52" HC="1.76" NOx="7.62" PMx="0.42" fuel="7.54" electricity="0.00" noise="76.78" route="routebottom" type="cfm-slow" waiting="0.00" lane="bottom_0" pos="0.55" speed="24.81" angle="93.48" x="64.94" y="-4.92"/>
        <vehicle id="cfm-slow_1" eclass="HBEFA3/PC_G_EU4" CO2="18712.12" CO="322.43" HC="1.94" NOx="8.13" PMx="0.45" fuel="8.04" electricity="0.00" noise="77.52" route="routebottom" type="cfm-slow" waiting="0.00" lane="bottom_0" pos="20.63" speed="26.81" angle="57.35" x="105.09" y="8.97"/>
        <vehicle id="cfm-slow_2" eclass="HBEFA3/PC_G_EU4" CO2="14958.89" CO="255.58" HC="1.54" NOx="6.31" PMx="0.36" fuel="6.43" electricity="0.00" noise="76.13" route="routebottom" type="cfm-slow" waiting="0.00" lane="bottom_0" pos="42.73" speed="28.70" angle="17.65" x="130.47" y="48.07"/>
        <vehicle id="cfm-slow_3" eclass="HBEFA3/PC_G_EU4" CO2="6024.12" CO="79.20" HC="0.52" NOx="2.07" PMx="0.13" fuel="2.59" electricity="0.00" noise="73.86" route="routebottom" type="cfm-slow" waiting="0.00" lane="right_0" pos="16.71" speed="29.82" angle="334.41" x="123.01" y="98.07"/>
        <vehicle id="cfm-slow_4" eclass="HBEFA3/PC_G_EU4" CO2="0.00" CO="0.00" HC="0.00" NOx="0.00" PMx="0.00" fuel="0.00" electricity="0.00" noise="72.46" route="routebottom" type="cfm-slow" waiting="0.00" lane="right_0" pos="41.73" speed="29.64" angle="289.43" x="81.35" y="129.94"/>
        <vehicle id="cfm-slow_5" eclass="HBEFA3/PC_G_EU4" CO2="0.00" CO="0.00" HC="0.00" NOx="0.00" PMx="0.00" fuel="0.00" electricity="0.00" noise="71.44" route="routetop" type="cfm-slow" waiting="0.00" lane="top_0" pos="16.45" speed="28.19" angle="244.84" x="29.75" y="123.29"/>
    </timestep>
    <timestep time="5.93">
        <vehicle id="cfm-fast_0" eclass="HBEFA3/PC_G_EU4" CO2="0.00" CO="0.00" HC="0.00" NOx="0.00" PMx="0.00" fuel="0.00" electricity="0.00" noise="70.37" route="routetop" type="cfm-fast" waiting="0.00" lane="top_0" pos="39.92" speed="25.99" angle="202.71" x="-1.51" y="85.09"/>
        <vehicle id="cfm-fast_1" eclass="HBEFA3/PC_G_EU4" CO2="237192.32" CO="5796.96" HC="32.40" NOx="110.46" PMx="6.59" fuel="101.96" electricity="0.00" noise="138.19" route="routebottom" type="cfm-fast" waiting="0.00" lane="bottom_1" pos="39.56" speed="69.82" angle="23.30" x="125.48" y="42.60"/>
        <vehicle id="cfm-fast_2" eclass="HBEFA3/PC_G_EU4" CO2="0.00" CO="0.00" HC="0.00" NOx="0.00" PMx="0.00" fuel="0.00" electricity="0.00" noise="69.86" route="routetop" type="cfm-fast" waiting="0.00" lane="left_0" pos="7.00" speed="23.96" angle="171.84" x="-3.27" y="48.63"/>
        <vehicle id="cfm-fast_3" eclass="HBEFA3/PC_G_EU4" CO2="5797.29" CO="44.77" HC="0.35" NOx="2.12" PMx="0.11" fuel="2.49" electricity="0.00" noise="70.95" route="routetop" type="cfm-fast" waiting="0.00" lane="left_0" pos="21.97" speed="23.12" angle="144.93" x="10.77" y="19.97"/>
        <vehicle id="cfm-fast_4" eclass="HBEFA3/PC_G_EU4" CO2="328772.98" CO="8159.89" HC="45.48" NOx="153.54" PMx="9.18" fuel="141.32" electricity="0.00" noise="153.66" route="routetop" type="cfm-fast" waiting="0.00" lane="top_1" pos="2.22" speed="80.41" angle="270.48" x="59.08" y="128.81"/>
        <vehicle id="cfm-fast_5" eclass="HBEFA3/PC_G_EU4" CO2="13584.06" CO="205.37" HC="1.27" NOx="5.79" PMx="0.31" fuel="5.84" electricity="0.00" noise="74.45" route="routetop" type="cfm-fast" waiting="0.00" lane="left_0" pos="36.30" speed="23.28" angle="119.21" x="34.99" y="1.33"/>
        <vehicle id="cfm-slow_0" eclass="HBEFA3/PC_G_EU4" CO2="17549.56" CO="290.77" HC="1.76" NOx="7.62" PMx="0.42" fuel="7.54" electricity="0.00" noise="76.78" route="routebottom" type="cfm-slow" waiting="0.00" lane="bottom_0" pos="0.80" speed="24.83" angle="93.03" x="65.48" y="-4.91"/>
        <vehicle id="cfm-slow_1" eclass="HBEFA3/PC_G_EU4" CO2="18676.53" CO="321.79" HC="1.93" NOx="8.11" PMx="0.45" fuel="8.03" electricity="0.00" noise="77.51" route="routebottom" type="cfm-slow" waiting="0.00" lane="bottom_0" pos="20.89" speed="26.83" angle="56.87" x="105.54" y="9.33"/>
        <vehicle id="cfm-slow_2" eclass="HBEFA3/PC_G_EU4" CO2="14871.34" CO="253.86" HC="1.53" NOx="6.27" PMx="0.36" fuel="6.39" electricity="0.00" noise="76.10" route="routebottom" type="cfm-slow" waiting="0.00" lane="bottom_0" pos="43.02" speed="28.71" angle="17.13" x="130.60" y="48.67"/>
        <vehicle id="cfm-slow_3" eclass="HBEFA3/PC_G_EU4" CO2="5918.62" CO="77.03" HC="0.50" NOx="2.02" PMx="0.13" fuel="2.54" electricity="0.00" noise="73.84" route="routebottom" type="cfm-slow" waiting="0.00" lane="right_0" pos="17.01" speed="29.82" angle="333.88" x="122.69" y="98.62"/>
        <vehicle id="cfm-slow_4" eclass="HBEFA3/PC_G_EU4" CO2="0.00" CO="0.00" HC="0.00" NOx="0.00" PMx="0.00" fuel="0.00" electricity="0.00" noise="72.45" route="routebottom" type="cfm-slow" waiting="0.00" lane="right_0" pos="42.02" speed="29.63" angle="288.89" x="80.74" y="130.11"/>
        <vehicle id="cfm-slow_5" eclass="HBEFA3/PC_G_EU4" CO2="0.00" CO="0.00" HC="0.00" NOx="0.00" PMx="0.00" fuel="0.00" electricity="0.00" noise="71.43" route="routetop" type="cfm-slow" waiting="0.00" lane="top_0" pos="16.73" speed="28.17" angle="244.38" x="29.22" y="123.00"/>
    </timestep>
    <timestep time="5.94">
        <vehicle id="cfm-fast_0" eclass="HBEFA3/PC_G_EU4" CO2="0.00" CO="0.00" HC="0.00" NOx="0.00" PMx="0.00" fuel="0.00" electricity="0.00" noise="70.36" route="routetop" type="cfm-fast" waiting="0.00" lane="top_0" pos="40.17" speed="25.97" angle="202.23" x="-1.68" y="84.56"/>
        <vehicle id="cfm-fast_1" eclass="HBEFA3/PC_G_EU4" CO2="237908.65" CO="5816.31" HC="32.51" NOx="110.79" PMx="6.61" fuel="102.27" electricity="0.00" noise="138.31" route="routebottom" type="cfm-fast" waiting="0.00" lane="bottom_1" pos="40.26" speed="69.94" angle="22.07" x="125.93" y="43.97"/>
        <vehicle id="cfm-fast_2" eclass="HBEFA3/PC_G_EU4" CO2="0.00" CO="0.00" HC="0.00" NOx="0.00" PMx="0.00" fuel="0.00" electricity="0.00" noise="69.86" route="routetop" type="cfm-fast" waiting="0.00" lane="left_0" pos="7.24" speed="23.96" angle="171.38" x="-3.15" y="48.13"/>
        <vehicle id="cfm-fast_3" eclass="HBEFA3/PC_G_EU4" CO2="5859.26" CO="46.05" HC="0.35" NOx="2.14" PMx="0.11" fuel="2.52" electricity="0.00" noise="70.97" route="routetop" type="cfm-fast" waiting="0.00" lane="left_0" pos="22.20" speed="23.12" angle="144.49" x="11.09" y="19.59"/>
        <vehicle id="cfm-fast_4" eclass="HBEFA3/PC_G_EU4" CO2="329412.30" CO="8179.81" HC="45.59" NOx="153.84" PMx="9.20" fuel="141.60" electricity="0.00" noise="153.73" route="routetop" type="cfm-fast" waiting="0.00" lane="top_1" pos="3.03" speed="80.55" angle="269.06" x="57.43" y="128.67"/>
        <vehicle id="cfm-fast_5" eclass="HBEFA3/PC_G_EU4" CO2="13616.69" CO="206.07" HC="1.28" NOx="5.80" PMx="0.31" fuel="5.85" electricity="0.00" noise="74.47" route="routetop" type="cfm-fast" waiting="0.00" lane="left_0" pos="36.53" speed="23.30" angle="118.77" x="35.45" y="1.13"/>
        <vehicle id="cfm-slow_0" eclass="HBEFA3/PC_G_EU4" CO2="17558.31" CO="291.02" HC="1.76" NOx="7.63" PMx="0.42" fuel="7.55" electricity="0.00" noise="76.79" route="routebottom" type="cfm-slow" waiting="0.00" lane="bottom_0" pos="1.05" speed="24.85" angle="92.58" x="66.01" y="-4.90"/>
        <vehicle id="cfm-slow_1" eclass="HBEFA3/PC_G_EU4" CO2="18640.47" CO="321.14" HC="1.93" NOx="8.09" PMx="0.45" fuel="8.01" electricity="0.00" noise="77.49" route="routebottom" type="cfm-slow" waiting="0.00" lane="bottom_0" pos="21.16" speed="26.85" angle="56.38" x="106.00" y="9.68"/>
        <vehicle id="cfm-slow_2" eclass="HBEFA3/PC_G_EU4" CO2="14783.60" CO="252.13" HC="1.52" NOx="6.23" PMx="0.36" fuel="6.35" electricity="0.00" noise="76.07" route="routebottom" type="cfm-slow" waiting="0.00" lane="bottom_0" pos="43.30" speed="28.73" angle="16.61" x="130.74" y="49.27"/>
        <vehicle id="cfm-slow_3" eclass="HBEFA3/PC_G_EU4" CO2="5813.49" CO="74.87" HC="0.49" NOx="1.97" PMx="0.13" fuel="2.50" electricity="0.00" noise="73.82" route="routebottom" type="cfm-slow" waiting="0.00" lane="right_0" pos="17.31" speed="29.82" angle="333.34" x="122.36" y="99.17"/>
        <vehicle id="cfm-slow_4" eclass="HBEFA3/PC_G_EU4" CO2="0.00" CO="0.00" HC="0.00" NOx="0.00" PMx="0.00" fuel="0.00" electricity="0.00" noise="72.44" route="routebottom" type="cfm-slow" waiting="0.00" lane="right_0" pos="42.32" speed="29.62" angle="288.41" x="80.12" y="130.27"/>
        <vehicle id="cfm-slow_5" eclass="HBEFA3/PC_G_EU4" CO2="0.00" CO="0.00" HC="0.00" NOx="0.00" PMx="0.00" fuel="0.00" electricity="0.00" noise="71.42" route="routetop" type="cfm-slow" waiting="0.00" lane="top_0" pos="17.01" speed="28.15" angle="243.88" x="28.70" y="122.69"/>
    </timestep>
    <timestep time="5.95">
        <vehicle id="cfm-fast_0" eclass="HBEFA3/PC_G_EU4" CO2="0.00" CO="0.00" HC="0.00" NOx="0.00" PMx="0.00" fuel="0.00" electricity="0.00" noise="70.35" route="routetop" type="cfm-fast" waiting="0.00" lane="top_0" pos="40.43" speed="25.95" angle="201.74" x="-1.84" y="84.03"/>
        <vehicle id="cfm-fast_1" eclass="HBEFA3/PC_G_EU4" CO2="238625.54" CO="5835.69" HC="32.62" NOx="111.13" PMx="6.63" fuel="102.57" electricity="0.00" noise="138.43" route="routebottom" type="cfm-fast" waiting="0.00" lane="bottom_1" pos="40.96" speed="70.05" angle="20.80" x="126.35" y="45.34"/>
        <vehicle id="cfm-fast_2" eclass="HBEFA3/PC_G_EU4" CO2="0.00" CO="0.00" HC="0.00" NOx="0.00" PMx="0.00" fuel="0.00" electricity="0.00" noise="69.87" route="routetop" type="cfm-fast" waiting="0.00" lane="left_0" pos="7.48" speed="23.95" angle="170.92" x="-3.04" y="47.63"/>
        <vehicle id="cfm-fast_3" eclass="HBEFA3/PC_G_EU4" CO2="5921.07" CO="47.33" HC="0.36" NOx="2.17" PMx="0.11" fuel="2.55" electricity="0.00" noise="71.00" route="routetop" type="cfm-fast" waiting="0.00" lane="left_0" pos="22.43" speed="23.13" angle="144.06" x="11.42" y="19.21"/>
        <vehicle id="cfm-fast_4" eclass="HBEFA3/PC_G_EU4" CO2="330051.90" CO="8199.76" HC="45.70" NOx="154.14" PMx="9.22" fuel="141.87" electricity="0.00" noise="153.80" route="routetop" type="cfm-fast" waiting="0.00" lane="top_1" pos="3.83" speed="80.68" angle="267.64" x="55.79" y="128.50"/>
        <vehicle id="cfm-fast_5" eclass="HBEFA3/PC_G_EU4" CO2="13649.15" CO="206.77" HC="1.28" NOx="5.82" PMx="0.31" fuel="5.87" electricity="0.00" noise="74.49" route="routetop" type="cfm-fast" waiting="0.00" lane="left_0" pos="36.76" speed="23.32" angle="118.33" x="35.91" y="0.92"/>
        <vehicle id="cfm-slow_0" eclass="HBEFA3/PC_G_EU4" CO2="17566.69" CO="291.25" HC="1.76" NOx="7.63" PMx="0.42" fuel="7.55" electricity="0.00" noise="76.80" route="routebottom" type="cfm-slow" waiting="0.00" lane="bottom_0" pos="1.29" speed="24.87" angle="92.15" x="66.55" y="-4.88"/>
        <vehicle id="cfm-slow_1" eclass="HBEFA3/PC_G_EU4" CO2="18603.96" CO="320.48" HC="1.92" NOx="8.07" PMx="0.45" fuel="8.00" electricity="0.00" noise="77.47" route="routebottom" type="cfm-slow" waiting="0.00" lane="bottom_0" pos="21.43" speed="26.87" angle="55.89" x="106.45" y="10.04"/>
        <vehicle id="cfm-slow_2" eclass="HBEFA3/PC_G_EU4" CO2="14695.68" CO="250.40" HC="1.51" NOx="6.19" PMx="0.35" fuel="6.32" electricity="0.00" noise="76.04" route="routebottom" type="cfm-slow" waiting="0.00" lane="bottom_0" pos="43.59" speed="28.74" angle="16.13" x="130.88" y="49.88"/>
        <vehicle id="cfm-slow_3" eclass="HBEFA3/PC_G_EU4" CO2="0.00" CO="0.00" HC="0.00" NOx="0.00" PMx="0.00" fuel="0.00" electricity="0.00" noise="73.80" route="routebottom" type="cfm-slow" waiting="0.00" lane="right_0" pos="17.60" speed="29.82" angle="332.80" x="122.03" y="99.72"/>
        <vehicle id="cfm-slow_4" eclass="HBEFA3/PC_G_EU4" CO2="0.00" CO="0.00" HC="0.00" NOx="0.00" PMx="0.00" fuel="0.00" electricity="0.00" noise="72.43" route="routebottom" type="cfm-slow" waiting="0.00" lane="right_0" pos="42.62" speed="29.61" angle="287.87" x="79.50" y="130.41"/>
        <vehicle id="cfm-slow_5" eclass="HBEFA3/PC_G_EU4" CO2="0.00" CO="0.00" HC="0.00" NOx="0.00" PMx="0.00" fuel="0.00" electricity="0.00" noise="71.41" route="routetop" type="cfm-slow" waiting="0.00" lane="top_0" pos="17.29" speed="28.13" angle="243.37" x="28.18" y="122.38"/>
    </timestep>
    <timestep time="5.96">
        <vehicle id="cfm-fast_0" eclass="HBEFA3/PC_G_EU4" CO2="0.00" CO="0.00" HC="0.00" NOx="0.00" PMx="0.00" fuel="0.00" electricity="0.00" noise="70.35" route="routetop" type="cfm-fast" waiting="0.00" lane="top_0" pos="40.69" speed="25.94" angle="201.26" x="-2.01" y="83.49"/>
        <vehicle id="cfm-fast_1" eclass="HBEFA3/PC_G_EU4" CO2="239342.98" CO="5855.09" HC="32.72" NOx="111.47" PMx="6.65" fuel="102.88" electricity="0.00" noise="138.55" route="routebottom" type="cfm-fast" waiting="0.00" lane="bottom_1" pos="41.66" speed="70.16" angle="19.52" x="126.73" y="46.73"/>
        <vehicle id="cfm-fast_2" eclass="HBEFA3/PC_G_EU4" CO2="0.00" CO="0.00" HC="0.00" NOx="0.00" PMx="0.00" fuel="0.00" electricity="0.00" noise="69.87" route="routetop" type="cfm-fast" waiting="0.00" lane="left_0" pos="7.72" speed="23.94" angle="170.53" x="-2.92" y="47.13"/>
        <vehicle id="cfm-fast_3" eclass="HBEFA3/PC_G_EU4" CO2="5982.71" CO="48.60" HC="0.37" NOx="2.20" PMx="0.11" fuel="2.57" electricity="0.00" noise="71.02" route="routetop" type="cfm-fast" waiting="0.00" lane="left_0" pos="22.67" speed="23.13" angle="143.63" x="11.74" y="18.83"/>
        <vehicle id="cfm-fast_4" eclass="HBEFA3/PC_G_EU4" CO2="330691.80" CO="8219.72" HC="45.81" NOx="154.44" PMx="9.24" fuel="142.15" electricity="0.00" noise="153.86" route="routetop" type="cfm-fast" waiting="0.00" lane="top_1" pos="4.64" speed="80.82" angle="266.16" x="54.15" y="128.27"/>
        <vehicle id="cfm-fast_5" eclass="HBEFA3/PC_G_EU4" CO2="13681.45" CO="207.46" HC="1.28" NOx="5.83" PMx="0.31" fuel="5.88" electricity="0.00" noise="74.51" route="routetop" type="cfm-fast" waiting="0.00" lane="left_0" pos="37.00" speed="23.33" angle="117.90" x="36.37" y="0.72"/>
        <vehicle id="cfm-slow_0" eclass="HBEFA3/PC_G_EU4" CO2="17574.71" CO="291.48" HC="1.76" NOx="7.63" PMx="0.42" fuel="7.55" electricity="0.00" noise="76.80" route="routebottom" type="cfm-slow" waiting="0.00" lane="bottom_0" pos="1.54" speed="24.90" angle="91.70" x="67.08" y="-4.85"/>
        <vehicle id="cfm-slow_1" eclass="HBEFA3/PC_G_EU4" CO2="18566.98" CO="319.81" HC="1.92" NOx="8.06" PMx="0.45" fuel="7.98" electricity="0.00" noise="77.46" route="routebottom" type="cfm-slow" waiting="0.00" lane="bottom_0" pos="21.70" speed="26.89" angle="55.42" x="106.91" y="10.40"/>
        <vehicle id="cfm-slow_2" eclass="HBEFA3/PC_G_EU4" CO2="14607.56" CO="248.66" HC="1.50" NOx="6.15" PMx="0.35" fuel="6.28" electricity="0.00" noise="76.01" route="routebottom" type="cfm-slow" waiting="0.00" lane="bottom_0" pos="43.88" speed="28.75" angle="15.60" x="130.99" y="50.49"/>
        <vehicle id="cfm-slow_3" eclass="HBEFA3/PC_G_EU4" CO2="0.00" CO="0.00" HC="0.00" NOx="0.00" PMx="0.00" fuel="0.00" electricity="0.00" noise="73.78" route="routebottom" type="cfm-slow" waiting="0.00" lane="right_0" pos="17.90" speed="29.82" angle="332.31" x="121.70" y="100.27"/>
        <vehicle id="cfm-slow_4" eclass="HBEFA3/PC_G_EU4" CO2="0.00" CO="0.00" HC="0.00" NOx="0.00" PMx="0.00" fuel="0.00" electricity="0.00" noise="72.42" route="routebottom" type="cfm-slow" waiting="0.00" lane="right_0" pos="42.91" speed="29.59" angle="287.33" x="78.88" y="130.55"/>
        <vehicle id="cfm-slow_5" eclass="HBEFA3/PC_G_EU4" CO2="0.00" CO="0.00" HC="0.00" NOx="0.00" PMx="0.00" fuel="0.00" electricity="0.00" noise="71.40" route="routetop" type="cfm-slow" waiting="0.00" lane="top_0" pos="17.57" speed="28.11" angle="242.86" x="27.66" y="122.07"/>
    </timestep>
    <timestep time="5.97">
        <vehicle id="cfm-fast_0" eclass="HBEFA3/PC_G_EU4" CO2="0.00" CO="0.00" HC="0.00" NOx="0.00" PMx="0.00" fuel="0.00" electricity="0.00" noise="70.34" route="routetop" type="cfm-fast" waiting="0.00" lane="top_0" pos="40.95" speed="25.92" angle="200.79" x="-2.17" y="82.96"/>
        <vehicle id="cfm-fast_1" eclass="HBEFA3/PC_G_EU4" CO2="240060.95" CO="5874.52" HC="32.83" NOx="111.81" PMx="6.67" fuel="103.19" electricity="0.00" noise="138.67" route="routebottom" type="cfm-fast" waiting="0.00" lane="bottom_1" pos="42.36" speed="70.28" angle="18.27" x="127.09" y="48.12"/>
        <vehicle id="cfm-fast_2" eclass="HBEFA3/PC_G_EU4" CO2="0.00" CO="0.00" HC="0.00" NOx="0.00" PMx="0.00" fuel="0.00" electricity="0.00" noise="69.88" route="routetop" type="cfm-fast" waiting="0.00" lane="left_0" pos="7.96" speed="23.93" angle="170.10" x="-2.79" y="46.63"/>
        <vehicle id="cfm-fast_3" eclass="HBEFA3/PC_G_EU4" CO2="6044.19" CO="49.88" HC="0.38" NOx="2.23" PMx="0.11" fuel="2.60" electricity="0.00" noise="71.04" route="routetop" type="cfm-fast" waiting="0.00" lane="left_0" pos="22.90" speed="23.13" angle="143.20" x="12.06" y="18.45"/>
        <vehicle id="cfm-fast_4" eclass="HBEFA3/PC_G_EU4" CO2="331331.99" CO="8239.71" HC="45.91" NOx="154.74" PMx="9.26" fuel="142.42" electricity="0.00" noise="153.93" route="routetop" type="cfm-fast" waiting="0.00" lane="top_1" pos="5.45" speed="80.96" angle="264.70" x="52.51" y="128.01"/>
        <vehicle id="cfm-fast_5" eclass="HBEFA3/PC_G_EU4" CO2="13713.59" CO="208.15" HC="1.29" NOx="5.85" PMx="0.31" fuel="5.89" electricity="0.00" noise="74.53" route="routetop" type="cfm-fast" waiting="0.00" lane="left_0" pos="37.23" speed="23.35" angle="117.54" x="36.83" y="0.51"/>
        <vehicle id="cfm-slow_0" eclass="HBEFA3/PC_G_EU4" CO2="17582.37" CO="291.71" HC="1.77" NOx="7.64" PMx="0.42" fuel="7.56" electricity="0.00" noise="76.81" route="routebottom" type="cfm-slow" waiting="0.00" lane="bottom_0" pos="1.79" speed="24.92" angle="91.26" x="67.62" y="-4.82"/>
        <vehicle id="cfm-slow_1" eclass="HBEFA3/PC_G_EU4" CO2="18529.56" CO="319.14" HC="1.92" NOx="8.04" PMx="0.45" fuel="7.96" electricity="0.00" noise="77.44" route="routebottom" type="cfm-slow" waiting="0.00" lane="bottom_0" pos="21.97" speed="26.91" angle="54.95" x="107.35" y="10.77"/>
        <vehicle id="cfm-slow_2" eclass="HBEFA3/PC_G_EU4" CO2="14519.27" CO="246.92" HC="1.49" NOx="6.10" PMx="0.35" fuel="6.24" electricity="0.00" noise="75.98" route="routebottom" type="cfm-slow" waiting="0.00" lane="bottom_0" pos="44.17" speed="28.76" angle="15.05" x="131.10" y="51.09"/>
        <vehicle id="cfm-slow_3" eclass="HBEFA3/PC_G_EU4" CO2="0.00" CO="0.00" HC="0.00" NOx="0.00" PMx="0.00" fuel="0.00" electricity="0.00" noise="73.76" route="routebottom" type="cfm-slow" waiting="0.00" lane="right_0" pos="18.20" speed="29.82" angle="331.75" x="121.35" y="100.81"/>
        <vehicle id="cfm-slow_4" eclass="HBEFA3/PC_G_EU4" CO2="0.00" CO="0.00" HC="0.00" NOx="0.00" PMx="0.00" fuel="0.00" electricity="0.00" noise="72.41" route="routebottom" type="cfm-slow" waiting="0.00" lane="right_0" pos="43.21" speed="29.58" angle="286.79" x="78.26" y="130.69"/>
        <vehicle id="cfm-slow_5" eclass="HBEFA3/PC_G_EU4" CO2="0.00" CO="0.00" HC="0.00" NOx="0.00" PMx="0.00" fuel="0.00" electricity="0.00" noise="71.39" route="routetop" type="cfm-slow" waiting="0.00" lane="top_0" pos="17.85" speed="28.09" angle="242.38" x="27.14" y="121.76"/>
    </timestep>
    <timestep time="5.98">
        <vehicle id="cfm-fast_0" eclass="HBEFA3/PC_G_EU4" CO2="0.00" CO="0.00" HC="0.00" NOx="0.00" PMx="0.00" fuel="0.00" electricity="0.00" noise="70.33" route="routetop" type="cfm-fast" waiting="0.00" lane="top_0" pos="41.21" speed="25.90" angle="200.35" x="-2.32" y="82.42"/>
        <vehicle id="cfm-fast_1" eclass="HBEFA3/PC_G_EU4" CO2="240779.45" CO="5893.99" HC="32.94" NOx="112.14" PMx="6.69" fuel="103.50" electricity="0.00" noise="138.79" route="routebottom" type="cfm-fast" waiting="0.00" lane="bottom_1" pos="43.07" speed="70.39" angle="17.04" x="127.41" y="49.53"/>
        <vehicle id="cfm-fast_2" eclass="HBEFA3/PC_G_EU4" CO2="0.00" CO="0.00" HC="0.00" NOx="0.00" PMx="0.00" fuel="0.00" electricity="0.00" noise="69.88" route="routetop" type="cfm-fast" waiting="0.00" lane="left_0" pos="8.20" speed="23.93" angle="169.66" x="-2.65" y="46.13"/>
        <vehicle id="cfm-fast_3" eclass="HBEFA3/PC_G_EU4" CO2="6105.51" CO="51.14" HC="0.38" NOx="2.26" PMx="0.11" fuel="2.62" electricity="0.00" noise="71.06" route="routetop" type="cfm-fast" waiting="0.00" lane="left_0" pos="23.13" speed="23.14" angle="142.84" x="12.39" y="18.08"/>
        <vehicle id="cfm-fast_4" eclass="HBEFA3/PC_G_EU4" CO2="331972.48" CO="8259.72" HC="46.02" NOx="155.05" PMx="9.28" fuel="142.70" electricity="0.00" noise="153.99" route="routetop" type="cfm-fast" waiting="0.00" lane="top_1" pos="6.26" speed="81.09" angle="263.21" x="50.87" y="127.71"/>
        <vehicle id="cfm-fast_5" eclass="HBEFA3/PC_G_EU4" CO2="13745.55" CO="208.84" HC="1.29" NOx="5.86" PMx="0.31" fuel="5.91" electricity="0.00" noise="74.55" route="routetop" type="cfm-fast" waiting="0.00" lane="left_0" pos="37.46" speed="23.36" angle="117.11" x="37.29" y="0.32"/>
        <vehicle id="cfm-slow_0" eclass="HBEFA3/PC_G_EU4" CO2="17589.67" CO="291.92" HC="1.77" NOx="7.64" PMx="0.42" fuel="7.56" electricity="0.00" noise="76.81" route="routebottom" type="cfm-slow" waiting="0.00" lane="bottom_0" pos="2.04" speed="24.94" angle="90.81" x="68.15" y="-4.79"/>
        <vehicle id="cfm-slow_1" eclass="HBEFA3/PC_G_EU4" CO2="18491.68" CO="318.45" HC="1.91" NOx="8.02" PMx="0.45" fuel="7.95" electricity="0.00" noise="77.42" route="routebottom" type="cfm-slow" waiting="0.00" lane="bottom_0" pos="22.24" speed="26.93" angle="54.44" x="107.79" y="11.14"/>
        <vehicle id="cfm-slow_2" eclass="HBEFA3/PC_G_EU4" CO2="14430.80" CO="245.18" HC="1.48" NOx="6.06" PMx="0.35" fuel="6.20" electricity="0.00" noise="75.95" route="routebottom" type="cfm-slow" waiting="0.00" lane="bottom_0" pos="44.46" speed="28.77" angle="14.51" x="131.21" y="51.70"/>
        <vehicle id="cfm-slow_3" eclass="HBEFA3/PC_G_EU4" CO2="0.00" CO="0.00" HC="0.00" NOx="0.00" PMx="0.00" fuel="0.00" electricity="0.00" noise="73.74" route="routebottom" type="cfm-slow" waiting="0.00" lane="right_0" pos="18.50" speed="29.82" angle="331.17" x="120.99" y="101.34"/>
        <vehicle id="cfm-slow_4" eclass="HBEFA3/PC_G_EU4" CO2="0.00" CO="0.00" HC="0.00" NOx="0.00" PMx="0.00" fuel="0.00" electricity="0.00" noise="72.40" route="routebottom" type="cfm-slow" waiting="0.00" lane="right_0" pos="43.50" speed="29.57" angle="286.26" x="77.64" y="130.83"/>
        <vehicle id="cfm-slow_5" eclass="HBEFA3/PC_G_EU4" CO2="0.00" CO="0.00" HC="0.00" NOx="0.00" PMx="0.00" fuel="0.00" electricity="0.00" noise="71.38" route="routetop" type="cfm-slow" waiting="0.00" lane="top_0" pos="18.13" speed="28.07" angle="241.89" x="26.63" y="121.43"/>
    </timestep>
    <timestep time="5.99">
        <vehicle id="cfm-fast_0" eclass="HBEFA3/PC_G_EU4" CO2="0.00" CO="0.00" HC="0.00" NOx="0.00" PMx="0.00" fuel="0.00" electricity="0.00" noise="70.33" route="routetop" type="cfm-fast" waiting="0.00" lane="top_0" pos="41.47" speed="25.89" angle="199.87" x="-2.47" y="81.89"/>
        <vehicle id="cfm-fast_1" eclass="HBEFA3/PC_G_EU4" CO2="241498.46" CO="5913.47" HC="33.04" NOx="112.48" PMx="6.72" fuel="103.81" electricity="0.00" noise="138.91" route="routebottom" type="cfm-fast" waiting="0.00" lane="bottom_1" pos="43.77" speed="70.50" angle="15.82" x="127.72" y="50.94"/>
        <vehicle id="cfm-fast_2" eclass="HBEFA3/PC_G_EU4" CO2="0.00" CO="0.00" HC="0.00" NOx="0.00" PMx="0.00" fuel="0.00" electricity="0.00" noise="69.89" route="routetop" type="cfm-fast" waiting="0.00" lane="left_0" pos="8.44" speed="23.92" angle="169.22" x="-2.52" y="45.63"/>
        <vehicle id="cfm-fast_3" eclass="HBEFA3/PC_G_EU4" CO2="6166.66" CO="52.41" HC="0.39" NOx="2.29" PMx="0.12" fuel="2.65" electricity="0.00" noise="71.08" route="routetop" type="cfm-fast" waiting="0.00" lane="left_0" pos="23.36" speed="23.14" angle="142.43" x="12.72" y="17.71"/>
        <vehicle id="cfm-fast_4" eclass="HBEFA3/PC_G_EU4" CO2="332613.25" CO="8279.75" HC="46.13" NOx="155.35" PMx="9.30" fuel="142.97" electricity="0.00" noise="154.06" route="routetop" type="cfm-fast" waiting="0.00" lane="top_1" pos="7.08" speed="81.23" angle="261.71" x="49.24" y="127.35"/>
        <vehicle id="cfm-fast_5" eclass="HBEFA3/PC_G_EU4" CO2="13777.35" CO="209.52" HC="1.30" NOx="5.87" PMx="0.31" fuel="5.92" electricity="0.00" noise="74.57" route="routetop" type="cfm-fast" waiting="0.00" lane="left_0" pos="37.70" speed="23.38" angle="116.68" x="37.76" y="0.14"/>
        <vehicle id="cfm-slow_0" eclass="HBEFA3/PC_G_EU4" CO2="17596.60" CO="292.13" HC="1.77" NOx="7.64" PMx="0.42" fuel="7.56" electricity="0.00" noise="76.82" route="routebottom" type="cfm-slow" waiting="0.00" lane="bottom_0" pos="2.29" speed="24.96" angle="90.36" x="68.69" y="-4.76"/>
        <vehicle id="cfm-slow_1" eclass="HBEFA3/PC_G_EU4" CO2="18453.35" CO="317.76" HC="1.91" NOx="8.00" PMx="0.45" fuel="7.93" electricity="0.00" noise="77.41" route="routebottom" type="cfm-slow" waiting="0.00" lane="bottom_0" pos="22.51" speed="26.95" angle="53.93" x="108.23" y="11.52"/>
        <vehicle id="cfm-slow_2" eclass="HBEFA3/PC_G_EU4" CO2="14342.16" CO="243.43" HC="1.47" NOx="6.02" PMx="0.34" fuel="6.17" electricity="0.00" noise="75.91" route="routebottom" type="cfm-slow" waiting="0.00" lane="bottom_0" pos="44.74" speed="28.79" angle="13.96" x="131.33" y="52.31"/>
        <vehicle id="cfm-slow_3" eclass="HBEFA3/PC_G_EU4" CO2="0.00" CO="0.00" HC="0.00" NOx="0.00" PMx="0.00" fuel="0.00" electricity="0.00" noise="73.72" route="routebottom" type="cfm-slow" waiting="0.00" lane="right_0" pos="18.80" speed="29.82" angle="330.59" x="120.63" y="101.88"/>
        <vehicle id="cfm-slow_4" eclass="HBEFA3/PC_G_EU4" CO2="0.00" CO="0.00" HC="0.00" NOx="0.00" PMx="0.00" fuel="0.00" electricity="0.00" noise="72.38" route="routebottom" type="cfm-slow" waiting="0.00" lane="right_0" pos="43.80" speed="29.56" angle="285.75" x="77.02" y="130.96"/>
        <vehicle id="cfm-slow_5" eclass="HBEFA3/PC_G_EU4" CO2="0.00" CO="0.00" HC="0.00" NOx="0.00" PMx="0.00" fuel="0.00" electricity="0.00" noise="71.37" route="routetop" type="cfm-slow" waiting="0.00" lane="top_0" pos="18.42" speed="28.05" angle="241.34" x="26.13" y="121.09"/>
    </timestep>
    <timestep time="6.00">
        <vehicle id="cfm-fast_0" eclass="HBEFA3/PC_G_EU4" CO2="0.00" CO="0.00" HC="0.00" NOx="0.00" PMx="0.00" fuel="0.00" electricity="0.00" noise="70.32" route="routetop" type="cfm-fast" waiting="0.00" lane="top_0" pos="41.73" speed="25.87" angle="199.39" x="-2.61" y="81.35"/>
        <vehicle id="cfm-fast_1" eclass="HBEFA3/PC_G_EU4" CO2="242217.98" CO="5932.99" HC="33.15" NOx="112.82" PMx="6.74" fuel="104.12" electricity="0.00" noise="139.03" route="routebottom" type="cfm-fast" waiting="0.00" lane="bottom_1" pos="44.48" speed="70.62" angle="14.44" x="127.98" y="52.36"/>
        <vehicle id="cfm-fast_2" eclass="HBEFA3/PC_G_EU4" CO2="0.00" CO="0.00" HC="0.00" NOx="0.00" PMx="0.00" fuel="0.00" electricity="0.00" noise="69.89" route="routetop" type="cfm-fast" waiting="0.00" lane="left_0" pos="8.68" speed="23.91" angle="168.78" x="-2.39" y="45.14"/>
        <vehicle id="cfm-fast_3" eclass="HBEFA3/PC_G_EU4" CO2="6227.64" CO="53.67" HC="0.40" NOx="2.32" PMx="0.12" fuel="2.68" electricity="0.00" noise="71.11" route="routetop" type="cfm-fast" waiting="0.00" lane="left_0" pos="23.59" speed="23.14" angle="142.01" x="13.06" y="17.35"/>
        <vehicle id="cfm-fast_4" eclass="HBEFA3/PC_G_EU4" CO2="333254.32" CO="8299.80" HC="46.24" NOx="155.65" PMx="9.32" fuel="143.25" electricity="0.00" noise="154.12" route="routetop" type="cfm-fast" waiting="0.00" lane="top_1" pos="7.89" speed="81.37" angle="260.24" x="47.62" y="126.96"/>
        <vehicle id="cfm-fast_5" eclass="HBEFA3/PC_G_EU4" CO2="13808.98" CO="210.21" HC="1.30" NOx="5.89" PMx="0.32" fuel="5.94" electricity="0.00" noise="74.58" route="routetop" type="cfm-fast" waiting="0.00" lane="left_0" pos="37.93" speed="23.40" angle="116.25" x="38.23" y="-0.05"/>
        <vehicle id="cfm-slow_0" eclass="HBEFA3/PC_G_EU4" CO2="17603.16" CO="292.33" HC="1.77" NOx="7.64" PMx="0.42" fuel="7.57" electricity="0.00" noise="76.82" route="routebottom" type="cfm-slow" waiting="0.00" lane="bottom_0" pos="2.54" speed="24.98" angle="89.94" x="69.22" y="-4.73"/>
        <vehicle id="cfm-slow_1" eclass="HBEFA3/PC_G_EU4" CO2="18414.56" CO="317.05" HC="1.90" NOx="7.98" PMx="0.44" fuel="7.92" electricity="0.00" noise="77.39" route="routebottom" type="cfm-slow" waiting="0.00" lane="bottom_0" pos="22.78" speed="26.97" angle="53.42" x="108.68" y="11.90"/>
        <vehicle id="cfm-slow_2" eclass="HBEFA3/PC_G_EU4" CO2="14253.36" CO="241.68" HC="1.46" NOx="5.98" PMx="0.34" fuel="6.13" electricity="0.00" noise="75.88" route="routebottom" type="cfm-slow" waiting="0.00" lane="bottom_0" pos="45.03" speed="28.80" angle="13.50" x="131.43" y="52.92"/>
        <vehicle id="cfm-slow_3" eclass="HBEFA3/PC_G_EU4" CO2="0.00" CO="0.00" HC="0.00" NOx="0.00" PMx="0.00" fuel="0.00" electricity="0.00" noise="73.70" route="routebottom" type="cfm-slow" waiting="0.00" lane="right_0" pos="19.09" speed="29.82" angle="330.02" x="120.27" y="102.41"/>
        <vehicle id="cfm-slow_4" eclass="HBEFA3/PC_G_EU4" CO2="0.00" CO="0.00" HC="0.00" NOx="0.00" PMx="0.00" fuel="0.00" electricity="0.00" noise="72.37" route="routebottom" type="cfm-slow" waiting="0.00" lane="right_0" pos="44.09" speed="29.54" angle="285.19" x="76.39" y="131.07"/>
        <vehicle id="cfm-slow_5" eclass="HBEFA3/PC_G_EU4" CO2="0.00" CO="0.00" HC="0.00" NOx="0.00" PMx="0.00" fuel="0.00" electricity="0.00" noise="71.36" route="routetop" type="cfm-slow" waiting="0.00" lane="top_0" pos="18.70" speed="28.03" angle="240.80" x="25.63" y="120.76"/>
    </timestep>
    <timestep time="6.01">
        <vehicle id="cfm-fast_0" eclass="HBEFA3/PC_G_EU4" CO2="0.00" CO="0.00" HC="0.00" NOx="0.00" PMx="0.00" fuel="0.00" electricity="0.00" noise="70.31" route="routetop" type="cfm-fast" waiting="0.00" lane="top_0" pos="41.99" speed="25.85" angle="198.92" x="-2.76" y="80.81"/>
        <vehicle id="cfm-fast_1" eclass="HBEFA3/PC_G_EU4" CO2="242937.99" CO="5952.53" HC="33.26" NOx="113.16" PMx="6.76" fuel="104.43" electricity="0.00" noise="139.15" route="routebottom" type="cfm-fast" waiting="0.00" lane="bottom_1" pos="45.18" speed="70.73" angle="13.17" x="128.22" y="53.79"/>
        <vehicle id="cfm-fast_2" eclass="HBEFA3/PC_G_EU4" CO2="0.00" CO="0.00" HC="0.00" NOx="0.00" PMx="0.00" fuel="0.00" electricity="0.00" noise="69.90" route="routetop" type="cfm-fast" waiting="0.00" lane="left_0" pos="8.92" speed="23.90" angle="168.39" x="-2.26" y="44.64"/>
        <vehicle id="cfm-fast_3" eclass="HBEFA3/PC_G_EU4" CO2="6288.45" CO="54.93" HC="0.40" NOx="2.35" PMx="0.12" fuel="2.70" electricity="0.00" noise="71.13" route="routetop" type="cfm-fast" waiting="0.00" lane="left_0" pos="23.82" speed="23.15" angle="141.59" x="13.40" y="16.98"/>
        <vehicle id="cfm-fast_4" eclass="HBEFA3/PC_G_EU4" CO2="333895.68" CO="8319.88" HC="46.34" NOx="155.95" PMx="9.34" fuel="143.53" electricity="0.00" noise="154.19" route="routetop" type="cfm-fast" waiting="0.00" lane="top_1" pos="8.70" speed="81.50" angle="258.79" x="46.01" y="126.54"/>
        <vehicle id="cfm-fast_5" eclass="HBEFA3/PC_G_EU4" CO2="13840.43" CO="210.88" HC="1.30" NOx="5.90" PMx="0.32" fuel="5.95" electricity="0.00" noise="74.60" route="routetop" type="cfm-fast" waiting="0.00" lane="left_0" pos="38.17" speed="23.41" angle="115.81" x="38.69" y="-0.24"/>
        <vehicle id="cfm-slow_0" eclass="HBEFA3/PC_G_EU4" CO2="17609.35" CO="292.52" HC="1.77" NOx="7.65" PMx="0.42" fuel="7.57" electricity="0.00" noise="76.83" route="routebottom" type="cfm-slow" waiting="0.00" lane="bottom_0" pos="2.79" speed="25.00" angle="89.49" x="69.76" y="-4.67"/>
        <vehicle id="cfm-slow_1" eclass="HBEFA3/PC_G_EU4" CO2="18375.33" CO="316.34" HC="1.90" NOx="7.96" PMx="0.44" fuel="7.90" electricity="0.00" noise="77.37" route="routebottom" type="cfm-slow" waiting="0.00" lane="bottom_0" pos="23.05" speed="26.99" angle="52.97" x="109.12" y="12.27"/>
        <vehicle id="cfm-slow_2" eclass="HBEFA3/PC_G_EU4" CO2="14164.39" CO="239.92" HC="1.45" NOx="5.94" PMx="0.34" fuel="6.09" electricity="0.00" noise="75.85" route="routebottom" type="cfm-slow" waiting="0.00" lane="bottom_0" pos="45.32" speed="28.81" angle="12.98" x="131.52" y="53.54"/>
        <vehicle id="cfm-slow_3" eclass="HBEFA3/PC_G_EU4" CO2="0.00" CO="0.00" HC="0.00" NOx="0.00" PMx="0.00" fuel="0.00" electricity="0.00" noise="73.68" route="routebottom" type="cfm-slow" waiting="0.00" lane="right_0" pos="19.39" speed="29.82" angle="329.53" x="119.91" y="102.93"/>
        <vehicle id="cfm-slow_4" eclass="HBEFA3/PC_G_EU4" CO2="0.00" CO="0.00" HC="0.00" NOx="0.00" PMx="0.00" fuel="0.00" electricity="0.00" noise="72.36" route="routebottom" type="cfm-slow" waiting="0.00" lane="right_0" pos="44.39" speed="29.53" angle="284.63" x="75.77" y="131.19"/>
        <vehicle id="cfm-slow_5" eclass="HBEFA3/PC_G_EU4" CO2="0.00" CO="0.00" HC="0.00" NOx="0.00" PMx="0.00" fuel="0.00" electricity="0.00" noise="71.35" route="routetop" type="cfm-slow" waiting="0.00" lane="top_0" pos="18.98" speed="28.01" angle="240.25" x="25.13" y="120.42"/>
    </timestep>
    <timestep time="6.02">
        <vehicle id="cfm-fast_0" eclass="HBEFA3/PC_G_EU4" CO2="0.00" CO="0.00" HC="0.00" NOx="0.00" PMx="0.00" fuel="0.00" electricity="0.00" noise="70.31" route="routetop" type="cfm-fast" waiting="0.00" lane="top_0" pos="42.25" speed="25.83" angle="198.46" x="-2.90" y="80.27"/>
        <vehicle id="cfm-fast_1" eclass="HBEFA3/PC_G_EU4" CO2="243658.49" CO="5972.10" HC="33.36" NOx="113.50" PMx="6.78" fuel="104.74" electricity="0.00" noise="139.27" route="routebottom" type="cfm-fast" waiting="0.00" lane="bottom_1" pos="45.89" speed="70.85" angle="11.88" x="128.42" y="55.23"/>
        <vehicle id="cfm-fast_2" eclass="HBEFA3/PC_G_EU4" CO2="0.00" CO="0.00" HC="0.00" NOx="0.00" PMx="0.00" fuel="0.00" electricity="0.00" noise="69.90" route="routetop" type="cfm-fast" waiting="0.00" lane="left_0" pos="9.15" speed="23.90" angle="167.96" x="-2.11" y="44.15"/>
        <vehicle id="cfm-fast_3" eclass="HBEFA3/PC_G_EU4" CO2="6349.10" CO="56.19" HC="0.41" NOx="2.37" PMx="0.12" fuel="2.73" electricity="0.00" noise="71.15" route="routetop" type="cfm-fast" waiting="0.00" lane="left_0" pos="24.05" speed="23.15" angle="141.17" x="13.74" y="16.61"/>
        <vehicle id="cfm-fast_4" eclass="HBEFA3/PC_G_EU4" CO2="334537.33" CO="8339.97" HC="46.45" NOx="156.25" PMx="9.36" fuel="143.80" electricity="0.00" noise="154.26" route="routetop" type="cfm-fast" waiting="0.00" lane="top_1" pos="9.52" speed="81.64" angle="257.37" x="44.40" y="126.06"/>
        <vehicle id="cfm-fast_5" eclass="HBEFA3/PC_G_EU4" CO2="13871.70" CO="211.56" HC="1.31" NOx="5.92" PMx="0.32" fuel="5.96" electricity="0.00" noise="74.62" route="routetop" type="cfm-fast" waiting="0.00" lane="left_0" pos="38.40" speed="23.43" angle="115.41" x="39.16" y="-0.42"/>
        <vehicle id="cfm-slow_0" eclass="HBEFA3/PC_G_EU4" CO2="17615.17" CO="292.71" HC="1.77" NOx="7.65" PMx="0.42" fuel="7.57" electricity="0.00" noise="76.83" route="routebottom" type="cfm-slow" waiting="0.00" lane="bottom_0" pos="3.04" speed="25.02" angle="89.04" x="70.29" y="-4.62"/>
        <vehicle id="cfm-slow_1" eclass="HBEFA3/PC_G_EU4" CO2="18335.66" CO="315.61" HC="1.90" NOx="7.94" PMx="0.44" fuel="7.88" electricity="0.00" noise="77.35" route="routebottom" type="cfm-slow" waiting="0.00" lane="bottom_0" pos="23.32" speed="27.01" angle="52.49" x="109.55" y="12.67"/>
        <vehicle id="cfm-slow_2" eclass="HBEFA3/PC_G_EU4" CO2="14075.27" CO="238.16" HC="1.44" NOx="5.89" PMx="0.34" fuel="6.05" electricity="0.00" noise="75.82" route="routebottom" type="cfm-slow" waiting="0.00" lane="bottom_0" pos="45.61" speed="28.82" angle="12.46" x="131.60" y="54.15"/>
        <vehicle id="cfm-slow_3" eclass="HBEFA3/PC_G_EU4" CO2="0.00" CO="0.00" HC="0.00" NOx="0.00" PMx="0.00" fuel="0.00" electricity="0.00" noise="73.66" route="routebottom" type="cfm-slow" waiting="0.00" lane="right_0" pos="19.69" speed="29.81" angle="328.99" x="119.53" y="103.46"/>
        <vehicle id="cfm-slow_4" eclass="HBEFA3/PC_G_EU4" CO2="0.00" CO="0.00" HC="0.00" NOx="0.00" PMx="0.00" fuel="0.00" electricity="0.00" noise="72.35" route="routebottom" type="cfm-slow" waiting="0.00" lane="right_0" pos="44.68" speed="29.52" angle="284.07" x="75.14" y="131.30"/>
        <vehicle id="cfm-slow_5" eclass="HBEFA3/PC_G_EU4" CO2="0.00" CO="0.00" HC="0.00" NOx="0.00" PMx="0.00" fuel="0.00" electricity="0.00" noise="71.34" route="routetop" type="cfm-slow" waiting="0.00" lane="top_0" pos="19.26" speed="27.99" angle="239.79" x="24.63" y="120.08"/>
    </timestep>
    <timestep time="6.03">
        <vehicle id="cfm-fast_0" eclass="HBEFA3/PC_G_EU4" CO2="0.00" CO="0.00" HC="0.00" NOx="0.00" PMx="0.00" fuel="0.00" electricity="0.00" noise="70.30" route="routetop" type="cfm-fast" waiting="0.00" lane="top_0" pos="42.50" speed="25.82" angle="198.03" x="-3.03" y="79.73"/>
        <vehicle id="cfm-fast_1" eclass="HBEFA3/PC_G_EU4" CO2="244379.48" CO="5991.70" HC="33.47" NOx="113.83" PMx="6.80" fuel="105.05" electricity="0.00" noise="139.39" route="routebottom" type="cfm-fast" waiting="0.00" lane="bottom_1" pos="46.60" speed="70.96" angle="10.66" x="128.59" y="56.68"/>
        <vehicle id="cfm-fast_2" eclass="HBEFA3/PC_G_EU4" CO2="0.00" CO="0.00" HC="0.00" NOx="0.00" PMx="0.00" fuel="0.00" electricity="0.00" noise="69.91" route="routetop" type="cfm-fast" waiting="0.00" lane="left_0" pos="9.39" speed="23.89" angle="167.52" x="-1.95" y="43.66"/>
        <vehicle id="cfm-fast_3" eclass="HBEFA3/PC_G_EU4" CO2="6409.57" CO="57.44" HC="0.42" NOx="2.40" PMx="0.12" fuel="2.76" electricity="0.00" noise="71.18" route="routetop" type="cfm-fast" waiting="0.00" lane="left_0" pos="24.29" speed="23.16" angle="140.78" x="14.07" y="16.25"/>
        <vehicle id="cfm-fast_4" eclass="HBEFA3/PC_G_EU4" CO2="335179.28" CO="8360.09" HC="46.56" NOx="156.55" PMx="9.38" fuel="144.08" electricity="0.00" noise="154.32" route="routetop" type="cfm-fast" waiting="0.00" lane="top_1" pos="10.34" speed="81.77" angle="255.92" x="42.80" y="125.56"/>
        <vehicle id="cfm-fast_5" eclass="HBEFA3/PC_G_EU4" CO2="13902.79" CO="212.23" HC="1.31" NOx="5.93" PMx="0.32" fuel="5.98" electricity="0.00" noise="74.64" route="routetop" type="cfm-fast" waiting="0.00" lane="left_0" pos="38.63" speed="23.45" angle="115.01" x="39.64" y="-0.60"/>
        <vehicle id="cfm-slow_0" eclass="HBEFA3/PC_G_EU4" CO2="17620.61" CO="292.89" HC="1.77" NOx="7.65" PMx="0.42" fuel="7.57" electricity="0.00" noise="76.83" route="routebottom" type="cfm-slow" waiting="0.00" lane="bottom_0" pos="3.29" speed="25.04" angle="88.59" x="70.83" y="-4.56"/>
        <vehicle id="cfm-slow_1" eclass="HBEFA3/PC_G_EU4" CO2="18295.54" CO="314.88" HC="1.89" NOx="7.92" PMx="0.44" fuel="7.86" electricity="0.00" noise="77.33" route="routebottom" type="cfm-slow" waiting="0.00" lane="bottom_0" pos="23.59" speed="27.02" angle="52.01" x="109.97" y="13.06"/>
        <vehicle id="cfm-slow_2" eclass="HBEFA3/PC_G_EU4" CO2="13986.00" CO="236.39" HC="1.43" NOx="5.85" PMx="0.34" fuel="6.01" electricity="0.00" noise="75.79" route="routebottom" type="cfm-slow" waiting="0.00" lane="bottom_0" pos="45.90" speed="28.83" angle="11.94" x="131.69" y="54.76"/>
        <vehicle id="cfm-slow_3" eclass="HBEFA3/PC_G_EU4" CO2="0.00" CO="0.00" HC="0.00" NOx="0.00" PMx="0.00" fuel="0.00" electricity="0.00" noise="73.64" route="routebottom" type="cfm-slow" waiting="0.00" lane="right_0" pos="19.99" speed="29.81" angle="328.45" x="119.16" y="103.98"/>
        <vehicle id="cfm-slow_4" eclass="HBEFA3/PC_G_EU4" CO2="0.00" CO="0.00" HC="0.00" NOx="0.00" PMx="0.00" fuel="0.00" electricity="0.00" noise="72.34" route="routebottom" type="cfm-slow" waiting="0.00" lane="right_0" pos="44.98" speed="29.50" angle="283.59" x="74.52" y="131.41"/>
        <vehicle id="cfm-slow_5" eclass="HBEFA3/PC_G_EU4" CO2="0.00" CO="0.00" HC="0.00" NOx="0.00" PMx="0.00" fuel="0.00" electricity="0.00" noise="71.33" route="routetop" type="cfm-slow" waiting="0.00" lane="top_0" pos="19.54" speed="27.97" angle="239.28" x="24.14" y="119.73"/>
    </timestep>
    <timestep time="6.04">
        <vehicle id="cfm-fast_0" eclass="HBEFA3/PC_G_EU4" CO2="0.00" CO="0.00" HC="0.00" NOx="0.00" PMx="0.00" fuel="0.00" electricity="0.00" noise="70.29" route="routetop" type="cfm-fast" waiting="0.00" lane="top_0" pos="42.76" speed="25.80" angle="197.57" x="-3.16" y="79.19"/>
        <vehicle id="cfm-fast_1" eclass="HBEFA3/PC_G_EU4" CO2="245100.93" CO="6011.32" HC="33.58" NOx="114.17" PMx="6.82" fuel="105.36" electricity="0.00" noise="139.51" route="routebottom" type="cfm-fast" waiting="0.00" lane="bottom_1" pos="47.31" speed="71.07" angle="9.40" x="128.74" y="58.13"/>
        <vehicle id="cfm-fast_2" eclass="HBEFA3/PC_G_EU4" CO2="0.00" CO="0.00" HC="0.00" NOx="0.00" PMx="0.00" fuel="0.00" electricity="0.00" noise="69.91" route="routetop" type="cfm-fast" waiting="0.00" lane="left_0" pos="9.63" speed="23.88" angle="167.07" x="-1.80" y="43.17"/>
        <vehicle id="cfm-fast_3" eclass="HBEFA3/PC_G_EU4" CO2="6469.87" CO="58.69" HC="0.43" NOx="2.43" PMx="0.12" fuel="2.78" electricity="0.00" noise="71.20" route="routetop" type="cfm-fast" waiting="0.00" lane="left_0" pos="24.52" speed="23.16" angle="140.39" x="14.42" y="15.89"/>
        <vehicle id="cfm-fast_4" eclass="HBEFA3/PC_G_EU4" CO2="335821.51" CO="8380.23" HC="46.67" NOx="156.85" PMx="9.40" fuel="144.35" electricity="0.00" noise="154.39" route="routetop" type="cfm-fast" waiting="0.00" lane="top_1" pos="11.16" speed="81.91" angle="254.32" x="41.22" y="124.98"/>
        <vehicle id="cfm-fast_5" eclass="HBEFA3/PC_G_EU4" CO2="13933.71" CO="212.90" HC="1.31" NOx="5.95" PMx="0.32" fuel="5.99" electricity="0.00" noise="74.66" route="routetop" type="cfm-fast" waiting="0.00" lane="left_0" pos="38.87" speed="23.46" angle="114.58" x="40.11" y="-0.77"/>
        <vehicle id="cfm-slow_0" eclass="HBEFA3/PC_G_EU4" CO2="17625.69" CO="293.06" HC="1.77" NOx="7.65" PMx="0.42" fuel="7.58" electricity="0.00" noise="76.84" route="routebottom" type="cfm-slow" waiting="0.00" lane="bottom_0" pos="3.54" speed="25.06" angle="88.14" x="71.37" y="-4.51"/>
        <vehicle id="cfm-slow_1" eclass="HBEFA3/PC_G_EU4" CO2="18254.97" CO="314.14" HC="1.89" NOx="7.90" PMx="0.44" fuel="7.85" electricity="0.00" noise="77.32" route="routebottom" type="cfm-slow" waiting="0.00" lane="bottom_0" pos="23.86" speed="27.04" angle="51.52" x="110.40" y="13.45"/>
        <vehicle id="cfm-slow_2" eclass="HBEFA3/PC_G_EU4" CO2="13896.59" CO="234.62" HC="1.42" NOx="5.81" PMx="0.33" fuel="5.97" electricity="0.00" noise="75.76" route="routebottom" type="cfm-slow" waiting="0.00" lane="bottom_0" pos="46.18" speed="28.84" angle="11.47" x="131.78" y="55.38"/>
        <vehicle id="cfm-slow_3" eclass="HBEFA3/PC_G_EU4" CO2="0.00" CO="0.00" HC="0.00" NOx="0.00" PMx="0.00" fuel="0.00" electricity="0.00" noise="73.62" route="routebottom" type="cfm-slow" waiting="0.00" lane="right_0" pos="20.29" speed="29.81" angle="327.91" x="118.79" y="104.50"/>
        <vehicle id="cfm-slow_4" eclass="HBEFA3/PC_G_EU4" CO2="0.00" CO="0.00" HC="0.00" NOx="0.00" PMx="0.00" fuel="0.00" electricity="0.00" noise="72.33" route="routebottom" type="cfm-slow" waiting="0.00" lane="right_0" pos="45.27" speed="29.49" angle="283.06" x="73.89" y="131.50"/>
        <vehicle id="cfm-slow_5" eclass="HBEFA3/PC_G_EU4" CO2="0.00" CO="0.00" HC="0.00" NOx="0.00" PMx="0.00" fuel="0.00" electricity="0.00" noise="71.32" route="routetop" type="cfm-slow" waiting="0.00" lane="top_0" pos="19.81" speed="27.95" angle="238.77" x="23.65" y="119.38"/>
    </timestep>
    <timestep time="6.05">
        <vehicle id="cfm-fast_0" eclass="HBEFA3/PC_G_EU4" CO2="0.00" CO="0.00" HC="0.00" NOx="0.00" PMx="0.00" fuel="0.00" electricity="0.00" noise="70.29" route="routetop" type="cfm-fast" waiting="0.00" lane="top_0" pos="43.02" speed="25.78" angle="197.11" x="-3.28" y="78.65"/>
        <vehicle id="cfm-fast_1" eclass="HBEFA3/PC_G_EU4" CO2="245822.84" CO="6030.97" HC="33.69" NOx="114.51" PMx="6.84" fuel="105.67" electricity="0.00" noise="139.63" route="routebottom" type="cfm-fast" waiting="0.00" lane="bottom_1" pos="48.03" speed="71.19" angle="8.10" x="128.84" y="59.58"/>
        <vehicle id="cfm-fast_2" eclass="HBEFA3/PC_G_EU4" CO2="0.00" CO="0.00" HC="0.00" NOx="0.00" PMx="0.00" fuel="0.00" electricity="0.00" noise="69.92" route="routetop" type="cfm-fast" waiting="0.00" lane="left_0" pos="9.87" speed="23.88" angle="166.63" x="-1.65" y="42.67"/>
        <vehicle id="cfm-fast_3" eclass="HBEFA3/PC_G_EU4" CO2="6530.00" CO="59.93" HC="0.43" NOx="2.46" PMx="0.12" fuel="2.81" electricity="0.00" noise="71.22" route="routetop" type="cfm-fast" waiting="0.00" lane="left_0" pos="24.75" speed="23.17" angle="139.97" x="14.77" y="15.54"/>
        <vehicle id="cfm-fast_4" eclass="HBEFA3/PC_G_EU4" CO2="336464.04" CO="8400.39" HC="46.78" NOx="157.15" PMx="9.42" fuel="144.63" electricity="0.00" noise="154.45" route="routetop" type="cfm-fast" waiting="0.00" lane="top_1" pos="11.98" speed="82.05" angle="252.88" x="39.65" y="124.38"/>
        <vehicle id="cfm-fast_5" eclass="HBEFA3/PC_G_EU4" CO2="13964.44" CO="213.56" HC="1.32" NOx="5.96" PMx="0.32" fuel="6.00" electricity="0.00" noise="74.68" route="routetop" type="cfm-fast" waiting="0.00" lane="left_0" pos="39.10" speed="23.48" angle="114.14" x="40.59" y="-0.94"/>
        <vehicle id="cfm-slow_0" eclass="HBEFA3/PC_G_EU4" CO2="17630.39" CO="293.22" HC="1.77" NOx="7.65" PMx="0.42" fuel="7.58" electricity="0.00" noise="76.84" route="routebottom" type="cfm-slow" waiting="0.00" lane="bottom_0" pos="3.79" speed="25.08" angle="87.70" x="71.90" y="-4.45"/>
        <vehicle id="cfm-slow_1" eclass="HBEFA3/PC_G_EU4" CO2="18213.97" CO="313.39" HC="1.88" NOx="7.89" PMx="0.44" fuel="7.83" electricity="0.00" noise="77.30" route="routebottom" type="cfm-slow" waiting="0.00" lane="bottom_0" pos="24.13" speed="27.06" angle="51.03" x="110.83" y="13.85"/>
        <vehicle id="cfm-slow_2" eclass="HBEFA3/PC_G_EU4" CO2="13807.03" CO="232.85" HC="1.41" NOx="5.77" PMx="0.33" fuel="5.93" electricity="0.00" noise="75.73" route="routebottom" type="cfm-slow" waiting="0.00" lane="bottom_0" pos="46.47" speed="28.86" angle="10.95" x="131.84" y="56.00"/>
        <vehicle id="cfm-slow_3" eclass="HBEFA3/PC_G_EU4" CO2="0.00" CO="0.00" HC="0.00" NOx="0.00" PMx="0.00" fuel="0.00" electricity="0.00" noise="73.60" route="routebottom" type="cfm-slow" waiting="0.00" lane="right_0" pos="20.58" speed="29.81" angle="327.43" x="118.41" y="105.01"/>
        <vehicle id="cfm-slow_4" eclass="HBEFA3/PC_G_EU4" CO2="0.00" CO="0.00" HC="0.00" NOx="0.00" PMx="0.00" fuel="0.00" electricity="0.00" noise="72.32" route="routebottom" type="cfm-slow" waiting="0.00" lane="right_0" pos="45.57" speed="29.48" angle="282.53" x="73.26" y="131.59"/>
        <vehicle id="cfm-slow_5" eclass="HBEFA3/PC_G_EU4" CO2="0.00" CO="0.00" HC="0.00" NOx="0.00" PMx="0.00" fuel="0.00" electricity="0.00" noise="71.31" route="routetop" type="cfm-slow" waiting="0.00" lane="top_0" pos="20.09" speed="27.93" angle="238.26" x="23.17" y="119.03"/>
    </timestep>
    <timestep time="6.06">
        <vehicle id="cfm-fast_0" eclass="HBEFA3/PC_G_EU4" CO2="0.00" CO="0.00" HC="0.00" NOx="0.00" PMx="0.00" fuel="0.00" electricity="0.00" noise="70.28" route="routetop" type="cfm-fast" waiting="0.00" lane="top_0" pos="43.28" speed="25.77" angle="196.65" x="-3.40" y="78.11"/>
        <vehicle id="cfm-fast_1" eclass="HBEFA3/PC_G_EU4" CO2="246545.21" CO="6050.64" HC="33.80" NOx="114.85" PMx="6.86" fuel="105.98" electricity="0.00" noise="139.75" route="routebottom" type="cfm-fast" waiting="0.00" lane="bottom_1" pos="48.74" speed="71.30" angle="6.79" x="128.92" y="61.04"/>
        <vehicle id="cfm-fast_2" eclass="HBEFA3/PC_G_EU4" CO2="0.00" CO="0.00" HC="0.00" NOx="0.00" PMx="0.00" fuel="0.00" electricity="0.00" noise="69.93" route="routetop" type="cfm-fast" waiting="0.00" lane="left_0" pos="10.11" speed="23.87" angle="166.20" x="-1.50" y="42.18"/>
        <vehicle id="cfm-fast_3" eclass="HBEFA3/PC_G_EU4" CO2="6589.96" CO="61.17" HC="0.44" NOx="2.49" PMx="0.13" fuel="2.83" electricity="0.00" noise="71.24" route="routetop" type="cfm-fast" waiting="0.00" lane="left_0" pos="24.98" speed="23.17" angle="139.54" x="15.13" y="15.18"/>
        <vehicle id="cfm-fast_4" eclass="HBEFA3/PC_G_EU4" CO2="337106.86" CO="8420.57" HC="46.89" NOx="157.46" PMx="9.44" fuel="144.91" electricity="0.00" noise="154.52" route="routetop" type="cfm-fast" waiting="0.00" lane="top_1" pos="12.80" speed="82.18" angle="251.49" x="38.09" y="123.76"/>
        <vehicle id="cfm-fast_5" eclass="HBEFA3/PC_G_EU4" CO2="13994.98" CO="214.22" HC="1.32" NOx="5.97" PMx="0.32" fuel="6.02" electricity="0.00" noise="74.70" route="routetop" type="cfm-fast" waiting="0.00" lane="left_0" pos="39.34" speed="23.50" angle="113.71" x="41.06" y="-1.11"/>
        <vehicle id="cfm-slow_0" eclass="HBEFA3/PC_G_EU4" CO2="17634.71" CO="293.38" HC="1.77" NOx="7.66" PMx="0.42" fuel="7.58" electricity="0.00" noise="76.84" route="routebottom" type="cfm-slow" waiting="0.00" lane="bottom_0" pos="4.04" speed="25.10" angle="87.25" x="72.44" y="-4.38"/>
        <vehicle id="cfm-slow_1" eclass="HBEFA3/PC_G_EU4" CO2="18172.52" CO="312.63" HC="1.88" NOx="7.87" PMx="0.44" fuel="7.81" electricity="0.00" noise="77.28" route="routebottom" type="cfm-slow" waiting="0.00" lane="bottom_0" pos="24.40" speed="27.08" angle="50.60" x="111.26" y="14.25"/>
        <vehicle id="cfm-slow_2" eclass="HBEFA3/PC_G_EU4" CO2="13717.34" CO="231.08" HC="1.40" NOx="5.72" PMx="0.33" fuel="5.90" electricity="0.00" noise="75.70" route="routebottom" type="cfm-slow" waiting="0.00" lane="bottom_0" pos="46.76" speed="28.87" angle="10.42" x="131.90" y="56.61"/>
        <vehicle id="cfm-slow_3" eclass="HBEFA3/PC_G_EU4" CO2="0.00" CO="0.00" HC="0.00" NOx="0.00" PMx="0.00" fuel="0.00" electricity="0.00" noise="73.58" route="routebottom" type="cfm-slow" waiting="0.00" lane="right_0" pos="20.88" speed="29.81" angle="326.89" x="118.01" y="105.52"/>
        <vehicle id="cfm-slow_4" eclass="HBEFA3/PC_G_EU4" CO2="0.00" CO="0.00" HC="0.00" NOx="0.00" PMx="0.00" fuel="0.00" electricity="0.00" noise="72.31" route="routebottom" type="cfm-slow" waiting="0.00" lane="right_0" pos="45.86" speed="29.46" angle="282.00" x="72.63" y="131.68"/>
        <vehicle id="cfm-slow_5" eclass="HBEFA3/PC_G_EU4" CO2="0.00" CO="0.00" HC="0.00" NOx="0.00" PMx="0.00" fuel="0.00" electricity="0.00" noise="71.30" route="routetop" type="cfm-slow" waiting="0.00" lane="top_0" pos="20.37" speed="27.91" angle="237.76" x="22.68" y="118.68"/>
    </timestep>
    <timestep time="6.07">
        <vehicle id="cfm-fast_0" eclass="HBEFA3/PC_G_EU4" CO2="0.00" CO="0.00" HC="0.00" NOx="0.00" PMx="0.00" fuel="0.00" electricity="0.00" noise="70.28" route="routetop" type="cfm-fast" waiting="0.00" lane="top_0" pos="43.54" speed="25.75" angle="196.21" x="-3.53" y="77.57"/>
        <vehicle id="cfm-fast_1" eclass="HBEFA3/PC_G_EU4" CO2="247268.02" CO="6070.34" HC="33.90" NOx="115.19" PMx="6.88" fuel="106.29" electricity="0.00" noise="139.86" route="routebottom" type="cfm-fast" waiting="0.00" lane="bottom_1" pos="49.45" speed="71.42" angle="5.48" x="128.95" y="62.51"/>
        <vehicle id="cfm-fast_2" eclass="HBEFA3/PC_G_EU4" CO2="0.00" CO="0.00" HC="0.00" NOx="0.00" PMx="0.00" fuel="0.00" electricity="0.00" noise="69.93" route="routetop" type="cfm-fast" waiting="0.00" lane="left_0" pos="10.35" speed="23.87" angle="165.82" x="-1.34" y="41.70"/>
        <vehicle id="cfm-fast_3" eclass="HBEFA3/PC_G_EU4" CO2="6649.74" CO="62.41" HC="0.45" NOx="2.52" PMx="0.13" fuel="2.86" electricity="0.00" noise="71.27" route="routetop" type="cfm-fast" waiting="0.00" lane="left_0" pos="25.21" speed="23.18" angle="139.12" x="15.48" y="14.83"/>
        <vehicle id="cfm-fast_4" eclass="HBEFA3/PC_G_EU4" CO2="337749.97" CO="8440.77" HC="47.00" NOx="157.76" PMx="9.46" fuel="145.18" electricity="0.00" noise="154.59" route="routetop" type="cfm-fast" waiting="0.00" lane="top_1" pos="13.62" speed="82.32" angle="249.95" x="36.55" y="123.07"/>
        <vehicle id="cfm-fast_5" eclass="HBEFA3/PC_G_EU4" CO2="14025.34" CO="214.88" HC="1.33" NOx="5.99" PMx="0.32" fuel="6.03" electricity="0.00" noise="74.72" route="routetop" type="cfm-fast" waiting="0.00" lane="left_0" pos="39.57" speed="23.51" angle="113.28" x="41.54" y="-1.28"/>
        <vehicle id="cfm-slow_0" eclass="HBEFA3/PC_G_EU4" CO2="17638.66" CO="293.52" HC="1.78" NOx="7.66" PMx="0.42" fuel="7.58" electricity="0.00" noise="76.85" route="routebottom" type="cfm-slow" waiting="0.00" lane="bottom_0" pos="4.30" speed="25.12" angle="86.80" x="72.97" y="-4.30"/>
        <vehicle id="cfm-slow_1" eclass="HBEFA3/PC_G_EU4" CO2="18130.64" CO="311.86" HC="1.87" NOx="7.84" PMx="0.44" fuel="7.79" electricity="0.00" noise="77.26" route="routebottom" type="cfm-slow" waiting="0.00" lane="bottom_0" pos="24.67" speed="27.10" angle="50.09" x="111.67" y="14.66"/>
        <vehicle id="cfm-slow_2" eclass="HBEFA3/PC_G_EU4" CO2="13627.52" CO="229.30" HC="1.39" NOx="5.68" PMx="0.33" fuel="5.86" electricity="0.00" noise="75.67" route="routebottom" type="cfm-slow" waiting="0.00" lane="bottom_0" pos="47.05" speed="28.88" angle="9.89" x="131.97" y="57.23"/>
        <vehicle id="cfm-slow_3" eclass="HBEFA3/PC_G_EU4" CO2="0.00" CO="0.00" HC="0.00" NOx="0.00" PMx="0.00" fuel="0.00" electricity="0.00" noise="73.56" route="routebottom" type="cfm-slow" waiting="0.00" lane="right_0" pos="21.18" speed="29.81" angle="326.35" x="117.61" y="106.02"/>
        <vehicle id="cfm-slow_4" eclass="HBEFA3/PC_G_EU4" CO2="0.00" CO="0.00" HC="0.00" NOx="0.00" PMx="0.00" fuel="0.00" electricity="0.00" noise="72.30" route="routebottom" type="cfm-slow" waiting="0.00" lane="right_0" pos="46.16" speed="29.45" angle="281.51" x="72.01" y="131.77"/>
        <vehicle id="cfm-slow_5" eclass="HBEFA3/PC_G_EU4" CO2="0.00" CO="0.00" HC="0.00" NOx="0.00" PMx="0.00" fuel="0.00" electricity="0.00" noise="71.29" route="routetop" type="cfm-slow" waiting="0.00" lane="top_0" pos="20.65" speed="27.89" angle="237.30" x="22.20" y="118.32"/>
    </timestep>
    <timestep time="6.08">
        <vehicle id="cfm-fast_0" eclass="HBEFA3/PC_G_EU4" CO2="0.00" CO="0.00" HC="0.00" NOx="0.00" PMx="0.00" fuel="0.00" electricity="0.00" noise="70.27" route="routetop" type="cfm-fast" waiting="0.00" lane="top_0" pos="43.79" speed="25.73" angle="195.78" x="-3.63" y="77.03"/>
        <vehicle id="cfm-fast_1" eclass="HBEFA3/PC_G_EU4" CO2="247991.26" CO="6090.07" HC="34.01" NOx="115.53" PMx="6.90" fuel="106.60" electricity="0.00" noise="139.98" route="routebottom" type="cfm-fast" waiting="0.00" lane="right_1" pos="0.17" speed="71.53" angle="4.19" x="128.96" y="64.03"/>
        <vehicle id="cfm-fast_2" eclass="HBEFA3/PC_G_EU4" CO2="0.00" CO="0.00" HC="0.00" NOx="0.00" PMx="0.00" fuel="0.00" electricity="0.00" noise="69.94" route="routetop" type="cfm-fast" waiting="0.00" lane="left_0" pos="10.59" speed="23.86" angle="165.37" x="-1.16" y="41.21"/>
        <vehicle id="cfm-fast_3" eclass="HBEFA3/PC_G_EU4" CO2="6709.34" CO="63.65" HC="0.45" NOx="2.54" PMx="0.13" fuel="2.88" electricity="0.00" noise="71.29" route="routetop" type="cfm-fast" waiting="0.00" lane="left_0" pos="25.44" speed="23.18" angle="138.69" x="15.83" y="14.48"/>
        <vehicle id="cfm-fast_4" eclass="HBEFA3/PC_G_EU4" CO2="338393.37" CO="8461.00" HC="47.10" NOx="158.06" PMx="9.48" fuel="145.46" electricity="0.00" noise="154.65" route="routetop" type="cfm-fast" waiting="0.00" lane="top_1" pos="14.45" speed="82.46" angle="248.48" x="35.02" y="122.35"/>
        <vehicle id="cfm-fast_5" eclass="HBEFA3/PC_G_EU4" CO2="14055.51" CO="215.53" HC="1.33" NOx="6.00" PMx="0.32" fuel="6.04" electricity="0.00" noise="74.74" route="routetop" type="cfm-fast" waiting="0.00" lane="left_0" pos="39.81" speed="23.53" angle="112.91" x="42.02" y="-1.45"/>
        <vehicle id="cfm-slow_0" eclass="HBEFA3/PC_G_EU4" CO2="17642.23" CO="293.67" HC="1.78" NOx="7.66" PMx="0.42" fuel="7.58" electricity="0.00" noise="76.85" route="routebottom" type="cfm-slow" waiting="0.00" lane="bottom_0" pos="4.55" speed="25.14" angle="86.34" x="73.51" y="-4.23"/>
        <vehicle id="cfm-slow_1" eclass="HBEFA3/PC_G_EU4" CO2="18088.33" CO="311.08" HC="1.87" NOx="7.82" PMx="0.44" fuel="7.78" electricity="0.00" noise="77.24" route="routebottom" type="cfm-slow" waiting="0.00" lane="bottom_0" pos="24.94" speed="27.12" angle="49.59" x="112.08" y="15.07"/>
        <vehicle id="cfm-slow_2" eclass="HBEFA3/PC_G_EU4" CO2="13537.57" CO="227.52" HC="1.38" NOx="5.64" PMx="0.32" fuel="5.82" electricity="0.00" noise="75.64" route="routebottom" type="cfm-slow" waiting="0.00" lane="bottom_0" pos="47.34" speed="28.89" angle="9.36" x="132.03" y="57.85"/>
        <vehicle id="cfm-slow_3" eclass="HBEFA3/PC_G_EU4" CO2="0.00" CO="0.00" HC="0.00" NOx="0.00" PMx="0.00" fuel="0.00" electricity="0.00" noise="73.54" route="routebottom" type="cfm-slow" waiting="0.00" lane="right_0" pos="21.48" speed="29.81" angle="325.81" x="117.22" y="106.53"/>
        <vehicle id="cfm-slow_4" eclass="HBEFA3/PC_G_EU4" CO2="0.00" CO="0.00" HC="0.00" NOx="0.00" PMx="0.00" fuel="0.00" electricity="0.00" noise="72.29" route="routebottom" type="cfm-slow" waiting="0.00" lane="right_0" pos="46.45" speed="29.43" angle="280.99" x="71.38" y="131.84"/>
        <vehicle id="cfm-slow_5" eclass="HBEFA3/PC_G_EU4" CO2="0.00" CO="0.00" HC="0.00" NOx="0.00" PMx="0.00" fuel="0.00" electricity="0.00" noise="71.28" route="routetop" type="cfm-slow" waiting="0.00" lane="top_0" pos="20.93" speed="27.87" angle="236.79" x="21.73" y="117.95"/>
    </timestep>
    <timestep time="6.09">
        <vehicle id="cfm-fast_0" eclass="HBEFA3/PC_G_EU4" CO2="0.00" CO="0.00" HC="0.00" NOx="0.00" PMx="0.00" fuel="0.00" electricity="0.00" noise="70.26" route="routetop" type="cfm-fast" waiting="0.00" lane="top_0" pos="44.05" speed="25.72" angle="195.30" x="-3.73" y="76.49"/>
        <vehicle id="cfm-fast_1" eclass="HBEFA3/PC_G_EU4" CO2="248714.94" CO="6109.83" HC="34.12" NOx="115.87" PMx="6.92" fuel="106.91" electricity="0.00" noise="140.10" route="routebottom" type="cfm-fast" waiting="0.00" lane="right_1" pos="0.88" speed="71.65" angle="2.88" x="128.94" y="65.50"/>
        <vehicle id="cfm-fast_2" eclass="HBEFA3/PC_G_EU4" CO2="0.00" CO="0.00" HC="0.00" NOx="0.00" PMx="0.00" fuel="0.00" electricity="0.00" noise="69.95" route="routetop" type="cfm-fast" waiting="0.00" lane="left_0" pos="10.83" speed="23.85" angle="164.93" x="-0.99" y="40.73"/>
        <vehicle id="cfm-fast_3" eclass="HBEFA3/PC_G_EU4" CO2="6768.77" CO="64.88" HC="0.46" NOx="2.57" PMx="0.13" fuel="2.91" electricity="0.00" noise="71.31" route="routetop" type="cfm-fast" waiting="0.00" lane="left_0" pos="25.68" speed="23.18" angle="138.33" x="16.19" y="14.13"/>
        <vehicle id="cfm-fast_4" eclass="HBEFA3/PC_G_EU4" CO2="339037.07" CO="8481.24" HC="47.21" NOx="158.36" PMx="9.50" fuel="145.74" electricity="0.00" noise="154.72" route="routetop" type="cfm-fast" waiting="0.00" lane="top_1" pos="15.27" speed="82.59" angle="246.95" x="33.50" y="121.59"/>
        <vehicle id="cfm-fast_5" eclass="HBEFA3/PC_G_EU4" CO2="14085.49" CO="216.18" HC="1.33" NOx="6.02" PMx="0.32" fuel="6.05" electricity="0.00" noise="74.76" route="routetop" type="cfm-fast" waiting="0.00" lane="left_0" pos="40.04" speed="23.54" angle="112.47" x="42.50" y="-1.60"/>
        <vehicle id="cfm-slow_0" eclass="HBEFA3/PC_G_EU4" CO2="17645.43" CO="293.80" HC="1.78" NOx="7.66" PMx="0.42" fuel="7.58" electricity="0.00" noise="76.85" route="routebottom" type="cfm-slow" waiting="0.00" lane="bottom_0" pos="4.80" speed="25.16" angle="85.89" x="74.05" y="-4.16"/>
        <vehicle id="cfm-slow_1" eclass="HBEFA3/PC_G_EU4" CO2="18045.58" CO="310.29" HC="1.86" NOx="7.80" PMx="0.44" fuel="7.76" electricity="0.00" noise="77.22" route="routebottom" type="cfm-slow" waiting="0.00" lane="bottom_0" pos="25.21" speed="27.14" angle="49.08" x="112.49" y="15.48"/>
        <vehicle id="cfm-slow_2" eclass="HBEFA3/PC_G_EU4" CO2="13447.50" CO="225.73" HC="1.37" NOx="5.60" PMx="0.32" fuel="5.78" electricity="0.00" noise="75.61" route="routebottom" type="cfm-slow" waiting="0.00" lane="bottom_0" pos="47.63" speed="28.90" angle="8.89" x="132.08" y="58.47"/>
        <vehicle id="cfm-slow_3" eclass="HBEFA3/PC_G_EU4" CO2="0.00" CO="0.00" HC="0.00" NOx="0.00" PMx="0.00" fuel="0.00" electricity="0.00" noise="73.52" route="routebottom" type="cfm-slow" waiting="0.00" lane="right_0" pos="21.78" speed="29.80" angle="325.31" x="116.82" y="107.03"/>
        <vehicle id="cfm-slow_4" eclass="HBEFA3/PC_G_EU4" CO2="0.00" CO="0.00" HC="0.00" NOx="0.00" PMx="0.00" fuel="0.00" electricity="0.00" noise="72.28" route="routebottom" type="cfm-slow" waiting="0.00" lane="right_0" pos="46.75" speed="29.42" angle="280.45" x="70.75" y="131.90"/>
        <vehicle id="cfm-slow_5" eclass="HBEFA3/PC_G_EU4" CO2="0.00" CO="0.00" HC="0.00" NOx="0.00" PMx="0.00" fuel="0.00" electricity="0.00" noise="71.27" route="routetop" type="cfm-slow" waiting="0.00" lane="top_0" pos="21.21" speed="27.85" angle="236.28" x="21.26" y="117.58"/>
    </timestep>
    <timestep time="6.10">
        <vehicle id="cfm-fast_0" eclass="HBEFA3/PC_G_EU4" CO2="0.00" CO="0.00" HC="0.00" NOx="0.00" PMx="0.00" fuel="0.00" electricity="0.00" noise="70.26" route="routetop" type="cfm-fast" waiting="0.00" lane="top_0" pos="44.31" speed="25.70" angle="194.82" x="-3.83" y="75.94"/>
        <vehicle id="cfm-fast_1" eclass="HBEFA3/PC_G_EU4" CO2="249439.03" CO="6129.60" HC="34.23" NOx="116.21" PMx="6.94" fuel="107.22" electricity="0.00" noise="140.22" route="routebottom" type="cfm-fast" waiting="0.00" lane="right_1" pos="1.60" speed="71.76" angle="1.61" x="128.88" y="66.97"/>
        <vehicle id="cfm-fast_2" eclass="HBEFA3/PC_G_EU4" CO2="0.00" CO="0.00" HC="0.00" NOx="0.00" PMx="0.00" fuel="0.00" electricity="0.00" noise="69.95" route="routetop" type="cfm-fast" waiting="0.00" lane="left_0" pos="11.06" speed="23.85" angle="164.49" x="-0.82" y="40.25"/>
        <vehicle id="cfm-fast_3" eclass="HBEFA3/PC_G_EU4" CO2="6828.02" CO="66.11" HC="0.47" NOx="2.60" PMx="0.13" fuel="2.94" electricity="0.00" noise="71.34" route="routetop" type="cfm-fast" waiting="0.00" lane="left_0" pos="25.91" speed="23.19" angle="137.90" x="16.55" y="13.79"/>
        <vehicle id="cfm-fast_4" eclass="HBEFA3/PC_G_EU4" CO2="339681.05" CO="8501.51" HC="47.32" NOx="158.67" PMx="9.52" fuel="146.01" electricity="0.00" noise="154.78" route="routetop" type="cfm-fast" waiting="0.00" lane="top_1" pos="16.10" speed="82.73" angle="245.52" x="32.01" y="120.78"/>
        <vehicle id="cfm-fast_5" eclass="HBEFA3/PC_G_EU4" CO2="14115.27" CO="216.83" HC="1.34" NOx="6.03" PMx="0.32" fuel="6.07" electricity="0.00" noise="74.77" route="routetop" type="cfm-fast" waiting="0.00" lane="left_0" pos="40.28" speed="23.56" angle="112.02" x="42.99" y="-1.75"/>
        <vehicle id="cfm-slow_0" eclass="HBEFA3/PC_G_EU4" CO2="17648.24" CO="293.92" HC="1.78" NOx="7.66" PMx="0.42" fuel="7.59" electricity="0.00" noise="76.86" route="routebottom" type="cfm-slow" waiting="0.00" lane="bottom_0" pos="5.05" speed="25.18" angle="85.37" x="74.58" y="-4.08"/>
        <vehicle id="cfm-slow_1" eclass="HBEFA3/PC_G_EU4" CO2="18002.40" CO="309.50" HC="1.86" NOx="7.78" PMx="0.43" fuel="7.74" electricity="0.00" noise="77.20" route="routebottom" type="cfm-slow" waiting="0.00" lane="bottom_0" pos="25.48" speed="27.16" angle="48.58" x="112.91" y="15.90"/>
        <vehicle id="cfm-slow_2" eclass="HBEFA3/PC_G_EU4" CO2="13357.31" CO="223.94" HC="1.36" NOx="5.55" PMx="0.32" fuel="5.74" electricity="0.00" noise="75.58" route="routebottom" type="cfm-slow" waiting="0.00" lane="bottom_0" pos="47.92" speed="28.91" angle="8.34" x="132.11" y="59.09"/>
        <vehicle id="cfm-slow_3" eclass="HBEFA3/PC_G_EU4" CO2="0.00" CO="0.00" HC="0.00" NOx="0.00" PMx="0.00" fuel="0.00" electricity="0.00" noise="73.51" route="routebottom" type="cfm-slow" waiting="0.00" lane="right_0" pos="22.08" speed="29.80" angle="324.75" x="116.41" y="107.52"/>
        <vehicle id="cfm-slow_4" eclass="HBEFA3/PC_G_EU4" CO2="0.00" CO="0.00" HC="0.00" NOx="0.00" PMx="0.00" fuel="0.00" electricity="0.00" noise="72.27" route="routebottom" type="cfm-slow" waiting="0.00" lane="right_0" pos="47.04" speed="29.41" angle="279.91" x="70.12" y="131.96"/>
        <vehicle id="cfm-slow_5" eclass="HBEFA3/PC_G_EU4" CO2="0.00" CO="0.00" HC="0.00" NOx="0.00" PMx="0.00" fuel="0.00" electricity="0.00" noise="71.26" route="routetop" type="cfm-slow" waiting="0.00" lane="top_0" pos="21.49" speed="27.84" angle="235.77" x="20.79" y="117.21"/>
    </timestep>
    <timestep time="6.11">
        <vehicle id="cfm-fast_0" eclass="HBEFA3/PC_G_EU4" CO2="0.00" CO="0.00" HC="0.00" NOx="0.00" PMx="0.00" fuel="0.00" electricity="0.00" noise="70.25" route="routetop" type="cfm-fast" waiting="0.00" lane="top_0" pos="44.56" speed="25.68" angle="194.34" x="-3.93" y="75.40"/>
        <vehicle id="cfm-fast_1" eclass="HBEFA3/PC_G_EU4" CO2="250163.53" CO="6149.41" HC="34.34" NOx="116.55" PMx="6.97" fuel="107.53" electricity="0.00" noise="140.34" route="routebottom" type="cfm-fast" waiting="0.00" lane="right_1" pos="2.32" speed="71.88" angle="0.30" x="128.80" y="68.44"/>
        <vehicle id="cfm-fast_2" eclass="HBEFA3/PC_G_EU4" CO2="0.00" CO="0.00" HC="0.00" NOx="0.00" PMx="0.00" fuel="0.00" electricity="0.00" noise="69.96" route="routetop" type="cfm-fast" waiting="0.00" lane="left_0" pos="11.30" speed="23.84" angle="164.05" x="-0.65" y="39.76"/>
        <vehicle id="cfm-fast_3" eclass="HBEFA3/PC_G_EU4" CO2="6887.09" CO="67.33" HC="0.48" NOx="2.63" PMx="0.13" fuel="2.96" electricity="0.00" noise="71.36" route="routetop" type="cfm-fast" waiting="0.00" lane="left_0" pos="26.14" speed="23.19" angle="137.47" x="16.92" y="13.45"/>
        <vehicle id="cfm-fast_4" eclass="HBEFA3/PC_G_EU4" CO2="340325.33" CO="8521.80" HC="47.43" NOx="158.97" PMx="9.54" fuel="146.29" electricity="0.00" noise="154.85" route="routetop" type="cfm-fast" waiting="0.00" lane="top_1" pos="16.93" speed="82.87" angle="244.06" x="30.54" y="119.94"/>
        <vehicle id="cfm-fast_5" eclass="HBEFA3/PC_G_EU4" CO2="14144.86" CO="217.47" HC="1.34" NOx="6.04" PMx="0.32" fuel="6.08" electricity="0.00" noise="74.79" route="routetop" type="cfm-fast" waiting="0.00" lane="left_0" pos="40.52" speed="23.58" angle="111.58" x="43.47" y="-1.90"/>
        <vehicle id="cfm-slow_0" eclass="HBEFA3/PC_G_EU4" CO2="17650.67" CO="294.04" HC="1.78" NOx="7.66" PMx="0.42" fuel="7.59" electricity="0.00" noise="76.86" route="routebottom" type="cfm-slow" waiting="0.00" lane="bottom_0" pos="5.30" speed="25.20" angle="84.93" x="75.12" y="-3.99"/>
        <vehicle id="cfm-slow_1" eclass="HBEFA3/PC_G_EU4" CO2="17958.80" CO="308.69" HC="1.85" NOx="7.76" PMx="0.43" fuel="7.72" electricity="0.00" noise="77.18" route="routebottom" type="cfm-slow" waiting="0.00" lane="bottom_0" pos="25.76" speed="27.17" angle="48.14" x="113.31" y="16.32"/>
        <vehicle id="cfm-slow_2" eclass="HBEFA3/PC_G_EU4" CO2="13267.01" CO="222.15" HC="1.35" NOx="5.51" PMx="0.32" fuel="5.70" electricity="0.00" noise="75.56" route="routebottom" type="cfm-slow" waiting="0.00" lane="bottom_0" pos="48.21" speed="28.92" angle="7.80" x="132.15" y="59.71"/>
        <vehicle id="cfm-slow_3" eclass="HBEFA3/PC_G_EU4" CO2="0.00" CO="0.00" HC="0.00" NOx="0.00" PMx="0.00" fuel="0.00" electricity="0.00" noise="73.49" route="routebottom" type="cfm-slow" waiting="0.00" lane="right_0" pos="22.37" speed="29.80" angle="324.19" x="115.99" y="108.01"/>
        <vehicle id="cfm-slow_4" eclass="HBEFA3/PC_G_EU4" CO2="0.00" CO="0.00" HC="0.00" NOx="0.00" PMx="0.00" fuel="0.00" electricity="0.00" noise="72.26" route="routebottom" type="cfm-slow" waiting="0.00" lane="right_0" pos="47.33" speed="29.39" angle="279.37" x="69.49" y="132.03"/>
        <vehicle id="cfm-slow_5" eclass="HBEFA3/PC_G_EU4" CO2="0.00" CO="0.00" HC="0.00" NOx="0.00" PMx="0.00" fuel="0.00" electricity="0.00" noise="71.25" route="routetop" type="cfm-slow" waiting="0.00" lane="top_0" pos="21.77" speed="27.82" angle="235.30" x="20.31" y="116.84"/>
    </timestep>
    <timestep time="6.12">
        <vehicle id="cfm-fast_0" eclass="HBEFA3/PC_G_EU4" CO2="0.00" CO="0.00" HC="0.00" NOx="0.00" PMx="0.00" fuel="0.00" electricity="0.00" noise="70.25" route="routetop" type="cfm-fast" waiting="0.00" lane="top_0" pos="44.82" speed="25.67" angle="193.89" x="-4.03" y="74.85"/>
        <vehicle id="cfm-fast_1" eclass="HBEFA3/PC_G_EU4" CO2="250888.44" CO="6169.24" HC="34.45" NOx="116.89" PMx="6.99" fuel="107.84" electricity="0.00" noise="140.45" route="routebottom" type="cfm-fast" waiting="0.00" lane="right_1" pos="3.04" speed="72.00" angle="359.04" x="128.67" y="69.92"/>
        <vehicle id="cfm-fast_2" eclass="HBEFA3/PC_G_EU4" CO2="0.00" CO="0.00" HC="0.00" NOx="0.00" PMx="0.00" fuel="0.00" electricity="0.00" noise="69.97" route="routetop" type="cfm-fast" waiting="0.00" lane="left_0" pos="11.54" speed="23.83" angle="163.68" x="-0.47" y="39.28"/>
        <vehicle id="cfm-fast_3" eclass="HBEFA3/PC_G_EU4" CO2="6945.98" CO="68.55" HC="0.48" NOx="2.66" PMx="0.14" fuel="2.99" electricity="0.00" noise="71.38" route="routetop" type="cfm-fast" waiting="0.00" lane="left_0" pos="26.37" speed="23.20" angle="137.04" x="17.29" y="13.11"/>
        <vehicle id="cfm-fast_4" eclass="HBEFA3/PC_G_EU4" CO2="340969.90" CO="8542.11" HC="47.54" NOx="159.27" PMx="9.55" fuel="146.57" electricity="0.00" noise="154.92" route="routetop" type="cfm-fast" waiting="0.00" lane="top_1" pos="17.76" speed="83.00" angle="242.54" x="29.08" y="119.06"/>
        <vehicle id="cfm-fast_5" eclass="HBEFA3/PC_G_EU4" CO2="14174.25" CO="218.11" HC="1.34" NOx="6.06" PMx="0.33" fuel="6.09" electricity="0.00" noise="74.81" route="routetop" type="cfm-fast" waiting="0.00" lane="left_0" pos="40.75" speed="23.59" angle="111.14" x="43.96" y="-2.05"/>
        <vehicle id="cfm-slow_0" eclass="HBEFA3/PC_G_EU4" CO2="17652.72" CO="294.15" HC="1.78" NOx="7.66" PMx="0.42" fuel="7.59" electricity="0.00" noise="76.86" route="routebottom" type="cfm-slow" waiting="0.00" lane="bottom_0" pos="5.55" speed="25.22" angle="84.47" x="75.65" y="-3.89"/>
        <vehicle id="cfm-slow_1" eclass="HBEFA3/PC_G_EU4" CO2="17914.76" CO="307.88" HC="1.85" NOx="7.74" PMx="0.43" fuel="7.70" electricity="0.00" noise="77.16" route="routebottom" type="cfm-slow" waiting="0.00" lane="bottom_0" pos="26.03" speed="27.19" angle="47.65" x="113.71" y="16.75"/>
        <vehicle id="cfm-slow_2" eclass="HBEFA3/PC_G_EU4" CO2="13176.61" CO="220.35" HC="1.34" NOx="5.47" PMx="0.31" fuel="5.66" electricity="0.00" noise="75.53" route="routebottom" type="cfm-slow" waiting="0.00" lane="bottom_0" pos="48.50" speed="28.93" angle="7.25" x="132.19" y="60.33"/>
        <vehicle id="cfm-slow_3" eclass="HBEFA3/PC_G_EU4" CO2="0.00" CO="0.00" HC="0.00" NOx="0.00" PMx="0.00" fuel="0.00" electricity="0.00" noise="73.47" route="routebottom" type="cfm-slow" waiting="0.00" lane="right_0" pos="22.67" speed="29.80" angle="323.62" x="115.58" y="108.50"/>
        <vehicle id="cfm-slow_4" eclass="HBEFA3/PC_G_EU4" CO2="0.00" CO="0.00" HC="0.00" NOx="0.00" PMx="0.00" fuel="0.00" electricity="0.00" noise="72.25" route="routebottom" type="cfm-slow" waiting="0.00" lane="right_0" pos="47.63" speed="29.38" angle="278.89" x="68.86" y="132.08"/>
        <vehicle id="cfm-slow_5" eclass="HBEFA3/PC_G_EU4" CO2="0.00" CO="0.00" HC="0.00" NOx="0.00" PMx="0.00" fuel="0.00" electricity="0.00" noise="71.24" route="routetop" type="cfm-slow" waiting="0.00" lane="top_0" pos="22.04" speed="27.80" angle="234.79" x="19.86" y="116.45"/>
    </timestep>
    <timestep time="6.13">
        <vehicle id="cfm-fast_0" eclass="HBEFA3/PC_G_EU4" CO2="0.00" CO="0.00" HC="0.00" NOx="0.00" PMx="0.00" fuel="0.00" electricity="0.00" noise="70.24" route="routetop" type="cfm-fast" waiting="0.00" lane="top_0" pos="45.08" speed="25.65" angle="193.46" x="-4.12" y="74.31"/>
        <vehicle id="cfm-fast_1" eclass="HBEFA3/PC_G_EU4" CO2="251613.74" CO="6189.09" HC="34.56" NOx="117.23" PMx="7.01" fuel="108.16" electricity="0.00" noise="140.57" route="routebottom" type="cfm-fast" waiting="0.00" lane="right_1" pos="3.76" speed="72.11" angle="357.74" x="128.51" y="71.39"/>
        <vehicle id="cfm-fast_2" eclass="HBEFA3/PC_G_EU4" CO2="0.00" CO="0.00" HC="0.00" NOx="0.00" PMx="0.00" fuel="0.00" electricity="0.00" noise="69.97" route="routetop" type="cfm-fast" waiting="0.00" lane="left_0" pos="11.78" speed="23.83" angle="163.26" x="-0.28" y="38.81"/>
        <vehicle id="cfm-fast_3" eclass="HBEFA3/PC_G_EU4" CO2="7004.69" CO="69.77" HC="0.49" NOx="2.68" PMx="0.14" fuel="3.01" electricity="0.00" noise="71.41" route="routetop" type="cfm-fast" waiting="0.00" lane="left_0" pos="26.60" speed="23.21" angle="136.61" x="17.65" y="12.78"/>
        <vehicle id="cfm-fast_4" eclass="HBEFA3/PC_G_EU4" CO2="341614.77" CO="8562.44" HC="47.65" NOx="159.57" PMx="9.57" fuel="146.84" electricity="0.00" noise="154.98" route="routetop" type="cfm-fast" waiting="0.00" lane="top_1" pos="18.59" speed="83.14" angle="241.03" x="27.65" y="118.13"/>
        <vehicle id="cfm-fast_5" eclass="HBEFA3/PC_G_EU4" CO2="14203.44" CO="218.75" HC="1.35" NOx="6.07" PMx="0.33" fuel="6.11" electricity="0.00" noise="74.83" route="routetop" type="cfm-fast" waiting="0.00" lane="left_0" pos="40.99" speed="23.61" angle="110.73" x="44.44" y="-2.20"/>
        <vehicle id="cfm-slow_0" eclass="HBEFA3/PC_G_EU4" CO2="17654.39" CO="294.26" HC="1.78" NOx="7.66" PMx="0.42" fuel="7.59" electricity="0.00" noise="76.86" route="routebottom" type="cfm-slow" waiting="0.00" lane="bottom_0" pos="5.81" speed="25.24" angle="84.01" x="76.18" y="-3.79"/>
        <vehicle id="cfm-slow_1" eclass="HBEFA3/PC_G_EU4" CO2="17870.31" CO="307.06" HC="1.84" NOx="7.72" PMx="0.43" fuel="7.68" electricity="0.00" noise="77.15" route="routebottom" type="cfm-slow" waiting="0.00" lane="bottom_0" pos="26.30" speed="27.21" angle="47.15" x="114.11" y="17.18"/>
        <vehicle id="cfm-slow_2" eclass="HBEFA3/PC_G_EU4" CO2="13086.10" CO="218.56" HC="1.32" NOx="5.42" PMx="0.31" fuel="5.63" electricity="0.00" noise="75.50" route="routebottom" type="cfm-slow" waiting="0.00" lane="bottom_0" pos="48.78" speed="28.94" angle="6.77" x="132.22" y="60.96"/>
        <vehicle id="cfm-slow_3" eclass="HBEFA3/PC_G_EU4" CO2="0.00" CO="0.00" HC="0.00" NOx="0.00" PMx="0.00" fuel="0.00" electricity="0.00" noise="73.45" route="routebottom" type="cfm-slow" waiting="0.00" lane="right_0" pos="22.97" speed="29.80" angle="323.08" x="115.16" y="108.99"/>
        <vehicle id="cfm-slow_4" eclass="HBEFA3/PC_G_EU4" CO2="0.00" CO="0.00" HC="0.00" NOx="0.00" PMx="0.00" fuel="0.00" electricity="0.00" noise="72.24" route="routebottom" type="cfm-slow" waiting="0.00" lane="right_0" pos="47.92" speed="29.36" angle="278.34" x="68.23" y="132.12"/>
        <vehicle id="cfm-slow_5" eclass="HBEFA3/PC_G_EU4" CO2="0.00" CO="0.00" HC="0.00" NOx="0.00" PMx="0.00" fuel="0.00" electricity="0.00" noise="71.23" route="routetop" type="cfm-slow" waiting="0.00" lane="top_0" pos="22.32" speed="27.78" angle="234.27" x="19.40" y="116.07"/>
    </timestep>
    <timestep time="6.14">
        <vehicle id="cfm-fast_0" eclass="HBEFA3/PC_G_EU4" CO2="0.00" CO="0.00" HC="0.00" NOx="0.00" PMx="0.00" fuel="0.00" electricity="0.00" noise="70.24" route="routetop" type="cfm-fast" waiting="0.00" lane="top_0" pos="45.33" speed="25.64" angle="192.99" x="-4.19" y="73.76"/>
        <vehicle id="cfm-fast_1" eclass="HBEFA3/PC_G_EU4" CO2="252339.43" CO="6208.97" HC="34.66" NOx="117.57" PMx="7.03" fuel="108.47" electricity="0.00" noise="140.69" route="routebottom" type="cfm-fast" waiting="0.00" lane="right_1" pos="4.48" speed="72.23" angle="356.45" x="128.31" y="72.85"/>
        <vehicle id="cfm-fast_2" eclass="HBEFA3/PC_G_EU4" CO2="0.00" CO="0.00" HC="0.00" NOx="0.00" PMx="0.00" fuel="0.00" electricity="0.00" noise="69.98" route="routetop" type="cfm-fast" waiting="0.00" lane="left_0" pos="12.02" speed="23.82" angle="162.83" x="-0.09" y="38.33"/>
        <vehicle id="cfm-fast_3" eclass="HBEFA3/PC_G_EU4" CO2="7063.22" CO="70.99" HC="0.50" NOx="2.71" PMx="0.14" fuel="3.04" electricity="0.00" noise="71.43" route="routetop" type="cfm-fast" waiting="0.00" lane="left_0" pos="26.84" speed="23.21" angle="136.20" x="18.02" y="12.44"/>
        <vehicle id="cfm-fast_4" eclass="HBEFA3/PC_G_EU4" CO2="342259.92" CO="8582.80" HC="47.76" NOx="159.88" PMx="9.59" fuel="147.12" electricity="0.00" noise="155.05" route="routetop" type="cfm-fast" waiting="0.00" lane="top_1" pos="19.42" speed="83.27" angle="239.52" x="26.23" y="117.18"/>
        <vehicle id="cfm-fast_5" eclass="HBEFA3/PC_G_EU4" CO2="14232.43" CO="219.38" HC="1.35" NOx="6.08" PMx="0.33" fuel="6.12" electricity="0.00" noise="74.85" route="routetop" type="cfm-fast" waiting="0.00" lane="left_0" pos="41.22" speed="23.63" angle="110.32" x="44.93" y="-2.33"/>
        <vehicle id="cfm-slow_0" eclass="HBEFA3/PC_G_EU4" CO2="17655.67" CO="294.35" HC="1.78" NOx="7.66" PMx="0.42" fuel="7.59" electricity="0.00" noise="76.87" route="routebottom" type="cfm-slow" waiting="0.00" lane="bottom_0" pos="6.06" speed="25.26" angle="83.55" x="76.72" y="-3.69"/>
        <vehicle id="cfm-slow_1" eclass="HBEFA3/PC_G_EU4" CO2="17825.43" CO="306.22" HC="1.84" NOx="7.70" PMx="0.43" fuel="7.66" electricity="0.00" noise="77.13" route="routebottom" type="cfm-slow" waiting="0.00" lane="bottom_0" pos="26.57" speed="27.23" angle="46.65" x="114.51" y="17.61"/>
        <vehicle id="cfm-slow_2" eclass="HBEFA3/PC_G_EU4" CO2="12995.49" CO="216.76" HC="1.31" NOx="5.38" PMx="0.31" fuel="5.59" electricity="0.00" noise="75.47" route="routebottom" type="cfm-slow" waiting="0.00" lane="bottom_0" pos="49.07" speed="28.95" angle="6.23" x="132.23" y="61.58"/>
        <vehicle id="cfm-slow_3" eclass="HBEFA3/PC_G_EU4" CO2="0.00" CO="0.00" HC="0.00" NOx="0.00" PMx="0.00" fuel="0.00" electricity="0.00" noise="73.44" route="routebottom" type="cfm-slow" waiting="0.00" lane="right_0" pos="23.27" speed="29.79" angle="322.59" x="114.74" y="109.47"/>
        <vehicle id="cfm-slow_4" eclass="HBEFA3/PC_G_EU4" CO2="0.00" CO="0.00" HC="0.00" NOx="0.00" PMx="0.00" fuel="0.00" electricity="0.00" noise="72.23" route="routebottom" type="cfm-slow" waiting="0.00" lane="right_0" pos="48.22" speed="29.35" angle="277.79" x="67.60" y="132.15"/>
        <vehicle id="cfm-slow_5" eclass="HBEFA3/PC_G_EU4" CO2="0.00" CO="0.00" HC="0.00" NOx="0.00" PMx="0.00" fuel="0.00" electricity="0.00" noise="71.22" route="routetop" type="cfm-slow" waiting="0.00" lane="top_0" pos="22.60" speed="27.76" angle="233.75" x="18.94" y="115.68"/>
    </timestep>
    <timestep time="6.15">
        <vehicle id="cfm-fast_0" eclass="HBEFA3/PC_G_EU4" CO2="0.00" CO="0.00" HC="0.00" NOx="0.00" PMx="0.00" fuel="0.00" electricity="0.00" noise="70.23" route="routetop" type="cfm-fast" waiting="0.00" lane="top_0" pos="45.59" speed="25.62" angle="192.52" x="-4.27" y="73.22"/>
        <vehicle id="cfm-fast_1" eclass="HBEFA3/PC_G_EU4" CO2="253065.49" CO="6228.88" HC="34.77" NOx="117.92" PMx="7.05" fuel="108.78" electricity="0.00" noise="140.80" route="routebottom" type="cfm-fast" waiting="0.00" lane="right_1" pos="5.21" speed="72.34" angle="355.16" x="128.10" y="74.32"/>
        <vehicle id="cfm-fast_2" eclass="HBEFA3/PC_G_EU4" CO2="0.00" CO="0.00" HC="0.00" NOx="0.00" PMx="0.00" fuel="0.00" electricity="0.00" noise="69.99" route="routetop" type="cfm-fast" waiting="0.00" lane="left_0" pos="12.26" speed="23.82" angle="162.41" x="0.10" y="37.85"/>
        <vehicle id="cfm-fast_3" eclass="HBEFA3/PC_G_EU4" CO2="7121.57" CO="72.20" HC="0.50" NOx="2.74" PMx="0.14" fuel="3.06" electricity="0.00" noise="71.45" route="routetop" type="cfm-fast" waiting="0.00" lane="left_0" pos="27.07" speed="23.22" angle="135.81" x="18.40" y="12.11"/>
        <vehicle id="cfm-fast_4" eclass="HBEFA3/PC_G_EU4" CO2="342905.37" CO="8603.17" HC="47.87" NOx="160.18" PMx="9.61" fuel="147.40" electricity="0.00" noise="155.11" route="routetop" type="cfm-fast" waiting="0.00" lane="top_1" pos="20.26" speed="83.41" angle="237.96" x="24.85" y="116.17"/>
        <vehicle id="cfm-fast_5" eclass="HBEFA3/PC_G_EU4" CO2="14261.22" CO="220.01" HC="1.36" NOx="6.10" PMx="0.33" fuel="6.13" electricity="0.00" noise="74.86" route="routetop" type="cfm-fast" waiting="0.00" lane="left_0" pos="41.46" speed="23.64" angle="109.88" x="45.42" y="-2.46"/>
        <vehicle id="cfm-slow_0" eclass="HBEFA3/PC_G_EU4" CO2="17656.57" CO="294.44" HC="1.78" NOx="7.66" PMx="0.42" fuel="7.59" electricity="0.00" noise="76.87" route="routebottom" type="cfm-slow" waiting="0.00" lane="bottom_0" pos="6.31" speed="25.28" angle="83.12" x="77.25" y="-3.59"/>
        <vehicle id="cfm-slow_1" eclass="HBEFA3/PC_G_EU4" CO2="17780.13" CO="305.38" HC="1.83" NOx="7.68" PMx="0.43" fuel="7.64" electricity="0.00" noise="77.11" route="routebottom" type="cfm-slow" waiting="0.00" lane="bottom_0" pos="26.85" speed="27.25" angle="46.19" x="114.91" y="18.04"/>
        <vehicle id="cfm-slow_2" eclass="HBEFA3/PC_G_EU4" CO2="12904.80" CO="214.95" HC="1.30" NOx="5.34" PMx="0.31" fuel="5.55" electricity="0.00" noise="75.44" route="routebottom" type="cfm-slow" waiting="0.00" lane="bottom_0" pos="49.36" speed="28.96" angle="5.69" x="132.24" y="62.20"/>
        <vehicle id="cfm-slow_3" eclass="HBEFA3/PC_G_EU4" CO2="0.00" CO="0.00" HC="0.00" NOx="0.00" PMx="0.00" fuel="0.00" electricity="0.00" noise="73.42" route="routebottom" type="cfm-slow" waiting="0.00" lane="right_0" pos="23.56" speed="29.79" angle="322.06" x="114.30" y="109.94"/>
        <vehicle id="cfm-slow_4" eclass="HBEFA3/PC_G_EU4" CO2="0.00" CO="0.00" HC="0.00" NOx="0.00" PMx="0.00" fuel="0.00" electricity="0.00" noise="72.22" route="routebottom" type="cfm-slow" waiting="0.00" lane="right_0" pos="48.51" speed="29.34" angle="277.24" x="66.97" y="132.19"/>
        <vehicle id="cfm-slow_5" eclass="HBEFA3/PC_G_EU4" CO2="0.00" CO="0.00" HC="0.00" NOx="0.00" PMx="0.00" fuel="0.00" electricity="0.00" noise="71.22" route="routetop" type="cfm-slow" waiting="0.00" lane="top_0" pos="22.88" speed="27.74" angle="233.23" x="18.49" y="115.30"/>
    </timestep>
    <timestep time="6.16">
        <vehicle id="cfm-fast_0" eclass="HBEFA3/PC_G_EU4" CO2="0.00" CO="0.00" HC="0.00" NOx="0.00" PMx="0.00" fuel="0.00" electricity="0.00" noise="70.22" route="routetop" type="cfm-fast" waiting="0.00" lane="top_0" pos="45.85" speed="25.60" angle="192.05" x="-4.35" y="72.67"/>
        <vehicle id="cfm-fast_1" eclass="HBEFA3/PC_G_EU4" CO2="253791.93" CO="6248.81" HC="34.88" NOx="118.26" PMx="7.07" fuel="109.09" electricity="0.00" noise="140.92" route="routebottom" type="cfm-fast" waiting="0.00" lane="right_1" pos="5.93" speed="72.46" angle="353.82" x="127.83" y="75.78"/>
        <vehicle id="cfm-fast_2" eclass="HBEFA3/PC_G_EU4" CO2="0.00" CO="0.00" HC="0.00" NOx="0.00" PMx="0.00" fuel="0.00" electricity="0.00" noise="69.99" route="routetop" type="cfm-fast" waiting="0.00" lane="left_0" pos="12.49" speed="23.81" angle="161.99" x="0.29" y="37.38"/>
        <vehicle id="cfm-fast_3" eclass="HBEFA3/PC_G_EU4" CO2="7179.73" CO="73.40" HC="0.51" NOx="2.77" PMx="0.14" fuel="3.09" electricity="0.00" noise="71.48" route="routetop" type="cfm-fast" waiting="0.00" lane="left_0" pos="27.30" speed="23.22" angle="135.37" x="18.78" y="11.79"/>
        <vehicle id="cfm-fast_4" eclass="HBEFA3/PC_G_EU4" CO2="343551.11" CO="8623.57" HC="47.98" NOx="160.48" PMx="9.63" fuel="147.68" electricity="0.00" noise="155.18" route="routetop" type="cfm-fast" waiting="0.00" lane="top_1" pos="21.09" speed="83.55" angle="236.50" x="23.49" y="115.13"/>
        <vehicle id="cfm-fast_5" eclass="HBEFA3/PC_G_EU4" CO2="14289.80" CO="220.63" HC="1.36" NOx="6.11" PMx="0.33" fuel="6.14" electricity="0.00" noise="74.88" route="routetop" type="cfm-fast" waiting="0.00" lane="left_0" pos="41.70" speed="23.66" angle="109.44" x="45.91" y="-2.60"/>
        <vehicle id="cfm-slow_0" eclass="HBEFA3/PC_G_EU4" CO2="17657.08" CO="294.52" HC="1.78" NOx="7.66" PMx="0.42" fuel="7.59" electricity="0.00" noise="76.87" route="routebottom" type="cfm-slow" waiting="0.00" lane="bottom_0" pos="6.57" speed="25.30" angle="82.67" x="77.79" y="-3.48"/>
        <vehicle id="cfm-slow_1" eclass="HBEFA3/PC_G_EU4" CO2="17734.41" CO="304.53" HC="1.83" NOx="7.65" PMx="0.43" fuel="7.62" electricity="0.00" noise="77.09" route="routebottom" type="cfm-slow" waiting="0.00" lane="bottom_0" pos="27.12" speed="27.27" angle="45.72" x="115.29" y="18.48"/>
        <vehicle id="cfm-slow_2" eclass="HBEFA3/PC_G_EU4" CO2="12814.01" CO="213.15" HC="1.29" NOx="5.30" PMx="0.31" fuel="5.51" electricity="0.00" noise="75.41" route="routebottom" type="cfm-slow" waiting="0.00" lane="bottom_0" pos="49.65" speed="28.97" angle="5.15" x="132.26" y="62.82"/>
        <vehicle id="cfm-slow_3" eclass="HBEFA3/PC_G_EU4" CO2="0.00" CO="0.00" HC="0.00" NOx="0.00" PMx="0.00" fuel="0.00" electricity="0.00" noise="73.40" route="routebottom" type="cfm-slow" waiting="0.00" lane="right_0" pos="23.86" speed="29.79" angle="321.52" x="113.87" y="110.41"/>
        <vehicle id="cfm-slow_4" eclass="HBEFA3/PC_G_EU4" CO2="0.00" CO="0.00" HC="0.00" NOx="0.00" PMx="0.00" fuel="0.00" electricity="0.00" noise="72.21" route="routebottom" type="cfm-slow" waiting="0.00" lane="right_0" pos="48.80" speed="29.32" angle="276.75" x="66.34" y="132.22"/>
        <vehicle id="cfm-slow_5" eclass="HBEFA3/PC_G_EU4" CO2="0.00" CO="0.00" HC="0.00" NOx="0.00" PMx="0.00" fuel="0.00" electricity="0.00" noise="71.21" route="routetop" type="cfm-slow" waiting="0.00" lane="top_0" pos="23.15" speed="27.72" angle="232.80" x="18.04" y="114.91"/>
    </timestep>
    <timestep time="6.17">
        <vehicle id="cfm-fast_0" eclass="HBEFA3/PC_G_EU4" CO2="0.00" CO="0.00" HC="0.00" NOx="0.00" PMx="0.00" fuel="0.00" electricity="0.00" noise="70.22" route="routetop" type="cfm-fast" waiting="0.00" lane="top_0" pos="46.10" speed="25.59" angle="191.59" x="-4.42" y="72.13"/>
        <vehicle id="cfm-fast_1" eclass="HBEFA3/PC_G_EU4" CO2="254518.74" CO="6268.76" HC="34.99" NOx="118.60" PMx="7.09" fuel="109.40" electricity="0.00" noise="141.04" route="routebottom" type="cfm-fast" waiting="0.00" lane="right_1" pos="6.66" speed="72.58" angle="352.52" x="127.54" y="77.24"/>
        <vehicle id="cfm-fast_2" eclass="HBEFA3/PC_G_EU4" CO2="0.00" CO="0.00" HC="0.00" NOx="0.00" PMx="0.00" fuel="0.00" electricity="0.00" noise="70.00" route="routetop" type="cfm-fast" waiting="0.00" lane="left_0" pos="12.73" speed="23.81" angle="161.59" x="0.48" y="36.90"/>
        <vehicle id="cfm-fast_3" eclass="HBEFA3/PC_G_EU4" CO2="7237.71" CO="74.61" HC="0.52" NOx="2.79" PMx="0.14" fuel="3.11" electricity="0.00" noise="71.50" route="routetop" type="cfm-fast" waiting="0.00" lane="left_0" pos="27.53" speed="23.23" angle="134.94" x="19.16" y="11.46"/>
        <vehicle id="cfm-fast_4" eclass="HBEFA3/PC_G_EU4" CO2="344197.14" CO="8643.99" HC="48.09" NOx="160.79" PMx="9.65" fuel="147.95" electricity="0.00" noise="155.25" route="routetop" type="cfm-fast" waiting="0.00" lane="top_1" pos="21.93" speed="83.68" angle="235.03" x="22.14" y="114.07"/>
        <vehicle id="cfm-fast_5" eclass="HBEFA3/PC_G_EU4" CO2="14318.17" CO="221.25" HC="1.36" NOx="6.12" PMx="0.33" fuel="6.15" electricity="0.00" noise="74.90" route="routetop" type="cfm-fast" waiting="0.00" lane="left_0" pos="41.93" speed="23.68" angle="109.00" x="46.41" y="-2.73"/>
        <vehicle id="cfm-slow_0" eclass="HBEFA3/PC_G_EU4" CO2="17657.21" CO="294.59" HC="1.78" NOx="7.66" PMx="0.42" fuel="7.59" electricity="0.00" noise="76.87" route="routebottom" type="cfm-slow" waiting="0.00" lane="bottom_0" pos="6.82" speed="25.32" angle="82.18" x="78.32" y="-3.36"/>
        <vehicle id="cfm-slow_1" eclass="HBEFA3/PC_G_EU4" CO2="17688.28" CO="303.68" HC="1.82" NOx="7.63" PMx="0.43" fuel="7.60" electricity="0.00" noise="77.07" route="routebottom" type="cfm-slow" waiting="0.00" lane="bottom_0" pos="27.39" speed="27.28" angle="45.21" x="115.67" y="18.93"/>
        <vehicle id="cfm-slow_2" eclass="HBEFA3/PC_G_EU4" CO2="12723.15" CO="211.34" HC="1.28" NOx="5.25" PMx="0.30" fuel="5.47" electricity="0.00" noise="75.38" route="routebottom" type="cfm-slow" waiting="0.00" lane="bottom_0" pos="49.94" speed="28.98" angle="4.63" x="132.27" y="63.45"/>
        <vehicle id="cfm-slow_3" eclass="HBEFA3/PC_G_EU4" CO2="0.00" CO="0.00" HC="0.00" NOx="0.00" PMx="0.00" fuel="0.00" electricity="0.00" noise="73.39" route="routebottom" type="cfm-slow" waiting="0.00" lane="right_0" pos="24.16" speed="29.79" angle="320.98" x="113.43" y="110.88"/>
        <vehicle id="cfm-slow_4" eclass="HBEFA3/PC_G_EU4" CO2="0.00" CO="0.00" HC="0.00" NOx="0.00" PMx="0.00" fuel="0.00" electricity="0.00" noise="72.20" route="routebottom" type="cfm-slow" waiting="0.00" lane="right_0" pos="49.10" speed="29.31" angle="276.20" x="65.71" y="132.23"/>
        <vehicle id="cfm-slow_5" eclass="HBEFA3/PC_G_EU4" CO2="0.00" CO="0.00" HC="0.00" NOx="0.00" PMx="0.00" fuel="0.00" electricity="0.00" noise="71.20" route="routetop" type="cfm-slow" waiting="0.00" lane="top_0" pos="23.43" speed="27.70" angle="232.30" x="17.60" y="114.50"/>
    </timestep>
    <timestep time="6.18">
        <vehicle id="cfm-fast_0" eclass="HBEFA3/PC_G_EU4" CO2="0.00" CO="0.00" HC="0.00" NOx="0.00" PMx="0.00" fuel="0.00" electricity="0.00" noise="70.21" route="routetop" type="cfm-fast" waiting="0.00" lane="top_0" pos="46.36" speed="25.57" angle="191.16" x="-4.49" y="71.58"/>
        <vehicle id="cfm-fast_1" eclass="HBEFA3/PC_G_EU4" CO2="255245.90" CO="6288.74" HC="35.10" NOx="118.94" PMx="7.11" fuel="109.72" electricity="0.00" noise="141.15" route="routebottom" type="cfm-fast" waiting="0.00" lane="right_1" pos="7.38" speed="72.69" angle="351.12" x="127.21" y="78.69"/>
        <vehicle id="cfm-fast_2" eclass="HBEFA3/PC_G_EU4" CO2="0.00" CO="0.00" HC="0.00" NOx="0.00" PMx="0.00" fuel="0.00" electricity="0.00" noise="70.01" route="routetop" type="cfm-fast" waiting="0.00" lane="left_0" pos="12.97" speed="23.80" angle="161.18" x="0.69" y="36.43"/>
        <vehicle id="cfm-fast_3" eclass="HBEFA3/PC_G_EU4" CO2="7295.50" CO="75.81" HC="0.52" NOx="2.82" PMx="0.14" fuel="3.14" electricity="0.00" noise="71.53" route="routetop" type="cfm-fast" waiting="0.00" lane="left_0" pos="27.76" speed="23.23" angle="134.51" x="19.54" y="11.14"/>
        <vehicle id="cfm-fast_4" eclass="HBEFA3/PC_G_EU4" CO2="344843.46" CO="8664.43" HC="48.20" NOx="161.09" PMx="9.67" fuel="148.23" electricity="0.00" noise="155.31" route="routetop" type="cfm-fast" waiting="0.00" lane="top_1" pos="22.77" speed="83.82" angle="233.46" x="20.83" y="112.96"/>
        <vehicle id="cfm-fast_5" eclass="HBEFA3/PC_G_EU4" CO2="14346.34" CO="221.87" HC="1.37" NOx="6.14" PMx="0.33" fuel="6.17" electricity="0.00" noise="74.92" route="routetop" type="cfm-fast" waiting="0.00" lane="left_0" pos="42.17" speed="23.70" angle="108.56" x="46.90" y="-2.86"/>
        <vehicle id="cfm-slow_0" eclass="HBEFA3/PC_G_EU4" CO2="17656.95" CO="294.66" HC="1.78" NOx="7.66" PMx="0.42" fuel="7.59" electricity="0.00" noise="76.87" route="routebottom" type="cfm-slow" waiting="0.00" lane="bottom_0" pos="7.07" speed="25.34" angle="81.70" x="78.85" y="-3.23"/>
        <vehicle id="cfm-slow_1" eclass="HBEFA3/PC_G_EU4" CO2="17641.74" CO="302.81" HC="1.82" NOx="7.61" PMx="0.43" fuel="7.58" electricity="0.00" noise="77.05" route="routebottom" type="cfm-slow" waiting="0.00" lane="bottom_0" pos="27.66" speed="27.30" angle="44.69" x="116.05" y="19.38"/>
        <vehicle id="cfm-slow_2" eclass="HBEFA3/PC_G_EU4" CO2="12632.20" CO="209.53" HC="1.27" NOx="5.21" PMx="0.30" fuel="5.43" electricity="0.00" noise="75.35" route="routebottom" type="cfm-slow" waiting="0.00" lane="right_0" pos="0.23" speed="28.99" angle="4.05" x="132.26" y="64.26"/>
        <vehicle id="cfm-slow_3" eclass="HBEFA3/PC_G_EU4" CO2="0.00" CO="0.00" HC="0.00" NOx="0.00" PMx="0.00" fuel="0.00" electricity="0.00" noise="73.37" route="routebottom" type="cfm-slow" waiting="0.00" lane="right_0" pos="24.46" speed="29.78" angle="320.49" x="112.99" y="111.34"/>
        <vehicle id="cfm-slow_4" eclass="HBEFA3/PC_G_EU4" CO2="0.00" CO="0.00" HC="0.00" NOx="0.00" PMx="0.00" fuel="0.00" electricity="0.00" noise="72.19" route="routebottom" type="cfm-slow" waiting="0.00" lane="right_0" pos="49.39" speed="29.29" angle="275.66" x="65.08" y="132.25"/>
        <vehicle id="cfm-slow_5" eclass="HBEFA3/PC_G_EU4" CO2="0.00" CO="0.00" HC="0.00" NOx="0.00" PMx="0.00" fuel="0.00" electricity="0.00" noise="71.19" route="routetop" type="cfm-slow" waiting="0.00" lane="top_0" pos="23.71" speed="27.68" angle="231.80" x="17.16" y="114.10"/>
    </timestep>
    <timestep time="6.19">
        <vehicle id="cfm-fast_0" eclass="HBEFA3/PC_G_EU4" CO2="0.00" CO="0.00" HC="0.00" NOx="0.00" PMx="0.00" fuel="0.00" electricity="0.00" noise="70.21" route="routetop" type="cfm-fast" waiting="0.00" lane="top_0" pos="46.61" speed="25.56" angle="190.69" x="-4.54" y="71.03"/>
        <vehicle id="cfm-fast_1" eclass="HBEFA3/PC_G_EU4" CO2="255973.41" CO="6308.74" HC="35.21" NOx="119.28" PMx="7.13" fuel="110.03" electricity="0.00" noise="141.27" route="routebottom" type="cfm-fast" waiting="0.00" lane="right_1" pos="8.11" speed="72.81" angle="349.85" x="126.85" y="80.14"/>
        <vehicle id="cfm-fast_2" eclass="HBEFA3/PC_G_EU4" CO2="0.00" CO="0.00" HC="0.00" NOx="0.00" PMx="0.00" fuel="0.00" electricity="0.00" noise="70.02" route="routetop" type="cfm-fast" waiting="0.00" lane="left_0" pos="13.21" speed="23.80" angle="160.74" x="0.90" y="35.97"/>
        <vehicle id="cfm-fast_3" eclass="HBEFA3/PC_G_EU4" CO2="7353.11" CO="77.00" HC="0.53" NOx="2.85" PMx="0.15" fuel="3.16" electricity="0.00" noise="71.55" route="routetop" type="cfm-fast" waiting="0.00" lane="left_0" pos="28.00" speed="23.24" angle="134.07" x="19.92" y="10.81"/>
        <vehicle id="cfm-fast_4" eclass="HBEFA3/PC_G_EU4" CO2="345490.08" CO="8684.89" HC="48.31" NOx="161.39" PMx="9.69" fuel="148.51" electricity="0.00" noise="155.38" route="routetop" type="cfm-fast" waiting="0.00" lane="top_1" pos="23.61" speed="83.96" angle="231.98" x="19.55" y="111.81"/>
        <vehicle id="cfm-fast_5" eclass="HBEFA3/PC_G_EU4" CO2="14374.29" CO="222.48" HC="1.37" NOx="6.15" PMx="0.33" fuel="6.18" electricity="0.00" noise="74.94" route="routetop" type="cfm-fast" waiting="0.00" lane="left_0" pos="42.41" speed="23.71" angle="108.19" x="47.39" y="-2.99"/>
        <vehicle id="cfm-slow_0" eclass="HBEFA3/PC_G_EU4" CO2="17656.30" CO="294.72" HC="1.78" NOx="7.66" PMx="0.42" fuel="7.59" electricity="0.00" noise="76.87" route="routebottom" type="cfm-slow" waiting="0.00" lane="bottom_0" pos="7.33" speed="25.36" angle="81.21" x="79.38" y="-3.11"/>
        <vehicle id="cfm-slow_1" eclass="HBEFA3/PC_G_EU4" CO2="17594.78" CO="301.93" HC="1.81" NOx="7.59" PMx="0.42" fuel="7.56" electricity="0.00" noise="77.03" route="routebottom" type="cfm-slow" waiting="0.00" lane="bottom_0" pos="27.94" speed="27.32" angle="44.18" x="116.43" y="19.83"/>
        <vehicle id="cfm-slow_2" eclass="HBEFA3/PC_G_EU4" CO2="12541.18" CO="207.72" HC="1.26" NOx="5.17" PMx="0.30" fuel="5.39" electricity="0.00" noise="75.33" route="routebottom" type="cfm-slow" waiting="0.00" lane="right_0" pos="0.52" speed="29.00" angle="3.52" x="132.25" y="64.89"/>
        <vehicle id="cfm-slow_3" eclass="HBEFA3/PC_G_EU4" CO2="0.00" CO="0.00" HC="0.00" NOx="0.00" PMx="0.00" fuel="0.00" electricity="0.00" noise="73.35" route="routebottom" type="cfm-slow" waiting="0.00" lane="right_0" pos="24.76" speed="29.78" angle="319.94" x="112.54" y="111.79"/>
        <vehicle id="cfm-slow_4" eclass="HBEFA3/PC_G_EU4" CO2="0.00" CO="0.00" HC="0.00" NOx="0.00" PMx="0.00" fuel="0.00" electricity="0.00" noise="72.18" route="routebottom" type="cfm-slow" waiting="0.00" lane="right_0" pos="49.68" speed="29.28" angle="275.11" x="64.45" y="132.26"/>
        <vehicle id="cfm-slow_5" eclass="HBEFA3/PC_G_EU4" CO2="0.00" CO="0.00" HC="0.00" NOx="0.00" PMx="0.00" fuel="0.00" electricity="0.00" noise="71.18" route="routetop" type="cfm-slow" waiting="0.00" lane="top_0" pos="23.98" speed="27.66" angle="231.31" x="16.73" y="113.69"/>
    </timestep>
    <timestep time="6.20">
        <vehicle id="cfm-fast_0" eclass="HBEFA3/PC_G_EU4" CO2="0.00" CO="0.00" HC="0.00" NOx="0.00" PMx="0.00" fuel="0.00" electricity="0.00" noise="70.20" route="routetop" type="cfm-fast" waiting="0.00" lane="top_0" pos="46.87" speed="25.54" angle="190.22" x="-4.60" y="70.49"/>
        <vehicle id="cfm-fast_1" eclass="HBEFA3/PC_G_EU4" CO2="256701.26" CO="6328.77" HC="35.32" NOx="119.62" PMx="7.16" fuel="110.34" electricity="0.00" noise="141.38" route="routebottom" type="cfm-fast" waiting="0.00" lane="right_1" pos="8.84" speed="72.92" angle="348.55" x="126.46" y="81.59"/>
        <vehicle id="cfm-fast_2" eclass="HBEFA3/PC_G_EU4" CO2="0.00" CO="0.00" HC="0.00" NOx="0.00" PMx="0.00" fuel="0.00" electricity="0.00" noise="70.03" route="routetop" type="cfm-fast" waiting="0.00" lane="left_0" pos="13.45" speed="23.79" angle="160.29" x="1.11" y="35.50"/>
        <vehicle id="cfm-fast_3" eclass="HBEFA3/PC_G_EU4" CO2="7410.53" CO="78.20" HC="0.54" NOx="2.87" PMx="0.15" fuel="3.19" electricity="0.00" noise="71.57" route="routetop" type="cfm-fast" waiting="0.00" lane="left_0" pos="28.23" speed="23.24" angle="133.70" x="20.30" y="10.49"/>
        <vehicle id="cfm-fast_4" eclass="HBEFA3/PC_G_EU4" CO2="346136.98" CO="8705.37" HC="48.42" NOx="161.70" PMx="9.71" fuel="148.79" electricity="0.00" noise="155.44" route="routetop" type="cfm-fast" waiting="0.00" lane="top_1" pos="24.45" speed="84.09" angle="230.50" x="18.29" y="110.63"/>
        <vehicle id="cfm-fast_5" eclass="HBEFA3/PC_G_EU4" CO2="14402.03" CO="223.08" HC="1.37" NOx="6.16" PMx="0.33" fuel="6.19" electricity="0.00" noise="74.95" route="routetop" type="cfm-fast" waiting="0.00" lane="left_0" pos="42.65" speed="23.73" angle="107.76" x="47.89" y="-3.10"/>
        <vehicle id="cfm-slow_0" eclass="HBEFA3/PC_G_EU4" CO2="17655.26" CO="294.77" HC="1.78" NOx="7.66" PMx="0.42" fuel="7.59" electricity="0.00" noise="76.87" route="routebottom" type="cfm-slow" waiting="0.00" lane="bottom_0" pos="7.58" speed="25.38" angle="80.75" x="79.91" y="-2.99"/>
        <vehicle id="cfm-slow_1" eclass="HBEFA3/PC_G_EU4" CO2="17547.42" CO="301.05" HC="1.81" NOx="7.56" PMx="0.42" fuel="7.54" electricity="0.00" noise="77.01" route="routebottom" type="cfm-slow" waiting="0.00" lane="bottom_0" pos="28.21" speed="27.34" angle="43.73" x="116.81" y="20.28"/>
        <vehicle id="cfm-slow_2" eclass="HBEFA3/PC_G_EU4" CO2="12450.10" CO="205.90" HC="1.25" NOx="5.12" PMx="0.30" fuel="5.35" electricity="0.00" noise="75.30" route="routebottom" type="cfm-slow" waiting="0.00" lane="right_0" pos="0.81" speed="29.01" angle="3.00" x="132.24" y="65.51"/>
        <vehicle id="cfm-slow_3" eclass="HBEFA3/PC_G_EU4" CO2="0.00" CO="0.00" HC="0.00" NOx="0.00" PMx="0.00" fuel="0.00" electricity="0.00" noise="73.34" route="routebottom" type="cfm-slow" waiting="0.00" lane="right_0" pos="25.05" speed="29.78" angle="319.39" x="112.08" y="112.25"/>
        <vehicle id="cfm-slow_4" eclass="HBEFA3/PC_G_EU4" CO2="0.00" CO="0.00" HC="0.00" NOx="0.00" PMx="0.00" fuel="0.00" electricity="0.00" noise="72.17" route="routebottom" type="cfm-slow" waiting="0.00" lane="right_0" pos="49.97" speed="29.26" angle="274.59" x="63.82" y="132.27"/>
        <vehicle id="cfm-slow_5" eclass="HBEFA3/PC_G_EU4" CO2="0.00" CO="0.00" HC="0.00" NOx="0.00" PMx="0.00" fuel="0.00" electricity="0.00" noise="71.17" route="routetop" type="cfm-slow" waiting="0.00" lane="top_0" pos="24.26" speed="27.64" angle="230.82" x="16.29" y="113.29"/>
    </timestep>
    <timestep time="6.21">
        <vehicle id="cfm-fast_0" eclass="HBEFA3/PC_G_EU4" CO2="0.00" CO="0.00" HC="0.00" NOx="0.00" PMx="0.00" fuel="0.00" electricity="0.00" noise="70.20" route="routetop" type="cfm-fast" waiting="0.00" lane="top_0" pos="47.12" speed="25.52" angle="189.75" x="-4.65" y="69.94"/>
        <vehicle id="cfm-fast_1" eclass="HBEFA3/PC_G_EU4" CO2="257429.44" CO="6348.82" HC="35.43" NOx="119.97" PMx="7.18" fuel="110.66" electricity="0.00" noise="141.50" route="routebottom" type="cfm-fast" waiting="0.00" lane="right_1" pos="9.57" speed="73.04" angle="347.27" x="126.03" y="83.02"/>
        <vehicle id="cfm-fast_2" eclass="HBEFA3/PC_G_EU4" CO2="0.00" CO="0.00" HC="0.00" NOx="0.00" PMx="0.00" fuel="0.00" electricity="0.00" noise="70.03" route="routetop" type="cfm-fast" waiting="0.00" lane="left_0" pos="13.68" speed="23.79" angle="159.85" x="1.32" y="35.03"/>
        <vehicle id="cfm-fast_3" eclass="HBEFA3/PC_G_EU4" CO2="7467.76" CO="79.38" HC="0.55" NOx="2.90" PMx="0.15" fuel="3.21" electricity="0.00" noise="71.60" route="routetop" type="cfm-fast" waiting="0.00" lane="left_0" pos="28.46" speed="23.25" angle="133.27" x="20.70" y="10.18"/>
        <vehicle id="cfm-fast_4" eclass="HBEFA3/PC_G_EU4" CO2="346784.18" CO="8725.88" HC="48.53" NOx="162.00" PMx="9.73" fuel="149.07" electricity="0.00" noise="155.51" route="routetop" type="cfm-fast" waiting="0.00" lane="top_1" pos="25.29" speed="84.23" angle="228.99" x="17.07" y="109.41"/>
        <vehicle id="cfm-fast_5" eclass="HBEFA3/PC_G_EU4" CO2="14429.56" CO="223.69" HC="1.38" NOx="6.17" PMx="0.33" fuel="6.20" electricity="0.00" noise="74.97" route="routetop" type="cfm-fast" waiting="0.00" lane="left_0" pos="42.88" speed="23.75" angle="107.34" x="48.39" y="-3.21"/>
        <vehicle id="cfm-slow_0" eclass="HBEFA3/PC_G_EU4" CO2="17653.83" CO="294.81" HC="1.78" NOx="7.66" PMx="0.42" fuel="7.59" electricity="0.00" noise="76.87" route="routebottom" type="cfm-slow" waiting="0.00" lane="bottom_0" pos="7.83" speed="25.40" angle="80.32" x="80.44" y="-2.86"/>
        <vehicle id="cfm-slow_1" eclass="HBEFA3/PC_G_EU4" CO2="17499.65" CO="300.16" HC="1.80" NOx="7.54" PMx="0.42" fuel="7.52" electricity="0.00" noise="76.99" route="routebottom" type="cfm-slow" waiting="0.00" lane="bottom_0" pos="28.48" speed="27.35" angle="43.23" x="117.17" y="20.74"/>
        <vehicle id="cfm-slow_2" eclass="HBEFA3/PC_G_EU4" CO2="12358.95" CO="204.09" HC="1.24" NOx="5.08" PMx="0.29" fuel="5.31" electricity="0.00" noise="75.27" route="routebottom" type="cfm-slow" waiting="0.00" lane="right_0" pos="1.10" speed="29.02" angle="2.47" x="132.23" y="66.13"/>
        <vehicle id="cfm-slow_3" eclass="HBEFA3/PC_G_EU4" CO2="0.00" CO="0.00" HC="0.00" NOx="0.00" PMx="0.00" fuel="0.00" electricity="0.00" noise="73.32" route="routebottom" type="cfm-slow" waiting="0.00" lane="right_0" pos="25.35" speed="29.77" angle="318.83" x="111.63" y="112.70"/>
        <vehicle id="cfm-slow_4" eclass="HBEFA3/PC_G_EU4" CO2="0.00" CO="0.00" HC="0.00" NOx="0.00" PMx="0.00" fuel="0.00" electricity="0.00" noise="72.16" route="routetop" type="cfm-slow" waiting="0.00" lane="top_0" pos="0.27" speed="29.25" angle="273.99" x="63.00" y="132.26"/>
        <vehicle id="cfm-slow_5" eclass="HBEFA3/PC_G_EU4" CO2="0.00" CO="0.00" HC="0.00" NOx="0.00" PMx="0.00" fuel="0.00" electricity="0.00" noise="71.16" route="routetop" type="cfm-slow" waiting="0.00" lane="top_0" pos="24.54" speed="27.62" angle="230.36" x="15.86" y="112.87"/>
    </timestep>
    <timestep time="6.22">
        <vehicle id="cfm-fast_0" eclass="HBEFA3/PC_G_EU4" CO2="0.00" CO="0.00" HC="0.00" NOx="0.00" PMx="0.00" fuel="0.00" electricity="0.00" noise="70.19" route="routetop" type="cfm-fast" waiting="0.00" lane="top_0" pos="47.38" speed="25.51" angle="189.30" x="-4.71" y="69.39"/>
        <vehicle id="cfm-fast_1" eclass="HBEFA3/PC_G_EU4" CO2="258157.96" CO="6368.90" HC="35.54" NOx="120.31" PMx="7.20" fuel="110.97" electricity="0.00" noise="141.61" route="routebottom" type="cfm-fast" waiting="0.00" lane="right_1" pos="10.30" speed="73.16" angle="345.99" x="125.58" y="84.45"/>
        <vehicle id="cfm-fast_2" eclass="HBEFA3/PC_G_EU4" CO2="0.00" CO="0.00" HC="0.00" NOx="0.00" PMx="0.00" fuel="0.00" electricity="0.00" noise="70.04" route="routetop" type="cfm-fast" waiting="0.00" lane="left_0" pos="13.92" speed="23.78" angle="159.41" x="1.53" y="34.57"/>
        <vehicle id="cfm-fast_3" eclass="HBEFA3/PC_G_EU4" CO2="7524.80" CO="80.57" HC="0.55" NOx="2.93" PMx="0.15" fuel="3.23" electricity="0.00" noise="71.62" route="routetop" type="cfm-fast" waiting="0.00" lane="left_0" pos="28.69" speed="23.26" angle="132.84" x="21.09" y="9.87"/>
        <vehicle id="cfm-fast_4" eclass="HBEFA3/PC_G_EU4" CO2="347431.67" CO="8746.40" HC="48.64" NOx="162.31" PMx="9.75" fuel="149.34" electricity="0.00" noise="155.58" route="routetop" type="cfm-fast" waiting="0.00" lane="top_1" pos="26.13" speed="84.37" angle="227.50" x="15.87" y="108.16"/>
        <vehicle id="cfm-fast_5" eclass="HBEFA3/PC_G_EU4" CO2="14456.87" CO="224.29" HC="1.38" NOx="6.19" PMx="0.33" fuel="6.21" electricity="0.00" noise="74.99" route="routetop" type="cfm-fast" waiting="0.00" lane="left_0" pos="43.12" speed="23.76" angle="106.92" x="48.89" y="-3.33"/>
        <vehicle id="cfm-slow_0" eclass="HBEFA3/PC_G_EU4" CO2="17652.02" CO="294.84" HC="1.78" NOx="7.66" PMx="0.42" fuel="7.59" electricity="0.00" noise="76.87" route="routebottom" type="cfm-slow" waiting="0.00" lane="bottom_0" pos="8.09" speed="25.42" angle="79.86" x="80.97" y="-2.71"/>
        <vehicle id="cfm-slow_1" eclass="HBEFA3/PC_G_EU4" CO2="17451.48" CO="299.26" HC="1.80" NOx="7.52" PMx="0.42" fuel="7.50" electricity="0.00" noise="76.97" route="routebottom" type="cfm-slow" waiting="0.00" lane="bottom_0" pos="28.76" speed="27.37" angle="42.72" x="117.53" y="21.20"/>
        <vehicle id="cfm-slow_2" eclass="HBEFA3/PC_G_EU4" CO2="12267.74" CO="202.27" HC="1.23" NOx="5.04" PMx="0.29" fuel="5.27" electricity="0.00" noise="75.24" route="routebottom" type="cfm-slow" waiting="0.00" lane="right_0" pos="1.39" speed="29.03" angle="1.97" x="132.20" y="66.76"/>
        <vehicle id="cfm-slow_3" eclass="HBEFA3/PC_G_EU4" CO2="0.00" CO="0.00" HC="0.00" NOx="0.00" PMx="0.00" fuel="0.00" electricity="0.00" noise="73.30" route="routebottom" type="cfm-slow" waiting="0.00" lane="right_0" pos="25.65" speed="29.77" angle="318.34" x="111.18" y="113.15"/>
        <vehicle id="cfm-slow_4" eclass="HBEFA3/PC_G_EU4" CO2="0.00" CO="0.00" HC="0.00" NOx="0.00" PMx="0.00" fuel="0.00" electricity="0.00" noise="72.15" route="routetop" type="cfm-slow" waiting="0.00" lane="top_0" pos="0.56" speed="29.24" angle="273.46" x="62.37" y="132.25"/>
        <vehicle id="cfm-slow_5" eclass="HBEFA3/PC_G_EU4" CO2="0.00" CO="0.00" HC="0.00" NOx="0.00" PMx="0.00" fuel="0.00" electricity="0.00" noise="71.15" route="routetop" type="cfm-slow" waiting="0.00" lane="top_0" pos="24.81" speed="27.60" angle="229.85" x="15.44" y="112.45"/>
    </timestep>
    <timestep time="6.23">
        <vehicle id="cfm-fast_0" eclass="HBEFA3/PC_G_EU4" CO2="0.00" CO="0.00" HC="0.00" NOx="0.00" PMx="0.00" fuel="0.00" electricity="0.00" noise="70.19" route="routetop" type="cfm-fast" waiting="0.00" lane="top_0" pos="47.63" speed="25.49" angle="188.87" x="-4.75" y="68.85"/>
        <vehicle id="cfm-fast_1" eclass="HBEFA3/PC_G_EU4" CO2="258886.79" CO="6389.00" HC="35.65" NOx="120.65" PMx="7.22" fuel="111.28" electricity="0.00" noise="141.73" route="routebottom" type="cfm-fast" waiting="0.00" lane="right_1" pos="11.04" speed="73.28" angle="344.57" x="125.07" y="85.87"/>
        <vehicle id="cfm-fast_2" eclass="HBEFA3/PC_G_EU4" CO2="0.00" CO="0.00" HC="0.00" NOx="0.00" PMx="0.00" fuel="0.00" electricity="0.00" noise="70.05" route="routetop" type="cfm-fast" waiting="0.00" lane="left_0" pos="14.16" speed="23.78" angle="159.03" x="1.74" y="34.10"/>
        <vehicle id="cfm-fast_3" eclass="HBEFA3/PC_G_EU4" CO2="7581.65" CO="81.75" HC="0.56" NOx="2.95" PMx="0.15" fuel="3.26" electricity="0.00" noise="71.64" route="routetop" type="cfm-fast" waiting="0.00" lane="left_0" pos="28.93" speed="23.26" angle="132.41" x="21.48" y="9.57"/>
        <vehicle id="cfm-fast_4" eclass="HBEFA3/PC_G_EU4" CO2="348079.45" CO="8766.95" HC="48.75" NOx="162.61" PMx="9.77" fuel="149.62" electricity="0.00" noise="155.64" route="routetop" type="cfm-fast" waiting="0.00" lane="top_1" pos="26.98" speed="84.50" angle="225.99" x="14.70" y="106.89"/>
        <vehicle id="cfm-fast_5" eclass="HBEFA3/PC_G_EU4" CO2="14483.95" CO="224.88" HC="1.38" NOx="6.20" PMx="0.33" fuel="6.23" electricity="0.00" noise="75.00" route="routetop" type="cfm-fast" waiting="0.00" lane="left_0" pos="43.36" speed="23.78" angle="106.50" x="49.39" y="-3.44"/>
        <vehicle id="cfm-slow_0" eclass="HBEFA3/PC_G_EU4" CO2="17649.81" CO="294.87" HC="1.78" NOx="7.66" PMx="0.42" fuel="7.59" electricity="0.00" noise="76.87" route="routebottom" type="cfm-slow" waiting="0.00" lane="bottom_0" pos="8.34" speed="25.44" angle="79.39" x="81.50" y="-2.57"/>
        <vehicle id="cfm-slow_1" eclass="HBEFA3/PC_G_EU4" CO2="17402.91" CO="298.35" HC="1.79" NOx="7.50" PMx="0.42" fuel="7.48" electricity="0.00" noise="76.94" route="routebottom" type="cfm-slow" waiting="0.00" lane="bottom_0" pos="29.03" speed="27.39" angle="42.21" x="117.90" y="21.67"/>
        <vehicle id="cfm-slow_2" eclass="HBEFA3/PC_G_EU4" CO2="12176.48" CO="200.45" HC="1.22" NOx="4.99" PMx="0.29" fuel="5.23" electricity="0.00" noise="75.21" route="routebottom" type="cfm-slow" waiting="0.00" lane="right_0" pos="1.68" speed="29.03" angle="1.45" x="132.16" y="67.38"/>
        <vehicle id="cfm-slow_3" eclass="HBEFA3/PC_G_EU4" CO2="0.00" CO="0.00" HC="0.00" NOx="0.00" PMx="0.00" fuel="0.00" electricity="0.00" noise="73.29" route="routebottom" type="cfm-slow" waiting="0.00" lane="right_0" pos="25.95" speed="29.77" angle="317.80" x="110.71" y="113.59"/>
        <vehicle id="cfm-slow_4" eclass="HBEFA3/PC_G_EU4" CO2="0.00" CO="0.00" HC="0.00" NOx="0.00" PMx="0.00" fuel="0.00" electricity="0.00" noise="72.14" route="routetop" type="cfm-slow" waiting="0.00" lane="top_0" pos="0.85" speed="29.22" angle="272.94" x="61.74" y="132.24"/>
        <vehicle id="cfm-slow_5" eclass="HBEFA3/PC_G_EU4" CO2="0.00" CO="0.00" HC="0.00" NOx="0.00" PMx="0.00" fuel="0.00" electricity="0.00" noise="71.14" route="routetop" type="cfm-slow" waiting="0.00" lane="top_0" pos="25.09" speed="27.58" angle="229.35" x="15.02" y="112.03"/>
    </timestep>
    <timestep time="6.24">
        <vehicle id="cfm-fast_0" eclass="HBEFA3/PC_G_EU4" CO2="0.00" CO="0.00" HC="0.00" NOx="0.00" PMx="0.00" fuel="0.00" electricity="0.00" noise="70.19" route="routetop" type="cfm-fast" waiting="0.00" lane="top_0" pos="47.89" speed="25.48" angle="188.38" x="-4.78" y="68.30"/>
        <vehicle id="cfm-fast_1" eclass="HBEFA3/PC_G_EU4" CO2="259615.94" CO="6409.12" HC="35.76" NOx="120.99" PMx="7.24" fuel="111.60" electricity="0.00" noise="141.84" route="routebottom" type="cfm-fast" waiting="0.00" lane="right_1" pos="11.77" speed="73.39" angle="343.26" x="124.54" y="87.27"/>
        <vehicle id="cfm-fast_2" eclass="HBEFA3/PC_G_EU4" CO2="0.00" CO="0.00" HC="0.00" NOx="0.00" PMx="0.00" fuel="0.00" electricity="0.00" noise="70.06" route="routetop" type="cfm-fast" waiting="0.00" lane="left_0" pos="14.40" speed="23.77" angle="158.58" x="1.97" y="33.65"/>
        <vehicle id="cfm-fast_3" eclass="HBEFA3/PC_G_EU4" CO2="7638.31" CO="82.93" HC="0.57" NOx="2.98" PMx="0.15" fuel="3.28" electricity="0.00" noise="71.67" route="routetop" type="cfm-fast" waiting="0.00" lane="left_0" pos="29.16" speed="23.27" angle="131.98" x="21.88" y="9.26"/>
        <vehicle id="cfm-fast_4" eclass="HBEFA3/PC_G_EU4" CO2="348727.53" CO="8787.52" HC="48.86" NOx="162.91" PMx="9.79" fuel="149.90" electricity="0.00" noise="155.71" route="routetop" type="cfm-fast" waiting="0.00" lane="top_1" pos="27.83" speed="84.64" angle="224.38" x="13.58" y="105.56"/>
        <vehicle id="cfm-fast_5" eclass="HBEFA3/PC_G_EU4" CO2="14510.82" CO="225.47" HC="1.39" NOx="6.21" PMx="0.33" fuel="6.24" electricity="0.00" noise="75.02" route="routetop" type="cfm-fast" waiting="0.00" lane="left_0" pos="43.60" speed="23.80" angle="106.13" x="49.88" y="-3.56"/>
        <vehicle id="cfm-slow_0" eclass="HBEFA3/PC_G_EU4" CO2="17647.21" CO="294.88" HC="1.78" NOx="7.65" PMx="0.42" fuel="7.59" electricity="0.00" noise="76.87" route="routebottom" type="cfm-slow" waiting="0.00" lane="bottom_0" pos="8.60" speed="25.46" angle="78.92" x="82.03" y="-2.43"/>
        <vehicle id="cfm-slow_1" eclass="HBEFA3/PC_G_EU4" CO2="17353.94" CO="297.43" HC="1.79" NOx="7.47" PMx="0.42" fuel="7.46" electricity="0.00" noise="76.92" route="routebottom" type="cfm-slow" waiting="0.00" lane="bottom_0" pos="29.31" speed="27.41" angle="41.70" x="118.26" y="22.13"/>
        <vehicle id="cfm-slow_2" eclass="HBEFA3/PC_G_EU4" CO2="12085.17" CO="198.62" HC="1.21" NOx="4.95" PMx="0.29" fuel="5.19" electricity="0.00" noise="75.19" route="routebottom" type="cfm-slow" waiting="0.00" lane="right_0" pos="1.97" speed="29.04" angle="0.93" x="132.13" y="68.01"/>
        <vehicle id="cfm-slow_3" eclass="HBEFA3/PC_G_EU4" CO2="0.00" CO="0.00" HC="0.00" NOx="0.00" PMx="0.00" fuel="0.00" electricity="0.00" noise="73.27" route="routebottom" type="cfm-slow" waiting="0.00" lane="right_0" pos="26.24" speed="29.76" angle="317.26" x="110.24" y="114.02"/>
        <vehicle id="cfm-slow_4" eclass="HBEFA3/PC_G_EU4" CO2="0.00" CO="0.00" HC="0.00" NOx="0.00" PMx="0.00" fuel="0.00" electricity="0.00" noise="72.13" route="routetop" type="cfm-slow" waiting="0.00" lane="top_0" pos="1.14" speed="29.21" angle="272.41" x="61.11" y="132.22"/>
        <vehicle id="cfm-slow_5" eclass="HBEFA3/PC_G_EU4" CO2="0.00" CO="0.00" HC="0.00" NOx="0.00" PMx="0.00" fuel="0.00" electricity="0.00" noise="71.13" route="routetop" type="cfm-slow" waiting="0.00" lane="top_0" pos="25.36" speed="27.56" angle="228.84" x="14.61" y="111.62"/>
    </timestep>
    <timestep time="6.25">
        <vehicle id="cfm-fast_0" eclass="HBEFA3/PC_G_EU4" CO2="0.00" CO="0.00" HC="0.00" NOx="0.00" PMx="0.00" fuel="0.00" electricity="0.00" noise="70.18" route="routetop" type="cfm-fast" waiting="0.00" lane="top_0" pos="48.14" speed="25.46" angle="187.89" x="-4.81" y="67.75"/>
        <vehicle id="cfm-fast_1" eclass="HBEFA3/PC_G_EU4" CO2="260345.40" CO="6429.27" HC="35.87" NOx="121.34" PMx="7.26" fuel="111.91" electricity="0.00" noise="141.96" route="routebottom" type="cfm-fast" waiting="0.00" lane="right_1" pos="12.51" speed="73.51" angle="341.97" x="123.98" y="88.68"/>
        <vehicle id="cfm-fast_2" eclass="HBEFA3/PC_G_EU4" CO2="0.00" CO="0.00" HC="0.00" NOx="0.00" PMx="0.00" fuel="0.00" electricity="0.00" noise="70.07" route="routetop" type="cfm-fast" waiting="0.00" lane="left_0" pos="14.63" speed="23.77" angle="158.14" x="2.20" y="33.19"/>
        <vehicle id="cfm-fast_3" eclass="HBEFA3/PC_G_EU4" CO2="7694.77" CO="84.10" HC="0.57" NOx="3.01" PMx="0.16" fuel="3.31" electricity="0.00" noise="71.69" route="routetop" type="cfm-fast" waiting="0.00" lane="left_0" pos="29.39" speed="23.28" angle="131.56" x="22.27" y="8.95"/>
        <vehicle id="cfm-fast_4" eclass="HBEFA3/PC_G_EU4" CO2="349375.89" CO="8808.11" HC="48.97" NOx="163.22" PMx="9.81" fuel="150.18" electricity="0.00" noise="155.77" route="routetop" type="cfm-fast" waiting="0.00" lane="top_1" pos="28.67" speed="84.77" angle="222.87" x="12.48" y="104.21"/>
        <vehicle id="cfm-fast_5" eclass="HBEFA3/PC_G_EU4" CO2="14537.47" CO="226.06" HC="1.39" NOx="6.22" PMx="0.34" fuel="6.25" electricity="0.00" noise="75.04" route="routetop" type="cfm-fast" waiting="0.00" lane="left_0" pos="43.83" speed="23.81" angle="105.70" x="50.39" y="-3.65"/>
        <vehicle id="cfm-slow_0" eclass="HBEFA3/PC_G_EU4" CO2="17644.21" CO="294.89" HC="1.78" NOx="7.65" PMx="0.42" fuel="7.58" electricity="0.00" noise="76.87" route="routebottom" type="cfm-slow" waiting="0.00" lane="bottom_0" pos="8.85" speed="25.48" angle="78.47" x="82.56" y="-2.29"/>
        <vehicle id="cfm-slow_1" eclass="HBEFA3/PC_G_EU4" CO2="17304.58" CO="296.50" HC="1.78" NOx="7.45" PMx="0.42" fuel="7.44" electricity="0.00" noise="76.90" route="routebottom" type="cfm-slow" waiting="0.00" lane="bottom_0" pos="29.58" speed="27.42" angle="41.26" x="118.62" y="22.60"/>
        <vehicle id="cfm-slow_2" eclass="HBEFA3/PC_G_EU4" CO2="11993.81" CO="196.80" HC="1.20" NOx="4.91" PMx="0.28" fuel="5.16" electricity="0.00" noise="75.16" route="routebottom" type="cfm-slow" waiting="0.00" lane="right_0" pos="2.27" speed="29.05" angle="0.41" x="132.09" y="68.63"/>
        <vehicle id="cfm-slow_3" eclass="HBEFA3/PC_G_EU4" CO2="0.00" CO="0.00" HC="0.00" NOx="0.00" PMx="0.00" fuel="0.00" electricity="0.00" noise="73.26" route="routebottom" type="cfm-slow" waiting="0.00" lane="right_0" pos="26.54" speed="29.76" angle="316.71" x="109.77" y="114.46"/>
        <vehicle id="cfm-slow_4" eclass="HBEFA3/PC_G_EU4" CO2="0.00" CO="0.00" HC="0.00" NOx="0.00" PMx="0.00" fuel="0.00" electricity="0.00" noise="72.12" route="routetop" type="cfm-slow" waiting="0.00" lane="top_0" pos="1.43" speed="29.19" angle="271.90" x="60.48" y="132.20"/>
        <vehicle id="cfm-slow_5" eclass="HBEFA3/PC_G_EU4" CO2="0.00" CO="0.00" HC="0.00" NOx="0.00" PMx="0.00" fuel="0.00" electricity="0.00" noise="71.12" route="routetop" type="cfm-slow" waiting="0.00" lane="top_0" pos="25.64" speed="27.54" angle="228.40" x="14.19" y="111.20"/>
    </timestep>
    <timestep time="6.26">
        <vehicle id="cfm-fast_0" eclass="HBEFA3/PC_G_EU4" CO2="0.00" CO="0.00" HC="0.00" NOx="0.00" PMx="0.00" fuel="0.00" electricity="0.00" noise="70.18" route="routetop" type="cfm-fast" waiting="0.00" lane="top_0" pos="48.40" speed="25.45" angle="187.40" x="-4.84" y="67.21"/>
        <vehicle id="cfm-fast_1" eclass="HBEFA3/PC_G_EU4" CO2="261075.15" CO="6449.44" HC="35.98" NOx="121.68" PMx="7.28" fuel="112.22" electricity="0.00" noise="142.07" route="routebottom" type="cfm-fast" waiting="0.00" lane="right_1" pos="13.24" speed="73.63" angle="340.67" x="123.39" y="90.06"/>
        <vehicle id="cfm-fast_2" eclass="HBEFA3/PC_G_EU4" CO2="0.00" CO="0.00" HC="0.00" NOx="0.00" PMx="0.00" fuel="0.00" electricity="0.00" noise="70.08" route="routetop" type="cfm-fast" waiting="0.00" lane="left_0" pos="14.87" speed="23.76" angle="157.69" x="2.43" y="32.73"/>
        <vehicle id="cfm-fast_3" eclass="HBEFA3/PC_G_EU4" CO2="7751.04" CO="85.27" HC="0.58" NOx="3.03" PMx="0.16" fuel="3.33" electricity="0.00" noise="71.72" route="routetop" type="cfm-fast" waiting="0.00" lane="left_0" pos="29.63" speed="23.28" angle="131.18" x="22.67" y="8.65"/>
        <vehicle id="cfm-fast_4" eclass="HBEFA3/PC_G_EU4" CO2="350024.55" CO="8828.72" HC="49.08" NOx="163.52" PMx="9.83" fuel="150.46" electricity="0.00" noise="155.84" route="routetop" type="cfm-fast" waiting="0.00" lane="top_1" pos="29.52" speed="84.91" angle="221.37" x="11.41" y="102.84"/>
        <vehicle id="cfm-fast_5" eclass="HBEFA3/PC_G_EU4" CO2="14563.89" CO="226.64" HC="1.39" NOx="6.24" PMx="0.34" fuel="6.26" electricity="0.00" noise="75.05" route="routetop" type="cfm-fast" waiting="0.00" lane="left_0" pos="44.07" speed="23.83" angle="105.26" x="50.89" y="-3.75"/>
        <vehicle id="cfm-slow_0" eclass="HBEFA3/PC_G_EU4" CO2="17640.83" CO="294.90" HC="1.78" NOx="7.65" PMx="0.42" fuel="7.58" electricity="0.00" noise="76.87" route="routebottom" type="cfm-slow" waiting="0.00" lane="bottom_0" pos="9.11" speed="25.50" angle="78.04" x="83.08" y="-2.13"/>
        <vehicle id="cfm-slow_1" eclass="HBEFA3/PC_G_EU4" CO2="17254.82" CO="295.57" HC="1.78" NOx="7.42" PMx="0.42" fuel="7.42" electricity="0.00" noise="76.88" route="routebottom" type="cfm-slow" waiting="0.00" lane="bottom_0" pos="29.85" speed="27.44" angle="40.76" x="118.96" y="23.08"/>
        <vehicle id="cfm-slow_2" eclass="HBEFA3/PC_G_EU4" CO2="11902.42" CO="194.98" HC="1.19" NOx="4.86" PMx="0.28" fuel="5.12" electricity="0.00" noise="75.13" route="routebottom" type="cfm-slow" waiting="0.00" lane="right_0" pos="2.56" speed="29.06" angle="359.91" x="132.05" y="69.25"/>
        <vehicle id="cfm-slow_3" eclass="HBEFA3/PC_G_EU4" CO2="0.00" CO="0.00" HC="0.00" NOx="0.00" PMx="0.00" fuel="0.00" electricity="0.00" noise="73.24" route="routebottom" type="cfm-slow" waiting="0.00" lane="right_0" pos="26.84" speed="29.75" angle="316.20" x="109.30" y="114.89"/>
        <vehicle id="cfm-slow_4" eclass="HBEFA3/PC_G_EU4" CO2="0.00" CO="0.00" HC="0.00" NOx="0.00" PMx="0.00" fuel="0.00" electricity="0.00" noise="72.11" route="routetop" type="cfm-slow" waiting="0.00" lane="top_0" pos="1.73" speed="29.18" angle="271.38" x="59.86" y="132.16"/>
        <vehicle id="cfm-slow_5" eclass="HBEFA3/PC_G_EU4" CO2="0.00" CO="0.00" HC="0.00" NOx="0.00" PMx="0.00" fuel="0.00" electricity="0.00" noise="71.11" route="routetop" type="cfm-slow" waiting="0.00" lane="top_0" pos="25.92" speed="27.52" angle="227.89" x="13.78" y="110.76"/>
    </timestep>
    <timestep time="6.27">
        <vehicle id="cfm-fast_0" eclass="HBEFA3/PC_G_EU4" CO2="0.00" CO="0.00" HC="0.00" NOx="0.00" PMx="0.00" fuel="0.00" electricity="0.00" noise="70.17" route="routetop" type="cfm-fast" waiting="0.00" lane="top_0" pos="48.65" speed="25.43" angle="186.93" x="-4.88" y="66.66"/>
        <vehicle id="cfm-fast_1" eclass="HBEFA3/PC_G_EU4" CO2="261805.20" CO="6469.63" HC="36.09" NOx="122.02" PMx="7.30" fuel="112.54" electricity="0.00" noise="142.18" route="routebottom" type="cfm-fast" waiting="0.00" lane="right_1" pos="13.98" speed="73.75" angle="339.29" x="122.77" y="91.44"/>
        <vehicle id="cfm-fast_2" eclass="HBEFA3/PC_G_EU4" CO2="0.00" CO="0.00" HC="0.00" NOx="0.00" PMx="0.00" fuel="0.00" electricity="0.00" noise="70.09" route="routetop" type="cfm-fast" waiting="0.00" lane="left_0" pos="15.11" speed="23.76" angle="157.25" x="2.66" y="32.27"/>
        <vehicle id="cfm-fast_3" eclass="HBEFA3/PC_G_EU4" CO2="7807.12" CO="86.44" HC="0.59" NOx="3.06" PMx="0.16" fuel="3.36" electricity="0.00" noise="71.74" route="routetop" type="cfm-fast" waiting="0.00" lane="left_0" pos="29.86" speed="23.29" angle="130.75" x="23.08" y="8.35"/>
        <vehicle id="cfm-fast_4" eclass="HBEFA3/PC_G_EU4" CO2="350673.50" CO="8849.36" HC="49.19" NOx="163.83" PMx="9.85" fuel="150.74" electricity="0.00" noise="155.90" route="routetop" type="cfm-fast" waiting="0.00" lane="top_1" pos="30.37" speed="85.05" angle="219.76" x="10.40" y="101.42"/>
        <vehicle id="cfm-fast_5" eclass="HBEFA3/PC_G_EU4" CO2="14590.08" CO="227.22" HC="1.40" NOx="6.25" PMx="0.34" fuel="6.27" electricity="0.00" noise="75.07" route="routetop" type="cfm-fast" waiting="0.00" lane="left_0" pos="44.31" speed="23.85" angle="104.81" x="51.40" y="-3.84"/>
        <vehicle id="cfm-slow_0" eclass="HBEFA3/PC_G_EU4" CO2="17637.05" CO="294.89" HC="1.78" NOx="7.65" PMx="0.42" fuel="7.58" electricity="0.00" noise="76.87" route="routebottom" type="cfm-slow" waiting="0.00" lane="bottom_0" pos="9.36" speed="25.52" angle="77.57" x="83.61" y="-1.97"/>
        <vehicle id="cfm-slow_1" eclass="HBEFA3/PC_G_EU4" CO2="17204.67" CO="294.63" HC="1.77" NOx="7.40" PMx="0.41" fuel="7.40" electricity="0.00" noise="76.86" route="routebottom" type="cfm-slow" waiting="0.00" lane="bottom_0" pos="30.13" speed="27.46" angle="40.25" x="119.31" y="23.56"/>
        <vehicle id="cfm-slow_2" eclass="HBEFA3/PC_G_EU4" CO2="11810.99" CO="193.15" HC="1.18" NOx="4.82" PMx="0.28" fuel="5.08" electricity="0.00" noise="75.10" route="routebottom" type="cfm-slow" waiting="0.00" lane="right_0" pos="2.85" speed="29.07" angle="359.39" x="131.99" y="69.88"/>
        <vehicle id="cfm-slow_3" eclass="HBEFA3/PC_G_EU4" CO2="0.00" CO="0.00" HC="0.00" NOx="0.00" PMx="0.00" fuel="0.00" electricity="0.00" noise="73.22" route="routebottom" type="cfm-slow" waiting="0.00" lane="right_0" pos="27.14" speed="29.75" angle="315.68" x="108.81" y="115.31"/>
        <vehicle id="cfm-slow_4" eclass="HBEFA3/PC_G_EU4" CO2="0.00" CO="0.00" HC="0.00" NOx="0.00" PMx="0.00" fuel="0.00" electricity="0.00" noise="72.10" route="routetop" type="cfm-slow" waiting="0.00" lane="top_0" pos="2.02" speed="29.16" angle="270.85" x="59.23" y="132.12"/>
        <vehicle id="cfm-slow_5" eclass="HBEFA3/PC_G_EU4" CO2="0.00" CO="0.00" HC="0.00" NOx="0.00" PMx="0.00" fuel="0.00" electricity="0.00" noise="71.10" route="routetop" type="cfm-slow" waiting="0.00" lane="top_0" pos="26.19" speed="27.51" angle="227.38" x="13.38" y="110.33"/>
    </timestep>
    <timestep time="6.28">
        <vehicle id="cfm-fast_0" eclass="HBEFA3/PC_G_EU4" CO2="0.00" CO="0.00" HC="0.00" NOx="0.00" PMx="0.00" fuel="0.00" electricity="0.00" noise="70.17" route="routetop" type="cfm-fast" waiting="0.00" lane="top_0" pos="48.91" speed="25.42" angle="186.51" x="-4.90" y="66.11"/>
        <vehicle id="cfm-fast_1" eclass="HBEFA3/PC_G_EU4" CO2="262535.54" CO="6489.85" HC="36.20" NOx="122.36" PMx="7.32" fuel="112.85" electricity="0.00" noise="142.30" route="routebottom" type="cfm-fast" waiting="0.00" lane="right_1" pos="14.72" speed="73.86" angle="337.96" x="122.10" y="92.80"/>
        <vehicle id="cfm-fast_2" eclass="HBEFA3/PC_G_EU4" CO2="0.00" CO="0.00" HC="0.00" NOx="0.00" PMx="0.00" fuel="0.00" electricity="0.00" noise="70.10" route="routetop" type="cfm-fast" waiting="0.00" lane="left_0" pos="15.35" speed="23.75" angle="156.86" x="2.89" y="31.82"/>
        <vehicle id="cfm-fast_3" eclass="HBEFA3/PC_G_EU4" CO2="7863.00" CO="87.60" HC="0.59" NOx="3.09" PMx="0.16" fuel="3.38" electricity="0.00" noise="71.76" route="routetop" type="cfm-fast" waiting="0.00" lane="left_0" pos="30.09" speed="23.29" angle="130.33" x="23.49" y="8.06"/>
        <vehicle id="cfm-fast_4" eclass="HBEFA3/PC_G_EU4" CO2="351322.74" CO="8870.01" HC="49.30" NOx="164.13" PMx="9.87" fuel="151.02" electricity="0.00" noise="155.97" route="routetop" type="cfm-fast" waiting="0.00" lane="top_1" pos="31.22" speed="85.18" angle="218.26" x="9.40" y="99.98"/>
        <vehicle id="cfm-fast_5" eclass="HBEFA3/PC_G_EU4" CO2="14616.05" CO="227.79" HC="1.40" NOx="6.26" PMx="0.34" fuel="6.28" electricity="0.00" noise="75.09" route="routetop" type="cfm-fast" waiting="0.00" lane="left_0" pos="44.55" speed="23.86" angle="104.37" x="51.90" y="-3.93"/>
        <vehicle id="cfm-slow_0" eclass="HBEFA3/PC_G_EU4" CO2="17632.88" CO="294.88" HC="1.78" NOx="7.64" PMx="0.42" fuel="7.58" electricity="0.00" noise="76.87" route="routebottom" type="cfm-slow" waiting="0.00" lane="bottom_0" pos="9.62" speed="25.54" angle="77.10" x="84.13" y="-1.81"/>
        <vehicle id="cfm-slow_1" eclass="HBEFA3/PC_G_EU4" CO2="17154.13" CO="293.68" HC="1.77" NOx="7.38" PMx="0.41" fuel="7.37" electricity="0.00" noise="76.84" route="routebottom" type="cfm-slow" waiting="0.00" lane="bottom_0" pos="30.40" speed="27.48" angle="39.75" x="119.66" y="24.04"/>
        <vehicle id="cfm-slow_2" eclass="HBEFA3/PC_G_EU4" CO2="11719.53" CO="191.32" HC="1.17" NOx="4.78" PMx="0.28" fuel="5.04" electricity="0.00" noise="75.08" route="routebottom" type="cfm-slow" waiting="0.00" lane="right_0" pos="3.14" speed="29.08" angle="358.87" x="131.93" y="70.50"/>
        <vehicle id="cfm-slow_3" eclass="HBEFA3/PC_G_EU4" CO2="0.00" CO="0.00" HC="0.00" NOx="0.00" PMx="0.00" fuel="0.00" electricity="0.00" noise="73.21" route="routebottom" type="cfm-slow" waiting="0.00" lane="right_0" pos="27.43" speed="29.75" angle="315.12" x="108.33" y="115.73"/>
        <vehicle id="cfm-slow_4" eclass="HBEFA3/PC_G_EU4" CO2="0.00" CO="0.00" HC="0.00" NOx="0.00" PMx="0.00" fuel="0.00" electricity="0.00" noise="72.09" route="routetop" type="cfm-slow" waiting="0.00" lane="top_0" pos="2.31" speed="29.15" angle="270.33" x="58.61" y="132.09"/>
        <vehicle id="cfm-slow_5" eclass="HBEFA3/PC_G_EU4" CO2="0.00" CO="0.00" HC="0.00" NOx="0.00" PMx="0.00" fuel="0.00" electricity="0.00" noise="71.09" route="routetop" type="cfm-slow" waiting="0.00" lane="top_0" pos="26.46" speed="27.49" angle="226.87" x="12.98" y="109.89"/>
    </timestep>
    <timestep time="6.29">
        <vehicle id="cfm-fast_0" eclass="HBEFA3/PC_G_EU4" CO2="0.00" CO="0.00" HC="0.00" NOx="0.00" PMx="0.00" fuel="0.00" electricity="0.00" noise="70.16" route="routetop" type="cfm-fast" waiting="0.00" lane="top_0" pos="49.16" speed="25.40" angle="186.05" x="-4.91" y="65.57"/>
        <vehicle id="cfm-fast_1" eclass="HBEFA3/PC_G_EU4" CO2="263266.16" CO="6510.09" HC="36.31" NOx="122.71" PMx="7.35" fuel="113.17" electricity="0.00" noise="142.41" route="routebottom" type="cfm-fast" waiting="0.00" lane="right_1" pos="15.46" speed="73.98" angle="336.66" x="121.42" y="94.16"/>
        <vehicle id="cfm-fast_2" eclass="HBEFA3/PC_G_EU4" CO2="0.00" CO="0.00" HC="0.00" NOx="0.00" PMx="0.00" fuel="0.00" electricity="0.00" noise="70.11" route="routetop" type="cfm-fast" waiting="0.00" lane="left_0" pos="15.58" speed="23.75" angle="156.43" x="3.13" y="31.37"/>
        <vehicle id="cfm-fast_3" eclass="HBEFA3/PC_G_EU4" CO2="7918.68" CO="88.76" HC="0.60" NOx="3.11" PMx="0.16" fuel="3.40" electricity="0.00" noise="71.79" route="routetop" type="cfm-fast" waiting="0.00" lane="left_0" pos="30.32" speed="23.30" angle="129.90" x="23.89" y="7.77"/>
        <vehicle id="cfm-fast_4" eclass="HBEFA3/PC_G_EU4" CO2="351972.28" CO="8890.69" HC="49.41" NOx="164.44" PMx="9.89" fuel="151.30" electricity="0.00" noise="156.04" route="routetop" type="cfm-fast" waiting="0.00" lane="top_1" pos="32.08" speed="85.32" angle="216.79" x="8.43" y="98.53"/>
        <vehicle id="cfm-fast_5" eclass="HBEFA3/PC_G_EU4" CO2="14641.78" CO="228.36" HC="1.40" NOx="6.27" PMx="0.34" fuel="6.29" electricity="0.00" noise="75.10" route="routetop" type="cfm-fast" waiting="0.00" lane="left_0" pos="44.79" speed="23.88" angle="103.94" x="52.41" y="-4.02"/>
        <vehicle id="cfm-slow_0" eclass="HBEFA3/PC_G_EU4" CO2="17628.31" CO="294.86" HC="1.78" NOx="7.64" PMx="0.42" fuel="7.58" electricity="0.00" noise="76.87" route="routebottom" type="cfm-slow" waiting="0.00" lane="bottom_0" pos="9.87" speed="25.56" angle="76.63" x="84.66" y="-1.65"/>
        <vehicle id="cfm-slow_1" eclass="HBEFA3/PC_G_EU4" CO2="17103.21" CO="292.72" HC="1.76" NOx="7.35" PMx="0.41" fuel="7.35" electricity="0.00" noise="76.82" route="routebottom" type="cfm-slow" waiting="0.00" lane="bottom_0" pos="30.68" speed="27.49" angle="39.26" x="120.00" y="24.52"/>
        <vehicle id="cfm-slow_2" eclass="HBEFA3/PC_G_EU4" CO2="11628.04" CO="189.49" HC="1.16" NOx="4.73" PMx="0.27" fuel="5.00" electricity="0.00" noise="75.05" route="routebottom" type="cfm-slow" waiting="0.00" lane="right_0" pos="3.43" speed="29.08" angle="358.35" x="131.86" y="71.12"/>
        <vehicle id="cfm-slow_3" eclass="HBEFA3/PC_G_EU4" CO2="0.00" CO="0.00" HC="0.00" NOx="0.00" PMx="0.00" fuel="0.00" electricity="0.00" noise="73.19" route="routebottom" type="cfm-slow" waiting="0.00" lane="right_0" pos="27.73" speed="29.74" angle="314.56" x="107.84" y="116.14"/>
        <vehicle id="cfm-slow_4" eclass="HBEFA3/PC_G_EU4" CO2="0.00" CO="0.00" HC="0.00" NOx="0.00" PMx="0.00" fuel="0.00" electricity="0.00" noise="72.08" route="routetop" type="cfm-slow" waiting="0.00" lane="top_0" pos="2.60" speed="29.13" angle="269.83" x="57.98" y="132.04"/>
        <vehicle id="cfm-slow_5" eclass="HBEFA3/PC_G_EU4" CO2="0.00" CO="0.00" HC="0.00" NOx="0.00" PMx="0.00" fuel="0.00" electricity="0.00" noise="71.09" route="routetop" type="cfm-slow" waiting="0.00" lane="top_0" pos="26.74" speed="27.47" angle="226.36" x="12.58" y="109.46"/>
    </timestep>
    <timestep time="6.30">
        <vehicle id="cfm-fast_0" eclass="HBEFA3/PC_G_EU4" CO2="0.00" CO="0.00" HC="0.00" NOx="0.00" PMx="0.00" fuel="0.00" electricity="0.00" noise="70.16" route="routetop" type="cfm-fast" waiting="0.00" lane="top_0" pos="49.41" speed="25.39" angle="185.58" x="-4.92" y="65.02"/>
        <vehicle id="cfm-fast_1" eclass="HBEFA3/PC_G_EU4" CO2="263997.05" CO="6530.35" HC="36.43" NOx="123.05" PMx="7.37" fuel="113.48" electricity="0.00" noise="142.52" route="routebottom" type="cfm-fast" waiting="0.00" lane="right_1" pos="16.20" speed="74.10" angle="335.34" x="120.68" y="95.49"/>
        <vehicle id="cfm-fast_2" eclass="HBEFA3/PC_G_EU4" CO2="0.00" CO="0.00" HC="0.00" NOx="0.00" PMx="0.00" fuel="0.00" electricity="0.00" noise="70.11" route="routetop" type="cfm-fast" waiting="0.00" lane="left_0" pos="15.82" speed="23.75" angle="155.99" x="3.38" y="30.92"/>
        <vehicle id="cfm-fast_3" eclass="HBEFA3/PC_G_EU4" CO2="7974.17" CO="89.91" HC="0.61" NOx="3.14" PMx="0.16" fuel="3.43" electricity="0.00" noise="71.81" route="routetop" type="cfm-fast" waiting="0.00" lane="left_0" pos="30.56" speed="23.31" angle="129.47" x="24.30" y="7.47"/>
        <vehicle id="cfm-fast_4" eclass="HBEFA3/PC_G_EU4" CO2="352622.10" CO="8911.39" HC="49.52" NOx="164.74" PMx="9.91" fuel="151.57" electricity="0.00" noise="156.10" route="routetop" type="cfm-fast" waiting="0.00" lane="top_1" pos="32.93" speed="85.46" angle="215.24" x="7.53" y="97.03"/>
        <vehicle id="cfm-fast_5" eclass="HBEFA3/PC_G_EU4" CO2="14667.28" CO="228.92" HC="1.41" NOx="6.28" PMx="0.34" fuel="6.30" electricity="0.00" noise="75.12" route="routetop" type="cfm-fast" waiting="0.00" lane="left_0" pos="45.03" speed="23.90" angle="103.56" x="52.91" y="-4.11"/>
        <vehicle id="cfm-slow_0" eclass="HBEFA3/PC_G_EU4" CO2="17623.35" CO="294.83" HC="1.78" NOx="7.64" PMx="0.42" fuel="7.58" electricity="0.00" noise="76.87" route="routebottom" type="cfm-slow" waiting="0.00" lane="bottom_0" pos="10.13" speed="25.58" angle="76.18" x="85.19" y="-1.49"/>
        <vehicle id="cfm-slow_1" eclass="HBEFA3/PC_G_EU4" CO2="17051.91" CO="291.75" HC="1.76" NOx="7.33" PMx="0.41" fuel="7.33" electricity="0.00" noise="76.80" route="routebottom" type="cfm-slow" waiting="0.00" lane="bottom_0" pos="30.95" speed="27.51" angle="38.81" x="120.34" y="25.00"/>
        <vehicle id="cfm-slow_2" eclass="HBEFA3/PC_G_EU4" CO2="11536.53" CO="187.66" HC="1.15" NOx="4.69" PMx="0.27" fuel="4.96" electricity="0.00" noise="75.02" route="routebottom" type="cfm-slow" waiting="0.00" lane="right_0" pos="3.72" speed="29.09" angle="357.82" x="131.80" y="71.74"/>
        <vehicle id="cfm-slow_3" eclass="HBEFA3/PC_G_EU4" CO2="0.00" CO="0.00" HC="0.00" NOx="0.00" PMx="0.00" fuel="0.00" electricity="0.00" noise="73.18" route="routebottom" type="cfm-slow" waiting="0.00" lane="right_0" pos="28.03" speed="29.74" angle="314.01" x="107.35" y="116.55"/>
        <vehicle id="cfm-slow_4" eclass="HBEFA3/PC_G_EU4" CO2="0.00" CO="0.00" HC="0.00" NOx="0.00" PMx="0.00" fuel="0.00" electricity="0.00" noise="72.07" route="routetop" type="cfm-slow" waiting="0.00" lane="top_0" pos="2.89" speed="29.12" angle="269.31" x="57.36" y="131.98"/>
        <vehicle id="cfm-slow_5" eclass="HBEFA3/PC_G_EU4" CO2="0.00" CO="0.00" HC="0.00" NOx="0.00" PMx="0.00" fuel="0.00" electricity="0.00" noise="71.08" route="routetop" type="cfm-slow" waiting="0.00" lane="top_0" pos="27.01" speed="27.45" angle="225.91" x="12.19" y="109.02"/>
    </timestep>
    <timestep time="6.31">
        <vehicle id="cfm-fast_0" eclass="HBEFA3/PC_G_EU4" CO2="0.00" CO="0.00" HC="0.00" NOx="0.00" PMx="0.00" fuel="0.00" electricity="0.00" noise="70.16" route="routetop" type="cfm-fast" waiting="0.00" lane="top_0" pos="49.67" speed="25.37" angle="185.12" x="-4.93" y="64.47"/>
        <vehicle id="cfm-fast_1" eclass="HBEFA3/PC_G_EU4" CO2="264728.21" CO="6550.63" HC="36.54" NOx="123.39" PMx="7.39" fuel="113.79" electricity="0.00" noise="142.64" route="routebottom" type="cfm-fast" waiting="0.00" lane="right_1" pos="16.94" speed="74.22" angle="334.04" x="119.93" y="96.81"/>
        <vehicle id="cfm-fast_2" eclass="HBEFA3/PC_G_EU4" CO2="0.00" CO="0.00" HC="0.00" NOx="0.00" PMx="0.00" fuel="0.00" electricity="0.00" noise="70.12" route="routetop" type="cfm-fast" waiting="0.00" lane="left_0" pos="16.06" speed="23.74" angle="155.56" x="3.63" y="30.47"/>
        <vehicle id="cfm-fast_3" eclass="HBEFA3/PC_G_EU4" CO2="8029.46" CO="91.06" HC="0.61" NOx="3.16" PMx="0.16" fuel="3.45" electricity="0.00" noise="71.84" route="routetop" type="cfm-fast" waiting="0.00" lane="left_0" pos="30.79" speed="23.31" angle="129.11" x="24.71" y="7.18"/>
        <vehicle id="cfm-fast_4" eclass="HBEFA3/PC_G_EU4" CO2="353272.22" CO="8932.11" HC="49.63" NOx="165.05" PMx="9.93" fuel="151.85" electricity="0.00" noise="156.17" route="routetop" type="cfm-fast" waiting="0.00" lane="top_1" pos="33.79" speed="85.59" angle="213.73" x="6.65" y="95.51"/>
        <vehicle id="cfm-fast_5" eclass="HBEFA3/PC_G_EU4" CO2="14692.55" CO="229.48" HC="1.41" NOx="6.29" PMx="0.34" fuel="6.32" electricity="0.00" noise="75.13" route="routetop" type="cfm-fast" waiting="0.00" lane="left_0" pos="45.27" speed="23.92" angle="103.11" x="53.42" y="-4.18"/>
        <vehicle id="cfm-slow_0" eclass="HBEFA3/PC_G_EU4" CO2="17617.99" CO="294.79" HC="1.78" NOx="7.64" PMx="0.42" fuel="7.57" electricity="0.00" noise="76.87" route="routebottom" type="cfm-slow" waiting="0.00" lane="bottom_0" pos="10.39" speed="25.60" angle="75.76" x="85.71" y="-1.31"/>
        <vehicle id="cfm-slow_1" eclass="HBEFA3/PC_G_EU4" CO2="17000.22" CO="290.78" HC="1.75" NOx="7.30" PMx="0.41" fuel="7.31" electricity="0.00" noise="76.78" route="routebottom" type="cfm-slow" waiting="0.00" lane="bottom_0" pos="31.23" speed="27.53" angle="38.31" x="120.67" y="25.50"/>
        <vehicle id="cfm-slow_2" eclass="HBEFA3/PC_G_EU4" CO2="11445.01" CO="185.83" HC="1.14" NOx="4.65" PMx="0.27" fuel="4.92" electricity="0.00" noise="75.00" route="routebottom" type="cfm-slow" waiting="0.00" lane="right_0" pos="4.01" speed="29.10" angle="357.32" x="131.72" y="72.36"/>
        <vehicle id="cfm-slow_3" eclass="HBEFA3/PC_G_EU4" CO2="0.00" CO="0.00" HC="0.00" NOx="0.00" PMx="0.00" fuel="0.00" electricity="0.00" noise="73.16" route="routebottom" type="cfm-slow" waiting="0.00" lane="right_0" pos="28.33" speed="29.73" angle="313.52" x="106.86" y="116.96"/>
        <vehicle id="cfm-slow_4" eclass="HBEFA3/PC_G_EU4" CO2="0.00" CO="0.00" HC="0.00" NOx="0.00" PMx="0.00" fuel="0.00" electricity="0.00" noise="72.06" route="routetop" type="cfm-slow" waiting="0.00" lane="top_0" pos="3.18" speed="29.10" angle="268.79" x="56.73" y="131.92"/>
        <vehicle id="cfm-slow_5" eclass="HBEFA3/PC_G_EU4" CO2="0.00" CO="0.00" HC="0.00" NOx="0.00" PMx="0.00" fuel="0.00" electricity="0.00" noise="71.07" route="routetop" type="cfm-slow" waiting="0.00" lane="top_0" pos="27.29" speed="27.43" angle="225.39" x="11.80" y="108.57"/>
    </timestep>
    <timestep time="6.32">
        <vehicle id="cfm-fast_0" eclass="HBEFA3/PC_G_EU4" CO2="0.00" CO="0.00" HC="0.00" NOx="0.00" PMx="0.00" fuel="0.00" electricity="0.00" noise="70.15" route="routetop" type="cfm-fast" waiting="0.00" lane="top_0" pos="49.92" speed="25.36" angle="184.66" x="-4.95" y="63.93"/>
        <vehicle id="cfm-fast_1" eclass="HBEFA3/PC_G_EU4" CO2="265459.64" CO="6570.94" HC="36.65" NOx="123.74" PMx="7.41" fuel="114.11" electricity="0.00" noise="142.75" route="routebottom" type="cfm-fast" waiting="0.00" lane="right_1" pos="17.68" speed="74.34" angle="332.66" x="119.14" y="98.11"/>
        <vehicle id="cfm-fast_2" eclass="HBEFA3/PC_G_EU4" CO2="0.00" CO="0.00" HC="0.00" NOx="0.00" PMx="0.00" fuel="0.00" electricity="0.00" noise="70.13" route="routetop" type="cfm-fast" waiting="0.00" lane="left_0" pos="16.30" speed="23.74" angle="155.12" x="3.87" y="30.03"/>
        <vehicle id="cfm-fast_3" eclass="HBEFA3/PC_G_EU4" CO2="8084.55" CO="92.21" HC="0.62" NOx="3.19" PMx="0.17" fuel="3.48" electricity="0.00" noise="71.86" route="routetop" type="cfm-fast" waiting="0.00" lane="left_0" pos="31.02" speed="23.32" angle="128.69" x="25.13" y="6.90"/>
        <vehicle id="cfm-fast_4" eclass="HBEFA3/PC_G_EU4" CO2="353922.63" CO="8952.85" HC="49.75" NOx="165.35" PMx="9.95" fuel="152.13" electricity="0.00" noise="156.23" route="routetop" type="cfm-fast" waiting="0.00" lane="top_1" pos="34.65" speed="85.73" angle="212.22" x="5.80" y="93.97"/>
        <vehicle id="cfm-fast_5" eclass="HBEFA3/PC_G_EU4" CO2="14717.59" CO="230.04" HC="1.41" NOx="6.31" PMx="0.34" fuel="6.33" electricity="0.00" noise="75.15" route="routetop" type="cfm-fast" waiting="0.00" lane="left_0" pos="45.51" speed="23.93" angle="102.67" x="53.93" y="-4.25"/>
        <vehicle id="cfm-slow_0" eclass="HBEFA3/PC_G_EU4" CO2="17612.24" CO="294.75" HC="1.78" NOx="7.63" PMx="0.42" fuel="7.57" electricity="0.00" noise="76.87" route="routebottom" type="cfm-slow" waiting="0.00" lane="bottom_0" pos="10.64" speed="25.62" angle="75.28" x="86.23" y="-1.12"/>
        <vehicle id="cfm-slow_1" eclass="HBEFA3/PC_G_EU4" CO2="16948.16" CO="289.79" HC="1.74" NOx="7.28" PMx="0.41" fuel="7.29" electricity="0.00" noise="76.76" route="routebottom" type="cfm-slow" waiting="0.00" lane="bottom_0" pos="31.50" speed="27.54" angle="37.81" x="121.00" y="25.99"/>
        <vehicle id="cfm-slow_2" eclass="HBEFA3/PC_G_EU4" CO2="11353.48" CO="183.99" HC="1.12" NOx="4.60" PMx="0.27" fuel="4.88" electricity="0.00" noise="74.97" route="routebottom" type="cfm-slow" waiting="0.00" lane="right_0" pos="4.30" speed="29.11" angle="356.79" x="131.63" y="72.98"/>
        <vehicle id="cfm-slow_3" eclass="HBEFA3/PC_G_EU4" CO2="0.00" CO="0.00" HC="0.00" NOx="0.00" PMx="0.00" fuel="0.00" electricity="0.00" noise="73.15" route="routebottom" type="cfm-slow" waiting="0.00" lane="right_0" pos="28.62" speed="29.73" angle="312.98" x="106.35" y="117.36"/>
        <vehicle id="cfm-slow_4" eclass="HBEFA3/PC_G_EU4" CO2="0.00" CO="0.00" HC="0.00" NOx="0.00" PMx="0.00" fuel="0.00" electricity="0.00" noise="72.05" route="routetop" type="cfm-slow" waiting="0.00" lane="top_0" pos="3.47" speed="29.09" angle="268.27" x="56.11" y="131.85"/>
        <vehicle id="cfm-slow_5" eclass="HBEFA3/PC_G_EU4" CO2="0.00" CO="0.00" HC="0.00" NOx="0.00" PMx="0.00" fuel="0.00" electricity="0.00" noise="71.06" route="routetop" type="cfm-slow" waiting="0.00" lane="top_0" pos="27.56" speed="27.41" angle="224.88" x="11.42" y="108.12"/>
    </timestep>
    <timestep time="6.33">
        <vehicle id="cfm-fast_0" eclass="HBEFA3/PC_G_EU4" CO2="0.00" CO="0.00" HC="0.00" NOx="0.00" PMx="0.00" fuel="0.00" electricity="0.00" noise="70.15" route="routetop" type="cfm-fast" waiting="0.00" lane="left_0" pos="0.17" speed="25.34" angle="184.16" x="-4.94" y="63.19"/>
        <vehicle id="cfm-fast_1" eclass="HBEFA3/PC_G_EU4" CO2="266191.32" CO="6591.27" HC="36.76" NOx="124.08" PMx="7.43" fuel="114.42" electricity="0.00" noise="142.86" route="routebottom" type="cfm-fast" waiting="0.00" lane="right_1" pos="18.43" speed="74.45" angle="331.33" x="118.32" y="99.40"/>
        <vehicle id="cfm-fast_2" eclass="HBEFA3/PC_G_EU4" CO2="0.00" CO="0.00" HC="0.00" NOx="0.00" PMx="0.00" fuel="0.00" electricity="0.00" noise="70.14" route="routetop" type="cfm-fast" waiting="0.00" lane="left_0" pos="16.53" speed="23.73" angle="154.69" x="4.12" y="29.58"/>
        <vehicle id="cfm-fast_3" eclass="HBEFA3/PC_G_EU4" CO2="8139.44" CO="93.35" HC="0.63" NOx="3.22" PMx="0.17" fuel="3.50" electricity="0.00" noise="71.89" route="routetop" type="cfm-fast" waiting="0.00" lane="left_0" pos="31.26" speed="23.33" angle="128.27" x="25.54" y="6.63"/>
        <vehicle id="cfm-fast_4" eclass="HBEFA3/PC_G_EU4" CO2="354573.33" CO="8973.61" HC="49.86" NOx="165.66" PMx="9.97" fuel="152.41" electricity="0.00" noise="156.30" route="routetop" type="cfm-fast" waiting="0.00" lane="top_1" pos="35.50" speed="85.87" angle="210.66" x="5.02" y="92.39"/>
        <vehicle id="cfm-fast_5" eclass="HBEFA3/PC_G_EU4" CO2="14742.38" CO="230.59" HC="1.42" NOx="6.32" PMx="0.34" fuel="6.34" electricity="0.00" noise="75.17" route="routetop" type="cfm-fast" waiting="0.00" lane="left_0" pos="45.75" speed="23.95" angle="102.23" x="54.44" y="-4.32"/>
        <vehicle id="cfm-slow_0" eclass="HBEFA3/PC_G_EU4" CO2="17606.09" CO="294.69" HC="1.78" NOx="7.63" PMx="0.42" fuel="7.57" electricity="0.00" noise="76.86" route="routebottom" type="cfm-slow" waiting="0.00" lane="bottom_0" pos="10.90" speed="25.64" angle="74.80" x="86.75" y="-0.94"/>
        <vehicle id="cfm-slow_1" eclass="HBEFA3/PC_G_EU4" CO2="16895.73" CO="288.80" HC="1.74" NOx="7.25" PMx="0.41" fuel="7.26" electricity="0.00" noise="76.73" route="routebottom" type="cfm-slow" waiting="0.00" lane="bottom_0" pos="31.78" speed="27.56" angle="37.32" x="121.33" y="26.48"/>
        <vehicle id="cfm-slow_2" eclass="HBEFA3/PC_G_EU4" CO2="11261.93" CO="182.16" HC="1.11" NOx="4.56" PMx="0.27" fuel="4.84" electricity="0.00" noise="74.94" route="routebottom" type="cfm-slow" waiting="0.00" lane="right_0" pos="4.59" speed="29.12" angle="356.26" x="131.54" y="73.60"/>
        <vehicle id="cfm-slow_3" eclass="HBEFA3/PC_G_EU4" CO2="0.00" CO="0.00" HC="0.00" NOx="0.00" PMx="0.00" fuel="0.00" electricity="0.00" noise="73.13" route="routebottom" type="cfm-slow" waiting="0.00" lane="right_0" pos="28.92" speed="29.72" angle="312.44" x="105.85" y="117.75"/>
        <vehicle id="cfm-slow_4" eclass="HBEFA3/PC_G_EU4" CO2="0.00" CO="0.00" HC="0.00" NOx="0.00" PMx="0.00" fuel="0.00" electricity="0.00" noise="72.04" route="routetop" type="cfm-slow" waiting="0.00" lane="top_0" pos="3.76" speed="29.07" angle="267.75" x="55.49" y="131.79"/>
        <vehicle id="cfm-slow_5" eclass="HBEFA3/PC_G_EU4" CO2="0.00" CO="0.00" HC="0.00" NOx="0.00" PMx="0.00" fuel="0.00" electricity="0.00" noise="71.05" route="routetop" type="cfm-slow" waiting="0.00" lane="top_0" pos="27.84" speed="27.39" angle="224.37" x="11.04" y="107.67"/>
    </timestep>
    <timestep time="6.34">
        <vehicle id="cfm-fast_0" eclass="HBEFA3/PC_G_EU4" CO2="0.00" CO="0.00" HC="0.00" NOx="0.00" PMx="0.00" fuel="0.00" electricity="0.00" noise="70.14" route="routetop" type="cfm-fast" waiting="0.00" lane="left_0" pos="0.43" speed="25.33" angle="183.70" x="-4.93" y="62.65"/>
        <vehicle id="cfm-fast_1" eclass="HBEFA3/PC_G_EU4" CO2="266923.25" CO="6611.62" HC="36.87" NOx="124.43" PMx="7.45" fuel="114.74" electricity="0.00" noise="142.98" route="routebottom" type="cfm-fast" waiting="0.00" lane="right_1" pos="19.17" speed="74.57" angle="329.95" x="117.47" y="100.67"/>
        <vehicle id="cfm-fast_2" eclass="HBEFA3/PC_G_EU4" CO2="0.00" CO="0.00" HC="0.00" NOx="0.00" PMx="0.00" fuel="0.00" electricity="0.00" noise="70.15" route="routetop" type="cfm-fast" waiting="0.00" lane="left_0" pos="16.77" speed="23.73" angle="154.30" x="4.37" y="29.14"/>
        <vehicle id="cfm-fast_3" eclass="HBEFA3/PC_G_EU4" CO2="8194.12" CO="94.49" HC="0.63" NOx="3.24" PMx="0.17" fuel="3.52" electricity="0.00" noise="71.91" route="routetop" type="cfm-fast" waiting="0.00" lane="left_0" pos="31.49" speed="23.34" angle="127.85" x="25.96" y="6.35"/>
        <vehicle id="cfm-fast_4" eclass="HBEFA3/PC_G_EU4" CO2="355224.33" CO="8994.40" HC="49.97" NOx="165.97" PMx="9.99" fuel="152.69" electricity="0.00" noise="156.37" route="routetop" type="cfm-fast" waiting="0.00" lane="top_1" pos="36.36" speed="86.00" angle="209.11" x="4.26" y="90.80"/>
        <vehicle id="cfm-fast_5" eclass="HBEFA3/PC_G_EU4" CO2="14766.94" CO="231.13" HC="1.42" NOx="6.33" PMx="0.34" fuel="6.35" electricity="0.00" noise="75.18" route="routetop" type="cfm-fast" waiting="0.00" lane="left_0" pos="45.99" speed="23.97" angle="101.78" x="54.96" y="-4.39"/>
        <vehicle id="cfm-slow_0" eclass="HBEFA3/PC_G_EU4" CO2="17599.54" CO="294.63" HC="1.78" NOx="7.63" PMx="0.42" fuel="7.57" electricity="0.00" noise="76.86" route="routebottom" type="cfm-slow" waiting="0.00" lane="bottom_0" pos="11.15" speed="25.66" angle="74.32" x="87.26" y="-0.75"/>
        <vehicle id="cfm-slow_1" eclass="HBEFA3/PC_G_EU4" CO2="16842.92" CO="287.80" HC="1.73" NOx="7.23" PMx="0.41" fuel="7.24" electricity="0.00" noise="76.71" route="routebottom" type="cfm-slow" waiting="0.00" lane="bottom_0" pos="32.06" speed="27.58" angle="36.89" x="121.66" y="26.97"/>
        <vehicle id="cfm-slow_2" eclass="HBEFA3/PC_G_EU4" CO2="11170.39" CO="180.32" HC="1.10" NOx="4.52" PMx="0.26" fuel="4.80" electricity="0.00" noise="74.92" route="routebottom" type="cfm-slow" waiting="0.00" lane="right_0" pos="4.88" speed="29.12" angle="355.74" x="131.45" y="74.22"/>
        <vehicle id="cfm-slow_3" eclass="HBEFA3/PC_G_EU4" CO2="0.00" CO="0.00" HC="0.00" NOx="0.00" PMx="0.00" fuel="0.00" electricity="0.00" noise="73.12" route="routebottom" type="cfm-slow" waiting="0.00" lane="right_0" pos="29.22" speed="29.72" angle="311.90" x="105.35" y="118.14"/>
        <vehicle id="cfm-slow_4" eclass="HBEFA3/PC_G_EU4" CO2="0.00" CO="0.00" HC="0.00" NOx="0.00" PMx="0.00" fuel="0.00" electricity="0.00" noise="72.03" route="routetop" type="cfm-slow" waiting="0.00" lane="top_0" pos="4.06" speed="29.06" angle="267.24" x="54.87" y="131.71"/>
        <vehicle id="cfm-slow_5" eclass="HBEFA3/PC_G_EU4" CO2="0.00" CO="0.00" HC="0.00" NOx="0.00" PMx="0.00" fuel="0.00" electricity="0.00" noise="71.04" route="routetop" type="cfm-slow" waiting="0.00" lane="top_0" pos="28.11" speed="27.37" angle="223.87" x="10.66" y="107.22"/>
    </timestep>
    <timestep time="6.35">
        <vehicle id="cfm-fast_0" eclass="HBEFA3/PC_G_EU4" CO2="0.00" CO="0.00" HC="0.00" NOx="0.00" PMx="0.00" fuel="0.00" electricity="0.00" noise="70.14" route="routetop" type="cfm-fast" waiting="0.00" lane="left_0" pos="0.68" speed="25.32" angle="183.25" x="-4.92" y="62.10"/>
        <vehicle id="cfm-fast_1" eclass="HBEFA3/PC_G_EU4" CO2="267655.42" CO="6632.00" HC="36.98" NOx="124.77" PMx="7.47" fuel="115.05" electricity="0.00" noise="143.09" route="routebottom" type="cfm-fast" waiting="0.00" lane="right_1" pos="19.92" speed="74.69" angle="328.59" x="116.58" y="101.91"/>
        <vehicle id="cfm-fast_2" eclass="HBEFA3/PC_G_EU4" CO2="0.00" CO="0.00" HC="0.00" NOx="0.00" PMx="0.00" fuel="0.00" electricity="0.00" noise="70.16" route="routetop" type="cfm-fast" waiting="0.00" lane="left_0" pos="17.01" speed="23.73" angle="153.86" x="4.64" y="28.70"/>
        <vehicle id="cfm-fast_3" eclass="HBEFA3/PC_G_EU4" CO2="8248.61" CO="95.63" HC="0.64" NOx="3.27" PMx="0.17" fuel="3.55" electricity="0.00" noise="71.93" route="routetop" type="cfm-fast" waiting="0.00" lane="left_0" pos="31.72" speed="23.34" angle="127.42" x="26.38" y="6.07"/>
        <vehicle id="cfm-fast_4" eclass="HBEFA3/PC_G_EU4" CO2="355875.61" CO="9015.21" HC="50.08" NOx="166.27" PMx="10.01" fuel="152.97" electricity="0.00" noise="156.43" route="routetop" type="cfm-fast" waiting="0.00" lane="top_1" pos="37.23" speed="86.14" angle="207.55" x="3.54" y="89.19"/>
        <vehicle id="cfm-fast_5" eclass="HBEFA3/PC_G_EU4" CO2="14791.25" CO="231.68" HC="1.42" NOx="6.34" PMx="0.34" fuel="6.36" electricity="0.00" noise="75.20" route="routetop" type="cfm-fast" waiting="0.00" lane="left_0" pos="46.23" speed="23.98" angle="101.40" x="55.47" y="-4.46"/>
        <vehicle id="cfm-slow_0" eclass="HBEFA3/PC_G_EU4" CO2="17592.60" CO="294.56" HC="1.78" NOx="7.62" PMx="0.42" fuel="7.56" electricity="0.00" noise="76.86" route="routebottom" type="cfm-slow" waiting="0.00" lane="bottom_0" pos="11.41" speed="25.68" angle="73.86" x="87.78" y="-0.56"/>
        <vehicle id="cfm-slow_1" eclass="HBEFA3/PC_G_EU4" CO2="16789.74" CO="286.79" HC="1.73" NOx="7.20" PMx="0.40" fuel="7.22" electricity="0.00" noise="76.69" route="routebottom" type="cfm-slow" waiting="0.00" lane="bottom_0" pos="32.33" speed="27.59" angle="36.38" x="121.96" y="27.48"/>
        <vehicle id="cfm-slow_2" eclass="HBEFA3/PC_G_EU4" CO2="11078.85" CO="178.49" HC="1.09" NOx="4.47" PMx="0.26" fuel="4.76" electricity="0.00" noise="74.89" route="routebottom" type="cfm-slow" waiting="0.00" lane="right_0" pos="5.17" speed="29.13" angle="355.16" x="131.36" y="74.84"/>
        <vehicle id="cfm-slow_3" eclass="HBEFA3/PC_G_EU4" CO2="0.00" CO="0.00" HC="0.00" NOx="0.00" PMx="0.00" fuel="0.00" electricity="0.00" noise="73.10" route="routebottom" type="cfm-slow" waiting="0.00" lane="right_0" pos="29.52" speed="29.71" angle="311.41" x="104.84" y="118.54"/>
        <vehicle id="cfm-slow_4" eclass="HBEFA3/PC_G_EU4" CO2="0.00" CO="0.00" HC="0.00" NOx="0.00" PMx="0.00" fuel="0.00" electricity="0.00" noise="72.02" route="routetop" type="cfm-slow" waiting="0.00" lane="top_0" pos="4.35" speed="29.04" angle="266.72" x="54.25" y="131.62"/>
        <vehicle id="cfm-slow_5" eclass="HBEFA3/PC_G_EU4" CO2="0.00" CO="0.00" HC="0.00" NOx="0.00" PMx="0.00" fuel="0.00" electricity="0.00" noise="71.03" route="routetop" type="cfm-slow" waiting="0.00" lane="top_0" pos="28.38" speed="27.35" angle="223.43" x="10.29" y="106.77"/>
    </timestep>
    <timestep time="6.36">
        <vehicle id="cfm-fast_0" eclass="HBEFA3/PC_G_EU4" CO2="0.00" CO="0.00" HC="0.00" NOx="0.00" PMx="0.00" fuel="0.00" electricity="0.00" noise="70.14" route="routetop" type="cfm-fast" waiting="0.00" lane="left_0" pos="0.93" speed="25.30" angle="182.79" x="-4.90" y="61.56"/>
        <vehicle id="cfm-fast_1" eclass="HBEFA3/PC_G_EU4" CO2="268387.83" CO="6652.40" HC="37.09" NOx="125.11" PMx="7.50" fuel="115.37" electricity="0.00" noise="143.20" route="routebottom" type="cfm-fast" waiting="0.00" lane="right_1" pos="20.67" speed="74.81" angle="327.26" x="115.67" y="103.15"/>
        <vehicle id="cfm-fast_2" eclass="HBEFA3/PC_G_EU4" CO2="0.00" CO="0.00" HC="0.00" NOx="0.00" PMx="0.00" fuel="0.00" electricity="0.00" noise="70.17" route="routetop" type="cfm-fast" waiting="0.00" lane="left_0" pos="17.25" speed="23.72" angle="153.43" x="4.90" y="28.26"/>
        <vehicle id="cfm-fast_3" eclass="HBEFA3/PC_G_EU4" CO2="8302.89" CO="96.76" HC="0.65" NOx="3.29" PMx="0.17" fuel="3.57" electricity="0.00" noise="71.96" route="routetop" type="cfm-fast" waiting="0.00" lane="left_0" pos="31.96" speed="23.35" angle="127.02" x="26.80" y="5.79"/>
        <vehicle id="cfm-fast_4" eclass="HBEFA3/PC_G_EU4" CO2="356527.19" CO="9036.03" HC="50.19" NOx="166.58" PMx="10.03" fuel="153.25" electricity="0.00" noise="156.50" route="routetop" type="cfm-fast" waiting="0.00" lane="top_1" pos="38.09" speed="86.27" angle="205.91" x="2.89" y="87.54"/>
        <vehicle id="cfm-fast_5" eclass="HBEFA3/PC_G_EU4" CO2="14815.33" CO="232.21" HC="1.42" NOx="6.35" PMx="0.34" fuel="6.37" electricity="0.00" noise="75.21" route="routetop" type="cfm-fast" waiting="0.00" lane="left_0" pos="46.47" speed="24.00" angle="100.96" x="55.98" y="-4.51"/>
        <vehicle id="cfm-slow_0" eclass="HBEFA3/PC_G_EU4" CO2="17585.26" CO="294.49" HC="1.78" NOx="7.62" PMx="0.42" fuel="7.56" electricity="0.00" noise="76.86" route="routebottom" type="cfm-slow" waiting="0.00" lane="bottom_0" pos="11.67" speed="25.70" angle="73.44" x="88.30" y="-0.37"/>
        <vehicle id="cfm-slow_1" eclass="HBEFA3/PC_G_EU4" CO2="16736.20" CO="285.78" HC="1.72" NOx="7.18" PMx="0.40" fuel="7.19" electricity="0.00" noise="76.67" route="routebottom" type="cfm-slow" waiting="0.00" lane="bottom_0" pos="32.61" speed="27.61" angle="35.86" x="122.26" y="27.99"/>
        <vehicle id="cfm-slow_2" eclass="HBEFA3/PC_G_EU4" CO2="10987.32" CO="176.65" HC="1.08" NOx="4.43" PMx="0.26" fuel="4.72" electricity="0.00" noise="74.87" route="routebottom" type="cfm-slow" waiting="0.00" lane="right_0" pos="5.47" speed="29.14" angle="354.62" x="131.24" y="75.46"/>
        <vehicle id="cfm-slow_3" eclass="HBEFA3/PC_G_EU4" CO2="0.00" CO="0.00" HC="0.00" NOx="0.00" PMx="0.00" fuel="0.00" electricity="0.00" noise="73.09" route="routebottom" type="cfm-slow" waiting="0.00" lane="right_0" pos="29.81" speed="29.71" angle="310.86" x="104.32" y="118.91"/>
        <vehicle id="cfm-slow_4" eclass="HBEFA3/PC_G_EU4" CO2="0.00" CO="0.00" HC="0.00" NOx="0.00" PMx="0.00" fuel="0.00" electricity="0.00" noise="72.01" route="routetop" type="cfm-slow" waiting="0.00" lane="top_0" pos="4.64" speed="29.03" angle="266.19" x="53.63" y="131.53"/>
        <vehicle id="cfm-slow_5" eclass="HBEFA3/PC_G_EU4" CO2="0.00" CO="0.00" HC="0.00" NOx="0.00" PMx="0.00" fuel="0.00" electricity="0.00" noise="71.02" route="routetop" type="cfm-slow" waiting="0.00" lane="top_0" pos="28.66" speed="27.33" angle="222.93" x="9.92" y="106.30"/>
    </timestep>
    <timestep time="6.37">
        <vehicle id="cfm-fast_0" eclass="HBEFA3/PC_G_EU4" CO2="0.00" CO="0.00" HC="0.00" NOx="0.00" PMx="0.00" fuel="0.00" electricity="0.00" noise="70.13" route="routetop" type="cfm-fast" waiting="0.00" lane="left_0" pos="1.19" speed="25.29" angle="182.33" x="-4.89" y="61.02"/>
        <vehicle id="cfm-fast_1" eclass="HBEFA3/PC_G_EU4" CO2="269120.48" CO="6672.81" HC="37.21" NOx="125.46" PMx="7.52" fuel="115.68" electricity="0.00" noise="143.31" route="routebottom" type="cfm-fast" waiting="0.00" lane="right_1" pos="21.42" speed="74.93" angle="325.89" x="114.72" y="104.36"/>
        <vehicle id="cfm-fast_2" eclass="HBEFA3/PC_G_EU4" CO2="0.00" CO="0.00" HC="0.00" NOx="0.00" PMx="0.00" fuel="0.00" electricity="0.00" noise="70.18" route="routetop" type="cfm-fast" waiting="0.00" lane="left_0" pos="17.48" speed="23.72" angle="152.99" x="5.16" y="27.82"/>
        <vehicle id="cfm-fast_3" eclass="HBEFA3/PC_G_EU4" CO2="8356.97" CO="97.89" HC="0.65" NOx="3.32" PMx="0.17" fuel="3.59" electricity="0.00" noise="71.98" route="routetop" type="cfm-fast" waiting="0.00" lane="left_0" pos="32.19" speed="23.36" angle="126.64" x="27.22" y="5.52"/>
        <vehicle id="cfm-fast_4" eclass="HBEFA3/PC_G_EU4" CO2="357179.06" CO="9056.88" HC="50.30" NOx="166.88" PMx="10.05" fuel="153.53" electricity="0.00" noise="156.56" route="routetop" type="cfm-fast" waiting="0.00" lane="top_1" pos="38.95" speed="86.41" angle="204.37" x="2.26" y="85.89"/>
        <vehicle id="cfm-fast_5" eclass="HBEFA3/PC_G_EU4" CO2="14839.15" CO="232.74" HC="1.43" NOx="6.36" PMx="0.34" fuel="6.38" electricity="0.00" noise="75.23" route="routetop" type="cfm-fast" waiting="0.00" lane="left_0" pos="46.71" speed="24.02" angle="100.52" x="56.50" y="-4.56"/>
        <vehicle id="cfm-slow_0" eclass="HBEFA3/PC_G_EU4" CO2="17577.52" CO="294.40" HC="1.78" NOx="7.61" PMx="0.42" fuel="7.56" electricity="0.00" noise="76.85" route="routebottom" type="cfm-slow" waiting="0.00" lane="bottom_0" pos="11.93" speed="25.72" angle="72.98" x="88.81" y="-0.16"/>
        <vehicle id="cfm-slow_1" eclass="HBEFA3/PC_G_EU4" CO2="16682.30" CO="284.76" HC="1.71" NOx="7.15" PMx="0.40" fuel="7.17" electricity="0.00" noise="76.65" route="routebottom" type="cfm-slow" waiting="0.00" lane="bottom_0" pos="32.88" speed="27.62" angle="35.34" x="122.57" y="28.50"/>
        <vehicle id="cfm-slow_2" eclass="HBEFA3/PC_G_EU4" CO2="10895.79" CO="174.81" HC="1.07" NOx="4.39" PMx="0.26" fuel="4.68" electricity="0.00" noise="74.84" route="routebottom" type="cfm-slow" waiting="0.00" lane="right_0" pos="5.76" speed="29.14" angle="354.07" x="131.13" y="76.08"/>
        <vehicle id="cfm-slow_3" eclass="HBEFA3/PC_G_EU4" CO2="0.00" CO="0.00" HC="0.00" NOx="0.00" PMx="0.00" fuel="0.00" electricity="0.00" noise="73.08" route="routebottom" type="cfm-slow" waiting="0.00" lane="right_0" pos="30.11" speed="29.70" angle="310.31" x="103.80" y="119.28"/>
        <vehicle id="cfm-slow_4" eclass="HBEFA3/PC_G_EU4" CO2="0.00" CO="0.00" HC="0.00" NOx="0.00" PMx="0.00" fuel="0.00" electricity="0.00" noise="72.00" route="routetop" type="cfm-slow" waiting="0.00" lane="top_0" pos="4.93" speed="29.01" angle="265.67" x="53.01" y="131.44"/>
        <vehicle id="cfm-slow_5" eclass="HBEFA3/PC_G_EU4" CO2="0.00" CO="0.00" HC="0.00" NOx="0.00" PMx="0.00" fuel="0.00" electricity="0.00" noise="71.01" route="routetop" type="cfm-slow" waiting="0.00" lane="top_0" pos="28.93" speed="27.31" angle="222.43" x="9.56" y="105.84"/>
    </timestep>
    <timestep time="6.38">
        <vehicle id="cfm-fast_0" eclass="HBEFA3/PC_G_EU4" CO2="0.00" CO="0.00" HC="0.00" NOx="0.00" PMx="0.00" fuel="0.00" electricity="0.00" noise="70.13" route="routetop" type="cfm-fast" waiting="0.00" lane="left_0" pos="1.44" speed="25.27" angle="181.89" x="-4.86" y="60.47"/>
        <vehicle id="cfm-fast_1" eclass="HBEFA3/PC_G_EU4" CO2="269853.35" CO="6693.26" HC="37.32" NOx="125.80" PMx="7.54" fuel="116.00" electricity="0.00" noise="143.42" route="routebottom" type="cfm-fast" waiting="0.00" lane="right_1" pos="22.17" speed="75.05" angle="324.57" x="113.75" y="105.55"/>
        <vehicle id="cfm-fast_2" eclass="HBEFA3/PC_G_EU4" CO2="0.00" CO="0.00" HC="0.00" NOx="0.00" PMx="0.00" fuel="0.00" electricity="0.00" noise="70.20" route="routetop" type="cfm-fast" waiting="0.00" lane="left_0" pos="17.72" speed="23.72" angle="152.56" x="5.43" y="27.39"/>
        <vehicle id="cfm-fast_3" eclass="HBEFA3/PC_G_EU4" CO2="8410.84" CO="99.01" HC="0.66" NOx="3.34" PMx="0.17" fuel="3.62" electricity="0.00" noise="72.01" route="routetop" type="cfm-fast" waiting="0.00" lane="left_0" pos="32.42" speed="23.37" angle="126.20" x="27.65" y="5.26"/>
        <vehicle id="cfm-fast_4" eclass="HBEFA3/PC_G_EU4" CO2="357831.22" CO="9077.75" HC="50.42" NOx="167.19" PMx="10.07" fuel="153.81" electricity="0.00" noise="156.63" route="routetop" type="cfm-fast" waiting="0.00" lane="top_1" pos="39.82" speed="86.55" angle="202.85" x="1.67" y="84.21"/>
        <vehicle id="cfm-fast_5" eclass="HBEFA3/PC_G_EU4" CO2="14862.74" CO="233.27" HC="1.43" NOx="6.37" PMx="0.34" fuel="6.39" electricity="0.00" noise="75.24" route="routetop" type="cfm-fast" waiting="0.00" lane="left_0" pos="46.95" speed="24.04" angle="100.08" x="57.01" y="-4.61"/>
        <vehicle id="cfm-slow_0" eclass="HBEFA3/PC_G_EU4" CO2="17569.38" CO="294.31" HC="1.78" NOx="7.61" PMx="0.42" fuel="7.55" electricity="0.00" noise="76.85" route="routebottom" type="cfm-slow" waiting="0.00" lane="bottom_0" pos="12.18" speed="25.74" angle="72.53" x="89.33" y="0.05"/>
        <vehicle id="cfm-slow_1" eclass="HBEFA3/PC_G_EU4" CO2="16628.03" CO="283.73" HC="1.71" NOx="7.12" PMx="0.40" fuel="7.15" electricity="0.00" noise="76.63" route="routebottom" type="cfm-slow" waiting="0.00" lane="bottom_0" pos="33.16" speed="27.64" angle="34.83" x="122.87" y="29.01"/>
        <vehicle id="cfm-slow_2" eclass="HBEFA3/PC_G_EU4" CO2="10804.29" CO="172.98" HC="1.06" NOx="4.34" PMx="0.25" fuel="4.64" electricity="0.00" noise="74.82" route="routebottom" type="cfm-slow" waiting="0.00" lane="right_0" pos="6.05" speed="29.15" angle="353.53" x="131.02" y="76.69"/>
        <vehicle id="cfm-slow_3" eclass="HBEFA3/PC_G_EU4" CO2="0.00" CO="0.00" HC="0.00" NOx="0.00" PMx="0.00" fuel="0.00" electricity="0.00" noise="73.06" route="routebottom" type="cfm-slow" waiting="0.00" lane="right_0" pos="30.41" speed="29.70" angle="309.76" x="103.29" y="119.66"/>
        <vehicle id="cfm-slow_4" eclass="HBEFA3/PC_G_EU4" CO2="0.00" CO="0.00" HC="0.00" NOx="0.00" PMx="0.00" fuel="0.00" electricity="0.00" noise="71.99" route="routetop" type="cfm-slow" waiting="0.00" lane="top_0" pos="5.22" speed="28.99" angle="265.09" x="52.40" y="131.34"/>
        <vehicle id="cfm-slow_5" eclass="HBEFA3/PC_G_EU4" CO2="0.00" CO="0.00" HC="0.00" NOx="0.00" PMx="0.00" fuel="0.00" electricity="0.00" noise="71.01" route="routetop" type="cfm-slow" waiting="0.00" lane="top_0" pos="29.20" speed="27.30" angle="221.93" x="9.20" y="105.38"/>
    </timestep>
    <timestep time="6.39">
        <vehicle id="cfm-fast_0" eclass="HBEFA3/PC_G_EU4" CO2="0.00" CO="0.00" HC="0.00" NOx="0.00" PMx="0.00" fuel="0.00" electricity="0.00" noise="70.13" route="routetop" type="cfm-fast" waiting="0.00" lane="left_0" pos="1.69" speed="25.26" angle="181.44" x="-4.83" y="59.93"/>
        <vehicle id="cfm-fast_1" eclass="HBEFA3/PC_G_EU4" CO2="270586.44" CO="6713.72" HC="37.43" NOx="126.15" PMx="7.56" fuel="116.31" electricity="0.00" noise="143.53" route="routebottom" type="cfm-fast" waiting="0.00" lane="right_1" pos="22.92" speed="75.17" angle="323.20" x="112.76" y="106.73"/>
        <vehicle id="cfm-fast_2" eclass="HBEFA3/PC_G_EU4" CO2="0.00" CO="0.00" HC="0.00" NOx="0.00" PMx="0.00" fuel="0.00" electricity="0.00" noise="70.21" route="routetop" type="cfm-fast" waiting="0.00" lane="left_0" pos="17.96" speed="23.71" angle="152.19" x="5.69" y="26.95"/>
        <vehicle id="cfm-fast_3" eclass="HBEFA3/PC_G_EU4" CO2="8464.50" CO="100.13" HC="0.66" NOx="3.37" PMx="0.18" fuel="3.64" electricity="0.00" noise="72.03" route="routetop" type="cfm-fast" waiting="0.00" lane="left_0" pos="32.66" speed="23.37" angle="125.76" x="28.09" y="5.01"/>
        <vehicle id="cfm-fast_4" eclass="HBEFA3/PC_G_EU4" CO2="358483.67" CO="9098.65" HC="50.53" NOx="167.50" PMx="10.09" fuel="154.09" electricity="0.00" noise="156.70" route="routetop" type="cfm-fast" waiting="0.00" lane="top_1" pos="40.69" speed="86.68" angle="201.23" x="1.14" y="82.52"/>
        <vehicle id="cfm-fast_5" eclass="HBEFA3/PC_G_EU4" CO2="14886.07" CO="233.79" HC="1.43" NOx="6.38" PMx="0.34" fuel="6.40" electricity="0.00" noise="75.26" route="routetop" type="cfm-fast" waiting="0.00" lane="left_0" pos="47.19" speed="24.05" angle="99.64" x="57.52" y="-4.67"/>
        <vehicle id="cfm-slow_0" eclass="HBEFA3/PC_G_EU4" CO2="17560.85" CO="294.21" HC="1.78" NOx="7.61" PMx="0.42" fuel="7.55" electricity="0.00" noise="76.85" route="routebottom" type="cfm-slow" waiting="0.00" lane="bottom_0" pos="12.44" speed="25.76" angle="72.07" x="89.84" y="0.25"/>
        <vehicle id="cfm-slow_1" eclass="HBEFA3/PC_G_EU4" CO2="16573.41" CO="282.69" HC="1.70" NOx="7.10" PMx="0.40" fuel="7.12" electricity="0.00" noise="76.60" route="routebottom" type="cfm-slow" waiting="0.00" lane="bottom_0" pos="33.44" speed="27.66" angle="34.37" x="123.17" y="29.53"/>
        <vehicle id="cfm-slow_2" eclass="HBEFA3/PC_G_EU4" CO2="10712.80" CO="171.14" HC="1.05" NOx="4.30" PMx="0.25" fuel="4.60" electricity="0.00" noise="74.79" route="routebottom" type="cfm-slow" waiting="0.00" lane="right_0" pos="6.34" speed="29.16" angle="353.03" x="130.90" y="77.31"/>
        <vehicle id="cfm-slow_3" eclass="HBEFA3/PC_G_EU4" CO2="0.00" CO="0.00" HC="0.00" NOx="0.00" PMx="0.00" fuel="0.00" electricity="0.00" noise="73.05" route="routebottom" type="cfm-slow" waiting="0.00" lane="right_0" pos="30.70" speed="29.69" angle="309.23" x="102.77" y="120.03"/>
        <vehicle id="cfm-slow_4" eclass="HBEFA3/PC_G_EU4" CO2="0.00" CO="0.00" HC="0.00" NOx="0.00" PMx="0.00" fuel="0.00" electricity="0.00" noise="71.98" route="routetop" type="cfm-slow" waiting="0.00" lane="top_0" pos="5.51" speed="28.98" angle="264.55" x="51.79" y="131.23"/>
        <vehicle id="cfm-slow_5" eclass="HBEFA3/PC_G_EU4" CO2="0.00" CO="0.00" HC="0.00" NOx="0.00" PMx="0.00" fuel="0.00" electricity="0.00" noise="71.00" route="routetop" type="cfm-slow" waiting="0.00" lane="top_0" pos="29.48" speed="27.28" angle="221.48" x="8.84" y="104.92"/>
    </timestep>
    <timestep time="6.40">
        <vehicle id="cfm-fast_0" eclass="HBEFA3/PC_G_EU4" CO2="0.00" CO="0.00" HC="0.00" NOx="0.00" PMx="0.00" fuel="0.00" electricity="0.00" noise="70.12" route="routetop" type="cfm-fast" waiting="0.00" lane="left_0" pos="1.94" speed="25.24" angle="180.99" x="-4.80" y="59.39"/>
        <vehicle id="cfm-fast_1" eclass="HBEFA3/PC_G_EU4" CO2="271319.75" CO="6734.20" HC="37.54" NOx="126.49" PMx="7.58" fuel="116.63" electricity="0.00" noise="143.64" route="routebottom" type="cfm-fast" waiting="0.00" lane="right_1" pos="23.67" speed="75.29" angle="321.90" x="111.72" y="107.88"/>
        <vehicle id="cfm-fast_2" eclass="HBEFA3/PC_G_EU4" CO2="0.00" CO="0.00" HC="0.00" NOx="0.00" PMx="0.00" fuel="0.00" electricity="0.00" noise="70.22" route="routetop" type="cfm-fast" waiting="0.00" lane="left_0" pos="18.19" speed="23.71" angle="151.75" x="5.97" y="26.53"/>
        <vehicle id="cfm-fast_3" eclass="HBEFA3/PC_G_EU4" CO2="8517.96" CO="101.24" HC="0.67" NOx="3.39" PMx="0.18" fuel="3.66" electricity="0.00" noise="72.06" route="routetop" type="cfm-fast" waiting="0.00" lane="left_0" pos="32.89" speed="23.38" angle="125.33" x="28.52" y="4.75"/>
        <vehicle id="cfm-fast_4" eclass="HBEFA3/PC_G_EU4" CO2="359136.42" CO="9119.56" HC="50.64" NOx="167.80" PMx="10.11" fuel="154.38" electricity="0.00" noise="156.76" route="routetop" type="cfm-fast" waiting="0.00" lane="top_1" pos="41.55" speed="86.82" angle="199.68" x="0.65" y="80.80"/>
        <vehicle id="cfm-fast_5" eclass="HBEFA3/PC_G_EU4" CO2="14909.15" CO="234.31" HC="1.44" NOx="6.39" PMx="0.35" fuel="6.41" electricity="0.00" noise="75.27" route="routetop" type="cfm-fast" waiting="0.00" lane="left_0" pos="47.43" speed="24.07" angle="99.23" x="58.04" y="-4.72"/>
        <vehicle id="cfm-slow_0" eclass="HBEFA3/PC_G_EU4" CO2="17551.91" CO="294.10" HC="1.78" NOx="7.60" PMx="0.42" fuel="7.54" electricity="0.00" noise="76.85" route="routebottom" type="cfm-slow" waiting="0.00" lane="bottom_0" pos="12.70" speed="25.78" angle="71.62" x="90.36" y="0.46"/>
        <vehicle id="cfm-slow_1" eclass="HBEFA3/PC_G_EU4" CO2="16518.43" CO="281.64" HC="1.70" NOx="7.07" PMx="0.40" fuel="7.10" electricity="0.00" noise="76.58" route="routebottom" type="cfm-slow" waiting="0.00" lane="bottom_0" pos="33.71" speed="27.67" angle="33.86" x="123.46" y="30.05"/>
        <vehicle id="cfm-slow_2" eclass="HBEFA3/PC_G_EU4" CO2="10621.34" CO="169.30" HC="1.04" NOx="4.26" PMx="0.25" fuel="4.57" electricity="0.00" noise="74.77" route="routebottom" type="cfm-slow" waiting="0.00" lane="right_0" pos="6.63" speed="29.17" angle="352.50" x="130.77" y="77.92"/>
        <vehicle id="cfm-slow_3" eclass="HBEFA3/PC_G_EU4" CO2="0.00" CO="0.00" HC="0.00" NOx="0.00" PMx="0.00" fuel="0.00" electricity="0.00" noise="73.03" route="routebottom" type="cfm-slow" waiting="0.00" lane="right_0" pos="31.00" speed="29.69" angle="308.73" x="102.24" y="120.39"/>
        <vehicle id="cfm-slow_4" eclass="HBEFA3/PC_G_EU4" CO2="0.00" CO="0.00" HC="0.00" NOx="0.00" PMx="0.00" fuel="0.00" electricity="0.00" noise="71.97" route="routetop" type="cfm-slow" waiting="0.00" lane="top_0" pos="5.80" speed="28.96" angle="264.01" x="51.17" y="131.12"/>
        <vehicle id="cfm-slow_5" eclass="HBEFA3/PC_G_EU4" CO2="0.00" CO="0.00" HC="0.00" NOx="0.00" PMx="0.00" fuel="0.00" electricity="0.00" noise="70.99" route="routetop" type="cfm-slow" waiting="0.00" lane="top_0" pos="29.75" speed="27.26" angle="220.99" x="8.49" y="104.44"/>
    </timestep>
    <timestep time="6.41">
        <vehicle id="cfm-fast_0" eclass="HBEFA3/PC_G_EU4" CO2="0.00" CO="0.00" HC="0.00" NOx="0.00" PMx="0.00" fuel="0.00" electricity="0.00" noise="70.12" route="routetop" type="cfm-fast" waiting="0.00" lane="left_0" pos="2.20" speed="25.23" angle="180.53" x="-4.77" y="58.85"/>
        <vehicle id="cfm-fast_1" eclass="HBEFA3/PC_G_EU4" CO2="272053.27" CO="6754.71" HC="37.65" NOx="126.84" PMx="7.60" fuel="116.94" electricity="0.00" noise="143.76" route="routebottom" type="cfm-fast" waiting="0.00" lane="right_1" pos="24.43" speed="75.40" angle="320.58" x="110.66" y="109.01"/>
        <vehicle id="cfm-fast_2" eclass="HBEFA3/PC_G_EU4" CO2="0.00" CO="0.00" HC="0.00" NOx="0.00" PMx="0.00" fuel="0.00" electricity="0.00" noise="70.23" route="routetop" type="cfm-fast" waiting="0.00" lane="left_0" pos="18.43" speed="23.71" angle="151.30" x="6.25" y="26.10"/>
        <vehicle id="cfm-fast_3" eclass="HBEFA3/PC_G_EU4" CO2="8571.21" CO="102.35" HC="0.68" NOx="3.42" PMx="0.18" fuel="3.68" electricity="0.00" noise="72.08" route="routetop" type="cfm-fast" waiting="0.00" lane="left_0" pos="33.13" speed="23.39" angle="124.89" x="28.95" y="4.49"/>
        <vehicle id="cfm-fast_4" eclass="HBEFA3/PC_G_EU4" CO2="359789.46" CO="9140.50" HC="50.75" NOx="168.11" PMx="10.13" fuel="154.66" electricity="0.00" noise="156.83" route="routetop" type="cfm-fast" waiting="0.00" lane="top_1" pos="42.42" speed="86.96" angle="198.16" x="0.20" y="79.08"/>
        <vehicle id="cfm-fast_5" eclass="HBEFA3/PC_G_EU4" CO2="14931.99" CO="234.82" HC="1.44" NOx="6.40" PMx="0.35" fuel="6.42" electricity="0.00" noise="75.28" route="routetop" type="cfm-fast" waiting="0.00" lane="left_0" pos="47.67" speed="24.09" angle="98.80" x="58.56" y="-4.75"/>
        <vehicle id="cfm-slow_0" eclass="HBEFA3/PC_G_EU4" CO2="17542.58" CO="293.98" HC="1.78" NOx="7.60" PMx="0.42" fuel="7.54" electricity="0.00" noise="76.84" route="routebottom" type="cfm-slow" waiting="0.00" lane="bottom_0" pos="12.96" speed="25.80" angle="71.19" x="90.87" y="0.68"/>
        <vehicle id="cfm-slow_1" eclass="HBEFA3/PC_G_EU4" CO2="16463.10" CO="280.59" HC="1.69" NOx="7.05" PMx="0.40" fuel="7.08" electricity="0.00" noise="76.56" route="routebottom" type="cfm-slow" waiting="0.00" lane="bottom_0" pos="33.99" speed="27.69" angle="33.35" x="123.75" y="30.57"/>
        <vehicle id="cfm-slow_2" eclass="HBEFA3/PC_G_EU4" CO2="10529.91" CO="167.46" HC="1.03" NOx="4.21" PMx="0.25" fuel="4.53" electricity="0.00" noise="74.74" route="routebottom" type="cfm-slow" waiting="0.00" lane="right_0" pos="6.92" speed="29.17" angle="351.95" x="130.63" y="78.54"/>
        <vehicle id="cfm-slow_3" eclass="HBEFA3/PC_G_EU4" CO2="0.00" CO="0.00" HC="0.00" NOx="0.00" PMx="0.00" fuel="0.00" electricity="0.00" noise="73.02" route="routebottom" type="cfm-slow" waiting="0.00" lane="right_0" pos="31.30" speed="29.68" angle="308.19" x="101.71" y="120.74"/>
        <vehicle id="cfm-slow_4" eclass="HBEFA3/PC_G_EU4" CO2="0.00" CO="0.00" HC="0.00" NOx="0.00" PMx="0.00" fuel="0.00" electricity="0.00" noise="71.96" route="routetop" type="cfm-slow" waiting="0.00" lane="top_0" pos="6.08" speed="28.95" angle="263.47" x="50.56" y="131.00"/>
        <vehicle id="cfm-slow_5" eclass="HBEFA3/PC_G_EU4" CO2="0.00" CO="0.00" HC="0.00" NOx="0.00" PMx="0.00" fuel="0.00" electricity="0.00" noise="70.98" route="routetop" type="cfm-slow" waiting="0.00" lane="top_0" pos="30.02" speed="27.24" angle="220.48" x="8.15" y="103.96"/>
    </timestep>
    <timestep time="6.42">
        <vehicle id="cfm-fast_0" eclass="HBEFA3/PC_G_EU4" CO2="0.00" CO="0.00" HC="0.00" NOx="0.00" PMx="0.00" fuel="0.00" electricity="0.00" noise="70.12" route="routetop" type="cfm-fast" waiting="0.00" lane="left_0" pos="2.45" speed="25.22" angle="180.08" x="-4.74" y="58.31"/>
        <vehicle id="cfm-fast_1" eclass="HBEFA3/PC_G_EU4" CO2="272786.99" CO="6775.24" HC="37.77" NOx="127.18" PMx="7.62" fuel="117.26" electricity="0.00" noise="143.87" route="routebottom" type="cfm-fast" waiting="0.00" lane="right_1" pos="25.18" speed="75.52" angle="319.20" x="109.57" y="110.10"/>
        <vehicle id="cfm-fast_2" eclass="HBEFA3/PC_G_EU4" CO2="0.00" CO="0.00" HC="0.00" NOx="0.00" PMx="0.00" fuel="0.00" electricity="0.00" noise="70.24" route="routetop" type="cfm-fast" waiting="0.00" lane="left_0" pos="18.67" speed="23.70" angle="150.86" x="6.54" y="25.68"/>
        <vehicle id="cfm-fast_3" eclass="HBEFA3/PC_G_EU4" CO2="8624.25" CO="103.46" HC="0.68" NOx="3.44" PMx="0.18" fuel="3.71" electricity="0.00" noise="72.10" route="routetop" type="cfm-fast" waiting="0.00" lane="left_0" pos="33.36" speed="23.40" angle="124.51" x="29.38" y="4.23"/>
        <vehicle id="cfm-fast_4" eclass="HBEFA3/PC_G_EU4" CO2="360442.78" CO="9161.45" HC="50.86" NOx="168.42" PMx="10.15" fuel="154.94" electricity="0.00" noise="156.89" route="routetop" type="cfm-fast" waiting="0.00" lane="top_1" pos="43.29" speed="87.09" angle="196.59" x="-0.19" y="77.34"/>
        <vehicle id="cfm-fast_5" eclass="HBEFA3/PC_G_EU4" CO2="14954.57" CO="235.33" HC="1.44" NOx="6.41" PMx="0.35" fuel="6.43" electricity="0.00" noise="75.30" route="routetop" type="cfm-fast" waiting="0.00" lane="left_0" pos="47.91" speed="24.11" angle="98.33" x="59.07" y="-4.78"/>
        <vehicle id="cfm-slow_0" eclass="HBEFA3/PC_G_EU4" CO2="17532.85" CO="293.86" HC="1.77" NOx="7.59" PMx="0.42" fuel="7.54" electricity="0.00" noise="76.84" route="routebottom" type="cfm-slow" waiting="0.00" lane="bottom_0" pos="13.21" speed="25.82" angle="70.71" x="91.37" y="0.91"/>
        <vehicle id="cfm-slow_1" eclass="HBEFA3/PC_G_EU4" CO2="16407.42" CO="279.53" HC="1.68" NOx="7.02" PMx="0.39" fuel="7.05" electricity="0.00" noise="76.54" route="routebottom" type="cfm-slow" waiting="0.00" lane="bottom_0" pos="34.27" speed="27.70" angle="32.84" x="124.04" y="31.09"/>
        <vehicle id="cfm-slow_2" eclass="HBEFA3/PC_G_EU4" CO2="10438.52" CO="165.62" HC="1.02" NOx="4.17" PMx="0.24" fuel="4.49" electricity="0.00" noise="74.72" route="routebottom" type="cfm-slow" waiting="0.00" lane="right_0" pos="7.22" speed="29.18" angle="351.40" x="130.49" y="79.15"/>
        <vehicle id="cfm-slow_3" eclass="HBEFA3/PC_G_EU4" CO2="0.00" CO="0.00" HC="0.00" NOx="0.00" PMx="0.00" fuel="0.00" electricity="0.00" noise="73.01" route="routebottom" type="cfm-slow" waiting="0.00" lane="right_0" pos="31.59" speed="29.68" angle="307.66" x="101.18" y="121.10"/>
        <vehicle id="cfm-slow_4" eclass="HBEFA3/PC_G_EU4" CO2="0.00" CO="0.00" HC="0.00" NOx="0.00" PMx="0.00" fuel="0.00" electricity="0.00" noise="71.95" route="routetop" type="cfm-slow" waiting="0.00" lane="top_0" pos="6.37" speed="28.93" angle="262.99" x="49.95" y="130.89"/>
        <vehicle id="cfm-slow_5" eclass="HBEFA3/PC_G_EU4" CO2="0.00" CO="0.00" HC="0.00" NOx="0.00" PMx="0.00" fuel="0.00" electricity="0.00" noise="70.97" route="routetop" type="cfm-slow" waiting="0.00" lane="top_0" pos="30.29" speed="27.22" angle="219.97" x="7.81" y="103.49"/>
    </timestep>
    <timestep time="6.43">
        <vehicle id="cfm-fast_0" eclass="HBEFA3/PC_G_EU4" CO2="0.00" CO="0.00" HC="0.00" NOx="0.00" PMx="0.00" fuel="0.00" electricity="0.00" noise="70.11" route="routetop" type="cfm-fast" waiting="0.00" lane="left_0" pos="2.70" speed="25.20" angle="179.65" x="-4.69" y="57.76"/>
        <vehicle id="cfm-fast_1" eclass="HBEFA3/PC_G_EU4" CO2="273520.91" CO="6795.79" HC="37.88" NOx="127.53" PMx="7.65" fuel="117.57" electricity="0.00" noise="143.98" route="routebottom" type="cfm-fast" waiting="0.00" lane="right_1" pos="25.94" speed="75.64" angle="317.87" x="108.46" y="111.18"/>
        <vehicle id="cfm-fast_2" eclass="HBEFA3/PC_G_EU4" CO2="0.00" CO="0.00" HC="0.00" NOx="0.00" PMx="0.00" fuel="0.00" electricity="0.00" noise="70.25" route="routetop" type="cfm-fast" waiting="0.00" lane="left_0" pos="18.91" speed="23.70" angle="150.41" x="6.82" y="25.25"/>
        <vehicle id="cfm-fast_3" eclass="HBEFA3/PC_G_EU4" CO2="8677.08" CO="104.56" HC="0.69" NOx="3.47" PMx="0.18" fuel="3.73" electricity="0.00" noise="72.13" route="routetop" type="cfm-fast" waiting="0.00" lane="left_0" pos="33.59" speed="23.40" angle="124.09" x="29.82" y="3.99"/>
        <vehicle id="cfm-fast_4" eclass="HBEFA3/PC_G_EU4" CO2="361096.41" CO="9182.43" HC="50.98" NOx="168.73" PMx="10.17" fuel="155.22" electricity="0.00" noise="156.96" route="routetop" type="cfm-fast" waiting="0.00" lane="top_1" pos="44.17" speed="87.23" angle="195.03" x="-0.54" y="75.58"/>
        <vehicle id="cfm-fast_5" eclass="HBEFA3/PC_G_EU4" CO2="14976.89" CO="235.83" HC="1.45" NOx="6.42" PMx="0.35" fuel="6.44" electricity="0.00" noise="75.31" route="routetop" type="cfm-fast" waiting="0.00" lane="left_0" pos="48.15" speed="24.12" angle="97.87" x="59.59" y="-4.81"/>
        <vehicle id="cfm-slow_0" eclass="HBEFA3/PC_G_EU4" CO2="17522.72" CO="293.72" HC="1.77" NOx="7.59" PMx="0.42" fuel="7.53" electricity="0.00" noise="76.84" route="routebottom" type="cfm-slow" waiting="0.00" lane="bottom_0" pos="13.47" speed="25.84" angle="70.23" x="91.88" y="1.13"/>
        <vehicle id="cfm-slow_1" eclass="HBEFA3/PC_G_EU4" CO2="16351.40" CO="278.46" HC="1.68" NOx="6.99" PMx="0.39" fuel="7.03" electricity="0.00" noise="76.52" route="routebottom" type="cfm-slow" waiting="0.00" lane="bottom_0" pos="34.54" speed="27.72" angle="32.36" x="124.32" y="31.62"/>
        <vehicle id="cfm-slow_2" eclass="HBEFA3/PC_G_EU4" CO2="10347.16" CO="163.79" HC="1.01" NOx="4.13" PMx="0.24" fuel="4.45" electricity="0.00" noise="74.69" route="routebottom" type="cfm-slow" waiting="0.00" lane="right_0" pos="7.51" speed="29.18" angle="350.86" x="130.35" y="79.76"/>
        <vehicle id="cfm-slow_3" eclass="HBEFA3/PC_G_EU4" CO2="0.00" CO="0.00" HC="0.00" NOx="0.00" PMx="0.00" fuel="0.00" electricity="0.00" noise="72.99" route="routebottom" type="cfm-slow" waiting="0.00" lane="right_0" pos="31.89" speed="29.67" angle="307.12" x="100.65" y="121.45"/>
        <vehicle id="cfm-slow_4" eclass="HBEFA3/PC_G_EU4" CO2="0.00" CO="0.00" HC="0.00" NOx="0.00" PMx="0.00" fuel="0.00" electricity="0.00" noise="71.94" route="routetop" type="cfm-slow" waiting="0.00" lane="top_0" pos="6.66" speed="28.92" angle="262.45" x="49.34" y="130.75"/>
        <vehicle id="cfm-slow_5" eclass="HBEFA3/PC_G_EU4" CO2="0.00" CO="0.00" HC="0.00" NOx="0.00" PMx="0.00" fuel="0.00" electricity="0.00" noise="70.96" route="routetop" type="cfm-slow" waiting="0.00" lane="top_0" pos="30.56" speed="27.20" angle="219.47" x="7.47" y="103.01"/>
    </timestep>
    <timestep time="6.44">
        <vehicle id="cfm-fast_0" eclass="HBEFA3/PC_G_EU4" CO2="0.00" CO="0.00" HC="0.00" NOx="0.00" PMx="0.00" fuel="0.00" electricity="0.00" noise="70.11" route="routetop" type="cfm-fast" waiting="0.00" lane="left_0" pos="2.95" speed="25.19" angle="179.20" x="-4.64" y="57.23"/>
        <vehicle id="cfm-fast_1" eclass="HBEFA3/PC_G_EU4" CO2="274255.03" CO="6816.36" HC="37.99" NOx="127.87" PMx="7.67" fuel="117.89" electricity="0.00" noise="144.09" route="routebottom" type="cfm-fast" waiting="0.00" lane="right_1" pos="26.70" speed="75.76" angle="316.49" x="107.32" y="112.24"/>
        <vehicle id="cfm-fast_2" eclass="HBEFA3/PC_G_EU4" CO2="0.00" CO="0.00" HC="0.00" NOx="0.00" PMx="0.00" fuel="0.00" electricity="0.00" noise="70.26" route="routetop" type="cfm-fast" waiting="0.00" lane="left_0" pos="19.14" speed="23.70" angle="150.00" x="7.10" y="24.83"/>
        <vehicle id="cfm-fast_3" eclass="HBEFA3/PC_G_EU4" CO2="8729.70" CO="105.66" HC="0.70" NOx="3.49" PMx="0.18" fuel="3.75" electricity="0.00" noise="72.15" route="routetop" type="cfm-fast" waiting="0.00" lane="left_0" pos="33.83" speed="23.41" angle="123.66" x="30.26" y="3.74"/>
        <vehicle id="cfm-fast_4" eclass="HBEFA3/PC_G_EU4" CO2="361750.32" CO="9203.43" HC="51.09" NOx="169.03" PMx="10.19" fuel="155.50" electricity="0.00" noise="157.03" route="routetop" type="cfm-fast" waiting="0.00" lane="top_1" pos="45.04" speed="87.37" angle="193.49" x="-0.86" y="73.82"/>
        <vehicle id="cfm-fast_5" eclass="HBEFA3/PC_G_EU4" CO2="14998.96" CO="236.33" HC="1.45" NOx="6.43" PMx="0.35" fuel="6.45" electricity="0.00" noise="75.33" route="routetop" type="cfm-fast" waiting="0.00" lane="left_0" pos="48.39" speed="24.14" angle="97.41" x="60.11" y="-4.84"/>
        <vehicle id="cfm-slow_0" eclass="HBEFA3/PC_G_EU4" CO2="17512.20" CO="293.58" HC="1.77" NOx="7.58" PMx="0.42" fuel="7.53" electricity="0.00" noise="76.83" route="routebottom" type="cfm-slow" waiting="0.00" lane="bottom_0" pos="13.73" speed="25.85" angle="69.75" x="92.39" y="1.36"/>
        <vehicle id="cfm-slow_1" eclass="HBEFA3/PC_G_EU4" CO2="16295.03" CO="277.39" HC="1.67" NOx="6.96" PMx="0.39" fuel="7.00" electricity="0.00" noise="76.49" route="routebottom" type="cfm-slow" waiting="0.00" lane="bottom_0" pos="34.82" speed="27.73" angle="31.89" x="124.60" y="32.15"/>
        <vehicle id="cfm-slow_2" eclass="HBEFA3/PC_G_EU4" CO2="10255.85" CO="161.95" HC="1.00" NOx="4.08" PMx="0.24" fuel="4.41" electricity="0.00" noise="74.67" route="routebottom" type="cfm-slow" waiting="0.00" lane="right_0" pos="7.80" speed="29.19" angle="350.39" x="130.20" y="80.37"/>
        <vehicle id="cfm-slow_3" eclass="HBEFA3/PC_G_EU4" CO2="0.00" CO="0.00" HC="0.00" NOx="0.00" PMx="0.00" fuel="0.00" electricity="0.00" noise="72.98" route="routebottom" type="cfm-slow" waiting="0.00" lane="right_0" pos="32.19" speed="29.66" angle="306.65" x="100.11" y="121.80"/>
        <vehicle id="cfm-slow_4" eclass="HBEFA3/PC_G_EU4" CO2="0.00" CO="0.00" HC="0.00" NOx="0.00" PMx="0.00" fuel="0.00" electricity="0.00" noise="71.93" route="routetop" type="cfm-slow" waiting="0.00" lane="top_0" pos="6.95" speed="28.90" angle="261.90" x="48.73" y="130.62"/>
        <vehicle id="cfm-slow_5" eclass="HBEFA3/PC_G_EU4" CO2="0.00" CO="0.00" HC="0.00" NOx="0.00" PMx="0.00" fuel="0.00" electricity="0.00" noise="70.95" route="routetop" type="cfm-slow" waiting="0.00" lane="top_0" pos="30.84" speed="27.18" angle="219.03" x="7.13" y="102.54"/>
    </timestep>
    <timestep time="6.45">
        <vehicle id="cfm-fast_0" eclass="HBEFA3/PC_G_EU4" CO2="0.00" CO="0.00" HC="0.00" NOx="0.00" PMx="0.00" fuel="0.00" electricity="0.00" noise="70.11" route="routetop" type="cfm-fast" waiting="0.00" lane="left_0" pos="3.20" speed="25.18" angle="178.75" x="-4.58" y="56.69"/>
        <vehicle id="cfm-fast_1" eclass="HBEFA3/PC_G_EU4" CO2="274989.33" CO="6836.95" HC="38.10" NOx="128.22" PMx="7.69" fuel="118.20" electricity="0.00" noise="144.20" route="routebottom" type="cfm-fast" waiting="0.00" lane="right_1" pos="27.46" speed="75.88" angle="315.09" x="106.14" y="113.26"/>
        <vehicle id="cfm-fast_2" eclass="HBEFA3/PC_G_EU4" CO2="0.00" CO="0.00" HC="0.00" NOx="0.00" PMx="0.00" fuel="0.00" electricity="0.00" noise="70.27" route="routetop" type="cfm-fast" waiting="0.00" lane="left_0" pos="19.38" speed="23.69" angle="149.59" x="7.39" y="24.41"/>
        <vehicle id="cfm-fast_3" eclass="HBEFA3/PC_G_EU4" CO2="8782.11" CO="106.75" HC="0.70" NOx="3.52" PMx="0.18" fuel="3.78" electricity="0.00" noise="72.18" route="routetop" type="cfm-fast" waiting="0.00" lane="left_0" pos="34.06" speed="23.42" angle="123.22" x="30.70" y="3.50"/>
        <vehicle id="cfm-fast_4" eclass="HBEFA3/PC_G_EU4" CO2="362404.52" CO="9224.45" HC="51.20" NOx="169.34" PMx="10.21" fuel="155.78" electricity="0.00" noise="157.09" route="routetop" type="cfm-fast" waiting="0.00" lane="top_1" pos="45.91" speed="87.50" angle="191.89" x="-1.11" y="72.04"/>
        <vehicle id="cfm-fast_5" eclass="HBEFA3/PC_G_EU4" CO2="15020.77" CO="236.82" HC="1.45" NOx="6.44" PMx="0.35" fuel="6.46" electricity="0.00" noise="75.34" route="routetop" type="cfm-fast" waiting="0.00" lane="left_0" pos="48.63" speed="24.16" angle="96.95" x="60.63" y="-4.87"/>
        <vehicle id="cfm-slow_0" eclass="HBEFA3/PC_G_EU4" CO2="17501.27" CO="293.43" HC="1.77" NOx="7.58" PMx="0.42" fuel="7.52" electricity="0.00" noise="76.83" route="routebottom" type="cfm-slow" waiting="0.00" lane="bottom_0" pos="13.99" speed="25.87" angle="69.29" x="92.90" y="1.59"/>
        <vehicle id="cfm-slow_1" eclass="HBEFA3/PC_G_EU4" CO2="16238.33" CO="276.31" HC="1.66" NOx="6.94" PMx="0.39" fuel="6.98" electricity="0.00" noise="76.47" route="routebottom" type="cfm-slow" waiting="0.00" lane="bottom_0" pos="35.10" speed="27.75" angle="31.38" x="124.87" y="32.68"/>
        <vehicle id="cfm-slow_2" eclass="HBEFA3/PC_G_EU4" CO2="10164.58" CO="160.11" HC="0.99" NOx="4.04" PMx="0.24" fuel="4.37" electricity="0.00" noise="74.64" route="routebottom" type="cfm-slow" waiting="0.00" lane="right_0" pos="8.09" speed="29.20" angle="349.85" x="130.04" y="80.98"/>
        <vehicle id="cfm-slow_3" eclass="HBEFA3/PC_G_EU4" CO2="0.00" CO="0.00" HC="0.00" NOx="0.00" PMx="0.00" fuel="0.00" electricity="0.00" noise="72.97" route="routebottom" type="cfm-slow" waiting="0.00" lane="right_0" pos="32.48" speed="29.66" angle="306.08" x="99.56" y="122.12"/>
        <vehicle id="cfm-slow_4" eclass="HBEFA3/PC_G_EU4" CO2="0.00" CO="0.00" HC="0.00" NOx="0.00" PMx="0.00" fuel="0.00" electricity="0.00" noise="71.92" route="routetop" type="cfm-slow" waiting="0.00" lane="top_0" pos="7.24" speed="28.88" angle="261.36" x="48.13" y="130.48"/>
        <vehicle id="cfm-slow_5" eclass="HBEFA3/PC_G_EU4" CO2="0.00" CO="0.00" HC="0.00" NOx="0.00" PMx="0.00" fuel="0.00" electricity="0.00" noise="70.95" route="routetop" type="cfm-slow" waiting="0.00" lane="top_0" pos="31.11" speed="27.16" angle="218.54" x="6.81" y="102.05"/>
    </timestep>
    <timestep time="6.46">
        <vehicle id="cfm-fast_0" eclass="HBEFA3/PC_G_EU4" CO2="0.00" CO="0.00" HC="0.00" NOx="0.00" PMx="0.00" fuel="0.00" electricity="0.00" noise="70.11" route="routetop" type="cfm-fast" waiting="0.00" lane="left_0" pos="3.46" speed="25.16" angle="178.30" x="-4.53" y="56.15"/>
        <vehicle id="cfm-fast_1" eclass="HBEFA3/PC_G_EU4" CO2="275723.82" CO="6857.56" HC="38.22" NOx="128.56" PMx="7.71" fuel="118.52" electricity="0.00" noise="144.31" route="routebottom" type="cfm-fast" waiting="0.00" lane="right_1" pos="28.22" speed="76.00" angle="313.66" x="104.95" y="114.26"/>
        <vehicle id="cfm-fast_2" eclass="HBEFA3/PC_G_EU4" CO2="0.00" CO="0.00" HC="0.00" NOx="0.00" PMx="0.00" fuel="0.00" electricity="0.00" noise="70.29" route="routetop" type="cfm-fast" waiting="0.00" lane="left_0" pos="19.62" speed="23.69" angle="149.16" x="7.69" y="24.00"/>
        <vehicle id="cfm-fast_3" eclass="HBEFA3/PC_G_EU4" CO2="8834.30" CO="107.84" HC="0.71" NOx="3.54" PMx="0.19" fuel="3.80" electricity="0.00" noise="72.20" route="routetop" type="cfm-fast" waiting="0.00" lane="left_0" pos="34.30" speed="23.43" angle="122.79" x="31.14" y="3.26"/>
        <vehicle id="cfm-fast_4" eclass="HBEFA3/PC_G_EU4" CO2="363059.02" CO="9245.50" HC="51.31" NOx="169.65" PMx="10.23" fuel="156.06" electricity="0.00" noise="157.16" route="routetop" type="cfm-fast" waiting="0.00" lane="top_1" pos="46.79" speed="87.64" angle="190.32" x="-1.31" y="70.26"/>
        <vehicle id="cfm-fast_5" eclass="HBEFA3/PC_G_EU4" CO2="15042.32" CO="237.31" HC="1.45" NOx="6.45" PMx="0.35" fuel="6.47" electricity="0.00" noise="75.35" route="routetop" type="cfm-fast" waiting="0.00" lane="left_0" pos="48.88" speed="24.18" angle="96.56" x="61.15" y="-4.90"/>
        <vehicle id="cfm-slow_0" eclass="HBEFA3/PC_G_EU4" CO2="17489.95" CO="293.28" HC="1.77" NOx="7.57" PMx="0.42" fuel="7.52" electricity="0.00" noise="76.82" route="routebottom" type="cfm-slow" waiting="0.00" lane="bottom_0" pos="14.25" speed="25.89" angle="68.85" x="93.40" y="1.83"/>
        <vehicle id="cfm-slow_1" eclass="HBEFA3/PC_G_EU4" CO2="16181.29" CO="275.22" HC="1.66" NOx="6.91" PMx="0.39" fuel="6.96" electricity="0.00" noise="76.45" route="routebottom" type="cfm-slow" waiting="0.00" lane="bottom_0" pos="35.38" speed="27.77" angle="30.88" x="125.14" y="33.21"/>
        <vehicle id="cfm-slow_2" eclass="HBEFA3/PC_G_EU4" CO2="10073.37" CO="158.27" HC="0.98" NOx="4.00" PMx="0.23" fuel="4.33" electricity="0.00" noise="74.62" route="routebottom" type="cfm-slow" waiting="0.00" lane="right_0" pos="8.38" speed="29.20" angle="349.31" x="129.88" y="81.58"/>
        <vehicle id="cfm-slow_3" eclass="HBEFA3/PC_G_EU4" CO2="0.00" CO="0.00" HC="0.00" NOx="0.00" PMx="0.00" fuel="0.00" electricity="0.00" noise="72.95" route="routebottom" type="cfm-slow" waiting="0.00" lane="right_0" pos="32.78" speed="29.65" angle="305.52" x="99.01" y="122.45"/>
        <vehicle id="cfm-slow_4" eclass="HBEFA3/PC_G_EU4" CO2="0.00" CO="0.00" HC="0.00" NOx="0.00" PMx="0.00" fuel="0.00" electricity="0.00" noise="71.92" route="routetop" type="cfm-slow" waiting="0.00" lane="top_0" pos="7.53" speed="28.87" angle="260.82" x="47.52" y="130.34"/>
        <vehicle id="cfm-slow_5" eclass="HBEFA3/PC_G_EU4" CO2="0.00" CO="0.00" HC="0.00" NOx="0.00" PMx="0.00" fuel="0.00" electricity="0.00" noise="70.94" route="routetop" type="cfm-slow" waiting="0.00" lane="top_0" pos="31.38" speed="27.14" angle="218.05" x="6.48" y="101.56"/>
    </timestep>
    <timestep time="6.47">
        <vehicle id="cfm-fast_0" eclass="HBEFA3/PC_G_EU4" CO2="0.00" CO="0.00" HC="0.00" NOx="0.00" PMx="0.00" fuel="0.00" electricity="0.00" noise="70.10" route="routetop" type="cfm-fast" waiting="0.00" lane="left_0" pos="3.71" speed="25.15" angle="177.85" x="-4.47" y="55.61"/>
        <vehicle id="cfm-fast_1" eclass="HBEFA3/PC_G_EU4" CO2="276458.49" CO="6878.20" HC="38.33" NOx="128.91" PMx="7.73" fuel="118.84" electricity="0.00" noise="144.41" route="routebottom" type="cfm-fast" waiting="0.00" lane="right_1" pos="28.98" speed="76.12" angle="312.28" x="103.72" y="115.22"/>
        <vehicle id="cfm-fast_2" eclass="HBEFA3/PC_G_EU4" CO2="0.00" CO="0.00" HC="0.00" NOx="0.00" PMx="0.00" fuel="0.00" electricity="0.00" noise="70.30" route="routetop" type="cfm-fast" waiting="0.00" lane="left_0" pos="19.85" speed="23.69" angle="148.72" x="7.99" y="23.58"/>
        <vehicle id="cfm-fast_3" eclass="HBEFA3/PC_G_EU4" CO2="8886.28" CO="108.93" HC="0.72" NOx="3.57" PMx="0.19" fuel="3.82" electricity="0.00" noise="72.23" route="routetop" type="cfm-fast" waiting="0.00" lane="left_0" pos="34.53" speed="23.44" angle="122.38" x="31.59" y="3.01"/>
        <vehicle id="cfm-fast_4" eclass="HBEFA3/PC_G_EU4" CO2="363713.81" CO="9266.56" HC="51.43" NOx="169.96" PMx="10.25" fuel="156.34" electricity="0.00" noise="157.22" route="routetop" type="cfm-fast" waiting="0.00" lane="top_1" pos="47.67" speed="87.77" angle="188.74" x="-1.47" y="68.47"/>
        <vehicle id="cfm-fast_5" eclass="HBEFA3/PC_G_EU4" CO2="15063.62" CO="237.79" HC="1.46" NOx="6.46" PMx="0.35" fuel="6.48" electricity="0.00" noise="75.37" route="routetop" type="cfm-fast" waiting="0.00" lane="left_0" pos="49.12" speed="24.19" angle="96.12" x="61.67" y="-4.91"/>
        <vehicle id="cfm-slow_0" eclass="HBEFA3/PC_G_EU4" CO2="17478.22" CO="293.11" HC="1.77" NOx="7.56" PMx="0.42" fuel="7.51" electricity="0.00" noise="76.82" route="routebottom" type="cfm-slow" waiting="0.00" lane="bottom_0" pos="14.51" speed="25.91" angle="68.37" x="93.90" y="2.08"/>
        <vehicle id="cfm-slow_1" eclass="HBEFA3/PC_G_EU4" CO2="16123.91" CO="274.12" HC="1.65" NOx="6.88" PMx="0.39" fuel="6.93" electricity="0.00" noise="76.43" route="routebottom" type="cfm-slow" waiting="0.00" lane="bottom_0" pos="35.66" speed="27.78" angle="30.38" x="125.41" y="33.75"/>
        <vehicle id="cfm-slow_2" eclass="HBEFA3/PC_G_EU4" CO2="9982.21" CO="156.43" HC="0.97" NOx="3.95" PMx="0.23" fuel="4.29" electricity="0.00" noise="74.59" route="routebottom" type="cfm-slow" waiting="0.00" lane="right_0" pos="8.68" speed="29.21" angle="348.78" x="129.72" y="82.19"/>
        <vehicle id="cfm-slow_3" eclass="HBEFA3/PC_G_EU4" CO2="0.00" CO="0.00" HC="0.00" NOx="0.00" PMx="0.00" fuel="0.00" electricity="0.00" noise="72.94" route="routebottom" type="cfm-slow" waiting="0.00" lane="right_0" pos="33.08" speed="29.65" angle="304.96" x="98.47" y="122.78"/>
        <vehicle id="cfm-slow_4" eclass="HBEFA3/PC_G_EU4" CO2="0.00" CO="0.00" HC="0.00" NOx="0.00" PMx="0.00" fuel="0.00" electricity="0.00" noise="71.91" route="routetop" type="cfm-slow" waiting="0.00" lane="top_0" pos="7.82" speed="28.85" angle="260.35" x="46.92" y="130.19"/>
        <vehicle id="cfm-slow_5" eclass="HBEFA3/PC_G_EU4" CO2="0.00" CO="0.00" HC="0.00" NOx="0.00" PMx="0.00" fuel="0.00" electricity="0.00" noise="70.93" route="routetop" type="cfm-slow" waiting="0.00" lane="top_0" pos="31.65" speed="27.13" angle="217.56" x="6.16" y="101.08"/>
    </timestep>
    <timestep time="6.48">
        <vehicle id="cfm-fast_0" eclass="HBEFA3/PC_G_EU4" CO2="0.00" CO="0.00" HC="0.00" NOx="0.00" PMx="0.00" fuel="0.00" electricity="0.00" noise="70.10" route="routetop" type="cfm-fast" waiting="0.00" lane="left_0" pos="3.96" speed="25.14" angle="177.41" x="-4.41" y="55.07"/>
        <vehicle id="cfm-fast_1" eclass="HBEFA3/PC_G_EU4" CO2="277193.34" CO="6898.85" HC="38.44" NOx="129.25" PMx="7.75" fuel="119.15" electricity="0.00" noise="144.52" route="routebottom" type="cfm-fast" waiting="0.00" lane="right_1" pos="29.74" speed="76.24" angle="310.94" x="102.48" y="116.17"/>
        <vehicle id="cfm-fast_2" eclass="HBEFA3/PC_G_EU4" CO2="0.00" CO="0.00" HC="0.00" NOx="0.00" PMx="0.00" fuel="0.00" electricity="0.00" noise="70.31" route="routetop" type="cfm-fast" waiting="0.00" lane="left_0" pos="20.09" speed="23.69" angle="148.28" x="8.29" y="23.17"/>
        <vehicle id="cfm-fast_3" eclass="HBEFA3/PC_G_EU4" CO2="8938.05" CO="110.01" HC="0.72" NOx="3.59" PMx="0.19" fuel="3.84" electricity="0.00" noise="72.25" route="routetop" type="cfm-fast" waiting="0.00" lane="left_0" pos="34.77" speed="23.44" angle="121.99" x="32.03" y="2.78"/>
        <vehicle id="cfm-fast_4" eclass="HBEFA3/PC_G_EU4" CO2="364368.89" CO="9287.65" HC="51.54" NOx="170.26" PMx="10.27" fuel="156.62" electricity="0.00" noise="157.29" route="routetop" type="cfm-fast" waiting="0.00" lane="top_1" pos="48.55" speed="87.91" angle="187.13" x="-1.58" y="66.67"/>
        <vehicle id="cfm-fast_5" eclass="HBEFA3/PC_G_EU4" CO2="15084.64" CO="238.27" HC="1.46" NOx="6.47" PMx="0.35" fuel="6.48" electricity="0.00" noise="75.38" route="routetop" type="cfm-fast" waiting="0.00" lane="left_0" pos="49.36" speed="24.21" angle="95.67" x="62.19" y="-4.92"/>
        <vehicle id="cfm-slow_0" eclass="HBEFA3/PC_G_EU4" CO2="17466.10" CO="292.94" HC="1.77" NOx="7.56" PMx="0.42" fuel="7.51" electricity="0.00" noise="76.81" route="routebottom" type="cfm-slow" waiting="0.00" lane="bottom_0" pos="14.77" speed="25.93" angle="67.88" x="94.40" y="2.33"/>
        <vehicle id="cfm-slow_1" eclass="HBEFA3/PC_G_EU4" CO2="16066.20" CO="273.02" HC="1.65" NOx="6.86" PMx="0.39" fuel="6.91" electricity="0.00" noise="76.40" route="routebottom" type="cfm-slow" waiting="0.00" lane="bottom_0" pos="35.93" speed="27.80" angle="29.93" x="125.67" y="34.28"/>
        <vehicle id="cfm-slow_2" eclass="HBEFA3/PC_G_EU4" CO2="9891.12" CO="154.60" HC="0.95" NOx="3.91" PMx="0.23" fuel="4.25" electricity="0.00" noise="74.57" route="routebottom" type="cfm-slow" waiting="0.00" lane="right_0" pos="8.97" speed="29.21" angle="348.30" x="129.55" y="82.80"/>
        <vehicle id="cfm-slow_3" eclass="HBEFA3/PC_G_EU4" CO2="0.00" CO="0.00" HC="0.00" NOx="0.00" PMx="0.00" fuel="0.00" electricity="0.00" noise="72.93" route="routebottom" type="cfm-slow" waiting="0.00" lane="right_0" pos="33.37" speed="29.64" angle="304.46" x="97.92" y="123.10"/>
        <vehicle id="cfm-slow_4" eclass="HBEFA3/PC_G_EU4" CO2="0.00" CO="0.00" HC="0.00" NOx="0.00" PMx="0.00" fuel="0.00" electricity="0.00" noise="71.90" route="routetop" type="cfm-slow" waiting="0.00" lane="top_0" pos="8.11" speed="28.84" angle="259.82" x="46.32" y="130.03"/>
        <vehicle id="cfm-slow_5" eclass="HBEFA3/PC_G_EU4" CO2="0.00" CO="0.00" HC="0.00" NOx="0.00" PMx="0.00" fuel="0.00" electricity="0.00" noise="70.92" route="routetop" type="cfm-slow" waiting="0.00" lane="top_0" pos="31.92" speed="27.11" angle="217.07" x="5.84" y="100.59"/>
    </timestep>
    <timestep time="6.49">
        <vehicle id="cfm-fast_0" eclass="HBEFA3/PC_G_EU4" CO2="0.00" CO="0.00" HC="0.00" NOx="0.00" PMx="0.00" fuel="0.00" electricity="0.00" noise="70.10" route="routetop" type="cfm-fast" waiting="0.00" lane="left_0" pos="4.21" speed="25.12" angle="176.96" x="-4.33" y="54.54"/>
        <vehicle id="cfm-fast_1" eclass="HBEFA3/PC_G_EU4" CO2="277928.35" CO="6919.53" HC="38.55" NOx="129.60" PMx="7.77" fuel="119.47" electricity="0.00" noise="144.63" route="routebottom" type="cfm-fast" waiting="0.00" lane="right_1" pos="30.50" speed="76.36" angle="309.55" x="101.21" y="117.09"/>
        <vehicle id="cfm-fast_2" eclass="HBEFA3/PC_G_EU4" CO2="0.00" CO="0.00" HC="0.00" NOx="0.00" PMx="0.00" fuel="0.00" electricity="0.00" noise="70.32" route="routetop" type="cfm-fast" waiting="0.00" lane="left_0" pos="20.33" speed="23.68" angle="147.84" x="8.59" y="22.76"/>
        <vehicle id="cfm-fast_3" eclass="HBEFA3/PC_G_EU4" CO2="8989.60" CO="111.09" HC="0.73" NOx="3.61" PMx="0.19" fuel="3.86" electricity="0.00" noise="72.27" route="routetop" type="cfm-fast" waiting="0.00" lane="left_0" pos="35.00" speed="23.45" angle="121.56" x="32.48" y="2.55"/>
        <vehicle id="cfm-fast_4" eclass="HBEFA3/PC_G_EU4" CO2="365024.26" CO="9308.76" HC="51.65" NOx="170.57" PMx="10.30" fuel="156.91" electricity="0.00" noise="157.35" route="routetop" type="cfm-fast" waiting="0.00" lane="top_1" pos="49.43" speed="88.05" angle="185.53" x="-1.63" y="64.86"/>
        <vehicle id="cfm-fast_5" eclass="HBEFA3/PC_G_EU4" CO2="15105.41" CO="238.74" HC="1.46" NOx="6.48" PMx="0.35" fuel="6.49" electricity="0.00" noise="75.39" route="routetop" type="cfm-fast" waiting="0.00" lane="left_0" pos="49.60" speed="24.23" angle="95.23" x="62.71" y="-4.93"/>
        <vehicle id="cfm-slow_0" eclass="HBEFA3/PC_G_EU4" CO2="17453.58" CO="292.76" HC="1.77" NOx="7.55" PMx="0.42" fuel="7.50" electricity="0.00" noise="76.81" route="routebottom" type="cfm-slow" waiting="0.00" lane="bottom_0" pos="15.03" speed="25.95" angle="67.40" x="94.90" y="2.58"/>
        <vehicle id="cfm-slow_1" eclass="HBEFA3/PC_G_EU4" CO2="16008.17" CO="271.90" HC="1.64" NOx="6.83" PMx="0.38" fuel="6.88" electricity="0.00" noise="76.38" route="routebottom" type="cfm-slow" waiting="0.00" lane="bottom_0" pos="36.21" speed="27.81" angle="29.39" x="125.92" y="34.83"/>
        <vehicle id="cfm-slow_2" eclass="HBEFA3/PC_G_EU4" CO2="9800.09" CO="152.76" HC="0.94" NOx="3.87" PMx="0.23" fuel="4.21" electricity="0.00" noise="74.55" route="routebottom" type="cfm-slow" waiting="0.00" lane="right_0" pos="9.26" speed="29.22" angle="347.78" x="129.37" y="83.40"/>
        <vehicle id="cfm-slow_3" eclass="HBEFA3/PC_G_EU4" CO2="0.00" CO="0.00" HC="0.00" NOx="0.00" PMx="0.00" fuel="0.00" electricity="0.00" noise="72.91" route="routebottom" type="cfm-slow" waiting="0.00" lane="right_0" pos="33.67" speed="29.63" angle="303.92" x="97.36" y="123.41"/>
        <vehicle id="cfm-slow_4" eclass="HBEFA3/PC_G_EU4" CO2="0.00" CO="0.00" HC="0.00" NOx="0.00" PMx="0.00" fuel="0.00" electricity="0.00" noise="71.89" route="routetop" type="cfm-slow" waiting="0.00" lane="top_0" pos="8.39" speed="28.82" angle="259.30" x="45.72" y="129.87"/>
        <vehicle id="cfm-slow_5" eclass="HBEFA3/PC_G_EU4" CO2="0.00" CO="0.00" HC="0.00" NOx="0.00" PMx="0.00" fuel="0.00" electricity="0.00" noise="70.91" route="routetop" type="cfm-slow" waiting="0.00" lane="top_0" pos="32.19" speed="27.09" angle="216.63" x="5.53" y="100.10"/>
    </timestep>
    <timestep time="6.50">
        <vehicle id="cfm-fast_0" eclass="HBEFA3/PC_G_EU4" CO2="0.00" CO="0.00" HC="0.00" NOx="0.00" PMx="0.00" fuel="0.00" electricity="0.00" noise="70.10" route="routetop" type="cfm-fast" waiting="0.00" lane="left_0" pos="4.46" speed="25.11" angle="176.50" x="-4.26" y="54.00"/>
        <vehicle id="cfm-fast_1" eclass="HBEFA3/PC_G_EU4" CO2="278663.53" CO="6940.23" HC="38.67" NOx="129.94" PMx="7.80" fuel="119.78" electricity="0.00" noise="144.74" route="routebottom" type="cfm-fast" waiting="0.00" lane="right_1" pos="31.27" speed="76.48" angle="308.21" x="99.91" y="117.97"/>
        <vehicle id="cfm-fast_2" eclass="HBEFA3/PC_G_EU4" CO2="0.00" CO="0.00" HC="0.00" NOx="0.00" PMx="0.00" fuel="0.00" electricity="0.00" noise="70.33" route="routetop" type="cfm-fast" waiting="0.00" lane="left_0" pos="20.56" speed="23.68" angle="147.46" x="8.89" y="22.35"/>
        <vehicle id="cfm-fast_3" eclass="HBEFA3/PC_G_EU4" CO2="9040.93" CO="112.16" HC="0.73" NOx="3.64" PMx="0.19" fuel="3.89" electricity="0.00" noise="72.30" route="routetop" type="cfm-fast" waiting="0.00" lane="left_0" pos="35.23" speed="23.46" angle="121.12" x="32.94" y="2.33"/>
        <vehicle id="cfm-fast_4" eclass="HBEFA3/PC_G_EU4" CO2="365679.93" CO="9329.89" HC="51.77" NOx="170.88" PMx="10.32" fuel="157.19" electricity="0.00" noise="157.42" route="routetop" type="cfm-fast" waiting="0.00" lane="left_1" pos="0.31" speed="88.18" angle="183.92" x="-1.64" y="62.99"/>
        <vehicle id="cfm-fast_5" eclass="HBEFA3/PC_G_EU4" CO2="15125.90" CO="239.21" HC="1.46" NOx="6.49" PMx="0.35" fuel="6.50" electricity="0.00" noise="75.41" route="routetop" type="cfm-fast" waiting="0.00" lane="left_0" pos="49.84" speed="24.25" angle="94.79" x="63.23" y="-4.94"/>
        <vehicle id="cfm-slow_0" eclass="HBEFA3/PC_G_EU4" CO2="17440.66" CO="292.57" HC="1.77" NOx="7.54" PMx="0.42" fuel="7.50" electricity="0.00" noise="76.80" route="routebottom" type="cfm-slow" waiting="0.00" lane="bottom_0" pos="15.29" speed="25.97" angle="66.94" x="95.40" y="2.83"/>
        <vehicle id="cfm-slow_1" eclass="HBEFA3/PC_G_EU4" CO2="15949.81" CO="270.79" HC="1.63" NOx="6.80" PMx="0.38" fuel="6.86" electricity="0.00" noise="76.36" route="routebottom" type="cfm-slow" waiting="0.00" lane="bottom_0" pos="36.49" speed="27.83" angle="28.84" x="126.16" y="35.37"/>
        <vehicle id="cfm-slow_2" eclass="HBEFA3/PC_G_EU4" CO2="9709.13" CO="150.93" HC="0.93" NOx="3.82" PMx="0.23" fuel="4.17" electricity="0.00" noise="74.52" route="routebottom" type="cfm-slow" waiting="0.00" lane="right_0" pos="9.55" speed="29.23" angle="347.25" x="129.18" y="84.00"/>
        <vehicle id="cfm-slow_3" eclass="HBEFA3/PC_G_EU4" CO2="0.00" CO="0.00" HC="0.00" NOx="0.00" PMx="0.00" fuel="0.00" electricity="0.00" noise="72.90" route="routebottom" type="cfm-slow" waiting="0.00" lane="right_0" pos="33.97" speed="29.63" angle="303.38" x="96.80" y="123.72"/>
        <vehicle id="cfm-slow_4" eclass="HBEFA3/PC_G_EU4" CO2="0.00" CO="0.00" HC="0.00" NOx="0.00" PMx="0.00" fuel="0.00" electricity="0.00" noise="71.88" route="routetop" type="cfm-slow" waiting="0.00" lane="top_0" pos="8.68" speed="28.81" angle="258.77" x="45.12" y="129.71"/>
        <vehicle id="cfm-slow_5" eclass="HBEFA3/PC_G_EU4" CO2="0.00" CO="0.00" HC="0.00" NOx="0.00" PMx="0.00" fuel="0.00" electricity="0.00" noise="70.90" route="routetop" type="cfm-slow" waiting="0.00" lane="top_0" pos="32.46" speed="27.07" angle="216.12" x="5.23" y="99.60"/>
    </timestep>
    <timestep time="6.51">
        <vehicle id="cfm-fast_0" eclass="HBEFA3/PC_G_EU4" CO2="0.00" CO="0.00" HC="0.00" NOx="0.00" PMx="0.00" fuel="0.00" electricity="0.00" noise="70.10" route="routetop" type="cfm-fast" waiting="0.00" lane="left_0" pos="4.71" speed="25.10" angle="176.05" x="-4.18" y="53.47"/>
        <vehicle id="cfm-fast_1" eclass="HBEFA3/PC_G_EU4" CO2="279398.86" CO="6960.95" HC="38.78" NOx="130.29" PMx="7.82" fuel="120.10" electricity="0.00" noise="144.85" route="routebottom" type="cfm-fast" waiting="0.00" lane="right_1" pos="32.03" speed="76.60" angle="306.87" x="98.61" y="118.85"/>
        <vehicle id="cfm-fast_2" eclass="HBEFA3/PC_G_EU4" CO2="0.00" CO="0.00" HC="0.00" NOx="0.00" PMx="0.00" fuel="0.00" electricity="0.00" noise="70.35" route="routetop" type="cfm-fast" waiting="0.00" lane="left_0" pos="20.80" speed="23.68" angle="147.03" x="9.20" y="21.95"/>
        <vehicle id="cfm-fast_3" eclass="HBEFA3/PC_G_EU4" CO2="9092.05" CO="113.23" HC="0.74" NOx="3.66" PMx="0.19" fuel="3.91" electricity="0.00" noise="72.32" route="routetop" type="cfm-fast" waiting="0.00" lane="left_0" pos="35.47" speed="23.47" angle="120.69" x="33.39" y="2.10"/>
        <vehicle id="cfm-fast_4" eclass="HBEFA3/PC_G_EU4" CO2="366335.88" CO="9351.04" HC="51.88" NOx="171.19" PMx="10.34" fuel="157.47" electricity="0.00" noise="157.49" route="routetop" type="cfm-fast" waiting="0.00" lane="left_1" pos="1.19" speed="88.32" angle="182.32" x="-1.60" y="61.18"/>
        <vehicle id="cfm-fast_5" eclass="HBEFA3/PC_G_EU4" CO2="15146.13" CO="239.67" HC="1.47" NOx="6.50" PMx="0.35" fuel="6.51" electricity="0.00" noise="75.42" route="routebottom" type="cfm-fast" waiting="0.00" lane="bottom_0" pos="0.09" speed="24.26" angle="94.32" x="63.95" y="-4.95"/>
        <vehicle id="cfm-slow_0" eclass="HBEFA3/PC_G_EU4" CO2="17427.34" CO="292.37" HC="1.77" NOx="7.54" PMx="0.42" fuel="7.49" electricity="0.00" noise="76.80" route="routebottom" type="cfm-slow" waiting="0.00" lane="bottom_0" pos="15.55" speed="25.99" angle="66.50" x="95.89" y="3.09"/>
        <vehicle id="cfm-slow_1" eclass="HBEFA3/PC_G_EU4" CO2="15891.14" CO="269.66" HC="1.63" NOx="6.77" PMx="0.38" fuel="6.83" electricity="0.00" noise="76.34" route="routebottom" type="cfm-slow" waiting="0.00" lane="bottom_0" pos="36.77" speed="27.84" angle="28.30" x="126.41" y="35.92"/>
        <vehicle id="cfm-slow_2" eclass="HBEFA3/PC_G_EU4" CO2="9618.25" CO="149.09" HC="0.92" NOx="3.78" PMx="0.22" fuel="4.13" electricity="0.00" noise="74.50" route="routebottom" type="cfm-slow" waiting="0.00" lane="right_0" pos="9.84" speed="29.23" angle="346.73" x="129.00" y="84.60"/>
        <vehicle id="cfm-slow_3" eclass="HBEFA3/PC_G_EU4" CO2="0.00" CO="0.00" HC="0.00" NOx="0.00" PMx="0.00" fuel="0.00" electricity="0.00" noise="72.89" route="routebottom" type="cfm-slow" waiting="0.00" lane="right_0" pos="34.26" speed="29.62" angle="302.85" x="96.25" y="124.03"/>
        <vehicle id="cfm-slow_4" eclass="HBEFA3/PC_G_EU4" CO2="0.00" CO="0.00" HC="0.00" NOx="0.00" PMx="0.00" fuel="0.00" electricity="0.00" noise="71.87" route="routetop" type="cfm-slow" waiting="0.00" lane="top_0" pos="8.97" speed="28.79" angle="258.31" x="44.52" y="129.55"/>
        <vehicle id="cfm-slow_5" eclass="HBEFA3/PC_G_EU4" CO2="0.00" CO="0.00" HC="0.00" NOx="0.00" PMx="0.00" fuel="0.00" electricity="0.00" noise="70.90" route="routetop" type="cfm-slow" waiting="0.00" lane="top_0" pos="32.73" speed="27.05" angle="215.61" x="4.93" y="99.10"/>
    </timestep>
    <timestep time="6.52">
        <vehicle id="cfm-fast_0" eclass="HBEFA3/PC_G_EU4" CO2="0.00" CO="0.00" HC="0.00" NOx="0.00" PMx="0.00" fuel="0.00" electricity="0.00" noise="70.09" route="routetop" type="cfm-fast" waiting="0.00" lane="left_0" pos="4.96" speed="25.08" angle="175.59" x="-4.11" y="52.93"/>
        <vehicle id="cfm-fast_1" eclass="HBEFA3/PC_G_EU4" CO2="280134.36" CO="6981.68" HC="38.89" NOx="130.63" PMx="7.84" fuel="120.42" electricity="0.00" noise="144.96" route="routebottom" type="cfm-fast" waiting="0.00" lane="right_1" pos="32.80" speed="76.73" angle="305.48" x="97.26" y="119.66"/>
        <vehicle id="cfm-fast_2" eclass="HBEFA3/PC_G_EU4" CO2="0.00" CO="0.00" HC="0.00" NOx="0.00" PMx="0.00" fuel="0.00" electricity="0.00" noise="70.36" route="routetop" type="cfm-fast" waiting="0.00" lane="left_0" pos="21.04" speed="23.68" angle="146.59" x="9.52" y="21.55"/>
        <vehicle id="cfm-fast_3" eclass="HBEFA3/PC_G_EU4" CO2="9142.94" CO="114.29" HC="0.75" NOx="3.69" PMx="0.19" fuel="3.93" electricity="0.00" noise="72.35" route="routetop" type="cfm-fast" waiting="0.00" lane="left_0" pos="35.70" speed="23.48" angle="120.25" x="33.84" y="1.88"/>
        <vehicle id="cfm-fast_4" eclass="HBEFA3/PC_G_EU4" CO2="366992.13" CO="9372.21" HC="51.99" NOx="171.50" PMx="10.36" fuel="157.75" electricity="0.00" noise="157.55" route="routetop" type="cfm-fast" waiting="0.00" lane="left_1" pos="2.08" speed="88.46" angle="180.75" x="-1.50" y="59.37"/>
        <vehicle id="cfm-fast_5" eclass="HBEFA3/PC_G_EU4" CO2="15166.10" CO="240.13" HC="1.47" NOx="6.51" PMx="0.35" fuel="6.52" electricity="0.00" noise="75.43" route="routebottom" type="cfm-fast" waiting="0.00" lane="bottom_0" pos="0.33" speed="24.28" angle="93.88" x="64.47" y="-4.93"/>
        <vehicle id="cfm-slow_0" eclass="HBEFA3/PC_G_EU4" CO2="17413.62" CO="292.16" HC="1.76" NOx="7.53" PMx="0.42" fuel="7.49" electricity="0.00" noise="76.79" route="routebottom" type="cfm-slow" waiting="0.00" lane="bottom_0" pos="15.81" speed="26.01" angle="66.02" x="96.38" y="3.36"/>
        <vehicle id="cfm-slow_1" eclass="HBEFA3/PC_G_EU4" CO2="15832.14" CO="268.53" HC="1.62" NOx="6.74" PMx="0.38" fuel="6.81" electricity="0.00" noise="76.31" route="routebottom" type="cfm-slow" waiting="0.00" lane="bottom_0" pos="37.05" speed="27.86" angle="27.76" x="126.65" y="36.47"/>
        <vehicle id="cfm-slow_2" eclass="HBEFA3/PC_G_EU4" CO2="9527.44" CO="147.26" HC="0.91" NOx="3.74" PMx="0.22" fuel="4.10" electricity="0.00" noise="74.47" route="routebottom" type="cfm-slow" waiting="0.00" lane="right_0" pos="10.14" speed="29.24" angle="346.22" x="128.81" y="85.20"/>
        <vehicle id="cfm-slow_3" eclass="HBEFA3/PC_G_EU4" CO2="0.00" CO="0.00" HC="0.00" NOx="0.00" PMx="0.00" fuel="0.00" electricity="0.00" noise="72.88" route="routebottom" type="cfm-slow" waiting="0.00" lane="right_0" pos="34.56" speed="29.61" angle="302.34" x="95.69" y="124.34"/>
        <vehicle id="cfm-slow_4" eclass="HBEFA3/PC_G_EU4" CO2="0.00" CO="0.00" HC="0.00" NOx="0.00" PMx="0.00" fuel="0.00" electricity="0.00" noise="71.86" route="routetop" type="cfm-slow" waiting="0.00" lane="top_0" pos="9.26" speed="28.77" angle="257.78" x="43.93" y="129.37"/>
        <vehicle id="cfm-slow_5" eclass="HBEFA3/PC_G_EU4" CO2="0.00" CO="0.00" HC="0.00" NOx="0.00" PMx="0.00" fuel="0.00" electricity="0.00" noise="70.89" route="routetop" type="cfm-slow" waiting="0.00" lane="top_0" pos="33.00" speed="27.03" angle="215.10" x="4.63" y="98.60"/>
    </timestep>
    <timestep time="6.53">
        <vehicle id="cfm-fast_0" eclass="HBEFA3/PC_G_EU4" CO2="0.00" CO="0.00" HC="0.00" NOx="0.00" PMx="0.00" fuel="0.00" electricity="0.00" noise="70.09" route="routetop" type="cfm-fast" waiting="0.00" lane="left_0" pos="5.21" speed="25.07" angle="175.10" x="-4.02" y="52.40"/>
        <vehicle id="cfm-fast_1" eclass="HBEFA3/PC_G_EU4" CO2="280870.00" CO="7002.44" HC="39.01" NOx="130.98" PMx="7.86" fuel="120.73" electricity="0.00" noise="145.07" route="routebottom" type="cfm-fast" waiting="0.00" lane="right_1" pos="33.57" speed="76.85" angle="304.13" x="95.90" y="120.45"/>
        <vehicle id="cfm-fast_2" eclass="HBEFA3/PC_G_EU4" CO2="0.00" CO="0.00" HC="0.00" NOx="0.00" PMx="0.00" fuel="0.00" electricity="0.00" noise="70.37" route="routetop" type="cfm-fast" waiting="0.00" lane="left_0" pos="21.27" speed="23.68" angle="146.16" x="9.83" y="21.14"/>
        <vehicle id="cfm-fast_3" eclass="HBEFA3/PC_G_EU4" CO2="9193.62" CO="115.35" HC="0.75" NOx="3.71" PMx="0.19" fuel="3.95" electricity="0.00" noise="72.37" route="routetop" type="cfm-fast" waiting="0.00" lane="left_0" pos="35.94" speed="23.49" angle="119.88" x="34.29" y="1.65"/>
        <vehicle id="cfm-fast_4" eclass="HBEFA3/PC_G_EU4" CO2="367648.67" CO="9393.40" HC="52.11" NOx="171.80" PMx="10.38" fuel="158.03" electricity="0.00" noise="157.62" route="routetop" type="cfm-fast" waiting="0.00" lane="left_1" pos="2.96" speed="88.59" angle="179.18" x="-1.36" y="57.56"/>
        <vehicle id="cfm-fast_5" eclass="HBEFA3/PC_G_EU4" CO2="15185.79" CO="240.58" HC="1.47" NOx="6.52" PMx="0.35" fuel="6.53" electricity="0.00" noise="75.45" route="routebottom" type="cfm-fast" waiting="0.00" lane="bottom_0" pos="0.57" speed="24.30" angle="93.44" x="64.99" y="-4.92"/>
        <vehicle id="cfm-slow_0" eclass="HBEFA3/PC_G_EU4" CO2="17399.51" CO="291.95" HC="1.76" NOx="7.52" PMx="0.42" fuel="7.48" electricity="0.00" noise="76.79" route="routebottom" type="cfm-slow" waiting="0.00" lane="bottom_0" pos="16.07" speed="26.03" angle="65.54" x="96.87" y="3.63"/>
        <vehicle id="cfm-slow_1" eclass="HBEFA3/PC_G_EU4" CO2="15772.83" CO="267.39" HC="1.61" NOx="6.72" PMx="0.38" fuel="6.78" electricity="0.00" noise="76.29" route="routebottom" type="cfm-slow" waiting="0.00" lane="bottom_0" pos="37.33" speed="27.87" angle="27.32" x="126.89" y="37.02"/>
        <vehicle id="cfm-slow_2" eclass="HBEFA3/PC_G_EU4" CO2="9436.72" CO="145.42" HC="0.90" NOx="3.70" PMx="0.22" fuel="4.06" electricity="0.00" noise="74.45" route="routebottom" type="cfm-slow" waiting="0.00" lane="right_0" pos="10.43" speed="29.24" angle="345.72" x="128.61" y="85.80"/>
        <vehicle id="cfm-slow_3" eclass="HBEFA3/PC_G_EU4" CO2="0.00" CO="0.00" HC="0.00" NOx="0.00" PMx="0.00" fuel="0.00" electricity="0.00" noise="72.86" route="routebottom" type="cfm-slow" waiting="0.00" lane="right_0" pos="34.85" speed="29.61" angle="301.83" x="95.12" y="124.63"/>
        <vehicle id="cfm-slow_4" eclass="HBEFA3/PC_G_EU4" CO2="0.00" CO="0.00" HC="0.00" NOx="0.00" PMx="0.00" fuel="0.00" electricity="0.00" noise="71.85" route="routetop" type="cfm-slow" waiting="0.00" lane="top_0" pos="9.55" speed="28.76" angle="257.26" x="43.34" y="129.19"/>
        <vehicle id="cfm-slow_5" eclass="HBEFA3/PC_G_EU4" CO2="0.00" CO="0.00" HC="0.00" NOx="0.00" PMx="0.00" fuel="0.00" electricity="0.00" noise="70.88" route="routetop" type="cfm-slow" waiting="0.00" lane="top_0" pos="33.27" speed="27.02" angle="214.61" x="4.33" y="98.10"/>
    </timestep>
    <timestep time="6.54">
        <vehicle id="cfm-fast_0" eclass="HBEFA3/PC_G_EU4" CO2="0.00" CO="0.00" HC="0.00" NOx="0.00" PMx="0.00" fuel="0.00" electricity="0.00" noise="70.09" route="routetop" type="cfm-fast" waiting="0.00" lane="left_0" pos="5.46" speed="25.06" angle="174.65" x="-3.92" y="51.87"/>
        <vehicle id="cfm-fast_1" eclass="HBEFA3/PC_G_EU4" CO2="281605.79" CO="7023.22" HC="39.12" NOx="131.33" PMx="7.88" fuel="121.05" electricity="0.00" noise="145.17" route="routebottom" type="cfm-fast" waiting="0.00" lane="right_1" pos="34.34" speed="76.97" angle="302.72" x="94.52" y="121.22"/>
        <vehicle id="cfm-fast_2" eclass="HBEFA3/PC_G_EU4" CO2="0.00" CO="0.00" HC="0.00" NOx="0.00" PMx="0.00" fuel="0.00" electricity="0.00" noise="70.38" route="routetop" type="cfm-fast" waiting="0.00" lane="left_0" pos="21.51" speed="23.67" angle="145.72" x="10.15" y="20.74"/>
        <vehicle id="cfm-fast_3" eclass="HBEFA3/PC_G_EU4" CO2="9244.07" CO="116.41" HC="0.76" NOx="3.73" PMx="0.20" fuel="3.97" electricity="0.00" noise="72.39" route="routetop" type="cfm-fast" waiting="0.00" lane="left_0" pos="36.17" speed="23.50" angle="119.44" x="34.75" y="1.44"/>
        <vehicle id="cfm-fast_4" eclass="HBEFA3/PC_G_EU4" CO2="368305.51" CO="9414.62" HC="52.22" NOx="172.11" PMx="10.40" fuel="158.32" electricity="0.00" noise="157.68" route="routetop" type="cfm-fast" waiting="0.00" lane="left_1" pos="3.85" speed="88.73" angle="177.61" x="-1.17" y="55.75"/>
        <vehicle id="cfm-fast_5" eclass="HBEFA3/PC_G_EU4" CO2="15205.20" CO="241.03" HC="1.47" NOx="6.53" PMx="0.35" fuel="6.54" electricity="0.00" noise="75.46" route="routebottom" type="cfm-fast" waiting="0.00" lane="bottom_0" pos="0.82" speed="24.32" angle="92.99" x="65.51" y="-4.91"/>
        <vehicle id="cfm-slow_0" eclass="HBEFA3/PC_G_EU4" CO2="17384.99" CO="291.73" HC="1.76" NOx="7.52" PMx="0.42" fuel="7.47" electricity="0.00" noise="76.78" route="routebottom" type="cfm-slow" waiting="0.00" lane="bottom_0" pos="16.33" speed="26.05" angle="65.06" x="97.36" y="3.91"/>
        <vehicle id="cfm-slow_1" eclass="HBEFA3/PC_G_EU4" CO2="15713.20" CO="266.25" HC="1.61" NOx="6.69" PMx="0.38" fuel="6.75" electricity="0.00" noise="76.27" route="routebottom" type="cfm-slow" waiting="0.00" lane="bottom_0" pos="37.60" speed="27.89" angle="26.82" x="127.11" y="37.58"/>
        <vehicle id="cfm-slow_2" eclass="HBEFA3/PC_G_EU4" CO2="9346.08" CO="143.59" HC="0.89" NOx="3.65" PMx="0.22" fuel="4.02" electricity="0.00" noise="74.43" route="routebottom" type="cfm-slow" waiting="0.00" lane="right_0" pos="10.72" speed="29.25" angle="345.16" x="128.39" y="86.39"/>
        <vehicle id="cfm-slow_3" eclass="HBEFA3/PC_G_EU4" CO2="0.00" CO="0.00" HC="0.00" NOx="0.00" PMx="0.00" fuel="0.00" electricity="0.00" noise="72.85" route="routebottom" type="cfm-slow" waiting="0.00" lane="right_0" pos="35.15" speed="29.60" angle="301.30" x="94.55" y="124.92"/>
        <vehicle id="cfm-slow_4" eclass="HBEFA3/PC_G_EU4" CO2="0.00" CO="0.00" HC="0.00" NOx="0.00" PMx="0.00" fuel="0.00" electricity="0.00" noise="71.84" route="routetop" type="cfm-slow" waiting="0.00" lane="top_0" pos="9.83" speed="28.74" angle="256.74" x="42.75" y="129.00"/>
        <vehicle id="cfm-slow_5" eclass="HBEFA3/PC_G_EU4" CO2="0.00" CO="0.00" HC="0.00" NOx="0.00" PMx="0.00" fuel="0.00" electricity="0.00" noise="70.87" route="routetop" type="cfm-slow" waiting="0.00" lane="top_0" pos="33.54" speed="27.00" angle="214.15" x="4.04" y="97.60"/>
    </timestep>
    <timestep time="6.55">
        <vehicle id="cfm-fast_0" eclass="HBEFA3/PC_G_EU4" CO2="0.00" CO="0.00" HC="0.00" NOx="0.00" PMx="0.00" fuel="0.00" electricity="0.00" noise="70.09" route="routetop" type="cfm-fast" waiting="0.00" lane="left_0" pos="5.72" speed="25.05" angle="174.19" x="-3.83" y="51.34"/>
        <vehicle id="cfm-fast_1" eclass="HBEFA3/PC_G_EU4" CO2="282341.72" CO="7044.02" HC="39.23" NOx="131.67" PMx="7.90" fuel="121.36" electricity="0.00" noise="145.28" route="routebottom" type="cfm-fast" waiting="0.00" lane="right_1" pos="35.11" speed="77.09" angle="301.35" x="93.11" y="121.94"/>
        <vehicle id="cfm-fast_2" eclass="HBEFA3/PC_G_EU4" CO2="0.00" CO="0.00" HC="0.00" NOx="0.00" PMx="0.00" fuel="0.00" electricity="0.00" noise="70.40" route="routetop" type="cfm-fast" waiting="0.00" lane="left_0" pos="21.75" speed="23.67" angle="145.33" x="10.46" y="20.34"/>
        <vehicle id="cfm-fast_3" eclass="HBEFA3/PC_G_EU4" CO2="9294.30" CO="117.46" HC="0.76" NOx="3.76" PMx="0.20" fuel="4.00" electricity="0.00" noise="72.42" route="routetop" type="cfm-fast" waiting="0.00" lane="left_0" pos="36.41" speed="23.50" angle="119.00" x="35.21" y="1.24"/>
        <vehicle id="cfm-fast_4" eclass="HBEFA3/PC_G_EU4" CO2="368962.63" CO="9435.86" HC="52.33" NOx="172.42" PMx="10.42" fuel="158.60" electricity="0.00" noise="157.75" route="routetop" type="cfm-fast" waiting="0.00" lane="left_1" pos="4.74" speed="88.87" angle="175.98" x="-0.92" y="53.95"/>
        <vehicle id="cfm-fast_5" eclass="HBEFA3/PC_G_EU4" CO2="15224.35" CO="241.47" HC="1.48" NOx="6.54" PMx="0.35" fuel="6.54" electricity="0.00" noise="75.47" route="routebottom" type="cfm-fast" waiting="0.00" lane="bottom_0" pos="1.06" speed="24.33" angle="92.55" x="66.04" y="-4.90"/>
        <vehicle id="cfm-slow_0" eclass="HBEFA3/PC_G_EU4" CO2="17370.08" CO="291.50" HC="1.76" NOx="7.51" PMx="0.41" fuel="7.47" electricity="0.00" noise="76.78" route="routebottom" type="cfm-slow" waiting="0.00" lane="bottom_0" pos="16.59" speed="26.06" angle="64.61" x="97.85" y="4.18"/>
        <vehicle id="cfm-slow_1" eclass="HBEFA3/PC_G_EU4" CO2="15653.27" CO="265.09" HC="1.60" NOx="6.66" PMx="0.38" fuel="6.73" electricity="0.00" noise="76.25" route="routebottom" type="cfm-slow" waiting="0.00" lane="bottom_0" pos="37.88" speed="27.90" angle="26.31" x="127.33" y="38.13"/>
        <vehicle id="cfm-slow_2" eclass="HBEFA3/PC_G_EU4" CO2="9255.54" CO="141.76" HC="0.88" NOx="3.61" PMx="0.21" fuel="3.98" electricity="0.00" noise="74.41" route="routebottom" type="cfm-slow" waiting="0.00" lane="right_0" pos="11.01" speed="29.25" angle="344.60" x="128.18" y="86.98"/>
        <vehicle id="cfm-slow_3" eclass="HBEFA3/PC_G_EU4" CO2="0.00" CO="0.00" HC="0.00" NOx="0.00" PMx="0.00" fuel="0.00" electricity="0.00" noise="72.84" route="routebottom" type="cfm-slow" waiting="0.00" lane="right_0" pos="35.45" speed="29.59" angle="300.76" x="93.98" y="125.20"/>
        <vehicle id="cfm-slow_4" eclass="HBEFA3/PC_G_EU4" CO2="0.00" CO="0.00" HC="0.00" NOx="0.00" PMx="0.00" fuel="0.00" electricity="0.00" noise="71.83" route="routetop" type="cfm-slow" waiting="0.00" lane="top_0" pos="10.12" speed="28.72" angle="256.23" x="42.16" y="128.82"/>
        <vehicle id="cfm-slow_5" eclass="HBEFA3/PC_G_EU4" CO2="0.00" CO="0.00" HC="0.00" NOx="0.00" PMx="0.00" fuel="0.00" electricity="0.00" noise="70.86" route="routetop" type="cfm-slow" waiting="0.00" lane="top_0" pos="33.81" speed="26.98" angle="213.66" x="3.76" y="97.09"/>
    </timestep>
    <timestep time="6.56">
        <vehicle id="cfm-fast_0" eclass="HBEFA3/PC_G_EU4" CO2="0.00" CO="0.00" HC="0.00" NOx="0.00" PMx="0.00" fuel="0.00" electricity="0.00" noise="70.09" route="routetop" type="cfm-fast" waiting="0.00" lane="left_0" pos="5.97" speed="25.03" angle="173.73" x="-3.73" y="50.81"/>
        <vehicle id="cfm-fast_1" eclass="HBEFA3/PC_G_EU4" CO2="283077.79" CO="7064.84" HC="39.35" NOx="132.02" PMx="7.92" fuel="121.68" electricity="0.00" noise="145.39" route="routebottom" type="cfm-fast" waiting="0.00" lane="right_1" pos="35.88" speed="77.21" angle="299.96" x="91.70" y="122.65"/>
        <vehicle id="cfm-fast_2" eclass="HBEFA3/PC_G_EU4" CO2="0.00" CO="0.00" HC="0.00" NOx="0.00" PMx="0.00" fuel="0.00" electricity="0.00" noise="70.41" route="routetop" type="cfm-fast" waiting="0.00" lane="left_0" pos="21.98" speed="23.67" angle="144.90" x="10.79" y="19.95"/>
        <vehicle id="cfm-fast_3" eclass="HBEFA3/PC_G_EU4" CO2="9344.31" CO="118.51" HC="0.77" NOx="3.78" PMx="0.20" fuel="4.02" electricity="0.00" noise="72.44" route="routetop" type="cfm-fast" waiting="0.00" lane="left_0" pos="36.64" speed="23.51" angle="118.56" x="35.68" y="1.03"/>
        <vehicle id="cfm-fast_4" eclass="HBEFA3/PC_G_EU4" CO2="369620.05" CO="9457.12" HC="52.45" NOx="172.73" PMx="10.44" fuel="158.88" electricity="0.00" noise="157.82" route="routetop" type="cfm-fast" waiting="0.00" lane="left_1" pos="5.63" speed="89.00" angle="174.35" x="-0.62" y="52.15"/>
        <vehicle id="cfm-fast_5" eclass="HBEFA3/PC_G_EU4" CO2="15243.22" CO="241.90" HC="1.48" NOx="6.54" PMx="0.35" fuel="6.55" electricity="0.00" noise="75.48" route="routebottom" type="cfm-fast" waiting="0.00" lane="bottom_0" pos="1.30" speed="24.35" angle="92.13" x="66.56" y="-4.88"/>
        <vehicle id="cfm-slow_0" eclass="HBEFA3/PC_G_EU4" CO2="17354.77" CO="291.26" HC="1.76" NOx="7.50" PMx="0.41" fuel="7.46" electricity="0.00" noise="76.77" route="routebottom" type="cfm-slow" waiting="0.00" lane="bottom_0" pos="16.85" speed="26.08" angle="64.15" x="98.33" y="4.46"/>
        <vehicle id="cfm-slow_1" eclass="HBEFA3/PC_G_EU4" CO2="15593.04" CO="263.93" HC="1.59" NOx="6.63" PMx="0.37" fuel="6.70" electricity="0.00" noise="76.22" route="routebottom" type="cfm-slow" waiting="0.00" lane="bottom_0" pos="38.16" speed="27.91" angle="25.81" x="127.55" y="38.69"/>
        <vehicle id="cfm-slow_2" eclass="HBEFA3/PC_G_EU4" CO2="9165.09" CO="139.93" HC="0.87" NOx="3.57" PMx="0.21" fuel="3.94" electricity="0.00" noise="74.38" route="routebottom" type="cfm-slow" waiting="0.00" lane="right_0" pos="11.31" speed="29.26" angle="344.05" x="127.96" y="87.57"/>
        <vehicle id="cfm-slow_3" eclass="HBEFA3/PC_G_EU4" CO2="0.00" CO="0.00" HC="0.00" NOx="0.00" PMx="0.00" fuel="0.00" electricity="0.00" noise="72.83" route="routebottom" type="cfm-slow" waiting="0.00" lane="right_0" pos="35.74" speed="29.58" angle="300.23" x="93.41" y="125.49"/>
        <vehicle id="cfm-slow_4" eclass="HBEFA3/PC_G_EU4" CO2="0.00" CO="0.00" HC="0.00" NOx="0.00" PMx="0.00" fuel="0.00" electricity="0.00" noise="71.82" route="routetop" type="cfm-slow" waiting="0.00" lane="top_0" pos="10.41" speed="28.71" angle="255.75" x="41.58" y="128.62"/>
        <vehicle id="cfm-slow_5" eclass="HBEFA3/PC_G_EU4" CO2="0.00" CO="0.00" HC="0.00" NOx="0.00" PMx="0.00" fuel="0.00" electricity="0.00" noise="70.86" route="routetop" type="cfm-slow" waiting="0.00" lane="top_0" pos="34.08" speed="26.96" angle="213.17" x="3.48" y="96.58"/>
    </timestep>
    <timestep time="6.57">
        <vehicle id="cfm-fast_0" eclass="HBEFA3/PC_G_EU4" CO2="0.00" CO="0.00" HC="0.00" NOx="0.00" PMx="0.00" fuel="0.00" electricity="0.00" noise="70.08" route="routetop" type="cfm-fast" waiting="0.00" lane="left_0" pos="6.22" speed="25.02" angle="173.28" x="-3.63" y="50.28"/>
        <vehicle id="cfm-fast_1" eclass="HBEFA3/PC_G_EU4" CO2="283813.99" CO="7085.68" HC="39.46" NOx="132.36" PMx="7.95" fuel="122.00" electricity="0.00" noise="145.50" route="routebottom" type="cfm-fast" waiting="0.00" lane="right_1" pos="36.66" speed="77.33" angle="298.51" x="90.25" y="123.30"/>
        <vehicle id="cfm-fast_2" eclass="HBEFA3/PC_G_EU4" CO2="0.00" CO="0.00" HC="0.00" NOx="0.00" PMx="0.00" fuel="0.00" electricity="0.00" noise="70.42" route="routetop" type="cfm-fast" waiting="0.00" lane="left_0" pos="22.22" speed="23.67" angle="144.46" x="11.12" y="19.56"/>
        <vehicle id="cfm-fast_3" eclass="HBEFA3/PC_G_EU4" CO2="9394.10" CO="119.55" HC="0.78" NOx="3.80" PMx="0.20" fuel="4.04" electricity="0.00" noise="72.47" route="routetop" type="cfm-fast" waiting="0.00" lane="left_0" pos="36.88" speed="23.52" angle="118.12" x="36.14" y="0.82"/>
        <vehicle id="cfm-fast_4" eclass="HBEFA3/PC_G_EU4" CO2="370277.76" CO="9478.40" HC="52.56" NOx="173.04" PMx="10.46" fuel="159.16" electricity="0.00" noise="157.88" route="routetop" type="cfm-fast" waiting="0.00" lane="left_1" pos="6.52" speed="89.14" angle="172.74" x="-0.27" y="50.35"/>
        <vehicle id="cfm-fast_5" eclass="HBEFA3/PC_G_EU4" CO2="15261.82" CO="242.33" HC="1.48" NOx="6.55" PMx="0.36" fuel="6.56" electricity="0.00" noise="75.50" route="routebottom" type="cfm-fast" waiting="0.00" lane="bottom_0" pos="1.55" speed="24.37" angle="91.70" x="67.08" y="-4.85"/>
        <vehicle id="cfm-slow_0" eclass="HBEFA3/PC_G_EU4" CO2="17339.07" CO="291.01" HC="1.76" NOx="7.49" PMx="0.41" fuel="7.45" electricity="0.00" noise="76.76" route="routebottom" type="cfm-slow" waiting="0.00" lane="bottom_0" pos="17.11" speed="26.10" angle="63.67" x="98.81" y="4.75"/>
        <vehicle id="cfm-slow_1" eclass="HBEFA3/PC_G_EU4" CO2="15532.50" CO="262.77" HC="1.59" NOx="6.60" PMx="0.37" fuel="6.68" electricity="0.00" noise="76.20" route="routebottom" type="cfm-slow" waiting="0.00" lane="bottom_0" pos="38.44" speed="27.93" angle="25.34" x="127.78" y="39.25"/>
        <vehicle id="cfm-slow_2" eclass="HBEFA3/PC_G_EU4" CO2="9074.75" CO="138.10" HC="0.86" NOx="3.52" PMx="0.21" fuel="3.90" electricity="0.00" noise="74.36" route="routebottom" type="cfm-slow" waiting="0.00" lane="right_0" pos="11.60" speed="29.26" angle="343.56" x="127.74" y="88.16"/>
        <vehicle id="cfm-slow_3" eclass="HBEFA3/PC_G_EU4" CO2="0.00" CO="0.00" HC="0.00" NOx="0.00" PMx="0.00" fuel="0.00" electricity="0.00" noise="72.81" route="routebottom" type="cfm-slow" waiting="0.00" lane="right_0" pos="36.04" speed="29.58" angle="299.73" x="92.84" y="125.76"/>
        <vehicle id="cfm-slow_4" eclass="HBEFA3/PC_G_EU4" CO2="0.00" CO="0.00" HC="0.00" NOx="0.00" PMx="0.00" fuel="0.00" electricity="0.00" noise="71.81" route="routetop" type="cfm-slow" waiting="0.00" lane="top_0" pos="10.69" speed="28.69" angle="255.21" x="41.00" y="128.41"/>
        <vehicle id="cfm-slow_5" eclass="HBEFA3/PC_G_EU4" CO2="0.00" CO="0.00" HC="0.00" NOx="0.00" PMx="0.00" fuel="0.00" electricity="0.00" noise="70.85" route="routetop" type="cfm-slow" waiting="0.00" lane="top_0" pos="34.35" speed="26.94" angle="212.68" x="3.20" y="96.08"/>
    </timestep>
    <timestep time="6.58">
        <vehicle id="cfm-fast_0" eclass="HBEFA3/PC_G_EU4" CO2="0.00" CO="0.00" HC="0.00" NOx="0.00" PMx="0.00" fuel="0.00" electricity="0.00" noise="70.08" route="routetop" type="cfm-fast" waiting="0.00" lane="left_0" pos="6.47" speed="25.01" angle="172.87" x="-3.53" y="49.75"/>
        <vehicle id="cfm-fast_1" eclass="HBEFA3/PC_G_EU4" CO2="284550.32" CO="7106.54" HC="39.57" NOx="132.71" PMx="7.97" fuel="122.31" electricity="0.00" noise="145.60" route="routebottom" type="cfm-fast" waiting="0.00" lane="right_1" pos="37.43" speed="77.45" angle="297.12" x="88.80" y="123.93"/>
        <vehicle id="cfm-fast_2" eclass="HBEFA3/PC_G_EU4" CO2="0.00" CO="0.00" HC="0.00" NOx="0.00" PMx="0.00" fuel="0.00" electricity="0.00" noise="70.44" route="routetop" type="cfm-fast" waiting="0.00" lane="left_0" pos="22.46" speed="23.67" angle="144.02" x="11.45" y="19.18"/>
        <vehicle id="cfm-fast_3" eclass="HBEFA3/PC_G_EU4" CO2="9443.66" CO="120.59" HC="0.78" NOx="3.83" PMx="0.20" fuel="4.06" electricity="0.00" noise="72.49" route="routetop" type="cfm-fast" waiting="0.00" lane="left_0" pos="37.11" speed="23.53" angle="117.70" x="36.60" y="0.61"/>
        <vehicle id="cfm-fast_4" eclass="HBEFA3/PC_G_EU4" CO2="370935.76" CO="9499.70" HC="52.68" NOx="173.35" PMx="10.48" fuel="159.45" electricity="0.00" noise="157.95" route="routetop" type="cfm-fast" waiting="0.00" lane="left_1" pos="7.41" speed="89.27" angle="171.09" x="0.13" y="48.57"/>
        <vehicle id="cfm-fast_5" eclass="HBEFA3/PC_G_EU4" CO2="15280.13" CO="242.76" HC="1.48" NOx="6.56" PMx="0.36" fuel="6.57" electricity="0.00" noise="75.51" route="routebottom" type="cfm-fast" waiting="0.00" lane="bottom_0" pos="1.79" speed="24.39" angle="91.26" x="67.61" y="-4.82"/>
        <vehicle id="cfm-slow_0" eclass="HBEFA3/PC_G_EU4" CO2="17322.96" CO="290.76" HC="1.76" NOx="7.49" PMx="0.41" fuel="7.45" electricity="0.00" noise="76.76" route="routebottom" type="cfm-slow" waiting="0.00" lane="bottom_0" pos="17.37" speed="26.12" angle="63.19" x="99.30" y="5.04"/>
        <vehicle id="cfm-slow_1" eclass="HBEFA3/PC_G_EU4" CO2="15471.66" CO="261.60" HC="1.58" NOx="6.57" PMx="0.37" fuel="6.65" electricity="0.00" noise="76.18" route="routebottom" type="cfm-slow" waiting="0.00" lane="bottom_0" pos="38.72" speed="27.94" angle="24.86" x="127.98" y="39.81"/>
        <vehicle id="cfm-slow_2" eclass="HBEFA3/PC_G_EU4" CO2="8984.50" CO="136.27" HC="0.85" NOx="3.48" PMx="0.21" fuel="3.86" electricity="0.00" noise="74.34" route="routebottom" type="cfm-slow" waiting="0.00" lane="right_0" pos="11.89" speed="29.27" angle="343.02" x="127.51" y="88.74"/>
        <vehicle id="cfm-slow_3" eclass="HBEFA3/PC_G_EU4" CO2="0.00" CO="0.00" HC="0.00" NOx="0.00" PMx="0.00" fuel="0.00" electricity="0.00" noise="72.80" route="routebottom" type="cfm-slow" waiting="0.00" lane="right_0" pos="36.33" speed="29.57" angle="299.15" x="92.26" y="126.02"/>
        <vehicle id="cfm-slow_4" eclass="HBEFA3/PC_G_EU4" CO2="0.00" CO="0.00" HC="0.00" NOx="0.00" PMx="0.00" fuel="0.00" electricity="0.00" noise="71.80" route="routetop" type="cfm-slow" waiting="0.00" lane="top_0" pos="10.98" speed="28.68" angle="254.67" x="40.42" y="128.20"/>
        <vehicle id="cfm-slow_5" eclass="HBEFA3/PC_G_EU4" CO2="0.00" CO="0.00" HC="0.00" NOx="0.00" PMx="0.00" fuel="0.00" electricity="0.00" noise="70.84" route="routetop" type="cfm-slow" waiting="0.00" lane="top_0" pos="34.62" speed="26.92" angle="212.25" x="2.92" y="95.57"/>
    </timestep>
    <timestep time="6.59">
        <vehicle id="cfm-fast_0" eclass="HBEFA3/PC_G_EU4" CO2="0.00" CO="0.00" HC="0.00" NOx="0.00" PMx="0.00" fuel="0.00" electricity="0.00" noise="70.08" route="routetop" type="cfm-fast" waiting="0.00" lane="left_0" pos="6.72" speed="25.00" angle="172.39" x="-3.41" y="49.23"/>
        <vehicle id="cfm-fast_1" eclass="HBEFA3/PC_G_EU4" CO2="285286.77" CO="7127.42" HC="39.69" NOx="133.06" PMx="7.99" fuel="122.63" electricity="0.00" noise="145.71" route="routebottom" type="cfm-fast" waiting="0.00" lane="right_1" pos="38.21" speed="77.57" angle="295.68" x="87.32" y="124.52"/>
        <vehicle id="cfm-fast_2" eclass="HBEFA3/PC_G_EU4" CO2="0.00" CO="0.00" HC="0.00" NOx="0.00" PMx="0.00" fuel="0.00" electricity="0.00" noise="70.45" route="routetop" type="cfm-fast" waiting="0.00" lane="left_0" pos="22.69" speed="23.67" angle="143.58" x="11.78" y="18.79"/>
        <vehicle id="cfm-fast_3" eclass="HBEFA3/PC_G_EU4" CO2="9493.00" CO="121.62" HC="0.79" NOx="3.85" PMx="0.20" fuel="4.08" electricity="0.00" noise="72.51" route="routetop" type="cfm-fast" waiting="0.00" lane="left_0" pos="37.35" speed="23.54" angle="117.32" x="37.07" y="0.42"/>
        <vehicle id="cfm-fast_4" eclass="HBEFA3/PC_G_EU4" CO2="371594.05" CO="9521.02" HC="52.79" NOx="173.66" PMx="10.50" fuel="159.73" electricity="0.00" noise="158.01" route="routetop" type="cfm-fast" waiting="0.00" lane="left_1" pos="8.31" speed="89.41" angle="169.49" x="0.58" y="46.79"/>
        <vehicle id="cfm-fast_5" eclass="HBEFA3/PC_G_EU4" CO2="15298.17" CO="243.17" HC="1.49" NOx="6.57" PMx="0.36" fuel="6.58" electricity="0.00" noise="75.52" route="routebottom" type="cfm-fast" waiting="0.00" lane="bottom_0" pos="2.03" speed="24.40" angle="90.82" x="68.13" y="-4.79"/>
        <vehicle id="cfm-slow_0" eclass="HBEFA3/PC_G_EU4" CO2="17306.46" CO="290.50" HC="1.75" NOx="7.48" PMx="0.41" fuel="7.44" electricity="0.00" noise="76.75" route="routebottom" type="cfm-slow" waiting="0.00" lane="bottom_0" pos="17.63" speed="26.14" angle="62.71" x="99.78" y="5.33"/>
        <vehicle id="cfm-slow_1" eclass="HBEFA3/PC_G_EU4" CO2="15410.53" CO="260.42" HC="1.57" NOx="6.54" PMx="0.37" fuel="6.62" electricity="0.00" noise="76.15" route="routebottom" type="cfm-slow" waiting="0.00" lane="bottom_0" pos="39.00" speed="27.96" angle="24.35" x="128.19" y="40.38"/>
        <vehicle id="cfm-slow_2" eclass="HBEFA3/PC_G_EU4" CO2="8894.37" CO="134.45" HC="0.84" NOx="3.44" PMx="0.20" fuel="3.82" electricity="0.00" noise="74.32" route="routebottom" type="cfm-slow" waiting="0.00" lane="right_0" pos="12.18" speed="29.27" angle="342.49" x="127.27" y="89.33"/>
        <vehicle id="cfm-slow_3" eclass="HBEFA3/PC_G_EU4" CO2="0.00" CO="0.00" HC="0.00" NOx="0.00" PMx="0.00" fuel="0.00" electricity="0.00" noise="72.79" route="routebottom" type="cfm-slow" waiting="0.00" lane="right_0" pos="36.63" speed="29.56" angle="298.58" x="91.68" y="126.28"/>
        <vehicle id="cfm-slow_4" eclass="HBEFA3/PC_G_EU4" CO2="0.00" CO="0.00" HC="0.00" NOx="0.00" PMx="0.00" fuel="0.00" electricity="0.00" noise="71.79" route="routetop" type="cfm-slow" waiting="0.00" lane="top_0" pos="11.27" speed="28.66" angle="254.12" x="39.84" y="127.99"/>
        <vehicle id="cfm-slow_5" eclass="HBEFA3/PC_G_EU4" CO2="0.00" CO="0.00" HC="0.00" NOx="0.00" PMx="0.00" fuel="0.00" electricity="0.00" noise="70.83" route="routetop" type="cfm-slow" waiting="0.00" lane="top_0" pos="34.89" speed="26.91" angle="211.76" x="2.66" y="95.05"/>
    </timestep>
    <timestep time="6.60">
        <vehicle id="cfm-fast_0" eclass="HBEFA3/PC_G_EU4" CO2="0.00" CO="0.00" HC="0.00" NOx="0.00" PMx="0.00" fuel="0.00" electricity="0.00" noise="70.08" route="routetop" type="cfm-fast" waiting="0.00" lane="left_0" pos="6.97" speed="24.98" angle="171.91" x="-3.29" y="48.71"/>
        <vehicle id="cfm-fast_1" eclass="HBEFA3/PC_G_EU4" CO2="286023.35" CO="7148.32" HC="39.80" NOx="133.40" PMx="8.01" fuel="122.95" electricity="0.00" noise="145.82" route="routebottom" type="cfm-fast" waiting="0.00" lane="right_1" pos="38.98" speed="77.69" angle="294.34" x="85.83" y="125.08"/>
        <vehicle id="cfm-fast_2" eclass="HBEFA3/PC_G_EU4" CO2="0.00" CO="0.00" HC="0.00" NOx="0.00" PMx="0.00" fuel="0.00" electricity="0.00" noise="70.46" route="routetop" type="cfm-fast" waiting="0.00" lane="left_0" pos="22.93" speed="23.67" angle="143.14" x="12.11" y="18.40"/>
        <vehicle id="cfm-fast_3" eclass="HBEFA3/PC_G_EU4" CO2="9542.11" CO="122.65" HC="0.79" NOx="3.87" PMx="0.20" fuel="4.10" electricity="0.00" noise="72.54" route="routetop" type="cfm-fast" waiting="0.00" lane="left_0" pos="37.59" speed="23.55" angle="116.88" x="37.54" y="0.23"/>
        <vehicle id="cfm-fast_4" eclass="HBEFA3/PC_G_EU4" CO2="372252.63" CO="9542.37" HC="52.90" NOx="173.97" PMx="10.52" fuel="160.01" electricity="0.00" noise="158.08" route="routetop" type="cfm-fast" waiting="0.00" lane="left_1" pos="9.20" speed="89.55" angle="167.89" x="1.08" y="45.02"/>
        <vehicle id="cfm-fast_5" eclass="HBEFA3/PC_G_EU4" CO2="15315.93" CO="243.59" HC="1.49" NOx="6.58" PMx="0.36" fuel="6.58" electricity="0.00" noise="75.53" route="routebottom" type="cfm-fast" waiting="0.00" lane="bottom_0" pos="2.28" speed="24.42" angle="90.39" x="68.66" y="-4.76"/>
        <vehicle id="cfm-slow_0" eclass="HBEFA3/PC_G_EU4" CO2="17289.57" CO="290.23" HC="1.75" NOx="7.47" PMx="0.41" fuel="7.43" electricity="0.00" noise="76.75" route="routebottom" type="cfm-slow" waiting="0.00" lane="bottom_0" pos="17.89" speed="26.16" angle="62.28" x="100.26" y="5.62"/>
        <vehicle id="cfm-slow_1" eclass="HBEFA3/PC_G_EU4" CO2="15349.11" CO="259.23" HC="1.57" NOx="6.51" PMx="0.37" fuel="6.60" electricity="0.00" noise="76.13" route="routebottom" type="cfm-slow" waiting="0.00" lane="bottom_0" pos="39.28" speed="27.97" angle="23.85" x="128.39" y="40.95"/>
        <vehicle id="cfm-slow_2" eclass="HBEFA3/PC_G_EU4" CO2="8804.35" CO="132.62" HC="0.83" NOx="3.40" PMx="0.20" fuel="3.78" electricity="0.00" noise="74.29" route="routebottom" type="cfm-slow" waiting="0.00" lane="right_0" pos="12.48" speed="29.27" angle="341.96" x="127.04" y="89.91"/>
        <vehicle id="cfm-slow_3" eclass="HBEFA3/PC_G_EU4" CO2="0.00" CO="0.00" HC="0.00" NOx="0.00" PMx="0.00" fuel="0.00" electricity="0.00" noise="72.78" route="routebottom" type="cfm-slow" waiting="0.00" lane="right_0" pos="36.92" speed="29.56" angle="298.00" x="91.10" y="126.54"/>
        <vehicle id="cfm-slow_4" eclass="HBEFA3/PC_G_EU4" CO2="0.00" CO="0.00" HC="0.00" NOx="0.00" PMx="0.00" fuel="0.00" electricity="0.00" noise="71.78" route="routetop" type="cfm-slow" waiting="0.00" lane="top_0" pos="11.55" speed="28.64" angle="253.65" x="39.26" y="127.78"/>
        <vehicle id="cfm-slow_5" eclass="HBEFA3/PC_G_EU4" CO2="0.00" CO="0.00" HC="0.00" NOx="0.00" PMx="0.00" fuel="0.00" electricity="0.00" noise="70.82" route="routetop" type="cfm-slow" waiting="0.00" lane="top_0" pos="35.16" speed="26.89" angle="211.26" x="2.40" y="94.53"/>
    </timestep>
    <timestep time="6.61">
        <vehicle id="cfm-fast_0" eclass="HBEFA3/PC_G_EU4" CO2="0.00" CO="0.00" HC="0.00" NOx="0.00" PMx="0.00" fuel="0.00" electricity="0.00" noise="70.08" route="routetop" type="cfm-fast" waiting="0.00" lane="left_0" pos="7.22" speed="24.97" angle="171.43" x="-3.17" y="48.18"/>
        <vehicle id="cfm-fast_1" eclass="HBEFA3/PC_G_EU4" CO2="286760.04" CO="7169.24" HC="39.92" NOx="133.75" PMx="8.03" fuel="123.26" electricity="0.00" noise="145.92" route="routebottom" type="cfm-fast" waiting="0.00" lane="right_1" pos="39.76" speed="77.82" angle="293.01" x="84.33" y="125.63"/>
        <vehicle id="cfm-fast_2" eclass="HBEFA3/PC_G_EU4" CO2="0.00" CO="0.00" HC="0.00" NOx="0.00" PMx="0.00" fuel="0.00" electricity="0.00" noise="70.48" route="routetop" type="cfm-fast" waiting="0.00" lane="left_0" pos="23.17" speed="23.66" angle="142.77" x="12.44" y="18.02"/>
        <vehicle id="cfm-fast_3" eclass="HBEFA3/PC_G_EU4" CO2="9590.99" CO="123.68" HC="0.80" NOx="3.90" PMx="0.21" fuel="4.12" electricity="0.00" noise="72.56" route="routetop" type="cfm-fast" waiting="0.00" lane="left_0" pos="37.82" speed="23.56" angle="116.45" x="38.01" y="0.04"/>
        <vehicle id="cfm-fast_4" eclass="HBEFA3/PC_G_EU4" CO2="372911.51" CO="9563.73" HC="53.02" NOx="174.28" PMx="10.54" fuel="160.30" electricity="0.00" noise="158.15" route="routetop" type="cfm-fast" waiting="0.00" lane="left_1" pos="10.10" speed="89.68" angle="166.25" x="1.62" y="43.27"/>
        <vehicle id="cfm-fast_5" eclass="HBEFA3/PC_G_EU4" CO2="15333.40" CO="244.00" HC="1.49" NOx="6.58" PMx="0.36" fuel="6.59" electricity="0.00" noise="75.54" route="routebottom" type="cfm-fast" waiting="0.00" lane="bottom_0" pos="2.52" speed="24.44" angle="89.97" x="69.18" y="-4.73"/>
        <vehicle id="cfm-slow_0" eclass="HBEFA3/PC_G_EU4" CO2="17272.28" CO="289.95" HC="1.75" NOx="7.46" PMx="0.41" fuel="7.42" electricity="0.00" noise="76.74" route="routebottom" type="cfm-slow" waiting="0.00" lane="bottom_0" pos="18.16" speed="26.18" angle="61.81" x="100.73" y="5.93"/>
        <vehicle id="cfm-slow_1" eclass="HBEFA3/PC_G_EU4" CO2="15287.39" CO="258.04" HC="1.56" NOx="6.48" PMx="0.37" fuel="6.57" electricity="0.00" noise="76.11" route="routebottom" type="cfm-slow" waiting="0.00" lane="bottom_0" pos="39.56" speed="27.98" angle="23.34" x="128.60" y="41.51"/>
        <vehicle id="cfm-slow_2" eclass="HBEFA3/PC_G_EU4" CO2="8714.44" CO="130.80" HC="0.82" NOx="3.35" PMx="0.20" fuel="3.75" electricity="0.00" noise="74.27" route="routebottom" type="cfm-slow" waiting="0.00" lane="right_0" pos="12.77" speed="29.28" angle="341.47" x="126.81" y="90.50"/>
        <vehicle id="cfm-slow_3" eclass="HBEFA3/PC_G_EU4" CO2="0.00" CO="0.00" HC="0.00" NOx="0.00" PMx="0.00" fuel="0.00" electricity="0.00" noise="72.76" route="routebottom" type="cfm-slow" waiting="0.00" lane="right_0" pos="37.22" speed="29.55" angle="297.52" x="90.52" y="126.80"/>
        <vehicle id="cfm-slow_4" eclass="HBEFA3/PC_G_EU4" CO2="0.00" CO="0.00" HC="0.00" NOx="0.00" PMx="0.00" fuel="0.00" electricity="0.00" noise="71.78" route="routetop" type="cfm-slow" waiting="0.00" lane="top_0" pos="11.84" speed="28.63" angle="253.13" x="38.69" y="127.55"/>
        <vehicle id="cfm-slow_5" eclass="HBEFA3/PC_G_EU4" CO2="0.00" CO="0.00" HC="0.00" NOx="0.00" PMx="0.00" fuel="0.00" electricity="0.00" noise="70.82" route="routetop" type="cfm-slow" waiting="0.00" lane="top_0" pos="35.43" speed="26.87" angle="210.77" x="2.14" y="94.02"/>
    </timestep>
    <timestep time="6.62">
        <vehicle id="cfm-fast_0" eclass="HBEFA3/PC_G_EU4" CO2="0.00" CO="0.00" HC="0.00" NOx="0.00" PMx="0.00" fuel="0.00" electricity="0.00" noise="70.08" route="routetop" type="cfm-fast" waiting="0.00" lane="left_0" pos="7.46" speed="24.96" angle="170.95" x="-3.05" y="47.66"/>
        <vehicle id="cfm-fast_1" eclass="HBEFA3/PC_G_EU4" CO2="287496.84" CO="7190.18" HC="40.03" NOx="134.09" PMx="8.05" fuel="123.58" electricity="0.00" noise="146.03" route="routebottom" type="cfm-fast" waiting="0.00" lane="right_1" pos="40.54" speed="77.94" angle="291.55" x="82.80" y="126.10"/>
        <vehicle id="cfm-fast_2" eclass="HBEFA3/PC_G_EU4" CO2="0.00" CO="0.00" HC="0.00" NOx="0.00" PMx="0.00" fuel="0.00" electricity="0.00" noise="70.49" route="routetop" type="cfm-fast" waiting="0.00" lane="left_0" pos="23.40" speed="23.66" angle="142.34" x="12.79" y="17.64"/>
        <vehicle id="cfm-fast_3" eclass="HBEFA3/PC_G_EU4" CO2="9639.65" CO="124.70" HC="0.81" NOx="3.92" PMx="0.21" fuel="4.14" electricity="0.00" noise="72.59" route="routetop" type="cfm-fast" waiting="0.00" lane="left_0" pos="38.06" speed="23.57" angle="116.02" x="38.48" y="-0.15"/>
        <vehicle id="cfm-fast_4" eclass="HBEFA3/PC_G_EU4" CO2="373570.68" CO="9585.12" HC="53.13" NOx="174.59" PMx="10.56" fuel="160.58" electricity="0.00" noise="158.21" route="routetop" type="cfm-fast" waiting="0.00" lane="left_1" pos="11.00" speed="89.82" angle="164.65" x="2.23" y="41.53"/>
        <vehicle id="cfm-fast_5" eclass="HBEFA3/PC_G_EU4" CO2="15350.59" CO="244.40" HC="1.49" NOx="6.59" PMx="0.36" fuel="6.60" electricity="0.00" noise="75.55" route="routebottom" type="cfm-fast" waiting="0.00" lane="bottom_0" pos="2.77" speed="24.46" angle="89.53" x="69.71" y="-4.68"/>
        <vehicle id="cfm-slow_0" eclass="HBEFA3/PC_G_EU4" CO2="17254.59" CO="289.66" HC="1.75" NOx="7.45" PMx="0.41" fuel="7.42" electricity="0.00" noise="76.73" route="routebottom" type="cfm-slow" waiting="0.00" lane="bottom_0" pos="18.42" speed="26.19" angle="61.32" x="101.20" y="6.24"/>
        <vehicle id="cfm-slow_1" eclass="HBEFA3/PC_G_EU4" CO2="15225.39" CO="256.84" HC="1.55" NOx="6.45" PMx="0.36" fuel="6.54" electricity="0.00" noise="76.09" route="routebottom" type="cfm-slow" waiting="0.00" lane="bottom_0" pos="39.84" speed="28.00" angle="22.89" x="128.80" y="42.08"/>
        <vehicle id="cfm-slow_2" eclass="HBEFA3/PC_G_EU4" CO2="8624.66" CO="128.98" HC="0.81" NOx="3.31" PMx="0.20" fuel="3.71" electricity="0.00" noise="74.25" route="routebottom" type="cfm-slow" waiting="0.00" lane="right_0" pos="13.06" speed="29.28" angle="340.95" x="126.55" y="91.08"/>
        <vehicle id="cfm-slow_3" eclass="HBEFA3/PC_G_EU4" CO2="0.00" CO="0.00" HC="0.00" NOx="0.00" PMx="0.00" fuel="0.00" electricity="0.00" noise="72.75" route="routebottom" type="cfm-slow" waiting="0.00" lane="right_0" pos="37.52" speed="29.54" angle="296.98" x="89.93" y="127.03"/>
        <vehicle id="cfm-slow_4" eclass="HBEFA3/PC_G_EU4" CO2="0.00" CO="0.00" HC="0.00" NOx="0.00" PMx="0.00" fuel="0.00" electricity="0.00" noise="71.77" route="routetop" type="cfm-slow" waiting="0.00" lane="top_0" pos="12.13" speed="28.61" angle="252.61" x="38.11" y="127.32"/>
        <vehicle id="cfm-slow_5" eclass="HBEFA3/PC_G_EU4" CO2="0.00" CO="0.00" HC="0.00" NOx="0.00" PMx="0.00" fuel="0.00" electricity="0.00" noise="70.81" route="routetop" type="cfm-slow" waiting="0.00" lane="top_0" pos="35.70" speed="26.85" angle="210.27" x="1.88" y="93.50"/>
    </timestep>
    <timestep time="6.63">
        <vehicle id="cfm-fast_0" eclass="HBEFA3/PC_G_EU4" CO2="0.00" CO="0.00" HC="0.00" NOx="0.00" PMx="0.00" fuel="0.00" electricity="0.00" noise="70.08" route="routetop" type="cfm-fast" waiting="0.00" lane="left_0" pos="7.71" speed="24.95" angle="170.54" x="-2.92" y="47.14"/>
        <vehicle id="cfm-fast_1" eclass="HBEFA3/PC_G_EU4" CO2="288233.75" CO="7211.14" HC="40.15" NOx="134.44" PMx="8.08" fuel="123.90" electricity="0.00" noise="146.13" route="routebottom" type="cfm-fast" waiting="0.00" lane="right_1" pos="41.32" speed="78.06" angle="290.15" x="81.26" y="126.55"/>
        <vehicle id="cfm-fast_2" eclass="HBEFA3/PC_G_EU4" CO2="0.00" CO="0.00" HC="0.00" NOx="0.00" PMx="0.00" fuel="0.00" electricity="0.00" noise="70.50" route="routetop" type="cfm-fast" waiting="0.00" lane="left_0" pos="23.64" speed="23.66" angle="141.92" x="13.13" y="17.27"/>
        <vehicle id="cfm-fast_3" eclass="HBEFA3/PC_G_EU4" CO2="9688.07" CO="125.71" HC="0.81" NOx="3.94" PMx="0.21" fuel="4.16" electricity="0.00" noise="72.61" route="routetop" type="cfm-fast" waiting="0.00" lane="left_0" pos="38.29" speed="23.58" angle="115.58" x="38.95" y="-0.34"/>
        <vehicle id="cfm-fast_4" eclass="HBEFA3/PC_G_EU4" CO2="374230.14" CO="9606.53" HC="53.25" NOx="174.90" PMx="10.58" fuel="160.86" electricity="0.00" noise="158.28" route="routetop" type="cfm-fast" waiting="0.00" lane="left_1" pos="11.90" speed="89.96" angle="163.05" x="2.88" y="39.80"/>
        <vehicle id="cfm-fast_5" eclass="HBEFA3/PC_G_EU4" CO2="15367.50" CO="244.80" HC="1.50" NOx="6.60" PMx="0.36" fuel="6.61" electricity="0.00" noise="75.56" route="routebottom" type="cfm-fast" waiting="0.00" lane="bottom_0" pos="3.01" speed="24.47" angle="89.09" x="70.23" y="-4.62"/>
        <vehicle id="cfm-slow_0" eclass="HBEFA3/PC_G_EU4" CO2="17236.51" CO="289.37" HC="1.75" NOx="7.44" PMx="0.41" fuel="7.41" electricity="0.00" noise="76.72" route="routebottom" type="cfm-slow" waiting="0.00" lane="bottom_0" pos="18.68" speed="26.21" angle="60.83" x="101.67" y="6.55"/>
        <vehicle id="cfm-slow_1" eclass="HBEFA3/PC_G_EU4" CO2="15163.11" CO="255.64" HC="1.54" NOx="6.42" PMx="0.36" fuel="6.52" electricity="0.00" noise="76.06" route="routebottom" type="cfm-slow" waiting="0.00" lane="bottom_0" pos="40.12" speed="28.01" angle="22.35" x="128.97" y="42.66"/>
        <vehicle id="cfm-slow_2" eclass="HBEFA3/PC_G_EU4" CO2="8535.00" CO="127.16" HC="0.80" NOx="3.27" PMx="0.19" fuel="3.67" electricity="0.00" noise="74.23" route="routebottom" type="cfm-slow" waiting="0.00" lane="right_0" pos="13.36" speed="29.29" angle="340.42" x="126.29" y="91.65"/>
        <vehicle id="cfm-slow_3" eclass="HBEFA3/PC_G_EU4" CO2="0.00" CO="0.00" HC="0.00" NOx="0.00" PMx="0.00" fuel="0.00" electricity="0.00" noise="72.74" route="routebottom" type="cfm-slow" waiting="0.00" lane="right_0" pos="37.81" speed="29.53" angle="296.45" x="89.34" y="127.27"/>
        <vehicle id="cfm-slow_4" eclass="HBEFA3/PC_G_EU4" CO2="0.00" CO="0.00" HC="0.00" NOx="0.00" PMx="0.00" fuel="0.00" electricity="0.00" noise="71.76" route="routetop" type="cfm-slow" waiting="0.00" lane="top_0" pos="12.41" speed="28.59" angle="252.09" x="37.54" y="127.10"/>
        <vehicle id="cfm-slow_5" eclass="HBEFA3/PC_G_EU4" CO2="0.00" CO="0.00" HC="0.00" NOx="0.00" PMx="0.00" fuel="0.00" electricity="0.00" noise="70.80" route="routetop" type="cfm-slow" waiting="0.00" lane="top_0" pos="35.97" speed="26.83" angle="209.83" x="1.63" y="92.98"/>
    </timestep>
    <timestep time="6.64">
        <vehicle id="cfm-fast_0" eclass="HBEFA3/PC_G_EU4" CO2="0.00" CO="0.00" HC="0.00" NOx="0.00" PMx="0.00" fuel="0.00" electricity="0.00" noise="70.08" route="routetop" type="cfm-fast" waiting="0.00" lane="left_0" pos="7.96" speed="24.93" angle="170.09" x="-2.78" y="46.62"/>
        <vehicle id="cfm-fast_1" eclass="HBEFA3/PC_G_EU4" CO2="288970.77" CO="7232.12" HC="40.26" NOx="134.79" PMx="8.10" fuel="124.21" electricity="0.00" noise="146.24" route="routebottom" type="cfm-fast" waiting="0.00" lane="right_1" pos="42.10" speed="78.18" angle="288.68" x="79.71" y="126.96"/>
        <vehicle id="cfm-fast_2" eclass="HBEFA3/PC_G_EU4" CO2="0.00" CO="0.00" HC="0.00" NOx="0.00" PMx="0.00" fuel="0.00" electricity="0.00" noise="70.52" route="routetop" type="cfm-fast" waiting="0.00" lane="left_0" pos="23.88" speed="23.66" angle="141.49" x="13.48" y="16.89"/>
        <vehicle id="cfm-fast_3" eclass="HBEFA3/PC_G_EU4" CO2="9736.26" CO="126.73" HC="0.82" NOx="3.96" PMx="0.21" fuel="4.19" electricity="0.00" noise="72.63" route="routetop" type="cfm-fast" waiting="0.00" lane="left_0" pos="38.53" speed="23.59" angle="115.20" x="39.42" y="-0.52"/>
        <vehicle id="cfm-fast_4" eclass="HBEFA3/PC_G_EU4" CO2="374889.89" CO="9627.96" HC="53.36" NOx="175.21" PMx="10.60" fuel="161.15" electricity="0.00" noise="158.34" route="routetop" type="cfm-fast" waiting="0.00" lane="left_1" pos="12.80" speed="90.09" angle="161.49" x="3.56" y="38.09"/>
        <vehicle id="cfm-fast_5" eclass="HBEFA3/PC_G_EU4" CO2="15384.12" CO="245.19" HC="1.50" NOx="6.61" PMx="0.36" fuel="6.61" electricity="0.00" noise="75.57" route="routebottom" type="cfm-fast" waiting="0.00" lane="bottom_0" pos="3.26" speed="24.49" angle="88.65" x="70.75" y="-4.57"/>
        <vehicle id="cfm-slow_0" eclass="HBEFA3/PC_G_EU4" CO2="17218.03" CO="289.07" HC="1.75" NOx="7.43" PMx="0.41" fuel="7.40" electricity="0.00" noise="76.72" route="routebottom" type="cfm-slow" waiting="0.00" lane="bottom_0" pos="18.94" speed="26.23" angle="60.34" x="102.14" y="6.87"/>
        <vehicle id="cfm-slow_1" eclass="HBEFA3/PC_G_EU4" CO2="15100.56" CO="254.43" HC="1.54" NOx="6.39" PMx="0.36" fuel="6.49" electricity="0.00" noise="76.04" route="routebottom" type="cfm-slow" waiting="0.00" lane="bottom_0" pos="40.40" speed="28.03" angle="21.82" x="129.15" y="43.23"/>
        <vehicle id="cfm-slow_2" eclass="HBEFA3/PC_G_EU4" CO2="8445.47" CO="125.34" HC="0.79" NOx="3.23" PMx="0.19" fuel="3.63" electricity="0.00" noise="74.21" route="routebottom" type="cfm-slow" waiting="0.00" lane="right_0" pos="13.65" speed="29.29" angle="339.89" x="126.04" y="92.23"/>
        <vehicle id="cfm-slow_3" eclass="HBEFA3/PC_G_EU4" CO2="0.00" CO="0.00" HC="0.00" NOx="0.00" PMx="0.00" fuel="0.00" electricity="0.00" noise="72.73" route="routebottom" type="cfm-slow" waiting="0.00" lane="right_0" pos="38.11" speed="29.52" angle="295.92" x="88.75" y="127.51"/>
        <vehicle id="cfm-slow_4" eclass="HBEFA3/PC_G_EU4" CO2="0.00" CO="0.00" HC="0.00" NOx="0.00" PMx="0.00" fuel="0.00" electricity="0.00" noise="71.75" route="routetop" type="cfm-slow" waiting="0.00" lane="top_0" pos="12.70" speed="28.58" angle="251.59" x="36.97" y="126.87"/>
        <vehicle id="cfm-slow_5" eclass="HBEFA3/PC_G_EU4" CO2="0.00" CO="0.00" HC="0.00" NOx="0.00" PMx="0.00" fuel="0.00" electricity="0.00" noise="70.79" route="routetop" type="cfm-slow" waiting="0.00" lane="top_0" pos="36.23" speed="26.82" angle="209.33" x="1.39" y="92.46"/>
    </timestep>
    <timestep time="6.65">
        <vehicle id="cfm-fast_0" eclass="HBEFA3/PC_G_EU4" CO2="0.00" CO="0.00" HC="0.00" NOx="0.00" PMx="0.00" fuel="0.00" electricity="0.00" noise="70.08" route="routetop" type="cfm-fast" waiting="0.00" lane="left_0" pos="8.21" speed="24.92" angle="169.63" x="-2.65" y="46.10"/>
        <vehicle id="cfm-fast_1" eclass="HBEFA3/PC_G_EU4" CO2="289707.89" CO="7253.12" HC="40.37" NOx="135.13" PMx="8.12" fuel="124.53" electricity="0.00" noise="146.35" route="routebottom" type="cfm-fast" waiting="0.00" lane="right_1" pos="42.89" speed="78.30" angle="287.34" x="78.15" y="127.33"/>
        <vehicle id="cfm-fast_2" eclass="HBEFA3/PC_G_EU4" CO2="0.00" CO="0.00" HC="0.00" NOx="0.00" PMx="0.00" fuel="0.00" electricity="0.00" noise="70.53" route="routetop" type="cfm-fast" waiting="0.00" lane="left_0" pos="24.11" speed="23.66" angle="141.06" x="13.82" y="16.52"/>
        <vehicle id="cfm-fast_3" eclass="HBEFA3/PC_G_EU4" CO2="9784.23" CO="127.73" HC="0.82" NOx="3.99" PMx="0.21" fuel="4.21" electricity="0.00" noise="72.66" route="routetop" type="cfm-fast" waiting="0.00" lane="left_0" pos="38.76" speed="23.60" angle="114.77" x="39.90" y="-0.69"/>
        <vehicle id="cfm-fast_4" eclass="HBEFA3/PC_G_EU4" CO2="375549.93" CO="9649.42" HC="53.48" NOx="175.52" PMx="10.62" fuel="161.43" electricity="0.00" noise="158.41" route="routetop" type="cfm-fast" waiting="0.00" lane="left_1" pos="13.70" speed="90.23" angle="159.84" x="4.32" y="36.40"/>
        <vehicle id="cfm-fast_5" eclass="HBEFA3/PC_G_EU4" CO2="15400.45" CO="245.57" HC="1.50" NOx="6.61" PMx="0.36" fuel="6.62" electricity="0.00" noise="75.59" route="routebottom" type="cfm-fast" waiting="0.00" lane="bottom_0" pos="3.50" speed="24.51" angle="88.21" x="71.28" y="-4.52"/>
        <vehicle id="cfm-slow_0" eclass="HBEFA3/PC_G_EU4" CO2="17199.16" CO="288.76" HC="1.74" NOx="7.42" PMx="0.41" fuel="7.39" electricity="0.00" noise="76.71" route="routebottom" type="cfm-slow" waiting="0.00" lane="bottom_0" pos="19.20" speed="26.25" angle="59.90" x="102.61" y="7.18"/>
        <vehicle id="cfm-slow_1" eclass="HBEFA3/PC_G_EU4" CO2="15037.72" CO="253.21" HC="1.53" NOx="6.36" PMx="0.36" fuel="6.46" electricity="0.00" noise="76.02" route="routebottom" type="cfm-slow" waiting="0.00" lane="bottom_0" pos="40.68" speed="28.04" angle="21.28" x="129.33" y="43.81"/>
        <vehicle id="cfm-slow_2" eclass="HBEFA3/PC_G_EU4" CO2="8356.08" CO="123.53" HC="0.78" NOx="3.18" PMx="0.19" fuel="3.59" electricity="0.00" noise="74.19" route="routebottom" type="cfm-slow" waiting="0.00" lane="right_0" pos="13.94" speed="29.29" angle="339.36" x="125.78" y="92.80"/>
        <vehicle id="cfm-slow_3" eclass="HBEFA3/PC_G_EU4" CO2="0.00" CO="0.00" HC="0.00" NOx="0.00" PMx="0.00" fuel="0.00" electricity="0.00" noise="72.72" route="routebottom" type="cfm-slow" waiting="0.00" lane="right_0" pos="38.40" speed="29.52" angle="295.40" x="88.16" y="127.74"/>
        <vehicle id="cfm-slow_4" eclass="HBEFA3/PC_G_EU4" CO2="0.00" CO="0.00" HC="0.00" NOx="0.00" PMx="0.00" fuel="0.00" electricity="0.00" noise="71.74" route="routetop" type="cfm-slow" waiting="0.00" lane="top_0" pos="12.98" speed="28.56" angle="251.11" x="36.41" y="126.62"/>
        <vehicle id="cfm-slow_5" eclass="HBEFA3/PC_G_EU4" CO2="0.00" CO="0.00" HC="0.00" NOx="0.00" PMx="0.00" fuel="0.00" electricity="0.00" noise="70.78" route="routetop" type="cfm-slow" waiting="0.00" lane="top_0" pos="36.50" speed="26.80" angle="208.83" x="1.16" y="91.93"/>
    </timestep>
    <timestep time="6.66">
        <vehicle id="cfm-fast_0" eclass="HBEFA3/PC_G_EU4" CO2="0.00" CO="0.00" HC="0.00" NOx="0.00" PMx="0.00" fuel="0.00" electricity="0.00" noise="70.08" route="routetop" type="cfm-fast" waiting="0.00" lane="left_0" pos="8.46" speed="24.91" angle="169.17" x="-2.51" y="45.58"/>
        <vehicle id="cfm-fast_1" eclass="HBEFA3/PC_G_EU4" CO2="290445.10" CO="7274.14" HC="40.49" NOx="135.48" PMx="8.14" fuel="124.85" electricity="0.00" noise="146.45" route="routebottom" type="cfm-fast" waiting="0.00" lane="right_1" pos="43.67" speed="78.43" angle="286.00" x="76.58" y="127.68"/>
        <vehicle id="cfm-fast_2" eclass="HBEFA3/PC_G_EU4" CO2="0.00" CO="0.00" HC="0.00" NOx="0.00" PMx="0.00" fuel="0.00" electricity="0.00" noise="70.55" route="routetop" type="cfm-fast" waiting="0.00" lane="left_0" pos="24.35" speed="23.66" angle="140.69" x="14.17" y="16.14"/>
        <vehicle id="cfm-fast_3" eclass="HBEFA3/PC_G_EU4" CO2="9831.96" CO="128.73" HC="0.83" NOx="4.01" PMx="0.21" fuel="4.23" electricity="0.00" noise="72.68" route="routetop" type="cfm-fast" waiting="0.00" lane="left_0" pos="39.00" speed="23.61" angle="114.33" x="40.38" y="-0.86"/>
        <vehicle id="cfm-fast_4" eclass="HBEFA3/PC_G_EU4" CO2="376210.27" CO="9670.89" HC="53.59" NOx="175.83" PMx="10.64" fuel="161.71" electricity="0.00" noise="158.48" route="routetop" type="cfm-fast" waiting="0.00" lane="left_1" pos="14.61" speed="90.37" angle="158.23" x="5.12" y="34.73"/>
        <vehicle id="cfm-fast_5" eclass="HBEFA3/PC_G_EU4" CO2="15416.50" CO="245.95" HC="1.50" NOx="6.62" PMx="0.36" fuel="6.63" electricity="0.00" noise="75.60" route="routebottom" type="cfm-fast" waiting="0.00" lane="bottom_0" pos="3.75" speed="24.53" angle="87.77" x="71.80" y="-4.46"/>
        <vehicle id="cfm-slow_0" eclass="HBEFA3/PC_G_EU4" CO2="17179.90" CO="288.44" HC="1.74" NOx="7.41" PMx="0.41" fuel="7.38" electricity="0.00" noise="76.70" route="routebottom" type="cfm-slow" waiting="0.00" lane="bottom_0" pos="19.47" speed="26.27" angle="59.42" x="103.07" y="7.51"/>
        <vehicle id="cfm-slow_1" eclass="HBEFA3/PC_G_EU4" CO2="14974.62" CO="251.99" HC="1.52" NOx="6.33" PMx="0.36" fuel="6.44" electricity="0.00" noise="75.99" route="routebottom" type="cfm-slow" waiting="0.00" lane="bottom_0" pos="40.96" speed="28.05" angle="20.77" x="129.51" y="44.39"/>
        <vehicle id="cfm-slow_2" eclass="HBEFA3/PC_G_EU4" CO2="8266.82" CO="121.71" HC="0.76" NOx="3.14" PMx="0.19" fuel="3.55" electricity="0.00" noise="74.16" route="routebottom" type="cfm-slow" waiting="0.00" lane="right_0" pos="14.23" speed="29.30" angle="338.87" x="125.51" y="93.37"/>
        <vehicle id="cfm-slow_3" eclass="HBEFA3/PC_G_EU4" CO2="0.00" CO="0.00" HC="0.00" NOx="0.00" PMx="0.00" fuel="0.00" electricity="0.00" noise="72.71" route="routebottom" type="cfm-slow" waiting="0.00" lane="right_0" pos="38.70" speed="29.51" angle="294.90" x="87.56" y="127.96"/>
        <vehicle id="cfm-slow_4" eclass="HBEFA3/PC_G_EU4" CO2="0.00" CO="0.00" HC="0.00" NOx="0.00" PMx="0.00" fuel="0.00" electricity="0.00" noise="71.73" route="routetop" type="cfm-slow" waiting="0.00" lane="top_0" pos="13.27" speed="28.55" angle="250.59" x="35.85" y="126.37"/>
        <vehicle id="cfm-slow_5" eclass="HBEFA3/PC_G_EU4" CO2="0.00" CO="0.00" HC="0.00" NOx="0.00" PMx="0.00" fuel="0.00" electricity="0.00" noise="70.78" route="routetop" type="cfm-slow" waiting="0.00" lane="top_0" pos="36.77" speed="26.78" angle="208.33" x="0.92" y="91.40"/>
    </timestep>
    <timestep time="6.67">
        <vehicle id="cfm-fast_0" eclass="HBEFA3/PC_G_EU4" CO2="0.00" CO="0.00" HC="0.00" NOx="0.00" PMx="0.00" fuel="0.00" electricity="0.00" noise="70.08" route="routetop" type="cfm-fast" waiting="0.00" lane="left_0" pos="8.71" speed="24.90" angle="168.72" x="-2.37" y="45.06"/>
        <vehicle id="cfm-fast_1" eclass="HBEFA3/PC_G_EU4" CO2="291182.41" CO="7295.17" HC="40.60" NOx="135.83" PMx="8.16" fuel="125.16" electricity="0.00" noise="146.56" route="routebottom" type="cfm-fast" waiting="0.00" lane="right_1" pos="44.46" speed="78.55" angle="284.47" x="75.00" y="127.97"/>
        <vehicle id="cfm-fast_2" eclass="HBEFA3/PC_G_EU4" CO2="0.00" CO="0.00" HC="0.00" NOx="0.00" PMx="0.00" fuel="0.00" electricity="0.00" noise="70.56" route="routetop" type="cfm-fast" waiting="0.00" lane="left_0" pos="24.59" speed="23.66" angle="140.26" x="14.53" y="15.78"/>
        <vehicle id="cfm-fast_3" eclass="HBEFA3/PC_G_EU4" CO2="9879.45" CO="129.73" HC="0.84" NOx="4.03" PMx="0.21" fuel="4.25" electricity="0.00" noise="72.70" route="routetop" type="cfm-fast" waiting="0.00" lane="left_0" pos="39.24" speed="23.62" angle="113.90" x="40.86" y="-1.04"/>
        <vehicle id="cfm-fast_4" eclass="HBEFA3/PC_G_EU4" CO2="376870.89" CO="9692.39" HC="53.71" NOx="176.14" PMx="10.66" fuel="162.00" electricity="0.00" noise="158.54" route="routetop" type="cfm-fast" waiting="0.00" lane="left_1" pos="15.51" speed="90.50" angle="156.62" x="5.96" y="33.07"/>
        <vehicle id="cfm-fast_5" eclass="HBEFA3/PC_G_EU4" CO2="15432.25" CO="246.33" HC="1.50" NOx="6.63" PMx="0.36" fuel="6.63" electricity="0.00" noise="75.61" route="routebottom" type="cfm-fast" waiting="0.00" lane="bottom_0" pos="3.99" speed="24.54" angle="87.35" x="72.33" y="-4.39"/>
        <vehicle id="cfm-slow_0" eclass="HBEFA3/PC_G_EU4" CO2="17160.24" CO="288.11" HC="1.74" NOx="7.41" PMx="0.41" fuel="7.38" electricity="0.00" noise="76.69" route="routebottom" type="cfm-slow" waiting="0.00" lane="bottom_0" pos="19.73" speed="26.29" angle="58.94" x="103.53" y="7.84"/>
        <vehicle id="cfm-slow_1" eclass="HBEFA3/PC_G_EU4" CO2="14911.24" CO="250.77" HC="1.52" NOx="6.30" PMx="0.36" fuel="6.41" electricity="0.00" noise="75.97" route="routebottom" type="cfm-slow" waiting="0.00" lane="bottom_0" pos="41.24" speed="28.07" angle="20.30" x="129.67" y="44.97"/>
        <vehicle id="cfm-slow_2" eclass="HBEFA3/PC_G_EU4" CO2="8177.71" CO="119.90" HC="0.75" NOx="3.10" PMx="0.19" fuel="3.52" electricity="0.00" noise="74.14" route="routebottom" type="cfm-slow" waiting="0.00" lane="right_0" pos="14.53" speed="29.30" angle="338.31" x="125.23" y="93.93"/>
        <vehicle id="cfm-slow_3" eclass="HBEFA3/PC_G_EU4" CO2="0.00" CO="0.00" HC="0.00" NOx="0.00" PMx="0.00" fuel="0.00" electricity="0.00" noise="72.69" route="routebottom" type="cfm-slow" waiting="0.00" lane="right_0" pos="38.99" speed="29.50" angle="294.37" x="86.97" y="128.18"/>
        <vehicle id="cfm-slow_4" eclass="HBEFA3/PC_G_EU4" CO2="0.00" CO="0.00" HC="0.00" NOx="0.00" PMx="0.00" fuel="0.00" electricity="0.00" noise="71.72" route="routetop" type="cfm-slow" waiting="0.00" lane="top_0" pos="13.56" speed="28.53" angle="250.07" x="35.29" y="126.12"/>
        <vehicle id="cfm-slow_5" eclass="HBEFA3/PC_G_EU4" CO2="0.00" CO="0.00" HC="0.00" NOx="0.00" PMx="0.00" fuel="0.00" electricity="0.00" noise="70.77" route="routetop" type="cfm-slow" waiting="0.00" lane="top_0" pos="37.04" speed="26.76" angle="207.82" x="0.68" y="90.88"/>
    </timestep>
    <timestep time="6.68">
        <vehicle id="cfm-fast_0" eclass="HBEFA3/PC_G_EU4" CO2="0.00" CO="0.00" HC="0.00" NOx="0.00" PMx="0.00" fuel="0.00" electricity="0.00" noise="70.08" route="routetop" type="cfm-fast" waiting="0.00" lane="left_0" pos="8.96" speed="24.89" angle="168.32" x="-2.23" y="44.55"/>
        <vehicle id="cfm-fast_1" eclass="HBEFA3/PC_G_EU4" CO2="291919.81" CO="7316.23" HC="40.72" NOx="136.17" PMx="8.18" fuel="125.48" electricity="0.00" noise="146.66" route="routebottom" type="cfm-fast" waiting="0.00" lane="right_1" pos="45.24" speed="78.67" angle="283.06" x="73.41" y="128.23"/>
        <vehicle id="cfm-fast_2" eclass="HBEFA3/PC_G_EU4" CO2="0.00" CO="0.00" HC="0.00" NOx="0.00" PMx="0.00" fuel="0.00" electricity="0.00" noise="70.58" route="routetop" type="cfm-fast" waiting="0.00" lane="left_0" pos="24.82" speed="23.66" angle="139.83" x="14.89" y="15.42"/>
        <vehicle id="cfm-fast_3" eclass="HBEFA3/PC_G_EU4" CO2="9926.72" CO="130.73" HC="0.84" NOx="4.05" PMx="0.21" fuel="4.27" electricity="0.00" noise="72.73" route="routetop" type="cfm-fast" waiting="0.00" lane="left_0" pos="39.47" speed="23.62" angle="113.46" x="41.33" y="-1.21"/>
        <vehicle id="cfm-fast_4" eclass="HBEFA3/PC_G_EU4" CO2="377531.81" CO="9713.90" HC="53.82" NOx="176.45" PMx="10.68" fuel="162.28" electricity="0.00" noise="158.61" route="routetop" type="cfm-fast" waiting="0.00" lane="left_1" pos="16.42" speed="90.64" angle="154.96" x="6.86" y="31.45"/>
        <vehicle id="cfm-fast_5" eclass="HBEFA3/PC_G_EU4" CO2="15447.71" CO="246.69" HC="1.51" NOx="6.64" PMx="0.36" fuel="6.64" electricity="0.00" noise="75.62" route="routebottom" type="cfm-fast" waiting="0.00" lane="bottom_0" pos="4.24" speed="24.56" angle="86.90" x="72.85" y="-4.32"/>
        <vehicle id="cfm-slow_0" eclass="HBEFA3/PC_G_EU4" CO2="17140.19" CO="287.78" HC="1.74" NOx="7.40" PMx="0.41" fuel="7.37" electricity="0.00" noise="76.69" route="routebottom" type="cfm-slow" waiting="0.00" lane="bottom_0" pos="19.99" speed="26.30" angle="58.45" x="103.99" y="8.17"/>
        <vehicle id="cfm-slow_1" eclass="HBEFA3/PC_G_EU4" CO2="14847.60" CO="249.53" HC="1.51" NOx="6.27" PMx="0.36" fuel="6.38" electricity="0.00" noise="75.95" route="routebottom" type="cfm-slow" waiting="0.00" lane="bottom_0" pos="41.52" speed="28.08" angle="19.79" x="129.83" y="45.55"/>
        <vehicle id="cfm-slow_2" eclass="HBEFA3/PC_G_EU4" CO2="8088.74" CO="118.09" HC="0.74" NOx="3.06" PMx="0.18" fuel="3.48" electricity="0.00" noise="74.12" route="routebottom" type="cfm-slow" waiting="0.00" lane="right_0" pos="14.82" speed="29.30" angle="337.75" x="124.94" y="94.50"/>
        <vehicle id="cfm-slow_3" eclass="HBEFA3/PC_G_EU4" CO2="0.00" CO="0.00" HC="0.00" NOx="0.00" PMx="0.00" fuel="0.00" electricity="0.00" noise="72.68" route="routebottom" type="cfm-slow" waiting="0.00" lane="right_0" pos="39.29" speed="29.49" angle="293.83" x="86.37" y="128.40"/>
        <vehicle id="cfm-slow_4" eclass="HBEFA3/PC_G_EU4" CO2="0.00" CO="0.00" HC="0.00" NOx="0.00" PMx="0.00" fuel="0.00" electricity="0.00" noise="71.71" route="routetop" type="cfm-slow" waiting="0.00" lane="top_0" pos="13.84" speed="28.51" angle="249.55" x="34.73" y="125.87"/>
        <vehicle id="cfm-slow_5" eclass="HBEFA3/PC_G_EU4" CO2="0.00" CO="0.00" HC="0.00" NOx="0.00" PMx="0.00" fuel="0.00" electricity="0.00" noise="70.76" route="routetop" type="cfm-slow" waiting="0.00" lane="top_0" pos="37.31" speed="26.74" angle="207.40" x="0.45" y="90.35"/>
    </timestep>
    <timestep time="6.69">
        <vehicle id="cfm-fast_0" eclass="HBEFA3/PC_G_EU4" CO2="0.00" CO="0.00" HC="0.00" NOx="0.00" PMx="0.00" fuel="0.00" electricity="0.00" noise="70.08" route="routetop" type="cfm-fast" waiting="0.00" lane="left_0" pos="9.21" speed="24.88" angle="167.86" x="-2.07" y="44.04"/>
        <vehicle id="cfm-fast_1" eclass="HBEFA3/PC_G_EU4" CO2="292657.30" CO="7337.31" HC="40.83" NOx="136.52" PMx="8.21" fuel="125.80" electricity="0.00" noise="146.76" route="routebottom" type="cfm-fast" waiting="0.00" lane="right_1" pos="46.03" speed="78.79" angle="281.62" x="71.81" y="128.46"/>
        <vehicle id="cfm-fast_2" eclass="HBEFA3/PC_G_EU4" CO2="0.00" CO="0.00" HC="0.00" NOx="0.00" PMx="0.00" fuel="0.00" electricity="0.00" noise="70.59" route="routetop" type="cfm-fast" waiting="0.00" lane="left_0" pos="25.06" speed="23.66" angle="139.40" x="15.25" y="15.06"/>
        <vehicle id="cfm-fast_3" eclass="HBEFA3/PC_G_EU4" CO2="9973.75" CO="131.71" HC="0.85" NOx="4.07" PMx="0.22" fuel="4.29" electricity="0.00" noise="72.75" route="routetop" type="cfm-fast" waiting="0.00" lane="left_0" pos="39.71" speed="23.63" angle="113.07" x="41.81" y="-1.38"/>
        <vehicle id="cfm-fast_4" eclass="HBEFA3/PC_G_EU4" CO2="378193.03" CO="9735.44" HC="53.94" NOx="176.76" PMx="10.70" fuel="162.57" electricity="0.00" noise="158.67" route="routetop" type="cfm-fast" waiting="0.00" lane="left_1" pos="17.32" speed="90.77" angle="153.31" x="7.80" y="29.84"/>
        <vehicle id="cfm-fast_5" eclass="HBEFA3/PC_G_EU4" CO2="15462.89" CO="247.06" HC="1.51" NOx="6.64" PMx="0.36" fuel="6.65" electricity="0.00" noise="75.63" route="routebottom" type="cfm-fast" waiting="0.00" lane="bottom_0" pos="4.48" speed="24.58" angle="86.46" x="73.37" y="-4.25"/>
        <vehicle id="cfm-slow_0" eclass="HBEFA3/PC_G_EU4" CO2="17119.75" CO="287.43" HC="1.74" NOx="7.39" PMx="0.41" fuel="7.36" electricity="0.00" noise="76.68" route="routebottom" type="cfm-slow" waiting="0.00" lane="bottom_0" pos="20.26" speed="26.32" angle="57.97" x="104.45" y="8.50"/>
        <vehicle id="cfm-slow_1" eclass="HBEFA3/PC_G_EU4" CO2="14783.70" CO="248.29" HC="1.50" NOx="6.24" PMx="0.35" fuel="6.35" electricity="0.00" noise="75.93" route="routebottom" type="cfm-slow" waiting="0.00" lane="bottom_0" pos="41.80" speed="28.09" angle="19.28" x="129.98" y="46.13"/>
        <vehicle id="cfm-slow_2" eclass="HBEFA3/PC_G_EU4" CO2="7999.92" CO="116.29" HC="0.73" NOx="3.02" PMx="0.18" fuel="3.44" electricity="0.00" noise="74.10" route="routebottom" type="cfm-slow" waiting="0.00" lane="right_0" pos="15.11" speed="29.31" angle="337.20" x="124.66" y="95.06"/>
        <vehicle id="cfm-slow_3" eclass="HBEFA3/PC_G_EU4" CO2="0.00" CO="0.00" HC="0.00" NOx="0.00" PMx="0.00" fuel="0.00" electricity="0.00" noise="72.67" route="routebottom" type="cfm-slow" waiting="0.00" lane="right_0" pos="39.58" speed="29.48" angle="293.30" x="85.77" y="128.61"/>
        <vehicle id="cfm-slow_4" eclass="HBEFA3/PC_G_EU4" CO2="0.00" CO="0.00" HC="0.00" NOx="0.00" PMx="0.00" fuel="0.00" electricity="0.00" noise="71.70" route="routetop" type="cfm-slow" waiting="0.00" lane="top_0" pos="14.13" speed="28.50" angle="249.09" x="34.17" y="125.62"/>
        <vehicle id="cfm-slow_5" eclass="HBEFA3/PC_G_EU4" CO2="0.00" CO="0.00" HC="0.00" NOx="0.00" PMx="0.00" fuel="0.00" electricity="0.00" noise="70.75" route="routetop" type="cfm-slow" waiting="0.00" lane="top_0" pos="37.57" speed="26.73" angle="206.91" x="0.24" y="89.82"/>
    </timestep>
    <timestep time="6.70">
        <vehicle id="cfm-fast_0" eclass="HBEFA3/PC_G_EU4" CO2="0.00" CO="0.00" HC="0.00" NOx="0.00" PMx="0.00" fuel="0.00" electricity="0.00" noise="70.08" route="routetop" type="cfm-fast" waiting="0.00" lane="left_0" pos="9.46" speed="24.87" angle="167.40" x="-1.91" y="43.52"/>
        <vehicle id="cfm-fast_1" eclass="HBEFA3/PC_G_EU4" CO2="293394.87" CO="7358.40" HC="40.95" NOx="136.87" PMx="8.23" fuel="126.12" electricity="0.00" noise="146.87" route="routebottom" type="cfm-fast" waiting="0.00" lane="right_1" pos="46.82" speed="78.92" angle="280.27" x="70.20" y="128.64"/>
        <vehicle id="cfm-fast_2" eclass="HBEFA3/PC_G_EU4" CO2="0.00" CO="0.00" HC="0.00" NOx="0.00" PMx="0.00" fuel="0.00" electricity="0.00" noise="70.61" route="routetop" type="cfm-fast" waiting="0.00" lane="left_0" pos="25.30" speed="23.66" angle="138.96" x="15.61" y="14.70"/>
        <vehicle id="cfm-fast_3" eclass="HBEFA3/PC_G_EU4" CO2="10020.54" CO="132.70" HC="0.85" NOx="4.10" PMx="0.22" fuel="4.31" electricity="0.00" noise="72.77" route="routetop" type="cfm-fast" waiting="0.00" lane="left_0" pos="39.95" speed="23.64" angle="112.65" x="42.30" y="-1.53"/>
        <vehicle id="cfm-fast_4" eclass="HBEFA3/PC_G_EU4" CO2="378854.53" CO="9757.00" HC="54.05" NOx="177.07" PMx="10.72" fuel="162.85" electricity="0.00" noise="158.74" route="routetop" type="cfm-fast" waiting="0.00" lane="left_1" pos="18.23" speed="90.91" angle="151.67" x="8.79" y="28.26"/>
        <vehicle id="cfm-fast_5" eclass="HBEFA3/PC_G_EU4" CO2="15477.76" CO="247.41" HC="1.51" NOx="6.65" PMx="0.36" fuel="6.65" electricity="0.00" noise="75.64" route="routebottom" type="cfm-fast" waiting="0.00" lane="bottom_0" pos="4.73" speed="24.60" angle="86.01" x="73.90" y="-4.18"/>
        <vehicle id="cfm-slow_0" eclass="HBEFA3/PC_G_EU4" CO2="17098.92" CO="287.08" HC="1.73" NOx="7.37" PMx="0.41" fuel="7.35" electricity="0.00" noise="76.67" route="routebottom" type="cfm-slow" waiting="0.00" lane="bottom_0" pos="20.52" speed="26.34" angle="57.55" x="104.91" y="8.83"/>
        <vehicle id="cfm-slow_1" eclass="HBEFA3/PC_G_EU4" CO2="14719.54" CO="247.05" HC="1.49" NOx="6.21" PMx="0.35" fuel="6.33" electricity="0.00" noise="75.90" route="routebottom" type="cfm-slow" waiting="0.00" lane="bottom_0" pos="42.08" speed="28.11" angle="18.76" x="130.14" y="46.72"/>
        <vehicle id="cfm-slow_2" eclass="HBEFA3/PC_G_EU4" CO2="7911.25" CO="114.48" HC="0.72" NOx="2.97" PMx="0.18" fuel="3.40" electricity="0.00" noise="74.08" route="routebottom" type="cfm-slow" waiting="0.00" lane="right_0" pos="15.41" speed="29.31" angle="336.72" x="124.38" y="95.62"/>
        <vehicle id="cfm-slow_3" eclass="HBEFA3/PC_G_EU4" CO2="0.00" CO="0.00" HC="0.00" NOx="0.00" PMx="0.00" fuel="0.00" electricity="0.00" noise="72.66" route="routebottom" type="cfm-slow" waiting="0.00" lane="right_0" pos="39.88" speed="29.48" angle="292.82" x="85.17" y="128.82"/>
        <vehicle id="cfm-slow_4" eclass="HBEFA3/PC_G_EU4" CO2="0.00" CO="0.00" HC="0.00" NOx="0.00" PMx="0.00" fuel="0.00" electricity="0.00" noise="71.69" route="routetop" type="cfm-slow" waiting="0.00" lane="top_0" pos="14.41" speed="28.48" angle="248.54" x="33.62" y="125.34"/>
        <vehicle id="cfm-slow_5" eclass="HBEFA3/PC_G_EU4" CO2="0.00" CO="0.00" HC="0.00" NOx="0.00" PMx="0.00" fuel="0.00" electricity="0.00" noise="70.75" route="routetop" type="cfm-slow" waiting="0.00" lane="top_0" pos="37.84" speed="26.71" angle="206.42" x="0.03" y="89.28"/>
    </timestep>
    <timestep time="6.71">
        <vehicle id="cfm-fast_0" eclass="HBEFA3/PC_G_EU4" CO2="0.00" CO="0.00" HC="0.00" NOx="0.00" PMx="0.00" fuel="0.00" electricity="0.00" noise="70.08" route="routetop" type="cfm-fast" waiting="0.00" lane="left_0" pos="9.71" speed="24.85" angle="166.94" x="-1.76" y="43.01"/>
        <vehicle id="cfm-fast_1" eclass="HBEFA3/PC_G_EU4" CO2="294132.51" CO="7379.52" HC="41.06" NOx="137.21" PMx="8.25" fuel="126.43" electricity="0.00" noise="146.97" route="routebottom" type="cfm-fast" waiting="0.00" lane="right_1" pos="47.61" speed="79.04" angle="278.89" x="68.59" y="128.79"/>
        <vehicle id="cfm-fast_2" eclass="HBEFA3/PC_G_EU4" CO2="0.00" CO="0.00" HC="0.00" NOx="0.00" PMx="0.00" fuel="0.00" electricity="0.00" noise="70.62" route="routetop" type="cfm-fast" waiting="0.00" lane="left_0" pos="25.53" speed="23.66" angle="138.54" x="15.97" y="14.34"/>
        <vehicle id="cfm-fast_3" eclass="HBEFA3/PC_G_EU4" CO2="10067.09" CO="133.68" HC="0.86" NOx="4.12" PMx="0.22" fuel="4.33" electricity="0.00" noise="72.80" route="routetop" type="cfm-fast" waiting="0.00" lane="left_0" pos="40.18" speed="23.65" angle="112.21" x="42.78" y="-1.68"/>
        <vehicle id="cfm-fast_4" eclass="HBEFA3/PC_G_EU4" CO2="379516.33" CO="9778.59" HC="54.17" NOx="177.38" PMx="10.74" fuel="163.14" electricity="0.00" noise="158.81" route="routetop" type="cfm-fast" waiting="0.00" lane="left_1" pos="19.14" speed="91.05" angle="149.95" x="9.82" y="26.71"/>
        <vehicle id="cfm-fast_5" eclass="HBEFA3/PC_G_EU4" CO2="15492.34" CO="247.76" HC="1.51" NOx="6.66" PMx="0.36" fuel="6.66" electricity="0.00" noise="75.65" route="routebottom" type="cfm-fast" waiting="0.00" lane="bottom_0" pos="4.98" speed="24.61" angle="85.56" x="74.42" y="-4.10"/>
        <vehicle id="cfm-slow_0" eclass="HBEFA3/PC_G_EU4" CO2="17077.70" CO="286.73" HC="1.73" NOx="7.36" PMx="0.41" fuel="7.34" electricity="0.00" noise="76.66" route="routebottom" type="cfm-slow" waiting="0.00" lane="bottom_0" pos="20.78" speed="26.36" angle="57.07" x="105.35" y="9.18"/>
        <vehicle id="cfm-slow_1" eclass="HBEFA3/PC_G_EU4" CO2="14655.13" CO="245.80" HC="1.49" NOx="6.18" PMx="0.35" fuel="6.30" electricity="0.00" noise="75.88" route="routebottom" type="cfm-slow" waiting="0.00" lane="bottom_0" pos="42.37" speed="28.12" angle="18.31" x="130.29" y="47.30"/>
        <vehicle id="cfm-slow_2" eclass="HBEFA3/PC_G_EU4" CO2="7822.74" CO="112.68" HC="0.71" NOx="2.93" PMx="0.18" fuel="3.36" electricity="0.00" noise="74.06" route="routebottom" type="cfm-slow" waiting="0.00" lane="right_0" pos="15.70" speed="29.31" angle="336.19" x="124.07" y="96.17"/>
        <vehicle id="cfm-slow_3" eclass="HBEFA3/PC_G_EU4" CO2="0.00" CO="0.00" HC="0.00" NOx="0.00" PMx="0.00" fuel="0.00" electricity="0.00" noise="72.65" route="routebottom" type="cfm-slow" waiting="0.00" lane="right_0" pos="40.17" speed="29.47" angle="292.26" x="84.57" y="129.01"/>
        <vehicle id="cfm-slow_4" eclass="HBEFA3/PC_G_EU4" CO2="0.00" CO="0.00" HC="0.00" NOx="0.00" PMx="0.00" fuel="0.00" electricity="0.00" noise="71.68" route="routetop" type="cfm-slow" waiting="0.00" lane="top_0" pos="14.69" speed="28.46" angle="248.00" x="33.07" y="125.07"/>
        <vehicle id="cfm-slow_5" eclass="HBEFA3/PC_G_EU4" CO2="0.00" CO="0.00" HC="0.00" NOx="0.00" PMx="0.00" fuel="0.00" electricity="0.00" noise="70.74" route="routetop" type="cfm-slow" waiting="0.00" lane="top_0" pos="38.11" speed="26.69" angle="205.93" x="-0.19" y="88.75"/>
    </timestep>
    <timestep time="6.72">
        <vehicle id="cfm-fast_0" eclass="HBEFA3/PC_G_EU4" CO2="0.00" CO="0.00" HC="0.00" NOx="0.00" PMx="0.00" fuel="0.00" electricity="0.00" noise="70.08" route="routetop" type="cfm-fast" waiting="0.00" lane="left_0" pos="9.95" speed="24.84" angle="166.48" x="-1.60" y="42.50"/>
        <vehicle id="cfm-fast_1" eclass="HBEFA3/PC_G_EU4" CO2="294870.24" CO="7400.65" HC="41.18" NOx="137.56" PMx="8.27" fuel="126.75" electricity="0.00" noise="147.08" route="routebottom" type="cfm-fast" waiting="0.00" lane="right_1" pos="48.40" speed="79.16" angle="277.37" x="66.97" y="128.88"/>
        <vehicle id="cfm-fast_2" eclass="HBEFA3/PC_G_EU4" CO2="0.00" CO="0.00" HC="0.00" NOx="0.00" PMx="0.00" fuel="0.00" electricity="0.00" noise="70.64" route="routetop" type="cfm-fast" waiting="0.00" lane="left_0" pos="25.77" speed="23.66" angle="138.15" x="16.33" y="13.99"/>
        <vehicle id="cfm-fast_3" eclass="HBEFA3/PC_G_EU4" CO2="10113.41" CO="134.65" HC="0.86" NOx="4.14" PMx="0.22" fuel="4.35" electricity="0.00" noise="72.82" route="routetop" type="cfm-fast" waiting="0.00" lane="left_0" pos="40.42" speed="23.66" angle="111.76" x="43.27" y="-1.83"/>
        <vehicle id="cfm-fast_4" eclass="HBEFA3/PC_G_EU4" CO2="380178.41" CO="9800.19" HC="54.28" NOx="177.69" PMx="10.76" fuel="163.42" electricity="0.00" noise="158.87" route="routetop" type="cfm-fast" waiting="0.00" lane="left_1" pos="20.06" speed="91.18" angle="148.32" x="10.91" y="25.19"/>
        <vehicle id="cfm-fast_5" eclass="HBEFA3/PC_G_EU4" CO2="15506.63" CO="248.11" HC="1.51" NOx="6.66" PMx="0.36" fuel="6.67" electricity="0.00" noise="75.66" route="routebottom" type="cfm-fast" waiting="0.00" lane="bottom_0" pos="5.22" speed="24.63" angle="85.08" x="74.95" y="-4.02"/>
        <vehicle id="cfm-slow_0" eclass="HBEFA3/PC_G_EU4" CO2="17056.09" CO="286.36" HC="1.73" NOx="7.35" PMx="0.41" fuel="7.33" electricity="0.00" noise="76.65" route="routebottom" type="cfm-slow" waiting="0.00" lane="bottom_0" pos="21.05" speed="26.38" angle="56.59" x="105.80" y="9.53"/>
        <vehicle id="cfm-slow_1" eclass="HBEFA3/PC_G_EU4" CO2="14590.46" CO="244.54" HC="1.48" NOx="6.15" PMx="0.35" fuel="6.27" electricity="0.00" noise="75.86" route="routebottom" type="cfm-slow" waiting="0.00" lane="bottom_0" pos="42.65" speed="28.13" angle="17.80" x="130.43" y="47.89"/>
        <vehicle id="cfm-slow_2" eclass="HBEFA3/PC_G_EU4" CO2="7734.39" CO="110.88" HC="0.70" NOx="2.89" PMx="0.17" fuel="3.32" electricity="0.00" noise="74.04" route="routebottom" type="cfm-slow" waiting="0.00" lane="right_0" pos="15.99" speed="29.32" angle="335.66" x="123.76" y="96.73"/>
        <vehicle id="cfm-slow_3" eclass="HBEFA3/PC_G_EU4" CO2="0.00" CO="0.00" HC="0.00" NOx="0.00" PMx="0.00" fuel="0.00" electricity="0.00" noise="72.64" route="routebottom" type="cfm-slow" waiting="0.00" lane="right_0" pos="40.47" speed="29.46" angle="291.70" x="83.96" y="129.19"/>
        <vehicle id="cfm-slow_4" eclass="HBEFA3/PC_G_EU4" CO2="0.00" CO="0.00" HC="0.00" NOx="0.00" PMx="0.00" fuel="0.00" electricity="0.00" noise="71.67" route="routetop" type="cfm-slow" waiting="0.00" lane="top_0" pos="14.98" speed="28.45" angle="247.46" x="32.53" y="124.79"/>
        <vehicle id="cfm-slow_5" eclass="HBEFA3/PC_G_EU4" CO2="0.00" CO="0.00" HC="0.00" NOx="0.00" PMx="0.00" fuel="0.00" electricity="0.00" noise="70.73" route="routetop" type="cfm-slow" waiting="0.00" lane="top_0" pos="38.37" speed="26.67" angle="205.45" x="-0.40" y="88.22"/>
    </timestep>
    <timestep time="6.73">
        <vehicle id="cfm-fast_0" eclass="HBEFA3/PC_G_EU4" CO2="0.00" CO="0.00" HC="0.00" NOx="0.00" PMx="0.00" fuel="0.00" electricity="0.00" noise="70.08" route="routetop" type="cfm-fast" waiting="0.00" lane="left_0" pos="10.20" speed="24.83" angle="166.07" x="-1.44" y="41.99"/>
        <vehicle id="cfm-fast_1" eclass="HBEFA3/PC_G_EU4" CO2="295608.03" CO="7421.80" HC="41.29" NOx="137.91" PMx="8.29" fuel="127.07" electricity="0.00" noise="147.18" route="routebottom" type="cfm-fast" waiting="0.00" lane="right_1" pos="49.19" speed="79.28" angle="275.95" x="65.34" y="128.94"/>
        <vehicle id="cfm-fast_2" eclass="HBEFA3/PC_G_EU4" CO2="0.00" CO="0.00" HC="0.00" NOx="0.00" PMx="0.00" fuel="0.00" electricity="0.00" noise="70.65" route="routetop" type="cfm-fast" waiting="0.00" lane="left_0" pos="26.01" speed="23.66" angle="137.71" x="16.71" y="13.65"/>
        <vehicle id="cfm-fast_3" eclass="HBEFA3/PC_G_EU4" CO2="10159.49" CO="135.62" HC="0.87" NOx="4.16" PMx="0.22" fuel="4.37" electricity="0.00" noise="72.84" route="routetop" type="cfm-fast" waiting="0.00" lane="left_0" pos="40.66" speed="23.67" angle="111.32" x="43.76" y="-1.99"/>
        <vehicle id="cfm-fast_4" eclass="HBEFA3/PC_G_EU4" CO2="380840.79" CO="9821.82" HC="54.40" NOx="178.00" PMx="10.79" fuel="163.70" electricity="0.00" noise="158.94" route="routetop" type="cfm-fast" waiting="0.00" lane="left_1" pos="20.97" speed="91.32" angle="146.73" x="12.03" y="23.69"/>
        <vehicle id="cfm-fast_5" eclass="HBEFA3/PC_G_EU4" CO2="15520.62" CO="248.45" HC="1.52" NOx="6.67" PMx="0.36" fuel="6.67" electricity="0.00" noise="75.67" route="routebottom" type="cfm-fast" waiting="0.00" lane="bottom_0" pos="5.47" speed="24.65" angle="84.63" x="75.47" y="-3.92"/>
        <vehicle id="cfm-slow_0" eclass="HBEFA3/PC_G_EU4" CO2="17034.09" CO="285.98" HC="1.73" NOx="7.34" PMx="0.41" fuel="7.32" electricity="0.00" noise="76.64" route="routebottom" type="cfm-slow" waiting="0.00" lane="bottom_0" pos="21.31" speed="26.40" angle="56.11" x="106.25" y="9.88"/>
        <vehicle id="cfm-slow_1" eclass="HBEFA3/PC_G_EU4" CO2="14525.55" CO="243.28" HC="1.47" NOx="6.12" PMx="0.35" fuel="6.24" electricity="0.00" noise="75.83" route="routebottom" type="cfm-slow" waiting="0.00" lane="bottom_0" pos="42.93" speed="28.14" angle="17.29" x="130.56" y="48.48"/>
        <vehicle id="cfm-slow_2" eclass="HBEFA3/PC_G_EU4" CO2="7646.21" CO="109.08" HC="0.69" NOx="2.85" PMx="0.17" fuel="3.29" electricity="0.00" noise="74.02" route="routebottom" type="cfm-slow" waiting="0.00" lane="right_0" pos="16.29" speed="29.32" angle="335.13" x="123.46" y="97.28"/>
        <vehicle id="cfm-slow_3" eclass="HBEFA3/PC_G_EU4" CO2="0.00" CO="0.00" HC="0.00" NOx="0.00" PMx="0.00" fuel="0.00" electricity="0.00" noise="72.63" route="routebottom" type="cfm-slow" waiting="0.00" lane="right_0" pos="40.76" speed="29.45" angle="291.14" x="83.36" y="129.38"/>
        <vehicle id="cfm-slow_4" eclass="HBEFA3/PC_G_EU4" CO2="0.00" CO="0.00" HC="0.00" NOx="0.00" PMx="0.00" fuel="0.00" electricity="0.00" noise="71.67" route="routetop" type="cfm-slow" waiting="0.00" lane="top_0" pos="15.26" speed="28.43" angle="246.93" x="31.98" y="124.52"/>
        <vehicle id="cfm-slow_5" eclass="HBEFA3/PC_G_EU4" CO2="0.00" CO="0.00" HC="0.00" NOx="0.00" PMx="0.00" fuel="0.00" electricity="0.00" noise="70.73" route="routetop" type="cfm-slow" waiting="0.00" lane="top_0" pos="38.64" speed="26.66" angle="205.00" x="-0.60" y="87.68"/>
    </timestep>
    <timestep time="6.74">
        <vehicle id="cfm-fast_0" eclass="HBEFA3/PC_G_EU4" CO2="0.00" CO="0.00" HC="0.00" NOx="0.00" PMx="0.00" fuel="0.00" electricity="0.00" noise="70.08" route="routetop" type="cfm-fast" waiting="0.00" lane="left_0" pos="10.45" speed="24.82" angle="165.63" x="-1.26" y="41.49"/>
        <vehicle id="cfm-fast_1" eclass="HBEFA3/PC_G_EU4" CO2="296345.90" CO="7442.97" HC="41.41" NOx="138.25" PMx="8.31" fuel="127.38" electricity="0.00" noise="147.28" route="routebottom" type="cfm-fast" waiting="0.00" lane="right_1" pos="49.99" speed="79.41" angle="274.53" x="63.71" y="128.97"/>
        <vehicle id="cfm-fast_2" eclass="HBEFA3/PC_G_EU4" CO2="3991.27" CO="8.59" HC="0.14" NOx="1.25" PMx="0.06" fuel="1.72" electricity="0.00" noise="70.67" route="routetop" type="cfm-fast" waiting="0.00" lane="left_0" pos="26.24" speed="23.66" angle="137.28" x="17.08" y="13.30"/>
        <vehicle id="cfm-fast_3" eclass="HBEFA3/PC_G_EU4" CO2="10205.33" CO="136.59" HC="0.87" NOx="4.18" PMx="0.22" fuel="4.39" electricity="0.00" noise="72.87" route="routetop" type="cfm-fast" waiting="0.00" lane="left_0" pos="40.89" speed="23.68" angle="110.88" x="44.24" y="-2.14"/>
        <vehicle id="cfm-fast_4" eclass="HBEFA3/PC_G_EU4" CO2="381503.46" CO="9843.46" HC="54.52" NOx="178.32" PMx="10.81" fuel="163.99" electricity="0.00" noise="159.00" route="routetop" type="cfm-fast" waiting="0.00" lane="left_1" pos="21.88" speed="91.46" angle="145.12" x="13.19" y="22.22"/>
        <vehicle id="cfm-fast_5" eclass="HBEFA3/PC_G_EU4" CO2="15534.31" CO="248.78" HC="1.52" NOx="6.67" PMx="0.36" fuel="6.68" electricity="0.00" noise="75.67" route="routebottom" type="cfm-fast" waiting="0.00" lane="bottom_0" pos="5.72" speed="24.67" angle="84.18" x="75.99" y="-3.83"/>
        <vehicle id="cfm-slow_0" eclass="HBEFA3/PC_G_EU4" CO2="17011.70" CO="285.60" HC="1.72" NOx="7.33" PMx="0.41" fuel="7.31" electricity="0.00" noise="76.63" route="routebottom" type="cfm-slow" waiting="0.00" lane="bottom_0" pos="21.58" speed="26.41" angle="55.63" x="106.70" y="10.23"/>
        <vehicle id="cfm-slow_1" eclass="HBEFA3/PC_G_EU4" CO2="14460.39" CO="242.01" HC="1.46" NOx="6.09" PMx="0.35" fuel="6.22" electricity="0.00" noise="75.81" route="routebottom" type="cfm-slow" waiting="0.00" lane="bottom_0" pos="43.21" speed="28.16" angle="16.78" x="130.69" y="49.08"/>
        <vehicle id="cfm-slow_2" eclass="HBEFA3/PC_G_EU4" CO2="7558.19" CO="107.29" HC="0.68" NOx="2.81" PMx="0.17" fuel="3.25" electricity="0.00" noise="74.00" route="routebottom" type="cfm-slow" waiting="0.00" lane="right_0" pos="16.58" speed="29.32" angle="334.62" x="123.15" y="97.83"/>
        <vehicle id="cfm-slow_3" eclass="HBEFA3/PC_G_EU4" CO2="0.00" CO="0.00" HC="0.00" NOx="0.00" PMx="0.00" fuel="0.00" electricity="0.00" noise="72.62" route="routebottom" type="cfm-slow" waiting="0.00" lane="right_0" pos="41.05" speed="29.44" angle="290.65" x="82.75" y="129.57"/>
        <vehicle id="cfm-slow_4" eclass="HBEFA3/PC_G_EU4" CO2="0.00" CO="0.00" HC="0.00" NOx="0.00" PMx="0.00" fuel="0.00" electricity="0.00" noise="71.66" route="routetop" type="cfm-slow" waiting="0.00" lane="top_0" pos="15.55" speed="28.41" angle="246.46" x="31.44" y="124.23"/>
        <vehicle id="cfm-slow_5" eclass="HBEFA3/PC_G_EU4" CO2="0.00" CO="0.00" HC="0.00" NOx="0.00" PMx="0.00" fuel="0.00" electricity="0.00" noise="70.72" route="routetop" type="cfm-slow" waiting="0.00" lane="top_0" pos="38.91" speed="26.64" angle="204.51" x="-0.79" y="87.14"/>
    </timestep>
    <timestep time="6.75">
        <vehicle id="cfm-fast_0" eclass="HBEFA3/PC_G_EU4" CO2="0.00" CO="0.00" HC="0.00" NOx="0.00" PMx="0.00" fuel="0.00" electricity="0.00" noise="70.08" route="routetop" type="cfm-fast" waiting="0.00" lane="left_0" pos="10.70" speed="24.81" angle="165.17" x="-1.08" y="40.99"/>
        <vehicle id="cfm-fast_1" eclass="HBEFA3/PC_G_EU4" CO2="297083.83" CO="7464.16" HC="41.52" NOx="138.60" PMx="8.34" fuel="127.70" electricity="0.00" noise="147.39" route="routetop" type="cfm-fast" waiting="0.00" lane="top_1" pos="0.78" speed="79.53" angle="273.06" x="62.02" y="128.94"/>
        <vehicle id="cfm-fast_2" eclass="HBEFA3/PC_G_EU4" CO2="4048.78" CO="9.78" HC="0.14" NOx="1.28" PMx="0.06" fuel="1.74" electricity="0.00" noise="70.68" route="routetop" type="cfm-fast" waiting="0.00" lane="left_0" pos="26.48" speed="23.66" angle="136.84" x="17.46" y="12.96"/>
        <vehicle id="cfm-fast_3" eclass="HBEFA3/PC_G_EU4" CO2="10250.93" CO="137.55" HC="0.88" NOx="4.20" PMx="0.22" fuel="4.41" electricity="0.00" noise="72.89" route="routetop" type="cfm-fast" waiting="0.00" lane="left_0" pos="41.13" speed="23.69" angle="110.50" x="44.73" y="-2.28"/>
        <vehicle id="cfm-fast_4" eclass="HBEFA3/PC_G_EU4" CO2="382166.43" CO="9865.13" HC="54.63" NOx="178.63" PMx="10.83" fuel="164.27" electricity="0.00" noise="159.07" route="routetop" type="cfm-fast" waiting="0.00" lane="left_1" pos="22.80" speed="91.59" angle="143.41" x="14.41" y="20.79"/>
        <vehicle id="cfm-fast_5" eclass="HBEFA3/PC_G_EU4" CO2="15547.70" CO="249.11" HC="1.52" NOx="6.68" PMx="0.36" fuel="6.68" electricity="0.00" noise="75.68" route="routebottom" type="cfm-fast" waiting="0.00" lane="bottom_0" pos="5.96" speed="24.68" angle="83.73" x="76.51" y="-3.73"/>
        <vehicle id="cfm-slow_0" eclass="HBEFA3/PC_G_EU4" CO2="16988.93" CO="285.21" HC="1.72" NOx="7.32" PMx="0.41" fuel="7.30" electricity="0.00" noise="76.63" route="routebottom" type="cfm-slow" waiting="0.00" lane="bottom_0" pos="21.84" speed="26.43" angle="55.20" x="107.14" y="10.59"/>
        <vehicle id="cfm-slow_1" eclass="HBEFA3/PC_G_EU4" CO2="14394.99" CO="240.74" HC="1.46" NOx="6.06" PMx="0.34" fuel="6.19" electricity="0.00" noise="75.79" route="routebottom" type="cfm-slow" waiting="0.00" lane="bottom_0" pos="43.49" speed="28.17" angle="16.27" x="130.83" y="49.67"/>
        <vehicle id="cfm-slow_2" eclass="HBEFA3/PC_G_EU4" CO2="7470.35" CO="105.50" HC="0.67" NOx="2.77" PMx="0.17" fuel="3.21" electricity="0.00" noise="73.98" route="routebottom" type="cfm-slow" waiting="0.00" lane="right_0" pos="16.87" speed="29.32" angle="334.12" x="122.83" y="98.37"/>
        <vehicle id="cfm-slow_3" eclass="HBEFA3/PC_G_EU4" CO2="0.00" CO="0.00" HC="0.00" NOx="0.00" PMx="0.00" fuel="0.00" electricity="0.00" noise="72.60" route="routebottom" type="cfm-slow" waiting="0.00" lane="right_0" pos="41.35" speed="29.43" angle="290.12" x="82.14" y="129.73"/>
        <vehicle id="cfm-slow_4" eclass="HBEFA3/PC_G_EU4" CO2="0.00" CO="0.00" HC="0.00" NOx="0.00" PMx="0.00" fuel="0.00" electricity="0.00" noise="71.65" route="routetop" type="cfm-slow" waiting="0.00" lane="top_0" pos="15.83" speed="28.40" angle="245.95" x="30.91" y="123.93"/>
        <vehicle id="cfm-slow_5" eclass="HBEFA3/PC_G_EU4" CO2="0.00" CO="0.00" HC="0.00" NOx="0.00" PMx="0.00" fuel="0.00" electricity="0.00" noise="70.71" route="routetop" type="cfm-slow" waiting="0.00" lane="top_0" pos="39.17" speed="26.62" angle="204.02" x="-0.99" y="86.60"/>
    </timestep>
    <timestep time="6.76">
        <vehicle id="cfm-fast_0" eclass="HBEFA3/PC_G_EU4" CO2="0.00" CO="0.00" HC="0.00" NOx="0.00" PMx="0.00" fuel="0.00" electricity="0.00" noise="70.08" route="routetop" type="cfm-fast" waiting="0.00" lane="left_0" pos="10.95" speed="24.80" angle="164.71" x="-0.90" y="40.48"/>
        <vehicle id="cfm-fast_1" eclass="HBEFA3/PC_G_EU4" CO2="297821.83" CO="7485.37" HC="41.64" NOx="138.95" PMx="8.36" fuel="128.02" electricity="0.00" noise="147.49" route="routetop" type="cfm-fast" waiting="0.00" lane="top_1" pos="1.58" speed="79.65" angle="271.65" x="60.39" y="128.88"/>
        <vehicle id="cfm-fast_2" eclass="HBEFA3/PC_G_EU4" CO2="4106.20" CO="10.96" HC="0.15" NOx="1.30" PMx="0.06" fuel="1.77" electricity="0.00" noise="70.70" route="routetop" type="cfm-fast" waiting="0.00" lane="left_0" pos="26.72" speed="23.66" angle="136.40" x="17.83" y="12.61"/>
        <vehicle id="cfm-fast_3" eclass="HBEFA3/PC_G_EU4" CO2="10296.28" CO="138.50" HC="0.89" NOx="4.22" PMx="0.22" fuel="4.43" electricity="0.00" noise="72.91" route="routetop" type="cfm-fast" waiting="0.00" lane="left_0" pos="41.37" speed="23.70" angle="110.06" x="45.23" y="-2.41"/>
        <vehicle id="cfm-fast_4" eclass="HBEFA3/PC_G_EU4" CO2="382829.68" CO="9886.82" HC="54.75" NOx="178.94" PMx="10.85" fuel="164.56" electricity="0.00" noise="159.13" route="routetop" type="cfm-fast" waiting="0.00" lane="left_1" pos="23.72" speed="91.73" angle="141.81" x="15.67" y="19.39"/>
        <vehicle id="cfm-fast_5" eclass="HBEFA3/PC_G_EU4" CO2="15560.79" CO="249.43" HC="1.52" NOx="6.69" PMx="0.36" fuel="6.69" electricity="0.00" noise="75.69" route="routebottom" type="cfm-fast" waiting="0.00" lane="bottom_0" pos="6.21" speed="24.70" angle="83.28" x="77.03" y="-3.63"/>
        <vehicle id="cfm-slow_0" eclass="HBEFA3/PC_G_EU4" CO2="16965.76" CO="284.81" HC="1.72" NOx="7.31" PMx="0.41" fuel="7.29" electricity="0.00" noise="76.62" route="routebottom" type="cfm-slow" waiting="0.00" lane="bottom_0" pos="22.10" speed="26.45" angle="54.70" x="107.57" y="10.96"/>
        <vehicle id="cfm-slow_1" eclass="HBEFA3/PC_G_EU4" CO2="14329.35" CO="239.46" HC="1.45" NOx="6.03" PMx="0.34" fuel="6.16" electricity="0.00" noise="75.76" route="routebottom" type="cfm-slow" waiting="0.00" lane="bottom_0" pos="43.77" speed="28.18" angle="15.80" x="130.95" y="50.26"/>
        <vehicle id="cfm-slow_2" eclass="HBEFA3/PC_G_EU4" CO2="7382.69" CO="103.71" HC="0.66" NOx="2.72" PMx="0.16" fuel="3.17" electricity="0.00" noise="73.96" route="routebottom" type="cfm-slow" waiting="0.00" lane="right_0" pos="17.17" speed="29.33" angle="333.59" x="122.51" y="98.92"/>
        <vehicle id="cfm-slow_3" eclass="HBEFA3/PC_G_EU4" CO2="0.00" CO="0.00" HC="0.00" NOx="0.00" PMx="0.00" fuel="0.00" electricity="0.00" noise="72.59" route="routebottom" type="cfm-slow" waiting="0.00" lane="right_0" pos="41.64" speed="29.42" angle="289.58" x="81.53" y="129.89"/>
        <vehicle id="cfm-slow_4" eclass="HBEFA3/PC_G_EU4" CO2="0.00" CO="0.00" HC="0.00" NOx="0.00" PMx="0.00" fuel="0.00" electricity="0.00" noise="71.64" route="routetop" type="cfm-slow" waiting="0.00" lane="top_0" pos="16.12" speed="28.38" angle="245.44" x="30.37" y="123.64"/>
        <vehicle id="cfm-slow_5" eclass="HBEFA3/PC_G_EU4" CO2="0.00" CO="0.00" HC="0.00" NOx="0.00" PMx="0.00" fuel="0.00" electricity="0.00" noise="70.70" route="routetop" type="cfm-slow" waiting="0.00" lane="top_0" pos="39.44" speed="26.60" angle="203.53" x="-1.18" y="86.06"/>
    </timestep>
    <timestep time="6.77">
        <vehicle id="cfm-fast_0" eclass="HBEFA3/PC_G_EU4" CO2="0.00" CO="0.00" HC="0.00" NOx="0.00" PMx="0.00" fuel="0.00" electricity="0.00" noise="70.08" route="routetop" type="cfm-fast" waiting="0.00" lane="left_0" pos="11.19" speed="24.79" angle="164.25" x="-0.72" y="39.98"/>
        <vehicle id="cfm-fast_1" eclass="HBEFA3/PC_G_EU4" CO2="298559.89" CO="7506.60" HC="41.76" NOx="139.29" PMx="8.38" fuel="128.34" electricity="0.00" noise="147.59" route="routetop" type="cfm-fast" waiting="0.00" lane="top_1" pos="2.38" speed="79.78" angle="270.20" x="58.76" y="128.79"/>
        <vehicle id="cfm-fast_2" eclass="HBEFA3/PC_G_EU4" CO2="4163.53" CO="12.14" HC="0.16" NOx="1.33" PMx="0.06" fuel="1.79" electricity="0.00" noise="70.71" route="routetop" type="cfm-fast" waiting="0.00" lane="left_0" pos="26.95" speed="23.66" angle="136.02" x="18.21" y="12.27"/>
        <vehicle id="cfm-fast_3" eclass="HBEFA3/PC_G_EU4" CO2="10341.39" CO="139.45" HC="0.89" NOx="4.25" PMx="0.23" fuel="4.45" electricity="0.00" noise="72.94" route="routetop" type="cfm-fast" waiting="0.00" lane="left_0" pos="41.60" speed="23.72" angle="109.62" x="45.72" y="-2.54"/>
        <vehicle id="cfm-fast_4" eclass="HBEFA3/PC_G_EU4" CO2="383493.23" CO="9908.53" HC="54.86" NOx="179.25" PMx="10.87" fuel="164.84" electricity="0.00" noise="159.20" route="routetop" type="cfm-fast" waiting="0.00" lane="left_1" pos="24.64" speed="91.87" angle="140.19" x="16.96" y="18.02"/>
        <vehicle id="cfm-fast_5" eclass="HBEFA3/PC_G_EU4" CO2="15573.57" CO="249.75" HC="1.52" NOx="6.69" PMx="0.36" fuel="6.69" electricity="0.00" noise="75.70" route="routebottom" type="cfm-fast" waiting="0.00" lane="bottom_0" pos="6.46" speed="24.72" angle="82.88" x="77.56" y="-3.53"/>
        <vehicle id="cfm-slow_0" eclass="HBEFA3/PC_G_EU4" CO2="16942.22" CO="284.41" HC="1.72" NOx="7.30" PMx="0.40" fuel="7.28" electricity="0.00" noise="76.61" route="routebottom" type="cfm-slow" waiting="0.00" lane="bottom_0" pos="22.37" speed="26.47" angle="54.20" x="108.01" y="11.33"/>
        <vehicle id="cfm-slow_1" eclass="HBEFA3/PC_G_EU4" CO2="14263.48" CO="238.17" HC="1.44" NOx="6.00" PMx="0.34" fuel="6.13" electricity="0.00" noise="75.74" route="routebottom" type="cfm-slow" waiting="0.00" lane="bottom_0" pos="44.06" speed="28.19" angle="15.26" x="131.06" y="50.86"/>
        <vehicle id="cfm-slow_2" eclass="HBEFA3/PC_G_EU4" CO2="7295.21" CO="101.92" HC="0.65" NOx="2.68" PMx="0.16" fuel="3.14" electricity="0.00" noise="73.94" route="routebottom" type="cfm-slow" waiting="0.00" lane="right_0" pos="17.46" speed="29.33" angle="333.06" x="122.19" y="99.46"/>
        <vehicle id="cfm-slow_3" eclass="HBEFA3/PC_G_EU4" CO2="0.00" CO="0.00" HC="0.00" NOx="0.00" PMx="0.00" fuel="0.00" electricity="0.00" noise="72.58" route="routebottom" type="cfm-slow" waiting="0.00" lane="right_0" pos="41.94" speed="29.41" angle="289.05" x="80.92" y="130.06"/>
        <vehicle id="cfm-slow_4" eclass="HBEFA3/PC_G_EU4" CO2="0.00" CO="0.00" HC="0.00" NOx="0.00" PMx="0.00" fuel="0.00" electricity="0.00" noise="71.63" route="routetop" type="cfm-slow" waiting="0.00" lane="top_0" pos="16.40" speed="28.36" angle="244.93" x="29.84" y="123.34"/>
        <vehicle id="cfm-slow_5" eclass="HBEFA3/PC_G_EU4" CO2="0.00" CO="0.00" HC="0.00" NOx="0.00" PMx="0.00" fuel="0.00" electricity="0.00" noise="70.70" route="routetop" type="cfm-slow" waiting="0.00" lane="top_0" pos="39.70" speed="26.59" angle="203.07" x="-1.37" y="85.53"/>
    </timestep>
    <timestep time="6.78">
        <vehicle id="cfm-fast_0" eclass="HBEFA3/PC_G_EU4" CO2="0.00" CO="0.00" HC="0.00" NOx="0.00" PMx="0.00" fuel="0.00" electricity="0.00" noise="70.08" route="routetop" type="cfm-fast" waiting="0.00" lane="left_0" pos="11.44" speed="24.78" angle="163.82" x="-0.54" y="39.48"/>
        <vehicle id="cfm-fast_1" eclass="HBEFA3/PC_G_EU4" CO2="299298.00" CO="7527.85" HC="41.87" NOx="139.64" PMx="8.40" fuel="128.65" electricity="0.00" noise="147.70" route="routetop" type="cfm-fast" waiting="0.00" lane="top_1" pos="3.18" speed="79.90" angle="268.79" x="57.13" y="128.64"/>
        <vehicle id="cfm-fast_2" eclass="HBEFA3/PC_G_EU4" CO2="4220.76" CO="13.32" HC="0.16" NOx="1.36" PMx="0.07" fuel="1.81" electricity="0.00" noise="70.73" route="routetop" type="cfm-fast" waiting="0.00" lane="left_0" pos="27.19" speed="23.66" angle="135.58" x="18.60" y="11.94"/>
        <vehicle id="cfm-fast_3" eclass="HBEFA3/PC_G_EU4" CO2="10386.26" CO="140.40" HC="0.90" NOx="4.27" PMx="0.23" fuel="4.46" electricity="0.00" noise="72.96" route="routetop" type="cfm-fast" waiting="0.00" lane="left_0" pos="41.84" speed="23.73" angle="109.17" x="46.21" y="-2.68"/>
        <vehicle id="cfm-fast_4" eclass="HBEFA3/PC_G_EU4" CO2="384157.07" CO="9930.27" HC="54.98" NOx="179.56" PMx="10.89" fuel="165.13" electricity="0.00" noise="159.27" route="routetop" type="cfm-fast" waiting="0.00" lane="left_1" pos="25.56" speed="92.00" angle="138.50" x="18.30" y="16.68"/>
        <vehicle id="cfm-fast_5" eclass="HBEFA3/PC_G_EU4" CO2="15586.06" CO="250.06" HC="1.53" NOx="6.70" PMx="0.36" fuel="6.70" electricity="0.00" noise="75.71" route="routebottom" type="cfm-fast" waiting="0.00" lane="bottom_0" pos="6.70" speed="24.74" angle="82.40" x="78.07" y="-3.41"/>
        <vehicle id="cfm-slow_0" eclass="HBEFA3/PC_G_EU4" CO2="16918.29" CO="283.99" HC="1.72" NOx="7.29" PMx="0.40" fuel="7.27" electricity="0.00" noise="76.60" route="routebottom" type="cfm-slow" waiting="0.00" lane="bottom_0" pos="22.63" speed="26.48" angle="53.70" x="108.44" y="11.70"/>
        <vehicle id="cfm-slow_1" eclass="HBEFA3/PC_G_EU4" CO2="14197.38" CO="236.88" HC="1.44" NOx="5.96" PMx="0.34" fuel="6.10" electricity="0.00" noise="75.72" route="routebottom" type="cfm-slow" waiting="0.00" lane="bottom_0" pos="44.34" speed="28.21" angle="14.73" x="131.17" y="51.45"/>
        <vehicle id="cfm-slow_2" eclass="HBEFA3/PC_G_EU4" CO2="7207.91" CO="100.14" HC="0.64" NOx="2.64" PMx="0.16" fuel="3.10" electricity="0.00" noise="73.92" route="routebottom" type="cfm-slow" waiting="0.00" lane="right_0" pos="17.75" speed="29.33" angle="332.53" x="121.86" y="100.00"/>
        <vehicle id="cfm-slow_3" eclass="HBEFA3/PC_G_EU4" CO2="0.00" CO="0.00" HC="0.00" NOx="0.00" PMx="0.00" fuel="0.00" electricity="0.00" noise="72.57" route="routebottom" type="cfm-slow" waiting="0.00" lane="right_0" pos="42.23" speed="29.40" angle="288.53" x="80.31" y="130.22"/>
        <vehicle id="cfm-slow_4" eclass="HBEFA3/PC_G_EU4" CO2="0.00" CO="0.00" HC="0.00" NOx="0.00" PMx="0.00" fuel="0.00" electricity="0.00" noise="71.62" route="routetop" type="cfm-slow" waiting="0.00" lane="top_0" pos="16.68" speed="28.35" angle="244.47" x="29.30" y="123.05"/>
        <vehicle id="cfm-slow_5" eclass="HBEFA3/PC_G_EU4" CO2="0.00" CO="0.00" HC="0.00" NOx="0.00" PMx="0.00" fuel="0.00" electricity="0.00" noise="70.69" route="routetop" type="cfm-slow" waiting="0.00" lane="top_0" pos="39.97" speed="26.57" angle="202.61" x="-1.55" y="84.98"/>
    </timestep>
    <timestep time="6.79">
        <vehicle id="cfm-fast_0" eclass="HBEFA3/PC_G_EU4" CO2="0.00" CO="0.00" HC="0.00" NOx="0.00" PMx="0.00" fuel="0.00" electricity="0.00" noise="70.08" route="routetop" type="cfm-fast" waiting="0.00" lane="left_0" pos="11.69" speed="24.77" angle="163.41" x="-0.35" y="38.98"/>
        <vehicle id="cfm-fast_1" eclass="HBEFA3/PC_G_EU4" CO2="300036.17" CO="7549.11" HC="41.99" NOx="139.99" PMx="8.42" fuel="128.97" electricity="0.00" noise="147.80" route="routetop" type="cfm-fast" waiting="0.00" lane="top_1" pos="3.98" speed="80.02" angle="267.38" x="55.50" y="128.46"/>
        <vehicle id="cfm-fast_2" eclass="HBEFA3/PC_G_EU4" CO2="4277.89" CO="14.50" HC="0.17" NOx="1.39" PMx="0.07" fuel="1.84" electricity="0.00" noise="70.74" route="routetop" type="cfm-fast" waiting="0.00" lane="left_0" pos="27.43" speed="23.66" angle="135.14" x="18.98" y="11.61"/>
        <vehicle id="cfm-fast_3" eclass="HBEFA3/PC_G_EU4" CO2="10430.89" CO="141.34" HC="0.90" NOx="4.29" PMx="0.23" fuel="4.48" electricity="0.00" noise="72.98" route="routetop" type="cfm-fast" waiting="0.00" lane="left_0" pos="42.08" speed="23.74" angle="108.73" x="46.70" y="-2.81"/>
        <vehicle id="cfm-fast_4" eclass="HBEFA3/PC_G_EU4" CO2="384821.20" CO="9952.02" HC="55.10" NOx="179.88" PMx="10.91" fuel="165.42" electricity="0.00" noise="159.33" route="routetop" type="cfm-fast" waiting="0.00" lane="left_1" pos="26.48" speed="92.14" angle="136.83" x="19.68" y="15.40"/>
        <vehicle id="cfm-fast_5" eclass="HBEFA3/PC_G_EU4" CO2="15598.24" CO="250.36" HC="1.53" NOx="6.70" PMx="0.36" fuel="6.70" electricity="0.00" noise="75.72" route="routebottom" type="cfm-fast" waiting="0.00" lane="bottom_0" pos="6.95" speed="24.75" angle="81.93" x="78.59" y="-3.29"/>
        <vehicle id="cfm-slow_0" eclass="HBEFA3/PC_G_EU4" CO2="16893.97" CO="283.57" HC="1.71" NOx="7.27" PMx="0.40" fuel="7.26" electricity="0.00" noise="76.59" route="routebottom" type="cfm-slow" waiting="0.00" lane="bottom_0" pos="22.90" speed="26.50" angle="53.20" x="108.87" y="12.07"/>
        <vehicle id="cfm-slow_1" eclass="HBEFA3/PC_G_EU4" CO2="14131.06" CO="235.59" HC="1.43" NOx="5.93" PMx="0.34" fuel="6.07" electricity="0.00" noise="75.70" route="routebottom" type="cfm-slow" waiting="0.00" lane="bottom_0" pos="44.62" speed="28.22" angle="14.20" x="131.28" y="52.05"/>
        <vehicle id="cfm-slow_2" eclass="HBEFA3/PC_G_EU4" CO2="7120.80" CO="98.36" HC="0.63" NOx="2.60" PMx="0.16" fuel="3.06" electricity="0.00" noise="73.90" route="routebottom" type="cfm-slow" waiting="0.00" lane="right_0" pos="18.05" speed="29.33" angle="332.05" x="121.53" y="100.53"/>
        <vehicle id="cfm-slow_3" eclass="HBEFA3/PC_G_EU4" CO2="0.00" CO="0.00" HC="0.00" NOx="0.00" PMx="0.00" fuel="0.00" electricity="0.00" noise="72.56" route="routebottom" type="cfm-slow" waiting="0.00" lane="right_0" pos="42.52" speed="29.40" angle="288.04" x="79.69" y="130.37"/>
        <vehicle id="cfm-slow_4" eclass="HBEFA3/PC_G_EU4" CO2="0.00" CO="0.00" HC="0.00" NOx="0.00" PMx="0.00" fuel="0.00" electricity="0.00" noise="71.61" route="routetop" type="cfm-slow" waiting="0.00" lane="top_0" pos="16.97" speed="28.33" angle="243.96" x="28.78" y="122.73"/>
        <vehicle id="cfm-slow_5" eclass="HBEFA3/PC_G_EU4" CO2="0.00" CO="0.00" HC="0.00" NOx="0.00" PMx="0.00" fuel="0.00" electricity="0.00" noise="70.68" route="routetop" type="cfm-slow" waiting="0.00" lane="top_0" pos="40.24" speed="26.55" angle="202.11" x="-1.72" y="84.44"/>
    </timestep>
    <timestep time="6.80">
        <vehicle id="cfm-fast_0" eclass="HBEFA3/PC_G_EU4" CO2="0.00" CO="0.00" HC="0.00" NOx="0.00" PMx="0.00" fuel="0.00" electricity="0.00" noise="70.08" route="routetop" type="cfm-fast" waiting="0.00" lane="left_0" pos="11.94" speed="24.76" angle="162.97" x="-0.15" y="38.49"/>
        <vehicle id="cfm-fast_1" eclass="HBEFA3/PC_G_EU4" CO2="300774.38" CO="7570.39" HC="42.10" NOx="140.33" PMx="8.45" fuel="129.29" electricity="0.00" noise="147.90" route="routetop" type="cfm-fast" waiting="0.00" lane="top_1" pos="4.78" speed="80.15" angle="265.91" x="53.87" y="128.23"/>
        <vehicle id="cfm-fast_2" eclass="HBEFA3/PC_G_EU4" CO2="4334.92" CO="15.67" HC="0.18" NOx="1.41" PMx="0.07" fuel="1.86" electricity="0.00" noise="70.76" route="routetop" type="cfm-fast" waiting="0.00" lane="left_0" pos="27.66" speed="23.66" angle="134.70" x="19.37" y="11.28"/>
        <vehicle id="cfm-fast_3" eclass="HBEFA3/PC_G_EU4" CO2="10475.27" CO="142.28" HC="0.91" NOx="4.31" PMx="0.23" fuel="4.50" electricity="0.00" noise="73.01" route="routetop" type="cfm-fast" waiting="0.00" lane="left_0" pos="42.32" speed="23.75" angle="108.34" x="47.20" y="-2.94"/>
        <vehicle id="cfm-fast_4" eclass="HBEFA3/PC_G_EU4" CO2="385485.62" CO="9973.80" HC="55.21" NOx="180.19" PMx="10.93" fuel="165.70" electricity="0.00" noise="159.40" route="routetop" type="cfm-fast" waiting="0.00" lane="left_1" pos="27.40" speed="92.27" angle="135.19" x="21.10" y="14.15"/>
        <vehicle id="cfm-fast_5" eclass="HBEFA3/PC_G_EU4" CO2="15610.11" CO="250.66" HC="1.53" NOx="6.71" PMx="0.37" fuel="6.71" electricity="0.00" noise="75.73" route="routebottom" type="cfm-fast" waiting="0.00" lane="bottom_0" pos="7.20" speed="24.77" angle="81.45" x="79.11" y="-3.17"/>
        <vehicle id="cfm-slow_0" eclass="HBEFA3/PC_G_EU4" CO2="16869.27" CO="283.14" HC="1.71" NOx="7.26" PMx="0.40" fuel="7.25" electricity="0.00" noise="76.58" route="routebottom" type="cfm-slow" waiting="0.00" lane="bottom_0" pos="23.16" speed="26.52" angle="52.77" x="109.30" y="12.44"/>
        <vehicle id="cfm-slow_1" eclass="HBEFA3/PC_G_EU4" CO2="14064.51" CO="234.29" HC="1.42" NOx="5.90" PMx="0.34" fuel="6.05" electricity="0.00" noise="75.67" route="routebottom" type="cfm-slow" waiting="0.00" lane="bottom_0" pos="44.90" speed="28.23" angle="13.73" x="131.39" y="52.65"/>
        <vehicle id="cfm-slow_2" eclass="HBEFA3/PC_G_EU4" CO2="7033.88" CO="96.58" HC="0.62" NOx="2.56" PMx="0.16" fuel="3.02" electricity="0.00" noise="73.88" route="routebottom" type="cfm-slow" waiting="0.00" lane="right_0" pos="18.34" speed="29.33" angle="331.48" x="121.18" y="101.06"/>
        <vehicle id="cfm-slow_3" eclass="HBEFA3/PC_G_EU4" CO2="0.00" CO="0.00" HC="0.00" NOx="0.00" PMx="0.00" fuel="0.00" electricity="0.00" noise="72.55" route="routebottom" type="cfm-slow" waiting="0.00" lane="right_0" pos="42.82" speed="29.39" angle="287.50" x="79.08" y="130.51"/>
        <vehicle id="cfm-slow_4" eclass="HBEFA3/PC_G_EU4" CO2="0.00" CO="0.00" HC="0.00" NOx="0.00" PMx="0.00" fuel="0.00" electricity="0.00" noise="71.60" route="routetop" type="cfm-slow" waiting="0.00" lane="top_0" pos="17.25" speed="28.31" angle="243.45" x="28.26" y="122.42"/>
        <vehicle id="cfm-slow_5" eclass="HBEFA3/PC_G_EU4" CO2="0.00" CO="0.00" HC="0.00" NOx="0.00" PMx="0.00" fuel="0.00" electricity="0.00" noise="70.68" route="routetop" type="cfm-slow" waiting="0.00" lane="top_0" pos="40.50" speed="26.54" angle="201.62" x="-1.89" y="83.89"/>
    </timestep>
    <timestep time="6.81">
        <vehicle id="cfm-fast_0" eclass="HBEFA3/PC_G_EU4" CO2="0.00" CO="0.00" HC="0.00" NOx="0.00" PMx="0.00" fuel="0.00" electricity="0.00" noise="70.08" route="routetop" type="cfm-fast" waiting="0.00" lane="left_0" pos="12.19" speed="24.75" angle="162.53" x="0.04" y="37.99"/>
        <vehicle id="cfm-fast_1" eclass="HBEFA3/PC_G_EU4" CO2="301512.65" CO="7591.70" HC="42.22" NOx="140.68" PMx="8.47" fuel="129.61" electricity="0.00" noise="148.00" route="routetop" type="cfm-fast" waiting="0.00" lane="top_1" pos="5.58" speed="80.27" angle="264.46" x="52.24" y="127.96"/>
        <vehicle id="cfm-fast_2" eclass="HBEFA3/PC_G_EU4" CO2="4391.86" CO="16.85" HC="0.18" NOx="1.44" PMx="0.07" fuel="1.89" electricity="0.00" noise="70.77" route="routetop" type="cfm-fast" waiting="0.00" lane="left_0" pos="27.90" speed="23.66" angle="134.25" x="19.76" y="10.95"/>
        <vehicle id="cfm-fast_3" eclass="HBEFA3/PC_G_EU4" CO2="10519.40" CO="143.21" HC="0.91" NOx="4.33" PMx="0.23" fuel="4.52" electricity="0.00" noise="73.03" route="routetop" type="cfm-fast" waiting="0.00" lane="left_0" pos="42.55" speed="23.76" angle="107.93" x="47.70" y="-3.05"/>
        <vehicle id="cfm-fast_4" eclass="HBEFA3/PC_G_EU4" CO2="386150.34" CO="9995.59" HC="55.33" NOx="180.50" PMx="10.95" fuel="165.99" electricity="0.00" noise="159.46" route="routetop" type="cfm-fast" waiting="0.00" lane="left_1" pos="28.32" speed="92.41" angle="133.54" x="22.55" y="12.93"/>
        <vehicle id="cfm-fast_5" eclass="HBEFA3/PC_G_EU4" CO2="15621.68" CO="250.95" HC="1.53" NOx="6.71" PMx="0.37" fuel="6.71" electricity="0.00" noise="75.74" route="routebottom" type="cfm-fast" waiting="0.00" lane="bottom_0" pos="7.45" speed="24.79" angle="80.98" x="79.63" y="-3.05"/>
        <vehicle id="cfm-slow_0" eclass="HBEFA3/PC_G_EU4" CO2="16844.19" CO="282.70" HC="1.71" NOx="7.25" PMx="0.40" fuel="7.24" electricity="0.00" noise="76.57" route="routebottom" type="cfm-slow" waiting="0.00" lane="bottom_0" pos="23.43" speed="26.54" angle="52.29" x="109.72" y="12.83"/>
        <vehicle id="cfm-slow_1" eclass="HBEFA3/PC_G_EU4" CO2="13997.74" CO="232.99" HC="1.41" NOx="5.87" PMx="0.33" fuel="6.02" electricity="0.00" noise="75.65" route="routebottom" type="cfm-slow" waiting="0.00" lane="bottom_0" pos="45.18" speed="28.24" angle="13.23" x="131.47" y="53.25"/>
        <vehicle id="cfm-slow_2" eclass="HBEFA3/PC_G_EU4" CO2="6947.16" CO="94.81" HC="0.61" NOx="2.52" PMx="0.15" fuel="2.99" electricity="0.00" noise="73.86" route="routebottom" type="cfm-slow" waiting="0.00" lane="right_0" pos="18.63" speed="29.34" angle="330.91" x="120.83" y="101.58"/>
        <vehicle id="cfm-slow_3" eclass="HBEFA3/PC_G_EU4" CO2="0.00" CO="0.00" HC="0.00" NOx="0.00" PMx="0.00" fuel="0.00" electricity="0.00" noise="72.54" route="routebottom" type="cfm-slow" waiting="0.00" lane="right_0" pos="43.11" speed="29.38" angle="286.97" x="78.46" y="130.65"/>
        <vehicle id="cfm-slow_4" eclass="HBEFA3/PC_G_EU4" CO2="0.00" CO="0.00" HC="0.00" NOx="0.00" PMx="0.00" fuel="0.00" electricity="0.00" noise="71.59" route="routetop" type="cfm-slow" waiting="0.00" lane="top_0" pos="17.53" speed="28.30" angle="242.94" x="27.74" y="122.11"/>
        <vehicle id="cfm-slow_5" eclass="HBEFA3/PC_G_EU4" CO2="0.00" CO="0.00" HC="0.00" NOx="0.00" PMx="0.00" fuel="0.00" electricity="0.00" noise="70.67" route="routetop" type="cfm-slow" waiting="0.00" lane="top_0" pos="40.77" speed="26.52" angle="201.12" x="-2.05" y="83.34"/>
    </timestep>
    <timestep time="6.82">
        <vehicle id="cfm-fast_0" eclass="HBEFA3/PC_G_EU4" CO2="0.00" CO="0.00" HC="0.00" NOx="0.00" PMx="0.00" fuel="0.00" electricity="0.00" noise="70.08" route="routetop" type="cfm-fast" waiting="0.00" lane="left_0" pos="12.43" speed="24.74" angle="162.10" x="0.24" y="37.50"/>
        <vehicle id="cfm-fast_1" eclass="HBEFA3/PC_G_EU4" CO2="302250.96" CO="7613.02" HC="42.33" NOx="141.03" PMx="8.49" fuel="129.92" electricity="0.00" noise="148.10" route="routetop" type="cfm-fast" waiting="0.00" lane="top_1" pos="6.39" speed="80.39" angle="263.04" x="50.62" y="127.66"/>
        <vehicle id="cfm-fast_2" eclass="HBEFA3/PC_G_EU4" CO2="4448.69" CO="18.02" HC="0.19" NOx="1.47" PMx="0.07" fuel="1.91" electricity="0.00" noise="70.79" route="routetop" type="cfm-fast" waiting="0.00" lane="left_0" pos="28.14" speed="23.66" angle="133.84" x="20.15" y="10.62"/>
        <vehicle id="cfm-fast_3" eclass="HBEFA3/PC_G_EU4" CO2="10563.29" CO="144.14" HC="0.92" NOx="4.35" PMx="0.23" fuel="4.54" electricity="0.00" noise="73.05" route="routetop" type="cfm-fast" waiting="0.00" lane="left_0" pos="42.79" speed="23.77" angle="107.51" x="48.19" y="-3.17"/>
        <vehicle id="cfm-fast_4" eclass="HBEFA3/PC_G_EU4" CO2="386815.34" CO="10017.41" HC="55.45" NOx="180.81" PMx="10.97" fuel="166.27" electricity="0.00" noise="159.53" route="routetop" type="cfm-fast" waiting="0.00" lane="left_1" pos="29.25" speed="92.55" angle="131.82" x="24.04" y="11.76"/>
        <vehicle id="cfm-fast_5" eclass="HBEFA3/PC_G_EU4" CO2="15632.94" CO="251.24" HC="1.53" NOx="6.72" PMx="0.37" fuel="6.72" electricity="0.00" noise="75.74" route="routebottom" type="cfm-fast" waiting="0.00" lane="bottom_0" pos="7.70" speed="24.81" angle="80.58" x="80.15" y="-2.93"/>
        <vehicle id="cfm-slow_0" eclass="HBEFA3/PC_G_EU4" CO2="16818.73" CO="282.26" HC="1.70" NOx="7.24" PMx="0.40" fuel="7.23" electricity="0.00" noise="76.56" route="routebottom" type="cfm-slow" waiting="0.00" lane="bottom_0" pos="23.69" speed="26.55" angle="51.82" x="110.14" y="13.22"/>
        <vehicle id="cfm-slow_1" eclass="HBEFA3/PC_G_EU4" CO2="13930.75" CO="231.68" HC="1.40" NOx="5.84" PMx="0.33" fuel="5.99" electricity="0.00" noise="75.63" route="routebottom" type="cfm-slow" waiting="0.00" lane="bottom_0" pos="45.47" speed="28.25" angle="12.71" x="131.56" y="53.85"/>
        <vehicle id="cfm-slow_2" eclass="HBEFA3/PC_G_EU4" CO2="6860.63" CO="93.04" HC="0.60" NOx="2.48" PMx="0.15" fuel="2.95" electricity="0.00" noise="73.85" route="routebottom" type="cfm-slow" waiting="0.00" lane="right_0" pos="18.93" speed="29.34" angle="330.34" x="120.48" y="102.11"/>
        <vehicle id="cfm-slow_3" eclass="HBEFA3/PC_G_EU4" CO2="0.00" CO="0.00" HC="0.00" NOx="0.00" PMx="0.00" fuel="0.00" electricity="0.00" noise="72.53" route="routebottom" type="cfm-slow" waiting="0.00" lane="right_0" pos="43.41" speed="29.37" angle="286.43" x="77.84" y="130.79"/>
        <vehicle id="cfm-slow_4" eclass="HBEFA3/PC_G_EU4" CO2="0.00" CO="0.00" HC="0.00" NOx="0.00" PMx="0.00" fuel="0.00" electricity="0.00" noise="71.59" route="routetop" type="cfm-slow" waiting="0.00" lane="top_0" pos="17.81" speed="28.28" angle="242.44" x="27.21" y="121.80"/>
        <vehicle id="cfm-slow_5" eclass="HBEFA3/PC_G_EU4" CO2="0.00" CO="0.00" HC="0.00" NOx="0.00" PMx="0.00" fuel="0.00" electricity="0.00" noise="70.66" route="routetop" type="cfm-slow" waiting="0.00" lane="top_0" pos="41.03" speed="26.50" angle="200.68" x="-2.22" y="82.80"/>
    </timestep>
    <timestep time="6.83">
        <vehicle id="cfm-fast_0" eclass="HBEFA3/PC_G_EU4" CO2="0.00" CO="0.00" HC="0.00" NOx="0.00" PMx="0.00" fuel="0.00" electricity="0.00" noise="70.09" route="routetop" type="cfm-fast" waiting="0.00" lane="left_0" pos="12.68" speed="24.73" angle="161.66" x="0.44" y="37.01"/>
        <vehicle id="cfm-fast_1" eclass="HBEFA3/PC_G_EU4" CO2="302989.32" CO="7634.35" HC="42.45" NOx="141.38" PMx="8.51" fuel="130.24" electricity="0.00" noise="148.20" route="routetop" type="cfm-fast" waiting="0.00" lane="top_1" pos="7.19" speed="80.52" angle="261.49" x="49.01" y="127.30"/>
        <vehicle id="cfm-fast_2" eclass="HBEFA3/PC_G_EU4" CO2="4505.42" CO="19.19" HC="0.20" NOx="1.49" PMx="0.07" fuel="1.94" electricity="0.00" noise="70.81" route="routetop" type="cfm-fast" waiting="0.00" lane="left_0" pos="28.37" speed="23.66" angle="133.44" x="20.55" y="10.30"/>
        <vehicle id="cfm-fast_3" eclass="HBEFA3/PC_G_EU4" CO2="10606.93" CO="145.06" HC="0.92" NOx="4.37" PMx="0.23" fuel="4.56" electricity="0.00" noise="73.07" route="routetop" type="cfm-fast" waiting="0.00" lane="left_0" pos="43.03" speed="23.78" angle="107.09" x="48.69" y="-3.28"/>
        <vehicle id="cfm-fast_4" eclass="HBEFA3/PC_G_EU4" CO2="387480.64" CO="10039.25" HC="55.56" NOx="181.13" PMx="10.99" fuel="166.56" electricity="0.00" noise="159.60" route="routetop" type="cfm-fast" waiting="0.00" lane="left_1" pos="30.18" speed="92.68" angle="130.16" x="25.57" y="10.63"/>
        <vehicle id="cfm-fast_5" eclass="HBEFA3/PC_G_EU4" CO2="15643.89" CO="251.52" HC="1.53" NOx="6.72" PMx="0.37" fuel="6.72" electricity="0.00" noise="75.75" route="routebottom" type="cfm-fast" waiting="0.00" lane="bottom_0" pos="7.94" speed="24.83" angle="80.12" x="80.67" y="-2.79"/>
        <vehicle id="cfm-slow_0" eclass="HBEFA3/PC_G_EU4" CO2="16792.89" CO="281.81" HC="1.70" NOx="7.23" PMx="0.40" fuel="7.22" electricity="0.00" noise="76.55" route="routebottom" type="cfm-slow" waiting="0.00" lane="bottom_0" pos="23.96" speed="26.57" angle="51.34" x="110.56" y="13.60"/>
        <vehicle id="cfm-slow_1" eclass="HBEFA3/PC_G_EU4" CO2="13863.55" CO="230.36" HC="1.40" NOx="5.81" PMx="0.33" fuel="5.96" electricity="0.00" noise="75.60" route="routebottom" type="cfm-slow" waiting="0.00" lane="bottom_0" pos="45.75" speed="28.27" angle="12.20" x="131.65" y="54.45"/>
        <vehicle id="cfm-slow_2" eclass="HBEFA3/PC_G_EU4" CO2="6774.31" CO="91.27" HC="0.59" NOx="2.44" PMx="0.15" fuel="2.91" electricity="0.00" noise="73.83" route="routebottom" type="cfm-slow" waiting="0.00" lane="right_0" pos="19.22" speed="29.34" angle="329.84" x="120.12" y="102.63"/>
        <vehicle id="cfm-slow_3" eclass="HBEFA3/PC_G_EU4" CO2="0.00" CO="0.00" HC="0.00" NOx="0.00" PMx="0.00" fuel="0.00" electricity="0.00" noise="72.52" route="routebottom" type="cfm-slow" waiting="0.00" lane="right_0" pos="43.70" speed="29.36" angle="285.94" x="77.22" y="130.92"/>
        <vehicle id="cfm-slow_4" eclass="HBEFA3/PC_G_EU4" CO2="0.00" CO="0.00" HC="0.00" NOx="0.00" PMx="0.00" fuel="0.00" electricity="0.00" noise="71.58" route="routetop" type="cfm-slow" waiting="0.00" lane="top_0" pos="18.10" speed="28.26" angle="241.96" x="26.70" y="121.47"/>
        <vehicle id="cfm-slow_5" eclass="HBEFA3/PC_G_EU4" CO2="0.00" CO="0.00" HC="0.00" NOx="0.00" PMx="0.00" fuel="0.00" electricity="0.00" noise="70.66" route="routetop" type="cfm-slow" waiting="0.00" lane="top_0" pos="41.30" speed="26.48" angle="200.20" x="-2.37" y="82.25"/>
    </timestep>
    <timestep time="6.84">
        <vehicle id="cfm-fast_0" eclass="HBEFA3/PC_G_EU4" CO2="0.00" CO="0.00" HC="0.00" NOx="0.00" PMx="0.00" fuel="0.00" electricity="0.00" noise="70.09" route="routetop" type="cfm-fast" waiting="0.00" lane="left_0" pos="12.93" speed="24.72" angle="161.26" x="0.65" y="36.52"/>
        <vehicle id="cfm-fast_1" eclass="HBEFA3/PC_G_EU4" CO2="303727.71" CO="7655.71" HC="42.57" NOx="141.72" PMx="8.53" fuel="130.56" electricity="0.00" noise="148.31" route="routetop" type="cfm-fast" waiting="0.00" lane="top_1" pos="8.00" speed="80.64" angle="260.05" x="47.41" y="126.91"/>
        <vehicle id="cfm-fast_2" eclass="HBEFA3/PC_G_EU4" CO2="4562.05" CO="20.36" HC="0.20" NOx="1.52" PMx="0.07" fuel="1.96" electricity="0.00" noise="70.82" route="routetop" type="cfm-fast" waiting="0.00" lane="left_0" pos="28.61" speed="23.66" angle="133.00" x="20.95" y="9.99"/>
        <vehicle id="cfm-fast_3" eclass="HBEFA3/PC_G_EU4" CO2="10650.32" CO="145.97" HC="0.93" NOx="4.39" PMx="0.23" fuel="4.58" electricity="0.00" noise="73.10" route="routetop" type="cfm-fast" waiting="0.00" lane="left_0" pos="43.27" speed="23.79" angle="106.66" x="49.19" y="-3.40"/>
        <vehicle id="cfm-fast_4" eclass="HBEFA3/PC_G_EU4" CO2="388146.23" CO="10061.12" HC="55.68" NOx="181.44" PMx="11.01" fuel="166.85" electricity="0.00" noise="159.66" route="routetop" type="cfm-fast" waiting="0.00" lane="left_1" pos="31.10" speed="92.82" angle="128.51" x="27.13" y="9.54"/>
        <vehicle id="cfm-fast_5" eclass="HBEFA3/PC_G_EU4" CO2="15654.54" CO="251.79" HC="1.54" NOx="6.73" PMx="0.37" fuel="6.73" electricity="0.00" noise="75.76" route="routebottom" type="cfm-fast" waiting="0.00" lane="bottom_0" pos="8.19" speed="24.84" angle="79.67" x="81.19" y="-2.66"/>
        <vehicle id="cfm-slow_0" eclass="HBEFA3/PC_G_EU4" CO2="16766.67" CO="281.35" HC="1.70" NOx="7.21" PMx="0.40" fuel="7.21" electricity="0.00" noise="76.54" route="routebottom" type="cfm-slow" waiting="0.00" lane="bottom_0" pos="24.23" speed="26.59" angle="50.86" x="110.98" y="13.99"/>
        <vehicle id="cfm-slow_1" eclass="HBEFA3/PC_G_EU4" CO2="13796.15" CO="229.05" HC="1.39" NOx="5.77" PMx="0.33" fuel="5.93" electricity="0.00" noise="75.58" route="routebottom" type="cfm-slow" waiting="0.00" lane="bottom_0" pos="46.03" speed="28.28" angle="11.69" x="131.73" y="55.06"/>
        <vehicle id="cfm-slow_2" eclass="HBEFA3/PC_G_EU4" CO2="6688.20" CO="89.51" HC="0.58" NOx="2.40" PMx="0.15" fuel="2.87" electricity="0.00" noise="73.81" route="routebottom" type="cfm-slow" waiting="0.00" lane="right_0" pos="19.51" speed="29.34" angle="329.31" x="119.76" y="103.15"/>
        <vehicle id="cfm-slow_3" eclass="HBEFA3/PC_G_EU4" CO2="0.00" CO="0.00" HC="0.00" NOx="0.00" PMx="0.00" fuel="0.00" electricity="0.00" noise="72.51" route="routebottom" type="cfm-slow" waiting="0.00" lane="right_0" pos="43.99" speed="29.35" angle="285.38" x="76.60" y="131.03"/>
        <vehicle id="cfm-slow_4" eclass="HBEFA3/PC_G_EU4" CO2="0.00" CO="0.00" HC="0.00" NOx="0.00" PMx="0.00" fuel="0.00" electricity="0.00" noise="71.57" route="routetop" type="cfm-slow" waiting="0.00" lane="top_0" pos="18.38" speed="28.25" angle="241.41" x="26.20" y="121.13"/>
        <vehicle id="cfm-slow_5" eclass="HBEFA3/PC_G_EU4" CO2="0.00" CO="0.00" HC="0.00" NOx="0.00" PMx="0.00" fuel="0.00" electricity="0.00" noise="70.65" route="routetop" type="cfm-slow" waiting="0.00" lane="top_0" pos="41.56" speed="26.47" angle="199.71" x="-2.52" y="81.70"/>
    </timestep>
    <timestep time="6.85">
        <vehicle id="cfm-fast_0" eclass="HBEFA3/PC_G_EU4" CO2="0.00" CO="0.00" HC="0.00" NOx="0.00" PMx="0.00" fuel="0.00" electricity="0.00" noise="70.09" route="routetop" type="cfm-fast" waiting="0.00" lane="left_0" pos="13.17" speed="24.71" angle="160.80" x="0.87" y="36.03"/>
        <vehicle id="cfm-fast_1" eclass="HBEFA3/PC_G_EU4" CO2="304466.15" CO="7677.09" HC="42.68" NOx="142.07" PMx="8.55" fuel="130.87" electricity="0.00" noise="148.41" route="routetop" type="cfm-fast" waiting="0.00" lane="top_1" pos="8.81" speed="80.77" angle="258.61" x="45.81" y="126.48"/>
        <vehicle id="cfm-fast_2" eclass="HBEFA3/PC_G_EU4" CO2="4618.57" CO="21.52" HC="0.21" NOx="1.55" PMx="0.08" fuel="1.99" electricity="0.00" noise="70.84" route="routetop" type="cfm-fast" waiting="0.00" lane="left_0" pos="28.85" speed="23.66" angle="132.56" x="21.35" y="9.67"/>
        <vehicle id="cfm-fast_3" eclass="HBEFA3/PC_G_EU4" CO2="10693.46" CO="146.89" HC="0.93" NOx="4.41" PMx="0.23" fuel="4.60" electricity="0.00" noise="73.12" route="routetop" type="cfm-fast" waiting="0.00" lane="left_0" pos="43.50" speed="23.80" angle="106.25" x="49.69" y="-3.51"/>
        <vehicle id="cfm-fast_4" eclass="HBEFA3/PC_G_EU4" CO2="388812.12" CO="10083.00" HC="55.80" NOx="181.75" PMx="11.03" fuel="167.13" electricity="0.00" noise="159.73" route="routetop" type="cfm-fast" waiting="0.00" lane="left_1" pos="32.03" speed="92.96" angle="126.89" x="28.72" y="8.48"/>
        <vehicle id="cfm-fast_5" eclass="HBEFA3/PC_G_EU4" CO2="15664.87" CO="252.06" HC="1.54" NOx="6.73" PMx="0.37" fuel="6.73" electricity="0.00" noise="75.77" route="routebottom" type="cfm-fast" waiting="0.00" lane="bottom_0" pos="8.44" speed="24.86" angle="79.21" x="81.70" y="-2.52"/>
        <vehicle id="cfm-slow_0" eclass="HBEFA3/PC_G_EU4" CO2="16740.07" CO="280.88" HC="1.70" NOx="7.20" PMx="0.40" fuel="7.20" electricity="0.00" noise="76.53" route="routebottom" type="cfm-slow" waiting="0.00" lane="bottom_0" pos="24.49" speed="26.61" angle="50.42" x="111.40" y="14.39"/>
        <vehicle id="cfm-slow_1" eclass="HBEFA3/PC_G_EU4" CO2="13728.53" CO="227.72" HC="1.38" NOx="5.74" PMx="0.33" fuel="5.90" electricity="0.00" noise="75.56" route="routebottom" type="cfm-slow" waiting="0.00" lane="bottom_0" pos="46.32" speed="28.29" angle="11.23" x="131.81" y="55.66"/>
        <vehicle id="cfm-slow_2" eclass="HBEFA3/PC_G_EU4" CO2="6602.29" CO="87.75" HC="0.57" NOx="2.36" PMx="0.14" fuel="2.84" electricity="0.00" noise="73.79" route="routebottom" type="cfm-slow" waiting="0.00" lane="right_0" pos="19.81" speed="29.34" angle="328.78" x="119.39" y="103.66"/>
        <vehicle id="cfm-slow_3" eclass="HBEFA3/PC_G_EU4" CO2="0.00" CO="0.00" HC="0.00" NOx="0.00" PMx="0.00" fuel="0.00" electricity="0.00" noise="72.50" route="routebottom" type="cfm-slow" waiting="0.00" lane="right_0" pos="44.29" speed="29.34" angle="284.82" x="75.98" y="131.15"/>
        <vehicle id="cfm-slow_4" eclass="HBEFA3/PC_G_EU4" CO2="0.00" CO="0.00" HC="0.00" NOx="0.00" PMx="0.00" fuel="0.00" electricity="0.00" noise="71.56" route="routetop" type="cfm-slow" waiting="0.00" lane="top_0" pos="18.66" speed="28.23" angle="240.86" x="25.69" y="120.80"/>
        <vehicle id="cfm-slow_5" eclass="HBEFA3/PC_G_EU4" CO2="0.00" CO="0.00" HC="0.00" NOx="0.00" PMx="0.00" fuel="0.00" electricity="0.00" noise="70.64" route="routetop" type="cfm-slow" waiting="0.00" lane="top_0" pos="41.83" speed="26.45" angle="199.22" x="-2.67" y="81.15"/>
    </timestep>
    <timestep time="6.86">
        <vehicle id="cfm-fast_0" eclass="HBEFA3/PC_G_EU4" CO2="0.00" CO="0.00" HC="0.00" NOx="0.00" PMx="0.00" fuel="0.00" electricity="0.00" noise="70.09" route="routetop" type="cfm-fast" waiting="0.00" lane="left_0" pos="13.42" speed="24.70" angle="160.34" x="1.09" y="35.55"/>
        <vehicle id="cfm-fast_1" eclass="HBEFA3/PC_G_EU4" CO2="305204.61" CO="7698.48" HC="42.80" NOx="142.42" PMx="8.58" fuel="131.19" electricity="0.00" noise="148.51" route="routetop" type="cfm-fast" waiting="0.00" lane="top_1" pos="9.61" speed="80.89" angle="257.20" x="44.22" y="126.00"/>
        <vehicle id="cfm-fast_2" eclass="HBEFA3/PC_G_EU4" CO2="4674.98" CO="22.69" HC="0.22" NOx="1.57" PMx="0.08" fuel="2.01" electricity="0.00" noise="70.86" route="routetop" type="cfm-fast" waiting="0.00" lane="left_0" pos="29.08" speed="23.67" angle="132.12" x="21.75" y="9.36"/>
        <vehicle id="cfm-fast_3" eclass="HBEFA3/PC_G_EU4" CO2="10736.34" CO="147.79" HC="0.94" NOx="4.43" PMx="0.24" fuel="4.62" electricity="0.00" noise="73.14" route="routetop" type="cfm-fast" waiting="0.00" lane="left_0" pos="43.74" speed="23.81" angle="105.87" x="50.19" y="-3.62"/>
        <vehicle id="cfm-fast_4" eclass="HBEFA3/PC_G_EU4" CO2="389478.29" CO="10104.91" HC="55.91" NOx="182.07" PMx="11.05" fuel="167.42" electricity="0.00" noise="159.79" route="routetop" type="cfm-fast" waiting="0.00" lane="left_1" pos="32.96" speed="93.09" angle="125.16" x="30.35" y="7.50"/>
        <vehicle id="cfm-fast_5" eclass="HBEFA3/PC_G_EU4" CO2="15674.89" CO="252.32" HC="1.54" NOx="6.74" PMx="0.37" fuel="6.74" electricity="0.00" noise="75.77" route="routebottom" type="cfm-fast" waiting="0.00" lane="bottom_0" pos="8.69" speed="24.88" angle="78.75" x="82.22" y="-2.38"/>
        <vehicle id="cfm-slow_0" eclass="HBEFA3/PC_G_EU4" CO2="16713.09" CO="280.40" HC="1.69" NOx="7.19" PMx="0.40" fuel="7.18" electricity="0.00" noise="76.52" route="routebottom" type="cfm-slow" waiting="0.00" lane="bottom_0" pos="24.76" speed="26.62" angle="49.93" x="111.80" y="14.79"/>
        <vehicle id="cfm-slow_1" eclass="HBEFA3/PC_G_EU4" CO2="13660.72" CO="226.39" HC="1.37" NOx="5.71" PMx="0.33" fuel="5.87" electricity="0.00" noise="75.54" route="routebottom" type="cfm-slow" waiting="0.00" lane="bottom_0" pos="46.60" speed="28.30" angle="10.72" x="131.87" y="56.27"/>
        <vehicle id="cfm-slow_2" eclass="HBEFA3/PC_G_EU4" CO2="6516.60" CO="86.00" HC="0.56" NOx="2.32" PMx="0.14" fuel="2.80" electricity="0.00" noise="73.77" route="routebottom" type="cfm-slow" waiting="0.00" lane="right_0" pos="20.10" speed="29.34" angle="328.25" x="119.02" y="104.17"/>
        <vehicle id="cfm-slow_3" eclass="HBEFA3/PC_G_EU4" CO2="0.00" CO="0.00" HC="0.00" NOx="0.00" PMx="0.00" fuel="0.00" electricity="0.00" noise="72.49" route="routebottom" type="cfm-slow" waiting="0.00" lane="right_0" pos="44.58" speed="29.33" angle="284.26" x="75.36" y="131.26"/>
        <vehicle id="cfm-slow_4" eclass="HBEFA3/PC_G_EU4" CO2="0.00" CO="0.00" HC="0.00" NOx="0.00" PMx="0.00" fuel="0.00" electricity="0.00" noise="71.55" route="routetop" type="cfm-slow" waiting="0.00" lane="top_0" pos="18.94" speed="28.21" angle="240.31" x="25.19" y="120.46"/>
        <vehicle id="cfm-slow_5" eclass="HBEFA3/PC_G_EU4" CO2="0.00" CO="0.00" HC="0.00" NOx="0.00" PMx="0.00" fuel="0.00" electricity="0.00" noise="70.64" route="routetop" type="cfm-slow" waiting="0.00" lane="top_0" pos="42.09" speed="26.43" angle="198.73" x="-2.81" y="80.60"/>
    </timestep>
    <timestep time="6.87">
        <vehicle id="cfm-fast_0" eclass="HBEFA3/PC_G_EU4" CO2="0.00" CO="0.00" HC="0.00" NOx="0.00" PMx="0.00" fuel="0.00" electricity="0.00" noise="70.09" route="routetop" type="cfm-fast" waiting="0.00" lane="left_0" pos="13.67" speed="24.69" angle="159.88" x="1.30" y="35.06"/>
        <vehicle id="cfm-fast_1" eclass="HBEFA3/PC_G_EU4" CO2="305943.11" CO="7719.89" HC="42.92" NOx="142.76" PMx="8.60" fuel="131.51" electricity="0.00" noise="148.61" route="routetop" type="cfm-fast" waiting="0.00" lane="top_1" pos="10.42" speed="81.01" angle="255.75" x="42.64" y="125.49"/>
        <vehicle id="cfm-fast_2" eclass="HBEFA3/PC_G_EU4" CO2="4731.28" CO="23.85" HC="0.23" NOx="1.60" PMx="0.08" fuel="2.03" electricity="0.00" noise="70.87" route="routetop" type="cfm-fast" waiting="0.00" lane="left_0" pos="29.32" speed="23.67" angle="131.68" x="22.15" y="9.05"/>
        <vehicle id="cfm-fast_3" eclass="HBEFA3/PC_G_EU4" CO2="10778.98" CO="148.70" HC="0.94" NOx="4.45" PMx="0.24" fuel="4.63" electricity="0.00" noise="73.16" route="routetop" type="cfm-fast" waiting="0.00" lane="left_0" pos="43.98" speed="23.82" angle="105.43" x="50.70" y="-3.71"/>
        <vehicle id="cfm-fast_4" eclass="HBEFA3/PC_G_EU4" CO2="390144.76" CO="10126.83" HC="56.03" NOx="182.38" PMx="11.08" fuel="167.70" electricity="0.00" noise="159.86" route="routetop" type="cfm-fast" waiting="0.00" lane="left_1" pos="33.90" speed="93.23" angle="123.52" x="32.01" y="6.55"/>
        <vehicle id="cfm-fast_5" eclass="HBEFA3/PC_G_EU4" CO2="15684.60" CO="252.57" HC="1.54" NOx="6.74" PMx="0.37" fuel="6.74" electricity="0.00" noise="75.78" route="routebottom" type="cfm-fast" waiting="0.00" lane="bottom_0" pos="8.94" speed="24.90" angle="78.35" x="82.74" y="-2.24"/>
        <vehicle id="cfm-slow_0" eclass="HBEFA3/PC_G_EU4" CO2="16685.74" CO="279.92" HC="1.69" NOx="7.17" PMx="0.40" fuel="7.17" electricity="0.00" noise="76.50" route="routebottom" type="cfm-slow" waiting="0.00" lane="bottom_0" pos="25.02" speed="26.64" angle="49.43" x="112.21" y="15.20"/>
        <vehicle id="cfm-slow_1" eclass="HBEFA3/PC_G_EU4" CO2="13592.71" CO="225.06" HC="1.37" NOx="5.68" PMx="0.32" fuel="5.84" electricity="0.00" noise="75.51" route="routebottom" type="cfm-slow" waiting="0.00" lane="bottom_0" pos="46.88" speed="28.31" angle="10.20" x="131.93" y="56.87"/>
        <vehicle id="cfm-slow_2" eclass="HBEFA3/PC_G_EU4" CO2="6431.13" CO="84.24" HC="0.55" NOx="2.28" PMx="0.14" fuel="2.76" electricity="0.00" noise="73.75" route="routebottom" type="cfm-slow" waiting="0.00" lane="right_0" pos="20.39" speed="29.34" angle="327.73" x="118.65" y="104.68"/>
        <vehicle id="cfm-slow_3" eclass="HBEFA3/PC_G_EU4" CO2="0.00" CO="0.00" HC="0.00" NOx="0.00" PMx="0.00" fuel="0.00" electricity="0.00" noise="72.48" route="routebottom" type="cfm-slow" waiting="0.00" lane="right_0" pos="44.87" speed="29.32" angle="283.77" x="74.74" y="131.37"/>
        <vehicle id="cfm-slow_4" eclass="HBEFA3/PC_G_EU4" CO2="0.00" CO="0.00" HC="0.00" NOx="0.00" PMx="0.00" fuel="0.00" electricity="0.00" noise="71.54" route="routetop" type="cfm-slow" waiting="0.00" lane="top_0" pos="19.23" speed="28.20" angle="239.84" x="24.68" y="120.12"/>
        <vehicle id="cfm-slow_5" eclass="HBEFA3/PC_G_EU4" CO2="0.00" CO="0.00" HC="0.00" NOx="0.00" PMx="0.00" fuel="0.00" electricity="0.00" noise="70.63" route="routetop" type="cfm-slow" waiting="0.00" lane="top_0" pos="42.35" speed="26.42" angle="198.30" x="-2.96" y="80.05"/>
    </timestep>
    <timestep time="6.88">
        <vehicle id="cfm-fast_0" eclass="HBEFA3/PC_G_EU4" CO2="0.00" CO="0.00" HC="0.00" NOx="0.00" PMx="0.00" fuel="0.00" electricity="0.00" noise="70.10" route="routetop" type="cfm-fast" waiting="0.00" lane="left_0" pos="13.91" speed="24.68" angle="159.42" x="1.52" y="34.58"/>
        <vehicle id="cfm-fast_1" eclass="HBEFA3/PC_G_EU4" CO2="306681.64" CO="7741.32" HC="43.03" NOx="143.11" PMx="8.62" fuel="131.83" electricity="0.00" noise="148.71" route="routetop" type="cfm-fast" waiting="0.00" lane="top_1" pos="11.24" speed="81.14" angle="254.17" x="41.07" y="124.93"/>
        <vehicle id="cfm-fast_2" eclass="HBEFA3/PC_G_EU4" CO2="4787.47" CO="25.01" HC="0.23" NOx="1.63" PMx="0.08" fuel="2.06" electricity="0.00" noise="70.89" route="routetop" type="cfm-fast" waiting="0.00" lane="left_0" pos="29.56" speed="23.67" angle="131.31" x="22.55" y="8.74"/>
        <vehicle id="cfm-fast_3" eclass="HBEFA3/PC_G_EU4" CO2="10821.36" CO="149.59" HC="0.95" NOx="4.47" PMx="0.24" fuel="4.65" electricity="0.00" noise="73.19" route="routetop" type="cfm-fast" waiting="0.00" lane="left_0" pos="44.22" speed="23.83" angle="104.99" x="51.20" y="-3.80"/>
        <vehicle id="cfm-fast_4" eclass="HBEFA3/PC_G_EU4" CO2="390811.52" CO="10148.78" HC="56.15" NOx="182.69" PMx="11.10" fuel="167.99" electricity="0.00" noise="159.93" route="routetop" type="cfm-fast" waiting="0.00" lane="left_1" pos="34.83" speed="93.37" angle="121.88" x="33.69" y="5.63"/>
        <vehicle id="cfm-fast_5" eclass="HBEFA3/PC_G_EU4" CO2="15694.00" CO="252.82" HC="1.54" NOx="6.74" PMx="0.37" fuel="6.75" electricity="0.00" noise="75.79" route="routebottom" type="cfm-fast" waiting="0.00" lane="bottom_0" pos="9.19" speed="24.91" angle="77.89" x="83.25" y="-2.08"/>
        <vehicle id="cfm-slow_0" eclass="HBEFA3/PC_G_EU4" CO2="16658.02" CO="279.42" HC="1.69" NOx="7.16" PMx="0.40" fuel="7.16" electricity="0.00" noise="76.49" route="routebottom" type="cfm-slow" waiting="0.00" lane="bottom_0" pos="25.29" speed="26.66" angle="48.94" x="112.61" y="15.60"/>
        <vehicle id="cfm-slow_1" eclass="HBEFA3/PC_G_EU4" CO2="13524.50" CO="223.72" HC="1.36" NOx="5.64" PMx="0.32" fuel="5.81" electricity="0.00" noise="75.49" route="routebottom" type="cfm-slow" waiting="0.00" lane="bottom_0" pos="47.16" speed="28.32" angle="9.68" x="131.99" y="57.48"/>
        <vehicle id="cfm-slow_2" eclass="HBEFA3/PC_G_EU4" CO2="6345.88" CO="82.49" HC="0.54" NOx="2.23" PMx="0.14" fuel="2.73" electricity="0.00" noise="73.74" route="routebottom" type="cfm-slow" waiting="0.00" lane="right_0" pos="20.69" speed="29.35" angle="327.25" x="118.27" y="105.19"/>
        <vehicle id="cfm-slow_3" eclass="HBEFA3/PC_G_EU4" CO2="0.00" CO="0.00" HC="0.00" NOx="0.00" PMx="0.00" fuel="0.00" electricity="0.00" noise="72.47" route="routebottom" type="cfm-slow" waiting="0.00" lane="right_0" pos="45.17" speed="29.31" angle="283.26" x="74.12" y="131.47"/>
        <vehicle id="cfm-slow_4" eclass="HBEFA3/PC_G_EU4" CO2="0.00" CO="0.00" HC="0.00" NOx="0.00" PMx="0.00" fuel="0.00" electricity="0.00" noise="71.53" route="routetop" type="cfm-slow" waiting="0.00" lane="top_0" pos="19.51" speed="28.18" angle="239.33" x="24.19" y="119.77"/>
        <vehicle id="cfm-slow_5" eclass="HBEFA3/PC_G_EU4" CO2="0.00" CO="0.00" HC="0.00" NOx="0.00" PMx="0.00" fuel="0.00" electricity="0.00" noise="70.62" route="routetop" type="cfm-slow" waiting="0.00" lane="top_0" pos="42.62" speed="26.40" angle="197.83" x="-3.09" y="79.50"/>
    </timestep>
    <timestep time="6.89">
        <vehicle id="cfm-fast_0" eclass="HBEFA3/PC_G_EU4" CO2="0.00" CO="0.00" HC="0.00" NOx="0.00" PMx="0.00" fuel="0.00" electricity="0.00" noise="70.10" route="routetop" type="cfm-fast" waiting="0.00" lane="left_0" pos="14.16" speed="24.67" angle="159.02" x="1.75" y="34.10"/>
        <vehicle id="cfm-fast_1" eclass="HBEFA3/PC_G_EU4" CO2="307420.20" CO="7762.77" HC="43.15" NOx="143.46" PMx="8.64" fuel="132.14" electricity="0.00" noise="148.81" route="routetop" type="cfm-fast" waiting="0.00" lane="top_1" pos="12.05" speed="81.26" angle="252.76" x="39.52" y="124.33"/>
        <vehicle id="cfm-fast_2" eclass="HBEFA3/PC_G_EU4" CO2="4843.55" CO="26.17" HC="0.24" NOx="1.65" PMx="0.08" fuel="2.08" electricity="0.00" noise="70.91" route="routetop" type="cfm-fast" waiting="0.00" lane="left_0" pos="29.79" speed="23.67" angle="130.87" x="22.97" y="8.44"/>
        <vehicle id="cfm-fast_3" eclass="HBEFA3/PC_G_EU4" CO2="10863.49" CO="150.48" HC="0.95" NOx="4.49" PMx="0.24" fuel="4.67" electricity="0.00" noise="73.21" route="routetop" type="cfm-fast" waiting="0.00" lane="left_0" pos="44.46" speed="23.84" angle="104.54" x="51.71" y="-3.89"/>
        <vehicle id="cfm-fast_4" eclass="HBEFA3/PC_G_EU4" CO2="391478.57" CO="10170.75" HC="56.27" NOx="183.01" PMx="11.12" fuel="168.28" electricity="0.00" noise="159.99" route="routetop" type="cfm-fast" waiting="0.00" lane="left_1" pos="35.77" speed="93.50" angle="120.18" x="35.41" y="4.78"/>
        <vehicle id="cfm-fast_5" eclass="HBEFA3/PC_G_EU4" CO2="15703.08" CO="253.06" HC="1.54" NOx="6.75" PMx="0.37" fuel="6.75" electricity="0.00" noise="75.79" route="routebottom" type="cfm-fast" waiting="0.00" lane="bottom_0" pos="9.44" speed="24.93" angle="77.43" x="83.76" y="-1.93"/>
        <vehicle id="cfm-slow_0" eclass="HBEFA3/PC_G_EU4" CO2="16629.92" CO="278.92" HC="1.69" NOx="7.15" PMx="0.40" fuel="7.15" electricity="0.00" noise="76.48" route="routebottom" type="cfm-slow" waiting="0.00" lane="bottom_0" pos="25.56" speed="26.68" angle="48.47" x="113.02" y="16.01"/>
        <vehicle id="cfm-slow_1" eclass="HBEFA3/PC_G_EU4" CO2="13456.10" CO="222.38" HC="1.35" NOx="5.61" PMx="0.32" fuel="5.78" electricity="0.00" noise="75.47" route="routebottom" type="cfm-slow" waiting="0.00" lane="bottom_0" pos="47.45" speed="28.33" angle="9.21" x="132.05" y="58.08"/>
        <vehicle id="cfm-slow_2" eclass="HBEFA3/PC_G_EU4" CO2="6260.85" CO="80.75" HC="0.53" NOx="2.19" PMx="0.14" fuel="2.69" electricity="0.00" noise="73.72" route="routebottom" type="cfm-slow" waiting="0.00" lane="right_0" pos="20.98" speed="29.35" angle="326.71" x="117.88" y="105.68"/>
        <vehicle id="cfm-slow_3" eclass="HBEFA3/PC_G_EU4" CO2="0.00" CO="0.00" HC="0.00" NOx="0.00" PMx="0.00" fuel="0.00" electricity="0.00" noise="72.46" route="routebottom" type="cfm-slow" waiting="0.00" lane="right_0" pos="45.46" speed="29.30" angle="282.73" x="73.49" y="131.56"/>
        <vehicle id="cfm-slow_4" eclass="HBEFA3/PC_G_EU4" CO2="0.00" CO="0.00" HC="0.00" NOx="0.00" PMx="0.00" fuel="0.00" electricity="0.00" noise="71.52" route="routetop" type="cfm-slow" waiting="0.00" lane="top_0" pos="19.79" speed="28.16" angle="238.82" x="23.70" y="119.41"/>
        <vehicle id="cfm-slow_5" eclass="HBEFA3/PC_G_EU4" CO2="0.00" CO="0.00" HC="0.00" NOx="0.00" PMx="0.00" fuel="0.00" electricity="0.00" noise="70.62" route="routetop" type="cfm-slow" waiting="0.00" lane="top_0" pos="42.88" speed="26.38" angle="197.36" x="-3.21" y="78.94"/>
    </timestep>
    <timestep time="6.90">
        <vehicle id="cfm-fast_0" eclass="HBEFA3/PC_G_EU4" CO2="0.00" CO="0.00" HC="0.00" NOx="0.00" PMx="0.00" fuel="0.00" electricity="0.00" noise="70.10" route="routetop" type="cfm-fast" waiting="0.00" lane="left_0" pos="14.41" speed="24.66" angle="158.56" x="1.98" y="33.62"/>
        <vehicle id="cfm-fast_1" eclass="HBEFA3/PC_G_EU4" CO2="308158.78" CO="7784.23" HC="43.27" NOx="143.81" PMx="8.66" fuel="132.46" electricity="0.00" noise="148.91" route="routetop" type="cfm-fast" waiting="0.00" lane="top_1" pos="12.86" speed="81.39" angle="251.37" x="37.97" y="123.71"/>
        <vehicle id="cfm-fast_2" eclass="HBEFA3/PC_G_EU4" CO2="4899.51" CO="27.32" HC="0.25" NOx="1.68" PMx="0.08" fuel="2.11" electricity="0.00" noise="70.92" route="routetop" type="cfm-fast" waiting="0.00" lane="left_0" pos="30.03" speed="23.67" angle="130.44" x="23.38" y="8.14"/>
        <vehicle id="cfm-fast_3" eclass="HBEFA3/PC_G_EU4" CO2="10905.37" CO="151.37" HC="0.96" NOx="4.51" PMx="0.24" fuel="4.69" electricity="0.00" noise="73.23" route="routetop" type="cfm-fast" waiting="0.00" lane="left_0" pos="44.70" speed="23.86" angle="104.10" x="52.21" y="-3.99"/>
        <vehicle id="cfm-fast_4" eclass="HBEFA3/PC_G_EU4" CO2="392145.91" CO="10192.74" HC="56.38" NOx="183.32" PMx="11.14" fuel="168.56" electricity="0.00" noise="160.06" route="routetop" type="cfm-fast" waiting="0.00" lane="left_1" pos="36.70" speed="93.64" angle="118.45" x="37.15" y="3.98"/>
        <vehicle id="cfm-fast_5" eclass="HBEFA3/PC_G_EU4" CO2="15711.84" CO="253.30" HC="1.54" NOx="6.75" PMx="0.37" fuel="6.75" electricity="0.00" noise="75.80" route="routebottom" type="cfm-fast" waiting="0.00" lane="bottom_0" pos="9.69" speed="24.95" angle="76.97" x="84.27" y="-1.77"/>
        <vehicle id="cfm-slow_0" eclass="HBEFA3/PC_G_EU4" CO2="16601.45" CO="278.42" HC="1.68" NOx="7.13" PMx="0.40" fuel="7.14" electricity="0.00" noise="76.47" route="routebottom" type="cfm-slow" waiting="0.00" lane="bottom_0" pos="25.83" speed="26.69" angle="48.02" x="113.41" y="16.43"/>
        <vehicle id="cfm-slow_1" eclass="HBEFA3/PC_G_EU4" CO2="13387.52" CO="221.04" HC="1.34" NOx="5.58" PMx="0.32" fuel="5.75" electricity="0.00" noise="75.45" route="routebottom" type="cfm-slow" waiting="0.00" lane="bottom_0" pos="47.73" speed="28.34" angle="8.69" x="132.09" y="58.69"/>
        <vehicle id="cfm-slow_2" eclass="HBEFA3/PC_G_EU4" CO2="6176.05" CO="79.01" HC="0.52" NOx="2.15" PMx="0.13" fuel="2.65" electricity="0.00" noise="73.70" route="routebottom" type="cfm-slow" waiting="0.00" lane="right_0" pos="21.27" speed="29.35" angle="326.18" x="117.49" y="106.18"/>
        <vehicle id="cfm-slow_3" eclass="HBEFA3/PC_G_EU4" CO2="0.00" CO="0.00" HC="0.00" NOx="0.00" PMx="0.00" fuel="0.00" electricity="0.00" noise="72.45" route="routebottom" type="cfm-slow" waiting="0.00" lane="right_0" pos="45.75" speed="29.29" angle="282.20" x="72.87" y="131.65"/>
        <vehicle id="cfm-slow_4" eclass="HBEFA3/PC_G_EU4" CO2="0.00" CO="0.00" HC="0.00" NOx="0.00" PMx="0.00" fuel="0.00" electricity="0.00" noise="71.52" route="routetop" type="cfm-slow" waiting="0.00" lane="top_0" pos="20.07" speed="28.15" angle="238.31" x="23.21" y="119.06"/>
        <vehicle id="cfm-slow_5" eclass="HBEFA3/PC_G_EU4" CO2="0.00" CO="0.00" HC="0.00" NOx="0.00" PMx="0.00" fuel="0.00" electricity="0.00" noise="70.61" route="routetop" type="cfm-slow" waiting="0.00" lane="top_0" pos="43.15" speed="26.37" angle="196.89" x="-3.34" y="78.39"/>
    </timestep>
    <timestep time="6.91">
        <vehicle id="cfm-fast_0" eclass="HBEFA3/PC_G_EU4" CO2="0.00" CO="0.00" HC="0.00" NOx="0.00" PMx="0.00" fuel="0.00" electricity="0.00" noise="70.10" route="routetop" type="cfm-fast" waiting="0.00" lane="left_0" pos="14.65" speed="24.65" angle="158.10" x="2.22" y="33.15"/>
        <vehicle id="cfm-fast_1" eclass="HBEFA3/PC_G_EU4" CO2="308897.38" CO="7805.72" HC="43.38" NOx="144.15" PMx="8.69" fuel="132.78" electricity="0.00" noise="149.01" route="routetop" type="cfm-fast" waiting="0.00" lane="top_1" pos="13.68" speed="81.51" angle="249.85" x="36.44" y="123.02"/>
        <vehicle id="cfm-fast_2" eclass="HBEFA3/PC_G_EU4" CO2="4955.36" CO="28.48" HC="0.25" NOx="1.71" PMx="0.08" fuel="2.13" electricity="0.00" noise="70.94" route="routetop" type="cfm-fast" waiting="0.00" lane="left_0" pos="30.27" speed="23.67" angle="130.01" x="23.79" y="7.84"/>
        <vehicle id="cfm-fast_3" eclass="HBEFA3/PC_G_EU4" CO2="10946.99" CO="152.25" HC="0.96" NOx="4.53" PMx="0.24" fuel="4.71" electricity="0.00" noise="73.25" route="routetop" type="cfm-fast" waiting="0.00" lane="left_0" pos="44.93" speed="23.87" angle="103.73" x="52.72" y="-4.08"/>
        <vehicle id="cfm-fast_4" eclass="HBEFA3/PC_G_EU4" CO2="392813.54" CO="10214.76" HC="56.50" NOx="183.63" PMx="11.16" fuel="168.85" electricity="0.00" noise="160.12" route="routetop" type="cfm-fast" waiting="0.00" lane="left_1" pos="37.64" speed="93.77" angle="116.75" x="38.92" y="3.23"/>
        <vehicle id="cfm-fast_5" eclass="HBEFA3/PC_G_EU4" CO2="15720.29" CO="253.53" HC="1.55" NOx="6.76" PMx="0.37" fuel="6.76" electricity="0.00" noise="75.81" route="routebottom" type="cfm-fast" waiting="0.00" lane="bottom_0" pos="9.94" speed="24.97" angle="76.51" x="84.79" y="-1.61"/>
        <vehicle id="cfm-slow_0" eclass="HBEFA3/PC_G_EU4" CO2="16572.60" CO="277.90" HC="1.68" NOx="7.12" PMx="0.40" fuel="7.12" electricity="0.00" noise="76.46" route="routebottom" type="cfm-slow" waiting="0.00" lane="bottom_0" pos="26.09" speed="26.71" angle="47.53" x="113.80" y="16.85"/>
        <vehicle id="cfm-slow_1" eclass="HBEFA3/PC_G_EU4" CO2="13318.75" CO="219.69" HC="1.34" NOx="5.55" PMx="0.32" fuel="5.73" electricity="0.00" noise="75.42" route="routebottom" type="cfm-slow" waiting="0.00" lane="bottom_0" pos="48.02" speed="28.36" angle="8.16" x="132.13" y="59.30"/>
        <vehicle id="cfm-slow_2" eclass="HBEFA3/PC_G_EU4" CO2="6091.48" CO="77.27" HC="0.51" NOx="2.11" PMx="0.13" fuel="2.62" electricity="0.00" noise="73.68" route="routebottom" type="cfm-slow" waiting="0.00" lane="right_0" pos="21.57" speed="29.35" angle="325.65" x="117.10" y="106.68"/>
        <vehicle id="cfm-slow_3" eclass="HBEFA3/PC_G_EU4" CO2="0.00" CO="0.00" HC="0.00" NOx="0.00" PMx="0.00" fuel="0.00" electricity="0.00" noise="72.44" route="routebottom" type="cfm-slow" waiting="0.00" lane="right_0" pos="46.04" speed="29.28" angle="281.67" x="72.25" y="131.73"/>
        <vehicle id="cfm-slow_4" eclass="HBEFA3/PC_G_EU4" CO2="0.00" CO="0.00" HC="0.00" NOx="0.00" PMx="0.00" fuel="0.00" electricity="0.00" noise="71.51" route="routetop" type="cfm-slow" waiting="0.00" lane="top_0" pos="20.35" speed="28.13" angle="237.79" x="22.72" y="118.70"/>
        <vehicle id="cfm-slow_5" eclass="HBEFA3/PC_G_EU4" CO2="0.00" CO="0.00" HC="0.00" NOx="0.00" PMx="0.00" fuel="0.00" electricity="0.00" noise="70.60" route="routetop" type="cfm-slow" waiting="0.00" lane="top_0" pos="43.41" speed="26.35" angle="196.42" x="-3.47" y="77.84"/>
    </timestep>
    <timestep time="6.92">
        <vehicle id="cfm-fast_0" eclass="HBEFA3/PC_G_EU4" CO2="0.00" CO="0.00" HC="0.00" NOx="0.00" PMx="0.00" fuel="0.00" electricity="0.00" noise="70.10" route="routetop" type="cfm-fast" waiting="0.00" lane="left_0" pos="14.90" speed="24.64" angle="157.64" x="2.46" y="32.67"/>
        <vehicle id="cfm-fast_1" eclass="HBEFA3/PC_G_EU4" CO2="309636.01" CO="7827.22" HC="43.50" NOx="144.50" PMx="8.71" fuel="133.10" electricity="0.00" noise="149.11" route="routetop" type="cfm-fast" waiting="0.00" lane="top_1" pos="14.49" speed="81.64" angle="248.39" x="34.93" y="122.31"/>
        <vehicle id="cfm-fast_2" eclass="HBEFA3/PC_G_EU4" CO2="5011.09" CO="29.63" HC="0.26" NOx="1.73" PMx="0.09" fuel="2.15" electricity="0.00" noise="70.96" route="routetop" type="cfm-fast" waiting="0.00" lane="left_0" pos="30.50" speed="23.67" angle="129.57" x="24.20" y="7.54"/>
        <vehicle id="cfm-fast_3" eclass="HBEFA3/PC_G_EU4" CO2="10988.35" CO="153.13" HC="0.97" NOx="4.55" PMx="0.24" fuel="4.72" electricity="0.00" noise="73.27" route="routetop" type="cfm-fast" waiting="0.00" lane="left_0" pos="45.17" speed="23.88" angle="103.29" x="53.23" y="-4.15"/>
        <vehicle id="cfm-fast_4" eclass="HBEFA3/PC_G_EU4" CO2="393481.47" CO="10236.79" HC="56.62" NOx="183.95" PMx="11.18" fuel="169.14" electricity="0.00" noise="160.19" route="routetop" type="cfm-fast" waiting="0.00" lane="left_1" pos="38.58" speed="93.91" angle="115.05" x="40.72" y="2.53"/>
        <vehicle id="cfm-fast_5" eclass="HBEFA3/PC_G_EU4" CO2="15728.43" CO="253.75" HC="1.55" NOx="6.76" PMx="0.37" fuel="6.76" electricity="0.00" noise="75.81" route="routebottom" type="cfm-fast" waiting="0.00" lane="bottom_0" pos="10.19" speed="24.98" angle="76.10" x="85.30" y="-1.45"/>
        <vehicle id="cfm-slow_0" eclass="HBEFA3/PC_G_EU4" CO2="16543.39" CO="277.38" HC="1.68" NOx="7.10" PMx="0.40" fuel="7.11" electricity="0.00" noise="76.45" route="routebottom" type="cfm-slow" waiting="0.00" lane="bottom_0" pos="26.36" speed="26.73" angle="47.04" x="114.19" y="17.27"/>
        <vehicle id="cfm-slow_1" eclass="HBEFA3/PC_G_EU4" CO2="13249.80" CO="218.33" HC="1.33" NOx="5.51" PMx="0.31" fuel="5.70" electricity="0.00" noise="75.40" route="routebottom" type="cfm-slow" waiting="0.00" lane="bottom_0" pos="48.30" speed="28.37" angle="7.62" x="132.16" y="59.91"/>
        <vehicle id="cfm-slow_2" eclass="HBEFA3/PC_G_EU4" CO2="6007.14" CO="75.54" HC="0.50" NOx="2.08" PMx="0.13" fuel="2.58" electricity="0.00" noise="73.66" route="routebottom" type="cfm-slow" waiting="0.00" lane="right_0" pos="21.86" speed="29.35" angle="325.16" x="116.71" y="107.17"/>
        <vehicle id="cfm-slow_3" eclass="HBEFA3/PC_G_EU4" CO2="0.00" CO="0.00" HC="0.00" NOx="0.00" PMx="0.00" fuel="0.00" electricity="0.00" noise="72.42" route="routebottom" type="cfm-slow" waiting="0.00" lane="right_0" pos="46.34" speed="29.27" angle="281.20" x="71.62" y="131.81"/>
        <vehicle id="cfm-slow_4" eclass="HBEFA3/PC_G_EU4" CO2="0.00" CO="0.00" HC="0.00" NOx="0.00" PMx="0.00" fuel="0.00" electricity="0.00" noise="71.50" route="routetop" type="cfm-slow" waiting="0.00" lane="top_0" pos="20.63" speed="28.11" angle="237.34" x="22.23" y="118.34"/>
        <vehicle id="cfm-slow_5" eclass="HBEFA3/PC_G_EU4" CO2="0.00" CO="0.00" HC="0.00" NOx="0.00" PMx="0.00" fuel="0.00" electricity="0.00" noise="70.60" route="routetop" type="cfm-slow" waiting="0.00" lane="top_0" pos="43.67" speed="26.33" angle="196.00" x="-3.59" y="77.29"/>
    </timestep>
    <timestep time="6.93">
        <vehicle id="cfm-fast_0" eclass="HBEFA3/PC_G_EU4" CO2="0.00" CO="0.00" HC="0.00" NOx="0.00" PMx="0.00" fuel="0.00" electricity="0.00" noise="70.11" route="routetop" type="cfm-fast" waiting="0.00" lane="left_0" pos="15.15" speed="24.63" angle="157.17" x="2.69" y="32.20"/>
        <vehicle id="cfm-fast_1" eclass="HBEFA3/PC_G_EU4" CO2="310374.65" CO="7848.74" HC="43.62" NOx="144.85" PMx="8.73" fuel="133.41" electricity="0.00" noise="149.21" route="routetop" type="cfm-fast" waiting="0.00" lane="top_1" pos="15.31" speed="81.76" angle="246.90" x="33.43" y="121.56"/>
        <vehicle id="cfm-fast_2" eclass="HBEFA3/PC_G_EU4" CO2="5066.70" CO="30.77" HC="0.26" NOx="1.76" PMx="0.09" fuel="2.18" electricity="0.00" noise="70.97" route="routetop" type="cfm-fast" waiting="0.00" lane="left_0" pos="30.74" speed="23.68" angle="129.18" x="24.62" y="7.25"/>
        <vehicle id="cfm-fast_3" eclass="HBEFA3/PC_G_EU4" CO2="11029.46" CO="154.00" HC="0.97" NOx="4.57" PMx="0.24" fuel="4.74" electricity="0.00" noise="73.30" route="routetop" type="cfm-fast" waiting="0.00" lane="left_0" pos="45.41" speed="23.89" angle="102.84" x="53.73" y="-4.22"/>
        <vehicle id="cfm-fast_4" eclass="HBEFA3/PC_G_EU4" CO2="394149.69" CO="10258.85" HC="56.74" NOx="184.26" PMx="11.20" fuel="169.43" electricity="0.00" noise="160.26" route="routetop" type="cfm-fast" waiting="0.00" lane="left_1" pos="39.52" speed="94.05" angle="113.32" x="42.53" y="1.87"/>
        <vehicle id="cfm-fast_5" eclass="HBEFA3/PC_G_EU4" CO2="15736.25" CO="253.97" HC="1.55" NOx="6.76" PMx="0.37" fuel="6.76" electricity="0.00" noise="75.82" route="routebottom" type="cfm-fast" waiting="0.00" lane="bottom_0" pos="10.44" speed="25.00" angle="75.66" x="85.81" y="-1.27"/>
        <vehicle id="cfm-slow_0" eclass="HBEFA3/PC_G_EU4" CO2="16513.81" CO="276.85" HC="1.67" NOx="7.09" PMx="0.39" fuel="7.10" electricity="0.00" noise="76.44" route="routebottom" type="cfm-slow" waiting="0.00" lane="bottom_0" pos="26.63" speed="26.74" angle="46.56" x="114.59" y="17.69"/>
        <vehicle id="cfm-slow_1" eclass="HBEFA3/PC_G_EU4" CO2="13180.68" CO="216.97" HC="1.32" NOx="5.48" PMx="0.31" fuel="5.67" electricity="0.00" noise="75.38" route="routebottom" type="cfm-slow" waiting="0.00" lane="bottom_0" pos="48.58" speed="28.38" angle="7.09" x="132.20" y="60.52"/>
        <vehicle id="cfm-slow_2" eclass="HBEFA3/PC_G_EU4" CO2="5923.05" CO="73.81" HC="0.49" NOx="2.04" PMx="0.13" fuel="2.55" electricity="0.00" noise="73.65" route="routebottom" type="cfm-slow" waiting="0.00" lane="right_0" pos="22.15" speed="29.35" angle="324.60" x="116.30" y="107.65"/>
        <vehicle id="cfm-slow_3" eclass="HBEFA3/PC_G_EU4" CO2="0.00" CO="0.00" HC="0.00" NOx="0.00" PMx="0.00" fuel="0.00" electricity="0.00" noise="72.41" route="routebottom" type="cfm-slow" waiting="0.00" lane="right_0" pos="46.63" speed="29.26" angle="280.66" x="71.00" y="131.88"/>
        <vehicle id="cfm-slow_4" eclass="HBEFA3/PC_G_EU4" CO2="0.00" CO="0.00" HC="0.00" NOx="0.00" PMx="0.00" fuel="0.00" electricity="0.00" noise="71.49" route="routetop" type="cfm-slow" waiting="0.00" lane="top_0" pos="20.91" speed="28.10" angle="236.82" x="21.76" y="117.97"/>
        <vehicle id="cfm-slow_5" eclass="HBEFA3/PC_G_EU4" CO2="0.00" CO="0.00" HC="0.00" NOx="0.00" PMx="0.00" fuel="0.00" electricity="0.00" noise="70.59" route="routetop" type="cfm-slow" waiting="0.00" lane="top_0" pos="43.94" speed="26.32" angle="195.51" x="-3.69" y="76.73"/>
    </timestep>
    <timestep time="6.94">
        <vehicle id="cfm-fast_0" eclass="HBEFA3/PC_G_EU4" CO2="0.00" CO="0.00" HC="0.00" NOx="0.00" PMx="0.00" fuel="0.00" electricity="0.00" noise="70.11" route="routetop" type="cfm-fast" waiting="0.00" lane="left_0" pos="15.39" speed="24.62" angle="156.78" x="2.93" y="31.73"/>
        <vehicle id="cfm-fast_1" eclass="HBEFA3/PC_G_EU4" CO2="311113.31" CO="7870.28" HC="43.73" NOx="145.19" PMx="8.75" fuel="133.73" electricity="0.00" noise="149.31" route="routetop" type="cfm-fast" waiting="0.00" lane="top_1" pos="16.13" speed="81.89" angle="245.47" x="31.96" y="120.75"/>
        <vehicle id="cfm-fast_2" eclass="HBEFA3/PC_G_EU4" CO2="5122.20" CO="31.92" HC="0.27" NOx="1.78" PMx="0.09" fuel="2.20" electricity="0.00" noise="70.99" route="routetop" type="cfm-fast" waiting="0.00" lane="left_0" pos="30.98" speed="23.68" angle="128.77" x="25.04" y="6.96"/>
        <vehicle id="cfm-fast_3" eclass="HBEFA3/PC_G_EU4" CO2="11070.31" CO="154.87" HC="0.98" NOx="4.59" PMx="0.24" fuel="4.76" electricity="0.00" noise="73.32" route="routetop" type="cfm-fast" waiting="0.00" lane="left_0" pos="45.65" speed="23.90" angle="102.40" x="54.24" y="-4.29"/>
        <vehicle id="cfm-fast_4" eclass="HBEFA3/PC_G_EU4" CO2="394818.20" CO="10280.92" HC="56.85" NOx="184.58" PMx="11.22" fuel="169.71" electricity="0.00" noise="160.32" route="routetop" type="cfm-fast" waiting="0.00" lane="left_1" pos="40.46" speed="94.18" angle="111.64" x="44.37" y="1.28"/>
        <vehicle id="cfm-fast_5" eclass="HBEFA3/PC_G_EU4" CO2="15743.74" CO="254.18" HC="1.55" NOx="6.77" PMx="0.37" fuel="6.77" electricity="0.00" noise="75.83" route="routebottom" type="cfm-fast" waiting="0.00" lane="bottom_0" pos="10.69" speed="25.02" angle="75.19" x="86.32" y="-1.09"/>
        <vehicle id="cfm-slow_0" eclass="HBEFA3/PC_G_EU4" CO2="16483.86" CO="276.31" HC="1.67" NOx="7.08" PMx="0.39" fuel="7.09" electricity="0.00" noise="76.42" route="routebottom" type="cfm-slow" waiting="0.00" lane="bottom_0" pos="26.89" speed="26.76" angle="46.12" x="114.98" y="18.11"/>
        <vehicle id="cfm-slow_1" eclass="HBEFA3/PC_G_EU4" CO2="13111.38" CO="215.61" HC="1.31" NOx="5.45" PMx="0.31" fuel="5.64" electricity="0.00" noise="75.36" route="routebottom" type="cfm-slow" waiting="0.00" lane="bottom_0" pos="48.87" speed="28.39" angle="6.62" x="132.22" y="61.13"/>
        <vehicle id="cfm-slow_2" eclass="HBEFA3/PC_G_EU4" CO2="5839.19" CO="72.09" HC="0.48" NOx="2.00" PMx="0.12" fuel="2.51" electricity="0.00" noise="73.63" route="routebottom" type="cfm-slow" waiting="0.00" lane="right_0" pos="22.45" speed="29.35" angle="324.05" x="115.89" y="108.13"/>
        <vehicle id="cfm-slow_3" eclass="HBEFA3/PC_G_EU4" CO2="0.00" CO="0.00" HC="0.00" NOx="0.00" PMx="0.00" fuel="0.00" electricity="0.00" noise="72.40" route="routebottom" type="cfm-slow" waiting="0.00" lane="right_0" pos="46.92" speed="29.25" angle="280.12" x="70.37" y="131.94"/>
        <vehicle id="cfm-slow_4" eclass="HBEFA3/PC_G_EU4" CO2="0.00" CO="0.00" HC="0.00" NOx="0.00" PMx="0.00" fuel="0.00" electricity="0.00" noise="71.48" route="routetop" type="cfm-slow" waiting="0.00" lane="top_0" pos="21.19" speed="28.08" angle="236.31" x="21.28" y="117.59"/>
        <vehicle id="cfm-slow_5" eclass="HBEFA3/PC_G_EU4" CO2="0.00" CO="0.00" HC="0.00" NOx="0.00" PMx="0.00" fuel="0.00" electricity="0.00" noise="70.59" route="routetop" type="cfm-slow" waiting="0.00" lane="top_0" pos="44.20" speed="26.30" angle="195.02" x="-3.79" y="76.17"/>
    </timestep>
    <timestep time="6.95">
        <vehicle id="cfm-fast_0" eclass="HBEFA3/PC_G_EU4" CO2="0.00" CO="0.00" HC="0.00" NOx="0.00" PMx="0.00" fuel="0.00" electricity="0.00" noise="70.11" route="routetop" type="cfm-fast" waiting="0.00" lane="left_0" pos="15.64" speed="24.61" angle="156.33" x="3.19" y="31.26"/>
        <vehicle id="cfm-fast_1" eclass="HBEFA3/PC_G_EU4" CO2="311851.98" CO="7891.83" HC="43.85" NOx="145.54" PMx="8.77" fuel="134.05" electricity="0.00" noise="149.41" route="routetop" type="cfm-fast" waiting="0.00" lane="top_1" pos="16.95" speed="82.01" angle="244.03" x="30.50" y="119.92"/>
        <vehicle id="cfm-fast_2" eclass="HBEFA3/PC_G_EU4" CO2="5177.57" CO="33.07" HC="0.28" NOx="1.81" PMx="0.09" fuel="2.23" electricity="0.00" noise="71.01" route="routetop" type="cfm-fast" waiting="0.00" lane="left_0" pos="31.21" speed="23.68" angle="128.35" x="25.46" y="6.68"/>
        <vehicle id="cfm-fast_3" eclass="HBEFA3/PC_G_EU4" CO2="11110.89" CO="155.73" HC="0.98" NOx="4.60" PMx="0.25" fuel="4.78" electricity="0.00" noise="73.34" route="routetop" type="cfm-fast" waiting="0.00" lane="left_0" pos="45.89" speed="23.91" angle="101.96" x="54.75" y="-4.36"/>
        <vehicle id="cfm-fast_4" eclass="HBEFA3/PC_G_EU4" CO2="395487.00" CO="10303.02" HC="56.97" NOx="184.89" PMx="11.24" fuel="170.00" electricity="0.00" noise="160.39" route="routetop" type="cfm-fast" waiting="0.00" lane="left_1" pos="41.40" speed="94.32" angle="109.96" x="46.22" y="0.73"/>
        <vehicle id="cfm-fast_5" eclass="HBEFA3/PC_G_EU4" CO2="15750.92" CO="254.39" HC="1.55" NOx="6.77" PMx="0.37" fuel="6.77" electricity="0.00" noise="75.83" route="routebottom" type="cfm-fast" waiting="0.00" lane="bottom_0" pos="10.94" speed="25.04" angle="74.73" x="86.82" y="-0.91"/>
        <vehicle id="cfm-slow_0" eclass="HBEFA3/PC_G_EU4" CO2="16453.55" CO="275.76" HC="1.67" NOx="7.06" PMx="0.39" fuel="7.07" electricity="0.00" noise="76.41" route="routebottom" type="cfm-slow" waiting="0.00" lane="bottom_0" pos="27.16" speed="26.78" angle="45.63" x="115.35" y="18.55"/>
        <vehicle id="cfm-slow_1" eclass="HBEFA3/PC_G_EU4" CO2="13041.92" CO="214.24" HC="1.30" NOx="5.42" PMx="0.31" fuel="5.61" electricity="0.00" noise="75.33" route="routebottom" type="cfm-slow" waiting="0.00" lane="bottom_0" pos="49.15" speed="28.40" angle="6.09" x="132.24" y="61.74"/>
        <vehicle id="cfm-slow_2" eclass="HBEFA3/PC_G_EU4" CO2="5755.58" CO="70.37" HC="0.47" NOx="1.96" PMx="0.12" fuel="2.47" electricity="0.00" noise="73.61" route="routebottom" type="cfm-slow" waiting="0.00" lane="right_0" pos="22.74" speed="29.35" angle="323.49" x="115.48" y="108.62"/>
        <vehicle id="cfm-slow_3" eclass="HBEFA3/PC_G_EU4" CO2="0.00" CO="0.00" HC="0.00" NOx="0.00" PMx="0.00" fuel="0.00" electricity="0.00" noise="72.39" route="routebottom" type="cfm-slow" waiting="0.00" lane="right_0" pos="47.22" speed="29.24" angle="279.59" x="69.74" y="132.00"/>
        <vehicle id="cfm-slow_4" eclass="HBEFA3/PC_G_EU4" CO2="0.00" CO="0.00" HC="0.00" NOx="0.00" PMx="0.00" fuel="0.00" electricity="0.00" noise="71.47" route="routetop" type="cfm-slow" waiting="0.00" lane="top_0" pos="21.48" speed="28.06" angle="235.79" x="20.81" y="117.22"/>
        <vehicle id="cfm-slow_5" eclass="HBEFA3/PC_G_EU4" CO2="0.00" CO="0.00" HC="0.00" NOx="0.00" PMx="0.00" fuel="0.00" electricity="0.00" noise="70.58" route="routetop" type="cfm-slow" waiting="0.00" lane="top_0" pos="44.46" speed="26.29" angle="194.53" x="-3.89" y="75.62"/>
    </timestep>
    <timestep time="6.96">
        <vehicle id="cfm-fast_0" eclass="HBEFA3/PC_G_EU4" CO2="0.00" CO="0.00" HC="0.00" NOx="0.00" PMx="0.00" fuel="0.00" electricity="0.00" noise="70.12" route="routetop" type="cfm-fast" waiting="0.00" lane="left_0" pos="15.89" speed="24.60" angle="155.88" x="3.45" y="30.80"/>
        <vehicle id="cfm-fast_1" eclass="HBEFA3/PC_G_EU4" CO2="312590.66" CO="7913.40" HC="43.97" NOx="145.89" PMx="8.80" fuel="134.37" electricity="0.00" noise="149.51" route="routetop" type="cfm-fast" waiting="0.00" lane="top_1" pos="17.77" speed="82.14" angle="242.52" x="29.05" y="119.05"/>
        <vehicle id="cfm-fast_2" eclass="HBEFA3/PC_G_EU4" CO2="5232.82" CO="34.21" HC="0.28" NOx="1.84" PMx="0.09" fuel="2.25" electricity="0.00" noise="71.03" route="routetop" type="cfm-fast" waiting="0.00" lane="left_0" pos="31.45" speed="23.68" angle="127.92" x="25.89" y="6.40"/>
        <vehicle id="cfm-fast_3" eclass="HBEFA3/PC_G_EU4" CO2="11151.22" CO="156.59" HC="0.99" NOx="4.62" PMx="0.25" fuel="4.79" electricity="0.00" noise="73.36" route="routetop" type="cfm-fast" waiting="0.00" lane="left_0" pos="46.13" speed="23.92" angle="101.55" x="55.26" y="-4.43"/>
        <vehicle id="cfm-fast_4" eclass="HBEFA3/PC_G_EU4" CO2="396156.09" CO="10325.14" HC="57.09" NOx="185.20" PMx="11.26" fuel="170.29" electricity="0.00" noise="160.45" route="routetop" type="cfm-fast" waiting="0.00" lane="left_1" pos="42.35" speed="94.46" angle="108.30" x="48.09" y="0.24"/>
        <vehicle id="cfm-fast_5" eclass="HBEFA3/PC_G_EU4" CO2="15757.78" CO="254.58" HC="1.55" NOx="6.77" PMx="0.37" fuel="6.77" electricity="0.00" noise="75.84" route="routebottom" type="cfm-fast" waiting="0.00" lane="bottom_0" pos="11.19" speed="25.05" angle="74.26" x="87.33" y="-0.73"/>
        <vehicle id="cfm-slow_0" eclass="HBEFA3/PC_G_EU4" CO2="16422.87" CO="275.21" HC="1.66" NOx="7.05" PMx="0.39" fuel="7.06" electricity="0.00" noise="76.40" route="routebottom" type="cfm-slow" waiting="0.00" lane="bottom_0" pos="27.43" speed="26.79" angle="45.13" x="115.72" y="18.99"/>
        <vehicle id="cfm-slow_1" eclass="HBEFA3/PC_G_EU4" CO2="12972.28" CO="212.87" HC="1.30" NOx="5.38" PMx="0.31" fuel="5.58" electricity="0.00" noise="75.31" route="routebottom" type="cfm-slow" waiting="0.00" lane="bottom_0" pos="49.43" speed="28.41" angle="5.56" x="132.25" y="62.35"/>
        <vehicle id="cfm-slow_2" eclass="HBEFA3/PC_G_EU4" CO2="5672.22" CO="68.65" HC="0.46" NOx="1.92" PMx="0.12" fuel="2.44" electricity="0.00" noise="73.60" route="routebottom" type="cfm-slow" waiting="0.00" lane="right_0" pos="23.03" speed="29.35" angle="322.99" x="115.07" y="109.10"/>
        <vehicle id="cfm-slow_3" eclass="HBEFA3/PC_G_EU4" CO2="0.00" CO="0.00" HC="0.00" NOx="0.00" PMx="0.00" fuel="0.00" electricity="0.00" noise="72.38" route="routebottom" type="cfm-slow" waiting="0.00" lane="right_0" pos="47.51" speed="29.23" angle="279.11" x="69.12" y="132.06"/>
        <vehicle id="cfm-slow_4" eclass="HBEFA3/PC_G_EU4" CO2="0.00" CO="0.00" HC="0.00" NOx="0.00" PMx="0.00" fuel="0.00" electricity="0.00" noise="71.46" route="routetop" type="cfm-slow" waiting="0.00" lane="top_0" pos="21.76" speed="28.04" angle="235.32" x="20.33" y="116.85"/>
        <vehicle id="cfm-slow_5" eclass="HBEFA3/PC_G_EU4" CO2="0.00" CO="0.00" HC="0.00" NOx="0.00" PMx="0.00" fuel="0.00" electricity="0.00" noise="70.57" route="routetop" type="cfm-slow" waiting="0.00" lane="top_0" pos="44.72" speed="26.27" angle="194.04" x="-4.00" y="75.06"/>
    </timestep>
    <timestep time="6.97">
        <vehicle id="cfm-fast_0" eclass="HBEFA3/PC_G_EU4" CO2="0.00" CO="0.00" HC="0.00" NOx="0.00" PMx="0.00" fuel="0.00" electricity="0.00" noise="70.12" route="routetop" type="cfm-fast" waiting="0.00" lane="left_0" pos="16.13" speed="24.60" angle="155.42" x="3.70" y="30.34"/>
        <vehicle id="cfm-fast_1" eclass="HBEFA3/PC_G_EU4" CO2="313329.35" CO="7934.99" HC="44.08" NOx="146.24" PMx="8.82" fuel="134.68" electricity="0.00" noise="149.60" route="routetop" type="cfm-fast" waiting="0.00" lane="top_1" pos="18.59" speed="82.26" angle="241.03" x="27.64" y="118.13"/>
        <vehicle id="cfm-fast_2" eclass="HBEFA3/PC_G_EU4" CO2="5287.94" CO="35.35" HC="0.29" NOx="1.86" PMx="0.09" fuel="2.27" electricity="0.00" noise="71.04" route="routetop" type="cfm-fast" waiting="0.00" lane="left_0" pos="31.69" speed="23.68" angle="127.49" x="26.31" y="6.11"/>
        <vehicle id="cfm-fast_3" eclass="HBEFA3/PC_G_EU4" CO2="11191.29" CO="157.44" HC="0.99" NOx="4.64" PMx="0.25" fuel="4.81" electricity="0.00" noise="73.38" route="routetop" type="cfm-fast" waiting="0.00" lane="left_0" pos="46.37" speed="23.93" angle="101.13" x="55.78" y="-4.49"/>
        <vehicle id="cfm-fast_4" eclass="HBEFA3/PC_G_EU4" CO2="396825.48" CO="10347.29" HC="57.21" NOx="185.52" PMx="11.28" fuel="170.58" electricity="0.00" noise="160.52" route="routetop" type="cfm-fast" waiting="0.00" lane="left_1" pos="43.29" speed="94.59" angle="106.60" x="49.99" y="-0.19"/>
        <vehicle id="cfm-fast_5" eclass="HBEFA3/PC_G_EU4" CO2="15764.32" CO="254.78" HC="1.55" NOx="6.77" PMx="0.37" fuel="6.78" electricity="0.00" noise="75.84" route="routebottom" type="cfm-fast" waiting="0.00" lane="bottom_0" pos="11.44" speed="25.07" angle="73.82" x="87.84" y="-0.54"/>
        <vehicle id="cfm-slow_0" eclass="HBEFA3/PC_G_EU4" CO2="16391.83" CO="274.65" HC="1.66" NOx="7.03" PMx="0.39" fuel="7.05" electricity="0.00" noise="76.39" route="routebottom" type="cfm-slow" waiting="0.00" lane="bottom_0" pos="27.70" speed="26.81" angle="44.63" x="116.09" y="19.43"/>
        <vehicle id="cfm-slow_1" eclass="HBEFA3/PC_G_EU4" CO2="12902.49" CO="211.50" HC="1.29" NOx="5.35" PMx="0.31" fuel="5.55" electricity="0.00" noise="75.29" route="routebottom" type="cfm-slow" waiting="0.00" lane="bottom_0" pos="49.72" speed="28.42" angle="5.03" x="132.26" y="62.96"/>
        <vehicle id="cfm-slow_2" eclass="HBEFA3/PC_G_EU4" CO2="5589.10" CO="66.94" HC="0.45" NOx="1.88" PMx="0.12" fuel="2.40" electricity="0.00" noise="73.58" route="routebottom" type="cfm-slow" waiting="0.00" lane="right_0" pos="23.33" speed="29.35" angle="322.48" x="114.65" y="109.56"/>
        <vehicle id="cfm-slow_3" eclass="HBEFA3/PC_G_EU4" CO2="0.00" CO="0.00" HC="0.00" NOx="0.00" PMx="0.00" fuel="0.00" electricity="0.00" noise="72.37" route="routebottom" type="cfm-slow" waiting="0.00" lane="right_0" pos="47.80" speed="29.22" angle="278.57" x="68.49" y="132.10"/>
        <vehicle id="cfm-slow_4" eclass="HBEFA3/PC_G_EU4" CO2="0.00" CO="0.00" HC="0.00" NOx="0.00" PMx="0.00" fuel="0.00" electricity="0.00" noise="71.45" route="routetop" type="cfm-slow" waiting="0.00" lane="top_0" pos="22.04" speed="28.03" angle="234.80" x="19.87" y="116.46"/>
        <vehicle id="cfm-slow_5" eclass="HBEFA3/PC_G_EU4" CO2="0.00" CO="0.00" HC="0.00" NOx="0.00" PMx="0.00" fuel="0.00" electricity="0.00" noise="70.57" route="routetop" type="cfm-slow" waiting="0.00" lane="top_0" pos="44.99" speed="26.25" angle="193.63" x="-4.09" y="74.50"/>
    </timestep>
    <timestep time="6.98">
        <vehicle id="cfm-fast_0" eclass="HBEFA3/PC_G_EU4" CO2="0.00" CO="0.00" HC="0.00" NOx="0.00" PMx="0.00" fuel="0.00" electricity="0.00" noise="70.12" route="routetop" type="cfm-fast" waiting="0.00" lane="left_0" pos="16.38" speed="24.59" angle="154.97" x="3.96" y="29.87"/>
        <vehicle id="cfm-fast_1" eclass="HBEFA3/PC_G_EU4" CO2="314068.05" CO="7956.60" HC="44.20" NOx="146.58" PMx="8.84" fuel="135.00" electricity="0.00" noise="149.70" route="routetop" type="cfm-fast" waiting="0.00" lane="top_1" pos="19.42" speed="82.39" angle="239.53" x="26.24" y="117.18"/>
        <vehicle id="cfm-fast_2" eclass="HBEFA3/PC_G_EU4" CO2="5342.94" CO="36.48" HC="0.30" NOx="1.89" PMx="0.09" fuel="2.30" electricity="0.00" noise="71.06" route="routetop" type="cfm-fast" waiting="0.00" lane="left_0" pos="31.92" speed="23.69" angle="127.06" x="26.74" y="5.83"/>
        <vehicle id="cfm-fast_3" eclass="HBEFA3/PC_G_EU4" CO2="11231.10" CO="158.29" HC="1.00" NOx="4.66" PMx="0.25" fuel="4.83" electricity="0.00" noise="73.40" route="routetop" type="cfm-fast" waiting="0.00" lane="left_0" pos="46.61" speed="23.95" angle="100.70" x="56.29" y="-4.54"/>
        <vehicle id="cfm-fast_4" eclass="HBEFA3/PC_G_EU4" CO2="397495.16" CO="10369.45" HC="57.33" NOx="185.83" PMx="11.30" fuel="170.86" electricity="0.00" noise="160.59" route="routetop" type="cfm-fast" waiting="0.00" lane="left_1" pos="44.24" speed="94.73" angle="104.91" x="51.89" y="-0.57"/>
        <vehicle id="cfm-fast_5" eclass="HBEFA3/PC_G_EU4" CO2="15770.53" CO="254.96" HC="1.55" NOx="6.78" PMx="0.37" fuel="6.78" electricity="0.00" noise="75.85" route="routebottom" type="cfm-fast" waiting="0.00" lane="bottom_0" pos="11.69" speed="25.09" angle="73.41" x="88.34" y="-0.35"/>
        <vehicle id="cfm-slow_0" eclass="HBEFA3/PC_G_EU4" CO2="16360.42" CO="274.08" HC="1.66" NOx="7.02" PMx="0.39" fuel="7.03" electricity="0.00" noise="76.38" route="routebottom" type="cfm-slow" waiting="0.00" lane="bottom_0" pos="27.97" speed="26.83" angle="44.13" x="116.47" y="19.87"/>
        <vehicle id="cfm-slow_1" eclass="HBEFA3/PC_G_EU4" CO2="12832.54" CO="210.12" HC="1.28" NOx="5.32" PMx="0.30" fuel="5.52" electricity="0.00" noise="75.27" route="routebottom" type="cfm-slow" waiting="0.00" lane="right_0" pos="0.00" speed="28.43" angle="4.46" x="132.27" y="63.77"/>
        <vehicle id="cfm-slow_2" eclass="HBEFA3/PC_G_EU4" CO2="0.00" CO="0.00" HC="0.00" NOx="0.00" PMx="0.00" fuel="0.00" electricity="0.00" noise="73.56" route="routebottom" type="cfm-slow" waiting="0.00" lane="right_0" pos="23.62" speed="29.35" angle="321.95" x="114.22" y="110.03"/>
        <vehicle id="cfm-slow_3" eclass="HBEFA3/PC_G_EU4" CO2="0.00" CO="0.00" HC="0.00" NOx="0.00" PMx="0.00" fuel="0.00" electricity="0.00" noise="72.36" route="routebottom" type="cfm-slow" waiting="0.00" lane="right_0" pos="48.09" speed="29.21" angle="278.02" x="67.86" y="132.14"/>
        <vehicle id="cfm-slow_4" eclass="HBEFA3/PC_G_EU4" CO2="0.00" CO="0.00" HC="0.00" NOx="0.00" PMx="0.00" fuel="0.00" electricity="0.00" noise="71.45" route="routetop" type="cfm-slow" waiting="0.00" lane="top_0" pos="22.32" speed="28.01" angle="234.28" x="19.41" y="116.07"/>
        <vehicle id="cfm-slow_5" eclass="HBEFA3/PC_G_EU4" CO2="0.00" CO="0.00" HC="0.00" NOx="0.00" PMx="0.00" fuel="0.00" electricity="0.00" noise="70.56" route="routetop" type="cfm-slow" waiting="0.00" lane="top_0" pos="45.25" speed="26.24" angle="193.15" x="-4.17" y="73.94"/>
    </timestep>
    <timestep time="6.99">
        <vehicle id="cfm-fast_0" eclass="HBEFA3/PC_G_EU4" CO2="0.00" CO="0.00" HC="0.00" NOx="0.00" PMx="0.00" fuel="0.00" electricity="0.00" noise="70.13" route="routetop" type="cfm-fast" waiting="0.00" lane="left_0" pos="16.62" speed="24.58" angle="154.56" x="4.21" y="29.41"/>
        <vehicle id="cfm-fast_1" eclass="HBEFA3/PC_G_EU4" CO2="314806.75" CO="7978.23" HC="44.32" NOx="146.93" PMx="8.86" fuel="135.32" electricity="0.00" noise="149.80" route="routetop" type="cfm-fast" waiting="0.00" lane="top_1" pos="20.24" speed="82.51" angle="237.99" x="24.87" y="116.19"/>
        <vehicle id="cfm-fast_2" eclass="HBEFA3/PC_G_EU4" CO2="5397.81" CO="37.62" HC="0.30" NOx="1.91" PMx="0.10" fuel="2.32" electricity="0.00" noise="71.08" route="routetop" type="cfm-fast" waiting="0.00" lane="left_0" pos="32.16" speed="23.69" angle="126.69" x="27.17" y="5.56"/>
        <vehicle id="cfm-fast_3" eclass="HBEFA3/PC_G_EU4" CO2="11270.64" CO="159.13" HC="1.00" NOx="4.68" PMx="0.25" fuel="4.84" electricity="0.00" noise="73.42" route="routetop" type="cfm-fast" waiting="0.00" lane="left_0" pos="46.85" speed="23.96" angle="100.26" x="56.80" y="-4.59"/>
        <vehicle id="cfm-fast_4" eclass="HBEFA3/PC_G_EU4" CO2="398165.13" CO="10391.64" HC="57.44" NOx="186.15" PMx="11.33" fuel="171.15" electricity="0.00" noise="160.65" route="routetop" type="cfm-fast" waiting="0.00" lane="left_1" pos="45.19" speed="94.87" angle="103.22" x="53.81" y="-0.90"/>
        <vehicle id="cfm-fast_5" eclass="HBEFA3/PC_G_EU4" CO2="15776.43" CO="255.14" HC="1.55" NOx="6.78" PMx="0.37" fuel="6.78" electricity="0.00" noise="75.85" route="routebottom" type="cfm-fast" waiting="0.00" lane="bottom_0" pos="11.94" speed="25.11" angle="72.96" x="88.84" y="-0.15"/>
        <vehicle id="cfm-slow_0" eclass="HBEFA3/PC_G_EU4" CO2="16328.66" CO="273.51" HC="1.65" NOx="7.00" PMx="0.39" fuel="7.02" electricity="0.00" noise="76.36" route="routebottom" type="cfm-slow" waiting="0.00" lane="bottom_0" pos="28.23" speed="26.84" angle="43.69" x="116.84" y="20.32"/>
        <vehicle id="cfm-slow_1" eclass="HBEFA3/PC_G_EU4" CO2="12762.44" CO="208.74" HC="1.27" NOx="5.28" PMx="0.30" fuel="5.49" electricity="0.00" noise="75.24" route="routebottom" type="cfm-slow" waiting="0.00" lane="right_0" pos="0.29" speed="28.44" angle="3.95" x="132.26" y="64.38"/>
        <vehicle id="cfm-slow_2" eclass="HBEFA3/PC_G_EU4" CO2="0.00" CO="0.00" HC="0.00" NOx="0.00" PMx="0.00" fuel="0.00" electricity="0.00" noise="73.55" route="routebottom" type="cfm-slow" waiting="0.00" lane="right_0" pos="23.91" speed="29.35" angle="321.43" x="113.79" y="110.49"/>
        <vehicle id="cfm-slow_3" eclass="HBEFA3/PC_G_EU4" CO2="0.00" CO="0.00" HC="0.00" NOx="0.00" PMx="0.00" fuel="0.00" electricity="0.00" noise="72.36" route="routebottom" type="cfm-slow" waiting="0.00" lane="right_0" pos="48.38" speed="29.20" angle="277.47" x="67.24" y="132.17"/>
        <vehicle id="cfm-slow_4" eclass="HBEFA3/PC_G_EU4" CO2="0.00" CO="0.00" HC="0.00" NOx="0.00" PMx="0.00" fuel="0.00" electricity="0.00" noise="71.44" route="routetop" type="cfm-slow" waiting="0.00" lane="top_0" pos="22.60" speed="27.99" angle="233.76" x="18.95" y="115.69"/>
        <vehicle id="cfm-slow_5" eclass="HBEFA3/PC_G_EU4" CO2="0.00" CO="0.00" HC="0.00" NOx="0.00" PMx="0.00" fuel="0.00" electricity="0.00" noise="70.56" route="routetop" type="cfm-slow" waiting="0.00" lane="top_0" pos="45.51" speed="26.22" angle="192.66" x="-4.25" y="73.39"/>
    </timestep>
    <timestep time="7.00">
        <vehicle id="cfm-fast_0" eclass="HBEFA3/PC_G_EU4" CO2="0.00" CO="0.00" HC="0.00" NOx="0.00" PMx="0.00" fuel="0.00" electricity="0.00" noise="70.13" route="routetop" type="cfm-fast" waiting="0.00" lane="left_0" pos="16.87" speed="24.57" angle="154.12" x="4.48" y="28.96"/>
        <vehicle id="cfm-fast_1" eclass="HBEFA3/PC_G_EU4" CO2="315545.45" CO="7999.87" HC="44.44" NOx="147.28" PMx="8.88" fuel="135.64" electricity="0.00" noise="149.90" route="routetop" type="cfm-fast" waiting="0.00" lane="top_1" pos="21.07" speed="82.64" angle="236.55" x="23.53" y="115.16"/>
        <vehicle id="cfm-fast_2" eclass="HBEFA3/PC_G_EU4" CO2="5452.56" CO="38.75" HC="0.31" NOx="1.94" PMx="0.10" fuel="2.34" electricity="0.00" noise="71.10" route="routetop" type="cfm-fast" waiting="0.00" lane="left_0" pos="32.40" speed="23.69" angle="126.25" x="27.60" y="5.30"/>
        <vehicle id="cfm-fast_3" eclass="HBEFA3/PC_G_EU4" CO2="11309.92" CO="159.96" HC="1.01" NOx="4.70" PMx="0.25" fuel="4.86" electricity="0.00" noise="73.45" route="routetop" type="cfm-fast" waiting="0.00" lane="left_0" pos="47.09" speed="23.97" angle="99.82" x="57.31" y="-4.65"/>
        <vehicle id="cfm-fast_4" eclass="HBEFA3/PC_G_EU4" CO2="398835.39" CO="10413.84" HC="57.56" NOx="186.46" PMx="11.35" fuel="171.44" electricity="0.00" noise="160.72" route="routetop" type="cfm-fast" waiting="0.00" lane="left_1" pos="46.14" speed="95.00" angle="101.52" x="55.74" y="-1.17"/>
        <vehicle id="cfm-fast_5" eclass="HBEFA3/PC_G_EU4" CO2="15782.00" CO="255.31" HC="1.56" NOx="6.78" PMx="0.37" fuel="6.78" electricity="0.00" noise="75.86" route="routebottom" type="cfm-fast" waiting="0.00" lane="bottom_0" pos="12.19" speed="25.12" angle="72.51" x="89.34" y="0.05"/>
        <vehicle id="cfm-slow_0" eclass="HBEFA3/PC_G_EU4" CO2="16296.53" CO="272.92" HC="1.65" NOx="6.98" PMx="0.39" fuel="7.01" electricity="0.00" noise="76.35" route="routebottom" type="cfm-slow" waiting="0.00" lane="bottom_0" pos="28.50" speed="26.86" angle="43.19" x="117.19" y="20.77"/>
        <vehicle id="cfm-slow_1" eclass="HBEFA3/PC_G_EU4" CO2="12692.18" CO="207.35" HC="1.26" NOx="5.25" PMx="0.30" fuel="5.46" electricity="0.00" noise="75.22" route="routebottom" type="cfm-slow" waiting="0.00" lane="right_0" pos="0.57" speed="28.45" angle="3.43" x="132.25" y="64.99"/>
        <vehicle id="cfm-slow_2" eclass="HBEFA3/PC_G_EU4" CO2="0.00" CO="0.00" HC="0.00" NOx="0.00" PMx="0.00" fuel="0.00" electricity="0.00" noise="73.53" route="routebottom" type="cfm-slow" waiting="0.00" lane="right_0" pos="24.21" speed="29.35" angle="320.90" x="113.36" y="110.95"/>
        <vehicle id="cfm-slow_3" eclass="HBEFA3/PC_G_EU4" CO2="0.00" CO="0.00" HC="0.00" NOx="0.00" PMx="0.00" fuel="0.00" electricity="0.00" noise="72.35" route="routebottom" type="cfm-slow" waiting="0.00" lane="right_0" pos="48.68" speed="29.18" angle="276.95" x="66.61" y="132.21"/>
        <vehicle id="cfm-slow_4" eclass="HBEFA3/PC_G_EU4" CO2="0.00" CO="0.00" HC="0.00" NOx="0.00" PMx="0.00" fuel="0.00" electricity="0.00" noise="71.43" route="routetop" type="cfm-slow" waiting="0.00" lane="top_0" pos="22.88" speed="27.98" angle="233.23" x="18.49" y="115.30"/>
        <vehicle id="cfm-slow_5" eclass="HBEFA3/PC_G_EU4" CO2="0.00" CO="0.00" HC="0.00" NOx="0.00" PMx="0.00" fuel="0.00" electricity="0.00" noise="70.55" route="routetop" type="cfm-slow" waiting="0.00" lane="top_0" pos="45.77" speed="26.21" angle="192.18" x="-4.33" y="72.83"/>
    </timestep>
    <timestep time="7.01">
        <vehicle id="cfm-fast_0" eclass="HBEFA3/PC_G_EU4" CO2="0.00" CO="0.00" HC="0.00" NOx="0.00" PMx="0.00" fuel="0.00" electricity="0.00" noise="70.13" route="routetop" type="cfm-fast" waiting="0.00" lane="left_0" pos="17.11" speed="24.56" angle="153.67" x="4.75" y="28.50"/>
        <vehicle id="cfm-fast_1" eclass="HBEFA3/PC_G_EU4" CO2="316284.16" CO="8021.53" HC="44.55" NOx="147.62" PMx="8.91" fuel="135.95" electricity="0.00" noise="150.00" route="routetop" type="cfm-fast" waiting="0.00" lane="top_1" pos="21.90" speed="82.76" angle="235.09" x="22.19" y="114.11"/>
        <vehicle id="cfm-fast_2" eclass="HBEFA3/PC_G_EU4" CO2="5507.17" CO="39.88" HC="0.32" NOx="1.96" PMx="0.10" fuel="2.37" electricity="0.00" noise="71.11" route="routetop" type="cfm-fast" waiting="0.00" lane="left_0" pos="32.63" speed="23.69" angle="125.81" x="28.04" y="5.03"/>
        <vehicle id="cfm-fast_3" eclass="HBEFA3/PC_G_EU4" CO2="11348.94" CO="160.80" HC="1.01" NOx="4.71" PMx="0.25" fuel="4.88" electricity="0.00" noise="73.47" route="routetop" type="cfm-fast" waiting="0.00" lane="left_0" pos="47.33" speed="23.98" angle="99.38" x="57.83" y="-4.70"/>
        <vehicle id="cfm-fast_4" eclass="HBEFA3/PC_G_EU4" CO2="399505.94" CO="10436.07" HC="57.68" NOx="186.78" PMx="11.37" fuel="171.73" electricity="0.00" noise="160.78" route="routetop" type="cfm-fast" waiting="0.00" lane="left_1" pos="47.09" speed="95.14" angle="99.76" x="57.68" y="-1.37"/>
        <vehicle id="cfm-fast_5" eclass="HBEFA3/PC_G_EU4" CO2="15787.25" CO="255.48" HC="1.56" NOx="6.78" PMx="0.37" fuel="6.79" electricity="0.00" noise="75.86" route="routebottom" type="cfm-fast" waiting="0.00" lane="bottom_0" pos="12.44" speed="25.14" angle="72.06" x="89.85" y="0.25"/>
        <vehicle id="cfm-slow_0" eclass="HBEFA3/PC_G_EU4" CO2="16264.05" CO="272.33" HC="1.65" NOx="6.97" PMx="0.39" fuel="6.99" electricity="0.00" noise="76.34" route="routebottom" type="cfm-slow" waiting="0.00" lane="bottom_0" pos="28.77" speed="26.88" angle="42.69" x="117.55" y="21.23"/>
        <vehicle id="cfm-slow_1" eclass="HBEFA3/PC_G_EU4" CO2="12621.78" CO="205.96" HC="1.26" NOx="5.22" PMx="0.30" fuel="5.43" electricity="0.00" noise="75.20" route="routebottom" type="cfm-slow" waiting="0.00" lane="right_0" pos="0.86" speed="28.46" angle="2.92" x="132.24" y="65.60"/>
        <vehicle id="cfm-slow_2" eclass="HBEFA3/PC_G_EU4" CO2="0.00" CO="0.00" HC="0.00" NOx="0.00" PMx="0.00" fuel="0.00" electricity="0.00" noise="73.51" route="routebottom" type="cfm-slow" waiting="0.00" lane="right_0" pos="24.50" speed="29.35" angle="320.41" x="112.92" y="111.41"/>
        <vehicle id="cfm-slow_3" eclass="HBEFA3/PC_G_EU4" CO2="0.00" CO="0.00" HC="0.00" NOx="0.00" PMx="0.00" fuel="0.00" electricity="0.00" noise="72.34" route="routebottom" type="cfm-slow" waiting="0.00" lane="right_0" pos="48.97" speed="29.17" angle="276.44" x="65.98" y="132.23"/>
        <vehicle id="cfm-slow_4" eclass="HBEFA3/PC_G_EU4" CO2="0.00" CO="0.00" HC="0.00" NOx="0.00" PMx="0.00" fuel="0.00" electricity="0.00" noise="71.42" route="routetop" type="cfm-slow" waiting="0.00" lane="top_0" pos="23.16" speed="27.96" angle="232.80" x="18.03" y="114.90"/>
        <vehicle id="cfm-slow_5" eclass="HBEFA3/PC_G_EU4" CO2="0.00" CO="0.00" HC="0.00" NOx="0.00" PMx="0.00" fuel="0.00" electricity="0.00" noise="70.54" route="routetop" type="cfm-slow" waiting="0.00" lane="top_0" pos="46.03" speed="26.19" angle="191.70" x="-4.40" y="72.27"/>
    </timestep>
    <timestep time="7.02">
        <vehicle id="cfm-fast_0" eclass="HBEFA3/PC_G_EU4" CO2="0.00" CO="0.00" HC="0.00" NOx="0.00" PMx="0.00" fuel="0.00" electricity="0.00" noise="70.14" route="routetop" type="cfm-fast" waiting="0.00" lane="left_0" pos="17.36" speed="24.55" angle="153.22" x="5.03" y="28.05"/>
        <vehicle id="cfm-fast_1" eclass="HBEFA3/PC_G_EU4" CO2="317022.87" CO="8043.21" HC="44.67" NOx="147.97" PMx="8.93" fuel="136.27" electricity="0.00" noise="150.09" route="routetop" type="cfm-fast" waiting="0.00" lane="top_1" pos="22.73" speed="82.89" angle="233.54" x="20.90" y="113.01"/>
        <vehicle id="cfm-fast_2" eclass="HBEFA3/PC_G_EU4" CO2="5561.65" CO="41.01" HC="0.32" NOx="1.99" PMx="0.10" fuel="2.39" electricity="0.00" noise="71.13" route="routetop" type="cfm-fast" waiting="0.00" lane="left_0" pos="32.87" speed="23.70" angle="125.37" x="28.48" y="4.77"/>
        <vehicle id="cfm-fast_3" eclass="HBEFA3/PC_G_EU4" CO2="11387.69" CO="161.62" HC="1.02" NOx="4.73" PMx="0.25" fuel="4.90" electricity="0.00" noise="73.49" route="routetop" type="cfm-fast" waiting="0.00" lane="left_0" pos="47.57" speed="23.99" angle="98.99" x="58.34" y="-4.74"/>
        <vehicle id="cfm-fast_4" eclass="HBEFA3/PC_G_EU4" CO2="400176.79" CO="10458.32" HC="57.80" NOx="187.10" PMx="11.39" fuel="172.02" electricity="0.00" noise="160.85" route="routetop" type="cfm-fast" waiting="0.00" lane="left_1" pos="48.04" speed="95.27" angle="98.06" x="59.62" y="-1.51"/>
        <vehicle id="cfm-fast_5" eclass="HBEFA3/PC_G_EU4" CO2="15792.17" CO="255.64" HC="1.56" NOx="6.78" PMx="0.37" fuel="6.79" electricity="0.00" noise="75.87" route="routebottom" type="cfm-fast" waiting="0.00" lane="bottom_0" pos="12.69" speed="25.16" angle="71.63" x="90.35" y="0.45"/>
        <vehicle id="cfm-slow_0" eclass="HBEFA3/PC_G_EU4" CO2="16231.21" CO="271.73" HC="1.64" NOx="6.95" PMx="0.39" fuel="6.98" electricity="0.00" noise="76.33" route="routebottom" type="cfm-slow" waiting="0.00" lane="bottom_0" pos="29.04" speed="26.89" angle="42.19" x="117.91" y="21.68"/>
        <vehicle id="cfm-slow_1" eclass="HBEFA3/PC_G_EU4" CO2="12551.23" CO="204.57" HC="1.25" NOx="5.18" PMx="0.30" fuel="5.40" electricity="0.00" noise="75.18" route="routebottom" type="cfm-slow" waiting="0.00" lane="right_0" pos="1.14" speed="28.47" angle="2.40" x="132.22" y="66.21"/>
        <vehicle id="cfm-slow_2" eclass="HBEFA3/PC_G_EU4" CO2="0.00" CO="0.00" HC="0.00" NOx="0.00" PMx="0.00" fuel="0.00" electricity="0.00" noise="73.50" route="routebottom" type="cfm-slow" waiting="0.00" lane="right_0" pos="24.80" speed="29.35" angle="319.87" x="112.48" y="111.85"/>
        <vehicle id="cfm-slow_3" eclass="HBEFA3/PC_G_EU4" CO2="0.00" CO="0.00" HC="0.00" NOx="0.00" PMx="0.00" fuel="0.00" electricity="0.00" noise="72.33" route="routebottom" type="cfm-slow" waiting="0.00" lane="right_0" pos="49.26" speed="29.16" angle="275.90" x="65.35" y="132.24"/>
        <vehicle id="cfm-slow_4" eclass="HBEFA3/PC_G_EU4" CO2="0.00" CO="0.00" HC="0.00" NOx="0.00" PMx="0.00" fuel="0.00" electricity="0.00" noise="71.41" route="routetop" type="cfm-slow" waiting="0.00" lane="top_0" pos="23.44" speed="27.94" angle="232.29" x="17.59" y="114.50"/>
        <vehicle id="cfm-slow_5" eclass="HBEFA3/PC_G_EU4" CO2="0.00" CO="0.00" HC="0.00" NOx="0.00" PMx="0.00" fuel="0.00" electricity="0.00" noise="70.54" route="routetop" type="cfm-slow" waiting="0.00" lane="top_0" pos="46.30" speed="26.17" angle="191.27" x="-4.47" y="71.71"/>
    </timestep>
    <timestep time="7.03">
        <vehicle id="cfm-fast_0" eclass="HBEFA3/PC_G_EU4" CO2="0.00" CO="0.00" HC="0.00" NOx="0.00" PMx="0.00" fuel="0.00" electricity="0.00" noise="70.14" route="routetop" type="cfm-fast" waiting="0.00" lane="left_0" pos="17.61" speed="24.55" angle="152.77" x="5.30" y="27.60"/>
        <vehicle id="cfm-fast_1" eclass="HBEFA3/PC_G_EU4" CO2="317761.57" CO="8064.91" HC="44.79" NOx="148.32" PMx="8.95" fuel="136.59" electricity="0.00" noise="150.19" route="routetop" type="cfm-fast" waiting="0.00" lane="top_1" pos="23.56" speed="83.01" angle="232.08" x="19.63" y="111.88"/>
        <vehicle id="cfm-fast_2" eclass="HBEFA3/PC_G_EU4" CO2="5616.00" CO="42.13" HC="0.33" NOx="2.02" PMx="0.10" fuel="2.41" electricity="0.00" noise="71.15" route="routetop" type="cfm-fast" waiting="0.00" lane="left_0" pos="33.11" speed="23.70" angle="124.92" x="28.91" y="4.51"/>
        <vehicle id="cfm-fast_3" eclass="HBEFA3/PC_G_EU4" CO2="11426.17" CO="162.44" HC="1.02" NOx="4.75" PMx="0.25" fuel="4.91" electricity="0.00" noise="73.51" route="routetop" type="cfm-fast" waiting="0.00" lane="left_0" pos="47.81" speed="24.00" angle="98.53" x="58.86" y="-4.77"/>
        <vehicle id="cfm-fast_4" eclass="HBEFA3/PC_G_EU4" CO2="400847.93" CO="10480.59" HC="57.92" NOx="187.41" PMx="11.41" fuel="172.30" electricity="0.00" noise="160.91" route="routetop" type="cfm-fast" waiting="0.00" lane="left_1" pos="49.00" speed="95.41" angle="96.35" x="61.58" y="-1.61"/>
        <vehicle id="cfm-fast_5" eclass="HBEFA3/PC_G_EU4" CO2="15796.77" CO="255.79" HC="1.56" NOx="6.79" PMx="0.37" fuel="6.79" electricity="0.00" noise="75.87" route="routebottom" type="cfm-fast" waiting="0.00" lane="bottom_0" pos="12.95" speed="25.18" angle="71.21" x="90.85" y="0.67"/>
        <vehicle id="cfm-slow_0" eclass="HBEFA3/PC_G_EU4" CO2="16198.02" CO="271.13" HC="1.64" NOx="6.94" PMx="0.39" fuel="6.96" electricity="0.00" noise="76.31" route="routebottom" type="cfm-slow" waiting="0.00" lane="bottom_0" pos="29.31" speed="26.91" angle="41.69" x="118.27" y="22.14"/>
        <vehicle id="cfm-slow_1" eclass="HBEFA3/PC_G_EU4" CO2="12480.55" CO="203.18" HC="1.24" NOx="5.15" PMx="0.29" fuel="5.36" electricity="0.00" noise="75.16" route="routebottom" type="cfm-slow" waiting="0.00" lane="right_0" pos="1.43" speed="28.48" angle="1.91" x="132.20" y="66.83"/>
        <vehicle id="cfm-slow_2" eclass="HBEFA3/PC_G_EU4" CO2="0.00" CO="0.00" HC="0.00" NOx="0.00" PMx="0.00" fuel="0.00" electricity="0.00" noise="73.48" route="routebottom" type="cfm-slow" waiting="0.00" lane="right_0" pos="25.09" speed="29.35" angle="319.32" x="112.03" y="112.30"/>
        <vehicle id="cfm-slow_3" eclass="HBEFA3/PC_G_EU4" CO2="0.00" CO="0.00" HC="0.00" NOx="0.00" PMx="0.00" fuel="0.00" electricity="0.00" noise="72.32" route="routebottom" type="cfm-slow" waiting="0.00" lane="right_0" pos="49.55" speed="29.15" angle="275.35" x="64.73" y="132.25"/>
        <vehicle id="cfm-slow_4" eclass="HBEFA3/PC_G_EU4" CO2="0.00" CO="0.00" HC="0.00" NOx="0.00" PMx="0.00" fuel="0.00" electricity="0.00" noise="71.40" route="routetop" type="cfm-slow" waiting="0.00" lane="top_0" pos="23.71" speed="27.93" angle="231.79" x="17.15" y="114.09"/>
        <vehicle id="cfm-slow_5" eclass="HBEFA3/PC_G_EU4" CO2="0.00" CO="0.00" HC="0.00" NOx="0.00" PMx="0.00" fuel="0.00" electricity="0.00" noise="70.53" route="routetop" type="cfm-slow" waiting="0.00" lane="top_0" pos="46.56" speed="26.16" angle="190.79" x="-4.53" y="71.15"/>
    </timestep>
    <timestep time="7.04">
        <vehicle id="cfm-fast_0" eclass="HBEFA3/PC_G_EU4" CO2="0.00" CO="0.00" HC="0.00" NOx="0.00" PMx="0.00" fuel="0.00" electricity="0.00" noise="70.14" route="routetop" type="cfm-fast" waiting="0.00" lane="left_0" pos="17.85" speed="24.54" angle="152.34" x="5.57" y="27.15"/>
        <vehicle id="cfm-fast_1" eclass="HBEFA3/PC_G_EU4" CO2="318500.27" CO="8086.62" HC="44.91" NOx="148.67" PMx="8.97" fuel="136.91" electricity="0.00" noise="150.29" route="routetop" type="cfm-fast" waiting="0.00" lane="top_1" pos="24.39" speed="83.14" angle="230.61" x="18.38" y="110.72"/>
        <vehicle id="cfm-fast_2" eclass="HBEFA3/PC_G_EU4" CO2="5670.21" CO="43.25" HC="0.34" NOx="2.04" PMx="0.10" fuel="2.44" electricity="0.00" noise="71.17" route="routetop" type="cfm-fast" waiting="0.00" lane="left_0" pos="33.35" speed="23.70" angle="124.54" x="29.35" y="4.24"/>
        <vehicle id="cfm-fast_3" eclass="HBEFA3/PC_G_EU4" CO2="11464.39" CO="163.26" HC="1.03" NOx="4.77" PMx="0.26" fuel="4.93" electricity="0.00" noise="73.53" route="routetop" type="cfm-fast" waiting="0.00" lane="left_0" pos="48.05" speed="24.02" angle="98.07" x="59.37" y="-4.80"/>
        <vehicle id="cfm-fast_4" eclass="HBEFA3/PC_G_EU4" CO2="401519.36" CO="10502.89" HC="58.04" NOx="187.73" PMx="11.43" fuel="172.59" electricity="0.00" noise="160.98" route="routetop" type="cfm-fast" waiting="0.00" lane="left_1" pos="49.95" speed="95.55" angle="94.58" x="63.54" y="-1.65"/>
        <vehicle id="cfm-fast_5" eclass="HBEFA3/PC_G_EU4" CO2="15801.04" CO="255.94" HC="1.56" NOx="6.79" PMx="0.37" fuel="6.79" electricity="0.00" noise="75.88" route="routebottom" type="cfm-fast" waiting="0.00" lane="bottom_0" pos="13.20" speed="25.19" angle="70.74" x="91.34" y="0.89"/>
        <vehicle id="cfm-slow_0" eclass="HBEFA3/PC_G_EU4" CO2="16164.48" CO="270.52" HC="1.64" NOx="6.92" PMx="0.39" fuel="6.95" electricity="0.00" noise="76.30" route="routebottom" type="cfm-slow" waiting="0.00" lane="bottom_0" pos="29.58" speed="26.92" angle="41.26" x="118.62" y="22.60"/>
        <vehicle id="cfm-slow_1" eclass="HBEFA3/PC_G_EU4" CO2="12409.72" CO="201.78" HC="1.23" NOx="5.11" PMx="0.29" fuel="5.33" electricity="0.00" noise="75.13" route="routebottom" type="cfm-slow" waiting="0.00" lane="right_0" pos="1.71" speed="28.49" angle="1.40" x="132.16" y="67.44"/>
        <vehicle id="cfm-slow_2" eclass="HBEFA3/PC_G_EU4" CO2="0.00" CO="0.00" HC="0.00" NOx="0.00" PMx="0.00" fuel="0.00" electricity="0.00" noise="73.46" route="routebottom" type="cfm-slow" waiting="0.00" lane="right_0" pos="25.38" speed="29.35" angle="318.78" x="111.58" y="112.75"/>
        <vehicle id="cfm-slow_3" eclass="HBEFA3/PC_G_EU4" CO2="0.00" CO="0.00" HC="0.00" NOx="0.00" PMx="0.00" fuel="0.00" electricity="0.00" noise="72.31" route="routebottom" type="cfm-slow" waiting="0.00" lane="right_0" pos="49.84" speed="29.14" angle="274.81" x="64.10" y="132.26"/>
        <vehicle id="cfm-slow_4" eclass="HBEFA3/PC_G_EU4" CO2="0.00" CO="0.00" HC="0.00" NOx="0.00" PMx="0.00" fuel="0.00" electricity="0.00" noise="71.40" route="routetop" type="cfm-slow" waiting="0.00" lane="top_0" pos="23.99" speed="27.91" angle="231.29" x="16.71" y="113.68"/>
        <vehicle id="cfm-slow_5" eclass="HBEFA3/PC_G_EU4" CO2="0.00" CO="0.00" HC="0.00" NOx="0.00" PMx="0.00" fuel="0.00" electricity="0.00" noise="70.53" route="routetop" type="cfm-slow" waiting="0.00" lane="top_0" pos="46.82" speed="26.14" angle="190.31" x="-4.59" y="70.59"/>
    </timestep>
    <timestep time="7.05">
        <vehicle id="cfm-fast_0" eclass="HBEFA3/PC_G_EU4" CO2="0.00" CO="0.00" HC="0.00" NOx="0.00" PMx="0.00" fuel="0.00" electricity="0.00" noise="70.15" route="routetop" type="cfm-fast" waiting="0.00" lane="left_0" pos="18.10" speed="24.53" angle="151.93" x="5.86" y="26.70"/>
        <vehicle id="cfm-fast_1" eclass="HBEFA3/PC_G_EU4" CO2="319238.96" CO="8108.35" HC="45.03" NOx="149.01" PMx="8.99" fuel="137.23" electricity="0.00" noise="150.39" route="routetop" type="cfm-fast" waiting="0.00" lane="top_1" pos="25.22" speed="83.27" angle="229.12" x="17.17" y="109.51"/>
        <vehicle id="cfm-fast_2" eclass="HBEFA3/PC_G_EU4" CO2="5724.29" CO="44.37" HC="0.34" NOx="2.07" PMx="0.10" fuel="2.46" electricity="0.00" noise="71.19" route="routetop" type="cfm-fast" waiting="0.00" lane="left_0" pos="33.58" speed="23.71" angle="124.11" x="29.80" y="4.00"/>
        <vehicle id="cfm-fast_3" eclass="HBEFA3/PC_G_EU4" CO2="11502.34" CO="164.07" HC="1.03" NOx="4.79" PMx="0.26" fuel="4.94" electricity="0.00" noise="73.55" route="routetop" type="cfm-fast" waiting="0.00" lane="left_0" pos="48.29" speed="24.03" angle="97.60" x="59.89" y="-4.83"/>
        <vehicle id="cfm-fast_4" eclass="HBEFA3/PC_G_EU4" CO2="402191.08" CO="10525.20" HC="58.16" NOx="188.04" PMx="11.45" fuel="172.88" electricity="0.00" noise="161.05" route="routebottom" type="cfm-fast" waiting="0.00" lane="bottom_1" pos="0.91" speed="95.68" angle="92.83" x="65.56" y="-1.61"/>
        <vehicle id="cfm-fast_5" eclass="HBEFA3/PC_G_EU4" CO2="15804.99" CO="256.08" HC="1.56" NOx="6.79" PMx="0.37" fuel="6.79" electricity="0.00" noise="75.88" route="routebottom" type="cfm-fast" waiting="0.00" lane="bottom_0" pos="13.45" speed="25.21" angle="70.27" x="91.84" y="1.11"/>
        <vehicle id="cfm-slow_0" eclass="HBEFA3/PC_G_EU4" CO2="16130.58" CO="269.90" HC="1.63" NOx="6.90" PMx="0.38" fuel="6.93" electricity="0.00" noise="76.29" route="routebottom" type="cfm-slow" waiting="0.00" lane="bottom_0" pos="29.85" speed="26.94" angle="40.77" x="118.96" y="23.07"/>
        <vehicle id="cfm-slow_1" eclass="HBEFA3/PC_G_EU4" CO2="12338.77" CO="200.37" HC="1.22" NOx="5.08" PMx="0.29" fuel="5.30" electricity="0.00" noise="75.11" route="routebottom" type="cfm-slow" waiting="0.00" lane="right_0" pos="2.00" speed="28.50" angle="0.89" x="132.13" y="68.05"/>
        <vehicle id="cfm-slow_2" eclass="HBEFA3/PC_G_EU4" CO2="0.00" CO="0.00" HC="0.00" NOx="0.00" PMx="0.00" fuel="0.00" electricity="0.00" noise="73.45" route="routebottom" type="cfm-slow" waiting="0.00" lane="right_0" pos="25.68" speed="29.35" angle="318.30" x="111.13" y="113.19"/>
        <vehicle id="cfm-slow_3" eclass="HBEFA3/PC_G_EU4" CO2="0.00" CO="0.00" HC="0.00" NOx="0.00" PMx="0.00" fuel="0.00" electricity="0.00" noise="72.30" route="routetop" type="cfm-slow" waiting="0.00" lane="top_0" pos="0.13" speed="29.13" angle="274.23" x="63.28" y="132.26"/>
        <vehicle id="cfm-slow_4" eclass="HBEFA3/PC_G_EU4" CO2="0.00" CO="0.00" HC="0.00" NOx="0.00" PMx="0.00" fuel="0.00" electricity="0.00" noise="71.39" route="routetop" type="cfm-slow" waiting="0.00" lane="top_0" pos="24.27" speed="27.89" angle="230.81" x="16.27" y="113.27"/>
        <vehicle id="cfm-slow_5" eclass="HBEFA3/PC_G_EU4" CO2="0.00" CO="0.00" HC="0.00" NOx="0.00" PMx="0.00" fuel="0.00" electricity="0.00" noise="70.52" route="routetop" type="cfm-slow" waiting="0.00" lane="top_0" pos="47.08" speed="26.13" angle="189.83" x="-4.64" y="70.03"/>
    </timestep>
    <timestep time="7.06">
        <vehicle id="cfm-fast_0" eclass="HBEFA3/PC_G_EU4" CO2="0.00" CO="0.00" HC="0.00" NOx="0.00" PMx="0.00" fuel="0.00" electricity="0.00" noise="70.15" route="routetop" type="cfm-fast" waiting="0.00" lane="left_0" pos="18.34" speed="24.52" angle="151.47" x="6.15" y="26.26"/>
        <vehicle id="cfm-fast_1" eclass="HBEFA3/PC_G_EU4" CO2="319977.65" CO="8130.10" HC="45.14" NOx="149.36" PMx="9.02" fuel="137.54" electricity="0.00" noise="150.48" route="routetop" type="cfm-fast" waiting="0.00" lane="top_1" pos="26.05" speed="83.39" angle="227.65" x="15.98" y="108.28"/>
        <vehicle id="cfm-fast_2" eclass="HBEFA3/PC_G_EU4" CO2="5778.24" CO="45.49" HC="0.35" NOx="2.09" PMx="0.11" fuel="2.48" electricity="0.00" noise="71.20" route="routetop" type="cfm-fast" waiting="0.00" lane="left_0" pos="33.82" speed="23.71" angle="123.67" x="30.25" y="3.75"/>
        <vehicle id="cfm-fast_3" eclass="HBEFA3/PC_G_EU4" CO2="11540.02" CO="164.87" HC="1.04" NOx="4.80" PMx="0.26" fuel="4.96" electricity="0.00" noise="73.57" route="routetop" type="cfm-fast" waiting="0.00" lane="left_0" pos="48.53" speed="24.04" angle="97.14" x="60.41" y="-4.86"/>
        <vehicle id="cfm-fast_4" eclass="HBEFA3/PC_G_EU4" CO2="402863.09" CO="10547.54" HC="58.28" NOx="188.36" PMx="11.47" fuel="173.17" electricity="0.00" noise="161.11" route="routebottom" type="cfm-fast" waiting="0.00" lane="bottom_1" pos="1.87" speed="95.82" angle="91.13" x="67.52" y="-1.52"/>
        <vehicle id="cfm-fast_5" eclass="HBEFA3/PC_G_EU4" CO2="15808.61" CO="256.21" HC="1.56" NOx="6.79" PMx="0.37" fuel="6.80" electricity="0.00" noise="75.89" route="routebottom" type="cfm-fast" waiting="0.00" lane="bottom_0" pos="13.70" speed="25.23" angle="69.81" x="92.33" y="1.34"/>
        <vehicle id="cfm-slow_0" eclass="HBEFA3/PC_G_EU4" CO2="16096.33" CO="269.27" HC="1.63" NOx="6.89" PMx="0.38" fuel="6.92" electricity="0.00" noise="76.27" route="routebottom" type="cfm-slow" waiting="0.00" lane="bottom_0" pos="30.12" speed="26.96" angle="40.27" x="119.30" y="23.54"/>
        <vehicle id="cfm-slow_1" eclass="HBEFA3/PC_G_EU4" CO2="12267.69" CO="198.97" HC="1.21" NOx="5.05" PMx="0.29" fuel="5.27" electricity="0.00" noise="75.09" route="routebottom" type="cfm-slow" waiting="0.00" lane="right_0" pos="2.28" speed="28.51" angle="0.38" x="132.09" y="68.66"/>
        <vehicle id="cfm-slow_2" eclass="HBEFA3/PC_G_EU4" CO2="0.00" CO="0.00" HC="0.00" NOx="0.00" PMx="0.00" fuel="0.00" electricity="0.00" noise="73.43" route="routebottom" type="cfm-slow" waiting="0.00" lane="right_0" pos="25.97" speed="29.34" angle="317.76" x="110.67" y="113.62"/>
        <vehicle id="cfm-slow_3" eclass="HBEFA3/PC_G_EU4" CO2="0.00" CO="0.00" HC="0.00" NOx="0.00" PMx="0.00" fuel="0.00" electricity="0.00" noise="72.29" route="routetop" type="cfm-slow" waiting="0.00" lane="top_0" pos="0.42" speed="29.12" angle="273.71" x="62.66" y="132.25"/>
        <vehicle id="cfm-slow_4" eclass="HBEFA3/PC_G_EU4" CO2="0.00" CO="0.00" HC="0.00" NOx="0.00" PMx="0.00" fuel="0.00" electricity="0.00" noise="71.38" route="routetop" type="cfm-slow" waiting="0.00" lane="top_0" pos="24.55" speed="27.88" angle="230.33" x="15.84" y="112.85"/>
        <vehicle id="cfm-slow_5" eclass="HBEFA3/PC_G_EU4" CO2="0.00" CO="0.00" HC="0.00" NOx="0.00" PMx="0.00" fuel="0.00" electricity="0.00" noise="70.52" route="routetop" type="cfm-slow" waiting="0.00" lane="top_0" pos="47.34" speed="26.11" angle="189.36" x="-4.70" y="69.47"/>
    </timestep>
    <timestep time="7.07">
        <vehicle id="cfm-fast_0" eclass="HBEFA3/PC_G_EU4" CO2="0.00" CO="0.00" HC="0.00" NOx="0.00" PMx="0.00" fuel="0.00" electricity="0.00" noise="70.16" route="routetop" type="cfm-fast" waiting="0.00" lane="left_0" pos="18.59" speed="24.51" angle="151.01" x="6.44" y="25.82"/>
        <vehicle id="cfm-fast_1" eclass="HBEFA3/PC_G_EU4" CO2="320716.33" CO="8151.86" HC="45.26" NOx="149.71" PMx="9.04" fuel="137.86" electricity="0.00" noise="150.58" route="routetop" type="cfm-fast" waiting="0.00" lane="top_1" pos="26.89" speed="83.52" angle="226.15" x="14.82" y="107.02"/>
        <vehicle id="cfm-fast_2" eclass="HBEFA3/PC_G_EU4" CO2="5832.04" CO="46.61" HC="0.36" NOx="2.12" PMx="0.11" fuel="2.51" electricity="0.00" noise="71.22" route="routetop" type="cfm-fast" waiting="0.00" lane="left_0" pos="34.06" speed="23.71" angle="123.24" x="30.69" y="3.51"/>
        <vehicle id="cfm-fast_3" eclass="HBEFA3/PC_G_EU4" CO2="11577.43" CO="165.67" HC="1.04" NOx="4.82" PMx="0.26" fuel="4.98" electricity="0.00" noise="73.59" route="routetop" type="cfm-fast" waiting="0.00" lane="left_0" pos="48.77" speed="24.05" angle="96.75" x="60.92" y="-4.89"/>
        <vehicle id="cfm-fast_4" eclass="HBEFA3/PC_G_EU4" CO2="403535.40" CO="10569.90" HC="58.40" NOx="188.67" PMx="11.49" fuel="173.46" electricity="0.00" noise="161.18" route="routebottom" type="cfm-fast" waiting="0.00" lane="bottom_1" pos="2.83" speed="95.96" angle="89.42" x="69.48" y="-1.38"/>
        <vehicle id="cfm-fast_5" eclass="HBEFA3/PC_G_EU4" CO2="15811.90" CO="256.34" HC="1.56" NOx="6.79" PMx="0.37" fuel="6.80" electricity="0.00" noise="75.89" route="routebottom" type="cfm-fast" waiting="0.00" lane="bottom_0" pos="13.95" speed="25.25" angle="69.35" x="92.83" y="1.56"/>
        <vehicle id="cfm-slow_0" eclass="HBEFA3/PC_G_EU4" CO2="16061.74" CO="268.63" HC="1.62" NOx="6.87" PMx="0.38" fuel="6.90" electricity="0.00" noise="76.26" route="routebottom" type="cfm-slow" waiting="0.00" lane="bottom_0" pos="30.39" speed="26.97" angle="39.78" x="119.64" y="24.01"/>
        <vehicle id="cfm-slow_1" eclass="HBEFA3/PC_G_EU4" CO2="12196.48" CO="197.56" HC="1.21" NOx="5.01" PMx="0.29" fuel="5.24" electricity="0.00" noise="75.07" route="routebottom" type="cfm-slow" waiting="0.00" lane="right_0" pos="2.57" speed="28.52" angle="359.89" x="132.05" y="69.28"/>
        <vehicle id="cfm-slow_2" eclass="HBEFA3/PC_G_EU4" CO2="0.00" CO="0.00" HC="0.00" NOx="0.00" PMx="0.00" fuel="0.00" electricity="0.00" noise="73.42" route="routebottom" type="cfm-slow" waiting="0.00" lane="right_0" pos="26.26" speed="29.34" angle="317.22" x="110.21" y="114.05"/>
        <vehicle id="cfm-slow_3" eclass="HBEFA3/PC_G_EU4" CO2="0.00" CO="0.00" HC="0.00" NOx="0.00" PMx="0.00" fuel="0.00" electricity="0.00" noise="72.28" route="routetop" type="cfm-slow" waiting="0.00" lane="top_0" pos="0.72" speed="29.11" angle="273.18" x="62.03" y="132.24"/>
        <vehicle id="cfm-slow_4" eclass="HBEFA3/PC_G_EU4" CO2="0.00" CO="0.00" HC="0.00" NOx="0.00" PMx="0.00" fuel="0.00" electricity="0.00" noise="71.37" route="routetop" type="cfm-slow" waiting="0.00" lane="top_0" pos="24.83" speed="27.86" angle="229.82" x="15.42" y="112.43"/>
        <vehicle id="cfm-slow_5" eclass="HBEFA3/PC_G_EU4" CO2="0.00" CO="0.00" HC="0.00" NOx="0.00" PMx="0.00" fuel="0.00" electricity="0.00" noise="70.51" route="routetop" type="cfm-slow" waiting="0.00" lane="top_0" pos="47.60" speed="26.10" angle="188.92" x="-4.75" y="68.91"/>
    </timestep>
    <timestep time="7.08">
        <vehicle id="cfm-fast_0" eclass="HBEFA3/PC_G_EU4" CO2="0.00" CO="0.00" HC="0.00" NOx="0.00" PMx="0.00" fuel="0.00" electricity="0.00" noise="70.16" route="routetop" type="cfm-fast" waiting="0.00" lane="left_0" pos="18.83" speed="24.51" angle="150.55" x="6.73" y="25.38"/>
        <vehicle id="cfm-fast_1" eclass="HBEFA3/PC_G_EU4" CO2="321454.99" CO="8173.64" HC="45.38" NOx="150.06" PMx="9.06" fuel="138.18" electricity="0.00" noise="150.68" route="routetop" type="cfm-fast" waiting="0.00" lane="top_1" pos="27.73" speed="83.64" angle="224.57" x="13.71" y="105.72"/>
        <vehicle id="cfm-fast_2" eclass="HBEFA3/PC_G_EU4" CO2="5885.71" CO="47.72" HC="0.36" NOx="2.14" PMx="0.11" fuel="2.53" electricity="0.00" noise="71.24" route="routetop" type="cfm-fast" waiting="0.00" lane="left_0" pos="34.29" speed="23.71" angle="122.80" x="31.14" y="3.26"/>
        <vehicle id="cfm-fast_3" eclass="HBEFA3/PC_G_EU4" CO2="11614.57" CO="166.46" HC="1.05" NOx="4.84" PMx="0.26" fuel="4.99" electricity="0.00" noise="73.61" route="routetop" type="cfm-fast" waiting="0.00" lane="left_0" pos="49.01" speed="24.06" angle="96.31" x="61.44" y="-4.90"/>
        <vehicle id="cfm-fast_4" eclass="HBEFA3/PC_G_EU4" CO2="404207.99" CO="10592.28" HC="58.52" NOx="188.99" PMx="11.51" fuel="173.75" electricity="0.00" noise="161.24" route="routebottom" type="cfm-fast" waiting="0.00" lane="bottom_1" pos="3.79" speed="96.09" angle="87.70" x="71.44" y="-1.19"/>
        <vehicle id="cfm-fast_5" eclass="HBEFA3/PC_G_EU4" CO2="15814.86" CO="256.46" HC="1.56" NOx="6.79" PMx="0.37" fuel="6.80" electricity="0.00" noise="75.89" route="routebottom" type="cfm-fast" waiting="0.00" lane="bottom_0" pos="14.21" speed="25.26" angle="68.93" x="93.32" y="1.79"/>
        <vehicle id="cfm-slow_0" eclass="HBEFA3/PC_G_EU4" CO2="16026.79" CO="267.99" HC="1.62" NOx="6.85" PMx="0.38" fuel="6.89" electricity="0.00" noise="76.25" route="routebottom" type="cfm-slow" waiting="0.00" lane="bottom_0" pos="30.66" speed="26.99" angle="39.29" x="119.98" y="24.48"/>
        <vehicle id="cfm-slow_1" eclass="HBEFA3/PC_G_EU4" CO2="12125.15" CO="196.15" HC="1.20" NOx="4.98" PMx="0.29" fuel="5.21" electricity="0.00" noise="75.05" route="routebottom" type="cfm-slow" waiting="0.00" lane="right_0" pos="2.85" speed="28.53" angle="359.38" x="131.99" y="69.89"/>
        <vehicle id="cfm-slow_2" eclass="HBEFA3/PC_G_EU4" CO2="0.00" CO="0.00" HC="0.00" NOx="0.00" PMx="0.00" fuel="0.00" electricity="0.00" noise="73.40" route="routebottom" type="cfm-slow" waiting="0.00" lane="right_0" pos="26.56" speed="29.34" angle="316.69" x="109.75" y="114.48"/>
        <vehicle id="cfm-slow_3" eclass="HBEFA3/PC_G_EU4" CO2="0.00" CO="0.00" HC="0.00" NOx="0.00" PMx="0.00" fuel="0.00" electricity="0.00" noise="72.27" route="routetop" type="cfm-slow" waiting="0.00" lane="top_0" pos="1.01" speed="29.10" angle="272.65" x="61.41" y="132.23"/>
        <vehicle id="cfm-slow_4" eclass="HBEFA3/PC_G_EU4" CO2="0.00" CO="0.00" HC="0.00" NOx="0.00" PMx="0.00" fuel="0.00" electricity="0.00" noise="71.36" route="routetop" type="cfm-slow" waiting="0.00" lane="top_0" pos="25.11" speed="27.84" angle="229.31" x="14.99" y="112.00"/>
        <vehicle id="cfm-slow_5" eclass="HBEFA3/PC_G_EU4" CO2="0.00" CO="0.00" HC="0.00" NOx="0.00" PMx="0.00" fuel="0.00" electricity="0.00" noise="70.51" route="routetop" type="cfm-slow" waiting="0.00" lane="top_0" pos="47.86" speed="26.08" angle="188.43" x="-4.78" y="68.35"/>
    </timestep>
    <timestep time="7.09">
        <vehicle id="cfm-fast_0" eclass="HBEFA3/PC_G_EU4" CO2="0.00" CO="0.00" HC="0.00" NOx="0.00" PMx="0.00" fuel="0.00" electricity="0.00" noise="70.17" route="routetop" type="cfm-fast" waiting="0.00" lane="left_0" pos="19.08" speed="24.50" angle="150.09" x="7.02" y="24.94"/>
        <vehicle id="cfm-fast_1" eclass="HBEFA3/PC_G_EU4" CO2="322193.64" CO="8195.44" HC="45.50" NOx="150.40" PMx="9.08" fuel="138.50" electricity="0.00" noise="150.77" route="routetop" type="cfm-fast" waiting="0.00" lane="top_1" pos="28.56" speed="83.77" angle="223.07" x="12.62" y="104.39"/>
        <vehicle id="cfm-fast_2" eclass="HBEFA3/PC_G_EU4" CO2="5939.23" CO="48.83" HC="0.37" NOx="2.17" PMx="0.11" fuel="2.55" electricity="0.00" noise="71.26" route="routetop" type="cfm-fast" waiting="0.00" lane="left_0" pos="34.53" speed="23.72" angle="122.38" x="31.59" y="3.01"/>
        <vehicle id="cfm-fast_3" eclass="HBEFA3/PC_G_EU4" CO2="11651.44" CO="167.25" HC="1.05" NOx="4.86" PMx="0.26" fuel="5.01" electricity="0.00" noise="73.63" route="routetop" type="cfm-fast" waiting="0.00" lane="left_0" pos="49.25" speed="24.08" angle="95.87" x="61.96" y="-4.91"/>
        <vehicle id="cfm-fast_4" eclass="HBEFA3/PC_G_EU4" CO2="404880.88" CO="10614.68" HC="58.64" NOx="189.31" PMx="11.54" fuel="174.04" electricity="0.00" noise="161.31" route="routebottom" type="cfm-fast" waiting="0.00" lane="bottom_1" pos="4.75" speed="96.23" angle="85.96" x="73.40" y="-0.92"/>
        <vehicle id="cfm-fast_5" eclass="HBEFA3/PC_G_EU4" CO2="15817.50" CO="256.57" HC="1.56" NOx="6.79" PMx="0.37" fuel="6.80" electricity="0.00" noise="75.90" route="routebottom" type="cfm-fast" waiting="0.00" lane="bottom_0" pos="14.46" speed="25.28" angle="68.46" x="93.80" y="2.04"/>
        <vehicle id="cfm-slow_0" eclass="HBEFA3/PC_G_EU4" CO2="15991.51" CO="267.34" HC="1.62" NOx="6.84" PMx="0.38" fuel="6.87" electricity="0.00" noise="76.23" route="routebottom" type="cfm-slow" waiting="0.00" lane="bottom_0" pos="30.93" speed="27.00" angle="38.85" x="120.31" y="24.96"/>
        <vehicle id="cfm-slow_1" eclass="HBEFA3/PC_G_EU4" CO2="12053.71" CO="194.73" HC="1.19" NOx="4.95" PMx="0.28" fuel="5.18" electricity="0.00" noise="75.02" route="routebottom" type="cfm-slow" waiting="0.00" lane="right_0" pos="3.14" speed="28.53" angle="358.87" x="131.93" y="70.50"/>
        <vehicle id="cfm-slow_2" eclass="HBEFA3/PC_G_EU4" CO2="0.00" CO="0.00" HC="0.00" NOx="0.00" PMx="0.00" fuel="0.00" electricity="0.00" noise="73.39" route="routebottom" type="cfm-slow" waiting="0.00" lane="right_0" pos="26.85" speed="29.34" angle="316.18" x="109.28" y="114.91"/>
        <vehicle id="cfm-slow_3" eclass="HBEFA3/PC_G_EU4" CO2="0.00" CO="0.00" HC="0.00" NOx="0.00" PMx="0.00" fuel="0.00" electricity="0.00" noise="72.26" route="routetop" type="cfm-slow" waiting="0.00" lane="top_0" pos="1.30" speed="29.08" angle="272.15" x="60.78" y="132.21"/>
        <vehicle id="cfm-slow_4" eclass="HBEFA3/PC_G_EU4" CO2="0.00" CO="0.00" HC="0.00" NOx="0.00" PMx="0.00" fuel="0.00" electricity="0.00" noise="71.35" route="routetop" type="cfm-slow" waiting="0.00" lane="top_0" pos="25.39" speed="27.83" angle="228.80" x="14.57" y="111.58"/>
        <vehicle id="cfm-slow_5" eclass="HBEFA3/PC_G_EU4" CO2="0.00" CO="0.00" HC="0.00" NOx="0.00" PMx="0.00" fuel="0.00" electricity="0.00" noise="70.50" route="routetop" type="cfm-slow" waiting="0.00" lane="top_0" pos="48.12" speed="26.07" angle="187.93" x="-4.81" y="67.79"/>
    </timestep>
    <timestep time="7.10">
        <vehicle id="cfm-fast_0" eclass="HBEFA3/PC_G_EU4" CO2="0.00" CO="0.00" HC="0.00" NOx="0.00" PMx="0.00" fuel="0.00" electricity="0.00" noise="70.17" route="routetop" type="cfm-fast" waiting="0.00" lane="left_0" pos="19.32" speed="24.49" angle="149.70" x="7.32" y="24.51"/>
        <vehicle id="cfm-fast_1" eclass="HBEFA3/PC_G_EU4" CO2="322932.28" CO="8217.26" HC="45.62" NOx="150.75" PMx="9.10" fuel="138.81" electricity="0.00" noise="150.87" route="routetop" type="cfm-fast" waiting="0.00" lane="top_1" pos="29.40" speed="83.90" angle="221.56" x="11.56" y="103.03"/>
        <vehicle id="cfm-fast_2" eclass="HBEFA3/PC_G_EU4" CO2="5992.61" CO="49.93" HC="0.38" NOx="2.19" PMx="0.11" fuel="2.58" electricity="0.00" noise="71.28" route="routetop" type="cfm-fast" waiting="0.00" lane="left_0" pos="34.77" speed="23.72" angle="121.99" x="32.04" y="2.78"/>
        <vehicle id="cfm-fast_3" eclass="HBEFA3/PC_G_EU4" CO2="11688.04" CO="168.04" HC="1.05" NOx="4.87" PMx="0.26" fuel="5.02" electricity="0.00" noise="73.65" route="routetop" type="cfm-fast" waiting="0.00" lane="left_0" pos="49.49" speed="24.09" angle="95.43" x="62.48" y="-4.93"/>
        <vehicle id="cfm-fast_4" eclass="HBEFA3/PC_G_EU4" CO2="405554.06" CO="10637.10" HC="58.75" NOx="189.62" PMx="11.56" fuel="174.33" electricity="0.00" noise="161.38" route="routebottom" type="cfm-fast" waiting="0.00" lane="bottom_1" pos="5.72" speed="96.37" angle="84.19" x="75.35" y="-0.59"/>
        <vehicle id="cfm-fast_5" eclass="HBEFA3/PC_G_EU4" CO2="15819.80" CO="256.68" HC="1.56" NOx="6.79" PMx="0.37" fuel="6.80" electricity="0.00" noise="75.90" route="routebottom" type="cfm-fast" waiting="0.00" lane="bottom_0" pos="14.71" speed="25.30" angle="67.98" x="94.29" y="2.28"/>
        <vehicle id="cfm-slow_0" eclass="HBEFA3/PC_G_EU4" CO2="15955.87" CO="266.69" HC="1.61" NOx="6.82" PMx="0.38" fuel="6.86" electricity="0.00" noise="76.22" route="routebottom" type="cfm-slow" waiting="0.00" lane="bottom_0" pos="31.20" speed="27.02" angle="38.37" x="120.63" y="25.44"/>
        <vehicle id="cfm-slow_1" eclass="HBEFA3/PC_G_EU4" CO2="11982.15" CO="193.31" HC="1.18" NOx="4.91" PMx="0.28" fuel="5.15" electricity="0.00" noise="75.00" route="routebottom" type="cfm-slow" waiting="0.00" lane="right_0" pos="3.42" speed="28.54" angle="358.36" x="131.86" y="71.11"/>
        <vehicle id="cfm-slow_2" eclass="HBEFA3/PC_G_EU4" CO2="0.00" CO="0.00" HC="0.00" NOx="0.00" PMx="0.00" fuel="0.00" electricity="0.00" noise="73.37" route="routebottom" type="cfm-slow" waiting="0.00" lane="right_0" pos="27.14" speed="29.34" angle="315.67" x="108.81" y="115.32"/>
        <vehicle id="cfm-slow_3" eclass="HBEFA3/PC_G_EU4" CO2="0.00" CO="0.00" HC="0.00" NOx="0.00" PMx="0.00" fuel="0.00" electricity="0.00" noise="72.25" route="routetop" type="cfm-slow" waiting="0.00" lane="top_0" pos="1.59" speed="29.07" angle="271.63" x="60.16" y="132.18"/>
        <vehicle id="cfm-slow_4" eclass="HBEFA3/PC_G_EU4" CO2="0.00" CO="0.00" HC="0.00" NOx="0.00" PMx="0.00" fuel="0.00" electricity="0.00" noise="71.35" route="routetop" type="cfm-slow" waiting="0.00" lane="top_0" pos="25.66" speed="27.81" angle="228.35" x="14.15" y="111.16"/>
        <vehicle id="cfm-slow_5" eclass="HBEFA3/PC_G_EU4" CO2="0.00" CO="0.00" HC="0.00" NOx="0.00" PMx="0.00" fuel="0.00" electricity="0.00" noise="70.50" route="routetop" type="cfm-slow" waiting="0.00" lane="top_0" pos="48.38" speed="26.05" angle="187.43" x="-4.84" y="67.23"/>
    </timestep>
    <timestep time="7.11">
        <vehicle id="cfm-fast_0" eclass="HBEFA3/PC_G_EU4" CO2="0.00" CO="0.00" HC="0.00" NOx="0.00" PMx="0.00" fuel="0.00" electricity="0.00" noise="70.18" route="routetop" type="cfm-fast" waiting="0.00" lane="left_0" pos="19.57" speed="24.48" angle="149.25" x="7.63" y="24.08"/>
        <vehicle id="cfm-fast_1" eclass="HBEFA3/PC_G_EU4" CO2="323670.91" CO="8239.09" HC="45.73" NOx="151.10" PMx="9.13" fuel="139.13" electricity="0.00" noise="150.96" route="routetop" type="cfm-fast" waiting="0.00" lane="top_1" pos="30.24" speed="84.02" angle="220.01" x="10.55" y="101.64"/>
        <vehicle id="cfm-fast_2" eclass="HBEFA3/PC_G_EU4" CO2="6045.85" CO="51.03" HC="0.38" NOx="2.22" PMx="0.11" fuel="2.60" electricity="0.00" noise="71.30" route="routetop" type="cfm-fast" waiting="0.00" lane="left_0" pos="35.01" speed="23.72" angle="121.55" x="32.49" y="2.55"/>
        <vehicle id="cfm-fast_3" eclass="HBEFA3/PC_G_EU4" CO2="11724.36" CO="168.81" HC="1.06" NOx="4.89" PMx="0.26" fuel="5.04" electricity="0.00" noise="73.67" route="routetop" type="cfm-fast" waiting="0.00" lane="left_0" pos="49.73" speed="24.10" angle="94.99" x="62.99" y="-4.94"/>
        <vehicle id="cfm-fast_4" eclass="HBEFA3/PC_G_EU4" CO2="406227.54" CO="10659.54" HC="58.87" NOx="189.94" PMx="11.58" fuel="174.62" electricity="0.00" noise="161.44" route="routebottom" type="cfm-fast" waiting="0.00" lane="bottom_1" pos="6.68" speed="96.50" angle="82.45" x="77.29" y="-0.20"/>
        <vehicle id="cfm-fast_5" eclass="HBEFA3/PC_G_EU4" CO2="15821.78" CO="256.78" HC="1.56" NOx="6.80" PMx="0.37" fuel="6.80" electricity="0.00" noise="75.90" route="routebottom" type="cfm-fast" waiting="0.00" lane="bottom_0" pos="14.97" speed="25.32" angle="67.51" x="94.78" y="2.52"/>
        <vehicle id="cfm-slow_0" eclass="HBEFA3/PC_G_EU4" CO2="15919.90" CO="266.02" HC="1.61" NOx="6.80" PMx="0.38" fuel="6.84" electricity="0.00" noise="76.21" route="routebottom" type="cfm-slow" waiting="0.00" lane="bottom_0" pos="31.47" speed="27.04" angle="37.88" x="120.95" y="25.92"/>
        <vehicle id="cfm-slow_1" eclass="HBEFA3/PC_G_EU4" CO2="11910.48" CO="191.89" HC="1.17" NOx="4.88" PMx="0.28" fuel="5.12" electricity="0.00" noise="74.98" route="routebottom" type="cfm-slow" waiting="0.00" lane="right_0" pos="3.71" speed="28.55" angle="357.84" x="131.80" y="71.72"/>
        <vehicle id="cfm-slow_2" eclass="HBEFA3/PC_G_EU4" CO2="0.00" CO="0.00" HC="0.00" NOx="0.00" PMx="0.00" fuel="0.00" electricity="0.00" noise="73.36" route="routebottom" type="cfm-slow" waiting="0.00" lane="right_0" pos="27.44" speed="29.34" angle="315.12" x="108.32" y="115.73"/>
        <vehicle id="cfm-slow_3" eclass="HBEFA3/PC_G_EU4" CO2="0.00" CO="0.00" HC="0.00" NOx="0.00" PMx="0.00" fuel="0.00" electricity="0.00" noise="72.24" route="routetop" type="cfm-slow" waiting="0.00" lane="top_0" pos="1.88" speed="29.06" angle="271.10" x="59.53" y="132.14"/>
        <vehicle id="cfm-slow_4" eclass="HBEFA3/PC_G_EU4" CO2="0.00" CO="0.00" HC="0.00" NOx="0.00" PMx="0.00" fuel="0.00" electricity="0.00" noise="71.34" route="routetop" type="cfm-slow" waiting="0.00" lane="top_0" pos="25.94" speed="27.79" angle="227.84" x="13.74" y="110.72"/>
        <vehicle id="cfm-slow_5" eclass="HBEFA3/PC_G_EU4" CO2="0.00" CO="0.00" HC="0.00" NOx="0.00" PMx="0.00" fuel="0.00" electricity="0.00" noise="70.49" route="routetop" type="cfm-slow" waiting="0.00" lane="top_0" pos="48.65" speed="26.03" angle="186.94" x="-4.88" y="66.67"/>
    </timestep>
    <timestep time="7.12">
        <vehicle id="cfm-fast_0" eclass="HBEFA3/PC_G_EU4" CO2="0.00" CO="0.00" HC="0.00" NOx="0.00" PMx="0.00" fuel="0.00" electricity="0.00" noise="70.18" route="routetop" type="cfm-fast" waiting="0.00" lane="left_0" pos="19.81" speed="24.48" angle="148.79" x="7.94" y="23.66"/>
        <vehicle id="cfm-fast_1" eclass="HBEFA3/PC_G_EU4" CO2="324409.51" CO="8260.94" HC="45.85" NOx="151.44" PMx="9.15" fuel="139.45" electricity="0.00" noise="151.06" route="routetop" type="cfm-fast" waiting="0.00" lane="top_1" pos="31.08" speed="84.15" angle="218.51" x="9.56" y="100.22"/>
        <vehicle id="cfm-fast_2" eclass="HBEFA3/PC_G_EU4" CO2="6098.94" CO="52.14" HC="0.39" NOx="2.24" PMx="0.11" fuel="2.62" electricity="0.00" noise="71.31" route="routetop" type="cfm-fast" waiting="0.00" lane="left_0" pos="35.24" speed="23.73" angle="121.11" x="32.95" y="2.32"/>
        <vehicle id="cfm-fast_3" eclass="HBEFA3/PC_G_EU4" CO2="11760.41" CO="169.59" HC="1.06" NOx="4.91" PMx="0.26" fuel="5.06" electricity="0.00" noise="73.69" route="routetop" type="cfm-fast" waiting="0.00" lane="left_0" pos="49.97" speed="24.11" angle="94.59" x="63.51" y="-4.95"/>
        <vehicle id="cfm-fast_4" eclass="HBEFA3/PC_G_EU4" CO2="406901.30" CO="10682.01" HC="58.99" NOx="190.26" PMx="11.60" fuel="174.91" electricity="0.00" noise="161.51" route="routebottom" type="cfm-fast" waiting="0.00" lane="bottom_1" pos="7.65" speed="96.64" angle="80.72" x="79.22" y="0.23"/>
        <vehicle id="cfm-fast_5" eclass="HBEFA3/PC_G_EU4" CO2="15823.43" CO="256.88" HC="1.56" NOx="6.80" PMx="0.37" fuel="6.80" electricity="0.00" noise="75.91" route="routebottom" type="cfm-fast" waiting="0.00" lane="bottom_0" pos="15.22" speed="25.33" angle="67.04" x="95.27" y="2.76"/>
        <vehicle id="cfm-slow_0" eclass="HBEFA3/PC_G_EU4" CO2="15883.59" CO="265.35" HC="1.61" NOx="6.79" PMx="0.38" fuel="6.83" electricity="0.00" noise="76.19" route="routebottom" type="cfm-slow" waiting="0.00" lane="bottom_0" pos="31.74" speed="27.05" angle="37.39" x="121.28" y="26.41"/>
        <vehicle id="cfm-slow_1" eclass="HBEFA3/PC_G_EU4" CO2="11838.70" CO="190.47" HC="1.17" NOx="4.84" PMx="0.28" fuel="5.09" electricity="0.00" noise="74.96" route="routebottom" type="cfm-slow" waiting="0.00" lane="right_0" pos="3.99" speed="28.56" angle="357.35" x="131.72" y="72.33"/>
        <vehicle id="cfm-slow_2" eclass="HBEFA3/PC_G_EU4" CO2="0.00" CO="0.00" HC="0.00" NOx="0.00" PMx="0.00" fuel="0.00" electricity="0.00" noise="73.34" route="routebottom" type="cfm-slow" waiting="0.00" lane="right_0" pos="27.73" speed="29.34" angle="314.57" x="107.84" y="116.14"/>
        <vehicle id="cfm-slow_3" eclass="HBEFA3/PC_G_EU4" CO2="0.00" CO="0.00" HC="0.00" NOx="0.00" PMx="0.00" fuel="0.00" electricity="0.00" noise="72.23" route="routetop" type="cfm-slow" waiting="0.00" lane="top_0" pos="2.17" speed="29.05" angle="270.58" x="58.91" y="132.10"/>
        <vehicle id="cfm-slow_4" eclass="HBEFA3/PC_G_EU4" CO2="0.00" CO="0.00" HC="0.00" NOx="0.00" PMx="0.00" fuel="0.00" electricity="0.00" noise="71.33" route="routetop" type="cfm-slow" waiting="0.00" lane="top_0" pos="26.22" speed="27.78" angle="227.32" x="13.34" y="110.28"/>
        <vehicle id="cfm-slow_5" eclass="HBEFA3/PC_G_EU4" CO2="0.00" CO="0.00" HC="0.00" NOx="0.00" PMx="0.00" fuel="0.00" electricity="0.00" noise="70.49" route="routetop" type="cfm-slow" waiting="0.00" lane="top_0" pos="48.91" speed="26.02" angle="186.51" x="-4.90" y="66.11"/>
    </timestep>
    <timestep time="7.13">
        <vehicle id="cfm-fast_0" eclass="HBEFA3/PC_G_EU4" CO2="0.00" CO="0.00" HC="0.00" NOx="0.00" PMx="0.00" fuel="0.00" electricity="0.00" noise="70.19" route="routetop" type="cfm-fast" waiting="0.00" lane="left_0" pos="20.06" speed="24.47" angle="148.34" x="8.25" y="23.23"/>
        <vehicle id="cfm-fast_1" eclass="HBEFA3/PC_G_EU4" CO2="325148.10" CO="8282.81" HC="45.97" NOx="151.79" PMx="9.17" fuel="139.77" electricity="0.00" noise="151.15" route="routetop" type="cfm-fast" waiting="0.00" lane="top_1" pos="31.93" speed="84.27" angle="217.00" x="8.60" y="98.79"/>
        <vehicle id="cfm-fast_2" eclass="HBEFA3/PC_G_EU4" CO2="6151.89" CO="53.23" HC="0.39" NOx="2.27" PMx="0.12" fuel="2.64" electricity="0.00" noise="71.33" route="routetop" type="cfm-fast" waiting="0.00" lane="left_0" pos="35.48" speed="23.73" angle="120.67" x="33.41" y="2.09"/>
        <vehicle id="cfm-fast_3" eclass="HBEFA3/PC_G_EU4" CO2="11796.19" CO="170.35" HC="1.07" NOx="4.92" PMx="0.26" fuel="5.07" electricity="0.00" noise="73.71" route="routebottom" type="cfm-fast" waiting="0.00" lane="bottom_0" pos="0.21" speed="24.13" angle="94.08" x="64.22" y="-4.94"/>
        <vehicle id="cfm-fast_4" eclass="HBEFA3/PC_G_EU4" CO2="407575.36" CO="10704.50" HC="59.11" NOx="190.58" PMx="11.62" fuel="175.20" electricity="0.00" noise="161.57" route="routebottom" type="cfm-fast" waiting="0.00" lane="bottom_1" pos="8.62" speed="96.77" angle="78.92" x="81.14" y="0.74"/>
        <vehicle id="cfm-fast_5" eclass="HBEFA3/PC_G_EU4" CO2="15824.74" CO="256.97" HC="1.56" NOx="6.80" PMx="0.37" fuel="6.80" electricity="0.00" noise="75.91" route="routebottom" type="cfm-fast" waiting="0.00" lane="bottom_0" pos="15.47" speed="25.35" angle="66.64" x="95.75" y="3.02"/>
        <vehicle id="cfm-slow_0" eclass="HBEFA3/PC_G_EU4" CO2="15846.94" CO="264.67" HC="1.60" NOx="6.77" PMx="0.38" fuel="6.81" electricity="0.00" noise="76.18" route="routebottom" type="cfm-slow" waiting="0.00" lane="bottom_0" pos="32.01" speed="27.07" angle="36.95" x="121.60" y="26.89"/>
        <vehicle id="cfm-slow_1" eclass="HBEFA3/PC_G_EU4" CO2="11766.82" CO="189.04" HC="1.16" NOx="4.81" PMx="0.28" fuel="5.06" electricity="0.00" noise="74.94" route="routebottom" type="cfm-slow" waiting="0.00" lane="right_0" pos="4.28" speed="28.57" angle="356.83" x="131.64" y="72.94"/>
        <vehicle id="cfm-slow_2" eclass="HBEFA3/PC_G_EU4" CO2="0.00" CO="0.00" HC="0.00" NOx="0.00" PMx="0.00" fuel="0.00" electricity="0.00" noise="73.33" route="routebottom" type="cfm-slow" waiting="0.00" lane="right_0" pos="28.02" speed="29.34" angle="314.02" x="107.36" y="116.55"/>
        <vehicle id="cfm-slow_3" eclass="HBEFA3/PC_G_EU4" CO2="0.00" CO="0.00" HC="0.00" NOx="0.00" PMx="0.00" fuel="0.00" electricity="0.00" noise="72.22" route="routetop" type="cfm-slow" waiting="0.00" lane="top_0" pos="2.46" speed="29.04" angle="270.06" x="58.28" y="132.07"/>
        <vehicle id="cfm-slow_4" eclass="HBEFA3/PC_G_EU4" CO2="0.00" CO="0.00" HC="0.00" NOx="0.00" PMx="0.00" fuel="0.00" electricity="0.00" noise="71.32" route="routetop" type="cfm-slow" waiting="0.00" lane="top_0" pos="26.50" speed="27.76" angle="226.81" x="12.93" y="109.84"/>
        <vehicle id="cfm-slow_5" eclass="HBEFA3/PC_G_EU4" CO2="0.00" CO="0.00" HC="0.00" NOx="0.00" PMx="0.00" fuel="0.00" electricity="0.00" noise="70.48" route="routetop" type="cfm-slow" waiting="0.00" lane="top_0" pos="49.17" speed="26.00" angle="186.04" x="-4.91" y="65.56"/>
    </timestep>
    <timestep time="7.14">
        <vehicle id="cfm-fast_0" eclass="HBEFA3/PC_G_EU4" CO2="0.00" CO="0.00" HC="0.00" NOx="0.00" PMx="0.00" fuel="0.00" electricity="0.00" noise="70.19" route="routetop" type="cfm-fast" waiting="0.00" lane="left_0" pos="20.30" speed="24.46" angle="147.89" x="8.56" y="22.80"/>
        <vehicle id="cfm-fast_1" eclass="HBEFA3/PC_G_EU4" CO2="325886.66" CO="8304.70" HC="46.09" NOx="152.14" PMx="9.19" fuel="140.08" electricity="0.00" noise="151.25" route="routetop" type="cfm-fast" waiting="0.00" lane="top_1" pos="32.77" speed="84.40" angle="215.53" x="7.70" y="97.31"/>
        <vehicle id="cfm-fast_2" eclass="HBEFA3/PC_G_EU4" CO2="6204.69" CO="54.33" HC="0.40" NOx="2.29" PMx="0.12" fuel="2.67" electricity="0.00" noise="71.35" route="routetop" type="cfm-fast" waiting="0.00" lane="left_0" pos="35.72" speed="23.73" angle="120.23" x="33.86" y="1.86"/>
        <vehicle id="cfm-fast_3" eclass="HBEFA3/PC_G_EU4" CO2="11831.69" CO="171.12" HC="1.07" NOx="4.94" PMx="0.27" fuel="5.09" electricity="0.00" noise="73.73" route="routebottom" type="cfm-fast" waiting="0.00" lane="bottom_0" pos="0.46" speed="24.14" angle="93.65" x="64.74" y="-4.93"/>
        <vehicle id="cfm-fast_4" eclass="HBEFA3/PC_G_EU4" CO2="408249.71" CO="10727.01" HC="59.23" NOx="190.89" PMx="11.64" fuel="175.49" electricity="0.00" noise="161.64" route="routebottom" type="cfm-fast" waiting="0.00" lane="bottom_1" pos="9.58" speed="96.91" angle="77.20" x="83.04" y="1.31"/>
        <vehicle id="cfm-fast_5" eclass="HBEFA3/PC_G_EU4" CO2="15825.73" CO="257.05" HC="1.56" NOx="6.80" PMx="0.37" fuel="6.80" electricity="0.00" noise="75.91" route="routebottom" type="cfm-fast" waiting="0.00" lane="bottom_0" pos="15.73" speed="25.37" angle="66.17" x="96.23" y="3.28"/>
        <vehicle id="cfm-slow_0" eclass="HBEFA3/PC_G_EU4" CO2="15809.95" CO="263.99" HC="1.60" NOx="6.75" PMx="0.38" fuel="6.80" electricity="0.00" noise="76.16" route="routebottom" type="cfm-slow" waiting="0.00" lane="bottom_0" pos="32.28" speed="27.08" angle="36.47" x="121.90" y="27.39"/>
        <vehicle id="cfm-slow_1" eclass="HBEFA3/PC_G_EU4" CO2="11694.85" CO="187.61" HC="1.15" NOx="4.78" PMx="0.27" fuel="5.03" electricity="0.00" noise="74.92" route="routebottom" type="cfm-slow" waiting="0.00" lane="right_0" pos="4.56" speed="28.58" angle="356.31" x="131.55" y="73.55"/>
        <vehicle id="cfm-slow_2" eclass="HBEFA3/PC_G_EU4" CO2="0.00" CO="0.00" HC="0.00" NOx="0.00" PMx="0.00" fuel="0.00" electricity="0.00" noise="73.31" route="routebottom" type="cfm-slow" waiting="0.00" lane="right_0" pos="28.32" speed="29.33" angle="313.54" x="106.87" y="116.95"/>
        <vehicle id="cfm-slow_3" eclass="HBEFA3/PC_G_EU4" CO2="0.00" CO="0.00" HC="0.00" NOx="0.00" PMx="0.00" fuel="0.00" electricity="0.00" noise="72.21" route="routetop" type="cfm-slow" waiting="0.00" lane="top_0" pos="2.75" speed="29.03" angle="269.56" x="57.66" y="132.01"/>
        <vehicle id="cfm-slow_4" eclass="HBEFA3/PC_G_EU4" CO2="0.00" CO="0.00" HC="0.00" NOx="0.00" PMx="0.00" fuel="0.00" electricity="0.00" noise="71.31" route="routetop" type="cfm-slow" waiting="0.00" lane="top_0" pos="26.78" speed="27.74" angle="226.29" x="12.53" y="109.40"/>
        <vehicle id="cfm-slow_5" eclass="HBEFA3/PC_G_EU4" CO2="0.00" CO="0.00" HC="0.00" NOx="0.00" PMx="0.00" fuel="0.00" electricity="0.00" noise="70.48" route="routetop" type="cfm-slow" waiting="0.00" lane="top_0" pos="49.43" speed="25.99" angle="185.56" x="-4.92" y="65.00"/>
    </timestep>
    <timestep time="7.15">
        <vehicle id="cfm-fast_0" eclass="HBEFA3/PC_G_EU4" CO2="0.00" CO="0.00" HC="0.00" NOx="0.00" PMx="0.00" fuel="0.00" electricity="0.00" noise="70.20" route="routetop" type="cfm-fast" waiting="0.00" lane="left_0" pos="20.55" speed="24.45" angle="147.50" x="8.87" y="22.38"/>
        <vehicle id="cfm-fast_1" eclass="HBEFA3/PC_G_EU4" CO2="326625.21" CO="8326.60" HC="46.21" NOx="152.49" PMx="9.21" fuel="140.40" electricity="0.00" noise="151.34" route="routetop" type="cfm-fast" waiting="0.00" lane="top_1" pos="33.62" speed="84.53" angle="214.05" x="6.82" y="95.82"/>
        <vehicle id="cfm-fast_2" eclass="HBEFA3/PC_G_EU4" CO2="6257.34" CO="55.42" HC="0.41" NOx="2.32" PMx="0.12" fuel="2.69" electricity="0.00" noise="71.37" route="routetop" type="cfm-fast" waiting="0.00" lane="left_0" pos="35.95" speed="23.74" angle="119.85" x="34.32" y="1.64"/>
        <vehicle id="cfm-fast_3" eclass="HBEFA3/PC_G_EU4" CO2="11866.91" CO="171.87" HC="1.08" NOx="4.96" PMx="0.27" fuel="5.10" electricity="0.00" noise="73.75" route="routebottom" type="cfm-fast" waiting="0.00" lane="bottom_0" pos="0.70" speed="24.15" angle="93.21" x="65.26" y="-4.92"/>
        <vehicle id="cfm-fast_4" eclass="HBEFA3/PC_G_EU4" CO2="408924.35" CO="10749.54" HC="59.35" NOx="191.21" PMx="11.66" fuel="175.78" electricity="0.00" noise="161.71" route="routebottom" type="cfm-fast" waiting="0.00" lane="bottom_1" pos="10.55" speed="97.05" angle="75.48" x="84.93" y="1.92"/>
        <vehicle id="cfm-fast_5" eclass="HBEFA3/PC_G_EU4" CO2="15826.38" CO="257.12" HC="1.56" NOx="6.80" PMx="0.37" fuel="6.80" electricity="0.00" noise="75.91" route="routebottom" type="cfm-fast" waiting="0.00" lane="bottom_0" pos="15.98" speed="25.39" angle="65.70" x="96.71" y="3.54"/>
        <vehicle id="cfm-slow_0" eclass="HBEFA3/PC_G_EU4" CO2="15772.62" CO="263.30" HC="1.59" NOx="6.73" PMx="0.38" fuel="6.78" electricity="0.00" noise="76.15" route="routebottom" type="cfm-slow" waiting="0.00" lane="bottom_0" pos="32.55" speed="27.10" angle="35.97" x="122.20" y="27.89"/>
        <vehicle id="cfm-slow_1" eclass="HBEFA3/PC_G_EU4" CO2="11622.77" CO="186.18" HC="1.14" NOx="4.74" PMx="0.27" fuel="5.00" electricity="0.00" noise="74.89" route="routebottom" type="cfm-slow" waiting="0.00" lane="right_0" pos="4.85" speed="28.59" angle="355.80" x="131.46" y="74.15"/>
        <vehicle id="cfm-slow_2" eclass="HBEFA3/PC_G_EU4" CO2="0.00" CO="0.00" HC="0.00" NOx="0.00" PMx="0.00" fuel="0.00" electricity="0.00" noise="73.30" route="routebottom" type="cfm-slow" waiting="0.00" lane="right_0" pos="28.61" speed="29.33" angle="313.01" x="106.38" y="117.34"/>
        <vehicle id="cfm-slow_3" eclass="HBEFA3/PC_G_EU4" CO2="0.00" CO="0.00" HC="0.00" NOx="0.00" PMx="0.00" fuel="0.00" electricity="0.00" noise="72.20" route="routetop" type="cfm-slow" waiting="0.00" lane="top_0" pos="3.04" speed="29.02" angle="269.04" x="57.04" y="131.95"/>
        <vehicle id="cfm-slow_4" eclass="HBEFA3/PC_G_EU4" CO2="0.00" CO="0.00" HC="0.00" NOx="0.00" PMx="0.00" fuel="0.00" electricity="0.00" noise="71.30" route="routetop" type="cfm-slow" waiting="0.00" lane="top_0" pos="27.05" speed="27.73" angle="225.84" x="12.13" y="108.95"/>
        <vehicle id="cfm-slow_5" eclass="HBEFA3/PC_G_EU4" CO2="0.00" CO="0.00" HC="0.00" NOx="0.00" PMx="0.00" fuel="0.00" electricity="0.00" noise="70.47" route="routetop" type="cfm-slow" waiting="0.00" lane="top_0" pos="49.69" speed="25.97" angle="185.09" x="-4.93" y="64.44"/>
    </timestep>
    <timestep time="7.16">
        <vehicle id="cfm-fast_0" eclass="HBEFA3/PC_G_EU4" CO2="0.00" CO="0.00" HC="0.00" NOx="0.00" PMx="0.00" fuel="0.00" electricity="0.00" noise="70.20" route="routetop" type="cfm-fast" waiting="0.00" lane="left_0" pos="20.79" speed="24.45" angle="147.05" x="9.19" y="21.96"/>
        <vehicle id="cfm-fast_1" eclass="HBEFA3/PC_G_EU4" CO2="327363.73" CO="8348.52" HC="46.33" NOx="152.83" PMx="9.24" fuel="140.72" electricity="0.00" noise="151.44" route="routetop" type="cfm-fast" waiting="0.00" lane="top_1" pos="34.46" speed="84.65" angle="212.50" x="5.98" y="94.30"/>
        <vehicle id="cfm-fast_2" eclass="HBEFA3/PC_G_EU4" CO2="6309.85" CO="56.51" HC="0.41" NOx="2.34" PMx="0.12" fuel="2.71" electricity="0.00" noise="71.39" route="routetop" type="cfm-fast" waiting="0.00" lane="left_0" pos="36.19" speed="23.74" angle="119.40" x="34.79" y="1.43"/>
        <vehicle id="cfm-fast_3" eclass="HBEFA3/PC_G_EU4" CO2="11901.86" CO="172.62" HC="1.08" NOx="4.97" PMx="0.27" fuel="5.12" electricity="0.00" noise="73.77" route="routebottom" type="cfm-fast" waiting="0.00" lane="bottom_0" pos="0.94" speed="24.16" angle="92.77" x="65.78" y="-4.90"/>
        <vehicle id="cfm-fast_4" eclass="HBEFA3/PC_G_EU4" CO2="409599.28" CO="10772.09" HC="59.47" NOx="191.53" PMx="11.68" fuel="176.07" electricity="0.00" noise="161.77" route="routebottom" type="cfm-fast" waiting="0.00" lane="bottom_1" pos="11.53" speed="97.18" angle="73.74" x="86.81" y="2.60"/>
        <vehicle id="cfm-fast_5" eclass="HBEFA3/PC_G_EU4" CO2="15826.71" CO="257.19" HC="1.56" NOx="6.80" PMx="0.37" fuel="6.80" electricity="0.00" noise="75.92" route="routebottom" type="cfm-fast" waiting="0.00" lane="bottom_0" pos="16.23" speed="25.40" angle="65.23" x="97.18" y="3.81"/>
        <vehicle id="cfm-slow_0" eclass="HBEFA3/PC_G_EU4" CO2="15734.97" CO="262.60" HC="1.59" NOx="6.71" PMx="0.38" fuel="6.76" electricity="0.00" noise="76.14" route="routebottom" type="cfm-slow" waiting="0.00" lane="bottom_0" pos="32.82" speed="27.11" angle="35.46" x="122.50" y="28.39"/>
        <vehicle id="cfm-slow_1" eclass="HBEFA3/PC_G_EU4" CO2="11550.61" CO="184.75" HC="1.13" NOx="4.71" PMx="0.27" fuel="4.97" electricity="0.00" noise="74.87" route="routebottom" type="cfm-slow" waiting="0.00" lane="right_0" pos="5.14" speed="28.59" angle="355.23" x="131.37" y="74.76"/>
        <vehicle id="cfm-slow_2" eclass="HBEFA3/PC_G_EU4" CO2="0.00" CO="0.00" HC="0.00" NOx="0.00" PMx="0.00" fuel="0.00" electricity="0.00" noise="73.28" route="routebottom" type="cfm-slow" waiting="0.00" lane="right_0" pos="28.90" speed="29.33" angle="312.47" x="105.88" y="117.73"/>
        <vehicle id="cfm-slow_3" eclass="HBEFA3/PC_G_EU4" CO2="0.00" CO="0.00" HC="0.00" NOx="0.00" PMx="0.00" fuel="0.00" electricity="0.00" noise="72.19" route="routetop" type="cfm-slow" waiting="0.00" lane="top_0" pos="3.33" speed="29.00" angle="268.52" x="56.42" y="131.88"/>
        <vehicle id="cfm-slow_4" eclass="HBEFA3/PC_G_EU4" CO2="0.00" CO="0.00" HC="0.00" NOx="0.00" PMx="0.00" fuel="0.00" electricity="0.00" noise="71.30" route="routetop" type="cfm-slow" waiting="0.00" lane="top_0" pos="27.33" speed="27.71" angle="225.32" x="11.75" y="108.50"/>
        <vehicle id="cfm-slow_5" eclass="HBEFA3/PC_G_EU4" CO2="0.00" CO="0.00" HC="0.00" NOx="0.00" PMx="0.00" fuel="0.00" electricity="0.00" noise="70.47" route="routetop" type="cfm-slow" waiting="0.00" lane="top_0" pos="49.94" speed="25.96" angle="184.63" x="-4.95" y="63.88"/>
    </timestep>
    <timestep time="7.17">
        <vehicle id="cfm-fast_0" eclass="HBEFA3/PC_G_EU4" CO2="0.00" CO="0.00" HC="0.00" NOx="0.00" PMx="0.00" fuel="0.00" electricity="0.00" noise="70.21" route="routetop" type="cfm-fast" waiting="0.00" lane="left_0" pos="21.03" speed="24.44" angle="146.60" x="9.51" y="21.55"/>
        <vehicle id="cfm-fast_1" eclass="HBEFA3/PC_G_EU4" CO2="328102.23" CO="8370.45" HC="46.45" NOx="153.18" PMx="9.26" fuel="141.04" electricity="0.00" noise="151.53" route="routetop" type="cfm-fast" waiting="0.00" lane="top_1" pos="35.31" speed="84.78" angle="211.01" x="5.19" y="92.75"/>
        <vehicle id="cfm-fast_2" eclass="HBEFA3/PC_G_EU4" CO2="6362.20" CO="57.60" HC="0.42" NOx="2.37" PMx="0.12" fuel="2.73" electricity="0.00" noise="71.41" route="routetop" type="cfm-fast" waiting="0.00" lane="left_0" pos="36.43" speed="23.75" angle="118.96" x="35.25" y="1.22"/>
        <vehicle id="cfm-fast_3" eclass="HBEFA3/PC_G_EU4" CO2="11936.53" CO="173.37" HC="1.09" NOx="4.99" PMx="0.27" fuel="5.13" electricity="0.00" noise="73.79" route="routebottom" type="cfm-fast" waiting="0.00" lane="bottom_0" pos="1.18" speed="24.17" angle="92.33" x="66.30" y="-4.89"/>
        <vehicle id="cfm-fast_4" eclass="HBEFA3/PC_G_EU4" CO2="410274.51" CO="10794.66" HC="59.60" NOx="191.84" PMx="11.70" fuel="176.36" electricity="0.00" noise="161.84" route="routebottom" type="cfm-fast" waiting="0.00" lane="bottom_1" pos="12.50" speed="97.32" angle="71.98" x="88.66" y="3.33"/>
        <vehicle id="cfm-fast_5" eclass="HBEFA3/PC_G_EU4" CO2="15826.70" CO="257.25" HC="1.57" NOx="6.80" PMx="0.37" fuel="6.80" electricity="0.00" noise="75.92" route="routebottom" type="cfm-fast" waiting="0.00" lane="bottom_0" pos="16.49" speed="25.42" angle="64.76" x="97.66" y="4.07"/>
        <vehicle id="cfm-slow_0" eclass="HBEFA3/PC_G_EU4" CO2="15696.98" CO="261.89" HC="1.58" NOx="6.70" PMx="0.37" fuel="6.75" electricity="0.00" noise="76.12" route="routebottom" type="cfm-slow" waiting="0.00" lane="bottom_0" pos="33.09" speed="27.13" angle="34.95" x="122.80" y="28.89"/>
        <vehicle id="cfm-slow_1" eclass="HBEFA3/PC_G_EU4" CO2="11478.35" CO="183.31" HC="1.12" NOx="4.67" PMx="0.27" fuel="4.93" electricity="0.00" noise="74.85" route="routebottom" type="cfm-slow" waiting="0.00" lane="right_0" pos="5.42" speed="28.60" angle="354.70" x="131.26" y="75.37"/>
        <vehicle id="cfm-slow_2" eclass="HBEFA3/PC_G_EU4" CO2="0.00" CO="0.00" HC="0.00" NOx="0.00" PMx="0.00" fuel="0.00" electricity="0.00" noise="73.27" route="routebottom" type="cfm-slow" waiting="0.00" lane="right_0" pos="29.20" speed="29.33" angle="311.94" x="105.38" y="118.11"/>
        <vehicle id="cfm-slow_3" eclass="HBEFA3/PC_G_EU4" CO2="0.00" CO="0.00" HC="0.00" NOx="0.00" PMx="0.00" fuel="0.00" electricity="0.00" noise="72.18" route="routetop" type="cfm-slow" waiting="0.00" lane="top_0" pos="3.62" speed="28.99" angle="268.01" x="55.80" y="131.82"/>
        <vehicle id="cfm-slow_4" eclass="HBEFA3/PC_G_EU4" CO2="0.00" CO="0.00" HC="0.00" NOx="0.00" PMx="0.00" fuel="0.00" electricity="0.00" noise="71.29" route="routetop" type="cfm-slow" waiting="0.00" lane="top_0" pos="27.61" speed="27.69" angle="224.80" x="11.36" y="108.05"/>
        <vehicle id="cfm-slow_5" eclass="HBEFA3/PC_G_EU4" CO2="0.00" CO="0.00" HC="0.00" NOx="0.00" PMx="0.00" fuel="0.00" electricity="0.00" noise="70.46" route="routetop" type="cfm-slow" waiting="0.00" lane="left_0" pos="0.20" speed="25.94" angle="184.11" x="-4.94" y="63.13"/>
    </timestep>
    <timestep time="7.18">
        <vehicle id="cfm-fast_0" eclass="HBEFA3/PC_G_EU4" CO2="0.00" CO="0.00" HC="0.00" NOx="0.00" PMx="0.00" fuel="0.00" electricity="0.00" noise="70.21" route="routetop" type="cfm-fast" waiting="0.00" lane="left_0" pos="21.28" speed="24.43" angle="146.15" x="9.84" y="21.14"/>
        <vehicle id="cfm-fast_1" eclass="HBEFA3/PC_G_EU4" CO2="328840.71" CO="8392.40" HC="46.57" NOx="153.53" PMx="9.28" fuel="141.35" electricity="0.00" noise="151.63" route="routetop" type="cfm-fast" waiting="0.00" lane="top_1" pos="36.16" speed="84.91" angle="209.50" x="4.44" y="91.18"/>
        <vehicle id="cfm-fast_2" eclass="HBEFA3/PC_G_EU4" CO2="6414.40" CO="58.68" HC="0.43" NOx="2.39" PMx="0.12" fuel="2.76" electricity="0.00" noise="71.43" route="routetop" type="cfm-fast" waiting="0.00" lane="left_0" pos="36.67" speed="23.75" angle="118.51" x="35.72" y="1.01"/>
        <vehicle id="cfm-fast_3" eclass="HBEFA3/PC_G_EU4" CO2="11970.92" CO="174.11" HC="1.09" NOx="5.00" PMx="0.27" fuel="5.15" electricity="0.00" noise="73.81" route="routebottom" type="cfm-fast" waiting="0.00" lane="bottom_0" pos="1.42" speed="24.19" angle="91.92" x="66.82" y="-4.87"/>
        <vehicle id="cfm-fast_4" eclass="HBEFA3/PC_G_EU4" CO2="410950.02" CO="10817.26" HC="59.72" NOx="192.16" PMx="11.73" fuel="176.65" electricity="0.00" noise="161.90" route="routebottom" type="cfm-fast" waiting="0.00" lane="bottom_1" pos="13.47" speed="97.46" angle="70.26" x="90.50" y="4.13"/>
        <vehicle id="cfm-fast_5" eclass="HBEFA3/PC_G_EU4" CO2="15826.35" CO="257.30" HC="1.57" NOx="6.79" PMx="0.37" fuel="6.80" electricity="0.00" noise="75.92" route="routebottom" type="cfm-fast" waiting="0.00" lane="bottom_0" pos="16.74" speed="25.44" angle="64.35" x="98.14" y="4.35"/>
        <vehicle id="cfm-slow_0" eclass="HBEFA3/PC_G_EU4" CO2="15658.66" CO="261.18" HC="1.58" NOx="6.68" PMx="0.37" fuel="6.73" electricity="0.00" noise="76.11" route="routebottom" type="cfm-slow" waiting="0.00" lane="bottom_0" pos="33.37" speed="27.14" angle="34.50" x="123.10" y="29.39"/>
        <vehicle id="cfm-slow_1" eclass="HBEFA3/PC_G_EU4" CO2="11406.02" CO="181.87" HC="1.12" NOx="4.64" PMx="0.27" fuel="4.90" electricity="0.00" noise="74.83" route="routebottom" type="cfm-slow" waiting="0.00" lane="right_0" pos="5.71" speed="28.61" angle="354.16" x="131.15" y="75.97"/>
        <vehicle id="cfm-slow_2" eclass="HBEFA3/PC_G_EU4" CO2="0.00" CO="0.00" HC="0.00" NOx="0.00" PMx="0.00" fuel="0.00" electricity="0.00" noise="73.25" route="routebottom" type="cfm-slow" waiting="0.00" lane="right_0" pos="29.49" speed="29.33" angle="311.46" x="104.89" y="118.50"/>
        <vehicle id="cfm-slow_3" eclass="HBEFA3/PC_G_EU4" CO2="0.00" CO="0.00" HC="0.00" NOx="0.00" PMx="0.00" fuel="0.00" electricity="0.00" noise="72.17" route="routetop" type="cfm-slow" waiting="0.00" lane="top_0" pos="3.91" speed="28.98" angle="267.51" x="55.18" y="131.75"/>
        <vehicle id="cfm-slow_4" eclass="HBEFA3/PC_G_EU4" CO2="0.00" CO="0.00" HC="0.00" NOx="0.00" PMx="0.00" fuel="0.00" electricity="0.00" noise="71.28" route="routetop" type="cfm-slow" waiting="0.00" lane="top_0" pos="27.88" speed="27.67" angle="224.28" x="10.97" y="107.59"/>
        <vehicle id="cfm-slow_5" eclass="HBEFA3/PC_G_EU4" CO2="0.00" CO="0.00" HC="0.00" NOx="0.00" PMx="0.00" fuel="0.00" electricity="0.00" noise="70.46" route="routetop" type="cfm-slow" waiting="0.00" lane="left_0" pos="0.46" speed="25.93" angle="183.64" x="-4.93" y="62.57"/>
    </timestep>
    <timestep time="7.19">
        <vehicle id="cfm-fast_0" eclass="HBEFA3/PC_G_EU4" CO2="0.00" CO="0.00" HC="0.00" NOx="0.00" PMx="0.00" fuel="0.00" electricity="0.00" noise="70.22" route="routetop" type="cfm-fast" waiting="0.00" lane="left_0" pos="21.52" speed="24.43" angle="145.70" x="10.16" y="20.72"/>
        <vehicle id="cfm-fast_1" eclass="HBEFA3/PC_G_EU4" CO2="329579.15" CO="8414.37" HC="46.68" NOx="153.87" PMx="9.30" fuel="141.67" electricity="0.00" noise="151.72" route="routetop" type="cfm-fast" waiting="0.00" lane="top_1" pos="37.01" speed="85.03" angle="207.89" x="3.72" y="89.59"/>
        <vehicle id="cfm-fast_2" eclass="HBEFA3/PC_G_EU4" CO2="6466.44" CO="59.76" HC="0.43" NOx="2.42" PMx="0.12" fuel="2.78" electricity="0.00" noise="71.45" route="routetop" type="cfm-fast" waiting="0.00" lane="left_0" pos="36.90" speed="23.75" angle="118.07" x="36.19" y="0.80"/>
        <vehicle id="cfm-fast_3" eclass="HBEFA3/PC_G_EU4" CO2="12005.03" CO="174.84" HC="1.09" NOx="5.02" PMx="0.27" fuel="5.16" electricity="0.00" noise="73.83" route="routebottom" type="cfm-fast" waiting="0.00" lane="bottom_0" pos="1.66" speed="24.20" angle="91.48" x="67.34" y="-4.84"/>
        <vehicle id="cfm-fast_4" eclass="HBEFA3/PC_G_EU4" CO2="411625.83" CO="10839.87" HC="59.84" NOx="192.48" PMx="11.75" fuel="176.94" electricity="0.00" noise="161.97" route="routebottom" type="cfm-fast" waiting="0.00" lane="bottom_1" pos="14.45" speed="97.59" angle="68.52" x="92.31" y="4.97"/>
        <vehicle id="cfm-fast_5" eclass="HBEFA3/PC_G_EU4" CO2="15825.68" CO="257.35" HC="1.57" NOx="6.79" PMx="0.37" fuel="6.80" electricity="0.00" noise="75.92" route="routebottom" type="cfm-fast" waiting="0.00" lane="bottom_0" pos="17.00" speed="25.45" angle="63.88" x="98.61" y="4.63"/>
        <vehicle id="cfm-slow_0" eclass="HBEFA3/PC_G_EU4" CO2="15620.02" CO="260.46" HC="1.58" NOx="6.66" PMx="0.37" fuel="6.71" electricity="0.00" noise="76.09" route="routebottom" type="cfm-slow" waiting="0.00" lane="bottom_0" pos="33.64" speed="27.16" angle="34.00" x="123.38" y="29.91"/>
        <vehicle id="cfm-slow_1" eclass="HBEFA3/PC_G_EU4" CO2="11333.60" CO="180.43" HC="1.11" NOx="4.60" PMx="0.27" fuel="4.87" electricity="0.00" noise="74.81" route="routebottom" type="cfm-slow" waiting="0.00" lane="right_0" pos="5.99" speed="28.62" angle="353.63" x="131.04" y="76.58"/>
        <vehicle id="cfm-slow_2" eclass="HBEFA3/PC_G_EU4" CO2="0.00" CO="0.00" HC="0.00" NOx="0.00" PMx="0.00" fuel="0.00" electricity="0.00" noise="73.24" route="routebottom" type="cfm-slow" waiting="0.00" lane="right_0" pos="29.78" speed="29.32" angle="310.92" x="104.38" y="118.87"/>
        <vehicle id="cfm-slow_3" eclass="HBEFA3/PC_G_EU4" CO2="0.00" CO="0.00" HC="0.00" NOx="0.00" PMx="0.00" fuel="0.00" electricity="0.00" noise="72.17" route="routetop" type="cfm-slow" waiting="0.00" lane="top_0" pos="4.20" speed="28.97" angle="266.98" x="54.56" y="131.66"/>
        <vehicle id="cfm-slow_4" eclass="HBEFA3/PC_G_EU4" CO2="0.00" CO="0.00" HC="0.00" NOx="0.00" PMx="0.00" fuel="0.00" electricity="0.00" noise="71.27" route="routetop" type="cfm-slow" waiting="0.00" lane="top_0" pos="28.16" speed="27.66" angle="223.81" x="10.59" y="107.14"/>
        <vehicle id="cfm-slow_5" eclass="HBEFA3/PC_G_EU4" CO2="0.00" CO="0.00" HC="0.00" NOx="0.00" PMx="0.00" fuel="0.00" electricity="0.00" noise="70.45" route="routetop" type="cfm-slow" waiting="0.00" lane="left_0" pos="0.72" speed="25.92" angle="183.17" x="-4.91" y="62.02"/>
    </timestep>
    <timestep time="7.20">
        <vehicle id="cfm-fast_0" eclass="HBEFA3/PC_G_EU4" CO2="0.00" CO="0.00" HC="0.00" NOx="0.00" PMx="0.00" fuel="0.00" electricity="0.00" noise="70.23" route="routetop" type="cfm-fast" waiting="0.00" lane="left_0" pos="21.77" speed="24.42" angle="145.30" x="10.49" y="20.31"/>
        <vehicle id="cfm-fast_1" eclass="HBEFA3/PC_G_EU4" CO2="330317.57" CO="8436.36" HC="46.80" NOx="154.22" PMx="9.32" fuel="141.99" electricity="0.00" noise="151.82" route="routetop" type="cfm-fast" waiting="0.00" lane="top_1" pos="37.86" speed="85.16" angle="206.34" x="3.06" y="87.98"/>
        <vehicle id="cfm-fast_2" eclass="HBEFA3/PC_G_EU4" CO2="6518.33" CO="60.84" HC="0.44" NOx="2.44" PMx="0.13" fuel="2.80" electricity="0.00" noise="71.46" route="routetop" type="cfm-fast" waiting="0.00" lane="left_0" pos="37.14" speed="23.76" angle="117.67" x="36.65" y="0.59"/>
        <vehicle id="cfm-fast_3" eclass="HBEFA3/PC_G_EU4" CO2="12038.87" CO="175.57" HC="1.10" NOx="5.04" PMx="0.27" fuel="5.17" electricity="0.00" noise="73.84" route="routebottom" type="cfm-fast" waiting="0.00" lane="bottom_0" pos="1.91" speed="24.21" angle="91.05" x="67.86" y="-4.81"/>
        <vehicle id="cfm-fast_4" eclass="HBEFA3/PC_G_EU4" CO2="412301.93" CO="10862.51" HC="59.96" NOx="192.80" PMx="11.77" fuel="177.23" electricity="0.00" noise="162.04" route="routebottom" type="cfm-fast" waiting="0.00" lane="bottom_1" pos="15.43" speed="97.73" angle="66.76" x="94.10" y="5.87"/>
        <vehicle id="cfm-fast_5" eclass="HBEFA3/PC_G_EU4" CO2="15824.67" CO="257.39" HC="1.57" NOx="6.79" PMx="0.37" fuel="6.80" electricity="0.00" noise="75.92" route="routebottom" type="cfm-fast" waiting="0.00" lane="bottom_0" pos="17.25" speed="25.47" angle="63.41" x="99.08" y="4.91"/>
        <vehicle id="cfm-slow_0" eclass="HBEFA3/PC_G_EU4" CO2="15581.05" CO="259.73" HC="1.57" NOx="6.64" PMx="0.37" fuel="6.70" electricity="0.00" noise="76.08" route="routebottom" type="cfm-slow" waiting="0.00" lane="bottom_0" pos="33.91" speed="27.17" angle="33.50" x="123.66" y="30.42"/>
        <vehicle id="cfm-slow_1" eclass="HBEFA3/PC_G_EU4" CO2="11261.10" CO="178.99" HC="1.10" NOx="4.57" PMx="0.26" fuel="4.84" electricity="0.00" noise="74.79" route="routebottom" type="cfm-slow" waiting="0.00" lane="right_0" pos="6.28" speed="28.63" angle="353.11" x="130.93" y="77.18"/>
        <vehicle id="cfm-slow_2" eclass="HBEFA3/PC_G_EU4" CO2="0.00" CO="0.00" HC="0.00" NOx="0.00" PMx="0.00" fuel="0.00" electricity="0.00" noise="73.22" route="routebottom" type="cfm-slow" waiting="0.00" lane="right_0" pos="30.08" speed="29.32" angle="310.37" x="103.86" y="119.24"/>
        <vehicle id="cfm-slow_3" eclass="HBEFA3/PC_G_EU4" CO2="0.00" CO="0.00" HC="0.00" NOx="0.00" PMx="0.00" fuel="0.00" electricity="0.00" noise="72.16" route="routetop" type="cfm-slow" waiting="0.00" lane="top_0" pos="4.49" speed="28.96" angle="266.46" x="53.95" y="131.57"/>
        <vehicle id="cfm-slow_4" eclass="HBEFA3/PC_G_EU4" CO2="0.00" CO="0.00" HC="0.00" NOx="0.00" PMx="0.00" fuel="0.00" electricity="0.00" noise="71.26" route="routetop" type="cfm-slow" waiting="0.00" lane="top_0" pos="28.44" speed="27.64" angle="223.33" x="10.22" y="106.68"/>
        <vehicle id="cfm-slow_5" eclass="HBEFA3/PC_G_EU4" CO2="0.00" CO="0.00" HC="0.00" NOx="0.00" PMx="0.00" fuel="0.00" electricity="0.00" noise="70.45" route="routetop" type="cfm-slow" waiting="0.00" lane="left_0" pos="0.98" speed="25.90" angle="182.70" x="-4.90" y="61.46"/>
    </timestep>
    <timestep time="7.21">
        <vehicle id="cfm-fast_0" eclass="HBEFA3/PC_G_EU4" CO2="0.00" CO="0.00" HC="0.00" NOx="0.00" PMx="0.00" fuel="0.00" electricity="0.00" noise="70.23" route="routetop" type="cfm-fast" waiting="0.00" lane="left_0" pos="22.01" speed="24.41" angle="144.85" x="10.83" y="19.91"/>
        <vehicle id="cfm-fast_1" eclass="HBEFA3/PC_G_EU4" CO2="331055.96" CO="8458.36" HC="46.92" NOx="154.57" PMx="9.35" fuel="142.30" electricity="0.00" noise="151.91" route="routetop" type="cfm-fast" waiting="0.00" lane="top_1" pos="38.71" speed="85.29" angle="204.80" x="2.43" y="86.35"/>
        <vehicle id="cfm-fast_2" eclass="HBEFA3/PC_G_EU4" CO2="6570.06" CO="61.91" HC="0.44" NOx="2.46" PMx="0.13" fuel="2.82" electricity="0.00" noise="71.48" route="routetop" type="cfm-fast" waiting="0.00" lane="left_0" pos="37.38" speed="23.76" angle="117.26" x="37.12" y="0.39"/>
        <vehicle id="cfm-fast_3" eclass="HBEFA3/PC_G_EU4" CO2="12072.42" CO="176.29" HC="1.10" NOx="5.05" PMx="0.27" fuel="5.19" electricity="0.00" noise="73.86" route="routebottom" type="cfm-fast" waiting="0.00" lane="bottom_0" pos="2.15" speed="24.23" angle="90.62" x="68.38" y="-4.78"/>
        <vehicle id="cfm-fast_4" eclass="HBEFA3/PC_G_EU4" CO2="412978.33" CO="10885.17" HC="60.08" NOx="193.12" PMx="11.79" fuel="177.52" electricity="0.00" noise="162.10" route="routebottom" type="cfm-fast" waiting="0.00" lane="bottom_1" pos="16.41" speed="97.87" angle="64.98" x="95.86" y="6.84"/>
        <vehicle id="cfm-fast_5" eclass="HBEFA3/PC_G_EU4" CO2="15823.33" CO="257.43" HC="1.57" NOx="6.79" PMx="0.37" fuel="6.80" electricity="0.00" noise="75.93" route="routebottom" type="cfm-fast" waiting="0.00" lane="bottom_0" pos="17.51" speed="25.49" angle="62.94" x="99.55" y="5.19"/>
        <vehicle id="cfm-slow_0" eclass="HBEFA3/PC_G_EU4" CO2="15541.75" CO="259.00" HC="1.57" NOx="6.62" PMx="0.37" fuel="6.68" electricity="0.00" noise="76.06" route="routebottom" type="cfm-slow" waiting="0.00" lane="bottom_0" pos="34.18" speed="27.19" angle="33.00" x="123.95" y="30.93"/>
        <vehicle id="cfm-slow_1" eclass="HBEFA3/PC_G_EU4" CO2="11188.54" CO="177.54" HC="1.09" NOx="4.54" PMx="0.26" fuel="4.81" electricity="0.00" noise="74.77" route="routebottom" type="cfm-slow" waiting="0.00" lane="right_0" pos="6.57" speed="28.64" angle="352.62" x="130.80" y="77.79"/>
        <vehicle id="cfm-slow_2" eclass="HBEFA3/PC_G_EU4" CO2="0.00" CO="0.00" HC="0.00" NOx="0.00" PMx="0.00" fuel="0.00" electricity="0.00" noise="73.21" route="routebottom" type="cfm-slow" waiting="0.00" lane="right_0" pos="30.37" speed="29.32" angle="309.83" x="103.35" y="119.61"/>
        <vehicle id="cfm-slow_3" eclass="HBEFA3/PC_G_EU4" CO2="0.00" CO="0.00" HC="0.00" NOx="0.00" PMx="0.00" fuel="0.00" electricity="0.00" noise="72.15" route="routetop" type="cfm-slow" waiting="0.00" lane="top_0" pos="4.78" speed="28.94" angle="265.93" x="53.33" y="131.49"/>
        <vehicle id="cfm-slow_4" eclass="HBEFA3/PC_G_EU4" CO2="0.00" CO="0.00" HC="0.00" NOx="0.00" PMx="0.00" fuel="0.00" electricity="0.00" noise="71.26" route="routetop" type="cfm-slow" waiting="0.00" lane="top_0" pos="28.71" speed="27.62" angle="222.83" x="9.85" y="106.21"/>
        <vehicle id="cfm-slow_5" eclass="HBEFA3/PC_G_EU4" CO2="0.00" CO="0.00" HC="0.00" NOx="0.00" PMx="0.00" fuel="0.00" electricity="0.00" noise="70.45" route="routetop" type="cfm-slow" waiting="0.00" lane="left_0" pos="1.24" speed="25.89" angle="182.25" x="-4.89" y="60.90"/>
    </timestep>
    <timestep time="7.22">
        <vehicle id="cfm-fast_0" eclass="HBEFA3/PC_G_EU4" CO2="0.00" CO="0.00" HC="0.00" NOx="0.00" PMx="0.00" fuel="0.00" electricity="0.00" noise="70.24" route="routetop" type="cfm-fast" waiting="0.00" lane="left_0" pos="22.26" speed="24.41" angle="144.40" x="11.17" y="19.51"/>
        <vehicle id="cfm-fast_1" eclass="HBEFA3/PC_G_EU4" CO2="331794.32" CO="8480.38" HC="47.04" NOx="154.92" PMx="9.37" fuel="142.62" electricity="0.00" noise="152.01" route="routetop" type="cfm-fast" waiting="0.00" lane="top_1" pos="39.57" speed="85.42" angle="203.25" x="1.84" y="84.70"/>
        <vehicle id="cfm-fast_2" eclass="HBEFA3/PC_G_EU4" CO2="6621.64" CO="62.98" HC="0.45" NOx="2.49" PMx="0.13" fuel="2.85" electricity="0.00" noise="71.50" route="routetop" type="cfm-fast" waiting="0.00" lane="left_0" pos="37.62" speed="23.77" angle="116.82" x="37.60" y="0.20"/>
        <vehicle id="cfm-fast_3" eclass="HBEFA3/PC_G_EU4" CO2="12105.68" CO="177.01" HC="1.11" NOx="5.07" PMx="0.27" fuel="5.20" electricity="0.00" noise="73.88" route="routebottom" type="cfm-fast" waiting="0.00" lane="bottom_0" pos="2.39" speed="24.24" angle="90.18" x="68.90" y="-4.75"/>
        <vehicle id="cfm-fast_4" eclass="HBEFA3/PC_G_EU4" CO2="413655.01" CO="10907.85" HC="60.20" NOx="193.43" PMx="11.81" fuel="177.81" electricity="0.00" noise="162.17" route="routebottom" type="cfm-fast" waiting="0.00" lane="bottom_1" pos="17.39" speed="98.00" angle="63.19" x="97.59" y="7.87"/>
        <vehicle id="cfm-fast_5" eclass="HBEFA3/PC_G_EU4" CO2="15821.66" CO="257.46" HC="1.57" NOx="6.79" PMx="0.37" fuel="6.80" electricity="0.00" noise="75.93" route="routebottom" type="cfm-fast" waiting="0.00" lane="bottom_0" pos="17.76" speed="25.51" angle="62.47" x="100.02" y="5.48"/>
        <vehicle id="cfm-slow_0" eclass="HBEFA3/PC_G_EU4" CO2="15502.14" CO="258.26" HC="1.56" NOx="6.60" PMx="0.37" fuel="6.66" electricity="0.00" noise="76.05" route="routebottom" type="cfm-slow" waiting="0.00" lane="bottom_0" pos="34.45" speed="27.20" angle="32.50" x="124.23" y="31.44"/>
        <vehicle id="cfm-slow_1" eclass="HBEFA3/PC_G_EU4" CO2="11115.90" CO="176.10" HC="1.08" NOx="4.50" PMx="0.26" fuel="4.78" electricity="0.00" noise="74.75" route="routebottom" type="cfm-slow" waiting="0.00" lane="right_0" pos="6.85" speed="28.64" angle="352.08" x="130.66" y="78.39"/>
        <vehicle id="cfm-slow_2" eclass="HBEFA3/PC_G_EU4" CO2="0.00" CO="0.00" HC="0.00" NOx="0.00" PMx="0.00" fuel="0.00" electricity="0.00" noise="73.20" route="routebottom" type="cfm-slow" waiting="0.00" lane="right_0" pos="30.66" speed="29.32" angle="309.29" x="102.84" y="119.98"/>
        <vehicle id="cfm-slow_3" eclass="HBEFA3/PC_G_EU4" CO2="0.00" CO="0.00" HC="0.00" NOx="0.00" PMx="0.00" fuel="0.00" electricity="0.00" noise="72.14" route="routetop" type="cfm-slow" waiting="0.00" lane="top_0" pos="5.07" speed="28.93" angle="265.36" x="52.71" y="131.40"/>
        <vehicle id="cfm-slow_4" eclass="HBEFA3/PC_G_EU4" CO2="0.00" CO="0.00" HC="0.00" NOx="0.00" PMx="0.00" fuel="0.00" electricity="0.00" noise="71.25" route="routetop" type="cfm-slow" waiting="0.00" lane="top_0" pos="28.99" speed="27.61" angle="222.32" x="9.48" y="105.74"/>
        <vehicle id="cfm-slow_5" eclass="HBEFA3/PC_G_EU4" CO2="0.00" CO="0.00" HC="0.00" NOx="0.00" PMx="0.00" fuel="0.00" electricity="0.00" noise="70.44" route="routetop" type="cfm-slow" waiting="0.00" lane="left_0" pos="1.50" speed="25.87" angle="181.79" x="-4.86" y="60.35"/>
    </timestep>
    <timestep time="7.23">
        <vehicle id="cfm-fast_0" eclass="HBEFA3/PC_G_EU4" CO2="0.00" CO="0.00" HC="0.00" NOx="0.00" PMx="0.00" fuel="0.00" electricity="0.00" noise="70.24" route="routetop" type="cfm-fast" waiting="0.00" lane="left_0" pos="22.50" speed="24.40" angle="143.94" x="11.51" y="19.11"/>
        <vehicle id="cfm-fast_1" eclass="HBEFA3/PC_G_EU4" CO2="332532.65" CO="8502.42" HC="47.16" NOx="155.26" PMx="9.39" fuel="142.94" electricity="0.00" noise="152.10" route="routetop" type="cfm-fast" waiting="0.00" lane="top_1" pos="40.42" speed="85.54" angle="201.72" x="1.30" y="83.03"/>
        <vehicle id="cfm-fast_2" eclass="HBEFA3/PC_G_EU4" CO2="6673.06" CO="64.05" HC="0.46" NOx="2.51" PMx="0.13" fuel="2.87" electricity="0.00" noise="71.52" route="routetop" type="cfm-fast" waiting="0.00" lane="left_0" pos="37.86" speed="23.77" angle="116.39" x="38.07" y="0.01"/>
        <vehicle id="cfm-fast_3" eclass="HBEFA3/PC_G_EU4" CO2="12138.67" CO="177.72" HC="1.11" NOx="5.08" PMx="0.27" fuel="5.22" electricity="0.00" noise="73.90" route="routebottom" type="cfm-fast" waiting="0.00" lane="bottom_0" pos="2.63" speed="24.25" angle="89.77" x="69.42" y="-4.71"/>
        <vehicle id="cfm-fast_4" eclass="HBEFA3/PC_G_EU4" CO2="414331.99" CO="10930.55" HC="60.32" NOx="193.75" PMx="11.83" fuel="178.10" electricity="0.00" noise="162.23" route="routebottom" type="cfm-fast" waiting="0.00" lane="bottom_1" pos="18.37" speed="98.14" angle="61.40" x="99.29" y="8.94"/>
        <vehicle id="cfm-fast_5" eclass="HBEFA3/PC_G_EU4" CO2="15819.65" CO="257.48" HC="1.57" NOx="6.79" PMx="0.37" fuel="6.80" electricity="0.00" noise="75.93" route="routebottom" type="cfm-fast" waiting="0.00" lane="bottom_0" pos="18.02" speed="25.52" angle="62.07" x="100.48" y="5.77"/>
        <vehicle id="cfm-slow_0" eclass="HBEFA3/PC_G_EU4" CO2="15462.20" CO="257.51" HC="1.56" NOx="6.58" PMx="0.37" fuel="6.65" electricity="0.00" noise="76.03" route="routebottom" type="cfm-slow" waiting="0.00" lane="bottom_0" pos="34.72" speed="27.22" angle="32.07" x="124.51" y="31.96"/>
        <vehicle id="cfm-slow_1" eclass="HBEFA3/PC_G_EU4" CO2="11043.19" CO="174.65" HC="1.07" NOx="4.47" PMx="0.26" fuel="4.75" electricity="0.00" noise="74.73" route="routebottom" type="cfm-slow" waiting="0.00" lane="right_0" pos="7.14" speed="28.65" angle="351.55" x="130.53" y="78.99"/>
        <vehicle id="cfm-slow_2" eclass="HBEFA3/PC_G_EU4" CO2="0.00" CO="0.00" HC="0.00" NOx="0.00" PMx="0.00" fuel="0.00" electricity="0.00" noise="73.18" route="routebottom" type="cfm-slow" waiting="0.00" lane="right_0" pos="30.96" speed="29.31" angle="308.81" x="102.32" y="120.33"/>
        <vehicle id="cfm-slow_3" eclass="HBEFA3/PC_G_EU4" CO2="0.00" CO="0.00" HC="0.00" NOx="0.00" PMx="0.00" fuel="0.00" electricity="0.00" noise="72.13" route="routetop" type="cfm-slow" waiting="0.00" lane="top_0" pos="5.36" speed="28.92" angle="264.83" x="52.10" y="131.29"/>
        <vehicle id="cfm-slow_4" eclass="HBEFA3/PC_G_EU4" CO2="0.00" CO="0.00" HC="0.00" NOx="0.00" PMx="0.00" fuel="0.00" electricity="0.00" noise="71.24" route="routetop" type="cfm-slow" waiting="0.00" lane="top_0" pos="29.26" speed="27.59" angle="221.82" x="9.12" y="105.27"/>
        <vehicle id="cfm-slow_5" eclass="HBEFA3/PC_G_EU4" CO2="0.00" CO="0.00" HC="0.00" NOx="0.00" PMx="0.00" fuel="0.00" electricity="0.00" noise="70.44" route="routetop" type="cfm-slow" waiting="0.00" lane="left_0" pos="1.76" speed="25.86" angle="181.32" x="-4.83" y="59.79"/>
    </timestep>
    <timestep time="7.24">
        <vehicle id="cfm-fast_0" eclass="HBEFA3/PC_G_EU4" CO2="0.00" CO="0.00" HC="0.00" NOx="0.00" PMx="0.00" fuel="0.00" electricity="0.00" noise="70.25" route="routetop" type="cfm-fast" waiting="0.00" lane="left_0" pos="22.74" speed="24.40" angle="143.49" x="11.85" y="18.71"/>
        <vehicle id="cfm-fast_1" eclass="HBEFA3/PC_G_EU4" CO2="333270.95" CO="8524.47" HC="47.28" NOx="155.61" PMx="9.41" fuel="143.26" electricity="0.00" noise="152.19" route="routetop" type="cfm-fast" waiting="0.00" lane="top_1" pos="41.28" speed="85.67" angle="200.19" x="0.80" y="81.34"/>
        <vehicle id="cfm-fast_2" eclass="HBEFA3/PC_G_EU4" CO2="6724.31" CO="65.11" HC="0.46" NOx="2.54" PMx="0.13" fuel="2.89" electricity="0.00" noise="71.54" route="routetop" type="cfm-fast" waiting="0.00" lane="left_0" pos="38.09" speed="23.78" angle="115.95" x="38.55" y="-0.18"/>
        <vehicle id="cfm-fast_3" eclass="HBEFA3/PC_G_EU4" CO2="12171.37" CO="178.43" HC="1.11" NOx="5.10" PMx="0.27" fuel="5.23" electricity="0.00" noise="73.92" route="routebottom" type="cfm-fast" waiting="0.00" lane="bottom_0" pos="2.88" speed="24.26" angle="89.33" x="69.94" y="-4.65"/>
        <vehicle id="cfm-fast_4" eclass="HBEFA3/PC_G_EU4" CO2="415009.26" CO="10953.28" HC="60.44" NOx="194.07" PMx="11.85" fuel="178.39" electricity="0.00" noise="162.30" route="routebottom" type="cfm-fast" waiting="0.00" lane="bottom_1" pos="19.35" speed="98.27" angle="59.61" x="100.96" y="10.06"/>
        <vehicle id="cfm-fast_5" eclass="HBEFA3/PC_G_EU4" CO2="15817.30" CO="257.49" HC="1.57" NOx="6.79" PMx="0.37" fuel="6.80" electricity="0.00" noise="75.93" route="routebottom" type="cfm-fast" waiting="0.00" lane="bottom_0" pos="18.27" speed="25.54" angle="61.59" x="100.94" y="6.07"/>
        <vehicle id="cfm-slow_0" eclass="HBEFA3/PC_G_EU4" CO2="15421.94" CO="256.76" HC="1.55" NOx="6.56" PMx="0.37" fuel="6.63" electricity="0.00" noise="76.02" route="routebottom" type="cfm-slow" waiting="0.00" lane="bottom_0" pos="35.00" speed="27.23" angle="31.57" x="124.77" y="32.48"/>
        <vehicle id="cfm-slow_1" eclass="HBEFA3/PC_G_EU4" CO2="10970.43" CO="173.20" HC="1.07" NOx="4.43" PMx="0.26" fuel="4.72" electricity="0.00" noise="74.71" route="routebottom" type="cfm-slow" waiting="0.00" lane="right_0" pos="7.43" speed="28.66" angle="351.01" x="130.39" y="79.59"/>
        <vehicle id="cfm-slow_2" eclass="HBEFA3/PC_G_EU4" CO2="0.00" CO="0.00" HC="0.00" NOx="0.00" PMx="0.00" fuel="0.00" electricity="0.00" noise="73.17" route="routebottom" type="cfm-slow" waiting="0.00" lane="right_0" pos="31.25" speed="29.31" angle="308.28" x="101.80" y="120.69"/>
        <vehicle id="cfm-slow_3" eclass="HBEFA3/PC_G_EU4" CO2="0.00" CO="0.00" HC="0.00" NOx="0.00" PMx="0.00" fuel="0.00" electricity="0.00" noise="72.12" route="routetop" type="cfm-slow" waiting="0.00" lane="top_0" pos="5.65" speed="28.91" angle="264.29" x="51.49" y="131.17"/>
        <vehicle id="cfm-slow_4" eclass="HBEFA3/PC_G_EU4" CO2="0.00" CO="0.00" HC="0.00" NOx="0.00" PMx="0.00" fuel="0.00" electricity="0.00" noise="71.23" route="routetop" type="cfm-slow" waiting="0.00" lane="top_0" pos="29.54" speed="27.57" angle="221.37" x="8.76" y="104.80"/>
        <vehicle id="cfm-slow_5" eclass="HBEFA3/PC_G_EU4" CO2="0.00" CO="0.00" HC="0.00" NOx="0.00" PMx="0.00" fuel="0.00" electricity="0.00" noise="70.43" route="routetop" type="cfm-slow" waiting="0.00" lane="left_0" pos="2.02" speed="25.84" angle="180.86" x="-4.79" y="59.24"/>
    </timestep>
    <timestep time="7.25">
        <vehicle id="cfm-fast_0" eclass="HBEFA3/PC_G_EU4" CO2="0.00" CO="0.00" HC="0.00" NOx="0.00" PMx="0.00" fuel="0.00" electricity="0.00" noise="70.26" route="routetop" type="cfm-fast" waiting="0.00" lane="left_0" pos="22.99" speed="24.39" angle="143.06" x="12.19" y="18.31"/>
        <vehicle id="cfm-fast_1" eclass="HBEFA3/PC_G_EU4" CO2="334009.21" CO="8546.55" HC="47.40" NOx="155.96" PMx="9.43" fuel="143.57" electricity="0.00" noise="152.29" route="routetop" type="cfm-fast" waiting="0.00" lane="top_1" pos="42.14" speed="85.80" angle="198.61" x="0.34" y="79.65"/>
        <vehicle id="cfm-fast_2" eclass="HBEFA3/PC_G_EU4" CO2="6775.41" CO="66.18" HC="0.47" NOx="2.56" PMx="0.13" fuel="2.91" electricity="0.00" noise="71.56" route="routetop" type="cfm-fast" waiting="0.00" lane="left_0" pos="38.33" speed="23.78" angle="115.51" x="39.02" y="-0.37"/>
        <vehicle id="cfm-fast_3" eclass="HBEFA3/PC_G_EU4" CO2="12203.79" CO="179.13" HC="1.12" NOx="5.11" PMx="0.28" fuel="5.25" electricity="0.00" noise="73.94" route="routebottom" type="cfm-fast" waiting="0.00" lane="bottom_0" pos="3.12" speed="24.28" angle="88.90" x="70.46" y="-4.60"/>
        <vehicle id="cfm-fast_4" eclass="HBEFA3/PC_G_EU4" CO2="415686.82" CO="10976.03" HC="60.56" NOx="194.39" PMx="11.87" fuel="178.68" electricity="0.00" noise="162.36" route="routebottom" type="cfm-fast" waiting="0.00" lane="bottom_1" pos="20.33" speed="98.41" angle="57.81" x="102.60" y="11.24"/>
        <vehicle id="cfm-fast_5" eclass="HBEFA3/PC_G_EU4" CO2="15814.63" CO="257.50" HC="1.57" NOx="6.79" PMx="0.37" fuel="6.80" electricity="0.00" noise="75.93" route="routebottom" type="cfm-fast" waiting="0.00" lane="bottom_0" pos="18.53" speed="25.56" angle="61.11" x="101.40" y="6.37"/>
        <vehicle id="cfm-slow_0" eclass="HBEFA3/PC_G_EU4" CO2="15381.37" CO="256.00" HC="1.55" NOx="6.54" PMx="0.37" fuel="6.61" electricity="0.00" noise="76.00" route="routebottom" type="cfm-slow" waiting="0.00" lane="bottom_0" pos="35.27" speed="27.25" angle="31.08" x="125.03" y="33.01"/>
        <vehicle id="cfm-slow_1" eclass="HBEFA3/PC_G_EU4" CO2="10897.60" CO="171.74" HC="1.06" NOx="4.40" PMx="0.25" fuel="4.68" electricity="0.00" noise="74.69" route="routebottom" type="cfm-slow" waiting="0.00" lane="right_0" pos="7.71" speed="28.67" angle="350.54" x="130.25" y="80.19"/>
        <vehicle id="cfm-slow_2" eclass="HBEFA3/PC_G_EU4" CO2="0.00" CO="0.00" HC="0.00" NOx="0.00" PMx="0.00" fuel="0.00" electricity="0.00" noise="73.15" route="routebottom" type="cfm-slow" waiting="0.00" lane="right_0" pos="31.54" speed="29.31" angle="307.75" x="101.27" y="121.04"/>
        <vehicle id="cfm-slow_3" eclass="HBEFA3/PC_G_EU4" CO2="0.00" CO="0.00" HC="0.00" NOx="0.00" PMx="0.00" fuel="0.00" electricity="0.00" noise="72.11" route="routetop" type="cfm-slow" waiting="0.00" lane="top_0" pos="5.93" speed="28.90" angle="263.75" x="50.88" y="131.06"/>
        <vehicle id="cfm-slow_4" eclass="HBEFA3/PC_G_EU4" CO2="0.00" CO="0.00" HC="0.00" NOx="0.00" PMx="0.00" fuel="0.00" electricity="0.00" noise="71.22" route="routetop" type="cfm-slow" waiting="0.00" lane="top_0" pos="29.82" speed="27.56" angle="220.86" x="8.41" y="104.32"/>
        <vehicle id="cfm-slow_5" eclass="HBEFA3/PC_G_EU4" CO2="0.00" CO="0.00" HC="0.00" NOx="0.00" PMx="0.00" fuel="0.00" electricity="0.00" noise="70.43" route="routetop" type="cfm-slow" waiting="0.00" lane="left_0" pos="2.27" speed="25.83" angle="180.39" x="-4.76" y="58.68"/>
    </timestep>
    <timestep time="7.26">
        <vehicle id="cfm-fast_0" eclass="HBEFA3/PC_G_EU4" CO2="0.00" CO="0.00" HC="0.00" NOx="0.00" PMx="0.00" fuel="0.00" electricity="0.00" noise="70.26" route="routetop" type="cfm-fast" waiting="0.00" lane="left_0" pos="23.23" speed="24.38" angle="142.66" x="12.54" y="17.92"/>
        <vehicle id="cfm-fast_1" eclass="HBEFA3/PC_G_EU4" CO2="334747.44" CO="8568.63" HC="47.52" NOx="156.30" PMx="9.46" fuel="143.89" electricity="0.00" noise="152.38" route="routetop" type="cfm-fast" waiting="0.00" lane="top_1" pos="43.00" speed="85.92" angle="197.12" x="-0.06" y="77.93"/>
        <vehicle id="cfm-fast_2" eclass="HBEFA3/PC_G_EU4" CO2="6826.34" CO="67.24" HC="0.47" NOx="2.59" PMx="0.13" fuel="2.93" electricity="0.00" noise="71.58" route="routetop" type="cfm-fast" waiting="0.00" lane="left_0" pos="38.57" speed="23.78" angle="115.13" x="39.50" y="-0.55"/>
        <vehicle id="cfm-fast_3" eclass="HBEFA3/PC_G_EU4" CO2="12235.93" CO="179.83" HC="1.12" NOx="5.13" PMx="0.28" fuel="5.26" electricity="0.00" noise="73.95" route="routebottom" type="cfm-fast" waiting="0.00" lane="bottom_0" pos="3.36" speed="24.29" angle="88.46" x="70.98" y="-4.55"/>
        <vehicle id="cfm-fast_4" eclass="HBEFA3/PC_G_EU4" CO2="416364.67" CO="10998.79" HC="60.68" NOx="194.71" PMx="11.90" fuel="178.97" electricity="0.00" noise="162.43" route="routebottom" type="cfm-fast" waiting="0.00" lane="bottom_1" pos="21.32" speed="98.55" angle="56.07" x="104.20" y="12.48"/>
        <vehicle id="cfm-fast_5" eclass="HBEFA3/PC_G_EU4" CO2="15811.61" CO="257.50" HC="1.57" NOx="6.78" PMx="0.37" fuel="6.80" electricity="0.00" noise="75.93" route="routebottom" type="cfm-fast" waiting="0.00" lane="bottom_0" pos="18.78" speed="25.57" angle="60.63" x="101.86" y="6.68"/>
        <vehicle id="cfm-slow_0" eclass="HBEFA3/PC_G_EU4" CO2="15340.49" CO="255.23" HC="1.55" NOx="6.52" PMx="0.37" fuel="6.59" electricity="0.00" noise="75.99" route="routebottom" type="cfm-slow" waiting="0.00" lane="bottom_0" pos="35.54" speed="27.26" angle="30.58" x="125.30" y="33.53"/>
        <vehicle id="cfm-slow_1" eclass="HBEFA3/PC_G_EU4" CO2="10824.72" CO="170.29" HC="1.05" NOx="4.36" PMx="0.25" fuel="4.65" electricity="0.00" noise="74.67" route="routebottom" type="cfm-slow" waiting="0.00" lane="right_0" pos="8.00" speed="28.67" angle="350.02" x="130.09" y="80.79"/>
        <vehicle id="cfm-slow_2" eclass="HBEFA3/PC_G_EU4" CO2="0.00" CO="0.00" HC="0.00" NOx="0.00" PMx="0.00" fuel="0.00" electricity="0.00" noise="73.14" route="routebottom" type="cfm-slow" waiting="0.00" lane="right_0" pos="31.83" speed="29.30" angle="307.23" x="100.75" y="121.39"/>
        <vehicle id="cfm-slow_3" eclass="HBEFA3/PC_G_EU4" CO2="0.00" CO="0.00" HC="0.00" NOx="0.00" PMx="0.00" fuel="0.00" electricity="0.00" noise="72.10" route="routetop" type="cfm-slow" waiting="0.00" lane="top_0" pos="6.22" speed="28.88" angle="263.21" x="50.27" y="130.95"/>
        <vehicle id="cfm-slow_4" eclass="HBEFA3/PC_G_EU4" CO2="0.00" CO="0.00" HC="0.00" NOx="0.00" PMx="0.00" fuel="0.00" electricity="0.00" noise="71.22" route="routetop" type="cfm-slow" waiting="0.00" lane="top_0" pos="30.09" speed="27.54" angle="220.35" x="8.06" y="103.84"/>
        <vehicle id="cfm-slow_5" eclass="HBEFA3/PC_G_EU4" CO2="0.00" CO="0.00" HC="0.00" NOx="0.00" PMx="0.00" fuel="0.00" electricity="0.00" noise="70.43" route="routetop" type="cfm-slow" waiting="0.00" lane="left_0" pos="2.53" speed="25.81" angle="179.95" x="-4.73" y="58.13"/>
    </timestep>
    <timestep time="7.27">
        <vehicle id="cfm-fast_0" eclass="HBEFA3/PC_G_EU4" CO2="0.00" CO="0.00" HC="0.00" NOx="0.00" PMx="0.00" fuel="0.00" electricity="0.00" noise="70.27" route="routetop" type="cfm-fast" waiting="0.00" lane="left_0" pos="23.47" speed="24.38" angle="142.22" x="12.89" y="17.53"/>
        <vehicle id="cfm-fast_1" eclass="HBEFA3/PC_G_EU4" CO2="335485.64" CO="8590.74" HC="47.64" NOx="156.65" PMx="9.48" fuel="144.21" electricity="0.00" noise="152.47" route="routetop" type="cfm-fast" waiting="0.00" lane="top_1" pos="43.86" speed="86.05" angle="195.61" x="-0.43" y="76.20"/>
        <vehicle id="cfm-fast_2" eclass="HBEFA3/PC_G_EU4" CO2="6877.11" CO="68.29" HC="0.48" NOx="2.61" PMx="0.14" fuel="2.96" electricity="0.00" noise="71.60" route="routetop" type="cfm-fast" waiting="0.00" lane="left_0" pos="38.81" speed="23.79" angle="114.69" x="39.98" y="-0.72"/>
        <vehicle id="cfm-fast_3" eclass="HBEFA3/PC_G_EU4" CO2="12267.77" CO="180.51" HC="1.13" NOx="5.14" PMx="0.28" fuel="5.27" electricity="0.00" noise="73.97" route="routebottom" type="cfm-fast" waiting="0.00" lane="bottom_0" pos="3.61" speed="24.30" angle="88.03" x="71.50" y="-4.49"/>
        <vehicle id="cfm-fast_4" eclass="HBEFA3/PC_G_EU4" CO2="417042.81" CO="11021.58" HC="60.80" NOx="195.03" PMx="11.92" fuel="179.27" electricity="0.00" noise="162.50" route="routebottom" type="cfm-fast" waiting="0.00" lane="bottom_1" pos="22.31" speed="98.68" angle="54.33" x="105.77" y="13.75"/>
        <vehicle id="cfm-fast_5" eclass="HBEFA3/PC_G_EU4" CO2="15808.27" CO="257.49" HC="1.57" NOx="6.78" PMx="0.37" fuel="6.80" electricity="0.00" noise="75.93" route="routebottom" type="cfm-fast" waiting="0.00" lane="bottom_0" pos="19.04" speed="25.59" angle="60.15" x="102.31" y="6.98"/>
        <vehicle id="cfm-slow_0" eclass="HBEFA3/PC_G_EU4" CO2="15299.29" CO="254.46" HC="1.54" NOx="6.51" PMx="0.36" fuel="6.58" electricity="0.00" noise="75.97" route="routebottom" type="cfm-slow" waiting="0.00" lane="bottom_0" pos="35.82" speed="27.28" angle="30.10" x="125.56" y="34.05"/>
        <vehicle id="cfm-slow_1" eclass="HBEFA3/PC_G_EU4" CO2="10751.79" CO="168.83" HC="1.04" NOx="4.33" PMx="0.25" fuel="4.62" electricity="0.00" noise="74.64" route="routebottom" type="cfm-slow" waiting="0.00" lane="right_0" pos="8.29" speed="28.68" angle="349.49" x="129.93" y="81.38"/>
        <vehicle id="cfm-slow_2" eclass="HBEFA3/PC_G_EU4" CO2="0.00" CO="0.00" HC="0.00" NOx="0.00" PMx="0.00" fuel="0.00" electricity="0.00" noise="73.13" route="routebottom" type="cfm-slow" waiting="0.00" lane="right_0" pos="32.13" speed="29.30" angle="306.76" x="100.22" y="121.73"/>
        <vehicle id="cfm-slow_3" eclass="HBEFA3/PC_G_EU4" CO2="0.00" CO="0.00" HC="0.00" NOx="0.00" PMx="0.00" fuel="0.00" electricity="0.00" noise="72.09" route="routetop" type="cfm-slow" waiting="0.00" lane="top_0" pos="6.51" speed="28.87" angle="262.73" x="49.66" y="130.83"/>
        <vehicle id="cfm-slow_4" eclass="HBEFA3/PC_G_EU4" CO2="0.00" CO="0.00" HC="0.00" NOx="0.00" PMx="0.00" fuel="0.00" electricity="0.00" noise="71.21" route="routetop" type="cfm-slow" waiting="0.00" lane="top_0" pos="30.37" speed="27.52" angle="219.84" x="7.72" y="103.36"/>
        <vehicle id="cfm-slow_5" eclass="HBEFA3/PC_G_EU4" CO2="0.00" CO="0.00" HC="0.00" NOx="0.00" PMx="0.00" fuel="0.00" electricity="0.00" noise="70.42" route="routetop" type="cfm-slow" waiting="0.00" lane="left_0" pos="2.79" speed="25.80" angle="179.49" x="-4.67" y="57.57"/>
    </timestep>
    <timestep time="7.28">
        <vehicle id="cfm-fast_0" eclass="HBEFA3/PC_G_EU4" CO2="0.00" CO="0.00" HC="0.00" NOx="0.00" PMx="0.00" fuel="0.00" electricity="0.00" noise="70.28" route="routetop" type="cfm-fast" waiting="0.00" lane="left_0" pos="23.72" speed="24.37" angle="141.78" x="13.25" y="17.14"/>
        <vehicle id="cfm-fast_1" eclass="HBEFA3/PC_G_EU4" CO2="336223.80" CO="8612.86" HC="47.76" NOx="157.00" PMx="9.50" fuel="144.53" electricity="0.00" noise="152.56" route="routetop" type="cfm-fast" waiting="0.00" lane="top_1" pos="44.72" speed="86.18" angle="194.01" x="-0.75" y="74.47"/>
        <vehicle id="cfm-fast_2" eclass="HBEFA3/PC_G_EU4" CO2="6927.72" CO="69.34" HC="0.49" NOx="2.63" PMx="0.14" fuel="2.98" electricity="0.00" noise="71.62" route="routetop" type="cfm-fast" waiting="0.00" lane="left_0" pos="39.04" speed="23.79" angle="114.25" x="40.47" y="-0.90"/>
        <vehicle id="cfm-fast_3" eclass="HBEFA3/PC_G_EU4" CO2="12299.34" CO="181.20" HC="1.13" NOx="5.16" PMx="0.28" fuel="5.29" electricity="0.00" noise="73.99" route="routebottom" type="cfm-fast" waiting="0.00" lane="bottom_0" pos="3.85" speed="24.31" angle="87.61" x="72.02" y="-4.44"/>
        <vehicle id="cfm-fast_4" eclass="HBEFA3/PC_G_EU4" CO2="417721.25" CO="11044.39" HC="60.93" NOx="195.35" PMx="11.94" fuel="179.56" electricity="0.00" noise="162.56" route="routebottom" type="cfm-fast" waiting="0.00" lane="bottom_1" pos="23.29" speed="98.82" angle="52.60" x="107.30" y="15.08"/>
        <vehicle id="cfm-fast_5" eclass="HBEFA3/PC_G_EU4" CO2="15804.59" CO="257.48" HC="1.57" NOx="6.78" PMx="0.37" fuel="6.79" electricity="0.00" noise="75.93" route="routebottom" type="cfm-fast" waiting="0.00" lane="bottom_0" pos="19.30" speed="25.61" angle="59.74" x="102.77" y="7.29"/>
        <vehicle id="cfm-slow_0" eclass="HBEFA3/PC_G_EU4" CO2="15257.78" CO="253.68" HC="1.54" NOx="6.49" PMx="0.36" fuel="6.56" electricity="0.00" noise="75.96" route="routebottom" type="cfm-slow" waiting="0.00" lane="bottom_0" pos="36.09" speed="27.29" angle="29.63" x="125.81" y="34.58"/>
        <vehicle id="cfm-slow_1" eclass="HBEFA3/PC_G_EU4" CO2="10678.81" CO="167.38" HC="1.03" NOx="4.29" PMx="0.25" fuel="4.59" electricity="0.00" noise="74.62" route="routebottom" type="cfm-slow" waiting="0.00" lane="right_0" pos="8.57" speed="28.69" angle="348.96" x="129.77" y="81.98"/>
        <vehicle id="cfm-slow_2" eclass="HBEFA3/PC_G_EU4" CO2="0.00" CO="0.00" HC="0.00" NOx="0.00" PMx="0.00" fuel="0.00" electricity="0.00" noise="73.11" route="routebottom" type="cfm-slow" waiting="0.00" lane="right_0" pos="32.42" speed="29.30" angle="306.20" x="99.68" y="122.05"/>
        <vehicle id="cfm-slow_3" eclass="HBEFA3/PC_G_EU4" CO2="0.00" CO="0.00" HC="0.00" NOx="0.00" PMx="0.00" fuel="0.00" electricity="0.00" noise="72.08" route="routetop" type="cfm-slow" waiting="0.00" lane="top_0" pos="6.80" speed="28.86" angle="262.19" x="49.05" y="130.69"/>
        <vehicle id="cfm-slow_4" eclass="HBEFA3/PC_G_EU4" CO2="0.00" CO="0.00" HC="0.00" NOx="0.00" PMx="0.00" fuel="0.00" electricity="0.00" noise="71.20" route="routetop" type="cfm-slow" waiting="0.00" lane="top_0" pos="30.64" speed="27.51" angle="219.33" x="7.37" y="102.88"/>
        <vehicle id="cfm-slow_5" eclass="HBEFA3/PC_G_EU4" CO2="0.00" CO="0.00" HC="0.00" NOx="0.00" PMx="0.00" fuel="0.00" electricity="0.00" noise="70.42" route="routetop" type="cfm-slow" waiting="0.00" lane="left_0" pos="3.05" speed="25.79" angle="179.03" x="-4.62" y="57.02"/>
    </timestep>
    <timestep time="7.29">
        <vehicle id="cfm-fast_0" eclass="HBEFA3/PC_G_EU4" CO2="0.00" CO="0.00" HC="0.00" NOx="0.00" PMx="0.00" fuel="0.00" electricity="0.00" noise="70.29" route="routetop" type="cfm-fast" waiting="0.00" lane="left_0" pos="23.96" speed="24.37" angle="141.34" x="13.60" y="16.76"/>
        <vehicle id="cfm-fast_1" eclass="HBEFA3/PC_G_EU4" CO2="336961.92" CO="8634.99" HC="47.88" NOx="157.35" PMx="9.52" fuel="144.84" electricity="0.00" noise="152.66" route="routetop" type="cfm-fast" waiting="0.00" lane="top_1" pos="45.58" speed="86.31" angle="192.50" x="-1.01" y="72.72"/>
        <vehicle id="cfm-fast_2" eclass="HBEFA3/PC_G_EU4" CO2="6978.16" CO="70.39" HC="0.49" NOx="2.66" PMx="0.14" fuel="3.00" electricity="0.00" noise="71.64" route="routetop" type="cfm-fast" waiting="0.00" lane="left_0" pos="39.28" speed="23.80" angle="113.81" x="40.95" y="-1.07"/>
        <vehicle id="cfm-fast_3" eclass="HBEFA3/PC_G_EU4" CO2="12330.61" CO="181.88" HC="1.13" NOx="5.17" PMx="0.28" fuel="5.30" electricity="0.00" noise="74.01" route="routebottom" type="cfm-fast" waiting="0.00" lane="bottom_0" pos="4.09" speed="24.33" angle="87.17" x="72.54" y="-4.37"/>
        <vehicle id="cfm-fast_4" eclass="HBEFA3/PC_G_EU4" CO2="418399.98" CO="11067.22" HC="61.05" NOx="195.67" PMx="11.96" fuel="179.85" electricity="0.00" noise="162.63" route="routebottom" type="cfm-fast" waiting="0.00" lane="bottom_1" pos="24.28" speed="98.96" angle="50.85" x="108.79" y="16.45"/>
        <vehicle id="cfm-fast_5" eclass="HBEFA3/PC_G_EU4" CO2="15800.57" CO="257.46" HC="1.57" NOx="6.78" PMx="0.37" fuel="6.79" electricity="0.00" noise="75.93" route="routebottom" type="cfm-fast" waiting="0.00" lane="bottom_0" pos="19.55" speed="25.62" angle="59.27" x="103.22" y="7.62"/>
        <vehicle id="cfm-slow_0" eclass="HBEFA3/PC_G_EU4" CO2="15215.97" CO="252.89" HC="1.53" NOx="6.47" PMx="0.36" fuel="6.54" electricity="0.00" noise="75.94" route="routebottom" type="cfm-slow" waiting="0.00" lane="bottom_0" pos="36.36" speed="27.31" angle="29.09" x="126.05" y="35.12"/>
        <vehicle id="cfm-slow_1" eclass="HBEFA3/PC_G_EU4" CO2="10605.79" CO="165.92" HC="1.02" NOx="4.26" PMx="0.25" fuel="4.56" electricity="0.00" noise="74.60" route="routebottom" type="cfm-slow" waiting="0.00" lane="right_0" pos="8.86" speed="28.69" angle="348.46" x="129.61" y="82.58"/>
        <vehicle id="cfm-slow_2" eclass="HBEFA3/PC_G_EU4" CO2="0.00" CO="0.00" HC="0.00" NOx="0.00" PMx="0.00" fuel="0.00" electricity="0.00" noise="73.10" route="routebottom" type="cfm-slow" waiting="0.00" lane="right_0" pos="32.71" speed="29.29" angle="305.65" x="99.14" y="122.38"/>
        <vehicle id="cfm-slow_3" eclass="HBEFA3/PC_G_EU4" CO2="0.00" CO="0.00" HC="0.00" NOx="0.00" PMx="0.00" fuel="0.00" electricity="0.00" noise="72.07" route="routetop" type="cfm-slow" waiting="0.00" lane="top_0" pos="7.09" speed="28.85" angle="261.65" x="48.45" y="130.55"/>
        <vehicle id="cfm-slow_4" eclass="HBEFA3/PC_G_EU4" CO2="0.00" CO="0.00" HC="0.00" NOx="0.00" PMx="0.00" fuel="0.00" electricity="0.00" noise="71.19" route="routetop" type="cfm-slow" waiting="0.00" lane="top_0" pos="30.92" speed="27.49" angle="218.89" x="7.04" y="102.39"/>
        <vehicle id="cfm-slow_5" eclass="HBEFA3/PC_G_EU4" CO2="0.00" CO="0.00" HC="0.00" NOx="0.00" PMx="0.00" fuel="0.00" electricity="0.00" noise="70.41" route="routetop" type="cfm-slow" waiting="0.00" lane="left_0" pos="3.31" speed="25.77" angle="178.57" x="-4.56" y="56.47"/>
    </timestep>
    <timestep time="7.30">
        <vehicle id="cfm-fast_0" eclass="HBEFA3/PC_G_EU4" CO2="0.00" CO="0.00" HC="0.00" NOx="0.00" PMx="0.00" fuel="0.00" electricity="0.00" noise="70.29" route="routetop" type="cfm-fast" waiting="0.00" lane="left_0" pos="24.21" speed="24.36" angle="140.90" x="13.96" y="16.37"/>
        <vehicle id="cfm-fast_1" eclass="HBEFA3/PC_G_EU4" CO2="337700.01" CO="8657.15" HC="48.00" NOx="157.69" PMx="9.55" fuel="145.16" electricity="0.00" noise="152.75" route="routetop" type="cfm-fast" waiting="0.00" lane="top_1" pos="46.45" speed="86.43" angle="190.96" x="-1.24" y="70.96"/>
        <vehicle id="cfm-fast_2" eclass="HBEFA3/PC_G_EU4" CO2="7028.43" CO="71.44" HC="0.50" NOx="2.68" PMx="0.14" fuel="3.02" electricity="0.00" noise="71.66" route="routetop" type="cfm-fast" waiting="0.00" lane="left_0" pos="39.52" speed="23.80" angle="113.38" x="41.43" y="-1.24"/>
        <vehicle id="cfm-fast_3" eclass="HBEFA3/PC_G_EU4" CO2="12361.60" CO="182.55" HC="1.14" NOx="5.18" PMx="0.28" fuel="5.31" electricity="0.00" noise="74.03" route="routebottom" type="cfm-fast" waiting="0.00" lane="bottom_0" pos="4.34" speed="24.34" angle="86.73" x="73.06" y="-4.29"/>
        <vehicle id="cfm-fast_4" eclass="HBEFA3/PC_G_EU4" CO2="419079.00" CO="11090.08" HC="61.17" NOx="195.99" PMx="11.98" fuel="180.14" electricity="0.00" noise="162.69" route="routebottom" type="cfm-fast" waiting="0.00" lane="bottom_1" pos="25.28" speed="99.09" angle="49.01" x="110.23" y="17.89"/>
        <vehicle id="cfm-fast_5" eclass="HBEFA3/PC_G_EU4" CO2="15796.22" CO="257.44" HC="1.57" NOx="6.78" PMx="0.37" fuel="6.79" electricity="0.00" noise="75.93" route="routebottom" type="cfm-fast" waiting="0.00" lane="bottom_0" pos="19.81" speed="25.64" angle="58.79" x="103.67" y="7.94"/>
        <vehicle id="cfm-slow_0" eclass="HBEFA3/PC_G_EU4" CO2="15173.85" CO="252.10" HC="1.53" NOx="6.44" PMx="0.36" fuel="6.52" electricity="0.00" noise="75.93" route="routebottom" type="cfm-slow" waiting="0.00" lane="bottom_0" pos="36.63" speed="27.32" angle="28.56" x="126.29" y="35.66"/>
        <vehicle id="cfm-slow_1" eclass="HBEFA3/PC_G_EU4" CO2="10532.72" CO="164.46" HC="1.01" NOx="4.22" PMx="0.24" fuel="4.53" electricity="0.00" noise="74.58" route="routebottom" type="cfm-slow" waiting="0.00" lane="right_0" pos="9.15" speed="28.70" angle="347.98" x="129.44" y="83.17"/>
        <vehicle id="cfm-slow_2" eclass="HBEFA3/PC_G_EU4" CO2="0.00" CO="0.00" HC="0.00" NOx="0.00" PMx="0.00" fuel="0.00" electricity="0.00" noise="73.09" route="routebottom" type="cfm-slow" waiting="0.00" lane="right_0" pos="33.01" speed="29.29" angle="305.09" x="98.60" y="122.70"/>
        <vehicle id="cfm-slow_3" eclass="HBEFA3/PC_G_EU4" CO2="0.00" CO="0.00" HC="0.00" NOx="0.00" PMx="0.00" fuel="0.00" electricity="0.00" noise="72.07" route="routetop" type="cfm-slow" waiting="0.00" lane="top_0" pos="7.38" speed="28.83" angle="261.10" x="47.84" y="130.42"/>
        <vehicle id="cfm-slow_4" eclass="HBEFA3/PC_G_EU4" CO2="0.00" CO="0.00" HC="0.00" NOx="0.00" PMx="0.00" fuel="0.00" electricity="0.00" noise="71.19" route="routetop" type="cfm-slow" waiting="0.00" lane="top_0" pos="31.19" speed="27.48" angle="218.39" x="6.71" y="101.90"/>
        <vehicle id="cfm-slow_5" eclass="HBEFA3/PC_G_EU4" CO2="0.00" CO="0.00" HC="0.00" NOx="0.00" PMx="0.00" fuel="0.00" electricity="0.00" noise="70.41" route="routetop" type="cfm-slow" waiting="0.00" lane="left_0" pos="3.56" speed="25.76" angle="178.11" x="-4.50" y="55.92"/>
    </timestep>
    <timestep time="7.31">
        <vehicle id="cfm-fast_0" eclass="HBEFA3/PC_G_EU4" CO2="0.00" CO="0.00" HC="0.00" NOx="0.00" PMx="0.00" fuel="0.00" electricity="0.00" noise="70.30" route="routetop" type="cfm-fast" waiting="0.00" lane="left_0" pos="24.45" speed="24.36" angle="140.52" x="14.32" y="15.99"/>
        <vehicle id="cfm-fast_1" eclass="HBEFA3/PC_G_EU4" CO2="338438.05" CO="8679.32" HC="48.12" NOx="158.04" PMx="9.57" fuel="145.48" electricity="0.00" noise="152.84" route="routetop" type="cfm-fast" waiting="0.00" lane="top_1" pos="47.31" speed="86.56" angle="189.34" x="-1.41" y="69.19"/>
        <vehicle id="cfm-fast_2" eclass="HBEFA3/PC_G_EU4" CO2="7078.54" CO="72.48" HC="0.50" NOx="2.70" PMx="0.14" fuel="3.04" electricity="0.00" noise="71.68" route="routetop" type="cfm-fast" waiting="0.00" lane="left_0" pos="39.76" speed="23.81" angle="113.00" x="41.91" y="-1.41"/>
        <vehicle id="cfm-fast_3" eclass="HBEFA3/PC_G_EU4" CO2="12392.29" CO="183.22" HC="1.14" NOx="5.20" PMx="0.28" fuel="5.33" electricity="0.00" noise="74.04" route="routebottom" type="cfm-fast" waiting="0.00" lane="bottom_0" pos="4.58" speed="24.35" angle="86.28" x="73.58" y="-4.22"/>
        <vehicle id="cfm-fast_4" eclass="HBEFA3/PC_G_EU4" CO2="419758.31" CO="11112.95" HC="61.29" NOx="196.31" PMx="12.00" fuel="180.43" electricity="0.00" noise="162.76" route="routebottom" type="cfm-fast" waiting="0.00" lane="bottom_1" pos="26.27" speed="99.23" angle="47.24" x="111.63" y="19.36"/>
        <vehicle id="cfm-fast_5" eclass="HBEFA3/PC_G_EU4" CO2="15791.53" CO="257.40" HC="1.57" NOx="6.77" PMx="0.37" fuel="6.79" electricity="0.00" noise="75.93" route="routebottom" type="cfm-fast" waiting="0.00" lane="bottom_0" pos="20.07" speed="25.66" angle="58.32" x="104.11" y="8.26"/>
        <vehicle id="cfm-slow_0" eclass="HBEFA3/PC_G_EU4" CO2="15131.42" CO="251.30" HC="1.52" NOx="6.42" PMx="0.36" fuel="6.50" electricity="0.00" noise="75.91" route="routebottom" type="cfm-slow" waiting="0.00" lane="bottom_0" pos="36.91" speed="27.34" angle="28.03" x="126.53" y="36.20"/>
        <vehicle id="cfm-slow_1" eclass="HBEFA3/PC_G_EU4" CO2="10459.62" CO="162.99" HC="1.01" NOx="4.19" PMx="0.24" fuel="4.50" electricity="0.00" noise="74.56" route="routebottom" type="cfm-slow" waiting="0.00" lane="right_0" pos="9.43" speed="28.71" angle="347.46" x="129.26" y="83.76"/>
        <vehicle id="cfm-slow_2" eclass="HBEFA3/PC_G_EU4" CO2="0.00" CO="0.00" HC="0.00" NOx="0.00" PMx="0.00" fuel="0.00" electricity="0.00" noise="73.07" route="routebottom" type="cfm-slow" waiting="0.00" lane="right_0" pos="33.30" speed="29.29" angle="304.58" x="98.06" y="123.02"/>
        <vehicle id="cfm-slow_3" eclass="HBEFA3/PC_G_EU4" CO2="0.00" CO="0.00" HC="0.00" NOx="0.00" PMx="0.00" fuel="0.00" electricity="0.00" noise="72.06" route="routetop" type="cfm-slow" waiting="0.00" lane="top_0" pos="7.67" speed="28.82" angle="260.63" x="47.24" y="130.28"/>
        <vehicle id="cfm-slow_4" eclass="HBEFA3/PC_G_EU4" CO2="0.00" CO="0.00" HC="0.00" NOx="0.00" PMx="0.00" fuel="0.00" electricity="0.00" noise="71.18" route="routetop" type="cfm-slow" waiting="0.00" lane="top_0" pos="31.47" speed="27.46" angle="217.90" x="6.38" y="101.41"/>
        <vehicle id="cfm-slow_5" eclass="HBEFA3/PC_G_EU4" CO2="0.00" CO="0.00" HC="0.00" NOx="0.00" PMx="0.00" fuel="0.00" electricity="0.00" noise="70.41" route="routetop" type="cfm-slow" waiting="0.00" lane="left_0" pos="3.82" speed="25.75" angle="177.66" x="-4.45" y="55.37"/>
    </timestep>
    <timestep time="7.32">
        <vehicle id="cfm-fast_0" eclass="HBEFA3/PC_G_EU4" CO2="0.00" CO="0.00" HC="0.00" NOx="0.00" PMx="0.00" fuel="0.00" electricity="0.00" noise="70.31" route="routetop" type="cfm-fast" waiting="0.00" lane="left_0" pos="24.69" speed="24.35" angle="140.07" x="14.69" y="15.62"/>
        <vehicle id="cfm-fast_1" eclass="HBEFA3/PC_G_EU4" CO2="339176.06" CO="8701.50" HC="48.24" NOx="158.39" PMx="9.59" fuel="145.80" electricity="0.00" noise="152.93" route="routetop" type="cfm-fast" waiting="0.00" lane="top_1" pos="48.18" speed="86.69" angle="187.81" x="-1.53" y="67.42"/>
        <vehicle id="cfm-fast_2" eclass="HBEFA3/PC_G_EU4" CO2="7128.47" CO="73.52" HC="0.51" NOx="2.73" PMx="0.14" fuel="3.06" electricity="0.00" noise="71.70" route="routetop" type="cfm-fast" waiting="0.00" lane="left_0" pos="40.00" speed="23.81" angle="112.56" x="42.40" y="-1.57"/>
        <vehicle id="cfm-fast_3" eclass="HBEFA3/PC_G_EU4" CO2="12422.70" CO="183.88" HC="1.15" NOx="5.21" PMx="0.28" fuel="5.34" electricity="0.00" noise="74.06" route="routebottom" type="cfm-fast" waiting="0.00" lane="bottom_0" pos="4.82" speed="24.37" angle="85.84" x="74.10" y="-4.15"/>
        <vehicle id="cfm-fast_4" eclass="HBEFA3/PC_G_EU4" CO2="420437.91" CO="11135.85" HC="61.41" NOx="196.63" PMx="12.02" fuel="180.73" electricity="0.00" noise="162.83" route="routebottom" type="cfm-fast" waiting="0.00" lane="bottom_1" pos="27.26" speed="99.37" angle="45.46" x="113.00" y="20.88"/>
        <vehicle id="cfm-fast_5" eclass="HBEFA3/PC_G_EU4" CO2="15786.51" CO="257.36" HC="1.57" NOx="6.77" PMx="0.37" fuel="6.79" electricity="0.00" noise="75.93" route="routebottom" type="cfm-fast" waiting="0.00" lane="bottom_0" pos="20.32" speed="25.68" angle="57.84" x="104.56" y="8.58"/>
        <vehicle id="cfm-slow_0" eclass="HBEFA3/PC_G_EU4" CO2="15088.69" CO="250.49" HC="1.52" NOx="6.40" PMx="0.36" fuel="6.49" electricity="0.00" noise="75.90" route="routebottom" type="cfm-slow" waiting="0.00" lane="bottom_0" pos="37.18" speed="27.35" angle="27.57" x="126.77" y="36.73"/>
        <vehicle id="cfm-slow_1" eclass="HBEFA3/PC_G_EU4" CO2="10386.48" CO="161.53" HC="1.00" NOx="4.16" PMx="0.24" fuel="4.46" electricity="0.00" noise="74.54" route="routebottom" type="cfm-slow" waiting="0.00" lane="right_0" pos="9.72" speed="28.71" angle="346.95" x="129.07" y="84.35"/>
        <vehicle id="cfm-slow_2" eclass="HBEFA3/PC_G_EU4" CO2="0.00" CO="0.00" HC="0.00" NOx="0.00" PMx="0.00" fuel="0.00" electricity="0.00" noise="73.06" route="routebottom" type="cfm-slow" waiting="0.00" lane="right_0" pos="33.59" speed="29.28" angle="304.06" x="97.51" y="123.33"/>
        <vehicle id="cfm-slow_3" eclass="HBEFA3/PC_G_EU4" CO2="0.00" CO="0.00" HC="0.00" NOx="0.00" PMx="0.00" fuel="0.00" electricity="0.00" noise="72.05" route="routetop" type="cfm-slow" waiting="0.00" lane="top_0" pos="7.95" speed="28.81" angle="260.10" x="46.64" y="130.12"/>
        <vehicle id="cfm-slow_4" eclass="HBEFA3/PC_G_EU4" CO2="0.00" CO="0.00" HC="0.00" NOx="0.00" PMx="0.00" fuel="0.00" electricity="0.00" noise="71.17" route="routetop" type="cfm-slow" waiting="0.00" lane="top_0" pos="31.74" speed="27.44" angle="217.40" x="6.05" y="100.92"/>
        <vehicle id="cfm-slow_5" eclass="HBEFA3/PC_G_EU4" CO2="0.00" CO="0.00" HC="0.00" NOx="0.00" PMx="0.00" fuel="0.00" electricity="0.00" noise="70.40" route="routetop" type="cfm-slow" waiting="0.00" lane="left_0" pos="4.08" speed="25.73" angle="177.20" x="-4.37" y="54.82"/>
    </timestep>
    <timestep time="7.33">
        <vehicle id="cfm-fast_0" eclass="HBEFA3/PC_G_EU4" CO2="0.00" CO="0.00" HC="0.00" NOx="0.00" PMx="0.00" fuel="0.00" electricity="0.00" noise="70.31" route="routetop" type="cfm-fast" waiting="0.00" lane="left_0" pos="24.94" speed="24.34" angle="139.62" x="15.06" y="15.25"/>
        <vehicle id="cfm-fast_1" eclass="HBEFA3/PC_G_EU4" CO2="339914.03" CO="8723.71" HC="48.36" NOx="158.73" PMx="9.61" fuel="146.11" electricity="0.00" noise="153.03" route="routetop" type="cfm-fast" waiting="0.00" lane="top_1" pos="49.05" speed="86.82" angle="186.25" x="-1.61" y="65.64"/>
        <vehicle id="cfm-fast_2" eclass="HBEFA3/PC_G_EU4" CO2="7178.24" CO="74.56" HC="0.52" NOx="2.75" PMx="0.14" fuel="3.09" electricity="0.00" noise="71.72" route="routetop" type="cfm-fast" waiting="0.00" lane="left_0" pos="40.23" speed="23.82" angle="112.11" x="42.89" y="-1.72"/>
        <vehicle id="cfm-fast_3" eclass="HBEFA3/PC_G_EU4" CO2="12452.82" CO="184.53" HC="1.15" NOx="5.23" PMx="0.28" fuel="5.35" electricity="0.00" noise="74.08" route="routebottom" type="cfm-fast" waiting="0.00" lane="bottom_0" pos="5.07" speed="24.38" angle="85.35" x="74.62" y="-4.08"/>
        <vehicle id="cfm-fast_4" eclass="HBEFA3/PC_G_EU4" CO2="421117.81" CO="11158.77" HC="61.54" NOx="196.95" PMx="12.05" fuel="181.02" electricity="0.00" noise="162.89" route="routebottom" type="cfm-fast" waiting="0.00" lane="bottom_1" pos="28.26" speed="99.50" angle="43.63" x="114.31" y="22.44"/>
        <vehicle id="cfm-fast_5" eclass="HBEFA3/PC_G_EU4" CO2="15781.15" CO="257.32" HC="1.56" NOx="6.77" PMx="0.37" fuel="6.78" electricity="0.00" noise="75.93" route="routebottom" type="cfm-fast" waiting="0.00" lane="bottom_0" pos="20.58" speed="25.69" angle="57.44" x="105.01" y="8.91"/>
        <vehicle id="cfm-slow_0" eclass="HBEFA3/PC_G_EU4" CO2="15045.67" CO="249.68" HC="1.51" NOx="6.38" PMx="0.36" fuel="6.47" electricity="0.00" noise="75.88" route="routebottom" type="cfm-slow" waiting="0.00" lane="bottom_0" pos="37.45" speed="27.36" angle="27.09" x="126.99" y="37.28"/>
        <vehicle id="cfm-slow_1" eclass="HBEFA3/PC_G_EU4" CO2="10313.32" CO="160.07" HC="0.99" NOx="4.12" PMx="0.24" fuel="4.43" electricity="0.00" noise="74.52" route="routebottom" type="cfm-slow" waiting="0.00" lane="right_0" pos="10.01" speed="28.72" angle="346.43" x="128.89" y="84.94"/>
        <vehicle id="cfm-slow_2" eclass="HBEFA3/PC_G_EU4" CO2="0.00" CO="0.00" HC="0.00" NOx="0.00" PMx="0.00" fuel="0.00" electricity="0.00" noise="73.05" route="routebottom" type="cfm-slow" waiting="0.00" lane="right_0" pos="33.88" speed="29.28" angle="303.53" x="96.96" y="123.64"/>
        <vehicle id="cfm-slow_3" eclass="HBEFA3/PC_G_EU4" CO2="0.00" CO="0.00" HC="0.00" NOx="0.00" PMx="0.00" fuel="0.00" electricity="0.00" noise="72.04" route="routetop" type="cfm-slow" waiting="0.00" lane="top_0" pos="8.24" speed="28.80" angle="259.58" x="46.04" y="129.96"/>
        <vehicle id="cfm-slow_4" eclass="HBEFA3/PC_G_EU4" CO2="0.00" CO="0.00" HC="0.00" NOx="0.00" PMx="0.00" fuel="0.00" electricity="0.00" noise="71.16" route="routetop" type="cfm-slow" waiting="0.00" lane="top_0" pos="32.01" speed="27.43" angle="216.94" x="5.73" y="100.43"/>
        <vehicle id="cfm-slow_5" eclass="HBEFA3/PC_G_EU4" CO2="0.00" CO="0.00" HC="0.00" NOx="0.00" PMx="0.00" fuel="0.00" electricity="0.00" noise="70.40" route="routetop" type="cfm-slow" waiting="0.00" lane="left_0" pos="4.34" speed="25.72" angle="176.73" x="-4.29" y="54.27"/>
    </timestep>
    <timestep time="7.34">
        <vehicle id="cfm-fast_0" eclass="HBEFA3/PC_G_EU4" CO2="0.00" CO="0.00" HC="0.00" NOx="0.00" PMx="0.00" fuel="0.00" electricity="0.00" noise="70.32" route="routetop" type="cfm-fast" waiting="0.00" lane="left_0" pos="25.18" speed="24.34" angle="139.18" x="15.43" y="14.88"/>
        <vehicle id="cfm-fast_1" eclass="HBEFA3/PC_G_EU4" CO2="340651.96" CO="8745.93" HC="48.48" NOx="159.08" PMx="9.63" fuel="146.43" electricity="0.00" noise="153.12" route="routetop" type="cfm-fast" waiting="0.00" lane="top_1" pos="49.92" speed="86.95" angle="184.63" x="-1.65" y="63.86"/>
        <vehicle id="cfm-fast_2" eclass="HBEFA3/PC_G_EU4" CO2="7227.83" CO="75.59" HC="0.52" NOx="2.77" PMx="0.14" fuel="3.11" electricity="0.00" noise="71.73" route="routetop" type="cfm-fast" waiting="0.00" lane="left_0" pos="40.47" speed="23.82" angle="111.66" x="43.38" y="-1.87"/>
        <vehicle id="cfm-fast_3" eclass="HBEFA3/PC_G_EU4" CO2="12482.65" CO="185.18" HC="1.15" NOx="5.24" PMx="0.28" fuel="5.37" electricity="0.00" noise="74.10" route="routebottom" type="cfm-fast" waiting="0.00" lane="bottom_0" pos="5.31" speed="24.39" angle="84.92" x="75.13" y="-3.98"/>
        <vehicle id="cfm-fast_4" eclass="HBEFA3/PC_G_EU4" CO2="421798.00" CO="11181.71" HC="61.66" NOx="197.27" PMx="12.07" fuel="181.31" electricity="0.00" noise="162.96" route="routebottom" type="cfm-fast" waiting="0.00" lane="bottom_1" pos="29.25" speed="99.64" angle="41.78" x="115.57" y="24.05"/>
        <vehicle id="cfm-fast_5" eclass="HBEFA3/PC_G_EU4" CO2="15775.46" CO="257.26" HC="1.56" NOx="6.76" PMx="0.37" fuel="6.78" electricity="0.00" noise="75.93" route="routebottom" type="cfm-fast" waiting="0.00" lane="bottom_0" pos="20.84" speed="25.71" angle="56.97" x="105.44" y="9.25"/>
        <vehicle id="cfm-slow_0" eclass="HBEFA3/PC_G_EU4" CO2="15002.34" CO="248.86" HC="1.51" NOx="6.36" PMx="0.36" fuel="6.45" electricity="0.00" noise="75.86" route="routebottom" type="cfm-slow" waiting="0.00" lane="bottom_0" pos="37.73" speed="27.38" angle="26.59" x="127.21" y="37.83"/>
        <vehicle id="cfm-slow_1" eclass="HBEFA3/PC_G_EU4" CO2="10240.13" CO="158.60" HC="0.98" NOx="4.09" PMx="0.24" fuel="4.40" electricity="0.00" noise="74.50" route="routebottom" type="cfm-slow" waiting="0.00" lane="right_0" pos="10.30" speed="28.73" angle="345.97" x="128.70" y="85.53"/>
        <vehicle id="cfm-slow_2" eclass="HBEFA3/PC_G_EU4" CO2="0.00" CO="0.00" HC="0.00" NOx="0.00" PMx="0.00" fuel="0.00" electricity="0.00" noise="73.04" route="routebottom" type="cfm-slow" waiting="0.00" lane="right_0" pos="34.18" speed="29.28" angle="303.00" x="96.40" y="123.94"/>
        <vehicle id="cfm-slow_3" eclass="HBEFA3/PC_G_EU4" CO2="0.00" CO="0.00" HC="0.00" NOx="0.00" PMx="0.00" fuel="0.00" electricity="0.00" noise="72.03" route="routetop" type="cfm-slow" waiting="0.00" lane="top_0" pos="8.53" speed="28.78" angle="259.05" x="45.44" y="129.80"/>
        <vehicle id="cfm-slow_4" eclass="HBEFA3/PC_G_EU4" CO2="0.00" CO="0.00" HC="0.00" NOx="0.00" PMx="0.00" fuel="0.00" electricity="0.00" noise="71.16" route="routetop" type="cfm-slow" waiting="0.00" lane="top_0" pos="32.29" speed="27.41" angle="216.45" x="5.42" y="99.92"/>
        <vehicle id="cfm-slow_5" eclass="HBEFA3/PC_G_EU4" CO2="0.00" CO="0.00" HC="0.00" NOx="0.00" PMx="0.00" fuel="0.00" electricity="0.00" noise="70.40" route="routetop" type="cfm-slow" waiting="0.00" lane="left_0" pos="4.59" speed="25.70" angle="176.27" x="-4.22" y="53.72"/>
    </timestep>
    <timestep time="7.35">
        <vehicle id="cfm-fast_0" eclass="HBEFA3/PC_G_EU4" CO2="0.00" CO="0.00" HC="0.00" NOx="0.00" PMx="0.00" fuel="0.00" electricity="0.00" noise="70.33" route="routetop" type="cfm-fast" waiting="0.00" lane="left_0" pos="25.42" speed="24.33" angle="138.73" x="15.80" y="14.51"/>
        <vehicle id="cfm-fast_1" eclass="HBEFA3/PC_G_EU4" CO2="341389.84" CO="8768.17" HC="48.60" NOx="159.43" PMx="9.66" fuel="146.75" electricity="0.00" noise="153.21" route="routetop" type="cfm-fast" waiting="0.00" lane="left_1" pos="0.79" speed="87.07" angle="183.05" x="-1.62" y="62.01"/>
        <vehicle id="cfm-fast_2" eclass="HBEFA3/PC_G_EU4" CO2="7277.25" CO="76.62" HC="0.53" NOx="2.80" PMx="0.15" fuel="3.13" electricity="0.00" noise="71.75" route="routetop" type="cfm-fast" waiting="0.00" lane="left_0" pos="40.71" speed="23.83" angle="111.22" x="43.87" y="-2.02"/>
        <vehicle id="cfm-fast_3" eclass="HBEFA3/PC_G_EU4" CO2="12512.19" CO="185.83" HC="1.16" NOx="5.25" PMx="0.28" fuel="5.38" electricity="0.00" noise="74.11" route="routebottom" type="cfm-fast" waiting="0.00" lane="bottom_0" pos="5.55" speed="24.41" angle="84.47" x="75.65" y="-3.89"/>
        <vehicle id="cfm-fast_4" eclass="HBEFA3/PC_G_EU4" CO2="422478.48" CO="11204.67" HC="61.78" NOx="197.59" PMx="12.09" fuel="181.60" electricity="0.00" noise="163.02" route="routebottom" type="cfm-fast" waiting="0.00" lane="bottom_1" pos="30.25" speed="99.77" angle="40.04" x="116.78" y="25.69"/>
        <vehicle id="cfm-fast_5" eclass="HBEFA3/PC_G_EU4" CO2="15769.43" CO="257.20" HC="1.56" NOx="6.76" PMx="0.37" fuel="6.78" electricity="0.00" noise="75.93" route="routebottom" type="cfm-fast" waiting="0.00" lane="bottom_0" pos="21.09" speed="25.73" angle="56.50" x="105.88" y="9.59"/>
        <vehicle id="cfm-slow_0" eclass="HBEFA3/PC_G_EU4" CO2="14958.72" CO="248.04" HC="1.50" NOx="6.34" PMx="0.36" fuel="6.43" electricity="0.00" noise="75.85" route="routebottom" type="cfm-slow" waiting="0.00" lane="bottom_0" pos="38.00" speed="27.39" angle="26.10" x="127.43" y="38.37"/>
        <vehicle id="cfm-slow_1" eclass="HBEFA3/PC_G_EU4" CO2="10166.92" CO="157.13" HC="0.97" NOx="4.05" PMx="0.24" fuel="4.37" electricity="0.00" noise="74.48" route="routebottom" type="cfm-slow" waiting="0.00" lane="right_0" pos="10.58" speed="28.73" angle="345.42" x="128.49" y="86.11"/>
        <vehicle id="cfm-slow_2" eclass="HBEFA3/PC_G_EU4" CO2="0.00" CO="0.00" HC="0.00" NOx="0.00" PMx="0.00" fuel="0.00" electricity="0.00" noise="73.02" route="routebottom" type="cfm-slow" waiting="0.00" lane="right_0" pos="34.47" speed="29.27" angle="302.47" x="95.85" y="124.25"/>
        <vehicle id="cfm-slow_3" eclass="HBEFA3/PC_G_EU4" CO2="0.00" CO="0.00" HC="0.00" NOx="0.00" PMx="0.00" fuel="0.00" electricity="0.00" noise="72.02" route="routetop" type="cfm-slow" waiting="0.00" lane="top_0" pos="8.82" speed="28.77" angle="258.53" x="44.84" y="129.64"/>
        <vehicle id="cfm-slow_4" eclass="HBEFA3/PC_G_EU4" CO2="0.00" CO="0.00" HC="0.00" NOx="0.00" PMx="0.00" fuel="0.00" electricity="0.00" noise="71.15" route="routetop" type="cfm-slow" waiting="0.00" lane="top_0" pos="32.56" speed="27.39" angle="215.93" x="5.12" y="99.42"/>
        <vehicle id="cfm-slow_5" eclass="HBEFA3/PC_G_EU4" CO2="0.00" CO="0.00" HC="0.00" NOx="0.00" PMx="0.00" fuel="0.00" electricity="0.00" noise="70.39" route="routetop" type="cfm-slow" waiting="0.00" lane="left_0" pos="4.85" speed="25.69" angle="175.80" x="-4.14" y="53.18"/>
    </timestep>
    <timestep time="7.36">
        <vehicle id="cfm-fast_0" eclass="HBEFA3/PC_G_EU4" CO2="0.00" CO="0.00" HC="0.00" NOx="0.00" PMx="0.00" fuel="0.00" electricity="0.00" noise="70.34" route="routetop" type="cfm-fast" waiting="0.00" lane="left_0" pos="25.67" speed="24.33" angle="138.35" x="16.17" y="14.14"/>
        <vehicle id="cfm-fast_1" eclass="HBEFA3/PC_G_EU4" CO2="342127.69" CO="8790.42" HC="48.72" NOx="159.77" PMx="9.68" fuel="147.06" electricity="0.00" noise="153.30" route="routetop" type="cfm-fast" waiting="0.00" lane="left_1" pos="1.66" speed="87.20" angle="181.51" x="-1.55" y="60.23"/>
        <vehicle id="cfm-fast_2" eclass="HBEFA3/PC_G_EU4" CO2="7326.50" CO="77.64" HC="0.53" NOx="2.82" PMx="0.15" fuel="3.15" electricity="0.00" noise="71.77" route="routetop" type="cfm-fast" waiting="0.00" lane="left_0" pos="40.95" speed="23.83" angle="110.78" x="44.36" y="-2.17"/>
        <vehicle id="cfm-fast_3" eclass="HBEFA3/PC_G_EU4" CO2="12541.43" CO="186.46" HC="1.16" NOx="5.27" PMx="0.28" fuel="5.39" electricity="0.00" noise="74.13" route="routebottom" type="cfm-fast" waiting="0.00" lane="bottom_0" pos="5.80" speed="24.42" angle="84.03" x="76.16" y="-3.79"/>
        <vehicle id="cfm-fast_4" eclass="HBEFA3/PC_G_EU4" CO2="423159.25" CO="11227.65" HC="61.90" NOx="197.91" PMx="12.11" fuel="181.90" electricity="0.00" noise="163.09" route="routebottom" type="cfm-fast" waiting="0.00" lane="bottom_1" pos="31.25" speed="99.91" angle="38.28" x="117.95" y="27.37"/>
        <vehicle id="cfm-fast_5" eclass="HBEFA3/PC_G_EU4" CO2="15763.06" CO="257.14" HC="1.56" NOx="6.76" PMx="0.37" fuel="6.78" electricity="0.00" noise="75.93" route="routebottom" type="cfm-fast" waiting="0.00" lane="bottom_0" pos="21.35" speed="25.74" angle="56.04" x="106.32" y="9.93"/>
        <vehicle id="cfm-slow_0" eclass="HBEFA3/PC_G_EU4" CO2="14914.81" CO="247.21" HC="1.50" NOx="6.32" PMx="0.35" fuel="6.41" electricity="0.00" noise="75.83" route="routebottom" type="cfm-slow" waiting="0.00" lane="bottom_0" pos="38.28" speed="27.41" angle="25.60" x="127.65" y="38.92"/>
        <vehicle id="cfm-slow_1" eclass="HBEFA3/PC_G_EU4" CO2="10093.68" CO="155.67" HC="0.96" NOx="4.02" PMx="0.23" fuel="4.34" electricity="0.00" noise="74.46" route="routebottom" type="cfm-slow" waiting="0.00" lane="right_0" pos="10.87" speed="28.74" angle="344.88" x="128.28" y="86.69"/>
        <vehicle id="cfm-slow_2" eclass="HBEFA3/PC_G_EU4" CO2="0.00" CO="0.00" HC="0.00" NOx="0.00" PMx="0.00" fuel="0.00" electricity="0.00" noise="73.01" route="routebottom" type="cfm-slow" waiting="0.00" lane="right_0" pos="34.76" speed="29.27" angle="302.00" x="95.30" y="124.54"/>
        <vehicle id="cfm-slow_3" eclass="HBEFA3/PC_G_EU4" CO2="0.00" CO="0.00" HC="0.00" NOx="0.00" PMx="0.00" fuel="0.00" electricity="0.00" noise="72.01" route="routetop" type="cfm-slow" waiting="0.00" lane="top_0" pos="9.10" speed="28.76" angle="258.06" x="44.25" y="129.47"/>
        <vehicle id="cfm-slow_4" eclass="HBEFA3/PC_G_EU4" CO2="0.00" CO="0.00" HC="0.00" NOx="0.00" PMx="0.00" fuel="0.00" electricity="0.00" noise="71.14" route="routetop" type="cfm-slow" waiting="0.00" lane="top_0" pos="32.84" speed="27.38" angle="215.41" x="4.81" y="98.91"/>
        <vehicle id="cfm-slow_5" eclass="HBEFA3/PC_G_EU4" CO2="0.00" CO="0.00" HC="0.00" NOx="0.00" PMx="0.00" fuel="0.00" electricity="0.00" noise="70.39" route="routetop" type="cfm-slow" waiting="0.00" lane="left_0" pos="5.11" speed="25.68" angle="175.30" x="-4.06" y="52.63"/>
    </timestep>
    <timestep time="7.37">
        <vehicle id="cfm-fast_0" eclass="HBEFA3/PC_G_EU4" CO2="0.00" CO="0.00" HC="0.00" NOx="0.00" PMx="0.00" fuel="0.00" electricity="0.00" noise="70.35" route="routetop" type="cfm-fast" waiting="0.00" lane="left_0" pos="25.91" speed="24.32" angle="137.89" x="16.56" y="13.79"/>
        <vehicle id="cfm-fast_1" eclass="HBEFA3/PC_G_EU4" CO2="342865.49" CO="8812.69" HC="48.84" NOx="160.12" PMx="9.70" fuel="147.38" electricity="0.00" noise="153.39" route="routetop" type="cfm-fast" waiting="0.00" lane="left_1" pos="2.53" speed="87.33" angle="179.95" x="-1.44" y="58.44"/>
        <vehicle id="cfm-fast_2" eclass="HBEFA3/PC_G_EU4" CO2="7375.57" CO="78.67" HC="0.54" NOx="2.84" PMx="0.15" fuel="3.17" electricity="0.00" noise="71.79" route="routetop" type="cfm-fast" waiting="0.00" lane="left_0" pos="41.19" speed="23.84" angle="110.39" x="44.85" y="-2.31"/>
        <vehicle id="cfm-fast_3" eclass="HBEFA3/PC_G_EU4" CO2="12570.38" CO="187.10" HC="1.16" NOx="5.28" PMx="0.29" fuel="5.40" electricity="0.00" noise="74.15" route="routebottom" type="cfm-fast" waiting="0.00" lane="bottom_0" pos="6.04" speed="24.43" angle="83.58" x="76.68" y="-3.70"/>
        <vehicle id="cfm-fast_4" eclass="HBEFA3/PC_G_EU4" CO2="423840.31" CO="11250.66" HC="62.02" NOx="198.23" PMx="12.13" fuel="182.19" electricity="0.00" noise="163.16" route="routebottom" type="cfm-fast" waiting="0.00" lane="bottom_1" pos="32.25" speed="100.05" angle="36.51" x="119.07" y="29.09"/>
        <vehicle id="cfm-fast_5" eclass="HBEFA3/PC_G_EU4" CO2="15756.36" CO="257.06" HC="1.56" NOx="6.75" PMx="0.37" fuel="6.77" electricity="0.00" noise="75.93" route="routebottom" type="cfm-fast" waiting="0.00" lane="bottom_0" pos="21.61" speed="25.76" angle="55.57" x="106.75" y="10.28"/>
        <vehicle id="cfm-slow_0" eclass="HBEFA3/PC_G_EU4" CO2="14870.61" CO="246.37" HC="1.49" NOx="6.30" PMx="0.35" fuel="6.39" electricity="0.00" noise="75.82" route="routebottom" type="cfm-slow" waiting="0.00" lane="bottom_0" pos="38.55" speed="27.42" angle="25.16" x="127.86" y="39.47"/>
        <vehicle id="cfm-slow_1" eclass="HBEFA3/PC_G_EU4" CO2="10020.44" CO="154.20" HC="0.96" NOx="3.98" PMx="0.23" fuel="4.31" electricity="0.00" noise="74.45" route="routebottom" type="cfm-slow" waiting="0.00" lane="right_0" pos="11.16" speed="28.75" angle="344.33" x="128.07" y="87.27"/>
        <vehicle id="cfm-slow_2" eclass="HBEFA3/PC_G_EU4" CO2="0.00" CO="0.00" HC="0.00" NOx="0.00" PMx="0.00" fuel="0.00" electricity="0.00" noise="73.00" route="routebottom" type="cfm-slow" waiting="0.00" lane="right_0" pos="35.06" speed="29.27" angle="301.47" x="94.73" y="124.82"/>
        <vehicle id="cfm-slow_3" eclass="HBEFA3/PC_G_EU4" CO2="0.00" CO="0.00" HC="0.00" NOx="0.00" PMx="0.00" fuel="0.00" electricity="0.00" noise="72.00" route="routetop" type="cfm-slow" waiting="0.00" lane="top_0" pos="9.39" speed="28.74" angle="257.54" x="43.66" y="129.28"/>
        <vehicle id="cfm-slow_4" eclass="HBEFA3/PC_G_EU4" CO2="0.00" CO="0.00" HC="0.00" NOx="0.00" PMx="0.00" fuel="0.00" electricity="0.00" noise="71.13" route="routetop" type="cfm-slow" waiting="0.00" lane="top_0" pos="33.11" speed="27.36" angle="214.90" x="4.51" y="98.41"/>
        <vehicle id="cfm-slow_5" eclass="HBEFA3/PC_G_EU4" CO2="0.00" CO="0.00" HC="0.00" NOx="0.00" PMx="0.00" fuel="0.00" electricity="0.00" noise="70.39" route="routetop" type="cfm-slow" waiting="0.00" lane="left_0" pos="5.36" speed="25.66" angle="174.83" x="-3.96" y="52.09"/>
    </timestep>
    <timestep time="7.38">
        <vehicle id="cfm-fast_0" eclass="HBEFA3/PC_G_EU4" CO2="0.00" CO="0.00" HC="0.00" NOx="0.00" PMx="0.00" fuel="0.00" electricity="0.00" noise="70.35" route="routetop" type="cfm-fast" waiting="0.00" lane="left_0" pos="26.15" speed="24.32" angle="137.44" x="16.94" y="13.43"/>
        <vehicle id="cfm-fast_1" eclass="HBEFA3/PC_G_EU4" CO2="343603.24" CO="8834.97" HC="48.96" NOx="160.47" PMx="9.72" fuel="147.70" electricity="0.00" noise="153.48" route="routetop" type="cfm-fast" waiting="0.00" lane="left_1" pos="3.41" speed="87.46" angle="178.37" x="-1.27" y="56.66"/>
        <vehicle id="cfm-fast_2" eclass="HBEFA3/PC_G_EU4" CO2="7424.47" CO="79.69" HC="0.55" NOx="2.87" PMx="0.15" fuel="3.19" electricity="0.00" noise="71.81" route="routetop" type="cfm-fast" waiting="0.00" lane="left_0" pos="41.43" speed="23.85" angle="109.94" x="45.35" y="-2.45"/>
        <vehicle id="cfm-fast_3" eclass="HBEFA3/PC_G_EU4" CO2="12599.04" CO="187.72" HC="1.17" NOx="5.29" PMx="0.29" fuel="5.42" electricity="0.00" noise="74.16" route="routebottom" type="cfm-fast" waiting="0.00" lane="bottom_0" pos="6.29" speed="24.45" angle="83.16" x="77.20" y="-3.60"/>
        <vehicle id="cfm-fast_4" eclass="HBEFA3/PC_G_EU4" CO2="424521.67" CO="11273.68" HC="62.15" NOx="198.55" PMx="12.15" fuel="182.48" electricity="0.00" noise="163.22" route="routebottom" type="cfm-fast" waiting="0.00" lane="bottom_1" pos="33.25" speed="100.18" angle="34.65" x="120.13" y="30.86"/>
        <vehicle id="cfm-fast_5" eclass="HBEFA3/PC_G_EU4" CO2="15749.33" CO="256.98" HC="1.56" NOx="6.75" PMx="0.37" fuel="6.77" electricity="0.00" noise="75.93" route="routebottom" type="cfm-fast" waiting="0.00" lane="bottom_0" pos="21.87" speed="25.78" angle="55.15" x="107.18" y="10.62"/>
        <vehicle id="cfm-slow_0" eclass="HBEFA3/PC_G_EU4" CO2="14826.11" CO="245.52" HC="1.49" NOx="6.28" PMx="0.35" fuel="6.37" electricity="0.00" noise="75.80" route="routebottom" type="cfm-slow" waiting="0.00" lane="bottom_0" pos="38.83" speed="27.43" angle="24.67" x="128.06" y="40.02"/>
        <vehicle id="cfm-slow_1" eclass="HBEFA3/PC_G_EU4" CO2="9947.18" CO="152.73" HC="0.95" NOx="3.95" PMx="0.23" fuel="4.28" electricity="0.00" noise="74.43" route="routebottom" type="cfm-slow" waiting="0.00" lane="right_0" pos="11.45" speed="28.75" angle="343.81" x="127.86" y="87.85"/>
        <vehicle id="cfm-slow_2" eclass="HBEFA3/PC_G_EU4" CO2="0.00" CO="0.00" HC="0.00" NOx="0.00" PMx="0.00" fuel="0.00" electricity="0.00" noise="72.98" route="routebottom" type="cfm-slow" waiting="0.00" lane="right_0" pos="35.35" speed="29.26" angle="300.94" x="94.17" y="125.11"/>
        <vehicle id="cfm-slow_3" eclass="HBEFA3/PC_G_EU4" CO2="0.00" CO="0.00" HC="0.00" NOx="0.00" PMx="0.00" fuel="0.00" electricity="0.00" noise="72.00" route="routetop" type="cfm-slow" waiting="0.00" lane="top_0" pos="9.68" speed="28.73" angle="257.02" x="43.07" y="129.10"/>
        <vehicle id="cfm-slow_4" eclass="HBEFA3/PC_G_EU4" CO2="0.00" CO="0.00" HC="0.00" NOx="0.00" PMx="0.00" fuel="0.00" electricity="0.00" noise="71.13" route="routetop" type="cfm-slow" waiting="0.00" lane="top_0" pos="33.38" speed="27.34" angle="214.45" x="4.21" y="97.90"/>
        <vehicle id="cfm-slow_5" eclass="HBEFA3/PC_G_EU4" CO2="0.00" CO="0.00" HC="0.00" NOx="0.00" PMx="0.00" fuel="0.00" electricity="0.00" noise="70.39" route="routetop" type="cfm-slow" waiting="0.00" lane="left_0" pos="5.62" speed="25.65" angle="174.36" x="-3.86" y="51.54"/>
    </timestep>
    <timestep time="7.39">
        <vehicle id="cfm-fast_0" eclass="HBEFA3/PC_G_EU4" CO2="0.00" CO="0.00" HC="0.00" NOx="0.00" PMx="0.00" fuel="0.00" electricity="0.00" noise="70.36" route="routetop" type="cfm-fast" waiting="0.00" lane="left_0" pos="26.40" speed="24.32" angle="136.99" x="17.32" y="13.08"/>
        <vehicle id="cfm-fast_1" eclass="HBEFA3/PC_G_EU4" CO2="344340.96" CO="8857.28" HC="49.08" NOx="160.82" PMx="9.74" fuel="148.02" electricity="0.00" noise="153.57" route="routetop" type="cfm-fast" waiting="0.00" lane="left_1" pos="4.28" speed="87.59" angle="176.82" x="-1.05" y="54.87"/>
        <vehicle id="cfm-fast_2" eclass="HBEFA3/PC_G_EU4" CO2="7473.18" CO="80.70" HC="0.55" NOx="2.89" PMx="0.15" fuel="3.21" electricity="0.00" noise="71.83" route="routetop" type="cfm-fast" waiting="0.00" lane="left_0" pos="41.67" speed="23.85" angle="109.50" x="45.85" y="-2.58"/>
        <vehicle id="cfm-fast_3" eclass="HBEFA3/PC_G_EU4" CO2="12627.41" CO="188.34" HC="1.17" NOx="5.31" PMx="0.29" fuel="5.43" electricity="0.00" noise="74.18" route="routebottom" type="cfm-fast" waiting="0.00" lane="bottom_0" pos="6.53" speed="24.46" angle="82.73" x="77.71" y="-3.49"/>
        <vehicle id="cfm-fast_4" eclass="HBEFA3/PC_G_EU4" CO2="425203.31" CO="11296.73" HC="62.27" NOx="198.87" PMx="12.17" fuel="182.77" electricity="0.00" noise="163.29" route="routebottom" type="cfm-fast" waiting="0.00" lane="bottom_1" pos="34.26" speed="100.32" angle="32.87" x="121.13" y="32.65"/>
        <vehicle id="cfm-fast_5" eclass="HBEFA3/PC_G_EU4" CO2="15741.96" CO="256.90" HC="1.56" NOx="6.75" PMx="0.37" fuel="6.77" electricity="0.00" noise="75.93" route="routebottom" type="cfm-fast" waiting="0.00" lane="bottom_0" pos="22.12" speed="25.79" angle="54.66" x="107.61" y="10.98"/>
        <vehicle id="cfm-slow_0" eclass="HBEFA3/PC_G_EU4" CO2="14781.34" CO="244.67" HC="1.48" NOx="6.26" PMx="0.35" fuel="6.35" electricity="0.00" noise="75.78" route="routebottom" type="cfm-slow" waiting="0.00" lane="bottom_0" pos="39.10" speed="27.45" angle="24.17" x="128.26" y="40.58"/>
        <vehicle id="cfm-slow_1" eclass="HBEFA3/PC_G_EU4" CO2="9873.91" CO="151.26" HC="0.94" NOx="3.91" PMx="0.23" fuel="4.24" electricity="0.00" noise="74.41" route="routebottom" type="cfm-slow" waiting="0.00" lane="right_0" pos="11.73" speed="28.76" angle="343.31" x="127.63" y="88.43"/>
        <vehicle id="cfm-slow_2" eclass="HBEFA3/PC_G_EU4" CO2="0.00" CO="0.00" HC="0.00" NOx="0.00" PMx="0.00" fuel="0.00" electricity="0.00" noise="72.97" route="routebottom" type="cfm-slow" waiting="0.00" lane="right_0" pos="35.64" speed="29.26" angle="300.41" x="93.61" y="125.39"/>
        <vehicle id="cfm-slow_3" eclass="HBEFA3/PC_G_EU4" CO2="0.00" CO="0.00" HC="0.00" NOx="0.00" PMx="0.00" fuel="0.00" electricity="0.00" noise="71.99" route="routetop" type="cfm-slow" waiting="0.00" lane="top_0" pos="9.97" speed="28.72" angle="256.50" x="42.48" y="128.92"/>
        <vehicle id="cfm-slow_4" eclass="HBEFA3/PC_G_EU4" CO2="0.00" CO="0.00" HC="0.00" NOx="0.00" PMx="0.00" fuel="0.00" electricity="0.00" noise="71.12" route="routetop" type="cfm-slow" waiting="0.00" lane="top_0" pos="33.66" speed="27.33" angle="213.95" x="3.92" y="97.39"/>
        <vehicle id="cfm-slow_5" eclass="HBEFA3/PC_G_EU4" CO2="0.00" CO="0.00" HC="0.00" NOx="0.00" PMx="0.00" fuel="0.00" electricity="0.00" noise="70.38" route="routetop" type="cfm-slow" waiting="0.00" lane="left_0" pos="5.88" speed="25.64" angle="173.90" x="-3.76" y="51.00"/>
    </timestep>
    <timestep time="7.40">
        <vehicle id="cfm-fast_0" eclass="HBEFA3/PC_G_EU4" CO2="0.00" CO="0.00" HC="0.00" NOx="0.00" PMx="0.00" fuel="0.00" electricity="0.00" noise="70.37" route="routetop" type="cfm-fast" waiting="0.00" lane="left_0" pos="26.64" speed="24.31" angle="136.54" x="17.71" y="12.72"/>
        <vehicle id="cfm-fast_1" eclass="HBEFA3/PC_G_EU4" CO2="345078.63" CO="8879.60" HC="49.20" NOx="161.16" PMx="9.77" fuel="148.33" electricity="0.00" noise="153.66" route="routetop" type="cfm-fast" waiting="0.00" lane="left_1" pos="5.16" speed="87.72" angle="175.23" x="-0.79" y="53.09"/>
        <vehicle id="cfm-fast_2" eclass="HBEFA3/PC_G_EU4" CO2="7521.72" CO="81.71" HC="0.56" NOx="2.91" PMx="0.15" fuel="3.23" electricity="0.00" noise="71.85" route="routetop" type="cfm-fast" waiting="0.00" lane="left_0" pos="41.90" speed="23.86" angle="109.06" x="46.34" y="-2.71"/>
        <vehicle id="cfm-fast_3" eclass="HBEFA3/PC_G_EU4" CO2="12655.48" CO="188.96" HC="1.17" NOx="5.32" PMx="0.29" fuel="5.44" electricity="0.00" noise="74.19" route="routebottom" type="cfm-fast" waiting="0.00" lane="bottom_0" pos="6.78" speed="24.47" angle="82.26" x="78.23" y="-3.38"/>
        <vehicle id="cfm-fast_4" eclass="HBEFA3/PC_G_EU4" CO2="425885.25" CO="11319.80" HC="62.39" NOx="199.19" PMx="12.20" fuel="183.07" electricity="0.00" noise="163.35" route="routebottom" type="cfm-fast" waiting="0.00" lane="bottom_1" pos="35.26" speed="100.46" angle="31.07" x="122.08" y="34.48"/>
        <vehicle id="cfm-fast_5" eclass="HBEFA3/PC_G_EU4" CO2="15734.25" CO="256.80" HC="1.56" NOx="6.74" PMx="0.37" fuel="6.76" electricity="0.00" noise="75.93" route="routebottom" type="cfm-fast" waiting="0.00" lane="bottom_0" pos="22.38" speed="25.81" angle="54.17" x="108.03" y="11.34"/>
        <vehicle id="cfm-slow_0" eclass="HBEFA3/PC_G_EU4" CO2="14736.27" CO="243.82" HC="1.48" NOx="6.24" PMx="0.35" fuel="6.33" electricity="0.00" noise="75.77" route="routebottom" type="cfm-slow" waiting="0.00" lane="bottom_0" pos="39.37" speed="27.46" angle="23.68" x="128.46" y="41.14"/>
        <vehicle id="cfm-slow_1" eclass="HBEFA3/PC_G_EU4" CO2="9800.64" CO="149.79" HC="0.93" NOx="3.88" PMx="0.23" fuel="4.21" electricity="0.00" noise="74.39" route="routebottom" type="cfm-slow" waiting="0.00" lane="right_0" pos="12.02" speed="28.76" angle="342.79" x="127.40" y="89.00"/>
        <vehicle id="cfm-slow_2" eclass="HBEFA3/PC_G_EU4" CO2="0.00" CO="0.00" HC="0.00" NOx="0.00" PMx="0.00" fuel="0.00" electricity="0.00" noise="72.96" route="routebottom" type="cfm-slow" waiting="0.00" lane="right_0" pos="35.93" speed="29.25" angle="299.93" x="93.05" y="125.67"/>
        <vehicle id="cfm-slow_3" eclass="HBEFA3/PC_G_EU4" CO2="0.00" CO="0.00" HC="0.00" NOx="0.00" PMx="0.00" fuel="0.00" electricity="0.00" noise="71.98" route="routetop" type="cfm-slow" waiting="0.00" lane="top_0" pos="10.25" speed="28.71" angle="256.04" x="41.89" y="128.73"/>
        <vehicle id="cfm-slow_4" eclass="HBEFA3/PC_G_EU4" CO2="0.00" CO="0.00" HC="0.00" NOx="0.00" PMx="0.00" fuel="0.00" electricity="0.00" noise="71.11" route="routetop" type="cfm-slow" waiting="0.00" lane="top_0" pos="33.93" speed="27.31" angle="213.45" x="3.64" y="96.87"/>
        <vehicle id="cfm-slow_5" eclass="HBEFA3/PC_G_EU4" CO2="0.00" CO="0.00" HC="0.00" NOx="0.00" PMx="0.00" fuel="0.00" electricity="0.00" noise="70.38" route="routetop" type="cfm-slow" waiting="0.00" lane="left_0" pos="6.13" speed="25.62" angle="173.43" x="-3.67" y="50.46"/>
    </timestep>
    <timestep time="7.41">
        <vehicle id="cfm-fast_0" eclass="HBEFA3/PC_G_EU4" CO2="0.00" CO="0.00" HC="0.00" NOx="0.00" PMx="0.00" fuel="0.00" electricity="0.00" noise="70.38" route="routetop" type="cfm-fast" waiting="0.00" lane="left_0" pos="26.88" speed="24.31" angle="136.13" x="18.09" y="12.37"/>
        <vehicle id="cfm-fast_1" eclass="HBEFA3/PC_G_EU4" CO2="345816.25" CO="8901.93" HC="49.32" NOx="161.51" PMx="9.79" fuel="148.65" electricity="0.00" noise="153.75" route="routetop" type="cfm-fast" waiting="0.00" lane="left_1" pos="6.04" speed="87.84" angle="173.58" x="-0.46" y="51.32"/>
        <vehicle id="cfm-fast_2" eclass="HBEFA3/PC_G_EU4" CO2="7570.08" CO="82.72" HC="0.56" NOx="2.93" PMx="0.15" fuel="3.25" electricity="0.00" noise="71.87" route="routetop" type="cfm-fast" waiting="0.00" lane="left_0" pos="42.14" speed="23.86" angle="108.61" x="46.84" y="-2.84"/>
        <vehicle id="cfm-fast_3" eclass="HBEFA3/PC_G_EU4" CO2="12683.25" CO="189.57" HC="1.18" NOx="5.33" PMx="0.29" fuel="5.45" electricity="0.00" noise="74.21" route="routebottom" type="cfm-fast" waiting="0.00" lane="bottom_0" pos="7.02" speed="24.49" angle="81.79" x="78.74" y="-3.26"/>
        <vehicle id="cfm-fast_4" eclass="HBEFA3/PC_G_EU4" CO2="426567.49" CO="11342.89" HC="62.52" NOx="199.51" PMx="12.22" fuel="183.36" electricity="0.00" noise="163.42" route="routebottom" type="cfm-fast" waiting="0.00" lane="bottom_1" pos="36.27" speed="100.59" angle="29.24" x="122.97" y="36.34"/>
        <vehicle id="cfm-fast_5" eclass="HBEFA3/PC_G_EU4" CO2="15726.21" CO="256.70" HC="1.56" NOx="6.74" PMx="0.37" fuel="6.76" electricity="0.00" noise="75.92" route="routebottom" type="cfm-fast" waiting="0.00" lane="bottom_0" pos="22.64" speed="25.83" angle="53.68" x="108.45" y="11.70"/>
        <vehicle id="cfm-slow_0" eclass="HBEFA3/PC_G_EU4" CO2="14690.93" CO="242.96" HC="1.47" NOx="6.21" PMx="0.35" fuel="6.31" electricity="0.00" noise="75.75" route="routebottom" type="cfm-slow" waiting="0.00" lane="bottom_0" pos="39.65" speed="27.47" angle="23.19" x="128.66" y="41.69"/>
        <vehicle id="cfm-slow_1" eclass="HBEFA3/PC_G_EU4" CO2="9727.36" CO="148.31" HC="0.92" NOx="3.84" PMx="0.22" fuel="4.18" electricity="0.00" noise="74.37" route="routebottom" type="cfm-slow" waiting="0.00" lane="right_0" pos="12.31" speed="28.77" angle="342.26" x="127.17" y="89.58"/>
        <vehicle id="cfm-slow_2" eclass="HBEFA3/PC_G_EU4" CO2="0.00" CO="0.00" HC="0.00" NOx="0.00" PMx="0.00" fuel="0.00" electricity="0.00" noise="72.95" route="routebottom" type="cfm-slow" waiting="0.00" lane="right_0" pos="36.23" speed="29.25" angle="299.36" x="92.47" y="125.93"/>
        <vehicle id="cfm-slow_3" eclass="HBEFA3/PC_G_EU4" CO2="0.00" CO="0.00" HC="0.00" NOx="0.00" PMx="0.00" fuel="0.00" electricity="0.00" noise="71.97" route="routetop" type="cfm-slow" waiting="0.00" lane="top_0" pos="10.54" speed="28.69" angle="255.50" x="41.31" y="128.52"/>
        <vehicle id="cfm-slow_4" eclass="HBEFA3/PC_G_EU4" CO2="0.00" CO="0.00" HC="0.00" NOx="0.00" PMx="0.00" fuel="0.00" electricity="0.00" noise="71.10" route="routetop" type="cfm-slow" waiting="0.00" lane="top_0" pos="34.20" speed="27.29" angle="212.96" x="3.35" y="96.36"/>
        <vehicle id="cfm-slow_5" eclass="HBEFA3/PC_G_EU4" CO2="0.00" CO="0.00" HC="0.00" NOx="0.00" PMx="0.00" fuel="0.00" electricity="0.00" noise="70.38" route="routetop" type="cfm-slow" waiting="0.00" lane="left_0" pos="6.39" speed="25.61" angle="173.02" x="-3.56" y="49.92"/>
    </timestep>
    <timestep time="7.42">
        <vehicle id="cfm-fast_0" eclass="HBEFA3/PC_G_EU4" CO2="0.00" CO="0.00" HC="0.00" NOx="0.00" PMx="0.00" fuel="0.00" electricity="0.00" noise="70.39" route="routetop" type="cfm-fast" waiting="0.00" lane="left_0" pos="27.12" speed="24.30" angle="135.70" x="18.49" y="12.03"/>
        <vehicle id="cfm-fast_1" eclass="HBEFA3/PC_G_EU4" CO2="346553.83" CO="8924.28" HC="49.44" NOx="161.86" PMx="9.81" fuel="148.97" electricity="0.00" noise="153.84" route="routetop" type="cfm-fast" waiting="0.00" lane="left_1" pos="6.92" speed="87.97" angle="172.01" x="-0.09" y="49.56"/>
        <vehicle id="cfm-fast_2" eclass="HBEFA3/PC_G_EU4" CO2="7618.26" CO="83.73" HC="0.57" NOx="2.96" PMx="0.15" fuel="3.27" electricity="0.00" noise="71.89" route="routetop" type="cfm-fast" waiting="0.00" lane="left_0" pos="42.38" speed="23.87" angle="108.23" x="47.34" y="-2.97"/>
        <vehicle id="cfm-fast_3" eclass="HBEFA3/PC_G_EU4" CO2="12710.73" CO="190.17" HC="1.18" NOx="5.35" PMx="0.29" fuel="5.46" electricity="0.00" noise="74.23" route="routebottom" type="cfm-fast" waiting="0.00" lane="bottom_0" pos="7.27" speed="24.50" angle="81.33" x="79.25" y="-3.14"/>
        <vehicle id="cfm-fast_4" eclass="HBEFA3/PC_G_EU4" CO2="427250.01" CO="11366.00" HC="62.64" NOx="199.83" PMx="12.24" fuel="183.65" electricity="0.00" noise="163.49" route="routebottom" type="cfm-fast" waiting="0.00" lane="bottom_1" pos="37.27" speed="100.73" angle="27.40" x="123.81" y="38.22"/>
        <vehicle id="cfm-fast_5" eclass="HBEFA3/PC_G_EU4" CO2="15717.83" CO="256.59" HC="1.56" NOx="6.73" PMx="0.37" fuel="6.76" electricity="0.00" noise="75.92" route="routebottom" type="cfm-fast" waiting="0.00" lane="bottom_0" pos="22.90" speed="25.84" angle="53.19" x="108.87" y="12.07"/>
        <vehicle id="cfm-slow_0" eclass="HBEFA3/PC_G_EU4" CO2="14645.30" CO="242.09" HC="1.47" NOx="6.19" PMx="0.35" fuel="6.30" electricity="0.00" noise="75.74" route="routebottom" type="cfm-slow" waiting="0.00" lane="bottom_0" pos="39.92" speed="27.49" angle="22.73" x="128.85" y="42.25"/>
        <vehicle id="cfm-slow_1" eclass="HBEFA3/PC_G_EU4" CO2="9654.09" CO="146.84" HC="0.91" NOx="3.81" PMx="0.22" fuel="4.15" electricity="0.00" noise="74.35" route="routebottom" type="cfm-slow" waiting="0.00" lane="right_0" pos="12.60" speed="28.78" angle="341.74" x="126.94" y="90.15"/>
        <vehicle id="cfm-slow_2" eclass="HBEFA3/PC_G_EU4" CO2="0.00" CO="0.00" HC="0.00" NOx="0.00" PMx="0.00" fuel="0.00" electricity="0.00" noise="72.94" route="routebottom" type="cfm-slow" waiting="0.00" lane="right_0" pos="36.52" speed="29.24" angle="298.80" x="91.90" y="126.18"/>
        <vehicle id="cfm-slow_3" eclass="HBEFA3/PC_G_EU4" CO2="0.00" CO="0.00" HC="0.00" NOx="0.00" PMx="0.00" fuel="0.00" electricity="0.00" noise="71.96" route="routetop" type="cfm-slow" waiting="0.00" lane="top_0" pos="10.83" speed="28.68" angle="254.96" x="40.73" y="128.32"/>
        <vehicle id="cfm-slow_4" eclass="HBEFA3/PC_G_EU4" CO2="0.00" CO="0.00" HC="0.00" NOx="0.00" PMx="0.00" fuel="0.00" electricity="0.00" noise="71.10" route="routetop" type="cfm-slow" waiting="0.00" lane="top_0" pos="34.48" speed="27.28" angle="212.46" x="3.07" y="95.85"/>
        <vehicle id="cfm-slow_5" eclass="HBEFA3/PC_G_EU4" CO2="0.00" CO="0.00" HC="0.00" NOx="0.00" PMx="0.00" fuel="0.00" electricity="0.00" noise="70.37" route="routetop" type="cfm-slow" waiting="0.00" lane="left_0" pos="6.64" speed="25.60" angle="172.52" x="-3.44" y="49.38"/>
    </timestep>
    <timestep time="7.43">
        <vehicle id="cfm-fast_0" eclass="HBEFA3/PC_G_EU4" CO2="0.00" CO="0.00" HC="0.00" NOx="0.00" PMx="0.00" fuel="0.00" electricity="0.00" noise="70.40" route="routetop" type="cfm-fast" waiting="0.00" lane="left_0" pos="27.37" speed="24.30" angle="135.25" x="18.89" y="11.69"/>
        <vehicle id="cfm-fast_1" eclass="HBEFA3/PC_G_EU4" CO2="347291.36" CO="8946.65" HC="49.56" NOx="162.20" PMx="9.83" fuel="149.28" electricity="0.00" noise="153.93" route="routetop" type="cfm-fast" waiting="0.00" lane="left_1" pos="7.80" speed="88.10" angle="170.44" x="0.31" y="47.80"/>
        <vehicle id="cfm-fast_2" eclass="HBEFA3/PC_G_EU4" CO2="7666.26" CO="84.73" HC="0.58" NOx="2.98" PMx="0.16" fuel="3.30" electricity="0.00" noise="71.91" route="routetop" type="cfm-fast" waiting="0.00" lane="left_0" pos="42.62" speed="23.87" angle="107.81" x="47.84" y="-3.09"/>
        <vehicle id="cfm-fast_3" eclass="HBEFA3/PC_G_EU4" CO2="12737.91" CO="190.77" HC="1.18" NOx="5.36" PMx="0.29" fuel="5.48" electricity="0.00" noise="74.24" route="routebottom" type="cfm-fast" waiting="0.00" lane="bottom_0" pos="7.51" speed="24.51" angle="80.86" x="79.77" y="-3.02"/>
        <vehicle id="cfm-fast_4" eclass="HBEFA3/PC_G_EU4" CO2="427932.82" CO="11389.14" HC="62.76" NOx="200.15" PMx="12.26" fuel="183.95" electricity="0.00" noise="163.55" route="routebottom" type="cfm-fast" waiting="0.00" lane="bottom_1" pos="38.28" speed="100.87" angle="25.55" x="124.58" y="40.15"/>
        <vehicle id="cfm-fast_5" eclass="HBEFA3/PC_G_EU4" CO2="15709.12" CO="256.48" HC="1.56" NOx="6.73" PMx="0.37" fuel="6.75" electricity="0.00" noise="75.92" route="routebottom" type="cfm-fast" waiting="0.00" lane="bottom_0" pos="23.16" speed="25.86" angle="52.78" x="109.29" y="12.43"/>
        <vehicle id="cfm-slow_0" eclass="HBEFA3/PC_G_EU4" CO2="14599.40" CO="241.21" HC="1.46" NOx="6.17" PMx="0.35" fuel="6.28" electricity="0.00" noise="75.72" route="routebottom" type="cfm-slow" waiting="0.00" lane="bottom_0" pos="40.20" speed="27.50" angle="22.20" x="129.02" y="42.82"/>
        <vehicle id="cfm-slow_1" eclass="HBEFA3/PC_G_EU4" CO2="9580.83" CO="145.37" HC="0.90" NOx="3.77" PMx="0.22" fuel="4.12" electricity="0.00" noise="74.33" route="routebottom" type="cfm-slow" waiting="0.00" lane="right_0" pos="12.88" speed="28.78" angle="341.27" x="126.71" y="90.72"/>
        <vehicle id="cfm-slow_2" eclass="HBEFA3/PC_G_EU4" CO2="0.00" CO="0.00" HC="0.00" NOx="0.00" PMx="0.00" fuel="0.00" electricity="0.00" noise="72.92" route="routebottom" type="cfm-slow" waiting="0.00" lane="right_0" pos="36.81" speed="29.24" angle="298.23" x="91.32" y="126.44"/>
        <vehicle id="cfm-slow_3" eclass="HBEFA3/PC_G_EU4" CO2="0.00" CO="0.00" HC="0.00" NOx="0.00" PMx="0.00" fuel="0.00" electricity="0.00" noise="71.95" route="routetop" type="cfm-slow" waiting="0.00" lane="top_0" pos="11.11" speed="28.67" angle="254.41" x="40.15" y="128.11"/>
        <vehicle id="cfm-slow_4" eclass="HBEFA3/PC_G_EU4" CO2="0.00" CO="0.00" HC="0.00" NOx="0.00" PMx="0.00" fuel="0.00" electricity="0.00" noise="71.09" route="routetop" type="cfm-slow" waiting="0.00" lane="top_0" pos="34.75" speed="27.26" angle="212.03" x="2.80" y="95.33"/>
        <vehicle id="cfm-slow_5" eclass="HBEFA3/PC_G_EU4" CO2="0.00" CO="0.00" HC="0.00" NOx="0.00" PMx="0.00" fuel="0.00" electricity="0.00" noise="70.37" route="routetop" type="cfm-slow" waiting="0.00" lane="left_0" pos="6.90" speed="25.59" angle="172.03" x="-3.32" y="48.84"/>
    </timestep>
    <timestep time="7.44">
        <vehicle id="cfm-fast_0" eclass="HBEFA3/PC_G_EU4" CO2="0.00" CO="0.00" HC="0.00" NOx="0.00" PMx="0.00" fuel="0.00" electricity="0.00" noise="70.41" route="routetop" type="cfm-fast" waiting="0.00" lane="left_0" pos="27.61" speed="24.29" angle="134.79" x="19.29" y="11.35"/>
        <vehicle id="cfm-fast_1" eclass="HBEFA3/PC_G_EU4" CO2="348028.85" CO="8969.04" HC="49.69" NOx="162.55" PMx="9.86" fuel="149.60" electricity="0.00" noise="154.02" route="routetop" type="cfm-fast" waiting="0.00" lane="left_1" pos="8.68" speed="88.23" angle="168.79" x="0.78" y="46.05"/>
        <vehicle id="cfm-fast_2" eclass="HBEFA3/PC_G_EU4" CO2="7714.08" CO="85.73" HC="0.58" NOx="3.00" PMx="0.16" fuel="3.32" electricity="0.00" noise="71.93" route="routetop" type="cfm-fast" waiting="0.00" lane="left_0" pos="42.86" speed="23.88" angle="107.39" x="48.34" y="-3.20"/>
        <vehicle id="cfm-fast_3" eclass="HBEFA3/PC_G_EU4" CO2="12764.79" CO="191.36" HC="1.19" NOx="5.37" PMx="0.29" fuel="5.49" electricity="0.00" noise="74.26" route="routebottom" type="cfm-fast" waiting="0.00" lane="bottom_0" pos="7.76" speed="24.53" angle="80.47" x="80.28" y="-2.90"/>
        <vehicle id="cfm-fast_4" eclass="HBEFA3/PC_G_EU4" CO2="425946.62" CO="11357.27" HC="62.57" NOx="199.21" PMx="12.21" fuel="183.09" electricity="0.00" noise="163.17" route="routebottom" type="cfm-fast" waiting="0.00" lane="bottom_1" pos="39.29" speed="101.00" angle="23.78" x="125.30" y="42.09"/>
        <vehicle id="cfm-fast_5" eclass="HBEFA3/PC_G_EU4" CO2="15700.07" CO="256.36" HC="1.56" NOx="6.73" PMx="0.37" fuel="6.75" electricity="0.00" noise="75.92" route="routebottom" type="cfm-fast" waiting="0.00" lane="bottom_0" pos="23.42" speed="25.88" angle="52.32" x="109.70" y="12.81"/>
        <vehicle id="cfm-slow_0" eclass="HBEFA3/PC_G_EU4" CO2="14553.22" CO="240.33" HC="1.46" NOx="6.15" PMx="0.35" fuel="6.26" electricity="0.00" noise="75.70" route="routebottom" type="cfm-slow" waiting="0.00" lane="bottom_0" pos="40.47" speed="27.51" angle="21.68" x="129.20" y="43.38"/>
        <vehicle id="cfm-slow_1" eclass="HBEFA3/PC_G_EU4" CO2="9507.57" CO="143.90" HC="0.90" NOx="3.74" PMx="0.22" fuel="4.09" electricity="0.00" noise="74.31" route="routebottom" type="cfm-slow" waiting="0.00" lane="right_0" pos="13.17" speed="28.79" angle="340.75" x="126.45" y="91.29"/>
        <vehicle id="cfm-slow_2" eclass="HBEFA3/PC_G_EU4" CO2="0.00" CO="0.00" HC="0.00" NOx="0.00" PMx="0.00" fuel="0.00" electricity="0.00" noise="72.91" route="routebottom" type="cfm-slow" waiting="0.00" lane="right_0" pos="37.10" speed="29.23" angle="297.68" x="90.75" y="126.70"/>
        <vehicle id="cfm-slow_3" eclass="HBEFA3/PC_G_EU4" CO2="0.00" CO="0.00" HC="0.00" NOx="0.00" PMx="0.00" fuel="0.00" electricity="0.00" noise="71.94" route="routetop" type="cfm-slow" waiting="0.00" lane="top_0" pos="11.40" speed="28.65" angle="253.88" x="39.57" y="127.90"/>
        <vehicle id="cfm-slow_4" eclass="HBEFA3/PC_G_EU4" CO2="0.00" CO="0.00" HC="0.00" NOx="0.00" PMx="0.00" fuel="0.00" electricity="0.00" noise="71.08" route="routetop" type="cfm-slow" waiting="0.00" lane="top_0" pos="35.02" speed="27.25" angle="211.52" x="2.53" y="94.80"/>
        <vehicle id="cfm-slow_5" eclass="HBEFA3/PC_G_EU4" CO2="0.00" CO="0.00" HC="0.00" NOx="0.00" PMx="0.00" fuel="0.00" electricity="0.00" noise="70.37" route="routetop" type="cfm-slow" waiting="0.00" lane="left_0" pos="7.16" speed="25.57" angle="171.54" x="-3.19" y="48.31"/>
    </timestep>
    <timestep time="7.45">
        <vehicle id="cfm-fast_0" eclass="HBEFA3/PC_G_EU4" CO2="0.00" CO="0.00" HC="0.00" NOx="0.00" PMx="0.00" fuel="0.00" electricity="0.00" noise="70.42" route="routetop" type="cfm-fast" waiting="0.00" lane="left_0" pos="27.85" speed="24.29" angle="134.34" x="19.69" y="11.01"/>
        <vehicle id="cfm-fast_1" eclass="HBEFA3/PC_G_EU4" CO2="348744.84" CO="8991.00" HC="49.80" NOx="162.89" PMx="9.88" fuel="149.91" electricity="0.00" noise="154.11" route="routetop" type="cfm-fast" waiting="0.00" lane="left_1" pos="9.57" speed="88.36" angle="167.23" x="1.30" y="44.31"/>
        <vehicle id="cfm-fast_2" eclass="HBEFA3/PC_G_EU4" CO2="7761.71" CO="86.72" HC="0.59" NOx="3.02" PMx="0.16" fuel="3.34" electricity="0.00" noise="71.95" route="routetop" type="cfm-fast" waiting="0.00" lane="left_0" pos="43.10" speed="23.89" angle="106.96" x="48.84" y="-3.32"/>
        <vehicle id="cfm-fast_3" eclass="HBEFA3/PC_G_EU4" CO2="12791.38" CO="191.94" HC="1.19" NOx="5.38" PMx="0.29" fuel="5.50" electricity="0.00" noise="74.27" route="routebottom" type="cfm-fast" waiting="0.00" lane="bottom_0" pos="8.00" speed="24.54" angle="80.01" x="80.79" y="-2.76"/>
        <vehicle id="cfm-fast_4" eclass="HBEFA3/PC_G_EU4" CO2="420142.60" CO="11246.65" HC="61.92" NOx="196.47" PMx="12.06" fuel="180.60" electricity="0.00" noise="162.16" route="routebottom" type="cfm-fast" waiting="0.00" lane="bottom_1" pos="40.30" speed="101.13" angle="21.99" x="125.95" y="44.05"/>
        <vehicle id="cfm-fast_5" eclass="HBEFA3/PC_G_EU4" CO2="15690.69" CO="256.23" HC="1.56" NOx="6.72" PMx="0.37" fuel="6.74" electricity="0.00" noise="75.92" route="routebottom" type="cfm-fast" waiting="0.00" lane="bottom_0" pos="23.67" speed="25.89" angle="51.85" x="110.11" y="13.19"/>
        <vehicle id="cfm-slow_0" eclass="HBEFA3/PC_G_EU4" CO2="14506.77" CO="239.45" HC="1.45" NOx="6.13" PMx="0.34" fuel="6.24" electricity="0.00" noise="75.69" route="routebottom" type="cfm-slow" waiting="0.00" lane="bottom_0" pos="40.75" speed="27.53" angle="21.15" x="129.37" y="43.95"/>
        <vehicle id="cfm-slow_1" eclass="HBEFA3/PC_G_EU4" CO2="9434.33" CO="142.42" HC="0.89" NOx="3.70" PMx="0.22" fuel="4.06" electricity="0.00" noise="74.29" route="routebottom" type="cfm-slow" waiting="0.00" lane="right_0" pos="13.46" speed="28.79" angle="340.23" x="126.20" y="91.86"/>
        <vehicle id="cfm-slow_2" eclass="HBEFA3/PC_G_EU4" CO2="0.00" CO="0.00" HC="0.00" NOx="0.00" PMx="0.00" fuel="0.00" electricity="0.00" noise="72.90" route="routebottom" type="cfm-slow" waiting="0.00" lane="right_0" pos="37.40" speed="29.23" angle="297.20" x="90.17" y="126.94"/>
        <vehicle id="cfm-slow_3" eclass="HBEFA3/PC_G_EU4" CO2="0.00" CO="0.00" HC="0.00" NOx="0.00" PMx="0.00" fuel="0.00" electricity="0.00" noise="71.93" route="routetop" type="cfm-slow" waiting="0.00" lane="top_0" pos="11.69" speed="28.64" angle="253.41" x="38.99" y="127.67"/>
        <vehicle id="cfm-slow_4" eclass="HBEFA3/PC_G_EU4" CO2="0.00" CO="0.00" HC="0.00" NOx="0.00" PMx="0.00" fuel="0.00" electricity="0.00" noise="71.07" route="routetop" type="cfm-slow" waiting="0.00" lane="top_0" pos="35.29" speed="27.23" angle="211.02" x="2.27" y="94.28"/>
        <vehicle id="cfm-slow_5" eclass="HBEFA3/PC_G_EU4" CO2="0.00" CO="0.00" HC="0.00" NOx="0.00" PMx="0.00" fuel="0.00" electricity="0.00" noise="70.37" route="routetop" type="cfm-slow" waiting="0.00" lane="left_0" pos="7.41" speed="25.56" angle="171.05" x="-3.07" y="47.77"/>
    </timestep>
    <timestep time="7.46">
        <vehicle id="cfm-fast_0" eclass="HBEFA3/PC_G_EU4" CO2="0.00" CO="0.00" HC="0.00" NOx="0.00" PMx="0.00" fuel="0.00" electricity="0.00" noise="70.42" route="routetop" type="cfm-fast" waiting="0.00" lane="left_0" pos="28.10" speed="24.28" angle="133.90" x="20.08" y="10.68"/>
        <vehicle id="cfm-fast_1" eclass="HBEFA3/PC_G_EU4" CO2="349408.81" CO="9011.90" HC="49.92" NOx="163.20" PMx="9.90" fuel="150.19" electricity="0.00" noise="154.19" route="routetop" type="cfm-fast" waiting="0.00" lane="left_1" pos="10.45" speed="88.49" angle="165.67" x="1.85" y="42.59"/>
        <vehicle id="cfm-fast_2" eclass="HBEFA3/PC_G_EU4" CO2="7809.15" CO="87.71" HC="0.59" NOx="3.05" PMx="0.16" fuel="3.36" electricity="0.00" noise="71.97" route="routetop" type="cfm-fast" waiting="0.00" lane="left_0" pos="43.34" speed="23.89" angle="106.54" x="49.34" y="-3.43"/>
        <vehicle id="cfm-fast_3" eclass="HBEFA3/PC_G_EU4" CO2="12817.66" CO="192.52" HC="1.19" NOx="5.39" PMx="0.29" fuel="5.51" electricity="0.00" noise="74.29" route="routebottom" type="cfm-fast" waiting="0.00" lane="bottom_0" pos="8.25" speed="24.55" angle="79.56" x="81.30" y="-2.63"/>
        <vehicle id="cfm-fast_4" eclass="HBEFA3/PC_G_EU4" CO2="414428.15" CO="11137.73" HC="61.28" NOx="193.78" PMx="11.92" fuel="178.14" electricity="0.00" noise="161.16" route="routebottom" type="cfm-fast" waiting="0.00" lane="bottom_1" pos="41.32" speed="101.26" angle="20.17" x="126.55" y="46.04"/>
        <vehicle id="cfm-fast_5" eclass="HBEFA3/PC_G_EU4" CO2="15680.98" CO="256.10" HC="1.56" NOx="6.72" PMx="0.37" fuel="6.74" electricity="0.00" noise="75.91" route="routebottom" type="cfm-fast" waiting="0.00" lane="bottom_0" pos="23.93" speed="25.91" angle="51.38" x="110.52" y="13.56"/>
        <vehicle id="cfm-slow_0" eclass="HBEFA3/PC_G_EU4" CO2="14460.05" CO="238.56" HC="1.45" NOx="6.10" PMx="0.34" fuel="6.22" electricity="0.00" noise="75.67" route="routebottom" type="cfm-slow" waiting="0.00" lane="bottom_0" pos="41.02" speed="27.54" angle="20.68" x="129.55" y="44.52"/>
        <vehicle id="cfm-slow_1" eclass="HBEFA3/PC_G_EU4" CO2="9361.10" CO="140.95" HC="0.88" NOx="3.67" PMx="0.21" fuel="4.02" electricity="0.00" noise="74.27" route="routebottom" type="cfm-slow" waiting="0.00" lane="right_0" pos="13.75" speed="28.80" angle="339.71" x="125.95" y="92.42"/>
        <vehicle id="cfm-slow_2" eclass="HBEFA3/PC_G_EU4" CO2="0.00" CO="0.00" HC="0.00" NOx="0.00" PMx="0.00" fuel="0.00" electricity="0.00" noise="72.89" route="routebottom" type="cfm-slow" waiting="0.00" lane="right_0" pos="37.69" speed="29.23" angle="296.67" x="89.58" y="127.17"/>
        <vehicle id="cfm-slow_3" eclass="HBEFA3/PC_G_EU4" CO2="0.00" CO="0.00" HC="0.00" NOx="0.00" PMx="0.00" fuel="0.00" electricity="0.00" noise="71.93" route="routetop" type="cfm-slow" waiting="0.00" lane="top_0" pos="11.97" speed="28.63" angle="252.89" x="38.42" y="127.45"/>
        <vehicle id="cfm-slow_4" eclass="HBEFA3/PC_G_EU4" CO2="0.00" CO="0.00" HC="0.00" NOx="0.00" PMx="0.00" fuel="0.00" electricity="0.00" noise="71.07" route="routetop" type="cfm-slow" waiting="0.00" lane="top_0" pos="35.56" speed="27.21" angle="210.52" x="2.01" y="93.76"/>
        <vehicle id="cfm-slow_5" eclass="HBEFA3/PC_G_EU4" CO2="0.00" CO="0.00" HC="0.00" NOx="0.00" PMx="0.00" fuel="0.00" electricity="0.00" noise="70.37" route="routetop" type="cfm-slow" waiting="0.00" lane="left_0" pos="7.67" speed="25.55" angle="170.63" x="-2.95" y="47.23"/>
    </timestep>
    <timestep time="7.47">
        <vehicle id="cfm-fast_0" eclass="HBEFA3/PC_G_EU4" CO2="0.00" CO="0.00" HC="0.00" NOx="0.00" PMx="0.00" fuel="0.00" electricity="0.00" noise="70.43" route="routetop" type="cfm-fast" waiting="0.00" lane="left_0" pos="28.34" speed="24.28" angle="133.50" x="20.49" y="10.35"/>
        <vehicle id="cfm-fast_1" eclass="HBEFA3/PC_G_EU4" CO2="350021.81" CO="9031.77" HC="50.02" NOx="163.49" PMx="9.92" fuel="150.46" electricity="0.00" noise="154.25" route="routetop" type="cfm-fast" waiting="0.00" lane="left_1" pos="11.34" speed="88.62" angle="164.01" x="2.47" y="40.88"/>
        <vehicle id="cfm-fast_2" eclass="HBEFA3/PC_G_EU4" CO2="7856.41" CO="88.70" HC="0.60" NOx="3.07" PMx="0.16" fuel="3.38" electricity="0.00" noise="71.99" route="routetop" type="cfm-fast" waiting="0.00" lane="left_0" pos="43.58" speed="23.90" angle="106.15" x="49.84" y="-3.55"/>
        <vehicle id="cfm-fast_3" eclass="HBEFA3/PC_G_EU4" CO2="12843.65" CO="193.10" HC="1.20" NOx="5.41" PMx="0.29" fuel="5.52" electricity="0.00" noise="74.30" route="routebottom" type="cfm-fast" waiting="0.00" lane="bottom_0" pos="8.49" speed="24.57" angle="79.11" x="81.81" y="-2.49"/>
        <vehicle id="cfm-fast_4" eclass="HBEFA3/PC_G_EU4" CO2="408802.25" CO="11030.48" HC="60.66" NOx="191.12" PMx="11.78" fuel="175.72" electricity="0.00" noise="160.18" route="routebottom" type="cfm-fast" waiting="0.00" lane="bottom_1" pos="42.33" speed="101.39" angle="18.33" x="127.08" y="48.05"/>
        <vehicle id="cfm-fast_5" eclass="HBEFA3/PC_G_EU4" CO2="15670.93" CO="255.96" HC="1.56" NOx="6.71" PMx="0.37" fuel="6.74" electricity="0.00" noise="75.91" route="routebottom" type="cfm-fast" waiting="0.00" lane="bottom_0" pos="24.19" speed="25.93" angle="50.92" x="110.93" y="13.94"/>
        <vehicle id="cfm-slow_0" eclass="HBEFA3/PC_G_EU4" CO2="14413.06" CO="237.66" HC="1.44" NOx="6.08" PMx="0.34" fuel="6.20" electricity="0.00" noise="75.65" route="routebottom" type="cfm-slow" waiting="0.00" lane="bottom_0" pos="41.30" speed="27.55" angle="20.19" x="129.71" y="45.09"/>
        <vehicle id="cfm-slow_1" eclass="HBEFA3/PC_G_EU4" CO2="9287.89" CO="139.47" HC="0.87" NOx="3.63" PMx="0.21" fuel="3.99" electricity="0.00" noise="74.25" route="routebottom" type="cfm-slow" waiting="0.00" lane="right_0" pos="14.04" speed="28.80" angle="339.23" x="125.70" y="92.99"/>
        <vehicle id="cfm-slow_2" eclass="HBEFA3/PC_G_EU4" CO2="0.00" CO="0.00" HC="0.00" NOx="0.00" PMx="0.00" fuel="0.00" electricity="0.00" noise="72.87" route="routebottom" type="cfm-slow" waiting="0.00" lane="right_0" pos="37.98" speed="29.22" angle="296.15" x="89.00" y="127.41"/>
        <vehicle id="cfm-slow_3" eclass="HBEFA3/PC_G_EU4" CO2="0.00" CO="0.00" HC="0.00" NOx="0.00" PMx="0.00" fuel="0.00" electricity="0.00" noise="71.92" route="routetop" type="cfm-slow" waiting="0.00" lane="top_0" pos="12.26" speed="28.61" angle="252.37" x="37.85" y="127.22"/>
        <vehicle id="cfm-slow_4" eclass="HBEFA3/PC_G_EU4" CO2="0.00" CO="0.00" HC="0.00" NOx="0.00" PMx="0.00" fuel="0.00" electricity="0.00" noise="71.06" route="routetop" type="cfm-slow" waiting="0.00" lane="top_0" pos="35.84" speed="27.20" angle="210.04" x="1.75" y="93.23"/>
        <vehicle id="cfm-slow_5" eclass="HBEFA3/PC_G_EU4" CO2="0.00" CO="0.00" HC="0.00" NOx="0.00" PMx="0.00" fuel="0.00" electricity="0.00" noise="70.36" route="routetop" type="cfm-slow" waiting="0.00" lane="left_0" pos="7.92" speed="25.54" angle="170.16" x="-2.81" y="46.70"/>
    </timestep>
    <timestep time="7.48">
        <vehicle id="cfm-fast_0" eclass="HBEFA3/PC_G_EU4" CO2="0.00" CO="0.00" HC="0.00" NOx="0.00" PMx="0.00" fuel="0.00" electricity="0.00" noise="70.44" route="routetop" type="cfm-fast" waiting="0.00" lane="left_0" pos="28.58" speed="24.28" angle="133.05" x="20.90" y="10.02"/>
        <vehicle id="cfm-fast_1" eclass="HBEFA3/PC_G_EU4" CO2="350584.88" CO="9050.62" HC="50.12" NOx="163.75" PMx="9.93" fuel="150.70" electricity="0.00" noise="154.31" route="routetop" type="cfm-fast" waiting="0.00" lane="left_1" pos="12.22" speed="88.74" angle="162.47" x="3.13" y="39.18"/>
        <vehicle id="cfm-fast_2" eclass="HBEFA3/PC_G_EU4" CO2="7903.48" CO="89.68" HC="0.60" NOx="3.09" PMx="0.16" fuel="3.40" electricity="0.00" noise="72.01" route="routetop" type="cfm-fast" waiting="0.00" lane="left_0" pos="43.81" speed="23.90" angle="105.74" x="50.34" y="-3.64"/>
        <vehicle id="cfm-fast_3" eclass="HBEFA3/PC_G_EU4" CO2="12869.34" CO="193.67" HC="1.20" NOx="5.42" PMx="0.29" fuel="5.53" electricity="0.00" noise="74.32" route="routebottom" type="cfm-fast" waiting="0.00" lane="bottom_0" pos="8.74" speed="24.58" angle="78.66" x="82.32" y="-2.35"/>
        <vehicle id="cfm-fast_4" eclass="HBEFA3/PC_G_EU4" CO2="403263.90" CO="10924.90" HC="60.04" NOx="188.51" PMx="11.63" fuel="173.34" electricity="0.00" noise="159.22" route="routebottom" type="cfm-fast" waiting="0.00" lane="bottom_1" pos="43.34" speed="101.52" angle="16.55" x="127.54" y="50.08"/>
        <vehicle id="cfm-fast_5" eclass="HBEFA3/PC_G_EU4" CO2="15660.54" CO="255.81" HC="1.56" NOx="6.71" PMx="0.37" fuel="6.73" electricity="0.00" noise="75.91" route="routebottom" type="cfm-fast" waiting="0.00" lane="bottom_0" pos="24.45" speed="25.94" angle="50.50" x="111.34" y="14.33"/>
        <vehicle id="cfm-slow_0" eclass="HBEFA3/PC_G_EU4" CO2="14365.80" CO="236.76" HC="1.44" NOx="6.06" PMx="0.34" fuel="6.18" electricity="0.00" noise="75.64" route="routebottom" type="cfm-slow" waiting="0.00" lane="bottom_0" pos="41.58" speed="27.57" angle="19.69" x="129.86" y="45.66"/>
        <vehicle id="cfm-slow_1" eclass="HBEFA3/PC_G_EU4" CO2="9214.71" CO="138.00" HC="0.86" NOx="3.60" PMx="0.21" fuel="3.96" electricity="0.00" noise="74.24" route="routebottom" type="cfm-slow" waiting="0.00" lane="right_0" pos="14.32" speed="28.81" angle="338.70" x="125.42" y="93.54"/>
        <vehicle id="cfm-slow_2" eclass="HBEFA3/PC_G_EU4" CO2="0.00" CO="0.00" HC="0.00" NOx="0.00" PMx="0.00" fuel="0.00" electricity="0.00" noise="72.86" route="routebottom" type="cfm-slow" waiting="0.00" lane="right_0" pos="38.27" speed="29.22" angle="295.62" x="88.42" y="127.64"/>
        <vehicle id="cfm-slow_3" eclass="HBEFA3/PC_G_EU4" CO2="0.00" CO="0.00" HC="0.00" NOx="0.00" PMx="0.00" fuel="0.00" electricity="0.00" noise="71.91" route="routetop" type="cfm-slow" waiting="0.00" lane="top_0" pos="12.55" speed="28.60" angle="251.85" x="37.28" y="126.99"/>
        <vehicle id="cfm-slow_4" eclass="HBEFA3/PC_G_EU4" CO2="0.00" CO="0.00" HC="0.00" NOx="0.00" PMx="0.00" fuel="0.00" electricity="0.00" noise="71.05" route="routetop" type="cfm-slow" waiting="0.00" lane="top_0" pos="36.11" speed="27.18" angle="209.57" x="1.50" y="92.70"/>
        <vehicle id="cfm-slow_5" eclass="HBEFA3/PC_G_EU4" CO2="0.00" CO="0.00" HC="0.00" NOx="0.00" PMx="0.00" fuel="0.00" electricity="0.00" noise="70.36" route="routetop" type="cfm-slow" waiting="0.00" lane="left_0" pos="8.18" speed="25.52" angle="169.69" x="-2.67" y="46.17"/>
    </timestep>
    <timestep time="7.49">
        <vehicle id="cfm-fast_0" eclass="HBEFA3/PC_G_EU4" CO2="0.00" CO="0.00" HC="0.00" NOx="0.00" PMx="0.00" fuel="0.00" electricity="0.00" noise="70.45" route="routetop" type="cfm-fast" waiting="0.00" lane="left_0" pos="28.82" speed="24.27" angle="132.60" x="21.31" y="9.70"/>
        <vehicle id="cfm-fast_1" eclass="HBEFA3/PC_G_EU4" CO2="351099.03" CO="9068.48" HC="50.22" NOx="163.99" PMx="9.95" fuel="150.92" electricity="0.00" noise="154.35" route="routetop" type="cfm-fast" waiting="0.00" lane="left_1" pos="13.11" speed="88.87" angle="160.92" x="3.83" y="37.50"/>
        <vehicle id="cfm-fast_2" eclass="HBEFA3/PC_G_EU4" CO2="7950.37" CO="90.66" HC="0.61" NOx="3.11" PMx="0.16" fuel="3.42" electricity="0.00" noise="72.03" route="routetop" type="cfm-fast" waiting="0.00" lane="left_0" pos="44.05" speed="23.91" angle="105.29" x="50.85" y="-3.74"/>
        <vehicle id="cfm-fast_3" eclass="HBEFA3/PC_G_EU4" CO2="12894.72" CO="194.23" HC="1.20" NOx="5.43" PMx="0.29" fuel="5.54" electricity="0.00" noise="74.33" route="routebottom" type="cfm-fast" waiting="0.00" lane="bottom_0" pos="8.99" speed="24.59" angle="78.27" x="82.83" y="-2.21"/>
        <vehicle id="cfm-fast_4" eclass="HBEFA3/PC_G_EU4" CO2="397812.09" CO="10820.96" HC="59.43" NOx="185.93" PMx="11.50" fuel="171.00" electricity="0.00" noise="158.28" route="routebottom" type="cfm-fast" waiting="0.00" lane="bottom_1" pos="44.36" speed="101.64" angle="14.67" x="127.94" y="52.13"/>
        <vehicle id="cfm-fast_5" eclass="HBEFA3/PC_G_EU4" CO2="15649.83" CO="255.65" HC="1.55" NOx="6.70" PMx="0.37" fuel="6.73" electricity="0.00" noise="75.91" route="routebottom" type="cfm-fast" waiting="0.00" lane="bottom_0" pos="24.71" speed="25.96" angle="50.02" x="111.73" y="14.72"/>
        <vehicle id="cfm-slow_0" eclass="HBEFA3/PC_G_EU4" CO2="14318.28" CO="235.85" HC="1.43" NOx="6.04" PMx="0.34" fuel="6.15" electricity="0.00" noise="75.62" route="routebottom" type="cfm-slow" waiting="0.00" lane="bottom_0" pos="41.85" speed="27.58" angle="19.19" x="130.01" y="46.23"/>
        <vehicle id="cfm-slow_1" eclass="HBEFA3/PC_G_EU4" CO2="9141.55" CO="136.53" HC="0.85" NOx="3.57" PMx="0.21" fuel="3.93" electricity="0.00" noise="74.22" route="routebottom" type="cfm-slow" waiting="0.00" lane="right_0" pos="14.61" speed="28.81" angle="338.15" x="125.14" y="94.10"/>
        <vehicle id="cfm-slow_2" eclass="HBEFA3/PC_G_EU4" CO2="0.00" CO="0.00" HC="0.00" NOx="0.00" PMx="0.00" fuel="0.00" electricity="0.00" noise="72.85" route="routebottom" type="cfm-slow" waiting="0.00" lane="right_0" pos="38.56" speed="29.21" angle="295.14" x="87.83" y="127.87"/>
        <vehicle id="cfm-slow_3" eclass="HBEFA3/PC_G_EU4" CO2="0.00" CO="0.00" HC="0.00" NOx="0.00" PMx="0.00" fuel="0.00" electricity="0.00" noise="71.90" route="routetop" type="cfm-slow" waiting="0.00" lane="top_0" pos="12.83" speed="28.59" angle="251.39" x="36.71" y="126.76"/>
        <vehicle id="cfm-slow_4" eclass="HBEFA3/PC_G_EU4" CO2="0.00" CO="0.00" HC="0.00" NOx="0.00" PMx="0.00" fuel="0.00" electricity="0.00" noise="71.05" route="routetop" type="cfm-slow" waiting="0.00" lane="top_0" pos="36.38" speed="27.16" angle="209.06" x="1.26" y="92.17"/>
        <vehicle id="cfm-slow_5" eclass="HBEFA3/PC_G_EU4" CO2="0.00" CO="0.00" HC="0.00" NOx="0.00" PMx="0.00" fuel="0.00" electricity="0.00" noise="70.36" route="routetop" type="cfm-slow" waiting="0.00" lane="left_0" pos="8.43" speed="25.51" angle="169.23" x="-2.52" y="45.64"/>
    </timestep>
    <timestep time="7.50">
        <vehicle id="cfm-fast_0" eclass="HBEFA3/PC_G_EU4" CO2="0.00" CO="0.00" HC="0.00" NOx="0.00" PMx="0.00" fuel="0.00" electricity="0.00" noise="70.46" route="routetop" type="cfm-fast" waiting="0.00" lane="left_0" pos="29.07" speed="24.27" angle="132.15" x="21.72" y="9.38"/>
        <vehicle id="cfm-fast_1" eclass="HBEFA3/PC_G_EU4" CO2="351565.26" CO="9085.36" HC="50.31" NOx="164.21" PMx="9.97" fuel="151.12" electricity="0.00" noise="154.39" route="routetop" type="cfm-fast" waiting="0.00" lane="left_1" pos="14.00" speed="89.00" angle="159.31" x="4.57" y="35.83"/>
        <vehicle id="cfm-fast_2" eclass="HBEFA3/PC_G_EU4" CO2="7997.06" CO="91.64" HC="0.62" NOx="3.13" PMx="0.16" fuel="3.44" electricity="0.00" noise="72.05" route="routetop" type="cfm-fast" waiting="0.00" lane="left_0" pos="44.29" speed="23.92" angle="104.85" x="51.36" y="-3.83"/>
        <vehicle id="cfm-fast_3" eclass="HBEFA3/PC_G_EU4" CO2="12919.81" CO="194.78" HC="1.21" NOx="5.44" PMx="0.29" fuel="5.55" electricity="0.00" noise="74.35" route="routebottom" type="cfm-fast" waiting="0.00" lane="bottom_0" pos="9.23" speed="24.61" angle="77.81" x="83.34" y="-2.06"/>
        <vehicle id="cfm-fast_4" eclass="HBEFA3/PC_G_EU4" CO2="392445.79" CO="10718.64" HC="58.83" NOx="183.40" PMx="11.36" fuel="168.69" electricity="0.00" noise="157.35" route="routebottom" type="cfm-fast" waiting="0.00" lane="bottom_1" pos="45.38" speed="101.76" angle="12.82" x="128.27" y="54.19"/>
        <vehicle id="cfm-fast_5" eclass="HBEFA3/PC_G_EU4" CO2="15638.78" CO="255.49" HC="1.55" NOx="6.69" PMx="0.37" fuel="6.72" electricity="0.00" noise="75.90" route="routebottom" type="cfm-fast" waiting="0.00" lane="bottom_0" pos="24.97" speed="25.98" angle="49.53" x="112.13" y="15.12"/>
        <vehicle id="cfm-slow_0" eclass="HBEFA3/PC_G_EU4" CO2="14270.50" CO="234.93" HC="1.43" NOx="6.01" PMx="0.34" fuel="6.13" electricity="0.00" noise="75.60" route="routebottom" type="cfm-slow" waiting="0.00" lane="bottom_0" pos="42.13" speed="27.59" angle="18.68" x="130.16" y="46.81"/>
        <vehicle id="cfm-slow_1" eclass="HBEFA3/PC_G_EU4" CO2="9068.42" CO="135.05" HC="0.84" NOx="3.53" PMx="0.21" fuel="3.90" electricity="0.00" noise="74.20" route="routebottom" type="cfm-slow" waiting="0.00" lane="right_0" pos="14.90" speed="28.82" angle="337.60" x="124.87" y="94.65"/>
        <vehicle id="cfm-slow_2" eclass="HBEFA3/PC_G_EU4" CO2="0.00" CO="0.00" HC="0.00" NOx="0.00" PMx="0.00" fuel="0.00" electricity="0.00" noise="72.84" route="routebottom" type="cfm-slow" waiting="0.00" lane="right_0" pos="38.86" speed="29.21" angle="294.61" x="87.24" y="128.08"/>
        <vehicle id="cfm-slow_3" eclass="HBEFA3/PC_G_EU4" CO2="0.00" CO="0.00" HC="0.00" NOx="0.00" PMx="0.00" fuel="0.00" electricity="0.00" noise="71.89" route="routetop" type="cfm-slow" waiting="0.00" lane="top_0" pos="13.12" speed="28.57" angle="250.87" x="36.15" y="126.51"/>
        <vehicle id="cfm-slow_4" eclass="HBEFA3/PC_G_EU4" CO2="0.00" CO="0.00" HC="0.00" NOx="0.00" PMx="0.00" fuel="0.00" electricity="0.00" noise="71.04" route="routetop" type="cfm-slow" waiting="0.00" lane="top_0" pos="36.65" speed="27.15" angle="208.55" x="1.02" y="91.64"/>
        <vehicle id="cfm-slow_5" eclass="HBEFA3/PC_G_EU4" CO2="0.00" CO="0.00" HC="0.00" NOx="0.00" PMx="0.00" fuel="0.00" electricity="0.00" noise="70.36" route="routetop" type="cfm-slow" waiting="0.00" lane="left_0" pos="8.69" speed="25.50" angle="168.76" x="-2.38" y="45.11"/>
    </timestep>
    <timestep time="7.51">
        <vehicle id="cfm-fast_0" eclass="HBEFA3/PC_G_EU4" CO2="0.00" CO="0.00" HC="0.00" NOx="0.00" PMx="0.00" fuel="0.00" electricity="0.00" noise="70.47" route="routetop" type="cfm-fast" waiting="0.00" lane="left_0" pos="29.31" speed="24.27" angle="131.70" x="22.13" y="9.06"/>
        <vehicle id="cfm-fast_1" eclass="HBEFA3/PC_G_EU4" CO2="351984.58" CO="9101.29" HC="50.39" NOx="164.41" PMx="9.98" fuel="151.30" electricity="0.00" noise="154.42" route="routetop" type="cfm-fast" waiting="0.00" lane="left_1" pos="14.89" speed="89.13" angle="157.70" x="5.38" y="34.20"/>
        <vehicle id="cfm-fast_2" eclass="HBEFA3/PC_G_EU4" CO2="8043.57" CO="92.61" HC="0.62" NOx="3.16" PMx="0.17" fuel="3.46" electricity="0.00" noise="72.07" route="routetop" type="cfm-fast" waiting="0.00" lane="left_0" pos="44.53" speed="23.92" angle="104.41" x="51.86" y="-3.92"/>
        <vehicle id="cfm-fast_3" eclass="HBEFA3/PC_G_EU4" CO2="12944.59" CO="195.33" HC="1.21" NOx="5.45" PMx="0.30" fuel="5.56" electricity="0.00" noise="74.36" route="routebottom" type="cfm-fast" waiting="0.00" lane="bottom_0" pos="9.48" speed="24.62" angle="77.36" x="83.85" y="-1.90"/>
        <vehicle id="cfm-fast_4" eclass="HBEFA3/PC_G_EU4" CO2="387164.00" CO="10617.93" HC="58.24" NOx="180.91" PMx="11.22" fuel="166.42" electricity="0.00" noise="156.44" route="routebottom" type="cfm-fast" waiting="0.00" lane="bottom_1" pos="46.40" speed="101.88" angle="11.03" x="128.55" y="56.26"/>
        <vehicle id="cfm-fast_5" eclass="HBEFA3/PC_G_EU4" CO2="15627.39" CO="255.32" HC="1.55" NOx="6.69" PMx="0.37" fuel="6.72" electricity="0.00" noise="75.90" route="routebottom" type="cfm-fast" waiting="0.00" lane="bottom_0" pos="25.23" speed="25.99" angle="49.05" x="112.52" y="15.51"/>
        <vehicle id="cfm-slow_0" eclass="HBEFA3/PC_G_EU4" CO2="14222.47" CO="234.01" HC="1.42" NOx="5.99" PMx="0.34" fuel="6.11" electricity="0.00" noise="75.59" route="routebottom" type="cfm-slow" waiting="0.00" lane="bottom_0" pos="42.40" speed="27.61" angle="18.24" x="130.31" y="47.38"/>
        <vehicle id="cfm-slow_1" eclass="HBEFA3/PC_G_EU4" CO2="8995.33" CO="133.58" HC="0.84" NOx="3.50" PMx="0.21" fuel="3.87" electricity="0.00" noise="74.18" route="routebottom" type="cfm-slow" waiting="0.00" lane="right_0" pos="15.19" speed="28.82" angle="337.05" x="124.59" y="95.21"/>
        <vehicle id="cfm-slow_2" eclass="HBEFA3/PC_G_EU4" CO2="0.00" CO="0.00" HC="0.00" NOx="0.00" PMx="0.00" fuel="0.00" electricity="0.00" noise="72.83" route="routebottom" type="cfm-slow" waiting="0.00" lane="right_0" pos="39.15" speed="29.20" angle="294.08" x="86.65" y="128.30"/>
        <vehicle id="cfm-slow_3" eclass="HBEFA3/PC_G_EU4" CO2="0.00" CO="0.00" HC="0.00" NOx="0.00" PMx="0.00" fuel="0.00" electricity="0.00" noise="71.88" route="routetop" type="cfm-slow" waiting="0.00" lane="top_0" pos="13.40" speed="28.56" angle="250.35" x="35.58" y="126.26"/>
        <vehicle id="cfm-slow_4" eclass="HBEFA3/PC_G_EU4" CO2="0.00" CO="0.00" HC="0.00" NOx="0.00" PMx="0.00" fuel="0.00" electricity="0.00" noise="71.03" route="routetop" type="cfm-slow" waiting="0.00" lane="top_0" pos="36.92" speed="27.13" angle="208.04" x="0.78" y="91.10"/>
        <vehicle id="cfm-slow_5" eclass="HBEFA3/PC_G_EU4" CO2="0.00" CO="0.00" HC="0.00" NOx="0.00" PMx="0.00" fuel="0.00" electricity="0.00" noise="70.36" route="routetop" type="cfm-slow" waiting="0.00" lane="left_0" pos="8.94" speed="25.49" angle="168.35" x="-2.24" y="44.58"/>
    </timestep>
    <timestep time="7.52">
        <vehicle id="cfm-fast_0" eclass="HBEFA3/PC_G_EU4" CO2="0.00" CO="0.00" HC="0.00" NOx="0.00" PMx="0.00" fuel="0.00" electricity="0.00" noise="70.48" route="routetop" type="cfm-fast" waiting="0.00" lane="left_0" pos="29.55" speed="24.26" angle="131.31" x="22.55" y="8.74"/>
        <vehicle id="cfm-fast_1" eclass="HBEFA3/PC_G_EU4" CO2="352357.94" CO="9116.28" HC="50.47" NOx="164.58" PMx="9.99" fuel="151.46" electricity="0.00" noise="154.44" route="routetop" type="cfm-fast" waiting="0.00" lane="left_1" pos="15.79" speed="89.26" angle="156.11" x="6.23" y="32.57"/>
        <vehicle id="cfm-fast_2" eclass="HBEFA3/PC_G_EU4" CO2="8089.88" CO="93.58" HC="0.63" NOx="3.18" PMx="0.17" fuel="3.48" electricity="0.00" noise="72.09" route="routetop" type="cfm-fast" waiting="0.00" lane="left_0" pos="44.77" speed="23.93" angle="103.96" x="52.37" y="-4.02"/>
        <vehicle id="cfm-fast_3" eclass="HBEFA3/PC_G_EU4" CO2="12969.07" CO="195.88" HC="1.21" NOx="5.46" PMx="0.30" fuel="5.57" electricity="0.00" noise="74.38" route="routebottom" type="cfm-fast" waiting="0.00" lane="bottom_0" pos="9.72" speed="24.63" angle="76.90" x="84.35" y="-1.74"/>
        <vehicle id="cfm-fast_4" eclass="HBEFA3/PC_G_EU4" CO2="381965.69" CO="10518.80" HC="57.66" NOx="178.45" PMx="11.09" fuel="164.19" electricity="0.00" noise="155.55" route="routebottom" type="cfm-fast" waiting="0.00" lane="bottom_1" pos="47.42" speed="102.00" angle="9.25" x="128.76" y="58.34"/>
        <vehicle id="cfm-fast_5" eclass="HBEFA3/PC_G_EU4" CO2="15615.68" CO="255.15" HC="1.55" NOx="6.68" PMx="0.37" fuel="6.71" electricity="0.00" noise="75.90" route="routebottom" type="cfm-fast" waiting="0.00" lane="bottom_0" pos="25.49" speed="26.01" angle="48.57" x="112.92" y="15.91"/>
        <vehicle id="cfm-slow_0" eclass="HBEFA3/PC_G_EU4" CO2="14174.17" CO="233.09" HC="1.42" NOx="5.97" PMx="0.34" fuel="6.09" electricity="0.00" noise="75.57" route="routebottom" type="cfm-slow" waiting="0.00" lane="bottom_0" pos="42.68" speed="27.62" angle="17.74" x="130.44" y="47.96"/>
        <vehicle id="cfm-slow_1" eclass="HBEFA3/PC_G_EU4" CO2="8922.27" CO="132.10" HC="0.83" NOx="3.46" PMx="0.20" fuel="3.84" electricity="0.00" noise="74.16" route="routebottom" type="cfm-slow" waiting="0.00" lane="right_0" pos="15.48" speed="28.83" angle="336.59" x="124.30" y="95.76"/>
        <vehicle id="cfm-slow_2" eclass="HBEFA3/PC_G_EU4" CO2="0.00" CO="0.00" HC="0.00" NOx="0.00" PMx="0.00" fuel="0.00" electricity="0.00" noise="72.82" route="routebottom" type="cfm-slow" waiting="0.00" lane="right_0" pos="39.44" speed="29.19" angle="293.56" x="86.06" y="128.51"/>
        <vehicle id="cfm-slow_3" eclass="HBEFA3/PC_G_EU4" CO2="0.00" CO="0.00" HC="0.00" NOx="0.00" PMx="0.00" fuel="0.00" electricity="0.00" noise="71.88" route="routetop" type="cfm-slow" waiting="0.00" lane="top_0" pos="13.69" speed="28.55" angle="249.83" x="35.02" y="126.01"/>
        <vehicle id="cfm-slow_4" eclass="HBEFA3/PC_G_EU4" CO2="0.00" CO="0.00" HC="0.00" NOx="0.00" PMx="0.00" fuel="0.00" electricity="0.00" noise="71.02" route="routetop" type="cfm-slow" waiting="0.00" lane="top_0" pos="37.19" speed="27.12" angle="207.60" x="0.54" y="90.57"/>
        <vehicle id="cfm-slow_5" eclass="HBEFA3/PC_G_EU4" CO2="0.00" CO="0.00" HC="0.00" NOx="0.00" PMx="0.00" fuel="0.00" electricity="0.00" noise="70.35" route="routetop" type="cfm-slow" waiting="0.00" lane="left_0" pos="9.20" speed="25.47" angle="167.88" x="-2.08" y="44.06"/>
    </timestep>
    <timestep time="7.53">
        <vehicle id="cfm-fast_0" eclass="HBEFA3/PC_G_EU4" CO2="0.00" CO="0.00" HC="0.00" NOx="0.00" PMx="0.00" fuel="0.00" electricity="0.00" noise="70.49" route="routetop" type="cfm-fast" waiting="0.00" lane="left_0" pos="29.80" speed="24.26" angle="130.87" x="22.97" y="8.43"/>
        <vehicle id="cfm-fast_1" eclass="HBEFA3/PC_G_EU4" CO2="352686.29" CO="9130.34" HC="50.54" NOx="164.74" PMx="10.00" fuel="151.60" electricity="0.00" noise="154.45" route="routetop" type="cfm-fast" waiting="0.00" lane="left_1" pos="16.68" speed="89.39" angle="154.52" x="7.12" y="30.97"/>
        <vehicle id="cfm-fast_2" eclass="HBEFA3/PC_G_EU4" CO2="8136.00" CO="94.54" HC="0.63" NOx="3.20" PMx="0.17" fuel="3.50" electricity="0.00" noise="72.11" route="routetop" type="cfm-fast" waiting="0.00" lane="left_0" pos="45.01" speed="23.94" angle="103.59" x="52.88" y="-4.10"/>
        <vehicle id="cfm-fast_3" eclass="HBEFA3/PC_G_EU4" CO2="12993.25" CO="196.41" HC="1.22" NOx="5.48" PMx="0.30" fuel="5.59" electricity="0.00" noise="74.39" route="routebottom" type="cfm-fast" waiting="0.00" lane="bottom_0" pos="9.97" speed="24.65" angle="76.45" x="84.86" y="-1.59"/>
        <vehicle id="cfm-fast_4" eclass="HBEFA3/PC_G_EU4" CO2="376849.84" CO="10421.23" HC="57.09" NOx="176.04" PMx="10.96" fuel="161.99" electricity="0.00" noise="154.68" route="routebottom" type="cfm-fast" waiting="0.00" lane="bottom_1" pos="48.44" speed="102.11" angle="7.30" x="128.89" y="60.43"/>
        <vehicle id="cfm-fast_5" eclass="HBEFA3/PC_G_EU4" CO2="15603.63" CO="254.97" HC="1.55" NOx="6.68" PMx="0.37" fuel="6.71" electricity="0.00" noise="75.89" route="routebottom" type="cfm-fast" waiting="0.00" lane="bottom_0" pos="25.75" speed="26.02" angle="48.15" x="113.31" y="16.31"/>
        <vehicle id="cfm-slow_0" eclass="HBEFA3/PC_G_EU4" CO2="14125.62" CO="232.16" HC="1.41" NOx="5.94" PMx="0.33" fuel="6.07" electricity="0.00" noise="75.55" route="routebottom" type="cfm-slow" waiting="0.00" lane="bottom_0" pos="42.96" speed="27.63" angle="17.24" x="130.57" y="48.54"/>
        <vehicle id="cfm-slow_1" eclass="HBEFA3/PC_G_EU4" CO2="8849.26" CO="130.63" HC="0.82" NOx="3.43" PMx="0.20" fuel="3.80" electricity="0.00" noise="74.14" route="routebottom" type="cfm-slow" waiting="0.00" lane="right_0" pos="15.77" speed="28.83" angle="336.07" x="124.00" y="96.30"/>
        <vehicle id="cfm-slow_2" eclass="HBEFA3/PC_G_EU4" CO2="0.00" CO="0.00" HC="0.00" NOx="0.00" PMx="0.00" fuel="0.00" electricity="0.00" noise="72.81" route="routebottom" type="cfm-slow" waiting="0.00" lane="right_0" pos="39.73" speed="29.19" angle="293.08" x="85.47" y="128.72"/>
        <vehicle id="cfm-slow_3" eclass="HBEFA3/PC_G_EU4" CO2="0.00" CO="0.00" HC="0.00" NOx="0.00" PMx="0.00" fuel="0.00" electricity="0.00" noise="71.87" route="routetop" type="cfm-slow" waiting="0.00" lane="top_0" pos="13.97" speed="28.53" angle="249.32" x="34.46" y="125.76"/>
        <vehicle id="cfm-slow_4" eclass="HBEFA3/PC_G_EU4" CO2="0.00" CO="0.00" HC="0.00" NOx="0.00" PMx="0.00" fuel="0.00" electricity="0.00" noise="71.02" route="routetop" type="cfm-slow" waiting="0.00" lane="top_0" pos="37.47" speed="27.10" angle="207.11" x="0.33" y="90.03"/>
        <vehicle id="cfm-slow_5" eclass="HBEFA3/PC_G_EU4" CO2="0.00" CO="0.00" HC="0.00" NOx="0.00" PMx="0.00" fuel="0.00" electricity="0.00" noise="70.35" route="routetop" type="cfm-slow" waiting="0.00" lane="left_0" pos="9.45" speed="25.46" angle="167.41" x="-1.92" y="43.54"/>
    </timestep>
    <timestep time="7.54">
        <vehicle id="cfm-fast_0" eclass="HBEFA3/PC_G_EU4" CO2="0.00" CO="0.00" HC="0.00" NOx="0.00" PMx="0.00" fuel="0.00" electricity="0.00" noise="70.50" route="routetop" type="cfm-fast" waiting="0.00" lane="left_0" pos="30.04" speed="24.26" angle="130.42" x="23.39" y="8.13"/>
        <vehicle id="cfm-fast_1" eclass="HBEFA3/PC_G_EU4" CO2="352970.59" CO="9143.51" HC="50.61" NOx="164.87" PMx="10.01" fuel="151.72" electricity="0.00" noise="154.46" route="routetop" type="cfm-fast" waiting="0.00" lane="left_1" pos="17.58" speed="89.51" angle="152.84" x="8.07" y="29.40"/>
        <vehicle id="cfm-fast_2" eclass="HBEFA3/PC_G_EU4" CO2="8181.93" CO="95.51" HC="0.64" NOx="3.22" PMx="0.17" fuel="3.52" electricity="0.00" noise="72.13" route="routetop" type="cfm-fast" waiting="0.00" lane="left_0" pos="45.25" speed="23.94" angle="103.15" x="53.39" y="-4.17"/>
        <vehicle id="cfm-fast_3" eclass="HBEFA3/PC_G_EU4" CO2="13017.13" CO="196.95" HC="1.22" NOx="5.49" PMx="0.30" fuel="5.60" electricity="0.00" noise="74.41" route="routebottom" type="cfm-fast" waiting="0.00" lane="bottom_0" pos="10.22" speed="24.66" angle="76.06" x="85.37" y="-1.43"/>
        <vehicle id="cfm-fast_4" eclass="HBEFA3/PC_G_EU4" CO2="371815.44" CO="10325.22" HC="56.53" NOx="173.66" PMx="10.83" fuel="159.83" electricity="0.00" noise="153.82" route="routebottom" type="cfm-fast" waiting="0.00" lane="bottom_1" pos="49.46" speed="102.23" angle="5.46" x="128.95" y="62.52"/>
        <vehicle id="cfm-fast_5" eclass="HBEFA3/PC_G_EU4" CO2="15591.25" CO="254.78" HC="1.55" NOx="6.67" PMx="0.37" fuel="6.70" electricity="0.00" noise="75.89" route="routebottom" type="cfm-fast" waiting="0.00" lane="bottom_0" pos="26.01" speed="26.04" angle="47.68" x="113.69" y="16.72"/>
        <vehicle id="cfm-slow_0" eclass="HBEFA3/PC_G_EU4" CO2="14076.82" CO="231.22" HC="1.41" NOx="5.92" PMx="0.33" fuel="6.05" electricity="0.00" noise="75.54" route="routebottom" type="cfm-slow" waiting="0.00" lane="bottom_0" pos="43.23" speed="27.64" angle="16.74" x="130.71" y="49.12"/>
        <vehicle id="cfm-slow_1" eclass="HBEFA3/PC_G_EU4" CO2="8776.28" CO="129.16" HC="0.81" NOx="3.39" PMx="0.20" fuel="3.77" electricity="0.00" noise="74.13" route="routebottom" type="cfm-slow" waiting="0.00" lane="right_0" pos="16.05" speed="28.84" angle="335.55" x="123.70" y="96.84"/>
        <vehicle id="cfm-slow_2" eclass="HBEFA3/PC_G_EU4" CO2="0.00" CO="0.00" HC="0.00" NOx="0.00" PMx="0.00" fuel="0.00" electricity="0.00" noise="72.79" route="routebottom" type="cfm-slow" waiting="0.00" lane="right_0" pos="40.02" speed="29.18" angle="292.54" x="84.87" y="128.91"/>
        <vehicle id="cfm-slow_3" eclass="HBEFA3/PC_G_EU4" CO2="0.00" CO="0.00" HC="0.00" NOx="0.00" PMx="0.00" fuel="0.00" electricity="0.00" noise="71.86" route="routetop" type="cfm-slow" waiting="0.00" lane="top_0" pos="14.26" speed="28.52" angle="248.83" x="33.91" y="125.49"/>
        <vehicle id="cfm-slow_4" eclass="HBEFA3/PC_G_EU4" CO2="0.00" CO="0.00" HC="0.00" NOx="0.00" PMx="0.00" fuel="0.00" electricity="0.00" noise="71.01" route="routetop" type="cfm-slow" waiting="0.00" lane="top_0" pos="37.74" speed="27.08" angle="206.61" x="0.11" y="89.49"/>
        <vehicle id="cfm-slow_5" eclass="HBEFA3/PC_G_EU4" CO2="0.00" CO="0.00" HC="0.00" NOx="0.00" PMx="0.00" fuel="0.00" electricity="0.00" noise="70.35" route="routetop" type="cfm-slow" waiting="0.00" lane="left_0" pos="9.71" speed="25.45" angle="166.94" x="-1.75" y="43.01"/>
    </timestep>
    <timestep time="7.55">
        <vehicle id="cfm-fast_0" eclass="HBEFA3/PC_G_EU4" CO2="0.00" CO="0.00" HC="0.00" NOx="0.00" PMx="0.00" fuel="0.00" electricity="0.00" noise="70.51" route="routetop" type="cfm-fast" waiting="0.00" lane="left_0" pos="30.28" speed="24.25" angle="129.98" x="23.82" y="7.82"/>
        <vehicle id="cfm-fast_1" eclass="HBEFA3/PC_G_EU4" CO2="353211.75" CO="9155.80" HC="50.67" NOx="164.98" PMx="10.02" fuel="151.83" electricity="0.00" noise="154.45" route="routetop" type="cfm-fast" waiting="0.00" lane="left_1" pos="18.47" speed="89.64" angle="151.21" x="9.06" y="27.85"/>
        <vehicle id="cfm-fast_2" eclass="HBEFA3/PC_G_EU4" CO2="8227.66" CO="96.46" HC="0.64" NOx="3.24" PMx="0.17" fuel="3.54" electricity="0.00" noise="72.15" route="routetop" type="cfm-fast" waiting="0.00" lane="left_0" pos="45.49" speed="23.95" angle="102.70" x="53.90" y="-4.24"/>
        <vehicle id="cfm-fast_3" eclass="HBEFA3/PC_G_EU4" CO2="13040.70" CO="197.47" HC="1.22" NOx="5.50" PMx="0.30" fuel="5.61" electricity="0.00" noise="74.42" route="routebottom" type="cfm-fast" waiting="0.00" lane="bottom_0" pos="10.46" speed="24.68" angle="75.61" x="85.87" y="-1.25"/>
        <vehicle id="cfm-fast_4" eclass="HBEFA3/PC_G_EU4" CO2="366861.48" CO="10230.73" HC="55.98" NOx="171.32" PMx="10.71" fuel="157.70" electricity="0.00" noise="152.97" route="routebottom" type="cfm-fast" waiting="0.00" lane="right_1" pos="0.48" speed="102.34" angle="3.61" x="128.95" y="64.68"/>
        <vehicle id="cfm-fast_5" eclass="HBEFA3/PC_G_EU4" CO2="15578.54" CO="254.58" HC="1.55" NOx="6.66" PMx="0.37" fuel="6.70" electricity="0.00" noise="75.89" route="routebottom" type="cfm-fast" waiting="0.00" lane="bottom_0" pos="26.27" speed="26.06" angle="47.20" x="114.07" y="17.13"/>
        <vehicle id="cfm-slow_0" eclass="HBEFA3/PC_G_EU4" CO2="14027.78" CO="230.28" HC="1.40" NOx="5.90" PMx="0.33" fuel="6.03" electricity="0.00" noise="75.52" route="routebottom" type="cfm-slow" waiting="0.00" lane="bottom_0" pos="43.51" speed="27.66" angle="16.25" x="130.84" y="49.70"/>
        <vehicle id="cfm-slow_1" eclass="HBEFA3/PC_G_EU4" CO2="8703.36" CO="127.68" HC="0.80" NOx="3.36" PMx="0.20" fuel="3.74" electricity="0.00" noise="74.11" route="routebottom" type="cfm-slow" waiting="0.00" lane="right_0" pos="16.34" speed="28.84" angle="335.03" x="123.40" y="97.38"/>
        <vehicle id="cfm-slow_2" eclass="HBEFA3/PC_G_EU4" CO2="0.00" CO="0.00" HC="0.00" NOx="0.00" PMx="0.00" fuel="0.00" electricity="0.00" noise="72.78" route="routebottom" type="cfm-slow" waiting="0.00" lane="right_0" pos="40.32" speed="29.18" angle="291.99" x="84.27" y="129.10"/>
        <vehicle id="cfm-slow_3" eclass="HBEFA3/PC_G_EU4" CO2="0.00" CO="0.00" HC="0.00" NOx="0.00" PMx="0.00" fuel="0.00" electricity="0.00" noise="71.85" route="routetop" type="cfm-slow" waiting="0.00" lane="top_0" pos="14.54" speed="28.51" angle="248.29" x="33.36" y="125.21"/>
        <vehicle id="cfm-slow_4" eclass="HBEFA3/PC_G_EU4" CO2="0.00" CO="0.00" HC="0.00" NOx="0.00" PMx="0.00" fuel="0.00" electricity="0.00" noise="71.00" route="routetop" type="cfm-slow" waiting="0.00" lane="top_0" pos="38.01" speed="27.07" angle="206.11" x="-0.11" y="88.95"/>
        <vehicle id="cfm-slow_5" eclass="HBEFA3/PC_G_EU4" CO2="0.00" CO="0.00" HC="0.00" NOx="0.00" PMx="0.00" fuel="0.00" electricity="0.00" noise="70.35" route="routetop" type="cfm-slow" waiting="0.00" lane="left_0" pos="9.96" speed="25.44" angle="166.46" x="-1.59" y="42.49"/>
    </timestep>
    <timestep time="7.56">
        <vehicle id="cfm-fast_0" eclass="HBEFA3/PC_G_EU4" CO2="0.00" CO="0.00" HC="0.00" NOx="0.00" PMx="0.00" fuel="0.00" electricity="0.00" noise="70.52" route="routetop" type="cfm-fast" waiting="0.00" lane="left_0" pos="30.52" speed="24.25" angle="129.53" x="24.24" y="7.52"/>
        <vehicle id="cfm-fast_1" eclass="HBEFA3/PC_G_EU4" CO2="353410.68" CO="9167.22" HC="50.73" NOx="165.07" PMx="10.03" fuel="151.91" electricity="0.00" noise="154.44" route="routetop" type="cfm-fast" waiting="0.00" lane="left_1" pos="19.37" speed="89.77" angle="149.57" x="10.09" y="26.33"/>
        <vehicle id="cfm-fast_2" eclass="HBEFA3/PC_G_EU4" CO2="8273.20" CO="97.42" HC="0.65" NOx="3.26" PMx="0.17" fuel="3.56" electricity="0.00" noise="72.17" route="routetop" type="cfm-fast" waiting="0.00" lane="left_0" pos="45.73" speed="23.96" angle="102.26" x="54.41" y="-4.31"/>
        <vehicle id="cfm-fast_3" eclass="HBEFA3/PC_G_EU4" CO2="13063.97" CO="197.99" HC="1.23" NOx="5.51" PMx="0.30" fuel="5.62" electricity="0.00" noise="74.44" route="routebottom" type="cfm-fast" waiting="0.00" lane="bottom_0" pos="10.71" speed="24.69" angle="75.15" x="86.37" y="-1.07"/>
        <vehicle id="cfm-fast_4" eclass="HBEFA3/PC_G_EU4" CO2="361986.92" CO="10137.75" HC="55.43" NOx="169.02" PMx="10.58" fuel="155.60" electricity="0.00" noise="152.14" route="routebottom" type="cfm-fast" waiting="0.00" lane="right_1" pos="1.51" speed="102.45" angle="1.78" x="128.89" y="66.78"/>
        <vehicle id="cfm-fast_5" eclass="HBEFA3/PC_G_EU4" CO2="15565.49" CO="254.38" HC="1.55" NOx="6.66" PMx="0.37" fuel="6.69" electricity="0.00" noise="75.88" route="routebottom" type="cfm-fast" waiting="0.00" lane="bottom_0" pos="26.53" speed="26.07" angle="46.72" x="114.45" y="17.54"/>
        <vehicle id="cfm-slow_0" eclass="HBEFA3/PC_G_EU4" CO2="13978.48" CO="229.33" HC="1.39" NOx="5.87" PMx="0.33" fuel="6.01" electricity="0.00" noise="75.50" route="routebottom" type="cfm-slow" waiting="0.00" lane="bottom_0" pos="43.79" speed="27.67" angle="15.77" x="130.95" y="50.29"/>
        <vehicle id="cfm-slow_1" eclass="HBEFA3/PC_G_EU4" CO2="8630.48" CO="126.21" HC="0.79" NOx="3.32" PMx="0.20" fuel="3.71" electricity="0.00" noise="74.09" route="routebottom" type="cfm-slow" waiting="0.00" lane="right_0" pos="16.63" speed="28.84" angle="334.55" x="123.10" y="97.93"/>
        <vehicle id="cfm-slow_2" eclass="HBEFA3/PC_G_EU4" CO2="0.00" CO="0.00" HC="0.00" NOx="0.00" PMx="0.00" fuel="0.00" electricity="0.00" noise="72.77" route="routebottom" type="cfm-slow" waiting="0.00" lane="right_0" pos="40.61" speed="29.17" angle="291.43" x="83.67" y="129.28"/>
        <vehicle id="cfm-slow_3" eclass="HBEFA3/PC_G_EU4" CO2="0.00" CO="0.00" HC="0.00" NOx="0.00" PMx="0.00" fuel="0.00" electricity="0.00" noise="71.84" route="routetop" type="cfm-slow" waiting="0.00" lane="top_0" pos="14.83" speed="28.49" angle="247.74" x="32.82" y="124.94"/>
        <vehicle id="cfm-slow_4" eclass="HBEFA3/PC_G_EU4" CO2="0.00" CO="0.00" HC="0.00" NOx="0.00" PMx="0.00" fuel="0.00" electricity="0.00" noise="71.00" route="routetop" type="cfm-slow" waiting="0.00" lane="top_0" pos="38.28" speed="27.05" angle="205.62" x="-0.32" y="88.41"/>
        <vehicle id="cfm-slow_5" eclass="HBEFA3/PC_G_EU4" CO2="0.00" CO="0.00" HC="0.00" NOx="0.00" PMx="0.00" fuel="0.00" electricity="0.00" noise="70.35" route="routetop" type="cfm-slow" waiting="0.00" lane="left_0" pos="10.22" speed="25.43" angle="166.05" x="-1.43" y="41.97"/>
    </timestep>
    <timestep time="7.57">
        <vehicle id="cfm-fast_0" eclass="HBEFA3/PC_G_EU4" CO2="0.00" CO="0.00" HC="0.00" NOx="0.00" PMx="0.00" fuel="0.00" electricity="0.00" noise="70.53" route="routetop" type="cfm-fast" waiting="0.00" lane="left_0" pos="30.77" speed="24.25" angle="129.15" x="24.66" y="7.21"/>
        <vehicle id="cfm-fast_1" eclass="HBEFA3/PC_G_EU4" CO2="353568.28" CO="9177.79" HC="50.78" NOx="165.15" PMx="10.04" fuel="151.98" electricity="0.00" noise="154.42" route="routetop" type="cfm-fast" waiting="0.00" lane="left_1" pos="20.27" speed="89.90" angle="147.93" x="11.16" y="24.83"/>
        <vehicle id="cfm-fast_2" eclass="HBEFA3/PC_G_EU4" CO2="8318.54" CO="98.37" HC="0.65" NOx="3.29" PMx="0.17" fuel="3.58" electricity="0.00" noise="72.19" route="routetop" type="cfm-fast" waiting="0.00" lane="left_0" pos="45.97" speed="23.96" angle="101.81" x="54.92" y="-4.38"/>
        <vehicle id="cfm-fast_3" eclass="HBEFA3/PC_G_EU4" CO2="13086.93" CO="198.50" HC="1.23" NOx="5.52" PMx="0.30" fuel="5.63" electricity="0.00" noise="74.45" route="routebottom" type="cfm-fast" waiting="0.00" lane="bottom_0" pos="10.96" speed="24.70" angle="74.69" x="86.87" y="-0.89"/>
        <vehicle id="cfm-fast_4" eclass="HBEFA3/PC_G_EU4" CO2="357190.76" CO="10046.26" HC="54.90" NOx="166.76" PMx="10.46" fuel="153.54" electricity="0.00" noise="151.33" route="routebottom" type="cfm-fast" waiting="0.00" lane="right_1" pos="2.53" speed="102.55" angle="359.96" x="128.77" y="68.88"/>
        <vehicle id="cfm-fast_5" eclass="HBEFA3/PC_G_EU4" CO2="15552.12" CO="254.17" HC="1.55" NOx="6.65" PMx="0.37" fuel="6.69" electricity="0.00" noise="75.88" route="routebottom" type="cfm-fast" waiting="0.00" lane="bottom_0" pos="26.79" speed="26.09" angle="46.25" x="114.83" y="17.96"/>
        <vehicle id="cfm-slow_0" eclass="HBEFA3/PC_G_EU4" CO2="13928.94" CO="228.38" HC="1.39" NOx="5.85" PMx="0.33" fuel="5.99" electricity="0.00" noise="75.49" route="routebottom" type="cfm-slow" waiting="0.00" lane="bottom_0" pos="44.06" speed="27.68" angle="15.25" x="131.06" y="50.87"/>
        <vehicle id="cfm-slow_1" eclass="HBEFA3/PC_G_EU4" CO2="8557.66" CO="124.74" HC="0.78" NOx="3.29" PMx="0.19" fuel="3.68" electricity="0.00" noise="74.07" route="routebottom" type="cfm-slow" waiting="0.00" lane="right_0" pos="16.92" speed="28.85" angle="334.03" x="122.78" y="98.46"/>
        <vehicle id="cfm-slow_2" eclass="HBEFA3/PC_G_EU4" CO2="0.00" CO="0.00" HC="0.00" NOx="0.00" PMx="0.00" fuel="0.00" electricity="0.00" noise="72.76" route="routebottom" type="cfm-slow" waiting="0.00" lane="right_0" pos="40.90" speed="29.17" angle="290.87" x="83.07" y="129.47"/>
        <vehicle id="cfm-slow_3" eclass="HBEFA3/PC_G_EU4" CO2="0.00" CO="0.00" HC="0.00" NOx="0.00" PMx="0.00" fuel="0.00" electricity="0.00" noise="71.83" route="routetop" type="cfm-slow" waiting="0.00" lane="top_0" pos="15.11" speed="28.48" angle="247.20" x="32.27" y="124.66"/>
        <vehicle id="cfm-slow_4" eclass="HBEFA3/PC_G_EU4" CO2="0.00" CO="0.00" HC="0.00" NOx="0.00" PMx="0.00" fuel="0.00" electricity="0.00" noise="70.99" route="routetop" type="cfm-slow" waiting="0.00" lane="top_0" pos="38.55" speed="27.04" angle="205.17" x="-0.53" y="87.87"/>
        <vehicle id="cfm-slow_5" eclass="HBEFA3/PC_G_EU4" CO2="0.00" CO="0.00" HC="0.00" NOx="0.00" PMx="0.00" fuel="0.00" electricity="0.00" noise="70.35" route="routetop" type="cfm-slow" waiting="0.00" lane="left_0" pos="10.47" speed="25.41" angle="165.59" x="-1.25" y="41.45"/>
    </timestep>
    <timestep time="7.58">
        <vehicle id="cfm-fast_0" eclass="HBEFA3/PC_G_EU4" CO2="0.00" CO="0.00" HC="0.00" NOx="0.00" PMx="0.00" fuel="0.00" electricity="0.00" noise="70.54" route="routetop" type="cfm-fast" waiting="0.00" lane="left_0" pos="31.01" speed="24.24" angle="128.72" x="25.10" y="6.92"/>
        <vehicle id="cfm-fast_1" eclass="HBEFA3/PC_G_EU4" CO2="353685.43" CO="9187.53" HC="50.83" NOx="165.20" PMx="10.05" fuel="152.03" electricity="0.00" noise="154.40" route="routetop" type="cfm-fast" waiting="0.00" lane="left_1" pos="21.17" speed="90.03" angle="146.36" x="12.28" y="23.36"/>
        <vehicle id="cfm-fast_2" eclass="HBEFA3/PC_G_EU4" CO2="8363.68" CO="99.31" HC="0.66" NOx="3.31" PMx="0.17" fuel="3.60" electricity="0.00" noise="72.21" route="routetop" type="cfm-fast" waiting="0.00" lane="left_0" pos="46.21" speed="23.97" angle="101.43" x="55.43" y="-4.45"/>
        <vehicle id="cfm-fast_3" eclass="HBEFA3/PC_G_EU4" CO2="13109.58" CO="199.01" HC="1.23" NOx="5.53" PMx="0.30" fuel="5.64" electricity="0.00" noise="74.46" route="routebottom" type="cfm-fast" waiting="0.00" lane="bottom_0" pos="11.20" speed="24.72" angle="74.23" x="87.37" y="-0.71"/>
        <vehicle id="cfm-fast_4" eclass="HBEFA3/PC_G_EU4" CO2="352472.00" CO="9956.24" HC="54.37" NOx="164.53" PMx="10.34" fuel="151.51" electricity="0.00" noise="150.53" route="routebottom" type="cfm-fast" waiting="0.00" lane="right_1" pos="3.56" speed="102.66" angle="358.10" x="128.56" y="70.98"/>
        <vehicle id="cfm-fast_5" eclass="HBEFA3/PC_G_EU4" CO2="15538.41" CO="253.96" HC="1.54" NOx="6.64" PMx="0.37" fuel="6.68" electricity="0.00" noise="75.88" route="routebottom" type="cfm-fast" waiting="0.00" lane="bottom_0" pos="27.06" speed="26.10" angle="45.83" x="115.20" y="18.38"/>
        <vehicle id="cfm-slow_0" eclass="HBEFA3/PC_G_EU4" CO2="13879.16" CO="227.42" HC="1.38" NOx="5.83" PMx="0.33" fuel="5.97" electricity="0.00" noise="75.47" route="routebottom" type="cfm-slow" waiting="0.00" lane="bottom_0" pos="44.34" speed="27.69" angle="14.73" x="131.17" y="51.46"/>
        <vehicle id="cfm-slow_1" eclass="HBEFA3/PC_G_EU4" CO2="8484.90" CO="123.26" HC="0.78" NOx="3.25" PMx="0.19" fuel="3.65" electricity="0.00" noise="74.05" route="routebottom" type="cfm-slow" waiting="0.00" lane="right_0" pos="17.21" speed="28.85" angle="333.51" x="122.46" y="98.99"/>
        <vehicle id="cfm-slow_2" eclass="HBEFA3/PC_G_EU4" CO2="0.00" CO="0.00" HC="0.00" NOx="0.00" PMx="0.00" fuel="0.00" electricity="0.00" noise="72.75" route="routebottom" type="cfm-slow" waiting="0.00" lane="right_0" pos="41.19" speed="29.16" angle="290.40" x="82.47" y="129.64"/>
        <vehicle id="cfm-slow_3" eclass="HBEFA3/PC_G_EU4" CO2="0.00" CO="0.00" HC="0.00" NOx="0.00" PMx="0.00" fuel="0.00" electricity="0.00" noise="71.83" route="routetop" type="cfm-slow" waiting="0.00" lane="top_0" pos="15.40" speed="28.47" angle="246.73" x="31.72" y="124.38"/>
        <vehicle id="cfm-slow_4" eclass="HBEFA3/PC_G_EU4" CO2="0.00" CO="0.00" HC="0.00" NOx="0.00" PMx="0.00" fuel="0.00" electricity="0.00" noise="70.98" route="routetop" type="cfm-slow" waiting="0.00" lane="top_0" pos="38.82" speed="27.02" angle="204.67" x="-0.73" y="87.32"/>
        <vehicle id="cfm-slow_5" eclass="HBEFA3/PC_G_EU4" CO2="0.00" CO="0.00" HC="0.00" NOx="0.00" PMx="0.00" fuel="0.00" electricity="0.00" noise="70.34" route="routetop" type="cfm-slow" waiting="0.00" lane="left_0" pos="10.72" speed="25.40" angle="165.12" x="-1.06" y="40.94"/>
    </timestep>
    <timestep time="7.59">
        <vehicle id="cfm-fast_0" eclass="HBEFA3/PC_G_EU4" CO2="0.00" CO="0.00" HC="0.00" NOx="0.00" PMx="0.00" fuel="0.00" electricity="0.00" noise="70.55" route="routetop" type="cfm-fast" waiting="0.00" lane="left_0" pos="31.25" speed="24.24" angle="128.28" x="25.53" y="6.63"/>
        <vehicle id="cfm-fast_1" eclass="HBEFA3/PC_G_EU4" CO2="353762.98" CO="9196.46" HC="50.87" NOx="165.24" PMx="10.05" fuel="152.07" electricity="0.00" noise="154.36" route="routetop" type="cfm-fast" waiting="0.00" lane="left_1" pos="22.07" speed="90.15" angle="144.77" x="13.44" y="21.92"/>
        <vehicle id="cfm-fast_2" eclass="HBEFA3/PC_G_EU4" CO2="8408.63" CO="100.25" HC="0.66" NOx="3.33" PMx="0.18" fuel="3.61" electricity="0.00" noise="72.23" route="routetop" type="cfm-fast" waiting="0.00" lane="left_0" pos="46.45" speed="23.98" angle="100.99" x="55.94" y="-4.51"/>
        <vehicle id="cfm-fast_3" eclass="HBEFA3/PC_G_EU4" CO2="13131.93" CO="199.51" HC="1.23" NOx="5.54" PMx="0.30" fuel="5.64" electricity="0.00" noise="74.48" route="routebottom" type="cfm-fast" waiting="0.00" lane="bottom_0" pos="11.45" speed="24.73" angle="73.80" x="87.87" y="-0.53"/>
        <vehicle id="cfm-fast_4" eclass="HBEFA3/PC_G_EU4" CO2="347829.62" CO="9867.68" HC="53.85" NOx="162.34" PMx="10.22" fuel="149.52" electricity="0.00" noise="149.75" route="routebottom" type="cfm-fast" waiting="0.00" lane="right_1" pos="4.59" speed="102.76" angle="356.26" x="128.28" y="73.06"/>
        <vehicle id="cfm-fast_5" eclass="HBEFA3/PC_G_EU4" CO2="15524.38" CO="253.73" HC="1.54" NOx="6.64" PMx="0.37" fuel="6.67" electricity="0.00" noise="75.87" route="routebottom" type="cfm-fast" waiting="0.00" lane="bottom_0" pos="27.32" speed="26.12" angle="45.34" x="115.57" y="18.81"/>
        <vehicle id="cfm-slow_0" eclass="HBEFA3/PC_G_EU4" CO2="13829.14" CO="226.45" HC="1.38" NOx="5.80" PMx="0.33" fuel="5.94" electricity="0.00" noise="75.45" route="routebottom" type="cfm-slow" waiting="0.00" lane="bottom_0" pos="44.62" speed="27.70" angle="14.20" x="131.28" y="52.04"/>
        <vehicle id="cfm-slow_1" eclass="HBEFA3/PC_G_EU4" CO2="8412.20" CO="121.79" HC="0.77" NOx="3.22" PMx="0.19" fuel="3.62" electricity="0.00" noise="74.04" route="routebottom" type="cfm-slow" waiting="0.00" lane="right_0" pos="17.50" speed="28.86" angle="332.99" x="122.15" y="99.53"/>
        <vehicle id="cfm-slow_2" eclass="HBEFA3/PC_G_EU4" CO2="0.00" CO="0.00" HC="0.00" NOx="0.00" PMx="0.00" fuel="0.00" electricity="0.00" noise="72.74" route="routebottom" type="cfm-slow" waiting="0.00" lane="right_0" pos="41.48" speed="29.16" angle="289.87" x="81.86" y="129.81"/>
        <vehicle id="cfm-slow_3" eclass="HBEFA3/PC_G_EU4" CO2="0.00" CO="0.00" HC="0.00" NOx="0.00" PMx="0.00" fuel="0.00" electricity="0.00" noise="71.82" route="routetop" type="cfm-slow" waiting="0.00" lane="top_0" pos="15.68" speed="28.45" angle="246.22" x="31.19" y="124.09"/>
        <vehicle id="cfm-slow_4" eclass="HBEFA3/PC_G_EU4" CO2="0.00" CO="0.00" HC="0.00" NOx="0.00" PMx="0.00" fuel="0.00" electricity="0.00" noise="70.98" route="routetop" type="cfm-slow" waiting="0.00" lane="top_0" pos="39.09" speed="27.01" angle="204.17" x="-0.93" y="86.77"/>
        <vehicle id="cfm-slow_5" eclass="HBEFA3/PC_G_EU4" CO2="0.00" CO="0.00" HC="0.00" NOx="0.00" PMx="0.00" fuel="0.00" electricity="0.00" noise="70.34" route="routetop" type="cfm-slow" waiting="0.00" lane="left_0" pos="10.98" speed="25.39" angle="164.65" x="-0.88" y="40.42"/>
    </timestep>
    <timestep time="7.60">
        <vehicle id="cfm-fast_0" eclass="HBEFA3/PC_G_EU4" CO2="0.00" CO="0.00" HC="0.00" NOx="0.00" PMx="0.00" fuel="0.00" electricity="0.00" noise="70.56" route="routetop" type="cfm-fast" waiting="0.00" lane="left_0" pos="31.49" speed="24.24" angle="127.84" x="25.97" y="6.35"/>
        <vehicle id="cfm-fast_1" eclass="HBEFA3/PC_G_EU4" CO2="353801.80" CO="9204.59" HC="50.91" NOx="165.25" PMx="10.05" fuel="152.08" electricity="0.00" noise="154.32" route="routetop" type="cfm-fast" waiting="0.00" lane="left_1" pos="22.97" speed="90.28" angle="143.10" x="14.64" y="20.51"/>
        <vehicle id="cfm-fast_2" eclass="HBEFA3/PC_G_EU4" CO2="8453.37" CO="101.19" HC="0.67" NOx="3.35" PMx="0.18" fuel="3.63" electricity="0.00" noise="72.25" route="routetop" type="cfm-fast" waiting="0.00" lane="left_0" pos="46.69" speed="23.99" angle="100.55" x="56.46" y="-4.56"/>
        <vehicle id="cfm-fast_3" eclass="HBEFA3/PC_G_EU4" CO2="13153.98" CO="200.01" HC="1.24" NOx="5.55" PMx="0.30" fuel="5.65" electricity="0.00" noise="74.49" route="routebottom" type="cfm-fast" waiting="0.00" lane="bottom_0" pos="11.70" speed="24.75" angle="73.39" x="88.36" y="-0.34"/>
        <vehicle id="cfm-fast_4" eclass="HBEFA3/PC_G_EU4" CO2="343262.61" CO="9780.55" HC="53.34" NOx="160.19" PMx="10.10" fuel="147.55" electricity="0.00" noise="148.98" route="routebottom" type="cfm-fast" waiting="0.00" lane="right_1" pos="5.62" speed="102.86" angle="354.40" x="127.95" y="75.15"/>
        <vehicle id="cfm-fast_5" eclass="HBEFA3/PC_G_EU4" CO2="15510.01" CO="253.50" HC="1.54" NOx="6.63" PMx="0.37" fuel="6.67" electricity="0.00" noise="75.87" route="routebottom" type="cfm-fast" waiting="0.00" lane="bottom_0" pos="27.58" speed="26.14" angle="44.85" x="115.93" y="19.24"/>
        <vehicle id="cfm-slow_0" eclass="HBEFA3/PC_G_EU4" CO2="13778.89" CO="225.49" HC="1.37" NOx="5.78" PMx="0.33" fuel="5.92" electricity="0.00" noise="75.44" route="routebottom" type="cfm-slow" waiting="0.00" lane="bottom_0" pos="44.89" speed="27.72" angle="13.75" x="131.38" y="52.63"/>
        <vehicle id="cfm-slow_1" eclass="HBEFA3/PC_G_EU4" CO2="8339.56" CO="120.32" HC="0.76" NOx="3.19" PMx="0.19" fuel="3.58" electricity="0.00" noise="74.02" route="routebottom" type="cfm-slow" waiting="0.00" lane="right_0" pos="17.79" speed="28.86" angle="332.47" x="121.83" y="100.06"/>
        <vehicle id="cfm-slow_2" eclass="HBEFA3/PC_G_EU4" CO2="0.00" CO="0.00" HC="0.00" NOx="0.00" PMx="0.00" fuel="0.00" electricity="0.00" noise="72.73" route="routebottom" type="cfm-slow" waiting="0.00" lane="right_0" pos="41.77" speed="29.15" angle="289.35" x="81.26" y="129.97"/>
        <vehicle id="cfm-slow_3" eclass="HBEFA3/PC_G_EU4" CO2="0.00" CO="0.00" HC="0.00" NOx="0.00" PMx="0.00" fuel="0.00" electricity="0.00" noise="71.81" route="routetop" type="cfm-slow" waiting="0.00" lane="top_0" pos="15.97" speed="28.44" angle="245.71" x="30.65" y="123.79"/>
        <vehicle id="cfm-slow_4" eclass="HBEFA3/PC_G_EU4" CO2="0.00" CO="0.00" HC="0.00" NOx="0.00" PMx="0.00" fuel="0.00" electricity="0.00" noise="70.97" route="routetop" type="cfm-slow" waiting="0.00" lane="top_0" pos="39.36" speed="26.99" angle="203.67" x="-1.12" y="86.23"/>
        <vehicle id="cfm-slow_5" eclass="HBEFA3/PC_G_EU4" CO2="0.00" CO="0.00" HC="0.00" NOx="0.00" PMx="0.00" fuel="0.00" electricity="0.00" noise="70.34" route="routetop" type="cfm-slow" waiting="0.00" lane="left_0" pos="11.23" speed="25.38" angle="164.18" x="-0.70" y="39.91"/>
    </timestep>
    <timestep time="7.61">
        <vehicle id="cfm-fast_0" eclass="HBEFA3/PC_G_EU4" CO2="0.00" CO="0.00" HC="0.00" NOx="0.00" PMx="0.00" fuel="0.00" electricity="0.00" noise="70.57" route="routetop" type="cfm-fast" waiting="0.00" lane="left_0" pos="31.74" speed="24.23" angle="127.40" x="26.40" y="6.06"/>
        <vehicle id="cfm-fast_1" eclass="HBEFA3/PC_G_EU4" CO2="353802.72" CO="9211.94" HC="50.95" NOx="165.25" PMx="10.06" fuel="152.08" electricity="0.00" noise="154.27" route="routetop" type="cfm-fast" waiting="0.00" lane="left_1" pos="23.88" speed="90.41" angle="141.52" x="15.89" y="19.14"/>
        <vehicle id="cfm-fast_2" eclass="HBEFA3/PC_G_EU4" CO2="8497.92" CO="102.13" HC="0.68" NOx="3.37" PMx="0.18" fuel="3.65" electricity="0.00" noise="72.27" route="routetop" type="cfm-fast" waiting="0.00" lane="left_0" pos="46.93" speed="23.99" angle="100.11" x="56.97" y="-4.61"/>
        <vehicle id="cfm-fast_3" eclass="HBEFA3/PC_G_EU4" CO2="13175.71" CO="200.50" HC="1.24" NOx="5.56" PMx="0.30" fuel="5.66" electricity="0.00" noise="74.50" route="routebottom" type="cfm-fast" waiting="0.00" lane="bottom_0" pos="11.95" speed="24.76" angle="72.95" x="88.86" y="-0.14"/>
        <vehicle id="cfm-fast_4" eclass="HBEFA3/PC_G_EU4" CO2="338769.99" CO="9694.83" HC="52.84" NOx="158.06" PMx="9.99" fuel="145.62" electricity="0.00" noise="148.22" route="routebottom" type="cfm-fast" waiting="0.00" lane="right_1" pos="6.65" speed="102.96" angle="352.54" x="127.55" y="77.22"/>
        <vehicle id="cfm-fast_5" eclass="HBEFA3/PC_G_EU4" CO2="15495.32" CO="253.27" HC="1.54" NOx="6.62" PMx="0.37" fuel="6.66" electricity="0.00" noise="75.86" route="routebottom" type="cfm-fast" waiting="0.00" lane="bottom_0" pos="27.84" speed="26.15" angle="44.37" x="116.29" y="19.67"/>
        <vehicle id="cfm-slow_0" eclass="HBEFA3/PC_G_EU4" CO2="13728.40" CO="224.51" HC="1.37" NOx="5.75" PMx="0.32" fuel="5.90" electricity="0.00" noise="75.42" route="routebottom" type="cfm-slow" waiting="0.00" lane="bottom_0" pos="45.17" speed="27.73" angle="13.25" x="131.47" y="53.22"/>
        <vehicle id="cfm-slow_1" eclass="HBEFA3/PC_G_EU4" CO2="8266.99" CO="118.85" HC="0.75" NOx="3.15" PMx="0.19" fuel="3.55" electricity="0.00" noise="74.00" route="routebottom" type="cfm-slow" waiting="0.00" lane="right_0" pos="18.07" speed="28.86" angle="332.00" x="121.50" y="100.58"/>
        <vehicle id="cfm-slow_2" eclass="HBEFA3/PC_G_EU4" CO2="0.00" CO="0.00" HC="0.00" NOx="0.00" PMx="0.00" fuel="0.00" electricity="0.00" noise="72.72" route="routebottom" type="cfm-slow" waiting="0.00" lane="right_0" pos="42.07" speed="29.14" angle="288.82" x="80.65" y="130.13"/>
        <vehicle id="cfm-slow_3" eclass="HBEFA3/PC_G_EU4" CO2="0.00" CO="0.00" HC="0.00" NOx="0.00" PMx="0.00" fuel="0.00" electricity="0.00" noise="71.80" route="routetop" type="cfm-slow" waiting="0.00" lane="top_0" pos="16.25" speed="28.43" angle="245.19" x="30.11" y="123.50"/>
        <vehicle id="cfm-slow_4" eclass="HBEFA3/PC_G_EU4" CO2="0.00" CO="0.00" HC="0.00" NOx="0.00" PMx="0.00" fuel="0.00" electricity="0.00" noise="70.96" route="routetop" type="cfm-slow" waiting="0.00" lane="top_0" pos="39.63" speed="26.97" angle="203.18" x="-1.32" y="85.68"/>
        <vehicle id="cfm-slow_5" eclass="HBEFA3/PC_G_EU4" CO2="0.00" CO="0.00" HC="0.00" NOx="0.00" PMx="0.00" fuel="0.00" electricity="0.00" noise="70.34" route="routetop" type="cfm-slow" waiting="0.00" lane="left_0" pos="11.48" speed="25.37" angle="163.76" x="-0.51" y="39.39"/>
    </timestep>
    <timestep time="7.62">
        <vehicle id="cfm-fast_0" eclass="HBEFA3/PC_G_EU4" CO2="0.00" CO="0.00" HC="0.00" NOx="0.00" PMx="0.00" fuel="0.00" electricity="0.00" noise="70.59" route="routetop" type="cfm-fast" waiting="0.00" lane="left_0" pos="31.98" speed="24.23" angle="126.99" x="26.83" y="5.77"/>
        <vehicle id="cfm-fast_1" eclass="HBEFA3/PC_G_EU4" CO2="353766.57" CO="9218.52" HC="50.98" NOx="165.24" PMx="10.06" fuel="152.07" electricity="0.00" noise="154.22" route="routetop" type="cfm-fast" waiting="0.00" lane="left_1" pos="24.78" speed="90.53" angle="139.91" x="17.18" y="17.80"/>
        <vehicle id="cfm-fast_2" eclass="HBEFA3/PC_G_EU4" CO2="8542.26" CO="103.06" HC="0.68" NOx="3.39" PMx="0.18" fuel="3.67" electricity="0.00" noise="72.28" route="routetop" type="cfm-fast" waiting="0.00" lane="left_0" pos="47.17" speed="24.00" angle="99.67" x="57.49" y="-4.66"/>
        <vehicle id="cfm-fast_3" eclass="HBEFA3/PC_G_EU4" CO2="13197.14" CO="200.98" HC="1.24" NOx="5.57" PMx="0.30" fuel="5.67" electricity="0.00" noise="74.52" route="routebottom" type="cfm-fast" waiting="0.00" lane="bottom_0" pos="12.19" speed="24.77" angle="72.50" x="89.35" y="0.06"/>
        <vehicle id="cfm-fast_4" eclass="HBEFA3/PC_G_EU4" CO2="334350.75" CO="9610.51" HC="52.35" NOx="155.98" PMx="9.88" fuel="143.72" electricity="0.00" noise="147.48" route="routebottom" type="cfm-fast" waiting="0.00" lane="right_1" pos="7.68" speed="103.06" angle="350.63" x="127.07" y="79.28"/>
        <vehicle id="cfm-fast_5" eclass="HBEFA3/PC_G_EU4" CO2="15480.30" CO="253.03" HC="1.54" NOx="6.62" PMx="0.37" fuel="6.65" electricity="0.00" noise="75.86" route="routebottom" type="cfm-fast" waiting="0.00" lane="bottom_0" pos="28.10" speed="26.17" angle="43.89" x="116.65" y="20.10"/>
        <vehicle id="cfm-slow_0" eclass="HBEFA3/PC_G_EU4" CO2="13677.68" CO="223.53" HC="1.36" NOx="5.73" PMx="0.32" fuel="5.88" electricity="0.00" noise="75.40" route="routebottom" type="cfm-slow" waiting="0.00" lane="bottom_0" pos="45.45" speed="27.74" angle="12.75" x="131.55" y="53.81"/>
        <vehicle id="cfm-slow_1" eclass="HBEFA3/PC_G_EU4" CO2="8194.48" CO="117.38" HC="0.74" NOx="3.12" PMx="0.18" fuel="3.52" electricity="0.00" noise="73.98" route="routebottom" type="cfm-slow" waiting="0.00" lane="right_0" pos="18.36" speed="28.87" angle="331.44" x="121.15" y="101.10"/>
        <vehicle id="cfm-slow_2" eclass="HBEFA3/PC_G_EU4" CO2="0.00" CO="0.00" HC="0.00" NOx="0.00" PMx="0.00" fuel="0.00" electricity="0.00" noise="72.71" route="routebottom" type="cfm-slow" waiting="0.00" lane="right_0" pos="42.36" speed="29.14" angle="288.34" x="80.05" y="130.29"/>
        <vehicle id="cfm-slow_3" eclass="HBEFA3/PC_G_EU4" CO2="0.00" CO="0.00" HC="0.00" NOx="0.00" PMx="0.00" fuel="0.00" electricity="0.00" noise="71.79" route="routetop" type="cfm-slow" waiting="0.00" lane="top_0" pos="16.54" speed="28.41" angle="244.69" x="29.58" y="123.20"/>
        <vehicle id="cfm-slow_4" eclass="HBEFA3/PC_G_EU4" CO2="0.00" CO="0.00" HC="0.00" NOx="0.00" PMx="0.00" fuel="0.00" electricity="0.00" noise="70.96" route="routetop" type="cfm-slow" waiting="0.00" lane="top_0" pos="39.90" speed="26.96" angle="202.74" x="-1.50" y="85.13"/>
        <vehicle id="cfm-slow_5" eclass="HBEFA3/PC_G_EU4" CO2="0.00" CO="0.00" HC="0.00" NOx="0.00" PMx="0.00" fuel="0.00" electricity="0.00" noise="70.34" route="routetop" type="cfm-slow" waiting="0.00" lane="left_0" pos="11.74" speed="25.36" angle="163.33" x="-0.31" y="38.89"/>
    </timestep>
    <timestep time="7.63">
        <vehicle id="cfm-fast_0" eclass="HBEFA3/PC_G_EU4" CO2="0.00" CO="0.00" HC="0.00" NOx="0.00" PMx="0.00" fuel="0.00" electricity="0.00" noise="70.60" route="routetop" type="cfm-fast" waiting="0.00" lane="left_0" pos="32.22" speed="24.23" angle="126.58" x="27.28" y="5.49"/>
        <vehicle id="cfm-fast_1" eclass="HBEFA3/PC_G_EU4" CO2="353694.16" CO="9224.36" HC="51.00" NOx="165.20" PMx="10.06" fuel="152.04" electricity="0.00" noise="154.16" route="routetop" type="cfm-fast" waiting="0.00" lane="left_1" pos="25.69" speed="90.66" angle="138.29" x="18.49" y="16.49"/>
        <vehicle id="cfm-fast_2" eclass="HBEFA3/PC_G_EU4" CO2="8586.40" CO="103.98" HC="0.69" NOx="3.41" PMx="0.18" fuel="3.69" electricity="0.00" noise="72.30" route="routetop" type="cfm-fast" waiting="0.00" lane="left_0" pos="47.41" speed="24.01" angle="99.26" x="58.00" y="-4.71"/>
        <vehicle id="cfm-fast_3" eclass="HBEFA3/PC_G_EU4" CO2="13218.26" CO="201.46" HC="1.25" NOx="5.58" PMx="0.30" fuel="5.68" electricity="0.00" noise="74.53" route="routebottom" type="cfm-fast" waiting="0.00" lane="bottom_0" pos="12.44" speed="24.79" angle="72.06" x="89.85" y="0.25"/>
        <vehicle id="cfm-fast_4" eclass="HBEFA3/PC_G_EU4" CO2="330003.90" CO="9527.57" HC="51.86" NOx="153.93" PMx="9.77" fuel="141.85" electricity="0.00" noise="146.75" route="routebottom" type="cfm-fast" waiting="0.00" lane="right_1" pos="8.71" speed="103.15" angle="348.78" x="126.53" y="81.32"/>
        <vehicle id="cfm-fast_5" eclass="HBEFA3/PC_G_EU4" CO2="15464.95" CO="252.78" HC="1.54" NOx="6.61" PMx="0.37" fuel="6.65" electricity="0.00" noise="75.85" route="routebottom" type="cfm-fast" waiting="0.00" lane="bottom_0" pos="28.36" speed="26.18" angle="43.45" x="117.01" y="20.53"/>
        <vehicle id="cfm-slow_0" eclass="HBEFA3/PC_G_EU4" CO2="13626.73" CO="222.55" HC="1.36" NOx="5.71" PMx="0.32" fuel="5.86" electricity="0.00" noise="75.39" route="routebottom" type="cfm-slow" waiting="0.00" lane="bottom_0" pos="45.73" speed="27.75" angle="12.24" x="131.64" y="54.40"/>
        <vehicle id="cfm-slow_1" eclass="HBEFA3/PC_G_EU4" CO2="8122.06" CO="115.92" HC="0.73" NOx="3.08" PMx="0.18" fuel="3.49" electricity="0.00" noise="73.97" route="routebottom" type="cfm-slow" waiting="0.00" lane="right_0" pos="18.65" speed="28.87" angle="330.87" x="120.81" y="101.62"/>
        <vehicle id="cfm-slow_2" eclass="HBEFA3/PC_G_EU4" CO2="0.00" CO="0.00" HC="0.00" NOx="0.00" PMx="0.00" fuel="0.00" electricity="0.00" noise="72.69" route="routebottom" type="cfm-slow" waiting="0.00" lane="right_0" pos="42.65" speed="29.13" angle="287.81" x="79.43" y="130.43"/>
        <vehicle id="cfm-slow_3" eclass="HBEFA3/PC_G_EU4" CO2="0.00" CO="0.00" HC="0.00" NOx="0.00" PMx="0.00" fuel="0.00" electricity="0.00" noise="71.78" route="routetop" type="cfm-slow" waiting="0.00" lane="top_0" pos="16.82" speed="28.40" angle="244.22" x="29.05" y="122.90"/>
        <vehicle id="cfm-slow_4" eclass="HBEFA3/PC_G_EU4" CO2="0.00" CO="0.00" HC="0.00" NOx="0.00" PMx="0.00" fuel="0.00" electricity="0.00" noise="70.95" route="routetop" type="cfm-slow" waiting="0.00" lane="top_0" pos="40.17" speed="26.94" angle="202.24" x="-1.67" y="84.58"/>
        <vehicle id="cfm-slow_5" eclass="HBEFA3/PC_G_EU4" CO2="0.00" CO="0.00" HC="0.00" NOx="0.00" PMx="0.00" fuel="0.00" electricity="0.00" noise="70.34" route="routetop" type="cfm-slow" waiting="0.00" lane="left_0" pos="11.99" speed="25.35" angle="162.88" x="-0.11" y="38.38"/>
    </timestep>
    <timestep time="7.64">
        <vehicle id="cfm-fast_0" eclass="HBEFA3/PC_G_EU4" CO2="0.00" CO="0.00" HC="0.00" NOx="0.00" PMx="0.00" fuel="0.00" electricity="0.00" noise="70.61" route="routetop" type="cfm-fast" waiting="0.00" lane="left_0" pos="32.46" speed="24.23" angle="126.13" x="27.72" y="5.22"/>
        <vehicle id="cfm-fast_1" eclass="HBEFA3/PC_G_EU4" CO2="353586.29" CO="9229.46" HC="51.02" NOx="165.15" PMx="10.06" fuel="151.99" electricity="0.00" noise="154.09" route="routetop" type="cfm-fast" waiting="0.00" lane="left_1" pos="26.60" speed="90.79" angle="136.61" x="19.86" y="15.23"/>
        <vehicle id="cfm-fast_2" eclass="HBEFA3/PC_G_EU4" CO2="8630.33" CO="104.90" HC="0.69" NOx="3.43" PMx="0.18" fuel="3.71" electricity="0.00" noise="72.32" route="routetop" type="cfm-fast" waiting="0.00" lane="left_0" pos="47.65" speed="24.01" angle="98.84" x="58.51" y="-4.75"/>
        <vehicle id="cfm-fast_3" eclass="HBEFA3/PC_G_EU4" CO2="13239.07" CO="201.93" HC="1.25" NOx="5.59" PMx="0.30" fuel="5.69" electricity="0.00" noise="74.54" route="routebottom" type="cfm-fast" waiting="0.00" lane="bottom_0" pos="12.69" speed="24.80" angle="71.63" x="90.34" y="0.45"/>
        <vehicle id="cfm-fast_4" eclass="HBEFA3/PC_G_EU4" CO2="325728.47" CO="9445.98" HC="51.39" NOx="151.91" PMx="9.66" fuel="140.02" electricity="0.00" noise="146.04" route="routebottom" type="cfm-fast" waiting="0.00" lane="right_1" pos="9.74" speed="103.25" angle="346.97" x="125.93" y="83.35"/>
        <vehicle id="cfm-fast_5" eclass="HBEFA3/PC_G_EU4" CO2="15449.27" CO="252.52" HC="1.54" NOx="6.60" PMx="0.36" fuel="6.64" electricity="0.00" noise="75.85" route="routebottom" type="cfm-fast" waiting="0.00" lane="bottom_0" pos="28.63" speed="26.20" angle="42.96" x="117.36" y="20.98"/>
        <vehicle id="cfm-slow_0" eclass="HBEFA3/PC_G_EU4" CO2="13575.56" CO="221.56" HC="1.35" NOx="5.68" PMx="0.32" fuel="5.84" electricity="0.00" noise="75.37" route="routebottom" type="cfm-slow" waiting="0.00" lane="bottom_0" pos="46.00" speed="27.76" angle="11.74" x="131.72" y="54.99"/>
        <vehicle id="cfm-slow_1" eclass="HBEFA3/PC_G_EU4" CO2="8049.71" CO="114.45" HC="0.73" NOx="3.05" PMx="0.18" fuel="3.46" electricity="0.00" noise="73.95" route="routebottom" type="cfm-slow" waiting="0.00" lane="right_0" pos="18.94" speed="28.88" angle="330.31" x="120.46" y="102.13"/>
        <vehicle id="cfm-slow_2" eclass="HBEFA3/PC_G_EU4" CO2="0.00" CO="0.00" HC="0.00" NOx="0.00" PMx="0.00" fuel="0.00" electricity="0.00" noise="72.68" route="routebottom" type="cfm-slow" waiting="0.00" lane="right_0" pos="42.94" speed="29.12" angle="287.28" x="78.82" y="130.57"/>
        <vehicle id="cfm-slow_3" eclass="HBEFA3/PC_G_EU4" CO2="0.00" CO="0.00" HC="0.00" NOx="0.00" PMx="0.00" fuel="0.00" electricity="0.00" noise="71.78" route="routetop" type="cfm-slow" waiting="0.00" lane="top_0" pos="17.10" speed="28.39" angle="243.71" x="28.53" y="122.58"/>
        <vehicle id="cfm-slow_4" eclass="HBEFA3/PC_G_EU4" CO2="0.00" CO="0.00" HC="0.00" NOx="0.00" PMx="0.00" fuel="0.00" electricity="0.00" noise="70.94" route="routetop" type="cfm-slow" waiting="0.00" lane="top_0" pos="40.44" speed="26.93" angle="201.74" x="-1.84" y="84.02"/>
        <vehicle id="cfm-slow_5" eclass="HBEFA3/PC_G_EU4" CO2="0.00" CO="0.00" HC="0.00" NOx="0.00" PMx="0.00" fuel="0.00" electricity="0.00" noise="70.34" route="routetop" type="cfm-slow" waiting="0.00" lane="left_0" pos="12.24" speed="25.33" angle="162.43" x="0.09" y="37.87"/>
    </timestep>
    <timestep time="7.65">
        <vehicle id="cfm-fast_0" eclass="HBEFA3/PC_G_EU4" CO2="0.00" CO="0.00" HC="0.00" NOx="0.00" PMx="0.00" fuel="0.00" electricity="0.00" noise="70.62" route="routetop" type="cfm-fast" waiting="0.00" lane="left_0" pos="32.70" speed="24.23" angle="125.68" x="28.17" y="4.96"/>
        <vehicle id="cfm-fast_1" eclass="HBEFA3/PC_G_EU4" CO2="353443.74" CO="9233.84" HC="51.04" NOx="165.08" PMx="10.06" fuel="151.93" electricity="0.00" noise="154.02" route="routetop" type="cfm-fast" waiting="0.00" lane="left_1" pos="27.51" speed="90.91" angle="134.99" x="21.26" y="14.00"/>
        <vehicle id="cfm-fast_2" eclass="HBEFA3/PC_G_EU4" CO2="8674.07" CO="105.82" HC="0.70" NOx="3.45" PMx="0.18" fuel="3.73" electricity="0.00" noise="72.34" route="routetop" type="cfm-fast" waiting="0.00" lane="left_0" pos="47.89" speed="24.02" angle="98.37" x="59.03" y="-4.78"/>
        <vehicle id="cfm-fast_3" eclass="HBEFA3/PC_G_EU4" CO2="13259.57" CO="202.39" HC="1.25" NOx="5.60" PMx="0.30" fuel="5.70" electricity="0.00" noise="74.55" route="routebottom" type="cfm-fast" waiting="0.00" lane="bottom_0" pos="12.94" speed="24.81" angle="71.22" x="90.83" y="0.66"/>
        <vehicle id="cfm-fast_4" eclass="HBEFA3/PC_G_EU4" CO2="321523.46" CO="9365.74" HC="50.92" NOx="149.92" PMx="9.55" fuel="138.21" electricity="0.00" noise="145.33" route="routebottom" type="cfm-fast" waiting="0.00" lane="right_1" pos="10.77" speed="103.34" angle="345.08" x="125.25" y="85.36"/>
        <vehicle id="cfm-fast_5" eclass="HBEFA3/PC_G_EU4" CO2="15433.27" CO="252.26" HC="1.53" NOx="6.59" PMx="0.36" fuel="6.63" electricity="0.00" noise="75.84" route="routebottom" type="cfm-fast" waiting="0.00" lane="bottom_0" pos="28.89" speed="26.22" angle="42.48" x="117.70" y="21.42"/>
        <vehicle id="cfm-slow_0" eclass="HBEFA3/PC_G_EU4" CO2="13524.16" CO="220.57" HC="1.34" NOx="5.66" PMx="0.32" fuel="5.81" electricity="0.00" noise="75.35" route="routebottom" type="cfm-slow" waiting="0.00" lane="bottom_0" pos="46.28" speed="27.78" angle="11.30" x="131.80" y="55.59"/>
        <vehicle id="cfm-slow_1" eclass="HBEFA3/PC_G_EU4" CO2="7977.44" CO="112.98" HC="0.72" NOx="3.01" PMx="0.18" fuel="3.43" electricity="0.00" noise="73.93" route="routebottom" type="cfm-slow" waiting="0.00" lane="right_0" pos="19.23" speed="28.88" angle="329.83" x="120.11" y="102.65"/>
        <vehicle id="cfm-slow_2" eclass="HBEFA3/PC_G_EU4" CO2="0.00" CO="0.00" HC="0.00" NOx="0.00" PMx="0.00" fuel="0.00" electricity="0.00" noise="72.67" route="routebottom" type="cfm-slow" waiting="0.00" lane="right_0" pos="43.23" speed="29.12" angle="286.75" x="78.21" y="130.70"/>
        <vehicle id="cfm-slow_3" eclass="HBEFA3/PC_G_EU4" CO2="0.00" CO="0.00" HC="0.00" NOx="0.00" PMx="0.00" fuel="0.00" electricity="0.00" noise="71.77" route="routetop" type="cfm-slow" waiting="0.00" lane="top_0" pos="17.39" speed="28.37" angle="243.20" x="28.00" y="122.27"/>
        <vehicle id="cfm-slow_4" eclass="HBEFA3/PC_G_EU4" CO2="0.00" CO="0.00" HC="0.00" NOx="0.00" PMx="0.00" fuel="0.00" electricity="0.00" noise="70.94" route="routetop" type="cfm-slow" waiting="0.00" lane="top_0" pos="40.71" speed="26.91" angle="201.24" x="-2.01" y="83.47"/>
        <vehicle id="cfm-slow_5" eclass="HBEFA3/PC_G_EU4" CO2="0.00" CO="0.00" HC="0.00" NOx="0.00" PMx="0.00" fuel="0.00" electricity="0.00" noise="70.34" route="routetop" type="cfm-slow" waiting="0.00" lane="left_0" pos="12.50" speed="25.32" angle="161.98" x="0.29" y="37.37"/>
    </timestep>
    <timestep time="7.66">
        <vehicle id="cfm-fast_0" eclass="HBEFA3/PC_G_EU4" CO2="0.00" CO="0.00" HC="0.00" NOx="0.00" PMx="0.00" fuel="0.00" electricity="0.00" noise="70.63" route="routetop" type="cfm-fast" waiting="0.00" lane="left_0" pos="32.95" speed="24.22" angle="125.23" x="28.62" y="4.69"/>
        <vehicle id="cfm-fast_1" eclass="HBEFA3/PC_G_EU4" CO2="353267.30" CO="9237.52" HC="51.05" NOx="165.00" PMx="10.06" fuel="151.85" electricity="0.00" noise="153.94" route="routetop" type="cfm-fast" waiting="0.00" lane="left_1" pos="28.42" speed="91.04" angle="133.37" x="22.70" y="12.81"/>
        <vehicle id="cfm-fast_2" eclass="HBEFA3/PC_G_EU4" CO2="8717.59" CO="106.74" HC="0.70" NOx="3.47" PMx="0.18" fuel="3.75" electricity="0.00" noise="72.36" route="routetop" type="cfm-fast" waiting="0.00" lane="left_0" pos="48.13" speed="24.03" angle="97.91" x="59.55" y="-4.81"/>
        <vehicle id="cfm-fast_3" eclass="HBEFA3/PC_G_EU4" CO2="13279.77" CO="202.85" HC="1.25" NOx="5.61" PMx="0.30" fuel="5.71" electricity="0.00" noise="74.57" route="routebottom" type="cfm-fast" waiting="0.00" lane="bottom_0" pos="13.19" speed="24.83" angle="70.76" x="91.32" y="0.88"/>
        <vehicle id="cfm-fast_4" eclass="HBEFA3/PC_G_EU4" CO2="317387.92" CO="9286.82" HC="50.46" NOx="147.97" PMx="9.45" fuel="136.43" electricity="0.00" noise="144.65" route="routebottom" type="cfm-fast" waiting="0.00" lane="right_1" pos="11.81" speed="103.43" angle="343.19" x="124.51" y="87.35"/>
        <vehicle id="cfm-fast_5" eclass="HBEFA3/PC_G_EU4" CO2="15416.94" CO="251.99" HC="1.53" NOx="6.58" PMx="0.36" fuel="6.63" electricity="0.00" noise="75.84" route="routebottom" type="cfm-fast" waiting="0.00" lane="bottom_0" pos="29.15" speed="26.23" angle="41.99" x="118.05" y="21.87"/>
        <vehicle id="cfm-slow_0" eclass="HBEFA3/PC_G_EU4" CO2="13472.54" CO="219.57" HC="1.34" NOx="5.63" PMx="0.32" fuel="5.79" electricity="0.00" noise="75.33" route="routebottom" type="cfm-slow" waiting="0.00" lane="bottom_0" pos="46.56" speed="27.79" angle="10.79" x="131.86" y="56.18"/>
        <vehicle id="cfm-slow_1" eclass="HBEFA3/PC_G_EU4" CO2="7905.25" CO="111.52" HC="0.71" NOx="2.98" PMx="0.18" fuel="3.40" electricity="0.00" noise="73.92" route="routebottom" type="cfm-slow" waiting="0.00" lane="right_0" pos="19.52" speed="28.88" angle="329.30" x="119.75" y="103.15"/>
        <vehicle id="cfm-slow_2" eclass="HBEFA3/PC_G_EU4" CO2="0.00" CO="0.00" HC="0.00" NOx="0.00" PMx="0.00" fuel="0.00" electricity="0.00" noise="72.66" route="routebottom" type="cfm-slow" waiting="0.00" lane="right_0" pos="43.52" speed="29.11" angle="286.23" x="77.60" y="130.84"/>
        <vehicle id="cfm-slow_3" eclass="HBEFA3/PC_G_EU4" CO2="0.00" CO="0.00" HC="0.00" NOx="0.00" PMx="0.00" fuel="0.00" electricity="0.00" noise="71.76" route="routetop" type="cfm-slow" waiting="0.00" lane="top_0" pos="17.67" speed="28.36" angle="242.69" x="27.48" y="121.96"/>
        <vehicle id="cfm-slow_4" eclass="HBEFA3/PC_G_EU4" CO2="0.00" CO="0.00" HC="0.00" NOx="0.00" PMx="0.00" fuel="0.00" electricity="0.00" noise="70.93" route="routetop" type="cfm-slow" waiting="0.00" lane="top_0" pos="40.97" speed="26.90" angle="200.76" x="-2.19" y="82.92"/>
        <vehicle id="cfm-slow_5" eclass="HBEFA3/PC_G_EU4" CO2="0.00" CO="0.00" HC="0.00" NOx="0.00" PMx="0.00" fuel="0.00" electricity="0.00" noise="70.34" route="routetop" type="cfm-slow" waiting="0.00" lane="left_0" pos="12.75" speed="25.31" angle="161.57" x="0.50" y="36.86"/>
    </timestep>
    <timestep time="7.67">
        <vehicle id="cfm-fast_0" eclass="HBEFA3/PC_G_EU4" CO2="0.00" CO="0.00" HC="0.00" NOx="0.00" PMx="0.00" fuel="0.00" electricity="0.00" noise="70.64" route="routetop" type="cfm-fast" waiting="0.00" lane="left_0" pos="33.19" speed="24.22" angle="124.77" x="29.06" y="4.42"/>
        <vehicle id="cfm-fast_1" eclass="HBEFA3/PC_G_EU4" CO2="353057.72" CO="9240.51" HC="51.06" NOx="164.90" PMx="10.06" fuel="151.76" electricity="0.00" noise="153.86" route="routetop" type="cfm-fast" waiting="0.00" lane="left_1" pos="29.33" speed="91.16" angle="131.68" x="24.17" y="11.65"/>
        <vehicle id="cfm-fast_2" eclass="HBEFA3/PC_G_EU4" CO2="8760.91" CO="107.65" HC="0.71" NOx="3.49" PMx="0.18" fuel="3.77" electricity="0.00" noise="72.38" route="routetop" type="cfm-fast" waiting="0.00" lane="left_0" pos="48.37" speed="24.04" angle="97.45" x="60.06" y="-4.84"/>
        <vehicle id="cfm-fast_3" eclass="HBEFA3/PC_G_EU4" CO2="13299.65" CO="203.30" HC="1.26" NOx="5.62" PMx="0.31" fuel="5.72" electricity="0.00" noise="74.58" route="routebottom" type="cfm-fast" waiting="0.00" lane="bottom_0" pos="13.44" speed="24.84" angle="70.30" x="91.81" y="1.10"/>
        <vehicle id="cfm-fast_4" eclass="HBEFA3/PC_G_EU4" CO2="313320.86" CO="9209.21" HC="50.00" NOx="146.05" PMx="9.34" fuel="134.68" electricity="0.00" noise="143.97" route="routebottom" type="cfm-fast" waiting="0.00" lane="right_1" pos="12.84" speed="103.52" angle="341.42" x="123.72" y="89.32"/>
        <vehicle id="cfm-fast_5" eclass="HBEFA3/PC_G_EU4" CO2="15400.28" CO="251.71" HC="1.53" NOx="6.58" PMx="0.36" fuel="6.62" electricity="0.00" noise="75.83" route="routebottom" type="cfm-fast" waiting="0.00" lane="bottom_0" pos="29.41" speed="26.25" angle="41.53" x="118.40" y="22.31"/>
        <vehicle id="cfm-slow_0" eclass="HBEFA3/PC_G_EU4" CO2="13420.70" CO="218.57" HC="1.33" NOx="5.61" PMx="0.32" fuel="5.77" electricity="0.00" noise="75.32" route="routebottom" type="cfm-slow" waiting="0.00" lane="bottom_0" pos="46.84" speed="27.80" angle="10.28" x="131.92" y="56.78"/>
        <vehicle id="cfm-slow_1" eclass="HBEFA3/PC_G_EU4" CO2="7833.15" CO="110.05" HC="0.70" NOx="2.95" PMx="0.18" fuel="3.37" electricity="0.00" noise="73.90" route="routebottom" type="cfm-slow" waiting="0.00" lane="right_0" pos="19.81" speed="28.89" angle="328.78" x="119.39" y="103.66"/>
        <vehicle id="cfm-slow_2" eclass="HBEFA3/PC_G_EU4" CO2="0.00" CO="0.00" HC="0.00" NOx="0.00" PMx="0.00" fuel="0.00" electricity="0.00" noise="72.65" route="routebottom" type="cfm-slow" waiting="0.00" lane="right_0" pos="43.81" speed="29.11" angle="285.73" x="76.99" y="130.96"/>
        <vehicle id="cfm-slow_3" eclass="HBEFA3/PC_G_EU4" CO2="0.00" CO="0.00" HC="0.00" NOx="0.00" PMx="0.00" fuel="0.00" electricity="0.00" noise="71.75" route="routetop" type="cfm-slow" waiting="0.00" lane="top_0" pos="17.95" speed="28.34" angle="242.24" x="26.96" y="121.64"/>
        <vehicle id="cfm-slow_4" eclass="HBEFA3/PC_G_EU4" CO2="0.00" CO="0.00" HC="0.00" NOx="0.00" PMx="0.00" fuel="0.00" electricity="0.00" noise="70.92" route="routetop" type="cfm-slow" waiting="0.00" lane="top_0" pos="41.24" speed="26.88" angle="200.30" x="-2.34" y="82.36"/>
        <vehicle id="cfm-slow_5" eclass="HBEFA3/PC_G_EU4" CO2="0.00" CO="0.00" HC="0.00" NOx="0.00" PMx="0.00" fuel="0.00" electricity="0.00" noise="70.34" route="routetop" type="cfm-slow" waiting="0.00" lane="left_0" pos="13.00" speed="25.30" angle="161.12" x="0.72" y="36.37"/>
    </timestep>
    <timestep time="7.68">
        <vehicle id="cfm-fast_0" eclass="HBEFA3/PC_G_EU4" CO2="0.00" CO="0.00" HC="0.00" NOx="0.00" PMx="0.00" fuel="0.00" electricity="0.00" noise="70.65" route="routetop" type="cfm-fast" waiting="0.00" lane="left_0" pos="33.43" speed="24.22" angle="124.38" x="29.51" y="4.16"/>
        <vehicle id="cfm-fast_1" eclass="HBEFA3/PC_G_EU4" CO2="352815.74" CO="9242.83" HC="51.07" NOx="164.78" PMx="10.05" fuel="151.66" electricity="0.00" noise="153.77" route="routetop" type="cfm-fast" waiting="0.00" lane="left_1" pos="30.24" speed="91.29" angle="130.04" x="25.68" y="10.55"/>
        <vehicle id="cfm-fast_2" eclass="HBEFA3/PC_G_EU4" CO2="8804.02" CO="108.55" HC="0.71" NOx="3.51" PMx="0.19" fuel="3.78" electricity="0.00" noise="72.40" route="routetop" type="cfm-fast" waiting="0.00" lane="left_0" pos="48.61" speed="24.04" angle="96.99" x="60.58" y="-4.87"/>
        <vehicle id="cfm-fast_3" eclass="HBEFA3/PC_G_EU4" CO2="13319.22" CO="203.75" HC="1.26" NOx="5.62" PMx="0.31" fuel="5.73" electricity="0.00" noise="74.59" route="routebottom" type="cfm-fast" waiting="0.00" lane="bottom_0" pos="13.68" speed="24.86" angle="69.84" x="92.30" y="1.32"/>
        <vehicle id="cfm-fast_4" eclass="HBEFA3/PC_G_EU4" CO2="309321.34" CO="9132.88" HC="49.56" NOx="144.17" PMx="9.24" fuel="132.96" electricity="0.00" noise="143.31" route="routebottom" type="cfm-fast" waiting="0.00" lane="right_1" pos="13.88" speed="103.61" angle="339.47" x="122.85" y="91.26"/>
        <vehicle id="cfm-fast_5" eclass="HBEFA3/PC_G_EU4" CO2="15383.30" CO="251.43" HC="1.53" NOx="6.57" PMx="0.36" fuel="6.61" electricity="0.00" noise="75.83" route="routebottom" type="cfm-fast" waiting="0.00" lane="bottom_0" pos="29.68" speed="26.26" angle="41.09" x="118.74" y="22.76"/>
        <vehicle id="cfm-slow_0" eclass="HBEFA3/PC_G_EU4" CO2="13368.65" CO="217.56" HC="1.33" NOx="5.58" PMx="0.32" fuel="5.75" electricity="0.00" noise="75.30" route="routebottom" type="cfm-slow" waiting="0.00" lane="bottom_0" pos="47.12" speed="27.81" angle="9.77" x="131.98" y="57.37"/>
        <vehicle id="cfm-slow_1" eclass="HBEFA3/PC_G_EU4" CO2="7761.14" CO="108.59" HC="0.69" NOx="2.91" PMx="0.17" fuel="3.34" electricity="0.00" noise="73.88" route="routebottom" type="cfm-slow" waiting="0.00" lane="right_0" pos="20.10" speed="28.89" angle="328.26" x="119.03" y="104.16"/>
        <vehicle id="cfm-slow_2" eclass="HBEFA3/PC_G_EU4" CO2="0.00" CO="0.00" HC="0.00" NOx="0.00" PMx="0.00" fuel="0.00" electricity="0.00" noise="72.64" route="routebottom" type="cfm-slow" waiting="0.00" lane="right_0" pos="44.10" speed="29.10" angle="285.17" x="76.37" y="131.08"/>
        <vehicle id="cfm-slow_3" eclass="HBEFA3/PC_G_EU4" CO2="0.00" CO="0.00" HC="0.00" NOx="0.00" PMx="0.00" fuel="0.00" electricity="0.00" noise="71.74" route="routetop" type="cfm-slow" waiting="0.00" lane="top_0" pos="18.24" speed="28.33" angle="241.69" x="26.45" y="121.30"/>
        <vehicle id="cfm-slow_4" eclass="HBEFA3/PC_G_EU4" CO2="0.00" CO="0.00" HC="0.00" NOx="0.00" PMx="0.00" fuel="0.00" electricity="0.00" noise="70.92" route="routetop" type="cfm-slow" waiting="0.00" lane="top_0" pos="41.51" speed="26.87" angle="199.80" x="-2.49" y="81.80"/>
        <vehicle id="cfm-slow_5" eclass="HBEFA3/PC_G_EU4" CO2="0.00" CO="0.00" HC="0.00" NOx="0.00" PMx="0.00" fuel="0.00" electricity="0.00" noise="70.34" route="routetop" type="cfm-slow" waiting="0.00" lane="left_0" pos="13.26" speed="25.29" angle="160.64" x="0.94" y="35.87"/>
    </timestep>
    <timestep time="7.69">
        <vehicle id="cfm-fast_0" eclass="HBEFA3/PC_G_EU4" CO2="0.00" CO="0.00" HC="0.00" NOx="0.00" PMx="0.00" fuel="0.00" electricity="0.00" noise="70.66" route="routetop" type="cfm-fast" waiting="0.00" lane="left_0" pos="33.67" speed="24.22" angle="123.94" x="29.97" y="3.90"/>
        <vehicle id="cfm-fast_1" eclass="HBEFA3/PC_G_EU4" CO2="352542.12" CO="9244.49" HC="51.07" NOx="164.65" PMx="10.05" fuel="151.54" electricity="0.00" noise="153.67" route="routetop" type="cfm-fast" waiting="0.00" lane="left_1" pos="31.16" speed="91.41" angle="128.42" x="27.22" y="9.48"/>
        <vehicle id="cfm-fast_2" eclass="HBEFA3/PC_G_EU4" CO2="8846.93" CO="109.45" HC="0.72" NOx="3.53" PMx="0.19" fuel="3.80" electricity="0.00" noise="72.42" route="routetop" type="cfm-fast" waiting="0.00" lane="left_0" pos="48.85" speed="24.05" angle="96.60" x="61.10" y="-4.89"/>
        <vehicle id="cfm-fast_3" eclass="HBEFA3/PC_G_EU4" CO2="13338.48" CO="204.19" HC="1.26" NOx="5.63" PMx="0.31" fuel="5.73" electricity="0.00" noise="74.60" route="routebottom" type="cfm-fast" waiting="0.00" lane="bottom_0" pos="13.93" speed="24.87" angle="69.38" x="92.78" y="1.54"/>
        <vehicle id="cfm-fast_4" eclass="HBEFA3/PC_G_EU4" CO2="305388.39" CO="9057.82" HC="49.12" NOx="142.31" PMx="9.14" fuel="131.27" electricity="0.00" noise="142.65" route="routebottom" type="cfm-fast" waiting="0.00" lane="right_1" pos="14.92" speed="103.69" angle="337.59" x="121.92" y="93.17"/>
        <vehicle id="cfm-fast_5" eclass="HBEFA3/PC_G_EU4" CO2="15366.00" CO="251.14" HC="1.53" NOx="6.56" PMx="0.36" fuel="6.61" electricity="0.00" noise="75.82" route="routebottom" type="cfm-fast" waiting="0.00" lane="bottom_0" pos="29.94" speed="26.28" angle="40.60" x="119.07" y="23.22"/>
        <vehicle id="cfm-slow_0" eclass="HBEFA3/PC_G_EU4" CO2="13316.38" CO="216.54" HC="1.32" NOx="5.56" PMx="0.31" fuel="5.72" electricity="0.00" noise="75.28" route="routebottom" type="cfm-slow" waiting="0.00" lane="bottom_0" pos="47.39" speed="27.82" angle="9.29" x="132.04" y="57.97"/>
        <vehicle id="cfm-slow_1" eclass="HBEFA3/PC_G_EU4" CO2="7689.22" CO="107.13" HC="0.68" NOx="2.88" PMx="0.17" fuel="3.31" electricity="0.00" noise="73.87" route="routebottom" type="cfm-slow" waiting="0.00" lane="right_0" pos="20.38" speed="28.89" angle="327.74" x="118.66" y="104.67"/>
        <vehicle id="cfm-slow_2" eclass="HBEFA3/PC_G_EU4" CO2="0.00" CO="0.00" HC="0.00" NOx="0.00" PMx="0.00" fuel="0.00" electricity="0.00" noise="72.63" route="routebottom" type="cfm-slow" waiting="0.00" lane="right_0" pos="44.39" speed="29.09" angle="284.62" x="75.75" y="131.19"/>
        <vehicle id="cfm-slow_3" eclass="HBEFA3/PC_G_EU4" CO2="0.00" CO="0.00" HC="0.00" NOx="0.00" PMx="0.00" fuel="0.00" electricity="0.00" noise="71.74" route="routetop" type="cfm-slow" waiting="0.00" lane="top_0" pos="18.52" speed="28.32" angle="241.14" x="25.94" y="120.97"/>
        <vehicle id="cfm-slow_4" eclass="HBEFA3/PC_G_EU4" CO2="0.00" CO="0.00" HC="0.00" NOx="0.00" PMx="0.00" fuel="0.00" electricity="0.00" noise="70.91" route="routetop" type="cfm-slow" waiting="0.00" lane="top_0" pos="41.78" speed="26.85" angle="199.30" x="-2.64" y="81.24"/>
        <vehicle id="cfm-slow_5" eclass="HBEFA3/PC_G_EU4" CO2="0.00" CO="0.00" HC="0.00" NOx="0.00" PMx="0.00" fuel="0.00" electricity="0.00" noise="70.34" route="routetop" type="cfm-slow" waiting="0.00" lane="left_0" pos="13.51" speed="25.28" angle="160.17" x="1.16" y="35.37"/>
    </timestep>
    <timestep time="7.70">
        <vehicle id="cfm-fast_0" eclass="HBEFA3/PC_G_EU4" CO2="0.00" CO="0.00" HC="0.00" NOx="0.00" PMx="0.00" fuel="0.00" electricity="0.00" noise="70.68" route="routetop" type="cfm-fast" waiting="0.00" lane="left_0" pos="33.92" speed="24.21" angle="123.50" x="30.43" y="3.65"/>
        <vehicle id="cfm-fast_1" eclass="HBEFA3/PC_G_EU4" CO2="352237.58" CO="9245.50" HC="51.07" NOx="164.51" PMx="10.04" fuel="151.41" electricity="0.00" noise="153.57" route="routetop" type="cfm-fast" waiting="0.00" lane="left_1" pos="32.07" speed="91.53" angle="126.83" x="28.78" y="8.44"/>
        <vehicle id="cfm-fast_2" eclass="HBEFA3/PC_G_EU4" CO2="8889.62" CO="110.35" HC="0.72" NOx="3.55" PMx="0.19" fuel="3.82" electricity="0.00" noise="72.44" route="routetop" type="cfm-fast" waiting="0.00" lane="left_0" pos="49.09" speed="24.06" angle="96.16" x="61.61" y="-4.91"/>
        <vehicle id="cfm-fast_3" eclass="HBEFA3/PC_G_EU4" CO2="13357.44" CO="204.62" HC="1.26" NOx="5.64" PMx="0.31" fuel="5.74" electricity="0.00" noise="74.62" route="routebottom" type="cfm-fast" waiting="0.00" lane="bottom_0" pos="14.18" speed="24.88" angle="68.98" x="93.27" y="1.77"/>
        <vehicle id="cfm-fast_4" eclass="HBEFA3/PC_G_EU4" CO2="301521.08" CO="8984.01" HC="48.69" NOx="140.48" PMx="9.04" fuel="129.61" electricity="0.00" noise="142.02" route="routebottom" type="cfm-fast" waiting="0.00" lane="right_1" pos="15.95" speed="103.78" angle="335.77" x="120.92" y="95.05"/>
        <vehicle id="cfm-fast_5" eclass="HBEFA3/PC_G_EU4" CO2="15348.37" CO="250.84" HC="1.53" NOx="6.55" PMx="0.36" fuel="6.60" electricity="0.00" noise="75.82" route="routebottom" type="cfm-fast" waiting="0.00" lane="bottom_0" pos="30.20" speed="26.30" angle="40.12" x="119.40" y="23.68"/>
        <vehicle id="cfm-slow_0" eclass="HBEFA3/PC_G_EU4" CO2="13263.91" CO="215.53" HC="1.31" NOx="5.53" PMx="0.31" fuel="5.70" electricity="0.00" noise="75.27" route="routebottom" type="cfm-slow" waiting="0.00" lane="bottom_0" pos="47.67" speed="27.83" angle="8.80" x="132.08" y="58.57"/>
        <vehicle id="cfm-slow_1" eclass="HBEFA3/PC_G_EU4" CO2="7617.40" CO="105.67" HC="0.67" NOx="2.84" PMx="0.17" fuel="3.27" electricity="0.00" noise="73.85" route="routebottom" type="cfm-slow" waiting="0.00" lane="right_0" pos="20.67" speed="28.89" angle="327.27" x="118.29" y="105.16"/>
        <vehicle id="cfm-slow_2" eclass="HBEFA3/PC_G_EU4" CO2="0.00" CO="0.00" HC="0.00" NOx="0.00" PMx="0.00" fuel="0.00" electricity="0.00" noise="72.62" route="routebottom" type="cfm-slow" waiting="0.00" lane="right_0" pos="44.69" speed="29.09" angle="284.06" x="75.14" y="131.30"/>
        <vehicle id="cfm-slow_3" eclass="HBEFA3/PC_G_EU4" CO2="0.00" CO="0.00" HC="0.00" NOx="0.00" PMx="0.00" fuel="0.00" electricity="0.00" noise="71.73" route="routetop" type="cfm-slow" waiting="0.00" lane="top_0" pos="18.80" speed="28.30" angle="240.58" x="25.44" y="120.63"/>
        <vehicle id="cfm-slow_4" eclass="HBEFA3/PC_G_EU4" CO2="0.00" CO="0.00" HC="0.00" NOx="0.00" PMx="0.00" fuel="0.00" electricity="0.00" noise="70.91" route="routetop" type="cfm-slow" waiting="0.00" lane="top_0" pos="42.05" speed="26.83" angle="198.80" x="-2.79" y="80.69"/>
        <vehicle id="cfm-slow_5" eclass="HBEFA3/PC_G_EU4" CO2="0.00" CO="0.00" HC="0.00" NOx="0.00" PMx="0.00" fuel="0.00" electricity="0.00" noise="70.34" route="routetop" type="cfm-slow" waiting="0.00" lane="left_0" pos="13.76" speed="25.27" angle="159.70" x="1.39" y="34.88"/>
    </timestep>
    <timestep time="7.71">
        <vehicle id="cfm-fast_0" eclass="HBEFA3/PC_G_EU4" CO2="0.00" CO="0.00" HC="0.00" NOx="0.00" PMx="0.00" fuel="0.00" electricity="0.00" noise="70.69" route="routetop" type="cfm-fast" waiting="0.00" lane="left_0" pos="34.16" speed="24.21" angle="123.05" x="30.88" y="3.40"/>
        <vehicle id="cfm-fast_1" eclass="HBEFA3/PC_G_EU4" CO2="351902.82" CO="9245.88" HC="51.06" NOx="164.35" PMx="10.04" fuel="151.27" electricity="0.00" noise="153.47" route="routetop" type="cfm-fast" waiting="0.00" lane="left_1" pos="32.99" speed="91.66" angle="125.12" x="30.39" y="7.47"/>
        <vehicle id="cfm-fast_2" eclass="HBEFA3/PC_G_EU4" CO2="8932.11" CO="111.25" HC="0.73" NOx="3.57" PMx="0.19" fuel="3.84" electricity="0.00" noise="72.46" route="routetop" type="cfm-fast" waiting="0.00" lane="left_0" pos="49.33" speed="24.07" angle="95.73" x="62.13" y="-4.92"/>
        <vehicle id="cfm-fast_3" eclass="HBEFA3/PC_G_EU4" CO2="13376.07" CO="205.05" HC="1.27" NOx="5.65" PMx="0.31" fuel="5.75" electricity="0.00" noise="74.63" route="routebottom" type="cfm-fast" waiting="0.00" lane="bottom_0" pos="14.43" speed="24.90" angle="68.51" x="93.75" y="2.01"/>
        <vehicle id="cfm-fast_4" eclass="HBEFA3/PC_G_EU4" CO2="297718.45" CO="8911.43" HC="48.26" NOx="138.69" PMx="8.94" fuel="127.98" electricity="0.00" noise="141.39" route="routebottom" type="cfm-fast" waiting="0.00" lane="right_1" pos="16.99" speed="103.86" angle="333.95" x="119.87" y="96.90"/>
        <vehicle id="cfm-fast_5" eclass="HBEFA3/PC_G_EU4" CO2="15330.42" CO="250.54" HC="1.52" NOx="6.54" PMx="0.36" fuel="6.59" electricity="0.00" noise="75.81" route="routebottom" type="cfm-fast" waiting="0.00" lane="bottom_0" pos="30.46" speed="26.31" angle="39.64" x="119.73" y="24.14"/>
        <vehicle id="cfm-slow_0" eclass="HBEFA3/PC_G_EU4" CO2="13211.22" CO="214.50" HC="1.31" NOx="5.51" PMx="0.31" fuel="5.68" electricity="0.00" noise="75.25" route="routebottom" type="cfm-slow" waiting="0.00" lane="bottom_0" pos="47.95" speed="27.84" angle="8.28" x="132.12" y="59.16"/>
        <vehicle id="cfm-slow_1" eclass="HBEFA3/PC_G_EU4" CO2="7545.68" CO="104.21" HC="0.67" NOx="2.81" PMx="0.17" fuel="3.24" electricity="0.00" noise="73.83" route="routebottom" type="cfm-slow" waiting="0.00" lane="right_0" pos="20.96" speed="28.90" angle="326.75" x="117.90" y="105.65"/>
        <vehicle id="cfm-slow_2" eclass="HBEFA3/PC_G_EU4" CO2="0.00" CO="0.00" HC="0.00" NOx="0.00" PMx="0.00" fuel="0.00" electricity="0.00" noise="72.61" route="routebottom" type="cfm-slow" waiting="0.00" lane="right_0" pos="44.98" speed="29.08" angle="283.60" x="74.52" y="131.41"/>
        <vehicle id="cfm-slow_3" eclass="HBEFA3/PC_G_EU4" CO2="0.00" CO="0.00" HC="0.00" NOx="0.00" PMx="0.00" fuel="0.00" electricity="0.00" noise="71.72" route="routetop" type="cfm-slow" waiting="0.00" lane="top_0" pos="19.09" speed="28.29" angle="240.04" x="24.93" y="120.29"/>
        <vehicle id="cfm-slow_4" eclass="HBEFA3/PC_G_EU4" CO2="0.00" CO="0.00" HC="0.00" NOx="0.00" PMx="0.00" fuel="0.00" electricity="0.00" noise="70.90" route="routetop" type="cfm-slow" waiting="0.00" lane="top_0" pos="42.32" speed="26.82" angle="198.36" x="-2.94" y="80.13"/>
        <vehicle id="cfm-slow_5" eclass="HBEFA3/PC_G_EU4" CO2="0.00" CO="0.00" HC="0.00" NOx="0.00" PMx="0.00" fuel="0.00" electricity="0.00" noise="70.34" route="routetop" type="cfm-slow" waiting="0.00" lane="left_0" pos="14.02" speed="25.26" angle="159.26" x="1.61" y="34.38"/>
    </timestep>
    <timestep time="7.72">
        <vehicle id="cfm-fast_0" eclass="HBEFA3/PC_G_EU4" CO2="0.00" CO="0.00" HC="0.00" NOx="0.00" PMx="0.00" fuel="0.00" electricity="0.00" noise="70.70" route="routetop" type="cfm-fast" waiting="0.00" lane="left_0" pos="34.40" speed="24.21" angle="122.61" x="31.34" y="3.15"/>
        <vehicle id="cfm-fast_1" eclass="HBEFA3/PC_G_EU4" CO2="351538.56" CO="9245.65" HC="51.05" NOx="164.17" PMx="10.03" fuel="151.11" electricity="0.00" noise="153.36" route="routetop" type="cfm-fast" waiting="0.00" lane="left_1" pos="33.91" speed="91.78" angle="123.50" x="32.02" y="6.54"/>
        <vehicle id="cfm-fast_2" eclass="HBEFA3/PC_G_EU4" CO2="8974.38" CO="112.13" HC="0.73" NOx="3.59" PMx="0.19" fuel="3.86" electricity="0.00" noise="72.48" route="routetop" type="cfm-fast" waiting="0.00" lane="left_0" pos="49.57" speed="24.08" angle="95.29" x="62.65" y="-4.93"/>
        <vehicle id="cfm-fast_3" eclass="HBEFA3/PC_G_EU4" CO2="13394.40" CO="205.47" HC="1.27" NOx="5.66" PMx="0.31" fuel="5.76" electricity="0.00" noise="74.64" route="routebottom" type="cfm-fast" waiting="0.00" lane="bottom_0" pos="14.68" speed="24.91" angle="68.04" x="94.23" y="2.25"/>
        <vehicle id="cfm-fast_4" eclass="HBEFA3/PC_G_EU4" CO2="293979.59" CO="8840.07" HC="47.84" NOx="136.92" PMx="8.85" fuel="126.37" electricity="0.00" noise="140.77" route="routebottom" type="cfm-fast" waiting="0.00" lane="right_1" pos="18.03" speed="103.94" angle="332.08" x="118.77" y="98.72"/>
        <vehicle id="cfm-fast_5" eclass="HBEFA3/PC_G_EU4" CO2="15312.14" CO="250.23" HC="1.52" NOx="6.53" PMx="0.36" fuel="6.58" electricity="0.00" noise="75.81" route="routebottom" type="cfm-fast" waiting="0.00" lane="bottom_0" pos="30.73" speed="26.33" angle="39.19" x="120.06" y="24.60"/>
        <vehicle id="cfm-slow_0" eclass="HBEFA3/PC_G_EU4" CO2="13158.33" CO="213.48" HC="1.30" NOx="5.48" PMx="0.31" fuel="5.66" electricity="0.00" noise="75.23" route="routebottom" type="cfm-slow" waiting="0.00" lane="bottom_0" pos="48.23" speed="27.86" angle="7.75" x="132.15" y="59.76"/>
        <vehicle id="cfm-slow_1" eclass="HBEFA3/PC_G_EU4" CO2="7474.07" CO="102.76" HC="0.66" NOx="2.78" PMx="0.17" fuel="3.21" electricity="0.00" noise="73.82" route="routebottom" type="cfm-slow" waiting="0.00" lane="right_0" pos="21.25" speed="28.90" angle="326.22" x="117.52" y="106.14"/>
        <vehicle id="cfm-slow_2" eclass="HBEFA3/PC_G_EU4" CO2="0.00" CO="0.00" HC="0.00" NOx="0.00" PMx="0.00" fuel="0.00" electricity="0.00" noise="72.60" route="routebottom" type="cfm-slow" waiting="0.00" lane="right_0" pos="45.27" speed="29.07" angle="283.07" x="73.90" y="131.50"/>
        <vehicle id="cfm-slow_3" eclass="HBEFA3/PC_G_EU4" CO2="0.00" CO="0.00" HC="0.00" NOx="0.00" PMx="0.00" fuel="0.00" electricity="0.00" noise="71.71" route="routetop" type="cfm-slow" waiting="0.00" lane="top_0" pos="19.37" speed="28.27" angle="239.58" x="24.43" y="119.94"/>
        <vehicle id="cfm-slow_4" eclass="HBEFA3/PC_G_EU4" CO2="0.00" CO="0.00" HC="0.00" NOx="0.00" PMx="0.00" fuel="0.00" electricity="0.00" noise="70.89" route="routetop" type="cfm-slow" waiting="0.00" lane="top_0" pos="42.58" speed="26.80" angle="197.89" x="-3.07" y="79.57"/>
        <vehicle id="cfm-slow_5" eclass="HBEFA3/PC_G_EU4" CO2="0.00" CO="0.00" HC="0.00" NOx="0.00" PMx="0.00" fuel="0.00" electricity="0.00" noise="70.34" route="routetop" type="cfm-slow" waiting="0.00" lane="left_0" pos="14.27" speed="25.25" angle="158.82" x="1.85" y="33.89"/>
    </timestep>
    <timestep time="7.73">
        <vehicle id="cfm-fast_0" eclass="HBEFA3/PC_G_EU4" CO2="0.00" CO="0.00" HC="0.00" NOx="0.00" PMx="0.00" fuel="0.00" electricity="0.00" noise="70.71" route="routetop" type="cfm-fast" waiting="0.00" lane="left_0" pos="34.64" speed="24.21" angle="122.22" x="31.79" y="2.90"/>
        <vehicle id="cfm-fast_1" eclass="HBEFA3/PC_G_EU4" CO2="351145.49" CO="9244.81" HC="51.04" NOx="163.99" PMx="10.02" fuel="150.94" electricity="0.00" noise="153.24" route="routetop" type="cfm-fast" waiting="0.00" lane="left_1" pos="34.82" speed="91.90" angle="121.90" x="33.68" y="5.64"/>
        <vehicle id="cfm-fast_2" eclass="HBEFA3/PC_G_EU4" CO2="9016.44" CO="113.02" HC="0.74" NOx="3.61" PMx="0.19" fuel="3.88" electricity="0.00" noise="72.50" route="routetop" type="cfm-fast" waiting="0.00" lane="left_0" pos="49.81" speed="24.08" angle="94.85" x="63.17" y="-4.94"/>
        <vehicle id="cfm-fast_3" eclass="HBEFA3/PC_G_EU4" CO2="13412.42" CO="205.89" HC="1.27" NOx="5.67" PMx="0.31" fuel="5.77" electricity="0.00" noise="74.65" route="routebottom" type="cfm-fast" waiting="0.00" lane="bottom_0" pos="14.93" speed="24.93" angle="67.58" x="94.71" y="2.49"/>
        <vehicle id="cfm-fast_4" eclass="HBEFA3/PC_G_EU4" CO2="290303.56" CO="8769.91" HC="47.43" NOx="135.19" PMx="8.75" fuel="124.79" electricity="0.00" noise="140.17" route="routebottom" type="cfm-fast" waiting="0.00" lane="right_1" pos="19.07" speed="104.02" angle="330.11" x="117.59" y="100.50"/>
        <vehicle id="cfm-fast_5" eclass="HBEFA3/PC_G_EU4" CO2="15293.55" CO="249.92" HC="1.52" NOx="6.52" PMx="0.36" fuel="6.57" electricity="0.00" noise="75.80" route="routebottom" type="cfm-fast" waiting="0.00" lane="bottom_0" pos="30.99" speed="26.34" angle="38.74" x="120.38" y="25.07"/>
        <vehicle id="cfm-slow_0" eclass="HBEFA3/PC_G_EU4" CO2="13105.24" CO="212.45" HC="1.30" NOx="5.46" PMx="0.31" fuel="5.63" electricity="0.00" noise="75.21" route="routebottom" type="cfm-slow" waiting="0.00" lane="bottom_0" pos="48.51" speed="27.87" angle="7.23" x="132.19" y="60.36"/>
        <vehicle id="cfm-slow_1" eclass="HBEFA3/PC_G_EU4" CO2="7402.55" CO="101.30" HC="0.65" NOx="2.74" PMx="0.16" fuel="3.18" electricity="0.00" noise="73.80" route="routebottom" type="cfm-slow" waiting="0.00" lane="right_0" pos="21.54" speed="28.90" angle="325.70" x="117.14" y="106.63"/>
        <vehicle id="cfm-slow_2" eclass="HBEFA3/PC_G_EU4" CO2="0.00" CO="0.00" HC="0.00" NOx="0.00" PMx="0.00" fuel="0.00" electricity="0.00" noise="72.59" route="routebottom" type="cfm-slow" waiting="0.00" lane="right_0" pos="45.56" speed="29.06" angle="282.55" x="73.29" y="131.59"/>
        <vehicle id="cfm-slow_3" eclass="HBEFA3/PC_G_EU4" CO2="0.00" CO="0.00" HC="0.00" NOx="0.00" PMx="0.00" fuel="0.00" electricity="0.00" noise="71.70" route="routetop" type="cfm-slow" waiting="0.00" lane="top_0" pos="19.65" speed="28.26" angle="239.07" x="23.94" y="119.58"/>
        <vehicle id="cfm-slow_4" eclass="HBEFA3/PC_G_EU4" CO2="0.00" CO="0.00" HC="0.00" NOx="0.00" PMx="0.00" fuel="0.00" electricity="0.00" noise="70.89" route="routetop" type="cfm-slow" waiting="0.00" lane="top_0" pos="42.85" speed="26.79" angle="197.41" x="-3.20" y="79.01"/>
        <vehicle id="cfm-slow_5" eclass="HBEFA3/PC_G_EU4" CO2="0.00" CO="0.00" HC="0.00" NOx="0.00" PMx="0.00" fuel="0.00" electricity="0.00" noise="70.34" route="routetop" type="cfm-slow" waiting="0.00" lane="left_0" pos="14.52" speed="25.24" angle="158.35" x="2.09" y="33.41"/>
    </timestep>
    <timestep time="7.74">
        <vehicle id="cfm-fast_0" eclass="HBEFA3/PC_G_EU4" CO2="0.00" CO="0.00" HC="0.00" NOx="0.00" PMx="0.00" fuel="0.00" electricity="0.00" noise="70.72" route="routetop" type="cfm-fast" waiting="0.00" lane="left_0" pos="34.88" speed="24.21" angle="121.77" x="32.26" y="2.66"/>
        <vehicle id="cfm-fast_1" eclass="HBEFA3/PC_G_EU4" CO2="350724.29" CO="9243.38" HC="51.02" NOx="163.79" PMx="10.02" fuel="150.76" electricity="0.00" noise="153.12" route="routetop" type="cfm-fast" waiting="0.00" lane="left_1" pos="35.74" speed="92.03" angle="120.22" x="35.37" y="4.80"/>
        <vehicle id="cfm-fast_2" eclass="HBEFA3/PC_G_EU4" CO2="9058.29" CO="113.90" HC="0.74" NOx="3.63" PMx="0.19" fuel="3.89" electricity="0.00" noise="72.52" route="routebottom" type="cfm-fast" waiting="0.00" lane="bottom_0" pos="0.05" speed="24.09" angle="94.37" x="63.88" y="-4.95"/>
        <vehicle id="cfm-fast_3" eclass="HBEFA3/PC_G_EU4" CO2="13430.12" CO="206.30" HC="1.27" NOx="5.68" PMx="0.31" fuel="5.77" electricity="0.00" noise="74.66" route="routebottom" type="cfm-fast" waiting="0.00" lane="bottom_0" pos="15.18" speed="24.94" angle="67.11" x="95.19" y="2.72"/>
        <vehicle id="cfm-fast_4" eclass="HBEFA3/PC_G_EU4" CO2="286689.46" CO="8700.93" HC="47.03" NOx="133.48" PMx="8.66" fuel="123.23" electricity="0.00" noise="139.57" route="routebottom" type="cfm-fast" waiting="0.00" lane="right_1" pos="20.11" speed="104.10" angle="328.23" x="116.34" y="102.23"/>
        <vehicle id="cfm-fast_5" eclass="HBEFA3/PC_G_EU4" CO2="15274.63" CO="249.59" HC="1.52" NOx="6.51" PMx="0.36" fuel="6.57" electricity="0.00" noise="75.79" route="routebottom" type="cfm-fast" waiting="0.00" lane="bottom_0" pos="31.25" speed="26.36" angle="38.26" x="120.70" y="25.54"/>
        <vehicle id="cfm-slow_0" eclass="HBEFA3/PC_G_EU4" CO2="13051.95" CO="211.41" HC="1.29" NOx="5.43" PMx="0.31" fuel="5.61" electricity="0.00" noise="75.20" route="routebottom" type="cfm-slow" waiting="0.00" lane="bottom_0" pos="48.79" speed="27.88" angle="6.77" x="132.22" y="60.96"/>
        <vehicle id="cfm-slow_1" eclass="HBEFA3/PC_G_EU4" CO2="7331.15" CO="99.85" HC="0.64" NOx="2.71" PMx="0.16" fuel="3.15" electricity="0.00" noise="73.78" route="routebottom" type="cfm-slow" waiting="0.00" lane="right_0" pos="21.83" speed="28.90" angle="325.22" x="116.75" y="107.12"/>
        <vehicle id="cfm-slow_2" eclass="HBEFA3/PC_G_EU4" CO2="0.00" CO="0.00" HC="0.00" NOx="0.00" PMx="0.00" fuel="0.00" electricity="0.00" noise="72.58" route="routebottom" type="cfm-slow" waiting="0.00" lane="right_0" pos="45.85" speed="29.06" angle="282.03" x="72.67" y="131.67"/>
        <vehicle id="cfm-slow_3" eclass="HBEFA3/PC_G_EU4" CO2="0.00" CO="0.00" HC="0.00" NOx="0.00" PMx="0.00" fuel="0.00" electricity="0.00" noise="71.70" route="routetop" type="cfm-slow" waiting="0.00" lane="top_0" pos="19.93" speed="28.25" angle="238.55" x="23.45" y="119.23"/>
        <vehicle id="cfm-slow_4" eclass="HBEFA3/PC_G_EU4" CO2="0.00" CO="0.00" HC="0.00" NOx="0.00" PMx="0.00" fuel="0.00" electricity="0.00" noise="70.88" route="routetop" type="cfm-slow" waiting="0.00" lane="top_0" pos="43.12" speed="26.77" angle="196.93" x="-3.33" y="78.44"/>
        <vehicle id="cfm-slow_5" eclass="HBEFA3/PC_G_EU4" CO2="0.00" CO="0.00" HC="0.00" NOx="0.00" PMx="0.00" fuel="0.00" electricity="0.00" noise="70.34" route="routetop" type="cfm-slow" waiting="0.00" lane="left_0" pos="14.77" speed="25.23" angle="157.88" x="2.33" y="32.92"/>
    </timestep>
    <timestep time="7.75">
        <vehicle id="cfm-fast_0" eclass="HBEFA3/PC_G_EU4" CO2="0.00" CO="0.00" HC="0.00" NOx="0.00" PMx="0.00" fuel="0.00" electricity="0.00" noise="70.74" route="routetop" type="cfm-fast" waiting="0.00" lane="left_0" pos="35.13" speed="24.21" angle="121.32" x="32.73" y="2.43"/>
        <vehicle id="cfm-fast_1" eclass="HBEFA3/PC_G_EU4" CO2="350275.63" CO="9241.37" HC="51.00" NOx="163.57" PMx="10.01" fuel="150.57" electricity="0.00" noise="153.00" route="routetop" type="cfm-fast" waiting="0.00" lane="left_1" pos="36.67" speed="92.15" angle="118.52" x="37.09" y="4.01"/>
        <vehicle id="cfm-fast_2" eclass="HBEFA3/PC_G_EU4" CO2="9099.92" CO="114.78" HC="0.75" NOx="3.65" PMx="0.19" fuel="3.91" electricity="0.00" noise="72.54" route="routebottom" type="cfm-fast" waiting="0.00" lane="bottom_0" pos="0.29" speed="24.10" angle="93.94" x="64.39" y="-4.94"/>
        <vehicle id="cfm-fast_3" eclass="HBEFA3/PC_G_EU4" CO2="13447.51" CO="206.70" HC="1.28" NOx="5.68" PMx="0.31" fuel="5.78" electricity="0.00" noise="74.67" route="routebottom" type="cfm-fast" waiting="0.00" lane="bottom_0" pos="15.43" speed="24.96" angle="66.72" x="95.67" y="2.97"/>
        <vehicle id="cfm-fast_4" eclass="HBEFA3/PC_G_EU4" CO2="283136.37" CO="8633.11" HC="46.63" NOx="131.81" PMx="8.57" fuel="121.71" electricity="0.00" noise="138.99" route="routebottom" type="cfm-fast" waiting="0.00" lane="right_1" pos="21.16" speed="104.18" angle="326.37" x="115.05" y="103.93"/>
        <vehicle id="cfm-fast_5" eclass="HBEFA3/PC_G_EU4" CO2="15255.40" CO="249.27" HC="1.52" NOx="6.50" PMx="0.36" fuel="6.56" electricity="0.00" noise="75.79" route="routebottom" type="cfm-fast" waiting="0.00" lane="bottom_0" pos="31.52" speed="26.37" angle="37.79" x="121.01" y="26.01"/>
        <vehicle id="cfm-slow_0" eclass="HBEFA3/PC_G_EU4" CO2="12998.46" CO="210.37" HC="1.28" NOx="5.41" PMx="0.31" fuel="5.59" electricity="0.00" noise="75.18" route="routebottom" type="cfm-slow" waiting="0.00" lane="bottom_0" pos="49.07" speed="27.89" angle="6.25" x="132.23" y="61.56"/>
        <vehicle id="cfm-slow_1" eclass="HBEFA3/PC_G_EU4" CO2="7259.86" CO="98.39" HC="0.63" NOx="2.68" PMx="0.16" fuel="3.12" electricity="0.00" noise="73.77" route="routebottom" type="cfm-slow" waiting="0.00" lane="right_0" pos="22.12" speed="28.91" angle="324.67" x="116.35" y="107.59"/>
        <vehicle id="cfm-slow_2" eclass="HBEFA3/PC_G_EU4" CO2="0.00" CO="0.00" HC="0.00" NOx="0.00" PMx="0.00" fuel="0.00" electricity="0.00" noise="72.57" route="routebottom" type="cfm-slow" waiting="0.00" lane="right_0" pos="46.14" speed="29.05" angle="281.54" x="72.05" y="131.76"/>
        <vehicle id="cfm-slow_3" eclass="HBEFA3/PC_G_EU4" CO2="0.00" CO="0.00" HC="0.00" NOx="0.00" PMx="0.00" fuel="0.00" electricity="0.00" noise="71.69" route="routetop" type="cfm-slow" waiting="0.00" lane="top_0" pos="20.22" speed="28.23" angle="238.04" x="22.95" y="118.87"/>
        <vehicle id="cfm-slow_4" eclass="HBEFA3/PC_G_EU4" CO2="0.00" CO="0.00" HC="0.00" NOx="0.00" PMx="0.00" fuel="0.00" electricity="0.00" noise="70.88" route="routetop" type="cfm-slow" waiting="0.00" lane="top_0" pos="43.39" speed="26.76" angle="196.46" x="-3.46" y="77.88"/>
        <vehicle id="cfm-slow_5" eclass="HBEFA3/PC_G_EU4" CO2="0.00" CO="0.00" HC="0.00" NOx="0.00" PMx="0.00" fuel="0.00" electricity="0.00" noise="70.34" route="routetop" type="cfm-slow" waiting="0.00" lane="left_0" pos="15.02" speed="25.22" angle="157.40" x="2.58" y="32.44"/>
    </timestep>
    <timestep time="7.76">
        <vehicle id="cfm-fast_0" eclass="HBEFA3/PC_G_EU4" CO2="0.00" CO="0.00" HC="0.00" NOx="0.00" PMx="0.00" fuel="0.00" electricity="0.00" noise="70.75" route="routetop" type="cfm-fast" waiting="0.00" lane="left_0" pos="35.37" speed="24.21" angle="120.87" x="33.19" y="2.20"/>
        <vehicle id="cfm-fast_1" eclass="HBEFA3/PC_G_EU4" CO2="349800.17" CO="9238.80" HC="50.98" NOx="163.35" PMx="10.00" fuel="150.36" electricity="0.00" noise="152.87" route="routetop" type="cfm-fast" waiting="0.00" lane="left_1" pos="37.59" speed="92.27" angle="116.85" x="38.83" y="3.27"/>
        <vehicle id="cfm-fast_2" eclass="HBEFA3/PC_G_EU4" CO2="9141.34" CO="115.65" HC="0.75" NOx="3.67" PMx="0.19" fuel="3.93" electricity="0.00" noise="72.56" route="routebottom" type="cfm-fast" waiting="0.00" lane="bottom_0" pos="0.54" speed="24.11" angle="93.50" x="64.91" y="-4.92"/>
        <vehicle id="cfm-fast_3" eclass="HBEFA3/PC_G_EU4" CO2="13464.58" CO="207.10" HC="1.28" NOx="5.69" PMx="0.31" fuel="5.79" electricity="0.00" noise="74.68" route="routebottom" type="cfm-fast" waiting="0.00" lane="bottom_0" pos="15.68" speed="24.97" angle="66.26" x="96.14" y="3.23"/>
        <vehicle id="cfm-fast_4" eclass="HBEFA3/PC_G_EU4" CO2="279643.39" CO="8566.44" HC="46.24" NOx="130.16" PMx="8.48" fuel="120.21" electricity="0.00" noise="138.42" route="routebottom" type="cfm-fast" waiting="0.00" lane="right_1" pos="22.20" speed="104.25" angle="324.52" x="113.71" y="105.60"/>
        <vehicle id="cfm-fast_5" eclass="HBEFA3/PC_G_EU4" CO2="15235.84" CO="248.93" HC="1.51" NOx="6.49" PMx="0.36" fuel="6.55" electricity="0.00" noise="75.78" route="routebottom" type="cfm-fast" waiting="0.00" lane="bottom_0" pos="31.78" speed="26.39" angle="37.32" x="121.33" y="26.48"/>
        <vehicle id="cfm-slow_0" eclass="HBEFA3/PC_G_EU4" CO2="12944.78" CO="209.33" HC="1.28" NOx="5.38" PMx="0.30" fuel="5.56" electricity="0.00" noise="75.16" route="routebottom" type="cfm-slow" waiting="0.00" lane="bottom_0" pos="49.34" speed="27.90" angle="5.73" x="132.24" y="62.16"/>
        <vehicle id="cfm-slow_1" eclass="HBEFA3/PC_G_EU4" CO2="7188.68" CO="96.94" HC="0.62" NOx="2.64" PMx="0.16" fuel="3.09" electricity="0.00" noise="73.75" route="routebottom" type="cfm-slow" waiting="0.00" lane="right_0" pos="22.41" speed="28.91" angle="324.12" x="115.95" y="108.07"/>
        <vehicle id="cfm-slow_2" eclass="HBEFA3/PC_G_EU4" CO2="0.00" CO="0.00" HC="0.00" NOx="0.00" PMx="0.00" fuel="0.00" electricity="0.00" noise="72.56" route="routebottom" type="cfm-slow" waiting="0.00" lane="right_0" pos="46.43" speed="29.04" angle="281.03" x="71.43" y="131.83"/>
        <vehicle id="cfm-slow_3" eclass="HBEFA3/PC_G_EU4" CO2="0.00" CO="0.00" HC="0.00" NOx="0.00" PMx="0.00" fuel="0.00" electricity="0.00" noise="71.68" route="routetop" type="cfm-slow" waiting="0.00" lane="top_0" pos="20.50" speed="28.22" angle="237.58" x="22.46" y="118.52"/>
        <vehicle id="cfm-slow_4" eclass="HBEFA3/PC_G_EU4" CO2="0.00" CO="0.00" HC="0.00" NOx="0.00" PMx="0.00" fuel="0.00" electricity="0.00" noise="70.87" route="routetop" type="cfm-slow" waiting="0.00" lane="top_0" pos="43.66" speed="26.74" angle="196.04" x="-3.58" y="77.32"/>
        <vehicle id="cfm-slow_5" eclass="HBEFA3/PC_G_EU4" CO2="0.00" CO="0.00" HC="0.00" NOx="0.00" PMx="0.00" fuel="0.00" electricity="0.00" noise="70.34" route="routetop" type="cfm-slow" waiting="0.00" lane="left_0" pos="15.28" speed="25.21" angle="156.95" x="2.82" y="31.95"/>
    </timestep>
    <timestep time="7.77">
        <vehicle id="cfm-fast_0" eclass="HBEFA3/PC_G_EU4" CO2="0.00" CO="0.00" HC="0.00" NOx="0.00" PMx="0.00" fuel="0.00" electricity="0.00" noise="70.76" route="routetop" type="cfm-fast" waiting="0.00" lane="left_0" pos="35.61" speed="24.20" angle="120.43" x="33.66" y="1.97"/>
        <vehicle id="cfm-fast_1" eclass="HBEFA3/PC_G_EU4" CO2="349298.56" CO="9235.67" HC="50.95" NOx="163.11" PMx="9.99" fuel="150.15" electricity="0.00" noise="152.74" route="routetop" type="cfm-fast" waiting="0.00" lane="left_1" pos="38.51" speed="92.39" angle="115.17" x="40.59" y="2.57"/>
        <vehicle id="cfm-fast_2" eclass="HBEFA3/PC_G_EU4" CO2="9182.54" CO="116.52" HC="0.76" NOx="3.69" PMx="0.20" fuel="3.95" electricity="0.00" noise="72.58" route="routebottom" type="cfm-fast" waiting="0.00" lane="bottom_0" pos="0.78" speed="24.12" angle="93.06" x="65.43" y="-4.91"/>
        <vehicle id="cfm-fast_3" eclass="HBEFA3/PC_G_EU4" CO2="13481.34" CO="207.49" HC="1.28" NOx="5.70" PMx="0.31" fuel="5.79" electricity="0.00" noise="74.69" route="routebottom" type="cfm-fast" waiting="0.00" lane="bottom_0" pos="15.93" speed="24.98" angle="65.80" x="96.61" y="3.49"/>
        <vehicle id="cfm-fast_4" eclass="HBEFA3/PC_G_EU4" CO2="276209.64" CO="8500.89" HC="45.86" NOx="128.54" PMx="8.40" fuel="118.73" electricity="0.00" noise="137.86" route="routebottom" type="cfm-fast" waiting="0.00" lane="right_1" pos="23.24" speed="104.33" angle="322.69" x="112.32" y="107.23"/>
        <vehicle id="cfm-fast_5" eclass="HBEFA3/PC_G_EU4" CO2="15215.97" CO="248.59" HC="1.51" NOx="6.49" PMx="0.36" fuel="6.54" electricity="0.00" noise="75.77" route="routebottom" type="cfm-fast" waiting="0.00" lane="bottom_0" pos="32.05" speed="26.40" angle="36.90" x="121.64" y="26.96"/>
        <vehicle id="cfm-slow_0" eclass="HBEFA3/PC_G_EU4" CO2="12890.90" CO="208.28" HC="1.27" NOx="5.35" PMx="0.30" fuel="5.54" electricity="0.00" noise="75.15" route="routebottom" type="cfm-slow" waiting="0.00" lane="bottom_0" pos="49.62" speed="27.91" angle="5.21" x="132.25" y="62.76"/>
        <vehicle id="cfm-slow_1" eclass="HBEFA3/PC_G_EU4" CO2="7117.63" CO="95.50" HC="0.62" NOx="2.61" PMx="0.16" fuel="3.06" electricity="0.00" noise="73.74" route="routebottom" type="cfm-slow" waiting="0.00" lane="right_0" pos="22.70" speed="28.91" angle="323.57" x="115.54" y="108.54"/>
        <vehicle id="cfm-slow_2" eclass="HBEFA3/PC_G_EU4" CO2="0.00" CO="0.00" HC="0.00" NOx="0.00" PMx="0.00" fuel="0.00" electricity="0.00" noise="72.55" route="routebottom" type="cfm-slow" waiting="0.00" lane="right_0" pos="46.72" speed="29.04" angle="280.50" x="70.80" y="131.89"/>
        <vehicle id="cfm-slow_3" eclass="HBEFA3/PC_G_EU4" CO2="0.00" CO="0.00" HC="0.00" NOx="0.00" PMx="0.00" fuel="0.00" electricity="0.00" noise="71.67" route="routetop" type="cfm-slow" waiting="0.00" lane="top_0" pos="20.78" speed="28.21" angle="237.07" x="21.98" y="118.14"/>
        <vehicle id="cfm-slow_4" eclass="HBEFA3/PC_G_EU4" CO2="0.00" CO="0.00" HC="0.00" NOx="0.00" PMx="0.00" fuel="0.00" electricity="0.00" noise="70.86" route="routetop" type="cfm-slow" waiting="0.00" lane="top_0" pos="43.92" speed="26.73" angle="195.54" x="-3.68" y="76.76"/>
        <vehicle id="cfm-slow_5" eclass="HBEFA3/PC_G_EU4" CO2="0.00" CO="0.00" HC="0.00" NOx="0.00" PMx="0.00" fuel="0.00" electricity="0.00" noise="70.34" route="routetop" type="cfm-slow" waiting="0.00" lane="left_0" pos="15.53" speed="25.20" angle="156.53" x="3.07" y="31.47"/>
    </timestep>
    <timestep time="7.78">
        <vehicle id="cfm-fast_0" eclass="HBEFA3/PC_G_EU4" CO2="0.00" CO="0.00" HC="0.00" NOx="0.00" PMx="0.00" fuel="0.00" electricity="0.00" noise="70.77" route="routetop" type="cfm-fast" waiting="0.00" lane="left_0" pos="35.85" speed="24.20" angle="120.01" x="34.12" y="1.73"/>
        <vehicle id="cfm-fast_1" eclass="HBEFA3/PC_G_EU4" CO2="348771.44" CO="9232.01" HC="50.92" NOx="162.86" PMx="9.98" fuel="149.92" electricity="0.00" noise="152.60" route="routetop" type="cfm-fast" waiting="0.00" lane="left_1" pos="39.44" speed="92.51" angle="113.47" x="42.37" y="1.93"/>
        <vehicle id="cfm-fast_2" eclass="HBEFA3/PC_G_EU4" CO2="9223.52" CO="117.38" HC="0.76" NOx="3.71" PMx="0.20" fuel="3.96" electricity="0.00" noise="72.59" route="routebottom" type="cfm-fast" waiting="0.00" lane="bottom_0" pos="1.02" speed="24.12" angle="92.63" x="65.95" y="-4.90"/>
        <vehicle id="cfm-fast_3" eclass="HBEFA3/PC_G_EU4" CO2="13497.79" CO="207.87" HC="1.28" NOx="5.71" PMx="0.31" fuel="5.80" electricity="0.00" noise="74.70" route="routebottom" type="cfm-fast" waiting="0.00" lane="bottom_0" pos="16.18" speed="25.00" angle="65.34" x="97.08" y="3.75"/>
        <vehicle id="cfm-fast_4" eclass="HBEFA3/PC_G_EU4" CO2="272834.22" CO="8436.46" HC="45.48" NOx="126.94" PMx="8.31" fuel="117.28" electricity="0.00" noise="137.31" route="routebottom" type="cfm-fast" waiting="0.00" lane="right_1" pos="24.29" speed="104.40" angle="320.80" x="110.87" y="108.79"/>
        <vehicle id="cfm-fast_5" eclass="HBEFA3/PC_G_EU4" CO2="15195.78" CO="248.24" HC="1.51" NOx="6.48" PMx="0.36" fuel="6.53" electricity="0.00" noise="75.77" route="routebottom" type="cfm-fast" waiting="0.00" lane="bottom_0" pos="32.31" speed="26.42" angle="36.42" x="121.94" y="27.44"/>
        <vehicle id="cfm-slow_0" eclass="HBEFA3/PC_G_EU4" CO2="12836.84" CO="207.22" HC="1.27" NOx="5.33" PMx="0.30" fuel="5.52" electricity="0.00" noise="75.13" route="routebottom" type="cfm-slow" waiting="0.00" lane="bottom_0" pos="49.90" speed="27.92" angle="4.69" x="132.27" y="63.36"/>
        <vehicle id="cfm-slow_1" eclass="HBEFA3/PC_G_EU4" CO2="7046.69" CO="94.05" HC="0.61" NOx="2.58" PMx="0.15" fuel="3.03" electricity="0.00" noise="73.72" route="routebottom" type="cfm-slow" waiting="0.00" lane="right_0" pos="22.99" speed="28.91" angle="323.05" x="115.14" y="109.02"/>
        <vehicle id="cfm-slow_2" eclass="HBEFA3/PC_G_EU4" CO2="0.00" CO="0.00" HC="0.00" NOx="0.00" PMx="0.00" fuel="0.00" electricity="0.00" noise="72.54" route="routebottom" type="cfm-slow" waiting="0.00" lane="right_0" pos="47.01" speed="29.03" angle="279.96" x="70.18" y="131.96"/>
        <vehicle id="cfm-slow_3" eclass="HBEFA3/PC_G_EU4" CO2="0.00" CO="0.00" HC="0.00" NOx="0.00" PMx="0.00" fuel="0.00" electricity="0.00" noise="71.66" route="routetop" type="cfm-slow" waiting="0.00" lane="top_0" pos="21.06" speed="28.19" angle="236.55" x="21.51" y="117.77"/>
        <vehicle id="cfm-slow_4" eclass="HBEFA3/PC_G_EU4" CO2="0.00" CO="0.00" HC="0.00" NOx="0.00" PMx="0.00" fuel="0.00" electricity="0.00" noise="70.86" route="routetop" type="cfm-slow" waiting="0.00" lane="top_0" pos="44.19" speed="26.71" angle="195.04" x="-3.79" y="76.19"/>
        <vehicle id="cfm-slow_5" eclass="HBEFA3/PC_G_EU4" CO2="0.00" CO="0.00" HC="0.00" NOx="0.00" PMx="0.00" fuel="0.00" electricity="0.00" noise="70.34" route="routetop" type="cfm-slow" waiting="0.00" lane="left_0" pos="15.78" speed="25.19" angle="156.07" x="3.34" y="31.00"/>
    </timestep>
    <timestep time="7.79">
        <vehicle id="cfm-fast_0" eclass="HBEFA3/PC_G_EU4" CO2="0.00" CO="0.00" HC="0.00" NOx="0.00" PMx="0.00" fuel="0.00" electricity="0.00" noise="70.79" route="routetop" type="cfm-fast" waiting="0.00" lane="left_0" pos="36.09" speed="24.20" angle="119.59" x="34.60" y="1.51"/>
        <vehicle id="cfm-fast_1" eclass="HBEFA3/PC_G_EU4" CO2="348219.45" CO="9227.82" HC="50.89" NOx="162.60" PMx="9.97" fuel="149.68" electricity="0.00" noise="152.46" route="routetop" type="cfm-fast" waiting="0.00" lane="left_1" pos="40.36" speed="92.63" angle="111.82" x="44.18" y="1.34"/>
        <vehicle id="cfm-fast_2" eclass="HBEFA3/PC_G_EU4" CO2="9264.29" CO="118.24" HC="0.77" NOx="3.73" PMx="0.20" fuel="3.98" electricity="0.00" noise="72.61" route="routebottom" type="cfm-fast" waiting="0.00" lane="bottom_0" pos="1.26" speed="24.13" angle="92.21" x="66.47" y="-4.89"/>
        <vehicle id="cfm-fast_3" eclass="HBEFA3/PC_G_EU4" CO2="13513.92" CO="208.25" HC="1.28" NOx="5.71" PMx="0.31" fuel="5.81" electricity="0.00" noise="74.72" route="routebottom" type="cfm-fast" waiting="0.00" lane="bottom_0" pos="16.43" speed="25.01" angle="64.87" x="97.55" y="4.01"/>
        <vehicle id="cfm-fast_4" eclass="HBEFA3/PC_G_EU4" CO2="269516.28" CO="8373.13" HC="45.11" NOx="125.38" PMx="8.22" fuel="115.85" electricity="0.00" noise="136.76" route="routebottom" type="cfm-fast" waiting="0.00" lane="right_1" pos="25.33" speed="104.47" angle="318.93" x="109.36" y="110.31"/>
        <vehicle id="cfm-fast_5" eclass="HBEFA3/PC_G_EU4" CO2="15175.27" CO="247.88" HC="1.51" NOx="6.47" PMx="0.36" fuel="6.52" electricity="0.00" noise="75.76" route="routebottom" type="cfm-fast" waiting="0.00" lane="bottom_0" pos="32.57" speed="26.43" angle="35.92" x="122.23" y="27.93"/>
        <vehicle id="cfm-slow_0" eclass="HBEFA3/PC_G_EU4" CO2="12782.59" CO="206.17" HC="1.26" NOx="5.30" PMx="0.30" fuel="5.49" electricity="0.00" noise="75.11" route="routebottom" type="cfm-slow" waiting="0.00" lane="right_0" pos="0.18" speed="27.93" angle="4.14" x="132.26" y="64.15"/>
        <vehicle id="cfm-slow_1" eclass="HBEFA3/PC_G_EU4" CO2="6975.88" CO="92.60" HC="0.60" NOx="2.54" PMx="0.15" fuel="3.00" electricity="0.00" noise="73.70" route="routebottom" type="cfm-slow" waiting="0.00" lane="right_0" pos="23.27" speed="28.92" angle="322.58" x="114.73" y="109.48"/>
        <vehicle id="cfm-slow_2" eclass="HBEFA3/PC_G_EU4" CO2="0.00" CO="0.00" HC="0.00" NOx="0.00" PMx="0.00" fuel="0.00" electricity="0.00" noise="72.53" route="routebottom" type="cfm-slow" waiting="0.00" lane="right_0" pos="47.30" speed="29.02" angle="279.43" x="69.56" y="132.02"/>
        <vehicle id="cfm-slow_3" eclass="HBEFA3/PC_G_EU4" CO2="0.00" CO="0.00" HC="0.00" NOx="0.00" PMx="0.00" fuel="0.00" electricity="0.00" noise="71.66" route="routetop" type="cfm-slow" waiting="0.00" lane="top_0" pos="21.34" speed="28.18" angle="236.03" x="21.03" y="117.40"/>
        <vehicle id="cfm-slow_4" eclass="HBEFA3/PC_G_EU4" CO2="0.00" CO="0.00" HC="0.00" NOx="0.00" PMx="0.00" fuel="0.00" electricity="0.00" noise="70.85" route="routetop" type="cfm-slow" waiting="0.00" lane="top_0" pos="44.46" speed="26.70" angle="194.54" x="-3.89" y="75.63"/>
        <vehicle id="cfm-slow_5" eclass="HBEFA3/PC_G_EU4" CO2="0.00" CO="0.00" HC="0.00" NOx="0.00" PMx="0.00" fuel="0.00" electricity="0.00" noise="70.34" route="routetop" type="cfm-slow" waiting="0.00" lane="left_0" pos="16.03" speed="25.18" angle="155.61" x="3.60" y="30.52"/>
    </timestep>
    <timestep time="7.80">
        <vehicle id="cfm-fast_0" eclass="HBEFA3/PC_G_EU4" CO2="0.00" CO="0.00" HC="0.00" NOx="0.00" PMx="0.00" fuel="0.00" electricity="0.00" noise="70.80" route="routetop" type="cfm-fast" waiting="0.00" lane="left_0" pos="36.34" speed="24.20" angle="119.13" x="35.07" y="1.30"/>
        <vehicle id="cfm-fast_1" eclass="HBEFA3/PC_G_EU4" CO2="347643.18" CO="9223.11" HC="50.86" NOx="162.33" PMx="9.95" fuel="149.43" electricity="0.00" noise="152.32" route="routetop" type="cfm-fast" waiting="0.00" lane="left_1" pos="41.29" speed="92.75" angle="110.17" x="46.00" y="0.79"/>
        <vehicle id="cfm-fast_2" eclass="HBEFA3/PC_G_EU4" CO2="9304.84" CO="119.10" HC="0.77" NOx="3.75" PMx="0.20" fuel="4.00" electricity="0.00" noise="72.63" route="routebottom" type="cfm-fast" waiting="0.00" lane="bottom_0" pos="1.50" speed="24.14" angle="91.78" x="66.99" y="-4.86"/>
        <vehicle id="cfm-fast_3" eclass="HBEFA3/PC_G_EU4" CO2="13529.74" CO="208.62" HC="1.29" NOx="5.72" PMx="0.31" fuel="5.82" electricity="0.00" noise="74.73" route="routebottom" type="cfm-fast" waiting="0.00" lane="bottom_0" pos="16.68" speed="25.03" angle="64.47" x="98.02" y="4.27"/>
        <vehicle id="cfm-fast_4" eclass="HBEFA3/PC_G_EU4" CO2="266254.93" CO="8310.88" HC="44.75" NOx="123.84" PMx="8.14" fuel="114.45" electricity="0.00" noise="136.23" route="routebottom" type="cfm-fast" waiting="0.00" lane="right_1" pos="26.38" speed="104.54" angle="317.08" x="107.80" y="111.79"/>
        <vehicle id="cfm-fast_5" eclass="HBEFA3/PC_G_EU4" CO2="15154.45" CO="247.52" HC="1.51" NOx="6.46" PMx="0.36" fuel="6.51" electricity="0.00" noise="75.75" route="routebottom" type="cfm-fast" waiting="0.00" lane="bottom_0" pos="32.84" speed="26.45" angle="35.43" x="122.52" y="28.42"/>
        <vehicle id="cfm-slow_0" eclass="HBEFA3/PC_G_EU4" CO2="12728.16" CO="205.11" HC="1.25" NOx="5.28" PMx="0.30" fuel="5.47" electricity="0.00" noise="75.09" route="routebottom" type="cfm-slow" waiting="0.00" lane="right_0" pos="0.46" speed="27.94" angle="3.63" x="132.25" y="64.75"/>
        <vehicle id="cfm-slow_1" eclass="HBEFA3/PC_G_EU4" CO2="6905.19" CO="91.16" HC="0.59" NOx="2.51" PMx="0.15" fuel="2.97" electricity="0.00" noise="73.69" route="routebottom" type="cfm-slow" waiting="0.00" lane="right_0" pos="23.56" speed="28.92" angle="322.06" x="114.30" y="109.93"/>
        <vehicle id="cfm-slow_2" eclass="HBEFA3/PC_G_EU4" CO2="0.00" CO="0.00" HC="0.00" NOx="0.00" PMx="0.00" fuel="0.00" electricity="0.00" noise="72.52" route="routebottom" type="cfm-slow" waiting="0.00" lane="right_0" pos="47.59" speed="29.01" angle="278.96" x="68.94" y="132.07"/>
        <vehicle id="cfm-slow_3" eclass="HBEFA3/PC_G_EU4" CO2="0.00" CO="0.00" HC="0.00" NOx="0.00" PMx="0.00" fuel="0.00" electricity="0.00" noise="71.65" route="routetop" type="cfm-slow" waiting="0.00" lane="top_0" pos="21.63" speed="28.16" angle="235.51" x="20.55" y="117.02"/>
        <vehicle id="cfm-slow_4" eclass="HBEFA3/PC_G_EU4" CO2="0.00" CO="0.00" HC="0.00" NOx="0.00" PMx="0.00" fuel="0.00" electricity="0.00" noise="70.85" route="routetop" type="cfm-slow" waiting="0.00" lane="top_0" pos="44.72" speed="26.68" angle="194.04" x="-4.00" y="75.06"/>
        <vehicle id="cfm-slow_5" eclass="HBEFA3/PC_G_EU4" CO2="0.00" CO="0.00" HC="0.00" NOx="0.00" PMx="0.00" fuel="0.00" electricity="0.00" noise="70.34" route="routetop" type="cfm-slow" waiting="0.00" lane="left_0" pos="16.28" speed="25.17" angle="155.14" x="3.86" y="30.05"/>
    </timestep>
    <timestep time="7.81">
        <vehicle id="cfm-fast_0" eclass="HBEFA3/PC_G_EU4" CO2="0.00" CO="0.00" HC="0.00" NOx="0.00" PMx="0.00" fuel="0.00" electricity="0.00" noise="70.81" route="routetop" type="cfm-fast" waiting="0.00" lane="left_0" pos="36.58" speed="24.20" angle="118.68" x="35.55" y="1.09"/>
        <vehicle id="cfm-fast_1" eclass="HBEFA3/PC_G_EU4" CO2="347043.27" CO="9217.90" HC="50.82" NOx="162.04" PMx="9.94" fuel="149.18" electricity="0.00" noise="152.17" route="routetop" type="cfm-fast" waiting="0.00" lane="left_1" pos="42.22" speed="92.87" angle="108.48" x="47.84" y="0.30"/>
        <vehicle id="cfm-fast_2" eclass="HBEFA3/PC_G_EU4" CO2="9345.17" CO="119.95" HC="0.78" NOx="3.77" PMx="0.20" fuel="4.02" electricity="0.00" noise="72.65" route="routebottom" type="cfm-fast" waiting="0.00" lane="bottom_0" pos="1.74" speed="24.15" angle="91.35" x="67.51" y="-4.83"/>
        <vehicle id="cfm-fast_3" eclass="HBEFA3/PC_G_EU4" CO2="13545.24" CO="208.99" HC="1.29" NOx="5.73" PMx="0.31" fuel="5.82" electricity="0.00" noise="74.74" route="routebottom" type="cfm-fast" waiting="0.00" lane="bottom_0" pos="16.93" speed="25.04" angle="64.01" x="98.48" y="4.55"/>
        <vehicle id="cfm-fast_4" eclass="HBEFA3/PC_G_EU4" CO2="263049.33" CO="8249.69" HC="44.39" NOx="122.32" PMx="8.06" fuel="113.07" electricity="0.00" noise="135.71" route="routebottom" type="cfm-fast" waiting="0.00" lane="right_1" pos="27.42" speed="104.61" angle="315.15" x="106.20" y="113.21"/>
        <vehicle id="cfm-fast_5" eclass="HBEFA3/PC_G_EU4" CO2="15133.31" CO="247.16" HC="1.50" NOx="6.44" PMx="0.36" fuel="6.51" electricity="0.00" noise="75.75" route="routebottom" type="cfm-fast" waiting="0.00" lane="bottom_0" pos="33.10" speed="26.46" angle="34.93" x="122.81" y="28.91"/>
        <vehicle id="cfm-slow_0" eclass="HBEFA3/PC_G_EU4" CO2="12673.55" CO="204.04" HC="1.25" NOx="5.25" PMx="0.30" fuel="5.45" electricity="0.00" noise="75.08" route="routebottom" type="cfm-slow" waiting="0.00" lane="right_0" pos="0.74" speed="27.95" angle="3.13" x="132.24" y="65.35"/>
        <vehicle id="cfm-slow_1" eclass="HBEFA3/PC_G_EU4" CO2="6834.64" CO="89.72" HC="0.58" NOx="2.47" PMx="0.15" fuel="2.94" electricity="0.00" noise="73.67" route="routebottom" type="cfm-slow" waiting="0.00" lane="right_0" pos="23.85" speed="28.92" angle="321.54" x="113.88" y="110.39"/>
        <vehicle id="cfm-slow_2" eclass="HBEFA3/PC_G_EU4" CO2="0.00" CO="0.00" HC="0.00" NOx="0.00" PMx="0.00" fuel="0.00" electricity="0.00" noise="72.51" route="routebottom" type="cfm-slow" waiting="0.00" lane="right_0" pos="47.88" speed="29.01" angle="278.42" x="68.32" y="132.11"/>
        <vehicle id="cfm-slow_3" eclass="HBEFA3/PC_G_EU4" CO2="0.00" CO="0.00" HC="0.00" NOx="0.00" PMx="0.00" fuel="0.00" electricity="0.00" noise="71.64" route="routetop" type="cfm-slow" waiting="0.00" lane="top_0" pos="21.91" speed="28.15" angle="235.04" x="20.08" y="116.64"/>
        <vehicle id="cfm-slow_4" eclass="HBEFA3/PC_G_EU4" CO2="0.00" CO="0.00" HC="0.00" NOx="0.00" PMx="0.00" fuel="0.00" electricity="0.00" noise="70.84" route="routetop" type="cfm-slow" waiting="0.00" lane="top_0" pos="44.99" speed="26.67" angle="193.62" x="-4.09" y="74.49"/>
        <vehicle id="cfm-slow_5" eclass="HBEFA3/PC_G_EU4" CO2="0.00" CO="0.00" HC="0.00" NOx="0.00" PMx="0.00" fuel="0.00" electricity="0.00" noise="70.34" route="routetop" type="cfm-slow" waiting="0.00" lane="left_0" pos="16.54" speed="25.16" angle="154.69" x="4.12" y="29.58"/>
    </timestep>
    <timestep time="7.82">
        <vehicle id="cfm-fast_0" eclass="HBEFA3/PC_G_EU4" CO2="0.00" CO="0.00" HC="0.00" NOx="0.00" PMx="0.00" fuel="0.00" electricity="0.00" noise="70.83" route="routetop" type="cfm-fast" waiting="0.00" lane="left_0" pos="36.82" speed="24.20" angle="118.23" x="36.02" y="0.87"/>
        <vehicle id="cfm-fast_1" eclass="HBEFA3/PC_G_EU4" CO2="346420.30" CO="9212.20" HC="50.78" NOx="161.75" PMx="9.93" fuel="148.91" electricity="0.00" noise="152.02" route="routetop" type="cfm-fast" waiting="0.00" lane="left_1" pos="43.15" speed="92.99" angle="106.86" x="49.70" y="-0.13"/>
        <vehicle id="cfm-fast_2" eclass="HBEFA3/PC_G_EU4" CO2="9385.28" CO="120.80" HC="0.78" NOx="3.78" PMx="0.20" fuel="4.03" electricity="0.00" noise="72.67" route="routebottom" type="cfm-fast" waiting="0.00" lane="bottom_0" pos="1.98" speed="24.16" angle="90.91" x="68.03" y="-4.80"/>
        <vehicle id="cfm-fast_3" eclass="HBEFA3/PC_G_EU4" CO2="13560.43" CO="209.34" HC="1.29" NOx="5.73" PMx="0.31" fuel="5.83" electricity="0.00" noise="74.75" route="routebottom" type="cfm-fast" waiting="0.00" lane="bottom_0" pos="17.18" speed="25.05" angle="63.54" x="98.94" y="4.83"/>
        <vehicle id="cfm-fast_4" eclass="HBEFA3/PC_G_EU4" CO2="259898.62" CO="8189.55" HC="44.04" NOx="120.84" PMx="7.98" fuel="111.72" electricity="0.00" noise="135.20" route="routebottom" type="cfm-fast" waiting="0.00" lane="right_1" pos="28.47" speed="104.68" angle="313.21" x="104.54" y="114.58"/>
        <vehicle id="cfm-fast_5" eclass="HBEFA3/PC_G_EU4" CO2="15111.86" CO="246.78" HC="1.50" NOx="6.43" PMx="0.36" fuel="6.50" electricity="0.00" noise="75.74" route="routebottom" type="cfm-fast" waiting="0.00" lane="bottom_0" pos="33.37" speed="26.48" angle="34.50" x="123.10" y="29.40"/>
        <vehicle id="cfm-slow_0" eclass="HBEFA3/PC_G_EU4" CO2="12618.75" CO="202.97" HC="1.24" NOx="5.23" PMx="0.30" fuel="5.42" electricity="0.00" noise="75.06" route="routebottom" type="cfm-slow" waiting="0.00" lane="right_0" pos="1.02" speed="27.96" angle="2.62" x="132.23" y="65.95"/>
        <vehicle id="cfm-slow_1" eclass="HBEFA3/PC_G_EU4" CO2="6764.21" CO="88.28" HC="0.57" NOx="2.44" PMx="0.15" fuel="2.91" electricity="0.00" noise="73.66" route="routebottom" type="cfm-slow" waiting="0.00" lane="right_0" pos="24.14" speed="28.92" angle="321.02" x="113.46" y="110.85"/>
        <vehicle id="cfm-slow_2" eclass="HBEFA3/PC_G_EU4" CO2="0.00" CO="0.00" HC="0.00" NOx="0.00" PMx="0.00" fuel="0.00" electricity="0.00" noise="72.50" route="routebottom" type="cfm-slow" waiting="0.00" lane="right_0" pos="48.17" speed="29.00" angle="277.87" x="67.69" y="132.15"/>
        <vehicle id="cfm-slow_3" eclass="HBEFA3/PC_G_EU4" CO2="0.00" CO="0.00" HC="0.00" NOx="0.00" PMx="0.00" fuel="0.00" electricity="0.00" noise="71.63" route="routetop" type="cfm-slow" waiting="0.00" lane="top_0" pos="22.19" speed="28.13" angle="234.52" x="19.62" y="116.25"/>
        <vehicle id="cfm-slow_4" eclass="HBEFA3/PC_G_EU4" CO2="0.00" CO="0.00" HC="0.00" NOx="0.00" PMx="0.00" fuel="0.00" electricity="0.00" noise="70.84" route="routetop" type="cfm-slow" waiting="0.00" lane="top_0" pos="45.26" speed="26.65" angle="193.13" x="-4.17" y="73.93"/>
        <vehicle id="cfm-slow_5" eclass="HBEFA3/PC_G_EU4" CO2="0.00" CO="0.00" HC="0.00" NOx="0.00" PMx="0.00" fuel="0.00" electricity="0.00" noise="70.34" route="routetop" type="cfm-slow" waiting="0.00" lane="left_0" pos="16.79" speed="25.15" angle="154.27" x="4.39" y="29.11"/>
    </timestep>
    <timestep time="7.83">
        <vehicle id="cfm-fast_0" eclass="HBEFA3/PC_G_EU4" CO2="0.00" CO="0.00" HC="0.00" NOx="0.00" PMx="0.00" fuel="0.00" electricity="0.00" noise="70.84" route="routetop" type="cfm-fast" waiting="0.00" lane="left_0" pos="37.06" speed="24.20" angle="117.77" x="36.49" y="0.66"/>
        <vehicle id="cfm-fast_1" eclass="HBEFA3/PC_G_EU4" CO2="345774.88" CO="9206.03" HC="50.73" NOx="161.44" PMx="9.91" fuel="148.63" electricity="0.00" noise="151.86" route="routetop" type="cfm-fast" waiting="0.00" lane="left_1" pos="44.08" speed="93.11" angle="105.21" x="51.57" y="-0.51"/>
        <vehicle id="cfm-fast_2" eclass="HBEFA3/PC_G_EU4" CO2="9425.17" CO="121.64" HC="0.79" NOx="3.80" PMx="0.20" fuel="4.05" electricity="0.00" noise="72.69" route="routebottom" type="cfm-fast" waiting="0.00" lane="bottom_0" pos="2.23" speed="24.17" angle="90.48" x="68.54" y="-4.77"/>
        <vehicle id="cfm-fast_3" eclass="HBEFA3/PC_G_EU4" CO2="13575.30" CO="209.70" HC="1.29" NOx="5.74" PMx="0.31" fuel="5.84" electricity="0.00" noise="74.76" route="routebottom" type="cfm-fast" waiting="0.00" lane="bottom_0" pos="17.43" speed="25.07" angle="63.08" x="99.40" y="5.11"/>
        <vehicle id="cfm-fast_4" eclass="HBEFA3/PC_G_EU4" CO2="256801.98" CO="8130.44" HC="43.69" NOx="119.38" PMx="7.90" fuel="110.39" electricity="0.00" noise="134.70" route="routebottom" type="cfm-fast" waiting="0.00" lane="right_1" pos="29.52" speed="104.74" angle="311.35" x="102.85" y="115.90"/>
        <vehicle id="cfm-fast_5" eclass="HBEFA3/PC_G_EU4" CO2="15090.09" CO="246.40" HC="1.50" NOx="6.42" PMx="0.36" fuel="6.49" electricity="0.00" noise="75.73" route="routebottom" type="cfm-fast" waiting="0.00" lane="bottom_0" pos="33.63" speed="26.49" angle="34.01" x="123.38" y="29.90"/>
        <vehicle id="cfm-slow_0" eclass="HBEFA3/PC_G_EU4" CO2="12563.79" CO="201.90" HC="1.23" NOx="5.20" PMx="0.30" fuel="5.40" electricity="0.00" noise="75.04" route="routebottom" type="cfm-slow" waiting="0.00" lane="right_0" pos="1.30" speed="27.97" angle="2.14" x="132.21" y="66.56"/>
        <vehicle id="cfm-slow_1" eclass="HBEFA3/PC_G_EU4" CO2="6693.93" CO="86.85" HC="0.57" NOx="2.41" PMx="0.15" fuel="2.88" electricity="0.00" noise="73.64" route="routebottom" type="cfm-slow" waiting="0.00" lane="right_0" pos="24.43" speed="28.92" angle="320.54" x="113.03" y="111.30"/>
        <vehicle id="cfm-slow_2" eclass="HBEFA3/PC_G_EU4" CO2="0.00" CO="0.00" HC="0.00" NOx="0.00" PMx="0.00" fuel="0.00" electricity="0.00" noise="72.49" route="routebottom" type="cfm-slow" waiting="0.00" lane="right_0" pos="48.46" speed="28.99" angle="277.33" x="67.07" y="132.18"/>
        <vehicle id="cfm-slow_3" eclass="HBEFA3/PC_G_EU4" CO2="0.00" CO="0.00" HC="0.00" NOx="0.00" PMx="0.00" fuel="0.00" electricity="0.00" noise="71.63" route="routetop" type="cfm-slow" waiting="0.00" lane="top_0" pos="22.47" speed="28.12" angle="233.99" x="19.16" y="115.86"/>
        <vehicle id="cfm-slow_4" eclass="HBEFA3/PC_G_EU4" CO2="0.00" CO="0.00" HC="0.00" NOx="0.00" PMx="0.00" fuel="0.00" electricity="0.00" noise="70.83" route="routetop" type="cfm-slow" waiting="0.00" lane="top_0" pos="45.52" speed="26.64" angle="192.64" x="-4.25" y="73.36"/>
        <vehicle id="cfm-slow_5" eclass="HBEFA3/PC_G_EU4" CO2="0.00" CO="0.00" HC="0.00" NOx="0.00" PMx="0.00" fuel="0.00" electricity="0.00" noise="70.35" route="routetop" type="cfm-slow" waiting="0.00" lane="left_0" pos="17.04" speed="25.14" angle="153.81" x="4.67" y="28.64"/>
    </timestep>
    <timestep time="7.84">
        <vehicle id="cfm-fast_0" eclass="HBEFA3/PC_G_EU4" CO2="0.00" CO="0.00" HC="0.00" NOx="0.00" PMx="0.00" fuel="0.00" electricity="0.00" noise="70.85" route="routetop" type="cfm-fast" waiting="0.00" lane="left_0" pos="37.30" speed="24.20" angle="117.40" x="36.97" y="0.45"/>
        <vehicle id="cfm-fast_1" eclass="HBEFA3/PC_G_EU4" CO2="345107.57" CO="9199.38" HC="50.69" NOx="161.13" PMx="9.90" fuel="148.34" electricity="0.00" noise="151.71" route="routetop" type="cfm-fast" waiting="0.00" lane="left_1" pos="45.01" speed="93.23" angle="103.54" x="53.45" y="-0.85"/>
        <vehicle id="cfm-fast_2" eclass="HBEFA3/PC_G_EU4" CO2="9464.83" CO="122.48" HC="0.79" NOx="3.82" PMx="0.20" fuel="4.07" electricity="0.00" noise="72.71" route="routebottom" type="cfm-fast" waiting="0.00" lane="bottom_0" pos="2.47" speed="24.17" angle="90.05" x="69.06" y="-4.74"/>
        <vehicle id="cfm-fast_3" eclass="HBEFA3/PC_G_EU4" CO2="13589.86" CO="210.04" HC="1.29" NOx="5.75" PMx="0.31" fuel="5.84" electricity="0.00" noise="74.77" route="routebottom" type="cfm-fast" waiting="0.00" lane="bottom_0" pos="17.68" speed="25.08" angle="62.62" x="99.87" y="5.39"/>
        <vehicle id="cfm-fast_4" eclass="HBEFA3/PC_G_EU4" CO2="253758.56" CO="8072.35" HC="43.35" NOx="117.94" PMx="7.82" fuel="109.08" electricity="0.00" noise="134.21" route="routebottom" type="cfm-fast" waiting="0.00" lane="right_1" pos="30.56" speed="104.81" angle="309.44" x="101.11" y="117.16"/>
        <vehicle id="cfm-fast_5" eclass="HBEFA3/PC_G_EU4" CO2="15068.02" CO="246.01" HC="1.50" NOx="6.41" PMx="0.36" fuel="6.48" electricity="0.00" noise="75.73" route="routebottom" type="cfm-fast" waiting="0.00" lane="bottom_0" pos="33.90" speed="26.51" angle="33.52" x="123.65" y="30.40"/>
        <vehicle id="cfm-slow_0" eclass="HBEFA3/PC_G_EU4" CO2="12508.65" CO="200.82" HC="1.23" NOx="5.17" PMx="0.29" fuel="5.38" electricity="0.00" noise="75.02" route="routebottom" type="cfm-slow" waiting="0.00" lane="right_0" pos="1.58" speed="27.98" angle="1.64" x="132.18" y="67.16"/>
        <vehicle id="cfm-slow_1" eclass="HBEFA3/PC_G_EU4" CO2="6623.78" CO="85.41" HC="0.56" NOx="2.38" PMx="0.14" fuel="2.85" electricity="0.00" noise="73.63" route="routebottom" type="cfm-slow" waiting="0.00" lane="right_0" pos="24.72" speed="28.92" angle="320.00" x="112.59" y="111.74"/>
        <vehicle id="cfm-slow_2" eclass="HBEFA3/PC_G_EU4" CO2="0.00" CO="0.00" HC="0.00" NOx="0.00" PMx="0.00" fuel="0.00" electricity="0.00" noise="72.48" route="routebottom" type="cfm-slow" waiting="0.00" lane="right_0" pos="48.75" speed="28.98" angle="276.84" x="66.45" y="132.22"/>
        <vehicle id="cfm-slow_3" eclass="HBEFA3/PC_G_EU4" CO2="0.00" CO="0.00" HC="0.00" NOx="0.00" PMx="0.00" fuel="0.00" electricity="0.00" noise="71.62" route="routetop" type="cfm-slow" waiting="0.00" lane="top_0" pos="22.75" speed="28.11" angle="233.47" x="18.69" y="115.47"/>
        <vehicle id="cfm-slow_4" eclass="HBEFA3/PC_G_EU4" CO2="0.00" CO="0.00" HC="0.00" NOx="0.00" PMx="0.00" fuel="0.00" electricity="0.00" noise="70.82" route="routetop" type="cfm-slow" waiting="0.00" lane="top_0" pos="45.79" speed="26.62" angle="192.15" x="-4.33" y="72.79"/>
        <vehicle id="cfm-slow_5" eclass="HBEFA3/PC_G_EU4" CO2="0.00" CO="0.00" HC="0.00" NOx="0.00" PMx="0.00" fuel="0.00" electricity="0.00" noise="70.35" route="routetop" type="cfm-slow" waiting="0.00" lane="left_0" pos="17.29" speed="25.13" angle="153.35" x="4.95" y="28.18"/>
    </timestep>
    <timestep time="7.85">
        <vehicle id="cfm-fast_0" eclass="HBEFA3/PC_G_EU4" CO2="0.00" CO="0.00" HC="0.00" NOx="0.00" PMx="0.00" fuel="0.00" electricity="0.00" noise="70.86" route="routetop" type="cfm-fast" waiting="0.00" lane="left_0" pos="37.55" speed="24.20" angle="116.96" x="37.46" y="0.26"/>
        <vehicle id="cfm-fast_1" eclass="HBEFA3/PC_G_EU4" CO2="344418.94" CO="9192.27" HC="50.64" NOx="160.80" PMx="9.88" fuel="148.05" electricity="0.00" noise="151.55" route="routetop" type="cfm-fast" waiting="0.00" lane="left_1" pos="45.95" speed="93.34" angle="101.83" x="55.34" y="-1.12"/>
        <vehicle id="cfm-fast_2" eclass="HBEFA3/PC_G_EU4" CO2="9504.27" CO="123.31" HC="0.80" NOx="3.84" PMx="0.20" fuel="4.09" electricity="0.00" noise="72.73" route="routebottom" type="cfm-fast" waiting="0.00" lane="bottom_0" pos="2.71" speed="24.18" angle="89.64" x="69.58" y="-4.69"/>
        <vehicle id="cfm-fast_3" eclass="HBEFA3/PC_G_EU4" CO2="13604.10" CO="210.38" HC="1.30" NOx="5.75" PMx="0.31" fuel="5.85" electricity="0.00" noise="74.78" route="routebottom" type="cfm-fast" waiting="0.00" lane="bottom_0" pos="17.93" speed="25.10" angle="62.23" x="100.33" y="5.66"/>
        <vehicle id="cfm-fast_4" eclass="HBEFA3/PC_G_EU4" CO2="250767.55" CO="8015.25" HC="43.02" NOx="116.53" PMx="7.75" fuel="107.79" electricity="0.00" noise="133.72" route="routebottom" type="cfm-fast" waiting="0.00" lane="right_1" pos="31.61" speed="104.87" angle="307.58" x="99.33" y="118.37"/>
        <vehicle id="cfm-fast_5" eclass="HBEFA3/PC_G_EU4" CO2="15045.63" CO="245.62" HC="1.49" NOx="6.40" PMx="0.36" fuel="6.47" electricity="0.00" noise="75.72" route="routebottom" type="cfm-fast" waiting="0.00" lane="bottom_0" pos="34.16" speed="26.52" angle="33.03" x="123.93" y="30.90"/>
        <vehicle id="cfm-slow_0" eclass="HBEFA3/PC_G_EU4" CO2="12453.34" CO="199.74" HC="1.22" NOx="5.15" PMx="0.29" fuel="5.35" electricity="0.00" noise="75.01" route="routebottom" type="cfm-slow" waiting="0.00" lane="right_0" pos="1.86" speed="27.99" angle="1.14" x="132.14" y="67.76"/>
        <vehicle id="cfm-slow_1" eclass="HBEFA3/PC_G_EU4" CO2="6553.78" CO="83.98" HC="0.55" NOx="2.34" PMx="0.14" fuel="2.82" electricity="0.00" noise="73.61" route="routebottom" type="cfm-slow" waiting="0.00" lane="right_0" pos="25.01" speed="28.93" angle="319.47" x="112.15" y="112.18"/>
        <vehicle id="cfm-slow_2" eclass="HBEFA3/PC_G_EU4" CO2="0.00" CO="0.00" HC="0.00" NOx="0.00" PMx="0.00" fuel="0.00" electricity="0.00" noise="72.47" route="routebottom" type="cfm-slow" waiting="0.00" lane="right_0" pos="49.04" speed="28.98" angle="276.31" x="65.83" y="132.23"/>
        <vehicle id="cfm-slow_3" eclass="HBEFA3/PC_G_EU4" CO2="0.00" CO="0.00" HC="0.00" NOx="0.00" PMx="0.00" fuel="0.00" electricity="0.00" noise="71.61" route="routetop" type="cfm-slow" waiting="0.00" lane="top_0" pos="23.03" speed="28.09" angle="233.00" x="18.23" y="115.08"/>
        <vehicle id="cfm-slow_4" eclass="HBEFA3/PC_G_EU4" CO2="0.00" CO="0.00" HC="0.00" NOx="0.00" PMx="0.00" fuel="0.00" electricity="0.00" noise="70.82" route="routetop" type="cfm-slow" waiting="0.00" lane="top_0" pos="46.06" speed="26.61" angle="191.66" x="-4.41" y="72.22"/>
        <vehicle id="cfm-slow_5" eclass="HBEFA3/PC_G_EU4" CO2="0.00" CO="0.00" HC="0.00" NOx="0.00" PMx="0.00" fuel="0.00" electricity="0.00" noise="70.35" route="routetop" type="cfm-slow" waiting="0.00" lane="left_0" pos="17.54" speed="25.12" angle="152.89" x="5.23" y="27.72"/>
    </timestep>
    <timestep time="7.86">
        <vehicle id="cfm-fast_0" eclass="HBEFA3/PC_G_EU4" CO2="0.00" CO="0.00" HC="0.00" NOx="0.00" PMx="0.00" fuel="0.00" electricity="0.00" noise="70.88" route="routetop" type="cfm-fast" waiting="0.00" lane="left_0" pos="37.79" speed="24.20" angle="116.51" x="37.94" y="0.07"/>
        <vehicle id="cfm-fast_1" eclass="HBEFA3/PC_G_EU4" CO2="343709.58" CO="9184.72" HC="50.59" NOx="160.47" PMx="9.87" fuel="147.74" electricity="0.00" noise="151.38" route="routetop" type="cfm-fast" waiting="0.00" lane="left_1" pos="46.88" speed="93.46" angle="100.15" x="57.25" y="-1.32"/>
        <vehicle id="cfm-fast_2" eclass="HBEFA3/PC_G_EU4" CO2="9543.49" CO="124.14" HC="0.80" NOx="3.86" PMx="0.21" fuel="4.10" electricity="0.00" noise="72.75" route="routebottom" type="cfm-fast" waiting="0.00" lane="bottom_0" pos="2.95" speed="24.19" angle="89.20" x="70.10" y="-4.64"/>
        <vehicle id="cfm-fast_3" eclass="HBEFA3/PC_G_EU4" CO2="13618.02" CO="210.72" HC="1.30" NOx="5.76" PMx="0.31" fuel="5.85" electricity="0.00" noise="74.78" route="routebottom" type="cfm-fast" waiting="0.00" lane="bottom_0" pos="18.18" speed="25.11" angle="61.76" x="100.78" y="5.96"/>
        <vehicle id="cfm-fast_4" eclass="HBEFA3/PC_G_EU4" CO2="247828.14" CO="7959.15" HC="42.69" NOx="115.14" PMx="7.67" fuel="106.53" electricity="0.00" noise="133.25" route="routebottom" type="cfm-fast" waiting="0.00" lane="right_1" pos="32.66" speed="104.94" angle="305.73" x="97.50" y="119.51"/>
        <vehicle id="cfm-fast_5" eclass="HBEFA3/PC_G_EU4" CO2="15022.93" CO="245.22" HC="1.49" NOx="6.39" PMx="0.35" fuel="6.46" electricity="0.00" noise="75.71" route="routebottom" type="cfm-fast" waiting="0.00" lane="bottom_0" pos="34.43" speed="26.54" angle="32.55" x="124.20" y="31.40"/>
        <vehicle id="cfm-slow_0" eclass="HBEFA3/PC_G_EU4" CO2="12397.86" CO="198.65" HC="1.22" NOx="5.12" PMx="0.29" fuel="5.33" electricity="0.00" noise="74.99" route="routebottom" type="cfm-slow" waiting="0.00" lane="right_0" pos="2.14" speed="28.00" angle="0.63" x="132.11" y="68.36"/>
        <vehicle id="cfm-slow_1" eclass="HBEFA3/PC_G_EU4" CO2="6483.92" CO="82.55" HC="0.54" NOx="2.31" PMx="0.14" fuel="2.79" electricity="0.00" noise="73.60" route="routebottom" type="cfm-slow" waiting="0.00" lane="right_0" pos="25.30" speed="28.93" angle="318.93" x="111.71" y="112.62"/>
        <vehicle id="cfm-slow_2" eclass="HBEFA3/PC_G_EU4" CO2="0.00" CO="0.00" HC="0.00" NOx="0.00" PMx="0.00" fuel="0.00" electricity="0.00" noise="72.46" route="routebottom" type="cfm-slow" waiting="0.00" lane="right_0" pos="49.33" speed="28.97" angle="275.77" x="65.20" y="132.24"/>
        <vehicle id="cfm-slow_3" eclass="HBEFA3/PC_G_EU4" CO2="0.00" CO="0.00" HC="0.00" NOx="0.00" PMx="0.00" fuel="0.00" electricity="0.00" noise="71.60" route="routetop" type="cfm-slow" waiting="0.00" lane="top_0" pos="23.31" speed="28.08" angle="232.51" x="17.79" y="114.67"/>
        <vehicle id="cfm-slow_4" eclass="HBEFA3/PC_G_EU4" CO2="0.00" CO="0.00" HC="0.00" NOx="0.00" PMx="0.00" fuel="0.00" electricity="0.00" noise="70.81" route="routetop" type="cfm-slow" waiting="0.00" lane="top_0" pos="46.32" speed="26.59" angle="191.23" x="-4.48" y="71.66"/>
        <vehicle id="cfm-slow_5" eclass="HBEFA3/PC_G_EU4" CO2="0.00" CO="0.00" HC="0.00" NOx="0.00" PMx="0.00" fuel="0.00" electricity="0.00" noise="70.35" route="routetop" type="cfm-slow" waiting="0.00" lane="left_0" pos="17.79" speed="25.11" angle="152.42" x="5.50" y="27.25"/>
    </timestep>
    <timestep time="7.87">
        <vehicle id="cfm-fast_0" eclass="HBEFA3/PC_G_EU4" CO2="0.00" CO="0.00" HC="0.00" NOx="0.00" PMx="0.00" fuel="0.00" electricity="0.00" noise="70.89" route="routetop" type="cfm-fast" waiting="0.00" lane="left_0" pos="38.03" speed="24.20" angle="116.07" x="38.42" y="-0.13"/>
        <vehicle id="cfm-fast_1" eclass="HBEFA3/PC_G_EU4" CO2="342980.01" CO="9176.74" HC="50.53" NOx="160.12" PMx="9.85" fuel="147.43" electricity="0.00" noise="151.21" route="routetop" type="cfm-fast" waiting="0.00" lane="left_1" pos="47.82" speed="93.58" angle="98.48" x="59.16" y="-1.49"/>
        <vehicle id="cfm-fast_2" eclass="HBEFA3/PC_G_EU4" CO2="9582.49" CO="124.97" HC="0.81" NOx="3.88" PMx="0.21" fuel="4.12" electricity="0.00" noise="72.76" route="routebottom" type="cfm-fast" waiting="0.00" lane="bottom_0" pos="3.19" speed="24.20" angle="88.77" x="70.62" y="-4.58"/>
        <vehicle id="cfm-fast_3" eclass="HBEFA3/PC_G_EU4" CO2="13631.62" CO="211.04" HC="1.30" NOx="5.77" PMx="0.31" fuel="5.86" electricity="0.00" noise="74.79" route="routebottom" type="cfm-fast" waiting="0.00" lane="bottom_0" pos="18.43" speed="25.13" angle="61.29" x="101.23" y="6.26"/>
        <vehicle id="cfm-fast_4" eclass="HBEFA3/PC_G_EU4" CO2="244939.53" CO="7904.01" HC="42.37" NOx="113.78" PMx="7.60" fuel="105.29" electricity="0.00" noise="132.78" route="routebottom" type="cfm-fast" waiting="0.00" lane="right_1" pos="33.71" speed="105.00" angle="303.87" x="95.64" y="120.59"/>
        <vehicle id="cfm-fast_5" eclass="HBEFA3/PC_G_EU4" CO2="14999.92" CO="244.81" HC="1.49" NOx="6.38" PMx="0.35" fuel="6.45" electricity="0.00" noise="75.70" route="routebottom" type="cfm-fast" waiting="0.00" lane="bottom_0" pos="34.69" speed="26.55" angle="32.12" x="124.48" y="31.90"/>
        <vehicle id="cfm-slow_0" eclass="HBEFA3/PC_G_EU4" CO2="12342.22" CO="197.56" HC="1.21" NOx="5.09" PMx="0.29" fuel="5.31" electricity="0.00" noise="74.97" route="routebottom" type="cfm-slow" waiting="0.00" lane="right_0" pos="2.42" speed="28.01" angle="0.13" x="132.07" y="68.96"/>
        <vehicle id="cfm-slow_1" eclass="HBEFA3/PC_G_EU4" CO2="6414.21" CO="81.12" HC="0.53" NOx="2.28" PMx="0.14" fuel="2.76" electricity="0.00" noise="73.58" route="routebottom" type="cfm-slow" waiting="0.00" lane="right_0" pos="25.59" speed="28.93" angle="318.43" x="111.27" y="113.06"/>
        <vehicle id="cfm-slow_2" eclass="HBEFA3/PC_G_EU4" CO2="0.00" CO="0.00" HC="0.00" NOx="0.00" PMx="0.00" fuel="0.00" electricity="0.00" noise="72.45" route="routebottom" type="cfm-slow" waiting="0.00" lane="right_0" pos="49.62" speed="28.96" angle="275.23" x="64.58" y="132.25"/>
        <vehicle id="cfm-slow_3" eclass="HBEFA3/PC_G_EU4" CO2="0.00" CO="0.00" HC="0.00" NOx="0.00" PMx="0.00" fuel="0.00" electricity="0.00" noise="71.59" route="routetop" type="cfm-slow" waiting="0.00" lane="top_0" pos="23.59" speed="28.06" angle="232.01" x="17.34" y="114.26"/>
        <vehicle id="cfm-slow_4" eclass="HBEFA3/PC_G_EU4" CO2="0.00" CO="0.00" HC="0.00" NOx="0.00" PMx="0.00" fuel="0.00" electricity="0.00" noise="70.81" route="routetop" type="cfm-slow" waiting="0.00" lane="top_0" pos="46.59" speed="26.58" angle="190.74" x="-4.54" y="71.09"/>
        <vehicle id="cfm-slow_5" eclass="HBEFA3/PC_G_EU4" CO2="0.00" CO="0.00" HC="0.00" NOx="0.00" PMx="0.00" fuel="0.00" electricity="0.00" noise="70.35" route="routetop" type="cfm-slow" waiting="0.00" lane="left_0" pos="18.04" speed="25.10" angle="152.03" x="5.79" y="26.80"/>
    </timestep>
    <timestep time="7.88">
        <vehicle id="cfm-fast_0" eclass="HBEFA3/PC_G_EU4" CO2="0.00" CO="0.00" HC="0.00" NOx="0.00" PMx="0.00" fuel="0.00" electricity="0.00" noise="70.90" route="routetop" type="cfm-fast" waiting="0.00" lane="left_0" pos="38.27" speed="24.20" angle="115.62" x="38.91" y="-0.32"/>
        <vehicle id="cfm-fast_1" eclass="HBEFA3/PC_G_EU4" CO2="342230.79" CO="9168.33" HC="50.48" NOx="159.77" PMx="9.84" fuel="147.11" electricity="0.00" noise="151.04" route="routetop" type="cfm-fast" waiting="0.00" lane="left_1" pos="48.75" speed="93.69" angle="96.81" x="61.08" y="-1.60"/>
        <vehicle id="cfm-fast_2" eclass="HBEFA3/PC_G_EU4" CO2="9621.25" CO="125.79" HC="0.81" NOx="3.89" PMx="0.21" fuel="4.14" electricity="0.00" noise="72.78" route="routebottom" type="cfm-fast" waiting="0.00" lane="bottom_0" pos="3.44" speed="24.21" angle="88.33" x="71.14" y="-4.53"/>
        <vehicle id="cfm-fast_3" eclass="HBEFA3/PC_G_EU4" CO2="13644.91" CO="211.36" HC="1.30" NOx="5.77" PMx="0.31" fuel="5.87" electricity="0.00" noise="74.80" route="routebottom" type="cfm-fast" waiting="0.00" lane="bottom_0" pos="18.69" speed="25.14" angle="60.82" x="101.68" y="6.56"/>
        <vehicle id="cfm-fast_4" eclass="HBEFA3/PC_G_EU4" CO2="242100.92" CO="7849.83" HC="42.05" NOx="112.44" PMx="7.53" fuel="104.07" electricity="0.00" noise="132.32" route="routebottom" type="cfm-fast" waiting="0.00" lane="right_1" pos="34.76" speed="105.06" angle="302.00" x="93.75" y="121.62"/>
        <vehicle id="cfm-fast_5" eclass="HBEFA3/PC_G_EU4" CO2="14976.61" CO="244.40" HC="1.49" NOx="6.37" PMx="0.35" fuel="6.44" electricity="0.00" noise="75.69" route="routebottom" type="cfm-fast" waiting="0.00" lane="bottom_0" pos="34.96" speed="26.57" angle="31.64" x="124.73" y="32.41"/>
        <vehicle id="cfm-slow_0" eclass="HBEFA3/PC_G_EU4" CO2="12286.42" CO="196.47" HC="1.20" NOx="5.07" PMx="0.29" fuel="5.28" electricity="0.00" noise="74.96" route="routebottom" type="cfm-slow" waiting="0.00" lane="right_0" pos="2.70" speed="28.02" angle="359.65" x="132.02" y="69.56"/>
        <vehicle id="cfm-slow_1" eclass="HBEFA3/PC_G_EU4" CO2="6344.64" CO="79.70" HC="0.53" NOx="2.24" PMx="0.14" fuel="2.73" electricity="0.00" noise="73.57" route="routebottom" type="cfm-slow" waiting="0.00" lane="right_0" pos="25.88" speed="28.93" angle="317.93" x="110.82" y="113.49"/>
        <vehicle id="cfm-slow_2" eclass="HBEFA3/PC_G_EU4" CO2="0.00" CO="0.00" HC="0.00" NOx="0.00" PMx="0.00" fuel="0.00" electricity="0.00" noise="72.44" route="routebottom" type="cfm-slow" waiting="0.00" lane="right_0" pos="49.91" speed="28.95" angle="274.68" x="63.96" y="132.27"/>
        <vehicle id="cfm-slow_3" eclass="HBEFA3/PC_G_EU4" CO2="0.00" CO="0.00" HC="0.00" NOx="0.00" PMx="0.00" fuel="0.00" electricity="0.00" noise="71.59" route="routetop" type="cfm-slow" waiting="0.00" lane="top_0" pos="23.87" speed="28.05" angle="231.50" x="16.90" y="113.85"/>
        <vehicle id="cfm-slow_4" eclass="HBEFA3/PC_G_EU4" CO2="0.00" CO="0.00" HC="0.00" NOx="0.00" PMx="0.00" fuel="0.00" electricity="0.00" noise="70.80" route="routetop" type="cfm-slow" waiting="0.00" lane="top_0" pos="46.85" speed="26.57" angle="190.25" x="-4.59" y="70.52"/>
        <vehicle id="cfm-slow_5" eclass="HBEFA3/PC_G_EU4" CO2="0.00" CO="0.00" HC="0.00" NOx="0.00" PMx="0.00" fuel="0.00" electricity="0.00" noise="70.35" route="routetop" type="cfm-slow" waiting="0.00" lane="left_0" pos="18.29" speed="25.09" angle="151.56" x="6.09" y="26.35"/>
    </timestep>
    <timestep time="7.89">
        <vehicle id="cfm-fast_0" eclass="HBEFA3/PC_G_EU4" CO2="0.00" CO="0.00" HC="0.00" NOx="0.00" PMx="0.00" fuel="0.00" electricity="0.00" noise="70.92" route="routetop" type="cfm-fast" waiting="0.00" lane="left_0" pos="38.51" speed="24.20" angle="115.23" x="39.39" y="-0.51"/>
        <vehicle id="cfm-fast_1" eclass="HBEFA3/PC_G_EU4" CO2="341462.46" CO="9159.50" HC="50.42" NOx="159.40" PMx="9.82" fuel="146.78" electricity="0.00" noise="150.87" route="routetop" type="cfm-fast" waiting="0.00" lane="left_1" pos="49.69" speed="93.81" angle="95.04" x="63.00" y="-1.64"/>
        <vehicle id="cfm-fast_2" eclass="HBEFA3/PC_G_EU4" CO2="9659.80" CO="126.60" HC="0.82" NOx="3.91" PMx="0.21" fuel="4.15" electricity="0.00" noise="72.80" route="routebottom" type="cfm-fast" waiting="0.00" lane="bottom_0" pos="3.68" speed="24.22" angle="87.90" x="71.65" y="-4.48"/>
        <vehicle id="cfm-fast_3" eclass="HBEFA3/PC_G_EU4" CO2="13657.88" CO="211.68" HC="1.30" NOx="5.78" PMx="0.32" fuel="5.87" electricity="0.00" noise="74.81" route="routebottom" type="cfm-fast" waiting="0.00" lane="bottom_0" pos="18.94" speed="25.15" angle="60.35" x="102.13" y="6.86"/>
        <vehicle id="cfm-fast_4" eclass="HBEFA3/PC_G_EU4" CO2="239311.52" CO="7796.59" HC="41.74" NOx="111.12" PMx="7.45" fuel="102.87" electricity="0.00" noise="131.88" route="routebottom" type="cfm-fast" waiting="0.00" lane="right_1" pos="35.81" speed="105.12" angle="300.06" x="91.83" y="122.59"/>
        <vehicle id="cfm-fast_5" eclass="HBEFA3/PC_G_EU4" CO2="14952.98" CO="243.98" HC="1.48" NOx="6.36" PMx="0.35" fuel="6.43" electricity="0.00" noise="75.69" route="routebottom" type="cfm-fast" waiting="0.00" lane="bottom_0" pos="35.23" speed="26.58" angle="31.16" x="124.99" y="32.92"/>
        <vehicle id="cfm-slow_0" eclass="HBEFA3/PC_G_EU4" CO2="12230.46" CO="195.37" HC="1.20" NOx="5.04" PMx="0.29" fuel="5.26" electricity="0.00" noise="74.94" route="routebottom" type="cfm-slow" waiting="0.00" lane="right_0" pos="2.98" speed="28.03" angle="359.15" x="131.96" y="70.16"/>
        <vehicle id="cfm-slow_1" eclass="HBEFA3/PC_G_EU4" CO2="6275.24" CO="78.28" HC="0.52" NOx="2.21" PMx="0.13" fuel="2.70" electricity="0.00" noise="73.55" route="routebottom" type="cfm-slow" waiting="0.00" lane="right_0" pos="26.17" speed="28.93" angle="317.40" x="110.36" y="113.91"/>
        <vehicle id="cfm-slow_2" eclass="HBEFA3/PC_G_EU4" CO2="0.00" CO="0.00" HC="0.00" NOx="0.00" PMx="0.00" fuel="0.00" electricity="0.00" noise="72.43" route="routetop" type="cfm-slow" waiting="0.00" lane="top_0" pos="0.20" speed="28.94" angle="274.12" x="63.14" y="132.26"/>
        <vehicle id="cfm-slow_3" eclass="HBEFA3/PC_G_EU4" CO2="0.00" CO="0.00" HC="0.00" NOx="0.00" PMx="0.00" fuel="0.00" electricity="0.00" noise="71.58" route="routetop" type="cfm-slow" waiting="0.00" lane="top_0" pos="24.15" speed="28.04" angle="231.00" x="16.46" y="113.44"/>
        <vehicle id="cfm-slow_4" eclass="HBEFA3/PC_G_EU4" CO2="0.00" CO="0.00" HC="0.00" NOx="0.00" PMx="0.00" fuel="0.00" electricity="0.00" noise="70.80" route="routetop" type="cfm-slow" waiting="0.00" lane="top_0" pos="47.12" speed="26.55" angle="189.76" x="-4.65" y="69.95"/>
        <vehicle id="cfm-slow_5" eclass="HBEFA3/PC_G_EU4" CO2="0.00" CO="0.00" HC="0.00" NOx="0.00" PMx="0.00" fuel="0.00" electricity="0.00" noise="70.35" route="routetop" type="cfm-slow" waiting="0.00" lane="left_0" pos="18.54" speed="25.08" angle="151.09" x="6.39" y="25.90"/>
    </timestep>
    <timestep time="7.90">
        <vehicle id="cfm-fast_0" eclass="HBEFA3/PC_G_EU4" CO2="0.00" CO="0.00" HC="0.00" NOx="0.00" PMx="0.00" fuel="0.00" electricity="0.00" noise="70.93" route="routetop" type="cfm-fast" waiting="0.00" lane="left_0" pos="38.76" speed="24.20" angle="114.79" x="39.88" y="-0.69"/>
        <vehicle id="cfm-fast_1" eclass="HBEFA3/PC_G_EU4" CO2="340675.53" CO="9150.28" HC="50.36" NOx="159.03" PMx="9.80" fuel="146.44" electricity="0.00" noise="150.69" route="routebottom" type="cfm-fast" waiting="0.00" lane="bottom_1" pos="0.63" speed="93.92" angle="93.34" x="64.99" y="-1.63"/>
        <vehicle id="cfm-fast_2" eclass="HBEFA3/PC_G_EU4" CO2="9698.11" CO="127.41" HC="0.82" NOx="3.93" PMx="0.21" fuel="4.17" electricity="0.00" noise="72.82" route="routebottom" type="cfm-fast" waiting="0.00" lane="bottom_0" pos="3.92" speed="24.23" angle="87.48" x="72.17" y="-4.42"/>
        <vehicle id="cfm-fast_3" eclass="HBEFA3/PC_G_EU4" CO2="13670.54" CO="211.99" HC="1.31" NOx="5.78" PMx="0.32" fuel="5.88" electricity="0.00" noise="74.82" route="routebottom" type="cfm-fast" waiting="0.00" lane="bottom_0" pos="19.19" speed="25.17" angle="59.92" x="102.58" y="7.16"/>
        <vehicle id="cfm-fast_4" eclass="HBEFA3/PC_G_EU4" CO2="236570.57" CO="7744.27" HC="41.43" NOx="109.83" PMx="7.38" fuel="101.69" electricity="0.00" noise="131.44" route="routebottom" type="cfm-fast" waiting="0.00" lane="right_1" pos="36.87" speed="105.18" angle="298.11" x="89.86" y="123.48"/>
        <vehicle id="cfm-fast_5" eclass="HBEFA3/PC_G_EU4" CO2="14929.06" CO="243.55" HC="1.48" NOx="6.35" PMx="0.35" fuel="6.42" electricity="0.00" noise="75.68" route="routebottom" type="cfm-fast" waiting="0.00" lane="bottom_0" pos="35.49" speed="26.60" angle="30.67" x="125.25" y="33.43"/>
        <vehicle id="cfm-slow_0" eclass="HBEFA3/PC_G_EU4" CO2="12174.35" CO="194.27" HC="1.19" NOx="5.01" PMx="0.29" fuel="5.23" electricity="0.00" noise="74.92" route="routebottom" type="cfm-slow" waiting="0.00" lane="right_0" pos="3.26" speed="28.04" angle="358.65" x="131.90" y="70.76"/>
        <vehicle id="cfm-slow_1" eclass="HBEFA3/PC_G_EU4" CO2="6205.99" CO="76.86" HC="0.51" NOx="2.18" PMx="0.13" fuel="2.67" electricity="0.00" noise="73.54" route="routebottom" type="cfm-slow" waiting="0.00" lane="right_0" pos="26.46" speed="28.93" angle="316.87" x="109.90" y="114.33"/>
        <vehicle id="cfm-slow_2" eclass="HBEFA3/PC_G_EU4" CO2="0.00" CO="0.00" HC="0.00" NOx="0.00" PMx="0.00" fuel="0.00" electricity="0.00" noise="72.42" route="routetop" type="cfm-slow" waiting="0.00" lane="top_0" pos="0.49" speed="28.94" angle="273.59" x="62.52" y="132.25"/>
        <vehicle id="cfm-slow_3" eclass="HBEFA3/PC_G_EU4" CO2="0.00" CO="0.00" HC="0.00" NOx="0.00" PMx="0.00" fuel="0.00" electricity="0.00" noise="71.57" route="routetop" type="cfm-slow" waiting="0.00" lane="top_0" pos="24.44" speed="28.02" angle="230.55" x="16.02" y="113.03"/>
        <vehicle id="cfm-slow_4" eclass="HBEFA3/PC_G_EU4" CO2="0.00" CO="0.00" HC="0.00" NOx="0.00" PMx="0.00" fuel="0.00" electricity="0.00" noise="70.79" route="routetop" type="cfm-slow" waiting="0.00" lane="top_0" pos="47.38" speed="26.54" angle="189.30" x="-4.71" y="69.38"/>
        <vehicle id="cfm-slow_5" eclass="HBEFA3/PC_G_EU4" CO2="0.00" CO="0.00" HC="0.00" NOx="0.00" PMx="0.00" fuel="0.00" electricity="0.00" noise="70.36" route="routetop" type="cfm-slow" waiting="0.00" lane="left_0" pos="18.80" speed="25.07" angle="150.62" x="6.69" y="25.45"/>
    </timestep>
    <timestep time="7.91">
        <vehicle id="cfm-fast_0" eclass="HBEFA3/PC_G_EU4" CO2="0.00" CO="0.00" HC="0.00" NOx="0.00" PMx="0.00" fuel="0.00" electricity="0.00" noise="70.95" route="routetop" type="cfm-fast" waiting="0.00" lane="left_0" pos="39.00" speed="24.20" angle="114.34" x="40.37" y="-0.86"/>
        <vehicle id="cfm-fast_1" eclass="HBEFA3/PC_G_EU4" CO2="339870.53" CO="9140.66" HC="50.29" NOx="158.65" PMx="9.78" fuel="146.09" electricity="0.00" noise="150.52" route="routebottom" type="cfm-fast" waiting="0.00" lane="bottom_1" pos="1.57" speed="94.04" angle="91.67" x="66.91" y="-1.56"/>
        <vehicle id="cfm-fast_2" eclass="HBEFA3/PC_G_EU4" CO2="9736.20" CO="128.22" HC="0.83" NOx="3.95" PMx="0.21" fuel="4.19" electricity="0.00" noise="72.84" route="routebottom" type="cfm-fast" waiting="0.00" lane="bottom_0" pos="4.16" speed="24.24" angle="87.04" x="72.69" y="-4.34"/>
        <vehicle id="cfm-fast_3" eclass="HBEFA3/PC_G_EU4" CO2="13682.88" CO="212.29" HC="1.31" NOx="5.79" PMx="0.32" fuel="5.88" electricity="0.00" noise="74.83" route="routebottom" type="cfm-fast" waiting="0.00" lane="bottom_0" pos="19.44" speed="25.18" angle="59.47" x="103.02" y="7.48"/>
        <vehicle id="cfm-fast_4" eclass="HBEFA3/PC_G_EU4" CO2="233877.30" CO="7692.87" HC="41.13" NOx="108.56" PMx="7.32" fuel="100.53" electricity="0.00" noise="131.00" route="routebottom" type="cfm-fast" waiting="0.00" lane="right_1" pos="37.92" speed="105.23" angle="296.22" x="87.87" y="124.30"/>
        <vehicle id="cfm-fast_5" eclass="HBEFA3/PC_G_EU4" CO2="14904.82" CO="243.12" HC="1.48" NOx="6.33" PMx="0.35" fuel="6.41" electricity="0.00" noise="75.67" route="routebottom" type="cfm-fast" waiting="0.00" lane="bottom_0" pos="35.76" speed="26.61" angle="30.19" x="125.51" y="33.94"/>
        <vehicle id="cfm-slow_0" eclass="HBEFA3/PC_G_EU4" CO2="12118.08" CO="193.17" HC="1.18" NOx="4.99" PMx="0.28" fuel="5.21" electricity="0.00" noise="74.90" route="routebottom" type="cfm-slow" waiting="0.00" lane="right_0" pos="3.54" speed="28.05" angle="358.14" x="131.84" y="71.36"/>
        <vehicle id="cfm-slow_1" eclass="HBEFA3/PC_G_EU4" CO2="6136.89" CO="75.44" HC="0.50" NOx="2.15" PMx="0.13" fuel="2.64" electricity="0.00" noise="73.52" route="routebottom" type="cfm-slow" waiting="0.00" lane="right_0" pos="26.75" speed="28.93" angle="316.34" x="109.45" y="114.76"/>
        <vehicle id="cfm-slow_2" eclass="HBEFA3/PC_G_EU4" CO2="0.00" CO="0.00" HC="0.00" NOx="0.00" PMx="0.00" fuel="0.00" electricity="0.00" noise="72.41" route="routetop" type="cfm-slow" waiting="0.00" lane="top_0" pos="0.78" speed="28.93" angle="273.07" x="61.90" y="132.24"/>
        <vehicle id="cfm-slow_3" eclass="HBEFA3/PC_G_EU4" CO2="0.00" CO="0.00" HC="0.00" NOx="0.00" PMx="0.00" fuel="0.00" electricity="0.00" noise="71.56" route="routetop" type="cfm-slow" waiting="0.00" lane="top_0" pos="24.72" speed="28.01" angle="230.03" x="15.59" y="112.60"/>
        <vehicle id="cfm-slow_4" eclass="HBEFA3/PC_G_EU4" CO2="0.00" CO="0.00" HC="0.00" NOx="0.00" PMx="0.00" fuel="0.00" electricity="0.00" noise="70.79" route="routetop" type="cfm-slow" waiting="0.00" lane="top_0" pos="47.65" speed="26.52" angle="188.84" x="-4.75" y="68.81"/>
        <vehicle id="cfm-slow_5" eclass="HBEFA3/PC_G_EU4" CO2="0.00" CO="0.00" HC="0.00" NOx="0.00" PMx="0.00" fuel="0.00" electricity="0.00" noise="70.36" route="routetop" type="cfm-slow" waiting="0.00" lane="left_0" pos="19.05" speed="25.06" angle="150.15" x="6.99" y="25.00"/>
    </timestep>
    <timestep time="7.92">
        <vehicle id="cfm-fast_0" eclass="HBEFA3/PC_G_EU4" CO2="4124.75" CO="12.59" HC="0.16" NOx="1.30" PMx="0.06" fuel="1.77" electricity="0.00" noise="70.96" route="routetop" type="cfm-fast" waiting="0.00" lane="left_0" pos="39.24" speed="24.20" angle="113.89" x="40.86" y="-1.04"/>
        <vehicle id="cfm-fast_1" eclass="HBEFA3/PC_G_EU4" CO2="339047.97" CO="9130.65" HC="50.23" NOx="158.26" PMx="9.76" fuel="145.74" electricity="0.00" noise="150.34" route="routebottom" type="cfm-fast" waiting="0.00" lane="bottom_1" pos="2.51" speed="94.15" angle="89.98" x="68.84" y="-1.44"/>
        <vehicle id="cfm-fast_2" eclass="HBEFA3/PC_G_EU4" CO2="9774.05" CO="129.02" HC="0.83" NOx="3.97" PMx="0.21" fuel="4.20" electricity="0.00" noise="72.86" route="routebottom" type="cfm-fast" waiting="0.00" lane="bottom_0" pos="4.40" speed="24.24" angle="86.60" x="73.21" y="-4.27"/>
        <vehicle id="cfm-fast_3" eclass="HBEFA3/PC_G_EU4" CO2="13694.89" CO="212.58" HC="1.31" NOx="5.79" PMx="0.32" fuel="5.89" electricity="0.00" noise="74.84" route="routebottom" type="cfm-fast" waiting="0.00" lane="bottom_0" pos="19.69" speed="25.20" angle="59.01" x="103.46" y="7.79"/>
        <vehicle id="cfm-fast_4" eclass="HBEFA3/PC_G_EU4" CO2="231230.95" CO="7642.36" HC="40.84" NOx="107.31" PMx="7.25" fuel="99.40" electricity="0.00" noise="130.58" route="routebottom" type="cfm-fast" waiting="0.00" lane="right_1" pos="38.97" speed="105.29" angle="294.36" x="85.85" y="125.07"/>
        <vehicle id="cfm-fast_5" eclass="HBEFA3/PC_G_EU4" CO2="14880.28" CO="242.68" HC="1.48" NOx="6.32" PMx="0.35" fuel="6.40" electricity="0.00" noise="75.66" route="routebottom" type="cfm-fast" waiting="0.00" lane="bottom_0" pos="36.02" speed="26.63" angle="29.75" x="125.75" y="34.46"/>
        <vehicle id="cfm-slow_0" eclass="HBEFA3/PC_G_EU4" CO2="12061.66" CO="192.06" HC="1.18" NOx="4.96" PMx="0.28" fuel="5.18" electricity="0.00" noise="74.89" route="routebottom" type="cfm-slow" waiting="0.00" lane="right_0" pos="3.82" speed="28.06" angle="357.66" x="131.78" y="71.96"/>
        <vehicle id="cfm-slow_1" eclass="HBEFA3/PC_G_EU4" CO2="6067.96" CO="74.03" HC="0.49" NOx="2.11" PMx="0.13" fuel="2.61" electricity="0.00" noise="73.51" route="routebottom" type="cfm-slow" waiting="0.00" lane="right_0" pos="27.04" speed="28.93" angle="315.87" x="108.98" y="115.17"/>
        <vehicle id="cfm-slow_2" eclass="HBEFA3/PC_G_EU4" CO2="0.00" CO="0.00" HC="0.00" NOx="0.00" PMx="0.00" fuel="0.00" electricity="0.00" noise="72.40" route="routetop" type="cfm-slow" waiting="0.00" lane="top_0" pos="1.07" speed="28.92" angle="272.55" x="61.28" y="132.23"/>
        <vehicle id="cfm-slow_3" eclass="HBEFA3/PC_G_EU4" CO2="0.00" CO="0.00" HC="0.00" NOx="0.00" PMx="0.00" fuel="0.00" electricity="0.00" noise="71.56" route="routetop" type="cfm-slow" waiting="0.00" lane="top_0" pos="25.00" speed="27.99" angle="229.52" x="15.17" y="112.18"/>
        <vehicle id="cfm-slow_4" eclass="HBEFA3/PC_G_EU4" CO2="0.00" CO="0.00" HC="0.00" NOx="0.00" PMx="0.00" fuel="0.00" electricity="0.00" noise="70.78" route="routetop" type="cfm-slow" waiting="0.00" lane="top_0" pos="47.91" speed="26.51" angle="188.33" x="-4.78" y="68.24"/>
        <vehicle id="cfm-slow_5" eclass="HBEFA3/PC_G_EU4" CO2="0.00" CO="0.00" HC="0.00" NOx="0.00" PMx="0.00" fuel="0.00" electricity="0.00" noise="70.36" route="routetop" type="cfm-slow" waiting="0.00" lane="left_0" pos="19.30" speed="25.05" angle="149.75" x="7.29" y="24.55"/>
    </timestep>
    <timestep time="7.93">
        <vehicle id="cfm-fast_0" eclass="HBEFA3/PC_G_EU4" CO2="4178.31" CO="13.69" HC="0.17" NOx="1.33" PMx="0.07" fuel="1.80" electricity="0.00" noise="70.97" route="routetop" type="cfm-fast" waiting="0.00" lane="left_0" pos="39.48" speed="24.20" angle="113.45" x="41.35" y="-1.21"/>
        <vehicle id="cfm-fast_1" eclass="HBEFA3/PC_G_EU4" CO2="338208.35" CO="9120.27" HC="50.16" NOx="157.86" PMx="9.74" fuel="145.38" electricity="0.00" noise="150.15" route="routebottom" type="cfm-fast" waiting="0.00" lane="bottom_1" pos="3.46" speed="94.26" angle="88.28" x="70.76" y="-1.26"/>
        <vehicle id="cfm-fast_2" eclass="HBEFA3/PC_G_EU4" CO2="9811.68" CO="129.82" HC="0.83" NOx="3.98" PMx="0.21" fuel="4.22" electricity="0.00" noise="72.87" route="routebottom" type="cfm-fast" waiting="0.00" lane="bottom_0" pos="4.65" speed="24.25" angle="86.16" x="73.72" y="-4.20"/>
        <vehicle id="cfm-fast_3" eclass="HBEFA3/PC_G_EU4" CO2="13706.60" CO="212.87" HC="1.31" NOx="5.80" PMx="0.32" fuel="5.89" electricity="0.00" noise="74.85" route="routebottom" type="cfm-fast" waiting="0.00" lane="bottom_0" pos="19.94" speed="25.21" angle="58.54" x="103.90" y="8.11"/>
        <vehicle id="cfm-fast_4" eclass="HBEFA3/PC_G_EU4" CO2="228630.78" CO="7592.74" HC="40.55" NOx="106.08" PMx="7.18" fuel="98.28" electricity="0.00" noise="130.16" route="routebottom" type="cfm-fast" waiting="0.00" lane="right_1" pos="40.02" speed="105.35" angle="292.52" x="83.81" y="125.79"/>
        <vehicle id="cfm-fast_5" eclass="HBEFA3/PC_G_EU4" CO2="14855.44" CO="242.24" HC="1.47" NOx="6.31" PMx="0.35" fuel="6.39" electricity="0.00" noise="75.65" route="routebottom" type="cfm-fast" waiting="0.00" lane="bottom_0" pos="36.29" speed="26.64" angle="29.23" x="125.99" y="34.98"/>
        <vehicle id="cfm-slow_0" eclass="HBEFA3/PC_G_EU4" CO2="12005.09" CO="190.95" HC="1.17" NOx="4.93" PMx="0.28" fuel="5.16" electricity="0.00" noise="74.87" route="routebottom" type="cfm-slow" waiting="0.00" lane="right_0" pos="4.10" speed="28.07" angle="357.15" x="131.69" y="72.56"/>
        <vehicle id="cfm-slow_1" eclass="HBEFA3/PC_G_EU4" CO2="5999.20" CO="72.62" HC="0.48" NOx="2.08" PMx="0.13" fuel="2.58" electricity="0.00" noise="73.49" route="routebottom" type="cfm-slow" waiting="0.00" lane="right_0" pos="27.32" speed="28.93" angle="315.33" x="108.51" y="115.57"/>
        <vehicle id="cfm-slow_2" eclass="HBEFA3/PC_G_EU4" CO2="0.00" CO="0.00" HC="0.00" NOx="0.00" PMx="0.00" fuel="0.00" electricity="0.00" noise="72.40" route="routetop" type="cfm-slow" waiting="0.00" lane="top_0" pos="1.35" speed="28.91" angle="272.04" x="60.66" y="132.21"/>
        <vehicle id="cfm-slow_3" eclass="HBEFA3/PC_G_EU4" CO2="0.00" CO="0.00" HC="0.00" NOx="0.00" PMx="0.00" fuel="0.00" electricity="0.00" noise="71.55" route="routetop" type="cfm-slow" waiting="0.00" lane="top_0" pos="25.27" speed="27.98" angle="229.01" x="14.74" y="111.75"/>
        <vehicle id="cfm-slow_4" eclass="HBEFA3/PC_G_EU4" CO2="0.00" CO="0.00" HC="0.00" NOx="0.00" PMx="0.00" fuel="0.00" electricity="0.00" noise="70.78" route="routetop" type="cfm-slow" waiting="0.00" lane="top_0" pos="48.18" speed="26.49" angle="187.82" x="-4.82" y="67.68"/>
        <vehicle id="cfm-slow_5" eclass="HBEFA3/PC_G_EU4" CO2="0.00" CO="0.00" HC="0.00" NOx="0.00" PMx="0.00" fuel="0.00" electricity="0.00" noise="70.36" route="routetop" type="cfm-slow" waiting="0.00" lane="left_0" pos="19.55" speed="25.04" angle="149.28" x="7.61" y="24.12"/>
    </timestep>
    <timestep time="7.94">
        <vehicle id="cfm-fast_0" eclass="HBEFA3/PC_G_EU4" CO2="4231.72" CO="14.79" HC="0.17" NOx="1.35" PMx="0.07" fuel="1.82" electricity="0.00" noise="70.99" route="routetop" type="cfm-fast" waiting="0.00" lane="left_0" pos="39.72" speed="24.20" angle="113.05" x="41.84" y="-1.39"/>
        <vehicle id="cfm-fast_1" eclass="HBEFA3/PC_G_EU4" CO2="337352.15" CO="9109.53" HC="50.09" NOx="157.46" PMx="9.73" fuel="145.01" electricity="0.00" noise="149.97" route="routebottom" type="cfm-fast" waiting="0.00" lane="bottom_1" pos="4.40" speed="94.38" angle="86.61" x="72.68" y="-1.02"/>
        <vehicle id="cfm-fast_2" eclass="HBEFA3/PC_G_EU4" CO2="9849.07" CO="130.62" HC="0.84" NOx="4.00" PMx="0.21" fuel="4.23" electricity="0.00" noise="72.89" route="routebottom" type="cfm-fast" waiting="0.00" lane="bottom_0" pos="4.89" speed="24.26" angle="85.72" x="74.24" y="-4.13"/>
        <vehicle id="cfm-fast_3" eclass="HBEFA3/PC_G_EU4" CO2="13717.98" CO="213.16" HC="1.31" NOx="5.80" PMx="0.32" fuel="5.90" electricity="0.00" noise="74.85" route="routebottom" type="cfm-fast" waiting="0.00" lane="bottom_0" pos="20.20" speed="25.22" angle="58.08" x="104.34" y="8.42"/>
        <vehicle id="cfm-fast_4" eclass="HBEFA3/PC_G_EU4" CO2="226076.05" CO="7543.98" HC="40.26" NOx="104.87" PMx="7.12" fuel="97.18" electricity="0.00" noise="129.75" route="routebottom" type="cfm-fast" waiting="0.00" lane="right_1" pos="41.08" speed="105.40" angle="290.61" x="81.75" y="126.42"/>
        <vehicle id="cfm-fast_5" eclass="HBEFA3/PC_G_EU4" CO2="14830.30" CO="241.79" HC="1.47" NOx="6.30" PMx="0.35" fuel="6.37" electricity="0.00" noise="75.65" route="routebottom" type="cfm-fast" waiting="0.00" lane="bottom_0" pos="36.56" speed="26.66" angle="28.71" x="126.22" y="35.51"/>
        <vehicle id="cfm-slow_0" eclass="HBEFA3/PC_G_EU4" CO2="11948.38" CO="189.84" HC="1.16" NOx="4.91" PMx="0.28" fuel="5.14" electricity="0.00" noise="74.85" route="routebottom" type="cfm-slow" waiting="0.00" lane="right_0" pos="4.38" speed="28.08" angle="356.64" x="131.60" y="73.16"/>
        <vehicle id="cfm-slow_1" eclass="HBEFA3/PC_G_EU4" CO2="5930.60" CO="71.21" HC="0.48" NOx="2.05" PMx="0.13" fuel="2.55" electricity="0.00" noise="73.48" route="routebottom" type="cfm-slow" waiting="0.00" lane="right_0" pos="27.61" speed="28.94" angle="314.79" x="108.03" y="115.98"/>
        <vehicle id="cfm-slow_2" eclass="HBEFA3/PC_G_EU4" CO2="0.00" CO="0.00" HC="0.00" NOx="0.00" PMx="0.00" fuel="0.00" electricity="0.00" noise="72.39" route="routetop" type="cfm-slow" waiting="0.00" lane="top_0" pos="1.64" speed="28.90" angle="271.53" x="60.04" y="132.17"/>
        <vehicle id="cfm-slow_3" eclass="HBEFA3/PC_G_EU4" CO2="0.00" CO="0.00" HC="0.00" NOx="0.00" PMx="0.00" fuel="0.00" electricity="0.00" noise="71.54" route="routetop" type="cfm-slow" waiting="0.00" lane="top_0" pos="25.55" speed="27.97" angle="228.52" x="14.32" y="111.33"/>
        <vehicle id="cfm-slow_4" eclass="HBEFA3/PC_G_EU4" CO2="0.00" CO="0.00" HC="0.00" NOx="0.00" PMx="0.00" fuel="0.00" electricity="0.00" noise="70.77" route="routetop" type="cfm-slow" waiting="0.00" lane="top_0" pos="48.44" speed="26.48" angle="187.32" x="-4.85" y="67.11"/>
        <vehicle id="cfm-slow_5" eclass="HBEFA3/PC_G_EU4" CO2="0.00" CO="0.00" HC="0.00" NOx="0.00" PMx="0.00" fuel="0.00" electricity="0.00" noise="70.36" route="routetop" type="cfm-slow" waiting="0.00" lane="left_0" pos="19.80" speed="25.04" angle="148.82" x="7.92" y="23.68"/>
    </timestep>
    <timestep time="7.95">
        <vehicle id="cfm-fast_0" eclass="HBEFA3/PC_G_EU4" CO2="4284.99" CO="15.89" HC="0.18" NOx="1.38" PMx="0.07" fuel="1.84" electricity="0.00" noise="71.00" route="routetop" type="cfm-fast" waiting="0.00" lane="left_0" pos="39.97" speed="24.20" angle="112.61" x="42.34" y="-1.55"/>
        <vehicle id="cfm-fast_1" eclass="HBEFA3/PC_G_EU4" CO2="336479.87" CO="9098.44" HC="50.02" NOx="157.05" PMx="9.71" fuel="144.64" electricity="0.00" noise="149.78" route="routebottom" type="cfm-fast" waiting="0.00" lane="bottom_1" pos="5.35" speed="94.49" angle="84.89" x="74.60" y="-0.72"/>
        <vehicle id="cfm-fast_2" eclass="HBEFA3/PC_G_EU4" CO2="9886.24" CO="131.40" HC="0.84" NOx="4.02" PMx="0.21" fuel="4.25" electricity="0.00" noise="72.91" route="routebottom" type="cfm-fast" waiting="0.00" lane="bottom_0" pos="5.13" speed="24.27" angle="85.24" x="74.76" y="-4.05"/>
        <vehicle id="cfm-fast_3" eclass="HBEFA3/PC_G_EU4" CO2="13729.04" CO="213.43" HC="1.31" NOx="5.81" PMx="0.32" fuel="5.90" electricity="0.00" noise="74.86" route="routebottom" type="cfm-fast" waiting="0.00" lane="bottom_0" pos="20.45" speed="25.24" angle="57.65" x="104.78" y="8.74"/>
        <vehicle id="cfm-fast_4" eclass="HBEFA3/PC_G_EU4" CO2="223566.03" CO="7496.08" HC="39.98" NOx="103.69" PMx="7.05" fuel="96.10" electricity="0.00" noise="129.35" route="routebottom" type="cfm-fast" waiting="0.00" lane="right_1" pos="42.13" speed="105.45" angle="288.63" x="79.66" y="126.98"/>
        <vehicle id="cfm-fast_5" eclass="HBEFA3/PC_G_EU4" CO2="14804.86" CO="241.33" HC="1.47" NOx="6.29" PMx="0.35" fuel="6.36" electricity="0.00" noise="75.64" route="routebottom" type="cfm-fast" waiting="0.00" lane="bottom_0" pos="36.82" speed="26.67" angle="28.19" x="126.46" y="36.03"/>
        <vehicle id="cfm-slow_0" eclass="HBEFA3/PC_G_EU4" CO2="11891.53" CO="188.72" HC="1.16" NOx="4.88" PMx="0.28" fuel="5.11" electricity="0.00" noise="74.84" route="routebottom" type="cfm-slow" waiting="0.00" lane="right_0" pos="4.66" speed="28.09" angle="356.13" x="131.52" y="73.76"/>
        <vehicle id="cfm-slow_1" eclass="HBEFA3/PC_G_EU4" CO2="5862.17" CO="69.80" HC="0.47" NOx="2.02" PMx="0.12" fuel="2.52" electricity="0.00" noise="73.46" route="routebottom" type="cfm-slow" waiting="0.00" lane="right_0" pos="27.90" speed="28.94" angle="314.24" x="107.56" y="116.38"/>
        <vehicle id="cfm-slow_2" eclass="HBEFA3/PC_G_EU4" CO2="0.00" CO="0.00" HC="0.00" NOx="0.00" PMx="0.00" fuel="0.00" electricity="0.00" noise="72.38" route="routetop" type="cfm-slow" waiting="0.00" lane="top_0" pos="1.93" speed="28.89" angle="271.01" x="59.41" y="132.13"/>
        <vehicle id="cfm-slow_3" eclass="HBEFA3/PC_G_EU4" CO2="0.00" CO="0.00" HC="0.00" NOx="0.00" PMx="0.00" fuel="0.00" electricity="0.00" noise="71.53" route="routetop" type="cfm-slow" waiting="0.00" lane="top_0" pos="25.83" speed="27.95" angle="228.04" x="13.90" y="110.89"/>
        <vehicle id="cfm-slow_4" eclass="HBEFA3/PC_G_EU4" CO2="0.00" CO="0.00" HC="0.00" NOx="0.00" PMx="0.00" fuel="0.00" electricity="0.00" noise="70.77" route="routetop" type="cfm-slow" waiting="0.00" lane="top_0" pos="48.71" speed="26.46" angle="186.85" x="-4.88" y="66.54"/>
        <vehicle id="cfm-slow_5" eclass="HBEFA3/PC_G_EU4" CO2="0.00" CO="0.00" HC="0.00" NOx="0.00" PMx="0.00" fuel="0.00" electricity="0.00" noise="70.37" route="routetop" type="cfm-slow" waiting="0.00" lane="left_0" pos="20.05" speed="25.03" angle="148.36" x="8.24" y="23.24"/>
    </timestep>
    <timestep time="7.96">
        <vehicle id="cfm-fast_0" eclass="HBEFA3/PC_G_EU4" CO2="4338.13" CO="16.99" HC="0.18" NOx="1.40" PMx="0.07" fuel="1.86" electricity="0.00" noise="71.01" route="routetop" type="cfm-fast" waiting="0.00" lane="left_0" pos="40.21" speed="24.20" angle="112.16" x="42.84" y="-1.70"/>
        <vehicle id="cfm-fast_1" eclass="HBEFA3/PC_G_EU4" CO2="335591.97" CO="9086.99" HC="49.95" NOx="156.63" PMx="9.68" fuel="144.25" electricity="0.00" noise="149.59" route="routebottom" type="cfm-fast" waiting="0.00" lane="bottom_1" pos="6.29" speed="94.60" angle="83.12" x="76.50" y="-0.37"/>
        <vehicle id="cfm-fast_2" eclass="HBEFA3/PC_G_EU4" CO2="9923.17" CO="132.19" HC="0.85" NOx="4.04" PMx="0.22" fuel="4.27" electricity="0.00" noise="72.93" route="routebottom" type="cfm-fast" waiting="0.00" lane="bottom_0" pos="5.38" speed="24.28" angle="84.80" x="75.27" y="-3.96"/>
        <vehicle id="cfm-fast_3" eclass="HBEFA3/PC_G_EU4" CO2="13739.79" CO="213.70" HC="1.31" NOx="5.81" PMx="0.32" fuel="5.91" electricity="0.00" noise="74.87" route="routebottom" type="cfm-fast" waiting="0.00" lane="bottom_0" pos="20.70" speed="25.25" angle="57.22" x="105.22" y="9.07"/>
        <vehicle id="cfm-fast_4" eclass="HBEFA3/PC_G_EU4" CO2="221100.00" CO="7449.01" HC="39.71" NOx="102.52" PMx="6.99" fuel="95.04" electricity="0.00" noise="128.96" route="routebottom" type="cfm-fast" waiting="0.00" lane="right_1" pos="43.19" speed="105.51" angle="286.81" x="77.55" y="127.47"/>
        <vehicle id="cfm-fast_5" eclass="HBEFA3/PC_G_EU4" CO2="14779.11" CO="240.87" HC="1.47" NOx="6.27" PMx="0.35" fuel="6.35" electricity="0.00" noise="75.63" route="routebottom" type="cfm-fast" waiting="0.00" lane="bottom_0" pos="37.09" speed="26.69" angle="27.69" x="126.69" y="36.56"/>
        <vehicle id="cfm-slow_0" eclass="HBEFA3/PC_G_EU4" CO2="11834.54" CO="187.60" HC="1.15" NOx="4.85" PMx="0.28" fuel="5.09" electricity="0.00" noise="74.82" route="routebottom" type="cfm-slow" waiting="0.00" lane="right_0" pos="4.95" speed="28.10" angle="355.62" x="131.43" y="74.36"/>
        <vehicle id="cfm-slow_1" eclass="HBEFA3/PC_G_EU4" CO2="5793.92" CO="68.40" HC="0.46" NOx="1.98" PMx="0.12" fuel="2.49" electricity="0.00" noise="73.45" route="routebottom" type="cfm-slow" waiting="0.00" lane="right_0" pos="28.19" speed="28.94" angle="313.76" x="107.08" y="116.78"/>
        <vehicle id="cfm-slow_2" eclass="HBEFA3/PC_G_EU4" CO2="0.00" CO="0.00" HC="0.00" NOx="0.00" PMx="0.00" fuel="0.00" electricity="0.00" noise="72.37" route="routetop" type="cfm-slow" waiting="0.00" lane="top_0" pos="2.22" speed="28.89" angle="270.49" x="58.79" y="132.10"/>
        <vehicle id="cfm-slow_3" eclass="HBEFA3/PC_G_EU4" CO2="0.00" CO="0.00" HC="0.00" NOx="0.00" PMx="0.00" fuel="0.00" electricity="0.00" noise="71.53" route="routetop" type="cfm-slow" waiting="0.00" lane="top_0" pos="26.11" speed="27.94" angle="227.52" x="13.50" y="110.45"/>
        <vehicle id="cfm-slow_4" eclass="HBEFA3/PC_G_EU4" CO2="0.00" CO="0.00" HC="0.00" NOx="0.00" PMx="0.00" fuel="0.00" electricity="0.00" noise="70.76" route="routetop" type="cfm-slow" waiting="0.00" lane="top_0" pos="48.97" speed="26.45" angle="186.39" x="-4.90" y="65.97"/>
        <vehicle id="cfm-slow_5" eclass="HBEFA3/PC_G_EU4" CO2="0.00" CO="0.00" HC="0.00" NOx="0.00" PMx="0.00" fuel="0.00" electricity="0.00" noise="70.37" route="routetop" type="cfm-slow" waiting="0.00" lane="left_0" pos="20.30" speed="25.02" angle="147.89" x="8.55" y="22.81"/>
    </timestep>
    <timestep time="7.97">
        <vehicle id="cfm-fast_0" eclass="HBEFA3/PC_G_EU4" CO2="4391.11" CO="18.08" HC="0.19" NOx="1.43" PMx="0.07" fuel="1.89" electricity="0.00" noise="71.03" route="routetop" type="cfm-fast" waiting="0.00" lane="left_0" pos="40.45" speed="24.20" angle="111.71" x="43.33" y="-1.85"/>
        <vehicle id="cfm-fast_1" eclass="HBEFA3/PC_G_EU4" CO2="334688.94" CO="9075.22" HC="49.87" NOx="156.20" PMx="9.66" fuel="143.87" electricity="0.00" noise="149.40" route="routebottom" type="cfm-fast" waiting="0.00" lane="bottom_1" pos="7.24" speed="94.71" angle="81.43" x="78.40" y="0.05"/>
        <vehicle id="cfm-fast_2" eclass="HBEFA3/PC_G_EU4" CO2="9959.87" CO="132.97" HC="0.85" NOx="4.05" PMx="0.22" fuel="4.28" electricity="0.00" noise="72.95" route="routebottom" type="cfm-fast" waiting="0.00" lane="bottom_0" pos="5.62" speed="24.29" angle="84.36" x="75.78" y="-3.86"/>
        <vehicle id="cfm-fast_3" eclass="HBEFA3/PC_G_EU4" CO2="13750.22" CO="213.97" HC="1.32" NOx="5.82" PMx="0.32" fuel="5.91" electricity="0.00" noise="74.88" route="routebottom" type="cfm-fast" waiting="0.00" lane="bottom_0" pos="20.95" speed="25.27" angle="56.76" x="105.64" y="9.41"/>
        <vehicle id="cfm-fast_4" eclass="HBEFA3/PC_G_EU4" CO2="218677.25" CO="7402.78" HC="39.44" NOx="101.38" PMx="6.93" fuel="94.00" electricity="0.00" noise="128.57" route="routebottom" type="cfm-fast" waiting="0.00" lane="right_1" pos="44.24" speed="105.56" angle="284.89" x="75.43" y="127.90"/>
        <vehicle id="cfm-fast_5" eclass="HBEFA3/PC_G_EU4" CO2="14753.07" CO="240.40" HC="1.46" NOx="6.26" PMx="0.35" fuel="6.34" electricity="0.00" noise="75.62" route="routebottom" type="cfm-fast" waiting="0.00" lane="bottom_0" pos="37.36" speed="26.70" angle="27.26" x="126.91" y="37.08"/>
        <vehicle id="cfm-slow_0" eclass="HBEFA3/PC_G_EU4" CO2="11777.41" CO="186.48" HC="1.15" NOx="4.82" PMx="0.28" fuel="5.06" electricity="0.00" noise="74.80" route="routebottom" type="cfm-slow" waiting="0.00" lane="right_0" pos="5.23" speed="28.11" angle="355.06" x="131.34" y="74.95"/>
        <vehicle id="cfm-slow_1" eclass="HBEFA3/PC_G_EU4" CO2="5725.84" CO="67.00" HC="0.45" NOx="1.95" PMx="0.12" fuel="2.46" electricity="0.00" noise="73.44" route="routebottom" type="cfm-slow" waiting="0.00" lane="right_0" pos="28.48" speed="28.94" angle="313.24" x="106.59" y="117.17"/>
        <vehicle id="cfm-slow_2" eclass="HBEFA3/PC_G_EU4" CO2="0.00" CO="0.00" HC="0.00" NOx="0.00" PMx="0.00" fuel="0.00" electricity="0.00" noise="72.36" route="routetop" type="cfm-slow" waiting="0.00" lane="top_0" pos="2.51" speed="28.88" angle="269.99" x="58.17" y="132.06"/>
        <vehicle id="cfm-slow_3" eclass="HBEFA3/PC_G_EU4" CO2="0.00" CO="0.00" HC="0.00" NOx="0.00" PMx="0.00" fuel="0.00" electricity="0.00" noise="71.52" route="routetop" type="cfm-slow" waiting="0.00" lane="top_0" pos="26.39" speed="27.92" angle="227.00" x="13.09" y="110.00"/>
        <vehicle id="cfm-slow_4" eclass="HBEFA3/PC_G_EU4" CO2="0.00" CO="0.00" HC="0.00" NOx="0.00" PMx="0.00" fuel="0.00" electricity="0.00" noise="70.76" route="routetop" type="cfm-slow" waiting="0.00" lane="top_0" pos="49.24" speed="26.44" angle="185.91" x="-4.91" y="65.40"/>
        <vehicle id="cfm-slow_5" eclass="HBEFA3/PC_G_EU4" CO2="0.00" CO="0.00" HC="0.00" NOx="0.00" PMx="0.00" fuel="0.00" electricity="0.00" noise="70.37" route="routetop" type="cfm-slow" waiting="0.00" lane="left_0" pos="20.55" speed="25.01" angle="147.49" x="8.87" y="22.37"/>
    </timestep>
    <timestep time="7.98">
        <vehicle id="cfm-fast_0" eclass="HBEFA3/PC_G_EU4" CO2="4443.96" CO="19.17" HC="0.20" NOx="1.45" PMx="0.07" fuel="1.91" electricity="0.00" noise="71.04" route="routetop" type="cfm-fast" waiting="0.00" lane="left_0" pos="40.69" speed="24.20" angle="111.25" x="43.83" y="-2.01"/>
        <vehicle id="cfm-fast_1" eclass="HBEFA3/PC_G_EU4" CO2="333771.22" CO="9063.12" HC="49.79" NOx="155.76" PMx="9.64" fuel="143.47" electricity="0.00" noise="149.21" route="routebottom" type="cfm-fast" waiting="0.00" lane="bottom_1" pos="8.19" speed="94.82" angle="79.73" x="80.29" y="0.52"/>
        <vehicle id="cfm-fast_2" eclass="HBEFA3/PC_G_EU4" CO2="9996.33" CO="133.74" HC="0.86" NOx="4.07" PMx="0.22" fuel="4.30" electricity="0.00" noise="72.97" route="routebottom" type="cfm-fast" waiting="0.00" lane="bottom_0" pos="5.86" speed="24.30" angle="83.91" x="76.30" y="-3.77"/>
        <vehicle id="cfm-fast_3" eclass="HBEFA3/PC_G_EU4" CO2="13760.33" CO="214.22" HC="1.32" NOx="5.82" PMx="0.32" fuel="5.91" electricity="0.00" noise="74.89" route="routebottom" type="cfm-fast" waiting="0.00" lane="bottom_0" pos="21.21" speed="25.28" angle="56.30" x="106.07" y="9.74"/>
        <vehicle id="cfm-fast_4" eclass="HBEFA3/PC_G_EU4" CO2="216297.09" CO="7357.36" HC="39.17" NOx="100.26" PMx="6.87" fuel="92.98" electricity="0.00" noise="128.19" route="routebottom" type="cfm-fast" waiting="0.00" lane="right_1" pos="45.30" speed="105.61" angle="282.96" x="73.29" y="128.25"/>
        <vehicle id="cfm-fast_5" eclass="HBEFA3/PC_G_EU4" CO2="14726.74" CO="239.92" HC="1.46" NOx="6.25" PMx="0.35" fuel="6.33" electricity="0.00" noise="75.61" route="routebottom" type="cfm-fast" waiting="0.00" lane="bottom_0" pos="37.63" speed="26.71" angle="26.78" x="127.13" y="37.62"/>
        <vehicle id="cfm-slow_0" eclass="HBEFA3/PC_G_EU4" CO2="11720.15" CO="185.35" HC="1.14" NOx="4.80" PMx="0.27" fuel="5.04" electricity="0.00" noise="74.78" route="routebottom" type="cfm-slow" waiting="0.00" lane="right_0" pos="5.51" speed="28.11" angle="354.54" x="131.23" y="75.55"/>
        <vehicle id="cfm-slow_1" eclass="HBEFA3/PC_G_EU4" CO2="5657.94" CO="65.61" HC="0.44" NOx="1.92" PMx="0.12" fuel="2.43" electricity="0.00" noise="73.42" route="routebottom" type="cfm-slow" waiting="0.00" lane="right_0" pos="28.77" speed="28.94" angle="312.71" x="106.10" y="117.55"/>
        <vehicle id="cfm-slow_2" eclass="HBEFA3/PC_G_EU4" CO2="0.00" CO="0.00" HC="0.00" NOx="0.00" PMx="0.00" fuel="0.00" electricity="0.00" noise="72.35" route="routetop" type="cfm-slow" waiting="0.00" lane="top_0" pos="2.80" speed="28.87" angle="269.48" x="57.56" y="132.00"/>
        <vehicle id="cfm-slow_3" eclass="HBEFA3/PC_G_EU4" CO2="0.00" CO="0.00" HC="0.00" NOx="0.00" PMx="0.00" fuel="0.00" electricity="0.00" noise="71.51" route="routetop" type="cfm-slow" waiting="0.00" lane="top_0" pos="26.67" speed="27.91" angle="226.49" x="12.68" y="109.56"/>
        <vehicle id="cfm-slow_4" eclass="HBEFA3/PC_G_EU4" CO2="0.00" CO="0.00" HC="0.00" NOx="0.00" PMx="0.00" fuel="0.00" electricity="0.00" noise="70.75" route="routetop" type="cfm-slow" waiting="0.00" lane="top_0" pos="49.50" speed="26.42" angle="185.42" x="-4.93" y="64.83"/>
        <vehicle id="cfm-slow_5" eclass="HBEFA3/PC_G_EU4" CO2="0.00" CO="0.00" HC="0.00" NOx="0.00" PMx="0.00" fuel="0.00" electricity="0.00" noise="70.37" route="routetop" type="cfm-slow" waiting="0.00" lane="left_0" pos="20.80" speed="25.00" angle="147.03" x="9.20" y="21.95"/>
    </timestep>
    <timestep time="7.99">
        <vehicle id="cfm-fast_0" eclass="HBEFA3/PC_G_EU4" CO2="4496.66" CO="20.26" HC="0.20" NOx="1.48" PMx="0.07" fuel="1.93" electricity="0.00" noise="71.06" route="routetop" type="cfm-fast" waiting="0.00" lane="left_0" pos="40.93" speed="24.20" angle="110.81" x="44.33" y="-2.16"/>
        <vehicle id="cfm-fast_1" eclass="HBEFA3/PC_G_EU4" CO2="332839.27" CO="9050.69" HC="49.72" NOx="155.32" PMx="9.62" fuel="143.07" electricity="0.00" noise="149.01" route="routebottom" type="cfm-fast" waiting="0.00" lane="bottom_1" pos="9.14" speed="94.93" angle="78.02" x="82.16" y="1.03"/>
        <vehicle id="cfm-fast_2" eclass="HBEFA3/PC_G_EU4" CO2="10032.56" CO="134.51" HC="0.86" NOx="4.09" PMx="0.22" fuel="4.31" electricity="0.00" noise="72.98" route="routebottom" type="cfm-fast" waiting="0.00" lane="bottom_0" pos="6.10" speed="24.31" angle="83.47" x="76.81" y="-3.67"/>
        <vehicle id="cfm-fast_3" eclass="HBEFA3/PC_G_EU4" CO2="13770.12" CO="214.47" HC="1.32" NOx="5.83" PMx="0.32" fuel="5.92" electricity="0.00" noise="74.89" route="routebottom" type="cfm-fast" waiting="0.00" lane="bottom_0" pos="21.46" speed="25.30" angle="55.84" x="106.50" y="10.08"/>
        <vehicle id="cfm-fast_4" eclass="HBEFA3/PC_G_EU4" CO2="213958.82" CO="7312.74" HC="38.91" NOx="99.15" PMx="6.81" fuel="91.97" electricity="0.00" noise="127.82" route="routebottom" type="cfm-fast" waiting="0.00" lane="right_1" pos="46.36" speed="105.66" angle="281.10" x="71.15" y="128.54"/>
        <vehicle id="cfm-fast_5" eclass="HBEFA3/PC_G_EU4" CO2="14700.10" CO="239.44" HC="1.46" NOx="6.23" PMx="0.35" fuel="6.32" electricity="0.00" noise="75.60" route="routebottom" type="cfm-fast" waiting="0.00" lane="bottom_0" pos="37.89" speed="26.73" angle="26.30" x="127.34" y="38.15"/>
        <vehicle id="cfm-slow_0" eclass="HBEFA3/PC_G_EU4" CO2="11662.76" CO="184.22" HC="1.13" NOx="4.77" PMx="0.27" fuel="5.01" electricity="0.00" noise="74.77" route="routebottom" type="cfm-slow" waiting="0.00" lane="right_0" pos="5.79" speed="28.12" angle="354.01" x="131.12" y="76.14"/>
        <vehicle id="cfm-slow_1" eclass="HBEFA3/PC_G_EU4" CO2="5590.22" CO="64.21" HC="0.44" NOx="1.89" PMx="0.12" fuel="2.40" electricity="0.00" noise="73.41" route="routebottom" type="cfm-slow" waiting="0.00" lane="right_0" pos="29.06" speed="28.94" angle="312.19" x="105.61" y="117.94"/>
        <vehicle id="cfm-slow_2" eclass="HBEFA3/PC_G_EU4" CO2="0.00" CO="0.00" HC="0.00" NOx="0.00" PMx="0.00" fuel="0.00" electricity="0.00" noise="72.34" route="routetop" type="cfm-slow" waiting="0.00" lane="top_0" pos="3.09" speed="28.86" angle="268.96" x="56.94" y="131.94"/>
        <vehicle id="cfm-slow_3" eclass="HBEFA3/PC_G_EU4" CO2="0.00" CO="0.00" HC="0.00" NOx="0.00" PMx="0.00" fuel="0.00" electricity="0.00" noise="71.50" route="routetop" type="cfm-slow" waiting="0.00" lane="top_0" pos="26.95" speed="27.89" angle="226.03" x="12.28" y="109.12"/>
        <vehicle id="cfm-slow_4" eclass="HBEFA3/PC_G_EU4" CO2="0.00" CO="0.00" HC="0.00" NOx="0.00" PMx="0.00" fuel="0.00" electricity="0.00" noise="70.75" route="routetop" type="cfm-slow" waiting="0.00" lane="top_0" pos="49.77" speed="26.41" angle="184.94" x="-4.94" y="64.26"/>
        <vehicle id="cfm-slow_5" eclass="HBEFA3/PC_G_EU4" CO2="0.00" CO="0.00" HC="0.00" NOx="0.00" PMx="0.00" fuel="0.00" electricity="0.00" noise="70.38" route="routetop" type="cfm-slow" waiting="0.00" lane="left_0" pos="21.05" speed="24.99" angle="146.57" x="9.53" y="21.53"/>
    </timestep>
    <timestep time="8.00">
        <vehicle id="cfm-fast_0" eclass="HBEFA3/PC_G_EU4" CO2="4549.22" CO="21.34" HC="0.21" NOx="1.50" PMx="0.08" fuel="1.96" electricity="0.00" noise="71.07" route="routetop" type="cfm-fast" waiting="0.00" lane="left_0" pos="41.18" speed="24.20" angle="110.41" x="44.83" y="-2.31"/>
        <vehicle id="cfm-fast_1" eclass="HBEFA3/PC_G_EU4" CO2="331893.54" CO="9037.97" HC="49.63" NOx="154.88" PMx="9.60" fuel="142.67" electricity="0.00" noise="148.81" route="routebottom" type="cfm-fast" waiting="0.00" lane="bottom_1" pos="10.09" speed="95.04" angle="76.28" x="84.03" y="1.61"/>
        <vehicle id="cfm-fast_2" eclass="HBEFA3/PC_G_EU4" CO2="10068.56" CO="135.28" HC="0.87" NOx="4.10" PMx="0.22" fuel="4.33" electricity="0.00" noise="73.00" route="routebottom" type="cfm-fast" waiting="0.00" lane="bottom_0" pos="6.35" speed="24.32" angle="83.07" x="77.33" y="-3.58"/>
        <vehicle id="cfm-fast_3" eclass="HBEFA3/PC_G_EU4" CO2="13779.59" CO="214.72" HC="1.32" NOx="5.83" PMx="0.32" fuel="5.92" electricity="0.00" noise="74.90" route="routebottom" type="cfm-fast" waiting="0.00" lane="bottom_0" pos="21.71" speed="25.31" angle="55.41" x="106.93" y="10.42"/>
        <vehicle id="cfm-fast_4" eclass="HBEFA3/PC_G_EU4" CO2="211661.75" CO="7268.91" HC="38.65" NOx="98.07" PMx="6.75" fuel="90.98" electricity="0.00" noise="127.46" route="routebottom" type="cfm-fast" waiting="0.00" lane="right_1" pos="47.41" speed="105.71" angle="279.25" x="68.99" y="128.76"/>
        <vehicle id="cfm-fast_5" eclass="HBEFA3/PC_G_EU4" CO2="14673.17" CO="238.95" HC="1.45" NOx="6.22" PMx="0.35" fuel="6.31" electricity="0.00" noise="75.59" route="routebottom" type="cfm-fast" waiting="0.00" lane="bottom_0" pos="38.16" speed="26.74" angle="25.82" x="127.55" y="38.69"/>
        <vehicle id="cfm-slow_0" eclass="HBEFA3/PC_G_EU4" CO2="11605.24" CO="183.09" HC="1.13" NOx="4.74" PMx="0.27" fuel="4.99" electricity="0.00" noise="74.75" route="routebottom" type="cfm-slow" waiting="0.00" lane="right_0" pos="6.07" speed="28.13" angle="353.49" x="131.01" y="76.74"/>
        <vehicle id="cfm-slow_1" eclass="HBEFA3/PC_G_EU4" CO2="5522.68" CO="62.82" HC="0.43" NOx="1.86" PMx="0.11" fuel="2.37" electricity="0.00" noise="73.39" route="routebottom" type="cfm-slow" waiting="0.00" lane="right_0" pos="29.35" speed="28.94" angle="311.66" x="105.12" y="118.32"/>
        <vehicle id="cfm-slow_2" eclass="HBEFA3/PC_G_EU4" CO2="0.00" CO="0.00" HC="0.00" NOx="0.00" PMx="0.00" fuel="0.00" electricity="0.00" noise="72.33" route="routetop" type="cfm-slow" waiting="0.00" lane="top_0" pos="3.38" speed="28.85" angle="268.44" x="56.32" y="131.87"/>
        <vehicle id="cfm-slow_3" eclass="HBEFA3/PC_G_EU4" CO2="0.00" CO="0.00" HC="0.00" NOx="0.00" PMx="0.00" fuel="0.00" electricity="0.00" noise="71.50" route="routetop" type="cfm-slow" waiting="0.00" lane="top_0" pos="27.23" speed="27.88" angle="225.50" x="11.89" y="108.66"/>
        <vehicle id="cfm-slow_4" eclass="HBEFA3/PC_G_EU4" CO2="0.00" CO="0.00" HC="0.00" NOx="0.00" PMx="0.00" fuel="0.00" electricity="0.00" noise="70.74" route="routetop" type="cfm-slow" waiting="0.00" lane="left_0" pos="0.03" speed="26.39" angle="184.43" x="-4.95" y="63.51"/>
        <vehicle id="cfm-slow_5" eclass="HBEFA3/PC_G_EU4" CO2="0.00" CO="0.00" HC="0.00" NOx="0.00" PMx="0.00" fuel="0.00" electricity="0.00" noise="70.38" route="routetop" type="cfm-slow" waiting="0.00" lane="left_0" pos="21.30" speed="24.99" angle="146.11" x="9.86" y="21.10"/>
    </timestep>
    <timestep time="8.01">
        <vehicle id="cfm-fast_0" eclass="HBEFA3/PC_G_EU4" CO2="4601.63" CO="22.42" HC="0.22" NOx="1.53" PMx="0.08" fuel="1.98" electricity="0.00" noise="71.09" route="routetop" type="cfm-fast" waiting="0.00" lane="left_0" pos="41.42" speed="24.20" angle="109.96" x="45.33" y="-2.44"/>
        <vehicle id="cfm-fast_1" eclass="HBEFA3/PC_G_EU4" CO2="330934.46" CO="9024.94" HC="49.55" NOx="154.42" PMx="9.58" fuel="142.25" electricity="0.00" noise="148.61" route="routebottom" type="cfm-fast" waiting="0.00" lane="bottom_1" pos="11.04" speed="95.15" angle="74.59" x="85.87" y="2.26"/>
        <vehicle id="cfm-fast_2" eclass="HBEFA3/PC_G_EU4" CO2="10104.32" CO="136.04" HC="0.87" NOx="4.12" PMx="0.22" fuel="4.34" electricity="0.00" noise="73.02" route="routebottom" type="cfm-fast" waiting="0.00" lane="bottom_0" pos="6.59" speed="24.33" angle="82.62" x="77.84" y="-3.47"/>
        <vehicle id="cfm-fast_3" eclass="HBEFA3/PC_G_EU4" CO2="13788.74" CO="214.96" HC="1.32" NOx="5.84" PMx="0.32" fuel="5.93" electricity="0.00" noise="74.91" route="routebottom" type="cfm-fast" waiting="0.00" lane="bottom_0" pos="21.97" speed="25.32" angle="54.96" x="107.35" y="10.76"/>
        <vehicle id="cfm-fast_4" eclass="HBEFA3/PC_G_EU4" CO2="209405.22" CO="7225.86" HC="38.40" NOx="97.01" PMx="6.69" fuel="90.01" electricity="0.00" noise="127.10" route="routebottom" type="cfm-fast" waiting="0.00" lane="right_1" pos="48.47" speed="105.76" angle="277.24" x="66.82" y="128.89"/>
        <vehicle id="cfm-fast_5" eclass="HBEFA3/PC_G_EU4" CO2="14645.95" CO="238.46" HC="1.45" NOx="6.21" PMx="0.35" fuel="6.30" electricity="0.00" noise="75.58" route="routebottom" type="cfm-fast" waiting="0.00" lane="bottom_0" pos="38.43" speed="26.76" angle="25.36" x="127.77" y="39.22"/>
        <vehicle id="cfm-slow_0" eclass="HBEFA3/PC_G_EU4" CO2="11547.59" CO="181.95" HC="1.12" NOx="4.72" PMx="0.27" fuel="4.96" electricity="0.00" noise="74.73" route="routebottom" type="cfm-slow" waiting="0.00" lane="right_0" pos="6.35" speed="28.14" angle="353.01" x="130.90" y="77.33"/>
        <vehicle id="cfm-slow_1" eclass="HBEFA3/PC_G_EU4" CO2="5455.33" CO="61.44" HC="0.42" NOx="1.82" PMx="0.11" fuel="2.35" electricity="0.00" noise="73.38" route="routebottom" type="cfm-slow" waiting="0.00" lane="right_0" pos="29.64" speed="28.94" angle="311.18" x="104.63" y="118.69"/>
        <vehicle id="cfm-slow_2" eclass="HBEFA3/PC_G_EU4" CO2="0.00" CO="0.00" HC="0.00" NOx="0.00" PMx="0.00" fuel="0.00" electricity="0.00" noise="72.32" route="routetop" type="cfm-slow" waiting="0.00" lane="top_0" pos="3.66" speed="28.84" angle="267.93" x="55.70" y="131.81"/>
        <vehicle id="cfm-slow_3" eclass="HBEFA3/PC_G_EU4" CO2="0.00" CO="0.00" HC="0.00" NOx="0.00" PMx="0.00" fuel="0.00" electricity="0.00" noise="71.49" route="routetop" type="cfm-slow" waiting="0.00" lane="top_0" pos="27.51" speed="27.87" angle="224.98" x="11.50" y="108.21"/>
        <vehicle id="cfm-slow_4" eclass="HBEFA3/PC_G_EU4" CO2="0.00" CO="0.00" HC="0.00" NOx="0.00" PMx="0.00" fuel="0.00" electricity="0.00" noise="70.74" route="routetop" type="cfm-slow" waiting="0.00" lane="left_0" pos="0.29" speed="26.38" angle="183.95" x="-4.94" y="62.94"/>
        <vehicle id="cfm-slow_5" eclass="HBEFA3/PC_G_EU4" CO2="0.00" CO="0.00" HC="0.00" NOx="0.00" PMx="0.00" fuel="0.00" electricity="0.00" noise="70.38" route="routetop" type="cfm-slow" waiting="0.00" lane="left_0" pos="21.55" speed="24.98" angle="145.66" x="10.20" y="20.68"/>
    </timestep>
    <timestep time="8.02">
        <vehicle id="cfm-fast_0" eclass="HBEFA3/PC_G_EU4" CO2="4653.89" CO="23.50" HC="0.22" NOx="1.55" PMx="0.08" fuel="2.00" electricity="0.00" noise="71.10" route="routetop" type="cfm-fast" waiting="0.00" lane="left_0" pos="41.66" speed="24.20" angle="109.51" x="45.83" y="-2.57"/>
        <vehicle id="cfm-fast_1" eclass="HBEFA3/PC_G_EU4" CO2="329962.46" CO="9011.61" HC="49.47" NOx="153.96" PMx="9.55" fuel="141.83" electricity="0.00" noise="148.41" route="routebottom" type="cfm-fast" waiting="0.00" lane="bottom_1" pos="11.99" speed="95.26" angle="72.90" x="87.69" y="2.95"/>
        <vehicle id="cfm-fast_2" eclass="HBEFA3/PC_G_EU4" CO2="10139.84" CO="136.80" HC="0.87" NOx="4.14" PMx="0.22" fuel="4.36" electricity="0.00" noise="73.04" route="routebottom" type="cfm-fast" waiting="0.00" lane="bottom_0" pos="6.83" speed="24.34" angle="82.15" x="78.35" y="-3.35"/>
        <vehicle id="cfm-fast_3" eclass="HBEFA3/PC_G_EU4" CO2="13797.58" CO="215.19" HC="1.32" NOx="5.84" PMx="0.32" fuel="5.93" electricity="0.00" noise="74.91" route="routebottom" type="cfm-fast" waiting="0.00" lane="bottom_0" pos="22.22" speed="25.34" angle="54.48" x="107.76" y="11.12"/>
        <vehicle id="cfm-fast_4" eclass="HBEFA3/PC_G_EU4" CO2="207188.56" CO="7183.56" HC="38.15" NOx="95.96" PMx="6.64" fuel="89.06" electricity="0.00" noise="126.75" route="routebottom" type="cfm-fast" waiting="0.00" lane="right_1" pos="49.53" speed="105.80" angle="275.33" x="64.66" y="128.95"/>
        <vehicle id="cfm-fast_5" eclass="HBEFA3/PC_G_EU4" CO2="14618.44" CO="237.96" HC="1.45" NOx="6.19" PMx="0.34" fuel="6.28" electricity="0.00" noise="75.57" route="routebottom" type="cfm-fast" waiting="0.00" lane="bottom_0" pos="38.70" speed="26.77" angle="24.90" x="127.97" y="39.76"/>
        <vehicle id="cfm-slow_0" eclass="HBEFA3/PC_G_EU4" CO2="11489.83" CO="180.81" HC="1.11" NOx="4.69" PMx="0.27" fuel="4.94" electricity="0.00" noise="74.72" route="routebottom" type="cfm-slow" waiting="0.00" lane="right_0" pos="6.63" speed="28.15" angle="352.50" x="130.77" y="77.92"/>
        <vehicle id="cfm-slow_1" eclass="HBEFA3/PC_G_EU4" CO2="0.00" CO="0.00" HC="0.00" NOx="0.00" PMx="0.00" fuel="0.00" electricity="0.00" noise="73.37" route="routebottom" type="cfm-slow" waiting="0.00" lane="right_0" pos="29.93" speed="28.94" angle="310.65" x="104.12" y="119.06"/>
        <vehicle id="cfm-slow_2" eclass="HBEFA3/PC_G_EU4" CO2="0.00" CO="0.00" HC="0.00" NOx="0.00" PMx="0.00" fuel="0.00" electricity="0.00" noise="72.31" route="routetop" type="cfm-slow" waiting="0.00" lane="top_0" pos="3.95" speed="28.83" angle="267.43" x="55.09" y="131.74"/>
        <vehicle id="cfm-slow_3" eclass="HBEFA3/PC_G_EU4" CO2="0.00" CO="0.00" HC="0.00" NOx="0.00" PMx="0.00" fuel="0.00" electricity="0.00" noise="71.48" route="routetop" type="cfm-slow" waiting="0.00" lane="top_0" pos="27.79" speed="27.85" angle="224.46" x="11.11" y="107.75"/>
        <vehicle id="cfm-slow_4" eclass="HBEFA3/PC_G_EU4" CO2="0.00" CO="0.00" HC="0.00" NOx="0.00" PMx="0.00" fuel="0.00" electricity="0.00" noise="70.73" route="routetop" type="cfm-slow" waiting="0.00" lane="left_0" pos="0.56" speed="26.37" angle="183.47" x="-4.92" y="62.37"/>
        <vehicle id="cfm-slow_5" eclass="HBEFA3/PC_G_EU4" CO2="0.00" CO="0.00" HC="0.00" NOx="0.00" PMx="0.00" fuel="0.00" electricity="0.00" noise="70.39" route="routetop" type="cfm-slow" waiting="0.00" lane="left_0" pos="21.80" speed="24.97" angle="145.25" x="10.53" y="20.26"/>
    </timestep>
    <timestep time="8.03">
        <vehicle id="cfm-fast_0" eclass="HBEFA3/PC_G_EU4" CO2="4706.00" CO="24.57" HC="0.23" NOx="1.58" PMx="0.08" fuel="2.02" electricity="0.00" noise="71.12" route="routetop" type="cfm-fast" waiting="0.00" lane="left_0" pos="41.90" speed="24.20" angle="109.06" x="46.34" y="-2.71"/>
        <vehicle id="cfm-fast_1" eclass="HBEFA3/PC_G_EU4" CO2="328977.97" CO="8998.01" HC="49.38" NOx="153.50" PMx="9.53" fuel="141.41" electricity="0.00" noise="148.21" route="routebottom" type="cfm-fast" waiting="0.00" lane="bottom_1" pos="12.94" speed="95.36" angle="71.24" x="89.51" y="3.68"/>
        <vehicle id="cfm-fast_2" eclass="HBEFA3/PC_G_EU4" CO2="10175.12" CO="137.55" HC="0.88" NOx="4.15" PMx="0.22" fuel="4.37" electricity="0.00" noise="73.05" route="routebottom" type="cfm-fast" waiting="0.00" lane="bottom_0" pos="7.08" speed="24.35" angle="81.69" x="78.86" y="-3.23"/>
        <vehicle id="cfm-fast_3" eclass="HBEFA3/PC_G_EU4" CO2="13806.09" CO="215.41" HC="1.32" NOx="5.84" PMx="0.32" fuel="5.93" electricity="0.00" noise="74.92" route="routebottom" type="cfm-fast" waiting="0.00" lane="bottom_0" pos="22.47" speed="25.35" angle="54.00" x="108.18" y="11.47"/>
        <vehicle id="cfm-fast_4" eclass="HBEFA3/PC_G_EU4" CO2="205011.12" CO="7142.02" HC="37.91" NOx="94.93" PMx="6.58" fuel="88.13" electricity="0.00" noise="126.40" route="routetop" type="cfm-fast" waiting="0.00" lane="top_1" pos="0.59" speed="105.85" angle="273.42" x="62.43" y="128.95"/>
        <vehicle id="cfm-fast_5" eclass="HBEFA3/PC_G_EU4" CO2="14590.63" CO="237.45" HC="1.45" NOx="6.18" PMx="0.34" fuel="6.27" electricity="0.00" noise="75.57" route="routebottom" type="cfm-fast" waiting="0.00" lane="bottom_0" pos="38.96" speed="26.78" angle="24.42" x="128.16" y="40.30"/>
        <vehicle id="cfm-slow_0" eclass="HBEFA3/PC_G_EU4" CO2="11431.94" CO="179.67" HC="1.11" NOx="4.66" PMx="0.27" fuel="4.91" electricity="0.00" noise="74.70" route="routebottom" type="cfm-slow" waiting="0.00" lane="right_0" pos="6.91" speed="28.16" angle="351.97" x="130.63" y="78.52"/>
        <vehicle id="cfm-slow_1" eclass="HBEFA3/PC_G_EU4" CO2="0.00" CO="0.00" HC="0.00" NOx="0.00" PMx="0.00" fuel="0.00" electricity="0.00" noise="73.35" route="routebottom" type="cfm-slow" waiting="0.00" lane="right_0" pos="30.22" speed="28.94" angle="310.11" x="103.61" y="119.42"/>
        <vehicle id="cfm-slow_2" eclass="HBEFA3/PC_G_EU4" CO2="0.00" CO="0.00" HC="0.00" NOx="0.00" PMx="0.00" fuel="0.00" electricity="0.00" noise="72.30" route="routetop" type="cfm-slow" waiting="0.00" lane="top_0" pos="4.24" speed="28.82" angle="266.91" x="54.47" y="131.65"/>
        <vehicle id="cfm-slow_3" eclass="HBEFA3/PC_G_EU4" CO2="0.00" CO="0.00" HC="0.00" NOx="0.00" PMx="0.00" fuel="0.00" electricity="0.00" noise="71.47" route="routetop" type="cfm-slow" waiting="0.00" lane="top_0" pos="28.07" speed="27.84" angle="223.94" x="10.72" y="107.30"/>
        <vehicle id="cfm-slow_4" eclass="HBEFA3/PC_G_EU4" CO2="0.00" CO="0.00" HC="0.00" NOx="0.00" PMx="0.00" fuel="0.00" electricity="0.00" noise="70.73" route="routetop" type="cfm-slow" waiting="0.00" lane="left_0" pos="0.82" speed="26.35" angle="182.99" x="-4.91" y="61.81"/>
        <vehicle id="cfm-slow_5" eclass="HBEFA3/PC_G_EU4" CO2="0.00" CO="0.00" HC="0.00" NOx="0.00" PMx="0.00" fuel="0.00" electricity="0.00" noise="70.39" route="routetop" type="cfm-slow" waiting="0.00" lane="left_0" pos="22.05" speed="24.96" angle="144.79" x="10.88" y="19.85"/>
    </timestep>
    <timestep time="8.04">
        <vehicle id="cfm-fast_0" eclass="HBEFA3/PC_G_EU4" CO2="4757.97" CO="25.65" HC="0.23" NOx="1.60" PMx="0.08" fuel="2.05" electricity="0.00" noise="71.13" route="routetop" type="cfm-fast" waiting="0.00" lane="left_0" pos="42.14" speed="24.20" angle="108.61" x="46.84" y="-2.84"/>
        <vehicle id="cfm-fast_1" eclass="HBEFA3/PC_G_EU4" CO2="327981.39" CO="8984.13" HC="49.29" NOx="153.03" PMx="9.51" fuel="140.98" electricity="0.00" noise="148.01" route="routebottom" type="cfm-fast" waiting="0.00" lane="bottom_1" pos="13.90" speed="95.47" angle="69.49" x="91.29" y="4.48"/>
        <vehicle id="cfm-fast_2" eclass="HBEFA3/PC_G_EU4" CO2="10210.17" CO="138.30" HC="0.88" NOx="4.17" PMx="0.22" fuel="4.39" electricity="0.00" noise="73.07" route="routebottom" type="cfm-fast" waiting="0.00" lane="bottom_0" pos="7.32" speed="24.36" angle="81.22" x="79.37" y="-3.11"/>
        <vehicle id="cfm-fast_3" eclass="HBEFA3/PC_G_EU4" CO2="13814.29" CO="215.63" HC="1.33" NOx="5.85" PMx="0.32" fuel="5.94" electricity="0.00" noise="74.93" route="routebottom" type="cfm-fast" waiting="0.00" lane="bottom_0" pos="22.73" speed="25.37" angle="53.52" x="108.59" y="11.83"/>
        <vehicle id="cfm-fast_4" eclass="HBEFA3/PC_G_EU4" CO2="202872.24" CO="7101.21" HC="37.67" NOx="93.92" PMx="6.53" fuel="87.21" electricity="0.00" noise="126.06" route="routetop" type="cfm-fast" waiting="0.00" lane="top_1" pos="1.65" speed="105.90" angle="271.53" x="60.26" y="128.88"/>
        <vehicle id="cfm-fast_5" eclass="HBEFA3/PC_G_EU4" CO2="14562.54" CO="236.94" HC="1.44" NOx="6.17" PMx="0.34" fuel="6.26" electricity="0.00" noise="75.56" route="routebottom" type="cfm-fast" waiting="0.00" lane="bottom_0" pos="39.23" speed="26.80" angle="23.94" x="128.36" y="40.85"/>
        <vehicle id="cfm-slow_0" eclass="HBEFA3/PC_G_EU4" CO2="11373.94" CO="178.52" HC="1.10" NOx="4.63" PMx="0.26" fuel="4.89" electricity="0.00" noise="74.68" route="routebottom" type="cfm-slow" waiting="0.00" lane="right_0" pos="7.20" speed="28.17" angle="351.44" x="130.50" y="79.11"/>
        <vehicle id="cfm-slow_1" eclass="HBEFA3/PC_G_EU4" CO2="0.00" CO="0.00" HC="0.00" NOx="0.00" PMx="0.00" fuel="0.00" electricity="0.00" noise="73.34" route="routebottom" type="cfm-slow" waiting="0.00" lane="right_0" pos="30.51" speed="28.94" angle="309.57" x="103.11" y="119.78"/>
        <vehicle id="cfm-slow_2" eclass="HBEFA3/PC_G_EU4" CO2="0.00" CO="0.00" HC="0.00" NOx="0.00" PMx="0.00" fuel="0.00" electricity="0.00" noise="72.30" route="routetop" type="cfm-slow" waiting="0.00" lane="top_0" pos="4.53" speed="28.82" angle="266.38" x="53.86" y="131.56"/>
        <vehicle id="cfm-slow_3" eclass="HBEFA3/PC_G_EU4" CO2="0.00" CO="0.00" HC="0.00" NOx="0.00" PMx="0.00" fuel="0.00" electricity="0.00" noise="71.47" route="routetop" type="cfm-slow" waiting="0.00" lane="top_0" pos="28.34" speed="27.82" angle="223.50" x="10.34" y="106.83"/>
        <vehicle id="cfm-slow_4" eclass="HBEFA3/PC_G_EU4" CO2="0.00" CO="0.00" HC="0.00" NOx="0.00" PMx="0.00" fuel="0.00" electricity="0.00" noise="70.72" route="routetop" type="cfm-slow" waiting="0.00" lane="left_0" pos="1.08" speed="26.34" angle="182.52" x="-4.90" y="61.24"/>
        <vehicle id="cfm-slow_5" eclass="HBEFA3/PC_G_EU4" CO2="0.00" CO="0.00" HC="0.00" NOx="0.00" PMx="0.00" fuel="0.00" electricity="0.00" noise="70.39" route="routetop" type="cfm-slow" waiting="0.00" lane="left_0" pos="22.30" speed="24.95" angle="144.32" x="11.22" y="19.44"/>
    </timestep>
    <timestep time="8.05">
        <vehicle id="cfm-fast_0" eclass="HBEFA3/PC_G_EU4" CO2="4809.78" CO="26.72" HC="0.24" NOx="1.62" PMx="0.08" fuel="2.07" electricity="0.00" noise="71.14" route="routetop" type="cfm-fast" waiting="0.00" lane="left_0" pos="42.39" speed="24.20" angle="108.23" x="47.34" y="-2.97"/>
        <vehicle id="cfm-fast_1" eclass="HBEFA3/PC_G_EU4" CO2="326973.15" CO="8969.98" HC="49.21" NOx="152.55" PMx="9.48" fuel="140.55" electricity="0.00" noise="147.80" route="routebottom" type="cfm-fast" waiting="0.00" lane="bottom_1" pos="14.85" speed="95.58" angle="67.76" x="93.05" y="5.35"/>
        <vehicle id="cfm-fast_2" eclass="HBEFA3/PC_G_EU4" CO2="10244.97" CO="139.04" HC="0.89" NOx="4.19" PMx="0.22" fuel="4.40" electricity="0.00" noise="73.09" route="routebottom" type="cfm-fast" waiting="0.00" lane="bottom_0" pos="7.56" speed="24.37" angle="80.78" x="79.88" y="-3.00"/>
        <vehicle id="cfm-fast_3" eclass="HBEFA3/PC_G_EU4" CO2="13822.16" CO="215.85" HC="1.33" NOx="5.85" PMx="0.32" fuel="5.94" electricity="0.00" noise="74.93" route="routebottom" type="cfm-fast" waiting="0.00" lane="bottom_0" pos="22.98" speed="25.38" angle="53.06" x="109.01" y="12.18"/>
        <vehicle id="cfm-fast_4" eclass="HBEFA3/PC_G_EU4" CO2="200771.30" CO="7061.14" HC="37.44" NOx="92.93" PMx="6.47" fuel="86.30" electricity="0.00" noise="125.73" route="routetop" type="cfm-fast" waiting="0.00" lane="top_1" pos="2.71" speed="105.94" angle="269.65" x="58.09" y="128.74"/>
        <vehicle id="cfm-fast_5" eclass="HBEFA3/PC_G_EU4" CO2="14534.15" CO="236.42" HC="1.44" NOx="6.15" PMx="0.34" fuel="6.25" electricity="0.00" noise="75.55" route="routebottom" type="cfm-fast" waiting="0.00" lane="bottom_0" pos="39.50" speed="26.81" angle="23.45" x="128.55" y="41.39"/>
        <vehicle id="cfm-slow_0" eclass="HBEFA3/PC_G_EU4" CO2="11315.82" CO="177.38" HC="1.09" NOx="4.61" PMx="0.26" fuel="4.86" electricity="0.00" noise="74.67" route="routebottom" type="cfm-slow" waiting="0.00" lane="right_0" pos="7.48" speed="28.17" angle="350.91" x="130.37" y="79.70"/>
        <vehicle id="cfm-slow_1" eclass="HBEFA3/PC_G_EU4" CO2="0.00" CO="0.00" HC="0.00" NOx="0.00" PMx="0.00" fuel="0.00" electricity="0.00" noise="73.33" route="routebottom" type="cfm-slow" waiting="0.00" lane="right_0" pos="30.80" speed="28.94" angle="309.09" x="102.60" y="120.14"/>
        <vehicle id="cfm-slow_2" eclass="HBEFA3/PC_G_EU4" CO2="0.00" CO="0.00" HC="0.00" NOx="0.00" PMx="0.00" fuel="0.00" electricity="0.00" noise="72.29" route="routetop" type="cfm-slow" waiting="0.00" lane="top_0" pos="4.82" speed="28.81" angle="265.86" x="53.25" y="131.47"/>
        <vehicle id="cfm-slow_3" eclass="HBEFA3/PC_G_EU4" CO2="0.00" CO="0.00" HC="0.00" NOx="0.00" PMx="0.00" fuel="0.00" electricity="0.00" noise="71.46" route="routetop" type="cfm-slow" waiting="0.00" lane="top_0" pos="28.62" speed="27.81" angle="222.99" x="9.97" y="106.36"/>
        <vehicle id="cfm-slow_4" eclass="HBEFA3/PC_G_EU4" CO2="0.00" CO="0.00" HC="0.00" NOx="0.00" PMx="0.00" fuel="0.00" electricity="0.00" noise="70.72" route="routetop" type="cfm-slow" waiting="0.00" lane="left_0" pos="1.35" speed="26.32" angle="182.06" x="-4.88" y="60.67"/>
        <vehicle id="cfm-slow_5" eclass="HBEFA3/PC_G_EU4" CO2="0.00" CO="0.00" HC="0.00" NOx="0.00" PMx="0.00" fuel="0.00" electricity="0.00" noise="70.40" route="routetop" type="cfm-slow" waiting="0.00" lane="left_0" pos="22.55" speed="24.95" angle="143.86" x="11.57" y="19.03"/>
    </timestep>
    <timestep time="8.06">
        <vehicle id="cfm-fast_0" eclass="HBEFA3/PC_G_EU4" CO2="4861.45" CO="27.78" HC="0.25" NOx="1.65" PMx="0.08" fuel="2.09" electricity="0.00" noise="71.16" route="routetop" type="cfm-fast" waiting="0.00" lane="left_0" pos="42.63" speed="24.21" angle="107.80" x="47.85" y="-3.09"/>
        <vehicle id="cfm-fast_1" eclass="HBEFA3/PC_G_EU4" CO2="325953.63" CO="8955.58" HC="49.12" NOx="152.07" PMx="9.46" fuel="140.11" electricity="0.00" noise="147.60" route="routebottom" type="cfm-fast" waiting="0.00" lane="bottom_1" pos="15.81" speed="95.68" angle="66.06" x="94.79" y="6.25"/>
        <vehicle id="cfm-fast_2" eclass="HBEFA3/PC_G_EU4" CO2="10279.54" CO="139.78" HC="0.89" NOx="4.20" PMx="0.23" fuel="4.42" electricity="0.00" noise="73.11" route="routebottom" type="cfm-fast" waiting="0.00" lane="bottom_0" pos="7.81" speed="24.38" angle="80.37" x="80.39" y="-2.87"/>
        <vehicle id="cfm-fast_3" eclass="HBEFA3/PC_G_EU4" CO2="13829.72" CO="216.05" HC="1.33" NOx="5.85" PMx="0.32" fuel="5.94" electricity="0.00" noise="74.94" route="routebottom" type="cfm-fast" waiting="0.00" lane="bottom_0" pos="23.23" speed="25.40" angle="52.64" x="109.41" y="12.54"/>
        <vehicle id="cfm-fast_4" eclass="HBEFA3/PC_G_EU4" CO2="198707.66" CO="7021.77" HC="37.21" NOx="91.96" PMx="6.42" fuel="85.42" electricity="0.00" noise="125.40" route="routetop" type="cfm-fast" waiting="0.00" lane="top_1" pos="3.77" speed="105.98" angle="267.73" x="55.93" y="128.51"/>
        <vehicle id="cfm-fast_5" eclass="HBEFA3/PC_G_EU4" CO2="14505.48" CO="235.89" HC="1.44" NOx="6.14" PMx="0.34" fuel="6.24" electricity="0.00" noise="75.54" route="routebottom" type="cfm-fast" waiting="0.00" lane="bottom_0" pos="39.77" speed="26.83" angle="23.03" x="128.75" y="41.93"/>
        <vehicle id="cfm-slow_0" eclass="HBEFA3/PC_G_EU4" CO2="11257.60" CO="176.23" HC="1.09" NOx="4.58" PMx="0.26" fuel="4.84" electricity="0.00" noise="74.65" route="routebottom" type="cfm-slow" waiting="0.00" lane="right_0" pos="7.76" speed="28.18" angle="350.46" x="130.23" y="80.29"/>
        <vehicle id="cfm-slow_1" eclass="HBEFA3/PC_G_EU4" CO2="0.00" CO="0.00" HC="0.00" NOx="0.00" PMx="0.00" fuel="0.00" electricity="0.00" noise="73.31" route="routebottom" type="cfm-slow" waiting="0.00" lane="right_0" pos="31.09" speed="28.94" angle="308.57" x="102.09" y="120.49"/>
        <vehicle id="cfm-slow_2" eclass="HBEFA3/PC_G_EU4" CO2="0.00" CO="0.00" HC="0.00" NOx="0.00" PMx="0.00" fuel="0.00" electricity="0.00" noise="72.28" route="routetop" type="cfm-slow" waiting="0.00" lane="top_0" pos="5.11" speed="28.80" angle="265.30" x="52.63" y="131.39"/>
        <vehicle id="cfm-slow_3" eclass="HBEFA3/PC_G_EU4" CO2="0.00" CO="0.00" HC="0.00" NOx="0.00" PMx="0.00" fuel="0.00" electricity="0.00" noise="71.45" route="routetop" type="cfm-slow" waiting="0.00" lane="top_0" pos="28.90" speed="27.79" angle="222.48" x="9.60" y="105.89"/>
        <vehicle id="cfm-slow_4" eclass="HBEFA3/PC_G_EU4" CO2="0.00" CO="0.00" HC="0.00" NOx="0.00" PMx="0.00" fuel="0.00" electricity="0.00" noise="70.71" route="routetop" type="cfm-slow" waiting="0.00" lane="left_0" pos="1.61" speed="26.31" angle="181.59" x="-4.84" y="60.11"/>
        <vehicle id="cfm-slow_5" eclass="HBEFA3/PC_G_EU4" CO2="0.00" CO="0.00" HC="0.00" NOx="0.00" PMx="0.00" fuel="0.00" electricity="0.00" noise="70.40" route="routetop" type="cfm-slow" waiting="0.00" lane="left_0" pos="22.79" speed="24.94" angle="143.39" x="11.92" y="18.62"/>
    </timestep>
    <timestep time="8.07">
        <vehicle id="cfm-fast_0" eclass="HBEFA3/PC_G_EU4" CO2="4912.96" CO="28.85" HC="0.25" NOx="1.67" PMx="0.08" fuel="2.11" electricity="0.00" noise="71.17" route="routetop" type="cfm-fast" waiting="0.00" lane="left_0" pos="42.87" speed="24.21" angle="107.37" x="48.36" y="-3.21"/>
        <vehicle id="cfm-fast_1" eclass="HBEFA3/PC_G_EU4" CO2="324923.23" CO="8940.92" HC="49.02" NOx="151.58" PMx="9.44" fuel="139.67" electricity="0.00" noise="147.39" route="routebottom" type="cfm-fast" waiting="0.00" lane="bottom_1" pos="16.77" speed="95.79" angle="64.36" x="96.50" y="7.21"/>
        <vehicle id="cfm-fast_2" eclass="HBEFA3/PC_G_EU4" CO2="10313.86" CO="140.51" HC="0.90" NOx="4.22" PMx="0.23" fuel="4.43" electricity="0.00" noise="73.12" route="routebottom" type="cfm-fast" waiting="0.00" lane="bottom_0" pos="8.05" speed="24.39" angle="79.92" x="80.90" y="-2.73"/>
        <vehicle id="cfm-fast_3" eclass="HBEFA3/PC_G_EU4" CO2="13836.96" CO="216.25" HC="1.33" NOx="5.86" PMx="0.32" fuel="5.95" electricity="0.00" noise="74.95" route="routebottom" type="cfm-fast" waiting="0.00" lane="bottom_0" pos="23.49" speed="25.41" angle="52.19" x="109.82" y="12.92"/>
        <vehicle id="cfm-fast_4" eclass="HBEFA3/PC_G_EU4" CO2="196680.71" CO="6983.11" HC="36.98" NOx="91.00" PMx="6.37" fuel="84.54" electricity="0.00" noise="125.08" route="routetop" type="cfm-fast" waiting="0.00" lane="top_1" pos="4.83" speed="106.03" angle="265.82" x="53.77" y="128.21"/>
        <vehicle id="cfm-fast_5" eclass="HBEFA3/PC_G_EU4" CO2="14476.53" CO="235.36" HC="1.43" NOx="6.13" PMx="0.34" fuel="6.22" electricity="0.00" noise="75.53" route="routebottom" type="cfm-fast" waiting="0.00" lane="bottom_0" pos="40.04" speed="26.84" angle="22.52" x="128.92" y="42.48"/>
        <vehicle id="cfm-slow_0" eclass="HBEFA3/PC_G_EU4" CO2="11199.27" CO="175.07" HC="1.08" NOx="4.55" PMx="0.26" fuel="4.81" electricity="0.00" noise="74.63" route="routebottom" type="cfm-slow" waiting="0.00" lane="right_0" pos="8.04" speed="28.19" angle="349.94" x="130.07" y="80.87"/>
        <vehicle id="cfm-slow_1" eclass="HBEFA3/PC_G_EU4" CO2="0.00" CO="0.00" HC="0.00" NOx="0.00" PMx="0.00" fuel="0.00" electricity="0.00" noise="73.30" route="routebottom" type="cfm-slow" waiting="0.00" lane="right_0" pos="31.38" speed="28.94" angle="308.05" x="101.57" y="120.84"/>
        <vehicle id="cfm-slow_2" eclass="HBEFA3/PC_G_EU4" CO2="0.00" CO="0.00" HC="0.00" NOx="0.00" PMx="0.00" fuel="0.00" electricity="0.00" noise="72.27" route="routetop" type="cfm-slow" waiting="0.00" lane="top_0" pos="5.39" speed="28.79" angle="264.76" x="52.02" y="131.27"/>
        <vehicle id="cfm-slow_3" eclass="HBEFA3/PC_G_EU4" CO2="0.00" CO="0.00" HC="0.00" NOx="0.00" PMx="0.00" fuel="0.00" electricity="0.00" noise="71.45" route="routetop" type="cfm-slow" waiting="0.00" lane="top_0" pos="29.18" speed="27.78" angle="221.98" x="9.23" y="105.42"/>
        <vehicle id="cfm-slow_4" eclass="HBEFA3/PC_G_EU4" CO2="0.00" CO="0.00" HC="0.00" NOx="0.00" PMx="0.00" fuel="0.00" electricity="0.00" noise="70.71" route="routetop" type="cfm-slow" waiting="0.00" lane="left_0" pos="1.87" speed="26.30" angle="181.11" x="-4.81" y="59.54"/>
        <vehicle id="cfm-slow_5" eclass="HBEFA3/PC_G_EU4" CO2="0.00" CO="0.00" HC="0.00" NOx="0.00" PMx="0.00" fuel="0.00" electricity="0.00" noise="70.40" route="routetop" type="cfm-slow" waiting="0.00" lane="left_0" pos="23.04" speed="24.93" angle="142.98" x="12.27" y="18.21"/>
    </timestep>
    <timestep time="8.08">
        <vehicle id="cfm-fast_0" eclass="HBEFA3/PC_G_EU4" CO2="4964.32" CO="29.91" HC="0.26" NOx="1.70" PMx="0.09" fuel="2.13" electricity="0.00" noise="71.19" route="routetop" type="cfm-fast" waiting="0.00" lane="left_0" pos="43.11" speed="24.21" angle="106.94" x="48.87" y="-3.32"/>
        <vehicle id="cfm-fast_1" eclass="HBEFA3/PC_G_EU4" CO2="323882.34" CO="8926.02" HC="48.93" NOx="151.09" PMx="9.41" fuel="139.22" electricity="0.00" noise="147.18" route="routebottom" type="cfm-fast" waiting="0.00" lane="bottom_1" pos="17.73" speed="95.89" angle="62.54" x="98.19" y="8.23"/>
        <vehicle id="cfm-fast_2" eclass="HBEFA3/PC_G_EU4" CO2="10347.94" CO="141.24" HC="0.90" NOx="4.23" PMx="0.23" fuel="4.45" electricity="0.00" noise="73.14" route="routebottom" type="cfm-fast" waiting="0.00" lane="bottom_0" pos="8.30" speed="24.40" angle="79.47" x="81.40" y="-2.60"/>
        <vehicle id="cfm-fast_3" eclass="HBEFA3/PC_G_EU4" CO2="13843.88" CO="216.44" HC="1.33" NOx="5.86" PMx="0.32" fuel="5.95" electricity="0.00" noise="74.95" route="routebottom" type="cfm-fast" waiting="0.00" lane="bottom_0" pos="23.74" speed="25.42" angle="51.73" x="110.22" y="13.29"/>
        <vehicle id="cfm-fast_4" eclass="HBEFA3/PC_G_EU4" CO2="194689.82" CO="6945.13" HC="36.76" NOx="90.06" PMx="6.32" fuel="83.69" electricity="0.00" noise="124.77" route="routetop" type="cfm-fast" waiting="0.00" lane="top_1" pos="5.89" speed="106.07" angle="263.90" x="51.63" y="127.85"/>
        <vehicle id="cfm-fast_5" eclass="HBEFA3/PC_G_EU4" CO2="14447.29" CO="234.83" HC="1.43" NOx="6.11" PMx="0.34" fuel="6.21" electricity="0.00" noise="75.52" route="routebottom" type="cfm-fast" waiting="0.00" lane="bottom_0" pos="40.30" speed="26.85" angle="22.00" x="129.09" y="43.03"/>
        <vehicle id="cfm-slow_0" eclass="HBEFA3/PC_G_EU4" CO2="11140.83" CO="173.92" HC="1.07" NOx="4.52" PMx="0.26" fuel="4.79" electricity="0.00" noise="74.62" route="routebottom" type="cfm-slow" waiting="0.00" lane="right_0" pos="8.32" speed="28.20" angle="349.42" x="129.91" y="81.46"/>
        <vehicle id="cfm-slow_1" eclass="HBEFA3/PC_G_EU4" CO2="0.00" CO="0.00" HC="0.00" NOx="0.00" PMx="0.00" fuel="0.00" electricity="0.00" noise="73.29" route="routebottom" type="cfm-slow" waiting="0.00" lane="right_0" pos="31.67" speed="28.94" angle="307.53" x="101.05" y="121.18"/>
        <vehicle id="cfm-slow_2" eclass="HBEFA3/PC_G_EU4" CO2="0.00" CO="0.00" HC="0.00" NOx="0.00" PMx="0.00" fuel="0.00" electricity="0.00" noise="72.26" route="routetop" type="cfm-slow" waiting="0.00" lane="top_0" pos="5.68" speed="28.78" angle="264.22" x="51.41" y="131.16"/>
        <vehicle id="cfm-slow_3" eclass="HBEFA3/PC_G_EU4" CO2="0.00" CO="0.00" HC="0.00" NOx="0.00" PMx="0.00" fuel="0.00" electricity="0.00" noise="71.44" route="routetop" type="cfm-slow" waiting="0.00" lane="top_0" pos="29.45" speed="27.77" angle="221.51" x="8.87" y="104.95"/>
        <vehicle id="cfm-slow_4" eclass="HBEFA3/PC_G_EU4" CO2="0.00" CO="0.00" HC="0.00" NOx="0.00" PMx="0.00" fuel="0.00" electricity="0.00" noise="70.71" route="routetop" type="cfm-slow" waiting="0.00" lane="left_0" pos="2.14" speed="26.28" angle="180.64" x="-4.78" y="58.98"/>
        <vehicle id="cfm-slow_5" eclass="HBEFA3/PC_G_EU4" CO2="0.00" CO="0.00" HC="0.00" NOx="0.00" PMx="0.00" fuel="0.00" electricity="0.00" noise="70.41" route="routetop" type="cfm-slow" waiting="0.00" lane="left_0" pos="23.29" speed="24.92" angle="142.54" x="12.63" y="17.82"/>
    </timestep>
    <timestep time="8.09">
        <vehicle id="cfm-fast_0" eclass="HBEFA3/PC_G_EU4" CO2="5015.52" CO="30.97" HC="0.26" NOx="1.72" PMx="0.09" fuel="2.16" electricity="0.00" noise="71.20" route="routetop" type="cfm-fast" waiting="0.00" lane="left_0" pos="43.35" speed="24.21" angle="106.51" x="49.38" y="-3.44"/>
        <vehicle id="cfm-fast_1" eclass="HBEFA3/PC_G_EU4" CO2="322831.35" CO="8910.89" HC="48.84" NOx="150.59" PMx="9.39" fuel="138.77" electricity="0.00" noise="146.97" route="routebottom" type="cfm-fast" waiting="0.00" lane="bottom_1" pos="18.69" speed="96.00" angle="60.79" x="99.84" y="9.30"/>
        <vehicle id="cfm-fast_2" eclass="HBEFA3/PC_G_EU4" CO2="10381.78" CO="141.96" HC="0.90" NOx="4.25" PMx="0.23" fuel="4.46" electricity="0.00" noise="73.16" route="routebottom" type="cfm-fast" waiting="0.00" lane="bottom_0" pos="8.54" speed="24.41" angle="79.03" x="81.91" y="-2.46"/>
        <vehicle id="cfm-fast_3" eclass="HBEFA3/PC_G_EU4" CO2="13850.48" CO="216.63" HC="1.33" NOx="5.86" PMx="0.32" fuel="5.95" electricity="0.00" noise="74.96" route="routebottom" type="cfm-fast" waiting="0.00" lane="bottom_0" pos="24.00" speed="25.44" angle="51.27" x="110.62" y="13.66"/>
        <vehicle id="cfm-fast_4" eclass="HBEFA3/PC_G_EU4" CO2="192734.41" CO="6907.84" HC="36.54" NOx="89.14" PMx="6.27" fuel="82.85" electricity="0.00" noise="124.46" route="routetop" type="cfm-fast" waiting="0.00" lane="top_1" pos="6.95" speed="106.11" angle="261.96" x="49.50" y="127.41"/>
        <vehicle id="cfm-fast_5" eclass="HBEFA3/PC_G_EU4" CO2="14417.77" CO="234.28" HC="1.43" NOx="6.10" PMx="0.34" fuel="6.20" electricity="0.00" noise="75.51" route="routebottom" type="cfm-fast" waiting="0.00" lane="bottom_0" pos="40.57" speed="26.87" angle="21.49" x="129.26" y="43.59"/>
        <vehicle id="cfm-slow_0" eclass="HBEFA3/PC_G_EU4" CO2="11082.29" CO="172.76" HC="1.07" NOx="4.49" PMx="0.26" fuel="4.76" electricity="0.00" noise="74.60" route="routebottom" type="cfm-slow" waiting="0.00" lane="right_0" pos="8.61" speed="28.21" angle="348.91" x="129.76" y="82.05"/>
        <vehicle id="cfm-slow_1" eclass="HBEFA3/PC_G_EU4" CO2="0.00" CO="0.00" HC="0.00" NOx="0.00" PMx="0.00" fuel="0.00" electricity="0.00" noise="73.27" route="routebottom" type="cfm-slow" waiting="0.00" lane="right_0" pos="31.95" speed="28.93" angle="307.02" x="100.53" y="121.53"/>
        <vehicle id="cfm-slow_2" eclass="HBEFA3/PC_G_EU4" CO2="0.00" CO="0.00" HC="0.00" NOx="0.00" PMx="0.00" fuel="0.00" electricity="0.00" noise="72.25" route="routetop" type="cfm-slow" waiting="0.00" lane="top_0" pos="5.97" speed="28.77" angle="263.69" x="50.81" y="131.05"/>
        <vehicle id="cfm-slow_3" eclass="HBEFA3/PC_G_EU4" CO2="0.00" CO="0.00" HC="0.00" NOx="0.00" PMx="0.00" fuel="0.00" electricity="0.00" noise="71.43" route="routetop" type="cfm-slow" waiting="0.00" lane="top_0" pos="29.73" speed="27.75" angle="221.02" x="8.51" y="104.47"/>
        <vehicle id="cfm-slow_4" eclass="HBEFA3/PC_G_EU4" CO2="0.00" CO="0.00" HC="0.00" NOx="0.00" PMx="0.00" fuel="0.00" electricity="0.00" noise="70.70" route="routetop" type="cfm-slow" waiting="0.00" lane="left_0" pos="2.40" speed="26.27" angle="180.17" x="-4.75" y="58.41"/>
        <vehicle id="cfm-slow_5" eclass="HBEFA3/PC_G_EU4" CO2="0.00" CO="0.00" HC="0.00" NOx="0.00" PMx="0.00" fuel="0.00" electricity="0.00" noise="70.41" route="routetop" type="cfm-slow" waiting="0.00" lane="left_0" pos="23.54" speed="24.92" angle="142.09" x="12.99" y="17.42"/>
    </timestep>
    <timestep time="8.10">
        <vehicle id="cfm-fast_0" eclass="HBEFA3/PC_G_EU4" CO2="5066.57" CO="32.02" HC="0.27" NOx="1.75" PMx="0.09" fuel="2.18" electricity="0.00" noise="71.22" route="routetop" type="cfm-fast" waiting="0.00" lane="left_0" pos="43.60" speed="24.21" angle="106.13" x="49.88" y="-3.56"/>
        <vehicle id="cfm-fast_1" eclass="HBEFA3/PC_G_EU4" CO2="321770.61" CO="8895.52" HC="48.74" NOx="150.09" PMx="9.36" fuel="138.31" electricity="0.00" noise="146.76" route="routebottom" type="cfm-fast" waiting="0.00" lane="bottom_1" pos="19.65" speed="96.10" angle="59.07" x="101.46" y="10.42"/>
        <vehicle id="cfm-fast_2" eclass="HBEFA3/PC_G_EU4" CO2="10415.38" CO="142.68" HC="0.91" NOx="4.26" PMx="0.23" fuel="4.48" electricity="0.00" noise="73.18" route="routebottom" type="cfm-fast" waiting="0.00" lane="bottom_0" pos="8.78" speed="24.41" angle="78.58" x="82.42" y="-2.33"/>
        <vehicle id="cfm-fast_3" eclass="HBEFA3/PC_G_EU4" CO2="13856.76" CO="216.81" HC="1.33" NOx="5.87" PMx="0.32" fuel="5.96" electricity="0.00" noise="74.97" route="routebottom" type="cfm-fast" waiting="0.00" lane="bottom_0" pos="24.25" speed="25.45" angle="50.82" x="111.02" y="14.03"/>
        <vehicle id="cfm-fast_4" eclass="HBEFA3/PC_G_EU4" CO2="190813.87" CO="6871.21" HC="36.33" NOx="88.23" PMx="6.22" fuel="82.02" electricity="0.00" noise="124.16" route="routetop" type="cfm-fast" waiting="0.00" lane="top_1" pos="8.01" speed="106.15" angle="260.03" x="47.38" y="126.90"/>
        <vehicle id="cfm-fast_5" eclass="HBEFA3/PC_G_EU4" CO2="14387.96" CO="233.74" HC="1.42" NOx="6.08" PMx="0.34" fuel="6.18" electricity="0.00" noise="75.50" route="routebottom" type="cfm-fast" waiting="0.00" lane="bottom_0" pos="40.84" speed="26.88" angle="20.97" x="129.43" y="44.14"/>
        <vehicle id="cfm-slow_0" eclass="HBEFA3/PC_G_EU4" CO2="11023.65" CO="171.60" HC="1.06" NOx="4.47" PMx="0.26" fuel="4.74" electricity="0.00" noise="74.58" route="routebottom" type="cfm-slow" waiting="0.00" lane="right_0" pos="8.89" speed="28.22" angle="348.43" x="129.60" y="82.63"/>
        <vehicle id="cfm-slow_1" eclass="HBEFA3/PC_G_EU4" CO2="0.00" CO="0.00" HC="0.00" NOx="0.00" PMx="0.00" fuel="0.00" electricity="0.00" noise="73.26" route="routebottom" type="cfm-slow" waiting="0.00" lane="right_0" pos="32.24" speed="28.93" angle="306.54" x="100.01" y="121.86"/>
        <vehicle id="cfm-slow_2" eclass="HBEFA3/PC_G_EU4" CO2="0.00" CO="0.00" HC="0.00" NOx="0.00" PMx="0.00" fuel="0.00" electricity="0.00" noise="72.24" route="routetop" type="cfm-slow" waiting="0.00" lane="top_0" pos="6.26" speed="28.76" angle="263.16" x="50.20" y="130.94"/>
        <vehicle id="cfm-slow_3" eclass="HBEFA3/PC_G_EU4" CO2="0.00" CO="0.00" HC="0.00" NOx="0.00" PMx="0.00" fuel="0.00" electricity="0.00" noise="71.42" route="routetop" type="cfm-slow" waiting="0.00" lane="top_0" pos="30.01" speed="27.74" angle="220.50" x="8.17" y="103.98"/>
        <vehicle id="cfm-slow_4" eclass="HBEFA3/PC_G_EU4" CO2="0.00" CO="0.00" HC="0.00" NOx="0.00" PMx="0.00" fuel="0.00" electricity="0.00" noise="70.70" route="routetop" type="cfm-slow" waiting="0.00" lane="left_0" pos="2.66" speed="26.26" angle="179.72" x="-4.70" y="57.85"/>
        <vehicle id="cfm-slow_5" eclass="HBEFA3/PC_G_EU4" CO2="0.00" CO="0.00" HC="0.00" NOx="0.00" PMx="0.00" fuel="0.00" electricity="0.00" noise="70.41" route="routetop" type="cfm-slow" waiting="0.00" lane="left_0" pos="23.79" speed="24.91" angle="141.65" x="13.35" y="17.03"/>
    </timestep>
    <timestep time="8.11">
        <vehicle id="cfm-fast_0" eclass="HBEFA3/PC_G_EU4" CO2="5117.47" CO="33.07" HC="0.28" NOx="1.77" PMx="0.09" fuel="2.20" electricity="0.00" noise="71.23" route="routetop" type="cfm-fast" waiting="0.00" lane="left_0" pos="43.84" speed="24.21" angle="105.69" x="50.40" y="-3.65"/>
        <vehicle id="cfm-fast_1" eclass="HBEFA3/PC_G_EU4" CO2="320700.50" CO="8879.94" HC="48.64" NOx="149.59" PMx="9.34" fuel="137.85" electricity="0.00" noise="146.55" route="routebottom" type="cfm-fast" waiting="0.00" lane="bottom_1" pos="20.61" speed="96.20" angle="57.37" x="103.05" y="11.58"/>
        <vehicle id="cfm-fast_2" eclass="HBEFA3/PC_G_EU4" CO2="10448.73" CO="143.39" HC="0.91" NOx="4.28" PMx="0.23" fuel="4.49" electricity="0.00" noise="73.19" route="routebottom" type="cfm-fast" waiting="0.00" lane="bottom_0" pos="9.03" speed="24.42" angle="78.18" x="82.92" y="-2.18"/>
        <vehicle id="cfm-fast_3" eclass="HBEFA3/PC_G_EU4" CO2="13862.73" CO="216.99" HC="1.33" NOx="5.87" PMx="0.32" fuel="5.96" electricity="0.00" noise="74.97" route="routebottom" type="cfm-fast" waiting="0.00" lane="bottom_0" pos="24.51" speed="25.47" angle="50.40" x="111.42" y="14.41"/>
        <vehicle id="cfm-fast_4" eclass="HBEFA3/PC_G_EU4" CO2="188927.62" CO="6835.24" HC="36.12" NOx="87.34" PMx="6.17" fuel="81.21" electricity="0.00" noise="123.86" route="routetop" type="cfm-fast" waiting="0.00" lane="top_1" pos="9.07" speed="106.19" angle="258.19" x="45.28" y="126.33"/>
        <vehicle id="cfm-fast_5" eclass="HBEFA3/PC_G_EU4" CO2="14357.88" CO="233.18" HC="1.42" NOx="6.07" PMx="0.34" fuel="6.17" electricity="0.00" noise="75.49" route="routebottom" type="cfm-fast" waiting="0.00" lane="bottom_0" pos="41.11" speed="26.90" angle="20.54" x="129.60" y="44.69"/>
        <vehicle id="cfm-slow_0" eclass="HBEFA3/PC_G_EU4" CO2="10964.91" CO="170.43" HC="1.05" NOx="4.44" PMx="0.25" fuel="4.71" electricity="0.00" noise="74.56" route="routebottom" type="cfm-slow" waiting="0.00" lane="right_0" pos="9.17" speed="28.22" angle="347.94" x="129.42" y="83.21"/>
        <vehicle id="cfm-slow_1" eclass="HBEFA3/PC_G_EU4" CO2="0.00" CO="0.00" HC="0.00" NOx="0.00" PMx="0.00" fuel="0.00" electricity="0.00" noise="73.25" route="routebottom" type="cfm-slow" waiting="0.00" lane="right_0" pos="32.53" speed="28.93" angle="305.99" x="99.47" y="122.18"/>
        <vehicle id="cfm-slow_2" eclass="HBEFA3/PC_G_EU4" CO2="0.00" CO="0.00" HC="0.00" NOx="0.00" PMx="0.00" fuel="0.00" electricity="0.00" noise="72.23" route="routetop" type="cfm-slow" waiting="0.00" lane="top_0" pos="6.54" speed="28.75" angle="262.67" x="49.59" y="130.81"/>
        <vehicle id="cfm-slow_3" eclass="HBEFA3/PC_G_EU4" CO2="0.00" CO="0.00" HC="0.00" NOx="0.00" PMx="0.00" fuel="0.00" electricity="0.00" noise="71.42" route="routetop" type="cfm-slow" waiting="0.00" lane="top_0" pos="30.29" speed="27.72" angle="219.99" x="7.82" y="103.50"/>
        <vehicle id="cfm-slow_4" eclass="HBEFA3/PC_G_EU4" CO2="0.00" CO="0.00" HC="0.00" NOx="0.00" PMx="0.00" fuel="0.00" electricity="0.00" noise="70.69" route="routetop" type="cfm-slow" waiting="0.00" lane="left_0" pos="2.92" speed="26.24" angle="179.25" x="-4.64" y="57.29"/>
        <vehicle id="cfm-slow_5" eclass="HBEFA3/PC_G_EU4" CO2="0.00" CO="0.00" HC="0.00" NOx="0.00" PMx="0.00" fuel="0.00" electricity="0.00" noise="70.42" route="routetop" type="cfm-slow" waiting="0.00" lane="left_0" pos="24.04" speed="24.90" angle="141.20" x="13.72" y="16.63"/>
    </timestep>
    <timestep time="8.12">
        <vehicle id="cfm-fast_0" eclass="HBEFA3/PC_G_EU4" CO2="5168.20" CO="34.12" HC="0.28" NOx="1.79" PMx="0.09" fuel="2.22" electricity="0.00" noise="71.25" route="routetop" type="cfm-fast" waiting="0.00" lane="left_0" pos="44.08" speed="24.22" angle="105.24" x="50.91" y="-3.75"/>
        <vehicle id="cfm-fast_1" eclass="HBEFA3/PC_G_EU4" CO2="319621.38" CO="8864.14" HC="48.55" NOx="149.08" PMx="9.31" fuel="137.39" electricity="0.00" noise="146.34" route="routebottom" type="cfm-fast" waiting="0.00" lane="bottom_1" pos="21.57" speed="96.31" angle="55.61" x="104.61" y="12.80"/>
        <vehicle id="cfm-fast_2" eclass="HBEFA3/PC_G_EU4" CO2="10481.84" CO="144.10" HC="0.92" NOx="4.30" PMx="0.23" fuel="4.51" electricity="0.00" noise="73.21" route="routebottom" type="cfm-fast" waiting="0.00" lane="bottom_0" pos="9.27" speed="24.43" angle="77.73" x="83.43" y="-2.03"/>
        <vehicle id="cfm-fast_3" eclass="HBEFA3/PC_G_EU4" CO2="13868.37" CO="217.15" HC="1.33" NOx="5.87" PMx="0.32" fuel="5.96" electricity="0.00" noise="74.98" route="routebottom" type="cfm-fast" waiting="0.00" lane="bottom_0" pos="24.76" speed="25.48" angle="49.92" x="111.81" y="14.80"/>
        <vehicle id="cfm-fast_4" eclass="HBEFA3/PC_G_EU4" CO2="187075.08" CO="6799.91" HC="35.91" NOx="86.47" PMx="6.12" fuel="80.42" electricity="0.00" noise="123.57" route="routetop" type="cfm-fast" waiting="0.00" lane="top_1" pos="10.13" speed="106.23" angle="256.25" x="43.20" y="125.69"/>
        <vehicle id="cfm-fast_5" eclass="HBEFA3/PC_G_EU4" CO2="14327.52" CO="232.62" HC="1.42" NOx="6.05" PMx="0.34" fuel="6.16" electricity="0.00" noise="75.48" route="routebottom" type="cfm-fast" waiting="0.00" lane="bottom_0" pos="41.38" speed="26.91" angle="20.05" x="129.75" y="45.25"/>
        <vehicle id="cfm-slow_0" eclass="HBEFA3/PC_G_EU4" CO2="10906.08" CO="169.27" HC="1.05" NOx="4.41" PMx="0.25" fuel="4.69" electricity="0.00" noise="74.55" route="routebottom" type="cfm-slow" waiting="0.00" lane="right_0" pos="9.45" speed="28.23" angle="347.43" x="129.25" y="83.79"/>
        <vehicle id="cfm-slow_1" eclass="HBEFA3/PC_G_EU4" CO2="0.00" CO="0.00" HC="0.00" NOx="0.00" PMx="0.00" fuel="0.00" electricity="0.00" noise="73.23" route="routebottom" type="cfm-slow" waiting="0.00" lane="right_0" pos="32.82" speed="28.93" angle="305.44" x="98.94" y="122.50"/>
        <vehicle id="cfm-slow_2" eclass="HBEFA3/PC_G_EU4" CO2="0.00" CO="0.00" HC="0.00" NOx="0.00" PMx="0.00" fuel="0.00" electricity="0.00" noise="72.23" route="routetop" type="cfm-slow" waiting="0.00" lane="top_0" pos="6.83" speed="28.74" angle="262.13" x="48.99" y="130.68"/>
        <vehicle id="cfm-slow_3" eclass="HBEFA3/PC_G_EU4" CO2="0.00" CO="0.00" HC="0.00" NOx="0.00" PMx="0.00" fuel="0.00" electricity="0.00" noise="71.41" route="routetop" type="cfm-slow" waiting="0.00" lane="top_0" pos="30.56" speed="27.71" angle="219.47" x="7.47" y="103.02"/>
        <vehicle id="cfm-slow_4" eclass="HBEFA3/PC_G_EU4" CO2="0.00" CO="0.00" HC="0.00" NOx="0.00" PMx="0.00" fuel="0.00" electricity="0.00" noise="70.69" route="routetop" type="cfm-slow" waiting="0.00" lane="left_0" pos="3.19" speed="26.23" angle="178.78" x="-4.59" y="56.73"/>
        <vehicle id="cfm-slow_5" eclass="HBEFA3/PC_G_EU4" CO2="0.00" CO="0.00" HC="0.00" NOx="0.00" PMx="0.00" fuel="0.00" electricity="0.00" noise="70.42" route="routetop" type="cfm-slow" waiting="0.00" lane="left_0" pos="24.29" speed="24.89" angle="140.78" x="14.08" y="16.24"/>
    </timestep>
    <timestep time="8.13">
        <vehicle id="cfm-fast_0" eclass="HBEFA3/PC_G_EU4" CO2="5218.79" CO="35.17" HC="0.29" NOx="1.82" PMx="0.09" fuel="2.24" electricity="0.00" noise="71.26" route="routetop" type="cfm-fast" waiting="0.00" lane="left_0" pos="44.32" speed="24.22" angle="104.79" x="51.42" y="-3.84"/>
        <vehicle id="cfm-fast_1" eclass="HBEFA3/PC_G_EU4" CO2="318533.61" CO="8848.13" HC="48.45" NOx="148.56" PMx="9.29" fuel="136.92" electricity="0.00" noise="146.12" route="routebottom" type="cfm-fast" waiting="0.00" lane="bottom_1" pos="22.54" speed="96.41" angle="53.91" x="106.13" y="14.06"/>
        <vehicle id="cfm-fast_2" eclass="HBEFA3/PC_G_EU4" CO2="10514.70" CO="144.81" HC="0.92" NOx="4.31" PMx="0.23" fuel="4.52" electricity="0.00" noise="73.23" route="routebottom" type="cfm-fast" waiting="0.00" lane="bottom_0" pos="9.52" speed="24.44" angle="77.28" x="83.93" y="-1.87"/>
        <vehicle id="cfm-fast_3" eclass="HBEFA3/PC_G_EU4" CO2="13873.69" CO="217.31" HC="1.33" NOx="5.87" PMx="0.32" fuel="5.96" electricity="0.00" noise="74.98" route="routebottom" type="cfm-fast" waiting="0.00" lane="bottom_0" pos="25.02" speed="25.50" angle="49.45" x="112.19" y="15.18"/>
        <vehicle id="cfm-fast_4" eclass="HBEFA3/PC_G_EU4" CO2="185255.69" CO="6765.22" HC="35.71" NOx="85.61" PMx="6.08" fuel="79.63" electricity="0.00" noise="123.28" route="routetop" type="cfm-fast" waiting="0.00" lane="top_1" pos="11.20" speed="106.27" angle="254.24" x="41.15" y="124.95"/>
        <vehicle id="cfm-fast_5" eclass="HBEFA3/PC_G_EU4" CO2="14296.88" CO="232.06" HC="1.41" NOx="6.04" PMx="0.34" fuel="6.15" electricity="0.00" noise="75.47" route="routebottom" type="cfm-fast" waiting="0.00" lane="bottom_0" pos="41.65" speed="26.92" angle="19.56" x="129.90" y="45.81"/>
        <vehicle id="cfm-slow_0" eclass="HBEFA3/PC_G_EU4" CO2="10847.16" CO="168.10" HC="1.04" NOx="4.38" PMx="0.25" fuel="4.66" electricity="0.00" noise="74.53" route="routebottom" type="cfm-slow" waiting="0.00" lane="right_0" pos="9.73" speed="28.24" angle="346.92" x="129.07" y="84.37"/>
        <vehicle id="cfm-slow_1" eclass="HBEFA3/PC_G_EU4" CO2="0.00" CO="0.00" HC="0.00" NOx="0.00" PMx="0.00" fuel="0.00" electricity="0.00" noise="73.22" route="routebottom" type="cfm-slow" waiting="0.00" lane="right_0" pos="33.11" speed="28.93" angle="304.89" x="98.40" y="122.82"/>
        <vehicle id="cfm-slow_2" eclass="HBEFA3/PC_G_EU4" CO2="0.00" CO="0.00" HC="0.00" NOx="0.00" PMx="0.00" fuel="0.00" electricity="0.00" noise="72.22" route="routetop" type="cfm-slow" waiting="0.00" lane="top_0" pos="7.12" speed="28.73" angle="261.59" x="48.39" y="130.54"/>
        <vehicle id="cfm-slow_3" eclass="HBEFA3/PC_G_EU4" CO2="0.00" CO="0.00" HC="0.00" NOx="0.00" PMx="0.00" fuel="0.00" electricity="0.00" noise="71.40" route="routetop" type="cfm-slow" waiting="0.00" lane="top_0" pos="30.84" speed="27.69" angle="219.02" x="7.13" y="102.53"/>
        <vehicle id="cfm-slow_4" eclass="HBEFA3/PC_G_EU4" CO2="0.00" CO="0.00" HC="0.00" NOx="0.00" PMx="0.00" fuel="0.00" electricity="0.00" noise="70.69" route="routetop" type="cfm-slow" waiting="0.00" lane="left_0" pos="3.45" speed="26.22" angle="178.31" x="-4.53" y="56.17"/>
        <vehicle id="cfm-slow_5" eclass="HBEFA3/PC_G_EU4" CO2="0.00" CO="0.00" HC="0.00" NOx="0.00" PMx="0.00" fuel="0.00" electricity="0.00" noise="70.43" route="routetop" type="cfm-slow" waiting="0.00" lane="left_0" pos="24.54" speed="24.89" angle="140.35" x="14.45" y="15.86"/>
    </timestep>
    <timestep time="8.14">
        <vehicle id="cfm-fast_0" eclass="HBEFA3/PC_G_EU4" CO2="5269.21" CO="36.21" HC="0.30" NOx="1.84" PMx="0.09" fuel="2.27" electricity="0.00" noise="71.28" route="routetop" type="cfm-fast" waiting="0.00" lane="left_0" pos="44.56" speed="24.22" angle="104.35" x="51.93" y="-3.94"/>
        <vehicle id="cfm-fast_1" eclass="HBEFA3/PC_G_EU4" CO2="317437.52" CO="8831.92" HC="48.35" NOx="148.04" PMx="9.26" fuel="136.45" electricity="0.00" noise="145.91" route="routebottom" type="cfm-fast" waiting="0.00" lane="bottom_1" pos="23.50" speed="96.51" angle="52.23" x="107.62" y="15.37"/>
        <vehicle id="cfm-fast_2" eclass="HBEFA3/PC_G_EU4" CO2="10547.32" CO="145.51" HC="0.92" NOx="4.33" PMx="0.23" fuel="4.53" electricity="0.00" noise="73.24" route="routebottom" type="cfm-fast" waiting="0.00" lane="bottom_0" pos="9.76" speed="24.45" angle="76.83" x="84.43" y="-1.72"/>
        <vehicle id="cfm-fast_3" eclass="HBEFA3/PC_G_EU4" CO2="13878.70" CO="217.47" HC="1.34" NOx="5.87" PMx="0.32" fuel="5.97" electricity="0.00" noise="74.99" route="routebottom" type="cfm-fast" waiting="0.00" lane="bottom_0" pos="25.27" speed="25.51" angle="48.98" x="112.58" y="15.57"/>
        <vehicle id="cfm-fast_4" eclass="HBEFA3/PC_G_EU4" CO2="183468.88" CO="6731.15" HC="35.51" NOx="84.76" PMx="6.03" fuel="78.87" electricity="0.00" noise="123.00" route="routetop" type="cfm-fast" waiting="0.00" lane="top_1" pos="12.26" speed="106.31" angle="252.39" x="39.12" y="124.17"/>
        <vehicle id="cfm-fast_5" eclass="HBEFA3/PC_G_EU4" CO2="14265.96" CO="231.49" HC="1.41" NOx="6.02" PMx="0.34" fuel="6.13" electricity="0.00" noise="75.46" route="routebottom" type="cfm-fast" waiting="0.00" lane="bottom_0" pos="41.92" speed="26.94" angle="19.07" x="130.05" y="46.37"/>
        <vehicle id="cfm-slow_0" eclass="HBEFA3/PC_G_EU4" CO2="10788.15" CO="166.93" HC="1.03" NOx="4.36" PMx="0.25" fuel="4.64" electricity="0.00" noise="74.51" route="routebottom" type="cfm-slow" waiting="0.00" lane="right_0" pos="10.02" speed="28.25" angle="346.41" x="128.89" y="84.96"/>
        <vehicle id="cfm-slow_1" eclass="HBEFA3/PC_G_EU4" CO2="0.00" CO="0.00" HC="0.00" NOx="0.00" PMx="0.00" fuel="0.00" electricity="0.00" noise="73.21" route="routebottom" type="cfm-slow" waiting="0.00" lane="right_0" pos="33.40" speed="28.93" angle="304.41" x="97.87" y="123.13"/>
        <vehicle id="cfm-slow_2" eclass="HBEFA3/PC_G_EU4" CO2="0.00" CO="0.00" HC="0.00" NOx="0.00" PMx="0.00" fuel="0.00" electricity="0.00" noise="72.21" route="routetop" type="cfm-slow" waiting="0.00" lane="top_0" pos="7.41" speed="28.72" angle="261.05" x="47.78" y="130.40"/>
        <vehicle id="cfm-slow_3" eclass="HBEFA3/PC_G_EU4" CO2="0.00" CO="0.00" HC="0.00" NOx="0.00" PMx="0.00" fuel="0.00" electricity="0.00" noise="71.40" route="routetop" type="cfm-slow" waiting="0.00" lane="top_0" pos="31.12" speed="27.68" angle="218.52" x="6.80" y="102.03"/>
        <vehicle id="cfm-slow_4" eclass="HBEFA3/PC_G_EU4" CO2="0.00" CO="0.00" HC="0.00" NOx="0.00" PMx="0.00" fuel="0.00" electricity="0.00" noise="70.68" route="routetop" type="cfm-slow" waiting="0.00" lane="left_0" pos="3.71" speed="26.20" angle="177.84" x="-4.47" y="55.61"/>
        <vehicle id="cfm-slow_5" eclass="HBEFA3/PC_G_EU4" CO2="0.00" CO="0.00" HC="0.00" NOx="0.00" PMx="0.00" fuel="0.00" electricity="0.00" noise="70.43" route="routetop" type="cfm-slow" waiting="0.00" lane="left_0" pos="24.79" speed="24.88" angle="139.90" x="14.83" y="15.48"/>
    </timestep>
    <timestep time="8.15">
        <vehicle id="cfm-fast_0" eclass="HBEFA3/PC_G_EU4" CO2="5319.47" CO="37.25" HC="0.30" NOx="1.86" PMx="0.10" fuel="2.29" electricity="0.00" noise="71.29" route="routetop" type="cfm-fast" waiting="0.00" lane="left_0" pos="44.81" speed="24.22" angle="103.92" x="52.45" y="-4.03"/>
        <vehicle id="cfm-fast_1" eclass="HBEFA3/PC_G_EU4" CO2="316333.46" CO="8815.52" HC="48.24" NOx="147.52" PMx="9.23" fuel="135.98" electricity="0.00" noise="145.69" route="routebottom" type="cfm-fast" waiting="0.00" lane="bottom_1" pos="24.47" speed="96.61" angle="50.53" x="109.07" y="16.72"/>
        <vehicle id="cfm-fast_2" eclass="HBEFA3/PC_G_EU4" CO2="10579.69" CO="146.20" HC="0.93" NOx="4.34" PMx="0.23" fuel="4.55" electricity="0.00" noise="73.26" route="routebottom" type="cfm-fast" waiting="0.00" lane="bottom_0" pos="10.01" speed="24.46" angle="76.38" x="84.93" y="-1.56"/>
        <vehicle id="cfm-fast_3" eclass="HBEFA3/PC_G_EU4" CO2="13883.39" CO="217.62" HC="1.34" NOx="5.88" PMx="0.32" fuel="5.97" electricity="0.00" noise="74.99" route="routebottom" type="cfm-fast" waiting="0.00" lane="bottom_0" pos="25.53" speed="25.52" angle="48.51" x="112.97" y="15.96"/>
        <vehicle id="cfm-fast_4" eclass="HBEFA3/PC_G_EU4" CO2="181714.11" CO="6697.70" HC="35.31" NOx="83.94" PMx="5.99" fuel="78.11" electricity="0.00" noise="122.73" route="routetop" type="cfm-fast" waiting="0.00" lane="top_1" pos="13.32" speed="106.35" angle="250.51" x="37.11" y="123.32"/>
        <vehicle id="cfm-fast_5" eclass="HBEFA3/PC_G_EU4" CO2="14234.77" CO="230.91" HC="1.41" NOx="6.01" PMx="0.34" fuel="6.12" electricity="0.00" noise="75.45" route="routebottom" type="cfm-fast" waiting="0.00" lane="bottom_0" pos="42.19" speed="26.95" angle="18.57" x="130.20" y="46.93"/>
        <vehicle id="cfm-slow_0" eclass="HBEFA3/PC_G_EU4" CO2="10729.06" CO="165.76" HC="1.03" NOx="4.33" PMx="0.25" fuel="4.61" electricity="0.00" noise="74.50" route="routebottom" type="cfm-slow" waiting="0.00" lane="right_0" pos="10.30" speed="28.25" angle="345.96" x="128.70" y="85.53"/>
        <vehicle id="cfm-slow_1" eclass="HBEFA3/PC_G_EU4" CO2="0.00" CO="0.00" HC="0.00" NOx="0.00" PMx="0.00" fuel="0.00" electricity="0.00" noise="73.19" route="routebottom" type="cfm-slow" waiting="0.00" lane="right_0" pos="33.69" speed="28.93" angle="303.88" x="97.32" y="123.43"/>
        <vehicle id="cfm-slow_2" eclass="HBEFA3/PC_G_EU4" CO2="0.00" CO="0.00" HC="0.00" NOx="0.00" PMx="0.00" fuel="0.00" electricity="0.00" noise="72.20" route="routetop" type="cfm-slow" waiting="0.00" lane="top_0" pos="7.69" speed="28.71" angle="260.58" x="47.18" y="130.26"/>
        <vehicle id="cfm-slow_3" eclass="HBEFA3/PC_G_EU4" CO2="0.00" CO="0.00" HC="0.00" NOx="0.00" PMx="0.00" fuel="0.00" electricity="0.00" noise="71.39" route="routetop" type="cfm-slow" waiting="0.00" lane="top_0" pos="31.39" speed="27.67" angle="218.02" x="6.47" y="101.54"/>
        <vehicle id="cfm-slow_4" eclass="HBEFA3/PC_G_EU4" CO2="0.00" CO="0.00" HC="0.00" NOx="0.00" PMx="0.00" fuel="0.00" electricity="0.00" noise="70.68" route="routetop" type="cfm-slow" waiting="0.00" lane="left_0" pos="3.97" speed="26.19" angle="177.39" x="-4.40" y="55.05"/>
        <vehicle id="cfm-slow_5" eclass="HBEFA3/PC_G_EU4" CO2="0.00" CO="0.00" HC="0.00" NOx="0.00" PMx="0.00" fuel="0.00" electricity="0.00" noise="70.43" route="routetop" type="cfm-slow" waiting="0.00" lane="left_0" pos="25.04" speed="24.87" angle="139.44" x="15.21" y="15.10"/>
    </timestep>
    <timestep time="8.16">
        <vehicle id="cfm-fast_0" eclass="HBEFA3/PC_G_EU4" CO2="5369.57" CO="38.29" HC="0.31" NOx="1.89" PMx="0.10" fuel="2.31" electricity="0.00" noise="71.31" route="routetop" type="cfm-fast" waiting="0.00" lane="left_0" pos="45.05" speed="24.22" angle="103.52" x="52.96" y="-4.11"/>
        <vehicle id="cfm-fast_1" eclass="HBEFA3/PC_G_EU4" CO2="315221.77" CO="8798.93" HC="48.14" NOx="147.00" PMx="9.21" fuel="135.50" electricity="0.00" noise="145.48" route="routebottom" type="cfm-fast" waiting="0.00" lane="bottom_1" pos="25.44" speed="96.71" angle="48.70" x="110.46" y="18.12"/>
        <vehicle id="cfm-fast_2" eclass="HBEFA3/PC_G_EU4" CO2="10611.81" CO="146.89" HC="0.93" NOx="4.36" PMx="0.23" fuel="4.56" electricity="0.00" noise="73.28" route="routebottom" type="cfm-fast" waiting="0.00" lane="bottom_0" pos="10.25" speed="24.48" angle="76.01" x="85.44" y="-1.41"/>
        <vehicle id="cfm-fast_3" eclass="HBEFA3/PC_G_EU4" CO2="13887.76" CO="217.76" HC="1.34" NOx="5.88" PMx="0.32" fuel="5.97" electricity="0.00" noise="75.00" route="routebottom" type="cfm-fast" waiting="0.00" lane="bottom_0" pos="25.78" speed="25.54" angle="48.10" x="113.35" y="16.36"/>
        <vehicle id="cfm-fast_4" eclass="HBEFA3/PC_G_EU4" CO2="179990.82" CO="6664.85" HC="35.12" NOx="83.12" PMx="5.94" fuel="77.37" electricity="0.00" noise="122.46" route="routetop" type="cfm-fast" waiting="0.00" lane="top_1" pos="14.39" speed="106.38" angle="248.59" x="35.13" y="122.40"/>
        <vehicle id="cfm-fast_5" eclass="HBEFA3/PC_G_EU4" CO2="14203.31" CO="230.32" HC="1.40" NOx="5.99" PMx="0.33" fuel="6.11" electricity="0.00" noise="75.44" route="routebottom" type="cfm-fast" waiting="0.00" lane="bottom_0" pos="42.46" speed="26.96" angle="18.14" x="130.34" y="47.50"/>
        <vehicle id="cfm-slow_0" eclass="HBEFA3/PC_G_EU4" CO2="10669.89" CO="164.58" HC="1.02" NOx="4.30" PMx="0.25" fuel="4.59" electricity="0.00" noise="74.48" route="routebottom" type="cfm-slow" waiting="0.00" lane="right_0" pos="10.58" speed="28.26" angle="345.43" x="128.49" y="86.11"/>
        <vehicle id="cfm-slow_1" eclass="HBEFA3/PC_G_EU4" CO2="0.00" CO="0.00" HC="0.00" NOx="0.00" PMx="0.00" fuel="0.00" electricity="0.00" noise="73.18" route="routebottom" type="cfm-slow" waiting="0.00" lane="right_0" pos="33.98" speed="28.93" angle="303.36" x="96.78" y="123.74"/>
        <vehicle id="cfm-slow_2" eclass="HBEFA3/PC_G_EU4" CO2="0.00" CO="0.00" HC="0.00" NOx="0.00" PMx="0.00" fuel="0.00" electricity="0.00" noise="72.19" route="routetop" type="cfm-slow" waiting="0.00" lane="top_0" pos="7.98" speed="28.70" angle="260.06" x="46.58" y="130.10"/>
        <vehicle id="cfm-slow_3" eclass="HBEFA3/PC_G_EU4" CO2="0.00" CO="0.00" HC="0.00" NOx="0.00" PMx="0.00" fuel="0.00" electricity="0.00" noise="71.38" route="routetop" type="cfm-slow" waiting="0.00" lane="top_0" pos="31.67" speed="27.65" angle="217.53" x="6.14" y="101.04"/>
        <vehicle id="cfm-slow_4" eclass="HBEFA3/PC_G_EU4" CO2="0.00" CO="0.00" HC="0.00" NOx="0.00" PMx="0.00" fuel="0.00" electricity="0.00" noise="70.67" route="routetop" type="cfm-slow" waiting="0.00" lane="left_0" pos="4.23" speed="26.18" angle="176.92" x="-4.32" y="54.49"/>
        <vehicle id="cfm-slow_5" eclass="HBEFA3/PC_G_EU4" CO2="0.00" CO="0.00" HC="0.00" NOx="0.00" PMx="0.00" fuel="0.00" electricity="0.00" noise="70.44" route="routetop" type="cfm-slow" waiting="0.00" lane="left_0" pos="25.28" speed="24.87" angle="138.98" x="15.59" y="14.72"/>
    </timestep>
    <timestep time="8.17">
        <vehicle id="cfm-fast_0" eclass="HBEFA3/PC_G_EU4" CO2="5419.51" CO="39.32" HC="0.31" NOx="1.91" PMx="0.10" fuel="2.33" electricity="0.00" noise="71.33" route="routetop" type="cfm-fast" waiting="0.00" lane="left_0" pos="45.29" speed="24.22" angle="103.07" x="53.48" y="-4.18"/>
        <vehicle id="cfm-fast_1" eclass="HBEFA3/PC_G_EU4" CO2="314102.77" CO="8782.17" HC="48.04" NOx="146.47" PMx="9.18" fuel="135.02" electricity="0.00" noise="145.26" route="routebottom" type="cfm-fast" waiting="0.00" lane="bottom_1" pos="26.40" speed="96.81" angle="46.99" x="111.82" y="19.57"/>
        <vehicle id="cfm-fast_2" eclass="HBEFA3/PC_G_EU4" CO2="10643.68" CO="147.57" HC="0.94" NOx="4.37" PMx="0.23" fuel="4.58" electricity="0.00" noise="73.29" route="routebottom" type="cfm-fast" waiting="0.00" lane="bottom_0" pos="10.50" speed="24.49" angle="75.55" x="85.93" y="-1.23"/>
        <vehicle id="cfm-fast_3" eclass="HBEFA3/PC_G_EU4" CO2="13891.81" CO="217.90" HC="1.34" NOx="5.88" PMx="0.32" fuel="5.97" electricity="0.00" noise="75.00" route="routebottom" type="cfm-fast" waiting="0.00" lane="bottom_0" pos="26.04" speed="25.55" angle="47.63" x="113.72" y="16.76"/>
        <vehicle id="cfm-fast_4" eclass="HBEFA3/PC_G_EU4" CO2="178298.48" CO="6632.59" HC="34.93" NOx="82.32" PMx="5.90" fuel="76.64" electricity="0.00" noise="122.19" route="routetop" type="cfm-fast" waiting="0.00" lane="top_1" pos="15.45" speed="106.42" angle="246.69" x="33.18" y="121.42"/>
        <vehicle id="cfm-fast_5" eclass="HBEFA3/PC_G_EU4" CO2="14171.57" CO="229.74" HC="1.40" NOx="5.98" PMx="0.33" fuel="6.09" electricity="0.00" noise="75.43" route="routebottom" type="cfm-fast" waiting="0.00" lane="bottom_0" pos="42.73" speed="26.98" angle="17.65" x="130.47" y="48.06"/>
        <vehicle id="cfm-slow_0" eclass="HBEFA3/PC_G_EU4" CO2="10610.63" CO="163.41" HC="1.01" NOx="4.27" PMx="0.25" fuel="4.56" electricity="0.00" noise="74.47" route="routebottom" type="cfm-slow" waiting="0.00" lane="right_0" pos="10.87" speed="28.27" angle="344.89" x="128.29" y="86.68"/>
        <vehicle id="cfm-slow_1" eclass="HBEFA3/PC_G_EU4" CO2="0.00" CO="0.00" HC="0.00" NOx="0.00" PMx="0.00" fuel="0.00" electricity="0.00" noise="73.17" route="routebottom" type="cfm-slow" waiting="0.00" lane="right_0" pos="34.27" speed="28.93" angle="302.83" x="96.23" y="124.04"/>
        <vehicle id="cfm-slow_2" eclass="HBEFA3/PC_G_EU4" CO2="0.00" CO="0.00" HC="0.00" NOx="0.00" PMx="0.00" fuel="0.00" electricity="0.00" noise="72.18" route="routetop" type="cfm-slow" waiting="0.00" lane="top_0" pos="8.27" speed="28.69" angle="259.53" x="45.99" y="129.95"/>
        <vehicle id="cfm-slow_3" eclass="HBEFA3/PC_G_EU4" CO2="0.00" CO="0.00" HC="0.00" NOx="0.00" PMx="0.00" fuel="0.00" electricity="0.00" noise="71.37" route="routetop" type="cfm-slow" waiting="0.00" lane="top_0" pos="31.95" speed="27.64" angle="217.04" x="5.81" y="100.55"/>
        <vehicle id="cfm-slow_4" eclass="HBEFA3/PC_G_EU4" CO2="0.00" CO="0.00" HC="0.00" NOx="0.00" PMx="0.00" fuel="0.00" electricity="0.00" noise="70.67" route="routetop" type="cfm-slow" waiting="0.00" lane="left_0" pos="4.50" speed="26.16" angle="176.44" x="-4.25" y="53.93"/>
        <vehicle id="cfm-slow_5" eclass="HBEFA3/PC_G_EU4" CO2="0.00" CO="0.00" HC="0.00" NOx="0.00" PMx="0.00" fuel="0.00" electricity="0.00" noise="70.44" route="routetop" type="cfm-slow" waiting="0.00" lane="left_0" pos="25.53" speed="24.86" angle="138.54" x="15.97" y="14.34"/>
    </timestep>
    <timestep time="8.18">
        <vehicle id="cfm-fast_0" eclass="HBEFA3/PC_G_EU4" CO2="5469.29" CO="40.35" HC="0.32" NOx="1.93" PMx="0.10" fuel="2.35" electricity="0.00" noise="71.34" route="routetop" type="cfm-fast" waiting="0.00" lane="left_0" pos="45.53" speed="24.23" angle="102.62" x="53.99" y="-4.26"/>
        <vehicle id="cfm-fast_1" eclass="HBEFA3/PC_G_EU4" CO2="312976.79" CO="8765.23" HC="47.93" NOx="145.94" PMx="9.15" fuel="134.53" electricity="0.00" noise="145.05" route="routebottom" type="cfm-fast" waiting="0.00" lane="bottom_1" pos="27.37" speed="96.91" angle="45.24" x="113.14" y="21.05"/>
        <vehicle id="cfm-fast_2" eclass="HBEFA3/PC_G_EU4" CO2="10675.31" CO="148.25" HC="0.94" NOx="4.39" PMx="0.24" fuel="4.59" electricity="0.00" noise="73.31" route="routebottom" type="cfm-fast" waiting="0.00" lane="bottom_0" pos="10.74" speed="24.50" angle="75.09" x="86.43" y="-1.05"/>
        <vehicle id="cfm-fast_3" eclass="HBEFA3/PC_G_EU4" CO2="13895.54" CO="218.02" HC="1.34" NOx="5.88" PMx="0.32" fuel="5.97" electricity="0.00" noise="75.01" route="routebottom" type="cfm-fast" waiting="0.00" lane="bottom_0" pos="26.29" speed="25.57" angle="47.16" x="114.10" y="17.16"/>
        <vehicle id="cfm-fast_4" eclass="HBEFA3/PC_G_EU4" CO2="176636.56" CO="6600.91" HC="34.75" NOx="81.54" PMx="5.86" fuel="75.93" electricity="0.00" noise="121.93" route="routetop" type="cfm-fast" waiting="0.00" lane="top_1" pos="16.52" speed="106.46" angle="244.77" x="31.27" y="120.36"/>
        <vehicle id="cfm-fast_5" eclass="HBEFA3/PC_G_EU4" CO2="14139.57" CO="229.14" HC="1.40" NOx="5.96" PMx="0.33" fuel="6.08" electricity="0.00" noise="75.41" route="routebottom" type="cfm-fast" waiting="0.00" lane="bottom_0" pos="43.00" speed="26.99" angle="17.16" x="130.59" y="48.63"/>
        <vehicle id="cfm-slow_0" eclass="HBEFA3/PC_G_EU4" CO2="10551.30" CO="162.23" HC="1.00" NOx="4.24" PMx="0.24" fuel="4.54" electricity="0.00" noise="74.45" route="routebottom" type="cfm-slow" waiting="0.00" lane="right_0" pos="11.15" speed="28.28" angle="344.35" x="128.08" y="87.25"/>
        <vehicle id="cfm-slow_1" eclass="HBEFA3/PC_G_EU4" CO2="0.00" CO="0.00" HC="0.00" NOx="0.00" PMx="0.00" fuel="0.00" electricity="0.00" noise="73.16" route="routebottom" type="cfm-slow" waiting="0.00" lane="right_0" pos="34.56" speed="28.92" angle="302.34" x="95.69" y="124.34"/>
        <vehicle id="cfm-slow_2" eclass="HBEFA3/PC_G_EU4" CO2="0.00" CO="0.00" HC="0.00" NOx="0.00" PMx="0.00" fuel="0.00" electricity="0.00" noise="72.17" route="routetop" type="cfm-slow" waiting="0.00" lane="top_0" pos="8.55" speed="28.68" angle="259.01" x="45.39" y="129.79"/>
        <vehicle id="cfm-slow_3" eclass="HBEFA3/PC_G_EU4" CO2="0.00" CO="0.00" HC="0.00" NOx="0.00" PMx="0.00" fuel="0.00" electricity="0.00" noise="71.37" route="routetop" type="cfm-slow" waiting="0.00" lane="top_0" pos="32.22" speed="27.62" angle="216.57" x="5.49" y="100.04"/>
        <vehicle id="cfm-slow_4" eclass="HBEFA3/PC_G_EU4" CO2="0.00" CO="0.00" HC="0.00" NOx="0.00" PMx="0.00" fuel="0.00" electricity="0.00" noise="70.67" route="routetop" type="cfm-slow" waiting="0.00" lane="left_0" pos="4.76" speed="26.15" angle="175.97" x="-4.17" y="53.37"/>
        <vehicle id="cfm-slow_5" eclass="HBEFA3/PC_G_EU4" CO2="0.00" CO="0.00" HC="0.00" NOx="0.00" PMx="0.00" fuel="0.00" electricity="0.00" noise="70.45" route="routetop" type="cfm-slow" waiting="0.00" lane="left_0" pos="25.78" speed="24.85" angle="138.13" x="16.35" y="13.97"/>
    </timestep>
    <timestep time="8.19">
        <vehicle id="cfm-fast_0" eclass="HBEFA3/PC_G_EU4" CO2="5518.91" CO="41.38" HC="0.32" NOx="1.96" PMx="0.10" fuel="2.37" electricity="0.00" noise="71.36" route="routetop" type="cfm-fast" waiting="0.00" lane="left_0" pos="45.78" speed="24.23" angle="102.17" x="54.51" y="-4.33"/>
        <vehicle id="cfm-fast_1" eclass="HBEFA3/PC_G_EU4" CO2="311844.13" CO="8748.12" HC="47.83" NOx="145.40" PMx="9.13" fuel="134.05" electricity="0.00" noise="144.83" route="routebottom" type="cfm-fast" waiting="0.00" lane="bottom_1" pos="28.34" speed="97.00" angle="43.46" x="114.42" y="22.58"/>
        <vehicle id="cfm-fast_2" eclass="HBEFA3/PC_G_EU4" CO2="10706.69" CO="148.93" HC="0.94" NOx="4.40" PMx="0.24" fuel="4.60" electricity="0.00" noise="73.33" route="routebottom" type="cfm-fast" waiting="0.00" lane="bottom_0" pos="10.99" speed="24.51" angle="74.63" x="86.92" y="-0.87"/>
        <vehicle id="cfm-fast_3" eclass="HBEFA3/PC_G_EU4" CO2="13898.95" CO="218.15" HC="1.34" NOx="5.88" PMx="0.32" fuel="5.97" electricity="0.00" noise="75.01" route="routebottom" type="cfm-fast" waiting="0.00" lane="bottom_0" pos="26.55" speed="25.58" angle="46.70" x="114.47" y="17.57"/>
        <vehicle id="cfm-fast_4" eclass="HBEFA3/PC_G_EU4" CO2="175004.55" CO="6569.81" HC="34.56" NOx="80.77" PMx="5.82" fuel="75.23" electricity="0.00" noise="121.68" route="routetop" type="cfm-fast" waiting="0.00" lane="top_1" pos="17.58" speed="106.49" angle="242.87" x="29.39" y="119.25"/>
        <vehicle id="cfm-fast_5" eclass="HBEFA3/PC_G_EU4" CO2="14107.29" CO="228.54" HC="1.39" NOx="5.95" PMx="0.33" fuel="6.06" electricity="0.00" noise="75.40" route="routebottom" type="cfm-fast" waiting="0.00" lane="bottom_0" pos="43.27" speed="27.00" angle="16.67" x="130.72" y="49.20"/>
        <vehicle id="cfm-slow_0" eclass="HBEFA3/PC_G_EU4" CO2="10491.90" CO="161.05" HC="1.00" NOx="4.21" PMx="0.24" fuel="4.51" electricity="0.00" noise="74.43" route="routebottom" type="cfm-slow" waiting="0.00" lane="right_0" pos="11.43" speed="28.28" angle="343.84" x="127.87" y="87.82"/>
        <vehicle id="cfm-slow_1" eclass="HBEFA3/PC_G_EU4" CO2="0.00" CO="0.00" HC="0.00" NOx="0.00" PMx="0.00" fuel="0.00" electricity="0.00" noise="73.14" route="routebottom" type="cfm-slow" waiting="0.00" lane="right_0" pos="34.85" speed="28.92" angle="301.85" x="95.13" y="124.62"/>
        <vehicle id="cfm-slow_2" eclass="HBEFA3/PC_G_EU4" CO2="0.00" CO="0.00" HC="0.00" NOx="0.00" PMx="0.00" fuel="0.00" electricity="0.00" noise="72.17" route="routetop" type="cfm-slow" waiting="0.00" lane="top_0" pos="8.84" speed="28.67" angle="258.50" x="44.80" y="129.63"/>
        <vehicle id="cfm-slow_3" eclass="HBEFA3/PC_G_EU4" CO2="0.00" CO="0.00" HC="0.00" NOx="0.00" PMx="0.00" fuel="0.00" electricity="0.00" noise="71.36" route="routetop" type="cfm-slow" waiting="0.00" lane="top_0" pos="32.50" speed="27.61" angle="216.05" x="5.19" y="99.53"/>
        <vehicle id="cfm-slow_4" eclass="HBEFA3/PC_G_EU4" CO2="0.00" CO="0.00" HC="0.00" NOx="0.00" PMx="0.00" fuel="0.00" electricity="0.00" noise="70.66" route="routetop" type="cfm-slow" waiting="0.00" lane="left_0" pos="5.02" speed="26.14" angle="175.42" x="-4.09" y="52.82"/>
        <vehicle id="cfm-slow_5" eclass="HBEFA3/PC_G_EU4" CO2="0.00" CO="0.00" HC="0.00" NOx="0.00" PMx="0.00" fuel="0.00" electricity="0.00" noise="70.45" route="routetop" type="cfm-slow" waiting="0.00" lane="left_0" pos="26.03" speed="24.85" angle="137.67" x="16.75" y="13.61"/>
    </timestep>
    <timestep time="8.20">
        <vehicle id="cfm-fast_0" eclass="HBEFA3/PC_G_EU4" CO2="5568.36" CO="42.40" HC="0.33" NOx="1.98" PMx="0.10" fuel="2.39" electricity="0.00" noise="71.37" route="routetop" type="cfm-fast" waiting="0.00" lane="left_0" pos="46.02" speed="24.23" angle="101.72" x="55.03" y="-4.40"/>
        <vehicle id="cfm-fast_1" eclass="HBEFA3/PC_G_EU4" CO2="310705.12" CO="8730.85" HC="47.72" NOx="144.86" PMx="9.10" fuel="133.56" electricity="0.00" noise="144.61" route="routebottom" type="cfm-fast" waiting="0.00" lane="bottom_1" pos="29.31" speed="97.10" angle="41.66" x="115.65" y="24.15"/>
        <vehicle id="cfm-fast_2" eclass="HBEFA3/PC_G_EU4" CO2="10737.81" CO="149.60" HC="0.95" NOx="4.41" PMx="0.24" fuel="4.62" electricity="0.00" noise="73.34" route="routebottom" type="cfm-fast" waiting="0.00" lane="bottom_0" pos="11.23" speed="24.52" angle="74.18" x="87.42" y="-0.69"/>
        <vehicle id="cfm-fast_3" eclass="HBEFA3/PC_G_EU4" CO2="13902.05" CO="218.26" HC="1.34" NOx="5.88" PMx="0.32" fuel="5.98" electricity="0.00" noise="75.01" route="routebottom" type="cfm-fast" waiting="0.00" lane="bottom_0" pos="26.80" speed="25.59" angle="46.24" x="114.85" y="17.97"/>
        <vehicle id="cfm-fast_4" eclass="HBEFA3/PC_G_EU4" CO2="173401.93" CO="6539.26" HC="34.39" NOx="80.01" PMx="5.77" fuel="74.54" electricity="0.00" noise="121.43" route="routetop" type="cfm-fast" waiting="0.00" lane="top_1" pos="18.65" speed="106.53" angle="240.93" x="27.55" y="118.07"/>
        <vehicle id="cfm-fast_5" eclass="HBEFA3/PC_G_EU4" CO2="14074.76" CO="227.94" HC="1.39" NOx="5.93" PMx="0.33" fuel="6.05" electricity="0.00" noise="75.39" route="routebottom" type="cfm-fast" waiting="0.00" lane="bottom_0" pos="43.54" speed="27.02" angle="16.21" x="130.85" y="49.76"/>
        <vehicle id="cfm-slow_0" eclass="HBEFA3/PC_G_EU4" CO2="10432.42" CO="159.87" HC="0.99" NOx="4.19" PMx="0.24" fuel="4.48" electricity="0.00" noise="74.42" route="routebottom" type="cfm-slow" waiting="0.00" lane="right_0" pos="11.71" speed="28.29" angle="343.35" x="127.65" y="88.39"/>
        <vehicle id="cfm-slow_1" eclass="HBEFA3/PC_G_EU4" CO2="0.00" CO="0.00" HC="0.00" NOx="0.00" PMx="0.00" fuel="0.00" electricity="0.00" noise="73.13" route="routebottom" type="cfm-slow" waiting="0.00" lane="right_0" pos="35.14" speed="28.92" angle="301.32" x="94.58" y="124.90"/>
        <vehicle id="cfm-slow_2" eclass="HBEFA3/PC_G_EU4" CO2="0.00" CO="0.00" HC="0.00" NOx="0.00" PMx="0.00" fuel="0.00" electricity="0.00" noise="72.16" route="routetop" type="cfm-slow" waiting="0.00" lane="top_0" pos="9.13" speed="28.66" angle="258.02" x="44.20" y="129.45"/>
        <vehicle id="cfm-slow_3" eclass="HBEFA3/PC_G_EU4" CO2="0.00" CO="0.00" HC="0.00" NOx="0.00" PMx="0.00" fuel="0.00" electricity="0.00" noise="71.35" route="routetop" type="cfm-slow" waiting="0.00" lane="top_0" pos="32.78" speed="27.60" angle="215.53" x="4.88" y="99.03"/>
        <vehicle id="cfm-slow_4" eclass="HBEFA3/PC_G_EU4" CO2="0.00" CO="0.00" HC="0.00" NOx="0.00" PMx="0.00" fuel="0.00" electricity="0.00" noise="70.66" route="routetop" type="cfm-slow" waiting="0.00" lane="left_0" pos="5.28" speed="26.13" angle="174.98" x="-4.00" y="52.26"/>
        <vehicle id="cfm-slow_5" eclass="HBEFA3/PC_G_EU4" CO2="0.00" CO="0.00" HC="0.00" NOx="0.00" PMx="0.00" fuel="0.00" electricity="0.00" noise="70.46" route="routetop" type="cfm-slow" waiting="0.00" lane="left_0" pos="26.28" speed="24.84" angle="137.21" x="17.14" y="13.25"/>
    </timestep>
    <timestep time="8.21">
        <vehicle id="cfm-fast_0" eclass="HBEFA3/PC_G_EU4" CO2="5617.65" CO="43.42" HC="0.34" NOx="2.00" PMx="0.10" fuel="2.41" electricity="0.00" noise="71.39" route="routetop" type="cfm-fast" waiting="0.00" lane="left_0" pos="46.26" speed="24.23" angle="101.33" x="55.54" y="-4.47"/>
        <vehicle id="cfm-fast_1" eclass="HBEFA3/PC_G_EU4" CO2="309560.06" CO="8713.42" HC="47.61" NOx="144.32" PMx="9.07" fuel="133.07" electricity="0.00" noise="144.39" route="routebottom" type="cfm-fast" waiting="0.00" lane="bottom_1" pos="30.29" speed="97.20" angle="39.97" x="116.83" y="25.75"/>
        <vehicle id="cfm-fast_2" eclass="HBEFA3/PC_G_EU4" CO2="10768.69" CO="150.26" HC="0.95" NOx="4.43" PMx="0.24" fuel="4.63" electricity="0.00" noise="73.36" route="routebottom" type="cfm-fast" waiting="0.00" lane="bottom_0" pos="11.48" speed="24.53" angle="73.77" x="87.92" y="-0.52"/>
        <vehicle id="cfm-fast_3" eclass="HBEFA3/PC_G_EU4" CO2="13904.83" CO="218.37" HC="1.34" NOx="5.88" PMx="0.32" fuel="5.98" electricity="0.00" noise="75.02" route="routebottom" type="cfm-fast" waiting="0.00" lane="bottom_0" pos="27.06" speed="25.61" angle="45.82" x="115.21" y="18.39"/>
        <vehicle id="cfm-fast_4" eclass="HBEFA3/PC_G_EU4" CO2="171828.19" CO="6509.28" HC="34.21" NOx="79.27" PMx="5.73" fuel="73.86" electricity="0.00" noise="121.18" route="routetop" type="cfm-fast" waiting="0.00" lane="top_1" pos="19.71" speed="106.56" angle="238.98" x="25.76" y="116.83"/>
        <vehicle id="cfm-fast_5" eclass="HBEFA3/PC_G_EU4" CO2="14041.95" CO="227.32" HC="1.39" NOx="5.92" PMx="0.33" fuel="6.04" electricity="0.00" noise="75.38" route="routebottom" type="cfm-fast" waiting="0.00" lane="bottom_0" pos="43.81" speed="27.03" angle="15.73" x="130.96" y="50.33"/>
        <vehicle id="cfm-slow_0" eclass="HBEFA3/PC_G_EU4" CO2="10372.88" CO="158.68" HC="0.98" NOx="4.16" PMx="0.24" fuel="4.46" electricity="0.00" noise="74.40" route="routebottom" type="cfm-slow" waiting="0.00" lane="right_0" pos="12.00" speed="28.30" angle="342.83" x="127.42" y="88.95"/>
        <vehicle id="cfm-slow_1" eclass="HBEFA3/PC_G_EU4" CO2="0.00" CO="0.00" HC="0.00" NOx="0.00" PMx="0.00" fuel="0.00" electricity="0.00" noise="73.12" route="routebottom" type="cfm-slow" waiting="0.00" lane="right_0" pos="35.43" speed="28.92" angle="300.80" x="94.02" y="125.18"/>
        <vehicle id="cfm-slow_2" eclass="HBEFA3/PC_G_EU4" CO2="0.00" CO="0.00" HC="0.00" NOx="0.00" PMx="0.00" fuel="0.00" electricity="0.00" noise="72.15" route="routetop" type="cfm-slow" waiting="0.00" lane="top_0" pos="9.41" speed="28.65" angle="257.50" x="43.61" y="129.27"/>
        <vehicle id="cfm-slow_3" eclass="HBEFA3/PC_G_EU4" CO2="0.00" CO="0.00" HC="0.00" NOx="0.00" PMx="0.00" fuel="0.00" electricity="0.00" noise="71.35" route="routetop" type="cfm-slow" waiting="0.00" lane="top_0" pos="33.05" speed="27.58" angle="215.01" x="4.57" y="98.52"/>
        <vehicle id="cfm-slow_4" eclass="HBEFA3/PC_G_EU4" CO2="0.00" CO="0.00" HC="0.00" NOx="0.00" PMx="0.00" fuel="0.00" electricity="0.00" noise="70.66" route="routetop" type="cfm-slow" waiting="0.00" lane="left_0" pos="5.54" speed="26.11" angle="174.51" x="-3.90" y="51.71"/>
        <vehicle id="cfm-slow_5" eclass="HBEFA3/PC_G_EU4" CO2="0.00" CO="0.00" HC="0.00" NOx="0.00" PMx="0.00" fuel="0.00" electricity="0.00" noise="70.46" route="routetop" type="cfm-slow" waiting="0.00" lane="left_0" pos="26.53" speed="24.83" angle="136.75" x="17.53" y="12.89"/>
    </timestep>
    <timestep time="8.22">
        <vehicle id="cfm-fast_0" eclass="HBEFA3/PC_G_EU4" CO2="5666.78" CO="44.44" HC="0.34" NOx="2.03" PMx="0.10" fuel="2.44" electricity="0.00" noise="71.40" route="routetop" type="cfm-fast" waiting="0.00" lane="left_0" pos="46.50" speed="24.24" angle="100.89" x="56.06" y="-4.52"/>
        <vehicle id="cfm-fast_1" eclass="HBEFA3/PC_G_EU4" CO2="308409.24" CO="8695.85" HC="47.51" NOx="143.78" PMx="9.04" fuel="132.57" electricity="0.00" noise="144.17" route="routebottom" type="cfm-fast" waiting="0.00" lane="bottom_1" pos="31.26" speed="97.30" angle="38.26" x="117.96" y="27.39"/>
        <vehicle id="cfm-fast_2" eclass="HBEFA3/PC_G_EU4" CO2="10799.31" CO="150.92" HC="0.96" NOx="4.44" PMx="0.24" fuel="4.64" electricity="0.00" noise="73.37" route="routebottom" type="cfm-fast" waiting="0.00" lane="bottom_0" pos="11.72" speed="24.54" angle="73.35" x="88.41" y="-0.32"/>
        <vehicle id="cfm-fast_3" eclass="HBEFA3/PC_G_EU4" CO2="13907.29" CO="218.48" HC="1.34" NOx="5.89" PMx="0.32" fuel="5.98" electricity="0.00" noise="75.02" route="routebottom" type="cfm-fast" waiting="0.00" lane="bottom_0" pos="27.32" speed="25.62" angle="45.34" x="115.57" y="18.81"/>
        <vehicle id="cfm-fast_4" eclass="HBEFA3/PC_G_EU4" CO2="170282.84" CO="6479.83" HC="34.04" NOx="78.54" PMx="5.69" fuel="73.20" electricity="0.00" noise="120.94" route="routetop" type="cfm-fast" waiting="0.00" lane="top_1" pos="20.78" speed="106.59" angle="237.07" x="24.00" y="115.53"/>
        <vehicle id="cfm-fast_5" eclass="HBEFA3/PC_G_EU4" CO2="14008.88" CO="226.71" HC="1.38" NOx="5.90" PMx="0.33" fuel="6.02" electricity="0.00" noise="75.37" route="routebottom" type="cfm-fast" waiting="0.00" lane="bottom_0" pos="44.08" speed="27.04" angle="15.22" x="131.07" y="50.90"/>
        <vehicle id="cfm-slow_0" eclass="HBEFA3/PC_G_EU4" CO2="10313.27" CO="157.50" HC="0.98" NOx="4.13" PMx="0.24" fuel="4.43" electricity="0.00" noise="74.38" route="routebottom" type="cfm-slow" waiting="0.00" lane="right_0" pos="12.28" speed="28.30" angle="342.32" x="127.20" y="89.52"/>
        <vehicle id="cfm-slow_1" eclass="HBEFA3/PC_G_EU4" CO2="0.00" CO="0.00" HC="0.00" NOx="0.00" PMx="0.00" fuel="0.00" electricity="0.00" noise="73.11" route="routebottom" type="cfm-slow" waiting="0.00" lane="right_0" pos="35.72" speed="28.92" angle="300.28" x="93.47" y="125.46"/>
        <vehicle id="cfm-slow_2" eclass="HBEFA3/PC_G_EU4" CO2="0.00" CO="0.00" HC="0.00" NOx="0.00" PMx="0.00" fuel="0.00" electricity="0.00" noise="72.14" route="routetop" type="cfm-slow" waiting="0.00" lane="top_0" pos="9.70" speed="28.64" angle="256.98" x="43.03" y="129.09"/>
        <vehicle id="cfm-slow_3" eclass="HBEFA3/PC_G_EU4" CO2="0.00" CO="0.00" HC="0.00" NOx="0.00" PMx="0.00" fuel="0.00" electricity="0.00" noise="71.34" route="routetop" type="cfm-slow" waiting="0.00" lane="top_0" pos="33.33" speed="27.57" angle="214.54" x="4.27" y="98.01"/>
        <vehicle id="cfm-slow_4" eclass="HBEFA3/PC_G_EU4" CO2="0.00" CO="0.00" HC="0.00" NOx="0.00" PMx="0.00" fuel="0.00" electricity="0.00" noise="70.65" route="routetop" type="cfm-slow" waiting="0.00" lane="left_0" pos="5.80" speed="26.10" angle="174.03" x="-3.79" y="51.16"/>
        <vehicle id="cfm-slow_5" eclass="HBEFA3/PC_G_EU4" CO2="0.00" CO="0.00" HC="0.00" NOx="0.00" PMx="0.00" fuel="0.00" electricity="0.00" noise="70.47" route="routetop" type="cfm-slow" waiting="0.00" lane="left_0" pos="26.78" speed="24.83" angle="136.29" x="17.93" y="12.53"/>
    </timestep>
    <timestep time="8.23">
        <vehicle id="cfm-fast_0" eclass="HBEFA3/PC_G_EU4" CO2="5715.73" CO="45.46" HC="0.35" NOx="2.05" PMx="0.11" fuel="2.46" electricity="0.00" noise="71.42" route="routetop" type="cfm-fast" waiting="0.00" lane="left_0" pos="46.75" speed="24.24" angle="100.45" x="56.58" y="-4.57"/>
        <vehicle id="cfm-fast_1" eclass="HBEFA3/PC_G_EU4" CO2="307252.96" CO="8678.14" HC="47.40" NOx="143.23" PMx="9.02" fuel="132.07" electricity="0.00" noise="143.96" route="routebottom" type="cfm-fast" waiting="0.00" lane="bottom_1" pos="32.23" speed="97.39" angle="36.54" x="119.06" y="29.06"/>
        <vehicle id="cfm-fast_2" eclass="HBEFA3/PC_G_EU4" CO2="10829.68" CO="151.58" HC="0.96" NOx="4.46" PMx="0.24" fuel="4.66" electricity="0.00" noise="73.39" route="routebottom" type="cfm-fast" waiting="0.00" lane="bottom_0" pos="11.97" speed="24.55" angle="72.91" x="88.90" y="-0.13"/>
        <vehicle id="cfm-fast_3" eclass="HBEFA3/PC_G_EU4" CO2="13909.43" CO="218.57" HC="1.34" NOx="5.89" PMx="0.32" fuel="5.98" electricity="0.00" noise="75.03" route="routebottom" type="cfm-fast" waiting="0.00" lane="bottom_0" pos="27.57" speed="25.64" angle="44.86" x="115.92" y="19.23"/>
        <vehicle id="cfm-fast_4" eclass="HBEFA3/PC_G_EU4" CO2="168765.39" CO="6450.92" HC="33.87" NOx="77.82" PMx="5.66" fuel="72.55" electricity="0.00" noise="120.70" route="routetop" type="cfm-fast" waiting="0.00" lane="top_1" pos="21.84" speed="106.63" angle="235.19" x="22.28" y="114.18"/>
        <vehicle id="cfm-fast_5" eclass="HBEFA3/PC_G_EU4" CO2="13975.55" CO="226.08" HC="1.38" NOx="5.89" PMx="0.33" fuel="6.01" electricity="0.00" noise="75.36" route="routebottom" type="cfm-fast" waiting="0.00" lane="bottom_0" pos="44.35" speed="27.05" angle="14.71" x="131.17" y="51.48"/>
        <vehicle id="cfm-slow_0" eclass="HBEFA3/PC_G_EU4" CO2="10253.60" CO="156.31" HC="0.97" NOx="4.10" PMx="0.24" fuel="4.41" electricity="0.00" noise="74.37" route="routebottom" type="cfm-slow" waiting="0.00" lane="right_0" pos="12.56" speed="28.31" angle="341.80" x="126.97" y="90.08"/>
        <vehicle id="cfm-slow_1" eclass="HBEFA3/PC_G_EU4" CO2="0.00" CO="0.00" HC="0.00" NOx="0.00" PMx="0.00" fuel="0.00" electricity="0.00" noise="73.10" route="routebottom" type="cfm-slow" waiting="0.00" lane="right_0" pos="36.00" speed="28.92" angle="299.80" x="92.91" y="125.73"/>
        <vehicle id="cfm-slow_2" eclass="HBEFA3/PC_G_EU4" CO2="0.00" CO="0.00" HC="0.00" NOx="0.00" PMx="0.00" fuel="0.00" electricity="0.00" noise="72.13" route="routetop" type="cfm-slow" waiting="0.00" lane="top_0" pos="9.99" speed="28.63" angle="256.46" x="42.44" y="128.91"/>
        <vehicle id="cfm-slow_3" eclass="HBEFA3/PC_G_EU4" CO2="0.00" CO="0.00" HC="0.00" NOx="0.00" PMx="0.00" fuel="0.00" electricity="0.00" noise="71.33" route="routetop" type="cfm-slow" waiting="0.00" lane="top_0" pos="33.60" speed="27.55" angle="214.05" x="3.98" y="97.49"/>
        <vehicle id="cfm-slow_4" eclass="HBEFA3/PC_G_EU4" CO2="0.00" CO="0.00" HC="0.00" NOx="0.00" PMx="0.00" fuel="0.00" electricity="0.00" noise="70.65" route="routetop" type="cfm-slow" waiting="0.00" lane="left_0" pos="6.06" speed="26.09" angle="173.56" x="-3.69" y="50.61"/>
        <vehicle id="cfm-slow_5" eclass="HBEFA3/PC_G_EU4" CO2="0.00" CO="0.00" HC="0.00" NOx="0.00" PMx="0.00" fuel="0.00" electricity="0.00" noise="70.47" route="routetop" type="cfm-slow" waiting="0.00" lane="left_0" pos="27.02" speed="24.82" angle="135.89" x="18.32" y="12.17"/>
    </timestep>
    <timestep time="8.24">
        <vehicle id="cfm-fast_0" eclass="HBEFA3/PC_G_EU4" CO2="5764.52" CO="46.47" HC="0.35" NOx="2.07" PMx="0.11" fuel="2.48" electricity="0.00" noise="71.43" route="routetop" type="cfm-fast" waiting="0.00" lane="left_0" pos="46.99" speed="24.24" angle="100.00" x="57.10" y="-4.62"/>
        <vehicle id="cfm-fast_1" eclass="HBEFA3/PC_G_EU4" CO2="306091.51" CO="8660.28" HC="47.29" NOx="142.68" PMx="8.99" fuel="131.57" electricity="0.00" noise="143.74" route="routebottom" type="cfm-fast" waiting="0.00" lane="bottom_1" pos="33.21" speed="97.49" angle="34.71" x="120.08" y="30.78"/>
        <vehicle id="cfm-fast_2" eclass="HBEFA3/PC_G_EU4" CO2="10859.80" CO="152.23" HC="0.96" NOx="4.47" PMx="0.24" fuel="4.67" electricity="0.00" noise="73.41" route="routebottom" type="cfm-fast" waiting="0.00" lane="bottom_0" pos="12.21" speed="24.56" angle="72.47" x="89.39" y="0.07"/>
        <vehicle id="cfm-fast_3" eclass="HBEFA3/PC_G_EU4" CO2="13911.26" CO="218.66" HC="1.34" NOx="5.89" PMx="0.32" fuel="5.98" electricity="0.00" noise="75.03" route="routebottom" type="cfm-fast" waiting="0.00" lane="bottom_0" pos="27.83" speed="25.65" angle="44.38" x="116.28" y="19.65"/>
        <vehicle id="cfm-fast_4" eclass="HBEFA3/PC_G_EU4" CO2="167275.36" CO="6422.53" HC="33.70" NOx="77.12" PMx="5.62" fuel="71.90" electricity="0.00" noise="120.47" route="routetop" type="cfm-fast" waiting="0.00" lane="top_1" pos="22.91" speed="106.66" angle="233.19" x="20.61" y="112.77"/>
        <vehicle id="cfm-fast_5" eclass="HBEFA3/PC_G_EU4" CO2="13941.96" CO="225.46" HC="1.38" NOx="5.87" PMx="0.33" fuel="5.99" electricity="0.00" noise="75.35" route="routebottom" type="cfm-fast" waiting="0.00" lane="bottom_0" pos="44.62" speed="27.07" angle="14.20" x="131.28" y="52.05"/>
        <vehicle id="cfm-slow_0" eclass="HBEFA3/PC_G_EU4" CO2="10193.87" CO="155.12" HC="0.96" NOx="4.07" PMx="0.23" fuel="4.38" electricity="0.00" noise="74.35" route="routebottom" type="cfm-slow" waiting="0.00" lane="right_0" pos="12.85" speed="28.32" angle="341.34" x="126.74" y="90.65"/>
        <vehicle id="cfm-slow_1" eclass="HBEFA3/PC_G_EU4" CO2="0.00" CO="0.00" HC="0.00" NOx="0.00" PMx="0.00" fuel="0.00" electricity="0.00" noise="73.08" route="routebottom" type="cfm-slow" waiting="0.00" lane="right_0" pos="36.29" speed="28.91" angle="299.23" x="92.34" y="125.99"/>
        <vehicle id="cfm-slow_2" eclass="HBEFA3/PC_G_EU4" CO2="0.00" CO="0.00" HC="0.00" NOx="0.00" PMx="0.00" fuel="0.00" electricity="0.00" noise="72.12" route="routetop" type="cfm-slow" waiting="0.00" lane="top_0" pos="10.27" speed="28.62" angle="256.01" x="41.85" y="128.72"/>
        <vehicle id="cfm-slow_3" eclass="HBEFA3/PC_G_EU4" CO2="0.00" CO="0.00" HC="0.00" NOx="0.00" PMx="0.00" fuel="0.00" electricity="0.00" noise="71.33" route="routetop" type="cfm-slow" waiting="0.00" lane="top_0" pos="33.88" speed="27.54" angle="213.55" x="3.69" y="96.97"/>
        <vehicle id="cfm-slow_4" eclass="HBEFA3/PC_G_EU4" CO2="0.00" CO="0.00" HC="0.00" NOx="0.00" PMx="0.00" fuel="0.00" electricity="0.00" noise="70.65" route="routetop" type="cfm-slow" waiting="0.00" lane="left_0" pos="6.32" speed="26.07" angle="173.12" x="-3.59" y="50.05"/>
        <vehicle id="cfm-slow_5" eclass="HBEFA3/PC_G_EU4" CO2="0.00" CO="0.00" HC="0.00" NOx="0.00" PMx="0.00" fuel="0.00" electricity="0.00" noise="70.48" route="routetop" type="cfm-slow" waiting="0.00" lane="left_0" pos="27.27" speed="24.81" angle="135.43" x="18.73" y="11.83"/>
    </timestep>
    <timestep time="8.25">
        <vehicle id="cfm-fast_0" eclass="HBEFA3/PC_G_EU4" CO2="5813.15" CO="47.48" HC="0.36" NOx="2.10" PMx="0.11" fuel="2.50" electricity="0.00" noise="71.45" route="routetop" type="cfm-fast" waiting="0.00" lane="left_0" pos="47.23" speed="24.24" angle="99.56" x="57.62" y="-4.68"/>
        <vehicle id="cfm-fast_1" eclass="HBEFA3/PC_G_EU4" CO2="304925.17" CO="8642.30" HC="47.18" NOx="142.13" PMx="8.96" fuel="131.07" electricity="0.00" noise="143.52" route="routebottom" type="cfm-fast" waiting="0.00" lane="bottom_1" pos="34.18" speed="97.58" angle="33.00" x="121.06" y="32.52"/>
        <vehicle id="cfm-fast_2" eclass="HBEFA3/PC_G_EU4" CO2="10889.67" CO="152.87" HC="0.97" NOx="4.48" PMx="0.24" fuel="4.68" electricity="0.00" noise="73.42" route="routebottom" type="cfm-fast" waiting="0.00" lane="bottom_0" pos="12.46" speed="24.57" angle="72.03" x="89.88" y="0.27"/>
        <vehicle id="cfm-fast_3" eclass="HBEFA3/PC_G_EU4" CO2="13912.77" CO="218.75" HC="1.34" NOx="5.89" PMx="0.32" fuel="5.98" electricity="0.00" noise="75.03" route="routebottom" type="cfm-fast" waiting="0.00" lane="bottom_0" pos="28.09" speed="25.67" angle="43.91" x="116.63" y="20.07"/>
        <vehicle id="cfm-fast_4" eclass="HBEFA3/PC_G_EU4" CO2="165812.27" CO="6394.67" HC="33.54" NOx="76.43" PMx="5.58" fuel="71.28" electricity="0.00" noise="120.24" route="routetop" type="cfm-fast" waiting="0.00" lane="top_1" pos="23.98" speed="106.69" angle="231.31" x="18.99" y="111.29"/>
        <vehicle id="cfm-fast_5" eclass="HBEFA3/PC_G_EU4" CO2="13908.11" CO="224.82" HC="1.37" NOx="5.85" PMx="0.33" fuel="5.98" electricity="0.00" noise="75.34" route="routebottom" type="cfm-fast" waiting="0.00" lane="bottom_0" pos="44.89" speed="27.08" angle="13.75" x="131.38" y="52.62"/>
        <vehicle id="cfm-slow_0" eclass="HBEFA3/PC_G_EU4" CO2="10134.09" CO="153.93" HC="0.96" NOx="4.04" PMx="0.23" fuel="4.36" electricity="0.00" noise="74.34" route="routebottom" type="cfm-slow" waiting="0.00" lane="right_0" pos="13.13" speed="28.32" angle="340.83" x="126.49" y="91.20"/>
        <vehicle id="cfm-slow_1" eclass="HBEFA3/PC_G_EU4" CO2="0.00" CO="0.00" HC="0.00" NOx="0.00" PMx="0.00" fuel="0.00" electricity="0.00" noise="73.07" route="routebottom" type="cfm-slow" waiting="0.00" lane="right_0" pos="36.58" speed="28.91" angle="298.67" x="91.77" y="126.24"/>
        <vehicle id="cfm-slow_2" eclass="HBEFA3/PC_G_EU4" CO2="0.00" CO="0.00" HC="0.00" NOx="0.00" PMx="0.00" fuel="0.00" electricity="0.00" noise="72.12" route="routetop" type="cfm-slow" waiting="0.00" lane="top_0" pos="10.56" speed="28.61" angle="255.47" x="41.27" y="128.51"/>
        <vehicle id="cfm-slow_3" eclass="HBEFA3/PC_G_EU4" CO2="0.00" CO="0.00" HC="0.00" NOx="0.00" PMx="0.00" fuel="0.00" electricity="0.00" noise="71.32" route="routetop" type="cfm-slow" waiting="0.00" lane="top_0" pos="34.15" speed="27.52" angle="213.05" x="3.41" y="96.45"/>
        <vehicle id="cfm-slow_4" eclass="HBEFA3/PC_G_EU4" CO2="0.00" CO="0.00" HC="0.00" NOx="0.00" PMx="0.00" fuel="0.00" electricity="0.00" noise="70.64" route="routetop" type="cfm-slow" waiting="0.00" lane="left_0" pos="6.58" speed="26.06" angle="172.64" x="-3.47" y="49.51"/>
        <vehicle id="cfm-slow_5" eclass="HBEFA3/PC_G_EU4" CO2="0.00" CO="0.00" HC="0.00" NOx="0.00" PMx="0.00" fuel="0.00" electricity="0.00" noise="70.48" route="routetop" type="cfm-slow" waiting="0.00" lane="left_0" pos="27.52" speed="24.81" angle="134.96" x="19.14" y="11.48"/>
    </timestep>
    <timestep time="8.26">
        <vehicle id="cfm-fast_0" eclass="HBEFA3/PC_G_EU4" CO2="5861.60" CO="48.48" HC="0.37" NOx="2.12" PMx="0.11" fuel="2.52" electricity="0.00" noise="71.47" route="routetop" type="cfm-fast" waiting="0.00" lane="left_0" pos="47.47" speed="24.25" angle="99.17" x="58.14" y="-4.73"/>
        <vehicle id="cfm-fast_1" eclass="HBEFA3/PC_G_EU4" CO2="303754.21" CO="8624.19" HC="47.07" NOx="141.58" PMx="8.93" fuel="130.57" electricity="0.00" noise="143.30" route="routebottom" type="cfm-fast" waiting="0.00" lane="bottom_1" pos="35.16" speed="97.67" angle="31.26" x="121.99" y="34.30"/>
        <vehicle id="cfm-fast_2" eclass="HBEFA3/PC_G_EU4" CO2="10919.28" CO="153.51" HC="0.97" NOx="4.50" PMx="0.24" fuel="4.69" electricity="0.00" noise="73.44" route="routebottom" type="cfm-fast" waiting="0.00" lane="bottom_0" pos="12.70" speed="24.58" angle="71.61" x="90.37" y="0.46"/>
        <vehicle id="cfm-fast_3" eclass="HBEFA3/PC_G_EU4" CO2="13913.96" CO="218.83" HC="1.34" NOx="5.89" PMx="0.32" fuel="5.98" electricity="0.00" noise="75.04" route="routebottom" type="cfm-fast" waiting="0.00" lane="bottom_0" pos="28.34" speed="25.68" angle="43.49" x="116.98" y="20.50"/>
        <vehicle id="cfm-fast_4" eclass="HBEFA3/PC_G_EU4" CO2="164375.66" CO="6367.30" HC="33.38" NOx="75.75" PMx="5.54" fuel="70.66" electricity="0.00" noise="120.02" route="routetop" type="cfm-fast" waiting="0.00" lane="top_1" pos="25.04" speed="106.72" angle="229.43" x="17.42" y="109.77"/>
        <vehicle id="cfm-fast_5" eclass="HBEFA3/PC_G_EU4" CO2="13874.00" CO="224.18" HC="1.37" NOx="5.84" PMx="0.33" fuel="5.96" electricity="0.00" noise="75.33" route="routebottom" type="cfm-fast" waiting="0.00" lane="bottom_0" pos="45.16" speed="27.09" angle="13.27" x="131.47" y="53.20"/>
        <vehicle id="cfm-slow_0" eclass="HBEFA3/PC_G_EU4" CO2="10074.25" CO="152.73" HC="0.95" NOx="4.02" PMx="0.23" fuel="4.33" electricity="0.00" noise="74.32" route="routebottom" type="cfm-slow" waiting="0.00" lane="right_0" pos="13.41" speed="28.33" angle="340.32" x="126.24" y="91.76"/>
        <vehicle id="cfm-slow_1" eclass="HBEFA3/PC_G_EU4" CO2="0.00" CO="0.00" HC="0.00" NOx="0.00" PMx="0.00" fuel="0.00" electricity="0.00" noise="73.06" route="routebottom" type="cfm-slow" waiting="0.00" lane="right_0" pos="36.87" speed="28.91" angle="298.11" x="91.20" y="126.49"/>
        <vehicle id="cfm-slow_2" eclass="HBEFA3/PC_G_EU4" CO2="0.00" CO="0.00" HC="0.00" NOx="0.00" PMx="0.00" fuel="0.00" electricity="0.00" noise="72.11" route="routetop" type="cfm-slow" waiting="0.00" lane="top_0" pos="10.84" speed="28.60" angle="254.92" x="40.69" y="128.30"/>
        <vehicle id="cfm-slow_3" eclass="HBEFA3/PC_G_EU4" CO2="0.00" CO="0.00" HC="0.00" NOx="0.00" PMx="0.00" fuel="0.00" electricity="0.00" noise="71.31" route="routetop" type="cfm-slow" waiting="0.00" lane="top_0" pos="34.43" speed="27.51" angle="212.55" x="3.12" y="95.94"/>
        <vehicle id="cfm-slow_4" eclass="HBEFA3/PC_G_EU4" CO2="0.00" CO="0.00" HC="0.00" NOx="0.00" PMx="0.00" fuel="0.00" electricity="0.00" noise="70.64" route="routetop" type="cfm-slow" waiting="0.00" lane="left_0" pos="6.84" speed="26.05" angle="172.14" x="-3.34" y="48.96"/>
        <vehicle id="cfm-slow_5" eclass="HBEFA3/PC_G_EU4" CO2="0.00" CO="0.00" HC="0.00" NOx="0.00" PMx="0.00" fuel="0.00" electricity="0.00" noise="70.49" route="routetop" type="cfm-slow" waiting="0.00" lane="left_0" pos="27.77" speed="24.80" angle="134.50" x="19.54" y="11.13"/>
    </timestep>
    <timestep time="8.27">
        <vehicle id="cfm-fast_0" eclass="HBEFA3/PC_G_EU4" CO2="5909.88" CO="49.48" HC="0.37" NOx="2.14" PMx="0.11" fuel="2.54" electricity="0.00" noise="71.48" route="routetop" type="cfm-fast" waiting="0.00" lane="left_0" pos="47.72" speed="24.25" angle="98.71" x="58.66" y="-4.76"/>
        <vehicle id="cfm-fast_1" eclass="HBEFA3/PC_G_EU4" CO2="302578.90" CO="8605.95" HC="46.95" NOx="141.02" PMx="8.90" fuel="130.06" electricity="0.00" noise="143.08" route="routebottom" type="cfm-fast" waiting="0.00" lane="bottom_1" pos="36.14" speed="97.77" angle="29.48" x="122.87" y="36.10"/>
        <vehicle id="cfm-fast_2" eclass="HBEFA3/PC_G_EU4" CO2="10948.63" CO="154.15" HC="0.97" NOx="4.51" PMx="0.24" fuel="4.71" electricity="0.00" noise="73.45" route="routebottom" type="cfm-fast" waiting="0.00" lane="bottom_0" pos="12.95" speed="24.59" angle="71.20" x="90.86" y="0.67"/>
        <vehicle id="cfm-fast_3" eclass="HBEFA3/PC_G_EU4" CO2="13914.83" CO="218.90" HC="1.34" NOx="5.89" PMx="0.32" fuel="5.98" electricity="0.00" noise="75.04" route="routebottom" type="cfm-fast" waiting="0.00" lane="bottom_0" pos="28.60" speed="25.69" angle="43.01" x="117.32" y="20.94"/>
        <vehicle id="cfm-fast_4" eclass="HBEFA3/PC_G_EU4" CO2="162965.07" CO="6340.44" HC="33.22" NOx="75.09" PMx="5.51" fuel="70.05" electricity="0.00" noise="119.80" route="routetop" type="cfm-fast" waiting="0.00" lane="top_1" pos="26.11" speed="106.75" angle="227.55" x="15.90" y="108.20"/>
        <vehicle id="cfm-fast_5" eclass="HBEFA3/PC_G_EU4" CO2="13839.64" CO="223.54" HC="1.36" NOx="5.82" PMx="0.33" fuel="5.95" electricity="0.00" noise="75.32" route="routebottom" type="cfm-fast" waiting="0.00" lane="bottom_0" pos="45.43" speed="27.11" angle="12.78" x="131.55" y="53.78"/>
        <vehicle id="cfm-slow_0" eclass="HBEFA3/PC_G_EU4" CO2="10014.36" CO="151.54" HC="0.94" NOx="3.99" PMx="0.23" fuel="4.30" electricity="0.00" noise="74.30" route="routebottom" type="cfm-slow" waiting="0.00" lane="right_0" pos="13.70" speed="28.34" angle="339.80" x="126.00" y="92.32"/>
        <vehicle id="cfm-slow_1" eclass="HBEFA3/PC_G_EU4" CO2="0.00" CO="0.00" HC="0.00" NOx="0.00" PMx="0.00" fuel="0.00" electricity="0.00" noise="73.05" route="routebottom" type="cfm-slow" waiting="0.00" lane="right_0" pos="37.16" speed="28.91" angle="297.60" x="90.64" y="126.75"/>
        <vehicle id="cfm-slow_2" eclass="HBEFA3/PC_G_EU4" CO2="0.00" CO="0.00" HC="0.00" NOx="0.00" PMx="0.00" fuel="0.00" electricity="0.00" noise="72.10" route="routetop" type="cfm-slow" waiting="0.00" lane="top_0" pos="11.13" speed="28.59" angle="254.38" x="40.11" y="128.09"/>
        <vehicle id="cfm-slow_3" eclass="HBEFA3/PC_G_EU4" CO2="0.00" CO="0.00" HC="0.00" NOx="0.00" PMx="0.00" fuel="0.00" electricity="0.00" noise="71.31" route="routetop" type="cfm-slow" waiting="0.00" lane="top_0" pos="34.70" speed="27.50" angle="212.11" x="2.84" y="95.42"/>
        <vehicle id="cfm-slow_4" eclass="HBEFA3/PC_G_EU4" CO2="0.00" CO="0.00" HC="0.00" NOx="0.00" PMx="0.00" fuel="0.00" electricity="0.00" noise="70.64" route="routetop" type="cfm-slow" waiting="0.00" lane="left_0" pos="7.10" speed="26.04" angle="171.64" x="-3.22" y="48.41"/>
        <vehicle id="cfm-slow_5" eclass="HBEFA3/PC_G_EU4" CO2="0.00" CO="0.00" HC="0.00" NOx="0.00" PMx="0.00" fuel="0.00" electricity="0.00" noise="70.49" route="routetop" type="cfm-slow" waiting="0.00" lane="left_0" pos="28.02" speed="24.80" angle="134.04" x="19.95" y="10.79"/>
    </timestep>
    <timestep time="8.28">
        <vehicle id="cfm-fast_0" eclass="HBEFA3/PC_G_EU4" CO2="5958.00" CO="50.48" HC="0.38" NOx="2.16" PMx="0.11" fuel="2.56" electricity="0.00" noise="71.50" route="routetop" type="cfm-fast" waiting="0.00" lane="left_0" pos="47.96" speed="24.25" angle="98.24" x="59.18" y="-4.79"/>
        <vehicle id="cfm-fast_1" eclass="HBEFA3/PC_G_EU4" CO2="301399.52" CO="8587.61" HC="46.84" NOx="140.47" PMx="8.88" fuel="129.56" electricity="0.00" noise="142.86" route="routebottom" type="cfm-fast" waiting="0.00" lane="bottom_1" pos="37.12" speed="97.86" angle="27.65" x="123.69" y="37.93"/>
        <vehicle id="cfm-fast_2" eclass="HBEFA3/PC_G_EU4" CO2="10977.73" CO="154.78" HC="0.98" NOx="4.53" PMx="0.24" fuel="4.72" electricity="0.00" noise="73.47" route="routebottom" type="cfm-fast" waiting="0.00" lane="bottom_0" pos="13.20" speed="24.60" angle="70.74" x="91.34" y="0.89"/>
        <vehicle id="cfm-fast_3" eclass="HBEFA3/PC_G_EU4" CO2="13915.39" CO="218.96" HC="1.34" NOx="5.89" PMx="0.32" fuel="5.98" electricity="0.00" noise="75.04" route="routebottom" type="cfm-fast" waiting="0.00" lane="bottom_0" pos="28.86" speed="25.71" angle="42.53" x="117.66" y="21.37"/>
        <vehicle id="cfm-fast_4" eclass="HBEFA3/PC_G_EU4" CO2="161580.03" CO="6314.07" HC="33.07" NOx="74.43" PMx="5.47" fuel="69.46" electricity="0.00" noise="119.59" route="routetop" type="cfm-fast" waiting="0.00" lane="top_1" pos="27.18" speed="106.78" angle="225.61" x="14.43" y="106.57"/>
        <vehicle id="cfm-fast_5" eclass="HBEFA3/PC_G_EU4" CO2="13805.03" CO="222.89" HC="1.36" NOx="5.80" PMx="0.32" fuel="5.93" electricity="0.00" noise="75.30" route="routebottom" type="cfm-fast" waiting="0.00" lane="bottom_0" pos="45.70" speed="27.12" angle="12.29" x="131.63" y="54.35"/>
        <vehicle id="cfm-slow_0" eclass="HBEFA3/PC_G_EU4" CO2="9954.42" CO="150.34" HC="0.94" NOx="3.96" PMx="0.23" fuel="4.28" electricity="0.00" noise="74.29" route="routebottom" type="cfm-slow" waiting="0.00" lane="right_0" pos="13.98" speed="28.34" angle="339.31" x="125.75" y="92.87"/>
        <vehicle id="cfm-slow_1" eclass="HBEFA3/PC_G_EU4" CO2="0.00" CO="0.00" HC="0.00" NOx="0.00" PMx="0.00" fuel="0.00" electricity="0.00" noise="73.04" route="routebottom" type="cfm-slow" waiting="0.00" lane="right_0" pos="37.45" speed="28.91" angle="297.10" x="90.06" y="126.98"/>
        <vehicle id="cfm-slow_2" eclass="HBEFA3/PC_G_EU4" CO2="0.00" CO="0.00" HC="0.00" NOx="0.00" PMx="0.00" fuel="0.00" electricity="0.00" noise="72.09" route="routetop" type="cfm-slow" waiting="0.00" lane="top_0" pos="11.42" speed="28.58" angle="253.86" x="39.54" y="127.88"/>
        <vehicle id="cfm-slow_3" eclass="HBEFA3/PC_G_EU4" CO2="0.00" CO="0.00" HC="0.00" NOx="0.00" PMx="0.00" fuel="0.00" electricity="0.00" noise="71.30" route="routetop" type="cfm-slow" waiting="0.00" lane="top_0" pos="34.98" speed="27.48" angle="211.60" x="2.57" y="94.89"/>
        <vehicle id="cfm-slow_4" eclass="HBEFA3/PC_G_EU4" CO2="0.00" CO="0.00" HC="0.00" NOx="0.00" PMx="0.00" fuel="0.00" electricity="0.00" noise="70.63" route="routetop" type="cfm-slow" waiting="0.00" lane="left_0" pos="7.37" speed="26.02" angle="171.14" x="-3.09" y="47.87"/>
        <vehicle id="cfm-slow_5" eclass="HBEFA3/PC_G_EU4" CO2="0.00" CO="0.00" HC="0.00" NOx="0.00" PMx="0.00" fuel="0.00" electricity="0.00" noise="70.50" route="routetop" type="cfm-slow" waiting="0.00" lane="left_0" pos="28.26" speed="24.79" angle="133.64" x="20.36" y="10.45"/>
    </timestep>
    <timestep time="8.29">
        <vehicle id="cfm-fast_0" eclass="HBEFA3/PC_G_EU4" CO2="6005.94" CO="51.47" HC="0.38" NOx="2.19" PMx="0.11" fuel="2.58" electricity="0.00" noise="71.51" route="routetop" type="cfm-fast" waiting="0.00" lane="left_0" pos="48.20" speed="24.26" angle="97.77" x="59.70" y="-4.82"/>
        <vehicle id="cfm-fast_1" eclass="HBEFA3/PC_G_EU4" CO2="300216.32" CO="8569.15" HC="46.73" NOx="139.91" PMx="8.85" fuel="129.05" electricity="0.00" noise="142.64" route="routebottom" type="cfm-fast" waiting="0.00" lane="bottom_1" pos="38.10" speed="97.95" angle="25.89" x="124.44" y="39.79"/>
        <vehicle id="cfm-fast_2" eclass="HBEFA3/PC_G_EU4" CO2="11006.58" CO="155.40" HC="0.98" NOx="4.54" PMx="0.24" fuel="4.73" electricity="0.00" noise="73.48" route="routebottom" type="cfm-fast" waiting="0.00" lane="bottom_0" pos="13.44" speed="24.61" angle="70.29" x="91.82" y="1.11"/>
        <vehicle id="cfm-fast_3" eclass="HBEFA3/PC_G_EU4" CO2="13915.64" CO="219.02" HC="1.34" NOx="5.89" PMx="0.32" fuel="5.98" electricity="0.00" noise="75.05" route="routebottom" type="cfm-fast" waiting="0.00" lane="bottom_0" pos="29.11" speed="25.72" angle="42.06" x="118.01" y="21.81"/>
        <vehicle id="cfm-fast_4" eclass="HBEFA3/PC_G_EU4" CO2="160220.12" CO="6288.17" HC="32.92" NOx="73.79" PMx="5.44" fuel="68.87" electricity="0.00" noise="119.37" route="routetop" type="cfm-fast" waiting="0.00" lane="top_1" pos="28.25" speed="106.81" angle="223.65" x="13.02" y="104.90"/>
        <vehicle id="cfm-fast_5" eclass="HBEFA3/PC_G_EU4" CO2="13770.16" CO="222.23" HC="1.36" NOx="5.79" PMx="0.32" fuel="5.92" electricity="0.00" noise="75.29" route="routebottom" type="cfm-fast" waiting="0.00" lane="bottom_0" pos="45.97" speed="27.13" angle="11.79" x="131.71" y="54.93"/>
        <vehicle id="cfm-slow_0" eclass="HBEFA3/PC_G_EU4" CO2="9894.44" CO="149.15" HC="0.93" NOx="3.93" PMx="0.23" fuel="4.25" electricity="0.00" noise="74.27" route="routebottom" type="cfm-slow" waiting="0.00" lane="right_0" pos="14.26" speed="28.35" angle="338.82" x="125.48" y="93.42"/>
        <vehicle id="cfm-slow_1" eclass="HBEFA3/PC_G_EU4" CO2="0.00" CO="0.00" HC="0.00" NOx="0.00" PMx="0.00" fuel="0.00" electricity="0.00" noise="73.02" route="routebottom" type="cfm-slow" waiting="0.00" lane="right_0" pos="37.74" speed="28.90" angle="296.58" x="89.48" y="127.21"/>
        <vehicle id="cfm-slow_2" eclass="HBEFA3/PC_G_EU4" CO2="0.00" CO="0.00" HC="0.00" NOx="0.00" PMx="0.00" fuel="0.00" electricity="0.00" noise="72.08" route="routetop" type="cfm-slow" waiting="0.00" lane="top_0" pos="11.70" speed="28.57" angle="253.38" x="38.96" y="127.66"/>
        <vehicle id="cfm-slow_3" eclass="HBEFA3/PC_G_EU4" CO2="0.00" CO="0.00" HC="0.00" NOx="0.00" PMx="0.00" fuel="0.00" electricity="0.00" noise="71.29" route="routetop" type="cfm-slow" waiting="0.00" lane="top_0" pos="35.25" speed="27.47" angle="211.09" x="2.31" y="94.36"/>
        <vehicle id="cfm-slow_4" eclass="HBEFA3/PC_G_EU4" CO2="0.00" CO="0.00" HC="0.00" NOx="0.00" PMx="0.00" fuel="0.00" electricity="0.00" noise="70.63" route="routetop" type="cfm-slow" waiting="0.00" lane="left_0" pos="7.63" speed="26.01" angle="170.69" x="-2.97" y="47.32"/>
        <vehicle id="cfm-slow_5" eclass="HBEFA3/PC_G_EU4" CO2="0.00" CO="0.00" HC="0.00" NOx="0.00" PMx="0.00" fuel="0.00" electricity="0.00" noise="70.51" route="routetop" type="cfm-slow" waiting="0.00" lane="left_0" pos="28.51" speed="24.78" angle="133.18" x="20.78" y="10.12"/>
    </timestep>
    <timestep time="8.30">
        <vehicle id="cfm-fast_0" eclass="HBEFA3/PC_G_EU4" CO2="6053.71" CO="52.47" HC="0.39" NOx="2.21" PMx="0.11" fuel="2.60" electricity="0.00" noise="71.53" route="routetop" type="cfm-fast" waiting="0.00" lane="left_0" pos="48.44" speed="24.26" angle="97.31" x="60.22" y="-4.85"/>
        <vehicle id="cfm-fast_1" eclass="HBEFA3/PC_G_EU4" CO2="299029.56" CO="8550.59" HC="46.62" NOx="139.35" PMx="8.82" fuel="128.54" electricity="0.00" noise="142.42" route="routebottom" type="cfm-fast" waiting="0.00" lane="bottom_1" pos="39.08" speed="98.04" angle="24.16" x="125.14" y="41.68"/>
        <vehicle id="cfm-fast_2" eclass="HBEFA3/PC_G_EU4" CO2="11035.17" CO="156.02" HC="0.98" NOx="4.55" PMx="0.25" fuel="4.74" electricity="0.00" noise="73.50" route="routebottom" type="cfm-fast" waiting="0.00" lane="bottom_0" pos="13.69" speed="24.62" angle="69.83" x="92.31" y="1.33"/>
        <vehicle id="cfm-fast_3" eclass="HBEFA3/PC_G_EU4" CO2="13915.56" CO="219.07" HC="1.34" NOx="5.89" PMx="0.32" fuel="5.98" electricity="0.00" noise="75.05" route="routebottom" type="cfm-fast" waiting="0.00" lane="bottom_0" pos="29.37" speed="25.74" angle="41.59" x="118.35" y="22.24"/>
        <vehicle id="cfm-fast_4" eclass="HBEFA3/PC_G_EU4" CO2="158884.88" CO="6262.75" HC="32.77" NOx="73.16" PMx="5.40" fuel="68.30" electricity="0.00" noise="119.17" route="routetop" type="cfm-fast" waiting="0.00" lane="top_1" pos="29.32" speed="106.84" angle="221.70" x="11.67" y="103.17"/>
        <vehicle id="cfm-fast_5" eclass="HBEFA3/PC_G_EU4" CO2="13735.04" CO="221.57" HC="1.35" NOx="5.77" PMx="0.32" fuel="5.90" electricity="0.00" noise="75.28" route="routebottom" type="cfm-fast" waiting="0.00" lane="bottom_0" pos="46.25" speed="27.14" angle="11.36" x="131.79" y="55.51"/>
        <vehicle id="cfm-slow_0" eclass="HBEFA3/PC_G_EU4" CO2="9834.41" CO="147.95" HC="0.92" NOx="3.90" PMx="0.23" fuel="4.23" electricity="0.00" noise="74.26" route="routebottom" type="cfm-slow" waiting="0.00" lane="right_0" pos="14.55" speed="28.36" angle="338.28" x="125.21" y="93.97"/>
        <vehicle id="cfm-slow_1" eclass="HBEFA3/PC_G_EU4" CO2="0.00" CO="0.00" HC="0.00" NOx="0.00" PMx="0.00" fuel="0.00" electricity="0.00" noise="73.01" route="routebottom" type="cfm-slow" waiting="0.00" lane="right_0" pos="38.03" speed="28.90" angle="296.06" x="88.91" y="127.44"/>
        <vehicle id="cfm-slow_2" eclass="HBEFA3/PC_G_EU4" CO2="0.00" CO="0.00" HC="0.00" NOx="0.00" PMx="0.00" fuel="0.00" electricity="0.00" noise="72.08" route="routetop" type="cfm-slow" waiting="0.00" lane="top_0" pos="11.99" speed="28.56" angle="252.86" x="38.39" y="127.43"/>
        <vehicle id="cfm-slow_3" eclass="HBEFA3/PC_G_EU4" CO2="0.00" CO="0.00" HC="0.00" NOx="0.00" PMx="0.00" fuel="0.00" electricity="0.00" noise="71.29" route="routetop" type="cfm-slow" waiting="0.00" lane="top_0" pos="35.53" speed="27.45" angle="210.59" x="2.05" y="93.83"/>
        <vehicle id="cfm-slow_4" eclass="HBEFA3/PC_G_EU4" CO2="0.00" CO="0.00" HC="0.00" NOx="0.00" PMx="0.00" fuel="0.00" electricity="0.00" noise="70.63" route="routetop" type="cfm-slow" waiting="0.00" lane="left_0" pos="7.89" speed="26.00" angle="170.23" x="-2.83" y="46.78"/>
        <vehicle id="cfm-slow_5" eclass="HBEFA3/PC_G_EU4" CO2="0.00" CO="0.00" HC="0.00" NOx="0.00" PMx="0.00" fuel="0.00" electricity="0.00" noise="70.51" route="routetop" type="cfm-slow" waiting="0.00" lane="left_0" pos="28.76" speed="24.78" angle="132.72" x="21.20" y="9.79"/>
    </timestep>
    <timestep time="8.31">
        <vehicle id="cfm-fast_0" eclass="HBEFA3/PC_G_EU4" CO2="6101.31" CO="53.45" HC="0.39" NOx="2.23" PMx="0.12" fuel="2.62" electricity="0.00" noise="71.55" route="routetop" type="cfm-fast" waiting="0.00" lane="left_0" pos="48.69" speed="24.26" angle="96.87" x="60.74" y="-4.88"/>
        <vehicle id="cfm-fast_1" eclass="HBEFA3/PC_G_EU4" CO2="297839.48" CO="8531.93" HC="46.50" NOx="138.78" PMx="8.79" fuel="128.03" electricity="0.00" noise="142.20" route="routebottom" type="cfm-fast" waiting="0.00" lane="bottom_1" pos="40.06" speed="98.13" angle="22.45" x="125.81" y="43.58"/>
        <vehicle id="cfm-fast_2" eclass="HBEFA3/PC_G_EU4" CO2="11063.50" CO="156.63" HC="0.99" NOx="4.57" PMx="0.25" fuel="4.76" electricity="0.00" noise="73.51" route="routebottom" type="cfm-fast" waiting="0.00" lane="bottom_0" pos="13.94" speed="24.63" angle="69.37" x="92.79" y="1.54"/>
        <vehicle id="cfm-fast_3" eclass="HBEFA3/PC_G_EU4" CO2="13915.18" CO="219.12" HC="1.34" NOx="5.89" PMx="0.32" fuel="5.98" electricity="0.00" noise="75.05" route="routebottom" type="cfm-fast" waiting="0.00" lane="bottom_0" pos="29.63" speed="25.75" angle="41.17" x="118.68" y="22.69"/>
        <vehicle id="cfm-fast_4" eclass="HBEFA3/PC_G_EU4" CO2="157573.89" CO="6237.80" HC="32.62" NOx="72.54" PMx="5.37" fuel="67.73" electricity="0.00" noise="118.96" route="routetop" type="cfm-fast" waiting="0.00" lane="top_1" pos="30.38" speed="106.87" angle="219.74" x="10.38" y="101.40"/>
        <vehicle id="cfm-fast_5" eclass="HBEFA3/PC_G_EU4" CO2="13699.67" CO="220.91" HC="1.35" NOx="5.75" PMx="0.32" fuel="5.89" electricity="0.00" noise="75.27" route="routebottom" type="cfm-fast" waiting="0.00" lane="bottom_0" pos="46.52" speed="27.16" angle="10.86" x="131.85" y="56.09"/>
        <vehicle id="cfm-slow_0" eclass="HBEFA3/PC_G_EU4" CO2="9774.34" CO="146.75" HC="0.91" NOx="3.87" PMx="0.22" fuel="4.20" electricity="0.00" noise="74.24" route="routebottom" type="cfm-slow" waiting="0.00" lane="right_0" pos="14.83" speed="28.36" angle="337.74" x="124.93" y="94.51"/>
        <vehicle id="cfm-slow_1" eclass="HBEFA3/PC_G_EU4" CO2="0.00" CO="0.00" HC="0.00" NOx="0.00" PMx="0.00" fuel="0.00" electricity="0.00" noise="73.00" route="routebottom" type="cfm-slow" waiting="0.00" lane="right_0" pos="38.32" speed="28.90" angle="295.54" x="88.33" y="127.67"/>
        <vehicle id="cfm-slow_2" eclass="HBEFA3/PC_G_EU4" CO2="0.00" CO="0.00" HC="0.00" NOx="0.00" PMx="0.00" fuel="0.00" electricity="0.00" noise="72.07" route="routetop" type="cfm-slow" waiting="0.00" lane="top_0" pos="12.27" speed="28.55" angle="252.34" x="37.82" y="127.21"/>
        <vehicle id="cfm-slow_3" eclass="HBEFA3/PC_G_EU4" CO2="0.00" CO="0.00" HC="0.00" NOx="0.00" PMx="0.00" fuel="0.00" electricity="0.00" noise="71.28" route="routetop" type="cfm-slow" waiting="0.00" lane="top_0" pos="35.80" speed="27.44" angle="210.09" x="1.78" y="93.30"/>
        <vehicle id="cfm-slow_4" eclass="HBEFA3/PC_G_EU4" CO2="0.00" CO="0.00" HC="0.00" NOx="0.00" PMx="0.00" fuel="0.00" electricity="0.00" noise="70.63" route="routetop" type="cfm-slow" waiting="0.00" lane="left_0" pos="8.15" speed="25.99" angle="169.75" x="-2.68" y="46.24"/>
        <vehicle id="cfm-slow_5" eclass="HBEFA3/PC_G_EU4" CO2="0.00" CO="0.00" HC="0.00" NOx="0.00" PMx="0.00" fuel="0.00" electricity="0.00" noise="70.52" route="routetop" type="cfm-slow" waiting="0.00" lane="left_0" pos="29.01" speed="24.77" angle="132.26" x="21.62" y="9.46"/>
    </timestep>
    <timestep time="8.32">
        <vehicle id="cfm-fast_0" eclass="HBEFA3/PC_G_EU4" CO2="6148.73" CO="54.44" HC="0.40" NOx="2.25" PMx="0.12" fuel="2.64" electricity="0.00" noise="71.56" route="routetop" type="cfm-fast" waiting="0.00" lane="left_0" pos="48.93" speed="24.27" angle="96.46" x="61.26" y="-4.90"/>
        <vehicle id="cfm-fast_1" eclass="HBEFA3/PC_G_EU4" CO2="296646.34" CO="8513.17" HC="46.39" NOx="138.22" PMx="8.76" fuel="127.51" electricity="0.00" noise="141.98" route="routebottom" type="cfm-fast" waiting="0.00" lane="bottom_1" pos="41.04" speed="98.22" angle="20.68" x="126.40" y="45.50"/>
        <vehicle id="cfm-fast_2" eclass="HBEFA3/PC_G_EU4" CO2="11091.57" CO="157.24" HC="0.99" NOx="4.58" PMx="0.25" fuel="4.77" electricity="0.00" noise="73.53" route="routebottom" type="cfm-fast" waiting="0.00" lane="bottom_0" pos="14.18" speed="24.64" angle="68.98" x="93.27" y="1.77"/>
        <vehicle id="cfm-fast_3" eclass="HBEFA3/PC_G_EU4" CO2="13914.47" CO="219.16" HC="1.34" NOx="5.89" PMx="0.32" fuel="5.98" electricity="0.00" noise="75.05" route="routebottom" type="cfm-fast" waiting="0.00" lane="bottom_0" pos="29.89" speed="25.76" angle="40.70" x="119.00" y="23.14"/>
        <vehicle id="cfm-fast_4" eclass="HBEFA3/PC_G_EU4" CO2="156286.72" CO="6213.30" HC="32.48" NOx="71.93" PMx="5.34" fuel="67.18" electricity="0.00" noise="118.76" route="routetop" type="cfm-fast" waiting="0.00" lane="top_1" pos="31.45" speed="106.90" angle="217.85" x="9.14" y="99.59"/>
        <vehicle id="cfm-fast_5" eclass="HBEFA3/PC_G_EU4" CO2="13664.05" CO="220.24" HC="1.34" NOx="5.74" PMx="0.32" fuel="5.87" electricity="0.00" noise="75.26" route="routebottom" type="cfm-fast" waiting="0.00" lane="bottom_0" pos="46.79" speed="27.17" angle="10.37" x="131.91" y="56.67"/>
        <vehicle id="cfm-slow_0" eclass="HBEFA3/PC_G_EU4" CO2="9714.24" CO="145.55" HC="0.91" NOx="3.85" PMx="0.22" fuel="4.18" electricity="0.00" noise="74.22" route="routebottom" type="cfm-slow" waiting="0.00" lane="right_0" pos="15.11" speed="28.37" angle="337.20" x="124.66" y="95.06"/>
        <vehicle id="cfm-slow_1" eclass="HBEFA3/PC_G_EU4" CO2="0.00" CO="0.00" HC="0.00" NOx="0.00" PMx="0.00" fuel="0.00" electricity="0.00" noise="72.99" route="routebottom" type="cfm-slow" waiting="0.00" lane="right_0" pos="38.61" speed="28.90" angle="295.07" x="87.75" y="127.90"/>
        <vehicle id="cfm-slow_2" eclass="HBEFA3/PC_G_EU4" CO2="0.00" CO="0.00" HC="0.00" NOx="0.00" PMx="0.00" fuel="0.00" electricity="0.00" noise="72.06" route="routetop" type="cfm-slow" waiting="0.00" lane="top_0" pos="12.56" speed="28.54" angle="251.83" x="37.25" y="126.98"/>
        <vehicle id="cfm-slow_3" eclass="HBEFA3/PC_G_EU4" CO2="0.00" CO="0.00" HC="0.00" NOx="0.00" PMx="0.00" fuel="0.00" electricity="0.00" noise="71.27" route="routetop" type="cfm-slow" waiting="0.00" lane="top_0" pos="36.08" speed="27.43" angle="209.63" x="1.53" y="92.77"/>
        <vehicle id="cfm-slow_4" eclass="HBEFA3/PC_G_EU4" CO2="0.00" CO="0.00" HC="0.00" NOx="0.00" PMx="0.00" fuel="0.00" electricity="0.00" noise="70.62" route="routetop" type="cfm-slow" waiting="0.00" lane="left_0" pos="8.40" speed="25.98" angle="169.28" x="-2.54" y="45.70"/>
        <vehicle id="cfm-slow_5" eclass="HBEFA3/PC_G_EU4" CO2="0.00" CO="0.00" HC="0.00" NOx="0.00" PMx="0.00" fuel="0.00" electricity="0.00" noise="70.52" route="routetop" type="cfm-slow" waiting="0.00" lane="left_0" pos="29.25" speed="24.77" angle="131.80" x="22.04" y="9.13"/>
    </timestep>
    <timestep time="8.33">
        <vehicle id="cfm-fast_0" eclass="HBEFA3/PC_G_EU4" CO2="6195.98" CO="55.42" HC="0.41" NOx="2.28" PMx="0.12" fuel="2.66" electricity="0.00" noise="71.58" route="routetop" type="cfm-fast" waiting="0.00" lane="left_0" pos="49.17" speed="24.27" angle="96.02" x="61.79" y="-4.91"/>
        <vehicle id="cfm-fast_1" eclass="HBEFA3/PC_G_EU4" CO2="295450.37" CO="8494.32" HC="46.27" NOx="137.66" PMx="8.73" fuel="127.00" electricity="0.00" noise="141.76" route="routebottom" type="cfm-fast" waiting="0.00" lane="bottom_1" pos="42.02" speed="98.31" angle="18.84" x="126.92" y="47.45"/>
        <vehicle id="cfm-fast_2" eclass="HBEFA3/PC_G_EU4" CO2="11119.39" CO="157.85" HC="0.99" NOx="4.59" PMx="0.25" fuel="4.78" electricity="0.00" noise="73.54" route="routebottom" type="cfm-fast" waiting="0.00" lane="bottom_0" pos="14.43" speed="24.65" angle="68.52" x="93.74" y="2.01"/>
        <vehicle id="cfm-fast_3" eclass="HBEFA3/PC_G_EU4" CO2="13913.46" CO="219.19" HC="1.34" NOx="5.88" PMx="0.32" fuel="5.98" electricity="0.00" noise="75.06" route="routebottom" type="cfm-fast" waiting="0.00" lane="bottom_0" pos="30.15" speed="25.78" angle="40.22" x="119.33" y="23.58"/>
        <vehicle id="cfm-fast_4" eclass="HBEFA3/PC_G_EU4" CO2="155022.96" CO="6189.25" HC="32.34" NOx="71.34" PMx="5.31" fuel="66.64" electricity="0.00" noise="118.57" route="routetop" type="cfm-fast" waiting="0.00" lane="top_1" pos="32.52" speed="106.92" angle="215.98" x="7.96" y="97.75"/>
        <vehicle id="cfm-fast_5" eclass="HBEFA3/PC_G_EU4" CO2="13628.19" CO="219.56" HC="1.34" NOx="5.72" PMx="0.32" fuel="5.86" electricity="0.00" noise="75.25" route="routebottom" type="cfm-fast" waiting="0.00" lane="bottom_0" pos="47.06" speed="27.18" angle="9.87" x="131.97" y="57.26"/>
        <vehicle id="cfm-slow_0" eclass="HBEFA3/PC_G_EU4" CO2="9654.11" CO="144.35" HC="0.90" NOx="3.82" PMx="0.22" fuel="4.15" electricity="0.00" noise="74.21" route="routebottom" type="cfm-slow" waiting="0.00" lane="right_0" pos="15.40" speed="28.37" angle="336.74" x="124.39" y="95.60"/>
        <vehicle id="cfm-slow_1" eclass="HBEFA3/PC_G_EU4" CO2="0.00" CO="0.00" HC="0.00" NOx="0.00" PMx="0.00" fuel="0.00" electricity="0.00" noise="72.98" route="routebottom" type="cfm-slow" waiting="0.00" lane="right_0" pos="38.89" speed="28.89" angle="294.54" x="87.16" y="128.11"/>
        <vehicle id="cfm-slow_2" eclass="HBEFA3/PC_G_EU4" CO2="0.00" CO="0.00" HC="0.00" NOx="0.00" PMx="0.00" fuel="0.00" electricity="0.00" noise="72.05" route="routetop" type="cfm-slow" waiting="0.00" lane="top_0" pos="12.84" speed="28.53" angle="251.37" x="36.68" y="126.75"/>
        <vehicle id="cfm-slow_3" eclass="HBEFA3/PC_G_EU4" CO2="0.00" CO="0.00" HC="0.00" NOx="0.00" PMx="0.00" fuel="0.00" electricity="0.00" noise="71.27" route="routetop" type="cfm-slow" waiting="0.00" lane="top_0" pos="36.35" speed="27.41" angle="209.11" x="1.29" y="92.23"/>
        <vehicle id="cfm-slow_4" eclass="HBEFA3/PC_G_EU4" CO2="0.00" CO="0.00" HC="0.00" NOx="0.00" PMx="0.00" fuel="0.00" electricity="0.00" noise="70.62" route="routetop" type="cfm-slow" waiting="0.00" lane="left_0" pos="8.66" speed="25.96" angle="168.80" x="-2.40" y="45.16"/>
        <vehicle id="cfm-slow_5" eclass="HBEFA3/PC_G_EU4" CO2="0.00" CO="0.00" HC="0.00" NOx="0.00" PMx="0.00" fuel="0.00" electricity="0.00" noise="70.53" route="routetop" type="cfm-slow" waiting="0.00" lane="left_0" pos="29.50" speed="24.76" angle="131.41" x="22.46" y="8.80"/>
    </timestep>
    <timestep time="8.34">
        <vehicle id="cfm-fast_0" eclass="HBEFA3/PC_G_EU4" CO2="6243.05" CO="56.40" HC="0.41" NOx="2.30" PMx="0.12" fuel="2.68" electricity="0.00" noise="71.59" route="routetop" type="cfm-fast" waiting="0.00" lane="left_0" pos="49.41" speed="24.27" angle="95.58" x="62.31" y="-4.92"/>
        <vehicle id="cfm-fast_1" eclass="HBEFA3/PC_G_EU4" CO2="294251.81" CO="8475.39" HC="46.16" NOx="137.09" PMx="8.70" fuel="126.48" electricity="0.00" noise="141.54" route="routebottom" type="cfm-fast" waiting="0.00" lane="bottom_1" pos="43.01" speed="98.40" angle="17.14" x="127.39" y="49.41"/>
        <vehicle id="cfm-fast_2" eclass="HBEFA3/PC_G_EU4" CO2="11146.95" CO="158.45" HC="1.00" NOx="4.60" PMx="0.25" fuel="4.79" electricity="0.00" noise="73.56" route="routebottom" type="cfm-fast" waiting="0.00" lane="bottom_0" pos="14.67" speed="24.66" angle="68.05" x="94.22" y="2.24"/>
        <vehicle id="cfm-fast_3" eclass="HBEFA3/PC_G_EU4" CO2="13912.12" CO="219.22" HC="1.34" NOx="5.88" PMx="0.32" fuel="5.98" electricity="0.00" noise="75.06" route="routebottom" type="cfm-fast" waiting="0.00" lane="bottom_0" pos="30.40" speed="25.79" angle="39.75" x="119.65" y="24.03"/>
        <vehicle id="cfm-fast_4" eclass="HBEFA3/PC_G_EU4" CO2="153782.18" CO="6165.64" HC="32.20" NOx="70.75" PMx="5.27" fuel="66.10" electricity="0.00" noise="118.38" route="routetop" type="cfm-fast" waiting="0.00" lane="top_1" pos="33.59" speed="106.95" angle="214.09" x="6.85" y="95.86"/>
        <vehicle id="cfm-fast_5" eclass="HBEFA3/PC_G_EU4" CO2="13592.09" CO="218.88" HC="1.34" NOx="5.70" PMx="0.32" fuel="5.84" electricity="0.00" noise="75.23" route="routebottom" type="cfm-fast" waiting="0.00" lane="bottom_0" pos="47.33" speed="27.19" angle="9.37" x="132.03" y="57.84"/>
        <vehicle id="cfm-slow_0" eclass="HBEFA3/PC_G_EU4" CO2="9593.94" CO="143.14" HC="0.89" NOx="3.79" PMx="0.22" fuel="4.12" electricity="0.00" noise="74.19" route="routebottom" type="cfm-slow" waiting="0.00" lane="right_0" pos="15.68" speed="28.38" angle="336.22" x="124.09" y="96.14"/>
        <vehicle id="cfm-slow_1" eclass="HBEFA3/PC_G_EU4" CO2="0.00" CO="0.00" HC="0.00" NOx="0.00" PMx="0.00" fuel="0.00" electricity="0.00" noise="72.97" route="routebottom" type="cfm-slow" waiting="0.00" lane="right_0" pos="39.18" speed="28.89" angle="294.02" x="86.58" y="128.32"/>
        <vehicle id="cfm-slow_2" eclass="HBEFA3/PC_G_EU4" CO2="0.00" CO="0.00" HC="0.00" NOx="0.00" PMx="0.00" fuel="0.00" electricity="0.00" noise="72.04" route="routetop" type="cfm-slow" waiting="0.00" lane="top_0" pos="13.13" speed="28.52" angle="250.85" x="36.12" y="126.50"/>
        <vehicle id="cfm-slow_3" eclass="HBEFA3/PC_G_EU4" CO2="0.00" CO="0.00" HC="0.00" NOx="0.00" PMx="0.00" fuel="0.00" electricity="0.00" noise="71.26" route="routetop" type="cfm-slow" waiting="0.00" lane="top_0" pos="36.62" speed="27.40" angle="208.60" x="1.05" y="91.69"/>
        <vehicle id="cfm-slow_4" eclass="HBEFA3/PC_G_EU4" CO2="0.00" CO="0.00" HC="0.00" NOx="0.00" PMx="0.00" fuel="0.00" electricity="0.00" noise="70.62" route="routetop" type="cfm-slow" waiting="0.00" lane="left_0" pos="8.92" speed="25.95" angle="168.38" x="-2.25" y="44.62"/>
        <vehicle id="cfm-slow_5" eclass="HBEFA3/PC_G_EU4" CO2="0.00" CO="0.00" HC="0.00" NOx="0.00" PMx="0.00" fuel="0.00" electricity="0.00" noise="70.54" route="routetop" type="cfm-slow" waiting="0.00" lane="left_0" pos="29.75" speed="24.76" angle="130.95" x="22.89" y="8.49"/>
    </timestep>
    <timestep time="8.35">
        <vehicle id="cfm-fast_0" eclass="HBEFA3/PC_G_EU4" CO2="6289.95" CO="57.37" HC="0.42" NOx="2.32" PMx="0.12" fuel="2.70" electricity="0.00" noise="71.61" route="routetop" type="cfm-fast" waiting="0.00" lane="left_0" pos="49.66" speed="24.28" angle="95.13" x="62.83" y="-4.93"/>
        <vehicle id="cfm-fast_1" eclass="HBEFA3/PC_G_EU4" CO2="293050.89" CO="8456.38" HC="46.04" NOx="136.52" PMx="8.67" fuel="125.97" electricity="0.00" noise="141.32" route="routebottom" type="cfm-fast" waiting="0.00" lane="bottom_1" pos="43.99" speed="98.49" angle="15.39" x="127.80" y="51.39"/>
        <vehicle id="cfm-fast_2" eclass="HBEFA3/PC_G_EU4" CO2="11174.25" CO="159.04" HC="1.00" NOx="4.62" PMx="0.25" fuel="4.80" electricity="0.00" noise="73.57" route="routebottom" type="cfm-fast" waiting="0.00" lane="bottom_0" pos="14.92" speed="24.67" angle="67.59" x="94.69" y="2.48"/>
        <vehicle id="cfm-fast_3" eclass="HBEFA3/PC_G_EU4" CO2="13910.48" CO="219.24" HC="1.34" NOx="5.88" PMx="0.32" fuel="5.98" electricity="0.00" noise="75.06" route="routebottom" type="cfm-fast" waiting="0.00" lane="bottom_0" pos="30.66" speed="25.81" angle="39.29" x="119.98" y="24.48"/>
        <vehicle id="cfm-fast_4" eclass="HBEFA3/PC_G_EU4" CO2="152564.00" CO="6142.46" HC="32.06" NOx="70.18" PMx="5.24" fuel="65.58" electricity="0.00" noise="118.19" route="routetop" type="cfm-fast" waiting="0.00" lane="top_1" pos="34.66" speed="106.98" angle="212.19" x="5.79" y="93.94"/>
        <vehicle id="cfm-fast_5" eclass="HBEFA3/PC_G_EU4" CO2="13555.74" CO="218.19" HC="1.33" NOx="5.68" PMx="0.32" fuel="5.83" electricity="0.00" noise="75.22" route="routebottom" type="cfm-fast" waiting="0.00" lane="bottom_0" pos="47.61" speed="27.20" angle="8.93" x="132.08" y="58.42"/>
        <vehicle id="cfm-slow_0" eclass="HBEFA3/PC_G_EU4" CO2="9533.74" CO="141.94" HC="0.89" NOx="3.76" PMx="0.22" fuel="4.10" electricity="0.00" noise="74.18" route="routebottom" type="cfm-slow" waiting="0.00" lane="right_0" pos="15.96" speed="28.38" angle="335.71" x="123.79" y="96.67"/>
        <vehicle id="cfm-slow_1" eclass="HBEFA3/PC_G_EU4" CO2="0.00" CO="0.00" HC="0.00" NOx="0.00" PMx="0.00" fuel="0.00" electricity="0.00" noise="72.95" route="routebottom" type="cfm-slow" waiting="0.00" lane="right_0" pos="39.47" speed="28.89" angle="293.50" x="85.99" y="128.53"/>
        <vehicle id="cfm-slow_2" eclass="HBEFA3/PC_G_EU4" CO2="0.00" CO="0.00" HC="0.00" NOx="0.00" PMx="0.00" fuel="0.00" electricity="0.00" noise="72.04" route="routetop" type="cfm-slow" waiting="0.00" lane="top_0" pos="13.41" speed="28.51" angle="250.33" x="35.56" y="126.25"/>
        <vehicle id="cfm-slow_3" eclass="HBEFA3/PC_G_EU4" CO2="0.00" CO="0.00" HC="0.00" NOx="0.00" PMx="0.00" fuel="0.00" electricity="0.00" noise="71.25" route="routetop" type="cfm-slow" waiting="0.00" lane="top_0" pos="36.90" speed="27.38" angle="208.09" x="0.81" y="91.15"/>
        <vehicle id="cfm-slow_4" eclass="HBEFA3/PC_G_EU4" CO2="0.00" CO="0.00" HC="0.00" NOx="0.00" PMx="0.00" fuel="0.00" electricity="0.00" noise="70.61" route="routetop" type="cfm-slow" waiting="0.00" lane="left_0" pos="9.18" speed="25.94" angle="167.91" x="-2.09" y="44.09"/>
        <vehicle id="cfm-slow_5" eclass="HBEFA3/PC_G_EU4" CO2="0.00" CO="0.00" HC="0.00" NOx="0.00" PMx="0.00" fuel="0.00" electricity="0.00" noise="70.54" route="routetop" type="cfm-slow" waiting="0.00" lane="left_0" pos="30.00" speed="24.75" angle="130.50" x="23.32" y="8.18"/>
    </timestep>
    <timestep time="8.36">
        <vehicle id="cfm-fast_0" eclass="HBEFA3/PC_G_EU4" CO2="6336.67" CO="58.34" HC="0.42" NOx="2.34" PMx="0.12" fuel="2.72" electricity="0.00" noise="71.63" route="routetop" type="cfm-fast" waiting="0.00" lane="left_0" pos="49.90" speed="24.28" angle="94.69" x="63.35" y="-4.95"/>
        <vehicle id="cfm-fast_1" eclass="HBEFA3/PC_G_EU4" CO2="291847.84" CO="8437.29" HC="45.92" NOx="135.95" PMx="8.65" fuel="125.45" electricity="0.00" noise="141.10" route="routebottom" type="cfm-fast" waiting="0.00" lane="bottom_1" pos="44.98" speed="98.58" angle="13.55" x="128.16" y="53.38"/>
        <vehicle id="cfm-fast_2" eclass="HBEFA3/PC_G_EU4" CO2="11201.28" CO="159.63" HC="1.01" NOx="4.63" PMx="0.25" fuel="4.81" electricity="0.00" noise="73.59" route="routebottom" type="cfm-fast" waiting="0.00" lane="bottom_0" pos="15.17" speed="24.69" angle="67.13" x="95.17" y="2.72"/>
        <vehicle id="cfm-fast_3" eclass="HBEFA3/PC_G_EU4" CO2="13908.52" CO="219.25" HC="1.34" NOx="5.88" PMx="0.32" fuel="5.98" electricity="0.00" noise="75.06" route="routebottom" type="cfm-fast" waiting="0.00" lane="bottom_0" pos="30.92" speed="25.82" angle="38.87" x="120.30" y="24.94"/>
        <vehicle id="cfm-fast_4" eclass="HBEFA3/PC_G_EU4" CO2="151368.00" CO="6119.70" HC="31.93" NOx="69.61" PMx="5.21" fuel="65.07" electricity="0.00" noise="118.00" route="routetop" type="cfm-fast" waiting="0.00" lane="top_1" pos="35.73" speed="107.00" angle="210.24" x="4.81" y="91.98"/>
        <vehicle id="cfm-fast_5" eclass="HBEFA3/PC_G_EU4" CO2="13519.16" CO="217.50" HC="1.33" NOx="5.67" PMx="0.32" fuel="5.81" electricity="0.00" noise="75.21" route="routebottom" type="cfm-fast" waiting="0.00" lane="bottom_0" pos="47.88" speed="27.22" angle="8.42" x="132.11" y="59.01"/>
        <vehicle id="cfm-slow_0" eclass="HBEFA3/PC_G_EU4" CO2="9473.52" CO="140.73" HC="0.88" NOx="3.73" PMx="0.22" fuel="4.07" electricity="0.00" noise="74.16" route="routebottom" type="cfm-slow" waiting="0.00" lane="right_0" pos="16.25" speed="28.39" angle="335.20" x="123.50" y="97.21"/>
        <vehicle id="cfm-slow_1" eclass="HBEFA3/PC_G_EU4" CO2="0.00" CO="0.00" HC="0.00" NOx="0.00" PMx="0.00" fuel="0.00" electricity="0.00" noise="72.94" route="routebottom" type="cfm-slow" waiting="0.00" lane="right_0" pos="39.76" speed="28.88" angle="293.04" x="85.41" y="128.75"/>
        <vehicle id="cfm-slow_2" eclass="HBEFA3/PC_G_EU4" CO2="0.00" CO="0.00" HC="0.00" NOx="0.00" PMx="0.00" fuel="0.00" electricity="0.00" noise="72.03" route="routetop" type="cfm-slow" waiting="0.00" lane="top_0" pos="13.70" speed="28.50" angle="249.81" x="35.00" y="126.00"/>
        <vehicle id="cfm-slow_3" eclass="HBEFA3/PC_G_EU4" CO2="0.00" CO="0.00" HC="0.00" NOx="0.00" PMx="0.00" fuel="0.00" electricity="0.00" noise="71.25" route="routetop" type="cfm-slow" waiting="0.00" lane="top_0" pos="37.17" speed="27.37" angle="207.63" x="0.56" y="90.62"/>
        <vehicle id="cfm-slow_4" eclass="HBEFA3/PC_G_EU4" CO2="0.00" CO="0.00" HC="0.00" NOx="0.00" PMx="0.00" fuel="0.00" electricity="0.00" noise="70.61" route="routetop" type="cfm-slow" waiting="0.00" lane="left_0" pos="9.44" speed="25.93" angle="167.42" x="-1.92" y="43.55"/>
        <vehicle id="cfm-slow_5" eclass="HBEFA3/PC_G_EU4" CO2="0.00" CO="0.00" HC="0.00" NOx="0.00" PMx="0.00" fuel="0.00" electricity="0.00" noise="70.55" route="routetop" type="cfm-slow" waiting="0.00" lane="left_0" pos="30.24" speed="24.75" angle="130.05" x="23.75" y="7.87"/>
    </timestep>
    <timestep time="8.37">
        <vehicle id="cfm-fast_0" eclass="HBEFA3/PC_G_EU4" CO2="6383.21" CO="59.31" HC="0.43" NOx="2.36" PMx="0.12" fuel="2.74" electricity="0.00" noise="71.64" route="routebottom" type="cfm-fast" waiting="0.00" lane="bottom_0" pos="0.14" speed="24.28" angle="94.21" x="64.07" y="-4.94"/>
        <vehicle id="cfm-fast_1" eclass="HBEFA3/PC_G_EU4" CO2="290642.87" CO="8418.13" HC="45.81" NOx="135.38" PMx="8.62" fuel="124.93" electricity="0.00" noise="140.88" route="routebottom" type="cfm-fast" waiting="0.00" lane="bottom_1" pos="45.97" speed="98.67" angle="11.74" x="128.44" y="55.38"/>
        <vehicle id="cfm-fast_2" eclass="HBEFA3/PC_G_EU4" CO2="11228.06" CO="160.21" HC="1.01" NOx="4.64" PMx="0.25" fuel="4.83" electricity="0.00" noise="73.60" route="routebottom" type="cfm-fast" waiting="0.00" lane="bottom_0" pos="15.42" speed="24.70" angle="66.74" x="95.64" y="2.96"/>
        <vehicle id="cfm-fast_3" eclass="HBEFA3/PC_G_EU4" CO2="13906.25" CO="219.26" HC="1.34" NOx="5.88" PMx="0.32" fuel="5.98" electricity="0.00" noise="75.07" route="routebottom" type="cfm-fast" waiting="0.00" lane="bottom_0" pos="31.18" speed="25.83" angle="38.40" x="120.60" y="25.40"/>
        <vehicle id="cfm-fast_4" eclass="HBEFA3/PC_G_EU4" CO2="150193.80" CO="6097.37" HC="31.80" NOx="69.06" PMx="5.18" fuel="64.56" electricity="0.00" noise="117.82" route="routetop" type="cfm-fast" waiting="0.00" lane="top_1" pos="36.80" speed="107.03" angle="208.28" x="3.89" y="89.98"/>
        <vehicle id="cfm-fast_5" eclass="HBEFA3/PC_G_EU4" CO2="13482.33" CO="216.80" HC="1.32" NOx="5.65" PMx="0.32" fuel="5.80" electricity="0.00" noise="75.20" route="routebottom" type="cfm-fast" waiting="0.00" lane="bottom_0" pos="48.15" speed="27.23" angle="7.90" x="132.14" y="59.59"/>
        <vehicle id="cfm-slow_0" eclass="HBEFA3/PC_G_EU4" CO2="9413.28" CO="139.53" HC="0.87" NOx="3.70" PMx="0.21" fuel="4.05" electricity="0.00" noise="74.15" route="routebottom" type="cfm-slow" waiting="0.00" lane="right_0" pos="16.53" speed="28.40" angle="334.69" x="123.20" y="97.74"/>
        <vehicle id="cfm-slow_1" eclass="HBEFA3/PC_G_EU4" CO2="0.00" CO="0.00" HC="0.00" NOx="0.00" PMx="0.00" fuel="0.00" electricity="0.00" noise="72.93" route="routebottom" type="cfm-slow" waiting="0.00" lane="right_0" pos="40.05" speed="28.88" angle="292.49" x="84.82" y="128.93"/>
        <vehicle id="cfm-slow_2" eclass="HBEFA3/PC_G_EU4" CO2="0.00" CO="0.00" HC="0.00" NOx="0.00" PMx="0.00" fuel="0.00" electricity="0.00" noise="72.02" route="routetop" type="cfm-slow" waiting="0.00" lane="top_0" pos="13.98" speed="28.49" angle="249.30" x="34.44" y="125.75"/>
        <vehicle id="cfm-slow_3" eclass="HBEFA3/PC_G_EU4" CO2="0.00" CO="0.00" HC="0.00" NOx="0.00" PMx="0.00" fuel="0.00" electricity="0.00" noise="71.24" route="routetop" type="cfm-slow" waiting="0.00" lane="top_0" pos="37.45" speed="27.36" angle="207.15" x="0.34" y="90.07"/>
        <vehicle id="cfm-slow_4" eclass="HBEFA3/PC_G_EU4" CO2="0.00" CO="0.00" HC="0.00" NOx="0.00" PMx="0.00" fuel="0.00" electricity="0.00" noise="70.61" route="routetop" type="cfm-slow" waiting="0.00" lane="left_0" pos="9.70" speed="25.92" angle="166.94" x="-1.76" y="43.02"/>
        <vehicle id="cfm-slow_5" eclass="HBEFA3/PC_G_EU4" CO2="0.00" CO="0.00" HC="0.00" NOx="0.00" PMx="0.00" fuel="0.00" electricity="0.00" noise="70.56" route="routetop" type="cfm-slow" waiting="0.00" lane="left_0" pos="30.49" speed="24.74" angle="129.59" x="24.19" y="7.56"/>
    </timestep>
    <timestep time="8.38">
        <vehicle id="cfm-fast_0" eclass="HBEFA3/PC_G_EU4" CO2="6429.57" CO="60.28" HC="0.43" NOx="2.39" PMx="0.12" fuel="2.76" electricity="0.00" noise="71.66" route="routebottom" type="cfm-fast" waiting="0.00" lane="bottom_0" pos="0.38" speed="24.29" angle="93.77" x="64.59" y="-4.93"/>
        <vehicle id="cfm-fast_1" eclass="HBEFA3/PC_G_EU4" CO2="289436.21" CO="8398.90" HC="45.69" NOx="134.81" PMx="8.59" fuel="124.41" electricity="0.00" noise="140.66" route="routebottom" type="cfm-fast" waiting="0.00" lane="bottom_1" pos="46.95" speed="98.75" angle="10.04" x="128.67" y="57.39"/>
        <vehicle id="cfm-fast_2" eclass="HBEFA3/PC_G_EU4" CO2="11254.58" CO="160.79" HC="1.01" NOx="4.65" PMx="0.25" fuel="4.84" electricity="0.00" noise="73.62" route="routebottom" type="cfm-fast" waiting="0.00" lane="bottom_0" pos="15.66" speed="24.71" angle="66.29" x="96.11" y="3.21"/>
        <vehicle id="cfm-fast_3" eclass="HBEFA3/PC_G_EU4" CO2="13903.66" CO="219.26" HC="1.34" NOx="5.88" PMx="0.32" fuel="5.98" electricity="0.00" noise="75.07" route="routebottom" type="cfm-fast" waiting="0.00" lane="bottom_0" pos="31.44" speed="25.85" angle="37.94" x="120.91" y="25.87"/>
        <vehicle id="cfm-fast_4" eclass="HBEFA3/PC_G_EU4" CO2="149041.01" CO="6075.45" HC="31.67" NOx="68.51" PMx="5.15" fuel="64.07" electricity="0.00" noise="117.64" route="routetop" type="cfm-fast" waiting="0.00" lane="top_1" pos="37.87" speed="107.05" angle="206.32" x="3.05" y="87.95"/>
        <vehicle id="cfm-fast_5" eclass="HBEFA3/PC_G_EU4" CO2="13445.27" CO="216.10" HC="1.32" NOx="5.63" PMx="0.32" fuel="5.78" electricity="0.00" noise="75.19" route="routebottom" type="cfm-fast" waiting="0.00" lane="bottom_0" pos="48.42" speed="27.24" angle="7.39" x="132.18" y="60.18"/>
        <vehicle id="cfm-slow_0" eclass="HBEFA3/PC_G_EU4" CO2="9353.02" CO="138.32" HC="0.87" NOx="3.67" PMx="0.21" fuel="4.02" electricity="0.00" noise="74.13" route="routebottom" type="cfm-slow" waiting="0.00" lane="right_0" pos="16.82" speed="28.40" angle="334.22" x="122.90" y="98.27"/>
        <vehicle id="cfm-slow_1" eclass="HBEFA3/PC_G_EU4" CO2="0.00" CO="0.00" HC="0.00" NOx="0.00" PMx="0.00" fuel="0.00" electricity="0.00" noise="72.92" route="routebottom" type="cfm-slow" waiting="0.00" lane="right_0" pos="40.34" speed="28.88" angle="291.94" x="84.22" y="129.11"/>
        <vehicle id="cfm-slow_2" eclass="HBEFA3/PC_G_EU4" CO2="0.00" CO="0.00" HC="0.00" NOx="0.00" PMx="0.00" fuel="0.00" electricity="0.00" noise="72.01" route="routetop" type="cfm-slow" waiting="0.00" lane="top_0" pos="14.27" speed="28.48" angle="248.81" x="33.89" y="125.48"/>
        <vehicle id="cfm-slow_3" eclass="HBEFA3/PC_G_EU4" CO2="0.00" CO="0.00" HC="0.00" NOx="0.00" PMx="0.00" fuel="0.00" electricity="0.00" noise="71.24" route="routetop" type="cfm-slow" waiting="0.00" lane="top_0" pos="37.72" speed="27.34" angle="206.64" x="0.12" y="89.53"/>
        <vehicle id="cfm-slow_4" eclass="HBEFA3/PC_G_EU4" CO2="0.00" CO="0.00" HC="0.00" NOx="0.00" PMx="0.00" fuel="0.00" electricity="0.00" noise="70.61" route="routetop" type="cfm-slow" waiting="0.00" lane="left_0" pos="9.96" speed="25.90" angle="166.46" x="-1.59" y="42.49"/>
        <vehicle id="cfm-slow_5" eclass="HBEFA3/PC_G_EU4" CO2="0.00" CO="0.00" HC="0.00" NOx="0.00" PMx="0.00" fuel="0.00" electricity="0.00" noise="70.56" route="routetop" type="cfm-slow" waiting="0.00" lane="left_0" pos="30.74" speed="24.74" angle="129.18" x="24.62" y="7.25"/>
    </timestep>
    <timestep time="8.39">
        <vehicle id="cfm-fast_0" eclass="HBEFA3/PC_G_EU4" CO2="6475.76" CO="61.24" HC="0.44" NOx="2.41" PMx="0.13" fuel="2.78" electricity="0.00" noise="71.67" route="routebottom" type="cfm-fast" waiting="0.00" lane="bottom_0" pos="0.63" speed="24.29" angle="93.33" x="65.11" y="-4.92"/>
        <vehicle id="cfm-fast_1" eclass="HBEFA3/PC_G_EU4" CO2="288228.06" CO="8379.61" HC="45.57" NOx="134.24" PMx="8.56" fuel="123.90" electricity="0.00" noise="140.44" route="routebottom" type="cfm-fast" waiting="0.00" lane="bottom_1" pos="47.94" speed="98.84" angle="8.26" x="128.83" y="59.41"/>
        <vehicle id="cfm-fast_2" eclass="HBEFA3/PC_G_EU4" CO2="11280.83" CO="161.36" HC="1.01" NOx="4.67" PMx="0.25" fuel="4.85" electricity="0.00" noise="73.63" route="routebottom" type="cfm-fast" waiting="0.00" lane="bottom_0" pos="15.91" speed="24.72" angle="65.83" x="96.57" y="3.47"/>
        <vehicle id="cfm-fast_3" eclass="HBEFA3/PC_G_EU4" CO2="13900.76" CO="219.26" HC="1.34" NOx="5.88" PMx="0.32" fuel="5.98" electricity="0.00" noise="75.07" route="routebottom" type="cfm-fast" waiting="0.00" lane="bottom_0" pos="31.69" speed="25.86" angle="37.47" x="121.22" y="26.33"/>
        <vehicle id="cfm-fast_4" eclass="HBEFA3/PC_G_EU4" CO2="147909.25" CO="6053.92" HC="31.55" NOx="67.98" PMx="5.12" fuel="63.58" electricity="0.00" noise="117.47" route="routetop" type="cfm-fast" waiting="0.00" lane="top_1" pos="38.94" speed="107.08" angle="204.39" x="2.27" y="85.90"/>
        <vehicle id="cfm-fast_5" eclass="HBEFA3/PC_G_EU4" CO2="13407.97" CO="215.40" HC="1.32" NOx="5.61" PMx="0.31" fuel="5.76" electricity="0.00" noise="75.17" route="routebottom" type="cfm-fast" waiting="0.00" lane="bottom_0" pos="48.69" speed="27.25" angle="6.91" x="132.21" y="60.76"/>
        <vehicle id="cfm-slow_0" eclass="HBEFA3/PC_G_EU4" CO2="9292.74" CO="137.11" HC="0.86" NOx="3.65" PMx="0.21" fuel="3.99" electricity="0.00" noise="74.11" route="routebottom" type="cfm-slow" waiting="0.00" lane="right_0" pos="17.10" speed="28.41" angle="333.71" x="122.58" y="98.79"/>
        <vehicle id="cfm-slow_1" eclass="HBEFA3/PC_G_EU4" CO2="0.00" CO="0.00" HC="0.00" NOx="0.00" PMx="0.00" fuel="0.00" electricity="0.00" noise="72.91" route="routebottom" type="cfm-slow" waiting="0.00" lane="right_0" pos="40.63" speed="28.88" angle="291.39" x="83.63" y="129.30"/>
        <vehicle id="cfm-slow_2" eclass="HBEFA3/PC_G_EU4" CO2="0.00" CO="0.00" HC="0.00" NOx="0.00" PMx="0.00" fuel="0.00" electricity="0.00" noise="72.00" route="routetop" type="cfm-slow" waiting="0.00" lane="top_0" pos="14.55" speed="28.47" angle="248.27" x="33.34" y="125.20"/>
        <vehicle id="cfm-slow_3" eclass="HBEFA3/PC_G_EU4" CO2="0.00" CO="0.00" HC="0.00" NOx="0.00" PMx="0.00" fuel="0.00" electricity="0.00" noise="71.23" route="routetop" type="cfm-slow" waiting="0.00" lane="top_0" pos="37.99" speed="27.33" angle="206.14" x="-0.09" y="88.98"/>
        <vehicle id="cfm-slow_4" eclass="HBEFA3/PC_G_EU4" CO2="0.00" CO="0.00" HC="0.00" NOx="0.00" PMx="0.00" fuel="0.00" electricity="0.00" noise="70.61" route="routetop" type="cfm-slow" waiting="0.00" lane="left_0" pos="10.22" speed="25.89" angle="166.05" x="-1.43" y="41.96"/>
        <vehicle id="cfm-slow_5" eclass="HBEFA3/PC_G_EU4" CO2="0.00" CO="0.00" HC="0.00" NOx="0.00" PMx="0.00" fuel="0.00" electricity="0.00" noise="70.57" route="routetop" type="cfm-slow" waiting="0.00" lane="left_0" pos="30.99" speed="24.73" angle="128.75" x="25.06" y="6.95"/>
    </timestep>
    <timestep time="8.40">
        <vehicle id="cfm-fast_0" eclass="HBEFA3/PC_G_EU4" CO2="6521.76" CO="62.19" HC="0.44" NOx="2.43" PMx="0.13" fuel="2.80" electricity="0.00" noise="71.69" route="routebottom" type="cfm-fast" waiting="0.00" lane="bottom_0" pos="0.87" speed="24.29" angle="92.89" x="65.63" y="-4.91"/>
        <vehicle id="cfm-fast_1" eclass="HBEFA3/PC_G_EU4" CO2="287018.63" CO="8360.27" HC="45.46" NOx="133.67" PMx="8.53" fuel="123.38" electricity="0.00" noise="140.22" route="routebottom" type="cfm-fast" waiting="0.00" lane="bottom_1" pos="48.93" speed="98.92" angle="6.44" x="128.93" y="61.44"/>
        <vehicle id="cfm-fast_2" eclass="HBEFA3/PC_G_EU4" CO2="11306.82" CO="161.93" HC="1.02" NOx="4.68" PMx="0.25" fuel="4.86" electricity="0.00" noise="73.65" route="routebottom" type="cfm-fast" waiting="0.00" lane="bottom_0" pos="16.16" speed="24.73" angle="65.37" x="97.04" y="3.73"/>
        <vehicle id="cfm-fast_3" eclass="HBEFA3/PC_G_EU4" CO2="13897.55" CO="219.25" HC="1.34" NOx="5.87" PMx="0.32" fuel="5.97" electricity="0.00" noise="75.07" route="routebottom" type="cfm-fast" waiting="0.00" lane="bottom_0" pos="31.95" speed="25.88" angle="37.02" x="121.53" y="26.79"/>
        <vehicle id="cfm-fast_4" eclass="HBEFA3/PC_G_EU4" CO2="146798.15" CO="6032.80" HC="31.42" NOx="67.46" PMx="5.10" fuel="63.10" electricity="0.00" noise="117.30" route="routetop" type="cfm-fast" waiting="0.00" lane="top_1" pos="40.01" speed="107.10" angle="202.49" x="1.55" y="83.83"/>
        <vehicle id="cfm-fast_5" eclass="HBEFA3/PC_G_EU4" CO2="13370.44" CO="214.68" HC="1.31" NOx="5.60" PMx="0.31" fuel="5.75" electricity="0.00" noise="75.16" route="routebottom" type="cfm-fast" waiting="0.00" lane="bottom_0" pos="48.97" speed="27.26" angle="6.43" x="132.23" y="61.35"/>
        <vehicle id="cfm-slow_0" eclass="HBEFA3/PC_G_EU4" CO2="9232.44" CO="135.90" HC="0.85" NOx="3.62" PMx="0.21" fuel="3.97" electricity="0.00" noise="74.10" route="routebottom" type="cfm-slow" waiting="0.00" lane="right_0" pos="17.38" speed="28.41" angle="333.19" x="122.27" y="99.32"/>
        <vehicle id="cfm-slow_1" eclass="HBEFA3/PC_G_EU4" CO2="0.00" CO="0.00" HC="0.00" NOx="0.00" PMx="0.00" fuel="0.00" electricity="0.00" noise="72.90" route="routebottom" type="cfm-slow" waiting="0.00" lane="right_0" pos="40.92" speed="28.87" angle="290.84" x="83.04" y="129.48"/>
        <vehicle id="cfm-slow_2" eclass="HBEFA3/PC_G_EU4" CO2="0.00" CO="0.00" HC="0.00" NOx="0.00" PMx="0.00" fuel="0.00" electricity="0.00" noise="72.00" route="routetop" type="cfm-slow" waiting="0.00" lane="top_0" pos="14.84" speed="28.46" angle="247.72" x="32.80" y="124.93"/>
        <vehicle id="cfm-slow_3" eclass="HBEFA3/PC_G_EU4" CO2="0.00" CO="0.00" HC="0.00" NOx="0.00" PMx="0.00" fuel="0.00" electricity="0.00" noise="71.22" route="routetop" type="cfm-slow" waiting="0.00" lane="top_0" pos="38.26" speed="27.31" angle="205.64" x="-0.31" y="88.43"/>
        <vehicle id="cfm-slow_4" eclass="HBEFA3/PC_G_EU4" CO2="0.00" CO="0.00" HC="0.00" NOx="0.00" PMx="0.00" fuel="0.00" electricity="0.00" noise="70.60" route="routetop" type="cfm-slow" waiting="0.00" lane="left_0" pos="10.48" speed="25.88" angle="165.57" x="-1.24" y="41.43"/>
        <vehicle id="cfm-slow_5" eclass="HBEFA3/PC_G_EU4" CO2="0.00" CO="0.00" HC="0.00" NOx="0.00" PMx="0.00" fuel="0.00" electricity="0.00" noise="70.58" route="routetop" type="cfm-slow" waiting="0.00" lane="left_0" pos="31.23" speed="24.73" angle="128.31" x="25.50" y="6.65"/>
    </timestep>
    <timestep time="8.41">
        <vehicle id="cfm-fast_0" eclass="HBEFA3/PC_G_EU4" CO2="6567.58" CO="63.15" HC="0.45" NOx="2.45" PMx="0.13" fuel="2.82" electricity="0.00" noise="71.71" route="routebottom" type="cfm-fast" waiting="0.00" lane="bottom_0" pos="1.11" speed="24.30" angle="92.45" x="66.16" y="-4.90"/>
        <vehicle id="cfm-fast_1" eclass="HBEFA3/PC_G_EU4" CO2="285808.13" CO="8340.86" HC="45.34" NOx="133.10" PMx="8.50" fuel="122.86" electricity="0.00" noise="140.00" route="routebottom" type="cfm-fast" waiting="0.00" lane="bottom_1" pos="49.92" speed="99.01" angle="4.63" x="128.97" y="63.47"/>
        <vehicle id="cfm-fast_2" eclass="HBEFA3/PC_G_EU4" CO2="11332.55" CO="162.49" HC="1.02" NOx="4.69" PMx="0.25" fuel="4.87" electricity="0.00" noise="73.66" route="routebottom" type="cfm-fast" waiting="0.00" lane="bottom_0" pos="16.40" speed="24.74" angle="64.92" x="97.50" y="3.99"/>
        <vehicle id="cfm-fast_3" eclass="HBEFA3/PC_G_EU4" CO2="13894.03" CO="219.23" HC="1.34" NOx="5.87" PMx="0.32" fuel="5.97" electricity="0.00" noise="75.07" route="routebottom" type="cfm-fast" waiting="0.00" lane="bottom_0" pos="32.21" speed="25.89" angle="36.60" x="121.83" y="27.26"/>
        <vehicle id="cfm-fast_4" eclass="HBEFA3/PC_G_EU4" CO2="145707.33" CO="6012.06" HC="31.30" NOx="66.94" PMx="5.07" fuel="62.63" electricity="0.00" noise="117.13" route="routetop" type="cfm-fast" waiting="0.00" lane="top_1" pos="41.09" speed="107.13" angle="200.54" x="0.90" y="81.73"/>
        <vehicle id="cfm-fast_5" eclass="HBEFA3/PC_G_EU4" CO2="13332.68" CO="213.97" HC="1.31" NOx="5.58" PMx="0.31" fuel="5.73" electricity="0.00" noise="75.15" route="routebottom" type="cfm-fast" waiting="0.00" lane="bottom_0" pos="49.24" speed="27.28" angle="5.92" x="132.24" y="61.93"/>
        <vehicle id="cfm-slow_0" eclass="HBEFA3/PC_G_EU4" CO2="9172.13" CO="134.69" HC="0.85" NOx="3.59" PMx="0.21" fuel="3.94" electricity="0.00" noise="74.08" route="routebottom" type="cfm-slow" waiting="0.00" lane="right_0" pos="17.67" speed="28.42" angle="332.68" x="121.96" y="99.84"/>
        <vehicle id="cfm-slow_1" eclass="HBEFA3/PC_G_EU4" CO2="0.00" CO="0.00" HC="0.00" NOx="0.00" PMx="0.00" fuel="0.00" electricity="0.00" noise="72.89" route="routebottom" type="cfm-slow" waiting="0.00" lane="right_0" pos="41.20" speed="28.87" angle="290.38" x="82.44" y="129.65"/>
        <vehicle id="cfm-slow_2" eclass="HBEFA3/PC_G_EU4" CO2="0.00" CO="0.00" HC="0.00" NOx="0.00" PMx="0.00" fuel="0.00" electricity="0.00" noise="71.99" route="routetop" type="cfm-slow" waiting="0.00" lane="top_0" pos="15.12" speed="28.45" angle="247.18" x="32.25" y="124.65"/>
        <vehicle id="cfm-slow_3" eclass="HBEFA3/PC_G_EU4" CO2="0.00" CO="0.00" HC="0.00" NOx="0.00" PMx="0.00" fuel="0.00" electricity="0.00" noise="71.22" route="routetop" type="cfm-slow" waiting="0.00" lane="top_0" pos="38.54" speed="27.30" angle="205.19" x="-0.53" y="87.89"/>
        <vehicle id="cfm-slow_4" eclass="HBEFA3/PC_G_EU4" CO2="0.00" CO="0.00" HC="0.00" NOx="0.00" PMx="0.00" fuel="0.00" electricity="0.00" noise="70.60" route="routetop" type="cfm-slow" waiting="0.00" lane="left_0" pos="10.74" speed="25.87" angle="165.10" x="-1.05" y="40.91"/>
        <vehicle id="cfm-slow_5" eclass="HBEFA3/PC_G_EU4" CO2="0.00" CO="0.00" HC="0.00" NOx="0.00" PMx="0.00" fuel="0.00" electricity="0.00" noise="70.58" route="routetop" type="cfm-slow" waiting="0.00" lane="left_0" pos="31.48" speed="24.72" angle="127.86" x="25.94" y="6.36"/>
    </timestep>
    <timestep time="8.42">
        <vehicle id="cfm-fast_0" eclass="HBEFA3/PC_G_EU4" CO2="6613.23" CO="64.10" HC="0.46" NOx="2.47" PMx="0.13" fuel="2.84" electricity="0.00" noise="71.72" route="routebottom" type="cfm-fast" waiting="0.00" lane="bottom_0" pos="1.36" speed="24.30" angle="92.04" x="66.68" y="-4.88"/>
        <vehicle id="cfm-fast_1" eclass="HBEFA3/PC_G_EU4" CO2="284596.75" CO="8321.41" HC="45.22" NOx="132.53" PMx="8.47" fuel="122.33" electricity="0.00" noise="139.79" route="routebottom" type="cfm-fast" waiting="0.00" lane="right_1" pos="0.91" speed="99.09" angle="2.83" x="128.93" y="65.56"/>
        <vehicle id="cfm-fast_2" eclass="HBEFA3/PC_G_EU4" CO2="11358.02" CO="163.05" HC="1.02" NOx="4.70" PMx="0.25" fuel="4.88" electricity="0.00" noise="73.67" route="routebottom" type="cfm-fast" waiting="0.00" lane="bottom_0" pos="16.65" speed="24.75" angle="64.51" x="97.97" y="4.25"/>
        <vehicle id="cfm-fast_3" eclass="HBEFA3/PC_G_EU4" CO2="13890.20" CO="219.20" HC="1.34" NOx="5.87" PMx="0.32" fuel="5.97" electricity="0.00" noise="75.07" route="routebottom" type="cfm-fast" waiting="0.00" lane="bottom_0" pos="32.47" speed="25.90" angle="36.12" x="122.11" y="27.74"/>
        <vehicle id="cfm-fast_4" eclass="HBEFA3/PC_G_EU4" CO2="144636.45" CO="5991.71" HC="31.18" NOx="66.44" PMx="5.04" fuel="62.17" electricity="0.00" noise="116.96" route="routetop" type="cfm-fast" waiting="0.00" lane="top_1" pos="42.16" speed="107.15" angle="198.58" x="0.33" y="79.61"/>
        <vehicle id="cfm-fast_5" eclass="HBEFA3/PC_G_EU4" CO2="13294.69" CO="213.24" HC="1.30" NOx="5.56" PMx="0.31" fuel="5.71" electricity="0.00" noise="75.14" route="routebottom" type="cfm-fast" waiting="0.00" lane="bottom_0" pos="49.51" speed="27.29" angle="5.41" x="132.25" y="62.52"/>
        <vehicle id="cfm-slow_0" eclass="HBEFA3/PC_G_EU4" CO2="9111.82" CO="133.48" HC="0.84" NOx="3.56" PMx="0.21" fuel="3.92" electricity="0.00" noise="74.07" route="routebottom" type="cfm-slow" waiting="0.00" lane="right_0" pos="17.95" speed="28.42" angle="332.23" x="121.64" y="100.37"/>
        <vehicle id="cfm-slow_1" eclass="HBEFA3/PC_G_EU4" CO2="0.00" CO="0.00" HC="0.00" NOx="0.00" PMx="0.00" fuel="0.00" electricity="0.00" noise="72.88" route="routebottom" type="cfm-slow" waiting="0.00" lane="right_0" pos="41.49" speed="28.87" angle="289.85" x="81.84" y="129.81"/>
        <vehicle id="cfm-slow_2" eclass="HBEFA3/PC_G_EU4" CO2="0.00" CO="0.00" HC="0.00" NOx="0.00" PMx="0.00" fuel="0.00" electricity="0.00" noise="71.98" route="routetop" type="cfm-slow" waiting="0.00" lane="top_0" pos="15.41" speed="28.44" angle="246.72" x="31.71" y="124.37"/>
        <vehicle id="cfm-slow_3" eclass="HBEFA3/PC_G_EU4" CO2="0.00" CO="0.00" HC="0.00" NOx="0.00" PMx="0.00" fuel="0.00" electricity="0.00" noise="71.21" route="routetop" type="cfm-slow" waiting="0.00" lane="top_0" pos="38.81" speed="27.29" angle="204.69" x="-0.73" y="87.34"/>
        <vehicle id="cfm-slow_4" eclass="HBEFA3/PC_G_EU4" CO2="0.00" CO="0.00" HC="0.00" NOx="0.00" PMx="0.00" fuel="0.00" electricity="0.00" noise="70.60" route="routetop" type="cfm-slow" waiting="0.00" lane="left_0" pos="11.00" speed="25.86" angle="164.62" x="-0.87" y="40.38"/>
        <vehicle id="cfm-slow_5" eclass="HBEFA3/PC_G_EU4" CO2="0.00" CO="0.00" HC="0.00" NOx="0.00" PMx="0.00" fuel="0.00" electricity="0.00" noise="70.59" route="routetop" type="cfm-slow" waiting="0.00" lane="left_0" pos="31.73" speed="24.72" angle="127.42" x="26.39" y="6.06"/>
    </timestep>
    <timestep time="8.43">
        <vehicle id="cfm-fast_0" eclass="HBEFA3/PC_G_EU4" CO2="6658.68" CO="65.04" HC="0.46" NOx="2.49" PMx="0.13" fuel="2.86" electricity="0.00" noise="71.74" route="routebottom" type="cfm-fast" waiting="0.00" lane="bottom_0" pos="1.60" speed="24.31" angle="91.60" x="67.20" y="-4.84"/>
        <vehicle id="cfm-fast_1" eclass="HBEFA3/PC_G_EU4" CO2="283384.70" CO="8301.91" HC="45.10" NOx="131.96" PMx="8.44" fuel="121.81" electricity="0.00" noise="139.57" route="routebottom" type="cfm-fast" waiting="0.00" lane="right_1" pos="1.90" speed="99.18" angle="1.06" x="128.85" y="67.59"/>
        <vehicle id="cfm-fast_2" eclass="HBEFA3/PC_G_EU4" CO2="11383.22" CO="163.60" HC="1.03" NOx="4.71" PMx="0.25" fuel="4.89" electricity="0.00" noise="73.69" route="routebottom" type="cfm-fast" waiting="0.00" lane="bottom_0" pos="16.90" speed="24.76" angle="64.06" x="98.43" y="4.52"/>
        <vehicle id="cfm-fast_3" eclass="HBEFA3/PC_G_EU4" CO2="13886.05" CO="219.17" HC="1.34" NOx="5.87" PMx="0.32" fuel="5.97" electricity="0.00" noise="75.07" route="routebottom" type="cfm-fast" waiting="0.00" lane="bottom_0" pos="32.73" speed="25.92" angle="35.63" x="122.40" y="28.22"/>
        <vehicle id="cfm-fast_4" eclass="HBEFA3/PC_G_EU4" CO2="143585.14" CO="5971.73" HC="31.06" NOx="65.94" PMx="5.01" fuel="61.72" electricity="0.00" noise="116.80" route="routetop" type="cfm-fast" waiting="0.00" lane="top_1" pos="43.23" speed="107.17" angle="196.70" x="-0.16" y="77.47"/>
        <vehicle id="cfm-fast_5" eclass="HBEFA3/PC_G_EU4" CO2="13256.48" CO="212.52" HC="1.30" NOx="5.54" PMx="0.31" fuel="5.70" electricity="0.00" noise="75.13" route="routebottom" type="cfm-fast" waiting="0.00" lane="bottom_0" pos="49.79" speed="27.30" angle="4.90" x="132.26" y="63.11"/>
        <vehicle id="cfm-slow_0" eclass="HBEFA3/PC_G_EU4" CO2="9051.50" CO="132.27" HC="0.83" NOx="3.53" PMx="0.21" fuel="3.89" electricity="0.00" noise="74.05" route="routebottom" type="cfm-slow" waiting="0.00" lane="right_0" pos="18.24" speed="28.43" angle="331.68" x="121.30" y="100.88"/>
        <vehicle id="cfm-slow_1" eclass="HBEFA3/PC_G_EU4" CO2="0.00" CO="0.00" HC="0.00" NOx="0.00" PMx="0.00" fuel="0.00" electricity="0.00" noise="72.87" route="routebottom" type="cfm-slow" waiting="0.00" lane="right_0" pos="41.78" speed="28.86" angle="289.33" x="81.24" y="129.97"/>
        <vehicle id="cfm-slow_2" eclass="HBEFA3/PC_G_EU4" CO2="0.00" CO="0.00" HC="0.00" NOx="0.00" PMx="0.00" fuel="0.00" electricity="0.00" noise="71.97" route="routetop" type="cfm-slow" waiting="0.00" lane="top_0" pos="15.69" speed="28.43" angle="246.20" x="31.17" y="124.08"/>
        <vehicle id="cfm-slow_3" eclass="HBEFA3/PC_G_EU4" CO2="0.00" CO="0.00" HC="0.00" NOx="0.00" PMx="0.00" fuel="0.00" electricity="0.00" noise="71.20" route="routetop" type="cfm-slow" waiting="0.00" lane="top_0" pos="39.08" speed="27.27" angle="204.18" x="-0.92" y="86.78"/>
        <vehicle id="cfm-slow_4" eclass="HBEFA3/PC_G_EU4" CO2="0.00" CO="0.00" HC="0.00" NOx="0.00" PMx="0.00" fuel="0.00" electricity="0.00" noise="70.60" route="routetop" type="cfm-slow" waiting="0.00" lane="left_0" pos="11.25" speed="25.85" angle="164.14" x="-0.68" y="39.86"/>
        <vehicle id="cfm-slow_5" eclass="HBEFA3/PC_G_EU4" CO2="0.00" CO="0.00" HC="0.00" NOx="0.00" PMx="0.00" fuel="0.00" electricity="0.00" noise="70.60" route="routetop" type="cfm-slow" waiting="0.00" lane="left_0" pos="31.98" speed="24.71" angle="126.99" x="26.83" y="5.77"/>
    </timestep>
    <timestep time="8.44">
        <vehicle id="cfm-fast_0" eclass="HBEFA3/PC_G_EU4" CO2="6703.96" CO="65.99" HC="0.47" NOx="2.52" PMx="0.13" fuel="2.88" electricity="0.00" noise="71.76" route="routebottom" type="cfm-fast" waiting="0.00" lane="bottom_0" pos="1.84" speed="24.31" angle="91.17" x="67.72" y="-4.81"/>
        <vehicle id="cfm-fast_1" eclass="HBEFA3/PC_G_EU4" CO2="282172.15" CO="8282.37" HC="44.98" NOx="131.38" PMx="8.41" fuel="121.29" electricity="0.00" noise="139.35" route="routebottom" type="cfm-fast" waiting="0.00" lane="right_1" pos="2.90" speed="99.26" angle="359.31" x="128.70" y="69.62"/>
        <vehicle id="cfm-fast_2" eclass="HBEFA3/PC_G_EU4" CO2="11408.16" CO="164.15" HC="1.03" NOx="4.72" PMx="0.26" fuel="4.90" electricity="0.00" noise="73.70" route="routebottom" type="cfm-fast" waiting="0.00" lane="bottom_0" pos="17.15" speed="24.77" angle="63.60" x="98.88" y="4.79"/>
        <vehicle id="cfm-fast_3" eclass="HBEFA3/PC_G_EU4" CO2="13881.60" CO="219.14" HC="1.34" NOx="5.87" PMx="0.32" fuel="5.97" electricity="0.00" noise="75.07" route="routebottom" type="cfm-fast" waiting="0.00" lane="bottom_0" pos="32.99" speed="25.93" angle="35.15" x="122.69" y="28.70"/>
        <vehicle id="cfm-fast_4" eclass="HBEFA3/PC_G_EU4" CO2="142553.06" CO="5952.11" HC="30.95" NOx="65.45" PMx="4.99" fuel="61.28" electricity="0.00" noise="116.64" route="routetop" type="cfm-fast" waiting="0.00" lane="top_1" pos="44.30" speed="107.20" angle="194.78" x="-0.59" y="75.31"/>
        <vehicle id="cfm-fast_5" eclass="HBEFA3/PC_G_EU4" CO2="13218.03" CO="211.79" HC="1.30" NOx="5.52" PMx="0.31" fuel="5.68" electricity="0.00" noise="75.11" route="routebottom" type="cfm-fast" waiting="0.00" lane="right_0" pos="0.06" speed="27.31" angle="4.36" x="132.27" y="63.89"/>
        <vehicle id="cfm-slow_0" eclass="HBEFA3/PC_G_EU4" CO2="8991.17" CO="131.06" HC="0.82" NOx="3.50" PMx="0.20" fuel="3.86" electricity="0.00" noise="74.04" route="routebottom" type="cfm-slow" waiting="0.00" lane="right_0" pos="18.52" speed="28.43" angle="331.13" x="120.96" y="101.39"/>
        <vehicle id="cfm-slow_1" eclass="HBEFA3/PC_G_EU4" CO2="0.00" CO="0.00" HC="0.00" NOx="0.00" PMx="0.00" fuel="0.00" electricity="0.00" noise="72.86" route="routebottom" type="cfm-slow" waiting="0.00" lane="right_0" pos="42.07" speed="28.86" angle="288.81" x="80.64" y="130.13"/>
        <vehicle id="cfm-slow_2" eclass="HBEFA3/PC_G_EU4" CO2="0.00" CO="0.00" HC="0.00" NOx="0.00" PMx="0.00" fuel="0.00" electricity="0.00" noise="71.96" route="routetop" type="cfm-slow" waiting="0.00" lane="top_0" pos="15.98" speed="28.42" angle="245.69" x="30.63" y="123.78"/>
        <vehicle id="cfm-slow_3" eclass="HBEFA3/PC_G_EU4" CO2="0.00" CO="0.00" HC="0.00" NOx="0.00" PMx="0.00" fuel="0.00" electricity="0.00" noise="71.20" route="routetop" type="cfm-slow" waiting="0.00" lane="top_0" pos="39.36" speed="27.26" angle="203.68" x="-1.12" y="86.23"/>
        <vehicle id="cfm-slow_4" eclass="HBEFA3/PC_G_EU4" CO2="0.00" CO="0.00" HC="0.00" NOx="0.00" PMx="0.00" fuel="0.00" electricity="0.00" noise="70.59" route="routetop" type="cfm-slow" waiting="0.00" lane="left_0" pos="11.51" speed="25.83" angle="163.73" x="-0.49" y="39.34"/>
        <vehicle id="cfm-slow_5" eclass="HBEFA3/PC_G_EU4" CO2="0.00" CO="0.00" HC="0.00" NOx="0.00" PMx="0.00" fuel="0.00" electricity="0.00" noise="70.60" route="routetop" type="cfm-slow" waiting="0.00" lane="left_0" pos="32.22" speed="24.71" angle="126.58" x="27.28" y="5.49"/>
    </timestep>
    <timestep time="8.45">
        <vehicle id="cfm-fast_0" eclass="HBEFA3/PC_G_EU4" CO2="6749.05" CO="66.93" HC="0.47" NOx="2.54" PMx="0.13" fuel="2.90" electricity="0.00" noise="71.77" route="routebottom" type="cfm-fast" waiting="0.00" lane="bottom_0" pos="2.09" speed="24.31" angle="90.73" x="68.24" y="-4.78"/>
        <vehicle id="cfm-fast_1" eclass="HBEFA3/PC_G_EU4" CO2="280959.29" CO="8262.79" HC="44.86" NOx="130.81" PMx="8.38" fuel="120.77" electricity="0.00" noise="139.14" route="routebottom" type="cfm-fast" waiting="0.00" lane="right_1" pos="3.89" speed="99.34" angle="357.54" x="128.48" y="71.65"/>
        <vehicle id="cfm-fast_2" eclass="HBEFA3/PC_G_EU4" CO2="11432.83" CO="164.69" HC="1.03" NOx="4.74" PMx="0.26" fuel="4.91" electricity="0.00" noise="73.72" route="routebottom" type="cfm-fast" waiting="0.00" lane="bottom_0" pos="17.40" speed="24.78" angle="63.15" x="99.34" y="5.07"/>
        <vehicle id="cfm-fast_3" eclass="HBEFA3/PC_G_EU4" CO2="13876.84" CO="219.09" HC="1.34" NOx="5.86" PMx="0.32" fuel="5.96" electricity="0.00" noise="75.07" route="routebottom" type="cfm-fast" waiting="0.00" lane="bottom_0" pos="33.25" speed="25.95" angle="34.68" x="122.97" y="29.18"/>
        <vehicle id="cfm-fast_4" eclass="HBEFA3/PC_G_EU4" CO2="141539.85" CO="5932.86" HC="30.84" NOx="64.97" PMx="4.96" fuel="60.84" electricity="0.00" noise="116.49" route="routetop" type="cfm-fast" waiting="0.00" lane="top_1" pos="45.37" speed="107.22" angle="192.88" x="-0.95" y="73.14"/>
        <vehicle id="cfm-fast_5" eclass="HBEFA3/PC_G_EU4" CO2="13179.36" CO="211.05" HC="1.29" NOx="5.50" PMx="0.31" fuel="5.67" electricity="0.00" noise="75.10" route="routebottom" type="cfm-fast" waiting="0.00" lane="right_0" pos="0.33" speed="27.32" angle="3.87" x="132.26" y="64.47"/>
        <vehicle id="cfm-slow_0" eclass="HBEFA3/PC_G_EU4" CO2="8930.85" CO="129.85" HC="0.82" NOx="3.47" PMx="0.20" fuel="3.84" electricity="0.00" noise="74.02" route="routebottom" type="cfm-slow" waiting="0.00" lane="right_0" pos="18.81" speed="28.44" angle="330.57" x="120.62" y="101.89"/>
        <vehicle id="cfm-slow_1" eclass="HBEFA3/PC_G_EU4" CO2="0.00" CO="0.00" HC="0.00" NOx="0.00" PMx="0.00" fuel="0.00" electricity="0.00" noise="72.84" route="routebottom" type="cfm-slow" waiting="0.00" lane="right_0" pos="42.36" speed="28.85" angle="288.34" x="80.04" y="130.29"/>
        <vehicle id="cfm-slow_2" eclass="HBEFA3/PC_G_EU4" CO2="0.00" CO="0.00" HC="0.00" NOx="0.00" PMx="0.00" fuel="0.00" electricity="0.00" noise="71.96" route="routetop" type="cfm-slow" waiting="0.00" lane="top_0" pos="16.26" speed="28.40" angle="245.18" x="30.10" y="123.49"/>
        <vehicle id="cfm-slow_3" eclass="HBEFA3/PC_G_EU4" CO2="0.00" CO="0.00" HC="0.00" NOx="0.00" PMx="0.00" fuel="0.00" electricity="0.00" noise="71.19" route="routetop" type="cfm-slow" waiting="0.00" lane="top_0" pos="39.63" speed="27.24" angle="203.17" x="-1.32" y="85.68"/>
        <vehicle id="cfm-slow_4" eclass="HBEFA3/PC_G_EU4" CO2="0.00" CO="0.00" HC="0.00" NOx="0.00" PMx="0.00" fuel="0.00" electricity="0.00" noise="70.59" route="routetop" type="cfm-slow" waiting="0.00" lane="left_0" pos="11.77" speed="25.82" angle="163.27" x="-0.29" y="38.82"/>
        <vehicle id="cfm-slow_5" eclass="HBEFA3/PC_G_EU4" CO2="0.00" CO="0.00" HC="0.00" NOx="0.00" PMx="0.00" fuel="0.00" electricity="0.00" noise="70.61" route="routetop" type="cfm-slow" waiting="0.00" lane="left_0" pos="32.47" speed="24.70" angle="126.12" x="27.74" y="5.22"/>
    </timestep>
    <timestep time="8.46">
        <vehicle id="cfm-fast_0" eclass="HBEFA3/PC_G_EU4" CO2="6793.96" CO="67.86" HC="0.48" NOx="2.56" PMx="0.13" fuel="2.92" electricity="0.00" noise="71.79" route="routebottom" type="cfm-fast" waiting="0.00" lane="bottom_0" pos="2.33" speed="24.32" angle="90.30" x="68.77" y="-4.75"/>
        <vehicle id="cfm-fast_1" eclass="HBEFA3/PC_G_EU4" CO2="279746.32" CO="8243.18" HC="44.74" NOx="130.24" PMx="8.35" fuel="120.25" electricity="0.00" noise="138.92" route="routebottom" type="cfm-fast" waiting="0.00" lane="right_1" pos="4.88" speed="99.43" angle="355.73" x="128.20" y="73.66"/>
        <vehicle id="cfm-fast_2" eclass="HBEFA3/PC_G_EU4" CO2="11457.24" CO="165.23" HC="1.04" NOx="4.75" PMx="0.26" fuel="4.92" electricity="0.00" noise="73.73" route="routebottom" type="cfm-fast" waiting="0.00" lane="bottom_0" pos="17.64" speed="24.80" angle="62.69" x="99.80" y="5.34"/>
        <vehicle id="cfm-fast_3" eclass="HBEFA3/PC_G_EU4" CO2="13871.76" CO="219.05" HC="1.34" NOx="5.86" PMx="0.32" fuel="5.96" electricity="0.00" noise="75.08" route="routebottom" type="cfm-fast" waiting="0.00" lane="bottom_0" pos="33.51" speed="25.96" angle="34.24" x="123.25" y="29.66"/>
        <vehicle id="cfm-fast_4" eclass="HBEFA3/PC_G_EU4" CO2="140545.19" CO="5913.97" HC="30.73" NOx="64.50" PMx="4.94" fuel="60.41" electricity="0.00" noise="116.33" route="routetop" type="cfm-fast" waiting="0.00" lane="top_1" pos="46.45" speed="107.24" angle="190.96" x="-1.24" y="70.96"/>
        <vehicle id="cfm-fast_5" eclass="HBEFA3/PC_G_EU4" CO2="13140.48" CO="210.31" HC="1.29" NOx="5.49" PMx="0.31" fuel="5.65" electricity="0.00" noise="75.09" route="routebottom" type="cfm-fast" waiting="0.00" lane="right_0" pos="0.61" speed="27.33" angle="3.37" x="132.25" y="65.06"/>
        <vehicle id="cfm-slow_0" eclass="HBEFA3/PC_G_EU4" CO2="8870.52" CO="128.63" HC="0.81" NOx="3.45" PMx="0.20" fuel="3.81" electricity="0.00" noise="74.01" route="routebottom" type="cfm-slow" waiting="0.00" lane="right_0" pos="19.09" speed="28.44" angle="330.02" x="120.28" y="102.40"/>
        <vehicle id="cfm-slow_1" eclass="HBEFA3/PC_G_EU4" CO2="0.00" CO="0.00" HC="0.00" NOx="0.00" PMx="0.00" fuel="0.00" electricity="0.00" noise="72.83" route="routebottom" type="cfm-slow" waiting="0.00" lane="right_0" pos="42.65" speed="28.85" angle="287.81" x="79.43" y="130.43"/>
        <vehicle id="cfm-slow_2" eclass="HBEFA3/PC_G_EU4" CO2="0.00" CO="0.00" HC="0.00" NOx="0.00" PMx="0.00" fuel="0.00" electricity="0.00" noise="71.95" route="routetop" type="cfm-slow" waiting="0.00" lane="top_0" pos="16.54" speed="28.39" angle="244.68" x="29.56" y="123.19"/>
        <vehicle id="cfm-slow_3" eclass="HBEFA3/PC_G_EU4" CO2="0.00" CO="0.00" HC="0.00" NOx="0.00" PMx="0.00" fuel="0.00" electricity="0.00" noise="71.19" route="routetop" type="cfm-slow" waiting="0.00" lane="top_0" pos="39.90" speed="27.23" angle="202.74" x="-1.51" y="85.12"/>
        <vehicle id="cfm-slow_4" eclass="HBEFA3/PC_G_EU4" CO2="0.00" CO="0.00" HC="0.00" NOx="0.00" PMx="0.00" fuel="0.00" electricity="0.00" noise="70.59" route="routetop" type="cfm-slow" waiting="0.00" lane="left_0" pos="12.03" speed="25.81" angle="162.81" x="-0.08" y="38.31"/>
        <vehicle id="cfm-slow_5" eclass="HBEFA3/PC_G_EU4" CO2="0.00" CO="0.00" HC="0.00" NOx="0.00" PMx="0.00" fuel="0.00" electricity="0.00" noise="70.62" route="routetop" type="cfm-slow" waiting="0.00" lane="left_0" pos="32.72" speed="24.70" angle="125.66" x="28.19" y="4.94"/>
    </timestep>
    <timestep time="8.47">
        <vehicle id="cfm-fast_0" eclass="HBEFA3/PC_G_EU4" CO2="6838.68" CO="68.79" HC="0.48" NOx="2.58" PMx="0.14" fuel="2.94" electricity="0.00" noise="71.80" route="routebottom" type="cfm-fast" waiting="0.00" lane="bottom_0" pos="2.57" speed="24.32" angle="89.88" x="69.29" y="-4.72"/>
        <vehicle id="cfm-fast_1" eclass="HBEFA3/PC_G_EU4" CO2="278533.40" CO="8223.53" HC="44.63" NOx="129.66" PMx="8.32" fuel="119.73" electricity="0.00" noise="138.70" route="routebottom" type="cfm-fast" waiting="0.00" lane="right_1" pos="5.88" speed="99.51" angle="353.92" x="127.85" y="75.67"/>
        <vehicle id="cfm-fast_2" eclass="HBEFA3/PC_G_EU4" CO2="11481.39" CO="165.76" HC="1.04" NOx="4.76" PMx="0.26" fuel="4.94" electricity="0.00" noise="73.74" route="routebottom" type="cfm-fast" waiting="0.00" lane="bottom_0" pos="17.89" speed="24.81" angle="62.28" x="100.25" y="5.62"/>
        <vehicle id="cfm-fast_3" eclass="HBEFA3/PC_G_EU4" CO2="13866.38" CO="218.99" HC="1.34" NOx="5.86" PMx="0.32" fuel="5.96" electricity="0.00" noise="75.08" route="routebottom" type="cfm-fast" waiting="0.00" lane="bottom_0" pos="33.77" speed="25.97" angle="33.76" x="123.52" y="30.15"/>
        <vehicle id="cfm-fast_4" eclass="HBEFA3/PC_G_EU4" CO2="139568.74" CO="5895.42" HC="30.62" NOx="64.04" PMx="4.91" fuel="60.00" electricity="0.00" noise="116.18" route="routetop" type="cfm-fast" waiting="0.00" lane="top_1" pos="47.52" speed="107.26" angle="189.02" x="-1.45" y="68.77"/>
        <vehicle id="cfm-fast_5" eclass="HBEFA3/PC_G_EU4" CO2="13101.37" CO="209.56" HC="1.28" NOx="5.47" PMx="0.31" fuel="5.63" electricity="0.00" noise="75.08" route="routebottom" type="cfm-fast" waiting="0.00" lane="right_0" pos="0.88" speed="27.35" angle="2.88" x="132.23" y="65.65"/>
        <vehicle id="cfm-slow_0" eclass="HBEFA3/PC_G_EU4" CO2="8810.21" CO="127.42" HC="0.80" NOx="3.42" PMx="0.20" fuel="3.79" electricity="0.00" noise="73.99" route="routebottom" type="cfm-slow" waiting="0.00" lane="right_0" pos="19.38" speed="28.45" angle="329.56" x="119.93" y="102.90"/>
        <vehicle id="cfm-slow_1" eclass="HBEFA3/PC_G_EU4" CO2="0.00" CO="0.00" HC="0.00" NOx="0.00" PMx="0.00" fuel="0.00" electricity="0.00" noise="72.82" route="routebottom" type="cfm-slow" waiting="0.00" lane="right_0" pos="42.94" speed="28.85" angle="287.29" x="78.83" y="130.56"/>
        <vehicle id="cfm-slow_2" eclass="HBEFA3/PC_G_EU4" CO2="0.00" CO="0.00" HC="0.00" NOx="0.00" PMx="0.00" fuel="0.00" electricity="0.00" noise="71.94" route="routetop" type="cfm-slow" waiting="0.00" lane="top_0" pos="16.83" speed="28.38" angle="244.21" x="29.04" y="122.89"/>
        <vehicle id="cfm-slow_3" eclass="HBEFA3/PC_G_EU4" CO2="0.00" CO="0.00" HC="0.00" NOx="0.00" PMx="0.00" fuel="0.00" electricity="0.00" noise="71.18" route="routetop" type="cfm-slow" waiting="0.00" lane="top_0" pos="40.17" speed="27.22" angle="202.23" x="-1.68" y="84.56"/>
        <vehicle id="cfm-slow_4" eclass="HBEFA3/PC_G_EU4" CO2="0.00" CO="0.00" HC="0.00" NOx="0.00" PMx="0.00" fuel="0.00" electricity="0.00" noise="70.59" route="routetop" type="cfm-slow" waiting="0.00" lane="left_0" pos="12.29" speed="25.80" angle="162.35" x="0.13" y="37.79"/>
        <vehicle id="cfm-slow_5" eclass="HBEFA3/PC_G_EU4" CO2="0.00" CO="0.00" HC="0.00" NOx="0.00" PMx="0.00" fuel="0.00" electricity="0.00" noise="70.63" route="routetop" type="cfm-slow" waiting="0.00" lane="left_0" pos="32.96" speed="24.70" angle="125.19" x="28.65" y="4.67"/>
    </timestep>
    <timestep time="8.48">
        <vehicle id="cfm-fast_0" eclass="HBEFA3/PC_G_EU4" CO2="6883.21" CO="69.72" HC="0.49" NOx="2.60" PMx="0.14" fuel="2.96" electricity="0.00" noise="71.82" route="routebottom" type="cfm-fast" waiting="0.00" lane="bottom_0" pos="2.82" speed="24.33" angle="89.44" x="69.81" y="-4.67"/>
        <vehicle id="cfm-fast_1" eclass="HBEFA3/PC_G_EU4" CO2="277320.70" CO="8203.86" HC="44.51" NOx="129.09" PMx="8.29" fuel="119.21" electricity="0.00" noise="138.49" route="routebottom" type="cfm-fast" waiting="0.00" lane="right_1" pos="6.87" speed="99.59" angle="352.10" x="127.44" y="77.67"/>
        <vehicle id="cfm-fast_2" eclass="HBEFA3/PC_G_EU4" CO2="11505.26" CO="166.29" HC="1.04" NOx="4.77" PMx="0.26" fuel="4.95" electricity="0.00" noise="73.76" route="routebottom" type="cfm-fast" waiting="0.00" lane="bottom_0" pos="18.14" speed="24.82" angle="61.84" x="100.70" y="5.91"/>
        <vehicle id="cfm-fast_3" eclass="HBEFA3/PC_G_EU4" CO2="13860.69" CO="218.93" HC="1.34" NOx="5.85" PMx="0.32" fuel="5.96" electricity="0.00" noise="75.08" route="routebottom" type="cfm-fast" waiting="0.00" lane="bottom_0" pos="34.03" speed="25.99" angle="33.28" x="123.79" y="30.64"/>
        <vehicle id="cfm-fast_4" eclass="HBEFA3/PC_G_EU4" CO2="138610.17" CO="5877.22" HC="30.51" NOx="63.59" PMx="4.89" fuel="59.58" electricity="0.00" noise="116.04" route="routetop" type="cfm-fast" waiting="0.00" lane="top_1" pos="48.59" speed="107.28" angle="187.05" x="-1.58" y="66.58"/>
        <vehicle id="cfm-fast_5" eclass="HBEFA3/PC_G_EU4" CO2="13062.04" CO="208.81" HC="1.28" NOx="5.45" PMx="0.31" fuel="5.61" electricity="0.00" noise="75.06" route="routebottom" type="cfm-fast" waiting="0.00" lane="right_0" pos="1.15" speed="27.36" angle="2.38" x="132.22" y="66.24"/>
        <vehicle id="cfm-slow_0" eclass="HBEFA3/PC_G_EU4" CO2="8749.90" CO="126.21" HC="0.80" NOx="3.39" PMx="0.20" fuel="3.76" electricity="0.00" noise="73.98" route="routebottom" type="cfm-slow" waiting="0.00" lane="right_0" pos="19.66" speed="28.45" angle="329.05" x="119.57" y="103.40"/>
        <vehicle id="cfm-slow_1" eclass="HBEFA3/PC_G_EU4" CO2="0.00" CO="0.00" HC="0.00" NOx="0.00" PMx="0.00" fuel="0.00" electricity="0.00" noise="72.81" route="routebottom" type="cfm-slow" waiting="0.00" lane="right_0" pos="43.22" speed="28.84" angle="286.76" x="78.22" y="130.70"/>
        <vehicle id="cfm-slow_2" eclass="HBEFA3/PC_G_EU4" CO2="0.00" CO="0.00" HC="0.00" NOx="0.00" PMx="0.00" fuel="0.00" electricity="0.00" noise="71.93" route="routetop" type="cfm-slow" waiting="0.00" lane="top_0" pos="17.11" speed="28.37" angle="243.69" x="28.51" y="122.57"/>
        <vehicle id="cfm-slow_3" eclass="HBEFA3/PC_G_EU4" CO2="0.00" CO="0.00" HC="0.00" NOx="0.00" PMx="0.00" fuel="0.00" electricity="0.00" noise="71.17" route="routetop" type="cfm-slow" waiting="0.00" lane="top_0" pos="40.45" speed="27.20" angle="201.72" x="-1.85" y="84.00"/>
        <vehicle id="cfm-slow_4" eclass="HBEFA3/PC_G_EU4" CO2="0.00" CO="0.00" HC="0.00" NOx="0.00" PMx="0.00" fuel="0.00" electricity="0.00" noise="70.59" route="routetop" type="cfm-slow" waiting="0.00" lane="left_0" pos="12.54" speed="25.79" angle="161.90" x="0.33" y="37.28"/>
        <vehicle id="cfm-slow_5" eclass="HBEFA3/PC_G_EU4" CO2="0.00" CO="0.00" HC="0.00" NOx="0.00" PMx="0.00" fuel="0.00" electricity="0.00" noise="70.63" route="routetop" type="cfm-slow" waiting="0.00" lane="left_0" pos="33.21" speed="24.69" angle="124.73" x="29.10" y="4.39"/>
    </timestep>
    <timestep time="8.49">
        <vehicle id="cfm-fast_0" eclass="HBEFA3/PC_G_EU4" CO2="6927.56" CO="70.65" HC="0.49" NOx="2.62" PMx="0.14" fuel="2.98" electricity="0.00" noise="71.84" route="routebottom" type="cfm-fast" waiting="0.00" lane="bottom_0" pos="3.06" speed="24.33" angle="89.01" x="70.33" y="-4.61"/>
        <vehicle id="cfm-fast_1" eclass="HBEFA3/PC_G_EU4" CO2="276108.41" CO="8184.16" HC="44.39" NOx="128.52" PMx="8.26" fuel="118.69" electricity="0.00" noise="138.27" route="routebottom" type="cfm-fast" waiting="0.00" lane="right_1" pos="7.87" speed="99.67" angle="350.28" x="126.97" y="79.66"/>
        <vehicle id="cfm-fast_2" eclass="HBEFA3/PC_G_EU4" CO2="11528.87" CO="166.81" HC="1.05" NOx="4.78" PMx="0.26" fuel="4.96" electricity="0.00" noise="73.77" route="routebottom" type="cfm-fast" waiting="0.00" lane="bottom_0" pos="18.39" speed="24.83" angle="61.38" x="101.15" y="6.21"/>
        <vehicle id="cfm-fast_3" eclass="HBEFA3/PC_G_EU4" CO2="13854.69" CO="218.86" HC="1.34" NOx="5.85" PMx="0.32" fuel="5.96" electricity="0.00" noise="75.08" route="routebottom" type="cfm-fast" waiting="0.00" lane="bottom_0" pos="34.29" speed="26.00" angle="32.81" x="124.06" y="31.13"/>
        <vehicle id="cfm-fast_4" eclass="HBEFA3/PC_G_EU4" CO2="137669.16" CO="5859.36" HC="30.41" NOx="63.15" PMx="4.86" fuel="59.18" electricity="0.00" noise="115.89" route="routetop" type="cfm-fast" waiting="0.00" lane="top_1" pos="49.66" speed="107.30" angle="185.09" x="-1.64" y="64.38"/>
        <vehicle id="cfm-fast_5" eclass="HBEFA3/PC_G_EU4" CO2="13022.49" CO="208.06" HC="1.27" NOx="5.43" PMx="0.31" fuel="5.60" electricity="0.00" noise="75.05" route="routebottom" type="cfm-fast" waiting="0.00" lane="right_0" pos="1.43" speed="27.37" angle="1.91" x="132.20" y="66.83"/>
        <vehicle id="cfm-slow_0" eclass="HBEFA3/PC_G_EU4" CO2="8689.60" CO="124.99" HC="0.79" NOx="3.36" PMx="0.20" fuel="3.74" electricity="0.00" noise="73.96" route="routebottom" type="cfm-slow" waiting="0.00" lane="right_0" pos="19.94" speed="28.46" angle="328.53" x="119.22" y="103.90"/>
        <vehicle id="cfm-slow_1" eclass="HBEFA3/PC_G_EU4" CO2="0.00" CO="0.00" HC="0.00" NOx="0.00" PMx="0.00" fuel="0.00" electricity="0.00" noise="72.80" route="routebottom" type="cfm-slow" waiting="0.00" lane="right_0" pos="43.51" speed="28.84" angle="286.25" x="77.62" y="130.84"/>
        <vehicle id="cfm-slow_2" eclass="HBEFA3/PC_G_EU4" CO2="0.00" CO="0.00" HC="0.00" NOx="0.00" PMx="0.00" fuel="0.00" electricity="0.00" noise="71.93" route="routetop" type="cfm-slow" waiting="0.00" lane="top_0" pos="17.40" speed="28.36" angle="243.18" x="27.99" y="122.26"/>
        <vehicle id="cfm-slow_3" eclass="HBEFA3/PC_G_EU4" CO2="0.00" CO="0.00" HC="0.00" NOx="0.00" PMx="0.00" fuel="0.00" electricity="0.00" noise="71.17" route="routetop" type="cfm-slow" waiting="0.00" lane="top_0" pos="40.72" speed="27.19" angle="201.21" x="-2.02" y="83.45"/>
        <vehicle id="cfm-slow_4" eclass="HBEFA3/PC_G_EU4" CO2="0.00" CO="0.00" HC="0.00" NOx="0.00" PMx="0.00" fuel="0.00" electricity="0.00" noise="70.59" route="routetop" type="cfm-slow" waiting="0.00" lane="left_0" pos="12.80" speed="25.78" angle="161.49" x="0.54" y="36.76"/>
        <vehicle id="cfm-slow_5" eclass="HBEFA3/PC_G_EU4" CO2="0.00" CO="0.00" HC="0.00" NOx="0.00" PMx="0.00" fuel="0.00" electricity="0.00" noise="70.64" route="routetop" type="cfm-slow" waiting="0.00" lane="left_0" pos="33.46" speed="24.69" angle="124.34" x="29.56" y="4.13"/>
    </timestep>
    <timestep time="8.50">
        <vehicle id="cfm-fast_0" eclass="HBEFA3/PC_G_EU4" CO2="6971.72" CO="71.57" HC="0.50" NOx="2.64" PMx="0.14" fuel="3.00" electricity="0.00" noise="71.85" route="routebottom" type="cfm-fast" waiting="0.00" lane="bottom_0" pos="3.30" speed="24.34" angle="88.57" x="70.85" y="-4.56"/>
        <vehicle id="cfm-fast_1" eclass="HBEFA3/PC_G_EU4" CO2="274896.68" CO="8164.44" HC="44.27" NOx="127.95" PMx="8.23" fuel="118.17" electricity="0.00" noise="138.06" route="routebottom" type="cfm-fast" waiting="0.00" lane="right_1" pos="8.87" speed="99.75" angle="348.51" x="126.45" y="81.64"/>
        <vehicle id="cfm-fast_2" eclass="HBEFA3/PC_G_EU4" CO2="11552.22" CO="167.32" HC="1.05" NOx="4.79" PMx="0.26" fuel="4.97" electricity="0.00" noise="73.78" route="routebottom" type="cfm-fast" waiting="0.00" lane="bottom_0" pos="18.64" speed="24.84" angle="60.91" x="101.59" y="6.50"/>
        <vehicle id="cfm-fast_3" eclass="HBEFA3/PC_G_EU4" CO2="13848.39" CO="218.79" HC="1.34" NOx="5.85" PMx="0.32" fuel="5.95" electricity="0.00" noise="75.08" route="routebottom" type="cfm-fast" waiting="0.00" lane="bottom_0" pos="34.55" speed="26.01" angle="32.35" x="124.33" y="31.62"/>
        <vehicle id="cfm-fast_4" eclass="HBEFA3/PC_G_EU4" CO2="136745.40" CO="5841.82" HC="30.30" NOx="62.71" PMx="4.84" fuel="58.78" electricity="0.00" noise="115.75" route="routetop" type="cfm-fast" waiting="0.00" lane="left_1" pos="0.74" speed="107.32" angle="183.14" x="-1.62" y="62.12"/>
        <vehicle id="cfm-fast_5" eclass="HBEFA3/PC_G_EU4" CO2="12982.74" CO="207.30" HC="1.27" NOx="5.41" PMx="0.30" fuel="5.58" electricity="0.00" noise="75.04" route="routebottom" type="cfm-fast" waiting="0.00" lane="right_0" pos="1.70" speed="27.38" angle="1.42" x="132.16" y="67.42"/>
        <vehicle id="cfm-slow_0" eclass="HBEFA3/PC_G_EU4" CO2="8629.31" CO="123.78" HC="0.78" NOx="3.33" PMx="0.19" fuel="3.71" electricity="0.00" noise="73.95" route="routebottom" type="cfm-slow" waiting="0.00" lane="right_0" pos="20.23" speed="28.46" angle="328.02" x="118.86" y="104.40"/>
        <vehicle id="cfm-slow_1" eclass="HBEFA3/PC_G_EU4" CO2="0.00" CO="0.00" HC="0.00" NOx="0.00" PMx="0.00" fuel="0.00" electricity="0.00" noise="72.79" route="routebottom" type="cfm-slow" waiting="0.00" lane="right_0" pos="43.80" speed="28.84" angle="285.75" x="77.01" y="130.96"/>
        <vehicle id="cfm-slow_2" eclass="HBEFA3/PC_G_EU4" CO2="0.00" CO="0.00" HC="0.00" NOx="0.00" PMx="0.00" fuel="0.00" electricity="0.00" noise="71.92" route="routetop" type="cfm-slow" waiting="0.00" lane="top_0" pos="17.68" speed="28.35" angle="242.67" x="27.46" y="121.95"/>
        <vehicle id="cfm-slow_3" eclass="HBEFA3/PC_G_EU4" CO2="0.00" CO="0.00" HC="0.00" NOx="0.00" PMx="0.00" fuel="0.00" electricity="0.00" noise="71.16" route="routetop" type="cfm-slow" waiting="0.00" lane="top_0" pos="40.99" speed="27.17" angle="200.74" x="-2.19" y="82.89"/>
        <vehicle id="cfm-slow_4" eclass="HBEFA3/PC_G_EU4" CO2="0.00" CO="0.00" HC="0.00" NOx="0.00" PMx="0.00" fuel="0.00" electricity="0.00" noise="70.58" route="routetop" type="cfm-slow" waiting="0.00" lane="left_0" pos="13.06" speed="25.77" angle="161.01" x="0.77" y="36.26"/>
        <vehicle id="cfm-slow_5" eclass="HBEFA3/PC_G_EU4" CO2="0.00" CO="0.00" HC="0.00" NOx="0.00" PMx="0.00" fuel="0.00" electricity="0.00" noise="70.65" route="routetop" type="cfm-slow" waiting="0.00" lane="left_0" pos="33.70" speed="24.68" angle="123.88" x="30.03" y="3.87"/>
    </timestep>
    <timestep time="8.51">
        <vehicle id="cfm-fast_0" eclass="HBEFA3/PC_G_EU4" CO2="7015.69" CO="72.49" HC="0.50" NOx="2.66" PMx="0.14" fuel="3.02" electricity="0.00" noise="71.87" route="routebottom" type="cfm-fast" waiting="0.00" lane="bottom_0" pos="3.55" speed="24.34" angle="88.13" x="71.37" y="-4.51"/>
        <vehicle id="cfm-fast_1" eclass="HBEFA3/PC_G_EU4" CO2="273685.68" CO="8144.71" HC="44.15" NOx="127.37" PMx="8.20" fuel="117.64" electricity="0.00" noise="137.85" route="routebottom" type="cfm-fast" waiting="0.00" lane="right_1" pos="9.87" speed="99.83" angle="346.74" x="125.85" y="83.60"/>
        <vehicle id="cfm-fast_2" eclass="HBEFA3/PC_G_EU4" CO2="11575.29" CO="167.83" HC="1.05" NOx="4.80" PMx="0.26" fuel="4.98" electricity="0.00" noise="73.80" route="routebottom" type="cfm-fast" waiting="0.00" lane="bottom_0" pos="18.88" speed="24.85" angle="60.45" x="102.04" y="6.80"/>
        <vehicle id="cfm-fast_3" eclass="HBEFA3/PC_G_EU4" CO2="13841.78" CO="218.71" HC="1.34" NOx="5.85" PMx="0.32" fuel="5.95" electricity="0.00" noise="75.08" route="routebottom" type="cfm-fast" waiting="0.00" lane="bottom_0" pos="34.81" speed="26.03" angle="31.91" x="124.59" y="32.12"/>
        <vehicle id="cfm-fast_4" eclass="HBEFA3/PC_G_EU4" CO2="135838.57" CO="5824.61" HC="30.20" NOx="62.28" PMx="4.82" fuel="58.39" electricity="0.00" noise="115.61" route="routetop" type="cfm-fast" waiting="0.00" lane="left_1" pos="1.81" speed="107.35" angle="181.23" x="-1.53" y="59.92"/>
        <vehicle id="cfm-fast_5" eclass="HBEFA3/PC_G_EU4" CO2="12942.77" CO="206.53" HC="1.26" NOx="5.39" PMx="0.30" fuel="5.56" electricity="0.00" noise="75.03" route="routebottom" type="cfm-fast" waiting="0.00" lane="right_0" pos="1.97" speed="27.39" angle="0.93" x="132.13" y="68.00"/>
        <vehicle id="cfm-slow_0" eclass="HBEFA3/PC_G_EU4" CO2="8569.04" CO="122.57" HC="0.77" NOx="3.30" PMx="0.19" fuel="3.68" electricity="0.00" noise="73.93" route="routebottom" type="cfm-slow" waiting="0.00" lane="right_0" pos="20.51" speed="28.47" angle="327.56" x="118.50" y="104.89"/>
        <vehicle id="cfm-slow_1" eclass="HBEFA3/PC_G_EU4" CO2="0.00" CO="0.00" HC="0.00" NOx="0.00" PMx="0.00" fuel="0.00" electricity="0.00" noise="72.78" route="routebottom" type="cfm-slow" waiting="0.00" lane="right_0" pos="44.09" speed="28.83" angle="285.20" x="76.40" y="131.07"/>
        <vehicle id="cfm-slow_2" eclass="HBEFA3/PC_G_EU4" CO2="0.00" CO="0.00" HC="0.00" NOx="0.00" PMx="0.00" fuel="0.00" electricity="0.00" noise="71.91" route="routetop" type="cfm-slow" waiting="0.00" lane="top_0" pos="17.96" speed="28.34" angle="242.22" x="26.94" y="121.63"/>
        <vehicle id="cfm-slow_3" eclass="HBEFA3/PC_G_EU4" CO2="0.00" CO="0.00" HC="0.00" NOx="0.00" PMx="0.00" fuel="0.00" electricity="0.00" noise="71.16" route="routetop" type="cfm-slow" waiting="0.00" lane="top_0" pos="41.26" speed="27.16" angle="200.26" x="-2.35" y="82.32"/>
        <vehicle id="cfm-slow_4" eclass="HBEFA3/PC_G_EU4" CO2="0.00" CO="0.00" HC="0.00" NOx="0.00" PMx="0.00" fuel="0.00" electricity="0.00" noise="70.58" route="routetop" type="cfm-slow" waiting="0.00" lane="left_0" pos="13.32" speed="25.76" angle="160.53" x="0.99" y="35.75"/>
        <vehicle id="cfm-slow_5" eclass="HBEFA3/PC_G_EU4" CO2="0.00" CO="0.00" HC="0.00" NOx="0.00" PMx="0.00" fuel="0.00" electricity="0.00" noise="70.66" route="routetop" type="cfm-slow" waiting="0.00" lane="left_0" pos="33.95" speed="24.68" angle="123.43" x="30.49" y="3.61"/>
    </timestep>
    <timestep time="8.52">
        <vehicle id="cfm-fast_0" eclass="HBEFA3/PC_G_EU4" CO2="7059.47" CO="73.40" HC="0.51" NOx="2.68" PMx="0.14" fuel="3.03" electricity="0.00" noise="71.89" route="routebottom" type="cfm-fast" waiting="0.00" lane="bottom_0" pos="3.79" speed="24.35" angle="87.71" x="71.89" y="-4.45"/>
        <vehicle id="cfm-fast_1" eclass="HBEFA3/PC_G_EU4" CO2="272475.56" CO="8124.96" HC="44.03" NOx="126.80" PMx="8.18" fuel="117.12" electricity="0.00" noise="137.63" route="routebottom" type="cfm-fast" waiting="0.00" lane="right_1" pos="10.87" speed="99.91" angle="344.90" x="125.19" y="85.54"/>
        <vehicle id="cfm-fast_2" eclass="HBEFA3/PC_G_EU4" CO2="11598.10" CO="168.34" HC="1.05" NOx="4.81" PMx="0.26" fuel="4.99" electricity="0.00" noise="73.81" route="routebottom" type="cfm-fast" waiting="0.00" lane="bottom_0" pos="19.13" speed="24.86" angle="60.00" x="102.48" y="7.10"/>
        <vehicle id="cfm-fast_3" eclass="HBEFA3/PC_G_EU4" CO2="13834.86" CO="218.62" HC="1.34" NOx="5.84" PMx="0.32" fuel="5.95" electricity="0.00" noise="75.08" route="routebottom" type="cfm-fast" waiting="0.00" lane="bottom_0" pos="35.07" speed="26.04" angle="31.44" x="124.84" y="32.62"/>
        <vehicle id="cfm-fast_4" eclass="HBEFA3/PC_G_EU4" CO2="134948.36" CO="5807.72" HC="30.10" NOx="61.86" PMx="4.80" fuel="58.01" electricity="0.00" noise="115.48" route="routetop" type="cfm-fast" waiting="0.00" lane="left_1" pos="2.88" speed="107.37" angle="179.32" x="-1.37" y="57.72"/>
        <vehicle id="cfm-fast_5" eclass="HBEFA3/PC_G_EU4" CO2="12902.58" CO="205.76" HC="1.26" NOx="5.37" PMx="0.30" fuel="5.55" electricity="0.00" noise="75.01" route="routebottom" type="cfm-fast" waiting="0.00" lane="right_0" pos="2.25" speed="27.40" angle="0.44" x="132.09" y="68.59"/>
        <vehicle id="cfm-slow_0" eclass="HBEFA3/PC_G_EU4" CO2="8508.78" CO="121.35" HC="0.77" NOx="3.27" PMx="0.19" fuel="3.66" electricity="0.00" noise="73.92" route="routebottom" type="cfm-slow" waiting="0.00" lane="right_0" pos="20.80" speed="28.47" angle="327.04" x="118.12" y="105.38"/>
        <vehicle id="cfm-slow_1" eclass="HBEFA3/PC_G_EU4" CO2="0.00" CO="0.00" HC="0.00" NOx="0.00" PMx="0.00" fuel="0.00" electricity="0.00" noise="72.77" route="routebottom" type="cfm-slow" waiting="0.00" lane="right_0" pos="44.38" speed="28.83" angle="284.65" x="75.79" y="131.18"/>
        <vehicle id="cfm-slow_2" eclass="HBEFA3/PC_G_EU4" CO2="0.00" CO="0.00" HC="0.00" NOx="0.00" PMx="0.00" fuel="0.00" electricity="0.00" noise="71.90" route="routetop" type="cfm-slow" waiting="0.00" lane="top_0" pos="18.25" speed="28.33" angle="241.67" x="26.44" y="121.30"/>
        <vehicle id="cfm-slow_3" eclass="HBEFA3/PC_G_EU4" CO2="0.00" CO="0.00" HC="0.00" NOx="0.00" PMx="0.00" fuel="0.00" electricity="0.00" noise="71.15" route="routetop" type="cfm-slow" waiting="0.00" lane="top_0" pos="41.53" speed="27.15" angle="199.76" x="-2.50" y="81.76"/>
        <vehicle id="cfm-slow_4" eclass="HBEFA3/PC_G_EU4" CO2="0.00" CO="0.00" HC="0.00" NOx="0.00" PMx="0.00" fuel="0.00" electricity="0.00" noise="70.58" route="routetop" type="cfm-slow" waiting="0.00" lane="left_0" pos="13.58" speed="25.74" angle="160.05" x="1.22" y="35.25"/>
        <vehicle id="cfm-slow_5" eclass="HBEFA3/PC_G_EU4" CO2="0.00" CO="0.00" HC="0.00" NOx="0.00" PMx="0.00" fuel="0.00" electricity="0.00" noise="70.67" route="routetop" type="cfm-slow" waiting="0.00" lane="left_0" pos="34.20" speed="24.68" angle="122.98" x="30.96" y="3.36"/>
    </timestep>
    <timestep time="8.53">
        <vehicle id="cfm-fast_0" eclass="HBEFA3/PC_G_EU4" CO2="7103.06" CO="74.31" HC="0.51" NOx="2.70" PMx="0.14" fuel="3.05" electricity="0.00" noise="71.90" route="routebottom" type="cfm-fast" waiting="0.00" lane="bottom_0" pos="4.03" speed="24.35" angle="87.27" x="72.41" y="-4.38"/>
        <vehicle id="cfm-fast_1" eclass="HBEFA3/PC_G_EU4" CO2="271266.49" CO="8105.20" HC="43.91" NOx="126.23" PMx="8.15" fuel="116.60" electricity="0.00" noise="137.42" route="routebottom" type="cfm-fast" waiting="0.00" lane="right_1" pos="11.87" speed="99.98" angle="343.09" x="124.47" y="87.46"/>
        <vehicle id="cfm-fast_2" eclass="HBEFA3/PC_G_EU4" CO2="11620.64" CO="168.84" HC="1.06" NOx="4.82" PMx="0.26" fuel="5.00" electricity="0.00" noise="73.82" route="routebottom" type="cfm-fast" waiting="0.00" lane="bottom_0" pos="19.38" speed="24.88" angle="59.58" x="102.92" y="7.40"/>
        <vehicle id="cfm-fast_3" eclass="HBEFA3/PC_G_EU4" CO2="13827.64" CO="218.53" HC="1.34" NOx="5.84" PMx="0.32" fuel="5.94" electricity="0.00" noise="75.08" route="routebottom" type="cfm-fast" waiting="0.00" lane="bottom_0" pos="35.33" speed="26.05" angle="30.97" x="125.09" y="33.12"/>
        <vehicle id="cfm-fast_4" eclass="HBEFA3/PC_G_EU4" CO2="134074.49" CO="5791.14" HC="30.01" NOx="61.45" PMx="4.77" fuel="57.63" electricity="0.00" noise="115.34" route="routetop" type="cfm-fast" waiting="0.00" lane="left_1" pos="3.96" speed="107.38" angle="177.41" x="-1.14" y="55.53"/>
        <vehicle id="cfm-fast_5" eclass="HBEFA3/PC_G_EU4" CO2="12862.20" CO="204.99" HC="1.26" NOx="5.35" PMx="0.30" fuel="5.53" electricity="0.00" noise="75.00" route="routebottom" type="cfm-fast" waiting="0.00" lane="right_0" pos="2.52" speed="27.41" angle="359.97" x="132.06" y="69.18"/>
        <vehicle id="cfm-slow_0" eclass="HBEFA3/PC_G_EU4" CO2="8448.55" CO="120.14" HC="0.76" NOx="3.25" PMx="0.19" fuel="3.63" electricity="0.00" noise="73.90" route="routebottom" type="cfm-slow" waiting="0.00" lane="right_0" pos="21.08" speed="28.47" angle="326.53" x="117.74" y="105.86"/>
        <vehicle id="cfm-slow_1" eclass="HBEFA3/PC_G_EU4" CO2="0.00" CO="0.00" HC="0.00" NOx="0.00" PMx="0.00" fuel="0.00" electricity="0.00" noise="72.76" route="routebottom" type="cfm-slow" waiting="0.00" lane="right_0" pos="44.67" speed="28.82" angle="284.10" x="75.18" y="131.29"/>
        <vehicle id="cfm-slow_2" eclass="HBEFA3/PC_G_EU4" CO2="0.00" CO="0.00" HC="0.00" NOx="0.00" PMx="0.00" fuel="0.00" electricity="0.00" noise="71.90" route="routetop" type="cfm-slow" waiting="0.00" lane="top_0" pos="18.53" speed="28.32" angle="241.12" x="25.93" y="120.96"/>
        <vehicle id="cfm-slow_3" eclass="HBEFA3/PC_G_EU4" CO2="0.00" CO="0.00" HC="0.00" NOx="0.00" PMx="0.00" fuel="0.00" electricity="0.00" noise="71.14" route="routetop" type="cfm-slow" waiting="0.00" lane="top_0" pos="41.80" speed="27.13" angle="199.26" x="-2.65" y="81.20"/>
        <vehicle id="cfm-slow_4" eclass="HBEFA3/PC_G_EU4" CO2="0.00" CO="0.00" HC="0.00" NOx="0.00" PMx="0.00" fuel="0.00" electricity="0.00" noise="70.58" route="routetop" type="cfm-slow" waiting="0.00" lane="left_0" pos="13.83" speed="25.73" angle="159.57" x="1.45" y="34.74"/>
        <vehicle id="cfm-slow_5" eclass="HBEFA3/PC_G_EU4" CO2="0.00" CO="0.00" HC="0.00" NOx="0.00" PMx="0.00" fuel="0.00" electricity="0.00" noise="70.67" route="routetop" type="cfm-slow" waiting="0.00" lane="left_0" pos="34.44" speed="24.67" angle="122.52" x="31.42" y="3.10"/>
    </timestep>
    <timestep time="8.54">
        <vehicle id="cfm-fast_0" eclass="HBEFA3/PC_G_EU4" CO2="7146.46" CO="75.22" HC="0.52" NOx="2.72" PMx="0.14" fuel="3.07" electricity="0.00" noise="71.92" route="routebottom" type="cfm-fast" waiting="0.00" lane="bottom_0" pos="4.28" speed="24.35" angle="86.83" x="72.93" y="-4.31"/>
        <vehicle id="cfm-fast_1" eclass="HBEFA3/PC_G_EU4" CO2="270058.60" CO="8085.43" HC="43.79" NOx="125.66" PMx="8.12" fuel="116.09" electricity="0.00" noise="137.21" route="routebottom" type="cfm-fast" waiting="0.00" lane="right_1" pos="12.87" speed="100.06" angle="341.37" x="123.70" y="89.36"/>
        <vehicle id="cfm-fast_2" eclass="HBEFA3/PC_G_EU4" CO2="11642.91" CO="169.33" HC="1.06" NOx="4.83" PMx="0.26" fuel="5.00" electricity="0.00" noise="73.83" route="routebottom" type="cfm-fast" waiting="0.00" lane="bottom_0" pos="19.63" speed="24.89" angle="59.12" x="103.36" y="7.71"/>
        <vehicle id="cfm-fast_3" eclass="HBEFA3/PC_G_EU4" CO2="13820.11" CO="218.43" HC="1.34" NOx="5.83" PMx="0.32" fuel="5.94" electricity="0.00" noise="75.08" route="routebottom" type="cfm-fast" waiting="0.00" lane="bottom_0" pos="35.59" speed="26.07" angle="30.49" x="125.34" y="33.62"/>
        <vehicle id="cfm-fast_4" eclass="HBEFA3/PC_G_EU4" CO2="133216.65" CO="5774.87" HC="29.91" NOx="61.05" PMx="4.75" fuel="57.26" electricity="0.00" noise="115.21" route="routetop" type="cfm-fast" waiting="0.00" lane="left_1" pos="5.03" speed="107.40" angle="175.43" x="-0.83" y="53.35"/>
        <vehicle id="cfm-fast_5" eclass="HBEFA3/PC_G_EU4" CO2="12821.60" CO="204.21" HC="1.25" NOx="5.33" PMx="0.30" fuel="5.51" electricity="0.00" noise="74.99" route="routebottom" type="cfm-fast" waiting="0.00" lane="right_0" pos="2.80" speed="27.42" angle="359.48" x="132.00" y="69.77"/>
        <vehicle id="cfm-slow_0" eclass="HBEFA3/PC_G_EU4" CO2="8388.35" CO="118.92" HC="0.75" NOx="3.22" PMx="0.19" fuel="3.61" electricity="0.00" noise="73.89" route="routebottom" type="cfm-slow" waiting="0.00" lane="right_0" pos="21.37" speed="28.48" angle="326.01" x="117.37" y="106.34"/>
        <vehicle id="cfm-slow_1" eclass="HBEFA3/PC_G_EU4" CO2="0.00" CO="0.00" HC="0.00" NOx="0.00" PMx="0.00" fuel="0.00" electricity="0.00" noise="72.75" route="routebottom" type="cfm-slow" waiting="0.00" lane="right_0" pos="44.95" speed="28.82" angle="283.64" x="74.57" y="131.40"/>
        <vehicle id="cfm-slow_2" eclass="HBEFA3/PC_G_EU4" CO2="0.00" CO="0.00" HC="0.00" NOx="0.00" PMx="0.00" fuel="0.00" electricity="0.00" noise="71.89" route="routetop" type="cfm-slow" waiting="0.00" lane="top_0" pos="18.81" speed="28.31" angle="240.57" x="25.42" y="120.62"/>
        <vehicle id="cfm-slow_3" eclass="HBEFA3/PC_G_EU4" CO2="0.00" CO="0.00" HC="0.00" NOx="0.00" PMx="0.00" fuel="0.00" electricity="0.00" noise="71.14" route="routetop" type="cfm-slow" waiting="0.00" lane="top_0" pos="42.07" speed="27.12" angle="198.76" x="-2.80" y="80.63"/>
        <vehicle id="cfm-slow_4" eclass="HBEFA3/PC_G_EU4" CO2="0.00" CO="0.00" HC="0.00" NOx="0.00" PMx="0.00" fuel="0.00" electricity="0.00" noise="70.58" route="routetop" type="cfm-slow" waiting="0.00" lane="left_0" pos="14.09" speed="25.72" angle="159.16" x="1.68" y="34.24"/>
        <vehicle id="cfm-slow_5" eclass="HBEFA3/PC_G_EU4" CO2="0.00" CO="0.00" HC="0.00" NOx="0.00" PMx="0.00" fuel="0.00" electricity="0.00" noise="70.68" route="routetop" type="cfm-slow" waiting="0.00" lane="left_0" pos="34.69" speed="24.67" angle="122.13" x="31.89" y="2.85"/>
    </timestep>
    <timestep time="8.55">
        <vehicle id="cfm-fast_0" eclass="HBEFA3/PC_G_EU4" CO2="7189.67" CO="76.12" HC="0.52" NOx="2.74" PMx="0.14" fuel="3.09" electricity="0.00" noise="71.94" route="routebottom" type="cfm-fast" waiting="0.00" lane="bottom_0" pos="4.52" speed="24.36" angle="86.39" x="73.45" y="-4.24"/>
        <vehicle id="cfm-fast_1" eclass="HBEFA3/PC_G_EU4" CO2="268852.06" CO="8065.65" HC="43.67" NOx="125.09" PMx="8.09" fuel="115.57" electricity="0.00" noise="137.00" route="routebottom" type="cfm-fast" waiting="0.00" lane="right_1" pos="13.87" speed="100.14" angle="339.49" x="122.86" y="91.23"/>
        <vehicle id="cfm-fast_2" eclass="HBEFA3/PC_G_EU4" CO2="11664.92" CO="169.82" HC="1.06" NOx="4.84" PMx="0.26" fuel="5.01" electricity="0.00" noise="73.85" route="routebottom" type="cfm-fast" waiting="0.00" lane="bottom_0" pos="19.88" speed="24.90" angle="58.66" x="103.79" y="8.03"/>
        <vehicle id="cfm-fast_3" eclass="HBEFA3/PC_G_EU4" CO2="13812.28" CO="218.32" HC="1.34" NOx="5.83" PMx="0.32" fuel="5.94" electricity="0.00" noise="75.07" route="routebottom" type="cfm-fast" waiting="0.00" lane="bottom_0" pos="35.85" speed="26.08" angle="30.05" x="125.60" y="34.12"/>
        <vehicle id="cfm-fast_4" eclass="HBEFA3/PC_G_EU4" CO2="132374.55" CO="5758.89" HC="29.82" NOx="60.65" PMx="4.73" fuel="56.90" electricity="0.00" noise="115.08" route="routetop" type="cfm-fast" waiting="0.00" lane="left_1" pos="6.11" speed="107.42" angle="173.45" x="-0.44" y="51.19"/>
        <vehicle id="cfm-fast_5" eclass="HBEFA3/PC_G_EU4" CO2="12780.80" CO="203.43" HC="1.25" NOx="5.31" PMx="0.30" fuel="5.49" electricity="0.00" noise="74.98" route="routebottom" type="cfm-fast" waiting="0.00" lane="right_0" pos="3.07" speed="27.44" angle="358.99" x="131.94" y="70.36"/>
        <vehicle id="cfm-slow_0" eclass="HBEFA3/PC_G_EU4" CO2="8328.16" CO="117.71" HC="0.75" NOx="3.19" PMx="0.19" fuel="3.58" electricity="0.00" noise="73.87" route="routebottom" type="cfm-slow" waiting="0.00" lane="right_0" pos="21.65" speed="28.48" angle="325.49" x="116.99" y="106.82"/>
        <vehicle id="cfm-slow_1" eclass="HBEFA3/PC_G_EU4" CO2="0.00" CO="0.00" HC="0.00" NOx="0.00" PMx="0.00" fuel="0.00" electricity="0.00" noise="72.74" route="routebottom" type="cfm-slow" waiting="0.00" lane="right_0" pos="45.24" speed="28.81" angle="283.12" x="73.96" y="131.49"/>
        <vehicle id="cfm-slow_2" eclass="HBEFA3/PC_G_EU4" CO2="0.00" CO="0.00" HC="0.00" NOx="0.00" PMx="0.00" fuel="0.00" electricity="0.00" noise="71.88" route="routetop" type="cfm-slow" waiting="0.00" lane="top_0" pos="19.09" speed="28.29" angle="240.03" x="24.92" y="120.28"/>
        <vehicle id="cfm-slow_3" eclass="HBEFA3/PC_G_EU4" CO2="0.00" CO="0.00" HC="0.00" NOx="0.00" PMx="0.00" fuel="0.00" electricity="0.00" noise="71.13" route="routetop" type="cfm-slow" waiting="0.00" lane="top_0" pos="42.35" speed="27.11" angle="198.32" x="-2.95" y="80.07"/>
        <vehicle id="cfm-slow_4" eclass="HBEFA3/PC_G_EU4" CO2="0.00" CO="0.00" HC="0.00" NOx="0.00" PMx="0.00" fuel="0.00" electricity="0.00" noise="70.58" route="routetop" type="cfm-slow" waiting="0.00" lane="left_0" pos="14.35" speed="25.71" angle="158.67" x="1.92" y="33.74"/>
        <vehicle id="cfm-slow_5" eclass="HBEFA3/PC_G_EU4" CO2="0.00" CO="0.00" HC="0.00" NOx="0.00" PMx="0.00" fuel="0.00" electricity="0.00" noise="70.69" route="routetop" type="cfm-slow" waiting="0.00" lane="left_0" pos="34.94" speed="24.66" angle="121.67" x="32.36" y="2.61"/>
    </timestep>
    <timestep time="8.56">
        <vehicle id="cfm-fast_0" eclass="HBEFA3/PC_G_EU4" CO2="7232.69" CO="77.02" HC="0.53" NOx="2.76" PMx="0.15" fuel="3.11" electricity="0.00" noise="71.95" route="routebottom" type="cfm-fast" waiting="0.00" lane="bottom_0" pos="4.76" speed="24.36" angle="85.95" x="73.97" y="-4.17"/>
        <vehicle id="cfm-fast_1" eclass="HBEFA3/PC_G_EU4" CO2="267647.00" CO="8045.88" HC="43.55" NOx="124.52" PMx="8.06" fuel="115.05" electricity="0.00" noise="136.79" route="routebottom" type="cfm-fast" waiting="0.00" lane="right_1" pos="14.87" speed="100.21" angle="337.68" x="121.96" y="93.08"/>
        <vehicle id="cfm-fast_2" eclass="HBEFA3/PC_G_EU4" CO2="11686.65" CO="170.30" HC="1.07" NOx="4.85" PMx="0.26" fuel="5.02" electricity="0.00" noise="73.86" route="routebottom" type="cfm-fast" waiting="0.00" lane="bottom_0" pos="20.13" speed="24.91" angle="58.20" x="104.23" y="8.34"/>
        <vehicle id="cfm-fast_3" eclass="HBEFA3/PC_G_EU4" CO2="13804.14" CO="218.21" HC="1.34" NOx="5.83" PMx="0.32" fuel="5.93" electricity="0.00" noise="75.07" route="routebottom" type="cfm-fast" waiting="0.00" lane="bottom_0" pos="36.11" speed="26.10" angle="29.58" x="125.83" y="34.63"/>
        <vehicle id="cfm-fast_4" eclass="HBEFA3/PC_G_EU4" CO2="131547.90" CO="5743.22" HC="29.73" NOx="60.26" PMx="4.71" fuel="56.55" electricity="0.00" noise="114.96" route="routetop" type="cfm-fast" waiting="0.00" lane="left_1" pos="7.18" speed="107.44" angle="171.52" x="0.02" y="49.03"/>
        <vehicle id="cfm-fast_5" eclass="HBEFA3/PC_G_EU4" CO2="12739.80" CO="202.64" HC="1.24" NOx="5.29" PMx="0.30" fuel="5.48" electricity="0.00" noise="74.96" route="routebottom" type="cfm-fast" waiting="0.00" lane="right_0" pos="3.35" speed="27.45" angle="358.49" x="131.88" y="70.94"/>
        <vehicle id="cfm-slow_0" eclass="HBEFA3/PC_G_EU4" CO2="8268.01" CO="116.50" HC="0.74" NOx="3.16" PMx="0.18" fuel="3.55" electricity="0.00" noise="73.86" route="routebottom" type="cfm-slow" waiting="0.00" lane="right_0" pos="21.94" speed="28.49" angle="325.01" x="116.60" y="107.30"/>
        <vehicle id="cfm-slow_1" eclass="HBEFA3/PC_G_EU4" CO2="0.00" CO="0.00" HC="0.00" NOx="0.00" PMx="0.00" fuel="0.00" electricity="0.00" noise="72.73" route="routebottom" type="cfm-slow" waiting="0.00" lane="right_0" pos="45.53" speed="28.81" angle="282.60" x="73.34" y="131.58"/>
        <vehicle id="cfm-slow_2" eclass="HBEFA3/PC_G_EU4" CO2="0.00" CO="0.00" HC="0.00" NOx="0.00" PMx="0.00" fuel="0.00" electricity="0.00" noise="71.87" route="routetop" type="cfm-slow" waiting="0.00" lane="top_0" pos="19.38" speed="28.28" angle="239.57" x="24.42" y="119.93"/>
        <vehicle id="cfm-slow_3" eclass="HBEFA3/PC_G_EU4" CO2="0.00" CO="0.00" HC="0.00" NOx="0.00" PMx="0.00" fuel="0.00" electricity="0.00" noise="71.13" route="routetop" type="cfm-slow" waiting="0.00" lane="top_0" pos="42.62" speed="27.09" angle="197.83" x="-3.08" y="79.50"/>
        <vehicle id="cfm-slow_4" eclass="HBEFA3/PC_G_EU4" CO2="0.00" CO="0.00" HC="0.00" NOx="0.00" PMx="0.00" fuel="0.00" electricity="0.00" noise="70.58" route="routetop" type="cfm-slow" waiting="0.00" lane="left_0" pos="14.60" speed="25.70" angle="158.19" x="2.17" y="33.25"/>
        <vehicle id="cfm-slow_5" eclass="HBEFA3/PC_G_EU4" CO2="0.00" CO="0.00" HC="0.00" NOx="0.00" PMx="0.00" fuel="0.00" electricity="0.00" noise="70.70" route="routetop" type="cfm-slow" waiting="0.00" lane="left_0" pos="35.18" speed="24.66" angle="121.21" x="32.84" y="2.38"/>
    </timestep>
    <timestep time="8.57">
        <vehicle id="cfm-fast_0" eclass="HBEFA3/PC_G_EU4" CO2="7275.51" CO="77.91" HC="0.54" NOx="2.78" PMx="0.15" fuel="3.13" electricity="0.00" noise="71.97" route="routebottom" type="cfm-fast" waiting="0.00" lane="bottom_0" pos="5.01" speed="24.37" angle="85.43" x="74.49" y="-4.09"/>
        <vehicle id="cfm-fast_1" eclass="HBEFA3/PC_G_EU4" CO2="266443.56" CO="8026.11" HC="43.43" NOx="123.95" PMx="8.03" fuel="114.53" electricity="0.00" noise="136.58" route="routebottom" type="cfm-fast" waiting="0.00" lane="right_1" pos="15.87" speed="100.29" angle="335.92" x="121.00" y="94.90"/>
        <vehicle id="cfm-fast_2" eclass="HBEFA3/PC_G_EU4" CO2="11708.11" CO="170.78" HC="1.07" NOx="4.86" PMx="0.26" fuel="5.03" electricity="0.00" noise="73.87" route="routebottom" type="cfm-fast" waiting="0.00" lane="bottom_0" pos="20.38" speed="24.92" angle="57.74" x="104.66" y="8.65"/>
        <vehicle id="cfm-fast_3" eclass="HBEFA3/PC_G_EU4" CO2="13795.71" CO="218.09" HC="1.34" NOx="5.82" PMx="0.32" fuel="5.93" electricity="0.00" noise="75.07" route="routebottom" type="cfm-fast" waiting="0.00" lane="bottom_0" pos="36.37" speed="26.11" angle="29.07" x="126.06" y="35.15"/>
        <vehicle id="cfm-fast_4" eclass="HBEFA3/PC_G_EU4" CO2="130736.44" CO="5727.84" HC="29.64" NOx="59.87" PMx="4.69" fuel="56.20" electricity="0.00" noise="114.83" route="routetop" type="cfm-fast" waiting="0.00" lane="left_1" pos="8.26" speed="107.46" angle="169.59" x="0.55" y="46.90"/>
        <vehicle id="cfm-fast_5" eclass="HBEFA3/PC_G_EU4" CO2="12698.59" CO="201.85" HC="1.24" NOx="5.27" PMx="0.30" fuel="5.46" electricity="0.00" noise="74.95" route="routebottom" type="cfm-fast" waiting="0.00" lane="right_0" pos="3.62" speed="27.46" angle="358.00" x="131.82" y="71.53"/>
        <vehicle id="cfm-slow_0" eclass="HBEFA3/PC_G_EU4" CO2="8207.89" CO="115.28" HC="0.73" NOx="3.13" PMx="0.18" fuel="3.53" electricity="0.00" noise="73.85" route="routebottom" type="cfm-slow" waiting="0.00" lane="right_0" pos="22.22" speed="28.49" angle="324.47" x="116.20" y="107.76"/>
        <vehicle id="cfm-slow_1" eclass="HBEFA3/PC_G_EU4" CO2="0.00" CO="0.00" HC="0.00" NOx="0.00" PMx="0.00" fuel="0.00" electricity="0.00" noise="72.72" route="routebottom" type="cfm-slow" waiting="0.00" lane="right_0" pos="45.82" speed="28.81" angle="282.08" x="72.73" y="131.67"/>
        <vehicle id="cfm-slow_2" eclass="HBEFA3/PC_G_EU4" CO2="0.00" CO="0.00" HC="0.00" NOx="0.00" PMx="0.00" fuel="0.00" electricity="0.00" noise="71.87" route="routetop" type="cfm-slow" waiting="0.00" lane="top_0" pos="19.66" speed="28.27" angle="239.05" x="23.92" y="119.57"/>
        <vehicle id="cfm-slow_3" eclass="HBEFA3/PC_G_EU4" CO2="0.00" CO="0.00" HC="0.00" NOx="0.00" PMx="0.00" fuel="0.00" electricity="0.00" noise="71.12" route="routetop" type="cfm-slow" waiting="0.00" lane="top_0" pos="42.89" speed="27.08" angle="197.35" x="-3.21" y="78.93"/>
        <vehicle id="cfm-slow_4" eclass="HBEFA3/PC_G_EU4" CO2="0.00" CO="0.00" HC="0.00" NOx="0.00" PMx="0.00" fuel="0.00" electricity="0.00" noise="70.58" route="routetop" type="cfm-slow" waiting="0.00" lane="left_0" pos="14.86" speed="25.69" angle="157.71" x="2.42" y="32.75"/>
        <vehicle id="cfm-slow_5" eclass="HBEFA3/PC_G_EU4" CO2="0.00" CO="0.00" HC="0.00" NOx="0.00" PMx="0.00" fuel="0.00" electricity="0.00" noise="70.71" route="routetop" type="cfm-slow" waiting="0.00" lane="left_0" pos="35.43" speed="24.66" angle="120.76" x="33.31" y="2.14"/>
    </timestep>
    <timestep time="8.58">
        <vehicle id="cfm-fast_0" eclass="HBEFA3/PC_G_EU4" CO2="7318.14" CO="78.80" HC="0.54" NOx="2.80" PMx="0.15" fuel="3.15" electricity="0.00" noise="71.98" route="routebottom" type="cfm-fast" waiting="0.00" lane="bottom_0" pos="5.25" speed="24.37" angle="85.03" x="75.01" y="-4.01"/>
        <vehicle id="cfm-fast_1" eclass="HBEFA3/PC_G_EU4" CO2="265241.88" CO="8006.34" HC="43.31" NOx="123.39" PMx="8.00" fuel="114.02" electricity="0.00" noise="136.37" route="routebottom" type="cfm-fast" waiting="0.00" lane="right_1" pos="16.88" speed="100.36" angle="334.16" x="120.00" y="96.69"/>
        <vehicle id="cfm-fast_2" eclass="HBEFA3/PC_G_EU4" CO2="11729.30" CO="171.25" HC="1.07" NOx="4.87" PMx="0.26" fuel="5.04" electricity="0.00" noise="73.88" route="routebottom" type="cfm-fast" waiting="0.00" lane="bottom_0" pos="20.63" speed="24.93" angle="57.35" x="105.09" y="8.97"/>
        <vehicle id="cfm-fast_3" eclass="HBEFA3/PC_G_EU4" CO2="13786.97" CO="217.97" HC="1.34" NOx="5.82" PMx="0.32" fuel="5.93" electricity="0.00" noise="75.07" route="routebottom" type="cfm-fast" waiting="0.00" lane="bottom_0" pos="36.63" speed="26.12" angle="28.56" x="126.29" y="35.66"/>
        <vehicle id="cfm-fast_4" eclass="HBEFA3/PC_G_EU4" CO2="129939.87" CO="5712.74" HC="29.55" NOx="59.50" PMx="4.67" fuel="55.86" electricity="0.00" noise="114.71" route="routetop" type="cfm-fast" waiting="0.00" lane="left_1" pos="9.33" speed="107.48" angle="167.66" x="1.15" y="44.77"/>
        <vehicle id="cfm-fast_5" eclass="HBEFA3/PC_G_EU4" CO2="12657.19" CO="201.05" HC="1.23" NOx="5.25" PMx="0.30" fuel="5.44" electricity="0.00" noise="74.94" route="routebottom" type="cfm-fast" waiting="0.00" lane="right_0" pos="3.89" speed="27.47" angle="357.53" x="131.75" y="72.12"/>
        <vehicle id="cfm-slow_0" eclass="HBEFA3/PC_G_EU4" CO2="8147.81" CO="114.07" HC="0.73" NOx="3.10" PMx="0.18" fuel="3.50" electricity="0.00" noise="73.83" route="routebottom" type="cfm-slow" waiting="0.00" lane="right_0" pos="22.51" speed="28.49" angle="323.93" x="115.81" y="108.23"/>
        <vehicle id="cfm-slow_1" eclass="HBEFA3/PC_G_EU4" CO2="0.00" CO="0.00" HC="0.00" NOx="0.00" PMx="0.00" fuel="0.00" electricity="0.00" noise="72.71" route="routebottom" type="cfm-slow" waiting="0.00" lane="right_0" pos="46.11" speed="28.80" angle="281.58" x="72.11" y="131.75"/>
        <vehicle id="cfm-slow_2" eclass="HBEFA3/PC_G_EU4" CO2="0.00" CO="0.00" HC="0.00" NOx="0.00" PMx="0.00" fuel="0.00" electricity="0.00" noise="71.86" route="routetop" type="cfm-slow" waiting="0.00" lane="top_0" pos="19.94" speed="28.26" angle="238.54" x="23.43" y="119.22"/>
        <vehicle id="cfm-slow_3" eclass="HBEFA3/PC_G_EU4" CO2="0.00" CO="0.00" HC="0.00" NOx="0.00" PMx="0.00" fuel="0.00" electricity="0.00" noise="71.11" route="routetop" type="cfm-slow" waiting="0.00" lane="top_0" pos="43.16" speed="27.07" angle="196.87" x="-3.34" y="78.36"/>
        <vehicle id="cfm-slow_4" eclass="HBEFA3/PC_G_EU4" CO2="0.00" CO="0.00" HC="0.00" NOx="0.00" PMx="0.00" fuel="0.00" electricity="0.00" noise="70.58" route="routetop" type="cfm-slow" waiting="0.00" lane="left_0" pos="15.12" speed="25.68" angle="157.23" x="2.67" y="32.26"/>
        <vehicle id="cfm-slow_5" eclass="HBEFA3/PC_G_EU4" CO2="0.00" CO="0.00" HC="0.00" NOx="0.00" PMx="0.00" fuel="0.00" electricity="0.00" noise="70.71" route="routetop" type="cfm-slow" waiting="0.00" lane="left_0" pos="35.68" speed="24.65" angle="120.30" x="33.79" y="1.90"/>
    </timestep>
    <timestep time="8.59">
        <vehicle id="cfm-fast_0" eclass="HBEFA3/PC_G_EU4" CO2="7360.58" CO="79.69" HC="0.55" NOx="2.82" PMx="0.15" fuel="3.16" electricity="0.00" noise="72.00" route="routebottom" type="cfm-fast" waiting="0.00" lane="bottom_0" pos="5.49" speed="24.38" angle="84.58" x="75.52" y="-3.91"/>
        <vehicle id="cfm-fast_1" eclass="HBEFA3/PC_G_EU4" CO2="264042.10" CO="7986.57" HC="43.19" NOx="122.82" PMx="7.97" fuel="113.50" electricity="0.00" noise="136.16" route="routebottom" type="cfm-fast" waiting="0.00" lane="right_1" pos="17.88" speed="100.44" angle="332.33" x="118.94" y="98.46"/>
        <vehicle id="cfm-fast_2" eclass="HBEFA3/PC_G_EU4" CO2="11750.22" CO="171.72" HC="1.07" NOx="4.88" PMx="0.26" fuel="5.05" electricity="0.00" noise="73.90" route="routebottom" type="cfm-fast" waiting="0.00" lane="bottom_0" pos="20.88" speed="24.94" angle="56.90" x="105.51" y="9.31"/>
        <vehicle id="cfm-fast_3" eclass="HBEFA3/PC_G_EU4" CO2="13777.92" CO="217.84" HC="1.34" NOx="5.81" PMx="0.32" fuel="5.92" electricity="0.00" noise="75.07" route="routebottom" type="cfm-fast" waiting="0.00" lane="bottom_0" pos="36.90" speed="26.14" angle="28.05" x="126.52" y="36.17"/>
        <vehicle id="cfm-fast_4" eclass="HBEFA3/PC_G_EU4" CO2="129157.92" CO="5697.92" HC="29.46" NOx="59.13" PMx="4.65" fuel="55.52" electricity="0.00" noise="114.59" route="routetop" type="cfm-fast" waiting="0.00" lane="left_1" pos="10.41" speed="107.50" angle="165.75" x="1.82" y="42.67"/>
        <vehicle id="cfm-fast_5" eclass="HBEFA3/PC_G_EU4" CO2="12615.59" CO="200.25" HC="1.23" NOx="5.23" PMx="0.29" fuel="5.42" electricity="0.00" noise="74.92" route="routebottom" type="cfm-fast" waiting="0.00" lane="right_0" pos="4.17" speed="27.48" angle="357.03" x="131.67" y="72.70"/>
        <vehicle id="cfm-slow_0" eclass="HBEFA3/PC_G_EU4" CO2="8087.76" CO="112.86" HC="0.72" NOx="3.08" PMx="0.18" fuel="3.48" electricity="0.00" noise="73.82" route="routebottom" type="cfm-slow" waiting="0.00" lane="right_0" pos="22.79" speed="28.50" angle="323.39" x="115.41" y="108.70"/>
        <vehicle id="cfm-slow_1" eclass="HBEFA3/PC_G_EU4" CO2="0.00" CO="0.00" HC="0.00" NOx="0.00" PMx="0.00" fuel="0.00" electricity="0.00" noise="72.70" route="routebottom" type="cfm-slow" waiting="0.00" lane="right_0" pos="46.39" speed="28.80" angle="281.09" x="71.50" y="131.82"/>
        <vehicle id="cfm-slow_2" eclass="HBEFA3/PC_G_EU4" CO2="0.00" CO="0.00" HC="0.00" NOx="0.00" PMx="0.00" fuel="0.00" electricity="0.00" noise="71.85" route="routetop" type="cfm-slow" waiting="0.00" lane="top_0" pos="20.23" speed="28.25" angle="238.03" x="22.94" y="118.86"/>
        <vehicle id="cfm-slow_3" eclass="HBEFA3/PC_G_EU4" CO2="0.00" CO="0.00" HC="0.00" NOx="0.00" PMx="0.00" fuel="0.00" electricity="0.00" noise="71.11" route="routetop" type="cfm-slow" waiting="0.00" lane="top_0" pos="43.43" speed="27.05" angle="196.39" x="-3.47" y="77.80"/>
        <vehicle id="cfm-slow_4" eclass="HBEFA3/PC_G_EU4" CO2="0.00" CO="0.00" HC="0.00" NOx="0.00" PMx="0.00" fuel="0.00" electricity="0.00" noise="70.57" route="routetop" type="cfm-slow" waiting="0.00" lane="left_0" pos="15.37" speed="25.67" angle="156.82" x="2.91" y="31.76"/>
        <vehicle id="cfm-slow_5" eclass="HBEFA3/PC_G_EU4" CO2="0.00" CO="0.00" HC="0.00" NOx="0.00" PMx="0.00" fuel="0.00" electricity="0.00" noise="70.72" route="routetop" type="cfm-slow" waiting="0.00" lane="left_0" pos="35.92" speed="24.65" angle="119.91" x="34.26" y="1.66"/>
    </timestep>
    <timestep time="8.60">
        <vehicle id="cfm-fast_0" eclass="HBEFA3/PC_G_EU4" CO2="7402.82" CO="80.57" HC="0.55" NOx="2.84" PMx="0.15" fuel="3.18" electricity="0.00" noise="72.02" route="routebottom" type="cfm-fast" waiting="0.00" lane="bottom_0" pos="5.74" speed="24.38" angle="84.14" x="76.04" y="-3.82"/>
        <vehicle id="cfm-fast_1" eclass="HBEFA3/PC_G_EU4" CO2="262844.34" CO="7966.82" HC="43.07" NOx="122.25" PMx="7.94" fuel="112.98" electricity="0.00" noise="135.95" route="routebottom" type="cfm-fast" waiting="0.00" lane="right_1" pos="18.89" speed="100.51" angle="330.47" x="117.80" y="100.18"/>
        <vehicle id="cfm-fast_2" eclass="HBEFA3/PC_G_EU4" CO2="11770.87" CO="172.18" HC="1.08" NOx="4.89" PMx="0.27" fuel="5.06" electricity="0.00" noise="73.91" route="routebottom" type="cfm-fast" waiting="0.00" lane="bottom_0" pos="21.13" speed="24.96" angle="56.44" x="105.94" y="9.64"/>
        <vehicle id="cfm-fast_3" eclass="HBEFA3/PC_G_EU4" CO2="13768.58" CO="217.70" HC="1.33" NOx="5.81" PMx="0.32" fuel="5.92" electricity="0.00" noise="75.07" route="routebottom" type="cfm-fast" waiting="0.00" lane="bottom_0" pos="37.16" speed="26.15" angle="27.60" x="126.75" y="36.69"/>
        <vehicle id="cfm-fast_4" eclass="HBEFA3/PC_G_EU4" CO2="128390.34" CO="5683.38" HC="29.38" NOx="58.77" PMx="4.63" fuel="55.19" electricity="0.00" noise="114.47" route="routetop" type="cfm-fast" waiting="0.00" lane="left_1" pos="11.48" speed="107.51" angle="163.78" x="2.57" y="40.60"/>
        <vehicle id="cfm-fast_5" eclass="HBEFA3/PC_G_EU4" CO2="12573.80" CO="199.45" HC="1.22" NOx="5.21" PMx="0.29" fuel="5.40" electricity="0.00" noise="74.91" route="routebottom" type="cfm-fast" waiting="0.00" lane="right_0" pos="4.44" speed="27.49" angle="356.53" x="131.59" y="73.29"/>
        <vehicle id="cfm-slow_0" eclass="HBEFA3/PC_G_EU4" CO2="8027.75" CO="111.64" HC="0.71" NOx="3.05" PMx="0.18" fuel="3.45" electricity="0.00" noise="73.80" route="routebottom" type="cfm-slow" waiting="0.00" lane="right_0" pos="23.08" speed="28.50" angle="322.93" x="115.01" y="109.17"/>
        <vehicle id="cfm-slow_1" eclass="HBEFA3/PC_G_EU4" CO2="0.00" CO="0.00" HC="0.00" NOx="0.00" PMx="0.00" fuel="0.00" electricity="0.00" noise="72.69" route="routebottom" type="cfm-slow" waiting="0.00" lane="right_0" pos="46.68" speed="28.79" angle="280.56" x="70.88" y="131.89"/>
        <vehicle id="cfm-slow_2" eclass="HBEFA3/PC_G_EU4" CO2="0.00" CO="0.00" HC="0.00" NOx="0.00" PMx="0.00" fuel="0.00" electricity="0.00" noise="71.84" route="routetop" type="cfm-slow" waiting="0.00" lane="top_0" pos="20.51" speed="28.24" angle="237.57" x="22.45" y="118.51"/>
        <vehicle id="cfm-slow_3" eclass="HBEFA3/PC_G_EU4" CO2="0.00" CO="0.00" HC="0.00" NOx="0.00" PMx="0.00" fuel="0.00" electricity="0.00" noise="71.10" route="routetop" type="cfm-slow" waiting="0.00" lane="top_0" pos="43.70" speed="27.04" angle="195.95" x="-3.60" y="77.23"/>
        <vehicle id="cfm-slow_4" eclass="HBEFA3/PC_G_EU4" CO2="0.00" CO="0.00" HC="0.00" NOx="0.00" PMx="0.00" fuel="0.00" electricity="0.00" noise="70.57" route="routetop" type="cfm-slow" waiting="0.00" lane="left_0" pos="15.63" speed="25.66" angle="156.34" x="3.18" y="31.28"/>
        <vehicle id="cfm-slow_5" eclass="HBEFA3/PC_G_EU4" CO2="0.00" CO="0.00" HC="0.00" NOx="0.00" PMx="0.00" fuel="0.00" electricity="0.00" noise="70.73" route="routetop" type="cfm-slow" waiting="0.00" lane="left_0" pos="36.17" speed="24.65" angle="119.44" x="34.75" y="1.45"/>
    </timestep>
    <timestep time="8.61">
        <vehicle id="cfm-fast_0" eclass="HBEFA3/PC_G_EU4" CO2="7444.86" CO="81.45" HC="0.56" NOx="2.86" PMx="0.15" fuel="3.20" electricity="0.00" noise="72.03" route="routebottom" type="cfm-fast" waiting="0.00" lane="bottom_0" pos="5.98" speed="24.39" angle="83.69" x="76.55" y="-3.72"/>
        <vehicle id="cfm-fast_1" eclass="HBEFA3/PC_G_EU4" CO2="261648.74" CO="7947.08" HC="42.95" NOx="121.69" PMx="7.91" fuel="112.47" electricity="0.00" noise="135.75" route="routebottom" type="cfm-fast" waiting="0.00" lane="right_1" pos="19.89" speed="100.59" angle="328.64" x="116.61" y="101.86"/>
        <vehicle id="cfm-fast_2" eclass="HBEFA3/PC_G_EU4" CO2="11791.25" CO="172.64" HC="1.08" NOx="4.90" PMx="0.27" fuel="5.07" electricity="0.00" noise="73.92" route="routebottom" type="cfm-fast" waiting="0.00" lane="bottom_0" pos="21.38" speed="24.97" angle="55.99" x="106.36" y="9.97"/>
        <vehicle id="cfm-fast_3" eclass="HBEFA3/PC_G_EU4" CO2="13758.94" CO="217.56" HC="1.33" NOx="5.80" PMx="0.32" fuel="5.91" electricity="0.00" noise="75.07" route="routebottom" type="cfm-fast" waiting="0.00" lane="bottom_0" pos="37.42" speed="26.16" angle="27.15" x="126.96" y="37.21"/>
        <vehicle id="cfm-fast_4" eclass="HBEFA3/PC_G_EU4" CO2="127636.86" CO="5669.11" HC="29.29" NOx="58.41" PMx="4.61" fuel="54.87" electricity="0.00" noise="114.36" route="routetop" type="cfm-fast" waiting="0.00" lane="left_1" pos="12.56" speed="107.53" angle="161.87" x="3.38" y="38.55"/>
        <vehicle id="cfm-fast_5" eclass="HBEFA3/PC_G_EU4" CO2="12531.81" CO="198.64" HC="1.22" NOx="5.19" PMx="0.29" fuel="5.39" electricity="0.00" noise="74.90" route="routebottom" type="cfm-fast" waiting="0.00" lane="right_0" pos="4.72" speed="27.50" angle="356.03" x="131.50" y="73.87"/>
        <vehicle id="cfm-slow_0" eclass="HBEFA3/PC_G_EU4" CO2="7967.78" CO="110.43" HC="0.70" NOx="3.02" PMx="0.18" fuel="3.42" electricity="0.00" noise="73.79" route="routebottom" type="cfm-slow" waiting="0.00" lane="right_0" pos="23.36" speed="28.51" angle="322.42" x="114.60" y="109.62"/>
        <vehicle id="cfm-slow_1" eclass="HBEFA3/PC_G_EU4" CO2="0.00" CO="0.00" HC="0.00" NOx="0.00" PMx="0.00" fuel="0.00" electricity="0.00" noise="72.68" route="routebottom" type="cfm-slow" waiting="0.00" lane="right_0" pos="46.97" speed="28.79" angle="280.04" x="70.27" y="131.95"/>
        <vehicle id="cfm-slow_2" eclass="HBEFA3/PC_G_EU4" CO2="0.00" CO="0.00" HC="0.00" NOx="0.00" PMx="0.00" fuel="0.00" electricity="0.00" noise="71.84" route="routetop" type="cfm-slow" waiting="0.00" lane="top_0" pos="20.79" speed="28.23" angle="237.05" x="21.97" y="118.13"/>
        <vehicle id="cfm-slow_3" eclass="HBEFA3/PC_G_EU4" CO2="0.00" CO="0.00" HC="0.00" NOx="0.00" PMx="0.00" fuel="0.00" electricity="0.00" noise="71.10" route="routetop" type="cfm-slow" waiting="0.00" lane="top_0" pos="43.97" speed="27.03" angle="195.45" x="-3.70" y="76.66"/>
        <vehicle id="cfm-slow_4" eclass="HBEFA3/PC_G_EU4" CO2="0.00" CO="0.00" HC="0.00" NOx="0.00" PMx="0.00" fuel="0.00" electricity="0.00" noise="70.57" route="routetop" type="cfm-slow" waiting="0.00" lane="left_0" pos="15.89" speed="25.65" angle="155.87" x="3.45" y="30.80"/>
        <vehicle id="cfm-slow_5" eclass="HBEFA3/PC_G_EU4" CO2="0.00" CO="0.00" HC="0.00" NOx="0.00" PMx="0.00" fuel="0.00" electricity="0.00" noise="70.74" route="routetop" type="cfm-slow" waiting="0.00" lane="left_0" pos="36.42" speed="24.64" angle="118.98" x="35.23" y="1.23"/>
    </timestep>
    <timestep time="8.62">
        <vehicle id="cfm-fast_0" eclass="HBEFA3/PC_G_EU4" CO2="7486.71" CO="82.33" HC="0.56" NOx="2.88" PMx="0.15" fuel="3.22" electricity="0.00" noise="72.05" route="routebottom" type="cfm-fast" waiting="0.00" lane="bottom_0" pos="6.23" speed="24.40" angle="83.25" x="77.07" y="-3.63"/>
        <vehicle id="cfm-fast_1" eclass="HBEFA3/PC_G_EU4" CO2="260455.41" CO="7927.36" HC="42.83" NOx="121.13" PMx="7.88" fuel="111.96" electricity="0.00" noise="135.54" route="routebottom" type="cfm-fast" waiting="0.00" lane="right_1" pos="20.90" speed="100.66" angle="326.84" x="115.38" y="103.52"/>
        <vehicle id="cfm-fast_2" eclass="HBEFA3/PC_G_EU4" CO2="11811.36" CO="173.09" HC="1.08" NOx="4.91" PMx="0.27" fuel="5.08" electricity="0.00" noise="73.93" route="routebottom" type="cfm-fast" waiting="0.00" lane="bottom_0" pos="21.63" speed="24.98" angle="55.54" x="106.78" y="10.30"/>
        <vehicle id="cfm-fast_3" eclass="HBEFA3/PC_G_EU4" CO2="13749.00" CO="217.41" HC="1.33" NOx="5.80" PMx="0.32" fuel="5.91" electricity="0.00" noise="75.07" route="routebottom" type="cfm-fast" waiting="0.00" lane="bottom_0" pos="37.68" speed="26.18" angle="26.68" x="127.17" y="37.73"/>
        <vehicle id="cfm-fast_4" eclass="HBEFA3/PC_G_EU4" CO2="126897.23" CO="5655.10" HC="29.21" NOx="58.06" PMx="4.59" fuel="54.55" electricity="0.00" noise="114.25" route="routetop" type="cfm-fast" waiting="0.00" lane="left_1" pos="13.63" speed="107.55" angle="159.97" x="4.26" y="36.53"/>
        <vehicle id="cfm-fast_5" eclass="HBEFA3/PC_G_EU4" CO2="12489.63" CO="197.83" HC="1.21" NOx="5.17" PMx="0.29" fuel="5.37" electricity="0.00" noise="74.89" route="routebottom" type="cfm-fast" waiting="0.00" lane="right_0" pos="4.99" speed="27.51" angle="355.54" x="131.42" y="74.46"/>
        <vehicle id="cfm-slow_0" eclass="HBEFA3/PC_G_EU4" CO2="7907.86" CO="109.22" HC="0.70" NOx="2.99" PMx="0.18" fuel="3.40" electricity="0.00" noise="73.77" route="routebottom" type="cfm-slow" waiting="0.00" lane="right_0" pos="23.65" speed="28.51" angle="321.91" x="114.18" y="110.07"/>
        <vehicle id="cfm-slow_1" eclass="HBEFA3/PC_G_EU4" CO2="0.00" CO="0.00" HC="0.00" NOx="0.00" PMx="0.00" fuel="0.00" electricity="0.00" noise="72.67" route="routebottom" type="cfm-slow" waiting="0.00" lane="right_0" pos="47.26" speed="28.78" angle="279.51" x="69.65" y="132.01"/>
        <vehicle id="cfm-slow_2" eclass="HBEFA3/PC_G_EU4" CO2="0.00" CO="0.00" HC="0.00" NOx="0.00" PMx="0.00" fuel="0.00" electricity="0.00" noise="71.83" route="routetop" type="cfm-slow" waiting="0.00" lane="top_0" pos="21.07" speed="28.22" angle="236.53" x="21.49" y="117.76"/>
        <vehicle id="cfm-slow_3" eclass="HBEFA3/PC_G_EU4" CO2="0.00" CO="0.00" HC="0.00" NOx="0.00" PMx="0.00" fuel="0.00" electricity="0.00" noise="71.09" route="routetop" type="cfm-slow" waiting="0.00" lane="top_0" pos="44.24" speed="27.01" angle="194.95" x="-3.81" y="76.09"/>
        <vehicle id="cfm-slow_4" eclass="HBEFA3/PC_G_EU4" CO2="0.00" CO="0.00" HC="0.00" NOx="0.00" PMx="0.00" fuel="0.00" electricity="0.00" noise="70.57" route="routetop" type="cfm-slow" waiting="0.00" lane="left_0" pos="16.14" speed="25.64" angle="155.40" x="3.71" y="30.31"/>
        <vehicle id="cfm-slow_5" eclass="HBEFA3/PC_G_EU4" CO2="0.00" CO="0.00" HC="0.00" NOx="0.00" PMx="0.00" fuel="0.00" electricity="0.00" noise="70.75" route="routetop" type="cfm-slow" waiting="0.00" lane="left_0" pos="36.66" speed="24.64" angle="118.52" x="35.71" y="1.01"/>
    </timestep>
    <timestep time="8.63">
        <vehicle id="cfm-fast_0" eclass="HBEFA3/PC_G_EU4" CO2="7528.36" CO="83.20" HC="0.57" NOx="2.90" PMx="0.15" fuel="3.24" electricity="0.00" noise="72.07" route="routebottom" type="cfm-fast" waiting="0.00" lane="bottom_0" pos="6.47" speed="24.40" angle="82.85" x="77.58" y="-3.52"/>
        <vehicle id="cfm-fast_1" eclass="HBEFA3/PC_G_EU4" CO2="259264.48" CO="7907.65" HC="42.72" NOx="120.56" PMx="7.85" fuel="111.45" electricity="0.00" noise="135.34" route="routebottom" type="cfm-fast" waiting="0.00" lane="right_1" pos="21.91" speed="100.73" angle="325.05" x="114.10" y="105.14"/>
        <vehicle id="cfm-fast_2" eclass="HBEFA3/PC_G_EU4" CO2="11831.20" CO="173.54" HC="1.08" NOx="4.92" PMx="0.27" fuel="5.09" electricity="0.00" noise="73.94" route="routebottom" type="cfm-fast" waiting="0.00" lane="bottom_0" pos="21.88" speed="24.99" angle="55.13" x="107.20" y="10.64"/>
        <vehicle id="cfm-fast_3" eclass="HBEFA3/PC_G_EU4" CO2="13738.76" CO="217.26" HC="1.33" NOx="5.79" PMx="0.32" fuel="5.91" electricity="0.00" noise="75.07" route="routebottom" type="cfm-fast" waiting="0.00" lane="bottom_0" pos="37.94" speed="26.19" angle="26.21" x="127.38" y="38.25"/>
        <vehicle id="cfm-fast_4" eclass="HBEFA3/PC_G_EU4" CO2="126171.17" CO="5641.36" HC="29.13" NOx="57.72" PMx="4.57" fuel="54.24" electricity="0.00" noise="114.13" route="routetop" type="cfm-fast" waiting="0.00" lane="left_1" pos="14.71" speed="107.56" angle="158.04" x="5.21" y="34.54"/>
        <vehicle id="cfm-fast_5" eclass="HBEFA3/PC_G_EU4" CO2="12447.27" CO="197.01" HC="1.21" NOx="5.15" PMx="0.29" fuel="5.35" electricity="0.00" noise="74.87" route="routebottom" type="cfm-fast" waiting="0.00" lane="right_0" pos="5.27" speed="27.52" angle="354.98" x="131.32" y="75.04"/>
        <vehicle id="cfm-slow_0" eclass="HBEFA3/PC_G_EU4" CO2="7847.99" CO="108.01" HC="0.69" NOx="2.96" PMx="0.17" fuel="3.37" electricity="0.00" noise="73.76" route="routebottom" type="cfm-slow" waiting="0.00" lane="right_0" pos="23.93" speed="28.51" angle="321.39" x="113.76" y="110.52"/>
        <vehicle id="cfm-slow_1" eclass="HBEFA3/PC_G_EU4" CO2="0.00" CO="0.00" HC="0.00" NOx="0.00" PMx="0.00" fuel="0.00" electricity="0.00" noise="72.66" route="routebottom" type="cfm-slow" waiting="0.00" lane="right_0" pos="47.55" speed="28.78" angle="279.04" x="69.03" y="132.07"/>
        <vehicle id="cfm-slow_2" eclass="HBEFA3/PC_G_EU4" CO2="0.00" CO="0.00" HC="0.00" NOx="0.00" PMx="0.00" fuel="0.00" electricity="0.00" noise="71.82" route="routetop" type="cfm-slow" waiting="0.00" lane="top_0" pos="21.35" speed="28.20" angle="236.01" x="21.01" y="117.38"/>
        <vehicle id="cfm-slow_3" eclass="HBEFA3/PC_G_EU4" CO2="0.00" CO="0.00" HC="0.00" NOx="0.00" PMx="0.00" fuel="0.00" electricity="0.00" noise="71.09" route="routetop" type="cfm-slow" waiting="0.00" lane="top_0" pos="44.51" speed="27.00" angle="194.44" x="-3.91" y="75.51"/>
        <vehicle id="cfm-slow_4" eclass="HBEFA3/PC_G_EU4" CO2="0.00" CO="0.00" HC="0.00" NOx="0.00" PMx="0.00" fuel="0.00" electricity="0.00" noise="70.57" route="routetop" type="cfm-slow" waiting="0.00" lane="left_0" pos="16.40" speed="25.63" angle="154.93" x="3.98" y="29.83"/>
        <vehicle id="cfm-slow_5" eclass="HBEFA3/PC_G_EU4" CO2="0.00" CO="0.00" HC="0.00" NOx="0.00" PMx="0.00" fuel="0.00" electricity="0.00" noise="70.76" route="routetop" type="cfm-slow" waiting="0.00" lane="left_0" pos="36.91" speed="24.64" angle="118.06" x="36.20" y="0.79"/>
    </timestep>
    <timestep time="8.64">
        <vehicle id="cfm-fast_0" eclass="HBEFA3/PC_G_EU4" CO2="7569.81" CO="84.07" HC="0.57" NOx="2.92" PMx="0.15" fuel="3.25" electricity="0.00" noise="72.08" route="routebottom" type="cfm-fast" waiting="0.00" lane="bottom_0" pos="6.71" speed="24.41" angle="82.38" x="78.10" y="-3.41"/>
        <vehicle id="cfm-fast_1" eclass="HBEFA3/PC_G_EU4" CO2="258076.06" CO="7887.96" HC="42.60" NOx="120.00" PMx="7.82" fuel="110.93" electricity="0.00" noise="135.13" route="routebottom" type="cfm-fast" waiting="0.00" lane="right_1" pos="22.91" speed="100.80" angle="323.22" x="112.77" y="106.72"/>
        <vehicle id="cfm-fast_2" eclass="HBEFA3/PC_G_EU4" CO2="11850.76" CO="173.98" HC="1.09" NOx="4.93" PMx="0.27" fuel="5.09" electricity="0.00" noise="73.95" route="routebottom" type="cfm-fast" waiting="0.00" lane="bottom_0" pos="22.13" speed="25.00" angle="54.66" x="107.61" y="10.99"/>
        <vehicle id="cfm-fast_3" eclass="HBEFA3/PC_G_EU4" CO2="13728.22" CO="217.10" HC="1.33" NOx="5.79" PMx="0.32" fuel="5.90" electricity="0.00" noise="75.06" route="routebottom" type="cfm-fast" waiting="0.00" lane="bottom_0" pos="38.20" speed="26.20" angle="25.73" x="127.59" y="38.78"/>
        <vehicle id="cfm-fast_4" eclass="HBEFA3/PC_G_EU4" CO2="125458.46" CO="5627.87" HC="29.05" NOx="57.38" PMx="4.55" fuel="53.93" electricity="0.00" noise="114.03" route="routetop" type="cfm-fast" waiting="0.00" lane="left_1" pos="15.78" speed="107.58" angle="156.12" x="6.23" y="32.58"/>
        <vehicle id="cfm-fast_5" eclass="HBEFA3/PC_G_EU4" CO2="12404.72" CO="196.19" HC="1.20" NOx="5.13" PMx="0.29" fuel="5.33" electricity="0.00" noise="74.86" route="routebottom" type="cfm-fast" waiting="0.00" lane="right_0" pos="5.54" speed="27.53" angle="354.47" x="131.21" y="75.63"/>
        <vehicle id="cfm-slow_0" eclass="HBEFA3/PC_G_EU4" CO2="7788.16" CO="106.80" HC="0.68" NOx="2.93" PMx="0.17" fuel="3.35" electricity="0.00" noise="73.75" route="routebottom" type="cfm-slow" waiting="0.00" lane="right_0" pos="24.22" speed="28.52" angle="320.88" x="113.35" y="110.97"/>
        <vehicle id="cfm-slow_1" eclass="HBEFA3/PC_G_EU4" CO2="0.00" CO="0.00" HC="0.00" NOx="0.00" PMx="0.00" fuel="0.00" electricity="0.00" noise="72.65" route="routebottom" type="cfm-slow" waiting="0.00" lane="right_0" pos="47.83" speed="28.77" angle="278.50" x="68.42" y="132.10"/>
        <vehicle id="cfm-slow_2" eclass="HBEFA3/PC_G_EU4" CO2="0.00" CO="0.00" HC="0.00" NOx="0.00" PMx="0.00" fuel="0.00" electricity="0.00" noise="71.81" route="routetop" type="cfm-slow" waiting="0.00" lane="top_0" pos="21.64" speed="28.19" angle="235.50" x="20.54" y="117.01"/>
        <vehicle id="cfm-slow_3" eclass="HBEFA3/PC_G_EU4" CO2="0.00" CO="0.00" HC="0.00" NOx="0.00" PMx="0.00" fuel="0.00" electricity="0.00" noise="71.08" route="routetop" type="cfm-slow" waiting="0.00" lane="top_0" pos="44.78" speed="26.98" angle="193.94" x="-4.02" y="74.94"/>
        <vehicle id="cfm-slow_4" eclass="HBEFA3/PC_G_EU4" CO2="0.00" CO="0.00" HC="0.00" NOx="0.00" PMx="0.00" fuel="0.00" electricity="0.00" noise="70.57" route="routetop" type="cfm-slow" waiting="0.00" lane="left_0" pos="16.66" speed="25.62" angle="154.51" x="4.25" y="29.35"/>
        <vehicle id="cfm-slow_5" eclass="HBEFA3/PC_G_EU4" CO2="0.00" CO="0.00" HC="0.00" NOx="0.00" PMx="0.00" fuel="0.00" electricity="0.00" noise="70.77" route="routetop" type="cfm-slow" waiting="0.00" lane="left_0" pos="37.16" speed="24.64" angle="117.65" x="36.68" y="0.58"/>
    </timestep>
    <timestep time="8.65">
        <vehicle id="cfm-fast_0" eclass="HBEFA3/PC_G_EU4" CO2="7611.07" CO="84.93" HC="0.58" NOx="2.94" PMx="0.16" fuel="3.27" electricity="0.00" noise="72.10" route="routebottom" type="cfm-fast" waiting="0.00" lane="bottom_0" pos="6.96" speed="24.41" angle="81.91" x="78.61" y="-3.29"/>
        <vehicle id="cfm-fast_1" eclass="HBEFA3/PC_G_EU4" CO2="256890.28" CO="7868.29" HC="42.48" NOx="119.44" PMx="7.79" fuel="110.43" electricity="0.00" noise="134.93" route="routebottom" type="cfm-fast" waiting="0.00" lane="right_1" pos="23.92" speed="100.87" angle="321.44" x="111.37" y="108.25"/>
        <vehicle id="cfm-fast_2" eclass="HBEFA3/PC_G_EU4" CO2="11870.05" CO="174.41" HC="1.09" NOx="4.94" PMx="0.27" fuel="5.10" electricity="0.00" noise="73.97" route="routebottom" type="cfm-fast" waiting="0.00" lane="bottom_0" pos="22.38" speed="25.01" angle="54.18" x="108.02" y="11.34"/>
        <vehicle id="cfm-fast_3" eclass="HBEFA3/PC_G_EU4" CO2="13717.38" CO="216.93" HC="1.33" NOx="5.78" PMx="0.32" fuel="5.90" electricity="0.00" noise="75.06" route="routebottom" type="cfm-fast" waiting="0.00" lane="bottom_0" pos="38.47" speed="26.22" angle="25.31" x="127.80" y="39.30"/>
        <vehicle id="cfm-fast_4" eclass="HBEFA3/PC_G_EU4" CO2="124758.85" CO="5614.63" HC="28.97" NOx="57.05" PMx="4.54" fuel="53.63" electricity="0.00" noise="113.92" route="routetop" type="cfm-fast" waiting="0.00" lane="left_1" pos="16.86" speed="107.60" angle="154.18" x="7.31" y="30.66"/>
        <vehicle id="cfm-fast_5" eclass="HBEFA3/PC_G_EU4" CO2="12361.98" CO="195.36" HC="1.20" NOx="5.11" PMx="0.29" fuel="5.31" electricity="0.00" noise="74.85" route="routebottom" type="cfm-fast" waiting="0.00" lane="right_0" pos="5.82" speed="27.54" angle="353.95" x="131.11" y="76.21"/>
        <vehicle id="cfm-slow_0" eclass="HBEFA3/PC_G_EU4" CO2="7728.39" CO="105.58" HC="0.68" NOx="2.91" PMx="0.17" fuel="3.32" electricity="0.00" noise="73.73" route="routebottom" type="cfm-slow" waiting="0.00" lane="right_0" pos="24.50" speed="28.52" angle="320.41" x="112.92" y="111.41"/>
        <vehicle id="cfm-slow_1" eclass="HBEFA3/PC_G_EU4" CO2="0.00" CO="0.00" HC="0.00" NOx="0.00" PMx="0.00" fuel="0.00" electricity="0.00" noise="72.64" route="routebottom" type="cfm-slow" waiting="0.00" lane="right_0" pos="48.12" speed="28.77" angle="277.96" x="67.80" y="132.14"/>
        <vehicle id="cfm-slow_2" eclass="HBEFA3/PC_G_EU4" CO2="0.00" CO="0.00" HC="0.00" NOx="0.00" PMx="0.00" fuel="0.00" electricity="0.00" noise="71.81" route="routetop" type="cfm-slow" waiting="0.00" lane="top_0" pos="21.92" speed="28.18" angle="235.03" x="20.06" y="116.63"/>
        <vehicle id="cfm-slow_3" eclass="HBEFA3/PC_G_EU4" CO2="0.00" CO="0.00" HC="0.00" NOx="0.00" PMx="0.00" fuel="0.00" electricity="0.00" noise="71.08" route="routetop" type="cfm-slow" waiting="0.00" lane="top_0" pos="45.05" speed="26.97" angle="193.51" x="-4.11" y="74.37"/>
        <vehicle id="cfm-slow_4" eclass="HBEFA3/PC_G_EU4" CO2="0.00" CO="0.00" HC="0.00" NOx="0.00" PMx="0.00" fuel="0.00" electricity="0.00" noise="70.57" route="routetop" type="cfm-slow" waiting="0.00" lane="left_0" pos="16.91" speed="25.61" angle="154.04" x="4.53" y="28.88"/>
        <vehicle id="cfm-slow_5" eclass="HBEFA3/PC_G_EU4" CO2="0.00" CO="0.00" HC="0.00" NOx="0.00" PMx="0.00" fuel="0.00" electricity="0.00" noise="70.78" route="routetop" type="cfm-slow" waiting="0.00" lane="left_0" pos="37.40" speed="24.63" angle="117.22" x="37.17" y="0.37"/>
    </timestep>
    <timestep time="8.66">
        <vehicle id="cfm-fast_0" eclass="HBEFA3/PC_G_EU4" CO2="7652.12" CO="85.79" HC="0.58" NOx="2.96" PMx="0.16" fuel="3.29" electricity="0.00" noise="72.12" route="routebottom" type="cfm-fast" waiting="0.00" lane="bottom_0" pos="7.20" speed="24.42" angle="81.45" x="79.12" y="-3.17"/>
        <vehicle id="cfm-fast_1" eclass="HBEFA3/PC_G_EU4" CO2="255707.23" CO="7848.65" HC="42.36" NOx="118.88" PMx="7.77" fuel="109.92" electricity="0.00" noise="134.72" route="routebottom" type="cfm-fast" waiting="0.00" lane="right_1" pos="24.93" speed="100.95" angle="319.66" x="109.93" y="109.74"/>
        <vehicle id="cfm-fast_2" eclass="HBEFA3/PC_G_EU4" CO2="11889.06" CO="174.84" HC="1.09" NOx="4.95" PMx="0.27" fuel="5.11" electricity="0.00" noise="73.98" route="routebottom" type="cfm-fast" waiting="0.00" lane="bottom_0" pos="22.63" speed="25.02" angle="53.71" x="108.43" y="11.69"/>
        <vehicle id="cfm-fast_3" eclass="HBEFA3/PC_G_EU4" CO2="13706.25" CO="216.76" HC="1.33" NOx="5.78" PMx="0.32" fuel="5.89" electricity="0.00" noise="75.06" route="routebottom" type="cfm-fast" waiting="0.00" lane="bottom_0" pos="38.73" speed="26.23" angle="24.84" x="127.99" y="39.83"/>
        <vehicle id="cfm-fast_4" eclass="HBEFA3/PC_G_EU4" CO2="124072.09" CO="5601.63" HC="28.90" NOx="56.73" PMx="4.52" fuel="53.33" electricity="0.00" noise="113.82" route="routetop" type="cfm-fast" waiting="0.00" lane="left_1" pos="17.93" speed="107.61" angle="152.23" x="8.45" y="28.77"/>
        <vehicle id="cfm-fast_5" eclass="HBEFA3/PC_G_EU4" CO2="12319.06" CO="194.53" HC="1.19" NOx="5.09" PMx="0.29" fuel="5.30" electricity="0.00" noise="74.83" route="routebottom" type="cfm-fast" waiting="0.00" lane="right_0" pos="6.10" speed="27.55" angle="353.44" x="131.00" y="76.79"/>
        <vehicle id="cfm-slow_0" eclass="HBEFA3/PC_G_EU4" CO2="7668.68" CO="104.37" HC="0.67" NOx="2.88" PMx="0.17" fuel="3.30" electricity="0.00" noise="73.72" route="routebottom" type="cfm-slow" waiting="0.00" lane="right_0" pos="24.79" speed="28.52" angle="319.88" x="112.49" y="111.84"/>
        <vehicle id="cfm-slow_1" eclass="HBEFA3/PC_G_EU4" CO2="0.00" CO="0.00" HC="0.00" NOx="0.00" PMx="0.00" fuel="0.00" electricity="0.00" noise="72.63" route="routebottom" type="cfm-slow" waiting="0.00" lane="right_0" pos="48.41" speed="28.76" angle="277.42" x="67.18" y="132.18"/>
        <vehicle id="cfm-slow_2" eclass="HBEFA3/PC_G_EU4" CO2="0.00" CO="0.00" HC="0.00" NOx="0.00" PMx="0.00" fuel="0.00" electricity="0.00" noise="71.80" route="routetop" type="cfm-slow" waiting="0.00" lane="top_0" pos="22.20" speed="28.17" angle="234.50" x="19.60" y="116.24"/>
        <vehicle id="cfm-slow_3" eclass="HBEFA3/PC_G_EU4" CO2="0.00" CO="0.00" HC="0.00" NOx="0.00" PMx="0.00" fuel="0.00" electricity="0.00" noise="71.07" route="routetop" type="cfm-slow" waiting="0.00" lane="top_0" pos="45.32" speed="26.96" angle="193.02" x="-4.19" y="73.80"/>
        <vehicle id="cfm-slow_4" eclass="HBEFA3/PC_G_EU4" CO2="0.00" CO="0.00" HC="0.00" NOx="0.00" PMx="0.00" fuel="0.00" electricity="0.00" noise="70.57" route="routetop" type="cfm-slow" waiting="0.00" lane="left_0" pos="17.17" speed="25.60" angle="153.57" x="4.81" y="28.40"/>
        <vehicle id="cfm-slow_5" eclass="HBEFA3/PC_G_EU4" CO2="0.00" CO="0.00" HC="0.00" NOx="0.00" PMx="0.00" fuel="0.00" electricity="0.00" noise="70.79" route="routetop" type="cfm-slow" waiting="0.00" lane="left_0" pos="37.65" speed="24.63" angle="116.77" x="37.66" y="0.18"/>
    </timestep>
    <timestep time="8.67">
        <vehicle id="cfm-fast_0" eclass="HBEFA3/PC_G_EU4" CO2="7692.98" CO="86.65" HC="0.59" NOx="2.98" PMx="0.16" fuel="3.31" electricity="0.00" noise="72.13" route="routebottom" type="cfm-fast" waiting="0.00" lane="bottom_0" pos="7.45" speed="24.42" angle="80.98" x="79.63" y="-3.05"/>
        <vehicle id="cfm-fast_1" eclass="HBEFA3/PC_G_EU4" CO2="254527.04" CO="7829.04" HC="42.24" NOx="118.33" PMx="7.74" fuel="109.41" electricity="0.00" noise="134.52" route="routebottom" type="cfm-fast" waiting="0.00" lane="right_1" pos="25.94" speed="101.02" angle="317.87" x="108.45" y="111.18"/>
        <vehicle id="cfm-fast_2" eclass="HBEFA3/PC_G_EU4" CO2="11907.81" CO="175.26" HC="1.09" NOx="4.95" PMx="0.27" fuel="5.12" electricity="0.00" noise="73.99" route="routebottom" type="cfm-fast" waiting="0.00" lane="bottom_0" pos="22.88" speed="25.04" angle="53.24" x="108.84" y="12.04"/>
        <vehicle id="cfm-fast_3" eclass="HBEFA3/PC_G_EU4" CO2="13694.82" CO="216.58" HC="1.33" NOx="5.77" PMx="0.32" fuel="5.89" electricity="0.00" noise="75.06" route="routebottom" type="cfm-fast" waiting="0.00" lane="bottom_0" pos="38.99" speed="26.24" angle="24.37" x="128.18" y="40.36"/>
        <vehicle id="cfm-fast_4" eclass="HBEFA3/PC_G_EU4" CO2="123397.95" CO="5588.88" HC="28.82" NOx="56.41" PMx="4.50" fuel="53.04" electricity="0.00" noise="113.71" route="routetop" type="cfm-fast" waiting="0.00" lane="left_1" pos="19.01" speed="107.63" angle="150.18" x="9.67" y="26.93"/>
        <vehicle id="cfm-fast_5" eclass="HBEFA3/PC_G_EU4" CO2="12275.97" CO="193.70" HC="1.19" NOx="5.07" PMx="0.29" fuel="5.28" electricity="0.00" noise="74.82" route="routebottom" type="cfm-fast" waiting="0.00" lane="right_0" pos="6.37" speed="27.56" angle="352.99" x="130.89" y="77.37"/>
        <vehicle id="cfm-slow_0" eclass="HBEFA3/PC_G_EU4" CO2="7609.02" CO="103.17" HC="0.66" NOx="2.85" PMx="0.17" fuel="3.27" electricity="0.00" noise="73.70" route="routebottom" type="cfm-slow" waiting="0.00" lane="right_0" pos="25.07" speed="28.52" angle="319.35" x="112.05" y="112.28"/>
        <vehicle id="cfm-slow_1" eclass="HBEFA3/PC_G_EU4" CO2="0.00" CO="0.00" HC="0.00" NOx="0.00" PMx="0.00" fuel="0.00" electricity="0.00" noise="72.62" route="routebottom" type="cfm-slow" waiting="0.00" lane="right_0" pos="48.70" speed="28.76" angle="276.92" x="66.56" y="132.21"/>
        <vehicle id="cfm-slow_2" eclass="HBEFA3/PC_G_EU4" CO2="0.00" CO="0.00" HC="0.00" NOx="0.00" PMx="0.00" fuel="0.00" electricity="0.00" noise="71.79" route="routetop" type="cfm-slow" waiting="0.00" lane="top_0" pos="22.48" speed="28.16" angle="233.97" x="19.14" y="115.85"/>
        <vehicle id="cfm-slow_3" eclass="HBEFA3/PC_G_EU4" CO2="0.00" CO="0.00" HC="0.00" NOx="0.00" PMx="0.00" fuel="0.00" electricity="0.00" noise="71.07" route="routetop" type="cfm-slow" waiting="0.00" lane="top_0" pos="45.59" speed="26.94" angle="192.52" x="-4.27" y="73.22"/>
        <vehicle id="cfm-slow_4" eclass="HBEFA3/PC_G_EU4" CO2="0.00" CO="0.00" HC="0.00" NOx="0.00" PMx="0.00" fuel="0.00" electricity="0.00" noise="70.57" route="routetop" type="cfm-slow" waiting="0.00" lane="left_0" pos="17.42" speed="25.59" angle="153.10" x="5.10" y="27.93"/>
        <vehicle id="cfm-slow_5" eclass="HBEFA3/PC_G_EU4" CO2="0.00" CO="0.00" HC="0.00" NOx="0.00" PMx="0.00" fuel="0.00" electricity="0.00" noise="70.79" route="routetop" type="cfm-slow" waiting="0.00" lane="left_0" pos="37.90" speed="24.63" angle="116.31" x="38.15" y="-0.02"/>
    </timestep>
    <timestep time="8.68">
        <vehicle id="cfm-fast_0" eclass="HBEFA3/PC_G_EU4" CO2="7733.63" CO="87.50" HC="0.59" NOx="3.00" PMx="0.16" fuel="3.32" electricity="0.00" noise="72.15" route="routebottom" type="cfm-fast" waiting="0.00" lane="bottom_0" pos="7.69" speed="24.43" angle="80.59" x="80.15" y="-2.94"/>
        <vehicle id="cfm-fast_1" eclass="HBEFA3/PC_G_EU4" CO2="253349.80" CO="7809.46" HC="42.12" NOx="117.77" PMx="7.71" fuel="108.90" electricity="0.00" noise="134.32" route="routebottom" type="cfm-fast" waiting="0.00" lane="right_1" pos="26.95" speed="101.09" angle="316.08" x="106.93" y="112.59"/>
        <vehicle id="cfm-fast_2" eclass="HBEFA3/PC_G_EU4" CO2="11926.28" CO="175.68" HC="1.10" NOx="4.96" PMx="0.27" fuel="5.13" electricity="0.00" noise="74.00" route="routebottom" type="cfm-fast" waiting="0.00" lane="bottom_0" pos="23.13" speed="25.05" angle="52.84" x="109.24" y="12.39"/>
        <vehicle id="cfm-fast_3" eclass="HBEFA3/PC_G_EU4" CO2="13683.10" CO="216.39" HC="1.33" NOx="5.77" PMx="0.32" fuel="5.88" electricity="0.00" noise="75.06" route="routebottom" type="cfm-fast" waiting="0.00" lane="bottom_0" pos="39.25" speed="26.26" angle="23.89" x="128.38" y="40.89"/>
        <vehicle id="cfm-fast_4" eclass="HBEFA3/PC_G_EU4" CO2="122736.19" CO="5576.37" HC="28.75" NOx="56.10" PMx="4.48" fuel="52.76" electricity="0.00" noise="113.61" route="routetop" type="cfm-fast" waiting="0.00" lane="left_1" pos="20.09" speed="107.64" angle="148.26" x="10.95" y="25.13"/>
        <vehicle id="cfm-fast_5" eclass="HBEFA3/PC_G_EU4" CO2="12232.69" CO="192.86" HC="1.19" NOx="5.05" PMx="0.29" fuel="5.26" electricity="0.00" noise="74.81" route="routebottom" type="cfm-fast" waiting="0.00" lane="right_0" pos="6.65" speed="27.57" angle="352.47" x="130.76" y="77.95"/>
        <vehicle id="cfm-slow_0" eclass="HBEFA3/PC_G_EU4" CO2="7549.42" CO="101.96" HC="0.66" NOx="2.82" PMx="0.17" fuel="3.25" electricity="0.00" noise="73.69" route="routebottom" type="cfm-slow" waiting="0.00" lane="right_0" pos="25.36" speed="28.53" angle="318.82" x="111.62" y="112.71"/>
        <vehicle id="cfm-slow_1" eclass="HBEFA3/PC_G_EU4" CO2="0.00" CO="0.00" HC="0.00" NOx="0.00" PMx="0.00" fuel="0.00" electricity="0.00" noise="72.61" route="routebottom" type="cfm-slow" waiting="0.00" lane="right_0" pos="48.98" speed="28.75" angle="276.41" x="65.94" y="132.23"/>
        <vehicle id="cfm-slow_2" eclass="HBEFA3/PC_G_EU4" CO2="0.00" CO="0.00" HC="0.00" NOx="0.00" PMx="0.00" fuel="0.00" electricity="0.00" noise="71.79" route="routetop" type="cfm-slow" waiting="0.00" lane="top_0" pos="22.76" speed="28.15" angle="233.45" x="18.68" y="115.46"/>
        <vehicle id="cfm-slow_3" eclass="HBEFA3/PC_G_EU4" CO2="0.00" CO="0.00" HC="0.00" NOx="0.00" PMx="0.00" fuel="0.00" electricity="0.00" noise="71.06" route="routetop" type="cfm-slow" waiting="0.00" lane="top_0" pos="45.86" speed="26.93" angle="192.03" x="-4.35" y="72.65"/>
        <vehicle id="cfm-slow_4" eclass="HBEFA3/PC_G_EU4" CO2="0.00" CO="0.00" HC="0.00" NOx="0.00" PMx="0.00" fuel="0.00" electricity="0.00" noise="70.57" route="routetop" type="cfm-slow" waiting="0.00" lane="left_0" pos="17.68" speed="25.58" angle="152.63" x="5.38" y="27.46"/>
        <vehicle id="cfm-slow_5" eclass="HBEFA3/PC_G_EU4" CO2="0.00" CO="0.00" HC="0.00" NOx="0.00" PMx="0.00" fuel="0.00" electricity="0.00" noise="70.80" route="routetop" type="cfm-slow" waiting="0.00" lane="left_0" pos="38.14" speed="24.62" angle="115.86" x="38.65" y="-0.22"/>
    </timestep>
    <timestep time="8.69">
        <vehicle id="cfm-fast_0" eclass="HBEFA3/PC_G_EU4" CO2="7774.08" CO="88.35" HC="0.60" NOx="3.02" PMx="0.16" fuel="3.34" electricity="0.00" noise="72.16" route="routebottom" type="cfm-fast" waiting="0.00" lane="bottom_0" pos="7.94" speed="24.43" angle="80.14" x="80.65" y="-2.80"/>
        <vehicle id="cfm-fast_1" eclass="HBEFA3/PC_G_EU4" CO2="252175.62" CO="7789.90" HC="42.01" NOx="117.22" PMx="7.68" fuel="108.40" electricity="0.00" noise="134.12" route="routebottom" type="cfm-fast" waiting="0.00" lane="right_1" pos="27.96" speed="101.15" angle="314.09" x="105.34" y="113.93"/>
        <vehicle id="cfm-fast_2" eclass="HBEFA3/PC_G_EU4" CO2="11944.47" CO="176.09" HC="1.10" NOx="4.97" PMx="0.27" fuel="5.13" electricity="0.00" noise="74.01" route="routebottom" type="cfm-fast" waiting="0.00" lane="bottom_0" pos="23.38" speed="25.06" angle="52.39" x="109.64" y="12.75"/>
        <vehicle id="cfm-fast_3" eclass="HBEFA3/PC_G_EU4" CO2="13671.08" CO="216.20" HC="1.33" NOx="5.76" PMx="0.32" fuel="5.88" electricity="0.00" noise="75.05" route="routebottom" type="cfm-fast" waiting="0.00" lane="bottom_0" pos="39.52" speed="26.27" angle="23.42" x="128.57" y="41.42"/>
        <vehicle id="cfm-fast_4" eclass="HBEFA3/PC_G_EU4" CO2="122086.60" CO="5564.09" HC="28.68" NOx="55.79" PMx="4.47" fuel="52.48" electricity="0.00" noise="113.51" route="routetop" type="cfm-fast" waiting="0.00" lane="left_1" pos="21.16" speed="107.66" angle="146.37" x="12.28" y="23.37"/>
        <vehicle id="cfm-fast_5" eclass="HBEFA3/PC_G_EU4" CO2="12189.24" CO="192.02" HC="1.18" NOx="5.03" PMx="0.28" fuel="5.24" electricity="0.00" noise="74.79" route="routebottom" type="cfm-fast" waiting="0.00" lane="right_0" pos="6.92" speed="27.58" angle="351.95" x="130.63" y="78.53"/>
        <vehicle id="cfm-slow_0" eclass="HBEFA3/PC_G_EU4" CO2="7489.89" CO="100.75" HC="0.65" NOx="2.79" PMx="0.16" fuel="3.22" electricity="0.00" noise="73.68" route="routebottom" type="cfm-slow" waiting="0.00" lane="right_0" pos="25.64" speed="28.53" angle="318.35" x="111.19" y="113.14"/>
        <vehicle id="cfm-slow_1" eclass="HBEFA3/PC_G_EU4" CO2="0.00" CO="0.00" HC="0.00" NOx="0.00" PMx="0.00" fuel="0.00" electricity="0.00" noise="72.60" route="routebottom" type="cfm-slow" waiting="0.00" lane="right_0" pos="49.27" speed="28.75" angle="275.87" x="65.33" y="132.24"/>
        <vehicle id="cfm-slow_2" eclass="HBEFA3/PC_G_EU4" CO2="0.00" CO="0.00" HC="0.00" NOx="0.00" PMx="0.00" fuel="0.00" electricity="0.00" noise="71.78" route="routetop" type="cfm-slow" waiting="0.00" lane="top_0" pos="23.04" speed="28.14" angle="232.98" x="18.21" y="115.06"/>
        <vehicle id="cfm-slow_3" eclass="HBEFA3/PC_G_EU4" CO2="0.00" CO="0.00" HC="0.00" NOx="0.00" PMx="0.00" fuel="0.00" electricity="0.00" noise="71.06" route="routetop" type="cfm-slow" waiting="0.00" lane="top_0" pos="46.13" speed="26.92" angle="191.56" x="-4.43" y="72.07"/>
        <vehicle id="cfm-slow_4" eclass="HBEFA3/PC_G_EU4" CO2="0.00" CO="0.00" HC="0.00" NOx="0.00" PMx="0.00" fuel="0.00" electricity="0.00" noise="70.57" route="routetop" type="cfm-slow" waiting="0.00" lane="left_0" pos="17.94" speed="25.57" angle="152.23" x="5.66" y="26.99"/>
        <vehicle id="cfm-slow_5" eclass="HBEFA3/PC_G_EU4" CO2="0.00" CO="0.00" HC="0.00" NOx="0.00" PMx="0.00" fuel="0.00" electricity="0.00" noise="70.81" route="routetop" type="cfm-slow" waiting="0.00" lane="left_0" pos="38.39" speed="24.62" angle="115.42" x="39.14" y="-0.41"/>
    </timestep>
    <timestep time="8.70">
        <vehicle id="cfm-fast_0" eclass="HBEFA3/PC_G_EU4" CO2="7814.33" CO="89.20" HC="0.60" NOx="3.04" PMx="0.16" fuel="3.36" electricity="0.00" noise="72.18" route="routebottom" type="cfm-fast" waiting="0.00" lane="bottom_0" pos="8.18" speed="24.44" angle="79.69" x="81.16" y="-2.66"/>
        <vehicle id="cfm-fast_1" eclass="HBEFA3/PC_G_EU4" CO2="251004.60" CO="7770.38" HC="41.89" NOx="116.66" PMx="7.65" fuel="107.90" electricity="0.00" noise="133.92" route="routebottom" type="cfm-fast" waiting="0.00" lane="right_1" pos="28.98" speed="101.22" angle="312.28" x="103.72" y="115.22"/>
        <vehicle id="cfm-fast_2" eclass="HBEFA3/PC_G_EU4" CO2="11962.39" CO="176.50" HC="1.10" NOx="4.98" PMx="0.27" fuel="5.14" electricity="0.00" noise="74.02" route="routebottom" type="cfm-fast" waiting="0.00" lane="bottom_0" pos="23.63" speed="25.07" angle="51.93" x="110.04" y="13.12"/>
        <vehicle id="cfm-fast_3" eclass="HBEFA3/PC_G_EU4" CO2="13658.77" CO="216.00" HC="1.32" NOx="5.75" PMx="0.32" fuel="5.87" electricity="0.00" noise="75.05" route="routebottom" type="cfm-fast" waiting="0.00" lane="bottom_0" pos="39.78" speed="26.28" angle="23.00" x="128.76" y="41.96"/>
        <vehicle id="cfm-fast_4" eclass="HBEFA3/PC_G_EU4" CO2="121448.93" CO="5552.04" HC="28.61" NOx="55.49" PMx="4.45" fuel="52.21" electricity="0.00" noise="113.42" route="routetop" type="cfm-fast" waiting="0.00" lane="left_1" pos="22.24" speed="107.67" angle="144.45" x="13.67" y="21.66"/>
        <vehicle id="cfm-fast_5" eclass="HBEFA3/PC_G_EU4" CO2="12145.61" CO="191.18" HC="1.18" NOx="5.01" PMx="0.28" fuel="5.22" electricity="0.00" noise="74.78" route="routebottom" type="cfm-fast" waiting="0.00" lane="right_0" pos="7.20" speed="27.59" angle="351.44" x="130.50" y="79.11"/>
        <vehicle id="cfm-slow_0" eclass="HBEFA3/PC_G_EU4" CO2="7430.42" CO="99.54" HC="0.64" NOx="2.76" PMx="0.16" fuel="3.19" electricity="0.00" noise="73.66" route="routebottom" type="cfm-slow" waiting="0.00" lane="right_0" pos="25.93" speed="28.53" angle="317.83" x="110.73" y="113.56"/>
        <vehicle id="cfm-slow_1" eclass="HBEFA3/PC_G_EU4" CO2="0.00" CO="0.00" HC="0.00" NOx="0.00" PMx="0.00" fuel="0.00" electricity="0.00" noise="72.59" route="routebottom" type="cfm-slow" waiting="0.00" lane="right_0" pos="49.56" speed="28.74" angle="275.34" x="64.71" y="132.25"/>
        <vehicle id="cfm-slow_2" eclass="HBEFA3/PC_G_EU4" CO2="0.00" CO="0.00" HC="0.00" NOx="0.00" PMx="0.00" fuel="0.00" electricity="0.00" noise="71.77" route="routetop" type="cfm-slow" waiting="0.00" lane="top_0" pos="23.32" speed="28.12" angle="232.49" x="17.77" y="114.66"/>
        <vehicle id="cfm-slow_3" eclass="HBEFA3/PC_G_EU4" CO2="0.00" CO="0.00" HC="0.00" NOx="0.00" PMx="0.00" fuel="0.00" electricity="0.00" noise="71.05" route="routetop" type="cfm-slow" waiting="0.00" lane="top_0" pos="46.40" speed="26.90" angle="191.09" x="-4.49" y="71.50"/>
        <vehicle id="cfm-slow_4" eclass="HBEFA3/PC_G_EU4" CO2="0.00" CO="0.00" HC="0.00" NOx="0.00" PMx="0.00" fuel="0.00" electricity="0.00" noise="70.57" route="routetop" type="cfm-slow" waiting="0.00" lane="left_0" pos="18.19" speed="25.56" angle="151.75" x="5.97" y="26.53"/>
        <vehicle id="cfm-slow_5" eclass="HBEFA3/PC_G_EU4" CO2="0.00" CO="0.00" HC="0.00" NOx="0.00" PMx="0.00" fuel="0.00" electricity="0.00" noise="70.82" route="routetop" type="cfm-slow" waiting="0.00" lane="left_0" pos="38.63" speed="24.62" angle="115.01" x="39.63" y="-0.60"/>
    </timestep>
    <timestep time="8.71">
        <vehicle id="cfm-fast_0" eclass="HBEFA3/PC_G_EU4" CO2="7854.38" CO="90.04" HC="0.60" NOx="3.06" PMx="0.16" fuel="3.38" electricity="0.00" noise="72.20" route="routebottom" type="cfm-fast" waiting="0.00" lane="bottom_0" pos="8.42" speed="24.45" angle="79.24" x="81.67" y="-2.53"/>
        <vehicle id="cfm-fast_1" eclass="HBEFA3/PC_G_EU4" CO2="249836.84" CO="7750.90" HC="41.77" NOx="116.11" PMx="7.62" fuel="107.39" electricity="0.00" noise="133.72" route="routebottom" type="cfm-fast" waiting="0.00" lane="right_1" pos="29.99" speed="101.29" angle="310.49" x="102.06" y="116.47"/>
        <vehicle id="cfm-fast_2" eclass="HBEFA3/PC_G_EU4" CO2="11980.04" CO="176.90" HC="1.10" NOx="4.99" PMx="0.27" fuel="5.15" electricity="0.00" noise="74.03" route="routebottom" type="cfm-fast" waiting="0.00" lane="bottom_0" pos="23.88" speed="25.08" angle="51.48" x="110.44" y="13.48"/>
        <vehicle id="cfm-fast_3" eclass="HBEFA3/PC_G_EU4" CO2="13646.17" CO="215.80" HC="1.32" NOx="5.75" PMx="0.32" fuel="5.87" electricity="0.00" noise="75.05" route="routebottom" type="cfm-fast" waiting="0.00" lane="bottom_0" pos="40.04" speed="26.30" angle="22.50" x="128.93" y="42.50"/>
        <vehicle id="cfm-fast_4" eclass="HBEFA3/PC_G_EU4" CO2="120822.99" CO="5540.21" HC="28.54" NOx="55.20" PMx="4.44" fuel="51.94" electricity="0.00" noise="113.32" route="routetop" type="cfm-fast" waiting="0.00" lane="left_1" pos="23.32" speed="107.69" angle="142.53" x="15.11" y="19.99"/>
        <vehicle id="cfm-fast_5" eclass="HBEFA3/PC_G_EU4" CO2="12101.81" CO="190.33" HC="1.17" NOx="4.99" PMx="0.28" fuel="5.20" electricity="0.00" noise="74.77" route="routebottom" type="cfm-fast" waiting="0.00" lane="right_0" pos="7.47" speed="27.60" angle="350.92" x="130.37" y="79.69"/>
        <vehicle id="cfm-slow_0" eclass="HBEFA3/PC_G_EU4" CO2="7371.02" CO="98.34" HC="0.63" NOx="2.74" PMx="0.16" fuel="3.17" electricity="0.00" noise="73.65" route="routebottom" type="cfm-slow" waiting="0.00" lane="right_0" pos="26.21" speed="28.54" angle="317.31" x="110.28" y="113.98"/>
        <vehicle id="cfm-slow_1" eclass="HBEFA3/PC_G_EU4" CO2="0.00" CO="0.00" HC="0.00" NOx="0.00" PMx="0.00" fuel="0.00" electricity="0.00" noise="72.58" route="routebottom" type="cfm-slow" waiting="0.00" lane="right_0" pos="49.85" speed="28.74" angle="274.80" x="64.09" y="132.26"/>
        <vehicle id="cfm-slow_2" eclass="HBEFA3/PC_G_EU4" CO2="0.00" CO="0.00" HC="0.00" NOx="0.00" PMx="0.00" fuel="0.00" electricity="0.00" noise="71.76" route="routetop" type="cfm-slow" waiting="0.00" lane="top_0" pos="23.61" speed="28.11" angle="231.99" x="17.32" y="114.25"/>
        <vehicle id="cfm-slow_3" eclass="HBEFA3/PC_G_EU4" CO2="0.00" CO="0.00" HC="0.00" NOx="0.00" PMx="0.00" fuel="0.00" electricity="0.00" noise="71.04" route="routetop" type="cfm-slow" waiting="0.00" lane="top_0" pos="46.66" speed="26.89" angle="190.60" x="-4.55" y="70.92"/>
        <vehicle id="cfm-slow_4" eclass="HBEFA3/PC_G_EU4" CO2="0.00" CO="0.00" HC="0.00" NOx="0.00" PMx="0.00" fuel="0.00" electricity="0.00" noise="70.57" route="routetop" type="cfm-slow" waiting="0.00" lane="left_0" pos="18.45" speed="25.55" angle="151.27" x="6.27" y="26.07"/>
        <vehicle id="cfm-slow_5" eclass="HBEFA3/PC_G_EU4" CO2="0.00" CO="0.00" HC="0.00" NOx="0.00" PMx="0.00" fuel="0.00" electricity="0.00" noise="70.83" route="routetop" type="cfm-slow" waiting="0.00" lane="left_0" pos="38.88" speed="24.62" angle="114.56" x="40.13" y="-0.78"/>
    </timestep>
    <timestep time="8.72">
        <vehicle id="cfm-fast_0" eclass="HBEFA3/PC_G_EU4" CO2="7894.22" CO="90.87" HC="0.61" NOx="3.07" PMx="0.16" fuel="3.39" electricity="0.00" noise="72.21" route="routebottom" type="cfm-fast" waiting="0.00" lane="bottom_0" pos="8.67" speed="24.45" angle="78.79" x="82.18" y="-2.39"/>
        <vehicle id="cfm-fast_1" eclass="HBEFA3/PC_G_EU4" CO2="248672.43" CO="7731.46" HC="41.65" NOx="115.56" PMx="7.59" fuel="106.89" electricity="0.00" noise="133.53" route="routebottom" type="cfm-fast" waiting="0.00" lane="right_1" pos="31.00" speed="101.36" angle="308.69" x="100.37" y="117.67"/>
        <vehicle id="cfm-fast_2" eclass="HBEFA3/PC_G_EU4" CO2="11997.41" CO="177.30" HC="1.11" NOx="5.00" PMx="0.27" fuel="5.16" electricity="0.00" noise="74.04" route="routebottom" type="cfm-fast" waiting="0.00" lane="bottom_0" pos="24.13" speed="25.10" angle="51.03" x="110.83" y="13.85"/>
        <vehicle id="cfm-fast_3" eclass="HBEFA3/PC_G_EU4" CO2="13633.28" CO="215.59" HC="1.32" NOx="5.74" PMx="0.32" fuel="5.86" electricity="0.00" noise="75.05" route="routebottom" type="cfm-fast" waiting="0.00" lane="bottom_0" pos="40.31" speed="26.31" angle="22.00" x="129.09" y="43.04"/>
        <vehicle id="cfm-fast_4" eclass="HBEFA3/PC_G_EU4" CO2="120208.54" CO="5528.60" HC="28.47" NOx="54.91" PMx="4.42" fuel="51.67" electricity="0.00" noise="113.23" route="routetop" type="cfm-fast" waiting="0.00" lane="left_1" pos="24.39" speed="107.70" angle="140.64" x="16.61" y="18.37"/>
        <vehicle id="cfm-fast_5" eclass="HBEFA3/PC_G_EU4" CO2="12057.84" CO="189.48" HC="1.17" NOx="4.97" PMx="0.28" fuel="5.18" electricity="0.00" noise="74.75" route="routebottom" type="cfm-fast" waiting="0.00" lane="right_0" pos="7.75" speed="27.61" angle="350.48" x="130.23" y="80.27"/>
        <vehicle id="cfm-slow_0" eclass="HBEFA3/PC_G_EU4" CO2="7311.69" CO="97.13" HC="0.63" NOx="2.71" PMx="0.16" fuel="3.14" electricity="0.00" noise="73.64" route="routebottom" type="cfm-slow" waiting="0.00" lane="right_0" pos="26.50" speed="28.54" angle="316.79" x="109.83" y="114.40"/>
        <vehicle id="cfm-slow_1" eclass="HBEFA3/PC_G_EU4" CO2="0.00" CO="0.00" HC="0.00" NOx="0.00" PMx="0.00" fuel="0.00" electricity="0.00" noise="72.57" route="routetop" type="cfm-slow" waiting="0.00" lane="top_0" pos="0.13" speed="28.73" angle="274.23" x="63.28" y="132.26"/>
        <vehicle id="cfm-slow_2" eclass="HBEFA3/PC_G_EU4" CO2="0.00" CO="0.00" HC="0.00" NOx="0.00" PMx="0.00" fuel="0.00" electricity="0.00" noise="71.76" route="routetop" type="cfm-slow" waiting="0.00" lane="top_0" pos="23.89" speed="28.10" angle="231.48" x="16.88" y="113.83"/>
        <vehicle id="cfm-slow_3" eclass="HBEFA3/PC_G_EU4" CO2="0.00" CO="0.00" HC="0.00" NOx="0.00" PMx="0.00" fuel="0.00" electricity="0.00" noise="71.04" route="routetop" type="cfm-slow" waiting="0.00" lane="top_0" pos="46.93" speed="26.88" angle="190.10" x="-4.61" y="70.35"/>
        <vehicle id="cfm-slow_4" eclass="HBEFA3/PC_G_EU4" CO2="0.00" CO="0.00" HC="0.00" NOx="0.00" PMx="0.00" fuel="0.00" electricity="0.00" noise="70.57" route="routetop" type="cfm-slow" waiting="0.00" lane="left_0" pos="18.70" speed="25.54" angle="150.79" x="6.58" y="25.62"/>
        <vehicle id="cfm-slow_5" eclass="HBEFA3/PC_G_EU4" CO2="0.00" CO="0.00" HC="0.00" NOx="0.00" PMx="0.00" fuel="0.00" electricity="0.00" noise="70.84" route="routetop" type="cfm-slow" waiting="0.00" lane="left_0" pos="39.13" speed="24.62" angle="114.10" x="40.63" y="-0.96"/>
    </timestep>
    <timestep time="8.73">
        <vehicle id="cfm-fast_0" eclass="HBEFA3/PC_G_EU4" CO2="7933.86" CO="91.71" HC="0.61" NOx="3.09" PMx="0.16" fuel="3.41" electricity="0.00" noise="72.23" route="routebottom" type="cfm-fast" waiting="0.00" lane="bottom_0" pos="8.91" speed="24.46" angle="78.39" x="82.69" y="-2.25"/>
        <vehicle id="cfm-fast_1" eclass="HBEFA3/PC_G_EU4" CO2="247511.47" CO="7712.05" HC="41.54" NOx="115.01" PMx="7.57" fuel="106.39" electricity="0.00" noise="133.33" route="routebottom" type="cfm-fast" waiting="0.00" lane="right_1" pos="32.02" speed="101.43" angle="306.89" x="98.64" y="118.83"/>
        <vehicle id="cfm-fast_2" eclass="HBEFA3/PC_G_EU4" CO2="12014.51" CO="177.69" HC="1.11" NOx="5.00" PMx="0.27" fuel="5.16" electricity="0.00" noise="74.05" route="routebottom" type="cfm-fast" waiting="0.00" lane="bottom_0" pos="24.38" speed="25.11" angle="50.63" x="111.23" y="14.22"/>
        <vehicle id="cfm-fast_3" eclass="HBEFA3/PC_G_EU4" CO2="13620.09" CO="215.38" HC="1.32" NOx="5.73" PMx="0.32" fuel="5.85" electricity="0.00" noise="75.04" route="routebottom" type="cfm-fast" waiting="0.00" lane="bottom_0" pos="40.57" speed="26.32" angle="21.50" x="129.26" y="43.58"/>
        <vehicle id="cfm-fast_4" eclass="HBEFA3/PC_G_EU4" CO2="119605.37" CO="5517.21" HC="28.40" NOx="54.62" PMx="4.40" fuel="51.41" electricity="0.00" noise="113.14" route="routetop" type="cfm-fast" waiting="0.00" lane="left_1" pos="25.47" speed="107.72" angle="138.63" x="18.17" y="16.81"/>
        <vehicle id="cfm-fast_5" eclass="HBEFA3/PC_G_EU4" CO2="12013.71" CO="188.62" HC="1.16" NOx="4.95" PMx="0.28" fuel="5.16" electricity="0.00" noise="74.74" route="routebottom" type="cfm-fast" waiting="0.00" lane="right_0" pos="8.03" speed="27.62" angle="349.97" x="130.08" y="80.84"/>
        <vehicle id="cfm-slow_0" eclass="HBEFA3/PC_G_EU4" CO2="7252.43" CO="95.93" HC="0.62" NOx="2.68" PMx="0.16" fuel="3.12" electricity="0.00" noise="73.62" route="routebottom" type="cfm-slow" waiting="0.00" lane="right_0" pos="26.79" speed="28.54" angle="316.27" x="109.38" y="114.81"/>
        <vehicle id="cfm-slow_1" eclass="HBEFA3/PC_G_EU4" CO2="0.00" CO="0.00" HC="0.00" NOx="0.00" PMx="0.00" fuel="0.00" electricity="0.00" noise="72.57" route="routetop" type="cfm-slow" waiting="0.00" lane="top_0" pos="0.42" speed="28.73" angle="273.71" x="62.66" y="132.25"/>
        <vehicle id="cfm-slow_2" eclass="HBEFA3/PC_G_EU4" CO2="0.00" CO="0.00" HC="0.00" NOx="0.00" PMx="0.00" fuel="0.00" electricity="0.00" noise="71.75" route="routetop" type="cfm-slow" waiting="0.00" lane="top_0" pos="24.17" speed="28.09" angle="230.98" x="16.44" y="113.42"/>
        <vehicle id="cfm-slow_3" eclass="HBEFA3/PC_G_EU4" CO2="0.00" CO="0.00" HC="0.00" NOx="0.00" PMx="0.00" fuel="0.00" electricity="0.00" noise="71.03" route="routetop" type="cfm-slow" waiting="0.00" lane="top_0" pos="47.20" speed="26.87" angle="189.61" x="-4.67" y="69.77"/>
        <vehicle id="cfm-slow_4" eclass="HBEFA3/PC_G_EU4" CO2="0.00" CO="0.00" HC="0.00" NOx="0.00" PMx="0.00" fuel="0.00" electricity="0.00" noise="70.57" route="routetop" type="cfm-slow" waiting="0.00" lane="left_0" pos="18.96" speed="25.53" angle="150.32" x="6.88" y="25.16"/>
        <vehicle id="cfm-slow_5" eclass="HBEFA3/PC_G_EU4" CO2="0.00" CO="0.00" HC="0.00" NOx="0.00" PMx="0.00" fuel="0.00" electricity="0.00" noise="70.85" route="routetop" type="cfm-slow" waiting="0.00" lane="left_0" pos="39.37" speed="24.61" angle="113.65" x="41.13" y="-1.13"/>
    </timestep>
    <timestep time="8.74">
        <vehicle id="cfm-fast_0" eclass="HBEFA3/PC_G_EU4" CO2="7973.29" CO="92.53" HC="0.62" NOx="3.11" PMx="0.17" fuel="3.43" electricity="0.00" noise="72.25" route="routebottom" type="cfm-fast" waiting="0.00" lane="bottom_0" pos="9.16" speed="24.46" angle="77.95" x="83.19" y="-2.10"/>
        <vehicle id="cfm-fast_1" eclass="HBEFA3/PC_G_EU4" CO2="246354.03" CO="7692.69" HC="41.42" NOx="114.47" PMx="7.54" fuel="105.90" electricity="0.00" noise="133.13" route="routebottom" type="cfm-fast" waiting="0.00" lane="right_1" pos="33.03" speed="101.49" angle="305.06" x="96.85" y="119.90"/>
        <vehicle id="cfm-fast_2" eclass="HBEFA3/PC_G_EU4" CO2="12031.33" CO="178.07" HC="1.11" NOx="5.01" PMx="0.27" fuel="5.17" electricity="0.00" noise="74.06" route="routebottom" type="cfm-fast" waiting="0.00" lane="bottom_0" pos="24.63" speed="25.12" angle="50.16" x="111.61" y="14.60"/>
        <vehicle id="cfm-fast_3" eclass="HBEFA3/PC_G_EU4" CO2="13606.62" CO="215.16" HC="1.32" NOx="5.73" PMx="0.32" fuel="5.85" electricity="0.00" noise="75.04" route="routebottom" type="cfm-fast" waiting="0.00" lane="bottom_0" pos="40.83" speed="26.33" angle="20.99" x="129.43" y="44.12"/>
        <vehicle id="cfm-fast_4" eclass="HBEFA3/PC_G_EU4" CO2="119013.29" CO="5506.03" HC="28.34" NOx="54.34" PMx="4.39" fuel="51.16" electricity="0.00" noise="113.05" route="routetop" type="cfm-fast" waiting="0.00" lane="left_1" pos="26.55" speed="107.73" angle="136.70" x="19.79" y="15.30"/>
        <vehicle id="cfm-fast_5" eclass="HBEFA3/PC_G_EU4" CO2="11969.41" CO="187.76" HC="1.16" NOx="4.93" PMx="0.28" fuel="5.15" electricity="0.00" noise="74.73" route="routebottom" type="cfm-fast" waiting="0.00" lane="right_0" pos="8.30" speed="27.63" angle="349.46" x="129.92" y="81.42"/>
        <vehicle id="cfm-slow_0" eclass="HBEFA3/PC_G_EU4" CO2="7193.25" CO="94.73" HC="0.61" NOx="2.65" PMx="0.16" fuel="3.09" electricity="0.00" noise="73.61" route="routebottom" type="cfm-slow" waiting="0.00" lane="right_0" pos="27.07" speed="28.54" angle="315.81" x="108.92" y="115.22"/>
        <vehicle id="cfm-slow_1" eclass="HBEFA3/PC_G_EU4" CO2="0.00" CO="0.00" HC="0.00" NOx="0.00" PMx="0.00" fuel="0.00" electricity="0.00" noise="72.56" route="routetop" type="cfm-slow" waiting="0.00" lane="top_0" pos="0.71" speed="28.72" angle="273.19" x="62.05" y="132.24"/>
        <vehicle id="cfm-slow_2" eclass="HBEFA3/PC_G_EU4" CO2="0.00" CO="0.00" HC="0.00" NOx="0.00" PMx="0.00" fuel="0.00" electricity="0.00" noise="71.74" route="routetop" type="cfm-slow" waiting="0.00" lane="top_0" pos="24.45" speed="28.08" angle="230.52" x="16.00" y="113.01"/>
        <vehicle id="cfm-slow_3" eclass="HBEFA3/PC_G_EU4" CO2="0.00" CO="0.00" HC="0.00" NOx="0.00" PMx="0.00" fuel="0.00" electricity="0.00" noise="71.03" route="routetop" type="cfm-slow" waiting="0.00" lane="top_0" pos="47.47" speed="26.85" angle="189.17" x="-4.73" y="69.20"/>
        <vehicle id="cfm-slow_4" eclass="HBEFA3/PC_G_EU4" CO2="0.00" CO="0.00" HC="0.00" NOx="0.00" PMx="0.00" fuel="0.00" electricity="0.00" noise="70.57" route="routetop" type="cfm-slow" waiting="0.00" lane="left_0" pos="19.21" speed="25.52" angle="149.90" x="7.19" y="24.70"/>
        <vehicle id="cfm-slow_5" eclass="HBEFA3/PC_G_EU4" CO2="0.00" CO="0.00" HC="0.00" NOx="0.00" PMx="0.00" fuel="0.00" electricity="0.00" noise="70.86" route="routetop" type="cfm-slow" waiting="0.00" lane="left_0" pos="39.62" speed="24.61" angle="113.20" x="41.63" y="-1.31"/>
    </timestep>
    <timestep time="8.75">
        <vehicle id="cfm-fast_0" eclass="HBEFA3/PC_G_EU4" CO2="8012.52" CO="93.36" HC="0.62" NOx="3.13" PMx="0.17" fuel="3.44" electricity="0.00" noise="72.26" route="routebottom" type="cfm-fast" waiting="0.00" lane="bottom_0" pos="9.40" speed="24.47" angle="77.50" x="83.69" y="-1.95"/>
        <vehicle id="cfm-fast_1" eclass="HBEFA3/PC_G_EU4" CO2="245200.22" CO="7673.37" HC="41.30" NOx="113.92" PMx="7.51" fuel="105.40" electricity="0.00" noise="132.94" route="routebottom" type="cfm-fast" waiting="0.00" lane="right_1" pos="34.05" speed="101.56" angle="303.26" x="95.04" y="120.93"/>
        <vehicle id="cfm-fast_2" eclass="HBEFA3/PC_G_EU4" CO2="12047.87" CO="178.45" HC="1.11" NOx="5.02" PMx="0.27" fuel="5.18" electricity="0.00" noise="74.07" route="routebottom" type="cfm-fast" waiting="0.00" lane="bottom_0" pos="24.88" speed="25.13" angle="49.70" x="111.99" y="14.98"/>
        <vehicle id="cfm-fast_3" eclass="HBEFA3/PC_G_EU4" CO2="13592.85" CO="214.93" HC="1.32" NOx="5.72" PMx="0.32" fuel="5.84" electricity="0.00" noise="75.04" route="routebottom" type="cfm-fast" waiting="0.00" lane="bottom_0" pos="41.10" speed="26.35" angle="20.57" x="129.59" y="44.66"/>
        <vehicle id="cfm-fast_4" eclass="HBEFA3/PC_G_EU4" CO2="118432.07" CO="5495.06" HC="28.27" NOx="54.07" PMx="4.37" fuel="50.91" electricity="0.00" noise="112.96" route="routetop" type="cfm-fast" waiting="0.00" lane="left_1" pos="27.63" speed="107.74" angle="134.77" x="21.45" y="13.84"/>
        <vehicle id="cfm-fast_5" eclass="HBEFA3/PC_G_EU4" CO2="11924.94" CO="186.90" HC="1.15" NOx="4.90" PMx="0.28" fuel="5.13" electricity="0.00" noise="74.72" route="routebottom" type="cfm-fast" waiting="0.00" lane="right_0" pos="8.58" speed="27.64" angle="348.95" x="129.77" y="81.99"/>
        <vehicle id="cfm-slow_0" eclass="HBEFA3/PC_G_EU4" CO2="7134.14" CO="93.52" HC="0.61" NOx="2.62" PMx="0.16" fuel="3.07" electricity="0.00" noise="73.60" route="routebottom" type="cfm-slow" waiting="0.00" lane="right_0" pos="27.36" speed="28.55" angle="315.27" x="108.46" y="115.62"/>
        <vehicle id="cfm-slow_1" eclass="HBEFA3/PC_G_EU4" CO2="0.00" CO="0.00" HC="0.00" NOx="0.00" PMx="0.00" fuel="0.00" electricity="0.00" noise="72.55" route="routetop" type="cfm-slow" waiting="0.00" lane="top_0" pos="1.00" speed="28.71" angle="272.67" x="61.43" y="132.23"/>
        <vehicle id="cfm-slow_2" eclass="HBEFA3/PC_G_EU4" CO2="0.00" CO="0.00" HC="0.00" NOx="0.00" PMx="0.00" fuel="0.00" electricity="0.00" noise="71.74" route="routetop" type="cfm-slow" waiting="0.00" lane="top_0" pos="24.73" speed="28.07" angle="230.01" x="15.57" y="112.58"/>
        <vehicle id="cfm-slow_3" eclass="HBEFA3/PC_G_EU4" CO2="0.00" CO="0.00" HC="0.00" NOx="0.00" PMx="0.00" fuel="0.00" electricity="0.00" noise="71.02" route="routetop" type="cfm-slow" waiting="0.00" lane="top_0" pos="47.74" speed="26.84" angle="188.67" x="-4.76" y="68.62"/>
        <vehicle id="cfm-slow_4" eclass="HBEFA3/PC_G_EU4" CO2="0.00" CO="0.00" HC="0.00" NOx="0.00" PMx="0.00" fuel="0.00" electricity="0.00" noise="70.57" route="routetop" type="cfm-slow" waiting="0.00" lane="left_0" pos="19.47" speed="25.51" angle="149.43" x="7.51" y="24.26"/>
        <vehicle id="cfm-slow_5" eclass="HBEFA3/PC_G_EU4" CO2="0.00" CO="0.00" HC="0.00" NOx="0.00" PMx="0.00" fuel="0.00" electricity="0.00" noise="70.87" route="routetop" type="cfm-slow" waiting="0.00" lane="left_0" pos="39.86" speed="24.61" angle="112.80" x="42.13" y="-1.48"/>
    </timestep>
    <timestep time="8.76">
        <vehicle id="cfm-fast_0" eclass="HBEFA3/PC_G_EU4" CO2="8051.55" CO="94.18" HC="0.63" NOx="3.15" PMx="0.17" fuel="3.46" electricity="0.00" noise="72.28" route="routebottom" type="cfm-fast" waiting="0.00" lane="bottom_0" pos="9.65" speed="24.48" angle="77.05" x="84.20" y="-1.79"/>
        <vehicle id="cfm-fast_1" eclass="HBEFA3/PC_G_EU4" CO2="244050.11" CO="7654.09" HC="41.19" NOx="113.38" PMx="7.48" fuel="104.91" electricity="0.00" noise="132.74" route="routebottom" type="cfm-fast" waiting="0.00" lane="right_1" pos="35.06" speed="101.62" angle="301.44" x="93.20" y="121.90"/>
        <vehicle id="cfm-fast_2" eclass="HBEFA3/PC_G_EU4" CO2="12064.14" CO="178.83" HC="1.11" NOx="5.03" PMx="0.27" fuel="5.19" electricity="0.00" noise="74.08" route="routebottom" type="cfm-fast" waiting="0.00" lane="bottom_0" pos="25.14" speed="25.14" angle="49.23" x="112.37" y="15.36"/>
        <vehicle id="cfm-fast_3" eclass="HBEFA3/PC_G_EU4" CO2="13578.80" CO="214.70" HC="1.32" NOx="5.71" PMx="0.32" fuel="5.84" electricity="0.00" noise="75.03" route="routebottom" type="cfm-fast" waiting="0.00" lane="bottom_0" pos="41.36" speed="26.36" angle="20.09" x="129.74" y="45.21"/>
        <vehicle id="cfm-fast_4" eclass="HBEFA3/PC_G_EU4" CO2="117861.53" CO="5484.30" HC="28.21" NOx="53.80" PMx="4.36" fuel="50.66" electricity="0.00" noise="112.87" route="routetop" type="cfm-fast" waiting="0.00" lane="left_1" pos="28.70" speed="107.76" angle="132.83" x="23.16" y="12.44"/>
        <vehicle id="cfm-fast_5" eclass="HBEFA3/PC_G_EU4" CO2="11880.32" CO="186.03" HC="1.15" NOx="4.88" PMx="0.28" fuel="5.11" electricity="0.00" noise="74.70" route="routebottom" type="cfm-fast" waiting="0.00" lane="right_0" pos="8.86" speed="27.65" angle="348.47" x="129.62" y="82.57"/>
        <vehicle id="cfm-slow_0" eclass="HBEFA3/PC_G_EU4" CO2="7075.12" CO="92.32" HC="0.60" NOx="2.60" PMx="0.15" fuel="3.04" electricity="0.00" noise="73.58" route="routebottom" type="cfm-slow" waiting="0.00" lane="right_0" pos="27.64" speed="28.55" angle="314.73" x="107.99" y="116.02"/>
        <vehicle id="cfm-slow_1" eclass="HBEFA3/PC_G_EU4" CO2="0.00" CO="0.00" HC="0.00" NOx="0.00" PMx="0.00" fuel="0.00" electricity="0.00" noise="72.54" route="routetop" type="cfm-slow" waiting="0.00" lane="top_0" pos="1.28" speed="28.71" angle="272.17" x="60.81" y="132.21"/>
        <vehicle id="cfm-slow_2" eclass="HBEFA3/PC_G_EU4" CO2="0.00" CO="0.00" HC="0.00" NOx="0.00" PMx="0.00" fuel="0.00" electricity="0.00" noise="71.73" route="routetop" type="cfm-slow" waiting="0.00" lane="top_0" pos="25.01" speed="28.05" angle="229.49" x="15.14" y="112.15"/>
        <vehicle id="cfm-slow_3" eclass="HBEFA3/PC_G_EU4" CO2="0.00" CO="0.00" HC="0.00" NOx="0.00" PMx="0.00" fuel="0.00" electricity="0.00" noise="71.02" route="routetop" type="cfm-slow" waiting="0.00" lane="top_0" pos="48.01" speed="26.83" angle="188.15" x="-4.80" y="68.05"/>
        <vehicle id="cfm-slow_4" eclass="HBEFA3/PC_G_EU4" CO2="0.00" CO="0.00" HC="0.00" NOx="0.00" PMx="0.00" fuel="0.00" electricity="0.00" noise="70.57" route="routetop" type="cfm-slow" waiting="0.00" lane="left_0" pos="19.72" speed="25.50" angle="148.96" x="7.83" y="23.81"/>
        <vehicle id="cfm-slow_5" eclass="HBEFA3/PC_G_EU4" CO2="0.00" CO="0.00" HC="0.00" NOx="0.00" PMx="0.00" fuel="0.00" electricity="0.00" noise="70.88" route="routetop" type="cfm-slow" waiting="0.00" lane="left_0" pos="40.11" speed="24.61" angle="112.34" x="42.64" y="-1.64"/>
    </timestep>
    <timestep time="8.77">
        <vehicle id="cfm-fast_0" eclass="HBEFA3/PC_G_EU4" CO2="8090.36" CO="95.00" HC="0.63" NOx="3.17" PMx="0.17" fuel="3.48" electricity="0.00" noise="72.29" route="routebottom" type="cfm-fast" waiting="0.00" lane="bottom_0" pos="9.89" speed="24.48" angle="76.59" x="84.70" y="-1.64"/>
        <vehicle id="cfm-fast_1" eclass="HBEFA3/PC_G_EU4" CO2="242903.78" CO="7634.86" HC="41.07" NOx="112.84" PMx="7.45" fuel="104.41" electricity="0.00" noise="132.55" route="routebottom" type="cfm-fast" waiting="0.00" lane="right_1" pos="36.08" speed="101.69" angle="299.60" x="91.33" y="122.82"/>
        <vehicle id="cfm-fast_2" eclass="HBEFA3/PC_G_EU4" CO2="12080.14" CO="179.20" HC="1.12" NOx="5.03" PMx="0.27" fuel="5.19" electricity="0.00" noise="74.09" route="routebottom" type="cfm-fast" waiting="0.00" lane="bottom_0" pos="25.39" speed="25.15" angle="48.76" x="112.76" y="15.75"/>
        <vehicle id="cfm-fast_3" eclass="HBEFA3/PC_G_EU4" CO2="13564.46" CO="214.46" HC="1.32" NOx="5.71" PMx="0.32" fuel="5.83" electricity="0.00" noise="75.03" route="routebottom" type="cfm-fast" waiting="0.00" lane="bottom_0" pos="41.62" speed="26.37" angle="19.60" x="129.88" y="45.76"/>
        <vehicle id="cfm-fast_4" eclass="HBEFA3/PC_G_EU4" CO2="117301.45" CO="5473.73" HC="28.15" NOx="53.53" PMx="4.35" fuel="50.42" electricity="0.00" noise="112.79" route="routetop" type="cfm-fast" waiting="0.00" lane="left_1" pos="29.78" speed="107.77" angle="130.90" x="24.91" y="11.10"/>
        <vehicle id="cfm-fast_5" eclass="HBEFA3/PC_G_EU4" CO2="11835.53" CO="185.16" HC="1.14" NOx="4.86" PMx="0.28" fuel="5.09" electricity="0.00" noise="74.69" route="routebottom" type="cfm-fast" waiting="0.00" lane="right_0" pos="9.13" speed="27.66" angle="348.01" x="129.45" y="83.14"/>
        <vehicle id="cfm-slow_0" eclass="HBEFA3/PC_G_EU4" CO2="7016.18" CO="91.12" HC="0.59" NOx="2.57" PMx="0.15" fuel="3.02" electricity="0.00" noise="73.57" route="routebottom" type="cfm-slow" waiting="0.00" lane="right_0" pos="27.93" speed="28.55" angle="314.20" x="107.52" y="116.41"/>
        <vehicle id="cfm-slow_1" eclass="HBEFA3/PC_G_EU4" CO2="0.00" CO="0.00" HC="0.00" NOx="0.00" PMx="0.00" fuel="0.00" electricity="0.00" noise="72.53" route="routetop" type="cfm-slow" waiting="0.00" lane="top_0" pos="1.57" speed="28.70" angle="271.66" x="60.19" y="132.18"/>
        <vehicle id="cfm-slow_2" eclass="HBEFA3/PC_G_EU4" CO2="0.00" CO="0.00" HC="0.00" NOx="0.00" PMx="0.00" fuel="0.00" electricity="0.00" noise="71.72" route="routetop" type="cfm-slow" waiting="0.00" lane="top_0" pos="25.29" speed="28.04" angle="228.98" x="14.72" y="111.73"/>
        <vehicle id="cfm-slow_3" eclass="HBEFA3/PC_G_EU4" CO2="0.00" CO="0.00" HC="0.00" NOx="0.00" PMx="0.00" fuel="0.00" electricity="0.00" noise="71.01" route="routetop" type="cfm-slow" waiting="0.00" lane="top_0" pos="48.27" speed="26.81" angle="187.64" x="-4.83" y="67.47"/>
        <vehicle id="cfm-slow_4" eclass="HBEFA3/PC_G_EU4" CO2="0.00" CO="0.00" HC="0.00" NOx="0.00" PMx="0.00" fuel="0.00" electricity="0.00" noise="70.57" route="routetop" type="cfm-slow" waiting="0.00" lane="left_0" pos="19.98" speed="25.49" angle="148.48" x="8.15" y="23.37"/>
        <vehicle id="cfm-slow_5" eclass="HBEFA3/PC_G_EU4" CO2="0.00" CO="0.00" HC="0.00" NOx="0.00" PMx="0.00" fuel="0.00" electricity="0.00" noise="70.89" route="routetop" type="cfm-slow" waiting="0.00" lane="left_0" pos="40.36" speed="24.61" angle="111.88" x="43.14" y="-1.80"/>
    </timestep>
    <timestep time="8.78">
        <vehicle id="cfm-fast_0" eclass="HBEFA3/PC_G_EU4" CO2="8128.97" CO="95.81" HC="0.64" NOx="3.18" PMx="0.17" fuel="3.49" electricity="0.00" noise="72.31" route="routebottom" type="cfm-fast" waiting="0.00" lane="bottom_0" pos="10.14" speed="24.49" angle="76.17" x="85.20" y="-1.48"/>
        <vehicle id="cfm-fast_1" eclass="HBEFA3/PC_G_EU4" CO2="241761.32" CO="7615.68" HC="40.96" NOx="112.30" PMx="7.42" fuel="103.92" electricity="0.00" noise="132.36" route="routebottom" type="cfm-fast" waiting="0.00" lane="right_1" pos="37.10" speed="101.75" angle="297.70" x="89.43" y="123.68"/>
        <vehicle id="cfm-fast_2" eclass="HBEFA3/PC_G_EU4" CO2="12095.86" CO="179.56" HC="1.12" NOx="5.04" PMx="0.27" fuel="5.20" electricity="0.00" noise="74.10" route="routebottom" type="cfm-fast" waiting="0.00" lane="bottom_0" pos="25.64" speed="25.17" angle="48.36" x="113.14" y="16.13"/>
        <vehicle id="cfm-fast_3" eclass="HBEFA3/PC_G_EU4" CO2="13549.84" CO="214.21" HC="1.31" NOx="5.70" PMx="0.32" fuel="5.82" electricity="0.00" noise="75.03" route="routebottom" type="cfm-fast" waiting="0.00" lane="bottom_0" pos="41.89" speed="26.39" angle="19.12" x="130.03" y="46.31"/>
        <vehicle id="cfm-fast_4" eclass="HBEFA3/PC_G_EU4" CO2="116751.66" CO="5463.36" HC="28.09" NOx="53.27" PMx="4.33" fuel="50.19" electricity="0.00" noise="112.71" route="routetop" type="cfm-fast" waiting="0.00" lane="left_1" pos="30.86" speed="107.78" angle="128.95" x="26.71" y="9.82"/>
        <vehicle id="cfm-fast_5" eclass="HBEFA3/PC_G_EU4" CO2="11790.59" CO="184.28" HC="1.14" NOx="4.84" PMx="0.27" fuel="5.07" electricity="0.00" noise="74.68" route="routebottom" type="cfm-fast" waiting="0.00" lane="right_0" pos="9.41" speed="27.67" angle="347.51" x="129.27" y="83.71"/>
        <vehicle id="cfm-slow_0" eclass="HBEFA3/PC_G_EU4" CO2="6957.33" CO="89.93" HC="0.59" NOx="2.54" PMx="0.15" fuel="2.99" electricity="0.00" noise="73.56" route="routebottom" type="cfm-slow" waiting="0.00" lane="right_0" pos="28.21" speed="28.55" angle="313.73" x="107.05" y="116.81"/>
        <vehicle id="cfm-slow_1" eclass="HBEFA3/PC_G_EU4" CO2="0.00" CO="0.00" HC="0.00" NOx="0.00" PMx="0.00" fuel="0.00" electricity="0.00" noise="72.52" route="routetop" type="cfm-slow" waiting="0.00" lane="top_0" pos="1.86" speed="28.70" angle="271.14" x="59.58" y="132.14"/>
        <vehicle id="cfm-slow_2" eclass="HBEFA3/PC_G_EU4" CO2="0.00" CO="0.00" HC="0.00" NOx="0.00" PMx="0.00" fuel="0.00" electricity="0.00" noise="71.71" route="routetop" type="cfm-slow" waiting="0.00" lane="top_0" pos="25.57" speed="28.03" angle="228.49" x="14.29" y="111.30"/>
        <vehicle id="cfm-slow_3" eclass="HBEFA3/PC_G_EU4" CO2="0.00" CO="0.00" HC="0.00" NOx="0.00" PMx="0.00" fuel="0.00" electricity="0.00" noise="71.01" route="routetop" type="cfm-slow" waiting="0.00" lane="top_0" pos="48.54" speed="26.80" angle="187.13" x="-4.86" y="66.89"/>
        <vehicle id="cfm-slow_4" eclass="HBEFA3/PC_G_EU4" CO2="0.00" CO="0.00" HC="0.00" NOx="0.00" PMx="0.00" fuel="0.00" electricity="0.00" noise="70.57" route="routetop" type="cfm-slow" waiting="0.00" lane="left_0" pos="20.23" speed="25.49" angle="148.01" x="8.47" y="22.92"/>
        <vehicle id="cfm-slow_5" eclass="HBEFA3/PC_G_EU4" CO2="0.00" CO="0.00" HC="0.00" NOx="0.00" PMx="0.00" fuel="0.00" electricity="0.00" noise="70.90" route="routetop" type="cfm-slow" waiting="0.00" lane="left_0" pos="40.60" speed="24.60" angle="111.42" x="43.65" y="-1.95"/>
    </timestep>
    <timestep time="8.79">
        <vehicle id="cfm-fast_0" eclass="HBEFA3/PC_G_EU4" CO2="8167.37" CO="96.62" HC="0.64" NOx="3.20" PMx="0.17" fuel="3.51" electricity="0.00" noise="72.33" route="routebottom" type="cfm-fast" waiting="0.00" lane="bottom_0" pos="10.38" speed="24.49" angle="75.76" x="85.70" y="-1.31"/>
        <vehicle id="cfm-fast_1" eclass="HBEFA3/PC_G_EU4" CO2="240622.80" CO="7596.55" HC="40.84" NOx="111.76" PMx="7.40" fuel="103.43" electricity="0.00" noise="132.17" route="routebottom" type="cfm-fast" waiting="0.00" lane="right_1" pos="38.12" speed="101.82" angle="295.85" x="87.49" y="124.45"/>
        <vehicle id="cfm-fast_2" eclass="HBEFA3/PC_G_EU4" CO2="12111.30" CO="179.92" HC="1.12" NOx="5.05" PMx="0.27" fuel="5.21" electricity="0.00" noise="74.11" route="routebottom" type="cfm-fast" waiting="0.00" lane="bottom_0" pos="25.89" speed="25.18" angle="47.90" x="113.51" y="16.53"/>
        <vehicle id="cfm-fast_3" eclass="HBEFA3/PC_G_EU4" CO2="13534.93" CO="213.96" HC="1.31" NOx="5.69" PMx="0.32" fuel="5.82" electricity="0.00" noise="75.02" route="routebottom" type="cfm-fast" waiting="0.00" lane="bottom_0" pos="42.15" speed="26.40" angle="18.64" x="130.18" y="46.86"/>
        <vehicle id="cfm-fast_4" eclass="HBEFA3/PC_G_EU4" CO2="116211.95" CO="5453.19" HC="28.03" NOx="53.02" PMx="4.32" fuel="49.96" electricity="0.00" noise="112.62" route="routetop" type="cfm-fast" waiting="0.00" lane="left_1" pos="31.94" speed="107.80" angle="127.02" x="28.55" y="8.59"/>
        <vehicle id="cfm-fast_5" eclass="HBEFA3/PC_G_EU4" CO2="11745.50" CO="183.41" HC="1.13" NOx="4.82" PMx="0.27" fuel="5.05" electricity="0.00" noise="74.66" route="routebottom" type="cfm-fast" waiting="0.00" lane="right_0" pos="9.69" speed="27.68" angle="347.01" x="129.10" y="84.27"/>
        <vehicle id="cfm-slow_0" eclass="HBEFA3/PC_G_EU4" CO2="6898.56" CO="88.73" HC="0.58" NOx="2.51" PMx="0.15" fuel="2.97" electricity="0.00" noise="73.54" route="routebottom" type="cfm-slow" waiting="0.00" lane="right_0" pos="28.50" speed="28.56" angle="313.21" x="106.57" y="117.19"/>
        <vehicle id="cfm-slow_1" eclass="HBEFA3/PC_G_EU4" CO2="0.00" CO="0.00" HC="0.00" NOx="0.00" PMx="0.00" fuel="0.00" electricity="0.00" noise="72.51" route="routetop" type="cfm-slow" waiting="0.00" lane="top_0" pos="2.14" speed="28.69" angle="270.63" x="58.96" y="132.11"/>
        <vehicle id="cfm-slow_2" eclass="HBEFA3/PC_G_EU4" CO2="0.00" CO="0.00" HC="0.00" NOx="0.00" PMx="0.00" fuel="0.00" electricity="0.00" noise="71.71" route="routetop" type="cfm-slow" waiting="0.00" lane="top_0" pos="25.85" speed="28.02" angle="228.01" x="13.88" y="110.86"/>
        <vehicle id="cfm-slow_3" eclass="HBEFA3/PC_G_EU4" CO2="0.00" CO="0.00" HC="0.00" NOx="0.00" PMx="0.00" fuel="0.00" electricity="0.00" noise="71.00" route="routetop" type="cfm-slow" waiting="0.00" lane="top_0" pos="48.81" speed="26.79" angle="186.68" x="-4.89" y="66.32"/>
        <vehicle id="cfm-slow_4" eclass="HBEFA3/PC_G_EU4" CO2="0.00" CO="0.00" HC="0.00" NOx="0.00" PMx="0.00" fuel="0.00" electricity="0.00" noise="70.57" route="routetop" type="cfm-slow" waiting="0.00" lane="left_0" pos="20.49" speed="25.48" angle="147.59" x="8.79" y="22.48"/>
        <vehicle id="cfm-slow_5" eclass="HBEFA3/PC_G_EU4" CO2="0.00" CO="0.00" HC="0.00" NOx="0.00" PMx="0.00" fuel="0.00" electricity="0.00" noise="70.91" route="routetop" type="cfm-slow" waiting="0.00" lane="left_0" pos="40.85" speed="24.60" angle="110.96" x="44.15" y="-2.11"/>
    </timestep>
    <timestep time="8.80">
        <vehicle id="cfm-fast_0" eclass="HBEFA3/PC_G_EU4" CO2="8205.56" CO="97.42" HC="0.65" NOx="3.22" PMx="0.17" fuel="3.53" electricity="0.00" noise="72.34" route="routebottom" type="cfm-fast" waiting="0.00" lane="bottom_0" pos="10.63" speed="24.50" angle="75.30" x="86.20" y="-1.13"/>
        <vehicle id="cfm-fast_1" eclass="HBEFA3/PC_G_EU4" CO2="239488.30" CO="7577.48" HC="40.73" NOx="111.22" PMx="7.37" fuel="102.95" electricity="0.00" noise="131.98" route="routebottom" type="cfm-fast" waiting="0.00" lane="right_1" pos="39.14" speed="101.88" angle="294.07" x="85.53" y="125.19"/>
        <vehicle id="cfm-fast_2" eclass="HBEFA3/PC_G_EU4" CO2="12126.46" CO="180.27" HC="1.12" NOx="5.05" PMx="0.28" fuel="5.21" electricity="0.00" noise="74.12" route="routebottom" type="cfm-fast" waiting="0.00" lane="bottom_0" pos="26.14" speed="25.19" angle="47.44" x="113.88" y="16.93"/>
        <vehicle id="cfm-fast_3" eclass="HBEFA3/PC_G_EU4" CO2="13519.73" CO="213.71" HC="1.31" NOx="5.68" PMx="0.32" fuel="5.81" electricity="0.00" noise="75.02" route="routebottom" type="cfm-fast" waiting="0.00" lane="bottom_0" pos="42.42" speed="26.41" angle="18.22" x="130.32" y="47.41"/>
        <vehicle id="cfm-fast_4" eclass="HBEFA3/PC_G_EU4" CO2="115682.14" CO="5443.20" HC="27.97" NOx="52.77" PMx="4.31" fuel="49.73" electricity="0.00" noise="112.54" route="routetop" type="cfm-fast" waiting="0.00" lane="left_1" pos="33.02" speed="107.81" angle="125.07" x="30.44" y="7.44"/>
        <vehicle id="cfm-fast_5" eclass="HBEFA3/PC_G_EU4" CO2="11700.25" CO="182.52" HC="1.12" NOx="4.80" PMx="0.27" fuel="5.03" electricity="0.00" noise="74.65" route="routebottom" type="cfm-fast" waiting="0.00" lane="right_0" pos="9.96" speed="27.69" angle="346.51" x="128.92" y="84.84"/>
        <vehicle id="cfm-slow_0" eclass="HBEFA3/PC_G_EU4" CO2="6839.88" CO="87.53" HC="0.57" NOx="2.49" PMx="0.15" fuel="2.94" electricity="0.00" noise="73.53" route="routebottom" type="cfm-slow" waiting="0.00" lane="right_0" pos="28.78" speed="28.56" angle="312.69" x="106.08" y="117.57"/>
        <vehicle id="cfm-slow_1" eclass="HBEFA3/PC_G_EU4" CO2="0.00" CO="0.00" HC="0.00" NOx="0.00" PMx="0.00" fuel="0.00" electricity="0.00" noise="72.50" route="routetop" type="cfm-slow" waiting="0.00" lane="top_0" pos="2.43" speed="28.68" angle="270.11" x="58.35" y="132.07"/>
        <vehicle id="cfm-slow_2" eclass="HBEFA3/PC_G_EU4" CO2="0.00" CO="0.00" HC="0.00" NOx="0.00" PMx="0.00" fuel="0.00" electricity="0.00" noise="71.70" route="routetop" type="cfm-slow" waiting="0.00" lane="top_0" pos="26.13" speed="28.01" angle="227.49" x="13.47" y="110.42"/>
        <vehicle id="cfm-slow_3" eclass="HBEFA3/PC_G_EU4" CO2="0.00" CO="0.00" HC="0.00" NOx="0.00" PMx="0.00" fuel="0.00" electricity="0.00" noise="71.00" route="routetop" type="cfm-slow" waiting="0.00" lane="top_0" pos="49.08" speed="26.77" angle="186.20" x="-4.91" y="65.74"/>
        <vehicle id="cfm-slow_4" eclass="HBEFA3/PC_G_EU4" CO2="0.00" CO="0.00" HC="0.00" NOx="0.00" PMx="0.00" fuel="0.00" electricity="0.00" noise="70.58" route="routetop" type="cfm-slow" waiting="0.00" lane="left_0" pos="20.74" speed="25.47" angle="147.13" x="9.13" y="22.04"/>
        <vehicle id="cfm-slow_5" eclass="HBEFA3/PC_G_EU4" CO2="0.00" CO="0.00" HC="0.00" NOx="0.00" PMx="0.00" fuel="0.00" electricity="0.00" noise="70.92" route="routetop" type="cfm-slow" waiting="0.00" lane="left_0" pos="41.09" speed="24.60" angle="110.56" x="44.66" y="-2.26"/>
    </timestep>
    <timestep time="8.81">
        <vehicle id="cfm-fast_0" eclass="HBEFA3/PC_G_EU4" CO2="8243.55" CO="98.22" HC="0.65" NOx="3.24" PMx="0.17" fuel="3.54" electricity="0.00" noise="72.36" route="routebottom" type="cfm-fast" waiting="0.00" lane="bottom_0" pos="10.87" speed="24.51" angle="74.85" x="86.69" y="-0.96"/>
        <vehicle id="cfm-fast_1" eclass="HBEFA3/PC_G_EU4" CO2="238357.89" CO="7558.46" HC="40.61" NOx="110.69" PMx="7.34" fuel="102.46" electricity="0.00" noise="131.79" route="routebottom" type="cfm-fast" waiting="0.00" lane="right_1" pos="40.15" speed="101.94" angle="292.28" x="83.56" y="125.87"/>
        <vehicle id="cfm-fast_2" eclass="HBEFA3/PC_G_EU4" CO2="12141.35" CO="180.62" HC="1.12" NOx="5.06" PMx="0.28" fuel="5.22" electricity="0.00" noise="74.13" route="routebottom" type="cfm-fast" waiting="0.00" lane="bottom_0" pos="26.39" speed="25.20" angle="46.98" x="114.25" y="17.32"/>
        <vehicle id="cfm-fast_3" eclass="HBEFA3/PC_G_EU4" CO2="13504.26" CO="213.44" HC="1.31" NOx="5.68" PMx="0.31" fuel="5.80" electricity="0.00" noise="75.02" route="routebottom" type="cfm-fast" waiting="0.00" lane="bottom_0" pos="42.68" speed="26.43" angle="17.74" x="130.44" y="47.96"/>
        <vehicle id="cfm-fast_4" eclass="HBEFA3/PC_G_EU4" CO2="115162.05" CO="5433.40" HC="27.91" NOx="52.52" PMx="4.29" fuel="49.50" electricity="0.00" noise="112.47" route="routetop" type="cfm-fast" waiting="0.00" lane="left_1" pos="34.09" speed="107.82" angle="123.16" x="32.36" y="6.35"/>
        <vehicle id="cfm-fast_5" eclass="HBEFA3/PC_G_EU4" CO2="11654.85" CO="181.64" HC="1.12" NOx="4.78" PMx="0.27" fuel="5.01" electricity="0.00" noise="74.64" route="routebottom" type="cfm-fast" waiting="0.00" lane="right_0" pos="10.24" speed="27.70" angle="346.08" x="128.75" y="85.41"/>
        <vehicle id="cfm-slow_0" eclass="HBEFA3/PC_G_EU4" CO2="6781.30" CO="86.34" HC="0.57" NOx="2.46" PMx="0.15" fuel="2.91" electricity="0.00" noise="73.52" route="routebottom" type="cfm-slow" waiting="0.00" lane="right_0" pos="29.07" speed="28.56" angle="312.17" x="105.60" y="117.95"/>
        <vehicle id="cfm-slow_1" eclass="HBEFA3/PC_G_EU4" CO2="0.00" CO="0.00" HC="0.00" NOx="0.00" PMx="0.00" fuel="0.00" electricity="0.00" noise="72.49" route="routetop" type="cfm-slow" waiting="0.00" lane="top_0" pos="2.72" speed="28.68" angle="269.62" x="57.73" y="132.02"/>
        <vehicle id="cfm-slow_2" eclass="HBEFA3/PC_G_EU4" CO2="0.00" CO="0.00" HC="0.00" NOx="0.00" PMx="0.00" fuel="0.00" electricity="0.00" noise="71.69" route="routetop" type="cfm-slow" waiting="0.00" lane="top_0" pos="26.41" speed="28.00" angle="226.97" x="13.06" y="109.98"/>
        <vehicle id="cfm-slow_3" eclass="HBEFA3/PC_G_EU4" CO2="0.00" CO="0.00" HC="0.00" NOx="0.00" PMx="0.00" fuel="0.00" electricity="0.00" noise="71.00" route="routetop" type="cfm-slow" waiting="0.00" lane="top_0" pos="49.35" speed="26.76" angle="185.71" x="-4.92" y="65.17"/>
        <vehicle id="cfm-slow_4" eclass="HBEFA3/PC_G_EU4" CO2="0.00" CO="0.00" HC="0.00" NOx="0.00" PMx="0.00" fuel="0.00" electricity="0.00" noise="70.58" route="routetop" type="cfm-slow" waiting="0.00" lane="left_0" pos="21.00" speed="25.46" angle="146.67" x="9.47" y="21.61"/>
        <vehicle id="cfm-slow_5" eclass="HBEFA3/PC_G_EU4" CO2="0.00" CO="0.00" HC="0.00" NOx="0.00" PMx="0.00" fuel="0.00" electricity="0.00" noise="70.93" route="routetop" type="cfm-slow" waiting="0.00" lane="left_0" pos="41.34" speed="24.60" angle="110.10" x="45.17" y="-2.40"/>
    </timestep>
    <timestep time="8.82">
        <vehicle id="cfm-fast_0" eclass="HBEFA3/PC_G_EU4" CO2="8281.32" CO="99.02" HC="0.66" NOx="3.26" PMx="0.17" fuel="3.56" electricity="0.00" noise="72.37" route="routebottom" type="cfm-fast" waiting="0.00" lane="bottom_0" pos="11.12" speed="24.51" angle="74.39" x="87.19" y="-0.78"/>
        <vehicle id="cfm-fast_1" eclass="HBEFA3/PC_G_EU4" CO2="237231.63" CO="7539.49" HC="40.50" NOx="110.16" PMx="7.31" fuel="101.98" electricity="0.00" noise="131.60" route="routebottom" type="cfm-fast" waiting="0.00" lane="right_1" pos="41.17" speed="102.01" angle="290.43" x="81.56" y="126.47"/>
        <vehicle id="cfm-fast_2" eclass="HBEFA3/PC_G_EU4" CO2="12155.96" CO="180.96" HC="1.13" NOx="5.07" PMx="0.28" fuel="5.23" electricity="0.00" noise="74.14" route="routebottom" type="cfm-fast" waiting="0.00" lane="bottom_0" pos="26.65" speed="25.21" angle="46.52" x="114.61" y="17.72"/>
        <vehicle id="cfm-fast_3" eclass="HBEFA3/PC_G_EU4" CO2="13488.49" CO="213.18" HC="1.31" NOx="5.67" PMx="0.31" fuel="5.80" electricity="0.00" noise="75.01" route="routebottom" type="cfm-fast" waiting="0.00" lane="bottom_0" pos="42.94" speed="26.44" angle="17.26" x="130.57" y="48.52"/>
        <vehicle id="cfm-fast_4" eclass="HBEFA3/PC_G_EU4" CO2="114651.49" CO="5423.79" HC="27.85" NOx="52.28" PMx="4.28" fuel="49.28" electricity="0.00" noise="112.39" route="routetop" type="cfm-fast" waiting="0.00" lane="left_1" pos="35.17" speed="107.84" angle="121.26" x="34.32" y="5.32"/>
        <vehicle id="cfm-fast_5" eclass="HBEFA3/PC_G_EU4" CO2="11609.30" CO="180.75" HC="1.11" NOx="4.75" PMx="0.27" fuel="4.99" electricity="0.00" noise="74.62" route="routebottom" type="cfm-fast" waiting="0.00" lane="right_0" pos="10.52" speed="27.70" angle="345.55" x="128.54" y="85.97"/>
        <vehicle id="cfm-slow_0" eclass="HBEFA3/PC_G_EU4" CO2="6722.81" CO="85.15" HC="0.56" NOx="2.43" PMx="0.14" fuel="2.89" electricity="0.00" noise="73.50" route="routebottom" type="cfm-slow" waiting="0.00" lane="right_0" pos="29.36" speed="28.56" angle="311.65" x="105.12" y="118.33"/>
        <vehicle id="cfm-slow_1" eclass="HBEFA3/PC_G_EU4" CO2="0.00" CO="0.00" HC="0.00" NOx="0.00" PMx="0.00" fuel="0.00" electricity="0.00" noise="72.48" route="routetop" type="cfm-slow" waiting="0.00" lane="top_0" pos="3.00" speed="28.67" angle="269.11" x="57.12" y="131.96"/>
        <vehicle id="cfm-slow_2" eclass="HBEFA3/PC_G_EU4" CO2="0.00" CO="0.00" HC="0.00" NOx="0.00" PMx="0.00" fuel="0.00" electricity="0.00" noise="71.69" route="routetop" type="cfm-slow" waiting="0.00" lane="top_0" pos="26.69" speed="27.98" angle="226.45" x="12.65" y="109.53"/>
        <vehicle id="cfm-slow_3" eclass="HBEFA3/PC_G_EU4" CO2="0.00" CO="0.00" HC="0.00" NOx="0.00" PMx="0.00" fuel="0.00" electricity="0.00" noise="70.99" route="routetop" type="cfm-slow" waiting="0.00" lane="top_0" pos="49.61" speed="26.75" angle="185.22" x="-4.93" y="64.59"/>
        <vehicle id="cfm-slow_4" eclass="HBEFA3/PC_G_EU4" CO2="0.00" CO="0.00" HC="0.00" NOx="0.00" PMx="0.00" fuel="0.00" electricity="0.00" noise="70.58" route="routetop" type="cfm-slow" waiting="0.00" lane="left_0" pos="21.25" speed="25.45" angle="146.20" x="9.80" y="21.18"/>
        <vehicle id="cfm-slow_5" eclass="HBEFA3/PC_G_EU4" CO2="0.00" CO="0.00" HC="0.00" NOx="0.00" PMx="0.00" fuel="0.00" electricity="0.00" noise="70.94" route="routetop" type="cfm-slow" waiting="0.00" lane="left_0" pos="41.59" speed="24.60" angle="109.65" x="45.68" y="-2.53"/>
    </timestep>
    <timestep time="8.83">
        <vehicle id="cfm-fast_0" eclass="HBEFA3/PC_G_EU4" CO2="8318.88" CO="99.81" HC="0.66" NOx="3.27" PMx="0.17" fuel="3.58" electricity="0.00" noise="72.39" route="routebottom" type="cfm-fast" waiting="0.00" lane="bottom_0" pos="11.36" speed="24.52" angle="73.93" x="87.69" y="-0.60"/>
        <vehicle id="cfm-fast_1" eclass="HBEFA3/PC_G_EU4" CO2="236109.60" CO="7520.58" HC="40.39" NOx="109.63" PMx="7.29" fuel="101.49" electricity="0.00" noise="131.41" route="routebottom" type="cfm-fast" waiting="0.00" lane="right_1" pos="42.20" speed="102.07" angle="288.51" x="79.53" y="127.01"/>
        <vehicle id="cfm-fast_2" eclass="HBEFA3/PC_G_EU4" CO2="12170.29" CO="181.29" HC="1.13" NOx="5.07" PMx="0.28" fuel="5.23" electricity="0.00" noise="74.15" route="routebottom" type="cfm-fast" waiting="0.00" lane="bottom_0" pos="26.90" speed="25.23" angle="46.11" x="114.98" y="18.12"/>
        <vehicle id="cfm-fast_3" eclass="HBEFA3/PC_G_EU4" CO2="13472.45" CO="212.90" HC="1.31" NOx="5.66" PMx="0.31" fuel="5.79" electricity="0.00" noise="75.01" route="routebottom" type="cfm-fast" waiting="0.00" lane="bottom_0" pos="43.21" speed="26.45" angle="16.78" x="130.69" y="49.07"/>
        <vehicle id="cfm-fast_4" eclass="HBEFA3/PC_G_EU4" CO2="114150.28" CO="5414.35" HC="27.80" NOx="52.05" PMx="4.27" fuel="49.07" electricity="0.00" noise="112.31" route="routetop" type="cfm-fast" waiting="0.00" lane="left_1" pos="36.25" speed="107.85" angle="119.32" x="36.31" y="4.36"/>
        <vehicle id="cfm-fast_5" eclass="HBEFA3/PC_G_EU4" CO2="11563.61" CO="179.86" HC="1.11" NOx="4.73" PMx="0.27" fuel="4.97" electricity="0.00" noise="74.61" route="routebottom" type="cfm-fast" waiting="0.00" lane="right_0" pos="10.79" speed="27.71" angle="345.02" x="128.34" y="86.53"/>
        <vehicle id="cfm-slow_0" eclass="HBEFA3/PC_G_EU4" CO2="6664.42" CO="83.96" HC="0.55" NOx="2.40" PMx="0.14" fuel="2.86" electricity="0.00" noise="73.49" route="routebottom" type="cfm-slow" waiting="0.00" lane="right_0" pos="29.64" speed="28.56" angle="311.18" x="104.62" y="118.69"/>
        <vehicle id="cfm-slow_1" eclass="HBEFA3/PC_G_EU4" CO2="0.00" CO="0.00" HC="0.00" NOx="0.00" PMx="0.00" fuel="0.00" electricity="0.00" noise="72.47" route="routetop" type="cfm-slow" waiting="0.00" lane="top_0" pos="3.29" speed="28.67" angle="268.60" x="56.50" y="131.89"/>
        <vehicle id="cfm-slow_2" eclass="HBEFA3/PC_G_EU4" CO2="0.00" CO="0.00" HC="0.00" NOx="0.00" PMx="0.00" fuel="0.00" electricity="0.00" noise="71.68" route="routetop" type="cfm-slow" waiting="0.00" lane="top_0" pos="26.97" speed="27.97" angle="225.99" x="12.25" y="109.09"/>
        <vehicle id="cfm-slow_3" eclass="HBEFA3/PC_G_EU4" CO2="0.00" CO="0.00" HC="0.00" NOx="0.00" PMx="0.00" fuel="0.00" electricity="0.00" noise="70.99" route="routetop" type="cfm-slow" waiting="0.00" lane="top_0" pos="49.88" speed="26.74" angle="184.73" x="-4.94" y="64.02"/>
        <vehicle id="cfm-slow_4" eclass="HBEFA3/PC_G_EU4" CO2="0.00" CO="0.00" HC="0.00" NOx="0.00" PMx="0.00" fuel="0.00" electricity="0.00" noise="70.58" route="routetop" type="cfm-slow" waiting="0.00" lane="left_0" pos="21.51" speed="25.44" angle="145.73" x="10.14" y="20.75"/>
        <vehicle id="cfm-slow_5" eclass="HBEFA3/PC_G_EU4" CO2="0.00" CO="0.00" HC="0.00" NOx="0.00" PMx="0.00" fuel="0.00" electricity="0.00" noise="70.95" route="routetop" type="cfm-slow" waiting="0.00" lane="left_0" pos="41.83" speed="24.60" angle="109.19" x="46.19" y="-2.67"/>
    </timestep>
    <timestep time="8.84">
        <vehicle id="cfm-fast_0" eclass="HBEFA3/PC_G_EU4" CO2="8356.23" CO="100.59" HC="0.67" NOx="3.29" PMx="0.18" fuel="3.59" electricity="0.00" noise="72.41" route="routebottom" type="cfm-fast" waiting="0.00" lane="bottom_0" pos="11.61" speed="24.53" angle="73.55" x="88.18" y="-0.41"/>
        <vehicle id="cfm-fast_1" eclass="HBEFA3/PC_G_EU4" CO2="234991.87" CO="7501.73" HC="40.27" NOx="109.10" PMx="7.26" fuel="101.01" electricity="0.00" noise="131.23" route="routebottom" type="cfm-fast" waiting="0.00" lane="right_1" pos="43.22" speed="102.13" angle="286.76" x="77.49" y="127.48"/>
        <vehicle id="cfm-fast_2" eclass="HBEFA3/PC_G_EU4" CO2="12184.35" CO="181.62" HC="1.13" NOx="5.08" PMx="0.28" fuel="5.24" electricity="0.00" noise="74.16" route="routebottom" type="cfm-fast" waiting="0.00" lane="bottom_0" pos="27.15" speed="25.24" angle="45.66" x="115.33" y="18.53"/>
        <vehicle id="cfm-fast_3" eclass="HBEFA3/PC_G_EU4" CO2="13456.13" CO="212.62" HC="1.30" NOx="5.65" PMx="0.31" fuel="5.78" electricity="0.00" noise="75.01" route="routebottom" type="cfm-fast" waiting="0.00" lane="bottom_0" pos="43.47" speed="26.46" angle="16.30" x="130.82" y="49.63"/>
        <vehicle id="cfm-fast_4" eclass="HBEFA3/PC_G_EU4" CO2="113658.26" CO="5405.09" HC="27.74" NOx="51.81" PMx="4.25" fuel="48.86" electricity="0.00" noise="112.24" route="routetop" type="cfm-fast" waiting="0.00" lane="left_1" pos="37.33" speed="107.86" angle="117.33" x="38.33" y="3.47"/>
        <vehicle id="cfm-fast_5" eclass="HBEFA3/PC_G_EU4" CO2="11517.77" CO="178.97" HC="1.10" NOx="4.71" PMx="0.27" fuel="4.95" electricity="0.00" noise="74.60" route="routebottom" type="cfm-fast" waiting="0.00" lane="right_0" pos="11.07" speed="27.72" angle="344.49" x="128.14" y="87.09"/>
        <vehicle id="cfm-slow_0" eclass="HBEFA3/PC_G_EU4" CO2="6606.13" CO="82.77" HC="0.55" NOx="2.37" PMx="0.14" fuel="2.84" electricity="0.00" noise="73.48" route="routebottom" type="cfm-slow" waiting="0.00" lane="right_0" pos="29.93" speed="28.57" angle="310.65" x="104.12" y="119.05"/>
        <vehicle id="cfm-slow_1" eclass="HBEFA3/PC_G_EU4" CO2="0.00" CO="0.00" HC="0.00" NOx="0.00" PMx="0.00" fuel="0.00" electricity="0.00" noise="72.47" route="routetop" type="cfm-slow" waiting="0.00" lane="top_0" pos="3.58" speed="28.66" angle="268.08" x="55.89" y="131.83"/>
        <vehicle id="cfm-slow_2" eclass="HBEFA3/PC_G_EU4" CO2="0.00" CO="0.00" HC="0.00" NOx="0.00" PMx="0.00" fuel="0.00" electricity="0.00" noise="71.67" route="routetop" type="cfm-slow" waiting="0.00" lane="top_0" pos="27.25" speed="27.96" angle="225.47" x="11.86" y="108.63"/>
        <vehicle id="cfm-slow_3" eclass="HBEFA3/PC_G_EU4" CO2="0.00" CO="0.00" HC="0.00" NOx="0.00" PMx="0.00" fuel="0.00" electricity="0.00" noise="70.98" route="routetop" type="cfm-slow" waiting="0.00" lane="left_0" pos="0.15" speed="26.72" angle="184.21" x="-4.94" y="63.25"/>
        <vehicle id="cfm-slow_4" eclass="HBEFA3/PC_G_EU4" CO2="0.00" CO="0.00" HC="0.00" NOx="0.00" PMx="0.00" fuel="0.00" electricity="0.00" noise="70.58" route="routetop" type="cfm-slow" waiting="0.00" lane="left_0" pos="21.76" speed="25.43" angle="145.31" x="10.48" y="20.32"/>
        <vehicle id="cfm-slow_5" eclass="HBEFA3/PC_G_EU4" CO2="0.00" CO="0.00" HC="0.00" NOx="0.00" PMx="0.00" fuel="0.00" electricity="0.00" noise="70.96" route="routetop" type="cfm-slow" waiting="0.00" lane="left_0" pos="42.08" speed="24.59" angle="108.73" x="46.71" y="-2.81"/>
    </timestep>
    <timestep time="8.85">
        <vehicle id="cfm-fast_0" eclass="HBEFA3/PC_G_EU4" CO2="8393.37" CO="101.38" HC="0.67" NOx="3.31" PMx="0.18" fuel="3.61" electricity="0.00" noise="72.42" route="routebottom" type="cfm-fast" waiting="0.00" lane="bottom_0" pos="11.85" speed="24.53" angle="73.11" x="88.67" y="-0.22"/>
        <vehicle id="cfm-fast_1" eclass="HBEFA3/PC_G_EU4" CO2="233878.49" CO="7482.94" HC="40.16" NOx="108.58" PMx="7.23" fuel="100.53" electricity="0.00" noise="131.04" route="routebottom" type="cfm-fast" waiting="0.00" lane="right_1" pos="44.24" speed="102.19" angle="284.89" x="75.44" y="127.89"/>
        <vehicle id="cfm-fast_2" eclass="HBEFA3/PC_G_EU4" CO2="12198.13" CO="181.95" HC="1.13" NOx="5.09" PMx="0.28" fuel="5.24" electricity="0.00" noise="74.17" route="routebottom" type="cfm-fast" waiting="0.00" lane="bottom_0" pos="27.40" speed="25.25" angle="45.18" x="115.69" y="18.95"/>
        <vehicle id="cfm-fast_3" eclass="HBEFA3/PC_G_EU4" CO2="13439.53" CO="212.34" HC="1.30" NOx="5.65" PMx="0.31" fuel="5.78" electricity="0.00" noise="75.00" route="routebottom" type="cfm-fast" waiting="0.00" lane="bottom_0" pos="43.74" speed="26.48" angle="15.87" x="130.93" y="50.18"/>
        <vehicle id="cfm-fast_4" eclass="HBEFA3/PC_G_EU4" CO2="113175.24" CO="5396.00" HC="27.69" NOx="51.59" PMx="4.24" fuel="48.65" electricity="0.00" noise="112.17" route="routetop" type="cfm-fast" waiting="0.00" lane="left_1" pos="38.41" speed="107.87" angle="115.34" x="40.39" y="2.65"/>
        <vehicle id="cfm-fast_5" eclass="HBEFA3/PC_G_EU4" CO2="11471.79" CO="178.07" HC="1.10" NOx="4.69" PMx="0.27" fuel="4.93" electricity="0.00" noise="74.58" route="routebottom" type="cfm-fast" waiting="0.00" lane="right_0" pos="11.35" speed="27.73" angle="343.97" x="127.93" y="87.66"/>
        <vehicle id="cfm-slow_0" eclass="HBEFA3/PC_G_EU4" CO2="6547.94" CO="81.58" HC="0.54" NOx="2.35" PMx="0.14" fuel="2.81" electricity="0.00" noise="73.46" route="routebottom" type="cfm-slow" waiting="0.00" lane="right_0" pos="30.21" speed="28.57" angle="310.12" x="103.63" y="119.41"/>
        <vehicle id="cfm-slow_1" eclass="HBEFA3/PC_G_EU4" CO2="0.00" CO="0.00" HC="0.00" NOx="0.00" PMx="0.00" fuel="0.00" electricity="0.00" noise="72.46" route="routetop" type="cfm-slow" waiting="0.00" lane="top_0" pos="3.86" speed="28.65" angle="267.59" x="55.28" y="131.76"/>
        <vehicle id="cfm-slow_2" eclass="HBEFA3/PC_G_EU4" CO2="0.00" CO="0.00" HC="0.00" NOx="0.00" PMx="0.00" fuel="0.00" electricity="0.00" noise="71.67" route="routetop" type="cfm-slow" waiting="0.00" lane="top_0" pos="27.53" speed="27.95" angle="224.94" x="11.47" y="108.17"/>
        <vehicle id="cfm-slow_3" eclass="HBEFA3/PC_G_EU4" CO2="0.00" CO="0.00" HC="0.00" NOx="0.00" PMx="0.00" fuel="0.00" electricity="0.00" noise="70.98" route="routetop" type="cfm-slow" waiting="0.00" lane="left_0" pos="0.42" speed="26.71" angle="183.73" x="-4.93" y="62.68"/>
        <vehicle id="cfm-slow_4" eclass="HBEFA3/PC_G_EU4" CO2="0.00" CO="0.00" HC="0.00" NOx="0.00" PMx="0.00" fuel="0.00" electricity="0.00" noise="70.58" route="routetop" type="cfm-slow" waiting="0.00" lane="left_0" pos="22.01" speed="25.42" angle="144.85" x="10.83" y="19.90"/>
        <vehicle id="cfm-slow_5" eclass="HBEFA3/PC_G_EU4" CO2="0.00" CO="0.00" HC="0.00" NOx="0.00" PMx="0.00" fuel="0.00" electricity="0.00" noise="70.98" route="routetop" type="cfm-slow" waiting="0.00" lane="left_0" pos="42.32" speed="24.59" angle="108.33" x="47.22" y="-2.94"/>
    </timestep>
    <timestep time="8.86">
        <vehicle id="cfm-fast_0" eclass="HBEFA3/PC_G_EU4" CO2="8430.30" CO="102.16" HC="0.67" NOx="3.33" PMx="0.18" fuel="3.62" electricity="0.00" noise="72.44" route="routebottom" type="cfm-fast" waiting="0.00" lane="bottom_0" pos="12.10" speed="24.54" angle="72.67" x="89.16" y="-0.02"/>
        <vehicle id="cfm-fast_1" eclass="HBEFA3/PC_G_EU4" CO2="232769.52" CO="7464.20" HC="40.05" NOx="108.05" PMx="7.20" fuel="100.06" electricity="0.00" noise="130.86" route="routebottom" type="cfm-fast" waiting="0.00" lane="right_1" pos="45.26" speed="102.25" angle="283.03" x="73.37" y="128.24"/>
        <vehicle id="cfm-fast_2" eclass="HBEFA3/PC_G_EU4" CO2="12211.63" CO="182.27" HC="1.13" NOx="5.09" PMx="0.28" fuel="5.25" electricity="0.00" noise="74.18" route="routebottom" type="cfm-fast" waiting="0.00" lane="bottom_0" pos="27.66" speed="25.26" angle="44.71" x="116.04" y="19.36"/>
        <vehicle id="cfm-fast_3" eclass="HBEFA3/PC_G_EU4" CO2="13422.65" CO="212.04" HC="1.30" NOx="5.64" PMx="0.31" fuel="5.77" electricity="0.00" noise="75.00" route="routebottom" type="cfm-fast" waiting="0.00" lane="bottom_0" pos="44.00" speed="26.49" angle="15.36" x="131.04" y="50.75"/>
        <vehicle id="cfm-fast_4" eclass="HBEFA3/PC_G_EU4" CO2="112701.07" CO="5387.08" HC="27.64" NOx="51.36" PMx="4.23" fuel="48.45" electricity="0.00" noise="112.09" route="routetop" type="cfm-fast" waiting="0.00" lane="left_1" pos="39.49" speed="107.88" angle="113.38" x="42.47" y="1.89"/>
        <vehicle id="cfm-fast_5" eclass="HBEFA3/PC_G_EU4" CO2="11425.67" CO="177.17" HC="1.09" NOx="4.67" PMx="0.26" fuel="4.91" electricity="0.00" noise="74.57" route="routebottom" type="cfm-fast" waiting="0.00" lane="right_0" pos="11.63" speed="27.74" angle="343.51" x="127.72" y="88.21"/>
        <vehicle id="cfm-slow_0" eclass="HBEFA3/PC_G_EU4" CO2="6489.85" CO="80.39" HC="0.53" NOx="2.32" PMx="0.14" fuel="2.79" electricity="0.00" noise="73.45" route="routebottom" type="cfm-slow" waiting="0.00" lane="right_0" pos="30.50" speed="28.57" angle="309.59" x="103.13" y="119.77"/>
        <vehicle id="cfm-slow_1" eclass="HBEFA3/PC_G_EU4" CO2="0.00" CO="0.00" HC="0.00" NOx="0.00" PMx="0.00" fuel="0.00" electricity="0.00" noise="72.45" route="routetop" type="cfm-slow" waiting="0.00" lane="top_0" pos="4.15" speed="28.65" angle="267.07" x="54.67" y="131.68"/>
        <vehicle id="cfm-slow_2" eclass="HBEFA3/PC_G_EU4" CO2="0.00" CO="0.00" HC="0.00" NOx="0.00" PMx="0.00" fuel="0.00" electricity="0.00" noise="71.66" route="routetop" type="cfm-slow" waiting="0.00" lane="top_0" pos="27.81" speed="27.94" angle="224.42" x="11.08" y="107.72"/>
        <vehicle id="cfm-slow_3" eclass="HBEFA3/PC_G_EU4" CO2="0.00" CO="0.00" HC="0.00" NOx="0.00" PMx="0.00" fuel="0.00" electricity="0.00" noise="70.97" route="routetop" type="cfm-slow" waiting="0.00" lane="left_0" pos="0.68" speed="26.70" angle="183.24" x="-4.92" y="62.10"/>
        <vehicle id="cfm-slow_4" eclass="HBEFA3/PC_G_EU4" CO2="0.00" CO="0.00" HC="0.00" NOx="0.00" PMx="0.00" fuel="0.00" electricity="0.00" noise="70.58" route="routetop" type="cfm-slow" waiting="0.00" lane="left_0" pos="22.27" speed="25.41" angle="144.37" x="11.18" y="19.49"/>
        <vehicle id="cfm-slow_5" eclass="HBEFA3/PC_G_EU4" CO2="0.00" CO="0.00" HC="0.00" NOx="0.00" PMx="0.00" fuel="0.00" electricity="0.00" noise="70.99" route="routetop" type="cfm-slow" waiting="0.00" lane="left_0" pos="42.57" speed="24.59" angle="107.90" x="47.73" y="-3.06"/>
    </timestep>
    <timestep time="8.87">
        <vehicle id="cfm-fast_0" eclass="HBEFA3/PC_G_EU4" CO2="8467.01" CO="102.93" HC="0.68" NOx="3.34" PMx="0.18" fuel="3.64" electricity="0.00" noise="72.45" route="routebottom" type="cfm-fast" waiting="0.00" lane="bottom_0" pos="12.34" speed="24.55" angle="72.24" x="89.65" y="0.17"/>
        <vehicle id="cfm-fast_1" eclass="HBEFA3/PC_G_EU4" CO2="231665.03" CO="7445.54" HC="39.93" NOx="107.53" PMx="7.18" fuel="99.58" electricity="0.00" noise="130.67" route="routebottom" type="cfm-fast" waiting="0.00" lane="right_1" pos="46.28" speed="102.31" angle="281.23" x="71.29" y="128.52"/>
        <vehicle id="cfm-fast_2" eclass="HBEFA3/PC_G_EU4" CO2="12224.85" CO="182.58" HC="1.14" NOx="5.10" PMx="0.28" fuel="5.25" electricity="0.00" noise="74.19" route="routebottom" type="cfm-fast" waiting="0.00" lane="bottom_0" pos="27.91" speed="25.27" angle="44.24" x="116.39" y="19.78"/>
        <vehicle id="cfm-fast_3" eclass="HBEFA3/PC_G_EU4" CO2="13405.49" CO="211.75" HC="1.30" NOx="5.63" PMx="0.31" fuel="5.76" electricity="0.00" noise="74.99" route="routebottom" type="cfm-fast" waiting="0.00" lane="bottom_0" pos="44.27" speed="26.50" angle="14.86" x="131.14" y="51.31"/>
        <vehicle id="cfm-fast_4" eclass="HBEFA3/PC_G_EU4" CO2="112235.57" CO="5378.33" HC="27.59" NOx="51.14" PMx="4.22" fuel="48.25" electricity="0.00" noise="112.02" route="routetop" type="cfm-fast" waiting="0.00" lane="left_1" pos="40.57" speed="107.89" angle="111.45" x="44.57" y="1.22"/>
        <vehicle id="cfm-fast_5" eclass="HBEFA3/PC_G_EU4" CO2="11379.42" CO="176.26" HC="1.09" NOx="4.64" PMx="0.26" fuel="4.89" electricity="0.00" noise="74.56" route="routebottom" type="cfm-fast" waiting="0.00" lane="right_0" pos="11.90" speed="27.75" angle="343.00" x="127.50" y="88.77"/>
        <vehicle id="cfm-slow_0" eclass="HBEFA3/PC_G_EU4" CO2="6431.87" CO="79.21" HC="0.52" NOx="2.29" PMx="0.14" fuel="2.76" electricity="0.00" noise="73.44" route="routebottom" type="cfm-slow" waiting="0.00" lane="right_0" pos="30.78" speed="28.57" angle="309.12" x="102.63" y="120.13"/>
        <vehicle id="cfm-slow_1" eclass="HBEFA3/PC_G_EU4" CO2="0.00" CO="0.00" HC="0.00" NOx="0.00" PMx="0.00" fuel="0.00" electricity="0.00" noise="72.44" route="routetop" type="cfm-slow" waiting="0.00" lane="top_0" pos="4.44" speed="28.64" angle="266.55" x="54.06" y="131.59"/>
        <vehicle id="cfm-slow_2" eclass="HBEFA3/PC_G_EU4" CO2="0.00" CO="0.00" HC="0.00" NOx="0.00" PMx="0.00" fuel="0.00" electricity="0.00" noise="71.65" route="routetop" type="cfm-slow" waiting="0.00" lane="top_0" pos="28.09" speed="27.92" angle="223.90" x="10.69" y="107.26"/>
        <vehicle id="cfm-slow_3" eclass="HBEFA3/PC_G_EU4" CO2="0.00" CO="0.00" HC="0.00" NOx="0.00" PMx="0.00" fuel="0.00" electricity="0.00" noise="70.97" route="routetop" type="cfm-slow" waiting="0.00" lane="left_0" pos="0.95" speed="26.68" angle="182.76" x="-4.90" y="61.53"/>
        <vehicle id="cfm-slow_4" eclass="HBEFA3/PC_G_EU4" CO2="0.00" CO="0.00" HC="0.00" NOx="0.00" PMx="0.00" fuel="0.00" electricity="0.00" noise="70.58" route="routetop" type="cfm-slow" waiting="0.00" lane="left_0" pos="22.52" speed="25.41" angle="143.90" x="11.54" y="19.07"/>
        <vehicle id="cfm-slow_5" eclass="HBEFA3/PC_G_EU4" CO2="0.00" CO="0.00" HC="0.00" NOx="0.00" PMx="0.00" fuel="0.00" electricity="0.00" noise="71.00" route="routetop" type="cfm-slow" waiting="0.00" lane="left_0" pos="42.82" speed="24.59" angle="107.46" x="48.25" y="-3.18"/>
    </timestep>
    <timestep time="8.88">
        <vehicle id="cfm-fast_0" eclass="HBEFA3/PC_G_EU4" CO2="8503.51" CO="103.70" HC="0.68" NOx="3.36" PMx="0.18" fuel="3.66" electricity="0.00" noise="72.47" route="routebottom" type="cfm-fast" waiting="0.00" lane="bottom_0" pos="12.59" speed="24.55" angle="71.80" x="90.14" y="0.37"/>
        <vehicle id="cfm-fast_1" eclass="HBEFA3/PC_G_EU4" CO2="230565.08" CO="7426.93" HC="39.82" NOx="107.01" PMx="7.15" fuel="99.11" electricity="0.00" noise="130.49" route="routebottom" type="cfm-fast" waiting="0.00" lane="right_1" pos="47.31" speed="102.37" angle="279.40" x="69.20" y="128.74"/>
        <vehicle id="cfm-fast_2" eclass="HBEFA3/PC_G_EU4" CO2="12237.79" CO="182.89" HC="1.14" NOx="5.10" PMx="0.28" fuel="5.26" electricity="0.00" noise="74.20" route="routebottom" type="cfm-fast" waiting="0.00" lane="bottom_0" pos="28.16" speed="25.28" angle="43.80" x="116.74" y="20.19"/>
        <vehicle id="cfm-fast_3" eclass="HBEFA3/PC_G_EU4" CO2="13388.06" CO="211.45" HC="1.30" NOx="5.62" PMx="0.31" fuel="5.75" electricity="0.00" noise="74.99" route="routebottom" type="cfm-fast" waiting="0.00" lane="bottom_0" pos="44.53" speed="26.51" angle="14.36" x="131.24" y="51.87"/>
        <vehicle id="cfm-fast_4" eclass="HBEFA3/PC_G_EU4" CO2="111778.58" CO="5369.74" HC="27.54" NOx="50.93" PMx="4.21" fuel="48.05" electricity="0.00" noise="111.96" route="routetop" type="cfm-fast" waiting="0.00" lane="left_1" pos="41.65" speed="107.91" angle="109.52" x="46.70" y="0.61"/>
        <vehicle id="cfm-fast_5" eclass="HBEFA3/PC_G_EU4" CO2="11333.03" CO="175.35" HC="1.08" NOx="4.62" PMx="0.26" fuel="4.87" electricity="0.00" noise="74.54" route="routebottom" type="cfm-fast" waiting="0.00" lane="right_0" pos="12.18" speed="27.76" angle="342.50" x="127.28" y="89.32"/>
        <vehicle id="cfm-slow_0" eclass="HBEFA3/PC_G_EU4" CO2="6374.01" CO="78.02" HC="0.52" NOx="2.27" PMx="0.14" fuel="2.74" electricity="0.00" noise="73.43" route="routebottom" type="cfm-slow" waiting="0.00" lane="right_0" pos="31.07" speed="28.57" angle="308.60" x="102.12" y="120.47"/>
        <vehicle id="cfm-slow_1" eclass="HBEFA3/PC_G_EU4" CO2="0.00" CO="0.00" HC="0.00" NOx="0.00" PMx="0.00" fuel="0.00" electricity="0.00" noise="72.43" route="routetop" type="cfm-slow" waiting="0.00" lane="top_0" pos="4.72" speed="28.64" angle="266.03" x="53.45" y="131.50"/>
        <vehicle id="cfm-slow_2" eclass="HBEFA3/PC_G_EU4" CO2="0.00" CO="0.00" HC="0.00" NOx="0.00" PMx="0.00" fuel="0.00" electricity="0.00" noise="71.65" route="routetop" type="cfm-slow" waiting="0.00" lane="top_0" pos="28.37" speed="27.91" angle="223.46" x="10.31" y="106.79"/>
        <vehicle id="cfm-slow_3" eclass="HBEFA3/PC_G_EU4" CO2="0.00" CO="0.00" HC="0.00" NOx="0.00" PMx="0.00" fuel="0.00" electricity="0.00" noise="70.96" route="routetop" type="cfm-slow" waiting="0.00" lane="left_0" pos="1.22" speed="26.67" angle="182.29" x="-4.89" y="60.95"/>
        <vehicle id="cfm-slow_4" eclass="HBEFA3/PC_G_EU4" CO2="0.00" CO="0.00" HC="0.00" NOx="0.00" PMx="0.00" fuel="0.00" electricity="0.00" noise="70.58" route="routetop" type="cfm-slow" waiting="0.00" lane="left_0" pos="22.78" speed="25.40" angle="143.42" x="11.89" y="18.65"/>
        <vehicle id="cfm-slow_5" eclass="HBEFA3/PC_G_EU4" CO2="0.00" CO="0.00" HC="0.00" NOx="0.00" PMx="0.00" fuel="0.00" electricity="0.00" noise="71.01" route="routetop" type="cfm-slow" waiting="0.00" lane="left_0" pos="43.06" speed="24.59" angle="107.03" x="48.76" y="-3.30"/>
    </timestep>
    <timestep time="8.89">
        <vehicle id="cfm-fast_0" eclass="HBEFA3/PC_G_EU4" CO2="8539.80" CO="104.47" HC="0.69" NOx="3.38" PMx="0.18" fuel="3.67" electricity="0.00" noise="72.49" route="routebottom" type="cfm-fast" waiting="0.00" lane="bottom_0" pos="12.84" speed="24.56" angle="71.41" x="90.63" y="0.57"/>
        <vehicle id="cfm-fast_1" eclass="HBEFA3/PC_G_EU4" CO2="229469.71" CO="7408.39" HC="39.71" NOx="106.49" PMx="7.12" fuel="98.64" electricity="0.00" noise="130.31" route="routebottom" type="cfm-fast" waiting="0.00" lane="right_1" pos="48.33" speed="102.43" angle="277.50" x="67.11" y="128.87"/>
        <vehicle id="cfm-fast_2" eclass="HBEFA3/PC_G_EU4" CO2="12250.46" CO="183.19" HC="1.14" NOx="5.11" PMx="0.28" fuel="5.27" electricity="0.00" noise="74.20" route="routebottom" type="cfm-fast" waiting="0.00" lane="bottom_0" pos="28.41" speed="25.30" angle="43.36" x="117.08" y="20.62"/>
        <vehicle id="cfm-fast_3" eclass="HBEFA3/PC_G_EU4" CO2="13370.35" CO="211.14" HC="1.30" NOx="5.61" PMx="0.31" fuel="5.75" electricity="0.00" noise="74.98" route="routebottom" type="cfm-fast" waiting="0.00" lane="bottom_0" pos="44.80" speed="26.53" angle="13.88" x="131.35" y="52.43"/>
        <vehicle id="cfm-fast_4" eclass="HBEFA3/PC_G_EU4" CO2="111329.95" CO="5361.31" HC="27.49" NOx="50.71" PMx="4.19" fuel="47.86" electricity="0.00" noise="111.89" route="routetop" type="cfm-fast" waiting="0.00" lane="left_1" pos="42.72" speed="107.92" angle="107.62" x="48.84" y="0.07"/>
        <vehicle id="cfm-fast_5" eclass="HBEFA3/PC_G_EU4" CO2="11286.50" CO="174.44" HC="1.08" NOx="4.60" PMx="0.26" fuel="4.85" electricity="0.00" noise="74.53" route="routebottom" type="cfm-fast" waiting="0.00" lane="right_0" pos="12.46" speed="27.77" angle="341.99" x="127.06" y="89.88"/>
        <vehicle id="cfm-slow_0" eclass="HBEFA3/PC_G_EU4" CO2="6316.25" CO="76.84" HC="0.51" NOx="2.24" PMx="0.13" fuel="2.72" electricity="0.00" noise="73.41" route="routebottom" type="cfm-slow" waiting="0.00" lane="right_0" pos="31.36" speed="28.57" angle="308.09" x="101.61" y="120.81"/>
        <vehicle id="cfm-slow_1" eclass="HBEFA3/PC_G_EU4" CO2="0.00" CO="0.00" HC="0.00" NOx="0.00" PMx="0.00" fuel="0.00" electricity="0.00" noise="72.42" route="routetop" type="cfm-slow" waiting="0.00" lane="top_0" pos="5.01" speed="28.63" angle="265.44" x="52.84" y="131.42"/>
        <vehicle id="cfm-slow_2" eclass="HBEFA3/PC_G_EU4" CO2="0.00" CO="0.00" HC="0.00" NOx="0.00" PMx="0.00" fuel="0.00" electricity="0.00" noise="71.64" route="routetop" type="cfm-slow" waiting="0.00" lane="top_0" pos="28.65" speed="27.90" angle="222.95" x="9.94" y="106.32"/>
        <vehicle id="cfm-slow_3" eclass="HBEFA3/PC_G_EU4" CO2="0.00" CO="0.00" HC="0.00" NOx="0.00" PMx="0.00" fuel="0.00" electricity="0.00" noise="70.96" route="routetop" type="cfm-slow" waiting="0.00" lane="left_0" pos="1.48" speed="26.66" angle="181.82" x="-4.86" y="60.38"/>
        <vehicle id="cfm-slow_4" eclass="HBEFA3/PC_G_EU4" CO2="0.00" CO="0.00" HC="0.00" NOx="0.00" PMx="0.00" fuel="0.00" electricity="0.00" noise="70.59" route="routetop" type="cfm-slow" waiting="0.00" lane="left_0" pos="23.03" speed="25.39" angle="143.00" x="12.25" y="18.24"/>
        <vehicle id="cfm-slow_5" eclass="HBEFA3/PC_G_EU4" CO2="0.00" CO="0.00" HC="0.00" NOx="0.00" PMx="0.00" fuel="0.00" electricity="0.00" noise="71.02" route="routetop" type="cfm-slow" waiting="0.00" lane="left_0" pos="43.31" speed="24.59" angle="106.59" x="49.28" y="-3.42"/>
    </timestep>
    <timestep time="8.90">
        <vehicle id="cfm-fast_0" eclass="HBEFA3/PC_G_EU4" CO2="8575.87" CO="105.23" HC="0.69" NOx="3.39" PMx="0.18" fuel="3.69" electricity="0.00" noise="72.50" route="routebottom" type="cfm-fast" waiting="0.00" lane="bottom_0" pos="13.08" speed="24.57" angle="70.96" x="91.11" y="0.79"/>
        <vehicle id="cfm-fast_1" eclass="HBEFA3/PC_G_EU4" CO2="228378.98" CO="7389.92" HC="39.60" NOx="105.98" PMx="7.09" fuel="98.17" electricity="0.00" noise="130.13" route="routebottom" type="cfm-fast" waiting="0.00" lane="right_1" pos="49.36" speed="102.49" angle="275.65" x="65.01" y="128.94"/>
        <vehicle id="cfm-fast_2" eclass="HBEFA3/PC_G_EU4" CO2="12262.85" CO="183.49" HC="1.14" NOx="5.12" PMx="0.28" fuel="5.27" electricity="0.00" noise="74.21" route="routebottom" type="cfm-fast" waiting="0.00" lane="bottom_0" pos="28.67" speed="25.31" angle="42.89" x="117.41" y="21.05"/>
        <vehicle id="cfm-fast_3" eclass="HBEFA3/PC_G_EU4" CO2="13352.36" CO="210.82" HC="1.29" NOx="5.60" PMx="0.31" fuel="5.74" electricity="0.00" noise="74.98" route="routebottom" type="cfm-fast" waiting="0.00" lane="bottom_0" pos="45.06" speed="26.54" angle="13.44" x="131.44" y="52.99"/>
        <vehicle id="cfm-fast_4" eclass="HBEFA3/PC_G_EU4" CO2="110889.51" CO="5353.03" HC="27.44" NOx="50.51" PMx="4.18" fuel="47.67" electricity="0.00" noise="111.82" route="routetop" type="cfm-fast" waiting="0.00" lane="left_1" pos="43.80" speed="107.93" angle="105.72" x="51.01" y="-0.41"/>
        <vehicle id="cfm-fast_5" eclass="HBEFA3/PC_G_EU4" CO2="11239.85" CO="173.53" HC="1.07" NOx="4.58" PMx="0.26" fuel="4.83" electricity="0.00" noise="74.52" route="routebottom" type="cfm-fast" waiting="0.00" lane="right_0" pos="12.74" speed="27.77" angle="341.52" x="126.83" y="90.43"/>
        <vehicle id="cfm-slow_0" eclass="HBEFA3/PC_G_EU4" CO2="6258.60" CO="75.66" HC="0.50" NOx="2.21" PMx="0.13" fuel="2.69" electricity="0.00" noise="73.40" route="routebottom" type="cfm-slow" waiting="0.00" lane="right_0" pos="31.64" speed="28.57" angle="307.57" x="101.09" y="121.15"/>
        <vehicle id="cfm-slow_1" eclass="HBEFA3/PC_G_EU4" CO2="0.00" CO="0.00" HC="0.00" NOx="0.00" PMx="0.00" fuel="0.00" electricity="0.00" noise="72.41" route="routetop" type="cfm-slow" waiting="0.00" lane="top_0" pos="5.30" speed="28.62" angle="264.94" x="52.23" y="131.31"/>
        <vehicle id="cfm-slow_2" eclass="HBEFA3/PC_G_EU4" CO2="0.00" CO="0.00" HC="0.00" NOx="0.00" PMx="0.00" fuel="0.00" electricity="0.00" noise="71.63" route="routetop" type="cfm-slow" waiting="0.00" lane="top_0" pos="28.93" speed="27.89" angle="222.44" x="9.57" y="105.85"/>
        <vehicle id="cfm-slow_3" eclass="HBEFA3/PC_G_EU4" CO2="0.00" CO="0.00" HC="0.00" NOx="0.00" PMx="0.00" fuel="0.00" electricity="0.00" noise="70.95" route="routetop" type="cfm-slow" waiting="0.00" lane="left_0" pos="1.75" speed="26.65" angle="181.34" x="-4.83" y="59.81"/>
        <vehicle id="cfm-slow_4" eclass="HBEFA3/PC_G_EU4" CO2="0.00" CO="0.00" HC="0.00" NOx="0.00" PMx="0.00" fuel="0.00" electricity="0.00" noise="70.59" route="routetop" type="cfm-slow" waiting="0.00" lane="left_0" pos="23.28" speed="25.38" angle="142.56" x="12.61" y="17.83"/>
        <vehicle id="cfm-slow_5" eclass="HBEFA3/PC_G_EU4" CO2="0.00" CO="0.00" HC="0.00" NOx="0.00" PMx="0.00" fuel="0.00" electricity="0.00" noise="71.03" route="routetop" type="cfm-slow" waiting="0.00" lane="left_0" pos="43.55" speed="24.59" angle="106.18" x="49.80" y="-3.54"/>
    </timestep>
    <timestep time="8.91">
        <vehicle id="cfm-fast_0" eclass="HBEFA3/PC_G_EU4" CO2="8611.72" CO="105.99" HC="0.70" NOx="3.41" PMx="0.18" fuel="3.70" electricity="0.00" noise="72.52" route="routebottom" type="cfm-fast" waiting="0.00" lane="bottom_0" pos="13.33" speed="24.57" angle="70.50" x="91.59" y="1.01"/>
        <vehicle id="cfm-fast_1" eclass="HBEFA3/PC_G_EU4" CO2="227292.94" CO="7371.51" HC="39.49" NOx="105.47" PMx="7.07" fuel="97.70" electricity="0.00" noise="129.95" route="routetop" type="cfm-fast" waiting="0.00" lane="top_1" pos="0.38" speed="102.55" angle="273.79" x="62.85" y="128.95"/>
        <vehicle id="cfm-fast_2" eclass="HBEFA3/PC_G_EU4" CO2="12274.96" CO="183.78" HC="1.14" NOx="5.12" PMx="0.28" fuel="5.28" electricity="0.00" noise="74.22" route="routebottom" type="cfm-fast" waiting="0.00" lane="bottom_0" pos="28.92" speed="25.32" angle="42.42" x="117.75" y="21.48"/>
        <vehicle id="cfm-fast_3" eclass="HBEFA3/PC_G_EU4" CO2="13334.11" CO="210.50" HC="1.29" NOx="5.59" PMx="0.31" fuel="5.73" electricity="0.00" noise="74.97" route="routebottom" type="cfm-fast" waiting="0.00" lane="bottom_0" pos="45.33" speed="26.55" angle="12.96" x="131.52" y="53.56"/>
        <vehicle id="cfm-fast_4" eclass="HBEFA3/PC_G_EU4" CO2="110457.12" CO="5344.91" HC="27.39" NOx="50.30" PMx="4.17" fuel="47.48" electricity="0.00" noise="111.76" route="routetop" type="cfm-fast" waiting="0.00" lane="left_1" pos="44.88" speed="107.94" angle="103.78" x="53.18" y="-0.81"/>
        <vehicle id="cfm-fast_5" eclass="HBEFA3/PC_G_EU4" CO2="11193.07" CO="172.61" HC="1.07" NOx="4.56" PMx="0.26" fuel="4.81" electricity="0.00" noise="74.50" route="routebottom" type="cfm-fast" waiting="0.00" lane="right_0" pos="13.01" speed="27.78" angle="341.04" x="126.59" y="90.98"/>
        <vehicle id="cfm-slow_0" eclass="HBEFA3/PC_G_EU4" CO2="6201.08" CO="74.49" HC="0.50" NOx="2.18" PMx="0.13" fuel="2.67" electricity="0.00" noise="73.39" route="routebottom" type="cfm-slow" waiting="0.00" lane="right_0" pos="31.93" speed="28.57" angle="307.06" x="100.58" y="121.50"/>
        <vehicle id="cfm-slow_1" eclass="HBEFA3/PC_G_EU4" CO2="0.00" CO="0.00" HC="0.00" NOx="0.00" PMx="0.00" fuel="0.00" electricity="0.00" noise="72.40" route="routetop" type="cfm-slow" waiting="0.00" lane="top_0" pos="5.58" speed="28.62" angle="264.41" x="51.63" y="131.20"/>
        <vehicle id="cfm-slow_2" eclass="HBEFA3/PC_G_EU4" CO2="0.00" CO="0.00" HC="0.00" NOx="0.00" PMx="0.00" fuel="0.00" electricity="0.00" noise="71.63" route="routetop" type="cfm-slow" waiting="0.00" lane="top_0" pos="29.20" speed="27.88" angle="221.93" x="9.20" y="105.38"/>
        <vehicle id="cfm-slow_3" eclass="HBEFA3/PC_G_EU4" CO2="0.00" CO="0.00" HC="0.00" NOx="0.00" PMx="0.00" fuel="0.00" electricity="0.00" noise="70.95" route="routetop" type="cfm-slow" waiting="0.00" lane="left_0" pos="2.02" speed="26.63" angle="180.86" x="-4.79" y="59.24"/>
        <vehicle id="cfm-slow_4" eclass="HBEFA3/PC_G_EU4" CO2="0.00" CO="0.00" HC="0.00" NOx="0.00" PMx="0.00" fuel="0.00" electricity="0.00" noise="70.59" route="routetop" type="cfm-slow" waiting="0.00" lane="left_0" pos="23.54" speed="25.37" angle="142.10" x="12.98" y="17.43"/>
        <vehicle id="cfm-slow_5" eclass="HBEFA3/PC_G_EU4" CO2="0.00" CO="0.00" HC="0.00" NOx="0.00" PMx="0.00" fuel="0.00" electricity="0.00" noise="71.04" route="routetop" type="cfm-slow" waiting="0.00" lane="left_0" pos="43.80" speed="24.59" angle="105.76" x="50.31" y="-3.64"/>
    </timestep>
    <timestep time="8.92">
        <vehicle id="cfm-fast_0" eclass="HBEFA3/PC_G_EU4" CO2="8647.36" CO="106.74" HC="0.70" NOx="3.43" PMx="0.18" fuel="3.72" electricity="0.00" noise="72.53" route="routebottom" type="cfm-fast" waiting="0.00" lane="bottom_0" pos="13.57" speed="24.58" angle="70.05" x="92.08" y="1.22"/>
        <vehicle id="cfm-fast_1" eclass="HBEFA3/PC_G_EU4" CO2="226211.64" CO="7353.17" HC="39.38" NOx="104.95" PMx="7.04" fuel="97.24" electricity="0.00" noise="129.77" route="routetop" type="cfm-fast" waiting="0.00" lane="top_1" pos="1.41" speed="102.60" angle="271.96" x="60.74" y="128.90"/>
        <vehicle id="cfm-fast_2" eclass="HBEFA3/PC_G_EU4" CO2="12286.79" CO="184.06" HC="1.14" NOx="5.13" PMx="0.28" fuel="5.28" electricity="0.00" noise="74.23" route="routebottom" type="cfm-fast" waiting="0.00" lane="bottom_0" pos="29.17" speed="25.33" angle="41.95" x="118.08" y="21.91"/>
        <vehicle id="cfm-fast_3" eclass="HBEFA3/PC_G_EU4" CO2="13315.58" CO="210.18" HC="1.29" NOx="5.58" PMx="0.31" fuel="5.72" electricity="0.00" noise="74.97" route="routebottom" type="cfm-fast" waiting="0.00" lane="bottom_0" pos="45.59" speed="26.56" angle="12.48" x="131.60" y="54.12"/>
        <vehicle id="cfm-fast_4" eclass="HBEFA3/PC_G_EU4" CO2="110032.61" CO="5336.95" HC="27.34" NOx="50.10" PMx="4.16" fuel="47.30" electricity="0.00" noise="111.69" route="routetop" type="cfm-fast" waiting="0.00" lane="left_1" pos="45.96" speed="107.95" angle="101.80" x="55.37" y="-1.12"/>
        <vehicle id="cfm-fast_5" eclass="HBEFA3/PC_G_EU4" CO2="11146.16" CO="171.70" HC="1.06" NOx="4.53" PMx="0.26" fuel="4.79" electricity="0.00" noise="74.49" route="routebottom" type="cfm-fast" waiting="0.00" lane="right_0" pos="13.29" speed="27.79" angle="340.53" x="126.35" y="91.53"/>
        <vehicle id="cfm-slow_0" eclass="HBEFA3/PC_G_EU4" CO2="6143.67" CO="73.31" HC="0.49" NOx="2.16" PMx="0.13" fuel="2.64" electricity="0.00" noise="73.38" route="routebottom" type="cfm-slow" waiting="0.00" lane="right_0" pos="32.21" speed="28.58" angle="306.60" x="100.06" y="121.82"/>
        <vehicle id="cfm-slow_1" eclass="HBEFA3/PC_G_EU4" CO2="0.00" CO="0.00" HC="0.00" NOx="0.00" PMx="0.00" fuel="0.00" electricity="0.00" noise="72.40" route="routetop" type="cfm-slow" waiting="0.00" lane="top_0" pos="5.87" speed="28.61" angle="263.88" x="51.02" y="131.09"/>
        <vehicle id="cfm-slow_2" eclass="HBEFA3/PC_G_EU4" CO2="0.00" CO="0.00" HC="0.00" NOx="0.00" PMx="0.00" fuel="0.00" electricity="0.00" noise="71.62" route="routetop" type="cfm-slow" waiting="0.00" lane="top_0" pos="29.48" speed="27.87" angle="221.47" x="8.83" y="104.90"/>
        <vehicle id="cfm-slow_3" eclass="HBEFA3/PC_G_EU4" CO2="0.00" CO="0.00" HC="0.00" NOx="0.00" PMx="0.00" fuel="0.00" electricity="0.00" noise="70.95" route="routetop" type="cfm-slow" waiting="0.00" lane="left_0" pos="2.28" speed="26.62" angle="180.38" x="-4.76" y="58.67"/>
        <vehicle id="cfm-slow_4" eclass="HBEFA3/PC_G_EU4" CO2="0.00" CO="0.00" HC="0.00" NOx="0.00" PMx="0.00" fuel="0.00" electricity="0.00" noise="70.59" route="routetop" type="cfm-slow" waiting="0.00" lane="left_0" pos="23.79" speed="25.36" angle="141.65" x="13.35" y="17.03"/>
        <vehicle id="cfm-slow_5" eclass="HBEFA3/PC_G_EU4" CO2="0.00" CO="0.00" HC="0.00" NOx="0.00" PMx="0.00" fuel="0.00" electricity="0.00" noise="71.05" route="routetop" type="cfm-slow" waiting="0.00" lane="left_0" pos="44.05" speed="24.59" angle="105.31" x="50.83" y="-3.73"/>
    </timestep>
    <timestep time="8.93">
        <vehicle id="cfm-fast_0" eclass="HBEFA3/PC_G_EU4" CO2="8682.79" CO="107.49" HC="0.70" NOx="3.44" PMx="0.18" fuel="3.73" electricity="0.00" noise="72.55" route="routebottom" type="cfm-fast" waiting="0.00" lane="bottom_0" pos="13.82" speed="24.59" angle="69.59" x="92.56" y="1.44"/>
        <vehicle id="cfm-fast_1" eclass="HBEFA3/PC_G_EU4" CO2="225135.14" CO="7334.91" HC="39.27" NOx="104.45" PMx="7.02" fuel="96.78" electricity="0.00" noise="129.59" route="routetop" type="cfm-fast" waiting="0.00" lane="top_1" pos="2.44" speed="102.66" angle="270.09" x="58.64" y="128.78"/>
        <vehicle id="cfm-fast_2" eclass="HBEFA3/PC_G_EU4" CO2="12298.35" CO="184.34" HC="1.15" NOx="5.13" PMx="0.28" fuel="5.29" electricity="0.00" noise="74.24" route="routebottom" type="cfm-fast" waiting="0.00" lane="bottom_0" pos="29.43" speed="25.34" angle="41.51" x="118.42" y="22.34"/>
        <vehicle id="cfm-fast_3" eclass="HBEFA3/PC_G_EU4" CO2="13296.78" CO="209.85" HC="1.29" NOx="5.58" PMx="0.31" fuel="5.72" electricity="0.00" noise="74.96" route="routebottom" type="cfm-fast" waiting="0.00" lane="bottom_0" pos="45.86" speed="26.58" angle="12.00" x="131.68" y="54.69"/>
        <vehicle id="cfm-fast_4" eclass="HBEFA3/PC_G_EU4" CO2="109615.85" CO="5329.13" HC="27.30" NOx="49.91" PMx="4.15" fuel="47.12" electricity="0.00" noise="111.63" route="routetop" type="cfm-fast" waiting="0.00" lane="left_1" pos="47.04" speed="107.96" angle="99.86" x="57.57" y="-1.36"/>
        <vehicle id="cfm-fast_5" eclass="HBEFA3/PC_G_EU4" CO2="11099.12" CO="170.77" HC="1.06" NOx="4.51" PMx="0.26" fuel="4.77" electricity="0.00" noise="74.48" route="routebottom" type="cfm-fast" waiting="0.00" lane="right_0" pos="13.57" speed="27.80" angle="340.03" x="126.11" y="92.07"/>
        <vehicle id="cfm-slow_0" eclass="HBEFA3/PC_G_EU4" CO2="6086.38" CO="72.14" HC="0.48" NOx="2.13" PMx="0.13" fuel="2.62" electricity="0.00" noise="73.36" route="routebottom" type="cfm-slow" waiting="0.00" lane="right_0" pos="32.50" speed="28.58" angle="306.06" x="99.54" y="122.14"/>
        <vehicle id="cfm-slow_1" eclass="HBEFA3/PC_G_EU4" CO2="0.00" CO="0.00" HC="0.00" NOx="0.00" PMx="0.00" fuel="0.00" electricity="0.00" noise="72.39" route="routetop" type="cfm-slow" waiting="0.00" lane="top_0" pos="6.15" speed="28.60" angle="263.34" x="50.41" y="130.98"/>
        <vehicle id="cfm-slow_2" eclass="HBEFA3/PC_G_EU4" CO2="0.00" CO="0.00" HC="0.00" NOx="0.00" PMx="0.00" fuel="0.00" electricity="0.00" noise="71.61" route="routetop" type="cfm-slow" waiting="0.00" lane="top_0" pos="29.76" speed="27.85" angle="220.96" x="8.48" y="104.42"/>
        <vehicle id="cfm-slow_3" eclass="HBEFA3/PC_G_EU4" CO2="0.00" CO="0.00" HC="0.00" NOx="0.00" PMx="0.00" fuel="0.00" electricity="0.00" noise="70.94" route="routetop" type="cfm-slow" waiting="0.00" lane="left_0" pos="2.55" speed="26.61" angle="179.93" x="-4.72" y="58.09"/>
        <vehicle id="cfm-slow_4" eclass="HBEFA3/PC_G_EU4" CO2="0.00" CO="0.00" HC="0.00" NOx="0.00" PMx="0.00" fuel="0.00" electricity="0.00" noise="70.59" route="routetop" type="cfm-slow" waiting="0.00" lane="left_0" pos="24.05" speed="25.36" angle="141.19" x="13.72" y="16.63"/>
        <vehicle id="cfm-slow_5" eclass="HBEFA3/PC_G_EU4" CO2="0.00" CO="0.00" HC="0.00" NOx="0.00" PMx="0.00" fuel="0.00" electricity="0.00" noise="71.06" route="routetop" type="cfm-slow" waiting="0.00" lane="left_0" pos="44.29" speed="24.59" angle="104.85" x="51.35" y="-3.83"/>
    </timestep>
    <timestep time="8.94">
        <vehicle id="cfm-fast_0" eclass="HBEFA3/PC_G_EU4" CO2="8717.99" CO="108.24" HC="0.71" NOx="3.46" PMx="0.18" fuel="3.75" electricity="0.00" noise="72.56" route="routebottom" type="cfm-fast" waiting="0.00" lane="bottom_0" pos="14.06" speed="24.59" angle="69.19" x="93.04" y="1.66"/>
        <vehicle id="cfm-fast_1" eclass="HBEFA3/PC_G_EU4" CO2="224063.46" CO="7316.71" HC="39.16" NOx="103.94" PMx="6.99" fuel="96.31" electricity="0.00" noise="129.42" route="routetop" type="cfm-fast" waiting="0.00" lane="top_1" pos="3.46" speed="102.72" angle="268.27" x="56.54" y="128.58"/>
        <vehicle id="cfm-fast_2" eclass="HBEFA3/PC_G_EU4" CO2="12309.63" CO="184.62" HC="1.15" NOx="5.14" PMx="0.28" fuel="5.29" electricity="0.00" noise="74.25" route="routebottom" type="cfm-fast" waiting="0.00" lane="bottom_0" pos="29.68" speed="25.36" angle="41.07" x="118.74" y="22.78"/>
        <vehicle id="cfm-fast_3" eclass="HBEFA3/PC_G_EU4" CO2="13277.71" CO="209.51" HC="1.29" NOx="5.57" PMx="0.31" fuel="5.71" electricity="0.00" noise="74.96" route="routebottom" type="cfm-fast" waiting="0.00" lane="bottom_0" pos="46.13" speed="26.59" angle="11.55" x="131.76" y="55.26"/>
        <vehicle id="cfm-fast_4" eclass="HBEFA3/PC_G_EU4" CO2="109206.69" CO="5321.45" HC="27.25" NOx="49.71" PMx="4.14" fuel="46.94" electricity="0.00" noise="111.57" route="routetop" type="cfm-fast" waiting="0.00" lane="left_1" pos="48.12" speed="107.97" angle="97.92" x="59.78" y="-1.52"/>
        <vehicle id="cfm-fast_5" eclass="HBEFA3/PC_G_EU4" CO2="11051.97" CO="169.85" HC="1.05" NOx="4.49" PMx="0.26" fuel="4.75" electricity="0.00" noise="74.46" route="routebottom" type="cfm-fast" waiting="0.00" lane="right_0" pos="13.85" speed="27.81" angle="339.53" x="125.86" y="92.62"/>
        <vehicle id="cfm-slow_0" eclass="HBEFA3/PC_G_EU4" CO2="6029.21" CO="70.97" HC="0.48" NOx="2.10" PMx="0.13" fuel="2.59" electricity="0.00" noise="73.35" route="routebottom" type="cfm-slow" waiting="0.00" lane="right_0" pos="32.78" speed="28.58" angle="305.52" x="99.01" y="122.45"/>
        <vehicle id="cfm-slow_1" eclass="HBEFA3/PC_G_EU4" CO2="0.00" CO="0.00" HC="0.00" NOx="0.00" PMx="0.00" fuel="0.00" electricity="0.00" noise="72.38" route="routetop" type="cfm-slow" waiting="0.00" lane="top_0" pos="6.44" speed="28.60" angle="262.87" x="49.81" y="130.86"/>
        <vehicle id="cfm-slow_2" eclass="HBEFA3/PC_G_EU4" CO2="0.00" CO="0.00" HC="0.00" NOx="0.00" PMx="0.00" fuel="0.00" electricity="0.00" noise="71.61" route="routetop" type="cfm-slow" waiting="0.00" lane="top_0" pos="30.04" speed="27.84" angle="220.45" x="8.13" y="103.93"/>
        <vehicle id="cfm-slow_3" eclass="HBEFA3/PC_G_EU4" CO2="0.00" CO="0.00" HC="0.00" NOx="0.00" PMx="0.00" fuel="0.00" electricity="0.00" noise="70.94" route="routetop" type="cfm-slow" waiting="0.00" lane="left_0" pos="2.81" speed="26.60" angle="179.45" x="-4.67" y="57.52"/>
        <vehicle id="cfm-slow_4" eclass="HBEFA3/PC_G_EU4" CO2="0.00" CO="0.00" HC="0.00" NOx="0.00" PMx="0.00" fuel="0.00" electricity="0.00" noise="70.59" route="routetop" type="cfm-slow" waiting="0.00" lane="left_0" pos="24.30" speed="25.35" angle="140.76" x="14.09" y="16.23"/>
        <vehicle id="cfm-slow_5" eclass="HBEFA3/PC_G_EU4" CO2="0.00" CO="0.00" HC="0.00" NOx="0.00" PMx="0.00" fuel="0.00" electricity="0.00" noise="71.07" route="routetop" type="cfm-slow" waiting="0.00" lane="left_0" pos="44.54" speed="24.59" angle="104.40" x="51.88" y="-3.93"/>
    </timestep>
    <timestep time="8.95">
        <vehicle id="cfm-fast_0" eclass="HBEFA3/PC_G_EU4" CO2="8752.98" CO="108.98" HC="0.71" NOx="3.48" PMx="0.19" fuel="3.76" electricity="0.00" noise="72.58" route="routebottom" type="cfm-fast" waiting="0.00" lane="bottom_0" pos="14.31" speed="24.60" angle="68.74" x="93.52" y="1.89"/>
        <vehicle id="cfm-fast_1" eclass="HBEFA3/PC_G_EU4" CO2="222996.67" CO="7298.58" HC="39.05" NOx="103.44" PMx="6.96" fuel="95.86" electricity="0.00" noise="129.24" route="routetop" type="cfm-fast" waiting="0.00" lane="top_1" pos="4.49" speed="102.77" angle="266.44" x="54.45" y="128.31"/>
        <vehicle id="cfm-fast_2" eclass="HBEFA3/PC_G_EU4" CO2="12320.62" CO="184.89" HC="1.15" NOx="5.14" PMx="0.28" fuel="5.30" electricity="0.00" noise="74.25" route="routebottom" type="cfm-fast" waiting="0.00" lane="bottom_0" pos="29.93" speed="25.37" angle="40.61" x="119.06" y="23.22"/>
        <vehicle id="cfm-fast_3" eclass="HBEFA3/PC_G_EU4" CO2="13258.37" CO="209.17" HC="1.28" NOx="5.56" PMx="0.31" fuel="5.70" electricity="0.00" noise="74.95" route="routebottom" type="cfm-fast" waiting="0.00" lane="bottom_0" pos="46.39" speed="26.60" angle="11.09" x="131.82" y="55.82"/>
        <vehicle id="cfm-fast_4" eclass="HBEFA3/PC_G_EU4" CO2="108804.98" CO="5313.92" HC="27.21" NOx="49.52" PMx="4.13" fuel="46.77" electricity="0.00" noise="111.51" route="routetop" type="cfm-fast" waiting="0.00" lane="left_1" pos="49.20" speed="107.98" angle="95.97" x="61.99" y="-1.62"/>
        <vehicle id="cfm-fast_5" eclass="HBEFA3/PC_G_EU4" CO2="11004.70" CO="168.92" HC="1.05" NOx="4.47" PMx="0.25" fuel="4.73" electricity="0.00" noise="74.45" route="routebottom" type="cfm-fast" waiting="0.00" lane="right_0" pos="14.13" speed="27.82" angle="339.08" x="125.61" y="93.16"/>
        <vehicle id="cfm-slow_0" eclass="HBEFA3/PC_G_EU4" CO2="5972.17" CO="69.80" HC="0.47" NOx="2.08" PMx="0.13" fuel="2.57" electricity="0.00" noise="73.34" route="routebottom" type="cfm-slow" waiting="0.00" lane="right_0" pos="33.07" speed="28.58" angle="304.97" x="98.48" y="122.77"/>
        <vehicle id="cfm-slow_1" eclass="HBEFA3/PC_G_EU4" CO2="0.00" CO="0.00" HC="0.00" NOx="0.00" PMx="0.00" fuel="0.00" electricity="0.00" noise="72.37" route="routetop" type="cfm-slow" waiting="0.00" lane="top_0" pos="6.73" speed="28.59" angle="262.33" x="49.21" y="130.73"/>
        <vehicle id="cfm-slow_2" eclass="HBEFA3/PC_G_EU4" CO2="0.00" CO="0.00" HC="0.00" NOx="0.00" PMx="0.00" fuel="0.00" electricity="0.00" noise="71.60" route="routetop" type="cfm-slow" waiting="0.00" lane="top_0" pos="30.32" speed="27.83" angle="219.93" x="7.78" y="103.45"/>
        <vehicle id="cfm-slow_3" eclass="HBEFA3/PC_G_EU4" CO2="0.00" CO="0.00" HC="0.00" NOx="0.00" PMx="0.00" fuel="0.00" electricity="0.00" noise="70.93" route="routetop" type="cfm-slow" waiting="0.00" lane="left_0" pos="3.08" speed="26.58" angle="178.97" x="-4.61" y="56.96"/>
        <vehicle id="cfm-slow_4" eclass="HBEFA3/PC_G_EU4" CO2="0.00" CO="0.00" HC="0.00" NOx="0.00" PMx="0.00" fuel="0.00" electricity="0.00" noise="70.60" route="routetop" type="cfm-slow" waiting="0.00" lane="left_0" pos="24.55" speed="25.34" angle="140.33" x="14.47" y="15.84"/>
        <vehicle id="cfm-slow_5" eclass="HBEFA3/PC_G_EU4" CO2="0.00" CO="0.00" HC="0.00" NOx="0.00" PMx="0.00" fuel="0.00" electricity="0.00" noise="71.09" route="routetop" type="cfm-slow" waiting="0.00" lane="left_0" pos="44.78" speed="24.59" angle="103.95" x="52.40" y="-4.02"/>
    </timestep>
    <timestep time="8.96">
        <vehicle id="cfm-fast_0" eclass="HBEFA3/PC_G_EU4" CO2="8787.75" CO="109.72" HC="0.72" NOx="3.49" PMx="0.19" fuel="3.78" electricity="0.00" noise="72.59" route="routebottom" type="cfm-fast" waiting="0.00" lane="bottom_0" pos="14.56" speed="24.61" angle="68.28" x="93.99" y="2.13"/>
        <vehicle id="cfm-fast_1" eclass="HBEFA3/PC_G_EU4" CO2="221934.79" CO="7280.53" HC="38.94" NOx="102.94" PMx="6.94" fuel="95.40" electricity="0.00" noise="129.07" route="routetop" type="cfm-fast" waiting="0.00" lane="top_1" pos="5.52" speed="102.83" angle="264.58" x="52.37" y="127.98"/>
        <vehicle id="cfm-fast_2" eclass="HBEFA3/PC_G_EU4" CO2="12331.34" CO="185.15" HC="1.15" NOx="5.15" PMx="0.28" fuel="5.30" electricity="0.00" noise="74.26" route="routebottom" type="cfm-fast" waiting="0.00" lane="bottom_0" pos="30.19" speed="25.38" angle="40.14" x="119.38" y="23.66"/>
        <vehicle id="cfm-fast_3" eclass="HBEFA3/PC_G_EU4" CO2="13238.77" CO="208.82" HC="1.28" NOx="5.55" PMx="0.31" fuel="5.69" electricity="0.00" noise="74.95" route="routebottom" type="cfm-fast" waiting="0.00" lane="bottom_0" pos="46.66" speed="26.61" angle="10.61" x="131.88" y="56.39"/>
        <vehicle id="cfm-fast_4" eclass="HBEFA3/PC_G_EU4" CO2="108410.58" CO="5306.53" HC="27.17" NOx="49.34" PMx="4.12" fuel="46.60" electricity="0.00" noise="111.45" route="routebottom" type="cfm-fast" waiting="0.00" lane="bottom_1" pos="0.28" speed="107.99" angle="93.98" x="64.27" y="-1.64"/>
        <vehicle id="cfm-fast_5" eclass="HBEFA3/PC_G_EU4" CO2="10957.30" CO="167.99" HC="1.04" NOx="4.44" PMx="0.25" fuel="4.71" electricity="0.00" noise="74.44" route="routebottom" type="cfm-fast" waiting="0.00" lane="right_0" pos="14.40" speed="27.82" angle="338.55" x="125.35" y="93.70"/>
        <vehicle id="cfm-slow_0" eclass="HBEFA3/PC_G_EU4" CO2="5915.26" CO="68.63" HC="0.46" NOx="2.05" PMx="0.12" fuel="2.54" electricity="0.00" noise="73.33" route="routebottom" type="cfm-slow" waiting="0.00" lane="right_0" pos="33.36" speed="28.58" angle="304.49" x="97.95" y="123.08"/>
        <vehicle id="cfm-slow_1" eclass="HBEFA3/PC_G_EU4" CO2="0.00" CO="0.00" HC="0.00" NOx="0.00" PMx="0.00" fuel="0.00" electricity="0.00" noise="72.36" route="routetop" type="cfm-slow" waiting="0.00" lane="top_0" pos="7.01" speed="28.58" angle="261.79" x="48.61" y="130.59"/>
        <vehicle id="cfm-slow_2" eclass="HBEFA3/PC_G_EU4" CO2="0.00" CO="0.00" HC="0.00" NOx="0.00" PMx="0.00" fuel="0.00" electricity="0.00" noise="71.59" route="routetop" type="cfm-slow" waiting="0.00" lane="top_0" pos="30.60" speed="27.82" angle="219.41" x="7.43" y="102.96"/>
        <vehicle id="cfm-slow_3" eclass="HBEFA3/PC_G_EU4" CO2="0.00" CO="0.00" HC="0.00" NOx="0.00" PMx="0.00" fuel="0.00" electricity="0.00" noise="70.93" route="routetop" type="cfm-slow" waiting="0.00" lane="left_0" pos="3.34" speed="26.57" angle="178.50" x="-4.55" y="56.39"/>
        <vehicle id="cfm-slow_4" eclass="HBEFA3/PC_G_EU4" CO2="0.00" CO="0.00" HC="0.00" NOx="0.00" PMx="0.00" fuel="0.00" electricity="0.00" noise="70.60" route="routetop" type="cfm-slow" waiting="0.00" lane="left_0" pos="24.81" speed="25.33" angle="139.86" x="14.86" y="15.45"/>
        <vehicle id="cfm-slow_5" eclass="HBEFA3/PC_G_EU4" CO2="0.00" CO="0.00" HC="0.00" NOx="0.00" PMx="0.00" fuel="0.00" electricity="0.00" noise="71.10" route="routetop" type="cfm-slow" waiting="0.00" lane="left_0" pos="45.03" speed="24.59" angle="103.55" x="52.92" y="-4.11"/>
    </timestep>
    <timestep time="8.97">
        <vehicle id="cfm-fast_0" eclass="HBEFA3/PC_G_EU4" CO2="8822.30" CO="110.45" HC="0.72" NOx="3.51" PMx="0.19" fuel="3.79" electricity="0.00" noise="72.61" route="routebottom" type="cfm-fast" waiting="0.00" lane="bottom_0" pos="14.80" speed="24.62" angle="67.82" x="94.46" y="2.36"/>
        <vehicle id="cfm-fast_1" eclass="HBEFA3/PC_G_EU4" CO2="220877.88" CO="7262.55" HC="38.84" NOx="102.44" PMx="6.91" fuel="94.95" electricity="0.00" noise="128.89" route="routetop" type="cfm-fast" waiting="0.00" lane="top_1" pos="6.55" speed="102.89" angle="262.73" x="50.30" y="127.59"/>
        <vehicle id="cfm-fast_2" eclass="HBEFA3/PC_G_EU4" CO2="12341.78" CO="185.41" HC="1.15" NOx="5.15" PMx="0.28" fuel="5.31" electricity="0.00" noise="74.27" route="routebottom" type="cfm-fast" waiting="0.00" lane="bottom_0" pos="30.44" speed="25.39" angle="39.68" x="119.70" y="24.10"/>
        <vehicle id="cfm-fast_3" eclass="HBEFA3/PC_G_EU4" CO2="13218.90" CO="208.47" HC="1.28" NOx="5.54" PMx="0.31" fuel="5.68" electricity="0.00" noise="74.94" route="routebottom" type="cfm-fast" waiting="0.00" lane="bottom_0" pos="46.92" speed="26.63" angle="10.12" x="131.94" y="56.96"/>
        <vehicle id="cfm-fast_4" eclass="HBEFA3/PC_G_EU4" CO2="108023.36" CO="5299.27" HC="27.12" NOx="49.15" PMx="4.11" fuel="46.44" electricity="0.00" noise="111.39" route="routebottom" type="cfm-fast" waiting="0.00" lane="bottom_1" pos="1.36" speed="108.00" angle="92.05" x="66.48" y="-1.59"/>
        <vehicle id="cfm-fast_5" eclass="HBEFA3/PC_G_EU4" CO2="10909.80" CO="167.06" HC="1.03" NOx="4.42" PMx="0.25" fuel="4.69" electricity="0.00" noise="74.42" route="routebottom" type="cfm-fast" waiting="0.00" lane="right_0" pos="14.68" speed="27.83" angle="338.02" x="125.08" y="94.23"/>
        <vehicle id="cfm-slow_0" eclass="HBEFA3/PC_G_EU4" CO2="5858.47" CO="67.47" HC="0.46" NOx="2.02" PMx="0.12" fuel="2.52" electricity="0.00" noise="73.32" route="routebottom" type="cfm-slow" waiting="0.00" lane="right_0" pos="33.64" speed="28.58" angle="303.97" x="97.41" y="123.38"/>
        <vehicle id="cfm-slow_1" eclass="HBEFA3/PC_G_EU4" CO2="0.00" CO="0.00" HC="0.00" NOx="0.00" PMx="0.00" fuel="0.00" electricity="0.00" noise="72.35" route="routetop" type="cfm-slow" waiting="0.00" lane="top_0" pos="7.30" speed="28.57" angle="261.26" x="48.01" y="130.45"/>
        <vehicle id="cfm-slow_2" eclass="HBEFA3/PC_G_EU4" CO2="0.00" CO="0.00" HC="0.00" NOx="0.00" PMx="0.00" fuel="0.00" electricity="0.00" noise="71.59" route="routetop" type="cfm-slow" waiting="0.00" lane="top_0" pos="30.87" speed="27.81" angle="218.96" x="7.09" y="102.47"/>
        <vehicle id="cfm-slow_3" eclass="HBEFA3/PC_G_EU4" CO2="0.00" CO="0.00" HC="0.00" NOx="0.00" PMx="0.00" fuel="0.00" electricity="0.00" noise="70.93" route="routetop" type="cfm-slow" waiting="0.00" lane="left_0" pos="3.61" speed="26.56" angle="178.02" x="-4.49" y="55.82"/>
        <vehicle id="cfm-slow_4" eclass="HBEFA3/PC_G_EU4" CO2="0.00" CO="0.00" HC="0.00" NOx="0.00" PMx="0.00" fuel="0.00" electricity="0.00" noise="70.60" route="routetop" type="cfm-slow" waiting="0.00" lane="left_0" pos="25.06" speed="25.32" angle="139.40" x="15.24" y="15.07"/>
        <vehicle id="cfm-slow_5" eclass="HBEFA3/PC_G_EU4" CO2="0.00" CO="0.00" HC="0.00" NOx="0.00" PMx="0.00" fuel="0.00" electricity="0.00" noise="71.11" route="routetop" type="cfm-slow" waiting="0.00" lane="left_0" pos="45.27" speed="24.58" angle="103.10" x="53.44" y="-4.18"/>
    </timestep>
    <timestep time="8.98">
        <vehicle id="cfm-fast_0" eclass="HBEFA3/PC_G_EU4" CO2="8856.63" CO="111.18" HC="0.73" NOx="3.52" PMx="0.19" fuel="3.81" electricity="0.00" noise="72.62" route="routebottom" type="cfm-fast" waiting="0.00" lane="bottom_0" pos="15.05" speed="24.62" angle="67.36" x="94.94" y="2.60"/>
        <vehicle id="cfm-fast_1" eclass="HBEFA3/PC_G_EU4" CO2="219825.96" CO="7244.65" HC="38.73" NOx="101.94" PMx="6.88" fuel="94.49" electricity="0.00" noise="128.72" route="routetop" type="cfm-fast" waiting="0.00" lane="top_1" pos="7.58" speed="102.94" angle="260.76" x="48.24" y="127.12"/>
        <vehicle id="cfm-fast_2" eclass="HBEFA3/PC_G_EU4" CO2="12351.95" CO="185.66" HC="1.15" NOx="5.16" PMx="0.28" fuel="5.31" electricity="0.00" noise="74.28" route="routebottom" type="cfm-fast" waiting="0.00" lane="bottom_0" pos="30.70" speed="25.40" angle="39.24" x="120.02" y="24.55"/>
        <vehicle id="cfm-fast_3" eclass="HBEFA3/PC_G_EU4" CO2="13198.76" CO="208.11" HC="1.28" NOx="5.53" PMx="0.31" fuel="5.67" electricity="0.00" noise="74.94" route="routebottom" type="cfm-fast" waiting="0.00" lane="bottom_0" pos="47.19" speed="26.64" angle="9.63" x="132.00" y="57.53"/>
        <vehicle id="cfm-fast_4" eclass="HBEFA3/PC_G_EU4" CO2="107643.18" CO="5292.15" HC="27.08" NOx="48.97" PMx="4.10" fuel="46.27" electricity="0.00" noise="111.33" route="routebottom" type="cfm-fast" waiting="0.00" lane="bottom_1" pos="2.44" speed="108.01" angle="90.09" x="68.69" y="-1.45"/>
        <vehicle id="cfm-fast_5" eclass="HBEFA3/PC_G_EU4" CO2="10862.18" CO="166.12" HC="1.03" NOx="4.40" PMx="0.25" fuel="4.67" electricity="0.00" noise="74.41" route="routebottom" type="cfm-fast" waiting="0.00" lane="right_0" pos="14.96" speed="27.84" angle="337.49" x="124.81" y="94.77"/>
        <vehicle id="cfm-slow_0" eclass="HBEFA3/PC_G_EU4" CO2="5801.82" CO="66.31" HC="0.45" NOx="1.99" PMx="0.12" fuel="2.49" electricity="0.00" noise="73.30" route="routebottom" type="cfm-slow" waiting="0.00" lane="right_0" pos="33.93" speed="28.58" angle="303.45" x="96.88" y="123.68"/>
        <vehicle id="cfm-slow_1" eclass="HBEFA3/PC_G_EU4" CO2="0.00" CO="0.00" HC="0.00" NOx="0.00" PMx="0.00" fuel="0.00" electricity="0.00" noise="72.35" route="routetop" type="cfm-slow" waiting="0.00" lane="top_0" pos="7.58" speed="28.57" angle="260.75" x="47.41" y="130.32"/>
        <vehicle id="cfm-slow_2" eclass="HBEFA3/PC_G_EU4" CO2="0.00" CO="0.00" HC="0.00" NOx="0.00" PMx="0.00" fuel="0.00" electricity="0.00" noise="71.58" route="routetop" type="cfm-slow" waiting="0.00" lane="top_0" pos="31.15" speed="27.79" angle="218.46" x="6.76" y="101.97"/>
        <vehicle id="cfm-slow_3" eclass="HBEFA3/PC_G_EU4" CO2="0.00" CO="0.00" HC="0.00" NOx="0.00" PMx="0.00" fuel="0.00" electricity="0.00" noise="70.92" route="routetop" type="cfm-slow" waiting="0.00" lane="left_0" pos="3.88" speed="26.55" angle="177.56" x="-4.43" y="55.25"/>
        <vehicle id="cfm-slow_4" eclass="HBEFA3/PC_G_EU4" CO2="0.00" CO="0.00" HC="0.00" NOx="0.00" PMx="0.00" fuel="0.00" electricity="0.00" noise="70.60" route="routetop" type="cfm-slow" waiting="0.00" lane="left_0" pos="25.31" speed="25.32" angle="138.93" x="15.63" y="14.68"/>
        <vehicle id="cfm-slow_5" eclass="HBEFA3/PC_G_EU4" CO2="0.00" CO="0.00" HC="0.00" NOx="0.00" PMx="0.00" fuel="0.00" electricity="0.00" noise="71.12" route="routetop" type="cfm-slow" waiting="0.00" lane="left_0" pos="45.52" speed="24.58" angle="102.64" x="53.97" y="-4.25"/>
    </timestep>
    <timestep time="8.99">
        <vehicle id="cfm-fast_0" eclass="HBEFA3/PC_G_EU4" CO2="8890.74" CO="111.90" HC="0.73" NOx="3.54" PMx="0.19" fuel="3.82" electricity="0.00" noise="72.64" route="routebottom" type="cfm-fast" waiting="0.00" lane="bottom_0" pos="15.30" speed="24.63" angle="66.93" x="95.41" y="2.84"/>
        <vehicle id="cfm-fast_1" eclass="HBEFA3/PC_G_EU4" CO2="218779.08" CO="7226.82" HC="38.62" NOx="101.44" PMx="6.86" fuel="94.04" electricity="0.00" noise="128.55" route="routetop" type="cfm-fast" waiting="0.00" lane="top_1" pos="8.61" speed="103.00" angle="258.96" x="46.20" y="126.59"/>
        <vehicle id="cfm-fast_2" eclass="HBEFA3/PC_G_EU4" CO2="12361.83" CO="185.90" HC="1.15" NOx="5.16" PMx="0.28" fuel="5.31" electricity="0.00" noise="74.28" route="routebottom" type="cfm-fast" waiting="0.00" lane="bottom_0" pos="30.95" speed="25.42" angle="38.81" x="120.33" y="25.00"/>
        <vehicle id="cfm-fast_3" eclass="HBEFA3/PC_G_EU4" CO2="13178.36" CO="207.74" HC="1.28" NOx="5.52" PMx="0.31" fuel="5.66" electricity="0.00" noise="74.93" route="routebottom" type="cfm-fast" waiting="0.00" lane="bottom_0" pos="47.46" speed="26.65" angle="9.20" x="132.06" y="58.10"/>
        <vehicle id="cfm-fast_4" eclass="HBEFA3/PC_G_EU4" CO2="107269.91" CO="5285.17" HC="27.04" NOx="48.80" PMx="4.09" fuel="46.11" electricity="0.00" noise="111.28" route="routebottom" type="cfm-fast" waiting="0.00" lane="bottom_1" pos="3.52" speed="108.02" angle="88.16" x="70.90" y="-1.24"/>
        <vehicle id="cfm-fast_5" eclass="HBEFA3/PC_G_EU4" CO2="10814.45" CO="165.18" HC="1.02" NOx="4.38" PMx="0.25" fuel="4.65" electricity="0.00" noise="74.40" route="routebottom" type="cfm-fast" waiting="0.00" lane="right_0" pos="15.24" speed="27.85" angle="336.96" x="124.54" y="95.30"/>
        <vehicle id="cfm-slow_0" eclass="HBEFA3/PC_G_EU4" CO2="5745.30" CO="65.15" HC="0.44" NOx="1.97" PMx="0.12" fuel="2.47" electricity="0.00" noise="73.29" route="routebottom" type="cfm-slow" waiting="0.00" lane="right_0" pos="34.21" speed="28.58" angle="302.94" x="96.34" y="123.98"/>
        <vehicle id="cfm-slow_1" eclass="HBEFA3/PC_G_EU4" CO2="0.00" CO="0.00" HC="0.00" NOx="0.00" PMx="0.00" fuel="0.00" electricity="0.00" noise="72.34" route="routetop" type="cfm-slow" waiting="0.00" lane="top_0" pos="7.87" speed="28.56" angle="260.26" x="46.82" y="130.17"/>
        <vehicle id="cfm-slow_2" eclass="HBEFA3/PC_G_EU4" CO2="0.00" CO="0.00" HC="0.00" NOx="0.00" PMx="0.00" fuel="0.00" electricity="0.00" noise="71.57" route="routetop" type="cfm-slow" waiting="0.00" lane="top_0" pos="31.43" speed="27.78" angle="217.96" x="6.42" y="101.47"/>
        <vehicle id="cfm-slow_3" eclass="HBEFA3/PC_G_EU4" CO2="0.00" CO="0.00" HC="0.00" NOx="0.00" PMx="0.00" fuel="0.00" electricity="0.00" noise="70.92" route="routetop" type="cfm-slow" waiting="0.00" lane="left_0" pos="4.14" speed="26.54" angle="177.08" x="-4.35" y="54.69"/>
        <vehicle id="cfm-slow_4" eclass="HBEFA3/PC_G_EU4" CO2="0.00" CO="0.00" HC="0.00" NOx="0.00" PMx="0.00" fuel="0.00" electricity="0.00" noise="70.61" route="routetop" type="cfm-slow" waiting="0.00" lane="left_0" pos="25.56" speed="25.31" angle="138.50" x="16.01" y="14.30"/>
        <vehicle id="cfm-slow_5" eclass="HBEFA3/PC_G_EU4" CO2="0.00" CO="0.00" HC="0.00" NOx="0.00" PMx="0.00" fuel="0.00" electricity="0.00" noise="71.13" route="routetop" type="cfm-slow" waiting="0.00" lane="left_0" pos="45.77" speed="24.58" angle="102.19" x="54.49" y="-4.32"/>
    </timestep>
    <timestep time="9.00">
        <vehicle id="cfm-fast_0" eclass="HBEFA3/PC_G_EU4" CO2="8924.63" CO="112.62" HC="0.73" NOx="3.56" PMx="0.19" fuel="3.84" electricity="0.00" noise="72.66" route="routebottom" type="cfm-fast" waiting="0.00" lane="bottom_0" pos="15.54" speed="24.64" angle="66.51" x="95.88" y="3.09"/>
        <vehicle id="cfm-fast_1" eclass="HBEFA3/PC_G_EU4" CO2="217737.27" CO="7209.06" HC="38.52" NOx="100.95" PMx="6.83" fuel="93.60" electricity="0.00" noise="128.38" route="routetop" type="cfm-fast" waiting="0.00" lane="top_1" pos="9.64" speed="103.05" angle="257.15" x="44.17" y="125.99"/>
        <vehicle id="cfm-fast_2" eclass="HBEFA3/PC_G_EU4" CO2="12371.43" CO="186.15" HC="1.16" NOx="5.16" PMx="0.28" fuel="5.32" electricity="0.00" noise="74.29" route="routebottom" type="cfm-fast" waiting="0.00" lane="bottom_0" pos="31.20" speed="25.43" angle="38.35" x="120.64" y="25.45"/>
        <vehicle id="cfm-fast_3" eclass="HBEFA3/PC_G_EU4" CO2="13157.69" CO="207.37" HC="1.27" NOx="5.51" PMx="0.31" fuel="5.66" electricity="0.00" noise="74.93" route="routebottom" type="cfm-fast" waiting="0.00" lane="bottom_0" pos="47.72" speed="26.66" angle="8.71" x="132.09" y="58.68"/>
        <vehicle id="cfm-fast_4" eclass="HBEFA3/PC_G_EU4" CO2="106903.41" CO="5278.31" HC="27.00" NOx="48.63" PMx="4.08" fuel="45.95" electricity="0.00" noise="111.22" route="routebottom" type="cfm-fast" waiting="0.00" lane="bottom_1" pos="4.60" speed="108.03" angle="86.24" x="73.09" y="-0.96"/>
        <vehicle id="cfm-fast_5" eclass="HBEFA3/PC_G_EU4" CO2="10766.61" CO="164.24" HC="1.02" NOx="4.35" PMx="0.25" fuel="4.63" electricity="0.00" noise="74.38" route="routebottom" type="cfm-fast" waiting="0.00" lane="right_0" pos="15.52" speed="27.86" angle="336.52" x="124.26" y="95.83"/>
        <vehicle id="cfm-slow_0" eclass="HBEFA3/PC_G_EU4" CO2="5688.92" CO="63.99" HC="0.44" NOx="1.94" PMx="0.12" fuel="2.45" electricity="0.00" noise="73.28" route="routebottom" type="cfm-slow" waiting="0.00" lane="right_0" pos="34.50" speed="28.58" angle="302.42" x="95.80" y="124.28"/>
        <vehicle id="cfm-slow_1" eclass="HBEFA3/PC_G_EU4" CO2="0.00" CO="0.00" HC="0.00" NOx="0.00" PMx="0.00" fuel="0.00" electricity="0.00" noise="72.33" route="routetop" type="cfm-slow" waiting="0.00" lane="top_0" pos="8.15" speed="28.55" angle="259.74" x="46.22" y="130.01"/>
        <vehicle id="cfm-slow_2" eclass="HBEFA3/PC_G_EU4" CO2="0.00" CO="0.00" HC="0.00" NOx="0.00" PMx="0.00" fuel="0.00" electricity="0.00" noise="71.57" route="routetop" type="cfm-slow" waiting="0.00" lane="top_0" pos="31.71" speed="27.77" angle="217.46" x="6.09" y="100.98"/>
        <vehicle id="cfm-slow_3" eclass="HBEFA3/PC_G_EU4" CO2="0.00" CO="0.00" HC="0.00" NOx="0.00" PMx="0.00" fuel="0.00" electricity="0.00" noise="70.91" route="routetop" type="cfm-slow" waiting="0.00" lane="left_0" pos="4.41" speed="26.52" angle="176.60" x="-4.27" y="54.12"/>
        <vehicle id="cfm-slow_4" eclass="HBEFA3/PC_G_EU4" CO2="0.00" CO="0.00" HC="0.00" NOx="0.00" PMx="0.00" fuel="0.00" electricity="0.00" noise="70.61" route="routetop" type="cfm-slow" waiting="0.00" lane="left_0" pos="25.82" speed="25.30" angle="138.06" x="16.41" y="13.92"/>
        <vehicle id="cfm-slow_5" eclass="HBEFA3/PC_G_EU4" CO2="0.00" CO="0.00" HC="0.00" NOx="0.00" PMx="0.00" fuel="0.00" electricity="0.00" noise="71.14" route="routetop" type="cfm-slow" waiting="0.00" lane="left_0" pos="46.01" speed="24.58" angle="101.73" x="55.01" y="-4.40"/>
    </timestep>
    <timestep time="9.01">
        <vehicle id="cfm-fast_0" eclass="HBEFA3/PC_G_EU4" CO2="8958.30" CO="113.33" HC="0.74" NOx="3.57" PMx="0.19" fuel="3.85" electricity="0.00" noise="72.67" route="routebottom" type="cfm-fast" waiting="0.00" lane="bottom_0" pos="15.79" speed="24.65" angle="66.06" x="96.34" y="3.34"/>
        <vehicle id="cfm-fast_1" eclass="HBEFA3/PC_G_EU4" CO2="216700.56" CO="7191.39" HC="38.41" NOx="100.46" PMx="6.81" fuel="93.15" electricity="0.00" noise="128.21" route="routetop" type="cfm-fast" waiting="0.00" lane="top_1" pos="10.67" speed="103.10" angle="255.27" x="42.17" y="125.32"/>
        <vehicle id="cfm-fast_2" eclass="HBEFA3/PC_G_EU4" CO2="12380.76" CO="186.38" HC="1.16" NOx="5.17" PMx="0.28" fuel="5.32" electricity="0.00" noise="74.30" route="routebottom" type="cfm-fast" waiting="0.00" lane="bottom_0" pos="31.46" speed="25.44" angle="37.90" x="120.94" y="25.91"/>
        <vehicle id="cfm-fast_3" eclass="HBEFA3/PC_G_EU4" CO2="13136.77" CO="207.00" HC="1.27" NOx="5.50" PMx="0.31" fuel="5.65" electricity="0.00" noise="74.92" route="routebottom" type="cfm-fast" waiting="0.00" lane="bottom_0" pos="47.99" speed="26.67" angle="8.20" x="132.12" y="59.25"/>
        <vehicle id="cfm-fast_4" eclass="HBEFA3/PC_G_EU4" CO2="106543.56" CO="5271.58" HC="26.96" NOx="48.46" PMx="4.07" fuel="45.80" electricity="0.00" noise="111.17" route="routebottom" type="cfm-fast" waiting="0.00" lane="bottom_1" pos="5.68" speed="108.04" angle="84.26" x="75.28" y="-0.60"/>
        <vehicle id="cfm-fast_5" eclass="HBEFA3/PC_G_EU4" CO2="10718.67" CO="163.30" HC="1.01" NOx="4.33" PMx="0.25" fuel="4.61" electricity="0.00" noise="74.37" route="routebottom" type="cfm-fast" waiting="0.00" lane="right_0" pos="15.80" speed="27.86" angle="336.01" x="123.97" y="96.36"/>
        <vehicle id="cfm-slow_0" eclass="HBEFA3/PC_G_EU4" CO2="5632.67" CO="62.83" HC="0.43" NOx="1.92" PMx="0.12" fuel="2.42" electricity="0.00" noise="73.27" route="routebottom" type="cfm-slow" waiting="0.00" lane="right_0" pos="34.78" speed="28.58" angle="301.96" x="95.26" y="124.56"/>
        <vehicle id="cfm-slow_1" eclass="HBEFA3/PC_G_EU4" CO2="0.00" CO="0.00" HC="0.00" NOx="0.00" PMx="0.00" fuel="0.00" electricity="0.00" noise="72.32" route="routetop" type="cfm-slow" waiting="0.00" lane="top_0" pos="8.44" speed="28.55" angle="259.22" x="45.63" y="129.85"/>
        <vehicle id="cfm-slow_2" eclass="HBEFA3/PC_G_EU4" CO2="0.00" CO="0.00" HC="0.00" NOx="0.00" PMx="0.00" fuel="0.00" electricity="0.00" noise="71.56" route="routetop" type="cfm-slow" waiting="0.00" lane="top_0" pos="31.99" speed="27.76" angle="216.98" x="5.76" y="100.48"/>
        <vehicle id="cfm-slow_3" eclass="HBEFA3/PC_G_EU4" CO2="0.00" CO="0.00" HC="0.00" NOx="0.00" PMx="0.00" fuel="0.00" electricity="0.00" noise="70.91" route="routetop" type="cfm-slow" waiting="0.00" lane="left_0" pos="4.67" speed="26.51" angle="176.12" x="-4.19" y="53.55"/>
        <vehicle id="cfm-slow_4" eclass="HBEFA3/PC_G_EU4" CO2="0.00" CO="0.00" HC="0.00" NOx="0.00" PMx="0.00" fuel="0.00" electricity="0.00" noise="70.61" route="routetop" type="cfm-slow" waiting="0.00" lane="left_0" pos="26.07" speed="25.29" angle="137.59" x="16.81" y="13.55"/>
        <vehicle id="cfm-slow_5" eclass="HBEFA3/PC_G_EU4" CO2="0.00" CO="0.00" HC="0.00" NOx="0.00" PMx="0.00" fuel="0.00" electricity="0.00" noise="71.15" route="routetop" type="cfm-slow" waiting="0.00" lane="left_0" pos="46.26" speed="24.58" angle="101.34" x="55.54" y="-4.46"/>
    </timestep>
    <timestep time="9.02">
        <vehicle id="cfm-fast_0" eclass="HBEFA3/PC_G_EU4" CO2="8991.75" CO="114.04" HC="0.74" NOx="3.59" PMx="0.19" fuel="3.87" electricity="0.00" noise="72.69" route="routebottom" type="cfm-fast" waiting="0.00" lane="bottom_0" pos="16.03" speed="24.65" angle="65.60" x="96.81" y="3.60"/>
        <vehicle id="cfm-fast_1" eclass="HBEFA3/PC_G_EU4" CO2="215668.99" CO="7173.79" HC="38.30" NOx="99.98" PMx="6.78" fuel="92.71" electricity="0.00" noise="128.04" route="routetop" type="cfm-fast" waiting="0.00" lane="top_1" pos="11.70" speed="103.16" angle="253.37" x="40.18" y="124.59"/>
        <vehicle id="cfm-fast_2" eclass="HBEFA3/PC_G_EU4" CO2="12389.81" CO="186.61" HC="1.16" NOx="5.17" PMx="0.28" fuel="5.33" electricity="0.00" noise="74.30" route="routebottom" type="cfm-fast" waiting="0.00" lane="bottom_0" pos="31.71" speed="25.45" angle="37.44" x="121.25" y="26.36"/>
        <vehicle id="cfm-fast_3" eclass="HBEFA3/PC_G_EU4" CO2="13115.58" CO="206.62" HC="1.27" NOx="5.49" PMx="0.31" fuel="5.64" electricity="0.00" noise="74.92" route="routebottom" type="cfm-fast" waiting="0.00" lane="bottom_0" pos="48.26" speed="26.69" angle="7.70" x="132.16" y="59.82"/>
        <vehicle id="cfm-fast_4" eclass="HBEFA3/PC_G_EU4" CO2="106190.24" CO="5264.97" HC="26.92" NOx="48.29" PMx="4.06" fuel="45.65" electricity="0.00" noise="111.12" route="routebottom" type="cfm-fast" waiting="0.00" lane="bottom_1" pos="6.76" speed="108.05" angle="82.30" x="77.45" y="-0.17"/>
        <vehicle id="cfm-fast_5" eclass="HBEFA3/PC_G_EU4" CO2="10670.62" CO="162.35" HC="1.01" NOx="4.31" PMx="0.25" fuel="4.59" electricity="0.00" noise="74.36" route="routebottom" type="cfm-fast" waiting="0.00" lane="right_0" pos="16.08" speed="27.87" angle="335.51" x="123.68" y="96.88"/>
        <vehicle id="cfm-slow_0" eclass="HBEFA3/PC_G_EU4" CO2="5576.57" CO="61.68" HC="0.42" NOx="1.89" PMx="0.12" fuel="2.40" electricity="0.00" noise="73.26" route="routebottom" type="cfm-slow" waiting="0.00" lane="right_0" pos="35.07" speed="28.58" angle="301.44" x="94.71" y="124.84"/>
        <vehicle id="cfm-slow_1" eclass="HBEFA3/PC_G_EU4" CO2="0.00" CO="0.00" HC="0.00" NOx="0.00" PMx="0.00" fuel="0.00" electricity="0.00" noise="72.31" route="routetop" type="cfm-slow" waiting="0.00" lane="top_0" pos="8.72" speed="28.54" angle="258.69" x="45.04" y="129.69"/>
        <vehicle id="cfm-slow_2" eclass="HBEFA3/PC_G_EU4" CO2="0.00" CO="0.00" HC="0.00" NOx="0.00" PMx="0.00" fuel="0.00" electricity="0.00" noise="71.55" route="routetop" type="cfm-slow" waiting="0.00" lane="top_0" pos="32.26" speed="27.75" angle="216.50" x="5.45" y="99.97"/>
        <vehicle id="cfm-slow_3" eclass="HBEFA3/PC_G_EU4" CO2="0.00" CO="0.00" HC="0.00" NOx="0.00" PMx="0.00" fuel="0.00" electricity="0.00" noise="70.91" route="routetop" type="cfm-slow" waiting="0.00" lane="left_0" pos="4.94" speed="26.50" angle="175.64" x="-4.12" y="52.99"/>
        <vehicle id="cfm-slow_4" eclass="HBEFA3/PC_G_EU4" CO2="0.00" CO="0.00" HC="0.00" NOx="0.00" PMx="0.00" fuel="0.00" electricity="0.00" noise="70.61" route="routetop" type="cfm-slow" waiting="0.00" lane="left_0" pos="26.32" speed="25.29" angle="137.13" x="17.21" y="13.18"/>
        <vehicle id="cfm-slow_5" eclass="HBEFA3/PC_G_EU4" CO2="4218.44" CO="15.57" HC="0.18" NOx="1.34" PMx="0.07" fuel="1.81" electricity="0.00" noise="71.17" route="routetop" type="cfm-slow" waiting="0.00" lane="left_0" pos="46.50" speed="24.58" angle="100.89" x="56.06" y="-4.52"/>
    </timestep>
    <timestep time="9.03">
        <vehicle id="cfm-fast_0" eclass="HBEFA3/PC_G_EU4" CO2="9024.98" CO="114.75" HC="0.75" NOx="3.60" PMx="0.19" fuel="3.88" electricity="0.00" noise="72.70" route="routebottom" type="cfm-fast" waiting="0.00" lane="bottom_0" pos="16.28" speed="24.66" angle="65.14" x="97.27" y="3.86"/>
        <vehicle id="cfm-fast_1" eclass="HBEFA3/PC_G_EU4" CO2="214642.59" CO="7156.27" HC="38.20" NOx="99.49" PMx="6.76" fuel="92.27" electricity="0.00" noise="127.87" route="routetop" type="cfm-fast" waiting="0.00" lane="top_1" pos="12.73" speed="103.21" angle="251.58" x="38.22" y="123.81"/>
        <vehicle id="cfm-fast_2" eclass="HBEFA3/PC_G_EU4" CO2="12398.58" CO="186.83" HC="1.16" NOx="5.18" PMx="0.28" fuel="5.33" electricity="0.00" noise="74.31" route="routebottom" type="cfm-fast" waiting="0.00" lane="bottom_0" pos="31.97" speed="25.46" angle="37.00" x="121.55" y="26.82"/>
        <vehicle id="cfm-fast_3" eclass="HBEFA3/PC_G_EU4" CO2="13094.14" CO="206.23" HC="1.27" NOx="5.48" PMx="0.30" fuel="5.63" electricity="0.00" noise="74.91" route="routebottom" type="cfm-fast" waiting="0.00" lane="bottom_0" pos="48.52" speed="26.70" angle="7.20" x="132.19" y="60.40"/>
        <vehicle id="cfm-fast_4" eclass="HBEFA3/PC_G_EU4" CO2="105843.31" CO="5258.49" HC="26.88" NOx="48.12" PMx="4.06" fuel="45.50" electricity="0.00" noise="111.06" route="routebottom" type="cfm-fast" waiting="0.00" lane="bottom_1" pos="7.84" speed="108.06" angle="80.37" x="79.61" y="0.33"/>
        <vehicle id="cfm-fast_5" eclass="HBEFA3/PC_G_EU4" CO2="10622.47" CO="161.40" HC="1.00" NOx="4.28" PMx="0.24" fuel="4.57" electricity="0.00" noise="74.34" route="routebottom" type="cfm-fast" waiting="0.00" lane="right_0" pos="16.35" speed="27.88" angle="335.01" x="123.39" y="97.41"/>
        <vehicle id="cfm-slow_0" eclass="HBEFA3/PC_G_EU4" CO2="5520.61" CO="60.53" HC="0.42" NOx="1.86" PMx="0.11" fuel="2.37" electricity="0.00" noise="73.24" route="routebottom" type="cfm-slow" waiting="0.00" lane="right_0" pos="35.36" speed="28.58" angle="300.93" x="94.16" y="125.11"/>
        <vehicle id="cfm-slow_1" eclass="HBEFA3/PC_G_EU4" CO2="0.00" CO="0.00" HC="0.00" NOx="0.00" PMx="0.00" fuel="0.00" electricity="0.00" noise="72.30" route="routetop" type="cfm-slow" waiting="0.00" lane="top_0" pos="9.01" speed="28.53" angle="258.23" x="44.44" y="129.53"/>
        <vehicle id="cfm-slow_2" eclass="HBEFA3/PC_G_EU4" CO2="0.00" CO="0.00" HC="0.00" NOx="0.00" PMx="0.00" fuel="0.00" electricity="0.00" noise="71.55" route="routetop" type="cfm-slow" waiting="0.00" lane="top_0" pos="32.54" speed="27.73" angle="215.97" x="5.14" y="99.46"/>
        <vehicle id="cfm-slow_3" eclass="HBEFA3/PC_G_EU4" CO2="0.00" CO="0.00" HC="0.00" NOx="0.00" PMx="0.00" fuel="0.00" electricity="0.00" noise="70.90" route="routetop" type="cfm-slow" waiting="0.00" lane="left_0" pos="5.20" speed="26.49" angle="175.13" x="-4.03" y="52.43"/>
        <vehicle id="cfm-slow_4" eclass="HBEFA3/PC_G_EU4" CO2="0.00" CO="0.00" HC="0.00" NOx="0.00" PMx="0.00" fuel="0.00" electricity="0.00" noise="70.62" route="routetop" type="cfm-slow" waiting="0.00" lane="left_0" pos="26.58" speed="25.28" angle="136.66" x="17.61" y="12.82"/>
        <vehicle id="cfm-slow_5" eclass="HBEFA3/PC_G_EU4" CO2="4265.25" CO="16.53" HC="0.18" NOx="1.36" PMx="0.07" fuel="1.83" electricity="0.00" noise="71.18" route="routetop" type="cfm-slow" waiting="0.00" lane="left_0" pos="46.75" speed="24.58" angle="100.44" x="56.59" y="-4.57"/>
    </timestep>
    <timestep time="9.04">
        <vehicle id="cfm-fast_0" eclass="HBEFA3/PC_G_EU4" CO2="9057.98" CO="115.45" HC="0.75" NOx="3.62" PMx="0.19" fuel="3.89" electricity="0.00" noise="72.72" route="routebottom" type="cfm-fast" waiting="0.00" lane="bottom_0" pos="16.53" speed="24.67" angle="64.69" x="97.74" y="4.12"/>
        <vehicle id="cfm-fast_1" eclass="HBEFA3/PC_G_EU4" CO2="213621.39" CO="7138.83" HC="38.10" NOx="99.01" PMx="6.73" fuel="91.83" electricity="0.00" noise="127.71" route="routetop" type="cfm-fast" waiting="0.00" lane="top_1" pos="13.76" speed="103.26" angle="249.68" x="36.28" y="122.95"/>
        <vehicle id="cfm-fast_2" eclass="HBEFA3/PC_G_EU4" CO2="12407.07" CO="187.05" HC="1.16" NOx="5.18" PMx="0.28" fuel="5.33" electricity="0.00" noise="74.32" route="routebottom" type="cfm-fast" waiting="0.00" lane="bottom_0" pos="32.22" speed="25.48" angle="36.58" x="121.84" y="27.28"/>
        <vehicle id="cfm-fast_3" eclass="HBEFA3/PC_G_EU4" CO2="13072.43" CO="205.84" HC="1.26" NOx="5.47" PMx="0.30" fuel="5.62" electricity="0.00" noise="74.90" route="routebottom" type="cfm-fast" waiting="0.00" lane="bottom_0" pos="48.79" speed="26.71" angle="6.76" x="132.22" y="60.97"/>
        <vehicle id="cfm-fast_4" eclass="HBEFA3/PC_G_EU4" CO2="105502.66" CO="5252.13" HC="26.85" NOx="47.96" PMx="4.05" fuel="45.35" electricity="0.00" noise="111.01" route="routebottom" type="cfm-fast" waiting="0.00" lane="bottom_1" pos="8.92" speed="108.07" angle="78.39" x="81.75" y="0.91"/>
        <vehicle id="cfm-fast_5" eclass="HBEFA3/PC_G_EU4" CO2="10574.22" CO="160.45" HC="1.00" NOx="4.26" PMx="0.24" fuel="4.55" electricity="0.00" noise="74.33" route="routebottom" type="cfm-fast" waiting="0.00" lane="right_0" pos="16.63" speed="27.89" angle="334.54" x="123.10" y="97.93"/>
        <vehicle id="cfm-slow_0" eclass="HBEFA3/PC_G_EU4" CO2="5464.79" CO="59.38" HC="0.41" NOx="1.84" PMx="0.11" fuel="2.35" electricity="0.00" noise="73.23" route="routebottom" type="cfm-slow" waiting="0.00" lane="right_0" pos="35.64" speed="28.58" angle="300.41" x="93.61" y="125.39"/>
        <vehicle id="cfm-slow_1" eclass="HBEFA3/PC_G_EU4" CO2="0.00" CO="0.00" HC="0.00" NOx="0.00" PMx="0.00" fuel="0.00" electricity="0.00" noise="72.30" route="routetop" type="cfm-slow" waiting="0.00" lane="top_0" pos="9.30" speed="28.52" angle="257.72" x="43.86" y="129.35"/>
        <vehicle id="cfm-slow_2" eclass="HBEFA3/PC_G_EU4" CO2="0.00" CO="0.00" HC="0.00" NOx="0.00" PMx="0.00" fuel="0.00" electricity="0.00" noise="71.54" route="routetop" type="cfm-slow" waiting="0.00" lane="top_0" pos="32.82" speed="27.72" angle="215.45" x="4.83" y="98.95"/>
        <vehicle id="cfm-slow_3" eclass="HBEFA3/PC_G_EU4" CO2="0.00" CO="0.00" HC="0.00" NOx="0.00" PMx="0.00" fuel="0.00" electricity="0.00" noise="70.90" route="routetop" type="cfm-slow" waiting="0.00" lane="left_0" pos="5.47" speed="26.48" angle="174.64" x="-3.92" y="51.87"/>
        <vehicle id="cfm-slow_4" eclass="HBEFA3/PC_G_EU4" CO2="0.00" CO="0.00" HC="0.00" NOx="0.00" PMx="0.00" fuel="0.00" electricity="0.00" noise="70.62" route="routetop" type="cfm-slow" waiting="0.00" lane="left_0" pos="26.83" speed="25.27" angle="136.21" x="18.01" y="12.45"/>
        <vehicle id="cfm-slow_5" eclass="HBEFA3/PC_G_EU4" CO2="4311.92" CO="17.50" HC="0.19" NOx="1.38" PMx="0.07" fuel="1.85" electricity="0.00" noise="71.19" route="routetop" type="cfm-slow" waiting="0.00" lane="left_0" pos="47.00" speed="24.58" angle="99.99" x="57.12" y="-4.63"/>
    </timestep>
    <timestep time="9.05">
        <vehicle id="cfm-fast_0" eclass="HBEFA3/PC_G_EU4" CO2="9090.76" CO="116.15" HC="0.75" NOx="3.63" PMx="0.19" fuel="3.91" electricity="0.00" noise="72.73" route="routebottom" type="cfm-fast" waiting="0.00" lane="bottom_0" pos="16.77" speed="24.68" angle="64.29" x="98.20" y="4.38"/>
        <vehicle id="cfm-fast_1" eclass="HBEFA3/PC_G_EU4" CO2="212605.41" CO="7121.47" HC="37.99" NOx="98.53" PMx="6.71" fuel="91.39" electricity="0.00" noise="127.54" route="routetop" type="cfm-fast" waiting="0.00" lane="top_1" pos="14.80" speed="103.31" angle="247.82" x="34.37" y="122.03"/>
        <vehicle id="cfm-fast_2" eclass="HBEFA3/PC_G_EU4" CO2="12415.28" CO="187.26" HC="1.16" NOx="5.18" PMx="0.28" fuel="5.34" electricity="0.00" noise="74.32" route="routebottom" type="cfm-fast" waiting="0.00" lane="bottom_0" pos="32.48" speed="25.49" angle="36.10" x="122.12" y="27.75"/>
        <vehicle id="cfm-fast_3" eclass="HBEFA3/PC_G_EU4" CO2="13050.47" CO="205.44" HC="1.26" NOx="5.46" PMx="0.30" fuel="5.61" electricity="0.00" noise="74.90" route="routebottom" type="cfm-fast" waiting="0.00" lane="bottom_0" pos="49.06" speed="26.72" angle="6.26" x="132.23" y="61.55"/>
        <vehicle id="cfm-fast_4" eclass="HBEFA3/PC_G_EU4" CO2="105168.16" CO="5245.88" HC="26.81" NOx="47.81" PMx="4.04" fuel="45.21" electricity="0.00" noise="110.96" route="routebottom" type="cfm-fast" waiting="0.00" lane="bottom_1" pos="10.00" speed="108.07" angle="76.43" x="83.87" y="1.56"/>
        <vehicle id="cfm-fast_5" eclass="HBEFA3/PC_G_EU4" CO2="10525.88" CO="159.50" HC="0.99" NOx="4.24" PMx="0.24" fuel="4.52" electricity="0.00" noise="74.32" route="routebottom" type="cfm-fast" waiting="0.00" lane="right_0" pos="16.91" speed="27.89" angle="334.05" x="122.79" y="98.45"/>
        <vehicle id="cfm-slow_0" eclass="HBEFA3/PC_G_EU4" CO2="5409.12" CO="58.23" HC="0.40" NOx="1.81" PMx="0.11" fuel="2.33" electricity="0.00" noise="73.22" route="routebottom" type="cfm-slow" waiting="0.00" lane="right_0" pos="35.93" speed="28.58" angle="299.95" x="93.06" y="125.67"/>
        <vehicle id="cfm-slow_1" eclass="HBEFA3/PC_G_EU4" CO2="0.00" CO="0.00" HC="0.00" NOx="0.00" PMx="0.00" fuel="0.00" electricity="0.00" noise="72.29" route="routetop" type="cfm-slow" waiting="0.00" lane="top_0" pos="9.58" speed="28.52" angle="257.20" x="43.27" y="129.17"/>
        <vehicle id="cfm-slow_2" eclass="HBEFA3/PC_G_EU4" CO2="0.00" CO="0.00" HC="0.00" NOx="0.00" PMx="0.00" fuel="0.00" electricity="0.00" noise="71.54" route="routetop" type="cfm-slow" waiting="0.00" lane="top_0" pos="33.09" speed="27.71" angle="214.93" x="4.53" y="98.44"/>
        <vehicle id="cfm-slow_3" eclass="HBEFA3/PC_G_EU4" CO2="0.00" CO="0.00" HC="0.00" NOx="0.00" PMx="0.00" fuel="0.00" electricity="0.00" noise="70.89" route="routetop" type="cfm-slow" waiting="0.00" lane="left_0" pos="5.73" speed="26.46" angle="174.16" x="-3.82" y="51.31"/>
        <vehicle id="cfm-slow_4" eclass="HBEFA3/PC_G_EU4" CO2="0.00" CO="0.00" HC="0.00" NOx="0.00" PMx="0.00" fuel="0.00" electricity="0.00" noise="70.62" route="routetop" type="cfm-slow" waiting="0.00" lane="left_0" pos="27.08" speed="25.27" angle="135.78" x="18.42" y="12.09"/>
        <vehicle id="cfm-slow_5" eclass="HBEFA3/PC_G_EU4" CO2="4358.46" CO="18.45" HC="0.19" NOx="1.40" PMx="0.07" fuel="1.87" electricity="0.00" noise="71.20" route="routetop" type="cfm-slow" waiting="0.00" lane="left_0" pos="47.24" speed="24.59" angle="99.54" x="57.64" y="-4.68"/>
    </timestep>
    <timestep time="9.06">
        <vehicle id="cfm-fast_0" eclass="HBEFA3/PC_G_EU4" CO2="9123.32" CO="116.84" HC="0.76" NOx="3.65" PMx="0.20" fuel="3.92" electricity="0.00" noise="72.75" route="routebottom" type="cfm-fast" waiting="0.00" lane="bottom_0" pos="17.02" speed="24.68" angle="63.83" x="98.65" y="4.66"/>
        <vehicle id="cfm-fast_1" eclass="HBEFA3/PC_G_EU4" CO2="211594.67" CO="7104.19" HC="37.89" NOx="98.05" PMx="6.68" fuel="90.96" electricity="0.00" noise="127.38" route="routetop" type="cfm-fast" waiting="0.00" lane="top_1" pos="15.83" speed="103.36" angle="246.00" x="32.50" y="121.04"/>
        <vehicle id="cfm-fast_2" eclass="HBEFA3/PC_G_EU4" CO2="12423.22" CO="187.47" HC="1.16" NOx="5.19" PMx="0.28" fuel="5.34" electricity="0.00" noise="74.33" route="routebottom" type="cfm-fast" waiting="0.00" lane="bottom_0" pos="32.73" speed="25.50" angle="35.63" x="122.40" y="28.23"/>
        <vehicle id="cfm-fast_3" eclass="HBEFA3/PC_G_EU4" CO2="13028.26" CO="205.04" HC="1.26" NOx="5.45" PMx="0.30" fuel="5.60" electricity="0.00" noise="74.89" route="routebottom" type="cfm-fast" waiting="0.00" lane="bottom_0" pos="49.33" speed="26.73" angle="5.76" x="132.24" y="62.12"/>
        <vehicle id="cfm-fast_4" eclass="HBEFA3/PC_G_EU4" CO2="104839.71" CO="5239.75" HC="26.77" NOx="47.65" PMx="4.03" fuel="45.07" electricity="0.00" noise="110.91" route="routebottom" type="cfm-fast" waiting="0.00" lane="bottom_1" pos="11.09" speed="108.08" angle="74.50" x="85.96" y="2.29"/>
        <vehicle id="cfm-fast_5" eclass="HBEFA3/PC_G_EU4" CO2="10477.43" CO="158.54" HC="0.99" NOx="4.22" PMx="0.24" fuel="4.50" electricity="0.00" noise="74.30" route="routebottom" type="cfm-fast" waiting="0.00" lane="right_0" pos="17.19" speed="27.90" angle="333.54" x="122.48" y="98.96"/>
        <vehicle id="cfm-slow_0" eclass="HBEFA3/PC_G_EU4" CO2="5353.59" CO="57.09" HC="0.40" NOx="1.78" PMx="0.11" fuel="2.30" electricity="0.00" noise="73.21" route="routebottom" type="cfm-slow" waiting="0.00" lane="right_0" pos="36.21" speed="28.58" angle="299.39" x="92.50" y="125.92"/>
        <vehicle id="cfm-slow_1" eclass="HBEFA3/PC_G_EU4" CO2="0.00" CO="0.00" HC="0.00" NOx="0.00" PMx="0.00" fuel="0.00" electricity="0.00" noise="72.28" route="routetop" type="cfm-slow" waiting="0.00" lane="top_0" pos="9.87" speed="28.51" angle="256.68" x="42.69" y="128.98"/>
        <vehicle id="cfm-slow_2" eclass="HBEFA3/PC_G_EU4" CO2="0.00" CO="0.00" HC="0.00" NOx="0.00" PMx="0.00" fuel="0.00" electricity="0.00" noise="71.53" route="routetop" type="cfm-slow" waiting="0.00" lane="top_0" pos="33.37" speed="27.70" angle="214.47" x="4.22" y="97.93"/>
        <vehicle id="cfm-slow_3" eclass="HBEFA3/PC_G_EU4" CO2="0.00" CO="0.00" HC="0.00" NOx="0.00" PMx="0.00" fuel="0.00" electricity="0.00" noise="70.89" route="routetop" type="cfm-slow" waiting="0.00" lane="left_0" pos="6.00" speed="26.45" angle="173.68" x="-3.72" y="50.75"/>
        <vehicle id="cfm-slow_4" eclass="HBEFA3/PC_G_EU4" CO2="0.00" CO="0.00" HC="0.00" NOx="0.00" PMx="0.00" fuel="0.00" electricity="0.00" noise="70.62" route="routetop" type="cfm-slow" waiting="0.00" lane="left_0" pos="27.33" speed="25.26" angle="135.31" x="18.83" y="11.74"/>
        <vehicle id="cfm-slow_5" eclass="HBEFA3/PC_G_EU4" CO2="4404.87" CO="19.41" HC="0.20" NOx="1.42" PMx="0.07" fuel="1.89" electricity="0.00" noise="71.21" route="routetop" type="cfm-slow" waiting="0.00" lane="left_0" pos="47.49" speed="24.59" angle="99.14" x="58.17" y="-4.73"/>
    </timestep>
    <timestep time="9.07">
        <vehicle id="cfm-fast_0" eclass="HBEFA3/PC_G_EU4" CO2="9155.65" CO="117.53" HC="0.76" NOx="3.66" PMx="0.20" fuel="3.94" electricity="0.00" noise="72.76" route="routebottom" type="cfm-fast" waiting="0.00" lane="bottom_0" pos="17.27" speed="24.69" angle="63.38" x="99.11" y="4.93"/>
        <vehicle id="cfm-fast_1" eclass="HBEFA3/PC_G_EU4" CO2="210589.22" CO="7087.00" HC="37.78" NOx="97.58" PMx="6.66" fuel="90.52" electricity="0.00" noise="127.22" route="routetop" type="cfm-fast" waiting="0.00" lane="top_1" pos="16.87" speed="103.42" angle="244.18" x="30.65" y="120.00"/>
        <vehicle id="cfm-fast_2" eclass="HBEFA3/PC_G_EU4" CO2="12430.88" CO="187.67" HC="1.16" NOx="5.19" PMx="0.28" fuel="5.34" electricity="0.00" noise="74.34" route="routebottom" type="cfm-fast" waiting="0.00" lane="bottom_0" pos="32.99" speed="25.51" angle="35.15" x="122.68" y="28.70"/>
        <vehicle id="cfm-fast_3" eclass="HBEFA3/PC_G_EU4" CO2="13005.79" CO="204.63" HC="1.26" NOx="5.43" PMx="0.30" fuel="5.59" electricity="0.00" noise="74.89" route="routebottom" type="cfm-fast" waiting="0.00" lane="bottom_0" pos="49.59" speed="26.75" angle="5.26" x="132.25" y="62.70"/>
        <vehicle id="cfm-fast_4" eclass="HBEFA3/PC_G_EU4" CO2="104517.18" CO="5233.74" HC="26.74" NOx="47.50" PMx="4.02" fuel="44.93" electricity="0.00" noise="110.87" route="routebottom" type="cfm-fast" waiting="0.00" lane="bottom_1" pos="12.17" speed="108.09" angle="72.58" x="88.03" y="3.08"/>
        <vehicle id="cfm-fast_5" eclass="HBEFA3/PC_G_EU4" CO2="10428.90" CO="157.58" HC="0.98" NOx="4.19" PMx="0.24" fuel="4.48" electricity="0.00" noise="74.29" route="routebottom" type="cfm-fast" waiting="0.00" lane="right_0" pos="17.47" speed="27.91" angle="333.04" x="122.17" y="99.48"/>
        <vehicle id="cfm-slow_0" eclass="HBEFA3/PC_G_EU4" CO2="0.00" CO="0.00" HC="0.00" NOx="0.00" PMx="0.00" fuel="0.00" electricity="0.00" noise="73.20" route="routebottom" type="cfm-slow" waiting="0.00" lane="right_0" pos="36.50" speed="28.58" angle="298.83" x="91.93" y="126.17"/>
        <vehicle id="cfm-slow_1" eclass="HBEFA3/PC_G_EU4" CO2="0.00" CO="0.00" HC="0.00" NOx="0.00" PMx="0.00" fuel="0.00" electricity="0.00" noise="72.27" route="routetop" type="cfm-slow" waiting="0.00" lane="top_0" pos="10.15" speed="28.50" angle="256.19" x="42.10" y="128.80"/>
        <vehicle id="cfm-slow_2" eclass="HBEFA3/PC_G_EU4" CO2="0.00" CO="0.00" HC="0.00" NOx="0.00" PMx="0.00" fuel="0.00" electricity="0.00" noise="71.52" route="routetop" type="cfm-slow" waiting="0.00" lane="top_0" pos="33.65" speed="27.69" angle="213.97" x="3.93" y="97.40"/>
        <vehicle id="cfm-slow_3" eclass="HBEFA3/PC_G_EU4" CO2="0.00" CO="0.00" HC="0.00" NOx="0.00" PMx="0.00" fuel="0.00" electricity="0.00" noise="70.89" route="routetop" type="cfm-slow" waiting="0.00" lane="left_0" pos="6.26" speed="26.44" angle="173.21" x="-3.62" y="50.19"/>
        <vehicle id="cfm-slow_4" eclass="HBEFA3/PC_G_EU4" CO2="0.00" CO="0.00" HC="0.00" NOx="0.00" PMx="0.00" fuel="0.00" electricity="0.00" noise="70.63" route="routetop" type="cfm-slow" waiting="0.00" lane="left_0" pos="27.59" speed="25.25" angle="134.84" x="19.25" y="11.39"/>
        <vehicle id="cfm-slow_5" eclass="HBEFA3/PC_G_EU4" CO2="4451.14" CO="20.36" HC="0.20" NOx="1.45" PMx="0.07" fuel="1.91" electricity="0.00" noise="71.23" route="routetop" type="cfm-slow" waiting="0.00" lane="left_0" pos="47.73" speed="24.59" angle="98.67" x="58.70" y="-4.76"/>
    </timestep>
    <timestep time="9.08">
        <vehicle id="cfm-fast_0" eclass="HBEFA3/PC_G_EU4" CO2="9187.76" CO="118.21" HC="0.77" NOx="3.68" PMx="0.20" fuel="3.95" electricity="0.00" noise="72.78" route="routebottom" type="cfm-fast" waiting="0.00" lane="bottom_0" pos="17.52" speed="24.70" angle="62.93" x="99.56" y="5.20"/>
        <vehicle id="cfm-fast_1" eclass="HBEFA3/PC_G_EU4" CO2="209589.06" CO="7069.88" HC="37.68" NOx="97.11" PMx="6.63" fuel="90.09" electricity="0.00" noise="127.05" route="routetop" type="cfm-fast" waiting="0.00" lane="top_1" pos="17.90" speed="103.47" angle="242.33" x="28.83" y="118.92"/>
        <vehicle id="cfm-fast_2" eclass="HBEFA3/PC_G_EU4" CO2="12438.25" CO="187.87" HC="1.17" NOx="5.19" PMx="0.28" fuel="5.35" electricity="0.00" noise="74.34" route="routebottom" type="cfm-fast" waiting="0.00" lane="bottom_0" pos="33.24" speed="25.53" angle="34.68" x="122.97" y="29.17"/>
        <vehicle id="cfm-fast_3" eclass="HBEFA3/PC_G_EU4" CO2="12983.06" CO="204.22" HC="1.25" NOx="5.42" PMx="0.30" fuel="5.58" electricity="0.00" noise="74.88" route="routebottom" type="cfm-fast" waiting="0.00" lane="bottom_0" pos="49.86" speed="26.76" angle="4.76" x="132.26" y="63.27"/>
        <vehicle id="cfm-fast_4" eclass="HBEFA3/PC_G_EU4" CO2="104200.47" CO="5227.83" HC="26.70" NOx="47.35" PMx="4.01" fuel="44.79" electricity="0.00" noise="110.82" route="routebottom" type="cfm-fast" waiting="0.00" lane="bottom_1" pos="13.25" speed="108.10" angle="70.68" x="90.07" y="3.94"/>
        <vehicle id="cfm-fast_5" eclass="HBEFA3/PC_G_EU4" CO2="10380.28" CO="156.62" HC="0.97" NOx="4.17" PMx="0.24" fuel="4.46" electricity="0.00" noise="74.28" route="routebottom" type="cfm-fast" waiting="0.00" lane="right_0" pos="17.75" speed="27.92" angle="332.54" x="121.87" y="99.99"/>
        <vehicle id="cfm-slow_0" eclass="HBEFA3/PC_G_EU4" CO2="0.00" CO="0.00" HC="0.00" NOx="0.00" PMx="0.00" fuel="0.00" electricity="0.00" noise="73.19" route="routebottom" type="cfm-slow" waiting="0.00" lane="right_0" pos="36.79" speed="28.58" angle="298.28" x="91.37" y="126.42"/>
        <vehicle id="cfm-slow_1" eclass="HBEFA3/PC_G_EU4" CO2="0.00" CO="0.00" HC="0.00" NOx="0.00" PMx="0.00" fuel="0.00" electricity="0.00" noise="72.26" route="routetop" type="cfm-slow" waiting="0.00" lane="top_0" pos="10.44" speed="28.50" angle="255.70" x="41.52" y="128.60"/>
        <vehicle id="cfm-slow_2" eclass="HBEFA3/PC_G_EU4" CO2="0.00" CO="0.00" HC="0.00" NOx="0.00" PMx="0.00" fuel="0.00" electricity="0.00" noise="71.52" route="routetop" type="cfm-slow" waiting="0.00" lane="top_0" pos="33.92" speed="27.67" angle="213.46" x="3.64" y="96.88"/>
        <vehicle id="cfm-slow_3" eclass="HBEFA3/PC_G_EU4" CO2="0.00" CO="0.00" HC="0.00" NOx="0.00" PMx="0.00" fuel="0.00" electricity="0.00" noise="70.88" route="routetop" type="cfm-slow" waiting="0.00" lane="left_0" pos="6.52" speed="26.43" angle="172.76" x="-3.50" y="49.63"/>
        <vehicle id="cfm-slow_4" eclass="HBEFA3/PC_G_EU4" CO2="0.00" CO="0.00" HC="0.00" NOx="0.00" PMx="0.00" fuel="0.00" electricity="0.00" noise="70.63" route="routetop" type="cfm-slow" waiting="0.00" lane="left_0" pos="27.84" speed="25.24" angle="134.37" x="19.66" y="11.03"/>
        <vehicle id="cfm-slow_5" eclass="HBEFA3/PC_G_EU4" CO2="4497.28" CO="21.32" HC="0.21" NOx="1.47" PMx="0.07" fuel="1.93" electricity="0.00" noise="71.24" route="routetop" type="cfm-slow" waiting="0.00" lane="left_0" pos="47.98" speed="24.59" angle="98.20" x="59.23" y="-4.79"/>
    </timestep>
    <timestep time="9.09">
        <vehicle id="cfm-fast_0" eclass="HBEFA3/PC_G_EU4" CO2="9219.64" CO="118.89" HC="0.77" NOx="3.69" PMx="0.20" fuel="3.96" electricity="0.00" noise="72.79" route="routebottom" type="cfm-fast" waiting="0.00" lane="bottom_0" pos="17.76" speed="24.71" angle="62.47" x="100.02" y="5.48"/>
        <vehicle id="cfm-fast_1" eclass="HBEFA3/PC_G_EU4" CO2="208594.22" CO="7052.85" HC="37.58" NOx="96.64" PMx="6.61" fuel="89.67" electricity="0.00" noise="126.89" route="routetop" type="cfm-fast" waiting="0.00" lane="top_1" pos="18.94" speed="103.52" angle="240.37" x="27.06" y="117.74"/>
        <vehicle id="cfm-fast_2" eclass="HBEFA3/PC_G_EU4" CO2="12445.35" CO="188.06" HC="1.17" NOx="5.20" PMx="0.28" fuel="5.35" electricity="0.00" noise="74.35" route="routebottom" type="cfm-fast" waiting="0.00" lane="bottom_0" pos="33.50" speed="25.54" angle="34.26" x="123.24" y="29.65"/>
        <vehicle id="cfm-fast_3" eclass="HBEFA3/PC_G_EU4" CO2="12960.09" CO="203.80" HC="1.25" NOx="5.41" PMx="0.30" fuel="5.57" electricity="0.00" noise="74.87" route="routebottom" type="cfm-fast" waiting="0.00" lane="right_0" pos="0.13" speed="26.77" angle="4.23" x="132.26" y="64.04"/>
        <vehicle id="cfm-fast_4" eclass="HBEFA3/PC_G_EU4" CO2="103889.46" CO="5222.03" HC="26.67" NOx="47.20" PMx="4.01" fuel="44.66" electricity="0.00" noise="110.77" route="routebottom" type="cfm-fast" waiting="0.00" lane="bottom_1" pos="14.33" speed="108.11" angle="68.74" x="92.09" y="4.86"/>
        <vehicle id="cfm-fast_5" eclass="HBEFA3/PC_G_EU4" CO2="10331.57" CO="155.66" HC="0.97" NOx="4.15" PMx="0.24" fuel="4.44" electricity="0.00" noise="74.26" route="routebottom" type="cfm-fast" waiting="0.00" lane="right_0" pos="18.03" speed="27.92" angle="332.09" x="121.55" y="100.50"/>
        <vehicle id="cfm-slow_0" eclass="HBEFA3/PC_G_EU4" CO2="0.00" CO="0.00" HC="0.00" NOx="0.00" PMx="0.00" fuel="0.00" electricity="0.00" noise="73.18" route="routebottom" type="cfm-slow" waiting="0.00" lane="right_0" pos="37.07" speed="28.58" angle="297.72" x="90.81" y="126.67"/>
        <vehicle id="cfm-slow_1" eclass="HBEFA3/PC_G_EU4" CO2="0.00" CO="0.00" HC="0.00" NOx="0.00" PMx="0.00" fuel="0.00" electricity="0.00" noise="72.26" route="routetop" type="cfm-slow" waiting="0.00" lane="top_0" pos="10.72" speed="28.49" angle="255.16" x="40.94" y="128.39"/>
        <vehicle id="cfm-slow_2" eclass="HBEFA3/PC_G_EU4" CO2="0.00" CO="0.00" HC="0.00" NOx="0.00" PMx="0.00" fuel="0.00" electricity="0.00" noise="71.51" route="routetop" type="cfm-slow" waiting="0.00" lane="top_0" pos="34.20" speed="27.66" angle="212.96" x="3.36" y="96.36"/>
        <vehicle id="cfm-slow_3" eclass="HBEFA3/PC_G_EU4" CO2="0.00" CO="0.00" HC="0.00" NOx="0.00" PMx="0.00" fuel="0.00" electricity="0.00" noise="70.88" route="routetop" type="cfm-slow" waiting="0.00" lane="left_0" pos="6.79" speed="26.42" angle="172.25" x="-3.37" y="49.08"/>
        <vehicle id="cfm-slow_4" eclass="HBEFA3/PC_G_EU4" CO2="0.00" CO="0.00" HC="0.00" NOx="0.00" PMx="0.00" fuel="0.00" electricity="0.00" noise="70.63" route="routetop" type="cfm-slow" waiting="0.00" lane="left_0" pos="28.09" speed="25.24" angle="133.90" x="20.08" y="10.68"/>
        <vehicle id="cfm-slow_5" eclass="HBEFA3/PC_G_EU4" CO2="4543.29" CO="22.26" HC="0.21" NOx="1.49" PMx="0.08" fuel="1.95" electricity="0.00" noise="71.25" route="routetop" type="cfm-slow" waiting="0.00" lane="left_0" pos="48.23" speed="24.59" angle="97.73" x="59.75" y="-4.82"/>
    </timestep>
    <timestep time="9.10">
        <vehicle id="cfm-fast_0" eclass="HBEFA3/PC_G_EU4" CO2="9251.30" CO="119.57" HC="0.77" NOx="3.71" PMx="0.20" fuel="3.98" electricity="0.00" noise="72.80" route="routebottom" type="cfm-fast" waiting="0.00" lane="bottom_0" pos="18.01" speed="24.71" angle="62.09" x="100.47" y="5.76"/>
        <vehicle id="cfm-fast_1" eclass="HBEFA3/PC_G_EU4" CO2="207604.73" CO="7035.90" HC="37.48" NOx="96.17" PMx="6.58" fuel="89.24" electricity="0.00" noise="126.73" route="routetop" type="cfm-fast" waiting="0.00" lane="top_1" pos="19.97" speed="103.57" angle="238.50" x="25.32" y="116.52"/>
        <vehicle id="cfm-fast_2" eclass="HBEFA3/PC_G_EU4" CO2="12452.18" CO="188.24" HC="1.17" NOx="5.20" PMx="0.28" fuel="5.35" electricity="0.00" noise="74.36" route="routebottom" type="cfm-fast" waiting="0.00" lane="bottom_0" pos="33.75" speed="25.55" angle="33.79" x="123.50" y="30.13"/>
        <vehicle id="cfm-fast_3" eclass="HBEFA3/PC_G_EU4" CO2="12936.86" CO="203.38" HC="1.25" NOx="5.40" PMx="0.30" fuel="5.56" electricity="0.00" noise="74.87" route="routebottom" type="cfm-fast" waiting="0.00" lane="right_0" pos="0.40" speed="26.78" angle="3.75" x="132.25" y="64.61"/>
        <vehicle id="cfm-fast_4" eclass="HBEFA3/PC_G_EU4" CO2="103584.05" CO="5216.35" HC="26.64" NOx="47.06" PMx="4.00" fuel="44.53" electricity="0.00" noise="110.73" route="routebottom" type="cfm-fast" waiting="0.00" lane="bottom_1" pos="15.41" speed="108.12" angle="66.79" x="94.07" y="5.86"/>
        <vehicle id="cfm-fast_5" eclass="HBEFA3/PC_G_EU4" CO2="10282.77" CO="154.70" HC="0.96" NOx="4.12" PMx="0.24" fuel="4.42" electricity="0.00" noise="74.25" route="routebottom" type="cfm-fast" waiting="0.00" lane="right_0" pos="18.31" speed="27.93" angle="331.54" x="121.22" y="101.00"/>
        <vehicle id="cfm-slow_0" eclass="HBEFA3/PC_G_EU4" CO2="0.00" CO="0.00" HC="0.00" NOx="0.00" PMx="0.00" fuel="0.00" electricity="0.00" noise="73.16" route="routebottom" type="cfm-slow" waiting="0.00" lane="right_0" pos="37.36" speed="28.58" angle="297.27" x="90.24" y="126.91"/>
        <vehicle id="cfm-slow_1" eclass="HBEFA3/PC_G_EU4" CO2="0.00" CO="0.00" HC="0.00" NOx="0.00" PMx="0.00" fuel="0.00" electricity="0.00" noise="72.25" route="routetop" type="cfm-slow" waiting="0.00" lane="top_0" pos="11.01" speed="28.48" angle="254.62" x="40.37" y="128.19"/>
        <vehicle id="cfm-slow_2" eclass="HBEFA3/PC_G_EU4" CO2="0.00" CO="0.00" HC="0.00" NOx="0.00" PMx="0.00" fuel="0.00" electricity="0.00" noise="71.50" route="routetop" type="cfm-slow" waiting="0.00" lane="top_0" pos="34.48" speed="27.65" angle="212.46" x="3.07" y="95.84"/>
        <vehicle id="cfm-slow_3" eclass="HBEFA3/PC_G_EU4" CO2="0.00" CO="0.00" HC="0.00" NOx="0.00" PMx="0.00" fuel="0.00" electricity="0.00" noise="70.88" route="routetop" type="cfm-slow" waiting="0.00" lane="left_0" pos="7.05" speed="26.40" angle="171.74" x="-3.24" y="48.52"/>
        <vehicle id="cfm-slow_4" eclass="HBEFA3/PC_G_EU4" CO2="0.00" CO="0.00" HC="0.00" NOx="0.00" PMx="0.00" fuel="0.00" electricity="0.00" noise="70.64" route="routetop" type="cfm-slow" waiting="0.00" lane="left_0" pos="28.34" speed="25.23" angle="133.49" x="20.50" y="10.34"/>
        <vehicle id="cfm-slow_5" eclass="HBEFA3/PC_G_EU4" CO2="4589.15" CO="23.21" HC="0.22" NOx="1.51" PMx="0.08" fuel="1.97" electricity="0.00" noise="71.26" route="routetop" type="cfm-slow" waiting="0.00" lane="left_0" pos="48.47" speed="24.59" angle="97.25" x="60.28" y="-4.85"/>
    </timestep>
    <timestep time="9.11">
        <vehicle id="cfm-fast_0" eclass="HBEFA3/PC_G_EU4" CO2="9282.73" CO="120.24" HC="0.78" NOx="3.72" PMx="0.20" fuel="3.99" electricity="0.00" noise="72.82" route="routebottom" type="cfm-fast" waiting="0.00" lane="bottom_0" pos="18.26" speed="24.72" angle="61.62" x="100.91" y="6.05"/>
        <vehicle id="cfm-fast_1" eclass="HBEFA3/PC_G_EU4" CO2="206620.59" CO="7019.04" HC="37.38" NOx="95.70" PMx="6.56" fuel="88.82" electricity="0.00" noise="126.57" route="routetop" type="cfm-fast" waiting="0.00" lane="top_1" pos="21.01" speed="103.62" angle="236.66" x="23.63" y="115.24"/>
        <vehicle id="cfm-fast_2" eclass="HBEFA3/PC_G_EU4" CO2="12458.72" CO="188.42" HC="1.17" NOx="5.20" PMx="0.29" fuel="5.36" electricity="0.00" noise="74.36" route="routebottom" type="cfm-fast" waiting="0.00" lane="bottom_0" pos="34.01" speed="25.56" angle="33.32" x="123.77" y="30.61"/>
        <vehicle id="cfm-fast_3" eclass="HBEFA3/PC_G_EU4" CO2="12913.39" CO="202.95" HC="1.25" NOx="5.39" PMx="0.30" fuel="5.55" electricity="0.00" noise="74.86" route="routebottom" type="cfm-fast" waiting="0.00" lane="right_0" pos="0.66" speed="26.79" angle="3.26" x="132.24" y="65.19"/>
        <vehicle id="cfm-fast_4" eclass="HBEFA3/PC_G_EU4" CO2="103284.12" CO="5210.76" HC="26.60" NOx="46.92" PMx="3.99" fuel="44.40" electricity="0.00" noise="110.68" route="routebottom" type="cfm-fast" waiting="0.00" lane="bottom_1" pos="16.49" speed="108.12" angle="64.82" x="96.01" y="6.93"/>
        <vehicle id="cfm-fast_5" eclass="HBEFA3/PC_G_EU4" CO2="10233.89" CO="153.73" HC="0.96" NOx="4.10" PMx="0.23" fuel="4.40" electricity="0.00" noise="74.24" route="routebottom" type="cfm-fast" waiting="0.00" lane="right_0" pos="18.59" speed="27.94" angle="331.00" x="120.88" y="101.50"/>
        <vehicle id="cfm-slow_0" eclass="HBEFA3/PC_G_EU4" CO2="0.00" CO="0.00" HC="0.00" NOx="0.00" PMx="0.00" fuel="0.00" electricity="0.00" noise="73.15" route="routebottom" type="cfm-slow" waiting="0.00" lane="right_0" pos="37.64" speed="28.58" angle="296.76" x="89.67" y="127.14"/>
        <vehicle id="cfm-slow_1" eclass="HBEFA3/PC_G_EU4" CO2="0.00" CO="0.00" HC="0.00" NOx="0.00" PMx="0.00" fuel="0.00" electricity="0.00" noise="72.24" route="routetop" type="cfm-slow" waiting="0.00" lane="top_0" pos="11.29" speed="28.47" angle="254.08" x="39.79" y="127.98"/>
        <vehicle id="cfm-slow_2" eclass="HBEFA3/PC_G_EU4" CO2="0.00" CO="0.00" HC="0.00" NOx="0.00" PMx="0.00" fuel="0.00" electricity="0.00" noise="71.50" route="routetop" type="cfm-slow" waiting="0.00" lane="top_0" pos="34.75" speed="27.64" angle="212.01" x="2.79" y="95.32"/>
        <vehicle id="cfm-slow_3" eclass="HBEFA3/PC_G_EU4" CO2="0.00" CO="0.00" HC="0.00" NOx="0.00" PMx="0.00" fuel="0.00" electricity="0.00" noise="70.87" route="routetop" type="cfm-slow" waiting="0.00" lane="left_0" pos="7.32" speed="26.39" angle="171.23" x="-3.12" y="47.97"/>
        <vehicle id="cfm-slow_4" eclass="HBEFA3/PC_G_EU4" CO2="0.00" CO="0.00" HC="0.00" NOx="0.00" PMx="0.00" fuel="0.00" electricity="0.00" noise="70.64" route="routetop" type="cfm-slow" waiting="0.00" lane="left_0" pos="28.60" speed="25.22" angle="133.02" x="20.92" y="10.01"/>
        <vehicle id="cfm-slow_5" eclass="HBEFA3/PC_G_EU4" CO2="4634.89" CO="24.15" HC="0.22" NOx="1.53" PMx="0.08" fuel="1.99" electricity="0.00" noise="71.27" route="routetop" type="cfm-slow" waiting="0.00" lane="left_0" pos="48.72" speed="24.59" angle="96.83" x="60.81" y="-4.88"/>
    </timestep>
    <timestep time="9.12">
        <vehicle id="cfm-fast_0" eclass="HBEFA3/PC_G_EU4" CO2="9313.93" CO="120.90" HC="0.78" NOx="3.74" PMx="0.20" fuel="4.00" electricity="0.00" noise="72.83" route="routebottom" type="cfm-fast" waiting="0.00" lane="bottom_0" pos="18.50" speed="24.73" angle="61.16" x="101.36" y="6.35"/>
        <vehicle id="cfm-fast_1" eclass="HBEFA3/PC_G_EU4" CO2="205641.84" CO="7002.26" HC="37.28" NOx="95.24" PMx="6.53" fuel="88.40" electricity="0.00" noise="126.42" route="routetop" type="cfm-fast" waiting="0.00" lane="top_1" pos="22.04" speed="103.66" angle="234.82" x="21.96" y="113.92"/>
        <vehicle id="cfm-fast_2" eclass="HBEFA3/PC_G_EU4" CO2="12464.99" CO="188.60" HC="1.17" NOx="5.21" PMx="0.29" fuel="5.36" electricity="0.00" noise="74.37" route="routebottom" type="cfm-fast" waiting="0.00" lane="bottom_0" pos="34.27" speed="25.57" angle="32.85" x="124.03" y="31.09"/>
        <vehicle id="cfm-fast_3" eclass="HBEFA3/PC_G_EU4" CO2="12889.67" CO="202.52" HC="1.24" NOx="5.38" PMx="0.30" fuel="5.54" electricity="0.00" noise="74.85" route="routebottom" type="cfm-fast" waiting="0.00" lane="right_0" pos="0.93" speed="26.80" angle="2.78" x="132.23" y="65.77"/>
        <vehicle id="cfm-fast_4" eclass="HBEFA3/PC_G_EU4" CO2="102989.58" CO="5205.28" HC="26.57" NOx="46.78" PMx="3.98" fuel="44.27" electricity="0.00" noise="110.64" route="routebottom" type="cfm-fast" waiting="0.00" lane="bottom_1" pos="17.57" speed="108.13" angle="62.84" x="97.91" y="8.06"/>
        <vehicle id="cfm-fast_5" eclass="HBEFA3/PC_G_EU4" CO2="10184.93" CO="152.76" HC="0.95" NOx="4.08" PMx="0.23" fuel="4.38" electricity="0.00" noise="74.22" route="routebottom" type="cfm-fast" waiting="0.00" lane="right_0" pos="18.87" speed="27.94" angle="330.45" x="120.55" y="102.00"/>
        <vehicle id="cfm-slow_0" eclass="HBEFA3/PC_G_EU4" CO2="0.00" CO="0.00" HC="0.00" NOx="0.00" PMx="0.00" fuel="0.00" electricity="0.00" noise="73.14" route="routebottom" type="cfm-slow" waiting="0.00" lane="right_0" pos="37.93" speed="28.58" angle="296.24" x="89.10" y="127.36"/>
        <vehicle id="cfm-slow_1" eclass="HBEFA3/PC_G_EU4" CO2="0.00" CO="0.00" HC="0.00" NOx="0.00" PMx="0.00" fuel="0.00" electricity="0.00" noise="72.23" route="routetop" type="cfm-slow" waiting="0.00" lane="top_0" pos="11.57" speed="28.46" angle="253.61" x="39.22" y="127.76"/>
        <vehicle id="cfm-slow_2" eclass="HBEFA3/PC_G_EU4" CO2="0.00" CO="0.00" HC="0.00" NOx="0.00" PMx="0.00" fuel="0.00" electricity="0.00" noise="71.49" route="routetop" type="cfm-slow" waiting="0.00" lane="top_0" pos="35.03" speed="27.63" angle="211.50" x="2.52" y="94.79"/>
        <vehicle id="cfm-slow_3" eclass="HBEFA3/PC_G_EU4" CO2="0.00" CO="0.00" HC="0.00" NOx="0.00" PMx="0.00" fuel="0.00" electricity="0.00" noise="70.87" route="routetop" type="cfm-slow" waiting="0.00" lane="left_0" pos="7.58" speed="26.38" angle="170.75" x="-2.99" y="47.42"/>
        <vehicle id="cfm-slow_4" eclass="HBEFA3/PC_G_EU4" CO2="0.00" CO="0.00" HC="0.00" NOx="0.00" PMx="0.00" fuel="0.00" electricity="0.00" noise="70.64" route="routetop" type="cfm-slow" waiting="0.00" lane="left_0" pos="28.85" speed="25.22" angle="132.56" x="21.35" y="9.67"/>
        <vehicle id="cfm-slow_5" eclass="HBEFA3/PC_G_EU4" CO2="4680.48" CO="25.10" HC="0.23" NOx="1.55" PMx="0.08" fuel="2.01" electricity="0.00" noise="71.29" route="routetop" type="cfm-slow" waiting="0.00" lane="left_0" pos="48.96" speed="24.59" angle="96.40" x="61.34" y="-4.90"/>
    </timestep>
    <timestep time="9.13">
        <vehicle id="cfm-fast_0" eclass="HBEFA3/PC_G_EU4" CO2="9344.91" CO="121.57" HC="0.79" NOx="3.75" PMx="0.20" fuel="4.02" electricity="0.00" noise="72.85" route="routebottom" type="cfm-fast" waiting="0.00" lane="bottom_0" pos="18.75" speed="24.74" angle="60.70" x="101.80" y="6.64"/>
        <vehicle id="cfm-fast_1" eclass="HBEFA3/PC_G_EU4" CO2="204668.48" CO="6985.56" HC="37.18" NOx="94.78" PMx="6.51" fuel="87.98" electricity="0.00" noise="126.26" route="routetop" type="cfm-fast" waiting="0.00" lane="top_1" pos="23.08" speed="103.71" angle="232.95" x="20.34" y="112.54"/>
        <vehicle id="cfm-fast_2" eclass="HBEFA3/PC_G_EU4" CO2="12470.98" CO="188.76" HC="1.17" NOx="5.21" PMx="0.29" fuel="5.36" electricity="0.00" noise="74.37" route="routebottom" type="cfm-fast" waiting="0.00" lane="bottom_0" pos="34.52" speed="25.59" angle="32.39" x="124.30" y="31.57"/>
        <vehicle id="cfm-fast_3" eclass="HBEFA3/PC_G_EU4" CO2="12865.70" CO="202.08" HC="1.24" NOx="5.37" PMx="0.30" fuel="5.53" electricity="0.00" noise="74.85" route="routebottom" type="cfm-fast" waiting="0.00" lane="right_0" pos="1.20" speed="26.82" angle="2.30" x="132.22" y="66.34"/>
        <vehicle id="cfm-fast_4" eclass="HBEFA3/PC_G_EU4" CO2="102700.31" CO="5199.90" HC="26.54" NOx="46.64" PMx="3.98" fuel="44.15" electricity="0.00" noise="110.60" route="routebottom" type="cfm-fast" waiting="0.00" lane="bottom_1" pos="18.65" speed="108.14" angle="60.86" x="99.78" y="9.26"/>
        <vehicle id="cfm-fast_5" eclass="HBEFA3/PC_G_EU4" CO2="10135.89" CO="151.79" HC="0.95" NOx="4.05" PMx="0.23" fuel="4.36" electricity="0.00" noise="74.21" route="routebottom" type="cfm-fast" waiting="0.00" lane="right_0" pos="19.15" speed="27.95" angle="329.95" x="120.21" y="102.50"/>
        <vehicle id="cfm-slow_0" eclass="HBEFA3/PC_G_EU4" CO2="0.00" CO="0.00" HC="0.00" NOx="0.00" PMx="0.00" fuel="0.00" electricity="0.00" noise="73.13" route="routebottom" type="cfm-slow" waiting="0.00" lane="right_0" pos="38.21" speed="28.58" angle="295.72" x="88.53" y="127.59"/>
        <vehicle id="cfm-slow_1" eclass="HBEFA3/PC_G_EU4" CO2="0.00" CO="0.00" HC="0.00" NOx="0.00" PMx="0.00" fuel="0.00" electricity="0.00" noise="72.22" route="routetop" type="cfm-slow" waiting="0.00" lane="top_0" pos="11.86" speed="28.46" angle="253.10" x="38.65" y="127.54"/>
        <vehicle id="cfm-slow_2" eclass="HBEFA3/PC_G_EU4" CO2="0.00" CO="0.00" HC="0.00" NOx="0.00" PMx="0.00" fuel="0.00" electricity="0.00" noise="71.49" route="routetop" type="cfm-slow" waiting="0.00" lane="top_0" pos="35.31" speed="27.61" angle="210.99" x="2.26" y="94.25"/>
        <vehicle id="cfm-slow_3" eclass="HBEFA3/PC_G_EU4" CO2="0.00" CO="0.00" HC="0.00" NOx="0.00" PMx="0.00" fuel="0.00" electricity="0.00" noise="70.87" route="routetop" type="cfm-slow" waiting="0.00" lane="left_0" pos="7.84" speed="26.37" angle="170.31" x="-2.85" y="46.87"/>
        <vehicle id="cfm-slow_4" eclass="HBEFA3/PC_G_EU4" CO2="0.00" CO="0.00" HC="0.00" NOx="0.00" PMx="0.00" fuel="0.00" electricity="0.00" noise="70.65" route="routetop" type="cfm-slow" waiting="0.00" lane="left_0" pos="29.10" speed="25.21" angle="132.09" x="21.78" y="9.34"/>
        <vehicle id="cfm-slow_5" eclass="HBEFA3/PC_G_EU4" CO2="4725.94" CO="26.03" HC="0.24" NOx="1.58" PMx="0.08" fuel="2.03" electricity="0.00" noise="71.30" route="routetop" type="cfm-slow" waiting="0.00" lane="left_0" pos="49.21" speed="24.59" angle="95.95" x="61.87" y="-4.91"/>
    </timestep>
    <timestep time="9.14">
        <vehicle id="cfm-fast_0" eclass="HBEFA3/PC_G_EU4" CO2="9375.65" CO="122.22" HC="0.79" NOx="3.77" PMx="0.20" fuel="4.03" electricity="0.00" noise="72.86" route="routebottom" type="cfm-fast" waiting="0.00" lane="bottom_0" pos="19.00" speed="24.75" angle="60.23" x="102.24" y="6.94"/>
        <vehicle id="cfm-fast_1" eclass="HBEFA3/PC_G_EU4" CO2="203700.53" CO="6968.95" HC="37.08" NOx="94.33" PMx="6.49" fuel="87.56" electricity="0.00" noise="126.10" route="routetop" type="cfm-fast" waiting="0.00" lane="top_1" pos="24.12" speed="103.76" angle="231.05" x="18.78" y="111.09"/>
        <vehicle id="cfm-fast_2" eclass="HBEFA3/PC_G_EU4" CO2="12476.69" CO="188.93" HC="1.17" NOx="5.21" PMx="0.29" fuel="5.36" electricity="0.00" noise="74.38" route="routebottom" type="cfm-fast" waiting="0.00" lane="bottom_0" pos="34.78" speed="25.60" angle="31.97" x="124.56" y="32.06"/>
        <vehicle id="cfm-fast_3" eclass="HBEFA3/PC_G_EU4" CO2="12841.49" CO="201.64" HC="1.24" NOx="5.36" PMx="0.30" fuel="5.52" electricity="0.00" noise="74.84" route="routebottom" type="cfm-fast" waiting="0.00" lane="right_0" pos="1.47" speed="26.83" angle="1.84" x="132.19" y="66.92"/>
        <vehicle id="cfm-fast_4" eclass="HBEFA3/PC_G_EU4" CO2="102416.23" CO="5194.62" HC="26.51" NOx="46.51" PMx="3.97" fuel="44.03" electricity="0.00" noise="110.55" route="routebottom" type="cfm-fast" waiting="0.00" lane="bottom_1" pos="19.74" speed="108.15" angle="58.91" x="101.60" y="10.52"/>
        <vehicle id="cfm-fast_5" eclass="HBEFA3/PC_G_EU4" CO2="10086.77" CO="150.82" HC="0.94" NOx="4.03" PMx="0.23" fuel="4.34" electricity="0.00" noise="74.20" route="routebottom" type="cfm-fast" waiting="0.00" lane="right_0" pos="19.43" speed="27.96" angle="329.47" x="119.87" y="102.99"/>
        <vehicle id="cfm-slow_0" eclass="HBEFA3/PC_G_EU4" CO2="0.00" CO="0.00" HC="0.00" NOx="0.00" PMx="0.00" fuel="0.00" electricity="0.00" noise="73.12" route="routebottom" type="cfm-slow" waiting="0.00" lane="right_0" pos="38.50" speed="28.58" angle="295.26" x="87.96" y="127.82"/>
        <vehicle id="cfm-slow_1" eclass="HBEFA3/PC_G_EU4" CO2="0.00" CO="0.00" HC="0.00" NOx="0.00" PMx="0.00" fuel="0.00" electricity="0.00" noise="72.22" route="routetop" type="cfm-slow" waiting="0.00" lane="top_0" pos="12.14" speed="28.45" angle="252.58" x="38.08" y="127.31"/>
        <vehicle id="cfm-slow_2" eclass="HBEFA3/PC_G_EU4" CO2="0.00" CO="0.00" HC="0.00" NOx="0.00" PMx="0.00" fuel="0.00" electricity="0.00" noise="71.48" route="routetop" type="cfm-slow" waiting="0.00" lane="top_0" pos="35.58" speed="27.60" angle="210.48" x="1.99" y="93.72"/>
        <vehicle id="cfm-slow_3" eclass="HBEFA3/PC_G_EU4" CO2="0.00" CO="0.00" HC="0.00" NOx="0.00" PMx="0.00" fuel="0.00" electricity="0.00" noise="70.86" route="routetop" type="cfm-slow" waiting="0.00" lane="left_0" pos="8.11" speed="26.36" angle="169.82" x="-2.70" y="46.32"/>
        <vehicle id="cfm-slow_4" eclass="HBEFA3/PC_G_EU4" CO2="0.00" CO="0.00" HC="0.00" NOx="0.00" PMx="0.00" fuel="0.00" electricity="0.00" noise="70.65" route="routetop" type="cfm-slow" waiting="0.00" lane="left_0" pos="29.35" speed="25.20" angle="131.62" x="22.21" y="9.00"/>
        <vehicle id="cfm-slow_5" eclass="HBEFA3/PC_G_EU4" CO2="4771.25" CO="26.97" HC="0.24" NOx="1.60" PMx="0.08" fuel="2.05" electricity="0.00" noise="71.31" route="routetop" type="cfm-slow" waiting="0.00" lane="left_0" pos="49.45" speed="24.59" angle="95.50" x="62.40" y="-4.92"/>
    </timestep>
    <timestep time="9.15">
        <vehicle id="cfm-fast_0" eclass="HBEFA3/PC_G_EU4" CO2="9406.17" CO="122.88" HC="0.79" NOx="3.78" PMx="0.20" fuel="4.04" electricity="0.00" noise="72.88" route="routebottom" type="cfm-fast" waiting="0.00" lane="bottom_0" pos="19.25" speed="24.75" angle="59.83" x="102.68" y="7.23"/>
        <vehicle id="cfm-fast_1" eclass="HBEFA3/PC_G_EU4" CO2="202738.00" CO="6952.42" HC="36.98" NOx="93.87" PMx="6.46" fuel="87.15" electricity="0.00" noise="125.95" route="routetop" type="cfm-fast" waiting="0.00" lane="top_1" pos="25.16" speed="103.81" angle="229.23" x="17.26" y="109.61"/>
        <vehicle id="cfm-fast_2" eclass="HBEFA3/PC_G_EU4" CO2="12482.13" CO="189.08" HC="1.17" NOx="5.21" PMx="0.29" fuel="5.37" electricity="0.00" noise="74.38" route="routebottom" type="cfm-fast" waiting="0.00" lane="bottom_0" pos="35.03" speed="25.61" angle="31.50" x="124.80" y="32.55"/>
        <vehicle id="cfm-fast_3" eclass="HBEFA3/PC_G_EU4" CO2="12817.03" CO="201.19" HC="1.24" NOx="5.34" PMx="0.30" fuel="5.51" electricity="0.00" noise="74.83" route="routebottom" type="cfm-fast" waiting="0.00" lane="right_0" pos="1.74" speed="26.84" angle="1.35" x="132.16" y="67.50"/>
        <vehicle id="cfm-fast_4" eclass="HBEFA3/PC_G_EU4" CO2="102137.23" CO="5189.43" HC="26.48" NOx="46.38" PMx="3.96" fuel="43.91" electricity="0.00" noise="110.51" route="routebottom" type="cfm-fast" waiting="0.00" lane="bottom_1" pos="20.82" speed="108.16" angle="56.99" x="103.39" y="11.84"/>
        <vehicle id="cfm-fast_5" eclass="HBEFA3/PC_G_EU4" CO2="10037.58" CO="149.84" HC="0.94" NOx="4.01" PMx="0.23" fuel="4.31" electricity="0.00" noise="74.18" route="routebottom" type="cfm-fast" waiting="0.00" lane="right_0" pos="19.71" speed="27.96" angle="328.96" x="119.51" y="103.48"/>
        <vehicle id="cfm-slow_0" eclass="HBEFA3/PC_G_EU4" CO2="0.00" CO="0.00" HC="0.00" NOx="0.00" PMx="0.00" fuel="0.00" electricity="0.00" noise="73.11" route="routebottom" type="cfm-slow" waiting="0.00" lane="right_0" pos="38.79" speed="28.58" angle="294.74" x="87.38" y="128.03"/>
        <vehicle id="cfm-slow_1" eclass="HBEFA3/PC_G_EU4" CO2="0.00" CO="0.00" HC="0.00" NOx="0.00" PMx="0.00" fuel="0.00" electricity="0.00" noise="72.21" route="routetop" type="cfm-slow" waiting="0.00" lane="top_0" pos="12.43" speed="28.44" angle="252.06" x="37.51" y="127.08"/>
        <vehicle id="cfm-slow_2" eclass="HBEFA3/PC_G_EU4" CO2="0.00" CO="0.00" HC="0.00" NOx="0.00" PMx="0.00" fuel="0.00" electricity="0.00" noise="71.47" route="routetop" type="cfm-slow" waiting="0.00" lane="top_0" pos="35.86" speed="27.59" angle="210.01" x="1.73" y="93.19"/>
        <vehicle id="cfm-slow_3" eclass="HBEFA3/PC_G_EU4" CO2="0.00" CO="0.00" HC="0.00" NOx="0.00" PMx="0.00" fuel="0.00" electricity="0.00" noise="70.86" route="routetop" type="cfm-slow" waiting="0.00" lane="left_0" pos="8.37" speed="26.35" angle="169.34" x="-2.56" y="45.77"/>
        <vehicle id="cfm-slow_4" eclass="HBEFA3/PC_G_EU4" CO2="0.00" CO="0.00" HC="0.00" NOx="0.00" PMx="0.00" fuel="0.00" electricity="0.00" noise="70.65" route="routetop" type="cfm-slow" waiting="0.00" lane="left_0" pos="29.60" speed="25.20" angle="131.22" x="22.64" y="8.67"/>
        <vehicle id="cfm-slow_5" eclass="HBEFA3/PC_G_EU4" CO2="4816.43" CO="27.90" HC="0.25" NOx="1.62" PMx="0.08" fuel="2.07" electricity="0.00" noise="71.32" route="routetop" type="cfm-slow" waiting="0.00" lane="left_0" pos="49.70" speed="24.59" angle="95.05" x="62.93" y="-4.94"/>
    </timestep>
    <timestep time="9.16">
        <vehicle id="cfm-fast_0" eclass="HBEFA3/PC_G_EU4" CO2="9436.46" CO="123.52" HC="0.80" NOx="3.79" PMx="0.20" fuel="4.06" electricity="0.00" noise="72.89" route="routebottom" type="cfm-fast" waiting="0.00" lane="bottom_0" pos="19.49" speed="24.76" angle="59.37" x="103.12" y="7.54"/>
        <vehicle id="cfm-fast_1" eclass="HBEFA3/PC_G_EU4" CO2="201780.92" CO="6935.98" HC="36.88" NOx="93.42" PMx="6.44" fuel="86.74" electricity="0.00" noise="125.80" route="routetop" type="cfm-fast" waiting="0.00" lane="top_1" pos="26.20" speed="103.86" angle="227.39" x="15.79" y="108.07"/>
        <vehicle id="cfm-fast_2" eclass="HBEFA3/PC_G_EU4" CO2="12487.28" CO="189.23" HC="1.17" NOx="5.22" PMx="0.29" fuel="5.37" electricity="0.00" noise="74.39" route="routebottom" type="cfm-fast" waiting="0.00" lane="bottom_0" pos="35.29" speed="25.62" angle="31.04" x="125.05" y="33.04"/>
        <vehicle id="cfm-fast_3" eclass="HBEFA3/PC_G_EU4" CO2="12792.33" CO="200.73" HC="1.23" NOx="5.33" PMx="0.30" fuel="5.50" electricity="0.00" noise="74.83" route="routebottom" type="cfm-fast" waiting="0.00" lane="right_0" pos="2.01" speed="26.85" angle="0.87" x="132.12" y="68.07"/>
        <vehicle id="cfm-fast_4" eclass="HBEFA3/PC_G_EU4" CO2="101863.21" CO="5184.35" HC="26.45" NOx="46.25" PMx="3.95" fuel="43.79" electricity="0.00" noise="110.47" route="routebottom" type="cfm-fast" waiting="0.00" lane="bottom_1" pos="21.90" speed="108.16" angle="55.07" x="105.13" y="13.21"/>
        <vehicle id="cfm-fast_5" eclass="HBEFA3/PC_G_EU4" CO2="9988.31" CO="148.87" HC="0.93" NOx="3.98" PMx="0.23" fuel="4.29" electricity="0.00" noise="74.17" route="routebottom" type="cfm-fast" waiting="0.00" lane="right_0" pos="19.99" speed="27.97" angle="328.46" x="119.16" y="103.97"/>
        <vehicle id="cfm-slow_0" eclass="HBEFA3/PC_G_EU4" CO2="0.00" CO="0.00" HC="0.00" NOx="0.00" PMx="0.00" fuel="0.00" electricity="0.00" noise="73.10" route="routebottom" type="cfm-slow" waiting="0.00" lane="right_0" pos="39.07" speed="28.58" angle="294.22" x="86.80" y="128.24"/>
        <vehicle id="cfm-slow_1" eclass="HBEFA3/PC_G_EU4" CO2="0.00" CO="0.00" HC="0.00" NOx="0.00" PMx="0.00" fuel="0.00" electricity="0.00" noise="72.20" route="routetop" type="cfm-slow" waiting="0.00" lane="top_0" pos="12.71" speed="28.43" angle="251.57" x="36.94" y="126.86"/>
        <vehicle id="cfm-slow_2" eclass="HBEFA3/PC_G_EU4" CO2="0.00" CO="0.00" HC="0.00" NOx="0.00" PMx="0.00" fuel="0.00" electricity="0.00" noise="71.47" route="routetop" type="cfm-slow" waiting="0.00" lane="top_0" pos="36.13" speed="27.58" angle="209.52" x="1.48" y="92.65"/>
        <vehicle id="cfm-slow_3" eclass="HBEFA3/PC_G_EU4" CO2="0.00" CO="0.00" HC="0.00" NOx="0.00" PMx="0.00" fuel="0.00" electricity="0.00" noise="70.86" route="routetop" type="cfm-slow" waiting="0.00" lane="left_0" pos="8.63" speed="26.33" angle="168.86" x="-2.41" y="45.22"/>
        <vehicle id="cfm-slow_4" eclass="HBEFA3/PC_G_EU4" CO2="0.00" CO="0.00" HC="0.00" NOx="0.00" PMx="0.00" fuel="0.00" electricity="0.00" noise="70.66" route="routetop" type="cfm-slow" waiting="0.00" lane="left_0" pos="29.86" speed="25.19" angle="130.76" x="23.08" y="8.36"/>
        <vehicle id="cfm-slow_5" eclass="HBEFA3/PC_G_EU4" CO2="4861.47" CO="28.83" HC="0.25" NOx="1.64" PMx="0.08" fuel="2.09" electricity="0.00" noise="71.34" route="routetop" type="cfm-slow" waiting="0.00" lane="left_0" pos="49.95" speed="24.59" angle="94.62" x="63.45" y="-4.95"/>
    </timestep>
    <timestep time="9.17">
        <vehicle id="cfm-fast_0" eclass="HBEFA3/PC_G_EU4" CO2="9466.53" CO="124.17" HC="0.80" NOx="3.81" PMx="0.20" fuel="4.07" electricity="0.00" noise="72.91" route="routebottom" type="cfm-fast" waiting="0.00" lane="bottom_0" pos="19.74" speed="24.77" angle="58.92" x="103.55" y="7.85"/>
        <vehicle id="cfm-fast_1" eclass="HBEFA3/PC_G_EU4" CO2="200829.29" CO="6919.63" HC="36.78" NOx="92.97" PMx="6.42" fuel="86.33" electricity="0.00" noise="125.64" route="routetop" type="cfm-fast" waiting="0.00" lane="top_1" pos="27.23" speed="103.90" angle="225.50" x="14.36" y="106.49"/>
        <vehicle id="cfm-fast_2" eclass="HBEFA3/PC_G_EU4" CO2="12492.16" CO="189.38" HC="1.17" NOx="5.22" PMx="0.29" fuel="5.37" electricity="0.00" noise="74.39" route="routebottom" type="cfm-fast" waiting="0.00" lane="bottom_0" pos="35.55" speed="25.63" angle="30.57" x="125.30" y="33.54"/>
        <vehicle id="cfm-fast_3" eclass="HBEFA3/PC_G_EU4" CO2="12767.39" CO="200.27" HC="1.23" NOx="5.32" PMx="0.30" fuel="5.49" electricity="0.00" noise="74.82" route="routebottom" type="cfm-fast" waiting="0.00" lane="right_0" pos="2.27" speed="26.86" angle="0.39" x="132.09" y="68.65"/>
        <vehicle id="cfm-fast_4" eclass="HBEFA3/PC_G_EU4" CO2="101594.08" CO="5179.35" HC="26.42" NOx="46.12" PMx="3.95" fuel="43.67" electricity="0.00" noise="110.43" route="routebottom" type="cfm-fast" waiting="0.00" lane="bottom_1" pos="22.98" speed="108.17" angle="53.12" x="106.82" y="14.65"/>
        <vehicle id="cfm-fast_5" eclass="HBEFA3/PC_G_EU4" CO2="9938.98" CO="147.89" HC="0.92" NOx="3.96" PMx="0.23" fuel="4.27" electricity="0.00" noise="74.16" route="routebottom" type="cfm-fast" waiting="0.00" lane="right_0" pos="20.27" speed="27.98" angle="327.95" x="118.81" y="104.46"/>
        <vehicle id="cfm-slow_0" eclass="HBEFA3/PC_G_EU4" CO2="0.00" CO="0.00" HC="0.00" NOx="0.00" PMx="0.00" fuel="0.00" electricity="0.00" noise="73.09" route="routebottom" type="cfm-slow" waiting="0.00" lane="right_0" pos="39.36" speed="28.58" angle="293.71" x="86.23" y="128.45"/>
        <vehicle id="cfm-slow_1" eclass="HBEFA3/PC_G_EU4" CO2="0.00" CO="0.00" HC="0.00" NOx="0.00" PMx="0.00" fuel="0.00" electricity="0.00" noise="72.19" route="routetop" type="cfm-slow" waiting="0.00" lane="top_0" pos="13.00" speed="28.43" angle="251.09" x="36.38" y="126.61"/>
        <vehicle id="cfm-slow_2" eclass="HBEFA3/PC_G_EU4" CO2="0.00" CO="0.00" HC="0.00" NOx="0.00" PMx="0.00" fuel="0.00" electricity="0.00" noise="71.46" route="routetop" type="cfm-slow" waiting="0.00" lane="top_0" pos="36.41" speed="27.57" angle="209.00" x="1.24" y="92.11"/>
        <vehicle id="cfm-slow_3" eclass="HBEFA3/PC_G_EU4" CO2="0.00" CO="0.00" HC="0.00" NOx="0.00" PMx="0.00" fuel="0.00" electricity="0.00" noise="70.85" route="routetop" type="cfm-slow" waiting="0.00" lane="left_0" pos="8.90" speed="26.32" angle="168.41" x="-2.27" y="44.68"/>
        <vehicle id="cfm-slow_4" eclass="HBEFA3/PC_G_EU4" CO2="0.00" CO="0.00" HC="0.00" NOx="0.00" PMx="0.00" fuel="0.00" electricity="0.00" noise="70.66" route="routetop" type="cfm-slow" waiting="0.00" lane="left_0" pos="30.11" speed="25.18" angle="130.30" x="23.52" y="8.04"/>
        <vehicle id="cfm-slow_5" eclass="HBEFA3/PC_G_EU4" CO2="4906.36" CO="29.76" HC="0.26" NOx="1.66" PMx="0.09" fuel="2.11" electricity="0.00" noise="71.35" route="routebottom" type="cfm-slow" waiting="0.00" lane="bottom_0" pos="0.19" speed="24.59" angle="94.12" x="64.17" y="-4.94"/>
    </timestep>
    <timestep time="9.18">
        <vehicle id="cfm-fast_0" eclass="HBEFA3/PC_G_EU4" CO2="9496.36" CO="124.81" HC="0.80" NOx="3.82" PMx="0.21" fuel="4.08" electricity="0.00" noise="72.92" route="routebottom" type="cfm-fast" waiting="0.00" lane="bottom_0" pos="19.99" speed="24.78" angle="58.46" x="103.98" y="8.16"/>
        <vehicle id="cfm-fast_1" eclass="HBEFA3/PC_G_EU4" CO2="199883.11" CO="6903.37" HC="36.69" NOx="92.52" PMx="6.39" fuel="85.92" electricity="0.00" noise="125.49" route="routetop" type="cfm-fast" waiting="0.00" lane="top_1" pos="28.27" speed="103.95" angle="223.60" x="12.99" y="104.86"/>
        <vehicle id="cfm-fast_2" eclass="HBEFA3/PC_G_EU4" CO2="12496.77" CO="189.52" HC="1.17" NOx="5.22" PMx="0.29" fuel="5.37" electricity="0.00" noise="74.40" route="routebottom" type="cfm-fast" waiting="0.00" lane="bottom_0" pos="35.80" speed="25.65" angle="30.12" x="125.55" y="34.03"/>
        <vehicle id="cfm-fast_3" eclass="HBEFA3/PC_G_EU4" CO2="12742.21" CO="199.81" HC="1.23" NOx="5.31" PMx="0.30" fuel="5.48" electricity="0.00" noise="74.81" route="routebottom" type="cfm-fast" waiting="0.00" lane="right_0" pos="2.54" speed="26.87" angle="359.93" x="132.06" y="69.23"/>
        <vehicle id="cfm-fast_4" eclass="HBEFA3/PC_G_EU4" CO2="101329.74" CO="5174.45" HC="26.39" NOx="45.99" PMx="3.94" fuel="43.56" electricity="0.00" noise="110.39" route="routebottom" type="cfm-fast" waiting="0.00" lane="bottom_1" pos="24.06" speed="108.18" angle="51.22" x="108.46" y="16.14"/>
        <vehicle id="cfm-fast_5" eclass="HBEFA3/PC_G_EU4" CO2="9889.58" CO="146.91" HC="0.92" NOx="3.94" PMx="0.23" fuel="4.25" electricity="0.00" noise="74.14" route="routebottom" type="cfm-fast" waiting="0.00" lane="right_0" pos="20.55" speed="27.98" angle="327.50" x="118.46" y="104.95"/>
        <vehicle id="cfm-slow_0" eclass="HBEFA3/PC_G_EU4" CO2="0.00" CO="0.00" HC="0.00" NOx="0.00" PMx="0.00" fuel="0.00" electricity="0.00" noise="73.08" route="routebottom" type="cfm-slow" waiting="0.00" lane="right_0" pos="39.64" speed="28.58" angle="293.20" x="85.65" y="128.66"/>
        <vehicle id="cfm-slow_1" eclass="HBEFA3/PC_G_EU4" CO2="0.00" CO="0.00" HC="0.00" NOx="0.00" PMx="0.00" fuel="0.00" electricity="0.00" noise="72.19" route="routetop" type="cfm-slow" waiting="0.00" lane="top_0" pos="13.28" speed="28.42" angle="250.57" x="35.82" y="126.36"/>
        <vehicle id="cfm-slow_2" eclass="HBEFA3/PC_G_EU4" CO2="0.00" CO="0.00" HC="0.00" NOx="0.00" PMx="0.00" fuel="0.00" electricity="0.00" noise="71.45" route="routetop" type="cfm-slow" waiting="0.00" lane="top_0" pos="36.69" speed="27.55" angle="208.49" x="0.99" y="91.57"/>
        <vehicle id="cfm-slow_3" eclass="HBEFA3/PC_G_EU4" CO2="0.00" CO="0.00" HC="0.00" NOx="0.00" PMx="0.00" fuel="0.00" electricity="0.00" noise="70.85" route="routetop" type="cfm-slow" waiting="0.00" lane="left_0" pos="9.16" speed="26.31" angle="167.95" x="-2.10" y="44.13"/>
        <vehicle id="cfm-slow_4" eclass="HBEFA3/PC_G_EU4" CO2="0.00" CO="0.00" HC="0.00" NOx="0.00" PMx="0.00" fuel="0.00" electricity="0.00" noise="70.67" route="routetop" type="cfm-slow" waiting="0.00" lane="left_0" pos="30.36" speed="25.18" angle="129.83" x="23.96" y="7.72"/>
        <vehicle id="cfm-slow_5" eclass="HBEFA3/PC_G_EU4" CO2="4951.12" CO="30.69" HC="0.26" NOx="1.68" PMx="0.09" fuel="2.13" electricity="0.00" noise="71.36" route="routebottom" type="cfm-slow" waiting="0.00" lane="bottom_0" pos="0.44" speed="24.60" angle="93.68" x="64.70" y="-4.93"/>
    </timestep>
    <timestep time="9.19">
        <vehicle id="cfm-fast_0" eclass="HBEFA3/PC_G_EU4" CO2="9525.96" CO="125.44" HC="0.81" NOx="3.84" PMx="0.21" fuel="4.09" electricity="0.00" noise="72.93" route="routebottom" type="cfm-fast" waiting="0.00" lane="bottom_0" pos="20.24" speed="24.79" angle="58.00" x="104.42" y="8.48"/>
        <vehicle id="cfm-fast_1" eclass="HBEFA3/PC_G_EU4" CO2="198942.42" CO="6887.19" HC="36.59" NOx="92.08" PMx="6.37" fuel="85.52" electricity="0.00" noise="125.34" route="routetop" type="cfm-fast" waiting="0.00" lane="top_1" pos="29.31" speed="104.00" angle="221.70" x="11.67" y="103.18"/>
        <vehicle id="cfm-fast_2" eclass="HBEFA3/PC_G_EU4" CO2="12501.10" CO="189.65" HC="1.18" NOx="5.22" PMx="0.29" fuel="5.37" electricity="0.00" noise="74.40" route="routebottom" type="cfm-fast" waiting="0.00" lane="bottom_0" pos="36.06" speed="25.66" angle="29.68" x="125.78" y="34.53"/>
        <vehicle id="cfm-fast_3" eclass="HBEFA3/PC_G_EU4" CO2="12716.79" CO="199.34" HC="1.23" NOx="5.30" PMx="0.30" fuel="5.47" electricity="0.00" noise="74.81" route="routebottom" type="cfm-fast" waiting="0.00" lane="right_0" pos="2.81" speed="26.88" angle="359.45" x="132.00" y="69.80"/>
        <vehicle id="cfm-fast_4" eclass="HBEFA3/PC_G_EU4" CO2="101070.11" CO="5169.63" HC="26.36" NOx="45.87" PMx="3.93" fuel="43.45" electricity="0.00" noise="110.35" route="routebottom" type="cfm-fast" waiting="0.00" lane="bottom_1" pos="25.14" speed="108.19" angle="49.26" x="110.04" y="17.70"/>
        <vehicle id="cfm-fast_5" eclass="HBEFA3/PC_G_EU4" CO2="9840.11" CO="145.93" HC="0.91" NOx="3.91" PMx="0.22" fuel="4.23" electricity="0.00" noise="74.13" route="routebottom" type="cfm-fast" waiting="0.00" lane="right_0" pos="20.83" speed="27.99" angle="327.00" x="118.09" y="105.42"/>
        <vehicle id="cfm-slow_0" eclass="HBEFA3/PC_G_EU4" CO2="0.00" CO="0.00" HC="0.00" NOx="0.00" PMx="0.00" fuel="0.00" electricity="0.00" noise="73.06" route="routebottom" type="cfm-slow" waiting="0.00" lane="right_0" pos="39.93" speed="28.58" angle="292.72" x="85.07" y="128.85"/>
        <vehicle id="cfm-slow_1" eclass="HBEFA3/PC_G_EU4" CO2="0.00" CO="0.00" HC="0.00" NOx="0.00" PMx="0.00" fuel="0.00" electricity="0.00" noise="72.18" route="routetop" type="cfm-slow" waiting="0.00" lane="top_0" pos="13.56" speed="28.41" angle="250.05" x="35.27" y="126.11"/>
        <vehicle id="cfm-slow_2" eclass="HBEFA3/PC_G_EU4" CO2="0.00" CO="0.00" HC="0.00" NOx="0.00" PMx="0.00" fuel="0.00" electricity="0.00" noise="71.45" route="routetop" type="cfm-slow" waiting="0.00" lane="top_0" pos="36.96" speed="27.54" angle="207.97" x="0.75" y="91.03"/>
        <vehicle id="cfm-slow_3" eclass="HBEFA3/PC_G_EU4" CO2="0.00" CO="0.00" HC="0.00" NOx="0.00" PMx="0.00" fuel="0.00" electricity="0.00" noise="70.85" route="routetop" type="cfm-slow" waiting="0.00" lane="left_0" pos="9.42" speed="26.30" angle="167.46" x="-1.93" y="43.59"/>
        <vehicle id="cfm-slow_4" eclass="HBEFA3/PC_G_EU4" CO2="0.00" CO="0.00" HC="0.00" NOx="0.00" PMx="0.00" fuel="0.00" electricity="0.00" noise="70.67" route="routetop" type="cfm-slow" waiting="0.00" lane="left_0" pos="30.61" speed="25.17" angle="129.37" x="24.39" y="7.41"/>
        <vehicle id="cfm-slow_5" eclass="HBEFA3/PC_G_EU4" CO2="4995.72" CO="31.61" HC="0.27" NOx="1.70" PMx="0.09" fuel="2.15" electricity="0.00" noise="71.37" route="routebottom" type="cfm-slow" waiting="0.00" lane="bottom_0" pos="0.68" speed="24.60" angle="93.23" x="65.23" y="-4.92"/>
    </timestep>
    <timestep time="9.20">
        <vehicle id="cfm-fast_0" eclass="HBEFA3/PC_G_EU4" CO2="9555.33" CO="126.07" HC="0.81" NOx="3.85" PMx="0.21" fuel="4.11" electricity="0.00" noise="72.95" route="routebottom" type="cfm-fast" waiting="0.00" lane="bottom_0" pos="20.49" speed="24.80" angle="57.60" x="104.85" y="8.79"/>
        <vehicle id="cfm-fast_1" eclass="HBEFA3/PC_G_EU4" CO2="198007.20" CO="6871.10" HC="36.49" NOx="91.64" PMx="6.35" fuel="85.11" electricity="0.00" noise="125.19" route="routetop" type="cfm-fast" waiting="0.00" lane="top_1" pos="30.35" speed="104.04" angle="219.80" x="10.42" y="101.45"/>
        <vehicle id="cfm-fast_2" eclass="HBEFA3/PC_G_EU4" CO2="12505.15" CO="189.78" HC="1.18" NOx="5.22" PMx="0.29" fuel="5.38" electricity="0.00" noise="74.41" route="routebottom" type="cfm-fast" waiting="0.00" lane="bottom_0" pos="36.32" speed="25.67" angle="29.18" x="126.01" y="35.03"/>
        <vehicle id="cfm-fast_3" eclass="HBEFA3/PC_G_EU4" CO2="12691.14" CO="198.86" HC="1.22" NOx="5.28" PMx="0.30" fuel="5.46" electricity="0.00" noise="74.80" route="routebottom" type="cfm-fast" waiting="0.00" lane="right_0" pos="3.08" speed="26.89" angle="358.97" x="131.94" y="70.38"/>
        <vehicle id="cfm-fast_4" eclass="HBEFA3/PC_G_EU4" CO2="100815.09" CO="5164.91" HC="26.33" NOx="45.75" PMx="3.93" fuel="43.34" electricity="0.00" noise="110.32" route="routebottom" type="cfm-fast" waiting="0.00" lane="bottom_1" pos="26.23" speed="108.19" angle="47.31" x="111.58" y="19.30"/>
        <vehicle id="cfm-fast_5" eclass="HBEFA3/PC_G_EU4" CO2="9790.58" CO="144.94" HC="0.91" NOx="3.89" PMx="0.22" fuel="4.21" electricity="0.00" noise="74.12" route="routebottom" type="cfm-fast" waiting="0.00" lane="right_0" pos="21.10" speed="28.00" angle="326.49" x="117.71" y="105.89"/>
        <vehicle id="cfm-slow_0" eclass="HBEFA3/PC_G_EU4" CO2="0.00" CO="0.00" HC="0.00" NOx="0.00" PMx="0.00" fuel="0.00" electricity="0.00" noise="73.05" route="routebottom" type="cfm-slow" waiting="0.00" lane="right_0" pos="40.21" speed="28.58" angle="292.18" x="84.48" y="129.03"/>
        <vehicle id="cfm-slow_1" eclass="HBEFA3/PC_G_EU4" CO2="0.00" CO="0.00" HC="0.00" NOx="0.00" PMx="0.00" fuel="0.00" electricity="0.00" noise="72.17" route="routetop" type="cfm-slow" waiting="0.00" lane="top_0" pos="13.85" speed="28.40" angle="249.53" x="34.71" y="125.86"/>
        <vehicle id="cfm-slow_2" eclass="HBEFA3/PC_G_EU4" CO2="0.00" CO="0.00" HC="0.00" NOx="0.00" PMx="0.00" fuel="0.00" electricity="0.00" noise="71.44" route="routetop" type="cfm-slow" waiting="0.00" lane="top_0" pos="37.24" speed="27.53" angle="207.53" x="0.51" y="90.49"/>
        <vehicle id="cfm-slow_3" eclass="HBEFA3/PC_G_EU4" CO2="0.00" CO="0.00" HC="0.00" NOx="0.00" PMx="0.00" fuel="0.00" electricity="0.00" noise="70.85" route="routetop" type="cfm-slow" waiting="0.00" lane="left_0" pos="9.69" speed="26.29" angle="166.97" x="-1.77" y="43.05"/>
        <vehicle id="cfm-slow_4" eclass="HBEFA3/PC_G_EU4" CO2="0.00" CO="0.00" HC="0.00" NOx="0.00" PMx="0.00" fuel="0.00" electricity="0.00" noise="70.67" route="routetop" type="cfm-slow" waiting="0.00" lane="left_0" pos="30.86" speed="25.17" angle="128.98" x="24.84" y="7.10"/>
        <vehicle id="cfm-slow_5" eclass="HBEFA3/PC_G_EU4" CO2="5040.19" CO="32.53" HC="0.27" NOx="1.72" PMx="0.09" fuel="2.17" electricity="0.00" noise="71.39" route="routebottom" type="cfm-slow" waiting="0.00" lane="bottom_0" pos="0.93" speed="24.60" angle="92.79" x="65.76" y="-4.90"/>
    </timestep>
    <timestep time="9.21">
        <vehicle id="cfm-fast_0" eclass="HBEFA3/PC_G_EU4" CO2="9584.47" CO="126.70" HC="0.82" NOx="3.86" PMx="0.21" fuel="4.12" electricity="0.00" noise="72.96" route="routebottom" type="cfm-fast" waiting="0.00" lane="bottom_0" pos="20.73" speed="24.80" angle="57.16" x="105.27" y="9.12"/>
        <vehicle id="cfm-fast_1" eclass="HBEFA3/PC_G_EU4" CO2="197077.47" CO="6855.10" HC="36.40" NOx="91.20" PMx="6.32" fuel="84.71" electricity="0.00" noise="125.04" route="routetop" type="cfm-fast" waiting="0.00" lane="top_1" pos="31.40" speed="104.09" angle="217.95" x="9.21" y="99.69"/>
        <vehicle id="cfm-fast_2" eclass="HBEFA3/PC_G_EU4" CO2="12508.92" CO="189.91" HC="1.18" NOx="5.22" PMx="0.29" fuel="5.38" electricity="0.00" noise="74.41" route="routebottom" type="cfm-fast" waiting="0.00" lane="bottom_0" pos="36.57" speed="25.68" angle="28.68" x="126.23" y="35.54"/>
        <vehicle id="cfm-fast_3" eclass="HBEFA3/PC_G_EU4" CO2="12665.25" CO="198.39" HC="1.22" NOx="5.27" PMx="0.29" fuel="5.44" electricity="0.00" noise="74.79" route="routebottom" type="cfm-fast" waiting="0.00" lane="right_0" pos="3.35" speed="26.91" angle="358.48" x="131.88" y="70.95"/>
        <vehicle id="cfm-fast_4" eclass="HBEFA3/PC_G_EU4" CO2="100564.60" CO="5160.27" HC="26.31" NOx="45.63" PMx="3.92" fuel="43.23" electricity="0.00" noise="110.28" route="routebottom" type="cfm-fast" waiting="0.00" lane="bottom_1" pos="27.31" speed="108.20" angle="45.37" x="113.06" y="20.95"/>
        <vehicle id="cfm-fast_5" eclass="HBEFA3/PC_G_EU4" CO2="9740.99" CO="143.96" HC="0.90" NOx="3.87" PMx="0.22" fuel="4.19" electricity="0.00" noise="74.11" route="routebottom" type="cfm-fast" waiting="0.00" lane="right_0" pos="21.39" speed="28.00" angle="325.98" x="117.34" y="106.37"/>
        <vehicle id="cfm-slow_0" eclass="HBEFA3/PC_G_EU4" CO2="0.00" CO="0.00" HC="0.00" NOx="0.00" PMx="0.00" fuel="0.00" electricity="0.00" noise="73.04" route="routebottom" type="cfm-slow" waiting="0.00" lane="right_0" pos="40.50" speed="28.58" angle="291.63" x="83.89" y="129.22"/>
        <vehicle id="cfm-slow_1" eclass="HBEFA3/PC_G_EU4" CO2="0.00" CO="0.00" HC="0.00" NOx="0.00" PMx="0.00" fuel="0.00" electricity="0.00" noise="72.16" route="routetop" type="cfm-slow" waiting="0.00" lane="top_0" pos="14.13" speed="28.39" angle="249.07" x="34.15" y="125.61"/>
        <vehicle id="cfm-slow_2" eclass="HBEFA3/PC_G_EU4" CO2="0.00" CO="0.00" HC="0.00" NOx="0.00" PMx="0.00" fuel="0.00" electricity="0.00" noise="71.44" route="routetop" type="cfm-slow" waiting="0.00" lane="top_0" pos="37.51" speed="27.52" angle="207.03" x="0.29" y="89.94"/>
        <vehicle id="cfm-slow_3" eclass="HBEFA3/PC_G_EU4" CO2="0.00" CO="0.00" HC="0.00" NOx="0.00" PMx="0.00" fuel="0.00" electricity="0.00" noise="70.84" route="routetop" type="cfm-slow" waiting="0.00" lane="left_0" pos="9.95" speed="26.28" angle="166.49" x="-1.60" y="42.51"/>
        <vehicle id="cfm-slow_4" eclass="HBEFA3/PC_G_EU4" CO2="0.00" CO="0.00" HC="0.00" NOx="0.00" PMx="0.00" fuel="0.00" electricity="0.00" noise="70.68" route="routetop" type="cfm-slow" waiting="0.00" lane="left_0" pos="31.12" speed="25.16" angle="128.52" x="25.29" y="6.80"/>
        <vehicle id="cfm-slow_5" eclass="HBEFA3/PC_G_EU4" CO2="5084.51" CO="33.44" HC="0.28" NOx="1.74" PMx="0.09" fuel="2.19" electricity="0.00" noise="71.40" route="routebottom" type="cfm-slow" waiting="0.00" lane="bottom_0" pos="1.18" speed="24.60" angle="92.34" x="66.29" y="-4.89"/>
    </timestep>
    <timestep time="9.22">
        <vehicle id="cfm-fast_0" eclass="HBEFA3/PC_G_EU4" CO2="9613.38" CO="127.32" HC="0.82" NOx="3.88" PMx="0.21" fuel="4.13" electricity="0.00" noise="72.98" route="routebottom" type="cfm-fast" waiting="0.00" lane="bottom_0" pos="20.98" speed="24.81" angle="56.71" x="105.69" y="9.44"/>
        <vehicle id="cfm-fast_1" eclass="HBEFA3/PC_G_EU4" CO2="196153.24" CO="6839.18" HC="36.30" NOx="90.76" PMx="6.30" fuel="84.32" electricity="0.00" noise="124.90" route="routetop" type="cfm-fast" waiting="0.00" lane="top_1" pos="32.44" speed="104.13" angle="216.14" x="8.05" y="97.90"/>
        <vehicle id="cfm-fast_2" eclass="HBEFA3/PC_G_EU4" CO2="12512.42" CO="190.02" HC="1.18" NOx="5.23" PMx="0.29" fuel="5.38" electricity="0.00" noise="74.42" route="routebottom" type="cfm-fast" waiting="0.00" lane="bottom_0" pos="36.83" speed="25.69" angle="28.18" x="126.46" y="36.04"/>
        <vehicle id="cfm-fast_3" eclass="HBEFA3/PC_G_EU4" CO2="12639.13" CO="197.90" HC="1.22" NOx="5.26" PMx="0.29" fuel="5.43" electricity="0.00" noise="74.78" route="routebottom" type="cfm-fast" waiting="0.00" lane="right_0" pos="3.62" speed="26.92" angle="358.00" x="131.82" y="71.53"/>
        <vehicle id="cfm-fast_4" eclass="HBEFA3/PC_G_EU4" CO2="100318.55" CO="5155.71" HC="26.28" NOx="45.52" PMx="3.92" fuel="43.12" electricity="0.00" noise="110.24" route="routebottom" type="cfm-fast" waiting="0.00" lane="bottom_1" pos="28.39" speed="108.21" angle="43.38" x="114.48" y="22.65"/>
        <vehicle id="cfm-fast_5" eclass="HBEFA3/PC_G_EU4" CO2="9691.34" CO="142.97" HC="0.90" NOx="3.84" PMx="0.22" fuel="4.17" electricity="0.00" noise="74.09" route="routebottom" type="cfm-fast" waiting="0.00" lane="right_0" pos="21.67" speed="28.01" angle="325.48" x="116.97" y="106.84"/>
        <vehicle id="cfm-slow_0" eclass="HBEFA3/PC_G_EU4" CO2="0.00" CO="0.00" HC="0.00" NOx="0.00" PMx="0.00" fuel="0.00" electricity="0.00" noise="73.03" route="routebottom" type="cfm-slow" waiting="0.00" lane="right_0" pos="40.79" speed="28.57" angle="291.09" x="83.30" y="129.40"/>
        <vehicle id="cfm-slow_1" eclass="HBEFA3/PC_G_EU4" CO2="0.00" CO="0.00" HC="0.00" NOx="0.00" PMx="0.00" fuel="0.00" electricity="0.00" noise="72.16" route="routetop" type="cfm-slow" waiting="0.00" lane="top_0" pos="14.42" speed="28.39" angle="248.53" x="33.61" y="125.34"/>
        <vehicle id="cfm-slow_2" eclass="HBEFA3/PC_G_EU4" CO2="0.00" CO="0.00" HC="0.00" NOx="0.00" PMx="0.00" fuel="0.00" electricity="0.00" noise="71.43" route="routetop" type="cfm-slow" waiting="0.00" lane="top_0" pos="37.79" speed="27.51" angle="206.52" x="0.07" y="89.39"/>
        <vehicle id="cfm-slow_3" eclass="HBEFA3/PC_G_EU4" CO2="0.00" CO="0.00" HC="0.00" NOx="0.00" PMx="0.00" fuel="0.00" electricity="0.00" noise="70.84" route="routetop" type="cfm-slow" waiting="0.00" lane="left_0" pos="10.21" speed="26.27" angle="166.06" x="-1.43" y="41.97"/>
        <vehicle id="cfm-slow_4" eclass="HBEFA3/PC_G_EU4" CO2="0.00" CO="0.00" HC="0.00" NOx="0.00" PMx="0.00" fuel="0.00" electricity="0.00" noise="70.68" route="routetop" type="cfm-slow" waiting="0.00" lane="left_0" pos="31.37" speed="25.15" angle="128.07" x="25.74" y="6.50"/>
        <vehicle id="cfm-slow_5" eclass="HBEFA3/PC_G_EU4" CO2="5128.69" CO="34.36" HC="0.28" NOx="1.77" PMx="0.09" fuel="2.20" electricity="0.00" noise="71.41" route="routebottom" type="cfm-slow" waiting="0.00" lane="bottom_0" pos="1.42" speed="24.60" angle="91.92" x="66.82" y="-4.87"/>
    </timestep>
    <timestep time="9.23">
        <vehicle id="cfm-fast_0" eclass="HBEFA3/PC_G_EU4" CO2="9642.06" CO="127.93" HC="0.82" NOx="3.89" PMx="0.21" fuel="4.14" electricity="0.00" noise="72.99" route="routebottom" type="cfm-fast" waiting="0.00" lane="bottom_0" pos="21.23" speed="24.82" angle="56.26" x="106.11" y="9.77"/>
        <vehicle id="cfm-fast_1" eclass="HBEFA3/PC_G_EU4" CO2="195234.50" CO="6823.35" HC="36.21" NOx="90.33" PMx="6.28" fuel="83.92" electricity="0.00" noise="124.75" route="routetop" type="cfm-fast" waiting="0.00" lane="top_1" pos="33.48" speed="104.18" angle="214.30" x="6.96" y="96.06"/>
        <vehicle id="cfm-fast_2" eclass="HBEFA3/PC_G_EU4" CO2="12515.65" CO="190.14" HC="1.18" NOx="5.23" PMx="0.29" fuel="5.38" electricity="0.00" noise="74.42" route="routebottom" type="cfm-fast" waiting="0.00" lane="bottom_0" pos="37.09" speed="25.71" angle="27.70" x="126.69" y="36.55"/>
        <vehicle id="cfm-fast_3" eclass="HBEFA3/PC_G_EU4" CO2="12612.77" CO="197.41" HC="1.21" NOx="5.25" PMx="0.29" fuel="5.42" electricity="0.00" noise="74.78" route="routebottom" type="cfm-fast" waiting="0.00" lane="right_0" pos="3.89" speed="26.93" angle="357.54" x="131.75" y="72.11"/>
        <vehicle id="cfm-fast_4" eclass="HBEFA3/PC_G_EU4" CO2="100076.84" CO="5151.24" HC="26.25" NOx="45.40" PMx="3.91" fuel="43.02" electricity="0.00" noise="110.21" route="routebottom" type="cfm-fast" waiting="0.00" lane="bottom_1" pos="29.47" speed="108.21" angle="41.43" x="115.85" y="24.40"/>
        <vehicle id="cfm-fast_5" eclass="HBEFA3/PC_G_EU4" CO2="9641.63" CO="141.98" HC="0.89" NOx="3.82" PMx="0.22" fuel="4.14" electricity="0.00" noise="74.08" route="routebottom" type="cfm-fast" waiting="0.00" lane="right_0" pos="21.95" speed="28.02" angle="325.00" x="116.59" y="107.31"/>
        <vehicle id="cfm-slow_0" eclass="HBEFA3/PC_G_EU4" CO2="0.00" CO="0.00" HC="0.00" NOx="0.00" PMx="0.00" fuel="0.00" electricity="0.00" noise="73.02" route="routebottom" type="cfm-slow" waiting="0.00" lane="right_0" pos="41.07" speed="28.57" angle="290.62" x="82.72" y="129.58"/>
        <vehicle id="cfm-slow_1" eclass="HBEFA3/PC_G_EU4" CO2="0.00" CO="0.00" HC="0.00" NOx="0.00" PMx="0.00" fuel="0.00" electricity="0.00" noise="72.15" route="routetop" type="cfm-slow" waiting="0.00" lane="top_0" pos="14.70" speed="28.38" angle="247.99" x="33.06" y="125.06"/>
        <vehicle id="cfm-slow_2" eclass="HBEFA3/PC_G_EU4" CO2="0.00" CO="0.00" HC="0.00" NOx="0.00" PMx="0.00" fuel="0.00" electricity="0.00" noise="71.43" route="routetop" type="cfm-slow" waiting="0.00" lane="top_0" pos="38.06" speed="27.49" angle="206.01" x="-0.15" y="88.84"/>
        <vehicle id="cfm-slow_3" eclass="HBEFA3/PC_G_EU4" CO2="0.00" CO="0.00" HC="0.00" NOx="0.00" PMx="0.00" fuel="0.00" electricity="0.00" noise="70.84" route="routetop" type="cfm-slow" waiting="0.00" lane="left_0" pos="10.47" speed="26.26" angle="165.58" x="-1.25" y="41.44"/>
        <vehicle id="cfm-slow_4" eclass="HBEFA3/PC_G_EU4" CO2="0.00" CO="0.00" HC="0.00" NOx="0.00" PMx="0.00" fuel="0.00" electricity="0.00" noise="70.69" route="routetop" type="cfm-slow" waiting="0.00" lane="left_0" pos="31.62" speed="25.15" angle="127.62" x="26.19" y="6.20"/>
        <vehicle id="cfm-slow_5" eclass="HBEFA3/PC_G_EU4" CO2="5172.71" CO="35.27" HC="0.29" NOx="1.79" PMx="0.09" fuel="2.22" electricity="0.00" noise="71.43" route="routebottom" type="cfm-slow" waiting="0.00" lane="bottom_0" pos="1.67" speed="24.60" angle="91.48" x="67.35" y="-4.84"/>
    </timestep>
    <timestep time="9.24">
        <vehicle id="cfm-fast_0" eclass="HBEFA3/PC_G_EU4" CO2="9670.51" CO="128.54" HC="0.83" NOx="3.90" PMx="0.21" fuel="4.16" electricity="0.00" noise="73.00" route="routebottom" type="cfm-fast" waiting="0.00" lane="bottom_0" pos="21.48" speed="24.83" angle="55.81" x="106.53" y="10.10"/>
        <vehicle id="cfm-fast_1" eclass="HBEFA3/PC_G_EU4" CO2="194321.28" CO="6807.62" HC="36.11" NOx="89.90" PMx="6.25" fuel="83.53" electricity="0.00" noise="124.60" route="routetop" type="cfm-fast" waiting="0.00" lane="top_1" pos="34.52" speed="104.22" angle="212.41" x="5.93" y="94.19"/>
        <vehicle id="cfm-fast_2" eclass="HBEFA3/PC_G_EU4" CO2="12518.59" CO="190.24" HC="1.18" NOx="5.23" PMx="0.29" fuel="5.38" electricity="0.00" noise="74.43" route="routebottom" type="cfm-fast" waiting="0.00" lane="bottom_0" pos="37.34" speed="25.72" angle="27.29" x="126.90" y="37.06"/>
        <vehicle id="cfm-fast_3" eclass="HBEFA3/PC_G_EU4" CO2="12586.18" CO="196.92" HC="1.21" NOx="5.23" PMx="0.29" fuel="5.41" electricity="0.00" noise="74.77" route="routebottom" type="cfm-fast" waiting="0.00" lane="right_0" pos="4.16" speed="26.94" angle="357.05" x="131.67" y="72.68"/>
        <vehicle id="cfm-fast_4" eclass="HBEFA3/PC_G_EU4" CO2="99839.41" CO="5146.85" HC="26.23" NOx="45.29" PMx="3.90" fuel="42.92" electricity="0.00" noise="110.17" route="routebottom" type="cfm-fast" waiting="0.00" lane="bottom_1" pos="30.55" speed="108.22" angle="39.49" x="117.15" y="26.20"/>
        <vehicle id="cfm-fast_5" eclass="HBEFA3/PC_G_EU4" CO2="9591.87" CO="140.99" HC="0.88" NOx="3.80" PMx="0.22" fuel="4.12" electricity="0.00" noise="74.07" route="routebottom" type="cfm-fast" waiting="0.00" lane="right_0" pos="22.23" speed="28.02" angle="324.47" x="116.20" y="107.77"/>
        <vehicle id="cfm-slow_0" eclass="HBEFA3/PC_G_EU4" CO2="0.00" CO="0.00" HC="0.00" NOx="0.00" PMx="0.00" fuel="0.00" electricity="0.00" noise="73.01" route="routebottom" type="cfm-slow" waiting="0.00" lane="right_0" pos="41.36" speed="28.57" angle="290.10" x="82.12" y="129.74"/>
        <vehicle id="cfm-slow_1" eclass="HBEFA3/PC_G_EU4" CO2="0.00" CO="0.00" HC="0.00" NOx="0.00" PMx="0.00" fuel="0.00" electricity="0.00" noise="72.14" route="routetop" type="cfm-slow" waiting="0.00" lane="top_0" pos="14.98" speed="28.37" angle="247.45" x="32.52" y="124.79"/>
        <vehicle id="cfm-slow_2" eclass="HBEFA3/PC_G_EU4" CO2="0.00" CO="0.00" HC="0.00" NOx="0.00" PMx="0.00" fuel="0.00" electricity="0.00" noise="71.42" route="routetop" type="cfm-slow" waiting="0.00" lane="top_0" pos="38.34" speed="27.48" angle="205.51" x="-0.37" y="88.29"/>
        <vehicle id="cfm-slow_3" eclass="HBEFA3/PC_G_EU4" CO2="0.00" CO="0.00" HC="0.00" NOx="0.00" PMx="0.00" fuel="0.00" electricity="0.00" noise="70.84" route="routetop" type="cfm-slow" waiting="0.00" lane="left_0" pos="10.74" speed="26.24" angle="165.10" x="-1.05" y="40.91"/>
        <vehicle id="cfm-slow_4" eclass="HBEFA3/PC_G_EU4" CO2="0.00" CO="0.00" HC="0.00" NOx="0.00" PMx="0.00" fuel="0.00" electricity="0.00" noise="70.69" route="routetop" type="cfm-slow" waiting="0.00" lane="left_0" pos="31.87" speed="25.14" angle="127.16" x="26.64" y="5.90"/>
        <vehicle id="cfm-slow_5" eclass="HBEFA3/PC_G_EU4" CO2="5216.60" CO="36.18" HC="0.29" NOx="1.81" PMx="0.09" fuel="2.24" electricity="0.00" noise="71.44" route="routebottom" type="cfm-slow" waiting="0.00" lane="bottom_0" pos="1.91" speed="24.60" angle="91.04" x="67.88" y="-4.81"/>
    </timestep>
    <timestep time="9.25">
        <vehicle id="cfm-fast_0" eclass="HBEFA3/PC_G_EU4" CO2="9698.72" CO="129.15" HC="0.83" NOx="3.92" PMx="0.21" fuel="4.17" electricity="0.00" noise="73.02" route="routebottom" type="cfm-fast" waiting="0.00" lane="bottom_0" pos="21.73" speed="24.84" angle="55.39" x="106.95" y="10.43"/>
        <vehicle id="cfm-fast_1" eclass="HBEFA3/PC_G_EU4" CO2="193413.56" CO="6791.97" HC="36.02" NOx="89.47" PMx="6.23" fuel="83.14" electricity="0.00" noise="124.46" route="routetop" type="cfm-fast" waiting="0.00" lane="top_1" pos="35.56" speed="104.26" angle="210.55" x="4.96" y="92.29"/>
        <vehicle id="cfm-fast_2" eclass="HBEFA3/PC_G_EU4" CO2="12521.27" CO="190.34" HC="1.18" NOx="5.23" PMx="0.29" fuel="5.38" electricity="0.00" noise="74.43" route="routebottom" type="cfm-fast" waiting="0.00" lane="bottom_0" pos="37.60" speed="25.73" angle="26.82" x="127.11" y="37.57"/>
        <vehicle id="cfm-fast_3" eclass="HBEFA3/PC_G_EU4" CO2="12559.37" CO="196.42" HC="1.21" NOx="5.22" PMx="0.29" fuel="5.40" electricity="0.00" noise="74.76" route="routebottom" type="cfm-fast" waiting="0.00" lane="right_0" pos="4.43" speed="26.95" angle="356.56" x="131.59" y="73.25"/>
        <vehicle id="cfm-fast_4" eclass="HBEFA3/PC_G_EU4" CO2="99606.17" CO="5142.54" HC="26.20" NOx="45.18" PMx="3.90" fuel="42.82" electricity="0.00" noise="110.14" route="routebottom" type="cfm-fast" waiting="0.00" lane="bottom_1" pos="31.64" speed="108.23" angle="37.57" x="118.39" y="28.03"/>
        <vehicle id="cfm-fast_5" eclass="HBEFA3/PC_G_EU4" CO2="9542.06" CO="140.00" HC="0.88" NOx="3.77" PMx="0.22" fuel="4.10" electricity="0.00" noise="74.05" route="routebottom" type="cfm-fast" waiting="0.00" lane="right_0" pos="22.51" speed="28.03" angle="323.94" x="115.81" y="108.23"/>
        <vehicle id="cfm-slow_0" eclass="HBEFA3/PC_G_EU4" CO2="0.00" CO="0.00" HC="0.00" NOx="0.00" PMx="0.00" fuel="0.00" electricity="0.00" noise="73.00" route="routebottom" type="cfm-slow" waiting="0.00" lane="right_0" pos="41.64" speed="28.57" angle="289.58" x="81.53" y="129.89"/>
        <vehicle id="cfm-slow_1" eclass="HBEFA3/PC_G_EU4" CO2="0.00" CO="0.00" HC="0.00" NOx="0.00" PMx="0.00" fuel="0.00" electricity="0.00" noise="72.13" route="routetop" type="cfm-slow" waiting="0.00" lane="top_0" pos="15.27" speed="28.36" angle="246.92" x="31.97" y="124.51"/>
        <vehicle id="cfm-slow_2" eclass="HBEFA3/PC_G_EU4" CO2="0.00" CO="0.00" HC="0.00" NOx="0.00" PMx="0.00" fuel="0.00" electricity="0.00" noise="71.41" route="routetop" type="cfm-slow" waiting="0.00" lane="top_0" pos="38.61" speed="27.47" angle="205.06" x="-0.58" y="87.74"/>
        <vehicle id="cfm-slow_3" eclass="HBEFA3/PC_G_EU4" CO2="0.00" CO="0.00" HC="0.00" NOx="0.00" PMx="0.00" fuel="0.00" electricity="0.00" noise="70.83" route="routetop" type="cfm-slow" waiting="0.00" lane="left_0" pos="11.00" speed="26.23" angle="164.61" x="-0.86" y="40.38"/>
        <vehicle id="cfm-slow_4" eclass="HBEFA3/PC_G_EU4" CO2="0.00" CO="0.00" HC="0.00" NOx="0.00" PMx="0.00" fuel="0.00" electricity="0.00" noise="70.70" route="routetop" type="cfm-slow" waiting="0.00" lane="left_0" pos="32.12" speed="25.14" angle="126.77" x="27.09" y="5.60"/>
        <vehicle id="cfm-slow_5" eclass="HBEFA3/PC_G_EU4" CO2="5260.33" CO="37.08" HC="0.30" NOx="1.83" PMx="0.09" fuel="2.26" electricity="0.00" noise="71.45" route="routebottom" type="cfm-slow" waiting="0.00" lane="bottom_0" pos="2.16" speed="24.61" angle="90.60" x="68.40" y="-4.77"/>
    </timestep>
    <timestep time="9.26">
        <vehicle id="cfm-fast_0" eclass="HBEFA3/PC_G_EU4" CO2="9726.70" CO="129.75" HC="0.83" NOx="3.93" PMx="0.21" fuel="4.18" electricity="0.00" noise="73.03" route="routebottom" type="cfm-fast" waiting="0.00" lane="bottom_0" pos="21.97" speed="24.85" angle="54.94" x="107.36" y="10.78"/>
        <vehicle id="cfm-fast_1" eclass="HBEFA3/PC_G_EU4" CO2="192511.36" CO="6776.41" HC="35.93" NOx="89.04" PMx="6.21" fuel="82.75" electricity="0.00" noise="124.31" route="routetop" type="cfm-fast" waiting="0.00" lane="top_1" pos="36.61" speed="104.31" angle="208.65" x="4.06" y="90.35"/>
        <vehicle id="cfm-fast_2" eclass="HBEFA3/PC_G_EU4" CO2="12523.67" CO="190.44" HC="1.18" NOx="5.23" PMx="0.29" fuel="5.38" electricity="0.00" noise="74.43" route="routebottom" type="cfm-fast" waiting="0.00" lane="bottom_0" pos="37.86" speed="25.74" angle="26.36" x="127.31" y="38.09"/>
        <vehicle id="cfm-fast_3" eclass="HBEFA3/PC_G_EU4" CO2="12532.32" CO="195.92" HC="1.21" NOx="5.21" PMx="0.29" fuel="5.39" electricity="0.00" noise="74.75" route="routebottom" type="cfm-fast" waiting="0.00" lane="right_0" pos="4.70" speed="26.96" angle="356.07" x="131.51" y="73.83"/>
        <vehicle id="cfm-fast_4" eclass="HBEFA3/PC_G_EU4" CO2="99377.03" CO="5138.31" HC="26.18" NOx="45.07" PMx="3.89" fuel="42.72" electricity="0.00" noise="110.10" route="routebottom" type="cfm-fast" waiting="0.00" lane="bottom_1" pos="32.72" speed="108.23" angle="35.63" x="119.57" y="29.92"/>
        <vehicle id="cfm-fast_5" eclass="HBEFA3/PC_G_EU4" CO2="9492.20" CO="139.01" HC="0.87" NOx="3.75" PMx="0.22" fuel="4.08" electricity="0.00" noise="74.04" route="routebottom" type="cfm-fast" waiting="0.00" lane="right_0" pos="22.79" speed="28.03" angle="323.40" x="115.42" y="108.69"/>
        <vehicle id="cfm-slow_0" eclass="HBEFA3/PC_G_EU4" CO2="0.00" CO="0.00" HC="0.00" NOx="0.00" PMx="0.00" fuel="0.00" electricity="0.00" noise="72.99" route="routebottom" type="cfm-slow" waiting="0.00" lane="right_0" pos="41.93" speed="28.57" angle="289.06" x="80.93" y="130.05"/>
        <vehicle id="cfm-slow_1" eclass="HBEFA3/PC_G_EU4" CO2="0.00" CO="0.00" HC="0.00" NOx="0.00" PMx="0.00" fuel="0.00" electricity="0.00" noise="72.13" route="routetop" type="cfm-slow" waiting="0.00" lane="top_0" pos="15.55" speed="28.35" angle="246.46" x="31.43" y="124.22"/>
        <vehicle id="cfm-slow_2" eclass="HBEFA3/PC_G_EU4" CO2="0.00" CO="0.00" HC="0.00" NOx="0.00" PMx="0.00" fuel="0.00" electricity="0.00" noise="71.41" route="routetop" type="cfm-slow" waiting="0.00" lane="top_0" pos="38.89" speed="27.46" angle="204.55" x="-0.78" y="87.18"/>
        <vehicle id="cfm-slow_3" eclass="HBEFA3/PC_G_EU4" CO2="0.00" CO="0.00" HC="0.00" NOx="0.00" PMx="0.00" fuel="0.00" electricity="0.00" noise="70.83" route="routetop" type="cfm-slow" waiting="0.00" lane="left_0" pos="11.26" speed="26.22" angle="164.12" x="-0.67" y="39.85"/>
        <vehicle id="cfm-slow_4" eclass="HBEFA3/PC_G_EU4" CO2="0.00" CO="0.00" HC="0.00" NOx="0.00" PMx="0.00" fuel="0.00" electricity="0.00" noise="70.70" route="routetop" type="cfm-slow" waiting="0.00" lane="left_0" pos="32.37" speed="25.13" angle="126.30" x="27.56" y="5.32"/>
        <vehicle id="cfm-slow_5" eclass="HBEFA3/PC_G_EU4" CO2="5303.91" CO="37.98" HC="0.30" NOx="1.85" PMx="0.10" fuel="2.28" electricity="0.00" noise="71.46" route="routebottom" type="cfm-slow" waiting="0.00" lane="bottom_0" pos="2.41" speed="24.61" angle="90.16" x="68.93" y="-4.74"/>
    </timestep>
    <timestep time="9.27">
        <vehicle id="cfm-fast_0" eclass="HBEFA3/PC_G_EU4" CO2="9754.45" CO="130.35" HC="0.84" NOx="3.94" PMx="0.21" fuel="4.19" electricity="0.00" noise="73.04" route="routebottom" type="cfm-fast" waiting="0.00" lane="bottom_0" pos="22.22" speed="24.85" angle="54.47" x="107.77" y="11.12"/>
        <vehicle id="cfm-fast_1" eclass="HBEFA3/PC_G_EU4" CO2="191614.67" CO="6760.94" HC="35.83" NOx="88.62" PMx="6.19" fuel="82.37" electricity="0.00" noise="124.17" route="routetop" type="cfm-fast" waiting="0.00" lane="top_1" pos="37.65" speed="104.35" angle="206.74" x="3.22" y="88.38"/>
        <vehicle id="cfm-fast_2" eclass="HBEFA3/PC_G_EU4" CO2="12525.79" CO="190.53" HC="1.18" NOx="5.23" PMx="0.29" fuel="5.38" electricity="0.00" noise="74.44" route="routebottom" type="cfm-fast" waiting="0.00" lane="bottom_0" pos="38.12" speed="25.75" angle="25.89" x="127.52" y="38.60"/>
        <vehicle id="cfm-fast_3" eclass="HBEFA3/PC_G_EU4" CO2="12505.05" CO="195.41" HC="1.20" NOx="5.19" PMx="0.29" fuel="5.38" electricity="0.00" noise="74.75" route="routebottom" type="cfm-fast" waiting="0.00" lane="right_0" pos="4.97" speed="26.97" angle="355.59" x="131.43" y="74.40"/>
        <vehicle id="cfm-fast_4" eclass="HBEFA3/PC_G_EU4" CO2="99151.92" CO="5134.15" HC="26.15" NOx="44.97" PMx="3.89" fuel="42.62" electricity="0.00" noise="110.07" route="routebottom" type="cfm-fast" waiting="0.00" lane="bottom_1" pos="33.80" speed="108.24" angle="33.69" x="120.68" y="31.84"/>
        <vehicle id="cfm-fast_5" eclass="HBEFA3/PC_G_EU4" CO2="9442.29" CO="138.02" HC="0.87" NOx="3.72" PMx="0.21" fuel="4.06" electricity="0.00" noise="74.03" route="routebottom" type="cfm-fast" waiting="0.00" lane="right_0" pos="23.07" speed="28.04" angle="322.95" x="115.03" y="109.15"/>
        <vehicle id="cfm-slow_0" eclass="HBEFA3/PC_G_EU4" CO2="0.00" CO="0.00" HC="0.00" NOx="0.00" PMx="0.00" fuel="0.00" electricity="0.00" noise="72.98" route="routebottom" type="cfm-slow" waiting="0.00" lane="right_0" pos="42.21" speed="28.57" angle="288.55" x="80.34" y="130.21"/>
        <vehicle id="cfm-slow_1" eclass="HBEFA3/PC_G_EU4" CO2="0.00" CO="0.00" HC="0.00" NOx="0.00" PMx="0.00" fuel="0.00" electricity="0.00" noise="72.12" route="routetop" type="cfm-slow" waiting="0.00" lane="top_0" pos="15.83" speed="28.34" angle="245.95" x="30.90" y="123.93"/>
        <vehicle id="cfm-slow_2" eclass="HBEFA3/PC_G_EU4" CO2="0.00" CO="0.00" HC="0.00" NOx="0.00" PMx="0.00" fuel="0.00" electricity="0.00" noise="71.40" route="routetop" type="cfm-slow" waiting="0.00" lane="top_0" pos="39.16" speed="27.45" angle="204.04" x="-0.98" y="86.63"/>
        <vehicle id="cfm-slow_3" eclass="HBEFA3/PC_G_EU4" CO2="0.00" CO="0.00" HC="0.00" NOx="0.00" PMx="0.00" fuel="0.00" electricity="0.00" noise="70.83" route="routetop" type="cfm-slow" waiting="0.00" lane="left_0" pos="11.52" speed="26.21" angle="163.71" x="-0.48" y="39.32"/>
        <vehicle id="cfm-slow_4" eclass="HBEFA3/PC_G_EU4" CO2="0.00" CO="0.00" HC="0.00" NOx="0.00" PMx="0.00" fuel="0.00" electricity="0.00" noise="70.70" route="routetop" type="cfm-slow" waiting="0.00" lane="left_0" pos="32.62" speed="25.12" angle="125.83" x="28.02" y="5.04"/>
        <vehicle id="cfm-slow_5" eclass="HBEFA3/PC_G_EU4" CO2="5347.35" CO="38.88" HC="0.31" NOx="1.87" PMx="0.10" fuel="2.30" electricity="0.00" noise="71.48" route="routebottom" type="cfm-slow" waiting="0.00" lane="bottom_0" pos="2.65" speed="24.61" angle="89.74" x="69.46" y="-4.70"/>
    </timestep>
    <timestep time="9.28">
        <vehicle id="cfm-fast_0" eclass="HBEFA3/PC_G_EU4" CO2="9781.96" CO="130.94" HC="0.84" NOx="3.96" PMx="0.21" fuel="4.20" electricity="0.00" noise="73.06" route="routebottom" type="cfm-fast" waiting="0.00" lane="bottom_0" pos="22.47" speed="24.86" angle="54.00" x="108.18" y="11.47"/>
        <vehicle id="cfm-fast_1" eclass="HBEFA3/PC_G_EU4" CO2="190723.50" CO="6745.56" HC="35.74" NOx="88.20" PMx="6.17" fuel="81.98" electricity="0.00" noise="124.03" route="routetop" type="cfm-fast" waiting="0.00" lane="top_1" pos="38.69" speed="104.39" angle="204.84" x="2.44" y="86.39"/>
        <vehicle id="cfm-fast_2" eclass="HBEFA3/PC_G_EU4" CO2="12527.64" CO="190.61" HC="1.18" NOx="5.23" PMx="0.29" fuel="5.39" electricity="0.00" noise="74.44" route="routebottom" type="cfm-fast" waiting="0.00" lane="bottom_0" pos="38.37" speed="25.77" angle="25.44" x="127.72" y="39.11"/>
        <vehicle id="cfm-fast_3" eclass="HBEFA3/PC_G_EU4" CO2="12477.55" CO="194.89" HC="1.20" NOx="5.18" PMx="0.29" fuel="5.36" electricity="0.00" noise="74.74" route="routebottom" type="cfm-fast" waiting="0.00" lane="right_0" pos="5.24" speed="26.98" angle="355.04" x="131.33" y="74.97"/>
        <vehicle id="cfm-fast_4" eclass="HBEFA3/PC_G_EU4" CO2="98930.76" CO="5130.07" HC="26.13" NOx="44.86" PMx="3.88" fuel="42.53" electricity="0.00" noise="110.04" route="routebottom" type="cfm-fast" waiting="0.00" lane="bottom_1" pos="34.88" speed="108.25" angle="31.77" x="121.73" y="33.79"/>
        <vehicle id="cfm-fast_5" eclass="HBEFA3/PC_G_EU4" CO2="9392.34" CO="137.02" HC="0.86" NOx="3.70" PMx="0.21" fuel="4.04" electricity="0.00" noise="74.01" route="routebottom" type="cfm-fast" waiting="0.00" lane="right_0" pos="23.35" speed="28.05" angle="322.45" x="114.62" y="109.59"/>
        <vehicle id="cfm-slow_0" eclass="HBEFA3/PC_G_EU4" CO2="0.00" CO="0.00" HC="0.00" NOx="0.00" PMx="0.00" fuel="0.00" electricity="0.00" noise="72.97" route="routebottom" type="cfm-slow" waiting="0.00" lane="right_0" pos="42.50" speed="28.57" angle="288.08" x="79.74" y="130.36"/>
        <vehicle id="cfm-slow_1" eclass="HBEFA3/PC_G_EU4" CO2="0.00" CO="0.00" HC="0.00" NOx="0.00" PMx="0.00" fuel="0.00" electricity="0.00" noise="72.11" route="routetop" type="cfm-slow" waiting="0.00" lane="top_0" pos="16.12" speed="28.34" angle="245.43" x="30.37" y="123.64"/>
        <vehicle id="cfm-slow_2" eclass="HBEFA3/PC_G_EU4" CO2="0.00" CO="0.00" HC="0.00" NOx="0.00" PMx="0.00" fuel="0.00" electricity="0.00" noise="71.40" route="routetop" type="cfm-slow" waiting="0.00" lane="top_0" pos="39.43" speed="27.43" angle="203.53" x="-1.18" y="86.07"/>
        <vehicle id="cfm-slow_3" eclass="HBEFA3/PC_G_EU4" CO2="0.00" CO="0.00" HC="0.00" NOx="0.00" PMx="0.00" fuel="0.00" electricity="0.00" noise="70.83" route="routetop" type="cfm-slow" waiting="0.00" lane="left_0" pos="11.79" speed="26.20" angle="163.24" x="-0.27" y="38.79"/>
        <vehicle id="cfm-slow_4" eclass="HBEFA3/PC_G_EU4" CO2="0.00" CO="0.00" HC="0.00" NOx="0.00" PMx="0.00" fuel="0.00" electricity="0.00" noise="70.71" route="routetop" type="cfm-slow" waiting="0.00" lane="left_0" pos="32.87" speed="25.12" angle="125.36" x="28.48" y="4.77"/>
        <vehicle id="cfm-slow_5" eclass="HBEFA3/PC_G_EU4" CO2="5390.63" CO="39.78" HC="0.31" NOx="1.89" PMx="0.10" fuel="2.32" electricity="0.00" noise="71.49" route="routebottom" type="cfm-slow" waiting="0.00" lane="bottom_0" pos="2.90" speed="24.61" angle="89.30" x="69.99" y="-4.65"/>
    </timestep>
    <timestep time="9.29">
        <vehicle id="cfm-fast_0" eclass="HBEFA3/PC_G_EU4" CO2="9809.24" CO="131.53" HC="0.84" NOx="3.97" PMx="0.21" fuel="4.22" electricity="0.00" noise="73.07" route="routebottom" type="cfm-fast" waiting="0.00" lane="bottom_0" pos="22.72" speed="24.87" angle="53.53" x="108.58" y="11.82"/>
        <vehicle id="cfm-fast_1" eclass="HBEFA3/PC_G_EU4" CO2="189837.85" CO="6730.27" HC="35.65" NOx="87.78" PMx="6.14" fuel="81.60" electricity="0.00" noise="123.89" route="routetop" type="cfm-fast" waiting="0.00" lane="top_1" pos="39.74" speed="104.43" angle="203.00" x="1.72" y="84.37"/>
        <vehicle id="cfm-fast_2" eclass="HBEFA3/PC_G_EU4" CO2="12529.21" CO="190.69" HC="1.18" NOx="5.23" PMx="0.29" fuel="5.39" electricity="0.00" noise="74.44" route="routebottom" type="cfm-fast" waiting="0.00" lane="bottom_0" pos="38.63" speed="25.78" angle="25.02" x="127.92" y="39.63"/>
        <vehicle id="cfm-fast_3" eclass="HBEFA3/PC_G_EU4" CO2="12449.83" CO="194.38" HC="1.20" NOx="5.17" PMx="0.29" fuel="5.35" electricity="0.00" noise="74.73" route="routebottom" type="cfm-fast" waiting="0.00" lane="right_0" pos="5.51" speed="26.99" angle="354.54" x="131.23" y="75.55"/>
        <vehicle id="cfm-fast_4" eclass="HBEFA3/PC_G_EU4" CO2="98713.48" CO="5126.07" HC="26.11" NOx="44.76" PMx="3.88" fuel="42.43" electricity="0.00" noise="110.00" route="routebottom" type="cfm-fast" waiting="0.00" lane="bottom_1" pos="35.97" speed="108.25" angle="29.81" x="122.72" y="35.78"/>
        <vehicle id="cfm-fast_5" eclass="HBEFA3/PC_G_EU4" CO2="9342.34" CO="136.03" HC="0.85" NOx="3.68" PMx="0.21" fuel="4.02" electricity="0.00" noise="74.00" route="routebottom" type="cfm-fast" waiting="0.00" lane="right_0" pos="23.63" speed="28.05" angle="321.94" x="114.21" y="110.04"/>
        <vehicle id="cfm-slow_0" eclass="HBEFA3/PC_G_EU4" CO2="0.00" CO="0.00" HC="0.00" NOx="0.00" PMx="0.00" fuel="0.00" electricity="0.00" noise="72.96" route="routebottom" type="cfm-slow" waiting="0.00" lane="right_0" pos="42.79" speed="28.56" angle="287.56" x="79.14" y="130.49"/>
        <vehicle id="cfm-slow_1" eclass="HBEFA3/PC_G_EU4" CO2="0.00" CO="0.00" HC="0.00" NOx="0.00" PMx="0.00" fuel="0.00" electricity="0.00" noise="72.10" route="routetop" type="cfm-slow" waiting="0.00" lane="top_0" pos="16.40" speed="28.33" angle="244.92" x="29.83" y="123.34"/>
        <vehicle id="cfm-slow_2" eclass="HBEFA3/PC_G_EU4" CO2="0.00" CO="0.00" HC="0.00" NOx="0.00" PMx="0.00" fuel="0.00" electricity="0.00" noise="71.39" route="routetop" type="cfm-slow" waiting="0.00" lane="top_0" pos="39.71" speed="27.42" angle="203.07" x="-1.38" y="85.52"/>
        <vehicle id="cfm-slow_3" eclass="HBEFA3/PC_G_EU4" CO2="0.00" CO="0.00" HC="0.00" NOx="0.00" PMx="0.00" fuel="0.00" electricity="0.00" noise="70.82" route="routetop" type="cfm-slow" waiting="0.00" lane="left_0" pos="12.05" speed="26.19" angle="162.78" x="-0.07" y="38.27"/>
        <vehicle id="cfm-slow_4" eclass="HBEFA3/PC_G_EU4" CO2="0.00" CO="0.00" HC="0.00" NOx="0.00" PMx="0.00" fuel="0.00" electricity="0.00" noise="70.71" route="routetop" type="cfm-slow" waiting="0.00" lane="left_0" pos="33.13" speed="25.11" angle="124.89" x="28.95" y="4.49"/>
        <vehicle id="cfm-slow_5" eclass="HBEFA3/PC_G_EU4" CO2="5433.77" CO="40.67" HC="0.32" NOx="1.91" PMx="0.10" fuel="2.34" electricity="0.00" noise="71.50" route="routebottom" type="cfm-slow" waiting="0.00" lane="bottom_0" pos="3.14" speed="24.61" angle="88.85" x="70.51" y="-4.59"/>
    </timestep>
    <timestep time="9.30">
        <vehicle id="cfm-fast_0" eclass="HBEFA3/PC_G_EU4" CO2="9836.28" CO="132.11" HC="0.85" NOx="3.98" PMx="0.21" fuel="4.23" electricity="0.00" noise="73.09" route="routebottom" type="cfm-fast" waiting="0.00" lane="bottom_0" pos="22.97" speed="24.88" angle="53.08" x="108.99" y="12.16"/>
        <vehicle id="cfm-fast_1" eclass="HBEFA3/PC_G_EU4" CO2="188957.71" CO="6715.07" HC="35.56" NOx="87.36" PMx="6.12" fuel="81.22" electricity="0.00" noise="123.75" route="routetop" type="cfm-fast" waiting="0.00" lane="top_1" pos="40.78" speed="104.48" angle="201.05" x="1.08" y="82.32"/>
        <vehicle id="cfm-fast_2" eclass="HBEFA3/PC_G_EU4" CO2="12530.52" CO="190.76" HC="1.18" NOx="5.23" PMx="0.29" fuel="5.39" electricity="0.00" noise="74.45" route="routebottom" type="cfm-fast" waiting="0.00" lane="bottom_0" pos="38.89" speed="25.79" angle="24.55" x="128.11" y="40.15"/>
        <vehicle id="cfm-fast_3" eclass="HBEFA3/PC_G_EU4" CO2="12421.89" CO="193.85" HC="1.19" NOx="5.15" PMx="0.29" fuel="5.34" electricity="0.00" noise="74.72" route="routebottom" type="cfm-fast" waiting="0.00" lane="right_0" pos="5.78" speed="27.00" angle="354.04" x="131.12" y="76.12"/>
        <vehicle id="cfm-fast_4" eclass="HBEFA3/PC_G_EU4" CO2="98499.99" CO="5122.14" HC="26.08" NOx="44.66" PMx="3.87" fuel="42.34" electricity="0.00" noise="109.97" route="routebottom" type="cfm-fast" waiting="0.00" lane="bottom_1" pos="37.05" speed="108.26" angle="27.75" x="123.63" y="37.80"/>
        <vehicle id="cfm-fast_5" eclass="HBEFA3/PC_G_EU4" CO2="9292.31" CO="135.03" HC="0.85" NOx="3.65" PMx="0.21" fuel="3.99" electricity="0.00" noise="73.99" route="routebottom" type="cfm-fast" waiting="0.00" lane="right_0" pos="23.91" speed="28.06" angle="321.44" x="113.80" y="110.48"/>
        <vehicle id="cfm-slow_0" eclass="HBEFA3/PC_G_EU4" CO2="0.00" CO="0.00" HC="0.00" NOx="0.00" PMx="0.00" fuel="0.00" electricity="0.00" noise="72.95" route="routebottom" type="cfm-slow" waiting="0.00" lane="right_0" pos="43.07" speed="28.56" angle="287.04" x="78.54" y="130.63"/>
        <vehicle id="cfm-slow_1" eclass="HBEFA3/PC_G_EU4" CO2="0.00" CO="0.00" HC="0.00" NOx="0.00" PMx="0.00" fuel="0.00" electricity="0.00" noise="72.10" route="routetop" type="cfm-slow" waiting="0.00" lane="top_0" pos="16.68" speed="28.32" angle="244.46" x="29.30" y="123.04"/>
        <vehicle id="cfm-slow_2" eclass="HBEFA3/PC_G_EU4" CO2="0.00" CO="0.00" HC="0.00" NOx="0.00" PMx="0.00" fuel="0.00" electricity="0.00" noise="71.38" route="routetop" type="cfm-slow" waiting="0.00" lane="top_0" pos="39.98" speed="27.41" angle="202.59" x="-1.56" y="84.96"/>
        <vehicle id="cfm-slow_3" eclass="HBEFA3/PC_G_EU4" CO2="0.00" CO="0.00" HC="0.00" NOx="0.00" PMx="0.00" fuel="0.00" electricity="0.00" noise="70.82" route="routetop" type="cfm-slow" waiting="0.00" lane="left_0" pos="12.31" speed="26.18" angle="162.32" x="0.14" y="37.75"/>
        <vehicle id="cfm-slow_4" eclass="HBEFA3/PC_G_EU4" CO2="0.00" CO="0.00" HC="0.00" NOx="0.00" PMx="0.00" fuel="0.00" electricity="0.00" noise="70.72" route="routetop" type="cfm-slow" waiting="0.00" lane="left_0" pos="33.38" speed="25.11" angle="124.48" x="29.41" y="4.21"/>
        <vehicle id="cfm-slow_5" eclass="HBEFA3/PC_G_EU4" CO2="5476.75" CO="41.56" HC="0.33" NOx="1.93" PMx="0.10" fuel="2.35" electricity="0.00" noise="71.52" route="routebottom" type="cfm-slow" waiting="0.00" lane="bottom_0" pos="3.39" speed="24.61" angle="88.41" x="71.04" y="-4.54"/>
    </timestep>
    <timestep time="9.31">
        <vehicle id="cfm-fast_0" eclass="HBEFA3/PC_G_EU4" CO2="9863.09" CO="132.69" HC="0.85" NOx="3.99" PMx="0.22" fuel="4.24" electricity="0.00" noise="73.10" route="routebottom" type="cfm-fast" waiting="0.00" lane="bottom_0" pos="23.22" speed="24.89" angle="52.67" x="109.39" y="12.52"/>
        <vehicle id="cfm-fast_1" eclass="HBEFA3/PC_G_EU4" CO2="188083.09" CO="6699.95" HC="35.47" NOx="86.95" PMx="6.10" fuel="80.85" electricity="0.00" noise="123.61" route="routetop" type="cfm-fast" waiting="0.00" lane="top_1" pos="41.83" speed="104.52" angle="199.18" x="0.51" y="80.26"/>
        <vehicle id="cfm-fast_2" eclass="HBEFA3/PC_G_EU4" CO2="12531.54" CO="190.83" HC="1.18" NOx="5.23" PMx="0.29" fuel="5.39" electricity="0.00" noise="74.45" route="routebottom" type="cfm-fast" waiting="0.00" lane="bottom_0" pos="39.15" speed="25.80" angle="24.09" x="128.30" y="40.68"/>
        <vehicle id="cfm-fast_3" eclass="HBEFA3/PC_G_EU4" CO2="12393.72" CO="193.33" HC="1.19" NOx="5.14" PMx="0.29" fuel="5.33" electricity="0.00" noise="74.71" route="routebottom" type="cfm-fast" waiting="0.00" lane="right_0" pos="6.05" speed="27.02" angle="353.53" x="131.02" y="76.69"/>
        <vehicle id="cfm-fast_4" eclass="HBEFA3/PC_G_EU4" CO2="98290.24" CO="5118.27" HC="26.06" NOx="44.56" PMx="3.86" fuel="42.25" electricity="0.00" noise="109.94" route="routebottom" type="cfm-fast" waiting="0.00" lane="bottom_1" pos="38.13" speed="108.27" angle="25.83" x="124.46" y="39.86"/>
        <vehicle id="cfm-fast_5" eclass="HBEFA3/PC_G_EU4" CO2="9242.23" CO="134.03" HC="0.84" NOx="3.63" PMx="0.21" fuel="3.97" electricity="0.00" noise="73.98" route="routebottom" type="cfm-fast" waiting="0.00" lane="right_0" pos="24.19" speed="28.06" angle="320.93" x="113.39" y="110.92"/>
        <vehicle id="cfm-slow_0" eclass="HBEFA3/PC_G_EU4" CO2="0.00" CO="0.00" HC="0.00" NOx="0.00" PMx="0.00" fuel="0.00" electricity="0.00" noise="72.94" route="routebottom" type="cfm-slow" waiting="0.00" lane="right_0" pos="43.36" speed="28.56" angle="286.52" x="77.94" y="130.76"/>
        <vehicle id="cfm-slow_1" eclass="HBEFA3/PC_G_EU4" CO2="0.00" CO="0.00" HC="0.00" NOx="0.00" PMx="0.00" fuel="0.00" electricity="0.00" noise="72.09" route="routetop" type="cfm-slow" waiting="0.00" lane="top_0" pos="16.97" speed="28.31" angle="243.95" x="28.78" y="122.73"/>
        <vehicle id="cfm-slow_2" eclass="HBEFA3/PC_G_EU4" CO2="0.00" CO="0.00" HC="0.00" NOx="0.00" PMx="0.00" fuel="0.00" electricity="0.00" noise="71.38" route="routetop" type="cfm-slow" waiting="0.00" lane="top_0" pos="40.26" speed="27.40" angle="202.07" x="-1.73" y="84.39"/>
        <vehicle id="cfm-slow_3" eclass="HBEFA3/PC_G_EU4" CO2="0.00" CO="0.00" HC="0.00" NOx="0.00" PMx="0.00" fuel="0.00" electricity="0.00" noise="70.82" route="routetop" type="cfm-slow" waiting="0.00" lane="left_0" pos="12.57" speed="26.17" angle="161.85" x="0.35" y="37.22"/>
        <vehicle id="cfm-slow_4" eclass="HBEFA3/PC_G_EU4" CO2="0.00" CO="0.00" HC="0.00" NOx="0.00" PMx="0.00" fuel="0.00" electricity="0.00" noise="70.72" route="routetop" type="cfm-slow" waiting="0.00" lane="left_0" pos="33.63" speed="25.10" angle="124.02" x="29.88" y="3.95"/>
        <vehicle id="cfm-slow_5" eclass="HBEFA3/PC_G_EU4" CO2="5519.58" CO="42.45" HC="0.33" NOx="1.95" PMx="0.10" fuel="2.37" electricity="0.00" noise="71.53" route="routebottom" type="cfm-slow" waiting="0.00" lane="bottom_0" pos="3.64" speed="24.62" angle="87.97" x="71.57" y="-4.49"/>
    </timestep>
    <timestep time="9.32">
        <vehicle id="cfm-fast_0" eclass="HBEFA3/PC_G_EU4" CO2="9889.66" CO="133.27" HC="0.85" NOx="4.01" PMx="0.22" fuel="4.25" electricity="0.00" noise="73.11" route="routebottom" type="cfm-fast" waiting="0.00" lane="bottom_0" pos="23.47" speed="24.90" angle="52.22" x="109.78" y="12.88"/>
        <vehicle id="cfm-fast_1" eclass="HBEFA3/PC_G_EU4" CO2="187213.98" CO="6684.93" HC="35.38" NOx="86.54" PMx="6.08" fuel="80.48" electricity="0.00" noise="123.47" route="routetop" type="cfm-fast" waiting="0.00" lane="top_1" pos="42.87" speed="104.56" angle="197.34" x="-0.00" y="78.18"/>
        <vehicle id="cfm-fast_2" eclass="HBEFA3/PC_G_EU4" CO2="12532.30" CO="190.89" HC="1.18" NOx="5.23" PMx="0.29" fuel="5.39" electricity="0.00" noise="74.46" route="routebottom" type="cfm-fast" waiting="0.00" lane="bottom_0" pos="39.41" speed="25.81" angle="23.62" x="128.49" y="41.20"/>
        <vehicle id="cfm-fast_3" eclass="HBEFA3/PC_G_EU4" CO2="12365.34" CO="192.79" HC="1.19" NOx="5.13" PMx="0.29" fuel="5.32" electricity="0.00" noise="74.71" route="routebottom" type="cfm-fast" waiting="0.00" lane="right_0" pos="6.32" speed="27.03" angle="353.06" x="130.91" y="77.26"/>
        <vehicle id="cfm-fast_4" eclass="HBEFA3/PC_G_EU4" CO2="98084.14" CO="5114.48" HC="26.04" NOx="44.46" PMx="3.86" fuel="42.16" electricity="0.00" noise="109.91" route="routebottom" type="cfm-fast" waiting="0.00" lane="bottom_1" pos="39.21" speed="108.27" angle="23.91" x="125.24" y="41.94"/>
        <vehicle id="cfm-fast_5" eclass="HBEFA3/PC_G_EU4" CO2="9192.12" CO="133.03" HC="0.84" NOx="3.61" PMx="0.21" fuel="3.95" electricity="0.00" noise="73.96" route="routebottom" type="cfm-fast" waiting="0.00" lane="right_0" pos="24.47" speed="28.07" angle="320.47" x="112.97" y="111.36"/>
        <vehicle id="cfm-slow_0" eclass="HBEFA3/PC_G_EU4" CO2="0.00" CO="0.00" HC="0.00" NOx="0.00" PMx="0.00" fuel="0.00" electricity="0.00" noise="72.93" route="routebottom" type="cfm-slow" waiting="0.00" lane="right_0" pos="43.64" speed="28.56" angle="286.05" x="77.34" y="130.90"/>
        <vehicle id="cfm-slow_1" eclass="HBEFA3/PC_G_EU4" CO2="0.00" CO="0.00" HC="0.00" NOx="0.00" PMx="0.00" fuel="0.00" electricity="0.00" noise="72.08" route="routetop" type="cfm-slow" waiting="0.00" lane="top_0" pos="17.25" speed="28.30" angle="243.44" x="28.25" y="122.42"/>
        <vehicle id="cfm-slow_2" eclass="HBEFA3/PC_G_EU4" CO2="0.00" CO="0.00" HC="0.00" NOx="0.00" PMx="0.00" fuel="0.00" electricity="0.00" noise="71.37" route="routetop" type="cfm-slow" waiting="0.00" lane="top_0" pos="40.53" speed="27.39" angle="201.56" x="-1.90" y="83.83"/>
        <vehicle id="cfm-slow_3" eclass="HBEFA3/PC_G_EU4" CO2="0.00" CO="0.00" HC="0.00" NOx="0.00" PMx="0.00" fuel="0.00" electricity="0.00" noise="70.82" route="routetop" type="cfm-slow" waiting="0.00" lane="left_0" pos="12.83" speed="26.16" angle="161.44" x="0.57" y="36.70"/>
        <vehicle id="cfm-slow_4" eclass="HBEFA3/PC_G_EU4" CO2="0.00" CO="0.00" HC="0.00" NOx="0.00" PMx="0.00" fuel="0.00" electricity="0.00" noise="70.73" route="routetop" type="cfm-slow" waiting="0.00" lane="left_0" pos="33.88" speed="25.10" angle="123.56" x="30.36" y="3.69"/>
        <vehicle id="cfm-slow_5" eclass="HBEFA3/PC_G_EU4" CO2="5562.26" CO="43.34" HC="0.34" NOx="1.97" PMx="0.10" fuel="2.39" electricity="0.00" noise="71.54" route="routebottom" type="cfm-slow" waiting="0.00" lane="bottom_0" pos="3.88" speed="24.62" angle="87.54" x="72.09" y="-4.43"/>
    </timestep>
    <timestep time="9.33">
        <vehicle id="cfm-fast_0" eclass="HBEFA3/PC_G_EU4" CO2="9915.99" CO="133.84" HC="0.86" NOx="4.02" PMx="0.22" fuel="4.26" electricity="0.00" noise="73.12" route="routebottom" type="cfm-fast" waiting="0.00" lane="bottom_0" pos="23.72" speed="24.91" angle="51.78" x="110.18" y="13.25"/>
        <vehicle id="cfm-fast_1" eclass="HBEFA3/PC_G_EU4" CO2="186350.38" CO="6670.00" HC="35.29" NOx="86.13" PMx="6.06" fuel="80.10" electricity="0.00" noise="123.34" route="routetop" type="cfm-fast" waiting="0.00" lane="top_1" pos="43.92" speed="104.60" angle="195.49" x="-0.45" y="76.08"/>
        <vehicle id="cfm-fast_2" eclass="HBEFA3/PC_G_EU4" CO2="12532.78" CO="190.95" HC="1.18" NOx="5.23" PMx="0.29" fuel="5.39" electricity="0.00" noise="74.46" route="routebottom" type="cfm-fast" waiting="0.00" lane="bottom_0" pos="39.66" speed="25.83" angle="23.17" x="128.67" y="41.72"/>
        <vehicle id="cfm-fast_3" eclass="HBEFA3/PC_G_EU4" CO2="12336.74" CO="192.26" HC="1.18" NOx="5.11" PMx="0.29" fuel="5.30" electricity="0.00" noise="74.70" route="routebottom" type="cfm-fast" waiting="0.00" lane="right_0" pos="6.59" speed="27.04" angle="352.58" x="130.79" y="77.83"/>
        <vehicle id="cfm-fast_4" eclass="HBEFA3/PC_G_EU4" CO2="97881.62" CO="5110.76" HC="26.02" NOx="44.37" PMx="3.85" fuel="42.08" electricity="0.00" noise="109.88" route="routebottom" type="cfm-fast" waiting="0.00" lane="bottom_1" pos="40.30" speed="108.28" angle="22.00" x="125.95" y="44.04"/>
        <vehicle id="cfm-fast_5" eclass="HBEFA3/PC_G_EU4" CO2="9141.97" CO="132.03" HC="0.83" NOx="3.58" PMx="0.21" fuel="3.93" electricity="0.00" noise="73.95" route="routebottom" type="cfm-fast" waiting="0.00" lane="right_0" pos="24.75" speed="28.07" angle="319.95" x="112.55" y="111.78"/>
        <vehicle id="cfm-slow_0" eclass="HBEFA3/PC_G_EU4" CO2="0.00" CO="0.00" HC="0.00" NOx="0.00" PMx="0.00" fuel="0.00" electricity="0.00" noise="72.92" route="routebottom" type="cfm-slow" waiting="0.00" lane="right_0" pos="43.93" speed="28.56" angle="285.51" x="76.74" y="131.01"/>
        <vehicle id="cfm-slow_1" eclass="HBEFA3/PC_G_EU4" CO2="0.00" CO="0.00" HC="0.00" NOx="0.00" PMx="0.00" fuel="0.00" electricity="0.00" noise="72.07" route="routetop" type="cfm-slow" waiting="0.00" lane="top_0" pos="17.53" speed="28.29" angle="242.93" x="27.73" y="122.11"/>
        <vehicle id="cfm-slow_2" eclass="HBEFA3/PC_G_EU4" CO2="0.00" CO="0.00" HC="0.00" NOx="0.00" PMx="0.00" fuel="0.00" electricity="0.00" noise="71.37" route="routetop" type="cfm-slow" waiting="0.00" lane="top_0" pos="40.80" speed="27.37" angle="201.05" x="-2.08" y="83.27"/>
        <vehicle id="cfm-slow_3" eclass="HBEFA3/PC_G_EU4" CO2="0.00" CO="0.00" HC="0.00" NOx="0.00" PMx="0.00" fuel="0.00" electricity="0.00" noise="70.81" route="routetop" type="cfm-slow" waiting="0.00" lane="left_0" pos="13.09" speed="26.15" angle="160.95" x="0.80" y="36.19"/>
        <vehicle id="cfm-slow_4" eclass="HBEFA3/PC_G_EU4" CO2="0.00" CO="0.00" HC="0.00" NOx="0.00" PMx="0.00" fuel="0.00" electricity="0.00" noise="70.73" route="routetop" type="cfm-slow" waiting="0.00" lane="left_0" pos="34.13" speed="25.09" angle="123.10" x="30.83" y="3.43"/>
        <vehicle id="cfm-slow_5" eclass="HBEFA3/PC_G_EU4" CO2="5604.78" CO="44.22" HC="0.34" NOx="1.99" PMx="0.10" fuel="2.41" electricity="0.00" noise="71.55" route="routebottom" type="cfm-slow" waiting="0.00" lane="bottom_0" pos="4.13" speed="24.62" angle="87.10" x="72.62" y="-4.35"/>
    </timestep>
    <timestep time="9.34">
        <vehicle id="cfm-fast_0" eclass="HBEFA3/PC_G_EU4" CO2="9942.09" CO="134.40" HC="0.86" NOx="4.03" PMx="0.22" fuel="4.27" electricity="0.00" noise="73.14" route="routebottom" type="cfm-fast" waiting="0.00" lane="bottom_0" pos="23.97" speed="24.91" angle="51.33" x="110.57" y="13.61"/>
        <vehicle id="cfm-fast_1" eclass="HBEFA3/PC_G_EU4" CO2="185492.28" CO="6655.16" HC="35.20" NOx="85.73" PMx="6.04" fuel="79.74" electricity="0.00" noise="123.20" route="routetop" type="cfm-fast" waiting="0.00" lane="top_1" pos="44.97" speed="104.64" angle="193.62" x="-0.83" y="73.97"/>
        <vehicle id="cfm-fast_2" eclass="HBEFA3/PC_G_EU4" CO2="12532.99" CO="191.00" HC="1.18" NOx="5.23" PMx="0.29" fuel="5.39" electricity="0.00" noise="74.46" route="routebottom" type="cfm-fast" waiting="0.00" lane="bottom_0" pos="39.92" speed="25.84" angle="22.73" x="128.85" y="42.25"/>
        <vehicle id="cfm-fast_3" eclass="HBEFA3/PC_G_EU4" CO2="12307.92" CO="191.72" HC="1.18" NOx="5.10" PMx="0.29" fuel="5.29" electricity="0.00" noise="74.69" route="routebottom" type="cfm-fast" waiting="0.00" lane="right_0" pos="6.86" speed="27.05" angle="352.07" x="130.66" y="78.40"/>
        <vehicle id="cfm-fast_4" eclass="HBEFA3/PC_G_EU4" CO2="97682.62" CO="5107.10" HC="25.99" NOx="44.27" PMx="3.85" fuel="41.99" electricity="0.00" noise="109.85" route="routebottom" type="cfm-fast" waiting="0.00" lane="bottom_1" pos="41.38" speed="108.28" angle="20.05" x="126.58" y="46.17"/>
        <vehicle id="cfm-fast_5" eclass="HBEFA3/PC_G_EU4" CO2="9091.80" CO="131.03" HC="0.83" NOx="3.56" PMx="0.20" fuel="3.91" electricity="0.00" noise="73.94" route="routebottom" type="cfm-fast" waiting="0.00" lane="right_0" pos="25.03" speed="28.08" angle="319.43" x="112.12" y="112.21"/>
        <vehicle id="cfm-slow_0" eclass="HBEFA3/PC_G_EU4" CO2="0.00" CO="0.00" HC="0.00" NOx="0.00" PMx="0.00" fuel="0.00" electricity="0.00" noise="72.91" route="routebottom" type="cfm-slow" waiting="0.00" lane="right_0" pos="44.21" speed="28.56" angle="284.96" x="76.14" y="131.12"/>
        <vehicle id="cfm-slow_1" eclass="HBEFA3/PC_G_EU4" CO2="0.00" CO="0.00" HC="0.00" NOx="0.00" PMx="0.00" fuel="0.00" electricity="0.00" noise="72.07" route="routetop" type="cfm-slow" waiting="0.00" lane="top_0" pos="17.82" speed="28.29" angle="242.43" x="27.21" y="121.80"/>
        <vehicle id="cfm-slow_2" eclass="HBEFA3/PC_G_EU4" CO2="0.00" CO="0.00" HC="0.00" NOx="0.00" PMx="0.00" fuel="0.00" electricity="0.00" noise="71.36" route="routetop" type="cfm-slow" waiting="0.00" lane="top_0" pos="41.08" speed="27.36" angle="200.60" x="-2.25" y="82.70"/>
        <vehicle id="cfm-slow_3" eclass="HBEFA3/PC_G_EU4" CO2="0.00" CO="0.00" HC="0.00" NOx="0.00" PMx="0.00" fuel="0.00" electricity="0.00" noise="70.81" route="routetop" type="cfm-slow" waiting="0.00" lane="left_0" pos="13.36" speed="26.14" angle="160.46" x="1.03" y="35.68"/>
        <vehicle id="cfm-slow_4" eclass="HBEFA3/PC_G_EU4" CO2="0.00" CO="0.00" HC="0.00" NOx="0.00" PMx="0.00" fuel="0.00" electricity="0.00" noise="70.74" route="routetop" type="cfm-slow" waiting="0.00" lane="left_0" pos="34.38" speed="25.09" angle="122.64" x="31.30" y="3.17"/>
        <vehicle id="cfm-slow_5" eclass="HBEFA3/PC_G_EU4" CO2="5647.15" CO="45.10" HC="0.35" NOx="2.01" PMx="0.10" fuel="2.43" electricity="0.00" noise="71.57" route="routebottom" type="cfm-slow" waiting="0.00" lane="bottom_0" pos="4.38" speed="24.62" angle="86.65" x="73.14" y="-4.28"/>
    </timestep>
    <timestep time="9.35">
        <vehicle id="cfm-fast_0" eclass="HBEFA3/PC_G_EU4" CO2="9967.96" CO="134.96" HC="0.86" NOx="4.04" PMx="0.22" fuel="4.28" electricity="0.00" noise="73.15" route="routebottom" type="cfm-fast" waiting="0.00" lane="bottom_0" pos="24.21" speed="24.92" angle="50.88" x="110.97" y="13.97"/>
        <vehicle id="cfm-fast_1" eclass="HBEFA3/PC_G_EU4" CO2="184639.69" CO="6640.41" HC="35.11" NOx="85.33" PMx="6.01" fuel="79.37" electricity="0.00" noise="123.07" route="routetop" type="cfm-fast" waiting="0.00" lane="top_1" pos="46.01" speed="104.68" angle="191.71" x="-1.14" y="71.84"/>
        <vehicle id="cfm-fast_2" eclass="HBEFA3/PC_G_EU4" CO2="12532.93" CO="191.05" HC="1.18" NOx="5.23" PMx="0.29" fuel="5.39" electricity="0.00" noise="74.46" route="routebottom" type="cfm-fast" waiting="0.00" lane="bottom_0" pos="40.18" speed="25.85" angle="22.24" x="129.01" y="42.78"/>
        <vehicle id="cfm-fast_3" eclass="HBEFA3/PC_G_EU4" CO2="12278.89" CO="191.17" HC="1.18" NOx="5.08" PMx="0.28" fuel="5.28" electricity="0.00" noise="74.68" route="routebottom" type="cfm-fast" waiting="0.00" lane="right_0" pos="7.13" speed="27.06" angle="351.57" x="130.53" y="78.96"/>
        <vehicle id="cfm-fast_4" eclass="HBEFA3/PC_G_EU4" CO2="97487.07" CO="5103.51" HC="25.97" NOx="44.18" PMx="3.84" fuel="41.91" electricity="0.00" noise="109.82" route="routebottom" type="cfm-fast" waiting="0.00" lane="bottom_1" pos="42.46" speed="108.29" angle="18.10" x="127.14" y="48.32"/>
        <vehicle id="cfm-fast_5" eclass="HBEFA3/PC_G_EU4" CO2="9041.59" CO="130.02" HC="0.82" NOx="3.53" PMx="0.20" fuel="3.89" electricity="0.00" noise="73.93" route="routebottom" type="cfm-fast" waiting="0.00" lane="right_0" pos="25.31" speed="28.08" angle="318.91" x="111.69" y="112.64"/>
        <vehicle id="cfm-slow_0" eclass="HBEFA3/PC_G_EU4" CO2="0.00" CO="0.00" HC="0.00" NOx="0.00" PMx="0.00" fuel="0.00" electricity="0.00" noise="72.90" route="routebottom" type="cfm-slow" waiting="0.00" lane="right_0" pos="44.50" speed="28.55" angle="284.42" x="75.53" y="131.23"/>
        <vehicle id="cfm-slow_1" eclass="HBEFA3/PC_G_EU4" CO2="0.00" CO="0.00" HC="0.00" NOx="0.00" PMx="0.00" fuel="0.00" electricity="0.00" noise="72.06" route="routetop" type="cfm-slow" waiting="0.00" lane="top_0" pos="18.10" speed="28.28" angle="241.96" x="26.70" y="121.47"/>
        <vehicle id="cfm-slow_2" eclass="HBEFA3/PC_G_EU4" CO2="0.00" CO="0.00" HC="0.00" NOx="0.00" PMx="0.00" fuel="0.00" electricity="0.00" noise="71.36" route="routetop" type="cfm-slow" waiting="0.00" lane="top_0" pos="41.35" speed="27.35" angle="200.10" x="-2.40" y="82.13"/>
        <vehicle id="cfm-slow_3" eclass="HBEFA3/PC_G_EU4" CO2="0.00" CO="0.00" HC="0.00" NOx="0.00" PMx="0.00" fuel="0.00" electricity="0.00" noise="70.81" route="routetop" type="cfm-slow" waiting="0.00" lane="left_0" pos="13.62" speed="26.13" angle="159.98" x="1.26" y="35.16"/>
        <vehicle id="cfm-slow_4" eclass="HBEFA3/PC_G_EU4" CO2="0.00" CO="0.00" HC="0.00" NOx="0.00" PMx="0.00" fuel="0.00" electricity="0.00" noise="70.74" route="routetop" type="cfm-slow" waiting="0.00" lane="left_0" pos="34.63" speed="25.08" angle="122.24" x="31.77" y="2.91"/>
        <vehicle id="cfm-slow_5" eclass="HBEFA3/PC_G_EU4" CO2="5689.36" CO="45.97" HC="0.35" NOx="2.03" PMx="0.11" fuel="2.45" electricity="0.00" noise="71.58" route="routebottom" type="cfm-slow" waiting="0.00" lane="bottom_0" pos="4.62" speed="24.63" angle="86.21" x="73.67" y="-4.21"/>
    </timestep>
    <timestep time="9.36">
        <vehicle id="cfm-fast_0" eclass="HBEFA3/PC_G_EU4" CO2="9993.58" CO="135.52" HC="0.87" NOx="4.05" PMx="0.22" fuel="4.30" electricity="0.00" noise="73.16" route="routebottom" type="cfm-fast" waiting="0.00" lane="bottom_0" pos="24.46" speed="24.93" angle="50.48" x="111.35" y="14.34"/>
        <vehicle id="cfm-fast_1" eclass="HBEFA3/PC_G_EU4" CO2="183792.59" CO="6625.75" HC="35.03" NOx="84.93" PMx="5.99" fuel="79.00" electricity="0.00" noise="122.93" route="routetop" type="cfm-fast" waiting="0.00" lane="top_1" pos="47.06" speed="104.72" angle="189.81" x="-1.36" y="69.71"/>
        <vehicle id="cfm-fast_2" eclass="HBEFA3/PC_G_EU4" CO2="12532.60" CO="191.09" HC="1.18" NOx="5.23" PMx="0.29" fuel="5.39" electricity="0.00" noise="74.47" route="routebottom" type="cfm-fast" waiting="0.00" lane="bottom_0" pos="40.44" speed="25.86" angle="21.74" x="129.18" y="43.31"/>
        <vehicle id="cfm-fast_3" eclass="HBEFA3/PC_G_EU4" CO2="12249.65" CO="190.62" HC="1.17" NOx="5.07" PMx="0.28" fuel="5.27" electricity="0.00" noise="74.67" route="routebottom" type="cfm-fast" waiting="0.00" lane="right_0" pos="7.40" speed="27.07" angle="351.06" x="130.41" y="79.53"/>
        <vehicle id="cfm-fast_4" eclass="HBEFA3/PC_G_EU4" CO2="97294.90" CO="5099.98" HC="25.95" NOx="44.09" PMx="3.84" fuel="41.82" electricity="0.00" noise="109.80" route="routebottom" type="cfm-fast" waiting="0.00" lane="bottom_1" pos="43.55" speed="108.30" angle="16.23" x="127.63" y="50.49"/>
        <vehicle id="cfm-fast_5" eclass="HBEFA3/PC_G_EU4" CO2="8991.36" CO="129.02" HC="0.81" NOx="3.51" PMx="0.20" fuel="3.86" electricity="0.00" noise="73.91" route="routebottom" type="cfm-fast" waiting="0.00" lane="right_0" pos="25.59" speed="28.09" angle="318.43" x="111.26" y="113.07"/>
        <vehicle id="cfm-slow_0" eclass="HBEFA3/PC_G_EU4" CO2="0.00" CO="0.00" HC="0.00" NOx="0.00" PMx="0.00" fuel="0.00" electricity="0.00" noise="72.89" route="routebottom" type="cfm-slow" waiting="0.00" lane="right_0" pos="44.79" speed="28.55" angle="283.88" x="74.93" y="131.34"/>
        <vehicle id="cfm-slow_1" eclass="HBEFA3/PC_G_EU4" CO2="0.00" CO="0.00" HC="0.00" NOx="0.00" PMx="0.00" fuel="0.00" electricity="0.00" noise="72.05" route="routetop" type="cfm-slow" waiting="0.00" lane="top_0" pos="18.38" speed="28.27" angle="241.41" x="26.19" y="121.13"/>
        <vehicle id="cfm-slow_2" eclass="HBEFA3/PC_G_EU4" CO2="0.00" CO="0.00" HC="0.00" NOx="0.00" PMx="0.00" fuel="0.00" electricity="0.00" noise="71.35" route="routetop" type="cfm-slow" waiting="0.00" lane="top_0" pos="41.62" speed="27.34" angle="199.59" x="-2.55" y="81.57"/>
        <vehicle id="cfm-slow_3" eclass="HBEFA3/PC_G_EU4" CO2="0.00" CO="0.00" HC="0.00" NOx="0.00" PMx="0.00" fuel="0.00" electricity="0.00" noise="70.81" route="routetop" type="cfm-slow" waiting="0.00" lane="left_0" pos="13.88" speed="26.12" angle="159.49" x="1.49" y="34.65"/>
        <vehicle id="cfm-slow_4" eclass="HBEFA3/PC_G_EU4" CO2="0.00" CO="0.00" HC="0.00" NOx="0.00" PMx="0.00" fuel="0.00" electricity="0.00" noise="70.75" route="routetop" type="cfm-slow" waiting="0.00" lane="left_0" pos="34.88" speed="25.08" angle="121.77" x="32.26" y="2.67"/>
        <vehicle id="cfm-slow_5" eclass="HBEFA3/PC_G_EU4" CO2="5731.42" CO="46.85" HC="0.36" NOx="2.05" PMx="0.11" fuel="2.46" electricity="0.00" noise="71.59" route="routebottom" type="cfm-slow" waiting="0.00" lane="bottom_0" pos="4.87" speed="24.63" angle="85.76" x="74.19" y="-4.13"/>
    </timestep>
    <timestep time="9.37">
        <vehicle id="cfm-fast_0" eclass="HBEFA3/PC_G_EU4" CO2="10018.97" CO="136.07" HC="0.87" NOx="4.07" PMx="0.22" fuel="4.31" electricity="0.00" noise="73.18" route="routebottom" type="cfm-fast" waiting="0.00" lane="bottom_0" pos="24.71" speed="24.94" angle="50.01" x="111.73" y="14.72"/>
        <vehicle id="cfm-fast_1" eclass="HBEFA3/PC_G_EU4" CO2="182950.98" CO="6611.18" HC="34.94" NOx="84.53" PMx="5.97" fuel="78.64" electricity="0.00" noise="122.80" route="routetop" type="cfm-fast" waiting="0.00" lane="top_1" pos="48.11" speed="104.76" angle="187.94" x="-1.52" y="67.57"/>
        <vehicle id="cfm-fast_2" eclass="HBEFA3/PC_G_EU4" CO2="12531.99" CO="191.12" HC="1.18" NOx="5.23" PMx="0.29" fuel="5.39" electricity="0.00" noise="74.47" route="routebottom" type="cfm-fast" waiting="0.00" lane="bottom_0" pos="40.70" speed="25.87" angle="21.25" x="129.34" y="43.84"/>
        <vehicle id="cfm-fast_3" eclass="HBEFA3/PC_G_EU4" CO2="12220.19" CO="190.06" HC="1.17" NOx="5.06" PMx="0.28" fuel="5.25" electricity="0.00" noise="74.66" route="routebottom" type="cfm-fast" waiting="0.00" lane="right_0" pos="7.67" speed="27.08" angle="350.62" x="130.28" y="80.10"/>
        <vehicle id="cfm-fast_4" eclass="HBEFA3/PC_G_EU4" CO2="97106.04" CO="5096.52" HC="25.93" NOx="44.00" PMx="3.83" fuel="41.74" electricity="0.00" noise="109.77" route="routebottom" type="cfm-fast" waiting="0.00" lane="bottom_1" pos="44.63" speed="108.30" angle="14.15" x="128.04" y="52.67"/>
        <vehicle id="cfm-fast_5" eclass="HBEFA3/PC_G_EU4" CO2="8941.10" CO="128.01" HC="0.81" NOx="3.49" PMx="0.20" fuel="3.84" electricity="0.00" noise="73.90" route="routebottom" type="cfm-fast" waiting="0.00" lane="right_0" pos="25.87" speed="28.09" angle="317.93" x="110.82" y="113.48"/>
        <vehicle id="cfm-slow_0" eclass="HBEFA3/PC_G_EU4" CO2="0.00" CO="0.00" HC="0.00" NOx="0.00" PMx="0.00" fuel="0.00" electricity="0.00" noise="72.88" route="routebottom" type="cfm-slow" waiting="0.00" lane="right_0" pos="45.07" speed="28.55" angle="283.43" x="74.32" y="131.44"/>
        <vehicle id="cfm-slow_1" eclass="HBEFA3/PC_G_EU4" CO2="0.00" CO="0.00" HC="0.00" NOx="0.00" PMx="0.00" fuel="0.00" electricity="0.00" noise="72.04" route="routetop" type="cfm-slow" waiting="0.00" lane="top_0" pos="18.66" speed="28.26" angle="240.86" x="25.69" y="120.79"/>
        <vehicle id="cfm-slow_2" eclass="HBEFA3/PC_G_EU4" CO2="0.00" CO="0.00" HC="0.00" NOx="0.00" PMx="0.00" fuel="0.00" electricity="0.00" noise="71.35" route="routetop" type="cfm-slow" waiting="0.00" lane="top_0" pos="41.90" speed="27.33" angle="199.08" x="-2.71" y="81.00"/>
        <vehicle id="cfm-slow_3" eclass="HBEFA3/PC_G_EU4" CO2="0.00" CO="0.00" HC="0.00" NOx="0.00" PMx="0.00" fuel="0.00" electricity="0.00" noise="70.81" route="routetop" type="cfm-slow" waiting="0.00" lane="left_0" pos="14.14" speed="26.10" angle="159.06" x="1.72" y="34.14"/>
        <vehicle id="cfm-slow_4" eclass="HBEFA3/PC_G_EU4" CO2="0.00" CO="0.00" HC="0.00" NOx="0.00" PMx="0.00" fuel="0.00" electricity="0.00" noise="70.75" route="routetop" type="cfm-slow" waiting="0.00" lane="left_0" pos="35.13" speed="25.07" angle="121.31" x="32.74" y="2.42"/>
        <vehicle id="cfm-slow_5" eclass="HBEFA3/PC_G_EU4" CO2="5773.32" CO="47.72" HC="0.36" NOx="2.07" PMx="0.11" fuel="2.48" electricity="0.00" noise="71.61" route="routebottom" type="cfm-slow" waiting="0.00" lane="bottom_0" pos="5.11" speed="24.63" angle="85.28" x="74.72" y="-4.06"/>
    </timestep>
    <timestep time="9.38">
        <vehicle id="cfm-fast_0" eclass="HBEFA3/PC_G_EU4" CO2="10044.13" CO="136.61" HC="0.87" NOx="4.08" PMx="0.22" fuel="4.32" electricity="0.00" noise="73.19" route="routebottom" type="cfm-fast" waiting="0.00" lane="bottom_0" pos="24.96" speed="24.95" angle="49.55" x="112.11" y="15.10"/>
        <vehicle id="cfm-fast_1" eclass="HBEFA3/PC_G_EU4" CO2="182114.85" CO="6596.70" HC="34.85" NOx="84.13" PMx="5.95" fuel="78.28" electricity="0.00" noise="122.67" route="routetop" type="cfm-fast" waiting="0.00" lane="top_1" pos="49.16" speed="104.80" angle="186.05" x="-1.62" y="65.42"/>
        <vehicle id="cfm-fast_2" eclass="HBEFA3/PC_G_EU4" CO2="12531.12" CO="191.15" HC="1.18" NOx="5.23" PMx="0.29" fuel="5.39" electricity="0.00" noise="74.47" route="routebottom" type="cfm-fast" waiting="0.00" lane="bottom_0" pos="40.96" speed="25.88" angle="20.78" x="129.51" y="44.38"/>
        <vehicle id="cfm-fast_3" eclass="HBEFA3/PC_G_EU4" CO2="12190.53" CO="189.51" HC="1.17" NOx="5.04" PMx="0.28" fuel="5.24" electricity="0.00" noise="74.66" route="routebottom" type="cfm-fast" waiting="0.00" lane="right_0" pos="7.94" speed="27.09" angle="350.13" x="130.13" y="80.66"/>
        <vehicle id="cfm-fast_4" eclass="HBEFA3/PC_G_EU4" CO2="96920.44" CO="5093.12" HC="25.91" NOx="43.91" PMx="3.83" fuel="41.66" electricity="0.00" noise="109.74" route="routebottom" type="cfm-fast" waiting="0.00" lane="bottom_1" pos="45.71" speed="108.31" angle="12.21" x="128.37" y="54.87"/>
        <vehicle id="cfm-fast_5" eclass="HBEFA3/PC_G_EU4" CO2="8890.82" CO="127.01" HC="0.80" NOx="3.46" PMx="0.20" fuel="3.82" electricity="0.00" noise="73.89" route="routebottom" type="cfm-fast" waiting="0.00" lane="right_0" pos="26.15" speed="28.10" angle="317.42" x="110.38" y="113.89"/>
        <vehicle id="cfm-slow_0" eclass="HBEFA3/PC_G_EU4" CO2="0.00" CO="0.00" HC="0.00" NOx="0.00" PMx="0.00" fuel="0.00" electricity="0.00" noise="72.87" route="routebottom" type="cfm-slow" waiting="0.00" lane="right_0" pos="45.36" speed="28.55" angle="282.91" x="73.71" y="131.53"/>
        <vehicle id="cfm-slow_1" eclass="HBEFA3/PC_G_EU4" CO2="0.00" CO="0.00" HC="0.00" NOx="0.00" PMx="0.00" fuel="0.00" electricity="0.00" noise="72.04" route="routetop" type="cfm-slow" waiting="0.00" lane="top_0" pos="18.95" speed="28.25" angle="240.31" x="25.18" y="120.46"/>
        <vehicle id="cfm-slow_2" eclass="HBEFA3/PC_G_EU4" CO2="0.00" CO="0.00" HC="0.00" NOx="0.00" PMx="0.00" fuel="0.00" electricity="0.00" noise="71.34" route="routetop" type="cfm-slow" waiting="0.00" lane="top_0" pos="42.17" speed="27.31" angle="198.58" x="-2.86" y="80.43"/>
        <vehicle id="cfm-slow_3" eclass="HBEFA3/PC_G_EU4" CO2="0.00" CO="0.00" HC="0.00" NOx="0.00" PMx="0.00" fuel="0.00" electricity="0.00" noise="70.80" route="routetop" type="cfm-slow" waiting="0.00" lane="left_0" pos="14.40" speed="26.09" angle="158.58" x="1.98" y="33.64"/>
        <vehicle id="cfm-slow_4" eclass="HBEFA3/PC_G_EU4" CO2="0.00" CO="0.00" HC="0.00" NOx="0.00" PMx="0.00" fuel="0.00" electricity="0.00" noise="70.76" route="routetop" type="cfm-slow" waiting="0.00" lane="left_0" pos="35.38" speed="25.07" angle="120.85" x="33.22" y="2.18"/>
        <vehicle id="cfm-slow_5" eclass="HBEFA3/PC_G_EU4" CO2="5815.06" CO="48.58" HC="0.37" NOx="2.09" PMx="0.11" fuel="2.50" electricity="0.00" noise="71.62" route="routebottom" type="cfm-slow" waiting="0.00" lane="bottom_0" pos="5.36" speed="24.63" angle="84.83" x="75.24" y="-3.96"/>
    </timestep>
    <timestep time="9.39">
        <vehicle id="cfm-fast_0" eclass="HBEFA3/PC_G_EU4" CO2="10069.04" CO="137.15" HC="0.87" NOx="4.09" PMx="0.22" fuel="4.33" electricity="0.00" noise="73.20" route="routebottom" type="cfm-fast" waiting="0.00" lane="bottom_0" pos="25.21" speed="24.96" angle="49.09" x="112.49" y="15.48"/>
        <vehicle id="cfm-fast_1" eclass="HBEFA3/PC_G_EU4" CO2="181284.20" CO="6582.31" HC="34.77" NOx="83.74" PMx="5.93" fuel="77.93" electricity="0.00" noise="122.54" route="routetop" type="cfm-fast" waiting="0.00" lane="left_1" pos="0.20" speed="104.84" angle="184.12" x="-1.64" y="63.21"/>
        <vehicle id="cfm-fast_2" eclass="HBEFA3/PC_G_EU4" CO2="12529.97" CO="191.17" HC="1.18" NOx="5.23" PMx="0.29" fuel="5.39" electricity="0.00" noise="74.48" route="routebottom" type="cfm-fast" waiting="0.00" lane="bottom_0" pos="41.22" speed="25.90" angle="20.35" x="129.66" y="44.91"/>
        <vehicle id="cfm-fast_3" eclass="HBEFA3/PC_G_EU4" CO2="12160.65" CO="188.94" HC="1.16" NOx="5.03" PMx="0.28" fuel="5.23" electricity="0.00" noise="74.65" route="routebottom" type="cfm-fast" waiting="0.00" lane="right_0" pos="8.21" speed="27.10" angle="349.63" x="129.98" y="81.23"/>
        <vehicle id="cfm-fast_4" eclass="HBEFA3/PC_G_EU4" CO2="96738.03" CO="5089.78" HC="25.89" NOx="43.83" PMx="3.83" fuel="41.58" electricity="0.00" noise="109.71" route="routebottom" type="cfm-fast" waiting="0.00" lane="bottom_1" pos="46.80" speed="108.31" angle="10.32" x="128.63" y="57.07"/>
        <vehicle id="cfm-fast_5" eclass="HBEFA3/PC_G_EU4" CO2="8840.52" CO="126.00" HC="0.80" NOx="3.44" PMx="0.20" fuel="3.80" electricity="0.00" noise="73.88" route="routebottom" type="cfm-fast" waiting="0.00" lane="right_0" pos="26.44" speed="28.10" angle="316.91" x="109.94" y="114.30"/>
        <vehicle id="cfm-slow_0" eclass="HBEFA3/PC_G_EU4" CO2="0.00" CO="0.00" HC="0.00" NOx="0.00" PMx="0.00" fuel="0.00" electricity="0.00" noise="72.86" route="routebottom" type="cfm-slow" waiting="0.00" lane="right_0" pos="45.64" speed="28.54" angle="282.40" x="73.11" y="131.61"/>
        <vehicle id="cfm-slow_1" eclass="HBEFA3/PC_G_EU4" CO2="0.00" CO="0.00" HC="0.00" NOx="0.00" PMx="0.00" fuel="0.00" electricity="0.00" noise="72.03" route="routetop" type="cfm-slow" waiting="0.00" lane="top_0" pos="19.23" speed="28.24" angle="239.83" x="24.68" y="120.12"/>
        <vehicle id="cfm-slow_2" eclass="HBEFA3/PC_G_EU4" CO2="0.00" CO="0.00" HC="0.00" NOx="0.00" PMx="0.00" fuel="0.00" electricity="0.00" noise="71.34" route="routetop" type="cfm-slow" waiting="0.00" lane="top_0" pos="42.44" speed="27.30" angle="198.14" x="-3.00" y="79.86"/>
        <vehicle id="cfm-slow_3" eclass="HBEFA3/PC_G_EU4" CO2="0.00" CO="0.00" HC="0.00" NOx="0.00" PMx="0.00" fuel="0.00" electricity="0.00" noise="70.80" route="routetop" type="cfm-slow" waiting="0.00" lane="left_0" pos="14.66" speed="26.08" angle="158.09" x="2.23" y="33.14"/>
        <vehicle id="cfm-slow_4" eclass="HBEFA3/PC_G_EU4" CO2="0.00" CO="0.00" HC="0.00" NOx="0.00" PMx="0.00" fuel="0.00" electricity="0.00" noise="70.77" route="routetop" type="cfm-slow" waiting="0.00" lane="left_0" pos="35.63" speed="25.06" angle="120.38" x="33.70" y="1.94"/>
        <vehicle id="cfm-slow_5" eclass="HBEFA3/PC_G_EU4" CO2="5856.65" CO="49.45" HC="0.37" NOx="2.11" PMx="0.11" fuel="2.52" electricity="0.00" noise="71.63" route="routebottom" type="cfm-slow" waiting="0.00" lane="bottom_0" pos="5.61" speed="24.64" angle="84.38" x="75.76" y="-3.87"/>
    </timestep>
    <timestep time="9.40">
        <vehicle id="cfm-fast_0" eclass="HBEFA3/PC_G_EU4" CO2="10093.71" CO="137.69" HC="0.88" NOx="4.10" PMx="0.22" fuel="4.34" electricity="0.00" noise="73.21" route="routebottom" type="cfm-fast" waiting="0.00" lane="bottom_0" pos="25.46" speed="24.97" angle="48.62" x="112.87" y="15.86"/>
        <vehicle id="cfm-fast_1" eclass="HBEFA3/PC_G_EU4" CO2="180459.02" CO="6568.01" HC="34.68" NOx="83.35" PMx="5.91" fuel="77.57" electricity="0.00" noise="122.41" route="routetop" type="cfm-fast" waiting="0.00" lane="left_1" pos="1.25" speed="104.88" angle="182.24" x="-1.60" y="61.06"/>
        <vehicle id="cfm-fast_2" eclass="HBEFA3/PC_G_EU4" CO2="12528.56" CO="191.19" HC="1.18" NOx="5.23" PMx="0.29" fuel="5.39" electricity="0.00" noise="74.48" route="routebottom" type="cfm-fast" waiting="0.00" lane="bottom_0" pos="41.48" speed="25.91" angle="19.88" x="129.80" y="45.45"/>
        <vehicle id="cfm-fast_3" eclass="HBEFA3/PC_G_EU4" CO2="12130.57" CO="188.37" HC="1.16" NOx="5.01" PMx="0.28" fuel="5.21" electricity="0.00" noise="74.64" route="routebottom" type="cfm-fast" waiting="0.00" lane="right_0" pos="8.48" speed="27.11" angle="349.13" x="129.82" y="81.79"/>
        <vehicle id="cfm-fast_4" eclass="HBEFA3/PC_G_EU4" CO2="96558.75" CO="5086.50" HC="25.87" NOx="43.74" PMx="3.82" fuel="41.51" electricity="0.00" noise="109.69" route="routebottom" type="cfm-fast" waiting="0.00" lane="bottom_1" pos="47.88" speed="108.32" angle="8.38" x="128.82" y="59.28"/>
        <vehicle id="cfm-fast_5" eclass="HBEFA3/PC_G_EU4" CO2="8790.20" CO="124.99" HC="0.79" NOx="3.42" PMx="0.20" fuel="3.78" electricity="0.00" noise="73.86" route="routebottom" type="cfm-fast" waiting="0.00" lane="right_0" pos="26.72" speed="28.11" angle="316.40" x="109.49" y="114.71"/>
        <vehicle id="cfm-slow_0" eclass="HBEFA3/PC_G_EU4" CO2="0.00" CO="0.00" HC="0.00" NOx="0.00" PMx="0.00" fuel="0.00" electricity="0.00" noise="72.85" route="routebottom" type="cfm-slow" waiting="0.00" lane="right_0" pos="45.93" speed="28.54" angle="281.89" x="72.50" y="131.70"/>
        <vehicle id="cfm-slow_1" eclass="HBEFA3/PC_G_EU4" CO2="0.00" CO="0.00" HC="0.00" NOx="0.00" PMx="0.00" fuel="0.00" electricity="0.00" noise="72.02" route="routetop" type="cfm-slow" waiting="0.00" lane="top_0" pos="19.51" speed="28.23" angle="239.32" x="24.18" y="119.76"/>
        <vehicle id="cfm-slow_2" eclass="HBEFA3/PC_G_EU4" CO2="0.00" CO="0.00" HC="0.00" NOx="0.00" PMx="0.00" fuel="0.00" electricity="0.00" noise="71.33" route="routetop" type="cfm-slow" waiting="0.00" lane="top_0" pos="42.72" speed="27.29" angle="197.65" x="-3.13" y="79.29"/>
        <vehicle id="cfm-slow_3" eclass="HBEFA3/PC_G_EU4" CO2="0.00" CO="0.00" HC="0.00" NOx="0.00" PMx="0.00" fuel="0.00" electricity="0.00" noise="70.80" route="routetop" type="cfm-slow" waiting="0.00" lane="left_0" pos="14.92" speed="26.07" angle="157.60" x="2.48" y="32.64"/>
        <vehicle id="cfm-slow_4" eclass="HBEFA3/PC_G_EU4" CO2="0.00" CO="0.00" HC="0.00" NOx="0.00" PMx="0.00" fuel="0.00" electricity="0.00" noise="70.77" route="routetop" type="cfm-slow" waiting="0.00" lane="left_0" pos="35.88" speed="25.06" angle="119.96" x="34.19" y="1.70"/>
        <vehicle id="cfm-slow_5" eclass="HBEFA3/PC_G_EU4" CO2="5898.07" CO="50.31" HC="0.38" NOx="2.13" PMx="0.11" fuel="2.54" electricity="0.00" noise="71.65" route="routebottom" type="cfm-slow" waiting="0.00" lane="bottom_0" pos="5.85" speed="24.64" angle="83.93" x="76.28" y="-3.77"/>
    </timestep>
    <timestep time="9.41">
        <vehicle id="cfm-fast_0" eclass="HBEFA3/PC_G_EU4" CO2="10118.15" CO="138.22" HC="0.88" NOx="4.11" PMx="0.22" fuel="4.35" electricity="0.00" noise="73.23" route="routebottom" type="cfm-fast" waiting="0.00" lane="bottom_0" pos="25.71" speed="24.98" angle="48.22" x="113.25" y="16.25"/>
        <vehicle id="cfm-fast_1" eclass="HBEFA3/PC_G_EU4" CO2="179639.30" CO="6553.80" HC="34.60" NOx="82.96" PMx="5.89" fuel="77.22" electricity="0.00" noise="122.28" route="routetop" type="cfm-fast" waiting="0.00" lane="left_1" pos="2.30" speed="104.91" angle="180.34" x="-1.47" y="58.91"/>
        <vehicle id="cfm-fast_2" eclass="HBEFA3/PC_G_EU4" CO2="12526.87" CO="191.20" HC="1.18" NOx="5.23" PMx="0.29" fuel="5.38" electricity="0.00" noise="74.48" route="routebottom" type="cfm-fast" waiting="0.00" lane="bottom_0" pos="41.73" speed="25.92" angle="19.40" x="129.95" y="45.99"/>
        <vehicle id="cfm-fast_3" eclass="HBEFA3/PC_G_EU4" CO2="12100.29" CO="187.80" HC="1.16" NOx="5.00" PMx="0.28" fuel="5.20" electricity="0.00" noise="74.63" route="routebottom" type="cfm-fast" waiting="0.00" lane="right_0" pos="8.75" speed="27.12" angle="348.63" x="129.67" y="82.35"/>
        <vehicle id="cfm-fast_4" eclass="HBEFA3/PC_G_EU4" CO2="96382.53" CO="5083.27" HC="25.85" NOx="43.66" PMx="3.82" fuel="41.43" electricity="0.00" noise="109.66" route="routebottom" type="cfm-fast" waiting="0.00" lane="bottom_1" pos="48.96" speed="108.33" angle="6.38" x="128.93" y="61.50"/>
        <vehicle id="cfm-fast_5" eclass="HBEFA3/PC_G_EU4" CO2="8739.86" CO="123.99" HC="0.79" NOx="3.39" PMx="0.20" fuel="3.76" electricity="0.00" noise="73.85" route="routebottom" type="cfm-fast" waiting="0.00" lane="right_0" pos="27.00" speed="28.11" angle="315.94" x="109.04" y="115.12"/>
        <vehicle id="cfm-slow_0" eclass="HBEFA3/PC_G_EU4" CO2="0.00" CO="0.00" HC="0.00" NOx="0.00" PMx="0.00" fuel="0.00" electricity="0.00" noise="72.84" route="routebottom" type="cfm-slow" waiting="0.00" lane="right_0" pos="46.21" speed="28.54" angle="281.43" x="71.89" y="131.78"/>
        <vehicle id="cfm-slow_1" eclass="HBEFA3/PC_G_EU4" CO2="0.00" CO="0.00" HC="0.00" NOx="0.00" PMx="0.00" fuel="0.00" electricity="0.00" noise="72.02" route="routetop" type="cfm-slow" waiting="0.00" lane="top_0" pos="19.79" speed="28.22" angle="238.81" x="23.69" y="119.41"/>
        <vehicle id="cfm-slow_2" eclass="HBEFA3/PC_G_EU4" CO2="0.00" CO="0.00" HC="0.00" NOx="0.00" PMx="0.00" fuel="0.00" electricity="0.00" noise="71.32" route="routetop" type="cfm-slow" waiting="0.00" lane="top_0" pos="42.99" speed="27.28" angle="197.17" x="-3.26" y="78.72"/>
        <vehicle id="cfm-slow_3" eclass="HBEFA3/PC_G_EU4" CO2="0.00" CO="0.00" HC="0.00" NOx="0.00" PMx="0.00" fuel="0.00" electricity="0.00" noise="70.80" route="routetop" type="cfm-slow" waiting="0.00" lane="left_0" pos="15.18" speed="26.06" angle="157.11" x="2.73" y="32.13"/>
        <vehicle id="cfm-slow_4" eclass="HBEFA3/PC_G_EU4" CO2="0.00" CO="0.00" HC="0.00" NOx="0.00" PMx="0.00" fuel="0.00" electricity="0.00" noise="70.78" route="routetop" type="cfm-slow" waiting="0.00" lane="left_0" pos="36.14" speed="25.05" angle="119.51" x="34.68" y="1.48"/>
        <vehicle id="cfm-slow_5" eclass="HBEFA3/PC_G_EU4" CO2="5939.34" CO="51.16" HC="0.38" NOx="2.15" PMx="0.11" fuel="2.55" electricity="0.00" noise="71.66" route="routebottom" type="cfm-slow" waiting="0.00" lane="bottom_0" pos="6.10" speed="24.64" angle="83.48" x="76.80" y="-3.68"/>
    </timestep>
    <timestep time="9.42">
        <vehicle id="cfm-fast_0" eclass="HBEFA3/PC_G_EU4" CO2="10142.35" CO="138.75" HC="0.88" NOx="4.12" PMx="0.22" fuel="4.36" electricity="0.00" noise="73.24" route="routebottom" type="cfm-fast" waiting="0.00" lane="bottom_0" pos="25.96" speed="24.99" angle="47.77" x="113.61" y="16.64"/>
        <vehicle id="cfm-fast_1" eclass="HBEFA3/PC_G_EU4" CO2="178825.03" CO="6539.68" HC="34.51" NOx="82.58" PMx="5.87" fuel="76.87" electricity="0.00" noise="122.15" route="routetop" type="cfm-fast" waiting="0.00" lane="left_1" pos="3.35" speed="104.95" angle="178.47" x="-1.28" y="56.77"/>
        <vehicle id="cfm-fast_2" eclass="HBEFA3/PC_G_EU4" CO2="12524.92" CO="191.21" HC="1.18" NOx="5.23" PMx="0.29" fuel="5.38" electricity="0.00" noise="74.48" route="routebottom" type="cfm-fast" waiting="0.00" lane="bottom_0" pos="41.99" speed="25.93" angle="18.93" x="130.09" y="46.53"/>
        <vehicle id="cfm-fast_3" eclass="HBEFA3/PC_G_EU4" CO2="12069.80" CO="187.22" HC="1.15" NOx="4.98" PMx="0.28" fuel="5.19" electricity="0.00" noise="74.62" route="routebottom" type="cfm-fast" waiting="0.00" lane="right_0" pos="9.03" speed="27.13" angle="348.20" x="129.52" y="82.92"/>
        <vehicle id="cfm-fast_4" eclass="HBEFA3/PC_G_EU4" CO2="96209.32" CO="5080.11" HC="25.83" NOx="43.58" PMx="3.81" fuel="41.36" electricity="0.00" noise="109.64" route="routebottom" type="cfm-fast" waiting="0.00" lane="right_1" pos="0.04" speed="108.33" angle="4.41" x="128.97" y="63.78"/>
        <vehicle id="cfm-fast_5" eclass="HBEFA3/PC_G_EU4" CO2="8689.51" CO="122.98" HC="0.78" NOx="3.37" PMx="0.19" fuel="3.74" electricity="0.00" noise="73.84" route="routebottom" type="cfm-fast" waiting="0.00" lane="right_0" pos="27.28" speed="28.12" angle="315.41" x="108.58" y="115.51"/>
        <vehicle id="cfm-slow_0" eclass="HBEFA3/PC_G_EU4" CO2="0.00" CO="0.00" HC="0.00" NOx="0.00" PMx="0.00" fuel="0.00" electricity="0.00" noise="72.83" route="routebottom" type="cfm-slow" waiting="0.00" lane="right_0" pos="46.50" speed="28.54" angle="280.90" x="71.28" y="131.85"/>
        <vehicle id="cfm-slow_1" eclass="HBEFA3/PC_G_EU4" CO2="0.00" CO="0.00" HC="0.00" NOx="0.00" PMx="0.00" fuel="0.00" electricity="0.00" noise="72.01" route="routetop" type="cfm-slow" waiting="0.00" lane="top_0" pos="20.08" speed="28.22" angle="238.30" x="23.20" y="119.05"/>
        <vehicle id="cfm-slow_2" eclass="HBEFA3/PC_G_EU4" CO2="0.00" CO="0.00" HC="0.00" NOx="0.00" PMx="0.00" fuel="0.00" electricity="0.00" noise="71.32" route="routetop" type="cfm-slow" waiting="0.00" lane="top_0" pos="43.26" speed="27.27" angle="196.68" x="-3.39" y="78.14"/>
        <vehicle id="cfm-slow_3" eclass="HBEFA3/PC_G_EU4" CO2="0.00" CO="0.00" HC="0.00" NOx="0.00" PMx="0.00" fuel="0.00" electricity="0.00" noise="70.80" route="routetop" type="cfm-slow" waiting="0.00" lane="left_0" pos="15.44" speed="26.05" angle="156.69" x="2.98" y="31.64"/>
        <vehicle id="cfm-slow_4" eclass="HBEFA3/PC_G_EU4" CO2="0.00" CO="0.00" HC="0.00" NOx="0.00" PMx="0.00" fuel="0.00" electricity="0.00" noise="70.78" route="routetop" type="cfm-slow" waiting="0.00" lane="left_0" pos="36.39" speed="25.05" angle="119.04" x="35.17" y="1.26"/>
        <vehicle id="cfm-slow_5" eclass="HBEFA3/PC_G_EU4" CO2="5980.45" CO="52.02" HC="0.39" NOx="2.17" PMx="0.11" fuel="2.57" electricity="0.00" noise="71.67" route="routebottom" type="cfm-slow" waiting="0.00" lane="bottom_0" pos="6.35" speed="24.64" angle="83.07" x="77.32" y="-3.58"/>
    </timestep>
    <timestep time="9.43">
        <vehicle id="cfm-fast_0" eclass="HBEFA3/PC_G_EU4" CO2="10166.30" CO="139.27" HC="0.89" NOx="4.13" PMx="0.22" fuel="4.37" electricity="0.00" noise="73.25" route="routebottom" type="cfm-fast" waiting="0.00" lane="bottom_0" pos="26.21" speed="24.99" angle="47.31" x="113.98" y="17.04"/>
        <vehicle id="cfm-fast_1" eclass="HBEFA3/PC_G_EU4" CO2="178016.19" CO="6525.65" HC="34.43" NOx="82.20" PMx="5.85" fuel="76.52" electricity="0.00" noise="122.03" route="routetop" type="cfm-fast" waiting="0.00" lane="left_1" pos="4.40" speed="104.99" angle="176.60" x="-1.02" y="54.64"/>
        <vehicle id="cfm-fast_2" eclass="HBEFA3/PC_G_EU4" CO2="12522.70" CO="191.21" HC="1.18" NOx="5.22" PMx="0.29" fuel="5.38" electricity="0.00" noise="74.48" route="routebottom" type="cfm-fast" waiting="0.00" lane="bottom_0" pos="42.25" speed="25.94" angle="18.48" x="130.23" y="47.07"/>
        <vehicle id="cfm-fast_3" eclass="HBEFA3/PC_G_EU4" CO2="12039.10" CO="186.64" HC="1.15" NOx="4.97" PMx="0.28" fuel="5.18" electricity="0.00" noise="74.61" route="routebottom" type="cfm-fast" waiting="0.00" lane="right_0" pos="9.30" speed="27.14" angle="347.71" x="129.34" y="83.47"/>
        <vehicle id="cfm-fast_4" eclass="HBEFA3/PC_G_EU4" CO2="96039.06" CO="5077.00" HC="25.82" NOx="43.50" PMx="3.81" fuel="41.28" electricity="0.00" noise="109.61" route="routebottom" type="cfm-fast" waiting="0.00" lane="right_1" pos="1.13" speed="108.34" angle="2.43" x="128.93" y="66.00"/>
        <vehicle id="cfm-fast_5" eclass="HBEFA3/PC_G_EU4" CO2="8639.15" CO="121.97" HC="0.77" NOx="3.34" PMx="0.19" fuel="3.71" electricity="0.00" noise="73.83" route="routebottom" type="cfm-fast" waiting="0.00" lane="right_0" pos="27.56" speed="28.12" angle="314.89" x="108.12" y="115.90"/>
        <vehicle id="cfm-slow_0" eclass="HBEFA3/PC_G_EU4" CO2="0.00" CO="0.00" HC="0.00" NOx="0.00" PMx="0.00" fuel="0.00" electricity="0.00" noise="72.82" route="routebottom" type="cfm-slow" waiting="0.00" lane="right_0" pos="46.78" speed="28.53" angle="280.38" x="70.67" y="131.91"/>
        <vehicle id="cfm-slow_1" eclass="HBEFA3/PC_G_EU4" CO2="0.00" CO="0.00" HC="0.00" NOx="0.00" PMx="0.00" fuel="0.00" electricity="0.00" noise="72.00" route="routetop" type="cfm-slow" waiting="0.00" lane="top_0" pos="20.36" speed="28.21" angle="237.78" x="22.71" y="118.70"/>
        <vehicle id="cfm-slow_2" eclass="HBEFA3/PC_G_EU4" CO2="0.00" CO="0.00" HC="0.00" NOx="0.00" PMx="0.00" fuel="0.00" electricity="0.00" noise="71.31" route="routetop" type="cfm-slow" waiting="0.00" lane="top_0" pos="43.54" speed="27.26" angle="196.21" x="-3.53" y="77.57"/>
        <vehicle id="cfm-slow_3" eclass="HBEFA3/PC_G_EU4" CO2="0.00" CO="0.00" HC="0.00" NOx="0.00" PMx="0.00" fuel="0.00" electricity="0.00" noise="70.80" route="routetop" type="cfm-slow" waiting="0.00" lane="left_0" pos="15.70" speed="26.04" angle="156.21" x="3.25" y="31.14"/>
        <vehicle id="cfm-slow_4" eclass="HBEFA3/PC_G_EU4" CO2="0.00" CO="0.00" HC="0.00" NOx="0.00" PMx="0.00" fuel="0.00" electricity="0.00" noise="70.79" route="routetop" type="cfm-slow" waiting="0.00" lane="left_0" pos="36.64" speed="25.04" angle="118.57" x="35.66" y="1.03"/>
        <vehicle id="cfm-slow_5" eclass="HBEFA3/PC_G_EU4" CO2="6021.39" CO="52.87" HC="0.39" NOx="2.19" PMx="0.11" fuel="2.59" electricity="0.00" noise="71.69" route="routebottom" type="cfm-slow" waiting="0.00" lane="bottom_0" pos="6.59" speed="24.65" angle="82.61" x="77.84" y="-3.46"/>
    </timestep>
    <timestep time="9.44">
        <vehicle id="cfm-fast_0" eclass="HBEFA3/PC_G_EU4" CO2="10190.02" CO="139.79" HC="0.89" NOx="4.14" PMx="0.22" fuel="4.38" electricity="0.00" noise="73.26" route="routebottom" type="cfm-fast" waiting="0.00" lane="bottom_0" pos="26.46" speed="25.00" angle="46.86" x="114.34" y="17.43"/>
        <vehicle id="cfm-fast_1" eclass="HBEFA3/PC_G_EU4" CO2="177212.79" CO="6511.71" HC="34.35" NOx="81.82" PMx="5.83" fuel="76.18" electricity="0.00" noise="121.90" route="routetop" type="cfm-fast" waiting="0.00" lane="left_1" pos="5.45" speed="105.03" angle="174.69" x="-0.68" y="52.51"/>
        <vehicle id="cfm-fast_2" eclass="HBEFA3/PC_G_EU4" CO2="12520.20" CO="191.21" HC="1.18" NOx="5.22" PMx="0.29" fuel="5.38" electricity="0.00" noise="74.49" route="routebottom" type="cfm-fast" waiting="0.00" lane="bottom_0" pos="42.51" speed="25.96" angle="18.04" x="130.36" y="47.61"/>
        <vehicle id="cfm-fast_3" eclass="HBEFA3/PC_G_EU4" CO2="12008.21" CO="186.06" HC="1.15" NOx="4.95" PMx="0.28" fuel="5.16" electricity="0.00" noise="74.60" route="routebottom" type="cfm-fast" waiting="0.00" lane="right_0" pos="9.57" speed="27.15" angle="347.22" x="129.17" y="84.03"/>
        <vehicle id="cfm-fast_4" eclass="HBEFA3/PC_G_EU4" CO2="95871.70" CO="5073.94" HC="25.80" NOx="43.42" PMx="3.80" fuel="41.21" electricity="0.00" noise="109.59" route="routebottom" type="cfm-fast" waiting="0.00" lane="right_1" pos="2.21" speed="108.34" angle="0.50" x="128.81" y="68.22"/>
        <vehicle id="cfm-fast_5" eclass="HBEFA3/PC_G_EU4" CO2="8588.78" CO="120.96" HC="0.77" NOx="3.32" PMx="0.19" fuel="3.69" electricity="0.00" noise="73.81" route="routebottom" type="cfm-fast" waiting="0.00" lane="right_0" pos="27.84" speed="28.13" angle="314.36" x="107.66" y="116.29"/>
        <vehicle id="cfm-slow_0" eclass="HBEFA3/PC_G_EU4" CO2="0.00" CO="0.00" HC="0.00" NOx="0.00" PMx="0.00" fuel="0.00" electricity="0.00" noise="72.81" route="routebottom" type="cfm-slow" waiting="0.00" lane="right_0" pos="47.07" speed="28.53" angle="279.86" x="70.06" y="131.97"/>
        <vehicle id="cfm-slow_1" eclass="HBEFA3/PC_G_EU4" CO2="0.00" CO="0.00" HC="0.00" NOx="0.00" PMx="0.00" fuel="0.00" electricity="0.00" noise="72.00" route="routetop" type="cfm-slow" waiting="0.00" lane="top_0" pos="20.64" speed="28.20" angle="237.33" x="22.22" y="118.33"/>
        <vehicle id="cfm-slow_2" eclass="HBEFA3/PC_G_EU4" CO2="0.00" CO="0.00" HC="0.00" NOx="0.00" PMx="0.00" fuel="0.00" electricity="0.00" noise="71.31" route="routetop" type="cfm-slow" waiting="0.00" lane="top_0" pos="43.81" speed="27.24" angle="195.75" x="-3.64" y="77.00"/>
        <vehicle id="cfm-slow_3" eclass="HBEFA3/PC_G_EU4" CO2="0.00" CO="0.00" HC="0.00" NOx="0.00" PMx="0.00" fuel="0.00" electricity="0.00" noise="70.79" route="routetop" type="cfm-slow" waiting="0.00" lane="left_0" pos="15.96" speed="26.03" angle="155.73" x="3.53" y="30.65"/>
        <vehicle id="cfm-slow_4" eclass="HBEFA3/PC_G_EU4" CO2="0.00" CO="0.00" HC="0.00" NOx="0.00" PMx="0.00" fuel="0.00" electricity="0.00" noise="70.79" route="routetop" type="cfm-slow" waiting="0.00" lane="left_0" pos="36.89" speed="25.04" angle="118.10" x="36.15" y="0.81"/>
        <vehicle id="cfm-slow_5" eclass="HBEFA3/PC_G_EU4" CO2="6062.17" CO="53.72" HC="0.40" NOx="2.21" PMx="0.12" fuel="2.61" electricity="0.00" noise="71.70" route="routebottom" type="cfm-slow" waiting="0.00" lane="bottom_0" pos="6.84" speed="24.65" angle="82.14" x="78.36" y="-3.35"/>
    </timestep>
    <timestep time="9.45">
        <vehicle id="cfm-fast_0" eclass="HBEFA3/PC_G_EU4" CO2="10213.50" CO="140.30" HC="0.89" NOx="4.16" PMx="0.22" fuel="4.39" electricity="0.00" noise="73.28" route="routebottom" type="cfm-fast" waiting="0.00" lane="bottom_0" pos="26.71" speed="25.01" angle="46.40" x="114.71" y="17.83"/>
        <vehicle id="cfm-fast_1" eclass="HBEFA3/PC_G_EU4" CO2="176414.80" CO="6497.86" HC="34.26" NOx="81.44" PMx="5.81" fuel="75.83" electricity="0.00" noise="121.77" route="routetop" type="cfm-fast" waiting="0.00" lane="left_1" pos="6.50" speed="105.06" angle="172.78" x="-0.28" y="50.39"/>
        <vehicle id="cfm-fast_2" eclass="HBEFA3/PC_G_EU4" CO2="12517.45" CO="191.20" HC="1.18" NOx="5.22" PMx="0.29" fuel="5.38" electricity="0.00" noise="74.49" route="routebottom" type="cfm-fast" waiting="0.00" lane="bottom_0" pos="42.77" speed="25.97" angle="17.57" x="130.49" y="48.16"/>
        <vehicle id="cfm-fast_3" eclass="HBEFA3/PC_G_EU4" CO2="11977.12" CO="185.47" HC="1.14" NOx="4.94" PMx="0.28" fuel="5.15" electricity="0.00" noise="74.60" route="routebottom" type="cfm-fast" waiting="0.00" lane="right_0" pos="9.84" speed="27.16" angle="346.73" x="129.00" y="84.59"/>
        <vehicle id="cfm-fast_4" eclass="HBEFA3/PC_G_EU4" CO2="95707.17" CO="5070.94" HC="25.78" NOx="43.34" PMx="3.80" fuel="41.14" electricity="0.00" noise="109.56" route="routebottom" type="cfm-fast" waiting="0.00" lane="right_1" pos="3.30" speed="108.35" angle="358.58" x="128.61" y="70.43"/>
        <vehicle id="cfm-fast_5" eclass="HBEFA3/PC_G_EU4" CO2="8538.40" CO="119.95" HC="0.76" NOx="3.30" PMx="0.19" fuel="3.67" electricity="0.00" noise="73.80" route="routebottom" type="cfm-fast" waiting="0.00" lane="right_0" pos="28.12" speed="28.13" angle="313.86" x="107.20" y="116.68"/>
        <vehicle id="cfm-slow_0" eclass="HBEFA3/PC_G_EU4" CO2="0.00" CO="0.00" HC="0.00" NOx="0.00" PMx="0.00" fuel="0.00" electricity="0.00" noise="72.80" route="routebottom" type="cfm-slow" waiting="0.00" lane="right_0" pos="47.35" speed="28.53" angle="279.34" x="69.45" y="132.03"/>
        <vehicle id="cfm-slow_1" eclass="HBEFA3/PC_G_EU4" CO2="0.00" CO="0.00" HC="0.00" NOx="0.00" PMx="0.00" fuel="0.00" electricity="0.00" noise="71.99" route="routetop" type="cfm-slow" waiting="0.00" lane="top_0" pos="20.92" speed="28.19" angle="236.81" x="21.74" y="117.96"/>
        <vehicle id="cfm-slow_2" eclass="HBEFA3/PC_G_EU4" CO2="0.00" CO="0.00" HC="0.00" NOx="0.00" PMx="0.00" fuel="0.00" electricity="0.00" noise="71.30" route="routetop" type="cfm-slow" waiting="0.00" lane="top_0" pos="44.08" speed="27.23" angle="195.24" x="-3.75" y="76.42"/>
        <vehicle id="cfm-slow_3" eclass="HBEFA3/PC_G_EU4" CO2="0.00" CO="0.00" HC="0.00" NOx="0.00" PMx="0.00" fuel="0.00" electricity="0.00" noise="70.79" route="routetop" type="cfm-slow" waiting="0.00" lane="left_0" pos="16.22" speed="26.02" angle="155.25" x="3.80" y="30.16"/>
        <vehicle id="cfm-slow_4" eclass="HBEFA3/PC_G_EU4" CO2="0.00" CO="0.00" HC="0.00" NOx="0.00" PMx="0.00" fuel="0.00" electricity="0.00" noise="70.80" route="routetop" type="cfm-slow" waiting="0.00" lane="left_0" pos="37.14" speed="25.04" angle="117.67" x="36.64" y="0.59"/>
        <vehicle id="cfm-slow_5" eclass="HBEFA3/PC_G_EU4" CO2="6102.79" CO="54.56" HC="0.40" NOx="2.22" PMx="0.12" fuel="2.62" electricity="0.00" noise="71.71" route="routebottom" type="cfm-slow" waiting="0.00" lane="bottom_0" pos="7.09" speed="24.65" angle="81.67" x="78.88" y="-3.23"/>
    </timestep>
    <timestep time="9.46">
        <vehicle id="cfm-fast_0" eclass="HBEFA3/PC_G_EU4" CO2="10236.74" CO="140.81" HC="0.90" NOx="4.17" PMx="0.23" fuel="4.40" electricity="0.00" noise="73.29" route="routebottom" type="cfm-fast" waiting="0.00" lane="bottom_0" pos="26.96" speed="25.02" angle="46.01" x="115.07" y="18.22"/>
        <vehicle id="cfm-fast_1" eclass="HBEFA3/PC_G_EU4" CO2="175622.23" CO="6484.10" HC="34.18" NOx="81.07" PMx="5.79" fuel="75.49" electricity="0.00" noise="121.65" route="routetop" type="cfm-fast" waiting="0.00" lane="left_1" pos="7.55" speed="105.10" angle="170.84" x="0.19" y="48.29"/>
        <vehicle id="cfm-fast_2" eclass="HBEFA3/PC_G_EU4" CO2="12514.42" CO="191.18" HC="1.18" NOx="5.22" PMx="0.29" fuel="5.38" electricity="0.00" noise="74.49" route="routebottom" type="cfm-fast" waiting="0.00" lane="bottom_0" pos="43.03" speed="25.98" angle="17.10" x="130.61" y="48.70"/>
        <vehicle id="cfm-fast_3" eclass="HBEFA3/PC_G_EU4" CO2="11945.84" CO="184.87" HC="1.14" NOx="4.93" PMx="0.28" fuel="5.13" electricity="0.00" noise="74.59" route="routebottom" type="cfm-fast" waiting="0.00" lane="right_0" pos="10.11" speed="27.17" angle="346.25" x="128.83" y="85.15"/>
        <vehicle id="cfm-fast_4" eclass="HBEFA3/PC_G_EU4" CO2="95545.43" CO="5067.99" HC="25.76" NOx="43.26" PMx="3.80" fuel="41.07" electricity="0.00" noise="109.54" route="routebottom" type="cfm-fast" waiting="0.00" lane="right_1" pos="4.38" speed="108.35" angle="356.65" x="128.34" y="72.64"/>
        <vehicle id="cfm-fast_5" eclass="HBEFA3/PC_G_EU4" CO2="8488.02" CO="118.94" HC="0.76" NOx="3.27" PMx="0.19" fuel="3.65" electricity="0.00" noise="73.79" route="routebottom" type="cfm-fast" waiting="0.00" lane="right_0" pos="28.40" speed="28.14" angle="313.38" x="106.73" y="117.06"/>
        <vehicle id="cfm-slow_0" eclass="HBEFA3/PC_G_EU4" CO2="0.00" CO="0.00" HC="0.00" NOx="0.00" PMx="0.00" fuel="0.00" electricity="0.00" noise="72.79" route="routebottom" type="cfm-slow" waiting="0.00" lane="right_0" pos="47.64" speed="28.53" angle="278.87" x="68.84" y="132.08"/>
        <vehicle id="cfm-slow_1" eclass="HBEFA3/PC_G_EU4" CO2="0.00" CO="0.00" HC="0.00" NOx="0.00" PMx="0.00" fuel="0.00" electricity="0.00" noise="71.98" route="routetop" type="cfm-slow" waiting="0.00" lane="top_0" pos="21.20" speed="28.18" angle="236.29" x="21.27" y="117.58"/>
        <vehicle id="cfm-slow_2" eclass="HBEFA3/PC_G_EU4" CO2="0.00" CO="0.00" HC="0.00" NOx="0.00" PMx="0.00" fuel="0.00" electricity="0.00" noise="71.30" route="routetop" type="cfm-slow" waiting="0.00" lane="top_0" pos="44.35" speed="27.22" angle="194.73" x="-3.85" y="75.85"/>
        <vehicle id="cfm-slow_3" eclass="HBEFA3/PC_G_EU4" CO2="0.00" CO="0.00" HC="0.00" NOx="0.00" PMx="0.00" fuel="0.00" electricity="0.00" noise="70.79" route="routetop" type="cfm-slow" waiting="0.00" lane="left_0" pos="16.48" speed="26.01" angle="154.77" x="4.07" y="29.67"/>
        <vehicle id="cfm-slow_4" eclass="HBEFA3/PC_G_EU4" CO2="0.00" CO="0.00" HC="0.00" NOx="0.00" PMx="0.00" fuel="0.00" electricity="0.00" noise="70.81" route="routetop" type="cfm-slow" waiting="0.00" lane="left_0" pos="37.39" speed="25.03" angle="117.25" x="37.14" y="0.39"/>
        <vehicle id="cfm-slow_5" eclass="HBEFA3/PC_G_EU4" CO2="6143.25" CO="55.40" HC="0.40" NOx="2.24" PMx="0.12" fuel="2.64" electricity="0.00" noise="71.73" route="routebottom" type="cfm-slow" waiting="0.00" lane="bottom_0" pos="7.33" speed="24.66" angle="81.20" x="79.39" y="-3.11"/>
    </timestep>
    <timestep time="9.47">
        <vehicle id="cfm-fast_0" eclass="HBEFA3/PC_G_EU4" CO2="10259.74" CO="141.31" HC="0.90" NOx="4.18" PMx="0.23" fuel="4.41" electricity="0.00" noise="73.30" route="routebottom" type="cfm-fast" waiting="0.00" lane="bottom_0" pos="27.21" speed="25.03" angle="45.54" x="115.42" y="18.63"/>
        <vehicle id="cfm-fast_1" eclass="HBEFA3/PC_G_EU4" CO2="174835.04" CO="6470.43" HC="34.10" NOx="80.70" PMx="5.77" fuel="75.15" electricity="0.00" noise="121.53" route="routetop" type="cfm-fast" waiting="0.00" lane="left_1" pos="8.60" speed="105.14" angle="168.94" x="0.74" y="46.20"/>
        <vehicle id="cfm-fast_2" eclass="HBEFA3/PC_G_EU4" CO2="12511.13" CO="191.16" HC="1.18" NOx="5.22" PMx="0.29" fuel="5.38" electricity="0.00" noise="74.49" route="routebottom" type="cfm-fast" waiting="0.00" lane="bottom_0" pos="43.29" speed="25.99" angle="16.63" x="130.73" y="49.25"/>
        <vehicle id="cfm-fast_3" eclass="HBEFA3/PC_G_EU4" CO2="11914.35" CO="184.27" HC="1.14" NOx="4.91" PMx="0.28" fuel="5.12" electricity="0.00" noise="74.58" route="routebottom" type="cfm-fast" waiting="0.00" lane="right_0" pos="10.38" speed="27.18" angle="345.81" x="128.64" y="85.70"/>
        <vehicle id="cfm-fast_4" eclass="HBEFA3/PC_G_EU4" CO2="95386.41" CO="5065.10" HC="25.75" NOx="43.19" PMx="3.79" fuel="41.00" electricity="0.00" noise="109.51" route="routebottom" type="cfm-fast" waiting="0.00" lane="right_1" pos="5.46" speed="108.36" angle="354.69" x="128.00" y="74.83"/>
        <vehicle id="cfm-fast_5" eclass="HBEFA3/PC_G_EU4" CO2="8437.63" CO="117.92" HC="0.75" NOx="3.25" PMx="0.19" fuel="3.63" electricity="0.00" noise="73.78" route="routebottom" type="cfm-fast" waiting="0.00" lane="right_0" pos="28.69" speed="28.14" angle="312.87" x="106.25" y="117.44"/>
        <vehicle id="cfm-slow_0" eclass="HBEFA3/PC_G_EU4" CO2="0.00" CO="0.00" HC="0.00" NOx="0.00" PMx="0.00" fuel="0.00" electricity="0.00" noise="72.78" route="routebottom" type="cfm-slow" waiting="0.00" lane="right_0" pos="47.92" speed="28.52" angle="278.33" x="68.22" y="132.12"/>
        <vehicle id="cfm-slow_1" eclass="HBEFA3/PC_G_EU4" CO2="0.00" CO="0.00" HC="0.00" NOx="0.00" PMx="0.00" fuel="0.00" electricity="0.00" noise="71.97" route="routetop" type="cfm-slow" waiting="0.00" lane="top_0" pos="21.49" speed="28.17" angle="235.77" x="20.79" y="117.21"/>
        <vehicle id="cfm-slow_2" eclass="HBEFA3/PC_G_EU4" CO2="0.00" CO="0.00" HC="0.00" NOx="0.00" PMx="0.00" fuel="0.00" electricity="0.00" noise="71.29" route="routetop" type="cfm-slow" waiting="0.00" lane="top_0" pos="44.62" speed="27.21" angle="194.23" x="-3.96" y="75.27"/>
        <vehicle id="cfm-slow_3" eclass="HBEFA3/PC_G_EU4" CO2="0.00" CO="0.00" HC="0.00" NOx="0.00" PMx="0.00" fuel="0.00" electricity="0.00" noise="70.79" route="routetop" type="cfm-slow" waiting="0.00" lane="left_0" pos="16.74" speed="26.00" angle="154.35" x="4.34" y="29.19"/>
        <vehicle id="cfm-slow_4" eclass="HBEFA3/PC_G_EU4" CO2="0.00" CO="0.00" HC="0.00" NOx="0.00" PMx="0.00" fuel="0.00" electricity="0.00" noise="70.81" route="routetop" type="cfm-slow" waiting="0.00" lane="left_0" pos="37.64" speed="25.03" angle="116.79" x="37.64" y="0.19"/>
        <vehicle id="cfm-slow_5" eclass="HBEFA3/PC_G_EU4" CO2="6183.54" CO="56.24" HC="0.41" NOx="2.26" PMx="0.12" fuel="2.66" electricity="0.00" noise="71.74" route="routebottom" type="cfm-slow" waiting="0.00" lane="bottom_0" pos="7.58" speed="24.66" angle="80.76" x="79.91" y="-2.99"/>
    </timestep>
    <timestep time="9.48">
        <vehicle id="cfm-fast_0" eclass="HBEFA3/PC_G_EU4" CO2="10282.49" CO="141.81" HC="0.90" NOx="4.19" PMx="0.23" fuel="4.42" electricity="0.00" noise="73.31" route="routebottom" type="cfm-fast" waiting="0.00" lane="bottom_0" pos="27.46" speed="25.04" angle="45.07" x="115.77" y="19.05"/>
        <vehicle id="cfm-fast_1" eclass="HBEFA3/PC_G_EU4" CO2="174053.24" CO="6456.85" HC="34.02" NOx="80.33" PMx="5.75" fuel="74.82" electricity="0.00" noise="121.40" route="routetop" type="cfm-fast" waiting="0.00" lane="left_1" pos="9.66" speed="105.17" angle="167.06" x="1.35" y="44.14"/>
        <vehicle id="cfm-fast_2" eclass="HBEFA3/PC_G_EU4" CO2="12507.57" CO="191.14" HC="1.18" NOx="5.22" PMx="0.29" fuel="5.38" electricity="0.00" noise="74.49" route="routebottom" type="cfm-fast" waiting="0.00" lane="bottom_0" pos="43.55" speed="26.00" angle="16.18" x="130.86" y="49.79"/>
        <vehicle id="cfm-fast_3" eclass="HBEFA3/PC_G_EU4" CO2="11882.68" CO="183.67" HC="1.13" NOx="4.89" PMx="0.27" fuel="5.11" electricity="0.00" noise="74.57" route="routebottom" type="cfm-fast" waiting="0.00" lane="right_0" pos="10.66" speed="27.19" angle="345.29" x="128.44" y="86.25"/>
        <vehicle id="cfm-fast_4" eclass="HBEFA3/PC_G_EU4" CO2="95230.07" CO="5062.25" HC="25.73" NOx="43.12" PMx="3.79" fuel="40.94" electricity="0.00" noise="109.49" route="routebottom" type="cfm-fast" waiting="0.00" lane="right_1" pos="6.55" speed="108.36" angle="352.73" x="127.59" y="77.02"/>
        <vehicle id="cfm-fast_5" eclass="HBEFA3/PC_G_EU4" CO2="8387.25" CO="116.91" HC="0.74" NOx="3.22" PMx="0.19" fuel="3.61" electricity="0.00" noise="73.76" route="routebottom" type="cfm-fast" waiting="0.00" lane="right_0" pos="28.97" speed="28.15" angle="312.36" x="105.77" y="117.81"/>
        <vehicle id="cfm-slow_0" eclass="HBEFA3/PC_G_EU4" CO2="0.00" CO="0.00" HC="0.00" NOx="0.00" PMx="0.00" fuel="0.00" electricity="0.00" noise="72.77" route="routebottom" type="cfm-slow" waiting="0.00" lane="right_0" pos="48.21" speed="28.52" angle="277.80" x="67.61" y="132.15"/>
        <vehicle id="cfm-slow_1" eclass="HBEFA3/PC_G_EU4" CO2="0.00" CO="0.00" HC="0.00" NOx="0.00" PMx="0.00" fuel="0.00" electricity="0.00" noise="71.97" route="routetop" type="cfm-slow" waiting="0.00" lane="top_0" pos="21.77" speed="28.16" angle="235.30" x="20.31" y="116.84"/>
        <vehicle id="cfm-slow_2" eclass="HBEFA3/PC_G_EU4" CO2="0.00" CO="0.00" HC="0.00" NOx="0.00" PMx="0.00" fuel="0.00" electricity="0.00" noise="71.29" route="routetop" type="cfm-slow" waiting="0.00" lane="top_0" pos="44.90" speed="27.20" angle="193.79" x="-4.06" y="74.69"/>
        <vehicle id="cfm-slow_3" eclass="HBEFA3/PC_G_EU4" CO2="0.00" CO="0.00" HC="0.00" NOx="0.00" PMx="0.00" fuel="0.00" electricity="0.00" noise="70.79" route="routetop" type="cfm-slow" waiting="0.00" lane="left_0" pos="17.00" speed="25.99" angle="153.87" x="4.63" y="28.71"/>
        <vehicle id="cfm-slow_4" eclass="HBEFA3/PC_G_EU4" CO2="0.00" CO="0.00" HC="0.00" NOx="0.00" PMx="0.00" fuel="0.00" electricity="0.00" noise="70.82" route="routetop" type="cfm-slow" waiting="0.00" lane="left_0" pos="37.89" speed="25.02" angle="116.33" x="38.14" y="-0.01"/>
        <vehicle id="cfm-slow_5" eclass="HBEFA3/PC_G_EU4" CO2="6223.67" CO="57.08" HC="0.41" NOx="2.28" PMx="0.12" fuel="2.68" electricity="0.00" noise="71.75" route="routebottom" type="cfm-slow" waiting="0.00" lane="bottom_0" pos="7.83" speed="24.66" angle="80.34" x="80.42" y="-2.86"/>
    </timestep>
    <timestep time="9.49">
        <vehicle id="cfm-fast_0" eclass="HBEFA3/PC_G_EU4" CO2="10305.01" CO="142.30" HC="0.90" NOx="4.20" PMx="0.23" fuel="4.43" electricity="0.00" noise="73.32" route="routebottom" type="cfm-fast" waiting="0.00" lane="bottom_0" pos="27.71" speed="25.05" angle="44.60" x="116.12" y="19.46"/>
        <vehicle id="cfm-fast_1" eclass="HBEFA3/PC_G_EU4" CO2="173276.81" CO="6443.36" HC="33.94" NOx="79.96" PMx="5.73" fuel="74.48" electricity="0.00" noise="121.28" route="routetop" type="cfm-fast" waiting="0.00" lane="left_1" pos="10.71" speed="105.21" angle="165.19" x="2.03" y="42.09"/>
        <vehicle id="cfm-fast_2" eclass="HBEFA3/PC_G_EU4" CO2="12503.74" CO="191.10" HC="1.18" NOx="5.21" PMx="0.29" fuel="5.37" electricity="0.00" noise="74.49" route="routebottom" type="cfm-fast" waiting="0.00" lane="bottom_0" pos="43.81" speed="26.01" angle="15.72" x="130.96" y="50.34"/>
        <vehicle id="cfm-fast_3" eclass="HBEFA3/PC_G_EU4" CO2="11850.81" CO="183.07" HC="1.13" NOx="4.88" PMx="0.27" fuel="5.09" electricity="0.00" noise="74.56" route="routebottom" type="cfm-fast" waiting="0.00" lane="right_0" pos="10.93" speed="27.20" angle="344.77" x="128.24" y="86.80"/>
        <vehicle id="cfm-fast_4" eclass="HBEFA3/PC_G_EU4" CO2="95076.36" CO="5059.46" HC="25.71" NOx="43.04" PMx="3.78" fuel="40.87" electricity="0.00" noise="109.47" route="routebottom" type="cfm-fast" waiting="0.00" lane="right_1" pos="7.63" speed="108.37" angle="350.69" x="127.10" y="79.18"/>
        <vehicle id="cfm-fast_5" eclass="HBEFA3/PC_G_EU4" CO2="8336.86" CO="115.90" HC="0.74" NOx="3.20" PMx="0.19" fuel="3.58" electricity="0.00" noise="73.75" route="routebottom" type="cfm-fast" waiting="0.00" lane="right_0" pos="29.25" speed="28.15" angle="311.84" x="105.30" y="118.18"/>
        <vehicle id="cfm-slow_0" eclass="HBEFA3/PC_G_EU4" CO2="0.00" CO="0.00" HC="0.00" NOx="0.00" PMx="0.00" fuel="0.00" electricity="0.00" noise="72.76" route="routebottom" type="cfm-slow" waiting="0.00" lane="right_0" pos="48.49" speed="28.52" angle="277.26" x="67.00" y="132.19"/>
        <vehicle id="cfm-slow_1" eclass="HBEFA3/PC_G_EU4" CO2="0.00" CO="0.00" HC="0.00" NOx="0.00" PMx="0.00" fuel="0.00" electricity="0.00" noise="71.96" route="routetop" type="cfm-slow" waiting="0.00" lane="top_0" pos="22.05" speed="28.15" angle="234.78" x="19.85" y="116.45"/>
        <vehicle id="cfm-slow_2" eclass="HBEFA3/PC_G_EU4" CO2="0.00" CO="0.00" HC="0.00" NOx="0.00" PMx="0.00" fuel="0.00" electricity="0.00" noise="71.28" route="routetop" type="cfm-slow" waiting="0.00" lane="top_0" pos="45.17" speed="27.18" angle="193.29" x="-4.15" y="74.12"/>
        <vehicle id="cfm-slow_3" eclass="HBEFA3/PC_G_EU4" CO2="0.00" CO="0.00" HC="0.00" NOx="0.00" PMx="0.00" fuel="0.00" electricity="0.00" noise="70.79" route="routetop" type="cfm-slow" waiting="0.00" lane="left_0" pos="17.26" speed="25.98" angle="153.40" x="4.92" y="28.23"/>
        <vehicle id="cfm-slow_4" eclass="HBEFA3/PC_G_EU4" CO2="0.00" CO="0.00" HC="0.00" NOx="0.00" PMx="0.00" fuel="0.00" electricity="0.00" noise="70.82" route="routetop" type="cfm-slow" waiting="0.00" lane="left_0" pos="38.14" speed="25.02" angle="115.87" x="38.64" y="-0.21"/>
        <vehicle id="cfm-slow_5" eclass="HBEFA3/PC_G_EU4" CO2="6263.64" CO="57.91" HC="0.42" NOx="2.30" PMx="0.12" fuel="2.69" electricity="0.00" noise="71.77" route="routebottom" type="cfm-slow" waiting="0.00" lane="bottom_0" pos="8.07" speed="24.67" angle="79.89" x="80.94" y="-2.72"/>
    </timestep>
    <timestep time="9.50">
        <vehicle id="cfm-fast_0" eclass="HBEFA3/PC_G_EU4" CO2="10327.28" CO="142.79" HC="0.91" NOx="4.21" PMx="0.23" fuel="4.44" electricity="0.00" noise="73.34" route="routebottom" type="cfm-fast" waiting="0.00" lane="bottom_0" pos="27.96" speed="25.06" angle="44.13" x="116.46" y="19.87"/>
        <vehicle id="cfm-fast_1" eclass="HBEFA3/PC_G_EU4" CO2="172505.73" CO="6429.96" HC="33.86" NOx="79.60" PMx="5.71" fuel="74.15" electricity="0.00" noise="121.16" route="routetop" type="cfm-fast" waiting="0.00" lane="left_1" pos="11.76" speed="105.24" angle="163.30" x="2.78" y="40.07"/>
        <vehicle id="cfm-fast_2" eclass="HBEFA3/PC_G_EU4" CO2="12499.65" CO="191.07" HC="1.18" NOx="5.21" PMx="0.29" fuel="5.37" electricity="0.00" noise="74.50" route="routebottom" type="cfm-fast" waiting="0.00" lane="bottom_0" pos="44.07" speed="26.03" angle="15.23" x="131.07" y="50.89"/>
        <vehicle id="cfm-fast_3" eclass="HBEFA3/PC_G_EU4" CO2="11818.75" CO="182.45" HC="1.13" NOx="4.86" PMx="0.27" fuel="5.08" electricity="0.00" noise="74.55" route="routebottom" type="cfm-fast" waiting="0.00" lane="right_0" pos="11.20" speed="27.21" angle="344.25" x="128.04" y="87.35"/>
        <vehicle id="cfm-fast_4" eclass="HBEFA3/PC_G_EU4" CO2="94925.21" CO="5056.71" HC="25.70" NOx="42.97" PMx="3.78" fuel="40.81" electricity="0.00" noise="109.45" route="routebottom" type="cfm-fast" waiting="0.00" lane="right_1" pos="8.71" speed="108.37" angle="348.78" x="126.53" y="81.33"/>
        <vehicle id="cfm-fast_5" eclass="HBEFA3/PC_G_EU4" CO2="8286.48" CO="114.89" HC="0.73" NOx="3.18" PMx="0.18" fuel="3.56" electricity="0.00" noise="73.74" route="routebottom" type="cfm-fast" waiting="0.00" lane="right_0" pos="29.53" speed="28.15" angle="311.39" x="104.82" y="118.56"/>
        <vehicle id="cfm-slow_0" eclass="HBEFA3/PC_G_EU4" CO2="0.00" CO="0.00" HC="0.00" NOx="0.00" PMx="0.00" fuel="0.00" electricity="0.00" noise="72.75" route="routebottom" type="cfm-slow" waiting="0.00" lane="right_0" pos="48.78" speed="28.51" angle="276.79" x="66.38" y="132.22"/>
        <vehicle id="cfm-slow_1" eclass="HBEFA3/PC_G_EU4" CO2="0.00" CO="0.00" HC="0.00" NOx="0.00" PMx="0.00" fuel="0.00" electricity="0.00" noise="71.95" route="routetop" type="cfm-slow" waiting="0.00" lane="top_0" pos="22.33" speed="28.14" angle="234.25" x="19.39" y="116.06"/>
        <vehicle id="cfm-slow_2" eclass="HBEFA3/PC_G_EU4" CO2="0.00" CO="0.00" HC="0.00" NOx="0.00" PMx="0.00" fuel="0.00" electricity="0.00" noise="71.28" route="routetop" type="cfm-slow" waiting="0.00" lane="top_0" pos="45.44" speed="27.17" angle="192.79" x="-4.23" y="73.54"/>
        <vehicle id="cfm-slow_3" eclass="HBEFA3/PC_G_EU4" CO2="0.00" CO="0.00" HC="0.00" NOx="0.00" PMx="0.00" fuel="0.00" electricity="0.00" noise="70.79" route="routetop" type="cfm-slow" waiting="0.00" lane="left_0" pos="17.52" speed="25.97" angle="152.92" x="5.21" y="27.75"/>
        <vehicle id="cfm-slow_4" eclass="HBEFA3/PC_G_EU4" CO2="0.00" CO="0.00" HC="0.00" NOx="0.00" PMx="0.00" fuel="0.00" electricity="0.00" noise="70.83" route="routetop" type="cfm-slow" waiting="0.00" lane="left_0" pos="38.39" speed="25.02" angle="115.42" x="39.14" y="-0.41"/>
        <vehicle id="cfm-slow_5" eclass="HBEFA3/PC_G_EU4" CO2="6303.44" CO="58.74" HC="0.42" NOx="2.32" PMx="0.12" fuel="2.71" electricity="0.00" noise="71.78" route="routebottom" type="cfm-slow" waiting="0.00" lane="bottom_0" pos="8.32" speed="24.67" angle="79.43" x="81.45" y="-2.59"/>
    </timestep>
    <timestep time="9.51">
        <vehicle id="cfm-fast_0" eclass="HBEFA3/PC_G_EU4" CO2="10349.31" CO="143.28" HC="0.91" NOx="4.22" PMx="0.23" fuel="4.45" electricity="0.00" noise="73.35" route="routebottom" type="cfm-fast" waiting="0.00" lane="bottom_0" pos="28.21" speed="25.07" angle="43.73" x="116.81" y="20.28"/>
        <vehicle id="cfm-fast_1" eclass="HBEFA3/PC_G_EU4" CO2="171739.99" CO="6416.65" HC="33.78" NOx="79.23" PMx="5.69" fuel="73.82" electricity="0.00" noise="121.04" route="routetop" type="cfm-fast" waiting="0.00" lane="left_1" pos="12.81" speed="105.28" angle="161.47" x="3.57" y="38.06"/>
        <vehicle id="cfm-fast_2" eclass="HBEFA3/PC_G_EU4" CO2="12495.30" CO="191.03" HC="1.18" NOx="5.21" PMx="0.29" fuel="5.37" electricity="0.00" noise="74.50" route="routebottom" type="cfm-fast" waiting="0.00" lane="bottom_0" pos="44.33" speed="26.04" angle="14.74" x="131.17" y="51.44"/>
        <vehicle id="cfm-fast_3" eclass="HBEFA3/PC_G_EU4" CO2="11786.50" CO="181.84" HC="1.12" NOx="4.85" PMx="0.27" fuel="5.07" electricity="0.00" noise="74.54" route="routebottom" type="cfm-fast" waiting="0.00" lane="right_0" pos="11.47" speed="27.22" angle="343.78" x="127.84" y="87.90"/>
        <vehicle id="cfm-fast_4" eclass="HBEFA3/PC_G_EU4" CO2="94776.59" CO="5054.01" HC="25.68" NOx="42.90" PMx="3.78" fuel="40.74" electricity="0.00" noise="109.43" route="routebottom" type="cfm-fast" waiting="0.00" lane="right_1" pos="9.80" speed="108.38" angle="346.86" x="125.89" y="83.46"/>
        <vehicle id="cfm-fast_5" eclass="HBEFA3/PC_G_EU4" CO2="8236.10" CO="113.88" HC="0.73" NOx="3.15" PMx="0.18" fuel="3.54" electricity="0.00" noise="73.73" route="routebottom" type="cfm-fast" waiting="0.00" lane="right_0" pos="29.81" speed="28.16" angle="310.86" x="104.33" y="118.91"/>
        <vehicle id="cfm-slow_0" eclass="HBEFA3/PC_G_EU4" CO2="0.00" CO="0.00" HC="0.00" NOx="0.00" PMx="0.00" fuel="0.00" electricity="0.00" noise="72.74" route="routebottom" type="cfm-slow" waiting="0.00" lane="right_0" pos="49.06" speed="28.51" angle="276.26" x="65.77" y="132.23"/>
        <vehicle id="cfm-slow_1" eclass="HBEFA3/PC_G_EU4" CO2="0.00" CO="0.00" HC="0.00" NOx="0.00" PMx="0.00" fuel="0.00" electricity="0.00" noise="71.95" route="routetop" type="cfm-slow" waiting="0.00" lane="top_0" pos="22.61" speed="28.13" angle="233.73" x="18.92" y="115.66"/>
        <vehicle id="cfm-slow_2" eclass="HBEFA3/PC_G_EU4" CO2="0.00" CO="0.00" HC="0.00" NOx="0.00" PMx="0.00" fuel="0.00" electricity="0.00" noise="71.27" route="routetop" type="cfm-slow" waiting="0.00" lane="top_0" pos="45.71" speed="27.16" angle="192.29" x="-4.31" y="72.96"/>
        <vehicle id="cfm-slow_3" eclass="HBEFA3/PC_G_EU4" CO2="0.00" CO="0.00" HC="0.00" NOx="0.00" PMx="0.00" fuel="0.00" electricity="0.00" noise="70.79" route="routetop" type="cfm-slow" waiting="0.00" lane="left_0" pos="17.78" speed="25.96" angle="152.44" x="5.49" y="27.27"/>
        <vehicle id="cfm-slow_4" eclass="HBEFA3/PC_G_EU4" CO2="0.00" CO="0.00" HC="0.00" NOx="0.00" PMx="0.00" fuel="0.00" electricity="0.00" noise="70.84" route="routetop" type="cfm-slow" waiting="0.00" lane="left_0" pos="38.64" speed="25.01" angle="115.00" x="39.64" y="-0.60"/>
        <vehicle id="cfm-slow_5" eclass="HBEFA3/PC_G_EU4" CO2="6343.07" CO="59.57" HC="0.43" NOx="2.34" PMx="0.12" fuel="2.73" electricity="0.00" noise="71.79" route="routebottom" type="cfm-slow" waiting="0.00" lane="bottom_0" pos="8.57" speed="24.67" angle="78.98" x="81.96" y="-2.45"/>
    </timestep>
    <timestep time="9.52">
        <vehicle id="cfm-fast_0" eclass="HBEFA3/PC_G_EU4" CO2="10371.10" CO="143.76" HC="0.91" NOx="4.23" PMx="0.23" fuel="4.46" electricity="0.00" noise="73.36" route="routebottom" type="cfm-fast" waiting="0.00" lane="bottom_0" pos="28.47" speed="25.08" angle="43.26" x="117.14" y="20.71"/>
        <vehicle id="cfm-fast_1" eclass="HBEFA3/PC_G_EU4" CO2="170979.58" CO="6403.42" HC="33.70" NOx="78.88" PMx="5.68" fuel="73.50" electricity="0.00" noise="120.93" route="routetop" type="cfm-fast" waiting="0.00" lane="left_1" pos="13.87" speed="105.31" angle="159.54" x="4.46" y="36.09"/>
        <vehicle id="cfm-fast_2" eclass="HBEFA3/PC_G_EU4" CO2="12490.68" CO="190.98" HC="1.18" NOx="5.21" PMx="0.29" fuel="5.37" electricity="0.00" noise="74.50" route="routebottom" type="cfm-fast" waiting="0.00" lane="bottom_0" pos="44.59" speed="26.05" angle="14.25" x="131.27" y="51.99"/>
        <vehicle id="cfm-fast_3" eclass="HBEFA3/PC_G_EU4" CO2="11754.07" CO="181.22" HC="1.12" NOx="4.83" PMx="0.27" fuel="5.05" electricity="0.00" noise="74.53" route="routebottom" type="cfm-fast" waiting="0.00" lane="right_0" pos="11.74" speed="27.23" angle="343.29" x="127.63" y="88.45"/>
        <vehicle id="cfm-fast_4" eclass="HBEFA3/PC_G_EU4" CO2="94630.45" CO="5051.36" HC="25.66" NOx="42.83" PMx="3.77" fuel="40.68" electricity="0.00" noise="109.40" route="routebottom" type="cfm-fast" waiting="0.00" lane="right_1" pos="10.88" speed="108.38" angle="344.87" x="125.18" y="85.56"/>
        <vehicle id="cfm-fast_5" eclass="HBEFA3/PC_G_EU4" CO2="8185.74" CO="112.86" HC="0.72" NOx="3.13" PMx="0.18" fuel="3.52" electricity="0.00" noise="73.72" route="routebottom" type="cfm-fast" waiting="0.00" lane="right_0" pos="30.09" speed="28.16" angle="310.34" x="103.83" y="119.26"/>
        <vehicle id="cfm-slow_0" eclass="HBEFA3/PC_G_EU4" CO2="0.00" CO="0.00" HC="0.00" NOx="0.00" PMx="0.00" fuel="0.00" electricity="0.00" noise="72.73" route="routebottom" type="cfm-slow" waiting="0.00" lane="right_0" pos="49.35" speed="28.51" angle="275.73" x="65.16" y="132.24"/>
        <vehicle id="cfm-slow_1" eclass="HBEFA3/PC_G_EU4" CO2="0.00" CO="0.00" HC="0.00" NOx="0.00" PMx="0.00" fuel="0.00" electricity="0.00" noise="71.94" route="routetop" type="cfm-slow" waiting="0.00" lane="top_0" pos="22.89" speed="28.13" angle="233.20" x="18.46" y="115.27"/>
        <vehicle id="cfm-slow_2" eclass="HBEFA3/PC_G_EU4" CO2="0.00" CO="0.00" HC="0.00" NOx="0.00" PMx="0.00" fuel="0.00" electricity="0.00" noise="71.27" route="routetop" type="cfm-slow" waiting="0.00" lane="top_0" pos="45.98" speed="27.15" angle="191.79" x="-4.39" y="72.38"/>
        <vehicle id="cfm-slow_3" eclass="HBEFA3/PC_G_EU4" CO2="0.00" CO="0.00" HC="0.00" NOx="0.00" PMx="0.00" fuel="0.00" electricity="0.00" noise="70.78" route="routetop" type="cfm-slow" waiting="0.00" lane="left_0" pos="18.04" speed="25.95" angle="152.03" x="5.79" y="26.80"/>
        <vehicle id="cfm-slow_4" eclass="HBEFA3/PC_G_EU4" CO2="0.00" CO="0.00" HC="0.00" NOx="0.00" PMx="0.00" fuel="0.00" electricity="0.00" noise="70.84" route="routetop" type="cfm-slow" waiting="0.00" lane="left_0" pos="38.89" speed="25.01" angle="114.54" x="40.15" y="-0.78"/>
        <vehicle id="cfm-slow_5" eclass="HBEFA3/PC_G_EU4" CO2="6382.53" CO="60.39" HC="0.43" NOx="2.36" PMx="0.12" fuel="2.74" electricity="0.00" noise="71.81" route="routebottom" type="cfm-slow" waiting="0.00" lane="bottom_0" pos="8.81" speed="24.68" angle="78.53" x="82.48" y="-2.31"/>
    </timestep>
    <timestep time="9.53">
        <vehicle id="cfm-fast_0" eclass="HBEFA3/PC_G_EU4" CO2="10392.65" CO="144.23" HC="0.92" NOx="4.24" PMx="0.23" fuel="4.47" electricity="0.00" noise="73.37" route="routebottom" type="cfm-fast" waiting="0.00" lane="bottom_0" pos="28.72" speed="25.09" angle="42.80" x="117.48" y="21.13"/>
        <vehicle id="cfm-fast_1" eclass="HBEFA3/PC_G_EU4" CO2="170224.48" CO="6390.29" HC="33.62" NOx="78.52" PMx="5.66" fuel="73.17" electricity="0.00" noise="120.81" route="routetop" type="cfm-fast" waiting="0.00" lane="left_1" pos="14.92" speed="105.35" angle="157.65" x="5.41" y="34.15"/>
        <vehicle id="cfm-fast_2" eclass="HBEFA3/PC_G_EU4" CO2="12485.80" CO="190.93" HC="1.18" NOx="5.20" PMx="0.29" fuel="5.37" electricity="0.00" noise="74.50" route="routebottom" type="cfm-fast" waiting="0.00" lane="bottom_0" pos="44.85" speed="26.06" angle="13.80" x="131.37" y="52.55"/>
        <vehicle id="cfm-fast_3" eclass="HBEFA3/PC_G_EU4" CO2="11721.45" CO="180.60" HC="1.12" NOx="4.82" PMx="0.27" fuel="5.04" electricity="0.00" noise="74.52" route="routebottom" type="cfm-fast" waiting="0.00" lane="right_0" pos="12.02" speed="27.24" angle="342.80" x="127.41" y="88.99"/>
        <vehicle id="cfm-fast_4" eclass="HBEFA3/PC_G_EU4" CO2="94486.73" CO="5048.76" HC="25.65" NOx="42.76" PMx="3.77" fuel="40.62" electricity="0.00" noise="109.38" route="routebottom" type="cfm-fast" waiting="0.00" lane="right_1" pos="11.96" speed="108.39" angle="342.92" x="124.39" y="87.64"/>
        <vehicle id="cfm-fast_5" eclass="HBEFA3/PC_G_EU4" CO2="8135.38" CO="111.85" HC="0.71" NOx="3.11" PMx="0.18" fuel="3.50" electricity="0.00" noise="73.70" route="routebottom" type="cfm-fast" waiting="0.00" lane="right_0" pos="30.37" speed="28.17" angle="309.82" x="103.34" y="119.62"/>
        <vehicle id="cfm-slow_0" eclass="HBEFA3/PC_G_EU4" CO2="0.00" CO="0.00" HC="0.00" NOx="0.00" PMx="0.00" fuel="0.00" electricity="0.00" noise="72.73" route="routebottom" type="cfm-slow" waiting="0.00" lane="right_0" pos="49.64" speed="28.51" angle="275.20" x="64.55" y="132.26"/>
        <vehicle id="cfm-slow_1" eclass="HBEFA3/PC_G_EU4" CO2="0.00" CO="0.00" HC="0.00" NOx="0.00" PMx="0.00" fuel="0.00" electricity="0.00" noise="71.93" route="routetop" type="cfm-slow" waiting="0.00" lane="top_0" pos="23.17" speed="28.12" angle="232.76" x="18.01" y="114.88"/>
        <vehicle id="cfm-slow_2" eclass="HBEFA3/PC_G_EU4" CO2="0.00" CO="0.00" HC="0.00" NOx="0.00" PMx="0.00" fuel="0.00" electricity="0.00" noise="71.26" route="routetop" type="cfm-slow" waiting="0.00" lane="top_0" pos="46.25" speed="27.14" angle="191.35" x="-4.46" y="71.80"/>
        <vehicle id="cfm-slow_3" eclass="HBEFA3/PC_G_EU4" CO2="0.00" CO="0.00" HC="0.00" NOx="0.00" PMx="0.00" fuel="0.00" electricity="0.00" noise="70.78" route="routetop" type="cfm-slow" waiting="0.00" lane="left_0" pos="18.30" speed="25.94" angle="151.55" x="6.10" y="26.33"/>
        <vehicle id="cfm-slow_4" eclass="HBEFA3/PC_G_EU4" CO2="0.00" CO="0.00" HC="0.00" NOx="0.00" PMx="0.00" fuel="0.00" electricity="0.00" noise="70.85" route="routetop" type="cfm-slow" waiting="0.00" lane="left_0" pos="39.14" speed="25.00" angle="114.08" x="40.66" y="-0.96"/>
        <vehicle id="cfm-slow_5" eclass="HBEFA3/PC_G_EU4" CO2="6421.83" CO="61.21" HC="0.44" NOx="2.37" PMx="0.13" fuel="2.76" electricity="0.00" noise="71.82" route="routebottom" type="cfm-slow" waiting="0.00" lane="bottom_0" pos="9.06" speed="24.68" angle="78.13" x="82.99" y="-2.16"/>
    </timestep>
    <timestep time="9.54">
        <vehicle id="cfm-fast_0" eclass="HBEFA3/PC_G_EU4" CO2="10413.96" CO="144.70" HC="0.92" NOx="4.25" PMx="0.23" fuel="4.48" electricity="0.00" noise="73.38" route="routebottom" type="cfm-fast" waiting="0.00" lane="bottom_0" pos="28.97" speed="25.10" angle="42.33" x="117.81" y="21.56"/>
        <vehicle id="cfm-fast_1" eclass="HBEFA3/PC_G_EU4" CO2="169474.67" CO="6377.24" HC="33.54" NOx="78.17" PMx="5.64" fuel="72.85" electricity="0.00" noise="120.69" route="routetop" type="cfm-fast" waiting="0.00" lane="left_1" pos="15.97" speed="105.38" angle="155.77" x="6.42" y="32.24"/>
        <vehicle id="cfm-fast_2" eclass="HBEFA3/PC_G_EU4" CO2="12480.65" CO="190.87" HC="1.18" NOx="5.20" PMx="0.29" fuel="5.36" electricity="0.00" noise="74.50" route="routebottom" type="cfm-fast" waiting="0.00" lane="bottom_0" pos="45.11" speed="26.07" angle="13.35" x="131.45" y="53.10"/>
        <vehicle id="cfm-fast_3" eclass="HBEFA3/PC_G_EU4" CO2="11688.64" CO="179.97" HC="1.11" NOx="4.80" PMx="0.27" fuel="5.02" electricity="0.00" noise="74.51" route="routebottom" type="cfm-fast" waiting="0.00" lane="right_0" pos="12.29" speed="27.25" angle="342.30" x="127.19" y="89.54"/>
        <vehicle id="cfm-fast_4" eclass="HBEFA3/PC_G_EU4" CO2="94345.39" CO="5046.20" HC="25.63" NOx="42.70" PMx="3.77" fuel="40.56" electricity="0.00" noise="109.36" route="routebottom" type="cfm-fast" waiting="0.00" lane="right_1" pos="13.05" speed="108.39" angle="341.03" x="123.55" y="89.70"/>
        <vehicle id="cfm-fast_5" eclass="HBEFA3/PC_G_EU4" CO2="8085.03" CO="110.84" HC="0.71" NOx="3.08" PMx="0.18" fuel="3.48" electricity="0.00" noise="73.69" route="routebottom" type="cfm-fast" waiting="0.00" lane="right_0" pos="30.66" speed="28.17" angle="309.30" x="102.85" y="119.97"/>
        <vehicle id="cfm-slow_0" eclass="HBEFA3/PC_G_EU4" CO2="0.00" CO="0.00" HC="0.00" NOx="0.00" PMx="0.00" fuel="0.00" electricity="0.00" noise="72.72" route="routebottom" type="cfm-slow" waiting="0.00" lane="right_0" pos="49.92" speed="28.50" angle="274.67" x="63.93" y="132.27"/>
        <vehicle id="cfm-slow_1" eclass="HBEFA3/PC_G_EU4" CO2="0.00" CO="0.00" HC="0.00" NOx="0.00" PMx="0.00" fuel="0.00" electricity="0.00" noise="71.93" route="routetop" type="cfm-slow" waiting="0.00" lane="top_0" pos="23.46" speed="28.11" angle="232.26" x="17.56" y="114.47"/>
        <vehicle id="cfm-slow_2" eclass="HBEFA3/PC_G_EU4" CO2="0.00" CO="0.00" HC="0.00" NOx="0.00" PMx="0.00" fuel="0.00" electricity="0.00" noise="71.26" route="routetop" type="cfm-slow" waiting="0.00" lane="top_0" pos="46.53" speed="27.13" angle="190.85" x="-4.52" y="71.22"/>
        <vehicle id="cfm-slow_3" eclass="HBEFA3/PC_G_EU4" CO2="0.00" CO="0.00" HC="0.00" NOx="0.00" PMx="0.00" fuel="0.00" electricity="0.00" noise="70.78" route="routetop" type="cfm-slow" waiting="0.00" lane="left_0" pos="18.56" speed="25.94" angle="151.06" x="6.41" y="25.87"/>
        <vehicle id="cfm-slow_4" eclass="HBEFA3/PC_G_EU4" CO2="0.00" CO="0.00" HC="0.00" NOx="0.00" PMx="0.00" fuel="0.00" electricity="0.00" noise="70.86" route="routetop" type="cfm-slow" waiting="0.00" lane="left_0" pos="39.39" speed="25.00" angle="113.62" x="41.16" y="-1.15"/>
        <vehicle id="cfm-slow_5" eclass="HBEFA3/PC_G_EU4" CO2="6460.96" CO="62.02" HC="0.44" NOx="2.39" PMx="0.13" fuel="2.78" electricity="0.00" noise="71.83" route="routebottom" type="cfm-slow" waiting="0.00" lane="bottom_0" pos="9.31" speed="24.68" angle="77.67" x="83.49" y="-2.01"/>
    </timestep>
    <timestep time="9.55">
        <vehicle id="cfm-fast_0" eclass="HBEFA3/PC_G_EU4" CO2="10435.02" CO="145.16" HC="0.92" NOx="4.26" PMx="0.23" fuel="4.49" electricity="0.00" noise="73.39" route="routebottom" type="cfm-fast" waiting="0.00" lane="bottom_0" pos="29.22" speed="25.10" angle="41.86" x="118.14" y="21.98"/>
        <vehicle id="cfm-fast_1" eclass="HBEFA3/PC_G_EU4" CO2="168730.15" CO="6364.28" HC="33.47" NOx="77.81" PMx="5.62" fuel="72.53" electricity="0.00" noise="120.58" route="routetop" type="cfm-fast" waiting="0.00" lane="left_1" pos="17.03" speed="105.41" angle="153.87" x="7.49" y="30.36"/>
        <vehicle id="cfm-fast_2" eclass="HBEFA3/PC_G_EU4" CO2="12475.25" CO="190.80" HC="1.18" NOx="5.20" PMx="0.29" fuel="5.36" electricity="0.00" noise="74.50" route="routebottom" type="cfm-fast" waiting="0.00" lane="bottom_0" pos="45.38" speed="26.08" angle="12.88" x="131.53" y="53.66"/>
        <vehicle id="cfm-fast_3" eclass="HBEFA3/PC_G_EU4" CO2="11655.66" CO="179.34" HC="1.11" NOx="4.79" PMx="0.27" fuel="5.01" electricity="0.00" noise="74.51" route="routebottom" type="cfm-fast" waiting="0.00" lane="right_0" pos="12.56" speed="27.26" angle="341.80" x="126.97" y="90.08"/>
        <vehicle id="cfm-fast_4" eclass="HBEFA3/PC_G_EU4" CO2="94206.39" CO="5043.68" HC="25.62" NOx="42.63" PMx="3.76" fuel="40.50" electricity="0.00" noise="109.34" route="routebottom" type="cfm-fast" waiting="0.00" lane="right_1" pos="14.13" speed="108.40" angle="339.06" x="122.64" y="91.73"/>
        <vehicle id="cfm-fast_5" eclass="HBEFA3/PC_G_EU4" CO2="8034.70" CO="109.82" HC="0.70" NOx="3.06" PMx="0.18" fuel="3.45" electricity="0.00" noise="73.68" route="routebottom" type="cfm-fast" waiting="0.00" lane="right_0" pos="30.94" speed="28.17" angle="308.84" x="102.35" y="120.31"/>
        <vehicle id="cfm-slow_0" eclass="HBEFA3/PC_G_EU4" CO2="0.00" CO="0.00" HC="0.00" NOx="0.00" PMx="0.00" fuel="0.00" electricity="0.00" noise="72.71" route="routetop" type="cfm-slow" waiting="0.00" lane="top_0" pos="0.21" speed="28.50" angle="274.10" x="63.13" y="132.26"/>
        <vehicle id="cfm-slow_1" eclass="HBEFA3/PC_G_EU4" CO2="0.00" CO="0.00" HC="0.00" NOx="0.00" PMx="0.00" fuel="0.00" electricity="0.00" noise="71.92" route="routetop" type="cfm-slow" waiting="0.00" lane="top_0" pos="23.74" speed="28.10" angle="231.75" x="17.12" y="114.06"/>
        <vehicle id="cfm-slow_2" eclass="HBEFA3/PC_G_EU4" CO2="0.00" CO="0.00" HC="0.00" NOx="0.00" PMx="0.00" fuel="0.00" electricity="0.00" noise="71.25" route="routetop" type="cfm-slow" waiting="0.00" lane="top_0" pos="46.80" speed="27.11" angle="190.35" x="-4.58" y="70.64"/>
        <vehicle id="cfm-slow_3" eclass="HBEFA3/PC_G_EU4" CO2="0.00" CO="0.00" HC="0.00" NOx="0.00" PMx="0.00" fuel="0.00" electricity="0.00" noise="70.78" route="routetop" type="cfm-slow" waiting="0.00" lane="left_0" pos="18.82" speed="25.93" angle="150.57" x="6.72" y="25.40"/>
        <vehicle id="cfm-slow_4" eclass="HBEFA3/PC_G_EU4" CO2="0.00" CO="0.00" HC="0.00" NOx="0.00" PMx="0.00" fuel="0.00" electricity="0.00" noise="70.86" route="routetop" type="cfm-slow" waiting="0.00" lane="left_0" pos="39.64" speed="25.00" angle="113.16" x="41.67" y="-1.33"/>
        <vehicle id="cfm-slow_5" eclass="HBEFA3/PC_G_EU4" CO2="6499.92" CO="62.84" HC="0.45" NOx="2.41" PMx="0.13" fuel="2.79" electricity="0.00" noise="71.85" route="routebottom" type="cfm-slow" waiting="0.00" lane="bottom_0" pos="9.55" speed="24.69" angle="77.22" x="84.00" y="-1.85"/>
    </timestep>
    <timestep time="9.56">
        <vehicle id="cfm-fast_0" eclass="HBEFA3/PC_G_EU4" CO2="10455.84" CO="145.62" HC="0.92" NOx="4.27" PMx="0.23" fuel="4.49" electricity="0.00" noise="73.40" route="routebottom" type="cfm-fast" waiting="0.00" lane="bottom_0" pos="29.47" speed="25.11" angle="41.45" x="118.48" y="22.41"/>
        <vehicle id="cfm-fast_1" eclass="HBEFA3/PC_G_EU4" CO2="167990.88" CO="6351.42" HC="33.39" NOx="77.46" PMx="5.60" fuel="72.21" electricity="0.00" noise="120.46" route="routetop" type="cfm-fast" waiting="0.00" lane="left_1" pos="18.08" speed="105.45" angle="151.96" x="8.61" y="28.52"/>
        <vehicle id="cfm-fast_2" eclass="HBEFA3/PC_G_EU4" CO2="12469.58" CO="190.74" HC="1.18" NOx="5.20" PMx="0.29" fuel="5.36" electricity="0.00" noise="74.50" route="routebottom" type="cfm-fast" waiting="0.00" lane="bottom_0" pos="45.64" speed="26.10" angle="12.41" x="131.61" y="54.21"/>
        <vehicle id="cfm-fast_3" eclass="HBEFA3/PC_G_EU4" CO2="11622.49" CO="178.71" HC="1.11" NOx="4.77" PMx="0.27" fuel="5.00" electricity="0.00" noise="74.50" route="routebottom" type="cfm-fast" waiting="0.00" lane="right_0" pos="12.83" speed="27.27" angle="341.37" x="126.75" y="90.63"/>
        <vehicle id="cfm-fast_4" eclass="HBEFA3/PC_G_EU4" CO2="94069.67" CO="5041.21" HC="25.60" NOx="42.57" PMx="3.76" fuel="40.44" electricity="0.00" noise="109.32" route="routebottom" type="cfm-fast" waiting="0.00" lane="right_1" pos="15.22" speed="108.40" angle="337.03" x="121.64" y="93.71"/>
        <vehicle id="cfm-fast_5" eclass="HBEFA3/PC_G_EU4" CO2="7984.39" CO="108.81" HC="0.70" NOx="3.03" PMx="0.18" fuel="3.43" electricity="0.00" noise="73.67" route="routebottom" type="cfm-fast" waiting="0.00" lane="right_0" pos="31.22" speed="28.18" angle="308.33" x="101.85" y="120.65"/>
        <vehicle id="cfm-slow_0" eclass="HBEFA3/PC_G_EU4" CO2="0.00" CO="0.00" HC="0.00" NOx="0.00" PMx="0.00" fuel="0.00" electricity="0.00" noise="72.70" route="routetop" type="cfm-slow" waiting="0.00" lane="top_0" pos="0.49" speed="28.50" angle="273.59" x="62.52" y="132.25"/>
        <vehicle id="cfm-slow_1" eclass="HBEFA3/PC_G_EU4" CO2="0.00" CO="0.00" HC="0.00" NOx="0.00" PMx="0.00" fuel="0.00" electricity="0.00" noise="71.91" route="routetop" type="cfm-slow" waiting="0.00" lane="top_0" pos="24.02" speed="28.09" angle="231.25" x="16.67" y="113.64"/>
        <vehicle id="cfm-slow_2" eclass="HBEFA3/PC_G_EU4" CO2="0.00" CO="0.00" HC="0.00" NOx="0.00" PMx="0.00" fuel="0.00" electricity="0.00" noise="71.25" route="routetop" type="cfm-slow" waiting="0.00" lane="top_0" pos="47.07" speed="27.10" angle="189.86" x="-4.64" y="70.06"/>
        <vehicle id="cfm-slow_3" eclass="HBEFA3/PC_G_EU4" CO2="0.00" CO="0.00" HC="0.00" NOx="0.00" PMx="0.00" fuel="0.00" electricity="0.00" noise="70.78" route="routetop" type="cfm-slow" waiting="0.00" lane="left_0" pos="19.08" speed="25.92" angle="150.09" x="7.03" y="24.94"/>
        <vehicle id="cfm-slow_4" eclass="HBEFA3/PC_G_EU4" CO2="0.00" CO="0.00" HC="0.00" NOx="0.00" PMx="0.00" fuel="0.00" electricity="0.00" noise="70.87" route="routetop" type="cfm-slow" waiting="0.00" lane="left_0" pos="39.89" speed="24.99" angle="112.76" x="42.18" y="-1.50"/>
        <vehicle id="cfm-slow_5" eclass="HBEFA3/PC_G_EU4" CO2="6538.71" CO="63.65" HC="0.45" NOx="2.43" PMx="0.13" fuel="2.81" electricity="0.00" noise="71.86" route="routebottom" type="cfm-slow" waiting="0.00" lane="bottom_0" pos="9.80" speed="24.69" angle="76.76" x="84.51" y="-1.69"/>
    </timestep>
    <timestep time="9.57">
        <vehicle id="cfm-fast_0" eclass="HBEFA3/PC_G_EU4" CO2="10476.42" CO="146.08" HC="0.93" NOx="4.28" PMx="0.23" fuel="4.50" electricity="0.00" noise="73.41" route="routebottom" type="cfm-fast" waiting="0.00" lane="bottom_0" pos="29.72" speed="25.12" angle="41.00" x="118.79" y="22.84"/>
        <vehicle id="cfm-fast_1" eclass="HBEFA3/PC_G_EU4" CO2="167256.87" CO="6338.63" HC="33.31" NOx="77.12" PMx="5.58" fuel="71.90" electricity="0.00" noise="120.35" route="routetop" type="cfm-fast" waiting="0.00" lane="left_1" pos="19.14" speed="105.48" angle="149.96" x="9.81" y="26.72"/>
        <vehicle id="cfm-fast_2" eclass="HBEFA3/PC_G_EU4" CO2="12463.64" CO="190.66" HC="1.18" NOx="5.19" PMx="0.29" fuel="5.36" electricity="0.00" noise="74.50" route="routebottom" type="cfm-fast" waiting="0.00" lane="bottom_0" pos="45.90" speed="26.11" angle="11.93" x="131.69" y="54.77"/>
        <vehicle id="cfm-fast_3" eclass="HBEFA3/PC_G_EU4" CO2="11589.14" CO="178.07" HC="1.10" NOx="4.75" PMx="0.27" fuel="4.98" electricity="0.00" noise="74.49" route="routebottom" type="cfm-fast" waiting="0.00" lane="right_0" pos="13.11" speed="27.28" angle="340.87" x="126.51" y="91.16"/>
        <vehicle id="cfm-fast_4" eclass="HBEFA3/PC_G_EU4" CO2="93935.20" CO="5038.78" HC="25.59" NOx="42.50" PMx="3.75" fuel="40.38" electricity="0.00" noise="109.30" route="routebottom" type="cfm-fast" waiting="0.00" lane="right_1" pos="16.30" speed="108.41" angle="335.16" x="120.58" y="95.67"/>
        <vehicle id="cfm-fast_5" eclass="HBEFA3/PC_G_EU4" CO2="7934.09" CO="107.79" HC="0.69" NOx="3.01" PMx="0.18" fuel="3.41" electricity="0.00" noise="73.66" route="routebottom" type="cfm-fast" waiting="0.00" lane="right_0" pos="31.50" speed="28.18" angle="307.82" x="101.34" y="120.99"/>
        <vehicle id="cfm-slow_0" eclass="HBEFA3/PC_G_EU4" CO2="0.00" CO="0.00" HC="0.00" NOx="0.00" PMx="0.00" fuel="0.00" electricity="0.00" noise="72.69" route="routetop" type="cfm-slow" waiting="0.00" lane="top_0" pos="0.77" speed="28.49" angle="273.07" x="61.90" y="132.24"/>
        <vehicle id="cfm-slow_1" eclass="HBEFA3/PC_G_EU4" CO2="0.00" CO="0.00" HC="0.00" NOx="0.00" PMx="0.00" fuel="0.00" electricity="0.00" noise="71.91" route="routetop" type="cfm-slow" waiting="0.00" lane="top_0" pos="24.30" speed="28.08" angle="230.77" x="16.23" y="113.23"/>
        <vehicle id="cfm-slow_2" eclass="HBEFA3/PC_G_EU4" CO2="0.00" CO="0.00" HC="0.00" NOx="0.00" PMx="0.00" fuel="0.00" electricity="0.00" noise="71.24" route="routetop" type="cfm-slow" waiting="0.00" lane="top_0" pos="47.34" speed="27.09" angle="189.36" x="-4.70" y="69.48"/>
        <vehicle id="cfm-slow_3" eclass="HBEFA3/PC_G_EU4" CO2="0.00" CO="0.00" HC="0.00" NOx="0.00" PMx="0.00" fuel="0.00" electricity="0.00" noise="70.78" route="routetop" type="cfm-slow" waiting="0.00" lane="left_0" pos="19.34" speed="25.91" angle="149.67" x="7.34" y="24.48"/>
        <vehicle id="cfm-slow_4" eclass="HBEFA3/PC_G_EU4" CO2="0.00" CO="0.00" HC="0.00" NOx="0.00" PMx="0.00" fuel="0.00" electricity="0.00" noise="70.88" route="routetop" type="cfm-slow" waiting="0.00" lane="left_0" pos="40.14" speed="24.99" angle="112.29" x="42.69" y="-1.66"/>
        <vehicle id="cfm-slow_5" eclass="HBEFA3/PC_G_EU4" CO2="6577.32" CO="64.45" HC="0.46" NOx="2.45" PMx="0.13" fuel="2.83" electricity="0.00" noise="71.87" route="routebottom" type="cfm-slow" waiting="0.00" lane="bottom_0" pos="10.05" speed="24.69" angle="76.31" x="85.02" y="-1.54"/>
    </timestep>
    <timestep time="9.58">
        <vehicle id="cfm-fast_0" eclass="HBEFA3/PC_G_EU4" CO2="10496.75" CO="146.53" HC="0.93" NOx="4.29" PMx="0.23" fuel="4.51" electricity="0.00" noise="73.43" route="routebottom" type="cfm-fast" waiting="0.00" lane="bottom_0" pos="29.97" speed="25.13" angle="40.54" x="119.11" y="23.28"/>
        <vehicle id="cfm-fast_1" eclass="HBEFA3/PC_G_EU4" CO2="166528.08" CO="6325.94" HC="33.24" NOx="76.77" PMx="5.57" fuel="71.58" electricity="0.00" noise="120.23" route="routetop" type="cfm-fast" waiting="0.00" lane="left_1" pos="20.19" speed="105.51" angle="148.07" x="11.07" y="24.96"/>
        <vehicle id="cfm-fast_2" eclass="HBEFA3/PC_G_EU4" CO2="12457.45" CO="190.58" HC="1.18" NOx="5.19" PMx="0.29" fuel="5.35" electricity="0.00" noise="74.50" route="routebottom" type="cfm-fast" waiting="0.00" lane="bottom_0" pos="46.16" speed="26.12" angle="11.51" x="131.77" y="55.32"/>
        <vehicle id="cfm-fast_3" eclass="HBEFA3/PC_G_EU4" CO2="11555.62" CO="177.42" HC="1.10" NOx="4.74" PMx="0.27" fuel="4.97" electricity="0.00" noise="74.48" route="routebottom" type="cfm-fast" waiting="0.00" lane="right_0" pos="13.38" speed="27.29" angle="340.38" x="126.27" y="91.70"/>
        <vehicle id="cfm-fast_4" eclass="HBEFA3/PC_G_EU4" CO2="93802.93" CO="5036.39" HC="25.58" NOx="42.44" PMx="3.75" fuel="40.32" electricity="0.00" noise="109.28" route="routebottom" type="cfm-fast" waiting="0.00" lane="right_1" pos="17.38" speed="108.41" angle="333.22" x="119.46" y="97.59"/>
        <vehicle id="cfm-fast_5" eclass="HBEFA3/PC_G_EU4" CO2="7883.82" CO="106.78" HC="0.69" NOx="2.99" PMx="0.17" fuel="3.39" electricity="0.00" noise="73.64" route="routebottom" type="cfm-fast" waiting="0.00" lane="right_0" pos="31.78" speed="28.19" angle="307.32" x="100.84" y="121.33"/>
        <vehicle id="cfm-slow_0" eclass="HBEFA3/PC_G_EU4" CO2="0.00" CO="0.00" HC="0.00" NOx="0.00" PMx="0.00" fuel="0.00" electricity="0.00" noise="72.68" route="routetop" type="cfm-slow" waiting="0.00" lane="top_0" pos="1.06" speed="28.49" angle="272.56" x="61.29" y="132.23"/>
        <vehicle id="cfm-slow_1" eclass="HBEFA3/PC_G_EU4" CO2="0.00" CO="0.00" HC="0.00" NOx="0.00" PMx="0.00" fuel="0.00" electricity="0.00" noise="71.90" route="routetop" type="cfm-slow" waiting="0.00" lane="top_0" pos="24.58" speed="28.07" angle="230.28" x="15.80" y="112.81"/>
        <vehicle id="cfm-slow_2" eclass="HBEFA3/PC_G_EU4" CO2="0.00" CO="0.00" HC="0.00" NOx="0.00" PMx="0.00" fuel="0.00" electricity="0.00" noise="71.24" route="routetop" type="cfm-slow" waiting="0.00" lane="top_0" pos="47.61" speed="27.08" angle="188.91" x="-4.75" y="68.90"/>
        <vehicle id="cfm-slow_3" eclass="HBEFA3/PC_G_EU4" CO2="0.00" CO="0.00" HC="0.00" NOx="0.00" PMx="0.00" fuel="0.00" electricity="0.00" noise="70.78" route="routetop" type="cfm-slow" waiting="0.00" lane="left_0" pos="19.60" speed="25.90" angle="149.19" x="7.67" y="24.03"/>
        <vehicle id="cfm-slow_4" eclass="HBEFA3/PC_G_EU4" CO2="0.00" CO="0.00" HC="0.00" NOx="0.00" PMx="0.00" fuel="0.00" electricity="0.00" noise="70.88" route="routetop" type="cfm-slow" waiting="0.00" lane="left_0" pos="40.39" speed="24.99" angle="111.82" x="43.21" y="-1.82"/>
        <vehicle id="cfm-slow_5" eclass="HBEFA3/PC_G_EU4" CO2="6615.77" CO="65.25" HC="0.46" NOx="2.47" PMx="0.13" fuel="2.84" electricity="0.00" noise="71.89" route="routebottom" type="cfm-slow" waiting="0.00" lane="bottom_0" pos="10.29" speed="24.70" angle="75.93" x="85.52" y="-1.38"/>
    </timestep>
    <timestep time="9.59">
        <vehicle id="cfm-fast_0" eclass="HBEFA3/PC_G_EU4" CO2="10516.84" CO="146.97" HC="0.93" NOx="4.30" PMx="0.23" fuel="4.52" electricity="0.00" noise="73.44" route="routebottom" type="cfm-fast" waiting="0.00" lane="bottom_0" pos="30.22" speed="25.14" angle="40.08" x="119.43" y="23.72"/>
        <vehicle id="cfm-fast_1" eclass="HBEFA3/PC_G_EU4" CO2="165804.50" CO="6313.34" HC="33.16" NOx="76.43" PMx="5.55" fuel="71.27" electricity="0.00" noise="120.12" route="routetop" type="cfm-fast" waiting="0.00" lane="left_1" pos="21.25" speed="105.55" angle="146.22" x="12.38" y="23.24"/>
        <vehicle id="cfm-fast_2" eclass="HBEFA3/PC_G_EU4" CO2="12451.00" CO="190.50" HC="1.18" NOx="5.19" PMx="0.29" fuel="5.35" electricity="0.00" noise="74.50" route="routebottom" type="cfm-fast" waiting="0.00" lane="bottom_0" pos="46.42" speed="26.13" angle="11.04" x="131.83" y="55.88"/>
        <vehicle id="cfm-fast_3" eclass="HBEFA3/PC_G_EU4" CO2="11521.93" CO="176.78" HC="1.09" NOx="4.72" PMx="0.27" fuel="4.95" electricity="0.00" noise="74.47" route="routebottom" type="cfm-fast" waiting="0.00" lane="right_0" pos="13.65" speed="27.29" angle="339.88" x="126.03" y="92.23"/>
        <vehicle id="cfm-fast_4" eclass="HBEFA3/PC_G_EU4" CO2="93672.81" CO="5034.04" HC="25.56" NOx="42.38" PMx="3.75" fuel="40.27" electricity="0.00" noise="109.26" route="routebottom" type="cfm-fast" waiting="0.00" lane="right_1" pos="18.47" speed="108.42" angle="331.25" x="118.27" y="99.47"/>
        <vehicle id="cfm-fast_5" eclass="HBEFA3/PC_G_EU4" CO2="7833.57" CO="105.77" HC="0.68" NOx="2.96" PMx="0.17" fuel="3.37" electricity="0.00" noise="73.63" route="routebottom" type="cfm-fast" waiting="0.00" lane="right_0" pos="32.07" speed="28.19" angle="306.88" x="100.33" y="121.66"/>
        <vehicle id="cfm-slow_0" eclass="HBEFA3/PC_G_EU4" CO2="0.00" CO="0.00" HC="0.00" NOx="0.00" PMx="0.00" fuel="0.00" electricity="0.00" noise="72.67" route="routetop" type="cfm-slow" waiting="0.00" lane="top_0" pos="1.34" speed="28.49" angle="272.06" x="60.68" y="132.21"/>
        <vehicle id="cfm-slow_1" eclass="HBEFA3/PC_G_EU4" CO2="0.00" CO="0.00" HC="0.00" NOx="0.00" PMx="0.00" fuel="0.00" electricity="0.00" noise="71.89" route="routetop" type="cfm-slow" waiting="0.00" lane="top_0" pos="24.86" speed="28.06" angle="229.77" x="15.37" y="112.38"/>
        <vehicle id="cfm-slow_2" eclass="HBEFA3/PC_G_EU4" CO2="0.00" CO="0.00" HC="0.00" NOx="0.00" PMx="0.00" fuel="0.00" electricity="0.00" noise="71.23" route="routetop" type="cfm-slow" waiting="0.00" lane="top_0" pos="47.88" speed="27.07" angle="188.39" x="-4.78" y="68.32"/>
        <vehicle id="cfm-slow_3" eclass="HBEFA3/PC_G_EU4" CO2="0.00" CO="0.00" HC="0.00" NOx="0.00" PMx="0.00" fuel="0.00" electricity="0.00" noise="70.78" route="routetop" type="cfm-slow" waiting="0.00" lane="left_0" pos="19.86" speed="25.89" angle="148.71" x="8.00" y="23.58"/>
        <vehicle id="cfm-slow_4" eclass="HBEFA3/PC_G_EU4" CO2="0.00" CO="0.00" HC="0.00" NOx="0.00" PMx="0.00" fuel="0.00" electricity="0.00" noise="70.89" route="routetop" type="cfm-slow" waiting="0.00" lane="left_0" pos="40.64" speed="24.98" angle="111.35" x="43.72" y="-1.97"/>
        <vehicle id="cfm-slow_5" eclass="HBEFA3/PC_G_EU4" CO2="6654.05" CO="66.05" HC="0.47" NOx="2.48" PMx="0.13" fuel="2.86" electricity="0.00" noise="71.90" route="routebottom" type="cfm-slow" waiting="0.00" lane="bottom_0" pos="10.54" speed="24.70" angle="75.47" x="86.02" y="-1.20"/>
    </timestep>
    <timestep time="9.60">
        <vehicle id="cfm-fast_0" eclass="HBEFA3/PC_G_EU4" CO2="10536.68" CO="147.41" HC="0.93" NOx="4.31" PMx="0.23" fuel="4.53" electricity="0.00" noise="73.45" route="routebottom" type="cfm-fast" waiting="0.00" lane="bottom_0" pos="30.47" speed="25.15" angle="39.62" x="119.74" y="24.16"/>
        <vehicle id="cfm-fast_1" eclass="HBEFA3/PC_G_EU4" CO2="165086.11" CO="6300.82" HC="33.09" NOx="76.09" PMx="5.53" fuel="70.96" electricity="0.00" noise="120.01" route="routetop" type="cfm-fast" waiting="0.00" lane="left_1" pos="22.30" speed="105.58" angle="144.34" x="13.75" y="21.56"/>
        <vehicle id="cfm-fast_2" eclass="HBEFA3/PC_G_EU4" CO2="12444.29" CO="190.41" HC="1.18" NOx="5.18" PMx="0.29" fuel="5.35" electricity="0.00" noise="74.50" route="routebottom" type="cfm-fast" waiting="0.00" lane="bottom_0" pos="46.68" speed="26.14" angle="10.56" x="131.89" y="56.44"/>
        <vehicle id="cfm-fast_3" eclass="HBEFA3/PC_G_EU4" CO2="11488.06" CO="176.13" HC="1.09" NOx="4.71" PMx="0.26" fuel="4.94" electricity="0.00" noise="74.46" route="routebottom" type="cfm-fast" waiting="0.00" lane="right_0" pos="13.93" speed="27.30" angle="339.39" x="125.79" y="92.77"/>
        <vehicle id="cfm-fast_4" eclass="HBEFA3/PC_G_EU4" CO2="93544.81" CO="5031.74" HC="25.55" NOx="42.32" PMx="3.75" fuel="40.21" electricity="0.00" noise="109.25" route="routebottom" type="cfm-fast" waiting="0.00" lane="right_1" pos="19.55" speed="108.42" angle="329.27" x="117.02" y="101.30"/>
        <vehicle id="cfm-fast_5" eclass="HBEFA3/PC_G_EU4" CO2="7783.34" CO="104.75" HC="0.67" NOx="2.94" PMx="0.17" fuel="3.35" electricity="0.00" noise="73.62" route="routebottom" type="cfm-fast" waiting="0.00" lane="right_0" pos="32.35" speed="28.19" angle="306.34" x="99.81" y="121.97"/>
        <vehicle id="cfm-slow_0" eclass="HBEFA3/PC_G_EU4" CO2="0.00" CO="0.00" HC="0.00" NOx="0.00" PMx="0.00" fuel="0.00" electricity="0.00" noise="72.66" route="routetop" type="cfm-slow" waiting="0.00" lane="top_0" pos="1.63" speed="28.48" angle="271.55" x="60.07" y="132.17"/>
        <vehicle id="cfm-slow_1" eclass="HBEFA3/PC_G_EU4" CO2="0.00" CO="0.00" HC="0.00" NOx="0.00" PMx="0.00" fuel="0.00" electricity="0.00" noise="71.89" route="routetop" type="cfm-slow" waiting="0.00" lane="top_0" pos="25.14" speed="28.05" angle="229.25" x="14.95" y="111.96"/>
        <vehicle id="cfm-slow_2" eclass="HBEFA3/PC_G_EU4" CO2="0.00" CO="0.00" HC="0.00" NOx="0.00" PMx="0.00" fuel="0.00" electricity="0.00" noise="71.23" route="routetop" type="cfm-slow" waiting="0.00" lane="top_0" pos="48.15" speed="27.06" angle="187.88" x="-4.81" y="67.74"/>
        <vehicle id="cfm-slow_3" eclass="HBEFA3/PC_G_EU4" CO2="0.00" CO="0.00" HC="0.00" NOx="0.00" PMx="0.00" fuel="0.00" electricity="0.00" noise="70.78" route="routetop" type="cfm-slow" waiting="0.00" lane="left_0" pos="20.12" speed="25.88" angle="148.23" x="8.32" y="23.13"/>
        <vehicle id="cfm-slow_4" eclass="HBEFA3/PC_G_EU4" CO2="0.00" CO="0.00" HC="0.00" NOx="0.00" PMx="0.00" fuel="0.00" electricity="0.00" noise="70.90" route="routetop" type="cfm-slow" waiting="0.00" lane="left_0" pos="40.89" speed="24.98" angle="110.89" x="44.23" y="-2.13"/>
        <vehicle id="cfm-slow_5" eclass="HBEFA3/PC_G_EU4" CO2="6692.15" CO="66.85" HC="0.47" NOx="2.50" PMx="0.13" fuel="2.88" electricity="0.00" noise="71.91" route="routebottom" type="cfm-slow" waiting="0.00" lane="bottom_0" pos="10.79" speed="24.70" angle="75.00" x="86.52" y="-1.02"/>
    </timestep>
    <timestep time="9.61">
        <vehicle id="cfm-fast_0" eclass="HBEFA3/PC_G_EU4" CO2="10556.28" CO="147.85" HC="0.94" NOx="4.31" PMx="0.23" fuel="4.54" electricity="0.00" noise="73.46" route="routebottom" type="cfm-fast" waiting="0.00" lane="bottom_0" pos="30.73" speed="25.16" angle="39.20" x="120.06" y="24.60"/>
        <vehicle id="cfm-fast_1" eclass="HBEFA3/PC_G_EU4" CO2="164372.90" CO="6288.39" HC="33.01" NOx="75.76" PMx="5.51" fuel="70.66" electricity="0.00" noise="119.90" route="routetop" type="cfm-fast" waiting="0.00" lane="left_1" pos="23.36" speed="105.61" angle="142.45" x="15.17" y="19.93"/>
        <vehicle id="cfm-fast_2" eclass="HBEFA3/PC_G_EU4" CO2="12437.32" CO="190.31" HC="1.18" NOx="5.18" PMx="0.29" fuel="5.35" electricity="0.00" noise="74.50" route="routebottom" type="cfm-fast" waiting="0.00" lane="bottom_0" pos="46.94" speed="26.15" angle="10.08" x="131.94" y="57.00"/>
        <vehicle id="cfm-fast_3" eclass="HBEFA3/PC_G_EU4" CO2="11454.01" CO="175.47" HC="1.09" NOx="4.69" PMx="0.26" fuel="4.92" electricity="0.00" noise="74.45" route="routebottom" type="cfm-fast" waiting="0.00" lane="right_0" pos="14.20" speed="27.31" angle="338.94" x="125.54" y="93.30"/>
        <vehicle id="cfm-fast_4" eclass="HBEFA3/PC_G_EU4" CO2="93418.89" CO="5029.47" HC="25.53" NOx="42.26" PMx="3.74" fuel="40.16" electricity="0.00" noise="109.23" route="routebottom" type="cfm-fast" waiting="0.00" lane="right_1" pos="20.64" speed="108.42" angle="327.32" x="115.71" y="103.10"/>
        <vehicle id="cfm-fast_5" eclass="HBEFA3/PC_G_EU4" CO2="7733.14" CO="103.74" HC="0.67" NOx="2.91" PMx="0.17" fuel="3.32" electricity="0.00" noise="73.61" route="routebottom" type="cfm-fast" waiting="0.00" lane="right_0" pos="32.63" speed="28.20" angle="305.81" x="99.29" y="122.28"/>
        <vehicle id="cfm-slow_0" eclass="HBEFA3/PC_G_EU4" CO2="0.00" CO="0.00" HC="0.00" NOx="0.00" PMx="0.00" fuel="0.00" electricity="0.00" noise="72.65" route="routetop" type="cfm-slow" waiting="0.00" lane="top_0" pos="1.91" speed="28.48" angle="271.04" x="59.45" y="132.14"/>
        <vehicle id="cfm-slow_1" eclass="HBEFA3/PC_G_EU4" CO2="0.00" CO="0.00" HC="0.00" NOx="0.00" PMx="0.00" fuel="0.00" electricity="0.00" noise="71.88" route="routetop" type="cfm-slow" waiting="0.00" lane="top_0" pos="25.42" speed="28.04" angle="228.74" x="14.52" y="111.53"/>
        <vehicle id="cfm-slow_2" eclass="HBEFA3/PC_G_EU4" CO2="0.00" CO="0.00" HC="0.00" NOx="0.00" PMx="0.00" fuel="0.00" electricity="0.00" noise="71.22" route="routetop" type="cfm-slow" waiting="0.00" lane="top_0" pos="48.42" speed="27.04" angle="187.36" x="-4.85" y="67.16"/>
        <vehicle id="cfm-slow_3" eclass="HBEFA3/PC_G_EU4" CO2="0.00" CO="0.00" HC="0.00" NOx="0.00" PMx="0.00" fuel="0.00" electricity="0.00" noise="70.78" route="routetop" type="cfm-slow" waiting="0.00" lane="left_0" pos="20.37" speed="25.87" angle="147.75" x="8.65" y="22.67"/>
        <vehicle id="cfm-slow_4" eclass="HBEFA3/PC_G_EU4" CO2="0.00" CO="0.00" HC="0.00" NOx="0.00" PMx="0.00" fuel="0.00" electricity="0.00" noise="70.91" route="routetop" type="cfm-slow" waiting="0.00" lane="left_0" pos="41.14" speed="24.98" angle="110.48" x="44.75" y="-2.29"/>
        <vehicle id="cfm-slow_5" eclass="HBEFA3/PC_G_EU4" CO2="6730.08" CO="67.64" HC="0.48" NOx="2.52" PMx="0.13" fuel="2.89" electricity="0.00" noise="71.93" route="routebottom" type="cfm-slow" waiting="0.00" lane="bottom_0" pos="11.04" speed="24.71" angle="74.54" x="87.02" y="-0.84"/>
    </timestep>
    <timestep time="9.62">
        <vehicle id="cfm-fast_0" eclass="HBEFA3/PC_G_EU4" CO2="10575.64" CO="148.28" HC="0.94" NOx="4.32" PMx="0.23" fuel="4.55" electricity="0.00" noise="73.47" route="routebottom" type="cfm-fast" waiting="0.00" lane="bottom_0" pos="30.98" speed="25.17" angle="38.76" x="120.37" y="25.05"/>
        <vehicle id="cfm-fast_1" eclass="HBEFA3/PC_G_EU4" CO2="163664.85" CO="6276.04" HC="32.94" NOx="75.42" PMx="5.49" fuel="70.35" electricity="0.00" noise="119.79" route="routetop" type="cfm-fast" waiting="0.00" lane="left_1" pos="24.42" speed="105.64" angle="140.60" x="16.64" y="18.34"/>
        <vehicle id="cfm-fast_2" eclass="HBEFA3/PC_G_EU4" CO2="12430.09" CO="190.21" HC="1.18" NOx="5.18" PMx="0.29" fuel="5.34" electricity="0.00" noise="74.50" route="routebottom" type="cfm-fast" waiting="0.00" lane="bottom_0" pos="47.20" speed="26.16" angle="9.61" x="132.00" y="57.56"/>
        <vehicle id="cfm-fast_3" eclass="HBEFA3/PC_G_EU4" CO2="11419.80" CO="174.82" HC="1.08" NOx="4.67" PMx="0.26" fuel="4.91" electricity="0.00" noise="74.44" route="routebottom" type="cfm-fast" waiting="0.00" lane="right_0" pos="14.47" speed="27.32" angle="338.42" x="125.28" y="93.83"/>
        <vehicle id="cfm-fast_4" eclass="HBEFA3/PC_G_EU4" CO2="93295.00" CO="5027.24" HC="25.52" NOx="42.20" PMx="3.74" fuel="40.10" electricity="0.00" noise="109.21" route="routebottom" type="cfm-fast" waiting="0.00" lane="right_1" pos="21.72" speed="108.43" angle="325.36" x="114.34" y="104.85"/>
        <vehicle id="cfm-fast_5" eclass="HBEFA3/PC_G_EU4" CO2="7682.97" CO="102.73" HC="0.66" NOx="2.89" PMx="0.17" fuel="3.30" electricity="0.00" noise="73.60" route="routebottom" type="cfm-fast" waiting="0.00" lane="right_0" pos="32.91" speed="28.20" angle="305.27" x="98.77" y="122.60"/>
        <vehicle id="cfm-slow_0" eclass="HBEFA3/PC_G_EU4" CO2="0.00" CO="0.00" HC="0.00" NOx="0.00" PMx="0.00" fuel="0.00" electricity="0.00" noise="72.64" route="routetop" type="cfm-slow" waiting="0.00" lane="top_0" pos="2.20" speed="28.47" angle="270.53" x="58.84" y="132.10"/>
        <vehicle id="cfm-slow_1" eclass="HBEFA3/PC_G_EU4" CO2="0.00" CO="0.00" HC="0.00" NOx="0.00" PMx="0.00" fuel="0.00" electricity="0.00" noise="71.87" route="routetop" type="cfm-slow" waiting="0.00" lane="top_0" pos="25.70" speed="28.03" angle="228.29" x="14.10" y="111.10"/>
        <vehicle id="cfm-slow_2" eclass="HBEFA3/PC_G_EU4" CO2="0.00" CO="0.00" HC="0.00" NOx="0.00" PMx="0.00" fuel="0.00" electricity="0.00" noise="71.22" route="routetop" type="cfm-slow" waiting="0.00" lane="top_0" pos="48.69" speed="27.03" angle="186.87" x="-4.88" y="66.57"/>
        <vehicle id="cfm-slow_3" eclass="HBEFA3/PC_G_EU4" CO2="0.00" CO="0.00" HC="0.00" NOx="0.00" PMx="0.00" fuel="0.00" electricity="0.00" noise="70.78" route="routetop" type="cfm-slow" waiting="0.00" lane="left_0" pos="20.63" speed="25.86" angle="147.34" x="8.98" y="22.23"/>
        <vehicle id="cfm-slow_4" eclass="HBEFA3/PC_G_EU4" CO2="0.00" CO="0.00" HC="0.00" NOx="0.00" PMx="0.00" fuel="0.00" electricity="0.00" noise="70.91" route="routetop" type="cfm-slow" waiting="0.00" lane="left_0" pos="41.39" speed="24.97" angle="110.02" x="45.27" y="-2.42"/>
        <vehicle id="cfm-slow_5" eclass="HBEFA3/PC_G_EU4" CO2="6767.84" CO="68.43" HC="0.48" NOx="2.54" PMx="0.13" fuel="2.91" electricity="0.00" noise="71.94" route="routebottom" type="cfm-slow" waiting="0.00" lane="bottom_0" pos="11.28" speed="24.71" angle="74.08" x="87.52" y="-0.66"/>
    </timestep>
    <timestep time="9.63">
        <vehicle id="cfm-fast_0" eclass="HBEFA3/PC_G_EU4" CO2="10594.75" CO="148.71" HC="0.94" NOx="4.33" PMx="0.24" fuel="4.55" electricity="0.00" noise="73.48" route="routebottom" type="cfm-fast" waiting="0.00" lane="bottom_0" pos="31.23" speed="25.18" angle="38.31" x="120.67" y="25.50"/>
        <vehicle id="cfm-fast_1" eclass="HBEFA3/PC_G_EU4" CO2="162961.93" CO="6263.79" HC="32.87" NOx="75.09" PMx="5.48" fuel="70.05" electricity="0.00" noise="119.68" route="routetop" type="cfm-fast" waiting="0.00" lane="left_1" pos="25.47" speed="105.67" angle="138.63" x="18.18" y="16.80"/>
        <vehicle id="cfm-fast_2" eclass="HBEFA3/PC_G_EU4" CO2="12422.61" CO="190.10" HC="1.18" NOx="5.17" PMx="0.29" fuel="5.34" electricity="0.00" noise="74.50" route="routebottom" type="cfm-fast" waiting="0.00" lane="bottom_0" pos="47.47" speed="26.18" angle="9.18" x="132.06" y="58.12"/>
        <vehicle id="cfm-fast_3" eclass="HBEFA3/PC_G_EU4" CO2="11385.42" CO="174.16" HC="1.08" NOx="4.66" PMx="0.26" fuel="4.89" electricity="0.00" noise="74.43" route="routebottom" type="cfm-fast" waiting="0.00" lane="right_0" pos="14.75" speed="27.33" angle="337.90" x="125.02" y="94.35"/>
        <vehicle id="cfm-fast_4" eclass="HBEFA3/PC_G_EU4" CO2="93173.11" CO="5025.05" HC="25.51" NOx="42.14" PMx="3.74" fuel="40.05" electricity="0.00" noise="109.19" route="routebottom" type="cfm-fast" waiting="0.00" lane="right_1" pos="22.81" speed="108.43" angle="323.41" x="112.91" y="106.55"/>
        <vehicle id="cfm-fast_5" eclass="HBEFA3/PC_G_EU4" CO2="7632.83" CO="101.71" HC="0.66" NOx="2.87" PMx="0.17" fuel="3.28" electricity="0.00" noise="73.58" route="routebottom" type="cfm-fast" waiting="0.00" lane="right_0" pos="33.19" speed="28.20" angle="304.74" x="98.25" y="122.91"/>
        <vehicle id="cfm-slow_0" eclass="HBEFA3/PC_G_EU4" CO2="0.00" CO="0.00" HC="0.00" NOx="0.00" PMx="0.00" fuel="0.00" electricity="0.00" noise="72.64" route="routetop" type="cfm-slow" waiting="0.00" lane="top_0" pos="2.48" speed="28.47" angle="270.02" x="58.23" y="132.06"/>
        <vehicle id="cfm-slow_1" eclass="HBEFA3/PC_G_EU4" CO2="0.00" CO="0.00" HC="0.00" NOx="0.00" PMx="0.00" fuel="0.00" electricity="0.00" noise="71.87" route="routetop" type="cfm-slow" waiting="0.00" lane="top_0" pos="25.98" speed="28.02" angle="227.77" x="13.69" y="110.66"/>
        <vehicle id="cfm-slow_2" eclass="HBEFA3/PC_G_EU4" CO2="0.00" CO="0.00" HC="0.00" NOx="0.00" PMx="0.00" fuel="0.00" electricity="0.00" noise="71.21" route="routetop" type="cfm-slow" waiting="0.00" lane="top_0" pos="48.96" speed="27.02" angle="186.41" x="-4.90" y="65.99"/>
        <vehicle id="cfm-slow_3" eclass="HBEFA3/PC_G_EU4" CO2="0.00" CO="0.00" HC="0.00" NOx="0.00" PMx="0.00" fuel="0.00" electricity="0.00" noise="70.78" route="routetop" type="cfm-slow" waiting="0.00" lane="left_0" pos="20.89" speed="25.85" angle="146.86" x="9.33" y="21.79"/>
        <vehicle id="cfm-slow_4" eclass="HBEFA3/PC_G_EU4" CO2="0.00" CO="0.00" HC="0.00" NOx="0.00" PMx="0.00" fuel="0.00" electricity="0.00" noise="70.92" route="routetop" type="cfm-slow" waiting="0.00" lane="left_0" pos="41.64" speed="24.97" angle="109.55" x="45.79" y="-2.56"/>
        <vehicle id="cfm-slow_5" eclass="HBEFA3/PC_G_EU4" CO2="6805.43" CO="69.22" HC="0.48" NOx="2.55" PMx="0.14" fuel="2.93" electricity="0.00" noise="71.96" route="routebottom" type="cfm-slow" waiting="0.00" lane="bottom_0" pos="11.53" speed="24.72" angle="73.69" x="88.02" y="-0.48"/>
    </timestep>
    <timestep time="9.64">
        <vehicle id="cfm-fast_0" eclass="HBEFA3/PC_G_EU4" CO2="10613.62" CO="149.13" HC="0.94" NOx="4.34" PMx="0.24" fuel="4.56" electricity="0.00" noise="73.49" route="routebottom" type="cfm-fast" waiting="0.00" lane="bottom_0" pos="31.48" speed="25.19" angle="37.85" x="120.97" y="25.95"/>
        <vehicle id="cfm-fast_1" eclass="HBEFA3/PC_G_EU4" CO2="162264.12" CO="6251.62" HC="32.79" NOx="74.76" PMx="5.46" fuel="69.75" electricity="0.00" noise="119.57" route="routetop" type="cfm-fast" waiting="0.00" lane="left_1" pos="26.53" speed="105.70" angle="136.73" x="19.76" y="15.32"/>
        <vehicle id="cfm-fast_2" eclass="HBEFA3/PC_G_EU4" CO2="12414.87" CO="189.99" HC="1.17" NOx="5.17" PMx="0.29" fuel="5.34" electricity="0.00" noise="74.50" route="routebottom" type="cfm-fast" waiting="0.00" lane="bottom_0" pos="47.73" speed="26.19" angle="8.70" x="132.09" y="58.69"/>
        <vehicle id="cfm-fast_3" eclass="HBEFA3/PC_G_EU4" CO2="11350.87" CO="173.49" HC="1.07" NOx="4.64" PMx="0.26" fuel="4.88" electricity="0.00" noise="74.42" route="routebottom" type="cfm-fast" waiting="0.00" lane="right_0" pos="15.02" speed="27.34" angle="337.38" x="124.75" y="94.88"/>
        <vehicle id="cfm-fast_4" eclass="HBEFA3/PC_G_EU4" CO2="93053.18" CO="5022.89" HC="25.50" NOx="42.09" PMx="3.73" fuel="40.00" electricity="0.00" noise="109.17" route="routebottom" type="cfm-fast" waiting="0.00" lane="right_1" pos="23.89" speed="108.44" angle="321.50" x="111.42" y="108.20"/>
        <vehicle id="cfm-fast_5" eclass="HBEFA3/PC_G_EU4" CO2="7582.73" CO="100.70" HC="0.65" NOx="2.84" PMx="0.17" fuel="3.26" electricity="0.00" noise="73.57" route="routebottom" type="cfm-fast" waiting="0.00" lane="right_0" pos="33.48" speed="28.21" angle="304.27" x="97.73" y="123.21"/>
        <vehicle id="cfm-slow_0" eclass="HBEFA3/PC_G_EU4" CO2="0.00" CO="0.00" HC="0.00" NOx="0.00" PMx="0.00" fuel="0.00" electricity="0.00" noise="72.63" route="routetop" type="cfm-slow" waiting="0.00" lane="top_0" pos="2.77" speed="28.47" angle="269.53" x="57.62" y="132.01"/>
        <vehicle id="cfm-slow_1" eclass="HBEFA3/PC_G_EU4" CO2="0.00" CO="0.00" HC="0.00" NOx="0.00" PMx="0.00" fuel="0.00" electricity="0.00" noise="71.86" route="routetop" type="cfm-slow" waiting="0.00" lane="top_0" pos="26.26" speed="28.01" angle="227.25" x="13.28" y="110.21"/>
        <vehicle id="cfm-slow_2" eclass="HBEFA3/PC_G_EU4" CO2="0.00" CO="0.00" HC="0.00" NOx="0.00" PMx="0.00" fuel="0.00" electricity="0.00" noise="71.21" route="routetop" type="cfm-slow" waiting="0.00" lane="top_0" pos="49.23" speed="27.01" angle="185.92" x="-4.91" y="65.41"/>
        <vehicle id="cfm-slow_3" eclass="HBEFA3/PC_G_EU4" CO2="0.00" CO="0.00" HC="0.00" NOx="0.00" PMx="0.00" fuel="0.00" electricity="0.00" noise="70.78" route="routetop" type="cfm-slow" waiting="0.00" lane="left_0" pos="21.15" speed="25.84" angle="146.39" x="9.67" y="21.35"/>
        <vehicle id="cfm-slow_4" eclass="HBEFA3/PC_G_EU4" CO2="0.00" CO="0.00" HC="0.00" NOx="0.00" PMx="0.00" fuel="0.00" electricity="0.00" noise="70.93" route="routetop" type="cfm-slow" waiting="0.00" lane="left_0" pos="41.89" speed="24.97" angle="109.09" x="46.31" y="-2.70"/>
        <vehicle id="cfm-slow_5" eclass="HBEFA3/PC_G_EU4" CO2="6842.83" CO="70.00" HC="0.49" NOx="2.57" PMx="0.14" fuel="2.94" electricity="0.00" noise="71.97" route="routebottom" type="cfm-slow" waiting="0.00" lane="bottom_0" pos="11.78" speed="24.72" angle="73.25" x="88.52" y="-0.28"/>
    </timestep>
    <timestep time="9.65">
        <vehicle id="cfm-fast_0" eclass="HBEFA3/PC_G_EU4" CO2="10632.25" CO="149.54" HC="0.95" NOx="4.35" PMx="0.24" fuel="4.57" electricity="0.00" noise="73.50" route="routebottom" type="cfm-fast" waiting="0.00" lane="bottom_0" pos="31.73" speed="25.20" angle="37.40" x="121.27" y="26.40"/>
        <vehicle id="cfm-fast_1" eclass="HBEFA3/PC_G_EU4" CO2="161571.42" CO="6239.53" HC="32.72" NOx="74.43" PMx="5.44" fuel="69.45" electricity="0.00" noise="119.47" route="routetop" type="cfm-fast" waiting="0.00" lane="left_1" pos="27.59" speed="105.74" angle="134.84" x="21.39" y="13.90"/>
        <vehicle id="cfm-fast_2" eclass="HBEFA3/PC_G_EU4" CO2="12406.87" CO="189.88" HC="1.17" NOx="5.16" PMx="0.29" fuel="5.33" electricity="0.00" noise="74.50" route="routebottom" type="cfm-fast" waiting="0.00" lane="bottom_0" pos="47.99" speed="26.20" angle="8.20" x="132.12" y="59.25"/>
        <vehicle id="cfm-fast_3" eclass="HBEFA3/PC_G_EU4" CO2="11316.16" CO="172.82" HC="1.07" NOx="4.62" PMx="0.26" fuel="4.86" electricity="0.00" noise="74.41" route="routebottom" type="cfm-fast" waiting="0.00" lane="right_0" pos="15.29" speed="27.35" angle="336.89" x="124.49" y="95.40"/>
        <vehicle id="cfm-fast_4" eclass="HBEFA3/PC_G_EU4" CO2="92935.16" CO="5020.77" HC="25.48" NOx="42.03" PMx="3.73" fuel="39.95" electricity="0.00" noise="109.16" route="routebottom" type="cfm-fast" waiting="0.00" lane="right_1" pos="24.97" speed="108.44" angle="319.58" x="109.87" y="109.80"/>
        <vehicle id="cfm-fast_5" eclass="HBEFA3/PC_G_EU4" CO2="7532.66" CO="99.69" HC="0.64" NOx="2.82" PMx="0.16" fuel="3.24" electricity="0.00" noise="73.56" route="routebottom" type="cfm-fast" waiting="0.00" lane="right_0" pos="33.76" speed="28.21" angle="303.76" x="97.19" y="123.50"/>
        <vehicle id="cfm-slow_0" eclass="HBEFA3/PC_G_EU4" CO2="0.00" CO="0.00" HC="0.00" NOx="0.00" PMx="0.00" fuel="0.00" electricity="0.00" noise="72.62" route="routetop" type="cfm-slow" waiting="0.00" lane="top_0" pos="3.05" speed="28.46" angle="269.02" x="57.01" y="131.94"/>
        <vehicle id="cfm-slow_1" eclass="HBEFA3/PC_G_EU4" CO2="0.00" CO="0.00" HC="0.00" NOx="0.00" PMx="0.00" fuel="0.00" electricity="0.00" noise="71.85" route="routetop" type="cfm-slow" waiting="0.00" lane="top_0" pos="26.54" speed="28.00" angle="226.73" x="12.87" y="109.77"/>
        <vehicle id="cfm-slow_2" eclass="HBEFA3/PC_G_EU4" CO2="0.00" CO="0.00" HC="0.00" NOx="0.00" PMx="0.00" fuel="0.00" electricity="0.00" noise="71.21" route="routetop" type="cfm-slow" waiting="0.00" lane="top_0" pos="49.50" speed="27.00" angle="185.42" x="-4.93" y="64.83"/>
        <vehicle id="cfm-slow_3" eclass="HBEFA3/PC_G_EU4" CO2="0.00" CO="0.00" HC="0.00" NOx="0.00" PMx="0.00" fuel="0.00" electricity="0.00" noise="70.78" route="routetop" type="cfm-slow" waiting="0.00" lane="left_0" pos="21.41" speed="25.83" angle="145.91" x="10.01" y="20.92"/>
        <vehicle id="cfm-slow_4" eclass="HBEFA3/PC_G_EU4" CO2="0.00" CO="0.00" HC="0.00" NOx="0.00" PMx="0.00" fuel="0.00" electricity="0.00" noise="70.94" route="routetop" type="cfm-slow" waiting="0.00" lane="left_0" pos="42.14" speed="24.96" angle="108.62" x="46.83" y="-2.84"/>
        <vehicle id="cfm-slow_5" eclass="HBEFA3/PC_G_EU4" CO2="6880.07" CO="70.78" HC="0.49" NOx="2.59" PMx="0.14" fuel="2.96" electricity="0.00" noise="71.98" route="routebottom" type="cfm-slow" waiting="0.00" lane="bottom_0" pos="12.02" speed="24.72" angle="72.81" x="89.01" y="-0.08"/>
    </timestep>
    <timestep time="9.66">
        <vehicle id="cfm-fast_0" eclass="HBEFA3/PC_G_EU4" CO2="10650.63" CO="149.95" HC="0.95" NOx="4.36" PMx="0.24" fuel="4.58" electricity="0.00" noise="73.51" route="routebottom" type="cfm-fast" waiting="0.00" lane="bottom_0" pos="31.99" speed="25.21" angle="36.98" x="121.57" y="26.85"/>
        <vehicle id="cfm-fast_1" eclass="HBEFA3/PC_G_EU4" CO2="160883.79" CO="6227.53" HC="32.65" NOx="74.11" PMx="5.43" fuel="69.16" electricity="0.00" noise="119.36" route="routetop" type="cfm-fast" waiting="0.00" lane="left_1" pos="28.64" speed="105.77" angle="132.94" x="23.06" y="12.52"/>
        <vehicle id="cfm-fast_2" eclass="HBEFA3/PC_G_EU4" CO2="12398.61" CO="189.75" HC="1.17" NOx="5.16" PMx="0.29" fuel="5.33" electricity="0.00" noise="74.50" route="routebottom" type="cfm-fast" waiting="0.00" lane="bottom_0" pos="48.25" speed="26.21" angle="7.71" x="132.16" y="59.81"/>
        <vehicle id="cfm-fast_3" eclass="HBEFA3/PC_G_EU4" CO2="11281.29" CO="172.15" HC="1.07" NOx="4.61" PMx="0.26" fuel="4.85" electricity="0.00" noise="74.40" route="routebottom" type="cfm-fast" waiting="0.00" lane="right_0" pos="15.57" speed="27.36" angle="336.43" x="124.21" y="95.92"/>
        <vehicle id="cfm-fast_4" eclass="HBEFA3/PC_G_EU4" CO2="92819.03" CO="5018.69" HC="25.47" NOx="41.98" PMx="3.73" fuel="39.90" electricity="0.00" noise="109.14" route="routebottom" type="cfm-fast" waiting="0.00" lane="right_1" pos="26.06" speed="108.45" angle="317.66" x="108.28" y="111.35"/>
        <vehicle id="cfm-fast_5" eclass="HBEFA3/PC_G_EU4" CO2="7482.63" CO="98.68" HC="0.64" NOx="2.80" PMx="0.16" fuel="3.22" electricity="0.00" noise="73.55" route="routebottom" type="cfm-fast" waiting="0.00" lane="right_0" pos="34.04" speed="28.21" angle="303.25" x="96.66" y="123.80"/>
        <vehicle id="cfm-slow_0" eclass="HBEFA3/PC_G_EU4" CO2="0.00" CO="0.00" HC="0.00" NOx="0.00" PMx="0.00" fuel="0.00" electricity="0.00" noise="72.61" route="routetop" type="cfm-slow" waiting="0.00" lane="top_0" pos="3.34" speed="28.46" angle="268.51" x="56.40" y="131.88"/>
        <vehicle id="cfm-slow_1" eclass="HBEFA3/PC_G_EU4" CO2="0.00" CO="0.00" HC="0.00" NOx="0.00" PMx="0.00" fuel="0.00" electricity="0.00" noise="71.85" route="routetop" type="cfm-slow" waiting="0.00" lane="top_0" pos="26.82" speed="27.99" angle="226.22" x="12.46" y="109.33"/>
        <vehicle id="cfm-slow_2" eclass="HBEFA3/PC_G_EU4" CO2="0.00" CO="0.00" HC="0.00" NOx="0.00" PMx="0.00" fuel="0.00" electricity="0.00" noise="71.20" route="routetop" type="cfm-slow" waiting="0.00" lane="top_0" pos="49.77" speed="26.99" angle="184.93" x="-4.94" y="64.25"/>
        <vehicle id="cfm-slow_3" eclass="HBEFA3/PC_G_EU4" CO2="0.00" CO="0.00" HC="0.00" NOx="0.00" PMx="0.00" fuel="0.00" electricity="0.00" noise="70.78" route="routetop" type="cfm-slow" waiting="0.00" lane="left_0" pos="21.67" speed="25.83" angle="145.44" x="10.35" y="20.48"/>
        <vehicle id="cfm-slow_4" eclass="HBEFA3/PC_G_EU4" CO2="0.00" CO="0.00" HC="0.00" NOx="0.00" PMx="0.00" fuel="0.00" electricity="0.00" noise="70.94" route="routetop" type="cfm-slow" waiting="0.00" lane="left_0" pos="42.39" speed="24.96" angle="108.23" x="47.35" y="-2.97"/>
        <vehicle id="cfm-slow_5" eclass="HBEFA3/PC_G_EU4" CO2="6917.12" CO="71.55" HC="0.50" NOx="2.61" PMx="0.14" fuel="2.97" electricity="0.00" noise="72.00" route="routebottom" type="cfm-slow" waiting="0.00" lane="bottom_0" pos="12.27" speed="24.73" angle="72.37" x="89.51" y="0.12"/>
    </timestep>
    <timestep time="9.67">
        <vehicle id="cfm-fast_0" eclass="HBEFA3/PC_G_EU4" CO2="10668.76" CO="150.36" HC="0.95" NOx="4.37" PMx="0.24" fuel="4.59" electricity="0.00" noise="73.52" route="routebottom" type="cfm-fast" waiting="0.00" lane="bottom_0" pos="32.24" speed="25.22" angle="36.55" x="121.86" y="27.31"/>
        <vehicle id="cfm-fast_1" eclass="HBEFA3/PC_G_EU4" CO2="160201.22" CO="6215.62" HC="32.58" NOx="73.79" PMx="5.41" fuel="68.86" electricity="0.00" noise="119.25" route="routetop" type="cfm-fast" waiting="0.00" lane="left_1" pos="29.70" speed="105.80" angle="131.04" x="24.78" y="11.20"/>
        <vehicle id="cfm-fast_2" eclass="HBEFA3/PC_G_EU4" CO2="12390.11" CO="189.63" HC="1.17" NOx="5.16" PMx="0.29" fuel="5.33" electricity="0.00" noise="74.50" route="routebottom" type="cfm-fast" waiting="0.00" lane="bottom_0" pos="48.51" speed="26.22" angle="7.22" x="132.19" y="60.38"/>
        <vehicle id="cfm-fast_3" eclass="HBEFA3/PC_G_EU4" CO2="11246.25" CO="171.47" HC="1.06" NOx="4.59" PMx="0.26" fuel="4.83" electricity="0.00" noise="74.39" route="routebottom" type="cfm-fast" waiting="0.00" lane="right_0" pos="15.84" speed="27.37" angle="335.94" x="123.92" y="96.44"/>
        <vehicle id="cfm-fast_4" eclass="HBEFA3/PC_G_EU4" CO2="92704.74" CO="5016.64" HC="25.46" NOx="41.92" PMx="3.72" fuel="39.85" electricity="0.00" noise="109.12" route="routebottom" type="cfm-fast" waiting="0.00" lane="right_1" pos="27.14" speed="108.45" angle="315.70" x="106.63" y="112.84"/>
        <vehicle id="cfm-fast_5" eclass="HBEFA3/PC_G_EU4" CO2="7432.63" CO="97.67" HC="0.63" NOx="2.77" PMx="0.16" fuel="3.19" electricity="0.00" noise="73.54" route="routebottom" type="cfm-fast" waiting="0.00" lane="right_0" pos="34.32" speed="28.22" angle="302.74" x="96.13" y="124.09"/>
        <vehicle id="cfm-slow_0" eclass="HBEFA3/PC_G_EU4" CO2="0.00" CO="0.00" HC="0.00" NOx="0.00" PMx="0.00" fuel="0.00" electricity="0.00" noise="72.60" route="routetop" type="cfm-slow" waiting="0.00" lane="top_0" pos="3.62" speed="28.45" angle="268.00" x="55.79" y="131.82"/>
        <vehicle id="cfm-slow_1" eclass="HBEFA3/PC_G_EU4" CO2="0.00" CO="0.00" HC="0.00" NOx="0.00" PMx="0.00" fuel="0.00" electricity="0.00" noise="71.84" route="routetop" type="cfm-slow" waiting="0.00" lane="top_0" pos="27.10" speed="27.98" angle="225.75" x="12.07" y="108.88"/>
        <vehicle id="cfm-slow_2" eclass="HBEFA3/PC_G_EU4" CO2="0.00" CO="0.00" HC="0.00" NOx="0.00" PMx="0.00" fuel="0.00" electricity="0.00" noise="71.20" route="routetop" type="cfm-slow" waiting="0.00" lane="left_0" pos="0.04" speed="26.98" angle="184.40" x="-4.95" y="63.48"/>
        <vehicle id="cfm-slow_3" eclass="HBEFA3/PC_G_EU4" CO2="0.00" CO="0.00" HC="0.00" NOx="0.00" PMx="0.00" fuel="0.00" electricity="0.00" noise="70.78" route="routetop" type="cfm-slow" waiting="0.00" lane="left_0" pos="21.92" speed="25.82" angle="145.01" x="10.71" y="20.05"/>
        <vehicle id="cfm-slow_4" eclass="HBEFA3/PC_G_EU4" CO2="0.00" CO="0.00" HC="0.00" NOx="0.00" PMx="0.00" fuel="0.00" electricity="0.00" noise="70.95" route="routetop" type="cfm-slow" waiting="0.00" lane="left_0" pos="42.64" speed="24.96" angle="107.78" x="47.87" y="-3.09"/>
        <vehicle id="cfm-slow_5" eclass="HBEFA3/PC_G_EU4" CO2="6954.00" CO="72.33" HC="0.50" NOx="2.62" PMx="0.14" fuel="2.99" electricity="0.00" noise="72.01" route="routebottom" type="cfm-slow" waiting="0.00" lane="bottom_0" pos="12.52" speed="24.73" angle="71.93" x="90.00" y="0.31"/>
    </timestep>
    <timestep time="9.68">
        <vehicle id="cfm-fast_0" eclass="HBEFA3/PC_G_EU4" CO2="10686.65" CO="150.76" HC="0.95" NOx="4.37" PMx="0.24" fuel="4.59" electricity="0.00" noise="73.53" route="routebottom" type="cfm-fast" waiting="0.00" lane="bottom_0" pos="32.49" speed="25.23" angle="36.08" x="122.14" y="27.78"/>
        <vehicle id="cfm-fast_1" eclass="HBEFA3/PC_G_EU4" CO2="159523.69" CO="6203.79" HC="32.51" NOx="73.47" PMx="5.39" fuel="68.57" electricity="0.00" noise="119.15" route="routetop" type="cfm-fast" waiting="0.00" lane="left_1" pos="30.76" speed="105.83" angle="129.13" x="26.55" y="9.93"/>
        <vehicle id="cfm-fast_2" eclass="HBEFA3/PC_G_EU4" CO2="12381.34" CO="189.49" HC="1.17" NOx="5.15" PMx="0.28" fuel="5.32" electricity="0.00" noise="74.50" route="routebottom" type="cfm-fast" waiting="0.00" lane="bottom_0" pos="48.78" speed="26.23" angle="6.79" x="132.22" y="60.94"/>
        <vehicle id="cfm-fast_3" eclass="HBEFA3/PC_G_EU4" CO2="11211.06" CO="170.80" HC="1.06" NOx="4.57" PMx="0.26" fuel="4.82" electricity="0.00" noise="74.38" route="routebottom" type="cfm-fast" waiting="0.00" lane="right_0" pos="16.11" speed="27.38" angle="335.44" x="123.64" y="96.95"/>
        <vehicle id="cfm-fast_4" eclass="HBEFA3/PC_G_EU4" CO2="92592.26" CO="5014.63" HC="25.45" NOx="41.87" PMx="3.72" fuel="39.80" electricity="0.00" noise="109.11" route="routebottom" type="cfm-fast" waiting="0.00" lane="right_1" pos="28.23" speed="108.45" angle="313.64" x="104.93" y="114.27"/>
        <vehicle id="cfm-fast_5" eclass="HBEFA3/PC_G_EU4" CO2="7382.68" CO="96.66" HC="0.63" NOx="2.75" PMx="0.16" fuel="3.17" electricity="0.00" noise="73.53" route="routebottom" type="cfm-fast" waiting="0.00" lane="right_0" pos="34.60" speed="28.22" angle="302.28" x="95.60" y="124.39"/>
        <vehicle id="cfm-slow_0" eclass="HBEFA3/PC_G_EU4" CO2="0.00" CO="0.00" HC="0.00" NOx="0.00" PMx="0.00" fuel="0.00" electricity="0.00" noise="72.59" route="routetop" type="cfm-slow" waiting="0.00" lane="top_0" pos="3.91" speed="28.45" angle="267.51" x="55.19" y="131.75"/>
        <vehicle id="cfm-slow_1" eclass="HBEFA3/PC_G_EU4" CO2="0.00" CO="0.00" HC="0.00" NOx="0.00" PMx="0.00" fuel="0.00" electricity="0.00" noise="71.83" route="routetop" type="cfm-slow" waiting="0.00" lane="top_0" pos="27.38" speed="27.98" angle="225.22" x="11.68" y="108.42"/>
        <vehicle id="cfm-slow_2" eclass="HBEFA3/PC_G_EU4" CO2="0.00" CO="0.00" HC="0.00" NOx="0.00" PMx="0.00" fuel="0.00" electricity="0.00" noise="71.19" route="routetop" type="cfm-slow" waiting="0.00" lane="left_0" pos="0.31" speed="26.96" angle="183.92" x="-4.93" y="62.90"/>
        <vehicle id="cfm-slow_3" eclass="HBEFA3/PC_G_EU4" CO2="0.00" CO="0.00" HC="0.00" NOx="0.00" PMx="0.00" fuel="0.00" electricity="0.00" noise="70.78" route="routetop" type="cfm-slow" waiting="0.00" lane="left_0" pos="22.18" speed="25.81" angle="144.53" x="11.06" y="19.63"/>
        <vehicle id="cfm-slow_4" eclass="HBEFA3/PC_G_EU4" CO2="0.00" CO="0.00" HC="0.00" NOx="0.00" PMx="0.00" fuel="0.00" electricity="0.00" noise="70.96" route="routetop" type="cfm-slow" waiting="0.00" lane="left_0" pos="42.88" speed="24.96" angle="107.34" x="48.39" y="-3.21"/>
        <vehicle id="cfm-slow_5" eclass="HBEFA3/PC_G_EU4" CO2="6990.71" CO="73.09" HC="0.51" NOx="2.64" PMx="0.14" fuel="3.00" electricity="0.00" noise="72.02" route="routebottom" type="cfm-slow" waiting="0.00" lane="bottom_0" pos="12.77" speed="24.74" angle="71.53" x="90.49" y="0.51"/>
    </timestep>
    <timestep time="9.69">
        <vehicle id="cfm-fast_0" eclass="HBEFA3/PC_G_EU4" CO2="10704.29" CO="151.16" HC="0.95" NOx="4.38" PMx="0.24" fuel="4.60" electricity="0.00" noise="73.54" route="routebottom" type="cfm-fast" waiting="0.00" lane="bottom_0" pos="32.74" speed="25.24" angle="35.61" x="122.41" y="28.24"/>
        <vehicle id="cfm-fast_1" eclass="HBEFA3/PC_G_EU4" CO2="158851.17" CO="6192.05" HC="32.44" NOx="73.15" PMx="5.38" fuel="68.28" electricity="0.00" noise="119.05" route="routetop" type="cfm-fast" waiting="0.00" lane="left_1" pos="31.82" speed="105.86" angle="127.23" x="28.35" y="8.73"/>
        <vehicle id="cfm-fast_2" eclass="HBEFA3/PC_G_EU4" CO2="12372.33" CO="189.36" HC="1.17" NOx="5.15" PMx="0.28" fuel="5.32" electricity="0.00" noise="74.50" route="routebottom" type="cfm-fast" waiting="0.00" lane="bottom_0" pos="49.04" speed="26.24" angle="6.30" x="132.23" y="61.50"/>
        <vehicle id="cfm-fast_3" eclass="HBEFA3/PC_G_EU4" CO2="11175.71" CO="170.11" HC="1.05" NOx="4.56" PMx="0.26" fuel="4.80" electricity="0.00" noise="74.37" route="routebottom" type="cfm-fast" waiting="0.00" lane="right_0" pos="16.39" speed="27.38" angle="334.95" x="123.35" y="97.47"/>
        <vehicle id="cfm-fast_4" eclass="HBEFA3/PC_G_EU4" CO2="92481.56" CO="5012.65" HC="25.44" NOx="41.82" PMx="3.72" fuel="39.75" electricity="0.00" noise="109.09" route="routebottom" type="cfm-fast" waiting="0.00" lane="right_1" pos="29.31" speed="108.46" angle="311.67" x="103.18" y="115.64"/>
        <vehicle id="cfm-fast_5" eclass="HBEFA3/PC_G_EU4" CO2="7332.78" CO="95.64" HC="0.62" NOx="2.73" PMx="0.16" fuel="3.15" electricity="0.00" noise="73.52" route="routebottom" type="cfm-fast" waiting="0.00" lane="right_0" pos="34.89" speed="28.22" angle="301.78" x="95.06" y="124.66"/>
        <vehicle id="cfm-slow_0" eclass="HBEFA3/PC_G_EU4" CO2="0.00" CO="0.00" HC="0.00" NOx="0.00" PMx="0.00" fuel="0.00" electricity="0.00" noise="72.58" route="routetop" type="cfm-slow" waiting="0.00" lane="top_0" pos="4.19" speed="28.45" angle="267.00" x="54.58" y="131.66"/>
        <vehicle id="cfm-slow_1" eclass="HBEFA3/PC_G_EU4" CO2="0.00" CO="0.00" HC="0.00" NOx="0.00" PMx="0.00" fuel="0.00" electricity="0.00" noise="71.83" route="routetop" type="cfm-slow" waiting="0.00" lane="top_0" pos="27.66" speed="27.97" angle="224.70" x="11.29" y="107.96"/>
        <vehicle id="cfm-slow_2" eclass="HBEFA3/PC_G_EU4" CO2="0.00" CO="0.00" HC="0.00" NOx="0.00" PMx="0.00" fuel="0.00" electricity="0.00" noise="71.19" route="routetop" type="cfm-slow" waiting="0.00" lane="left_0" pos="0.58" speed="26.95" angle="183.43" x="-4.92" y="62.32"/>
        <vehicle id="cfm-slow_3" eclass="HBEFA3/PC_G_EU4" CO2="0.00" CO="0.00" HC="0.00" NOx="0.00" PMx="0.00" fuel="0.00" electricity="0.00" noise="70.78" route="routetop" type="cfm-slow" waiting="0.00" lane="left_0" pos="22.44" speed="25.80" angle="144.05" x="11.42" y="19.20"/>
        <vehicle id="cfm-slow_4" eclass="HBEFA3/PC_G_EU4" CO2="0.00" CO="0.00" HC="0.00" NOx="0.00" PMx="0.00" fuel="0.00" electricity="0.00" noise="70.97" route="routetop" type="cfm-slow" waiting="0.00" lane="left_0" pos="43.13" speed="24.95" angle="106.90" x="48.92" y="-3.33"/>
        <vehicle id="cfm-slow_5" eclass="HBEFA3/PC_G_EU4" CO2="7027.23" CO="73.86" HC="0.51" NOx="2.66" PMx="0.14" fuel="3.02" electricity="0.00" noise="72.04" route="routebottom" type="cfm-slow" waiting="0.00" lane="bottom_0" pos="13.01" speed="24.74" angle="71.08" x="90.98" y="0.73"/>
    </timestep>
    <timestep time="9.70">
        <vehicle id="cfm-fast_0" eclass="HBEFA3/PC_G_EU4" CO2="10721.69" CO="151.55" HC="0.96" NOx="4.39" PMx="0.24" fuel="4.61" electricity="0.00" noise="73.55" route="routebottom" type="cfm-fast" waiting="0.00" lane="bottom_0" pos="33.00" speed="25.25" angle="35.14" x="122.69" y="28.71"/>
        <vehicle id="cfm-fast_1" eclass="HBEFA3/PC_G_EU4" CO2="158183.65" CO="6180.39" HC="32.37" NOx="72.83" PMx="5.36" fuel="68.00" electricity="0.00" noise="118.94" route="routetop" type="cfm-fast" waiting="0.00" lane="left_1" pos="32.88" speed="105.89" angle="125.32" x="30.20" y="7.59"/>
        <vehicle id="cfm-fast_2" eclass="HBEFA3/PC_G_EU4" CO2="12363.06" CO="189.21" HC="1.17" NOx="5.14" PMx="0.28" fuel="5.31" electricity="0.00" noise="74.50" route="routebottom" type="cfm-fast" waiting="0.00" lane="bottom_0" pos="49.30" speed="26.26" angle="5.81" x="132.24" y="62.07"/>
        <vehicle id="cfm-fast_3" eclass="HBEFA3/PC_G_EU4" CO2="11140.20" CO="169.43" HC="1.05" NOx="4.54" PMx="0.26" fuel="4.79" electricity="0.00" noise="74.36" route="routebottom" type="cfm-fast" waiting="0.00" lane="right_0" pos="16.66" speed="27.39" angle="334.50" x="123.07" y="97.98"/>
        <vehicle id="cfm-fast_4" eclass="HBEFA3/PC_G_EU4" CO2="92372.60" CO="5010.70" HC="25.42" NOx="41.77" PMx="3.72" fuel="39.71" electricity="0.00" noise="109.08" route="routebottom" type="cfm-fast" waiting="0.00" lane="right_1" pos="30.40" speed="108.46" angle="309.74" x="101.38" y="116.96"/>
        <vehicle id="cfm-fast_5" eclass="HBEFA3/PC_G_EU4" CO2="7282.92" CO="94.63" HC="0.62" NOx="2.70" PMx="0.16" fuel="3.13" electricity="0.00" noise="73.50" route="routebottom" type="cfm-fast" waiting="0.00" lane="right_0" pos="35.17" speed="28.22" angle="301.26" x="94.52" y="124.93"/>
        <vehicle id="cfm-slow_0" eclass="HBEFA3/PC_G_EU4" CO2="0.00" CO="0.00" HC="0.00" NOx="0.00" PMx="0.00" fuel="0.00" electricity="0.00" noise="72.57" route="routetop" type="cfm-slow" waiting="0.00" lane="top_0" pos="4.48" speed="28.44" angle="266.48" x="53.97" y="131.58"/>
        <vehicle id="cfm-slow_1" eclass="HBEFA3/PC_G_EU4" CO2="0.00" CO="0.00" HC="0.00" NOx="0.00" PMx="0.00" fuel="0.00" electricity="0.00" noise="71.82" route="routetop" type="cfm-slow" waiting="0.00" lane="top_0" pos="27.94" speed="27.96" angle="224.18" x="10.90" y="107.50"/>
        <vehicle id="cfm-slow_2" eclass="HBEFA3/PC_G_EU4" CO2="0.00" CO="0.00" HC="0.00" NOx="0.00" PMx="0.00" fuel="0.00" electricity="0.00" noise="71.18" route="routetop" type="cfm-slow" waiting="0.00" lane="left_0" pos="0.85" speed="26.94" angle="182.94" x="-4.91" y="61.74"/>
        <vehicle id="cfm-slow_3" eclass="HBEFA3/PC_G_EU4" CO2="0.00" CO="0.00" HC="0.00" NOx="0.00" PMx="0.00" fuel="0.00" electricity="0.00" noise="70.78" route="routetop" type="cfm-slow" waiting="0.00" lane="left_0" pos="22.70" speed="25.79" angle="143.57" x="11.78" y="18.78"/>
        <vehicle id="cfm-slow_4" eclass="HBEFA3/PC_G_EU4" CO2="0.00" CO="0.00" HC="0.00" NOx="0.00" PMx="0.00" fuel="0.00" electricity="0.00" noise="70.97" route="routetop" type="cfm-slow" waiting="0.00" lane="left_0" pos="43.38" speed="24.95" angle="106.46" x="49.44" y="-3.45"/>
        <vehicle id="cfm-slow_5" eclass="HBEFA3/PC_G_EU4" CO2="7063.58" CO="74.62" HC="0.52" NOx="2.68" PMx="0.14" fuel="3.04" electricity="0.00" noise="72.05" route="routebottom" type="cfm-slow" waiting="0.00" lane="bottom_0" pos="13.26" speed="24.75" angle="70.62" x="91.47" y="0.95"/>
    </timestep>
    <timestep time="9.71">
        <vehicle id="cfm-fast_0" eclass="HBEFA3/PC_G_EU4" CO2="10738.84" CO="151.93" HC="0.96" NOx="4.40" PMx="0.24" fuel="4.62" electricity="0.00" noise="73.56" route="routebottom" type="cfm-fast" waiting="0.00" lane="bottom_0" pos="33.25" speed="25.26" angle="34.68" x="122.97" y="29.18"/>
        <vehicle id="cfm-fast_1" eclass="HBEFA3/PC_G_EU4" CO2="157521.10" CO="6168.82" HC="32.30" NOx="72.52" PMx="5.34" fuel="67.71" electricity="0.00" noise="118.84" route="routetop" type="cfm-fast" waiting="0.00" lane="left_1" pos="33.94" speed="105.91" angle="123.44" x="32.08" y="6.51"/>
        <vehicle id="cfm-fast_2" eclass="HBEFA3/PC_G_EU4" CO2="12353.54" CO="189.07" HC="1.17" NOx="5.14" PMx="0.28" fuel="5.31" electricity="0.00" noise="74.50" route="routebottom" type="cfm-fast" waiting="0.00" lane="bottom_0" pos="49.56" speed="26.27" angle="5.32" x="132.25" y="62.63"/>
        <vehicle id="cfm-fast_3" eclass="HBEFA3/PC_G_EU4" CO2="11104.53" CO="168.74" HC="1.05" NOx="4.52" PMx="0.26" fuel="4.77" electricity="0.00" noise="74.35" route="routebottom" type="cfm-fast" waiting="0.00" lane="right_0" pos="16.94" speed="27.40" angle="334.01" x="122.76" y="98.49"/>
        <vehicle id="cfm-fast_4" eclass="HBEFA3/PC_G_EU4" CO2="92265.34" CO="5008.79" HC="25.41" NOx="41.72" PMx="3.71" fuel="39.66" electricity="0.00" noise="109.06" route="routebottom" type="cfm-fast" waiting="0.00" lane="right_1" pos="31.48" speed="108.47" angle="307.82" x="99.55" y="118.22"/>
        <vehicle id="cfm-fast_5" eclass="HBEFA3/PC_G_EU4" CO2="7233.10" CO="93.63" HC="0.61" NOx="2.68" PMx="0.16" fuel="3.11" electricity="0.00" noise="73.49" route="routebottom" type="cfm-fast" waiting="0.00" lane="right_0" pos="35.45" speed="28.23" angle="300.75" x="93.97" y="125.21"/>
        <vehicle id="cfm-slow_0" eclass="HBEFA3/PC_G_EU4" CO2="0.00" CO="0.00" HC="0.00" NOx="0.00" PMx="0.00" fuel="0.00" electricity="0.00" noise="72.57" route="routetop" type="cfm-slow" waiting="0.00" lane="top_0" pos="4.76" speed="28.44" angle="265.97" x="53.37" y="131.49"/>
        <vehicle id="cfm-slow_1" eclass="HBEFA3/PC_G_EU4" CO2="0.00" CO="0.00" HC="0.00" NOx="0.00" PMx="0.00" fuel="0.00" electricity="0.00" noise="71.81" route="routetop" type="cfm-slow" waiting="0.00" lane="top_0" pos="28.22" speed="27.95" angle="223.73" x="10.51" y="107.04"/>
        <vehicle id="cfm-slow_2" eclass="HBEFA3/PC_G_EU4" CO2="0.00" CO="0.00" HC="0.00" NOx="0.00" PMx="0.00" fuel="0.00" electricity="0.00" noise="71.18" route="routetop" type="cfm-slow" waiting="0.00" lane="left_0" pos="1.12" speed="26.93" angle="182.45" x="-4.90" y="61.16"/>
        <vehicle id="cfm-slow_3" eclass="HBEFA3/PC_G_EU4" CO2="0.00" CO="0.00" HC="0.00" NOx="0.00" PMx="0.00" fuel="0.00" electricity="0.00" noise="70.78" route="routetop" type="cfm-slow" waiting="0.00" lane="left_0" pos="22.96" speed="25.78" angle="143.10" x="12.14" y="18.36"/>
        <vehicle id="cfm-slow_4" eclass="HBEFA3/PC_G_EU4" CO2="0.00" CO="0.00" HC="0.00" NOx="0.00" PMx="0.00" fuel="0.00" electricity="0.00" noise="70.98" route="routetop" type="cfm-slow" waiting="0.00" lane="left_0" pos="43.63" speed="24.95" angle="106.07" x="49.96" y="-3.57"/>
        <vehicle id="cfm-slow_5" eclass="HBEFA3/PC_G_EU4" CO2="7099.75" CO="75.38" HC="0.52" NOx="2.69" PMx="0.14" fuel="3.05" electricity="0.00" noise="72.06" route="routebottom" type="cfm-slow" waiting="0.00" lane="bottom_0" pos="13.51" speed="24.75" angle="70.17" x="91.95" y="1.17"/>
    </timestep>
    <timestep time="9.72">
        <vehicle id="cfm-fast_0" eclass="HBEFA3/PC_G_EU4" CO2="10755.74" CO="152.31" HC="0.96" NOx="4.41" PMx="0.24" fuel="4.62" electricity="0.00" noise="73.57" route="routebottom" type="cfm-fast" waiting="0.00" lane="bottom_0" pos="33.50" speed="25.27" angle="34.25" x="123.24" y="29.65"/>
        <vehicle id="cfm-fast_1" eclass="HBEFA3/PC_G_EU4" CO2="156863.50" CO="6157.33" HC="32.23" NOx="72.21" PMx="5.33" fuel="67.43" electricity="0.00" noise="118.74" route="routetop" type="cfm-fast" waiting="0.00" lane="left_1" pos="35.00" speed="105.94" angle="121.58" x="34.00" y="5.48"/>
        <vehicle id="cfm-fast_2" eclass="HBEFA3/PC_G_EU4" CO2="12343.77" CO="188.91" HC="1.17" NOx="5.13" PMx="0.28" fuel="5.31" electricity="0.00" noise="74.50" route="routebottom" type="cfm-fast" waiting="0.00" lane="bottom_0" pos="49.83" speed="26.28" angle="4.83" x="132.26" y="63.20"/>
        <vehicle id="cfm-fast_3" eclass="HBEFA3/PC_G_EU4" CO2="11068.72" CO="168.05" HC="1.04" NOx="4.51" PMx="0.25" fuel="4.76" electricity="0.00" noise="74.34" route="routebottom" type="cfm-fast" waiting="0.00" lane="right_0" pos="17.21" speed="27.41" angle="333.51" x="122.46" y="99.00"/>
        <vehicle id="cfm-fast_4" eclass="HBEFA3/PC_G_EU4" CO2="92159.76" CO="5006.90" HC="25.40" NOx="41.67" PMx="3.71" fuel="39.62" electricity="0.00" noise="109.04" route="routebottom" type="cfm-fast" waiting="0.00" lane="right_1" pos="32.57" speed="108.47" angle="305.91" x="97.67" y="119.41"/>
        <vehicle id="cfm-fast_5" eclass="HBEFA3/PC_G_EU4" CO2="7183.34" CO="92.62" HC="0.60" NOx="2.65" PMx="0.16" fuel="3.09" electricity="0.00" noise="73.48" route="routebottom" type="cfm-fast" waiting="0.00" lane="right_0" pos="35.73" speed="28.23" angle="300.24" x="93.43" y="125.48"/>
        <vehicle id="cfm-slow_0" eclass="HBEFA3/PC_G_EU4" CO2="0.00" CO="0.00" HC="0.00" NOx="0.00" PMx="0.00" fuel="0.00" electricity="0.00" noise="72.56" route="routetop" type="cfm-slow" waiting="0.00" lane="top_0" pos="5.04" speed="28.43" angle="265.39" x="52.76" y="131.40"/>
        <vehicle id="cfm-slow_1" eclass="HBEFA3/PC_G_EU4" CO2="0.00" CO="0.00" HC="0.00" NOx="0.00" PMx="0.00" fuel="0.00" electricity="0.00" noise="71.81" route="routetop" type="cfm-slow" waiting="0.00" lane="top_0" pos="28.50" speed="27.94" angle="223.22" x="10.13" y="106.57"/>
        <vehicle id="cfm-slow_2" eclass="HBEFA3/PC_G_EU4" CO2="0.00" CO="0.00" HC="0.00" NOx="0.00" PMx="0.00" fuel="0.00" electricity="0.00" noise="71.17" route="routetop" type="cfm-slow" waiting="0.00" lane="left_0" pos="1.39" speed="26.92" angle="181.98" x="-4.87" y="60.58"/>
        <vehicle id="cfm-slow_3" eclass="HBEFA3/PC_G_EU4" CO2="0.00" CO="0.00" HC="0.00" NOx="0.00" PMx="0.00" fuel="0.00" electricity="0.00" noise="70.78" route="routetop" type="cfm-slow" waiting="0.00" lane="left_0" pos="23.21" speed="25.77" angle="142.69" x="12.51" y="17.94"/>
        <vehicle id="cfm-slow_4" eclass="HBEFA3/PC_G_EU4" CO2="0.00" CO="0.00" HC="0.00" NOx="0.00" PMx="0.00" fuel="0.00" electricity="0.00" noise="70.99" route="routetop" type="cfm-slow" waiting="0.00" lane="left_0" pos="43.88" speed="24.95" angle="105.61" x="50.49" y="-3.67"/>
        <vehicle id="cfm-slow_5" eclass="HBEFA3/PC_G_EU4" CO2="7135.74" CO="76.13" HC="0.52" NOx="2.71" PMx="0.14" fuel="3.07" electricity="0.00" noise="72.08" route="routebottom" type="cfm-slow" waiting="0.00" lane="bottom_0" pos="13.76" speed="24.75" angle="69.71" x="92.44" y="1.38"/>
    </timestep>
    <timestep time="9.73">
        <vehicle id="cfm-fast_0" eclass="HBEFA3/PC_G_EU4" CO2="10772.40" CO="152.69" HC="0.96" NOx="4.41" PMx="0.24" fuel="4.63" electricity="0.00" noise="73.58" route="routebottom" type="cfm-fast" waiting="0.00" lane="bottom_0" pos="33.75" speed="25.28" angle="33.79" x="123.50" y="30.12"/>
        <vehicle id="cfm-fast_1" eclass="HBEFA3/PC_G_EU4" CO2="156210.83" CO="6145.92" HC="32.16" NOx="71.90" PMx="5.31" fuel="67.15" electricity="0.00" noise="118.64" route="routetop" type="cfm-fast" waiting="0.00" lane="left_1" pos="36.06" speed="105.97" angle="119.69" x="35.95" y="4.52"/>
        <vehicle id="cfm-fast_2" eclass="HBEFA3/PC_G_EU4" CO2="12333.75" CO="188.76" HC="1.17" NOx="5.13" PMx="0.28" fuel="5.30" electricity="0.00" noise="74.50" route="routebottom" type="cfm-fast" waiting="0.00" lane="right_0" pos="0.09" speed="26.29" angle="4.30" x="132.27" y="63.95"/>
        <vehicle id="cfm-fast_3" eclass="HBEFA3/PC_G_EU4" CO2="11032.75" CO="167.35" HC="1.04" NOx="4.49" PMx="0.25" fuel="4.74" electricity="0.00" noise="74.33" route="routebottom" type="cfm-fast" waiting="0.00" lane="right_0" pos="17.48" speed="27.42" angle="333.02" x="122.16" y="99.50"/>
        <vehicle id="cfm-fast_4" eclass="HBEFA3/PC_G_EU4" CO2="92055.82" CO="5005.05" HC="25.39" NOx="41.62" PMx="3.71" fuel="39.57" electricity="0.00" noise="109.03" route="routebottom" type="cfm-fast" waiting="0.00" lane="right_1" pos="33.65" speed="108.47" angle="303.98" x="95.75" y="120.53"/>
        <vehicle id="cfm-fast_5" eclass="HBEFA3/PC_G_EU4" CO2="7133.63" CO="91.61" HC="0.60" NOx="2.63" PMx="0.15" fuel="3.07" electricity="0.00" noise="73.47" route="routebottom" type="cfm-fast" waiting="0.00" lane="right_0" pos="36.02" speed="28.23" angle="299.77" x="92.88" y="125.74"/>
        <vehicle id="cfm-slow_0" eclass="HBEFA3/PC_G_EU4" CO2="0.00" CO="0.00" HC="0.00" NOx="0.00" PMx="0.00" fuel="0.00" electricity="0.00" noise="72.55" route="routetop" type="cfm-slow" waiting="0.00" lane="top_0" pos="5.33" speed="28.43" angle="264.88" x="52.16" y="131.30"/>
        <vehicle id="cfm-slow_1" eclass="HBEFA3/PC_G_EU4" CO2="0.00" CO="0.00" HC="0.00" NOx="0.00" PMx="0.00" fuel="0.00" electricity="0.00" noise="71.80" route="routetop" type="cfm-slow" waiting="0.00" lane="top_0" pos="28.78" speed="27.93" angle="222.71" x="9.76" y="106.10"/>
        <vehicle id="cfm-slow_2" eclass="HBEFA3/PC_G_EU4" CO2="0.00" CO="0.00" HC="0.00" NOx="0.00" PMx="0.00" fuel="0.00" electricity="0.00" noise="71.17" route="routetop" type="cfm-slow" waiting="0.00" lane="left_0" pos="1.66" speed="26.91" angle="181.50" x="-4.84" y="60.01"/>
        <vehicle id="cfm-slow_3" eclass="HBEFA3/PC_G_EU4" CO2="0.00" CO="0.00" HC="0.00" NOx="0.00" PMx="0.00" fuel="0.00" electricity="0.00" noise="70.78" route="routetop" type="cfm-slow" waiting="0.00" lane="left_0" pos="23.47" speed="25.76" angle="142.22" x="12.89" y="17.53"/>
        <vehicle id="cfm-slow_4" eclass="HBEFA3/PC_G_EU4" CO2="0.00" CO="0.00" HC="0.00" NOx="0.00" PMx="0.00" fuel="0.00" electricity="0.00" noise="71.00" route="routetop" type="cfm-slow" waiting="0.00" lane="left_0" pos="44.13" speed="24.94" angle="105.15" x="51.02" y="-3.77"/>
        <vehicle id="cfm-slow_5" eclass="HBEFA3/PC_G_EU4" CO2="7171.55" CO="76.88" HC="0.53" NOx="2.73" PMx="0.14" fuel="3.08" electricity="0.00" noise="72.09" route="routebottom" type="cfm-slow" waiting="0.00" lane="bottom_0" pos="14.00" speed="24.76" angle="69.28" x="92.92" y="1.60"/>
    </timestep>
    <timestep time="9.74">
        <vehicle id="cfm-fast_0" eclass="HBEFA3/PC_G_EU4" CO2="10788.82" CO="153.06" HC="0.97" NOx="4.42" PMx="0.24" fuel="4.64" electricity="0.00" noise="73.59" route="routebottom" type="cfm-fast" waiting="0.00" lane="bottom_0" pos="34.01" speed="25.29" angle="33.32" x="123.76" y="30.60"/>
        <vehicle id="cfm-fast_1" eclass="HBEFA3/PC_G_EU4" CO2="155563.07" CO="6134.60" HC="32.10" NOx="71.60" PMx="5.29" fuel="66.87" electricity="0.00" noise="118.54" route="routetop" type="cfm-fast" waiting="0.00" lane="left_1" pos="37.12" speed="106.00" angle="117.70" x="37.93" y="3.63"/>
        <vehicle id="cfm-fast_2" eclass="HBEFA3/PC_G_EU4" CO2="12323.48" CO="188.59" HC="1.17" NOx="5.12" PMx="0.28" fuel="5.30" electricity="0.00" noise="74.49" route="routebottom" type="cfm-fast" waiting="0.00" lane="right_0" pos="0.35" speed="26.30" angle="3.83" x="132.26" y="64.52"/>
        <vehicle id="cfm-fast_3" eclass="HBEFA3/PC_G_EU4" CO2="10996.64" CO="166.65" HC="1.03" NOx="4.47" PMx="0.25" fuel="4.73" electricity="0.00" noise="74.32" route="routebottom" type="cfm-fast" waiting="0.00" lane="right_0" pos="17.76" speed="27.43" angle="332.52" x="121.86" y="100.01"/>
        <vehicle id="cfm-fast_4" eclass="HBEFA3/PC_G_EU4" CO2="91953.49" CO="5003.23" HC="25.38" NOx="41.57" PMx="3.71" fuel="39.53" electricity="0.00" noise="109.01" route="routebottom" type="cfm-fast" waiting="0.00" lane="right_1" pos="34.74" speed="108.48" angle="302.05" x="93.80" y="121.60"/>
        <vehicle id="cfm-fast_5" eclass="HBEFA3/PC_G_EU4" CO2="7083.97" CO="90.60" HC="0.59" NOx="2.61" PMx="0.15" fuel="3.05" electricity="0.00" noise="73.46" route="routebottom" type="cfm-fast" waiting="0.00" lane="right_0" pos="36.30" speed="28.23" angle="299.22" x="92.33" y="125.99"/>
        <vehicle id="cfm-slow_0" eclass="HBEFA3/PC_G_EU4" CO2="0.00" CO="0.00" HC="0.00" NOx="0.00" PMx="0.00" fuel="0.00" electricity="0.00" noise="72.54" route="routetop" type="cfm-slow" waiting="0.00" lane="top_0" pos="5.61" speed="28.43" angle="264.35" x="51.56" y="131.19"/>
        <vehicle id="cfm-slow_1" eclass="HBEFA3/PC_G_EU4" CO2="0.00" CO="0.00" HC="0.00" NOx="0.00" PMx="0.00" fuel="0.00" electricity="0.00" noise="71.80" route="routetop" type="cfm-slow" waiting="0.00" lane="top_0" pos="29.06" speed="27.92" angle="222.20" x="9.39" y="105.63"/>
        <vehicle id="cfm-slow_2" eclass="HBEFA3/PC_G_EU4" CO2="0.00" CO="0.00" HC="0.00" NOx="0.00" PMx="0.00" fuel="0.00" electricity="0.00" noise="71.17" route="routetop" type="cfm-slow" waiting="0.00" lane="left_0" pos="1.93" speed="26.90" angle="181.02" x="-4.80" y="59.43"/>
        <vehicle id="cfm-slow_3" eclass="HBEFA3/PC_G_EU4" CO2="0.00" CO="0.00" HC="0.00" NOx="0.00" PMx="0.00" fuel="0.00" electricity="0.00" noise="70.78" route="routetop" type="cfm-slow" waiting="0.00" lane="left_0" pos="23.73" speed="25.76" angle="141.76" x="13.26" y="17.13"/>
        <vehicle id="cfm-slow_4" eclass="HBEFA3/PC_G_EU4" CO2="0.00" CO="0.00" HC="0.00" NOx="0.00" PMx="0.00" fuel="0.00" electricity="0.00" noise="71.01" route="routetop" type="cfm-slow" waiting="0.00" lane="left_0" pos="44.38" speed="24.94" angle="104.68" x="51.55" y="-3.87"/>
        <vehicle id="cfm-slow_5" eclass="HBEFA3/PC_G_EU4" CO2="7207.17" CO="77.63" HC="0.53" NOx="2.74" PMx="0.15" fuel="3.10" electricity="0.00" noise="72.10" route="routebottom" type="cfm-slow" waiting="0.00" lane="bottom_0" pos="14.25" speed="24.76" angle="68.85" x="93.40" y="1.84"/>
    </timestep>
    <timestep time="9.75">
        <vehicle id="cfm-fast_0" eclass="HBEFA3/PC_G_EU4" CO2="10804.98" CO="153.43" HC="0.97" NOx="4.43" PMx="0.24" fuel="4.64" electricity="0.00" noise="73.60" route="routebottom" type="cfm-fast" waiting="0.00" lane="bottom_0" pos="34.26" speed="25.30" angle="32.86" x="124.03" y="31.08"/>
        <vehicle id="cfm-fast_1" eclass="HBEFA3/PC_G_EU4" CO2="154920.19" CO="6123.36" HC="32.03" NOx="71.29" PMx="5.28" fuel="66.59" electricity="0.00" noise="118.44" route="routetop" type="cfm-fast" waiting="0.00" lane="left_1" pos="38.18" speed="106.03" angle="115.75" x="39.95" y="2.82"/>
        <vehicle id="cfm-fast_2" eclass="HBEFA3/PC_G_EU4" CO2="12312.96" CO="188.42" HC="1.17" NOx="5.12" PMx="0.28" fuel="5.29" electricity="0.00" noise="74.49" route="routebottom" type="cfm-fast" waiting="0.00" lane="right_0" pos="0.62" speed="26.31" angle="3.35" x="132.25" y="65.09"/>
        <vehicle id="cfm-fast_3" eclass="HBEFA3/PC_G_EU4" CO2="10960.38" CO="165.95" HC="1.03" NOx="4.45" PMx="0.25" fuel="4.71" electricity="0.00" noise="74.31" route="routebottom" type="cfm-fast" waiting="0.00" lane="right_0" pos="18.03" speed="27.44" angle="332.08" x="121.55" y="100.51"/>
        <vehicle id="cfm-fast_4" eclass="HBEFA3/PC_G_EU4" CO2="91852.73" CO="5001.44" HC="25.37" NOx="41.52" PMx="3.70" fuel="39.48" electricity="0.00" noise="109.00" route="routebottom" type="cfm-fast" waiting="0.00" lane="right_1" pos="35.82" speed="108.48" angle="300.05" x="91.81" y="122.59"/>
        <vehicle id="cfm-fast_5" eclass="HBEFA3/PC_G_EU4" CO2="7034.37" CO="89.59" HC="0.59" NOx="2.58" PMx="0.15" fuel="3.02" electricity="0.00" noise="73.45" route="routebottom" type="cfm-fast" waiting="0.00" lane="right_0" pos="36.58" speed="28.24" angle="298.67" x="91.78" y="126.24"/>
        <vehicle id="cfm-slow_0" eclass="HBEFA3/PC_G_EU4" CO2="0.00" CO="0.00" HC="0.00" NOx="0.00" PMx="0.00" fuel="0.00" electricity="0.00" noise="72.53" route="routetop" type="cfm-slow" waiting="0.00" lane="top_0" pos="5.90" speed="28.42" angle="263.82" x="50.96" y="131.08"/>
        <vehicle id="cfm-slow_1" eclass="HBEFA3/PC_G_EU4" CO2="0.00" CO="0.00" HC="0.00" NOx="0.00" PMx="0.00" fuel="0.00" electricity="0.00" noise="71.79" route="routetop" type="cfm-slow" waiting="0.00" lane="top_0" pos="29.34" speed="27.91" angle="221.69" x="9.02" y="105.15"/>
        <vehicle id="cfm-slow_2" eclass="HBEFA3/PC_G_EU4" CO2="0.00" CO="0.00" HC="0.00" NOx="0.00" PMx="0.00" fuel="0.00" electricity="0.00" noise="71.16" route="routetop" type="cfm-slow" waiting="0.00" lane="left_0" pos="2.20" speed="26.89" angle="180.54" x="-4.77" y="58.85"/>
        <vehicle id="cfm-slow_3" eclass="HBEFA3/PC_G_EU4" CO2="0.00" CO="0.00" HC="0.00" NOx="0.00" PMx="0.00" fuel="0.00" electricity="0.00" noise="70.78" route="routetop" type="cfm-slow" waiting="0.00" lane="left_0" pos="23.99" speed="25.75" angle="141.29" x="13.64" y="16.72"/>
        <vehicle id="cfm-slow_4" eclass="HBEFA3/PC_G_EU4" CO2="0.00" CO="0.00" HC="0.00" NOx="0.00" PMx="0.00" fuel="0.00" electricity="0.00" noise="71.01" route="routetop" type="cfm-slow" waiting="0.00" lane="left_0" pos="44.63" speed="24.94" angle="104.22" x="52.07" y="-3.96"/>
        <vehicle id="cfm-slow_5" eclass="HBEFA3/PC_G_EU4" CO2="7242.62" CO="78.38" HC="0.54" NOx="2.76" PMx="0.15" fuel="3.11" electricity="0.00" noise="72.12" route="routebottom" type="cfm-slow" waiting="0.00" lane="bottom_0" pos="14.50" speed="24.77" angle="68.38" x="93.88" y="2.07"/>
    </timestep>
    <timestep time="9.76">
        <vehicle id="cfm-fast_0" eclass="HBEFA3/PC_G_EU4" CO2="10820.91" CO="153.79" HC="0.97" NOx="4.44" PMx="0.24" fuel="4.65" electricity="0.00" noise="73.61" route="routebottom" type="cfm-fast" waiting="0.00" lane="bottom_0" pos="34.51" speed="25.31" angle="32.40" x="124.29" y="31.55"/>
        <vehicle id="cfm-fast_1" eclass="HBEFA3/PC_G_EU4" CO2="154282.18" CO="6112.20" HC="31.96" NOx="70.99" PMx="5.26" fuel="66.32" electricity="0.00" noise="118.34" route="routetop" type="cfm-fast" waiting="0.00" lane="left_1" pos="39.24" speed="106.06" angle="113.84" x="41.99" y="2.07"/>
        <vehicle id="cfm-fast_2" eclass="HBEFA3/PC_G_EU4" CO2="12302.19" CO="188.25" HC="1.16" NOx="5.11" PMx="0.28" fuel="5.29" electricity="0.00" noise="74.49" route="routebottom" type="cfm-fast" waiting="0.00" lane="right_0" pos="0.88" speed="26.32" angle="2.88" x="132.23" y="65.65"/>
        <vehicle id="cfm-fast_3" eclass="HBEFA3/PC_G_EU4" CO2="10923.97" CO="165.24" HC="1.03" NOx="4.44" PMx="0.25" fuel="4.70" electricity="0.00" noise="74.30" route="routebottom" type="cfm-fast" waiting="0.00" lane="right_0" pos="18.31" speed="27.44" angle="331.55" x="121.22" y="101.00"/>
        <vehicle id="cfm-fast_4" eclass="HBEFA3/PC_G_EU4" CO2="91753.53" CO="4999.67" HC="25.36" NOx="41.47" PMx="3.70" fuel="39.44" electricity="0.00" noise="108.99" route="routebottom" type="cfm-fast" waiting="0.00" lane="right_1" pos="36.91" speed="108.49" angle="298.04" x="89.79" y="123.51"/>
        <vehicle id="cfm-fast_5" eclass="HBEFA3/PC_G_EU4" CO2="6984.83" CO="88.59" HC="0.58" NOx="2.56" PMx="0.15" fuel="3.00" electricity="0.00" noise="73.44" route="routebottom" type="cfm-fast" waiting="0.00" lane="right_0" pos="36.86" speed="28.24" angle="298.12" x="91.22" y="126.49"/>
        <vehicle id="cfm-slow_0" eclass="HBEFA3/PC_G_EU4" CO2="0.00" CO="0.00" HC="0.00" NOx="0.00" PMx="0.00" fuel="0.00" electricity="0.00" noise="72.52" route="routetop" type="cfm-slow" waiting="0.00" lane="top_0" pos="6.18" speed="28.42" angle="263.29" x="50.36" y="130.97"/>
        <vehicle id="cfm-slow_1" eclass="HBEFA3/PC_G_EU4" CO2="0.00" CO="0.00" HC="0.00" NOx="0.00" PMx="0.00" fuel="0.00" electricity="0.00" noise="71.78" route="routetop" type="cfm-slow" waiting="0.00" lane="top_0" pos="29.61" speed="27.90" angle="221.23" x="8.66" y="104.67"/>
        <vehicle id="cfm-slow_2" eclass="HBEFA3/PC_G_EU4" CO2="0.00" CO="0.00" HC="0.00" NOx="0.00" PMx="0.00" fuel="0.00" electricity="0.00" noise="71.16" route="routetop" type="cfm-slow" waiting="0.00" lane="left_0" pos="2.46" speed="26.87" angle="180.05" x="-4.74" y="58.27"/>
        <vehicle id="cfm-slow_3" eclass="HBEFA3/PC_G_EU4" CO2="0.00" CO="0.00" HC="0.00" NOx="0.00" PMx="0.00" fuel="0.00" electricity="0.00" noise="70.78" route="routetop" type="cfm-slow" waiting="0.00" lane="left_0" pos="24.24" speed="25.74" angle="140.84" x="14.01" y="16.31"/>
        <vehicle id="cfm-slow_4" eclass="HBEFA3/PC_G_EU4" CO2="0.00" CO="0.00" HC="0.00" NOx="0.00" PMx="0.00" fuel="0.00" electricity="0.00" noise="71.02" route="routetop" type="cfm-slow" waiting="0.00" lane="left_0" pos="44.88" speed="24.94" angle="103.82" x="52.60" y="-4.06"/>
        <vehicle id="cfm-slow_5" eclass="HBEFA3/PC_G_EU4" CO2="7277.89" CO="79.12" HC="0.54" NOx="2.78" PMx="0.15" fuel="3.13" electricity="0.00" noise="72.13" route="routebottom" type="cfm-slow" waiting="0.00" lane="bottom_0" pos="14.75" speed="24.77" angle="67.92" x="94.36" y="2.31"/>
    </timestep>
    <timestep time="9.77">
        <vehicle id="cfm-fast_0" eclass="HBEFA3/PC_G_EU4" CO2="10836.58" CO="154.15" HC="0.97" NOx="4.44" PMx="0.24" fuel="4.66" electricity="0.00" noise="73.62" route="routebottom" type="cfm-fast" waiting="0.00" lane="bottom_0" pos="34.77" speed="25.32" angle="31.99" x="124.54" y="32.04"/>
        <vehicle id="cfm-fast_1" eclass="HBEFA3/PC_G_EU4" CO2="153649.00" CO="6101.13" HC="31.90" NOx="70.69" PMx="5.25" fuel="66.05" electricity="0.00" noise="118.25" route="routetop" type="cfm-fast" waiting="0.00" lane="left_1" pos="40.30" speed="106.08" angle="111.95" x="44.05" y="1.38"/>
        <vehicle id="cfm-fast_2" eclass="HBEFA3/PC_G_EU4" CO2="12291.18" CO="188.07" HC="1.16" NOx="5.11" PMx="0.28" fuel="5.28" electricity="0.00" noise="74.49" route="routebottom" type="cfm-fast" waiting="0.00" lane="right_0" pos="1.14" speed="26.33" angle="2.40" x="132.22" y="66.22"/>
        <vehicle id="cfm-fast_3" eclass="HBEFA3/PC_G_EU4" CO2="10887.43" CO="164.53" HC="1.02" NOx="4.42" PMx="0.25" fuel="4.68" electricity="0.00" noise="74.29" route="routebottom" type="cfm-fast" waiting="0.00" lane="right_0" pos="18.58" speed="27.45" angle="331.01" x="120.89" y="101.49"/>
        <vehicle id="cfm-fast_4" eclass="HBEFA3/PC_G_EU4" CO2="91655.84" CO="4997.94" HC="25.35" NOx="41.43" PMx="3.70" fuel="39.40" electricity="0.00" noise="108.97" route="routebottom" type="cfm-fast" waiting="0.00" lane="right_1" pos="37.99" speed="108.49" angle="296.08" x="87.73" y="124.36"/>
        <vehicle id="cfm-fast_5" eclass="HBEFA3/PC_G_EU4" CO2="6935.34" CO="87.58" HC="0.57" NOx="2.54" PMx="0.15" fuel="2.98" electricity="0.00" noise="73.43" route="routebottom" type="cfm-fast" waiting="0.00" lane="right_0" pos="37.15" speed="28.24" angle="297.62" x="90.67" y="126.73"/>
        <vehicle id="cfm-slow_0" eclass="HBEFA3/PC_G_EU4" CO2="0.00" CO="0.00" HC="0.00" NOx="0.00" PMx="0.00" fuel="0.00" electricity="0.00" noise="72.52" route="routetop" type="cfm-slow" waiting="0.00" lane="top_0" pos="6.47" speed="28.41" angle="262.82" x="49.76" y="130.85"/>
        <vehicle id="cfm-slow_1" eclass="HBEFA3/PC_G_EU4" CO2="0.00" CO="0.00" HC="0.00" NOx="0.00" PMx="0.00" fuel="0.00" electricity="0.00" noise="71.78" route="routetop" type="cfm-slow" waiting="0.00" lane="top_0" pos="29.89" speed="27.89" angle="220.72" x="8.31" y="104.19"/>
        <vehicle id="cfm-slow_2" eclass="HBEFA3/PC_G_EU4" CO2="0.00" CO="0.00" HC="0.00" NOx="0.00" PMx="0.00" fuel="0.00" electricity="0.00" noise="71.15" route="routetop" type="cfm-slow" waiting="0.00" lane="left_0" pos="2.73" speed="26.86" angle="179.59" x="-4.68" y="57.70"/>
        <vehicle id="cfm-slow_3" eclass="HBEFA3/PC_G_EU4" CO2="0.00" CO="0.00" HC="0.00" NOx="0.00" PMx="0.00" fuel="0.00" electricity="0.00" noise="70.78" route="routetop" type="cfm-slow" waiting="0.00" lane="left_0" pos="24.50" speed="25.73" angle="140.42" x="14.40" y="15.91"/>
        <vehicle id="cfm-slow_4" eclass="HBEFA3/PC_G_EU4" CO2="0.00" CO="0.00" HC="0.00" NOx="0.00" PMx="0.00" fuel="0.00" electricity="0.00" noise="71.03" route="routetop" type="cfm-slow" waiting="0.00" lane="left_0" pos="45.13" speed="24.93" angle="103.37" x="53.13" y="-4.14"/>
        <vehicle id="cfm-slow_5" eclass="HBEFA3/PC_G_EU4" CO2="7312.97" CO="79.85" HC="0.55" NOx="2.79" PMx="0.15" fuel="3.14" electricity="0.00" noise="72.14" route="routebottom" type="cfm-slow" waiting="0.00" lane="bottom_0" pos="14.99" speed="24.78" angle="67.46" x="94.83" y="2.55"/>
    </timestep>
    <timestep time="9.78">
        <vehicle id="cfm-fast_0" eclass="HBEFA3/PC_G_EU4" CO2="10852.01" CO="154.50" HC="0.97" NOx="4.45" PMx="0.24" fuel="4.66" electricity="0.00" noise="73.63" route="routebottom" type="cfm-fast" waiting="0.00" lane="bottom_0" pos="35.02" speed="25.33" angle="31.53" x="124.79" y="32.52"/>
        <vehicle id="cfm-fast_1" eclass="HBEFA3/PC_G_EU4" CO2="153020.65" CO="6090.14" HC="31.83" NOx="70.40" PMx="5.23" fuel="65.78" electricity="0.00" noise="118.15" route="routetop" type="cfm-fast" waiting="0.00" lane="left_1" pos="41.36" speed="106.11" angle="110.04" x="46.13" y="0.76"/>
        <vehicle id="cfm-fast_2" eclass="HBEFA3/PC_G_EU4" CO2="12279.92" CO="187.89" HC="1.16" NOx="5.10" PMx="0.28" fuel="5.28" electricity="0.00" noise="74.49" route="routebottom" type="cfm-fast" waiting="0.00" lane="right_0" pos="1.41" speed="26.35" angle="1.95" x="132.20" y="66.78"/>
        <vehicle id="cfm-fast_3" eclass="HBEFA3/PC_G_EU4" CO2="10850.73" CO="163.82" HC="1.02" NOx="4.40" PMx="0.25" fuel="4.66" electricity="0.00" noise="74.28" route="routebottom" type="cfm-fast" waiting="0.00" lane="right_0" pos="18.86" speed="27.46" angle="330.48" x="120.56" y="101.98"/>
        <vehicle id="cfm-fast_4" eclass="HBEFA3/PC_G_EU4" CO2="91559.64" CO="4996.23" HC="25.34" NOx="41.38" PMx="3.70" fuel="39.36" electricity="0.00" noise="108.96" route="routebottom" type="cfm-fast" waiting="0.00" lane="right_1" pos="39.08" speed="108.49" angle="294.17" x="85.65" y="125.15"/>
        <vehicle id="cfm-fast_5" eclass="HBEFA3/PC_G_EU4" CO2="6885.92" CO="86.58" HC="0.57" NOx="2.51" PMx="0.15" fuel="2.96" electricity="0.00" noise="73.41" route="routebottom" type="cfm-fast" waiting="0.00" lane="right_0" pos="37.43" speed="28.24" angle="297.14" x="90.10" y="126.96"/>
        <vehicle id="cfm-slow_0" eclass="HBEFA3/PC_G_EU4" CO2="0.00" CO="0.00" HC="0.00" NOx="0.00" PMx="0.00" fuel="0.00" electricity="0.00" noise="72.51" route="routetop" type="cfm-slow" waiting="0.00" lane="top_0" pos="6.75" speed="28.41" angle="262.29" x="49.16" y="130.71"/>
        <vehicle id="cfm-slow_1" eclass="HBEFA3/PC_G_EU4" CO2="0.00" CO="0.00" HC="0.00" NOx="0.00" PMx="0.00" fuel="0.00" electricity="0.00" noise="71.77" route="routetop" type="cfm-slow" waiting="0.00" lane="top_0" pos="30.17" speed="27.88" angle="220.20" x="7.96" y="103.70"/>
        <vehicle id="cfm-slow_2" eclass="HBEFA3/PC_G_EU4" CO2="0.00" CO="0.00" HC="0.00" NOx="0.00" PMx="0.00" fuel="0.00" electricity="0.00" noise="71.15" route="routetop" type="cfm-slow" waiting="0.00" lane="left_0" pos="3.00" speed="26.85" angle="179.11" x="-4.63" y="57.12"/>
        <vehicle id="cfm-slow_3" eclass="HBEFA3/PC_G_EU4" CO2="0.00" CO="0.00" HC="0.00" NOx="0.00" PMx="0.00" fuel="0.00" electricity="0.00" noise="70.78" route="routetop" type="cfm-slow" waiting="0.00" lane="left_0" pos="24.76" speed="25.72" angle="139.95" x="14.79" y="15.52"/>
        <vehicle id="cfm-slow_4" eclass="HBEFA3/PC_G_EU4" CO2="0.00" CO="0.00" HC="0.00" NOx="0.00" PMx="0.00" fuel="0.00" electricity="0.00" noise="71.04" route="routetop" type="cfm-slow" waiting="0.00" lane="left_0" pos="45.38" speed="24.93" angle="102.91" x="53.66" y="-4.21"/>
        <vehicle id="cfm-slow_5" eclass="HBEFA3/PC_G_EU4" CO2="7347.87" CO="80.59" HC="0.55" NOx="2.81" PMx="0.15" fuel="3.16" electricity="0.00" noise="72.16" route="routebottom" type="cfm-slow" waiting="0.00" lane="bottom_0" pos="15.24" speed="24.78" angle="67.00" x="95.31" y="2.79"/>
    </timestep>
    <timestep time="9.79">
        <vehicle id="cfm-fast_0" eclass="HBEFA3/PC_G_EU4" CO2="10867.19" CO="154.85" HC="0.98" NOx="4.46" PMx="0.24" fuel="4.67" electricity="0.00" noise="73.64" route="routebottom" type="cfm-fast" waiting="0.00" lane="bottom_0" pos="35.27" speed="25.34" angle="31.07" x="125.03" y="33.01"/>
        <vehicle id="cfm-fast_1" eclass="HBEFA3/PC_G_EU4" CO2="152397.08" CO="6079.23" HC="31.77" NOx="70.10" PMx="5.21" fuel="65.51" electricity="0.00" noise="118.05" route="routetop" type="cfm-fast" waiting="0.00" lane="left_1" pos="42.42" speed="106.14" angle="108.17" x="48.24" y="0.20"/>
        <vehicle id="cfm-fast_2" eclass="HBEFA3/PC_G_EU4" CO2="12268.41" CO="187.70" HC="1.16" NOx="5.10" PMx="0.28" fuel="5.27" electricity="0.00" noise="74.49" route="routebottom" type="cfm-fast" waiting="0.00" lane="right_0" pos="1.67" speed="26.36" angle="1.48" x="132.17" y="67.35"/>
        <vehicle id="cfm-fast_3" eclass="HBEFA3/PC_G_EU4" CO2="10813.90" CO="163.10" HC="1.01" NOx="4.38" PMx="0.25" fuel="4.65" electricity="0.00" noise="74.27" route="routebottom" type="cfm-fast" waiting="0.00" lane="right_0" pos="19.13" speed="27.47" angle="329.97" x="120.23" y="102.47"/>
        <vehicle id="cfm-fast_4" eclass="HBEFA3/PC_G_EU4" CO2="91464.91" CO="4994.55" HC="25.33" NOx="41.34" PMx="3.69" fuel="39.32" electricity="0.00" noise="108.94" route="routebottom" type="cfm-fast" waiting="0.00" lane="right_1" pos="40.16" speed="108.50" angle="292.27" x="83.54" y="125.87"/>
        <vehicle id="cfm-fast_5" eclass="HBEFA3/PC_G_EU4" CO2="6836.56" CO="85.58" HC="0.56" NOx="2.49" PMx="0.15" fuel="2.94" electricity="0.00" noise="73.40" route="routebottom" type="cfm-fast" waiting="0.00" lane="right_0" pos="37.71" speed="28.25" angle="296.63" x="89.54" y="127.19"/>
        <vehicle id="cfm-slow_0" eclass="HBEFA3/PC_G_EU4" CO2="0.00" CO="0.00" HC="0.00" NOx="0.00" PMx="0.00" fuel="0.00" electricity="0.00" noise="72.50" route="routetop" type="cfm-slow" waiting="0.00" lane="top_0" pos="7.03" speed="28.40" angle="261.75" x="48.56" y="130.58"/>
        <vehicle id="cfm-slow_1" eclass="HBEFA3/PC_G_EU4" CO2="0.00" CO="0.00" HC="0.00" NOx="0.00" PMx="0.00" fuel="0.00" electricity="0.00" noise="71.76" route="routetop" type="cfm-slow" waiting="0.00" lane="top_0" pos="30.45" speed="27.87" angle="219.68" x="7.61" y="103.21"/>
        <vehicle id="cfm-slow_2" eclass="HBEFA3/PC_G_EU4" CO2="0.00" CO="0.00" HC="0.00" NOx="0.00" PMx="0.00" fuel="0.00" electricity="0.00" noise="71.15" route="routetop" type="cfm-slow" waiting="0.00" lane="left_0" pos="3.27" speed="26.84" angle="178.63" x="-4.57" y="56.55"/>
        <vehicle id="cfm-slow_3" eclass="HBEFA3/PC_G_EU4" CO2="0.00" CO="0.00" HC="0.00" NOx="0.00" PMx="0.00" fuel="0.00" electricity="0.00" noise="70.78" route="routetop" type="cfm-slow" waiting="0.00" lane="left_0" pos="25.02" speed="25.72" angle="139.48" x="15.18" y="15.13"/>
        <vehicle id="cfm-slow_4" eclass="HBEFA3/PC_G_EU4" CO2="0.00" CO="0.00" HC="0.00" NOx="0.00" PMx="0.00" fuel="0.00" electricity="0.00" noise="71.05" route="routetop" type="cfm-slow" waiting="0.00" lane="left_0" pos="45.63" speed="24.93" angle="102.44" x="54.19" y="-4.28"/>
        <vehicle id="cfm-slow_5" eclass="HBEFA3/PC_G_EU4" CO2="7382.58" CO="81.32" HC="0.55" NOx="2.83" PMx="0.15" fuel="3.17" electricity="0.00" noise="72.17" route="routebottom" type="cfm-slow" waiting="0.00" lane="bottom_0" pos="15.49" speed="24.79" angle="66.61" x="95.78" y="3.03"/>
    </timestep>
    <timestep time="9.80">
        <vehicle id="cfm-fast_0" eclass="HBEFA3/PC_G_EU4" CO2="10882.13" CO="155.19" HC="0.98" NOx="4.46" PMx="0.24" fuel="4.68" electricity="0.00" noise="73.64" route="routebottom" type="cfm-fast" waiting="0.00" lane="bottom_0" pos="35.53" speed="25.35" angle="30.61" x="125.28" y="33.50"/>
        <vehicle id="cfm-fast_1" eclass="HBEFA3/PC_G_EU4" CO2="151778.29" CO="6068.40" HC="31.70" NOx="69.81" PMx="5.20" fuel="65.24" electricity="0.00" noise="117.96" route="routetop" type="cfm-fast" waiting="0.00" lane="left_1" pos="43.48" speed="106.17" angle="106.27" x="50.36" y="-0.28"/>
        <vehicle id="cfm-fast_2" eclass="HBEFA3/PC_G_EU4" CO2="12256.66" CO="187.51" HC="1.16" NOx="5.09" PMx="0.28" fuel="5.27" electricity="0.00" noise="74.48" route="routebottom" type="cfm-fast" waiting="0.00" lane="right_0" pos="1.93" speed="26.37" angle="1.00" x="132.13" y="67.92"/>
        <vehicle id="cfm-fast_3" eclass="HBEFA3/PC_G_EU4" CO2="10776.94" CO="162.39" HC="1.01" NOx="4.37" PMx="0.25" fuel="4.63" electricity="0.00" noise="74.26" route="routebottom" type="cfm-fast" waiting="0.00" lane="right_0" pos="19.40" speed="27.48" angle="329.51" x="119.89" y="102.96"/>
        <vehicle id="cfm-fast_4" eclass="HBEFA3/PC_G_EU4" CO2="91371.60" CO="4992.90" HC="25.32" NOx="41.29" PMx="3.69" fuel="39.28" electricity="0.00" noise="108.93" route="routebottom" type="cfm-fast" waiting="0.00" lane="right_1" pos="41.25" speed="108.50" angle="290.29" x="81.41" y="126.51"/>
        <vehicle id="cfm-fast_5" eclass="HBEFA3/PC_G_EU4" CO2="6787.27" CO="84.57" HC="0.56" NOx="2.47" PMx="0.15" fuel="2.92" electricity="0.00" noise="73.39" route="routebottom" type="cfm-fast" waiting="0.00" lane="right_0" pos="37.99" speed="28.25" angle="296.12" x="88.98" y="127.42"/>
        <vehicle id="cfm-slow_0" eclass="HBEFA3/PC_G_EU4" CO2="0.00" CO="0.00" HC="0.00" NOx="0.00" PMx="0.00" fuel="0.00" electricity="0.00" noise="72.49" route="routetop" type="cfm-slow" waiting="0.00" lane="top_0" pos="7.32" speed="28.40" angle="261.22" x="47.97" y="130.44"/>
        <vehicle id="cfm-slow_1" eclass="HBEFA3/PC_G_EU4" CO2="0.00" CO="0.00" HC="0.00" NOx="0.00" PMx="0.00" fuel="0.00" electricity="0.00" noise="71.76" route="routetop" type="cfm-slow" waiting="0.00" lane="top_0" pos="30.73" speed="27.86" angle="219.20" x="7.26" y="102.73"/>
        <vehicle id="cfm-slow_2" eclass="HBEFA3/PC_G_EU4" CO2="0.00" CO="0.00" HC="0.00" NOx="0.00" PMx="0.00" fuel="0.00" electricity="0.00" noise="71.14" route="routetop" type="cfm-slow" waiting="0.00" lane="left_0" pos="3.54" speed="26.83" angle="178.15" x="-4.51" y="55.97"/>
        <vehicle id="cfm-slow_3" eclass="HBEFA3/PC_G_EU4" CO2="0.00" CO="0.00" HC="0.00" NOx="0.00" PMx="0.00" fuel="0.00" electricity="0.00" noise="70.78" route="routetop" type="cfm-slow" waiting="0.00" lane="left_0" pos="25.27" speed="25.71" angle="139.01" x="15.57" y="14.74"/>
        <vehicle id="cfm-slow_4" eclass="HBEFA3/PC_G_EU4" CO2="0.00" CO="0.00" HC="0.00" NOx="0.00" PMx="0.00" fuel="0.00" electricity="0.00" noise="71.05" route="routetop" type="cfm-slow" waiting="0.00" lane="left_0" pos="45.88" speed="24.93" angle="101.98" x="54.73" y="-4.36"/>
        <vehicle id="cfm-slow_5" eclass="HBEFA3/PC_G_EU4" CO2="7417.12" CO="82.04" HC="0.56" NOx="2.84" PMx="0.15" fuel="3.19" electricity="0.00" noise="72.18" route="routebottom" type="cfm-slow" waiting="0.00" lane="bottom_0" pos="15.74" speed="24.79" angle="66.15" x="96.25" y="3.29"/>
    </timestep>
    <timestep time="9.81">
        <vehicle id="cfm-fast_0" eclass="HBEFA3/PC_G_EU4" CO2="10896.82" CO="155.53" HC="0.98" NOx="4.47" PMx="0.24" fuel="4.68" electricity="0.00" noise="73.65" route="routebottom" type="cfm-fast" waiting="0.00" lane="bottom_0" pos="35.78" speed="25.36" angle="30.15" x="125.53" y="33.98"/>
        <vehicle id="cfm-fast_1" eclass="HBEFA3/PC_G_EU4" CO2="151164.24" CO="6057.65" HC="31.64" NOx="69.52" PMx="5.18" fuel="64.98" electricity="0.00" noise="117.86" route="routetop" type="cfm-fast" waiting="0.00" lane="left_1" pos="44.54" speed="106.19" angle="104.34" x="52.50" y="-0.68"/>
        <vehicle id="cfm-fast_2" eclass="HBEFA3/PC_G_EU4" CO2="12244.67" CO="187.31" HC="1.16" NOx="5.08" PMx="0.28" fuel="5.26" electricity="0.00" noise="74.48" route="routebottom" type="cfm-fast" waiting="0.00" lane="right_0" pos="2.20" speed="26.38" angle="0.53" x="132.10" y="68.48"/>
        <vehicle id="cfm-fast_3" eclass="HBEFA3/PC_G_EU4" CO2="10739.83" CO="161.67" HC="1.01" NOx="4.35" PMx="0.25" fuel="4.62" electricity="0.00" noise="74.25" route="routebottom" type="cfm-fast" waiting="0.00" lane="right_0" pos="19.68" speed="27.48" angle="329.01" x="119.55" y="103.44"/>
        <vehicle id="cfm-fast_4" eclass="HBEFA3/PC_G_EU4" CO2="91279.70" CO="4991.27" HC="25.31" NOx="41.25" PMx="3.69" fuel="39.24" electricity="0.00" noise="108.92" route="routebottom" type="cfm-fast" waiting="0.00" lane="right_1" pos="42.33" speed="108.50" angle="288.32" x="79.26" y="127.08"/>
        <vehicle id="cfm-fast_5" eclass="HBEFA3/PC_G_EU4" CO2="6738.05" CO="83.57" HC="0.55" NOx="2.44" PMx="0.14" fuel="2.90" electricity="0.00" noise="73.38" route="routebottom" type="cfm-fast" waiting="0.00" lane="right_0" pos="38.28" speed="28.25" angle="295.61" x="88.41" y="127.64"/>
        <vehicle id="cfm-slow_0" eclass="HBEFA3/PC_G_EU4" CO2="0.00" CO="0.00" HC="0.00" NOx="0.00" PMx="0.00" fuel="0.00" electricity="0.00" noise="72.48" route="routetop" type="cfm-slow" waiting="0.00" lane="top_0" pos="7.60" speed="28.39" angle="260.72" x="47.37" y="130.31"/>
        <vehicle id="cfm-slow_1" eclass="HBEFA3/PC_G_EU4" CO2="0.00" CO="0.00" HC="0.00" NOx="0.00" PMx="0.00" fuel="0.00" electricity="0.00" noise="71.75" route="routetop" type="cfm-slow" waiting="0.00" lane="top_0" pos="31.01" speed="27.85" angle="218.72" x="6.93" y="102.23"/>
        <vehicle id="cfm-slow_2" eclass="HBEFA3/PC_G_EU4" CO2="0.00" CO="0.00" HC="0.00" NOx="0.00" PMx="0.00" fuel="0.00" electricity="0.00" noise="71.14" route="routetop" type="cfm-slow" waiting="0.00" lane="left_0" pos="3.81" speed="26.82" angle="177.69" x="-4.45" y="55.40"/>
        <vehicle id="cfm-slow_3" eclass="HBEFA3/PC_G_EU4" CO2="0.00" CO="0.00" HC="0.00" NOx="0.00" PMx="0.00" fuel="0.00" electricity="0.00" noise="70.78" route="routetop" type="cfm-slow" waiting="0.00" lane="left_0" pos="25.53" speed="25.70" angle="138.55" x="15.96" y="14.35"/>
        <vehicle id="cfm-slow_4" eclass="HBEFA3/PC_G_EU4" CO2="0.00" CO="0.00" HC="0.00" NOx="0.00" PMx="0.00" fuel="0.00" electricity="0.00" noise="71.06" route="routetop" type="cfm-slow" waiting="0.00" lane="left_0" pos="46.13" speed="24.93" angle="101.55" x="55.26" y="-4.43"/>
        <vehicle id="cfm-slow_5" eclass="HBEFA3/PC_G_EU4" CO2="7451.46" CO="82.76" HC="0.56" NOx="2.86" PMx="0.15" fuel="3.20" electricity="0.00" noise="72.20" route="routebottom" type="cfm-slow" waiting="0.00" lane="bottom_0" pos="15.99" speed="24.80" angle="65.69" x="96.72" y="3.55"/>
    </timestep>
    <timestep time="9.82">
        <vehicle id="cfm-fast_0" eclass="HBEFA3/PC_G_EU4" CO2="10911.26" CO="155.86" HC="0.98" NOx="4.48" PMx="0.24" fuel="4.69" electricity="0.00" noise="73.66" route="routebottom" type="cfm-fast" waiting="0.00" lane="bottom_0" pos="36.03" speed="25.37" angle="29.73" x="125.76" y="34.48"/>
        <vehicle id="cfm-fast_1" eclass="HBEFA3/PC_G_EU4" CO2="150554.92" CO="6046.98" HC="31.57" NOx="69.23" PMx="5.17" fuel="64.72" electricity="0.00" noise="117.77" route="routetop" type="cfm-fast" waiting="0.00" lane="left_1" pos="45.61" speed="106.22" angle="102.45" x="54.65" y="-1.02"/>
        <vehicle id="cfm-fast_2" eclass="HBEFA3/PC_G_EU4" CO2="12232.43" CO="187.10" HC="1.16" NOx="5.08" PMx="0.28" fuel="5.26" electricity="0.00" noise="74.48" route="routebottom" type="cfm-fast" waiting="0.00" lane="right_0" pos="2.46" speed="26.39" angle="0.06" x="132.07" y="69.05"/>
        <vehicle id="cfm-fast_3" eclass="HBEFA3/PC_G_EU4" CO2="10702.60" CO="160.94" HC="1.00" NOx="4.33" PMx="0.25" fuel="4.60" electricity="0.00" noise="74.24" route="routebottom" type="cfm-fast" waiting="0.00" lane="right_0" pos="19.95" speed="27.49" angle="328.51" x="119.20" y="103.92"/>
        <vehicle id="cfm-fast_4" eclass="HBEFA3/PC_G_EU4" CO2="91189.18" CO="4989.67" HC="25.30" NOx="41.21" PMx="3.69" fuel="39.20" electricity="0.00" noise="108.90" route="routebottom" type="cfm-fast" waiting="0.00" lane="right_1" pos="43.42" speed="108.51" angle="286.41" x="77.09" y="127.57"/>
        <vehicle id="cfm-fast_5" eclass="HBEFA3/PC_G_EU4" CO2="6688.89" CO="82.57" HC="0.55" NOx="2.42" PMx="0.14" fuel="2.88" electricity="0.00" noise="73.37" route="routebottom" type="cfm-fast" waiting="0.00" lane="right_0" pos="38.56" speed="28.25" angle="295.15" x="87.84" y="127.86"/>
        <vehicle id="cfm-slow_0" eclass="HBEFA3/PC_G_EU4" CO2="0.00" CO="0.00" HC="0.00" NOx="0.00" PMx="0.00" fuel="0.00" electricity="0.00" noise="72.47" route="routetop" type="cfm-slow" waiting="0.00" lane="top_0" pos="7.89" speed="28.39" angle="260.23" x="46.78" y="130.16"/>
        <vehicle id="cfm-slow_1" eclass="HBEFA3/PC_G_EU4" CO2="0.00" CO="0.00" HC="0.00" NOx="0.00" PMx="0.00" fuel="0.00" electricity="0.00" noise="71.75" route="routetop" type="cfm-slow" waiting="0.00" lane="top_0" pos="31.29" speed="27.84" angle="218.22" x="6.59" y="101.73"/>
        <vehicle id="cfm-slow_2" eclass="HBEFA3/PC_G_EU4" CO2="0.00" CO="0.00" HC="0.00" NOx="0.00" PMx="0.00" fuel="0.00" electricity="0.00" noise="71.13" route="routetop" type="cfm-slow" waiting="0.00" lane="left_0" pos="4.07" speed="26.81" angle="177.21" x="-4.37" y="54.83"/>
        <vehicle id="cfm-slow_3" eclass="HBEFA3/PC_G_EU4" CO2="0.00" CO="0.00" HC="0.00" NOx="0.00" PMx="0.00" fuel="0.00" electricity="0.00" noise="70.78" route="routetop" type="cfm-slow" waiting="0.00" lane="left_0" pos="25.79" speed="25.69" angle="138.12" x="16.36" y="13.97"/>
        <vehicle id="cfm-slow_4" eclass="HBEFA3/PC_G_EU4" CO2="0.00" CO="0.00" HC="0.00" NOx="0.00" PMx="0.00" fuel="0.00" electricity="0.00" noise="71.07" route="routetop" type="cfm-slow" waiting="0.00" lane="left_0" pos="46.38" speed="24.92" angle="101.12" x="55.79" y="-4.49"/>
        <vehicle id="cfm-slow_5" eclass="HBEFA3/PC_G_EU4" CO2="7485.62" CO="83.48" HC="0.57" NOx="2.87" PMx="0.15" fuel="3.22" electricity="0.00" noise="72.21" route="routebottom" type="cfm-slow" waiting="0.00" lane="bottom_0" pos="16.23" speed="24.80" angle="65.23" x="97.18" y="3.81"/>
    </timestep>
    <timestep time="9.83">
        <vehicle id="cfm-fast_0" eclass="HBEFA3/PC_G_EU4" CO2="10925.45" CO="156.18" HC="0.98" NOx="4.48" PMx="0.24" fuel="4.70" electricity="0.00" noise="73.67" route="routebottom" type="cfm-fast" waiting="0.00" lane="bottom_0" pos="36.29" speed="25.38" angle="29.24" x="125.98" y="34.97"/>
        <vehicle id="cfm-fast_1" eclass="HBEFA3/PC_G_EU4" CO2="149950.30" CO="6036.40" HC="31.51" NOx="68.95" PMx="5.15" fuel="64.46" electricity="0.00" noise="117.68" route="routetop" type="cfm-fast" waiting="0.00" lane="left_1" pos="46.67" speed="106.24" angle="100.55" x="56.81" y="-1.28"/>
        <vehicle id="cfm-fast_2" eclass="HBEFA3/PC_G_EU4" CO2="12219.95" CO="186.89" HC="1.16" NOx="5.07" PMx="0.28" fuel="5.25" electricity="0.00" noise="74.48" route="routebottom" type="cfm-fast" waiting="0.00" lane="right_0" pos="2.73" speed="26.40" angle="359.61" x="132.02" y="69.62"/>
        <vehicle id="cfm-fast_3" eclass="HBEFA3/PC_G_EU4" CO2="10665.23" CO="160.21" HC="1.00" NOx="4.31" PMx="0.24" fuel="4.58" electricity="0.00" noise="74.23" route="routebottom" type="cfm-fast" waiting="0.00" lane="right_0" pos="20.23" speed="27.50" angle="328.01" x="118.86" y="104.40"/>
        <vehicle id="cfm-fast_4" eclass="HBEFA3/PC_G_EU4" CO2="91100.00" CO="4988.10" HC="25.29" NOx="41.17" PMx="3.68" fuel="39.16" electricity="0.00" noise="108.89" route="routebottom" type="cfm-fast" waiting="0.00" lane="right_1" pos="44.50" speed="108.51" angle="284.39" x="74.91" y="127.99"/>
        <vehicle id="cfm-fast_5" eclass="HBEFA3/PC_G_EU4" CO2="6639.81" CO="81.57" HC="0.54" NOx="2.40" PMx="0.14" fuel="2.85" electricity="0.00" noise="73.36" route="routebottom" type="cfm-fast" waiting="0.00" lane="right_0" pos="38.84" speed="28.25" angle="294.64" x="87.27" y="128.07"/>
        <vehicle id="cfm-slow_0" eclass="HBEFA3/PC_G_EU4" CO2="0.00" CO="0.00" HC="0.00" NOx="0.00" PMx="0.00" fuel="0.00" electricity="0.00" noise="72.47" route="routetop" type="cfm-slow" waiting="0.00" lane="top_0" pos="8.17" speed="28.38" angle="259.71" x="46.19" y="130.00"/>
        <vehicle id="cfm-slow_1" eclass="HBEFA3/PC_G_EU4" CO2="0.00" CO="0.00" HC="0.00" NOx="0.00" PMx="0.00" fuel="0.00" electricity="0.00" noise="71.74" route="routetop" type="cfm-slow" waiting="0.00" lane="top_0" pos="31.56" speed="27.83" angle="217.72" x="6.26" y="101.23"/>
        <vehicle id="cfm-slow_2" eclass="HBEFA3/PC_G_EU4" CO2="0.00" CO="0.00" HC="0.00" NOx="0.00" PMx="0.00" fuel="0.00" electricity="0.00" noise="71.13" route="routetop" type="cfm-slow" waiting="0.00" lane="left_0" pos="4.34" speed="26.80" angle="176.72" x="-4.29" y="54.26"/>
        <vehicle id="cfm-slow_3" eclass="HBEFA3/PC_G_EU4" CO2="0.00" CO="0.00" HC="0.00" NOx="0.00" PMx="0.00" fuel="0.00" electricity="0.00" noise="70.78" route="routetop" type="cfm-slow" waiting="0.00" lane="left_0" pos="26.04" speed="25.68" angle="137.65" x="16.77" y="13.59"/>
        <vehicle id="cfm-slow_4" eclass="HBEFA3/PC_G_EU4" CO2="0.00" CO="0.00" HC="0.00" NOx="0.00" PMx="0.00" fuel="0.00" electricity="0.00" noise="71.08" route="routetop" type="cfm-slow" waiting="0.00" lane="left_0" pos="46.63" speed="24.92" angle="100.67" x="56.32" y="-4.54"/>
        <vehicle id="cfm-slow_5" eclass="HBEFA3/PC_G_EU4" CO2="7519.60" CO="84.20" HC="0.57" NOx="2.89" PMx="0.15" fuel="3.23" electricity="0.00" noise="72.22" route="routebottom" type="cfm-slow" waiting="0.00" lane="bottom_0" pos="16.48" speed="24.81" angle="64.77" x="97.65" y="4.07"/>
    </timestep>
    <timestep time="9.84">
        <vehicle id="cfm-fast_0" eclass="HBEFA3/PC_G_EU4" CO2="10939.40" CO="156.51" HC="0.99" NOx="4.49" PMx="0.24" fuel="4.70" electricity="0.00" noise="73.68" route="routebottom" type="cfm-fast" waiting="0.00" lane="bottom_0" pos="36.54" speed="25.39" angle="28.75" x="126.21" y="35.47"/>
        <vehicle id="cfm-fast_1" eclass="HBEFA3/PC_G_EU4" CO2="149350.35" CO="6025.89" HC="31.45" NOx="68.66" PMx="5.14" fuel="64.20" electricity="0.00" noise="117.59" route="routetop" type="cfm-fast" waiting="0.00" lane="left_1" pos="47.73" speed="106.27" angle="98.64" x="58.98" y="-1.47"/>
        <vehicle id="cfm-fast_2" eclass="HBEFA3/PC_G_EU4" CO2="12207.23" CO="186.68" HC="1.15" NOx="5.07" PMx="0.28" fuel="5.25" electricity="0.00" noise="74.48" route="routebottom" type="cfm-fast" waiting="0.00" lane="right_0" pos="2.99" speed="26.41" angle="359.13" x="131.96" y="70.18"/>
        <vehicle id="cfm-fast_3" eclass="HBEFA3/PC_G_EU4" CO2="10627.73" CO="159.48" HC="0.99" NOx="4.30" PMx="0.24" fuel="4.57" electricity="0.00" noise="74.22" route="routebottom" type="cfm-fast" waiting="0.00" lane="right_0" pos="20.50" speed="27.51" angle="327.58" x="118.51" y="104.88"/>
        <vehicle id="cfm-fast_4" eclass="HBEFA3/PC_G_EU4" CO2="91012.16" CO="4986.55" HC="25.28" NOx="41.12" PMx="3.68" fuel="39.12" electricity="0.00" noise="108.88" route="routebottom" type="cfm-fast" waiting="0.00" lane="right_1" pos="45.59" speed="108.52" angle="282.44" x="72.71" y="128.33"/>
        <vehicle id="cfm-fast_5" eclass="HBEFA3/PC_G_EU4" CO2="6590.80" CO="80.58" HC="0.53" NOx="2.37" PMx="0.14" fuel="2.83" electricity="0.00" noise="73.35" route="routebottom" type="cfm-fast" waiting="0.00" lane="right_0" pos="39.12" speed="28.26" angle="294.13" x="86.70" y="128.28"/>
        <vehicle id="cfm-slow_0" eclass="HBEFA3/PC_G_EU4" CO2="0.00" CO="0.00" HC="0.00" NOx="0.00" PMx="0.00" fuel="0.00" electricity="0.00" noise="72.46" route="routetop" type="cfm-slow" waiting="0.00" lane="top_0" pos="8.45" speed="28.38" angle="259.19" x="45.60" y="129.84"/>
        <vehicle id="cfm-slow_1" eclass="HBEFA3/PC_G_EU4" CO2="0.00" CO="0.00" HC="0.00" NOx="0.00" PMx="0.00" fuel="0.00" electricity="0.00" noise="71.73" route="routetop" type="cfm-slow" waiting="0.00" lane="top_0" pos="31.84" speed="27.82" angle="217.22" x="5.93" y="100.73"/>
        <vehicle id="cfm-slow_2" eclass="HBEFA3/PC_G_EU4" CO2="0.00" CO="0.00" HC="0.00" NOx="0.00" PMx="0.00" fuel="0.00" electricity="0.00" noise="71.13" route="routetop" type="cfm-slow" waiting="0.00" lane="left_0" pos="4.61" speed="26.79" angle="176.23" x="-4.21" y="53.69"/>
        <vehicle id="cfm-slow_3" eclass="HBEFA3/PC_G_EU4" CO2="0.00" CO="0.00" HC="0.00" NOx="0.00" PMx="0.00" fuel="0.00" electricity="0.00" noise="70.79" route="routetop" type="cfm-slow" waiting="0.00" lane="left_0" pos="26.30" speed="25.68" angle="137.17" x="17.17" y="13.22"/>
        <vehicle id="cfm-slow_4" eclass="HBEFA3/PC_G_EU4" CO2="0.00" CO="0.00" HC="0.00" NOx="0.00" PMx="0.00" fuel="0.00" electricity="0.00" noise="71.09" route="routetop" type="cfm-slow" waiting="0.00" lane="left_0" pos="46.87" speed="24.92" angle="100.21" x="56.86" y="-4.60"/>
        <vehicle id="cfm-slow_5" eclass="HBEFA3/PC_G_EU4" CO2="7553.39" CO="84.91" HC="0.57" NOx="2.91" PMx="0.16" fuel="3.25" electricity="0.00" noise="72.24" route="routebottom" type="cfm-slow" waiting="0.00" lane="bottom_0" pos="16.73" speed="24.81" angle="64.37" x="98.11" y="4.33"/>
    </timestep>
    <timestep time="9.85">
        <vehicle id="cfm-fast_0" eclass="HBEFA3/PC_G_EU4" CO2="10953.10" CO="156.82" HC="0.99" NOx="4.50" PMx="0.25" fuel="4.71" electricity="0.00" noise="73.69" route="routebottom" type="cfm-fast" waiting="0.00" lane="bottom_0" pos="36.79" speed="25.40" angle="28.25" x="126.43" y="35.97"/>
        <vehicle id="cfm-fast_1" eclass="HBEFA3/PC_G_EU4" CO2="148755.06" CO="6015.46" HC="31.39" NOx="68.38" PMx="5.12" fuel="63.94" electricity="0.00" noise="117.50" route="routetop" type="cfm-fast" waiting="0.00" lane="left_1" pos="48.79" speed="106.30" angle="96.73" x="61.16" y="-1.60"/>
        <vehicle id="cfm-fast_2" eclass="HBEFA3/PC_G_EU4" CO2="12194.27" CO="186.46" HC="1.15" NOx="5.06" PMx="0.28" fuel="5.24" electricity="0.00" noise="74.47" route="routebottom" type="cfm-fast" waiting="0.00" lane="right_0" pos="3.25" speed="26.42" angle="358.66" x="131.90" y="70.75"/>
        <vehicle id="cfm-fast_3" eclass="HBEFA3/PC_G_EU4" CO2="10590.10" CO="158.75" HC="0.99" NOx="4.28" PMx="0.24" fuel="4.55" electricity="0.00" noise="74.21" route="routebottom" type="cfm-fast" waiting="0.00" lane="right_0" pos="20.78" speed="27.52" angle="327.08" x="118.15" y="105.34"/>
        <vehicle id="cfm-fast_4" eclass="HBEFA3/PC_G_EU4" CO2="90925.61" CO="4985.02" HC="25.27" NOx="41.08" PMx="3.68" fuel="39.09" electricity="0.00" noise="108.87" route="routebottom" type="cfm-fast" waiting="0.00" lane="right_1" pos="46.67" speed="108.52" angle="280.54" x="70.50" y="128.61"/>
        <vehicle id="cfm-fast_5" eclass="HBEFA3/PC_G_EU4" CO2="6541.87" CO="79.58" HC="0.53" NOx="2.35" PMx="0.14" fuel="2.81" electricity="0.00" noise="73.34" route="routebottom" type="cfm-fast" waiting="0.00" lane="right_0" pos="39.41" speed="28.26" angle="293.62" x="86.13" y="128.48"/>
        <vehicle id="cfm-slow_0" eclass="HBEFA3/PC_G_EU4" CO2="0.00" CO="0.00" HC="0.00" NOx="0.00" PMx="0.00" fuel="0.00" electricity="0.00" noise="72.45" route="routetop" type="cfm-slow" waiting="0.00" lane="top_0" pos="8.74" speed="28.37" angle="258.67" x="45.01" y="129.69"/>
        <vehicle id="cfm-slow_1" eclass="HBEFA3/PC_G_EU4" CO2="0.00" CO="0.00" HC="0.00" NOx="0.00" PMx="0.00" fuel="0.00" electricity="0.00" noise="71.73" route="routetop" type="cfm-slow" waiting="0.00" lane="top_0" pos="32.12" speed="27.81" angle="216.77" x="5.61" y="100.23"/>
        <vehicle id="cfm-slow_2" eclass="HBEFA3/PC_G_EU4" CO2="0.00" CO="0.00" HC="0.00" NOx="0.00" PMx="0.00" fuel="0.00" electricity="0.00" noise="71.12" route="routetop" type="cfm-slow" waiting="0.00" lane="left_0" pos="4.88" speed="26.77" angle="175.75" x="-4.13" y="53.12"/>
        <vehicle id="cfm-slow_3" eclass="HBEFA3/PC_G_EU4" CO2="0.00" CO="0.00" HC="0.00" NOx="0.00" PMx="0.00" fuel="0.00" electricity="0.00" noise="70.79" route="routetop" type="cfm-slow" waiting="0.00" lane="left_0" pos="26.56" speed="25.67" angle="136.69" x="17.58" y="12.84"/>
        <vehicle id="cfm-slow_4" eclass="HBEFA3/PC_G_EU4" CO2="0.00" CO="0.00" HC="0.00" NOx="0.00" PMx="0.00" fuel="0.00" electricity="0.00" noise="71.10" route="routetop" type="cfm-slow" waiting="0.00" lane="left_0" pos="47.12" speed="24.92" angle="99.75" x="57.39" y="-4.65"/>
        <vehicle id="cfm-slow_5" eclass="HBEFA3/PC_G_EU4" CO2="7586.99" CO="85.62" HC="0.58" NOx="2.92" PMx="0.16" fuel="3.26" electricity="0.00" noise="72.25" route="routebottom" type="cfm-slow" waiting="0.00" lane="bottom_0" pos="16.98" speed="24.82" angle="63.91" x="98.57" y="4.61"/>
    </timestep>
    <timestep time="9.86">
        <vehicle id="cfm-fast_0" eclass="HBEFA3/PC_G_EU4" CO2="10966.56" CO="157.14" HC="0.99" NOx="4.50" PMx="0.25" fuel="4.71" electricity="0.00" noise="73.70" route="routebottom" type="cfm-fast" waiting="0.00" lane="bottom_0" pos="37.05" speed="25.40" angle="27.76" x="126.65" y="36.47"/>
        <vehicle id="cfm-fast_1" eclass="HBEFA3/PC_G_EU4" CO2="148164.39" CO="6005.11" HC="31.32" NOx="68.10" PMx="5.11" fuel="63.69" electricity="0.00" noise="117.41" route="routetop" type="cfm-fast" waiting="0.00" lane="left_1" pos="49.86" speed="106.32" angle="94.73" x="63.34" y="-1.64"/>
        <vehicle id="cfm-fast_2" eclass="HBEFA3/PC_G_EU4" CO2="12181.06" CO="186.24" HC="1.15" NOx="5.05" PMx="0.28" fuel="5.24" electricity="0.00" noise="74.47" route="routebottom" type="cfm-fast" waiting="0.00" lane="right_0" pos="3.52" speed="26.43" angle="358.18" x="131.84" y="71.31"/>
        <vehicle id="cfm-fast_3" eclass="HBEFA3/PC_G_EU4" CO2="10552.34" CO="158.01" HC="0.98" NOx="4.26" PMx="0.24" fuel="4.54" electricity="0.00" noise="74.20" route="routebottom" type="cfm-fast" waiting="0.00" lane="right_0" pos="21.06" speed="27.52" angle="326.58" x="117.78" y="105.81"/>
        <vehicle id="cfm-fast_4" eclass="HBEFA3/PC_G_EU4" CO2="90840.33" CO="4983.52" HC="25.26" NOx="41.04" PMx="3.68" fuel="39.05" electricity="0.00" noise="108.85" route="routebottom" type="cfm-fast" waiting="0.00" lane="right_1" pos="47.76" speed="108.52" angle="278.61" x="68.29" y="128.81"/>
        <vehicle id="cfm-fast_5" eclass="HBEFA3/PC_G_EU4" CO2="6493.01" CO="78.58" HC="0.52" NOx="2.33" PMx="0.14" fuel="2.79" electricity="0.00" noise="73.33" route="routebottom" type="cfm-fast" waiting="0.00" lane="right_0" pos="39.69" speed="28.26" angle="293.14" x="85.56" y="128.69"/>
        <vehicle id="cfm-slow_0" eclass="HBEFA3/PC_G_EU4" CO2="0.00" CO="0.00" HC="0.00" NOx="0.00" PMx="0.00" fuel="0.00" electricity="0.00" noise="72.44" route="routetop" type="cfm-slow" waiting="0.00" lane="top_0" pos="9.02" speed="28.37" angle="258.22" x="44.42" y="129.52"/>
        <vehicle id="cfm-slow_1" eclass="HBEFA3/PC_G_EU4" CO2="0.00" CO="0.00" HC="0.00" NOx="0.00" PMx="0.00" fuel="0.00" electricity="0.00" noise="71.72" route="routetop" type="cfm-slow" waiting="0.00" lane="top_0" pos="32.40" speed="27.80" angle="216.24" x="5.30" y="99.72"/>
        <vehicle id="cfm-slow_2" eclass="HBEFA3/PC_G_EU4" CO2="0.00" CO="0.00" HC="0.00" NOx="0.00" PMx="0.00" fuel="0.00" electricity="0.00" noise="71.12" route="routetop" type="cfm-slow" waiting="0.00" lane="left_0" pos="5.15" speed="26.76" angle="175.23" x="-4.05" y="52.55"/>
        <vehicle id="cfm-slow_3" eclass="HBEFA3/PC_G_EU4" CO2="0.00" CO="0.00" HC="0.00" NOx="0.00" PMx="0.00" fuel="0.00" electricity="0.00" noise="70.79" route="routetop" type="cfm-slow" waiting="0.00" lane="left_0" pos="26.81" speed="25.66" angle="136.23" x="17.99" y="12.47"/>
        <vehicle id="cfm-slow_4" eclass="HBEFA3/PC_G_EU4" CO2="0.00" CO="0.00" HC="0.00" NOx="0.00" PMx="0.00" fuel="0.00" electricity="0.00" noise="71.11" route="routetop" type="cfm-slow" waiting="0.00" lane="left_0" pos="47.37" speed="24.92" angle="99.31" x="57.92" y="-4.71"/>
        <vehicle id="cfm-slow_5" eclass="HBEFA3/PC_G_EU4" CO2="7620.41" CO="86.32" HC="0.58" NOx="2.94" PMx="0.16" fuel="3.28" electricity="0.00" noise="72.26" route="routebottom" type="cfm-slow" waiting="0.00" lane="bottom_0" pos="17.23" speed="24.82" angle="63.46" x="99.03" y="4.88"/>
    </timestep>
    <timestep time="9.87">
        <vehicle id="cfm-fast_0" eclass="HBEFA3/PC_G_EU4" CO2="10979.77" CO="157.44" HC="0.99" NOx="4.51" PMx="0.25" fuel="4.72" electricity="0.00" noise="73.70" route="routebottom" type="cfm-fast" waiting="0.00" lane="bottom_0" pos="37.30" speed="25.41" angle="27.36" x="126.87" y="36.97"/>
        <vehicle id="cfm-fast_1" eclass="HBEFA3/PC_G_EU4" CO2="147578.33" CO="5994.84" HC="31.26" NOx="67.83" PMx="5.10" fuel="63.44" electricity="0.00" noise="117.32" route="routebottom" type="cfm-fast" waiting="0.00" lane="bottom_1" pos="0.92" speed="106.35" angle="92.81" x="65.58" y="-1.61"/>
        <vehicle id="cfm-fast_2" eclass="HBEFA3/PC_G_EU4" CO2="12167.62" CO="186.01" HC="1.15" NOx="5.05" PMx="0.28" fuel="5.23" electricity="0.00" noise="74.47" route="routebottom" type="cfm-fast" waiting="0.00" lane="right_0" pos="3.78" speed="26.44" angle="357.72" x="131.79" y="71.88"/>
        <vehicle id="cfm-fast_3" eclass="HBEFA3/PC_G_EU4" CO2="10514.46" CO="157.27" HC="0.98" NOx="4.24" PMx="0.24" fuel="4.52" electricity="0.00" noise="74.19" route="routebottom" type="cfm-fast" waiting="0.00" lane="right_0" pos="21.33" speed="27.53" angle="326.08" x="117.42" y="106.28"/>
        <vehicle id="cfm-fast_4" eclass="HBEFA3/PC_G_EU4" CO2="90756.31" CO="4982.04" HC="25.25" NOx="41.00" PMx="3.68" fuel="39.01" electricity="0.00" noise="108.84" route="routebottom" type="cfm-fast" waiting="0.00" lane="right_1" pos="48.84" speed="108.53" angle="276.60" x="66.06" y="128.92"/>
        <vehicle id="cfm-fast_5" eclass="HBEFA3/PC_G_EU4" CO2="6444.24" CO="77.59" HC="0.52" NOx="2.30" PMx="0.14" fuel="2.77" electricity="0.00" noise="73.32" route="routebottom" type="cfm-fast" waiting="0.00" lane="right_0" pos="39.97" speed="28.26" angle="292.64" x="84.98" y="128.88"/>
        <vehicle id="cfm-slow_0" eclass="HBEFA3/PC_G_EU4" CO2="0.00" CO="0.00" HC="0.00" NOx="0.00" PMx="0.00" fuel="0.00" electricity="0.00" noise="72.43" route="routetop" type="cfm-slow" waiting="0.00" lane="top_0" pos="9.30" speed="28.36" angle="257.70" x="43.84" y="129.34"/>
        <vehicle id="cfm-slow_1" eclass="HBEFA3/PC_G_EU4" CO2="0.00" CO="0.00" HC="0.00" NOx="0.00" PMx="0.00" fuel="0.00" electricity="0.00" noise="71.72" route="routetop" type="cfm-slow" waiting="0.00" lane="top_0" pos="32.68" speed="27.79" angle="215.72" x="4.99" y="99.21"/>
        <vehicle id="cfm-slow_2" eclass="HBEFA3/PC_G_EU4" CO2="0.00" CO="0.00" HC="0.00" NOx="0.00" PMx="0.00" fuel="0.00" electricity="0.00" noise="71.11" route="routetop" type="cfm-slow" waiting="0.00" lane="left_0" pos="5.41" speed="26.75" angle="174.74" x="-3.94" y="51.98"/>
        <vehicle id="cfm-slow_3" eclass="HBEFA3/PC_G_EU4" CO2="0.00" CO="0.00" HC="0.00" NOx="0.00" PMx="0.00" fuel="0.00" electricity="0.00" noise="70.79" route="routetop" type="cfm-slow" waiting="0.00" lane="left_0" pos="27.07" speed="25.65" angle="135.80" x="18.40" y="12.11"/>
        <vehicle id="cfm-slow_4" eclass="HBEFA3/PC_G_EU4" CO2="0.00" CO="0.00" HC="0.00" NOx="0.00" PMx="0.00" fuel="0.00" electricity="0.00" noise="71.12" route="routetop" type="cfm-slow" waiting="0.00" lane="left_0" pos="47.62" speed="24.92" angle="98.89" x="58.46" y="-4.75"/>
        <vehicle id="cfm-slow_5" eclass="HBEFA3/PC_G_EU4" CO2="7653.64" CO="87.02" HC="0.59" NOx="2.95" PMx="0.16" fuel="3.29" electricity="0.00" noise="72.28" route="routebottom" type="cfm-slow" waiting="0.00" lane="bottom_0" pos="17.47" speed="24.83" angle="63.00" x="99.49" y="5.16"/>
    </timestep>
    <timestep time="9.88">
        <vehicle id="cfm-fast_0" eclass="HBEFA3/PC_G_EU4" CO2="10992.73" CO="157.75" HC="0.99" NOx="4.51" PMx="0.25" fuel="4.73" electricity="0.00" noise="73.71" route="routebottom" type="cfm-fast" waiting="0.00" lane="bottom_0" pos="37.56" speed="25.42" angle="26.90" x="127.07" y="37.48"/>
        <vehicle id="cfm-fast_1" eclass="HBEFA3/PC_G_EU4" CO2="146996.84" CO="5984.65" HC="31.20" NOx="67.55" PMx="5.08" fuel="63.19" electricity="0.00" noise="117.23" route="routebottom" type="cfm-fast" waiting="0.00" lane="bottom_1" pos="1.99" speed="106.37" angle="90.92" x="67.76" y="-1.51"/>
        <vehicle id="cfm-fast_2" eclass="HBEFA3/PC_G_EU4" CO2="12153.95" CO="185.77" HC="1.15" NOx="5.04" PMx="0.28" fuel="5.22" electricity="0.00" noise="74.47" route="routebottom" type="cfm-fast" waiting="0.00" lane="right_0" pos="4.05" speed="26.45" angle="357.25" x="131.71" y="72.44"/>
        <vehicle id="cfm-fast_3" eclass="HBEFA3/PC_G_EU4" CO2="10476.46" CO="156.53" HC="0.98" NOx="4.22" PMx="0.24" fuel="4.50" electricity="0.00" noise="74.18" route="routebottom" type="cfm-fast" waiting="0.00" lane="right_0" pos="21.61" speed="27.54" angle="325.58" x="117.05" y="106.74"/>
        <vehicle id="cfm-fast_4" eclass="HBEFA3/PC_G_EU4" CO2="90673.51" CO="4980.59" HC="25.24" NOx="40.96" PMx="3.67" fuel="38.98" electricity="0.00" noise="108.83" route="routebottom" type="cfm-fast" waiting="0.00" lane="right_1" pos="49.93" speed="108.53" angle="274.62" x="63.84" y="128.97"/>
        <vehicle id="cfm-fast_5" eclass="HBEFA3/PC_G_EU4" CO2="6395.54" CO="76.60" HC="0.51" NOx="2.28" PMx="0.14" fuel="2.75" electricity="0.00" noise="73.31" route="routebottom" type="cfm-fast" waiting="0.00" lane="right_0" pos="40.25" speed="28.26" angle="292.10" x="84.40" y="129.06"/>
        <vehicle id="cfm-slow_0" eclass="HBEFA3/PC_G_EU4" CO2="0.00" CO="0.00" HC="0.00" NOx="0.00" PMx="0.00" fuel="0.00" electricity="0.00" noise="72.43" route="routetop" type="cfm-slow" waiting="0.00" lane="top_0" pos="9.59" speed="28.36" angle="257.19" x="43.26" y="129.16"/>
        <vehicle id="cfm-slow_1" eclass="HBEFA3/PC_G_EU4" CO2="0.00" CO="0.00" HC="0.00" NOx="0.00" PMx="0.00" fuel="0.00" electricity="0.00" noise="71.71" route="routetop" type="cfm-slow" waiting="0.00" lane="top_0" pos="32.95" speed="27.78" angle="215.19" x="4.68" y="98.69"/>
        <vehicle id="cfm-slow_2" eclass="HBEFA3/PC_G_EU4" CO2="0.00" CO="0.00" HC="0.00" NOx="0.00" PMx="0.00" fuel="0.00" electricity="0.00" noise="71.11" route="routetop" type="cfm-slow" waiting="0.00" lane="left_0" pos="5.68" speed="26.74" angle="174.25" x="-3.84" y="51.41"/>
        <vehicle id="cfm-slow_3" eclass="HBEFA3/PC_G_EU4" CO2="0.00" CO="0.00" HC="0.00" NOx="0.00" PMx="0.00" fuel="0.00" electricity="0.00" noise="70.79" route="routetop" type="cfm-slow" waiting="0.00" lane="left_0" pos="27.33" speed="25.64" angle="135.32" x="18.82" y="11.75"/>
        <vehicle id="cfm-slow_4" eclass="HBEFA3/PC_G_EU4" CO2="0.00" CO="0.00" HC="0.00" NOx="0.00" PMx="0.00" fuel="0.00" electricity="0.00" noise="71.12" route="routetop" type="cfm-slow" waiting="0.00" lane="left_0" pos="47.87" speed="24.92" angle="98.41" x="58.99" y="-4.78"/>
        <vehicle id="cfm-slow_5" eclass="HBEFA3/PC_G_EU4" CO2="7686.68" CO="87.72" HC="0.59" NOx="2.97" PMx="0.16" fuel="3.30" electricity="0.00" noise="72.29" route="routebottom" type="cfm-slow" waiting="0.00" lane="bottom_0" pos="17.72" speed="24.83" angle="62.54" x="99.94" y="5.43"/>
    </timestep>
    <timestep time="9.89">
        <vehicle id="cfm-fast_0" eclass="HBEFA3/PC_G_EU4" CO2="11005.44" CO="158.04" HC="0.99" NOx="4.52" PMx="0.25" fuel="4.73" electricity="0.00" noise="73.72" route="routebottom" type="cfm-fast" waiting="0.00" lane="bottom_0" pos="37.81" speed="25.43" angle="26.44" x="127.27" y="37.99"/>
        <vehicle id="cfm-fast_1" eclass="HBEFA3/PC_G_EU4" CO2="146419.91" CO="5974.54" HC="31.14" NOx="67.28" PMx="5.07" fuel="62.94" electricity="0.00" noise="117.14" route="routebottom" type="cfm-fast" waiting="0.00" lane="bottom_1" pos="3.05" speed="106.40" angle="89.02" x="69.93" y="-1.34"/>
        <vehicle id="cfm-fast_2" eclass="HBEFA3/PC_G_EU4" CO2="12140.03" CO="185.54" HC="1.15" NOx="5.03" PMx="0.28" fuel="5.22" electricity="0.00" noise="74.46" route="routebottom" type="cfm-fast" waiting="0.00" lane="right_0" pos="4.31" speed="26.47" angle="356.77" x="131.63" y="73.01"/>
        <vehicle id="cfm-fast_3" eclass="HBEFA3/PC_G_EU4" CO2="10438.33" CO="155.79" HC="0.97" NOx="4.21" PMx="0.24" fuel="4.49" electricity="0.00" noise="74.17" route="routebottom" type="cfm-fast" waiting="0.00" lane="right_0" pos="21.88" speed="27.55" angle="325.12" x="116.68" y="107.20"/>
        <vehicle id="cfm-fast_4" eclass="HBEFA3/PC_G_EU4" CO2="90591.91" CO="4979.16" HC="25.24" NOx="40.93" PMx="3.67" fuel="38.94" electricity="0.00" noise="108.82" route="routetop" type="cfm-fast" waiting="0.00" lane="top_1" pos="1.01" speed="108.53" angle="272.64" x="61.55" y="128.93"/>
        <vehicle id="cfm-fast_5" eclass="HBEFA3/PC_G_EU4" CO2="6346.93" CO="75.60" HC="0.51" NOx="2.26" PMx="0.13" fuel="2.73" electricity="0.00" noise="73.29" route="routebottom" type="cfm-fast" waiting="0.00" lane="right_0" pos="40.54" speed="28.26" angle="291.57" x="83.82" y="129.24"/>
        <vehicle id="cfm-slow_0" eclass="HBEFA3/PC_G_EU4" CO2="0.00" CO="0.00" HC="0.00" NOx="0.00" PMx="0.00" fuel="0.00" electricity="0.00" noise="72.42" route="routetop" type="cfm-slow" waiting="0.00" lane="top_0" pos="9.87" speed="28.35" angle="256.67" x="42.67" y="128.98"/>
        <vehicle id="cfm-slow_1" eclass="HBEFA3/PC_G_EU4" CO2="0.00" CO="0.00" HC="0.00" NOx="0.00" PMx="0.00" fuel="0.00" electricity="0.00" noise="71.70" route="routetop" type="cfm-slow" waiting="0.00" lane="top_0" pos="33.23" speed="27.77" angle="214.67" x="4.37" y="98.18"/>
        <vehicle id="cfm-slow_2" eclass="HBEFA3/PC_G_EU4" CO2="0.00" CO="0.00" HC="0.00" NOx="0.00" PMx="0.00" fuel="0.00" electricity="0.00" noise="71.11" route="routetop" type="cfm-slow" waiting="0.00" lane="left_0" pos="5.95" speed="26.73" angle="173.77" x="-3.74" y="50.85"/>
        <vehicle id="cfm-slow_3" eclass="HBEFA3/PC_G_EU4" CO2="0.00" CO="0.00" HC="0.00" NOx="0.00" PMx="0.00" fuel="0.00" electricity="0.00" noise="70.79" route="routetop" type="cfm-slow" waiting="0.00" lane="left_0" pos="27.58" speed="25.64" angle="134.85" x="19.24" y="11.39"/>
        <vehicle id="cfm-slow_4" eclass="HBEFA3/PC_G_EU4" CO2="0.00" CO="0.00" HC="0.00" NOx="0.00" PMx="0.00" fuel="0.00" electricity="0.00" noise="71.13" route="routetop" type="cfm-slow" waiting="0.00" lane="left_0" pos="48.12" speed="24.91" angle="97.93" x="59.53" y="-4.81"/>
        <vehicle id="cfm-slow_5" eclass="HBEFA3/PC_G_EU4" CO2="7719.53" CO="88.41" HC="0.59" NOx="2.98" PMx="0.16" fuel="3.32" electricity="0.00" noise="72.30" route="routebottom" type="cfm-slow" waiting="0.00" lane="bottom_0" pos="17.97" speed="24.84" angle="62.16" x="100.40" y="5.71"/>
    </timestep>
    <timestep time="9.90">
        <vehicle id="cfm-fast_0" eclass="HBEFA3/PC_G_EU4" CO2="11017.91" CO="158.34" HC="1.00" NOx="4.53" PMx="0.25" fuel="4.74" electricity="0.00" noise="73.73" route="routebottom" type="cfm-fast" waiting="0.00" lane="bottom_0" pos="38.07" speed="25.44" angle="25.99" x="127.48" y="38.50"/>
        <vehicle id="cfm-fast_1" eclass="HBEFA3/PC_G_EU4" CO2="145847.51" CO="5964.50" HC="31.08" NOx="67.01" PMx="5.05" fuel="62.69" electricity="0.00" noise="117.05" route="routebottom" type="cfm-fast" waiting="0.00" lane="bottom_1" pos="4.11" speed="106.42" angle="87.13" x="72.10" y="-1.10"/>
        <vehicle id="cfm-fast_2" eclass="HBEFA3/PC_G_EU4" CO2="12125.88" CO="185.29" HC="1.15" NOx="5.03" PMx="0.28" fuel="5.21" electricity="0.00" noise="74.46" route="routebottom" type="cfm-fast" waiting="0.00" lane="right_0" pos="4.58" speed="26.48" angle="356.29" x="131.55" y="73.57"/>
        <vehicle id="cfm-fast_3" eclass="HBEFA3/PC_G_EU4" CO2="10400.09" CO="155.04" HC="0.97" NOx="4.19" PMx="0.24" fuel="4.47" electricity="0.00" noise="74.16" route="routebottom" type="cfm-fast" waiting="0.00" lane="right_0" pos="22.16" speed="27.55" angle="324.60" x="116.30" y="107.66"/>
        <vehicle id="cfm-fast_4" eclass="HBEFA3/PC_G_EU4" CO2="90511.50" CO="4977.75" HC="25.23" NOx="40.89" PMx="3.67" fuel="38.91" electricity="0.00" noise="108.81" route="routetop" type="cfm-fast" waiting="0.00" lane="top_1" pos="2.10" speed="108.54" angle="270.71" x="59.33" y="128.82"/>
        <vehicle id="cfm-fast_5" eclass="HBEFA3/PC_G_EU4" CO2="6298.40" CO="74.61" HC="0.50" NOx="2.24" PMx="0.13" fuel="2.71" electricity="0.00" noise="73.28" route="routebottom" type="cfm-fast" waiting="0.00" lane="right_0" pos="40.82" speed="28.27" angle="291.03" x="83.24" y="129.42"/>
        <vehicle id="cfm-slow_0" eclass="HBEFA3/PC_G_EU4" CO2="0.00" CO="0.00" HC="0.00" NOx="0.00" PMx="0.00" fuel="0.00" electricity="0.00" noise="72.41" route="routetop" type="cfm-slow" waiting="0.00" lane="top_0" pos="10.15" speed="28.35" angle="256.19" x="42.09" y="128.80"/>
        <vehicle id="cfm-slow_1" eclass="HBEFA3/PC_G_EU4" CO2="0.00" CO="0.00" HC="0.00" NOx="0.00" PMx="0.00" fuel="0.00" electricity="0.00" noise="71.70" route="routetop" type="cfm-slow" waiting="0.00" lane="top_0" pos="33.51" speed="27.76" angle="214.22" x="4.08" y="97.66"/>
        <vehicle id="cfm-slow_2" eclass="HBEFA3/PC_G_EU4" CO2="0.00" CO="0.00" HC="0.00" NOx="0.00" PMx="0.00" fuel="0.00" electricity="0.00" noise="71.10" route="routetop" type="cfm-slow" waiting="0.00" lane="left_0" pos="6.21" speed="26.72" angle="173.28" x="-3.63" y="50.28"/>
        <vehicle id="cfm-slow_3" eclass="HBEFA3/PC_G_EU4" CO2="0.00" CO="0.00" HC="0.00" NOx="0.00" PMx="0.00" fuel="0.00" electricity="0.00" noise="70.79" route="routetop" type="cfm-slow" waiting="0.00" lane="left_0" pos="27.84" speed="25.63" angle="134.37" x="19.66" y="11.03"/>
        <vehicle id="cfm-slow_4" eclass="HBEFA3/PC_G_EU4" CO2="0.00" CO="0.00" HC="0.00" NOx="0.00" PMx="0.00" fuel="0.00" electricity="0.00" noise="71.14" route="routetop" type="cfm-slow" waiting="0.00" lane="left_0" pos="48.37" speed="24.91" angle="97.45" x="60.06" y="-4.84"/>
        <vehicle id="cfm-slow_5" eclass="HBEFA3/PC_G_EU4" CO2="7752.19" CO="89.10" HC="0.60" NOx="3.00" PMx="0.16" fuel="3.33" electricity="0.00" noise="72.32" route="routebottom" type="cfm-slow" waiting="0.00" lane="bottom_0" pos="18.22" speed="24.84" angle="61.69" x="100.85" y="6.01"/>
    </timestep>
    <timestep time="9.91">
        <vehicle id="cfm-fast_0" eclass="HBEFA3/PC_G_EU4" CO2="11030.13" CO="158.62" HC="1.00" NOx="4.53" PMx="0.25" fuel="4.74" electricity="0.00" noise="73.74" route="routebottom" type="cfm-fast" waiting="0.00" lane="bottom_0" pos="38.32" speed="25.45" angle="25.53" x="127.68" y="39.01"/>
        <vehicle id="cfm-fast_1" eclass="HBEFA3/PC_G_EU4" CO2="145279.62" CO="5954.55" HC="31.02" NOx="66.74" PMx="5.04" fuel="62.45" electricity="0.00" noise="116.97" route="routebottom" type="cfm-fast" waiting="0.00" lane="bottom_1" pos="5.18" speed="106.45" angle="85.21" x="74.26" y="-0.79"/>
        <vehicle id="cfm-fast_2" eclass="HBEFA3/PC_G_EU4" CO2="12111.50" CO="185.04" HC="1.15" NOx="5.02" PMx="0.28" fuel="5.21" electricity="0.00" noise="74.46" route="routebottom" type="cfm-fast" waiting="0.00" lane="right_0" pos="4.84" speed="26.49" angle="355.81" x="131.47" y="74.13"/>
        <vehicle id="cfm-fast_3" eclass="HBEFA3/PC_G_EU4" CO2="10361.73" CO="154.29" HC="0.96" NOx="4.17" PMx="0.24" fuel="4.45" electricity="0.00" noise="74.15" route="routebottom" type="cfm-fast" waiting="0.00" lane="right_0" pos="22.43" speed="27.56" angle="324.07" x="115.91" y="108.11"/>
        <vehicle id="cfm-fast_4" eclass="HBEFA3/PC_G_EU4" CO2="90432.24" CO="4976.36" HC="25.22" NOx="40.85" PMx="3.67" fuel="38.87" electricity="0.00" noise="108.80" route="routetop" type="cfm-fast" waiting="0.00" lane="top_1" pos="3.18" speed="108.54" angle="268.78" x="57.11" y="128.64"/>
        <vehicle id="cfm-fast_5" eclass="HBEFA3/PC_G_EU4" CO2="6249.96" CO="73.62" HC="0.49" NOx="2.21" PMx="0.13" fuel="2.69" electricity="0.00" noise="73.27" route="routebottom" type="cfm-fast" waiting="0.00" lane="right_0" pos="41.10" speed="28.27" angle="290.57" x="82.66" y="129.59"/>
        <vehicle id="cfm-slow_0" eclass="HBEFA3/PC_G_EU4" CO2="0.00" CO="0.00" HC="0.00" NOx="0.00" PMx="0.00" fuel="0.00" electricity="0.00" noise="72.40" route="routetop" type="cfm-slow" waiting="0.00" lane="top_0" pos="10.44" speed="28.34" angle="255.69" x="41.52" y="128.60"/>
        <vehicle id="cfm-slow_1" eclass="HBEFA3/PC_G_EU4" CO2="0.00" CO="0.00" HC="0.00" NOx="0.00" PMx="0.00" fuel="0.00" electricity="0.00" noise="71.69" route="routetop" type="cfm-slow" waiting="0.00" lane="top_0" pos="33.79" speed="27.75" angle="213.71" x="3.79" y="97.14"/>
        <vehicle id="cfm-slow_2" eclass="HBEFA3/PC_G_EU4" CO2="0.00" CO="0.00" HC="0.00" NOx="0.00" PMx="0.00" fuel="0.00" electricity="0.00" noise="71.10" route="routetop" type="cfm-slow" waiting="0.00" lane="left_0" pos="6.48" speed="26.71" angle="172.84" x="-3.52" y="49.72"/>
        <vehicle id="cfm-slow_3" eclass="HBEFA3/PC_G_EU4" CO2="0.00" CO="0.00" HC="0.00" NOx="0.00" PMx="0.00" fuel="0.00" electricity="0.00" noise="70.79" route="routetop" type="cfm-slow" waiting="0.00" lane="left_0" pos="28.10" speed="25.62" angle="133.90" x="20.08" y="10.68"/>
        <vehicle id="cfm-slow_4" eclass="HBEFA3/PC_G_EU4" CO2="0.00" CO="0.00" HC="0.00" NOx="0.00" PMx="0.00" fuel="0.00" electricity="0.00" noise="71.15" route="routetop" type="cfm-slow" waiting="0.00" lane="left_0" pos="48.62" speed="24.91" angle="96.97" x="60.60" y="-4.87"/>
        <vehicle id="cfm-slow_5" eclass="HBEFA3/PC_G_EU4" CO2="7784.66" CO="89.78" HC="0.60" NOx="3.01" PMx="0.16" fuel="3.35" electricity="0.00" noise="72.33" route="routebottom" type="cfm-slow" waiting="0.00" lane="bottom_0" pos="18.47" speed="24.85" angle="61.23" x="101.29" y="6.30"/>
    </timestep>
    <timestep time="9.92">
        <vehicle id="cfm-fast_0" eclass="HBEFA3/PC_G_EU4" CO2="11042.11" CO="158.91" HC="1.00" NOx="4.54" PMx="0.25" fuel="4.75" electricity="0.00" noise="73.74" route="routebottom" type="cfm-fast" waiting="0.00" lane="bottom_0" pos="38.57" speed="25.46" angle="25.12" x="127.88" y="39.52"/>
        <vehicle id="cfm-fast_1" eclass="HBEFA3/PC_G_EU4" CO2="144716.20" CO="5944.67" HC="30.96" NOx="66.48" PMx="5.02" fuel="62.21" electricity="0.00" noise="116.88" route="routebottom" type="cfm-fast" waiting="0.00" lane="bottom_1" pos="6.24" speed="106.47" angle="83.20" x="76.41" y="-0.39"/>
        <vehicle id="cfm-fast_2" eclass="HBEFA3/PC_G_EU4" CO2="12096.88" CO="184.79" HC="1.14" NOx="5.01" PMx="0.28" fuel="5.20" electricity="0.00" noise="74.46" route="routebottom" type="cfm-fast" waiting="0.00" lane="right_0" pos="5.11" speed="26.50" angle="355.29" x="131.38" y="74.70"/>
        <vehicle id="cfm-fast_3" eclass="HBEFA3/PC_G_EU4" CO2="10323.25" CO="153.54" HC="0.96" NOx="4.15" PMx="0.24" fuel="4.44" electricity="0.00" noise="74.14" route="routebottom" type="cfm-fast" waiting="0.00" lane="right_0" pos="22.71" speed="27.57" angle="323.55" x="115.53" y="108.56"/>
        <vehicle id="cfm-fast_4" eclass="HBEFA3/PC_G_EU4" CO2="90354.11" CO="4974.99" HC="25.21" NOx="40.81" PMx="3.67" fuel="38.84" electricity="0.00" noise="108.78" route="routetop" type="cfm-fast" waiting="0.00" lane="top_1" pos="4.27" speed="108.54" angle="266.84" x="54.90" y="128.37"/>
        <vehicle id="cfm-fast_5" eclass="HBEFA3/PC_G_EU4" CO2="6201.61" CO="72.64" HC="0.49" NOx="2.19" PMx="0.13" fuel="2.67" electricity="0.00" noise="73.26" route="routebottom" type="cfm-fast" waiting="0.00" lane="right_0" pos="41.38" speed="28.27" angle="290.05" x="82.07" y="129.75"/>
        <vehicle id="cfm-slow_0" eclass="HBEFA3/PC_G_EU4" CO2="0.00" CO="0.00" HC="0.00" NOx="0.00" PMx="0.00" fuel="0.00" electricity="0.00" noise="72.40" route="routetop" type="cfm-slow" waiting="0.00" lane="top_0" pos="10.72" speed="28.34" angle="255.16" x="40.94" y="128.39"/>
        <vehicle id="cfm-slow_1" eclass="HBEFA3/PC_G_EU4" CO2="0.00" CO="0.00" HC="0.00" NOx="0.00" PMx="0.00" fuel="0.00" electricity="0.00" noise="71.69" route="routetop" type="cfm-slow" waiting="0.00" lane="top_0" pos="34.07" speed="27.74" angle="213.21" x="3.50" y="96.62"/>
        <vehicle id="cfm-slow_2" eclass="HBEFA3/PC_G_EU4" CO2="0.00" CO="0.00" HC="0.00" NOx="0.00" PMx="0.00" fuel="0.00" electricity="0.00" noise="71.10" route="routetop" type="cfm-slow" waiting="0.00" lane="left_0" pos="6.75" speed="26.70" angle="172.32" x="-3.39" y="49.16"/>
        <vehicle id="cfm-slow_3" eclass="HBEFA3/PC_G_EU4" CO2="0.00" CO="0.00" HC="0.00" NOx="0.00" PMx="0.00" fuel="0.00" electricity="0.00" noise="70.80" route="routetop" type="cfm-slow" waiting="0.00" lane="left_0" pos="28.35" speed="25.61" angle="133.48" x="20.51" y="10.33"/>
        <vehicle id="cfm-slow_4" eclass="HBEFA3/PC_G_EU4" CO2="0.00" CO="0.00" HC="0.00" NOx="0.00" PMx="0.00" fuel="0.00" electricity="0.00" noise="71.16" route="routetop" type="cfm-slow" waiting="0.00" lane="left_0" pos="48.87" speed="24.91" angle="96.57" x="61.13" y="-4.90"/>
        <vehicle id="cfm-slow_5" eclass="HBEFA3/PC_G_EU4" CO2="7816.95" CO="90.47" HC="0.61" NOx="3.03" PMx="0.16" fuel="3.36" electricity="0.00" noise="72.34" route="routebottom" type="cfm-slow" waiting="0.00" lane="bottom_0" pos="18.72" speed="24.86" angle="60.76" x="101.74" y="6.60"/>
    </timestep>
    <timestep time="9.93">
        <vehicle id="cfm-fast_0" eclass="HBEFA3/PC_G_EU4" CO2="11053.83" CO="159.18" HC="1.00" NOx="4.54" PMx="0.25" fuel="4.75" electricity="0.00" noise="73.75" route="routebottom" type="cfm-fast" waiting="0.00" lane="bottom_0" pos="38.83" speed="25.47" angle="24.66" x="128.06" y="40.03"/>
        <vehicle id="cfm-fast_1" eclass="HBEFA3/PC_G_EU4" CO2="144157.24" CO="5934.86" HC="30.91" NOx="66.21" PMx="5.01" fuel="61.97" electricity="0.00" noise="116.80" route="routebottom" type="cfm-fast" waiting="0.00" lane="bottom_1" pos="7.31" speed="106.49" angle="81.30" x="78.54" y="0.08"/>
        <vehicle id="cfm-fast_2" eclass="HBEFA3/PC_G_EU4" CO2="12082.03" CO="184.53" HC="1.14" NOx="5.00" PMx="0.28" fuel="5.19" electricity="0.00" noise="74.45" route="routebottom" type="cfm-fast" waiting="0.00" lane="right_0" pos="5.37" speed="26.51" angle="354.79" x="131.28" y="75.26"/>
        <vehicle id="cfm-fast_3" eclass="HBEFA3/PC_G_EU4" CO2="10284.66" CO="152.78" HC="0.95" NOx="4.13" PMx="0.23" fuel="4.42" electricity="0.00" noise="74.13" route="routebottom" type="cfm-fast" waiting="0.00" lane="right_0" pos="22.98" speed="27.58" angle="323.06" x="115.14" y="109.01"/>
        <vehicle id="cfm-fast_4" eclass="HBEFA3/PC_G_EU4" CO2="90277.10" CO="4973.64" HC="25.20" NOx="40.78" PMx="3.66" fuel="38.81" electricity="0.00" noise="108.77" route="routetop" type="cfm-fast" waiting="0.00" lane="top_1" pos="5.35" speed="108.55" angle="264.88" x="52.70" y="128.04"/>
        <vehicle id="cfm-fast_5" eclass="HBEFA3/PC_G_EU4" CO2="6153.34" CO="71.65" HC="0.48" NOx="2.17" PMx="0.13" fuel="2.65" electricity="0.00" noise="73.25" route="routebottom" type="cfm-fast" waiting="0.00" lane="right_0" pos="41.67" speed="28.27" angle="289.54" x="81.48" y="129.91"/>
        <vehicle id="cfm-slow_0" eclass="HBEFA3/PC_G_EU4" CO2="0.00" CO="0.00" HC="0.00" NOx="0.00" PMx="0.00" fuel="0.00" electricity="0.00" noise="72.39" route="routetop" type="cfm-slow" waiting="0.00" lane="top_0" pos="11.00" speed="28.33" angle="254.62" x="40.37" y="128.19"/>
        <vehicle id="cfm-slow_1" eclass="HBEFA3/PC_G_EU4" CO2="0.00" CO="0.00" HC="0.00" NOx="0.00" PMx="0.00" fuel="0.00" electricity="0.00" noise="71.68" route="routetop" type="cfm-slow" waiting="0.00" lane="top_0" pos="34.34" speed="27.73" angle="212.70" x="3.21" y="96.10"/>
        <vehicle id="cfm-slow_2" eclass="HBEFA3/PC_G_EU4" CO2="0.00" CO="0.00" HC="0.00" NOx="0.00" PMx="0.00" fuel="0.00" electricity="0.00" noise="71.09" route="routetop" type="cfm-slow" waiting="0.00" lane="left_0" pos="7.02" speed="26.69" angle="171.81" x="-3.26" y="48.60"/>
        <vehicle id="cfm-slow_3" eclass="HBEFA3/PC_G_EU4" CO2="0.00" CO="0.00" HC="0.00" NOx="0.00" PMx="0.00" fuel="0.00" electricity="0.00" noise="70.80" route="routetop" type="cfm-slow" waiting="0.00" lane="left_0" pos="28.61" speed="25.61" angle="133.00" x="20.94" y="9.99"/>
        <vehicle id="cfm-slow_4" eclass="HBEFA3/PC_G_EU4" CO2="0.00" CO="0.00" HC="0.00" NOx="0.00" PMx="0.00" fuel="0.00" electricity="0.00" noise="71.17" route="routetop" type="cfm-slow" waiting="0.00" lane="left_0" pos="49.12" speed="24.91" angle="96.12" x="61.67" y="-4.91"/>
        <vehicle id="cfm-slow_5" eclass="HBEFA3/PC_G_EU4" CO2="7849.04" CO="91.14" HC="0.61" NOx="3.04" PMx="0.16" fuel="3.37" electricity="0.00" noise="72.35" route="routebottom" type="cfm-slow" waiting="0.00" lane="bottom_0" pos="18.97" speed="24.86" angle="60.29" x="102.18" y="6.90"/>
    </timestep>
    <timestep time="9.94">
        <vehicle id="cfm-fast_0" eclass="HBEFA3/PC_G_EU4" CO2="11065.31" CO="159.46" HC="1.00" NOx="4.55" PMx="0.25" fuel="4.76" electricity="0.00" noise="73.76" route="routebottom" type="cfm-fast" waiting="0.00" lane="bottom_0" pos="39.08" speed="25.48" angle="24.20" x="128.25" y="40.55"/>
        <vehicle id="cfm-fast_1" eclass="HBEFA3/PC_G_EU4" CO2="143602.72" CO="5925.13" HC="30.85" NOx="65.95" PMx="5.00" fuel="61.73" electricity="0.00" noise="116.71" route="routebottom" type="cfm-fast" waiting="0.00" lane="bottom_1" pos="8.37" speed="106.52" angle="79.38" x="80.66" y="0.61"/>
        <vehicle id="cfm-fast_2" eclass="HBEFA3/PC_G_EU4" CO2="12066.94" CO="184.27" HC="1.14" NOx="5.00" PMx="0.28" fuel="5.19" electricity="0.00" noise="74.45" route="routebottom" type="cfm-fast" waiting="0.00" lane="right_0" pos="5.64" speed="26.52" angle="354.30" x="131.18" y="75.82"/>
        <vehicle id="cfm-fast_3" eclass="HBEFA3/PC_G_EU4" CO2="10245.96" CO="152.03" HC="0.95" NOx="4.11" PMx="0.23" fuel="4.40" electricity="0.00" noise="74.12" route="routebottom" type="cfm-fast" waiting="0.00" lane="right_0" pos="23.26" speed="27.58" angle="322.60" x="114.75" y="109.45"/>
        <vehicle id="cfm-fast_4" eclass="HBEFA3/PC_G_EU4" CO2="90201.18" CO="4972.32" HC="25.20" NOx="40.74" PMx="3.66" fuel="38.77" electricity="0.00" noise="108.76" route="routetop" type="cfm-fast" waiting="0.00" lane="top_1" pos="6.44" speed="108.55" angle="262.94" x="50.51" y="127.64"/>
        <vehicle id="cfm-fast_5" eclass="HBEFA3/PC_G_EU4" CO2="6105.18" CO="70.67" HC="0.48" NOx="2.14" PMx="0.13" fuel="2.62" electricity="0.00" noise="73.24" route="routebottom" type="cfm-fast" waiting="0.00" lane="right_0" pos="41.95" speed="28.27" angle="289.03" x="80.89" y="130.06"/>
        <vehicle id="cfm-slow_0" eclass="HBEFA3/PC_G_EU4" CO2="0.00" CO="0.00" HC="0.00" NOx="0.00" PMx="0.00" fuel="0.00" electricity="0.00" noise="72.38" route="routetop" type="cfm-slow" waiting="0.00" lane="top_0" pos="11.29" speed="28.33" angle="254.09" x="39.80" y="127.98"/>
        <vehicle id="cfm-slow_1" eclass="HBEFA3/PC_G_EU4" CO2="0.00" CO="0.00" HC="0.00" NOx="0.00" PMx="0.00" fuel="0.00" electricity="0.00" noise="71.67" route="routetop" type="cfm-slow" waiting="0.00" lane="top_0" pos="34.62" speed="27.72" angle="212.26" x="2.92" y="95.58"/>
        <vehicle id="cfm-slow_2" eclass="HBEFA3/PC_G_EU4" CO2="0.00" CO="0.00" HC="0.00" NOx="0.00" PMx="0.00" fuel="0.00" electricity="0.00" noise="71.09" route="routetop" type="cfm-slow" waiting="0.00" lane="left_0" pos="7.28" speed="26.68" angle="171.30" x="-3.13" y="48.04"/>
        <vehicle id="cfm-slow_3" eclass="HBEFA3/PC_G_EU4" CO2="0.00" CO="0.00" HC="0.00" NOx="0.00" PMx="0.00" fuel="0.00" electricity="0.00" noise="70.80" route="routetop" type="cfm-slow" waiting="0.00" lane="left_0" pos="28.86" speed="25.60" angle="132.53" x="21.38" y="9.65"/>
        <vehicle id="cfm-slow_4" eclass="HBEFA3/PC_G_EU4" CO2="0.00" CO="0.00" HC="0.00" NOx="0.00" PMx="0.00" fuel="0.00" electricity="0.00" noise="71.18" route="routetop" type="cfm-slow" waiting="0.00" lane="left_0" pos="49.37" speed="24.91" angle="95.66" x="62.21" y="-4.92"/>
        <vehicle id="cfm-slow_5" eclass="HBEFA3/PC_G_EU4" CO2="7880.94" CO="91.82" HC="0.61" NOx="3.06" PMx="0.16" fuel="3.39" electricity="0.00" noise="72.37" route="routebottom" type="cfm-slow" waiting="0.00" lane="bottom_0" pos="19.21" speed="24.87" angle="59.89" x="102.63" y="7.19"/>
    </timestep>
    <timestep time="9.95">
        <vehicle id="cfm-fast_0" eclass="HBEFA3/PC_G_EU4" CO2="11076.55" CO="159.72" HC="1.00" NOx="4.55" PMx="0.25" fuel="4.76" electricity="0.00" noise="73.77" route="routebottom" type="cfm-fast" waiting="0.00" lane="bottom_0" pos="39.34" speed="25.49" angle="23.74" x="128.44" y="41.06"/>
        <vehicle id="cfm-fast_1" eclass="HBEFA3/PC_G_EU4" CO2="143052.59" CO="5915.48" HC="30.79" NOx="65.69" PMx="4.98" fuel="61.49" electricity="0.00" noise="116.63" route="routebottom" type="cfm-fast" waiting="0.00" lane="bottom_1" pos="9.44" speed="106.54" angle="77.47" x="82.76" y="1.22"/>
        <vehicle id="cfm-fast_2" eclass="HBEFA3/PC_G_EU4" CO2="12051.63" CO="184.00" HC="1.14" NOx="4.99" PMx="0.28" fuel="5.18" electricity="0.00" noise="74.45" route="routebottom" type="cfm-fast" waiting="0.00" lane="right_0" pos="5.90" speed="26.53" angle="353.80" x="131.07" y="76.38"/>
        <vehicle id="cfm-fast_3" eclass="HBEFA3/PC_G_EU4" CO2="10207.14" CO="151.27" HC="0.95" NOx="4.10" PMx="0.23" fuel="4.39" electricity="0.00" noise="74.11" route="routebottom" type="cfm-fast" waiting="0.00" lane="right_0" pos="23.54" speed="27.59" angle="322.11" x="114.34" y="109.89"/>
        <vehicle id="cfm-fast_4" eclass="HBEFA3/PC_G_EU4" CO2="90126.33" CO="4971.01" HC="25.19" NOx="40.71" PMx="3.66" fuel="38.74" electricity="0.00" noise="108.75" route="routetop" type="cfm-fast" waiting="0.00" lane="top_1" pos="7.53" speed="108.55" angle="260.84" x="48.35" y="127.14"/>
        <vehicle id="cfm-fast_5" eclass="HBEFA3/PC_G_EU4" CO2="6057.10" CO="69.68" HC="0.47" NOx="2.12" PMx="0.13" fuel="2.60" electricity="0.00" noise="73.23" route="routebottom" type="cfm-fast" waiting="0.00" lane="right_0" pos="42.23" speed="28.27" angle="288.52" x="80.31" y="130.22"/>
        <vehicle id="cfm-slow_0" eclass="HBEFA3/PC_G_EU4" CO2="0.00" CO="0.00" HC="0.00" NOx="0.00" PMx="0.00" fuel="0.00" electricity="0.00" noise="72.37" route="routetop" type="cfm-slow" waiting="0.00" lane="top_0" pos="11.57" speed="28.32" angle="253.62" x="39.22" y="127.77"/>
        <vehicle id="cfm-slow_1" eclass="HBEFA3/PC_G_EU4" CO2="0.00" CO="0.00" HC="0.00" NOx="0.00" PMx="0.00" fuel="0.00" electricity="0.00" noise="71.67" route="routetop" type="cfm-slow" waiting="0.00" lane="top_0" pos="34.90" speed="27.71" angle="211.75" x="2.65" y="95.04"/>
        <vehicle id="cfm-slow_2" eclass="HBEFA3/PC_G_EU4" CO2="0.00" CO="0.00" HC="0.00" NOx="0.00" PMx="0.00" fuel="0.00" electricity="0.00" noise="71.09" route="routetop" type="cfm-slow" waiting="0.00" lane="left_0" pos="7.55" speed="26.67" angle="170.80" x="-3.01" y="47.48"/>
        <vehicle id="cfm-slow_3" eclass="HBEFA3/PC_G_EU4" CO2="0.00" CO="0.00" HC="0.00" NOx="0.00" PMx="0.00" fuel="0.00" electricity="0.00" noise="70.80" route="routetop" type="cfm-slow" waiting="0.00" lane="left_0" pos="29.12" speed="25.59" angle="132.05" x="21.81" y="9.31"/>
        <vehicle id="cfm-slow_4" eclass="HBEFA3/PC_G_EU4" CO2="0.00" CO="0.00" HC="0.00" NOx="0.00" PMx="0.00" fuel="0.00" electricity="0.00" noise="71.19" route="routetop" type="cfm-slow" waiting="0.00" lane="left_0" pos="49.62" speed="24.91" angle="95.21" x="62.74" y="-4.93"/>
        <vehicle id="cfm-slow_5" eclass="HBEFA3/PC_G_EU4" CO2="7912.64" CO="92.49" HC="0.62" NOx="3.07" PMx="0.16" fuel="3.40" electricity="0.00" noise="72.38" route="routebottom" type="cfm-slow" waiting="0.00" lane="bottom_0" pos="19.46" speed="24.87" angle="59.43" x="103.06" y="7.50"/>
    </timestep>
    <timestep time="9.96">
        <vehicle id="cfm-fast_0" eclass="HBEFA3/PC_G_EU4" CO2="11087.54" CO="159.99" HC="1.00" NOx="4.56" PMx="0.25" fuel="4.77" electricity="0.00" noise="73.77" route="routebottom" type="cfm-fast" waiting="0.00" lane="bottom_0" pos="39.59" speed="25.50" angle="23.28" x="128.62" y="41.58"/>
        <vehicle id="cfm-fast_1" eclass="HBEFA3/PC_G_EU4" CO2="142506.85" CO="5905.90" HC="30.73" NOx="65.43" PMx="4.97" fuel="61.26" electricity="0.00" noise="116.54" route="routebottom" type="cfm-fast" waiting="0.00" lane="bottom_1" pos="10.50" speed="106.56" angle="75.58" x="84.84" y="1.89"/>
        <vehicle id="cfm-fast_2" eclass="HBEFA3/PC_G_EU4" CO2="12036.09" CO="183.73" HC="1.14" NOx="4.98" PMx="0.28" fuel="5.17" electricity="0.00" noise="74.44" route="routebottom" type="cfm-fast" waiting="0.00" lane="right_0" pos="6.17" speed="26.54" angle="353.31" x="130.97" y="76.94"/>
        <vehicle id="cfm-fast_3" eclass="HBEFA3/PC_G_EU4" CO2="10168.22" CO="150.50" HC="0.94" NOx="4.08" PMx="0.23" fuel="4.37" electricity="0.00" noise="74.10" route="routebottom" type="cfm-fast" waiting="0.00" lane="right_0" pos="23.81" speed="27.60" angle="321.61" x="113.94" y="110.33"/>
        <vehicle id="cfm-fast_4" eclass="HBEFA3/PC_G_EU4" CO2="90052.53" CO="4969.72" HC="25.18" NOx="40.67" PMx="3.66" fuel="38.71" electricity="0.00" noise="108.74" route="routetop" type="cfm-fast" waiting="0.00" lane="top_1" pos="8.61" speed="108.56" angle="258.96" x="46.19" y="126.58"/>
        <vehicle id="cfm-fast_5" eclass="HBEFA3/PC_G_EU4" CO2="6009.12" CO="68.70" HC="0.47" NOx="2.10" PMx="0.13" fuel="2.58" electricity="0.00" noise="73.22" route="routebottom" type="cfm-fast" waiting="0.00" lane="right_0" pos="42.51" speed="28.27" angle="288.06" x="79.71" y="130.36"/>
        <vehicle id="cfm-slow_0" eclass="HBEFA3/PC_G_EU4" CO2="0.00" CO="0.00" HC="0.00" NOx="0.00" PMx="0.00" fuel="0.00" electricity="0.00" noise="72.37" route="routetop" type="cfm-slow" waiting="0.00" lane="top_0" pos="11.85" speed="28.32" angle="253.11" x="38.66" y="127.54"/>
        <vehicle id="cfm-slow_1" eclass="HBEFA3/PC_G_EU4" CO2="0.00" CO="0.00" HC="0.00" NOx="0.00" PMx="0.00" fuel="0.00" electricity="0.00" noise="71.66" route="routetop" type="cfm-slow" waiting="0.00" lane="top_0" pos="35.17" speed="27.70" angle="211.24" x="2.39" y="94.51"/>
        <vehicle id="cfm-slow_2" eclass="HBEFA3/PC_G_EU4" CO2="0.00" CO="0.00" HC="0.00" NOx="0.00" PMx="0.00" fuel="0.00" electricity="0.00" noise="71.08" route="routetop" type="cfm-slow" waiting="0.00" lane="left_0" pos="7.82" speed="26.66" angle="170.36" x="-2.87" y="46.93"/>
        <vehicle id="cfm-slow_3" eclass="HBEFA3/PC_G_EU4" CO2="0.00" CO="0.00" HC="0.00" NOx="0.00" PMx="0.00" fuel="0.00" electricity="0.00" noise="70.80" route="routetop" type="cfm-slow" waiting="0.00" lane="left_0" pos="29.38" speed="25.59" angle="131.59" x="22.24" y="8.97"/>
        <vehicle id="cfm-slow_4" eclass="HBEFA3/PC_G_EU4" CO2="0.00" CO="0.00" HC="0.00" NOx="0.00" PMx="0.00" fuel="0.00" electricity="0.00" noise="71.20" route="routetop" type="cfm-slow" waiting="0.00" lane="left_0" pos="49.86" speed="24.91" angle="94.75" x="63.28" y="-4.94"/>
        <vehicle id="cfm-slow_5" eclass="HBEFA3/PC_G_EU4" CO2="7944.16" CO="93.15" HC="0.62" NOx="3.09" PMx="0.17" fuel="3.41" electricity="0.00" noise="72.39" route="routebottom" type="cfm-slow" waiting="0.00" lane="bottom_0" pos="19.71" speed="24.88" angle="58.97" x="103.50" y="7.82"/>
    </timestep>
    <timestep time="9.97">
        <vehicle id="cfm-fast_0" eclass="HBEFA3/PC_G_EU4" CO2="11098.28" CO="160.24" HC="1.01" NOx="4.56" PMx="0.25" fuel="4.77" electricity="0.00" noise="73.78" route="routebottom" type="cfm-fast" waiting="0.00" lane="bottom_0" pos="39.85" speed="25.51" angle="22.87" x="128.80" y="42.10"/>
        <vehicle id="cfm-fast_1" eclass="HBEFA3/PC_G_EU4" CO2="141965.47" CO="5896.40" HC="30.68" NOx="65.18" PMx="4.96" fuel="61.03" electricity="0.00" noise="116.46" route="routebottom" type="cfm-fast" waiting="0.00" lane="bottom_1" pos="11.57" speed="106.59" angle="73.66" x="86.89" y="2.63"/>
        <vehicle id="cfm-fast_2" eclass="HBEFA3/PC_G_EU4" CO2="12020.31" CO="183.45" HC="1.14" NOx="4.97" PMx="0.28" fuel="5.17" electricity="0.00" noise="74.44" route="routebottom" type="cfm-fast" waiting="0.00" lane="right_0" pos="6.43" speed="26.55" angle="352.87" x="130.86" y="77.50"/>
        <vehicle id="cfm-fast_3" eclass="HBEFA3/PC_G_EU4" CO2="10129.20" CO="149.74" HC="0.94" NOx="4.06" PMx="0.23" fuel="4.35" electricity="0.00" noise="74.09" route="routebottom" type="cfm-fast" waiting="0.00" lane="right_0" pos="24.09" speed="27.60" angle="321.11" x="113.54" y="110.76"/>
        <vehicle id="cfm-fast_4" eclass="HBEFA3/PC_G_EU4" CO2="89979.76" CO="4968.45" HC="25.17" NOx="40.64" PMx="3.66" fuel="38.68" electricity="0.00" noise="108.73" route="routetop" type="cfm-fast" waiting="0.00" lane="top_1" pos="9.70" speed="108.56" angle="257.04" x="44.06" y="125.95"/>
        <vehicle id="cfm-fast_5" eclass="HBEFA3/PC_G_EU4" CO2="5961.24" CO="67.72" HC="0.46" NOx="2.08" PMx="0.12" fuel="2.56" electricity="0.00" noise="73.21" route="routebottom" type="cfm-fast" waiting="0.00" lane="right_0" pos="42.80" speed="28.27" angle="287.54" x="79.12" y="130.50"/>
        <vehicle id="cfm-slow_0" eclass="HBEFA3/PC_G_EU4" CO2="0.00" CO="0.00" HC="0.00" NOx="0.00" PMx="0.00" fuel="0.00" electricity="0.00" noise="72.36" route="routetop" type="cfm-slow" waiting="0.00" lane="top_0" pos="12.14" speed="28.31" angle="252.59" x="38.09" y="127.32"/>
        <vehicle id="cfm-slow_1" eclass="HBEFA3/PC_G_EU4" CO2="0.00" CO="0.00" HC="0.00" NOx="0.00" PMx="0.00" fuel="0.00" electricity="0.00" noise="71.66" route="routetop" type="cfm-slow" waiting="0.00" lane="top_0" pos="35.45" speed="27.69" angle="210.73" x="2.12" y="93.98"/>
        <vehicle id="cfm-slow_2" eclass="HBEFA3/PC_G_EU4" CO2="0.00" CO="0.00" HC="0.00" NOx="0.00" PMx="0.00" fuel="0.00" electricity="0.00" noise="71.08" route="routetop" type="cfm-slow" waiting="0.00" lane="left_0" pos="8.08" speed="26.65" angle="169.87" x="-2.72" y="46.37"/>
        <vehicle id="cfm-slow_3" eclass="HBEFA3/PC_G_EU4" CO2="0.00" CO="0.00" HC="0.00" NOx="0.00" PMx="0.00" fuel="0.00" electricity="0.00" noise="70.80" route="routetop" type="cfm-slow" waiting="0.00" lane="left_0" pos="29.63" speed="25.58" angle="131.17" x="22.68" y="8.64"/>
        <vehicle id="cfm-slow_4" eclass="HBEFA3/PC_G_EU4" CO2="0.00" CO="0.00" HC="0.00" NOx="0.00" PMx="0.00" fuel="0.00" electricity="0.00" noise="71.21" route="routebottom" type="cfm-slow" waiting="0.00" lane="bottom_0" pos="0.11" speed="24.91" angle="94.27" x="64.00" y="-4.94"/>
        <vehicle id="cfm-slow_5" eclass="HBEFA3/PC_G_EU4" CO2="7975.48" CO="93.82" HC="0.63" NOx="3.10" PMx="0.17" fuel="3.43" electricity="0.00" noise="72.41" route="routebottom" type="cfm-slow" waiting="0.00" lane="bottom_0" pos="19.96" speed="24.88" angle="58.51" x="103.93" y="8.13"/>
    </timestep>
    <timestep time="9.98">
        <vehicle id="cfm-fast_0" eclass="HBEFA3/PC_G_EU4" CO2="11108.77" CO="160.50" HC="1.01" NOx="4.57" PMx="0.25" fuel="4.78" electricity="0.00" noise="73.79" route="routebottom" type="cfm-fast" waiting="0.00" lane="bottom_0" pos="40.10" speed="25.52" angle="22.38" x="128.96" y="42.62"/>
        <vehicle id="cfm-fast_1" eclass="HBEFA3/PC_G_EU4" CO2="141428.41" CO="5886.97" HC="30.62" NOx="64.92" PMx="4.94" fuel="60.79" electricity="0.00" noise="116.38" route="routebottom" type="cfm-fast" waiting="0.00" lane="bottom_1" pos="12.64" speed="106.61" angle="71.74" x="88.92" y="3.44"/>
        <vehicle id="cfm-fast_2" eclass="HBEFA3/PC_G_EU4" CO2="12004.31" CO="183.17" HC="1.13" NOx="4.97" PMx="0.28" fuel="5.16" electricity="0.00" noise="74.44" route="routebottom" type="cfm-fast" waiting="0.00" lane="right_0" pos="6.70" speed="26.56" angle="352.37" x="130.74" y="78.06"/>
        <vehicle id="cfm-fast_3" eclass="HBEFA3/PC_G_EU4" CO2="10090.06" CO="148.97" HC="0.93" NOx="4.04" PMx="0.23" fuel="4.34" electricity="0.00" noise="74.08" route="routebottom" type="cfm-fast" waiting="0.00" lane="right_0" pos="24.36" speed="27.61" angle="320.67" x="113.13" y="111.20"/>
        <vehicle id="cfm-fast_4" eclass="HBEFA3/PC_G_EU4" CO2="89908.00" CO="4967.21" HC="25.17" NOx="40.60" PMx="3.65" fuel="38.65" electricity="0.00" noise="108.72" route="routetop" type="cfm-fast" waiting="0.00" lane="top_1" pos="10.78" speed="108.56" angle="255.05" x="41.95" y="125.24"/>
        <vehicle id="cfm-fast_5" eclass="HBEFA3/PC_G_EU4" CO2="5913.46" CO="66.74" HC="0.45" NOx="2.05" PMx="0.12" fuel="2.54" electricity="0.00" noise="73.20" route="routebottom" type="cfm-fast" waiting="0.00" lane="right_0" pos="43.08" speed="28.27" angle="287.03" x="78.53" y="130.63"/>
        <vehicle id="cfm-slow_0" eclass="HBEFA3/PC_G_EU4" CO2="0.00" CO="0.00" HC="0.00" NOx="0.00" PMx="0.00" fuel="0.00" electricity="0.00" noise="72.35" route="routetop" type="cfm-slow" waiting="0.00" lane="top_0" pos="12.42" speed="28.30" angle="252.08" x="37.53" y="127.09"/>
        <vehicle id="cfm-slow_1" eclass="HBEFA3/PC_G_EU4" CO2="0.00" CO="0.00" HC="0.00" NOx="0.00" PMx="0.00" fuel="0.00" electricity="0.00" noise="71.65" route="routetop" type="cfm-slow" waiting="0.00" lane="top_0" pos="35.73" speed="27.68" angle="210.22" x="1.86" y="93.44"/>
        <vehicle id="cfm-slow_2" eclass="HBEFA3/PC_G_EU4" CO2="0.00" CO="0.00" HC="0.00" NOx="0.00" PMx="0.00" fuel="0.00" electricity="0.00" noise="71.08" route="routetop" type="cfm-slow" waiting="0.00" lane="left_0" pos="8.35" speed="26.63" angle="169.38" x="-2.57" y="45.82"/>
        <vehicle id="cfm-slow_3" eclass="HBEFA3/PC_G_EU4" CO2="0.00" CO="0.00" HC="0.00" NOx="0.00" PMx="0.00" fuel="0.00" electricity="0.00" noise="70.81" route="routetop" type="cfm-slow" waiting="0.00" lane="left_0" pos="29.89" speed="25.57" angle="130.70" x="23.13" y="8.32"/>
        <vehicle id="cfm-slow_4" eclass="HBEFA3/PC_G_EU4" CO2="0.00" CO="0.00" HC="0.00" NOx="0.00" PMx="0.00" fuel="0.00" electricity="0.00" noise="71.22" route="routebottom" type="cfm-slow" waiting="0.00" lane="bottom_0" pos="0.36" speed="24.90" angle="93.82" x="64.54" y="-4.93"/>
        <vehicle id="cfm-slow_5" eclass="HBEFA3/PC_G_EU4" CO2="8006.61" CO="94.48" HC="0.63" NOx="3.12" PMx="0.17" fuel="3.44" electricity="0.00" noise="72.42" route="routebottom" type="cfm-slow" waiting="0.00" lane="bottom_0" pos="20.21" speed="24.89" angle="58.05" x="104.37" y="8.44"/>
    </timestep>
    <timestep time="9.99">
        <vehicle id="cfm-fast_0" eclass="HBEFA3/PC_G_EU4" CO2="11119.02" CO="160.74" HC="1.01" NOx="4.57" PMx="0.25" fuel="4.78" electricity="0.00" noise="73.79" route="routebottom" type="cfm-fast" waiting="0.00" lane="bottom_0" pos="40.36" speed="25.53" angle="21.90" x="129.13" y="43.15"/>
        <vehicle id="cfm-fast_1" eclass="HBEFA3/PC_G_EU4" CO2="140895.66" CO="5877.62" HC="30.57" NOx="64.67" PMx="4.93" fuel="60.57" electricity="0.00" noise="116.30" route="routebottom" type="cfm-fast" waiting="0.00" lane="bottom_1" pos="13.70" speed="106.63" angle="69.85" x="90.92" y="4.32"/>
        <vehicle id="cfm-fast_2" eclass="HBEFA3/PC_G_EU4" CO2="11988.08" CO="182.88" HC="1.13" NOx="4.96" PMx="0.28" fuel="5.15" electricity="0.00" noise="74.43" route="routebottom" type="cfm-fast" waiting="0.00" lane="right_0" pos="6.96" speed="26.57" angle="351.88" x="130.61" y="78.62"/>
        <vehicle id="cfm-fast_3" eclass="HBEFA3/PC_G_EU4" CO2="10050.83" CO="148.20" HC="0.93" NOx="4.02" PMx="0.23" fuel="4.32" electricity="0.00" noise="74.07" route="routebottom" type="cfm-fast" waiting="0.00" lane="right_0" pos="24.64" speed="27.62" angle="320.16" x="112.71" y="111.62"/>
        <vehicle id="cfm-fast_4" eclass="HBEFA3/PC_G_EU4" CO2="89837.23" CO="4965.98" HC="25.16" NOx="40.57" PMx="3.65" fuel="38.62" electricity="0.00" noise="108.71" route="routetop" type="cfm-fast" waiting="0.00" lane="top_1" pos="11.87" speed="108.56" angle="253.07" x="39.86" y="124.46"/>
        <vehicle id="cfm-fast_5" eclass="HBEFA3/PC_G_EU4" CO2="5865.78" CO="65.77" HC="0.45" NOx="2.03" PMx="0.12" fuel="2.52" electricity="0.00" noise="73.19" route="routebottom" type="cfm-fast" waiting="0.00" lane="right_0" pos="43.36" speed="28.28" angle="286.51" x="77.93" y="130.77"/>
        <vehicle id="cfm-slow_0" eclass="HBEFA3/PC_G_EU4" CO2="0.00" CO="0.00" HC="0.00" NOx="0.00" PMx="0.00" fuel="0.00" electricity="0.00" noise="72.34" route="routetop" type="cfm-slow" waiting="0.00" lane="top_0" pos="12.70" speed="28.30" angle="251.58" x="36.96" y="126.86"/>
        <vehicle id="cfm-slow_1" eclass="HBEFA3/PC_G_EU4" CO2="0.00" CO="0.00" HC="0.00" NOx="0.00" PMx="0.00" fuel="0.00" electricity="0.00" noise="71.65" route="routetop" type="cfm-slow" waiting="0.00" lane="top_0" pos="36.00" speed="27.67" angle="209.76" x="1.60" y="92.91"/>
        <vehicle id="cfm-slow_2" eclass="HBEFA3/PC_G_EU4" CO2="0.00" CO="0.00" HC="0.00" NOx="0.00" PMx="0.00" fuel="0.00" electricity="0.00" noise="71.07" route="routetop" type="cfm-slow" waiting="0.00" lane="left_0" pos="8.61" speed="26.62" angle="168.89" x="-2.42" y="45.26"/>
        <vehicle id="cfm-slow_3" eclass="HBEFA3/PC_G_EU4" CO2="0.00" CO="0.00" HC="0.00" NOx="0.00" PMx="0.00" fuel="0.00" electricity="0.00" noise="70.81" route="routetop" type="cfm-slow" waiting="0.00" lane="left_0" pos="30.14" speed="25.56" angle="130.23" x="23.58" y="8.00"/>
        <vehicle id="cfm-slow_4" eclass="HBEFA3/PC_G_EU4" CO2="0.00" CO="0.00" HC="0.00" NOx="0.00" PMx="0.00" fuel="0.00" electricity="0.00" noise="71.22" route="routebottom" type="cfm-slow" waiting="0.00" lane="bottom_0" pos="0.61" speed="24.90" angle="93.36" x="65.07" y="-4.92"/>
        <vehicle id="cfm-slow_5" eclass="HBEFA3/PC_G_EU4" CO2="8037.55" CO="95.13" HC="0.63" NOx="3.13" PMx="0.17" fuel="3.45" electricity="0.00" noise="72.43" route="routebottom" type="cfm-slow" waiting="0.00" lane="bottom_0" pos="20.46" speed="24.90" angle="57.64" x="104.80" y="8.75"/>
    </timestep>
    <timestep time="10.00">
        <vehicle id="cfm-fast_0" eclass="HBEFA3/PC_G_EU4" CO2="11129.02" CO="160.99" HC="1.01" NOx="4.58" PMx="0.25" fuel="4.78" electricity="0.00" noise="73.80" route="routebottom" type="cfm-fast" waiting="0.00" lane="bottom_0" pos="40.62" speed="25.54" angle="21.41" x="129.29" y="43.67"/>
        <vehicle id="cfm-fast_1" eclass="HBEFA3/PC_G_EU4" CO2="140367.19" CO="5868.34" HC="30.51" NOx="64.42" PMx="4.92" fuel="60.34" electricity="0.00" noise="116.22" route="routebottom" type="cfm-fast" waiting="0.00" lane="bottom_1" pos="14.77" speed="106.66" angle="67.92" x="92.89" y="5.27"/>
        <vehicle id="cfm-fast_2" eclass="HBEFA3/PC_G_EU4" CO2="11971.63" CO="182.59" HC="1.13" NOx="4.95" PMx="0.28" fuel="5.15" electricity="0.00" noise="74.43" route="routebottom" type="cfm-fast" waiting="0.00" lane="right_0" pos="7.23" speed="26.58" angle="351.38" x="130.49" y="79.18"/>
        <vehicle id="cfm-fast_3" eclass="HBEFA3/PC_G_EU4" CO2="10011.50" CO="147.43" HC="0.92" NOx="4.00" PMx="0.23" fuel="4.30" electricity="0.00" noise="74.06" route="routebottom" type="cfm-fast" waiting="0.00" lane="right_0" pos="24.92" speed="27.63" angle="319.64" x="112.29" y="112.04"/>
        <vehicle id="cfm-fast_4" eclass="HBEFA3/PC_G_EU4" CO2="89767.44" CO="4964.76" HC="25.15" NOx="40.54" PMx="3.65" fuel="38.59" electricity="0.00" noise="108.70" route="routetop" type="cfm-fast" waiting="0.00" lane="top_1" pos="12.95" speed="108.57" angle="251.20" x="37.80" y="123.63"/>
        <vehicle id="cfm-fast_5" eclass="HBEFA3/PC_G_EU4" CO2="5818.20" CO="64.79" HC="0.44" NOx="2.01" PMx="0.12" fuel="2.50" electricity="0.00" noise="73.18" route="routebottom" type="cfm-fast" waiting="0.00" lane="right_0" pos="43.65" speed="28.28" angle="286.05" x="77.34" y="130.90"/>
        <vehicle id="cfm-slow_0" eclass="HBEFA3/PC_G_EU4" CO2="0.00" CO="0.00" HC="0.00" NOx="0.00" PMx="0.00" fuel="0.00" electricity="0.00" noise="72.33" route="routetop" type="cfm-slow" waiting="0.00" lane="top_0" pos="12.99" speed="28.29" angle="251.11" x="36.40" y="126.62"/>
        <vehicle id="cfm-slow_1" eclass="HBEFA3/PC_G_EU4" CO2="0.00" CO="0.00" HC="0.00" NOx="0.00" PMx="0.00" fuel="0.00" electricity="0.00" noise="71.64" route="routetop" type="cfm-slow" waiting="0.00" lane="top_0" pos="36.28" speed="27.66" angle="209.24" x="1.35" y="92.36"/>
        <vehicle id="cfm-slow_2" eclass="HBEFA3/PC_G_EU4" CO2="0.00" CO="0.00" HC="0.00" NOx="0.00" PMx="0.00" fuel="0.00" electricity="0.00" noise="71.07" route="routetop" type="cfm-slow" waiting="0.00" lane="left_0" pos="8.88" speed="26.61" angle="168.44" x="-2.27" y="44.71"/>
        <vehicle id="cfm-slow_3" eclass="HBEFA3/PC_G_EU4" CO2="0.00" CO="0.00" HC="0.00" NOx="0.00" PMx="0.00" fuel="0.00" electricity="0.00" noise="70.81" route="routetop" type="cfm-slow" waiting="0.00" lane="left_0" pos="30.40" speed="25.56" angle="129.76" x="24.02" y="7.68"/>
        <vehicle id="cfm-slow_4" eclass="HBEFA3/PC_G_EU4" CO2="0.00" CO="0.00" HC="0.00" NOx="0.00" PMx="0.00" fuel="0.00" electricity="0.00" noise="71.23" route="routebottom" type="cfm-slow" waiting="0.00" lane="bottom_0" pos="0.86" speed="24.90" angle="92.91" x="65.61" y="-4.91"/>
        <vehicle id="cfm-slow_5" eclass="HBEFA3/PC_G_EU4" CO2="8068.29" CO="95.78" HC="0.64" NOx="3.15" PMx="0.17" fuel="3.47" electricity="0.00" noise="72.44" route="routebottom" type="cfm-slow" waiting="0.00" lane="bottom_0" pos="20.71" speed="24.90" angle="57.21" x="105.23" y="9.08"/>
    </timestep>
    <timestep time="10.01">
        <vehicle id="cfm-fast_0" eclass="HBEFA3/PC_G_EU4" CO2="2624.72" CO="164.78" HC="0.81" NOx="1.20" PMx="0.07" fuel="1.13" electricity="0.00" noise="55.94" route="routebottom" type="cfm-fast" waiting="0.00" lane="bottom_0" pos="1.00" speed="0.00" angle="92.66" x="65.91" y="-4.90"/>
        <vehicle id="cfm-fast_1" eclass="HBEFA3/PC_G_EU4" CO2="2624.72" CO="164.78" HC="0.81" NOx="1.20" PMx="0.07" fuel="1.13" electricity="0.00" noise="55.94" route="routebottom" type="cfm-fast" waiting="0.00" lane="bottom_0" pos="16.83" speed="0.00" angle="64.18" x="98.30" y="4.45"/>
        <vehicle id="cfm-fast_2" eclass="HBEFA3/PC_G_EU4" CO2="2624.72" CO="164.78" HC="0.81" NOx="1.20" PMx="0.07" fuel="1.13" electricity="0.00" noise="55.94" route="routebottom" type="cfm-fast" waiting="0.00" lane="bottom_0" pos="32.67" speed="0.00" angle="35.75" x="122.33" y="28.10"/>
        <vehicle id="cfm-fast_3" eclass="HBEFA3/PC_G_EU4" CO2="2624.72" CO="164.78" HC="0.81" NOx="1.20" PMx="0.07" fuel="1.13" electricity="0.00" noise="55.94" route="routebottom" type="cfm-fast" waiting="0.00" lane="bottom_0" pos="48.50" speed="0.00" angle="7.24" x="132.19" y="60.34"/>
        <vehicle id="cfm-fast_4" eclass="HBEFA3/PC_G_EU4" CO2="2624.72" CO="164.78" HC="0.81" NOx="1.20" PMx="0.07" fuel="1.13" electricity="0.00" noise="55.94" route="routeright" type="cfm-fast" waiting="0.00" lane="right_0" pos="14.33" speed="0.00" angle="338.68" x="125.41" y="93.56"/>
        <vehicle id="cfm-fast_5" eclass="HBEFA3/PC_G_EU4" CO2="2624.72" CO="164.78" HC="0.81" NOx="1.20" PMx="0.07" fuel="1.13" electricity="0.00" noise="55.94" route="routeright" type="cfm-fast" waiting="0.00" lane="right_0" pos="30.17" speed="0.00" angle="310.20" x="103.71" y="119.35"/>
        <vehicle id="cfm-slow_0" eclass="HBEFA3/PC_G_EU4" CO2="2624.72" CO="164.78" HC="0.81" NOx="1.20" PMx="0.07" fuel="1.13" electricity="0.00" noise="55.94" route="routeright" type="cfm-slow" waiting="0.00" lane="right_0" pos="46.00" speed="0.00" angle="281.75" x="72.34" y="131.72"/>
        <vehicle id="cfm-slow_1" eclass="HBEFA3/PC_G_EU4" CO2="2624.72" CO="164.78" HC="0.81" NOx="1.20" PMx="0.07" fuel="1.13" electricity="0.00" noise="55.94" route="routetop" type="cfm-slow" waiting="0.00" lane="top_0" pos="11.83" speed="0.00" angle="253.14" x="38.70" y="127.56"/>
        <vehicle id="cfm-slow_2" eclass="HBEFA3/PC_G_EU4" CO2="2624.72" CO="164.78" HC="0.81" NOx="1.20" PMx="0.07" fuel="1.13" electricity="0.00" noise="55.94" route="routetop" type="cfm-slow" waiting="0.00" lane="top_0" pos="27.67" speed="0.00" angle="224.69" x="11.28" y="107.95"/>
        <vehicle id="cfm-slow_3" eclass="HBEFA3/PC_G_EU4" CO2="2624.72" CO="164.78" HC="0.81" NOx="1.20" PMx="0.07" fuel="1.13" electricity="0.00" noise="55.94" route="routetop" type="cfm-slow" waiting="0.00" lane="top_0" pos="43.50" speed="0.00" angle="196.26" x="-3.51" y="77.65"/>
        <vehicle id="cfm-slow_4" eclass="HBEFA3/PC_G_EU4" CO2="2624.72" CO="164.78" HC="0.81" NOx="1.20" PMx="0.07" fuel="1.13" electricity="0.00" noise="55.94" route="routeleft" type="cfm-slow" waiting="0.00" lane="left_0" pos="9.33" speed="0.00" angle="167.63" x="-1.99" y="43.78"/>
        <vehicle id="cfm-slow_5" eclass="HBEFA3/PC_G_EU4" CO2="2624.72" CO="164.78" HC="0.81" NOx="1.20" PMx="0.07" fuel="1.13" electricity="0.00" noise="55.94" route="routeleft" type="cfm-slow" waiting="0.00" lane="left_0" pos="25.17" speed="0.00" angle="139.20" x="15.41" y="14.90"/>
    </timestep>
    <timestep time="10.02">
        <vehicle id="cfm-fast_0" eclass="HBEFA3/PC_G_EU4" CO2="2638.91" CO="164.61" HC="0.81" NOx="1.21" PMx="0.07" fuel="1.13" electricity="0.00" noise="67.37" route="routebottom" type="cfm-fast" waiting="0.01" lane="bottom_0" pos="1.00" speed="0.03" angle="92.66" x="65.91" y="-4.90"/>
        <vehicle id="cfm-fast_1" eclass="HBEFA3/PC_G_EU4" CO2="2638.96" CO="164.61" HC="0.81" NOx="1.21" PMx="0.07" fuel="1.13" electricity="0.00" noise="67.38" route="routebottom" type="cfm-fast" waiting="0.01" lane="bottom_0" pos="16.83" speed="0.03" angle="64.18" x="98.30" y="4.45"/>
        <vehicle id="cfm-fast_2" eclass="HBEFA3/PC_G_EU4" CO2="2638.85" CO="164.61" HC="0.81" NOx="1.21" PMx="0.07" fuel="1.13" electricity="0.00" noise="67.34" route="routebottom" type="cfm-fast" waiting="0.01" lane="bottom_0" pos="32.67" speed="0.03" angle="35.75" x="122.33" y="28.10"/>
        <vehicle id="cfm-fast_3" eclass="HBEFA3/PC_G_EU4" CO2="2638.85" CO="164.61" HC="0.81" NOx="1.21" PMx="0.07" fuel="1.13" electricity="0.00" noise="67.34" route="routebottom" type="cfm-fast" waiting="0.01" lane="bottom_0" pos="48.50" speed="0.03" angle="7.24" x="132.19" y="60.34"/>
        <vehicle id="cfm-fast_4" eclass="HBEFA3/PC_G_EU4" CO2="2638.92" CO="164.61" HC="0.81" NOx="1.21" PMx="0.07" fuel="1.13" electricity="0.00" noise="67.37" route="routeright" type="cfm-fast" waiting="0.01" lane="right_0" pos="14.33" speed="0.03" angle="338.68" x="125.41" y="93.56"/>
        <vehicle id="cfm-fast_5" eclass="HBEFA3/PC_G_EU4" CO2="2638.92" CO="164.61" HC="0.81" NOx="1.21" PMx="0.07" fuel="1.13" electricity="0.00" noise="67.37" route="routeright" type="cfm-fast" waiting="0.01" lane="right_0" pos="30.17" speed="0.03" angle="310.20" x="103.70" y="119.35"/>
        <vehicle id="cfm-slow_0" eclass="HBEFA3/PC_G_EU4" CO2="2638.90" CO="164.61" HC="0.81" NOx="1.21" PMx="0.07" fuel="1.13" electricity="0.00" noise="67.36" route="routeright" type="cfm-slow" waiting="0.01" lane="right_0" pos="46.00" speed="0.03" angle="281.75" x="72.34" y="131.72"/>
        <vehicle id="cfm-slow_1" eclass="HBEFA3/PC_G_EU4" CO2="2638.93" CO="164.61" HC="0.81" NOx="1.21" PMx="0.07" fuel="1.13" electricity="0.00" noise="67.37" route="routetop" type="cfm-slow" waiting="0.01" lane="top_0" pos="11.83" speed="0.03" angle="253.14" x="38.70" y="127.56"/>
        <vehicle id="cfm-slow_2" eclass="HBEFA3/PC_G_EU4" CO2="2638.83" CO="164.61" HC="0.81" NOx="1.21" PMx="0.07" fuel="1.13" electricity="0.00" noise="67.34" route="routetop" type="cfm-slow" waiting="0.01" lane="top_0" pos="27.67" speed="0.03" angle="224.69" x="11.28" y="107.95"/>
        <vehicle id="cfm-slow_3" eclass="HBEFA3/PC_G_EU4" CO2="2638.89" CO="164.61" HC="0.81" NOx="1.21" PMx="0.07" fuel="1.13" electricity="0.00" noise="67.36" route="routetop" type="cfm-slow" waiting="0.01" lane="top_0" pos="43.50" speed="0.03" angle="196.26" x="-3.51" y="77.65"/>
        <vehicle id="cfm-slow_4" eclass="HBEFA3/PC_G_EU4" CO2="2638.82" CO="164.61" HC="0.81" NOx="1.21" PMx="0.07" fuel="1.13" electricity="0.00" noise="67.33" route="routeleft" type="cfm-slow" waiting="0.01" lane="left_0" pos="9.33" speed="0.03" angle="167.63" x="-1.99" y="43.78"/>
        <vehicle id="cfm-slow_5" eclass="HBEFA3/PC_G_EU4" CO2="2638.91" CO="164.61" HC="0.81" NOx="1.21" PMx="0.07" fuel="1.13" electricity="0.00" noise="67.37" route="routeleft" type="cfm-slow" waiting="0.01" lane="left_0" pos="25.17" speed="0.03" angle="139.20" x="15.41" y="14.90"/>
    </timestep>
</emission-export>
