<?xml version="1.0" encoding="UTF-8"?>

<!-- generated on Wed Feb  1 12:52:32 2017 by SUMO gui Version 0.27.1
<?xml version="1.0" encoding="UTF-8"?>

<configuration xmlns:xsi="http://www.w3.org/2001/XMLSchema-instance" xsi:noNamespaceSchemaLocation="http://sumo.dlr.de/xsd/sumo-gui.exeConfiguration.xsd">

    <input>
        <net-file value="debug/cfg/test-exp-200m1l.net.xml"/>
        <route-files value="debug/cfg/test-exp-200m1l.rou.xml"/>
        <additional-files value="debug/cfg/test-exp-200m1l.add.xml"/>
    </input>

    <output>
        <netstate-dump value="debug/cfg/data/test-exp-200m1l.netstate.xml"/>
        <emission-output value="debug/cfg/data/test-exp-200m1l.emission.xml"/>
        <amitran-output value="debug/cfg/data/test-exp-200m1l.amitran.xml"/>
        <lanechange-output value="debug/cfg/data/test-exp-200m1l.lanechange.xml"/>
    </output>

    <time>
        <begin value="0"/>
        <end value="3000"/>
        <step-length value="0.1"/>
    </time>

    <traci_server>
        <remote-port value="8873"/>
    </traci_server>

    <gui_only>
        <gui-settings-file value="debug/cfg/test-exp-200m1l.gui.cfg"/>
    </gui_only>

</configuration>
-->

<emission-export xmlns:xsi="http://www.w3.org/2001/XMLSchema-instance" xsi:noNamespaceSchemaLocation="http://sumo.dlr.de/xsd/emission_file.xsd">
    <timestep time="0.00">
        <vehicle id="rlbottom.0" eclass="HBEFA2/P_7_7" CO2="601.69" CO="6.37" HC="0.35" NOx="0.84" PMx="0.02" fuel="0.24" electricity="0.00" noise="55.94" route="routebottom" type="rl" waiting="0.00" lane="bottom_0" pos="0.00" speed="0.00" angle="94.49" x="63.69" y="-1.65"/>
        <vehicle id="rlleft.0" eclass="HBEFA2/P_7_7" CO2="601.69" CO="6.37" HC="0.35" NOx="0.84" PMx="0.02" fuel="0.24" electricity="0.00" noise="55.94" route="routeleft" type="rl" waiting="0.00" lane="left_0" pos="0.00" speed="0.00" angle="184.49" x="-1.65" y="63.63"/>
        <vehicle id="rlright.0" eclass="HBEFA2/P_7_7" CO2="601.69" CO="6.37" HC="0.35" NOx="0.84" PMx="0.02" fuel="0.24" electricity="0.00" noise="55.94" route="routeright" type="rl" waiting="0.00" lane="right_0" pos="0.00" speed="0.00" angle="4.49" x="128.97" y="63.69"/>
        <vehicle id="rltop.0" eclass="HBEFA2/P_7_7" CO2="601.69" CO="6.37" HC="0.35" NOx="0.84" PMx="0.02" fuel="0.24" electricity="0.00" noise="55.94" route="routetop" type="rl" waiting="0.00" lane="top_0" pos="0.00" speed="0.00" angle="274.49" x="63.63" y="128.97"/>
    </timestep>
    <timestep time="0.10">
        <vehicle id="rlbottom.0" eclass="HBEFA2/P_7_7" CO2="0.00" CO="0.00" HC="0.00" NOx="0.00" PMx="0.00" fuel="0.00" electricity="0.00" noise="1155.95" route="routebottom" type="rl" waiting="0.00" lane="bottom_0" pos="2.48" speed="24.75" angle="90.03" x="68.76" y="-1.45"/>
        <vehicle id="rlleft.0" eclass="HBEFA2/P_7_7" CO2="0.00" CO="0.00" HC="0.00" NOx="0.00" PMx="0.00" fuel="0.00" electricity="0.00" noise="1155.95" route="routeleft" type="rl" waiting="0.00" lane="left_0" pos="2.48" speed="24.75" angle="180.03" x="-1.45" y="58.56"/>
        <vehicle id="rlright.0" eclass="HBEFA2/P_7_7" CO2="0.00" CO="0.00" HC="0.00" NOx="0.00" PMx="0.00" fuel="0.00" electricity="0.00" noise="1155.95" route="routeright" type="rl" waiting="0.00" lane="right_0" pos="2.48" speed="24.75" angle="0.03" x="128.78" y="68.76"/>
        <vehicle id="rltop.0" eclass="HBEFA2/P_7_7" CO2="0.00" CO="0.00" HC="0.00" NOx="0.00" PMx="0.00" fuel="0.00" electricity="0.00" noise="1155.95" route="routetop" type="rl" waiting="0.00" lane="top_0" pos="2.48" speed="24.75" angle="270.03" x="58.56" y="128.78"/>
    </timestep>
    <timestep time="0.20">
        <vehicle id="rlbottom.0" eclass="HBEFA2/P_7_7" CO2="17300.09" CO="351.29" HC="6.24" NOx="41.02" PMx="2.63" fuel="6.90" electricity="0.00" noise="78.34" route="routebottom" type="rl" waiting="0.00" lane="bottom_0" pos="4.98" speed="25.00" angle="85.56" x="73.85" y="-0.85"/>
        <vehicle id="rlleft.0" eclass="HBEFA2/P_7_7" CO2="17300.09" CO="351.29" HC="6.24" NOx="41.02" PMx="2.63" fuel="6.90" electricity="0.00" noise="78.34" route="routeleft" type="rl" waiting="0.00" lane="left_0" pos="4.98" speed="25.00" angle="175.55" x="-0.85" y="53.47"/>
        <vehicle id="rlright.0" eclass="HBEFA2/P_7_7" CO2="17300.09" CO="351.29" HC="6.24" NOx="41.02" PMx="2.63" fuel="6.90" electricity="0.00" noise="78.34" route="routeright" type="rl" waiting="0.00" lane="right_0" pos="4.98" speed="25.00" angle="355.56" x="128.17" y="73.85"/>
        <vehicle id="rltop.0" eclass="HBEFA2/P_7_7" CO2="17300.09" CO="351.29" HC="6.24" NOx="41.02" PMx="2.63" fuel="6.90" electricity="0.00" noise="78.34" route="routetop" type="rl" waiting="0.00" lane="top_0" pos="4.98" speed="25.00" angle="265.55" x="53.47" y="128.17"/>
    </timestep>
    <timestep time="0.30">
        <vehicle id="rlbottom.0" eclass="HBEFA2/P_7_7" CO2="4344.67" CO="49.29" HC="1.02" NOx="8.79" PMx="0.36" fuel="1.73" electricity="0.00" noise="71.42" route="routebottom" type="rl" waiting="0.00" lane="bottom_0" pos="7.48" speed="25.00" angle="80.99" x="78.88" y="0.15"/>
        <vehicle id="rlleft.0" eclass="HBEFA2/P_7_7" CO2="4344.67" CO="49.29" HC="1.02" NOx="8.79" PMx="0.36" fuel="1.73" electricity="0.00" noise="71.42" route="routeleft" type="rl" waiting="0.00" lane="left_0" pos="7.48" speed="25.00" angle="170.98" x="0.16" y="48.45"/>
        <vehicle id="rlright.0" eclass="HBEFA2/P_7_7" CO2="4344.67" CO="49.29" HC="1.02" NOx="8.79" PMx="0.36" fuel="1.73" electricity="0.00" noise="71.42" route="routeright" type="rl" waiting="0.00" lane="right_0" pos="7.48" speed="25.00" angle="350.95" x="127.17" y="78.88"/>
        <vehicle id="rltop.0" eclass="HBEFA2/P_7_7" CO2="4344.67" CO="49.29" HC="1.02" NOx="8.79" PMx="0.36" fuel="1.73" electricity="0.00" noise="71.42" route="routetop" type="rl" waiting="0.00" lane="top_0" pos="7.48" speed="25.00" angle="260.94" x="48.45" y="127.17"/>
    </timestep>
    <timestep time="0.40">
        <vehicle id="rlbottom.0" eclass="HBEFA2/P_7_7" CO2="4274.99" CO="48.06" HC="0.99" NOx="8.65" PMx="0.36" fuel="1.70" electricity="0.00" noise="71.38" route="routebottom" type="rl" waiting="0.00" lane="bottom_0" pos="9.98" speed="25.00" angle="76.49" x="83.81" y="1.54"/>
        <vehicle id="rlleft.0" eclass="HBEFA2/P_7_7" CO2="4274.99" CO="48.06" HC="0.99" NOx="8.65" PMx="0.36" fuel="1.70" electricity="0.00" noise="71.38" route="routeleft" type="rl" waiting="0.00" lane="left_0" pos="9.98" speed="25.00" angle="166.48" x="1.54" y="43.51"/>
        <vehicle id="rlright.0" eclass="HBEFA2/P_7_7" CO2="4274.99" CO="48.06" HC="0.99" NOx="8.65" PMx="0.36" fuel="1.70" electricity="0.00" noise="71.38" route="routeright" type="rl" waiting="0.00" lane="right_0" pos="9.98" speed="25.00" angle="346.54" x="125.79" y="83.81"/>
        <vehicle id="rltop.0" eclass="HBEFA2/P_7_7" CO2="4274.99" CO="48.06" HC="0.99" NOx="8.65" PMx="0.36" fuel="1.70" electricity="0.00" noise="71.38" route="routetop" type="rl" waiting="0.00" lane="top_0" pos="9.98" speed="25.00" angle="256.53" x="43.51" y="125.78"/>
    </timestep>
    <timestep time="0.50">
        <vehicle id="rlbottom.0" eclass="HBEFA2/P_7_7" CO2="4274.31" CO="48.05" HC="0.99" NOx="8.65" PMx="0.36" fuel="1.70" electricity="0.00" noise="71.38" route="routebottom" type="rl" waiting="0.00" lane="bottom_0" pos="12.48" speed="25.00" angle="72.03" x="88.62" y="3.31"/>
        <vehicle id="rlleft.0" eclass="HBEFA2/P_7_7" CO2="4274.31" CO="48.05" HC="0.99" NOx="8.65" PMx="0.36" fuel="1.70" electricity="0.00" noise="71.38" route="routeleft" type="rl" waiting="0.00" lane="left_0" pos="12.48" speed="25.00" angle="162.02" x="3.32" y="38.70"/>
        <vehicle id="rlright.0" eclass="HBEFA2/P_7_7" CO2="4274.31" CO="48.05" HC="0.99" NOx="8.65" PMx="0.36" fuel="1.70" electricity="0.00" noise="71.38" route="routeright" type="rl" waiting="0.00" lane="right_0" pos="12.48" speed="25.00" angle="342.02" x="124.01" y="88.62"/>
        <vehicle id="rltop.0" eclass="HBEFA2/P_7_7" CO2="4274.31" CO="48.05" HC="0.99" NOx="8.65" PMx="0.36" fuel="1.70" electricity="0.00" noise="71.38" route="routetop" type="rl" waiting="0.00" lane="top_0" pos="12.48" speed="25.00" angle="252.01" x="38.71" y="124.00"/>
    </timestep>
    <timestep time="0.60">
        <vehicle id="rlbottom.0" eclass="HBEFA2/P_7_7" CO2="4274.30" CO="48.05" HC="0.99" NOx="8.65" PMx="0.36" fuel="1.70" electricity="0.00" noise="71.38" route="routebottom" type="rl" waiting="0.00" lane="bottom_0" pos="14.98" speed="25.00" angle="67.53" x="93.27" y="5.46"/>
        <vehicle id="rlleft.0" eclass="HBEFA2/P_7_7" CO2="4274.30" CO="48.05" HC="0.99" NOx="8.65" PMx="0.36" fuel="1.70" electricity="0.00" noise="71.38" route="routeleft" type="rl" waiting="0.00" lane="left_0" pos="14.98" speed="25.00" angle="157.55" x="5.46" y="34.05"/>
        <vehicle id="rlright.0" eclass="HBEFA2/P_7_7" CO2="4274.30" CO="48.05" HC="0.99" NOx="8.65" PMx="0.36" fuel="1.70" electricity="0.00" noise="71.38" route="routeright" type="rl" waiting="0.00" lane="right_0" pos="14.98" speed="25.00" angle="337.48" x="121.86" y="93.27"/>
        <vehicle id="rltop.0" eclass="HBEFA2/P_7_7" CO2="4274.30" CO="48.05" HC="0.99" NOx="8.65" PMx="0.36" fuel="1.70" electricity="0.00" noise="71.38" route="routetop" type="rl" waiting="0.00" lane="top_0" pos="14.98" speed="25.00" angle="247.49" x="34.05" y="121.86"/>
    </timestep>
    <timestep time="0.70">
        <vehicle id="rlbottom.0" eclass="HBEFA2/P_7_7" CO2="4274.30" CO="48.05" HC="0.99" NOx="8.65" PMx="0.36" fuel="1.70" electricity="0.00" noise="71.38" route="routebottom" type="rl" waiting="0.00" lane="bottom_0" pos="17.48" speed="25.00" angle="63.02" x="97.74" y="7.96"/>
        <vehicle id="rlleft.0" eclass="HBEFA2/P_7_7" CO2="4274.30" CO="48.05" HC="0.99" NOx="8.65" PMx="0.36" fuel="1.70" electricity="0.00" noise="71.38" route="routeleft" type="rl" waiting="0.00" lane="left_0" pos="17.48" speed="25.00" angle="153.03" x="7.96" y="29.58"/>
        <vehicle id="rlright.0" eclass="HBEFA2/P_7_7" CO2="4274.30" CO="48.05" HC="0.99" NOx="8.65" PMx="0.36" fuel="1.70" electricity="0.00" noise="71.38" route="routeright" type="rl" waiting="0.00" lane="right_0" pos="17.48" speed="25.00" angle="333.05" x="119.36" y="97.75"/>
        <vehicle id="rltop.0" eclass="HBEFA2/P_7_7" CO2="4274.30" CO="48.05" HC="0.99" NOx="8.65" PMx="0.36" fuel="1.70" electricity="0.00" noise="71.38" route="routetop" type="rl" waiting="0.00" lane="top_0" pos="17.48" speed="25.00" angle="243.06" x="29.58" y="119.36"/>
    </timestep>
    <timestep time="0.80">
        <vehicle id="rlbottom.0" eclass="HBEFA2/P_7_7" CO2="4274.30" CO="48.05" HC="0.99" NOx="8.65" PMx="0.36" fuel="1.70" electricity="0.00" noise="71.38" route="routebottom" type="rl" waiting="0.00" lane="bottom_0" pos="19.98" speed="25.00" angle="58.47" x="102.00" y="10.81"/>
        <vehicle id="rlleft.0" eclass="HBEFA2/P_7_7" CO2="4274.30" CO="48.05" HC="0.99" NOx="8.65" PMx="0.36" fuel="1.70" electricity="0.00" noise="71.38" route="routeleft" type="rl" waiting="0.00" lane="left_0" pos="19.98" speed="25.00" angle="148.47" x="10.81" y="25.32"/>
        <vehicle id="rlright.0" eclass="HBEFA2/P_7_7" CO2="4274.30" CO="48.05" HC="0.99" NOx="8.65" PMx="0.36" fuel="1.70" electricity="0.00" noise="71.38" route="routeright" type="rl" waiting="0.00" lane="right_0" pos="19.98" speed="25.00" angle="328.49" x="116.51" y="102.00"/>
        <vehicle id="rltop.0" eclass="HBEFA2/P_7_7" CO2="4274.30" CO="48.05" HC="0.99" NOx="8.65" PMx="0.36" fuel="1.70" electricity="0.00" noise="71.38" route="routetop" type="rl" waiting="0.00" lane="top_0" pos="19.98" speed="25.00" angle="238.49" x="25.32" y="116.51"/>
    </timestep>
    <timestep time="0.90">
        <vehicle id="rlbottom.0" eclass="HBEFA2/P_7_7" CO2="4274.30" CO="48.05" HC="0.99" NOx="8.65" PMx="0.36" fuel="1.70" electricity="0.00" noise="71.38" route="routebottom" type="rl" waiting="0.00" lane="bottom_0" pos="22.48" speed="25.00" angle="54.02" x="106.03" y="13.98"/>
        <vehicle id="rlleft.0" eclass="HBEFA2/P_7_7" CO2="4274.30" CO="48.05" HC="0.99" NOx="8.65" PMx="0.36" fuel="1.70" electricity="0.00" noise="71.38" route="routeleft" type="rl" waiting="0.00" lane="left_0" pos="22.48" speed="25.00" angle="144.01" x="13.98" y="21.29"/>
        <vehicle id="rlright.0" eclass="HBEFA2/P_7_7" CO2="4274.30" CO="48.05" HC="0.99" NOx="8.65" PMx="0.36" fuel="1.70" electricity="0.00" noise="71.38" route="routeright" type="rl" waiting="0.00" lane="right_0" pos="22.48" speed="25.00" angle="324.02" x="113.35" y="106.03"/>
        <vehicle id="rltop.0" eclass="HBEFA2/P_7_7" CO2="4274.30" CO="48.05" HC="0.99" NOx="8.65" PMx="0.36" fuel="1.70" electricity="0.00" noise="71.38" route="routetop" type="rl" waiting="0.00" lane="top_0" pos="22.48" speed="25.00" angle="234.01" x="21.29" y="113.34"/>
    </timestep>
    <timestep time="1.00">
        <vehicle id="rlbottom.0" eclass="HBEFA2/P_7_7" CO2="4274.30" CO="48.05" HC="0.99" NOx="8.65" PMx="0.36" fuel="1.70" electricity="0.00" noise="71.38" route="routebottom" type="rl" waiting="0.00" lane="bottom_0" pos="24.98" speed="25.00" angle="49.58" x="109.80" y="17.45"/>
        <vehicle id="rlleft.0" eclass="HBEFA2/P_7_7" CO2="4274.30" CO="48.05" HC="0.99" NOx="8.65" PMx="0.36" fuel="1.70" electricity="0.00" noise="71.38" route="routeleft" type="rl" waiting="0.00" lane="left_0" pos="24.98" speed="25.00" angle="139.56" x="17.45" y="17.53"/>
        <vehicle id="rlright.0" eclass="HBEFA2/P_7_7" CO2="4274.30" CO="48.05" HC="0.99" NOx="8.65" PMx="0.36" fuel="1.70" electricity="0.00" noise="71.38" route="routeright" type="rl" waiting="0.00" lane="right_0" pos="24.98" speed="25.00" angle="319.58" x="109.87" y="109.80"/>
        <vehicle id="rltop.0" eclass="HBEFA2/P_7_7" CO2="4274.30" CO="48.05" HC="0.99" NOx="8.65" PMx="0.36" fuel="1.70" electricity="0.00" noise="71.38" route="routetop" type="rl" waiting="0.00" lane="top_0" pos="24.98" speed="25.00" angle="229.56" x="17.52" y="109.87"/>
    </timestep>
    <timestep time="1.10">
        <vehicle id="rlbottom.0" eclass="HBEFA2/P_7_7" CO2="4274.30" CO="48.05" HC="0.99" NOx="8.65" PMx="0.36" fuel="1.70" electricity="0.00" noise="71.38" route="routebottom" type="rl" waiting="0.00" lane="bottom_0" pos="27.48" speed="25.00" angle="45.05" x="113.28" y="21.21"/>
        <vehicle id="rlleft.0" eclass="HBEFA2/P_7_7" CO2="4274.30" CO="48.05" HC="0.99" NOx="8.65" PMx="0.36" fuel="1.70" electricity="0.00" noise="71.38" route="routeleft" type="rl" waiting="0.00" lane="left_0" pos="27.48" speed="25.00" angle="135.05" x="21.21" y="14.05"/>
        <vehicle id="rlright.0" eclass="HBEFA2/P_7_7" CO2="4274.30" CO="48.05" HC="0.99" NOx="8.65" PMx="0.36" fuel="1.70" electricity="0.00" noise="71.38" route="routeright" type="rl" waiting="0.00" lane="right_0" pos="27.48" speed="25.00" angle="315.05" x="106.11" y="113.28"/>
        <vehicle id="rltop.0" eclass="HBEFA2/P_7_7" CO2="4274.30" CO="48.05" HC="0.99" NOx="8.65" PMx="0.36" fuel="1.70" electricity="0.00" noise="71.38" route="routetop" type="rl" waiting="0.00" lane="top_0" pos="27.48" speed="25.00" angle="225.04" x="14.04" y="106.11"/>
    </timestep>
    <timestep time="1.20">
        <vehicle id="rlbottom.0" eclass="HBEFA2/P_7_7" CO2="4274.30" CO="48.05" HC="0.99" NOx="8.65" PMx="0.36" fuel="1.70" electricity="0.00" noise="71.38" route="routebottom" type="rl" waiting="0.00" lane="bottom_0" pos="29.98" speed="25.00" angle="40.53" x="116.45" y="25.24"/>
        <vehicle id="rlleft.0" eclass="HBEFA2/P_7_7" CO2="4274.30" CO="48.05" HC="0.99" NOx="8.65" PMx="0.36" fuel="1.70" electricity="0.00" noise="71.38" route="routeleft" type="rl" waiting="0.00" lane="left_0" pos="29.98" speed="25.00" angle="130.54" x="25.24" y="10.87"/>
        <vehicle id="rlright.0" eclass="HBEFA2/P_7_7" CO2="4274.30" CO="48.05" HC="0.99" NOx="8.65" PMx="0.36" fuel="1.70" electricity="0.00" noise="71.38" route="routeright" type="rl" waiting="0.00" lane="right_0" pos="29.98" speed="25.00" angle="310.51" x="102.09" y="116.45"/>
        <vehicle id="rltop.0" eclass="HBEFA2/P_7_7" CO2="4274.30" CO="48.05" HC="0.99" NOx="8.65" PMx="0.36" fuel="1.70" electricity="0.00" noise="71.38" route="routetop" type="rl" waiting="0.00" lane="top_0" pos="29.98" speed="25.00" angle="220.52" x="10.87" y="102.08"/>
    </timestep>
    <timestep time="1.30">
        <vehicle id="rlbottom.0" eclass="HBEFA2/P_7_7" CO2="4274.30" CO="48.05" HC="0.99" NOx="8.65" PMx="0.36" fuel="1.70" electricity="0.00" noise="71.38" route="routebottom" type="rl" waiting="0.00" lane="bottom_0" pos="32.48" speed="25.00" angle="36.09" x="119.31" y="29.49"/>
        <vehicle id="rlleft.0" eclass="HBEFA2/P_7_7" CO2="4274.30" CO="48.05" HC="0.99" NOx="8.65" PMx="0.36" fuel="1.70" electricity="0.00" noise="71.38" route="routeleft" type="rl" waiting="0.00" lane="left_0" pos="32.48" speed="25.00" angle="126.08" x="29.49" y="8.01"/>
        <vehicle id="rlright.0" eclass="HBEFA2/P_7_7" CO2="4274.30" CO="48.05" HC="0.99" NOx="8.65" PMx="0.36" fuel="1.70" electricity="0.00" noise="71.38" route="routeright" type="rl" waiting="0.00" lane="right_0" pos="32.48" speed="25.00" angle="306.08" x="97.83" y="119.31"/>
        <vehicle id="rltop.0" eclass="HBEFA2/P_7_7" CO2="4274.30" CO="48.05" HC="0.99" NOx="8.65" PMx="0.36" fuel="1.70" electricity="0.00" noise="71.38" route="routetop" type="rl" waiting="0.00" lane="top_0" pos="32.48" speed="25.00" angle="216.07" x="8.01" y="97.83"/>
    </timestep>
    <timestep time="1.40">
        <vehicle id="rlbottom.0" eclass="HBEFA2/P_7_7" CO2="4274.30" CO="48.05" HC="0.99" NOx="8.65" PMx="0.36" fuel="1.70" electricity="0.00" noise="71.38" route="routebottom" type="rl" waiting="0.00" lane="bottom_0" pos="34.98" speed="25.00" angle="31.60" x="121.82" y="33.96"/>
        <vehicle id="rlleft.0" eclass="HBEFA2/P_7_7" CO2="4274.30" CO="48.05" HC="0.99" NOx="8.65" PMx="0.36" fuel="1.70" electricity="0.00" noise="71.38" route="routeleft" type="rl" waiting="0.00" lane="left_0" pos="34.98" speed="25.00" angle="121.62" x="33.96" y="5.50"/>
        <vehicle id="rlright.0" eclass="HBEFA2/P_7_7" CO2="4274.30" CO="48.05" HC="0.99" NOx="8.65" PMx="0.36" fuel="1.70" electricity="0.00" noise="71.38" route="routeright" type="rl" waiting="0.00" lane="right_0" pos="34.98" speed="25.00" angle="301.60" x="93.36" y="121.82"/>
        <vehicle id="rltop.0" eclass="HBEFA2/P_7_7" CO2="4274.30" CO="48.05" HC="0.99" NOx="8.65" PMx="0.36" fuel="1.70" electricity="0.00" noise="71.38" route="routetop" type="rl" waiting="0.00" lane="top_0" pos="34.98" speed="25.00" angle="211.62" x="5.50" y="93.36"/>
    </timestep>
    <timestep time="1.50">
        <vehicle id="rlbottom.0" eclass="HBEFA2/P_7_7" CO2="4274.30" CO="48.05" HC="0.99" NOx="8.65" PMx="0.36" fuel="1.70" electricity="0.00" noise="71.38" route="routebottom" type="rl" waiting="0.00" lane="bottom_0" pos="37.48" speed="25.00" angle="27.03" x="123.96" y="38.61"/>
        <vehicle id="rlleft.0" eclass="HBEFA2/P_7_7" CO2="4274.30" CO="48.05" HC="0.99" NOx="8.65" PMx="0.36" fuel="1.70" electricity="0.00" noise="71.38" route="routeleft" type="rl" waiting="0.00" lane="left_0" pos="37.48" speed="25.00" angle="117.06" x="38.61" y="3.36"/>
        <vehicle id="rlright.0" eclass="HBEFA2/P_7_7" CO2="4274.30" CO="48.05" HC="0.99" NOx="8.65" PMx="0.36" fuel="1.70" electricity="0.00" noise="71.38" route="routeright" type="rl" waiting="0.00" lane="right_0" pos="37.48" speed="25.00" angle="297.04" x="88.71" y="123.97"/>
        <vehicle id="rltop.0" eclass="HBEFA2/P_7_7" CO2="4274.30" CO="48.05" HC="0.99" NOx="8.65" PMx="0.36" fuel="1.70" electricity="0.00" noise="71.38" route="routetop" type="rl" waiting="0.00" lane="top_0" pos="37.48" speed="25.00" angle="207.07" x="3.35" y="88.71"/>
    </timestep>
    <timestep time="1.60">
        <vehicle id="rlbottom.0" eclass="HBEFA2/P_7_7" CO2="4274.30" CO="48.05" HC="0.99" NOx="8.65" PMx="0.36" fuel="1.70" electricity="0.00" noise="71.38" route="routebottom" type="rl" waiting="0.00" lane="bottom_0" pos="39.98" speed="25.00" angle="22.60" x="125.75" y="43.41"/>
        <vehicle id="rlleft.0" eclass="HBEFA2/P_7_7" CO2="4274.30" CO="48.05" HC="0.99" NOx="8.65" PMx="0.36" fuel="1.70" electricity="0.00" noise="71.38" route="routeleft" type="rl" waiting="0.00" lane="left_0" pos="39.98" speed="25.00" angle="112.55" x="43.41" y="1.57"/>
        <vehicle id="rlright.0" eclass="HBEFA2/P_7_7" CO2="4274.30" CO="48.05" HC="0.99" NOx="8.65" PMx="0.36" fuel="1.70" electricity="0.00" noise="71.38" route="routeright" type="rl" waiting="0.00" lane="right_0" pos="39.98" speed="25.00" angle="292.61" x="83.91" y="125.76"/>
        <vehicle id="rltop.0" eclass="HBEFA2/P_7_7" CO2="4274.30" CO="48.05" HC="0.99" NOx="8.65" PMx="0.36" fuel="1.70" electricity="0.00" noise="71.38" route="routetop" type="rl" waiting="0.00" lane="top_0" pos="39.98" speed="25.00" angle="202.56" x="1.57" y="83.91"/>
    </timestep>
    <timestep time="1.70">
        <vehicle id="rlbottom.0" eclass="HBEFA2/P_7_7" CO2="4274.30" CO="48.05" HC="0.99" NOx="8.65" PMx="0.36" fuel="1.70" electricity="0.00" noise="71.38" route="routebottom" type="rl" waiting="0.00" lane="bottom_0" pos="42.48" speed="25.00" angle="18.08" x="127.14" y="48.35"/>
        <vehicle id="rlleft.0" eclass="HBEFA2/P_7_7" CO2="4274.30" CO="48.05" HC="0.99" NOx="8.65" PMx="0.36" fuel="1.70" electricity="0.00" noise="71.38" route="routeleft" type="rl" waiting="0.00" lane="left_0" pos="42.48" speed="25.00" angle="108.07" x="48.35" y="0.18"/>
        <vehicle id="rlright.0" eclass="HBEFA2/P_7_7" CO2="4274.30" CO="48.05" HC="0.99" NOx="8.65" PMx="0.36" fuel="1.70" electricity="0.00" noise="71.38" route="routeright" type="rl" waiting="0.00" lane="right_0" pos="42.48" speed="25.00" angle="288.07" x="78.98" y="127.14"/>
        <vehicle id="rltop.0" eclass="HBEFA2/P_7_7" CO2="4274.30" CO="48.05" HC="0.99" NOx="8.65" PMx="0.36" fuel="1.70" electricity="0.00" noise="71.38" route="routetop" type="rl" waiting="0.00" lane="top_0" pos="42.48" speed="25.00" angle="198.06" x="0.18" y="78.98"/>
    </timestep>
    <timestep time="1.80">
        <vehicle id="rlbottom.0" eclass="HBEFA2/P_7_7" CO2="4274.30" CO="48.05" HC="0.99" NOx="8.65" PMx="0.36" fuel="1.70" electricity="0.00" noise="71.38" route="routebottom" type="rl" waiting="0.00" lane="bottom_0" pos="44.98" speed="25.00" angle="13.56" x="128.16" y="53.37"/>
        <vehicle id="rlleft.0" eclass="HBEFA2/P_7_7" CO2="4274.30" CO="48.05" HC="0.99" NOx="8.65" PMx="0.36" fuel="1.70" electricity="0.00" noise="71.38" route="routeleft" type="rl" waiting="0.00" lane="left_0" pos="44.98" speed="25.00" angle="103.61" x="53.37" y="-0.84"/>
        <vehicle id="rlright.0" eclass="HBEFA2/P_7_7" CO2="4274.30" CO="48.05" HC="0.99" NOx="8.65" PMx="0.36" fuel="1.70" electricity="0.00" noise="71.38" route="routeright" type="rl" waiting="0.00" lane="right_0" pos="44.98" speed="25.00" angle="283.55" x="73.95" y="128.16"/>
        <vehicle id="rltop.0" eclass="HBEFA2/P_7_7" CO2="4274.30" CO="48.05" HC="0.99" NOx="8.65" PMx="0.36" fuel="1.70" electricity="0.00" noise="71.38" route="routetop" type="rl" waiting="0.00" lane="top_0" pos="44.98" speed="25.00" angle="193.61" x="-0.84" y="73.95"/>
    </timestep>
    <timestep time="1.90">
        <vehicle id="rlbottom.0" eclass="HBEFA2/P_7_7" CO2="4274.30" CO="48.05" HC="0.99" NOx="8.65" PMx="0.36" fuel="1.70" electricity="0.00" noise="71.38" route="routebottom" type="rl" waiting="0.00" lane="bottom_0" pos="47.48" speed="25.00" angle="9.16" x="128.77" y="58.46"/>
        <vehicle id="rlleft.0" eclass="HBEFA2/P_7_7" CO2="4274.30" CO="48.05" HC="0.99" NOx="8.65" PMx="0.36" fuel="1.70" electricity="0.00" noise="71.38" route="routeleft" type="rl" waiting="0.00" lane="left_0" pos="47.48" speed="25.00" angle="99.11" x="58.46" y="-1.44"/>
        <vehicle id="rlright.0" eclass="HBEFA2/P_7_7" CO2="4274.30" CO="48.05" HC="0.99" NOx="8.65" PMx="0.36" fuel="1.70" electricity="0.00" noise="71.38" route="routeright" type="rl" waiting="0.00" lane="right_0" pos="47.48" speed="25.00" angle="279.15" x="68.86" y="128.77"/>
        <vehicle id="rltop.0" eclass="HBEFA2/P_7_7" CO2="4274.30" CO="48.05" HC="0.99" NOx="8.65" PMx="0.36" fuel="1.70" electricity="0.00" noise="71.38" route="routetop" type="rl" waiting="0.00" lane="top_0" pos="47.48" speed="25.00" angle="189.10" x="-1.44" y="68.86"/>
    </timestep>
    <timestep time="2.00">
        <vehicle id="rlbottom.0" eclass="HBEFA2/P_7_7" CO2="4274.30" CO="48.05" HC="0.99" NOx="8.65" PMx="0.36" fuel="1.70" electricity="0.00" noise="71.38" route="routebottom" type="rl" waiting="0.00" lane="bottom_0" pos="49.98" speed="25.00" angle="4.56" x="128.97" y="63.58"/>
        <vehicle id="rlleft.0" eclass="HBEFA2/P_7_7" CO2="4274.30" CO="48.05" HC="0.99" NOx="8.65" PMx="0.36" fuel="1.70" electricity="0.00" noise="71.38" route="routeleft" type="rl" waiting="0.00" lane="left_0" pos="49.98" speed="25.00" angle="94.56" x="63.58" y="-1.65"/>
        <vehicle id="rlright.0" eclass="HBEFA2/P_7_7" CO2="4274.30" CO="48.05" HC="0.99" NOx="8.65" PMx="0.36" fuel="1.70" electricity="0.00" noise="71.38" route="routeright" type="rl" waiting="0.00" lane="right_0" pos="49.98" speed="25.00" angle="274.55" x="63.74" y="128.97"/>
        <vehicle id="rltop.0" eclass="HBEFA2/P_7_7" CO2="4274.30" CO="48.05" HC="0.99" NOx="8.65" PMx="0.36" fuel="1.70" electricity="0.00" noise="71.38" route="routetop" type="rl" waiting="0.00" lane="top_0" pos="49.98" speed="25.00" angle="184.55" x="-1.65" y="63.74"/>
    </timestep>
    <timestep time="2.10">
        <vehicle id="rlbottom.0" eclass="HBEFA2/P_7_7" CO2="4274.30" CO="48.05" HC="0.99" NOx="8.65" PMx="0.36" fuel="1.70" electricity="0.00" noise="71.38" route="routebottom" type="rl" waiting="0.00" lane="right_0" pos="2.48" speed="25.00" angle="0.03" x="128.78" y="68.76"/>
        <vehicle id="rlleft.0" eclass="HBEFA2/P_7_7" CO2="4274.30" CO="48.05" HC="0.99" NOx="8.65" PMx="0.36" fuel="1.70" electricity="0.00" noise="71.38" route="routebottom" type="rl" waiting="0.00" lane="bottom_0" pos="2.48" speed="25.00" angle="90.03" x="68.76" y="-1.45"/>
        <vehicle id="rlright.0" eclass="HBEFA2/P_7_7" CO2="4274.30" CO="48.05" HC="0.99" NOx="8.65" PMx="0.36" fuel="1.70" electricity="0.00" noise="71.38" route="routetop" type="rl" waiting="0.00" lane="top_0" pos="2.48" speed="25.00" angle="270.03" x="58.56" y="128.78"/>
        <vehicle id="rltop.0" eclass="HBEFA2/P_7_7" CO2="4274.30" CO="48.05" HC="0.99" NOx="8.65" PMx="0.36" fuel="1.70" electricity="0.00" noise="71.38" route="routetop" type="rl" waiting="0.00" lane="left_0" pos="2.48" speed="25.00" angle="180.03" x="-1.45" y="58.56"/>
    </timestep>
    <timestep time="2.20">
        <vehicle id="rlbottom.0" eclass="HBEFA2/P_7_7" CO2="4274.30" CO="48.05" HC="0.99" NOx="8.65" PMx="0.36" fuel="1.70" electricity="0.00" noise="71.38" route="routebottom" type="rl" waiting="0.00" lane="right_0" pos="4.98" speed="25.00" angle="355.56" x="128.17" y="73.85"/>
        <vehicle id="rlleft.0" eclass="HBEFA2/P_7_7" CO2="4274.30" CO="48.05" HC="0.99" NOx="8.65" PMx="0.36" fuel="1.70" electricity="0.00" noise="71.38" route="routebottom" type="rl" waiting="0.00" lane="bottom_0" pos="4.98" speed="25.00" angle="85.56" x="73.85" y="-0.85"/>
        <vehicle id="rlright.0" eclass="HBEFA2/P_7_7" CO2="4274.30" CO="48.05" HC="0.99" NOx="8.65" PMx="0.36" fuel="1.70" electricity="0.00" noise="71.38" route="routetop" type="rl" waiting="0.00" lane="top_0" pos="4.98" speed="25.00" angle="265.55" x="53.47" y="128.17"/>
        <vehicle id="rltop.0" eclass="HBEFA2/P_7_7" CO2="4274.30" CO="48.05" HC="0.99" NOx="8.65" PMx="0.36" fuel="1.70" electricity="0.00" noise="71.38" route="routetop" type="rl" waiting="0.00" lane="left_0" pos="4.98" speed="25.00" angle="175.55" x="-0.85" y="53.47"/>
    </timestep>
    <timestep time="2.30">
        <vehicle id="rlbottom.0" eclass="HBEFA2/P_7_7" CO2="4274.30" CO="48.05" HC="0.99" NOx="8.65" PMx="0.36" fuel="1.70" electricity="0.00" noise="71.38" route="routebottom" type="rl" waiting="0.00" lane="right_0" pos="7.48" speed="25.00" angle="350.95" x="127.17" y="78.88"/>
        <vehicle id="rlleft.0" eclass="HBEFA2/P_7_7" CO2="4274.30" CO="48.05" HC="0.99" NOx="8.65" PMx="0.36" fuel="1.70" electricity="0.00" noise="71.38" route="routebottom" type="rl" waiting="0.00" lane="bottom_0" pos="7.48" speed="25.00" angle="80.99" x="78.88" y="0.15"/>
        <vehicle id="rlright.0" eclass="HBEFA2/P_7_7" CO2="4274.30" CO="48.05" HC="0.99" NOx="8.65" PMx="0.36" fuel="1.70" electricity="0.00" noise="71.38" route="routetop" type="rl" waiting="0.00" lane="top_0" pos="7.48" speed="25.00" angle="260.94" x="48.45" y="127.17"/>
        <vehicle id="rltop.0" eclass="HBEFA2/P_7_7" CO2="4274.30" CO="48.05" HC="0.99" NOx="8.65" PMx="0.36" fuel="1.70" electricity="0.00" noise="71.38" route="routetop" type="rl" waiting="0.00" lane="left_0" pos="7.48" speed="25.00" angle="170.98" x="0.16" y="48.45"/>
    </timestep>
    <timestep time="2.40">
        <vehicle id="rlbottom.0" eclass="HBEFA2/P_7_7" CO2="4274.30" CO="48.05" HC="0.99" NOx="8.65" PMx="0.36" fuel="1.70" electricity="0.00" noise="71.38" route="routebottom" type="rl" waiting="0.00" lane="right_0" pos="9.98" speed="25.00" angle="346.54" x="125.79" y="83.81"/>
        <vehicle id="rlleft.0" eclass="HBEFA2/P_7_7" CO2="4274.30" CO="48.05" HC="0.99" NOx="8.65" PMx="0.36" fuel="1.70" electricity="0.00" noise="71.38" route="routebottom" type="rl" waiting="0.00" lane="bottom_0" pos="9.98" speed="25.00" angle="76.49" x="83.81" y="1.54"/>
        <vehicle id="rlright.0" eclass="HBEFA2/P_7_7" CO2="4274.30" CO="48.05" HC="0.99" NOx="8.65" PMx="0.36" fuel="1.70" electricity="0.00" noise="71.38" route="routetop" type="rl" waiting="0.00" lane="top_0" pos="9.98" speed="25.00" angle="256.53" x="43.51" y="125.78"/>
        <vehicle id="rltop.0" eclass="HBEFA2/P_7_7" CO2="4274.30" CO="48.05" HC="0.99" NOx="8.65" PMx="0.36" fuel="1.70" electricity="0.00" noise="71.38" route="routetop" type="rl" waiting="0.00" lane="left_0" pos="9.98" speed="25.00" angle="166.48" x="1.54" y="43.51"/>
    </timestep>
    <timestep time="2.50">
        <vehicle id="rlbottom.0" eclass="HBEFA2/P_7_7" CO2="4274.30" CO="48.05" HC="0.99" NOx="8.65" PMx="0.36" fuel="1.70" electricity="0.00" noise="71.38" route="routebottom" type="rl" waiting="0.00" lane="right_0" pos="12.48" speed="25.00" angle="342.02" x="124.01" y="88.62"/>
        <vehicle id="rlleft.0" eclass="HBEFA2/P_7_7" CO2="4274.30" CO="48.05" HC="0.99" NOx="8.65" PMx="0.36" fuel="1.70" electricity="0.00" noise="71.38" route="routebottom" type="rl" waiting="0.00" lane="bottom_0" pos="12.48" speed="25.00" angle="72.03" x="88.62" y="3.31"/>
        <vehicle id="rlright.0" eclass="HBEFA2/P_7_7" CO2="4274.30" CO="48.05" HC="0.99" NOx="8.65" PMx="0.36" fuel="1.70" electricity="0.00" noise="71.38" route="routetop" type="rl" waiting="0.00" lane="top_0" pos="12.48" speed="25.00" angle="252.01" x="38.71" y="124.00"/>
        <vehicle id="rltop.0" eclass="HBEFA2/P_7_7" CO2="4274.30" CO="48.05" HC="0.99" NOx="8.65" PMx="0.36" fuel="1.70" electricity="0.00" noise="71.38" route="routetop" type="rl" waiting="0.00" lane="left_0" pos="12.48" speed="25.00" angle="162.02" x="3.32" y="38.70"/>
    </timestep>
    <timestep time="2.60">
        <vehicle id="rlbottom.0" eclass="HBEFA2/P_7_7" CO2="4274.30" CO="48.05" HC="0.99" NOx="8.65" PMx="0.36" fuel="1.70" electricity="0.00" noise="71.38" route="routebottom" type="rl" waiting="0.00" lane="right_0" pos="14.98" speed="25.00" angle="337.48" x="121.86" y="93.27"/>
        <vehicle id="rlleft.0" eclass="HBEFA2/P_7_7" CO2="4274.30" CO="48.05" HC="0.99" NOx="8.65" PMx="0.36" fuel="1.70" electricity="0.00" noise="71.38" route="routebottom" type="rl" waiting="0.00" lane="bottom_0" pos="14.98" speed="25.00" angle="67.53" x="93.27" y="5.46"/>
        <vehicle id="rlright.0" eclass="HBEFA2/P_7_7" CO2="4274.30" CO="48.05" HC="0.99" NOx="8.65" PMx="0.36" fuel="1.70" electricity="0.00" noise="71.38" route="routetop" type="rl" waiting="0.00" lane="top_0" pos="14.98" speed="25.00" angle="247.49" x="34.05" y="121.86"/>
        <vehicle id="rltop.0" eclass="HBEFA2/P_7_7" CO2="4274.30" CO="48.05" HC="0.99" NOx="8.65" PMx="0.36" fuel="1.70" electricity="0.00" noise="71.38" route="routetop" type="rl" waiting="0.00" lane="left_0" pos="14.98" speed="25.00" angle="157.55" x="5.46" y="34.05"/>
    </timestep>
    <timestep time="2.70">
        <vehicle id="rlbottom.0" eclass="HBEFA2/P_7_7" CO2="4274.30" CO="48.05" HC="0.99" NOx="8.65" PMx="0.36" fuel="1.70" electricity="0.00" noise="71.38" route="routebottom" type="rl" waiting="0.00" lane="right_0" pos="17.48" speed="25.00" angle="333.05" x="119.36" y="97.75"/>
        <vehicle id="rlleft.0" eclass="HBEFA2/P_7_7" CO2="4274.30" CO="48.05" HC="0.99" NOx="8.65" PMx="0.36" fuel="1.70" electricity="0.00" noise="71.38" route="routebottom" type="rl" waiting="0.00" lane="bottom_0" pos="17.48" speed="25.00" angle="63.02" x="97.74" y="7.96"/>
        <vehicle id="rlright.0" eclass="HBEFA2/P_7_7" CO2="4274.30" CO="48.05" HC="0.99" NOx="8.65" PMx="0.36" fuel="1.70" electricity="0.00" noise="71.38" route="routetop" type="rl" waiting="0.00" lane="top_0" pos="17.48" speed="25.00" angle="243.06" x="29.58" y="119.36"/>
        <vehicle id="rltop.0" eclass="HBEFA2/P_7_7" CO2="4274.30" CO="48.05" HC="0.99" NOx="8.65" PMx="0.36" fuel="1.70" electricity="0.00" noise="71.38" route="routetop" type="rl" waiting="0.00" lane="left_0" pos="17.48" speed="25.00" angle="153.03" x="7.96" y="29.58"/>
    </timestep>
    <timestep time="2.80">
        <vehicle id="rlbottom.0" eclass="HBEFA2/P_7_7" CO2="4274.30" CO="48.05" HC="0.99" NOx="8.65" PMx="0.36" fuel="1.70" electricity="0.00" noise="71.38" route="routebottom" type="rl" waiting="0.00" lane="right_0" pos="19.98" speed="25.00" angle="328.49" x="116.51" y="102.00"/>
        <vehicle id="rlleft.0" eclass="HBEFA2/P_7_7" CO2="4274.30" CO="48.05" HC="0.99" NOx="8.65" PMx="0.36" fuel="1.70" electricity="0.00" noise="71.38" route="routebottom" type="rl" waiting="0.00" lane="bottom_0" pos="19.98" speed="25.00" angle="58.47" x="102.00" y="10.81"/>
        <vehicle id="rlright.0" eclass="HBEFA2/P_7_7" CO2="4274.30" CO="48.05" HC="0.99" NOx="8.65" PMx="0.36" fuel="1.70" electricity="0.00" noise="71.38" route="routetop" type="rl" waiting="0.00" lane="top_0" pos="19.98" speed="25.00" angle="238.49" x="25.32" y="116.51"/>
        <vehicle id="rltop.0" eclass="HBEFA2/P_7_7" CO2="4274.30" CO="48.05" HC="0.99" NOx="8.65" PMx="0.36" fuel="1.70" electricity="0.00" noise="71.38" route="routetop" type="rl" waiting="0.00" lane="left_0" pos="19.98" speed="25.00" angle="148.47" x="10.81" y="25.32"/>
    </timestep>
    <timestep time="2.90">
        <vehicle id="rlbottom.0" eclass="HBEFA2/P_7_7" CO2="4274.30" CO="48.05" HC="0.99" NOx="8.65" PMx="0.36" fuel="1.70" electricity="0.00" noise="71.38" route="routebottom" type="rl" waiting="0.00" lane="right_0" pos="22.48" speed="25.00" angle="324.02" x="113.35" y="106.03"/>
        <vehicle id="rlleft.0" eclass="HBEFA2/P_7_7" CO2="4274.30" CO="48.05" HC="0.99" NOx="8.65" PMx="0.36" fuel="1.70" electricity="0.00" noise="71.38" route="routebottom" type="rl" waiting="0.00" lane="bottom_0" pos="22.48" speed="25.00" angle="54.02" x="106.03" y="13.98"/>
        <vehicle id="rlright.0" eclass="HBEFA2/P_7_7" CO2="4274.30" CO="48.05" HC="0.99" NOx="8.65" PMx="0.36" fuel="1.70" electricity="0.00" noise="71.38" route="routetop" type="rl" waiting="0.00" lane="top_0" pos="22.48" speed="25.00" angle="234.01" x="21.29" y="113.34"/>
        <vehicle id="rltop.0" eclass="HBEFA2/P_7_7" CO2="4274.30" CO="48.05" HC="0.99" NOx="8.65" PMx="0.36" fuel="1.70" electricity="0.00" noise="71.38" route="routetop" type="rl" waiting="0.00" lane="left_0" pos="22.48" speed="25.00" angle="144.01" x="13.98" y="21.29"/>
    </timestep>
    <timestep time="3.00">
        <vehicle id="rlbottom.0" eclass="HBEFA2/P_7_7" CO2="4274.30" CO="48.05" HC="0.99" NOx="8.65" PMx="0.36" fuel="1.70" electricity="0.00" noise="71.38" route="routebottom" type="rl" waiting="0.00" lane="right_0" pos="24.98" speed="25.00" angle="319.58" x="109.87" y="109.80"/>
        <vehicle id="rlleft.0" eclass="HBEFA2/P_7_7" CO2="4274.30" CO="48.05" HC="0.99" NOx="8.65" PMx="0.36" fuel="1.70" electricity="0.00" noise="71.38" route="routebottom" type="rl" waiting="0.00" lane="bottom_0" pos="24.98" speed="25.00" angle="49.58" x="109.80" y="17.45"/>
        <vehicle id="rlright.0" eclass="HBEFA2/P_7_7" CO2="4274.30" CO="48.05" HC="0.99" NOx="8.65" PMx="0.36" fuel="1.70" electricity="0.00" noise="71.38" route="routetop" type="rl" waiting="0.00" lane="top_0" pos="24.98" speed="25.00" angle="229.56" x="17.52" y="109.87"/>
        <vehicle id="rltop.0" eclass="HBEFA2/P_7_7" CO2="4274.30" CO="48.05" HC="0.99" NOx="8.65" PMx="0.36" fuel="1.70" electricity="0.00" noise="71.38" route="routetop" type="rl" waiting="0.00" lane="left_0" pos="24.98" speed="25.00" angle="139.56" x="17.45" y="17.53"/>
    </timestep>
    <timestep time="3.10">
        <vehicle id="rlbottom.0" eclass="HBEFA2/P_7_7" CO2="4274.30" CO="48.05" HC="0.99" NOx="8.65" PMx="0.36" fuel="1.70" electricity="0.00" noise="71.38" route="routebottom" type="rl" waiting="0.00" lane="right_0" pos="27.48" speed="25.00" angle="315.05" x="106.11" y="113.28"/>
        <vehicle id="rlleft.0" eclass="HBEFA2/P_7_7" CO2="4274.30" CO="48.05" HC="0.99" NOx="8.65" PMx="0.36" fuel="1.70" electricity="0.00" noise="71.38" route="routebottom" type="rl" waiting="0.00" lane="bottom_0" pos="27.48" speed="25.00" angle="45.05" x="113.28" y="21.21"/>
        <vehicle id="rlright.0" eclass="HBEFA2/P_7_7" CO2="4274.30" CO="48.05" HC="0.99" NOx="8.65" PMx="0.36" fuel="1.70" electricity="0.00" noise="71.38" route="routetop" type="rl" waiting="0.00" lane="top_0" pos="27.48" speed="25.00" angle="225.04" x="14.04" y="106.11"/>
        <vehicle id="rltop.0" eclass="HBEFA2/P_7_7" CO2="4274.30" CO="48.05" HC="0.99" NOx="8.65" PMx="0.36" fuel="1.70" electricity="0.00" noise="71.38" route="routetop" type="rl" waiting="0.00" lane="left_0" pos="27.48" speed="25.00" angle="135.05" x="21.21" y="14.05"/>
    </timestep>
    <timestep time="3.20">
        <vehicle id="rlbottom.0" eclass="HBEFA2/P_7_7" CO2="4274.30" CO="48.05" HC="0.99" NOx="8.65" PMx="0.36" fuel="1.70" electricity="0.00" noise="71.38" route="routebottom" type="rl" waiting="0.00" lane="right_0" pos="29.98" speed="25.00" angle="310.51" x="102.09" y="116.45"/>
        <vehicle id="rlleft.0" eclass="HBEFA2/P_7_7" CO2="4274.30" CO="48.05" HC="0.99" NOx="8.65" PMx="0.36" fuel="1.70" electricity="0.00" noise="71.38" route="routebottom" type="rl" waiting="0.00" lane="bottom_0" pos="29.98" speed="25.00" angle="40.53" x="116.45" y="25.24"/>
        <vehicle id="rlright.0" eclass="HBEFA2/P_7_7" CO2="4274.30" CO="48.05" HC="0.99" NOx="8.65" PMx="0.36" fuel="1.70" electricity="0.00" noise="71.38" route="routetop" type="rl" waiting="0.00" lane="top_0" pos="29.98" speed="25.00" angle="220.52" x="10.87" y="102.08"/>
        <vehicle id="rltop.0" eclass="HBEFA2/P_7_7" CO2="4274.30" CO="48.05" HC="0.99" NOx="8.65" PMx="0.36" fuel="1.70" electricity="0.00" noise="71.38" route="routetop" type="rl" waiting="0.00" lane="left_0" pos="29.98" speed="25.00" angle="130.54" x="25.24" y="10.87"/>
    </timestep>
    <timestep time="3.30">
        <vehicle id="rlbottom.0" eclass="HBEFA2/P_7_7" CO2="4274.30" CO="48.05" HC="0.99" NOx="8.65" PMx="0.36" fuel="1.70" electricity="0.00" noise="71.38" route="routebottom" type="rl" waiting="0.00" lane="right_0" pos="32.48" speed="25.00" angle="306.08" x="97.83" y="119.31"/>
        <vehicle id="rlleft.0" eclass="HBEFA2/P_7_7" CO2="4274.30" CO="48.05" HC="0.99" NOx="8.65" PMx="0.36" fuel="1.70" electricity="0.00" noise="71.38" route="routebottom" type="rl" waiting="0.00" lane="bottom_0" pos="32.48" speed="25.00" angle="36.09" x="119.31" y="29.49"/>
        <vehicle id="rlright.0" eclass="HBEFA2/P_7_7" CO2="4274.30" CO="48.05" HC="0.99" NOx="8.65" PMx="0.36" fuel="1.70" electricity="0.00" noise="71.38" route="routetop" type="rl" waiting="0.00" lane="top_0" pos="32.48" speed="25.00" angle="216.07" x="8.01" y="97.83"/>
        <vehicle id="rltop.0" eclass="HBEFA2/P_7_7" CO2="4274.30" CO="48.05" HC="0.99" NOx="8.65" PMx="0.36" fuel="1.70" electricity="0.00" noise="71.38" route="routetop" type="rl" waiting="0.00" lane="left_0" pos="32.48" speed="25.00" angle="126.08" x="29.49" y="8.01"/>
    </timestep>
    <timestep time="3.40">
        <vehicle id="rlbottom.0" eclass="HBEFA2/P_7_7" CO2="4274.30" CO="48.05" HC="0.99" NOx="8.65" PMx="0.36" fuel="1.70" electricity="0.00" noise="71.38" route="routebottom" type="rl" waiting="0.00" lane="right_0" pos="34.98" speed="25.00" angle="301.60" x="93.36" y="121.82"/>
        <vehicle id="rlleft.0" eclass="HBEFA2/P_7_7" CO2="4274.30" CO="48.05" HC="0.99" NOx="8.65" PMx="0.36" fuel="1.70" electricity="0.00" noise="71.38" route="routebottom" type="rl" waiting="0.00" lane="bottom_0" pos="34.98" speed="25.00" angle="31.60" x="121.82" y="33.96"/>
        <vehicle id="rlright.0" eclass="HBEFA2/P_7_7" CO2="4274.30" CO="48.05" HC="0.99" NOx="8.65" PMx="0.36" fuel="1.70" electricity="0.00" noise="71.38" route="routetop" type="rl" waiting="0.00" lane="top_0" pos="34.98" speed="25.00" angle="211.62" x="5.50" y="93.36"/>
        <vehicle id="rltop.0" eclass="HBEFA2/P_7_7" CO2="4274.30" CO="48.05" HC="0.99" NOx="8.65" PMx="0.36" fuel="1.70" electricity="0.00" noise="71.38" route="routetop" type="rl" waiting="0.00" lane="left_0" pos="34.98" speed="25.00" angle="121.62" x="33.96" y="5.50"/>
    </timestep>
    <timestep time="3.50">
        <vehicle id="rlbottom.0" eclass="HBEFA2/P_7_7" CO2="4274.30" CO="48.05" HC="0.99" NOx="8.65" PMx="0.36" fuel="1.70" electricity="0.00" noise="71.38" route="routebottom" type="rl" waiting="0.00" lane="right_0" pos="37.48" speed="25.00" angle="297.04" x="88.71" y="123.97"/>
        <vehicle id="rlleft.0" eclass="HBEFA2/P_7_7" CO2="4274.30" CO="48.05" HC="0.99" NOx="8.65" PMx="0.36" fuel="1.70" electricity="0.00" noise="71.38" route="routebottom" type="rl" waiting="0.00" lane="bottom_0" pos="37.48" speed="25.00" angle="27.03" x="123.96" y="38.61"/>
        <vehicle id="rlright.0" eclass="HBEFA2/P_7_7" CO2="4274.30" CO="48.05" HC="0.99" NOx="8.65" PMx="0.36" fuel="1.70" electricity="0.00" noise="71.38" route="routetop" type="rl" waiting="0.00" lane="top_0" pos="37.48" speed="25.00" angle="207.07" x="3.35" y="88.71"/>
        <vehicle id="rltop.0" eclass="HBEFA2/P_7_7" CO2="4274.30" CO="48.05" HC="0.99" NOx="8.65" PMx="0.36" fuel="1.70" electricity="0.00" noise="71.38" route="routetop" type="rl" waiting="0.00" lane="left_0" pos="37.48" speed="25.00" angle="117.06" x="38.61" y="3.36"/>
    </timestep>
    <timestep time="3.60">
        <vehicle id="rlbottom.0" eclass="HBEFA2/P_7_7" CO2="4274.30" CO="48.05" HC="0.99" NOx="8.65" PMx="0.36" fuel="1.70" electricity="0.00" noise="71.38" route="routebottom" type="rl" waiting="0.00" lane="right_0" pos="39.98" speed="25.00" angle="292.61" x="83.91" y="125.76"/>
        <vehicle id="rlleft.0" eclass="HBEFA2/P_7_7" CO2="4274.30" CO="48.05" HC="0.99" NOx="8.65" PMx="0.36" fuel="1.70" electricity="0.00" noise="71.38" route="routebottom" type="rl" waiting="0.00" lane="bottom_0" pos="39.98" speed="25.00" angle="22.60" x="125.75" y="43.41"/>
        <vehicle id="rlright.0" eclass="HBEFA2/P_7_7" CO2="4274.30" CO="48.05" HC="0.99" NOx="8.65" PMx="0.36" fuel="1.70" electricity="0.00" noise="71.38" route="routetop" type="rl" waiting="0.00" lane="top_0" pos="39.98" speed="25.00" angle="202.56" x="1.57" y="83.91"/>
        <vehicle id="rltop.0" eclass="HBEFA2/P_7_7" CO2="4274.30" CO="48.05" HC="0.99" NOx="8.65" PMx="0.36" fuel="1.70" electricity="0.00" noise="71.38" route="routetop" type="rl" waiting="0.00" lane="left_0" pos="39.98" speed="25.00" angle="112.55" x="43.41" y="1.57"/>
    </timestep>
    <timestep time="3.70">
        <vehicle id="rlbottom.0" eclass="HBEFA2/P_7_7" CO2="4274.30" CO="48.05" HC="0.99" NOx="8.65" PMx="0.36" fuel="1.70" electricity="0.00" noise="71.38" route="routebottom" type="rl" waiting="0.00" lane="right_0" pos="42.48" speed="25.00" angle="288.07" x="78.98" y="127.14"/>
        <vehicle id="rlleft.0" eclass="HBEFA2/P_7_7" CO2="4274.30" CO="48.05" HC="0.99" NOx="8.65" PMx="0.36" fuel="1.70" electricity="0.00" noise="71.38" route="routebottom" type="rl" waiting="0.00" lane="bottom_0" pos="42.48" speed="25.00" angle="18.08" x="127.14" y="48.35"/>
        <vehicle id="rlright.0" eclass="HBEFA2/P_7_7" CO2="4274.30" CO="48.05" HC="0.99" NOx="8.65" PMx="0.36" fuel="1.70" electricity="0.00" noise="71.38" route="routetop" type="rl" waiting="0.00" lane="top_0" pos="42.48" speed="25.00" angle="198.06" x="0.18" y="78.98"/>
        <vehicle id="rltop.0" eclass="HBEFA2/P_7_7" CO2="4274.30" CO="48.05" HC="0.99" NOx="8.65" PMx="0.36" fuel="1.70" electricity="0.00" noise="71.38" route="routetop" type="rl" waiting="0.00" lane="left_0" pos="42.48" speed="25.00" angle="108.07" x="48.35" y="0.18"/>
    </timestep>
    <timestep time="3.80">
        <vehicle id="rlbottom.0" eclass="HBEFA2/P_7_7" CO2="4274.30" CO="48.05" HC="0.99" NOx="8.65" PMx="0.36" fuel="1.70" electricity="0.00" noise="71.38" route="routebottom" type="rl" waiting="0.00" lane="right_0" pos="44.98" speed="25.00" angle="283.55" x="73.95" y="128.16"/>
        <vehicle id="rlleft.0" eclass="HBEFA2/P_7_7" CO2="4274.30" CO="48.05" HC="0.99" NOx="8.65" PMx="0.36" fuel="1.70" electricity="0.00" noise="71.38" route="routebottom" type="rl" waiting="0.00" lane="bottom_0" pos="44.98" speed="25.00" angle="13.56" x="128.16" y="53.37"/>
        <vehicle id="rlright.0" eclass="HBEFA2/P_7_7" CO2="4274.30" CO="48.05" HC="0.99" NOx="8.65" PMx="0.36" fuel="1.70" electricity="0.00" noise="71.38" route="routetop" type="rl" waiting="0.00" lane="top_0" pos="44.98" speed="25.00" angle="193.61" x="-0.84" y="73.95"/>
        <vehicle id="rltop.0" eclass="HBEFA2/P_7_7" CO2="4274.30" CO="48.05" HC="0.99" NOx="8.65" PMx="0.36" fuel="1.70" electricity="0.00" noise="71.38" route="routetop" type="rl" waiting="0.00" lane="left_0" pos="44.98" speed="25.00" angle="103.61" x="53.37" y="-0.84"/>
    </timestep>
    <timestep time="3.90">
        <vehicle id="rlbottom.0" eclass="HBEFA2/P_7_7" CO2="4274.30" CO="48.05" HC="0.99" NOx="8.65" PMx="0.36" fuel="1.70" electricity="0.00" noise="71.38" route="routebottom" type="rl" waiting="0.00" lane="right_0" pos="47.48" speed="25.00" angle="279.15" x="68.86" y="128.77"/>
        <vehicle id="rlleft.0" eclass="HBEFA2/P_7_7" CO2="4274.30" CO="48.05" HC="0.99" NOx="8.65" PMx="0.36" fuel="1.70" electricity="0.00" noise="71.38" route="routebottom" type="rl" waiting="0.00" lane="bottom_0" pos="47.48" speed="25.00" angle="9.16" x="128.77" y="58.46"/>
        <vehicle id="rlright.0" eclass="HBEFA2/P_7_7" CO2="4274.30" CO="48.05" HC="0.99" NOx="8.65" PMx="0.36" fuel="1.70" electricity="0.00" noise="71.38" route="routetop" type="rl" waiting="0.00" lane="top_0" pos="47.48" speed="25.00" angle="189.10" x="-1.44" y="68.86"/>
        <vehicle id="rltop.0" eclass="HBEFA2/P_7_7" CO2="4274.30" CO="48.05" HC="0.99" NOx="8.65" PMx="0.36" fuel="1.70" electricity="0.00" noise="71.38" route="routetop" type="rl" waiting="0.00" lane="left_0" pos="47.48" speed="25.00" angle="99.11" x="58.46" y="-1.44"/>
    </timestep>
    <timestep time="4.00">
        <vehicle id="rlbottom.0" eclass="HBEFA2/P_7_7" CO2="4274.30" CO="48.05" HC="0.99" NOx="8.65" PMx="0.36" fuel="1.70" electricity="0.00" noise="71.38" route="routebottom" type="rl" waiting="0.00" lane="right_0" pos="49.98" speed="25.00" angle="274.55" x="63.74" y="128.97"/>
        <vehicle id="rlleft.0" eclass="HBEFA2/P_7_7" CO2="4274.30" CO="48.05" HC="0.99" NOx="8.65" PMx="0.36" fuel="1.70" electricity="0.00" noise="71.38" route="routebottom" type="rl" waiting="0.00" lane="bottom_0" pos="49.98" speed="25.00" angle="4.56" x="128.97" y="63.58"/>
        <vehicle id="rlright.0" eclass="HBEFA2/P_7_7" CO2="4274.30" CO="48.05" HC="0.99" NOx="8.65" PMx="0.36" fuel="1.70" electricity="0.00" noise="71.38" route="routetop" type="rl" waiting="0.00" lane="top_0" pos="49.98" speed="25.00" angle="184.55" x="-1.65" y="63.74"/>
        <vehicle id="rltop.0" eclass="HBEFA2/P_7_7" CO2="4274.30" CO="48.05" HC="0.99" NOx="8.65" PMx="0.36" fuel="1.70" electricity="0.00" noise="71.38" route="routetop" type="rl" waiting="0.00" lane="left_0" pos="49.98" speed="25.00" angle="94.56" x="63.58" y="-1.65"/>
    </timestep>
    <timestep time="4.10">
        <vehicle id="rlbottom.0" eclass="HBEFA2/P_7_7" CO2="4274.30" CO="48.05" HC="0.99" NOx="8.65" PMx="0.36" fuel="1.70" electricity="0.00" noise="71.38" route="routetop" type="rl" waiting="0.00" lane="top_0" pos="2.48" speed="25.00" angle="270.03" x="58.56" y="128.78"/>
        <vehicle id="rlleft.0" eclass="HBEFA2/P_7_7" CO2="4274.30" CO="48.05" HC="0.99" NOx="8.65" PMx="0.36" fuel="1.70" electricity="0.00" noise="71.38" route="routebottom" type="rl" waiting="0.00" lane="right_0" pos="2.48" speed="25.00" angle="0.03" x="128.78" y="68.76"/>
        <vehicle id="rlright.0" eclass="HBEFA2/P_7_7" CO2="4274.30" CO="48.05" HC="0.99" NOx="8.65" PMx="0.36" fuel="1.70" electricity="0.00" noise="71.38" route="routetop" type="rl" waiting="0.00" lane="left_0" pos="2.48" speed="25.00" angle="180.03" x="-1.45" y="58.56"/>
        <vehicle id="rltop.0" eclass="HBEFA2/P_7_7" CO2="4274.30" CO="48.05" HC="0.99" NOx="8.65" PMx="0.36" fuel="1.70" electricity="0.00" noise="71.38" route="routebottom" type="rl" waiting="0.00" lane="bottom_0" pos="2.48" speed="25.00" angle="90.03" x="68.76" y="-1.45"/>
    </timestep>
    <timestep time="4.20">
        <vehicle id="rlbottom.0" eclass="HBEFA2/P_7_7" CO2="4274.30" CO="48.05" HC="0.99" NOx="8.65" PMx="0.36" fuel="1.70" electricity="0.00" noise="71.38" route="routetop" type="rl" waiting="0.00" lane="top_0" pos="4.98" speed="25.00" angle="265.55" x="53.47" y="128.17"/>
        <vehicle id="rlleft.0" eclass="HBEFA2/P_7_7" CO2="4274.30" CO="48.05" HC="0.99" NOx="8.65" PMx="0.36" fuel="1.70" electricity="0.00" noise="71.38" route="routebottom" type="rl" waiting="0.00" lane="right_0" pos="4.98" speed="25.00" angle="355.56" x="128.17" y="73.85"/>
        <vehicle id="rlright.0" eclass="HBEFA2/P_7_7" CO2="4274.30" CO="48.05" HC="0.99" NOx="8.65" PMx="0.36" fuel="1.70" electricity="0.00" noise="71.38" route="routetop" type="rl" waiting="0.00" lane="left_0" pos="4.98" speed="25.00" angle="175.55" x="-0.85" y="53.47"/>
        <vehicle id="rltop.0" eclass="HBEFA2/P_7_7" CO2="4274.30" CO="48.05" HC="0.99" NOx="8.65" PMx="0.36" fuel="1.70" electricity="0.00" noise="71.38" route="routebottom" type="rl" waiting="0.00" lane="bottom_0" pos="4.98" speed="25.00" angle="85.56" x="73.85" y="-0.85"/>
    </timestep>
    <timestep time="4.30">
        <vehicle id="rlbottom.0" eclass="HBEFA2/P_7_7" CO2="4274.30" CO="48.05" HC="0.99" NOx="8.65" PMx="0.36" fuel="1.70" electricity="0.00" noise="71.38" route="routetop" type="rl" waiting="0.00" lane="top_0" pos="7.48" speed="25.00" angle="260.94" x="48.45" y="127.17"/>
        <vehicle id="rlleft.0" eclass="HBEFA2/P_7_7" CO2="4274.30" CO="48.05" HC="0.99" NOx="8.65" PMx="0.36" fuel="1.70" electricity="0.00" noise="71.38" route="routebottom" type="rl" waiting="0.00" lane="right_0" pos="7.48" speed="25.00" angle="350.95" x="127.17" y="78.88"/>
        <vehicle id="rlright.0" eclass="HBEFA2/P_7_7" CO2="4274.30" CO="48.05" HC="0.99" NOx="8.65" PMx="0.36" fuel="1.70" electricity="0.00" noise="71.38" route="routetop" type="rl" waiting="0.00" lane="left_0" pos="7.48" speed="25.00" angle="170.98" x="0.16" y="48.45"/>
        <vehicle id="rltop.0" eclass="HBEFA2/P_7_7" CO2="4274.30" CO="48.05" HC="0.99" NOx="8.65" PMx="0.36" fuel="1.70" electricity="0.00" noise="71.38" route="routebottom" type="rl" waiting="0.00" lane="bottom_0" pos="7.48" speed="25.00" angle="80.99" x="78.88" y="0.15"/>
    </timestep>
    <timestep time="4.40">
        <vehicle id="rlbottom.0" eclass="HBEFA2/P_7_7" CO2="4274.30" CO="48.05" HC="0.99" NOx="8.65" PMx="0.36" fuel="1.70" electricity="0.00" noise="71.38" route="routetop" type="rl" waiting="0.00" lane="top_0" pos="9.98" speed="25.00" angle="256.53" x="43.51" y="125.78"/>
        <vehicle id="rlleft.0" eclass="HBEFA2/P_7_7" CO2="4274.30" CO="48.05" HC="0.99" NOx="8.65" PMx="0.36" fuel="1.70" electricity="0.00" noise="71.38" route="routebottom" type="rl" waiting="0.00" lane="right_0" pos="9.98" speed="25.00" angle="346.54" x="125.79" y="83.81"/>
        <vehicle id="rlright.0" eclass="HBEFA2/P_7_7" CO2="4274.30" CO="48.05" HC="0.99" NOx="8.65" PMx="0.36" fuel="1.70" electricity="0.00" noise="71.38" route="routetop" type="rl" waiting="0.00" lane="left_0" pos="9.98" speed="25.00" angle="166.48" x="1.54" y="43.51"/>
        <vehicle id="rltop.0" eclass="HBEFA2/P_7_7" CO2="4274.30" CO="48.05" HC="0.99" NOx="8.65" PMx="0.36" fuel="1.70" electricity="0.00" noise="71.38" route="routebottom" type="rl" waiting="0.00" lane="bottom_0" pos="9.98" speed="25.00" angle="76.49" x="83.81" y="1.54"/>
    </timestep>
    <timestep time="4.50">
        <vehicle id="rlbottom.0" eclass="HBEFA2/P_7_7" CO2="4274.30" CO="48.05" HC="0.99" NOx="8.65" PMx="0.36" fuel="1.70" electricity="0.00" noise="71.38" route="routetop" type="rl" waiting="0.00" lane="top_0" pos="12.48" speed="25.00" angle="252.01" x="38.71" y="124.00"/>
        <vehicle id="rlleft.0" eclass="HBEFA2/P_7_7" CO2="4274.30" CO="48.05" HC="0.99" NOx="8.65" PMx="0.36" fuel="1.70" electricity="0.00" noise="71.38" route="routebottom" type="rl" waiting="0.00" lane="right_0" pos="12.48" speed="25.00" angle="342.02" x="124.01" y="88.62"/>
        <vehicle id="rlright.0" eclass="HBEFA2/P_7_7" CO2="4274.30" CO="48.05" HC="0.99" NOx="8.65" PMx="0.36" fuel="1.70" electricity="0.00" noise="71.38" route="routetop" type="rl" waiting="0.00" lane="left_0" pos="12.48" speed="25.00" angle="162.02" x="3.32" y="38.70"/>
        <vehicle id="rltop.0" eclass="HBEFA2/P_7_7" CO2="4274.30" CO="48.05" HC="0.99" NOx="8.65" PMx="0.36" fuel="1.70" electricity="0.00" noise="71.38" route="routebottom" type="rl" waiting="0.00" lane="bottom_0" pos="12.48" speed="25.00" angle="72.03" x="88.62" y="3.31"/>
    </timestep>
    <timestep time="4.60">
        <vehicle id="rlbottom.0" eclass="HBEFA2/P_7_7" CO2="4274.30" CO="48.05" HC="0.99" NOx="8.65" PMx="0.36" fuel="1.70" electricity="0.00" noise="71.38" route="routetop" type="rl" waiting="0.00" lane="top_0" pos="14.98" speed="25.00" angle="247.49" x="34.05" y="121.86"/>
        <vehicle id="rlleft.0" eclass="HBEFA2/P_7_7" CO2="4274.30" CO="48.05" HC="0.99" NOx="8.65" PMx="0.36" fuel="1.70" electricity="0.00" noise="71.38" route="routebottom" type="rl" waiting="0.00" lane="right_0" pos="14.98" speed="25.00" angle="337.48" x="121.86" y="93.27"/>
        <vehicle id="rlright.0" eclass="HBEFA2/P_7_7" CO2="4274.30" CO="48.05" HC="0.99" NOx="8.65" PMx="0.36" fuel="1.70" electricity="0.00" noise="71.38" route="routetop" type="rl" waiting="0.00" lane="left_0" pos="14.98" speed="25.00" angle="157.55" x="5.46" y="34.05"/>
        <vehicle id="rltop.0" eclass="HBEFA2/P_7_7" CO2="4274.30" CO="48.05" HC="0.99" NOx="8.65" PMx="0.36" fuel="1.70" electricity="0.00" noise="71.38" route="routebottom" type="rl" waiting="0.00" lane="bottom_0" pos="14.98" speed="25.00" angle="67.53" x="93.27" y="5.46"/>
    </timestep>
    <timestep time="4.70">
        <vehicle id="rlbottom.0" eclass="HBEFA2/P_7_7" CO2="4274.30" CO="48.05" HC="0.99" NOx="8.65" PMx="0.36" fuel="1.70" electricity="0.00" noise="71.38" route="routetop" type="rl" waiting="0.00" lane="top_0" pos="17.48" speed="25.00" angle="243.06" x="29.58" y="119.36"/>
        <vehicle id="rlleft.0" eclass="HBEFA2/P_7_7" CO2="4274.30" CO="48.05" HC="0.99" NOx="8.65" PMx="0.36" fuel="1.70" electricity="0.00" noise="71.38" route="routebottom" type="rl" waiting="0.00" lane="right_0" pos="17.48" speed="25.00" angle="333.05" x="119.36" y="97.75"/>
        <vehicle id="rlright.0" eclass="HBEFA2/P_7_7" CO2="4274.30" CO="48.05" HC="0.99" NOx="8.65" PMx="0.36" fuel="1.70" electricity="0.00" noise="71.38" route="routetop" type="rl" waiting="0.00" lane="left_0" pos="17.48" speed="25.00" angle="153.03" x="7.96" y="29.58"/>
        <vehicle id="rltop.0" eclass="HBEFA2/P_7_7" CO2="4274.30" CO="48.05" HC="0.99" NOx="8.65" PMx="0.36" fuel="1.70" electricity="0.00" noise="71.38" route="routebottom" type="rl" waiting="0.00" lane="bottom_0" pos="17.48" speed="25.00" angle="63.02" x="97.74" y="7.96"/>
    </timestep>
    <timestep time="4.80">
        <vehicle id="rlbottom.0" eclass="HBEFA2/P_7_7" CO2="4274.30" CO="48.05" HC="0.99" NOx="8.65" PMx="0.36" fuel="1.70" electricity="0.00" noise="71.38" route="routetop" type="rl" waiting="0.00" lane="top_0" pos="19.98" speed="25.00" angle="238.49" x="25.32" y="116.51"/>
        <vehicle id="rlleft.0" eclass="HBEFA2/P_7_7" CO2="4274.30" CO="48.05" HC="0.99" NOx="8.65" PMx="0.36" fuel="1.70" electricity="0.00" noise="71.38" route="routebottom" type="rl" waiting="0.00" lane="right_0" pos="19.98" speed="25.00" angle="328.49" x="116.51" y="102.00"/>
        <vehicle id="rlright.0" eclass="HBEFA2/P_7_7" CO2="4274.30" CO="48.05" HC="0.99" NOx="8.65" PMx="0.36" fuel="1.70" electricity="0.00" noise="71.38" route="routetop" type="rl" waiting="0.00" lane="left_0" pos="19.98" speed="25.00" angle="148.47" x="10.81" y="25.32"/>
        <vehicle id="rltop.0" eclass="HBEFA2/P_7_7" CO2="4274.30" CO="48.05" HC="0.99" NOx="8.65" PMx="0.36" fuel="1.70" electricity="0.00" noise="71.38" route="routebottom" type="rl" waiting="0.00" lane="bottom_0" pos="19.98" speed="25.00" angle="58.47" x="102.00" y="10.81"/>
    </timestep>
    <timestep time="4.90">
        <vehicle id="rlbottom.0" eclass="HBEFA2/P_7_7" CO2="4274.30" CO="48.05" HC="0.99" NOx="8.65" PMx="0.36" fuel="1.70" electricity="0.00" noise="71.38" route="routetop" type="rl" waiting="0.00" lane="top_0" pos="22.48" speed="25.00" angle="234.01" x="21.29" y="113.34"/>
        <vehicle id="rlleft.0" eclass="HBEFA2/P_7_7" CO2="4274.30" CO="48.05" HC="0.99" NOx="8.65" PMx="0.36" fuel="1.70" electricity="0.00" noise="71.38" route="routebottom" type="rl" waiting="0.00" lane="right_0" pos="22.48" speed="25.00" angle="324.02" x="113.35" y="106.03"/>
        <vehicle id="rlright.0" eclass="HBEFA2/P_7_7" CO2="4274.30" CO="48.05" HC="0.99" NOx="8.65" PMx="0.36" fuel="1.70" electricity="0.00" noise="71.38" route="routetop" type="rl" waiting="0.00" lane="left_0" pos="22.48" speed="25.00" angle="144.01" x="13.98" y="21.29"/>
        <vehicle id="rltop.0" eclass="HBEFA2/P_7_7" CO2="4274.30" CO="48.05" HC="0.99" NOx="8.65" PMx="0.36" fuel="1.70" electricity="0.00" noise="71.38" route="routebottom" type="rl" waiting="0.00" lane="bottom_0" pos="22.48" speed="25.00" angle="54.02" x="106.03" y="13.98"/>
    </timestep>
    <timestep time="5.00">
        <vehicle id="rlbottom.0" eclass="HBEFA2/P_7_7" CO2="4274.30" CO="48.05" HC="0.99" NOx="8.65" PMx="0.36" fuel="1.70" electricity="0.00" noise="71.38" route="routetop" type="rl" waiting="0.00" lane="top_0" pos="24.98" speed="25.00" angle="229.56" x="17.52" y="109.87"/>
        <vehicle id="rlleft.0" eclass="HBEFA2/P_7_7" CO2="4274.30" CO="48.05" HC="0.99" NOx="8.65" PMx="0.36" fuel="1.70" electricity="0.00" noise="71.38" route="routebottom" type="rl" waiting="0.00" lane="right_0" pos="24.98" speed="25.00" angle="319.58" x="109.87" y="109.80"/>
        <vehicle id="rlright.0" eclass="HBEFA2/P_7_7" CO2="4274.30" CO="48.05" HC="0.99" NOx="8.65" PMx="0.36" fuel="1.70" electricity="0.00" noise="71.38" route="routetop" type="rl" waiting="0.00" lane="left_0" pos="24.98" speed="25.00" angle="139.56" x="17.45" y="17.53"/>
        <vehicle id="rltop.0" eclass="HBEFA2/P_7_7" CO2="4274.30" CO="48.05" HC="0.99" NOx="8.65" PMx="0.36" fuel="1.70" electricity="0.00" noise="71.38" route="routebottom" type="rl" waiting="0.00" lane="bottom_0" pos="24.98" speed="25.00" angle="49.58" x="109.80" y="17.45"/>
    </timestep>
    <timestep time="5.10">
        <vehicle id="rlbottom.0" eclass="HBEFA2/P_7_7" CO2="601.69" CO="6.37" HC="0.35" NOx="0.84" PMx="0.02" fuel="0.24" electricity="0.00" noise="55.94" route="routebottom" type="rl" waiting="0.00" lane="bottom_0" pos="0.00" speed="0.00" angle="94.49" x="63.69" y="-1.65"/>
        <vehicle id="rlleft.0" eclass="HBEFA2/P_7_7" CO2="601.69" CO="6.37" HC="0.35" NOx="0.84" PMx="0.02" fuel="0.24" electricity="0.00" noise="55.94" route="routeleft" type="rl" waiting="0.00" lane="left_0" pos="0.00" speed="0.00" angle="184.49" x="-1.65" y="63.63"/>
        <vehicle id="rlright.0" eclass="HBEFA2/P_7_7" CO2="601.69" CO="6.37" HC="0.35" NOx="0.84" PMx="0.02" fuel="0.24" electricity="0.00" noise="55.94" route="routeright" type="rl" waiting="0.00" lane="right_0" pos="0.00" speed="0.00" angle="4.49" x="128.97" y="63.69"/>
        <vehicle id="rltop.0" eclass="HBEFA2/P_7_7" CO2="601.69" CO="6.37" HC="0.35" NOx="0.84" PMx="0.02" fuel="0.24" electricity="0.00" noise="55.94" route="routetop" type="rl" waiting="0.00" lane="top_0" pos="0.00" speed="0.00" angle="274.49" x="63.63" y="128.97"/>
    </timestep>
    <timestep time="5.20">
        <vehicle id="rlbottom.0" eclass="HBEFA2/P_7_7" CO2="0.00" CO="0.00" HC="0.00" NOx="0.00" PMx="0.00" fuel="0.00" electricity="0.00" noise="715.68" route="routebottom" type="rl" waiting="0.00" lane="bottom_0" pos="1.49" speed="14.85" angle="91.83" x="66.73" y="-1.57"/>
        <vehicle id="rlleft.0" eclass="HBEFA2/P_7_7" CO2="0.00" CO="0.00" HC="0.00" NOx="0.00" PMx="0.00" fuel="0.00" electricity="0.00" noise="715.68" route="routeleft" type="rl" waiting="0.00" lane="left_0" pos="1.49" speed="14.85" angle="181.83" x="-1.57" y="60.59"/>
        <vehicle id="rlright.0" eclass="HBEFA2/P_7_7" CO2="0.00" CO="0.00" HC="0.00" NOx="0.00" PMx="0.00" fuel="0.00" electricity="0.00" noise="715.68" route="routeright" type="rl" waiting="0.00" lane="right_0" pos="1.49" speed="14.85" angle="1.82" x="128.89" y="66.73"/>
        <vehicle id="rltop.0" eclass="HBEFA2/P_7_7" CO2="0.00" CO="0.00" HC="0.00" NOx="0.00" PMx="0.00" fuel="0.00" electricity="0.00" noise="715.68" route="routetop" type="rl" waiting="0.00" lane="top_0" pos="1.49" speed="14.85" angle="271.82" x="60.59" y="128.89"/>
    </timestep>
    <timestep time="5.30">
        <vehicle id="rlbottom.0" eclass="HBEFA2/P_7_7" CO2="6089.69" CO="83.06" HC="1.86" NOx="12.93" PMx="0.68" fuel="2.43" electricity="0.00" noise="69.65" route="routebottom" type="rl" waiting="0.00" lane="bottom_0" pos="2.99" speed="15.00" angle="89.14" x="69.80" y="-1.35"/>
        <vehicle id="rlleft.0" eclass="HBEFA2/P_7_7" CO2="6089.69" CO="83.06" HC="1.86" NOx="12.93" PMx="0.68" fuel="2.43" electricity="0.00" noise="69.65" route="routeleft" type="rl" waiting="0.00" lane="left_0" pos="2.99" speed="15.00" angle="179.14" x="-1.35" y="57.52"/>
        <vehicle id="rlright.0" eclass="HBEFA2/P_7_7" CO2="6089.69" CO="83.06" HC="1.86" NOx="12.93" PMx="0.68" fuel="2.43" electricity="0.00" noise="69.65" route="routeright" type="rl" waiting="0.00" lane="right_0" pos="2.99" speed="15.00" angle="359.14" x="128.68" y="69.80"/>
        <vehicle id="rltop.0" eclass="HBEFA2/P_7_7" CO2="6089.69" CO="83.06" HC="1.86" NOx="12.93" PMx="0.68" fuel="2.43" electricity="0.00" noise="69.65" route="routetop" type="rl" waiting="0.00" lane="top_0" pos="2.99" speed="15.00" angle="269.14" x="57.52" y="128.68"/>
    </timestep>
    <timestep time="5.40">
        <vehicle id="rlbottom.0" eclass="HBEFA2/P_7_7" CO2="2310.35" CO="0.85" HC="0.37" NOx="3.96" PMx="0.15" fuel="0.92" electricity="0.00" noise="65.37" route="routebottom" type="rl" waiting="0.00" lane="bottom_0" pos="4.49" speed="15.00" angle="86.45" x="72.86" y="-0.99"/>
        <vehicle id="rlleft.0" eclass="HBEFA2/P_7_7" CO2="2310.35" CO="0.85" HC="0.37" NOx="3.96" PMx="0.15" fuel="0.92" electricity="0.00" noise="65.37" route="routeleft" type="rl" waiting="0.00" lane="left_0" pos="4.49" speed="15.00" angle="176.45" x="-0.99" y="54.47"/>
        <vehicle id="rlright.0" eclass="HBEFA2/P_7_7" CO2="2310.35" CO="0.85" HC="0.37" NOx="3.96" PMx="0.15" fuel="0.92" electricity="0.00" noise="65.37" route="routeright" type="rl" waiting="0.00" lane="right_0" pos="4.49" speed="15.00" angle="356.45" x="128.31" y="72.86"/>
        <vehicle id="rltop.0" eclass="HBEFA2/P_7_7" CO2="2310.35" CO="0.85" HC="0.37" NOx="3.96" PMx="0.15" fuel="0.92" electricity="0.00" noise="65.37" route="routetop" type="rl" waiting="0.00" lane="top_0" pos="4.49" speed="15.00" angle="266.45" x="54.47" y="128.31"/>
    </timestep>
    <timestep time="5.50">
        <vehicle id="rlbottom.0" eclass="HBEFA2/P_7_7" CO2="2285.35" CO="0.41" HC="0.36" NOx="3.91" PMx="0.15" fuel="0.91" electricity="0.00" noise="65.34" route="routebottom" type="rl" waiting="0.00" lane="bottom_0" pos="5.99" speed="15.00" angle="83.69" x="75.89" y="-0.48"/>
        <vehicle id="rlleft.0" eclass="HBEFA2/P_7_7" CO2="2285.35" CO="0.41" HC="0.36" NOx="3.91" PMx="0.15" fuel="0.91" electricity="0.00" noise="65.34" route="routeleft" type="rl" waiting="0.00" lane="left_0" pos="5.99" speed="15.00" angle="173.68" x="-0.48" y="51.43"/>
        <vehicle id="rlright.0" eclass="HBEFA2/P_7_7" CO2="2285.35" CO="0.41" HC="0.36" NOx="3.91" PMx="0.15" fuel="0.91" electricity="0.00" noise="65.34" route="routeright" type="rl" waiting="0.00" lane="right_0" pos="5.99" speed="15.00" angle="353.72" x="127.81" y="75.89"/>
        <vehicle id="rltop.0" eclass="HBEFA2/P_7_7" CO2="2285.35" CO="0.41" HC="0.36" NOx="3.91" PMx="0.15" fuel="0.91" electricity="0.00" noise="65.34" route="routetop" type="rl" waiting="0.00" lane="top_0" pos="5.99" speed="15.00" angle="263.72" x="51.43" y="127.81"/>
    </timestep>
    <timestep time="5.60">
        <vehicle id="rlbottom.0" eclass="HBEFA2/P_7_7" CO2="2285.11" CO="0.41" HC="0.36" NOx="3.91" PMx="0.15" fuel="0.91" electricity="0.00" noise="65.34" route="routebottom" type="rl" waiting="0.00" lane="bottom_0" pos="7.49" speed="15.00" angle="80.97" x="78.90" y="0.16"/>
        <vehicle id="rlleft.0" eclass="HBEFA2/P_7_7" CO2="2285.11" CO="0.41" HC="0.36" NOx="3.91" PMx="0.15" fuel="0.91" electricity="0.00" noise="65.34" route="routeleft" type="rl" waiting="0.00" lane="left_0" pos="7.49" speed="15.00" angle="170.96" x="0.16" y="48.43"/>
        <vehicle id="rlright.0" eclass="HBEFA2/P_7_7" CO2="2285.11" CO="0.41" HC="0.36" NOx="3.91" PMx="0.15" fuel="0.91" electricity="0.00" noise="65.34" route="routeright" type="rl" waiting="0.00" lane="right_0" pos="7.49" speed="15.00" angle="350.93" x="127.16" y="78.90"/>
        <vehicle id="rltop.0" eclass="HBEFA2/P_7_7" CO2="2285.11" CO="0.41" HC="0.36" NOx="3.91" PMx="0.15" fuel="0.91" electricity="0.00" noise="65.34" route="routetop" type="rl" waiting="0.00" lane="top_0" pos="7.49" speed="15.00" angle="260.92" x="48.43" y="127.16"/>
    </timestep>
    <timestep time="5.70">
        <vehicle id="rlbottom.0" eclass="HBEFA2/P_7_7" CO2="2285.10" CO="0.41" HC="0.36" NOx="3.91" PMx="0.15" fuel="0.91" electricity="0.00" noise="65.34" route="routebottom" type="rl" waiting="0.00" lane="bottom_0" pos="8.99" speed="15.00" angle="78.29" x="81.87" y="0.94"/>
        <vehicle id="rlleft.0" eclass="HBEFA2/P_7_7" CO2="2285.10" CO="0.41" HC="0.36" NOx="3.91" PMx="0.15" fuel="0.91" electricity="0.00" noise="65.34" route="routeleft" type="rl" waiting="0.00" lane="left_0" pos="8.99" speed="15.00" angle="168.29" x="0.94" y="45.45"/>
        <vehicle id="rlright.0" eclass="HBEFA2/P_7_7" CO2="2285.10" CO="0.41" HC="0.36" NOx="3.91" PMx="0.15" fuel="0.91" electricity="0.00" noise="65.34" route="routeright" type="rl" waiting="0.00" lane="right_0" pos="8.99" speed="15.00" angle="348.35" x="126.39" y="81.87"/>
        <vehicle id="rltop.0" eclass="HBEFA2/P_7_7" CO2="2285.10" CO="0.41" HC="0.36" NOx="3.91" PMx="0.15" fuel="0.91" electricity="0.00" noise="65.34" route="routetop" type="rl" waiting="0.00" lane="top_0" pos="8.99" speed="15.00" angle="258.35" x="45.45" y="126.39"/>
    </timestep>
    <timestep time="5.80">
        <vehicle id="rlbottom.0" eclass="HBEFA2/P_7_7" CO2="2285.10" CO="0.41" HC="0.36" NOx="3.91" PMx="0.15" fuel="0.91" electricity="0.00" noise="65.34" route="routebottom" type="rl" waiting="0.00" lane="bottom_0" pos="10.48" speed="15.00" angle="75.61" x="84.80" y="1.87"/>
        <vehicle id="rlleft.0" eclass="HBEFA2/P_7_7" CO2="2285.10" CO="0.41" HC="0.36" NOx="3.91" PMx="0.15" fuel="0.91" electricity="0.00" noise="65.34" route="routeleft" type="rl" waiting="0.00" lane="left_0" pos="10.48" speed="15.00" angle="165.60" x="1.88" y="42.52"/>
        <vehicle id="rlright.0" eclass="HBEFA2/P_7_7" CO2="2285.10" CO="0.41" HC="0.36" NOx="3.91" PMx="0.15" fuel="0.91" electricity="0.00" noise="65.34" route="routeright" type="rl" waiting="0.00" lane="right_0" pos="10.48" speed="15.00" angle="345.64" x="125.46" y="84.80"/>
        <vehicle id="rltop.0" eclass="HBEFA2/P_7_7" CO2="2285.10" CO="0.41" HC="0.36" NOx="3.91" PMx="0.15" fuel="0.91" electricity="0.00" noise="65.34" route="routetop" type="rl" waiting="0.00" lane="top_0" pos="10.48" speed="15.00" angle="255.63" x="42.52" y="125.45"/>
    </timestep>
    <timestep time="5.90">
        <vehicle id="rlbottom.0" eclass="HBEFA2/P_7_7" CO2="2285.10" CO="0.41" HC="0.36" NOx="3.91" PMx="0.15" fuel="0.91" electricity="0.00" noise="65.34" route="routebottom" type="rl" waiting="0.00" lane="bottom_0" pos="11.98" speed="15.00" angle="72.91" x="87.68" y="2.94"/>
        <vehicle id="rlleft.0" eclass="HBEFA2/P_7_7" CO2="2285.10" CO="0.41" HC="0.36" NOx="3.91" PMx="0.15" fuel="0.91" electricity="0.00" noise="65.34" route="routeleft" type="rl" waiting="0.00" lane="left_0" pos="11.98" speed="15.00" angle="162.90" x="2.95" y="39.64"/>
        <vehicle id="rlright.0" eclass="HBEFA2/P_7_7" CO2="2285.10" CO="0.41" HC="0.36" NOx="3.91" PMx="0.15" fuel="0.91" electricity="0.00" noise="65.34" route="routeright" type="rl" waiting="0.00" lane="right_0" pos="11.98" speed="15.00" angle="342.88" x="124.38" y="87.68"/>
        <vehicle id="rltop.0" eclass="HBEFA2/P_7_7" CO2="2285.10" CO="0.41" HC="0.36" NOx="3.91" PMx="0.15" fuel="0.91" electricity="0.00" noise="65.34" route="routetop" type="rl" waiting="0.00" lane="top_0" pos="11.98" speed="15.00" angle="252.87" x="39.64" y="124.37"/>
    </timestep>
    <timestep time="6.00">
        <vehicle id="rlbottom.0" eclass="HBEFA2/P_7_7" CO2="2285.10" CO="0.41" HC="0.36" NOx="3.91" PMx="0.15" fuel="0.91" electricity="0.00" noise="65.34" route="routebottom" type="rl" waiting="0.00" lane="bottom_0" pos="13.48" speed="15.00" angle="70.24" x="90.52" y="4.14"/>
        <vehicle id="rlleft.0" eclass="HBEFA2/P_7_7" CO2="2285.10" CO="0.41" HC="0.36" NOx="3.91" PMx="0.15" fuel="0.91" electricity="0.00" noise="65.34" route="routeleft" type="rl" waiting="0.00" lane="left_0" pos="13.48" speed="15.00" angle="160.24" x="4.14" y="36.80"/>
        <vehicle id="rlright.0" eclass="HBEFA2/P_7_7" CO2="2285.10" CO="0.41" HC="0.36" NOx="3.91" PMx="0.15" fuel="0.91" electricity="0.00" noise="65.34" route="routeright" type="rl" waiting="0.00" lane="right_0" pos="13.48" speed="15.00" angle="340.21" x="123.18" y="90.52"/>
        <vehicle id="rltop.0" eclass="HBEFA2/P_7_7" CO2="2285.10" CO="0.41" HC="0.36" NOx="3.91" PMx="0.15" fuel="0.91" electricity="0.00" noise="65.34" route="routetop" type="rl" waiting="0.00" lane="top_0" pos="13.48" speed="15.00" angle="250.21" x="36.80" y="123.18"/>
    </timestep>
    <timestep time="6.10">
        <vehicle id="rlbottom.0" eclass="HBEFA2/P_7_7" CO2="2285.10" CO="0.41" HC="0.36" NOx="3.91" PMx="0.15" fuel="0.91" electricity="0.00" noise="65.34" route="routebottom" type="rl" waiting="0.00" lane="bottom_0" pos="14.98" speed="15.00" angle="67.51" x="93.29" y="5.47"/>
        <vehicle id="rlleft.0" eclass="HBEFA2/P_7_7" CO2="2285.10" CO="0.41" HC="0.36" NOx="3.91" PMx="0.15" fuel="0.91" electricity="0.00" noise="65.34" route="routeleft" type="rl" waiting="0.00" lane="left_0" pos="14.98" speed="15.00" angle="157.53" x="5.47" y="34.03"/>
        <vehicle id="rlright.0" eclass="HBEFA2/P_7_7" CO2="2285.10" CO="0.41" HC="0.36" NOx="3.91" PMx="0.15" fuel="0.91" electricity="0.00" noise="65.34" route="routeright" type="rl" waiting="0.00" lane="right_0" pos="14.98" speed="15.00" angle="337.46" x="121.85" y="93.29"/>
        <vehicle id="rltop.0" eclass="HBEFA2/P_7_7" CO2="2285.10" CO="0.41" HC="0.36" NOx="3.91" PMx="0.15" fuel="0.91" electricity="0.00" noise="65.34" route="routetop" type="rl" waiting="0.00" lane="top_0" pos="14.98" speed="15.00" angle="247.47" x="34.03" y="121.86"/>
    </timestep>
    <timestep time="6.20">
        <vehicle id="rlbottom.0" eclass="HBEFA2/P_7_7" CO2="2285.10" CO="0.41" HC="0.36" NOx="3.91" PMx="0.15" fuel="0.91" electricity="0.00" noise="65.34" route="routebottom" type="rl" waiting="0.00" lane="bottom_0" pos="16.48" speed="15.00" angle="64.83" x="96.00" y="6.92"/>
        <vehicle id="rlleft.0" eclass="HBEFA2/P_7_7" CO2="2285.10" CO="0.41" HC="0.36" NOx="3.91" PMx="0.15" fuel="0.91" electricity="0.00" noise="65.34" route="routeleft" type="rl" waiting="0.00" lane="left_0" pos="16.48" speed="15.00" angle="154.83" x="6.93" y="31.32"/>
        <vehicle id="rlright.0" eclass="HBEFA2/P_7_7" CO2="2285.10" CO="0.41" HC="0.36" NOx="3.91" PMx="0.15" fuel="0.91" electricity="0.00" noise="65.34" route="routeright" type="rl" waiting="0.00" lane="right_0" pos="16.48" speed="15.00" angle="334.83" x="120.40" y="96.00"/>
        <vehicle id="rltop.0" eclass="HBEFA2/P_7_7" CO2="2285.10" CO="0.41" HC="0.36" NOx="3.91" PMx="0.15" fuel="0.91" electricity="0.00" noise="65.34" route="routetop" type="rl" waiting="0.00" lane="top_0" pos="16.48" speed="15.00" angle="244.83" x="31.32" y="120.39"/>
    </timestep>
    <timestep time="6.30">
        <vehicle id="rlbottom.0" eclass="HBEFA2/P_7_7" CO2="2285.10" CO="0.41" HC="0.36" NOx="3.91" PMx="0.15" fuel="0.91" electricity="0.00" noise="65.34" route="routebottom" type="rl" waiting="0.00" lane="bottom_0" pos="17.98" speed="15.00" angle="62.12" x="98.64" y="8.50"/>
        <vehicle id="rlleft.0" eclass="HBEFA2/P_7_7" CO2="2285.10" CO="0.41" HC="0.36" NOx="3.91" PMx="0.15" fuel="0.91" electricity="0.00" noise="65.34" route="routeleft" type="rl" waiting="0.00" lane="left_0" pos="17.98" speed="15.00" angle="152.14" x="8.50" y="28.68"/>
        <vehicle id="rlright.0" eclass="HBEFA2/P_7_7" CO2="2285.10" CO="0.41" HC="0.36" NOx="3.91" PMx="0.15" fuel="0.91" electricity="0.00" noise="65.34" route="routeright" type="rl" waiting="0.00" lane="right_0" pos="17.98" speed="15.00" angle="332.17" x="118.82" y="98.64"/>
        <vehicle id="rltop.0" eclass="HBEFA2/P_7_7" CO2="2285.10" CO="0.41" HC="0.36" NOx="3.91" PMx="0.15" fuel="0.91" electricity="0.00" noise="65.34" route="routetop" type="rl" waiting="0.00" lane="top_0" pos="17.98" speed="15.00" angle="242.19" x="28.68" y="118.82"/>
    </timestep>
    <timestep time="6.40">
        <vehicle id="rlbottom.0" eclass="HBEFA2/P_7_7" CO2="2285.10" CO="0.41" HC="0.36" NOx="3.91" PMx="0.15" fuel="0.91" electricity="0.00" noise="65.34" route="routebottom" type="rl" waiting="0.00" lane="bottom_0" pos="19.48" speed="15.00" angle="59.36" x="101.19" y="10.23"/>
        <vehicle id="rlleft.0" eclass="HBEFA2/P_7_7" CO2="2285.10" CO="0.41" HC="0.36" NOx="3.91" PMx="0.15" fuel="0.91" electricity="0.00" noise="65.34" route="routeleft" type="rl" waiting="0.00" lane="left_0" pos="19.48" speed="15.00" angle="149.36" x="10.22" y="26.14"/>
        <vehicle id="rlright.0" eclass="HBEFA2/P_7_7" CO2="2285.10" CO="0.41" HC="0.36" NOx="3.91" PMx="0.15" fuel="0.91" electricity="0.00" noise="65.34" route="routeright" type="rl" waiting="0.00" lane="right_0" pos="19.48" speed="15.00" angle="329.40" x="117.10" y="101.19"/>
        <vehicle id="rltop.0" eclass="HBEFA2/P_7_7" CO2="2285.10" CO="0.41" HC="0.36" NOx="3.91" PMx="0.15" fuel="0.91" electricity="0.00" noise="65.34" route="routetop" type="rl" waiting="0.00" lane="top_0" pos="19.48" speed="15.00" angle="239.40" x="26.13" y="117.10"/>
    </timestep>
    <timestep time="6.50">
        <vehicle id="rlbottom.0" eclass="HBEFA2/P_7_7" CO2="2285.10" CO="0.41" HC="0.36" NOx="3.91" PMx="0.15" fuel="0.91" electricity="0.00" noise="65.34" route="routebottom" type="rl" waiting="0.00" lane="bottom_0" pos="20.98" speed="15.00" angle="56.68" x="103.66" y="12.05"/>
        <vehicle id="rlleft.0" eclass="HBEFA2/P_7_7" CO2="2285.10" CO="0.41" HC="0.36" NOx="3.91" PMx="0.15" fuel="0.91" electricity="0.00" noise="65.34" route="routeleft" type="rl" waiting="0.00" lane="left_0" pos="20.98" speed="15.00" angle="146.70" x="12.05" y="23.66"/>
        <vehicle id="rlright.0" eclass="HBEFA2/P_7_7" CO2="2285.10" CO="0.41" HC="0.36" NOx="3.91" PMx="0.15" fuel="0.91" electricity="0.00" noise="65.34" route="routeright" type="rl" waiting="0.00" lane="right_0" pos="20.98" speed="15.00" angle="326.68" x="115.27" y="103.66"/>
        <vehicle id="rltop.0" eclass="HBEFA2/P_7_7" CO2="2285.10" CO="0.41" HC="0.36" NOx="3.91" PMx="0.15" fuel="0.91" electricity="0.00" noise="65.34" route="routetop" type="rl" waiting="0.00" lane="top_0" pos="20.98" speed="15.00" angle="236.70" x="23.66" y="115.27"/>
    </timestep>
    <timestep time="6.60">
        <vehicle id="rlbottom.0" eclass="HBEFA2/P_7_7" CO2="2285.10" CO="0.41" HC="0.36" NOx="3.91" PMx="0.15" fuel="0.91" electricity="0.00" noise="65.34" route="routebottom" type="rl" waiting="0.00" lane="bottom_0" pos="22.48" speed="15.00" angle="54.00" x="106.05" y="13.99"/>
        <vehicle id="rlleft.0" eclass="HBEFA2/P_7_7" CO2="2285.10" CO="0.41" HC="0.36" NOx="3.91" PMx="0.15" fuel="0.91" electricity="0.00" noise="65.34" route="routeleft" type="rl" waiting="0.00" lane="left_0" pos="22.48" speed="15.00" angle="144.00" x="13.99" y="21.28"/>
        <vehicle id="rlright.0" eclass="HBEFA2/P_7_7" CO2="2285.10" CO="0.41" HC="0.36" NOx="3.91" PMx="0.15" fuel="0.91" electricity="0.00" noise="65.34" route="routeright" type="rl" waiting="0.00" lane="right_0" pos="22.48" speed="15.00" angle="324.00" x="113.33" y="106.05"/>
        <vehicle id="rltop.0" eclass="HBEFA2/P_7_7" CO2="2285.10" CO="0.41" HC="0.36" NOx="3.91" PMx="0.15" fuel="0.91" electricity="0.00" noise="65.34" route="routetop" type="rl" waiting="0.00" lane="top_0" pos="22.48" speed="15.00" angle="233.99" x="21.27" y="113.33"/>
    </timestep>
    <timestep time="6.70">
        <vehicle id="rlbottom.0" eclass="HBEFA2/P_7_7" CO2="2285.10" CO="0.41" HC="0.36" NOx="3.91" PMx="0.15" fuel="0.91" electricity="0.00" noise="65.34" route="routebottom" type="rl" waiting="0.00" lane="bottom_0" pos="23.98" speed="15.00" angle="51.36" x="108.34" y="16.04"/>
        <vehicle id="rlleft.0" eclass="HBEFA2/P_7_7" CO2="2285.10" CO="0.41" HC="0.36" NOx="3.91" PMx="0.15" fuel="0.91" electricity="0.00" noise="65.34" route="routeleft" type="rl" waiting="0.00" lane="left_0" pos="23.98" speed="15.00" angle="141.33" x="16.04" y="18.98"/>
        <vehicle id="rlright.0" eclass="HBEFA2/P_7_7" CO2="2285.10" CO="0.41" HC="0.36" NOx="3.91" PMx="0.15" fuel="0.91" electricity="0.00" noise="65.34" route="routeright" type="rl" waiting="0.00" lane="right_0" pos="23.98" speed="15.00" angle="321.33" x="111.29" y="108.34"/>
        <vehicle id="rltop.0" eclass="HBEFA2/P_7_7" CO2="2285.10" CO="0.41" HC="0.36" NOx="3.91" PMx="0.15" fuel="0.91" electricity="0.00" noise="65.34" route="routetop" type="rl" waiting="0.00" lane="top_0" pos="23.98" speed="15.00" angle="231.29" x="18.98" y="111.28"/>
    </timestep>
    <timestep time="6.80">
        <vehicle id="rlbottom.0" eclass="HBEFA2/P_7_7" CO2="2285.10" CO="0.41" HC="0.36" NOx="3.91" PMx="0.15" fuel="0.91" electricity="0.00" noise="65.34" route="routebottom" type="rl" waiting="0.00" lane="bottom_0" pos="25.48" speed="15.00" angle="48.61" x="110.53" y="18.19"/>
        <vehicle id="rlleft.0" eclass="HBEFA2/P_7_7" CO2="2285.10" CO="0.41" HC="0.36" NOx="3.91" PMx="0.15" fuel="0.91" electricity="0.00" noise="65.34" route="routeleft" type="rl" waiting="0.00" lane="left_0" pos="25.48" speed="15.00" angle="138.61" x="18.19" y="16.79"/>
        <vehicle id="rlright.0" eclass="HBEFA2/P_7_7" CO2="2285.10" CO="0.41" HC="0.36" NOx="3.91" PMx="0.15" fuel="0.91" electricity="0.00" noise="65.34" route="routeright" type="rl" waiting="0.00" lane="right_0" pos="25.48" speed="15.00" angle="318.65" x="109.13" y="110.54"/>
        <vehicle id="rltop.0" eclass="HBEFA2/P_7_7" CO2="2285.10" CO="0.41" HC="0.36" NOx="3.91" PMx="0.15" fuel="0.91" electricity="0.00" noise="65.34" route="routetop" type="rl" waiting="0.00" lane="top_0" pos="25.48" speed="15.00" angle="228.64" x="16.78" y="109.13"/>
    </timestep>
    <timestep time="6.90">
        <vehicle id="rlbottom.0" eclass="HBEFA2/P_7_7" CO2="2285.10" CO="0.41" HC="0.36" NOx="3.91" PMx="0.15" fuel="0.91" electricity="0.00" noise="65.34" route="routebottom" type="rl" waiting="0.00" lane="bottom_0" pos="26.98" speed="15.00" angle="45.98" x="112.63" y="20.44"/>
        <vehicle id="rlleft.0" eclass="HBEFA2/P_7_7" CO2="2285.10" CO="0.41" HC="0.36" NOx="3.91" PMx="0.15" fuel="0.91" electricity="0.00" noise="65.34" route="routeleft" type="rl" waiting="0.00" lane="left_0" pos="26.98" speed="15.00" angle="135.95" x="20.45" y="14.70"/>
        <vehicle id="rlright.0" eclass="HBEFA2/P_7_7" CO2="2285.10" CO="0.41" HC="0.36" NOx="3.91" PMx="0.15" fuel="0.91" electricity="0.00" noise="65.34" route="routeright" type="rl" waiting="0.00" lane="right_0" pos="26.98" speed="15.00" angle="316.01" x="106.88" y="112.63"/>
        <vehicle id="rltop.0" eclass="HBEFA2/P_7_7" CO2="2285.10" CO="0.41" HC="0.36" NOx="3.91" PMx="0.15" fuel="0.91" electricity="0.00" noise="65.34" route="routetop" type="rl" waiting="0.00" lane="top_0" pos="26.98" speed="15.00" angle="225.98" x="14.69" y="106.88"/>
    </timestep>
    <timestep time="7.00">
        <vehicle id="rlbottom.0" eclass="HBEFA2/P_7_7" CO2="2285.10" CO="0.41" HC="0.36" NOx="3.91" PMx="0.15" fuel="0.91" electricity="0.00" noise="65.34" route="routebottom" type="rl" waiting="0.00" lane="bottom_0" pos="28.48" speed="15.00" angle="43.20" x="114.60" y="22.81"/>
        <vehicle id="rlleft.0" eclass="HBEFA2/P_7_7" CO2="2285.10" CO="0.41" HC="0.36" NOx="3.91" PMx="0.15" fuel="0.91" electricity="0.00" noise="65.34" route="routeleft" type="rl" waiting="0.00" lane="left_0" pos="28.48" speed="15.00" angle="133.24" x="22.81" y="12.72"/>
        <vehicle id="rlright.0" eclass="HBEFA2/P_7_7" CO2="2285.10" CO="0.41" HC="0.36" NOx="3.91" PMx="0.15" fuel="0.91" electricity="0.00" noise="65.34" route="routeright" type="rl" waiting="0.00" lane="right_0" pos="28.48" speed="15.00" angle="313.18" x="104.51" y="114.60"/>
        <vehicle id="rltop.0" eclass="HBEFA2/P_7_7" CO2="2285.10" CO="0.41" HC="0.36" NOx="3.91" PMx="0.15" fuel="0.91" electricity="0.00" noise="65.34" route="routetop" type="rl" waiting="0.00" lane="top_0" pos="28.48" speed="15.00" angle="223.21" x="12.72" y="104.51"/>
    </timestep>
    <timestep time="7.10">
        <vehicle id="rlbottom.0" eclass="HBEFA2/P_7_7" CO2="2285.10" CO="0.41" HC="0.36" NOx="3.91" PMx="0.15" fuel="0.91" electricity="0.00" noise="65.34" route="routebottom" type="rl" waiting="0.00" lane="bottom_0" pos="29.98" speed="15.00" angle="40.51" x="116.46" y="25.25"/>
        <vehicle id="rlleft.0" eclass="HBEFA2/P_7_7" CO2="2285.10" CO="0.41" HC="0.36" NOx="3.91" PMx="0.15" fuel="0.91" electricity="0.00" noise="65.34" route="routeleft" type="rl" waiting="0.00" lane="left_0" pos="29.98" speed="15.00" angle="130.52" x="25.25" y="10.86"/>
        <vehicle id="rlright.0" eclass="HBEFA2/P_7_7" CO2="2285.10" CO="0.41" HC="0.36" NOx="3.91" PMx="0.15" fuel="0.91" electricity="0.00" noise="65.34" route="routeright" type="rl" waiting="0.00" lane="right_0" pos="29.98" speed="15.00" angle="310.50" x="102.07" y="116.46"/>
        <vehicle id="rltop.0" eclass="HBEFA2/P_7_7" CO2="2285.10" CO="0.41" HC="0.36" NOx="3.91" PMx="0.15" fuel="0.91" electricity="0.00" noise="65.34" route="routetop" type="rl" waiting="0.00" lane="top_0" pos="29.98" speed="15.00" angle="220.50" x="10.86" y="102.07"/>
    </timestep>
    <timestep time="7.20">
        <vehicle id="rlbottom.0" eclass="HBEFA2/P_7_7" CO2="0.00" CO="0.00" HC="0.00" NOx="0.00" PMx="0.00" fuel="0.00" electricity="0.00" noise="502.55" route="routebottom" type="rl" waiting="0.00" lane="bottom_0" pos="32.48" speed="24.90" angle="36.09" x="119.31" y="29.49"/>
        <vehicle id="rlleft.0" eclass="HBEFA2/P_7_7" CO2="0.00" CO="0.00" HC="0.00" NOx="0.00" PMx="0.00" fuel="0.00" electricity="0.00" noise="502.55" route="routeleft" type="rl" waiting="0.00" lane="left_0" pos="32.48" speed="24.90" angle="126.08" x="29.49" y="8.01"/>
        <vehicle id="rlright.0" eclass="HBEFA2/P_7_7" CO2="0.00" CO="0.00" HC="0.00" NOx="0.00" PMx="0.00" fuel="0.00" electricity="0.00" noise="502.55" route="routeright" type="rl" waiting="0.00" lane="right_0" pos="32.48" speed="24.90" angle="306.08" x="97.83" y="119.31"/>
        <vehicle id="rltop.0" eclass="HBEFA2/P_7_7" CO2="0.00" CO="0.00" HC="0.00" NOx="0.00" PMx="0.00" fuel="0.00" electricity="0.00" noise="502.55" route="routetop" type="rl" waiting="0.00" lane="top_0" pos="32.48" speed="24.90" angle="216.07" x="8.01" y="97.83"/>
    </timestep>
    <timestep time="7.30">
        <vehicle id="rlbottom.0" eclass="HBEFA2/P_7_7" CO2="8026.29" CO="125.58" HC="2.46" NOx="17.24" PMx="0.80" fuel="3.20" electricity="0.00" noise="73.46" route="routebottom" type="rl" waiting="0.00" lane="bottom_0" pos="34.98" speed="25.00" angle="31.60" x="121.82" y="33.96"/>
        <vehicle id="rlleft.0" eclass="HBEFA2/P_7_7" CO2="8026.29" CO="125.58" HC="2.46" NOx="17.24" PMx="0.80" fuel="3.20" electricity="0.00" noise="73.46" route="routeleft" type="rl" waiting="0.00" lane="left_0" pos="34.98" speed="25.00" angle="121.62" x="33.96" y="5.50"/>
        <vehicle id="rlright.0" eclass="HBEFA2/P_7_7" CO2="8026.29" CO="125.58" HC="2.46" NOx="17.24" PMx="0.80" fuel="3.20" electricity="0.00" noise="73.46" route="routeright" type="rl" waiting="0.00" lane="right_0" pos="34.98" speed="25.00" angle="301.60" x="93.36" y="121.82"/>
        <vehicle id="rltop.0" eclass="HBEFA2/P_7_7" CO2="8026.29" CO="125.58" HC="2.46" NOx="17.24" PMx="0.80" fuel="3.20" electricity="0.00" noise="73.46" route="routetop" type="rl" waiting="0.00" lane="top_0" pos="34.98" speed="25.00" angle="211.62" x="5.50" y="93.36"/>
    </timestep>
    <timestep time="7.40">
        <vehicle id="rlbottom.0" eclass="HBEFA2/P_7_7" CO2="4302.31" CO="48.54" HC="1.00" NOx="8.70" PMx="0.36" fuel="1.72" electricity="0.00" noise="71.39" route="routebottom" type="rl" waiting="0.00" lane="bottom_0" pos="37.48" speed="25.00" angle="27.03" x="123.96" y="38.61"/>
        <vehicle id="rlleft.0" eclass="HBEFA2/P_7_7" CO2="4302.31" CO="48.54" HC="1.00" NOx="8.70" PMx="0.36" fuel="1.72" electricity="0.00" noise="71.39" route="routeleft" type="rl" waiting="0.00" lane="left_0" pos="37.48" speed="25.00" angle="117.06" x="38.61" y="3.36"/>
        <vehicle id="rlright.0" eclass="HBEFA2/P_7_7" CO2="4302.31" CO="48.54" HC="1.00" NOx="8.70" PMx="0.36" fuel="1.72" electricity="0.00" noise="71.39" route="routeright" type="rl" waiting="0.00" lane="right_0" pos="37.48" speed="25.00" angle="297.04" x="88.71" y="123.97"/>
        <vehicle id="rltop.0" eclass="HBEFA2/P_7_7" CO2="4302.31" CO="48.54" HC="1.00" NOx="8.70" PMx="0.36" fuel="1.72" electricity="0.00" noise="71.39" route="routetop" type="rl" waiting="0.00" lane="top_0" pos="37.48" speed="25.00" angle="207.07" x="3.35" y="88.71"/>
    </timestep>
    <timestep time="7.50">
        <vehicle id="rlbottom.0" eclass="HBEFA2/P_7_7" CO2="4274.58" CO="48.05" HC="0.99" NOx="8.65" PMx="0.36" fuel="1.70" electricity="0.00" noise="71.38" route="routebottom" type="rl" waiting="0.00" lane="bottom_0" pos="39.98" speed="25.00" angle="22.60" x="125.75" y="43.41"/>
        <vehicle id="rlleft.0" eclass="HBEFA2/P_7_7" CO2="4274.58" CO="48.05" HC="0.99" NOx="8.65" PMx="0.36" fuel="1.70" electricity="0.00" noise="71.38" route="routeleft" type="rl" waiting="0.00" lane="left_0" pos="39.98" speed="25.00" angle="112.55" x="43.41" y="1.57"/>
        <vehicle id="rlright.0" eclass="HBEFA2/P_7_7" CO2="4274.58" CO="48.05" HC="0.99" NOx="8.65" PMx="0.36" fuel="1.70" electricity="0.00" noise="71.38" route="routeright" type="rl" waiting="0.00" lane="right_0" pos="39.98" speed="25.00" angle="292.61" x="83.91" y="125.76"/>
        <vehicle id="rltop.0" eclass="HBEFA2/P_7_7" CO2="4274.58" CO="48.05" HC="0.99" NOx="8.65" PMx="0.36" fuel="1.70" electricity="0.00" noise="71.38" route="routetop" type="rl" waiting="0.00" lane="top_0" pos="39.98" speed="25.00" angle="202.56" x="1.57" y="83.91"/>
    </timestep>
    <timestep time="7.60">
        <vehicle id="rlbottom.0" eclass="HBEFA2/P_7_7" CO2="4274.30" CO="48.05" HC="0.99" NOx="8.65" PMx="0.36" fuel="1.70" electricity="0.00" noise="71.38" route="routebottom" type="rl" waiting="0.00" lane="bottom_0" pos="42.48" speed="25.00" angle="18.08" x="127.14" y="48.35"/>
        <vehicle id="rlleft.0" eclass="HBEFA2/P_7_7" CO2="4274.30" CO="48.05" HC="0.99" NOx="8.65" PMx="0.36" fuel="1.70" electricity="0.00" noise="71.38" route="routeleft" type="rl" waiting="0.00" lane="left_0" pos="42.48" speed="25.00" angle="108.07" x="48.35" y="0.18"/>
        <vehicle id="rlright.0" eclass="HBEFA2/P_7_7" CO2="4274.30" CO="48.05" HC="0.99" NOx="8.65" PMx="0.36" fuel="1.70" electricity="0.00" noise="71.38" route="routeright" type="rl" waiting="0.00" lane="right_0" pos="42.48" speed="25.00" angle="288.07" x="78.98" y="127.14"/>
        <vehicle id="rltop.0" eclass="HBEFA2/P_7_7" CO2="4274.30" CO="48.05" HC="0.99" NOx="8.65" PMx="0.36" fuel="1.70" electricity="0.00" noise="71.38" route="routetop" type="rl" waiting="0.00" lane="top_0" pos="42.48" speed="25.00" angle="198.06" x="0.18" y="78.98"/>
    </timestep>
    <timestep time="7.70">
        <vehicle id="rlbottom.0" eclass="HBEFA2/P_7_7" CO2="4274.30" CO="48.05" HC="0.99" NOx="8.65" PMx="0.36" fuel="1.70" electricity="0.00" noise="71.38" route="routebottom" type="rl" waiting="0.00" lane="bottom_0" pos="44.97" speed="25.00" angle="13.56" x="128.16" y="53.37"/>
        <vehicle id="rlleft.0" eclass="HBEFA2/P_7_7" CO2="4274.30" CO="48.05" HC="0.99" NOx="8.65" PMx="0.36" fuel="1.70" electricity="0.00" noise="71.38" route="routeleft" type="rl" waiting="0.00" lane="left_0" pos="44.97" speed="25.00" angle="103.61" x="53.37" y="-0.84"/>
        <vehicle id="rlright.0" eclass="HBEFA2/P_7_7" CO2="4274.30" CO="48.05" HC="0.99" NOx="8.65" PMx="0.36" fuel="1.70" electricity="0.00" noise="71.38" route="routeright" type="rl" waiting="0.00" lane="right_0" pos="44.97" speed="25.00" angle="283.55" x="73.95" y="128.16"/>
        <vehicle id="rltop.0" eclass="HBEFA2/P_7_7" CO2="4274.30" CO="48.05" HC="0.99" NOx="8.65" PMx="0.36" fuel="1.70" electricity="0.00" noise="71.38" route="routetop" type="rl" waiting="0.00" lane="top_0" pos="44.97" speed="25.00" angle="193.61" x="-0.84" y="73.95"/>
    </timestep>
    <timestep time="7.80">
        <vehicle id="rlbottom.0" eclass="HBEFA2/P_7_7" CO2="4274.30" CO="48.05" HC="0.99" NOx="8.65" PMx="0.36" fuel="1.70" electricity="0.00" noise="71.38" route="routebottom" type="rl" waiting="0.00" lane="bottom_0" pos="47.47" speed="25.00" angle="9.16" x="128.77" y="58.46"/>
        <vehicle id="rlleft.0" eclass="HBEFA2/P_7_7" CO2="4274.30" CO="48.05" HC="0.99" NOx="8.65" PMx="0.36" fuel="1.70" electricity="0.00" noise="71.38" route="routeleft" type="rl" waiting="0.00" lane="left_0" pos="47.47" speed="25.00" angle="99.11" x="58.46" y="-1.44"/>
        <vehicle id="rlright.0" eclass="HBEFA2/P_7_7" CO2="4274.30" CO="48.05" HC="0.99" NOx="8.65" PMx="0.36" fuel="1.70" electricity="0.00" noise="71.38" route="routeright" type="rl" waiting="0.00" lane="right_0" pos="47.47" speed="25.00" angle="279.15" x="68.86" y="128.77"/>
        <vehicle id="rltop.0" eclass="HBEFA2/P_7_7" CO2="4274.30" CO="48.05" HC="0.99" NOx="8.65" PMx="0.36" fuel="1.70" electricity="0.00" noise="71.38" route="routetop" type="rl" waiting="0.00" lane="top_0" pos="47.47" speed="25.00" angle="189.10" x="-1.44" y="68.86"/>
    </timestep>
    <timestep time="7.90">
        <vehicle id="rlbottom.0" eclass="HBEFA2/P_7_7" CO2="4274.30" CO="48.05" HC="0.99" NOx="8.65" PMx="0.36" fuel="1.70" electricity="0.00" noise="71.38" route="routebottom" type="rl" waiting="0.00" lane="bottom_0" pos="49.97" speed="25.00" angle="4.56" x="128.97" y="63.58"/>
        <vehicle id="rlleft.0" eclass="HBEFA2/P_7_7" CO2="4274.30" CO="48.05" HC="0.99" NOx="8.65" PMx="0.36" fuel="1.70" electricity="0.00" noise="71.38" route="routeleft" type="rl" waiting="0.00" lane="left_0" pos="49.97" speed="25.00" angle="94.56" x="63.58" y="-1.65"/>
        <vehicle id="rlright.0" eclass="HBEFA2/P_7_7" CO2="4274.30" CO="48.05" HC="0.99" NOx="8.65" PMx="0.36" fuel="1.70" electricity="0.00" noise="71.38" route="routeright" type="rl" waiting="0.00" lane="right_0" pos="49.97" speed="25.00" angle="274.55" x="63.74" y="128.97"/>
        <vehicle id="rltop.0" eclass="HBEFA2/P_7_7" CO2="4274.30" CO="48.05" HC="0.99" NOx="8.65" PMx="0.36" fuel="1.70" electricity="0.00" noise="71.38" route="routetop" type="rl" waiting="0.00" lane="top_0" pos="49.97" speed="25.00" angle="184.55" x="-1.65" y="63.74"/>
    </timestep>
    <timestep time="8.00">
        <vehicle id="rlbottom.0" eclass="HBEFA2/P_7_7" CO2="4274.30" CO="48.05" HC="0.99" NOx="8.65" PMx="0.36" fuel="1.70" electricity="0.00" noise="71.38" route="routebottom" type="rl" waiting="0.00" lane="right_0" pos="2.47" speed="25.00" angle="0.03" x="128.78" y="68.76"/>
        <vehicle id="rlleft.0" eclass="HBEFA2/P_7_7" CO2="4274.30" CO="48.05" HC="0.99" NOx="8.65" PMx="0.36" fuel="1.70" electricity="0.00" noise="71.38" route="routebottom" type="rl" waiting="0.00" lane="bottom_0" pos="2.47" speed="25.00" angle="90.03" x="68.76" y="-1.45"/>
        <vehicle id="rlright.0" eclass="HBEFA2/P_7_7" CO2="4274.30" CO="48.05" HC="0.99" NOx="8.65" PMx="0.36" fuel="1.70" electricity="0.00" noise="71.38" route="routetop" type="rl" waiting="0.00" lane="top_0" pos="2.47" speed="25.00" angle="270.03" x="58.56" y="128.78"/>
        <vehicle id="rltop.0" eclass="HBEFA2/P_7_7" CO2="4274.30" CO="48.05" HC="0.99" NOx="8.65" PMx="0.36" fuel="1.70" electricity="0.00" noise="71.38" route="routetop" type="rl" waiting="0.00" lane="left_0" pos="2.47" speed="25.00" angle="180.03" x="-1.45" y="58.56"/>
    </timestep>
    <timestep time="8.10">
        <vehicle id="rlbottom.0" eclass="HBEFA2/P_7_7" CO2="4274.30" CO="48.05" HC="0.99" NOx="8.65" PMx="0.36" fuel="1.70" electricity="0.00" noise="71.38" route="routebottom" type="rl" waiting="0.00" lane="right_0" pos="4.97" speed="25.00" angle="355.56" x="128.17" y="73.85"/>
        <vehicle id="rlleft.0" eclass="HBEFA2/P_7_7" CO2="4274.30" CO="48.05" HC="0.99" NOx="8.65" PMx="0.36" fuel="1.70" electricity="0.00" noise="71.38" route="routebottom" type="rl" waiting="0.00" lane="bottom_0" pos="4.97" speed="25.00" angle="85.56" x="73.85" y="-0.85"/>
        <vehicle id="rlright.0" eclass="HBEFA2/P_7_7" CO2="4274.30" CO="48.05" HC="0.99" NOx="8.65" PMx="0.36" fuel="1.70" electricity="0.00" noise="71.38" route="routetop" type="rl" waiting="0.00" lane="top_0" pos="4.97" speed="25.00" angle="265.55" x="53.47" y="128.17"/>
        <vehicle id="rltop.0" eclass="HBEFA2/P_7_7" CO2="4274.30" CO="48.05" HC="0.99" NOx="8.65" PMx="0.36" fuel="1.70" electricity="0.00" noise="71.38" route="routetop" type="rl" waiting="0.00" lane="left_0" pos="4.97" speed="25.00" angle="175.55" x="-0.85" y="53.47"/>
    </timestep>
    <timestep time="8.20">
        <vehicle id="rlbottom.0" eclass="HBEFA2/P_7_7" CO2="10453.72" CO="182.14" HC="3.43" NOx="23.26" PMx="1.21" fuel="4.17" electricity="0.00" noise="74.83" route="routebottom" type="rl" waiting="0.00" lane="right_0" pos="7.49" speed="25.14" angle="350.92" x="127.16" y="78.90"/>
        <vehicle id="rlleft.0" eclass="HBEFA2/P_7_7" CO2="9907.93" CO="169.23" HC="3.21" NOx="21.89" PMx="1.11" fuel="3.95" electricity="0.00" noise="74.53" route="routebottom" type="rl" waiting="0.00" lane="bottom_0" pos="7.49" speed="25.13" angle="80.97" x="78.90" y="0.16"/>
        <vehicle id="rlright.0" eclass="HBEFA2/P_7_7" CO2="18074.96" CO="371.11" HC="6.56" NOx="43.04" PMx="2.79" fuel="7.21" electricity="0.00" noise="78.73" route="routetop" type="rl" waiting="0.00" lane="top_0" pos="7.50" speed="25.25" angle="260.89" x="48.40" y="127.15"/>
        <vehicle id="rltop.0" eclass="HBEFA2/P_7_7" CO2="10599.11" CO="185.60" HC="3.49" NOx="23.63" PMx="1.24" fuel="4.23" electricity="0.00" noise="74.91" route="routetop" type="rl" waiting="0.00" lane="left_0" pos="7.49" speed="25.15" angle="170.95" x="0.16" y="48.42"/>
    </timestep>
</emission-export>
