<?xml version="1.0" encoding="UTF-8"?>

<!-- generated on Mon Feb 27 13:48:35 2017 by SUMO Version 0.29.0
<?xml version="1.0" encoding="UTF-8"?>

<configuration xmlns:xsi="http://www.w3.org/2001/XMLSchema-instance" xsi:noNamespaceSchemaLocation="http://sumo.dlr.de/xsd/sumoConfiguration.xsd">

    <input>
        <net-file value="debug/cfg/test-exp-200m1l.net.xml"/>
        <route-files value="debug/cfg/test-exp-200m1l.rou.xml"/>
        <additional-files value="debug/cfg/test-exp-200m1l.add.xml"/>
    </input>

    <output>
        <netstate-dump value="debug/cfg/data/test-exp-200m1l.netstate.xml"/>
        <emission-output value="debug/cfg/data/test-exp-200m1l.emission.xml"/>
        <amitran-output value="debug/cfg/data/test-exp-200m1l.amitran.xml"/>
        <lanechange-output value="debug/cfg/data/test-exp-200m1l.lanechange.xml"/>
    </output>

    <time>
        <begin value="0"/>
        <end value="3000"/>
        <step-length value="0.1"/>
    </time>

    <traci_server>
        <remote-port value="8873"/>
    </traci_server>

    <gui_only>
        <gui-settings-file value="debug/cfg/test-exp-200m1l.gui.cfg"/>
    </gui_only>

</configuration>
-->

<trajectories xmlns:xsi="http://www.w3.org/2001/XMLSchema-instance" xsi:noNamespaceSchemaLocation="http://sumo.dlr.de/xsd/amitran/trajectories.xsd" timeStepSize="100">
    <actorConfig id="2" vehicleClass="Passenger" fuel="Gasoline" emissionClass="Euro4" ref="cfm_slow"/>
    <vehicle id="0" actorConfig="2" startTime="0" ref="cfm_slow_0"/>
    <motionState vehicle="0" speed="0" time="0" acceleration="0"/>
    <vehicle id="1" actorConfig="2" startTime="0" ref="cfm_slow_1"/>
    <motionState vehicle="1" speed="0" time="0" acceleration="0"/>
    <vehicle id="2" actorConfig="2" startTime="0" ref="cfm_slow_2"/>
    <motionState vehicle="2" speed="0" time="0" acceleration="0"/>
    <vehicle id="3" actorConfig="2" startTime="0" ref="cfm_slow_3"/>
    <motionState vehicle="3" speed="0" time="0" acceleration="0"/>
    <vehicle id="4" actorConfig="2" startTime="0" ref="cfm_slow_4"/>
    <motionState vehicle="4" speed="0" time="0" acceleration="0"/>
    <motionState vehicle="0" speed="149" time="100" acceleration="14851"/>
    <motionState vehicle="1" speed="149" time="100" acceleration="14851"/>
    <motionState vehicle="2" speed="149" time="100" acceleration="14851"/>
    <motionState vehicle="3" speed="149" time="100" acceleration="14851"/>
    <motionState vehicle="4" speed="149" time="100" acceleration="14851"/>
    <motionState vehicle="0" speed="297" time="200" acceleration="14851"/>
    <motionState vehicle="1" speed="297" time="200" acceleration="14851"/>
    <motionState vehicle="2" speed="297" time="200" acceleration="14851"/>
    <motionState vehicle="3" speed="297" time="200" acceleration="14851"/>
    <motionState vehicle="4" speed="297" time="200" acceleration="14851"/>
    <motionState vehicle="0" speed="446" time="300" acceleration="14851"/>
    <motionState vehicle="1" speed="446" time="300" acceleration="14851"/>
    <motionState vehicle="2" speed="446" time="300" acceleration="14851"/>
    <motionState vehicle="3" speed="446" time="300" acceleration="14851"/>
    <motionState vehicle="4" speed="446" time="300" acceleration="14851"/>
    <motionState vehicle="0" speed="594" time="400" acceleration="14851"/>
    <motionState vehicle="1" speed="594" time="400" acceleration="14851"/>
    <motionState vehicle="2" speed="594" time="400" acceleration="14851"/>
    <motionState vehicle="3" speed="594" time="400" acceleration="14851"/>
    <motionState vehicle="4" speed="594" time="400" acceleration="14851"/>
    <motionState vehicle="0" speed="743" time="500" acceleration="14851"/>
    <motionState vehicle="1" speed="743" time="500" acceleration="14851"/>
    <motionState vehicle="2" speed="743" time="500" acceleration="14851"/>
    <motionState vehicle="3" speed="743" time="500" acceleration="14851"/>
    <motionState vehicle="4" speed="743" time="500" acceleration="14851"/>
    <motionState vehicle="0" speed="891" time="600" acceleration="14851"/>
    <motionState vehicle="1" speed="891" time="600" acceleration="14851"/>
    <motionState vehicle="2" speed="891" time="600" acceleration="14851"/>
    <motionState vehicle="3" speed="891" time="600" acceleration="14851"/>
    <motionState vehicle="4" speed="891" time="600" acceleration="14851"/>
    <motionState vehicle="0" speed="1040" time="700" acceleration="14851"/>
    <motionState vehicle="1" speed="1040" time="700" acceleration="14851"/>
    <motionState vehicle="2" speed="1040" time="700" acceleration="14851"/>
    <motionState vehicle="3" speed="1040" time="700" acceleration="14851"/>
    <motionState vehicle="4" speed="1040" time="700" acceleration="14851"/>
    <motionState vehicle="0" speed="1188" time="800" acceleration="14851"/>
    <motionState vehicle="1" speed="1188" time="800" acceleration="14851"/>
    <motionState vehicle="2" speed="1188" time="800" acceleration="14851"/>
    <motionState vehicle="3" speed="1188" time="800" acceleration="14851"/>
    <motionState vehicle="4" speed="1188" time="800" acceleration="14851"/>
    <motionState vehicle="0" speed="1337" time="900" acceleration="14851"/>
    <motionState vehicle="1" speed="1337" time="900" acceleration="14851"/>
    <motionState vehicle="2" speed="1337" time="900" acceleration="14851"/>
    <motionState vehicle="3" speed="1337" time="900" acceleration="14851"/>
    <motionState vehicle="4" speed="1337" time="900" acceleration="14851"/>
    <motionState vehicle="0" speed="1485" time="1000" acceleration="14851"/>
    <motionState vehicle="1" speed="1485" time="1000" acceleration="14851"/>
    <motionState vehicle="2" speed="1485" time="1000" acceleration="14851"/>
    <motionState vehicle="3" speed="1485" time="1000" acceleration="14851"/>
    <motionState vehicle="4" speed="1485" time="1000" acceleration="14851"/>
    <motionState vehicle="0" speed="1634" time="1100" acceleration="14851"/>
    <motionState vehicle="1" speed="1634" time="1100" acceleration="14851"/>
    <motionState vehicle="2" speed="1634" time="1100" acceleration="14851"/>
    <motionState vehicle="3" speed="1634" time="1100" acceleration="14851"/>
    <motionState vehicle="4" speed="1634" time="1100" acceleration="14851"/>
    <motionState vehicle="0" speed="1782" time="1200" acceleration="14851"/>
    <motionState vehicle="1" speed="1782" time="1200" acceleration="14851"/>
    <motionState vehicle="2" speed="1782" time="1200" acceleration="14851"/>
    <motionState vehicle="3" speed="1782" time="1200" acceleration="14851"/>
    <motionState vehicle="4" speed="1782" time="1200" acceleration="14851"/>
    <motionState vehicle="0" speed="1931" time="1300" acceleration="14851"/>
    <motionState vehicle="1" speed="1931" time="1300" acceleration="14851"/>
    <motionState vehicle="2" speed="1931" time="1300" acceleration="14851"/>
    <motionState vehicle="3" speed="1931" time="1300" acceleration="14851"/>
    <motionState vehicle="4" speed="1931" time="1300" acceleration="14851"/>
    <motionState vehicle="0" speed="2079" time="1400" acceleration="14851"/>
    <motionState vehicle="1" speed="2079" time="1400" acceleration="14851"/>
    <motionState vehicle="2" speed="2079" time="1400" acceleration="14851"/>
    <motionState vehicle="3" speed="2079" time="1400" acceleration="14851"/>
    <motionState vehicle="4" speed="2079" time="1400" acceleration="14851"/>
    <motionState vehicle="0" speed="2228" time="1500" acceleration="14851"/>
    <motionState vehicle="1" speed="2228" time="1500" acceleration="14851"/>
    <motionState vehicle="2" speed="2228" time="1500" acceleration="14851"/>
    <motionState vehicle="3" speed="2228" time="1500" acceleration="14851"/>
    <motionState vehicle="4" speed="2228" time="1500" acceleration="14851"/>
    <motionState vehicle="0" speed="2376" time="1600" acceleration="14851"/>
    <motionState vehicle="1" speed="2376" time="1600" acceleration="14851"/>
    <motionState vehicle="2" speed="2376" time="1600" acceleration="14851"/>
    <motionState vehicle="3" speed="2376" time="1600" acceleration="14851"/>
    <motionState vehicle="4" speed="2376" time="1600" acceleration="14851"/>
    <motionState vehicle="0" speed="2525" time="1700" acceleration="14851"/>
    <motionState vehicle="1" speed="2525" time="1700" acceleration="14851"/>
    <motionState vehicle="2" speed="2525" time="1700" acceleration="14851"/>
    <motionState vehicle="3" speed="2525" time="1700" acceleration="14851"/>
    <motionState vehicle="4" speed="2525" time="1700" acceleration="14851"/>
    <motionState vehicle="0" speed="2673" time="1800" acceleration="14851"/>
    <motionState vehicle="1" speed="2673" time="1800" acceleration="14851"/>
    <motionState vehicle="2" speed="2673" time="1800" acceleration="14851"/>
    <motionState vehicle="3" speed="2673" time="1800" acceleration="14851"/>
    <motionState vehicle="4" speed="2673" time="1800" acceleration="14851"/>
    <motionState vehicle="0" speed="2822" time="1900" acceleration="14851"/>
    <motionState vehicle="1" speed="2822" time="1900" acceleration="14851"/>
    <motionState vehicle="2" speed="2822" time="1900" acceleration="14851"/>
    <motionState vehicle="3" speed="2822" time="1900" acceleration="14851"/>
    <motionState vehicle="4" speed="2822" time="1900" acceleration="14851"/>
    <motionState vehicle="0" speed="2970" time="2000" acceleration="14851"/>
    <motionState vehicle="1" speed="2970" time="2000" acceleration="14851"/>
    <motionState vehicle="2" speed="2970" time="2000" acceleration="14851"/>
    <motionState vehicle="3" speed="2970" time="2000" acceleration="14851"/>
    <motionState vehicle="4" speed="2970" time="2000" acceleration="14851"/>
    <motionState vehicle="0" speed="3119" time="2100" acceleration="14851"/>
    <motionState vehicle="1" speed="3119" time="2100" acceleration="14851"/>
    <motionState vehicle="2" speed="3119" time="2100" acceleration="14851"/>
    <motionState vehicle="3" speed="3119" time="2100" acceleration="14851"/>
    <motionState vehicle="4" speed="3119" time="2100" acceleration="14851"/>
    <motionState vehicle="0" speed="3256" time="2200" acceleration="13675"/>
    <motionState vehicle="1" speed="3256" time="2200" acceleration="13675"/>
    <motionState vehicle="2" speed="3256" time="2200" acceleration="13675"/>
    <motionState vehicle="3" speed="3256" time="2200" acceleration="13675"/>
    <motionState vehicle="4" speed="3267" time="2200" acceleration="14851"/>
    <motionState vehicle="0" speed="3379" time="2300" acceleration="12321"/>
    <motionState vehicle="1" speed="3379" time="2300" acceleration="12321"/>
    <motionState vehicle="2" speed="3379" time="2300" acceleration="12321"/>
    <motionState vehicle="3" speed="3380" time="2300" acceleration="12449"/>
    <motionState vehicle="4" speed="3416" time="2300" acceleration="14851"/>
    <motionState vehicle="0" speed="3490" time="2400" acceleration="11101"/>
    <motionState vehicle="1" speed="3490" time="2400" acceleration="11101"/>
    <motionState vehicle="2" speed="3490" time="2400" acceleration="11115"/>
    <motionState vehicle="3" speed="3495" time="2400" acceleration="11490"/>
    <motionState vehicle="4" speed="3564" time="2400" acceleration="14851"/>
    <motionState vehicle="0" speed="3590" time="2500" acceleration="10002"/>
    <motionState vehicle="1" speed="3590" time="2500" acceleration="10004"/>
    <motionState vehicle="2" speed="3590" time="2500" acceleration="10057"/>
    <motionState vehicle="3" speed="3602" time="2500" acceleration="10754"/>
    <motionState vehicle="4" speed="3713" time="2500" acceleration="14851"/>
    <motionState vehicle="0" speed="3680" time="2600" acceleration="9012"/>
    <motionState vehicle="1" speed="3680" time="2600" acceleration="9019"/>
    <motionState vehicle="2" speed="3682" time="2600" acceleration="9142"/>
    <motionState vehicle="3" speed="3705" time="2600" acceleration="10204"/>
    <motionState vehicle="4" speed="3861" time="2600" acceleration="14851"/>
    <motionState vehicle="0" speed="3761" time="2700" acceleration="8120"/>
    <motionState vehicle="1" speed="3761" time="2700" acceleration="8140"/>
    <motionState vehicle="2" speed="3766" time="2700" acceleration="8364"/>
    <motionState vehicle="3" speed="3803" time="2700" acceleration="9809"/>
    <motionState vehicle="4" speed="4001" time="2700" acceleration="14004"/>
    <motionState vehicle="0" speed="3834" time="2800" acceleration="7319"/>
    <motionState vehicle="1" speed="3835" time="2800" acceleration="7361"/>
    <motionState vehicle="2" speed="3843" time="2800" acceleration="7716"/>
    <motionState vehicle="3" speed="3897" time="2800" acceleration="9450"/>
    <motionState vehicle="4" speed="4119" time="2800" acceleration="11797"/>
    <motionState vehicle="0" speed="3900" time="2900" acceleration="6599"/>
    <motionState vehicle="1" speed="3902" time="2900" acceleration="6675"/>
    <motionState vehicle="2" speed="3914" time="2900" acceleration="7178"/>
    <motionState vehicle="3" speed="3987" time="2900" acceleration="8967"/>
    <motionState vehicle="4" speed="4218" time="2900" acceleration="9903"/>
    <motionState vehicle="0" speed="3960" time="3000" acceleration="5954"/>
    <motionState vehicle="1" speed="3963" time="3000" acceleration="6076"/>
    <motionState vehicle="2" speed="3982" time="3000" acceleration="6716"/>
    <motionState vehicle="3" speed="4071" time="3000" acceleration="8401"/>
    <motionState vehicle="4" speed="4301" time="3000" acceleration="8280"/>
    <motionState vehicle="0" speed="4014" time="3100" acceleration="5380"/>
    <motionState vehicle="1" speed="4018" time="3100" acceleration="5557"/>
    <motionState vehicle="2" speed="4045" time="3100" acceleration="6306"/>
    <motionState vehicle="3" speed="4149" time="3100" acceleration="7785"/>
    <motionState vehicle="4" speed="4370" time="3100" acceleration="6892"/>
    <motionState vehicle="0" speed="4062" time="3200" acceleration="4869"/>
    <motionState vehicle="1" speed="4069" time="3200" acceleration="5107"/>
    <motionState vehicle="2" speed="4104" time="3200" acceleration="5931"/>
    <motionState vehicle="3" speed="4220" time="3200" acceleration="7146"/>
    <motionState vehicle="4" speed="4427" time="3200" acceleration="5707"/>
    <motionState vehicle="0" speed="4107" time="3300" acceleration="4417"/>
    <motionState vehicle="1" speed="4116" time="3300" acceleration="4718"/>
    <motionState vehicle="2" speed="4160" time="3300" acceleration="5579"/>
    <motionState vehicle="3" speed="4285" time="3300" acceleration="6501"/>
    <motionState vehicle="4" speed="4474" time="3300" acceleration="4698"/>
    <motionState vehicle="0" speed="4147" time="3400" acceleration="4019"/>
    <motionState vehicle="1" speed="4160" time="3400" acceleration="4379"/>
    <motionState vehicle="2" speed="4212" time="3400" acceleration="5242"/>
    <motionState vehicle="3" speed="4344" time="3400" acceleration="5866"/>
    <motionState vehicle="4" speed="4513" time="3400" acceleration="3841"/>
    <motionState vehicle="0" speed="4183" time="3500" acceleration="3670"/>
    <motionState vehicle="1" speed="4201" time="3500" acceleration="4082"/>
    <motionState vehicle="2" speed="4261" time="3500" acceleration="4915"/>
    <motionState vehicle="3" speed="4396" time="3500" acceleration="5252"/>
    <motionState vehicle="4" speed="4544" time="3500" acceleration="3116"/>
    <motionState vehicle="0" speed="4217" time="3600" acceleration="3365"/>
    <motionState vehicle="1" speed="4239" time="3600" acceleration="3820"/>
    <motionState vehicle="2" speed="4307" time="3600" acceleration="4595"/>
    <motionState vehicle="3" speed="4443" time="3600" acceleration="4666"/>
    <motionState vehicle="4" speed="4569" time="3600" acceleration="2506"/>
    <motionState vehicle="0" speed="4248" time="3700" acceleration="3099"/>
    <motionState vehicle="1" speed="4275" time="3700" acceleration="3586"/>
    <motionState vehicle="2" speed="4350" time="3700" acceleration="4282"/>
    <motionState vehicle="3" speed="4484" time="3700" acceleration="4115"/>
    <motionState vehicle="4" speed="4589" time="3700" acceleration="1994"/>
    <motionState vehicle="0" speed="4277" time="3800" acceleration="2867"/>
    <motionState vehicle="1" speed="4309" time="3800" acceleration="3374"/>
    <motionState vehicle="2" speed="4390" time="3800" acceleration="3974"/>
    <motionState vehicle="3" speed="4520" time="3800" acceleration="3601"/>
    <motionState vehicle="4" speed="4604" time="3800" acceleration="1569"/>
    <motionState vehicle="0" speed="4303" time="3900" acceleration="2665"/>
    <motionState vehicle="1" speed="4341" time="3900" acceleration="3180"/>
    <motionState vehicle="2" speed="4427" time="3900" acceleration="3672"/>
    <motionState vehicle="3" speed="4551" time="3900" acceleration="3127"/>
    <motionState vehicle="4" speed="4617" time="3900" acceleration="1218"/>
    <motionState vehicle="0" speed="4328" time="4000" acceleration="2489"/>
    <motionState vehicle="1" speed="4371" time="4000" acceleration="2999"/>
    <motionState vehicle="2" speed="4460" time="4000" acceleration="3378"/>
    <motionState vehicle="3" speed="4578" time="4000" acceleration="2693"/>
    <motionState vehicle="4" speed="4626" time="4000" acceleration="930"/>
    <motionState vehicle="0" speed="4352" time="4100" acceleration="2335"/>
    <motionState vehicle="1" speed="4399" time="4100" acceleration="2829"/>
    <motionState vehicle="2" speed="4491" time="4100" acceleration="3093"/>
    <motionState vehicle="3" speed="4601" time="4100" acceleration="2299"/>
    <motionState vehicle="4" speed="4633" time="4100" acceleration="698"/>
    <motionState vehicle="0" speed="4374" time="4200" acceleration="2199"/>
    <motionState vehicle="1" speed="4426" time="4200" acceleration="2666"/>
    <motionState vehicle="2" speed="4519" time="4200" acceleration="2817"/>
    <motionState vehicle="3" speed="4621" time="4200" acceleration="1944"/>
    <motionState vehicle="4" speed="4638" time="4200" acceleration="512"/>
    <motionState vehicle="0" speed="4394" time="4300" acceleration="2079"/>
    <motionState vehicle="1" speed="4451" time="4300" acceleration="2510"/>
    <motionState vehicle="2" speed="4545" time="4300" acceleration="2552"/>
    <motionState vehicle="3" speed="4637" time="4300" acceleration="1627"/>
    <motionState vehicle="4" speed="4642" time="4300" acceleration="367"/>
    <motionState vehicle="0" speed="4414" time="4400" acceleration="1972"/>
    <motionState vehicle="1" speed="4474" time="4400" acceleration="2359"/>
    <motionState vehicle="2" speed="4568" time="4400" acceleration="2299"/>
    <motionState vehicle="3" speed="4650" time="4400" acceleration="1346"/>
    <motionState vehicle="4" speed="4644" time="4400" acceleration="255"/>
    <motionState vehicle="0" speed="4433" time="4500" acceleration="1874"/>
    <motionState vehicle="1" speed="4496" time="4500" acceleration="2213"/>
    <motionState vehicle="2" speed="4589" time="4500" acceleration="2058"/>
    <motionState vehicle="3" speed="4661" time="4500" acceleration="1098"/>
    <motionState vehicle="4" speed="4646" time="4500" acceleration="172"/>
    <motionState vehicle="0" speed="4451" time="4600" acceleration="1785"/>
    <motionState vehicle="1" speed="4517" time="4600" acceleration="2070"/>
    <motionState vehicle="2" speed="4607" time="4600" acceleration="1832"/>
    <motionState vehicle="3" speed="4670" time="4600" acceleration="882"/>
    <motionState vehicle="4" speed="4647" time="4600" acceleration="112"/>
    <motionState vehicle="0" speed="4468" time="4700" acceleration="1702"/>
    <motionState vehicle="1" speed="4536" time="4700" acceleration="1930"/>
    <motionState vehicle="2" speed="4623" time="4700" acceleration="1619"/>
    <motionState vehicle="3" speed="4677" time="4700" acceleration="696"/>
    <motionState vehicle="4" speed="4648" time="4700" acceleration="73"/>
    <motionState vehicle="0" speed="4484" time="4800" acceleration="1624"/>
    <motionState vehicle="1" speed="4554" time="4800" acceleration="1794"/>
    <motionState vehicle="2" speed="4637" time="4800" acceleration="1421"/>
    <motionState vehicle="3" speed="4683" time="4800" acceleration="536"/>
    <motionState vehicle="4" speed="4648" time="4800" acceleration="48"/>
    <motionState vehicle="0" speed="4499" time="4900" acceleration="1550"/>
    <motionState vehicle="1" speed="4571" time="4900" acceleration="1662"/>
    <motionState vehicle="2" speed="4650" time="4900" acceleration="1238"/>
    <motionState vehicle="3" speed="4687" time="4900" acceleration="401"/>
    <motionState vehicle="4" speed="4649" time="4900" acceleration="37"/>
    <motionState vehicle="0" speed="4514" time="5000" acceleration="1478"/>
    <motionState vehicle="1" speed="4586" time="5000" acceleration="1533"/>
    <motionState vehicle="2" speed="4660" time="5000" acceleration="1069"/>
    <motionState vehicle="3" speed="4689" time="5000" acceleration="288"/>
    <motionState vehicle="4" speed="4649" time="5000" acceleration="35"/>
    <motionState vehicle="0" speed="4528" time="5100" acceleration="1408"/>
    <motionState vehicle="1" speed="4600" time="5100" acceleration="1409"/>
    <motionState vehicle="2" speed="4670" time="5100" acceleration="914"/>
    <motionState vehicle="3" speed="4691" time="5100" acceleration="194"/>
    <motionState vehicle="4" speed="4649" time="5100" acceleration="41"/>
    <motionState vehicle="0" speed="4542" time="5200" acceleration="1340"/>
    <motionState vehicle="1" speed="4613" time="5200" acceleration="1289"/>
    <motionState vehicle="2" speed="4677" time="5200" acceleration="774"/>
    <motionState vehicle="3" speed="4693" time="5200" acceleration="118"/>
    <motionState vehicle="4" speed="4650" time="5200" acceleration="53"/>
    <motionState vehicle="0" speed="4554" time="5300" acceleration="1273"/>
    <motionState vehicle="1" speed="4625" time="5300" acceleration="1174"/>
    <motionState vehicle="2" speed="4684" time="5300" acceleration="648"/>
    <motionState vehicle="3" speed="4693" time="5300" acceleration="58"/>
    <motionState vehicle="4" speed="4651" time="5300" acceleration="68"/>
    <motionState vehicle="0" speed="4567" time="5400" acceleration="1207"/>
    <motionState vehicle="1" speed="4636" time="5400" acceleration="1064"/>
    <motionState vehicle="2" speed="4689" time="5400" acceleration="535"/>
    <motionState vehicle="3" speed="4693" time="5400" acceleration="11"/>
    <motionState vehicle="4" speed="4651" time="5400" acceleration="85"/>
    <motionState vehicle="0" speed="4578" time="5500" acceleration="1142"/>
    <motionState vehicle="1" speed="4645" time="5500" acceleration="959"/>
    <motionState vehicle="2" speed="4693" time="5500" acceleration="434"/>
    <motionState vehicle="3" speed="4693" time="5500" acceleration="-23"/>
    <motionState vehicle="4" speed="4653" time="5500" acceleration="104"/>
    <motionState vehicle="0" speed="4589" time="5600" acceleration="1077"/>
    <motionState vehicle="1" speed="4654" time="5600" acceleration="860"/>
    <motionState vehicle="2" speed="4697" time="5600" acceleration="345"/>
    <motionState vehicle="3" speed="4693" time="5600" acceleration="-48"/>
    <motionState vehicle="4" speed="4654" time="5600" acceleration="122"/>
    <motionState vehicle="0" speed="4599" time="5700" acceleration="1013"/>
    <motionState vehicle="1" speed="4661" time="5700" acceleration="766"/>
    <motionState vehicle="2" speed="4700" time="5700" acceleration="268"/>
    <motionState vehicle="3" speed="4692" time="5700" acceleration="-65"/>
    <motionState vehicle="4" speed="4655" time="5700" acceleration="140"/>
    <motionState vehicle="0" speed="4608" time="5800" acceleration="951"/>
    <motionState vehicle="1" speed="4668" time="5800" acceleration="679"/>
    <motionState vehicle="2" speed="4702" time="5800" acceleration="201"/>
    <motionState vehicle="3" speed="4691" time="5800" acceleration="-74"/>
    <motionState vehicle="4" speed="4657" time="5800" acceleration="157"/>
    <motionState vehicle="0" speed="4617" time="5900" acceleration="889"/>
    <motionState vehicle="1" speed="4674" time="5900" acceleration="597"/>
    <motionState vehicle="2" speed="4703" time="5900" acceleration="143"/>
    <motionState vehicle="3" speed="4690" time="5900" acceleration="-78"/>
    <motionState vehicle="4" speed="4658" time="5900" acceleration="172"/>
    <motionState vehicle="0" speed="4626" time="6000" acceleration="828"/>
    <motionState vehicle="1" speed="4679" time="6000" acceleration="522"/>
    <motionState vehicle="2" speed="4704" time="6000" acceleration="95"/>
    <motionState vehicle="3" speed="4690" time="6000" acceleration="-77"/>
    <motionState vehicle="4" speed="4660" time="6000" acceleration="185"/>
    <motionState vehicle="0" speed="4633" time="6100" acceleration="769"/>
    <motionState vehicle="1" speed="4684" time="6100" acceleration="452"/>
    <motionState vehicle="2" speed="4704" time="6100" acceleration="54"/>
    <motionState vehicle="3" speed="4689" time="6100" acceleration="-72"/>
    <motionState vehicle="4" speed="4662" time="6100" acceleration="196"/>
    <motionState vehicle="0" speed="4640" time="6200" acceleration="712"/>
    <motionState vehicle="1" speed="4688" time="6200" acceleration="388"/>
    <motionState vehicle="2" speed="4705" time="6200" acceleration="21"/>
    <motionState vehicle="3" speed="4688" time="6200" acceleration="-64"/>
    <motionState vehicle="4" speed="4664" time="6200" acceleration="205"/>
    <motionState vehicle="0" speed="4647" time="6300" acceleration="656"/>
    <motionState vehicle="1" speed="4691" time="6300" acceleration="330"/>
    <motionState vehicle="2" speed="4705" time="6300" acceleration="-5"/>
    <motionState vehicle="3" speed="4688" time="6300" acceleration="-55"/>
    <motionState vehicle="4" speed="4666" time="6300" acceleration="211"/>
    <motionState vehicle="0" speed="4653" time="6400" acceleration="603"/>
    <motionState vehicle="1" speed="4694" time="6400" acceleration="277"/>
    <motionState vehicle="2" speed="4704" time="6400" acceleration="-26"/>
    <motionState vehicle="3" speed="4687" time="6400" acceleration="-44"/>
    <motionState vehicle="4" speed="4669" time="6400" acceleration="215"/>
    <motionState vehicle="0" speed="4658" time="6500" acceleration="551"/>
    <motionState vehicle="1" speed="4696" time="6500" acceleration="230"/>
    <motionState vehicle="2" speed="4704" time="6500" acceleration="-42"/>
    <motionState vehicle="3" speed="4687" time="6500" acceleration="-32"/>
    <motionState vehicle="4" speed="4671" time="6500" acceleration="217"/>
    <motionState vehicle="0" speed="4663" time="6600" acceleration="502"/>
    <motionState vehicle="1" speed="4698" time="6600" acceleration="188"/>
    <motionState vehicle="2" speed="4703" time="6600" acceleration="-54"/>
    <motionState vehicle="3" speed="4687" time="6600" acceleration="-20"/>
    <motionState vehicle="4" speed="4673" time="6600" acceleration="216"/>
    <motionState vehicle="0" speed="4668" time="6700" acceleration="456"/>
    <motionState vehicle="1" speed="4700" time="6700" acceleration="151"/>
    <motionState vehicle="2" speed="4703" time="6700" acceleration="-62"/>
    <motionState vehicle="3" speed="4687" time="6700" acceleration="-8"/>
    <motionState vehicle="4" speed="4675" time="6700" acceleration="214"/>
    <motionState vehicle="0" speed="4672" time="6800" acceleration="412"/>
    <motionState vehicle="1" speed="4701" time="6800" acceleration="118"/>
    <motionState vehicle="2" speed="4702" time="6800" acceleration="-66"/>
    <motionState vehicle="3" speed="4687" time="6800" acceleration="2"/>
    <motionState vehicle="4" speed="4677" time="6800" acceleration="210"/>
    <motionState vehicle="0" speed="4676" time="6900" acceleration="370"/>
    <motionState vehicle="1" speed="4702" time="6900" acceleration="89"/>
    <motionState vehicle="2" speed="4701" time="6900" acceleration="-68"/>
    <motionState vehicle="3" speed="4687" time="6900" acceleration="13"/>
    <motionState vehicle="4" speed="4679" time="6900" acceleration="204"/>
    <motionState vehicle="0" speed="4679" time="7000" acceleration="331"/>
    <motionState vehicle="1" speed="4702" time="7000" acceleration="64"/>
    <motionState vehicle="2" speed="4701" time="7000" acceleration="-67"/>
    <motionState vehicle="3" speed="4687" time="7000" acceleration="23"/>
    <motionState vehicle="4" speed="4681" time="7000" acceleration="197"/>
    <motionState vehicle="0" speed="4682" time="7100" acceleration="295"/>
    <motionState vehicle="1" speed="4703" time="7100" acceleration="43"/>
    <motionState vehicle="2" speed="4700" time="7100" acceleration="-65"/>
    <motionState vehicle="3" speed="4687" time="7100" acceleration="33"/>
    <motionState vehicle="4" speed="4683" time="7100" acceleration="189"/>
    <motionState vehicle="0" speed="4685" time="7200" acceleration="261"/>
    <motionState vehicle="1" speed="4703" time="7200" acceleration="25"/>
    <motionState vehicle="2" speed="4699" time="7200" acceleration="-61"/>
    <motionState vehicle="3" speed="4688" time="7200" acceleration="41"/>
    <motionState vehicle="4" speed="4685" time="7200" acceleration="180"/>
    <motionState vehicle="0" speed="4687" time="7300" acceleration="230"/>
    <motionState vehicle="1" speed="4703" time="7300" acceleration="11"/>
    <motionState vehicle="2" speed="4699" time="7300" acceleration="-57"/>
    <motionState vehicle="3" speed="4688" time="7300" acceleration="48"/>
    <motionState vehicle="4" speed="4687" time="7300" acceleration="170"/>
    <motionState vehicle="0" speed="4689" time="7400" acceleration="201"/>
    <motionState vehicle="1" speed="4703" time="7400" acceleration="0"/>
    <motionState vehicle="2" speed="4698" time="7400" acceleration="-51"/>
    <motionState vehicle="3" speed="4689" time="7400" acceleration="53"/>
    <motionState vehicle="4" speed="4688" time="7400" acceleration="159"/>
    <motionState vehicle="0" speed="4691" time="7500" acceleration="175"/>
    <motionState vehicle="1" speed="4703" time="7500" acceleration="-10"/>
    <motionState vehicle="2" speed="4698" time="7500" acceleration="-45"/>
    <motionState vehicle="3" speed="4689" time="7500" acceleration="58"/>
    <motionState vehicle="4" speed="4690" time="7500" acceleration="149"/>
    <motionState vehicle="0" speed="4692" time="7600" acceleration="151"/>
    <motionState vehicle="1" speed="4703" time="7600" acceleration="-17"/>
    <motionState vehicle="2" speed="4697" time="7600" acceleration="-39"/>
    <motionState vehicle="3" speed="4690" time="7600" acceleration="62"/>
    <motionState vehicle="4" speed="4691" time="7600" acceleration="138"/>
    <motionState vehicle="0" speed="4694" time="7700" acceleration="130"/>
    <motionState vehicle="1" speed="4703" time="7700" acceleration="-23"/>
    <motionState vehicle="2" speed="4697" time="7700" acceleration="-32"/>
    <motionState vehicle="3" speed="4691" time="7700" acceleration="64"/>
    <motionState vehicle="4" speed="4692" time="7700" acceleration="127"/>
    <motionState vehicle="0" speed="4695" time="7800" acceleration="111"/>
    <motionState vehicle="1" speed="4702" time="7800" acceleration="-27"/>
    <motionState vehicle="2" speed="4697" time="7800" acceleration="-26"/>
    <motionState vehicle="3" speed="4691" time="7800" acceleration="66"/>
    <motionState vehicle="4" speed="4693" time="7800" acceleration="116"/>
    <motionState vehicle="0" speed="4696" time="7900" acceleration="93"/>
    <motionState vehicle="1" speed="4702" time="7900" acceleration="-29"/>
    <motionState vehicle="2" speed="4697" time="7900" acceleration="-20"/>
    <motionState vehicle="3" speed="4692" time="7900" acceleration="66"/>
    <motionState vehicle="4" speed="4694" time="7900" acceleration="105"/>
    <motionState vehicle="0" speed="4696" time="8000" acceleration="78"/>
    <motionState vehicle="1" speed="4702" time="8000" acceleration="-31"/>
    <motionState vehicle="2" speed="4696" time="8000" acceleration="-14"/>
    <motionState vehicle="3" speed="4693" time="8000" acceleration="66"/>
    <motionState vehicle="4" speed="4695" time="8000" acceleration="95"/>
    <motionState vehicle="0" speed="4697" time="8100" acceleration="65"/>
    <motionState vehicle="1" speed="4701" time="8100" acceleration="-31"/>
    <motionState vehicle="2" speed="4696" time="8100" acceleration="-8"/>
    <motionState vehicle="3" speed="4693" time="8100" acceleration="65"/>
    <motionState vehicle="4" speed="4696" time="8100" acceleration="85"/>
    <motionState vehicle="0" speed="4698" time="8200" acceleration="53"/>
    <motionState vehicle="1" speed="4701" time="8200" acceleration="-30"/>
    <motionState vehicle="2" speed="4696" time="8200" acceleration="-3"/>
    <motionState vehicle="3" speed="4694" time="8200" acceleration="64"/>
    <motionState vehicle="4" speed="4697" time="8200" acceleration="75"/>
    <motionState vehicle="0" speed="4698" time="8300" acceleration="43"/>
    <motionState vehicle="1" speed="4701" time="8300" acceleration="-29"/>
    <motionState vehicle="2" speed="4696" time="8300" acceleration="1"/>
    <motionState vehicle="3" speed="4694" time="8300" acceleration="62"/>
    <motionState vehicle="4" speed="4698" time="8300" acceleration="66"/>
    <motionState vehicle="0" speed="4698" time="8400" acceleration="34"/>
    <motionState vehicle="1" speed="4700" time="8400" acceleration="-27"/>
    <motionState vehicle="2" speed="4696" time="8400" acceleration="5"/>
    <motionState vehicle="3" speed="4695" time="8400" acceleration="59"/>
    <motionState vehicle="4" speed="4698" time="8400" acceleration="58"/>
    <motionState vehicle="0" speed="4699" time="8500" acceleration="26"/>
    <motionState vehicle="1" speed="4700" time="8500" acceleration="-25"/>
    <motionState vehicle="2" speed="4696" time="8500" acceleration="8"/>
    <motionState vehicle="3" speed="4696" time="8500" acceleration="57"/>
    <motionState vehicle="4" speed="4699" time="8500" acceleration="50"/>
    <motionState vehicle="0" speed="4699" time="8600" acceleration="20"/>
    <motionState vehicle="1" speed="4700" time="8600" acceleration="-23"/>
    <motionState vehicle="2" speed="4697" time="8600" acceleration="11"/>
    <motionState vehicle="3" speed="4696" time="8600" acceleration="53"/>
    <motionState vehicle="4" speed="4699" time="8600" acceleration="42"/>
    <motionState vehicle="0" speed="4699" time="8700" acceleration="15"/>
    <motionState vehicle="1" speed="4700" time="8700" acceleration="-20"/>
    <motionState vehicle="2" speed="4697" time="8700" acceleration="14"/>
    <motionState vehicle="3" speed="4697" time="8700" acceleration="50"/>
    <motionState vehicle="4" speed="4700" time="8700" acceleration="36"/>
    <motionState vehicle="0" speed="4699" time="8800" acceleration="10"/>
    <motionState vehicle="1" speed="4700" time="8800" acceleration="-18"/>
    <motionState vehicle="2" speed="4697" time="8800" acceleration="16"/>
    <motionState vehicle="3" speed="4697" time="8800" acceleration="47"/>
    <motionState vehicle="4" speed="4700" time="8800" acceleration="29"/>
    <motionState vehicle="0" speed="4699" time="8900" acceleration="7"/>
    <motionState vehicle="1" speed="4699" time="8900" acceleration="-15"/>
    <motionState vehicle="2" speed="4697" time="8900" acceleration="18"/>
    <motionState vehicle="3" speed="4698" time="8900" acceleration="43"/>
    <motionState vehicle="4" speed="4700" time="8900" acceleration="24"/>
    <motionState vehicle="0" speed="4699" time="9000" acceleration="4"/>
    <motionState vehicle="1" speed="4699" time="9000" acceleration="-12"/>
    <motionState vehicle="2" speed="4697" time="9000" acceleration="19"/>
    <motionState vehicle="3" speed="4698" time="9000" acceleration="39"/>
    <motionState vehicle="4" speed="4700" time="9000" acceleration="19"/>
    <motionState vehicle="0" speed="4699" time="9100" acceleration="2"/>
    <motionState vehicle="1" speed="4699" time="9100" acceleration="-10"/>
    <motionState vehicle="2" speed="4697" time="9100" acceleration="20"/>
    <motionState vehicle="3" speed="4698" time="9100" acceleration="36"/>
    <motionState vehicle="4" speed="4700" time="9100" acceleration="15"/>
    <motionState vehicle="0" speed="4699" time="9200" acceleration="0"/>
    <motionState vehicle="1" speed="4699" time="9200" acceleration="-7"/>
    <motionState vehicle="2" speed="4698" time="9200" acceleration="20"/>
    <motionState vehicle="3" speed="4699" time="9200" acceleration="32"/>
    <motionState vehicle="4" speed="4701" time="9200" acceleration="11"/>
    <motionState vehicle="0" speed="4699" time="9300" acceleration="0"/>
    <motionState vehicle="1" speed="4699" time="9300" acceleration="-5"/>
    <motionState vehicle="2" speed="4698" time="9300" acceleration="20"/>
    <motionState vehicle="3" speed="4699" time="9300" acceleration="29"/>
    <motionState vehicle="4" speed="4701" time="9300" acceleration="7"/>
    <motionState vehicle="0" speed="4699" time="9400" acceleration="0"/>
    <motionState vehicle="1" speed="4699" time="9400" acceleration="-3"/>
    <motionState vehicle="2" speed="4698" time="9400" acceleration="20"/>
    <motionState vehicle="3" speed="4699" time="9400" acceleration="26"/>
    <motionState vehicle="4" speed="4701" time="9400" acceleration="5"/>
    <motionState vehicle="0" speed="4699" time="9500" acceleration="-1"/>
    <motionState vehicle="1" speed="4699" time="9500" acceleration="-1"/>
    <motionState vehicle="2" speed="4698" time="9500" acceleration="20"/>
    <motionState vehicle="3" speed="4699" time="9500" acceleration="22"/>
    <motionState vehicle="4" speed="4701" time="9500" acceleration="2"/>
    <motionState vehicle="0" speed="4699" time="9600" acceleration="-1"/>
    <motionState vehicle="1" speed="4699" time="9600" acceleration="0"/>
    <motionState vehicle="2" speed="4698" time="9600" acceleration="19"/>
    <motionState vehicle="3" speed="4700" time="9600" acceleration="19"/>
    <motionState vehicle="4" speed="4701" time="9600" acceleration="0"/>
    <motionState vehicle="0" speed="4699" time="9700" acceleration="-1"/>
    <motionState vehicle="1" speed="4699" time="9700" acceleration="1"/>
    <motionState vehicle="2" speed="4699" time="9700" acceleration="18"/>
    <motionState vehicle="3" speed="4700" time="9700" acceleration="17"/>
    <motionState vehicle="4" speed="4701" time="9700" acceleration="-1"/>
    <motionState vehicle="0" speed="4699" time="9800" acceleration="-1"/>
    <motionState vehicle="1" speed="4699" time="9800" acceleration="2"/>
    <motionState vehicle="2" speed="4699" time="9800" acceleration="17"/>
    <motionState vehicle="3" speed="4700" time="9800" acceleration="14"/>
    <motionState vehicle="4" speed="4701" time="9800" acceleration="-2"/>
    <motionState vehicle="0" speed="4699" time="9900" acceleration="0"/>
    <motionState vehicle="1" speed="4699" time="9900" acceleration="4"/>
    <motionState vehicle="2" speed="4699" time="9900" acceleration="16"/>
    <motionState vehicle="3" speed="4700" time="9900" acceleration="12"/>
    <motionState vehicle="4" speed="4701" time="9900" acceleration="-3"/>
    <motionState vehicle="0" speed="4699" time="10000" acceleration="0"/>
    <motionState vehicle="1" speed="4699" time="10000" acceleration="5"/>
    <motionState vehicle="2" speed="4699" time="10000" acceleration="15"/>
    <motionState vehicle="3" speed="4700" time="10000" acceleration="10"/>
    <motionState vehicle="4" speed="4701" time="10000" acceleration="-4"/>
    <motionState vehicle="0" speed="4699" time="10100" acceleration="0"/>
    <motionState vehicle="1" speed="4699" time="10100" acceleration="5"/>
    <motionState vehicle="2" speed="4699" time="10100" acceleration="14"/>
    <motionState vehicle="3" speed="4700" time="10100" acceleration="8"/>
    <motionState vehicle="4" speed="4700" time="10100" acceleration="-4"/>
    <motionState vehicle="0" speed="4699" time="10200" acceleration="0"/>
    <motionState vehicle="1" speed="4699" time="10200" acceleration="6"/>
    <motionState vehicle="2" speed="4699" time="10200" acceleration="13"/>
    <motionState vehicle="3" speed="4700" time="10200" acceleration="6"/>
    <motionState vehicle="4" speed="4700" time="10200" acceleration="-5"/>
    <motionState vehicle="0" speed="4699" time="10300" acceleration="1"/>
    <motionState vehicle="1" speed="4699" time="10300" acceleration="6"/>
    <motionState vehicle="2" speed="4700" time="10300" acceleration="12"/>
    <motionState vehicle="3" speed="4700" time="10300" acceleration="4"/>
    <motionState vehicle="4" speed="4700" time="10300" acceleration="-5"/>
    <motionState vehicle="0" speed="4699" time="10400" acceleration="1"/>
    <motionState vehicle="1" speed="4699" time="10400" acceleration="6"/>
    <motionState vehicle="2" speed="4700" time="10400" acceleration="11"/>
    <motionState vehicle="3" speed="4700" time="10400" acceleration="3"/>
    <motionState vehicle="4" speed="4700" time="10400" acceleration="-5"/>
    <motionState vehicle="0" speed="4699" time="10500" acceleration="2"/>
    <motionState vehicle="1" speed="4699" time="10500" acceleration="7"/>
    <motionState vehicle="2" speed="4700" time="10500" acceleration="10"/>
    <motionState vehicle="3" speed="4700" time="10500" acceleration="2"/>
    <motionState vehicle="4" speed="4700" time="10500" acceleration="-5"/>
    <motionState vehicle="0" speed="4699" time="10600" acceleration="2"/>
    <motionState vehicle="1" speed="4699" time="10600" acceleration="7"/>
    <motionState vehicle="2" speed="4700" time="10600" acceleration="8"/>
    <motionState vehicle="3" speed="4700" time="10600" acceleration="1"/>
    <motionState vehicle="4" speed="4700" time="10600" acceleration="-4"/>
    <motionState vehicle="0" speed="4699" time="10700" acceleration="3"/>
    <motionState vehicle="1" speed="4699" time="10700" acceleration="7"/>
    <motionState vehicle="2" speed="4700" time="10700" acceleration="7"/>
    <motionState vehicle="3" speed="4700" time="10700" acceleration="0"/>
    <motionState vehicle="4" speed="4700" time="10700" acceleration="-4"/>
    <motionState vehicle="0" speed="4699" time="10800" acceleration="3"/>
    <motionState vehicle="1" speed="4700" time="10800" acceleration="6"/>
    <motionState vehicle="2" speed="4700" time="10800" acceleration="6"/>
    <motionState vehicle="3" speed="4700" time="10800" acceleration="0"/>
    <motionState vehicle="4" speed="4700" time="10800" acceleration="-4"/>
    <motionState vehicle="0" speed="4699" time="10900" acceleration="3"/>
    <motionState vehicle="1" speed="4700" time="10900" acceleration="6"/>
    <motionState vehicle="2" speed="4700" time="10900" acceleration="5"/>
    <motionState vehicle="3" speed="4700" time="10900" acceleration="0"/>
    <motionState vehicle="4" speed="4700" time="10900" acceleration="-3"/>
    <motionState vehicle="0" speed="4699" time="11000" acceleration="4"/>
    <motionState vehicle="1" speed="4700" time="11000" acceleration="6"/>
    <motionState vehicle="2" speed="4700" time="11000" acceleration="4"/>
    <motionState vehicle="3" speed="4700" time="11000" acceleration="-1"/>
    <motionState vehicle="4" speed="4700" time="11000" acceleration="-3"/>
    <motionState vehicle="0" speed="4699" time="11100" acceleration="4"/>
    <motionState vehicle="1" speed="4700" time="11100" acceleration="6"/>
    <motionState vehicle="2" speed="4700" time="11100" acceleration="4"/>
    <motionState vehicle="3" speed="4700" time="11100" acceleration="-1"/>
    <motionState vehicle="4" speed="4700" time="11100" acceleration="-2"/>
    <motionState vehicle="0" speed="4699" time="11200" acceleration="4"/>
    <motionState vehicle="1" speed="4700" time="11200" acceleration="5"/>
    <motionState vehicle="2" speed="4700" time="11200" acceleration="3"/>
    <motionState vehicle="3" speed="4700" time="11200" acceleration="-1"/>
    <motionState vehicle="4" speed="4700" time="11200" acceleration="-2"/>
    <motionState vehicle="0" speed="4699" time="11300" acceleration="4"/>
    <motionState vehicle="1" speed="4700" time="11300" acceleration="5"/>
    <motionState vehicle="2" speed="4700" time="11300" acceleration="2"/>
    <motionState vehicle="3" speed="4700" time="11300" acceleration="-1"/>
    <motionState vehicle="4" speed="4700" time="11300" acceleration="-2"/>
    <motionState vehicle="0" speed="4699" time="11400" acceleration="4"/>
    <motionState vehicle="1" speed="4700" time="11400" acceleration="4"/>
    <motionState vehicle="2" speed="4700" time="11400" acceleration="2"/>
    <motionState vehicle="3" speed="4700" time="11400" acceleration="-1"/>
    <motionState vehicle="4" speed="4700" time="11400" acceleration="-1"/>
    <motionState vehicle="0" speed="4699" time="11500" acceleration="4"/>
    <motionState vehicle="1" speed="4700" time="11500" acceleration="4"/>
    <motionState vehicle="2" speed="4700" time="11500" acceleration="1"/>
    <motionState vehicle="3" speed="4700" time="11500" acceleration="-1"/>
    <motionState vehicle="4" speed="4700" time="11500" acceleration="-1"/>
    <motionState vehicle="0" speed="4700" time="11600" acceleration="4"/>
    <motionState vehicle="1" speed="4700" time="11600" acceleration="4"/>
    <motionState vehicle="2" speed="4700" time="11600" acceleration="1"/>
    <motionState vehicle="3" speed="4700" time="11600" acceleration="-1"/>
    <motionState vehicle="4" speed="4700" time="11600" acceleration="0"/>
    <motionState vehicle="0" speed="4700" time="11700" acceleration="4"/>
    <motionState vehicle="1" speed="4700" time="11700" acceleration="3"/>
    <motionState vehicle="2" speed="4700" time="11700" acceleration="0"/>
    <motionState vehicle="3" speed="4700" time="11700" acceleration="-1"/>
    <motionState vehicle="4" speed="4700" time="11700" acceleration="0"/>
    <motionState vehicle="0" speed="4700" time="11800" acceleration="4"/>
    <motionState vehicle="1" speed="4700" time="11800" acceleration="3"/>
    <motionState vehicle="2" speed="4700" time="11800" acceleration="0"/>
    <motionState vehicle="3" speed="4700" time="11800" acceleration="-1"/>
    <motionState vehicle="4" speed="4700" time="11800" acceleration="0"/>
    <motionState vehicle="0" speed="4700" time="11900" acceleration="4"/>
    <motionState vehicle="1" speed="4700" time="11900" acceleration="2"/>
    <motionState vehicle="2" speed="4700" time="11900" acceleration="0"/>
    <motionState vehicle="3" speed="4700" time="11900" acceleration="-1"/>
    <motionState vehicle="4" speed="4700" time="11900" acceleration="0"/>
    <motionState vehicle="0" speed="4700" time="12000" acceleration="4"/>
    <motionState vehicle="1" speed="4700" time="12000" acceleration="2"/>
    <motionState vehicle="2" speed="4700" time="12000" acceleration="0"/>
    <motionState vehicle="3" speed="4700" time="12000" acceleration="-1"/>
    <motionState vehicle="4" speed="4700" time="12000" acceleration="0"/>
    <motionState vehicle="0" speed="4700" time="12100" acceleration="3"/>
    <motionState vehicle="1" speed="4700" time="12100" acceleration="2"/>
    <motionState vehicle="2" speed="4700" time="12100" acceleration="0"/>
    <motionState vehicle="3" speed="4700" time="12100" acceleration="-1"/>
    <motionState vehicle="4" speed="4700" time="12100" acceleration="0"/>
    <motionState vehicle="0" speed="4700" time="12200" acceleration="3"/>
    <motionState vehicle="1" speed="4700" time="12200" acceleration="1"/>
    <motionState vehicle="2" speed="4700" time="12200" acceleration="0"/>
    <motionState vehicle="3" speed="4700" time="12200" acceleration="-1"/>
    <motionState vehicle="4" speed="4700" time="12200" acceleration="0"/>
    <motionState vehicle="0" speed="4700" time="12300" acceleration="3"/>
    <motionState vehicle="1" speed="4700" time="12300" acceleration="1"/>
    <motionState vehicle="2" speed="4700" time="12300" acceleration="0"/>
    <motionState vehicle="3" speed="4700" time="12300" acceleration="0"/>
    <motionState vehicle="4" speed="4700" time="12300" acceleration="0"/>
    <motionState vehicle="0" speed="4700" time="12400" acceleration="3"/>
    <motionState vehicle="1" speed="4700" time="12400" acceleration="1"/>
    <motionState vehicle="2" speed="4700" time="12400" acceleration="0"/>
    <motionState vehicle="3" speed="4700" time="12400" acceleration="0"/>
    <motionState vehicle="4" speed="4700" time="12400" acceleration="1"/>
    <motionState vehicle="0" speed="4700" time="12500" acceleration="3"/>
    <motionState vehicle="1" speed="4700" time="12500" acceleration="1"/>
    <motionState vehicle="2" speed="4700" time="12500" acceleration="0"/>
    <motionState vehicle="3" speed="4700" time="12500" acceleration="0"/>
    <motionState vehicle="4" speed="4700" time="12500" acceleration="1"/>
    <motionState vehicle="0" speed="4700" time="12600" acceleration="2"/>
    <motionState vehicle="1" speed="4700" time="12600" acceleration="0"/>
    <motionState vehicle="2" speed="4700" time="12600" acceleration="0"/>
    <motionState vehicle="3" speed="4700" time="12600" acceleration="0"/>
    <motionState vehicle="4" speed="4700" time="12600" acceleration="1"/>
    <motionState vehicle="0" speed="4700" time="12700" acceleration="2"/>
    <motionState vehicle="1" speed="4700" time="12700" acceleration="0"/>
    <motionState vehicle="2" speed="4700" time="12700" acceleration="0"/>
    <motionState vehicle="3" speed="4700" time="12700" acceleration="0"/>
    <motionState vehicle="4" speed="4700" time="12700" acceleration="1"/>
    <motionState vehicle="0" speed="4700" time="12800" acceleration="2"/>
    <motionState vehicle="1" speed="4700" time="12800" acceleration="0"/>
    <motionState vehicle="2" speed="4700" time="12800" acceleration="0"/>
    <motionState vehicle="3" speed="4700" time="12800" acceleration="0"/>
    <motionState vehicle="4" speed="4700" time="12800" acceleration="1"/>
    <motionState vehicle="0" speed="4700" time="12900" acceleration="2"/>
    <motionState vehicle="1" speed="4700" time="12900" acceleration="0"/>
    <motionState vehicle="2" speed="4700" time="12900" acceleration="0"/>
    <motionState vehicle="3" speed="4700" time="12900" acceleration="0"/>
    <motionState vehicle="4" speed="4700" time="12900" acceleration="1"/>
    <motionState vehicle="0" speed="4700" time="13000" acceleration="2"/>
    <motionState vehicle="1" speed="4700" time="13000" acceleration="0"/>
    <motionState vehicle="2" speed="4700" time="13000" acceleration="0"/>
    <motionState vehicle="3" speed="4700" time="13000" acceleration="0"/>
    <motionState vehicle="4" speed="4700" time="13000" acceleration="1"/>
    <motionState vehicle="0" speed="4700" time="13100" acceleration="1"/>
    <motionState vehicle="1" speed="4700" time="13100" acceleration="0"/>
    <motionState vehicle="2" speed="4700" time="13100" acceleration="0"/>
    <motionState vehicle="3" speed="4700" time="13100" acceleration="0"/>
    <motionState vehicle="4" speed="4700" time="13100" acceleration="1"/>
    <motionState vehicle="0" speed="4700" time="13200" acceleration="1"/>
    <motionState vehicle="1" speed="4700" time="13200" acceleration="0"/>
    <motionState vehicle="2" speed="4700" time="13200" acceleration="0"/>
    <motionState vehicle="3" speed="4700" time="13200" acceleration="0"/>
    <motionState vehicle="4" speed="4700" time="13200" acceleration="1"/>
    <motionState vehicle="0" speed="4700" time="13300" acceleration="1"/>
    <motionState vehicle="1" speed="4700" time="13300" acceleration="0"/>
    <motionState vehicle="2" speed="4700" time="13300" acceleration="0"/>
    <motionState vehicle="3" speed="4700" time="13300" acceleration="0"/>
    <motionState vehicle="4" speed="4700" time="13300" acceleration="1"/>
    <motionState vehicle="0" speed="4700" time="13400" acceleration="1"/>
    <motionState vehicle="1" speed="4700" time="13400" acceleration="0"/>
    <motionState vehicle="2" speed="4700" time="13400" acceleration="0"/>
    <motionState vehicle="3" speed="4700" time="13400" acceleration="0"/>
    <motionState vehicle="4" speed="4700" time="13400" acceleration="1"/>
    <motionState vehicle="0" speed="4700" time="13500" acceleration="1"/>
    <motionState vehicle="1" speed="4700" time="13500" acceleration="0"/>
    <motionState vehicle="2" speed="4700" time="13500" acceleration="0"/>
    <motionState vehicle="3" speed="4700" time="13500" acceleration="0"/>
    <motionState vehicle="4" speed="4700" time="13500" acceleration="1"/>
    <motionState vehicle="0" speed="4700" time="13600" acceleration="1"/>
    <motionState vehicle="1" speed="4700" time="13600" acceleration="0"/>
    <motionState vehicle="2" speed="4700" time="13600" acceleration="0"/>
    <motionState vehicle="3" speed="4700" time="13600" acceleration="0"/>
    <motionState vehicle="4" speed="4700" time="13600" acceleration="1"/>
    <motionState vehicle="0" speed="4700" time="13700" acceleration="1"/>
    <motionState vehicle="1" speed="4700" time="13700" acceleration="0"/>
    <motionState vehicle="2" speed="4700" time="13700" acceleration="0"/>
    <motionState vehicle="3" speed="4700" time="13700" acceleration="0"/>
    <motionState vehicle="4" speed="4700" time="13700" acceleration="1"/>
    <motionState vehicle="0" speed="4700" time="13800" acceleration="0"/>
    <motionState vehicle="1" speed="4700" time="13800" acceleration="0"/>
    <motionState vehicle="2" speed="4700" time="13800" acceleration="0"/>
    <motionState vehicle="3" speed="4700" time="13800" acceleration="0"/>
    <motionState vehicle="4" speed="4700" time="13800" acceleration="1"/>
    <motionState vehicle="0" speed="4700" time="13900" acceleration="0"/>
    <motionState vehicle="1" speed="4700" time="13900" acceleration="0"/>
    <motionState vehicle="2" speed="4700" time="13900" acceleration="0"/>
    <motionState vehicle="3" speed="4700" time="13900" acceleration="0"/>
    <motionState vehicle="4" speed="4700" time="13900" acceleration="1"/>
    <motionState vehicle="0" speed="4700" time="14000" acceleration="0"/>
    <motionState vehicle="1" speed="4700" time="14000" acceleration="0"/>
    <motionState vehicle="2" speed="4700" time="14000" acceleration="0"/>
    <motionState vehicle="3" speed="4700" time="14000" acceleration="0"/>
    <motionState vehicle="4" speed="4700" time="14000" acceleration="1"/>
    <motionState vehicle="0" speed="4700" time="14100" acceleration="0"/>
    <motionState vehicle="1" speed="4700" time="14100" acceleration="0"/>
    <motionState vehicle="2" speed="4700" time="14100" acceleration="0"/>
    <motionState vehicle="3" speed="4700" time="14100" acceleration="0"/>
    <motionState vehicle="4" speed="4700" time="14100" acceleration="0"/>
    <motionState vehicle="0" speed="4700" time="14200" acceleration="0"/>
    <motionState vehicle="1" speed="4700" time="14200" acceleration="0"/>
    <motionState vehicle="2" speed="4700" time="14200" acceleration="0"/>
    <motionState vehicle="3" speed="4700" time="14200" acceleration="0"/>
    <motionState vehicle="4" speed="4700" time="14200" acceleration="0"/>
    <motionState vehicle="0" speed="4700" time="14300" acceleration="0"/>
    <motionState vehicle="1" speed="4700" time="14300" acceleration="0"/>
    <motionState vehicle="2" speed="4700" time="14300" acceleration="0"/>
    <motionState vehicle="3" speed="4700" time="14300" acceleration="0"/>
    <motionState vehicle="4" speed="4700" time="14300" acceleration="0"/>
    <motionState vehicle="0" speed="4700" time="14400" acceleration="0"/>
    <motionState vehicle="1" speed="4700" time="14400" acceleration="0"/>
    <motionState vehicle="2" speed="4700" time="14400" acceleration="0"/>
    <motionState vehicle="3" speed="4700" time="14400" acceleration="0"/>
    <motionState vehicle="4" speed="4700" time="14400" acceleration="0"/>
    <motionState vehicle="0" speed="4700" time="14500" acceleration="0"/>
    <motionState vehicle="1" speed="4700" time="14500" acceleration="0"/>
    <motionState vehicle="2" speed="4700" time="14500" acceleration="0"/>
    <motionState vehicle="3" speed="4700" time="14500" acceleration="0"/>
    <motionState vehicle="4" speed="4700" time="14500" acceleration="0"/>
    <motionState vehicle="0" speed="4700" time="14600" acceleration="0"/>
    <motionState vehicle="1" speed="4700" time="14600" acceleration="0"/>
    <motionState vehicle="2" speed="4700" time="14600" acceleration="0"/>
    <motionState vehicle="3" speed="4700" time="14600" acceleration="0"/>
    <motionState vehicle="4" speed="4700" time="14600" acceleration="0"/>
    <motionState vehicle="0" speed="4700" time="14700" acceleration="0"/>
    <motionState vehicle="1" speed="4700" time="14700" acceleration="0"/>
    <motionState vehicle="2" speed="4700" time="14700" acceleration="0"/>
    <motionState vehicle="3" speed="4700" time="14700" acceleration="0"/>
    <motionState vehicle="4" speed="4700" time="14700" acceleration="0"/>
    <motionState vehicle="0" speed="4700" time="14800" acceleration="0"/>
    <motionState vehicle="1" speed="4700" time="14800" acceleration="0"/>
    <motionState vehicle="2" speed="4700" time="14800" acceleration="0"/>
    <motionState vehicle="3" speed="4700" time="14800" acceleration="0"/>
    <motionState vehicle="4" speed="4700" time="14800" acceleration="0"/>
    <motionState vehicle="0" speed="4700" time="14900" acceleration="0"/>
    <motionState vehicle="1" speed="4700" time="14900" acceleration="0"/>
    <motionState vehicle="2" speed="4700" time="14900" acceleration="0"/>
    <motionState vehicle="3" speed="4700" time="14900" acceleration="0"/>
    <motionState vehicle="4" speed="4700" time="14900" acceleration="0"/>
    <motionState vehicle="0" speed="4700" time="15000" acceleration="0"/>
    <motionState vehicle="1" speed="4700" time="15000" acceleration="0"/>
    <motionState vehicle="2" speed="4700" time="15000" acceleration="0"/>
    <motionState vehicle="3" speed="4700" time="15000" acceleration="0"/>
    <motionState vehicle="4" speed="4700" time="15000" acceleration="0"/>
    <motionState vehicle="0" speed="4700" time="15100" acceleration="0"/>
    <motionState vehicle="1" speed="4700" time="15100" acceleration="0"/>
    <motionState vehicle="2" speed="4700" time="15100" acceleration="0"/>
    <motionState vehicle="3" speed="4700" time="15100" acceleration="0"/>
    <motionState vehicle="4" speed="4700" time="15100" acceleration="0"/>
    <motionState vehicle="0" speed="4700" time="15200" acceleration="0"/>
    <motionState vehicle="1" speed="4700" time="15200" acceleration="0"/>
    <motionState vehicle="2" speed="4700" time="15200" acceleration="0"/>
    <motionState vehicle="3" speed="4700" time="15200" acceleration="0"/>
    <motionState vehicle="4" speed="4700" time="15200" acceleration="0"/>
    <motionState vehicle="0" speed="4700" time="15300" acceleration="0"/>
    <motionState vehicle="1" speed="4700" time="15300" acceleration="0"/>
    <motionState vehicle="2" speed="4700" time="15300" acceleration="0"/>
    <motionState vehicle="3" speed="4700" time="15300" acceleration="0"/>
    <motionState vehicle="4" speed="4700" time="15300" acceleration="0"/>
    <motionState vehicle="0" speed="4700" time="15400" acceleration="0"/>
    <motionState vehicle="1" speed="4700" time="15400" acceleration="0"/>
    <motionState vehicle="2" speed="4700" time="15400" acceleration="0"/>
    <motionState vehicle="3" speed="4700" time="15400" acceleration="0"/>
    <motionState vehicle="4" speed="4700" time="15400" acceleration="0"/>
    <motionState vehicle="0" speed="4700" time="15500" acceleration="0"/>
    <motionState vehicle="1" speed="4700" time="15500" acceleration="0"/>
    <motionState vehicle="2" speed="4700" time="15500" acceleration="0"/>
    <motionState vehicle="3" speed="4700" time="15500" acceleration="0"/>
    <motionState vehicle="4" speed="4700" time="15500" acceleration="0"/>
    <motionState vehicle="0" speed="4700" time="15600" acceleration="0"/>
    <motionState vehicle="1" speed="4700" time="15600" acceleration="0"/>
    <motionState vehicle="2" speed="4700" time="15600" acceleration="0"/>
    <motionState vehicle="3" speed="4700" time="15600" acceleration="0"/>
    <motionState vehicle="4" speed="4700" time="15600" acceleration="0"/>
    <motionState vehicle="0" speed="4700" time="15700" acceleration="0"/>
    <motionState vehicle="1" speed="4700" time="15700" acceleration="0"/>
    <motionState vehicle="2" speed="4700" time="15700" acceleration="0"/>
    <motionState vehicle="3" speed="4700" time="15700" acceleration="0"/>
    <motionState vehicle="4" speed="4700" time="15700" acceleration="0"/>
    <motionState vehicle="0" speed="4700" time="15800" acceleration="0"/>
    <motionState vehicle="1" speed="4700" time="15800" acceleration="0"/>
    <motionState vehicle="2" speed="4700" time="15800" acceleration="0"/>
    <motionState vehicle="3" speed="4700" time="15800" acceleration="0"/>
    <motionState vehicle="4" speed="4700" time="15800" acceleration="0"/>
    <motionState vehicle="0" speed="4700" time="15900" acceleration="0"/>
    <motionState vehicle="1" speed="4700" time="15900" acceleration="0"/>
    <motionState vehicle="2" speed="4700" time="15900" acceleration="0"/>
    <motionState vehicle="3" speed="4700" time="15900" acceleration="0"/>
    <motionState vehicle="4" speed="4700" time="15900" acceleration="0"/>
    <motionState vehicle="0" speed="4700" time="16000" acceleration="0"/>
    <motionState vehicle="1" speed="4700" time="16000" acceleration="0"/>
    <motionState vehicle="2" speed="4700" time="16000" acceleration="0"/>
    <motionState vehicle="3" speed="4700" time="16000" acceleration="0"/>
    <motionState vehicle="4" speed="4700" time="16000" acceleration="0"/>
    <motionState vehicle="0" speed="4700" time="16100" acceleration="0"/>
    <motionState vehicle="1" speed="4700" time="16100" acceleration="0"/>
    <motionState vehicle="2" speed="4700" time="16100" acceleration="0"/>
    <motionState vehicle="3" speed="4700" time="16100" acceleration="0"/>
    <motionState vehicle="4" speed="4700" time="16100" acceleration="0"/>
    <motionState vehicle="0" speed="4700" time="16200" acceleration="0"/>
    <motionState vehicle="1" speed="4700" time="16200" acceleration="0"/>
    <motionState vehicle="2" speed="4700" time="16200" acceleration="0"/>
    <motionState vehicle="3" speed="4700" time="16200" acceleration="0"/>
    <motionState vehicle="4" speed="4700" time="16200" acceleration="0"/>
    <motionState vehicle="0" speed="4700" time="16300" acceleration="0"/>
    <motionState vehicle="1" speed="4700" time="16300" acceleration="0"/>
    <motionState vehicle="2" speed="4700" time="16300" acceleration="0"/>
    <motionState vehicle="3" speed="4700" time="16300" acceleration="0"/>
    <motionState vehicle="4" speed="4700" time="16300" acceleration="0"/>
    <motionState vehicle="0" speed="4700" time="16400" acceleration="0"/>
    <motionState vehicle="1" speed="4700" time="16400" acceleration="0"/>
    <motionState vehicle="2" speed="4700" time="16400" acceleration="0"/>
    <motionState vehicle="3" speed="4700" time="16400" acceleration="0"/>
    <motionState vehicle="4" speed="4700" time="16400" acceleration="0"/>
    <motionState vehicle="0" speed="4700" time="16500" acceleration="0"/>
    <motionState vehicle="1" speed="4700" time="16500" acceleration="0"/>
    <motionState vehicle="2" speed="4700" time="16500" acceleration="0"/>
    <motionState vehicle="3" speed="4700" time="16500" acceleration="0"/>
    <motionState vehicle="4" speed="4700" time="16500" acceleration="0"/>
    <motionState vehicle="0" speed="4700" time="16600" acceleration="0"/>
    <motionState vehicle="1" speed="4700" time="16600" acceleration="0"/>
    <motionState vehicle="2" speed="4700" time="16600" acceleration="0"/>
    <motionState vehicle="3" speed="4700" time="16600" acceleration="0"/>
    <motionState vehicle="4" speed="4700" time="16600" acceleration="0"/>
    <motionState vehicle="0" speed="4700" time="16700" acceleration="0"/>
    <motionState vehicle="1" speed="4700" time="16700" acceleration="0"/>
    <motionState vehicle="2" speed="4700" time="16700" acceleration="0"/>
    <motionState vehicle="3" speed="4700" time="16700" acceleration="0"/>
    <motionState vehicle="4" speed="4700" time="16700" acceleration="0"/>
    <motionState vehicle="0" speed="4700" time="16800" acceleration="0"/>
    <motionState vehicle="1" speed="4700" time="16800" acceleration="0"/>
    <motionState vehicle="2" speed="4700" time="16800" acceleration="0"/>
    <motionState vehicle="3" speed="4700" time="16800" acceleration="0"/>
    <motionState vehicle="4" speed="4700" time="16800" acceleration="0"/>
    <motionState vehicle="0" speed="4700" time="16900" acceleration="0"/>
    <motionState vehicle="1" speed="4700" time="16900" acceleration="0"/>
    <motionState vehicle="2" speed="4700" time="16900" acceleration="0"/>
    <motionState vehicle="3" speed="4700" time="16900" acceleration="0"/>
    <motionState vehicle="4" speed="4700" time="16900" acceleration="0"/>
    <motionState vehicle="0" speed="4700" time="17000" acceleration="0"/>
    <motionState vehicle="1" speed="4700" time="17000" acceleration="0"/>
    <motionState vehicle="2" speed="4700" time="17000" acceleration="0"/>
    <motionState vehicle="3" speed="4700" time="17000" acceleration="0"/>
    <motionState vehicle="4" speed="4700" time="17000" acceleration="0"/>
    <motionState vehicle="0" speed="4700" time="17100" acceleration="0"/>
    <motionState vehicle="1" speed="4700" time="17100" acceleration="0"/>
    <motionState vehicle="2" speed="4700" time="17100" acceleration="0"/>
    <motionState vehicle="3" speed="4700" time="17100" acceleration="0"/>
    <motionState vehicle="4" speed="4700" time="17100" acceleration="0"/>
    <motionState vehicle="0" speed="4700" time="17200" acceleration="0"/>
    <motionState vehicle="1" speed="4700" time="17200" acceleration="0"/>
    <motionState vehicle="2" speed="4700" time="17200" acceleration="0"/>
    <motionState vehicle="3" speed="4700" time="17200" acceleration="0"/>
    <motionState vehicle="4" speed="4700" time="17200" acceleration="0"/>
    <motionState vehicle="0" speed="4700" time="17300" acceleration="0"/>
    <motionState vehicle="1" speed="4700" time="17300" acceleration="0"/>
    <motionState vehicle="2" speed="4700" time="17300" acceleration="0"/>
    <motionState vehicle="3" speed="4700" time="17300" acceleration="0"/>
    <motionState vehicle="4" speed="4700" time="17300" acceleration="0"/>
    <motionState vehicle="0" speed="4700" time="17400" acceleration="0"/>
    <motionState vehicle="1" speed="4700" time="17400" acceleration="0"/>
    <motionState vehicle="2" speed="4700" time="17400" acceleration="0"/>
    <motionState vehicle="3" speed="4700" time="17400" acceleration="0"/>
    <motionState vehicle="4" speed="4700" time="17400" acceleration="0"/>
    <motionState vehicle="0" speed="4700" time="17500" acceleration="0"/>
    <motionState vehicle="1" speed="4700" time="17500" acceleration="0"/>
    <motionState vehicle="2" speed="4700" time="17500" acceleration="0"/>
    <motionState vehicle="3" speed="4700" time="17500" acceleration="0"/>
    <motionState vehicle="4" speed="4700" time="17500" acceleration="0"/>
    <motionState vehicle="0" speed="4700" time="17600" acceleration="0"/>
    <motionState vehicle="1" speed="4700" time="17600" acceleration="0"/>
    <motionState vehicle="2" speed="4700" time="17600" acceleration="0"/>
    <motionState vehicle="3" speed="4700" time="17600" acceleration="0"/>
    <motionState vehicle="4" speed="4700" time="17600" acceleration="0"/>
    <motionState vehicle="0" speed="4700" time="17700" acceleration="0"/>
    <motionState vehicle="1" speed="4700" time="17700" acceleration="0"/>
    <motionState vehicle="2" speed="4700" time="17700" acceleration="0"/>
    <motionState vehicle="3" speed="4700" time="17700" acceleration="0"/>
    <motionState vehicle="4" speed="4700" time="17700" acceleration="0"/>
    <motionState vehicle="0" speed="4700" time="17800" acceleration="0"/>
    <motionState vehicle="1" speed="4700" time="17800" acceleration="0"/>
    <motionState vehicle="2" speed="4700" time="17800" acceleration="0"/>
    <motionState vehicle="3" speed="4700" time="17800" acceleration="0"/>
    <motionState vehicle="4" speed="4700" time="17800" acceleration="0"/>
    <motionState vehicle="0" speed="4700" time="17900" acceleration="0"/>
    <motionState vehicle="1" speed="4700" time="17900" acceleration="0"/>
    <motionState vehicle="2" speed="4700" time="17900" acceleration="0"/>
    <motionState vehicle="3" speed="4700" time="17900" acceleration="0"/>
    <motionState vehicle="4" speed="4700" time="17900" acceleration="0"/>
    <motionState vehicle="0" speed="4700" time="18000" acceleration="0"/>
    <motionState vehicle="1" speed="4700" time="18000" acceleration="0"/>
    <motionState vehicle="2" speed="4700" time="18000" acceleration="0"/>
    <motionState vehicle="3" speed="4700" time="18000" acceleration="0"/>
    <motionState vehicle="4" speed="4700" time="18000" acceleration="0"/>
    <motionState vehicle="0" speed="4700" time="18100" acceleration="0"/>
    <motionState vehicle="1" speed="4700" time="18100" acceleration="0"/>
    <motionState vehicle="2" speed="4700" time="18100" acceleration="0"/>
    <motionState vehicle="3" speed="4700" time="18100" acceleration="0"/>
    <motionState vehicle="4" speed="4700" time="18100" acceleration="0"/>
    <motionState vehicle="0" speed="4700" time="18200" acceleration="0"/>
    <motionState vehicle="1" speed="4700" time="18200" acceleration="0"/>
    <motionState vehicle="2" speed="4700" time="18200" acceleration="0"/>
    <motionState vehicle="3" speed="4700" time="18200" acceleration="0"/>
    <motionState vehicle="4" speed="4700" time="18200" acceleration="0"/>
    <motionState vehicle="0" speed="4700" time="18300" acceleration="0"/>
    <motionState vehicle="1" speed="4700" time="18300" acceleration="0"/>
    <motionState vehicle="2" speed="4700" time="18300" acceleration="0"/>
    <motionState vehicle="3" speed="4700" time="18300" acceleration="0"/>
    <motionState vehicle="4" speed="4700" time="18300" acceleration="0"/>
    <motionState vehicle="0" speed="4700" time="18400" acceleration="0"/>
    <motionState vehicle="1" speed="4700" time="18400" acceleration="0"/>
    <motionState vehicle="2" speed="4700" time="18400" acceleration="0"/>
    <motionState vehicle="3" speed="4700" time="18400" acceleration="0"/>
    <motionState vehicle="4" speed="4700" time="18400" acceleration="0"/>
    <motionState vehicle="0" speed="4700" time="18500" acceleration="0"/>
    <motionState vehicle="1" speed="4700" time="18500" acceleration="0"/>
    <motionState vehicle="2" speed="4700" time="18500" acceleration="0"/>
    <motionState vehicle="3" speed="4700" time="18500" acceleration="0"/>
    <motionState vehicle="4" speed="4700" time="18500" acceleration="0"/>
    <motionState vehicle="0" speed="4700" time="18600" acceleration="0"/>
    <motionState vehicle="1" speed="4700" time="18600" acceleration="0"/>
    <motionState vehicle="2" speed="4700" time="18600" acceleration="0"/>
    <motionState vehicle="3" speed="4700" time="18600" acceleration="0"/>
    <motionState vehicle="4" speed="4700" time="18600" acceleration="0"/>
    <motionState vehicle="0" speed="4700" time="18700" acceleration="0"/>
    <motionState vehicle="1" speed="4700" time="18700" acceleration="0"/>
    <motionState vehicle="2" speed="4700" time="18700" acceleration="0"/>
    <motionState vehicle="3" speed="4700" time="18700" acceleration="0"/>
    <motionState vehicle="4" speed="4700" time="18700" acceleration="0"/>
    <motionState vehicle="0" speed="4700" time="18800" acceleration="0"/>
    <motionState vehicle="1" speed="4700" time="18800" acceleration="0"/>
    <motionState vehicle="2" speed="4700" time="18800" acceleration="0"/>
    <motionState vehicle="3" speed="4700" time="18800" acceleration="0"/>
    <motionState vehicle="4" speed="4700" time="18800" acceleration="0"/>
    <motionState vehicle="0" speed="4700" time="18900" acceleration="0"/>
    <motionState vehicle="1" speed="4700" time="18900" acceleration="0"/>
    <motionState vehicle="2" speed="4700" time="18900" acceleration="0"/>
    <motionState vehicle="3" speed="4700" time="18900" acceleration="0"/>
    <motionState vehicle="4" speed="4700" time="18900" acceleration="0"/>
    <motionState vehicle="0" speed="4700" time="19000" acceleration="0"/>
    <motionState vehicle="1" speed="4700" time="19000" acceleration="0"/>
    <motionState vehicle="2" speed="4700" time="19000" acceleration="0"/>
    <motionState vehicle="3" speed="4700" time="19000" acceleration="0"/>
    <motionState vehicle="4" speed="4700" time="19000" acceleration="0"/>
    <motionState vehicle="0" speed="4700" time="19100" acceleration="0"/>
    <motionState vehicle="1" speed="4700" time="19100" acceleration="0"/>
    <motionState vehicle="2" speed="4700" time="19100" acceleration="0"/>
    <motionState vehicle="3" speed="4700" time="19100" acceleration="0"/>
    <motionState vehicle="4" speed="4700" time="19100" acceleration="0"/>
    <motionState vehicle="0" speed="4700" time="19200" acceleration="0"/>
    <motionState vehicle="1" speed="4700" time="19200" acceleration="0"/>
    <motionState vehicle="2" speed="4700" time="19200" acceleration="0"/>
    <motionState vehicle="3" speed="4700" time="19200" acceleration="0"/>
    <motionState vehicle="4" speed="4700" time="19200" acceleration="0"/>
    <motionState vehicle="0" speed="4700" time="19300" acceleration="0"/>
    <motionState vehicle="1" speed="4700" time="19300" acceleration="0"/>
    <motionState vehicle="2" speed="4700" time="19300" acceleration="0"/>
    <motionState vehicle="3" speed="4700" time="19300" acceleration="0"/>
    <motionState vehicle="4" speed="4700" time="19300" acceleration="0"/>
    <motionState vehicle="0" speed="4700" time="19400" acceleration="0"/>
    <motionState vehicle="1" speed="4700" time="19400" acceleration="0"/>
    <motionState vehicle="2" speed="4700" time="19400" acceleration="0"/>
    <motionState vehicle="3" speed="4700" time="19400" acceleration="0"/>
    <motionState vehicle="4" speed="4700" time="19400" acceleration="0"/>
    <motionState vehicle="0" speed="4700" time="19500" acceleration="0"/>
    <motionState vehicle="1" speed="4700" time="19500" acceleration="0"/>
    <motionState vehicle="2" speed="4700" time="19500" acceleration="0"/>
    <motionState vehicle="3" speed="4700" time="19500" acceleration="0"/>
    <motionState vehicle="4" speed="4700" time="19500" acceleration="0"/>
    <motionState vehicle="0" speed="4700" time="19600" acceleration="0"/>
    <motionState vehicle="1" speed="4700" time="19600" acceleration="0"/>
    <motionState vehicle="2" speed="4700" time="19600" acceleration="0"/>
    <motionState vehicle="3" speed="4700" time="19600" acceleration="0"/>
    <motionState vehicle="4" speed="4700" time="19600" acceleration="0"/>
    <motionState vehicle="0" speed="4700" time="19700" acceleration="0"/>
    <motionState vehicle="1" speed="4700" time="19700" acceleration="0"/>
    <motionState vehicle="2" speed="4700" time="19700" acceleration="0"/>
    <motionState vehicle="3" speed="4700" time="19700" acceleration="0"/>
    <motionState vehicle="4" speed="4700" time="19700" acceleration="0"/>
    <motionState vehicle="0" speed="4700" time="19800" acceleration="0"/>
    <motionState vehicle="1" speed="4700" time="19800" acceleration="0"/>
    <motionState vehicle="2" speed="4700" time="19800" acceleration="0"/>
    <motionState vehicle="3" speed="4700" time="19800" acceleration="0"/>
    <motionState vehicle="4" speed="4700" time="19800" acceleration="0"/>
    <motionState vehicle="0" speed="4700" time="19900" acceleration="0"/>
    <motionState vehicle="1" speed="4700" time="19900" acceleration="0"/>
    <motionState vehicle="2" speed="4700" time="19900" acceleration="0"/>
    <motionState vehicle="3" speed="4700" time="19900" acceleration="0"/>
    <motionState vehicle="4" speed="4700" time="19900" acceleration="0"/>
    <motionState vehicle="0" speed="4700" time="20000" acceleration="0"/>
    <motionState vehicle="1" speed="4700" time="20000" acceleration="0"/>
    <motionState vehicle="2" speed="4700" time="20000" acceleration="0"/>
    <motionState vehicle="3" speed="4700" time="20000" acceleration="0"/>
    <motionState vehicle="4" speed="4700" time="20000" acceleration="0"/>
    <motionState vehicle="0" speed="4700" time="20100" acceleration="0"/>
    <motionState vehicle="1" speed="4700" time="20100" acceleration="0"/>
    <motionState vehicle="2" speed="4700" time="20100" acceleration="0"/>
    <motionState vehicle="3" speed="4700" time="20100" acceleration="0"/>
    <motionState vehicle="4" speed="4700" time="20100" acceleration="0"/>
    <motionState vehicle="0" speed="4700" time="20200" acceleration="0"/>
    <motionState vehicle="1" speed="4700" time="20200" acceleration="0"/>
    <motionState vehicle="2" speed="4700" time="20200" acceleration="0"/>
    <motionState vehicle="3" speed="4700" time="20200" acceleration="0"/>
    <motionState vehicle="4" speed="4700" time="20200" acceleration="0"/>
    <motionState vehicle="0" speed="4700" time="20300" acceleration="0"/>
    <motionState vehicle="1" speed="4700" time="20300" acceleration="0"/>
    <motionState vehicle="2" speed="4700" time="20300" acceleration="0"/>
    <motionState vehicle="3" speed="4700" time="20300" acceleration="0"/>
    <motionState vehicle="4" speed="4700" time="20300" acceleration="0"/>
    <motionState vehicle="0" speed="4700" time="20400" acceleration="0"/>
    <motionState vehicle="1" speed="4700" time="20400" acceleration="0"/>
    <motionState vehicle="2" speed="4700" time="20400" acceleration="0"/>
    <motionState vehicle="3" speed="4700" time="20400" acceleration="0"/>
    <motionState vehicle="4" speed="4700" time="20400" acceleration="0"/>
    <motionState vehicle="0" speed="4700" time="20500" acceleration="0"/>
    <motionState vehicle="1" speed="4700" time="20500" acceleration="0"/>
    <motionState vehicle="2" speed="4700" time="20500" acceleration="0"/>
    <motionState vehicle="3" speed="4700" time="20500" acceleration="0"/>
    <motionState vehicle="4" speed="4700" time="20500" acceleration="0"/>
    <motionState vehicle="0" speed="4700" time="20600" acceleration="0"/>
    <motionState vehicle="1" speed="4700" time="20600" acceleration="0"/>
    <motionState vehicle="2" speed="4700" time="20600" acceleration="0"/>
    <motionState vehicle="3" speed="4700" time="20600" acceleration="0"/>
    <motionState vehicle="4" speed="4700" time="20600" acceleration="0"/>
    <motionState vehicle="0" speed="4700" time="20700" acceleration="0"/>
    <motionState vehicle="1" speed="4700" time="20700" acceleration="0"/>
    <motionState vehicle="2" speed="4700" time="20700" acceleration="0"/>
    <motionState vehicle="3" speed="4700" time="20700" acceleration="0"/>
    <motionState vehicle="4" speed="4700" time="20700" acceleration="0"/>
    <motionState vehicle="0" speed="4700" time="20800" acceleration="0"/>
    <motionState vehicle="1" speed="4700" time="20800" acceleration="0"/>
    <motionState vehicle="2" speed="4700" time="20800" acceleration="0"/>
    <motionState vehicle="3" speed="4700" time="20800" acceleration="0"/>
    <motionState vehicle="4" speed="4700" time="20800" acceleration="0"/>
    <motionState vehicle="0" speed="4700" time="20900" acceleration="0"/>
    <motionState vehicle="1" speed="4700" time="20900" acceleration="0"/>
    <motionState vehicle="2" speed="4700" time="20900" acceleration="0"/>
    <motionState vehicle="3" speed="4700" time="20900" acceleration="0"/>
    <motionState vehicle="4" speed="4700" time="20900" acceleration="0"/>
    <motionState vehicle="0" speed="4700" time="21000" acceleration="0"/>
    <motionState vehicle="1" speed="4700" time="21000" acceleration="0"/>
    <motionState vehicle="2" speed="4700" time="21000" acceleration="0"/>
    <motionState vehicle="3" speed="4700" time="21000" acceleration="0"/>
    <motionState vehicle="4" speed="4700" time="21000" acceleration="0"/>
    <motionState vehicle="0" speed="4700" time="21100" acceleration="0"/>
    <motionState vehicle="1" speed="4700" time="21100" acceleration="0"/>
    <motionState vehicle="2" speed="4700" time="21100" acceleration="0"/>
    <motionState vehicle="3" speed="4700" time="21100" acceleration="0"/>
    <motionState vehicle="4" speed="4700" time="21100" acceleration="0"/>
    <motionState vehicle="0" speed="4700" time="21200" acceleration="0"/>
    <motionState vehicle="1" speed="4700" time="21200" acceleration="0"/>
    <motionState vehicle="2" speed="4700" time="21200" acceleration="0"/>
    <motionState vehicle="3" speed="4700" time="21200" acceleration="0"/>
    <motionState vehicle="4" speed="4700" time="21200" acceleration="0"/>
    <motionState vehicle="0" speed="4700" time="21300" acceleration="0"/>
    <motionState vehicle="1" speed="4700" time="21300" acceleration="0"/>
    <motionState vehicle="2" speed="4700" time="21300" acceleration="0"/>
    <motionState vehicle="3" speed="4700" time="21300" acceleration="0"/>
    <motionState vehicle="4" speed="4700" time="21300" acceleration="0"/>
    <motionState vehicle="0" speed="4700" time="21400" acceleration="0"/>
    <motionState vehicle="1" speed="4700" time="21400" acceleration="0"/>
    <motionState vehicle="2" speed="4700" time="21400" acceleration="0"/>
    <motionState vehicle="3" speed="4700" time="21400" acceleration="0"/>
    <motionState vehicle="4" speed="4700" time="21400" acceleration="0"/>
    <motionState vehicle="0" speed="4700" time="21500" acceleration="0"/>
    <motionState vehicle="1" speed="4700" time="21500" acceleration="0"/>
    <motionState vehicle="2" speed="4700" time="21500" acceleration="0"/>
    <motionState vehicle="3" speed="4700" time="21500" acceleration="0"/>
    <motionState vehicle="4" speed="4700" time="21500" acceleration="0"/>
    <motionState vehicle="0" speed="4700" time="21600" acceleration="0"/>
    <motionState vehicle="1" speed="4700" time="21600" acceleration="0"/>
    <motionState vehicle="2" speed="4700" time="21600" acceleration="0"/>
    <motionState vehicle="3" speed="4700" time="21600" acceleration="0"/>
    <motionState vehicle="4" speed="4700" time="21600" acceleration="0"/>
    <motionState vehicle="0" speed="4700" time="21700" acceleration="0"/>
    <motionState vehicle="1" speed="4700" time="21700" acceleration="0"/>
    <motionState vehicle="2" speed="4700" time="21700" acceleration="0"/>
    <motionState vehicle="3" speed="4700" time="21700" acceleration="0"/>
    <motionState vehicle="4" speed="4700" time="21700" acceleration="0"/>
    <motionState vehicle="0" speed="4700" time="21800" acceleration="0"/>
    <motionState vehicle="1" speed="4700" time="21800" acceleration="0"/>
    <motionState vehicle="2" speed="4700" time="21800" acceleration="0"/>
    <motionState vehicle="3" speed="4700" time="21800" acceleration="0"/>
    <motionState vehicle="4" speed="4700" time="21800" acceleration="0"/>
    <motionState vehicle="0" speed="4700" time="21900" acceleration="0"/>
    <motionState vehicle="1" speed="4700" time="21900" acceleration="0"/>
    <motionState vehicle="2" speed="4700" time="21900" acceleration="0"/>
    <motionState vehicle="3" speed="4700" time="21900" acceleration="0"/>
    <motionState vehicle="4" speed="4700" time="21900" acceleration="0"/>
    <motionState vehicle="0" speed="4700" time="22000" acceleration="0"/>
    <motionState vehicle="1" speed="4700" time="22000" acceleration="0"/>
    <motionState vehicle="2" speed="4700" time="22000" acceleration="0"/>
    <motionState vehicle="3" speed="4700" time="22000" acceleration="0"/>
    <motionState vehicle="4" speed="4700" time="22000" acceleration="0"/>
    <motionState vehicle="0" speed="4700" time="22100" acceleration="0"/>
    <motionState vehicle="1" speed="4700" time="22100" acceleration="0"/>
    <motionState vehicle="2" speed="4700" time="22100" acceleration="0"/>
    <motionState vehicle="3" speed="4700" time="22100" acceleration="0"/>
    <motionState vehicle="4" speed="4700" time="22100" acceleration="0"/>
    <motionState vehicle="0" speed="4700" time="22200" acceleration="0"/>
    <motionState vehicle="1" speed="4700" time="22200" acceleration="0"/>
    <motionState vehicle="2" speed="4700" time="22200" acceleration="0"/>
    <motionState vehicle="3" speed="4700" time="22200" acceleration="0"/>
    <motionState vehicle="4" speed="4700" time="22200" acceleration="0"/>
    <motionState vehicle="0" speed="4700" time="22300" acceleration="0"/>
    <motionState vehicle="1" speed="4700" time="22300" acceleration="0"/>
    <motionState vehicle="2" speed="4700" time="22300" acceleration="0"/>
    <motionState vehicle="3" speed="4700" time="22300" acceleration="0"/>
    <motionState vehicle="4" speed="4700" time="22300" acceleration="0"/>
    <motionState vehicle="0" speed="4700" time="22400" acceleration="0"/>
    <motionState vehicle="1" speed="4700" time="22400" acceleration="0"/>
    <motionState vehicle="2" speed="4700" time="22400" acceleration="0"/>
    <motionState vehicle="3" speed="4700" time="22400" acceleration="0"/>
    <motionState vehicle="4" speed="4700" time="22400" acceleration="0"/>
    <motionState vehicle="0" speed="4700" time="22500" acceleration="0"/>
    <motionState vehicle="1" speed="4700" time="22500" acceleration="0"/>
    <motionState vehicle="2" speed="4700" time="22500" acceleration="0"/>
    <motionState vehicle="3" speed="4700" time="22500" acceleration="0"/>
    <motionState vehicle="4" speed="4700" time="22500" acceleration="0"/>
    <motionState vehicle="0" speed="4700" time="22600" acceleration="0"/>
    <motionState vehicle="1" speed="4700" time="22600" acceleration="0"/>
    <motionState vehicle="2" speed="4700" time="22600" acceleration="0"/>
    <motionState vehicle="3" speed="4700" time="22600" acceleration="0"/>
    <motionState vehicle="4" speed="4700" time="22600" acceleration="0"/>
    <motionState vehicle="0" speed="4700" time="22700" acceleration="0"/>
    <motionState vehicle="1" speed="4700" time="22700" acceleration="0"/>
    <motionState vehicle="2" speed="4700" time="22700" acceleration="0"/>
    <motionState vehicle="3" speed="4700" time="22700" acceleration="0"/>
    <motionState vehicle="4" speed="4700" time="22700" acceleration="0"/>
    <motionState vehicle="0" speed="4700" time="22800" acceleration="0"/>
    <motionState vehicle="1" speed="4700" time="22800" acceleration="0"/>
    <motionState vehicle="2" speed="4700" time="22800" acceleration="0"/>
    <motionState vehicle="3" speed="4700" time="22800" acceleration="0"/>
    <motionState vehicle="4" speed="4700" time="22800" acceleration="0"/>
    <motionState vehicle="0" speed="4700" time="22900" acceleration="0"/>
    <motionState vehicle="1" speed="4700" time="22900" acceleration="0"/>
    <motionState vehicle="2" speed="4700" time="22900" acceleration="0"/>
    <motionState vehicle="3" speed="4700" time="22900" acceleration="0"/>
    <motionState vehicle="4" speed="4700" time="22900" acceleration="0"/>
    <motionState vehicle="0" speed="4700" time="23000" acceleration="0"/>
    <motionState vehicle="1" speed="4700" time="23000" acceleration="0"/>
    <motionState vehicle="2" speed="4700" time="23000" acceleration="0"/>
    <motionState vehicle="3" speed="4700" time="23000" acceleration="0"/>
    <motionState vehicle="4" speed="4700" time="23000" acceleration="0"/>
    <motionState vehicle="0" speed="4700" time="23100" acceleration="0"/>
    <motionState vehicle="1" speed="4700" time="23100" acceleration="0"/>
    <motionState vehicle="2" speed="4700" time="23100" acceleration="0"/>
    <motionState vehicle="3" speed="4700" time="23100" acceleration="0"/>
    <motionState vehicle="4" speed="4700" time="23100" acceleration="0"/>
    <motionState vehicle="0" speed="4700" time="23200" acceleration="0"/>
    <motionState vehicle="1" speed="4700" time="23200" acceleration="0"/>
    <motionState vehicle="2" speed="4700" time="23200" acceleration="0"/>
    <motionState vehicle="3" speed="4700" time="23200" acceleration="0"/>
    <motionState vehicle="4" speed="4700" time="23200" acceleration="0"/>
    <motionState vehicle="0" speed="4700" time="23300" acceleration="0"/>
    <motionState vehicle="1" speed="4700" time="23300" acceleration="0"/>
    <motionState vehicle="2" speed="4700" time="23300" acceleration="0"/>
    <motionState vehicle="3" speed="4700" time="23300" acceleration="0"/>
    <motionState vehicle="4" speed="4700" time="23300" acceleration="0"/>
    <motionState vehicle="0" speed="4700" time="23400" acceleration="0"/>
    <motionState vehicle="1" speed="4700" time="23400" acceleration="0"/>
    <motionState vehicle="2" speed="4700" time="23400" acceleration="0"/>
    <motionState vehicle="3" speed="4700" time="23400" acceleration="0"/>
    <motionState vehicle="4" speed="4700" time="23400" acceleration="0"/>
    <motionState vehicle="0" speed="4700" time="23500" acceleration="0"/>
    <motionState vehicle="1" speed="4700" time="23500" acceleration="0"/>
    <motionState vehicle="2" speed="4700" time="23500" acceleration="0"/>
    <motionState vehicle="3" speed="4700" time="23500" acceleration="0"/>
    <motionState vehicle="4" speed="4700" time="23500" acceleration="0"/>
    <motionState vehicle="0" speed="4700" time="23600" acceleration="0"/>
    <motionState vehicle="1" speed="4700" time="23600" acceleration="0"/>
    <motionState vehicle="2" speed="4700" time="23600" acceleration="0"/>
    <motionState vehicle="3" speed="4700" time="23600" acceleration="0"/>
    <motionState vehicle="4" speed="4700" time="23600" acceleration="0"/>
    <motionState vehicle="0" speed="4700" time="23700" acceleration="0"/>
    <motionState vehicle="1" speed="4700" time="23700" acceleration="0"/>
    <motionState vehicle="2" speed="4700" time="23700" acceleration="0"/>
    <motionState vehicle="3" speed="4700" time="23700" acceleration="0"/>
    <motionState vehicle="4" speed="4700" time="23700" acceleration="0"/>
    <motionState vehicle="0" speed="4700" time="23800" acceleration="0"/>
    <motionState vehicle="1" speed="4700" time="23800" acceleration="0"/>
    <motionState vehicle="2" speed="4700" time="23800" acceleration="0"/>
    <motionState vehicle="3" speed="4700" time="23800" acceleration="0"/>
    <motionState vehicle="4" speed="4700" time="23800" acceleration="0"/>
    <motionState vehicle="0" speed="4700" time="23900" acceleration="0"/>
    <motionState vehicle="1" speed="4700" time="23900" acceleration="0"/>
    <motionState vehicle="2" speed="4700" time="23900" acceleration="0"/>
    <motionState vehicle="3" speed="4700" time="23900" acceleration="0"/>
    <motionState vehicle="4" speed="4700" time="23900" acceleration="0"/>
    <motionState vehicle="0" speed="4700" time="24000" acceleration="0"/>
    <motionState vehicle="1" speed="4700" time="24000" acceleration="0"/>
    <motionState vehicle="2" speed="4700" time="24000" acceleration="0"/>
    <motionState vehicle="3" speed="4700" time="24000" acceleration="0"/>
    <motionState vehicle="4" speed="4700" time="24000" acceleration="0"/>
    <motionState vehicle="0" speed="4700" time="24100" acceleration="0"/>
    <motionState vehicle="1" speed="4700" time="24100" acceleration="0"/>
    <motionState vehicle="2" speed="4700" time="24100" acceleration="0"/>
    <motionState vehicle="3" speed="4700" time="24100" acceleration="0"/>
    <motionState vehicle="4" speed="4700" time="24100" acceleration="0"/>
    <motionState vehicle="0" speed="4700" time="24200" acceleration="0"/>
    <motionState vehicle="1" speed="4700" time="24200" acceleration="0"/>
    <motionState vehicle="2" speed="4700" time="24200" acceleration="0"/>
    <motionState vehicle="3" speed="4700" time="24200" acceleration="0"/>
    <motionState vehicle="4" speed="4700" time="24200" acceleration="0"/>
    <motionState vehicle="0" speed="4700" time="24300" acceleration="0"/>
    <motionState vehicle="1" speed="4700" time="24300" acceleration="0"/>
    <motionState vehicle="2" speed="4700" time="24300" acceleration="0"/>
    <motionState vehicle="3" speed="4700" time="24300" acceleration="0"/>
    <motionState vehicle="4" speed="4700" time="24300" acceleration="0"/>
    <motionState vehicle="0" speed="4700" time="24400" acceleration="0"/>
    <motionState vehicle="1" speed="4700" time="24400" acceleration="0"/>
    <motionState vehicle="2" speed="4700" time="24400" acceleration="0"/>
    <motionState vehicle="3" speed="4700" time="24400" acceleration="0"/>
    <motionState vehicle="4" speed="4700" time="24400" acceleration="0"/>
    <motionState vehicle="0" speed="4700" time="24500" acceleration="0"/>
    <motionState vehicle="1" speed="4700" time="24500" acceleration="0"/>
    <motionState vehicle="2" speed="4700" time="24500" acceleration="0"/>
    <motionState vehicle="3" speed="4700" time="24500" acceleration="0"/>
    <motionState vehicle="4" speed="4700" time="24500" acceleration="0"/>
    <motionState vehicle="0" speed="4700" time="24600" acceleration="0"/>
    <motionState vehicle="1" speed="4700" time="24600" acceleration="0"/>
    <motionState vehicle="2" speed="4700" time="24600" acceleration="0"/>
    <motionState vehicle="3" speed="4700" time="24600" acceleration="0"/>
    <motionState vehicle="4" speed="4700" time="24600" acceleration="0"/>
    <motionState vehicle="0" speed="4700" time="24700" acceleration="0"/>
    <motionState vehicle="1" speed="4700" time="24700" acceleration="0"/>
    <motionState vehicle="2" speed="4700" time="24700" acceleration="0"/>
    <motionState vehicle="3" speed="4700" time="24700" acceleration="0"/>
    <motionState vehicle="4" speed="4700" time="24700" acceleration="0"/>
    <motionState vehicle="0" speed="4700" time="24800" acceleration="0"/>
    <motionState vehicle="1" speed="4700" time="24800" acceleration="0"/>
    <motionState vehicle="2" speed="4700" time="24800" acceleration="0"/>
    <motionState vehicle="3" speed="4700" time="24800" acceleration="0"/>
    <motionState vehicle="4" speed="4700" time="24800" acceleration="0"/>
    <motionState vehicle="0" speed="4700" time="24900" acceleration="0"/>
    <motionState vehicle="1" speed="4700" time="24900" acceleration="0"/>
    <motionState vehicle="2" speed="4700" time="24900" acceleration="0"/>
    <motionState vehicle="3" speed="4700" time="24900" acceleration="0"/>
    <motionState vehicle="4" speed="4700" time="24900" acceleration="0"/>
    <motionState vehicle="0" speed="4700" time="25000" acceleration="0"/>
    <motionState vehicle="1" speed="4700" time="25000" acceleration="0"/>
    <motionState vehicle="2" speed="4700" time="25000" acceleration="0"/>
    <motionState vehicle="3" speed="4700" time="25000" acceleration="0"/>
    <motionState vehicle="4" speed="4700" time="25000" acceleration="0"/>
    <motionState vehicle="0" speed="4700" time="25100" acceleration="0"/>
    <motionState vehicle="1" speed="4700" time="25100" acceleration="0"/>
    <motionState vehicle="2" speed="4700" time="25100" acceleration="0"/>
    <motionState vehicle="3" speed="4700" time="25100" acceleration="0"/>
    <motionState vehicle="4" speed="4700" time="25100" acceleration="0"/>
    <motionState vehicle="0" speed="4700" time="25200" acceleration="0"/>
    <motionState vehicle="1" speed="4700" time="25200" acceleration="0"/>
    <motionState vehicle="2" speed="4700" time="25200" acceleration="0"/>
    <motionState vehicle="3" speed="4700" time="25200" acceleration="0"/>
    <motionState vehicle="4" speed="4700" time="25200" acceleration="0"/>
    <motionState vehicle="0" speed="4700" time="25300" acceleration="0"/>
    <motionState vehicle="1" speed="4700" time="25300" acceleration="0"/>
    <motionState vehicle="2" speed="4700" time="25300" acceleration="0"/>
    <motionState vehicle="3" speed="4700" time="25300" acceleration="0"/>
    <motionState vehicle="4" speed="4700" time="25300" acceleration="0"/>
    <motionState vehicle="0" speed="4700" time="25400" acceleration="0"/>
    <motionState vehicle="1" speed="4700" time="25400" acceleration="0"/>
    <motionState vehicle="2" speed="4700" time="25400" acceleration="0"/>
    <motionState vehicle="3" speed="4700" time="25400" acceleration="0"/>
    <motionState vehicle="4" speed="4700" time="25400" acceleration="0"/>
    <motionState vehicle="0" speed="4700" time="25500" acceleration="0"/>
    <motionState vehicle="1" speed="4700" time="25500" acceleration="0"/>
    <motionState vehicle="2" speed="4700" time="25500" acceleration="0"/>
    <motionState vehicle="3" speed="4700" time="25500" acceleration="0"/>
    <motionState vehicle="4" speed="4700" time="25500" acceleration="0"/>
    <motionState vehicle="0" speed="4700" time="25600" acceleration="0"/>
    <motionState vehicle="1" speed="4700" time="25600" acceleration="0"/>
    <motionState vehicle="2" speed="4700" time="25600" acceleration="0"/>
    <motionState vehicle="3" speed="4700" time="25600" acceleration="0"/>
    <motionState vehicle="4" speed="4700" time="25600" acceleration="0"/>
    <motionState vehicle="0" speed="4700" time="25700" acceleration="0"/>
    <motionState vehicle="1" speed="4700" time="25700" acceleration="0"/>
    <motionState vehicle="2" speed="4700" time="25700" acceleration="0"/>
    <motionState vehicle="3" speed="4700" time="25700" acceleration="0"/>
    <motionState vehicle="4" speed="4700" time="25700" acceleration="0"/>
    <motionState vehicle="0" speed="4700" time="25800" acceleration="0"/>
    <motionState vehicle="1" speed="4700" time="25800" acceleration="0"/>
    <motionState vehicle="2" speed="4700" time="25800" acceleration="0"/>
    <motionState vehicle="3" speed="4700" time="25800" acceleration="0"/>
    <motionState vehicle="4" speed="4700" time="25800" acceleration="0"/>
    <motionState vehicle="0" speed="4700" time="25900" acceleration="0"/>
    <motionState vehicle="1" speed="4700" time="25900" acceleration="0"/>
    <motionState vehicle="2" speed="4700" time="25900" acceleration="0"/>
    <motionState vehicle="3" speed="4700" time="25900" acceleration="0"/>
    <motionState vehicle="4" speed="4700" time="25900" acceleration="0"/>
    <motionState vehicle="0" speed="4700" time="26000" acceleration="0"/>
    <motionState vehicle="1" speed="4700" time="26000" acceleration="0"/>
    <motionState vehicle="2" speed="4700" time="26000" acceleration="0"/>
    <motionState vehicle="3" speed="4700" time="26000" acceleration="0"/>
    <motionState vehicle="4" speed="4700" time="26000" acceleration="0"/>
    <motionState vehicle="0" speed="4700" time="26100" acceleration="0"/>
    <motionState vehicle="1" speed="4700" time="26100" acceleration="0"/>
    <motionState vehicle="2" speed="4700" time="26100" acceleration="0"/>
    <motionState vehicle="3" speed="4700" time="26100" acceleration="0"/>
    <motionState vehicle="4" speed="4700" time="26100" acceleration="0"/>
    <motionState vehicle="0" speed="4700" time="26200" acceleration="0"/>
    <motionState vehicle="1" speed="4700" time="26200" acceleration="0"/>
    <motionState vehicle="2" speed="4700" time="26200" acceleration="0"/>
    <motionState vehicle="3" speed="4700" time="26200" acceleration="0"/>
    <motionState vehicle="4" speed="4700" time="26200" acceleration="0"/>
    <motionState vehicle="0" speed="4700" time="26300" acceleration="0"/>
    <motionState vehicle="1" speed="4700" time="26300" acceleration="0"/>
    <motionState vehicle="2" speed="4700" time="26300" acceleration="0"/>
    <motionState vehicle="3" speed="4700" time="26300" acceleration="0"/>
    <motionState vehicle="4" speed="4700" time="26300" acceleration="0"/>
    <motionState vehicle="0" speed="4700" time="26400" acceleration="0"/>
    <motionState vehicle="1" speed="4700" time="26400" acceleration="0"/>
    <motionState vehicle="2" speed="4700" time="26400" acceleration="0"/>
    <motionState vehicle="3" speed="4700" time="26400" acceleration="0"/>
    <motionState vehicle="4" speed="4700" time="26400" acceleration="0"/>
    <motionState vehicle="0" speed="4700" time="26500" acceleration="0"/>
    <motionState vehicle="1" speed="4700" time="26500" acceleration="0"/>
    <motionState vehicle="2" speed="4700" time="26500" acceleration="0"/>
    <motionState vehicle="3" speed="4700" time="26500" acceleration="0"/>
    <motionState vehicle="4" speed="4700" time="26500" acceleration="0"/>
    <motionState vehicle="0" speed="4700" time="26600" acceleration="0"/>
    <motionState vehicle="1" speed="4700" time="26600" acceleration="0"/>
    <motionState vehicle="2" speed="4700" time="26600" acceleration="0"/>
    <motionState vehicle="3" speed="4700" time="26600" acceleration="0"/>
    <motionState vehicle="4" speed="4700" time="26600" acceleration="0"/>
    <motionState vehicle="0" speed="4700" time="26700" acceleration="0"/>
    <motionState vehicle="1" speed="4700" time="26700" acceleration="0"/>
    <motionState vehicle="2" speed="4700" time="26700" acceleration="0"/>
    <motionState vehicle="3" speed="4700" time="26700" acceleration="0"/>
    <motionState vehicle="4" speed="4700" time="26700" acceleration="0"/>
    <motionState vehicle="0" speed="4700" time="26800" acceleration="0"/>
    <motionState vehicle="1" speed="4700" time="26800" acceleration="0"/>
    <motionState vehicle="2" speed="4700" time="26800" acceleration="0"/>
    <motionState vehicle="3" speed="4700" time="26800" acceleration="0"/>
    <motionState vehicle="4" speed="4700" time="26800" acceleration="0"/>
    <motionState vehicle="0" speed="4700" time="26900" acceleration="0"/>
    <motionState vehicle="1" speed="4700" time="26900" acceleration="0"/>
    <motionState vehicle="2" speed="4700" time="26900" acceleration="0"/>
    <motionState vehicle="3" speed="4700" time="26900" acceleration="0"/>
    <motionState vehicle="4" speed="4700" time="26900" acceleration="0"/>
    <motionState vehicle="0" speed="4700" time="27000" acceleration="0"/>
    <motionState vehicle="1" speed="4700" time="27000" acceleration="0"/>
    <motionState vehicle="2" speed="4700" time="27000" acceleration="0"/>
    <motionState vehicle="3" speed="4700" time="27000" acceleration="0"/>
    <motionState vehicle="4" speed="4700" time="27000" acceleration="0"/>
    <motionState vehicle="0" speed="4700" time="27100" acceleration="0"/>
    <motionState vehicle="1" speed="4700" time="27100" acceleration="0"/>
    <motionState vehicle="2" speed="4700" time="27100" acceleration="0"/>
    <motionState vehicle="3" speed="4700" time="27100" acceleration="0"/>
    <motionState vehicle="4" speed="4700" time="27100" acceleration="0"/>
    <motionState vehicle="0" speed="4700" time="27200" acceleration="0"/>
    <motionState vehicle="1" speed="4700" time="27200" acceleration="0"/>
    <motionState vehicle="2" speed="4700" time="27200" acceleration="0"/>
    <motionState vehicle="3" speed="4700" time="27200" acceleration="0"/>
    <motionState vehicle="4" speed="4700" time="27200" acceleration="0"/>
    <motionState vehicle="0" speed="4700" time="27300" acceleration="0"/>
    <motionState vehicle="1" speed="4700" time="27300" acceleration="0"/>
    <motionState vehicle="2" speed="4700" time="27300" acceleration="0"/>
    <motionState vehicle="3" speed="4700" time="27300" acceleration="0"/>
    <motionState vehicle="4" speed="4700" time="27300" acceleration="0"/>
    <motionState vehicle="0" speed="4700" time="27400" acceleration="0"/>
    <motionState vehicle="1" speed="4700" time="27400" acceleration="0"/>
    <motionState vehicle="2" speed="4700" time="27400" acceleration="0"/>
    <motionState vehicle="3" speed="4700" time="27400" acceleration="0"/>
    <motionState vehicle="4" speed="4700" time="27400" acceleration="0"/>
    <motionState vehicle="0" speed="4700" time="27500" acceleration="0"/>
    <motionState vehicle="1" speed="4700" time="27500" acceleration="0"/>
    <motionState vehicle="2" speed="4700" time="27500" acceleration="0"/>
    <motionState vehicle="3" speed="4700" time="27500" acceleration="0"/>
    <motionState vehicle="4" speed="4700" time="27500" acceleration="0"/>
    <motionState vehicle="0" speed="4700" time="27600" acceleration="0"/>
    <motionState vehicle="1" speed="4700" time="27600" acceleration="0"/>
    <motionState vehicle="2" speed="4700" time="27600" acceleration="0"/>
    <motionState vehicle="3" speed="4700" time="27600" acceleration="0"/>
    <motionState vehicle="4" speed="4700" time="27600" acceleration="0"/>
    <motionState vehicle="0" speed="4700" time="27700" acceleration="0"/>
    <motionState vehicle="1" speed="4700" time="27700" acceleration="0"/>
    <motionState vehicle="2" speed="4700" time="27700" acceleration="0"/>
    <motionState vehicle="3" speed="4700" time="27700" acceleration="0"/>
    <motionState vehicle="4" speed="4700" time="27700" acceleration="0"/>
    <motionState vehicle="0" speed="4700" time="27800" acceleration="0"/>
    <motionState vehicle="1" speed="4700" time="27800" acceleration="0"/>
    <motionState vehicle="2" speed="4700" time="27800" acceleration="0"/>
    <motionState vehicle="3" speed="4700" time="27800" acceleration="0"/>
    <motionState vehicle="4" speed="4700" time="27800" acceleration="0"/>
    <motionState vehicle="0" speed="4700" time="27900" acceleration="0"/>
    <motionState vehicle="1" speed="4700" time="27900" acceleration="0"/>
    <motionState vehicle="2" speed="4700" time="27900" acceleration="0"/>
    <motionState vehicle="3" speed="4700" time="27900" acceleration="0"/>
    <motionState vehicle="4" speed="4700" time="27900" acceleration="0"/>
    <motionState vehicle="0" speed="4700" time="28000" acceleration="0"/>
    <motionState vehicle="1" speed="4700" time="28000" acceleration="0"/>
    <motionState vehicle="2" speed="4700" time="28000" acceleration="0"/>
    <motionState vehicle="3" speed="4700" time="28000" acceleration="0"/>
    <motionState vehicle="4" speed="4700" time="28000" acceleration="0"/>
    <motionState vehicle="0" speed="4700" time="28100" acceleration="0"/>
    <motionState vehicle="1" speed="4700" time="28100" acceleration="0"/>
    <motionState vehicle="2" speed="4700" time="28100" acceleration="0"/>
    <motionState vehicle="3" speed="4700" time="28100" acceleration="0"/>
    <motionState vehicle="4" speed="4700" time="28100" acceleration="0"/>
    <motionState vehicle="0" speed="4700" time="28200" acceleration="0"/>
    <motionState vehicle="1" speed="4700" time="28200" acceleration="0"/>
    <motionState vehicle="2" speed="4700" time="28200" acceleration="0"/>
    <motionState vehicle="3" speed="4700" time="28200" acceleration="0"/>
    <motionState vehicle="4" speed="4700" time="28200" acceleration="0"/>
    <motionState vehicle="0" speed="4700" time="28300" acceleration="0"/>
    <motionState vehicle="1" speed="4700" time="28300" acceleration="0"/>
    <motionState vehicle="2" speed="4700" time="28300" acceleration="0"/>
    <motionState vehicle="3" speed="4700" time="28300" acceleration="0"/>
    <motionState vehicle="4" speed="4700" time="28300" acceleration="0"/>
    <motionState vehicle="0" speed="4700" time="28400" acceleration="0"/>
    <motionState vehicle="1" speed="4700" time="28400" acceleration="0"/>
    <motionState vehicle="2" speed="4700" time="28400" acceleration="0"/>
    <motionState vehicle="3" speed="4700" time="28400" acceleration="0"/>
    <motionState vehicle="4" speed="4700" time="28400" acceleration="0"/>
    <motionState vehicle="0" speed="4700" time="28500" acceleration="0"/>
    <motionState vehicle="1" speed="4700" time="28500" acceleration="0"/>
    <motionState vehicle="2" speed="4700" time="28500" acceleration="0"/>
    <motionState vehicle="3" speed="4700" time="28500" acceleration="0"/>
    <motionState vehicle="4" speed="4700" time="28500" acceleration="0"/>
    <motionState vehicle="0" speed="4700" time="28600" acceleration="0"/>
    <motionState vehicle="1" speed="4700" time="28600" acceleration="0"/>
    <motionState vehicle="2" speed="4700" time="28600" acceleration="0"/>
    <motionState vehicle="3" speed="4700" time="28600" acceleration="0"/>
    <motionState vehicle="4" speed="4700" time="28600" acceleration="0"/>
    <motionState vehicle="0" speed="4700" time="28700" acceleration="0"/>
    <motionState vehicle="1" speed="4700" time="28700" acceleration="0"/>
    <motionState vehicle="2" speed="4700" time="28700" acceleration="0"/>
    <motionState vehicle="3" speed="4700" time="28700" acceleration="0"/>
    <motionState vehicle="4" speed="4700" time="28700" acceleration="0"/>
    <motionState vehicle="0" speed="4700" time="28800" acceleration="0"/>
    <motionState vehicle="1" speed="4700" time="28800" acceleration="0"/>
    <motionState vehicle="2" speed="4700" time="28800" acceleration="0"/>
    <motionState vehicle="3" speed="4700" time="28800" acceleration="0"/>
    <motionState vehicle="4" speed="4700" time="28800" acceleration="0"/>
    <motionState vehicle="0" speed="4700" time="28900" acceleration="0"/>
    <motionState vehicle="1" speed="4700" time="28900" acceleration="0"/>
    <motionState vehicle="2" speed="4700" time="28900" acceleration="0"/>
    <motionState vehicle="3" speed="4700" time="28900" acceleration="0"/>
    <motionState vehicle="4" speed="4700" time="28900" acceleration="0"/>
    <motionState vehicle="0" speed="4700" time="29000" acceleration="0"/>
    <motionState vehicle="1" speed="4700" time="29000" acceleration="0"/>
    <motionState vehicle="2" speed="4700" time="29000" acceleration="0"/>
    <motionState vehicle="3" speed="4700" time="29000" acceleration="0"/>
    <motionState vehicle="4" speed="4700" time="29000" acceleration="0"/>
    <motionState vehicle="0" speed="4700" time="29100" acceleration="0"/>
    <motionState vehicle="1" speed="4700" time="29100" acceleration="0"/>
    <motionState vehicle="2" speed="4700" time="29100" acceleration="0"/>
    <motionState vehicle="3" speed="4700" time="29100" acceleration="0"/>
    <motionState vehicle="4" speed="4700" time="29100" acceleration="0"/>
    <motionState vehicle="0" speed="4700" time="29200" acceleration="0"/>
    <motionState vehicle="1" speed="4700" time="29200" acceleration="0"/>
    <motionState vehicle="2" speed="4700" time="29200" acceleration="0"/>
    <motionState vehicle="3" speed="4700" time="29200" acceleration="0"/>
    <motionState vehicle="4" speed="4700" time="29200" acceleration="0"/>
    <motionState vehicle="0" speed="4700" time="29300" acceleration="0"/>
    <motionState vehicle="1" speed="4700" time="29300" acceleration="0"/>
    <motionState vehicle="2" speed="4700" time="29300" acceleration="0"/>
    <motionState vehicle="3" speed="4700" time="29300" acceleration="0"/>
    <motionState vehicle="4" speed="4700" time="29300" acceleration="0"/>
    <motionState vehicle="0" speed="4700" time="29400" acceleration="0"/>
    <motionState vehicle="1" speed="4700" time="29400" acceleration="0"/>
    <motionState vehicle="2" speed="4700" time="29400" acceleration="0"/>
    <motionState vehicle="3" speed="4700" time="29400" acceleration="0"/>
    <motionState vehicle="4" speed="4700" time="29400" acceleration="0"/>
    <motionState vehicle="0" speed="4700" time="29500" acceleration="0"/>
    <motionState vehicle="1" speed="4700" time="29500" acceleration="0"/>
    <motionState vehicle="2" speed="4700" time="29500" acceleration="0"/>
    <motionState vehicle="3" speed="4700" time="29500" acceleration="0"/>
    <motionState vehicle="4" speed="4700" time="29500" acceleration="0"/>
    <motionState vehicle="0" speed="4700" time="29600" acceleration="0"/>
    <motionState vehicle="1" speed="4700" time="29600" acceleration="0"/>
    <motionState vehicle="2" speed="4700" time="29600" acceleration="0"/>
    <motionState vehicle="3" speed="4700" time="29600" acceleration="0"/>
    <motionState vehicle="4" speed="4700" time="29600" acceleration="0"/>
    <motionState vehicle="0" speed="4700" time="29700" acceleration="0"/>
    <motionState vehicle="1" speed="4700" time="29700" acceleration="0"/>
    <motionState vehicle="2" speed="4700" time="29700" acceleration="0"/>
    <motionState vehicle="3" speed="4700" time="29700" acceleration="0"/>
    <motionState vehicle="4" speed="4700" time="29700" acceleration="0"/>
    <motionState vehicle="0" speed="4700" time="29800" acceleration="0"/>
    <motionState vehicle="1" speed="4700" time="29800" acceleration="0"/>
    <motionState vehicle="2" speed="4700" time="29800" acceleration="0"/>
    <motionState vehicle="3" speed="4700" time="29800" acceleration="0"/>
    <motionState vehicle="4" speed="4700" time="29800" acceleration="0"/>
    <motionState vehicle="0" speed="4700" time="29900" acceleration="0"/>
    <motionState vehicle="1" speed="4700" time="29900" acceleration="0"/>
    <motionState vehicle="2" speed="4700" time="29900" acceleration="0"/>
    <motionState vehicle="3" speed="4700" time="29900" acceleration="0"/>
    <motionState vehicle="4" speed="4700" time="29900" acceleration="0"/>
    <motionState vehicle="0" speed="4700" time="30000" acceleration="0"/>
    <motionState vehicle="1" speed="4700" time="30000" acceleration="0"/>
    <motionState vehicle="2" speed="4700" time="30000" acceleration="0"/>
    <motionState vehicle="3" speed="4700" time="30000" acceleration="0"/>
    <motionState vehicle="4" speed="4700" time="30000" acceleration="0"/>
    <motionState vehicle="0" speed="4700" time="30100" acceleration="0"/>
    <motionState vehicle="1" speed="4700" time="30100" acceleration="0"/>
    <motionState vehicle="2" speed="4700" time="30100" acceleration="0"/>
    <motionState vehicle="3" speed="4700" time="30100" acceleration="0"/>
    <motionState vehicle="4" speed="4700" time="30100" acceleration="0"/>
    <motionState vehicle="0" speed="4700" time="30200" acceleration="0"/>
    <motionState vehicle="1" speed="4700" time="30200" acceleration="0"/>
    <motionState vehicle="2" speed="4700" time="30200" acceleration="0"/>
    <motionState vehicle="3" speed="4700" time="30200" acceleration="0"/>
    <motionState vehicle="4" speed="4700" time="30200" acceleration="0"/>
    <motionState vehicle="0" speed="4700" time="30300" acceleration="0"/>
    <motionState vehicle="1" speed="4700" time="30300" acceleration="0"/>
    <motionState vehicle="2" speed="4700" time="30300" acceleration="0"/>
    <motionState vehicle="3" speed="4700" time="30300" acceleration="0"/>
    <motionState vehicle="4" speed="4700" time="30300" acceleration="0"/>
    <motionState vehicle="0" speed="4700" time="30400" acceleration="0"/>
    <motionState vehicle="1" speed="4700" time="30400" acceleration="0"/>
    <motionState vehicle="2" speed="4700" time="30400" acceleration="0"/>
    <motionState vehicle="3" speed="4700" time="30400" acceleration="0"/>
    <motionState vehicle="4" speed="4700" time="30400" acceleration="0"/>
    <motionState vehicle="0" speed="4700" time="30500" acceleration="0"/>
    <motionState vehicle="1" speed="4700" time="30500" acceleration="0"/>
    <motionState vehicle="2" speed="4700" time="30500" acceleration="0"/>
    <motionState vehicle="3" speed="4700" time="30500" acceleration="0"/>
    <motionState vehicle="4" speed="4700" time="30500" acceleration="0"/>
    <motionState vehicle="0" speed="4700" time="30600" acceleration="0"/>
    <motionState vehicle="1" speed="4700" time="30600" acceleration="0"/>
    <motionState vehicle="2" speed="4700" time="30600" acceleration="0"/>
    <motionState vehicle="3" speed="4700" time="30600" acceleration="0"/>
    <motionState vehicle="4" speed="4700" time="30600" acceleration="0"/>
    <motionState vehicle="0" speed="4700" time="30700" acceleration="0"/>
    <motionState vehicle="1" speed="4700" time="30700" acceleration="0"/>
    <motionState vehicle="2" speed="4700" time="30700" acceleration="0"/>
    <motionState vehicle="3" speed="4700" time="30700" acceleration="0"/>
    <motionState vehicle="4" speed="4700" time="30700" acceleration="0"/>
    <motionState vehicle="0" speed="4700" time="30800" acceleration="0"/>
    <motionState vehicle="1" speed="4700" time="30800" acceleration="0"/>
    <motionState vehicle="2" speed="4700" time="30800" acceleration="0"/>
    <motionState vehicle="3" speed="4700" time="30800" acceleration="0"/>
    <motionState vehicle="4" speed="4700" time="30800" acceleration="0"/>
    <motionState vehicle="0" speed="4700" time="30900" acceleration="0"/>
    <motionState vehicle="1" speed="4700" time="30900" acceleration="0"/>
    <motionState vehicle="2" speed="4700" time="30900" acceleration="0"/>
    <motionState vehicle="3" speed="4700" time="30900" acceleration="0"/>
    <motionState vehicle="4" speed="4700" time="30900" acceleration="0"/>
    <motionState vehicle="0" speed="4700" time="31000" acceleration="0"/>
    <motionState vehicle="1" speed="4700" time="31000" acceleration="0"/>
    <motionState vehicle="2" speed="4700" time="31000" acceleration="0"/>
    <motionState vehicle="3" speed="4700" time="31000" acceleration="0"/>
    <motionState vehicle="4" speed="4700" time="31000" acceleration="0"/>
    <motionState vehicle="0" speed="4700" time="31100" acceleration="0"/>
    <motionState vehicle="1" speed="4700" time="31100" acceleration="0"/>
    <motionState vehicle="2" speed="4700" time="31100" acceleration="0"/>
    <motionState vehicle="3" speed="4700" time="31100" acceleration="0"/>
    <motionState vehicle="4" speed="4700" time="31100" acceleration="0"/>
    <motionState vehicle="0" speed="4700" time="31200" acceleration="0"/>
    <motionState vehicle="1" speed="4700" time="31200" acceleration="0"/>
    <motionState vehicle="2" speed="4700" time="31200" acceleration="0"/>
    <motionState vehicle="3" speed="4700" time="31200" acceleration="0"/>
    <motionState vehicle="4" speed="4700" time="31200" acceleration="0"/>
    <motionState vehicle="0" speed="4700" time="31300" acceleration="0"/>
    <motionState vehicle="1" speed="4700" time="31300" acceleration="0"/>
    <motionState vehicle="2" speed="4700" time="31300" acceleration="0"/>
    <motionState vehicle="3" speed="4700" time="31300" acceleration="0"/>
    <motionState vehicle="4" speed="4700" time="31300" acceleration="0"/>
    <motionState vehicle="0" speed="4700" time="31400" acceleration="0"/>
    <motionState vehicle="1" speed="4700" time="31400" acceleration="0"/>
    <motionState vehicle="2" speed="4700" time="31400" acceleration="0"/>
    <motionState vehicle="3" speed="4700" time="31400" acceleration="0"/>
    <motionState vehicle="4" speed="4700" time="31400" acceleration="0"/>
    <motionState vehicle="0" speed="4700" time="31500" acceleration="0"/>
    <motionState vehicle="1" speed="4700" time="31500" acceleration="0"/>
    <motionState vehicle="2" speed="4700" time="31500" acceleration="0"/>
    <motionState vehicle="3" speed="4700" time="31500" acceleration="0"/>
    <motionState vehicle="4" speed="4700" time="31500" acceleration="0"/>
    <motionState vehicle="0" speed="4700" time="31600" acceleration="0"/>
    <motionState vehicle="1" speed="4700" time="31600" acceleration="0"/>
    <motionState vehicle="2" speed="4700" time="31600" acceleration="0"/>
    <motionState vehicle="3" speed="4700" time="31600" acceleration="0"/>
    <motionState vehicle="4" speed="4700" time="31600" acceleration="0"/>
    <motionState vehicle="0" speed="4700" time="31700" acceleration="0"/>
    <motionState vehicle="1" speed="4700" time="31700" acceleration="0"/>
    <motionState vehicle="2" speed="4700" time="31700" acceleration="0"/>
    <motionState vehicle="3" speed="4700" time="31700" acceleration="0"/>
    <motionState vehicle="4" speed="4700" time="31700" acceleration="0"/>
    <motionState vehicle="0" speed="4700" time="31800" acceleration="0"/>
    <motionState vehicle="1" speed="4700" time="31800" acceleration="0"/>
    <motionState vehicle="2" speed="4700" time="31800" acceleration="0"/>
    <motionState vehicle="3" speed="4700" time="31800" acceleration="0"/>
    <motionState vehicle="4" speed="4700" time="31800" acceleration="0"/>
    <motionState vehicle="0" speed="4700" time="31900" acceleration="0"/>
    <motionState vehicle="1" speed="4700" time="31900" acceleration="0"/>
    <motionState vehicle="2" speed="4700" time="31900" acceleration="0"/>
    <motionState vehicle="3" speed="4700" time="31900" acceleration="0"/>
    <motionState vehicle="4" speed="4700" time="31900" acceleration="0"/>
    <motionState vehicle="0" speed="4700" time="32000" acceleration="0"/>
    <motionState vehicle="1" speed="4700" time="32000" acceleration="0"/>
    <motionState vehicle="2" speed="4700" time="32000" acceleration="0"/>
    <motionState vehicle="3" speed="4700" time="32000" acceleration="0"/>
    <motionState vehicle="4" speed="4700" time="32000" acceleration="0"/>
    <motionState vehicle="0" speed="4700" time="32100" acceleration="0"/>
    <motionState vehicle="1" speed="4700" time="32100" acceleration="0"/>
    <motionState vehicle="2" speed="4700" time="32100" acceleration="0"/>
    <motionState vehicle="3" speed="4700" time="32100" acceleration="0"/>
    <motionState vehicle="4" speed="4700" time="32100" acceleration="0"/>
    <motionState vehicle="0" speed="4700" time="32200" acceleration="0"/>
    <motionState vehicle="1" speed="4700" time="32200" acceleration="0"/>
    <motionState vehicle="2" speed="4700" time="32200" acceleration="0"/>
    <motionState vehicle="3" speed="4700" time="32200" acceleration="0"/>
    <motionState vehicle="4" speed="4700" time="32200" acceleration="0"/>
    <motionState vehicle="0" speed="4700" time="32300" acceleration="0"/>
    <motionState vehicle="1" speed="4700" time="32300" acceleration="0"/>
    <motionState vehicle="2" speed="4700" time="32300" acceleration="0"/>
    <motionState vehicle="3" speed="4700" time="32300" acceleration="0"/>
    <motionState vehicle="4" speed="4700" time="32300" acceleration="0"/>
    <motionState vehicle="0" speed="4700" time="32400" acceleration="0"/>
    <motionState vehicle="1" speed="4700" time="32400" acceleration="0"/>
    <motionState vehicle="2" speed="4700" time="32400" acceleration="0"/>
    <motionState vehicle="3" speed="4700" time="32400" acceleration="0"/>
    <motionState vehicle="4" speed="4700" time="32400" acceleration="0"/>
    <motionState vehicle="0" speed="4700" time="32500" acceleration="0"/>
    <motionState vehicle="1" speed="4700" time="32500" acceleration="0"/>
    <motionState vehicle="2" speed="4700" time="32500" acceleration="0"/>
    <motionState vehicle="3" speed="4700" time="32500" acceleration="0"/>
    <motionState vehicle="4" speed="4700" time="32500" acceleration="0"/>
    <motionState vehicle="0" speed="4700" time="32600" acceleration="0"/>
    <motionState vehicle="1" speed="4700" time="32600" acceleration="0"/>
    <motionState vehicle="2" speed="4700" time="32600" acceleration="0"/>
    <motionState vehicle="3" speed="4700" time="32600" acceleration="0"/>
    <motionState vehicle="4" speed="4700" time="32600" acceleration="0"/>
    <motionState vehicle="0" speed="4700" time="32700" acceleration="0"/>
    <motionState vehicle="1" speed="4700" time="32700" acceleration="0"/>
    <motionState vehicle="2" speed="4700" time="32700" acceleration="0"/>
    <motionState vehicle="3" speed="4700" time="32700" acceleration="0"/>
    <motionState vehicle="4" speed="4700" time="32700" acceleration="0"/>
    <motionState vehicle="0" speed="4700" time="32800" acceleration="0"/>
    <motionState vehicle="1" speed="4700" time="32800" acceleration="0"/>
    <motionState vehicle="2" speed="4700" time="32800" acceleration="0"/>
    <motionState vehicle="3" speed="4700" time="32800" acceleration="0"/>
    <motionState vehicle="4" speed="4700" time="32800" acceleration="0"/>
    <motionState vehicle="0" speed="4700" time="32900" acceleration="0"/>
    <motionState vehicle="1" speed="4700" time="32900" acceleration="0"/>
    <motionState vehicle="2" speed="4700" time="32900" acceleration="0"/>
    <motionState vehicle="3" speed="4700" time="32900" acceleration="0"/>
    <motionState vehicle="4" speed="4700" time="32900" acceleration="0"/>
    <motionState vehicle="0" speed="4700" time="33000" acceleration="0"/>
    <motionState vehicle="1" speed="4700" time="33000" acceleration="0"/>
    <motionState vehicle="2" speed="4700" time="33000" acceleration="0"/>
    <motionState vehicle="3" speed="4700" time="33000" acceleration="0"/>
    <motionState vehicle="4" speed="4700" time="33000" acceleration="0"/>
    <motionState vehicle="0" speed="4700" time="33100" acceleration="0"/>
    <motionState vehicle="1" speed="4700" time="33100" acceleration="0"/>
    <motionState vehicle="2" speed="4700" time="33100" acceleration="0"/>
    <motionState vehicle="3" speed="4700" time="33100" acceleration="0"/>
    <motionState vehicle="4" speed="4700" time="33100" acceleration="0"/>
    <motionState vehicle="0" speed="4700" time="33200" acceleration="0"/>
    <motionState vehicle="1" speed="4700" time="33200" acceleration="0"/>
    <motionState vehicle="2" speed="4700" time="33200" acceleration="0"/>
    <motionState vehicle="3" speed="4700" time="33200" acceleration="0"/>
    <motionState vehicle="4" speed="4700" time="33200" acceleration="0"/>
    <motionState vehicle="0" speed="4700" time="33300" acceleration="0"/>
    <motionState vehicle="1" speed="4700" time="33300" acceleration="0"/>
    <motionState vehicle="2" speed="4700" time="33300" acceleration="0"/>
    <motionState vehicle="3" speed="4700" time="33300" acceleration="0"/>
    <motionState vehicle="4" speed="4700" time="33300" acceleration="0"/>
    <motionState vehicle="0" speed="4700" time="33400" acceleration="0"/>
    <motionState vehicle="1" speed="4700" time="33400" acceleration="0"/>
    <motionState vehicle="2" speed="4700" time="33400" acceleration="0"/>
    <motionState vehicle="3" speed="4700" time="33400" acceleration="0"/>
    <motionState vehicle="4" speed="4700" time="33400" acceleration="0"/>
    <motionState vehicle="0" speed="4700" time="33500" acceleration="0"/>
    <motionState vehicle="1" speed="4700" time="33500" acceleration="0"/>
    <motionState vehicle="2" speed="4700" time="33500" acceleration="0"/>
    <motionState vehicle="3" speed="4700" time="33500" acceleration="0"/>
    <motionState vehicle="4" speed="4700" time="33500" acceleration="0"/>
    <motionState vehicle="0" speed="4700" time="33600" acceleration="0"/>
    <motionState vehicle="1" speed="4700" time="33600" acceleration="0"/>
    <motionState vehicle="2" speed="4700" time="33600" acceleration="0"/>
    <motionState vehicle="3" speed="4700" time="33600" acceleration="0"/>
    <motionState vehicle="4" speed="4700" time="33600" acceleration="0"/>
    <motionState vehicle="0" speed="4700" time="33700" acceleration="0"/>
    <motionState vehicle="1" speed="4700" time="33700" acceleration="0"/>
    <motionState vehicle="2" speed="4700" time="33700" acceleration="0"/>
    <motionState vehicle="3" speed="4700" time="33700" acceleration="0"/>
    <motionState vehicle="4" speed="4700" time="33700" acceleration="0"/>
    <motionState vehicle="0" speed="4700" time="33800" acceleration="0"/>
    <motionState vehicle="1" speed="4700" time="33800" acceleration="0"/>
    <motionState vehicle="2" speed="4700" time="33800" acceleration="0"/>
    <motionState vehicle="3" speed="4700" time="33800" acceleration="0"/>
    <motionState vehicle="4" speed="4700" time="33800" acceleration="0"/>
    <motionState vehicle="0" speed="4700" time="33900" acceleration="0"/>
    <motionState vehicle="1" speed="4700" time="33900" acceleration="0"/>
    <motionState vehicle="2" speed="4700" time="33900" acceleration="0"/>
    <motionState vehicle="3" speed="4700" time="33900" acceleration="0"/>
    <motionState vehicle="4" speed="4700" time="33900" acceleration="0"/>
    <motionState vehicle="0" speed="4700" time="34000" acceleration="0"/>
    <motionState vehicle="1" speed="4700" time="34000" acceleration="0"/>
    <motionState vehicle="2" speed="4700" time="34000" acceleration="0"/>
    <motionState vehicle="3" speed="4700" time="34000" acceleration="0"/>
    <motionState vehicle="4" speed="4700" time="34000" acceleration="0"/>
    <motionState vehicle="0" speed="4700" time="34100" acceleration="0"/>
    <motionState vehicle="1" speed="4700" time="34100" acceleration="0"/>
    <motionState vehicle="2" speed="4700" time="34100" acceleration="0"/>
    <motionState vehicle="3" speed="4700" time="34100" acceleration="0"/>
    <motionState vehicle="4" speed="4700" time="34100" acceleration="0"/>
    <motionState vehicle="0" speed="4700" time="34200" acceleration="0"/>
    <motionState vehicle="1" speed="4700" time="34200" acceleration="0"/>
    <motionState vehicle="2" speed="4700" time="34200" acceleration="0"/>
    <motionState vehicle="3" speed="4700" time="34200" acceleration="0"/>
    <motionState vehicle="4" speed="4700" time="34200" acceleration="0"/>
    <motionState vehicle="0" speed="4700" time="34300" acceleration="0"/>
    <motionState vehicle="1" speed="4700" time="34300" acceleration="0"/>
    <motionState vehicle="2" speed="4700" time="34300" acceleration="0"/>
    <motionState vehicle="3" speed="4700" time="34300" acceleration="0"/>
    <motionState vehicle="4" speed="4700" time="34300" acceleration="0"/>
    <motionState vehicle="0" speed="4700" time="34400" acceleration="0"/>
    <motionState vehicle="1" speed="4700" time="34400" acceleration="0"/>
    <motionState vehicle="2" speed="4700" time="34400" acceleration="0"/>
    <motionState vehicle="3" speed="4700" time="34400" acceleration="0"/>
    <motionState vehicle="4" speed="4700" time="34400" acceleration="0"/>
    <motionState vehicle="0" speed="4700" time="34500" acceleration="0"/>
    <motionState vehicle="1" speed="4700" time="34500" acceleration="0"/>
    <motionState vehicle="2" speed="4700" time="34500" acceleration="0"/>
    <motionState vehicle="3" speed="4700" time="34500" acceleration="0"/>
    <motionState vehicle="4" speed="4700" time="34500" acceleration="0"/>
    <motionState vehicle="0" speed="4700" time="34600" acceleration="0"/>
    <motionState vehicle="1" speed="4700" time="34600" acceleration="0"/>
    <motionState vehicle="2" speed="4700" time="34600" acceleration="0"/>
    <motionState vehicle="3" speed="4700" time="34600" acceleration="0"/>
    <motionState vehicle="4" speed="4700" time="34600" acceleration="0"/>
    <motionState vehicle="0" speed="4700" time="34700" acceleration="0"/>
    <motionState vehicle="1" speed="4700" time="34700" acceleration="0"/>
    <motionState vehicle="2" speed="4700" time="34700" acceleration="0"/>
    <motionState vehicle="3" speed="4700" time="34700" acceleration="0"/>
    <motionState vehicle="4" speed="4700" time="34700" acceleration="0"/>
    <motionState vehicle="0" speed="4700" time="34800" acceleration="0"/>
    <motionState vehicle="1" speed="4700" time="34800" acceleration="0"/>
    <motionState vehicle="2" speed="4700" time="34800" acceleration="0"/>
    <motionState vehicle="3" speed="4700" time="34800" acceleration="0"/>
    <motionState vehicle="4" speed="4700" time="34800" acceleration="0"/>
    <motionState vehicle="0" speed="4700" time="34900" acceleration="0"/>
    <motionState vehicle="1" speed="4700" time="34900" acceleration="0"/>
    <motionState vehicle="2" speed="4700" time="34900" acceleration="0"/>
    <motionState vehicle="3" speed="4700" time="34900" acceleration="0"/>
    <motionState vehicle="4" speed="4700" time="34900" acceleration="0"/>
    <motionState vehicle="0" speed="4700" time="35000" acceleration="0"/>
    <motionState vehicle="1" speed="4700" time="35000" acceleration="0"/>
    <motionState vehicle="2" speed="4700" time="35000" acceleration="0"/>
    <motionState vehicle="3" speed="4700" time="35000" acceleration="0"/>
    <motionState vehicle="4" speed="4700" time="35000" acceleration="0"/>
    <motionState vehicle="0" speed="4700" time="35100" acceleration="0"/>
    <motionState vehicle="1" speed="4700" time="35100" acceleration="0"/>
    <motionState vehicle="2" speed="4700" time="35100" acceleration="0"/>
    <motionState vehicle="3" speed="4700" time="35100" acceleration="0"/>
    <motionState vehicle="4" speed="4700" time="35100" acceleration="0"/>
    <motionState vehicle="0" speed="4700" time="35200" acceleration="0"/>
    <motionState vehicle="1" speed="4700" time="35200" acceleration="0"/>
    <motionState vehicle="2" speed="4700" time="35200" acceleration="0"/>
    <motionState vehicle="3" speed="4700" time="35200" acceleration="0"/>
    <motionState vehicle="4" speed="4700" time="35200" acceleration="0"/>
    <motionState vehicle="0" speed="4700" time="35300" acceleration="0"/>
    <motionState vehicle="1" speed="4700" time="35300" acceleration="0"/>
    <motionState vehicle="2" speed="4700" time="35300" acceleration="0"/>
    <motionState vehicle="3" speed="4700" time="35300" acceleration="0"/>
    <motionState vehicle="4" speed="4700" time="35300" acceleration="0"/>
    <motionState vehicle="0" speed="4700" time="35400" acceleration="0"/>
    <motionState vehicle="1" speed="4700" time="35400" acceleration="0"/>
    <motionState vehicle="2" speed="4700" time="35400" acceleration="0"/>
    <motionState vehicle="3" speed="4700" time="35400" acceleration="0"/>
    <motionState vehicle="4" speed="4700" time="35400" acceleration="0"/>
    <motionState vehicle="0" speed="4700" time="35500" acceleration="0"/>
    <motionState vehicle="1" speed="4700" time="35500" acceleration="0"/>
    <motionState vehicle="2" speed="4700" time="35500" acceleration="0"/>
    <motionState vehicle="3" speed="4700" time="35500" acceleration="0"/>
    <motionState vehicle="4" speed="4700" time="35500" acceleration="0"/>
    <motionState vehicle="0" speed="4700" time="35600" acceleration="0"/>
    <motionState vehicle="1" speed="4700" time="35600" acceleration="0"/>
    <motionState vehicle="2" speed="4700" time="35600" acceleration="0"/>
    <motionState vehicle="3" speed="4700" time="35600" acceleration="0"/>
    <motionState vehicle="4" speed="4700" time="35600" acceleration="0"/>
    <motionState vehicle="0" speed="4700" time="35700" acceleration="0"/>
    <motionState vehicle="1" speed="4700" time="35700" acceleration="0"/>
    <motionState vehicle="2" speed="4700" time="35700" acceleration="0"/>
    <motionState vehicle="3" speed="4700" time="35700" acceleration="0"/>
    <motionState vehicle="4" speed="4700" time="35700" acceleration="0"/>
    <motionState vehicle="0" speed="4700" time="35800" acceleration="0"/>
    <motionState vehicle="1" speed="4700" time="35800" acceleration="0"/>
    <motionState vehicle="2" speed="4700" time="35800" acceleration="0"/>
    <motionState vehicle="3" speed="4700" time="35800" acceleration="0"/>
    <motionState vehicle="4" speed="4700" time="35800" acceleration="0"/>
    <motionState vehicle="0" speed="4700" time="35900" acceleration="0"/>
    <motionState vehicle="1" speed="4700" time="35900" acceleration="0"/>
    <motionState vehicle="2" speed="4700" time="35900" acceleration="0"/>
    <motionState vehicle="3" speed="4700" time="35900" acceleration="0"/>
    <motionState vehicle="4" speed="4700" time="35900" acceleration="0"/>
    <motionState vehicle="0" speed="4700" time="36000" acceleration="0"/>
    <motionState vehicle="1" speed="4700" time="36000" acceleration="0"/>
    <motionState vehicle="2" speed="4700" time="36000" acceleration="0"/>
    <motionState vehicle="3" speed="4700" time="36000" acceleration="0"/>
    <motionState vehicle="4" speed="4700" time="36000" acceleration="0"/>
    <motionState vehicle="0" speed="4700" time="36100" acceleration="0"/>
    <motionState vehicle="1" speed="4700" time="36100" acceleration="0"/>
    <motionState vehicle="2" speed="4700" time="36100" acceleration="0"/>
    <motionState vehicle="3" speed="4700" time="36100" acceleration="0"/>
    <motionState vehicle="4" speed="4700" time="36100" acceleration="0"/>
    <motionState vehicle="0" speed="4700" time="36200" acceleration="0"/>
    <motionState vehicle="1" speed="4700" time="36200" acceleration="0"/>
    <motionState vehicle="2" speed="4700" time="36200" acceleration="0"/>
    <motionState vehicle="3" speed="4700" time="36200" acceleration="0"/>
    <motionState vehicle="4" speed="4700" time="36200" acceleration="0"/>
    <motionState vehicle="0" speed="4700" time="36300" acceleration="0"/>
    <motionState vehicle="1" speed="4700" time="36300" acceleration="0"/>
    <motionState vehicle="2" speed="4700" time="36300" acceleration="0"/>
    <motionState vehicle="3" speed="4700" time="36300" acceleration="0"/>
    <motionState vehicle="4" speed="4700" time="36300" acceleration="0"/>
    <motionState vehicle="0" speed="4700" time="36400" acceleration="0"/>
    <motionState vehicle="1" speed="4700" time="36400" acceleration="0"/>
    <motionState vehicle="2" speed="4700" time="36400" acceleration="0"/>
    <motionState vehicle="3" speed="4700" time="36400" acceleration="0"/>
    <motionState vehicle="4" speed="4700" time="36400" acceleration="0"/>
    <motionState vehicle="0" speed="4700" time="36500" acceleration="0"/>
    <motionState vehicle="1" speed="4700" time="36500" acceleration="0"/>
    <motionState vehicle="2" speed="4700" time="36500" acceleration="0"/>
    <motionState vehicle="3" speed="4700" time="36500" acceleration="0"/>
    <motionState vehicle="4" speed="4700" time="36500" acceleration="0"/>
    <motionState vehicle="0" speed="4700" time="36600" acceleration="0"/>
    <motionState vehicle="1" speed="4700" time="36600" acceleration="0"/>
    <motionState vehicle="2" speed="4700" time="36600" acceleration="0"/>
    <motionState vehicle="3" speed="4700" time="36600" acceleration="0"/>
    <motionState vehicle="4" speed="4700" time="36600" acceleration="0"/>
    <motionState vehicle="0" speed="4700" time="36700" acceleration="0"/>
    <motionState vehicle="1" speed="4700" time="36700" acceleration="0"/>
    <motionState vehicle="2" speed="4700" time="36700" acceleration="0"/>
    <motionState vehicle="3" speed="4700" time="36700" acceleration="0"/>
    <motionState vehicle="4" speed="4700" time="36700" acceleration="0"/>
    <motionState vehicle="0" speed="4700" time="36800" acceleration="0"/>
    <motionState vehicle="1" speed="4700" time="36800" acceleration="0"/>
    <motionState vehicle="2" speed="4700" time="36800" acceleration="0"/>
    <motionState vehicle="3" speed="4700" time="36800" acceleration="0"/>
    <motionState vehicle="4" speed="4700" time="36800" acceleration="0"/>
    <motionState vehicle="0" speed="4700" time="36900" acceleration="0"/>
    <motionState vehicle="1" speed="4700" time="36900" acceleration="0"/>
    <motionState vehicle="2" speed="4700" time="36900" acceleration="0"/>
    <motionState vehicle="3" speed="4700" time="36900" acceleration="0"/>
    <motionState vehicle="4" speed="4700" time="36900" acceleration="0"/>
    <motionState vehicle="0" speed="4700" time="37000" acceleration="0"/>
    <motionState vehicle="1" speed="4700" time="37000" acceleration="0"/>
    <motionState vehicle="2" speed="4700" time="37000" acceleration="0"/>
    <motionState vehicle="3" speed="4700" time="37000" acceleration="0"/>
    <motionState vehicle="4" speed="4700" time="37000" acceleration="0"/>
    <motionState vehicle="0" speed="4700" time="37100" acceleration="0"/>
    <motionState vehicle="1" speed="4700" time="37100" acceleration="0"/>
    <motionState vehicle="2" speed="4700" time="37100" acceleration="0"/>
    <motionState vehicle="3" speed="4700" time="37100" acceleration="0"/>
    <motionState vehicle="4" speed="4700" time="37100" acceleration="0"/>
    <motionState vehicle="0" speed="4700" time="37200" acceleration="0"/>
    <motionState vehicle="1" speed="4700" time="37200" acceleration="0"/>
    <motionState vehicle="2" speed="4700" time="37200" acceleration="0"/>
    <motionState vehicle="3" speed="4700" time="37200" acceleration="0"/>
    <motionState vehicle="4" speed="4700" time="37200" acceleration="0"/>
    <motionState vehicle="0" speed="4700" time="37300" acceleration="0"/>
    <motionState vehicle="1" speed="4700" time="37300" acceleration="0"/>
    <motionState vehicle="2" speed="4700" time="37300" acceleration="0"/>
    <motionState vehicle="3" speed="4700" time="37300" acceleration="0"/>
    <motionState vehicle="4" speed="4700" time="37300" acceleration="0"/>
    <motionState vehicle="0" speed="4700" time="37400" acceleration="0"/>
    <motionState vehicle="1" speed="4700" time="37400" acceleration="0"/>
    <motionState vehicle="2" speed="4700" time="37400" acceleration="0"/>
    <motionState vehicle="3" speed="4700" time="37400" acceleration="0"/>
    <motionState vehicle="4" speed="4700" time="37400" acceleration="0"/>
    <motionState vehicle="0" speed="4700" time="37500" acceleration="0"/>
    <motionState vehicle="1" speed="4700" time="37500" acceleration="0"/>
    <motionState vehicle="2" speed="4700" time="37500" acceleration="0"/>
    <motionState vehicle="3" speed="4700" time="37500" acceleration="0"/>
    <motionState vehicle="4" speed="4700" time="37500" acceleration="0"/>
    <motionState vehicle="0" speed="4700" time="37600" acceleration="0"/>
    <motionState vehicle="1" speed="4700" time="37600" acceleration="0"/>
    <motionState vehicle="2" speed="4700" time="37600" acceleration="0"/>
    <motionState vehicle="3" speed="4700" time="37600" acceleration="0"/>
    <motionState vehicle="4" speed="4700" time="37600" acceleration="0"/>
    <motionState vehicle="0" speed="4700" time="37700" acceleration="0"/>
    <motionState vehicle="1" speed="4700" time="37700" acceleration="0"/>
    <motionState vehicle="2" speed="4700" time="37700" acceleration="0"/>
    <motionState vehicle="3" speed="4700" time="37700" acceleration="0"/>
    <motionState vehicle="4" speed="4700" time="37700" acceleration="0"/>
    <motionState vehicle="0" speed="4700" time="37800" acceleration="0"/>
    <motionState vehicle="1" speed="4700" time="37800" acceleration="0"/>
    <motionState vehicle="2" speed="4700" time="37800" acceleration="0"/>
    <motionState vehicle="3" speed="4700" time="37800" acceleration="0"/>
    <motionState vehicle="4" speed="4700" time="37800" acceleration="0"/>
    <motionState vehicle="0" speed="4700" time="37900" acceleration="0"/>
    <motionState vehicle="1" speed="4700" time="37900" acceleration="0"/>
    <motionState vehicle="2" speed="4700" time="37900" acceleration="0"/>
    <motionState vehicle="3" speed="4700" time="37900" acceleration="0"/>
    <motionState vehicle="4" speed="4700" time="37900" acceleration="0"/>
    <motionState vehicle="0" speed="4700" time="38000" acceleration="0"/>
    <motionState vehicle="1" speed="4700" time="38000" acceleration="0"/>
    <motionState vehicle="2" speed="4700" time="38000" acceleration="0"/>
    <motionState vehicle="3" speed="4700" time="38000" acceleration="0"/>
    <motionState vehicle="4" speed="4700" time="38000" acceleration="0"/>
    <motionState vehicle="0" speed="4700" time="38100" acceleration="0"/>
    <motionState vehicle="1" speed="4700" time="38100" acceleration="0"/>
    <motionState vehicle="2" speed="4700" time="38100" acceleration="0"/>
    <motionState vehicle="3" speed="4700" time="38100" acceleration="0"/>
    <motionState vehicle="4" speed="4700" time="38100" acceleration="0"/>
    <motionState vehicle="0" speed="4700" time="38200" acceleration="0"/>
    <motionState vehicle="1" speed="4700" time="38200" acceleration="0"/>
    <motionState vehicle="2" speed="4700" time="38200" acceleration="0"/>
    <motionState vehicle="3" speed="4700" time="38200" acceleration="0"/>
    <motionState vehicle="4" speed="4700" time="38200" acceleration="0"/>
    <motionState vehicle="0" speed="4700" time="38300" acceleration="0"/>
    <motionState vehicle="1" speed="4700" time="38300" acceleration="0"/>
    <motionState vehicle="2" speed="4700" time="38300" acceleration="0"/>
    <motionState vehicle="3" speed="4700" time="38300" acceleration="0"/>
    <motionState vehicle="4" speed="4700" time="38300" acceleration="0"/>
    <motionState vehicle="0" speed="4700" time="38400" acceleration="0"/>
    <motionState vehicle="1" speed="4700" time="38400" acceleration="0"/>
    <motionState vehicle="2" speed="4700" time="38400" acceleration="0"/>
    <motionState vehicle="3" speed="4700" time="38400" acceleration="0"/>
    <motionState vehicle="4" speed="4700" time="38400" acceleration="0"/>
    <motionState vehicle="0" speed="4700" time="38500" acceleration="0"/>
    <motionState vehicle="1" speed="4700" time="38500" acceleration="0"/>
    <motionState vehicle="2" speed="4700" time="38500" acceleration="0"/>
    <motionState vehicle="3" speed="4700" time="38500" acceleration="0"/>
    <motionState vehicle="4" speed="4700" time="38500" acceleration="0"/>
    <motionState vehicle="0" speed="4700" time="38600" acceleration="0"/>
    <motionState vehicle="1" speed="4700" time="38600" acceleration="0"/>
    <motionState vehicle="2" speed="4700" time="38600" acceleration="0"/>
    <motionState vehicle="3" speed="4700" time="38600" acceleration="0"/>
    <motionState vehicle="4" speed="4700" time="38600" acceleration="0"/>
    <motionState vehicle="0" speed="4700" time="38700" acceleration="0"/>
    <motionState vehicle="1" speed="4700" time="38700" acceleration="0"/>
    <motionState vehicle="2" speed="4700" time="38700" acceleration="0"/>
    <motionState vehicle="3" speed="4700" time="38700" acceleration="0"/>
    <motionState vehicle="4" speed="4700" time="38700" acceleration="0"/>
    <motionState vehicle="0" speed="4700" time="38800" acceleration="0"/>
    <motionState vehicle="1" speed="4700" time="38800" acceleration="0"/>
    <motionState vehicle="2" speed="4700" time="38800" acceleration="0"/>
    <motionState vehicle="3" speed="4700" time="38800" acceleration="0"/>
    <motionState vehicle="4" speed="4700" time="38800" acceleration="0"/>
    <motionState vehicle="0" speed="4700" time="38900" acceleration="0"/>
    <motionState vehicle="1" speed="4700" time="38900" acceleration="0"/>
    <motionState vehicle="2" speed="4700" time="38900" acceleration="0"/>
    <motionState vehicle="3" speed="4700" time="38900" acceleration="0"/>
    <motionState vehicle="4" speed="4700" time="38900" acceleration="0"/>
    <motionState vehicle="0" speed="4700" time="39000" acceleration="0"/>
    <motionState vehicle="1" speed="4700" time="39000" acceleration="0"/>
    <motionState vehicle="2" speed="4700" time="39000" acceleration="0"/>
    <motionState vehicle="3" speed="4700" time="39000" acceleration="0"/>
    <motionState vehicle="4" speed="4700" time="39000" acceleration="0"/>
    <motionState vehicle="0" speed="4700" time="39100" acceleration="0"/>
    <motionState vehicle="1" speed="4700" time="39100" acceleration="0"/>
    <motionState vehicle="2" speed="4700" time="39100" acceleration="0"/>
    <motionState vehicle="3" speed="4700" time="39100" acceleration="0"/>
    <motionState vehicle="4" speed="4700" time="39100" acceleration="0"/>
    <motionState vehicle="0" speed="4700" time="39200" acceleration="0"/>
    <motionState vehicle="1" speed="4700" time="39200" acceleration="0"/>
    <motionState vehicle="2" speed="4700" time="39200" acceleration="0"/>
    <motionState vehicle="3" speed="4700" time="39200" acceleration="0"/>
    <motionState vehicle="4" speed="4700" time="39200" acceleration="0"/>
    <motionState vehicle="0" speed="4700" time="39300" acceleration="0"/>
    <motionState vehicle="1" speed="4700" time="39300" acceleration="0"/>
    <motionState vehicle="2" speed="4700" time="39300" acceleration="0"/>
    <motionState vehicle="3" speed="4700" time="39300" acceleration="0"/>
    <motionState vehicle="4" speed="4700" time="39300" acceleration="0"/>
    <motionState vehicle="0" speed="4700" time="39400" acceleration="0"/>
    <motionState vehicle="1" speed="4700" time="39400" acceleration="0"/>
    <motionState vehicle="2" speed="4700" time="39400" acceleration="0"/>
    <motionState vehicle="3" speed="4700" time="39400" acceleration="0"/>
    <motionState vehicle="4" speed="4700" time="39400" acceleration="0"/>
    <motionState vehicle="0" speed="4700" time="39500" acceleration="0"/>
    <motionState vehicle="1" speed="4700" time="39500" acceleration="0"/>
    <motionState vehicle="2" speed="4700" time="39500" acceleration="0"/>
    <motionState vehicle="3" speed="4700" time="39500" acceleration="0"/>
    <motionState vehicle="4" speed="4700" time="39500" acceleration="0"/>
    <motionState vehicle="0" speed="4700" time="39600" acceleration="0"/>
    <motionState vehicle="1" speed="4700" time="39600" acceleration="0"/>
    <motionState vehicle="2" speed="4700" time="39600" acceleration="0"/>
    <motionState vehicle="3" speed="4700" time="39600" acceleration="0"/>
    <motionState vehicle="4" speed="4700" time="39600" acceleration="0"/>
    <motionState vehicle="0" speed="4700" time="39700" acceleration="0"/>
    <motionState vehicle="1" speed="4700" time="39700" acceleration="0"/>
    <motionState vehicle="2" speed="4700" time="39700" acceleration="0"/>
    <motionState vehicle="3" speed="4700" time="39700" acceleration="0"/>
    <motionState vehicle="4" speed="4700" time="39700" acceleration="0"/>
    <motionState vehicle="0" speed="4700" time="39800" acceleration="0"/>
    <motionState vehicle="1" speed="4700" time="39800" acceleration="0"/>
    <motionState vehicle="2" speed="4700" time="39800" acceleration="0"/>
    <motionState vehicle="3" speed="4700" time="39800" acceleration="0"/>
    <motionState vehicle="4" speed="4700" time="39800" acceleration="0"/>
    <motionState vehicle="0" speed="4700" time="39900" acceleration="0"/>
    <motionState vehicle="1" speed="4700" time="39900" acceleration="0"/>
    <motionState vehicle="2" speed="4700" time="39900" acceleration="0"/>
    <motionState vehicle="3" speed="4700" time="39900" acceleration="0"/>
    <motionState vehicle="4" speed="4700" time="39900" acceleration="0"/>
    <motionState vehicle="0" speed="4700" time="40000" acceleration="0"/>
    <motionState vehicle="1" speed="4700" time="40000" acceleration="0"/>
    <motionState vehicle="2" speed="4700" time="40000" acceleration="0"/>
    <motionState vehicle="3" speed="4700" time="40000" acceleration="0"/>
    <motionState vehicle="4" speed="4700" time="40000" acceleration="0"/>
    <motionState vehicle="0" speed="4700" time="40100" acceleration="0"/>
    <motionState vehicle="1" speed="4700" time="40100" acceleration="0"/>
    <motionState vehicle="2" speed="4700" time="40100" acceleration="0"/>
    <motionState vehicle="3" speed="4700" time="40100" acceleration="0"/>
    <motionState vehicle="4" speed="4700" time="40100" acceleration="0"/>
    <motionState vehicle="0" speed="4700" time="40200" acceleration="0"/>
    <motionState vehicle="1" speed="4700" time="40200" acceleration="0"/>
    <motionState vehicle="2" speed="4700" time="40200" acceleration="0"/>
    <motionState vehicle="3" speed="4700" time="40200" acceleration="0"/>
    <motionState vehicle="4" speed="4700" time="40200" acceleration="0"/>
    <motionState vehicle="0" speed="4700" time="40300" acceleration="0"/>
    <motionState vehicle="1" speed="4700" time="40300" acceleration="0"/>
    <motionState vehicle="2" speed="4700" time="40300" acceleration="0"/>
    <motionState vehicle="3" speed="4700" time="40300" acceleration="0"/>
    <motionState vehicle="4" speed="4700" time="40300" acceleration="0"/>
    <motionState vehicle="0" speed="4700" time="40400" acceleration="0"/>
    <motionState vehicle="1" speed="4700" time="40400" acceleration="0"/>
    <motionState vehicle="2" speed="4700" time="40400" acceleration="0"/>
    <motionState vehicle="3" speed="4700" time="40400" acceleration="0"/>
    <motionState vehicle="4" speed="4700" time="40400" acceleration="0"/>
    <motionState vehicle="0" speed="4700" time="40500" acceleration="0"/>
    <motionState vehicle="1" speed="4700" time="40500" acceleration="0"/>
    <motionState vehicle="2" speed="4700" time="40500" acceleration="0"/>
    <motionState vehicle="3" speed="4700" time="40500" acceleration="0"/>
    <motionState vehicle="4" speed="4700" time="40500" acceleration="0"/>
    <motionState vehicle="0" speed="4700" time="40600" acceleration="0"/>
    <motionState vehicle="1" speed="4700" time="40600" acceleration="0"/>
    <motionState vehicle="2" speed="4700" time="40600" acceleration="0"/>
    <motionState vehicle="3" speed="4700" time="40600" acceleration="0"/>
    <motionState vehicle="4" speed="4700" time="40600" acceleration="0"/>
    <motionState vehicle="0" speed="4700" time="40700" acceleration="0"/>
    <motionState vehicle="1" speed="4700" time="40700" acceleration="0"/>
    <motionState vehicle="2" speed="4700" time="40700" acceleration="0"/>
    <motionState vehicle="3" speed="4700" time="40700" acceleration="0"/>
    <motionState vehicle="4" speed="4700" time="40700" acceleration="0"/>
    <motionState vehicle="0" speed="4700" time="40800" acceleration="0"/>
    <motionState vehicle="1" speed="4700" time="40800" acceleration="0"/>
    <motionState vehicle="2" speed="4700" time="40800" acceleration="0"/>
    <motionState vehicle="3" speed="4700" time="40800" acceleration="0"/>
    <motionState vehicle="4" speed="4700" time="40800" acceleration="0"/>
    <motionState vehicle="0" speed="4700" time="40900" acceleration="0"/>
    <motionState vehicle="1" speed="4700" time="40900" acceleration="0"/>
    <motionState vehicle="2" speed="4700" time="40900" acceleration="0"/>
    <motionState vehicle="3" speed="4700" time="40900" acceleration="0"/>
    <motionState vehicle="4" speed="4700" time="40900" acceleration="0"/>
    <motionState vehicle="0" speed="4700" time="41000" acceleration="0"/>
    <motionState vehicle="1" speed="4700" time="41000" acceleration="0"/>
    <motionState vehicle="2" speed="4700" time="41000" acceleration="0"/>
    <motionState vehicle="3" speed="4700" time="41000" acceleration="0"/>
    <motionState vehicle="4" speed="4700" time="41000" acceleration="0"/>
    <motionState vehicle="0" speed="4700" time="41100" acceleration="0"/>
    <motionState vehicle="1" speed="4700" time="41100" acceleration="0"/>
    <motionState vehicle="2" speed="4700" time="41100" acceleration="0"/>
    <motionState vehicle="3" speed="4700" time="41100" acceleration="0"/>
    <motionState vehicle="4" speed="4700" time="41100" acceleration="0"/>
    <motionState vehicle="0" speed="4700" time="41200" acceleration="0"/>
    <motionState vehicle="1" speed="4700" time="41200" acceleration="0"/>
    <motionState vehicle="2" speed="4700" time="41200" acceleration="0"/>
    <motionState vehicle="3" speed="4700" time="41200" acceleration="0"/>
    <motionState vehicle="4" speed="4700" time="41200" acceleration="0"/>
    <motionState vehicle="0" speed="4700" time="41300" acceleration="0"/>
    <motionState vehicle="1" speed="4700" time="41300" acceleration="0"/>
    <motionState vehicle="2" speed="4700" time="41300" acceleration="0"/>
    <motionState vehicle="3" speed="4700" time="41300" acceleration="0"/>
    <motionState vehicle="4" speed="4700" time="41300" acceleration="0"/>
    <motionState vehicle="0" speed="4700" time="41400" acceleration="0"/>
    <motionState vehicle="1" speed="4700" time="41400" acceleration="0"/>
    <motionState vehicle="2" speed="4700" time="41400" acceleration="0"/>
    <motionState vehicle="3" speed="4700" time="41400" acceleration="0"/>
    <motionState vehicle="4" speed="4700" time="41400" acceleration="0"/>
    <motionState vehicle="0" speed="4700" time="41500" acceleration="0"/>
    <motionState vehicle="1" speed="4700" time="41500" acceleration="0"/>
    <motionState vehicle="2" speed="4700" time="41500" acceleration="0"/>
    <motionState vehicle="3" speed="4700" time="41500" acceleration="0"/>
    <motionState vehicle="4" speed="4700" time="41500" acceleration="0"/>
    <motionState vehicle="0" speed="4700" time="41600" acceleration="0"/>
    <motionState vehicle="1" speed="4700" time="41600" acceleration="0"/>
    <motionState vehicle="2" speed="4700" time="41600" acceleration="0"/>
    <motionState vehicle="3" speed="4700" time="41600" acceleration="0"/>
    <motionState vehicle="4" speed="4700" time="41600" acceleration="0"/>
    <motionState vehicle="0" speed="4700" time="41700" acceleration="0"/>
    <motionState vehicle="1" speed="4700" time="41700" acceleration="0"/>
    <motionState vehicle="2" speed="4700" time="41700" acceleration="0"/>
    <motionState vehicle="3" speed="4700" time="41700" acceleration="0"/>
    <motionState vehicle="4" speed="4700" time="41700" acceleration="0"/>
    <motionState vehicle="0" speed="4700" time="41800" acceleration="0"/>
    <motionState vehicle="1" speed="4700" time="41800" acceleration="0"/>
    <motionState vehicle="2" speed="4700" time="41800" acceleration="0"/>
    <motionState vehicle="3" speed="4700" time="41800" acceleration="0"/>
    <motionState vehicle="4" speed="4700" time="41800" acceleration="0"/>
    <motionState vehicle="0" speed="4700" time="41900" acceleration="0"/>
    <motionState vehicle="1" speed="4700" time="41900" acceleration="0"/>
    <motionState vehicle="2" speed="4700" time="41900" acceleration="0"/>
    <motionState vehicle="3" speed="4700" time="41900" acceleration="0"/>
    <motionState vehicle="4" speed="4700" time="41900" acceleration="0"/>
    <motionState vehicle="0" speed="4700" time="42000" acceleration="0"/>
    <motionState vehicle="1" speed="4700" time="42000" acceleration="0"/>
    <motionState vehicle="2" speed="4700" time="42000" acceleration="0"/>
    <motionState vehicle="3" speed="4700" time="42000" acceleration="0"/>
    <motionState vehicle="4" speed="4700" time="42000" acceleration="0"/>
    <motionState vehicle="0" speed="4700" time="42100" acceleration="0"/>
    <motionState vehicle="1" speed="4700" time="42100" acceleration="0"/>
    <motionState vehicle="2" speed="4700" time="42100" acceleration="0"/>
    <motionState vehicle="3" speed="4700" time="42100" acceleration="0"/>
    <motionState vehicle="4" speed="4700" time="42100" acceleration="0"/>
    <motionState vehicle="0" speed="4700" time="42200" acceleration="0"/>
    <motionState vehicle="1" speed="4700" time="42200" acceleration="0"/>
    <motionState vehicle="2" speed="4700" time="42200" acceleration="0"/>
    <motionState vehicle="3" speed="4700" time="42200" acceleration="0"/>
    <motionState vehicle="4" speed="4700" time="42200" acceleration="0"/>
    <motionState vehicle="0" speed="4700" time="42300" acceleration="0"/>
    <motionState vehicle="1" speed="4700" time="42300" acceleration="0"/>
    <motionState vehicle="2" speed="4700" time="42300" acceleration="0"/>
    <motionState vehicle="3" speed="4700" time="42300" acceleration="0"/>
    <motionState vehicle="4" speed="4700" time="42300" acceleration="0"/>
    <motionState vehicle="0" speed="4700" time="42400" acceleration="0"/>
    <motionState vehicle="1" speed="4700" time="42400" acceleration="0"/>
    <motionState vehicle="2" speed="4700" time="42400" acceleration="0"/>
    <motionState vehicle="3" speed="4700" time="42400" acceleration="0"/>
    <motionState vehicle="4" speed="4700" time="42400" acceleration="0"/>
    <motionState vehicle="0" speed="4700" time="42500" acceleration="0"/>
    <motionState vehicle="1" speed="4700" time="42500" acceleration="0"/>
    <motionState vehicle="2" speed="4700" time="42500" acceleration="0"/>
    <motionState vehicle="3" speed="4700" time="42500" acceleration="0"/>
    <motionState vehicle="4" speed="4700" time="42500" acceleration="0"/>
    <motionState vehicle="0" speed="4700" time="42600" acceleration="0"/>
    <motionState vehicle="1" speed="4700" time="42600" acceleration="0"/>
    <motionState vehicle="2" speed="4700" time="42600" acceleration="0"/>
    <motionState vehicle="3" speed="4700" time="42600" acceleration="0"/>
    <motionState vehicle="4" speed="4700" time="42600" acceleration="0"/>
    <motionState vehicle="0" speed="4700" time="42700" acceleration="0"/>
    <motionState vehicle="1" speed="4700" time="42700" acceleration="0"/>
    <motionState vehicle="2" speed="4700" time="42700" acceleration="0"/>
    <motionState vehicle="3" speed="4700" time="42700" acceleration="0"/>
    <motionState vehicle="4" speed="4700" time="42700" acceleration="0"/>
    <motionState vehicle="0" speed="4700" time="42800" acceleration="0"/>
    <motionState vehicle="1" speed="4700" time="42800" acceleration="0"/>
    <motionState vehicle="2" speed="4700" time="42800" acceleration="0"/>
    <motionState vehicle="3" speed="4700" time="42800" acceleration="0"/>
    <motionState vehicle="4" speed="4700" time="42800" acceleration="0"/>
    <motionState vehicle="0" speed="4700" time="42900" acceleration="0"/>
    <motionState vehicle="1" speed="4700" time="42900" acceleration="0"/>
    <motionState vehicle="2" speed="4700" time="42900" acceleration="0"/>
    <motionState vehicle="3" speed="4700" time="42900" acceleration="0"/>
    <motionState vehicle="4" speed="4700" time="42900" acceleration="0"/>
    <motionState vehicle="0" speed="4700" time="43000" acceleration="0"/>
    <motionState vehicle="1" speed="4700" time="43000" acceleration="0"/>
    <motionState vehicle="2" speed="4700" time="43000" acceleration="0"/>
    <motionState vehicle="3" speed="4700" time="43000" acceleration="0"/>
    <motionState vehicle="4" speed="4700" time="43000" acceleration="0"/>
    <motionState vehicle="0" speed="4700" time="43100" acceleration="0"/>
    <motionState vehicle="1" speed="4700" time="43100" acceleration="0"/>
    <motionState vehicle="2" speed="4700" time="43100" acceleration="0"/>
    <motionState vehicle="3" speed="4700" time="43100" acceleration="0"/>
    <motionState vehicle="4" speed="4700" time="43100" acceleration="0"/>
    <motionState vehicle="0" speed="4700" time="43200" acceleration="0"/>
    <motionState vehicle="1" speed="4700" time="43200" acceleration="0"/>
    <motionState vehicle="2" speed="4700" time="43200" acceleration="0"/>
    <motionState vehicle="3" speed="4700" time="43200" acceleration="0"/>
    <motionState vehicle="4" speed="4700" time="43200" acceleration="0"/>
    <motionState vehicle="0" speed="4700" time="43300" acceleration="0"/>
    <motionState vehicle="1" speed="4700" time="43300" acceleration="0"/>
    <motionState vehicle="2" speed="4700" time="43300" acceleration="0"/>
    <motionState vehicle="3" speed="4700" time="43300" acceleration="0"/>
    <motionState vehicle="4" speed="4700" time="43300" acceleration="0"/>
    <motionState vehicle="0" speed="4700" time="43400" acceleration="0"/>
    <motionState vehicle="1" speed="4700" time="43400" acceleration="0"/>
    <motionState vehicle="2" speed="4700" time="43400" acceleration="0"/>
    <motionState vehicle="3" speed="4700" time="43400" acceleration="0"/>
    <motionState vehicle="4" speed="4700" time="43400" acceleration="0"/>
    <motionState vehicle="0" speed="4700" time="43500" acceleration="0"/>
    <motionState vehicle="1" speed="4700" time="43500" acceleration="0"/>
    <motionState vehicle="2" speed="4700" time="43500" acceleration="0"/>
    <motionState vehicle="3" speed="4700" time="43500" acceleration="0"/>
    <motionState vehicle="4" speed="4700" time="43500" acceleration="0"/>
    <motionState vehicle="0" speed="4700" time="43600" acceleration="0"/>
    <motionState vehicle="1" speed="4700" time="43600" acceleration="0"/>
    <motionState vehicle="2" speed="4700" time="43600" acceleration="0"/>
    <motionState vehicle="3" speed="4700" time="43600" acceleration="0"/>
    <motionState vehicle="4" speed="4700" time="43600" acceleration="0"/>
    <motionState vehicle="0" speed="4700" time="43700" acceleration="0"/>
    <motionState vehicle="1" speed="4700" time="43700" acceleration="0"/>
    <motionState vehicle="2" speed="4700" time="43700" acceleration="0"/>
    <motionState vehicle="3" speed="4700" time="43700" acceleration="0"/>
    <motionState vehicle="4" speed="4700" time="43700" acceleration="0"/>
    <motionState vehicle="0" speed="4700" time="43800" acceleration="0"/>
    <motionState vehicle="1" speed="4700" time="43800" acceleration="0"/>
    <motionState vehicle="2" speed="4700" time="43800" acceleration="0"/>
    <motionState vehicle="3" speed="4700" time="43800" acceleration="0"/>
    <motionState vehicle="4" speed="4700" time="43800" acceleration="0"/>
    <motionState vehicle="0" speed="4700" time="43900" acceleration="0"/>
    <motionState vehicle="1" speed="4700" time="43900" acceleration="0"/>
    <motionState vehicle="2" speed="4700" time="43900" acceleration="0"/>
    <motionState vehicle="3" speed="4700" time="43900" acceleration="0"/>
    <motionState vehicle="4" speed="4700" time="43900" acceleration="0"/>
    <motionState vehicle="0" speed="4700" time="44000" acceleration="0"/>
    <motionState vehicle="1" speed="4700" time="44000" acceleration="0"/>
    <motionState vehicle="2" speed="4700" time="44000" acceleration="0"/>
    <motionState vehicle="3" speed="4700" time="44000" acceleration="0"/>
    <motionState vehicle="4" speed="4700" time="44000" acceleration="0"/>
    <motionState vehicle="0" speed="4700" time="44100" acceleration="0"/>
    <motionState vehicle="1" speed="4700" time="44100" acceleration="0"/>
    <motionState vehicle="2" speed="4700" time="44100" acceleration="0"/>
    <motionState vehicle="3" speed="4700" time="44100" acceleration="0"/>
    <motionState vehicle="4" speed="4700" time="44100" acceleration="0"/>
    <motionState vehicle="0" speed="4700" time="44200" acceleration="0"/>
    <motionState vehicle="1" speed="4700" time="44200" acceleration="0"/>
    <motionState vehicle="2" speed="4700" time="44200" acceleration="0"/>
    <motionState vehicle="3" speed="4700" time="44200" acceleration="0"/>
    <motionState vehicle="4" speed="4700" time="44200" acceleration="0"/>
    <motionState vehicle="0" speed="4700" time="44300" acceleration="0"/>
    <motionState vehicle="1" speed="4700" time="44300" acceleration="0"/>
    <motionState vehicle="2" speed="4700" time="44300" acceleration="0"/>
    <motionState vehicle="3" speed="4700" time="44300" acceleration="0"/>
    <motionState vehicle="4" speed="4700" time="44300" acceleration="0"/>
    <motionState vehicle="0" speed="4700" time="44400" acceleration="0"/>
    <motionState vehicle="1" speed="4700" time="44400" acceleration="0"/>
    <motionState vehicle="2" speed="4700" time="44400" acceleration="0"/>
    <motionState vehicle="3" speed="4700" time="44400" acceleration="0"/>
    <motionState vehicle="4" speed="4700" time="44400" acceleration="0"/>
    <motionState vehicle="0" speed="4700" time="44500" acceleration="0"/>
    <motionState vehicle="1" speed="4700" time="44500" acceleration="0"/>
    <motionState vehicle="2" speed="4700" time="44500" acceleration="0"/>
    <motionState vehicle="3" speed="4700" time="44500" acceleration="0"/>
    <motionState vehicle="4" speed="4700" time="44500" acceleration="0"/>
    <motionState vehicle="0" speed="4700" time="44600" acceleration="0"/>
    <motionState vehicle="1" speed="4700" time="44600" acceleration="0"/>
    <motionState vehicle="2" speed="4700" time="44600" acceleration="0"/>
    <motionState vehicle="3" speed="4700" time="44600" acceleration="0"/>
    <motionState vehicle="4" speed="4700" time="44600" acceleration="0"/>
    <motionState vehicle="0" speed="4700" time="44700" acceleration="0"/>
    <motionState vehicle="1" speed="4700" time="44700" acceleration="0"/>
    <motionState vehicle="2" speed="4700" time="44700" acceleration="0"/>
    <motionState vehicle="3" speed="4700" time="44700" acceleration="0"/>
    <motionState vehicle="4" speed="4700" time="44700" acceleration="0"/>
    <motionState vehicle="0" speed="4700" time="44800" acceleration="0"/>
    <motionState vehicle="1" speed="4700" time="44800" acceleration="0"/>
    <motionState vehicle="2" speed="4700" time="44800" acceleration="0"/>
    <motionState vehicle="3" speed="4700" time="44800" acceleration="0"/>
    <motionState vehicle="4" speed="4700" time="44800" acceleration="0"/>
    <motionState vehicle="0" speed="4700" time="44900" acceleration="0"/>
    <motionState vehicle="1" speed="4700" time="44900" acceleration="0"/>
    <motionState vehicle="2" speed="4700" time="44900" acceleration="0"/>
    <motionState vehicle="3" speed="4700" time="44900" acceleration="0"/>
    <motionState vehicle="4" speed="4700" time="44900" acceleration="0"/>
    <motionState vehicle="0" speed="4700" time="45000" acceleration="0"/>
    <motionState vehicle="1" speed="4700" time="45000" acceleration="0"/>
    <motionState vehicle="2" speed="4700" time="45000" acceleration="0"/>
    <motionState vehicle="3" speed="4700" time="45000" acceleration="0"/>
    <motionState vehicle="4" speed="4700" time="45000" acceleration="0"/>
    <motionState vehicle="0" speed="4700" time="45100" acceleration="0"/>
    <motionState vehicle="1" speed="4700" time="45100" acceleration="0"/>
    <motionState vehicle="2" speed="4700" time="45100" acceleration="0"/>
    <motionState vehicle="3" speed="4700" time="45100" acceleration="0"/>
    <motionState vehicle="4" speed="4700" time="45100" acceleration="0"/>
    <motionState vehicle="0" speed="4700" time="45200" acceleration="0"/>
    <motionState vehicle="1" speed="4700" time="45200" acceleration="0"/>
    <motionState vehicle="2" speed="4700" time="45200" acceleration="0"/>
    <motionState vehicle="3" speed="4700" time="45200" acceleration="0"/>
    <motionState vehicle="4" speed="4700" time="45200" acceleration="0"/>
    <motionState vehicle="0" speed="4700" time="45300" acceleration="0"/>
    <motionState vehicle="1" speed="4700" time="45300" acceleration="0"/>
    <motionState vehicle="2" speed="4700" time="45300" acceleration="0"/>
    <motionState vehicle="3" speed="4700" time="45300" acceleration="0"/>
    <motionState vehicle="4" speed="4700" time="45300" acceleration="0"/>
    <motionState vehicle="0" speed="4700" time="45400" acceleration="0"/>
    <motionState vehicle="1" speed="4700" time="45400" acceleration="0"/>
    <motionState vehicle="2" speed="4700" time="45400" acceleration="0"/>
    <motionState vehicle="3" speed="4700" time="45400" acceleration="0"/>
    <motionState vehicle="4" speed="4700" time="45400" acceleration="0"/>
    <motionState vehicle="0" speed="4700" time="45500" acceleration="0"/>
    <motionState vehicle="1" speed="4700" time="45500" acceleration="0"/>
    <motionState vehicle="2" speed="4700" time="45500" acceleration="0"/>
    <motionState vehicle="3" speed="4700" time="45500" acceleration="0"/>
    <motionState vehicle="4" speed="4700" time="45500" acceleration="0"/>
    <motionState vehicle="0" speed="4700" time="45600" acceleration="0"/>
    <motionState vehicle="1" speed="4700" time="45600" acceleration="0"/>
    <motionState vehicle="2" speed="4700" time="45600" acceleration="0"/>
    <motionState vehicle="3" speed="4700" time="45600" acceleration="0"/>
    <motionState vehicle="4" speed="4700" time="45600" acceleration="0"/>
    <motionState vehicle="0" speed="4700" time="45700" acceleration="0"/>
    <motionState vehicle="1" speed="4700" time="45700" acceleration="0"/>
    <motionState vehicle="2" speed="4700" time="45700" acceleration="0"/>
    <motionState vehicle="3" speed="4700" time="45700" acceleration="0"/>
    <motionState vehicle="4" speed="4700" time="45700" acceleration="0"/>
    <motionState vehicle="0" speed="4700" time="45800" acceleration="0"/>
    <motionState vehicle="1" speed="4700" time="45800" acceleration="0"/>
    <motionState vehicle="2" speed="4700" time="45800" acceleration="0"/>
    <motionState vehicle="3" speed="4700" time="45800" acceleration="0"/>
    <motionState vehicle="4" speed="4700" time="45800" acceleration="0"/>
    <motionState vehicle="0" speed="4700" time="45900" acceleration="0"/>
    <motionState vehicle="1" speed="4700" time="45900" acceleration="0"/>
    <motionState vehicle="2" speed="4700" time="45900" acceleration="0"/>
    <motionState vehicle="3" speed="4700" time="45900" acceleration="0"/>
    <motionState vehicle="4" speed="4700" time="45900" acceleration="0"/>
    <motionState vehicle="0" speed="4700" time="46000" acceleration="0"/>
    <motionState vehicle="1" speed="4700" time="46000" acceleration="0"/>
    <motionState vehicle="2" speed="4700" time="46000" acceleration="0"/>
    <motionState vehicle="3" speed="4700" time="46000" acceleration="0"/>
    <motionState vehicle="4" speed="4700" time="46000" acceleration="0"/>
    <motionState vehicle="0" speed="4700" time="46100" acceleration="0"/>
    <motionState vehicle="1" speed="4700" time="46100" acceleration="0"/>
    <motionState vehicle="2" speed="4700" time="46100" acceleration="0"/>
    <motionState vehicle="3" speed="4700" time="46100" acceleration="0"/>
    <motionState vehicle="4" speed="4700" time="46100" acceleration="0"/>
    <motionState vehicle="0" speed="4700" time="46200" acceleration="0"/>
    <motionState vehicle="1" speed="4700" time="46200" acceleration="0"/>
    <motionState vehicle="2" speed="4700" time="46200" acceleration="0"/>
    <motionState vehicle="3" speed="4700" time="46200" acceleration="0"/>
    <motionState vehicle="4" speed="4700" time="46200" acceleration="0"/>
    <motionState vehicle="0" speed="4700" time="46300" acceleration="0"/>
    <motionState vehicle="1" speed="4700" time="46300" acceleration="0"/>
    <motionState vehicle="2" speed="4700" time="46300" acceleration="0"/>
    <motionState vehicle="3" speed="4700" time="46300" acceleration="0"/>
    <motionState vehicle="4" speed="4700" time="46300" acceleration="0"/>
    <motionState vehicle="0" speed="4700" time="46400" acceleration="0"/>
    <motionState vehicle="1" speed="4700" time="46400" acceleration="0"/>
    <motionState vehicle="2" speed="4700" time="46400" acceleration="0"/>
    <motionState vehicle="3" speed="4700" time="46400" acceleration="0"/>
    <motionState vehicle="4" speed="4700" time="46400" acceleration="0"/>
    <motionState vehicle="0" speed="4700" time="46500" acceleration="0"/>
    <motionState vehicle="1" speed="4700" time="46500" acceleration="0"/>
    <motionState vehicle="2" speed="4700" time="46500" acceleration="0"/>
    <motionState vehicle="3" speed="4700" time="46500" acceleration="0"/>
    <motionState vehicle="4" speed="4700" time="46500" acceleration="0"/>
    <motionState vehicle="0" speed="4700" time="46600" acceleration="0"/>
    <motionState vehicle="1" speed="4700" time="46600" acceleration="0"/>
    <motionState vehicle="2" speed="4700" time="46600" acceleration="0"/>
    <motionState vehicle="3" speed="4700" time="46600" acceleration="0"/>
    <motionState vehicle="4" speed="4700" time="46600" acceleration="0"/>
    <motionState vehicle="0" speed="4700" time="46700" acceleration="0"/>
    <motionState vehicle="1" speed="4700" time="46700" acceleration="0"/>
    <motionState vehicle="2" speed="4700" time="46700" acceleration="0"/>
    <motionState vehicle="3" speed="4700" time="46700" acceleration="0"/>
    <motionState vehicle="4" speed="4700" time="46700" acceleration="0"/>
    <motionState vehicle="0" speed="4700" time="46800" acceleration="0"/>
    <motionState vehicle="1" speed="4700" time="46800" acceleration="0"/>
    <motionState vehicle="2" speed="4700" time="46800" acceleration="0"/>
    <motionState vehicle="3" speed="4700" time="46800" acceleration="0"/>
    <motionState vehicle="4" speed="4700" time="46800" acceleration="0"/>
    <motionState vehicle="0" speed="4700" time="46900" acceleration="0"/>
    <motionState vehicle="1" speed="4700" time="46900" acceleration="0"/>
    <motionState vehicle="2" speed="4700" time="46900" acceleration="0"/>
    <motionState vehicle="3" speed="4700" time="46900" acceleration="0"/>
    <motionState vehicle="4" speed="4700" time="46900" acceleration="0"/>
    <motionState vehicle="0" speed="4700" time="47000" acceleration="0"/>
    <motionState vehicle="1" speed="4700" time="47000" acceleration="0"/>
    <motionState vehicle="2" speed="4700" time="47000" acceleration="0"/>
    <motionState vehicle="3" speed="4700" time="47000" acceleration="0"/>
    <motionState vehicle="4" speed="4700" time="47000" acceleration="0"/>
    <motionState vehicle="0" speed="4700" time="47100" acceleration="0"/>
    <motionState vehicle="1" speed="4700" time="47100" acceleration="0"/>
    <motionState vehicle="2" speed="4700" time="47100" acceleration="0"/>
    <motionState vehicle="3" speed="4700" time="47100" acceleration="0"/>
    <motionState vehicle="4" speed="4700" time="47100" acceleration="0"/>
    <motionState vehicle="0" speed="4700" time="47200" acceleration="0"/>
    <motionState vehicle="1" speed="4700" time="47200" acceleration="0"/>
    <motionState vehicle="2" speed="4700" time="47200" acceleration="0"/>
    <motionState vehicle="3" speed="4700" time="47200" acceleration="0"/>
    <motionState vehicle="4" speed="4700" time="47200" acceleration="0"/>
    <motionState vehicle="0" speed="4700" time="47300" acceleration="0"/>
    <motionState vehicle="1" speed="4700" time="47300" acceleration="0"/>
    <motionState vehicle="2" speed="4700" time="47300" acceleration="0"/>
    <motionState vehicle="3" speed="4700" time="47300" acceleration="0"/>
    <motionState vehicle="4" speed="4700" time="47300" acceleration="0"/>
    <motionState vehicle="0" speed="4700" time="47400" acceleration="0"/>
    <motionState vehicle="1" speed="4700" time="47400" acceleration="0"/>
    <motionState vehicle="2" speed="4700" time="47400" acceleration="0"/>
    <motionState vehicle="3" speed="4700" time="47400" acceleration="0"/>
    <motionState vehicle="4" speed="4700" time="47400" acceleration="0"/>
    <motionState vehicle="0" speed="4700" time="47500" acceleration="0"/>
    <motionState vehicle="1" speed="4700" time="47500" acceleration="0"/>
    <motionState vehicle="2" speed="4700" time="47500" acceleration="0"/>
    <motionState vehicle="3" speed="4700" time="47500" acceleration="0"/>
    <motionState vehicle="4" speed="4700" time="47500" acceleration="0"/>
    <motionState vehicle="0" speed="4700" time="47600" acceleration="0"/>
    <motionState vehicle="1" speed="4700" time="47600" acceleration="0"/>
    <motionState vehicle="2" speed="4700" time="47600" acceleration="0"/>
    <motionState vehicle="3" speed="4700" time="47600" acceleration="0"/>
    <motionState vehicle="4" speed="4700" time="47600" acceleration="0"/>
    <motionState vehicle="0" speed="4700" time="47700" acceleration="0"/>
    <motionState vehicle="1" speed="4700" time="47700" acceleration="0"/>
    <motionState vehicle="2" speed="4700" time="47700" acceleration="0"/>
    <motionState vehicle="3" speed="4700" time="47700" acceleration="0"/>
    <motionState vehicle="4" speed="4700" time="47700" acceleration="0"/>
    <motionState vehicle="0" speed="4700" time="47800" acceleration="0"/>
    <motionState vehicle="1" speed="4700" time="47800" acceleration="0"/>
    <motionState vehicle="2" speed="4700" time="47800" acceleration="0"/>
    <motionState vehicle="3" speed="4700" time="47800" acceleration="0"/>
    <motionState vehicle="4" speed="4700" time="47800" acceleration="0"/>
    <motionState vehicle="0" speed="4700" time="47900" acceleration="0"/>
    <motionState vehicle="1" speed="4700" time="47900" acceleration="0"/>
    <motionState vehicle="2" speed="4700" time="47900" acceleration="0"/>
    <motionState vehicle="3" speed="4700" time="47900" acceleration="0"/>
    <motionState vehicle="4" speed="4700" time="47900" acceleration="0"/>
    <motionState vehicle="0" speed="4700" time="48000" acceleration="0"/>
    <motionState vehicle="1" speed="4700" time="48000" acceleration="0"/>
    <motionState vehicle="2" speed="4700" time="48000" acceleration="0"/>
    <motionState vehicle="3" speed="4700" time="48000" acceleration="0"/>
    <motionState vehicle="4" speed="4700" time="48000" acceleration="0"/>
    <motionState vehicle="0" speed="4700" time="48100" acceleration="0"/>
    <motionState vehicle="1" speed="4700" time="48100" acceleration="0"/>
    <motionState vehicle="2" speed="4700" time="48100" acceleration="0"/>
    <motionState vehicle="3" speed="4700" time="48100" acceleration="0"/>
    <motionState vehicle="4" speed="4700" time="48100" acceleration="0"/>
    <motionState vehicle="0" speed="4700" time="48200" acceleration="0"/>
    <motionState vehicle="1" speed="4700" time="48200" acceleration="0"/>
    <motionState vehicle="2" speed="4700" time="48200" acceleration="0"/>
    <motionState vehicle="3" speed="4700" time="48200" acceleration="0"/>
    <motionState vehicle="4" speed="4700" time="48200" acceleration="0"/>
    <motionState vehicle="0" speed="4700" time="48300" acceleration="0"/>
    <motionState vehicle="1" speed="4700" time="48300" acceleration="0"/>
    <motionState vehicle="2" speed="4700" time="48300" acceleration="0"/>
    <motionState vehicle="3" speed="4700" time="48300" acceleration="0"/>
    <motionState vehicle="4" speed="4700" time="48300" acceleration="0"/>
    <motionState vehicle="0" speed="4700" time="48400" acceleration="0"/>
    <motionState vehicle="1" speed="4700" time="48400" acceleration="0"/>
    <motionState vehicle="2" speed="4700" time="48400" acceleration="0"/>
    <motionState vehicle="3" speed="4700" time="48400" acceleration="0"/>
    <motionState vehicle="4" speed="4700" time="48400" acceleration="0"/>
    <motionState vehicle="0" speed="4700" time="48500" acceleration="0"/>
    <motionState vehicle="1" speed="4700" time="48500" acceleration="0"/>
    <motionState vehicle="2" speed="4700" time="48500" acceleration="0"/>
    <motionState vehicle="3" speed="4700" time="48500" acceleration="0"/>
    <motionState vehicle="4" speed="4700" time="48500" acceleration="0"/>
    <motionState vehicle="0" speed="4700" time="48600" acceleration="0"/>
    <motionState vehicle="1" speed="4700" time="48600" acceleration="0"/>
    <motionState vehicle="2" speed="4700" time="48600" acceleration="0"/>
    <motionState vehicle="3" speed="4700" time="48600" acceleration="0"/>
    <motionState vehicle="4" speed="4700" time="48600" acceleration="0"/>
    <motionState vehicle="0" speed="4700" time="48700" acceleration="0"/>
    <motionState vehicle="1" speed="4700" time="48700" acceleration="0"/>
    <motionState vehicle="2" speed="4700" time="48700" acceleration="0"/>
    <motionState vehicle="3" speed="4700" time="48700" acceleration="0"/>
    <motionState vehicle="4" speed="4700" time="48700" acceleration="0"/>
    <motionState vehicle="0" speed="4700" time="48800" acceleration="0"/>
    <motionState vehicle="1" speed="4700" time="48800" acceleration="0"/>
    <motionState vehicle="2" speed="4700" time="48800" acceleration="0"/>
    <motionState vehicle="3" speed="4700" time="48800" acceleration="0"/>
    <motionState vehicle="4" speed="4700" time="48800" acceleration="0"/>
    <motionState vehicle="0" speed="4700" time="48900" acceleration="0"/>
    <motionState vehicle="1" speed="4700" time="48900" acceleration="0"/>
    <motionState vehicle="2" speed="4700" time="48900" acceleration="0"/>
    <motionState vehicle="3" speed="4700" time="48900" acceleration="0"/>
    <motionState vehicle="4" speed="4700" time="48900" acceleration="0"/>
    <motionState vehicle="0" speed="4700" time="49000" acceleration="0"/>
    <motionState vehicle="1" speed="4700" time="49000" acceleration="0"/>
    <motionState vehicle="2" speed="4700" time="49000" acceleration="0"/>
    <motionState vehicle="3" speed="4700" time="49000" acceleration="0"/>
    <motionState vehicle="4" speed="4700" time="49000" acceleration="0"/>
    <motionState vehicle="0" speed="4700" time="49100" acceleration="0"/>
    <motionState vehicle="1" speed="4700" time="49100" acceleration="0"/>
    <motionState vehicle="2" speed="4700" time="49100" acceleration="0"/>
    <motionState vehicle="3" speed="4700" time="49100" acceleration="0"/>
    <motionState vehicle="4" speed="4700" time="49100" acceleration="0"/>
    <motionState vehicle="0" speed="4700" time="49200" acceleration="0"/>
    <motionState vehicle="1" speed="4700" time="49200" acceleration="0"/>
    <motionState vehicle="2" speed="4700" time="49200" acceleration="0"/>
    <motionState vehicle="3" speed="4700" time="49200" acceleration="0"/>
    <motionState vehicle="4" speed="4700" time="49200" acceleration="0"/>
    <motionState vehicle="0" speed="4700" time="49300" acceleration="0"/>
    <motionState vehicle="1" speed="4700" time="49300" acceleration="0"/>
    <motionState vehicle="2" speed="4700" time="49300" acceleration="0"/>
    <motionState vehicle="3" speed="4700" time="49300" acceleration="0"/>
    <motionState vehicle="4" speed="4700" time="49300" acceleration="0"/>
    <motionState vehicle="0" speed="4700" time="49400" acceleration="0"/>
    <motionState vehicle="1" speed="4700" time="49400" acceleration="0"/>
    <motionState vehicle="2" speed="4700" time="49400" acceleration="0"/>
    <motionState vehicle="3" speed="4700" time="49400" acceleration="0"/>
    <motionState vehicle="4" speed="4700" time="49400" acceleration="0"/>
    <motionState vehicle="0" speed="4700" time="49500" acceleration="0"/>
    <motionState vehicle="1" speed="4700" time="49500" acceleration="0"/>
    <motionState vehicle="2" speed="4700" time="49500" acceleration="0"/>
    <motionState vehicle="3" speed="4700" time="49500" acceleration="0"/>
    <motionState vehicle="4" speed="4700" time="49500" acceleration="0"/>
    <motionState vehicle="0" speed="4700" time="49600" acceleration="0"/>
    <motionState vehicle="1" speed="4700" time="49600" acceleration="0"/>
    <motionState vehicle="2" speed="4700" time="49600" acceleration="0"/>
    <motionState vehicle="3" speed="4700" time="49600" acceleration="0"/>
    <motionState vehicle="4" speed="4700" time="49600" acceleration="0"/>
    <motionState vehicle="0" speed="4700" time="49700" acceleration="0"/>
    <motionState vehicle="1" speed="4700" time="49700" acceleration="0"/>
    <motionState vehicle="2" speed="4700" time="49700" acceleration="0"/>
    <motionState vehicle="3" speed="4700" time="49700" acceleration="0"/>
    <motionState vehicle="4" speed="4700" time="49700" acceleration="0"/>
    <motionState vehicle="0" speed="4700" time="49800" acceleration="0"/>
    <motionState vehicle="1" speed="4700" time="49800" acceleration="0"/>
    <motionState vehicle="2" speed="4700" time="49800" acceleration="0"/>
    <motionState vehicle="3" speed="4700" time="49800" acceleration="0"/>
    <motionState vehicle="4" speed="4700" time="49800" acceleration="0"/>
    <motionState vehicle="0" speed="4700" time="49900" acceleration="0"/>
    <motionState vehicle="1" speed="4700" time="49900" acceleration="0"/>
    <motionState vehicle="2" speed="4700" time="49900" acceleration="0"/>
    <motionState vehicle="3" speed="4700" time="49900" acceleration="0"/>
    <motionState vehicle="4" speed="4700" time="49900" acceleration="0"/>
    <motionState vehicle="0" speed="4700" time="50000" acceleration="0"/>
    <motionState vehicle="1" speed="4700" time="50000" acceleration="0"/>
    <motionState vehicle="2" speed="4700" time="50000" acceleration="0"/>
    <motionState vehicle="3" speed="4700" time="50000" acceleration="0"/>
    <motionState vehicle="4" speed="4700" time="50000" acceleration="0"/>
    <motionState vehicle="0" speed="4700" time="50100" acceleration="0"/>
    <motionState vehicle="1" speed="4700" time="50100" acceleration="0"/>
    <motionState vehicle="2" speed="4700" time="50100" acceleration="0"/>
    <motionState vehicle="3" speed="4700" time="50100" acceleration="0"/>
    <motionState vehicle="4" speed="4700" time="50100" acceleration="0"/>
    <motionState vehicle="0" speed="4700" time="50200" acceleration="0"/>
    <motionState vehicle="1" speed="4700" time="50200" acceleration="0"/>
    <motionState vehicle="2" speed="4700" time="50200" acceleration="0"/>
    <motionState vehicle="3" speed="4700" time="50200" acceleration="0"/>
    <motionState vehicle="4" speed="4700" time="50200" acceleration="0"/>
    <motionState vehicle="0" speed="4700" time="50300" acceleration="0"/>
    <motionState vehicle="1" speed="4700" time="50300" acceleration="0"/>
    <motionState vehicle="2" speed="4700" time="50300" acceleration="0"/>
    <motionState vehicle="3" speed="4700" time="50300" acceleration="0"/>
    <motionState vehicle="4" speed="4700" time="50300" acceleration="0"/>
    <motionState vehicle="0" speed="4700" time="50400" acceleration="0"/>
    <motionState vehicle="1" speed="4700" time="50400" acceleration="0"/>
    <motionState vehicle="2" speed="4700" time="50400" acceleration="0"/>
    <motionState vehicle="3" speed="4700" time="50400" acceleration="0"/>
    <motionState vehicle="4" speed="4700" time="50400" acceleration="0"/>
    <motionState vehicle="0" speed="4700" time="50500" acceleration="0"/>
    <motionState vehicle="1" speed="4700" time="50500" acceleration="0"/>
    <motionState vehicle="2" speed="4700" time="50500" acceleration="0"/>
    <motionState vehicle="3" speed="4700" time="50500" acceleration="0"/>
    <motionState vehicle="4" speed="4700" time="50500" acceleration="0"/>
    <motionState vehicle="0" speed="4700" time="50600" acceleration="0"/>
    <motionState vehicle="1" speed="4700" time="50600" acceleration="0"/>
    <motionState vehicle="2" speed="4700" time="50600" acceleration="0"/>
    <motionState vehicle="3" speed="4700" time="50600" acceleration="0"/>
    <motionState vehicle="4" speed="4700" time="50600" acceleration="0"/>
    <motionState vehicle="0" speed="4700" time="50700" acceleration="0"/>
    <motionState vehicle="1" speed="4700" time="50700" acceleration="0"/>
    <motionState vehicle="2" speed="4700" time="50700" acceleration="0"/>
    <motionState vehicle="3" speed="4700" time="50700" acceleration="0"/>
    <motionState vehicle="4" speed="4700" time="50700" acceleration="0"/>
    <motionState vehicle="0" speed="4700" time="50800" acceleration="0"/>
    <motionState vehicle="1" speed="4700" time="50800" acceleration="0"/>
    <motionState vehicle="2" speed="4700" time="50800" acceleration="0"/>
    <motionState vehicle="3" speed="4700" time="50800" acceleration="0"/>
    <motionState vehicle="4" speed="4700" time="50800" acceleration="0"/>
    <motionState vehicle="0" speed="4700" time="50900" acceleration="0"/>
    <motionState vehicle="1" speed="4700" time="50900" acceleration="0"/>
    <motionState vehicle="2" speed="4700" time="50900" acceleration="0"/>
    <motionState vehicle="3" speed="4700" time="50900" acceleration="0"/>
    <motionState vehicle="4" speed="4700" time="50900" acceleration="0"/>
    <motionState vehicle="0" speed="4700" time="51000" acceleration="0"/>
    <motionState vehicle="1" speed="4700" time="51000" acceleration="0"/>
    <motionState vehicle="2" speed="4700" time="51000" acceleration="0"/>
    <motionState vehicle="3" speed="4700" time="51000" acceleration="0"/>
    <motionState vehicle="4" speed="4700" time="51000" acceleration="0"/>
    <motionState vehicle="0" speed="4700" time="51100" acceleration="0"/>
    <motionState vehicle="1" speed="4700" time="51100" acceleration="0"/>
    <motionState vehicle="2" speed="4700" time="51100" acceleration="0"/>
    <motionState vehicle="3" speed="4700" time="51100" acceleration="0"/>
    <motionState vehicle="4" speed="4700" time="51100" acceleration="0"/>
    <motionState vehicle="0" speed="4700" time="51200" acceleration="0"/>
    <motionState vehicle="1" speed="4700" time="51200" acceleration="0"/>
    <motionState vehicle="2" speed="4700" time="51200" acceleration="0"/>
    <motionState vehicle="3" speed="4700" time="51200" acceleration="0"/>
    <motionState vehicle="4" speed="4700" time="51200" acceleration="0"/>
    <motionState vehicle="0" speed="4700" time="51300" acceleration="0"/>
    <motionState vehicle="1" speed="4700" time="51300" acceleration="0"/>
    <motionState vehicle="2" speed="4700" time="51300" acceleration="0"/>
    <motionState vehicle="3" speed="4700" time="51300" acceleration="0"/>
    <motionState vehicle="4" speed="4700" time="51300" acceleration="0"/>
    <motionState vehicle="0" speed="4700" time="51400" acceleration="0"/>
    <motionState vehicle="1" speed="4700" time="51400" acceleration="0"/>
    <motionState vehicle="2" speed="4700" time="51400" acceleration="0"/>
    <motionState vehicle="3" speed="4700" time="51400" acceleration="0"/>
    <motionState vehicle="4" speed="4700" time="51400" acceleration="0"/>
    <motionState vehicle="0" speed="4700" time="51500" acceleration="0"/>
    <motionState vehicle="1" speed="4700" time="51500" acceleration="0"/>
    <motionState vehicle="2" speed="4700" time="51500" acceleration="0"/>
    <motionState vehicle="3" speed="4700" time="51500" acceleration="0"/>
    <motionState vehicle="4" speed="4700" time="51500" acceleration="0"/>
    <motionState vehicle="0" speed="4700" time="51600" acceleration="0"/>
    <motionState vehicle="1" speed="4700" time="51600" acceleration="0"/>
    <motionState vehicle="2" speed="4700" time="51600" acceleration="0"/>
    <motionState vehicle="3" speed="4700" time="51600" acceleration="0"/>
    <motionState vehicle="4" speed="4700" time="51600" acceleration="0"/>
    <motionState vehicle="0" speed="4700" time="51700" acceleration="0"/>
    <motionState vehicle="1" speed="4700" time="51700" acceleration="0"/>
    <motionState vehicle="2" speed="4700" time="51700" acceleration="0"/>
    <motionState vehicle="3" speed="4700" time="51700" acceleration="0"/>
    <motionState vehicle="4" speed="4700" time="51700" acceleration="0"/>
    <motionState vehicle="0" speed="4700" time="51800" acceleration="0"/>
    <motionState vehicle="1" speed="4700" time="51800" acceleration="0"/>
    <motionState vehicle="2" speed="4700" time="51800" acceleration="0"/>
    <motionState vehicle="3" speed="4700" time="51800" acceleration="0"/>
    <motionState vehicle="4" speed="4700" time="51800" acceleration="0"/>
    <motionState vehicle="0" speed="4700" time="51900" acceleration="0"/>
    <motionState vehicle="1" speed="4700" time="51900" acceleration="0"/>
    <motionState vehicle="2" speed="4700" time="51900" acceleration="0"/>
    <motionState vehicle="3" speed="4700" time="51900" acceleration="0"/>
    <motionState vehicle="4" speed="4700" time="51900" acceleration="0"/>
    <motionState vehicle="0" speed="4700" time="52000" acceleration="0"/>
    <motionState vehicle="1" speed="4700" time="52000" acceleration="0"/>
    <motionState vehicle="2" speed="4700" time="52000" acceleration="0"/>
    <motionState vehicle="3" speed="4700" time="52000" acceleration="0"/>
    <motionState vehicle="4" speed="4700" time="52000" acceleration="0"/>
    <motionState vehicle="0" speed="4700" time="52100" acceleration="0"/>
    <motionState vehicle="1" speed="4700" time="52100" acceleration="0"/>
    <motionState vehicle="2" speed="4700" time="52100" acceleration="0"/>
    <motionState vehicle="3" speed="4700" time="52100" acceleration="0"/>
    <motionState vehicle="4" speed="4700" time="52100" acceleration="0"/>
    <motionState vehicle="0" speed="4700" time="52200" acceleration="0"/>
    <motionState vehicle="1" speed="4700" time="52200" acceleration="0"/>
    <motionState vehicle="2" speed="4700" time="52200" acceleration="0"/>
    <motionState vehicle="3" speed="4700" time="52200" acceleration="0"/>
    <motionState vehicle="4" speed="4700" time="52200" acceleration="0"/>
    <motionState vehicle="0" speed="4700" time="52300" acceleration="0"/>
    <motionState vehicle="1" speed="4700" time="52300" acceleration="0"/>
    <motionState vehicle="2" speed="4700" time="52300" acceleration="0"/>
    <motionState vehicle="3" speed="4700" time="52300" acceleration="0"/>
    <motionState vehicle="4" speed="4700" time="52300" acceleration="0"/>
    <motionState vehicle="0" speed="4700" time="52400" acceleration="0"/>
    <motionState vehicle="1" speed="4700" time="52400" acceleration="0"/>
    <motionState vehicle="2" speed="4700" time="52400" acceleration="0"/>
    <motionState vehicle="3" speed="4700" time="52400" acceleration="0"/>
    <motionState vehicle="4" speed="4700" time="52400" acceleration="0"/>
    <motionState vehicle="0" speed="4700" time="52500" acceleration="0"/>
    <motionState vehicle="1" speed="4700" time="52500" acceleration="0"/>
    <motionState vehicle="2" speed="4700" time="52500" acceleration="0"/>
    <motionState vehicle="3" speed="4700" time="52500" acceleration="0"/>
    <motionState vehicle="4" speed="4700" time="52500" acceleration="0"/>
    <motionState vehicle="0" speed="4700" time="52600" acceleration="0"/>
    <motionState vehicle="1" speed="4700" time="52600" acceleration="0"/>
    <motionState vehicle="2" speed="4700" time="52600" acceleration="0"/>
    <motionState vehicle="3" speed="4700" time="52600" acceleration="0"/>
    <motionState vehicle="4" speed="4700" time="52600" acceleration="0"/>
    <motionState vehicle="0" speed="4700" time="52700" acceleration="0"/>
    <motionState vehicle="1" speed="4700" time="52700" acceleration="0"/>
    <motionState vehicle="2" speed="4700" time="52700" acceleration="0"/>
    <motionState vehicle="3" speed="4700" time="52700" acceleration="0"/>
    <motionState vehicle="4" speed="4700" time="52700" acceleration="0"/>
    <motionState vehicle="0" speed="4700" time="52800" acceleration="0"/>
    <motionState vehicle="1" speed="4700" time="52800" acceleration="0"/>
    <motionState vehicle="2" speed="4700" time="52800" acceleration="0"/>
    <motionState vehicle="3" speed="4700" time="52800" acceleration="0"/>
    <motionState vehicle="4" speed="4700" time="52800" acceleration="0"/>
    <motionState vehicle="0" speed="4700" time="52900" acceleration="0"/>
    <motionState vehicle="1" speed="4700" time="52900" acceleration="0"/>
    <motionState vehicle="2" speed="4700" time="52900" acceleration="0"/>
    <motionState vehicle="3" speed="4700" time="52900" acceleration="0"/>
    <motionState vehicle="4" speed="4700" time="52900" acceleration="0"/>
    <motionState vehicle="0" speed="4700" time="53000" acceleration="0"/>
    <motionState vehicle="1" speed="4700" time="53000" acceleration="0"/>
    <motionState vehicle="2" speed="4700" time="53000" acceleration="0"/>
    <motionState vehicle="3" speed="4700" time="53000" acceleration="0"/>
    <motionState vehicle="4" speed="4700" time="53000" acceleration="0"/>
    <motionState vehicle="0" speed="4700" time="53100" acceleration="0"/>
    <motionState vehicle="1" speed="4700" time="53100" acceleration="0"/>
    <motionState vehicle="2" speed="4700" time="53100" acceleration="0"/>
    <motionState vehicle="3" speed="4700" time="53100" acceleration="0"/>
    <motionState vehicle="4" speed="4700" time="53100" acceleration="0"/>
    <motionState vehicle="0" speed="4700" time="53200" acceleration="0"/>
    <motionState vehicle="1" speed="4700" time="53200" acceleration="0"/>
    <motionState vehicle="2" speed="4700" time="53200" acceleration="0"/>
    <motionState vehicle="3" speed="4700" time="53200" acceleration="0"/>
    <motionState vehicle="4" speed="4700" time="53200" acceleration="0"/>
    <motionState vehicle="0" speed="4700" time="53300" acceleration="0"/>
    <motionState vehicle="1" speed="4700" time="53300" acceleration="0"/>
    <motionState vehicle="2" speed="4700" time="53300" acceleration="0"/>
    <motionState vehicle="3" speed="4700" time="53300" acceleration="0"/>
    <motionState vehicle="4" speed="4700" time="53300" acceleration="0"/>
    <motionState vehicle="0" speed="4700" time="53400" acceleration="0"/>
    <motionState vehicle="1" speed="4700" time="53400" acceleration="0"/>
    <motionState vehicle="2" speed="4700" time="53400" acceleration="0"/>
    <motionState vehicle="3" speed="4700" time="53400" acceleration="0"/>
    <motionState vehicle="4" speed="4700" time="53400" acceleration="0"/>
    <motionState vehicle="0" speed="4700" time="53500" acceleration="0"/>
    <motionState vehicle="1" speed="4700" time="53500" acceleration="0"/>
    <motionState vehicle="2" speed="4700" time="53500" acceleration="0"/>
    <motionState vehicle="3" speed="4700" time="53500" acceleration="0"/>
    <motionState vehicle="4" speed="4700" time="53500" acceleration="0"/>
    <motionState vehicle="0" speed="4700" time="53600" acceleration="0"/>
    <motionState vehicle="1" speed="4700" time="53600" acceleration="0"/>
    <motionState vehicle="2" speed="4700" time="53600" acceleration="0"/>
    <motionState vehicle="3" speed="4700" time="53600" acceleration="0"/>
    <motionState vehicle="4" speed="4700" time="53600" acceleration="0"/>
    <motionState vehicle="0" speed="4700" time="53700" acceleration="0"/>
    <motionState vehicle="1" speed="4700" time="53700" acceleration="0"/>
    <motionState vehicle="2" speed="4700" time="53700" acceleration="0"/>
    <motionState vehicle="3" speed="4700" time="53700" acceleration="0"/>
    <motionState vehicle="4" speed="4700" time="53700" acceleration="0"/>
    <motionState vehicle="0" speed="4700" time="53800" acceleration="0"/>
    <motionState vehicle="1" speed="4700" time="53800" acceleration="0"/>
    <motionState vehicle="2" speed="4700" time="53800" acceleration="0"/>
    <motionState vehicle="3" speed="4700" time="53800" acceleration="0"/>
    <motionState vehicle="4" speed="4700" time="53800" acceleration="0"/>
    <motionState vehicle="0" speed="4700" time="53900" acceleration="0"/>
    <motionState vehicle="1" speed="4700" time="53900" acceleration="0"/>
    <motionState vehicle="2" speed="4700" time="53900" acceleration="0"/>
    <motionState vehicle="3" speed="4700" time="53900" acceleration="0"/>
    <motionState vehicle="4" speed="4700" time="53900" acceleration="0"/>
    <motionState vehicle="0" speed="4700" time="54000" acceleration="0"/>
    <motionState vehicle="1" speed="4700" time="54000" acceleration="0"/>
    <motionState vehicle="2" speed="4700" time="54000" acceleration="0"/>
    <motionState vehicle="3" speed="4700" time="54000" acceleration="0"/>
    <motionState vehicle="4" speed="4700" time="54000" acceleration="0"/>
    <motionState vehicle="0" speed="4700" time="54100" acceleration="0"/>
    <motionState vehicle="1" speed="4700" time="54100" acceleration="0"/>
    <motionState vehicle="2" speed="4700" time="54100" acceleration="0"/>
    <motionState vehicle="3" speed="4700" time="54100" acceleration="0"/>
    <motionState vehicle="4" speed="4700" time="54100" acceleration="0"/>
    <motionState vehicle="0" speed="4700" time="54200" acceleration="0"/>
    <motionState vehicle="1" speed="4700" time="54200" acceleration="0"/>
    <motionState vehicle="2" speed="4700" time="54200" acceleration="0"/>
    <motionState vehicle="3" speed="4700" time="54200" acceleration="0"/>
    <motionState vehicle="4" speed="4700" time="54200" acceleration="0"/>
    <motionState vehicle="0" speed="4700" time="54300" acceleration="0"/>
    <motionState vehicle="1" speed="4700" time="54300" acceleration="0"/>
    <motionState vehicle="2" speed="4700" time="54300" acceleration="0"/>
    <motionState vehicle="3" speed="4700" time="54300" acceleration="0"/>
    <motionState vehicle="4" speed="4700" time="54300" acceleration="0"/>
    <motionState vehicle="0" speed="4700" time="54400" acceleration="0"/>
    <motionState vehicle="1" speed="4700" time="54400" acceleration="0"/>
    <motionState vehicle="2" speed="4700" time="54400" acceleration="0"/>
    <motionState vehicle="3" speed="4700" time="54400" acceleration="0"/>
    <motionState vehicle="4" speed="4700" time="54400" acceleration="0"/>
    <motionState vehicle="0" speed="4700" time="54500" acceleration="0"/>
    <motionState vehicle="1" speed="4700" time="54500" acceleration="0"/>
    <motionState vehicle="2" speed="4700" time="54500" acceleration="0"/>
    <motionState vehicle="3" speed="4700" time="54500" acceleration="0"/>
    <motionState vehicle="4" speed="4700" time="54500" acceleration="0"/>
    <motionState vehicle="0" speed="4700" time="54600" acceleration="0"/>
    <motionState vehicle="1" speed="4700" time="54600" acceleration="0"/>
    <motionState vehicle="2" speed="4700" time="54600" acceleration="0"/>
    <motionState vehicle="3" speed="4700" time="54600" acceleration="0"/>
    <motionState vehicle="4" speed="4700" time="54600" acceleration="0"/>
    <motionState vehicle="0" speed="4700" time="54700" acceleration="0"/>
    <motionState vehicle="1" speed="4700" time="54700" acceleration="0"/>
    <motionState vehicle="2" speed="4700" time="54700" acceleration="0"/>
    <motionState vehicle="3" speed="4700" time="54700" acceleration="0"/>
    <motionState vehicle="4" speed="4700" time="54700" acceleration="0"/>
    <motionState vehicle="0" speed="4700" time="54800" acceleration="0"/>
    <motionState vehicle="1" speed="4700" time="54800" acceleration="0"/>
    <motionState vehicle="2" speed="4700" time="54800" acceleration="0"/>
    <motionState vehicle="3" speed="4700" time="54800" acceleration="0"/>
    <motionState vehicle="4" speed="4700" time="54800" acceleration="0"/>
    <motionState vehicle="0" speed="4700" time="54900" acceleration="0"/>
    <motionState vehicle="1" speed="4700" time="54900" acceleration="0"/>
    <motionState vehicle="2" speed="4700" time="54900" acceleration="0"/>
    <motionState vehicle="3" speed="4700" time="54900" acceleration="0"/>
    <motionState vehicle="4" speed="4700" time="54900" acceleration="0"/>
    <motionState vehicle="0" speed="4700" time="55000" acceleration="0"/>
    <motionState vehicle="1" speed="4700" time="55000" acceleration="0"/>
    <motionState vehicle="2" speed="4700" time="55000" acceleration="0"/>
    <motionState vehicle="3" speed="4700" time="55000" acceleration="0"/>
    <motionState vehicle="4" speed="4700" time="55000" acceleration="0"/>
    <motionState vehicle="0" speed="4700" time="55100" acceleration="0"/>
    <motionState vehicle="1" speed="4700" time="55100" acceleration="0"/>
    <motionState vehicle="2" speed="4700" time="55100" acceleration="0"/>
    <motionState vehicle="3" speed="4700" time="55100" acceleration="0"/>
    <motionState vehicle="4" speed="4700" time="55100" acceleration="0"/>
    <motionState vehicle="0" speed="4700" time="55200" acceleration="0"/>
    <motionState vehicle="1" speed="4700" time="55200" acceleration="0"/>
    <motionState vehicle="2" speed="4700" time="55200" acceleration="0"/>
    <motionState vehicle="3" speed="4700" time="55200" acceleration="0"/>
    <motionState vehicle="4" speed="4700" time="55200" acceleration="0"/>
    <motionState vehicle="0" speed="4700" time="55300" acceleration="0"/>
    <motionState vehicle="1" speed="4700" time="55300" acceleration="0"/>
    <motionState vehicle="2" speed="4700" time="55300" acceleration="0"/>
    <motionState vehicle="3" speed="4700" time="55300" acceleration="0"/>
    <motionState vehicle="4" speed="4700" time="55300" acceleration="0"/>
    <motionState vehicle="0" speed="4700" time="55400" acceleration="0"/>
    <motionState vehicle="1" speed="4700" time="55400" acceleration="0"/>
    <motionState vehicle="2" speed="4700" time="55400" acceleration="0"/>
    <motionState vehicle="3" speed="4700" time="55400" acceleration="0"/>
    <motionState vehicle="4" speed="4700" time="55400" acceleration="0"/>
    <motionState vehicle="0" speed="4700" time="55500" acceleration="0"/>
    <motionState vehicle="1" speed="4700" time="55500" acceleration="0"/>
    <motionState vehicle="2" speed="4700" time="55500" acceleration="0"/>
    <motionState vehicle="3" speed="4700" time="55500" acceleration="0"/>
    <motionState vehicle="4" speed="4700" time="55500" acceleration="0"/>
    <motionState vehicle="0" speed="4700" time="55600" acceleration="0"/>
    <motionState vehicle="1" speed="4700" time="55600" acceleration="0"/>
    <motionState vehicle="2" speed="4700" time="55600" acceleration="0"/>
    <motionState vehicle="3" speed="4700" time="55600" acceleration="0"/>
    <motionState vehicle="4" speed="4700" time="55600" acceleration="0"/>
    <motionState vehicle="0" speed="4700" time="55700" acceleration="0"/>
    <motionState vehicle="1" speed="4700" time="55700" acceleration="0"/>
    <motionState vehicle="2" speed="4700" time="55700" acceleration="0"/>
    <motionState vehicle="3" speed="4700" time="55700" acceleration="0"/>
    <motionState vehicle="4" speed="4700" time="55700" acceleration="0"/>
    <motionState vehicle="0" speed="4700" time="55800" acceleration="0"/>
    <motionState vehicle="1" speed="4700" time="55800" acceleration="0"/>
    <motionState vehicle="2" speed="4700" time="55800" acceleration="0"/>
    <motionState vehicle="3" speed="4700" time="55800" acceleration="0"/>
    <motionState vehicle="4" speed="4700" time="55800" acceleration="0"/>
    <motionState vehicle="0" speed="4700" time="55900" acceleration="0"/>
    <motionState vehicle="1" speed="4700" time="55900" acceleration="0"/>
    <motionState vehicle="2" speed="4700" time="55900" acceleration="0"/>
    <motionState vehicle="3" speed="4700" time="55900" acceleration="0"/>
    <motionState vehicle="4" speed="4700" time="55900" acceleration="0"/>
    <motionState vehicle="0" speed="4700" time="56000" acceleration="0"/>
    <motionState vehicle="1" speed="4700" time="56000" acceleration="0"/>
    <motionState vehicle="2" speed="4700" time="56000" acceleration="0"/>
    <motionState vehicle="3" speed="4700" time="56000" acceleration="0"/>
    <motionState vehicle="4" speed="4700" time="56000" acceleration="0"/>
    <motionState vehicle="0" speed="4700" time="56100" acceleration="0"/>
    <motionState vehicle="1" speed="4700" time="56100" acceleration="0"/>
    <motionState vehicle="2" speed="4700" time="56100" acceleration="0"/>
    <motionState vehicle="3" speed="4700" time="56100" acceleration="0"/>
    <motionState vehicle="4" speed="4700" time="56100" acceleration="0"/>
    <motionState vehicle="0" speed="4700" time="56200" acceleration="0"/>
    <motionState vehicle="1" speed="4700" time="56200" acceleration="0"/>
    <motionState vehicle="2" speed="4700" time="56200" acceleration="0"/>
    <motionState vehicle="3" speed="4700" time="56200" acceleration="0"/>
    <motionState vehicle="4" speed="4700" time="56200" acceleration="0"/>
    <motionState vehicle="0" speed="4700" time="56300" acceleration="0"/>
    <motionState vehicle="1" speed="4700" time="56300" acceleration="0"/>
    <motionState vehicle="2" speed="4700" time="56300" acceleration="0"/>
    <motionState vehicle="3" speed="4700" time="56300" acceleration="0"/>
    <motionState vehicle="4" speed="4700" time="56300" acceleration="0"/>
    <motionState vehicle="0" speed="4700" time="56400" acceleration="0"/>
    <motionState vehicle="1" speed="4700" time="56400" acceleration="0"/>
    <motionState vehicle="2" speed="4700" time="56400" acceleration="0"/>
    <motionState vehicle="3" speed="4700" time="56400" acceleration="0"/>
    <motionState vehicle="4" speed="4700" time="56400" acceleration="0"/>
    <motionState vehicle="0" speed="4700" time="56500" acceleration="0"/>
    <motionState vehicle="1" speed="4700" time="56500" acceleration="0"/>
    <motionState vehicle="2" speed="4700" time="56500" acceleration="0"/>
    <motionState vehicle="3" speed="4700" time="56500" acceleration="0"/>
    <motionState vehicle="4" speed="4700" time="56500" acceleration="0"/>
    <motionState vehicle="0" speed="4700" time="56600" acceleration="0"/>
    <motionState vehicle="1" speed="4700" time="56600" acceleration="0"/>
    <motionState vehicle="2" speed="4700" time="56600" acceleration="0"/>
    <motionState vehicle="3" speed="4700" time="56600" acceleration="0"/>
    <motionState vehicle="4" speed="4700" time="56600" acceleration="0"/>
    <motionState vehicle="0" speed="4700" time="56700" acceleration="0"/>
    <motionState vehicle="1" speed="4700" time="56700" acceleration="0"/>
    <motionState vehicle="2" speed="4700" time="56700" acceleration="0"/>
    <motionState vehicle="3" speed="4700" time="56700" acceleration="0"/>
    <motionState vehicle="4" speed="4700" time="56700" acceleration="0"/>
    <motionState vehicle="0" speed="4700" time="56800" acceleration="0"/>
    <motionState vehicle="1" speed="4700" time="56800" acceleration="0"/>
    <motionState vehicle="2" speed="4700" time="56800" acceleration="0"/>
    <motionState vehicle="3" speed="4700" time="56800" acceleration="0"/>
    <motionState vehicle="4" speed="4700" time="56800" acceleration="0"/>
    <motionState vehicle="0" speed="4700" time="56900" acceleration="0"/>
    <motionState vehicle="1" speed="4700" time="56900" acceleration="0"/>
    <motionState vehicle="2" speed="4700" time="56900" acceleration="0"/>
    <motionState vehicle="3" speed="4700" time="56900" acceleration="0"/>
    <motionState vehicle="4" speed="4700" time="56900" acceleration="0"/>
    <motionState vehicle="0" speed="4700" time="57000" acceleration="0"/>
    <motionState vehicle="1" speed="4700" time="57000" acceleration="0"/>
    <motionState vehicle="2" speed="4700" time="57000" acceleration="0"/>
    <motionState vehicle="3" speed="4700" time="57000" acceleration="0"/>
    <motionState vehicle="4" speed="4700" time="57000" acceleration="0"/>
    <motionState vehicle="0" speed="4700" time="57100" acceleration="0"/>
    <motionState vehicle="1" speed="4700" time="57100" acceleration="0"/>
    <motionState vehicle="2" speed="4700" time="57100" acceleration="0"/>
    <motionState vehicle="3" speed="4700" time="57100" acceleration="0"/>
    <motionState vehicle="4" speed="4700" time="57100" acceleration="0"/>
    <motionState vehicle="0" speed="4700" time="57200" acceleration="0"/>
    <motionState vehicle="1" speed="4700" time="57200" acceleration="0"/>
    <motionState vehicle="2" speed="4700" time="57200" acceleration="0"/>
    <motionState vehicle="3" speed="4700" time="57200" acceleration="0"/>
    <motionState vehicle="4" speed="4700" time="57200" acceleration="0"/>
    <motionState vehicle="0" speed="4700" time="57300" acceleration="0"/>
    <motionState vehicle="1" speed="4700" time="57300" acceleration="0"/>
    <motionState vehicle="2" speed="4700" time="57300" acceleration="0"/>
    <motionState vehicle="3" speed="4700" time="57300" acceleration="0"/>
    <motionState vehicle="4" speed="4700" time="57300" acceleration="0"/>
    <motionState vehicle="0" speed="4700" time="57400" acceleration="0"/>
    <motionState vehicle="1" speed="4700" time="57400" acceleration="0"/>
    <motionState vehicle="2" speed="4700" time="57400" acceleration="0"/>
    <motionState vehicle="3" speed="4700" time="57400" acceleration="0"/>
    <motionState vehicle="4" speed="4700" time="57400" acceleration="0"/>
    <motionState vehicle="0" speed="4700" time="57500" acceleration="0"/>
    <motionState vehicle="1" speed="4700" time="57500" acceleration="0"/>
    <motionState vehicle="2" speed="4700" time="57500" acceleration="0"/>
    <motionState vehicle="3" speed="4700" time="57500" acceleration="0"/>
    <motionState vehicle="4" speed="4700" time="57500" acceleration="0"/>
    <motionState vehicle="0" speed="4700" time="57600" acceleration="0"/>
    <motionState vehicle="1" speed="4700" time="57600" acceleration="0"/>
    <motionState vehicle="2" speed="4700" time="57600" acceleration="0"/>
    <motionState vehicle="3" speed="4700" time="57600" acceleration="0"/>
    <motionState vehicle="4" speed="4700" time="57600" acceleration="0"/>
    <motionState vehicle="0" speed="4700" time="57700" acceleration="0"/>
    <motionState vehicle="1" speed="4700" time="57700" acceleration="0"/>
    <motionState vehicle="2" speed="4700" time="57700" acceleration="0"/>
    <motionState vehicle="3" speed="4700" time="57700" acceleration="0"/>
    <motionState vehicle="4" speed="4700" time="57700" acceleration="0"/>
    <motionState vehicle="0" speed="4700" time="57800" acceleration="0"/>
    <motionState vehicle="1" speed="4700" time="57800" acceleration="0"/>
    <motionState vehicle="2" speed="4700" time="57800" acceleration="0"/>
    <motionState vehicle="3" speed="4700" time="57800" acceleration="0"/>
    <motionState vehicle="4" speed="4700" time="57800" acceleration="0"/>
    <motionState vehicle="0" speed="4700" time="57900" acceleration="0"/>
    <motionState vehicle="1" speed="4700" time="57900" acceleration="0"/>
    <motionState vehicle="2" speed="4700" time="57900" acceleration="0"/>
    <motionState vehicle="3" speed="4700" time="57900" acceleration="0"/>
    <motionState vehicle="4" speed="4700" time="57900" acceleration="0"/>
    <motionState vehicle="0" speed="4700" time="58000" acceleration="0"/>
    <motionState vehicle="1" speed="4700" time="58000" acceleration="0"/>
    <motionState vehicle="2" speed="4700" time="58000" acceleration="0"/>
    <motionState vehicle="3" speed="4700" time="58000" acceleration="0"/>
    <motionState vehicle="4" speed="4700" time="58000" acceleration="0"/>
    <motionState vehicle="0" speed="4700" time="58100" acceleration="0"/>
    <motionState vehicle="1" speed="4700" time="58100" acceleration="0"/>
    <motionState vehicle="2" speed="4700" time="58100" acceleration="0"/>
    <motionState vehicle="3" speed="4700" time="58100" acceleration="0"/>
    <motionState vehicle="4" speed="4700" time="58100" acceleration="0"/>
    <motionState vehicle="0" speed="4700" time="58200" acceleration="0"/>
    <motionState vehicle="1" speed="4700" time="58200" acceleration="0"/>
    <motionState vehicle="2" speed="4700" time="58200" acceleration="0"/>
    <motionState vehicle="3" speed="4700" time="58200" acceleration="0"/>
    <motionState vehicle="4" speed="4700" time="58200" acceleration="0"/>
    <motionState vehicle="0" speed="4700" time="58300" acceleration="0"/>
    <motionState vehicle="1" speed="4700" time="58300" acceleration="0"/>
    <motionState vehicle="2" speed="4700" time="58300" acceleration="0"/>
    <motionState vehicle="3" speed="4700" time="58300" acceleration="0"/>
    <motionState vehicle="4" speed="4700" time="58300" acceleration="0"/>
    <motionState vehicle="0" speed="4700" time="58400" acceleration="0"/>
    <motionState vehicle="1" speed="4700" time="58400" acceleration="0"/>
    <motionState vehicle="2" speed="4700" time="58400" acceleration="0"/>
    <motionState vehicle="3" speed="4700" time="58400" acceleration="0"/>
    <motionState vehicle="4" speed="4700" time="58400" acceleration="0"/>
    <motionState vehicle="0" speed="4700" time="58500" acceleration="0"/>
    <motionState vehicle="1" speed="4700" time="58500" acceleration="0"/>
    <motionState vehicle="2" speed="4700" time="58500" acceleration="0"/>
    <motionState vehicle="3" speed="4700" time="58500" acceleration="0"/>
    <motionState vehicle="4" speed="4700" time="58500" acceleration="0"/>
    <motionState vehicle="0" speed="4700" time="58600" acceleration="0"/>
    <motionState vehicle="1" speed="4700" time="58600" acceleration="0"/>
    <motionState vehicle="2" speed="4700" time="58600" acceleration="0"/>
    <motionState vehicle="3" speed="4700" time="58600" acceleration="0"/>
    <motionState vehicle="4" speed="4700" time="58600" acceleration="0"/>
    <motionState vehicle="0" speed="4700" time="58700" acceleration="0"/>
    <motionState vehicle="1" speed="4700" time="58700" acceleration="0"/>
    <motionState vehicle="2" speed="4700" time="58700" acceleration="0"/>
    <motionState vehicle="3" speed="4700" time="58700" acceleration="0"/>
    <motionState vehicle="4" speed="4700" time="58700" acceleration="0"/>
    <motionState vehicle="0" speed="4700" time="58800" acceleration="0"/>
    <motionState vehicle="1" speed="4700" time="58800" acceleration="0"/>
    <motionState vehicle="2" speed="4700" time="58800" acceleration="0"/>
    <motionState vehicle="3" speed="4700" time="58800" acceleration="0"/>
    <motionState vehicle="4" speed="4700" time="58800" acceleration="0"/>
    <motionState vehicle="0" speed="4700" time="58900" acceleration="0"/>
    <motionState vehicle="1" speed="4700" time="58900" acceleration="0"/>
    <motionState vehicle="2" speed="4700" time="58900" acceleration="0"/>
    <motionState vehicle="3" speed="4700" time="58900" acceleration="0"/>
    <motionState vehicle="4" speed="4700" time="58900" acceleration="0"/>
    <motionState vehicle="0" speed="4700" time="59000" acceleration="0"/>
    <motionState vehicle="1" speed="4700" time="59000" acceleration="0"/>
    <motionState vehicle="2" speed="4700" time="59000" acceleration="0"/>
    <motionState vehicle="3" speed="4700" time="59000" acceleration="0"/>
    <motionState vehicle="4" speed="4700" time="59000" acceleration="0"/>
    <motionState vehicle="0" speed="4700" time="59100" acceleration="0"/>
    <motionState vehicle="1" speed="4700" time="59100" acceleration="0"/>
    <motionState vehicle="2" speed="4700" time="59100" acceleration="0"/>
    <motionState vehicle="3" speed="4700" time="59100" acceleration="0"/>
    <motionState vehicle="4" speed="4700" time="59100" acceleration="0"/>
    <motionState vehicle="0" speed="4700" time="59200" acceleration="0"/>
    <motionState vehicle="1" speed="4700" time="59200" acceleration="0"/>
    <motionState vehicle="2" speed="4700" time="59200" acceleration="0"/>
    <motionState vehicle="3" speed="4700" time="59200" acceleration="0"/>
    <motionState vehicle="4" speed="4700" time="59200" acceleration="0"/>
    <motionState vehicle="0" speed="4700" time="59300" acceleration="0"/>
    <motionState vehicle="1" speed="4700" time="59300" acceleration="0"/>
    <motionState vehicle="2" speed="4700" time="59300" acceleration="0"/>
    <motionState vehicle="3" speed="4700" time="59300" acceleration="0"/>
    <motionState vehicle="4" speed="4700" time="59300" acceleration="0"/>
    <motionState vehicle="0" speed="4700" time="59400" acceleration="0"/>
    <motionState vehicle="1" speed="4700" time="59400" acceleration="0"/>
    <motionState vehicle="2" speed="4700" time="59400" acceleration="0"/>
    <motionState vehicle="3" speed="4700" time="59400" acceleration="0"/>
    <motionState vehicle="4" speed="4700" time="59400" acceleration="0"/>
    <motionState vehicle="0" speed="4700" time="59500" acceleration="0"/>
    <motionState vehicle="1" speed="4700" time="59500" acceleration="0"/>
    <motionState vehicle="2" speed="4700" time="59500" acceleration="0"/>
    <motionState vehicle="3" speed="4700" time="59500" acceleration="0"/>
    <motionState vehicle="4" speed="4700" time="59500" acceleration="0"/>
    <motionState vehicle="0" speed="4700" time="59600" acceleration="0"/>
    <motionState vehicle="1" speed="4700" time="59600" acceleration="0"/>
    <motionState vehicle="2" speed="4700" time="59600" acceleration="0"/>
    <motionState vehicle="3" speed="4700" time="59600" acceleration="0"/>
    <motionState vehicle="4" speed="4700" time="59600" acceleration="0"/>
    <motionState vehicle="0" speed="4700" time="59700" acceleration="0"/>
    <motionState vehicle="1" speed="4700" time="59700" acceleration="0"/>
    <motionState vehicle="2" speed="4700" time="59700" acceleration="0"/>
    <motionState vehicle="3" speed="4700" time="59700" acceleration="0"/>
    <motionState vehicle="4" speed="4700" time="59700" acceleration="0"/>
    <motionState vehicle="0" speed="4700" time="59800" acceleration="0"/>
    <motionState vehicle="1" speed="4700" time="59800" acceleration="0"/>
    <motionState vehicle="2" speed="4700" time="59800" acceleration="0"/>
    <motionState vehicle="3" speed="4700" time="59800" acceleration="0"/>
    <motionState vehicle="4" speed="4700" time="59800" acceleration="0"/>
    <motionState vehicle="0" speed="4700" time="59900" acceleration="0"/>
    <motionState vehicle="1" speed="4700" time="59900" acceleration="0"/>
    <motionState vehicle="2" speed="4700" time="59900" acceleration="0"/>
    <motionState vehicle="3" speed="4700" time="59900" acceleration="0"/>
    <motionState vehicle="4" speed="4700" time="59900" acceleration="0"/>
    <motionState vehicle="0" speed="4700" time="60000" acceleration="0"/>
    <motionState vehicle="1" speed="4700" time="60000" acceleration="0"/>
    <motionState vehicle="2" speed="4700" time="60000" acceleration="0"/>
    <motionState vehicle="3" speed="4700" time="60000" acceleration="0"/>
    <motionState vehicle="4" speed="4700" time="60000" acceleration="0"/>
    <motionState vehicle="0" speed="4700" time="60100" acceleration="0"/>
    <motionState vehicle="1" speed="4700" time="60100" acceleration="0"/>
    <motionState vehicle="2" speed="4700" time="60100" acceleration="0"/>
    <motionState vehicle="3" speed="4700" time="60100" acceleration="0"/>
    <motionState vehicle="4" speed="4700" time="60100" acceleration="0"/>
    <motionState vehicle="0" speed="4700" time="60200" acceleration="0"/>
    <motionState vehicle="1" speed="4700" time="60200" acceleration="0"/>
    <motionState vehicle="2" speed="4700" time="60200" acceleration="0"/>
    <motionState vehicle="3" speed="4700" time="60200" acceleration="0"/>
    <motionState vehicle="4" speed="4700" time="60200" acceleration="0"/>
    <motionState vehicle="0" speed="4700" time="60300" acceleration="0"/>
    <motionState vehicle="1" speed="4700" time="60300" acceleration="0"/>
    <motionState vehicle="2" speed="4700" time="60300" acceleration="0"/>
    <motionState vehicle="3" speed="4700" time="60300" acceleration="0"/>
    <motionState vehicle="4" speed="4700" time="60300" acceleration="0"/>
    <motionState vehicle="0" speed="4700" time="60400" acceleration="0"/>
    <motionState vehicle="1" speed="4700" time="60400" acceleration="0"/>
    <motionState vehicle="2" speed="4700" time="60400" acceleration="0"/>
    <motionState vehicle="3" speed="4700" time="60400" acceleration="0"/>
    <motionState vehicle="4" speed="4700" time="60400" acceleration="0"/>
    <motionState vehicle="0" speed="4700" time="60500" acceleration="0"/>
    <motionState vehicle="1" speed="4700" time="60500" acceleration="0"/>
    <motionState vehicle="2" speed="4700" time="60500" acceleration="0"/>
    <motionState vehicle="3" speed="4700" time="60500" acceleration="0"/>
    <motionState vehicle="4" speed="4700" time="60500" acceleration="0"/>
    <motionState vehicle="0" speed="4700" time="60600" acceleration="0"/>
    <motionState vehicle="1" speed="4700" time="60600" acceleration="0"/>
    <motionState vehicle="2" speed="4700" time="60600" acceleration="0"/>
    <motionState vehicle="3" speed="4700" time="60600" acceleration="0"/>
    <motionState vehicle="4" speed="4700" time="60600" acceleration="0"/>
    <motionState vehicle="0" speed="4700" time="60700" acceleration="0"/>
    <motionState vehicle="1" speed="4700" time="60700" acceleration="0"/>
    <motionState vehicle="2" speed="4700" time="60700" acceleration="0"/>
    <motionState vehicle="3" speed="4700" time="60700" acceleration="0"/>
    <motionState vehicle="4" speed="4700" time="60700" acceleration="0"/>
    <motionState vehicle="0" speed="4700" time="60800" acceleration="0"/>
    <motionState vehicle="1" speed="4700" time="60800" acceleration="0"/>
    <motionState vehicle="2" speed="4700" time="60800" acceleration="0"/>
    <motionState vehicle="3" speed="4700" time="60800" acceleration="0"/>
    <motionState vehicle="4" speed="4700" time="60800" acceleration="0"/>
    <motionState vehicle="0" speed="4700" time="60900" acceleration="0"/>
    <motionState vehicle="1" speed="4700" time="60900" acceleration="0"/>
    <motionState vehicle="2" speed="4700" time="60900" acceleration="0"/>
    <motionState vehicle="3" speed="4700" time="60900" acceleration="0"/>
    <motionState vehicle="4" speed="4700" time="60900" acceleration="0"/>
    <motionState vehicle="0" speed="4700" time="61000" acceleration="0"/>
    <motionState vehicle="1" speed="4700" time="61000" acceleration="0"/>
    <motionState vehicle="2" speed="4700" time="61000" acceleration="0"/>
    <motionState vehicle="3" speed="4700" time="61000" acceleration="0"/>
    <motionState vehicle="4" speed="4700" time="61000" acceleration="0"/>
    <motionState vehicle="0" speed="4700" time="61100" acceleration="0"/>
    <motionState vehicle="1" speed="4700" time="61100" acceleration="0"/>
    <motionState vehicle="2" speed="4700" time="61100" acceleration="0"/>
    <motionState vehicle="3" speed="4700" time="61100" acceleration="0"/>
    <motionState vehicle="4" speed="4700" time="61100" acceleration="0"/>
    <motionState vehicle="0" speed="4700" time="61200" acceleration="0"/>
    <motionState vehicle="1" speed="4700" time="61200" acceleration="0"/>
    <motionState vehicle="2" speed="4700" time="61200" acceleration="0"/>
    <motionState vehicle="3" speed="4700" time="61200" acceleration="0"/>
    <motionState vehicle="4" speed="4700" time="61200" acceleration="0"/>
    <motionState vehicle="0" speed="4700" time="61300" acceleration="0"/>
    <motionState vehicle="1" speed="4700" time="61300" acceleration="0"/>
    <motionState vehicle="2" speed="4700" time="61300" acceleration="0"/>
    <motionState vehicle="3" speed="4700" time="61300" acceleration="0"/>
    <motionState vehicle="4" speed="4700" time="61300" acceleration="0"/>
    <motionState vehicle="0" speed="4700" time="61400" acceleration="0"/>
    <motionState vehicle="1" speed="4700" time="61400" acceleration="0"/>
    <motionState vehicle="2" speed="4700" time="61400" acceleration="0"/>
    <motionState vehicle="3" speed="4700" time="61400" acceleration="0"/>
    <motionState vehicle="4" speed="4700" time="61400" acceleration="0"/>
    <motionState vehicle="0" speed="4700" time="61500" acceleration="0"/>
    <motionState vehicle="1" speed="4700" time="61500" acceleration="0"/>
    <motionState vehicle="2" speed="4700" time="61500" acceleration="0"/>
    <motionState vehicle="3" speed="4700" time="61500" acceleration="0"/>
    <motionState vehicle="4" speed="4700" time="61500" acceleration="0"/>
    <motionState vehicle="0" speed="4700" time="61600" acceleration="0"/>
    <motionState vehicle="1" speed="4700" time="61600" acceleration="0"/>
    <motionState vehicle="2" speed="4700" time="61600" acceleration="0"/>
    <motionState vehicle="3" speed="4700" time="61600" acceleration="0"/>
    <motionState vehicle="4" speed="4700" time="61600" acceleration="0"/>
    <motionState vehicle="0" speed="4700" time="61700" acceleration="0"/>
    <motionState vehicle="1" speed="4700" time="61700" acceleration="0"/>
    <motionState vehicle="2" speed="4700" time="61700" acceleration="0"/>
    <motionState vehicle="3" speed="4700" time="61700" acceleration="0"/>
    <motionState vehicle="4" speed="4700" time="61700" acceleration="0"/>
    <motionState vehicle="0" speed="4700" time="61800" acceleration="0"/>
    <motionState vehicle="1" speed="4700" time="61800" acceleration="0"/>
    <motionState vehicle="2" speed="4700" time="61800" acceleration="0"/>
    <motionState vehicle="3" speed="4700" time="61800" acceleration="0"/>
    <motionState vehicle="4" speed="4700" time="61800" acceleration="0"/>
    <motionState vehicle="0" speed="4700" time="61900" acceleration="0"/>
    <motionState vehicle="1" speed="4700" time="61900" acceleration="0"/>
    <motionState vehicle="2" speed="4700" time="61900" acceleration="0"/>
    <motionState vehicle="3" speed="4700" time="61900" acceleration="0"/>
    <motionState vehicle="4" speed="4700" time="61900" acceleration="0"/>
    <motionState vehicle="0" speed="4700" time="62000" acceleration="0"/>
    <motionState vehicle="1" speed="4700" time="62000" acceleration="0"/>
    <motionState vehicle="2" speed="4700" time="62000" acceleration="0"/>
    <motionState vehicle="3" speed="4700" time="62000" acceleration="0"/>
    <motionState vehicle="4" speed="4700" time="62000" acceleration="0"/>
    <motionState vehicle="0" speed="4700" time="62100" acceleration="0"/>
    <motionState vehicle="1" speed="4700" time="62100" acceleration="0"/>
    <motionState vehicle="2" speed="4700" time="62100" acceleration="0"/>
    <motionState vehicle="3" speed="4700" time="62100" acceleration="0"/>
    <motionState vehicle="4" speed="4700" time="62100" acceleration="0"/>
    <motionState vehicle="0" speed="4700" time="62200" acceleration="0"/>
    <motionState vehicle="1" speed="4700" time="62200" acceleration="0"/>
    <motionState vehicle="2" speed="4700" time="62200" acceleration="0"/>
    <motionState vehicle="3" speed="4700" time="62200" acceleration="0"/>
    <motionState vehicle="4" speed="4700" time="62200" acceleration="0"/>
    <motionState vehicle="0" speed="4700" time="62300" acceleration="0"/>
    <motionState vehicle="1" speed="4700" time="62300" acceleration="0"/>
    <motionState vehicle="2" speed="4700" time="62300" acceleration="0"/>
    <motionState vehicle="3" speed="4700" time="62300" acceleration="0"/>
    <motionState vehicle="4" speed="4700" time="62300" acceleration="0"/>
    <motionState vehicle="0" speed="4700" time="62400" acceleration="0"/>
    <motionState vehicle="1" speed="4700" time="62400" acceleration="0"/>
    <motionState vehicle="2" speed="4700" time="62400" acceleration="0"/>
    <motionState vehicle="3" speed="4700" time="62400" acceleration="0"/>
    <motionState vehicle="4" speed="4700" time="62400" acceleration="0"/>
    <motionState vehicle="0" speed="4700" time="62500" acceleration="0"/>
    <motionState vehicle="1" speed="4700" time="62500" acceleration="0"/>
    <motionState vehicle="2" speed="4700" time="62500" acceleration="0"/>
    <motionState vehicle="3" speed="4700" time="62500" acceleration="0"/>
    <motionState vehicle="4" speed="4700" time="62500" acceleration="0"/>
    <motionState vehicle="0" speed="4700" time="62600" acceleration="0"/>
    <motionState vehicle="1" speed="4700" time="62600" acceleration="0"/>
    <motionState vehicle="2" speed="4700" time="62600" acceleration="0"/>
    <motionState vehicle="3" speed="4700" time="62600" acceleration="0"/>
    <motionState vehicle="4" speed="4700" time="62600" acceleration="0"/>
    <motionState vehicle="0" speed="4700" time="62700" acceleration="0"/>
    <motionState vehicle="1" speed="4700" time="62700" acceleration="0"/>
    <motionState vehicle="2" speed="4700" time="62700" acceleration="0"/>
    <motionState vehicle="3" speed="4700" time="62700" acceleration="0"/>
    <motionState vehicle="4" speed="4700" time="62700" acceleration="0"/>
    <motionState vehicle="0" speed="4700" time="62800" acceleration="0"/>
    <motionState vehicle="1" speed="4700" time="62800" acceleration="0"/>
    <motionState vehicle="2" speed="4700" time="62800" acceleration="0"/>
    <motionState vehicle="3" speed="4700" time="62800" acceleration="0"/>
    <motionState vehicle="4" speed="4700" time="62800" acceleration="0"/>
    <motionState vehicle="0" speed="4700" time="62900" acceleration="0"/>
    <motionState vehicle="1" speed="4700" time="62900" acceleration="0"/>
    <motionState vehicle="2" speed="4700" time="62900" acceleration="0"/>
    <motionState vehicle="3" speed="4700" time="62900" acceleration="0"/>
    <motionState vehicle="4" speed="4700" time="62900" acceleration="0"/>
    <motionState vehicle="0" speed="4700" time="63000" acceleration="0"/>
    <motionState vehicle="1" speed="4700" time="63000" acceleration="0"/>
    <motionState vehicle="2" speed="4700" time="63000" acceleration="0"/>
    <motionState vehicle="3" speed="4700" time="63000" acceleration="0"/>
    <motionState vehicle="4" speed="4700" time="63000" acceleration="0"/>
    <motionState vehicle="0" speed="4700" time="63100" acceleration="0"/>
    <motionState vehicle="1" speed="4700" time="63100" acceleration="0"/>
    <motionState vehicle="2" speed="4700" time="63100" acceleration="0"/>
    <motionState vehicle="3" speed="4700" time="63100" acceleration="0"/>
    <motionState vehicle="4" speed="4700" time="63100" acceleration="0"/>
    <motionState vehicle="0" speed="4700" time="63200" acceleration="0"/>
    <motionState vehicle="1" speed="4700" time="63200" acceleration="0"/>
    <motionState vehicle="2" speed="4700" time="63200" acceleration="0"/>
    <motionState vehicle="3" speed="4700" time="63200" acceleration="0"/>
    <motionState vehicle="4" speed="4700" time="63200" acceleration="0"/>
    <motionState vehicle="0" speed="4700" time="63300" acceleration="0"/>
    <motionState vehicle="1" speed="4700" time="63300" acceleration="0"/>
    <motionState vehicle="2" speed="4700" time="63300" acceleration="0"/>
    <motionState vehicle="3" speed="4700" time="63300" acceleration="0"/>
    <motionState vehicle="4" speed="4700" time="63300" acceleration="0"/>
    <motionState vehicle="0" speed="4700" time="63400" acceleration="0"/>
    <motionState vehicle="1" speed="4700" time="63400" acceleration="0"/>
    <motionState vehicle="2" speed="4700" time="63400" acceleration="0"/>
    <motionState vehicle="3" speed="4700" time="63400" acceleration="0"/>
    <motionState vehicle="4" speed="4700" time="63400" acceleration="0"/>
    <motionState vehicle="0" speed="4700" time="63500" acceleration="0"/>
    <motionState vehicle="1" speed="4700" time="63500" acceleration="0"/>
    <motionState vehicle="2" speed="4700" time="63500" acceleration="0"/>
    <motionState vehicle="3" speed="4700" time="63500" acceleration="0"/>
    <motionState vehicle="4" speed="4700" time="63500" acceleration="0"/>
    <motionState vehicle="0" speed="4700" time="63600" acceleration="0"/>
    <motionState vehicle="1" speed="4700" time="63600" acceleration="0"/>
    <motionState vehicle="2" speed="4700" time="63600" acceleration="0"/>
    <motionState vehicle="3" speed="4700" time="63600" acceleration="0"/>
    <motionState vehicle="4" speed="4700" time="63600" acceleration="0"/>
    <motionState vehicle="0" speed="4700" time="63700" acceleration="0"/>
    <motionState vehicle="1" speed="4700" time="63700" acceleration="0"/>
    <motionState vehicle="2" speed="4700" time="63700" acceleration="0"/>
    <motionState vehicle="3" speed="4700" time="63700" acceleration="0"/>
    <motionState vehicle="4" speed="4700" time="63700" acceleration="0"/>
    <motionState vehicle="0" speed="4700" time="63800" acceleration="0"/>
    <motionState vehicle="1" speed="4700" time="63800" acceleration="0"/>
    <motionState vehicle="2" speed="4700" time="63800" acceleration="0"/>
    <motionState vehicle="3" speed="4700" time="63800" acceleration="0"/>
    <motionState vehicle="4" speed="4700" time="63800" acceleration="0"/>
    <motionState vehicle="0" speed="4700" time="63900" acceleration="0"/>
    <motionState vehicle="1" speed="4700" time="63900" acceleration="0"/>
    <motionState vehicle="2" speed="4700" time="63900" acceleration="0"/>
    <motionState vehicle="3" speed="4700" time="63900" acceleration="0"/>
    <motionState vehicle="4" speed="4700" time="63900" acceleration="0"/>
    <motionState vehicle="0" speed="4700" time="64000" acceleration="0"/>
    <motionState vehicle="1" speed="4700" time="64000" acceleration="0"/>
    <motionState vehicle="2" speed="4700" time="64000" acceleration="0"/>
    <motionState vehicle="3" speed="4700" time="64000" acceleration="0"/>
    <motionState vehicle="4" speed="4700" time="64000" acceleration="0"/>
    <motionState vehicle="0" speed="4700" time="64100" acceleration="0"/>
    <motionState vehicle="1" speed="4700" time="64100" acceleration="0"/>
    <motionState vehicle="2" speed="4700" time="64100" acceleration="0"/>
    <motionState vehicle="3" speed="4700" time="64100" acceleration="0"/>
    <motionState vehicle="4" speed="4700" time="64100" acceleration="0"/>
    <motionState vehicle="0" speed="4700" time="64200" acceleration="0"/>
    <motionState vehicle="1" speed="4700" time="64200" acceleration="0"/>
    <motionState vehicle="2" speed="4700" time="64200" acceleration="0"/>
    <motionState vehicle="3" speed="4700" time="64200" acceleration="0"/>
    <motionState vehicle="4" speed="4700" time="64200" acceleration="0"/>
    <motionState vehicle="0" speed="4700" time="64300" acceleration="0"/>
    <motionState vehicle="1" speed="4700" time="64300" acceleration="0"/>
    <motionState vehicle="2" speed="4700" time="64300" acceleration="0"/>
    <motionState vehicle="3" speed="4700" time="64300" acceleration="0"/>
    <motionState vehicle="4" speed="4700" time="64300" acceleration="0"/>
    <motionState vehicle="0" speed="4700" time="64400" acceleration="0"/>
    <motionState vehicle="1" speed="4700" time="64400" acceleration="0"/>
    <motionState vehicle="2" speed="4700" time="64400" acceleration="0"/>
    <motionState vehicle="3" speed="4700" time="64400" acceleration="0"/>
    <motionState vehicle="4" speed="4700" time="64400" acceleration="0"/>
    <motionState vehicle="0" speed="4700" time="64500" acceleration="0"/>
    <motionState vehicle="1" speed="4700" time="64500" acceleration="0"/>
    <motionState vehicle="2" speed="4700" time="64500" acceleration="0"/>
    <motionState vehicle="3" speed="4700" time="64500" acceleration="0"/>
    <motionState vehicle="4" speed="4700" time="64500" acceleration="0"/>
    <motionState vehicle="0" speed="4700" time="64600" acceleration="0"/>
    <motionState vehicle="1" speed="4700" time="64600" acceleration="0"/>
    <motionState vehicle="2" speed="4700" time="64600" acceleration="0"/>
    <motionState vehicle="3" speed="4700" time="64600" acceleration="0"/>
    <motionState vehicle="4" speed="4700" time="64600" acceleration="0"/>
    <motionState vehicle="0" speed="4700" time="64700" acceleration="0"/>
    <motionState vehicle="1" speed="4700" time="64700" acceleration="0"/>
    <motionState vehicle="2" speed="4700" time="64700" acceleration="0"/>
    <motionState vehicle="3" speed="4700" time="64700" acceleration="0"/>
    <motionState vehicle="4" speed="4700" time="64700" acceleration="0"/>
    <motionState vehicle="0" speed="4700" time="64800" acceleration="0"/>
    <motionState vehicle="1" speed="4700" time="64800" acceleration="0"/>
    <motionState vehicle="2" speed="4700" time="64800" acceleration="0"/>
    <motionState vehicle="3" speed="4700" time="64800" acceleration="0"/>
    <motionState vehicle="4" speed="4700" time="64800" acceleration="0"/>
    <motionState vehicle="0" speed="4700" time="64900" acceleration="0"/>
    <motionState vehicle="1" speed="4700" time="64900" acceleration="0"/>
    <motionState vehicle="2" speed="4700" time="64900" acceleration="0"/>
    <motionState vehicle="3" speed="4700" time="64900" acceleration="0"/>
    <motionState vehicle="4" speed="4700" time="64900" acceleration="0"/>
    <motionState vehicle="0" speed="4700" time="65000" acceleration="0"/>
    <motionState vehicle="1" speed="4700" time="65000" acceleration="0"/>
    <motionState vehicle="2" speed="4700" time="65000" acceleration="0"/>
    <motionState vehicle="3" speed="4700" time="65000" acceleration="0"/>
    <motionState vehicle="4" speed="4700" time="65000" acceleration="0"/>
    <motionState vehicle="0" speed="4700" time="65100" acceleration="0"/>
    <motionState vehicle="1" speed="4700" time="65100" acceleration="0"/>
    <motionState vehicle="2" speed="4700" time="65100" acceleration="0"/>
    <motionState vehicle="3" speed="4700" time="65100" acceleration="0"/>
    <motionState vehicle="4" speed="4700" time="65100" acceleration="0"/>
    <motionState vehicle="0" speed="4700" time="65200" acceleration="0"/>
    <motionState vehicle="1" speed="4700" time="65200" acceleration="0"/>
    <motionState vehicle="2" speed="4700" time="65200" acceleration="0"/>
    <motionState vehicle="3" speed="4700" time="65200" acceleration="0"/>
    <motionState vehicle="4" speed="4700" time="65200" acceleration="0"/>
    <motionState vehicle="0" speed="4700" time="65300" acceleration="0"/>
    <motionState vehicle="1" speed="4700" time="65300" acceleration="0"/>
    <motionState vehicle="2" speed="4700" time="65300" acceleration="0"/>
    <motionState vehicle="3" speed="4700" time="65300" acceleration="0"/>
    <motionState vehicle="4" speed="4700" time="65300" acceleration="0"/>
    <motionState vehicle="0" speed="4700" time="65400" acceleration="0"/>
    <motionState vehicle="1" speed="4700" time="65400" acceleration="0"/>
    <motionState vehicle="2" speed="4700" time="65400" acceleration="0"/>
    <motionState vehicle="3" speed="4700" time="65400" acceleration="0"/>
    <motionState vehicle="4" speed="4700" time="65400" acceleration="0"/>
    <motionState vehicle="0" speed="4700" time="65500" acceleration="0"/>
    <motionState vehicle="1" speed="4700" time="65500" acceleration="0"/>
    <motionState vehicle="2" speed="4700" time="65500" acceleration="0"/>
    <motionState vehicle="3" speed="4700" time="65500" acceleration="0"/>
    <motionState vehicle="4" speed="4700" time="65500" acceleration="0"/>
    <motionState vehicle="0" speed="4700" time="65600" acceleration="0"/>
    <motionState vehicle="1" speed="4700" time="65600" acceleration="0"/>
    <motionState vehicle="2" speed="4700" time="65600" acceleration="0"/>
    <motionState vehicle="3" speed="4700" time="65600" acceleration="0"/>
    <motionState vehicle="4" speed="4700" time="65600" acceleration="0"/>
    <motionState vehicle="0" speed="4700" time="65700" acceleration="0"/>
    <motionState vehicle="1" speed="4700" time="65700" acceleration="0"/>
    <motionState vehicle="2" speed="4700" time="65700" acceleration="0"/>
    <motionState vehicle="3" speed="4700" time="65700" acceleration="0"/>
    <motionState vehicle="4" speed="4700" time="65700" acceleration="0"/>
    <motionState vehicle="0" speed="4700" time="65800" acceleration="0"/>
    <motionState vehicle="1" speed="4700" time="65800" acceleration="0"/>
    <motionState vehicle="2" speed="4700" time="65800" acceleration="0"/>
    <motionState vehicle="3" speed="4700" time="65800" acceleration="0"/>
    <motionState vehicle="4" speed="4700" time="65800" acceleration="0"/>
    <motionState vehicle="0" speed="4700" time="65900" acceleration="0"/>
    <motionState vehicle="1" speed="4700" time="65900" acceleration="0"/>
    <motionState vehicle="2" speed="4700" time="65900" acceleration="0"/>
    <motionState vehicle="3" speed="4700" time="65900" acceleration="0"/>
    <motionState vehicle="4" speed="4700" time="65900" acceleration="0"/>
    <motionState vehicle="0" speed="4700" time="66000" acceleration="0"/>
    <motionState vehicle="1" speed="4700" time="66000" acceleration="0"/>
    <motionState vehicle="2" speed="4700" time="66000" acceleration="0"/>
    <motionState vehicle="3" speed="4700" time="66000" acceleration="0"/>
    <motionState vehicle="4" speed="4700" time="66000" acceleration="0"/>
    <motionState vehicle="0" speed="4700" time="66100" acceleration="0"/>
    <motionState vehicle="1" speed="4700" time="66100" acceleration="0"/>
    <motionState vehicle="2" speed="4700" time="66100" acceleration="0"/>
    <motionState vehicle="3" speed="4700" time="66100" acceleration="0"/>
    <motionState vehicle="4" speed="4700" time="66100" acceleration="0"/>
    <motionState vehicle="0" speed="4700" time="66200" acceleration="0"/>
    <motionState vehicle="1" speed="4700" time="66200" acceleration="0"/>
    <motionState vehicle="2" speed="4700" time="66200" acceleration="0"/>
    <motionState vehicle="3" speed="4700" time="66200" acceleration="0"/>
    <motionState vehicle="4" speed="4700" time="66200" acceleration="0"/>
    <motionState vehicle="0" speed="4700" time="66300" acceleration="0"/>
    <motionState vehicle="1" speed="4700" time="66300" acceleration="0"/>
    <motionState vehicle="2" speed="4700" time="66300" acceleration="0"/>
    <motionState vehicle="3" speed="4700" time="66300" acceleration="0"/>
    <motionState vehicle="4" speed="4700" time="66300" acceleration="0"/>
    <motionState vehicle="0" speed="4700" time="66400" acceleration="0"/>
    <motionState vehicle="1" speed="4700" time="66400" acceleration="0"/>
    <motionState vehicle="2" speed="4700" time="66400" acceleration="0"/>
    <motionState vehicle="3" speed="4700" time="66400" acceleration="0"/>
    <motionState vehicle="4" speed="4700" time="66400" acceleration="0"/>
    <motionState vehicle="0" speed="4700" time="66500" acceleration="0"/>
    <motionState vehicle="1" speed="4700" time="66500" acceleration="0"/>
    <motionState vehicle="2" speed="4700" time="66500" acceleration="0"/>
    <motionState vehicle="3" speed="4700" time="66500" acceleration="0"/>
    <motionState vehicle="4" speed="4700" time="66500" acceleration="0"/>
    <motionState vehicle="0" speed="4700" time="66600" acceleration="0"/>
    <motionState vehicle="1" speed="4700" time="66600" acceleration="0"/>
    <motionState vehicle="2" speed="4700" time="66600" acceleration="0"/>
    <motionState vehicle="3" speed="4700" time="66600" acceleration="0"/>
    <motionState vehicle="4" speed="4700" time="66600" acceleration="0"/>
    <motionState vehicle="0" speed="4700" time="66700" acceleration="0"/>
    <motionState vehicle="1" speed="4700" time="66700" acceleration="0"/>
    <motionState vehicle="2" speed="4700" time="66700" acceleration="0"/>
    <motionState vehicle="3" speed="4700" time="66700" acceleration="0"/>
    <motionState vehicle="4" speed="4700" time="66700" acceleration="0"/>
    <motionState vehicle="0" speed="4700" time="66800" acceleration="0"/>
    <motionState vehicle="1" speed="4700" time="66800" acceleration="0"/>
    <motionState vehicle="2" speed="4700" time="66800" acceleration="0"/>
    <motionState vehicle="3" speed="4700" time="66800" acceleration="0"/>
    <motionState vehicle="4" speed="4700" time="66800" acceleration="0"/>
    <motionState vehicle="0" speed="4700" time="66900" acceleration="0"/>
    <motionState vehicle="1" speed="4700" time="66900" acceleration="0"/>
    <motionState vehicle="2" speed="4700" time="66900" acceleration="0"/>
    <motionState vehicle="3" speed="4700" time="66900" acceleration="0"/>
    <motionState vehicle="4" speed="4700" time="66900" acceleration="0"/>
    <motionState vehicle="0" speed="4700" time="67000" acceleration="0"/>
    <motionState vehicle="1" speed="4700" time="67000" acceleration="0"/>
    <motionState vehicle="2" speed="4700" time="67000" acceleration="0"/>
    <motionState vehicle="3" speed="4700" time="67000" acceleration="0"/>
    <motionState vehicle="4" speed="4700" time="67000" acceleration="0"/>
    <motionState vehicle="0" speed="4700" time="67100" acceleration="0"/>
    <motionState vehicle="1" speed="4700" time="67100" acceleration="0"/>
    <motionState vehicle="2" speed="4700" time="67100" acceleration="0"/>
    <motionState vehicle="3" speed="4700" time="67100" acceleration="0"/>
    <motionState vehicle="4" speed="4700" time="67100" acceleration="0"/>
    <motionState vehicle="0" speed="4700" time="67200" acceleration="0"/>
    <motionState vehicle="1" speed="4700" time="67200" acceleration="0"/>
    <motionState vehicle="2" speed="4700" time="67200" acceleration="0"/>
    <motionState vehicle="3" speed="4700" time="67200" acceleration="0"/>
    <motionState vehicle="4" speed="4700" time="67200" acceleration="0"/>
    <motionState vehicle="0" speed="4700" time="67300" acceleration="0"/>
    <motionState vehicle="1" speed="4700" time="67300" acceleration="0"/>
    <motionState vehicle="2" speed="4700" time="67300" acceleration="0"/>
    <motionState vehicle="3" speed="4700" time="67300" acceleration="0"/>
    <motionState vehicle="4" speed="4700" time="67300" acceleration="0"/>
    <motionState vehicle="0" speed="4700" time="67400" acceleration="0"/>
    <motionState vehicle="1" speed="4700" time="67400" acceleration="0"/>
    <motionState vehicle="2" speed="4700" time="67400" acceleration="0"/>
    <motionState vehicle="3" speed="4700" time="67400" acceleration="0"/>
    <motionState vehicle="4" speed="4700" time="67400" acceleration="0"/>
    <motionState vehicle="0" speed="4700" time="67500" acceleration="0"/>
    <motionState vehicle="1" speed="4700" time="67500" acceleration="0"/>
    <motionState vehicle="2" speed="4700" time="67500" acceleration="0"/>
    <motionState vehicle="3" speed="4700" time="67500" acceleration="0"/>
    <motionState vehicle="4" speed="4700" time="67500" acceleration="0"/>
    <motionState vehicle="0" speed="4700" time="67600" acceleration="0"/>
    <motionState vehicle="1" speed="4700" time="67600" acceleration="0"/>
    <motionState vehicle="2" speed="4700" time="67600" acceleration="0"/>
    <motionState vehicle="3" speed="4700" time="67600" acceleration="0"/>
    <motionState vehicle="4" speed="4700" time="67600" acceleration="0"/>
    <motionState vehicle="0" speed="4700" time="67700" acceleration="0"/>
    <motionState vehicle="1" speed="4700" time="67700" acceleration="0"/>
    <motionState vehicle="2" speed="4700" time="67700" acceleration="0"/>
    <motionState vehicle="3" speed="4700" time="67700" acceleration="0"/>
    <motionState vehicle="4" speed="4700" time="67700" acceleration="0"/>
    <motionState vehicle="0" speed="4700" time="67800" acceleration="0"/>
    <motionState vehicle="1" speed="4700" time="67800" acceleration="0"/>
    <motionState vehicle="2" speed="4700" time="67800" acceleration="0"/>
    <motionState vehicle="3" speed="4700" time="67800" acceleration="0"/>
    <motionState vehicle="4" speed="4700" time="67800" acceleration="0"/>
    <motionState vehicle="0" speed="4700" time="67900" acceleration="0"/>
    <motionState vehicle="1" speed="4700" time="67900" acceleration="0"/>
    <motionState vehicle="2" speed="4700" time="67900" acceleration="0"/>
    <motionState vehicle="3" speed="4700" time="67900" acceleration="0"/>
    <motionState vehicle="4" speed="4700" time="67900" acceleration="0"/>
    <motionState vehicle="0" speed="4700" time="68000" acceleration="0"/>
    <motionState vehicle="1" speed="4700" time="68000" acceleration="0"/>
    <motionState vehicle="2" speed="4700" time="68000" acceleration="0"/>
    <motionState vehicle="3" speed="4700" time="68000" acceleration="0"/>
    <motionState vehicle="4" speed="4700" time="68000" acceleration="0"/>
    <motionState vehicle="0" speed="4700" time="68100" acceleration="0"/>
    <motionState vehicle="1" speed="4700" time="68100" acceleration="0"/>
    <motionState vehicle="2" speed="4700" time="68100" acceleration="0"/>
    <motionState vehicle="3" speed="4700" time="68100" acceleration="0"/>
    <motionState vehicle="4" speed="4700" time="68100" acceleration="0"/>
    <motionState vehicle="0" speed="4700" time="68200" acceleration="0"/>
    <motionState vehicle="1" speed="4700" time="68200" acceleration="0"/>
    <motionState vehicle="2" speed="4700" time="68200" acceleration="0"/>
    <motionState vehicle="3" speed="4700" time="68200" acceleration="0"/>
    <motionState vehicle="4" speed="4700" time="68200" acceleration="0"/>
    <motionState vehicle="0" speed="4700" time="68300" acceleration="0"/>
    <motionState vehicle="1" speed="4700" time="68300" acceleration="0"/>
    <motionState vehicle="2" speed="4700" time="68300" acceleration="0"/>
    <motionState vehicle="3" speed="4700" time="68300" acceleration="0"/>
    <motionState vehicle="4" speed="4700" time="68300" acceleration="0"/>
    <motionState vehicle="0" speed="4700" time="68400" acceleration="0"/>
    <motionState vehicle="1" speed="4700" time="68400" acceleration="0"/>
    <motionState vehicle="2" speed="4700" time="68400" acceleration="0"/>
    <motionState vehicle="3" speed="4700" time="68400" acceleration="0"/>
    <motionState vehicle="4" speed="4700" time="68400" acceleration="0"/>
    <motionState vehicle="0" speed="4700" time="68500" acceleration="0"/>
    <motionState vehicle="1" speed="4700" time="68500" acceleration="0"/>
    <motionState vehicle="2" speed="4700" time="68500" acceleration="0"/>
    <motionState vehicle="3" speed="4700" time="68500" acceleration="0"/>
    <motionState vehicle="4" speed="4700" time="68500" acceleration="0"/>
    <motionState vehicle="0" speed="4700" time="68600" acceleration="0"/>
    <motionState vehicle="1" speed="4700" time="68600" acceleration="0"/>
    <motionState vehicle="2" speed="4700" time="68600" acceleration="0"/>
    <motionState vehicle="3" speed="4700" time="68600" acceleration="0"/>
    <motionState vehicle="4" speed="4700" time="68600" acceleration="0"/>
    <motionState vehicle="0" speed="4700" time="68700" acceleration="0"/>
    <motionState vehicle="1" speed="4700" time="68700" acceleration="0"/>
    <motionState vehicle="2" speed="4700" time="68700" acceleration="0"/>
    <motionState vehicle="3" speed="4700" time="68700" acceleration="0"/>
    <motionState vehicle="4" speed="4700" time="68700" acceleration="0"/>
    <motionState vehicle="0" speed="4700" time="68800" acceleration="0"/>
    <motionState vehicle="1" speed="4700" time="68800" acceleration="0"/>
    <motionState vehicle="2" speed="4700" time="68800" acceleration="0"/>
    <motionState vehicle="3" speed="4700" time="68800" acceleration="0"/>
    <motionState vehicle="4" speed="4700" time="68800" acceleration="0"/>
    <motionState vehicle="0" speed="4700" time="68900" acceleration="0"/>
    <motionState vehicle="1" speed="4700" time="68900" acceleration="0"/>
    <motionState vehicle="2" speed="4700" time="68900" acceleration="0"/>
    <motionState vehicle="3" speed="4700" time="68900" acceleration="0"/>
    <motionState vehicle="4" speed="4700" time="68900" acceleration="0"/>
    <motionState vehicle="0" speed="4700" time="69000" acceleration="0"/>
    <motionState vehicle="1" speed="4700" time="69000" acceleration="0"/>
    <motionState vehicle="2" speed="4700" time="69000" acceleration="0"/>
    <motionState vehicle="3" speed="4700" time="69000" acceleration="0"/>
    <motionState vehicle="4" speed="4700" time="69000" acceleration="0"/>
    <motionState vehicle="0" speed="4700" time="69100" acceleration="0"/>
    <motionState vehicle="1" speed="4700" time="69100" acceleration="0"/>
    <motionState vehicle="2" speed="4700" time="69100" acceleration="0"/>
    <motionState vehicle="3" speed="4700" time="69100" acceleration="0"/>
    <motionState vehicle="4" speed="4700" time="69100" acceleration="0"/>
    <motionState vehicle="0" speed="4700" time="69200" acceleration="0"/>
    <motionState vehicle="1" speed="4700" time="69200" acceleration="0"/>
    <motionState vehicle="2" speed="4700" time="69200" acceleration="0"/>
    <motionState vehicle="3" speed="4700" time="69200" acceleration="0"/>
    <motionState vehicle="4" speed="4700" time="69200" acceleration="0"/>
    <motionState vehicle="0" speed="4700" time="69300" acceleration="0"/>
    <motionState vehicle="1" speed="4700" time="69300" acceleration="0"/>
    <motionState vehicle="2" speed="4700" time="69300" acceleration="0"/>
    <motionState vehicle="3" speed="4700" time="69300" acceleration="0"/>
    <motionState vehicle="4" speed="4700" time="69300" acceleration="0"/>
    <motionState vehicle="0" speed="4700" time="69400" acceleration="0"/>
    <motionState vehicle="1" speed="4700" time="69400" acceleration="0"/>
    <motionState vehicle="2" speed="4700" time="69400" acceleration="0"/>
    <motionState vehicle="3" speed="4700" time="69400" acceleration="0"/>
    <motionState vehicle="4" speed="4700" time="69400" acceleration="0"/>
    <motionState vehicle="0" speed="4700" time="69500" acceleration="0"/>
    <motionState vehicle="1" speed="4700" time="69500" acceleration="0"/>
    <motionState vehicle="2" speed="4700" time="69500" acceleration="0"/>
    <motionState vehicle="3" speed="4700" time="69500" acceleration="0"/>
    <motionState vehicle="4" speed="4700" time="69500" acceleration="0"/>
    <motionState vehicle="0" speed="4700" time="69600" acceleration="0"/>
    <motionState vehicle="1" speed="4700" time="69600" acceleration="0"/>
    <motionState vehicle="2" speed="4700" time="69600" acceleration="0"/>
    <motionState vehicle="3" speed="4700" time="69600" acceleration="0"/>
    <motionState vehicle="4" speed="4700" time="69600" acceleration="0"/>
    <motionState vehicle="0" speed="4700" time="69700" acceleration="0"/>
    <motionState vehicle="1" speed="4700" time="69700" acceleration="0"/>
    <motionState vehicle="2" speed="4700" time="69700" acceleration="0"/>
    <motionState vehicle="3" speed="4700" time="69700" acceleration="0"/>
    <motionState vehicle="4" speed="4700" time="69700" acceleration="0"/>
    <motionState vehicle="0" speed="4700" time="69800" acceleration="0"/>
    <motionState vehicle="1" speed="4700" time="69800" acceleration="0"/>
    <motionState vehicle="2" speed="4700" time="69800" acceleration="0"/>
    <motionState vehicle="3" speed="4700" time="69800" acceleration="0"/>
    <motionState vehicle="4" speed="4700" time="69800" acceleration="0"/>
    <motionState vehicle="0" speed="4700" time="69900" acceleration="0"/>
    <motionState vehicle="1" speed="4700" time="69900" acceleration="0"/>
    <motionState vehicle="2" speed="4700" time="69900" acceleration="0"/>
    <motionState vehicle="3" speed="4700" time="69900" acceleration="0"/>
    <motionState vehicle="4" speed="4700" time="69900" acceleration="0"/>
    <motionState vehicle="0" speed="4700" time="70000" acceleration="0"/>
    <motionState vehicle="1" speed="4700" time="70000" acceleration="0"/>
    <motionState vehicle="2" speed="4700" time="70000" acceleration="0"/>
    <motionState vehicle="3" speed="4700" time="70000" acceleration="0"/>
    <motionState vehicle="4" speed="4700" time="70000" acceleration="0"/>
    <motionState vehicle="0" speed="4700" time="70100" acceleration="0"/>
    <motionState vehicle="1" speed="4700" time="70100" acceleration="0"/>
    <motionState vehicle="2" speed="4700" time="70100" acceleration="0"/>
    <motionState vehicle="3" speed="4700" time="70100" acceleration="0"/>
    <motionState vehicle="4" speed="4700" time="70100" acceleration="0"/>
    <motionState vehicle="0" speed="4700" time="70200" acceleration="0"/>
    <motionState vehicle="1" speed="4700" time="70200" acceleration="0"/>
    <motionState vehicle="2" speed="4700" time="70200" acceleration="0"/>
    <motionState vehicle="3" speed="4700" time="70200" acceleration="0"/>
    <motionState vehicle="4" speed="4700" time="70200" acceleration="0"/>
    <motionState vehicle="0" speed="4700" time="70300" acceleration="0"/>
    <motionState vehicle="1" speed="4700" time="70300" acceleration="0"/>
    <motionState vehicle="2" speed="4700" time="70300" acceleration="0"/>
    <motionState vehicle="3" speed="4700" time="70300" acceleration="0"/>
    <motionState vehicle="4" speed="4700" time="70300" acceleration="0"/>
    <motionState vehicle="0" speed="4700" time="70400" acceleration="0"/>
    <motionState vehicle="1" speed="4700" time="70400" acceleration="0"/>
    <motionState vehicle="2" speed="4700" time="70400" acceleration="0"/>
    <motionState vehicle="3" speed="4700" time="70400" acceleration="0"/>
    <motionState vehicle="4" speed="4700" time="70400" acceleration="0"/>
    <motionState vehicle="0" speed="4700" time="70500" acceleration="0"/>
    <motionState vehicle="1" speed="4700" time="70500" acceleration="0"/>
    <motionState vehicle="2" speed="4700" time="70500" acceleration="0"/>
    <motionState vehicle="3" speed="4700" time="70500" acceleration="0"/>
    <motionState vehicle="4" speed="4700" time="70500" acceleration="0"/>
    <motionState vehicle="0" speed="4700" time="70600" acceleration="0"/>
    <motionState vehicle="1" speed="4700" time="70600" acceleration="0"/>
    <motionState vehicle="2" speed="4700" time="70600" acceleration="0"/>
    <motionState vehicle="3" speed="4700" time="70600" acceleration="0"/>
    <motionState vehicle="4" speed="4700" time="70600" acceleration="0"/>
    <motionState vehicle="0" speed="4700" time="70700" acceleration="0"/>
    <motionState vehicle="1" speed="4700" time="70700" acceleration="0"/>
    <motionState vehicle="2" speed="4700" time="70700" acceleration="0"/>
    <motionState vehicle="3" speed="4700" time="70700" acceleration="0"/>
    <motionState vehicle="4" speed="4700" time="70700" acceleration="0"/>
    <motionState vehicle="0" speed="4700" time="70800" acceleration="0"/>
    <motionState vehicle="1" speed="4700" time="70800" acceleration="0"/>
    <motionState vehicle="2" speed="4700" time="70800" acceleration="0"/>
    <motionState vehicle="3" speed="4700" time="70800" acceleration="0"/>
    <motionState vehicle="4" speed="4700" time="70800" acceleration="0"/>
    <motionState vehicle="0" speed="4700" time="70900" acceleration="0"/>
    <motionState vehicle="1" speed="4700" time="70900" acceleration="0"/>
    <motionState vehicle="2" speed="4700" time="70900" acceleration="0"/>
    <motionState vehicle="3" speed="4700" time="70900" acceleration="0"/>
    <motionState vehicle="4" speed="4700" time="70900" acceleration="0"/>
    <motionState vehicle="0" speed="4700" time="71000" acceleration="0"/>
    <motionState vehicle="1" speed="4700" time="71000" acceleration="0"/>
    <motionState vehicle="2" speed="4700" time="71000" acceleration="0"/>
    <motionState vehicle="3" speed="4700" time="71000" acceleration="0"/>
    <motionState vehicle="4" speed="4700" time="71000" acceleration="0"/>
    <motionState vehicle="0" speed="4700" time="71100" acceleration="0"/>
    <motionState vehicle="1" speed="4700" time="71100" acceleration="0"/>
    <motionState vehicle="2" speed="4700" time="71100" acceleration="0"/>
    <motionState vehicle="3" speed="4700" time="71100" acceleration="0"/>
    <motionState vehicle="4" speed="4700" time="71100" acceleration="0"/>
    <motionState vehicle="0" speed="4700" time="71200" acceleration="0"/>
    <motionState vehicle="1" speed="4700" time="71200" acceleration="0"/>
    <motionState vehicle="2" speed="4700" time="71200" acceleration="0"/>
    <motionState vehicle="3" speed="4700" time="71200" acceleration="0"/>
    <motionState vehicle="4" speed="4700" time="71200" acceleration="0"/>
    <motionState vehicle="0" speed="4700" time="71300" acceleration="0"/>
    <motionState vehicle="1" speed="4700" time="71300" acceleration="0"/>
    <motionState vehicle="2" speed="4700" time="71300" acceleration="0"/>
    <motionState vehicle="3" speed="4700" time="71300" acceleration="0"/>
    <motionState vehicle="4" speed="4700" time="71300" acceleration="0"/>
    <motionState vehicle="0" speed="4700" time="71400" acceleration="0"/>
    <motionState vehicle="1" speed="4700" time="71400" acceleration="0"/>
    <motionState vehicle="2" speed="4700" time="71400" acceleration="0"/>
    <motionState vehicle="3" speed="4700" time="71400" acceleration="0"/>
    <motionState vehicle="4" speed="4700" time="71400" acceleration="0"/>
    <motionState vehicle="0" speed="4700" time="71500" acceleration="0"/>
    <motionState vehicle="1" speed="4700" time="71500" acceleration="0"/>
    <motionState vehicle="2" speed="4700" time="71500" acceleration="0"/>
    <motionState vehicle="3" speed="4700" time="71500" acceleration="0"/>
    <motionState vehicle="4" speed="4700" time="71500" acceleration="0"/>
    <motionState vehicle="0" speed="4700" ti