<?xml version="1.0" encoding="UTF-8"?>

<!-- generated on Wed Feb  1 11:41:00 2017 by SUMO gui Version 0.27.1
<?xml version="1.0" encoding="UTF-8"?>

<configuration xmlns:xsi="http://www.w3.org/2001/XMLSchema-instance" xsi:noNamespaceSchemaLocation="http://sumo.dlr.de/xsd/sumo-gui.exeConfiguration.xsd">

    <input>
        <net-file value="debug/cfg/test-exp-400m1l.net.xml"/>
        <route-files value="debug/cfg/test-exp-400m1l.rou.xml"/>
        <additional-files value="debug/cfg/test-exp-400m1l.add.xml"/>
    </input>

    <output>
        <netstate-dump value="debug/cfg/data/test-exp-400m1l.netstate.xml"/>
        <emission-output value="debug/cfg/data/test-exp-400m1l.emission.xml"/>
        <amitran-output value="debug/cfg/data/test-exp-400m1l.amitran.xml"/>
        <lanechange-output value="debug/cfg/data/test-exp-400m1l.lanechange.xml"/>
    </output>

    <time>
        <begin value="0"/>
        <end value="3000"/>
        <step-length value="0.1"/>
    </time>

    <traci_server>
        <remote-port value="8873"/>
    </traci_server>

    <gui_only>
        <gui-settings-file value="debug/cfg/test-exp-400m1l.gui.cfg"/>
    </gui_only>

</configuration>
-->

<trajectories xmlns:xsi="http://www.w3.org/2001/XMLSchema-instance" xsi:noNamespaceSchemaLocation="http://sumo.dlr.de/xsd/amitran/trajectories.xsd" timeStepSize="100">
    <actorConfig id="2" vehicleClass="Passenger" fuel="Gasoline" emissionClass="Euro0" ref="rl"/>
    <vehicle id="0" actorConfig="2" startTime="0" ref="rlbottom.0"/>
    <motionState vehicle="0" speed="0" time="0" acceleration="0"/>
    <vehicle id="1" actorConfig="2" startTime="0" ref="rlleft.0"/>
    <motionState vehicle="1" speed="0" time="0" acceleration="0"/>
    <vehicle id="2" actorConfig="2" startTime="0" ref="rlright.0"/>
    <motionState vehicle="2" speed="0" time="0" acceleration="0"/>
    <vehicle id="3" actorConfig="2" startTime="0" ref="rltop.0"/>
    <motionState vehicle="3" speed="0" time="0" acceleration="0"/>
    <motionState vehicle="0" speed="1000" time="100" acceleration="100000"/>
    <motionState vehicle="1" speed="1000" time="100" acceleration="100000"/>
    <motionState vehicle="2" speed="1000" time="100" acceleration="100000"/>
    <motionState vehicle="3" speed="1000" time="100" acceleration="100000"/>
    <motionState vehicle="0" speed="1000" time="200" acceleration="0"/>
    <motionState vehicle="1" speed="1000" time="200" acceleration="0"/>
    <motionState vehicle="2" speed="1000" time="200" acceleration="0"/>
    <motionState vehicle="3" speed="1000" time="200" acceleration="0"/>
    <motionState vehicle="0" speed="1000" time="300" acceleration="0"/>
    <motionState vehicle="1" speed="1000" time="300" acceleration="0"/>
    <motionState vehicle="2" speed="1000" time="300" acceleration="0"/>
    <motionState vehicle="3" speed="1000" time="300" acceleration="0"/>
    <motionState vehicle="0" speed="1000" time="400" acceleration="0"/>
    <motionState vehicle="1" speed="1000" time="400" acceleration="0"/>
    <motionState vehicle="2" speed="1000" time="400" acceleration="0"/>
    <motionState vehicle="3" speed="1000" time="400" acceleration="0"/>
    <motionState vehicle="0" speed="1000" time="500" acceleration="0"/>
    <motionState vehicle="1" speed="1000" time="500" acceleration="0"/>
    <motionState vehicle="2" speed="1000" time="500" acceleration="0"/>
    <motionState vehicle="3" speed="1000" time="500" acceleration="0"/>
    <motionState vehicle="0" speed="1000" time="600" acceleration="0"/>
    <motionState vehicle="1" speed="1000" time="600" acceleration="0"/>
    <motionState vehicle="2" speed="1000" time="600" acceleration="0"/>
    <motionState vehicle="3" speed="1000" time="600" acceleration="0"/>
    <motionState vehicle="0" speed="1000" time="700" acceleration="0"/>
    <motionState vehicle="1" speed="1000" time="700" acceleration="0"/>
    <motionState vehicle="2" speed="1000" time="700" acceleration="0"/>
    <motionState vehicle="3" speed="1000" time="700" acceleration="0"/>
    <motionState vehicle="0" speed="1000" time="800" acceleration="0"/>
    <motionState vehicle="1" speed="1000" time="800" acceleration="0"/>
    <motionState vehicle="2" speed="1000" time="800" acceleration="0"/>
    <motionState vehicle="3" speed="1000" time="800" acceleration="0"/>
    <motionState vehicle="0" speed="1000" time="900" acceleration="0"/>
    <motionState vehicle="1" speed="1000" time="900" acceleration="0"/>
    <motionState vehicle="2" speed="1000" time="900" acceleration="0"/>
    <motionState vehicle="3" speed="1000" time="900" acceleration="0"/>
    <motionState vehicle="0" speed="1000" time="1000" acceleration="0"/>
    <vehicle id="4" actorConfig="2" startTime="1000" ref="rlbottom.1"/>
    <motionState vehicle="4" speed="0" time="1000" acceleration="0"/>
    <motionState vehicle="1" speed="1000" time="1000" acceleration="0"/>
    <vehicle id="5" actorConfig="2" startTime="1000" ref="rlleft.1"/>
    <motionState vehicle="5" speed="0" time="1000" acceleration="0"/>
    <motionState vehicle="2" speed="1000" time="1000" acceleration="0"/>
    <vehicle id="6" actorConfig="2" startTime="1000" ref="rlright.1"/>
    <motionState vehicle="6" speed="0" time="1000" acceleration="0"/>
    <motionState vehicle="3" speed="1000" time="1000" acceleration="0"/>
    <vehicle id="7" actorConfig="2" startTime="1000" ref="rltop.1"/>
    <motionState vehicle="7" speed="0" time="1000" acceleration="0"/>
    <motionState vehicle="0" speed="1000" time="1100" acceleration="0"/>
    <motionState vehicle="4" speed="1000" time="1100" acceleration="100000"/>
    <motionState vehicle="1" speed="1000" time="1100" acceleration="0"/>
    <motionState vehicle="5" speed="1000" time="1100" acceleration="100000"/>
    <motionState vehicle="2" speed="1000" time="1100" acceleration="0"/>
    <motionState vehicle="6" speed="1000" time="1100" acceleration="100000"/>
    <motionState vehicle="3" speed="1000" time="1100" acceleration="0"/>
    <motionState vehicle="7" speed="1000" time="1100" acceleration="100000"/>
    <motionState vehicle="0" speed="1000" time="1200" acceleration="0"/>
    <motionState vehicle="4" speed="1000" time="1200" acceleration="0"/>
    <motionState vehicle="1" speed="1000" time="1200" acceleration="0"/>
    <motionState vehicle="5" speed="1000" time="1200" acceleration="0"/>
    <motionState vehicle="2" speed="1000" time="1200" acceleration="0"/>
    <motionState vehicle="6" speed="1000" time="1200" acceleration="0"/>
    <motionState vehicle="3" speed="1000" time="1200" acceleration="0"/>
    <motionState vehicle="7" speed="1000" time="1200" acceleration="0"/>
    <motionState vehicle="0" speed="1000" time="1300" acceleration="0"/>
    <motionState vehicle="4" speed="1000" time="1300" acceleration="0"/>
    <motionState vehicle="1" speed="1000" time="1300" acceleration="0"/>
    <motionState vehicle="5" speed="1000" time="1300" acceleration="0"/>
    <motionState vehicle="2" speed="1000" time="1300" acceleration="0"/>
    <motionState vehicle="6" speed="1000" time="1300" acceleration="0"/>
    <motionState vehicle="3" speed="1000" time="1300" acceleration="0"/>
    <motionState vehicle="7" speed="1000" time="1300" acceleration="0"/>
    <motionState vehicle="0" speed="1000" time="1400" acceleration="0"/>
    <motionState vehicle="4" speed="1000" time="1400" acceleration="0"/>
    <motionState vehicle="1" speed="1000" time="1400" acceleration="0"/>
    <motionState vehicle="5" speed="1000" time="1400" acceleration="0"/>
    <motionState vehicle="2" speed="1000" time="1400" acceleration="0"/>
    <motionState vehicle="6" speed="1000" time="1400" acceleration="0"/>
    <motionState vehicle="3" speed="1000" time="1400" acceleration="0"/>
    <motionState vehicle="7" speed="1000" time="1400" acceleration="0"/>
    <motionState vehicle="0" speed="1000" time="1500" acceleration="0"/>
    <motionState vehicle="4" speed="1000" time="1500" acceleration="0"/>
    <motionState vehicle="1" speed="1000" time="1500" acceleration="0"/>
    <motionState vehicle="5" speed="1000" time="1500" acceleration="0"/>
    <motionState vehicle="2" speed="1000" time="1500" acceleration="0"/>
    <motionState vehicle="6" speed="1000" time="1500" acceleration="0"/>
    <motionState vehicle="3" speed="1000" time="1500" acceleration="0"/>
    <motionState vehicle="7" speed="1000" time="1500" acceleration="0"/>
    <motionState vehicle="0" speed="1000" time="1600" acceleration="0"/>
    <motionState vehicle="4" speed="1000" time="1600" acceleration="0"/>
    <motionState vehicle="1" speed="1000" time="1600" acceleration="0"/>
    <motionState vehicle="5" speed="1000" time="1600" acceleration="0"/>
    <motionState vehicle="2" speed="1000" time="1600" acceleration="0"/>
    <motionState vehicle="6" speed="1000" time="1600" acceleration="0"/>
    <motionState vehicle="3" speed="1000" time="1600" acceleration="0"/>
    <motionState vehicle="7" speed="1000" time="1600" acceleration="0"/>
    <motionState vehicle="0" speed="1000" time="1700" acceleration="0"/>
    <motionState vehicle="4" speed="1000" time="1700" acceleration="0"/>
    <motionState vehicle="1" speed="1000" time="1700" acceleration="0"/>
    <motionState vehicle="5" speed="1000" time="1700" acceleration="0"/>
    <motionState vehicle="2" speed="1000" time="1700" acceleration="0"/>
    <motionState vehicle="6" speed="1000" time="1700" acceleration="0"/>
    <motionState vehicle="3" speed="1000" time="1700" acceleration="0"/>
    <motionState vehicle="7" speed="1000" time="1700" acceleration="0"/>
    <motionState vehicle="0" speed="1000" time="1800" acceleration="0"/>
    <motionState vehicle="4" speed="1000" time="1800" acceleration="0"/>
    <motionState vehicle="1" speed="1000" time="1800" acceleration="0"/>
    <motionState vehicle="5" speed="1000" time="1800" acceleration="0"/>
    <motionState vehicle="2" speed="1000" time="1800" acceleration="0"/>
    <motionState vehicle="6" speed="1000" time="1800" acceleration="0"/>
    <motionState vehicle="3" speed="1000" time="1800" acceleration="0"/>
    <motionState vehicle="7" speed="1000" time="1800" acceleration="0"/>
    <motionState vehicle="0" speed="1000" time="1900" acceleration="0"/>
    <motionState vehicle="4" speed="1000" time="1900" acceleration="0"/>
    <motionState vehicle="1" speed="1000" time="1900" acceleration="0"/>
    <motionState vehicle="5" speed="1000" time="1900" acceleration="0"/>
    <motionState vehicle="2" speed="1000" time="1900" acceleration="0"/>
    <motionState vehicle="6" speed="1000" time="1900" acceleration="0"/>
    <motionState vehicle="3" speed="1000" time="1900" acceleration="0"/>
    <motionState vehicle="7" speed="1000" time="1900" acceleration="0"/>
    <motionState vehicle="0" speed="1000" time="2000" acceleration="0"/>
    <motionState vehicle="4" speed="1000" time="2000" acceleration="0"/>
    <vehicle id="8" actorConfig="2" startTime="2000" ref="rlbottom.2"/>
    <motionState vehicle="8" speed="0" time="2000" acceleration="0"/>
    <motionState vehicle="1" speed="1000" time="2000" acceleration="0"/>
    <motionState vehicle="5" speed="1000" time="2000" acceleration="0"/>
    <vehicle id="9" actorConfig="2" startTime="2000" ref="rlleft.2"/>
    <motionState vehicle="9" speed="0" time="2000" acceleration="0"/>
    <motionState vehicle="2" speed="1000" time="2000" acceleration="0"/>
    <motionState vehicle="6" speed="1000" time="2000" acceleration="0"/>
    <vehicle id="10" actorConfig="2" startTime="2000" ref="rlright.2"/>
    <motionState vehicle="10" speed="0" time="2000" acceleration="0"/>
    <motionState vehicle="3" speed="1000" time="2000" acceleration="0"/>
    <motionState vehicle="7" speed="1000" time="2000" acceleration="0"/>
    <vehicle id="11" actorConfig="2" startTime="2000" ref="rltop.2"/>
    <motionState vehicle="11" speed="0" time="2000" acceleration="0"/>
    <motionState vehicle="0" speed="1000" time="2100" acceleration="0"/>
    <motionState vehicle="4" speed="1000" time="2100" acceleration="0"/>
    <motionState vehicle="8" speed="1000" time="2100" acceleration="100000"/>
    <motionState vehicle="1" speed="1000" time="2100" acceleration="0"/>
    <motionState vehicle="5" speed="1000" time="2100" acceleration="0"/>
    <motionState vehicle="9" speed="1000" time="2100" acceleration="100000"/>
    <motionState vehicle="2" speed="1000" time="2100" acceleration="0"/>
    <motionState vehicle="6" speed="1000" time="2100" acceleration="0"/>
    <motionState vehicle="10" speed="1000" time="2100" acceleration="100000"/>
    <motionState vehicle="3" speed="1000" time="2100" acceleration="0"/>
    <motionState vehicle="7" speed="1000" time="2100" acceleration="0"/>
    <motionState vehicle="11" speed="1000" time="2100" acceleration="100000"/>
    <motionState vehicle="0" speed="1000" time="2200" acceleration="0"/>
    <motionState vehicle="4" speed="1000" time="2200" acceleration="0"/>
    <motionState vehicle="8" speed="1000" time="2200" acceleration="0"/>
    <motionState vehicle="1" speed="1000" time="2200" acceleration="0"/>
    <motionState vehicle="5" speed="1000" time="2200" acceleration="0"/>
    <motionState vehicle="9" speed="1000" time="2200" acceleration="0"/>
    <motionState vehicle="2" speed="1000" time="2200" acceleration="0"/>
    <motionState vehicle="6" speed="1000" time="2200" acceleration="0"/>
    <motionState vehicle="10" speed="1000" time="2200" acceleration="0"/>
    <motionState vehicle="3" speed="1000" time="2200" acceleration="0"/>
    <motionState vehicle="7" speed="1000" time="2200" acceleration="0"/>
    <motionState vehicle="11" speed="1000" time="2200" acceleration="0"/>
    <motionState vehicle="0" speed="1000" time="2300" acceleration="0"/>
    <motionState vehicle="4" speed="1000" time="2300" acceleration="0"/>
    <motionState vehicle="8" speed="1000" time="2300" acceleration="0"/>
    <motionState vehicle="1" speed="1000" time="2300" acceleration="0"/>
    <motionState vehicle="5" speed="1000" time="2300" acceleration="0"/>
    <motionState vehicle="9" speed="1000" time="2300" acceleration="0"/>
    <motionState vehicle="2" speed="1000" time="2300" acceleration="0"/>
    <motionState vehicle="6" speed="1000" time="2300" acceleration="0"/>
    <motionState vehicle="10" speed="1000" time="2300" acceleration="0"/>
    <motionState vehicle="3" speed="1000" time="2300" acceleration="0"/>
    <motionState vehicle="7" speed="1000" time="2300" acceleration="0"/>
    <motionState vehicle="11" speed="1000" time="2300" acceleration="0"/>
    <motionState vehicle="0" speed="1000" time="2400" acceleration="0"/>
    <motionState vehicle="4" speed="1000" time="2400" acceleration="0"/>
    <motionState vehicle="8" speed="1000" time="2400" acceleration="0"/>
    <motionState vehicle="1" speed="1000" time="2400" acceleration="0"/>
    <motionState vehicle="5" speed="1000" time="2400" acceleration="0"/>
    <motionState vehicle="9" speed="1000" time="2400" acceleration="0"/>
    <motionState vehicle="2" speed="1000" time="2400" acceleration="0"/>
    <motionState vehicle="6" speed="1000" time="2400" acceleration="0"/>
    <motionState vehicle="10" speed="1000" time="2400" acceleration="0"/>
    <motionState vehicle="3" speed="1000" time="2400" acceleration="0"/>
    <motionState vehicle="7" speed="1000" time="2400" acceleration="0"/>
    <motionState vehicle="11" speed="1000" time="2400" acceleration="0"/>
    <motionState vehicle="0" speed="1000" time="2500" acceleration="0"/>
    <motionState vehicle="4" speed="1000" time="2500" acceleration="0"/>
    <motionState vehicle="8" speed="1000" time="2500" acceleration="0"/>
    <motionState vehicle="1" speed="1000" time="2500" acceleration="0"/>
    <motionState vehicle="5" speed="1000" time="2500" acceleration="0"/>
    <motionState vehicle="9" speed="1000" time="2500" acceleration="0"/>
    <motionState vehicle="2" speed="1000" time="2500" acceleration="0"/>
    <motionState vehicle="6" speed="1000" time="2500" acceleration="0"/>
    <motionState vehicle="10" speed="1000" time="2500" acceleration="0"/>
    <motionState vehicle="3" speed="1000" time="2500" acceleration="0"/>
    <motionState vehicle="7" speed="1000" time="2500" acceleration="0"/>
    <motionState vehicle="11" speed="1000" time="2500" acceleration="0"/>
    <motionState vehicle="0" speed="1000" time="2600" acceleration="0"/>
    <motionState vehicle="4" speed="1000" time="2600" acceleration="0"/>
    <motionState vehicle="8" speed="1000" time="2600" acceleration="0"/>
    <motionState vehicle="1" speed="1000" time="2600" acceleration="0"/>
    <motionState vehicle="5" speed="1000" time="2600" acceleration="0"/>
    <motionState vehicle="9" speed="1000" time="2600" acceleration="0"/>
    <motionState vehicle="2" speed="1000" time="2600" acceleration="0"/>
    <motionState vehicle="6" speed="1000" time="2600" acceleration="0"/>
    <motionState vehicle="10" speed="1000" time="2600" acceleration="0"/>
    <motionState vehicle="3" speed="1000" time="2600" acceleration="0"/>
    <motionState vehicle="7" speed="1000" time="2600" acceleration="0"/>
    <motionState vehicle="11" speed="1000" time="2600" acceleration="0"/>
    <motionState vehicle="0" speed="1000" time="2700" acceleration="0"/>
    <motionState vehicle="4" speed="1000" time="2700" acceleration="0"/>
    <motionState vehicle="8" speed="1000" time="2700" acceleration="0"/>
    <motionState vehicle="1" speed="1000" time="2700" acceleration="0"/>
    <motionState vehicle="5" speed="1000" time="2700" acceleration="0"/>
    <motionState vehicle="9" speed="1000" time="2700" acceleration="0"/>
    <motionState vehicle="2" speed="1000" time="2700" acceleration="0"/>
    <motionState vehicle="6" speed="1000" time="2700" acceleration="0"/>
    <motionState vehicle="10" speed="1000" time="2700" acceleration="0"/>
    <motionState vehicle="3" speed="1000" time="2700" acceleration="0"/>
    <motionState vehicle="7" speed="1000" time="2700" acceleration="0"/>
    <motionState vehicle="11" speed="1000" time="2700" acceleration="0"/>
    <motionState vehicle="0" speed="1000" time="2800" acceleration="0"/>
    <motionState vehicle="4" speed="1000" time="2800" acceleration="0"/>
    <motionState vehicle="8" speed="1000" time="2800" acceleration="0"/>
    <motionState vehicle="1" speed="1000" time="2800" acceleration="0"/>
    <motionState vehicle="5" speed="1000" time="2800" acceleration="0"/>
    <motionState vehicle="9" speed="1000" time="2800" acceleration="0"/>
    <motionState vehicle="2" speed="1000" time="2800" acceleration="0"/>
    <motionState vehicle="6" speed="1000" time="2800" acceleration="0"/>
    <motionState vehicle="10" speed="1000" time="2800" acceleration="0"/>
    <motionState vehicle="3" speed="1000" time="2800" acceleration="0"/>
    <motionState vehicle="7" speed="1000" time="2800" acceleration="0"/>
    <motionState vehicle="11" speed="1000" time="2800" acceleration="0"/>
    <motionState vehicle="0" speed="1000" time="2900" acceleration="0"/>
    <motionState vehicle="4" speed="1000" time="2900" acceleration="0"/>
    <motionState vehicle="8" speed="1000" time="2900" acceleration="0"/>
    <motionState vehicle="1" speed="1000" time="2900" acceleration="0"/>
    <motionState vehicle="5" speed="1000" time="2900" acceleration="0"/>
    <motionState vehicle="9" speed="1000" time="2900" acceleration="0"/>
    <motionState vehicle="2" speed="1000" time="2900" acceleration="0"/>
    <motionState vehicle="6" speed="1000" time="2900" acceleration="0"/>
    <motionState vehicle="10" speed="1000" time="2900" acceleration="0"/>
    <motionState vehicle="3" speed="1000" time="2900" acceleration="0"/>
    <motionState vehicle="7" speed="1000" time="2900" acceleration="0"/>
    <motionState vehicle="11" speed="1000" time="2900" acceleration="0"/>
    <motionState vehicle="0" speed="1000" time="3000" acceleration="0"/>
    <motionState vehicle="4" speed="1000" time="3000" acceleration="0"/>
    <motionState vehicle="8" speed="1000" time="3000" acceleration="0"/>
    <vehicle id="12" actorConfig="2" startTime="3000" ref="rlbottom.3"/>
    <motionState vehicle="12" speed="0" time="3000" acceleration="0"/>
    <motionState vehicle="1" speed="1000" time="3000" acceleration="0"/>
    <motionState vehicle="5" speed="1000" time="3000" acceleration="0"/>
    <motionState vehicle="9" speed="1000" time="3000" acceleration="0"/>
    <vehicle id="13" actorConfig="2" startTime="3000" ref="rlleft.3"/>
    <motionState vehicle="13" speed="0" time="3000" acceleration="0"/>
    <motionState vehicle="2" speed="1000" time="3000" acceleration="0"/>
    <motionState vehicle="6" speed="1000" time="3000" acceleration="0"/>
    <motionState vehicle="10" speed="1000" time="3000" acceleration="0"/>
    <vehicle id="14" actorConfig="2" startTime="3000" ref="rlright.3"/>
    <motionState vehicle="14" speed="0" time="3000" acceleration="0"/>
    <motionState vehicle="3" speed="1000" time="3000" acceleration="0"/>
    <motionState vehicle="7" speed="1000" time="3000" acceleration="0"/>
    <motionState vehicle="11" speed="1000" time="3000" acceleration="0"/>
    <vehicle id="15" actorConfig="2" startTime="3000" ref="rltop.3"/>
    <motionState vehicle="15" speed="0" time="3000" acceleration="0"/>
    <motionState vehicle="0" speed="2485" time="3100" acceleration="148515"/>
    <motionState vehicle="4" speed="2485" time="3100" acceleration="148515"/>
    <motionState vehicle="8" speed="2485" time="3100" acceleration="148515"/>
    <motionState vehicle="12" speed="2475" time="3100" acceleration="247525"/>
    <motionState vehicle="1" speed="2485" time="3100" acceleration="148515"/>
    <motionState vehicle="5" speed="2485" time="3100" acceleration="148515"/>
    <motionState vehicle="9" speed="2485" time="3100" acceleration="148515"/>
    <motionState vehicle="13" speed="2475" time="3100" acceleration="247525"/>
    <motionState vehicle="2" speed="2485" time="3100" acceleration="148515"/>
    <motionState vehicle="6" speed="2485" time="3100" acceleration="148515"/>
    <motionState vehicle="10" speed="2485" time="3100" acceleration="148515"/>
    <motionState vehicle="14" speed="2475" time="3100" acceleration="247525"/>
    <motionState vehicle="3" speed="2485" time="3100" acceleration="148515"/>
    <motionState vehicle="7" speed="2485" time="3100" acceleration="148515"/>
    <motionState vehicle="11" speed="2485" time="3100" acceleration="148515"/>
    <motionState vehicle="15" speed="2475" time="3100" acceleration="247525"/>
    <motionState vehicle="0" speed="2500" time="3200" acceleration="1470"/>
    <motionState vehicle="4" speed="2500" time="3200" acceleration="1470"/>
    <motionState vehicle="8" speed="2500" time="3200" acceleration="1470"/>
    <motionState vehicle="12" speed="2500" time="3200" acceleration="2451"/>
    <motionState vehicle="1" speed="2500" time="3200" acceleration="1470"/>
    <motionState vehicle="5" speed="2500" time="3200" acceleration="1470"/>
    <motionState vehicle="9" speed="2500" time="3200" acceleration="1470"/>
    <motionState vehicle="13" speed="2500" time="3200" acceleration="2451"/>
    <motionState vehicle="2" speed="2500" time="3200" acceleration="1470"/>
    <motionState vehicle="6" speed="2500" time="3200" acceleration="1470"/>
    <motionState vehicle="10" speed="2500" time="3200" acceleration="1470"/>
    <motionState vehicle="14" speed="2500" time="3200" acceleration="2451"/>
    <motionState vehicle="3" speed="2500" time="3200" acceleration="1470"/>
    <motionState vehicle="7" speed="2500" time="3200" acceleration="1470"/>
    <motionState vehicle="11" speed="2500" time="3200" acceleration="1470"/>
    <motionState vehicle="15" speed="2500" time="3200" acceleration="2451"/>
    <motionState vehicle="0" speed="2500" time="3300" acceleration="15"/>
    <motionState vehicle="4" speed="2500" time="3300" acceleration="15"/>
    <motionState vehicle="8" speed="2500" time="3300" acceleration="15"/>
    <motionState vehicle="12" speed="2500" time="3300" acceleration="24"/>
    <motionState vehicle="1" speed="2500" time="3300" acceleration="15"/>
    <motionState vehicle="5" speed="2500" time="3300" acceleration="15"/>
    <motionState vehicle="9" speed="2500" time="3300" acceleration="15"/>
    <motionState vehicle="13" speed="2500" time="3300" acceleration="24"/>
    <motionState vehicle="2" speed="2500" time="3300" acceleration="15"/>
    <motionState vehicle="6" speed="2500" time="3300" acceleration="15"/>
    <motionState vehicle="10" speed="2500" time="3300" acceleration="15"/>
    <motionState vehicle="14" speed="2500" time="3300" acceleration="24"/>
    <motionState vehicle="3" speed="2500" time="3300" acceleration="15"/>
    <motionState vehicle="7" speed="2500" time="3300" acceleration="15"/>
    <motionState vehicle="11" speed="2500" time="3300" acceleration="15"/>
    <motionState vehicle="15" speed="2500" time="3300" acceleration="24"/>
    <motionState vehicle="0" speed="2500" time="3400" acceleration="0"/>
    <motionState vehicle="4" speed="2500" time="3400" acceleration="0"/>
    <motionState vehicle="8" speed="2500" time="3400" acceleration="0"/>
    <motionState vehicle="12" speed="2500" time="3400" acceleration="0"/>
    <motionState vehicle="1" speed="2500" time="3400" acceleration="0"/>
    <motionState vehicle="5" speed="2500" time="3400" acceleration="0"/>
    <motionState vehicle="9" speed="2500" time="3400" acceleration="0"/>
    <motionState vehicle="13" speed="2500" time="3400" acceleration="0"/>
    <motionState vehicle="2" speed="2500" time="3400" acceleration="0"/>
    <motionState vehicle="6" speed="2500" time="3400" acceleration="0"/>
    <motionState vehicle="10" speed="2500" time="3400" acceleration="0"/>
    <motionState vehicle="14" speed="2500" time="3400" acceleration="0"/>
    <motionState vehicle="3" speed="2500" time="3400" acceleration="0"/>
    <motionState vehicle="7" speed="2500" time="3400" acceleration="0"/>
    <motionState vehicle="11" speed="2500" time="3400" acceleration="0"/>
    <motionState vehicle="15" speed="2500" time="3400" acceleration="0"/>
    <motionState vehicle="0" speed="2500" time="3500" acceleration="0"/>
    <motionState vehicle="4" speed="2500" time="3500" acceleration="0"/>
    <motionState vehicle="8" speed="2500" time="3500" acceleration="0"/>
    <motionState vehicle="12" speed="2500" time="3500" acceleration="0"/>
    <motionState vehicle="1" speed="2500" time="3500" acceleration="0"/>
    <motionState vehicle="5" speed="2500" time="3500" acceleration="0"/>
    <motionState vehicle="9" speed="2500" time="3500" acceleration="0"/>
    <motionState vehicle="13" speed="2500" time="3500" acceleration="0"/>
    <motionState vehicle="2" speed="2500" time="3500" acceleration="0"/>
    <motionState vehicle="6" speed="2500" time="3500" acceleration="0"/>
    <motionState vehicle="10" speed="2500" time="3500" acceleration="0"/>
    <motionState vehicle="14" speed="2500" time="3500" acceleration="0"/>
    <motionState vehicle="3" speed="2500" time="3500" acceleration="0"/>
    <motionState vehicle="7" speed="2500" time="3500" acceleration="0"/>
    <motionState vehicle="11" speed="2500" time="3500" acceleration="0"/>
    <motionState vehicle="15" speed="2500" time="3500" acceleration="0"/>
    <motionState vehicle="0" speed="2500" time="3600" acceleration="0"/>
    <motionState vehicle="4" speed="2500" time="3600" acceleration="0"/>
    <motionState vehicle="8" speed="2500" time="3600" acceleration="0"/>
    <motionState vehicle="12" speed="2500" time="3600" acceleration="0"/>
    <motionState vehicle="1" speed="2500" time="3600" acceleration="0"/>
    <motionState vehicle="5" speed="2500" time="3600" acceleration="0"/>
    <motionState vehicle="9" speed="2500" time="3600" acceleration="0"/>
    <motionState vehicle="13" speed="2500" time="3600" acceleration="0"/>
    <motionState vehicle="2" speed="2500" time="3600" acceleration="0"/>
    <motionState vehicle="6" speed="2500" time="3600" acceleration="0"/>
    <motionState vehicle="10" speed="2500" time="3600" acceleration="0"/>
    <motionState vehicle="14" speed="2500" time="3600" acceleration="0"/>
    <motionState vehicle="3" speed="2500" time="3600" acceleration="0"/>
    <motionState vehicle="7" speed="2500" time="3600" acceleration="0"/>
    <motionState vehicle="11" speed="2500" time="3600" acceleration="0"/>
    <motionState vehicle="15" speed="2500" time="3600" acceleration="0"/>
    <motionState vehicle="0" speed="2500" time="3700" acceleration="0"/>
    <motionState vehicle="4" speed="2500" time="3700" acceleration="0"/>
    <motionState vehicle="8" speed="2500" time="3700" acceleration="0"/>
    <motionState vehicle="12" speed="2500" time="3700" acceleration="0"/>
    <motionState vehicle="1" speed="2500" time="3700" acceleration="0"/>
    <motionState vehicle="5" speed="2500" time="3700" acceleration="0"/>
    <motionState vehicle="9" speed="2500" time="3700" acceleration="0"/>
    <motionState vehicle="13" speed="2500" time="3700" acceleration="0"/>
    <motionState vehicle="2" speed="2500" time="3700" acceleration="0"/>
    <motionState vehicle="6" speed="2500" time="3700" acceleration="0"/>
    <motionState vehicle="10" speed="2500" time="3700" acceleration="0"/>
    <motionState vehicle="14" speed="2500" time="3700" acceleration="0"/>
    <motionState vehicle="3" speed="2500" time="3700" acceleration="0"/>
    <motionState vehicle="7" speed="2500" time="3700" acceleration="0"/>
    <motionState vehicle="11" speed="2500" time="3700" acceleration="0"/>
    <motionState vehicle="15" speed="2500" time="3700" acceleration="0"/>
    <motionState vehicle="0" speed="2500" time="3800" acceleration="0"/>
    <motionState vehicle="4" speed="2500" time="3800" acceleration="0"/>
    <motionState vehicle="8" speed="2500" time="3800" acceleration="0"/>
    <motionState vehicle="12" speed="2500" time="3800" acceleration="0"/>
    <motionState vehicle="1" speed="2500" time="3800" acceleration="0"/>
    <motionState vehicle="5" speed="2500" time="3800" acceleration="0"/>
    <motionState vehicle="9" speed="2500" time="3800" acceleration="0"/>
    <motionState vehicle="13" speed="2500" time="3800" acceleration="0"/>
    <motionState vehicle="2" speed="2500" time="3800" acceleration="0"/>
    <motionState vehicle="6" speed="2500" time="3800" acceleration="0"/>
    <motionState vehicle="10" speed="2500" time="3800" acceleration="0"/>
    <motionState vehicle="14" speed="2500" time="3800" acceleration="0"/>
    <motionState vehicle="3" speed="2500" time="3800" acceleration="0"/>
    <motionState vehicle="7" speed="2500" time="3800" acceleration="0"/>
    <motionState vehicle="11" speed="2500" time="3800" acceleration="0"/>
    <motionState vehicle="15" speed="2500" time="3800" acceleration="0"/>
    <motionState vehicle="0" speed="2500" time="3900" acceleration="0"/>
    <motionState vehicle="4" speed="2500" time="3900" acceleration="0"/>
    <motionState vehicle="8" speed="2500" time="3900" acceleration="0"/>
    <motionState vehicle="12" speed="2500" time="3900" acceleration="0"/>
    <motionState vehicle="1" speed="2500" time="3900" acceleration="0"/>
    <motionState vehicle="5" speed="2500" time="3900" acceleration="0"/>
    <motionState vehicle="9" speed="2500" time="3900" acceleration="0"/>
    <motionState vehicle="13" speed="2500" time="3900" acceleration="0"/>
    <motionState vehicle="2" speed="2500" time="3900" acceleration="0"/>
    <motionState vehicle="6" speed="2500" time="3900" acceleration="0"/>
    <motionState vehicle="10" speed="2500" time="3900" acceleration="0"/>
    <motionState vehicle="14" speed="2500" time="3900" acceleration="0"/>
    <motionState vehicle="3" speed="2500" time="3900" acceleration="0"/>
    <motionState vehicle="7" speed="2500" time="3900" acceleration="0"/>
    <motionState vehicle="11" speed="2500" time="3900" acceleration="0"/>
    <motionState vehicle="15" speed="2500" time="3900" acceleration="0"/>
    <motionState vehicle="0" speed="2500" time="4000" acceleration="0"/>
    <motionState vehicle="4" speed="2500" time="4000" acceleration="0"/>
    <motionState vehicle="8" speed="2500" time="4000" acceleration="0"/>
    <motionState vehicle="12" speed="2500" time="4000" acceleration="0"/>
    <motionState vehicle="1" speed="2500" time="4000" acceleration="0"/>
    <motionState vehicle="5" speed="2500" time="4000" acceleration="0"/>
    <motionState vehicle="9" speed="2500" time="4000" acceleration="0"/>
    <motionState vehicle="13" speed="2500" time="4000" acceleration="0"/>
    <motionState vehicle="2" speed="2500" time="4000" acceleration="0"/>
    <motionState vehicle="6" speed="2500" time="4000" acceleration="0"/>
    <motionState vehicle="10" speed="2500" time="4000" acceleration="0"/>
    <motionState vehicle="14" speed="2500" time="4000" acceleration="0"/>
    <motionState vehicle="3" speed="2500" time="4000" acceleration="0"/>
    <motionState vehicle="7" speed="2500" time="4000" acceleration="0"/>
    <motionState vehicle="11" speed="2500" time="4000" acceleration="0"/>
    <motionState vehicle="15" speed="2500" time="4000" acceleration="0"/>
    <motionState vehicle="0" speed="1510" time="4100" acceleration="-99009"/>
    <motionState vehicle="4" speed="1510" time="4100" acceleration="-99009"/>
    <motionState vehicle="8" speed="1510" time="4100" acceleration="-99009"/>
    <motionState vehicle="12" speed="1510" time="4100" acceleration="-99009"/>
    <motionState vehicle="1" speed="1510" time="4100" acceleration="-99009"/>
    <motionState vehicle="5" speed="1510" time="4100" acceleration="-99009"/>
    <motionState vehicle="9" speed="1510" time="4100" acceleration="-99009"/>
    <motionState vehicle="13" speed="1510" time="4100" acceleration="-99009"/>
    <motionState vehicle="2" speed="1510" time="4100" acceleration="-99009"/>
    <motionState vehicle="6" speed="1510" time="4100" acceleration="-99009"/>
    <motionState vehicle="10" speed="1510" time="4100" acceleration="-99009"/>
    <motionState vehicle="14" speed="1510" time="4100" acceleration="-99009"/>
    <motionState vehicle="3" speed="1510" time="4100" acceleration="-99009"/>
    <motionState vehicle="7" speed="1510" time="4100" acceleration="-99009"/>
    <motionState vehicle="11" speed="1510" time="4100" acceleration="-99009"/>
    <motionState vehicle="15" speed="1510" time="4100" acceleration="-99009"/>
    <motionState vehicle="0" speed="1500" time="4200" acceleration="-979"/>
    <motionState vehicle="4" speed="1500" time="4200" acceleration="-979"/>
    <motionState vehicle="8" speed="1500" time="4200" acceleration="-979"/>
    <motionState vehicle="12" speed="1500" time="4200" acceleration="-979"/>
    <motionState vehicle="1" speed="1500" time="4200" acceleration="-979"/>
    <motionState vehicle="5" speed="1500" time="4200" acceleration="-979"/>
    <motionState vehicle="9" speed="1500" time="4200" acceleration="-979"/>
    <motionState vehicle="13" speed="1500" time="4200" acceleration="-979"/>
    <motionState vehicle="2" speed="1500" time="4200" acceleration="-979"/>
    <motionState vehicle="6" speed="1500" time="4200" acceleration="-979"/>
    <motionState vehicle="10" speed="1500" time="4200" acceleration="-979"/>
    <motionState vehicle="14" speed="1500" time="4200" acceleration="-979"/>
    <motionState vehicle="3" speed="1500" time="4200" acceleration="-979"/>
    <motionState vehicle="7" speed="1500" time="4200" acceleration="-979"/>
    <motionState vehicle="11" speed="1500" time="4200" acceleration="-979"/>
    <motionState vehicle="15" speed="1500" time="4200" acceleration="-979"/>
    <motionState vehicle="0" speed="1500" time="4300" acceleration="-9"/>
    <motionState vehicle="4" speed="1500" time="4300" acceleration="-9"/>
    <motionState vehicle="8" speed="1500" time="4300" acceleration="-9"/>
    <motionState vehicle="12" speed="1500" time="4300" acceleration="-9"/>
    <motionState vehicle="1" speed="1500" time="4300" acceleration="-9"/>
    <motionState vehicle="5" speed="1500" time="4300" acceleration="-9"/>
    <motionState vehicle="9" speed="1500" time="4300" acceleration="-9"/>
    <motionState vehicle="13" speed="1500" time="4300" acceleration="-9"/>
    <motionState vehicle="2" speed="1500" time="4300" acceleration="-9"/>
    <motionState vehicle="6" speed="1500" time="4300" acceleration="-9"/>
    <motionState vehicle="10" speed="1500" time="4300" acceleration="-9"/>
    <motionState vehicle="14" speed="1500" time="4300" acceleration="-9"/>
    <motionState vehicle="3" speed="1500" time="4300" acceleration="-9"/>
    <motionState vehicle="7" speed="1500" time="4300" acceleration="-9"/>
    <motionState vehicle="11" speed="1500" time="4300" acceleration="-9"/>
    <motionState vehicle="15" speed="1500" time="4300" acceleration="-9"/>
    <motionState vehicle="0" speed="1500" time="4400" acceleration="0"/>
    <motionState vehicle="4" speed="1500" time="4400" acceleration="0"/>
    <motionState vehicle="8" speed="1500" time="4400" acceleration="0"/>
    <motionState vehicle="12" speed="1500" time="4400" acceleration="0"/>
    <motionState vehicle="1" speed="1500" time="4400" acceleration="0"/>
    <motionState vehicle="5" speed="1500" time="4400" acceleration="0"/>
    <motionState vehicle="9" speed="1500" time="4400" acceleration="0"/>
    <motionState vehicle="13" speed="1500" time="4400" acceleration="0"/>
    <motionState vehicle="2" speed="1500" time="4400" acceleration="0"/>
    <motionState vehicle="6" speed="1500" time="4400" acceleration="0"/>
    <motionState vehicle="10" speed="1500" time="4400" acceleration="0"/>
    <motionState vehicle="14" speed="1500" time="4400" acceleration="0"/>
    <motionState vehicle="3" speed="1500" time="4400" acceleration="0"/>
    <motionState vehicle="7" speed="1500" time="4400" acceleration="0"/>
    <motionState vehicle="11" speed="1500" time="4400" acceleration="0"/>
    <motionState vehicle="15" speed="1500" time="4400" acceleration="0"/>
    <motionState vehicle="0" speed="1500" time="4500" acceleration="0"/>
    <motionState vehicle="4" speed="1500" time="4500" acceleration="0"/>
    <motionState vehicle="8" speed="1500" time="4500" acceleration="0"/>
    <motionState vehicle="12" speed="1500" time="4500" acceleration="0"/>
    <motionState vehicle="1" speed="1500" time="4500" acceleration="0"/>
    <motionState vehicle="5" speed="1500" time="4500" acceleration="0"/>
    <motionState vehicle="9" speed="1500" time="4500" acceleration="0"/>
    <motionState vehicle="13" speed="1500" time="4500" acceleration="0"/>
    <motionState vehicle="2" speed="1500" time="4500" acceleration="0"/>
    <motionState vehicle="6" speed="1500" time="4500" acceleration="0"/>
    <motionState vehicle="10" speed="1500" time="4500" acceleration="0"/>
    <motionState vehicle="14" speed="1500" time="4500" acceleration="0"/>
    <motionState vehicle="3" speed="1500" time="4500" acceleration="0"/>
    <motionState vehicle="7" speed="1500" time="4500" acceleration="0"/>
    <motionState vehicle="11" speed="1500" time="4500" acceleration="0"/>
    <motionState vehicle="15" speed="1500" time="4500" acceleration="0"/>
    <motionState vehicle="0" speed="1500" time="4600" acceleration="0"/>
    <motionState vehicle="4" speed="1500" time="4600" acceleration="0"/>
    <motionState vehicle="8" speed="1500" time="4600" acceleration="0"/>
    <motionState vehicle="12" speed="1500" time="4600" acceleration="0"/>
    <motionState vehicle="1" speed="1500" time="4600" acceleration="0"/>
    <motionState vehicle="5" speed="1500" time="4600" acceleration="0"/>
    <motionState vehicle="9" speed="1500" time="4600" acceleration="0"/>
    <motionState vehicle="13" speed="1500" time="4600" acceleration="0"/>
    <motionState vehicle="2" speed="1500" time="4600" acceleration="0"/>
    <motionState vehicle="6" speed="1500" time="4600" acceleration="0"/>
    <motionState vehicle="10" speed="1500" time="4600" acceleration="0"/>
    <motionState vehicle="14" speed="1500" time="4600" acceleration="0"/>
    <motionState vehicle="3" speed="1500" time="4600" acceleration="0"/>
    <motionState vehicle="7" speed="1500" time="4600" acceleration="0"/>
    <motionState vehicle="11" speed="1500" time="4600" acceleration="0"/>
    <motionState vehicle="15" speed="1500" time="4600" acceleration="0"/>
    <motionState vehicle="0" speed="1500" time="4700" acceleration="0"/>
    <motionState vehicle="4" speed="1500" time="4700" acceleration="0"/>
    <motionState vehicle="8" speed="1500" time="4700" acceleration="0"/>
    <motionState vehicle="12" speed="1500" time="4700" acceleration="0"/>
    <motionState vehicle="1" speed="1500" time="4700" acceleration="0"/>
    <motionState vehicle="5" speed="1500" time="4700" acceleration="0"/>
    <motionState vehicle="9" speed="1500" time="4700" acceleration="0"/>
    <motionState vehicle="13" speed="1500" time="4700" acceleration="0"/>
    <motionState vehicle="2" speed="1500" time="4700" acceleration="0"/>
    <motionState vehicle="6" speed="1500" time="4700" acceleration="0"/>
    <motionState vehicle="10" speed="1500" time="4700" acceleration="0"/>
    <motionState vehicle="14" speed="1500" time="4700" acceleration="0"/>
    <motionState vehicle="3" speed="1500" time="4700" acceleration="0"/>
    <motionState vehicle="7" speed="1500" time="4700" acceleration="0"/>
    <motionState vehicle="11" speed="1500" time="4700" acceleration="0"/>
    <motionState vehicle="15" speed="1500" time="4700" acceleration="0"/>
    <motionState vehicle="0" speed="1500" time="4800" acceleration="0"/>
    <motionState vehicle="4" speed="1500" time="4800" acceleration="0"/>
    <motionState vehicle="8" speed="1500" time="4800" acceleration="0"/>
    <motionState vehicle="12" speed="1500" time="4800" acceleration="0"/>
    <motionState vehicle="1" speed="1500" time="4800" acceleration="0"/>
    <motionState vehicle="5" speed="1500" time="4800" acceleration="0"/>
    <motionState vehicle="9" speed="1500" time="4800" acceleration="0"/>
    <motionState vehicle="13" speed="1500" time="4800" acceleration="0"/>
    <motionState vehicle="2" speed="1500" time="4800" acceleration="0"/>
    <motionState vehicle="6" speed="1500" time="4800" acceleration="0"/>
    <motionState vehicle="10" speed="1500" time="4800" acceleration="0"/>
    <motionState vehicle="14" speed="1500" time="4800" acceleration="0"/>
    <motionState vehicle="3" speed="1500" time="4800" acceleration="0"/>
    <motionState vehicle="7" speed="1500" time="4800" acceleration="0"/>
    <motionState vehicle="11" speed="1500" time="4800" acceleration="0"/>
    <motionState vehicle="15" speed="1500" time="4800" acceleration="0"/>
    <motionState vehicle="0" speed="1500" time="4900" acceleration="0"/>
    <motionState vehicle="4" speed="1500" time="4900" acceleration="0"/>
    <motionState vehicle="8" speed="1500" time="4900" acceleration="0"/>
    <motionState vehicle="12" speed="1500" time="4900" acceleration="0"/>
    <motionState vehicle="1" speed="1500" time="4900" acceleration="0"/>
    <motionState vehicle="5" speed="1500" time="4900" acceleration="0"/>
    <motionState vehicle="9" speed="1500" time="4900" acceleration="0"/>
    <motionState vehicle="13" speed="1500" time="4900" acceleration="0"/>
    <motionState vehicle="2" speed="1500" time="4900" acceleration="0"/>
    <motionState vehicle="6" speed="1500" time="4900" acceleration="0"/>
    <motionState vehicle="10" speed="1500" time="4900" acceleration="0"/>
    <motionState vehicle="14" speed="1500" time="4900" acceleration="0"/>
    <motionState vehicle="3" speed="1500" time="4900" acceleration="0"/>
    <motionState vehicle="7" speed="1500" time="4900" acceleration="0"/>
    <motionState vehicle="11" speed="1500" time="4900" acceleration="0"/>
    <motionState vehicle="15" speed="1500" time="4900" acceleration="0"/>
    <motionState vehicle="0" speed="1500" time="5000" acceleration="0"/>
    <motionState vehicle="4" speed="1500" time="5000" acceleration="0"/>
    <motionState vehicle="8" speed="1500" time="5000" acceleration="0"/>
    <motionState vehicle="12" speed="1500" time="5000" acceleration="0"/>
    <motionState vehicle="1" speed="1500" time="5000" acceleration="0"/>
    <motionState vehicle="5" speed="1500" time="5000" acceleration="0"/>
    <motionState vehicle="9" speed="1500" time="5000" acceleration="0"/>
    <motionState vehicle="13" speed="1500" time="5000" acceleration="0"/>
    <motionState vehicle="2" speed="1500" time="5000" acceleration="0"/>
    <motionState vehicle="6" speed="1500" time="5000" acceleration="0"/>
    <motionState vehicle="10" speed="1500" time="5000" acceleration="0"/>
    <motionState vehicle="14" speed="1500" time="5000" acceleration="0"/>
    <motionState vehicle="3" speed="1500" time="5000" acceleration="0"/>
    <motionState vehicle="7" speed="1500" time="5000" acceleration="0"/>
    <motionState vehicle="11" speed="1500" time="5000" acceleration="0"/>
    <motionState vehicle="15" speed="1500" time="5000" acceleration="0"/>
    <motionState vehicle="0" speed="1500" time="5100" acceleration="0"/>
    <motionState vehicle="4" speed="1500" time="5100" acceleration="0"/>
    <motionState vehicle="8" speed="1500" time="5100" acceleration="0"/>
    <motionState vehicle="12" speed="1500" time="5100" acceleration="0"/>
    <motionState vehicle="1" speed="1500" time="5100" acceleration="0"/>
    <motionState vehicle="5" speed="1500" time="5100" acceleration="0"/>
    <motionState vehicle="9" speed="1500" time="5100" acceleration="0"/>
    <motionState vehicle="13" speed="1500" time="5100" acceleration="0"/>
    <motionState vehicle="2" speed="1500" time="5100" acceleration="0"/>
    <motionState vehicle="6" speed="1500" time="5100" acceleration="0"/>
    <motionState vehicle="10" speed="1500" time="5100" acceleration="0"/>
    <motionState vehicle="14" speed="1500" time="5100" acceleration="0"/>
    <motionState vehicle="3" speed="1500" time="5100" acceleration="0"/>
    <motionState vehicle="7" speed="1500" time="5100" acceleration="0"/>
    <motionState vehicle="11" speed="1500" time="5100" acceleration="0"/>
    <motionState vehicle="15" speed="1500" time="5100" acceleration="0"/>
    <motionState vehicle="0" speed="1500" time="5200" acceleration="0"/>
    <motionState vehicle="4" speed="1500" time="5200" acceleration="0"/>
    <motionState vehicle="8" speed="1500" time="5200" acceleration="0"/>
    <motionState vehicle="12" speed="1500" time="5200" acceleration="0"/>
    <motionState vehicle="1" speed="1500" time="5200" acceleration="0"/>
    <motionState vehicle="5" speed="1500" time="5200" acceleration="0"/>
    <motionState vehicle="9" speed="1500" time="5200" acceleration="0"/>
    <motionState vehicle="13" speed="1500" time="5200" acceleration="0"/>
    <motionState vehicle="2" speed="1500" time="5200" acceleration="0"/>
    <motionState vehicle="6" speed="1500" time="5200" acceleration="0"/>
    <motionState vehicle="10" speed="1500" time="5200" acceleration="0"/>
    <motionState vehicle="14" speed="1500" time="5200" acceleration="0"/>
    <motionState vehicle="3" speed="1500" time="5200" acceleration="0"/>
    <motionState vehicle="7" speed="1500" time="5200" acceleration="0"/>
    <motionState vehicle="11" speed="1500" time="5200" acceleration="0"/>
    <motionState vehicle="15" speed="1500" time="5200" acceleration="0"/>
    <motionState vehicle="0" speed="1500" time="5300" acceleration="0"/>
    <motionState vehicle="4" speed="1500" time="5300" acceleration="0"/>
    <motionState vehicle="8" speed="1500" time="5300" acceleration="0"/>
    <motionState vehicle="12" speed="1500" time="5300" acceleration="0"/>
    <motionState vehicle="1" speed="1500" time="5300" acceleration="0"/>
    <motionState vehicle="5" speed="1500" time="5300" acceleration="0"/>
    <motionState vehicle="9" speed="1500" time="5300" acceleration="0"/>
    <motionState vehicle="13" speed="1500" time="5300" acceleration="0"/>
    <motionState vehicle="2" speed="1500" time="5300" acceleration="0"/>
    <motionState vehicle="6" speed="1500" time="5300" acceleration="0"/>
    <motionState vehicle="10" speed="1500" time="5300" acceleration="0"/>
    <motionState vehicle="14" speed="1500" time="5300" acceleration="0"/>
    <motionState vehicle="3" speed="1500" time="5300" acceleration="0"/>
    <motionState vehicle="7" speed="1500" time="5300" acceleration="0"/>
    <motionState vehicle="11" speed="1500" time="5300" acceleration="0"/>
    <motionState vehicle="15" speed="1500" time="5300" acceleration="0"/>
    <motionState vehicle="0" speed="1500" time="5400" acceleration="0"/>
    <motionState vehicle="4" speed="1500" time="5400" acceleration="0"/>
    <motionState vehicle="8" speed="1500" time="5400" acceleration="0"/>
    <motionState vehicle="12" speed="1500" time="5400" acceleration="0"/>
    <motionState vehicle="1" speed="1500" time="5400" acceleration="0"/>
    <motionState vehicle="5" speed="1500" time="5400" acceleration="0"/>
    <motionState vehicle="9" speed="1500" time="5400" acceleration="0"/>
    <motionState vehicle="13" speed="1500" time="5400" acceleration="0"/>
    <motionState vehicle="2" speed="1500" time="5400" acceleration="0"/>
    <motionState vehicle="6" speed="1500" time="5400" acceleration="0"/>
    <motionState vehicle="10" speed="1500" time="5400" acceleration="0"/>
    <motionState vehicle="14" speed="1500" time="5400" acceleration="0"/>
    <motionState vehicle="3" speed="1500" time="5400" acceleration="0"/>
    <motionState vehicle="7" speed="1500" time="5400" acceleration="0"/>
    <motionState vehicle="11" speed="1500" time="5400" acceleration="0"/>
    <motionState vehicle="15" speed="1500" time="5400" acceleration="0"/>
    <motionState vehicle="0" speed="1500" time="5500" acceleration="0"/>
    <motionState vehicle="4" speed="1500" time="5500" acceleration="0"/>
    <motionState vehicle="8" speed="1500" time="5500" acceleration="0"/>
    <motionState vehicle="12" speed="1500" time="5500" acceleration="0"/>
    <motionState vehicle="1" speed="1500" time="5500" acceleration="0"/>
    <motionState vehicle="5" speed="1500" time="5500" acceleration="0"/>
    <motionState vehicle="9" speed="1500" time="5500" acceleration="0"/>
    <motionState vehicle="13" speed="1500" time="5500" acceleration="0"/>
    <motionState vehicle="2" speed="1500" time="5500" acceleration="0"/>
    <motionState vehicle="6" speed="1500" time="5500" acceleration="0"/>
    <motionState vehicle="10" speed="1500" time="5500" acceleration="0"/>
    <motionState vehicle="14" speed="1500" time="5500" acceleration="0"/>
    <motionState vehicle="3" speed="1500" time="5500" acceleration="0"/>
    <motionState vehicle="7" speed="1500" time="5500" acceleration="0"/>
    <motionState vehicle="11" speed="1500" time="5500" acceleration="0"/>
    <motionState vehicle="15" speed="1500" time="5500" acceleration="0"/>
    <motionState vehicle="0" speed="1500" time="5600" acceleration="0"/>
    <motionState vehicle="4" speed="1500" time="5600" acceleration="0"/>
    <motionState vehicle="8" speed="1500" time="5600" acceleration="0"/>
    <motionState vehicle="12" speed="1500" time="5600" acceleration="0"/>
    <motionState vehicle="1" speed="1500" time="5600" acceleration="0"/>
    <motionState vehicle="5" speed="1500" time="5600" acceleration="0"/>
    <motionState vehicle="9" speed="1500" time="5600" acceleration="0"/>
    <motionState vehicle="13" speed="1500" time="5600" acceleration="0"/>
    <motionState vehicle="2" speed="1500" time="5600" acceleration="0"/>
    <motionState vehicle="6" speed="1500" time="5600" acceleration="0"/>
    <motionState vehicle="10" speed="1500" time="5600" acceleration="0"/>
    <motionState vehicle="14" speed="1500" time="5600" acceleration="0"/>
    <motionState vehicle="3" speed="1500" time="5600" acceleration="0"/>
    <motionState vehicle="7" speed="1500" time="5600" acceleration="0"/>
    <motionState vehicle="11" speed="1500" time="5600" acceleration="0"/>
    <motionState vehicle="15" speed="1500" time="5600" acceleration="0"/>
    <motionState vehicle="0" speed="1500" time="5700" acceleration="0"/>
    <motionState vehicle="4" speed="1500" time="5700" acceleration="0"/>
    <motionState vehicle="8" speed="1500" time="5700" acceleration="0"/>
    <motionState vehicle="12" speed="1500" time="5700" acceleration="0"/>
    <motionState vehicle="1" speed="1500" time="5700" acceleration="0"/>
    <motionState vehicle="5" speed="1500" time="5700" acceleration="0"/>
    <motionState vehicle="9" speed="1500" time="5700" acceleration="0"/>
    <motionState vehicle="13" speed="1500" time="5700" acceleration="0"/>
    <motionState vehicle="2" speed="1500" time="5700" acceleration="0"/>
    <motionState vehicle="6" speed="1500" time="5700" acceleration="0"/>
    <motionState vehicle="10" speed="1500" time="5700" acceleration="0"/>
    <motionState vehicle="14" speed="1500" time="5700" acceleration="0"/>
    <motionState vehicle="3" speed="1500" time="5700" acceleration="0"/>
    <motionState vehicle="7" speed="1500" time="5700" acceleration="0"/>
    <motionState vehicle="11" speed="1500" time="5700" acceleration="0"/>
    <motionState vehicle="15" speed="1500" time="5700" acceleration="0"/>
    <motionState vehicle="0" speed="1500" time="5800" acceleration="0"/>
    <motionState vehicle="4" speed="1500" time="5800" acceleration="0"/>
    <motionState vehicle="8" speed="1500" time="5800" acceleration="0"/>
    <motionState vehicle="12" speed="1500" time="5800" acceleration="0"/>
    <motionState vehicle="1" speed="1500" time="5800" acceleration="0"/>
    <motionState vehicle="5" speed="1500" time="5800" acceleration="0"/>
    <motionState vehicle="9" speed="1500" time="5800" acceleration="0"/>
    <motionState vehicle="13" speed="1500" time="5800" acceleration="0"/>
    <motionState vehicle="2" speed="1500" time="5800" acceleration="0"/>
    <motionState vehicle="6" speed="1500" time="5800" acceleration="0"/>
    <motionState vehicle="10" speed="1500" time="5800" acceleration="0"/>
    <motionState vehicle="14" speed="1500" time="5800" acceleration="0"/>
    <motionState vehicle="3" speed="1500" time="5800" acceleration="0"/>
    <motionState vehicle="7" speed="1500" time="5800" acceleration="0"/>
    <motionState vehicle="11" speed="1500" time="5800" acceleration="0"/>
    <motionState vehicle="15" speed="1500" time="5800" acceleration="0"/>
    <motionState vehicle="0" speed="1500" time="5900" acceleration="0"/>
    <motionState vehicle="4" speed="1500" time="5900" acceleration="0"/>
    <motionState vehicle="8" speed="1500" time="5900" acceleration="0"/>
    <motionState vehicle="12" speed="1500" time="5900" acceleration="0"/>
    <motionState vehicle="1" speed="1500" time="5900" acceleration="0"/>
    <motionState vehicle="5" speed="1500" time="5900" acceleration="0"/>
    <motionState vehicle="9" speed="1500" time="5900" acceleration="0"/>
    <motionState vehicle="13" speed="1500" time="5900" acceleration="0"/>
    <motionState vehicle="2" speed="1500" time="5900" acceleration="0"/>
    <motionState vehicle="6" speed="1500" time="5900" acceleration="0"/>
    <motionState vehicle="10" speed="1500" time="5900" acceleration="0"/>
    <motionState vehicle="14" speed="1500" time="5900" acceleration="0"/>
    <motionState vehicle="3" speed="1500" time="5900" acceleration="0"/>
    <motionState vehicle="7" speed="1500" time="5900" acceleration="0"/>
    <motionState vehicle="11" speed="1500" time="5900" acceleration="0"/>
    <motionState vehicle="15" speed="1500" time="5900" acceleration="0"/>
    <motionState vehicle="0" speed="1500" time="6000" acceleration="0"/>
    <motionState vehicle="4" speed="1500" time="6000" acceleration="0"/>
    <motionState vehicle="8" speed="1500" time="6000" acceleration="0"/>
    <motionState vehicle="12" speed="1500" time="6000" acceleration="0"/>
    <motionState vehicle="1" speed="1500" time="6000" acceleration="0"/>
    <motionState vehicle="5" speed="1500" time="6000" acceleration="0"/>
    <motionState vehicle="9" speed="1500" time="6000" acceleration="0"/>
    <motionState vehicle="13" speed="1500" time="6000" acceleration="0"/>
    <motionState vehicle="2" speed="1500" time="6000" acceleration="0"/>
    <motionState vehicle="6" speed="1500" time="6000" acceleration="0"/>
    <motionState vehicle="10" speed="1500" time="6000" acceleration="0"/>
    <motionState vehicle="14" speed="1500" time="6000" acceleration="0"/>
    <motionState vehicle="3" speed="1500" time="6000" acceleration="0"/>
    <motionState vehicle="7" speed="1500" time="6000" acceleration="0"/>
    <motionState vehicle="11" speed="1500" time="6000" acceleration="0"/>
    <motionState vehicle="15" speed="1500" time="6000" acceleration="0"/>
    <motionState vehicle="0" speed="2490" time="6100" acceleration="99010"/>
    <motionState vehicle="4" speed="2490" time="6100" acceleration="99010"/>
    <motionState vehicle="8" speed="2490" time="6100" acceleration="99010"/>
    <motionState vehicle="12" speed="2490" time="6100" acceleration="99010"/>
    <motionState vehicle="1" speed="2490" time="6100" acceleration="99010"/>
    <motionState vehicle="5" speed="2490" time="6100" acceleration="99010"/>
    <motionState vehicle="9" speed="2490" time="6100" acceleration="99010"/>
    <motionState vehicle="13" speed="2490" time="6100" acceleration="99010"/>
    <motionState vehicle="2" speed="2490" time="6100" acceleration="99010"/>
    <motionState vehicle="6" speed="2490" time="6100" acceleration="99010"/>
    <motionState vehicle="10" speed="2490" time="6100" acceleration="99010"/>
    <motionState vehicle="14" speed="2490" time="6100" acceleration="99010"/>
    <motionState vehicle="3" speed="2490" time="6100" acceleration="99010"/>
    <motionState vehicle="7" speed="2490" time="6100" acceleration="99010"/>
    <motionState vehicle="11" speed="2490" time="6100" acceleration="99010"/>
    <motionState vehicle="15" speed="2490" time="6100" acceleration="99010"/>
    <motionState vehicle="0" speed="2500" time="6200" acceleration="980"/>
    <motionState vehicle="4" speed="2500" time="6200" acceleration="980"/>
    <motionState vehicle="8" speed="2500" time="6200" acceleration="980"/>
    <motionState vehicle="12" speed="2500" time="6200" acceleration="980"/>
    <motionState vehicle="1" speed="2500" time="6200" acceleration="980"/>
    <motionState vehicle="5" speed="2500" time="6200" acceleration="980"/>
    <motionState vehicle="9" speed="2500" time="6200" acceleration="980"/>
    <motionState vehicle="13" speed="2500" time="6200" acceleration="980"/>
    <motionState vehicle="2" speed="2500" time="6200" acceleration="980"/>
    <motionState vehicle="6" speed="2500" time="6200" acceleration="980"/>
    <motionState vehicle="10" speed="2500" time="6200" acceleration="980"/>
    <motionState vehicle="14" speed="2500" time="6200" acceleration="980"/>
    <motionState vehicle="3" speed="2500" time="6200" acceleration="980"/>
    <motionState vehicle="7" speed="2500" time="6200" acceleration="980"/>
    <motionState vehicle="11" speed="2500" time="6200" acceleration="980"/>
    <motionState vehicle="15" speed="2500" time="6200" acceleration="980"/>
    <motionState vehicle="0" speed="2500" time="6300" acceleration="10"/>
    <motionState vehicle="4" speed="2500" time="6300" acceleration="10"/>
    <motionState vehicle="8" speed="2500" time="6300" acceleration="10"/>
    <motionState vehicle="12" speed="2500" time="6300" acceleration="10"/>
    <motionState vehicle="1" speed="2500" time="6300" acceleration="10"/>
    <motionState vehicle="5" speed="2500" time="6300" acceleration="10"/>
    <motionState vehicle="9" speed="2500" time="6300" acceleration="10"/>
    <motionState vehicle="13" speed="2500" time="6300" acceleration="10"/>
    <motionState vehicle="2" speed="2500" time="6300" acceleration="10"/>
    <motionState vehicle="6" speed="2500" time="6300" acceleration="10"/>
    <motionState vehicle="10" speed="2500" time="6300" acceleration="10"/>
    <motionState vehicle="14" speed="2500" time="6300" acceleration="10"/>
    <motionState vehicle="3" speed="2500" time="6300" acceleration="10"/>
    <motionState vehicle="7" speed="2500" time="6300" acceleration="10"/>
    <motionState vehicle="11" speed="2500" time="6300" acceleration="10"/>
    <motionState vehicle="15" speed="2500" time="6300" acceleration="10"/>
    <motionState vehicle="0" speed="2500" time="6400" acceleration="0"/>
    <motionState vehicle="4" speed="2500" time="6400" acceleration="0"/>
    <motionState vehicle="8" speed="2500" time="6400" acceleration="0"/>
    <motionState vehicle="12" speed="2500" time="6400" acceleration="0"/>
    <motionState vehicle="1" speed="2500" time="6400" acceleration="0"/>
    <motionState vehicle="5" speed="2500" time="6400" acceleration="0"/>
    <motionState vehicle="9" speed="2500" time="6400" acceleration="0"/>
    <motionState vehicle="13" speed="2500" time="6400" acceleration="0"/>
    <motionState vehicle="2" speed="2500" time="6400" acceleration="0"/>
    <motionState vehicle="6" speed="2500" time="6400" acceleration="0"/>
    <motionState vehicle="10" speed="2500" time="6400" acceleration="0"/>
    <motionState vehicle="14" speed="2500" time="6400" acceleration="0"/>
    <motionState vehicle="3" speed="2500" time="6400" acceleration="0"/>
    <motionState vehicle="7" speed="2500" time="6400" acceleration="0"/>
    <motionState vehicle="11" speed="2500" time="6400" acceleration="0"/>
    <motionState vehicle="15" speed="2500" time="6400" acceleration="0"/>
    <motionState vehicle="0" speed="2500" time="6500" acceleration="0"/>
    <motionState vehicle="4" speed="2500" time="6500" acceleration="0"/>
    <motionState vehicle="8" speed="2500" time="6500" acceleration="0"/>
    <motionState vehicle="12" speed="2500" time="6500" acceleration="0"/>
    <motionState vehicle="1" speed="2500" time="6500" acceleration="0"/>
    <motionState vehicle="5" speed="2500" time="6500" acceleration="0"/>
    <motionState vehicle="9" speed="2500" time="6500" acceleration="0"/>
    <motionState vehicle="13" speed="2500" time="6500" acceleration="0"/>
    <motionState vehicle="2" speed="2500" time="6500" acceleration="0"/>
    <motionState vehicle="6" speed="2500" time="6500" acceleration="0"/>
    <motionState vehicle="10" speed="2500" time="6500" acceleration="0"/>
    <motionState vehicle="14" speed="2500" time="6500" acceleration="0"/>
    <motionState vehicle="3" speed="2500" time="6500" acceleration="0"/>
    <motionState vehicle="7" speed="2500" time="6500" acceleration="0"/>
    <motionState vehicle="11" speed="2500" time="6500" acceleration="0"/>
    <motionState vehicle="15" speed="2500" time="6500" acceleration="0"/>
    <motionState vehicle="0" speed="2500" time="6600" acceleration="0"/>
    <motionState vehicle="4" speed="2500" time="6600" acceleration="0"/>
    <motionState vehicle="8" speed="2500" time="6600" acceleration="0"/>
    <motionState vehicle="12" speed="2500" time="6600" acceleration="0"/>
    <motionState vehicle="1" speed="2500" time="6600" acceleration="0"/>
    <motionState vehicle="5" speed="2500" time="6600" acceleration="0"/>
    <motionState vehicle="9" speed="2500" time="6600" acceleration="0"/>
    <motionState vehicle="13" speed="2500" time="6600" acceleration="0"/>
    <motionState vehicle="2" speed="2500" time="6600" acceleration="0"/>
    <motionState vehicle="6" speed="2500" time="6600" acceleration="0"/>
    <motionState vehicle="10" speed="2500" time="6600" acceleration="0"/>
    <motionState vehicle="14" speed="2500" time="6600" acceleration="0"/>
    <motionState vehicle="3" speed="2500" time="6600" acceleration="0"/>
    <motionState vehicle="7" speed="2500" time="6600" acceleration="0"/>
    <motionState vehicle="11" speed="2500" time="6600" acceleration="0"/>
    <motionState vehicle="15" speed="2500" time="6600" acceleration="0"/>
    <motionState vehicle="0" speed="2500" time="6700" acceleration="0"/>
    <motionState vehicle="4" speed="2500" time="6700" acceleration="0"/>
    <motionState vehicle="8" speed="2500" time="6700" acceleration="0"/>
    <motionState vehicle="12" speed="2500" time="6700" acceleration="0"/>
    <motionState vehicle="1" speed="2500" time="6700" acceleration="0"/>
    <motionState vehicle="5" speed="2500" time="6700" acceleration="0"/>
    <motionState vehicle="9" speed="2500" time="6700" acceleration="0"/>
    <motionState vehicle="13" speed="2500" time="6700" acceleration="0"/>
    <motionState vehicle="2" speed="2500" time="6700" acceleration="0"/>
    <motionState vehicle="6" speed="2500" time="6700" acceleration="0"/>
    <motionState vehicle="10" speed="2500" time="6700" acceleration="0"/>
    <motionState vehicle="14" speed="2500" time="6700" acceleration="0"/>
    <motionState vehicle="3" speed="2500" time="6700" acceleration="0"/>
    <motionState vehicle="7" speed="2500" time="6700" acceleration="0"/>
    <motionState vehicle="11" speed="2500" time="6700" acceleration="0"/>
    <motionState vehicle="15" speed="2500" time="6700" acceleration="0"/>
    <motionState vehicle="0" speed="2500" time="6800" acceleration="0"/>
    <motionState vehicle="4" speed="2500" time="6800" acceleration="0"/>
    <motionState vehicle="8" speed="2500" time="6800" acceleration="0"/>
    <motionState vehicle="12" speed="2500" time="6800" acceleration="0"/>
    <motionState vehicle="1" speed="2500" time="6800" acceleration="0"/>
    <motionState vehicle="5" speed="2500" time="6800" acceleration="0"/>
    <motionState vehicle="9" speed="2500" time="6800" acceleration="0"/>
    <motionState vehicle="13" speed="2500" time="6800" acceleration="0"/>
    <motionState vehicle="2" speed="2500" time="6800" acceleration="0"/>
    <motionState vehicle="6" speed="2500" time="6800" acceleration="0"/>
    <motionState vehicle="10" speed="2500" time="6800" acceleration="0"/>
    <motionState vehicle="14" speed="2500" time="6800" acceleration="0"/>
    <motionState vehicle="3" speed="2500" time="6800" acceleration="0"/>
    <motionState vehicle="7" speed="2500" time="6800" acceleration="0"/>
    <motionState vehicle="11" speed="2500" time="6800" acceleration="0"/>
    <motionState vehicle="15" speed="2500" time="6800" acceleration="0"/>
    <motionState vehicle="0" speed="2500" time="6900" acceleration="0"/>
    <motionState vehicle="4" speed="2500" time="6900" acceleration="0"/>
    <motionState vehicle="8" speed="2500" time="6900" acceleration="0"/>
    <motionState vehicle="12" speed="2500" time="6900" acceleration="0"/>
    <motionState vehicle="1" speed="2500" time="6900" acceleration="0"/>
    <motionState vehicle="5" speed="2500" time="6900" acceleration="0"/>
    <motionState vehicle="9" speed="2500" time="6900" acceleration="0"/>
    <motionState vehicle="13" speed="2500" time="6900" acceleration="0"/>
    <motionState vehicle="2" speed="2500" time="6900" acceleration="0"/>
    <motionState vehicle="6" speed="2500" time="6900" acceleration="0"/>
    <motionState vehicle="10" speed="2500" time="6900" acceleration="0"/>
    <motionState vehicle="14" speed="2500" time="6900" acceleration="0"/>
    <motionState vehicle="3" speed="2500" time="6900" acceleration="0"/>
    <motionState vehicle="7" speed="2500" time="6900" acceleration="0"/>
    <motionState vehicle="11" speed="2500" time="6900" acceleration="0"/>
    <motionState vehicle="15" speed="2500" time="6900" acceleration="0"/>
    <motionState vehicle="0" speed="2500" time="7000" acceleration="0"/>
    <motionState vehicle="4" speed="2500" time="7000" acceleration="0"/>
    <motionState vehicle="8" speed="2500" time="7000" acceleration="0"/>
    <motionState vehicle="12" speed="2500" time="7000" acceleration="0"/>
    <motionState vehicle="1" speed="2500" time="7000" acceleration="0"/>
    <motionState vehicle="5" speed="2500" time="7000" acceleration="0"/>
    <motionState vehicle="9" speed="2500" time="7000" acceleration="0"/>
    <motionState vehicle="13" speed="2500" time="7000" acceleration="0"/>
    <motionState vehicle="2" speed="2500" time="7000" acceleration="0"/>
    <motionState vehicle="6" speed="2500" time="7000" acceleration="0"/>
    <motionState vehicle="10" speed="2500" time="7000" acceleration="0"/>
    <motionState vehicle="14" speed="2500" time="7000" acceleration="0"/>
    <motionState vehicle="3" speed="2500" time="7000" acceleration="0"/>
    <motionState vehicle="7" speed="2500" time="7000" acceleration="0"/>
    <motionState vehicle="11" speed="2500" time="7000" acceleration="0"/>
    <motionState vehicle="15" speed="2500" time="7000" acceleration="0"/>
    <motionState vehicle="0" speed="2455" time="7100" acceleration="-4499"/>
    <motionState vehicle="4" speed="2522" time="7100" acceleration="2232"/>
    <motionState vehicle="8" speed="2455" time="7100" acceleration="-4499"/>
    <motionState vehicle="12" speed="2455" time="7100" acceleration="-4499"/>
    <motionState vehicle="1" speed="2455" time="7100" acceleration="-4499"/>
    <motionState vehicle="5" speed="2519" time="7100" acceleration="1916"/>
    <motionState vehicle="9" speed="2455" time="7100" acceleration="-4499"/>
    <motionState vehicle="13" speed="2455" time="7100" acceleration="-4499"/>
    <motionState vehicle="2" speed="2455" time="7100" acceleration="-4499"/>
    <motionState vehicle="6" speed="2514" time="7100" acceleration="1441"/>
    <motionState vehicle="10" speed="2455" time="7100" acceleration="-4499"/>
    <motionState vehicle="14" speed="2455" time="7100" acceleration="-4499"/>
    <motionState vehicle="3" speed="2455" time="7100" acceleration="-4499"/>
    <motionState vehicle="7" speed="2522" time="7100" acceleration="2160"/>
    <motionState vehicle="11" speed="2455" time="7100" acceleration="-4499"/>
    <motionState vehicle="15" speed="2455" time="7100" acceleration="-4499"/>
</trajectories>
