<?xml version="1.0" encoding="UTF-8"?>

<!-- generated on Wed Feb  1 11:41:00 2017 by SUMO gui Version 0.27.1
<?xml version="1.0" encoding="UTF-8"?>

<configuration xmlns:xsi="http://www.w3.org/2001/XMLSchema-instance" xsi:noNamespaceSchemaLocation="http://sumo.dlr.de/xsd/sumo-gui.exeConfiguration.xsd">

    <input>
        <net-file value="debug/cfg/test-exp-400m1l.net.xml"/>
        <route-files value="debug/cfg/test-exp-400m1l.rou.xml"/>
        <additional-files value="debug/cfg/test-exp-400m1l.add.xml"/>
    </input>

    <output>
        <netstate-dump value="debug/cfg/data/test-exp-400m1l.netstate.xml"/>
        <emission-output value="debug/cfg/data/test-exp-400m1l.emission.xml"/>
        <amitran-output value="debug/cfg/data/test-exp-400m1l.amitran.xml"/>
        <lanechange-output value="debug/cfg/data/test-exp-400m1l.lanechange.xml"/>
    </output>

    <time>
        <begin value="0"/>
        <end value="3000"/>
        <step-length value="0.1"/>
    </time>

    <traci_server>
        <remote-port value="8873"/>
    </traci_server>

    <gui_only>
        <gui-settings-file value="debug/cfg/test-exp-400m1l.gui.cfg"/>
    </gui_only>

</configuration>
-->

<netstate xmlns:xsi="http://www.w3.org/2001/XMLSchema-instance" xsi:noNamespaceSchemaLocation="http://sumo.dlr.de/xsd/netstate_file.xsd">
    <timestep time="0.00">
        <edge id="bottom">
            <lane id="bottom_0">
                <vehicle id="rlbottom.0" pos="0.00" speed="0.00"/>
            </lane>
        </edge>
        <edge id="left">
            <lane id="left_0">
                <vehicle id="rlleft.0" pos="0.00" speed="0.00"/>
            </lane>
        </edge>
        <edge id="right">
            <lane id="right_0">
                <vehicle id="rlright.0" pos="0.00" speed="0.00"/>
            </lane>
        </edge>
        <edge id="top">
            <lane id="top_0">
                <vehicle id="rltop.0" pos="0.00" speed="0.00"/>
            </lane>
        </edge>
    </timestep>
    <timestep time="0.10">
        <edge id="bottom">
            <lane id="bottom_0">
                <vehicle id="rlbottom.0" pos="1.00" speed="10.00"/>
            </lane>
        </edge>
        <edge id="left">
            <lane id="left_0">
                <vehicle id="rlleft.0" pos="1.00" speed="10.00"/>
            </lane>
        </edge>
        <edge id="right">
            <lane id="right_0">
                <vehicle id="rlright.0" pos="1.00" speed="10.00"/>
            </lane>
        </edge>
        <edge id="top">
            <lane id="top_0">
                <vehicle id="rltop.0" pos="1.00" speed="10.00"/>
            </lane>
        </edge>
    </timestep>
    <timestep time="0.20">
        <edge id="bottom">
            <lane id="bottom_0">
                <vehicle id="rlbottom.0" pos="2.00" speed="10.00"/>
            </lane>
        </edge>
        <edge id="left">
            <lane id="left_0">
                <vehicle id="rlleft.0" pos="2.00" speed="10.00"/>
            </lane>
        </edge>
        <edge id="right">
            <lane id="right_0">
                <vehicle id="rlright.0" pos="2.00" speed="10.00"/>
            </lane>
        </edge>
        <edge id="top">
            <lane id="top_0">
                <vehicle id="rltop.0" pos="2.00" speed="10.00"/>
            </lane>
        </edge>
    </timestep>
    <timestep time="0.30">
        <edge id="bottom">
            <lane id="bottom_0">
                <vehicle id="rlbottom.0" pos="3.00" speed="10.00"/>
            </lane>
        </edge>
        <edge id="left">
            <lane id="left_0">
                <vehicle id="rlleft.0" pos="3.00" speed="10.00"/>
            </lane>
        </edge>
        <edge id="right">
            <lane id="right_0">
                <vehicle id="rlright.0" pos="3.00" speed="10.00"/>
            </lane>
        </edge>
        <edge id="top">
            <lane id="top_0">
                <vehicle id="rltop.0" pos="3.00" speed="10.00"/>
            </lane>
        </edge>
    </timestep>
    <timestep time="0.40">
        <edge id="bottom">
            <lane id="bottom_0">
                <vehicle id="rlbottom.0" pos="4.00" speed="10.00"/>
            </lane>
        </edge>
        <edge id="left">
            <lane id="left_0">
                <vehicle id="rlleft.0" pos="4.00" speed="10.00"/>
            </lane>
        </edge>
        <edge id="right">
            <lane id="right_0">
                <vehicle id="rlright.0" pos="4.00" speed="10.00"/>
            </lane>
        </edge>
        <edge id="top">
            <lane id="top_0">
                <vehicle id="rltop.0" pos="4.00" speed="10.00"/>
            </lane>
        </edge>
    </timestep>
    <timestep time="0.50">
        <edge id="bottom">
            <lane id="bottom_0">
                <vehicle id="rlbottom.0" pos="5.00" speed="10.00"/>
            </lane>
        </edge>
        <edge id="left">
            <lane id="left_0">
                <vehicle id="rlleft.0" pos="5.00" speed="10.00"/>
            </lane>
        </edge>
        <edge id="right">
            <lane id="right_0">
                <vehicle id="rlright.0" pos="5.00" speed="10.00"/>
            </lane>
        </edge>
        <edge id="top">
            <lane id="top_0">
                <vehicle id="rltop.0" pos="5.00" speed="10.00"/>
            </lane>
        </edge>
    </timestep>
    <timestep time="0.60">
        <edge id="bottom">
            <lane id="bottom_0">
                <vehicle id="rlbottom.0" pos="6.00" speed="10.00"/>
            </lane>
        </edge>
        <edge id="left">
            <lane id="left_0">
                <vehicle id="rlleft.0" pos="6.00" speed="10.00"/>
            </lane>
        </edge>
        <edge id="right">
            <lane id="right_0">
                <vehicle id="rlright.0" pos="6.00" speed="10.00"/>
            </lane>
        </edge>
        <edge id="top">
            <lane id="top_0">
                <vehicle id="rltop.0" pos="6.00" speed="10.00"/>
            </lane>
        </edge>
    </timestep>
    <timestep time="0.70">
        <edge id="bottom">
            <lane id="bottom_0">
                <vehicle id="rlbottom.0" pos="7.00" speed="10.00"/>
            </lane>
        </edge>
        <edge id="left">
            <lane id="left_0">
                <vehicle id="rlleft.0" pos="7.00" speed="10.00"/>
            </lane>
        </edge>
        <edge id="right">
            <lane id="right_0">
                <vehicle id="rlright.0" pos="7.00" speed="10.00"/>
            </lane>
        </edge>
        <edge id="top">
            <lane id="top_0">
                <vehicle id="rltop.0" pos="7.00" speed="10.00"/>
            </lane>
        </edge>
    </timestep>
    <timestep time="0.80">
        <edge id="bottom">
            <lane id="bottom_0">
                <vehicle id="rlbottom.0" pos="8.00" speed="10.00"/>
            </lane>
        </edge>
        <edge id="left">
            <lane id="left_0">
                <vehicle id="rlleft.0" pos="8.00" speed="10.00"/>
            </lane>
        </edge>
        <edge id="right">
            <lane id="right_0">
                <vehicle id="rlright.0" pos="8.00" speed="10.00"/>
            </lane>
        </edge>
        <edge id="top">
            <lane id="top_0">
                <vehicle id="rltop.0" pos="8.00" speed="10.00"/>
            </lane>
        </edge>
    </timestep>
    <timestep time="0.90">
        <edge id="bottom">
            <lane id="bottom_0">
                <vehicle id="rlbottom.0" pos="9.00" speed="10.00"/>
            </lane>
        </edge>
        <edge id="left">
            <lane id="left_0">
                <vehicle id="rlleft.0" pos="9.00" speed="10.00"/>
            </lane>
        </edge>
        <edge id="right">
            <lane id="right_0">
                <vehicle id="rlright.0" pos="9.00" speed="10.00"/>
            </lane>
        </edge>
        <edge id="top">
            <lane id="top_0">
                <vehicle id="rltop.0" pos="9.00" speed="10.00"/>
            </lane>
        </edge>
    </timestep>
    <timestep time="1.00">
        <edge id="bottom">
            <lane id="bottom_0">
                <vehicle id="rlbottom.0" pos="10.00" speed="10.00"/>
                <vehicle id="rlbottom.1" pos="38.22" speed="0.00"/>
            </lane>
        </edge>
        <edge id="left">
            <lane id="left_0">
                <vehicle id="rlleft.0" pos="10.00" speed="10.00"/>
                <vehicle id="rlleft.1" pos="38.22" speed="0.00"/>
            </lane>
        </edge>
        <edge id="right">
            <lane id="right_0">
                <vehicle id="rlright.0" pos="10.00" speed="10.00"/>
                <vehicle id="rlright.1" pos="38.22" speed="0.00"/>
            </lane>
        </edge>
        <edge id="top">
            <lane id="top_0">
                <vehicle id="rltop.0" pos="10.00" speed="10.00"/>
                <vehicle id="rltop.1" pos="38.22" speed="0.00"/>
            </lane>
        </edge>
    </timestep>
    <timestep time="1.10">
        <edge id="bottom">
            <lane id="bottom_0">
                <vehicle id="rlbottom.0" pos="11.00" speed="10.00"/>
                <vehicle id="rlbottom.1" pos="39.22" speed="10.00"/>
            </lane>
        </edge>
        <edge id="left">
            <lane id="left_0">
                <vehicle id="rlleft.0" pos="11.00" speed="10.00"/>
                <vehicle id="rlleft.1" pos="39.22" speed="10.00"/>
            </lane>
        </edge>
        <edge id="right">
            <lane id="right_0">
                <vehicle id="rlright.0" pos="11.00" speed="10.00"/>
                <vehicle id="rlright.1" pos="39.22" speed="10.00"/>
            </lane>
        </edge>
        <edge id="top">
            <lane id="top_0">
                <vehicle id="rltop.0" pos="11.00" speed="10.00"/>
                <vehicle id="rltop.1" pos="39.22" speed="10.00"/>
            </lane>
        </edge>
    </timestep>
    <timestep time="1.20">
        <edge id="bottom">
            <lane id="bottom_0">
                <vehicle id="rlbottom.0" pos="12.00" speed="10.00"/>
                <vehicle id="rlbottom.1" pos="40.22" speed="10.00"/>
            </lane>
        </edge>
        <edge id="left">
            <lane id="left_0">
                <vehicle id="rlleft.0" pos="12.00" speed="10.00"/>
                <vehicle id="rlleft.1" pos="40.22" speed="10.00"/>
            </lane>
        </edge>
        <edge id="right">
            <lane id="right_0">
                <vehicle id="rlright.0" pos="12.00" speed="10.00"/>
                <vehicle id="rlright.1" pos="40.22" speed="10.00"/>
            </lane>
        </edge>
        <edge id="top">
            <lane id="top_0">
                <vehicle id="rltop.0" pos="12.00" speed="10.00"/>
                <vehicle id="rltop.1" pos="40.22" speed="10.00"/>
            </lane>
        </edge>
    </timestep>
    <timestep time="1.30">
        <edge id="bottom">
            <lane id="bottom_0">
                <vehicle id="rlbottom.0" pos="13.00" speed="10.00"/>
                <vehicle id="rlbottom.1" pos="41.22" speed="10.00"/>
            </lane>
        </edge>
        <edge id="left">
            <lane id="left_0">
                <vehicle id="rlleft.0" pos="13.00" speed="10.00"/>
                <vehicle id="rlleft.1" pos="41.22" speed="10.00"/>
            </lane>
        </edge>
        <edge id="right">
            <lane id="right_0">
                <vehicle id="rlright.0" pos="13.00" speed="10.00"/>
                <vehicle id="rlright.1" pos="41.22" speed="10.00"/>
            </lane>
        </edge>
        <edge id="top">
            <lane id="top_0">
                <vehicle id="rltop.0" pos="13.00" speed="10.00"/>
                <vehicle id="rltop.1" pos="41.22" speed="10.00"/>
            </lane>
        </edge>
    </timestep>
    <timestep time="1.40">
        <edge id="bottom">
            <lane id="bottom_0">
                <vehicle id="rlbottom.0" pos="14.00" speed="10.00"/>
                <vehicle id="rlbottom.1" pos="42.22" speed="10.00"/>
            </lane>
        </edge>
        <edge id="left">
            <lane id="left_0">
                <vehicle id="rlleft.0" pos="14.00" speed="10.00"/>
                <vehicle id="rlleft.1" pos="42.22" speed="10.00"/>
            </lane>
        </edge>
        <edge id="right">
            <lane id="right_0">
                <vehicle id="rlright.0" pos="14.00" speed="10.00"/>
                <vehicle id="rlright.1" pos="42.22" speed="10.00"/>
            </lane>
        </edge>
        <edge id="top">
            <lane id="top_0">
                <vehicle id="rltop.0" pos="14.00" speed="10.00"/>
                <vehicle id="rltop.1" pos="42.22" speed="10.00"/>
            </lane>
        </edge>
    </timestep>
    <timestep time="1.50">
        <edge id="bottom">
            <lane id="bottom_0">
                <vehicle id="rlbottom.0" pos="15.00" speed="10.00"/>
                <vehicle id="rlbottom.1" pos="43.22" speed="10.00"/>
            </lane>
        </edge>
        <edge id="left">
            <lane id="left_0">
                <vehicle id="rlleft.0" pos="15.00" speed="10.00"/>
                <vehicle id="rlleft.1" pos="43.22" speed="10.00"/>
            </lane>
        </edge>
        <edge id="right">
            <lane id="right_0">
                <vehicle id="rlright.0" pos="15.00" speed="10.00"/>
                <vehicle id="rlright.1" pos="43.22" speed="10.00"/>
            </lane>
        </edge>
        <edge id="top">
            <lane id="top_0">
                <vehicle id="rltop.0" pos="15.00" speed="10.00"/>
                <vehicle id="rltop.1" pos="43.22" speed="10.00"/>
            </lane>
        </edge>
    </timestep>
    <timestep time="1.60">
        <edge id="bottom">
            <lane id="bottom_0">
                <vehicle id="rlbottom.0" pos="16.00" speed="10.00"/>
                <vehicle id="rlbottom.1" pos="44.22" speed="10.00"/>
            </lane>
        </edge>
        <edge id="left">
            <lane id="left_0">
                <vehicle id="rlleft.0" pos="16.00" speed="10.00"/>
                <vehicle id="rlleft.1" pos="44.22" speed="10.00"/>
            </lane>
        </edge>
        <edge id="right">
            <lane id="right_0">
                <vehicle id="rlright.0" pos="16.00" speed="10.00"/>
                <vehicle id="rlright.1" pos="44.22" speed="10.00"/>
            </lane>
        </edge>
        <edge id="top">
            <lane id="top_0">
                <vehicle id="rltop.0" pos="16.00" speed="10.00"/>
                <vehicle id="rltop.1" pos="44.22" speed="10.00"/>
            </lane>
        </edge>
    </timestep>
    <timestep time="1.70">
        <edge id="bottom">
            <lane id="bottom_0">
                <vehicle id="rlbottom.0" pos="17.00" speed="10.00"/>
                <vehicle id="rlbottom.1" pos="45.22" speed="10.00"/>
            </lane>
        </edge>
        <edge id="left">
            <lane id="left_0">
                <vehicle id="rlleft.0" pos="17.00" speed="10.00"/>
                <vehicle id="rlleft.1" pos="45.22" speed="10.00"/>
            </lane>
        </edge>
        <edge id="right">
            <lane id="right_0">
                <vehicle id="rlright.0" pos="17.00" speed="10.00"/>
                <vehicle id="rlright.1" pos="45.22" speed="10.00"/>
            </lane>
        </edge>
        <edge id="top">
            <lane id="top_0">
                <vehicle id="rltop.0" pos="17.00" speed="10.00"/>
                <vehicle id="rltop.1" pos="45.22" speed="10.00"/>
            </lane>
        </edge>
    </timestep>
    <timestep time="1.80">
        <edge id="bottom">
            <lane id="bottom_0">
                <vehicle id="rlbottom.0" pos="18.00" speed="10.00"/>
                <vehicle id="rlbottom.1" pos="46.22" speed="10.00"/>
            </lane>
        </edge>
        <edge id="left">
            <lane id="left_0">
                <vehicle id="rlleft.0" pos="18.00" speed="10.00"/>
                <vehicle id="rlleft.1" pos="46.22" speed="10.00"/>
            </lane>
        </edge>
        <edge id="right">
            <lane id="right_0">
                <vehicle id="rlright.0" pos="18.00" speed="10.00"/>
                <vehicle id="rlright.1" pos="46.22" speed="10.00"/>
            </lane>
        </edge>
        <edge id="top">
            <lane id="top_0">
                <vehicle id="rltop.0" pos="18.00" speed="10.00"/>
                <vehicle id="rltop.1" pos="46.22" speed="10.00"/>
            </lane>
        </edge>
    </timestep>
    <timestep time="1.90">
        <edge id="bottom">
            <lane id="bottom_0">
                <vehicle id="rlbottom.0" pos="19.00" speed="10.00"/>
                <vehicle id="rlbottom.1" pos="47.22" speed="10.00"/>
            </lane>
        </edge>
        <edge id="left">
            <lane id="left_0">
                <vehicle id="rlleft.0" pos="19.00" speed="10.00"/>
                <vehicle id="rlleft.1" pos="47.22" speed="10.00"/>
            </lane>
        </edge>
        <edge id="right">
            <lane id="right_0">
                <vehicle id="rlright.0" pos="19.00" speed="10.00"/>
                <vehicle id="rlright.1" pos="47.22" speed="10.00"/>
            </lane>
        </edge>
        <edge id="top">
            <lane id="top_0">
                <vehicle id="rltop.0" pos="19.00" speed="10.00"/>
                <vehicle id="rltop.1" pos="47.22" speed="10.00"/>
            </lane>
        </edge>
    </timestep>
    <timestep time="2.00">
        <edge id="bottom">
            <lane id="bottom_0">
                <vehicle id="rlbottom.2" pos="0.00" speed="0.00"/>
                <vehicle id="rlbottom.0" pos="20.00" speed="10.00"/>
                <vehicle id="rlbottom.1" pos="48.22" speed="10.00"/>
            </lane>
        </edge>
        <edge id="left">
            <lane id="left_0">
                <vehicle id="rlleft.2" pos="0.00" speed="0.00"/>
                <vehicle id="rlleft.0" pos="20.00" speed="10.00"/>
                <vehicle id="rlleft.1" pos="48.22" speed="10.00"/>
            </lane>
        </edge>
        <edge id="right">
            <lane id="right_0">
                <vehicle id="rlright.2" pos="0.00" speed="0.00"/>
                <vehicle id="rlright.0" pos="20.00" speed="10.00"/>
                <vehicle id="rlright.1" pos="48.22" speed="10.00"/>
            </lane>
        </edge>
        <edge id="top">
            <lane id="top_0">
                <vehicle id="rltop.2" pos="0.00" speed="0.00"/>
                <vehicle id="rltop.0" pos="20.00" speed="10.00"/>
                <vehicle id="rltop.1" pos="48.22" speed="10.00"/>
            </lane>
        </edge>
    </timestep>
    <timestep time="2.10">
        <edge id="bottom">
            <lane id="bottom_0">
                <vehicle id="rlbottom.2" pos="1.00" speed="10.00"/>
                <vehicle id="rlbottom.0" pos="21.00" speed="10.00"/>
                <vehicle id="rlbottom.1" pos="49.22" speed="10.00"/>
            </lane>
        </edge>
        <edge id="left">
            <lane id="left_0">
                <vehicle id="rlleft.2" pos="1.00" speed="10.00"/>
                <vehicle id="rlleft.0" pos="21.00" speed="10.00"/>
                <vehicle id="rlleft.1" pos="49.22" speed="10.00"/>
            </lane>
        </edge>
        <edge id="right">
            <lane id="right_0">
                <vehicle id="rlright.2" pos="1.00" speed="10.00"/>
                <vehicle id="rlright.0" pos="21.00" speed="10.00"/>
                <vehicle id="rlright.1" pos="49.22" speed="10.00"/>
            </lane>
        </edge>
        <edge id="top">
            <lane id="top_0">
                <vehicle id="rltop.2" pos="1.00" speed="10.00"/>
                <vehicle id="rltop.0" pos="21.00" speed="10.00"/>
                <vehicle id="rltop.1" pos="49.22" speed="10.00"/>
            </lane>
        </edge>
    </timestep>
    <timestep time="2.20">
        <edge id="bottom">
            <lane id="bottom_0">
                <vehicle id="rlbottom.2" pos="2.00" speed="10.00"/>
                <vehicle id="rlbottom.0" pos="22.00" speed="10.00"/>
                <vehicle id="rlbottom.1" pos="50.22" speed="10.00"/>
            </lane>
        </edge>
        <edge id="left">
            <lane id="left_0">
                <vehicle id="rlleft.2" pos="2.00" speed="10.00"/>
                <vehicle id="rlleft.0" pos="22.00" speed="10.00"/>
                <vehicle id="rlleft.1" pos="50.22" speed="10.00"/>
            </lane>
        </edge>
        <edge id="right">
            <lane id="right_0">
                <vehicle id="rlright.2" pos="2.00" speed="10.00"/>
                <vehicle id="rlright.0" pos="22.00" speed="10.00"/>
                <vehicle id="rlright.1" pos="50.22" speed="10.00"/>
            </lane>
        </edge>
        <edge id="top">
            <lane id="top_0">
                <vehicle id="rltop.2" pos="2.00" speed="10.00"/>
                <vehicle id="rltop.0" pos="22.00" speed="10.00"/>
                <vehicle id="rltop.1" pos="50.22" speed="10.00"/>
            </lane>
        </edge>
    </timestep>
    <timestep time="2.30">
        <edge id="bottom">
            <lane id="bottom_0">
                <vehicle id="rlbottom.2" pos="3.00" speed="10.00"/>
                <vehicle id="rlbottom.0" pos="23.00" speed="10.00"/>
                <vehicle id="rlbottom.1" pos="51.22" speed="10.00"/>
            </lane>
        </edge>
        <edge id="left">
            <lane id="left_0">
                <vehicle id="rlleft.2" pos="3.00" speed="10.00"/>
                <vehicle id="rlleft.0" pos="23.00" speed="10.00"/>
                <vehicle id="rlleft.1" pos="51.22" speed="10.00"/>
            </lane>
        </edge>
        <edge id="right">
            <lane id="right_0">
                <vehicle id="rlright.2" pos="3.00" speed="10.00"/>
                <vehicle id="rlright.0" pos="23.00" speed="10.00"/>
                <vehicle id="rlright.1" pos="51.22" speed="10.00"/>
            </lane>
        </edge>
        <edge id="top">
            <lane id="top_0">
                <vehicle id="rltop.2" pos="3.00" speed="10.00"/>
                <vehicle id="rltop.0" pos="23.00" speed="10.00"/>
                <vehicle id="rltop.1" pos="51.22" speed="10.00"/>
            </lane>
        </edge>
    </timestep>
    <timestep time="2.40">
        <edge id="bottom">
            <lane id="bottom_0">
                <vehicle id="rlbottom.2" pos="4.00" speed="10.00"/>
                <vehicle id="rlbottom.0" pos="24.00" speed="10.00"/>
                <vehicle id="rlbottom.1" pos="52.22" speed="10.00"/>
            </lane>
        </edge>
        <edge id="left">
            <lane id="left_0">
                <vehicle id="rlleft.2" pos="4.00" speed="10.00"/>
                <vehicle id="rlleft.0" pos="24.00" speed="10.00"/>
                <vehicle id="rlleft.1" pos="52.22" speed="10.00"/>
            </lane>
        </edge>
        <edge id="right">
            <lane id="right_0">
                <vehicle id="rlright.2" pos="4.00" speed="10.00"/>
                <vehicle id="rlright.0" pos="24.00" speed="10.00"/>
                <vehicle id="rlright.1" pos="52.22" speed="10.00"/>
            </lane>
        </edge>
        <edge id="top">
            <lane id="top_0">
                <vehicle id="rltop.2" pos="4.00" speed="10.00"/>
                <vehicle id="rltop.0" pos="24.00" speed="10.00"/>
                <vehicle id="rltop.1" pos="52.22" speed="10.00"/>
            </lane>
        </edge>
    </timestep>
    <timestep time="2.50">
        <edge id="bottom">
            <lane id="bottom_0">
                <vehicle id="rlbottom.2" pos="5.00" speed="10.00"/>
                <vehicle id="rlbottom.0" pos="25.00" speed="10.00"/>
                <vehicle id="rlbottom.1" pos="53.22" speed="10.00"/>
            </lane>
        </edge>
        <edge id="left">
            <lane id="left_0">
                <vehicle id="rlleft.2" pos="5.00" speed="10.00"/>
                <vehicle id="rlleft.0" pos="25.00" speed="10.00"/>
                <vehicle id="rlleft.1" pos="53.22" speed="10.00"/>
            </lane>
        </edge>
        <edge id="right">
            <lane id="right_0">
                <vehicle id="rlright.2" pos="5.00" speed="10.00"/>
                <vehicle id="rlright.0" pos="25.00" speed="10.00"/>
                <vehicle id="rlright.1" pos="53.22" speed="10.00"/>
            </lane>
        </edge>
        <edge id="top">
            <lane id="top_0">
                <vehicle id="rltop.2" pos="5.00" speed="10.00"/>
                <vehicle id="rltop.0" pos="25.00" speed="10.00"/>
                <vehicle id="rltop.1" pos="53.22" speed="10.00"/>
            </lane>
        </edge>
    </timestep>
    <timestep time="2.60">
        <edge id="bottom">
            <lane id="bottom_0">
                <vehicle id="rlbottom.2" pos="6.00" speed="10.00"/>
                <vehicle id="rlbottom.0" pos="26.00" speed="10.00"/>
                <vehicle id="rlbottom.1" pos="54.22" speed="10.00"/>
            </lane>
        </edge>
        <edge id="left">
            <lane id="left_0">
                <vehicle id="rlleft.2" pos="6.00" speed="10.00"/>
                <vehicle id="rlleft.0" pos="26.00" speed="10.00"/>
                <vehicle id="rlleft.1" pos="54.22" speed="10.00"/>
            </lane>
        </edge>
        <edge id="right">
            <lane id="right_0">
                <vehicle id="rlright.2" pos="6.00" speed="10.00"/>
                <vehicle id="rlright.0" pos="26.00" speed="10.00"/>
                <vehicle id="rlright.1" pos="54.22" speed="10.00"/>
            </lane>
        </edge>
        <edge id="top">
            <lane id="top_0">
                <vehicle id="rltop.2" pos="6.00" speed="10.00"/>
                <vehicle id="rltop.0" pos="26.00" speed="10.00"/>
                <vehicle id="rltop.1" pos="54.22" speed="10.00"/>
            </lane>
        </edge>
    </timestep>
    <timestep time="2.70">
        <edge id="bottom">
            <lane id="bottom_0">
                <vehicle id="rlbottom.2" pos="7.00" speed="10.00"/>
                <vehicle id="rlbottom.0" pos="27.00" speed="10.00"/>
                <vehicle id="rlbottom.1" pos="55.22" speed="10.00"/>
            </lane>
        </edge>
        <edge id="left">
            <lane id="left_0">
                <vehicle id="rlleft.2" pos="7.00" speed="10.00"/>
                <vehicle id="rlleft.0" pos="27.00" speed="10.00"/>
                <vehicle id="rlleft.1" pos="55.22" speed="10.00"/>
            </lane>
        </edge>
        <edge id="right">
            <lane id="right_0">
                <vehicle id="rlright.2" pos="7.00" speed="10.00"/>
                <vehicle id="rlright.0" pos="27.00" speed="10.00"/>
                <vehicle id="rlright.1" pos="55.22" speed="10.00"/>
            </lane>
        </edge>
        <edge id="top">
            <lane id="top_0">
                <vehicle id="rltop.2" pos="7.00" speed="10.00"/>
                <vehicle id="rltop.0" pos="27.00" speed="10.00"/>
                <vehicle id="rltop.1" pos="55.22" speed="10.00"/>
            </lane>
        </edge>
    </timestep>
    <timestep time="2.80">
        <edge id="bottom">
            <lane id="bottom_0">
                <vehicle id="rlbottom.2" pos="8.00" speed="10.00"/>
                <vehicle id="rlbottom.0" pos="28.00" speed="10.00"/>
                <vehicle id="rlbottom.1" pos="56.22" speed="10.00"/>
            </lane>
        </edge>
        <edge id="left">
            <lane id="left_0">
                <vehicle id="rlleft.2" pos="8.00" speed="10.00"/>
                <vehicle id="rlleft.0" pos="28.00" speed="10.00"/>
                <vehicle id="rlleft.1" pos="56.22" speed="10.00"/>
            </lane>
        </edge>
        <edge id="right">
            <lane id="right_0">
                <vehicle id="rlright.2" pos="8.00" speed="10.00"/>
                <vehicle id="rlright.0" pos="28.00" speed="10.00"/>
                <vehicle id="rlright.1" pos="56.22" speed="10.00"/>
            </lane>
        </edge>
        <edge id="top">
            <lane id="top_0">
                <vehicle id="rltop.2" pos="8.00" speed="10.00"/>
                <vehicle id="rltop.0" pos="28.00" speed="10.00"/>
                <vehicle id="rltop.1" pos="56.22" speed="10.00"/>
            </lane>
        </edge>
    </timestep>
    <timestep time="2.90">
        <edge id="bottom">
            <lane id="bottom_0">
                <vehicle id="rlbottom.2" pos="9.00" speed="10.00"/>
                <vehicle id="rlbottom.0" pos="29.00" speed="10.00"/>
                <vehicle id="rlbottom.1" pos="57.22" speed="10.00"/>
            </lane>
        </edge>
        <edge id="left">
            <lane id="left_0">
                <vehicle id="rlleft.2" pos="9.00" speed="10.00"/>
                <vehicle id="rlleft.0" pos="29.00" speed="10.00"/>
                <vehicle id="rlleft.1" pos="57.22" speed="10.00"/>
            </lane>
        </edge>
        <edge id="right">
            <lane id="right_0">
                <vehicle id="rlright.2" pos="9.00" speed="10.00"/>
                <vehicle id="rlright.0" pos="29.00" speed="10.00"/>
                <vehicle id="rlright.1" pos="57.22" speed="10.00"/>
            </lane>
        </edge>
        <edge id="top">
            <lane id="top_0">
                <vehicle id="rltop.2" pos="9.00" speed="10.00"/>
                <vehicle id="rltop.0" pos="29.00" speed="10.00"/>
                <vehicle id="rltop.1" pos="57.22" speed="10.00"/>
            </lane>
        </edge>
    </timestep>
    <timestep time="3.00">
        <edge id="bottom">
            <lane id="bottom_0">
                <vehicle id="rlbottom.3" pos="0.00" speed="0.00"/>
                <vehicle id="rlbottom.2" pos="10.00" speed="10.00"/>
                <vehicle id="rlbottom.0" pos="30.00" speed="10.00"/>
                <vehicle id="rlbottom.1" pos="58.22" speed="10.00"/>
            </lane>
        </edge>
        <edge id="left">
            <lane id="left_0">
                <vehicle id="rlleft.3" pos="0.00" speed="0.00"/>
                <vehicle id="rlleft.2" pos="10.00" speed="10.00"/>
                <vehicle id="rlleft.0" pos="30.00" speed="10.00"/>
                <vehicle id="rlleft.1" pos="58.22" speed="10.00"/>
            </lane>
        </edge>
        <edge id="right">
            <lane id="right_0">
                <vehicle id="rlright.3" pos="0.00" speed="0.00"/>
                <vehicle id="rlright.2" pos="10.00" speed="10.00"/>
                <vehicle id="rlright.0" pos="30.00" speed="10.00"/>
                <vehicle id="rlright.1" pos="58.22" speed="10.00"/>
            </lane>
        </edge>
        <edge id="top">
            <lane id="top_0">
                <vehicle id="rltop.3" pos="0.00" speed="0.00"/>
                <vehicle id="rltop.2" pos="10.00" speed="10.00"/>
                <vehicle id="rltop.0" pos="30.00" speed="10.00"/>
                <vehicle id="rltop.1" pos="58.22" speed="10.00"/>
            </lane>
        </edge>
    </timestep>
    <timestep time="3.10">
        <edge id="bottom">
            <lane id="bottom_0">
                <vehicle id="rlbottom.3" pos="2.48" speed="24.75"/>
                <vehicle id="rlbottom.2" pos="12.49" speed="24.85"/>
                <vehicle id="rlbottom.0" pos="32.49" speed="24.85"/>
                <vehicle id="rlbottom.1" pos="60.70" speed="24.85"/>
            </lane>
        </edge>
        <edge id="left">
            <lane id="left_0">
                <vehicle id="rlleft.3" pos="2.48" speed="24.75"/>
                <vehicle id="rlleft.2" pos="12.49" speed="24.85"/>
                <vehicle id="rlleft.0" pos="32.49" speed="24.85"/>
                <vehicle id="rlleft.1" pos="60.70" speed="24.85"/>
            </lane>
        </edge>
        <edge id="right">
            <lane id="right_0">
                <vehicle id="rlright.3" pos="2.48" speed="24.75"/>
                <vehicle id="rlright.2" pos="12.49" speed="24.85"/>
                <vehicle id="rlright.0" pos="32.49" speed="24.85"/>
                <vehicle id="rlright.1" pos="60.70" speed="24.85"/>
            </lane>
        </edge>
        <edge id="top">
            <lane id="top_0">
                <vehicle id="rltop.3" pos="2.48" speed="24.75"/>
                <vehicle id="rltop.2" pos="12.49" speed="24.85"/>
                <vehicle id="rltop.0" pos="32.49" speed="24.85"/>
                <vehicle id="rltop.1" pos="60.70" speed="24.85"/>
            </lane>
        </edge>
    </timestep>
    <timestep time="3.20">
        <edge id="bottom">
            <lane id="bottom_0">
                <vehicle id="rlbottom.3" pos="4.98" speed="25.00"/>
                <vehicle id="rlbottom.2" pos="14.99" speed="25.00"/>
                <vehicle id="rlbottom.0" pos="34.99" speed="25.00"/>
                <vehicle id="rlbottom.1" pos="63.20" speed="25.00"/>
            </lane>
        </edge>
        <edge id="left">
            <lane id="left_0">
                <vehicle id="rlleft.3" pos="4.98" speed="25.00"/>
                <vehicle id="rlleft.2" pos="14.99" speed="25.00"/>
                <vehicle id="rlleft.0" pos="34.99" speed="25.00"/>
                <vehicle id="rlleft.1" pos="63.20" speed="25.00"/>
            </lane>
        </edge>
        <edge id="right">
            <lane id="right_0">
                <vehicle id="rlright.3" pos="4.98" speed="25.00"/>
                <vehicle id="rlright.2" pos="14.99" speed="25.00"/>
                <vehicle id="rlright.0" pos="34.99" speed="25.00"/>
                <vehicle id="rlright.1" pos="63.20" speed="25.00"/>
            </lane>
        </edge>
        <edge id="top">
            <lane id="top_0">
                <vehicle id="rltop.3" pos="4.98" speed="25.00"/>
                <vehicle id="rltop.2" pos="14.99" speed="25.00"/>
                <vehicle id="rltop.0" pos="34.99" speed="25.00"/>
                <vehicle id="rltop.1" pos="63.20" speed="25.00"/>
            </lane>
        </edge>
    </timestep>
    <timestep time="3.30">
        <edge id="bottom">
            <lane id="bottom_0">
                <vehicle id="rlbottom.3" pos="7.48" speed="25.00"/>
                <vehicle id="rlbottom.2" pos="17.49" speed="25.00"/>
                <vehicle id="rlbottom.0" pos="37.49" speed="25.00"/>
                <vehicle id="rlbottom.1" pos="65.70" speed="25.00"/>
            </lane>
        </edge>
        <edge id="left">
            <lane id="left_0">
                <vehicle id="rlleft.3" pos="7.48" speed="25.00"/>
                <vehicle id="rlleft.2" pos="17.49" speed="25.00"/>
                <vehicle id="rlleft.0" pos="37.49" speed="25.00"/>
                <vehicle id="rlleft.1" pos="65.70" speed="25.00"/>
            </lane>
        </edge>
        <edge id="right">
            <lane id="right_0">
                <vehicle id="rlright.3" pos="7.48" speed="25.00"/>
                <vehicle id="rlright.2" pos="17.49" speed="25.00"/>
                <vehicle id="rlright.0" pos="37.49" speed="25.00"/>
                <vehicle id="rlright.1" pos="65.70" speed="25.00"/>
            </lane>
        </edge>
        <edge id="top">
            <lane id="top_0">
                <vehicle id="rltop.3" pos="7.48" speed="25.00"/>
                <vehicle id="rltop.2" pos="17.49" speed="25.00"/>
                <vehicle id="rltop.0" pos="37.49" speed="25.00"/>
                <vehicle id="rltop.1" pos="65.70" speed="25.00"/>
            </lane>
        </edge>
    </timestep>
    <timestep time="3.40">
        <edge id="bottom">
            <lane id="bottom_0">
                <vehicle id="rlbottom.3" pos="9.98" speed="25.00"/>
                <vehicle id="rlbottom.2" pos="19.99" speed="25.00"/>
                <vehicle id="rlbottom.0" pos="39.99" speed="25.00"/>
                <vehicle id="rlbottom.1" pos="68.20" speed="25.00"/>
            </lane>
        </edge>
        <edge id="left">
            <lane id="left_0">
                <vehicle id="rlleft.3" pos="9.98" speed="25.00"/>
                <vehicle id="rlleft.2" pos="19.99" speed="25.00"/>
                <vehicle id="rlleft.0" pos="39.99" speed="25.00"/>
                <vehicle id="rlleft.1" pos="68.20" speed="25.00"/>
            </lane>
        </edge>
        <edge id="right">
            <lane id="right_0">
                <vehicle id="rlright.3" pos="9.98" speed="25.00"/>
                <vehicle id="rlright.2" pos="19.99" speed="25.00"/>
                <vehicle id="rlright.0" pos="39.99" speed="25.00"/>
                <vehicle id="rlright.1" pos="68.20" speed="25.00"/>
            </lane>
        </edge>
        <edge id="top">
            <lane id="top_0">
                <vehicle id="rltop.3" pos="9.98" speed="25.00"/>
                <vehicle id="rltop.2" pos="19.99" speed="25.00"/>
                <vehicle id="rltop.0" pos="39.99" speed="25.00"/>
                <vehicle id="rltop.1" pos="68.20" speed="25.00"/>
            </lane>
        </edge>
    </timestep>
    <timestep time="3.50">
        <edge id="bottom">
            <lane id="bottom_0">
                <vehicle id="rlbottom.3" pos="12.48" speed="25.00"/>
                <vehicle id="rlbottom.2" pos="22.49" speed="25.00"/>
                <vehicle id="rlbottom.0" pos="42.49" speed="25.00"/>
                <vehicle id="rlbottom.1" pos="70.70" speed="25.00"/>
            </lane>
        </edge>
        <edge id="left">
            <lane id="left_0">
                <vehicle id="rlleft.3" pos="12.48" speed="25.00"/>
                <vehicle id="rlleft.2" pos="22.49" speed="25.00"/>
                <vehicle id="rlleft.0" pos="42.49" speed="25.00"/>
                <vehicle id="rlleft.1" pos="70.70" speed="25.00"/>
            </lane>
        </edge>
        <edge id="right">
            <lane id="right_0">
                <vehicle id="rlright.3" pos="12.48" speed="25.00"/>
                <vehicle id="rlright.2" pos="22.49" speed="25.00"/>
                <vehicle id="rlright.0" pos="42.49" speed="25.00"/>
                <vehicle id="rlright.1" pos="70.70" speed="25.00"/>
            </lane>
        </edge>
        <edge id="top">
            <lane id="top_0">
                <vehicle id="rltop.3" pos="12.48" speed="25.00"/>
                <vehicle id="rltop.2" pos="22.49" speed="25.00"/>
                <vehicle id="rltop.0" pos="42.49" speed="25.00"/>
                <vehicle id="rltop.1" pos="70.70" speed="25.00"/>
            </lane>
        </edge>
    </timestep>
    <timestep time="3.60">
        <edge id="bottom">
            <lane id="bottom_0">
                <vehicle id="rlbottom.3" pos="14.98" speed="25.00"/>
                <vehicle id="rlbottom.2" pos="24.99" speed="25.00"/>
                <vehicle id="rlbottom.0" pos="44.99" speed="25.00"/>
                <vehicle id="rlbottom.1" pos="73.20" speed="25.00"/>
            </lane>
        </edge>
        <edge id="left">
            <lane id="left_0">
                <vehicle id="rlleft.3" pos="14.98" speed="25.00"/>
                <vehicle id="rlleft.2" pos="24.99" speed="25.00"/>
                <vehicle id="rlleft.0" pos="44.99" speed="25.00"/>
                <vehicle id="rlleft.1" pos="73.20" speed="25.00"/>
            </lane>
        </edge>
        <edge id="right">
            <lane id="right_0">
                <vehicle id="rlright.3" pos="14.98" speed="25.00"/>
                <vehicle id="rlright.2" pos="24.99" speed="25.00"/>
                <vehicle id="rlright.0" pos="44.99" speed="25.00"/>
                <vehicle id="rlright.1" pos="73.20" speed="25.00"/>
            </lane>
        </edge>
        <edge id="top">
            <lane id="top_0">
                <vehicle id="rltop.3" pos="14.98" speed="25.00"/>
                <vehicle id="rltop.2" pos="24.99" speed="25.00"/>
                <vehicle id="rltop.0" pos="44.99" speed="25.00"/>
                <vehicle id="rltop.1" pos="73.20" speed="25.00"/>
            </lane>
        </edge>
    </timestep>
    <timestep time="3.70">
        <edge id="bottom">
            <lane id="bottom_0">
                <vehicle id="rlbottom.3" pos="17.48" speed="25.00"/>
                <vehicle id="rlbottom.2" pos="27.48" speed="25.00"/>
                <vehicle id="rlbottom.0" pos="47.49" speed="25.00"/>
                <vehicle id="rlbottom.1" pos="75.70" speed="25.00"/>
            </lane>
        </edge>
        <edge id="left">
            <lane id="left_0">
                <vehicle id="rlleft.3" pos="17.48" speed="25.00"/>
                <vehicle id="rlleft.2" pos="27.48" speed="25.00"/>
                <vehicle id="rlleft.0" pos="47.49" speed="25.00"/>
                <vehicle id="rlleft.1" pos="75.70" speed="25.00"/>
            </lane>
        </edge>
        <edge id="right">
            <lane id="right_0">
                <vehicle id="rlright.3" pos="17.48" speed="25.00"/>
                <vehicle id="rlright.2" pos="27.48" speed="25.00"/>
                <vehicle id="rlright.0" pos="47.49" speed="25.00"/>
                <vehicle id="rlright.1" pos="75.70" speed="25.00"/>
            </lane>
        </edge>
        <edge id="top">
            <lane id="top_0">
                <vehicle id="rltop.3" pos="17.48" speed="25.00"/>
                <vehicle id="rltop.2" pos="27.48" speed="25.00"/>
                <vehicle id="rltop.0" pos="47.49" speed="25.00"/>
                <vehicle id="rltop.1" pos="75.70" speed="25.00"/>
            </lane>
        </edge>
    </timestep>
    <timestep time="3.80">
        <edge id="bottom">
            <lane id="bottom_0">
                <vehicle id="rlbottom.3" pos="19.98" speed="25.00"/>
                <vehicle id="rlbottom.2" pos="29.98" speed="25.00"/>
                <vehicle id="rlbottom.0" pos="49.99" speed="25.00"/>
                <vehicle id="rlbottom.1" pos="78.20" speed="25.00"/>
            </lane>
        </edge>
        <edge id="left">
            <lane id="left_0">
                <vehicle id="rlleft.3" pos="19.98" speed="25.00"/>
                <vehicle id="rlleft.2" pos="29.98" speed="25.00"/>
                <vehicle id="rlleft.0" pos="49.99" speed="25.00"/>
                <vehicle id="rlleft.1" pos="78.20" speed="25.00"/>
            </lane>
        </edge>
        <edge id="right">
            <lane id="right_0">
                <vehicle id="rlright.3" pos="19.98" speed="25.00"/>
                <vehicle id="rlright.2" pos="29.98" speed="25.00"/>
                <vehicle id="rlright.0" pos="49.99" speed="25.00"/>
                <vehicle id="rlright.1" pos="78.20" speed="25.00"/>
            </lane>
        </edge>
        <edge id="top">
            <lane id="top_0">
                <vehicle id="rltop.3" pos="19.98" speed="25.00"/>
                <vehicle id="rltop.2" pos="29.98" speed="25.00"/>
                <vehicle id="rltop.0" pos="49.99" speed="25.00"/>
                <vehicle id="rltop.1" pos="78.20" speed="25.00"/>
            </lane>
        </edge>
    </timestep>
    <timestep time="3.90">
        <edge id="bottom">
            <lane id="bottom_0">
                <vehicle id="rlbottom.3" pos="22.48" speed="25.00"/>
                <vehicle id="rlbottom.2" pos="32.48" speed="25.00"/>
                <vehicle id="rlbottom.0" pos="52.49" speed="25.00"/>
                <vehicle id="rlbottom.1" pos="80.70" speed="25.00"/>
            </lane>
        </edge>
        <edge id="left">
            <lane id="left_0">
                <vehicle id="rlleft.3" pos="22.48" speed="25.00"/>
                <vehicle id="rlleft.2" pos="32.48" speed="25.00"/>
                <vehicle id="rlleft.0" pos="52.49" speed="25.00"/>
                <vehicle id="rlleft.1" pos="80.70" speed="25.00"/>
            </lane>
        </edge>
        <edge id="right">
            <lane id="right_0">
                <vehicle id="rlright.3" pos="22.48" speed="25.00"/>
                <vehicle id="rlright.2" pos="32.48" speed="25.00"/>
                <vehicle id="rlright.0" pos="52.49" speed="25.00"/>
                <vehicle id="rlright.1" pos="80.70" speed="25.00"/>
            </lane>
        </edge>
        <edge id="top">
            <lane id="top_0">
                <vehicle id="rltop.3" pos="22.48" speed="25.00"/>
                <vehicle id="rltop.2" pos="32.48" speed="25.00"/>
                <vehicle id="rltop.0" pos="52.49" speed="25.00"/>
                <vehicle id="rltop.1" pos="80.70" speed="25.00"/>
            </lane>
        </edge>
    </timestep>
    <timestep time="4.00">
        <edge id="bottom">
            <lane id="bottom_0">
                <vehicle id="rlbottom.3" pos="24.98" speed="25.00"/>
                <vehicle id="rlbottom.2" pos="34.98" speed="25.00"/>
                <vehicle id="rlbottom.0" pos="54.99" speed="25.00"/>
                <vehicle id="rlbottom.1" pos="83.20" speed="25.00"/>
            </lane>
        </edge>
        <edge id="left">
            <lane id="left_0">
                <vehicle id="rlleft.3" pos="24.98" speed="25.00"/>
                <vehicle id="rlleft.2" pos="34.98" speed="25.00"/>
                <vehicle id="rlleft.0" pos="54.99" speed="25.00"/>
                <vehicle id="rlleft.1" pos="83.20" speed="25.00"/>
            </lane>
        </edge>
        <edge id="right">
            <lane id="right_0">
                <vehicle id="rlright.3" pos="24.98" speed="25.00"/>
                <vehicle id="rlright.2" pos="34.98" speed="25.00"/>
                <vehicle id="rlright.0" pos="54.99" speed="25.00"/>
                <vehicle id="rlright.1" pos="83.20" speed="25.00"/>
            </lane>
        </edge>
        <edge id="top">
            <lane id="top_0">
                <vehicle id="rltop.3" pos="24.98" speed="25.00"/>
                <vehicle id="rltop.2" pos="34.98" speed="25.00"/>
                <vehicle id="rltop.0" pos="54.99" speed="25.00"/>
                <vehicle id="rltop.1" pos="83.20" speed="25.00"/>
            </lane>
        </edge>
    </timestep>
    <timestep time="4.10">
        <edge id="bottom">
            <lane id="bottom_0">
                <vehicle id="rlbottom.3" pos="26.48" speed="15.10"/>
                <vehicle id="rlbottom.2" pos="36.49" speed="15.10"/>
                <vehicle id="rlbottom.0" pos="56.49" speed="15.10"/>
                <vehicle id="rlbottom.1" pos="84.71" speed="15.10"/>
            </lane>
        </edge>
        <edge id="left">
            <lane id="left_0">
                <vehicle id="rlleft.3" pos="26.48" speed="15.10"/>
                <vehicle id="rlleft.2" pos="36.49" speed="15.10"/>
                <vehicle id="rlleft.0" pos="56.49" speed="15.10"/>
                <vehicle id="rlleft.1" pos="84.71" speed="15.10"/>
            </lane>
        </edge>
        <edge id="right">
            <lane id="right_0">
                <vehicle id="rlright.3" pos="26.48" speed="15.10"/>
                <vehicle id="rlright.2" pos="36.49" speed="15.10"/>
                <vehicle id="rlright.0" pos="56.49" speed="15.10"/>
                <vehicle id="rlright.1" pos="84.71" speed="15.10"/>
            </lane>
        </edge>
        <edge id="top">
            <lane id="top_0">
                <vehicle id="rltop.3" pos="26.48" speed="15.10"/>
                <vehicle id="rltop.2" pos="36.49" speed="15.10"/>
                <vehicle id="rltop.0" pos="56.49" speed="15.10"/>
                <vehicle id="rltop.1" pos="84.71" speed="15.10"/>
            </lane>
        </edge>
    </timestep>
    <timestep time="4.20">
        <edge id="bottom">
            <lane id="bottom_0">
                <vehicle id="rlbottom.3" pos="27.98" speed="15.00"/>
                <vehicle id="rlbottom.2" pos="37.99" speed="15.00"/>
                <vehicle id="rlbottom.0" pos="57.99" speed="15.00"/>
                <vehicle id="rlbottom.1" pos="86.21" speed="15.00"/>
            </lane>
        </edge>
        <edge id="left">
            <lane id="left_0">
                <vehicle id="rlleft.3" pos="27.98" speed="15.00"/>
                <vehicle id="rlleft.2" pos="37.99" speed="15.00"/>
                <vehicle id="rlleft.0" pos="57.99" speed="15.00"/>
                <vehicle id="rlleft.1" pos="86.21" speed="15.00"/>
            </lane>
        </edge>
        <edge id="right">
            <lane id="right_0">
                <vehicle id="rlright.3" pos="27.98" speed="15.00"/>
                <vehicle id="rlright.2" pos="37.99" speed="15.00"/>
                <vehicle id="rlright.0" pos="57.99" speed="15.00"/>
                <vehicle id="rlright.1" pos="86.21" speed="15.00"/>
            </lane>
        </edge>
        <edge id="top">
            <lane id="top_0">
                <vehicle id="rltop.3" pos="27.98" speed="15.00"/>
                <vehicle id="rltop.2" pos="37.99" speed="15.00"/>
                <vehicle id="rltop.0" pos="57.99" speed="15.00"/>
                <vehicle id="rltop.1" pos="86.21" speed="15.00"/>
            </lane>
        </edge>
    </timestep>
    <timestep time="4.30">
        <edge id="bottom">
            <lane id="bottom_0">
                <vehicle id="rlbottom.3" pos="29.48" speed="15.00"/>
                <vehicle id="rlbottom.2" pos="39.49" speed="15.00"/>
                <vehicle id="rlbottom.0" pos="59.49" speed="15.00"/>
                <vehicle id="rlbottom.1" pos="87.71" speed="15.00"/>
            </lane>
        </edge>
        <edge id="left">
            <lane id="left_0">
                <vehicle id="rlleft.3" pos="29.48" speed="15.00"/>
                <vehicle id="rlleft.2" pos="39.49" speed="15.00"/>
                <vehicle id="rlleft.0" pos="59.49" speed="15.00"/>
                <vehicle id="rlleft.1" pos="87.71" speed="15.00"/>
            </lane>
        </edge>
        <edge id="right">
            <lane id="right_0">
                <vehicle id="rlright.3" pos="29.48" speed="15.00"/>
                <vehicle id="rlright.2" pos="39.49" speed="15.00"/>
                <vehicle id="rlright.0" pos="59.49" speed="15.00"/>
                <vehicle id="rlright.1" pos="87.71" speed="15.00"/>
            </lane>
        </edge>
        <edge id="top">
            <lane id="top_0">
                <vehicle id="rltop.3" pos="29.48" speed="15.00"/>
                <vehicle id="rltop.2" pos="39.49" speed="15.00"/>
                <vehicle id="rltop.0" pos="59.49" speed="15.00"/>
                <vehicle id="rltop.1" pos="87.71" speed="15.00"/>
            </lane>
        </edge>
    </timestep>
    <timestep time="4.40">
        <edge id="bottom">
            <lane id="bottom_0">
                <vehicle id="rlbottom.3" pos="30.98" speed="15.00"/>
                <vehicle id="rlbottom.2" pos="40.99" speed="15.00"/>
                <vehicle id="rlbottom.0" pos="60.99" speed="15.00"/>
                <vehicle id="rlbottom.1" pos="89.21" speed="15.00"/>
            </lane>
        </edge>
        <edge id="left">
            <lane id="left_0">
                <vehicle id="rlleft.3" pos="30.98" speed="15.00"/>
                <vehicle id="rlleft.2" pos="40.99" speed="15.00"/>
                <vehicle id="rlleft.0" pos="60.99" speed="15.00"/>
                <vehicle id="rlleft.1" pos="89.21" speed="15.00"/>
            </lane>
        </edge>
        <edge id="right">
            <lane id="right_0">
                <vehicle id="rlright.3" pos="30.98" speed="15.00"/>
                <vehicle id="rlright.2" pos="40.99" speed="15.00"/>
                <vehicle id="rlright.0" pos="60.99" speed="15.00"/>
                <vehicle id="rlright.1" pos="89.21" speed="15.00"/>
            </lane>
        </edge>
        <edge id="top">
            <lane id="top_0">
                <vehicle id="rltop.3" pos="30.98" speed="15.00"/>
                <vehicle id="rltop.2" pos="40.99" speed="15.00"/>
                <vehicle id="rltop.0" pos="60.99" speed="15.00"/>
                <vehicle id="rltop.1" pos="89.21" speed="15.00"/>
            </lane>
        </edge>
    </timestep>
    <timestep time="4.50">
        <edge id="bottom">
            <lane id="bottom_0">
                <vehicle id="rlbottom.3" pos="32.48" speed="15.00"/>
                <vehicle id="rlbottom.2" pos="42.49" speed="15.00"/>
                <vehicle id="rlbottom.0" pos="62.49" speed="15.00"/>
                <vehicle id="rlbottom.1" pos="90.71" speed="15.00"/>
            </lane>
        </edge>
        <edge id="left">
            <lane id="left_0">
                <vehicle id="rlleft.3" pos="32.48" speed="15.00"/>
                <vehicle id="rlleft.2" pos="42.49" speed="15.00"/>
                <vehicle id="rlleft.0" pos="62.49" speed="15.00"/>
                <vehicle id="rlleft.1" pos="90.71" speed="15.00"/>
            </lane>
        </edge>
        <edge id="right">
            <lane id="right_0">
                <vehicle id="rlright.3" pos="32.48" speed="15.00"/>
                <vehicle id="rlright.2" pos="42.49" speed="15.00"/>
                <vehicle id="rlright.0" pos="62.49" speed="15.00"/>
                <vehicle id="rlright.1" pos="90.71" speed="15.00"/>
            </lane>
        </edge>
        <edge id="top">
            <lane id="top_0">
                <vehicle id="rltop.3" pos="32.48" speed="15.00"/>
                <vehicle id="rltop.2" pos="42.49" speed="15.00"/>
                <vehicle id="rltop.0" pos="62.49" speed="15.00"/>
                <vehicle id="rltop.1" pos="90.71" speed="15.00"/>
            </lane>
        </edge>
    </timestep>
    <timestep time="4.60">
        <edge id="bottom">
            <lane id="bottom_0">
                <vehicle id="rlbottom.3" pos="33.98" speed="15.00"/>
                <vehicle id="rlbottom.2" pos="44.00" speed="15.00"/>
                <vehicle id="rlbottom.0" pos="64.00" speed="15.00"/>
                <vehicle id="rlbottom.1" pos="92.21" speed="15.00"/>
            </lane>
        </edge>
        <edge id="left">
            <lane id="left_0">
                <vehicle id="rlleft.3" pos="33.98" speed="15.00"/>
                <vehicle id="rlleft.2" pos="44.00" speed="15.00"/>
                <vehicle id="rlleft.0" pos="64.00" speed="15.00"/>
                <vehicle id="rlleft.1" pos="92.21" speed="15.00"/>
            </lane>
        </edge>
        <edge id="right">
            <lane id="right_0">
                <vehicle id="rlright.3" pos="33.98" speed="15.00"/>
                <vehicle id="rlright.2" pos="44.00" speed="15.00"/>
                <vehicle id="rlright.0" pos="64.00" speed="15.00"/>
                <vehicle id="rlright.1" pos="92.21" speed="15.00"/>
            </lane>
        </edge>
        <edge id="top">
            <lane id="top_0">
                <vehicle id="rltop.3" pos="33.98" speed="15.00"/>
                <vehicle id="rltop.2" pos="44.00" speed="15.00"/>
                <vehicle id="rltop.0" pos="64.00" speed="15.00"/>
                <vehicle id="rltop.1" pos="92.21" speed="15.00"/>
            </lane>
        </edge>
    </timestep>
    <timestep time="4.70">
        <edge id="bottom">
            <lane id="bottom_0">
                <vehicle id="rlbottom.3" pos="35.48" speed="15.00"/>
                <vehicle id="rlbottom.2" pos="45.50" speed="15.00"/>
                <vehicle id="rlbottom.0" pos="65.50" speed="15.00"/>
                <vehicle id="rlbottom.1" pos="93.71" speed="15.00"/>
            </lane>
        </edge>
        <edge id="left">
            <lane id="left_0">
                <vehicle id="rlleft.3" pos="35.48" speed="15.00"/>
                <vehicle id="rlleft.2" pos="45.50" speed="15.00"/>
                <vehicle id="rlleft.0" pos="65.50" speed="15.00"/>
                <vehicle id="rlleft.1" pos="93.71" speed="15.00"/>
            </lane>
        </edge>
        <edge id="right">
            <lane id="right_0">
                <vehicle id="rlright.3" pos="35.48" speed="15.00"/>
                <vehicle id="rlright.2" pos="45.50" speed="15.00"/>
                <vehicle id="rlright.0" pos="65.50" speed="15.00"/>
                <vehicle id="rlright.1" pos="93.71" speed="15.00"/>
            </lane>
        </edge>
        <edge id="top">
            <lane id="top_0">
                <vehicle id="rltop.3" pos="35.48" speed="15.00"/>
                <vehicle id="rltop.2" pos="45.50" speed="15.00"/>
                <vehicle id="rltop.0" pos="65.50" speed="15.00"/>
                <vehicle id="rltop.1" pos="93.71" speed="15.00"/>
            </lane>
        </edge>
    </timestep>
    <timestep time="4.80">
        <edge id="bottom">
            <lane id="bottom_0">
                <vehicle id="rlbottom.3" pos="36.98" speed="15.00"/>
                <vehicle id="rlbottom.2" pos="47.00" speed="15.00"/>
                <vehicle id="rlbottom.0" pos="67.00" speed="15.00"/>
                <vehicle id="rlbottom.1" pos="95.21" speed="15.00"/>
            </lane>
        </edge>
        <edge id="left">
            <lane id="left_0">
                <vehicle id="rlleft.3" pos="36.98" speed="15.00"/>
                <vehicle id="rlleft.2" pos="47.00" speed="15.00"/>
                <vehicle id="rlleft.0" pos="67.00" speed="15.00"/>
                <vehicle id="rlleft.1" pos="95.21" speed="15.00"/>
            </lane>
        </edge>
        <edge id="right">
            <lane id="right_0">
                <vehicle id="rlright.3" pos="36.98" speed="15.00"/>
                <vehicle id="rlright.2" pos="47.00" speed="15.00"/>
                <vehicle id="rlright.0" pos="67.00" speed="15.00"/>
                <vehicle id="rlright.1" pos="95.21" speed="15.00"/>
            </lane>
        </edge>
        <edge id="top">
            <lane id="top_0">
                <vehicle id="rltop.3" pos="36.98" speed="15.00"/>
                <vehicle id="rltop.2" pos="47.00" speed="15.00"/>
                <vehicle id="rltop.0" pos="67.00" speed="15.00"/>
                <vehicle id="rltop.1" pos="95.21" speed="15.00"/>
            </lane>
        </edge>
    </timestep>
    <timestep time="4.90">
        <edge id="bottom">
            <lane id="bottom_0">
                <vehicle id="rlbottom.3" pos="38.48" speed="15.00"/>
                <vehicle id="rlbottom.2" pos="48.50" speed="15.00"/>
                <vehicle id="rlbottom.0" pos="68.50" speed="15.00"/>
                <vehicle id="rlbottom.1" pos="96.71" speed="15.00"/>
            </lane>
        </edge>
        <edge id="left">
            <lane id="left_0">
                <vehicle id="rlleft.3" pos="38.48" speed="15.00"/>
                <vehicle id="rlleft.2" pos="48.50" speed="15.00"/>
                <vehicle id="rlleft.0" pos="68.50" speed="15.00"/>
                <vehicle id="rlleft.1" pos="96.71" speed="15.00"/>
            </lane>
        </edge>
        <edge id="right">
            <lane id="right_0">
                <vehicle id="rlright.3" pos="38.48" speed="15.00"/>
                <vehicle id="rlright.2" pos="48.50" speed="15.00"/>
                <vehicle id="rlright.0" pos="68.50" speed="15.00"/>
                <vehicle id="rlright.1" pos="96.71" speed="15.00"/>
            </lane>
        </edge>
        <edge id="top">
            <lane id="top_0">
                <vehicle id="rltop.3" pos="38.48" speed="15.00"/>
                <vehicle id="rltop.2" pos="48.50" speed="15.00"/>
                <vehicle id="rltop.0" pos="68.50" speed="15.00"/>
                <vehicle id="rltop.1" pos="96.71" speed="15.00"/>
            </lane>
        </edge>
    </timestep>
    <timestep time="5.00">
        <edge id="bottom">
            <lane id="bottom_0">
                <vehicle id="rlbottom.3" pos="39.98" speed="15.00"/>
                <vehicle id="rlbottom.2" pos="50.00" speed="15.00"/>
                <vehicle id="rlbottom.0" pos="70.00" speed="15.00"/>
                <vehicle id="rlbottom.1" pos="98.21" speed="15.00"/>
            </lane>
        </edge>
        <edge id="left">
            <lane id="left_0">
                <vehicle id="rlleft.3" pos="39.98" speed="15.00"/>
                <vehicle id="rlleft.2" pos="50.00" speed="15.00"/>
                <vehicle id="rlleft.0" pos="70.00" speed="15.00"/>
                <vehicle id="rlleft.1" pos="98.21" speed="15.00"/>
            </lane>
        </edge>
        <edge id="right">
            <lane id="right_0">
                <vehicle id="rlright.3" pos="39.98" speed="15.00"/>
                <vehicle id="rlright.2" pos="50.00" speed="15.00"/>
                <vehicle id="rlright.0" pos="70.00" speed="15.00"/>
                <vehicle id="rlright.1" pos="98.21" speed="15.00"/>
            </lane>
        </edge>
        <edge id="top">
            <lane id="top_0">
                <vehicle id="rltop.3" pos="39.98" speed="15.00"/>
                <vehicle id="rltop.2" pos="50.00" speed="15.00"/>
                <vehicle id="rltop.0" pos="70.00" speed="15.00"/>
                <vehicle id="rltop.1" pos="98.21" speed="15.00"/>
            </lane>
        </edge>
    </timestep>
    <timestep time="5.10">
        <edge id="bottom">
            <lane id="bottom_0">
                <vehicle id="rlbottom.3" pos="41.48" speed="15.00"/>
                <vehicle id="rlbottom.2" pos="51.50" speed="15.00"/>
                <vehicle id="rlbottom.0" pos="71.50" speed="15.00"/>
                <vehicle id="rlbottom.1" pos="99.71" speed="15.00"/>
            </lane>
        </edge>
        <edge id="left">
            <lane id="left_0">
                <vehicle id="rlleft.3" pos="41.48" speed="15.00"/>
                <vehicle id="rlleft.2" pos="51.50" speed="15.00"/>
                <vehicle id="rlleft.0" pos="71.50" speed="15.00"/>
                <vehicle id="rlleft.1" pos="99.71" speed="15.00"/>
            </lane>
        </edge>
        <edge id="right">
            <lane id="right_0">
                <vehicle id="rlright.3" pos="41.48" speed="15.00"/>
                <vehicle id="rlright.2" pos="51.50" speed="15.00"/>
                <vehicle id="rlright.0" pos="71.50" speed="15.00"/>
                <vehicle id="rlright.1" pos="99.71" speed="15.00"/>
            </lane>
        </edge>
        <edge id="top">
            <lane id="top_0">
                <vehicle id="rltop.3" pos="41.48" speed="15.00"/>
                <vehicle id="rltop.2" pos="51.50" speed="15.00"/>
                <vehicle id="rltop.0" pos="71.50" speed="15.00"/>
                <vehicle id="rltop.1" pos="99.71" speed="15.00"/>
            </lane>
        </edge>
    </timestep>
    <timestep time="5.20">
        <edge id="bottom">
            <lane id="bottom_0">
                <vehicle id="rlleft.1" pos="1.21" speed="15.00"/>
                <vehicle id="rlbottom.3" pos="42.98" speed="15.00"/>
                <vehicle id="rlbottom.2" pos="53.00" speed="15.00"/>
                <vehicle id="rlbottom.0" pos="73.00" speed="15.00"/>
            </lane>
        </edge>
        <edge id="left">
            <lane id="left_0">
                <vehicle id="rltop.1" pos="1.21" speed="15.00"/>
                <vehicle id="rlleft.3" pos="42.98" speed="15.00"/>
                <vehicle id="rlleft.2" pos="53.00" speed="15.00"/>
                <vehicle id="rlleft.0" pos="73.00" speed="15.00"/>
            </lane>
        </edge>
        <edge id="right">
            <lane id="right_0">
                <vehicle id="rlbottom.1" pos="1.21" speed="15.00"/>
                <vehicle id="rlright.3" pos="42.98" speed="15.00"/>
                <vehicle id="rlright.2" pos="53.00" speed="15.00"/>
                <vehicle id="rlright.0" pos="73.00" speed="15.00"/>
            </lane>
        </edge>
        <edge id="top">
            <lane id="top_0">
                <vehicle id="rlright.1" pos="1.21" speed="15.00"/>
                <vehicle id="rltop.3" pos="42.98" speed="15.00"/>
                <vehicle id="rltop.2" pos="53.00" speed="15.00"/>
                <vehicle id="rltop.0" pos="73.00" speed="15.00"/>
            </lane>
        </edge>
    </timestep>
    <timestep time="5.30">
        <edge id="bottom">
            <lane id="bottom_0">
                <vehicle id="rlleft.1" pos="2.71" speed="15.00"/>
                <vehicle id="rlbottom.3" pos="44.48" speed="15.00"/>
                <vehicle id="rlbottom.2" pos="54.50" speed="15.00"/>
                <vehicle id="rlbottom.0" pos="74.50" speed="15.00"/>
            </lane>
        </edge>
        <edge id="left">
            <lane id="left_0">
                <vehicle id="rltop.1" pos="2.71" speed="15.00"/>
                <vehicle id="rlleft.3" pos="44.48" speed="15.00"/>
                <vehicle id="rlleft.2" pos="54.50" speed="15.00"/>
                <vehicle id="rlleft.0" pos="74.50" speed="15.00"/>
            </lane>
        </edge>
        <edge id="right">
            <lane id="right_0">
                <vehicle id="rlbottom.1" pos="2.71" speed="15.00"/>
                <vehicle id="rlright.3" pos="44.48" speed="15.00"/>
                <vehicle id="rlright.2" pos="54.50" speed="15.00"/>
                <vehicle id="rlright.0" pos="74.50" speed="15.00"/>
            </lane>
        </edge>
        <edge id="top">
            <lane id="top_0">
                <vehicle id="rlright.1" pos="2.71" speed="15.00"/>
                <vehicle id="rltop.3" pos="44.48" speed="15.00"/>
                <vehicle id="rltop.2" pos="54.50" speed="15.00"/>
                <vehicle id="rltop.0" pos="74.50" speed="15.00"/>
            </lane>
        </edge>
    </timestep>
    <timestep time="5.40">
        <edge id="bottom">
            <lane id="bottom_0">
                <vehicle id="rlleft.1" pos="4.21" speed="15.00"/>
                <vehicle id="rlbottom.3" pos="45.98" speed="15.00"/>
                <vehicle id="rlbottom.2" pos="56.00" speed="15.00"/>
                <vehicle id="rlbottom.0" pos="76.00" speed="15.00"/>
            </lane>
        </edge>
        <edge id="left">
            <lane id="left_0">
                <vehicle id="rltop.1" pos="4.21" speed="15.00"/>
                <vehicle id="rlleft.3" pos="45.98" speed="15.00"/>
                <vehicle id="rlleft.2" pos="56.00" speed="15.00"/>
                <vehicle id="rlleft.0" pos="76.00" speed="15.00"/>
            </lane>
        </edge>
        <edge id="right">
            <lane id="right_0">
                <vehicle id="rlbottom.1" pos="4.21" speed="15.00"/>
                <vehicle id="rlright.3" pos="45.98" speed="15.00"/>
                <vehicle id="rlright.2" pos="56.00" speed="15.00"/>
                <vehicle id="rlright.0" pos="76.00" speed="15.00"/>
            </lane>
        </edge>
        <edge id="top">
            <lane id="top_0">
                <vehicle id="rlright.1" pos="4.21" speed="15.00"/>
                <vehicle id="rltop.3" pos="45.98" speed="15.00"/>
                <vehicle id="rltop.2" pos="56.00" speed="15.00"/>
                <vehicle id="rltop.0" pos="76.00" speed="15.00"/>
            </lane>
        </edge>
    </timestep>
    <timestep time="5.50">
        <edge id="bottom">
            <lane id="bottom_0">
                <vehicle id="rlleft.1" pos="5.71" speed="15.00"/>
                <vehicle id="rlbottom.3" pos="47.48" speed="15.00"/>
                <vehicle id="rlbottom.2" pos="57.50" speed="15.00"/>
                <vehicle id="rlbottom.0" pos="77.50" speed="15.00"/>
            </lane>
        </edge>
        <edge id="left">
            <lane id="left_0">
                <vehicle id="rltop.1" pos="5.71" speed="15.00"/>
                <vehicle id="rlleft.3" pos="47.48" speed="15.00"/>
                <vehicle id="rlleft.2" pos="57.50" speed="15.00"/>
                <vehicle id="rlleft.0" pos="77.50" speed="15.00"/>
            </lane>
        </edge>
        <edge id="right">
            <lane id="right_0">
                <vehicle id="rlbottom.1" pos="5.71" speed="15.00"/>
                <vehicle id="rlright.3" pos="47.48" speed="15.00"/>
                <vehicle id="rlright.2" pos="57.50" speed="15.00"/>
                <vehicle id="rlright.0" pos="77.50" speed="15.00"/>
            </lane>
        </edge>
        <edge id="top">
            <lane id="top_0">
                <vehicle id="rlright.1" pos="5.71" speed="15.00"/>
                <vehicle id="rltop.3" pos="47.48" speed="15.00"/>
                <vehicle id="rltop.2" pos="57.50" speed="15.00"/>
                <vehicle id="rltop.0" pos="77.50" speed="15.00"/>
            </lane>
        </edge>
    </timestep>
    <timestep time="5.60">
        <edge id="bottom">
            <lane id="bottom_0">
                <vehicle id="rlleft.1" pos="7.21" speed="15.00"/>
                <vehicle id="rlbottom.3" pos="48.98" speed="15.00"/>
                <vehicle id="rlbottom.2" pos="59.00" speed="15.00"/>
                <vehicle id="rlbottom.0" pos="79.00" speed="15.00"/>
            </lane>
        </edge>
        <edge id="left">
            <lane id="left_0">
                <vehicle id="rltop.1" pos="7.21" speed="15.00"/>
                <vehicle id="rlleft.3" pos="48.98" speed="15.00"/>
                <vehicle id="rlleft.2" pos="59.00" speed="15.00"/>
                <vehicle id="rlleft.0" pos="79.00" speed="15.00"/>
            </lane>
        </edge>
        <edge id="right">
            <lane id="right_0">
                <vehicle id="rlbottom.1" pos="7.21" speed="15.00"/>
                <vehicle id="rlright.3" pos="48.98" speed="15.00"/>
                <vehicle id="rlright.2" pos="59.00" speed="15.00"/>
                <vehicle id="rlright.0" pos="79.00" speed="15.00"/>
            </lane>
        </edge>
        <edge id="top">
            <lane id="top_0">
                <vehicle id="rlright.1" pos="7.21" speed="15.00"/>
                <vehicle id="rltop.3" pos="48.98" speed="15.00"/>
                <vehicle id="rltop.2" pos="59.00" speed="15.00"/>
                <vehicle id="rltop.0" pos="79.00" speed="15.00"/>
            </lane>
        </edge>
    </timestep>
    <timestep time="5.70">
        <edge id="bottom">
            <lane id="bottom_0">
                <vehicle id="rlleft.1" pos="8.71" speed="15.00"/>
                <vehicle id="rlbottom.3" pos="50.48" speed="15.00"/>
                <vehicle id="rlbottom.2" pos="60.50" speed="15.00"/>
                <vehicle id="rlbottom.0" pos="80.50" speed="15.00"/>
            </lane>
        </edge>
        <edge id="left">
            <lane id="left_0">
                <vehicle id="rltop.1" pos="8.71" speed="15.00"/>
                <vehicle id="rlleft.3" pos="50.48" speed="15.00"/>
                <vehicle id="rlleft.2" pos="60.50" speed="15.00"/>
                <vehicle id="rlleft.0" pos="80.50" speed="15.00"/>
            </lane>
        </edge>
        <edge id="right">
            <lane id="right_0">
                <vehicle id="rlbottom.1" pos="8.71" speed="15.00"/>
                <vehicle id="rlright.3" pos="50.48" speed="15.00"/>
                <vehicle id="rlright.2" pos="60.50" speed="15.00"/>
                <vehicle id="rlright.0" pos="80.50" speed="15.00"/>
            </lane>
        </edge>
        <edge id="top">
            <lane id="top_0">
                <vehicle id="rlright.1" pos="8.71" speed="15.00"/>
                <vehicle id="rltop.3" pos="50.48" speed="15.00"/>
                <vehicle id="rltop.2" pos="60.50" speed="15.00"/>
                <vehicle id="rltop.0" pos="80.50" speed="15.00"/>
            </lane>
        </edge>
    </timestep>
    <timestep time="5.80">
        <edge id="bottom">
            <lane id="bottom_0">
                <vehicle id="rlleft.1" pos="10.21" speed="15.00"/>
                <vehicle id="rlbottom.3" pos="51.98" speed="15.00"/>
                <vehicle id="rlbottom.2" pos="62.00" speed="15.00"/>
                <vehicle id="rlbottom.0" pos="82.00" speed="15.00"/>
            </lane>
        </edge>
        <edge id="left">
            <lane id="left_0">
                <vehicle id="rltop.1" pos="10.21" speed="15.00"/>
                <vehicle id="rlleft.3" pos="51.98" speed="15.00"/>
                <vehicle id="rlleft.2" pos="62.00" speed="15.00"/>
                <vehicle id="rlleft.0" pos="82.00" speed="15.00"/>
            </lane>
        </edge>
        <edge id="right">
            <lane id="right_0">
                <vehicle id="rlbottom.1" pos="10.21" speed="15.00"/>
                <vehicle id="rlright.3" pos="51.98" speed="15.00"/>
                <vehicle id="rlright.2" pos="62.00" speed="15.00"/>
                <vehicle id="rlright.0" pos="82.00" speed="15.00"/>
            </lane>
        </edge>
        <edge id="top">
            <lane id="top_0">
                <vehicle id="rlright.1" pos="10.21" speed="15.00"/>
                <vehicle id="rltop.3" pos="51.98" speed="15.00"/>
                <vehicle id="rltop.2" pos="62.00" speed="15.00"/>
                <vehicle id="rltop.0" pos="82.00" speed="15.00"/>
            </lane>
        </edge>
    </timestep>
    <timestep time="5.90">
        <edge id="bottom">
            <lane id="bottom_0">
                <vehicle id="rlleft.1" pos="11.71" speed="15.00"/>
                <vehicle id="rlbottom.3" pos="53.48" speed="15.00"/>
                <vehicle id="rlbottom.2" pos="63.50" speed="15.00"/>
                <vehicle id="rlbottom.0" pos="83.50" speed="15.00"/>
            </lane>
        </edge>
        <edge id="left">
            <lane id="left_0">
                <vehicle id="rltop.1" pos="11.71" speed="15.00"/>
                <vehicle id="rlleft.3" pos="53.48" speed="15.00"/>
                <vehicle id="rlleft.2" pos="63.50" speed="15.00"/>
                <vehicle id="rlleft.0" pos="83.50" speed="15.00"/>
            </lane>
        </edge>
        <edge id="right">
            <lane id="right_0">
                <vehicle id="rlbottom.1" pos="11.71" speed="15.00"/>
                <vehicle id="rlright.3" pos="53.48" speed="15.00"/>
                <vehicle id="rlright.2" pos="63.50" speed="15.00"/>
                <vehicle id="rlright.0" pos="83.50" speed="15.00"/>
            </lane>
        </edge>
        <edge id="top">
            <lane id="top_0">
                <vehicle id="rlright.1" pos="11.71" speed="15.00"/>
                <vehicle id="rltop.3" pos="53.48" speed="15.00"/>
                <vehicle id="rltop.2" pos="63.50" speed="15.00"/>
                <vehicle id="rltop.0" pos="83.50" speed="15.00"/>
            </lane>
        </edge>
    </timestep>
    <timestep time="6.00">
        <edge id="bottom">
            <lane id="bottom_0">
                <vehicle id="rlleft.1" pos="13.21" speed="15.00"/>
                <vehicle id="rlbottom.3" pos="54.98" speed="15.00"/>
                <vehicle id="rlbottom.2" pos="65.00" speed="15.00"/>
                <vehicle id="rlbottom.0" pos="85.00" speed="15.00"/>
            </lane>
        </edge>
        <edge id="left">
            <lane id="left_0">
                <vehicle id="rltop.1" pos="13.21" speed="15.00"/>
                <vehicle id="rlleft.3" pos="54.98" speed="15.00"/>
                <vehicle id="rlleft.2" pos="65.00" speed="15.00"/>
                <vehicle id="rlleft.0" pos="85.00" speed="15.00"/>
            </lane>
        </edge>
        <edge id="right">
            <lane id="right_0">
                <vehicle id="rlbottom.1" pos="13.21" speed="15.00"/>
                <vehicle id="rlright.3" pos="54.98" speed="15.00"/>
                <vehicle id="rlright.2" pos="65.00" speed="15.00"/>
                <vehicle id="rlright.0" pos="85.00" speed="15.00"/>
            </lane>
        </edge>
        <edge id="top">
            <lane id="top_0">
                <vehicle id="rlright.1" pos="13.21" speed="15.00"/>
                <vehicle id="rltop.3" pos="54.98" speed="15.00"/>
                <vehicle id="rltop.2" pos="65.00" speed="15.00"/>
                <vehicle id="rltop.0" pos="85.00" speed="15.00"/>
            </lane>
        </edge>
    </timestep>
    <timestep time="6.10">
        <edge id="bottom">
            <lane id="bottom_0">
                <vehicle id="rlleft.1" pos="15.70" speed="24.90"/>
                <vehicle id="rlbottom.3" pos="57.48" speed="24.90"/>
                <vehicle id="rlbottom.2" pos="67.49" speed="24.90"/>
                <vehicle id="rlbottom.0" pos="87.49" speed="24.90"/>
            </lane>
        </edge>
        <edge id="left">
            <lane id="left_0">
                <vehicle id="rltop.1" pos="15.70" speed="24.90"/>
                <vehicle id="rlleft.3" pos="57.48" speed="24.90"/>
                <vehicle id="rlleft.2" pos="67.49" speed="24.90"/>
                <vehicle id="rlleft.0" pos="87.49" speed="24.90"/>
            </lane>
        </edge>
        <edge id="right">
            <lane id="right_0">
                <vehicle id="rlbottom.1" pos="15.70" speed="24.90"/>
                <vehicle id="rlright.3" pos="57.48" speed="24.90"/>
                <vehicle id="rlright.2" pos="67.49" speed="24.90"/>
                <vehicle id="rlright.0" pos="87.49" speed="24.90"/>
            </lane>
        </edge>
        <edge id="top">
            <lane id="top_0">
                <vehicle id="rlright.1" pos="15.70" speed="24.90"/>
                <vehicle id="rltop.3" pos="57.48" speed="24.90"/>
                <vehicle id="rltop.2" pos="67.49" speed="24.90"/>
                <vehicle id="rltop.0" pos="87.49" speed="24.90"/>
            </lane>
        </edge>
    </timestep>
    <timestep time="6.20">
        <edge id="bottom">
            <lane id="bottom_0">
                <vehicle id="rlleft.1" pos="18.20" speed="25.00"/>
                <vehicle id="rlbottom.3" pos="59.98" speed="25.00"/>
                <vehicle id="rlbottom.2" pos="69.99" speed="25.00"/>
                <vehicle id="rlbottom.0" pos="89.99" speed="25.00"/>
            </lane>
        </edge>
        <edge id="left">
            <lane id="left_0">
                <vehicle id="rltop.1" pos="18.20" speed="25.00"/>
                <vehicle id="rlleft.3" pos="59.98" speed="25.00"/>
                <vehicle id="rlleft.2" pos="69.99" speed="25.00"/>
                <vehicle id="rlleft.0" pos="89.99" speed="25.00"/>
            </lane>
        </edge>
        <edge id="right">
            <lane id="right_0">
                <vehicle id="rlbottom.1" pos="18.20" speed="25.00"/>
                <vehicle id="rlright.3" pos="59.98" speed="25.00"/>
                <vehicle id="rlright.2" pos="69.99" speed="25.00"/>
                <vehicle id="rlright.0" pos="89.99" speed="25.00"/>
            </lane>
        </edge>
        <edge id="top">
            <lane id="top_0">
                <vehicle id="rlright.1" pos="18.20" speed="25.00"/>
                <vehicle id="rltop.3" pos="59.98" speed="25.00"/>
                <vehicle id="rltop.2" pos="69.99" speed="25.00"/>
                <vehicle id="rltop.0" pos="89.99" speed="25.00"/>
            </lane>
        </edge>
    </timestep>
    <timestep time="6.30">
        <edge id="bottom">
            <lane id="bottom_0">
                <vehicle id="rlleft.1" pos="20.70" speed="25.00"/>
                <vehicle id="rlbottom.3" pos="62.48" speed="25.00"/>
                <vehicle id="rlbottom.2" pos="72.49" speed="25.00"/>
                <vehicle id="rlbottom.0" pos="92.49" speed="25.00"/>
            </lane>
        </edge>
        <edge id="left">
            <lane id="left_0">
                <vehicle id="rltop.1" pos="20.70" speed="25.00"/>
                <vehicle id="rlleft.3" pos="62.48" speed="25.00"/>
                <vehicle id="rlleft.2" pos="72.49" speed="25.00"/>
                <vehicle id="rlleft.0" pos="92.49" speed="25.00"/>
            </lane>
        </edge>
        <edge id="right">
            <lane id="right_0">
                <vehicle id="rlbottom.1" pos="20.70" speed="25.00"/>
                <vehicle id="rlright.3" pos="62.48" speed="25.00"/>
                <vehicle id="rlright.2" pos="72.49" speed="25.00"/>
                <vehicle id="rlright.0" pos="92.49" speed="25.00"/>
            </lane>
        </edge>
        <edge id="top">
            <lane id="top_0">
                <vehicle id="rlright.1" pos="20.70" speed="25.00"/>
                <vehicle id="rltop.3" pos="62.48" speed="25.00"/>
                <vehicle id="rltop.2" pos="72.49" speed="25.00"/>
                <vehicle id="rltop.0" pos="92.49" speed="25.00"/>
            </lane>
        </edge>
    </timestep>
    <timestep time="6.40">
        <edge id="bottom">
            <lane id="bottom_0">
                <vehicle id="rlleft.1" pos="23.20" speed="25.00"/>
                <vehicle id="rlbottom.3" pos="64.98" speed="25.00"/>
                <vehicle id="rlbottom.2" pos="74.99" speed="25.00"/>
                <vehicle id="rlbottom.0" pos="94.99" speed="25.00"/>
            </lane>
        </edge>
        <edge id="left">
            <lane id="left_0">
                <vehicle id="rltop.1" pos="23.20" speed="25.00"/>
                <vehicle id="rlleft.3" pos="64.98" speed="25.00"/>
                <vehicle id="rlleft.2" pos="74.99" speed="25.00"/>
                <vehicle id="rlleft.0" pos="94.99" speed="25.00"/>
            </lane>
        </edge>
        <edge id="right">
            <lane id="right_0">
                <vehicle id="rlbottom.1" pos="23.20" speed="25.00"/>
                <vehicle id="rlright.3" pos="64.98" speed="25.00"/>
                <vehicle id="rlright.2" pos="74.99" speed="25.00"/>
                <vehicle id="rlright.0" pos="94.99" speed="25.00"/>
            </lane>
        </edge>
        <edge id="top">
            <lane id="top_0">
                <vehicle id="rlright.1" pos="23.20" speed="25.00"/>
                <vehicle id="rltop.3" pos="64.98" speed="25.00"/>
                <vehicle id="rltop.2" pos="74.99" speed="25.00"/>
                <vehicle id="rltop.0" pos="94.99" speed="25.00"/>
            </lane>
        </edge>
    </timestep>
    <timestep time="6.50">
        <edge id="bottom">
            <lane id="bottom_0">
                <vehicle id="rlleft.1" pos="25.70" speed="25.00"/>
                <vehicle id="rlbottom.3" pos="67.48" speed="25.00"/>
                <vehicle id="rlbottom.2" pos="77.49" speed="25.00"/>
                <vehicle id="rlbottom.0" pos="97.49" speed="25.00"/>
            </lane>
        </edge>
        <edge id="left">
            <lane id="left_0">
                <vehicle id="rltop.1" pos="25.70" speed="25.00"/>
                <vehicle id="rlleft.3" pos="67.48" speed="25.00"/>
                <vehicle id="rlleft.2" pos="77.49" speed="25.00"/>
                <vehicle id="rlleft.0" pos="97.49" speed="25.00"/>
            </lane>
        </edge>
        <edge id="right">
            <lane id="right_0">
                <vehicle id="rlbottom.1" pos="25.70" speed="25.00"/>
                <vehicle id="rlright.3" pos="67.48" speed="25.00"/>
                <vehicle id="rlright.2" pos="77.49" speed="25.00"/>
                <vehicle id="rlright.0" pos="97.49" speed="25.00"/>
            </lane>
        </edge>
        <edge id="top">
            <lane id="top_0">
                <vehicle id="rlright.1" pos="25.70" speed="25.00"/>
                <vehicle id="rltop.3" pos="67.48" speed="25.00"/>
                <vehicle id="rltop.2" pos="77.49" speed="25.00"/>
                <vehicle id="rltop.0" pos="97.49" speed="25.00"/>
            </lane>
        </edge>
    </timestep>
    <timestep time="6.60">
        <edge id="bottom">
            <lane id="bottom_0">
                <vehicle id="rlleft.1" pos="28.20" speed="25.00"/>
                <vehicle id="rlbottom.3" pos="69.98" speed="25.00"/>
                <vehicle id="rlbottom.2" pos="79.99" speed="25.00"/>
                <vehicle id="rlbottom.0" pos="99.99" speed="25.00"/>
            </lane>
        </edge>
        <edge id="left">
            <lane id="left_0">
                <vehicle id="rltop.1" pos="28.20" speed="25.00"/>
                <vehicle id="rlleft.3" pos="69.98" speed="25.00"/>
                <vehicle id="rlleft.2" pos="79.99" speed="25.00"/>
                <vehicle id="rlleft.0" pos="99.99" speed="25.00"/>
            </lane>
        </edge>
        <edge id="right">
            <lane id="right_0">
                <vehicle id="rlbottom.1" pos="28.20" speed="25.00"/>
                <vehicle id="rlright.3" pos="69.98" speed="25.00"/>
                <vehicle id="rlright.2" pos="79.99" speed="25.00"/>
                <vehicle id="rlright.0" pos="99.99" speed="25.00"/>
            </lane>
        </edge>
        <edge id="top">
            <lane id="top_0">
                <vehicle id="rlright.1" pos="28.20" speed="25.00"/>
                <vehicle id="rltop.3" pos="69.98" speed="25.00"/>
                <vehicle id="rltop.2" pos="79.99" speed="25.00"/>
                <vehicle id="rltop.0" pos="99.99" speed="25.00"/>
            </lane>
        </edge>
    </timestep>
    <timestep time="6.70">
        <edge id="bottom">
            <lane id="bottom_0">
                <vehicle id="rlleft.0" pos="2.49" speed="25.00"/>
                <vehicle id="rlleft.1" pos="30.70" speed="25.00"/>
                <vehicle id="rlbottom.3" pos="72.47" speed="25.00"/>
                <vehicle id="rlbottom.2" pos="82.48" speed="25.00"/>
            </lane>
        </edge>
        <edge id="left">
            <lane id="left_0">
                <vehicle id="rltop.0" pos="2.49" speed="25.00"/>
                <vehicle id="rltop.1" pos="30.70" speed="25.00"/>
                <vehicle id="rlleft.3" pos="72.47" speed="25.00"/>
                <vehicle id="rlleft.2" pos="82.48" speed="25.00"/>
            </lane>
        </edge>
        <edge id="right">
            <lane id="right_0">
                <vehicle id="rlbottom.0" pos="2.49" speed="25.00"/>
                <vehicle id="rlbottom.1" pos="30.70" speed="25.00"/>
                <vehicle id="rlright.3" pos="72.47" speed="25.00"/>
                <vehicle id="rlright.2" pos="82.48" speed="25.00"/>
            </lane>
        </edge>
        <edge id="top">
            <lane id="top_0">
                <vehicle id="rlright.0" pos="2.49" speed="25.00"/>
                <vehicle id="rlright.1" pos="30.70" speed="25.00"/>
                <vehicle id="rltop.3" pos="72.47" speed="25.00"/>
                <vehicle id="rltop.2" pos="82.48" speed="25.00"/>
            </lane>
        </edge>
    </timestep>
    <timestep time="6.80">
        <edge id="bottom">
            <lane id="bottom_0">
                <vehicle id="rlleft.0" pos="4.99" speed="25.00"/>
                <vehicle id="rlleft.1" pos="33.20" speed="25.00"/>
                <vehicle id="rlbottom.3" pos="74.97" speed="25.00"/>
                <vehicle id="rlbottom.2" pos="84.98" speed="25.00"/>
            </lane>
        </edge>
        <edge id="left">
            <lane id="left_0">
                <vehicle id="rltop.0" pos="4.99" speed="25.00"/>
                <vehicle id="rltop.1" pos="33.20" speed="25.00"/>
                <vehicle id="rlleft.3" pos="74.97" speed="25.00"/>
                <vehicle id="rlleft.2" pos="84.98" speed="25.00"/>
            </lane>
        </edge>
        <edge id="right">
            <lane id="right_0">
                <vehicle id="rlbottom.0" pos="4.99" speed="25.00"/>
                <vehicle id="rlbottom.1" pos="33.20" speed="25.00"/>
                <vehicle id="rlright.3" pos="74.97" speed="25.00"/>
                <vehicle id="rlright.2" pos="84.98" speed="25.00"/>
            </lane>
        </edge>
        <edge id="top">
            <lane id="top_0">
                <vehicle id="rlright.0" pos="4.99" speed="25.00"/>
                <vehicle id="rlright.1" pos="33.20" speed="25.00"/>
                <vehicle id="rltop.3" pos="74.97" speed="25.00"/>
                <vehicle id="rltop.2" pos="84.98" speed="25.00"/>
            </lane>
        </edge>
    </timestep>
    <timestep time="6.90">
        <edge id="bottom">
            <lane id="bottom_0">
                <vehicle id="rlleft.0" pos="7.49" speed="25.00"/>
                <vehicle id="rlleft.1" pos="35.70" speed="25.00"/>
                <vehicle id="rlbottom.3" pos="77.47" speed="25.00"/>
                <vehicle id="rlbottom.2" pos="87.48" speed="25.00"/>
            </lane>
        </edge>
        <edge id="left">
            <lane id="left_0">
                <vehicle id="rltop.0" pos="7.49" speed="25.00"/>
                <vehicle id="rltop.1" pos="35.70" speed="25.00"/>
                <vehicle id="rlleft.3" pos="77.47" speed="25.00"/>
                <vehicle id="rlleft.2" pos="87.48" speed="25.00"/>
            </lane>
        </edge>
        <edge id="right">
            <lane id="right_0">
                <vehicle id="rlbottom.0" pos="7.49" speed="25.00"/>
                <vehicle id="rlbottom.1" pos="35.70" speed="25.00"/>
                <vehicle id="rlright.3" pos="77.47" speed="25.00"/>
                <vehicle id="rlright.2" pos="87.48" speed="25.00"/>
            </lane>
        </edge>
        <edge id="top">
            <lane id="top_0">
                <vehicle id="rlright.0" pos="7.49" speed="25.00"/>
                <vehicle id="rlright.1" pos="35.70" speed="25.00"/>
                <vehicle id="rltop.3" pos="77.47" speed="25.00"/>
                <vehicle id="rltop.2" pos="87.48" speed="25.00"/>
            </lane>
        </edge>
    </timestep>
    <timestep time="7.00">
        <edge id="bottom">
            <lane id="bottom_0">
                <vehicle id="rlleft.0" pos="9.99" speed="25.00"/>
                <vehicle id="rlleft.1" pos="38.20" speed="25.00"/>
                <vehicle id="rlbottom.3" pos="79.97" speed="25.00"/>
                <vehicle id="rlbottom.2" pos="89.98" speed="25.00"/>
            </lane>
        </edge>
        <edge id="left">
            <lane id="left_0">
                <vehicle id="rltop.0" pos="9.99" speed="25.00"/>
                <vehicle id="rltop.1" pos="38.20" speed="25.00"/>
                <vehicle id="rlleft.3" pos="79.97" speed="25.00"/>
                <vehicle id="rlleft.2" pos="89.98" speed="25.00"/>
            </lane>
        </edge>
        <edge id="right">
            <lane id="right_0">
                <vehicle id="rlbottom.0" pos="9.99" speed="25.00"/>
                <vehicle id="rlbottom.1" pos="38.20" speed="25.00"/>
                <vehicle id="rlright.3" pos="79.97" speed="25.00"/>
                <vehicle id="rlright.2" pos="89.98" speed="25.00"/>
            </lane>
        </edge>
        <edge id="top">
            <lane id="top_0">
                <vehicle id="rlright.0" pos="9.99" speed="25.00"/>
                <vehicle id="rlright.1" pos="38.20" speed="25.00"/>
                <vehicle id="rltop.3" pos="79.97" speed="25.00"/>
                <vehicle id="rltop.2" pos="89.98" speed="25.00"/>
            </lane>
        </edge>
    </timestep>
    <timestep time="7.10">
        <edge id="bottom">
            <lane id="bottom_0">
                <vehicle id="rlleft.0" pos="12.44" speed="24.55"/>
                <vehicle id="rlleft.1" pos="40.72" speed="25.19"/>
                <vehicle id="rlbottom.3" pos="82.43" speed="24.55"/>
                <vehicle id="rlbottom.2" pos="92.44" speed="24.55"/>
            </lane>
        </edge>
        <edge id="left">
            <lane id="left_0">
                <vehicle id="rltop.0" pos="12.44" speed="24.55"/>
                <vehicle id="rltop.1" pos="40.72" speed="25.22"/>
                <vehicle id="rlleft.3" pos="82.43" speed="24.55"/>
                <vehicle id="rlleft.2" pos="92.44" speed="24.55"/>
            </lane>
        </edge>
        <edge id="right">
            <lane id="right_0">
                <vehicle id="rlbottom.0" pos="12.44" speed="24.55"/>
                <vehicle id="rlbottom.1" pos="40.72" speed="25.22"/>
                <vehicle id="rlright.3" pos="82.43" speed="24.55"/>
                <vehicle id="rlright.2" pos="92.44" speed="24.55"/>
            </lane>
        </edge>
        <edge id="top">
            <lane id="top_0">
                <vehicle id="rlright.0" pos="12.44" speed="24.55"/>
                <vehicle id="rlright.1" pos="40.71" speed="25.14"/>
                <vehicle id="rltop.3" pos="82.43" speed="24.55"/>
                <vehicle id="rltop.2" pos="92.44" speed="24.55"/>
            </lane>
        </edge>
    </timestep>
</netstate>
