<?xml version="1.0" encoding="UTF-8"?>

<!-- generated on Mon Feb 27 13:48:35 2017 by SUMO Version 0.29.0
<?xml version="1.0" encoding="UTF-8"?>

<configuration xmlns:xsi="http://www.w3.org/2001/XMLSchema-instance" xsi:noNamespaceSchemaLocation="http://sumo.dlr.de/xsd/sumoConfiguration.xsd">

    <input>
        <net-file value="debug/cfg/test-exp-200m1l.net.xml"/>
        <route-files value="debug/cfg/test-exp-200m1l.rou.xml"/>
        <additional-files value="debug/cfg/test-exp-200m1l.add.xml"/>
    </input>

    <output>
        <netstate-dump value="debug/cfg/data/test-exp-200m1l.netstate.xml"/>
        <emission-output value="debug/cfg/data/test-exp-200m1l.emission.xml"/>
        <amitran-output value="debug/cfg/data/test-exp-200m1l.amitran.xml"/>
        <lanechange-output value="debug/cfg/data/test-exp-200m1l.lanechange.xml"/>
    </output>

    <time>
        <begin value="0"/>
        <end value="3000"/>
        <step-length value="0.1"/>
    </time>

    <traci_server>
        <remote-port value="8873"/>
    </traci_server>

    <gui_only>
        <gui-settings-file value="debug/cfg/test-exp-200m1l.gui.cfg"/>
    </gui_only>

</configuration>
-->

<emission-export xmlns:xsi="http://www.w3.org/2001/XMLSchema-instance" xsi:noNamespaceSchemaLocation="http://sumo.dlr.de/xsd/emission_file.xsd">
    <timestep time="0.00">
        <vehicle id="cfm_slow_0" eclass="HBEFA3/PC_G_EU4" CO2="2624.72" CO="164.78" HC="0.81" NOx="1.20" PMx="0.07" fuel="1.13" electricity="0.00" noise="55.94" route="routebottom" type="cfm_slow" waiting="0.00" lane="bottom_0" pos="1.00" speed="0.00" angle="92.66" x="65.74" y="-1.61"/>
        <vehicle id="cfm_slow_1" eclass="HBEFA3/PC_G_EU4" CO2="2624.72" CO="164.78" HC="0.81" NOx="1.20" PMx="0.07" fuel="1.13" electricity="0.00" noise="55.94" route="routebottom" type="cfm_slow" waiting="0.00" lane="bottom_0" pos="39.00" speed="0.00" angle="24.30" x="125.09" y="41.53"/>
        <vehicle id="cfm_slow_2" eclass="HBEFA3/PC_G_EU4" CO2="2624.72" CO="164.78" HC="0.81" NOx="1.20" PMx="0.07" fuel="1.13" electricity="0.00" noise="55.94" route="routeright" type="cfm_slow" waiting="0.00" lane="right_0" pos="27.00" speed="0.00" angle="315.98" x="106.86" y="112.65"/>
        <vehicle id="cfm_slow_3" eclass="HBEFA3/PC_G_EU4" CO2="2624.72" CO="164.78" HC="0.81" NOx="1.20" PMx="0.07" fuel="1.13" electricity="0.00" noise="55.94" route="routetop" type="cfm_slow" waiting="0.00" lane="top_0" pos="15.00" speed="0.00" angle="247.45" x="34.00" y="121.84"/>
        <vehicle id="cfm_slow_4" eclass="HBEFA3/PC_G_EU4" CO2="2624.72" CO="164.78" HC="0.81" NOx="1.20" PMx="0.07" fuel="1.13" electricity="0.00" noise="55.94" route="routeleft" type="cfm_slow" waiting="0.00" lane="left_0" pos="3.00" speed="0.00" angle="179.11" x="-1.35" y="57.49"/>
    </timestep>
    <timestep time="0.10">
        <vehicle id="cfm_slow_0" eclass="HBEFA3/PC_G_EU4" CO2="8198.78" CO="254.21" HC="1.36" NOx="3.79" PMx="0.20" fuel="3.52" electricity="0.00" noise="121.85" route="routebottom" type="cfm_slow" waiting="0.00" lane="bottom_0" pos="1.15" speed="1.49" angle="92.39" x="66.04" y="-1.60"/>
        <vehicle id="cfm_slow_1" eclass="HBEFA3/PC_G_EU4" CO2="8198.78" CO="254.21" HC="1.36" NOx="3.79" PMx="0.20" fuel="3.52" electricity="0.00" noise="121.85" route="routebottom" type="cfm_slow" waiting="0.00" lane="bottom_0" pos="39.15" speed="1.49" angle="24.03" x="125.19" y="41.81"/>
        <vehicle id="cfm_slow_2" eclass="HBEFA3/PC_G_EU4" CO2="8198.78" CO="254.21" HC="1.36" NOx="3.79" PMx="0.20" fuel="3.52" electricity="0.00" noise="121.85" route="routeright" type="cfm_slow" waiting="0.00" lane="right_0" pos="27.15" speed="1.49" angle="315.69" x="106.62" y="112.85"/>
        <vehicle id="cfm_slow_3" eclass="HBEFA3/PC_G_EU4" CO2="8198.78" CO="254.21" HC="1.36" NOx="3.79" PMx="0.20" fuel="3.52" electricity="0.00" noise="121.85" route="routetop" type="cfm_slow" waiting="0.00" lane="top_0" pos="15.15" speed="1.49" angle="247.17" x="33.73" y="121.71"/>
        <vehicle id="cfm_slow_4" eclass="HBEFA3/PC_G_EU4" CO2="8198.78" CO="254.21" HC="1.36" NOx="3.79" PMx="0.20" fuel="3.52" electricity="0.00" noise="121.85" route="routeleft" type="cfm_slow" waiting="0.00" lane="left_0" pos="3.15" speed="1.49" angle="178.84" x="-1.32" y="57.19"/>
    </timestep>
    <timestep time="0.20">
        <vehicle id="cfm_slow_0" eclass="HBEFA3/PC_G_EU4" CO2="13807.46" CO="346.19" HC="1.91" NOx="6.40" PMx="0.34" fuel="5.94" electricity="0.00" noise="122.43" route="routebottom" type="cfm_slow" waiting="0.00" lane="bottom_0" pos="1.45" speed="2.97" angle="91.90" x="66.65" y="-1.58"/>
        <vehicle id="cfm_slow_1" eclass="HBEFA3/PC_G_EU4" CO2="13807.46" CO="346.19" HC="1.91" NOx="6.40" PMx="0.34" fuel="5.94" electricity="0.00" noise="122.43" route="routebottom" type="cfm_slow" waiting="0.00" lane="bottom_0" pos="39.45" speed="2.97" angle="23.50" x="125.40" y="42.39"/>
        <vehicle id="cfm_slow_2" eclass="HBEFA3/PC_G_EU4" CO2="13807.46" CO="346.19" HC="1.91" NOx="6.40" PMx="0.34" fuel="5.94" electricity="0.00" noise="122.43" route="routeright" type="cfm_slow" waiting="0.00" lane="right_0" pos="27.45" speed="2.97" angle="315.11" x="106.16" y="113.24"/>
        <vehicle id="cfm_slow_3" eclass="HBEFA3/PC_G_EU4" CO2="13807.46" CO="346.19" HC="1.91" NOx="6.40" PMx="0.34" fuel="5.94" electricity="0.00" noise="122.43" route="routetop" type="cfm_slow" waiting="0.00" lane="top_0" pos="15.45" speed="2.97" angle="246.70" x="33.19" y="121.43"/>
        <vehicle id="cfm_slow_4" eclass="HBEFA3/PC_G_EU4" CO2="13807.46" CO="346.19" HC="1.91" NOx="6.40" PMx="0.34" fuel="5.94" electricity="0.00" noise="122.43" route="routeleft" type="cfm_slow" waiting="0.00" lane="left_0" pos="3.45" speed="2.97" angle="178.30" x="-1.26" y="56.58"/>
    </timestep>
    <timestep time="0.30">
        <vehicle id="cfm_slow_0" eclass="HBEFA3/PC_G_EU4" CO2="19450.77" CO="440.74" HC="2.48" NOx="9.02" PMx="0.48" fuel="8.36" electricity="0.00" noise="123.03" route="routebottom" type="cfm_slow" waiting="0.00" lane="bottom_0" pos="1.89" speed="4.46" angle="91.09" x="67.56" y="-1.52"/>
        <vehicle id="cfm_slow_1" eclass="HBEFA3/PC_G_EU4" CO2="19450.77" CO="440.74" HC="2.48" NOx="9.02" PMx="0.48" fuel="8.36" electricity="0.00" noise="123.03" route="routebottom" type="cfm_slow" waiting="0.00" lane="bottom_0" pos="39.89" speed="4.46" angle="22.76" x="125.70" y="43.25"/>
        <vehicle id="cfm_slow_2" eclass="HBEFA3/PC_G_EU4" CO2="19450.77" CO="440.74" HC="2.48" NOx="9.02" PMx="0.48" fuel="8.36" electricity="0.00" noise="123.03" route="routeright" type="cfm_slow" waiting="0.00" lane="right_0" pos="27.89" speed="4.46" angle="314.23" x="105.46" y="113.83"/>
        <vehicle id="cfm_slow_3" eclass="HBEFA3/PC_G_EU4" CO2="19450.77" CO="440.74" HC="2.48" NOx="9.02" PMx="0.48" fuel="8.36" electricity="0.00" noise="123.03" route="routetop" type="cfm_slow" waiting="0.00" lane="top_0" pos="15.89" speed="4.46" angle="245.90" x="32.39" y="120.98"/>
        <vehicle id="cfm_slow_4" eclass="HBEFA3/PC_G_EU4" CO2="19450.77" CO="440.74" HC="2.48" NOx="9.02" PMx="0.48" fuel="8.36" electricity="0.00" noise="123.03" route="routeleft" type="cfm_slow" waiting="0.00" lane="left_0" pos="3.89" speed="4.46" angle="177.53" x="-1.16" y="55.67"/>
    </timestep>
    <timestep time="0.40">
        <vehicle id="cfm_slow_0" eclass="HBEFA3/PC_G_EU4" CO2="25128.71" CO="537.84" HC="3.07" NOx="11.66" PMx="0.63" fuel="10.80" electricity="0.00" noise="123.64" route="routebottom" type="cfm_slow" waiting="0.00" lane="bottom_0" pos="2.49" speed="5.94" angle="90.02" x="68.78" y="-1.45"/>
        <vehicle id="cfm_slow_1" eclass="HBEFA3/PC_G_EU4" CO2="25128.71" CO="537.84" HC="3.07" NOx="11.66" PMx="0.63" fuel="10.80" electricity="0.00" noise="123.64" route="routebottom" type="cfm_slow" waiting="0.00" lane="bottom_0" pos="40.49" speed="5.94" angle="21.65" x="126.06" y="44.41"/>
        <vehicle id="cfm_slow_2" eclass="HBEFA3/PC_G_EU4" CO2="25128.71" CO="537.84" HC="3.07" NOx="11.66" PMx="0.63" fuel="10.80" electricity="0.00" noise="123.64" route="routeright" type="cfm_slow" waiting="0.00" lane="right_0" pos="28.49" speed="5.94" angle="313.17" x="104.51" y="114.60"/>
        <vehicle id="cfm_slow_3" eclass="HBEFA3/PC_G_EU4" CO2="25128.71" CO="537.84" HC="3.07" NOx="11.66" PMx="0.63" fuel="10.80" electricity="0.00" noise="123.64" route="routetop" type="cfm_slow" waiting="0.00" lane="top_0" pos="16.49" speed="5.94" angle="244.83" x="31.32" y="120.39"/>
        <vehicle id="cfm_slow_4" eclass="HBEFA3/PC_G_EU4" CO2="25128.71" CO="537.84" HC="3.07" NOx="11.66" PMx="0.63" fuel="10.80" electricity="0.00" noise="123.64" route="routeleft" type="cfm_slow" waiting="0.00" lane="left_0" pos="4.49" speed="5.94" angle="176.45" x="-0.99" y="54.47"/>
    </timestep>
    <timestep time="0.50">
        <vehicle id="cfm_slow_0" eclass="HBEFA3/PC_G_EU4" CO2="30841.28" CO="637.49" HC="3.66" NOx="14.32" PMx="0.77" fuel="13.26" electricity="0.00" noise="124.27" route="routebottom" type="cfm_slow" waiting="0.00" lane="bottom_0" pos="3.23" speed="7.43" angle="88.70" x="70.30" y="-1.30"/>
        <vehicle id="cfm_slow_1" eclass="HBEFA3/PC_G_EU4" CO2="30841.28" CO="637.49" HC="3.66" NOx="14.32" PMx="0.77" fuel="13.26" electricity="0.00" noise="124.27" route="routebottom" type="cfm_slow" waiting="0.00" lane="bottom_0" pos="41.23" speed="7.43" angle="20.33" x="126.50" y="45.87"/>
        <vehicle id="cfm_slow_2" eclass="HBEFA3/PC_G_EU4" CO2="30841.28" CO="637.49" HC="3.66" NOx="14.32" PMx="0.77" fuel="13.26" electricity="0.00" noise="124.27" route="routeright" type="cfm_slow" waiting="0.00" lane="right_0" pos="29.23" speed="7.43" angle="311.82" x="103.32" y="115.54"/>
        <vehicle id="cfm_slow_3" eclass="HBEFA3/PC_G_EU4" CO2="30841.28" CO="637.49" HC="3.66" NOx="14.32" PMx="0.77" fuel="13.26" electricity="0.00" noise="124.27" route="routetop" type="cfm_slow" waiting="0.00" lane="top_0" pos="17.23" speed="7.43" angle="243.52" x="30.01" y="119.62"/>
        <vehicle id="cfm_slow_4" eclass="HBEFA3/PC_G_EU4" CO2="30841.28" CO="637.49" HC="3.66" NOx="14.32" PMx="0.77" fuel="13.26" electricity="0.00" noise="124.27" route="routeleft" type="cfm_slow" waiting="0.00" lane="left_0" pos="5.23" speed="7.43" angle="175.11" x="-0.77" y="52.96"/>
    </timestep>
    <timestep time="0.60">
        <vehicle id="cfm_slow_0" eclass="HBEFA3/PC_G_EU4" CO2="36588.47" CO="739.70" HC="4.27" NOx="16.99" PMx="0.92" fuel="15.73" electricity="0.00" noise="124.91" route="routebottom" type="cfm_slow" waiting="0.00" lane="bottom_0" pos="4.12" speed="8.91" angle="87.12" x="72.11" y="-1.10"/>
        <vehicle id="cfm_slow_1" eclass="HBEFA3/PC_G_EU4" CO2="36588.47" CO="739.70" HC="4.27" NOx="16.99" PMx="0.92" fuel="15.73" electricity="0.00" noise="124.91" route="routebottom" type="cfm_slow" waiting="0.00" lane="bottom_0" pos="42.12" speed="8.91" angle="18.66" x="126.97" y="47.64"/>
        <vehicle id="cfm_slow_2" eclass="HBEFA3/PC_G_EU4" CO2="36588.47" CO="739.70" HC="4.27" NOx="16.99" PMx="0.92" fuel="15.73" electricity="0.00" noise="124.91" route="routeright" type="cfm_slow" waiting="0.00" lane="right_0" pos="30.12" speed="8.91" angle="310.25" x="101.85" y="116.62"/>
        <vehicle id="cfm_slow_3" eclass="HBEFA3/PC_G_EU4" CO2="36588.47" CO="739.70" HC="4.27" NOx="16.99" PMx="0.92" fuel="15.73" electricity="0.00" noise="124.91" route="routetop" type="cfm_slow" waiting="0.00" lane="top_0" pos="18.12" speed="8.91" angle="241.93" x="28.45" y="118.67"/>
        <vehicle id="cfm_slow_4" eclass="HBEFA3/PC_G_EU4" CO2="36588.47" CO="739.70" HC="4.27" NOx="16.99" PMx="0.92" fuel="15.73" electricity="0.00" noise="124.91" route="routeleft" type="cfm_slow" waiting="0.00" lane="left_0" pos="6.12" speed="8.91" angle="173.43" x="-0.43" y="51.16"/>
    </timestep>
    <timestep time="0.70">
        <vehicle id="cfm_slow_0" eclass="HBEFA3/PC_G_EU4" CO2="42370.30" CO="844.47" HC="4.89" NOx="19.68" PMx="1.06" fuel="18.21" electricity="0.00" noise="125.56" route="routebottom" type="cfm_slow" waiting="0.00" lane="bottom_0" pos="5.16" speed="10.40" angle="85.25" x="74.22" y="-0.79"/>
        <vehicle id="cfm_slow_1" eclass="HBEFA3/PC_G_EU4" CO2="42370.30" CO="844.47" HC="4.89" NOx="19.68" PMx="1.06" fuel="18.21" electricity="0.00" noise="125.56" route="routebottom" type="cfm_slow" waiting="0.00" lane="bottom_0" pos="43.16" speed="10.40" angle="16.88" x="127.46" y="49.71"/>
        <vehicle id="cfm_slow_2" eclass="HBEFA3/PC_G_EU4" CO2="42370.30" CO="844.47" HC="4.89" NOx="19.68" PMx="1.06" fuel="18.21" electricity="0.00" noise="125.56" route="routeright" type="cfm_slow" waiting="0.00" lane="right_0" pos="31.16" speed="10.40" angle="308.41" x="100.10" y="117.85"/>
        <vehicle id="cfm_slow_3" eclass="HBEFA3/PC_G_EU4" CO2="42370.30" CO="844.47" HC="4.89" NOx="19.68" PMx="1.06" fuel="18.21" electricity="0.00" noise="125.56" route="routetop" type="cfm_slow" waiting="0.00" lane="top_0" pos="19.16" speed="10.40" angle="239.98" x="26.68" y="117.49"/>
        <vehicle id="cfm_slow_4" eclass="HBEFA3/PC_G_EU4" CO2="42370.30" CO="844.47" HC="4.89" NOx="19.68" PMx="1.06" fuel="18.21" electricity="0.00" noise="125.56" route="routeleft" type="cfm_slow" waiting="0.00" lane="left_0" pos="7.16" speed="10.40" angle="171.57" x="0.01" y="49.08"/>
    </timestep>
    <timestep time="0.80">
        <vehicle id="cfm_slow_0" eclass="HBEFA3/PC_G_EU4" CO2="48186.76" CO="951.79" HC="5.52" NOx="22.39" PMx="1.21" fuel="20.71" electricity="0.00" noise="126.22" route="routebottom" type="cfm_slow" waiting="0.00" lane="bottom_0" pos="6.35" speed="11.88" angle="83.04" x="76.62" y="-0.35"/>
        <vehicle id="cfm_slow_1" eclass="HBEFA3/PC_G_EU4" CO2="48186.76" CO="951.79" HC="5.52" NOx="22.39" PMx="1.21" fuel="20.71" electricity="0.00" noise="126.22" route="routebottom" type="cfm_slow" waiting="0.00" lane="bottom_0" pos="44.35" speed="11.88" angle="14.70" x="127.93" y="52.10"/>
        <vehicle id="cfm_slow_2" eclass="HBEFA3/PC_G_EU4" CO2="48186.76" CO="951.79" HC="5.52" NOx="22.39" PMx="1.21" fuel="20.71" electricity="0.00" noise="126.22" route="routeright" type="cfm_slow" waiting="0.00" lane="right_0" pos="32.35" speed="11.88" angle="306.31" x="98.06" y="119.18"/>
        <vehicle id="cfm_slow_3" eclass="HBEFA3/PC_G_EU4" CO2="48186.76" CO="951.79" HC="5.52" NOx="22.39" PMx="1.21" fuel="20.71" electricity="0.00" noise="126.22" route="routetop" type="cfm_slow" waiting="0.00" lane="top_0" pos="20.35" speed="11.88" angle="237.80" x="24.70" y="116.07"/>
        <vehicle id="cfm_slow_4" eclass="HBEFA3/PC_G_EU4" CO2="48186.76" CO="951.79" HC="5.52" NOx="22.39" PMx="1.21" fuel="20.71" electricity="0.00" noise="126.22" route="routeleft" type="cfm_slow" waiting="0.00" lane="left_0" pos="8.35" speed="11.88" angle="169.42" x="0.60" y="46.72"/>
    </timestep>
    <timestep time="0.90">
        <vehicle id="cfm_slow_0" eclass="HBEFA3/PC_G_EU4" CO2="54037.84" CO="1061.67" HC="6.17" NOx="25.11" PMx="1.36" fuel="23.23" electricity="0.00" noise="126.89" route="routebottom" type="cfm_slow" waiting="0.00" lane="bottom_0" pos="7.68" speed="13.37" angle="80.67" x="79.29" y="0.25"/>
        <vehicle id="cfm_slow_1" eclass="HBEFA3/PC_G_EU4" CO2="54037.84" CO="1061.67" HC="6.17" NOx="25.11" PMx="1.36" fuel="23.23" electricity="0.00" noise="126.89" route="routebottom" type="cfm_slow" waiting="0.00" lane="bottom_0" pos="45.68" speed="13.37" angle="12.26" x="128.36" y="54.81"/>
        <vehicle id="cfm_slow_2" eclass="HBEFA3/PC_G_EU4" CO2="54037.84" CO="1061.67" HC="6.17" NOx="25.11" PMx="1.36" fuel="23.23" electricity="0.00" noise="126.89" route="routeright" type="cfm_slow" waiting="0.00" lane="right_0" pos="33.68" speed="13.37" angle="303.92" x="95.70" y="120.56"/>
        <vehicle id="cfm_slow_3" eclass="HBEFA3/PC_G_EU4" CO2="54037.84" CO="1061.67" HC="6.17" NOx="25.11" PMx="1.36" fuel="23.23" electricity="0.00" noise="126.89" route="routetop" type="cfm_slow" waiting="0.00" lane="top_0" pos="21.68" speed="13.37" angle="235.44" x="22.53" y="114.39"/>
        <vehicle id="cfm_slow_4" eclass="HBEFA3/PC_G_EU4" CO2="54037.84" CO="1061.67" HC="6.17" NOx="25.11" PMx="1.36" fuel="23.23" electricity="0.00" noise="126.89" route="routeleft" type="cfm_slow" waiting="0.00" lane="left_0" pos="9.68" speed="13.37" angle="167.01" x="1.37" y="44.08"/>
    </timestep>
    <timestep time="1.00">
        <vehicle id="cfm_slow_0" eclass="HBEFA3/PC_G_EU4" CO2="59923.55" CO="1174.10" HC="6.83" NOx="27.85" PMx="1.51" fuel="25.76" electricity="0.00" noise="127.56" route="routebottom" type="cfm_slow" waiting="0.00" lane="bottom_0" pos="9.17" speed="14.85" angle="77.96" x="82.23" y="1.05"/>
        <vehicle id="cfm_slow_1" eclass="HBEFA3/PC_G_EU4" CO2="59923.55" CO="1174.10" HC="6.83" NOx="27.85" PMx="1.51" fuel="25.76" electricity="0.00" noise="127.56" route="routebottom" type="cfm_slow" waiting="0.00" lane="bottom_0" pos="47.17" speed="14.85" angle="9.66" x="128.71" y="57.83"/>
        <vehicle id="cfm_slow_2" eclass="HBEFA3/PC_G_EU4" CO2="59923.55" CO="1174.10" HC="6.83" NOx="27.85" PMx="1.51" fuel="25.76" electricity="0.00" noise="127.56" route="routeright" type="cfm_slow" waiting="0.00" lane="right_0" pos="35.17" speed="14.85" angle="301.24" x="93.01" y="122.00"/>
        <vehicle id="cfm_slow_3" eclass="HBEFA3/PC_G_EU4" CO2="59923.55" CO="1174.10" HC="6.83" NOx="27.85" PMx="1.51" fuel="25.76" electricity="0.00" noise="127.56" route="routetop" type="cfm_slow" waiting="0.00" lane="top_0" pos="23.17" speed="14.85" angle="232.79" x="20.21" y="112.42"/>
        <vehicle id="cfm_slow_4" eclass="HBEFA3/PC_G_EU4" CO2="59923.55" CO="1174.10" HC="6.83" NOx="27.85" PMx="1.51" fuel="25.76" electricity="0.00" noise="127.56" route="routeleft" type="cfm_slow" waiting="0.00" lane="left_0" pos="11.17" speed="14.85" angle="164.33" x="2.35" y="41.20"/>
    </timestep>
    <timestep time="1.10">
        <vehicle id="cfm_slow_0" eclass="HBEFA3/PC_G_EU4" CO2="65843.90" CO="1289.10" HC="7.50" NOx="30.61" PMx="1.67" fuel="28.30" electricity="0.00" noise="128.24" route="routebottom" type="cfm_slow" waiting="0.00" lane="bottom_0" pos="10.80" speed="16.34" angle="75.03" x="85.41" y="2.09"/>
        <vehicle id="cfm_slow_1" eclass="HBEFA3/PC_G_EU4" CO2="65843.90" CO="1289.10" HC="7.50" NOx="30.61" PMx="1.67" fuel="28.30" electricity="0.00" noise="128.24" route="routebottom" type="cfm_slow" waiting="0.00" lane="bottom_0" pos="48.80" speed="16.34" angle="6.67" x="128.92" y="61.17"/>
        <vehicle id="cfm_slow_2" eclass="HBEFA3/PC_G_EU4" CO2="65843.90" CO="1289.10" HC="7.50" NOx="30.61" PMx="1.67" fuel="28.30" electricity="0.00" noise="128.24" route="routeright" type="cfm_slow" waiting="0.00" lane="right_0" pos="36.80" speed="16.34" angle="298.23" x="89.98" y="123.43"/>
        <vehicle id="cfm_slow_3" eclass="HBEFA3/PC_G_EU4" CO2="65843.90" CO="1289.10" HC="7.50" NOx="30.61" PMx="1.67" fuel="28.30" electricity="0.00" noise="128.24" route="routetop" type="cfm_slow" waiting="0.00" lane="top_0" pos="24.80" speed="16.34" angle="229.87" x="17.78" y="110.12"/>
        <vehicle id="cfm_slow_4" eclass="HBEFA3/PC_G_EU4" CO2="65843.90" CO="1289.10" HC="7.50" NOx="30.61" PMx="1.67" fuel="28.30" electricity="0.00" noise="128.24" route="routeleft" type="cfm_slow" waiting="0.00" lane="left_0" pos="12.80" speed="16.34" angle="161.49" x="3.57" y="38.08"/>
    </timestep>
    <timestep time="1.20">
        <vehicle id="cfm_slow_0" eclass="HBEFA3/PC_G_EU4" CO2="71798.87" CO="1406.64" HC="8.18" NOx="33.38" PMx="1.82" fuel="30.86" electricity="0.00" noise="128.93" route="routebottom" type="cfm_slow" waiting="0.00" lane="bottom_0" pos="12.58" speed="17.82" angle="71.83" x="88.83" y="3.40"/>
        <vehicle id="cfm_slow_1" eclass="HBEFA3/PC_G_EU4" CO2="71798.87" CO="1406.64" HC="8.18" NOx="33.38" PMx="1.82" fuel="30.86" electricity="0.00" noise="128.93" route="routebottom" type="cfm_slow" waiting="0.00" lane="right_0" pos="0.58" speed="17.82" angle="3.43" x="128.95" y="64.89"/>
        <vehicle id="cfm_slow_2" eclass="HBEFA3/PC_G_EU4" CO2="71798.87" CO="1406.64" HC="8.18" NOx="33.38" PMx="1.82" fuel="30.86" electricity="0.00" noise="128.93" route="routeright" type="cfm_slow" waiting="0.00" lane="right_0" pos="38.58" speed="17.82" angle="295.05" x="86.60" y="124.80"/>
        <vehicle id="cfm_slow_3" eclass="HBEFA3/PC_G_EU4" CO2="71798.87" CO="1406.64" HC="8.18" NOx="33.38" PMx="1.82" fuel="30.86" electricity="0.00" noise="128.93" route="routetop" type="cfm_slow" waiting="0.00" lane="top_0" pos="26.58" speed="17.82" angle="226.67" x="15.25" y="107.48"/>
        <vehicle id="cfm_slow_4" eclass="HBEFA3/PC_G_EU4" CO2="71798.87" CO="1406.64" HC="8.18" NOx="33.38" PMx="1.82" fuel="30.86" electricity="0.00" noise="128.93" route="routeleft" type="cfm_slow" waiting="0.00" lane="left_0" pos="14.58" speed="17.82" angle="158.27" x="5.10" y="34.76"/>
    </timestep>
    <timestep time="1.30">
        <vehicle id="cfm_slow_0" eclass="HBEFA3/PC_G_EU4" CO2="77788.47" CO="1526.75" HC="8.88" NOx="36.17" PMx="1.98" fuel="33.44" electricity="0.00" noise="129.62" route="routebottom" type="cfm_slow" waiting="0.00" lane="bottom_0" pos="14.51" speed="19.31" angle="68.39" x="92.43" y="5.03"/>
        <vehicle id="cfm_slow_1" eclass="HBEFA3/PC_G_EU4" CO2="77788.47" CO="1526.75" HC="8.88" NOx="36.17" PMx="1.98" fuel="33.44" electricity="0.00" noise="129.62" route="routebottom" type="cfm_slow" waiting="0.00" lane="right_0" pos="2.51" speed="19.31" angle="359.98" x="128.77" y="68.84"/>
        <vehicle id="cfm_slow_2" eclass="HBEFA3/PC_G_EU4" CO2="77788.47" CO="1526.75" HC="8.88" NOx="36.17" PMx="1.98" fuel="33.44" electricity="0.00" noise="129.62" route="routeright" type="cfm_slow" waiting="0.00" lane="right_0" pos="40.51" speed="19.31" angle="291.60" x="82.85" y="126.08"/>
        <vehicle id="cfm_slow_3" eclass="HBEFA3/PC_G_EU4" CO2="77788.47" CO="1526.75" HC="8.88" NOx="36.17" PMx="1.98" fuel="33.44" electricity="0.00" noise="129.62" route="routetop" type="cfm_slow" waiting="0.00" lane="top_0" pos="28.51" speed="19.31" angle="223.16" x="12.68" y="104.47"/>
        <vehicle id="cfm_slow_4" eclass="HBEFA3/PC_G_EU4" CO2="77788.47" CO="1526.75" HC="8.88" NOx="36.17" PMx="1.98" fuel="33.44" electricity="0.00" noise="129.62" route="routeleft" type="cfm_slow" waiting="0.00" lane="left_0" pos="16.51" speed="19.31" angle="154.77" x="6.96" y="31.27"/>
    </timestep>
    <timestep time="1.40">
        <vehicle id="cfm_slow_0" eclass="HBEFA3/PC_G_EU4" CO2="83812.70" CO="1649.41" HC="9.59" NOx="38.98" PMx="2.14" fuel="36.03" electricity="0.00" noise="130.32" route="routebottom" type="cfm_slow" waiting="0.00" lane="bottom_0" pos="16.59" speed="20.79" angle="64.66" x="96.19" y="7.03"/>
        <vehicle id="cfm_slow_1" eclass="HBEFA3/PC_G_EU4" CO2="83812.70" CO="1649.41" HC="9.59" NOx="38.98" PMx="2.14" fuel="36.03" electricity="0.00" noise="130.32" route="routebottom" type="cfm_slow" waiting="0.00" lane="right_0" pos="4.59" speed="20.79" angle="356.25" x="128.28" y="73.08"/>
        <vehicle id="cfm_slow_2" eclass="HBEFA3/PC_G_EU4" CO2="83812.70" CO="1649.41" HC="9.59" NOx="38.98" PMx="2.14" fuel="36.03" electricity="0.00" noise="130.32" route="routeright" type="cfm_slow" waiting="0.00" lane="right_0" pos="42.59" speed="20.79" angle="287.86" x="78.74" y="127.20"/>
        <vehicle id="cfm_slow_3" eclass="HBEFA3/PC_G_EU4" CO2="83812.70" CO="1649.41" HC="9.59" NOx="38.98" PMx="2.14" fuel="36.03" electricity="0.00" noise="130.32" route="routetop" type="cfm_slow" waiting="0.00" lane="top_0" pos="30.59" speed="20.79" angle="219.35" x="10.13" y="101.05"/>
        <vehicle id="cfm_slow_4" eclass="HBEFA3/PC_G_EU4" CO2="83812.70" CO="1649.41" HC="9.59" NOx="38.98" PMx="2.14" fuel="36.03" electricity="0.00" noise="130.32" route="routeleft" type="cfm_slow" waiting="0.00" lane="left_0" pos="18.59" speed="20.79" angle="150.98" x="9.20" y="27.65"/>
    </timestep>
    <timestep time="1.50">
        <vehicle id="cfm_slow_0" eclass="HBEFA3/PC_G_EU4" CO2="89871.55" CO="1774.62" HC="10.31" NOx="41.81" PMx="2.30" fuel="38.63" electricity="0.00" noise="131.02" route="routebottom" type="cfm_slow" waiting="0.00" lane="bottom_0" pos="18.82" speed="22.28" angle="60.54" x="100.06" y="9.46"/>
        <vehicle id="cfm_slow_1" eclass="HBEFA3/PC_G_EU4" CO2="89871.55" CO="1774.62" HC="10.31" NOx="41.81" PMx="2.30" fuel="38.63" electricity="0.00" noise="131.02" route="routebottom" type="cfm_slow" waiting="0.00" lane="right_0" pos="6.82" speed="22.28" angle="352.20" x="127.47" y="77.57"/>
        <vehicle id="cfm_slow_2" eclass="HBEFA3/PC_G_EU4" CO2="89871.55" CO="1774.62" HC="10.31" NOx="41.81" PMx="2.30" fuel="38.63" electricity="0.00" noise="131.02" route="routeright" type="cfm_slow" waiting="0.00" lane="right_0" pos="44.82" speed="22.28" angle="283.80" x="74.26" y="128.11"/>
        <vehicle id="cfm_slow_3" eclass="HBEFA3/PC_G_EU4" CO2="89871.55" CO="1774.62" HC="10.31" NOx="41.81" PMx="2.30" fuel="38.63" electricity="0.00" noise="131.02" route="routetop" type="cfm_slow" waiting="0.00" lane="top_0" pos="32.82" speed="22.28" angle="215.44" x="7.65" y="97.22"/>
        <vehicle id="cfm_slow_4" eclass="HBEFA3/PC_G_EU4" CO2="89871.55" CO="1774.62" HC="10.31" NOx="41.81" PMx="2.30" fuel="38.63" electricity="0.00" noise="131.02" route="routeleft" type="cfm_slow" waiting="0.00" lane="left_0" pos="20.82" speed="22.28" angle="146.99" x="11.85" y="23.93"/>
    </timestep>
    <timestep time="1.60">
        <vehicle id="cfm_slow_0" eclass="HBEFA3/PC_G_EU4" CO2="95965.04" CO="1902.40" HC="11.05" NOx="44.65" PMx="2.46" fuel="41.25" electricity="0.00" noise="131.72" route="routebottom" type="cfm_slow" waiting="0.00" lane="bottom_0" pos="21.20" speed="23.76" angle="56.29" x="104.00" y="12.32"/>
        <vehicle id="cfm_slow_1" eclass="HBEFA3/PC_G_EU4" CO2="95965.04" CO="1902.40" HC="11.05" NOx="44.65" PMx="2.46" fuel="41.25" electricity="0.00" noise="131.72" route="routebottom" type="cfm_slow" waiting="0.00" lane="right_0" pos="9.20" speed="23.76" angle="347.96" x="126.26" y="82.29"/>
        <vehicle id="cfm_slow_2" eclass="HBEFA3/PC_G_EU4" CO2="95965.04" CO="1902.40" HC="11.05" NOx="44.65" PMx="2.46" fuel="41.25" electricity="0.00" noise="131.72" route="routeright" type="cfm_slow" waiting="0.00" lane="right_0" pos="47.20" speed="23.76" angle="279.59" x="69.43" y="128.72"/>
        <vehicle id="cfm_slow_3" eclass="HBEFA3/PC_G_EU4" CO2="95965.04" CO="1902.40" HC="11.05" NOx="44.65" PMx="2.46" fuel="41.25" electricity="0.00" noise="131.72" route="routetop" type="cfm_slow" waiting="0.00" lane="top_0" pos="35.20" speed="23.76" angle="211.21" x="5.30" y="92.96"/>
        <vehicle id="cfm_slow_4" eclass="HBEFA3/PC_G_EU4" CO2="95965.04" CO="1902.40" HC="11.05" NOx="44.65" PMx="2.46" fuel="41.25" electricity="0.00" noise="131.72" route="routeleft" type="cfm_slow" waiting="0.00" lane="left_0" pos="23.20" speed="23.76" angle="142.74" x="14.95" y="20.17"/>
    </timestep>
    <timestep time="1.70">
        <vehicle id="cfm_slow_0" eclass="HBEFA3/PC_G_EU4" CO2="102093.16" CO="2032.72" HC="11.79" NOx="47.51" PMx="2.62" fuel="43.88" electricity="0.00" noise="132.42" route="routebottom" type="cfm_slow" waiting="0.00" lane="bottom_0" pos="23.72" speed="25.25" angle="51.83" x="107.95" y="15.67"/>
        <vehicle id="cfm_slow_1" eclass="HBEFA3/PC_G_EU4" CO2="102093.16" CO="2032.72" HC="11.79" NOx="47.51" PMx="2.62" fuel="43.88" electricity="0.00" noise="132.42" route="routebottom" type="cfm_slow" waiting="0.00" lane="right_0" pos="11.72" speed="25.25" angle="343.34" x="124.58" y="87.18"/>
        <vehicle id="cfm_slow_2" eclass="HBEFA3/PC_G_EU4" CO2="102093.16" CO="2032.72" HC="11.79" NOx="47.51" PMx="2.62" fuel="43.88" electricity="0.00" noise="132.42" route="routeright" type="cfm_slow" waiting="0.00" lane="right_0" pos="49.72" speed="25.25" angle="274.97" x="64.26" y="128.96"/>
        <vehicle id="cfm_slow_3" eclass="HBEFA3/PC_G_EU4" CO2="102093.16" CO="2032.72" HC="11.79" NOx="47.51" PMx="2.62" fuel="43.88" electricity="0.00" noise="132.42" route="routetop" type="cfm_slow" waiting="0.00" lane="top_0" pos="37.72" speed="25.25" angle="206.60" x="3.16" y="88.24"/>
        <vehicle id="cfm_slow_4" eclass="HBEFA3/PC_G_EU4" CO2="102093.16" CO="2032.72" HC="11.79" NOx="47.51" PMx="2.62" fuel="43.88" electricity="0.00" noise="132.42" route="routeleft" type="cfm_slow" waiting="0.00" lane="left_0" pos="25.72" speed="25.25" angle="138.23" x="18.54" y="16.45"/>
    </timestep>
    <timestep time="1.80">
        <vehicle id="cfm_slow_0" eclass="HBEFA3/PC_G_EU4" CO2="108255.90" CO="2165.61" HC="12.55" NOx="50.38" PMx="2.79" fuel="46.53" electricity="0.00" noise="133.13" route="routebottom" type="cfm_slow" waiting="0.00" lane="bottom_0" pos="26.40" speed="26.73" angle="47.00" x="111.81" y="19.56"/>
        <vehicle id="cfm_slow_1" eclass="HBEFA3/PC_G_EU4" CO2="108255.90" CO="2165.61" HC="12.55" NOx="50.38" PMx="2.79" fuel="46.53" electricity="0.00" noise="133.13" route="routebottom" type="cfm_slow" waiting="0.00" lane="right_0" pos="14.40" speed="26.73" angle="338.56" x="122.39" y="92.21"/>
        <vehicle id="cfm_slow_2" eclass="HBEFA3/PC_G_EU4" CO2="108255.90" CO="2165.61" HC="12.55" NOx="50.38" PMx="2.79" fuel="46.53" electricity="0.00" noise="133.13" route="routetop" type="cfm_slow" waiting="0.00" lane="top_0" pos="2.40" speed="26.73" angle="270.16" x="58.72" y="128.79"/>
        <vehicle id="cfm_slow_3" eclass="HBEFA3/PC_G_EU4" CO2="108255.90" CO="2165.61" HC="12.55" NOx="50.38" PMx="2.79" fuel="46.53" electricity="0.00" noise="133.13" route="routetop" type="cfm_slow" waiting="0.00" lane="top_0" pos="40.40" speed="26.73" angle="201.77" x="1.32" y="83.08"/>
        <vehicle id="cfm_slow_4" eclass="HBEFA3/PC_G_EU4" CO2="108255.90" CO="2165.61" HC="12.55" NOx="50.38" PMx="2.79" fuel="46.53" electricity="0.00" noise="133.13" route="routeleft" type="cfm_slow" waiting="0.00" lane="left_0" pos="28.40" speed="26.73" angle="133.41" x="22.66" y="12.83"/>
    </timestep>
    <timestep time="1.90">
        <vehicle id="cfm_slow_0" eclass="HBEFA3/PC_G_EU4" CO2="114453.28" CO="2301.05" HC="13.33" NOx="53.27" PMx="2.96" fuel="49.20" electricity="0.00" noise="133.83" route="routebottom" type="cfm_slow" waiting="0.00" lane="bottom_0" pos="29.22" speed="28.22" angle="41.84" x="115.53" y="23.99"/>
        <vehicle id="cfm_slow_1" eclass="HBEFA3/PC_G_EU4" CO2="114453.28" CO="2301.05" HC="13.33" NOx="53.27" PMx="2.96" fuel="49.20" electricity="0.00" noise="133.83" route="routebottom" type="cfm_slow" waiting="0.00" lane="right_0" pos="17.22" speed="28.22" angle="333.53" x="119.64" y="97.29"/>
        <vehicle id="cfm_slow_2" eclass="HBEFA3/PC_G_EU4" CO2="114453.28" CO="2301.05" HC="13.33" NOx="53.27" PMx="2.96" fuel="49.20" electricity="0.00" noise="133.83" route="routetop" type="cfm_slow" waiting="0.00" lane="top_0" pos="5.22" speed="28.22" angle="265.13" x="52.98" y="128.09"/>
        <vehicle id="cfm_slow_3" eclass="HBEFA3/PC_G_EU4" CO2="114453.28" CO="2301.05" HC="13.33" NOx="53.27" PMx="2.96" fuel="49.20" electricity="0.00" noise="133.83" route="routetop" type="cfm_slow" waiting="0.00" lane="top_0" pos="43.22" speed="28.22" angle="196.72" x="-0.16" y="77.49"/>
        <vehicle id="cfm_slow_4" eclass="HBEFA3/PC_G_EU4" CO2="114453.28" CO="2301.05" HC="13.33" NOx="53.27" PMx="2.96" fuel="49.20" electricity="0.00" noise="133.83" route="routeleft" type="cfm_slow" waiting="0.00" lane="left_0" pos="31.22" speed="28.22" angle="128.31" x="27.32" y="9.41"/>
    </timestep>
    <timestep time="2.00">
        <vehicle id="cfm_slow_0" eclass="HBEFA3/PC_G_EU4" CO2="120685.28" CO="2439.04" HC="14.11" NOx="56.18" PMx="3.12" fuel="51.88" electricity="0.00" noise="134.54" route="routebottom" type="cfm_slow" waiting="0.00" lane="bottom_0" pos="32.19" speed="29.70" angle="36.62" x="119.01" y="28.98"/>
        <vehicle id="cfm_slow_1" eclass="HBEFA3/PC_G_EU4" CO2="120685.28" CO="2439.04" HC="14.11" NOx="56.18" PMx="3.12" fuel="51.88" electricity="0.00" noise="134.54" route="routebottom" type="cfm_slow" waiting="0.00" lane="right_0" pos="20.19" speed="29.70" angle="328.09" x="116.26" y="102.36"/>
        <vehicle id="cfm_slow_2" eclass="HBEFA3/PC_G_EU4" CO2="120685.28" CO="2439.04" HC="14.11" NOx="56.18" PMx="3.12" fuel="51.88" electricity="0.00" noise="134.54" route="routetop" type="cfm_slow" waiting="0.00" lane="top_0" pos="8.19" speed="29.70" angle="259.71" x="47.03" y="126.81"/>
        <vehicle id="cfm_slow_3" eclass="HBEFA3/PC_G_EU4" CO2="120685.28" CO="2439.04" HC="14.11" NOx="56.18" PMx="3.12" fuel="51.88" electricity="0.00" noise="134.54" route="routetop" type="cfm_slow" waiting="0.00" lane="top_0" pos="46.19" speed="29.70" angle="191.45" x="-1.18" y="71.49"/>
        <vehicle id="cfm_slow_4" eclass="HBEFA3/PC_G_EU4" CO2="120685.28" CO="2439.04" HC="14.11" NOx="56.18" PMx="3.12" fuel="51.88" electricity="0.00" noise="134.54" route="routeleft" type="cfm_slow" waiting="0.00" lane="left_0" pos="34.19" speed="29.70" angle="122.99" x="32.53" y="6.26"/>
    </timestep>
    <timestep time="2.10">
        <vehicle id="cfm_slow_0" eclass="HBEFA3/PC_G_EU4" CO2="126951.91" CO="2579.60" HC="14.91" NOx="59.11" PMx="3.29" fuel="54.57" electricity="0.00" noise="135.25" route="routebottom" type="cfm_slow" waiting="0.00" lane="bottom_0" pos="35.31" speed="31.19" angle="30.99" x="122.12" y="34.57"/>
        <vehicle id="cfm_slow_1" eclass="HBEFA3/PC_G_EU4" CO2="126951.91" CO="2579.60" HC="14.91" NOx="59.11" PMx="3.29" fuel="54.57" electricity="0.00" noise="135.25" route="routebottom" type="cfm_slow" waiting="0.00" lane="right_0" pos="23.31" speed="31.19" angle="322.57" x="112.23" y="107.32"/>
        <vehicle id="cfm_slow_2" eclass="HBEFA3/PC_G_EU4" CO2="126951.91" CO="2579.60" HC="14.91" NOx="59.11" PMx="3.29" fuel="54.57" electricity="0.00" noise="135.25" route="routetop" type="cfm_slow" waiting="0.00" lane="top_0" pos="11.31" speed="31.19" angle="254.03" x="40.94" y="124.88"/>
        <vehicle id="cfm_slow_3" eclass="HBEFA3/PC_G_EU4" CO2="126951.91" CO="2579.60" HC="14.91" NOx="59.11" PMx="3.29" fuel="54.57" electricity="0.00" noise="135.25" route="routetop" type="cfm_slow" waiting="0.00" lane="top_0" pos="49.31" speed="31.19" angle="185.76" x="-1.62" y="65.11"/>
        <vehicle id="cfm_slow_4" eclass="HBEFA3/PC_G_EU4" CO2="126951.91" CO="2579.60" HC="14.91" NOx="59.11" PMx="3.29" fuel="54.57" electricity="0.00" noise="135.25" route="routeleft" type="cfm_slow" waiting="0.00" lane="left_0" pos="37.31" speed="31.19" angle="117.38" x="38.29" y="3.48"/>
    </timestep>
    <timestep time="2.20">
        <vehicle id="cfm_slow_0" eclass="HBEFA3/PC_G_EU4" CO2="122770.05" CO="2505.75" HC="14.47" NOx="57.10" PMx="3.19" fuel="52.77" electricity="0.00" noise="130.73" route="routebottom" type="cfm_slow" waiting="0.00" lane="bottom_0" pos="38.56" speed="32.56" angle="25.09" x="124.78" y="40.68"/>
        <vehicle id="cfm_slow_1" eclass="HBEFA3/PC_G_EU4" CO2="122770.05" CO="2505.75" HC="14.47" NOx="57.10" PMx="3.19" fuel="52.77" electricity="0.00" noise="130.73" route="routebottom" type="cfm_slow" waiting="0.00" lane="right_0" pos="26.56" speed="32.56" angle="316.74" x="107.52" y="112.05"/>
        <vehicle id="cfm_slow_2" eclass="HBEFA3/PC_G_EU4" CO2="122770.05" CO="2505.75" HC="14.47" NOx="57.10" PMx="3.19" fuel="52.77" electricity="0.00" noise="130.73" route="routetop" type="cfm_slow" waiting="0.00" lane="top_0" pos="14.56" speed="32.56" angle="248.26" x="34.81" y="122.24"/>
        <vehicle id="cfm_slow_3" eclass="HBEFA3/PC_G_EU4" CO2="122770.05" CO="2505.75" HC="14.47" NOx="57.10" PMx="3.19" fuel="52.77" electricity="0.00" noise="130.73" route="routetop" type="cfm_slow" waiting="0.00" lane="left_0" pos="2.56" speed="32.56" angle="179.91" x="-1.44" y="58.38"/>
        <vehicle id="cfm_slow_4" eclass="HBEFA3/PC_G_EU4" CO2="133253.17" CO="2722.71" HC="15.72" NOx="62.05" PMx="3.47" fuel="57.28" electricity="0.00" noise="135.97" route="routeleft" type="cfm_slow" waiting="0.00" lane="left_0" pos="40.57" speed="32.67" angle="111.43" x="44.59" y="1.21"/>
    </timestep>
    <timestep time="2.30">
        <vehicle id="cfm_slow_0" eclass="HBEFA3/PC_G_EU4" CO2="115719.02" CO="2372.96" HC="13.69" NOx="53.75" PMx="3.01" fuel="49.74" electricity="0.00" noise="125.37" route="routebottom" type="cfm_slow" waiting="0.00" lane="bottom_0" pos="41.94" speed="33.79" angle="19.00" x="126.87" y="47.28"/>
        <vehicle id="cfm_slow_1" eclass="HBEFA3/PC_G_EU4" CO2="115719.02" CO="2372.96" HC="13.69" NOx="53.75" PMx="3.01" fuel="49.74" electricity="0.00" noise="125.37" route="routebottom" type="cfm_slow" waiting="0.00" lane="right_0" pos="29.94" speed="33.79" angle="310.58" x="102.14" y="116.41"/>
        <vehicle id="cfm_slow_2" eclass="HBEFA3/PC_G_EU4" CO2="115719.02" CO="2372.96" HC="13.69" NOx="53.75" PMx="3.01" fuel="49.74" electricity="0.00" noise="125.37" route="routetop" type="cfm_slow" waiting="0.00" lane="top_0" pos="17.94" speed="33.79" angle="242.27" x="28.75" y="118.87"/>
        <vehicle id="cfm_slow_3" eclass="HBEFA3/PC_G_EU4" CO2="116894.11" CO="2397.29" HC="13.83" NOx="54.30" PMx="3.04" fuel="50.25" electricity="0.00" noise="125.94" route="routetop" type="cfm_slow" waiting="0.00" lane="left_0" pos="5.94" speed="33.80" angle="173.76" x="-0.50" y="51.52"/>
        <vehicle id="cfm_slow_4" eclass="HBEFA3/PC_G_EU4" CO2="139589.06" CO="2868.37" HC="16.54" NOx="65.01" PMx="3.64" fuel="60.00" electricity="0.00" noise="136.68" route="routeleft" type="cfm_slow" waiting="0.00" lane="left_0" pos="43.99" speed="34.16" angle="105.38" x="51.38" y="-0.47"/>
    </timestep>
    <timestep time="2.40">
        <vehicle id="cfm_slow_0" eclass="HBEFA3/PC_G_EU4" CO2="108641.72" CO="2239.48" HC="12.91" NOx="50.39" PMx="2.84" fuel="46.70" electricity="0.00" noise="120.53" route="routebottom" type="cfm_slow" waiting="0.00" lane="bottom_0" pos="45.43" speed="34.90" angle="12.72" x="128.29" y="54.30"/>
        <vehicle id="cfm_slow_1" eclass="HBEFA3/PC_G_EU4" CO2="108641.72" CO="2239.48" HC="12.91" NOx="50.39" PMx="2.84" fuel="46.70" electricity="0.00" noise="120.53" route="routebottom" type="cfm_slow" waiting="0.00" lane="right_0" pos="33.43" speed="34.90" angle="304.38" x="96.15" y="120.31"/>
        <vehicle id="cfm_slow_2" eclass="HBEFA3/PC_G_EU4" CO2="108773.27" CO="2242.21" HC="12.93" NOx="50.45" PMx="2.84" fuel="46.76" electricity="0.00" noise="120.60" route="routetop" type="cfm_slow" waiting="0.00" lane="top_0" pos="21.43" speed="34.90" angle="235.89" x="22.94" y="114.71"/>
        <vehicle id="cfm_slow_3" eclass="HBEFA3/PC_G_EU4" CO2="112354.10" CO="2316.51" HC="13.35" NOx="52.14" PMx="2.93" fuel="48.30" electricity="0.00" noise="122.27" route="routetop" type="cfm_slow" waiting="0.00" lane="left_0" pos="9.44" speed="34.95" angle="167.46" x="1.22" y="44.57"/>
        <vehicle id="cfm_slow_4" eclass="HBEFA3/PC_G_EU4" CO2="145959.58" CO="3016.59" HC="17.38" NOx="67.98" PMx="3.81" fuel="62.74" electricity="0.00" noise="137.39" route="routeleft" type="cfm_slow" waiting="0.00" lane="left_0" pos="47.55" speed="35.64" angle="98.96" x="58.62" y="-1.45"/>
    </timestep>
    <timestep time="2.50">
        <vehicle id="cfm_slow_0" eclass="HBEFA3/PC_G_EU4" CO2="101677.08" CO="2108.00" HC="12.14" NOx="47.08" PMx="2.66" fuel="43.71" electricity="0.00" noise="116.18" route="routebottom" type="cfm_slow" waiting="0.00" lane="bottom_0" pos="49.02" speed="35.90" angle="6.27" x="128.93" y="61.62"/>
        <vehicle id="cfm_slow_1" eclass="HBEFA3/PC_G_EU4" CO2="101691.76" CO="2108.31" HC="12.14" NOx="47.09" PMx="2.66" fuel="43.71" electricity="0.00" noise="116.18" route="routebottom" type="cfm_slow" waiting="0.00" lane="right_0" pos="37.02" speed="35.90" angle="297.82" x="89.57" y="123.61"/>
        <vehicle id="cfm_slow_2" eclass="HBEFA3/PC_G_EU4" CO2="102209.47" CO="2119.05" HC="12.20" NOx="47.33" PMx="2.67" fuel="43.93" electricity="0.00" noise="116.42" route="routetop" type="cfm_slow" waiting="0.00" lane="top_0" pos="25.02" speed="35.90" angle="229.47" x="17.46" y="109.80"/>
        <vehicle id="cfm_slow_3" eclass="HBEFA3/PC_G_EU4" CO2="109122.40" CO="2262.86" HC="13.03" NOx="50.59" PMx="2.85" fuel="46.91" electricity="0.00" noise="119.55" route="routetop" type="cfm_slow" waiting="0.00" lane="left_0" pos="13.04" speed="36.02" angle="161.05" x="3.76" y="37.64"/>
        <vehicle id="cfm_slow_4" eclass="HBEFA3/PC_G_EU4" CO2="152364.73" CO="3167.37" HC="18.23" NOx="70.97" PMx="3.99" fuel="65.49" electricity="0.00" noise="138.11" route="routebottom" type="cfm_slow" waiting="0.00" lane="bottom_0" pos="1.27" speed="37.13" angle="92.22" x="66.29" y="-1.60"/>
    </timestep>
    <timestep time="2.60">
        <vehicle id="cfm_slow_0" eclass="HBEFA3/PC_G_EU4" CO2="94926.27" CO="1980.46" HC="11.39" NOx="43.88" PMx="2.49" fuel="40.80" electricity="0.00" noise="112.26" route="routebottom" type="cfm_slow" waiting="0.00" lane="right_0" pos="2.70" speed="36.80" angle="359.66" x="128.74" y="69.22"/>
        <vehicle id="cfm_slow_1" eclass="HBEFA3/PC_G_EU4" CO2="94997.07" CO="1981.93" HC="11.40" NOx="43.91" PMx="2.49" fuel="40.83" electricity="0.00" noise="112.29" route="routebottom" type="cfm_slow" waiting="0.00" lane="right_0" pos="40.70" speed="36.80" angle="291.25" x="82.49" y="126.20"/>
        <vehicle id="cfm_slow_2" eclass="HBEFA3/PC_G_EU4" CO2="96229.30" CO="2007.55" HC="11.55" NOx="44.49" PMx="2.52" fuel="41.36" electricity="0.00" noise="112.84" route="routetop" type="cfm_slow" waiting="0.00" lane="top_0" pos="28.70" speed="36.82" angle="222.82" x="12.45" y="104.16"/>
        <vehicle id="cfm_slow_3" eclass="HBEFA3/PC_G_EU4" CO2="107127.04" CO="2234.89" HC="12.86" NOx="49.63" PMx="2.81" fuel="46.05" electricity="0.00" noise="117.62" route="routetop" type="cfm_slow" waiting="0.00" lane="left_0" pos="16.74" speed="37.05" angle="154.40" x="7.19" y="30.86"/>
        <vehicle id="cfm_slow_4" eclass="HBEFA3/PC_G_EU4" CO2="158804.51" CO="3320.70" HC="19.09" NOx="73.98" PMx="4.17" fuel="68.26" electricity="0.00" noise="138.82" route="routebottom" type="cfm_slow" waiting="0.00" lane="bottom_0" pos="5.13" speed="38.61" angle="85.30" x="74.16" y="-0.81"/>
    </timestep>
    <timestep time="2.70">
        <vehicle id="cfm_slow_0" eclass="HBEFA3/PC_G_EU4" CO2="88462.73" CO="1858.28" HC="10.68" NOx="40.81" PMx="2.33" fuel="38.03" electricity="0.00" noise="108.72" route="routebottom" type="cfm_slow" waiting="0.00" lane="right_0" pos="6.46" speed="37.61" angle="352.89" x="127.63" y="76.85"/>
        <vehicle id="cfm_slow_1" eclass="HBEFA3/PC_G_EU4" CO2="88662.94" CO="1862.44" HC="10.70" NOx="40.91" PMx="2.33" fuel="38.11" electricity="0.00" noise="108.81" route="routebottom" type="cfm_slow" waiting="0.00" lane="right_0" pos="44.46" speed="37.61" angle="284.46" x="74.99" y="127.98"/>
        <vehicle id="cfm_slow_2" eclass="HBEFA3/PC_G_EU4" CO2="90970.63" CO="1910.52" HC="10.98" NOx="41.99" PMx="2.39" fuel="39.10" electricity="0.00" noise="109.82" route="routetop" type="cfm_slow" waiting="0.00" lane="top_0" pos="32.47" speed="37.66" angle="216.08" x="8.02" y="97.84"/>
        <vehicle id="cfm_slow_3" eclass="HBEFA3/PC_G_EU4" CO2="106272.90" CO="2230.74" HC="12.82" NOx="49.21" PMx="2.79" fuel="45.68" electricity="0.00" noise="116.35" route="routetop" type="cfm_slow" waiting="0.00" lane="left_0" pos="20.55" speed="38.03" angle="147.49" x="11.50" y="24.37"/>
        <vehicle id="cfm_slow_4" eclass="HBEFA3/PC_G_EU4" CO2="156064.58" CO="3285.54" HC="18.86" NOx="72.66" PMx="4.11" fuel="67.08" electricity="0.00" noise="135.77" route="routebottom" type="cfm_slow" waiting="0.00" lane="bottom_0" pos="9.13" speed="40.01" angle="78.03" x="82.15" y="1.03"/>
    </timestep>
    <timestep time="2.80">
        <vehicle id="cfm_slow_0" eclass="HBEFA3/PC_G_EU4" CO2="82339.70" CO="1742.51" HC="10.00" NOx="37.91" PMx="2.17" fuel="35.39" electricity="0.00" noise="105.55" route="routebottom" type="cfm_slow" waiting="0.00" lane="right_0" pos="10.30" speed="38.34" angle="346.01" x="125.59" y="84.44"/>
        <vehicle id="cfm_slow_1" eclass="HBEFA3/PC_G_EU4" CO2="82774.23" CO="1751.55" HC="10.05" NOx="38.11" PMx="2.18" fuel="35.58" electricity="0.00" noise="105.74" route="routebottom" type="cfm_slow" waiting="0.00" lane="right_0" pos="48.30" speed="38.35" angle="277.57" x="67.18" y="128.87"/>
        <vehicle id="cfm_slow_2" eclass="HBEFA3/PC_G_EU4" CO2="86518.91" CO="1829.76" HC="10.50" NOx="39.88" PMx="2.28" fuel="37.19" electricity="0.00" noise="107.34" route="routetop" type="cfm_slow" waiting="0.00" lane="top_0" pos="36.31" speed="38.43" angle="209.21" x="4.31" y="90.90"/>
        <vehicle id="cfm_slow_3" eclass="HBEFA3/PC_G_EU4" CO2="105489.87" CO="2228.32" HC="12.79" NOx="48.82" PMx="2.78" fuel="45.34" electricity="0.00" noise="115.23" route="routetop" type="cfm_slow" waiting="0.00" lane="left_0" pos="24.44" speed="38.97" angle="140.55" x="16.68" y="18.30"/>
        <vehicle id="cfm_slow_4" eclass="HBEFA3/PC_G_EU4" CO2="137272.33" CO="2917.82" HC="16.72" NOx="63.77" PMx="3.63" fuel="59.01" electricity="0.00" noise="126.62" route="routebottom" type="cfm_slow" waiting="0.00" lane="bottom_0" pos="13.25" speed="41.19" angle="70.68" x="90.08" y="3.94"/>
    </timestep>
    <timestep time="2.90">
        <vehicle id="cfm_slow_0" eclass="HBEFA3/PC_G_EU4" CO2="76595.66" CO="1633.91" HC="9.36" NOx="35.18" PMx="2.03" fuel="32.92" electricity="0.00" noise="102.71" route="routebottom" type="cfm_slow" waiting="0.00" lane="right_0" pos="14.20" speed="39.00" angle="338.94" x="122.58" y="91.84"/>
        <vehicle id="cfm_slow_1" eclass="HBEFA3/PC_G_EU4" CO2="77397.10" CO="1650.63" HC="9.46" NOx="35.56" PMx="2.05" fuel="33.27" electricity="0.00" noise="103.05" route="routetop" type="cfm_slow" waiting="0.00" lane="top_0" pos="2.20" speed="39.02" angle="270.52" x="59.12" y="128.81"/>
        <vehicle id="cfm_slow_2" eclass="HBEFA3/PC_G_EU4" CO2="82812.92" CO="1764.04" HC="10.11" NOx="38.11" PMx="2.19" fuel="35.60" electricity="0.00" noise="105.32" route="routetop" type="cfm_slow" waiting="0.00" lane="top_0" pos="40.23" speed="39.14" angle="202.09" x="1.42" y="83.41"/>
        <vehicle id="cfm_slow_3" eclass="HBEFA3/PC_G_EU4" CO2="103115.11" CO="2193.11" HC="12.57" NOx="47.68" PMx="2.72" fuel="44.32" electricity="0.00" noise="113.53" route="routetop" type="cfm_slow" waiting="0.00" lane="left_0" pos="28.43" speed="39.87" angle="133.34" x="22.72" y="12.79"/>
        <vehicle id="cfm_slow_4" eclass="HBEFA3/PC_G_EU4" CO2="120015.12" CO="2579.52" HC="14.76" NOx="55.61" PMx="3.18" fuel="51.59" electricity="0.00" noise="118.77" route="routebottom" type="cfm_slow" waiting="0.00" lane="bottom_0" pos="17.47" speed="42.18" angle="63.03" x="97.73" y="7.95"/>
    </timestep>
    <timestep time="3.00">
        <vehicle id="cfm_slow_0" eclass="HBEFA3/PC_G_EU4" CO2="71258.28" CO="1533.05" HC="8.77" NOx="32.65" PMx="1.89" fuel="30.63" electricity="0.00" noise="100.17" route="routebottom" type="cfm_slow" waiting="0.00" lane="right_0" pos="18.16" speed="39.60" angle="331.85" x="118.63" y="98.93"/>
        <vehicle id="cfm_slow_1" eclass="HBEFA3/PC_G_EU4" CO2="72569.22" CO="1560.46" HC="8.93" NOx="33.27" PMx="1.92" fuel="31.19" electricity="0.00" noise="100.71" route="routetop" type="cfm_slow" waiting="0.00" lane="top_0" pos="6.16" speed="39.63" angle="263.40" x="51.07" y="127.75"/>
        <vehicle id="cfm_slow_2" eclass="HBEFA3/PC_G_EU4" CO2="79604.48" CO="1708.27" HC="9.78" NOx="36.59" PMx="2.11" fuel="34.22" electricity="0.00" noise="103.61" route="routetop" type="cfm_slow" waiting="0.00" lane="top_0" pos="44.21" speed="39.82" angle="194.96" x="-0.56" y="75.50"/>
        <vehicle id="cfm_slow_3" eclass="HBEFA3/PC_G_EU4" CO2="99497.46" CO="2132.07" HC="12.21" NOx="45.96" PMx="2.64" fuel="42.77" electricity="0.00" noise="111.45" route="routetop" type="cfm_slow" waiting="0.00" lane="left_0" pos="32.50" speed="40.71" angle="126.03" x="29.54" y="7.99"/>
        <vehicle id="cfm_slow_4" eclass="HBEFA3/PC_G_EU4" CO2="104406.48" CO="2273.01" HC="12.97" NOx="48.23" PMx="2.78" fuel="44.88" electricity="0.00" noise="112.03" route="routebottom" type="cfm_slow" waiting="0.00" lane="bottom_0" pos="21.77" speed="43.01" angle="55.30" x="104.93" y="13.04"/>
    </timestep>
    <timestep time="3.10">
        <vehicle id="cfm_slow_0" eclass="HBEFA3/PC_G_EU4" CO2="66345.83" CO="1440.33" HC="8.23" NOx="30.33" PMx="1.77" fuel="28.52" electricity="0.00" noise="97.91" route="routebottom" type="cfm_slow" waiting="0.00" lane="right_0" pos="22.17" speed="40.14" angle="324.57" x="113.75" y="105.55"/>
        <vehicle id="cfm_slow_1" eclass="HBEFA3/PC_G_EU4" CO2="68285.87" CO="1480.98" HC="8.46" NOx="31.24" PMx="1.82" fuel="29.35" electricity="0.00" noise="98.70" route="routetop" type="cfm_slow" waiting="0.00" lane="top_0" pos="10.18" speed="40.18" angle="256.19" x="43.11" y="125.66"/>
        <vehicle id="cfm_slow_2" eclass="HBEFA3/PC_G_EU4" CO2="76703.57" CO="1658.54" HC="9.48" NOx="35.21" PMx="2.04" fuel="32.97" electricity="0.00" noise="102.12" route="routetop" type="cfm_slow" waiting="0.00" lane="top_0" pos="48.25" speed="40.45" angle="187.67" x="-1.54" y="67.27"/>
        <vehicle id="cfm_slow_3" eclass="HBEFA3/PC_G_EU4" CO2="94946.54" CO="2051.35" HC="11.73" NOx="43.80" PMx="2.52" fuel="40.81" electricity="0.00" noise="109.12" route="routetop" type="cfm_slow" waiting="0.00" lane="left_0" pos="36.65" speed="41.49" angle="118.55" x="37.06" y="4.02"/>
        <vehicle id="cfm_slow_4" eclass="HBEFA3/PC_G_EU4" CO2="90460.88" CO="1998.68" HC="11.38" NOx="41.64" PMx="2.42" fuel="38.88" electricity="0.00" noise="106.26" route="routebottom" type="cfm_slow" waiting="0.00" lane="bottom_0" pos="26.14" speed="43.70" angle="47.47" x="111.45" y="19.17"/>
    </timestep>
    <timestep time="3.20">
        <vehicle id="cfm_slow_0" eclass="HBEFA3/PC_G_EU4" CO2="61866.26" CO="1355.92" HC="7.74" NOx="28.20" PMx="1.65" fuel="26.59" electricity="0.00" noise="95.91" route="routebottom" type="cfm_slow" waiting="0.00" lane="right_0" pos="26.23" speed="40.62" angle="317.34" x="108.02" y="111.59"/>
        <vehicle id="cfm_slow_1" eclass="HBEFA3/PC_G_EU4" CO2="64514.12" CO="1411.55" HC="8.05" NOx="29.45" PMx="1.72" fuel="27.73" electricity="0.00" noise="96.99" route="routetop" type="cfm_slow" waiting="0.00" lane="top_0" pos="14.25" speed="40.69" angle="248.84" x="35.38" y="122.53"/>
        <vehicle id="cfm_slow_2" eclass="HBEFA3/PC_G_EU4" CO2="73969.99" CO="1611.97" HC="9.20" NOx="33.91" PMx="1.97" fuel="31.80" electricity="0.00" noise="100.76" route="routetop" type="cfm_slow" waiting="0.00" lane="left_0" pos="2.36" speed="41.04" angle="180.24" x="-1.46" y="58.80"/>
        <vehicle id="cfm_slow_3" eclass="HBEFA3/PC_G_EU4" CO2="89733.32" CO="1956.37" HC="11.17" NOx="41.32" PMx="2.39" fuel="38.57" electricity="0.00" noise="106.65" route="routetop" type="cfm_slow" waiting="0.00" lane="left_0" pos="40.87" speed="42.20" angle="110.88" x="45.17" y="1.03"/>
        <vehicle id="cfm_slow_4" eclass="HBEFA3/PC_G_EU4" CO2="78129.29" CO="1755.68" HC="9.97" NOx="35.81" PMx="2.11" fuel="33.58" electricity="0.00" noise="101.33" route="routebottom" type="cfm_slow" waiting="0.00" lane="bottom_0" pos="30.57" speed="44.27" angle="39.47" x="117.16" y="26.22"/>
    </timestep>
    <timestep time="3.30">
        <vehicle id="cfm_slow_0" eclass="HBEFA3/PC_G_EU4" CO2="57817.37" CO="1279.83" HC="7.29" NOx="26.28" PMx="1.55" fuel="24.85" electricity="0.00" noise="94.17" route="routebottom" type="cfm_slow" waiting="0.00" lane="right_0" pos="30.34" speed="41.07" angle="309.85" x="101.48" y="116.89"/>
        <vehicle id="cfm_slow_1" eclass="HBEFA3/PC_G_EU4" CO2="61203.92" CO="1351.20" HC="7.70" NOx="27.88" PMx="1.64" fuel="26.31" electricity="0.00" noise="95.52" route="routetop" type="cfm_slow" waiting="0.00" lane="top_0" pos="18.37" speed="41.16" angle="241.46" x="28.03" y="118.39"/>
        <vehicle id="cfm_slow_2" eclass="HBEFA3/PC_G_EU4" CO2="71304.95" CO="1566.51" HC="8.93" NOx="32.64" PMx="1.91" fuel="30.65" electricity="0.00" noise="99.48" route="routetop" type="cfm_slow" waiting="0.00" lane="left_0" pos="6.52" speed="41.60" angle="172.75" x="-0.28" y="50.36"/>
        <vehicle id="cfm_slow_3" eclass="HBEFA3/PC_G_EU4" CO2="84091.10" CO="1851.82" HC="10.55" NOx="38.65" PMx="2.25" fuel="36.15" electricity="0.00" noise="104.13" route="routetop" type="cfm_slow" waiting="0.00" lane="left_0" pos="45.16" speed="42.85" angle="103.28" x="53.74" y="-0.89"/>
        <vehicle id="cfm_slow_4" eclass="HBEFA3/PC_G_EU4" CO2="67323.89" CO="1542.39" HC="8.73" NOx="30.70" PMx="1.83" fuel="28.94" electricity="0.00" noise="97.15" route="routebottom" type="cfm_slow" waiting="0.00" lane="bottom_0" pos="35.04" speed="44.74" angle="31.48" x="121.88" y="34.08"/>
    </timestep>
    <timestep time="3.40">
        <vehicle id="cfm_slow_0" eclass="HBEFA3/PC_G_EU4" CO2="54187.74" CO="1211.86" HC="6.89" NOx="24.56" PMx="1.46" fuel="23.29" electricity="0.00" noise="92.65" route="routebottom" type="cfm_slow" waiting="0.00" lane="right_0" pos="34.49" speed="41.47" angle="302.46" x="94.26" y="121.36"/>
        <vehicle id="cfm_slow_1" eclass="HBEFA3/PC_G_EU4" CO2="58296.54" CO="1298.74" HC="7.39" NOx="26.50" PMx="1.57" fuel="25.06" electricity="0.00" noise="94.26" route="routetop" type="cfm_slow" waiting="0.00" lane="top_0" pos="22.53" speed="41.60" angle="233.91" x="21.21" y="113.28"/>
        <vehicle id="cfm_slow_2" eclass="HBEFA3/PC_G_EU4" CO2="68643.13" CO="1520.78" HC="8.66" NOx="31.37" PMx="1.84" fuel="29.51" electricity="0.00" noise="98.26" route="routetop" type="cfm_slow" waiting="0.00" lane="left_0" pos="10.73" speed="42.12" angle="165.15" x="2.04" y="42.05"/>
        <vehicle id="cfm_slow_3" eclass="HBEFA3/PC_G_EU4" CO2="78217.12" CO="1741.66" HC="9.90" NOx="35.86" PMx="2.10" fuel="33.62" electricity="0.00" noise="101.63" route="routetop" type="cfm_slow" waiting="0.00" lane="left_0" pos="49.50" speed="43.44" angle="95.41" x="62.60" y="-1.63"/>
        <vehicle id="cfm_slow_4" eclass="HBEFA3/PC_G_EU4" CO2="57934.94" CO="1356.72" HC="7.65" NOx="26.26" PMx="1.59" fuel="24.90" electricity="0.00" noise="93.63" route="routebottom" type="cfm_slow" waiting="0.00" lane="bottom_0" pos="39.55" speed="45.13" angle="23.30" x="125.48" y="42.59"/>
    </timestep>
    <timestep time="3.50">
        <vehicle id="cfm_slow_0" eclass="HBEFA3/PC_G_EU4" CO2="50958.13" CO="1151.66" HC="6.54" NOx="23.03" PMx="1.38" fuel="21.90" electricity="0.00" noise="91.33" route="routebottom" type="cfm_slow" waiting="0.00" lane="right_0" pos="38.67" speed="41.83" angle="294.89" x="86.43" y="124.86"/>
        <vehicle id="cfm_slow_1" eclass="HBEFA3/PC_G_EU4" CO2="55730.62" CO="1252.96" HC="7.12" NOx="25.28" PMx="1.50" fuel="23.96" electricity="0.00" noise="93.18" route="routetop" type="cfm_slow" waiting="0.00" lane="top_0" pos="26.73" speed="42.01" angle="226.41" x="15.05" y="107.27"/>
        <vehicle id="cfm_slow_2" eclass="HBEFA3/PC_G_EU4" CO2="65945.74" CO="1473.95" HC="8.38" NOx="30.09" PMx="1.77" fuel="28.35" electricity="0.00" noise="97.07" route="routetop" type="cfm_slow" waiting="0.00" lane="left_0" pos="14.99" speed="42.61" angle="157.52" x="5.47" y="34.02"/>
        <vehicle id="cfm_slow_3" eclass="HBEFA3/PC_G_EU4" CO2="72274.93" CO="1629.22" HC="9.25" NOx="33.05" PMx="1.95" fuel="31.07" electricity="0.00" noise="99.19" route="routebottom" type="cfm_slow" waiting="0.00" lane="bottom_0" pos="3.90" speed="43.96" angle="87.53" x="71.66" y="-1.16"/>
        <vehicle id="cfm_slow_4" eclass="HBEFA3/PC_G_EU4" CO2="49842.22" CO="1196.39" HC="6.72" NOx="22.44" PMx="1.38" fuel="21.42" electricity="0.00" noise="90.71" route="routebottom" type="cfm_slow" waiting="0.00" lane="bottom_0" pos="44.10" speed="45.44" angle="15.18" x="127.84" y="51.60"/>
    </timestep>
    <timestep time="3.60">
        <vehicle id="cfm_slow_0" eclass="HBEFA3/PC_G_EU4" CO2="48103.14" CO="1098.74" HC="6.23" NOx="21.68" PMx="1.31" fuel="20.68" electricity="0.00" noise="90.20" route="routebottom" type="cfm_slow" waiting="0.00" lane="right_0" pos="42.89" speed="42.17" angle="287.34" x="78.15" y="127.33"/>
        <vehicle id="cfm_slow_1" eclass="HBEFA3/PC_G_EU4" CO2="53446.48" CO="1212.65" HC="6.88" NOx="24.20" PMx="1.45" fuel="22.97" electricity="0.00" noise="92.24" route="routetop" type="cfm_slow" waiting="0.00" lane="top_0" pos="30.97" speed="42.39" angle="218.73" x="9.70" y="100.43"/>
        <vehicle id="cfm_slow_2" eclass="HBEFA3/PC_G_EU4" CO2="63194.39" CO="1425.64" HC="8.09" NOx="28.78" PMx="1.71" fuel="27.16" electricity="0.00" noise="95.90" route="routetop" type="cfm_slow" waiting="0.00" lane="left_0" pos="19.30" speed="43.07" angle="149.71" x="10.00" y="26.45"/>
        <vehicle id="cfm_slow_3" eclass="HBEFA3/PC_G_EU4" CO2="66397.12" CO="1517.19" HC="8.59" NOx="30.27" PMx="1.80" fuel="28.54" electricity="0.00" noise="96.86" route="routebottom" type="cfm_slow" waiting="0.00" lane="bottom_0" pos="8.34" speed="44.43" angle="79.44" x="80.59" y="0.60"/>
        <vehicle id="cfm_slow_4" eclass="HBEFA3/PC_G_EU4" CO2="42922.60" CO="1059.04" HC="5.92" NOx="19.17" PMx="1.20" fuel="18.45" electricity="0.00" noise="88.34" route="routebottom" type="cfm_slow" waiting="0.00" lane="bottom_0" pos="48.67" speed="45.69" angle="6.89" x="128.91" y="60.90"/>
    </timestep>
    <timestep time="3.70">
        <vehicle id="cfm_slow_0" eclass="HBEFA3/PC_G_EU4" CO2="45592.88" CO="1052.54" HC="5.95" NOx="20.49" PMx="1.24" fuel="19.60" electricity="0.00" noise="89.24" route="routebottom" type="cfm_slow" waiting="0.00" lane="right_0" pos="47.13" speed="42.48" angle="279.71" x="69.56" y="128.70"/>
        <vehicle id="cfm_slow_1" eclass="HBEFA3/PC_G_EU4" CO2="51388.79" CO="1176.71" HC="6.66" NOx="23.22" PMx="1.40" fuel="22.09" electricity="0.00" noise="91.41" route="routetop" type="cfm_slow" waiting="0.00" lane="top_0" pos="35.24" speed="42.75" angle="211.14" x="5.26" y="92.88"/>
        <vehicle id="cfm_slow_2" eclass="HBEFA3/PC_G_EU4" CO2="60386.05" CO="1375.74" HC="7.79" NOx="27.45" PMx="1.64" fuel="25.96" electricity="0.00" noise="94.75" route="routetop" type="cfm_slow" waiting="0.00" lane="left_0" pos="23.65" speed="43.50" angle="141.93" x="15.57" y="19.49"/>
        <vehicle id="cfm_slow_3" eclass="HBEFA3/PC_G_EU4" CO2="60688.47" CO="1407.74" HC="7.95" NOx="27.57" PMx="1.66" fuel="26.09" electricity="0.00" noise="94.67" route="routebottom" type="cfm_slow" waiting="0.00" lane="bottom_0" pos="12.82" speed="44.84" angle="71.46" x="89.28" y="3.58"/>
        <vehicle id="cfm_slow_4" eclass="HBEFA3/PC_G_EU4" CO2="37054.93" CO="942.34" HC="5.25" NOx="16.40" PMx="1.05" fuel="15.93" electricity="0.00" noise="86.45" route="routebottom" type="cfm_slow" waiting="0.00" lane="right_0" pos="3.25" speed="45.89" angle="358.65" x="128.62" y="70.35"/>
    </timestep>
    <timestep time="3.80">
        <vehicle id="cfm_slow_0" eclass="HBEFA3/PC_G_EU4" CO2="43394.59" CO="1012.43" HC="5.72" NOx="19.45" PMx="1.19" fuel="18.65" electricity="0.00" noise="88.42" route="routetop" type="cfm_slow" waiting="0.00" lane="top_0" pos="1.41" speed="42.77" angle="271.96" x="60.74" y="128.90"/>
        <vehicle id="cfm_slow_1" eclass="HBEFA3/PC_G_EU4" CO2="49508.31" CO="1144.13" HC="6.47" NOx="22.32" PMx="1.35" fuel="21.28" electricity="0.00" noise="90.68" route="routetop" type="cfm_slow" waiting="0.00" lane="top_0" pos="39.55" speed="43.09" angle="203.29" x="1.85" y="84.73"/>
        <vehicle id="cfm_slow_2" eclass="HBEFA3/PC_G_EU4" CO2="57528.72" CO="1324.40" HC="7.49" NOx="26.09" PMx="1.57" fuel="24.73" electricity="0.00" noise="93.61" route="routetop" type="cfm_slow" waiting="0.00" lane="left_0" pos="28.04" speed="43.90" angle="134.01" x="22.09" y="13.30"/>
        <vehicle id="cfm_slow_3" eclass="HBEFA3/PC_G_EU4" CO2="55229.17" CO="1302.52" HC="7.34" NOx="24.98" PMx="1.52" fuel="23.74" electricity="0.00" noise="92.64" route="routebottom" type="cfm_slow" waiting="0.00" lane="bottom_0" pos="17.34" speed="45.20" angle="63.27" x="97.51" y="7.82"/>
        <vehicle id="cfm_slow_4" eclass="HBEFA3/PC_G_EU4" CO2="32123.05" CO="844.05" HC="4.68" NOx="14.07" PMx="0.92" fuel="13.81" electricity="0.00" noise="84.98" route="routebottom" type="cfm_slow" waiting="0.00" lane="right_0" pos="7.86" speed="46.04" angle="350.31" x="126.98" y="79.64"/>
    </timestep>
    <timestep time="3.90">
        <vehicle id="cfm_slow_0" eclass="HBEFA3/PC_G_EU4" CO2="41474.08" CO="977.73" HC="5.51" NOx="18.53" PMx="1.14" fuel="17.83" electricity="0.00" noise="87.73" route="routetop" type="cfm_slow" waiting="0.00" lane="top_0" pos="5.71" speed="43.03" angle="264.22" x="51.98" y="127.91"/>
        <vehicle id="cfm_slow_1" eclass="HBEFA3/PC_G_EU4" CO2="47762.60" CO="1114.06" HC="6.29" NOx="21.49" PMx="1.31" fuel="20.53" electricity="0.00" noise="90.02" route="routetop" type="cfm_slow" waiting="0.00" lane="top_0" pos="43.89" speed="43.41" angle="195.55" x="-0.44" y="76.14"/>
        <vehicle id="cfm_slow_2" eclass="HBEFA3/PC_G_EU4" CO2="54637.99" CO="1271.92" HC="7.18" NOx="24.72" PMx="1.49" fuel="23.49" electricity="0.00" noise="92.50" route="routetop" type="cfm_slow" waiting="0.00" lane="left_0" pos="32.46" speed="44.27" angle="126.10" x="29.47" y="8.03"/>
        <vehicle id="cfm_slow_3" eclass="HBEFA3/PC_G_EU4" CO2="50078.03" CO="1202.79" HC="6.76" NOx="22.55" PMx="1.39" fuel="21.53" electricity="0.00" noise="90.79" route="routebottom" type="cfm_slow" waiting="0.00" lane="bottom_0" pos="21.89" speed="45.51" angle="55.08" x="105.12" y="13.21"/>
        <vehicle id="cfm_slow_4" eclass="HBEFA3/PC_G_EU4" CO2="28017.63" CO="762.07" HC="4.20" NOx="12.13" PMx="0.82" fuel="12.04" electricity="0.00" noise="83.86" route="routebottom" type="cfm_slow" waiting="0.00" lane="right_0" pos="12.48" speed="46.17" angle="342.02" x="124.01" y="88.62"/>
    </timestep>
    <timestep time="4.00">
        <vehicle id="cfm_slow_0" eclass="HBEFA3/PC_G_EU4" CO2="39796.99" CO="947.78" HC="5.33" NOx="17.74" PMx="1.10" fuel="17.11" electricity="0.00" noise="87.15" route="routetop" type="cfm_slow" waiting="0.00" lane="top_0" pos="10.04" speed="43.28" angle="256.41" x="43.38" y="125.74"/>
        <vehicle id="cfm_slow_1" eclass="HBEFA3/PC_G_EU4" CO2="46116.35" CO="1085.78" HC="6.12" NOx="20.71" PMx="1.27" fuel="19.82" electricity="0.00" noise="89.41" route="routetop" type="cfm_slow" waiting="0.00" lane="top_0" pos="48.26" speed="43.71" angle="187.66" x="-1.54" y="67.25"/>
        <vehicle id="cfm_slow_2" eclass="HBEFA3/PC_G_EU4" CO2="51734.19" CO="1218.71" HC="6.87" NOx="23.35" PMx="1.42" fuel="22.24" electricity="0.00" noise="91.42" route="routetop" type="cfm_slow" waiting="0.00" lane="left_0" pos="36.92" speed="44.60" angle="118.03" x="37.57" y="3.79"/>
        <vehicle id="cfm_slow_3" eclass="HBEFA3/PC_G_EU4" CO2="45275.62" CO="1109.43" HC="6.21" NOx="20.28" PMx="1.26" fuel="19.46" electricity="0.00" noise="89.14" route="routebottom" type="cfm_slow" waiting="0.00" lane="bottom_0" pos="26.47" speed="45.78" angle="46.86" x="111.92" y="19.67"/>
        <vehicle id="cfm_slow_4" eclass="HBEFA3/PC_G_EU4" CO2="24637.13" CO="694.42" HC="3.81" NOx="10.53" PMx="0.73" fuel="10.59" electricity="0.00" noise="83.01" route="routebottom" type="cfm_slow" waiting="0.00" lane="right_0" pos="17.10" speed="46.26" angle="333.74" x="119.76" y="97.09"/>
    </timestep>
    <timestep time="4.10">
        <vehicle id="cfm_slow_0" eclass="HBEFA3/PC_G_EU4" CO2="38329.78" CO="921.91" HC="5.18" NOx="17.04" PMx="1.06" fuel="16.48" electricity="0.00" noise="86.65" route="routetop" type="cfm_slow" waiting="0.00" lane="top_0" pos="14.39" speed="43.52" angle="248.57" x="35.11" y="122.40"/>
        <vehicle id="cfm_slow_1" eclass="HBEFA3/PC_G_EU4" CO2="44541.11" CO="1058.71" HC="5.96" NOx="19.96" PMx="1.23" fuel="19.15" electricity="0.00" noise="88.84" route="routetop" type="cfm_slow" waiting="0.00" lane="left_0" pos="2.66" speed="43.99" angle="179.73" x="-1.42" y="58.18"/>
        <vehicle id="cfm_slow_2" eclass="HBEFA3/PC_G_EU4" CO2="48840.14" CO="1165.23" HC="6.55" NOx="21.97" PMx="1.35" fuel="20.99" electricity="0.00" noise="90.37" route="routetop" type="cfm_slow" waiting="0.00" lane="left_0" pos="41.42" speed="44.91" angle="109.94" x="46.24" y="0.73"/>
        <vehicle id="cfm_slow_3" eclass="HBEFA3/PC_G_EU4" CO2="40847.13" CO="1023.01" HC="5.71" NOx="18.18" PMx="1.15" fuel="17.56" electricity="0.00" noise="87.67" route="routebottom" type="cfm_slow" waiting="0.00" lane="bottom_0" pos="31.07" speed="46.01" angle="38.60" x="117.75" y="27.07"/>
        <vehicle id="cfm_slow_4" eclass="HBEFA3/PC_G_EU4" CO2="21888.18" CO="639.29" HC="3.49" NOx="9.23" PMx="0.66" fuel="9.41" electricity="0.00" noise="82.39" route="routebottom" type="cfm_slow" waiting="0.00" lane="right_0" pos="21.73" speed="46.33" angle="325.34" x="114.32" y="104.87"/>
    </timestep>
    <timestep time="4.20">
        <vehicle id="cfm_slow_0" eclass="HBEFA3/PC_G_EU4" CO2="37040.53" CO="899.50" HC="5.05" NOx="16.43" PMx="1.03" fuel="15.92" electricity="0.00" noise="86.23" route="routetop" type="cfm_slow" waiting="0.00" lane="top_0" pos="18.77" speed="43.74" angle="240.70" x="27.34" y="117.93"/>
        <vehicle id="cfm_slow_1" eclass="HBEFA3/PC_G_EU4" CO2="43014.89" CO="1032.41" HC="5.80" NOx="19.24" PMx="1.19" fuel="18.49" electricity="0.00" noise="88.31" route="routetop" type="cfm_slow" waiting="0.00" lane="left_0" pos="7.08" speed="44.26" angle="171.70" x="-0.02" y="49.23"/>
        <vehicle id="cfm_slow_2" eclass="HBEFA3/PC_G_EU4" CO2="45979.43" CO="1111.96" HC="6.24" NOx="20.62" PMx="1.28" fuel="19.76" electricity="0.00" noise="89.36" route="routetop" type="cfm_slow" waiting="0.00" lane="left_0" pos="45.94" speed="45.19" angle="101.85" x="55.32" y="-1.11"/>
        <vehicle id="cfm_slow_3" eclass="HBEFA3/PC_G_EU4" CO2="36805.01" CO="943.85" HC="5.25" NOx="16.27" PMx="1.05" fuel="15.82" electricity="0.00" noise="86.41" route="routebottom" type="cfm_slow" waiting="0.00" lane="bottom_0" pos="35.69" speed="46.21" angle="30.26" x="122.48" y="35.28"/>
        <vehicle id="cfm_slow_4" eclass="HBEFA3/PC_G_EU4" CO2="19685.63" CO="595.02" HC="3.23" NOx="8.19" PMx="0.60" fuel="8.46" electricity="0.00" noise="81.93" route="routebottom" type="cfm_slow" waiting="0.00" lane="right_0" pos="26.37" speed="46.38" angle="317.08" x="107.81" y="111.78"/>
    </timestep>
    <timestep time="4.30">
        <vehicle id="cfm_slow_0" eclass="HBEFA3/PC_G_EU4" CO2="35899.57" CO="879.95" HC="4.93" NOx="15.89" PMx="1.00" fuel="15.43" electricity="0.00" noise="85.87" route="routetop" type="cfm_slow" waiting="0.00" lane="top_0" pos="23.16" speed="43.94" angle="232.80" x="20.22" y="112.43"/>
        <vehicle id="cfm_slow_1" eclass="HBEFA3/PC_G_EU4" CO2="41521.49" CO="1006.54" HC="5.65" NOx="18.53" PMx="1.15" fuel="17.85" electricity="0.00" noise="87.80" route="routetop" type="cfm_slow" waiting="0.00" lane="left_0" pos="11.54" speed="44.51" angle="163.70" x="2.61" y="40.50"/>
        <vehicle id="cfm_slow_2" eclass="HBEFA3/PC_G_EU4" CO2="43175.09" CO="1059.38" HC="5.93" NOx="19.29" PMx="1.21" fuel="18.56" electricity="0.00" noise="88.41" route="routebottom" type="cfm_slow" waiting="0.00" lane="bottom_0" pos="0.48" speed="45.45" angle="93.62" x="64.67" y="-1.63"/>
        <vehicle id="cfm_slow_3" eclass="HBEFA3/PC_G_EU4" CO2="33151.43" CO="872.04" HC="4.83" NOx="14.55" PMx="0.95" fuel="14.25" electricity="0.00" noise="85.33" route="routebottom" type="cfm_slow" waiting="0.00" lane="bottom_0" pos="40.33" speed="46.37" angle="21.94" x="125.97" y="44.11"/>
        <vehicle id="cfm_slow_4" eclass="HBEFA3/PC_G_EU4" CO2="17952.38" CO="560.11" HC="3.03" NOx="7.37" PMx="0.56" fuel="7.72" electricity="0.00" noise="81.59" route="routebottom" type="cfm_slow" waiting="0.00" lane="right_0" pos="31.01" speed="46.42" angle="308.67" x="100.35" y="117.68"/>
    </timestep>
    <timestep time="4.40">
        <vehicle id="cfm_slow_0" eclass="HBEFA3/PC_G_EU4" CO2="34879.80" CO="862.73" HC="4.83" NOx="15.40" PMx="0.98" fuel="14.99" electricity="0.00" noise="85.56" route="routetop" type="cfm_slow" waiting="0.00" lane="top_0" pos="27.58" speed="44.14" angle="224.85" x="13.91" y="105.95"/>
        <vehicle id="cfm_slow_1" eclass="HBEFA3/PC_G_EU4" CO2="40049.84" CO="980.87" HC="5.49" NOx="17.83" PMx="1.12" fuel="17.22" electricity="0.00" noise="87.32" route="routetop" type="cfm_slow" waiting="0.00" lane="left_0" pos="16.01" speed="44.74" angle="155.70" x="6.45" y="32.18"/>
        <vehicle id="cfm_slow_2" eclass="HBEFA3/PC_G_EU4" CO2="40448.59" CO="1007.93" HC="5.63" NOx="18.00" PMx="1.14" fuel="17.39" electricity="0.00" noise="87.52" route="routebottom" type="cfm_slow" waiting="0.00" lane="bottom_0" pos="5.05" speed="45.68" angle="85.42" x="74.00" y="-0.83"/>
        <vehicle id="cfm_slow_3" eclass="HBEFA3/PC_G_EU4" CO2="29880.27" CO="807.54" HC="4.46" NOx="13.00" PMx="0.87" fuel="12.84" electricity="0.00" noise="84.42" route="routebottom" type="cfm_slow" waiting="0.00" lane="bottom_0" pos="44.98" speed="46.50" angle="13.54" x="128.16" y="53.38"/>
        <vehicle id="cfm_slow_4" eclass="HBEFA3/PC_G_EU4" CO2="16619.02" CO="533.20" HC="2.88" NOx="6.74" PMx="0.52" fuel="7.14" electricity="0.00" noise="81.35" route="routebottom" type="cfm_slow" waiting="0.00" lane="right_0" pos="35.66" speed="46.44" angle="300.33" x="92.11" y="122.45"/>
    </timestep>
    <timestep time="4.50">
        <vehicle id="cfm_slow_0" eclass="HBEFA3/PC_G_EU4" CO2="33957.04" CO="847.35" HC="4.73" NOx="14.96" PMx="0.95" fuel="14.60" electricity="0.00" noise="85.29" route="routetop" type="cfm_slow" waiting="0.00" lane="top_0" pos="32.01" speed="44.33" angle="216.89" x="8.51" y="98.65"/>
        <vehicle id="cfm_slow_1" eclass="HBEFA3/PC_G_EU4" CO2="38593.19" CO="955.26" HC="5.34" NOx="17.14" PMx="1.08" fuel="16.59" electricity="0.00" noise="86.85" route="routetop" type="cfm_slow" waiting="0.00" lane="left_0" pos="20.51" speed="44.96" angle="147.56" x="11.45" y="24.44"/>
        <vehicle id="cfm_slow_2" eclass="HBEFA3/PC_G_EU4" CO2="37819.23" CO="958.03" HC="5.34" NOx="16.76" PMx="1.07" fuel="16.26" electricity="0.00" noise="86.69" route="routebottom" type="cfm_slow" waiting="0.00" lane="bottom_0" pos="9.64" speed="45.89" angle="77.10" x="83.15" y="1.34"/>
        <vehicle id="cfm_slow_3" eclass="HBEFA3/PC_G_EU4" CO2="26979.05" CO="750.14" HC="4.12" NOx="11.63" PMx="0.79" fuel="11.60" electricity="0.00" noise="83.67" route="routebottom" type="cfm_slow" waiting="0.00" lane="bottom_0" pos="49.64" speed="46.61" angle="5.13" x="128.96" y="62.90"/>
        <vehicle id="cfm_slow_4" eclass="HBEFA3/PC_G_EU4" CO2="15623.41" CO="513.06" HC="2.76" NOx="6.27" PMx="0.50" fuel="6.72" electricity="0.00" noise="81.17" route="routebottom" type="cfm_slow" waiting="0.00" lane="right_0" pos="40.30" speed="46.46" angle="292.00" x="83.26" y="125.96"/>
    </timestep>
    <timestep time="4.60">
        <vehicle id="cfm_slow_0" eclass="HBEFA3/PC_G_EU4" CO2="33110.05" CO="833.38" HC="4.65" NOx="14.56" PMx="0.93" fuel="14.23" electricity="0.00" noise="85.05" route="routetop" type="cfm_slow" waiting="0.00" lane="top_0" pos="36.46" speed="44.51" angle="208.93" x="4.18" y="90.62"/>
        <vehicle id="cfm_slow_1" eclass="HBEFA3/PC_G_EU4" CO2="37148.44" CO="929.65" HC="5.19" NOx="16.45" PMx="1.05" fuel="15.97" electricity="0.00" noise="86.40" route="routetop" type="cfm_slow" waiting="0.00" lane="left_0" pos="25.02" speed="45.17" angle="139.47" x="17.52" y="17.46"/>
        <vehicle id="cfm_slow_2" eclass="HBEFA3/PC_G_EU4" CO2="35303.64" CO="910.04" HC="5.06" NOx="15.57" PMx="1.01" fuel="15.18" electricity="0.00" noise="85.93" route="routebottom" type="cfm_slow" waiting="0.00" lane="bottom_0" pos="14.24" speed="46.07" angle="68.90" x="91.93" y="4.79"/>
        <vehicle id="cfm_slow_3" eclass="HBEFA3/PC_G_EU4" CO2="24430.50" CO="699.55" HC="3.83" NOx="10.42" PMx="0.73" fuel="10.50" electricity="0.00" noise="83.06" route="routebottom" type="cfm_slow" waiting="0.00" lane="right_0" pos="4.31" speed="46.70" angle="356.76" x="128.36" y="72.51"/>
        <vehicle id="cfm_slow_4" eclass="HBEFA3/PC_G_EU4" CO2="14910.23" CO="498.62" HC="2.68" NOx="5.94" PMx="0.48" fuel="6.41" electricity="0.00" noise="81.05" route="routebottom" type="cfm_slow" waiting="0.00" lane="right_0" pos="44.95" speed="46.47" angle="283.59" x="74.00" y="128.15"/>
    </timestep>
    <timestep time="4.70">
        <vehicle id="cfm_slow_0" eclass="HBEFA3/PC_G_EU4" CO2="32320.61" CO="820.46" HC="4.57" NOx="14.18" PMx="0.91" fuel="13.89" electricity="0.00" noise="84.83" route="routetop" type="cfm_slow" waiting="0.00" lane="top_0" pos="40.93" speed="44.68" angle="200.79" x="1.00" y="82.04"/>
        <vehicle id="cfm_slow_1" eclass="HBEFA3/PC_G_EU4" CO2="35715.37" CO="904.03" HC="5.04" NOx="15.77" PMx="1.01" fuel="15.35" electricity="0.00" noise="85.97" route="routetop" type="cfm_slow" waiting="0.00" lane="left_0" pos="29.56" speed="45.36" angle="131.31" x="24.54" y="11.37"/>
        <vehicle id="cfm_slow_2" eclass="HBEFA3/PC_G_EU4" CO2="32915.61" CO="864.26" HC="4.79" NOx="14.44" PMx="0.94" fuel="14.15" electricity="0.00" noise="85.24" route="routebottom" type="cfm_slow" waiting="0.00" lane="bottom_0" pos="18.87" speed="46.23" angle="60.45" x="100.14" y="9.51"/>
        <vehicle id="cfm_slow_3" eclass="HBEFA3/PC_G_EU4" CO2="22213.85" CO="655.40" HC="3.57" NOx="9.38" PMx="0.67" fuel="9.55" electricity="0.00" noise="82.57" route="routebottom" type="cfm_slow" waiting="0.00" lane="right_0" pos="8.99" speed="46.77" angle="348.34" x="126.38" y="81.88"/>
        <vehicle id="cfm_slow_4" eclass="HBEFA3/PC_G_EU4" CO2="14430.51" CO="488.89" HC="2.62" NOx="5.71" PMx="0.46" fuel="6.20" electricity="0.00" noise="80.97" route="routebottom" type="cfm_slow" waiting="0.00" lane="right_0" pos="49.60" speed="46.48" angle="275.20" x="64.51" y="128.95"/>
    </timestep>
    <timestep time="4.80">
        <vehicle id="cfm_slow_0" eclass="HBEFA3/PC_G_EU4" CO2="31573.37" CO="808.28" HC="4.50" NOx="13.83" PMx="0.90" fuel="13.57" electricity="0.00" noise="84.63" route="routetop" type="cfm_slow" waiting="0.00" lane="top_0" pos="45.41" speed="44.84" angle="192.81" x="-0.96" y="73.07"/>
        <vehicle id="cfm_slow_1" eclass="HBEFA3/PC_G_EU4" CO2="34296.03" CO="878.45" HC="4.89" NOx="15.10" PMx="0.97" fuel="14.74" electricity="0.00" noise="85.55" route="routetop" type="cfm_slow" waiting="0.00" lane="left_0" pos="34.11" speed="45.54" angle="123.12" x="32.40" y="6.33"/>
        <vehicle id="cfm_slow_2" eclass="HBEFA3/PC_G_EU4" CO2="30665.97" CO="820.93" HC="4.54" NOx="13.37" PMx="0.89" fuel="13.18" electricity="0.00" noise="84.62" route="routebottom" type="cfm_slow" waiting="0.00" lane="bottom_0" pos="23.50" speed="46.37" angle="52.23" x="107.62" y="15.37"/>
        <vehicle id="cfm_slow_3" eclass="HBEFA3/PC_G_EU4" CO2="20306.01" CO="617.27" HC="3.35" NOx="8.48" PMx="0.62" fuel="8.73" electricity="0.00" noise="82.17" route="routebottom" type="cfm_slow" waiting="0.00" lane="right_0" pos="13.67" speed="46.83" angle="339.86" x="123.03" y="90.87"/>
        <vehicle id="cfm_slow_4" eclass="HBEFA3/PC_G_EU4" CO2="14141.10" CO="483.04" HC="2.59" NOx="5.57" PMx="0.46" fuel="6.08" electricity="0.00" noise="80.93" route="routetop" type="cfm_slow" waiting="0.00" lane="top_0" pos="4.25" speed="46.48" angle="266.88" x="54.95" y="128.38"/>
    </timestep>
    <timestep time="4.90">
        <vehicle id="cfm_slow_0" eclass="HBEFA3/PC_G_EU4" CO2="30855.76" CO="796.58" HC="4.43" NOx="13.49" PMx="0.88" fuel="13.26" electricity="0.00" noise="84.44" route="routetop" type="cfm_slow" waiting="0.00" lane="top_0" pos="49.91" speed="44.99" angle="184.64" x="-1.65" y="63.87"/>
        <vehicle id="cfm_slow_1" eclass="HBEFA3/PC_G_EU4" CO2="32894.12" CO="852.99" HC="4.74" NOx="14.44" PMx="0.94" fuel="14.14" electricity="0.00" noise="85.15" route="routetop" type="cfm_slow" waiting="0.00" lane="left_0" pos="38.68" speed="45.71" angle="114.86" x="40.92" y="2.45"/>
        <vehicle id="cfm_slow_2" eclass="HBEFA3/PC_G_EU4" CO2="28562.63" CO="780.24" HC="4.30" NOx="12.38" PMx="0.83" fuel="12.28" electricity="0.00" noise="84.07" route="routebottom" type="cfm_slow" waiting="0.00" lane="bottom_0" pos="28.15" speed="46.50" angle="43.79" x="114.18" y="22.27"/>
        <vehicle id="cfm_slow_3" eclass="HBEFA3/PC_G_EU4" CO2="18682.51" CO="584.71" HC="3.16" NOx="7.71" PMx="0.58" fuel="8.03" electricity="0.00" noise="81.85" route="routebottom" type="cfm_slow" waiting="0.00" lane="right_0" pos="18.36" speed="46.87" angle="331.46" x="118.40" y="99.28"/>
        <vehicle id="cfm_slow_4" eclass="HBEFA3/PC_G_EU4" CO2="14004.25" CO="480.30" HC="2.57" NOx="5.51" PMx="0.45" fuel="6.02" electricity="0.00" noise="80.91" route="routetop" type="cfm_slow" waiting="0.00" lane="top_0" pos="8.90" speed="46.49" angle="258.48" x="45.62" y="126.44"/>
    </timestep>
    <timestep time="5.00">
        <vehicle id="cfm_slow_0" eclass="HBEFA3/PC_G_EU4" CO2="30157.76" CO="785.17" HC="4.36" NOx="13.15" PMx="0.86" fuel="12.96" electricity="0.00" noise="84.26" route="routetop" type="cfm_slow" waiting="0.00" lane="left_0" pos="4.43" speed="45.14" angle="176.56" x="-1.01" y="54.59"/>
        <vehicle id="cfm_slow_1" eclass="HBEFA3/PC_G_EU4" CO2="31514.48" CO="827.74" HC="4.59" NOx="13.78" PMx="0.90" fuel="13.55" electricity="0.00" noise="84.77" route="routetop" type="cfm_slow" waiting="0.00" lane="left_0" pos="43.27" speed="45.86" angle="106.64" x="49.94" y="-0.18"/>
        <vehicle id="cfm_slow_2" eclass="HBEFA3/PC_G_EU4" CO2="26610.74" CO="742.32" HC="4.08" NOx="11.45" PMx="0.78" fuel="11.44" electricity="0.00" noise="83.58" route="routebottom" type="cfm_slow" waiting="0.00" lane="bottom_0" pos="32.81" speed="46.60" angle="35.45" x="119.67" y="30.08"/>
        <vehicle id="cfm_slow_3" eclass="HBEFA3/PC_G_EU4" CO2="17318.20" CO="557.24" HC="3.01" NOx="7.06" PMx="0.54" fuel="7.44" electricity="0.00" noise="81.60" route="routebottom" type="cfm_slow" waiting="0.00" lane="right_0" pos="23.05" speed="46.89" angle="323.02" x="112.59" y="106.94"/>
        <vehicle id="cfm_slow_4" eclass="HBEFA3/PC_G_EU4" CO2="13987.09" CO="480.02" HC="2.57" NOx="5.50" PMx="0.45" fuel="6.01" electricity="0.00" noise="80.90" route="routetop" type="cfm_slow" waiting="0.00" lane="top_0" pos="13.55" speed="46.49" angle="250.09" x="36.69" y="123.13"/>
    </timestep>
    <timestep time="5.10">
        <vehicle id="cfm_slow_0" eclass="HBEFA3/PC_G_EU4" CO2="29471.70" CO="773.87" HC="4.29" NOx="12.83" PMx="0.85" fuel="12.67" electricity="0.00" noise="84.09" route="routetop" type="cfm_slow" waiting="0.00" lane="left_0" pos="8.95" speed="45.28" angle="168.35" x="0.92" y="45.51"/>
        <vehicle id="cfm_slow_1" eclass="HBEFA3/PC_G_EU4" CO2="30162.62" CO="802.83" HC="4.44" NOx="13.14" PMx="0.87" fuel="12.97" electricity="0.00" noise="84.41" route="routetop" type="cfm_slow" waiting="0.00" lane="left_0" pos="47.87" speed="46.00" angle="98.38" x="59.27" y="-1.49"/>
        <vehicle id="cfm_slow_2" eclass="HBEFA3/PC_G_EU4" CO2="24812.89" CO="707.26" HC="3.87" NOx="10.60" PMx="0.74" fuel="10.67" electricity="0.00" noise="83.15" route="routebottom" type="cfm_slow" waiting="0.00" lane="bottom_0" pos="37.48" speed="46.70" angle="27.01" x="123.97" y="38.63"/>
        <vehicle id="cfm_slow_3" eclass="HBEFA3/PC_G_EU4" CO2="16187.97" CO="534.38" HC="2.87" NOx="6.53" PMx="0.51" fuel="6.96" electricity="0.00" noise="81.40" route="routebottom" type="cfm_slow" waiting="0.00" lane="right_0" pos="27.74" speed="46.91" angle="314.53" x="105.69" y="113.63"/>
        <vehicle id="cfm_slow_4" eclass="HBEFA3/PC_G_EU4" CO2="14061.27" CO="481.63" HC="2.58" NOx="5.53" PMx="0.45" fuel="6.04" electricity="0.00" noise="80.92" route="routetop" type="cfm_slow" waiting="0.00" lane="top_0" pos="18.19" speed="46.49" angle="241.79" x="28.32" y="118.58"/>
    </timestep>
    <timestep time="5.20">
        <vehicle id="cfm_slow_0" eclass="HBEFA3/PC_G_EU4" CO2="28792.00" CO="762.59" HC="4.22" NOx="12.51" PMx="0.83" fuel="12.38" electricity="0.00" noise="83.93" route="routetop" type="cfm_slow" waiting="0.00" lane="left_0" pos="13.50" speed="45.42" angle="160.22" x="4.15" y="36.78"/>
        <vehicle id="cfm_slow_1" eclass="HBEFA3/PC_G_EU4" CO2="28844.35" CO="778.37" HC="4.30" NOx="12.52" PMx="0.84" fuel="12.40" electricity="0.00" noise="84.07" route="routebottom" type="cfm_slow" waiting="0.00" lane="bottom_0" pos="2.48" speed="46.13" angle="90.02" x="68.78" y="-1.45"/>
        <vehicle id="cfm_slow_2" eclass="HBEFA3/PC_G_EU4" CO2="23169.31" CO="675.07" HC="3.69" NOx="9.83" PMx="0.70" fuel="9.96" electricity="0.00" noise="82.78" route="routebottom" type="cfm_slow" waiting="0.00" lane="bottom_0" pos="42.16" speed="46.77" angle="18.58" x="126.99" y="47.72"/>
        <vehicle id="cfm_slow_3" eclass="HBEFA3/PC_G_EU4" CO2="15267.13" CO="515.68" HC="2.76" NOx="6.10" PMx="0.49" fuel="6.56" electricity="0.00" noise="81.24" route="routebottom" type="cfm_slow" waiting="0.00" lane="right_0" pos="32.43" speed="46.93" angle="306.15" x="97.91" y="119.27"/>
        <vehicle id="cfm_slow_4" eclass="HBEFA3/PC_G_EU4" CO2="14202.48" CO="484.65" HC="2.60" NOx="5.60" PMx="0.46" fuel="6.11" electricity="0.00" noise="80.94" route="routetop" type="cfm_slow" waiting="0.00" lane="top_0" pos="22.84" speed="46.50" angle="233.31" x="20.71" y="112.85"/>
    </timestep>
    <timestep time="5.30">
        <vehicle id="cfm_slow_0" eclass="HBEFA3/PC_G_EU4" CO2="28114.90" CO="751.24" HC="4.15" NOx="12.18" PMx="0.81" fuel="12.09" electricity="0.00" noise="83.76" route="routetop" type="cfm_slow" waiting="0.00" lane="left_0" pos="18.05" speed="45.54" angle="152.02" x="8.58" y="28.57"/>
        <vehicle id="cfm_slow_1" eclass="HBEFA3/PC_G_EU4" CO2="27565.48" CO="754.50" HC="4.16" NOx="11.91" PMx="0.81" fuel="11.85" electricity="0.00" noise="83.75" route="routebottom" type="cfm_slow" waiting="0.00" lane="bottom_0" pos="7.11" speed="46.25" angle="81.66" x="78.14" y="-0.01"/>
        <vehicle id="cfm_slow_2" eclass="HBEFA3/PC_G_EU4" CO2="21678.17" CO="645.76" HC="3.52" NOx="9.12" PMx="0.66" fuel="9.32" electricity="0.00" noise="82.47" route="routebottom" type="cfm_slow" waiting="0.00" lane="bottom_0" pos="46.84" speed="46.84" angle="10.23" x="128.64" y="57.17"/>
        <vehicle id="cfm_slow_3" eclass="HBEFA3/PC_G_EU4" CO2="14531.84" CO="500.67" HC="2.68" NOx="5.75" PMx="0.47" fuel="6.25" electricity="0.00" noise="81.12" route="routebottom" type="cfm_slow" waiting="0.00" lane="right_0" pos="37.13" speed="46.93" angle="297.66" x="89.37" y="123.70"/>
        <vehicle id="cfm_slow_4" eclass="HBEFA3/PC_G_EU4" CO2="14390.07" CO="488.66" HC="2.62" NOx="5.69" PMx="0.46" fuel="6.19" electricity="0.00" noise="80.98" route="routetop" type="cfm_slow" waiting="0.00" lane="top_0" pos="27.50" speed="46.51" angle="225.01" x="14.02" y="106.08"/>
    </timestep>
    <timestep time="5.40">
        <vehicle id="cfm_slow_0" eclass="HBEFA3/PC_G_EU4" CO2="27438.24" CO="739.77" HC="4.08" NOx="11.86" PMx="0.80" fuel="11.79" electricity="0.00" noise="83.60" route="routetop" type="cfm_slow" waiting="0.00" lane="left_0" pos="22.62" speed="45.67" angle="143.75" x="14.17" y="21.07"/>
        <vehicle id="cfm_slow_1" eclass="HBEFA3/PC_G_EU4" CO2="26331.53" CO="731.33" HC="4.02" NOx="11.33" PMx="0.77" fuel="11.32" electricity="0.00" noise="83.46" route="routebottom" type="cfm_slow" waiting="0.00" lane="bottom_0" pos="11.74" speed="46.36" angle="73.35" x="87.23" y="2.76"/>
        <vehicle id="cfm_slow_2" eclass="HBEFA3/PC_G_EU4" CO2="20335.89" CO="619.28" HC="3.36" NOx="8.49" PMx="0.62" fuel="8.74" electricity="0.00" noise="82.19" route="routebottom" type="cfm_slow" waiting="0.00" lane="right_0" pos="1.53" speed="46.89" angle="1.73" x="128.89" y="66.83"/>
        <vehicle id="cfm_slow_3" eclass="HBEFA3/PC_G_EU4" CO2="13959.41" CO="488.90" HC="2.61" NOx="5.48" PMx="0.46" fuel="6.00" electricity="0.00" noise="81.03" route="routebottom" type="cfm_slow" waiting="0.00" lane="right_0" pos="41.82" speed="46.93" angle="289.21" x="80.28" y="126.81"/>
        <vehicle id="cfm_slow_4" eclass="HBEFA3/PC_G_EU4" CO2="14606.69" CO="493.30" HC="2.65" NOx="5.79" PMx="0.47" fuel="6.28" electricity="0.00" noise="81.01" route="routetop" type="cfm_slow" waiting="0.00" lane="top_0" pos="32.15" speed="46.51" angle="216.67" x="8.36" y="98.41"/>
    </timestep>
    <timestep time="5.50">
        <vehicle id="cfm_slow_0" eclass="HBEFA3/PC_G_EU4" CO2="26761.19" CO="728.18" HC="4.02" NOx="11.54" PMx="0.78" fuel="11.50" electricity="0.00" noise="83.45" route="routetop" type="cfm_slow" waiting="0.00" lane="left_0" pos="27.19" speed="45.78" angle="135.56" x="20.78" y="14.42"/>
        <vehicle id="cfm_slow_1" eclass="HBEFA3/PC_G_EU4" CO2="25147.54" CO="708.97" HC="3.89" NOx="10.77" PMx="0.74" fuel="10.81" electricity="0.00" noise="83.18" route="routebottom" type="cfm_slow" waiting="0.00" lane="bottom_0" pos="16.39" speed="46.45" angle="65.01" x="95.83" y="6.83"/>
        <vehicle id="cfm_slow_2" eclass="HBEFA3/PC_G_EU4" CO2="19137.34" CO="595.53" HC="3.22" NOx="7.92" PMx="0.59" fuel="8.23" electricity="0.00" noise="81.96" route="routebottom" type="cfm_slow" waiting="0.00" lane="right_0" pos="6.23" speed="46.93" angle="353.28" x="127.72" y="76.38"/>
        <vehicle id="cfm_slow_3" eclass="HBEFA3/PC_G_EU4" CO2="0.00" CO="0.00" HC="0.00" NOx="0.00" PMx="0.00" fuel="0.00" electricity="0.00" noise="80.96" route="routebottom" type="cfm_slow" waiting="0.00" lane="right_0" pos="46.51" speed="46.93" angle="280.82" x="70.82" y="128.57"/>
        <vehicle id="cfm_slow_4" eclass="HBEFA3/PC_G_EU4" CO2="14837.98" CO="498.28" HC="2.67" NOx="5.90" PMx="0.48" fuel="6.38" electricity="0.00" noise="81.06" route="routetop" type="cfm_slow" waiting="0.00" lane="top_0" pos="36.80" speed="46.53" angle="208.28" x="3.90" y="89.99"/>
    </timestep>
    <timestep time="5.60">
        <vehicle id="cfm_slow_0" eclass="HBEFA3/PC_G_EU4" CO2="26084.00" CO="716.46" HC="3.95" NOx="11.22" PMx="0.76" fuel="11.21" electricity="0.00" noise="83.30" route="routetop" type="cfm_slow" waiting="0.00" lane="left_0" pos="31.78" speed="45.89" angle="127.29" x="28.29" y="8.77"/>
        <vehicle id="cfm_slow_1" eclass="HBEFA3/PC_G_EU4" CO2="24017.95" CO="687.54" HC="3.76" NOx="10.23" PMx="0.72" fuel="10.32" electricity="0.00" noise="82.93" route="routebottom" type="cfm_slow" waiting="0.00" lane="bottom_0" pos="21.04" speed="46.54" angle="56.58" x="103.75" y="12.13"/>
        <vehicle id="cfm_slow_2" eclass="HBEFA3/PC_G_EU4" CO2="18076.21" CO="574.43" HC="3.10" NOx="7.42" PMx="0.56" fuel="7.77" electricity="0.00" noise="81.76" route="routebottom" type="cfm_slow" waiting="0.00" lane="right_0" pos="10.92" speed="46.97" angle="344.79" x="125.15" y="85.65"/>
        <vehicle id="cfm_slow_3" eclass="HBEFA3/PC_G_EU4" CO2="0.00" CO="0.00" HC="0.00" NOx="0.00" PMx="0.00" fuel="0.00" electricity="0.00" noise="80.91" route="routetop" type="cfm_slow" waiting="0.00" lane="top_0" pos="1.21" speed="46.93" angle="272.30" x="61.16" y="128.92"/>
        <vehicle id="cfm_slow_4" eclass="HBEFA3/PC_G_EU4" CO2="15072.18" CO="503.36" HC="2.70" NOx="6.01" PMx="0.48" fuel="6.48" electricity="0.00" noise="81.10" route="routetop" type="cfm_slow" waiting="0.00" lane="top_0" pos="41.45" speed="46.54" angle="199.87" x="0.71" y="81.00"/>
    </timestep>
    <timestep time="5.70">
        <vehicle id="cfm_slow_0" eclass="HBEFA3/PC_G_EU4" CO2="25407.80" CO="704.64" HC="3.88" NOx="10.90" PMx="0.75" fuel="10.92" electricity="0.00" noise="83.15" route="routetop" type="cfm_slow" waiting="0.00" lane="left_0" pos="36.38" speed="45.99" angle="119.07" x="36.55" y="4.25"/>
        <vehicle id="cfm_slow_1" eclass="HBEFA3/PC_G_EU4" CO2="22946.50" CO="667.11" HC="3.64" NOx="9.73" PMx="0.69" fuel="9.86" electricity="0.00" noise="82.70" route="routebottom" type="cfm_slow" waiting="0.00" lane="bottom_0" pos="25.70" speed="46.61" angle="48.26" x="110.85" y="18.52"/>
        <vehicle id="cfm_slow_2" eclass="HBEFA3/PC_G_EU4" CO2="17145.18" CO="555.84" HC="2.99" NOx="6.98" PMx="0.54" fuel="7.37" electricity="0.00" noise="81.60" route="routebottom" type="cfm_slow" waiting="0.00" lane="right_0" pos="15.62" speed="47.00" angle="336.36" x="121.25" y="94.45"/>
        <vehicle id="cfm_slow_3" eclass="HBEFA3/PC_G_EU4" CO2="0.00" CO="0.00" HC="0.00" NOx="0.00" PMx="0.00" fuel="0.00" electricity="0.00" noise="80.87" route="routetop" type="cfm_slow" waiting="0.00" lane="top_0" pos="5.90" speed="46.92" angle="263.88" x="51.61" y="127.84"/>
        <vehicle id="cfm_slow_4" eclass="HBEFA3/PC_G_EU4" CO2="15299.86" CO="508.35" HC="2.73" NOx="6.12" PMx="0.49" fuel="6.58" electricity="0.00" noise="81.14" route="routetop" type="cfm_slow" waiting="0.00" lane="top_0" pos="46.11" speed="46.55" angle="191.57" x="-1.16" y="71.65"/>
    </timestep>
    <timestep time="5.80">
        <vehicle id="cfm_slow_0" eclass="HBEFA3/PC_G_EU4" CO2="24734.38" CO="692.75" HC="3.80" NOx="10.58" PMx="0.73" fuel="10.63" electricity="0.00" noise="83.00" route="routetop" type="cfm_slow" waiting="0.00" lane="left_0" pos="40.99" speed="46.08" angle="110.70" x="45.40" y="0.96"/>
        <vehicle id="cfm_slow_1" eclass="HBEFA3/PC_G_EU4" CO2="21936.15" CO="647.75" HC="3.53" NOx="9.25" PMx="0.66" fuel="9.43" electricity="0.00" noise="82.49" route="routebottom" type="cfm_slow" waiting="0.00" lane="bottom_0" pos="30.37" speed="46.68" angle="39.82" x="116.93" y="25.90"/>
        <vehicle id="cfm_slow_2" eclass="HBEFA3/PC_G_EU4" CO2="16336.25" CO="539.62" HC="2.90" NOx="6.60" PMx="0.52" fuel="7.02" electricity="0.00" noise="81.45" route="routebottom" type="cfm_slow" waiting="0.00" lane="right_0" pos="20.33" speed="47.02" angle="327.84" x="116.09" y="102.58"/>
        <vehicle id="cfm_slow_3" eclass="HBEFA3/PC_G_EU4" CO2="0.00" CO="0.00" HC="0.00" NOx="0.00" PMx="0.00" fuel="0.00" electricity="0.00" noise="80.85" route="routetop" type="cfm_slow" waiting="0.00" lane="top_0" pos="10.59" speed="46.91" angle="255.43" x="42.32" y="125.38"/>
        <vehicle id="cfm_slow_4" eclass="HBEFA3/PC_G_EU4" CO2="15513.67" CO="513.08" HC="2.76" NOx="6.22" PMx="0.49" fuel="6.67" electricity="0.00" noise="81.18" route="routetop" type="cfm_slow" waiting="0.00" lane="left_0" pos="0.77" speed="46.57" angle="183.09" x="-1.62" y="62.06"/>
    </timestep>
    <timestep time="5.90">
        <vehicle id="cfm_slow_0" eclass="HBEFA3/PC_G_EU4" CO2="24066.03" CO="680.84" HC="3.73" NOx="10.26" PMx="0.71" fuel="10.34" electricity="0.00" noise="82.86" route="routetop" type="cfm_slow" waiting="0.00" lane="left_0" pos="45.61" speed="46.17" angle="102.45" x="54.65" y="-1.02"/>
        <vehicle id="cfm_slow_1" eclass="HBEFA3/PC_G_EU4" CO2="20989.06" CO="629.53" HC="3.43" NOx="8.80" PMx="0.64" fuel="9.02" electricity="0.00" noise="82.29" route="routebottom" type="cfm_slow" waiting="0.00" lane="bottom_0" pos="35.05" speed="46.74" angle="31.47" x="121.88" y="34.09"/>
        <vehicle id="cfm_slow_2" eclass="HBEFA3/PC_G_EU4" CO2="15640.90" CO="525.61" HC="2.82" NOx="6.27" PMx="0.50" fuel="6.72" electricity="0.00" noise="81.34" route="routebottom" type="cfm_slow" waiting="0.00" lane="right_0" pos="25.03" speed="47.03" angle="319.48" x="109.79" y="109.88"/>
        <vehicle id="cfm_slow_3" eclass="HBEFA3/PC_G_EU4" CO2="0.00" CO="0.00" HC="0.00" NOx="0.00" PMx="0.00" fuel="0.00" electricity="0.00" noise="80.84" route="routetop" type="cfm_slow" waiting="0.00" lane="top_0" pos="15.28" speed="46.90" angle="246.95" x="33.49" y="121.58"/>
        <vehicle id="cfm_slow_4" eclass="HBEFA3/PC_G_EU4" CO2="15708.06" CO="517.45" HC="2.78" NOx="6.31" PMx="0.50" fuel="6.75" electricity="0.00" noise="81.22" route="routetop" type="cfm_slow" waiting="0.00" lane="left_0" pos="5.42" speed="46.58" angle="174.74" x="-0.69" y="52.56"/>
    </timestep>
    <timestep time="6.00">
        <vehicle id="cfm_slow_0" eclass="HBEFA3/PC_G_EU4" CO2="23405.30" CO="668.97" HC="3.66" NOx="9.95" PMx="0.70" fuel="10.06" electricity="0.00" noise="82.72" route="routebottom" type="cfm_slow" waiting="0.00" lane="bottom_0" pos="0.23" speed="46.26" angle="94.07" x="64.17" y="-1.64"/>
        <vehicle id="cfm_slow_1" eclass="HBEFA3/PC_G_EU4" CO2="20106.60" CO="612.48" HC="3.33" NOx="8.38" PMx="0.62" fuel="8.64" electricity="0.00" noise="82.12" route="routebottom" type="cfm_slow" waiting="0.00" lane="bottom_0" pos="39.73" speed="46.79" angle="23.05" x="125.60" y="42.93"/>
        <vehicle id="cfm_slow_2" eclass="HBEFA3/PC_G_EU4" CO2="15050.30" CO="513.66" HC="2.75" NOx="5.99" PMx="0.49" fuel="6.47" electricity="0.00" noise="81.24" route="routebottom" type="cfm_slow" waiting="0.00" lane="right_0" pos="29.73" speed="47.04" angle="310.96" x="102.49" y="116.16"/>
        <vehicle id="cfm_slow_3" eclass="HBEFA3/PC_G_EU4" CO2="0.00" CO="0.00" HC="0.00" NOx="0.00" PMx="0.00" fuel="0.00" electricity="0.00" noise="80.84" route="routetop" type="cfm_slow" waiting="0.00" lane="top_0" pos="19.97" speed="46.90" angle="238.50" x="25.33" y="116.52"/>
        <vehicle id="cfm_slow_4" eclass="HBEFA3/PC_G_EU4" CO2="15879.03" CO="521.36" HC="2.81" NOx="6.39" PMx="0.50" fuel="6.83" electricity="0.00" noise="81.26" route="routetop" type="cfm_slow" waiting="0.00" lane="left_0" pos="10.08" speed="46.60" angle="166.28" x="1.61" y="43.30"/>
    </timestep>
    <timestep time="6.10">
        <vehicle id="cfm_slow_0" eclass="HBEFA3/PC_G_EU4" CO2="22754.97" CO="657.20" HC="3.59" NOx="9.64" PMx="0.68" fuel="9.78" electricity="0.00" noise="82.59" route="routebottom" type="cfm_slow" waiting="0.00" lane="bottom_0" pos="4.87" speed="46.33" angle="85.76" x="73.63" y="-0.88"/>
        <vehicle id="cfm_slow_1" eclass="HBEFA3/PC_G_EU4" CO2="19289.41" CO="596.62" HC="3.23" NOx="8.00" PMx="0.59" fuel="8.29" electricity="0.00" noise="81.97" route="routebottom" type="cfm_slow" waiting="0.00" lane="bottom_0" pos="44.41" speed="46.84" angle="14.57" x="127.96" y="52.23"/>
        <vehicle id="cfm_slow_2" eclass="HBEFA3/PC_G_EU4" CO2="14555.52" CO="503.59" HC="2.69" NOx="5.76" PMx="0.47" fuel="6.26" electricity="0.00" noise="81.16" route="routebottom" type="cfm_slow" waiting="0.00" lane="right_0" pos="34.44" speed="47.04" angle="302.55" x="94.34" y="121.31"/>
        <vehicle id="cfm_slow_3" eclass="HBEFA3/PC_G_EU4" CO2="0.00" CO="0.00" HC="0.00" NOx="0.00" PMx="0.00" fuel="0.00" electricity="0.00" noise="80.85" route="routetop" type="cfm_slow" waiting="0.00" lane="top_0" pos="24.66" speed="46.89" angle="230.13" x="17.99" y="110.33"/>
        <vehicle id="cfm_slow_4" eclass="HBEFA3/PC_G_EU4" CO2="16023.92" CO="524.77" HC="2.82" NOx="6.46" PMx="0.51" fuel="6.89" electricity="0.00" noise="81.29" route="routetop" type="cfm_slow" waiting="0.00" lane="left_0" pos="14.75" speed="46.62" angle="157.97" x="5.25" y="34.47"/>
    </timestep>
    <timestep time="6.20">
        <vehicle id="cfm_slow_0" eclass="HBEFA3/PC_G_EU4" CO2="22117.81" CO="645.58" HC="3.53" NOx="9.34" PMx="0.66" fuel="9.51" electricity="0.00" noise="82.46" route="routebottom" type="cfm_slow" waiting="0.00" lane="bottom_0" pos="9.51" speed="46.40" angle="77.34" x="82.89" y="1.26"/>
        <vehicle id="cfm_slow_1" eclass="HBEFA3/PC_G_EU4" CO2="18537.37" CO="581.97" HC="3.15" NOx="7.64" PMx="0.58" fuel="7.97" electricity="0.00" noise="81.83" route="routebottom" type="cfm_slow" waiting="0.00" lane="bottom_0" pos="49.10" speed="46.88" angle="6.13" x="128.93" y="61.78"/>
        <vehicle id="cfm_slow_2" eclass="HBEFA3/PC_G_EU4" CO2="14147.61" CO="495.24" HC="2.64" NOx="5.57" PMx="0.46" fuel="6.08" electricity="0.00" noise="81.09" route="routebottom" type="cfm_slow" waiting="0.00" lane="right_0" pos="39.14" speed="47.05" angle="294.06" x="85.52" y="125.19"/>
        <vehicle id="cfm_slow_3" eclass="HBEFA3/PC_G_EU4" CO2="0.00" CO="0.00" HC="0.00" NOx="0.00" PMx="0.00" fuel="0.00" electricity="0.00" noise="80.86" route="routetop" type="cfm_slow" waiting="0.00" lane="top_0" pos="29.35" speed="46.88" angle="221.64" x="11.63" y="103.12"/>
        <vehicle id="cfm_slow_4" eclass="HBEFA3/PC_G_EU4" CO2="16141.23" CO="527.62" HC="2.84" NOx="6.51" PMx="0.51" fuel="6.94" electricity="0.00" noise="81.32" route="routetop" type="cfm_slow" waiting="0.00" lane="left_0" pos="19.41" speed="46.64" angle="149.50" x="10.14" y="26.26"/>
    </timestep>
    <timestep time="6.30">
        <vehicle id="cfm_slow_0" eclass="HBEFA3/PC_G_EU4" CO2="21496.57" CO="634.18" HC="3.46" NOx="9.04" PMx="0.65" fuel="9.24" electricity="0.00" noise="82.34" route="routebottom" type="cfm_slow" waiting="0.00" lane="bottom_0" pos="14.15" speed="46.47" angle="69.07" x="91.77" y="4.70"/>
        <vehicle id="cfm_slow_1" eclass="HBEFA3/PC_G_EU4" CO2="17849.71" CO="568.53" HC="3.07" NOx="7.31" PMx="0.56" fuel="7.67" electricity="0.00" noise="81.70" route="routebottom" type="cfm_slow" waiting="0.00" lane="right_0" pos="3.79" speed="46.91" angle="357.70" x="128.51" y="71.44"/>
        <vehicle id="cfm_slow_2" eclass="HBEFA3/PC_G_EU4" CO2="0.00" CO="0.00" HC="0.00" NOx="0.00" PMx="0.00" fuel="0.00" electricity="0.00" noise="81.04" route="routebottom" type="cfm_slow" waiting="0.00" lane="right_0" pos="43.85" speed="47.05" angle="285.66" x="76.23" y="127.75"/>
        <vehicle id="cfm_slow_3" eclass="HBEFA3/PC_G_EU4" CO2="0.00" CO="0.00" HC="0.00" NOx="0.00" PMx="0.00" fuel="0.00" electricity="0.00" noise="80.88" route="routetop" type="cfm_slow" waiting="0.00" lane="top_0" pos="34.03" speed="46.88" angle="213.28" x="6.41" y="95.07"/>
        <vehicle id="cfm_slow_4" eclass="HBEFA3/PC_G_EU4" CO2="16230.43" CO="529.90" HC="2.85" NOx="6.56" PMx="0.51" fuel="6.98" electricity="0.00" noise="81.34" route="routetop" type="cfm_slow" waiting="0.00" lane="left_0" pos="24.08" speed="46.66" angle="141.16" x="16.17" y="18.84"/>
    </timestep>
    <timestep time="6.40">
        <vehicle id="cfm_slow_0" eclass="HBEFA3/PC_G_EU4" CO2="20893.84" CO="623.05" HC="3.39" NOx="8.76" PMx="0.63" fuel="8.98" electricity="0.00" noise="82.22" route="routebottom" type="cfm_slow" waiting="0.00" lane="bottom_0" pos="18.81" speed="46.53" angle="60.57" x="100.04" y="9.44"/>
        <vehicle id="cfm_slow_1" eclass="HBEFA3/PC_G_EU4" CO2="17225.09" CO="556.27" HC="3.00" NOx="7.02" PMx="0.54" fuel="7.40" electricity="0.00" noise="81.59" route="routebottom" type="cfm_slow" waiting="0.00" lane="right_0" pos="8.48" speed="46.94" angle="349.19" x="126.65" y="80.88"/>
        <vehicle id="cfm_slow_2" eclass="HBEFA3/PC_G_EU4" CO2="0.00" CO="0.00" HC="0.00" NOx="0.00" PMx="0.00" fuel="0.00" electricity="0.00" noise="81.00" route="routebottom" type="cfm_slow" waiting="0.00" lane="right_0" pos="48.55" speed="47.04" angle="277.08" x="66.66" y="128.90"/>
        <vehicle id="cfm_slow_3" eclass="HBEFA3/PC_G_EU4" CO2="0.00" CO="0.00" HC="0.00" NOx="0.00" PMx="0.00" fuel="0.00" electricity="0.00" noise="80.90" route="routetop" type="cfm_slow" waiting="0.00" lane="top_0" pos="38.72" speed="46.87" angle="204.79" x="2.42" y="86.33"/>
        <vehicle id="cfm_slow_4" eclass="HBEFA3/PC_G_EU4" CO2="16291.77" CO="531.62" HC="2.86" NOx="6.58" PMx="0.51" fuel="7.00" electricity="0.00" noise="81.35" route="routetop" type="cfm_slow" waiting="0.00" lane="left_0" pos="28.75" speed="46.69" angle="132.76" x="23.23" y="12.39"/>
    </timestep>
    <timestep time="6.50">
        <vehicle id="cfm_slow_0" eclass="HBEFA3/PC_G_EU4" CO2="20311.99" CO="612.24" HC="3.33" NOx="8.48" PMx="0.62" fuel="8.73" electricity="0.00" noise="82.11" route="routebottom" type="cfm_slow" waiting="0.00" lane="bottom_0" pos="23.46" speed="46.58" angle="52.30" x="107.56" y="15.31"/>
        <vehicle id="cfm_slow_1" eclass="HBEFA3/PC_G_EU4" CO2="16661.63" CO="545.16" HC="2.93" NOx="6.75" PMx="0.53" fuel="7.16" electricity="0.00" noise="81.50" route="routebottom" type="cfm_slow" waiting="0.00" lane="right_0" pos="13.18" speed="46.96" angle="340.79" x="123.44" y="89.95"/>
        <vehicle id="cfm_slow_2" eclass="HBEFA3/PC_G_EU4" CO2="0.00" CO="0.00" HC="0.00" NOx="0.00" PMx="0.00" fuel="0.00" electricity="0.00" noise="80.96" route="routetop" type="cfm_slow" waiting="0.00" lane="top_0" pos="3.25" speed="47.04" angle="268.65" x="56.97" y="128.62"/>
        <vehicle id="cfm_slow_3" eclass="HBEFA3/PC_G_EU4" CO2="0.00" CO="0.00" HC="0.00" NOx="0.00" PMx="0.00" fuel="0.00" electricity="0.00" noise="80.92" route="routetop" type="cfm_slow" waiting="0.00" lane="top_0" pos="43.41" speed="46.87" angle="196.38" x="-0.24" y="77.11"/>
        <vehicle id="cfm_slow_4" eclass="HBEFA3/PC_G_EU4" CO2="16326.16" CO="532.79" HC="2.87" NOx="6.60" PMx="0.52" fuel="7.02" electricity="0.00" noise="81.37" route="routetop" type="cfm_slow" waiting="0.00" lane="left_0" pos="33.42" speed="46.71" angle="124.38" x="31.15" y="7.02"/>
    </timestep>
    <timestep time="6.60">
        <vehicle id="cfm_slow_0" eclass="HBEFA3/PC_G_EU4" CO2="19753.14" CO="601.80" HC="3.27" NOx="8.22" PMx="0.60" fuel="8.49" electricity="0.00" noise="82.01" route="routebottom" type="cfm_slow" waiting="0.00" lane="bottom_0" pos="28.13" speed="46.63" angle="43.83" x="114.14" y="22.23"/>
        <vehicle id="cfm_slow_1" eclass="HBEFA3/PC_G_EU4" CO2="16156.99" CO="535.18" HC="2.88" NOx="6.51" PMx="0.51" fuel="6.95" electricity="0.00" noise="81.41" route="routebottom" type="cfm_slow" waiting="0.00" lane="right_0" pos="17.88" speed="46.98" angle="332.34" x="118.94" y="98.45"/>
        <vehicle id="cfm_slow_2" eclass="HBEFA3/PC_G_EU4" CO2="0.00" CO="0.00" HC="0.00" NOx="0.00" PMx="0.00" fuel="0.00" electricity="0.00" noise="80.94" route="routetop" type="cfm_slow" waiting="0.00" lane="top_0" pos="7.96" speed="47.03" angle="260.12" x="47.49" y="126.93"/>
        <vehicle id="cfm_slow_3" eclass="HBEFA3/PC_G_EU4" CO2="0.00" CO="0.00" HC="0.00" NOx="0.00" PMx="0.00" fuel="0.00" electricity="0.00" noise="80.94" route="routetop" type="cfm_slow" waiting="0.00" lane="top_0" pos="48.09" speed="46.87" angle="187.96" x="-1.52" y="67.59"/>
        <vehicle id="cfm_slow_4" eclass="HBEFA3/PC_G_EU4" CO2="16335.00" CO="533.44" HC="2.87" NOx="6.60" PMx="0.52" fuel="7.02" electricity="0.00" noise="81.37" route="routetop" type="cfm_slow" waiting="0.00" lane="left_0" pos="38.09" speed="46.73" angle="115.91" x="39.78" y="2.89"/>
    </timestep>
    <timestep time="6.70">
        <vehicle id="cfm_slow_0" eclass="HBEFA3/PC_G_EU4" CO2="19219.12" CO="591.78" HC="3.21" NOx="7.97" PMx="0.59" fuel="8.26" electricity="0.00" noise="81.91" route="routebottom" type="cfm_slow" waiting="0.00" lane="bottom_0" pos="32.80" speed="46.68" angle="35.48" x="119.65" y="30.05"/>
        <vehicle id="cfm_slow_1" eclass="HBEFA3/PC_G_EU4" CO2="15708.48" CO="526.27" HC="2.82" NOx="6.30" PMx="0.50" fuel="6.75" electricity="0.00" noise="81.34" route="routebottom" type="cfm_slow" waiting="0.00" lane="right_0" pos="22.58" speed="47.00" angle="323.83" x="113.21" y="106.19"/>
        <vehicle id="cfm_slow_2" eclass="HBEFA3/PC_G_EU4" CO2="0.00" CO="0.00" HC="0.00" NOx="0.00" PMx="0.00" fuel="0.00" electricity="0.00" noise="80.92" route="routetop" type="cfm_slow" waiting="0.00" lane="top_0" pos="12.66" speed="47.03" angle="251.69" x="38.35" y="123.86"/>
        <vehicle id="cfm_slow_3" eclass="HBEFA3/PC_G_EU4" CO2="0.00" CO="0.00" HC="0.00" NOx="0.00" PMx="0.00" fuel="0.00" electricity="0.00" noise="80.96" route="routetop" type="cfm_slow" waiting="0.00" lane="left_0" pos="2.78" speed="46.87" angle="179.51" x="-1.39" y="57.94"/>
        <vehicle id="cfm_slow_4" eclass="HBEFA3/PC_G_EU4" CO2="16320.13" CO="533.59" HC="2.87" NOx="6.60" PMx="0.52" fuel="7.02" electricity="0.00" noise="81.38" route="routetop" type="cfm_slow" waiting="0.00" lane="left_0" pos="42.76" speed="46.75" angle="107.55" x="48.92" y="0.05"/>
    </timestep>
    <timestep time="6.80">
        <vehicle id="cfm_slow_0" eclass="HBEFA3/PC_G_EU4" CO2="18711.43" CO="582.20" HC="3.15" NOx="7.72" PMx="0.58" fuel="8.04" electricity="0.00" noise="81.82" route="routebottom" type="cfm_slow" waiting="0.00" lane="bottom_0" pos="37.47" speed="46.72" angle="27.04" x="123.96" y="38.60"/>
        <vehicle id="cfm_slow_1" eclass="HBEFA3/PC_G_EU4" CO2="15313.11" CO="518.38" HC="2.78" NOx="6.12" PMx="0.49" fuel="6.58" electricity="0.00" noise="81.27" route="routebottom" type="cfm_slow" waiting="0.00" lane="right_0" pos="27.28" speed="47.01" angle="315.44" x="106.42" y="113.02"/>
        <vehicle id="cfm_slow_2" eclass="HBEFA3/PC_G_EU4" CO2="0.00" CO="0.00" HC="0.00" NOx="0.00" PMx="0.00" fuel="0.00" electricity="0.00" noise="80.91" route="routetop" type="cfm_slow" waiting="0.00" lane="top_0" pos="17.36" speed="47.02" angle="243.27" x="29.77" y="119.48"/>
        <vehicle id="cfm_slow_3" eclass="HBEFA3/PC_G_EU4" CO2="13815.25" CO="484.49" HC="2.59" NOx="5.41" PMx="0.45" fuel="5.94" electricity="0.00" noise="80.99" route="routetop" type="cfm_slow" waiting="0.00" lane="left_0" pos="7.47" speed="46.87" angle="171.00" x="0.15" y="48.46"/>
        <vehicle id="cfm_slow_4" eclass="HBEFA3/PC_G_EU4" CO2="16283.62" CO="533.29" HC="2.87" NOx="6.58" PMx="0.52" fuel="7.00" electricity="0.00" noise="81.38" route="routetop" type="cfm_slow" waiting="0.00" lane="left_0" pos="47.44" speed="46.77" angle="99.17" x="58.39" y="-1.44"/>
    </timestep>
    <timestep time="6.90">
        <vehicle id="cfm_slow_0" eclass="HBEFA3/PC_G_EU4" CO2="18231.25" CO="573.11" HC="3.10" NOx="7.50" PMx="0.57" fuel="7.84" electricity="0.00" noise="81.74" route="routebottom" type="cfm_slow" waiting="0.00" lane="bottom_0" pos="42.14" speed="46.76" angle="18.62" x="126.98" y="47.69"/>
        <vehicle id="cfm_slow_1" eclass="HBEFA3/PC_G_EU4" CO2="14967.66" CO="511.46" HC="2.74" NOx="5.95" PMx="0.48" fuel="6.43" electricity="0.00" noise="81.22" route="routebottom" type="cfm_slow" waiting="0.00" lane="right_0" pos="31.98" speed="47.02" angle="306.94" x="98.70" y="118.78"/>
        <vehicle id="cfm_slow_2" eclass="HBEFA3/PC_G_EU4" CO2="0.00" CO="0.00" HC="0.00" NOx="0.00" PMx="0.00" fuel="0.00" electricity="0.00" noise="80.91" route="routetop" type="cfm_slow" waiting="0.00" lane="top_0" pos="22.06" speed="47.01" angle="234.78" x="21.93" y="113.89"/>
        <vehicle id="cfm_slow_3" eclass="HBEFA3/PC_G_EU4" CO2="13949.47" CO="487.28" HC="2.60" NOx="5.48" PMx="0.46" fuel="6.00" electricity="0.00" noise="81.01" route="routetop" type="cfm_slow" waiting="0.00" lane="left_0" pos="12.15" speed="46.87" angle="162.59" x="3.07" y="39.32"/>
        <vehicle id="cfm_slow_4" eclass="HBEFA3/PC_G_EU4" CO2="16227.79" CO="532.57" HC="2.87" NOx="6.55" PMx="0.51" fuel="6.98" electricity="0.00" noise="81.37" route="routebottom" type="cfm_slow" waiting="0.00" lane="bottom_0" pos="2.12" speed="46.79" angle="90.67" x="68.03" y="-1.49"/>
    </timestep>
    <timestep time="7.00">
        <vehicle id="cfm_slow_0" eclass="HBEFA3/PC_G_EU4" CO2="17779.42" CO="564.52" HC="3.05" NOx="7.28" PMx="0.55" fuel="7.64" electricity="0.00" noise="81.66" route="routebottom" type="cfm_slow" waiting="0.00" lane="bottom_0" pos="46.82" speed="46.79" angle="10.27" x="128.64" y="57.13"/>
        <vehicle id="cfm_slow_1" eclass="HBEFA3/PC_G_EU4" CO2="14668.76" CO="505.45" HC="2.70" NOx="5.81" PMx="0.48" fuel="6.31" electricity="0.00" noise="81.17" route="routebottom" type="cfm_slow" waiting="0.00" lane="right_0" pos="36.68" speed="47.02" angle="298.46" x="90.21" y="123.32"/>
        <vehicle id="cfm_slow_2" eclass="HBEFA3/PC_G_EU4" CO2="0.00" CO="0.00" HC="0.00" NOx="0.00" PMx="0.00" fuel="0.00" electricity="0.00" noise="80.90" route="routetop" type="cfm_slow" waiting="0.00" lane="top_0" pos="26.76" speed="47.01" angle="226.34" x="14.99" y="107.21"/>
        <vehicle id="cfm_slow_3" eclass="HBEFA3/PC_G_EU4" CO2="14074.07" CO="489.90" HC="2.62" NOx="5.53" PMx="0.46" fuel="6.05" electricity="0.00" noise="81.03" route="routetop" type="cfm_slow" waiting="0.00" lane="left_0" pos="16.84" speed="46.87" angle="154.22" x="7.29" y="30.69"/>
        <vehicle id="cfm_slow_4" eclass="HBEFA3/PC_G_EU4" CO2="16155.03" CO="531.50" HC="2.86" NOx="6.52" PMx="0.51" fuel="6.94" electricity="0.00" noise="81.37" route="routebottom" type="cfm_slow" waiting="0.00" lane="bottom_0" pos="6.80" speed="46.81" angle="82.23" x="77.53" y="-0.15"/>
    </timestep>
    <timestep time="7.10">
        <vehicle id="cfm_slow_0" eclass="HBEFA3/PC_G_EU4" CO2="17356.48" CO="556.44" HC="3.00" NOx="7.08" PMx="0.54" fuel="7.46" electricity="0.00" noise="81.59" route="routebottom" type="cfm_slow" waiting="0.00" lane="right_0" pos="1.51" speed="46.82" angle="1.79" x="128.89" y="66.78"/>
        <vehicle id="cfm_slow_1" eclass="HBEFA3/PC_G_EU4" CO2="14412.93" CO="500.27" HC="2.67" NOx="5.69" PMx="0.47" fuel="6.20" electricity="0.00" noise="81.13" route="routebottom" type="cfm_slow" waiting="0.00" lane="right_0" pos="41.38" speed="47.03" angle="290.03" x="81.14" y="126.58"/>
        <vehicle id="cfm_slow_2" eclass="HBEFA3/PC_G_EU4" CO2="0.00" CO="0.00" HC="0.00" NOx="0.00" PMx="0.00" fuel="0.00" electricity="0.00" noise="80.91" route="routetop" type="cfm_slow" waiting="0.00" lane="top_0" pos="31.46" speed="47.00" angle="217.83" x="9.13" y="99.58"/>
        <vehicle id="cfm_slow_3" eclass="HBEFA3/PC_G_EU4" CO2="14187.34" CO="492.30" HC="2.63" NOx="5.59" PMx="0.46" fuel="6.10" electricity="0.00" noise="81.05" route="routetop" type="cfm_slow" waiting="0.00" lane="left_0" pos="21.53" speed="46.87" angle="145.72" x="12.74" y="22.78"/>
        <vehicle id="cfm_slow_4" eclass="HBEFA3/PC_G_EU4" CO2="16067.81" CO="530.11" HC="2.85" NOx="6.48" PMx="0.51" fuel="6.91" electricity="0.00" noise="81.35" route="routebottom" type="cfm_slow" waiting="0.00" lane="bottom_0" pos="11.48" speed="46.83" angle="73.80" x="86.73" y="2.57"/>
    </timestep>
    <timestep time="7.20">
        <vehicle id="cfm_slow_0" eclass="HBEFA3/PC_G_EU4" CO2="16962.64" CO="548.89" HC="2.96" NOx="6.90" PMx="0.53" fuel="7.29" electricity="0.00" noise="81.52" route="routebottom" type="cfm_slow" waiting="0.00" lane="right_0" pos="6.19" speed="46.85" angle="353.34" x="127.74" y="76.30"/>
        <vehicle id="cfm_slow_1" eclass="HBEFA3/PC_G_EU4" CO2="14196.66" CO="495.88" HC="2.65" NOx="5.59" PMx="0.46" fuel="6.10" electricity="0.00" noise="81.09" route="routebottom" type="cfm_slow" waiting="0.00" lane="right_0" pos="46.09" speed="47.03" angle="281.55" x="71.69" y="128.48"/>
        <vehicle id="cfm_slow_2" eclass="HBEFA3/PC_G_EU4" CO2="0.00" CO="0.00" HC="0.00" NOx="0.00" PMx="0.00" fuel="0.00" electricity="0.00" noise="80.91" route="routetop" type="cfm_slow" waiting="0.00" lane="top_0" pos="36.16" speed="46.99" angle="209.49" x="4.43" y="91.17"/>
        <vehicle id="cfm_slow_3" eclass="HBEFA3/PC_G_EU4" CO2="14288.11" CO="494.46" HC="2.64" NOx="5.63" PMx="0.46" fuel="6.14" electricity="0.00" noise="81.07" route="routetop" type="cfm_slow" waiting="0.00" lane="left_0" pos="26.22" speed="46.88" angle="137.31" x="19.29" y="15.76"/>
        <vehicle id="cfm_slow_4" eclass="HBEFA3/PC_G_EU4" CO2="15968.56" CO="528.45" HC="2.84" NOx="6.43" PMx="0.51" fuel="6.86" electricity="0.00" noise="81.34" route="routebottom" type="cfm_slow" waiting="0.00" lane="bottom_0" pos="16.17" speed="46.85" angle="65.41" x="95.43" y="6.61"/>
    </timestep>
    <timestep time="7.30">
        <vehicle id="cfm_slow_0" eclass="HBEFA3/PC_G_EU4" CO2="16597.84" CO="541.88" HC="2.92" NOx="6.72" PMx="0.52" fuel="7.13" electricity="0.00" noise="81.46" route="routebottom" type="cfm_slow" waiting="0.00" lane="right_0" pos="10.88" speed="46.87" angle="344.88" x="125.18" y="85.56"/>
        <vehicle id="cfm_slow_1" eclass="HBEFA3/PC_G_EU4" CO2="14016.44" CO="492.19" HC="2.63" NOx="5.50" PMx="0.46" fuel="6.03" electricity="0.00" noise="81.07" route="routetop" type="cfm_slow" waiting="0.00" lane="top_0" pos="0.79" speed="47.03" angle="273.05" x="62.01" y="128.94"/>
        <vehicle id="cfm_slow_2" eclass="HBEFA3/PC_G_EU4" CO2="0.00" CO="0.00" HC="0.00" NOx="0.00" PMx="0.00" fuel="0.00" electricity="0.00" noise="80.92" route="routetop" type="cfm_slow" waiting="0.00" lane="top_0" pos="40.86" speed="46.99" angle="200.90" x="1.03" y="82.17"/>
        <vehicle id="cfm_slow_3" eclass="HBEFA3/PC_G_EU4" CO2="14375.68" CO="496.37" HC="2.65" NOx="5.68" PMx="0.47" fuel="6.18" electricity="0.00" noise="81.08" route="routetop" type="cfm_slow" waiting="0.00" lane="left_0" pos="30.90" speed="46.88" angle="128.87" x="26.79" y="9.77"/>
        <vehicle id="cfm_slow_4" eclass="HBEFA3/PC_G_EU4" CO2="15859.66" CO="526.57" HC="2.83" NOx="6.38" PMx="0.51" fuel="6.82" electricity="0.00" noise="81.33" route="routebottom" type="cfm_slow" waiting="0.00" lane="bottom_0" pos="20.86" speed="46.87" angle="56.92" x="103.45" y="11.89"/>
    </timestep>
    <timestep time="7.40">
        <vehicle id="cfm_slow_0" eclass="HBEFA3/PC_G_EU4" CO2="16261.73" CO="535.39" HC="2.88" NOx="6.57" PMx="0.52" fuel="6.99" electricity="0.00" noise="81.41" route="routebottom" type="cfm_slow" waiting="0.00" lane="right_0" pos="15.57" speed="46.89" angle="336.46" x="121.31" y="94.35"/>
        <vehicle id="cfm_slow_1" eclass="HBEFA3/PC_G_EU4" CO2="0.00" CO="0.00" HC="0.00" NOx="0.00" PMx="0.00" fuel="0.00" electricity="0.00" noise="81.04" route="routetop" type="cfm_slow" waiting="0.00" lane="top_0" pos="5.49" speed="47.03" angle="264.62" x="52.42" y="127.99"/>
        <vehicle id="cfm_slow_2" eclass="HBEFA3/PC_G_EU4" CO2="0.00" CO="0.00" HC="0.00" NOx="0.00" PMx="0.00" fuel="0.00" electricity="0.00" noise="80.93" route="routetop" type="cfm_slow" waiting="0.00" lane="top_0" pos="45.56" speed="46.98" angle="192.54" x="-1.01" y="72.76"/>
        <vehicle id="cfm_slow_3" eclass="HBEFA3/PC_G_EU4" CO2="14449.79" CO="498.01" HC="2.66" NOx="5.71" PMx="0.47" fuel="6.21" electricity="0.00" noise="81.09" route="routetop" type="cfm_slow" waiting="0.00" lane="left_0" pos="35.59" speed="46.89" angle="120.49" x="35.09" y="4.93"/>
        <vehicle id="cfm_slow_4" eclass="HBEFA3/PC_G_EU4" CO2="15743.39" CO="524.52" HC="2.82" NOx="6.32" PMx="0.50" fuel="6.77" electricity="0.00" noise="81.31" route="routebottom" type="cfm_slow" waiting="0.00" lane="bottom_0" pos="25.54" speed="46.88" angle="48.52" x="110.62" y="18.28"/>
    </timestep>
    <timestep time="7.50">
        <vehicle id="cfm_slow_0" eclass="HBEFA3/PC_G_EU4" CO2="15953.75" CO="529.42" HC="2.84" NOx="6.42" PMx="0.51" fuel="6.86" electricity="0.00" noise="81.36" route="routebottom" type="cfm_slow" waiting="0.00" lane="right_0" pos="20.26" speed="46.91" angle="327.96" x="116.17" y="102.47"/>
        <vehicle id="cfm_slow_1" eclass="HBEFA3/PC_G_EU4" CO2="0.00" CO="0.00" HC="0.00" NOx="0.00" PMx="0.00" fuel="0.00" electricity="0.00" noise="81.02" route="routetop" type="cfm_slow" waiting="0.00" lane="top_0" pos="10.20" speed="47.03" angle="256.16" x="43.08" y="125.65"/>
        <vehicle id="cfm_slow_2" eclass="HBEFA3/PC_G_EU4" CO2="0.00" CO="0.00" HC="0.00" NOx="0.00" PMx="0.00" fuel="0.00" electricity="0.00" noise="80.94" route="routetop" type="cfm_slow" waiting="0.00" lane="left_0" pos="0.26" speed="46.98" angle="184.02" x="-1.64" y="63.10"/>
        <vehicle id="cfm_slow_3" eclass="HBEFA3/PC_G_EU4" CO2="14510.48" CO="499.38" HC="2.67" NOx="5.74" PMx="0.47" fuel="6.24" electricity="0.00" noise="81.11" route="routetop" type="cfm_slow" waiting="0.00" lane="left_0" pos="40.28" speed="46.89" angle="111.98" x="44.02" y="1.39"/>
        <vehicle id="cfm_slow_4" eclass="HBEFA3/PC_G_EU4" CO2="15621.89" CO="522.34" HC="2.80" NOx="6.26" PMx="0.50" fuel="6.72" electricity="0.00" noise="81.30" route="routebottom" type="cfm_slow" waiting="0.00" lane="bottom_0" pos="30.23" speed="46.90" angle="40.07" x="116.76" y="25.67"/>
    </timestep>
    <timestep time="7.60">
        <vehicle id="cfm_slow_0" eclass="HBEFA3/PC_G_EU4" CO2="15673.12" CO="523.97" HC="2.81" NOx="6.29" PMx="0.50" fuel="6.74" electricity="0.00" noise="81.31" route="routebottom" type="cfm_slow" waiting="0.00" lane="right_0" pos="24.95" speed="46.92" angle="319.62" x="109.91" y="109.76"/>
        <vehicle id="cfm_slow_1" eclass="HBEFA3/PC_G_EU4" CO2="0.00" CO="0.00" HC="0.00" NOx="0.00" PMx="0.00" fuel="0.00" electricity="0.00" noise="81.01" route="routetop" type="cfm_slow" waiting="0.00" lane="top_0" pos="14.90" speed="47.03" angle="247.63" x="34.19" y="121.93"/>
        <vehicle id="cfm_slow_2" eclass="HBEFA3/PC_G_EU4" CO2="0.00" CO="0.00" HC="0.00" NOx="0.00" PMx="0.00" fuel="0.00" electricity="0.00" noise="80.95" route="routetop" type="cfm_slow" waiting="0.00" lane="left_0" pos="4.96" speed="46.97" angle="175.59" x="-0.86" y="53.51"/>
        <vehicle id="cfm_slow_3" eclass="HBEFA3/PC_G_EU4" CO2="14558.10" CO="500.50" HC="2.68" NOx="5.76" PMx="0.47" fuel="6.26" electricity="0.00" noise="81.12" route="routetop" type="cfm_slow" waiting="0.00" lane="left_0" pos="44.97" speed="46.90" angle="103.62" x="53.36" y="-0.83"/>
        <vehicle id="cfm_slow_4" eclass="HBEFA3/PC_G_EU4" CO2="15497.16" CO="520.07" HC="2.79" NOx="6.20" PMx="0.50" fuel="6.66" electricity="0.00" noise="81.28" route="routebottom" type="cfm_slow" waiting="0.00" lane="bottom_0" pos="34.92" speed="46.91" angle="31.70" x="121.77" y="33.86"/>
    </timestep>
    <timestep time="7.70">
        <vehicle id="cfm_slow_0" eclass="HBEFA3/PC_G_EU4" CO2="15418.87" CO="519.02" HC="2.78" NOx="6.17" PMx="0.49" fuel="6.63" electricity="0.00" noise="81.27" route="routebottom" type="cfm_slow" waiting="0.00" lane="right_0" pos="29.64" speed="46.94" angle="311.12" x="102.64" y="116.05"/>
        <vehicle id="cfm_slow_1" eclass="HBEFA3/PC_G_EU4" CO2="0.00" CO="0.00" HC="0.00" NOx="0.00" PMx="0.00" fuel="0.00" electricity="0.00" noise="81.00" route="routetop" type="cfm_slow" waiting="0.00" lane="top_0" pos="19.60" speed="47.03" angle="239.18" x="25.94" y="116.96"/>
        <vehicle id="cfm_slow_2" eclass="HBEFA3/PC_G_EU4" CO2="0.00" CO="0.00" HC="0.00" NOx="0.00" PMx="0.00" fuel="0.00" electricity="0.00" noise="80.96" route="routetop" type="cfm_slow" waiting="0.00" lane="left_0" pos="9.65" speed="46.97" angle="167.07" x="1.35" y="44.14"/>
        <vehicle id="cfm_slow_3" eclass="HBEFA3/PC_G_EU4" CO2="14593.22" CO="501.36" HC="2.68" NOx="5.78" PMx="0.47" fuel="6.27" electricity="0.00" noise="81.12" route="routetop" type="cfm_slow" waiting="0.00" lane="left_0" pos="49.66" speed="46.91" angle="95.10" x="62.94" y="-1.64"/>
        <vehicle id="cfm_slow_4" eclass="HBEFA3/PC_G_EU4" CO2="15371.01" CO="517.74" HC="2.78" NOx="6.15" PMx="0.49" fuel="6.61" electricity="0.00" noise="81.26" route="routebottom" type="cfm_slow" waiting="0.00" lane="bottom_0" pos="39.62" speed="46.92" angle="23.19" x="125.52" y="42.72"/>
    </timestep>
    <timestep time="7.80">
        <vehicle id="cfm_slow_0" eclass="HBEFA3/PC_G_EU4" CO2="15189.90" CO="514.54" HC="2.76" NOx="6.06" PMx="0.49" fuel="6.53" electricity="0.00" noise="81.24" route="routebottom" type="cfm_slow" waiting="0.00" lane="right_0" pos="34.34" speed="46.95" angle="302.73" x="94.52" y="121.21"/>
        <vehicle id="cfm_slow_1" eclass="HBEFA3/PC_G_EU4" CO2="0.00" CO="0.00" HC="0.00" NOx="0.00" PMx="0.00" fuel="0.00" electricity="0.00" noise="80.99" route="routetop" type="cfm_slow" waiting="0.00" lane="top_0" pos="24.30" speed="47.02" angle="230.74" x="18.50" y="110.84"/>
        <vehicle id="cfm_slow_2" eclass="HBEFA3/PC_G_EU4" CO2="0.00" CO="0.00" HC="0.00" NOx="0.00" PMx="0.00" fuel="0.00" electricity="0.00" noise="80.97" route="routetop" type="cfm_slow" waiting="0.00" lane="left_0" pos="14.35" speed="46.97" angle="158.71" x="4.88" y="35.19"/>
        <vehicle id="cfm_slow_3" eclass="HBEFA3/PC_G_EU4" CO2="14616.58" CO="501.98" HC="2.69" NOx="5.79" PMx="0.47" fuel="6.28" electricity="0.00" noise="81.13" route="routebottom" type="cfm_slow" waiting="0.00" lane="bottom_0" pos="4.35" speed="46.91" angle="86.69" x="72.59" y="-1.03"/>
        <vehicle id="cfm_slow_4" eclass="HBEFA3/PC_G_EU4" CO2="15245.08" CO="515.40" HC="2.76" NOx="6.09" PMx="0.49" fuel="6.55" electricity="0.00" noise="81.24" route="routebottom" type="cfm_slow" waiting="0.00" lane="bottom_0" pos="44.31" speed="46.93" angle="14.77" x="127.92" y="52.03"/>
    </timestep>
    <timestep time="7.90">
        <vehicle id="cfm_slow_0" eclass="HBEFA3/PC_G_EU4" CO2="14984.96" CO="510.53" HC="2.73" NOx="5.96" PMx="0.48" fuel="6.44" electricity="0.00" noise="81.20" route="routebottom" type="cfm_slow" waiting="0.00" lane="right_0" pos="39.03" speed="46.96" angle="294.25" x="85.73" y="125.12"/>
        <vehicle id="cfm_slow_1" eclass="HBEFA3/PC_G_EU4" CO2="0.00" CO="0.00" HC="0.00" NOx="0.00" PMx="0.00" fuel="0.00" electricity="0.00" noise="80.98" route="routetop" type="cfm_slow" waiting="0.00" lane="top_0" pos="29.01" speed="47.02" angle="222.26" x="12.06" y="103.67"/>
        <vehicle id="cfm_slow_2" eclass="HBEFA3/PC_G_EU4" CO2="0.00" CO="0.00" HC="0.00" NOx="0.00" PMx="0.00" fuel="0.00" electricity="0.00" noise="80.98" route="routetop" type="cfm_slow" waiting="0.00" lane="left_0" pos="19.05" speed="46.97" angle="150.12" x="9.71" y="26.87"/>
        <vehicle id="cfm_slow_3" eclass="HBEFA3/PC_G_EU4" CO2="14629.06" CO="502.38" HC="2.69" NOx="5.80" PMx="0.47" fuel="6.29" electricity="0.00" noise="81.13" route="routebottom" type="cfm_slow" waiting="0.00" lane="bottom_0" pos="9.05" speed="46.92" angle="78.18" x="81.99" y="0.98"/>
        <vehicle id="cfm_slow_4" eclass="HBEFA3/PC_G_EU4" CO2="15120.82" CO="513.07" HC="2.75" NOx="6.03" PMx="0.49" fuel="6.50" electricity="0.00" noise="81.22" route="routebottom" type="cfm_slow" waiting="0.00" lane="bottom_0" pos="49.00" speed="46.94" angle="6.30" x="128.93" y="61.59"/>
    </timestep>
    <timestep time="8.00">
        <vehicle id="cfm_slow_0" eclass="HBEFA3/PC_G_EU4" CO2="14802.72" CO="506.94" HC="2.71" NOx="5.88" PMx="0.48" fuel="6.36" electricity="0.00" noise="81.18" route="routebottom" type="cfm_slow" waiting="0.00" lane="right_0" pos="43.73" speed="46.96" angle="285.88" x="76.46" y="127.71"/>
        <vehicle id="cfm_slow_1" eclass="HBEFA3/PC_G_EU4" CO2="0.00" CO="0.00" HC="0.00" NOx="0.00" PMx="0.00" fuel="0.00" electricity="0.00" noise="80.98" route="routetop" type="cfm_slow" waiting="0.00" lane="top_0" pos="33.71" speed="47.02" angle="213.88" x="6.73" y="95.65"/>
        <vehicle id="cfm_slow_2" eclass="HBEFA3/PC_G_EU4" CO2="0.00" CO="0.00" HC="0.00" NOx="0.00" PMx="0.00" fuel="0.00" electricity="0.00" noise="80.99" route="routetop" type="cfm_slow" waiting="0.00" lane="left_0" pos="23.74" speed="46.96" angle="141.76" x="15.70" y="19.35"/>
        <vehicle id="cfm_slow_3" eclass="HBEFA3/PC_G_EU4" CO2="14631.62" CO="502.57" HC="2.69" NOx="5.80" PMx="0.47" fuel="6.29" electricity="0.00" noise="81.14" route="routebottom" type="cfm_slow" waiting="0.00" lane="bottom_0" pos="13.74" speed="46.93" angle="69.78" x="90.99" y="4.35"/>
        <vehicle id="cfm_slow_4" eclass="HBEFA3/PC_G_EU4" CO2="14999.49" CO="510.77" HC="2.74" NOx="5.97" PMx="0.48" fuel="6.45" electricity="0.00" noise="81.21" route="routebottom" type="cfm_slow" waiting="0.00" lane="right_0" pos="3.70" speed="46.95" angle="357.84" x="128.53" y="71.26"/>
    </timestep>
    <timestep time="8.10">
        <vehicle id="cfm_slow_0" eclass="HBEFA3/PC_G_EU4" CO2="14641.79" CO="503.77" HC="2.70" NOx="5.80" PMx="0.47" fuel="6.29" electricity="0.00" noise="81.15" route="routebottom" type="cfm_slow" waiting="0.00" lane="right_0" pos="48.43" speed="46.97" angle="277.32" x="66.91" y="128.88"/>
        <vehicle id="cfm_slow_1" eclass="HBEFA3/PC_G_EU4" CO2="0.00" CO="0.00" HC="0.00" NOx="0.00" PMx="0.00" fuel="0.00" electricity="0.00" noise="80.98" route="routetop" type="cfm_slow" waiting="0.00" lane="top_0" pos="38.41" speed="47.01" angle="205.34" x="2.64" y="86.93"/>
        <vehicle id="cfm_slow_2" eclass="HBEFA3/PC_G_EU4" CO2="0.00" CO="0.00" HC="0.00" NOx="0.00" PMx="0.00" fuel="0.00" electricity="0.00" noise="81.00" route="routetop" type="cfm_slow" waiting="0.00" lane="left_0" pos="28.44" speed="46.96" angle="133.33" x="22.73" y="12.78"/>
        <vehicle id="cfm_slow_3" eclass="HBEFA3/PC_G_EU4" CO2="14625.30" CO="502.58" HC="2.69" NOx="5.79" PMx="0.47" fuel="6.29" electricity="0.00" noise="81.14" route="routebottom" type="cfm_slow" waiting="0.00" lane="bottom_0" pos="18.43" speed="46.93" angle="61.28" x="99.40" y="9.01"/>
        <vehicle id="cfm_slow_4" eclass="HBEFA3/PC_G_EU4" CO2="14882.15" CO="508.54" HC="2.72" NOx="5.91" PMx="0.48" fuel="6.40" electricity="0.00" noise="81.19" route="routebottom" type="cfm_slow" waiting="0.00" lane="right_0" pos="8.40" speed="46.96" angle="349.34" x="126.70" y="80.71"/>
    </timestep>
    <timestep time="8.20">
        <vehicle id="cfm_slow_0" eclass="HBEFA3/PC_G_EU4" CO2="14500.70" CO="500.98" HC="2.68" NOx="5.73" PMx="0.47" fuel="6.23" electricity="0.00" noise="81.13" route="routetop" type="cfm_slow" waiting="0.00" lane="top_0" pos="3.12" speed="46.98" angle="268.89" x="57.23" y="128.65"/>
        <vehicle id="cfm_slow_1" eclass="HBEFA3/PC_G_EU4" CO2="0.00" CO="0.00" HC="0.00" NOx="0.00" PMx="0.00" fuel="0.00" electricity="0.00" noise="80.98" route="routetop" type="cfm_slow" waiting="0.00" lane="top_0" pos="43.11" speed="47.01" angle="196.92" x="-0.11" y="77.71"/>
        <vehicle id="cfm_slow_2" eclass="HBEFA3/PC_G_EU4" CO2="0.00" CO="0.00" HC="0.00" NOx="0.00" PMx="0.00" fuel="0.00" electricity="0.00" noise="81.01" route="routetop" type="cfm_slow" waiting="0.00" lane="left_0" pos="33.14" speed="46.96" angle="124.84" x="30.65" y="7.32"/>
        <vehicle id="cfm_slow_3" eclass="HBEFA3/PC_G_EU4" CO2="14611.16" CO="502.43" HC="2.69" NOx="5.79" PMx="0.47" fuel="6.28" electricity="0.00" noise="81.14" route="routebottom" type="cfm_slow" waiting="0.00" lane="bottom_0" pos="23.13" speed="46.94" angle="52.91" x="107.05" y="14.84"/>
        <vehicle id="cfm_slow_4" eclass="HBEFA3/PC_G_EU4" CO2="14769.70" CO="506.39" HC="2.71" NOx="5.86" PMx="0.48" fuel="6.35" electricity="0.00" noise="81.17" route="routebottom" type="cfm_slow" waiting="0.00" lane="right_0" pos="13.09" speed="46.97" angle="340.95" x="123.51" y="89.79"/>
    </timestep>
    <timestep time="8.30">
        <vehicle id="cfm_slow_0" eclass="HBEFA3/PC_G_EU4" CO2="14377.99" CO="498.54" HC="2.66" NOx="5.68" PMx="0.47" fuel="6.18" electricity="0.00" noise="81.11" route="routetop" type="cfm_slow" waiting="0.00" lane="top_0" pos="7.82" speed="46.98" angle="260.36" x="47.75" y="127.00"/>
        <vehicle id="cfm_slow_1" eclass="HBEFA3/PC_G_EU4" CO2="0.00" CO="0.00" HC="0.00" NOx="0.00" PMx="0.00" fuel="0.00" electricity="0.00" noise="80.98" route="routetop" type="cfm_slow" waiting="0.00" lane="top_0" pos="47.81" speed="47.01" angle="188.48" x="-1.48" y="68.18"/>
        <vehicle id="cfm_slow_2" eclass="HBEFA3/PC_G_EU4" CO2="13851.54" CO="487.34" HC="2.60" NOx="5.43" PMx="0.45" fuel="5.95" electricity="0.00" noise="81.02" route="routetop" type="cfm_slow" waiting="0.00" lane="left_0" pos="37.83" speed="46.96" angle="116.39" x="39.29" y="3.09"/>
        <vehicle id="cfm_slow_3" eclass="HBEFA3/PC_G_EU4" CO2="14590.24" CO="502.13" HC="2.69" NOx="5.78" PMx="0.47" fuel="6.27" electricity="0.00" noise="81.13" route="routebottom" type="cfm_slow" waiting="0.00" lane="bottom_0" pos="27.82" speed="46.94" angle="44.39" x="113.73" y="21.75"/>
        <vehicle id="cfm_slow_4" eclass="HBEFA3/PC_G_EU4" CO2="14662.87" CO="504.33" HC="2.70" NOx="5.81" PMx="0.48" fuel="6.30" electricity="0.00" noise="81.16" route="routebottom" type="cfm_slow" waiting="0.00" lane="right_0" pos="17.79" speed="46.98" angle="332.46" x="119.03" y="98.30"/>
    </timestep>
    <timestep time="8.40">
        <vehicle id="cfm_slow_0" eclass="HBEFA3/PC_G_EU4" CO2="14272.19" CO="496.44" HC="2.65" NOx="5.63" PMx="0.46" fuel="6.14" electricity="0.00" noise="81.09" route="routetop" type="cfm_slow" waiting="0.00" lane="top_0" pos="12.52" speed="46.98" angle="251.93" x="38.62" y="123.97"/>
        <vehicle id="cfm_slow_1" eclass="HBEFA3/PC_G_EU4" CO2="0.00" CO="0.00" HC="0.00" NOx="0.00" PMx="0.00" fuel="0.00" electricity="0.00" noise="80.98" route="routetop" type="cfm_slow" waiting="0.00" lane="left_0" pos="2.51" speed="47.00" angle="179.98" x="-1.44" y="58.49"/>
        <vehicle id="cfm_slow_2" eclass="HBEFA3/PC_G_EU4" CO2="13902.00" CO="488.39" HC="2.61" NOx="5.45" PMx="0.46" fuel="5.98" electricity="0.00" noise="81.03" route="routetop" type="cfm_slow" waiting="0.00" lane="left_0" pos="42.53" speed="46.96" angle="107.97" x="48.45" y="0.15"/>
        <vehicle id="cfm_slow_3" eclass="HBEFA3/PC_G_EU4" CO2="14563.61" CO="501.71" HC="2.68" NOx="5.76" PMx="0.47" fuel="6.26" electricity="0.00" noise="81.13" route="routebottom" type="cfm_slow" waiting="0.00" lane="bottom_0" pos="32.51" speed="46.95" angle="36.01" x="119.35" y="29.56"/>
        <vehicle id="cfm_slow_4" eclass="HBEFA3/PC_G_EU4" CO2="14562.19" CO="502.38" HC="2.69" NOx="5.76" PMx="0.47" fuel="6.26" electricity="0.00" noise="81.14" route="routebottom" type="cfm_slow" waiting="0.00" lane="right_0" pos="22.49" speed="46.98" angle="323.99" x="113.33" y="106.06"/>
    </timestep>
    <timestep time="8.50">
        <vehicle id="cfm_slow_0" eclass="HBEFA3/PC_G_EU4" CO2="14181.83" CO="494.64" HC="2.64" NOx="5.58" PMx="0.46" fuel="6.10" electricity="0.00" noise="81.08" route="routetop" type="cfm_slow" waiting="0.00" lane="top_0" pos="17.22" speed="46.99" angle="243.53" x="30.03" y="119.63"/>
        <vehicle id="cfm_slow_1" eclass="HBEFA3/PC_G_EU4" CO2="0.00" CO="0.00" HC="0.00" NOx="0.00" PMx="0.00" fuel="0.00" electricity="0.00" noise="80.98" route="routetop" type="cfm_slow" waiting="0.00" lane="left_0" pos="7.21" speed="47.00" angle="171.47" x="0.04" y="48.97"/>
        <vehicle id="cfm_slow_2" eclass="HBEFA3/PC_G_EU4" CO2="13946.38" CO="489.32" HC="2.61" NOx="5.47" PMx="0.46" fuel="6.00" electricity="0.00" noise="81.04" route="routetop" type="cfm_slow" waiting="0.00" lane="left_0" pos="47.22" speed="46.96" angle="99.52" x="57.95" y="-1.39"/>
        <vehicle id="cfm_slow_3" eclass="HBEFA3/PC_G_EU4" CO2="14532.28" CO="501.19" HC="2.68" NOx="5.75" PMx="0.47" fuel="6.25" electricity="0.00" noise="81.13" route="routebottom" type="cfm_slow" waiting="0.00" lane="bottom_0" pos="37.21" speed="46.96" angle="27.52" x="123.76" y="38.11"/>
        <vehicle id="cfm_slow_4" eclass="HBEFA3/PC_G_EU4" CO2="14468.09" CO="500.55" HC="2.68" NOx="5.72" PMx="0.47" fuel="6.22" electricity="0.00" noise="81.13" route="routebottom" type="cfm_slow" waiting="0.00" lane="right_0" pos="27.19" speed="46.99" angle="315.61" x="106.56" y="112.90"/>
    </timestep>
    <timestep time="8.60">
        <vehicle id="cfm_slow_0" eclass="HBEFA3/PC_G_EU4" CO2="14105.47" CO="493.11" HC="2.63" NOx="5.55" PMx="0.46" fuel="6.06" electricity="0.00" noise="81.07" route="routetop" type="cfm_slow" waiting="0.00" lane="top_0" pos="21.92" speed="46.99" angle="235.05" x="22.16" y="114.08"/>
        <vehicle id="cfm_slow_1" eclass="HBEFA3/PC_G_EU4" CO2="0.00" CO="0.00" HC="0.00" NOx="0.00" PMx="0.00" fuel="0.00" electricity="0.00" noise="80.99" route="routetop" type="cfm_slow" waiting="0.00" lane="left_0" pos="11.91" speed="47.00" angle="163.03" x="2.89" y="39.78"/>
        <vehicle id="cfm_slow_2" eclass="HBEFA3/PC_G_EU4" CO2="13984.66" CO="490.14" HC="2.62" NOx="5.49" PMx="0.46" fuel="6.01" electricity="0.00" noise="81.04" route="routebottom" type="cfm_slow" waiting="0.00" lane="bottom_0" pos="1.92" speed="46.97" angle="91.03" x="67.63" y="-1.52"/>
        <vehicle id="cfm_slow_3" eclass="HBEFA3/PC_G_EU4" CO2="14497.19" CO="500.58" HC="2.68" NOx="5.73" PMx="0.47" fuel="6.23" electricity="0.00" noise="81.12" route="routebottom" type="cfm_slow" waiting="0.00" lane="bottom_0" pos="41.91" speed="46.96" angle="19.06" x="126.86" y="47.22"/>
        <vehicle id="cfm_slow_4" eclass="HBEFA3/PC_G_EU4" CO2="14380.82" CO="498.85" HC="2.67" NOx="5.68" PMx="0.47" fuel="6.18" electricity="0.00" noise="81.11" route="routebottom" type="cfm_slow" waiting="0.00" lane="right_0" pos="31.89" speed="46.99" angle="307.07" x="98.86" y="118.68"/>
    </timestep>
    <timestep time="8.70">
        <vehicle id="cfm_slow_0" eclass="HBEFA3/PC_G_EU4" CO2="14041.73" CO="491.83" HC="2.63" NOx="5.52" PMx="0.46" fuel="6.04" electricity="0.00" noise="81.06" route="routetop" type="cfm_slow" waiting="0.00" lane="top_0" pos="26.62" speed="46.99" angle="226.61" x="15.20" y="107.43"/>
        <vehicle id="cfm_slow_1" eclass="HBEFA3/PC_G_EU4" CO2="0.00" CO="0.00" HC="0.00" NOx="0.00" PMx="0.00" fuel="0.00" electricity="0.00" noise="80.99" route="routetop" type="cfm_slow" waiting="0.00" lane="left_0" pos="16.61" speed="47.00" angle="154.63" x="7.05" y="31.10"/>
        <vehicle id="cfm_slow_2" eclass="HBEFA3/PC_G_EU4" CO2="14016.95" CO="490.83" HC="2.62" NOx="5.51" PMx="0.46" fuel="6.03" electricity="0.00" noise="81.05" route="routebottom" type="cfm_slow" waiting="0.00" lane="bottom_0" pos="6.62" speed="46.97" angle="82.56" x="77.16" y="-0.23"/>
        <vehicle id="cfm_slow_3" eclass="HBEFA3/PC_G_EU4" CO2="14459.26" CO="499.91" HC="2.67" NOx="5.71" PMx="0.47" fuel="6.22" electricity="0.00" noise="81.12" route="routebottom" type="cfm_slow" waiting="0.00" lane="bottom_0" pos="46.60" speed="46.97" angle="10.66" x="128.59" y="56.68"/>
        <vehicle id="cfm_slow_4" eclass="HBEFA3/PC_G_EU4" CO2="14300.54" CO="497.27" HC="2.66" NOx="5.64" PMx="0.47" fuel="6.15" electricity="0.00" noise="81.10" route="routebottom" type="cfm_slow" waiting="0.00" lane="right_0" pos="36.59" speed="47.00" angle="298.64" x="90.38" y="123.24"/>
    </timestep>
    <timestep time="8.80">
        <vehicle id="cfm_slow_0" eclass="HBEFA3/PC_G_EU4" CO2="13989.28" CO="490.77" HC="2.62" NOx="5.49" PMx="0.46" fuel="6.01" electricity="0.00" noise="81.05" route="routetop" type="cfm_slow" waiting="0.00" lane="top_0" pos="31.32" speed="46.99" angle="218.10" x="9.30" y="99.83"/>
        <vehicle id="cfm_slow_1" eclass="HBEFA3/PC_G_EU4" CO2="0.00" CO="0.00" HC="0.00" NOx="0.00" PMx="0.00" fuel="0.00" electricity="0.00" noise="80.99" route="routetop" type="cfm_slow" waiting="0.00" lane="left_0" pos="21.31" speed="47.00" angle="146.11" x="12.46" y="23.14"/>
        <vehicle id="cfm_slow_2" eclass="HBEFA3/PC_G_EU4" CO2="14043.48" CO="491.41" HC="2.62" NOx="5.52" PMx="0.46" fuel="6.04" electricity="0.00" noise="81.05" route="routebottom" type="cfm_slow" waiting="0.00" lane="bottom_0" pos="11.32" speed="46.97" angle="74.07" x="86.40" y="2.45"/>
        <vehicle id="cfm_slow_3" eclass="HBEFA3/PC_G_EU4" CO2="14419.31" CO="499.19" HC="2.67" NOx="5.70" PMx="0.47" fuel="6.20" electricity="0.00" noise="81.11" route="routebottom" type="cfm_slow" waiting="0.00" lane="right_0" pos="1.30" speed="46.97" angle="2.16" x="128.92" y="66.36"/>
        <vehicle id="cfm_slow_4" eclass="HBEFA3/PC_G_EU4" CO2="14227.27" CO="495.83" HC="2.65" NOx="5.60" PMx="0.46" fuel="6.12" electricity="0.00" noise="81.09" route="routebottom" type="cfm_slow" waiting="0.00" lane="right_0" pos="41.29" speed="47.00" angle="290.22" x="81.33" y="126.53"/>
    </timestep>
    <timestep time="8.90">
        <vehicle id="cfm_slow_0" eclass="HBEFA3/PC_G_EU4" CO2="13946.84" CO="489.91" HC="2.61" NOx="5.47" PMx="0.46" fuel="6.00" electricity="0.00" noise="81.04" route="routetop" type="cfm_slow" waiting="0.00" lane="top_0" pos="36.02" speed="46.99" angle="209.77" x="4.56" y="91.45"/>
        <vehicle id="cfm_slow_1" eclass="HBEFA3/PC_G_EU4" CO2="0.00" CO="0.00" HC="0.00" NOx="0.00" PMx="0.00" fuel="0.00" electricity="0.00" noise="81.00" route="routetop" type="cfm_slow" waiting="0.00" lane="left_0" pos="26.01" speed="46.99" angle="137.70" x="18.97" y="16.05"/>
        <vehicle id="cfm_slow_2" eclass="HBEFA3/PC_G_EU4" CO2="14064.51" CO="491.88" HC="2.63" NOx="5.53" PMx="0.46" fuel="6.05" electricity="0.00" noise="81.06" route="routebottom" type="cfm_slow" waiting="0.00" lane="bottom_0" pos="16.01" speed="46.97" angle="65.69" x="95.15" y="6.45"/>
        <vehicle id="cfm_slow_3" eclass="HBEFA3/PC_G_EU4" CO2="14378.12" CO="498.43" HC="2.66" NOx="5.68" PMx="0.47" fuel="6.18" electricity="0.00" noise="81.11" route="routebottom" type="cfm_slow" waiting="0.00" lane="right_0" pos="6.00" speed="46.98" angle="353.70" x="127.81" y="75.91"/>
        <vehicle id="cfm_slow_4" eclass="HBEFA3/PC_G_EU4" CO2="14160.95" CO="494.51" HC="2.64" NOx="5.57" PMx="0.46" fuel="6.09" electricity="0.00" noise="81.08" route="routebottom" type="cfm_slow" waiting="0.00" lane="right_0" pos="45.99" speed="47.00" angle="281.70" x="71.90" y="128.45"/>
    </timestep>
    <timestep time="9.00">
        <vehicle id="cfm_slow_0" eclass="HBEFA3/PC_G_EU4" CO2="13913.20" CO="489.23" HC="2.61" NOx="5.46" PMx="0.46" fuel="5.98" electricity="0.00" noise="81.04" route="routetop" type="cfm_slow" waiting="0.00" lane="top_0" pos="40.71" speed="46.99" angle="201.18" x="1.12" y="82.46"/>
        <vehicle id="cfm_slow_1" eclass="HBEFA3/PC_G_EU4" CO2="0.00" CO="0.00" HC="0.00" NOx="0.00" PMx="0.00" fuel="0.00" electricity="0.00" noise="81.00" route="routetop" type="cfm_slow" waiting="0.00" lane="left_0" pos="30.71" speed="46.99" angle="129.20" x="26.46" y="9.99"/>
        <vehicle id="cfm_slow_2" eclass="HBEFA3/PC_G_EU4" CO2="14080.40" CO="492.25" HC="2.63" NOx="5.54" PMx="0.46" fuel="6.05" electricity="0.00" noise="81.06" route="routebottom" type="cfm_slow" waiting="0.00" lane="bottom_0" pos="20.71" speed="46.97" angle="57.19" x="103.21" y="11.70"/>
        <vehicle id="cfm_slow_3" eclass="HBEFA3/PC_G_EU4" CO2="14336.37" CO="497.66" HC="2.66" NOx="5.66" PMx="0.47" fuel="6.16" electricity="0.00" noise="81.10" route="routebottom" type="cfm_slow" waiting="0.00" lane="right_0" pos="10.70" speed="46.98" angle="345.23" x="125.31" y="85.21"/>
        <vehicle id="cfm_slow_4" eclass="HBEFA3/PC_G_EU4" CO2="14101.43" CO="493.33" HC="2.63" NOx="5.54" PMx="0.46" fuel="6.06" electricity="0.00" noise="81.07" route="routetop" type="cfm_slow" waiting="0.00" lane="top_0" pos="0.69" speed="47.00" angle="273.23" x="62.22" y="128.94"/>
    </timestep>
    <timestep time="9.10">
        <vehicle id="cfm_slow_0" eclass="HBEFA3/PC_G_EU4" CO2="13887.25" CO="488.70" HC="2.61" NOx="5.44" PMx="0.46" fuel="5.97" electricity="0.00" noise="81.03" route="routetop" type="cfm_slow" waiting="0.00" lane="top_0" pos="45.41" speed="46.99" angle="192.80" x="-0.96" y="73.06"/>
        <vehicle id="cfm_slow_1" eclass="HBEFA3/PC_G_EU4" CO2="0.00" CO="0.00" HC="0.00" NOx="0.00" PMx="0.00" fuel="0.00" electricity="0.00" noise="81.01" route="routetop" type="cfm_slow" waiting="0.00" lane="left_0" pos="35.41" speed="46.99" angle="120.83" x="34.75" y="5.10"/>
        <vehicle id="cfm_slow_2" eclass="HBEFA3/PC_G_EU4" CO2="14091.55" CO="492.52" HC="2.63" NOx="5.54" PMx="0.46" fuel="6.06" electricity="0.00" noise="81.06" route="routebottom" type="cfm_slow" waiting="0.00" lane="bottom_0" pos="25.41" speed="46.97" angle="48.76" x="110.42" y="18.08"/>
        <vehicle id="cfm_slow_3" eclass="HBEFA3/PC_G_EU4" CO2="14294.67" CO="496.88" HC="2.66" NOx="5.64" PMx="0.47" fuel="6.14" electricity="0.00" noise="81.10" route="routebottom" type="cfm_slow" waiting="0.00" lane="right_0" pos="15.39" speed="46.98" angle="336.77" x="121.48" y="94.04"/>
        <vehicle id="cfm_slow_4" eclass="HBEFA3/PC_G_EU4" CO2="14048.51" CO="492.27" HC="2.63" NOx="5.52" PMx="0.46" fuel="6.04" electricity="0.00" noise="81.06" route="routetop" type="cfm_slow" waiting="0.00" lane="top_0" pos="5.39" speed="47.00" angle="264.82" x="52.64" y="128.03"/>
    </timestep>
    <timestep time="9.20">
        <vehicle id="cfm_slow_0" eclass="HBEFA3/PC_G_EU4" CO2="13867.91" CO="488.30" HC="2.61" NOx="5.43" PMx="0.45" fuel="5.96" electricity="0.00" noise="81.03" route="routetop" type="cfm_slow" waiting="0.00" lane="left_0" pos="0.11" speed="46.99" angle="184.28" x="-1.65" y="63.40"/>
        <vehicle id="cfm_slow_1" eclass="HBEFA3/PC_G_EU4" CO2="0.00" CO="0.00" HC="0.00" NOx="0.00" PMx="0.00" fuel="0.00" electricity="0.00" noise="81.01" route="routetop" type="cfm_slow" waiting="0.00" lane="left_0" pos="40.11" speed="46.99" angle="112.30" x="43.67" y="1.49"/>
        <vehicle id="cfm_slow_2" eclass="HBEFA3/PC_G_EU4" CO2="14098.37" CO="492.71" HC="2.63" NOx="5.54" PMx="0.46" fuel="6.06" electricity="0.00" noise="81.06" route="routebottom" type="cfm_slow" waiting="0.00" lane="bottom_0" pos="30.10" speed="46.98" angle="40.30" x="116.61" y="25.45"/>
        <vehicle id="cfm_slow_3" eclass="HBEFA3/PC_G_EU4" CO2="14253.55" CO="496.10" HC="2.65" NOx="5.62" PMx="0.46" fuel="6.13" electricity="0.00" noise="81.09" route="routebottom" type="cfm_slow" waiting="0.00" lane="right_0" pos="20.09" speed="46.99" angle="328.27" x="116.37" y="102.20"/>
        <vehicle id="cfm_slow_4" eclass="HBEFA3/PC_G_EU4" CO2="14001.89" CO="491.33" HC="2.62" NOx="5.50" PMx="0.46" fuel="6.02" electricity="0.00" noise="81.06" route="routetop" type="cfm_slow" waiting="0.00" lane="top_0" pos="10.09" speed="47.01" angle="256.33" x="43.29" y="125.72"/>
    </timestep>
    <timestep time="9.30">
        <vehicle id="cfm_slow_0" eclass="HBEFA3/PC_G_EU4" CO2="0.00" CO="0.00" HC="0.00" NOx="0.00" PMx="0.00" fuel="0.00" electricity="0.00" noise="81.03" route="routetop" type="cfm_slow" waiting="0.00" lane="left_0" pos="4.81" speed="46.99" angle="175.85" x="-0.90" y="53.80"/>
        <vehicle id="cfm_slow_1" eclass="HBEFA3/PC_G_EU4" CO2="0.00" CO="0.00" HC="0.00" NOx="0.00" PMx="0.00" fuel="0.00" electricity="0.00" noise="81.02" route="routetop" type="cfm_slow" waiting="0.00" lane="left_0" pos="44.81" speed="46.99" angle="103.88" x="53.03" y="-0.78"/>
        <vehicle id="cfm_slow_2" eclass="HBEFA3/PC_G_EU4" CO2="14101.30" CO="492.81" HC="2.63" NOx="5.54" PMx="0.46" fuel="6.06" electricity="0.00" noise="81.06" route="routebottom" type="cfm_slow" waiting="0.00" lane="bottom_0" pos="34.80" speed="46.98" angle="31.92" x="121.66" y="33.64"/>
        <vehicle id="cfm_slow_3" eclass="HBEFA3/PC_G_EU4" CO2="14213.46" CO="495.34" HC="2.65" NOx="5.60" PMx="0.46" fuel="6.11" electricity="0.00" noise="81.09" route="routebottom" type="cfm_slow" waiting="0.00" lane="right_0" pos="24.79" speed="46.99" angle="319.91" x="110.14" y="109.53"/>
        <vehicle id="cfm_slow_4" eclass="HBEFA3/PC_G_EU4" CO2="13961.26" CO="490.51" HC="2.62" NOx="5.48" PMx="0.46" fuel="6.00" electricity="0.00" noise="81.05" route="routetop" type="cfm_slow" waiting="0.00" lane="top_0" pos="14.79" speed="47.01" angle="247.84" x="34.39" y="122.04"/>
    </timestep>
    <timestep time="9.40">
        <vehicle id="cfm_slow_0" eclass="HBEFA3/PC_G_EU4" CO2="0.00" CO="0.00" HC="0.00" NOx="0.00" PMx="0.00" fuel="0.00" electricity="0.00" noise="81.03" route="routetop" type="cfm_slow" waiting="0.00" lane="left_0" pos="9.51" speed="46.99" angle="167.33" x="1.26" y="44.42"/>
        <vehicle id="cfm_slow_1" eclass="HBEFA3/PC_G_EU4" CO2="0.00" CO="0.00" HC="0.00" NOx="0.00" PMx="0.00" fuel="0.00" electricity="0.00" noise="81.02" route="routetop" type="cfm_slow" waiting="0.00" lane="left_0" pos="49.50" speed="46.99" angle="95.40" x="62.61" y="-1.63"/>
        <vehicle id="cfm_slow_2" eclass="HBEFA3/PC_G_EU4" CO2="14100.79" CO="492.84" HC="2.63" NOx="5.54" PMx="0.46" fuel="6.06" electricity="0.00" noise="81.06" route="routebottom" type="cfm_slow" waiting="0.00" lane="bottom_0" pos="39.50" speed="46.98" angle="23.40" x="125.44" y="42.49"/>
        <vehicle id="cfm_slow_3" eclass="HBEFA3/PC_G_EU4" CO2="14174.78" CO="494.60" HC="2.64" NOx="5.58" PMx="0.46" fuel="6.09" electricity="0.00" noise="81.08" route="routebottom" type="cfm_slow" waiting="0.00" lane="right_0" pos="29.49" speed="46.99" angle="311.40" x="102.89" y="115.87"/>
        <vehicle id="cfm_slow_4" eclass="HBEFA3/PC_G_EU4" CO2="13926.26" CO="489.80" HC="2.61" NOx="5.46" PMx="0.46" fuel="5.99" electricity="0.00" noise="81.04" route="routetop" type="cfm_slow" waiting="0.00" lane="top_0" pos="19.49" speed="47.01" angle="239.39" x="26.13" y="117.10"/>
    </timestep>
    <timestep time="9.50">
        <vehicle id="cfm_slow_0" eclass="HBEFA3/PC_G_EU4" CO2="0.00" CO="0.00" HC="0.00" NOx="0.00" PMx="0.00" fuel="0.00" electricity="0.00" noise="81.03" route="routetop" type="cfm_slow" waiting="0.00" lane="left_0" pos="14.21" speed="46.99" angle="158.97" x="4.76" y="35.45"/>
        <vehicle id="cfm_slow_1" eclass="HBEFA3/PC_G_EU4" CO2="0.00" CO="0.00" HC="0.00" NOx="0.00" PMx="0.00" fuel="0.00" electricity="0.00" noise="81.02" route="routebottom" type="cfm_slow" waiting="0.00" lane="bottom_0" pos="4.20" speed="46.99" angle="86.97" x="72.28" y="-1.07"/>
        <vehicle id="cfm_slow_2" eclass="HBEFA3/PC_G_EU4" CO2="14097.29" CO="492.81" HC="2.63" NOx="5.54" PMx="0.46" fuel="6.06" electricity="0.00" noise="81.06" route="routebottom" type="cfm_slow" waiting="0.00" lane="bottom_0" pos="44.20" speed="46.98" angle="14.99" x="127.88" y="51.80"/>
        <vehicle id="cfm_slow_3" eclass="HBEFA3/PC_G_EU4" CO2="14137.84" CO="493.88" HC="2.64" NOx="5.56" PMx="0.46" fuel="6.08" electricity="0.00" noise="81.07" route="routebottom" type="cfm_slow" waiting="0.00" lane="right_0" pos="34.19" speed="46.99" angle="303.00" x="94.79" y="121.07"/>
        <vehicle id="cfm_slow_4" eclass="HBEFA3/PC_G_EU4" CO2="13896.51" CO="489.20" HC="2.61" NOx="5.45" PMx="0.46" fuel="5.97" electricity="0.00" noise="81.04" route="routetop" type="cfm_slow" waiting="0.00" lane="top_0" pos="24.19" speed="47.01" angle="230.92" x="18.67" y="111.00"/>
    </timestep>
    <timestep time="9.60">
        <vehicle id="cfm_slow_0" eclass="HBEFA3/PC_G_EU4" CO2="0.00" CO="0.00" HC="0.00" NOx="0.00" PMx="0.00" fuel="0.00" electricity="0.00" noise="81.03" route="routetop" type="cfm_slow" waiting="0.00" lane="left_0" pos="18.91" speed="46.99" angle="150.38" x="9.56" y="27.11"/>
        <vehicle id="cfm_slow_1" eclass="HBEFA3/PC_G_EU4" CO2="0.00" CO="0.00" HC="0.00" NOx="0.00" PMx="0.00" fuel="0.00" electricity="0.00" noise="81.03" route="routebottom" type="cfm_slow" waiting="0.00" lane="bottom_0" pos="8.90" speed="46.99" angle="78.42" x="81.71" y="0.90"/>
        <vehicle id="cfm_slow_2" eclass="HBEFA3/PC_G_EU4" CO2="14091.23" CO="492.73" HC="2.63" NOx="5.54" PMx="0.46" fuel="6.06" electricity="0.00" noise="81.06" route="routebottom" type="cfm_slow" waiting="0.00" lane="bottom_0" pos="48.90" speed="46.98" angle="6.50" x="128.93" y="61.37"/>
        <vehicle id="cfm_slow_3" eclass="HBEFA3/PC_G_EU4" CO2="14102.88" CO="493.21" HC="2.63" NOx="5.55" PMx="0.46" fuel="6.06" electricity="0.00" noise="81.07" route="routebottom" type="cfm_slow" waiting="0.00" lane="right_0" pos="38.89" speed="47.00" angle="294.50" x="86.01" y="125.02"/>
        <vehicle id="cfm_slow_4" eclass="HBEFA3/PC_G_EU4" CO2="13871.61" CO="488.68" HC="2.61" NOx="5.44" PMx="0.45" fuel="5.96" electricity="0.00" noise="81.04" route="routetop" type="cfm_slow" waiting="0.00" lane="top_0" pos="28.89" speed="47.01" angle="222.48" x="12.21" y="103.86"/>
    </timestep>
    <timestep time="9.70">
        <vehicle id="cfm_slow_0" eclass="HBEFA3/PC_G_EU4" CO2="0.00" CO="0.00" HC="0.00" NOx="0.00" PMx="0.00" fuel="0.00" electricity="0.00" noise="81.03" route="routetop" type="cfm_slow" waiting="0.00" lane="left_0" pos="23.61" speed="46.99" angle="142.00" x="15.52" y="19.55"/>
        <vehicle id="cfm_slow_1" eclass="HBEFA3/PC_G_EU4" CO2="13875.15" CO="488.38" HC="2.61" NOx="5.44" PMx="0.45" fuel="5.96" electricity="0.00" noise="81.03" route="routebottom" type="cfm_slow" waiting="0.00" lane="bottom_0" pos="13.60" speed="46.99" angle="70.03" x="90.74" y="4.23"/>
        <vehicle id="cfm_slow_2" eclass="HBEFA3/PC_G_EU4" CO2="14083.02" CO="492.60" HC="2.63" NOx="5.54" PMx="0.46" fuel="6.05" electricity="0.00" noise="81.06" route="routebottom" type="cfm_slow" waiting="0.00" lane="right_0" pos="3.60" speed="46.99" angle="358.03" x="128.55" y="71.05"/>
        <vehicle id="cfm_slow_3" eclass="HBEFA3/PC_G_EU4" CO2="14070.08" CO="492.57" HC="2.63" NOx="5.53" PMx="0.46" fuel="6.05" electricity="0.00" noise="81.06" route="routebottom" type="cfm_slow" waiting="0.00" lane="right_0" pos="43.59" speed="47.00" angle="286.15" x="76.75" y="127.65"/>
        <vehicle id="cfm_slow_4" eclass="HBEFA3/PC_G_EU4" CO2="0.00" CO="0.00" HC="0.00" NOx="0.00" PMx="0.00" fuel="0.00" electricity="0.00" noise="81.03" route="routetop" type="cfm_slow" waiting="0.00" lane="top_0" pos="33.59" speed="47.01" angle="214.09" x="6.85" y="95.86"/>
    </timestep>
    <timestep time="9.80">
        <vehicle id="cfm_slow_0" eclass="HBEFA3/PC_G_EU4" CO2="0.00" CO="0.00" HC="0.00" NOx="0.00" PMx="0.00" fuel="0.00" electricity="0.00" noise="81.03" route="routetop" type="cfm_slow" waiting="0.00" lane="left_0" pos="28.31" speed="46.99" angle="133.57" x="22.52" y="12.94"/>
        <vehicle id="cfm_slow_1" eclass="HBEFA3/PC_G_EU4" CO2="13891.22" CO="488.72" HC="2.61" NOx="5.45" PMx="0.46" fuel="5.97" electricity="0.00" noise="81.03" route="routebottom" type="cfm_slow" waiting="0.00" lane="bottom_0" pos="18.30" speed="46.99" angle="61.53" x="99.17" y="8.86"/>
        <vehicle id="cfm_slow_2" eclass="HBEFA3/PC_G_EU4" CO2="14073.06" CO="492.43" HC="2.63" NOx="5.53" PMx="0.46" fuel="6.05" electricity="0.00" noise="81.06" route="routebottom" type="cfm_slow" waiting="0.00" lane="right_0" pos="8.29" speed="46.99" angle="349.53" x="126.75" y="80.50"/>
        <vehicle id="cfm_slow_3" eclass="HBEFA3/PC_G_EU4" CO2="14039.59" CO="491.97" HC="2.63" NOx="5.52" PMx="0.46" fuel="6.04" electricity="0.00" noise="81.06" route="routebottom" type="cfm_slow" waiting="0.00" lane="right_0" pos="48.29" speed="47.00" angle="277.59" x="67.20" y="128.87"/>
        <vehicle id="cfm_slow_4" eclass="HBEFA3/PC_G_EU4" CO2="0.00" CO="0.00" HC="0.00" NOx="0.00" PMx="0.00" fuel="0.00" electricity="0.00" noise="81.03" route="routetop" type="cfm_slow" waiting="0.00" lane="top_0" pos="38.29" speed="47.01" angle="205.53" x="2.73" y="87.16"/>
    </timestep>
    <timestep time="9.90">
        <vehicle id="cfm_slow_0" eclass="HBEFA3/PC_G_EU4" CO2="0.00" CO="0.00" HC="0.00" NOx="0.00" PMx="0.00" fuel="0.00" electricity="0.00" noise="81.03" route="routetop" type="cfm_slow" waiting="0.00" lane="left_0" pos="33.01" speed="46.99" angle="125.08" x="30.43" y="7.45"/>
        <vehicle id="cfm_slow_1" eclass="HBEFA3/PC_G_EU4" CO2="13904.91" CO="489.01" HC="2.61" NOx="5.45" PMx="0.46" fuel="5.98" electricity="0.00" noise="81.04" route="routebottom" type="cfm_slow" waiting="0.00" lane="bottom_0" pos="23.00" speed="46.99" angle="53.10" x="106.85" y="14.67"/>
        <vehicle id="cfm_slow_2" eclass="HBEFA3/PC_G_EU4" CO2="14061.72" CO="492.23" HC="2.63" NOx="5.53" PMx="0.46" fuel="6.04" electricity="0.00" noise="81.06" route="routebottom" type="cfm_slow" waiting="0.00" lane="right_0" pos="12.99" speed="46.99" angle="341.13" x="123.60" y="89.60"/>
        <vehicle id="cfm_slow_3" eclass="HBEFA3/PC_G_EU4" CO2="14011.47" CO="491.42" HC="2.62" NOx="5.50" PMx="0.46" fuel="6.02" electricity="0.00" noise="81.06" route="routetop" type="cfm_slow" waiting="0.00" lane="top_0" pos="2.99" speed="47.00" angle="269.13" x="57.51" y="128.68"/>
        <vehicle id="cfm_slow_4" eclass="HBEFA3/PC_G_EU4" CO2="0.00" CO="0.00" HC="0.00" NOx="0.00" PMx="0.00" fuel="0.00" electricity="0.00" noise="81.03" route="routetop" type="cfm_slow" waiting="0.00" lane="top_0" pos="42.99" speed="47.01" angle="197.13" x="-0.06" y="77.94"/>
    </timestep>
    <timestep time="10.00">
        <vehicle id="cfm_slow_0" eclass="HBEFA3/PC_G_EU4" CO2="0.00" CO="0.00" HC="0.00" NOx="0.00" PMx="0.00" fuel="0.00" electricity="0.00" noise="81.03" route="routetop" type="cfm_slow" waiting="0.00" lane="left_0" pos="37.71" speed="46.99" angle="116.63" x="39.05" y="3.18"/>
        <vehicle id="cfm_slow_1" eclass="HBEFA3/PC_G_EU4" CO2="13916.32" CO="489.25" HC="2.61" NOx="5.46" PMx="0.46" fuel="5.98" electricity="0.00" noise="81.04" route="routebottom" type="cfm_slow" waiting="0.00" lane="bottom_0" pos="27.70" speed="46.99" angle="44.62" x="113.57" y="21.56"/>
        <vehicle id="cfm_slow_2" eclass="HBEFA3/PC_G_EU4" CO2="14049.35" CO="492.01" HC="2.63" NOx="5.52" PMx="0.46" fuel="6.04" electricity="0.00" noise="81.06" route="routebottom" type="cfm_slow" waiting="0.00" lane="right_0" pos="17.69" speed="46.99" angle="332.65" x="119.13" y="98.13"/>
        <vehicle id="cfm_slow_3" eclass="HBEFA3/PC_G_EU4" CO2="13985.78" CO="490.91" HC="2.62" NOx="5.49" PMx="0.46" fuel="6.01" electricity="0.00" noise="81.05" route="routetop" type="cfm_slow" waiting="0.00" lane="top_0" pos="7.69" speed="47.00" angle="260.60" x="48.02" y="127.07"/>
        <vehicle id="cfm_slow_4" eclass="HBEFA3/PC_G_EU4" CO2="0.00" CO="0.00" HC="0.00" NOx="0.00" PMx="0.00" fuel="0.00" electricity="0.00" noise="81.03" route="routetop" type="cfm_slow" waiting="0.00" lane="top_0" pos="47.69" speed="47.01" angle="188.70" x="-1.47" y="68.42"/>
    </timestep>
    <timestep time="10.10">
        <vehicle id="cfm_slow_0" eclass="HBEFA3/PC_G_EU4" CO2="0.00" CO="0.00" HC="0.00" NOx="0.00" PMx="0.00" fuel="0.00" electricity="0.00" noise="81.03" route="routetop" type="cfm_slow" waiting="0.00" lane="left_0" pos="42.41" speed="46.99" angle="108.19" x="48.21" y="0.21"/>
        <vehicle id="cfm_slow_1" eclass="HBEFA3/PC_G_EU4" CO2="13925.56" CO="489.45" HC="2.61" NOx="5.46" PMx="0.46" fuel="5.99" electricity="0.00" noise="81.04" route="routebottom" type="cfm_slow" waiting="0.00" lane="bottom_0" pos="32.40" speed="46.99" angle="36.23" x="119.23" y="29.35"/>
        <vehicle id="cfm_slow_2" eclass="HBEFA3/PC_G_EU4" CO2="14036.25" CO="491.77" HC="2.63" NOx="5.51" PMx="0.46" fuel="6.03" electricity="0.00" noise="81.06" route="routebottom" type="cfm_slow" waiting="0.00" lane="right_0" pos="22.39" speed="46.99" angle="324.17" x="113.46" y="105.90"/>
        <vehicle id="cfm_slow_3" eclass="HBEFA3/PC_G_EU4" CO2="13962.50" CO="490.45" HC="2.62" NOx="5.48" PMx="0.46" fuel="6.00" electricity="0.00" noise="81.05" route="routetop" type="cfm_slow" waiting="0.00" lane="top_0" pos="12.39" speed="47.00" angle="252.16" x="38.87" y="124.07"/>
        <vehicle id="cfm_slow_4" eclass="HBEFA3/PC_G_EU4" CO2="0.00" CO="0.00" HC="0.00" NOx="0.00" PMx="0.00" fuel="0.00" electricity="0.00" noise="81.02" route="routetop" type="cfm_slow" waiting="0.00" lane="left_0" pos="2.39" speed="47.00" angle="180.17" x="-1.46" y="58.73"/>
    </timestep>
    <timestep time="10.20">
        <vehicle id="cfm_slow_0" eclass="HBEFA3/PC_G_EU4" CO2="13864.93" CO="488.21" HC="2.61" NOx="5.43" PMx="0.45" fuel="5.96" electricity="0.00" noise="81.03" route="routetop" type="cfm_slow" waiting="0.00" lane="left_0" pos="47.10" speed="46.99" angle="99.74" x="57.70" y="-1.37"/>
        <vehicle id="cfm_slow_1" eclass="HBEFA3/PC_G_EU4" CO2="13932.78" CO="489.61" HC="2.61" NOx="5.47" PMx="0.46" fuel="5.99" electricity="0.00" noise="81.04" route="routebottom" type="cfm_slow" waiting="0.00" lane="bottom_0" pos="37.10" speed="46.99" angle="27.68" x="123.67" y="37.89"/>
        <vehicle id="cfm_slow_2" eclass="HBEFA3/PC_G_EU4" CO2="14022.71" CO="491.52" HC="2.62" NOx="5.51" PMx="0.46" fuel="6.03" electricity="0.00" noise="81.06" route="routebottom" type="cfm_slow" waiting="0.00" lane="right_0" pos="27.09" speed="46.99" angle="315.80" x="106.71" y="112.77"/>
        <vehicle id="cfm_slow_3" eclass="HBEFA3/PC_G_EU4" CO2="13941.61" CO="490.03" HC="2.62" NOx="5.47" PMx="0.46" fuel="5.99" electricity="0.00" noise="81.05" route="routetop" type="cfm_slow" waiting="0.00" lane="top_0" pos="17.09" speed="47.00" angle="243.77" x="30.25" y="119.77"/>
        <vehicle id="cfm_slow_4" eclass="HBEFA3/PC_G_EU4" CO2="0.00" CO="0.00" HC="0.00" NOx="0.00" PMx="0.00" fuel="0.00" electricity="0.00" noise="81.02" route="routetop" type="cfm_slow" waiting="0.00" lane="left_0" pos="7.09" speed="47.00" angle="171.69" x="-0.02" y="49.21"/>
    </timestep>
    <timestep time="10.30">
        <vehicle id="cfm_slow_0" eclass="HBEFA3/PC_G_EU4" CO2="13871.53" CO="488.35" HC="2.61" NOx="5.44" PMx="0.45" fuel="5.96" electricity="0.00" noise="81.03" route="routebottom" type="cfm_slow" waiting="0.00" lane="bottom_0" pos="1.80" speed="46.99" angle="91.25" x="67.39" y="-1.53"/>
        <vehicle id="cfm_slow_1" eclass="HBEFA3/PC_G_EU4" CO2="13938.11" CO="489.74" HC="2.61" NOx="5.47" PMx="0.46" fuel="5.99" electricity="0.00" noise="81.04" route="routebottom" type="cfm_slow" waiting="0.00" lane="bottom_0" pos="41.80" speed="46.99" angle="19.27" x="126.80" y="47.00"/>
        <vehicle id="cfm_slow_2" eclass="HBEFA3/PC_G_EU4" CO2="14008.98" CO="491.27" HC="2.62" NOx="5.50" PMx="0.46" fuel="6.02" electricity="0.00" noise="81.05" route="routebottom" type="cfm_slow" waiting="0.00" lane="right_0" pos="31.79" speed="47.00" angle="307.25" x="99.02" y="118.57"/>
        <vehicle id="cfm_slow_3" eclass="HBEFA3/PC_G_EU4" CO2="13923.04" CO="489.66" HC="2.61" NOx="5.46" PMx="0.46" fuel="5.98" electricity="0.00" noise="81.04" route="routetop" type="cfm_slow" waiting="0.00" lane="top_0" pos="21.79" speed="47.00" angle="235.29" x="22.36" y="114.25"/>
        <vehicle id="cfm_slow_4" eclass="HBEFA3/PC_G_EU4" CO2="0.00" CO="0.00" HC="0.00" NOx="0.00" PMx="0.00" fuel="0.00" electricity="0.00" noise="81.02" route="routetop" type="cfm_slow" waiting="0.00" lane="left_0" pos="11.79" speed="47.00" angle="163.24" x="2.80" y="40.00"/>
    </timestep>
    <timestep time="10.40">
        <vehicle id="cfm_slow_0" eclass="HBEFA3/PC_G_EU4" CO2="13878.01" CO="488.49" HC="2.61" NOx="5.44" PMx="0.45" fuel="5.97" electricity="0.00" noise="81.03" route="routebottom" type="cfm_slow" waiting="0.00" lane="bottom_0" pos="6.50" speed="46.99" angle="82.78" x="76.93" y="-0.28"/>
        <vehicle id="cfm_slow_1" eclass="HBEFA3/PC_G_EU4" CO2="13941.73" CO="489.83" HC="2.61" NOx="5.47" PMx="0.46" fuel="5.99" electricity="0.00" noise="81.04" route="routebottom" type="cfm_slow" waiting="0.00" lane="bottom_0" pos="46.49" speed="46.99" angle="10.86" x="128.57" y="56.46"/>
        <vehicle id="cfm_slow_2" eclass="HBEFA3/PC_G_EU4" CO2="13995.28" CO="491.01" HC="2.62" NOx="5.49" PMx="0.46" fuel="6.02" electricity="0.00" noise="81.05" route="routebottom" type="cfm_slow" waiting="0.00" lane="right_0" pos="36.49" speed="47.00" angle="298.82" x="90.56" y="123.16"/>
        <vehicle id="cfm_slow_3" eclass="HBEFA3/PC_G_EU4" CO2="13906.70" CO="489.33" HC="2.61" NOx="5.45" PMx="0.46" fuel="5.98" electricity="0.00" noise="81.04" route="routetop" type="cfm_slow" waiting="0.00" lane="top_0" pos="26.49" speed="47.00" angle="226.84" x="15.38" y="107.63"/>
        <vehicle id="cfm_slow_4" eclass="HBEFA3/PC_G_EU4" CO2="0.00" CO="0.00" HC="0.00" NOx="0.00" PMx="0.00" fuel="0.00" electricity="0.00" noise="81.02" route="routetop" type="cfm_slow" waiting="0.00" lane="left_0" pos="16.49" speed="47.00" angle="154.81" x="6.94" y="31.31"/>
    </timestep>
    <timestep time="10.50">
        <vehicle id="cfm_slow_0" eclass="HBEFA3/PC_G_EU4" CO2="13884.20" CO="488.62" HC="2.61" NOx="5.44" PMx="0.45" fuel="5.97" electricity="0.00" noise="81.03" route="routebottom" type="cfm_slow" waiting="0.00" lane="bottom_0" pos="11.20" speed="46.99" angle="74.28" x="86.18" y="2.37"/>
        <vehicle id="cfm_slow_1" eclass="HBEFA3/PC_G_EU4" CO2="13943.81" CO="489.88" HC="2.61" NOx="5.47" PMx="0.46" fuel="5.99" electricity="0.00" noise="81.04" route="routebottom" type="cfm_slow" waiting="0.00" lane="right_0" pos="1.19" speed="46.99" angle="2.32" x="128.92" y="66.14"/>
        <vehicle id="cfm_slow_2" eclass="HBEFA3/PC_G_EU4" CO2="13981.80" CO="490.75" HC="2.62" NOx="5.49" PMx="0.46" fuel="6.01" electricity="0.00" noise="81.05" route="routebottom" type="cfm_slow" waiting="0.00" lane="right_0" pos="41.19" speed="47.00" angle="290.40" x="81.52" y="126.48"/>
        <vehicle id="cfm_slow_3" eclass="HBEFA3/PC_G_EU4" CO2="13892.49" CO="489.04" HC="2.61" NOx="5.45" PMx="0.46" fuel="5.97" electricity="0.00" noise="81.04" route="routetop" type="cfm_slow" waiting="0.00" lane="top_0" pos="31.19" speed="47.00" angle="218.32" x="9.44" y="100.04"/>
        <vehicle id="cfm_slow_4" eclass="HBEFA3/PC_G_EU4" CO2="0.00" CO="0.00" HC="0.00" NOx="0.00" PMx="0.00" fuel="0.00" electricity="0.00" noise="81.02" route="routetop" type="cfm_slow" waiting="0.00" lane="left_0" pos="21.19" speed="47.00" angle="146.32" x="12.32" y="23.32"/>
    </timestep>
    <timestep time="10.60">
        <vehicle id="cfm_slow_0" eclass="HBEFA3/PC_G_EU4" CO2="13889.95" CO="488.74" HC="2.61" NOx="5.44" PMx="0.46" fuel="5.97" electricity="0.00" noise="81.03" route="routebottom" type="cfm_slow" waiting="0.00" lane="bottom_0" pos="15.90" speed="46.99" angle="65.89" x="94.95" y="6.34"/>
        <vehicle id="cfm_slow_1" eclass="HBEFA3/PC_G_EU4" CO2="13944.51" CO="489.91" HC="2.61" NOx="5.47" PMx="0.46" fuel="5.99" electricity="0.00" noise="81.04" route="routebottom" type="cfm_slow" waiting="0.00" lane="right_0" pos="5.89" speed="46.99" angle="353.89" x="127.84" y="75.71"/>
        <vehicle id="cfm_slow_2" eclass="HBEFA3/PC_G_EU4" CO2="13968.69" CO="490.50" HC="2.62" NOx="5.48" PMx="0.46" fuel="6.00" electricity="0.00" noise="81.05" route="routebottom" type="cfm_slow" waiting="0.00" lane="right_0" pos="45.89" speed="47.00" angle="281.88" x="72.09" y="128.42"/>
        <vehicle id="cfm_slow_3" eclass="HBEFA3/PC_G_EU4" CO2="13880.29" CO="488.79" HC="2.61" NOx="5.44" PMx="0.45" fuel="5.97" electricity="0.00" noise="81.04" route="routetop" type="cfm_slow" waiting="0.00" lane="top_0" pos="35.89" speed="47.00" angle="210.00" x="4.66" y="91.69"/>
        <vehicle id="cfm_slow_4" eclass="HBEFA3/PC_G_EU4" CO2="0.00" CO="0.00" HC="0.00" NOx="0.00" PMx="0.00" fuel="0.00" electricity="0.00" noise="81.02" route="routetop" type="cfm_slow" waiting="0.00" lane="left_0" pos="25.89" speed="47.00" angle="137.91" x="18.80" y="16.21"/>
    </timestep>
    <timestep time="10.70">
        <vehicle id="cfm_slow_0" eclass="HBEFA3/PC_G_EU4" CO2="13895.18" CO="488.86" HC="2.61" NOx="5.45" PMx="0.46" fuel="5.97" electricity="0.00" noise="81.03" route="routebottom" type="cfm_slow" waiting="0.00" lane="bottom_0" pos="20.60" speed="46.99" angle="57.39" x="103.04" y="11.57"/>
        <vehicle id="cfm_slow_1" eclass="HBEFA3/PC_G_EU4" CO2="13944.02" CO="489.92" HC="2.61" NOx="5.47" PMx="0.46" fuel="5.99" electricity="0.00" noise="81.04" route="routebottom" type="cfm_slow" waiting="0.00" lane="right_0" pos="10.59" speed="46.99" angle="345.43" x="125.38" y="85.01"/>
        <vehicle id="cfm_slow_2" eclass="HBEFA3/PC_G_EU4" CO2="13956.10" CO="490.25" HC="2.62" NOx="5.48" PMx="0.46" fuel="6.00" electricity="0.00" noise="81.05" route="routetop" type="cfm_slow" waiting="0.00" lane="top_0" pos="0.59" speed="47.00" angle="273.41" x="62.42" y="128.95"/>
        <vehicle id="cfm_slow_3" eclass="HBEFA3/PC_G_EU4" CO2="13869.97" CO="488.58" HC="2.61" NOx="5.44" PMx="0.45" fuel="5.96" electricity="0.00" noise="81.03" route="routetop" type="cfm_slow" waiting="0.00" lane="top_0" pos="40.59" speed="47.00" angle="201.41" x="1.20" y="82.70"/>
        <vehicle id="cfm_slow_4" eclass="HBEFA3/PC_G_EU4" CO2="0.00" CO="0.00" HC="0.00" NOx="0.00" PMx="0.00" fuel="0.00" electricity="0.00" noise="81.02" route="routetop" type="cfm_slow" waiting="0.00" lane="left_0" pos="30.59" speed="47.00" angle="129.38" x="26.27" y="10.13"/>
    </timestep>
    <timestep time="10.80">
        <vehicle id="cfm_slow_0" eclass="HBEFA3/PC_G_EU4" CO2="13899.81" CO="488.96" HC="2.61" NOx="5.45" PMx="0.46" fuel="5.98" electricity="0.00" noise="81.04" route="routebottom" type="cfm_slow" waiting="0.00" lane="bottom_0" pos="25.30" speed="46.99" angle="48.96" x="110.27" y="17.92"/>
        <vehicle id="cfm_slow_1" eclass="HBEFA3/PC_G_EU4" CO2="13942.50" CO="489.90" HC="2.61" NOx="5.47" PMx="0.46" fuel="5.99" electricity="0.00" noise="81.04" route="routebottom" type="cfm_slow" waiting="0.00" lane="right_0" pos="15.29" speed="47.00" angle="336.91" x="121.57" y="93.85"/>
        <vehicle id="cfm_slow_2" eclass="HBEFA3/PC_G_EU4" CO2="13944.13" CO="490.02" HC="2.62" NOx="5.47" PMx="0.46" fuel="5.99" electricity="0.00" noise="81.04" route="routetop" type="cfm_slow" waiting="0.00" lane="top_0" pos="5.29" speed="47.00" angle="265.00" x="52.83" y="128.07"/>
        <vehicle id="cfm_slow_3" eclass="HBEFA3/PC_G_EU4" CO2="0.00" CO="0.00" HC="0.00" NOx="0.00" PMx="0.00" fuel="0.00" electricity="0.00" noise="81.03" route="routetop" type="cfm_slow" waiting="0.00" lane="top_0" pos="45.29" speed="47.00" angle="193.03" x="-0.93" y="73.31"/>
        <vehicle id="cfm_slow_4" eclass="HBEFA3/PC_G_EU4" CO2="0.00" CO="0.00" HC="0.00" NOx="0.00" PMx="0.00" fuel="0.00" electricity="0.00" noise="81.02" route="routetop" type="cfm_slow" waiting="0.00" lane="left_0" pos="35.29" speed="47.00" angle="121.04" x="34.54" y="5.21"/>
    </timestep>
    <timestep time="10.90">
        <vehicle id="cfm_slow_0" eclass="HBEFA3/PC_G_EU4" CO2="13903.79" CO="489.05" HC="2.61" NOx="5.45" PMx="0.46" fuel="5.98" electricity="0.00" noise="81.04" route="routebottom" type="cfm_slow" waiting="0.00" lane="bottom_0" pos="30.00" speed="46.99" angle="40.49" x="116.48" y="25.27"/>
        <vehicle id="cfm_slow_1" eclass="HBEFA3/PC_G_EU4" CO2="13940.11" CO="489.86" HC="2.61" NOx="5.47" PMx="0.46" fuel="5.99" electricity="0.00" noise="81.04" route="routebottom" type="cfm_slow" waiting="0.00" lane="right_0" pos="19.99" speed="47.00" angle="328.46" x="116.49" y="102.03"/>
        <vehicle id="cfm_slow_2" eclass="HBEFA3/PC_G_EU4" CO2="13932.86" CO="489.80" HC="2.61" NOx="5.47" PMx="0.46" fuel="5.99" electricity="0.00" noise="81.04" route="routetop" type="cfm_slow" waiting="0.00" lane="top_0" pos="9.99" speed="47.00" angle="256.51" x="43.48" y="125.78"/>
        <vehicle id="cfm_slow_3" eclass="HBEFA3/PC_G_EU4" CO2="0.00" CO="0.00" HC="0.00" NOx="0.00" PMx="0.00" fuel="0.00" electricity="0.00" noise="81.03" route="routetop" type="cfm_slow" waiting="0.00" lane="top_0" pos="49.99" speed="47.00" angle="184.53" x="-1.65" y="63.71"/>
        <vehicle id="cfm_slow_4" eclass="HBEFA3/PC_G_EU4" CO2="0.00" CO="0.00" HC="0.00" NOx="0.00" PMx="0.00" fuel="0.00" electricity="0.00" noise="81.02" route="routetop" type="cfm_slow" waiting="0.00" lane="left_0" pos="39.99" speed="47.00" angle="112.51" x="43.45" y="1.56"/>
    </timestep>
    <timestep time="11.00">
        <vehicle id="cfm_slow_0" eclass="HBEFA3/PC_G_EU4" CO2="13907.10" CO="489.12" HC="2.61" NOx="5.45" PMx="0.46" fuel="5.98" electricity="0.00" noise="81.04" route="routebottom" type="cfm_slow" waiting="0.00" lane="bottom_0" pos="34.70" speed="46.99" angle="32.12" x="121.56" y="33.45"/>
        <vehicle id="cfm_slow_1" eclass="HBEFA3/PC_G_EU4" CO2="13937.01" CO="489.81" HC="2.61" NOx="5.47" PMx="0.46" fuel="5.99" electricity="0.00" noise="81.04" route="routebottom" type="cfm_slow" waiting="0.00" lane="right_0" pos="24.69" speed="47.00" angle="320.09" x="110.28" y="109.39"/>
        <vehicle id="cfm_slow_2" eclass="HBEFA3/PC_G_EU4" CO2="13922.35" CO="489.59" HC="2.61" NOx="5.46" PMx="0.46" fuel="5.98" electricity="0.00" noise="81.04" route="routetop" type="cfm_slow" waiting="0.00" lane="top_0" pos="14.69" speed="47.00" angle="248.02" x="34.57" y="122.13"/>
        <vehicle id="cfm_slow_3" eclass="HBEFA3/PC_G_EU4" CO2="0.00" CO="0.00" HC="0.00" NOx="0.00" PMx="0.00" fuel="0.00" electricity="0.00" noise="81.03" route="routetop" type="cfm_slow" waiting="0.00" lane="left_0" pos="4.69" speed="47.00" angle="176.07" x="-0.93" y="54.05"/>
        <vehicle id="cfm_slow_4" eclass="HBEFA3/PC_G_EU4" CO2="0.00" CO="0.00" HC="0.00" NOx="0.00" PMx="0.00" fuel="0.00" electricity="0.00" noise="81.02" route="routetop" type="cfm_slow" waiting="0.00" lane="left_0" pos="44.69" speed="47.00" angle="104.06" x="52.80" y="-0.74"/>
    </timestep>
    <timestep time="11.10">
        <vehicle id="cfm_slow_0" eclass="HBEFA3/PC_G_EU4" CO2="13909.75" CO="489.19" HC="2.61" NOx="5.45" PMx="0.46" fuel="5.98" electricity="0.00" noise="81.04" route="routebottom" type="cfm_slow" waiting="0.00" lane="bottom_0" pos="39.40" speed="46.99" angle="23.58" x="125.37" y="42.29"/>
        <vehicle id="cfm_slow_1" eclass="HBEFA3/PC_G_EU4" CO2="13933.33" CO="489.75" HC="2.61" NOx="5.47" PMx="0.46" fuel="5.99" electricity="0.00" noise="81.04" route="routebottom" type="cfm_slow" waiting="0.00" lane="right_0" pos="29.39" speed="47.00" angle="311.54" x="103.05" y="115.74"/>
        <vehicle id="cfm_slow_2" eclass="HBEFA3/PC_G_EU4" CO2="13912.64" CO="489.40" HC="2.61" NOx="5.46" PMx="0.46" fuel="5.98" electricity="0.00" noise="81.04" route="routetop" type="cfm_slow" waiting="0.00" lane="top_0" pos="19.39" speed="47.00" angle="239.58" x="26.29" y="117.22"/>
        <vehicle id="cfm_slow_3" eclass="HBEFA3/PC_G_EU4" CO2="0.00" CO="0.00" HC="0.00" NOx="0.00" PMx="0.00" fuel="0.00" electricity="0.00" noise="81.03" route="routetop" type="cfm_slow" waiting="0.00" lane="left_0" pos="9.39" speed="47.00" angle="167.55" x="1.19" y="44.66"/>
        <vehicle id="cfm_slow_4" eclass="HBEFA3/PC_G_EU4" CO2="0.00" CO="0.00" HC="0.00" NOx="0.00" PMx="0.00" fuel="0.00" electricity="0.00" noise="81.03" route="routetop" type="cfm_slow" waiting="0.00" lane="left_0" pos="49.39" speed="47.00" angle="95.60" x="62.39" y="-1.63"/>
    </timestep>
    <timestep time="11.20">
        <vehicle id="cfm_slow_0" eclass="HBEFA3/PC_G_EU4" CO2="13911.75" CO="489.24" HC="2.61" NOx="5.46" PMx="0.46" fuel="5.98" electricity="0.00" noise="81.04" route="routebottom" type="cfm_slow" waiting="0.00" lane="bottom_0" pos="44.10" speed="46.99" angle="15.18" x="127.84" y="51.60"/>
        <vehicle id="cfm_slow_1" eclass="HBEFA3/PC_G_EU4" CO2="13929.22" CO="489.67" HC="2.61" NOx="5.46" PMx="0.46" fuel="5.99" electricity="0.00" noise="81.04" route="routebottom" type="cfm_slow" waiting="0.00" lane="right_0" pos="34.09" speed="47.00" angle="303.18" x="94.96" y="120.97"/>
        <vehicle id="cfm_slow_2" eclass="HBEFA3/PC_G_EU4" CO2="13903.76" CO="489.23" HC="2.61" NOx="5.45" PMx="0.46" fuel="5.98" electricity="0.00" noise="81.04" route="routetop" type="cfm_slow" waiting="0.00" lane="top_0" pos="24.09" speed="47.00" angle="231.10" x="18.82" y="111.13"/>
        <vehicle id="cfm_slow_3" eclass="HBEFA3/PC_G_EU4" CO2="0.00" CO="0.00" HC="0.00" NOx="0.00" PMx="0.00" fuel="0.00" electricity="0.00" noise="81.03" route="routetop" type="cfm_slow" waiting="0.00" lane="left_0" pos="14.09" speed="47.00" angle="159.19" x="4.65" y="35.67"/>
        <vehicle id="cfm_slow_4" eclass="HBEFA3/PC_G_EU4" CO2="0.00" CO="0.00" HC="0.00" NOx="0.00" PMx="0.00" fuel="0.00" electricity="0.00" noise="81.03" route="routebottom" type="cfm_slow" waiting="0.00" lane="bottom_0" pos="4.09" speed="47.00" angle="87.16" x="72.06" y="-1.10"/>
    </timestep>
    <timestep time="11.30">
        <vehicle id="cfm_slow_0" eclass="HBEFA3/PC_G_EU4" CO2="13913.11" CO="489.27" HC="2.61" NOx="5.46" PMx="0.46" fuel="5.98" electricity="0.00" noise="81.04" route="routebottom" type="cfm_slow" waiting="0.00" lane="bottom_0" pos="48.80" speed="46.99" angle="6.68" x="128.92" y="61.16"/>
        <vehicle id="cfm_slow_1" eclass="HBEFA3/PC_G_EU4" CO2="13924.79" CO="489.59" HC="2.61" NOx="5.46" PMx="0.46" fuel="5.99" electricity="0.00" noise="81.04" route="routebottom" type="cfm_slow" waiting="0.00" lane="right_0" pos="38.79" speed="47.00" angle="294.68" x="86.20" y="124.95"/>
        <vehicle id="cfm_slow_2" eclass="HBEFA3/PC_G_EU4" CO2="13895.71" CO="489.07" HC="2.61" NOx="5.45" PMx="0.46" fuel="5.97" electricity="0.00" noise="81.04" route="routetop" type="cfm_slow" waiting="0.00" lane="top_0" pos="28.79" speed="47.00" angle="222.66" x="12.34" y="104.02"/>
        <vehicle id="cfm_slow_3" eclass="HBEFA3/PC_G_EU4" CO2="0.00" CO="0.00" HC="0.00" NOx="0.00" PMx="0.00" fuel="0.00" electricity="0.00" noise="81.03" route="routetop" type="cfm_slow" waiting="0.00" lane="left_0" pos="18.79" speed="47.00" angle="150.60" x="9.42" y="27.31"/>
        <vehicle id="cfm_slow_4" eclass="HBEFA3/PC_G_EU4" CO2="0.00" CO="0.00" HC="0.00" NOx="0.00" PMx="0.00" fuel="0.00" electricity="0.00" noise="81.03" route="routebottom" type="cfm_slow" waiting="0.00" lane="bottom_0" pos="8.79" speed="47.00" angle="78.59" x="81.49" y="0.84"/>
    </timestep>
    <timestep time="11.40">
        <vehicle id="cfm_slow_0" eclass="HBEFA3/PC_G_EU4" CO2="13913.88" CO="489.30" HC="2.61" NOx="5.46" PMx="0.46" fuel="5.98" electricity="0.00" noise="81.04" route="routebottom" type="cfm_slow" waiting="0.00" lane="right_0" pos="3.50" speed="46.99" angle="358.21" x="128.57" y="70.84"/>
        <vehicle id="cfm_slow_1" eclass="HBEFA3/PC_G_EU4" CO2="13920.15" CO="489.51" HC="2.61" NOx="5.46" PMx="0.46" fuel="5.98" electricity="0.00" noise="81.04" route="routebottom" type="cfm_slow" waiting="0.00" lane="right_0" pos="43.49" speed="47.00" angle="286.29" x="76.94" y="127.61"/>
        <vehicle id="cfm_slow_2" eclass="HBEFA3/PC_G_EU4" CO2="13888.50" CO="488.92" HC="2.61" NOx="5.44" PMx="0.46" fuel="5.97" electricity="0.00" noise="81.04" route="routetop" type="cfm_slow" waiting="0.00" lane="top_0" pos="33.49" speed="47.00" angle="214.28" x="6.95" y="96.04"/>
        <vehicle id="cfm_slow_3" eclass="HBEFA3/PC_G_EU4" CO2="0.00" CO="0.00" HC="0.00" NOx="0.00" PMx="0.00" fuel="0.00" electricity="0.00" noise="81.03" route="routetop" type="cfm_slow" waiting="0.00" lane="left_0" pos="23.49" speed="47.00" angle="142.21" x="15.36" y="19.73"/>
        <vehicle id="cfm_slow_4" eclass="HBEFA3/PC_G_EU4" CO2="0.00" CO="0.00" HC="0.00" NOx="0.00" PMx="0.00" fuel="0.00" electricity="0.00" noise="81.03" route="routebottom" type="cfm_slow" waiting="0.00" lane="bottom_0" pos="13.49" speed="47.00" angle="70.23" x="90.54" y="4.14"/>
    </timestep>
    <timestep time="11.50">
        <vehicle id="cfm_slow_0" eclass="HBEFA3/PC_G_EU4" CO2="13914.11" CO="489.31" HC="2.61" NOx="5.46" PMx="0.46" fuel="5.98" electricity="0.00" noise="81.04" route="routebottom" type="cfm_slow" waiting="0.00" lane="right_0" pos="8.20" speed="46.99" angle="349.70" x="126.80" y="80.31"/>
        <vehicle id="cfm_slow_1" eclass="HBEFA3/PC_G_EU4" CO2="13915.41" CO="489.42" HC="2.61" NOx="5.46" PMx="0.46" fuel="5.98" electricity="0.00" noise="81.04" route="routebottom" type="cfm_slow" waiting="0.00" lane="right_0" pos="48.19" speed="47.00" angle="277.77" x="67.40" y="128.86"/>
        <vehicle id="cfm_slow_2" eclass="HBEFA3/PC_G_EU4" CO2="13882.10" CO="488.79" HC="2.61" NOx="5.44" PMx="0.45" fuel="5.97" electricity="0.00" noise="81.04" route="routetop" type="cfm_slow" waiting="0.00" lane="top_0" pos="38.19" speed="47.00" angle="205.72" x="2.81" y="87.35"/>
        <vehicle id="cfm_slow_3" eclass="HBEFA3/PC_G_EU4" CO2="0.00" CO="0.00" HC="0.00" NOx="0.00" PMx="0.00" fuel="0.00" electricity="0.00" noise="81.03" route="routetop" type="cfm_slow" waiting="0.00" lane="left_0" pos="28.19" speed="47.00" angle="133.78" x="22.33" y="13.09"/>
        <vehicle id="cfm_slow_4" eclass="HBEFA3/PC_G_EU4" CO2="0.00" CO="0.00" HC="0.00" NOx="0.00" PMx="0.00" fuel="0.00" electricity="0.00" noise="81.03" route="routebottom" type="cfm_slow" waiting="0.00" lane="bottom_0" pos="18.19" speed="47.00" angle="61.73" x="98.99" y="8.74"/>
    </timestep>
    <timestep time="11.60">
        <vehicle id="cfm_slow_0" eclass="HBEFA3/PC_G_EU4" CO2="13913.83" CO="489.31" HC="2.61" NOx="5.46" PMx="0.46" fuel="5.98" electricity="0.00" noise="81.04" route="routebottom" type="cfm_slow" waiting="0.00" lane="right_0" pos="12.89" speed="47.00" angle="341.32" x="123.68" y="89.41"/>
        <vehicle id="cfm_slow_1" eclass="HBEFA3/PC_G_EU4" CO2="13910.64" CO="489.33" HC="2.61" NOx="5.45" PMx="0.46" fuel="5.98" electricity="0.00" noise="81.04" route="routetop" type="cfm_slow" waiting="0.00" lane="top_0" pos="2.89" speed="47.00" angle="269.31" x="57.71" y="128.70"/>
        <vehicle id="cfm_slow_2" eclass="HBEFA3/PC_G_EU4" CO2="13876.48" CO="488.68" HC="2.61" NOx="5.44" PMx="0.45" fuel="5.96" electricity="0.00" noise="81.03" route="routetop" type="cfm_slow" waiting="0.00" lane="top_0" pos="42.89" speed="47.00" angle="197.31" x="-0.01" y="78.14"/>
        <vehicle id="cfm_slow_3" eclass="HBEFA3/PC_G_EU4" CO2="0.00" CO="0.00" HC="0.00" NOx="0.00" PMx="0.00" fuel="0.00" electricity="0.00" noise="81.03" route="routetop" type="cfm_slow" waiting="0.00" lane="left_0" pos="32.89" speed="47.00" angle="125.30" x="30.22" y="7.57"/>
        <vehicle id="cfm_slow_4" eclass="HBEFA3/PC_G_EU4" CO2="0.00" CO="0.00" HC="0.00" NOx="0.00" PMx="0.00" fuel="0.00" electricity="0.00" noise="81.03" route="routebottom" type="cfm_slow" waiting="0.00" lane="bottom_0" pos="22.89" speed="47.00" angle="53.26" x="106.69" y="14.53"/>
    </timestep>
    <timestep time="11.70">
        <vehicle id="cfm_slow_0" eclass="HBEFA3/PC_G_EU4" CO2="13913.10" CO="489.31" HC="2.61" NOx="5.46" PMx="0.46" fuel="5.98" electricity="0.00" noise="81.04" route="routebottom" type="cfm_slow" waiting="0.00" lane="right_0" pos="17.59" speed="47.00" angle="332.83" x="119.24" y="97.96"/>
        <vehicle id="cfm_slow_1" eclass="HBEFA3/PC_G_EU4" CO2="13905.92" CO="489.24" HC="2.61" NOx="5.45" PMx="0.46" fuel="5.98" electricity="0.00" noise="81.04" route="routetop" type="cfm_slow" waiting="0.00" lane="top_0" pos="7.59" speed="47.00" angle="260.74" x="48.21" y="127.11"/>
        <vehicle id="cfm_slow_2" eclass="HBEFA3/PC_G_EU4" CO2="13871.62" CO="488.58" HC="2.61" NOx="5.44" PMx="0.45" fuel="5.96" electricity="0.00" noise="81.03" route="routetop" type="cfm_slow" waiting="0.00" lane="top_0" pos="47.59" speed="47.00" angle="188.89" x="-1.46" y="68.63"/>
        <vehicle id="cfm_slow_3" eclass="HBEFA3/PC_G_EU4" CO2="0.00" CO="0.00" HC="0.00" NOx="0.00" PMx="0.00" fuel="0.00" electricity="0.00" noise="81.03" route="routetop" type="cfm_slow" waiting="0.00" lane="left_0" pos="37.59" speed="47.00" angle="116.84" x="38.83" y="3.27"/>
        <vehicle id="cfm_slow_4" eclass="HBEFA3/PC_G_EU4" CO2="0.00" CO="0.00" HC="0.00" NOx="0.00" PMx="0.00" fuel="0.00" electricity="0.00" noise="81.03" route="routebottom" type="cfm_slow" waiting="0.00" lane="bottom_0" pos="27.59" speed="47.00" angle="44.82" x="113.44" y="21.40"/>
    </timestep>
    <timestep time="11.80">
        <vehicle id="cfm_slow_0" eclass="HBEFA3/PC_G_EU4" CO2="13911.98" CO="489.29" HC="2.61" NOx="5.46" PMx="0.46" fuel="5.98" electricity="0.00" noise="81.04" route="routebottom" type="cfm_slow" waiting="0.00" lane="right_0" pos="22.29" speed="47.00" angle="324.35" x="113.59" y="105.75"/>
        <vehicle id="cfm_slow_1" eclass="HBEFA3/PC_G_EU4" CO2="13901.31" CO="489.15" HC="2.61" NOx="5.45" PMx="0.46" fuel="5.98" electricity="0.00" noise="81.04" route="routetop" type="cfm_slow" waiting="0.00" lane="top_0" pos="12.29" speed="47.00" angle="252.33" x="39.06" y="124.14"/>
        <vehicle id="cfm_slow_2" eclass="HBEFA3/PC_G_EU4" CO2="0.00" CO="0.00" HC="0.00" NOx="0.00" PMx="0.00" fuel="0.00" electricity="0.00" noise="81.03" route="routetop" type="cfm_slow" waiting="0.00" lane="left_0" pos="2.29" speed="47.00" angle="180.36" x="-1.47" y="58.94"/>
        <vehicle id="cfm_slow_3" eclass="HBEFA3/PC_G_EU4" CO2="0.00" CO="0.00" HC="0.00" NOx="0.00" PMx="0.00" fuel="0.00" electricity="0.00" noise="81.03" route="routetop" type="cfm_slow" waiting="0.00" lane="left_0" pos="42.29" speed="47.00" angle="108.39" x="47.98" y="0.26"/>
        <vehicle id="cfm_slow_4" eclass="HBEFA3/PC_G_EU4" CO2="0.00" CO="0.00" HC="0.00" NOx="0.00" PMx="0.00" fuel="0.00" electricity="0.00" noise="81.03" route="routebottom" type="cfm_slow" waiting="0.00" lane="bottom_0" pos="32.29" speed="47.00" angle="36.43" x="119.12" y="29.17"/>
    </timestep>
    <timestep time="11.90">
        <vehicle id="cfm_slow_0" eclass="HBEFA3/PC_G_EU4" CO2="13910.51" CO="489.27" HC="2.61" NOx="5.45" PMx="0.46" fuel="5.98" electricity="0.00" noise="81.04" route="routebottom" type="cfm_slow" waiting="0.00" lane="right_0" pos="26.99" speed="47.00" angle="316.00" x="106.87" y="112.65"/>
        <vehicle id="cfm_slow_1" eclass="HBEFA3/PC_G_EU4" CO2="13896.87" CO="489.06" HC="2.61" NOx="5.45" PMx="0.46" fuel="5.97" electricity="0.00" noise="81.04" route="routetop" type="cfm_slow" waiting="0.00" lane="top_0" pos="16.99" speed="47.00" angle="243.95" x="30.43" y="119.87"/>
        <vehicle id="cfm_slow_2" eclass="HBEFA3/PC_G_EU4" CO2="0.00" CO="0.00" HC="0.00" NOx="0.00" PMx="0.00" fuel="0.00" electricity="0.00" noise="81.03" route="routetop" type="cfm_slow" waiting="0.00" lane="left_0" pos="6.99" speed="47.00" angle="171.88" x="-0.06" y="49.41"/>
        <vehicle id="cfm_slow_3" eclass="HBEFA3/PC_G_EU4" CO2="0.00" CO="0.00" HC="0.00" NOx="0.00" PMx="0.00" fuel="0.00" electricity="0.00" noise="81.03" route="routetop" type="cfm_slow" waiting="0.00" lane="left_0" pos="46.99" speed="47.00" angle="99.95" x="57.47" y="-1.35"/>
        <vehicle id="cfm_slow_4" eclass="HBEFA3/PC_G_EU4" CO2="0.00" CO="0.00" HC="0.00" NOx="0.00" PMx="0.00" fuel="0.00" electricity="0.00" noise="81.03" route="routebottom" type="cfm_slow" waiting="0.00" lane="bottom_0" pos="36.99" speed="47.00" angle="27.85" x="123.58" y="37.70"/>
    </timestep>
    <timestep time="12.00">
        <vehicle id="cfm_slow_0" eclass="HBEFA3/PC_G_EU4" CO2="13908.77" CO="489.24" HC="2.61" NOx="5.45" PMx="0.46" fuel="5.98" electricity="0.00" noise="81.04" route="routebottom" type="cfm_slow" waiting="0.00" lane="right_0" pos="31.69" speed="47.00" angle="307.43" x="99.19" y="118.46"/>
        <vehicle id="cfm_slow_1" eclass="HBEFA3/PC_G_EU4" CO2="13892.64" CO="488.98" HC="2.61" NOx="5.45" PMx="0.46" fuel="5.97" electricity="0.00" noise="81.04" route="routetop" type="cfm_slow" waiting="0.00" lane="top_0" pos="21.69" speed="47.00" angle="235.43" x="22.52" y="114.38"/>
        <vehicle id="cfm_slow_2" eclass="HBEFA3/PC_G_EU4" CO2="0.00" CO="0.00" HC="0.00" NOx="0.00" PMx="0.00" fuel="0.00" electricity="0.00" noise="81.03" route="routetop" type="cfm_slow" waiting="0.00" lane="left_0" pos="11.69" speed="47.00" angle="163.42" x="2.72" y="40.20"/>
        <vehicle id="cfm_slow_3" eclass="HBEFA3/PC_G_EU4" CO2="0.00" CO="0.00" HC="0.00" NOx="0.00" PMx="0.00" fuel="0.00" electricity="0.00" noise="81.03" route="routebottom" type="cfm_slow" waiting="0.00" lane="bottom_0" pos="1.69" speed="47.00" angle="91.45" x="67.16" y="-1.55"/>
        <vehicle id="cfm_slow_4" eclass="HBEFA3/PC_G_EU4" CO2="0.00" CO="0.00" HC="0.00" NOx="0.00" PMx="0.00" fuel="0.00" electricity="0.00" noise="81.03" route="routebottom" type="cfm_slow" waiting="0.00" lane="bottom_0" pos="41.69" speed="47.00" angle="19.46" x="126.74" y="46.79"/>
    </timestep>
    <timestep time="12.10">
        <vehicle id="cfm_slow_0" eclass="HBEFA3/PC_G_EU4" CO2="13906.79" CO="489.21" HC="2.61" NOx="5.45" PMx="0.46" fuel="5.98" electricity="0.00" noise="81.04" route="routebottom" type="cfm_slow" waiting="0.00" lane="right_0" pos="36.39" speed="47.00" angle="299.01" x="90.74" y="123.08"/>
        <vehicle id="cfm_slow_1" eclass="HBEFA3/PC_G_EU4" CO2="13888.65" CO="488.90" HC="2.61" NOx="5.44" PMx="0.46" fuel="5.97" electricity="0.00" noise="81.04" route="routetop" type="cfm_slow" waiting="0.00" lane="top_0" pos="26.39" speed="47.00" angle="227.03" x="15.51" y="107.78"/>
        <vehicle id="cfm_slow_2" eclass="HBEFA3/PC_G_EU4" CO2="0.00" CO="0.00" HC="0.00" NOx="0.00" PMx="0.00" fuel="0.00" electricity="0.00" noise="81.03" route="routetop" type="cfm_slow" waiting="0.00" lane="left_0" pos="16.39" speed="47.00" angle="155.00" x="6.83" y="31.49"/>
        <vehicle id="cfm_slow_3" eclass="HBEFA3/PC_G_EU4" CO2="0.00" CO="0.00" HC="0.00" NOx="0.00" PMx="0.00" fuel="0.00" electricity="0.00" noise="81.03" route="routebottom" type="cfm_slow" waiting="0.00" lane="bottom_0" pos="6.39" speed="47.00" angle="82.98" x="76.71" y="-0.33"/>
        <vehicle id="cfm_slow_4" eclass="HBEFA3/PC_G_EU4" CO2="13867.62" CO="488.43" HC="2.61" NOx="5.43" PMx="0.45" fuel="5.96" electricity="0.00" noise="81.03" route="routebottom" type="cfm_slow" waiting="0.00" lane="bottom_0" pos="46.39" speed="47.00" angle="11.04" x="128.55" y="56.25"/>
    </timestep>
    <timestep time="12.20">
        <vehicle id="cfm_slow_0" eclass="HBEFA3/PC_G_EU4" CO2="13904.63" CO="489.17" HC="2.61" NOx="5.45" PMx="0.46" fuel="5.98" electricity="0.00" noise="81.04" route="routebottom" type="cfm_slow" waiting="0.00" lane="right_0" pos="41.09" speed="47.00" angle="290.58" x="81.72" y="126.43"/>
        <vehicle id="cfm_slow_1" eclass="HBEFA3/PC_G_EU4" CO2="13884.92" CO="488.83" HC="2.61" NOx="5.44" PMx="0.46" fuel="5.97" electricity="0.00" noise="81.04" route="routetop" type="cfm_slow" waiting="0.00" lane="top_0" pos="31.09" speed="47.00" angle="218.50" x="9.56" y="100.21"/>
        <vehicle id="cfm_slow_2" eclass="HBEFA3/PC_G_EU4" CO2="0.00" CO="0.00" HC="0.00" NOx="0.00" PMx="0.00" fuel="0.00" electricity="0.00" noise="81.03" route="routetop" type="cfm_slow" waiting="0.00" lane="left_0" pos="21.09" speed="47.00" angle="146.51" x="12.19" y="23.49"/>
        <vehicle id="cfm_slow_3" eclass="HBEFA3/PC_G_EU4" CO2="0.00" CO="0.00" HC="0.00" NOx="0.00" PMx="0.00" fuel="0.00" electricity="0.00" noise="81.03" route="routebottom" type="cfm_slow" waiting="0.00" lane="bottom_0" pos="11.09" speed="47.00" angle="74.49" x="85.97" y="2.29"/>
        <vehicle id="cfm_slow_4" eclass="HBEFA3/PC_G_EU4" CO2="13870.11" CO="488.48" HC="2.61" NOx="5.44" PMx="0.45" fuel="5.96" electricity="0.00" noise="81.03" route="routebottom" type="cfm_slow" waiting="0.00" lane="right_0" pos="1.09" speed="47.00" angle="2.49" x="128.93" y="65.93"/>
    </timestep>
    <timestep time="12.30">
        <vehicle id="cfm_slow_0" eclass="HBEFA3/PC_G_EU4" CO2="13902.33" CO="489.13" HC="2.61" NOx="5.45" PMx="0.46" fuel="5.98" electricity="0.00" noise="81.04" route="routebottom" type="cfm_slow" waiting="0.00" lane="right_0" pos="45.79" speed="47.00" angle="282.06" x="72.29" y="128.39"/>
        <vehicle id="cfm_slow_1" eclass="HBEFA3/PC_G_EU4" CO2="13881.48" CO="488.76" HC="2.61" NOx="5.44" PMx="0.45" fuel="5.97" electricity="0.00" noise="81.04" route="routetop" type="cfm_slow" waiting="0.00" lane="top_0" pos="35.79" speed="47.00" angle="210.14" x="4.75" y="91.87"/>
        <vehicle id="cfm_slow_2" eclass="HBEFA3/PC_G_EU4" CO2="0.00" CO="0.00" HC="0.00" NOx="0.00" PMx="0.00" fuel="0.00" electricity="0.00" noise="81.03" route="routetop" type="cfm_slow" waiting="0.00" lane="left_0" pos="25.79" speed="47.00" angle="138.10" x="18.65" y="16.35"/>
        <vehicle id="cfm_slow_3" eclass="HBEFA3/PC_G_EU4" CO2="0.00" CO="0.00" HC="0.00" NOx="0.00" PMx="0.00" fuel="0.00" electricity="0.00" noise="81.03" route="routebottom" type="cfm_slow" waiting="0.00" lane="bottom_0" pos="15.79" speed="47.00" angle="66.09" x="94.76" y="6.24"/>
        <vehicle id="cfm_slow_4" eclass="HBEFA3/PC_G_EU4" CO2="13872.23" CO="488.52" HC="2.61" NOx="5.44" PMx="0.45" fuel="5.96" electricity="0.00" noise="81.03" route="routebottom" type="cfm_slow" waiting="0.00" lane="right_0" pos="5.79" speed="47.00" angle="354.08" x="127.88" y="75.50"/>
    </timestep>
    <timestep time="12.40">
        <vehicle id="cfm_slow_0" eclass="HBEFA3/PC_G_EU4" CO2="13899.94" CO="489.09" HC="2.61" NOx="5.45" PMx="0.46" fuel="5.98" electricity="0.00" noise="81.04" route="routetop" type="cfm_slow" waiting="0.00" lane="top_0" pos="0.49" speed="47.00" angle="273.59" x="62.62" y="128.95"/>
        <vehicle id="cfm_slow_1" eclass="HBEFA3/PC_G_EU4" CO2="13878.34" CO="488.70" HC="2.61" NOx="5.44" PMx="0.45" fuel="5.97" electricity="0.00" noise="81.03" route="routetop" type="cfm_slow" waiting="0.00" lane="top_0" pos="40.49" speed="47.00" angle="201.59" x="1.26" y="82.90"/>
        <vehicle id="cfm_slow_2" eclass="HBEFA3/PC_G_EU4" CO2="0.00" CO="0.00" HC="0.00" NOx="0.00" PMx="0.00" fuel="0.00" electricity="0.00" noise="81.03" route="routetop" type="cfm_slow" waiting="0.00" lane="left_0" pos="30.49" speed="47.00" angle="129.57" x="26.10" y="10.25"/>
        <vehicle id="cfm_slow_3" eclass="HBEFA3/PC_G_EU4" CO2="0.00" CO="0.00" HC="0.00" NOx="0.00" PMx="0.00" fuel="0.00" electricity="0.00" noise="81.03" route="routebottom" type="cfm_slow" waiting="0.00" lane="bottom_0" pos="20.49" speed="47.00" angle="57.58" x="102.86" y="11.43"/>
        <vehicle id="cfm_slow_4" eclass="HBEFA3/PC_G_EU4" CO2="13874.01" CO="488.56" HC="2.61" NOx="5.44" PMx="0.45" fuel="5.96" electricity="0.00" noise="81.03" route="routebottom" type="cfm_slow" waiting="0.00" lane="right_0" pos="10.49" speed="47.00" angle="345.63" x="125.45" y="84.82"/>
    </timestep>
    <timestep time="12.50">
        <vehicle id="cfm_slow_0" eclass="HBEFA3/PC_G_EU4" CO2="13897.50" CO="489.04" HC="2.61" NOx="5.45" PMx="0.46" fuel="5.97" electricity="0.00" noise="81.04" route="routetop" type="cfm_slow" waiting="0.00" lane="top_0" pos="5.19" speed="47.00" angle="265.18" x="53.03" y="128.10"/>
        <vehicle id="cfm_slow_1" eclass="HBEFA3/PC_G_EU4" CO2="13875.49" CO="488.64" HC="2.61" NOx="5.44" PMx="0.45" fuel="5.96" electricity="0.00" noise="81.03" route="routetop" type="cfm_slow" waiting="0.00" lane="top_0" pos="45.19" speed="47.00" angle="193.21" x="-0.90" y="73.51"/>
        <vehicle id="cfm_slow_2" eclass="HBEFA3/PC_G_EU4" CO2="0.00" CO="0.00" HC="0.00" NOx="0.00" PMx="0.00" fuel="0.00" electricity="0.00" noise="81.03" route="routetop" type="cfm_slow" waiting="0.00" lane="left_0" pos="35.19" speed="47.00" angle="121.23" x="34.35" y="5.30"/>
        <vehicle id="cfm_slow_3" eclass="HBEFA3/PC_G_EU4" CO2="0.00" CO="0.00" HC="0.00" NOx="0.00" PMx="0.00" fuel="0.00" electricity="0.00" noise="81.03" route="routebottom" type="cfm_slow" waiting="0.00" lane="bottom_0" pos="25.19" speed="47.00" angle="49.16" x="110.11" y="17.77"/>
        <vehicle id="cfm_slow_4" eclass="HBEFA3/PC_G_EU4" CO2="13875.45" CO="488.59" HC="2.61" NOx="5.44" PMx="0.45" fuel="5.96" electricity="0.00" noise="81.03" route="routebottom" type="cfm_slow" waiting="0.00" lane="right_0" pos="15.19" speed="47.00" angle="337.07" x="121.66" y="93.67"/>
    </timestep>
    <timestep time="12.60">
        <vehicle id="cfm_slow_0" eclass="HBEFA3/PC_G_EU4" CO2="13895.04" CO="489.00" HC="2.61" NOx="5.45" PMx="0.46" fuel="5.97" electricity="0.00" noise="81.04" route="routetop" type="cfm_slow" waiting="0.00" lane="top_0" pos="9.89" speed="47.00" angle="256.68" x="43.67" y="125.84"/>
        <vehicle id="cfm_slow_1" eclass="HBEFA3/PC_G_EU4" CO2="13872.94" CO="488.59" HC="2.61" NOx="5.44" PMx="0.45" fuel="5.96" electricity="0.00" noise="81.03" route="routetop" type="cfm_slow" waiting="0.00" lane="top_0" pos="49.89" speed="47.00" angle="184.67" x="-1.65" y="63.91"/>
        <vehicle id="cfm_slow_2" eclass="HBEFA3/PC_G_EU4" CO2="0.00" CO="0.00" HC="0.00" NOx="0.00" PMx="0.00" fuel="0.00" electricity="0.00" noise="81.03" route="routetop" type="cfm_slow" waiting="0.00" lane="left_0" pos="39.89" speed="47.00" angle="112.70" x="43.25" y="1.63"/>
        <vehicle id="cfm_slow_3" eclass="HBEFA3/PC_G_EU4" CO2="0.00" CO="0.00" HC="0.00" NOx="0.00" PMx="0.00" fuel="0.00" electricity="0.00" noise="81.03" route="routebottom" type="cfm_slow" waiting="0.00" lane="bottom_0" pos="29.89" speed="47.00" angle="40.68" x="116.35" y="25.10"/>
        <vehicle id="cfm_slow_4" eclass="HBEFA3/PC_G_EU4" CO2="13876.59" CO="488.62" HC="2.61" NOx="5.44" PMx="0.45" fuel="5.97" electricity="0.00" noise="81.03" route="routebottom" type="cfm_slow" waiting="0.00" lane="right_0" pos="19.89" speed="47.00" angle="328.64" x="116.61" y="101.87"/>
    </timestep>
    <timestep time="12.70">
        <vehicle id="cfm_slow_0" eclass="HBEFA3/PC_G_EU4" CO2="13892.60" CO="488.95" HC="2.61" NOx="5.45" PMx="0.46" fuel="5.97" electricity="0.00" noise="81.04" route="routetop" type="cfm_slow" waiting="0.00" lane="top_0" pos="14.59" speed="47.00" angle="248.21" x="34.75" y="122.22"/>
        <vehicle id="cfm_slow_1" eclass="HBEFA3/PC_G_EU4" CO2="13870.69" CO="488.54" HC="2.61" NOx="5.44" PMx="0.45" fuel="5.96" electricity="0.00" noise="81.03" route="routetop" type="cfm_slow" waiting="0.00" lane="left_0" pos="4.59" speed="47.00" angle="176.25" x="-0.96" y="54.25"/>
        <vehicle id="cfm_slow_2" eclass="HBEFA3/PC_G_EU4" CO2="0.00" CO="0.00" HC="0.00" NOx="0.00" PMx="0.00" fuel="0.00" electricity="0.00" noise="81.03" route="routetop" type="cfm_slow" waiting="0.00" lane="left_0" pos="44.59" speed="47.00" angle="104.25" x="52.60" y="-0.70"/>
        <vehicle id="cfm_slow_3" eclass="HBEFA3/PC_G_EU4" CO2="0.00" CO="0.00" HC="0.00" NOx="0.00" PMx="0.00" fuel="0.00" electricity="0.00" noise="81.03" route="routebottom" type="cfm_slow" waiting="0.00" lane="bottom_0" pos="34.59" speed="47.00" angle="32.30" x="121.47" y="33.26"/>
        <vehicle id="cfm_slow_4" eclass="HBEFA3/PC_G_EU4" CO2="13877.43" CO="488.64" HC="2.61" NOx="5.44" PMx="0.45" fuel="5.97" electricity="0.00" noise="81.03" route="routebottom" type="cfm_slow" waiting="0.00" lane="right_0" pos="24.59" speed="47.00" angle="320.28" x="110.43" y="109.24"/>
    </timestep>
    <timestep time="12.80">
        <vehicle id="cfm_slow_0" eclass="HBEFA3/PC_G_EU4" CO2="13890.20" CO="488.91" HC="2.61" NOx="5.44" PMx="0.46" fuel="5.97" electricity="0.00" noise="81.04" route="routetop" type="cfm_slow" waiting="0.00" lane="top_0" pos="19.29" speed="47.00" angle="239.76" x="26.45" y="117.33"/>
        <vehicle id="cfm_slow_1" eclass="HBEFA3/PC_G_EU4" CO2="13868.72" CO="488.50" HC="2.61" NOx="5.43" PMx="0.45" fuel="5.96" electricity="0.00" noise="81.03" route="routetop" type="cfm_slow" waiting="0.00" lane="left_0" pos="9.29" speed="47.00" angle="167.73" x="1.13" y="44.85"/>
        <vehicle id="cfm_slow_2" eclass="HBEFA3/PC_G_EU4" CO2="0.00" CO="0.00" HC="0.00" NOx="0.00" PMx="0.00" fuel="0.00" electricity="0.00" noise="81.03" route="routetop" type="cfm_slow" waiting="0.00" lane="left_0" pos="49.29" speed="47.00" angle="95.80" x="62.18" y="-1.62"/>
        <vehicle id="cfm_slow_3" eclass="HBEFA3/PC_G_EU4" CO2="0.00" CO="0.00" HC="0.00" NOx="0.00" PMx="0.00" fuel="0.00" electricity="0.00" noise="81.03" route="routebottom" type="cfm_slow" waiting="0.00" lane="bottom_0" pos="39.29" speed="47.00" angle="23.77" x="125.30" y="42.09"/>
        <vehicle id="cfm_slow_4" eclass="HBEFA3/PC_G_EU4" CO2="13878.02" CO="488.65" HC="2.61" NOx="5.44" PMx="0.45" fuel="5.97" electricity="0.00" noise="81.03" route="routebottom" type="cfm_slow" waiting="0.00" lane="right_0" pos="29.29" speed="47.00" angle="311.70" x="103.21" y="115.62"/>
    </timestep>
    <timestep time="12.90">
        <vehicle id="cfm_slow_0" eclass="HBEFA3/PC_G_EU4" CO2="13887.87" CO="488.86" HC="2.61" NOx="5.44" PMx="0.46" fuel="5.97" electricity="0.00" noise="81.04" route="routetop" type="cfm_slow" waiting="0.00" lane="top_0" pos="23.99" speed="47.00" angle="231.28" x="18.97" y="111.27"/>
        <vehicle id="cfm_slow_1" eclass="HBEFA3/PC_G_EU4" CO2="0.00" CO="0.00" HC="0.00" NOx="0.00" PMx="0.00" fuel="0.00" electricity="0.00" noise="81.03" route="routetop" type="cfm_slow" waiting="0.00" lane="left_0" pos="13.99" speed="47.00" angle="159.33" x="4.56" y="35.86"/>
        <vehicle id="cfm_slow_2" eclass="HBEFA3/PC_G_EU4" CO2="0.00" CO="0.00" HC="0.00" NOx="0.00" PMx="0.00" fuel="0.00" electricity="0.00" noise="81.03" route="routebottom" type="cfm_slow" waiting="0.00" lane="bottom_0" pos="3.99" speed="47.00" angle="87.35" x="71.85" y="-1.13"/>
        <vehicle id="cfm_slow_3" eclass="HBEFA3/PC_G_EU4" CO2="0.00" CO="0.00" HC="0.00" NOx="0.00" PMx="0.00" fuel="0.00" electricity="0.00" noise="81.03" route="routebottom" type="cfm_slow" waiting="0.00" lane="bottom_0" pos="43.99" speed="47.00" angle="15.39" x="127.80" y="51.39"/>
        <vehicle id="cfm_slow_4" eclass="HBEFA3/PC_G_EU4" CO2="13878.38" CO="488.66" HC="2.61" NOx="5.44" PMx="0.45" fuel="5.97" electricity="0.00" noise="81.03" route="routebottom" type="cfm_slow" waiting="0.00" lane="right_0" pos="33.99" speed="47.00" angle="303.36" x="95.14" y="120.87"/>
    </timestep>
    <timestep time="13.00">
        <vehicle id="cfm_slow_0" eclass="HBEFA3/PC_G_EU4" CO2="13885.62" CO="488.82" HC="2.61" NOx="5.44" PMx="0.46" fuel="5.97" electricity="0.00" noise="81.04" route="routetop" type="cfm_slow" waiting="0.00" lane="top_0" pos="28.69" speed="47.00" angle="222.84" x="12.46" y="104.18"/>
        <vehicle id="cfm_slow_1" eclass="HBEFA3/PC_G_EU4" CO2="0.00" CO="0.00" HC="0.00" NOx="0.00" PMx="0.00" fuel="0.00" electricity="0.00" noise="81.03" route="routetop" type="cfm_slow" waiting="0.00" lane="left_0" pos="18.69" speed="47.00" angle="150.79" x="9.31" y="27.48"/>
        <vehicle id="cfm_slow_2" eclass="HBEFA3/PC_G_EU4" CO2="0.00" CO="0.00" HC="0.00" NOx="0.00" PMx="0.00" fuel="0.00" electricity="0.00" noise="81.03" route="routebottom" type="cfm_slow" waiting="0.00" lane="bottom_0" pos="8.69" speed="47.00" angle="78.78" x="81.29" y="0.78"/>
        <vehicle id="cfm_slow_3" eclass="HBEFA3/PC_G_EU4" CO2="0.00" CO="0.00" HC="0.00" NOx="0.00" PMx="0.00" fuel="0.00" electricity="0.00" noise="81.03" route="routebottom" type="cfm_slow" waiting="0.00" lane="bottom_0" pos="48.69" speed="47.00" angle="6.85" x="128.91" y="60.95"/>
        <vehicle id="cfm_slow_4" eclass="HBEFA3/PC_G_EU4" CO2="13878.53" CO="488.66" HC="2.61" NOx="5.44" PMx="0.45" fuel="5.97" electricity="0.00" noise="81.03" route="routebottom" type="cfm_slow" waiting="0.00" lane="right_0" pos="38.69" speed="47.00" angle="294.85" x="86.39" y="124.88"/>
    </timestep>
    <timestep time="13.10">
        <vehicle id="cfm_slow_0" eclass="HBEFA3/PC_G_EU4" CO2="13883.48" CO="488.78" HC="2.61" NOx="5.44" PMx="0.45" fuel="5.97" electricity="0.00" noise="81.04" route="routetop" type="cfm_slow" waiting="0.00" lane="top_0" pos="33.39" speed="47.00" angle="214.46" x="7.04" y="96.22"/>
        <vehicle id="cfm_slow_1" eclass="HBEFA3/PC_G_EU4" CO2="0.00" CO="0.00" HC="0.00" NOx="0.00" PMx="0.00" fuel="0.00" electricity="0.00" noise="81.03" route="routetop" type="cfm_slow" waiting="0.00" lane="left_0" pos="23.39" speed="47.00" angle="142.39" x="15.22" y="19.88"/>
        <vehicle id="cfm_slow_2" eclass="HBEFA3/PC_G_EU4" CO2="0.00" CO="0.00" HC="0.00" NOx="0.00" PMx="0.00" fuel="0.00" electricity="0.00" noise="81.03" route="routebottom" type="cfm_slow" waiting="0.00" lane="bottom_0" pos="13.39" speed="47.00" angle="70.42" x="90.34" y="4.06"/>
        <vehicle id="cfm_slow_3" eclass="HBEFA3/PC_G_EU4" CO2="0.00" CO="0.00" HC="0.00" NOx="0.00" PMx="0.00" fuel="0.00" electricity="0.00" noise="81.03" route="routebottom" type="cfm_slow" waiting="0.00" lane="right_0" pos="3.39" speed="47.00" angle="358.40" x="128.59" y="70.63"/>
        <vehicle id="cfm_slow_4" eclass="HBEFA3/PC_G_EU4" CO2="13878.49" CO="488.67" HC="2.61" NOx="5.44" PMx="0.45" fuel="5.97" electricity="0.00" noise="81.03" route="routebottom" type="cfm_slow" waiting="0.00" lane="right_0" pos="43.39" speed="47.00" angle="286.45" x="77.14" y="127.56"/>
    </timestep>
    <timestep time="13.20">
        <vehicle id="cfm_slow_0" eclass="HBEFA3/PC_G_EU4" CO2="13881.46" CO="488.74" HC="2.61" NOx="5.44" PMx="0.45" fuel="5.97" electricity="0.00" noise="81.03" route="routetop" type="cfm_slow" waiting="0.00" lane="top_0" pos="38.09" speed="47.00" angle="205.91" x="2.89" y="87.54"/>
        <vehicle id="cfm_slow_1" eclass="HBEFA3/PC_G_EU4" CO2="0.00" CO="0.00" HC="0.00" NOx="0.00" PMx="0.00" fuel="0.00" electricity="0.00" noise="81.03" route="routetop" type="cfm_slow" waiting="0.00" lane="left_0" pos="28.09" speed="47.00" angle="133.92" x="22.18" y="13.23"/>
        <vehicle id="cfm_slow_2" eclass="HBEFA3/PC_G_EU4" CO2="0.00" CO="0.00" HC="0.00" NOx="0.00" PMx="0.00" fuel="0.00" electricity="0.00" noise="81.03" route="routebottom" type="cfm_slow" waiting="0.00" lane="bottom_0" pos="18.09" speed="47.00" angle="61.92" x="98.82" y="8.63"/>
        <vehicle id="cfm_slow_3" eclass="HBEFA3/PC_G_EU4" CO2="0.00" CO="0.00" HC="0.00" NOx="0.00" PMx="0.00" fuel="0.00" electricity="0.00" noise="81.03" route="routebottom" type="cfm_slow" waiting="0.00" lane="right_0" pos="8.09" speed="47.00" angle="349.89" x="126.86" y="80.10"/>
        <vehicle id="cfm_slow_4" eclass="HBEFA3/PC_G_EU4" CO2="13878.30" CO="488.66" HC="2.61" NOx="5.44" PMx="0.45" fuel="5.97" electricity="0.00" noise="81.03" route="routebottom" type="cfm_slow" waiting="0.00" lane="right_0" pos="48.09" speed="47.00" angle="277.96" x="67.60" y="128.85"/>
    </timestep>
    <timestep time="13.30">
        <vehicle id="cfm_slow_0" eclass="HBEFA3/PC_G_EU4" CO2="13879.56" CO="488.70" HC="2.61" NOx="5.44" PMx="0.45" fuel="5.97" electricity="0.00" noise="81.03" route="routetop" type="cfm_slow" waiting="0.00" lane="top_0" pos="42.79" speed="47.00" angle="197.49" x="0.03" y="78.34"/>
        <vehicle id="cfm_slow_1" eclass="HBEFA3/PC_G_EU4" CO2="0.00" CO="0.00" HC="0.00" NOx="0.00" PMx="0.00" fuel="0.00" electricity="0.00" noise="81.03" route="routetop" type="cfm_slow" waiting="0.00" lane="left_0" pos="32.79" speed="47.00" angle="125.49" x="30.05" y="7.68"/>
        <vehicle id="cfm_slow_2" eclass="HBEFA3/PC_G_EU4" CO2="0.00" CO="0.00" HC="0.00" NOx="0.00" PMx="0.00" fuel="0.00" electricity="0.00" noise="81.03" route="routebottom" type="cfm_slow" waiting="0.00" lane="bottom_0" pos="22.79" speed="47.00" angle="53.45" x="106.53" y="14.40"/>
        <vehicle id="cfm_slow_3" eclass="HBEFA3/PC_G_EU4" CO2="13866.77" CO="488.43" HC="2.61" NOx="5.43" PMx="0.45" fuel="5.96" electricity="0.00" noise="81.03" route="routebottom" type="cfm_slow" waiting="0.00" lane="right_0" pos="12.79" speed="47.00" angle="341.50" x="123.77" y="89.22"/>
        <vehicle id="cfm_slow_4" eclass="HBEFA3/PC_G_EU4" CO2="13877.98" CO="488.66" HC="2.61" NOx="5.44" PMx="0.45" fuel="5.97" electricity="0.00" noise="81.03" route="routetop" type="cfm_slow" waiting="0.00" lane="top_0" pos="2.79" speed="47.00" angle="269.49" x="57.91" y="128.72"/>
    </timestep>
    <timestep time="13.40">
        <vehicle id="cfm_slow_0" eclass="HBEFA3/PC_G_EU4" CO2="13877.79" CO="488.67" HC="2.61" NOx="5.44" PMx="0.45" fuel="5.97" electricity="0.00" noise="81.03" route="routetop" type="cfm_slow" waiting="0.00" lane="top_0" pos="47.49" speed="47.00" angle="189.07" x="-1.45" y="68.83"/>
        <vehicle id="cfm_slow_1" eclass="HBEFA3/PC_G_EU4" CO2="0.00" CO="0.00" HC="0.00" NOx="0.00" PMx="0.00" fuel="0.00" electricity="0.00" noise="81.03" route="routetop" type="cfm_slow" waiting="0.00" lane="left_0" pos="37.49" speed="47.00" angle="117.03" x="38.64" y="3.34"/>
        <vehicle id="cfm_slow_2" eclass="HBEFA3/PC_G_EU4" CO2="0.00" CO="0.00" HC="0.00" NOx="0.00" PMx="0.00" fuel="0.00" electricity="0.00" noise="81.03" route="routebottom" type="cfm_slow" waiting="0.00" lane="bottom_0" pos="27.49" speed="47.00" angle="45.02" x="113.30" y="21.24"/>
        <vehicle id="cfm_slow_3" eclass="HBEFA3/PC_G_EU4" CO2="13867.77" CO="488.45" HC="2.61" NOx="5.43" PMx="0.45" fuel="5.96" electricity="0.00" noise="81.03" route="routebottom" type="cfm_slow" waiting="0.00" lane="right_0" pos="17.49" speed="47.00" angle="333.02" x="119.35" y="97.78"/>
        <vehicle id="cfm_slow_4" eclass="HBEFA3/PC_G_EU4" CO2="13877.55" CO="488.65" HC="2.61" NOx="5.44" PMx="0.45" fuel="5.97" electricity="0.00" noise="81.03" route="routetop" type="cfm_slow" waiting="0.00" lane="top_0" pos="7.49" speed="47.00" angle="260.91" x="48.41" y="127.16"/>
    </timestep>
    <timestep time="13.50">
        <vehicle id="cfm_slow_0" eclass="HBEFA3/PC_G_EU4" CO2="13876.16" CO="488.63" HC="2.61" NOx="5.44" PMx="0.45" fuel="5.96" electricity="0.00" noise="81.03" route="routetop" type="cfm_slow" waiting="0.00" lane="left_0" pos="2.19" speed="47.00" angle="180.54" x="-1.48" y="59.14"/>
        <vehicle id="cfm_slow_1" eclass="HBEFA3/PC_G_EU4" CO2="0.00" CO="0.00" HC="0.00" NOx="0.00" PMx="0.00" fuel="0.00" electricity="0.00" noise="81.03" route="routetop" type="cfm_slow" waiting="0.00" lane="left_0" pos="42.19" speed="47.00" angle="108.52" x="47.78" y="0.32"/>
        <vehicle id="cfm_slow_2" eclass="HBEFA3/PC_G_EU4" CO2="0.00" CO="0.00" HC="0.00" NOx="0.00" PMx="0.00" fuel="0.00" electricity="0.00" noise="81.03" route="routebottom" type="cfm_slow" waiting="0.00" lane="bottom_0" pos="32.19" speed="47.00" angle="36.62" x="119.01" y="28.99"/>
        <vehicle id="cfm_slow_3" eclass="HBEFA3/PC_G_EU4" CO2="13868.62" CO="488.47" HC="2.61" NOx="5.43" PMx="0.45" fuel="5.96" electricity="0.00" noise="81.03" route="routebottom" type="cfm_slow" waiting="0.00" lane="right_0" pos="22.19" speed="47.00" angle="324.53" x="113.72" y="105.59"/>
        <vehicle id="cfm_slow_4" eclass="HBEFA3/PC_G_EU4" CO2="13877.04" CO="488.64" HC="2.61" NOx="5.44" PMx="0.45" fuel="5.97" electricity="0.00" noise="81.03" route="routetop" type="cfm_slow" waiting="0.00" lane="top_0" pos="12.19" speed="47.00" angle="252.51" x="39.24" y="124.22"/>
    </timestep>
    <timestep time="13.60">
        <vehicle id="cfm_slow_0" eclass="HBEFA3/PC_G_EU4" CO2="13874.67" CO="488.61" HC="2.61" NOx="5.44" PMx="0.45" fuel="5.96" electricity="0.00" noise="81.03" route="routetop" type="cfm_slow" waiting="0.00" lane="left_0" pos="6.89" speed="47.00" angle="172.06" x="-0.11" y="49.61"/>
        <vehicle id="cfm_slow_1" eclass="HBEFA3/PC_G_EU4" CO2="0.00" CO="0.00" HC="0.00" NOx="0.00" PMx="0.00" fuel="0.00" electricity="0.00" noise="81.03" route="routetop" type="cfm_slow" waiting="0.00" lane="left_0" pos="46.89" speed="47.00" angle="100.14" x="57.27" y="-1.33"/>
        <vehicle id="cfm_slow_2" eclass="HBEFA3/PC_G_EU4" CO2="0.00" CO="0.00" HC="0.00" NOx="0.00" PMx="0.00" fuel="0.00" electricity="0.00" noise="81.03" route="routebottom" type="cfm_slow" waiting="0.00" lane="bottom_0" pos="36.89" speed="47.00" angle="28.04" x="123.50" y="37.51"/>
        <vehicle id="cfm_slow_3" eclass="HBEFA3/PC_G_EU4" CO2="13869.34" CO="488.48" HC="2.61" NOx="5.44" PMx="0.45" fuel="5.96" electricity="0.00" noise="81.03" route="routebottom" type="cfm_slow" waiting="0.00" lane="right_0" pos="26.89" speed="47.00" angle="316.18" x="107.02" y="112.51"/>
        <vehicle id="cfm_slow_4" eclass="HBEFA3/PC_G_EU4" CO2="13876.45" CO="488.63" HC="2.61" NOx="5.44" PMx="0.45" fuel="5.96" electricity="0.00" noise="81.03" route="routetop" type="cfm_slow" waiting="0.00" lane="top_0" pos="16.89" speed="47.00" angle="244.13" x="30.60" y="119.98"/>
    </timestep>
    <timestep time="13.70">
        <vehicle id="cfm_slow_0" eclass="HBEFA3/PC_G_EU4" CO2="13873.31" CO="488.58" HC="2.61" NOx="5.44" PMx="0.45" fuel="5.96" electricity="0.00" noise="81.03" route="routetop" type="cfm_slow" waiting="0.00" lane="left_0" pos="11.59" speed="47.00" angle="163.60" x="2.65" y="40.39"/>
        <vehicle id="cfm_slow_1" eclass="HBEFA3/PC_G_EU4" CO2="0.00" CO="0.00" HC="0.00" NOx="0.00" PMx="0.00" fuel="0.00" electricity="0.00" noise="81.03" route="routebottom" type="cfm_slow" waiting="0.00" lane="bottom_0" pos="1.59" speed="47.00" angle="91.63" x="66.95" y="-1.56"/>
        <vehicle id="cfm_slow_2" eclass="HBEFA3/PC_G_EU4" CO2="0.00" CO="0.00" HC="0.00" NOx="0.00" PMx="0.00" fuel="0.00" electricity="0.00" noise="81.03" route="routebottom" type="cfm_slow" waiting="0.00" lane="bottom_0" pos="41.59" speed="47.00" angle="19.65" x="126.69" y="46.59"/>
        <vehicle id="cfm_slow_3" eclass="HBEFA3/PC_G_EU4" CO2="13869.93" CO="488.50" HC="2.61" NOx="5.44" PMx="0.45" fuel="5.96" electricity="0.00" noise="81.03" route="routebottom" type="cfm_slow" waiting="0.00" lane="right_0" pos="31.59" speed="47.00" angle="307.61" x="99.36" y="118.34"/>
        <vehicle id="cfm_slow_4" eclass="HBEFA3/PC_G_EU4" CO2="13875.82" CO="488.62" HC="2.61" NOx="5.44" PMx="0.45" fuel="5.96" electricity="0.00" noise="81.03" route="routetop" type="cfm_slow" waiting="0.00" lane="top_0" pos="21.59" speed="47.00" angle="235.60" x="22.68" y="114.50"/>
    </timestep>
    <timestep time="13.80">
        <vehicle id="cfm_slow_0" eclass="HBEFA3/PC_G_EU4" CO2="13872.10" CO="488.55" HC="2.61" NOx="5.44" PMx="0.45" fuel="5.96" electricity="0.00" noise="81.03" route="routetop" type="cfm_slow" waiting="0.00" lane="left_0" pos="16.29" speed="47.00" angle="155.18" x="6.73" y="31.67"/>
        <vehicle id="cfm_slow_1" eclass="HBEFA3/PC_G_EU4" CO2="0.00" CO="0.00" HC="0.00" NOx="0.00" PMx="0.00" fuel="0.00" electricity="0.00" noise="81.03" route="routebottom" type="cfm_slow" waiting="0.00" lane="bottom_0" pos="6.29" speed="47.00" angle="83.12" x="76.51" y="-0.37"/>
        <vehicle id="cfm_slow_2" eclass="HBEFA3/PC_G_EU4" CO2="0.00" CO="0.00" HC="0.00" NOx="0.00" PMx="0.00" fuel="0.00" electricity="0.00" noise="81.03" route="routebottom" type="cfm_slow" waiting="0.00" lane="bottom_0" pos="46.29" speed="47.00" angle="11.22" x="128.53" y="56.04"/>
        <vehicle id="cfm_slow_3" eclass="HBEFA3/PC_G_EU4" CO2="13870.40" CO="488.51" HC="2.61" NOx="5.44" PMx="0.45" fuel="5.96" electricity="0.00" noise="81.03" route="routebottom" type="cfm_slow" waiting="0.00" lane="right_0" pos="36.29" speed="47.00" angle="299.20" x="90.93" y="123.00"/>
        <vehicle id="cfm_slow_4" eclass="HBEFA3/PC_G_EU4" CO2="13875.15" CO="488.61" HC="2.61" NOx="5.44" PMx="0.45" fuel="5.96" electricity="0.00" noise="81.03" route="routetop" type="cfm_slow" waiting="0.00" lane="top_0" pos="26.29" speed="47.00" angle="227.21" x="15.65" y="107.92"/>
    </timestep>
    <timestep time="13.90">
        <vehicle id="cfm_slow_0" eclass="HBEFA3/PC_G_EU4" CO2="13871.01" CO="488.53" HC="2.61" NOx="5.44" PMx="0.45" fuel="5.96" electricity="0.00" noise="81.03" route="routetop" type="cfm_slow" waiting="0.00" lane="left_0" pos="20.99" speed="47.00" angle="146.69" x="12.06" y="23.65"/>
        <vehicle id="cfm_slow_1" eclass="HBEFA3/PC_G_EU4" CO2="0.00" CO="0.00" HC="0.00" NOx="0.00" PMx="0.00" fuel="0.00" electricity="0.00" noise="81.03" route="routebottom" type="cfm_slow" waiting="0.00" lane="bottom_0" pos="10.99" speed="47.00" angle="74.67" x="85.78" y="2.22"/>
        <vehicle id="cfm_slow_2" eclass="HBEFA3/PC_G_EU4" CO2="0.00" CO="0.00" HC="0.00" NOx="0.00" PMx="0.00" fuel="0.00" electricity="0.00" noise="81.03" route="routebottom" type="cfm_slow" waiting="0.00" lane="right_0" pos="0.99" speed="47.00" angle="2.68" x="128.93" y="65.72"/>
        <vehicle id="cfm_slow_3" eclass="HBEFA3/PC_G_EU4" CO2="13870.76" CO="488.52" HC="2.61" NOx="5.44" PMx="0.45" fuel="5.96" electricity="0.00" noise="81.03" route="routebottom" type="cfm_slow" waiting="0.00" lane="right_0" pos="40.99" speed="47.00" angle="290.75" x="81.92" y="126.37"/>
        <vehicle id="cfm_slow_4" eclass="HBEFA3/PC_G_EU4" CO2="13874.46" CO="488.60" HC="2.61" NOx="5.44" PMx="0.45" fuel="5.96" electricity="0.00" noise="81.03" route="routetop" type="cfm_slow" waiting="0.00" lane="top_0" pos="30.99" speed="47.00" angle="218.68" x="9.67" y="100.38"/>
    </timestep>
    <timestep time="14.00">
        <vehicle id="cfm_slow_0" eclass="HBEFA3/PC_G_EU4" CO2="13870.05" CO="488.51" HC="2.61" NOx="5.44" PMx="0.45" fuel="5.96" electricity="0.00" noise="81.03" route="routetop" type="cfm_slow" waiting="0.00" lane="left_0" pos="25.69" speed="47.00" angle="138.29" x="18.50" y="16.49"/>
        <vehicle id="cfm_slow_1" eclass="HBEFA3/PC_G_EU4" CO2="0.00" CO="0.00" HC="0.00" NOx="0.00" PMx="0.00" fuel="0.00" electricity="0.00" noise="81.03" route="routebottom" type="cfm_slow" waiting="0.00" lane="bottom_0" pos="15.69" speed="47.00" angle="66.28" x="94.57" y="6.14"/>
        <vehicle id="cfm_slow_2" eclass="HBEFA3/PC_G_EU4" CO2="0.00" CO="0.00" HC="0.00" NOx="0.00" PMx="0.00" fuel="0.00" electricity="0.00" noise="81.03" route="routebottom" type="cfm_slow" waiting="0.00" lane="right_0" pos="5.69" speed="47.00" angle="354.26" x="127.92" y="75.30"/>
        <vehicle id="cfm_slow_3" eclass="HBEFA3/PC_G_EU4" CO2="13871.01" CO="488.52" HC="2.61" NOx="5.44" PMx="0.45" fuel="5.96" electricity="0.00" noise="81.03" route="routebottom" type="cfm_slow" waiting="0.00" lane="right_0" pos="45.69" speed="47.00" angle="282.24" x="72.50" y="128.36"/>
        <vehicle id="cfm_slow_4" eclass="HBEFA3/PC_G_EU4" CO2="13873.77" CO="488.58" HC="2.61" NOx="5.44" PMx="0.45" fuel="5.96" electricity="0.00" noise="81.03" route="routetop" type="cfm_slow" waiting="0.00" lane="top_0" pos="35.69" speed="47.00" angle="210.31" x="4.84" y="92.05"/>
    </timestep>
    <timestep time="14.10">
        <vehicle id="cfm_slow_0" eclass="HBEFA3/PC_G_EU4" CO2="13869.21" CO="488.50" HC="2.61" NOx="5.44" PMx="0.45" fuel="5.96" electricity="0.00" noise="81.03" route="routetop" type="cfm_slow" waiting="0.00" lane="left_0" pos="30.39" speed="47.00" angle="129.76" x="25.93" y="10.37"/>
        <vehicle id="cfm_slow_1" eclass="HBEFA3/PC_G_EU4" CO2="0.00" CO="0.00" HC="0.00" NOx="0.00" PMx="0.00" fuel="0.00" electricity="0.00" noise="81.03" route="routebottom" type="cfm_slow" waiting="0.00" lane="bottom_0" pos="20.39" speed="47.00" angle="57.71" x="102.70" y="11.31"/>
        <vehicle id="cfm_slow_2" eclass="HBEFA3/PC_G_EU4" CO2="0.00" CO="0.00" HC="0.00" NOx="0.00" PMx="0.00" fuel="0.00" electricity="0.00" noise="81.03" route="routebottom" type="cfm_slow" waiting="0.00" lane="right_0" pos="10.39" speed="47.00" angle="345.82" x="125.52" y="84.62"/>
        <vehicle id="cfm_slow_3" eclass="HBEFA3/PC_G_EU4" CO2="13871.17" CO="488.53" HC="2.61" NOx="5.44" PMx="0.45" fuel="5.96" electricity="0.00" noise="81.03" route="routetop" type="cfm_slow" waiting="0.00" lane="top_0" pos="0.39" speed="47.00" angle="273.77" x="62.83" y="128.95"/>
        <vehicle id="cfm_slow_4" eclass="HBEFA3/PC_G_EU4" CO2="13873.08" CO="488.57" HC="2.61" NOx="5.44" PMx="0.45" fuel="5.96" electricity="0.00" noise="81.03" route="routetop" type="cfm_slow" waiting="0.00" lane="top_0" pos="40.39" speed="47.00" angle="201.78" x="1.32" y="83.09"/>
    </timestep>
    <timestep time="14.20">
        <vehicle id="cfm_slow_0" eclass="HBEFA3/PC_G_EU4" CO2="13868.48" CO="488.48" HC="2.61" NOx="5.43" PMx="0.45" fuel="5.96" electricity="0.00" noise="81.03" route="routetop" type="cfm_slow" waiting="0.00" lane="left_0" pos="35.09" speed="47.00" angle="121.41" x="34.17" y="5.39"/>
        <vehicle id="cfm_slow_1" eclass="HBEFA3/PC_G_EU4" CO2="0.00" CO="0.00" HC="0.00" NOx="0.00" PMx="0.00" fuel="0.00" electricity="0.00" noise="81.03" route="routebottom" type="cfm_slow" waiting="0.00" lane="bottom_0" pos="25.09" speed="47.00" angle="49.36" x="109.97" y="17.62"/>
        <vehicle id="cfm_slow_2" eclass="HBEFA3/PC_G_EU4" CO2="0.00" CO="0.00" HC="0.00" NOx="0.00" PMx="0.00" fuel="0.00" electricity="0.00" noise="81.03" route="routebottom" type="cfm_slow" waiting="0.00" lane="right_0" pos="15.09" speed="47.00" angle="337.26" x="121.76" y="93.49"/>
        <vehicle id="cfm_slow_3" eclass="HBEFA3/PC_G_EU4" CO2="13871.25" CO="488.53" HC="2.61" NOx="5.44" PMx="0.45" fuel="5.96" electricity="0.00" noise="81.03" route="routetop" type="cfm_slow" waiting="0.00" lane="top_0" pos="5.09" speed="47.00" angle="265.35" x="53.23" y="128.14"/>
        <vehicle id="cfm_slow_4" eclass="HBEFA3/PC_G_EU4" CO2="13872.41" CO="488.56" HC="2.61" NOx="5.44" PMx="0.45" fuel="5.96" electricity="0.00" noise="81.03" route="routetop" type="cfm_slow" waiting="0.00" lane="top_0" pos="45.09" speed="47.00" angle="193.39" x="-0.87" y="73.71"/>
    </timestep>
    <timestep time="14.30">
        <vehicle id="cfm_slow_0" eclass="HBEFA3/PC_G_EU4" CO2="13867.87" CO="488.47" HC="2.61" NOx="5.43" PMx="0.45" fuel="5.96" electricity="0.00" noise="81.03" route="routetop" type="cfm_slow" waiting="0.00" lane="left_0" pos="39.79" speed="47.00" angle="112.89" x="43.06" y="1.69"/>
        <vehicle id="cfm_slow_1" eclass="HBEFA3/PC_G_EU4" CO2="0.00" CO="0.00" HC="0.00" NOx="0.00" PMx="0.00" fuel="0.00" electricity="0.00" noise="81.03" route="routebottom" type="cfm_slow" waiting="0.00" lane="bottom_0" pos="29.79" speed="47.00" angle="40.86" x="116.23" y="24.93"/>
        <vehicle id="cfm_slow_2" eclass="HBEFA3/PC_G_EU4" CO2="0.00" CO="0.00" HC="0.00" NOx="0.00" PMx="0.00" fuel="0.00" electricity="0.00" noise="81.03" route="routebottom" type="cfm_slow" waiting="0.00" lane="right_0" pos="19.79" speed="47.00" angle="328.83" x="116.73" y="101.70"/>
        <vehicle id="cfm_slow_3" eclass="HBEFA3/PC_G_EU4" CO2="13871.26" CO="488.53" HC="2.61" NOx="5.44" PMx="0.45" fuel="5.96" electricity="0.00" noise="81.03" route="routetop" type="cfm_slow" waiting="0.00" lane="top_0" pos="9.79" speed="47.00" angle="256.87" x="43.87" y="125.90"/>
        <vehicle id="cfm_slow_4" eclass="HBEFA3/PC_G_EU4" CO2="13871.76" CO="488.55" HC="2.61" NOx="5.44" PMx="0.45" fuel="5.96" electricity="0.00" noise="81.03" route="routetop" type="cfm_slow" waiting="0.00" lane="top_0" pos="49.79" speed="47.00" angle="184.85" x="-1.64" y="64.12"/>
    </timestep>
    <timestep time="14.40">
        <vehicle id="cfm_slow_0" eclass="HBEFA3/PC_G_EU4" CO2="13867.35" CO="488.46" HC="2.61" NOx="5.43" PMx="0.45" fuel="5.96" electricity="0.00" noise="81.03" route="routetop" type="cfm_slow" waiting="0.00" lane="left_0" pos="44.49" speed="47.00" angle="104.44" x="52.39" y="-0.66"/>
        <vehicle id="cfm_slow_1" eclass="HBEFA3/PC_G_EU4" CO2="0.00" CO="0.00" HC="0.00" NOx="0.00" PMx="0.00" fuel="0.00" electricity="0.00" noise="81.03" route="routebottom" type="cfm_slow" waiting="0.00" lane="bottom_0" pos="34.49" speed="47.00" angle="32.44" x="121.37" y="33.08"/>
        <vehicle id="cfm_slow_2" eclass="HBEFA3/PC_G_EU4" CO2="0.00" CO="0.00" HC="0.00" NOx="0.00" PMx="0.00" fuel="0.00" electricity="0.00" noise="81.03" route="routebottom" type="cfm_slow" waiting="0.00" lane="right_0" pos="24.49" speed="47.00" angle="320.46" x="110.57" y="109.10"/>
        <vehicle id="cfm_slow_3" eclass="HBEFA3/PC_G_EU4" CO2="13871.21" CO="488.53" HC="2.61" NOx="5.44" PMx="0.45" fuel="5.96" electricity="0.00" noise="81.03" route="routetop" type="cfm_slow" waiting="0.00" lane="top_0" pos="14.49" speed="47.00" angle="248.39" x="34.93" y="122.31"/>
        <vehicle id="cfm_slow_4" eclass="HBEFA3/PC_G_EU4" CO2="13871.14" CO="488.53" HC="2.61" NOx="5.44" PMx="0.45" fuel="5.96" electricity="0.00" noise="81.03" route="routetop" type="cfm_slow" waiting="0.00" lane="left_0" pos="4.49" speed="47.00" angle="176.44" x="-0.99" y="54.45"/>
    </timestep>
    <timestep time="14.50">
        <vehicle id="cfm_slow_0" eclass="HBEFA3/PC_G_EU4" CO2="0.00" CO="0.00" HC="0.00" NOx="0.00" PMx="0.00" fuel="0.00" electricity="0.00" noise="81.03" route="routetop" type="cfm_slow" waiting="0.00" lane="left_0" pos="49.19" speed="47.00" angle="95.98" x="61.97" y="-1.62"/>
        <vehicle id="cfm_slow_1" eclass="HBEFA3/PC_G_EU4" CO2="0.00" CO="0.00" HC="0.00" NOx="0.00" PMx="0.00" fuel="0.00" electricity="0.00" noise="81.03" route="routebottom" type="cfm_slow" waiting="0.00" lane="bottom_0" pos="39.19" speed="47.00" angle="23.95" x="125.23" y="41.90"/>
        <vehicle id="cfm_slow_2" eclass="HBEFA3/PC_G_EU4" CO2="0.00" CO="0.00" HC="0.00" NOx="0.00" PMx="0.00" fuel="0.00" electricity="0.00" noise="81.03" route="routebottom" type="cfm_slow" waiting="0.00" lane="right_0" pos="29.19" speed="47.00" angle="311.89" x="103.37" y="115.49"/>
        <vehicle id="cfm_slow_3" eclass="HBEFA3/PC_G_EU4" CO2="13871.11" CO="488.53" HC="2.61" NOx="5.44" PMx="0.45" fuel="5.96" electricity="0.00" noise="81.03" route="routetop" type="cfm_slow" waiting="0.00" lane="top_0" pos="19.19" speed="47.00" angle="239.93" x="26.62" y="117.45"/>
        <vehicle id="cfm_slow_4" eclass="HBEFA3/PC_G_EU4" CO2="13870.55" CO="488.52" HC="2.61" NOx="5.44" PMx="0.45" fuel="5.96" electricity="0.00" noise="81.03" route="routetop" type="cfm_slow" waiting="0.00" lane="left_0" pos="9.19" speed="47.00" angle="167.92" x="1.07" y="45.05"/>
    </timestep>
    <timestep time="14.60">
        <vehicle id="cfm_slow_0" eclass="HBEFA3/PC_G_EU4" CO2="0.00" CO="0.00" HC="0.00" NOx="0.00" PMx="0.00" fuel="0.00" electricity="0.00" noise="81.03" route="routebottom" type="cfm_slow" waiting="0.00" lane="bottom_0" pos="3.89" speed="47.00" angle="87.53" x="71.65" y="-1.16"/>
        <vehicle id="cfm_slow_1" eclass="HBEFA3/PC_G_EU4" CO2="0.00" CO="0.00" HC="0.00" NOx="0.00" PMx="0.00" fuel="0.00" electricity="0.00" noise="81.03" route="routebottom" type="cfm_slow" waiting="0.00" lane="bottom_0" pos="43.89" speed="47.00" angle="15.58" x="127.77" y="51.18"/>
        <vehicle id="cfm_slow_2" eclass="HBEFA3/PC_G_EU4" CO2="13867.03" CO="488.44" HC="2.61" NOx="5.43" PMx="0.45" fuel="5.96" electricity="0.00" noise="81.03" route="routebottom" type="cfm_slow" waiting="0.00" lane="right_0" pos="33.89" speed="47.00" angle="303.54" x="95.32" y="120.77"/>
        <vehicle id="cfm_slow_3" eclass="HBEFA3/PC_G_EU4" CO2="13870.96" CO="488.53" HC="2.61" NOx="5.44" PMx="0.45" fuel="5.96" electricity="0.00" noise="81.03" route="routetop" type="cfm_slow" waiting="0.00" lane="top_0" pos="23.89" speed="47.00" angle="231.46" x="19.12" y="111.41"/>
        <vehicle id="cfm_slow_4" eclass="HBEFA3/PC_G_EU4" CO2="13870.00" CO="488.51" HC="2.61" NOx="5.44" PMx="0.45" fuel="5.96" electricity="0.00" noise="81.03" route="routetop" type="cfm_slow" waiting="0.00" lane="left_0" pos="13.89" speed="47.00" angle="159.50" x="4.48" y="36.04"/>
    </timestep>
    <timestep time="14.70">
        <vehicle id="cfm_slow_0" eclass="HBEFA3/PC_G_EU4" CO2="0.00" CO="0.00" HC="0.00" NOx="0.00" PMx="0.00" fuel="0.00" electricity="0.00" noise="81.03" route="routebottom" type="cfm_slow" waiting="0.00" lane="bottom_0" pos="8.59" speed="47.00" angle="78.97" x="81.09" y="0.73"/>
        <vehicle id="cfm_slow_1" eclass="HBEFA3/PC_G_EU4" CO2="0.00" CO="0.00" HC="0.00" NOx="0.00" PMx="0.00" fuel="0.00" electricity="0.00" noise="81.03" route="routebottom" type="cfm_slow" waiting="0.00" lane="bottom_0" pos="48.59" speed="47.00" angle="7.00" x="128.90" y="60.74"/>
        <vehicle id="cfm_slow_2" eclass="HBEFA3/PC_G_EU4" CO2="13867.38" CO="488.45" HC="2.61" NOx="5.43" PMx="0.45" fuel="5.96" electricity="0.00" noise="81.03" route="routebottom" type="cfm_slow" waiting="0.00" lane="right_0" pos="38.59" speed="47.00" angle="295.03" x="86.58" y="124.81"/>
        <vehicle id="cfm_slow_3" eclass="HBEFA3/PC_G_EU4" CO2="13870.78" CO="488.52" HC="2.61" NOx="5.44" PMx="0.45" fuel="5.96" electricity="0.00" noise="81.03" route="routetop" type="cfm_slow" waiting="0.00" lane="top_0" pos="28.59" speed="47.00" angle="223.02" x="12.59" y="104.34"/>
        <vehicle id="cfm_slow_4" eclass="HBEFA3/PC_G_EU4" CO2="13869.49" CO="488.50" HC="2.61" NOx="5.44" PMx="0.45" fuel="5.96" electricity="0.00" noise="81.03" route="routetop" type="cfm_slow" waiting="0.00" lane="left_0" pos="18.59" speed="47.00" angle="150.98" x="9.19" y="27.65"/>
    </timestep>
    <timestep time="14.80">
        <vehicle id="cfm_slow_0" eclass="HBEFA3/PC_G_EU4" CO2="0.00" CO="0.00" HC="0.00" NOx="0.00" PMx="0.00" fuel="0.00" electricity="0.00" noise="81.03" route="routebottom" type="cfm_slow" waiting="0.00" lane="bottom_0" pos="13.29" speed="47.00" angle="70.60" x="90.16" y="3.97"/>
        <vehicle id="cfm_slow_1" eclass="HBEFA3/PC_G_EU4" CO2="0.00" CO="0.00" HC="0.00" NOx="0.00" PMx="0.00" fuel="0.00" electricity="0.00" noise="81.03" route="routebottom" type="cfm_slow" waiting="0.00" lane="right_0" pos="3.29" speed="47.00" angle="358.58" x="128.61" y="70.43"/>
        <vehicle id="cfm_slow_2" eclass="HBEFA3/PC_G_EU4" CO2="13867.68" CO="488.46" HC="2.61" NOx="5.43" PMx="0.45" fuel="5.96" electricity="0.00" noise="81.03" route="routebottom" type="cfm_slow" waiting="0.00" lane="right_0" pos="43.29" speed="47.00" angle="286.63" x="77.34" y="127.52"/>
        <vehicle id="cfm_slow_3" eclass="HBEFA3/PC_G_EU4" CO2="13870.57" CO="488.52" HC="2.61" NOx="5.44" PMx="0.45" fuel="5.96" electricity="0.00" noise="81.03" route="routetop" type="cfm_slow" waiting="0.00" lane="top_0" pos="33.29" speed="47.00" angle="214.62" x="7.15" y="96.40"/>
        <vehicle id="cfm_slow_4" eclass="HBEFA3/PC_G_EU4" CO2="13869.03" CO="488.49" HC="2.61" NOx="5.43" PMx="0.45" fuel="5.96" electricity="0.00" noise="81.03" route="routetop" type="cfm_slow" waiting="0.00" lane="left_0" pos="23.29" speed="47.00" angle="142.57" x="15.08" y="20.03"/>
    </timestep>
    <timestep time="14.90">
        <vehicle id="cfm_slow_0" eclass="HBEFA3/PC_G_EU4" CO2="0.00" CO="0.00" HC="0.00" NOx="0.00" PMx="0.00" fuel="0.00" electricity="0.00" noise="81.03" route="routebottom" type="cfm_slow" waiting="0.00" lane="bottom_0" pos="17.99" speed="47.00" angle="62.11" x="98.65" y="8.51"/>
        <vehicle id="cfm_slow_1" eclass="HBEFA3/PC_G_EU4" CO2="0.00" CO="0.00" HC="0.00" NOx="0.00" PMx="0.00" fuel="0.00" electricity="0.00" noise="81.03" route="routebottom" type="cfm_slow" waiting="0.00" lane="right_0" pos="7.99" speed="47.00" angle="350.07" x="126.91" y="79.90"/>
        <vehicle id="cfm_slow_2" eclass="HBEFA3/PC_G_EU4" CO2="13867.93" CO="488.46" HC="2.61" NOx="5.43" PMx="0.45" fuel="5.96" electricity="0.00" noise="81.03" route="routebottom" type="cfm_slow" waiting="0.00" lane="right_0" pos="47.99" speed="47.00" angle="278.16" x="67.80" y="128.83"/>
        <vehicle id="cfm_slow_3" eclass="HBEFA3/PC_G_EU4" CO2="13870.35" CO="488.51" HC="2.61" NOx="5.44" PMx="0.45" fuel="5.96" electricity="0.00" noise="81.03" route="routetop" type="cfm_slow" waiting="0.00" lane="top_0" pos="37.99" speed="47.00" angle="206.10" x="2.96" y="87.73"/>
        <vehicle id="cfm_slow_4" eclass="HBEFA3/PC_G_EU4" CO2="13868.60" CO="488.48" HC="2.61" NOx="5.43" PMx="0.45" fuel="5.96" electricity="0.00" noise="81.03" route="routetop" type="cfm_slow" waiting="0.00" lane="left_0" pos="27.99" speed="47.00" angle="134.09" x="22.02" y="13.36"/>
    </timestep>
    <timestep time="15.00">
        <vehicle id="cfm_slow_0" eclass="HBEFA3/PC_G_EU4" CO2="0.00" CO="0.00" HC="0.00" NOx="0.00" PMx="0.00" fuel="0.00" electricity="0.00" noise="81.03" route="routebottom" type="cfm_slow" waiting="0.00" lane="bottom_0" pos="22.69" speed="47.00" angle="53.63" x="106.37" y="14.26"/>
        <vehicle id="cfm_slow_1" eclass="HBEFA3/PC_G_EU4" CO2="0.00" CO="0.00" HC="0.00" NOx="0.00" PMx="0.00" fuel="0.00" electricity="0.00" noise="81.03" route="routebottom" type="cfm_slow" waiting="0.00" lane="right_0" pos="12.69" speed="47.00" angle="341.64" x="123.84" y="89.03"/>
        <vehicle id="cfm_slow_2" eclass="HBEFA3/PC_G_EU4" CO2="13868.14" CO="488.47" HC="2.61" NOx="5.43" PMx="0.45" fuel="5.96" electricity="0.00" noise="81.03" route="routetop" type="cfm_slow" waiting="0.00" lane="top_0" pos="2.69" speed="47.00" angle="269.68" x="58.12" y="128.74"/>
        <vehicle id="cfm_slow_3" eclass="HBEFA3/PC_G_EU4" CO2="13870.10" CO="488.51" HC="2.61" NOx="5.44" PMx="0.45" fuel="5.96" electricity="0.00" noise="81.03" route="routetop" type="cfm_slow" waiting="0.00" lane="top_0" pos="42.69" speed="47.00" angle="197.67" x="0.08" y="78.54"/>
        <vehicle id="cfm_slow_4" eclass="HBEFA3/PC_G_EU4" CO2="13868.22" CO="488.48" HC="2.61" NOx="5.43" PMx="0.45" fuel="5.96" electricity="0.00" noise="81.03" route="routetop" type="cfm_slow" waiting="0.00" lane="left_0" pos="32.69" speed="47.00" angle="125.67" x="29.87" y="7.79"/>
    </timestep>
    <timestep time="15.10">
        <vehicle id="cfm_slow_0" eclass="HBEFA3/PC_G_EU4" CO2="0.00" CO="0.00" HC="0.00" NOx="0.00" PMx="0.00" fuel="0.00" electricity="0.00" noise="81.03" route="routebottom" type="cfm_slow" waiting="0.00" lane="bottom_0" pos="27.39" speed="47.00" angle="45.21" x="113.17" y="21.08"/>
        <vehicle id="cfm_slow_1" eclass="HBEFA3/PC_G_EU4" CO2="0.00" CO="0.00" HC="0.00" NOx="0.00" PMx="0.00" fuel="0.00" electricity="0.00" noise="81.03" route="routebottom" type="cfm_slow" waiting="0.00" lane="right_0" pos="17.39" speed="47.00" angle="333.21" x="119.45" y="97.60"/>
        <vehicle id="cfm_slow_2" eclass="HBEFA3/PC_G_EU4" CO2="13868.29" CO="488.47" HC="2.61" NOx="5.43" PMx="0.45" fuel="5.96" electricity="0.00" noise="81.03" route="routetop" type="cfm_slow" waiting="0.00" lane="top_0" pos="7.39" speed="47.00" angle="261.10" x="48.61" y="127.20"/>
        <vehicle id="cfm_slow_3" eclass="HBEFA3/PC_G_EU4" CO2="13869.85" CO="488.51" HC="2.61" NOx="5.44" PMx="0.45" fuel="5.96" electricity="0.00" noise="81.03" route="routetop" type="cfm_slow" waiting="0.00" lane="top_0" pos="47.39" speed="47.00" angle="189.23" x="-1.43" y="69.03"/>
        <vehicle id="cfm_slow_4" eclass="HBEFA3/PC_G_EU4" CO2="13867.88" CO="488.47" HC="2.61" NOx="5.43" PMx="0.45" fuel="5.96" electricity="0.00" noise="81.03" route="routetop" type="cfm_slow" waiting="0.00" lane="left_0" pos="37.39" speed="47.00" angle="117.22" x="38.45" y="3.42"/>
    </timestep>
    <timestep time="15.20">
        <vehicle id="cfm_slow_0" eclass="HBEFA3/PC_G_EU4" CO2="0.00" CO="0.00" HC="0.00" NOx="0.00" PMx="0.00" fuel="0.00" electricity="0.00" noise="81.03" route="routebottom" type="cfm_slow" waiting="0.00" lane="bottom_0" pos="32.09" speed="47.00" angle="36.80" x="118.91" y="28.81"/>
        <vehicle id="cfm_slow_1" eclass="HBEFA3/PC_G_EU4" CO2="0.00" CO="0.00" HC="0.00" NOx="0.00" PMx="0.00" fuel="0.00" electricity="0.00" noise="81.03" route="routebottom" type="cfm_slow" waiting="0.00" lane="right_0" pos="22.09" speed="47.00" angle="324.71" x="113.85" y="105.43"/>
        <vehicle id="cfm_slow_2" eclass="HBEFA3/PC_G_EU4" CO2="13868.41" CO="488.47" HC="2.61" NOx="5.43" PMx="0.45" fuel="5.96" electricity="0.00" noise="81.03" route="routetop" type="cfm_slow" waiting="0.00" lane="top_0" pos="12.09" speed="47.00" angle="252.68" x="39.44" y="124.29"/>
        <vehicle id="cfm_slow_3" eclass="HBEFA3/PC_G_EU4" CO2="13869.60" CO="488.50" HC="2.61" NOx="5.44" PMx="0.45" fuel="5.96" electricity="0.00" noise="81.03" route="routetop" type="cfm_slow" waiting="0.00" lane="left_0" pos="2.09" speed="47.00" angle="180.72" x="-1.50" y="59.34"/>
        <vehicle id="cfm_slow_4" eclass="HBEFA3/PC_G_EU4" CO2="13867.59" CO="488.46" HC="2.61" NOx="5.43" PMx="0.45" fuel="5.96" electricity="0.00" noise="81.03" route="routetop" type="cfm_slow" waiting="0.00" lane="left_0" pos="42.09" speed="47.00" angle="108.70" x="47.58" y="0.37"/>
    </timestep>
    <timestep time="15.30">
        <vehicle id="cfm_slow_0" eclass="HBEFA3/PC_G_EU4" CO2="0.00" CO="0.00" HC="0.00" NOx="0.00" PMx="0.00" fuel="0.00" electricity="0.00" noise="81.03" route="routebottom" type="cfm_slow" waiting="0.00" lane="bottom_0" pos="36.79" speed="47.00" angle="28.24" x="123.41" y="37.32"/>
        <vehicle id="cfm_slow_1" eclass="HBEFA3/PC_G_EU4" CO2="0.00" CO="0.00" HC="0.00" NOx="0.00" PMx="0.00" fuel="0.00" electricity="0.00" noise="81.03" route="routebottom" type="cfm_slow" waiting="0.00" lane="right_0" pos="26.79" speed="47.00" angle="316.32" x="107.17" y="112.37"/>
        <vehicle id="cfm_slow_2" eclass="HBEFA3/PC_G_EU4" CO2="13868.49" CO="488.48" HC="2.61" NOx="5.43" PMx="0.45" fuel="5.96" electricity="0.00" noise="81.03" route="routetop" type="cfm_slow" waiting="0.00" lane="top_0" pos="16.79" speed="47.00" angle="244.32" x="30.78" y="120.08"/>
        <vehicle id="cfm_slow_3" eclass="HBEFA3/PC_G_EU4" CO2="13869.34" CO="488.50" HC="2.61" NOx="5.44" PMx="0.45" fuel="5.96" electricity="0.00" noise="81.03" route="routetop" type="cfm_slow" waiting="0.00" lane="left_0" pos="6.79" speed="47.00" angle="172.24" x="-0.15" y="49.81"/>
        <vehicle id="cfm_slow_4" eclass="HBEFA3/PC_G_EU4" CO2="13867.33" CO="488.46" HC="2.61" NOx="5.43" PMx="0.45" fuel="5.96" electricity="0.00" noise="81.03" route="routetop" type="cfm_slow" waiting="0.00" lane="left_0" pos="46.79" speed="47.00" angle="100.32" x="57.06" y="-1.31"/>
    </timestep>
    <timestep time="15.40">
        <vehicle id="cfm_slow_0" eclass="HBEFA3/PC_G_EU4" CO2="0.00" CO="0.00" HC="0.00" NOx="0.00" PMx="0.00" fuel="0.00" electricity="0.00" noise="81.03" route="routebottom" type="cfm_slow" waiting="0.00" lane="bottom_0" pos="41.49" speed="47.00" angle="19.84" x="126.64" y="46.39"/>
        <vehicle id="cfm_slow_1" eclass="HBEFA3/PC_G_EU4" CO2="0.00" CO="0.00" HC="0.00" NOx="0.00" PMx="0.00" fuel="0.00" electricity="0.00" noise="81.03" route="routebottom" type="cfm_slow" waiting="0.00" lane="right_0" pos="31.49" speed="47.00" angle="307.80" x="99.53" y="118.23"/>
        <vehicle id="cfm_slow_2" eclass="HBEFA3/PC_G_EU4" CO2="13868.54" CO="488.48" HC="2.61" NOx="5.43" PMx="0.45" fuel="5.96" electricity="0.00" noise="81.03" route="routetop" type="cfm_slow" waiting="0.00" lane="top_0" pos="21.49" speed="47.00" angle="235.78" x="22.84" y="114.63"/>
        <vehicle id="cfm_slow_3" eclass="HBEFA3/PC_G_EU4" CO2="13869.09" CO="488.49" HC="2.61" NOx="5.43" PMx="0.45" fuel="5.96" electricity="0.00" noise="81.03" route="routetop" type="cfm_slow" waiting="0.00" lane="left_0" pos="11.49" speed="47.00" angle="163.77" x="2.58" y="40.58"/>
        <vehicle id="cfm_slow_4" eclass="HBEFA3/PC_G_EU4" CO2="0.00" CO="0.00" HC="0.00" NOx="0.00" PMx="0.00" fuel="0.00" electricity="0.00" noise="81.03" route="routebottom" type="cfm_slow" waiting="0.00" lane="bottom_0" pos="1.49" speed="47.00" angle="91.82" x="66.75" y="-1.57"/>
    </timestep>
    <timestep time="15.50">
        <vehicle id="cfm_slow_0" eclass="HBEFA3/PC_G_EU4" CO2="0.00" CO="0.00" HC="0.00" NOx="0.00" PMx="0.00" fuel="0.00" electricity="0.00" noise="81.03" route="routebottom" type="cfm_slow" waiting="0.00" lane="bottom_0" pos="46.19" speed="47.00" angle="11.39" x="128.51" y="55.84"/>
        <vehicle id="cfm_slow_1" eclass="HBEFA3/PC_G_EU4" CO2="0.00" CO="0.00" HC="0.00" NOx="0.00" PMx="0.00" fuel="0.00" electricity="0.00" noise="81.03" route="routebottom" type="cfm_slow" waiting="0.00" lane="right_0" pos="36.19" speed="47.00" angle="299.39" x="91.12" y="122.91"/>
        <vehicle id="cfm_slow_2" eclass="HBEFA3/PC_G_EU4" CO2="13868.56" CO="488.48" HC="2.61" NOx="5.43" PMx="0.45" fuel="5.96" electricity="0.00" noise="81.03" route="routetop" type="cfm_slow" waiting="0.00" lane="top_0" pos="26.19" speed="47.00" angle="227.40" x="15.79" y="108.08"/>
        <vehicle id="cfm_slow_3" eclass="HBEFA3/PC_G_EU4" CO2="13868.85" CO="488.49" HC="2.61" NOx="5.43" PMx="0.45" fuel="5.96" electricity="0.00" noise="81.03" route="routetop" type="cfm_slow" waiting="0.00" lane="left_0" pos="16.19" speed="47.00" angle="155.37" x="6.63" y="31.85"/>
        <vehicle id="cfm_slow_4" eclass="HBEFA3/PC_G_EU4" CO2="0.00" CO="0.00" HC="0.00" NOx="0.00" PMx="0.00" fuel="0.00" electricity="0.00" noise="81.03" route="routebottom" type="cfm_slow" waiting="0.00" lane="bottom_0" pos="6.19" speed="47.00" angle="83.29" x="76.30" y="-0.41"/>
    </timestep>
    <timestep time="15.60">
        <vehicle id="cfm_slow_0" eclass="HBEFA3/PC_G_EU4" CO2="0.00" CO="0.00" HC="0.00" NOx="0.00" PMx="0.00" fuel="0.00" electricity="0.00" noise="81.03" route="routebottom" type="cfm_slow" waiting="0.00" lane="right_0" pos="0.89" speed="47.00" angle="2.86" x="128.93" y="65.52"/>
        <vehicle id="cfm_slow_1" eclass="HBEFA3/PC_G_EU4" CO2="0.00" CO="0.00" HC="0.00" NOx="0.00" PMx="0.00" fuel="0.00" electricity="0.00" noise="81.03" route="routebottom" type="cfm_slow" waiting="0.00" lane="right_0" pos="40.89" speed="47.00" angle="290.90" x="82.11" y="126.31"/>
        <vehicle id="cfm_slow_2" eclass="HBEFA3/PC_G_EU4" CO2="13868.55" CO="488.48" HC="2.61" NOx="5.43" PMx="0.45" fuel="5.96" electricity="0.00" noise="81.03" route="routetop" type="cfm_slow" waiting="0.00" lane="top_0" pos="30.89" speed="47.00" angle="218.86" x="9.78" y="100.55"/>
        <vehicle id="cfm_slow_3" eclass="HBEFA3/PC_G_EU4" CO2="13868.62" CO="488.48" HC="2.61" NOx="5.43" PMx="0.45" fuel="5.96" electricity="0.00" noise="81.03" route="routetop" type="cfm_slow" waiting="0.00" lane="left_0" pos="20.89" speed="47.00" angle="146.87" x="11.93" y="23.81"/>
        <vehicle id="cfm_slow_4" eclass="HBEFA3/PC_G_EU4" CO2="0.00" CO="0.00" HC="0.00" NOx="0.00" PMx="0.00" fuel="0.00" electricity="0.00" noise="81.03" route="routebottom" type="cfm_slow" waiting="0.00" lane="bottom_0" pos="10.89" speed="47.00" angle="74.86" x="85.59" y="2.16"/>
    </timestep>
    <timestep time="15.70">
        <vehicle id="cfm_slow_0" eclass="HBEFA3/PC_G_EU4" CO2="0.00" CO="0.00" HC="0.00" NOx="0.00" PMx="0.00" fuel="0.00" electricity="0.00" noise="81.03" route="routebottom" type="cfm_slow" waiting="0.00" lane="right_0" pos="5.59" speed="47.00" angle="354.45" x="127.96" y="75.10"/>
        <vehicle id="cfm_slow_1" eclass="HBEFA3/PC_G_EU4" CO2="0.00" CO="0.00" HC="0.00" NOx="0.00" PMx="0.00" fuel="0.00" electricity="0.00" noise="81.03" route="routebottom" type="cfm_slow" waiting="0.00" lane="right_0" pos="45.59" speed="47.00" angle="282.43" x="72.70" y="128.33"/>
        <vehicle id="cfm_slow_2" eclass="HBEFA3/PC_G_EU4" CO2="13868.52" CO="488.48" HC="2.61" NOx="5.43" PMx="0.45" fuel="5.96" electricity="0.00" noise="81.03" route="routetop" type="cfm_slow" waiting="0.00" lane="top_0" pos="35.59" speed="47.00" angle="210.50" x="4.94" y="92.23"/>
        <vehicle id="cfm_slow_3" eclass="HBEFA3/PC_G_EU4" CO2="13868.40" CO="488.48" HC="2.61" NOx="5.43" PMx="0.45" fuel="5.96" electricity="0.00" noise="81.03" route="routetop" type="cfm_slow" waiting="0.00" lane="left_0" pos="25.59" speed="47.00" angle="138.45" x="18.35" y="16.63"/>
        <vehicle id="cfm_slow_4" eclass="HBEFA3/PC_G_EU4" CO2="0.00" CO="0.00" HC="0.00" NOx="0.00" PMx="0.00" fuel="0.00" electricity="0.00" noise="81.03" route="routebottom" type="cfm_slow" waiting="0.00" lane="bottom_0" pos="15.59" speed="47.00" angle="66.46" x="94.40" y="6.04"/>
    </timestep>
    <timestep time="15.80">
        <vehicle id="cfm_slow_0" eclass="HBEFA3/PC_G_EU4" CO2="0.00" CO="0.00" HC="0.00" NOx="0.00" PMx="0.00" fuel="0.00" electricity="0.00" noise="81.03" route="routebottom" type="cfm_slow" waiting="0.00" lane="right_0" pos="10.29" speed="47.00" angle="346.02" x="125.59" y="84.43"/>
        <vehicle id="cfm_slow_1" eclass="HBEFA3/PC_G_EU4" CO2="0.00" CO="0.00" HC="0.00" NOx="0.00" PMx="0.00" fuel="0.00" electricity="0.00" noise="81.03" route="routetop" type="cfm_slow" waiting="0.00" lane="top_0" pos="0.29" speed="47.00" angle="273.96" x="63.03" y="128.96"/>
        <vehicle id="cfm_slow_2" eclass="HBEFA3/PC_G_EU4" CO2="13868.48" CO="488.48" HC="2.61" NOx="5.43" PMx="0.45" fuel="5.96" electricity="0.00" noise="81.03" route="routetop" type="cfm_slow" waiting="0.00" lane="top_0" pos="40.29" speed="47.00" angle="201.97" x="1.38" y="83.29"/>
        <vehicle id="cfm_slow_3" eclass="HBEFA3/PC_G_EU4" CO2="13868.20" CO="488.47" HC="2.61" NOx="5.43" PMx="0.45" fuel="5.96" electricity="0.00" noise="81.03" route="routetop" type="cfm_slow" waiting="0.00" lane="left_0" pos="30.29" speed="47.00" angle="129.95" x="25.76" y="10.49"/>
        <vehicle id="cfm_slow_4" eclass="HBEFA3/PC_G_EU4" CO2="0.00" CO="0.00" HC="0.00" NOx="0.00" PMx="0.00" fuel="0.00" electricity="0.00" noise="81.03" route="routebottom" type="cfm_slow" waiting="0.00" lane="bottom_0" pos="20.29" speed="47.00" angle="57.89" x="102.53" y="11.19"/>
    </timestep>
    <timestep time="15.90">
        <vehicle id="cfm_slow_0" eclass="HBEFA3/PC_G_EU4" CO2="0.00" CO="0.00" HC="0.00" NOx="0.00" PMx="0.00" fuel="0.00" electricity="0.00" noise="81.03" route="routebottom" type="cfm_slow" waiting="0.00" lane="right_0" pos="14.99" speed="47.00" angle="337.45" x="121.85" y="93.30"/>
        <vehicle id="cfm_slow_1" eclass="HBEFA3/PC_G_EU4" CO2="0.00" CO="0.00" HC="0.00" NOx="0.00" PMx="0.00" fuel="0.00" electricity="0.00" noise="81.03" route="routetop" type="cfm_slow" waiting="0.00" lane="top_0" pos="4.99" speed="47.00" angle="265.52" x="53.44" y="128.17"/>
        <vehicle id="cfm_slow_2" eclass="HBEFA3/PC_G_EU4" CO2="13868.42" CO="488.48" HC="2.61" NOx="5.43" PMx="0.45" fuel="5.96" electricity="0.00" noise="81.03" route="routetop" type="cfm_slow" waiting="0.00" lane="top_0" pos="44.99" speed="47.00" angle="193.57" x="-0.84" y="73.92"/>
        <vehicle id="cfm_slow_3" eclass="HBEFA3/PC_G_EU4" CO2="13868.01" CO="488.47" HC="2.61" NOx="5.43" PMx="0.45" fuel="5.96" electricity="0.00" noise="81.03" route="routetop" type="cfm_slow" waiting="0.00" lane="left_0" pos="34.99" speed="47.00" angle="121.59" x="33.99" y="5.49"/>
        <vehicle id="cfm_slow_4" eclass="HBEFA3/PC_G_EU4" CO2="0.00" CO="0.00" HC="0.00" NOx="0.00" PMx="0.00" fuel="0.00" electricity="0.00" noise="81.03" route="routebottom" type="cfm_slow" waiting="0.00" lane="bottom_0" pos="24.99" speed="47.00" angle="49.54" x="109.82" y="17.48"/>
    </timestep>
    <timestep time="16.00">
        <vehicle id="cfm_slow_0" eclass="HBEFA3/PC_G_EU4" CO2="0.00" CO="0.00" HC="0.00" NOx="0.00" PMx="0.00" fuel="0.00" electricity="0.00" noise="81.03" route="routebottom" type="cfm_slow" waiting="0.00" lane="right_0" pos="19.69" speed="47.00" angle="329.02" x="116.85" y="101.53"/>
        <vehicle id="cfm_slow_1" eclass="HBEFA3/PC_G_EU4" CO2="13867.17" CO="488.45" HC="2.61" NOx="5.43" PMx="0.45" fuel="5.96" electricity="0.00" noise="81.03" route="routetop" type="cfm_slow" waiting="0.00" lane="top_0" pos="9.69" speed="47.00" angle="257.05" x="44.06" y="125.96"/>
        <vehicle id="cfm_slow_2" eclass="HBEFA3/PC_G_EU4" CO2="13868.35" CO="488.48" HC="2.61" NOx="5.43" PMx="0.45" fuel="5.96" electricity="0.00" noise="81.03" route="routetop" type="cfm_slow" waiting="0.00" lane="top_0" pos="49.69" speed="47.00" angle="185.04" x="-1.64" y="64.32"/>
        <vehicle id="cfm_slow_3" eclass="HBEFA3/PC_G_EU4" CO2="13867.83" CO="488.47" HC="2.61" NOx="5.43" PMx="0.45" fuel="5.96" electricity="0.00" noise="81.03" route="routetop" type="cfm_slow" waiting="0.00" lane="left_0" pos="39.69" speed="47.00" angle="113.04" x="42.86" y="1.75"/>
        <vehicle id="cfm_slow_4" eclass="HBEFA3/PC_G_EU4" CO2="0.00" CO="0.00" HC="0.00" NOx="0.00" PMx="0.00" fuel="0.00" electricity="0.00" noise="81.03" route="routebottom" type="cfm_slow" waiting="0.00" lane="bottom_0" pos="29.69" speed="47.00" angle="41.04" x="116.11" y="24.76"/>
    </timestep>
    <timestep time="16.10">
        <vehicle id="cfm_slow_0" eclass="HBEFA3/PC_G_EU4" CO2="0.00" CO="0.00" HC="0.00" NOx="0.00" PMx="0.00" fuel="0.00" electricity="0.00" noise="81.03" route="routebottom" type="cfm_slow" waiting="0.00" lane="right_0" pos="24.39" speed="47.00" angle="320.64" x="110.72" y="108.95"/>
        <vehicle id="cfm_slow_1" eclass="HBEFA3/PC_G_EU4" CO2="13867.27" CO="488.45" HC="2.61" NOx="5.43" PMx="0.45" fuel="5.96" electricity="0.00" noise="81.03" route="routetop" type="cfm_slow" waiting="0.00" lane="top_0" pos="14.39" speed="47.00" angle="248.58" x="35.12" y="122.40"/>
        <vehicle id="cfm_slow_2" eclass="HBEFA3/PC_G_EU4" CO2="13868.27" CO="488.47" HC="2.61" NOx="5.43" PMx="0.45" fuel="5.96" electricity="0.00" noise="81.03" route="routetop" type="cfm_slow" waiting="0.00" lane="left_0" pos="4.39" speed="47.00" angle="176.62" x="-1.02" y="54.65"/>
        <vehicle id="cfm_slow_3" eclass="HBEFA3/PC_G_EU4" CO2="13867.68" CO="488.46" HC="2.61" NOx="5.43" PMx="0.45" fuel="5.96" electricity="0.00" noise="81.03" route="routetop" type="cfm_slow" waiting="0.00" lane="left_0" pos="44.39" speed="47.00" angle="104.63" x="52.19" y="-0.63"/>
        <vehicle id="cfm_slow_4" eclass="HBEFA3/PC_G_EU4" CO2="0.00" CO="0.00" HC="0.00" NOx="0.00" PMx="0.00" fuel="0.00" electricity="0.00" noise="81.03" route="routebottom" type="cfm_slow" waiting="0.00" lane="bottom_0" pos="34.39" speed="47.00" angle="32.62" x="121.27" y="32.90"/>
    </timestep>
    <timestep time="16.20">
        <vehicle id="cfm_slow_0" eclass="HBEFA3/PC_G_EU4" CO2="0.00" CO="0.00" HC="0.00" NOx="0.00" PMx="0.00" fuel="0.00" electricity="0.00" noise="81.03" route="routebottom" type="cfm_slow" waiting="0.00" lane="right_0" pos="29.09" speed="47.00" angle="312.07" x="103.53" y="115.37"/>
        <vehicle id="cfm_slow_1" eclass="HBEFA3/PC_G_EU4" CO2="13867.36" CO="488.45" HC="2.61" NOx="5.43" PMx="0.45" fuel="5.96" electricity="0.00" noise="81.03" route="routetop" type="cfm_slow" waiting="0.00" lane="top_0" pos="19.09" speed="47.00" angle="240.08" x="26.79" y="117.56"/>
        <vehicle id="cfm_slow_2" eclass="HBEFA3/PC_G_EU4" CO2="13868.19" CO="488.47" HC="2.61" NOx="5.43" PMx="0.45" fuel="5.96" electricity="0.00" noise="81.03" route="routetop" type="cfm_slow" waiting="0.00" lane="left_0" pos="9.09" speed="47.00" angle="168.10" x="1.01" y="45.24"/>
        <vehicle id="cfm_slow_3" eclass="HBEFA3/PC_G_EU4" CO2="13867.53" CO="488.46" HC="2.61" NOx="5.43" PMx="0.45" fuel="5.96" electricity="0.00" noise="81.03" route="routetop" type="cfm_slow" waiting="0.00" lane="left_0" pos="49.09" speed="47.00" angle="96.17" x="61.77" y="-1.61"/>
        <vehicle id="cfm_slow_4" eclass="HBEFA3/PC_G_EU4" CO2="0.00" CO="0.00" HC="0.00" NOx="0.00" PMx="0.00" fuel="0.00" electricity="0.00" noise="81.03" route="routebottom" type="cfm_slow" waiting="0.00" lane="bottom_0" pos="39.09" speed="47.00" angle="24.13" x="125.16" y="41.70"/>
    </timestep>
    <timestep time="16.30">
        <vehicle id="cfm_slow_0" eclass="HBEFA3/PC_G_EU4" CO2="0.00" CO="0.00" HC="0.00" NOx="0.00" PMx="0.00" fuel="0.00" electricity="0.00" noise="81.03" route="routebottom" type="cfm_slow" waiting="0.00" lane="right_0" pos="33.79" speed="47.00" angle="303.72" x="95.50" y="120.67"/>
        <vehicle id="cfm_slow_1" eclass="HBEFA3/PC_G_EU4" CO2="13867.43" CO="488.46" HC="2.61" NOx="5.43" PMx="0.45" fuel="5.96" electricity="0.00" noise="81.03" route="routetop" type="cfm_slow" waiting="0.00" lane="top_0" pos="23.79" speed="47.00" angle="231.65" x="19.27" y="111.55"/>
        <vehicle id="cfm_slow_2" eclass="HBEFA3/PC_G_EU4" CO2="13868.10" CO="488.47" HC="2.61" NOx="5.43" PMx="0.45" fuel="5.96" electricity="0.00" noise="81.03" route="routetop" type="cfm_slow" waiting="0.00" lane="left_0" pos="13.79" speed="47.00" angle="159.68" x="4.39" y="36.23"/>
        <vehicle id="cfm_slow_3" eclass="HBEFA3/PC_G_EU4" CO2="13867.41" CO="488.46" HC="2.61" NOx="5.43" PMx="0.45" fuel="5.96" electricity="0.00" noise="81.03" route="routebottom" type="cfm_slow" waiting="0.00" lane="bottom_0" pos="3.79" speed="47.00" angle="87.70" x="71.45" y="-1.19"/>
        <vehicle id="cfm_slow_4" eclass="HBEFA3/PC_G_EU4" CO2="0.00" CO="0.00" HC="0.00" NOx="0.00" PMx="0.00" fuel="0.00" electricity="0.00" noise="81.03" route="routebottom" type="cfm_slow" waiting="0.00" lane="bottom_0" pos="43.79" speed="47.00" angle="15.78" x="127.73" y="50.98"/>
    </timestep>
    <timestep time="16.40">
        <vehicle id="cfm_slow_0" eclass="HBEFA3/PC_G_EU4" CO2="0.00" CO="0.00" HC="0.00" NOx="0.00" PMx="0.00" fuel="0.00" electricity="0.00" noise="81.03" route="routebottom" type="cfm_slow" waiting="0.00" lane="right_0" pos="38.49" speed="47.00" angle="295.21" x="86.77" y="124.74"/>
        <vehicle id="cfm_slow_1" eclass="HBEFA3/PC_G_EU4" CO2="13867.49" CO="488.46" HC="2.61" NOx="5.43" PMx="0.45" fuel="5.96" electricity="0.00" noise="81.03" route="routetop" type="cfm_slow" waiting="0.00" lane="top_0" pos="28.49" speed="47.00" angle="223.20" x="12.71" y="104.50"/>
        <vehicle id="cfm_slow_2" eclass="HBEFA3/PC_G_EU4" CO2="13868.01" CO="488.47" HC="2.61" NOx="5.43" PMx="0.45" fuel="5.96" electricity="0.00" noise="81.03" route="routetop" type="cfm_slow" waiting="0.00" lane="left_0" pos="18.49" speed="47.00" angle="151.18" x="9.08" y="27.82"/>
        <vehicle id="cfm_slow_3" eclass="HBEFA3/PC_G_EU4" CO2="13867.29" CO="488.46" HC="2.61" NOx="5.43" PMx="0.45" fuel="5.96" electricity="0.00" noise="81.03" route="routebottom" type="cfm_slow" waiting="0.00" lane="bottom_0" pos="8.49" speed="47.00" angle="79.15" x="80.89" y="0.68"/>
        <vehicle id="cfm_slow_4" eclass="HBEFA3/PC_G_EU4" CO2="0.00" CO="0.00" HC="0.00" NOx="0.00" PMx="0.00" fuel="0.00" electricity="0.00" noise="81.03" route="routebottom" type="cfm_slow" waiting="0.00" lane="bottom_0" pos="48.49" speed="47.00" angle="7.19" x="128.89" y="60.54"/>
    </timestep>
    <timestep time="16.50">
        <vehicle id="cfm_slow_0" eclass="HBEFA3/PC_G_EU4" CO2="0.00" CO="0.00" HC="0.00" NOx="0.00" PMx="0.00" fuel="0.00" electricity="0.00" noise="81.03" route="routebottom" type="cfm_slow" waiting="0.00" lane="right_0" pos="43.19" speed="47.00" angle="286.81" x="77.54" y="127.47"/>
        <vehicle id="cfm_slow_1" eclass="HBEFA3/PC_G_EU4" CO2="13867.53" CO="488.46" HC="2.61" NOx="5.43" PMx="0.45" fuel="5.96" electricity="0.00" noise="81.03" route="routetop" type="cfm_slow" waiting="0.00" lane="top_0" pos="33.19" speed="47.00" angle="214.76" x="7.25" y="96.57"/>
        <vehicle id="cfm_slow_2" eclass="HBEFA3/PC_G_EU4" CO2="13867.92" CO="488.47" HC="2.61" NOx="5.43" PMx="0.45" fuel="5.96" electricity="0.00" noise="81.03" route="routetop" type="cfm_slow" waiting="0.00" lane="left_0" pos="23.19" speed="47.00" angle="142.75" x="14.94" y="20.18"/>
        <vehicle id="cfm_slow_3" eclass="HBEFA3/PC_G_EU4" CO2="13867.20" CO="488.45" HC="2.61" NOx="5.43" PMx="0.45" fuel="5.96" electricity="0.00" noise="81.03" route="routebottom" type="cfm_slow" waiting="0.00" lane="bottom_0" pos="13.19" speed="47.00" angle="70.78" x="89.97" y="3.89"/>
        <vehicle id="cfm_slow_4" eclass="HBEFA3/PC_G_EU4" CO2="0.00" CO="0.00" HC="0.00" NOx="0.00" PMx="0.00" fuel="0.00" electricity="0.00" noise="81.03" route="routebottom" type="cfm_slow" waiting="0.00" lane="right_0" pos="3.19" speed="47.00" angle="358.77" x="128.63" y="70.22"/>
    </timestep>
    <timestep time="16.60">
        <vehicle id="cfm_slow_0" eclass="HBEFA3/PC_G_EU4" CO2="0.00" CO="0.00" HC="0.00" NOx="0.00" PMx="0.00" fuel="0.00" electricity="0.00" noise="81.03" route="routebottom" type="cfm_slow" waiting="0.00" lane="right_0" pos="47.89" speed="47.00" angle="278.35" x="68.01" y="128.82"/>
        <vehicle id="cfm_slow_1" eclass="HBEFA3/PC_G_EU4" CO2="13867.55" CO="488.46" HC="2.61" NOx="5.43" PMx="0.45" fuel="5.96" electricity="0.00" noise="81.03" route="routetop" type="cfm_slow" waiting="0.00" lane="top_0" pos="37.89" speed="47.00" angle="206.28" x="3.04" y="87.92"/>
        <vehicle id="cfm_slow_2" eclass="HBEFA3/PC_G_EU4" CO2="13867.83" CO="488.47" HC="2.61" NOx="5.43" PMx="0.45" fuel="5.96" electricity="0.00" noise="81.03" route="routetop" type="cfm_slow" waiting="0.00" lane="left_0" pos="27.89" speed="47.00" angle="134.28" x="21.86" y="13.49"/>
        <vehicle id="cfm_slow_3" eclass="HBEFA3/PC_G_EU4" CO2="0.00" CO="0.00" HC="0.00" NOx="0.00" PMx="0.00" fuel="0.00" electricity="0.00" noise="81.03" route="routebottom" type="cfm_slow" waiting="0.00" lane="bottom_0" pos="17.89" speed="47.00" angle="62.27" x="98.47" y="8.40"/>
        <vehicle id="cfm_slow_4" eclass="HBEFA3/PC_G_EU4" CO2="0.00" CO="0.00" HC="0.00" NOx="0.00" PMx="0.00" fuel="0.00" electricity="0.00" noise="81.03" route="routebottom" type="cfm_slow" waiting="0.00" lane="right_0" pos="7.89" speed="47.00" angle="350.25" x="126.96" y="79.71"/>
    </timestep>
    <timestep time="16.70">
        <vehicle id="cfm_slow_0" eclass="HBEFA3/PC_G_EU4" CO2="0.00" CO="0.00" HC="0.00" NOx="0.00" PMx="0.00" fuel="0.00" electricity="0.00" noise="81.03" route="routetop" type="cfm_slow" waiting="0.00" lane="top_0" pos="2.59" speed="47.00" angle="269.86" x="58.32" y="128.76"/>
        <vehicle id="cfm_slow_1" eclass="HBEFA3/PC_G_EU4" CO2="13867.57" CO="488.46" HC="2.61" NOx="5.43" PMx="0.45" fuel="5.96" electricity="0.00" noise="81.03" route="routetop" type="cfm_slow" waiting="0.00" lane="top_0" pos="42.59" speed="47.00" angle="197.85" x="0.12" y="78.74"/>
        <vehicle id="cfm_slow_2" eclass="HBEFA3/PC_G_EU4" CO2="13867.74" CO="488.46" HC="2.61" NOx="5.43" PMx="0.45" fuel="5.96" electricity="0.00" noise="81.03" route="routetop" type="cfm_slow" waiting="0.00" lane="left_0" pos="32.59" speed="47.00" angle="125.86" x="29.70" y="7.89"/>
        <vehicle id="cfm_slow_3" eclass="HBEFA3/PC_G_EU4" CO2="0.00" CO="0.00" HC="0.00" NOx="0.00" PMx="0.00" fuel="0.00" electricity="0.00" noise="81.03" route="routebottom" type="cfm_slow" waiting="0.00" lane="bottom_0" pos="22.59" speed="47.00" angle="53.81" x="106.21" y="14.13"/>
        <vehicle id="cfm_slow_4" eclass="HBEFA3/PC_G_EU4" CO2="0.00" CO="0.00" HC="0.00" NOx="0.00" PMx="0.00" fuel="0.00" electricity="0.00" noise="81.03" route="routebottom" type="cfm_slow" waiting="0.00" lane="right_0" pos="12.59" speed="47.00" angle="341.81" x="123.92" y="88.84"/>
    </timestep>
    <timestep time="16.80">
        <vehicle id="cfm_slow_0" eclass="HBEFA3/PC_G_EU4" CO2="0.00" CO="0.00" HC="0.00" NOx="0.00" PMx="0.00" fuel="0.00" electricity="0.00" noise="81.03" route="routetop" type="cfm_slow" waiting="0.00" lane="top_0" pos="7.29" speed="47.00" angle="261.29" x="48.81" y="127.25"/>
        <vehicle id="cfm_slow_1" eclass="HBEFA3/PC_G_EU4" CO2="13867.58" CO="488.46" HC="2.61" NOx="5.43" PMx="0.45" fuel="5.96" electricity="0.00" noise="81.03" route="routetop" type="cfm_slow" waiting="0.00" lane="top_0" pos="47.29" speed="47.00" angle="189.38" x="-1.41" y="69.24"/>
        <vehicle id="cfm_slow_2" eclass="HBEFA3/PC_G_EU4" CO2="13867.66" CO="488.46" HC="2.61" NOx="5.43" PMx="0.45" fuel="5.96" electricity="0.00" noise="81.03" route="routetop" type="cfm_slow" waiting="0.00" lane="left_0" pos="37.29" speed="47.00" angle="117.41" x="38.26" y="3.49"/>
        <vehicle id="cfm_slow_3" eclass="HBEFA3/PC_G_EU4" CO2="0.00" CO="0.00" HC="0.00" NOx="0.00" PMx="0.00" fuel="0.00" electricity="0.00" noise="81.03" route="routebottom" type="cfm_slow" waiting="0.00" lane="bottom_0" pos="27.29" speed="47.00" angle="45.40" x="113.04" y="20.92"/>
        <vehicle id="cfm_slow_4" eclass="HBEFA3/PC_G_EU4" CO2="0.00" CO="0.00" HC="0.00" NOx="0.00" PMx="0.00" fuel="0.00" electricity="0.00" noise="81.03" route="routebottom" type="cfm_slow" waiting="0.00" lane="right_0" pos="17.29" speed="47.00" angle="333.39" x="119.56" y="97.42"/>
    </timestep>
    <timestep time="16.90">
        <vehicle id="cfm_slow_0" eclass="HBEFA3/PC_G_EU4" CO2="13867.14" CO="488.45" HC="2.61" NOx="5.43" PMx="0.45" fuel="5.96" electricity="0.00" noise="81.03" route="routetop" type="cfm_slow" waiting="0.00" lane="top_0" pos="11.99" speed="47.00" angle="252.86" x="39.63" y="124.37"/>
        <vehicle id="cfm_slow_1" eclass="HBEFA3/PC_G_EU4" CO2="13867.57" CO="488.46" HC="2.61" NOx="5.43" PMx="0.45" fuel="5.96" electricity="0.00" noise="81.03" route="routetop" type="cfm_slow" waiting="0.00" lane="left_0" pos="1.99" speed="47.00" angle="180.90" x="-1.51" y="59.55"/>
        <vehicle id="cfm_slow_2" eclass="HBEFA3/PC_G_EU4" CO2="13867.58" CO="488.46" HC="2.61" NOx="5.43" PMx="0.45" fuel="5.96" electricity="0.00" noise="81.03" route="routetop" type="cfm_slow" waiting="0.00" lane="left_0" pos="41.99" speed="47.00" angle="108.89" x="47.39" y="0.42"/>
        <vehicle id="cfm_slow_3" eclass="HBEFA3/PC_G_EU4" CO2="0.00" CO="0.00" HC="0.00" NOx="0.00" PMx="0.00" fuel="0.00" electricity="0.00" noise="81.03" route="routebottom" type="cfm_slow" waiting="0.00" lane="bottom_0" pos="31.99" speed="47.00" angle="36.96" x="118.80" y="28.64"/>
        <vehicle id="cfm_slow_4" eclass="HBEFA3/PC_G_EU4" CO2="0.00" CO="0.00" HC="0.00" NOx="0.00" PMx="0.00" fuel="0.00" electricity="0.00" noise="81.03" route="routebottom" type="cfm_slow" waiting="0.00" lane="right_0" pos="21.99" speed="47.00" angle="324.90" x="113.98" y="105.28"/>
    </timestep>
    <timestep time="17.00">
        <vehicle id="cfm_slow_0" eclass="HBEFA3/PC_G_EU4" CO2="13867.19" CO="488.45" HC="2.61" NOx="5.43" PMx="0.45" fuel="5.96" electricity="0.00" noise="81.03" route="routetop" type="cfm_slow" waiting="0.00" lane="top_0" pos="16.69" speed="47.00" angle="244.50" x="30.95" y="120.19"/>
        <vehicle id="cfm_slow_1" eclass="HBEFA3/PC_G_EU4" CO2="13867.56" CO="488.46" HC="2.61" NOx="5.43" PMx="0.45" fuel="5.96" electricity="0.00" noise="81.03" route="routetop" type="cfm_slow" waiting="0.00" lane="left_0" pos="6.69" speed="47.00" angle="172.43" x="-0.20" y="50.01"/>
        <vehicle id="cfm_slow_2" eclass="HBEFA3/PC_G_EU4" CO2="13867.50" CO="488.46" HC="2.61" NOx="5.43" PMx="0.45" fuel="5.96" electricity="0.00" noise="81.03" route="routetop" type="cfm_slow" waiting="0.00" lane="left_0" pos="46.69" speed="47.00" angle="100.51" x="56.86" y="-1.29"/>
        <vehicle id="cfm_slow_3" eclass="HBEFA3/PC_G_EU4" CO2="0.00" CO="0.00" HC="0.00" NOx="0.00" PMx="0.00" fuel="0.00" electricity="0.00" noise="81.03" route="routebottom" type="cfm_slow" waiting="0.00" lane="bottom_0" pos="36.69" speed="47.00" angle="28.43" x="123.33" y="37.13"/>
        <vehicle id="cfm_slow_4" eclass="HBEFA3/PC_G_EU4" CO2="0.00" CO="0.00" HC="0.00" NOx="0.00" PMx="0.00" fuel="0.00" electricity="0.00" noise="81.03" route="routebottom" type="cfm_slow" waiting="0.00" lane="right_0" pos="26.69" speed="47.00" angle="316.50" x="107.33" y="112.23"/>
    </timestep>
    <timestep time="17.10">
        <vehicle id="cfm_slow_0" eclass="HBEFA3/PC_G_EU4" CO2="13867.23" CO="488.45" HC="2.61" NOx="5.43" PMx="0.45" fuel="5.96" electricity="0.00" noise="81.03" route="routetop" type="cfm_slow" waiting="0.00" lane="top_0" pos="21.39" speed="47.00" angle="235.96" x="23.01" y="114.75"/>
        <vehicle id="cfm_slow_1" eclass="HBEFA3/PC_G_EU4" CO2="13867.55" CO="488.46" HC="2.61" NOx="5.43" PMx="0.45" fuel="5.96" electricity="0.00" noise="81.03" route="routetop" type="cfm_slow" waiting="0.00" lane="left_0" pos="11.39" speed="47.00" angle="163.91" x="2.51" y="40.77"/>
        <vehicle id="cfm_slow_2" eclass="HBEFA3/PC_G_EU4" CO2="13867.44" CO="488.46" HC="2.61" NOx="5.43" PMx="0.45" fuel="5.96" electricity="0.00" noise="81.03" route="routebottom" type="cfm_slow" waiting="0.00" lane="bottom_0" pos="1.39" speed="47.00" angle="92.00" x="66.54" y="-1.58"/>
        <vehicle id="cfm_slow_3" eclass="HBEFA3/PC_G_EU4" CO2="0.00" CO="0.00" HC="0.00" NOx="0.00" PMx="0.00" fuel="0.00" electricity="0.00" noise="81.03" route="routebottom" type="cfm_slow" waiting="0.00" lane="bottom_0" pos="41.39" speed="47.00" angle="20.02" x="126.59" y="46.20"/>
        <vehicle id="cfm_slow_4" eclass="HBEFA3/PC_G_EU4" CO2="0.00" CO="0.00" HC="0.00" NOx="0.00" PMx="0.00" fuel="0.00" electricity="0.00" noise="81.03" route="routebottom" type="cfm_slow" waiting="0.00" lane="right_0" pos="31.39" speed="47.00" angle="307.98" x="99.70" y="118.11"/>
    </timestep>
    <timestep time="17.20">
        <vehicle id="cfm_slow_0" eclass="HBEFA3/PC_G_EU4" CO2="13867.27" CO="488.45" HC="2.61" NOx="5.43" PMx="0.45" fuel="5.96" electricity="0.00" noise="81.03" route="routetop" type="cfm_slow" waiting="0.00" lane="top_0" pos="26.09" speed="47.00" angle="227.58" x="15.93" y="108.23"/>
        <vehicle id="cfm_slow_1" eclass="HBEFA3/PC_G_EU4" CO2="13867.53" CO="488.46" HC="2.61" NOx="5.43" PMx="0.45" fuel="5.96" electricity="0.00" noise="81.03" route="routetop" type="cfm_slow" waiting="0.00" lane="left_0" pos="16.09" speed="47.00" angle="155.55" x="6.53" y="32.03"/>
        <vehicle id="cfm_slow_2" eclass="HBEFA3/PC_G_EU4" CO2="13867.37" CO="488.46" HC="2.61" NOx="5.43" PMx="0.45" fuel="5.96" electricity="0.00" noise="81.03" route="routebottom" type="cfm_slow" waiting="0.00" lane="bottom_0" pos="6.09" speed="47.00" angle="83.48" x="76.10" y="-0.44"/>
        <vehicle id="cfm_slow_3" eclass="HBEFA3/PC_G_EU4" CO2="0.00" CO="0.00" HC="0.00" NOx="0.00" PMx="0.00" fuel="0.00" electricity="0.00" noise="81.03" route="routebottom" type="cfm_slow" waiting="0.00" lane="bottom_0" pos="46.09" speed="47.00" angle="11.54" x="128.48" y="55.64"/>
        <vehicle id="cfm_slow_4" eclass="HBEFA3/PC_G_EU4" CO2="0.00" CO="0.00" HC="0.00" NOx="0.00" PMx="0.00" fuel="0.00" electricity="0.00" noise="81.03" route="routebottom" type="cfm_slow" waiting="0.00" lane="right_0" pos="36.09" speed="47.00" angle="299.58" x="91.31" y="122.83"/>
    </timestep>
    <timestep time="17.30">
        <vehicle id="cfm_slow_0" eclass="HBEFA3/PC_G_EU4" CO2="13867.30" CO="488.45" HC="2.61" NOx="5.43" PMx="0.45" fuel="5.96" electricity="0.00" noise="81.03" route="routetop" type="cfm_slow" waiting="0.00" lane="top_0" pos="30.79" speed="47.00" angle="219.04" x="9.90" y="100.72"/>
        <vehicle id="cfm_slow_1" eclass="HBEFA3/PC_G_EU4" CO2="13867.50" CO="488.46" HC="2.61" NOx="5.43" PMx="0.45" fuel="5.96" electricity="0.00" noise="81.03" route="routetop" type="cfm_slow" waiting="0.00" lane="left_0" pos="20.79" speed="47.00" angle="147.05" x="11.81" y="23.97"/>
        <vehicle id="cfm_slow_2" eclass="HBEFA3/PC_G_EU4" CO2="13867.31" CO="488.46" HC="2.61" NOx="5.43" PMx="0.45" fuel="5.96" electricity="0.00" noise="81.03" route="routebottom" type="cfm_slow" waiting="0.00" lane="bottom_0" pos="10.79" speed="47.00" angle="75.04" x="85.39" y="2.09"/>
        <vehicle id="cfm_slow_3" eclass="HBEFA3/PC_G_EU4" CO2="0.00" CO="0.00" HC="0.00" NOx="0.00" PMx="0.00" fuel="0.00" electricity="0.00" noise="81.03" route="routebottom" type="cfm_slow" waiting="0.00" lane="right_0" pos="0.79" speed="47.00" angle="3.05" x="128.94" y="65.31"/>
        <vehicle id="cfm_slow_4" eclass="HBEFA3/PC_G_EU4" CO2="0.00" CO="0.00" HC="0.00" NOx="0.00" PMx="0.00" fuel="0.00" electricity="0.00" noise="81.03" route="routebottom" type="cfm_slow" waiting="0.00" lane="right_0" pos="40.79" speed="47.00" angle="291.08" x="82.31" y="126.25"/>
    </timestep>
    <timestep time="17.40">
        <vehicle id="cfm_slow_0" eclass="HBEFA3/PC_G_EU4" CO2="13867.32" CO="488.45" HC="2.61" NOx="5.43" PMx="0.45" fuel="5.96" electricity="0.00" noise="81.03" route="routetop" type="cfm_slow" waiting="0.00" lane="top_0" pos="35.49" speed="47.00" angle="210.68" x="5.03" y="92.42"/>
        <vehicle id="cfm_slow_1" eclass="HBEFA3/PC_G_EU4" CO2="13867.47" CO="488.46" HC="2.61" NOx="5.43" PMx="0.45" fuel="5.96" electricity="0.00" noise="81.03" route="routetop" type="cfm_slow" waiting="0.00" lane="left_0" pos="25.49" speed="47.00" angle="138.59" x="18.20" y="16.78"/>
        <vehicle id="cfm_slow_2" eclass="HBEFA3/PC_G_EU4" CO2="13867.26" CO="488.45" HC="2.61" NOx="5.43" PMx="0.45" fuel="5.96" electricity="0.00" noise="81.03" route="routebottom" type="cfm_slow" waiting="0.00" lane="bottom_0" pos="15.49" speed="47.00" angle="66.64" x="94.22" y="5.94"/>
        <vehicle id="cfm_slow_3" eclass="HBEFA3/PC_G_EU4" CO2="0.00" CO="0.00" HC="0.00" NOx="0.00" PMx="0.00" fuel="0.00" electricity="0.00" noise="81.03" route="routebottom" type="cfm_slow" waiting="0.00" lane="right_0" pos="5.49" speed="47.00" angle="354.63" x="127.99" y="74.89"/>
        <vehicle id="cfm_slow_4" eclass="HBEFA3/PC_G_EU4" CO2="0.00" CO="0.00" HC="0.00" NOx="0.00" PMx="0.00" fuel="0.00" electricity="0.00" noise="81.03" route="routebottom" type="cfm_slow" waiting="0.00" lane="right_0" pos="45.49" speed="47.00" angle="282.61" x="72.90" y="128.31"/>
    </timestep>
    <timestep time="17.50">
        <vehicle id="cfm_slow_0" eclass="HBEFA3/PC_G_EU4" CO2="13867.34" CO="488.45" HC="2.61" NOx="5.43" PMx="0.45" fuel="5.96" electricity="0.00" noise="81.03" route="routetop" type="cfm_slow" waiting="0.00" lane="top_0" pos="40.19" speed="47.00" angle="202.15" x="1.44" y="83.48"/>
        <vehicle id="cfm_slow_1" eclass="HBEFA3/PC_G_EU4" CO2="13867.44" CO="488.46" HC="2.61" NOx="5.43" PMx="0.45" fuel="5.96" electricity="0.00" noise="81.03" route="routetop" type="cfm_slow" waiting="0.00" lane="left_0" pos="30.19" speed="47.00" angle="130.13" x="25.60" y="10.61"/>
        <vehicle id="cfm_slow_2" eclass="HBEFA3/PC_G_EU4" CO2="13867.22" CO="488.45" HC="2.61" NOx="5.43" PMx="0.45" fuel="5.96" electricity="0.00" noise="81.03" route="routebottom" type="cfm_slow" waiting="0.00" lane="bottom_0" pos="20.19" speed="47.00" angle="58.07" x="102.36" y="11.07"/>
        <vehicle id="cfm_slow_3" eclass="HBEFA3/PC_G_EU4" CO2="0.00" CO="0.00" HC="0.00" NOx="0.00" PMx="0.00" fuel="0.00" electricity="0.00" noise="81.03" route="routebottom" type="cfm_slow" waiting="0.00" lane="right_0" pos="10.19" speed="47.00" angle="346.18" x="125.66" y="84.24"/>
        <vehicle id="cfm_slow_4" eclass="HBEFA3/PC_G_EU4" CO2="0.00" CO="0.00" HC="0.00" NOx="0.00" PMx="0.00" fuel="0.00" electricity="0.00" noise="81.03" route="routetop" type="cfm_slow" waiting="0.00" lane="top_0" pos="0.19" speed="47.00" angle="274.14" x="63.24" y="128.96"/>
    </timestep>
    <timestep time="17.60">
        <vehicle id="cfm_slow_0" eclass="HBEFA3/PC_G_EU4" CO2="13867.35" CO="488.46" HC="2.61" NOx="5.43" PMx="0.45" fuel="5.96" electricity="0.00" noise="81.03" route="routetop" type="cfm_slow" waiting="0.00" lane="top_0" pos="44.89" speed="47.00" angle="193.76" x="-0.81" y="74.12"/>
        <vehicle id="cfm_slow_1" eclass="HBEFA3/PC_G_EU4" CO2="13867.41" CO="488.46" HC="2.61" NOx="5.43" PMx="0.45" fuel="5.96" electricity="0.00" noise="81.03" route="routetop" type="cfm_slow" waiting="0.00" lane="left_0" pos="34.89" speed="47.00" angle="121.77" x="33.80" y="5.58"/>
        <vehicle id="cfm_slow_2" eclass="HBEFA3/PC_G_EU4" CO2="13867.17" CO="488.45" HC="2.61" NOx="5.43" PMx="0.45" fuel="5.96" electricity="0.00" noise="81.03" route="routebottom" type="cfm_slow" waiting="0.00" lane="bottom_0" pos="24.89" speed="47.00" angle="49.73" x="109.68" y="17.33"/>
        <vehicle id="cfm_slow_3" eclass="HBEFA3/PC_G_EU4" CO2="0.00" CO="0.00" HC="0.00" NOx="0.00" PMx="0.00" fuel="0.00" electricity="0.00" noise="81.03" route="routebottom" type="cfm_slow" waiting="0.00" lane="right_0" pos="14.89" speed="47.00" angle="337.64" x="121.94" y="93.12"/>
        <vehicle id="cfm_slow_4" eclass="HBEFA3/PC_G_EU4" CO2="0.00" CO="0.00" HC="0.00" NOx="0.00" PMx="0.00" fuel="0.00" electricity="0.00" noise="81.03" route="routetop" type="cfm_slow" waiting="0.00" lane="top_0" pos="4.89" speed="47.00" angle="265.70" x="53.64" y="128.19"/>
    </timestep>
    <timestep time="17.70">
        <vehicle id="cfm_slow_0" eclass="HBEFA3/PC_G_EU4" CO2="13867.36" CO="488.46" HC="2.61" NOx="5.43" PMx="0.45" fuel="5.96" electricity="0.00" noise="81.03" route="routetop" type="cfm_slow" waiting="0.00" lane="top_0" pos="49.59" speed="47.00" angle="185.23" x="-1.63" y="64.53"/>
        <vehicle id="cfm_slow_1" eclass="HBEFA3/PC_G_EU4" CO2="13867.38" CO="488.46" HC="2.61" NOx="5.43" PMx="0.45" fuel="5.96" electricity="0.00" noise="81.03" route="routetop" type="cfm_slow" waiting="0.00" lane="left_0" pos="39.59" speed="47.00" angle="113.19" x="42.67" y="1.82"/>
        <vehicle id="cfm_slow_2" eclass="HBEFA3/PC_G_EU4" CO2="13867.14" CO="488.45" HC="2.61" NOx="5.43" PMx="0.45" fuel="5.96" electricity="0.00" noise="81.03" route="routebottom" type="cfm_slow" waiting="0.00" lane="bottom_0" pos="29.59" speed="47.00" angle="41.22" x="115.99" y="24.60"/>
        <vehicle id="cfm_slow_3" eclass="HBEFA3/PC_G_EU4" CO2="0.00" CO="0.00" HC="0.00" NOx="0.00" PMx="0.00" fuel="0.00" electricity="0.00" noise="81.03" route="routebottom" type="cfm_slow" waiting="0.00" lane="right_0" pos="19.59" speed="47.00" angle="329.20" x="116.97" y="101.37"/>
        <vehicle id="cfm_slow_4" eclass="HBEFA3/PC_G_EU4" CO2="0.00" CO="0.00" HC="0.00" NOx="0.00" PMx="0.00" fuel="0.00" electricity="0.00" noise="81.03" route="routetop" type="cfm_slow" waiting="0.00" lane="top_0" pos="9.59" speed="47.00" angle="257.24" x="44.26" y="126.02"/>
    </timestep>
    <timestep time="17.80">
        <vehicle id="cfm_slow_0" eclass="HBEFA3/PC_G_EU4" CO2="13867.36" CO="488.46" HC="2.61" NOx="5.43" PMx="0.45" fuel="5.96" electricity="0.00" noise="81.03" route="routetop" type="cfm_slow" waiting="0.00" lane="left_0" pos="4.29" speed="47.00" angle="176.80" x="-1.05" y="54.86"/>
        <vehicle id="cfm_slow_1" eclass="HBEFA3/PC_G_EU4" CO2="13867.35" CO="488.46" HC="2.61" NOx="5.43" PMx="0.45" fuel="5.96" electricity="0.00" noise="81.03" route="routetop" type="cfm_slow" waiting="0.00" lane="left_0" pos="44.29" speed="47.00" angle="104.81" x="51.99" y="-0.59"/>
        <vehicle id="cfm_slow_2" eclass="HBEFA3/PC_G_EU4" CO2="0.00" CO="0.00" HC="0.00" NOx="0.00" PMx="0.00" fuel="0.00" electricity="0.00" noise="81.03" route="routebottom" type="cfm_slow" waiting="0.00" lane="bottom_0" pos="34.29" speed="47.00" angle="32.80" x="121.17" y="32.72"/>
        <vehicle id="cfm_slow_3" eclass="HBEFA3/PC_G_EU4" CO2="0.00" CO="0.00" HC="0.00" NOx="0.00" PMx="0.00" fuel="0.00" electricity="0.00" noise="81.03" route="routebottom" type="cfm_slow" waiting="0.00" lane="right_0" pos="24.29" speed="47.00" angle="320.79" x="110.86" y="108.80"/>
        <vehicle id="cfm_slow_4" eclass="HBEFA3/PC_G_EU4" CO2="0.00" CO="0.00" HC="0.00" NOx="0.00" PMx="0.00" fuel="0.00" electricity="0.00" noise="81.03" route="routetop" type="cfm_slow" waiting="0.00" lane="top_0" pos="14.29" speed="47.00" angle="248.76" x="35.30" y="122.49"/>
    </timestep>
    <timestep time="17.90">
        <vehicle id="cfm_slow_0" eclass="HBEFA3/PC_G_EU4" CO2="13867.36" CO="488.46" HC="2.61" NOx="5.43" PMx="0.45" fuel="5.96" electricity="0.00" noise="81.03" route="routetop" type="cfm_slow" waiting="0.00" lane="left_0" pos="8.99" speed="47.00" angle="168.28" x="0.95" y="45.44"/>
        <vehicle id="cfm_slow_1" eclass="HBEFA3/PC_G_EU4" CO2="13867.32" CO="488.46" HC="2.61" NOx="5.43" PMx="0.45" fuel="5.96" electricity="0.00" noise="81.03" route="routetop" type="cfm_slow" waiting="0.00" lane="left_0" pos="48.99" speed="47.00" angle="96.36" x="61.56" y="-1.61"/>
        <vehicle id="cfm_slow_2" eclass="HBEFA3/PC_G_EU4" CO2="0.00" CO="0.00" HC="0.00" NOx="0.00" PMx="0.00" fuel="0.00" electricity="0.00" noise="81.03" route="routebottom" type="cfm_slow" waiting="0.00" lane="bottom_0" pos="38.99" speed="47.00" angle="24.31" x="125.08" y="41.51"/>
        <vehicle id="cfm_slow_3" eclass="HBEFA3/PC_G_EU4" CO2="0.00" CO="0.00" HC="0.00" NOx="0.00" PMx="0.00" fuel="0.00" electricity="0.00" noise="81.03" route="routebottom" type="cfm_slow" waiting="0.00" lane="right_0" pos="28.99" speed="47.00" angle="312.25" x="103.70" y="115.24"/>
        <vehicle id="cfm_slow_4" eclass="HBEFA3/PC_G_EU4" CO2="0.00" CO="0.00" HC="0.00" NOx="0.00" PMx="0.00" fuel="0.00" electricity="0.00" noise="81.03" route="routetop" type="cfm_slow" waiting="0.00" lane="top_0" pos="18.99" speed="47.00" angle="240.27" x="26.96" y="117.68"/>
    </timestep>
    <timestep time="18.00">
        <vehicle id="cfm_slow_0" eclass="HBEFA3/PC_G_EU4" CO2="13867.36" CO="488.46" HC="2.61" NOx="5.43" PMx="0.45" fuel="5.96" electricity="0.00" noise="81.03" route="routetop" type="cfm_slow" waiting="0.00" lane="left_0" pos="13.69" speed="47.00" angle="159.86" x="4.31" y="36.42"/>
        <vehicle id="cfm_slow_1" eclass="HBEFA3/PC_G_EU4" CO2="13867.29" CO="488.45" HC="2.61" NOx="5.43" PMx="0.45" fuel="5.96" electricity="0.00" noise="81.03" route="routebottom" type="cfm_slow" waiting="0.00" lane="bottom_0" pos="3.69" speed="47.00" angle="87.85" x="71.24" y="-1.21"/>
        <vehicle id="cfm_slow_2" eclass="HBEFA3/PC_G_EU4" CO2="0.00" CO="0.00" HC="0.00" NOx="0.00" PMx="0.00" fuel="0.00" electricity="0.00" noise="81.03" route="routebottom" type="cfm_slow" waiting="0.00" lane="bottom_0" pos="43.69" speed="47.00" angle="15.97" x="127.69" y="50.78"/>
        <vehicle id="cfm_slow_3" eclass="HBEFA3/PC_G_EU4" CO2="0.00" CO="0.00" HC="0.00" NOx="0.00" PMx="0.00" fuel="0.00" electricity="0.00" noise="81.03" route="routebottom" type="cfm_slow" waiting="0.00" lane="right_0" pos="33.69" speed="47.00" angle="303.91" x="95.68" y="120.57"/>
        <vehicle id="cfm_slow_4" eclass="HBEFA3/PC_G_EU4" CO2="0.00" CO="0.00" HC="0.00" NOx="0.00" PMx="0.00" fuel="0.00" electricity="0.00" noise="81.03" route="routetop" type="cfm_slow" waiting="0.00" lane="top_0" pos="23.69" speed="47.00" angle="231.83" x="19.42" y="111.69"/>
    </timestep>
    <timestep time="18.10">
        <vehicle id="cfm_slow_0" eclass="HBEFA3/PC_G_EU4" CO2="13867.35" CO="488.46" HC="2.61" NOx="5.43" PMx="0.45" fuel="5.96" electricity="0.00" noise="81.03" route="routetop" type="cfm_slow" waiting="0.00" lane="left_0" pos="18.39" speed="47.00" angle="151.37" x="8.97" y="27.99"/>
        <vehicle id="cfm_slow_1" eclass="HBEFA3/PC_G_EU4" CO2="13867.27" CO="488.45" HC="2.61" NOx="5.43" PMx="0.45" fuel="5.96" electricity="0.00" noise="81.03" route="routebottom" type="cfm_slow" waiting="0.00" lane="bottom_0" pos="8.39" speed="47.00" angle="79.34" x="80.70" y="0.62"/>
        <vehicle id="cfm_slow_2" eclass="HBEFA3/PC_G_EU4" CO2="0.00" CO="0.00" HC="0.00" NOx="0.00" PMx="0.00" fuel="0.00" electricity="0.00" noise="81.03" route="routebottom" type="cfm_slow" waiting="0.00" lane="bottom_0" pos="48.39" speed="47.00" angle="7.39" x="128.88" y="60.33"/>
        <vehicle id="cfm_slow_3" eclass="HBEFA3/PC_G_EU4" CO2="0.00" CO="0.00" HC="0.00" NOx="0.00" PMx="0.00" fuel="0.00" electricity="0.00" noise="81.03" route="routebottom" type="cfm_slow" waiting="0.00" lane="right_0" pos="38.39" speed="47.00" angle="295.36" x="86.96" y="124.66"/>
        <vehicle id="cfm_slow_4" eclass="HBEFA3/PC_G_EU4" CO2="0.00" CO="0.00" HC="0.00" NOx="0.00" PMx="0.00" fuel="0.00" electricity="0.00" noise="81.03" route="routetop" type="cfm_slow" waiting="0.00" lane="top_0" pos="28.39" speed="47.00" angle="223.38" x="12.84" y="104.67"/>
    </timestep>
    <timestep time="18.20">
        <vehicle id="cfm_slow_0" eclass="HBEFA3/PC_G_EU4" CO2="13867.34" CO="488.46" HC="2.61" NOx="5.43" PMx="0.45" fuel="5.96" electricity="0.00" noise="81.03" route="routetop" type="cfm_slow" waiting="0.00" lane="left_0" pos="23.09" speed="47.00" angle="142.93" x="14.80" y="20.33"/>
        <vehicle id="cfm_slow_1" eclass="HBEFA3/PC_G_EU4" CO2="13867.24" CO="488.45" HC="2.61" NOx="5.43" PMx="0.45" fuel="5.96" electricity="0.00" noise="81.03" route="routebottom" type="cfm_slow" waiting="0.00" lane="bottom_0" pos="13.09" speed="47.00" angle="70.97" x="89.78" y="3.81"/>
        <vehicle id="cfm_slow_2" eclass="HBEFA3/PC_G_EU4" CO2="0.00" CO="0.00" HC="0.00" NOx="0.00" PMx="0.00" fuel="0.00" electricity="0.00" noise="81.03" route="routebottom" type="cfm_slow" waiting="0.00" lane="right_0" pos="3.09" speed="47.00" angle="358.95" x="128.66" y="70.02"/>
        <vehicle id="cfm_slow_3" eclass="HBEFA3/PC_G_EU4" CO2="0.00" CO="0.00" HC="0.00" NOx="0.00" PMx="0.00" fuel="0.00" electricity="0.00" noise="81.03" route="routebottom" type="cfm_slow" waiting="0.00" lane="right_0" pos="43.09" speed="47.00" angle="286.98" x="77.74" y="127.43"/>
        <vehicle id="cfm_slow_4" eclass="HBEFA3/PC_G_EU4" CO2="0.00" CO="0.00" HC="0.00" NOx="0.00" PMx="0.00" fuel="0.00" electricity="0.00" noise="81.03" route="routetop" type="cfm_slow" waiting="0.00" lane="top_0" pos="33.09" speed="47.00" angle="214.95" x="7.36" y="96.75"/>
    </timestep>
    <timestep time="18.30">
        <vehicle id="cfm_slow_0" eclass="HBEFA3/PC_G_EU4" CO2="13867.33" CO="488.46" HC="2.61" NOx="5.43" PMx="0.45" fuel="5.96" electricity="0.00" noise="81.03" route="routetop" type="cfm_slow" waiting="0.00" lane="left_0" pos="27.79" speed="47.00" angle="134.46" x="21.71" y="13.62"/>
        <vehicle id="cfm_slow_1" eclass="HBEFA3/PC_G_EU4" CO2="13867.22" CO="488.45" HC="2.61" NOx="5.43" PMx="0.45" fuel="5.96" electricity="0.00" noise="81.03" route="routebottom" type="cfm_slow" waiting="0.00" lane="bottom_0" pos="17.79" speed="47.00" angle="62.42" x="98.30" y="8.30"/>
        <vehicle id="cfm_slow_2" eclass="HBEFA3/PC_G_EU4" CO2="0.00" CO="0.00" HC="0.00" NOx="0.00" PMx="0.00" fuel="0.00" electricity="0.00" noise="81.03" route="routebottom" type="cfm_slow" waiting="0.00" lane="right_0" pos="7.79" speed="47.00" angle="350.43" x="127.02" y="79.51"/>
        <vehicle id="cfm_slow_3" eclass="HBEFA3/PC_G_EU4" CO2="0.00" CO="0.00" HC="0.00" NOx="0.00" PMx="0.00" fuel="0.00" electricity="0.00" noise="81.03" route="routebottom" type="cfm_slow" waiting="0.00" lane="right_0" pos="47.79" speed="47.00" angle="278.54" x="68.21" y="128.81"/>
        <vehicle id="cfm_slow_4" eclass="HBEFA3/PC_G_EU4" CO2="13867.13" CO="488.45" HC="2.61" NOx="5.43" PMx="0.45" fuel="5.96" electricity="0.00" noise="81.03" route="routetop" type="cfm_slow" waiting="0.00" lane="top_0" pos="37.79" speed="47.00" angle="206.47" x="3.11" y="88.11"/>
    </timestep>
    <timestep time="18.40">
        <vehicle id="cfm_slow_0" eclass="HBEFA3/PC_G_EU4" CO2="13867.32" CO="488.45" HC="2.61" NOx="5.43" PMx="0.45" fuel="5.96" electricity="0.00" noise="81.03" route="routetop" type="cfm_slow" waiting="0.00" lane="left_0" pos="32.49" speed="47.00" angle="126.05" x="29.52" y="8.00"/>
        <vehicle id="cfm_slow_1" eclass="HBEFA3/PC_G_EU4" CO2="13867.19" CO="488.45" HC="2.61" NOx="5.43" PMx="0.45" fuel="5.96" electricity="0.00" noise="81.03" route="routebottom" type="cfm_slow" waiting="0.00" lane="bottom_0" pos="22.49" speed="47.00" angle="53.99" x="106.06" y="14.00"/>
        <vehicle id="cfm_slow_2" eclass="HBEFA3/PC_G_EU4" CO2="0.00" CO="0.00" HC="0.00" NOx="0.00" PMx="0.00" fuel="0.00" electricity="0.00" noise="81.03" route="routebottom" type="cfm_slow" waiting="0.00" lane="right_0" pos="12.49" speed="47.00" angle="341.99" x="123.99" y="88.65"/>
        <vehicle id="cfm_slow_3" eclass="HBEFA3/PC_G_EU4" CO2="0.00" CO="0.00" HC="0.00" NOx="0.00" PMx="0.00" fuel="0.00" electricity="0.00" noise="81.03" route="routetop" type="cfm_slow" waiting="0.00" lane="top_0" pos="2.49" speed="47.00" angle="270.01" x="58.52" y="128.78"/>
        <vehicle id="cfm_slow_4" eclass="HBEFA3/PC_G_EU4" CO2="13867.15" CO="488.45" HC="2.61" NOx="5.43" PMx="0.45" fuel="5.96" electricity="0.00" noise="81.03" route="routetop" type="cfm_slow" waiting="0.00" lane="top_0" pos="42.49" speed="47.00" angle="198.03" x="0.17" y="78.94"/>
    </timestep>
    <timestep time="18.50">
        <vehicle id="cfm_slow_0" eclass="HBEFA3/PC_G_EU4" CO2="13867.31" CO="488.45" HC="2.61" NOx="5.43" PMx="0.45" fuel="5.96" electricity="0.00" noise="81.03" route="routetop" type="cfm_slow" waiting="0.00" lane="left_0" pos="37.19" speed="47.00" angle="117.59" x="38.07" y="3.57"/>
        <vehicle id="cfm_slow_1" eclass="HBEFA3/PC_G_EU4" CO2="13867.17" CO="488.45" HC="2.61" NOx="5.43" PMx="0.45" fuel="5.96" electricity="0.00" noise="81.03" route="routebottom" type="cfm_slow" waiting="0.00" lane="bottom_0" pos="27.19" speed="47.00" angle="45.59" x="112.90" y="20.77"/>
        <vehicle id="cfm_slow_2" eclass="HBEFA3/PC_G_EU4" CO2="0.00" CO="0.00" HC="0.00" NOx="0.00" PMx="0.00" fuel="0.00" electricity="0.00" noise="81.03" route="routebottom" type="cfm_slow" waiting="0.00" lane="right_0" pos="17.19" speed="47.00" angle="333.58" x="119.66" y="97.25"/>
        <vehicle id="cfm_slow_3" eclass="HBEFA3/PC_G_EU4" CO2="0.00" CO="0.00" HC="0.00" NOx="0.00" PMx="0.00" fuel="0.00" electricity="0.00" noise="81.03" route="routetop" type="cfm_slow" waiting="0.00" lane="top_0" pos="7.19" speed="47.00" angle="261.49" x="49.01" y="127.30"/>
        <vehicle id="cfm_slow_4" eclass="HBEFA3/PC_G_EU4" CO2="13867.16" CO="488.45" HC="2.61" NOx="5.43" PMx="0.45" fuel="5.96" electricity="0.00" noise="81.03" route="routetop" type="cfm_slow" waiting="0.00" lane="top_0" pos="47.19" speed="47.00" angle="189.56" x="-1.39" y="69.44"/>
    </timestep>
    <timestep time="18.60">
        <vehicle id="cfm_slow_0" eclass="HBEFA3/PC_G_EU4" CO2="13867.29" CO="488.45" HC="2.61" NOx="5.43" PMx="0.45" fuel="5.96" electricity="0.00" noise="81.03" route="routetop" type="cfm_slow" waiting="0.00" lane="left_0" pos="41.89" speed="47.00" angle="109.07" x="47.19" y="0.48"/>
        <vehicle id="cfm_slow_1" eclass="HBEFA3/PC_G_EU4" CO2="13867.16" CO="488.45" HC="2.61" NOx="5.43" PMx="0.45" fuel="5.96" electricity="0.00" noise="81.03" route="routebottom" type="cfm_slow" waiting="0.00" lane="bottom_0" pos="31.89" speed="47.00" angle="37.10" x="118.68" y="28.47"/>
        <vehicle id="cfm_slow_2" eclass="HBEFA3/PC_G_EU4" CO2="0.00" CO="0.00" HC="0.00" NOx="0.00" PMx="0.00" fuel="0.00" electricity="0.00" noise="81.03" route="routebottom" type="cfm_slow" waiting="0.00" lane="right_0" pos="21.89" speed="47.00" angle="325.08" x="114.12" y="105.12"/>
        <vehicle id="cfm_slow_3" eclass="HBEFA3/PC_G_EU4" CO2="0.00" CO="0.00" HC="0.00" NOx="0.00" PMx="0.00" fuel="0.00" electricity="0.00" noise="81.03" route="routetop" type="cfm_slow" waiting="0.00" lane="top_0" pos="11.89" speed="47.00" angle="253.03" x="39.82" y="124.44"/>
        <vehicle id="cfm_slow_4" eclass="HBEFA3/PC_G_EU4" CO2="13867.17" CO="488.45" HC="2.61" NOx="5.43" PMx="0.45" fuel="5.96" electricity="0.00" noise="81.03" route="routetop" type="cfm_slow" waiting="0.00" lane="left_0" pos="1.89" speed="47.00" angle="181.09" x="-1.52" y="59.75"/>
    </timestep>
    <timestep time="18.70">
        <vehicle id="cfm_slow_0" eclass="HBEFA3/PC_G_EU4" CO2="13867.28" CO="488.45" HC="2.61" NOx="5.43" PMx="0.45" fuel="5.96" electricity="0.00" noise="81.03" route="routetop" type="cfm_slow" waiting="0.00" lane="left_0" pos="46.59" speed="47.00" angle="100.70" x="56.66" y="-1.27"/>
        <vehicle id="cfm_slow_1" eclass="HBEFA3/PC_G_EU4" CO2="13867.14" CO="488.45" HC="2.61" NOx="5.43" PMx="0.45" fuel="5.96" electricity="0.00" noise="81.03" route="routebottom" type="cfm_slow" waiting="0.00" lane="bottom_0" pos="36.59" speed="47.00" angle="28.62" x="123.25" y="36.95"/>
        <vehicle id="cfm_slow_2" eclass="HBEFA3/PC_G_EU4" CO2="0.00" CO="0.00" HC="0.00" NOx="0.00" PMx="0.00" fuel="0.00" electricity="0.00" noise="81.03" route="routebottom" type="cfm_slow" waiting="0.00" lane="right_0" pos="26.59" speed="47.00" angle="316.68" x="107.48" y="112.09"/>
        <vehicle id="cfm_slow_3" eclass="HBEFA3/PC_G_EU4" CO2="0.00" CO="0.00" HC="0.00" NOx="0.00" PMx="0.00" fuel="0.00" electricity="0.00" noise="81.03" route="routetop" type="cfm_slow" waiting="0.00" lane="top_0" pos="16.59" speed="47.00" angle="244.66" x="31.13" y="120.29"/>
        <vehicle id="cfm_slow_4" eclass="HBEFA3/PC_G_EU4" CO2="13867.18" CO="488.45" HC="2.61" NOx="5.43" PMx="0.45" fuel="5.96" electricity="0.00" noise="81.03" route="routetop" type="cfm_slow" waiting="0.00" lane="left_0" pos="6.59" speed="47.00" angle="172.61" x="-0.24" y="50.21"/>
    </timestep>
    <timestep time="18.80">
        <vehicle id="cfm_slow_0" eclass="HBEFA3/PC_G_EU4" CO2="13867.26" CO="488.45" HC="2.61" NOx="5.43" PMx="0.45" fuel="5.96" electricity="0.00" noise="81.03" route="routebottom" type="cfm_slow" waiting="0.00" lane="bottom_0" pos="1.29" speed="47.00" angle="92.18" x="66.34" y="-1.60"/>
        <vehicle id="cfm_slow_1" eclass="HBEFA3/PC_G_EU4" CO2="13867.13" CO="488.45" HC="2.61" NOx="5.43" PMx="0.45" fuel="5.96" electricity="0.00" noise="81.03" route="routebottom" type="cfm_slow" waiting="0.00" lane="bottom_0" pos="41.29" speed="47.00" angle="20.21" x="126.53" y="46.00"/>
        <vehicle id="cfm_slow_2" eclass="HBEFA3/PC_G_EU4" CO2="0.00" CO="0.00" HC="0.00" NOx="0.00" PMx="0.00" fuel="0.00" electricity="0.00" noise="81.03" route="routebottom" type="cfm_slow" waiting="0.00" lane="right_0" pos="31.29" speed="47.00" angle="308.16" x="99.87" y="118.00"/>
        <vehicle id="cfm_slow_3" eclass="HBEFA3/PC_G_EU4" CO2="0.00" CO="0.00" HC="0.00" NOx="0.00" PMx="0.00" fuel="0.00" electricity="0.00" noise="81.03" route="routetop" type="cfm_slow" waiting="0.00" lane="top_0" pos="21.29" speed="47.00" angle="236.14" x="23.17" y="114.88"/>
        <vehicle id="cfm_slow_4" eclass="HBEFA3/PC_G_EU4" CO2="13867.19" CO="488.45" HC="2.61" NOx="5.43" PMx="0.45" fuel="5.96" electricity="0.00" noise="81.03" route="routetop" type="cfm_slow" waiting="0.00" lane="left_0" pos="11.29" speed="47.00" angle="164.10" x="2.44" y="40.96"/>
    </timestep>
    <timestep time="18.90">
        <vehicle id="cfm_slow_0" eclass="HBEFA3/PC_G_EU4" CO2="13867.25" CO="488.45" HC="2.61" NOx="5.43" PMx="0.45" fuel="5.96" electricity="0.00" noise="81.03" route="routebottom" type="cfm_slow" waiting="0.00" lane="bottom_0" pos="5.99" speed="47.00" angle="83.67" x="75.90" y="-0.48"/>
        <vehicle id="cfm_slow_1" eclass="HBEFA3/PC_G_EU4" CO2="0.00" CO="0.00" HC="0.00" NOx="0.00" PMx="0.00" fuel="0.00" electricity="0.00" noise="81.03" route="routebottom" type="cfm_slow" waiting="0.00" lane="bottom_0" pos="45.99" speed="47.00" angle="11.69" x="128.45" y="55.43"/>
        <vehicle id="cfm_slow_2" eclass="HBEFA3/PC_G_EU4" CO2="0.00" CO="0.00" HC="0.00" NOx="0.00" PMx="0.00" fuel="0.00" electricity="0.00" noise="81.03" route="routebottom" type="cfm_slow" waiting="0.00" lane="right_0" pos="35.99" speed="47.00" angle="299.77" x="91.50" y="122.74"/>
        <vehicle id="cfm_slow_3" eclass="HBEFA3/PC_G_EU4" CO2="0.00" CO="0.00" HC="0.00" NOx="0.00" PMx="0.00" fuel="0.00" electricity="0.00" noise="81.03" route="routetop" type="cfm_slow" waiting="0.00" lane="top_0" pos="25.99" speed="47.00" angle="227.77" x="16.07" y="108.38"/>
        <vehicle id="cfm_slow_4" eclass="HBEFA3/PC_G_EU4" CO2="13867.19" CO="488.45" HC="2.61" NOx="5.43" PMx="0.45" fuel="5.96" electricity="0.00" noise="81.03" route="routetop" type="cfm_slow" waiting="0.00" lane="left_0" pos="15.99" speed="47.00" angle="155.74" x="6.44" y="32.21"/>
    </timestep>
    <timestep time="19.00">
        <vehicle id="cfm_slow_0" eclass="HBEFA3/PC_G_EU4" CO2="13867.24" CO="488.45" HC="2.61" NOx="5.43" PMx="0.45" fuel="5.96" electricity="0.00" noise="81.03" route="routebottom" type="cfm_slow" waiting="0.00" lane="bottom_0" pos="10.69" speed="47.00" angle="75.23" x="85.20" y="2.02"/>
        <vehicle id="cfm_slow_1" eclass="HBEFA3/PC_G_EU4" CO2="0.00" CO="0.00" HC="0.00" NOx="0.00" PMx="0.00" fuel="0.00" electricity="0.00" noise="81.03" route="routebottom" type="cfm_slow" waiting="0.00" lane="right_0" pos="0.69" speed="47.00" angle="3.23" x="128.94" y="65.11"/>
        <vehicle id="cfm_slow_2" eclass="HBEFA3/PC_G_EU4" CO2="0.00" CO="0.00" HC="0.00" NOx="0.00" PMx="0.00" fuel="0.00" electricity="0.00" noise="81.03" route="routebottom" type="cfm_slow" waiting="0.00" lane="right_0" pos="40.69" speed="47.00" angle="291.27" x="82.50" y="126.19"/>
        <vehicle id="cfm_slow_3" eclass="HBEFA3/PC_G_EU4" CO2="0.00" CO="0.00" HC="0.00" NOx="0.00" PMx="0.00" fuel="0.00" electricity="0.00" noise="81.03" route="routetop" type="cfm_slow" waiting="0.00" lane="top_0" pos="30.69" speed="47.00" angle="219.19" x="10.01" y="100.89"/>
        <vehicle id="cfm_slow_4" eclass="HBEFA3/PC_G_EU4" CO2="13867.20" CO="488.45" HC="2.61" NOx="5.43" PMx="0.45" fuel="5.96" electricity="0.00" noise="81.03" route="routetop" type="cfm_slow" waiting="0.00" lane="left_0" pos="20.69" speed="47.00" angle="147.23" x="11.68" y="24.13"/>
    </timestep>
    <timestep time="19.10">
        <vehicle id="cfm_slow_0" eclass="HBEFA3/PC_G_EU4" CO2="13867.22" CO="488.45" HC="2.61" NOx="5.43" PMx="0.45" fuel="5.96" electricity="0.00" noise="81.03" route="routebottom" type="cfm_slow" waiting="0.00" lane="bottom_0" pos="15.39" speed="47.00" angle="66.82" x="94.04" y="5.84"/>
        <vehicle id="cfm_slow_1" eclass="HBEFA3/PC_G_EU4" CO2="0.00" CO="0.00" HC="0.00" NOx="0.00" PMx="0.00" fuel="0.00" electricity="0.00" noise="81.03" route="routebottom" type="cfm_slow" waiting="0.00" lane="right_0" pos="5.39" speed="47.00" angle="354.82" x="128.03" y="74.69"/>
        <vehicle id="cfm_slow_2" eclass="HBEFA3/PC_G_EU4" CO2="0.00" CO="0.00" HC="0.00" NOx="0.00" PMx="0.00" fuel="0.00" electricity="0.00" noise="81.03" route="routebottom" type="cfm_slow" waiting="0.00" lane="right_0" pos="45.39" speed="47.00" angle="282.79" x="73.11" y="128.28"/>
        <vehicle id="cfm_slow_3" eclass="HBEFA3/PC_G_EU4" CO2="0.00" CO="0.00" HC="0.00" NOx="0.00" PMx="0.00" fuel="0.00" electricity="0.00" noise="81.03" route="routetop" type="cfm_slow" waiting="0.00" lane="top_0" pos="35.39" speed="47.00" angle="210.86" x="5.12" y="92.60"/>
        <vehicle id="cfm_slow_4" eclass="HBEFA3/PC_G_EU4" CO2="13867.20" CO="488.45" HC="2.61" NOx="5.43" PMx="0.45" fuel="5.96" electricity="0.00" noise="81.03" route="routetop" type="cfm_slow" waiting="0.00" lane="left_0" pos="25.39" speed="47.00" angle="138.78" x="18.06" y="16.92"/>
    </timestep>
    <timestep time="19.20">
        <vehicle id="cfm_slow_0" eclass="HBEFA3/PC_G_EU4" CO2="13867.21" CO="488.45" HC="2.61" NOx="5.43" PMx="0.45" fuel="5.96" electricity="0.00" noise="81.03" route="routebottom" type="cfm_slow" waiting="0.00" lane="bottom_0" pos="20.09" speed="47.00" angle="58.26" x="102.20" y="10.95"/>
        <vehicle id="cfm_slow_1" eclass="HBEFA3/PC_G_EU4" CO2="0.00" CO="0.00" HC="0.00" NOx="0.00" PMx="0.00" fuel="0.00" electricity="0.00" noise="81.03" route="routebottom" type="cfm_slow" waiting="0.00" lane="right_0" pos="10.09" speed="47.00" angle="346.33" x="125.72" y="84.04"/>
        <vehicle id="cfm_slow_2" eclass="HBEFA3/PC_G_EU4" CO2="0.00" CO="0.00" HC="0.00" NOx="0.00" PMx="0.00" fuel="0.00" electricity="0.00" noise="81.03" route="routetop" type="cfm_slow" waiting="0.00" lane="top_0" pos="0.09" speed="47.00" angle="274.32" x="63.44" y="128.97"/>
        <vehicle id="cfm_slow_3" eclass="HBEFA3/PC_G_EU4" CO2="0.00" CO="0.00" HC="0.00" NOx="0.00" PMx="0.00" fuel="0.00" electricity="0.00" noise="81.03" route="routetop" type="cfm_slow" waiting="0.00" lane="top_0" pos="40.09" speed="47.00" angle="202.34" x="1.50" y="83.68"/>
        <vehicle id="cfm_slow_4" eclass="HBEFA3/PC_G_EU4" CO2="13867.20" CO="488.45" HC="2.61" NOx="5.43" PMx="0.45" fuel="5.96" electricity="0.00" noise="81.03" route="routetop" type="cfm_slow" waiting="0.00" lane="left_0" pos="30.09" speed="47.00" angle="130.32" x="25.43" y="10.73"/>
    </timestep>
    <timestep time="19.30">
        <vehicle id="cfm_slow_0" eclass="HBEFA3/PC_G_EU4" CO2="13867.20" CO="488.45" HC="2.61" NOx="5.43" PMx="0.45" fuel="5.96" electricity="0.00" noise="81.03" route="routebottom" type="cfm_slow" waiting="0.00" lane="bottom_0" pos="24.79" speed="47.00" angle="49.92" x="109.53" y="17.19"/>
        <vehicle id="cfm_slow_1" eclass="HBEFA3/PC_G_EU4" CO2="0.00" CO="0.00" HC="0.00" NOx="0.00" PMx="0.00" fuel="0.00" electricity="0.00" noise="81.03" route="routebottom" type="cfm_slow" waiting="0.00" lane="right_0" pos="14.79" speed="47.00" angle="337.82" x="122.03" y="92.94"/>
        <vehicle id="cfm_slow_2" eclass="HBEFA3/PC_G_EU4" CO2="0.00" CO="0.00" HC="0.00" NOx="0.00" PMx="0.00" fuel="0.00" electricity="0.00" noise="81.03" route="routetop" type="cfm_slow" waiting="0.00" lane="top_0" pos="4.79" speed="47.00" angle="265.89" x="53.84" y="128.22"/>
        <vehicle id="cfm_slow_3" eclass="HBEFA3/PC_G_EU4" CO2="0.00" CO="0.00" HC="0.00" NOx="0.00" PMx="0.00" fuel="0.00" electricity="0.00" noise="81.03" route="routetop" type="cfm_slow" waiting="0.00" lane="top_0" pos="44.79" speed="47.00" angle="193.90" x="-0.78" y="74.32"/>
        <vehicle id="cfm_slow_4" eclass="HBEFA3/PC_G_EU4" CO2="13867.20" CO="488.45" HC="2.61" NOx="5.43" PMx="0.45" fuel="5.96" electricity="0.00" noise="81.03" route="routetop" type="cfm_slow" waiting="0.00" lane="left_0" pos="34.79" speed="47.00" angle="121.96" x="33.62" y="5.67"/>
    </timestep>
    <timestep time="19.40">
        <vehicle id="cfm_slow_0" eclass="HBEFA3/PC_G_EU4" CO2="13867.19" CO="488.45" HC="2.61" NOx="5.43" PMx="0.45" fuel="5.96" electricity="0.00" noise="81.03" route="routebottom" type="cfm_slow" waiting="0.00" lane="bottom_0" pos="29.49" speed="47.00" angle="41.40" x="115.87" y="24.43"/>
        <vehicle id="cfm_slow_1" eclass="HBEFA3/PC_G_EU4" CO2="0.00" CO="0.00" HC="0.00" NOx="0.00" PMx="0.00" fuel="0.00" electricity="0.00" noise="81.03" route="routebottom" type="cfm_slow" waiting="0.00" lane="right_0" pos="19.49" speed="47.00" angle="329.39" x="117.09" y="101.20"/>
        <vehicle id="cfm_slow_2" eclass="HBEFA3/PC_G_EU4" CO2="0.00" CO="0.00" HC="0.00" NOx="0.00" PMx="0.00" fuel="0.00" electricity="0.00" noise="81.03" route="routetop" type="cfm_slow" waiting="0.00" lane="top_0" pos="9.49" speed="47.00" angle="257.42" x="44.46" y="126.08"/>
        <vehicle id="cfm_slow_3" eclass="HBEFA3/PC_G_EU4" CO2="0.00" CO="0.00" HC="0.00" NOx="0.00" PMx="0.00" fuel="0.00" electricity="0.00" noise="81.03" route="routetop" type="cfm_slow" waiting="0.00" lane="top_0" pos="49.49" speed="47.00" angle="185.41" x="-1.63" y="64.73"/>
        <vehicle id="cfm_slow_4" eclass="HBEFA3/PC_G_EU4" CO2="13867.19" CO="488.45" HC="2.61" NOx="5.43" PMx="0.45" fuel="5.96" electricity="0.00" noise="81.03" route="routetop" type="cfm_slow" waiting="0.00" lane="left_0" pos="39.49" speed="47.00" angle="113.37" x="42.48" y="1.89"/>
    </timestep>
    <timestep time="19.50">
        <vehicle id="cfm_slow_0" eclass="HBEFA3/PC_G_EU4" CO2="13867.17" CO="488.45" HC="2.61" NOx="5.43" PMx="0.45" fuel="5.96" electricity="0.00" noise="81.03" route="routebottom" type="cfm_slow" waiting="0.00" lane="bottom_0" pos="34.19" speed="47.00" angle="32.98" x="121.07" y="32.54"/>
        <vehicle id="cfm_slow_1" eclass="HBEFA3/PC_G_EU4" CO2="0.00" CO="0.00" HC="0.00" NOx="0.00" PMx="0.00" fuel="0.00" electricity="0.00" noise="81.03" route="routebottom" type="cfm_slow" waiting="0.00" lane="right_0" pos="24.19" speed="47.00" angle="320.95" x="111.00" y="108.65"/>
        <vehicle id="cfm_slow_2" eclass="HBEFA3/PC_G_EU4" CO2="0.00" CO="0.00" HC="0.00" NOx="0.00" PMx="0.00" fuel="0.00" electricity="0.00" noise="81.03" route="routetop" type="cfm_slow" waiting="0.00" lane="top_0" pos="14.19" speed="47.00" angle="248.95" x="35.48" y="122.58"/>
        <vehicle id="cfm_slow_3" eclass="HBEFA3/PC_G_EU4" CO2="13867.12" CO="488.45" HC="2.61" NOx="5.43" PMx="0.45" fuel="5.96" electricity="0.00" noise="81.03" route="routetop" type="cfm_slow" waiting="0.00" lane="left_0" pos="4.19" speed="47.00" angle="176.98" x="-1.08" y="55.06"/>
        <vehicle id="cfm_slow_4" eclass="HBEFA3/PC_G_EU4" CO2="13867.19" CO="488.45" HC="2.61" NOx="5.43" PMx="0.45" fuel="5.96" electricity="0.00" noise="81.03" route="routetop" type="cfm_slow" waiting="0.00" lane="left_0" pos="44.19" speed="47.00" angle="105.00" x="51.79" y="-0.55"/>
    </timestep>
    <timestep time="19.60">
        <vehicle id="cfm_slow_0" eclass="HBEFA3/PC_G_EU4" CO2="13867.17" CO="488.45" HC="2.61" NOx="5.43" PMx="0.45" fuel="5.96" electricity="0.00" noise="81.03" route="routebottom" type="cfm_slow" waiting="0.00" lane="bottom_0" pos="38.89" speed="47.00" angle="24.49" x="125.01" y="41.32"/>
        <vehicle id="cfm_slow_1" eclass="HBEFA3/PC_G_EU4" CO2="0.00" CO="0.00" HC="0.00" NOx="0.00" PMx="0.00" fuel="0.00" electricity="0.00" noise="81.03" route="routebottom" type="cfm_slow" waiting="0.00" lane="right_0" pos="28.89" speed="47.00" angle="312.43" x="103.86" y="115.11"/>
        <vehicle id="cfm_slow_2" eclass="HBEFA3/PC_G_EU4" CO2="0.00" CO="0.00" HC="0.00" NOx="0.00" PMx="0.00" fuel="0.00" electricity="0.00" noise="81.03" route="routetop" type="cfm_slow" waiting="0.00" lane="top_0" pos="18.89" speed="47.00" angle="240.46" x="27.13" y="117.79"/>
        <vehicle id="cfm_slow_3" eclass="HBEFA3/PC_G_EU4" CO2="13867.13" CO="488.45" HC="2.61" NOx="5.43" PMx="0.45" fuel="5.96" electricity="0.00" noise="81.03" route="routetop" type="cfm_slow" waiting="0.00" lane="left_0" pos="8.89" speed="47.00" angle="168.43" x="0.89" y="45.64"/>
        <vehicle id="cfm_slow_4" eclass="HBEFA3/PC_G_EU4" CO2="13867.19" CO="488.45" HC="2.61" NOx="5.43" PMx="0.45" fuel="5.96" electricity="0.00" noise="81.03" route="routetop" type="cfm_slow" waiting="0.00" lane="left_0" pos="48.89" speed="47.00" angle="96.55" x="61.36" y="-1.61"/>
    </timestep>
    <timestep time="19.70">
        <vehicle id="cfm_slow_0" eclass="HBEFA3/PC_G_EU4" CO2="13867.16" CO="488.45" HC="2.61" NOx="5.43" PMx="0.45" fuel="5.96" electricity="0.00" noise="81.03" route="routebottom" type="cfm_slow" waiting="0.00" lane="bottom_0" pos="43.59" speed="47.00" angle="16.16" x="127.65" y="50.58"/>
        <vehicle id="cfm_slow_1" eclass="HBEFA3/PC_G_EU4" CO2="0.00" CO="0.00" HC="0.00" NOx="0.00" PMx="0.00" fuel="0.00" electricity="0.00" noise="81.03" route="routebottom" type="cfm_slow" waiting="0.00" lane="right_0" pos="33.59" speed="47.00" angle="304.09" x="95.86" y="120.47"/>
        <vehicle id="cfm_slow_2" eclass="HBEFA3/PC_G_EU4" CO2="0.00" CO="0.00" HC="0.00" NOx="0.00" PMx="0.00" fuel="0.00" electricity="0.00" noise="81.03" route="routetop" type="cfm_slow" waiting="0.00" lane="top_0" pos="23.59" speed="47.00" angle="232.01" x="19.57" y="111.83"/>
        <vehicle id="cfm_slow_3" eclass="HBEFA3/PC_G_EU4" CO2="13867.14" CO="488.45" HC="2.61" NOx="5.43" PMx="0.45" fuel="5.96" electricity="0.00" noise="81.03" route="routetop" type="cfm_slow" waiting="0.00" lane="left_0" pos="13.59" speed="47.00" angle="160.04" x="4.23" y="36.60"/>
        <vehicle id="cfm_slow_4" eclass="HBEFA3/PC_G_EU4" CO2="13867.18" CO="488.45" HC="2.61" NOx="5.43" PMx="0.45" fuel="5.96" electricity="0.00" noise="81.03" route="routebottom" type="cfm_slow" waiting="0.00" lane="bottom_0" pos="3.59" speed="47.00" angle="88.03" x="71.04" y="-1.23"/>
    </timestep>
    <timestep time="19.80">
        <vehicle id="cfm_slow_0" eclass="HBEFA3/PC_G_EU4" CO2="13867.15" CO="488.45" HC="2.61" NOx="5.43" PMx="0.45" fuel="5.96" electricity="0.00" noise="81.03" route="routebottom" type="cfm_slow" waiting="0.00" lane="bottom_0" pos="48.29" speed="47.00" angle="7.58" x="128.87" y="60.13"/>
        <vehicle id="cfm_slow_1" eclass="HBEFA3/PC_G_EU4" CO2="0.00" CO="0.00" HC="0.00" NOx="0.00" PMx="0.00" fuel="0.00" electricity="0.00" noise="81.03" route="routebottom" type="cfm_slow" waiting="0.00" lane="right_0" pos="38.29" speed="47.00" angle="295.52" x="87.16" y="124.59"/>
        <vehicle id="cfm_slow_2" eclass="HBEFA3/PC_G_EU4" CO2="0.00" CO="0.00" HC="0.00" NOx="0.00" PMx="0.00" fuel="0.00" electricity="0.00" noise="81.03" route="routetop" type="cfm_slow" waiting="0.00" lane="top_0" pos="28.29" speed="47.00" angle="223.57" x="12.97" y="104.83"/>
        <vehicle id="cfm_slow_3" eclass="HBEFA3/PC_G_EU4" CO2="13867.14" CO="488.45" HC="2.61" NOx="5.43" PMx="0.45" fuel="5.96" electricity="0.00" noise="81.03" route="routetop" type="cfm_slow" waiting="0.00" lane="left_0" pos="18.29" speed="47.00" angle="151.56" x="8.85" y="28.16"/>
        <vehicle id="cfm_slow_4" eclass="HBEFA3/PC_G_EU4" CO2="13867.18" CO="488.45" HC="2.61" NOx="5.43" PMx="0.45" fuel="5.96" electricity="0.00" noise="81.03" route="routebottom" type="cfm_slow" waiting="0.00" lane="bottom_0" pos="8.29" speed="47.00" angle="79.53" x="80.50" y="0.57"/>
    </timestep>
    <timestep time="19.90">
        <vehicle id="cfm_slow_0" eclass="HBEFA3/PC_G_EU4" CO2="13867.14" CO="488.45" HC="2.61" NOx="5.43" PMx="0.45" fuel="5.96" electricity="0.00" noise="81.03" route="routebottom" type="cfm_slow" waiting="0.00" lane="right_0" pos="2.99" speed="47.00" angle="359.13" x="128.68" y="69.82"/>
        <vehicle id="cfm_slow_1" eclass="HBEFA3/PC_G_EU4" CO2="0.00" CO="0.00" HC="0.00" NOx="0.00" PMx="0.00" fuel="0.00" electricity="0.00" noise="81.03" route="routebottom" type="cfm_slow" waiting="0.00" lane="right_0" pos="42.99" speed="47.00" angle="287.16" x="77.94" y="127.38"/>
        <vehicle id="cfm_slow_2" eclass="HBEFA3/PC_G_EU4" CO2="0.00" CO="0.00" HC="0.00" NOx="0.00" PMx="0.00" fuel="0.00" electricity="0.00" noise="81.03" route="routetop" type="cfm_slow" waiting="0.00" lane="top_0" pos="32.99" speed="47.00" angle="215.13" x="7.47" y="96.92"/>
        <vehicle id="cfm_slow_3" eclass="HBEFA3/PC_G_EU4" CO2="13867.14" CO="488.45" HC="2.61" NOx="5.43" PMx="0.45" fuel="5.96" electricity="0.00" noise="81.03" route="routetop" type="cfm_slow" waiting="0.00" lane="left_0" pos="22.99" speed="47.00" angle="143.07" x="14.67" y="20.48"/>
        <vehicle id="cfm_slow_4" eclass="HBEFA3/PC_G_EU4" CO2="13867.17" CO="488.45" HC="2.61" NOx="5.43" PMx="0.45" fuel="5.96" electricity="0.00" noise="81.03" route="routebottom" type="cfm_slow" waiting="0.00" lane="bottom_0" pos="12.99" speed="47.00" angle="71.15" x="89.60" y="3.72"/>
    </timestep>
    <timestep time="20.00">
        <vehicle id="cfm_slow_0" eclass="HBEFA3/PC_G_EU4" CO2="13867.13" CO="488.45" HC="2.61" NOx="5.43" PMx="0.45" fuel="5.96" electricity="0.00" noise="81.03" route="routebottom" type="cfm_slow" waiting="0.00" lane="right_0" pos="7.69" speed="47.00" angle="350.60" x="127.07" y="79.31"/>
        <vehicle id="cfm_slow_1" eclass="HBEFA3/PC_G_EU4" CO2="0.00" CO="0.00" HC="0.00" NOx="0.00" PMx="0.00" fuel="0.00" electricity="0.00" noise="81.03" route="routebottom" type="cfm_slow" waiting="0.00" lane="right_0" pos="47.69" speed="47.00" angle="278.73" x="68.42" y="128.80"/>
        <vehicle id="cfm_slow_2" eclass="HBEFA3/PC_G_EU4" CO2="0.00" CO="0.00" HC="0.00" NOx="0.00" PMx="0.00" fuel="0.00" electricity="0.00" noise="81.03" route="routetop" type="cfm_slow" waiting="0.00" lane="top_0" pos="37.69" speed="47.00" angle="206.66" x="3.19" y="88.30"/>
        <vehicle id="cfm_slow_3" eclass="HBEFA3/PC_G_EU4" CO2="13867.15" CO="488.45" HC="2.61" NOx="5.43" PMx="0.45" fuel="5.96" electricity="0.00" noise="81.03" route="routetop" type="cfm_slow" waiting="0.00" lane="left_0" pos="27.69" speed="47.00" angle="134.65" x="21.55" y="13.76"/>
        <vehicle id="cfm_slow_4" eclass="HBEFA3/PC_G_EU4" CO2="13867.17" CO="488.45" HC="2.61" NOx="5.43" PMx="0.45" fuel="5.96" electricity="0.00" noise="81.03" route="routebottom" type="cfm_slow" waiting="0.00" lane="bottom_0" pos="17.69" speed="47.00" angle="62.61" x="98.12" y="8.19"/>
    </timestep>
    <timestep time="20.10">
        <vehicle id="cfm_slow_0" eclass="HBEFA3/PC_G_EU4" CO2="13867.13" CO="488.45" HC="2.61" NOx="5.43" PMx="0.45" fuel="5.96" electricity="0.00" noise="81.03" route="routebottom" type="cfm_slow" waiting="0.00" lane="right_0" pos="12.39" speed="47.00" angle="342.17" x="124.07" y="88.46"/>
        <vehicle id="cfm_slow_1" eclass="HBEFA3/PC_G_EU4" CO2="0.00" CO="0.00" HC="0.00" NOx="0.00" PMx="0.00" fuel="0.00" electricity="0.00" noise="81.03" route="routetop" type="cfm_slow" waiting="0.00" lane="top_0" pos="2.39" speed="47.00" angle="270.17" x="58.73" y="128.79"/>
        <vehicle id="cfm_slow_2" eclass="HBEFA3/PC_G_EU4" CO2="0.00" CO="0.00" HC="0.00" NOx="0.00" PMx="0.00" fuel="0.00" electricity="0.00" noise="81.03" route="routetop" type="cfm_slow" waiting="0.00" lane="top_0" pos="42.39" speed="47.00" angle="198.21" x="0.21" y="79.14"/>
        <vehicle id="cfm_slow_3" eclass="HBEFA3/PC_G_EU4" CO2="13867.15" CO="488.45" HC="2.61" NOx="5.43" PMx="0.45" fuel="5.96" electricity="0.00" noise="81.03" route="routetop" type="cfm_slow" waiting="0.00" lane="left_0" pos="32.39" speed="47.00" angle="126.23" x="29.34" y="8.10"/>
        <vehicle id="cfm_slow_4" eclass="HBEFA3/PC_G_EU4" CO2="13867.16" CO="488.45" HC="2.61" NOx="5.43" PMx="0.45" fuel="5.96" electricity="0.00" noise="81.03" route="routebottom" type="cfm_slow" waiting="0.00" lane="bottom_0" pos="22.39" speed="47.00" angle="54.17" x="105.90" y="13.87"/>
    </timestep>
    <timestep time="20.20">
        <vehicle id="cfm_slow_0" eclass="HBEFA3/PC_G_EU4" CO2="13867.12" CO="488.45" HC="2.61" NOx="5.43" PMx="0.45" fuel="5.96" electricity="0.00" noise="81.03" route="routebottom" type="cfm_slow" waiting="0.00" lane="right_0" pos="17.09" speed="47.00" angle="333.76" x="119.77" y="97.07"/>
        <vehicle id="cfm_slow_1" eclass="HBEFA3/PC_G_EU4" CO2="0.00" CO="0.00" HC="0.00" NOx="0.00" PMx="0.00" fuel="0.00" electricity="0.00" noise="81.03" route="routetop" type="cfm_slow" waiting="0.00" lane="top_0" pos="7.09" speed="47.00" angle="261.68" x="49.21" y="127.34"/>
        <vehicle id="cfm_slow_2" eclass="HBEFA3/PC_G_EU4" CO2="0.00" CO="0.00" HC="0.00" NOx="0.00" PMx="0.00" fuel="0.00" electricity="0.00" noise="81.03" route="routetop" type="cfm_slow" waiting="0.00" lane="top_0" pos="47.09" speed="47.00" angle="189.75" x="-1.37" y="69.64"/>
        <vehicle id="cfm_slow_3" eclass="HBEFA3/PC_G_EU4" CO2="13867.15" CO="488.45" HC="2.61" NOx="5.43" PMx="0.45" fuel="5.96" electricity="0.00" noise="81.03" route="routetop" type="cfm_slow" waiting="0.00" lane="left_0" pos="37.09" speed="47.00" angle="117.73" x="37.88" y="3.65"/>
        <vehicle id="cfm_slow_4" eclass="HBEFA3/PC_G_EU4" CO2="13867.16" CO="488.45" HC="2.61" NOx="5.43" PMx="0.45" fuel="5.96" electricity="0.00" noise="81.03" route="routebottom" type="cfm_slow" waiting="0.00" lane="bottom_0" pos="27.09" speed="47.00" angle="45.78" x="112.77" y="20.61"/>
    </timestep>
    <timestep time="20.30">
        <vehicle id="cfm_slow_0" eclass="HBEFA3/PC_G_EU4" CO2="0.00" CO="0.00" HC="0.00" NOx="0.00" PMx="0.00" fuel="0.00" electricity="0.00" noise="81.03" route="routebottom" type="cfm_slow" waiting="0.00" lane="right_0" pos="21.79" speed="47.00" angle="325.26" x="114.25" y="104.96"/>
        <vehicle id="cfm_slow_1" eclass="HBEFA3/PC_G_EU4" CO2="0.00" CO="0.00" HC="0.00" NOx="0.00" PMx="0.00" fuel="0.00" electricity="0.00" noise="81.03" route="routetop" type="cfm_slow" waiting="0.00" lane="top_0" pos="11.79" speed="47.00" angle="253.21" x="40.01" y="124.52"/>
        <vehicle id="cfm_slow_2" eclass="HBEFA3/PC_G_EU4" CO2="0.00" CO="0.00" HC="0.00" NOx="0.00" PMx="0.00" fuel="0.00" electricity="0.00" noise="81.03" route="routetop" type="cfm_slow" waiting="0.00" lane="left_0" pos="1.79" speed="47.00" angle="181.27" x="-1.53" y="59.96"/>
        <vehicle id="cfm_slow_3" eclass="HBEFA3/PC_G_EU4" CO2="13867.15" CO="488.45" HC="2.61" NOx="5.43" PMx="0.45" fuel="5.96" electricity="0.00" noise="81.03" route="routetop" type="cfm_slow" waiting="0.00" lane="left_0" pos="41.79" speed="47.00" angle="109.25" x="46.99" y="0.53"/>
        <vehicle id="cfm_slow_4" eclass="HBEFA3/PC_G_EU4" CO2="13867.16" CO="488.45" HC="2.61" NOx="5.43" PMx="0.45" fuel="5.96" electricity="0.00" noise="81.03" route="routebottom" type="cfm_slow" waiting="0.00" lane="bottom_0" pos="31.79" speed="47.00" angle="37.29" x="118.57" y="28.30"/>
    </timestep>
    <timestep time="20.40">
        <vehicle id="cfm_slow_0" eclass="HBEFA3/PC_G_EU4" CO2="0.00" CO="0.00" HC="0.00" NOx="0.00" PMx="0.00" fuel="0.00" electricity="0.00" noise="81.03" route="routebottom" type="cfm_slow" waiting="0.00" lane="right_0" pos="26.49" speed="47.00" angle="316.87" x="107.63" y="111.95"/>
        <vehicle id="cfm_slow_1" eclass="HBEFA3/PC_G_EU4" CO2="0.00" CO="0.00" HC="0.00" NOx="0.00" PMx="0.00" fuel="0.00" electricity="0.00" noise="81.03" route="routetop" type="cfm_slow" waiting="0.00" lane="top_0" pos="16.49" speed="47.00" angle="244.82" x="31.31" y="120.39"/>
        <vehicle id="cfm_slow_2" eclass="HBEFA3/PC_G_EU4" CO2="0.00" CO="0.00" HC="0.00" NOx="0.00" PMx="0.00" fuel="0.00" electricity="0.00" noise="81.03" route="routetop" type="cfm_slow" waiting="0.00" lane="left_0" pos="6.49" speed="47.00" angle="172.80" x="-0.29" y="50.41"/>
        <vehicle id="cfm_slow_3" eclass="HBEFA3/PC_G_EU4" CO2="13867.15" CO="488.45" HC="2.61" NOx="5.43" PMx="0.45" fuel="5.96" electricity="0.00" noise="81.03" route="routetop" type="cfm_slow" waiting="0.00" lane="left_0" pos="46.49" speed="47.00" angle="100.88" x="56.45" y="-1.25"/>
        <vehicle id="cfm_slow_4" eclass="HBEFA3/PC_G_EU4" CO2="13867.15" CO="488.45" HC="2.61" NOx="5.43" PMx="0.45" fuel="5.96" electricity="0.00" noise="81.03" route="routebottom" type="cfm_slow" waiting="0.00" lane="bottom_0" pos="36.49" speed="47.00" angle="28.81" x="123.16" y="36.76"/>
    </timestep>
    <timestep time="20.50">
        <vehicle id="cfm_slow_0" eclass="HBEFA3/PC_G_EU4" CO2="0.00" CO="0.00" HC="0.00" NOx="0.00" PMx="0.00" fuel="0.00" electricity="0.00" noise="81.03" route="routebottom" type="cfm_slow" waiting="0.00" lane="right_0" pos="31.19" speed="47.00" angle="308.35" x="100.04" y="117.89"/>
        <vehicle id="cfm_slow_1" eclass="HBEFA3/PC_G_EU4" CO2="0.00" CO="0.00" HC="0.00" NOx="0.00" PMx="0.00" fuel="0.00" electricity="0.00" noise="81.03" route="routetop" type="cfm_slow" waiting="0.00" lane="top_0" pos="21.19" speed="47.00" angle="236.32" x="23.33" y="115.01"/>
        <vehicle id="cfm_slow_2" eclass="HBEFA3/PC_G_EU4" CO2="0.00" CO="0.00" HC="0.00" NOx="0.00" PMx="0.00" fuel="0.00" electricity="0.00" noise="81.03" route="routetop" type="cfm_slow" waiting="0.00" lane="left_0" pos="11.19" speed="47.00" angle="164.29" x="2.37" y="41.16"/>
        <vehicle id="cfm_slow_3" eclass="HBEFA3/PC_G_EU4" CO2="13867.15" CO="488.45" HC="2.61" NOx="5.43" PMx="0.45" fuel="5.96" electricity="0.00" noise="81.03" route="routebottom" type="cfm_slow" waiting="0.00" lane="bottom_0" pos="1.19" speed="47.00" angle="92.33" x="66.13" y="-1.60"/>
        <vehicle id="cfm_slow_4" eclass="HBEFA3/PC_G_EU4" CO2="13867.15" CO="488.45" HC="2.61" NOx="5.43" PMx="0.45" fuel="5.96" electricity="0.00" noise="81.03" route="routebottom" type="cfm_slow" waiting="0.00" lane="bottom_0" pos="41.19" speed="47.00" angle="20.40" x="126.48" y="45.80"/>
    </timestep>
    <timestep time="20.60">
        <vehicle id="cfm_slow_0" eclass="HBEFA3/PC_G_EU4" CO2="0.00" CO="0.00" HC="0.00" NOx="0.00" PMx="0.00" fuel="0.00" electricity="0.00" noise="81.03" route="routebottom" type="cfm_slow" waiting="0.00" lane="right_0" pos="35.89" speed="47.00" angle="299.95" x="91.68" y="122.66"/>
        <vehicle id="cfm_slow_1" eclass="HBEFA3/PC_G_EU4" CO2="0.00" CO="0.00" HC="0.00" NOx="0.00" PMx="0.00" fuel="0.00" electricity="0.00" noise="81.03" route="routetop" type="cfm_slow" waiting="0.00" lane="top_0" pos="25.89" speed="47.00" angle="227.95" x="16.21" y="108.53"/>
        <vehicle id="cfm_slow_2" eclass="HBEFA3/PC_G_EU4" CO2="0.00" CO="0.00" HC="0.00" NOx="0.00" PMx="0.00" fuel="0.00" electricity="0.00" noise="81.03" route="routetop" type="cfm_slow" waiting="0.00" lane="left_0" pos="15.89" speed="47.00" angle="155.92" x="6.34" y="32.39"/>
        <vehicle id="cfm_slow_3" eclass="HBEFA3/PC_G_EU4" CO2="13867.15" CO="488.45" HC="2.61" NOx="5.43" PMx="0.45" fuel="5.96" electricity="0.00" noise="81.03" route="routebottom" type="cfm_slow" waiting="0.00" lane="bottom_0" pos="5.89" speed="47.00" angle="83.86" x="75.70" y="-0.52"/>
        <vehicle id="cfm_slow_4" eclass="HBEFA3/PC_G_EU4" CO2="13867.14" CO="488.45" HC="2.61" NOx="5.43" PMx="0.45" fuel="5.96" electricity="0.00" noise="81.03" route="routebottom" type="cfm_slow" waiting="0.00" lane="bottom_0" pos="45.89" speed="47.00" angle="11.88" x="128.42" y="55.23"/>
    </timestep>
    <timestep time="20.70">
        <vehicle id="cfm_slow_0" eclass="HBEFA3/PC_G_EU4" CO2="0.00" CO="0.00" HC="0.00" NOx="0.00" PMx="0.00" fuel="0.00" electricity="0.00" noise="81.03" route="routebottom" type="cfm_slow" waiting="0.00" lane="right_0" pos="40.59" speed="47.00" angle="291.46" x="82.70" y="126.13"/>
        <vehicle id="cfm_slow_1" eclass="HBEFA3/PC_G_EU4" CO2="0.00" CO="0.00" HC="0.00" NOx="0.00" PMx="0.00" fuel="0.00" electricity="0.00" noise="81.03" route="routetop" type="cfm_slow" waiting="0.00" lane="top_0" pos="30.59" speed="47.00" angle="219.35" x="10.13" y="101.06"/>
        <vehicle id="cfm_slow_2" eclass="HBEFA3/PC_G_EU4" CO2="13867.12" CO="488.45" HC="2.61" NOx="5.43" PMx="0.45" fuel="5.96" electricity="0.00" noise="81.03" route="routetop" type="cfm_slow" waiting="0.00" lane="left_0" pos="20.59" speed="47.00" angle="147.41" x="11.55" y="24.30"/>
        <vehicle id="cfm_slow_3" eclass="HBEFA3/PC_G_EU4" CO2="13867.15" CO="488.45" HC="2.61" NOx="5.43" PMx="0.45" fuel="5.96" electricity="0.00" noise="81.03" route="routebottom" type="cfm_slow" waiting="0.00" lane="bottom_0" pos="10.59" speed="47.00" angle="75.42" x="85.01" y="1.95"/>
        <vehicle id="cfm_slow_4" eclass="HBEFA3/PC_G_EU4" CO2="13867.14" CO="488.45" HC="2.61" NOx="5.43" PMx="0.45" fuel="5.96" electricity="0.00" noise="81.03" route="routebottom" type="cfm_slow" waiting="0.00" lane="right_0" pos="0.59" speed="47.00" angle="3.41" x="128.95" y="64.90"/>
    </timestep>
    <timestep time="20.80">
        <vehicle id="cfm_slow_0" eclass="HBEFA3/PC_G_EU4" CO2="0.00" CO="0.00" HC="0.00" NOx="0.00" PMx="0.00" fuel="0.00" electricity="0.00" noise="81.03" route="routebottom" type="cfm_slow" waiting="0.00" lane="right_0" pos="45.29" speed="47.00" angle="282.97" x="73.31" y="128.25"/>
        <vehicle id="cfm_slow_1" eclass="HBEFA3/PC_G_EU4" CO2="0.00" CO="0.00" HC="0.00" NOx="0.00" PMx="0.00" fuel="0.00" electricity="0.00" noise="81.03" route="routetop" type="cfm_slow" waiting="0.00" lane="top_0" pos="35.29" speed="47.00" angle="211.04" x="5.21" y="92.78"/>
        <vehicle id="cfm_slow_2" eclass="HBEFA3/PC_G_EU4" CO2="13867.13" CO="488.45" HC="2.61" NOx="5.43" PMx="0.45" fuel="5.96" electricity="0.00" noise="81.03" route="routetop" type="cfm_slow" waiting="0.00" lane="left_0" pos="25.29" speed="47.00" angle="138.97" x="17.91" y="17.07"/>
        <vehicle id="cfm_slow_3" eclass="HBEFA3/PC_G_EU4" CO2="13867.15" CO="488.45" HC="2.61" NOx="5.43" PMx="0.45" fuel="5.96" electricity="0.00" noise="81.03" route="routebottom" type="cfm_slow" waiting="0.00" lane="bottom_0" pos="15.29" speed="47.00" angle="66.96" x="93.85" y="5.75"/>
        <vehicle id="cfm_slow_4" eclass="HBEFA3/PC_G_EU4" CO2="13867.14" CO="488.45" HC="2.61" NOx="5.43" PMx="0.45" fuel="5.96" electricity="0.00" noise="81.03" route="routebottom" type="cfm_slow" waiting="0.00" lane="right_0" pos="5.29" speed="47.00" angle="355.00" x="128.07" y="74.49"/>
    </timestep>
    <timestep time="20.90">
        <vehicle id="cfm_slow_0" eclass="HBEFA3/PC_G_EU4" CO2="0.00" CO="0.00" HC="0.00" NOx="0.00" PMx="0.00" fuel="0.00" electricity="0.00" noise="81.03" route="routebottom" type="cfm_slow" waiting="0.00" lane="right_0" pos="49.99" speed="47.00" angle="274.53" x="63.71" y="128.97"/>
        <vehicle id="cfm_slow_1" eclass="HBEFA3/PC_G_EU4" CO2="0.00" CO="0.00" HC="0.00" NOx="0.00" PMx="0.00" fuel="0.00" electricity="0.00" noise="81.03" route="routetop" type="cfm_slow" waiting="0.00" lane="top_0" pos="39.99" speed="47.00" angle="202.53" x="1.56" y="83.87"/>
        <vehicle id="cfm_slow_2" eclass="HBEFA3/PC_G_EU4" CO2="13867.13" CO="488.45" HC="2.61" NOx="5.43" PMx="0.45" fuel="5.96" electricity="0.00" noise="81.03" route="routetop" type="cfm_slow" waiting="0.00" lane="left_0" pos="29.99" speed="47.00" angle="130.50" x="25.26" y="10.85"/>
        <vehicle id="cfm_slow_3" eclass="HBEFA3/PC_G_EU4" CO2="13867.15" CO="488.45" HC="2.61" NOx="5.43" PMx="0.45" fuel="5.96" electricity="0.00" noise="81.03" route="routebottom" type="cfm_slow" waiting="0.00" lane="bottom_0" pos="19.99" speed="47.00" angle="58.44" x="102.03" y="10.83"/>
        <vehicle id="cfm_slow_4" eclass="HBEFA3/PC_G_EU4" CO2="13867.13" CO="488.45" HC="2.61" NOx="5.43" PMx="0.45" fuel="5.96" electricity="0.00" noise="81.03" route="routebottom" type="cfm_slow" waiting="0.00" lane="right_0" pos="9.99" speed="47.00" angle="346.51" x="125.78" y="83.84"/>
    </timestep>
    <timestep time="21.00">
        <vehicle id="cfm_slow_0" eclass="HBEFA3/PC_G_EU4" CO2="0.00" CO="0.00" HC="0.00" NOx="0.00" PMx="0.00" fuel="0.00" electricity="0.00" noise="81.03" route="routetop" type="cfm_slow" waiting="0.00" lane="top_0" pos="4.69" speed="47.00" angle="266.07" x="54.05" y="128.25"/>
        <vehicle id="cfm_slow_1" eclass="HBEFA3/PC_G_EU4" CO2="0.00" CO="0.00" HC="0.00" NOx="0.00" PMx="0.00" fuel="0.00" electricity="0.00" noise="81.03" route="routetop" type="cfm_slow" waiting="0.00" lane="top_0" pos="44.69" speed="47.00" angle="194.06" x="-0.74" y="74.52"/>
        <vehicle id="cfm_slow_2" eclass="HBEFA3/PC_G_EU4" CO2="13867.13" CO="488.45" HC="2.61" NOx="5.43" PMx="0.45" fuel="5.96" electricity="0.00" noise="81.03" route="routetop" type="cfm_slow" waiting="0.00" lane="left_0" pos="34.69" speed="47.00" angle="122.14" x="33.44" y="5.76"/>
        <vehicle id="cfm_slow_3" eclass="HBEFA3/PC_G_EU4" CO2="13867.14" CO="488.45" HC="2.61" NOx="5.43" PMx="0.45" fuel="5.96" electricity="0.00" noise="81.03" route="routebottom" type="cfm_slow" waiting="0.00" lane="bottom_0" pos="24.69" speed="47.00" angle="50.11" x="109.39" y="17.04"/>
        <vehicle id="cfm_slow_4" eclass="HBEFA3/PC_G_EU4" CO2="13867.13" CO="488.45" HC="2.61" NOx="5.43" PMx="0.45" fuel="5.96" electricity="0.00" noise="81.03" route="routebottom" type="cfm_slow" waiting="0.00" lane="right_0" pos="14.69" speed="47.00" angle="338.01" x="122.12" y="92.75"/>
    </timestep>
    <timestep time="21.10">
        <vehicle id="cfm_slow_0" eclass="HBEFA3/PC_G_EU4" CO2="0.00" CO="0.00" HC="0.00" NOx="0.00" PMx="0.00" fuel="0.00" electricity="0.00" noise="81.03" route="routetop" type="cfm_slow" waiting="0.00" lane="top_0" pos="9.39" speed="47.00" angle="257.60" x="44.65" y="126.14"/>
        <vehicle id="cfm_slow_1" eclass="HBEFA3/PC_G_EU4" CO2="0.00" CO="0.00" HC="0.00" NOx="0.00" PMx="0.00" fuel="0.00" electricity="0.00" noise="81.03" route="routetop" type="cfm_slow" waiting="0.00" lane="top_0" pos="49.39" speed="47.00" angle="185.60" x="-1.63" y="64.94"/>
        <vehicle id="cfm_slow_2" eclass="HBEFA3/PC_G_EU4" CO2="13867.13" CO="488.45" HC="2.61" NOx="5.43" PMx="0.45" fuel="5.96" electricity="0.00" noise="81.03" route="routetop" type="cfm_slow" waiting="0.00" lane="left_0" pos="39.39" speed="47.00" angle="113.56" x="42.28" y="1.96"/>
        <vehicle id="cfm_slow_3" eclass="HBEFA3/PC_G_EU4" CO2="13867.14" CO="488.45" HC="2.61" NOx="5.43" PMx="0.45" fuel="5.96" electricity="0.00" noise="81.03" route="routebottom" type="cfm_slow" waiting="0.00" lane="bottom_0" pos="29.39" speed="47.00" angle="41.54" x="115.75" y="24.27"/>
        <vehicle id="cfm_slow_4" eclass="HBEFA3/PC_G_EU4" CO2="13867.13" CO="488.45" HC="2.61" NOx="5.43" PMx="0.45" fuel="5.96" electricity="0.00" noise="81.03" route="routebottom" type="cfm_slow" waiting="0.00" lane="right_0" pos="19.39" speed="47.00" angle="329.57" x="117.21" y="101.03"/>
    </timestep>
    <timestep time="21.20">
        <vehicle id="cfm_slow_0" eclass="HBEFA3/PC_G_EU4" CO2="0.00" CO="0.00" HC="0.00" NOx="0.00" PMx="0.00" fuel="0.00" electricity="0.00" noise="81.03" route="routetop" type="cfm_slow" waiting="0.00" lane="top_0" pos="14.09" speed="47.00" angle="249.13" x="35.67" y="122.67"/>
        <vehicle id="cfm_slow_1" eclass="HBEFA3/PC_G_EU4" CO2="0.00" CO="0.00" HC="0.00" NOx="0.00" PMx="0.00" fuel="0.00" electricity="0.00" noise="81.03" route="routetop" type="cfm_slow" waiting="0.00" lane="left_0" pos="4.09" speed="47.00" angle="177.17" x="-1.11" y="55.26"/>
        <vehicle id="cfm_slow_2" eclass="HBEFA3/PC_G_EU4" CO2="13867.13" CO="488.45" HC="2.61" NOx="5.43" PMx="0.45" fuel="5.96" electricity="0.00" noise="81.03" route="routetop" type="cfm_slow" waiting="0.00" lane="left_0" pos="44.09" speed="47.00" angle="105.19" x="51.59" y="-0.51"/>
        <vehicle id="cfm_slow_3" eclass="HBEFA3/PC_G_EU4" CO2="13867.14" CO="488.45" HC="2.61" NOx="5.43" PMx="0.45" fuel="5.96" electricity="0.00" noise="81.03" route="routebottom" type="cfm_slow" waiting="0.00" lane="bottom_0" pos="34.09" speed="47.00" angle="33.16" x="120.97" y="32.36"/>
        <vehicle id="cfm_slow_4" eclass="HBEFA3/PC_G_EU4" CO2="13867.12" CO="488.45" HC="2.61" NOx="5.43" PMx="0.45" fuel="5.96" electricity="0.00" noise="81.03" route="routebottom" type="cfm_slow" waiting="0.00" lane="right_0" pos="24.09" speed="47.00" angle="321.13" x="111.14" y="108.50"/>
    </timestep>
    <timestep time="21.30">
        <vehicle id="cfm_slow_0" eclass="HBEFA3/PC_G_EU4" CO2="0.00" CO="0.00" HC="0.00" NOx="0.00" PMx="0.00" fuel="0.00" electricity="0.00" noise="81.03" route="routetop" type="cfm_slow" waiting="0.00" lane="top_0" pos="18.79" speed="47.00" angle="240.65" x="27.30" y="117.91"/>
        <vehicle id="cfm_slow_1" eclass="HBEFA3/PC_G_EU4" CO2="0.00" CO="0.00" HC="0.00" NOx="0.00" PMx="0.00" fuel="0.00" electricity="0.00" noise="81.03" route="routetop" type="cfm_slow" waiting="0.00" lane="left_0" pos="8.79" speed="47.00" angle="168.59" x="0.84" y="45.83"/>
        <vehicle id="cfm_slow_2" eclass="HBEFA3/PC_G_EU4" CO2="13867.13" CO="488.45" HC="2.61" NOx="5.43" PMx="0.45" fuel="5.96" electricity="0.00" noise="81.03" route="routetop" type="cfm_slow" waiting="0.00" lane="left_0" pos="48.79" speed="47.00" angle="96.74" x="61.15" y="-1.60"/>
        <vehicle id="cfm_slow_3" eclass="HBEFA3/PC_G_EU4" CO2="13867.14" CO="488.45" HC="2.61" NOx="5.43" PMx="0.45" fuel="5.96" electricity="0.00" noise="81.03" route="routebottom" type="cfm_slow" waiting="0.00" lane="bottom_0" pos="38.79" speed="47.00" angle="24.67" x="124.94" y="41.13"/>
        <vehicle id="cfm_slow_4" eclass="HBEFA3/PC_G_EU4" CO2="13867.12" CO="488.45" HC="2.61" NOx="5.43" PMx="0.45" fuel="5.96" electricity="0.00" noise="81.03" route="routebottom" type="cfm_slow" waiting="0.00" lane="right_0" pos="28.79" speed="47.00" angle="312.62" x="104.02" y="114.99"/>
    </timestep>
    <timestep time="21.40">
        <vehicle id="cfm_slow_0" eclass="HBEFA3/PC_G_EU4" CO2="0.00" CO="0.00" HC="0.00" NOx="0.00" PMx="0.00" fuel="0.00" electricity="0.00" noise="81.03" route="routetop" type="cfm_slow" waiting="0.00" lane="top_0" pos="23.49" speed="47.00" angle="232.19" x="19.72" y="111.97"/>
        <vehicle id="cfm_slow_1" eclass="HBEFA3/PC_G_EU4" CO2="0.00" CO="0.00" HC="0.00" NOx="0.00" PMx="0.00" fuel="0.00" electricity="0.00" noise="81.03" route="routetop" type="cfm_slow" waiting="0.00" lane="left_0" pos="13.49" speed="47.00" angle="160.23" x="4.14" y="36.79"/>
        <vehicle id="cfm_slow_2" eclass="HBEFA3/PC_G_EU4" CO2="13867.13" CO="488.45" HC="2.61" NOx="5.43" PMx="0.45" fuel="5.96" electricity="0.00" noise="81.03" route="routebottom" type="cfm_slow" waiting="0.00" lane="bottom_0" pos="3.49" speed="47.00" angle="88.22" x="70.84" y="-1.25"/>
        <vehicle id="cfm_slow_3" eclass="HBEFA3/PC_G_EU4" CO2="13867.14" CO="488.45" HC="2.61" NOx="5.43" PMx="0.45" fuel="5.96" electricity="0.00" noise="81.03" route="routebottom" type="cfm_slow" waiting="0.00" lane="bottom_0" pos="43.49" speed="47.00" angle="16.30" x="127.61" y="50.38"/>
        <vehicle id="cfm_slow_4" eclass="HBEFA3/PC_G_EU4" CO2="0.00" CO="0.00" HC="0.00" NOx="0.00" PMx="0.00" fuel="0.00" electricity="0.00" noise="81.03" route="routebottom" type="cfm_slow" waiting="0.00" lane="right_0" pos="33.49" speed="47.00" angle="304.27" x="96.04" y="120.37"/>
    </timestep>
    <timestep time="21.50">
        <vehicle id="cfm_slow_0" eclass="HBEFA3/PC_G_EU4" CO2="0.00" CO="0.00" HC="0.00" NOx="0.00" PMx="0.00" fuel="0.00" electricity="0.00" noise="81.03" route="routetop" type="cfm_slow" waiting="0.00" lane="top_0" pos="28.19" speed="47.00" angle="223.74" x="13.09" y="104.99"/>
        <vehicle id="cfm_slow_1" eclass="HBEFA3/PC_G_EU4" CO2="0.00" CO="0.00" HC="0.00" NOx="0.00" PMx="0.00" fuel="0.00" electricity="0.00" noise="81.03" route="routetop" type="cfm_slow" waiting="0.00" lane="left_0" pos="18.19" speed="47.00" angle="151.75" x="8.74" y="28.33"/>
        <vehicle id="cfm_slow_2" eclass="HBEFA3/PC_G_EU4" CO2="13867.13" CO="488.45" HC="2.61" NOx="5.43" PMx="0.45" fuel="5.96" electricity="0.00" noise="81.03" route="routebottom" type="cfm_slow" waiting="0.00" lane="bottom_0" pos="8.19" speed="47.00" angle="79.72" x="80.30" y="0.52"/>
        <vehicle id="cfm_slow_3" eclass="HBEFA3/PC_G_EU4" CO2="13867.13" CO="488.45" HC="2.61" NOx="5.43" PMx="0.45" fuel="5.96" electricity="0.00" noise="81.03" route="routebottom" type="cfm_slow" waiting="0.00" lane="bottom_0" pos="48.19" speed="47.00" angle="7.77" x="128.86" y="59.92"/>
        <vehicle id="cfm_slow_4" eclass="HBEFA3/PC_G_EU4" CO2="0.00" CO="0.00" HC="0.00" NOx="0.00" PMx="0.00" fuel="0.00" electricity="0.00" noise="81.03" route="routebottom" type="cfm_slow" waiting="0.00" lane="right_0" pos="38.19" speed="47.00" angle="295.71" x="87.35" y="124.51"/>
    </timestep>
    <timestep time="21.60">
        <vehicle id="cfm_slow_0" eclass="HBEFA3/PC_G_EU4" CO2="0.00" CO="0.00" HC="0.00" NOx="0.00" PMx="0.00" fuel="0.00" electricity="0.00" noise="81.03" route="routetop" type="cfm_slow" waiting="0.00" lane="top_0" pos="32.89" speed="47.00" angle="215.31" x="7.57" y="97.10"/>
        <vehicle id="cfm_slow_1" eclass="HBEFA3/PC_G_EU4" CO2="0.00" CO="0.00" HC="0.00" NOx="0.00" PMx="0.00" fuel="0.00" electricity="0.00" noise="81.03" route="routetop" type="cfm_slow" waiting="0.00" lane="left_0" pos="22.89" speed="47.00" angle="143.24" x="14.53" y="20.64"/>
        <vehicle id="cfm_slow_2" eclass="HBEFA3/PC_G_EU4" CO2="13867.13" CO="488.45" HC="2.61" NOx="5.43" PMx="0.45" fuel="5.96" electricity="0.00" noise="81.03" route="routebottom" type="cfm_slow" waiting="0.00" lane="bottom_0" pos="12.89" speed="47.00" angle="71.33" x="89.41" y="3.64"/>
        <vehicle id="cfm_slow_3" eclass="HBEFA3/PC_G_EU4" CO2="13867.13" CO="488.45" HC="2.61" NOx="5.43" PMx="0.45" fuel="5.96" electricity="0.00" noise="81.03" route="routebottom" type="cfm_slow" waiting="0.00" lane="right_0" pos="2.89" speed="47.00" angle="359.31" x="128.70" y="69.61"/>
        <vehicle id="cfm_slow_4" eclass="HBEFA3/PC_G_EU4" CO2="0.00" CO="0.00" HC="0.00" NOx="0.00" PMx="0.00" fuel="0.00" electricity="0.00" noise="81.03" route="routebottom" type="cfm_slow" waiting="0.00" lane="right_0" pos="42.89" speed="47.00" angle="287.33" x="78.14" y="127.33"/>
    </timestep>
    <timestep time="21.70">
        <vehicle id="cfm_slow_0" eclass="HBEFA3/PC_G_EU4" CO2="0.00" CO="0.00" HC="0.00" NOx="0.00" PMx="0.00" fuel="0.00" electricity="0.00" noise="81.03" route="routetop" type="cfm_slow" waiting="0.00" lane="top_0" pos="37.59" speed="47.00" angle="206.85" x="3.26" y="88.49"/>
        <vehicle id="cfm_slow_1" eclass="HBEFA3/PC_G_EU4" CO2="0.00" CO="0.00" HC="0.00" NOx="0.00" PMx="0.00" fuel="0.00" electricity="0.00" noise="81.03" route="routetop" type="cfm_slow" waiting="0.00" lane="left_0" pos="27.59" speed="47.00" angle="134.83" x="21.40" y="13.89"/>
        <vehicle id="cfm_slow_2" eclass="HBEFA3/PC_G_EU4" CO2="13867.13" CO="488.45" HC="2.61" NOx="5.43" PMx="0.45" fuel="5.96" electricity="0.00" noise="81.03" route="routebottom" type="cfm_slow" waiting="0.00" lane="bottom_0" pos="17.59" speed="47.00" angle="62.80" x="97.95" y="8.08"/>
        <vehicle id="cfm_slow_3" eclass="HBEFA3/PC_G_EU4" CO2="13867.13" CO="488.45" HC="2.61" NOx="5.43" PMx="0.45" fuel="5.96" electricity="0.00" noise="81.03" route="routebottom" type="cfm_slow" waiting="0.00" lane="right_0" pos="7.59" speed="47.00" angle="350.75" x="127.11" y="79.11"/>
        <vehicle id="cfm_slow_4" eclass="HBEFA3/PC_G_EU4" CO2="0.00" CO="0.00" HC="0.00" NOx="0.00" PMx="0.00" fuel="0.00" electricity="0.00" noise="81.03" route="routebottom" type="cfm_slow" waiting="0.00" lane="right_0" pos="47.59" speed="47.00" angle="278.92" x="68.62" y="128.79"/>
    </timestep>
    <timestep time="21.80">
        <vehicle id="cfm_slow_0" eclass="HBEFA3/PC_G_EU4" CO2="0.00" CO="0.00" HC="0.00" NOx="0.00" PMx="0.00" fuel="0.00" electricity="0.00" noise="81.03" route="routetop" type="cfm_slow" waiting="0.00" lane="top_0" pos="42.29" speed="47.00" angle="198.38" x="0.26" y="79.34"/>
        <vehicle id="cfm_slow_1" eclass="HBEFA3/PC_G_EU4" CO2="0.00" CO="0.00" HC="0.00" NOx="0.00" PMx="0.00" fuel="0.00" electricity="0.00" noise="81.03" route="routetop" type="cfm_slow" waiting="0.00" lane="left_0" pos="32.29" speed="47.00" angle="126.42" x="29.17" y="8.21"/>
        <vehicle id="cfm_slow_2" eclass="HBEFA3/PC_G_EU4" CO2="13867.13" CO="488.45" HC="2.61" NOx="5.43" PMx="0.45" fuel="5.96" electricity="0.00" noise="81.03" route="routebottom" type="cfm_slow" waiting="0.00" lane="bottom_0" pos="22.29" speed="47.00" angle="54.36" x="105.74" y="13.73"/>
        <vehicle id="cfm_slow_3" eclass="HBEFA3/PC_G_EU4" CO2="13867.13" CO="488.45" HC="2.61" NOx="5.43" PMx="0.45" fuel="5.96" electricity="0.00" noise="81.03" route="routebottom" type="cfm_slow" waiting="0.00" lane="right_0" pos="12.29" speed="47.00" angle="342.34" x="124.14" y="88.27"/>
        <vehicle id="cfm_slow_4" eclass="HBEFA3/PC_G_EU4" CO2="0.00" CO="0.00" HC="0.00" NOx="0.00" PMx="0.00" fuel="0.00" electricity="0.00" noise="81.03" route="routetop" type="cfm_slow" waiting="0.00" lane="top_0" pos="2.29" speed="47.00" angle="270.35" x="58.93" y="128.80"/>
    </timestep>
    <timestep time="21.90">
        <vehicle id="cfm_slow_0" eclass="HBEFA3/PC_G_EU4" CO2="0.00" CO="0.00" HC="0.00" NOx="0.00" PMx="0.00" fuel="0.00" electricity="0.00" noise="81.03" route="routetop" type="cfm_slow" waiting="0.00" lane="top_0" pos="46.99" speed="47.00" angle="189.94" x="-1.35" y="69.85"/>
        <vehicle id="cfm_slow_1" eclass="HBEFA3/PC_G_EU4" CO2="0.00" CO="0.00" HC="0.00" NOx="0.00" PMx="0.00" fuel="0.00" electricity="0.00" noise="81.03" route="routetop" type="cfm_slow" waiting="0.00" lane="left_0" pos="36.99" speed="47.00" angle="117.90" x="37.70" y="3.74"/>
        <vehicle id="cfm_slow_2" eclass="HBEFA3/PC_G_EU4" CO2="13867.13" CO="488.45" HC="2.61" NOx="5.43" PMx="0.45" fuel="5.96" electricity="0.00" noise="81.03" route="routebottom" type="cfm_slow" waiting="0.00" lane="bottom_0" pos="26.99" speed="47.00" angle="45.97" x="112.64" y="20.45"/>
        <vehicle id="cfm_slow_3" eclass="HBEFA3/PC_G_EU4" CO2="13867.13" CO="488.45" HC="2.61" NOx="5.43" PMx="0.45" fuel="5.96" electricity="0.00" noise="81.03" route="routebottom" type="cfm_slow" waiting="0.00" lane="right_0" pos="16.99" speed="47.00" angle="333.95" x="119.87" y="96.90"/>
        <vehicle id="cfm_slow_4" eclass="HBEFA3/PC_G_EU4" CO2="0.00" CO="0.00" HC="0.00" NOx="0.00" PMx="0.00" fuel="0.00" electricity="0.00" noise="81.03" route="routetop" type="cfm_slow" waiting="0.00" lane="top_0" pos="6.99" speed="47.00" angle="261.87" x="49.41" y="127.39"/>
    </timestep>
    <timestep time="22.00">
        <vehicle id="cfm_slow_0" eclass="HBEFA3/PC_G_EU4" CO2="0.00" CO="0.00" HC="0.00" NOx="0.00" PMx="0.00" fuel="0.00" electricity="0.00" noise="81.03" route="routetop" type="cfm_slow" waiting="0.00" lane="left_0" pos="1.69" speed="47.00" angle="181.45" x="-1.55" y="60.16"/>
        <vehicle id="cfm_slow_1" eclass="HBEFA3/PC_G_EU4" CO2="13867.12" CO="488.45" HC="2.61" NOx="5.43" PMx="0.45" fuel="5.96" electricity="0.00" noise="81.03" route="routetop" type="cfm_slow" waiting="0.00" lane="left_0" pos="41.69" speed="47.00" angle="109.44" x="46.79" y="0.58"/>
        <vehicle id="cfm_slow_2" eclass="HBEFA3/PC_G_EU4" CO2="13867.13" CO="488.45" HC="2.61" NOx="5.43" PMx="0.45" fuel="5.96" electricity="0.00" noise="81.03" route="routebottom" type="cfm_slow" waiting="0.00" lane="bottom_0" pos="31.69" speed="47.00" angle="37.47" x="118.46" y="28.13"/>
        <vehicle id="cfm_slow_3" eclass="HBEFA3/PC_G_EU4" CO2="13867.13" CO="488.45" HC="2.61" NOx="5.43" PMx="0.45" fuel="5.96" electricity="0.00" noise="81.03" route="routebottom" type="cfm_slow" waiting="0.00" lane="right_0" pos="21.69" speed="47.00" angle="325.40" x="114.38" y="104.80"/>
        <vehicle id="cfm_slow_4" eclass="HBEFA3/PC_G_EU4" CO2="0.00" CO="0.00" HC="0.00" NOx="0.00" PMx="0.00" fuel="0.00" electricity="0.00" noise="81.03" route="routetop" type="cfm_slow" waiting="0.00" lane="top_0" pos="11.69" speed="47.00" angle="253.38" x="40.20" y="124.60"/>
    </timestep>
    <timestep time="22.10">
        <vehicle id="cfm_slow_0" eclass="HBEFA3/PC_G_EU4" CO2="0.00" CO="0.00" HC="0.00" NOx="0.00" PMx="0.00" fuel="0.00" electricity="0.00" noise="81.03" route="routetop" type="cfm_slow" waiting="0.00" lane="left_0" pos="6.39" speed="47.00" angle="172.98" x="-0.33" y="50.61"/>
        <vehicle id="cfm_slow_1" eclass="HBEFA3/PC_G_EU4" CO2="13867.12" CO="488.45" HC="2.61" NOx="5.43" PMx="0.45" fuel="5.96" electricity="0.00" noise="81.03" route="routetop" type="cfm_slow" waiting="0.00" lane="left_0" pos="46.39" speed="47.00" angle="101.07" x="56.25" y="-1.23"/>
        <vehicle id="cfm_slow_2" eclass="HBEFA3/PC_G_EU4" CO2="13867.13" CO="488.45" HC="2.61" NOx="5.43" PMx="0.45" fuel="5.96" electricity="0.00" noise="81.03" route="routebottom" type="cfm_slow" waiting="0.00" lane="bottom_0" pos="36.39" speed="47.00" angle="29.00" x="123.08" y="36.57"/>
        <vehicle id="cfm_slow_3" eclass="HBEFA3/PC_G_EU4" CO2="13867.13" CO="488.45" HC="2.61" NOx="5.43" PMx="0.45" fuel="5.96" electricity="0.00" noise="81.03" route="routebottom" type="cfm_slow" waiting="0.00" lane="right_0" pos="26.39" speed="47.00" angle="317.05" x="107.78" y="111.81"/>
        <vehicle id="cfm_slow_4" eclass="HBEFA3/PC_G_EU4" CO2="0.00" CO="0.00" HC="0.00" NOx="0.00" PMx="0.00" fuel="0.00" electricity="0.00" noise="81.03" route="routetop" type="cfm_slow" waiting="0.00" lane="top_0" pos="16.39" speed="47.00" angle="245.00" x="31.49" y="120.49"/>
    </timestep>
    <timestep time="22.20">
        <vehicle id="cfm_slow_0" eclass="HBEFA3/PC_G_EU4" CO2="0.00" CO="0.00" HC="0.00" NOx="0.00" PMx="0.00" fuel="0.00" electricity="0.00" noise="81.03" route="routetop" type="cfm_slow" waiting="0.00" lane="left_0" pos="11.09" speed="47.00" angle="164.47" x="2.30" y="41.35"/>
        <vehicle id="cfm_slow_1" eclass="HBEFA3/PC_G_EU4" CO2="13867.12" CO="488.45" HC="2.61" NOx="5.43" PMx="0.45" fuel="5.96" electricity="0.00" noise="81.03" route="routebottom" type="cfm_slow" waiting="0.00" lane="bottom_0" pos="1.09" speed="47.00" angle="92.50" x="65.93" y="-1.61"/>
        <vehicle id="cfm_slow_2" eclass="HBEFA3/PC_G_EU4" CO2="13867.13" CO="488.45" HC="2.61" NOx="5.43" PMx="0.45" fuel="5.96" electricity="0.00" noise="81.03" route="routebottom" type="cfm_slow" waiting="0.00" lane="bottom_0" pos="41.09" speed="47.00" angle="20.59" x="126.43" y="45.60"/>
        <vehicle id="cfm_slow_3" eclass="HBEFA3/PC_G_EU4" CO2="13867.13" CO="488.45" HC="2.61" NOx="5.43" PMx="0.45" fuel="5.96" electricity="0.00" noise="81.03" route="routebottom" type="cfm_slow" waiting="0.00" lane="right_0" pos="31.09" speed="47.00" angle="308.53" x="100.22" y="117.77"/>
        <vehicle id="cfm_slow_4" eclass="HBEFA3/PC_G_EU4" CO2="0.00" CO="0.00" HC="0.00" NOx="0.00" PMx="0.00" fuel="0.00" electricity="0.00" noise="81.03" route="routetop" type="cfm_slow" waiting="0.00" lane="top_0" pos="21.09" speed="47.00" angle="236.50" x="23.49" y="115.13"/>
    </timestep>
    <timestep time="22.30">
        <vehicle id="cfm_slow_0" eclass="HBEFA3/PC_G_EU4" CO2="0.00" CO="0.00" HC="0.00" NOx="0.00" PMx="0.00" fuel="0.00" electricity="0.00" noise="81.03" route="routetop" type="cfm_slow" waiting="0.00" lane="left_0" pos="15.79" speed="47.00" angle="156.10" x="6.24" y="32.57"/>
        <vehicle id="cfm_slow_1" eclass="HBEFA3/PC_G_EU4" CO2="13867.12" CO="488.45" HC="2.61" NOx="5.43" PMx="0.45" fuel="5.96" electricity="0.00" noise="81.03" route="routebottom" type="cfm_slow" waiting="0.00" lane="bottom_0" pos="5.79" speed="47.00" angle="84.05" x="75.50" y="-0.56"/>
        <vehicle id="cfm_slow_2" eclass="HBEFA3/PC_G_EU4" CO2="13867.13" CO="488.45" HC="2.61" NOx="5.43" PMx="0.45" fuel="5.96" electricity="0.00" noise="81.03" route="routebottom" type="cfm_slow" waiting="0.00" lane="bottom_0" pos="45.79" speed="47.00" angle="12.06" x="128.39" y="55.03"/>
        <vehicle id="cfm_slow_3" eclass="HBEFA3/PC_G_EU4" CO2="13867.12" CO="488.45" HC="2.61" NOx="5.43" PMx="0.45" fuel="5.96" electricity="0.00" noise="81.03" route="routebottom" type="cfm_slow" waiting="0.00" lane="right_0" pos="35.79" speed="47.00" angle="300.09" x="91.87" y="122.57"/>
        <vehicle id="cfm_slow_4" eclass="HBEFA3/PC_G_EU4" CO2="0.00" CO="0.00" HC="0.00" NOx="0.00" PMx="0.00" fuel="0.00" electricity="0.00" noise="81.03" route="routetop" type="cfm_slow" waiting="0.00" lane="top_0" pos="25.79" speed="47.00" angle="228.14" x="16.35" y="108.68"/>
    </timestep>
    <timestep time="22.40">
        <vehicle id="cfm_slow_0" eclass="HBEFA3/PC_G_EU4" CO2="0.00" CO="0.00" HC="0.00" NOx="0.00" PMx="0.00" fuel="0.00" electricity="0.00" noise="81.03" route="routetop" type="cfm_slow" waiting="0.00" lane="left_0" pos="20.49" speed="47.00" angle="147.58" x="11.43" y="24.46"/>
        <vehicle id="cfm_slow_1" eclass="HBEFA3/PC_G_EU4" CO2="13867.12" CO="488.45" HC="2.61" NOx="5.43" PMx="0.45" fuel="5.96" electricity="0.00" noise="81.03" route="routebottom" type="cfm_slow" waiting="0.00" lane="bottom_0" pos="10.49" speed="47.00" angle="75.60" x="84.81" y="1.88"/>
        <vehicle id="cfm_slow_2" eclass="HBEFA3/PC_G_EU4" CO2="13867.13" CO="488.45" HC="2.61" NOx="5.43" PMx="0.45" fuel="5.96" electricity="0.00" noise="81.03" route="routebottom" type="cfm_slow" waiting="0.00" lane="right_0" pos="0.49" speed="47.00" angle="3.59" x="128.95" y="64.70"/>
        <vehicle id="cfm_slow_3" eclass="HBEFA3/PC_G_EU4" CO2="13867.12" CO="488.45" HC="2.61" NOx="5.43" PMx="0.45" fuel="5.96" electricity="0.00" noise="81.03" route="routebottom" type="cfm_slow" waiting="0.00" lane="right_0" pos="40.49" speed="47.00" angle="291.65" x="82.90" y="126.07"/>
        <vehicle id="cfm_slow_4" eclass="HBEFA3/PC_G_EU4" CO2="0.00" CO="0.00" HC="0.00" NOx="0.00" PMx="0.00" fuel="0.00" electricity="0.00" noise="81.03" route="routetop" type="cfm_slow" waiting="0.00" lane="top_0" pos="30.49" speed="47.00" angle="219.54" x="10.25" y="101.22"/>
    </timestep>
    <timestep time="22.50">
        <vehicle id="cfm_slow_0" eclass="HBEFA3/PC_G_EU4" CO2="0.00" CO="0.00" HC="0.00" NOx="0.00" PMx="0.00" fuel="0.00" electricity="0.00" noise="81.03" route="routetop" type="cfm_slow" waiting="0.00" lane="left_0" pos="25.19" speed="47.00" angle="139.15" x="17.77" y="17.21"/>
        <vehicle id="cfm_slow_1" eclass="HBEFA3/PC_G_EU4" CO2="13867.13" CO="488.45" HC="2.61" NOx="5.43" PMx="0.45" fuel="5.96" electricity="0.00" noise="81.03" route="routebottom" type="cfm_slow" waiting="0.00" lane="bottom_0" pos="15.19" speed="47.00" angle="67.13" x="93.67" y="5.66"/>
        <vehicle id="cfm_slow_2" eclass="HBEFA3/PC_G_EU4" CO2="13867.13" CO="488.45" HC="2.61" NOx="5.43" PMx="0.45" fuel="5.96" electricity="0.00" noise="81.03" route="routebottom" type="cfm_slow" waiting="0.00" lane="right_0" pos="5.19" speed="47.00" angle="355.19" x="128.10" y="74.29"/>
        <vehicle id="cfm_slow_3" eclass="HBEFA3/PC_G_EU4" CO2="13867.12" CO="488.45" HC="2.61" NOx="5.43" PMx="0.45" fuel="5.96" electricity="0.00" noise="81.03" route="routebottom" type="cfm_slow" waiting="0.00" lane="right_0" pos="45.19" speed="47.00" angle="283.16" x="73.51" y="128.22"/>
        <vehicle id="cfm_slow_4" eclass="HBEFA3/PC_G_EU4" CO2="0.00" CO="0.00" HC="0.00" NOx="0.00" PMx="0.00" fuel="0.00" electricity="0.00" noise="81.03" route="routetop" type="cfm_slow" waiting="0.00" lane="top_0" pos="35.19" speed="47.00" angle="211.23" x="5.30" y="92.97"/>
    </timestep>
    <timestep time="22.60">
        <vehicle id="cfm_slow_0" eclass="HBEFA3/PC_G_EU4" CO2="0.00" CO="0.00" HC="0.00" NOx="0.00" PMx="0.00" fuel="0.00" electricity="0.00" noise="81.03" route="routetop" type="cfm_slow" waiting="0.00" lane="left_0" pos="29.89" speed="47.00" angle="130.69" x="25.10" y="10.97"/>
        <vehicle id="cfm_slow_1" eclass="HBEFA3/PC_G_EU4" CO2="13867.13" CO="488.45" HC="2.61" NOx="5.43" PMx="0.45" fuel="5.96" electricity="0.00" noise="81.03" route="routebottom" type="cfm_slow" waiting="0.00" lane="bottom_0" pos="19.89" speed="47.00" angle="58.62" x="101.86" y="10.71"/>
        <vehicle id="cfm_slow_2" eclass="HBEFA3/PC_G_EU4" CO2="13867.13" CO="488.45" HC="2.61" NOx="5.43" PMx="0.45" fuel="5.96" electricity="0.00" noise="81.03" route="routebottom" type="cfm_slow" waiting="0.00" lane="right_0" pos="9.89" speed="47.00" angle="346.69" x="125.84" y="83.65"/>
        <vehicle id="cfm_slow_3" eclass="HBEFA3/PC_G_EU4" CO2="0.00" CO="0.00" HC="0.00" NOx="0.00" PMx="0.00" fuel="0.00" electricity="0.00" noise="81.03" route="routebottom" type="cfm_slow" waiting="0.00" lane="right_0" pos="49.89" speed="47.00" angle="274.66" x="63.91" y="128.97"/>
        <vehicle id="cfm_slow_4" eclass="HBEFA3/PC_G_EU4" CO2="0.00" CO="0.00" HC="0.00" NOx="0.00" PMx="0.00" fuel="0.00" electricity="0.00" noise="81.03" route="routetop" type="cfm_slow" waiting="0.00" lane="top_0" pos="39.89" speed="47.00" angle="202.72" x="1.62" y="84.07"/>
    </timestep>
    <timestep time="22.70">
        <vehicle id="cfm_slow_0" eclass="HBEFA3/PC_G_EU4" CO2="0.00" CO="0.00" HC="0.00" NOx="0.00" PMx="0.00" fuel="0.00" electricity="0.00" noise="81.03" route="routetop" type="cfm_slow" waiting="0.00" lane="left_0" pos="34.59" speed="47.00" angle="122.31" x="33.25" y="5.86"/>
        <vehicle id="cfm_slow_1" eclass="HBEFA3/PC_G_EU4" CO2="13867.13" CO="488.45" HC="2.61" NOx="5.43" PMx="0.45" fuel="5.96" electricity="0.00" noise="81.03" route="routebottom" type="cfm_slow" waiting="0.00" lane="bottom_0" pos="24.59" speed="47.00" angle="50.30" x="109.24" y="16.89"/>
        <vehicle id="cfm_slow_2" eclass="HBEFA3/PC_G_EU4" CO2="13867.13" CO="488.45" HC="2.61" NOx="5.43" PMx="0.45" fuel="5.96" electricity="0.00" noise="81.03" route="routebottom" type="cfm_slow" waiting="0.00" lane="right_0" pos="14.59" speed="47.00" angle="338.20" x="122.22" y="92.57"/>
        <vehicle id="cfm_slow_3" eclass="HBEFA3/PC_G_EU4" CO2="0.00" CO="0.00" HC="0.00" NOx="0.00" PMx="0.00" fuel="0.00" electricity="0.00" noise="81.03" route="routetop" type="cfm_slow" waiting="0.00" lane="top_0" pos="4.59" speed="47.00" angle="266.25" x="54.25" y="128.28"/>
        <vehicle id="cfm_slow_4" eclass="HBEFA3/PC_G_EU4" CO2="0.00" CO="0.00" HC="0.00" NOx="0.00" PMx="0.00" fuel="0.00" electricity="0.00" noise="81.03" route="routetop" type="cfm_slow" waiting="0.00" lane="top_0" pos="44.59" speed="47.00" angle="194.24" x="-0.70" y="74.73"/>
    </timestep>
    <timestep time="22.80">
        <vehicle id="cfm_slow_0" eclass="HBEFA3/PC_G_EU4" CO2="0.00" CO="0.00" HC="0.00" NOx="0.00" PMx="0.00" fuel="0.00" electricity="0.00" noise="81.03" route="routetop" type="cfm_slow" waiting="0.00" lane="left_0" pos="39.29" speed="47.00" angle="113.74" x="42.09" y="2.03"/>
        <vehicle id="cfm_slow_1" eclass="HBEFA3/PC_G_EU4" CO2="13867.13" CO="488.45" HC="2.61" NOx="5.43" PMx="0.45" fuel="5.96" electricity="0.00" noise="81.03" route="routebottom" type="cfm_slow" waiting="0.00" lane="bottom_0" pos="29.29" speed="47.00" angle="41.71" x="115.62" y="24.11"/>
        <vehicle id="cfm_slow_2" eclass="HBEFA3/PC_G_EU4" CO2="13867.13" CO="488.45" HC="2.61" NOx="5.43" PMx="0.45" fuel="5.96" electricity="0.00" noise="81.03" route="routebottom" type="cfm_slow" waiting="0.00" lane="right_0" pos="19.29" speed="47.00" angle="329.76" x="117.33" y="100.87"/>
        <vehicle id="cfm_slow_3" eclass="HBEFA3/PC_G_EU4" CO2="0.00" CO="0.00" HC="0.00" NOx="0.00" PMx="0.00" fuel="0.00" electricity="0.00" noise="81.03" route="routetop" type="cfm_slow" waiting="0.00" lane="top_0" pos="9.29" speed="47.00" angle="257.79" x="44.85" y="126.20"/>
        <vehicle id="cfm_slow_4" eclass="HBEFA3/PC_G_EU4" CO2="0.00" CO="0.00" HC="0.00" NOx="0.00" PMx="0.00" fuel="0.00" electricity="0.00" noise="81.03" route="routetop" type="cfm_slow" waiting="0.00" lane="top_0" pos="49.29" speed="47.00" angle="185.79" x="-1.62" y="65.14"/>
    </timestep>
    <timestep time="22.90">
        <vehicle id="cfm_slow_0" eclass="HBEFA3/PC_G_EU4" CO2="0.00" CO="0.00" HC="0.00" NOx="0.00" PMx="0.00" fuel="0.00" electricity="0.00" noise="81.03" route="routetop" type="cfm_slow" waiting="0.00" lane="left_0" pos="43.99" speed="47.00" angle="105.37" x="51.39" y="-0.48"/>
        <vehicle id="cfm_slow_1" eclass="HBEFA3/PC_G_EU4" CO2="13867.13" CO="488.45" HC="2.61" NOx="5.43" PMx="0.45" fuel="5.96" electricity="0.00" noise="81.03" route="routebottom" type="cfm_slow" waiting="0.00" lane="bottom_0" pos="33.99" speed="47.00" angle="33.34" x="120.87" y="32.18"/>
        <vehicle id="cfm_slow_2" eclass="HBEFA3/PC_G_EU4" CO2="13867.13" CO="488.45" HC="2.61" NOx="5.43" PMx="0.45" fuel="5.96" electricity="0.00" noise="81.03" route="routebottom" type="cfm_slow" waiting="0.00" lane="right_0" pos="23.99" speed="47.00" angle="321.32" x="111.28" y="108.35"/>
        <vehicle id="cfm_slow_3" eclass="HBEFA3/PC_G_EU4" CO2="0.00" CO="0.00" HC="0.00" NOx="0.00" PMx="0.00" fuel="0.00" electricity="0.00" noise="81.03" route="routetop" type="cfm_slow" waiting="0.00" lane="top_0" pos="13.99" speed="47.00" angle="249.27" x="35.86" y="122.76"/>
        <vehicle id="cfm_slow_4" eclass="HBEFA3/PC_G_EU4" CO2="0.00" CO="0.00" HC="0.00" NOx="0.00" PMx="0.00" fuel="0.00" electricity="0.00" noise="81.03" route="routetop" type="cfm_slow" waiting="0.00" lane="left_0" pos="3.99" speed="47.00" angle="177.35" x="-1.13" y="55.47"/>
    </timestep>
    <timestep time="23.00">
        <vehicle id="cfm_slow_0" eclass="HBEFA3/PC_G_EU4" CO2="0.00" CO="0.00" HC="0.00" NOx="0.00" PMx="0.00" fuel="0.00" electricity="0.00" noise="81.03" route="routetop" type="cfm_slow" waiting="0.00" lane="left_0" pos="48.69" speed="47.00" angle="96.90" x="60.95" y="-1.59"/>
        <vehicle id="cfm_slow_1" eclass="HBEFA3/PC_G_EU4" CO2="13867.13" CO="488.45" HC="2.61" NOx="5.43" PMx="0.45" fuel="5.96" electricity="0.00" noise="81.03" route="routebottom" type="cfm_slow" waiting="0.00" lane="bottom_0" pos="38.69" speed="47.00" angle="24.85" x="124.87" y="40.93"/>
        <vehicle id="cfm_slow_2" eclass="HBEFA3/PC_G_EU4" CO2="13867.13" CO="488.45" HC="2.61" NOx="5.43" PMx="0.45" fuel="5.96" electricity="0.00" noise="81.03" route="routebottom" type="cfm_slow" waiting="0.00" lane="right_0" pos="28.69" speed="47.00" angle="312.80" x="104.18" y="114.86"/>
        <vehicle id="cfm_slow_3" eclass="HBEFA3/PC_G_EU4" CO2="0.00" CO="0.00" HC="0.00" NOx="0.00" PMx="0.00" fuel="0.00" electricity="0.00" noise="81.03" route="routetop" type="cfm_slow" waiting="0.00" lane="top_0" pos="18.69" speed="47.00" angle="240.84" x="27.47" y="118.02"/>
        <vehicle id="cfm_slow_4" eclass="HBEFA3/PC_G_EU4" CO2="0.00" CO="0.00" HC="0.00" NOx="0.00" PMx="0.00" fuel="0.00" electricity="0.00" noise="81.03" route="routetop" type="cfm_slow" waiting="0.00" lane="left_0" pos="8.69" speed="47.00" angle="168.78" x="0.79" y="46.03"/>
    </timestep>
    <timestep time="23.10">
        <vehicle id="cfm_slow_0" eclass="HBEFA3/PC_G_EU4" CO2="13867.12" CO="488.45" HC="2.61" NOx="5.43" PMx="0.45" fuel="5.96" electricity="0.00" noise="81.03" route="routebottom" type="cfm_slow" waiting="0.00" lane="bottom_0" pos="3.39" speed="47.00" angle="88.40" x="70.63" y="-1.27"/>
        <vehicle id="cfm_slow_1" eclass="HBEFA3/PC_G_EU4" CO2="13867.13" CO="488.45" HC="2.61" NOx="5.43" PMx="0.45" fuel="5.96" electricity="0.00" noise="81.03" route="routebottom" type="cfm_slow" waiting="0.00" lane="bottom_0" pos="43.39" speed="47.00" angle="16.47" x="127.56" y="50.18"/>
        <vehicle id="cfm_slow_2" eclass="HBEFA3/PC_G_EU4" CO2="13867.12" CO="488.45" HC="2.61" NOx="5.43" PMx="0.45" fuel="5.96" electricity="0.00" noise="81.03" route="routebottom" type="cfm_slow" waiting="0.00" lane="right_0" pos="33.39" speed="47.00" angle="304.45" x="96.22" y="120.28"/>
        <vehicle id="cfm_slow_3" eclass="HBEFA3/PC_G_EU4" CO2="0.00" CO="0.00" HC="0.00" NOx="0.00" PMx="0.00" fuel="0.00" electricity="0.00" noise="81.03" route="routetop" type="cfm_slow" waiting="0.00" lane="top_0" pos="23.39" speed="47.00" angle="232.38" x="19.87" y="112.11"/>
        <vehicle id="cfm_slow_4" eclass="HBEFA3/PC_G_EU4" CO2="0.00" CO="0.00" HC="0.00" NOx="0.00" PMx="0.00" fuel="0.00" electricity="0.00" noise="81.03" route="routetop" type="cfm_slow" waiting="0.00" lane="left_0" pos="13.39" speed="47.00" angle="160.41" x="4.06" y="36.98"/>
    </timestep>
    <timestep time="23.20">
        <vehicle id="cfm_slow_0" eclass="HBEFA3/PC_G_EU4" CO2="13867.12" CO="488.45" HC="2.61" NOx="5.43" PMx="0.45" fuel="5.96" electricity="0.00" noise="81.03" route="routebottom" type="cfm_slow" waiting="0.00" lane="bottom_0" pos="8.09" speed="47.00" angle="79.90" x="80.10" y="0.47"/>
        <vehicle id="cfm_slow_1" eclass="HBEFA3/PC_G_EU4" CO2="13867.13" CO="488.45" HC="2.61" NOx="5.43" PMx="0.45" fuel="5.96" electricity="0.00" noise="81.03" route="routebottom" type="cfm_slow" waiting="0.00" lane="bottom_0" pos="48.09" speed="47.00" angle="7.97" x="128.84" y="59.72"/>
        <vehicle id="cfm_slow_2" eclass="HBEFA3/PC_G_EU4" CO2="13867.12" CO="488.45" HC="2.61" NOx="5.43" PMx="0.45" fuel="5.96" electricity="0.00" noise="81.03" route="routebottom" type="cfm_slow" waiting="0.00" lane="right_0" pos="38.09" speed="47.00" angle="295.90" x="87.54" y="124.44"/>
        <vehicle id="cfm_slow_3" eclass="HBEFA3/PC_G_EU4" CO2="0.00" CO="0.00" HC="0.00" NOx="0.00" PMx="0.00" fuel="0.00" electricity="0.00" noise="81.03" route="routetop" type="cfm_slow" waiting="0.00" lane="top_0" pos="28.09" speed="47.00" angle="223.88" x="13.23" y="105.14"/>
        <vehicle id="cfm_slow_4" eclass="HBEFA3/PC_G_EU4" CO2="0.00" CO="0.00" HC="0.00" NOx="0.00" PMx="0.00" fuel="0.00" electricity="0.00" noise="81.03" route="routetop" type="cfm_slow" waiting="0.00" lane="left_0" pos="18.09" speed="47.00" angle="151.94" x="8.63" y="28.50"/>
    </timestep>
    <timestep time="23.30">
        <vehicle id="cfm_slow_0" eclass="HBEFA3/PC_G_EU4" CO2="13867.12" CO="488.45" HC="2.61" NOx="5.43" PMx="0.45" fuel="5.96" electricity="0.00" noise="81.03" route="routebottom" type="cfm_slow" waiting="0.00" lane="bottom_0" pos="12.79" speed="47.00" angle="71.51" x="89.22" y="3.55"/>
        <vehicle id="cfm_slow_1" eclass="HBEFA3/PC_G_EU4" CO2="13867.13" CO="488.45" HC="2.61" NOx="5.43" PMx="0.45" fuel="5.96" electricity="0.00" noise="81.03" route="routebottom" type="cfm_slow" waiting="0.00" lane="right_0" pos="2.79" speed="47.00" angle="359.49" x="128.72" y="69.41"/>
        <vehicle id="cfm_slow_2" eclass="HBEFA3/PC_G_EU4" CO2="13867.12" CO="488.45" HC="2.61" NOx="5.43" PMx="0.45" fuel="5.96" electricity="0.00" noise="81.03" route="routebottom" type="cfm_slow" waiting="0.00" lane="right_0" pos="42.79" speed="47.00" angle="287.51" x="78.34" y="127.29"/>
        <vehicle id="cfm_slow_3" eclass="HBEFA3/PC_G_EU4" CO2="0.00" CO="0.00" HC="0.00" NOx="0.00" PMx="0.00" fuel="0.00" electricity="0.00" noise="81.03" route="routetop" type="cfm_slow" waiting="0.00" lane="top_0" pos="32.79" speed="47.00" angle="215.49" x="7.68" y="97.27"/>
        <vehicle id="cfm_slow_4" eclass="HBEFA3/PC_G_EU4" CO2="0.00" CO="0.00" HC="0.00" NOx="0.00" PMx="0.00" fuel="0.00" electricity="0.00" noise="81.03" route="routetop" type="cfm_slow" waiting="0.00" lane="left_0" pos="22.79" speed="47.00" angle="143.42" x="14.40" y="20.80"/>
    </timestep>
    <timestep time="23.40">
        <vehicle id="cfm_slow_0" eclass="HBEFA3/PC_G_EU4" CO2="13867.12" CO="488.45" HC="2.61" NOx="5.43" PMx="0.45" fuel="5.96" electricity="0.00" noise="81.03" route="routebottom" type="cfm_slow" waiting="0.00" lane="bottom_0" pos="17.49" speed="47.00" angle="62.99" x="97.77" y="7.98"/>
        <vehicle id="cfm_slow_1" eclass="HBEFA3/PC_G_EU4" CO2="13867.12" CO="488.45" HC="2.61" NOx="5.43" PMx="0.45" fuel="5.96" electricity="0.00" noise="81.03" route="routebottom" type="cfm_slow" waiting="0.00" lane="right_0" pos="7.49" speed="47.00" angle="350.92" x="127.16" y="78.91"/>
        <vehicle id="cfm_slow_2" eclass="HBEFA3/PC_G_EU4" CO2="13867.12" CO="488.45" HC="2.61" NOx="5.43" PMx="0.45" fuel="5.96" electricity="0.00" noise="81.03" route="routebottom" type="cfm_slow" waiting="0.00" lane="right_0" pos="47.49" speed="47.00" angle="279.12" x="68.83" y="128.77"/>
        <vehicle id="cfm_slow_3" eclass="HBEFA3/PC_G_EU4" CO2="0.00" CO="0.00" HC="0.00" NOx="0.00" PMx="0.00" fuel="0.00" electricity="0.00" noise="81.03" route="routetop" type="cfm_slow" waiting="0.00" lane="top_0" pos="37.49" speed="47.00" angle="207.04" x="3.34" y="88.68"/>
        <vehicle id="cfm_slow_4" eclass="HBEFA3/PC_G_EU4" CO2="0.00" CO="0.00" HC="0.00" NOx="0.00" PMx="0.00" fuel="0.00" electricity="0.00" noise="81.03" route="routetop" type="cfm_slow" waiting="0.00" lane="left_0" pos="27.49" speed="47.00" angle="135.02" x="21.24" y="14.02"/>
    </timestep>
    <timestep time="23.50">
        <vehicle id="cfm_slow_0" eclass="HBEFA3/PC_G_EU4" CO2="13867.12" CO="488.45" HC="2.61" NOx="5.43" PMx="0.45" fuel="5.96" electricity="0.00" noise="81.03" route="routebottom" type="cfm_slow" waiting="0.00" lane="bottom_0" pos="22.19" speed="47.00" angle="54.54" x="105.59" y="13.60"/>
        <vehicle id="cfm_slow_1" eclass="HBEFA3/PC_G_EU4" CO2="13867.12" CO="488.45" HC="2.61" NOx="5.43" PMx="0.45" fuel="5.96" electricity="0.00" noise="81.03" route="routebottom" type="cfm_slow" waiting="0.00" lane="right_0" pos="12.19" speed="47.00" angle="342.52" x="124.22" y="88.08"/>
        <vehicle id="cfm_slow_2" eclass="HBEFA3/PC_G_EU4" CO2="13867.12" CO="488.45" HC="2.61" NOx="5.43" PMx="0.45" fuel="5.96" electricity="0.00" noise="81.03" route="routetop" type="cfm_slow" waiting="0.00" lane="top_0" pos="2.19" speed="47.00" angle="270.54" x="59.14" y="128.81"/>
        <vehicle id="cfm_slow_3" eclass="HBEFA3/PC_G_EU4" CO2="0.00" CO="0.00" HC="0.00" NOx="0.00" PMx="0.00" fuel="0.00" electricity="0.00" noise="81.03" route="routetop" type="cfm_slow" waiting="0.00" lane="top_0" pos="42.19" speed="47.00" angle="198.51" x="0.31" y="79.54"/>
        <vehicle id="cfm_slow_4" eclass="HBEFA3/PC_G_EU4" CO2="0.00" CO="0.00" HC="0.00" NOx="0.00" PMx="0.00" fuel="0.00" electricity="0.00" noise="81.03" route="routetop" type="cfm_slow" waiting="0.00" lane="left_0" pos="32.19" speed="47.00" angle="126.61" x="28.99" y="8.31"/>
    </timestep>
    <timestep time="23.60">
        <vehicle id="cfm_slow_0" eclass="HBEFA3/PC_G_EU4" CO2="13867.12" CO="488.45" HC="2.61" NOx="5.43" PMx="0.45" fuel="5.96" electricity="0.00" noise="81.03" route="routebottom" type="cfm_slow" waiting="0.00" lane="bottom_0" pos="26.89" speed="47.00" angle="46.14" x="112.50" y="20.30"/>
        <vehicle id="cfm_slow_1" eclass="HBEFA3/PC_G_EU4" CO2="13867.12" CO="488.45" HC="2.61" NOx="5.43" PMx="0.45" fuel="5.96" electricity="0.00" noise="81.03" route="routebottom" type="cfm_slow" waiting="0.00" lane="right_0" pos="16.89" speed="47.00" angle="334.13" x="119.98" y="96.72"/>
        <vehicle id="cfm_slow_2" eclass="HBEFA3/PC_G_EU4" CO2="13867.12" CO="488.45" HC="2.61" NOx="5.43" PMx="0.45" fuel="5.96" electricity="0.00" noise="81.03" route="routetop" type="cfm_slow" waiting="0.00" lane="top_0" pos="6.89" speed="47.00" angle="262.07" x="49.61" y="127.43"/>
        <vehicle id="cfm_slow_3" eclass="HBEFA3/PC_G_EU4" CO2="0.00" CO="0.00" HC="0.00" NOx="0.00" PMx="0.00" fuel="0.00" electricity="0.00" noise="81.03" route="routetop" type="cfm_slow" waiting="0.00" lane="top_0" pos="46.89" speed="47.00" angle="190.13" x="-1.33" y="70.05"/>
        <vehicle id="cfm_slow_4" eclass="HBEFA3/PC_G_EU4" CO2="0.00" CO="0.00" HC="0.00" NOx="0.00" PMx="0.00" fuel="0.00" electricity="0.00" noise="81.03" route="routetop" type="cfm_slow" waiting="0.00" lane="left_0" pos="36.89" speed="47.00" angle="118.09" x="37.51" y="3.82"/>
    </timestep>
    <timestep time="23.70">
        <vehicle id="cfm_slow_0" eclass="HBEFA3/PC_G_EU4" CO2="13867.12" CO="488.45" HC="2.61" NOx="5.43" PMx="0.45" fuel="5.96" electricity="0.00" noise="81.03" route="routebottom" type="cfm_slow" waiting="0.00" lane="bottom_0" pos="31.59" speed="47.00" angle="37.65" x="118.34" y="27.96"/>
        <vehicle id="cfm_slow_1" eclass="HBEFA3/PC_G_EU4" CO2="13867.12" CO="488.45" HC="2.61" NOx="5.43" PMx="0.45" fuel="5.96" electricity="0.00" noise="81.03" route="routebottom" type="cfm_slow" waiting="0.00" lane="right_0" pos="21.59" speed="47.00" angle="325.57" x="114.50" y="104.64"/>
        <vehicle id="cfm_slow_2" eclass="HBEFA3/PC_G_EU4" CO2="13867.12" CO="488.45" HC="2.61" NOx="5.43" PMx="0.45" fuel="5.96" electricity="0.00" noise="81.03" route="routetop" type="cfm_slow" waiting="0.00" lane="top_0" pos="11.59" speed="47.00" angle="253.56" x="40.39" y="124.67"/>
        <vehicle id="cfm_slow_3" eclass="HBEFA3/PC_G_EU4" CO2="0.00" CO="0.00" HC="0.00" NOx="0.00" PMx="0.00" fuel="0.00" electricity="0.00" noise="81.03" route="routetop" type="cfm_slow" waiting="0.00" lane="left_0" pos="1.59" speed="47.00" angle="181.63" x="-1.56" y="60.37"/>
        <vehicle id="cfm_slow_4" eclass="HBEFA3/PC_G_EU4" CO2="0.00" CO="0.00" HC="0.00" NOx="0.00" PMx="0.00" fuel="0.00" electricity="0.00" noise="81.03" route="routetop" type="cfm_slow" waiting="0.00" lane="left_0" pos="41.59" speed="47.00" angle="109.62" x="46.59" y="0.63"/>
    </timestep>
    <timestep time="23.80">
        <vehicle id="cfm_slow_0" eclass="HBEFA3/PC_G_EU4" CO2="13867.12" CO="488.45" HC="2.61" NOx="5.43" PMx="0.45" fuel="5.96" electricity="0.00" noise="81.03" route="routebottom" type="cfm_slow" waiting="0.00" lane="bottom_0" pos="36.29" speed="47.00" angle="29.19" x="123.00" y="36.39"/>
        <vehicle id="cfm_slow_1" eclass="HBEFA3/PC_G_EU4" CO2="13867.12" CO="488.45" HC="2.61" NOx="5.43" PMx="0.45" fuel="5.96" electricity="0.00" noise="81.03" route="routebottom" type="cfm_slow" waiting="0.00" lane="right_0" pos="26.29" speed="47.00" angle="317.23" x="107.93" y="111.67"/>
        <vehicle id="cfm_slow_2" eclass="HBEFA3/PC_G_EU4" CO2="0.00" CO="0.00" HC="0.00" NOx="0.00" PMx="0.00" fuel="0.00" electricity="0.00" noise="81.03" route="routetop" type="cfm_slow" waiting="0.00" lane="top_0" pos="16.29" speed="47.00" angle="245.18" x="31.67" y="120.59"/>
        <vehicle id="cfm_slow_3" eclass="HBEFA3/PC_G_EU4" CO2="0.00" CO="0.00" HC="0.00" NOx="0.00" PMx="0.00" fuel="0.00" electricity="0.00" noise="81.03" route="routetop" type="cfm_slow" waiting="0.00" lane="left_0" pos="6.29" speed="47.00" angle="173.12" x="-0.37" y="50.81"/>
        <vehicle id="cfm_slow_4" eclass="HBEFA3/PC_G_EU4" CO2="0.00" CO="0.00" HC="0.00" NOx="0.00" PMx="0.00" fuel="0.00" electricity="0.00" noise="81.03" route="routetop" type="cfm_slow" waiting="0.00" lane="left_0" pos="46.29" speed="47.00" angle="101.25" x="56.04" y="-1.21"/>
    </timestep>
    <timestep time="23.90">
        <vehicle id="cfm_slow_0" eclass="HBEFA3/PC_G_EU4" CO2="13867.12" CO="488.45" HC="2.61" NOx="5.43" PMx="0.45" fuel="5.96" electricity="0.00" noise="81.03" route="routebottom" type="cfm_slow" waiting="0.00" lane="bottom_0" pos="40.99" speed="47.00" angle="20.75" x="126.37" y="45.40"/>
        <vehicle id="cfm_slow_1" eclass="HBEFA3/PC_G_EU4" CO2="13867.12" CO="488.45" HC="2.61" NOx="5.43" PMx="0.45" fuel="5.96" electricity="0.00" noise="81.03" route="routebottom" type="cfm_slow" waiting="0.00" lane="right_0" pos="30.99" speed="47.00" angle="308.71" x="100.39" y="117.66"/>
        <vehicle id="cfm_slow_2" eclass="HBEFA3/PC_G_EU4" CO2="0.00" CO="0.00" HC="0.00" NOx="0.00" PMx="0.00" fuel="0.00" electricity="0.00" noise="81.03" route="routetop" type="cfm_slow" waiting="0.00" lane="top_0" pos="20.99" speed="47.00" angle="236.69" x="23.65" y="115.26"/>
        <vehicle id="cfm_slow_3" eclass="HBEFA3/PC_G_EU4" CO2="0.00" CO="0.00" HC="0.00" NOx="0.00" PMx="0.00" fuel="0.00" electricity="0.00" noise="81.03" route="routetop" type="cfm_slow" waiting="0.00" lane="left_0" pos="10.99" speed="47.00" angle="164.66" x="2.23" y="41.54"/>
        <vehicle id="cfm_slow_4" eclass="HBEFA3/PC_G_EU4" CO2="0.00" CO="0.00" HC="0.00" NOx="0.00" PMx="0.00" fuel="0.00" electricity="0.00" noise="81.03" route="routebottom" type="cfm_slow" waiting="0.00" lane="bottom_0" pos="0.99" speed="47.00" angle="92.68" x="65.72" y="-1.61"/>
    </timestep>
    <timestep time="24.00">
        <vehicle id="cfm_slow_0" eclass="HBEFA3/PC_G_EU4" CO2="13867.12" CO="488.45" HC="2.61" NOx="5.43" PMx="0.45" fuel="5.96" electricity="0.00" noise="81.03" route="routebottom" type="cfm_slow" waiting="0.00" lane="bottom_0" pos="45.69" speed="47.00" angle="12.24" x="128.36" y="54.82"/>
        <vehicle id="cfm_slow_1" eclass="HBEFA3/PC_G_EU4" CO2="13867.12" CO="488.45" HC="2.61" NOx="5.43" PMx="0.45" fuel="5.96" electricity="0.00" noise="81.03" route="routebottom" type="cfm_slow" waiting="0.00" lane="right_0" pos="35.69" speed="47.00" angle="300.27" x="92.05" y="122.48"/>
        <vehicle id="cfm_slow_2" eclass="HBEFA3/PC_G_EU4" CO2="0.00" CO="0.00" HC="0.00" NOx="0.00" PMx="0.00" fuel="0.00" electricity="0.00" noise="81.03" route="routetop" type="cfm_slow" waiting="0.00" lane="top_0" pos="25.69" speed="47.00" angle="228.32" x="16.49" y="108.83"/>
        <vehicle id="cfm_slow_3" eclass="HBEFA3/PC_G_EU4" CO2="0.00" CO="0.00" HC="0.00" NOx="0.00" PMx="0.00" fuel="0.00" electricity="0.00" noise="81.03" route="routetop" type="cfm_slow" waiting="0.00" lane="left_0" pos="15.69" speed="47.00" angle="156.29" x="6.14" y="32.75"/>
        <vehicle id="cfm_slow_4" eclass="HBEFA3/PC_G_EU4" CO2="0.00" CO="0.00" HC="0.00" NOx="0.00" PMx="0.00" fuel="0.00" electricity="0.00" noise="81.03" route="routebottom" type="cfm_slow" waiting="0.00" lane="bottom_0" pos="5.69" speed="47.00" angle="84.24" x="75.30" y="-0.59"/>
    </timestep>
    <timestep time="24.10">
        <vehicle id="cfm_slow_0" eclass="HBEFA3/PC_G_EU4" CO2="13867.12" CO="488.45" HC="2.61" NOx="5.43" PMx="0.45" fuel="5.96" electricity="0.00" noise="81.03" route="routebottom" type="cfm_slow" waiting="0.00" lane="right_0" pos="0.39" speed="47.00" angle="3.78" x="128.95" y="64.49"/>
        <vehicle id="cfm_slow_1" eclass="HBEFA3/PC_G_EU4" CO2="13867.12" CO="488.45" HC="2.61" NOx="5.43" PMx="0.45" fuel="5.96" electricity="0.00" noise="81.03" route="routebottom" type="cfm_slow" waiting="0.00" lane="right_0" pos="40.39" speed="47.00" angle="291.83" x="83.09" y="126.01"/>
        <vehicle id="cfm_slow_2" eclass="HBEFA3/PC_G_EU4" CO2="0.00" CO="0.00" HC="0.00" NOx="0.00" PMx="0.00" fuel="0.00" electricity="0.00" noise="81.03" route="routetop" type="cfm_slow" waiting="0.00" lane="top_0" pos="30.39" speed="47.00" angle="219.73" x="10.37" y="101.39"/>
        <vehicle id="cfm_slow_3" eclass="HBEFA3/PC_G_EU4" CO2="0.00" CO="0.00" HC="0.00" NOx="0.00" PMx="0.00" fuel="0.00" electricity="0.00" noise="81.03" route="routetop" type="cfm_slow" waiting="0.00" lane="left_0" pos="20.39" speed="47.00" angle="147.71" x="11.31" y="24.63"/>
        <vehicle id="cfm_slow_4" eclass="HBEFA3/PC_G_EU4" CO2="0.00" CO="0.00" HC="0.00" NOx="0.00" PMx="0.00" fuel="0.00" electricity="0.00" noise="81.03" route="routebottom" type="cfm_slow" waiting="0.00" lane="bottom_0" pos="10.39" speed="47.00" angle="75.79" x="84.62" y="1.81"/>
    </timestep>
    <timestep time="24.20">
        <vehicle id="cfm_slow_0" eclass="HBEFA3/PC_G_EU4" CO2="13867.12" CO="488.45" HC="2.61" NOx="5.43" PMx="0.45" fuel="5.96" electricity="0.00" noise="81.03" route="routebottom" type="cfm_slow" waiting="0.00" lane="right_0" pos="5.09" speed="47.00" angle="355.36" x="128.14" y="74.09"/>
        <vehicle id="cfm_slow_1" eclass="HBEFA3/PC_G_EU4" CO2="13867.12" CO="488.45" HC="2.61" NOx="5.43" PMx="0.45" fuel="5.96" electricity="0.00" noise="81.03" route="routebottom" type="cfm_slow" waiting="0.00" lane="right_0" pos="45.09" speed="47.00" angle="283.34" x="73.71" y="128.19"/>
        <vehicle id="cfm_slow_2" eclass="HBEFA3/PC_G_EU4" CO2="0.00" CO="0.00" HC="0.00" NOx="0.00" PMx="0.00" fuel="0.00" electricity="0.00" noise="81.03" route="routetop" type="cfm_slow" waiting="0.00" lane="top_0" pos="35.09" speed="47.00" angle="211.41" x="5.39" y="93.15"/>
        <vehicle id="cfm_slow_3" eclass="HBEFA3/PC_G_EU4" CO2="0.00" CO="0.00" HC="0.00" NOx="0.00" PMx="0.00" fuel="0.00" electricity="0.00" noise="81.03" route="routetop" type="cfm_slow" waiting="0.00" lane="left_0" pos="25.09" speed="47.00" angle="139.34" x="17.62" y="17.36"/>
        <vehicle id="cfm_slow_4" eclass="HBEFA3/PC_G_EU4" CO2="0.00" CO="0.00" HC="0.00" NOx="0.00" PMx="0.00" fuel="0.00" electricity="0.00" noise="81.03" route="routebottom" type="cfm_slow" waiting="0.00" lane="bottom_0" pos="15.09" speed="47.00" angle="67.31" x="93.49" y="5.56"/>
    </timestep>
    <timestep time="24.30">
        <vehicle id="cfm_slow_0" eclass="HBEFA3/PC_G_EU4" CO2="13867.12" CO="488.45" HC="2.61" NOx="5.43" PMx="0.45" fuel="5.96" electricity="0.00" noise="81.03" route="routebottom" type="cfm_slow" waiting="0.00" lane="right_0" pos="9.79" speed="47.00" angle="346.87" x="125.90" y="83.45"/>
        <vehicle id="cfm_slow_1" eclass="HBEFA3/PC_G_EU4" CO2="13867.12" CO="488.45" HC="2.61" NOx="5.43" PMx="0.45" fuel="5.96" electricity="0.00" noise="81.03" route="routebottom" type="cfm_slow" waiting="0.00" lane="right_0" pos="49.79" speed="47.00" angle="274.84" x="64.12" y="128.96"/>
        <vehicle id="cfm_slow_2" eclass="HBEFA3/PC_G_EU4" CO2="0.00" CO="0.00" HC="0.00" NOx="0.00" PMx="0.00" fuel="0.00" electricity="0.00" noise="81.03" route="routetop" type="cfm_slow" waiting="0.00" lane="top_0" pos="39.79" speed="47.00" angle="202.90" x="1.68" y="84.27"/>
        <vehicle id="cfm_slow_3" eclass="HBEFA3/PC_G_EU4" CO2="0.00" CO="0.00" HC="0.00" NOx="0.00" PMx="0.00" fuel="0.00" electricity="0.00" noise="81.03" route="routetop" type="cfm_slow" waiting="0.00" lane="left_0" pos="29.79" speed="47.00" angle="130.88" x="24.93" y="11.09"/>
        <vehicle id="cfm_slow_4" eclass="HBEFA3/PC_G_EU4" CO2="0.00" CO="0.00" HC="0.00" NOx="0.00" PMx="0.00" fuel="0.00" electricity="0.00" noise="81.03" route="routebottom" type="cfm_slow" waiting="0.00" lane="bottom_0" pos="19.79" speed="47.00" angle="58.80" x="101.70" y="10.59"/>
    </timestep>
    <timestep time="24.40">
        <vehicle id="cfm_slow_0" eclass="HBEFA3/PC_G_EU4" CO2="13867.12" CO="488.45" HC="2.61" NOx="5.43" PMx="0.45" fuel="5.96" electricity="0.00" noise="81.03" route="routebottom" type="cfm_slow" waiting="0.00" lane="right_0" pos="14.49" speed="47.00" angle="338.38" x="122.31" y="92.39"/>
        <vehicle id="cfm_slow_1" eclass="HBEFA3/PC_G_EU4" CO2="13867.12" CO="488.45" HC="2.61" NOx="5.43" PMx="0.45" fuel="5.96" electricity="0.00" noise="81.03" route="routetop" type="cfm_slow" waiting="0.00" lane="top_0" pos="4.49" speed="47.00" angle="266.44" x="54.45" y="128.31"/>
        <vehicle id="cfm_slow_2" eclass="HBEFA3/PC_G_EU4" CO2="0.00" CO="0.00" HC="0.00" NOx="0.00" PMx="0.00" fuel="0.00" electricity="0.00" noise="81.03" route="routetop" type="cfm_slow" waiting="0.00" lane="top_0" pos="44.49" speed="47.00" angle="194.43" x="-0.66" y="74.93"/>
        <vehicle id="cfm_slow_3" eclass="HBEFA3/PC_G_EU4" CO2="0.00" CO="0.00" HC="0.00" NOx="0.00" PMx="0.00" fuel="0.00" electricity="0.00" noise="81.03" route="routetop" type="cfm_slow" waiting="0.00" lane="left_0" pos="34.49" speed="47.00" angle="122.44" x="33.08" y="5.95"/>
        <vehicle id="cfm_slow_4" eclass="HBEFA3/PC_G_EU4" CO2="13867.12" CO="488.45" HC="2.61" NOx="5.43" PMx="0.45" fuel="5.96" electricity="0.00" noise="81.03" route="routebottom" type="cfm_slow" waiting="0.00" lane="bottom_0" pos="24.49" speed="47.00" angle="50.49" x="109.10" y="16.75"/>
    </timestep>
    <timestep time="24.50">
        <vehicle id="cfm_slow_0" eclass="HBEFA3/PC_G_EU4" CO2="13867.12" CO="488.45" HC="2.61" NOx="5.43" PMx="0.45" fuel="5.96" electricity="0.00" noise="81.03" route="routebottom" type="cfm_slow" waiting="0.00" lane="right_0" pos="19.19" speed="47.00" angle="329.93" x="117.45" y="100.70"/>
        <vehicle id="cfm_slow_1" eclass="HBEFA3/PC_G_EU4" CO2="13867.12" CO="488.45" HC="2.61" NOx="5.43" PMx="0.45" fuel="5.96" electricity="0.00" noise="81.03" route="routetop" type="cfm_slow" waiting="0.00" lane="top_0" pos="9.19" speed="47.00" angle="257.97" x="45.04" y="126.26"/>
        <vehicle id="cfm_slow_2" eclass="HBEFA3/PC_G_EU4" CO2="0.00" CO="0.00" HC="0.00" NOx="0.00" PMx="0.00" fuel="0.00" electricity="0.00" noise="81.03" route="routetop" type="cfm_slow" waiting="0.00" lane="top_0" pos="49.19" speed="47.00" angle="185.98" x="-1.62" y="65.35"/>
        <vehicle id="cfm_slow_3" eclass="HBEFA3/PC_G_EU4" CO2="0.00" CO="0.00" HC="0.00" NOx="0.00" PMx="0.00" fuel="0.00" electricity="0.00" noise="81.03" route="routetop" type="cfm_slow" waiting="0.00" lane="left_0" pos="39.19" speed="47.00" angle="113.93" x="41.90" y="2.10"/>
        <vehicle id="cfm_slow_4" eclass="HBEFA3/PC_G_EU4" CO2="13867.12" CO="488.45" HC="2.61" NOx="5.43" PMx="0.45" fuel="5.96" electricity="0.00" noise="81.03" route="routebottom" type="cfm_slow" waiting="0.00" lane="bottom_0" pos="29.19" speed="47.00" angle="41.89" x="115.49" y="23.95"/>
    </timestep>
    <timestep time="24.60">
        <vehicle id="cfm_slow_0" eclass="HBEFA3/PC_G_EU4" CO2="13867.12" CO="488.45" HC="2.61" NOx="5.43" PMx="0.45" fuel="5.96" electricity="0.00" noise="81.03" route="routebottom" type="cfm_slow" waiting="0.00" lane="right_0" pos="23.89" speed="47.00" angle="321.50" x="111.42" y="108.20"/>
        <vehicle id="cfm_slow_1" eclass="HBEFA3/PC_G_EU4" CO2="13867.12" CO="488.45" HC="2.61" NOx="5.43" PMx="0.45" fuel="5.96" electricity="0.00" noise="81.03" route="routetop" type="cfm_slow" waiting="0.00" lane="top_0" pos="13.89" speed="47.00" angle="249.44" x="36.04" y="122.84"/>
        <vehicle id="cfm_slow_2" eclass="HBEFA3/PC_G_EU4" CO2="0.00" CO="0.00" HC="0.00" NOx="0.00" PMx="0.00" fuel="0.00" electricity="0.00" noise="81.03" route="routetop" type="cfm_slow" waiting="0.00" lane="left_0" pos="3.89" speed="47.00" angle="177.53" x="-1.16" y="55.67"/>
        <vehicle id="cfm_slow_3" eclass="HBEFA3/PC_G_EU4" CO2="0.00" CO="0.00" HC="0.00" NOx="0.00" PMx="0.00" fuel="0.00" electricity="0.00" noise="81.03" route="routetop" type="cfm_slow" waiting="0.00" lane="left_0" pos="43.89" speed="47.00" angle="105.56" x="51.18" y="-0.44"/>
        <vehicle id="cfm_slow_4" eclass="HBEFA3/PC_G_EU4" CO2="13867.12" CO="488.45" HC="2.61" NOx="5.43" PMx="0.45" fuel="5.96" electricity="0.00" noise="81.03" route="routebottom" type="cfm_slow" waiting="0.00" lane="bottom_0" pos="33.89" speed="47.00" angle="33.52" x="120.77" y="32.00"/>
    </timestep>
    <timestep time="24.70">
        <vehicle id="cfm_slow_0" eclass="HBEFA3/PC_G_EU4" CO2="13867.12" CO="488.45" HC="2.61" NOx="5.43" PMx="0.45" fuel="5.96" electricity="0.00" noise="81.03" route="routebottom" type="cfm_slow" waiting="0.00" lane="right_0" pos="28.59" speed="47.00" angle="312.98" x="104.34" y="114.73"/>
        <vehicle id="cfm_slow_1" eclass="HBEFA3/PC_G_EU4" CO2="13867.12" CO="488.45" HC="2.61" NOx="5.43" PMx="0.45" fuel="5.96" electricity="0.00" noise="81.03" route="routetop" type="cfm_slow" waiting="0.00" lane="top_0" pos="18.59" speed="47.00" angle="241.03" x="27.64" y="118.13"/>
        <vehicle id="cfm_slow_2" eclass="HBEFA3/PC_G_EU4" CO2="0.00" CO="0.00" HC="0.00" NOx="0.00" PMx="0.00" fuel="0.00" electricity="0.00" noise="81.03" route="routetop" type="cfm_slow" waiting="0.00" lane="left_0" pos="8.59" speed="47.00" angle="168.96" x="0.73" y="46.23"/>
        <vehicle id="cfm_slow_3" eclass="HBEFA3/PC_G_EU4" CO2="0.00" CO="0.00" HC="0.00" NOx="0.00" PMx="0.00" fuel="0.00" electricity="0.00" noise="81.03" route="routetop" type="cfm_slow" waiting="0.00" lane="left_0" pos="48.59" speed="47.00" angle="97.05" x="60.74" y="-1.58"/>
        <vehicle id="cfm_slow_4" eclass="HBEFA3/PC_G_EU4" CO2="13867.12" CO="488.45" HC="2.61" NOx="5.43" PMx="0.45" fuel="5.96" electricity="0.00" noise="81.03" route="routebottom" type="cfm_slow" waiting="0.00" lane="bottom_0" pos="38.59" speed="47.00" angle="25.03" x="124.80" y="40.74"/>
    </timestep>
    <timestep time="24.80">
        <vehicle id="cfm_slow_0" eclass="HBEFA3/PC_G_EU4" CO2="13867.12" CO="488.45" HC="2.61" NOx="5.43" PMx="0.45" fuel="5.96" electricity="0.00" noise="81.03" route="routebottom" type="cfm_slow" waiting="0.00" lane="right_0" pos="33.29" speed="47.00" angle="304.62" x="96.40" y="120.17"/>
        <vehicle id="cfm_slow_1" eclass="HBEFA3/PC_G_EU4" CO2="13867.12" CO="488.45" HC="2.61" NOx="5.43" PMx="0.45" fuel="5.96" electricity="0.00" noise="81.03" route="routetop" type="cfm_slow" waiting="0.00" lane="top_0" pos="23.29" speed="47.00" angle="232.56" x="20.02" y="112.25"/>
        <vehicle id="cfm_slow_2" eclass="HBEFA3/PC_G_EU4" CO2="0.00" CO="0.00" HC="0.00" NOx="0.00" PMx="0.00" fuel="0.00" electricity="0.00" noise="81.03" route="routetop" type="cfm_slow" waiting="0.00" lane="left_0" pos="13.29" speed="47.00" angle="160.59" x="3.98" y="37.16"/>
        <vehicle id="cfm_slow_3" eclass="HBEFA3/PC_G_EU4" CO2="0.00" CO="0.00" HC="0.00" NOx="0.00" PMx="0.00" fuel="0.00" electricity="0.00" noise="81.03" route="routebottom" type="cfm_slow" waiting="0.00" lane="bottom_0" pos="3.29" speed="47.00" angle="88.58" x="70.43" y="-1.29"/>
        <vehicle id="cfm_slow_4" eclass="HBEFA3/PC_G_EU4" CO2="13867.12" CO="488.45" HC="2.61" NOx="5.43" PMx="0.45" fuel="5.96" electricity="0.00" noise="81.03" route="routebottom" type="cfm_slow" waiting="0.00" lane="bottom_0" pos="43.29" speed="47.00" angle="16.65" x="127.52" y="49.98"/>
    </timestep>
    <timestep time="24.90">
        <vehicle id="cfm_slow_0" eclass="HBEFA3/PC_G_EU4" CO2="13867.12" CO="488.45" HC="2.61" NOx="5.43" PMx="0.45" fuel="5.96" electricity="0.00" noise="81.03" route="routebottom" type="cfm_slow" waiting="0.00" lane="right_0" pos="37.99" speed="47.00" angle="296.08" x="87.73" y="124.36"/>
        <vehicle id="cfm_slow_1" eclass="HBEFA3/PC_G_EU4" CO2="0.00" CO="0.00" HC="0.00" NOx="0.00" PMx="0.00" fuel="0.00" electricity="0.00" noise="81.03" route="routetop" type="cfm_slow" waiting="0.00" lane="top_0" pos="27.99" speed="47.00" angle="224.06" x="13.36" y="105.30"/>
        <vehicle id="cfm_slow_2" eclass="HBEFA3/PC_G_EU4" CO2="0.00" CO="0.00" HC="0.00" NOx="0.00" PMx="0.00" fuel="0.00" electricity="0.00" noise="81.03" route="routetop" type="cfm_slow" waiting="0.00" lane="left_0" pos="17.99" speed="47.00" angle="152.13" x="8.51" y="28.67"/>
        <vehicle id="cfm_slow_3" eclass="HBEFA3/PC_G_EU4" CO2="0.00" CO="0.00" HC="0.00" NOx="0.00" PMx="0.00" fuel="0.00" electricity="0.00" noise="81.03" route="routebottom" type="cfm_slow" waiting="0.00" lane="bottom_0" pos="7.99" speed="47.00" angle="80.09" x="79.90" y="0.41"/>
        <vehicle id="cfm_slow_4" eclass="HBEFA3/PC_G_EU4" CO2="13867.12" CO="488.45" HC="2.61" NOx="5.43" PMx="0.45" fuel="5.96" electricity="0.00" noise="81.03" route="routebottom" type="cfm_slow" waiting="0.00" lane="bottom_0" pos="47.99" speed="47.00" angle="8.16" x="128.83" y="59.52"/>
    </timestep>
    <timestep time="25.00">
        <vehicle id="cfm_slow_0" eclass="HBEFA3/PC_G_EU4" CO2="13867.12" CO="488.45" HC="2.61" NOx="5.43" PMx="0.45" fuel="5.96" electricity="0.00" noise="81.03" route="routebottom" type="cfm_slow" waiting="0.00" lane="right_0" pos="42.69" speed="47.00" angle="287.69" x="78.54" y="127.24"/>
        <vehicle id="cfm_slow_1" eclass="HBEFA3/PC_G_EU4" CO2="0.00" CO="0.00" HC="0.00" NOx="0.00" PMx="0.00" fuel="0.00" electricity="0.00" noise="81.03" route="routetop" type="cfm_slow" waiting="0.00" lane="top_0" pos="32.69" speed="47.00" angle="215.67" x="7.78" y="97.45"/>
        <vehicle id="cfm_slow_2" eclass="HBEFA3/PC_G_EU4" CO2="0.00" CO="0.00" HC="0.00" NOx="0.00" PMx="0.00" fuel="0.00" electricity="0.00" noise="81.03" route="routetop" type="cfm_slow" waiting="0.00" lane="left_0" pos="22.69" speed="47.00" angle="143.61" x="14.27" y="20.95"/>
        <vehicle id="cfm_slow_3" eclass="HBEFA3/PC_G_EU4" CO2="0.00" CO="0.00" HC="0.00" NOx="0.00" PMx="0.00" fuel="0.00" electricity="0.00" noise="81.03" route="routebottom" type="cfm_slow" waiting="0.00" lane="bottom_0" pos="12.69" speed="47.00" angle="71.64" x="89.03" y="3.48"/>
        <vehicle id="cfm_slow_4" eclass="HBEFA3/PC_G_EU4" CO2="13867.12" CO="488.45" HC="2.61" NOx="5.43" PMx="0.45" fuel="5.96" electricity="0.00" noise="81.03" route="routebottom" type="cfm_slow" waiting="0.00" lane="right_0" pos="2.69" speed="47.00" angle="359.68" x="128.74" y="69.20"/>
    </timestep>
    <timestep time="25.10">
        <vehicle id="cfm_slow_0" eclass="HBEFA3/PC_G_EU4" CO2="13867.12" CO="488.45" HC="2.61" NOx="5.43" PMx="0.45" fuel="5.96" electricity="0.00" noise="81.03" route="routebottom" type="cfm_slow" waiting="0.00" lane="right_0" pos="47.39" speed="47.00" angle="279.28" x="69.03" y="128.76"/>
        <vehicle id="cfm_slow_1" eclass="HBEFA3/PC_G_EU4" CO2="0.00" CO="0.00" HC="0.00" NOx="0.00" PMx="0.00" fuel="0.00" electricity="0.00" noise="81.03" route="routetop" type="cfm_slow" waiting="0.00" lane="top_0" pos="37.39" speed="47.00" angle="207.23" x="3.42" y="88.87"/>
        <vehicle id="cfm_slow_2" eclass="HBEFA3/PC_G_EU4" CO2="0.00" CO="0.00" HC="0.00" NOx="0.00" PMx="0.00" fuel="0.00" electricity="0.00" noise="81.03" route="routetop" type="cfm_slow" waiting="0.00" lane="left_0" pos="27.39" speed="47.00" angle="135.20" x="21.08" y="14.16"/>
        <vehicle id="cfm_slow_3" eclass="HBEFA3/PC_G_EU4" CO2="0.00" CO="0.00" HC="0.00" NOx="0.00" PMx="0.00" fuel="0.00" electricity="0.00" noise="81.03" route="routebottom" type="cfm_slow" waiting="0.00" lane="bottom_0" pos="17.39" speed="47.00" angle="63.18" x="97.60" y="7.87"/>
        <vehicle id="cfm_slow_4" eclass="HBEFA3/PC_G_EU4" CO2="13867.12" CO="488.45" HC="2.61" NOx="5.43" PMx="0.45" fuel="5.96" electricity="0.00" noise="81.03" route="routebottom" type="cfm_slow" waiting="0.00" lane="right_0" pos="7.39" speed="47.00" angle="351.11" x="127.21" y="78.71"/>
    </timestep>
    <timestep time="25.20">
        <vehicle id="cfm_slow_0" eclass="HBEFA3/PC_G_EU4" CO2="13867.12" CO="488.45" HC="2.61" NOx="5.43" PMx="0.45" fuel="5.96" electricity="0.00" noise="81.03" route="routetop" type="cfm_slow" waiting="0.00" lane="top_0" pos="2.09" speed="47.00" angle="270.72" x="59.34" y="128.82"/>
        <vehicle id="cfm_slow_1" eclass="HBEFA3/PC_G_EU4" CO2="0.00" CO="0.00" HC="0.00" NOx="0.00" PMx="0.00" fuel="0.00" electricity="0.00" noise="81.03" route="routetop" type="cfm_slow" waiting="0.00" lane="top_0" pos="42.09" speed="47.00" angle="198.70" x="0.37" y="79.74"/>
        <vehicle id="cfm_slow_2" eclass="HBEFA3/PC_G_EU4" CO2="0.00" CO="0.00" HC="0.00" NOx="0.00" PMx="0.00" fuel="0.00" electricity="0.00" noise="81.03" route="routetop" type="cfm_slow" waiting="0.00" lane="left_0" pos="32.09" speed="47.00" angle="126.80" x="28.82" y="8.42"/>
        <vehicle id="cfm_slow_3" eclass="HBEFA3/PC_G_EU4" CO2="0.00" CO="0.00" HC="0.00" NOx="0.00" PMx="0.00" fuel="0.00" electricity="0.00" noise="81.03" route="routebottom" type="cfm_slow" waiting="0.00" lane="bottom_0" pos="22.09" speed="47.00" angle="54.72" x="105.43" y="13.47"/>
        <vehicle id="cfm_slow_4" eclass="HBEFA3/PC_G_EU4" CO2="13867.12" CO="488.45" HC="2.61" NOx="5.43" PMx="0.45" fuel="5.96" electricity="0.00" noise="81.03" route="routebottom" type="cfm_slow" waiting="0.00" lane="right_0" pos="12.09" speed="47.00" angle="342.69" x="124.30" y="87.89"/>
    </timestep>
    <timestep time="25.30">
        <vehicle id="cfm_slow_0" eclass="HBEFA3/PC_G_EU4" CO2="13867.12" CO="488.45" HC="2.61" NOx="5.43" PMx="0.45" fuel="5.96" electricity="0.00" noise="81.03" route="routetop" type="cfm_slow" waiting="0.00" lane="top_0" pos="6.79" speed="47.00" angle="262.26" x="49.81" y="127.48"/>
        <vehicle id="cfm_slow_1" eclass="HBEFA3/PC_G_EU4" CO2="0.00" CO="0.00" HC="0.00" NOx="0.00" PMx="0.00" fuel="0.00" electricity="0.00" noise="81.03" route="routetop" type="cfm_slow" waiting="0.00" lane="top_0" pos="46.79" speed="47.00" angle="190.31" x="-1.31" y="70.26"/>
        <vehicle id="cfm_slow_2" eclass="HBEFA3/PC_G_EU4" CO2="0.00" CO="0.00" HC="0.00" NOx="0.00" PMx="0.00" fuel="0.00" electricity="0.00" noise="81.03" route="routetop" type="cfm_slow" waiting="0.00" lane="left_0" pos="36.79" speed="47.00" angle="118.28" x="37.32" y="3.91"/>
        <vehicle id="cfm_slow_3" eclass="HBEFA3/PC_G_EU4" CO2="0.00" CO="0.00" HC="0.00" NOx="0.00" PMx="0.00" fuel="0.00" electricity="0.00" noise="81.03" route="routebottom" type="cfm_slow" waiting="0.00" lane="bottom_0" pos="26.79" speed="47.00" angle="46.28" x="112.36" y="20.15"/>
        <vehicle id="cfm_slow_4" eclass="HBEFA3/PC_G_EU4" CO2="13867.12" CO="488.45" HC="2.61" NOx="5.43" PMx="0.45" fuel="5.96" electricity="0.00" noise="81.03" route="routebottom" type="cfm_slow" waiting="0.00" lane="right_0" pos="16.79" speed="47.00" angle="334.32" x="120.09" y="96.54"/>
    </timestep>
    <timestep time="25.40">
        <vehicle id="cfm_slow_0" eclass="HBEFA3/PC_G_EU4" CO2="13867.12" CO="488.45" HC="2.61" NOx="5.43" PMx="0.45" fuel="5.96" electricity="0.00" noise="81.03" route="routetop" type="cfm_slow" waiting="0.00" lane="top_0" pos="11.49" speed="47.00" angle="253.72" x="40.58" y="124.75"/>
        <vehicle id="cfm_slow_1" eclass="HBEFA3/PC_G_EU4" CO2="0.00" CO="0.00" HC="0.00" NOx="0.00" PMx="0.00" fuel="0.00" electricity="0.00" noise="81.03" route="routetop" type="cfm_slow" waiting="0.00" lane="left_0" pos="1.49" speed="47.00" angle="181.81" x="-1.57" y="60.57"/>
        <vehicle id="cfm_slow_2" eclass="HBEFA3/PC_G_EU4" CO2="0.00" CO="0.00" HC="0.00" NOx="0.00" PMx="0.00" fuel="0.00" electricity="0.00" noise="81.03" route="routetop" type="cfm_slow" waiting="0.00" lane="left_0" pos="41.49" speed="47.00" angle="109.80" x="46.40" y="0.69"/>
        <vehicle id="cfm_slow_3" eclass="HBEFA3/PC_G_EU4" CO2="0.00" CO="0.00" HC="0.00" NOx="0.00" PMx="0.00" fuel="0.00" electricity="0.00" noise="81.03" route="routebottom" type="cfm_slow" waiting="0.00" lane="bottom_0" pos="31.49" speed="47.00" angle="37.84" x="118.23" y="27.79"/>
        <vehicle id="cfm_slow_4" eclass="HBEFA3/PC_G_EU4" CO2="13867.12" CO="488.45" HC="2.61" NOx="5.43" PMx="0.45" fuel="5.96" electricity="0.00" noise="81.03" route="routebottom" type="cfm_slow" waiting="0.00" lane="right_0" pos="21.49" speed="47.00" angle="325.76" x="114.63" y="104.48"/>
    </timestep>
    <timestep time="25.50">
        <vehicle id="cfm_slow_0" eclass="HBEFA3/PC_G_EU4" CO2="13867.12" CO="488.45" HC="2.61" NOx="5.43" PMx="0.45" fuel="5.96" electricity="0.00" noise="81.03" route="routetop" type="cfm_slow" waiting="0.00" lane="top_0" pos="16.19" speed="47.00" angle="245.36" x="31.85" y="120.69"/>
        <vehicle id="cfm_slow_1" eclass="HBEFA3/PC_G_EU4" CO2="0.00" CO="0.00" HC="0.00" NOx="0.00" PMx="0.00" fuel="0.00" electricity="0.00" noise="81.03" route="routetop" type="cfm_slow" waiting="0.00" lane="left_0" pos="6.19" speed="47.00" angle="173.29" x="-0.41" y="51.02"/>
        <vehicle id="cfm_slow_2" eclass="HBEFA3/PC_G_EU4" CO2="0.00" CO="0.00" HC="0.00" NOx="0.00" PMx="0.00" fuel="0.00" electricity="0.00" noise="81.03" route="routetop" type="cfm_slow" waiting="0.00" lane="left_0" pos="46.19" speed="47.00" angle="101.44" x="55.84" y="-1.18"/>
        <vehicle id="cfm_slow_3" eclass="HBEFA3/PC_G_EU4" CO2="13867.12" CO="488.45" HC="2.61" NOx="5.43" PMx="0.45" fuel="5.96" electricity="0.00" noise="81.03" route="routebottom" type="cfm_slow" waiting="0.00" lane="bottom_0" pos="36.19" speed="47.00" angle="29.38" x="122.91" y="36.20"/>
        <vehicle id="cfm_slow_4" eclass="HBEFA3/PC_G_EU4" CO2="13867.12" CO="488.45" HC="2.61" NOx="5.43" PMx="0.45" fuel="5.96" electricity="0.00" noise="81.03" route="routebottom" type="cfm_slow" waiting="0.00" lane="right_0" pos="26.19" speed="47.00" angle="317.41" x="108.08" y="111.53"/>
    </timestep>
    <timestep time="25.60">
        <vehicle id="cfm_slow_0" eclass="HBEFA3/PC_G_EU4" CO2="13867.12" CO="488.45" HC="2.61" NOx="5.43" PMx="0.45" fuel="5.96" electricity="0.00" noise="81.03" route="routetop" type="cfm_slow" waiting="0.00" lane="top_0" pos="20.89" speed="47.00" angle="236.87" x="23.81" y="115.39"/>
        <vehicle id="cfm_slow_1" eclass="HBEFA3/PC_G_EU4" CO2="0.00" CO="0.00" HC="0.00" NOx="0.00" PMx="0.00" fuel="0.00" electricity="0.00" noise="81.03" route="routetop" type="cfm_slow" waiting="0.00" lane="left_0" pos="10.89" speed="47.00" angle="164.84" x="2.16" y="41.74"/>
        <vehicle id="cfm_slow_2" eclass="HBEFA3/PC_G_EU4" CO2="0.00" CO="0.00" HC="0.00" NOx="0.00" PMx="0.00" fuel="0.00" electricity="0.00" noise="81.03" route="routebottom" type="cfm_slow" waiting="0.00" lane="bottom_0" pos="0.89" speed="47.00" angle="92.86" x="65.52" y="-1.61"/>
        <vehicle id="cfm_slow_3" eclass="HBEFA3/PC_G_EU4" CO2="13867.12" CO="488.45" HC="2.61" NOx="5.43" PMx="0.45" fuel="5.96" electricity="0.00" noise="81.03" route="routebottom" type="cfm_slow" waiting="0.00" lane="bottom_0" pos="40.89" speed="47.00" angle="20.89" x="126.31" y="45.21"/>
        <vehicle id="cfm_slow_4" eclass="HBEFA3/PC_G_EU4" CO2="13867.12" CO="488.45" HC="2.61" NOx="5.43" PMx="0.45" fuel="5.96" electricity="0.00" noise="81.03" route="routebottom" type="cfm_slow" waiting="0.00" lane="right_0" pos="30.89" speed="47.00" angle="308.90" x="100.56" y="117.55"/>
    </timestep>
    <timestep time="25.70">
        <vehicle id="cfm_slow_0" eclass="HBEFA3/PC_G_EU4" CO2="13867.12" CO="488.45" HC="2.61" NOx="5.43" PMx="0.45" fuel="5.96" electricity="0.00" noise="81.03" route="routetop" type="cfm_slow" waiting="0.00" lane="top_0" pos="25.59" speed="47.00" angle="228.49" x="16.63" y="108.98"/>
        <vehicle id="cfm_slow_1" eclass="HBEFA3/PC_G_EU4" CO2="0.00" CO="0.00" HC="0.00" NOx="0.00" PMx="0.00" fuel="0.00" electricity="0.00" noise="81.03" route="routetop" type="cfm_slow" waiting="0.00" lane="left_0" pos="15.59" speed="47.00" angle="156.47" x="6.04" y="32.93"/>
        <vehicle id="cfm_slow_2" eclass="HBEFA3/PC_G_EU4" CO2="0.00" CO="0.00" HC="0.00" NOx="0.00" PMx="0.00" fuel="0.00" electricity="0.00" noise="81.03" route="routebottom" type="cfm_slow" waiting="0.00" lane="bottom_0" pos="5.59" speed="47.00" angle="84.43" x="75.10" y="-0.63"/>
        <vehicle id="cfm_slow_3" eclass="HBEFA3/PC_G_EU4" CO2="13867.12" CO="488.45" HC="2.61" NOx="5.43" PMx="0.45" fuel="5.96" electricity="0.00" noise="81.03" route="routebottom" type="cfm_slow" waiting="0.00" lane="bottom_0" pos="45.59" speed="47.00" angle="12.43" x="128.33" y="54.62"/>
        <vehicle id="cfm_slow_4" eclass="HBEFA3/PC_G_EU4" CO2="13867.12" CO="488.45" HC="2.61" NOx="5.43" PMx="0.45" fuel="5.96" electricity="0.00" noise="81.03" route="routebottom" type="cfm_slow" waiting="0.00" lane="right_0" pos="35.59" speed="47.00" angle="300.46" x="92.23" y="122.38"/>
    </timestep>
    <timestep time="25.80">
        <vehicle id="cfm_slow_0" eclass="HBEFA3/PC_G_EU4" CO2="13867.12" CO="488.45" HC="2.61" NOx="5.43" PMx="0.45" fuel="5.96" electricity="0.00" noise="81.03" route="routetop" type="cfm_slow" waiting="0.00" lane="top_0" pos="30.29" speed="47.00" angle="219.92" x="10.49" y="101.56"/>
        <vehicle id="cfm_slow_1" eclass="HBEFA3/PC_G_EU4" CO2="0.00" CO="0.00" HC="0.00" NOx="0.00" PMx="0.00" fuel="0.00" electricity="0.00" noise="81.03" route="routetop" type="cfm_slow" waiting="0.00" lane="left_0" pos="20.29" speed="47.00" angle="147.89" x="11.19" y="24.79"/>
        <vehicle id="cfm_slow_2" eclass="HBEFA3/PC_G_EU4" CO2="0.00" CO="0.00" HC="0.00" NOx="0.00" PMx="0.00" fuel="0.00" electricity="0.00" noise="81.03" route="routebottom" type="cfm_slow" waiting="0.00" lane="bottom_0" pos="10.29" speed="47.00" angle="75.97" x="84.43" y="1.74"/>
        <vehicle id="cfm_slow_3" eclass="HBEFA3/PC_G_EU4" CO2="13867.12" CO="488.45" HC="2.61" NOx="5.43" PMx="0.45" fuel="5.96" electricity="0.00" noise="81.03" route="routebottom" type="cfm_slow" waiting="0.00" lane="right_0" pos="0.29" speed="47.00" angle="3.96" x="128.96" y="64.29"/>
        <vehicle id="cfm_slow_4" eclass="HBEFA3/PC_G_EU4" CO2="13867.12" CO="488.45" HC="2.61" NOx="5.43" PMx="0.45" fuel="5.96" electricity="0.00" noise="81.03" route="routebottom" type="cfm_slow" waiting="0.00" lane="right_0" pos="40.29" speed="47.00" angle="292.02" x="83.29" y="125.95"/>
    </timestep>
    <timestep time="25.90">
        <vehicle id="cfm_slow_0" eclass="HBEFA3/PC_G_EU4" CO2="13867.12" CO="488.45" HC="2.61" NOx="5.43" PMx="0.45" fuel="5.96" electricity="0.00" noise="81.03" route="routetop" type="cfm_slow" waiting="0.00" lane="top_0" pos="34.99" speed="47.00" angle="211.59" x="5.49" y="93.33"/>
        <vehicle id="cfm_slow_1" eclass="HBEFA3/PC_G_EU4" CO2="0.00" CO="0.00" HC="0.00" NOx="0.00" PMx="0.00" fuel="0.00" electricity="0.00" noise="81.03" route="routetop" type="cfm_slow" waiting="0.00" lane="left_0" pos="24.99" speed="47.00" angle="139.53" x="17.48" y="17.50"/>
        <vehicle id="cfm_slow_2" eclass="HBEFA3/PC_G_EU4" CO2="0.00" CO="0.00" HC="0.00" NOx="0.00" PMx="0.00" fuel="0.00" electricity="0.00" noise="81.03" route="routebottom" type="cfm_slow" waiting="0.00" lane="bottom_0" pos="14.99" speed="47.00" angle="67.50" x="93.30" y="5.47"/>
        <vehicle id="cfm_slow_3" eclass="HBEFA3/PC_G_EU4" CO2="13867.12" CO="488.45" HC="2.61" NOx="5.43" PMx="0.45" fuel="5.96" electricity="0.00" noise="81.03" route="routebottom" type="cfm_slow" waiting="0.00" lane="right_0" pos="4.99" speed="47.00" angle="355.53" x="128.17" y="73.88"/>
        <vehicle id="cfm_slow_4" eclass="HBEFA3/PC_G_EU4" CO2="13867.12" CO="488.45" HC="2.61" NOx="5.43" PMx="0.45" fuel="5.96" electricity="0.00" noise="81.03" route="routebottom" type="cfm_slow" waiting="0.00" lane="right_0" pos="44.99" speed="47.00" angle="283.52" x="73.92" y="128.16"/>
    </timestep>
    <timestep time="26.00">
        <vehicle id="cfm_slow_0" eclass="HBEFA3/PC_G_EU4" CO2="13867.12" CO="488.45" HC="2.61" NOx="5.43" PMx="0.45" fuel="5.96" electricity="0.00" noise="81.03" route="routetop" type="cfm_slow" waiting="0.00" lane="top_0" pos="39.69" speed="47.00" angle="203.06" x="1.75" y="84.46"/>
        <vehicle id="cfm_slow_1" eclass="HBEFA3/PC_G_EU4" CO2="0.00" CO="0.00" HC="0.00" NOx="0.00" PMx="0.00" fuel="0.00" electricity="0.00" noise="81.03" route="routetop" type="cfm_slow" waiting="0.00" lane="left_0" pos="29.69" speed="47.00" angle="131.06" x="24.76" y="11.21"/>
        <vehicle id="cfm_slow_2" eclass="HBEFA3/PC_G_EU4" CO2="0.00" CO="0.00" HC="0.00" NOx="0.00" PMx="0.00" fuel="0.00" electricity="0.00" noise="81.03" route="routebottom" type="cfm_slow" waiting="0.00" lane="bottom_0" pos="19.69" speed="47.00" angle="58.99" x="101.53" y="10.47"/>
        <vehicle id="cfm_slow_3" eclass="HBEFA3/PC_G_EU4" CO2="13867.12" CO="488.45" HC="2.61" NOx="5.43" PMx="0.45" fuel="5.96" electricity="0.00" noise="81.03" route="routebottom" type="cfm_slow" waiting="0.00" lane="right_0" pos="9.69" speed="47.00" angle="347.06" x="125.96" y="83.26"/>
        <vehicle id="cfm_slow_4" eclass="HBEFA3/PC_G_EU4" CO2="13867.12" CO="488.45" HC="2.61" NOx="5.43" PMx="0.45" fuel="5.96" electricity="0.00" noise="81.03" route="routebottom" type="cfm_slow" waiting="0.00" lane="right_0" pos="49.69" speed="47.00" angle="275.03" x="64.32" y="128.96"/>
    </timestep>
    <timestep time="26.10">
        <vehicle id="cfm_slow_0" eclass="HBEFA3/PC_G_EU4" CO2="13867.12" CO="488.45" HC="2.61" NOx="5.43" PMx="0.45" fuel="5.96" electricity="0.00" noise="81.03" route="routetop" type="cfm_slow" waiting="0.00" lane="top_0" pos="44.39" speed="47.00" angle="194.61" x="-0.63" y="75.13"/>
        <vehicle id="cfm_slow_1" eclass="HBEFA3/PC_G_EU4" CO2="0.00" CO="0.00" HC="0.00" NOx="0.00" PMx="0.00" fuel="0.00" electricity="0.00" noise="81.03" route="routetop" type="cfm_slow" waiting="0.00" lane="left_0" pos="34.39" speed="47.00" angle="122.62" x="32.90" y="6.05"/>
        <vehicle id="cfm_slow_2" eclass="HBEFA3/PC_G_EU4" CO2="0.00" CO="0.00" HC="0.00" NOx="0.00" PMx="0.00" fuel="0.00" electricity="0.00" noise="81.03" route="routebottom" type="cfm_slow" waiting="0.00" lane="bottom_0" pos="24.39" speed="47.00" angle="50.68" x="108.95" y="16.60"/>
        <vehicle id="cfm_slow_3" eclass="HBEFA3/PC_G_EU4" CO2="13867.12" CO="488.45" HC="2.61" NOx="5.43" PMx="0.45" fuel="5.96" electricity="0.00" noise="81.03" route="routebottom" type="cfm_slow" waiting="0.00" lane="right_0" pos="14.39" speed="47.00" angle="338.57" x="122.40" y="92.20"/>
        <vehicle id="cfm_slow_4" eclass="HBEFA3/PC_G_EU4" CO2="13867.12" CO="488.45" HC="2.61" NOx="5.43" PMx="0.45" fuel="5.96" electricity="0.00" noise="81.03" route="routetop" type="cfm_slow" waiting="0.00" lane="top_0" pos="4.39" speed="47.00" angle="266.62" x="54.65" y="128.34"/>
    </timestep>
    <timestep time="26.20">
        <vehicle id="cfm_slow_0" eclass="HBEFA3/PC_G_EU4" CO2="0.00" CO="0.00" HC="0.00" NOx="0.00" PMx="0.00" fuel="0.00" electricity="0.00" noise="81.03" route="routetop" type="cfm_slow" waiting="0.00" lane="top_0" pos="49.09" speed="47.00" angle="186.17" x="-1.61" y="65.55"/>
        <vehicle id="cfm_slow_1" eclass="HBEFA3/PC_G_EU4" CO2="0.00" CO="0.00" HC="0.00" NOx="0.00" PMx="0.00" fuel="0.00" electricity="0.00" noise="81.03" route="routetop" type="cfm_slow" waiting="0.00" lane="left_0" pos="39.09" speed="47.00" angle="114.11" x="41.70" y="2.17"/>
        <vehicle id="cfm_slow_2" eclass="HBEFA3/PC_G_EU4" CO2="0.00" CO="0.00" HC="0.00" NOx="0.00" PMx="0.00" fuel="0.00" electricity="0.00" noise="81.03" route="routebottom" type="cfm_slow" waiting="0.00" lane="bottom_0" pos="29.09" speed="47.00" angle="42.08" x="115.37" y="23.79"/>
        <vehicle id="cfm_slow_3" eclass="HBEFA3/PC_G_EU4" CO2="13867.12" CO="488.45" HC="2.61" NOx="5.43" PMx="0.45" fuel="5.96" electricity="0.00" noise="81.03" route="routebottom" type="cfm_slow" waiting="0.00" lane="right_0" pos="19.09" speed="47.00" angle="330.08" x="117.56" y="100.53"/>
        <vehicle id="cfm_slow_4" eclass="HBEFA3/PC_G_EU4" CO2="13867.12" CO="488.45" HC="2.61" NOx="5.43" PMx="0.45" fuel="5.96" electricity="0.00" noise="81.03" route="routetop" type="cfm_slow" waiting="0.00" lane="top_0" pos="9.09" speed="47.00" angle="258.15" x="45.24" y="126.32"/>
    </timestep>
    <timestep time="26.30">
        <vehicle id="cfm_slow_0" eclass="HBEFA3/PC_G_EU4" CO2="0.00" CO="0.00" HC="0.00" NOx="0.00" PMx="0.00" fuel="0.00" electricity="0.00" noise="81.03" route="routetop" type="cfm_slow" waiting="0.00" lane="left_0" pos="3.79" speed="47.00" angle="177.70" x="-1.19" y="55.87"/>
        <vehicle id="cfm_slow_1" eclass="HBEFA3/PC_G_EU4" CO2="0.00" CO="0.00" HC="0.00" NOx="0.00" PMx="0.00" fuel="0.00" electricity="0.00" noise="81.03" route="routetop" type="cfm_slow" waiting="0.00" lane="left_0" pos="43.79" speed="47.00" angle="105.75" x="50.98" y="-0.40"/>
        <vehicle id="cfm_slow_2" eclass="HBEFA3/PC_G_EU4" CO2="0.00" CO="0.00" HC="0.00" NOx="0.00" PMx="0.00" fuel="0.00" electricity="0.00" noise="81.03" route="routebottom" type="cfm_slow" waiting="0.00" lane="bottom_0" pos="33.79" speed="47.00" angle="33.71" x="120.67" y="31.82"/>
        <vehicle id="cfm_slow_3" eclass="HBEFA3/PC_G_EU4" CO2="13867.12" CO="488.45" HC="2.61" NOx="5.43" PMx="0.45" fuel="5.96" electricity="0.00" noise="81.03" route="routebottom" type="cfm_slow" waiting="0.00" lane="right_0" pos="23.79" speed="47.00" angle="321.68" x="111.56" y="108.05"/>
        <vehicle id="cfm_slow_4" eclass="HBEFA3/PC_G_EU4" CO2="13867.12" CO="488.45" HC="2.61" NOx="5.43" PMx="0.45" fuel="5.96" electricity="0.00" noise="81.03" route="routetop" type="cfm_slow" waiting="0.00" lane="top_0" pos="13.79" speed="47.00" angle="249.63" x="36.23" y="122.93"/>
    </timestep>
    <timestep time="26.40">
        <vehicle id="cfm_slow_0" eclass="HBEFA3/PC_G_EU4" CO2="0.00" CO="0.00" HC="0.00" NOx="0.00" PMx="0.00" fuel="0.00" electricity="0.00" noise="81.03" route="routetop" type="cfm_slow" waiting="0.00" lane="left_0" pos="8.49" speed="47.00" angle="169.15" x="0.68" y="46.43"/>
        <vehicle id="cfm_slow_1" eclass="HBEFA3/PC_G_EU4" CO2="0.00" CO="0.00" HC="0.00" NOx="0.00" PMx="0.00" fuel="0.00" electricity="0.00" noise="81.03" route="routetop" type="cfm_slow" waiting="0.00" lane="left_0" pos="48.49" speed="47.00" angle="97.23" x="60.54" y="-1.57"/>
        <vehicle id="cfm_slow_2" eclass="HBEFA3/PC_G_EU4" CO2="0.00" CO="0.00" HC="0.00" NOx="0.00" PMx="0.00" fuel="0.00" electricity="0.00" noise="81.03" route="routebottom" type="cfm_slow" waiting="0.00" lane="bottom_0" pos="38.49" speed="47.00" angle="25.21" x="124.73" y="40.55"/>
        <vehicle id="cfm_slow_3" eclass="HBEFA3/PC_G_EU4" CO2="13867.12" CO="488.45" HC="2.61" NOx="5.43" PMx="0.45" fuel="5.96" electricity="0.00" noise="81.03" route="routebottom" type="cfm_slow" waiting="0.00" lane="right_0" pos="28.49" speed="47.00" angle="313.16" x="104.50" y="114.61"/>
        <vehicle id="cfm_slow_4" eclass="HBEFA3/PC_G_EU4" CO2="13867.12" CO="488.45" HC="2.61" NOx="5.43" PMx="0.45" fuel="5.96" electricity="0.00" noise="81.03" route="routetop" type="cfm_slow" waiting="0.00" lane="top_0" pos="18.49" speed="47.00" angle="241.22" x="27.82" y="118.25"/>
    </timestep>
    <timestep time="26.50">
        <vehicle id="cfm_slow_0" eclass="HBEFA3/PC_G_EU4" CO2="0.00" CO="0.00" HC="0.00" NOx="0.00" PMx="0.00" fuel="0.00" electricity="0.00" noise="81.03" route="routetop" type="cfm_slow" waiting="0.00" lane="left_0" pos="13.19" speed="47.00" angle="160.78" x="3.89" y="37.35"/>
        <vehicle id="cfm_slow_1" eclass="HBEFA3/PC_G_EU4" CO2="0.00" CO="0.00" HC="0.00" NOx="0.00" PMx="0.00" fuel="0.00" electricity="0.00" noise="81.03" route="routebottom" type="cfm_slow" waiting="0.00" lane="bottom_0" pos="3.19" speed="47.00" angle="88.76" x="70.22" y="-1.31"/>
        <vehicle id="cfm_slow_2" eclass="HBEFA3/PC_G_EU4" CO2="0.00" CO="0.00" HC="0.00" NOx="0.00" PMx="0.00" fuel="0.00" electricity="0.00" noise="81.03" route="routebottom" type="cfm_slow" waiting="0.00" lane="bottom_0" pos="43.19" speed="47.00" angle="16.82" x="127.47" y="49.78"/>
        <vehicle id="cfm_slow_3" eclass="HBEFA3/PC_G_EU4" CO2="13867.12" CO="488.45" HC="2.61" NOx="5.43" PMx="0.45" fuel="5.96" electricity="0.00" noise="81.03" route="routebottom" type="cfm_slow" waiting="0.00" lane="right_0" pos="33.19" speed="47.00" angle="304.77" x="96.57" y="120.07"/>
        <vehicle id="cfm_slow_4" eclass="HBEFA3/PC_G_EU4" CO2="13867.12" CO="488.45" HC="2.61" NOx="5.43" PMx="0.45" fuel="5.96" electricity="0.00" noise="81.03" route="routetop" type="cfm_slow" waiting="0.00" lane="top_0" pos="23.19" speed="47.00" angle="232.74" x="20.17" y="112.39"/>
    </timestep>
    <timestep time="26.60">
        <vehicle id="cfm_slow_0" eclass="HBEFA3/PC_G_EU4" CO2="0.00" CO="0.00" HC="0.00" NOx="0.00" PMx="0.00" fuel="0.00" electricity="0.00" noise="81.03" route="routetop" type="cfm_slow" waiting="0.00" lane="left_0" pos="17.89" speed="47.00" angle="152.29" x="8.40" y="28.85"/>
        <vehicle id="cfm_slow_1" eclass="HBEFA3/PC_G_EU4" CO2="0.00" CO="0.00" HC="0.00" NOx="0.00" PMx="0.00" fuel="0.00" electricity="0.00" noise="81.03" route="routebottom" type="cfm_slow" waiting="0.00" lane="bottom_0" pos="7.89" speed="47.00" angle="80.28" x="79.71" y="0.36"/>
        <vehicle id="cfm_slow_2" eclass="HBEFA3/PC_G_EU4" CO2="0.00" CO="0.00" HC="0.00" NOx="0.00" PMx="0.00" fuel="0.00" electricity="0.00" noise="81.03" route="routebottom" type="cfm_slow" waiting="0.00" lane="bottom_0" pos="47.89" speed="47.00" angle="8.35" x="128.82" y="59.31"/>
        <vehicle id="cfm_slow_3" eclass="HBEFA3/PC_G_EU4" CO2="13867.12" CO="488.45" HC="2.61" NOx="5.43" PMx="0.45" fuel="5.96" electricity="0.00" noise="81.03" route="routebottom" type="cfm_slow" waiting="0.00" lane="right_0" pos="37.89" speed="47.00" angle="296.27" x="87.92" y="124.28"/>
        <vehicle id="cfm_slow_4" eclass="HBEFA3/PC_G_EU4" CO2="13867.12" CO="488.45" HC="2.61" NOx="5.43" PMx="0.45" fuel="5.96" electricity="0.00" noise="81.03" route="routetop" type="cfm_slow" waiting="0.00" lane="top_0" pos="27.89" speed="47.00" angle="224.25" x="13.49" y="105.46"/>
    </timestep>
    <timestep time="26.70">
        <vehicle id="cfm_slow_0" eclass="HBEFA3/PC_G_EU4" CO2="0.00" CO="0.00" HC="0.00" NOx="0.00" PMx="0.00" fuel="0.00" electricity="0.00" noise="81.03" route="routetop" type="cfm_slow" waiting="0.00" lane="left_0" pos="22.59" speed="47.00" angle="143.80" x="14.13" y="21.11"/>
        <vehicle id="cfm_slow_1" eclass="HBEFA3/PC_G_EU4" CO2="0.00" CO="0.00" HC="0.00" NOx="0.00" PMx="0.00" fuel="0.00" electricity="0.00" noise="81.03" route="routebottom" type="cfm_slow" waiting="0.00" lane="bottom_0" pos="12.59" speed="47.00" angle="71.82" x="88.84" y="3.40"/>
        <vehicle id="cfm_slow_2" eclass="HBEFA3/PC_G_EU4" CO2="13867.12" CO="488.45" HC="2.61" NOx="5.43" PMx="0.45" fuel="5.96" electricity="0.00" noise="81.03" route="routebottom" type="cfm_slow" waiting="0.00" lane="right_0" pos="2.59" speed="47.00" angle="359.86" x="128.76" y="69.00"/>
        <vehicle id="cfm_slow_3" eclass="HBEFA3/PC_G_EU4" CO2="13867.12" CO="488.45" HC="2.61" NOx="5.43" PMx="0.45" fuel="5.96" electricity="0.00" noise="81.03" route="routebottom" type="cfm_slow" waiting="0.00" lane="right_0" pos="42.59" speed="47.00" angle="287.86" x="78.74" y="127.20"/>
        <vehicle id="cfm_slow_4" eclass="HBEFA3/PC_G_EU4" CO2="13867.12" CO="488.45" HC="2.61" NOx="5.43" PMx="0.45" fuel="5.96" electricity="0.00" noise="81.03" route="routetop" type="cfm_slow" waiting="0.00" lane="top_0" pos="32.59" speed="47.00" angle="215.86" x="7.89" y="97.63"/>
    </timestep>
    <timestep time="26.80">
        <vehicle id="cfm_slow_0" eclass="HBEFA3/PC_G_EU4" CO2="0.00" CO="0.00" HC="0.00" NOx="0.00" PMx="0.00" fuel="0.00" electricity="0.00" noise="81.03" route="routetop" type="cfm_slow" waiting="0.00" lane="left_0" pos="27.29" speed="47.00" angle="135.38" x="20.93" y="14.29"/>
        <vehicle id="cfm_slow_1" eclass="HBEFA3/PC_G_EU4" CO2="0.00" CO="0.00" HC="0.00" NOx="0.00" PMx="0.00" fuel="0.00" electricity="0.00" noise="81.03" route="routebottom" type="cfm_slow" waiting="0.00" lane="bottom_0" pos="17.29" speed="47.00" angle="63.37" x="97.42" y="7.77"/>
        <vehicle id="cfm_slow_2" eclass="HBEFA3/PC_G_EU4" CO2="13867.12" CO="488.45" HC="2.61" NOx="5.43" PMx="0.45" fuel="5.96" electricity="0.00" noise="81.03" route="routebottom" type="cfm_slow" waiting="0.00" lane="right_0" pos="7.29" speed="47.00" angle="351.30" x="127.25" y="78.51"/>
        <vehicle id="cfm_slow_3" eclass="HBEFA3/PC_G_EU4" CO2="13867.12" CO="488.45" HC="2.61" NOx="5.43" PMx="0.45" fuel="5.96" electricity="0.00" noise="81.03" route="routebottom" type="cfm_slow" waiting="0.00" lane="right_0" pos="47.29" speed="47.00" angle="279.42" x="69.24" y="128.74"/>
        <vehicle id="cfm_slow_4" eclass="HBEFA3/PC_G_EU4" CO2="13867.12" CO="488.45" HC="2.61" NOx="5.43" PMx="0.45" fuel="5.96" electricity="0.00" noise="81.03" route="routetop" type="cfm_slow" waiting="0.00" lane="top_0" pos="37.29" speed="47.00" angle="207.42" x="3.49" y="89.06"/>
    </timestep>
    <timestep time="26.90">
        <vehicle id="cfm_slow_0" eclass="HBEFA3/PC_G_EU4" CO2="0.00" CO="0.00" HC="0.00" NOx="0.00" PMx="0.00" fuel="0.00" electricity="0.00" noise="81.03" route="routetop" type="cfm_slow" waiting="0.00" lane="left_0" pos="31.99" speed="47.00" angle="126.95" x="28.64" y="8.53"/>
        <vehicle id="cfm_slow_1" eclass="HBEFA3/PC_G_EU4" CO2="0.00" CO="0.00" HC="0.00" NOx="0.00" PMx="0.00" fuel="0.00" electricity="0.00" noise="81.03" route="routebottom" type="cfm_slow" waiting="0.00" lane="bottom_0" pos="21.99" speed="47.00" angle="54.90" x="105.27" y="13.34"/>
        <vehicle id="cfm_slow_2" eclass="HBEFA3/PC_G_EU4" CO2="13867.12" CO="488.45" HC="2.61" NOx="5.43" PMx="0.45" fuel="5.96" electricity="0.00" noise="81.03" route="routebottom" type="cfm_slow" waiting="0.00" lane="right_0" pos="11.99" speed="47.00" angle="342.87" x="124.37" y="87.70"/>
        <vehicle id="cfm_slow_3" eclass="HBEFA3/PC_G_EU4" CO2="13867.12" CO="488.45" HC="2.61" NOx="5.43" PMx="0.45" fuel="5.96" electricity="0.00" noise="81.03" route="routetop" type="cfm_slow" waiting="0.00" lane="top_0" pos="1.99" speed="47.00" angle="270.90" x="59.55" y="128.83"/>
        <vehicle id="cfm_slow_4" eclass="HBEFA3/PC_G_EU4" CO2="13867.12" CO="488.45" HC="2.61" NOx="5.43" PMx="0.45" fuel="5.96" electricity="0.00" noise="81.03" route="routetop" type="cfm_slow" waiting="0.00" lane="top_0" pos="41.99" speed="47.00" angle="198.88" x="0.42" y="79.94"/>
    </timestep>
    <timestep time="27.00">
        <vehicle id="cfm_slow_0" eclass="HBEFA3/PC_G_EU4" CO2="0.00" CO="0.00" HC="0.00" NOx="0.00" PMx="0.00" fuel="0.00" electricity="0.00" noise="81.03" route="routetop" type="cfm_slow" waiting="0.00" lane="left_0" pos="36.69" speed="47.00" angle="118.47" x="37.13" y="3.99"/>
        <vehicle id="cfm_slow_1" eclass="HBEFA3/PC_G_EU4" CO2="0.00" CO="0.00" HC="0.00" NOx="0.00" PMx="0.00" fuel="0.00" electricity="0.00" noise="81.03" route="routebottom" type="cfm_slow" waiting="0.00" lane="bottom_0" pos="26.69" speed="47.00" angle="46.46" x="112.23" y="20.00"/>
        <vehicle id="cfm_slow_2" eclass="HBEFA3/PC_G_EU4" CO2="13867.12" CO="488.45" HC="2.61" NOx="5.43" PMx="0.45" fuel="5.96" electricity="0.00" noise="81.03" route="routebottom" type="cfm_slow" waiting="0.00" lane="right_0" pos="16.69" speed="47.00" angle="334.51" x="120.19" y="96.37"/>
        <vehicle id="cfm_slow_3" eclass="HBEFA3/PC_G_EU4" CO2="13867.12" CO="488.45" HC="2.61" NOx="5.43" PMx="0.45" fuel="5.96" electricity="0.00" noise="81.03" route="routetop" type="cfm_slow" waiting="0.00" lane="top_0" pos="6.69" speed="47.00" angle="262.45" x="50.01" y="127.52"/>
        <vehicle id="cfm_slow_4" eclass="HBEFA3/PC_G_EU4" CO2="13867.12" CO="488.45" HC="2.61" NOx="5.43" PMx="0.45" fuel="5.96" electricity="0.00" noise="81.03" route="routetop" type="cfm_slow" waiting="0.00" lane="top_0" pos="46.69" speed="47.00" angle="190.50" x="-1.29" y="70.46"/>
    </timestep>
    <timestep time="27.10">
        <vehicle id="cfm_slow_0" eclass="HBEFA3/PC_G_EU4" CO2="0.00" CO="0.00" HC="0.00" NOx="0.00" PMx="0.00" fuel="0.00" electricity="0.00" noise="81.03" route="routetop" type="cfm_slow" waiting="0.00" lane="left_0" pos="41.39" speed="47.00" angle="109.99" x="46.20" y="0.74"/>
        <vehicle id="cfm_slow_1" eclass="HBEFA3/PC_G_EU4" CO2="0.00" CO="0.00" HC="0.00" NOx="0.00" PMx="0.00" fuel="0.00" electricity="0.00" noise="81.03" route="routebottom" type="cfm_slow" waiting="0.00" lane="bottom_0" pos="31.39" speed="47.00" angle="38.02" x="118.11" y="27.62"/>
        <vehicle id="cfm_slow_2" eclass="HBEFA3/PC_G_EU4" CO2="13867.12" CO="488.45" HC="2.61" NOx="5.43" PMx="0.45" fuel="5.96" electricity="0.00" noise="81.03" route="routebottom" type="cfm_slow" waiting="0.00" lane="right_0" pos="21.39" speed="47.00" angle="325.94" x="114.75" y="104.32"/>
        <vehicle id="cfm_slow_3" eclass="HBEFA3/PC_G_EU4" CO2="13867.12" CO="488.45" HC="2.61" NOx="5.43" PMx="0.45" fuel="5.96" electricity="0.00" noise="81.03" route="routetop" type="cfm_slow" waiting="0.00" lane="top_0" pos="11.39" speed="47.00" angle="253.86" x="40.77" y="124.82"/>
        <vehicle id="cfm_slow_4" eclass="HBEFA3/PC_G_EU4" CO2="13867.12" CO="488.45" HC="2.61" NOx="5.43" PMx="0.45" fuel="5.96" electricity="0.00" noise="81.03" route="routetop" type="cfm_slow" waiting="0.00" lane="left_0" pos="1.39" speed="47.00" angle="181.99" x="-1.58" y="60.78"/>
    </timestep>
    <timestep time="27.20">
        <vehicle id="cfm_slow_0" eclass="HBEFA3/PC_G_EU4" CO2="0.00" CO="0.00" HC="0.00" NOx="0.00" PMx="0.00" fuel="0.00" electricity="0.00" noise="81.03" route="routetop" type="cfm_slow" waiting="0.00" lane="left_0" pos="46.09" speed="47.00" angle="101.59" x="55.64" y="-1.16"/>
        <vehicle id="cfm_slow_1" eclass="HBEFA3/PC_G_EU4" CO2="0.00" CO="0.00" HC="0.00" NOx="0.00" PMx="0.00" fuel="0.00" electricity="0.00" noise="81.03" route="routebottom" type="cfm_slow" waiting="0.00" lane="bottom_0" pos="36.09" speed="47.00" angle="29.57" x="122.83" y="36.01"/>
        <vehicle id="cfm_slow_2" eclass="HBEFA3/PC_G_EU4" CO2="13867.12" CO="488.45" HC="2.61" NOx="5.43" PMx="0.45" fuel="5.96" electricity="0.00" noise="81.03" route="routebottom" type="cfm_slow" waiting="0.00" lane="right_0" pos="26.09" speed="47.00" angle="317.60" x="108.23" y="111.39"/>
        <vehicle id="cfm_slow_3" eclass="HBEFA3/PC_G_EU4" CO2="13867.12" CO="488.45" HC="2.61" NOx="5.43" PMx="0.45" fuel="5.96" electricity="0.00" noise="81.03" route="routetop" type="cfm_slow" waiting="0.00" lane="top_0" pos="16.09" speed="47.00" angle="245.54" x="32.03" y="120.79"/>
        <vehicle id="cfm_slow_4" eclass="HBEFA3/PC_G_EU4" CO2="13867.12" CO="488.45" HC="2.61" NOx="5.43" PMx="0.45" fuel="5.96" electricity="0.00" noise="81.03" route="routetop" type="cfm_slow" waiting="0.00" lane="left_0" pos="6.09" speed="47.00" angle="173.48" x="-0.44" y="51.22"/>
    </timestep>
    <timestep time="27.30">
        <vehicle id="cfm_slow_0" eclass="HBEFA3/PC_G_EU4" CO2="0.00" CO="0.00" HC="0.00" NOx="0.00" PMx="0.00" fuel="0.00" electricity="0.00" noise="81.03" route="routebottom" type="cfm_slow" waiting="0.00" lane="bottom_0" pos="0.79" speed="47.00" angle="93.05" x="65.31" y="-1.62"/>
        <vehicle id="cfm_slow_1" eclass="HBEFA3/PC_G_EU4" CO2="0.00" CO="0.00" HC="0.00" NOx="0.00" PMx="0.00" fuel="0.00" electricity="0.00" noise="81.03" route="routebottom" type="cfm_slow" waiting="0.00" lane="bottom_0" pos="40.79" speed="47.00" angle="21.08" x="126.25" y="45.01"/>
        <vehicle id="cfm_slow_2" eclass="HBEFA3/PC_G_EU4" CO2="13867.12" CO="488.45" HC="2.61" NOx="5.43" PMx="0.45" fuel="5.96" electricity="0.00" noise="81.03" route="routebottom" type="cfm_slow" waiting="0.00" lane="right_0" pos="30.79" speed="47.00" angle="309.08" x="100.73" y="117.43"/>
        <vehicle id="cfm_slow_3" eclass="HBEFA3/PC_G_EU4" CO2="13867.12" CO="488.45" HC="2.61" NOx="5.43" PMx="0.45" fuel="5.96" electricity="0.00" noise="81.03" route="routetop" type="cfm_slow" waiting="0.00" lane="top_0" pos="20.79" speed="47.00" angle="237.05" x="23.97" y="115.51"/>
        <vehicle id="cfm_slow_4" eclass="HBEFA3/PC_G_EU4" CO2="13867.12" CO="488.45" HC="2.61" NOx="5.43" PMx="0.45" fuel="5.96" electricity="0.00" noise="81.03" route="routetop" type="cfm_slow" waiting="0.00" lane="left_0" pos="10.79" speed="47.00" angle="165.03" x="2.09" y="41.93"/>
    </timestep>
    <timestep time="27.40">
        <vehicle id="cfm_slow_0" eclass="HBEFA3/PC_G_EU4" CO2="0.00" CO="0.00" HC="0.00" NOx="0.00" PMx="0.00" fuel="0.00" electricity="0.00" noise="81.03" route="routebottom" type="cfm_slow" waiting="0.00" lane="bottom_0" pos="5.49" speed="47.00" angle="84.62" x="74.89" y="-0.67"/>
        <vehicle id="cfm_slow_1" eclass="HBEFA3/PC_G_EU4" CO2="0.00" CO="0.00" HC="0.00" NOx="0.00" PMx="0.00" fuel="0.00" electricity="0.00" noise="81.03" route="routebottom" type="cfm_slow" waiting="0.00" lane="bottom_0" pos="45.49" speed="47.00" angle="12.61" x="128.30" y="54.42"/>
        <vehicle id="cfm_slow_2" eclass="HBEFA3/PC_G_EU4" CO2="13867.12" CO="488.45" HC="2.61" NOx="5.43" PMx="0.45" fuel="5.96" electricity="0.00" noise="81.03" route="routebottom" type="cfm_slow" waiting="0.00" lane="right_0" pos="35.49" speed="47.00" angle="300.64" x="92.42" y="122.29"/>
        <vehicle id="cfm_slow_3" eclass="HBEFA3/PC_G_EU4" CO2="13867.12" CO="488.45" HC="2.61" NOx="5.43" PMx="0.45" fuel="5.96" electricity="0.00" noise="81.03" route="routetop" type="cfm_slow" waiting="0.00" lane="top_0" pos="25.49" speed="47.00" angle="228.63" x="16.77" y="109.12"/>
        <vehicle id="cfm_slow_4" eclass="HBEFA3/PC_G_EU4" CO2="0.00" CO="0.00" HC="0.00" NOx="0.00" PMx="0.00" fuel="0.00" electricity="0.00" noise="81.03" route="routetop" type="cfm_slow" waiting="0.00" lane="left_0" pos="15.49" speed="47.00" angle="156.66" x="5.94" y="33.10"/>
    </timestep>
    <timestep time="27.50">
        <vehicle id="cfm_slow_0" eclass="HBEFA3/PC_G_EU4" CO2="0.00" CO="0.00" HC="0.00" NOx="0.00" PMx="0.00" fuel="0.00" electricity="0.00" noise="81.03" route="routebottom" type="cfm_slow" waiting="0.00" lane="bottom_0" pos="10.19" speed="47.00" angle="76.13" x="84.23" y="1.67"/>
        <vehicle id="cfm_slow_1" eclass="HBEFA3/PC_G_EU4" CO2="0.00" CO="0.00" HC="0.00" NOx="0.00" PMx="0.00" fuel="0.00" electricity="0.00" noise="81.03" route="routebottom" type="cfm_slow" waiting="0.00" lane="right_0" pos="0.19" speed="47.00" angle="4.14" x="128.96" y="64.08"/>
        <vehicle id="cfm_slow_2" eclass="HBEFA3/PC_G_EU4" CO2="13867.12" CO="488.45" HC="2.61" NOx="5.43" PMx="0.45" fuel="5.96" electricity="0.00" noise="81.03" route="routebottom" type="cfm_slow" waiting="0.00" lane="right_0" pos="40.19" speed="47.00" angle="292.21" x="83.48" y="125.89"/>
        <vehicle id="cfm_slow_3" eclass="HBEFA3/PC_G_EU4" CO2="13867.12" CO="488.45" HC="2.61" NOx="5.43" PMx="0.45" fuel="5.96" electricity="0.00" noise="81.03" route="routetop" type="cfm_slow" waiting="0.00" lane="top_0" pos="30.19" speed="47.00" angle="220.11" x="10.61" y="101.72"/>
        <vehicle id="cfm_slow_4" eclass="HBEFA3/PC_G_EU4" CO2="0.00" CO="0.00" HC="0.00" NOx="0.00" PMx="0.00" fuel="0.00" electricity="0.00" noise="81.03" route="routetop" type="cfm_slow" waiting="0.00" lane="left_0" pos="20.19" speed="47.00" angle="148.07" x="11.07" y="24.96"/>
    </timestep>
    <timestep time="27.60">
        <vehicle id="cfm_slow_0" eclass="HBEFA3/PC_G_EU4" CO2="0.00" CO="0.00" HC="0.00" NOx="0.00" PMx="0.00" fuel="0.00" electricity="0.00" noise="81.03" route="routebottom" type="cfm_slow" waiting="0.00" lane="bottom_0" pos="14.89" speed="47.00" angle="67.69" x="93.12" y="5.38"/>
        <vehicle id="cfm_slow_1" eclass="HBEFA3/PC_G_EU4" CO2="0.00" CO="0.00" HC="0.00" NOx="0.00" PMx="0.00" fuel="0.00" electricity="0.00" noise="81.03" route="routebottom" type="cfm_slow" waiting="0.00" lane="right_0" pos="4.89" speed="47.00" angle="355.71" x="128.20" y="73.68"/>
        <vehicle id="cfm_slow_2" eclass="HBEFA3/PC_G_EU4" CO2="13867.12" CO="488.45" HC="2.61" NOx="5.43" PMx="0.45" fuel="5.96" electricity="0.00" noise="81.03" route="routebottom" type="cfm_slow" waiting="0.00" lane="right_0" pos="44.89" speed="47.00" angle="283.70" x="74.12" y="128.13"/>
        <vehicle id="cfm_slow_3" eclass="HBEFA3/PC_G_EU4" CO2="13867.12" CO="488.45" HC="2.61" NOx="5.43" PMx="0.45" fuel="5.96" electricity="0.00" noise="81.03" route="routetop" type="cfm_slow" waiting="0.00" lane="top_0" pos="34.89" speed="47.00" angle="211.77" x="5.58" y="93.52"/>
        <vehicle id="cfm_slow_4" eclass="HBEFA3/PC_G_EU4" CO2="0.00" CO="0.00" HC="0.00" NOx="0.00" PMx="0.00" fuel="0.00" electricity="0.00" noise="81.03" route="routetop" type="cfm_slow" waiting="0.00" lane="left_0" pos="24.89" speed="47.00" angle="139.71" x="17.33" y="17.65"/>
    </timestep>
    <timestep time="27.70">
        <vehicle id="cfm_slow_0" eclass="HBEFA3/PC_G_EU4" CO2="0.00" CO="0.00" HC="0.00" NOx="0.00" PMx="0.00" fuel="0.00" electricity="0.00" noise="81.03" route="routebottom" type="cfm_slow" waiting="0.00" lane="bottom_0" pos="19.59" speed="47.00" angle="59.17" x="101.36" y="10.35"/>
        <vehicle id="cfm_slow_1" eclass="HBEFA3/PC_G_EU4" CO2="0.00" CO="0.00" HC="0.00" NOx="0.00" PMx="0.00" fuel="0.00" electricity="0.00" noise="81.03" route="routebottom" type="cfm_slow" waiting="0.00" lane="right_0" pos="9.59" speed="47.00" angle="347.24" x="126.02" y="83.06"/>
        <vehicle id="cfm_slow_2" eclass="HBEFA3/PC_G_EU4" CO2="13867.12" CO="488.45" HC="2.61" NOx="5.43" PMx="0.45" fuel="5.96" electricity="0.00" noise="81.03" route="routebottom" type="cfm_slow" waiting="0.00" lane="right_0" pos="49.59" speed="47.00" angle="275.21" x="64.53" y="128.95"/>
        <vehicle id="cfm_slow_3" eclass="HBEFA3/PC_G_EU4" CO2="13867.12" CO="488.45" HC="2.61" NOx="5.43" PMx="0.45" fuel="5.96" electricity="0.00" noise="81.03" route="routetop" type="cfm_slow" waiting="0.00" lane="top_0" pos="39.59" speed="47.00" angle="203.21" x="1.82" y="84.65"/>
        <vehicle id="cfm_slow_4" eclass="HBEFA3/PC_G_EU4" CO2="0.00" CO="0.00" HC="0.00" NOx="0.00" PMx="0.00" fuel="0.00" electricity="0.00" noise="81.03" route="routetop" type="cfm_slow" waiting="0.00" lane="left_0" pos="29.59" speed="47.00" angle="131.25" x="24.60" y="11.33"/>
    </timestep>
    <timestep time="27.80">
        <vehicle id="cfm_slow_0" eclass="HBEFA3/PC_G_EU4" CO2="0.00" CO="0.00" HC="0.00" NOx="0.00" PMx="0.00" fuel="0.00" electricity="0.00" noise="81.03" route="routebottom" type="cfm_slow" waiting="0.00" lane="bottom_0" pos="24.29" speed="47.00" angle="50.84" x="108.80" y="16.46"/>
        <vehicle id="cfm_slow_1" eclass="HBEFA3/PC_G_EU4" CO2="0.00" CO="0.00" HC="0.00" NOx="0.00" PMx="0.00" fuel="0.00" electricity="0.00" noise="81.03" route="routebottom" type="cfm_slow" waiting="0.00" lane="right_0" pos="14.29" speed="47.00" angle="338.76" x="122.49" y="92.02"/>
        <vehicle id="cfm_slow_2" eclass="HBEFA3/PC_G_EU4" CO2="13867.12" CO="488.45" HC="2.61" NOx="5.43" PMx="0.45" fuel="5.96" electricity="0.00" noise="81.03" route="routetop" type="cfm_slow" waiting="0.00" lane="top_0" pos="4.29" speed="47.00" angle="266.80" x="54.86" y="128.37"/>
        <vehicle id="cfm_slow_3" eclass="HBEFA3/PC_G_EU4" CO2="13867.12" CO="488.45" HC="2.61" NOx="5.43" PMx="0.45" fuel="5.96" electricity="0.00" noise="81.03" route="routetop" type="cfm_slow" waiting="0.00" lane="top_0" pos="44.29" speed="47.00" angle="194.80" x="-0.59" y="75.33"/>
        <vehicle id="cfm_slow_4" eclass="HBEFA3/PC_G_EU4" CO2="0.00" CO="0.00" HC="0.00" NOx="0.00" PMx="0.00" fuel="0.00" electricity="0.00" noise="81.03" route="routetop" type="cfm_slow" waiting="0.00" lane="left_0" pos="34.29" speed="47.00" angle="122.80" x="32.72" y="6.15"/>
    </timestep>
    <timestep time="27.90">
        <vehicle id="cfm_slow_0" eclass="HBEFA3/PC_G_EU4" CO2="0.00" CO="0.00" HC="0.00" NOx="0.00" PMx="0.00" fuel="0.00" electricity="0.00" noise="81.03" route="routebottom" type="cfm_slow" waiting="0.00" lane="bottom_0" pos="28.99" speed="47.00" angle="42.26" x="115.24" y="23.62"/>
        <vehicle id="cfm_slow_1" eclass="HBEFA3/PC_G_EU4" CO2="0.00" CO="0.00" HC="0.00" NOx="0.00" PMx="0.00" fuel="0.00" electricity="0.00" noise="81.03" route="routebottom" type="cfm_slow" waiting="0.00" lane="right_0" pos="18.99" speed="47.00" angle="330.26" x="117.68" y="100.36"/>
        <vehicle id="cfm_slow_2" eclass="HBEFA3/PC_G_EU4" CO2="13867.12" CO="488.45" HC="2.61" NOx="5.43" PMx="0.45" fuel="5.96" electricity="0.00" noise="81.03" route="routetop" type="cfm_slow" waiting="0.00" lane="top_0" pos="8.99" speed="47.00" angle="258.34" x="45.44" y="126.38"/>
        <vehicle id="cfm_slow_3" eclass="HBEFA3/PC_G_EU4" CO2="13867.12" CO="488.45" HC="2.61" NOx="5.43" PMx="0.45" fuel="5.96" electricity="0.00" noise="81.03" route="routetop" type="cfm_slow" waiting="0.00" lane="top_0" pos="48.99" speed="47.00" angle="186.36" x="-1.61" y="65.76"/>
        <vehicle id="cfm_slow_4" eclass="HBEFA3/PC_G_EU4" CO2="0.00" CO="0.00" HC="0.00" NOx="0.00" PMx="0.00" fuel="0.00" electricity="0.00" noise="81.03" route="routetop" type="cfm_slow" waiting="0.00" lane="left_0" pos="38.99" speed="47.00" angle="114.29" x="41.51" y="2.24"/>
    </timestep>
    <timestep time="28.00">
        <vehicle id="cfm_slow_0" eclass="HBEFA3/PC_G_EU4" CO2="0.00" CO="0.00" HC="0.00" NOx="0.00" PMx="0.00" fuel="0.00" electricity="0.00" noise="81.03" route="routebottom" type="cfm_slow" waiting="0.00" lane="bottom_0" pos="33.69" speed="47.00" angle="33.89" x="120.57" y="31.64"/>
        <vehicle id="cfm_slow_1" eclass="HBEFA3/PC_G_EU4" CO2="13867.12" CO="488.45" HC="2.61" NOx="5.43" PMx="0.45" fuel="5.96" electricity="0.00" noise="81.03" route="routebottom" type="cfm_slow" waiting="0.00" lane="right_0" pos="23.69" speed="47.00" angle="321.87" x="111.69" y="107.90"/>
        <vehicle id="cfm_slow_2" eclass="HBEFA3/PC_G_EU4" CO2="13867.12" CO="488.45" HC="2.61" NOx="5.43" PMx="0.45" fuel="5.96" electricity="0.00" noise="81.03" route="routetop" type="cfm_slow" waiting="0.00" lane="top_0" pos="13.69" speed="47.00" angle="249.82" x="36.42" y="123.01"/>
        <vehicle id="cfm_slow_3" eclass="HBEFA3/PC_G_EU4" CO2="13867.12" CO="488.45" HC="2.61" NOx="5.43" PMx="0.45" fuel="5.96" electricity="0.00" noise="81.03" route="routetop" type="cfm_slow" waiting="0.00" lane="left_0" pos="3.69" speed="47.00" angle="177.85" x="-1.21" y="56.08"/>
        <vehicle id="cfm_slow_4" eclass="HBEFA3/PC_G_EU4" CO2="0.00" CO="0.00" HC="0.00" NOx="0.00" PMx="0.00" fuel="0.00" electricity="0.00" noise="81.03" route="routetop" type="cfm_slow" waiting="0.00" lane="left_0" pos="43.69" speed="47.00" angle="105.93" x="50.78" y="-0.36"/>
    </timestep>
    <timestep time="28.10">
        <vehicle id="cfm_slow_0" eclass="HBEFA3/PC_G_EU4" CO2="0.00" CO="0.00" HC="0.00" NOx="0.00" PMx="0.00" fuel="0.00" electricity="0.00" noise="81.03" route="routebottom" type="cfm_slow" waiting="0.00" lane="bottom_0" pos="38.39" speed="47.00" angle="25.37" x="124.66" y="40.36"/>
        <vehicle id="cfm_slow_1" eclass="HBEFA3/PC_G_EU4" CO2="13867.12" CO="488.45" HC="2.61" NOx="5.43" PMx="0.45" fuel="5.96" electricity="0.00" noise="81.03" route="routebottom" type="cfm_slow" waiting="0.00" lane="right_0" pos="28.39" speed="47.00" angle="313.34" x="104.66" y="114.48"/>
        <vehicle id="cfm_slow_2" eclass="HBEFA3/PC_G_EU4" CO2="13867.12" CO="488.45" HC="2.61" NOx="5.43" PMx="0.45" fuel="5.96" electricity="0.00" noise="81.03" route="routetop" type="cfm_slow" waiting="0.00" lane="top_0" pos="18.39" speed="47.00" angle="241.41" x="27.99" y="118.36"/>
        <vehicle id="cfm_slow_3" eclass="HBEFA3/PC_G_EU4" CO2="13867.12" CO="488.45" HC="2.61" NOx="5.43" PMx="0.45" fuel="5.96" electricity="0.00" noise="81.03" route="routetop" type="cfm_slow" waiting="0.00" lane="left_0" pos="8.39" speed="47.00" angle="169.33" x="0.63" y="46.63"/>
        <vehicle id="cfm_slow_4" eclass="HBEFA3/PC_G_EU4" CO2="0.00" CO="0.00" HC="0.00" NOx="0.00" PMx="0.00" fuel="0.00" electricity="0.00" noise="81.03" route="routetop" type="cfm_slow" waiting="0.00" lane="left_0" pos="48.39" speed="47.00" angle="97.42" x="60.33" y="-1.56"/>
    </timestep>
    <timestep time="28.20">
        <vehicle id="cfm_slow_0" eclass="HBEFA3/PC_G_EU4" CO2="0.00" CO="0.00" HC="0.00" NOx="0.00" PMx="0.00" fuel="0.00" electricity="0.00" noise="81.03" route="routebottom" type="cfm_slow" waiting="0.00" lane="bottom_0" pos="43.09" speed="47.00" angle="17.00" x="127.43" y="49.58"/>
        <vehicle id="cfm_slow_1" eclass="HBEFA3/PC_G_EU4" CO2="13867.12" CO="488.45" HC="2.61" NOx="5.43" PMx="0.45" fuel="5.96" electricity="0.00" noise="81.03" route="routebottom" type="cfm_slow" waiting="0.00" lane="right_0" pos="33.09" speed="47.00" angle="304.95" x="96.75" y="119.96"/>
        <vehicle id="cfm_slow_2" eclass="HBEFA3/PC_G_EU4" CO2="13867.12" CO="488.45" HC="2.61" NOx="5.43" PMx="0.45" fuel="5.96" electricity="0.00" noise="81.03" route="routetop" type="cfm_slow" waiting="0.00" lane="top_0" pos="23.09" speed="47.00" angle="232.93" x="20.32" y="112.53"/>
        <vehicle id="cfm_slow_3" eclass="HBEFA3/PC_G_EU4" CO2="13867.12" CO="488.45" HC="2.61" NOx="5.43" PMx="0.45" fuel="5.96" electricity="0.00" noise="81.03" route="routetop" type="cfm_slow" waiting="0.00" lane="left_0" pos="13.09" speed="47.00" angle="160.96" x="3.81" y="37.54"/>
        <vehicle id="cfm_slow_4" eclass="HBEFA3/PC_G_EU4" CO2="0.00" CO="0.00" HC="0.00" NOx="0.00" PMx="0.00" fuel="0.00" electricity="0.00" noise="81.03" route="routebottom" type="cfm_slow" waiting="0.00" lane="bottom_0" pos="3.09" speed="47.00" angle="88.94" x="70.02" y="-1.33"/>
    </timestep>
    <timestep time="28.30">
        <vehicle id="cfm_slow_0" eclass="HBEFA3/PC_G_EU4" CO2="0.00" CO="0.00" HC="0.00" NOx="0.00" PMx="0.00" fuel="0.00" electricity="0.00" noise="81.03" route="routebottom" type="cfm_slow" waiting="0.00" lane="bottom_0" pos="47.79" speed="47.00" angle="8.55" x="128.81" y="59.11"/>
        <vehicle id="cfm_slow_1" eclass="HBEFA3/PC_G_EU4" CO2="13867.12" CO="488.45" HC="2.61" NOx="5.43" PMx="0.45" fuel="5.96" electricity="0.00" noise="81.03" route="routebottom" type="cfm_slow" waiting="0.00" lane="right_0" pos="37.79" speed="47.00" angle="296.45" x="88.11" y="124.21"/>
        <vehicle id="cfm_slow_2" eclass="HBEFA3/PC_G_EU4" CO2="13867.12" CO="488.45" HC="2.61" NOx="5.43" PMx="0.45" fuel="5.96" electricity="0.00" noise="81.03" route="routetop" type="cfm_slow" waiting="0.00" lane="top_0" pos="27.79" speed="47.00" angle="224.44" x="13.62" y="105.61"/>
        <vehicle id="cfm_slow_3" eclass="HBEFA3/PC_G_EU4" CO2="13867.12" CO="488.45" HC="2.61" NOx="5.43" PMx="0.45" fuel="5.96" electricity="0.00" noise="81.03" route="routetop" type="cfm_slow" waiting="0.00" lane="left_0" pos="17.79" speed="47.00" angle="152.44" x="8.30" y="29.02"/>
        <vehicle id="cfm_slow_4" eclass="HBEFA3/PC_G_EU4" CO2="0.00" CO="0.00" HC="0.00" NOx="0.00" PMx="0.00" fuel="0.00" electricity="0.00" noise="81.03" route="routebottom" type="cfm_slow" waiting="0.00" lane="bottom_0" pos="7.79" speed="47.00" angle="80.47" x="79.51" y="0.31"/>
    </timestep>
    <timestep time="28.40">
        <vehicle id="cfm_slow_0" eclass="HBEFA3/PC_G_EU4" CO2="0.00" CO="0.00" HC="0.00" NOx="0.00" PMx="0.00" fuel="0.00" electricity="0.00" noise="81.03" route="routebottom" type="cfm_slow" waiting="0.00" lane="right_0" pos="2.49" speed="47.00" angle="0.01" x="128.78" y="68.80"/>
        <vehicle id="cfm_slow_1" eclass="HBEFA3/PC_G_EU4" CO2="13867.12" CO="488.45" HC="2.61" NOx="5.43" PMx="0.45" fuel="5.96" electricity="0.00" noise="81.03" route="routebottom" type="cfm_slow" waiting="0.00" lane="right_0" pos="42.49" speed="47.00" angle="288.04" x="78.94" y="127.15"/>
        <vehicle id="cfm_slow_2" eclass="HBEFA3/PC_G_EU4" CO2="13867.12" CO="488.45" HC="2.61" NOx="5.43" PMx="0.45" fuel="5.96" electricity="0.00" noise="81.03" route="routetop" type="cfm_slow" waiting="0.00" lane="top_0" pos="32.49" speed="47.00" angle="216.04" x="8.00" y="97.80"/>
        <vehicle id="cfm_slow_3" eclass="HBEFA3/PC_G_EU4" CO2="13867.12" CO="488.45" HC="2.61" NOx="5.43" PMx="0.45" fuel="5.96" electricity="0.00" noise="81.03" route="routetop" type="cfm_slow" waiting="0.00" lane="left_0" pos="22.49" speed="47.00" angle="143.98" x="14.00" y="21.27"/>
        <vehicle id="cfm_slow_4" eclass="HBEFA3/PC_G_EU4" CO2="0.00" CO="0.00" HC="0.00" NOx="0.00" PMx="0.00" fuel="0.00" electricity="0.00" noise="81.03" route="routebottom" type="cfm_slow" waiting="0.00" lane="bottom_0" pos="12.49" speed="47.00" angle="72.00" x="88.65" y="3.33"/>
    </timestep>
    <timestep time="28.50">
        <vehicle id="cfm_slow_0" eclass="HBEFA3/PC_G_EU4" CO2="0.00" CO="0.00" HC="0.00" NOx="0.00" PMx="0.00" fuel="0.00" electricity="0.00" noise="81.03" route="routebottom" type="cfm_slow" waiting="0.00" lane="right_0" pos="7.19" speed="47.00" angle="351.49" x="127.30" y="78.31"/>
        <vehicle id="cfm_slow_1" eclass="HBEFA3/PC_G_EU4" CO2="13867.12" CO="488.45" HC="2.61" NOx="5.43" PMx="0.45" fuel="5.96" electricity="0.00" noise="81.03" route="routebottom" type="cfm_slow" waiting="0.00" lane="right_0" pos="47.19" speed="47.00" angle="279.60" x="69.44" y="128.72"/>
        <vehicle id="cfm_slow_2" eclass="HBEFA3/PC_G_EU4" CO2="13867.12" CO="488.45" HC="2.61" NOx="5.43" PMx="0.45" fuel="5.96" electricity="0.00" noise="81.03" route="routetop" type="cfm_slow" waiting="0.00" lane="top_0" pos="37.19" speed="47.00" angle="207.61" x="3.57" y="89.25"/>
        <vehicle id="cfm_slow_3" eclass="HBEFA3/PC_G_EU4" CO2="13867.12" CO="488.45" HC="2.61" NOx="5.43" PMx="0.45" fuel="5.96" electricity="0.00" noise="81.03" route="routetop" type="cfm_slow" waiting="0.00" lane="left_0" pos="27.19" speed="47.00" angle="135.57" x="20.77" y="14.42"/>
        <vehicle id="cfm_slow_4" eclass="HBEFA3/PC_G_EU4" CO2="0.00" CO="0.00" HC="0.00" NOx="0.00" PMx="0.00" fuel="0.00" electricity="0.00" noise="81.03" route="routebottom" type="cfm_slow" waiting="0.00" lane="bottom_0" pos="17.19" speed="47.00" angle="63.56" x="97.25" y="7.66"/>
    </timestep>
    <timestep time="28.60">
        <vehicle id="cfm_slow_0" eclass="HBEFA3/PC_G_EU4" CO2="0.00" CO="0.00" HC="0.00" NOx="0.00" PMx="0.00" fuel="0.00" electricity="0.00" noise="81.03" route="routebottom" type="cfm_slow" waiting="0.00" lane="right_0" pos="11.89" speed="47.00" angle="343.05" x="124.45" y="87.51"/>
        <vehicle id="cfm_slow_1" eclass="HBEFA3/PC_G_EU4" CO2="13867.12" CO="488.45" HC="2.61" NOx="5.43" PMx="0.45" fuel="5.96" electricity="0.00" noise="81.03" route="routetop" type="cfm_slow" waiting="0.00" lane="top_0" pos="1.89" speed="47.00" angle="271.08" x="59.75" y="128.85"/>
        <vehicle id="cfm_slow_2" eclass="HBEFA3/PC_G_EU4" CO2="13867.12" CO="488.45" HC="2.61" NOx="5.43" PMx="0.45" fuel="5.96" electricity="0.00" noise="81.03" route="routetop" type="cfm_slow" waiting="0.00" lane="top_0" pos="41.89" speed="47.00" angle="199.06" x="0.47" y="80.13"/>
        <vehicle id="cfm_slow_3" eclass="HBEFA3/PC_G_EU4" CO2="0.00" CO="0.00" HC="0.00" NOx="0.00" PMx="0.00" fuel="0.00" electricity="0.00" noise="81.03" route="routetop" type="cfm_slow" waiting="0.00" lane="left_0" pos="31.89" speed="47.00" angle="127.10" x="28.47" y="8.64"/>
        <vehicle id="cfm_slow_4" eclass="HBEFA3/PC_G_EU4" CO2="0.00" CO="0.00" HC="0.00" NOx="0.00" PMx="0.00" fuel="0.00" electricity="0.00" noise="81.03" route="routebottom" type="cfm_slow" waiting="0.00" lane="bottom_0" pos="21.89" speed="47.00" angle="55.08" x="105.12" y="13.20"/>
    </timestep>
    <timestep time="28.70">
        <vehicle id="cfm_slow_0" eclass="HBEFA3/PC_G_EU4" CO2="0.00" CO="0.00" HC="0.00" NOx="0.00" PMx="0.00" fuel="0.00" electricity="0.00" noise="81.03" route="routebottom" type="cfm_slow" waiting="0.00" lane="right_0" pos="16.59" speed="47.00" angle="334.66" x="120.29" y="96.19"/>
        <vehicle id="cfm_slow_1" eclass="HBEFA3/PC_G_EU4" CO2="13867.12" CO="488.45" HC="2.61" NOx="5.43" PMx="0.45" fuel="5.96" electricity="0.00" noise="81.03" route="routetop" type="cfm_slow" waiting="0.00" lane="top_0" pos="6.59" speed="47.00" angle="262.64" x="50.21" y="127.57"/>
        <vehicle id="cfm_slow_2" eclass="HBEFA3/PC_G_EU4" CO2="13867.12" CO="488.45" HC="2.61" NOx="5.43" PMx="0.45" fuel="5.96" electricity="0.00" noise="81.03" route="routetop" type="cfm_slow" waiting="0.00" lane="top_0" pos="46.59" speed="47.00" angle="190.69" x="-1.27" y="70.66"/>
        <vehicle id="cfm_slow_3" eclass="HBEFA3/PC_G_EU4" CO2="0.00" CO="0.00" HC="0.00" NOx="0.00" PMx="0.00" fuel="0.00" electricity="0.00" noise="81.03" route="routetop" type="cfm_slow" waiting="0.00" lane="left_0" pos="36.59" speed="47.00" angle="118.67" x="36.95" y="4.07"/>
        <vehicle id="cfm_slow_4" eclass="HBEFA3/PC_G_EU4" CO2="0.00" CO="0.00" HC="0.00" NOx="0.00" PMx="0.00" fuel="0.00" electricity="0.00" noise="81.03" route="routebottom" type="cfm_slow" waiting="0.00" lane="bottom_0" pos="26.59" speed="47.00" angle="46.65" x="112.09" y="19.85"/>
    </timestep>
    <timestep time="28.80">
        <vehicle id="cfm_slow_0" eclass="HBEFA3/PC_G_EU4" CO2="0.00" CO="0.00" HC="0.00" NOx="0.00" PMx="0.00" fuel="0.00" electricity="0.00" noise="81.03" route="routebottom" type="cfm_slow" waiting="0.00" lane="right_0" pos="21.29" speed="47.00" angle="326.12" x="114.88" y="104.15"/>
        <vehicle id="cfm_slow_1" eclass="HBEFA3/PC_G_EU4" CO2="13867.12" CO="488.45" HC="2.61" NOx="5.43" PMx="0.45" fuel="5.96" electricity="0.00" noise="81.03" route="routetop" type="cfm_slow" waiting="0.00" lane="top_0" pos="11.29" speed="47.00" angle="254.06" x="40.96" y="124.89"/>
        <vehicle id="cfm_slow_2" eclass="HBEFA3/PC_G_EU4" CO2="13867.12" CO="488.45" HC="2.61" NOx="5.43" PMx="0.45" fuel="5.96" electricity="0.00" noise="81.03" route="routetop" type="cfm_slow" waiting="0.00" lane="left_0" pos="1.29" speed="47.00" angle="182.18" x="-1.60" y="60.98"/>
        <vehicle id="cfm_slow_3" eclass="HBEFA3/PC_G_EU4" CO2="0.00" CO="0.00" HC="0.00" NOx="0.00" PMx="0.00" fuel="0.00" electricity="0.00" noise="81.03" route="routetop" type="cfm_slow" waiting="0.00" lane="left_0" pos="41.29" speed="47.00" angle="110.17" x="46.00" y="0.79"/>
        <vehicle id="cfm_slow_4" eclass="HBEFA3/PC_G_EU4" CO2="0.00" CO="0.00" HC="0.00" NOx="0.00" PMx="0.00" fuel="0.00" electricity="0.00" noise="81.03" route="routebottom" type="cfm_slow" waiting="0.00" lane="bottom_0" pos="31.29" speed="47.00" angle="38.20" x="118.00" y="27.45"/>
    </timestep>
    <timestep time="28.90">
        <vehicle id="cfm_slow_0" eclass="HBEFA3/PC_G_EU4" CO2="0.00" CO="0.00" HC="0.00" NOx="0.00" PMx="0.00" fuel="0.00" electricity="0.00" noise="81.03" route="routebottom" type="cfm_slow" waiting="0.00" lane="right_0" pos="25.99" speed="47.00" angle="317.78" x="108.38" y="111.25"/>
        <vehicle id="cfm_slow_1" eclass="HBEFA3/PC_G_EU4" CO2="13867.12" CO="488.45" HC="2.61" NOx="5.43" PMx="0.45" fuel="5.96" electricity="0.00" noise="81.03" route="routetop" type="cfm_slow" waiting="0.00" lane="top_0" pos="15.99" speed="47.00" angle="245.71" x="32.21" y="120.88"/>
        <vehicle id="cfm_slow_2" eclass="HBEFA3/PC_G_EU4" CO2="13867.12" CO="488.45" HC="2.61" NOx="5.43" PMx="0.45" fuel="5.96" electricity="0.00" noise="81.03" route="routetop" type="cfm_slow" waiting="0.00" lane="left_0" pos="5.99" speed="47.00" angle="173.67" x="-0.48" y="51.42"/>
        <vehicle id="cfm_slow_3" eclass="HBEFA3/PC_G_EU4" CO2="0.00" CO="0.00" HC="0.00" NOx="0.00" PMx="0.00" fuel="0.00" electricity="0.00" noise="81.03" route="routetop" type="cfm_slow" waiting="0.00" lane="left_0" pos="45.99" speed="47.00" angle="101.75" x="55.43" y="-1.13"/>
        <vehicle id="cfm_slow_4" eclass="HBEFA3/PC_G_EU4" CO2="0.00" CO="0.00" HC="0.00" NOx="0.00" PMx="0.00" fuel="0.00" electricity="0.00" noise="81.03" route="routebottom" type="cfm_slow" waiting="0.00" lane="bottom_0" pos="35.99" speed="47.00" angle="29.76" x="122.74" y="35.83"/>
    </timestep>
    <timestep time="29.00">
        <vehicle id="cfm_slow_0" eclass="HBEFA3/PC_G_EU4" CO2="0.00" CO="0.00" HC="0.00" NOx="0.00" PMx="0.00" fuel="0.00" electricity="0.00" noise="81.03" route="routebottom" type="cfm_slow" waiting="0.00" lane="right_0" pos="30.69" speed="47.00" angle="309.23" x="100.89" y="117.31"/>
        <vehicle id="cfm_slow_1" eclass="HBEFA3/PC_G_EU4" CO2="13867.12" CO="488.45" HC="2.61" NOx="5.43" PMx="0.45" fuel="5.96" electricity="0.00" noise="81.03" route="routetop" type="cfm_slow" waiting="0.00" lane="top_0" pos="20.69" speed="47.00" angle="237.23" x="24.14" y="115.64"/>
        <vehicle id="cfm_slow_2" eclass="HBEFA3/PC_G_EU4" CO2="13867.12" CO="488.45" HC="2.61" NOx="5.43" PMx="0.45" fuel="5.96" electricity="0.00" noise="81.03" route="routetop" type="cfm_slow" waiting="0.00" lane="left_0" pos="10.69" speed="47.00" angle="165.22" x="2.02" y="42.12"/>
        <vehicle id="cfm_slow_3" eclass="HBEFA3/PC_G_EU4" CO2="0.00" CO="0.00" HC="0.00" NOx="0.00" PMx="0.00" fuel="0.00" electricity="0.00" noise="81.03" route="routebottom" type="cfm_slow" waiting="0.00" lane="bottom_0" pos="0.69" speed="47.00" angle="93.23" x="65.11" y="-1.62"/>
        <vehicle id="cfm_slow_4" eclass="HBEFA3/PC_G_EU4" CO2="0.00" CO="0.00" HC="0.00" NOx="0.00" PMx="0.00" fuel="0.00" electricity="0.00" noise="81.03" route="routebottom" type="cfm_slow" waiting="0.00" lane="bottom_0" pos="40.69" speed="47.00" angle="21.27" x="126.19" y="44.82"/>
    </timestep>
    <timestep time="29.10">
        <vehicle id="cfm_slow_0" eclass="HBEFA3/PC_G_EU4" CO2="13867.12" CO="488.45" HC="2.61" NOx="5.43" PMx="0.45" fuel="5.96" electricity="0.00" noise="81.03" route="routebottom" type="cfm_slow" waiting="0.00" lane="right_0" pos="35.39" speed="47.00" angle="300.83" x="92.60" y="122.20"/>
        <vehicle id="cfm_slow_1" eclass="HBEFA3/PC_G_EU4" CO2="13867.12" CO="488.45" HC="2.61" NOx="5.43" PMx="0.45" fuel="5.96" electricity="0.00" noise="81.03" route="routetop" type="cfm_slow" waiting="0.00" lane="top_0" pos="25.39" speed="47.00" angle="228.81" x="16.92" y="109.27"/>
        <vehicle id="cfm_slow_2" eclass="HBEFA3/PC_G_EU4" CO2="13867.12" CO="488.45" HC="2.61" NOx="5.43" PMx="0.45" fuel="5.96" electricity="0.00" noise="81.03" route="routetop" type="cfm_slow" waiting="0.00" lane="left_0" pos="15.39" speed="47.00" angle="156.84" x="5.84" y="33.28"/>
        <vehicle id="cfm_slow_3" eclass="HBEFA3/PC_G_EU4" CO2="0.00" CO="0.00" HC="0.00" NOx="0.00" PMx="0.00" fuel="0.00" electricity="0.00" noise="81.03" route="routebottom" type="cfm_slow" waiting="0.00" lane="bottom_0" pos="5.39" speed="47.00" angle="84.80" x="74.69" y="-0.71"/>
        <vehicle id="cfm_slow_4" eclass="HBEFA3/PC_G_EU4" CO2="0.00" CO="0.00" HC="0.00" NOx="0.00" PMx="0.00" fuel="0.00" electricity="0.00" noise="81.03" route="routebottom" type="cfm_slow" waiting="0.00" lane="bottom_0" pos="45.39" speed="47.00" angle="12.79" x="128.28" y="54.22"/>
    </timestep>
    <timestep time="29.20">
        <vehicle id="cfm_slow_0" eclass="HBEFA3/PC_G_EU4" CO2="13867.12" CO="488.45" HC="2.61" NOx="5.43" PMx="0.45" fuel="5.96" electricity="0.00" noise="81.03" route="routebottom" type="cfm_slow" waiting="0.00" lane="right_0" pos="40.09" speed="47.00" angle="292.40" x="83.68" y="125.83"/>
        <vehicle id="cfm_slow_1" eclass="HBEFA3/PC_G_EU4" CO2="13867.12" CO="488.45" HC="2.61" NOx="5.43" PMx="0.45" fuel="5.96" electricity="0.00" noise="81.03" route="routetop" type="cfm_slow" waiting="0.00" lane="top_0" pos="30.09" speed="47.00" angle="220.30" x="10.73" y="101.89"/>
        <vehicle id="cfm_slow_2" eclass="HBEFA3/PC_G_EU4" CO2="13867.12" CO="488.45" HC="2.61" NOx="5.43" PMx="0.45" fuel="5.96" electricity="0.00" noise="81.03" route="routetop" type="cfm_slow" waiting="0.00" lane="left_0" pos="20.09" speed="47.00" angle="148.26" x="10.95" y="25.12"/>
        <vehicle id="cfm_slow_3" eclass="HBEFA3/PC_G_EU4" CO2="0.00" CO="0.00" HC="0.00" NOx="0.00" PMx="0.00" fuel="0.00" electricity="0.00" noise="81.03" route="routebottom" type="cfm_slow" waiting="0.00" lane="bottom_0" pos="10.09" speed="47.00" angle="76.27" x="84.04" y="1.61"/>
        <vehicle id="cfm_slow_4" eclass="HBEFA3/PC_G_EU4" CO2="0.00" CO="0.00" HC="0.00" NOx="0.00" PMx="0.00" fuel="0.00" electricity="0.00" noise="81.03" route="routebottom" type="cfm_slow" waiting="0.00" lane="right_0" pos="0.09" speed="47.00" angle="4.33" x="128.97" y="63.88"/>
    </timestep>
    <timestep time="29.30">
        <vehicle id="cfm_slow_0" eclass="HBEFA3/PC_G_EU4" CO2="13867.12" CO="488.45" HC="2.61" NOx="5.43" PMx="0.45" fuel="5.96" electricity="0.00" noise="81.03" route="routebottom" type="cfm_slow" waiting="0.00" lane="right_0" pos="44.79" speed="47.00" angle="283.85" x="74.32" y="128.10"/>
        <vehicle id="cfm_slow_1" eclass="HBEFA3/PC_G_EU4" CO2="13867.12" CO="488.45" HC="2.61" NOx="5.43" PMx="0.45" fuel="5.96" electricity="0.00" noise="81.03" route="routetop" type="cfm_slow" waiting="0.00" lane="top_0" pos="34.79" speed="47.00" angle="211.96" x="5.67" y="93.70"/>
        <vehicle id="cfm_slow_2" eclass="HBEFA3/PC_G_EU4" CO2="13867.12" CO="488.45" HC="2.61" NOx="5.43" PMx="0.45" fuel="5.96" electricity="0.00" noise="81.03" route="routetop" type="cfm_slow" waiting="0.00" lane="left_0" pos="24.79" speed="47.00" angle="139.90" x="17.19" y="17.79"/>
        <vehicle id="cfm_slow_3" eclass="HBEFA3/PC_G_EU4" CO2="0.00" CO="0.00" HC="0.00" NOx="0.00" PMx="0.00" fuel="0.00" electricity="0.00" noise="81.03" route="routebottom" type="cfm_slow" waiting="0.00" lane="bottom_0" pos="14.79" speed="47.00" angle="67.88" x="92.94" y="5.29"/>
        <vehicle id="cfm_slow_4" eclass="HBEFA3/PC_G_EU4" CO2="0.00" CO="0.00" HC="0.00" NOx="0.00" PMx="0.00" fuel="0.00" electricity="0.00" noise="81.03" route="routebottom" type="cfm_slow" waiting="0.00" lane="right_0" pos="4.79" speed="47.00" angle="355.89" x="128.22" y="73.48"/>
    </timestep>
    <timestep time="29.40">
        <vehicle id="cfm_slow_0" eclass="HBEFA3/PC_G_EU4" CO2="13867.12" CO="488.45" HC="2.61" NOx="5.43" PMx="0.45" fuel="5.96" electricity="0.00" noise="81.03" route="routebottom" type="cfm_slow" waiting="0.00" lane="right_0" pos="49.49" speed="47.00" angle="275.40" x="64.73" y="128.95"/>
        <vehicle id="cfm_slow_1" eclass="HBEFA3/PC_G_EU4" CO2="13867.12" CO="488.45" HC="2.61" NOx="5.43" PMx="0.45" fuel="5.96" electricity="0.00" noise="81.03" route="routetop" type="cfm_slow" waiting="0.00" lane="top_0" pos="39.49" speed="47.00" angle="203.39" x="1.89" y="84.85"/>
        <vehicle id="cfm_slow_2" eclass="HBEFA3/PC_G_EU4" CO2="13867.12" CO="488.45" HC="2.61" NOx="5.43" PMx="0.45" fuel="5.96" electricity="0.00" noise="81.03" route="routetop" type="cfm_slow" waiting="0.00" lane="left_0" pos="29.49" speed="47.00" angle="131.44" x="24.43" y="11.45"/>
        <vehicle id="cfm_slow_3" eclass="HBEFA3/PC_G_EU4" CO2="0.00" CO="0.00" HC="0.00" NOx="0.00" PMx="0.00" fuel="0.00" electricity="0.00" noise="81.03" route="routebottom" type="cfm_slow" waiting="0.00" lane="bottom_0" pos="19.49" speed="47.00" angle="59.35" x="101.20" y="10.23"/>
        <vehicle id="cfm_slow_4" eclass="HBEFA3/PC_G_EU4" CO2="0.00" CO="0.00" HC="0.00" NOx="0.00" PMx="0.00" fuel="0.00" electricity="0.00" noise="81.03" route="routebottom" type="cfm_slow" waiting="0.00" lane="right_0" pos="9.49" speed="47.00" angle="347.42" x="126.08" y="82.86"/>
    </timestep>
    <timestep time="29.50">
        <vehicle id="cfm_slow_0" eclass="HBEFA3/PC_G_EU4" CO2="13867.12" CO="488.45" HC="2.61" NOx="5.43" PMx="0.45" fuel="5.96" electricity="0.00" noise="81.03" route="routetop" type="cfm_slow" waiting="0.00" lane="top_0" pos="4.19" speed="47.00" angle="266.98" x="55.06" y="128.40"/>
        <vehicle id="cfm_slow_1" eclass="HBEFA3/PC_G_EU4" CO2="13867.12" CO="488.45" HC="2.61" NOx="5.43" PMx="0.45" fuel="5.96" electricity="0.00" noise="81.03" route="routetop" type="cfm_slow" waiting="0.00" lane="top_0" pos="44.19" speed="47.00" angle="194.99" x="-0.55" y="75.53"/>
        <vehicle id="cfm_slow_2" eclass="HBEFA3/PC_G_EU4" CO2="13867.12" CO="488.45" HC="2.61" NOx="5.43" PMx="0.45" fuel="5.96" electricity="0.00" noise="81.03" route="routetop" type="cfm_slow" waiting="0.00" lane="left_0" pos="34.19" speed="47.00" angle="122.98" x="32.54" y="6.25"/>
        <vehicle id="cfm_slow_3" eclass="HBEFA3/PC_G_EU4" CO2="0.00" CO="0.00" HC="0.00" NOx="0.00" PMx="0.00" fuel="0.00" electricity="0.00" noise="81.03" route="routebottom" type="cfm_slow" waiting="0.00" lane="bottom_0" pos="24.19" speed="47.00" angle="50.99" x="108.65" y="16.32"/>
        <vehicle id="cfm_slow_4" eclass="HBEFA3/PC_G_EU4" CO2="0.00" CO="0.00" HC="0.00" NOx="0.00" PMx="0.00" fuel="0.00" electricity="0.00" noise="81.03" route="routebottom" type="cfm_slow" waiting="0.00" lane="right_0" pos="14.19" speed="47.00" angle="338.95" x="122.58" y="91.84"/>
    </timestep>
    <timestep time="29.60">
        <vehicle id="cfm_slow_0" eclass="HBEFA3/PC_G_EU4" CO2="13867.12" CO="488.45" HC="2.61" NOx="5.43" PMx="0.45" fuel="5.96" electricity="0.00" noise="81.03" route="routetop" type="cfm_slow" waiting="0.00" lane="top_0" pos="8.89" speed="47.00" angle="258.48" x="45.63" y="126.44"/>
        <vehicle id="cfm_slow_1" eclass="HBEFA3/PC_G_EU4" CO2="13867.12" CO="488.45" HC="2.61" NOx="5.43" PMx="0.45" fuel="5.96" electricity="0.00" noise="81.03" route="routetop" type="cfm_slow" waiting="0.00" lane="top_0" pos="48.89" speed="47.00" angle="186.55" x="-1.61" y="65.96"/>
        <vehicle id="cfm_slow_2" eclass="HBEFA3/PC_G_EU4" CO2="13867.12" CO="488.45" HC="2.61" NOx="5.43" PMx="0.45" fuel="5.96" electricity="0.00" noise="81.03" route="routetop" type="cfm_slow" waiting="0.00" lane="left_0" pos="38.89" speed="47.00" angle="114.48" x="41.32" y="2.31"/>
        <vehicle id="cfm_slow_3" eclass="HBEFA3/PC_G_EU4" CO2="0.00" CO="0.00" HC="0.00" NOx="0.00" PMx="0.00" fuel="0.00" electricity="0.00" noise="81.03" route="routebottom" type="cfm_slow" waiting="0.00" lane="bottom_0" pos="28.89" speed="47.00" angle="42.45" x="115.11" y="23.46"/>
        <vehicle id="cfm_slow_4" eclass="HBEFA3/PC_G_EU4" CO2="0.00" CO="0.00" HC="0.00" NOx="0.00" PMx="0.00" fuel="0.00" electricity="0.00" noise="81.03" route="routebottom" type="cfm_slow" waiting="0.00" lane="right_0" pos="18.89" speed="47.00" angle="330.45" x="117.79" y="100.19"/>
    </timestep>
    <timestep time="29.70">
        <vehicle id="cfm_slow_0" eclass="HBEFA3/PC_G_EU4" CO2="13867.12" CO="488.45" HC="2.61" NOx="5.43" PMx="0.45" fuel="5.96" electricity="0.00" noise="81.03" route="routetop" type="cfm_slow" waiting="0.00" lane="top_0" pos="13.59" speed="47.00" angle="250.01" x="36.60" y="123.09"/>
        <vehicle id="cfm_slow_1" eclass="HBEFA3/PC_G_EU4" CO2="13867.12" CO="488.45" HC="2.61" NOx="5.43" PMx="0.45" fuel="5.96" electricity="0.00" noise="81.03" route="routetop" type="cfm_slow" waiting="0.00" lane="left_0" pos="3.59" speed="47.00" angle="178.03" x="-1.23" y="56.28"/>
        <vehicle id="cfm_slow_2" eclass="HBEFA3/PC_G_EU4" CO2="13867.12" CO="488.45" HC="2.61" NOx="5.43" PMx="0.45" fuel="5.96" electricity="0.00" noise="81.03" route="routetop" type="cfm_slow" waiting="0.00" lane="left_0" pos="43.59" speed="47.00" angle="106.11" x="50.58" y="-0.33"/>
        <vehicle id="cfm_slow_3" eclass="HBEFA3/PC_G_EU4" CO2="0.00" CO="0.00" HC="0.00" NOx="0.00" PMx="0.00" fuel="0.00" electricity="0.00" noise="81.03" route="routebottom" type="cfm_slow" waiting="0.00" lane="bottom_0" pos="33.59" speed="47.00" angle="34.07" x="120.47" y="31.46"/>
        <vehicle id="cfm_slow_4" eclass="HBEFA3/PC_G_EU4" CO2="0.00" CO="0.00" HC="0.00" NOx="0.00" PMx="0.00" fuel="0.00" electricity="0.00" noise="81.03" route="routebottom" type="cfm_slow" waiting="0.00" lane="right_0" pos="23.59" speed="47.00" angle="322.05" x="111.83" y="107.75"/>
    </timestep>
    <timestep time="29.80">
        <vehicle id="cfm_slow_0" eclass="HBEFA3/PC_G_EU4" CO2="13867.12" CO="488.45" HC="2.61" NOx="5.43" PMx="0.45" fuel="5.96" electricity="0.00" noise="81.03" route="routetop" type="cfm_slow" waiting="0.00" lane="top_0" pos="18.29" speed="47.00" angle="241.60" x="28.16" y="118.47"/>
        <vehicle id="cfm_slow_1" eclass="HBEFA3/PC_G_EU4" CO2="13867.12" CO="488.45" HC="2.61" NOx="5.43" PMx="0.45" fuel="5.96" electricity="0.00" noise="81.03" route="routetop" type="cfm_slow" waiting="0.00" lane="left_0" pos="8.29" speed="47.00" angle="169.52" x="0.57" y="46.82"/>
        <vehicle id="cfm_slow_2" eclass="HBEFA3/PC_G_EU4" CO2="0.00" CO="0.00" HC="0.00" NOx="0.00" PMx="0.00" fuel="0.00" electricity="0.00" noise="81.03" route="routetop" type="cfm_slow" waiting="0.00" lane="left_0" pos="48.29" speed="47.00" angle="97.60" x="60.13" y="-1.54"/>
        <vehicle id="cfm_slow_3" eclass="HBEFA3/PC_G_EU4" CO2="0.00" CO="0.00" HC="0.00" NOx="0.00" PMx="0.00" fuel="0.00" electricity="0.00" noise="81.03" route="routebottom" type="cfm_slow" waiting="0.00" lane="bottom_0" pos="38.29" speed="47.00" angle="25.53" x="124.58" y="40.17"/>
        <vehicle id="cfm_slow_4" eclass="HBEFA3/PC_G_EU4" CO2="0.00" CO="0.00" HC="0.00" NOx="0.00" PMx="0.00" fuel="0.00" electricity="0.00" noise="81.03" route="routebottom" type="cfm_slow" waiting="0.00" lane="right_0" pos="28.29" speed="47.00" angle="313.53" x="104.83" y="114.35"/>
    </timestep>
    <timestep time="29.90">
        <vehicle id="cfm_slow_0" eclass="HBEFA3/PC_G_EU4" CO2="13867.12" CO="488.45" HC="2.61" NOx="5.43" PMx="0.45" fuel="5.96" electricity="0.00" noise="81.03" route="routetop" type="cfm_slow" waiting="0.00" lane="top_0" pos="22.99" speed="47.00" angle="233.07" x="20.48" y="112.66"/>
        <vehicle id="cfm_slow_1" eclass="HBEFA3/PC_G_EU4" CO2="13867.12" CO="488.45" HC="2.61" NOx="5.43" PMx="0.45" fuel="5.96" electricity="0.00" noise="81.03" route="routetop" type="cfm_slow" waiting="0.00" lane="left_0" pos="12.99" speed="47.00" angle="161.14" x="3.72" y="37.73"/>
        <vehicle id="cfm_slow_2" eclass="HBEFA3/PC_G_EU4" CO2="0.00" CO="0.00" HC="0.00" NOx="0.00" PMx="0.00" fuel="0.00" electricity="0.00" noise="81.03" route="routebottom" type="cfm_slow" waiting="0.00" lane="bottom_0" pos="2.99" speed="47.00" angle="89.13" x="69.82" y="-1.35"/>
        <vehicle id="cfm_slow_3" eclass="HBEFA3/PC_G_EU4" CO2="0.00" CO="0.00" HC="0.00" NOx="0.00" PMx="0.00" fuel="0.00" electricity="0.00" noise="81.03" route="routebottom" type="cfm_slow" waiting="0.00" lane="bottom_0" pos="42.99" speed="47.00" angle="17.17" x="127.38" y="49.38"/>
        <vehicle id="cfm_slow_4" eclass="HBEFA3/PC_G_EU4" CO2="0.00" CO="0.00" HC="0.00" NOx="0.00" PMx="0.00" fuel="0.00" electricity="0.00" noise="81.03" route="routebottom" type="cfm_slow" waiting="0.00" lane="right_0" pos="32.99" speed="47.00" angle="305.13" x="96.92" y="119.86"/>
    </timestep>
    <timestep time="30.00">
        <vehicle id="cfm_slow_0" eclass="HBEFA3/PC_G_EU4" CO2="13867.12" CO="488.45" HC="2.61" NOx="5.43" PMx="0.45" fuel="5.96" electricity="0.00" noise="81.03" route="routetop" type="cfm_slow" waiting="0.00" lane="top_0" pos="27.69" speed="47.00" angle="224.63" x="13.76" y="105.77"/>
        <vehicle id="cfm_slow_1" eclass="HBEFA3/PC_G_EU4" CO2="13867.12" CO="488.45" HC="2.61" NOx="5.43" PMx="0.45" fuel="5.96" electricity="0.00" noise="81.03" route="routetop" type="cfm_slow" waiting="0.00" lane="left_0" pos="17.69" speed="47.00" angle="152.63" x="8.19" y="29.20"/>
        <vehicle id="cfm_slow_2" eclass="HBEFA3/PC_G_EU4" CO2="0.00" CO="0.00" HC="0.00" NOx="0.00" PMx="0.00" fuel="0.00" electricity="0.00" noise="81.03" route="routebottom" type="cfm_slow" waiting="0.00" lane="bottom_0" pos="7.69" speed="47.00" angle="80.65" x="79.31" y="0.25"/>
        <vehicle id="cfm_slow_3" eclass="HBEFA3/PC_G_EU4" CO2="0.00" CO="0.00" HC="0.00" NOx="0.00" PMx="0.00" fuel="0.00" electricity="0.00" noise="81.03" route="routebottom" type="cfm_slow" waiting="0.00" lane="bottom_0" pos="47.69" speed="47.00" angle="8.74" x="128.80" y="58.90"/>
        <vehicle id="cfm_slow_4" eclass="HBEFA3/PC_G_EU4" CO2="0.00" CO="0.00" HC="0.00" NOx="0.00" PMx="0.00" fuel="0.00" electricity="0.00" noise="81.03" route="routebottom" type="cfm_slow" waiting="0.00" lane="right_0" pos="37.69" speed="47.00" angle="296.64" x="88.30" y="124.13"/>
    </timestep>
    <timestep time="30.10">
        <vehicle id="cfm_slow_0" eclass="HBEFA3/PC_G_EU4" CO2="13867.12" CO="488.45" HC="2.61" NOx="5.43" PMx="0.45" fuel="5.96" electricity="0.00" noise="81.03" route="routetop" type="cfm_slow" waiting="0.00" lane="top_0" pos="32.39" speed="47.00" angle="216.22" x="8.10" y="97.98"/>
        <vehicle id="cfm_slow_1" eclass="HBEFA3/PC_G_EU4" CO2="13867.12" CO="488.45" HC="2.61" NOx="5.43" PMx="0.45" fuel="5.96" electricity="0.00" noise="81.03" route="routetop" type="cfm_slow" waiting="0.00" lane="left_0" pos="22.39" speed="47.00" angle="144.17" x="13.87" y="21.42"/>
        <vehicle id="cfm_slow_2" eclass="HBEFA3/PC_G_EU4" CO2="0.00" CO="0.00" HC="0.00" NOx="0.00" PMx="0.00" fuel="0.00" electricity="0.00" noise="81.03" route="routebottom" type="cfm_slow" waiting="0.00" lane="bottom_0" pos="12.39" speed="47.00" angle="72.18" x="88.46" y="3.25"/>
        <vehicle id="cfm_slow_3" eclass="HBEFA3/PC_G_EU4" CO2="0.00" CO="0.00" HC="0.00" NOx="0.00" PMx="0.00" fuel="0.00" electricity="0.00" noise="81.03" route="routebottom" type="cfm_slow" waiting="0.00" lane="right_0" pos="2.39" speed="47.00" angle="0.17" x="128.79" y="68.59"/>
        <vehicle id="cfm_slow_4" eclass="HBEFA3/PC_G_EU4" CO2="0.00" CO="0.00" HC="0.00" NOx="0.00" PMx="0.00" fuel="0.00" electricity="0.00" noise="81.03" route="routebottom" type="cfm_slow" waiting="0.00" lane="right_0" pos="42.39" speed="47.00" angle="288.21" x="79.14" y="127.11"/>
    </timestep>
    <timestep time="30.20">
        <vehicle id="cfm_slow_0" eclass="HBEFA3/PC_G_EU4" CO2="13867.12" CO="488.45" HC="2.61" NOx="5.43" PMx="0.45" fuel="5.96" electricity="0.00" noise="81.03" route="routetop" type="cfm_slow" waiting="0.00" lane="top_0" pos="37.09" speed="47.00" angle="207.75" x="3.65" y="89.44"/>
        <vehicle id="cfm_slow_1" eclass="HBEFA3/PC_G_EU4" CO2="13867.12" CO="488.45" HC="2.61" NOx="5.43" PMx="0.45" fuel="5.96" electricity="0.00" noise="81.03" route="routetop" type="cfm_slow" waiting="0.00" lane="left_0" pos="27.09" speed="47.00" angle="135.75" x="20.62" y="14.55"/>
        <vehicle id="cfm_slow_2" eclass="HBEFA3/PC_G_EU4" CO2="0.00" CO="0.00" HC="0.00" NOx="0.00" PMx="0.00" fuel="0.00" electricity="0.00" noise="81.03" route="routebottom" type="cfm_slow" waiting="0.00" lane="bottom_0" pos="17.09" speed="47.00" angle="63.75" x="97.07" y="7.55"/>
        <vehicle id="cfm_slow_3" eclass="HBEFA3/PC_G_EU4" CO2="0.00" CO="0.00" HC="0.00" NOx="0.00" PMx="0.00" fuel="0.00" electricity="0.00" noise="81.03" route="routebottom" type="cfm_slow" waiting="0.00" lane="right_0" pos="7.09" speed="47.00" angle="351.68" x="127.34" y="78.11"/>
        <vehicle id="cfm_slow_4" eclass="HBEFA3/PC_G_EU4" CO2="0.00" CO="0.00" HC="0.00" NOx="0.00" PMx="0.00" fuel="0.00" electricity="0.00" noise="81.03" route="routebottom" type="cfm_slow" waiting="0.00" lane="right_0" pos="47.09" speed="47.00" angle="279.78" x="69.64" y="128.69"/>
    </timestep>
    <timestep time="30.30">
        <vehicle id="cfm_slow_0" eclass="HBEFA3/PC_G_EU4" CO2="13867.12" CO="488.45" HC="2.61" NOx="5.43" PMx="0.45" fuel="5.96" electricity="0.00" noise="81.03" route="routetop" type="cfm_slow" waiting="0.00" lane="top_0" pos="41.79" speed="47.00" angle="199.25" x="0.53" y="80.33"/>
        <vehicle id="cfm_slow_1" eclass="HBEFA3/PC_G_EU4" CO2="13867.12" CO="488.45" HC="2.61" NOx="5.43" PMx="0.45" fuel="5.96" electricity="0.00" noise="81.03" route="routetop" type="cfm_slow" waiting="0.00" lane="left_0" pos="31.79" speed="47.00" angle="127.28" x="28.30" y="8.76"/>
        <vehicle id="cfm_slow_2" eclass="HBEFA3/PC_G_EU4" CO2="0.00" CO="0.00" HC="0.00" NOx="0.00" PMx="0.00" fuel="0.00" electricity="0.00" noise="81.03" route="routebottom" type="cfm_slow" waiting="0.00" lane="bottom_0" pos="21.79" speed="47.00" angle="55.27" x="104.96" y="13.07"/>
        <vehicle id="cfm_slow_3" eclass="HBEFA3/PC_G_EU4" CO2="0.00" CO="0.00" HC="0.00" NOx="0.00" PMx="0.00" fuel="0.00" electricity="0.00" noise="81.03" route="routebottom" type="cfm_slow" waiting="0.00" lane="right_0" pos="11.79" speed="47.00" angle="343.22" x="124.52" y="87.31"/>
        <vehicle id="cfm_slow_4" eclass="HBEFA3/PC_G_EU4" CO2="0.00" CO="0.00" HC="0.00" NOx="0.00" PMx="0.00" fuel="0.00" electricity="0.00" noise="81.03" route="routetop" type="cfm_slow" waiting="0.00" lane="top_0" pos="1.79" speed="47.00" angle="271.26" x="59.96" y="128.86"/>
    </timestep>
    <timestep time="30.40">
        <vehicle id="cfm_slow_0" eclass="HBEFA3/PC_G_EU4" CO2="13867.12" CO="488.45" HC="2.61" NOx="5.43" PMx="0.45" fuel="5.96" electricity="0.00" noise="81.03" route="routetop" type="cfm_slow" waiting="0.00" lane="top_0" pos="46.49" speed="47.00" angle="190.88" x="-1.25" y="70.87"/>
        <vehicle id="cfm_slow_1" eclass="HBEFA3/PC_G_EU4" CO2="13867.12" CO="488.45" HC="2.61" NOx="5.43" PMx="0.45" fuel="5.96" electricity="0.00" noise="81.03" route="routetop" type="cfm_slow" waiting="0.00" lane="left_0" pos="36.49" speed="47.00" angle="118.86" x="36.76" y="4.16"/>
        <vehicle id="cfm_slow_2" eclass="HBEFA3/PC_G_EU4" CO2="0.00" CO="0.00" HC="0.00" NOx="0.00" PMx="0.00" fuel="0.00" electricity="0.00" noise="81.03" route="routebottom" type="cfm_slow" waiting="0.00" lane="bottom_0" pos="26.49" speed="47.00" angle="46.83" x="111.95" y="19.70"/>
        <vehicle id="cfm_slow_3" eclass="HBEFA3/PC_G_EU4" CO2="0.00" CO="0.00" HC="0.00" NOx="0.00" PMx="0.00" fuel="0.00" electricity="0.00" noise="81.03" route="routebottom" type="cfm_slow" waiting="0.00" lane="right_0" pos="16.49" speed="47.00" angle="334.82" x="120.39" y="96.01"/>
        <vehicle id="cfm_slow_4" eclass="HBEFA3/PC_G_EU4" CO2="13867.12" CO="488.45" HC="2.61" NOx="5.43" PMx="0.45" fuel="5.96" electricity="0.00" noise="81.03" route="routetop" type="cfm_slow" waiting="0.00" lane="top_0" pos="6.49" speed="47.00" angle="262.84" x="50.41" y="127.62"/>
    </timestep>
    <timestep time="30.50">
        <vehicle id="cfm_slow_0" eclass="HBEFA3/PC_G_EU4" CO2="13867.12" CO="488.45" HC="2.61" NOx="5.43" PMx="0.45" fuel="5.96" electricity="0.00" noise="81.03" route="routetop" type="cfm_slow" waiting="0.00" lane="left_0" pos="1.19" speed="47.00" angle="182.32" x="-1.60" y="61.19"/>
        <vehicle id="cfm_slow_1" eclass="HBEFA3/PC_G_EU4" CO2="13867.12" CO="488.45" HC="2.61" NOx="5.43" PMx="0.45" fuel="5.96" electricity="0.00" noise="81.03" route="routetop" type="cfm_slow" waiting="0.00" lane="left_0" pos="41.19" speed="47.00" angle="110.35" x="45.80" y="0.85"/>
        <vehicle id="cfm_slow_2" eclass="HBEFA3/PC_G_EU4" CO2="0.00" CO="0.00" HC="0.00" NOx="0.00" PMx="0.00" fuel="0.00" electricity="0.00" noise="81.03" route="routebottom" type="cfm_slow" waiting="0.00" lane="bottom_0" pos="31.19" speed="47.00" angle="38.38" x="117.89" y="27.28"/>
        <vehicle id="cfm_slow_3" eclass="HBEFA3/PC_G_EU4" CO2="0.00" CO="0.00" HC="0.00" NOx="0.00" PMx="0.00" fuel="0.00" electricity="0.00" noise="81.03" route="routebottom" type="cfm_slow" waiting="0.00" lane="right_0" pos="21.19" speed="47.00" angle="326.31" x="115.01" y="103.99"/>
        <vehicle id="cfm_slow_4" eclass="HBEFA3/PC_G_EU4" CO2="13867.12" CO="488.45" HC="2.61" NOx="5.43" PMx="0.45" fuel="5.96" electricity="0.00" noise="81.03" route="routetop" type="cfm_slow" waiting="0.00" lane="top_0" pos="11.19" speed="47.00" angle="254.25" x="41.16" y="124.96"/>
    </timestep>
    <timestep time="30.60">
        <vehicle id="cfm_slow_0" eclass="HBEFA3/PC_G_EU4" CO2="13867.12" CO="488.45" HC="2.61" NOx="5.43" PMx="0.45" fuel="5.96" electricity="0.00" noise="81.03" route="routetop" type="cfm_slow" waiting="0.00" lane="left_0" pos="5.89" speed="47.00" angle="173.86" x="-0.52" y="51.62"/>
        <vehicle id="cfm_slow_1" eclass="HBEFA3/PC_G_EU4" CO2="13867.12" CO="488.45" HC="2.61" NOx="5.43" PMx="0.45" fuel="5.96" electricity="0.00" noise="81.03" route="routetop" type="cfm_slow" waiting="0.00" lane="left_0" pos="45.89" speed="47.00" angle="101.93" x="55.23" y="-1.10"/>
        <vehicle id="cfm_slow_2" eclass="HBEFA3/PC_G_EU4" CO2="0.00" CO="0.00" HC="0.00" NOx="0.00" PMx="0.00" fuel="0.00" electricity="0.00" noise="81.03" route="routebottom" type="cfm_slow" waiting="0.00" lane="bottom_0" pos="35.89" speed="47.00" angle="29.95" x="122.66" y="35.64"/>
        <vehicle id="cfm_slow_3" eclass="HBEFA3/PC_G_EU4" CO2="0.00" CO="0.00" HC="0.00" NOx="0.00" PMx="0.00" fuel="0.00" electricity="0.00" noise="81.03" route="routebottom" type="cfm_slow" waiting="0.00" lane="right_0" pos="25.89" speed="47.00" angle="317.96" x="108.53" y="111.11"/>
        <vehicle id="cfm_slow_4" eclass="HBEFA3/PC_G_EU4" CO2="13867.12" CO="488.45" HC="2.61" NOx="5.43" PMx="0.45" fuel="5.96" electricity="0.00" noise="81.03" route="routetop" type="cfm_slow" waiting="0.00" lane="top_0" pos="15.89" speed="47.00" angle="245.89" x="32.39" y="120.98"/>
    </timestep>
    <timestep time="30.70">
        <vehicle id="cfm_slow_0" eclass="HBEFA3/PC_G_EU4" CO2="13867.12" CO="488.45" HC="2.61" NOx="5.43" PMx="0.45" fuel="5.96" electricity="0.00" noise="81.03" route="routetop" type="cfm_slow" waiting="0.00" lane="left_0" pos="10.59" speed="47.00" angle="165.40" x="1.95" y="42.31"/>
        <vehicle id="cfm_slow_1" eclass="HBEFA3/PC_G_EU4" CO2="13867.12" CO="488.45" HC="2.61" NOx="5.43" PMx="0.45" fuel="5.96" electricity="0.00" noise="81.03" route="routebottom" type="cfm_slow" waiting="0.00" lane="bottom_0" pos="0.59" speed="47.00" angle="93.41" x="64.90" y="-1.63"/>
        <vehicle id="cfm_slow_2" eclass="HBEFA3/PC_G_EU4" CO2="0.00" CO="0.00" HC="0.00" NOx="0.00" PMx="0.00" fuel="0.00" electricity="0.00" noise="81.03" route="routebottom" type="cfm_slow" waiting="0.00" lane="bottom_0" pos="40.59" speed="47.00" angle="21.45" x="126.13" y="44.62"/>
        <vehicle id="cfm_slow_3" eclass="HBEFA3/PC_G_EU4" CO2="0.00" CO="0.00" HC="0.00" NOx="0.00" PMx="0.00" fuel="0.00" electricity="0.00" noise="81.03" route="routebottom" type="cfm_slow" waiting="0.00" lane="right_0" pos="30.59" speed="47.00" angle="309.39" x="101.06" y="117.19"/>
        <vehicle id="cfm_slow_4" eclass="HBEFA3/PC_G_EU4" CO2="13867.12" CO="488.45" HC="2.61" NOx="5.43" PMx="0.45" fuel="5.96" electricity="0.00" noise="81.03" route="routetop" type="cfm_slow" waiting="0.00" lane="top_0" pos="20.59" speed="47.00" angle="237.41" x="24.30" y="115.77"/>
    </timestep>
    <timestep time="30.80">
        <vehicle id="cfm_slow_0" eclass="HBEFA3/PC_G_EU4" CO2="13867.12" CO="488.45" HC="2.61" NOx="5.43" PMx="0.45" fuel="5.96" electricity="0.00" noise="81.03" route="routetop" type="cfm_slow" waiting="0.00" lane="left_0" pos="15.29" speed="47.00" angle="156.98" x="5.75" y="33.47"/>
        <vehicle id="cfm_slow_1" eclass="HBEFA3/PC_G_EU4" CO2="13867.12" CO="488.45" HC="2.61" NOx="5.43" PMx="0.45" fuel="5.96" electricity="0.00" noise="81.03" route="routebottom" type="cfm_slow" waiting="0.00" lane="bottom_0" pos="5.29" speed="47.00" angle="84.99" x="74.49" y="-0.74"/>
        <vehicle id="cfm_slow_2" eclass="HBEFA3/PC_G_EU4" CO2="0.00" CO="0.00" HC="0.00" NOx="0.00" PMx="0.00" fuel="0.00" electricity="0.00" noise="81.03" route="routebottom" type="cfm_slow" waiting="0.00" lane="bottom_0" pos="45.29" speed="47.00" angle="12.98" x="128.25" y="54.01"/>
        <vehicle id="cfm_slow_3" eclass="HBEFA3/PC_G_EU4" CO2="0.00" CO="0.00" HC="0.00" NOx="0.00" PMx="0.00" fuel="0.00" electricity="0.00" noise="81.03" route="routebottom" type="cfm_slow" waiting="0.00" lane="right_0" pos="35.29" speed="47.00" angle="301.01" x="92.78" y="122.11"/>
        <vehicle id="cfm_slow_4" eclass="HBEFA3/PC_G_EU4" CO2="13867.12" CO="488.45" HC="2.61" NOx="5.43" PMx="0.45" fuel="5.96" electricity="0.00" noise="81.03" route="routetop" type="cfm_slow" waiting="0.00" lane="top_0" pos="25.29" speed="47.00" angle="228.99" x="17.06" y="109.41"/>
    </timestep>
    <timestep time="30.90">
        <vehicle id="cfm_slow_0" eclass="HBEFA3/PC_G_EU4" CO2="13867.12" CO="488.45" HC="2.61" NOx="5.43" PMx="0.45" fuel="5.96" electricity="0.00" noise="81.03" route="routetop" type="cfm_slow" waiting="0.00" lane="left_0" pos="19.99" speed="47.00" angle="148.44" x="10.83" y="25.29"/>
        <vehicle id="cfm_slow_1" eclass="HBEFA3/PC_G_EU4" CO2="13867.12" CO="488.45" HC="2.61" NOx="5.43" PMx="0.45" fuel="5.96" electricity="0.00" noise="81.03" route="routebottom" type="cfm_slow" waiting="0.00" lane="bottom_0" pos="9.99" speed="47.00" angle="76.45" x="83.84" y="1.55"/>
        <vehicle id="cfm_slow_2" eclass="HBEFA3/PC_G_EU4" CO2="0.00" CO="0.00" HC="0.00" NOx="0.00" PMx="0.00" fuel="0.00" electricity="0.00" noise="81.03" route="routebottom" type="cfm_slow" waiting="0.00" lane="bottom_0" pos="49.99" speed="47.00" angle="4.53" x="128.97" y="63.61"/>
        <vehicle id="cfm_slow_3" eclass="HBEFA3/PC_G_EU4" CO2="0.00" CO="0.00" HC="0.00" NOx="0.00" PMx="0.00" fuel="0.00" electricity="0.00" noise="81.03" route="routebottom" type="cfm_slow" waiting="0.00" lane="right_0" pos="39.99" speed="47.00" angle="292.58" x="83.88" y="125.77"/>
        <vehicle id="cfm_slow_4" eclass="HBEFA3/PC_G_EU4" CO2="13867.12" CO="488.45" HC="2.61" NOx="5.43" PMx="0.45" fuel="5.96" electricity="0.00" noise="81.03" route="routetop" type="cfm_slow" waiting="0.00" lane="top_0" pos="29.99" speed="47.00" angle="220.49" x="10.85" y="102.06"/>
    </timestep>
    <timestep time="31.00">
        <vehicle id="cfm_slow_0" eclass="HBEFA3/PC_G_EU4" CO2="13867.12" CO="488.45" HC="2.61" NOx="5.43" PMx="0.45" fuel="5.96" electricity="0.00" noise="81.03" route="routetop" type="cfm_slow" waiting="0.00" lane="left_0" pos="24.69" speed="47.00" angle="140.08" x="17.04" y="17.94"/>
        <vehicle id="cfm_slow_1" eclass="HBEFA3/PC_G_EU4" CO2="0.00" CO="0.00" HC="0.00" NOx="0.00" PMx="0.00" fuel="0.00" electricity="0.00" noise="81.03" route="routebottom" type="cfm_slow" waiting="0.00" lane="bottom_0" pos="14.69" speed="47.00" angle="68.06" x="92.75" y="5.20"/>
        <vehicle id="cfm_slow_2" eclass="HBEFA3/PC_G_EU4" CO2="0.00" CO="0.00" HC="0.00" NOx="0.00" PMx="0.00" fuel="0.00" electricity="0.00" noise="81.03" route="routebottom" type="cfm_slow" waiting="0.00" lane="right_0" pos="4.69" speed="47.00" angle="356.07" x="128.25" y="73.28"/>
        <vehicle id="cfm_slow_3" eclass="HBEFA3/PC_G_EU4" CO2="0.00" CO="0.00" HC="0.00" NOx="0.00" PMx="0.00" fuel="0.00" electricity="0.00" noise="81.03" route="routebottom" type="cfm_slow" waiting="0.00" lane="right_0" pos="44.69" speed="47.00" angle="284.02" x="74.52" y="128.06"/>
        <vehicle id="cfm_slow_4" eclass="HBEFA3/PC_G_EU4" CO2="13867.12" CO="488.45" HC="2.61" NOx="5.43" PMx="0.45" fuel="5.96" electricity="0.00" noise="81.03" route="routetop" type="cfm_slow" waiting="0.00" lane="top_0" pos="34.69" speed="47.00" angle="212.14" x="5.76" y="93.88"/>
    </timestep>
    <timestep time="31.10">
        <vehicle id="cfm_slow_0" eclass="HBEFA3/PC_G_EU4" CO2="13867.12" CO="488.45" HC="2.61" NOx="5.43" PMx="0.45" fuel="5.96" electricity="0.00" noise="81.03" route="routetop" type="cfm_slow" waiting="0.00" lane="left_0" pos="29.39" speed="47.00" angle="131.58" x="24.27" y="11.58"/>
        <vehicle id="cfm_slow_1" eclass="HBEFA3/PC_G_EU4" CO2="0.00" CO="0.00" HC="0.00" NOx="0.00" PMx="0.00" fuel="0.00" electricity="0.00" noise="81.03" route="routebottom" type="cfm_slow" waiting="0.00" lane="bottom_0" pos="19.39" speed="47.00" angle="59.53" x="101.03" y="10.11"/>
        <vehicle id="cfm_slow_2" eclass="HBEFA3/PC_G_EU4" CO2="0.00" CO="0.00" HC="0.00" NOx="0.00" PMx="0.00" fuel="0.00" electricity="0.00" noise="81.03" route="routebottom" type="cfm_slow" waiting="0.00" lane="right_0" pos="9.39" speed="47.00" angle="347.60" x="126.14" y="82.67"/>
        <vehicle id="cfm_slow_3" eclass="HBEFA3/PC_G_EU4" CO2="0.00" CO="0.00" HC="0.00" NOx="0.00" PMx="0.00" fuel="0.00" electricity="0.00" noise="81.03" route="routebottom" type="cfm_slow" waiting="0.00" lane="right_0" pos="49.39" speed="47.00" angle="275.58" x="64.94" y="128.95"/>
        <vehicle id="cfm_slow_4" eclass="HBEFA3/PC_G_EU4" CO2="13867.12" CO="488.45" HC="2.61" NOx="5.43" PMx="0.45" fuel="5.96" electricity="0.00" noise="81.03" route="routetop" type="cfm_slow" waiting="0.00" lane="top_0" pos="39.39" speed="47.00" angle="203.57" x="1.96" y="85.04"/>
    </timestep>
    <timestep time="31.20">
        <vehicle id="cfm_slow_0" eclass="HBEFA3/PC_G_EU4" CO2="13867.12" CO="488.45" HC="2.61" NOx="5.43" PMx="0.45" fuel="5.96" electricity="0.00" noise="81.03" route="routetop" type="cfm_slow" waiting="0.00" lane="left_0" pos="34.09" speed="47.00" angle="123.16" x="32.36" y="6.35"/>
        <vehicle id="cfm_slow_1" eclass="HBEFA3/PC_G_EU4" CO2="0.00" CO="0.00" HC="0.00" NOx="0.00" PMx="0.00" fuel="0.00" electricity="0.00" noise="81.03" route="routebottom" type="cfm_slow" waiting="0.00" lane="bottom_0" pos="24.09" speed="47.00" angle="51.17" x="108.50" y="16.18"/>
        <vehicle id="cfm_slow_2" eclass="HBEFA3/PC_G_EU4" CO2="0.00" CO="0.00" HC="0.00" NOx="0.00" PMx="0.00" fuel="0.00" electricity="0.00" noise="81.03" route="routebottom" type="cfm_slow" waiting="0.00" lane="right_0" pos="14.09" speed="47.00" angle="339.13" x="122.67" y="91.65"/>
        <vehicle id="cfm_slow_3" eclass="HBEFA3/PC_G_EU4" CO2="0.00" CO="0.00" HC="0.00" NOx="0.00" PMx="0.00" fuel="0.00" electricity="0.00" noise="81.03" route="routetop" type="cfm_slow" waiting="0.00" lane="top_0" pos="4.09" speed="47.00" angle="267.17" x="55.26" y="128.43"/>
        <vehicle id="cfm_slow_4" eclass="HBEFA3/PC_G_EU4" CO2="13867.12" CO="488.45" HC="2.61" NOx="5.43" PMx="0.45" fuel="5.96" electricity="0.00" noise="81.03" route="routetop" type="cfm_slow" waiting="0.00" lane="top_0" pos="44.09" speed="47.00" angle="195.17" x="-0.51" y="75.73"/>
    </timestep>
    <timestep time="31.30">
        <vehicle id="cfm_slow_0" eclass="HBEFA3/PC_G_EU4" CO2="13867.12" CO="488.45" HC="2.61" NOx="5.43" PMx="0.45" fuel="5.96" electricity="0.00" noise="81.03" route="routetop" type="cfm_slow" waiting="0.00" lane="left_0" pos="38.79" speed="47.00" angle="114.66" x="41.13" y="2.38"/>
        <vehicle id="cfm_slow_1" eclass="HBEFA3/PC_G_EU4" CO2="0.00" CO="0.00" HC="0.00" NOx="0.00" PMx="0.00" fuel="0.00" electricity="0.00" noise="81.03" route="routebottom" type="cfm_slow" waiting="0.00" lane="bottom_0" pos="28.79" speed="47.00" angle="42.63" x="114.99" y="23.30"/>
        <vehicle id="cfm_slow_2" eclass="HBEFA3/PC_G_EU4" CO2="0.00" CO="0.00" HC="0.00" NOx="0.00" PMx="0.00" fuel="0.00" electricity="0.00" noise="81.03" route="routebottom" type="cfm_slow" waiting="0.00" lane="right_0" pos="18.79" speed="47.00" angle="330.64" x="117.91" y="100.02"/>
        <vehicle id="cfm_slow_3" eclass="HBEFA3/PC_G_EU4" CO2="0.00" CO="0.00" HC="0.00" NOx="0.00" PMx="0.00" fuel="0.00" electricity="0.00" noise="81.03" route="routetop" type="cfm_slow" waiting="0.00" lane="top_0" pos="8.79" speed="47.00" angle="258.63" x="45.83" y="126.49"/>
        <vehicle id="cfm_slow_4" eclass="HBEFA3/PC_G_EU4" CO2="13867.12" CO="488.45" HC="2.61" NOx="5.43" PMx="0.45" fuel="5.96" electricity="0.00" noise="81.03" route="routetop" type="cfm_slow" waiting="0.00" lane="top_0" pos="48.79" speed="47.00" angle="186.74" x="-1.60" y="66.17"/>
    </timestep>
    <timestep time="31.40">
        <vehicle id="cfm_slow_0" eclass="HBEFA3/PC_G_EU4" CO2="13867.12" CO="488.45" HC="2.61" NOx="5.43" PMx="0.45" fuel="5.96" electricity="0.00" noise="81.03" route="routetop" type="cfm_slow" waiting="0.00" lane="left_0" pos="43.49" speed="47.00" angle="106.26" x="50.38" y="-0.28"/>
        <vehicle id="cfm_slow_1" eclass="HBEFA3/PC_G_EU4" CO2="0.00" CO="0.00" HC="0.00" NOx="0.00" PMx="0.00" fuel="0.00" electricity="0.00" noise="81.03" route="routebottom" type="cfm_slow" waiting="0.00" lane="bottom_0" pos="33.49" speed="47.00" angle="34.25" x="120.37" y="31.28"/>
        <vehicle id="cfm_slow_2" eclass="HBEFA3/PC_G_EU4" CO2="0.00" CO="0.00" HC="0.00" NOx="0.00" PMx="0.00" fuel="0.00" electricity="0.00" noise="81.03" route="routebottom" type="cfm_slow" waiting="0.00" lane="right_0" pos="23.49" speed="47.00" angle="322.23" x="111.97" y="107.60"/>
        <vehicle id="cfm_slow_3" eclass="HBEFA3/PC_G_EU4" CO2="0.00" CO="0.00" HC="0.00" NOx="0.00" PMx="0.00" fuel="0.00" electricity="0.00" noise="81.03" route="routetop" type="cfm_slow" waiting="0.00" lane="top_0" pos="13.49" speed="47.00" angle="250.19" x="36.79" y="123.18"/>
        <vehicle id="cfm_slow_4" eclass="HBEFA3/PC_G_EU4" CO2="13867.12" CO="488.45" HC="2.61" NOx="5.43" PMx="0.45" fuel="5.96" electricity="0.00" noise="81.03" route="routetop" type="cfm_slow" waiting="0.00" lane="left_0" pos="3.49" speed="47.00" angle="178.21" x="-1.25" y="56.48"/>
    </timestep>
    <timestep time="31.50">
        <vehicle id="cfm_slow_0" eclass="HBEFA3/PC_G_EU4" CO2="13867.12" CO="488.45" HC="2.61" NOx="5.43" PMx="0.45" fuel="5.96" electricity="0.00" noise="81.03" route="routetop" type="cfm_slow" waiting="0.00" lane="left_0" pos="48.19" speed="47.00" angle="97.79" x="59.93" y="-1.53"/>
        <vehicle id="cfm_slow_1" eclass="HBEFA3/PC_G_EU4" CO2="0.00" CO="0.00" HC="0.00" NOx="0.00" PMx="0.00" fuel="0.00" electricity="0.00" noise="81.03" route="routebottom" type="cfm_slow" waiting="0.00" lane="bottom_0" pos="38.19" speed="47.00" angle="25.71" x="124.51" y="39.98"/>
        <vehicle id="cfm_slow_2" eclass="HBEFA3/PC_G_EU4" CO2="0.00" CO="0.00" HC="0.00" NOx="0.00" PMx="0.00" fuel="0.00" electricity="0.00" noise="81.03" route="routebottom" type="cfm_slow" waiting="0.00" lane="right_0" pos="28.19" speed="47.00" angle="313.70" x="104.99" y="114.23"/>
        <vehicle id="cfm_slow_3" eclass="HBEFA3/PC_G_EU4" CO2="0.00" CO="0.00" HC="0.00" NOx="0.00" PMx="0.00" fuel="0.00" electricity="0.00" noise="81.03" route="routetop" type="cfm_slow" waiting="0.00" lane="top_0" pos="18.19" speed="47.00" angle="241.80" x="28.33" y="118.59"/>
        <vehicle id="cfm_slow_4" eclass="HBEFA3/PC_G_EU4" CO2="13867.12" CO="488.45" HC="2.61" NOx="5.43" PMx="0.45" fuel="5.96" electricity="0.00" noise="81.03" route="routetop" type="cfm_slow" waiting="0.00" lane="left_0" pos="8.19" speed="47.00" angle="169.71" x="0.52" y="47.02"/>
    </timestep>
    <timestep time="31.60">
        <vehicle id="cfm_slow_0" eclass="HBEFA3/PC_G_EU4" CO2="13867.12" CO="488.45" HC="2.61" NOx="5.43" PMx="0.45" fuel="5.96" electricity="0.00" noise="81.03" route="routebottom" type="cfm_slow" waiting="0.00" lane="bottom_0" pos="2.89" speed="47.00" angle="89.31" x="69.61" y="-1.37"/>
        <vehicle id="cfm_slow_1" eclass="HBEFA3/PC_G_EU4" CO2="0.00" CO="0.00" HC="0.00" NOx="0.00" PMx="0.00" fuel="0.00" electricity="0.00" noise="81.03" route="routebottom" type="cfm_slow" waiting="0.00" lane="bottom_0" pos="42.89" speed="47.00" angle="17.35" x="127.33" y="49.18"/>
        <vehicle id="cfm_slow_2" eclass="HBEFA3/PC_G_EU4" CO2="0.00" CO="0.00" HC="0.00" NOx="0.00" PMx="0.00" fuel="0.00" electricity="0.00" noise="81.03" route="routebottom" type="cfm_slow" waiting="0.00" lane="right_0" pos="32.89" speed="47.00" angle="305.32" x="97.10" y="119.75"/>
        <vehicle id="cfm_slow_3" eclass="HBEFA3/PC_G_EU4" CO2="13867.12" CO="488.45" HC="2.61" NOx="5.43" PMx="0.45" fuel="5.96" electricity="0.00" noise="81.03" route="routetop" type="cfm_slow" waiting="0.00" lane="top_0" pos="22.89" speed="47.00" angle="233.23" x="20.64" y="112.79"/>
        <vehicle id="cfm_slow_4" eclass="HBEFA3/PC_G_EU4" CO2="13867.12" CO="488.45" HC="2.61" NOx="5.43" PMx="0.45" fuel="5.96" electricity="0.00" noise="81.03" route="routetop" type="cfm_slow" waiting="0.00" lane="left_0" pos="12.89" speed="47.00" angle="161.33" x="3.64" y="37.91"/>
    </timestep>
    <timestep time="31.70">
        <vehicle id="cfm_slow_0" eclass="HBEFA3/PC_G_EU4" CO2="13867.12" CO="488.45" HC="2.61" NOx="5.43" PMx="0.45" fuel="5.96" electricity="0.00" noise="81.03" route="routebottom" type="cfm_slow" waiting="0.00" lane="bottom_0" pos="7.59" speed="47.00" angle="80.80" x="79.11" y="0.21"/>
        <vehicle id="cfm_slow_1" eclass="HBEFA3/PC_G_EU4" CO2="0.00" CO="0.00" HC="0.00" NOx="0.00" PMx="0.00" fuel="0.00" electricity="0.00" noise="81.03" route="routebottom" type="cfm_slow" waiting="0.00" lane="bottom_0" pos="47.59" speed="47.00" angle="8.93" x="128.79" y="58.70"/>
        <vehicle id="cfm_slow_2" eclass="HBEFA3/PC_G_EU4" CO2="0.00" CO="0.00" HC="0.00" NOx="0.00" PMx="0.00" fuel="0.00" electricity="0.00" noise="81.03" route="routebottom" type="cfm_slow" waiting="0.00" lane="right_0" pos="37.59" speed="47.00" angle="296.82" x="88.49" y="124.06"/>
        <vehicle id="cfm_slow_3" eclass="HBEFA3/PC_G_EU4" CO2="13867.12" CO="488.45" HC="2.61" NOx="5.43" PMx="0.45" fuel="5.96" electricity="0.00" noise="81.03" route="routetop" type="cfm_slow" waiting="0.00" lane="top_0" pos="27.59" speed="47.00" angle="224.82" x="13.89" y="105.93"/>
        <vehicle id="cfm_slow_4" eclass="HBEFA3/PC_G_EU4" CO2="13867.12" CO="488.45" HC="2.61" NOx="5.43" PMx="0.45" fuel="5.96" electricity="0.00" noise="81.03" route="routetop" type="cfm_slow" waiting="0.00" lane="left_0" pos="17.59" speed="47.00" angle="152.81" x="8.09" y="29.37"/>
    </timestep>
    <timestep time="31.80">
        <vehicle id="cfm_slow_0" eclass="HBEFA3/PC_G_EU4" CO2="13867.12" CO="488.45" HC="2.61" NOx="5.43" PMx="0.45" fuel="5.96" electricity="0.00" noise="81.03" route="routebottom" type="cfm_slow" waiting="0.00" lane="bottom_0" pos="12.29" speed="47.00" angle="72.36" x="88.27" y="3.18"/>
        <vehicle id="cfm_slow_1" eclass="HBEFA3/PC_G_EU4" CO2="0.00" CO="0.00" HC="0.00" NOx="0.00" PMx="0.00" fuel="0.00" electricity="0.00" noise="81.03" route="routebottom" type="cfm_slow" waiting="0.00" lane="right_0" pos="2.29" speed="47.00" angle="0.35" x="128.80" y="68.39"/>
        <vehicle id="cfm_slow_2" eclass="HBEFA3/PC_G_EU4" CO2="0.00" CO="0.00" HC="0.00" NOx="0.00" PMx="0.00" fuel="0.00" electricity="0.00" noise="81.03" route="routebottom" type="cfm_slow" waiting="0.00" lane="right_0" pos="42.29" speed="47.00" angle="288.38" x="79.34" y="127.06"/>
        <vehicle id="cfm_slow_3" eclass="HBEFA3/PC_G_EU4" CO2="13867.12" CO="488.45" HC="2.61" NOx="5.43" PMx="0.45" fuel="5.96" electricity="0.00" noise="81.03" route="routetop" type="cfm_slow" waiting="0.00" lane="top_0" pos="32.29" speed="47.00" angle="216.40" x="8.21" y="98.15"/>
        <vehicle id="cfm_slow_4" eclass="HBEFA3/PC_G_EU4" CO2="13867.12" CO="488.45" HC="2.61" NOx="5.43" PMx="0.45" fuel="5.96" electricity="0.00" noise="81.03" route="routetop" type="cfm_slow" waiting="0.00" lane="left_0" pos="22.29" speed="47.00" angle="144.36" x="13.74" y="21.58"/>
    </timestep>
    <timestep time="31.90">
        <vehicle id="cfm_slow_0" eclass="HBEFA3/PC_G_EU4" CO2="13867.12" CO="488.45" HC="2.61" NOx="5.43" PMx="0.45" fuel="5.96" electricity="0.00" noise="81.03" route="routebottom" type="cfm_slow" waiting="0.00" lane="bottom_0" pos="16.99" speed="47.00" angle="63.94" x="96.90" y="7.45"/>
        <vehicle id="cfm_slow_1" eclass="HBEFA3/PC_G_EU4" CO2="0.00" CO="0.00" HC="0.00" NOx="0.00" PMx="0.00" fuel="0.00" electricity="0.00" noise="81.03" route="routebottom" type="cfm_slow" waiting="0.00" lane="right_0" pos="6.99" speed="47.00" angle="351.88" x="127.39" y="77.91"/>
        <vehicle id="cfm_slow_2" eclass="HBEFA3/PC_G_EU4" CO2="0.00" CO="0.00" HC="0.00" NOx="0.00" PMx="0.00" fuel="0.00" electricity="0.00" noise="81.03" route="routebottom" type="cfm_slow" waiting="0.00" lane="right_0" pos="46.99" speed="47.00" angle="279.96" x="69.85" y="128.67"/>
        <vehicle id="cfm_slow_3" eclass="HBEFA3/PC_G_EU4" CO2="13867.12" CO="488.45" HC="2.61" NOx="5.43" PMx="0.45" fuel="5.96" electricity="0.00" noise="81.03" route="routetop" type="cfm_slow" waiting="0.00" lane="top_0" pos="36.99" speed="47.00" angle="207.92" x="3.73" y="89.63"/>
        <vehicle id="cfm_slow_4" eclass="HBEFA3/PC_G_EU4" CO2="13867.12" CO="488.45" HC="2.61" NOx="5.43" PMx="0.45" fuel="5.96" electricity="0.00" noise="81.03" route="routetop" type="cfm_slow" waiting="0.00" lane="left_0" pos="26.99" speed="47.00" angle="135.94" x="20.46" y="14.69"/>
    </timestep>
    <timestep time="32.00">
        <vehicle id="cfm_slow_0" eclass="HBEFA3/PC_G_EU4" CO2="13867.12" CO="488.45" HC="2.61" NOx="5.43" PMx="0.45" fuel="5.96" electricity="0.00" noise="81.03" route="routebottom" type="cfm_slow" waiting="0.00" lane="bottom_0" pos="21.69" speed="47.00" angle="55.40" x="104.80" y="12.95"/>
        <vehicle id="cfm_slow_1" eclass="HBEFA3/PC_G_EU4" CO2="0.00" CO="0.00" HC="0.00" NOx="0.00" PMx="0.00" fuel="0.00" electricity="0.00" noise="81.03" route="routebottom" type="cfm_slow" waiting="0.00" lane="right_0" pos="11.69" speed="47.00" angle="343.40" x="124.60" y="87.12"/>
        <vehicle id="cfm_slow_2" eclass="HBEFA3/PC_G_EU4" CO2="0.00" CO="0.00" HC="0.00" NOx="0.00" PMx="0.00" fuel="0.00" electricity="0.00" noise="81.03" route="routetop" type="cfm_slow" waiting="0.00" lane="top_0" pos="1.69" speed="47.00" angle="271.44" x="60.16" y="128.87"/>
        <vehicle id="cfm_slow_3" eclass="HBEFA3/PC_G_EU4" CO2="13867.12" CO="488.45" HC="2.61" NOx="5.43" PMx="0.45" fuel="5.96" electricity="0.00" noise="81.03" route="routetop" type="cfm_slow" waiting="0.00" lane="top_0" pos="41.69" speed="47.00" angle="199.43" x="0.58" y="80.53"/>
        <vehicle id="cfm_slow_4" eclass="HBEFA3/PC_G_EU4" CO2="13867.12" CO="488.45" HC="2.61" NOx="5.43" PMx="0.45" fuel="5.96" electricity="0.00" noise="81.03" route="routetop" type="cfm_slow" waiting="0.00" lane="left_0" pos="31.69" speed="47.00" angle="127.46" x="28.13" y="8.87"/>
    </timestep>
    <timestep time="32.10">
        <vehicle id="cfm_slow_0" eclass="HBEFA3/PC_G_EU4" CO2="13867.12" CO="488.45" HC="2.61" NOx="5.43" PMx="0.45" fuel="5.96" electricity="0.00" noise="81.03" route="routebottom" type="cfm_slow" waiting="0.00" lane="bottom_0" pos="26.39" speed="47.00" angle="47.01" x="111.81" y="19.55"/>
        <vehicle id="cfm_slow_1" eclass="HBEFA3/PC_G_EU4" CO2="0.00" CO="0.00" HC="0.00" NOx="0.00" PMx="0.00" fuel="0.00" electricity="0.00" noise="81.03" route="routebottom" type="cfm_slow" waiting="0.00" lane="right_0" pos="16.39" speed="47.00" angle="335.00" x="120.49" y="95.83"/>
        <vehicle id="cfm_slow_2" eclass="HBEFA3/PC_G_EU4" CO2="0.00" CO="0.00" HC="0.00" NOx="0.00" PMx="0.00" fuel="0.00" electricity="0.00" noise="81.03" route="routetop" type="cfm_slow" waiting="0.00" lane="top_0" pos="6.39" speed="47.00" angle="263.03" x="50.61" y="127.66"/>
        <vehicle id="cfm_slow_3" eclass="HBEFA3/PC_G_EU4" CO2="13867.12" CO="488.45" HC="2.61" NOx="5.43" PMx="0.45" fuel="5.96" electricity="0.00" noise="81.03" route="routetop" type="cfm_slow" waiting="0.00" lane="top_0" pos="46.39" speed="47.00" angle="191.06" x="-1.23" y="71.07"/>
        <vehicle id="cfm_slow_4" eclass="HBEFA3/PC_G_EU4" CO2="13867.12" CO="488.45" HC="2.61" NOx="5.43" PMx="0.45" fuel="5.96" electricity="0.00" noise="81.03" route="routetop" type="cfm_slow" waiting="0.00" lane="left_0" pos="36.39" speed="47.00" angle="119.05" x="36.57" y="4.24"/>
    </timestep>
    <timestep time="32.20">
        <vehicle id="cfm_slow_0" eclass="HBEFA3/PC_G_EU4" CO2="0.00" CO="0.00" HC="0.00" NOx="0.00" PMx="0.00" fuel="0.00" electricity="0.00" noise="81.03" route="routebottom" type="cfm_slow" waiting="0.00" lane="bottom_0" pos="31.09" speed="47.00" angle="38.57" x="117.77" y="27.11"/>
        <vehicle id="cfm_slow_1" eclass="HBEFA3/PC_G_EU4" CO2="0.00" CO="0.00" HC="0.00" NOx="0.00" PMx="0.00" fuel="0.00" electricity="0.00" noise="81.03" route="routebottom" type="cfm_slow" waiting="0.00" lane="right_0" pos="21.09" speed="47.00" angle="326.49" x="115.13" y="103.83"/>
        <vehicle id="cfm_slow_2" eclass="HBEFA3/PC_G_EU4" CO2="0.00" CO="0.00" HC="0.00" NOx="0.00" PMx="0.00" fuel="0.00" electricity="0.00" noise="81.03" route="routetop" type="cfm_slow" waiting="0.00" lane="top_0" pos="11.09" speed="47.00" angle="254.45" x="41.35" y="125.03"/>
        <vehicle id="cfm_slow_3" eclass="HBEFA3/PC_G_EU4" CO2="13867.12" CO="488.45" HC="2.61" NOx="5.43" PMx="0.45" fuel="5.96" electricity="0.00" noise="81.03" route="routetop" type="cfm_slow" waiting="0.00" lane="left_0" pos="1.09" speed="47.00" angle="182.50" x="-1.61" y="61.39"/>
        <vehicle id="cfm_slow_4" eclass="HBEFA3/PC_G_EU4" CO2="13867.12" CO="488.45" HC="2.61" NOx="5.43" PMx="0.45" fuel="5.96" electricity="0.00" noise="81.03" route="routetop" type="cfm_slow" waiting="0.00" lane="left_0" pos="41.09" speed="47.00" angle="110.53" x="45.60" y="0.90"/>
    </timestep>
    <timestep time="32.30">
        <vehicle id="cfm_slow_0" eclass="HBEFA3/PC_G_EU4" CO2="0.00" CO="0.00" HC="0.00" NOx="0.00" PMx="0.00" fuel="0.00" electricity="0.00" noise="81.03" route="routebottom" type="cfm_slow" waiting="0.00" lane="bottom_0" pos="35.79" speed="47.00" angle="30.09" x="122.57" y="35.46"/>
        <vehicle id="cfm_slow_1" eclass="HBEFA3/PC_G_EU4" CO2="0.00" CO="0.00" HC="0.00" NOx="0.00" PMx="0.00" fuel="0.00" electricity="0.00" noise="81.03" route="routebottom" type="cfm_slow" waiting="0.00" lane="right_0" pos="25.79" speed="47.00" angle="318.14" x="108.68" y="110.97"/>
        <vehicle id="cfm_slow_2" eclass="HBEFA3/PC_G_EU4" CO2="0.00" CO="0.00" HC="0.00" NOx="0.00" PMx="0.00" fuel="0.00" electricity="0.00" noise="81.03" route="routetop" type="cfm_slow" waiting="0.00" lane="top_0" pos="15.79" speed="47.00" angle="246.07" x="32.57" y="121.08"/>
        <vehicle id="cfm_slow_3" eclass="HBEFA3/PC_G_EU4" CO2="13867.12" CO="488.45" HC="2.61" NOx="5.43" PMx="0.45" fuel="5.96" electricity="0.00" noise="81.03" route="routetop" type="cfm_slow" waiting="0.00" lane="left_0" pos="5.79" speed="47.00" angle="174.05" x="-0.56" y="51.82"/>
        <vehicle id="cfm_slow_4" eclass="HBEFA3/PC_G_EU4" CO2="13867.12" CO="488.45" HC="2.61" NOx="5.43" PMx="0.45" fuel="5.96" electricity="0.00" noise="81.03" route="routetop" type="cfm_slow" waiting="0.00" lane="left_0" pos="45.79" speed="47.00" angle="102.11" x="55.03" y="-1.07"/>
    </timestep>
    <timestep time="32.40">
        <vehicle id="cfm_slow_0" eclass="HBEFA3/PC_G_EU4" CO2="0.00" CO="0.00" HC="0.00" NOx="0.00" PMx="0.00" fuel="0.00" electricity="0.00" noise="81.03" route="routebottom" type="cfm_slow" waiting="0.00" lane="bottom_0" pos="40.49" speed="47.00" angle="21.64" x="126.07" y="44.42"/>
        <vehicle id="cfm_slow_1" eclass="HBEFA3/PC_G_EU4" CO2="0.00" CO="0.00" HC="0.00" NOx="0.00" PMx="0.00" fuel="0.00" electricity="0.00" noise="81.03" route="routebottom" type="cfm_slow" waiting="0.00" lane="right_0" pos="30.49" speed="47.00" angle="309.57" x="101.23" y="117.07"/>
        <vehicle id="cfm_slow_2" eclass="HBEFA3/PC_G_EU4" CO2="0.00" CO="0.00" HC="0.00" NOx="0.00" PMx="0.00" fuel="0.00" electricity="0.00" noise="81.03" route="routetop" type="cfm_slow" waiting="0.00" lane="top_0" pos="20.49" speed="47.00" angle="237.58" x="24.46" y="115.89"/>
        <vehicle id="cfm_slow_3" eclass="HBEFA3/PC_G_EU4" CO2="13867.12" CO="488.45" HC="2.61" NOx="5.43" PMx="0.45" fuel="5.96" electricity="0.00" noise="81.03" route="routetop" type="cfm_slow" waiting="0.00" lane="left_0" pos="10.49" speed="47.00" angle="165.59" x="1.88" y="42.51"/>
        <vehicle id="cfm_slow_4" eclass="HBEFA3/PC_G_EU4" CO2="13867.12" CO="488.45" HC="2.61" NOx="5.43" PMx="0.45" fuel="5.96" electricity="0.00" noise="81.03" route="routebottom" type="cfm_slow" waiting="0.00" lane="bottom_0" pos="0.49" speed="47.00" angle="93.59" x="64.70" y="-1.63"/>
    </timestep>
    <timestep time="32.50">
        <vehicle id="cfm_slow_0" eclass="HBEFA3/PC_G_EU4" CO2="0.00" CO="0.00" HC="0.00" NOx="0.00" PMx="0.00" fuel="0.00" electricity="0.00" noise="81.03" route="routebottom" type="cfm_slow" waiting="0.00" lane="bottom_0" pos="45.19" speed="47.00" angle="13.16" x="128.22" y="53.81"/>
        <vehicle id="cfm_slow_1" eclass="HBEFA3/PC_G_EU4" CO2="0.00" CO="0.00" HC="0.00" NOx="0.00" PMx="0.00" fuel="0.00" electricity="0.00" noise="81.03" route="routebottom" type="cfm_slow" waiting="0.00" lane="right_0" pos="35.19" speed="47.00" angle="301.20" x="92.97" y="122.02"/>
        <vehicle id="cfm_slow_2" eclass="HBEFA3/PC_G_EU4" CO2="0.00" CO="0.00" HC="0.00" NOx="0.00" PMx="0.00" fuel="0.00" electricity="0.00" noise="81.03" route="routetop" type="cfm_slow" waiting="0.00" lane="top_0" pos="25.19" speed="47.00" angle="229.17" x="17.21" y="109.56"/>
        <vehicle id="cfm_slow_3" eclass="HBEFA3/PC_G_EU4" CO2="13867.12" CO="488.45" HC="2.61" NOx="5.43" PMx="0.45" fuel="5.96" electricity="0.00" noise="81.03" route="routetop" type="cfm_slow" waiting="0.00" lane="left_0" pos="15.19" speed="47.00" angle="157.14" x="5.65" y="33.65"/>
        <vehicle id="cfm_slow_4" eclass="HBEFA3/PC_G_EU4" CO2="13867.12" CO="488.45" HC="2.61" NOx="5.43" PMx="0.45" fuel="5.96" electricity="0.00" noise="81.03" route="routebottom" type="cfm_slow" waiting="0.00" lane="bottom_0" pos="5.19" speed="47.00" angle="85.18" x="74.29" y="-0.78"/>
    </timestep>
    <timestep time="32.60">
        <vehicle id="cfm_slow_0" eclass="HBEFA3/PC_G_EU4" CO2="0.00" CO="0.00" HC="0.00" NOx="0.00" PMx="0.00" fuel="0.00" electricity="0.00" noise="81.03" route="routebottom" type="cfm_slow" waiting="0.00" lane="bottom_0" pos="49.89" speed="47.00" angle="4.67" x="128.97" y="63.41"/>
        <vehicle id="cfm_slow_1" eclass="HBEFA3/PC_G_EU4" CO2="0.00" CO="0.00" HC="0.00" NOx="0.00" PMx="0.00" fuel="0.00" electricity="0.00" noise="81.03" route="routebottom" type="cfm_slow" waiting="0.00" lane="right_0" pos="39.89" speed="47.00" angle="292.77" x="84.07" y="125.71"/>
        <vehicle id="cfm_slow_2" eclass="HBEFA3/PC_G_EU4" CO2="0.00" CO="0.00" HC="0.00" NOx="0.00" PMx="0.00" fuel="0.00" electricity="0.00" noise="81.03" route="routetop" type="cfm_slow" waiting="0.00" lane="top_0" pos="29.89" speed="47.00" angle="220.68" x="10.97" y="102.22"/>
        <vehicle id="cfm_slow_3" eclass="HBEFA3/PC_G_EU4" CO2="13867.12" CO="488.45" HC="2.61" NOx="5.43" PMx="0.45" fuel="5.96" electricity="0.00" noise="81.03" route="routetop" type="cfm_slow" waiting="0.00" lane="left_0" pos="19.89" speed="47.00" angle="148.62" x="10.71" y="25.46"/>
        <vehicle id="cfm_slow_4" eclass="HBEFA3/PC_G_EU4" CO2="13867.12" CO="488.45" HC="2.61" NOx="5.43" PMx="0.45" fuel="5.96" electricity="0.00" noise="81.03" route="routebottom" type="cfm_slow" waiting="0.00" lane="bottom_0" pos="9.89" speed="47.00" angle="76.64" x="83.65" y="1.49"/>
    </timestep>
    <timestep time="32.70">
        <vehicle id="cfm_slow_0" eclass="HBEFA3/PC_G_EU4" CO2="0.00" CO="0.00" HC="0.00" NOx="0.00" PMx="0.00" fuel="0.00" electricity="0.00" noise="81.03" route="routebottom" type="cfm_slow" waiting="0.00" lane="right_0" pos="4.59" speed="47.00" angle="356.26" x="128.28" y="73.07"/>
        <vehicle id="cfm_slow_1" eclass="HBEFA3/PC_G_EU4" CO2="0.00" CO="0.00" HC="0.00" NOx="0.00" PMx="0.00" fuel="0.00" electricity="0.00" noise="81.03" route="routebottom" type="cfm_slow" waiting="0.00" lane="right_0" pos="44.59" speed="47.00" angle="284.21" x="74.73" y="128.02"/>
        <vehicle id="cfm_slow_2" eclass="HBEFA3/PC_G_EU4" CO2="0.00" CO="0.00" HC="0.00" NOx="0.00" PMx="0.00" fuel="0.00" electricity="0.00" noise="81.03" route="routetop" type="cfm_slow" waiting="0.00" lane="top_0" pos="34.59" speed="47.00" angle="212.31" x="5.86" y="94.07"/>
        <vehicle id="cfm_slow_3" eclass="HBEFA3/PC_G_EU4" CO2="13867.12" CO="488.45" HC="2.61" NOx="5.43" PMx="0.45" fuel="5.96" electricity="0.00" noise="81.03" route="routetop" type="cfm_slow" waiting="0.00" lane="left_0" pos="24.59" speed="47.00" angle="140.27" x="16.90" y="18.08"/>
        <vehicle id="cfm_slow_4" eclass="HBEFA3/PC_G_EU4" CO2="13867.12" CO="488.45" HC="2.61" NOx="5.43" PMx="0.45" fuel="5.96" electricity="0.00" noise="81.03" route="routebottom" type="cfm_slow" waiting="0.00" lane="bottom_0" pos="14.59" speed="47.00" angle="68.25" x="92.57" y="5.10"/>
    </timestep>
    <timestep time="32.80">
        <vehicle id="cfm_slow_0" eclass="HBEFA3/PC_G_EU4" CO2="0.00" CO="0.00" HC="0.00" NOx="0.00" PMx="0.00" fuel="0.00" electricity="0.00" noise="81.03" route="routebottom" type="cfm_slow" waiting="0.00" lane="right_0" pos="9.29" speed="47.00" angle="347.79" x="126.20" y="82.47"/>
        <vehicle id="cfm_slow_1" eclass="HBEFA3/PC_G_EU4" CO2="0.00" CO="0.00" HC="0.00" NOx="0.00" PMx="0.00" fuel="0.00" electricity="0.00" noise="81.03" route="routebottom" type="cfm_slow" waiting="0.00" lane="right_0" pos="49.29" speed="47.00" angle="275.77" x="65.14" y="128.94"/>
        <vehicle id="cfm_slow_2" eclass="HBEFA3/PC_G_EU4" CO2="13867.12" CO="488.45" HC="2.61" NOx="5.43" PMx="0.45" fuel="5.96" electricity="0.00" noise="81.03" route="routetop" type="cfm_slow" waiting="0.00" lane="top_0" pos="39.29" speed="47.00" angle="203.75" x="2.03" y="85.23"/>
        <vehicle id="cfm_slow_3" eclass="HBEFA3/PC_G_EU4" CO2="13867.12" CO="488.45" HC="2.61" NOx="5.43" PMx="0.45" fuel="5.96" electricity="0.00" noise="81.03" route="routetop" type="cfm_slow" waiting="0.00" lane="left_0" pos="29.29" speed="47.00" angle="131.75" x="24.11" y="11.70"/>
        <vehicle id="cfm_slow_4" eclass="HBEFA3/PC_G_EU4" CO2="13867.12" CO="488.45" HC="2.61" NOx="5.43" PMx="0.45" fuel="5.96" electricity="0.00" noise="81.03" route="routebottom" type="cfm_slow" waiting="0.00" lane="bottom_0" pos="19.29" speed="47.00" angle="59.72" x="100.86" y="9.99"/>
    </timestep>
    <timestep time="32.90">
        <vehicle id="cfm_slow_0" eclass="HBEFA3/PC_G_EU4" CO2="0.00" CO="0.00" HC="0.00" NOx="0.00" PMx="0.00" fuel="0.00" electricity="0.00" noise="81.03" route="routebottom" type="cfm_slow" waiting="0.00" lane="right_0" pos="13.99" speed="47.00" angle="339.27" x="122.76" y="91.47"/>
        <vehicle id="cfm_slow_1" eclass="HBEFA3/PC_G_EU4" CO2="0.00" CO="0.00" HC="0.00" NOx="0.00" PMx="0.00" fuel="0.00" electricity="0.00" noise="81.03" route="routetop" type="cfm_slow" waiting="0.00" lane="top_0" pos="3.99" speed="47.00" angle="267.35" x="55.47" y="128.45"/>
        <vehicle id="cfm_slow_2" eclass="HBEFA3/PC_G_EU4" CO2="13867.12" CO="488.45" HC="2.61" NOx="5.43" PMx="0.45" fuel="5.96" electricity="0.00" noise="81.03" route="routetop" type="cfm_slow" waiting="0.00" lane="top_0" pos="43.99" speed="47.00" angle="195.36" x="-0.48" y="75.93"/>
        <vehicle id="cfm_slow_3" eclass="HBEFA3/PC_G_EU4" CO2="13867.12" CO="488.45" HC="2.61" NOx="5.43" PMx="0.45" fuel="5.96" electricity="0.00" noise="81.03" route="routetop" type="cfm_slow" waiting="0.00" lane="left_0" pos="33.99" speed="47.00" angle="123.34" x="32.18" y="6.45"/>
        <vehicle id="cfm_slow_4" eclass="HBEFA3/PC_G_EU4" CO2="13867.12" CO="488.45" HC="2.61" NOx="5.43" PMx="0.45" fuel="5.96" electricity="0.00" noise="81.03" route="routebottom" type="cfm_slow" waiting="0.00" lane="bottom_0" pos="23.99" speed="47.00" angle="51.35" x="108.35" y="16.05"/>
    </timestep>
    <timestep time="33.00">
        <vehicle id="cfm_slow_0" eclass="HBEFA3/PC_G_EU4" CO2="0.00" CO="0.00" HC="0.00" NOx="0.00" PMx="0.00" fuel="0.00" electricity="0.00" noise="81.03" route="routebottom" type="cfm_slow" waiting="0.00" lane="right_0" pos="18.69" speed="47.00" angle="330.83" x="118.02" y="99.85"/>
        <vehicle id="cfm_slow_1" eclass="HBEFA3/PC_G_EU4" CO2="0.00" CO="0.00" HC="0.00" NOx="0.00" PMx="0.00" fuel="0.00" electricity="0.00" noise="81.03" route="routetop" type="cfm_slow" waiting="0.00" lane="top_0" pos="8.69" speed="47.00" angle="258.81" x="46.03" y="126.54"/>
        <vehicle id="cfm_slow_2" eclass="HBEFA3/PC_G_EU4" CO2="13867.12" CO="488.45" HC="2.61" NOx="5.43" PMx="0.45" fuel="5.96" electricity="0.00" noise="81.03" route="routetop" type="cfm_slow" waiting="0.00" lane="top_0" pos="48.69" speed="47.00" angle="186.91" x="-1.60" y="66.37"/>
        <vehicle id="cfm_slow_3" eclass="HBEFA3/PC_G_EU4" CO2="13867.12" CO="488.45" HC="2.61" NOx="5.43" PMx="0.45" fuel="5.96" electricity="0.00" noise="81.03" route="routetop" type="cfm_slow" waiting="0.00" lane="left_0" pos="38.69" speed="47.00" angle="114.85" x="40.93" y="2.45"/>
        <vehicle id="cfm_slow_4" eclass="HBEFA3/PC_G_EU4" CO2="13867.12" CO="488.45" HC="2.61" NOx="5.43" PMx="0.45" fuel="5.96" electricity="0.00" noise="81.03" route="routebottom" type="cfm_slow" waiting="0.00" lane="bottom_0" pos="28.69" speed="47.00" angle="42.82" x="114.86" y="23.14"/>
    </timestep>
    <timestep time="33.10">
        <vehicle id="cfm_slow_0" eclass="HBEFA3/PC_G_EU4" CO2="0.00" CO="0.00" HC="0.00" NOx="0.00" PMx="0.00" fuel="0.00" electricity="0.00" noise="81.03" route="routebottom" type="cfm_slow" waiting="0.00" lane="right_0" pos="23.39" speed="47.00" angle="322.41" x="112.11" y="107.45"/>
        <vehicle id="cfm_slow_1" eclass="HBEFA3/PC_G_EU4" CO2="0.00" CO="0.00" HC="0.00" NOx="0.00" PMx="0.00" fuel="0.00" electricity="0.00" noise="81.03" route="routetop" type="cfm_slow" waiting="0.00" lane="top_0" pos="13.39" speed="47.00" angle="250.38" x="36.98" y="123.26"/>
        <vehicle id="cfm_slow_2" eclass="HBEFA3/PC_G_EU4" CO2="13867.12" CO="488.45" HC="2.61" NOx="5.43" PMx="0.45" fuel="5.96" electricity="0.00" noise="81.03" route="routetop" type="cfm_slow" waiting="0.00" lane="left_0" pos="3.39" speed="47.00" angle="178.40" x="-1.27" y="56.69"/>
        <vehicle id="cfm_slow_3" eclass="HBEFA3/PC_G_EU4" CO2="13867.12" CO="488.45" HC="2.61" NOx="5.43" PMx="0.45" fuel="5.96" electricity="0.00" noise="81.03" route="routetop" type="cfm_slow" waiting="0.00" lane="left_0" pos="43.39" speed="47.00" angle="106.43" x="50.18" y="-0.24"/>
        <vehicle id="cfm_slow_4" eclass="HBEFA3/PC_G_EU4" CO2="13867.12" CO="488.45" HC="2.61" NOx="5.43" PMx="0.45" fuel="5.96" electricity="0.00" noise="81.03" route="routebottom" type="cfm_slow" waiting="0.00" lane="bottom_0" pos="33.39" speed="47.00" angle="34.43" x="120.27" y="31.10"/>
    </timestep>
    <timestep time="33.20">
        <vehicle id="cfm_slow_0" eclass="HBEFA3/PC_G_EU4" CO2="0.00" CO="0.00" HC="0.00" NOx="0.00" PMx="0.00" fuel="0.00" electricity="0.00" noise="81.03" route="routebottom" type="cfm_slow" waiting="0.00" lane="right_0" pos="28.09" speed="47.00" angle="313.84" x="105.14" y="114.10"/>
        <vehicle id="cfm_slow_1" eclass="HBEFA3/PC_G_EU4" CO2="0.00" CO="0.00" HC="0.00" NOx="0.00" PMx="0.00" fuel="0.00" electricity="0.00" noise="81.03" route="routetop" type="cfm_slow" waiting="0.00" lane="top_0" pos="18.09" speed="47.00" angle="241.99" x="28.50" y="118.70"/>
        <vehicle id="cfm_slow_2" eclass="HBEFA3/PC_G_EU4" CO2="13867.12" CO="488.45" HC="2.61" NOx="5.43" PMx="0.45" fuel="5.96" electricity="0.00" noise="81.03" route="routetop" type="cfm_slow" waiting="0.00" lane="left_0" pos="8.09" speed="47.00" angle="169.89" x="0.47" y="47.22"/>
        <vehicle id="cfm_slow_3" eclass="HBEFA3/PC_G_EU4" CO2="13867.12" CO="488.45" HC="2.61" NOx="5.43" PMx="0.45" fuel="5.96" electricity="0.00" noise="81.03" route="routetop" type="cfm_slow" waiting="0.00" lane="left_0" pos="48.09" speed="47.00" angle="97.97" x="59.72" y="-1.52"/>
        <vehicle id="cfm_slow_4" eclass="HBEFA3/PC_G_EU4" CO2="13867.12" CO="488.45" HC="2.61" NOx="5.43" PMx="0.45" fuel="5.96" electricity="0.00" noise="81.03" route="routebottom" type="cfm_slow" waiting="0.00" lane="bottom_0" pos="38.09" speed="47.00" angle="25.90" x="124.43" y="39.79"/>
    </timestep>
    <timestep time="33.30">
        <vehicle id="cfm_slow_0" eclass="HBEFA3/PC_G_EU4" CO2="0.00" CO="0.00" HC="0.00" NOx="0.00" PMx="0.00" fuel="0.00" electricity="0.00" noise="81.03" route="routebottom" type="cfm_slow" waiting="0.00" lane="right_0" pos="32.79" speed="47.00" angle="305.50" x="97.28" y="119.65"/>
        <vehicle id="cfm_slow_1" eclass="HBEFA3/PC_G_EU4" CO2="0.00" CO="0.00" HC="0.00" NOx="0.00" PMx="0.00" fuel="0.00" electricity="0.00" noise="81.03" route="routetop" type="cfm_slow" waiting="0.00" lane="top_0" pos="22.79" speed="47.00" angle="233.41" x="20.79" y="112.93"/>
        <vehicle id="cfm_slow_2" eclass="HBEFA3/PC_G_EU4" CO2="13867.12" CO="488.45" HC="2.61" NOx="5.43" PMx="0.45" fuel="5.96" electricity="0.00" noise="81.03" route="routetop" type="cfm_slow" waiting="0.00" lane="left_0" pos="12.79" speed="47.00" angle="161.50" x="3.56" y="38.10"/>
        <vehicle id="cfm_slow_3" eclass="HBEFA3/PC_G_EU4" CO2="13867.12" CO="488.45" HC="2.61" NOx="5.43" PMx="0.45" fuel="5.96" electricity="0.00" noise="81.03" route="routebottom" type="cfm_slow" waiting="0.00" lane="bottom_0" pos="2.79" speed="47.00" angle="89.49" x="69.41" y="-1.39"/>
        <vehicle id="cfm_slow_4" eclass="HBEFA3/PC_G_EU4" CO2="13867.12" CO="488.45" HC="2.61" NOx="5.43" PMx="0.45" fuel="5.96" electricity="0.00" noise="81.03" route="routebottom" type="cfm_slow" waiting="0.00" lane="bottom_0" pos="42.79" speed="47.00" angle="17.52" x="127.29" y="48.98"/>
    </timestep>
    <timestep time="33.40">
        <vehicle id="cfm_slow_0" eclass="HBEFA3/PC_G_EU4" CO2="0.00" CO="0.00" HC="0.00" NOx="0.00" PMx="0.00" fuel="0.00" electricity="0.00" noise="81.03" route="routebottom" type="cfm_slow" waiting="0.00" lane="right_0" pos="37.49" speed="47.00" angle="297.01" x="88.68" y="123.98"/>
        <vehicle id="cfm_slow_1" eclass="HBEFA3/PC_G_EU4" CO2="0.00" CO="0.00" HC="0.00" NOx="0.00" PMx="0.00" fuel="0.00" electricity="0.00" noise="81.03" route="routetop" type="cfm_slow" waiting="0.00" lane="top_0" pos="27.49" speed="47.00" angle="225.01" x="14.02" y="106.08"/>
        <vehicle id="cfm_slow_2" eclass="HBEFA3/PC_G_EU4" CO2="13867.12" CO="488.45" HC="2.61" NOx="5.43" PMx="0.45" fuel="5.96" electricity="0.00" noise="81.03" route="routetop" type="cfm_slow" waiting="0.00" lane="left_0" pos="17.49" speed="47.00" angle="153.00" x="7.98" y="29.55"/>
        <vehicle id="cfm_slow_3" eclass="HBEFA3/PC_G_EU4" CO2="13867.12" CO="488.45" HC="2.61" NOx="5.43" PMx="0.45" fuel="5.96" electricity="0.00" noise="81.03" route="routebottom" type="cfm_slow" waiting="0.00" lane="bottom_0" pos="7.49" speed="47.00" angle="80.96" x="78.91" y="0.16"/>
        <vehicle id="cfm_slow_4" eclass="HBEFA3/PC_G_EU4" CO2="0.00" CO="0.00" HC="0.00" NOx="0.00" PMx="0.00" fuel="0.00" electricity="0.00" noise="81.03" route="routebottom" type="cfm_slow" waiting="0.00" lane="bottom_0" pos="47.49" speed="47.00" angle="9.13" x="128.77" y="58.49"/>
    </timestep>
    <timestep time="33.50">
        <vehicle id="cfm_slow_0" eclass="HBEFA3/PC_G_EU4" CO2="0.00" CO="0.00" HC="0.00" NOx="0.00" PMx="0.00" fuel="0.00" electricity="0.00" noise="81.03" route="routebottom" type="cfm_slow" waiting="0.00" lane="right_0" pos="42.19" speed="47.00" angle="288.52" x="79.54" y="127.01"/>
        <vehicle id="cfm_slow_1" eclass="HBEFA3/PC_G_EU4" CO2="0.00" CO="0.00" HC="0.00" NOx="0.00" PMx="0.00" fuel="0.00" electricity="0.00" noise="81.03" route="routetop" type="cfm_slow" waiting="0.00" lane="top_0" pos="32.19" speed="47.00" angle="216.58" x="8.31" y="98.33"/>
        <vehicle id="cfm_slow_2" eclass="HBEFA3/PC_G_EU4" CO2="13867.12" CO="488.45" HC="2.61" NOx="5.43" PMx="0.45" fuel="5.96" electricity="0.00" noise="81.03" route="routetop" type="cfm_slow" waiting="0.00" lane="left_0" pos="22.19" speed="47.00" angle="144.54" x="13.60" y="21.73"/>
        <vehicle id="cfm_slow_3" eclass="HBEFA3/PC_G_EU4" CO2="13867.12" CO="488.45" HC="2.61" NOx="5.43" PMx="0.45" fuel="5.96" electricity="0.00" noise="81.03" route="routebottom" type="cfm_slow" waiting="0.00" lane="bottom_0" pos="12.19" speed="47.00" angle="72.54" x="88.08" y="3.10"/>
        <vehicle id="cfm_slow_4" eclass="HBEFA3/PC_G_EU4" CO2="0.00" CO="0.00" HC="0.00" NOx="0.00" PMx="0.00" fuel="0.00" electricity="0.00" noise="81.03" route="routebottom" type="cfm_slow" waiting="0.00" lane="right_0" pos="2.19" speed="47.00" angle="0.54" x="128.81" y="68.18"/>
    </timestep>
    <timestep time="33.60">
        <vehicle id="cfm_slow_0" eclass="HBEFA3/PC_G_EU4" CO2="0.00" CO="0.00" HC="0.00" NOx="0.00" PMx="0.00" fuel="0.00" electricity="0.00" noise="81.03" route="routebottom" type="cfm_slow" waiting="0.00" lane="right_0" pos="46.89" speed="47.00" angle="280.14" x="70.05" y="128.65"/>
        <vehicle id="cfm_slow_1" eclass="HBEFA3/PC_G_EU4" CO2="0.00" CO="0.00" HC="0.00" NOx="0.00" PMx="0.00" fuel="0.00" electricity="0.00" noise="81.03" route="routetop" type="cfm_slow" waiting="0.00" lane="top_0" pos="36.89" speed="47.00" angle="208.11" x="3.82" y="89.81"/>
        <vehicle id="cfm_slow_2" eclass="HBEFA3/PC_G_EU4" CO2="13867.12" CO="488.45" HC="2.61" NOx="5.43" PMx="0.45" fuel="5.96" electricity="0.00" noise="81.03" route="routetop" type="cfm_slow" waiting="0.00" lane="left_0" pos="26.89" speed="47.00" angle="136.11" x="20.30" y="14.82"/>
        <vehicle id="cfm_slow_3" eclass="HBEFA3/PC_G_EU4" CO2="13867.12" CO="488.45" HC="2.61" NOx="5.43" PMx="0.45" fuel="5.96" electricity="0.00" noise="81.03" route="routebottom" type="cfm_slow" waiting="0.00" lane="bottom_0" pos="16.89" speed="47.00" angle="64.13" x="96.72" y="7.34"/>
        <vehicle id="cfm_slow_4" eclass="HBEFA3/PC_G_EU4" CO2="0.00" CO="0.00" HC="0.00" NOx="0.00" PMx="0.00" fuel="0.00" electricity="0.00" noise="81.03" route="routebottom" type="cfm_slow" waiting="0.00" lane="right_0" pos="6.89" speed="47.00" angle="352.07" x="127.43" y="77.71"/>
    </timestep>
    <timestep time="33.70">
        <vehicle id="cfm_slow_0" eclass="HBEFA3/PC_G_EU4" CO2="0.00" CO="0.00" HC="0.00" NOx="0.00" PMx="0.00" fuel="0.00" electricity="0.00" noise="81.03" route="routetop" type="cfm_slow" waiting="0.00" lane="top_0" pos="1.59" speed="47.00" angle="271.63" x="60.37" y="128.88"/>
        <vehicle id="cfm_slow_1" eclass="HBEFA3/PC_G_EU4" CO2="0.00" CO="0.00" HC="0.00" NOx="0.00" PMx="0.00" fuel="0.00" electricity="0.00" noise="81.03" route="routetop" type="cfm_slow" waiting="0.00" lane="top_0" pos="41.59" speed="47.00" angle="199.61" x="0.63" y="80.73"/>
        <vehicle id="cfm_slow_2" eclass="HBEFA3/PC_G_EU4" CO2="13867.12" CO="488.45" HC="2.61" NOx="5.43" PMx="0.45" fuel="5.96" electricity="0.00" noise="81.03" route="routetop" type="cfm_slow" waiting="0.00" lane="left_0" pos="31.59" speed="47.00" angle="127.64" x="27.96" y="8.99"/>
        <vehicle id="cfm_slow_3" eclass="HBEFA3/PC_G_EU4" CO2="13867.12" CO="488.45" HC="2.61" NOx="5.43" PMx="0.45" fuel="5.96" electricity="0.00" noise="81.03" route="routebottom" type="cfm_slow" waiting="0.00" lane="bottom_0" pos="21.59" speed="47.00" angle="55.57" x="104.64" y="12.82"/>
        <vehicle id="cfm_slow_4" eclass="HBEFA3/PC_G_EU4" CO2="0.00" CO="0.00" HC="0.00" NOx="0.00" PMx="0.00" fuel="0.00" electricity="0.00" noise="81.03" route="routebottom" type="cfm_slow" waiting="0.00" lane="right_0" pos="11.59" speed="47.00" angle="343.57" x="124.67" y="86.93"/>
    </timestep>
    <timestep time="33.80">
        <vehicle id="cfm_slow_0" eclass="HBEFA3/PC_G_EU4" CO2="0.00" CO="0.00" HC="0.00" NOx="0.00" PMx="0.00" fuel="0.00" electricity="0.00" noise="81.03" route="routetop" type="cfm_slow" waiting="0.00" lane="top_0" pos="6.29" speed="47.00" angle="263.17" x="50.81" y="127.70"/>
        <vehicle id="cfm_slow_1" eclass="HBEFA3/PC_G_EU4" CO2="0.00" CO="0.00" HC="0.00" NOx="0.00" PMx="0.00" fuel="0.00" electricity="0.00" noise="81.03" route="routetop" type="cfm_slow" waiting="0.00" lane="top_0" pos="46.29" speed="47.00" angle="191.25" x="-1.21" y="71.28"/>
        <vehicle id="cfm_slow_2" eclass="HBEFA3/PC_G_EU4" CO2="13867.12" CO="488.45" HC="2.61" NOx="5.43" PMx="0.45" fuel="5.96" electricity="0.00" noise="81.03" route="routetop" type="cfm_slow" waiting="0.00" lane="left_0" pos="36.29" speed="47.00" angle="119.24" x="36.39" y="4.32"/>
        <vehicle id="cfm_slow_3" eclass="HBEFA3/PC_G_EU4" CO2="13867.12" CO="488.45" HC="2.61" NOx="5.43" PMx="0.45" fuel="5.96" electricity="0.00" noise="81.03" route="routebottom" type="cfm_slow" waiting="0.00" lane="bottom_0" pos="26.29" speed="47.00" angle="47.19" x="111.67" y="19.40"/>
        <vehicle id="cfm_slow_4" eclass="HBEFA3/PC_G_EU4" CO2="0.00" CO="0.00" HC="0.00" NOx="0.00" PMx="0.00" fuel="0.00" electricity="0.00" noise="81.03" route="routebottom" type="cfm_slow" waiting="0.00" lane="right_0" pos="16.29" speed="47.00" angle="335.17" x="120.59" y="95.65"/>
    </timestep>
    <timestep time="33.90">
        <vehicle id="cfm_slow_0" eclass="HBEFA3/PC_G_EU4" CO2="0.00" CO="0.00" HC="0.00" NOx="0.00" PMx="0.00" fuel="0.00" electricity="0.00" noise="81.03" route="routetop" type="cfm_slow" waiting="0.00" lane="top_0" pos="10.99" speed="47.00" angle="254.64" x="41.54" y="125.10"/>
        <vehicle id="cfm_slow_1" eclass="HBEFA3/PC_G_EU4" CO2="0.00" CO="0.00" HC="0.00" NOx="0.00" PMx="0.00" fuel="0.00" electricity="0.00" noise="81.03" route="routetop" type="cfm_slow" waiting="0.00" lane="left_0" pos="0.99" speed="47.00" angle="182.68" x="-1.61" y="61.60"/>
        <vehicle id="cfm_slow_2" eclass="HBEFA3/PC_G_EU4" CO2="13867.12" CO="488.45" HC="2.61" NOx="5.43" PMx="0.45" fuel="5.96" electricity="0.00" noise="81.03" route="routetop" type="cfm_slow" waiting="0.00" lane="left_0" pos="40.99" speed="47.00" angle="110.70" x="45.41" y="0.96"/>
        <vehicle id="cfm_slow_3" eclass="HBEFA3/PC_G_EU4" CO2="13867.12" CO="488.45" HC="2.61" NOx="5.43" PMx="0.45" fuel="5.96" electricity="0.00" noise="81.03" route="routebottom" type="cfm_slow" waiting="0.00" lane="bottom_0" pos="30.99" speed="47.00" angle="38.75" x="117.66" y="26.93"/>
        <vehicle id="cfm_slow_4" eclass="HBEFA3/PC_G_EU4" CO2="0.00" CO="0.00" HC="0.00" NOx="0.00" PMx="0.00" fuel="0.00" electricity="0.00" noise="81.03" route="routebottom" type="cfm_slow" waiting="0.00" lane="right_0" pos="20.99" speed="47.00" angle="326.67" x="115.26" y="103.67"/>
    </timestep>
    <timestep time="34.00">
        <vehicle id="cfm_slow_0" eclass="HBEFA3/PC_G_EU4" CO2="0.00" CO="0.00" HC="0.00" NOx="0.00" PMx="0.00" fuel="0.00" electricity="0.00" noise="81.03" route="routetop" type="cfm_slow" waiting="0.00" lane="top_0" pos="15.69" speed="47.00" angle="246.25" x="32.75" y="121.18"/>
        <vehicle id="cfm_slow_1" eclass="HBEFA3/PC_G_EU4" CO2="13867.12" CO="488.45" HC="2.61" NOx="5.43" PMx="0.45" fuel="5.96" electricity="0.00" noise="81.03" route="routetop" type="cfm_slow" waiting="0.00" lane="left_0" pos="5.69" speed="47.00" angle="174.23" x="-0.59" y="52.02"/>
        <vehicle id="cfm_slow_2" eclass="HBEFA3/PC_G_EU4" CO2="13867.12" CO="488.45" HC="2.61" NOx="5.43" PMx="0.45" fuel="5.96" electricity="0.00" noise="81.03" route="routetop" type="cfm_slow" waiting="0.00" lane="left_0" pos="45.69" speed="47.00" angle="102.30" x="54.82" y="-1.04"/>
        <vehicle id="cfm_slow_3" eclass="HBEFA3/PC_G_EU4" CO2="13867.12" CO="488.45" HC="2.61" NOx="5.43" PMx="0.45" fuel="5.96" electricity="0.00" noise="81.03" route="routebottom" type="cfm_slow" waiting="0.00" lane="bottom_0" pos="35.69" speed="47.00" angle="30.27" x="122.48" y="35.27"/>
        <vehicle id="cfm_slow_4" eclass="HBEFA3/PC_G_EU4" CO2="0.00" CO="0.00" HC="0.00" NOx="0.00" PMx="0.00" fuel="0.00" electricity="0.00" noise="81.03" route="routebottom" type="cfm_slow" waiting="0.00" lane="right_0" pos="25.69" speed="47.00" angle="318.32" x="108.83" y="110.84"/>
    </timestep>
    <timestep time="34.10">
        <vehicle id="cfm_slow_0" eclass="HBEFA3/PC_G_EU4" CO2="0.00" CO="0.00" HC="0.00" NOx="0.00" PMx="0.00" fuel="0.00" electricity="0.00" noise="81.03" route="routetop" type="cfm_slow" waiting="0.00" lane="top_0" pos="20.39" speed="47.00" angle="237.72" x="24.63" y="116.01"/>
        <vehicle id="cfm_slow_1" eclass="HBEFA3/PC_G_EU4" CO2="13867.12" CO="488.45" HC="2.61" NOx="5.43" PMx="0.45" fuel="5.96" electricity="0.00" noise="81.03" route="routetop" type="cfm_slow" waiting="0.00" lane="left_0" pos="10.39" speed="47.00" angle="165.78" x="1.81" y="42.70"/>
        <vehicle id="cfm_slow_2" eclass="HBEFA3/PC_G_EU4" CO2="13867.12" CO="488.45" HC="2.61" NOx="5.43" PMx="0.45" fuel="5.96" electricity="0.00" noise="81.03" route="routebottom" type="cfm_slow" waiting="0.00" lane="bottom_0" pos="0.39" speed="47.00" angle="93.78" x="64.49" y="-1.63"/>
        <vehicle id="cfm_slow_3" eclass="HBEFA3/PC_G_EU4" CO2="13867.12" CO="488.45" HC="2.61" NOx="5.43" PMx="0.45" fuel="5.96" electricity="0.00" noise="81.03" route="routebottom" type="cfm_slow" waiting="0.00" lane="bottom_0" pos="40.39" speed="47.00" angle="21.82" x="126.01" y="44.23"/>
        <vehicle id="cfm_slow_4" eclass="HBEFA3/PC_G_EU4" CO2="0.00" CO="0.00" HC="0.00" NOx="0.00" PMx="0.00" fuel="0.00" electricity="0.00" noise="81.03" route="routebottom" type="cfm_slow" waiting="0.00" lane="right_0" pos="30.39" speed="47.00" angle="309.75" x="101.39" y="116.95"/>
    </timestep>
    <timestep time="34.20">
        <vehicle id="cfm_slow_0" eclass="HBEFA3/PC_G_EU4" CO2="0.00" CO="0.00" HC="0.00" NOx="0.00" PMx="0.00" fuel="0.00" electricity="0.00" noise="81.03" route="routetop" type="cfm_slow" waiting="0.00" lane="top_0" pos="25.09" speed="47.00" angle="229.35" x="17.35" y="109.70"/>
        <vehicle id="cfm_slow_1" eclass="HBEFA3/PC_G_EU4" CO2="13867.12" CO="488.45" HC="2.61" NOx="5.43" PMx="0.45" fuel="5.96" electricity="0.00" noise="81.03" route="routetop" type="cfm_slow" waiting="0.00" lane="left_0" pos="15.09" speed="47.00" angle="157.33" x="5.56" y="33.83"/>
        <vehicle id="cfm_slow_2" eclass="HBEFA3/PC_G_EU4" CO2="13867.12" CO="488.45" HC="2.61" NOx="5.43" PMx="0.45" fuel="5.96" electricity="0.00" noise="81.03" route="routebottom" type="cfm_slow" waiting="0.00" lane="bottom_0" pos="5.09" speed="47.00" angle="85.36" x="74.09" y="-0.82"/>
        <vehicle id="cfm_slow_3" eclass="HBEFA3/PC_G_EU4" CO2="13867.12" CO="488.45" HC="2.61" NOx="5.43" PMx="0.45" fuel="5.96" electricity="0.00" noise="81.03" route="routebottom" type="cfm_slow" waiting="0.00" lane="bottom_0" pos="45.09" speed="47.00" angle="13.34" x="128.19" y="53.61"/>
        <vehicle id="cfm_slow_4" eclass="HBEFA3/PC_G_EU4" CO2="0.00" CO="0.00" HC="0.00" NOx="0.00" PMx="0.00" fuel="0.00" electricity="0.00" noise="81.03" route="routebottom" type="cfm_slow" waiting="0.00" lane="right_0" pos="35.09" speed="47.00" angle="301.39" x="93.15" y="121.93"/>
    </timestep>
    <timestep time="34.30">
        <vehicle id="cfm_slow_0" eclass="HBEFA3/PC_G_EU4" CO2="0.00" CO="0.00" HC="0.00" NOx="0.00" PMx="0.00" fuel="0.00" electricity="0.00" noise="81.03" route="routetop" type="cfm_slow" waiting="0.00" lane="top_0" pos="29.79" speed="47.00" angle="220.86" x="11.09" y="102.39"/>
        <vehicle id="cfm_slow_1" eclass="HBEFA3/PC_G_EU4" CO2="13867.12" CO="488.45" HC="2.61" NOx="5.43" PMx="0.45" fuel="5.96" electricity="0.00" noise="81.03" route="routetop" type="cfm_slow" waiting="0.00" lane="left_0" pos="19.79" speed="47.00" angle="148.80" x="10.59" y="25.62"/>
        <vehicle id="cfm_slow_2" eclass="HBEFA3/PC_G_EU4" CO2="13867.12" CO="488.45" HC="2.61" NOx="5.43" PMx="0.45" fuel="5.96" electricity="0.00" noise="81.03" route="routebottom" type="cfm_slow" waiting="0.00" lane="bottom_0" pos="9.79" speed="47.00" angle="76.82" x="83.45" y="1.43"/>
        <vehicle id="cfm_slow_3" eclass="HBEFA3/PC_G_EU4" CO2="13867.12" CO="488.45" HC="2.61" NOx="5.43" PMx="0.45" fuel="5.96" electricity="0.00" noise="81.03" route="routebottom" type="cfm_slow" waiting="0.00" lane="bottom_0" pos="49.79" speed="47.00" angle="4.85" x="128.96" y="63.20"/>
        <vehicle id="cfm_slow_4" eclass="HBEFA3/PC_G_EU4" CO2="0.00" CO="0.00" HC="0.00" NOx="0.00" PMx="0.00" fuel="0.00" electricity="0.00" noise="81.03" route="routebottom" type="cfm_slow" waiting="0.00" lane="right_0" pos="39.79" speed="47.00" angle="292.96" x="84.27" y="125.65"/>
    </timestep>
    <timestep time="34.40">
        <vehicle id="cfm_slow_0" eclass="HBEFA3/PC_G_EU4" CO2="0.00" CO="0.00" HC="0.00" NOx="0.00" PMx="0.00" fuel="0.00" electricity="0.00" noise="81.03" route="routetop" type="cfm_slow" waiting="0.00" lane="top_0" pos="34.49" speed="47.00" angle="212.44" x="5.95" y="94.25"/>
        <vehicle id="cfm_slow_1" eclass="HBEFA3/PC_G_EU4" CO2="13867.12" CO="488.45" HC="2.61" NOx="5.43" PMx="0.45" fuel="5.96" electricity="0.00" noise="81.03" route="routetop" type="cfm_slow" waiting="0.00" lane="left_0" pos="24.49" speed="47.00" angle="140.46" x="16.75" y="18.23"/>
        <vehicle id="cfm_slow_2" eclass="HBEFA3/PC_G_EU4" CO2="13867.12" CO="488.45" HC="2.61" NOx="5.43" PMx="0.45" fuel="5.96" electricity="0.00" noise="81.03" route="routebottom" type="cfm_slow" waiting="0.00" lane="bottom_0" pos="14.49" speed="47.00" angle="68.44" x="92.39" y="5.01"/>
        <vehicle id="cfm_slow_3" eclass="HBEFA3/PC_G_EU4" CO2="13867.12" CO="488.45" HC="2.61" NOx="5.43" PMx="0.45" fuel="5.96" electricity="0.00" noise="81.03" route="routebottom" type="cfm_slow" waiting="0.00" lane="right_0" pos="4.49" speed="47.00" angle="356.44" x="128.31" y="72.87"/>
        <vehicle id="cfm_slow_4" eclass="HBEFA3/PC_G_EU4" CO2="0.00" CO="0.00" HC="0.00" NOx="0.00" PMx="0.00" fuel="0.00" electricity="0.00" noise="81.03" route="routebottom" type="cfm_slow" waiting="0.00" lane="right_0" pos="44.49" speed="47.00" angle="284.40" x="74.93" y="127.99"/>
    </timestep>
    <timestep time="34.50">
        <vehicle id="cfm_slow_0" eclass="HBEFA3/PC_G_EU4" CO2="0.00" CO="0.00" HC="0.00" NOx="0.00" PMx="0.00" fuel="0.00" electricity="0.00" noise="81.03" route="routetop" type="cfm_slow" waiting="0.00" lane="top_0" pos="39.19" speed="47.00" angle="203.94" x="2.10" y="85.42"/>
        <vehicle id="cfm_slow_1" eclass="HBEFA3/PC_G_EU4" CO2="13867.12" CO="488.45" HC="2.61" NOx="5.43" PMx="0.45" fuel="5.96" electricity="0.00" noise="81.03" route="routetop" type="cfm_slow" waiting="0.00" lane="left_0" pos="29.19" speed="47.00" angle="131.93" x="23.95" y="11.83"/>
        <vehicle id="cfm_slow_2" eclass="HBEFA3/PC_G_EU4" CO2="13867.12" CO="488.45" HC="2.61" NOx="5.43" PMx="0.45" fuel="5.96" electricity="0.00" noise="81.03" route="routebottom" type="cfm_slow" waiting="0.00" lane="bottom_0" pos="19.19" speed="47.00" angle="59.88" x="100.70" y="9.88"/>
        <vehicle id="cfm_slow_3" eclass="HBEFA3/PC_G_EU4" CO2="13867.12" CO="488.45" HC="2.61" NOx="5.43" PMx="0.45" fuel="5.96" electricity="0.00" noise="81.03" route="routebottom" type="cfm_slow" waiting="0.00" lane="right_0" pos="9.19" speed="47.00" angle="347.97" x="126.26" y="82.28"/>
        <vehicle id="cfm_slow_4" eclass="HBEFA3/PC_G_EU4" CO2="0.00" CO="0.00" HC="0.00" NOx="0.00" PMx="0.00" fuel="0.00" electricity="0.00" noise="81.03" route="routebottom" type="cfm_slow" waiting="0.00" lane="right_0" pos="49.19" speed="47.00" angle="275.95" x="65.35" y="128.94"/>
    </timestep>
    <timestep time="34.60">
        <vehicle id="cfm_slow_0" eclass="HBEFA3/PC_G_EU4" CO2="0.00" CO="0.00" HC="0.00" NOx="0.00" PMx="0.00" fuel="0.00" electricity="0.00" noise="81.03" route="routetop" type="cfm_slow" waiting="0.00" lane="top_0" pos="43.89" speed="47.00" angle="195.54" x="-0.44" y="76.14"/>
        <vehicle id="cfm_slow_1" eclass="HBEFA3/PC_G_EU4" CO2="13867.12" CO="488.45" HC="2.61" NOx="5.43" PMx="0.45" fuel="5.96" electricity="0.00" noise="81.03" route="routetop" type="cfm_slow" waiting="0.00" lane="left_0" pos="33.89" speed="47.00" angle="123.53" x="32.00" y="6.55"/>
        <vehicle id="cfm_slow_2" eclass="HBEFA3/PC_G_EU4" CO2="13867.12" CO="488.45" HC="2.61" NOx="5.43" PMx="0.45" fuel="5.96" electricity="0.00" noise="81.03" route="routebottom" type="cfm_slow" waiting="0.00" lane="bottom_0" pos="23.89" speed="47.00" angle="51.53" x="108.20" y="15.91"/>
        <vehicle id="cfm_slow_3" eclass="HBEFA3/PC_G_EU4" CO2="0.00" CO="0.00" HC="0.00" NOx="0.00" PMx="0.00" fuel="0.00" electricity="0.00" noise="81.03" route="routebottom" type="cfm_slow" waiting="0.00" lane="right_0" pos="13.89" speed="47.00" angle="339.45" x="122.84" y="91.28"/>
        <vehicle id="cfm_slow_4" eclass="HBEFA3/PC_G_EU4" CO2="0.00" CO="0.00" HC="0.00" NOx="0.00" PMx="0.00" fuel="0.00" electricity="0.00" noise="81.03" route="routetop" type="cfm_slow" waiting="0.00" lane="top_0" pos="3.89" speed="47.00" angle="267.53" x="55.67" y="128.48"/>
    </timestep>
    <timestep time="34.70">
        <vehicle id="cfm_slow_0" eclass="HBEFA3/PC_G_EU4" CO2="0.00" CO="0.00" HC="0.00" NOx="0.00" PMx="0.00" fuel="0.00" electricity="0.00" noise="81.03" route="routetop" type="cfm_slow" waiting="0.00" lane="top_0" pos="48.59" speed="47.00" angle="187.05" x="-1.58" y="66.58"/>
        <vehicle id="cfm_slow_1" eclass="HBEFA3/PC_G_EU4" CO2="13867.12" CO="488.45" HC="2.61" NOx="5.43" PMx="0.45" fuel="5.96" electricity="0.00" noise="81.03" route="routetop" type="cfm_slow" waiting="0.00" lane="left_0" pos="38.59" speed="47.00" angle="115.03" x="40.74" y="2.52"/>
        <vehicle id="cfm_slow_2" eclass="HBEFA3/PC_G_EU4" CO2="13867.12" CO="488.45" HC="2.61" NOx="5.43" PMx="0.45" fuel="5.96" electricity="0.00" noise="81.03" route="routebottom" type="cfm_slow" waiting="0.00" lane="bottom_0" pos="28.59" speed="47.00" angle="43.00" x="114.73" y="22.98"/>
        <vehicle id="cfm_slow_3" eclass="HBEFA3/PC_G_EU4" CO2="0.00" CO="0.00" HC="0.00" NOx="0.00" PMx="0.00" fuel="0.00" electricity="0.00" noise="81.03" route="routebottom" type="cfm_slow" waiting="0.00" lane="right_0" pos="18.59" speed="47.00" angle="331.02" x="118.13" y="99.68"/>
        <vehicle id="cfm_slow_4" eclass="HBEFA3/PC_G_EU4" CO2="0.00" CO="0.00" HC="0.00" NOx="0.00" PMx="0.00" fuel="0.00" electricity="0.00" noise="81.03" route="routetop" type="cfm_slow" waiting="0.00" lane="top_0" pos="8.59" speed="47.00" angle="258.99" x="46.23" y="126.59"/>
    </timestep>
    <timestep time="34.80">
        <vehicle id="cfm_slow_0" eclass="HBEFA3/PC_G_EU4" CO2="0.00" CO="0.00" HC="0.00" NOx="0.00" PMx="0.00" fuel="0.00" electricity="0.00" noise="81.03" route="routetop" type="cfm_slow" waiting="0.00" lane="left_0" pos="3.29" speed="47.00" angle="178.58" x="-1.29" y="56.89"/>
        <vehicle id="cfm_slow_1" eclass="HBEFA3/PC_G_EU4" CO2="13867.12" CO="488.45" HC="2.61" NOx="5.43" PMx="0.45" fuel="5.96" electricity="0.00" noise="81.03" route="routetop" type="cfm_slow" waiting="0.00" lane="left_0" pos="43.29" speed="47.00" angle="106.61" x="49.98" y="-0.19"/>
        <vehicle id="cfm_slow_2" eclass="HBEFA3/PC_G_EU4" CO2="13867.12" CO="488.45" HC="2.61" NOx="5.43" PMx="0.45" fuel="5.96" electricity="0.00" noise="81.03" route="routebottom" type="cfm_slow" waiting="0.00" lane="bottom_0" pos="33.29" speed="47.00" angle="34.59" x="120.17" y="30.93"/>
        <vehicle id="cfm_slow_3" eclass="HBEFA3/PC_G_EU4" CO2="0.00" CO="0.00" HC="0.00" NOx="0.00" PMx="0.00" fuel="0.00" electricity="0.00" noise="81.03" route="routebottom" type="cfm_slow" waiting="0.00" lane="right_0" pos="23.29" speed="47.00" angle="322.60" x="112.25" y="107.30"/>
        <vehicle id="cfm_slow_4" eclass="HBEFA3/PC_G_EU4" CO2="0.00" CO="0.00" HC="0.00" NOx="0.00" PMx="0.00" fuel="0.00" electricity="0.00" noise="81.03" route="routetop" type="cfm_slow" waiting="0.00" lane="top_0" pos="13.29" speed="47.00" angle="250.57" x="37.17" y="123.34"/>
    </timestep>
    <timestep time="34.90">
        <vehicle id="cfm_slow_0" eclass="HBEFA3/PC_G_EU4" CO2="0.00" CO="0.00" HC="0.00" NOx="0.00" PMx="0.00" fuel="0.00" electricity="0.00" noise="81.03" route="routetop" type="cfm_slow" waiting="0.00" lane="left_0" pos="7.99" speed="47.00" angle="170.08" x="0.41" y="47.42"/>
        <vehicle id="cfm_slow_1" eclass="HBEFA3/PC_G_EU4" CO2="13867.12" CO="488.45" HC="2.61" NOx="5.43" PMx="0.45" fuel="5.96" electricity="0.00" noise="81.03" route="routetop" type="cfm_slow" waiting="0.00" lane="left_0" pos="47.99" speed="47.00" angle="98.16" x="59.52" y="-1.51"/>
        <vehicle id="cfm_slow_2" eclass="HBEFA3/PC_G_EU4" CO2="13867.12" CO="488.45" HC="2.61" NOx="5.43" PMx="0.45" fuel="5.96" electricity="0.00" noise="81.03" route="routebottom" type="cfm_slow" waiting="0.00" lane="bottom_0" pos="37.99" speed="47.00" angle="26.08" x="124.36" y="39.59"/>
        <vehicle id="cfm_slow_3" eclass="HBEFA3/PC_G_EU4" CO2="0.00" CO="0.00" HC="0.00" NOx="0.00" PMx="0.00" fuel="0.00" electricity="0.00" noise="81.03" route="routebottom" type="cfm_slow" waiting="0.00" lane="right_0" pos="27.99" speed="47.00" angle="314.03" x="105.30" y="113.96"/>
        <vehicle id="cfm_slow_4" eclass="HBEFA3/PC_G_EU4" CO2="0.00" CO="0.00" HC="0.00" NOx="0.00" PMx="0.00" fuel="0.00" electricity="0.00" noise="81.03" route="routetop" type="cfm_slow" waiting="0.00" lane="top_0" pos="17.99" speed="47.00" angle="242.18" x="28.67" y="118.82"/>
    </timestep>
    <timestep time="35.00">
        <vehicle id="cfm_slow_0" eclass="HBEFA3/PC_G_EU4" CO2="0.00" CO="0.00" HC="0.00" NOx="0.00" PMx="0.00" fuel="0.00" electricity="0.00" noise="81.03" route="routetop" type="cfm_slow" waiting="0.00" lane="left_0" pos="12.69" speed="47.00" angle="161.63" x="3.48" y="38.29"/>
        <vehicle id="cfm_slow_1" eclass="HBEFA3/PC_G_EU4" CO2="13867.12" CO="488.45" HC="2.61" NOx="5.43" PMx="0.45" fuel="5.96" electricity="0.00" noise="81.03" route="routebottom" type="cfm_slow" waiting="0.00" lane="bottom_0" pos="2.69" speed="47.00" angle="89.67" x="69.20" y="-1.41"/>
        <vehicle id="cfm_slow_2" eclass="HBEFA3/PC_G_EU4" CO2="13867.12" CO="488.45" HC="2.61" NOx="5.43" PMx="0.45" fuel="5.96" electricity="0.00" noise="81.03" route="routebottom" type="cfm_slow" waiting="0.00" lane="bottom_0" pos="42.69" speed="47.00" angle="17.70" x="127.24" y="48.78"/>
        <vehicle id="cfm_slow_3" eclass="HBEFA3/PC_G_EU4" CO2="0.00" CO="0.00" HC="0.00" NOx="0.00" PMx="0.00" fuel="0.00" electricity="0.00" noise="81.03" route="routebottom" type="cfm_slow" waiting="0.00" lane="right_0" pos="32.69" speed="47.00" angle="305.68" x="97.45" y="119.54"/>
        <vehicle id="cfm_slow_4" eclass="HBEFA3/PC_G_EU4" CO2="0.00" CO="0.00" HC="0.00" NOx="0.00" PMx="0.00" fuel="0.00" electricity="0.00" noise="81.03" route="routetop" type="cfm_slow" waiting="0.00" lane="top_0" pos="22.69" speed="47.00" angle="233.60" x="20.95" y="113.06"/>
    </timestep>
    <timestep time="35.10">
        <vehicle id="cfm_slow_0" eclass="HBEFA3/PC_G_EU4" CO2="0.00" CO="0.00" HC="0.00" NOx="0.00" PMx="0.00" fuel="0.00" electricity="0.00" noise="81.03" route="routetop" type="cfm_slow" waiting="0.00" lane="left_0" pos="17.39" speed="47.00" angle="153.19" x="7.87" y="29.72"/>
        <vehicle id="cfm_slow_1" eclass="HBEFA3/PC_G_EU4" CO2="13867.12" CO="488.45" HC="2.61" NOx="5.43" PMx="0.45" fuel="5.96" electricity="0.00" noise="81.03" route="routebottom" type="cfm_slow" waiting="0.00" lane="bottom_0" pos="7.39" speed="47.00" angle="81.14" x="78.71" y="0.12"/>
        <vehicle id="cfm_slow_2" eclass="HBEFA3/PC_G_EU4" CO2="13867.12" CO="488.45" HC="2.61" NOx="5.43" PMx="0.45" fuel="5.96" electricity="0.00" noise="81.03" route="routebottom" type="cfm_slow" waiting="0.00" lane="bottom_0" pos="47.39" speed="47.00" angle="9.29" x="128.76" y="58.29"/>
        <vehicle id="cfm_slow_3" eclass="HBEFA3/PC_G_EU4" CO2="0.00" CO="0.00" HC="0.00" NOx="0.00" PMx="0.00" fuel="0.00" electricity="0.00" noise="81.03" route="routebottom" type="cfm_slow" waiting="0.00" lane="right_0" pos="37.39" speed="47.00" angle="297.20" x="88.87" y="123.90"/>
        <vehicle id="cfm_slow_4" eclass="HBEFA3/PC_G_EU4" CO2="0.00" CO="0.00" HC="0.00" NOx="0.00" PMx="0.00" fuel="0.00" electricity="0.00" noise="81.03" route="routetop" type="cfm_slow" waiting="0.00" lane="top_0" pos="27.39" speed="47.00" angle="225.20" x="14.15" y="106.24"/>
    </timestep>
    <timestep time="35.20">
        <vehicle id="cfm_slow_0" eclass="HBEFA3/PC_G_EU4" CO2="13867.12" CO="488.45" HC="2.61" NOx="5.43" PMx="0.45" fuel="5.96" electricity="0.00" noise="81.03" route="routetop" type="cfm_slow" waiting="0.00" lane="left_0" pos="22.09" speed="47.00" angle="144.73" x="13.47" y="21.89"/>
        <vehicle id="cfm_slow_1" eclass="HBEFA3/PC_G_EU4" CO2="13867.12" CO="488.45" HC="2.61" NOx="5.43" PMx="0.45" fuel="5.96" electricity="0.00" noise="81.03" route="routebottom" type="cfm_slow" waiting="0.00" lane="bottom_0" pos="12.09" speed="47.00" angle="72.72" x="87.89" y="3.02"/>
        <vehicle id="cfm_slow_2" eclass="HBEFA3/PC_G_EU4" CO2="13867.12" CO="488.45" HC="2.61" NOx="5.43" PMx="0.45" fuel="5.96" electricity="0.00" noise="81.03" route="routebottom" type="cfm_slow" waiting="0.00" lane="right_0" pos="2.09" speed="47.00" angle="0.72" x="128.82" y="67.98"/>
        <vehicle id="cfm_slow_3" eclass="HBEFA3/PC_G_EU4" CO2="0.00" CO="0.00" HC="0.00" NOx="0.00" PMx="0.00" fuel="0.00" electricity="0.00" noise="81.03" route="routebottom" type="cfm_slow" waiting="0.00" lane="right_0" pos="42.09" speed="47.00" angle="288.70" x="79.74" y="126.95"/>
        <vehicle id="cfm_slow_4" eclass="HBEFA3/PC_G_EU4" CO2="0.00" CO="0.00" HC="0.00" NOx="0.00" PMx="0.00" fuel="0.00" electricity="0.00" noise="81.03" route="routetop" type="cfm_slow" waiting="0.00" lane="top_0" pos="32.09" speed="47.00" angle="216.77" x="8.42" y="98.50"/>
    </timestep>
    <timestep time="35.30">
        <vehicle id="cfm_slow_0" eclass="HBEFA3/PC_G_EU4" CO2="13867.12" CO="488.45" HC="2.61" NOx="5.43" PMx="0.45" fuel="5.96" electricity="0.00" noise="81.03" route="routetop" type="cfm_slow" waiting="0.00" lane="left_0" pos="26.79" speed="47.00" angle="136.25" x="20.15" y="14.96"/>
        <vehicle id="cfm_slow_1" eclass="HBEFA3/PC_G_EU4" CO2="13867.12" CO="488.45" HC="2.61" NOx="5.43" PMx="0.45" fuel="5.96" electricity="0.00" noise="81.03" route="routebottom" type="cfm_slow" waiting="0.00" lane="bottom_0" pos="16.79" speed="47.00" angle="64.31" x="96.54" y="7.24"/>
        <vehicle id="cfm_slow_2" eclass="HBEFA3/PC_G_EU4" CO2="13867.12" CO="488.45" HC="2.61" NOx="5.43" PMx="0.45" fuel="5.96" electricity="0.00" noise="81.03" route="routebottom" type="cfm_slow" waiting="0.00" lane="right_0" pos="6.79" speed="47.00" angle="352.26" x="127.48" y="77.51"/>
        <vehicle id="cfm_slow_3" eclass="HBEFA3/PC_G_EU4" CO2="0.00" CO="0.00" HC="0.00" NOx="0.00" PMx="0.00" fuel="0.00" electricity="0.00" noise="81.03" route="routebottom" type="cfm_slow" waiting="0.00" lane="right_0" pos="46.79" speed="47.00" angle="280.32" x="70.26" y="128.63"/>
        <vehicle id="cfm_slow_4" eclass="HBEFA3/PC_G_EU4" CO2="0.00" CO="0.00" HC="0.00" NOx="0.00" PMx="0.00" fuel="0.00" electricity="0.00" noise="81.03" route="routetop" type="cfm_slow" waiting="0.00" lane="top_0" pos="36.79" speed="47.00" angle="208.30" x="3.90" y="90.00"/>
    </timestep>
    <timestep time="35.40">
        <vehicle id="cfm_slow_0" eclass="HBEFA3/PC_G_EU4" CO2="13867.12" CO="488.45" HC="2.61" NOx="5.43" PMx="0.45" fuel="5.96" electricity="0.00" noise="81.03" route="routetop" type="cfm_slow" waiting="0.00" lane="left_0" pos="31.49" speed="47.00" angle="127.82" x="27.79" y="9.10"/>
        <vehicle id="cfm_slow_1" eclass="HBEFA3/PC_G_EU4" CO2="13867.12" CO="488.45" HC="2.61" NOx="5.43" PMx="0.45" fuel="5.96" electricity="0.00" noise="81.03" route="routebottom" type="cfm_slow" waiting="0.00" lane="bottom_0" pos="21.49" speed="47.00" angle="55.76" x="104.48" y="12.69"/>
        <vehicle id="cfm_slow_2" eclass="HBEFA3/PC_G_EU4" CO2="13867.12" CO="488.45" HC="2.61" NOx="5.43" PMx="0.45" fuel="5.96" electricity="0.00" noise="81.03" route="routebottom" type="cfm_slow" waiting="0.00" lane="right_0" pos="11.49" speed="47.00" angle="343.74" x="124.75" y="86.74"/>
        <vehicle id="cfm_slow_3" eclass="HBEFA3/PC_G_EU4" CO2="0.00" CO="0.00" HC="0.00" NOx="0.00" PMx="0.00" fuel="0.00" electricity="0.00" noise="81.03" route="routetop" type="cfm_slow" waiting="0.00" lane="top_0" pos="1.49" speed="47.00" angle="271.81" x="60.57" y="128.89"/>
        <vehicle id="cfm_slow_4" eclass="HBEFA3/PC_G_EU4" CO2="0.00" CO="0.00" HC="0.00" NOx="0.00" PMx="0.00" fuel="0.00" electricity="0.00" noise="81.03" route="routetop" type="cfm_slow" waiting="0.00" lane="top_0" pos="41.49" speed="47.00" angle="199.80" x="0.69" y="80.93"/>
    </timestep>
    <timestep time="35.50">
        <vehicle id="cfm_slow_0" eclass="HBEFA3/PC_G_EU4" CO2="13867.12" CO="488.45" HC="2.61" NOx="5.43" PMx="0.45" fuel="5.96" electricity="0.00" noise="81.03" route="routetop" type="cfm_slow" waiting="0.00" lane="left_0" pos="36.19" speed="47.00" angle="119.43" x="36.20" y="4.41"/>
        <vehicle id="cfm_slow_1" eclass="HBEFA3/PC_G_EU4" CO2="13867.12" CO="488.45" HC="2.61" NOx="5.43" PMx="0.45" fuel="5.96" electricity="0.00" noise="81.03" route="routebottom" type="cfm_slow" waiting="0.00" lane="bottom_0" pos="26.19" speed="47.00" angle="47.37" x="111.53" y="19.25"/>
        <vehicle id="cfm_slow_2" eclass="HBEFA3/PC_G_EU4" CO2="13867.12" CO="488.45" HC="2.61" NOx="5.43" PMx="0.45" fuel="5.96" electricity="0.00" noise="81.03" route="routebottom" type="cfm_slow" waiting="0.00" lane="right_0" pos="16.19" speed="47.00" angle="335.35" x="120.69" y="95.47"/>
        <vehicle id="cfm_slow_3" eclass="HBEFA3/PC_G_EU4" CO2="0.00" CO="0.00" HC="0.00" NOx="0.00" PMx="0.00" fuel="0.00" electricity="0.00" noise="81.03" route="routetop" type="cfm_slow" waiting="0.00" lane="top_0" pos="6.19" speed="47.00" angle="263.34" x="51.01" y="127.74"/>
        <vehicle id="cfm_slow_4" eclass="HBEFA3/PC_G_EU4" CO2="0.00" CO="0.00" HC="0.00" NOx="0.00" PMx="0.00" fuel="0.00" electricity="0.00" noise="81.03" route="routetop" type="cfm_slow" waiting="0.00" lane="top_0" pos="46.19" speed="47.00" angle="191.44" x="-1.18" y="71.48"/>
    </timestep>
    <timestep time="35.60">
        <vehicle id="cfm_slow_0" eclass="HBEFA3/PC_G_EU4" CO2="13867.12" CO="488.45" HC="2.61" NOx="5.43" PMx="0.45" fuel="5.96" electricity="0.00" noise="81.03" route="routetop" type="cfm_slow" waiting="0.00" lane="left_0" pos="40.89" speed="47.00" angle="110.84" x="45.21" y="1.02"/>
        <vehicle id="cfm_slow_1" eclass="HBEFA3/PC_G_EU4" CO2="13867.12" CO="488.45" HC="2.61" NOx="5.43" PMx="0.45" fuel="5.96" electricity="0.00" noise="81.03" route="routebottom" type="cfm_slow" waiting="0.00" lane="bottom_0" pos="30.89" speed="47.00" angle="38.93" x="117.55" y="26.76"/>
        <vehicle id="cfm_slow_2" eclass="HBEFA3/PC_G_EU4" CO2="13867.12" CO="488.45" HC="2.61" NOx="5.43" PMx="0.45" fuel="5.96" electricity="0.00" noise="81.03" route="routebottom" type="cfm_slow" waiting="0.00" lane="right_0" pos="20.89" speed="47.00" angle="326.85" x="115.39" y="103.51"/>
        <vehicle id="cfm_slow_3" eclass="HBEFA3/PC_G_EU4" CO2="0.00" CO="0.00" HC="0.00" NOx="0.00" PMx="0.00" fuel="0.00" electricity="0.00" noise="81.03" route="routetop" type="cfm_slow" waiting="0.00" lane="top_0" pos="10.89" speed="47.00" angle="254.84" x="41.74" y="125.17"/>
        <vehicle id="cfm_slow_4" eclass="HBEFA3/PC_G_EU4" CO2="0.00" CO="0.00" HC="0.00" NOx="0.00" PMx="0.00" fuel="0.00" electricity="0.00" noise="81.03" route="routetop" type="cfm_slow" waiting="0.00" lane="left_0" pos="0.89" speed="47.00" angle="182.86" x="-1.61" y="61.80"/>
    </timestep>
    <timestep time="35.70">
        <vehicle id="cfm_slow_0" eclass="HBEFA3/PC_G_EU4" CO2="13867.12" CO="488.45" HC="2.61" NOx="5.43" PMx="0.45" fuel="5.96" electricity="0.00" noise="81.03" route="routetop" type="cfm_slow" waiting="0.00" lane="left_0" pos="45.59" speed="47.00" angle="102.48" x="54.62" y="-1.01"/>
        <vehicle id="cfm_slow_1" eclass="HBEFA3/PC_G_EU4" CO2="13867.12" CO="488.45" HC="2.61" NOx="5.43" PMx="0.45" fuel="5.96" electricity="0.00" noise="81.03" route="routebottom" type="cfm_slow" waiting="0.00" lane="bottom_0" pos="35.59" speed="47.00" angle="30.46" x="122.38" y="35.09"/>
        <vehicle id="cfm_slow_2" eclass="HBEFA3/PC_G_EU4" CO2="13867.12" CO="488.45" HC="2.61" NOx="5.43" PMx="0.45" fuel="5.96" electricity="0.00" noise="81.03" route="routebottom" type="cfm_slow" waiting="0.00" lane="right_0" pos="25.59" speed="47.00" angle="318.49" x="108.98" y="110.69"/>
        <vehicle id="cfm_slow_3" eclass="HBEFA3/PC_G_EU4" CO2="0.00" CO="0.00" HC="0.00" NOx="0.00" PMx="0.00" fuel="0.00" electricity="0.00" noise="81.03" route="routetop" type="cfm_slow" waiting="0.00" lane="top_0" pos="15.59" speed="47.00" angle="246.43" x="32.93" y="121.28"/>
        <vehicle id="cfm_slow_4" eclass="HBEFA3/PC_G_EU4" CO2="0.00" CO="0.00" HC="0.00" NOx="0.00" PMx="0.00" fuel="0.00" electricity="0.00" noise="81.03" route="routetop" type="cfm_slow" waiting="0.00" lane="left_0" pos="5.59" speed="47.00" angle="174.42" x="-0.63" y="52.23"/>
    </timestep>
    <timestep time="35.80">
        <vehicle id="cfm_slow_0" eclass="HBEFA3/PC_G_EU4" CO2="13867.12" CO="488.45" HC="2.61" NOx="5.43" PMx="0.45" fuel="5.96" electricity="0.00" noise="81.03" route="routebottom" type="cfm_slow" waiting="0.00" lane="bottom_0" pos="0.29" speed="47.00" angle="93.96" x="64.29" y="-1.64"/>
        <vehicle id="cfm_slow_1" eclass="HBEFA3/PC_G_EU4" CO2="13867.12" CO="488.45" HC="2.61" NOx="5.43" PMx="0.45" fuel="5.96" electricity="0.00" noise="81.03" route="routebottom" type="cfm_slow" waiting="0.00" lane="bottom_0" pos="40.29" speed="47.00" angle="22.01" x="125.95" y="44.03"/>
        <vehicle id="cfm_slow_2" eclass="HBEFA3/PC_G_EU4" CO2="0.00" CO="0.00" HC="0.00" NOx="0.00" PMx="0.00" fuel="0.00" electricity="0.00" noise="81.03" route="routebottom" type="cfm_slow" waiting="0.00" lane="right_0" pos="30.29" speed="47.00" angle="309.94" x="101.56" y="116.83"/>
        <vehicle id="cfm_slow_3" eclass="HBEFA3/PC_G_EU4" CO2="0.00" CO="0.00" HC="0.00" NOx="0.00" PMx="0.00" fuel="0.00" electricity="0.00" noise="81.03" route="routetop" type="cfm_slow" waiting="0.00" lane="top_0" pos="20.29" speed="47.00" angle="237.90" x="24.79" y="116.13"/>
        <vehicle id="cfm_slow_4" eclass="HBEFA3/PC_G_EU4" CO2="0.00" CO="0.00" HC="0.00" NOx="0.00" PMx="0.00" fuel="0.00" electricity="0.00" noise="81.03" route="routetop" type="cfm_slow" waiting="0.00" lane="left_0" pos="10.29" speed="47.00" angle="165.96" x="1.74" y="42.89"/>
    </timestep>
    <timestep time="35.90">
        <vehicle id="cfm_slow_0" eclass="HBEFA3/PC_G_EU4" CO2="13867.12" CO="488.45" HC="2.61" NOx="5.43" PMx="0.45" fuel="5.96" electricity="0.00" noise="81.03" route="routebottom" type="cfm_slow" waiting="0.00" lane="bottom_0" pos="4.99" speed="47.00" angle="85.53" x="73.88" y="-0.85"/>
        <vehicle id="cfm_slow_1" eclass="HBEFA3/PC_G_EU4" CO2="13867.12" CO="488.45" HC="2.61" NOx="5.43" PMx="0.45" fuel="5.96" electricity="0.00" noise="81.03" route="routebottom" type="cfm_slow" waiting="0.00" lane="bottom_0" pos="44.99" speed="47.00" angle="13.53" x="128.16" y="53.40"/>
        <vehicle id="cfm_slow_2" eclass="HBEFA3/PC_G_EU4" CO2="0.00" CO="0.00" HC="0.00" NOx="0.00" PMx="0.00" fuel="0.00" electricity="0.00" noise="81.03" route="routebottom" type="cfm_slow" waiting="0.00" lane="right_0" pos="34.99" speed="47.00" angle="301.57" x="93.33" y="121.83"/>
        <vehicle id="cfm_slow_3" eclass="HBEFA3/PC_G_EU4" CO2="0.00" CO="0.00" HC="0.00" NOx="0.00" PMx="0.00" fuel="0.00" electricity="0.00" noise="81.03" route="routetop" type="cfm_slow" waiting="0.00" lane="top_0" pos="24.99" speed="47.00" angle="229.53" x="17.50" y="109.84"/>
        <vehicle id="cfm_slow_4" eclass="HBEFA3/PC_G_EU4" CO2="0.00" CO="0.00" HC="0.00" NOx="0.00" PMx="0.00" fuel="0.00" electricity="0.00" noise="81.03" route="routetop" type="cfm_slow" waiting="0.00" lane="left_0" pos="14.99" speed="47.00" angle="157.51" x="5.47" y="34.02"/>
    </timestep>
    <timestep time="36.00">
        <vehicle id="cfm_slow_0" eclass="HBEFA3/PC_G_EU4" CO2="13867.12" CO="488.45" HC="2.61" NOx="5.43" PMx="0.45" fuel="5.96" electricity="0.00" noise="81.03" route="routebottom" type="cfm_slow" waiting="0.00" lane="bottom_0" pos="9.69" speed="47.00" angle="77.00" x="83.25" y="1.37"/>
        <vehicle id="cfm_slow_1" eclass="HBEFA3/PC_G_EU4" CO2="13867.12" CO="488.45" HC="2.61" NOx="5.43" PMx="0.45" fuel="5.96" electricity="0.00" noise="81.03" route="routebottom" type="cfm_slow" waiting="0.00" lane="bottom_0" pos="49.69" speed="47.00" angle="5.04" x="128.96" y="63.00"/>
        <vehicle id="cfm_slow_2" eclass="HBEFA3/PC_G_EU4" CO2="0.00" CO="0.00" HC="0.00" NOx="0.00" PMx="0.00" fuel="0.00" electricity="0.00" noise="81.03" route="routebottom" type="cfm_slow" waiting="0.00" lane="right_0" pos="39.69" speed="47.00" angle="293.11" x="84.46" y="125.58"/>
        <vehicle id="cfm_slow_3" eclass="HBEFA3/PC_G_EU4" CO2="0.00" CO="0.00" HC="0.00" NOx="0.00" PMx="0.00" fuel="0.00" electricity="0.00" noise="81.03" route="routetop" type="cfm_slow" waiting="0.00" lane="top_0" pos="29.69" speed="47.00" angle="221.05" x="11.21" y="102.56"/>
        <vehicle id="cfm_slow_4" eclass="HBEFA3/PC_G_EU4" CO2="0.00" CO="0.00" HC="0.00" NOx="0.00" PMx="0.00" fuel="0.00" electricity="0.00" noise="81.03" route="routetop" type="cfm_slow" waiting="0.00" lane="left_0" pos="19.69" speed="47.00" angle="148.99" x="10.47" y="25.79"/>
    </timestep>
    <timestep time="36.10">
        <vehicle id="cfm_slow_0" eclass="HBEFA3/PC_G_EU4" CO2="13867.12" CO="488.45" HC="2.61" NOx="5.43" PMx="0.45" fuel="5.96" electricity="0.00" noise="81.03" route="routebottom" type="cfm_slow" waiting="0.00" lane="bottom_0" pos="14.39" speed="47.00" angle="68.62" x="92.20" y="4.92"/>
        <vehicle id="cfm_slow_1" eclass="HBEFA3/PC_G_EU4" CO2="13867.12" CO="488.45" HC="2.61" NOx="5.43" PMx="0.45" fuel="5.96" electricity="0.00" noise="81.03" route="routebottom" type="cfm_slow" waiting="0.00" lane="right_0" pos="4.39" speed="47.00" angle="356.62" x="128.34" y="72.67"/>
        <vehicle id="cfm_slow_2" eclass="HBEFA3/PC_G_EU4" CO2="0.00" CO="0.00" HC="0.00" NOx="0.00" PMx="0.00" fuel="0.00" electricity="0.00" noise="81.03" route="routebottom" type="cfm_slow" waiting="0.00" lane="right_0" pos="44.39" speed="47.00" angle="284.60" x="75.13" y="127.95"/>
        <vehicle id="cfm_slow_3" eclass="HBEFA3/PC_G_EU4" CO2="0.00" CO="0.00" HC="0.00" NOx="0.00" PMx="0.00" fuel="0.00" electricity="0.00" noise="81.03" route="routetop" type="cfm_slow" waiting="0.00" lane="top_0" pos="34.39" speed="47.00" angle="212.63" x="6.05" y="94.42"/>
        <vehicle id="cfm_slow_4" eclass="HBEFA3/PC_G_EU4" CO2="0.00" CO="0.00" HC="0.00" NOx="0.00" PMx="0.00" fuel="0.00" electricity="0.00" noise="81.03" route="routetop" type="cfm_slow" waiting="0.00" lane="left_0" pos="24.39" speed="47.00" angle="140.64" x="16.61" y="18.37"/>
    </timestep>
    <timestep time="36.20">
        <vehicle id="cfm_slow_0" eclass="HBEFA3/PC_G_EU4" CO2="13867.12" CO="488.45" HC="2.61" NOx="5.43" PMx="0.45" fuel="5.96" electricity="0.00" noise="81.03" route="routebottom" type="cfm_slow" waiting="0.00" lane="bottom_0" pos="19.09" speed="47.00" angle="60.03" x="100.52" y="9.76"/>
        <vehicle id="cfm_slow_1" eclass="HBEFA3/PC_G_EU4" CO2="13867.12" CO="488.45" HC="2.61" NOx="5.43" PMx="0.45" fuel="5.96" electricity="0.00" noise="81.03" route="routebottom" type="cfm_slow" waiting="0.00" lane="right_0" pos="9.09" speed="47.00" angle="348.15" x="126.32" y="82.08"/>
        <vehicle id="cfm_slow_2" eclass="HBEFA3/PC_G_EU4" CO2="0.00" CO="0.00" HC="0.00" NOx="0.00" PMx="0.00" fuel="0.00" electricity="0.00" noise="81.03" route="routebottom" type="cfm_slow" waiting="0.00" lane="right_0" pos="49.09" speed="47.00" angle="276.14" x="65.55" y="128.93"/>
        <vehicle id="cfm_slow_3" eclass="HBEFA3/PC_G_EU4" CO2="0.00" CO="0.00" HC="0.00" NOx="0.00" PMx="0.00" fuel="0.00" electricity="0.00" noise="81.03" route="routetop" type="cfm_slow" waiting="0.00" lane="top_0" pos="39.09" speed="47.00" angle="204.12" x="2.17" y="85.62"/>
        <vehicle id="cfm_slow_4" eclass="HBEFA3/PC_G_EU4" CO2="0.00" CO="0.00" HC="0.00" NOx="0.00" PMx="0.00" fuel="0.00" electricity="0.00" noise="81.03" route="routetop" type="cfm_slow" waiting="0.00" lane="left_0" pos="29.09" speed="47.00" angle="132.12" x="23.79" y="11.95"/>
    </timestep>
    <timestep time="36.30">
        <vehicle id="cfm_slow_0" eclass="HBEFA3/PC_G_EU4" CO2="13867.12" CO="488.45" HC="2.61" NOx="5.43" PMx="0.45" fuel="5.96" electricity="0.00" noise="81.03" route="routebottom" type="cfm_slow" waiting="0.00" lane="bottom_0" pos="23.79" speed="47.00" angle="51.71" x="108.05" y="15.77"/>
        <vehicle id="cfm_slow_1" eclass="HBEFA3/PC_G_EU4" CO2="13867.12" CO="488.45" HC="2.61" NOx="5.43" PMx="0.45" fuel="5.96" electricity="0.00" noise="81.03" route="routebottom" type="cfm_slow" waiting="0.00" lane="right_0" pos="13.79" speed="47.00" angle="339.63" x="122.93" y="91.09"/>
        <vehicle id="cfm_slow_2" eclass="HBEFA3/PC_G_EU4" CO2="0.00" CO="0.00" HC="0.00" NOx="0.00" PMx="0.00" fuel="0.00" electricity="0.00" noise="81.03" route="routetop" type="cfm_slow" waiting="0.00" lane="top_0" pos="3.79" speed="47.00" angle="267.70" x="55.87" y="128.51"/>
        <vehicle id="cfm_slow_3" eclass="HBEFA3/PC_G_EU4" CO2="0.00" CO="0.00" HC="0.00" NOx="0.00" PMx="0.00" fuel="0.00" electricity="0.00" noise="81.03" route="routetop" type="cfm_slow" waiting="0.00" lane="top_0" pos="43.79" speed="47.00" angle="195.73" x="-0.40" y="76.34"/>
        <vehicle id="cfm_slow_4" eclass="HBEFA3/PC_G_EU4" CO2="0.00" CO="0.00" HC="0.00" NOx="0.00" PMx="0.00" fuel="0.00" electricity="0.00" noise="81.03" route="routetop" type="cfm_slow" waiting="0.00" lane="left_0" pos="33.79" speed="47.00" angle="123.71" x="31.82" y="6.65"/>
    </timestep>
    <timestep time="36.40">
        <vehicle id="cfm_slow_0" eclass="HBEFA3/PC_G_EU4" CO2="13867.12" CO="488.45" HC="2.61" NOx="5.43" PMx="0.45" fuel="5.96" electricity="0.00" noise="81.03" route="routebottom" type="cfm_slow" waiting="0.00" lane="bottom_0" pos="28.49" speed="47.00" angle="43.19" x="114.61" y="22.82"/>
        <vehicle id="cfm_slow_1" eclass="HBEFA3/PC_G_EU4" CO2="13867.12" CO="488.45" HC="2.61" NOx="5.43" PMx="0.45" fuel="5.96" electricity="0.00" noise="81.03" route="routebottom" type="cfm_slow" waiting="0.00" lane="right_0" pos="18.49" speed="47.00" angle="331.21" x="118.25" y="99.51"/>
        <vehicle id="cfm_slow_2" eclass="HBEFA3/PC_G_EU4" CO2="0.00" CO="0.00" HC="0.00" NOx="0.00" PMx="0.00" fuel="0.00" electricity="0.00" noise="81.03" route="routetop" type="cfm_slow" waiting="0.00" lane="top_0" pos="8.49" speed="47.00" angle="259.17" x="46.43" y="126.65"/>
        <vehicle id="cfm_slow_3" eclass="HBEFA3/PC_G_EU4" CO2="0.00" CO="0.00" HC="0.00" NOx="0.00" PMx="0.00" fuel="0.00" electricity="0.00" noise="81.03" route="routetop" type="cfm_slow" waiting="0.00" lane="top_0" pos="48.49" speed="47.00" angle="187.23" x="-1.57" y="66.78"/>
        <vehicle id="cfm_slow_4" eclass="HBEFA3/PC_G_EU4" CO2="13867.12" CO="488.45" HC="2.61" NOx="5.43" PMx="0.45" fuel="5.96" electricity="0.00" noise="81.03" route="routetop" type="cfm_slow" waiting="0.00" lane="left_0" pos="38.49" speed="47.00" angle="115.21" x="40.55" y="2.59"/>
    </timestep>
    <timestep time="36.50">
        <vehicle id="cfm_slow_0" eclass="HBEFA3/PC_G_EU4" CO2="13867.12" CO="488.45" HC="2.61" NOx="5.43" PMx="0.45" fuel="5.96" electricity="0.00" noise="81.03" route="routebottom" type="cfm_slow" waiting="0.00" lane="bottom_0" pos="33.19" speed="47.00" angle="34.74" x="120.06" y="30.75"/>
        <vehicle id="cfm_slow_1" eclass="HBEFA3/PC_G_EU4" CO2="13867.12" CO="488.45" HC="2.61" NOx="5.43" PMx="0.45" fuel="5.96" electricity="0.00" noise="81.03" route="routebottom" type="cfm_slow" waiting="0.00" lane="right_0" pos="23.19" speed="47.00" angle="322.78" x="112.39" y="107.15"/>
        <vehicle id="cfm_slow_2" eclass="HBEFA3/PC_G_EU4" CO2="0.00" CO="0.00" HC="0.00" NOx="0.00" PMx="0.00" fuel="0.00" electricity="0.00" noise="81.03" route="routetop" type="cfm_slow" waiting="0.00" lane="top_0" pos="13.19" speed="47.00" angle="250.76" x="37.35" y="123.43"/>
        <vehicle id="cfm_slow_3" eclass="HBEFA3/PC_G_EU4" CO2="0.00" CO="0.00" HC="0.00" NOx="0.00" PMx="0.00" fuel="0.00" electricity="0.00" noise="81.03" route="routetop" type="cfm_slow" waiting="0.00" lane="left_0" pos="3.19" speed="47.00" angle="178.76" x="-1.31" y="57.10"/>
        <vehicle id="cfm_slow_4" eclass="HBEFA3/PC_G_EU4" CO2="13867.12" CO="488.45" HC="2.61" NOx="5.43" PMx="0.45" fuel="5.96" electricity="0.00" noise="81.03" route="routetop" type="cfm_slow" waiting="0.00" lane="left_0" pos="43.19" speed="47.00" angle="106.79" x="49.78" y="-0.14"/>
    </timestep>
    <timestep time="36.60">
        <vehicle id="cfm_slow_0" eclass="HBEFA3/PC_G_EU4" CO2="13867.12" CO="488.45" HC="2.61" NOx="5.43" PMx="0.45" fuel="5.96" electricity="0.00" noise="81.03" route="routebottom" type="cfm_slow" waiting="0.00" lane="bottom_0" pos="37.89" speed="47.00" angle="26.26" x="124.28" y="39.40"/>
        <vehicle id="cfm_slow_1" eclass="HBEFA3/PC_G_EU4" CO2="13867.12" CO="488.45" HC="2.61" NOx="5.43" PMx="0.45" fuel="5.96" electricity="0.00" noise="81.03" route="routebottom" type="cfm_slow" waiting="0.00" lane="right_0" pos="27.89" speed="47.00" angle="314.23" x="105.46" y="113.83"/>
        <vehicle id="cfm_slow_2" eclass="HBEFA3/PC_G_EU4" CO2="0.00" CO="0.00" HC="0.00" NOx="0.00" PMx="0.00" fuel="0.00" electricity="0.00" noise="81.03" route="routetop" type="cfm_slow" waiting="0.00" lane="top_0" pos="17.89" speed="47.00" angle="242.34" x="28.84" y="118.92"/>
        <vehicle id="cfm_slow_3" eclass="HBEFA3/PC_G_EU4" CO2="0.00" CO="0.00" HC="0.00" NOx="0.00" PMx="0.00" fuel="0.00" electricity="0.00" noise="81.03" route="routetop" type="cfm_slow" waiting="0.00" lane="left_0" pos="7.89" speed="47.00" angle="170.27" x="0.36" y="47.62"/>
        <vehicle id="cfm_slow_4" eclass="HBEFA3/PC_G_EU4" CO2="13867.12" CO="488.45" HC="2.61" NOx="5.43" PMx="0.45" fuel="5.96" electricity="0.00" noise="81.03" route="routetop" type="cfm_slow" waiting="0.00" lane="left_0" pos="47.89" speed="47.00" angle="98.34" x="59.31" y="-1.49"/>
    </timestep>
    <timestep time="36.70">
        <vehicle id="cfm_slow_0" eclass="HBEFA3/PC_G_EU4" CO2="13867.12" CO="488.45" HC="2.61" NOx="5.43" PMx="0.45" fuel="5.96" electricity="0.00" noise="81.03" route="routebottom" type="cfm_slow" waiting="0.00" lane="bottom_0" pos="42.59" speed="47.00" angle="17.87" x="127.20" y="48.58"/>
        <vehicle id="cfm_slow_1" eclass="HBEFA3/PC_G_EU4" CO2="13867.12" CO="488.45" HC="2.61" NOx="5.43" PMx="0.45" fuel="5.96" electricity="0.00" noise="81.03" route="routebottom" type="cfm_slow" waiting="0.00" lane="right_0" pos="32.59" speed="47.00" angle="305.86" x="97.63" y="119.44"/>
        <vehicle id="cfm_slow_2" eclass="HBEFA3/PC_G_EU4" CO2="0.00" CO="0.00" HC="0.00" NOx="0.00" PMx="0.00" fuel="0.00" electricity="0.00" noise="81.03" route="routetop" type="cfm_slow" waiting="0.00" lane="top_0" pos="22.59" speed="47.00" angle="233.79" x="21.11" y="113.19"/>
        <vehicle id="cfm_slow_3" eclass="HBEFA3/PC_G_EU4" CO2="0.00" CO="0.00" HC="0.00" NOx="0.00" PMx="0.00" fuel="0.00" electricity="0.00" noise="81.03" route="routetop" type="cfm_slow" waiting="0.00" lane="left_0" pos="12.59" speed="47.00" angle="161.81" x="3.41" y="38.48"/>
        <vehicle id="cfm_slow_4" eclass="HBEFA3/PC_G_EU4" CO2="13867.12" CO="488.45" HC="2.61" NOx="5.43" PMx="0.45" fuel="5.96" electricity="0.00" noise="81.03" route="routebottom" type="cfm_slow" waiting="0.00" lane="bottom_0" pos="2.59" speed="47.00" angle="89.85" x="69.00" y="-1.43"/>
    </timestep>
    <timestep time="36.80">
        <vehicle id="cfm_slow_0" eclass="HBEFA3/PC_G_EU4" CO2="13867.12" CO="488.45" HC="2.61" NOx="5.43" PMx="0.45" fuel="5.96" electricity="0.00" noise="81.03" route="routebottom" type="cfm_slow" waiting="0.00" lane="bottom_0" pos="47.29" speed="47.00" angle="9.44" x="128.74" y="58.08"/>
        <vehicle id="cfm_slow_1" eclass="HBEFA3/PC_G_EU4" CO2="13867.12" CO="488.45" HC="2.61" NOx="5.43" PMx="0.45" fuel="5.96" electricity="0.00" noise="81.03" route="routebottom" type="cfm_slow" waiting="0.00" lane="right_0" pos="37.29" speed="47.00" angle="297.38" x="89.06" y="123.83"/>
        <vehicle id="cfm_slow_2" eclass="HBEFA3/PC_G_EU4" CO2="0.00" CO="0.00" HC="0.00" NOx="0.00" PMx="0.00" fuel="0.00" electricity="0.00" noise="81.03" route="routetop" type="cfm_slow" waiting="0.00" lane="top_0" pos="27.29" speed="47.00" angle="225.39" x="14.29" y="106.40"/>
        <vehicle id="cfm_slow_3" eclass="HBEFA3/PC_G_EU4" CO2="0.00" CO="0.00" HC="0.00" NOx="0.00" PMx="0.00" fuel="0.00" electricity="0.00" noise="81.03" route="routetop" type="cfm_slow" waiting="0.00" lane="left_0" pos="17.29" speed="47.00" angle="153.37" x="7.77" y="29.90"/>
        <vehicle id="cfm_slow_4" eclass="HBEFA3/PC_G_EU4" CO2="13867.12" CO="488.45" HC="2.61" NOx="5.43" PMx="0.45" fuel="5.96" electricity="0.00" noise="81.03" route="routebottom" type="cfm_slow" waiting="0.00" lane="bottom_0" pos="7.29" speed="47.00" angle="81.33" x="78.51" y="0.07"/>
    </timestep>
    <timestep time="36.90">
        <vehicle id="cfm_slow_0" eclass="HBEFA3/PC_G_EU4" CO2="13867.12" CO="488.45" HC="2.61" NOx="5.43" PMx="0.45" fuel="5.96" electricity="0.00" noise="81.03" route="routebottom" type="cfm_slow" waiting="0.00" lane="right_0" pos="1.99" speed="47.00" angle="0.90" x="128.84" y="67.77"/>
        <vehicle id="cfm_slow_1" eclass="HBEFA3/PC_G_EU4" CO2="13867.12" CO="488.45" HC="2.61" NOx="5.43" PMx="0.45" fuel="5.96" electricity="0.00" noise="81.03" route="routebottom" type="cfm_slow" waiting="0.00" lane="right_0" pos="41.99" speed="47.00" angle="288.89" x="79.94" y="126.90"/>
        <vehicle id="cfm_slow_2" eclass="HBEFA3/PC_G_EU4" CO2="0.00" CO="0.00" HC="0.00" NOx="0.00" PMx="0.00" fuel="0.00" electricity="0.00" noise="81.03" route="routetop" type="cfm_slow" waiting="0.00" lane="top_0" pos="31.99" speed="47.00" angle="216.92" x="8.53" y="98.68"/>
        <vehicle id="cfm_slow_3" eclass="HBEFA3/PC_G_EU4" CO2="0.00" CO="0.00" HC="0.00" NOx="0.00" PMx="0.00" fuel="0.00" electricity="0.00" noise="81.03" route="routetop" type="cfm_slow" waiting="0.00" lane="left_0" pos="21.99" speed="47.00" angle="144.92" x="13.34" y="22.05"/>
        <vehicle id="cfm_slow_4" eclass="HBEFA3/PC_G_EU4" CO2="13867.12" CO="488.45" HC="2.61" NOx="5.43" PMx="0.45" fuel="5.96" electricity="0.00" noise="81.03" route="routebottom" type="cfm_slow" waiting="0.00" lane="bottom_0" pos="11.99" speed="47.00" angle="72.90" x="87.70" y="2.95"/>
    </timestep>
    <timestep time="37.00">
        <vehicle id="cfm_slow_0" eclass="HBEFA3/PC_G_EU4" CO2="13867.12" CO="488.45" HC="2.61" NOx="5.43" PMx="0.45" fuel="5.96" electricity="0.00" noise="81.03" route="routebottom" type="cfm_slow" waiting="0.00" lane="right_0" pos="6.69" speed="47.00" angle="352.45" x="127.53" y="77.31"/>
        <vehicle id="cfm_slow_1" eclass="HBEFA3/PC_G_EU4" CO2="0.00" CO="0.00" HC="0.00" NOx="0.00" PMx="0.00" fuel="0.00" electricity="0.00" noise="81.03" route="routebottom" type="cfm_slow" waiting="0.00" lane="right_0" pos="46.69" speed="47.00" angle="280.50" x="70.46" y="128.61"/>
        <vehicle id="cfm_slow_2" eclass="HBEFA3/PC_G_EU4" CO2="0.00" CO="0.00" HC="0.00" NOx="0.00" PMx="0.00" fuel="0.00" electricity="0.00" noise="81.03" route="routetop" type="cfm_slow" waiting="0.00" lane="top_0" pos="36.69" speed="47.00" angle="208.49" x="3.99" y="90.19"/>
        <vehicle id="cfm_slow_3" eclass="HBEFA3/PC_G_EU4" CO2="0.00" CO="0.00" HC="0.00" NOx="0.00" PMx="0.00" fuel="0.00" electricity="0.00" noise="81.03" route="routetop" type="cfm_slow" waiting="0.00" lane="left_0" pos="26.69" speed="47.00" angle="136.43" x="20.00" y="15.10"/>
        <vehicle id="cfm_slow_4" eclass="HBEFA3/PC_G_EU4" CO2="13867.12" CO="488.45" HC="2.61" NOx="5.43" PMx="0.45" fuel="5.96" electricity="0.00" noise="81.03" route="routebottom" type="cfm_slow" waiting="0.00" lane="bottom_0" pos="16.69" speed="47.00" angle="64.50" x="96.37" y="7.13"/>
    </timestep>
    <timestep time="37.10">
        <vehicle id="cfm_slow_0" eclass="HBEFA3/PC_G_EU4" CO2="13867.12" CO="488.45" HC="2.61" NOx="5.43" PMx="0.45" fuel="5.96" electricity="0.00" noise="81.03" route="routebottom" type="cfm_slow" waiting="0.00" lane="right_0" pos="11.39" speed="47.00" angle="343.88" x="124.82" y="86.55"/>
        <vehicle id="cfm_slow_1" eclass="HBEFA3/PC_G_EU4" CO2="0.00" CO="0.00" HC="0.00" NOx="0.00" PMx="0.00" fuel="0.00" electricity="0.00" noise="81.03" route="routetop" type="cfm_slow" waiting="0.00" lane="top_0" pos="1.39" speed="47.00" angle="271.99" x="60.78" y="128.90"/>
        <vehicle id="cfm_slow_2" eclass="HBEFA3/PC_G_EU4" CO2="0.00" CO="0.00" HC="0.00" NOx="0.00" PMx="0.00" fuel="0.00" electricity="0.00" noise="81.03" route="routetop" type="cfm_slow" waiting="0.00" lane="top_0" pos="41.39" speed="47.00" angle="199.98" x="0.74" y="81.12"/>
        <vehicle id="cfm_slow_3" eclass="HBEFA3/PC_G_EU4" CO2="0.00" CO="0.00" HC="0.00" NOx="0.00" PMx="0.00" fuel="0.00" electricity="0.00" noise="81.03" route="routetop" type="cfm_slow" waiting="0.00" lane="left_0" pos="31.39" speed="47.00" angle="128.00" x="27.62" y="9.21"/>
        <vehicle id="cfm_slow_4" eclass="HBEFA3/PC_G_EU4" CO2="13867.12" CO="488.45" HC="2.61" NOx="5.43" PMx="0.45" fuel="5.96" electricity="0.00" noise="81.03" route="routebottom" type="cfm_slow" waiting="0.00" lane="bottom_0" pos="21.39" speed="47.00" angle="55.94" x="104.32" y="12.57"/>
    </timestep>
    <timestep time="37.20">
        <vehicle id="cfm_slow_0" eclass="HBEFA3/PC_G_EU4" CO2="13867.12" CO="488.45" HC="2.61" NOx="5.43" PMx="0.45" fuel="5.96" electricity="0.00" noise="81.03" route="routebottom" type="cfm_slow" waiting="0.00" lane="right_0" pos="16.09" speed="47.00" angle="335.53" x="120.79" y="95.29"/>
        <vehicle id="cfm_slow_1" eclass="HBEFA3/PC_G_EU4" CO2="0.00" CO="0.00" HC="0.00" NOx="0.00" PMx="0.00" fuel="0.00" electricity="0.00" noise="81.03" route="routetop" type="cfm_slow" waiting="0.00" lane="top_0" pos="6.09" speed="47.00" angle="263.52" x="51.22" y="127.77"/>
        <vehicle id="cfm_slow_2" eclass="HBEFA3/PC_G_EU4" CO2="0.00" CO="0.00" HC="0.00" NOx="0.00" PMx="0.00" fuel="0.00" electricity="0.00" noise="81.03" route="routetop" type="cfm_slow" waiting="0.00" lane="top_0" pos="46.09" speed="47.00" angle="191.59" x="-1.16" y="71.68"/>
        <vehicle id="cfm_slow_3" eclass="HBEFA3/PC_G_EU4" CO2="0.00" CO="0.00" HC="0.00" NOx="0.00" PMx="0.00" fuel="0.00" electricity="0.00" noise="81.03" route="routetop" type="cfm_slow" waiting="0.00" lane="left_0" pos="36.09" speed="47.00" angle="119.62" x="36.01" y="4.49"/>
        <vehicle id="cfm_slow_4" eclass="HBEFA3/PC_G_EU4" CO2="13867.12" CO="488.45" HC="2.61" NOx="5.43" PMx="0.45" fuel="5.96" electricity="0.00" noise="81.03" route="routebottom" type="cfm_slow" waiting="0.00" lane="bottom_0" pos="26.09" speed="47.00" angle="47.56" x="111.39" y="19.10"/>
    </timestep>
    <timestep time="37.30">
        <vehicle id="cfm_slow_0" eclass="HBEFA3/PC_G_EU4" CO2="13867.12" CO="488.45" HC="2.61" NOx="5.43" PMx="0.45" fuel="5.96" electricity="0.00" noise="81.03" route="routebottom" type="cfm_slow" waiting="0.00" lane="right_0" pos="20.79" speed="47.00" angle="327.04" x="115.51" y="103.35"/>
        <vehicle id="cfm_slow_1" eclass="HBEFA3/PC_G_EU4" CO2="0.00" CO="0.00" HC="0.00" NOx="0.00" PMx="0.00" fuel="0.00" electricity="0.00" noise="81.03" route="routetop" type="cfm_slow" waiting="0.00" lane="top_0" pos="10.79" speed="47.00" angle="255.03" x="41.93" y="125.24"/>
        <vehicle id="cfm_slow_2" eclass="HBEFA3/PC_G_EU4" CO2="0.00" CO="0.00" HC="0.00" NOx="0.00" PMx="0.00" fuel="0.00" electricity="0.00" noise="81.03" route="routetop" type="cfm_slow" waiting="0.00" lane="left_0" pos="0.79" speed="47.00" angle="183.04" x="-1.62" y="62.01"/>
        <vehicle id="cfm_slow_3" eclass="HBEFA3/PC_G_EU4" CO2="0.00" CO="0.00" HC="0.00" NOx="0.00" PMx="0.00" fuel="0.00" electricity="0.00" noise="81.03" route="routetop" type="cfm_slow" waiting="0.00" lane="left_0" pos="40.79" speed="47.00" angle="111.03" x="45.01" y="1.08"/>
        <vehicle id="cfm_slow_4" eclass="HBEFA3/PC_G_EU4" CO2="13867.12" CO="488.45" HC="2.61" NOx="5.43" PMx="0.45" fuel="5.96" electricity="0.00" noise="81.03" route="routebottom" type="cfm_slow" waiting="0.00" lane="bottom_0" pos="30.79" speed="47.00" angle="39.12" x="117.43" y="26.59"/>
    </timestep>
    <timestep time="37.40">
        <vehicle id="cfm_slow_0" eclass="HBEFA3/PC_G_EU4" CO2="13867.12" CO="488.45" HC="2.61" NOx="5.43" PMx="0.45" fuel="5.96" electricity="0.00" noise="81.03" route="routebottom" type="cfm_slow" waiting="0.00" lane="right_0" pos="25.49" speed="47.00" angle="318.63" x="109.12" y="110.55"/>
        <vehicle id="cfm_slow_1" eclass="HBEFA3/PC_G_EU4" CO2="0.00" CO="0.00" HC="0.00" NOx="0.00" PMx="0.00" fuel="0.00" electricity="0.00" noise="81.03" route="routetop" type="cfm_slow" waiting="0.00" lane="top_0" pos="15.49" speed="47.00" angle="246.61" x="33.11" y="121.38"/>
        <vehicle id="cfm_slow_2" eclass="HBEFA3/PC_G_EU4" CO2="0.00" CO="0.00" HC="0.00" NOx="0.00" PMx="0.00" fuel="0.00" electricity="0.00" noise="81.03" route="routetop" type="cfm_slow" waiting="0.00" lane="left_0" pos="5.49" speed="47.00" angle="174.61" x="-0.67" y="52.43"/>
        <vehicle id="cfm_slow_3" eclass="HBEFA3/PC_G_EU4" CO2="0.00" CO="0.00" HC="0.00" NOx="0.00" PMx="0.00" fuel="0.00" electricity="0.00" noise="81.03" route="routetop" type="cfm_slow" waiting="0.00" lane="left_0" pos="45.49" speed="47.00" angle="102.66" x="54.42" y="-0.98"/>
        <vehicle id="cfm_slow_4" eclass="HBEFA3/PC_G_EU4" CO2="13867.12" CO="488.45" HC="2.61" NOx="5.43" PMx="0.45" fuel="5.96" electricity="0.00" noise="81.03" route="routebottom" type="cfm_slow" waiting="0.00" lane="bottom_0" pos="35.49" speed="47.00" angle="30.64" x="122.29" y="34.90"/>
    </timestep>
    <timestep time="37.50">
        <vehicle id="cfm_slow_0" eclass="HBEFA3/PC_G_EU4" CO2="13867.12" CO="488.45" HC="2.61" NOx="5.43" PMx="0.45" fuel="5.96" electricity="0.00" noise="81.03" route="routebottom" type="cfm_slow" waiting="0.00" lane="right_0" pos="30.19" speed="47.00" angle="310.12" x="101.73" y="116.71"/>
        <vehicle id="cfm_slow_1" eclass="HBEFA3/PC_G_EU4" CO2="0.00" CO="0.00" HC="0.00" NOx="0.00" PMx="0.00" fuel="0.00" electricity="0.00" noise="81.03" route="routetop" type="cfm_slow" waiting="0.00" lane="top_0" pos="20.19" speed="47.00" angle="238.09" x="24.96" y="116.25"/>
        <vehicle id="cfm_slow_2" eclass="HBEFA3/PC_G_EU4" CO2="0.00" CO="0.00" HC="0.00" NOx="0.00" PMx="0.00" fuel="0.00" electricity="0.00" noise="81.03" route="routetop" type="cfm_slow" waiting="0.00" lane="left_0" pos="10.19" speed="47.00" angle="166.12" x="1.68" y="43.09"/>
        <vehicle id="cfm_slow_3" eclass="HBEFA3/PC_G_EU4" CO2="0.00" CO="0.00" HC="0.00" NOx="0.00" PMx="0.00" fuel="0.00" electricity="0.00" noise="81.03" route="routebottom" type="cfm_slow" waiting="0.00" lane="bottom_0" pos="0.19" speed="47.00" angle="94.14" x="64.08" y="-1.64"/>
        <vehicle id="cfm_slow_4" eclass="HBEFA3/PC_G_EU4" CO2="13867.12" CO="488.45" HC="2.61" NOx="5.43" PMx="0.45" fuel="5.96" electricity="0.00" noise="81.03" route="routebottom" type="cfm_slow" waiting="0.00" lane="bottom_0" pos="40.19" speed="47.00" angle="22.20" x="125.89" y="43.84"/>
    </timestep>
    <timestep time="37.60">
        <vehicle id="cfm_slow_0" eclass="HBEFA3/PC_G_EU4" CO2="13867.12" CO="488.45" HC="2.61" NOx="5.43" PMx="0.45" fuel="5.96" electricity="0.00" noise="81.03" route="routebottom" type="cfm_slow" waiting="0.00" lane="right_0" pos="34.89" speed="47.00" angle="301.76" x="93.52" y="121.74"/>
        <vehicle id="cfm_slow_1" eclass="HBEFA3/PC_G_EU4" CO2="0.00" CO="0.00" HC="0.00" NOx="0.00" PMx="0.00" fuel="0.00" electricity="0.00" noise="81.03" route="routetop" type="cfm_slow" waiting="0.00" lane="top_0" pos="24.89" speed="47.00" angle="229.71" x="17.65" y="109.99"/>
        <vehicle id="cfm_slow_2" eclass="HBEFA3/PC_G_EU4" CO2="0.00" CO="0.00" HC="0.00" NOx="0.00" PMx="0.00" fuel="0.00" electricity="0.00" noise="81.03" route="routetop" type="cfm_slow" waiting="0.00" lane="left_0" pos="14.89" speed="47.00" angle="157.70" x="5.38" y="34.20"/>
        <vehicle id="cfm_slow_3" eclass="HBEFA3/PC_G_EU4" CO2="13867.12" CO="488.45" HC="2.61" NOx="5.43" PMx="0.45" fuel="5.96" electricity="0.00" noise="81.03" route="routebottom" type="cfm_slow" waiting="0.00" lane="bottom_0" pos="4.89" speed="47.00" angle="85.71" x="73.68" y="-0.88"/>
        <vehicle id="cfm_slow_4" eclass="HBEFA3/PC_G_EU4" CO2="13867.12" CO="488.45" HC="2.61" NOx="5.43" PMx="0.45" fuel="5.96" electricity="0.00" noise="81.03" route="routebottom" type="cfm_slow" waiting="0.00" lane="bottom_0" pos="44.89" speed="47.00" angle="13.71" x="128.13" y="53.20"/>
    </timestep>
    <timestep time="37.70">
        <vehicle id="cfm_slow_0" eclass="HBEFA3/PC_G_EU4" CO2="13867.12" CO="488.45" HC="2.61" NOx="5.43" PMx="0.45" fuel="5.96" electricity="0.00" noise="81.03" route="routebottom" type="cfm_slow" waiting="0.00" lane="right_0" pos="39.59" speed="47.00" angle="293.25" x="84.65" y="125.51"/>
        <vehicle id="cfm_slow_1" eclass="HBEFA3/PC_G_EU4" CO2="0.00" CO="0.00" HC="0.00" NOx="0.00" PMx="0.00" fuel="0.00" electricity="0.00" noise="81.03" route="routetop" type="cfm_slow" waiting="0.00" lane="top_0" pos="29.59" speed="47.00" angle="221.24" x="11.33" y="102.72"/>
        <vehicle id="cfm_slow_2" eclass="HBEFA3/PC_G_EU4" CO2="0.00" CO="0.00" HC="0.00" NOx="0.00" PMx="0.00" fuel="0.00" electricity="0.00" noise="81.03" route="routetop" type="cfm_slow" waiting="0.00" lane="left_0" pos="19.59" speed="47.00" angle="149.17" x="10.35" y="25.96"/>
        <vehicle id="cfm_slow_3" eclass="HBEFA3/PC_G_EU4" CO2="13867.12" CO="488.45" HC="2.61" NOx="5.43" PMx="0.45" fuel="5.96" electricity="0.00" noise="81.03" route="routebottom" type="cfm_slow" waiting="0.00" lane="bottom_0" pos="9.59" speed="47.00" angle="77.19" x="83.06" y="1.31"/>
        <vehicle id="cfm_slow_4" eclass="HBEFA3/PC_G_EU4" CO2="13867.12" CO="488.45" HC="2.61" NOx="5.43" PMx="0.45" fuel="5.96" electricity="0.00" noise="81.03" route="routebottom" type="cfm_slow" waiting="0.00" lane="bottom_0" pos="49.59" speed="47.00" angle="5.22" x="128.95" y="62.79"/>
    </timestep>
    <timestep time="37.80">
        <vehicle id="cfm_slow_0" eclass="HBEFA3/PC_G_EU4" CO2="13867.12" CO="488.45" HC="2.61" NOx="5.43" PMx="0.45" fuel="5.96" electricity="0.00" noise="81.03" route="routebottom" type="cfm_slow" waiting="0.00" lane="right_0" pos="44.29" speed="47.00" angle="284.79" x="75.33" y="127.91"/>
        <vehicle id="cfm_slow_1" eclass="HBEFA3/PC_G_EU4" CO2="0.00" CO="0.00" HC="0.00" NOx="0.00" PMx="0.00" fuel="0.00" electricity="0.00" noise="81.03" route="routetop" type="cfm_slow" waiting="0.00" lane="top_0" pos="34.29" speed="47.00" angle="212.81" x="6.15" y="94.60"/>
        <vehicle id="cfm_slow_2" eclass="HBEFA3/PC_G_EU4" CO2="0.00" CO="0.00" HC="0.00" NOx="0.00" PMx="0.00" fuel="0.00" electricity="0.00" noise="81.03" route="routetop" type="cfm_slow" waiting="0.00" lane="left_0" pos="24.29" speed="47.00" angle="140.80" x="16.47" y="18.52"/>
        <vehicle id="cfm_slow_3" eclass="HBEFA3/PC_G_EU4" CO2="13867.12" CO="488.45" HC="2.61" NOx="5.43" PMx="0.45" fuel="5.96" electricity="0.00" noise="81.03" route="routebottom" type="cfm_slow" waiting="0.00" lane="bottom_0" pos="14.29" speed="47.00" angle="68.81" x="92.02" y="4.83"/>
        <vehicle id="cfm_slow_4" eclass="HBEFA3/PC_G_EU4" CO2="13867.12" CO="488.45" HC="2.61" NOx="5.43" PMx="0.45" fuel="5.96" electricity="0.00" noise="81.03" route="routebottom" type="cfm_slow" waiting="0.00" lane="right_0" pos="4.29" speed="47.00" angle="356.80" x="128.37" y="72.46"/>
    </timestep>
    <timestep time="37.90">
        <vehicle id="cfm_slow_0" eclass="HBEFA3/PC_G_EU4" CO2="13867.12" CO="488.45" HC="2.61" NOx="5.43" PMx="0.45" fuel="5.96" electricity="0.00" noise="81.03" route="routebottom" type="cfm_slow" waiting="0.00" lane="right_0" pos="48.99" speed="47.00" angle="276.32" x="65.76" y="128.93"/>
        <vehicle id="cfm_slow_1" eclass="HBEFA3/PC_G_EU4" CO2="0.00" CO="0.00" HC="0.00" NOx="0.00" PMx="0.00" fuel="0.00" electricity="0.00" noise="81.03" route="routetop" type="cfm_slow" waiting="0.00" lane="top_0" pos="38.99" speed="47.00" angle="204.30" x="2.24" y="85.81"/>
        <vehicle id="cfm_slow_2" eclass="HBEFA3/PC_G_EU4" CO2="0.00" CO="0.00" HC="0.00" NOx="0.00" PMx="0.00" fuel="0.00" electricity="0.00" noise="81.03" route="routetop" type="cfm_slow" waiting="0.00" lane="left_0" pos="28.99" speed="47.00" angle="132.30" x="23.62" y="12.08"/>
        <vehicle id="cfm_slow_3" eclass="HBEFA3/PC_G_EU4" CO2="13867.12" CO="488.45" HC="2.61" NOx="5.43" PMx="0.45" fuel="5.96" electricity="0.00" noise="81.03" route="routebottom" type="cfm_slow" waiting="0.00" lane="bottom_0" pos="18.99" speed="47.00" angle="60.22" x="100.35" y="9.65"/>
        <vehicle id="cfm_slow_4" eclass="HBEFA3/PC_G_EU4" CO2="13867.12" CO="488.45" HC="2.61" NOx="5.43" PMx="0.45" fuel="5.96" electricity="0.00" noise="81.03" route="routebottom" type="cfm_slow" waiting="0.00" lane="right_0" pos="8.99" speed="47.00" angle="348.33" x="126.38" y="81.89"/>
    </timestep>
    <timestep time="38.00">
        <vehicle id="cfm_slow_0" eclass="HBEFA3/PC_G_EU4" CO2="13867.12" CO="488.45" HC="2.61" NOx="5.43" PMx="0.45" fuel="5.96" electricity="0.00" noise="81.03" route="routetop" type="cfm_slow" waiting="0.00" lane="top_0" pos="3.69" speed="47.00" angle="267.85" x="56.08" y="128.53"/>
        <vehicle id="cfm_slow_1" eclass="HBEFA3/PC_G_EU4" CO2="0.00" CO="0.00" HC="0.00" NOx="0.00" PMx="0.00" fuel="0.00" electricity="0.00" noise="81.03" route="routetop" type="cfm_slow" waiting="0.00" lane="top_0" pos="43.69" speed="47.00" angle="195.91" x="-0.36" y="76.54"/>
        <vehicle id="cfm_slow_2" eclass="HBEFA3/PC_G_EU4" CO2="0.00" CO="0.00" HC="0.00" NOx="0.00" PMx="0.00" fuel="0.00" electricity="0.00" noise="81.03" route="routetop" type="cfm_slow" waiting="0.00" lane="left_0" pos="33.69" speed="47.00" angle="123.89" x="31.64" y="6.75"/>
        <vehicle id="cfm_slow_3" eclass="HBEFA3/PC_G_EU4" CO2="13867.12" CO="488.45" HC="2.61" NOx="5.43" PMx="0.45" fuel="5.96" electricity="0.00" noise="81.03" route="routebottom" type="cfm_slow" waiting="0.00" lane="bottom_0" pos="23.69" speed="47.00" angle="51.89" x="107.90" y="15.63"/>
        <vehicle id="cfm_slow_4" eclass="HBEFA3/PC_G_EU4" CO2="13867.12" CO="488.45" HC="2.61" NOx="5.43" PMx="0.45" fuel="5.96" electricity="0.00" noise="81.03" route="routebottom" type="cfm_slow" waiting="0.00" lane="right_0" pos="13.69" speed="47.00" angle="339.82" x="123.01" y="90.90"/>
    </timestep>
    <timestep time="38.10">
        <vehicle id="cfm_slow_0" eclass="HBEFA3/PC_G_EU4" CO2="13867.12" CO="488.45" HC="2.61" NOx="5.43" PMx="0.45" fuel="5.96" electricity="0.00" noise="81.03" route="routetop" type="cfm_slow" waiting="0.00" lane="top_0" pos="8.39" speed="47.00" angle="259.35" x="46.62" y="126.70"/>
        <vehicle id="cfm_slow_1" eclass="HBEFA3/PC_G_EU4" CO2="0.00" CO="0.00" HC="0.00" NOx="0.00" PMx="0.00" fuel="0.00" electricity="0.00" noise="81.03" route="routetop" type="cfm_slow" waiting="0.00" lane="top_0" pos="48.39" speed="47.00" angle="187.42" x="-1.56" y="66.99"/>
        <vehicle id="cfm_slow_2" eclass="HBEFA3/PC_G_EU4" CO2="0.00" CO="0.00" HC="0.00" NOx="0.00" PMx="0.00" fuel="0.00" electricity="0.00" noise="81.03" route="routetop" type="cfm_slow" waiting="0.00" lane="left_0" pos="38.39" speed="47.00" angle="115.37" x="40.36" y="2.66"/>
        <vehicle id="cfm_slow_3" eclass="HBEFA3/PC_G_EU4" CO2="13867.12" CO="488.45" HC="2.61" NOx="5.43" PMx="0.45" fuel="5.96" electricity="0.00" noise="81.03" route="routebottom" type="cfm_slow" waiting="0.00" lane="bottom_0" pos="28.39" speed="47.00" angle="43.38" x="114.48" y="22.66"/>
        <vehicle id="cfm_slow_4" eclass="HBEFA3/PC_G_EU4" CO2="13867.12" CO="488.45" HC="2.61" NOx="5.43" PMx="0.45" fuel="5.96" electricity="0.00" noise="81.03" route="routebottom" type="cfm_slow" waiting="0.00" lane="right_0" pos="18.39" speed="47.00" angle="331.40" x="118.36" y="99.33"/>
    </timestep>
    <timestep time="38.20">
        <vehicle id="cfm_slow_0" eclass="HBEFA3/PC_G_EU4" CO2="0.00" CO="0.00" HC="0.00" NOx="0.00" PMx="0.00" fuel="0.00" electricity="0.00" noise="81.03" route="routetop" type="cfm_slow" waiting="0.00" lane="top_0" pos="13.09" speed="47.00" angle="250.94" x="37.54" y="123.51"/>
        <vehicle id="cfm_slow_1" eclass="HBEFA3/PC_G_EU4" CO2="0.00" CO="0.00" HC="0.00" NOx="0.00" PMx="0.00" fuel="0.00" electricity="0.00" noise="81.03" route="routetop" type="cfm_slow" waiting="0.00" lane="left_0" pos="3.09" speed="47.00" angle="178.94" x="-1.33" y="57.30"/>
        <vehicle id="cfm_slow_2" eclass="HBEFA3/PC_G_EU4" CO2="0.00" CO="0.00" HC="0.00" NOx="0.00" PMx="0.00" fuel="0.00" electricity="0.00" noise="81.03" route="routetop" type="cfm_slow" waiting="0.00" lane="left_0" pos="43.09" speed="47.00" angle="106.96" x="49.58" y="-0.10"/>
        <vehicle id="cfm_slow_3" eclass="HBEFA3/PC_G_EU4" CO2="13867.12" CO="488.45" HC="2.61" NOx="5.43" PMx="0.45" fuel="5.96" electricity="0.00" noise="81.03" route="routebottom" type="cfm_slow" waiting="0.00" lane="bottom_0" pos="33.09" speed="47.00" angle="34.93" x="119.96" y="30.57"/>
        <vehicle id="cfm_slow_4" eclass="HBEFA3/PC_G_EU4" CO2="13867.12" CO="488.45" HC="2.61" NOx="5.43" PMx="0.45" fuel="5.96" electricity="0.00" noise="81.03" route="routebottom" type="cfm_slow" waiting="0.00" lane="right_0" pos="23.09" speed="47.00" angle="322.96" x="112.53" y="107.00"/>
    </timestep>
    <timestep time="38.30">
        <vehicle id="cfm_slow_0" eclass="HBEFA3/PC_G_EU4" CO2="0.00" CO="0.00" HC="0.00" NOx="0.00" PMx="0.00" fuel="0.00" electricity="0.00" noise="81.03" route="routetop" type="cfm_slow" waiting="0.00" lane="top_0" pos="17.79" speed="47.00" angle="242.48" x="29.02" y="119.03"/>
        <vehicle id="cfm_slow_1" eclass="HBEFA3/PC_G_EU4" CO2="0.00" CO="0.00" HC="0.00" NOx="0.00" PMx="0.00" fuel="0.00" electricity="0.00" noise="81.03" route="routetop" type="cfm_slow" waiting="0.00" lane="left_0" pos="7.79" speed="47.00" angle="170.45" x="0.31" y="47.81"/>
        <vehicle id="cfm_slow_2" eclass="HBEFA3/PC_G_EU4" CO2="0.00" CO="0.00" HC="0.00" NOx="0.00" PMx="0.00" fuel="0.00" electricity="0.00" noise="81.03" route="routetop" type="cfm_slow" waiting="0.00" lane="left_0" pos="47.79" speed="47.00" angle="98.53" x="59.11" y="-1.48"/>
        <vehicle id="cfm_slow_3" eclass="HBEFA3/PC_G_EU4" CO2="13867.12" CO="488.45" HC="2.61" NOx="5.43" PMx="0.45" fuel="5.96" electricity="0.00" noise="81.03" route="routebottom" type="cfm_slow" waiting="0.00" lane="bottom_0" pos="37.79" speed="47.00" angle="26.45" x="124.20" y="39.21"/>
        <vehicle id="cfm_slow_4" eclass="HBEFA3/PC_G_EU4" CO2="13867.12" CO="488.45" HC="2.61" NOx="5.43" PMx="0.45" fuel="5.96" electricity="0.00" noise="81.03" route="routebottom" type="cfm_slow" waiting="0.00" lane="right_0" pos="27.79" speed="47.00" angle="314.43" x="105.61" y="113.70"/>
    </timestep>
    <timestep time="38.40">
        <vehicle id="cfm_slow_0" eclass="HBEFA3/PC_G_EU4" CO2="0.00" CO="0.00" HC="0.00" NOx="0.00" PMx="0.00" fuel="0.00" electricity="0.00" noise="81.03" route="routetop" type="cfm_slow" waiting="0.00" lane="top_0" pos="22.49" speed="47.00" angle="233.98" x="21.26" y="113.32"/>
        <vehicle id="cfm_slow_1" eclass="HBEFA3/PC_G_EU4" CO2="0.00" CO="0.00" HC="0.00" NOx="0.00" PMx="0.00" fuel="0.00" electricity="0.00" noise="81.03" route="routetop" type="cfm_slow" waiting="0.00" lane="left_0" pos="12.49" speed="47.00" angle="161.99" x="3.33" y="38.67"/>
        <vehicle id="cfm_slow_2" eclass="HBEFA3/PC_G_EU4" CO2="0.00" CO="0.00" HC="0.00" NOx="0.00" PMx="0.00" fuel="0.00" electricity="0.00" noise="81.03" route="routebottom" type="cfm_slow" waiting="0.00" lane="bottom_0" pos="2.49" speed="47.00" angle="90.01" x="68.79" y="-1.45"/>
        <vehicle id="cfm_slow_3" eclass="HBEFA3/PC_G_EU4" CO2="13867.12" CO="488.45" HC="2.61" NOx="5.43" PMx="0.45" fuel="5.96" electricity="0.00" noise="81.03" route="routebottom" type="cfm_slow" waiting="0.00" lane="bottom_0" pos="42.49" speed="47.00" angle="18.05" x="127.15" y="48.38"/>
        <vehicle id="cfm_slow_4" eclass="HBEFA3/PC_G_EU4" CO2="13867.12" CO="488.45" HC="2.61" NOx="5.43" PMx="0.45" fuel="5.96" electricity="0.00" noise="81.03" route="routebottom" type="cfm_slow" waiting="0.00" lane="right_0" pos="32.49" speed="47.00" angle="306.04" x="97.80" y="119.33"/>
    </timestep>
    <timestep time="38.50">
        <vehicle id="cfm_slow_0" eclass="HBEFA3/PC_G_EU4" CO2="0.00" CO="0.00" HC="0.00" NOx="0.00" PMx="0.00" fuel="0.00" electricity="0.00" noise="81.03" route="routetop" type="cfm_slow" waiting="0.00" lane="top_0" pos="27.19" speed="47.00" angle="225.58" x="14.42" y="106.55"/>
        <vehicle id="cfm_slow_1" eclass="HBEFA3/PC_G_EU4" CO2="0.00" CO="0.00" HC="0.00" NOx="0.00" PMx="0.00" fuel="0.00" electricity="0.00" noise="81.03" route="routetop" type="cfm_slow" waiting="0.00" lane="left_0" pos="17.19" speed="47.00" angle="153.56" x="7.66" y="30.08"/>
        <vehicle id="cfm_slow_2" eclass="HBEFA3/PC_G_EU4" CO2="0.00" CO="0.00" HC="0.00" NOx="0.00" PMx="0.00" fuel="0.00" electricity="0.00" noise="81.03" route="routebottom" type="cfm_slow" waiting="0.00" lane="bottom_0" pos="7.19" speed="47.00" angle="81.51" x="78.31" y="0.03"/>
        <vehicle id="cfm_slow_3" eclass="HBEFA3/PC_G_EU4" CO2="13867.12" CO="488.45" HC="2.61" NOx="5.43" PMx="0.45" fuel="5.96" electricity="0.00" noise="81.03" route="routebottom" type="cfm_slow" waiting="0.00" lane="bottom_0" pos="47.19" speed="47.00" angle="9.62" x="128.72" y="57.88"/>
        <vehicle id="cfm_slow_4" eclass="HBEFA3/PC_G_EU4" CO2="13867.12" CO="488.45" HC="2.61" NOx="5.43" PMx="0.45" fuel="5.96" electricity="0.00" noise="81.03" route="routebottom" type="cfm_slow" waiting="0.00" lane="right_0" pos="37.19" speed="47.00" angle="297.57" x="89.25" y="123.75"/>
    </timestep>
    <timestep time="38.60">
        <vehicle id="cfm_slow_0" eclass="HBEFA3/PC_G_EU4" CO2="0.00" CO="0.00" HC="0.00" NOx="0.00" PMx="0.00" fuel="0.00" electricity="0.00" noise="81.03" route="routetop" type="cfm_slow" waiting="0.00" lane="top_0" pos="31.89" speed="47.00" angle="217.06" x="8.64" y="98.85"/>
        <vehicle id="cfm_slow_1" eclass="HBEFA3/PC_G_EU4" CO2="0.00" CO="0.00" HC="0.00" NOx="0.00" PMx="0.00" fuel="0.00" electricity="0.00" noise="81.03" route="routetop" type="cfm_slow" waiting="0.00" lane="left_0" pos="21.89" speed="47.00" angle="145.11" x="13.20" y="22.20"/>
        <vehicle id="cfm_slow_2" eclass="HBEFA3/PC_G_EU4" CO2="0.00" CO="0.00" HC="0.00" NOx="0.00" PMx="0.00" fuel="0.00" electricity="0.00" noise="81.03" route="routebottom" type="cfm_slow" waiting="0.00" lane="bottom_0" pos="11.89" speed="47.00" angle="73.08" x="87.51" y="2.87"/>
        <vehicle id="cfm_slow_3" eclass="HBEFA3/PC_G_EU4" CO2="13867.12" CO="488.45" HC="2.61" NOx="5.43" PMx="0.45" fuel="5.96" electricity="0.00" noise="81.03" route="routebottom" type="cfm_slow" waiting="0.00" lane="right_0" pos="1.89" speed="47.00" angle="1.08" x="128.85" y="67.57"/>
        <vehicle id="cfm_slow_4" eclass="HBEFA3/PC_G_EU4" CO2="13867.12" CO="488.45" HC="2.61" NOx="5.43" PMx="0.45" fuel="5.96" electricity="0.00" noise="81.03" route="routebottom" type="cfm_slow" waiting="0.00" lane="right_0" pos="41.89" speed="47.00" angle="289.08" x="80.13" y="126.85"/>
    </timestep>
    <timestep time="38.70">
        <vehicle id="cfm_slow_0" eclass="HBEFA3/PC_G_EU4" CO2="0.00" CO="0.00" HC="0.00" NOx="0.00" PMx="0.00" fuel="0.00" electricity="0.00" noise="81.03" route="routetop" type="cfm_slow" waiting="0.00" lane="top_0" pos="36.59" speed="47.00" angle="208.68" x="4.07" y="90.37"/>
        <vehicle id="cfm_slow_1" eclass="HBEFA3/PC_G_EU4" CO2="0.00" CO="0.00" HC="0.00" NOx="0.00" PMx="0.00" fuel="0.00" electricity="0.00" noise="81.03" route="routetop" type="cfm_slow" waiting="0.00" lane="left_0" pos="26.59" speed="47.00" angle="136.62" x="19.85" y="15.24"/>
        <vehicle id="cfm_slow_2" eclass="HBEFA3/PC_G_EU4" CO2="0.00" CO="0.00" HC="0.00" NOx="0.00" PMx="0.00" fuel="0.00" electricity="0.00" noise="81.03" route="routebottom" type="cfm_slow" waiting="0.00" lane="bottom_0" pos="16.59" speed="47.00" angle="64.66" x="96.19" y="7.03"/>
        <vehicle id="cfm_slow_3" eclass="HBEFA3/PC_G_EU4" CO2="13867.12" CO="488.45" HC="2.61" NOx="5.43" PMx="0.45" fuel="5.96" electricity="0.00" noise="81.03" route="routebottom" type="cfm_slow" waiting="0.00" lane="right_0" pos="6.59" speed="47.00" angle="352.64" x="127.57" y="77.11"/>
        <vehicle id="cfm_slow_4" eclass="HBEFA3/PC_G_EU4" CO2="13867.12" CO="488.45" HC="2.61" NOx="5.43" PMx="0.45" fuel="5.96" electricity="0.00" noise="81.03" route="routebottom" type="cfm_slow" waiting="0.00" lane="right_0" pos="46.59" speed="47.00" angle="280.68" x="70.66" y="128.59"/>
    </timestep>
    <timestep time="38.80">
        <vehicle id="cfm_slow_0" eclass="HBEFA3/PC_G_EU4" CO2="0.00" CO="0.00" HC="0.00" NOx="0.00" PMx="0.00" fuel="0.00" electricity="0.00" noise="81.03" route="routetop" type="cfm_slow" waiting="0.00" lane="top_0" pos="41.29" speed="47.00" angle="200.17" x="0.79" y="81.32"/>
        <vehicle id="cfm_slow_1" eclass="HBEFA3/PC_G_EU4" CO2="0.00" CO="0.00" HC="0.00" NOx="0.00" PMx="0.00" fuel="0.00" electricity="0.00" noise="81.03" route="routetop" type="cfm_slow" waiting="0.00" lane="left_0" pos="31.29" speed="47.00" angle="128.18" x="27.45" y="9.33"/>
        <vehicle id="cfm_slow_2" eclass="HBEFA3/PC_G_EU4" CO2="13867.12" CO="488.45" HC="2.61" NOx="5.43" PMx="0.45" fuel="5.96" electricity="0.00" noise="81.03" route="routebottom" type="cfm_slow" waiting="0.00" lane="bottom_0" pos="21.29" speed="47.00" angle="56.12" x="104.15" y="12.44"/>
        <vehicle id="cfm_slow_3" eclass="HBEFA3/PC_G_EU4" CO2="13867.12" CO="488.45" HC="2.61" NOx="5.43" PMx="0.45" fuel="5.96" electricity="0.00" noise="81.03" route="routebottom" type="cfm_slow" waiting="0.00" lane="right_0" pos="11.29" speed="47.00" angle="344.08" x="124.89" y="86.36"/>
        <vehicle id="cfm_slow_4" eclass="HBEFA3/PC_G_EU4" CO2="13867.12" CO="488.45" HC="2.61" NOx="5.43" PMx="0.45" fuel="5.96" electricity="0.00" noise="81.03" route="routetop" type="cfm_slow" waiting="0.00" lane="top_0" pos="1.29" speed="47.00" angle="272.17" x="60.98" y="128.92"/>
    </timestep>
    <timestep time="38.90">
        <vehicle id="cfm_slow_0" eclass="HBEFA3/PC_G_EU4" CO2="0.00" CO="0.00" HC="0.00" NOx="0.00" PMx="0.00" fuel="0.00" electricity="0.00" noise="81.03" route="routetop" type="cfm_slow" waiting="0.00" lane="top_0" pos="45.99" speed="47.00" angle="191.75" x="-1.13" y="71.89"/>
        <vehicle id="cfm_slow_1" eclass="HBEFA3/PC_G_EU4" CO2="0.00" CO="0.00" HC="0.00" NOx="0.00" PMx="0.00" fuel="0.00" electricity="0.00" noise="81.03" route="routetop" type="cfm_slow" waiting="0.00" lane="left_0" pos="35.99" speed="47.00" angle="119.81" x="35.82" y="4.58"/>
        <vehicle id="cfm_slow_2" eclass="HBEFA3/PC_G_EU4" CO2="13867.12" CO="488.45" HC="2.61" NOx="5.43" PMx="0.45" fuel="5.96" electricity="0.00" noise="81.03" route="routebottom" type="cfm_slow" waiting="0.00" lane="bottom_0" pos="25.99" speed="47.00" angle="47.74" x="111.25" y="18.95"/>
        <vehicle id="cfm_slow_3" eclass="HBEFA3/PC_G_EU4" CO2="13867.12" CO="488.45" HC="2.61" NOx="5.43" PMx="0.45" fuel="5.96" electricity="0.00" noise="81.03" route="routebottom" type="cfm_slow" waiting="0.00" lane="right_0" pos="15.99" speed="47.00" angle="335.71" x="120.89" y="95.11"/>
        <vehicle id="cfm_slow_4" eclass="HBEFA3/PC_G_EU4" CO2="13867.12" CO="488.45" HC="2.61" NOx="5.43" PMx="0.45" fuel="5.96" electricity="0.00" noise="81.03" route="routetop" type="cfm_slow" waiting="0.00" lane="top_0" pos="5.99" speed="47.00" angle="263.71" x="51.42" y="127.81"/>
    </timestep>
    <timestep time="39.00">
        <vehicle id="cfm_slow_0" eclass="HBEFA3/PC_G_EU4" CO2="0.00" CO="0.00" HC="0.00" NOx="0.00" PMx="0.00" fuel="0.00" electricity="0.00" noise="81.03" route="routetop" type="cfm_slow" waiting="0.00" lane="left_0" pos="0.69" speed="47.00" angle="183.23" x="-1.62" y="62.21"/>
        <vehicle id="cfm_slow_1" eclass="HBEFA3/PC_G_EU4" CO2="0.00" CO="0.00" HC="0.00" NOx="0.00" PMx="0.00" fuel="0.00" electricity="0.00" noise="81.03" route="routetop" type="cfm_slow" waiting="0.00" lane="left_0" pos="40.69" speed="47.00" angle="111.21" x="44.82" y="1.14"/>
        <vehicle id="cfm_slow_2" eclass="HBEFA3/PC_G_EU4" CO2="13867.12" CO="488.45" HC="2.61" NOx="5.43" PMx="0.45" fuel="5.96" electricity="0.00" noise="81.03" route="routebottom" type="cfm_slow" waiting="0.00" lane="bottom_0" pos="30.69" speed="47.00" angle="39.27" x="117.31" y="26.43"/>
        <vehicle id="cfm_slow_3" eclass="HBEFA3/PC_G_EU4" CO2="13867.12" CO="488.45" HC="2.61" NOx="5.43" PMx="0.45" fuel="5.96" electricity="0.00" noise="81.03" route="routebottom" type="cfm_slow" waiting="0.00" lane="right_0" pos="20.69" speed="47.00" angle="327.22" x="115.64" y="103.19"/>
        <vehicle id="cfm_slow_4" eclass="HBEFA3/PC_G_EU4" CO2="13867.12" CO="488.45" HC="2.61" NOx="5.43" PMx="0.45" fuel="5.96" electricity="0.00" noise="81.03" route="routetop" type="cfm_slow" waiting="0.00" lane="top_0" pos="10.69" speed="47.00" angle="255.23" x="42.12" y="125.31"/>
    </timestep>
    <timestep time="39.10">
        <vehicle id="cfm_slow_0" eclass="HBEFA3/PC_G_EU4" CO2="0.00" CO="0.00" HC="0.00" NOx="0.00" PMx="0.00" fuel="0.00" electricity="0.00" noise="81.03" route="routetop" type="cfm_slow" waiting="0.00" lane="left_0" pos="5.39" speed="47.00" angle="174.80" x="-0.71" y="52.63"/>
        <vehicle id="cfm_slow_1" eclass="HBEFA3/PC_G_EU4" CO2="0.00" CO="0.00" HC="0.00" NOx="0.00" PMx="0.00" fuel="0.00" electricity="0.00" noise="81.03" route="routetop" type="cfm_slow" waiting="0.00" lane="left_0" pos="45.39" speed="47.00" angle="102.85" x="54.22" y="-0.96"/>
        <vehicle id="cfm_slow_2" eclass="HBEFA3/PC_G_EU4" CO2="13867.12" CO="488.45" HC="2.61" NOx="5.43" PMx="0.45" fuel="5.96" electricity="0.00" noise="81.03" route="routebottom" type="cfm_slow" waiting="0.00" lane="bottom_0" pos="35.39" speed="47.00" angle="30.83" x="122.20" y="34.72"/>
        <vehicle id="cfm_slow_3" eclass="HBEFA3/PC_G_EU4" CO2="13867.12" CO="488.45" HC="2.61" NOx="5.43" PMx="0.45" fuel="5.96" electricity="0.00" noise="81.03" route="routebottom" type="cfm_slow" waiting="0.00" lane="right_0" pos="25.39" speed="47.00" angle="318.82" x="109.27" y="110.40"/>
        <vehicle id="cfm_slow_4" eclass="HBEFA3/PC_G_EU4" CO2="13867.12" CO="488.45" HC="2.61" NOx="5.43" PMx="0.45" fuel="5.96" electricity="0.00" noise="81.03" route="routetop" type="cfm_slow" waiting="0.00" lane="top_0" pos="15.39" speed="47.00" angle="246.79" x="33.28" y="121.48"/>
    </timestep>
    <timestep time="39.20">
        <vehicle id="cfm_slow_0" eclass="HBEFA3/PC_G_EU4" CO2="0.00" CO="0.00" HC="0.00" NOx="0.00" PMx="0.00" fuel="0.00" electricity="0.00" noise="81.03" route="routetop" type="cfm_slow" waiting="0.00" lane="left_0" pos="10.09" speed="47.00" angle="166.27" x="1.62" y="43.28"/>
        <vehicle id="cfm_slow_1" eclass="HBEFA3/PC_G_EU4" CO2="0.00" CO="0.00" HC="0.00" NOx="0.00" PMx="0.00" fuel="0.00" electricity="0.00" noise="81.03" route="routebottom" type="cfm_slow" waiting="0.00" lane="bottom_0" pos="0.09" speed="47.00" angle="94.33" x="63.88" y="-1.65"/>
        <vehicle id="cfm_slow_2" eclass="HBEFA3/PC_G_EU4" CO2="13867.12" CO="488.45" HC="2.61" NOx="5.43" PMx="0.45" fuel="5.96" electricity="0.00" noise="81.03" route="routebottom" type="cfm_slow" waiting="0.00" lane="bottom_0" pos="40.09" speed="47.00" angle="22.38" x="125.83" y="43.64"/>
        <vehicle id="cfm_slow_3" eclass="HBEFA3/PC_G_EU4" CO2="13867.12" CO="488.45" HC="2.61" NOx="5.43" PMx="0.45" fuel="5.96" electricity="0.00" noise="81.03" route="routebottom" type="cfm_slow" waiting="0.00" lane="right_0" pos="30.09" speed="47.00" angle="310.30" x="101.89" y="116.59"/>
        <vehicle id="cfm_slow_4" eclass="HBEFA3/PC_G_EU4" CO2="13867.12" CO="488.45" HC="2.61" NOx="5.43" PMx="0.45" fuel="5.96" electricity="0.00" noise="81.03" route="routetop" type="cfm_slow" waiting="0.00" lane="top_0" pos="20.09" speed="47.00" angle="238.27" x="25.12" y="116.37"/>
    </timestep>
    <timestep time="39.30">
        <vehicle id="cfm_slow_0" eclass="HBEFA3/PC_G_EU4" CO2="0.00" CO="0.00" HC="0.00" NOx="0.00" PMx="0.00" fuel="0.00" electricity="0.00" noise="81.03" route="routetop" type="cfm_slow" waiting="0.00" lane="left_0" pos="14.79" speed="47.00" angle="157.89" x="5.29" y="34.38"/>
        <vehicle id="cfm_slow_1" eclass="HBEFA3/PC_G_EU4" CO2="0.00" CO="0.00" HC="0.00" NOx="0.00" PMx="0.00" fuel="0.00" electricity="0.00" noise="81.03" route="routebottom" type="cfm_slow" waiting="0.00" lane="bottom_0" pos="4.79" speed="47.00" angle="85.89" x="73.48" y="-0.90"/>
        <vehicle id="cfm_slow_2" eclass="HBEFA3/PC_G_EU4" CO2="13867.12" CO="488.45" HC="2.61" NOx="5.43" PMx="0.45" fuel="5.96" electricity="0.00" noise="81.03" route="routebottom" type="cfm_slow" waiting="0.00" lane="bottom_0" pos="44.79" speed="47.00" angle="13.85" x="128.10" y="53.00"/>
        <vehicle id="cfm_slow_3" eclass="HBEFA3/PC_G_EU4" CO2="13867.12" CO="488.45" HC="2.61" NOx="5.43" PMx="0.45" fuel="5.96" electricity="0.00" noise="81.03" route="routebottom" type="cfm_slow" waiting="0.00" lane="right_0" pos="34.79" speed="47.00" angle="301.94" x="93.70" y="121.65"/>
        <vehicle id="cfm_slow_4" eclass="HBEFA3/PC_G_EU4" CO2="13867.12" CO="488.45" HC="2.61" NOx="5.43" PMx="0.45" fuel="5.96" electricity="0.00" noise="81.03" route="routetop" type="cfm_slow" waiting="0.00" lane="top_0" pos="24.79" speed="47.00" angle="229.89" x="17.79" y="110.13"/>
    </timestep>
    <timestep time="39.40">
        <vehicle id="cfm_slow_0" eclass="HBEFA3/PC_G_EU4" CO2="0.00" CO="0.00" HC="0.00" NOx="0.00" PMx="0.00" fuel="0.00" electricity="0.00" noise="81.03" route="routetop" type="cfm_slow" waiting="0.00" lane="left_0" pos="19.49" speed="47.00" angle="149.35" x="10.23" y="26.12"/>
        <vehicle id="cfm_slow_1" eclass="HBEFA3/PC_G_EU4" CO2="0.00" CO="0.00" HC="0.00" NOx="0.00" PMx="0.00" fuel="0.00" electricity="0.00" noise="81.03" route="routebottom" type="cfm_slow" waiting="0.00" lane="bottom_0" pos="9.49" speed="47.00" angle="77.37" x="82.86" y="1.25"/>
        <vehicle id="cfm_slow_2" eclass="HBEFA3/PC_G_EU4" CO2="13867.12" CO="488.45" HC="2.61" NOx="5.43" PMx="0.45" fuel="5.96" electricity="0.00" noise="81.03" route="routebottom" type="cfm_slow" waiting="0.00" lane="bottom_0" pos="49.49" speed="47.00" angle="5.40" x="128.95" y="62.59"/>
        <vehicle id="cfm_slow_3" eclass="HBEFA3/PC_G_EU4" CO2="13867.12" CO="488.45" HC="2.61" NOx="5.43" PMx="0.45" fuel="5.96" electricity="0.00" noise="81.03" route="routebottom" type="cfm_slow" waiting="0.00" lane="right_0" pos="39.49" speed="47.00" angle="293.43" x="84.85" y="125.44"/>
        <vehicle id="cfm_slow_4" eclass="HBEFA3/PC_G_EU4" CO2="13867.12" CO="488.45" HC="2.61" NOx="5.43" PMx="0.45" fuel="5.96" electricity="0.00" noise="81.03" route="routetop" type="cfm_slow" waiting="0.00" lane="top_0" pos="29.49" speed="47.00" angle="221.43" x="11.45" y="102.89"/>
    </timestep>
    <timestep time="39.50">
        <vehicle id="cfm_slow_0" eclass="HBEFA3/PC_G_EU4" CO2="0.00" CO="0.00" HC="0.00" NOx="0.00" PMx="0.00" fuel="0.00" electricity="0.00" noise="81.03" route="routetop" type="cfm_slow" waiting="0.00" lane="left_0" pos="24.19" speed="47.00" angle="140.95" x="16.33" y="18.67"/>
        <vehicle id="cfm_slow_1" eclass="HBEFA3/PC_G_EU4" CO2="0.00" CO="0.00" HC="0.00" NOx="0.00" PMx="0.00" fuel="0.00" electricity="0.00" noise="81.03" route="routebottom" type="cfm_slow" waiting="0.00" lane="bottom_0" pos="14.19" speed="47.00" angle="69.00" x="91.84" y="4.74"/>
        <vehicle id="cfm_slow_2" eclass="HBEFA3/PC_G_EU4" CO2="13867.12" CO="488.45" HC="2.61" NOx="5.43" PMx="0.45" fuel="5.96" electricity="0.00" noise="81.03" route="routebottom" type="cfm_slow" waiting="0.00" lane="right_0" pos="4.19" speed="47.00" angle="356.99" x="128.40" y="72.26"/>
        <vehicle id="cfm_slow_3" eclass="HBEFA3/PC_G_EU4" CO2="13867.12" CO="488.45" HC="2.61" NOx="5.43" PMx="0.45" fuel="5.96" electricity="0.00" noise="81.03" route="routebottom" type="cfm_slow" waiting="0.00" lane="right_0" pos="44.19" speed="47.00" angle="284.99" x="75.53" y="127.88"/>
        <vehicle id="cfm_slow_4" eclass="HBEFA3/PC_G_EU4" CO2="0.00" CO="0.00" HC="0.00" NOx="0.00" PMx="0.00" fuel="0.00" electricity="0.00" noise="81.03" route="routetop" type="cfm_slow" waiting="0.00" lane="top_0" pos="34.19" speed="47.00" angle="212.99" x="6.25" y="94.78"/>
    </timestep>
    <timestep time="39.60">
        <vehicle id="cfm_slow_0" eclass="HBEFA3/PC_G_EU4" CO2="0.00" CO="0.00" HC="0.00" NOx="0.00" PMx="0.00" fuel="0.00" electricity="0.00" noise="81.03" route="routetop" type="cfm_slow" waiting="0.00" lane="left_0" pos="28.89" speed="47.00" angle="132.49" x="23.46" y="12.21"/>
        <vehicle id="cfm_slow_1" eclass="HBEFA3/PC_G_EU4" CO2="0.00" CO="0.00" HC="0.00" NOx="0.00" PMx="0.00" fuel="0.00" electricity="0.00" noise="81.03" route="routebottom" type="cfm_slow" waiting="0.00" lane="bottom_0" pos="18.89" speed="47.00" angle="60.41" x="100.18" y="9.54"/>
        <vehicle id="cfm_slow_2" eclass="HBEFA3/PC_G_EU4" CO2="13867.12" CO="488.45" HC="2.61" NOx="5.43" PMx="0.45" fuel="5.96" electricity="0.00" noise="81.03" route="routebottom" type="cfm_slow" waiting="0.00" lane="right_0" pos="8.89" speed="47.00" angle="348.48" x="126.44" y="81.69"/>
        <vehicle id="cfm_slow_3" eclass="HBEFA3/PC_G_EU4" CO2="13867.12" CO="488.45" HC="2.61" NOx="5.43" PMx="0.45" fuel="5.96" electricity="0.00" noise="81.03" route="routebottom" type="cfm_slow" waiting="0.00" lane="right_0" pos="48.89" speed="47.00" angle="276.50" x="65.96" y="128.93"/>
        <vehicle id="cfm_slow_4" eclass="HBEFA3/PC_G_EU4" CO2="0.00" CO="0.00" HC="0.00" NOx="0.00" PMx="0.00" fuel="0.00" electricity="0.00" noise="81.03" route="routetop" type="cfm_slow" waiting="0.00" lane="top_0" pos="38.89" speed="47.00" angle="204.48" x="2.31" y="86.00"/>
    </timestep>
    <timestep time="39.70">
        <vehicle id="cfm_slow_0" eclass="HBEFA3/PC_G_EU4" CO2="0.00" CO="0.00" HC="0.00" NOx="0.00" PMx="0.00" fuel="0.00" electricity="0.00" noise="81.03" route="routetop" type="cfm_slow" waiting="0.00" lane="left_0" pos="33.59" speed="47.00" angle="124.07" x="31.46" y="6.85"/>
        <vehicle id="cfm_slow_1" eclass="HBEFA3/PC_G_EU4" CO2="0.00" CO="0.00" HC="0.00" NOx="0.00" PMx="0.00" fuel="0.00" electricity="0.00" noise="81.03" route="routebottom" type="cfm_slow" waiting="0.00" lane="bottom_0" pos="23.59" speed="47.00" angle="52.07" x="107.75" y="15.49"/>
        <vehicle id="cfm_slow_2" eclass="HBEFA3/PC_G_EU4" CO2="13867.12" CO="488.45" HC="2.61" NOx="5.43" PMx="0.45" fuel="5.96" electricity="0.00" noise="81.03" route="routebottom" type="cfm_slow" waiting="0.00" lane="right_0" pos="13.59" speed="47.00" angle="340.01" x="123.09" y="90.72"/>
        <vehicle id="cfm_slow_3" eclass="HBEFA3/PC_G_EU4" CO2="13867.12" CO="488.45" HC="2.61" NOx="5.43" PMx="0.45" fuel="5.96" electricity="0.00" noise="81.03" route="routetop" type="cfm_slow" waiting="0.00" lane="top_0" pos="3.59" speed="47.00" angle="268.04" x="56.28" y="128.55"/>
        <vehicle id="cfm_slow_4" eclass="HBEFA3/PC_G_EU4" CO2="0.00" CO="0.00" HC="0.00" NOx="0.00" PMx="0.00" fuel="0.00" electricity="0.00" noise="81.03" route="routetop" type="cfm_slow" waiting="0.00" lane="top_0" pos="43.59" speed="47.00" angle="196.09" x="-0.33" y="76.74"/>
    </timestep>
    <timestep time="39.80">
        <vehicle id="cfm_slow_0" eclass="HBEFA3/PC_G_EU4" CO2="0.00" CO="0.00" HC="0.00" NOx="0.00" PMx="0.00" fuel="0.00" electricity="0.00" noise="81.03" route="routetop" type="cfm_slow" waiting="0.00" lane="left_0" pos="38.29" speed="47.00" angle="115.53" x="40.17" y="2.74"/>
        <vehicle id="cfm_slow_1" eclass="HBEFA3/PC_G_EU4" CO2="0.00" CO="0.00" HC="0.00" NOx="0.00" PMx="0.00" fuel="0.00" electricity="0.00" noise="81.03" route="routebottom" type="cfm_slow" waiting="0.00" lane="bottom_0" pos="28.29" speed="47.00" angle="43.56" x="114.36" y="22.49"/>
        <vehicle id="cfm_slow_2" eclass="HBEFA3/PC_G_EU4" CO2="13867.12" CO="488.45" HC="2.61" NOx="5.43" PMx="0.45" fuel="5.96" electricity="0.00" noise="81.03" route="routebottom" type="cfm_slow" waiting="0.00" lane="right_0" pos="18.29" speed="47.00" angle="331.59" x="118.47" y="99.16"/>
        <vehicle id="cfm_slow_3" eclass="HBEFA3/PC_G_EU4" CO2="13867.12" CO="488.45" HC="2.61" NOx="5.43" PMx="0.45" fuel="5.96" electricity="0.00" noise="81.03" route="routetop" type="cfm_slow" waiting="0.00" lane="top_0" pos="8.29" speed="47.00" angle="259.52" x="46.82" y="126.75"/>
        <vehicle id="cfm_slow_4" eclass="HBEFA3/PC_G_EU4" CO2="0.00" CO="0.00" HC="0.00" NOx="0.00" PMx="0.00" fuel="0.00" electricity="0.00" noise="81.03" route="routetop" type="cfm_slow" waiting="0.00" lane="top_0" pos="48.29" speed="47.00" angle="187.60" x="-1.55" y="67.19"/>
    </timestep>
    <timestep time="39.90">
        <vehicle id="cfm_slow_0" eclass="HBEFA3/PC_G_EU4" CO2="0.00" CO="0.00" HC="0.00" NOx="0.00" PMx="0.00" fuel="0.00" electricity="0.00" noise="81.03" route="routetop" type="cfm_slow" waiting="0.00" lane="left_0" pos="42.99" speed="47.00" angle="107.14" x="49.38" y="-0.05"/>
        <vehicle id="cfm_slow_1" eclass="HBEFA3/PC_G_EU4" CO2="13867.12" CO="488.45" HC="2.61" NOx="5.43" PMx="0.45" fuel="5.96" electricity="0.00" noise="81.03" route="routebottom" type="cfm_slow" waiting="0.00" lane="bottom_0" pos="32.99" speed="47.00" angle="35.12" x="119.85" y="30.40"/>
        <vehicle id="cfm_slow_2" eclass="HBEFA3/PC_G_EU4" CO2="13867.12" CO="488.45" HC="2.61" NOx="5.43" PMx="0.45" fuel="5.96" electricity="0.00" noise="81.03" route="routebottom" type="cfm_slow" waiting="0.00" lane="right_0" pos="22.99" speed="47.00" angle="323.10" x="112.66" y="106.84"/>
        <vehicle id="cfm_slow_3" eclass="HBEFA3/PC_G_EU4" CO2="13867.12" CO="488.45" HC="2.61" NOx="5.43" PMx="0.45" fuel="5.96" electricity="0.00" noise="81.03" route="routetop" type="cfm_slow" waiting="0.00" lane="top_0" pos="12.99" speed="47.00" angle="251.13" x="37.73" y="123.60"/>
        <vehicle id="cfm_slow_4" eclass="HBEFA3/PC_G_EU4" CO2="0.00" CO="0.00" HC="0.00" NOx="0.00" PMx="0.00" fuel="0.00" electricity="0.00" noise="81.03" route="routetop" type="cfm_slow" waiting="0.00" lane="left_0" pos="2.99" speed="47.00" angle="179.12" x="-1.35" y="57.51"/>
    </timestep>
    <timestep time="40.00">
        <vehicle id="cfm_slow_0" eclass="HBEFA3/PC_G_EU4" CO2="0.00" CO="0.00" HC="0.00" NOx="0.00" PMx="0.00" fuel="0.00" electricity="0.00" noise="81.03" route="routetop" type="cfm_slow" waiting="0.00" lane="left_0" pos="47.69" speed="47.00" angle="98.71" x="58.90" y="-1.47"/>
        <vehicle id="cfm_slow_1" eclass="HBEFA3/PC_G_EU4" CO2="13867.12" CO="488.45" HC="2.61" NOx="5.43" PMx="0.45" fuel="5.96" electricity="0.00" noise="81.03" route="routebottom" type="cfm_slow" waiting="0.00" lane="bottom_0" pos="37.69" speed="47.00" angle="26.63" x="124.13" y="39.02"/>
        <vehicle id="cfm_slow_2" eclass="HBEFA3/PC_G_EU4" CO2="13867.12" CO="488.45" HC="2.61" NOx="5.43" PMx="0.45" fuel="5.96" electricity="0.00" noise="81.03" route="routebottom" type="cfm_slow" waiting="0.00" lane="right_0" pos="27.69" speed="47.00" angle="314.62" x="105.77" y="113.57"/>
        <vehicle id="cfm_slow_3" eclass="HBEFA3/PC_G_EU4" CO2="13867.12" CO="488.45" HC="2.61" NOx="5.43" PMx="0.45" fuel="5.96" electricity="0.00" noise="81.03" route="routetop" type="cfm_slow" waiting="0.00" lane="top_0" pos="17.69" speed="47.00" angle="242.66" x="29.19" y="119.14"/>
        <vehicle id="cfm_slow_4" eclass="HBEFA3/PC_G_EU4" CO2="0.00" CO="0.00" HC="0.00" NOx="0.00" PMx="0.00" fuel="0.00" electricity="0.00" noise="81.03" route="routetop" type="cfm_slow" waiting="0.00" lane="left_0" pos="7.69" speed="47.00" angle="170.64" x="0.25" y="48.01"/>
    </timestep>
    <timestep time="40.10">
        <vehicle id="cfm_slow_0" eclass="HBEFA3/PC_G_EU4" CO2="0.00" CO="0.00" HC="0.00" NOx="0.00" PMx="0.00" fuel="0.00" electricity="0.00" noise="81.03" route="routebottom" type="cfm_slow" waiting="0.00" lane="bottom_0" pos="2.39" speed="47.00" angle="90.18" x="68.59" y="-1.46"/>
        <vehicle id="cfm_slow_1" eclass="HBEFA3/PC_G_EU4" CO2="13867.12" CO="488.45" HC="2.61" NOx="5.43" PMx="0.45" fuel="5.96" electricity="0.00" noise="81.03" route="routebottom" type="cfm_slow" waiting="0.00" lane="bottom_0" pos="42.39" speed="47.00" angle="18.22" x="127.10" y="48.18"/>
        <vehicle id="cfm_slow_2" eclass="HBEFA3/PC_G_EU4" CO2="13867.12" CO="488.45" HC="2.61" NOx="5.43" PMx="0.45" fuel="5.96" electricity="0.00" noise="81.03" route="routebottom" type="cfm_slow" waiting="0.00" lane="right_0" pos="32.39" speed="47.00" angle="306.23" x="97.98" y="119.22"/>
        <vehicle id="cfm_slow_3" eclass="HBEFA3/PC_G_EU4" CO2="13867.12" CO="488.45" HC="2.61" NOx="5.43" PMx="0.45" fuel="5.96" electricity="0.00" noise="81.03" route="routetop" type="cfm_slow" waiting="0.00" lane="top_0" pos="22.39" speed="47.00" angle="234.16" x="21.42" y="113.45"/>
        <vehicle id="cfm_slow_4" eclass="HBEFA3/PC_G_EU4" CO2="0.00" CO="0.00" HC="0.00" NOx="0.00" PMx="0.00" fuel="0.00" electricity="0.00" noise="81.03" route="routetop" type="cfm_slow" waiting="0.00" lane="left_0" pos="12.39" speed="47.00" angle="162.17" x="3.25" y="38.86"/>
    </timestep>
    <timestep time="40.20">
        <vehicle id="cfm_slow_0" eclass="HBEFA3/PC_G_EU4" CO2="0.00" CO="0.00" HC="0.00" NOx="0.00" PMx="0.00" fuel="0.00" electricity="0.00" noise="81.03" route="routebottom" type="cfm_slow" waiting="0.00" lane="bottom_0" pos="7.09" speed="47.00" angle="81.69" x="78.11" y="-0.02"/>
        <vehicle id="cfm_slow_1" eclass="HBEFA3/PC_G_EU4" CO2="13867.12" CO="488.45" HC="2.61" NOx="5.43" PMx="0.45" fuel="5.96" electricity="0.00" noise="81.03" route="routebottom" type="cfm_slow" waiting="0.00" lane="bottom_0" pos="47.09" speed="47.00" angle="9.79" x="128.69" y="57.68"/>
        <vehicle id="cfm_slow_2" eclass="HBEFA3/PC_G_EU4" CO2="13867.12" CO="488.45" HC="2.61" NOx="5.43" PMx="0.45" fuel="5.96" electricity="0.00" noise="81.03" route="routebottom" type="cfm_slow" waiting="0.00" lane="right_0" pos="37.09" speed="47.00" angle="297.70" x="89.44" y="123.67"/>
        <vehicle id="cfm_slow_3" eclass="HBEFA3/PC_G_EU4" CO2="13867.12" CO="488.45" HC="2.61" NOx="5.43" PMx="0.45" fuel="5.96" electricity="0.00" noise="81.03" route="routetop" type="cfm_slow" waiting="0.00" lane="top_0" pos="27.09" speed="47.00" angle="225.77" x="14.55" y="106.71"/>
        <vehicle id="cfm_slow_4" eclass="HBEFA3/PC_G_EU4" CO2="0.00" CO="0.00" HC="0.00" NOx="0.00" PMx="0.00" fuel="0.00" electricity="0.00" noise="81.03" route="routetop" type="cfm_slow" waiting="0.00" lane="left_0" pos="17.09" speed="47.00" angle="153.75" x="7.56" y="30.25"/>
    </timestep>
    <timestep time="40.30">
        <vehicle id="cfm_slow_0" eclass="HBEFA3/PC_G_EU4" CO2="0.00" CO="0.00" HC="0.00" NOx="0.00" PMx="0.00" fuel="0.00" electricity="0.00" noise="81.03" route="routebottom" type="cfm_slow" waiting="0.00" lane="bottom_0" pos="11.79" speed="47.00" angle="73.26" x="87.32" y="2.80"/>
        <vehicle id="cfm_slow_1" eclass="HBEFA3/PC_G_EU4" CO2="13867.12" CO="488.45" HC="2.61" NOx="5.43" PMx="0.45" fuel="5.96" electricity="0.00" noise="81.03" route="routebottom" type="cfm_slow" waiting="0.00" lane="right_0" pos="1.79" speed="47.00" angle="1.26" x="128.86" y="67.36"/>
        <vehicle id="cfm_slow_2" eclass="HBEFA3/PC_G_EU4" CO2="13867.12" CO="488.45" HC="2.61" NOx="5.43" PMx="0.45" fuel="5.96" electricity="0.00" noise="81.03" route="routebottom" type="cfm_slow" waiting="0.00" lane="right_0" pos="41.79" speed="47.00" angle="289.27" x="80.33" y="126.80"/>
        <vehicle id="cfm_slow_3" eclass="HBEFA3/PC_G_EU4" CO2="13867.12" CO="488.45" HC="2.61" NOx="5.43" PMx="0.45" fuel="5.96" electricity="0.00" noise="81.03" route="routetop" type="cfm_slow" waiting="0.00" lane="top_0" pos="31.79" speed="47.00" angle="217.24" x="8.76" y="99.02"/>
        <vehicle id="cfm_slow_4" eclass="HBEFA3/PC_G_EU4" CO2="0.00" CO="0.00" HC="0.00" NOx="0.00" PMx="0.00" fuel="0.00" electricity="0.00" noise="81.03" route="routetop" type="cfm_slow" waiting="0.00" lane="left_0" pos="21.79" speed="47.00" angle="145.29" x="13.07" y="22.36"/>
    </timestep>
    <timestep time="40.40">
        <vehicle id="cfm_slow_0" eclass="HBEFA3/PC_G_EU4" CO2="0.00" CO="0.00" HC="0.00" NOx="0.00" PMx="0.00" fuel="0.00" electricity="0.00" noise="81.03" route="routebottom" type="cfm_slow" waiting="0.00" lane="bottom_0" pos="16.49" speed="47.00" angle="64.82" x="96.01" y="6.93"/>
        <vehicle id="cfm_slow_1" eclass="HBEFA3/PC_G_EU4" CO2="13867.12" CO="488.45" HC="2.61" NOx="5.43" PMx="0.45" fuel="5.96" electricity="0.00" noise="81.03" route="routebottom" type="cfm_slow" waiting="0.00" lane="right_0" pos="6.49" speed="47.00" angle="352.84" x="127.62" y="76.91"/>
        <vehicle id="cfm_slow_2" eclass="HBEFA3/PC_G_EU4" CO2="13867.12" CO="488.45" HC="2.61" NOx="5.43" PMx="0.45" fuel="5.96" electricity="0.00" noise="81.03" route="routebottom" type="cfm_slow" waiting="0.00" lane="right_0" pos="46.49" speed="47.00" angle="280.86" x="70.87" y="128.57"/>
        <vehicle id="cfm_slow_3" eclass="HBEFA3/PC_G_EU4" CO2="13867.12" CO="488.45" HC="2.61" NOx="5.43" PMx="0.45" fuel="5.96" electricity="0.00" noise="81.03" route="routetop" type="cfm_slow" waiting="0.00" lane="top_0" pos="36.49" speed="47.00" angle="208.87" x="4.16" y="90.56"/>
        <vehicle id="cfm_slow_4" eclass="HBEFA3/PC_G_EU4" CO2="0.00" CO="0.00" HC="0.00" NOx="0.00" PMx="0.00" fuel="0.00" electricity="0.00" noise="81.03" route="routetop" type="cfm_slow" waiting="0.00" lane="left_0" pos="26.49" speed="47.00" angle="136.80" x="19.70" y="15.38"/>
    </timestep>
    <timestep time="40.50">
        <vehicle id="cfm_slow_0" eclass="HBEFA3/PC_G_EU4" CO2="0.00" CO="0.00" HC="0.00" NOx="0.00" PMx="0.00" fuel="0.00" electricity="0.00" noise="81.03" route="routebottom" type="cfm_slow" waiting="0.00" lane="bottom_0" pos="21.19" speed="47.00" angle="56.31" x="103.99" y="12.31"/>
        <vehicle id="cfm_slow_1" eclass="HBEFA3/PC_G_EU4" CO2="13867.12" CO="488.45" HC="2.61" NOx="5.43" PMx="0.45" fuel="5.96" electricity="0.00" noise="81.03" route="routebottom" type="cfm_slow" waiting="0.00" lane="right_0" pos="11.19" speed="47.00" angle="344.27" x="124.96" y="86.16"/>
        <vehicle id="cfm_slow_2" eclass="HBEFA3/PC_G_EU4" CO2="13867.12" CO="488.45" HC="2.61" NOx="5.43" PMx="0.45" fuel="5.96" electricity="0.00" noise="81.03" route="routetop" type="cfm_slow" waiting="0.00" lane="top_0" pos="1.19" speed="47.00" angle="272.32" x="61.19" y="128.92"/>
        <vehicle id="cfm_slow_3" eclass="HBEFA3/PC_G_EU4" CO2="13867.12" CO="488.45" HC="2.61" NOx="5.43" PMx="0.45" fuel="5.96" electricity="0.00" noise="81.03" route="routetop" type="cfm_slow" waiting="0.00" lane="top_0" pos="41.19" speed="47.00" angle="200.35" x="0.85" y="81.52"/>
        <vehicle id="cfm_slow_4" eclass="HBEFA3/PC_G_EU4" CO2="0.00" CO="0.00" HC="0.00" NOx="0.00" PMx="0.00" fuel="0.00" electricity="0.00" noise="81.03" route="routetop" type="cfm_slow" waiting="0.00" lane="left_0" pos="31.19" speed="47.00" angle="128.36" x="27.28" y="9.44"/>
    </timestep>
    <timestep time="40.60">
        <vehicle id="cfm_slow_0" eclass="HBEFA3/PC_G_EU4" CO2="0.00" CO="0.00" HC="0.00" NOx="0.00" PMx="0.00" fuel="0.00" electricity="0.00" noise="81.03" route="routebottom" type="cfm_slow" waiting="0.00" lane="bottom_0" pos="25.89" speed="47.00" angle="47.92" x="111.11" y="18.80"/>
        <vehicle id="cfm_slow_1" eclass="HBEFA3/PC_G_EU4" CO2="13867.12" CO="488.45" HC="2.61" NOx="5.43" PMx="0.45" fuel="5.96" electricity="0.00" noise="81.03" route="routebottom" type="cfm_slow" waiting="0.00" lane="right_0" pos="15.89" speed="47.00" angle="335.89" x="120.99" y="94.93"/>
        <vehicle id="cfm_slow_2" eclass="HBEFA3/PC_G_EU4" CO2="13867.12" CO="488.45" HC="2.61" NOx="5.43" PMx="0.45" fuel="5.96" electricity="0.00" noise="81.03" route="routetop" type="cfm_slow" waiting="0.00" lane="top_0" pos="5.89" speed="47.00" angle="263.89" x="51.62" y="127.84"/>
        <vehicle id="cfm_slow_3" eclass="HBEFA3/PC_G_EU4" CO2="13867.12" CO="488.45" HC="2.61" NOx="5.43" PMx="0.45" fuel="5.96" electricity="0.00" noise="81.03" route="routetop" type="cfm_slow" waiting="0.00" lane="top_0" pos="45.89" speed="47.00" angle="191.93" x="-1.10" y="72.09"/>
        <vehicle id="cfm_slow_4" eclass="HBEFA3/PC_G_EU4" CO2="0.00" CO="0.00" HC="0.00" NOx="0.00" PMx="0.00" fuel="0.00" electricity="0.00" noise="81.03" route="routetop" type="cfm_slow" waiting="0.00" lane="left_0" pos="35.89" speed="47.00" angle="120.00" x="35.64" y="4.66"/>
    </timestep>
    <timestep time="40.70">
        <vehicle id="cfm_slow_0" eclass="HBEFA3/PC_G_EU4" CO2="0.00" CO="0.00" HC="0.00" NOx="0.00" PMx="0.00" fuel="0.00" electricity="0.00" noise="81.03" route="routebottom" type="cfm_slow" waiting="0.00" lane="bottom_0" pos="30.59" speed="47.00" angle="39.42" x="117.19" y="26.26"/>
        <vehicle id="cfm_slow_1" eclass="HBEFA3/PC_G_EU4" CO2="13867.12" CO="488.45" HC="2.61" NOx="5.43" PMx="0.45" fuel="5.96" electricity="0.00" noise="81.03" route="routebottom" type="cfm_slow" waiting="0.00" lane="right_0" pos="20.59" speed="47.00" angle="327.40" x="115.77" y="103.02"/>
        <vehicle id="cfm_slow_2" eclass="HBEFA3/PC_G_EU4" CO2="13867.12" CO="488.45" HC="2.61" NOx="5.43" PMx="0.45" fuel="5.96" electricity="0.00" noise="81.03" route="routetop" type="cfm_slow" waiting="0.00" lane="top_0" pos="10.59" speed="47.00" angle="255.42" x="42.31" y="125.38"/>
        <vehicle id="cfm_slow_3" eclass="HBEFA3/PC_G_EU4" CO2="0.00" CO="0.00" HC="0.00" NOx="0.00" PMx="0.00" fuel="0.00" electricity="0.00" noise="81.03" route="routetop" type="cfm_slow" waiting="0.00" lane="left_0" pos="0.59" speed="47.00" angle="183.41" x="-1.63" y="62.42"/>
        <vehicle id="cfm_slow_4" eclass="HBEFA3/PC_G_EU4" CO2="0.00" CO="0.00" HC="0.00" NOx="0.00" PMx="0.00" fuel="0.00" electricity="0.00" noise="81.03" route="routetop" type="cfm_slow" waiting="0.00" lane="left_0" pos="40.59" speed="47.00" angle="111.40" x="44.62" y="1.20"/>
    </timestep>
    <timestep time="40.80">
        <vehicle id="cfm_slow_0" eclass="HBEFA3/PC_G_EU4" CO2="0.00" CO="0.00" HC="0.00" NOx="0.00" PMx="0.00" fuel="0.00" electricity="0.00" noise="81.03" route="routebottom" type="cfm_slow" waiting="0.00" lane="bottom_0" pos="35.29" speed="47.00" angle="31.01" x="122.11" y="34.54"/>
        <vehicle id="cfm_slow_1" eclass="HBEFA3/PC_G_EU4" CO2="13867.12" CO="488.45" HC="2.61" NOx="5.43" PMx="0.45" fuel="5.96" electricity="0.00" noise="81.03" route="routebottom" type="cfm_slow" waiting="0.00" lane="right_0" pos="25.29" speed="47.00" angle="319.00" x="109.41" y="110.26"/>
        <vehicle id="cfm_slow_2" eclass="HBEFA3/PC_G_EU4" CO2="13867.12" CO="488.45" HC="2.61" NOx="5.43" PMx="0.45" fuel="5.96" electricity="0.00" noise="81.03" route="routetop" type="cfm_slow" waiting="0.00" lane="top_0" pos="15.29" speed="47.00" angle="246.93" x="33.47" y="121.57"/>
        <vehicle id="cfm_slow_3" eclass="HBEFA3/PC_G_EU4" CO2="13867.12" CO="488.45" HC="2.61" NOx="5.43" PMx="0.45" fuel="5.96" electricity="0.00" noise="81.03" route="routetop" type="cfm_slow" waiting="0.00" lane="left_0" pos="5.29" speed="47.00" angle="174.99" x="-0.74" y="52.83"/>
        <vehicle id="cfm_slow_4" eclass="HBEFA3/PC_G_EU4" CO2="0.00" CO="0.00" HC="0.00" NOx="0.00" PMx="0.00" fuel="0.00" electricity="0.00" noise="81.03" route="routetop" type="cfm_slow" waiting="0.00" lane="left_0" pos="45.29" speed="47.00" angle="103.03" x="54.01" y="-0.93"/>
    </timestep>
    <timestep time="40.90">
        <vehicle id="cfm_slow_0" eclass="HBEFA3/PC_G_EU4" CO2="0.00" CO="0.00" HC="0.00" NOx="0.00" PMx="0.00" fuel="0.00" electricity="0.00" noise="81.03" route="routebottom" type="cfm_slow" waiting="0.00" lane="bottom_0" pos="39.99" speed="47.00" angle="22.57" x="125.76" y="43.45"/>
        <vehicle id="cfm_slow_1" eclass="HBEFA3/PC_G_EU4" CO2="13867.12" CO="488.45" HC="2.61" NOx="5.43" PMx="0.45" fuel="5.96" electricity="0.00" noise="81.03" route="routebottom" type="cfm_slow" waiting="0.00" lane="right_0" pos="29.99" speed="47.00" angle="310.48" x="102.06" y="116.47"/>
        <vehicle id="cfm_slow_2" eclass="HBEFA3/PC_G_EU4" CO2="13867.12" CO="488.45" HC="2.61" NOx="5.43" PMx="0.45" fuel="5.96" electricity="0.00" noise="81.03" route="routetop" type="cfm_slow" waiting="0.00" lane="top_0" pos="19.99" speed="47.00" angle="238.46" x="25.29" y="116.49"/>
        <vehicle id="cfm_slow_3" eclass="HBEFA3/PC_G_EU4" CO2="0.00" CO="0.00" HC="0.00" NOx="0.00" PMx="0.00" fuel="0.00" electricity="0.00" noise="81.03" route="routetop" type="cfm_slow" waiting="0.00" lane="left_0" pos="9.99" speed="47.00" angle="166.45" x="1.55" y="43.48"/>
        <vehicle id="cfm_slow_4" eclass="HBEFA3/PC_G_EU4" CO2="0.00" CO="0.00" HC="0.00" NOx="0.00" PMx="0.00" fuel="0.00" electricity="0.00" noise="81.03" route="routetop" type="cfm_slow" waiting="0.00" lane="left_0" pos="49.99" speed="47.00" angle="94.53" x="63.61" y="-1.65"/>
    </timestep>
    <timestep time="41.00">
        <vehicle id="cfm_slow_0" eclass="HBEFA3/PC_G_EU4" CO2="13867.12" CO="488.45" HC="2.61" NOx="5.43" PMx="0.45" fuel="5.96" electricity="0.00" noise="81.03" route="routebottom" type="cfm_slow" waiting="0.00" lane="bottom_0" pos="44.69" speed="47.00" angle="14.03" x="128.06" y="52.80"/>
        <vehicle id="cfm_slow_1" eclass="HBEFA3/PC_G_EU4" CO2="13867.12" CO="488.45" HC="2.61" NOx="5.43" PMx="0.45" fuel="5.96" electricity="0.00" noise="81.03" route="routebottom" type="cfm_slow" waiting="0.00" lane="right_0" pos="34.69" speed="47.00" angle="302.13" x="93.88" y="121.56"/>
        <vehicle id="cfm_slow_2" eclass="HBEFA3/PC_G_EU4" CO2="13867.12" CO="488.45" HC="2.61" NOx="5.43" PMx="0.45" fuel="5.96" electricity="0.00" noise="81.03" route="routetop" type="cfm_slow" waiting="0.00" lane="top_0" pos="24.69" speed="47.00" angle="230.07" x="17.94" y="110.28"/>
        <vehicle id="cfm_slow_3" eclass="HBEFA3/PC_G_EU4" CO2="0.00" CO="0.00" HC="0.00" NOx="0.00" PMx="0.00" fuel="0.00" electricity="0.00" noise="81.03" route="routetop" type="cfm_slow" waiting="0.00" lane="left_0" pos="14.69" speed="47.00" angle="158.07" x="5.20" y="34.57"/>
        <vehicle id="cfm_slow_4" eclass="HBEFA3/PC_G_EU4" CO2="0.00" CO="0.00" HC="0.00" NOx="0.00" PMx="0.00" fuel="0.00" electricity="0.00" noise="81.03" route="routebottom" type="cfm_slow" waiting="0.00" lane="bottom_0" pos="4.69" speed="47.00" angle="86.07" x="73.28" y="-0.93"/>
    </timestep>
    <timestep time="41.10">
        <vehicle id="cfm_slow_0" eclass="HBEFA3/PC_G_EU4" CO2="13867.12" CO="488.45" HC="2.61" NOx="5.43" PMx="0.45" fuel="5.96" electricity="0.00" noise="81.03" route="routebottom" type="cfm_slow" waiting="0.00" lane="bottom_0" pos="49.39" speed="47.00" angle="5.59" x="128.95" y="62.38"/>
        <vehicle id="cfm_slow_1" eclass="HBEFA3/PC_G_EU4" CO2="13867.12" CO="488.45" HC="2.61" NOx="5.43" PMx="0.45" fuel="5.96" electricity="0.00" noise="81.03" route="routebottom" type="cfm_slow" waiting="0.00" lane="right_0" pos="39.39" speed="47.00" angle="293.61" x="85.04" y="125.37"/>
        <vehicle id="cfm_slow_2" eclass="HBEFA3/PC_G_EU4" CO2="13867.12" CO="488.45" HC="2.61" NOx="5.43" PMx="0.45" fuel="5.96" electricity="0.00" noise="81.03" route="routetop" type="cfm_slow" waiting="0.00" lane="top_0" pos="29.39" speed="47.00" angle="221.57" x="11.58" y="103.05"/>
        <vehicle id="cfm_slow_3" eclass="HBEFA3/PC_G_EU4" CO2="0.00" CO="0.00" HC="0.00" NOx="0.00" PMx="0.00" fuel="0.00" electricity="0.00" noise="81.03" route="routetop" type="cfm_slow" waiting="0.00" lane="left_0" pos="19.39" speed="47.00" angle="149.53" x="10.11" y="26.29"/>
        <vehicle id="cfm_slow_4" eclass="HBEFA3/PC_G_EU4" CO2="0.00" CO="0.00" HC="0.00" NOx="0.00" PMx="0.00" fuel="0.00" electricity="0.00" noise="81.03" route="routebottom" type="cfm_slow" waiting="0.00" lane="bottom_0" pos="9.39" speed="47.00" angle="77.55" x="82.67" y="1.19"/>
    </timestep>
    <timestep time="41.20">
        <vehicle id="cfm_slow_0" eclass="HBEFA3/PC_G_EU4" CO2="13867.12" CO="488.45" HC="2.61" NOx="5.43" PMx="0.45" fuel="5.96" electricity="0.00" noise="81.03" route="routebottom" type="cfm_slow" waiting="0.00" lane="right_0" pos="4.09" speed="47.00" angle="357.17" x="128.43" y="72.06"/>
        <vehicle id="cfm_slow_1" eclass="HBEFA3/PC_G_EU4" CO2="13867.12" CO="488.45" HC="2.61" NOx="5.43" PMx="0.45" fuel="5.96" electricity="0.00" noise="81.03" route="routebottom" type="cfm_slow" waiting="0.00" lane="right_0" pos="44.09" speed="47.00" angle="285.18" x="75.73" y="127.84"/>
        <vehicle id="cfm_slow_2" eclass="HBEFA3/PC_G_EU4" CO2="13867.12" CO="488.45" HC="2.61" NOx="5.43" PMx="0.45" fuel="5.96" electricity="0.00" noise="81.03" route="routetop" type="cfm_slow" waiting="0.00" lane="top_0" pos="34.09" speed="47.00" angle="213.18" x="6.35" y="94.96"/>
        <vehicle id="cfm_slow_3" eclass="HBEFA3/PC_G_EU4" CO2="0.00" CO="0.00" HC="0.00" NOx="0.00" PMx="0.00" fuel="0.00" electricity="0.00" noise="81.03" route="routetop" type="cfm_slow" waiting="0.00" lane="left_0" pos="24.09" speed="47.00" angle="141.13" x="16.19" y="18.82"/>
        <vehicle id="cfm_slow_4" eclass="HBEFA3/PC_G_EU4" CO2="0.00" CO="0.00" HC="0.00" NOx="0.00" PMx="0.00" fuel="0.00" electricity="0.00" noise="81.03" route="routebottom" type="cfm_slow" waiting="0.00" lane="bottom_0" pos="14.09" speed="47.00" angle="69.18" x="91.65" y="4.65"/>
    </timestep>
    <timestep time="41.30">
        <vehicle id="cfm_slow_0" eclass="HBEFA3/PC_G_EU4" CO2="13867.12" CO="488.45" HC="2.61" NOx="5.43" PMx="0.45" fuel="5.96" electricity="0.00" noise="81.03" route="routebottom" type="cfm_slow" waiting="0.00" lane="right_0" pos="8.79" speed="47.00" angle="348.64" x="126.49" y="81.49"/>
        <vehicle id="cfm_slow_1" eclass="HBEFA3/PC_G_EU4" CO2="13867.12" CO="488.45" HC="2.61" NOx="5.43" PMx="0.45" fuel="5.96" electricity="0.00" noise="81.03" route="routebottom" type="cfm_slow" waiting="0.00" lane="right_0" pos="48.79" speed="47.00" angle="276.69" x="66.17" y="128.92"/>
        <vehicle id="cfm_slow_2" eclass="HBEFA3/PC_G_EU4" CO2="13867.12" CO="488.45" HC="2.61" NOx="5.43" PMx="0.45" fuel="5.96" electricity="0.00" noise="81.03" route="routetop" type="cfm_slow" waiting="0.00" lane="top_0" pos="38.79" speed="47.00" angle="204.66" x="2.37" y="86.20"/>
        <vehicle id="cfm_slow_3" eclass="HBEFA3/PC_G_EU4" CO2="0.00" CO="0.00" HC="0.00" NOx="0.00" PMx="0.00" fuel="0.00" electricity="0.00" noise="81.03" route="routetop" type="cfm_slow" waiting="0.00" lane="left_0" pos="28.79" speed="47.00" angle="132.67" x="23.30" y="12.33"/>
        <vehicle id="cfm_slow_4" eclass="HBEFA3/PC_G_EU4" CO2="0.00" CO="0.00" HC="0.00" NOx="0.00" PMx="0.00" fuel="0.00" electricity="0.00" noise="81.03" route="routebottom" type="cfm_slow" waiting="0.00" lane="bottom_0" pos="18.79" speed="47.00" angle="60.60" x="100.01" y="9.42"/>
    </timestep>
    <timestep time="41.40">
        <vehicle id="cfm_slow_0" eclass="HBEFA3/PC_G_EU4" CO2="13867.12" CO="488.45" HC="2.61" NOx="5.43" PMx="0.45" fuel="5.96" electricity="0.00" noise="81.03" route="routebottom" type="cfm_slow" waiting="0.00" lane="right_0" pos="13.49" speed="47.00" angle="340.20" x="123.18" y="90.53"/>
        <vehicle id="cfm_slow_1" eclass="HBEFA3/PC_G_EU4" CO2="13867.12" CO="488.45" HC="2.61" NOx="5.43" PMx="0.45" fuel="5.96" electricity="0.00" noise="81.03" route="routetop" type="cfm_slow" waiting="0.00" lane="top_0" pos="3.49" speed="47.00" angle="268.22" x="56.48" y="128.57"/>
        <vehicle id="cfm_slow_2" eclass="HBEFA3/PC_G_EU4" CO2="13867.12" CO="488.45" HC="2.61" NOx="5.43" PMx="0.45" fuel="5.96" electricity="0.00" noise="81.03" route="routetop" type="cfm_slow" waiting="0.00" lane="top_0" pos="43.49" speed="47.00" angle="196.24" x="-0.28" y="76.94"/>
        <vehicle id="cfm_slow_3" eclass="HBEFA3/PC_G_EU4" CO2="0.00" CO="0.00" HC="0.00" NOx="0.00" PMx="0.00" fuel="0.00" electricity="0.00" noise="81.03" route="routetop" type="cfm_slow" waiting="0.00" lane="left_0" pos="33.49" speed="47.00" angle="124.25" x="31.28" y="6.95"/>
        <vehicle id="cfm_slow_4" eclass="HBEFA3/PC_G_EU4" CO2="0.00" CO="0.00" HC="0.00" NOx="0.00" PMx="0.00" fuel="0.00" electricity="0.00" noise="81.03" route="routebottom" type="cfm_slow" waiting="0.00" lane="bottom_0" pos="23.49" speed="47.00" angle="52.25" x="107.60" y="15.35"/>
    </timestep>
    <timestep time="41.50">
        <vehicle id="cfm_slow_0" eclass="HBEFA3/PC_G_EU4" CO2="13867.12" CO="488.45" HC="2.61" NOx="5.43" PMx="0.45" fuel="5.96" electricity="0.00" noise="81.03" route="routebottom" type="cfm_slow" waiting="0.00" lane="right_0" pos="18.19" speed="47.00" angle="331.78" x="118.59" y="98.99"/>
        <vehicle id="cfm_slow_1" eclass="HBEFA3/PC_G_EU4" CO2="13867.12" CO="488.45" HC="2.61" NOx="5.43" PMx="0.45" fuel="5.96" electricity="0.00" noise="81.03" route="routetop" type="cfm_slow" waiting="0.00" lane="top_0" pos="8.19" speed="47.00" angle="259.70" x="47.02" y="126.80"/>
        <vehicle id="cfm_slow_2" eclass="HBEFA3/PC_G_EU4" CO2="13867.12" CO="488.45" HC="2.61" NOx="5.43" PMx="0.45" fuel="5.96" electricity="0.00" noise="81.03" route="routetop" type="cfm_slow" waiting="0.00" lane="top_0" pos="48.19" speed="47.00" angle="187.78" x="-1.53" y="67.40"/>
        <vehicle id="cfm_slow_3" eclass="HBEFA3/PC_G_EU4" CO2="0.00" CO="0.00" HC="0.00" NOx="0.00" PMx="0.00" fuel="0.00" electricity="0.00" noise="81.03" route="routetop" type="cfm_slow" waiting="0.00" lane="left_0" pos="38.19" speed="47.00" angle="115.72" x="39.98" y="2.81"/>
        <vehicle id="cfm_slow_4" eclass="HBEFA3/PC_G_EU4" CO2="0.00" CO="0.00" HC="0.00" NOx="0.00" PMx="0.00" fuel="0.00" electricity="0.00" noise="81.03" route="routebottom" type="cfm_slow" waiting="0.00" lane="bottom_0" pos="28.19" speed="47.00" angle="43.74" x="114.23" y="22.33"/>
    </timestep>
    <timestep time="41.60">
        <vehicle id="cfm_slow_0" eclass="HBEFA3/PC_G_EU4" CO2="13867.12" CO="488.45" HC="2.61" NOx="5.43" PMx="0.45" fuel="5.96" electricity="0.00" noise="81.03" route="routebottom" type="cfm_slow" waiting="0.00" lane="right_0" pos="22.89" speed="47.00" angle="323.26" x="112.80" y="106.69"/>
        <vehicle id="cfm_slow_1" eclass="HBEFA3/PC_G_EU4" CO2="13867.12" CO="488.45" HC="2.61" NOx="5.43" PMx="0.45" fuel="5.96" electricity="0.00" noise="81.03" route="routetop" type="cfm_slow" waiting="0.00" lane="top_0" pos="12.89" speed="47.00" angle="251.32" x="37.91" y="123.68"/>
        <vehicle id="cfm_slow_2" eclass="HBEFA3/PC_G_EU4" CO2="13867.12" CO="488.45" HC="2.61" NOx="5.43" PMx="0.45" fuel="5.96" electricity="0.00" noise="81.03" route="routetop" type="cfm_slow" waiting="0.00" lane="left_0" pos="2.89" speed="47.00" angle="179.31" x="-1.37" y="57.71"/>
        <vehicle id="cfm_slow_3" eclass="HBEFA3/PC_G_EU4" CO2="0.00" CO="0.00" HC="0.00" NOx="0.00" PMx="0.00" fuel="0.00" electricity="0.00" noise="81.03" route="routetop" type="cfm_slow" waiting="0.00" lane="left_0" pos="42.89" speed="47.00" angle="107.32" x="49.18" y="-0.01"/>
        <vehicle id="cfm_slow_4" eclass="HBEFA3/PC_G_EU4" CO2="0.00" CO="0.00" HC="0.00" NOx="0.00" PMx="0.00" fuel="0.00" electricity="0.00" noise="81.03" route="routebottom" type="cfm_slow" waiting="0.00" lane="bottom_0" pos="32.89" speed="47.00" angle="35.30" x="119.75" y="30.22"/>
    </timestep>
    <timestep time="41.70">
        <vehicle id="cfm_slow_0" eclass="HBEFA3/PC_G_EU4" CO2="13867.12" CO="488.45" HC="2.61" NOx="5.43" PMx="0.45" fuel="5.96" electricity="0.00" noise="81.03" route="routebottom" type="cfm_slow" waiting="0.00" lane="right_0" pos="27.59" speed="47.00" angle="314.82" x="105.93" y="113.43"/>
        <vehicle id="cfm_slow_1" eclass="HBEFA3/PC_G_EU4" CO2="13867.12" CO="488.45" HC="2.61" NOx="5.43" PMx="0.45" fuel="5.96" electricity="0.00" noise="81.03" route="routetop" type="cfm_slow" waiting="0.00" lane="top_0" pos="17.59" speed="47.00" angle="242.85" x="29.37" y="119.24"/>
        <vehicle id="cfm_slow_2" eclass="HBEFA3/PC_G_EU4" CO2="13867.12" CO="488.45" HC="2.61" NOx="5.43" PMx="0.45" fuel="5.96" electricity="0.00" noise="81.03" route="routetop" type="cfm_slow" waiting="0.00" lane="left_0" pos="7.59" speed="47.00" angle="170.78" x="0.21" y="48.21"/>
        <vehicle id="cfm_slow_3" eclass="HBEFA3/PC_G_EU4" CO2="0.00" CO="0.00" HC="0.00" NOx="0.00" PMx="0.00" fuel="0.00" electricity="0.00" noise="81.03" route="routetop" type="cfm_slow" waiting="0.00" lane="left_0" pos="47.59" speed="47.00" angle="98.89" x="58.70" y="-1.46"/>
        <vehicle id="cfm_slow_4" eclass="HBEFA3/PC_G_EU4" CO2="0.00" CO="0.00" HC="0.00" NOx="0.00" PMx="0.00" fuel="0.00" electricity="0.00" noise="81.03" route="routebottom" type="cfm_slow" waiting="0.00" lane="bottom_0" pos="37.59" speed="47.00" angle="26.82" x="124.05" y="38.83"/>
    </timestep>
    <timestep time="41.80">
        <vehicle id="cfm_slow_0" eclass="HBEFA3/PC_G_EU4" CO2="13867.12" CO="488.45" HC="2.61" NOx="5.43" PMx="0.45" fuel="5.96" electricity="0.00" noise="81.03" route="routebottom" type="cfm_slow" waiting="0.00" lane="right_0" pos="32.29" speed="47.00" angle="306.41" x="98.16" y="119.12"/>
        <vehicle id="cfm_slow_1" eclass="HBEFA3/PC_G_EU4" CO2="13867.12" CO="488.45" HC="2.61" NOx="5.43" PMx="0.45" fuel="5.96" electricity="0.00" noise="81.03" route="routetop" type="cfm_slow" waiting="0.00" lane="top_0" pos="22.29" speed="47.00" angle="234.35" x="21.58" y="113.59"/>
        <vehicle id="cfm_slow_2" eclass="HBEFA3/PC_G_EU4" CO2="13867.12" CO="488.45" HC="2.61" NOx="5.43" PMx="0.45" fuel="5.96" electricity="0.00" noise="81.03" route="routetop" type="cfm_slow" waiting="0.00" lane="left_0" pos="12.29" speed="47.00" angle="162.35" x="3.18" y="39.05"/>
        <vehicle id="cfm_slow_3" eclass="HBEFA3/PC_G_EU4" CO2="0.00" CO="0.00" HC="0.00" NOx="0.00" PMx="0.00" fuel="0.00" electricity="0.00" noise="81.03" route="routebottom" type="cfm_slow" waiting="0.00" lane="bottom_0" pos="2.29" speed="47.00" angle="90.36" x="68.39" y="-1.47"/>
        <vehicle id="cfm_slow_4" eclass="HBEFA3/PC_G_EU4" CO2="13867.12" CO="488.45" HC="2.61" NOx="5.43" PMx="0.45" fuel="5.96" electricity="0.00" noise="81.03" route="routebottom" type="cfm_slow" waiting="0.00" lane="bottom_0" pos="42.29" speed="47.00" angle="18.39" x="127.06" y="47.98"/>
    </timestep>
    <timestep time="41.90">
        <vehicle id="cfm_slow_0" eclass="HBEFA3/PC_G_EU4" CO2="13867.12" CO="488.45" HC="2.61" NOx="5.43" PMx="0.45" fuel="5.96" electricity="0.00" noise="81.03" route="routebottom" type="cfm_slow" waiting="0.00" lane="right_0" pos="36.99" speed="47.00" angle="297.87" x="89.63" y="123.59"/>
        <vehicle id="cfm_slow_1" eclass="HBEFA3/PC_G_EU4" CO2="13867.12" CO="488.45" HC="2.61" NOx="5.43" PMx="0.45" fuel="5.96" electricity="0.00" noise="81.03" route="routetop" type="cfm_slow" waiting="0.00" lane="top_0" pos="26.99" speed="47.00" angle="225.97" x="14.68" y="106.87"/>
        <vehicle id="cfm_slow_2" eclass="HBEFA3/PC_G_EU4" CO2="13867.12" CO="488.45" HC="2.61" NOx="5.43" PMx="0.45" fuel="5.96" electricity="0.00" noise="81.03" route="routetop" type="cfm_slow" waiting="0.00" lane="left_0" pos="16.99" speed="47.00" angle="153.94" x="7.45" y="30.43"/>
        <vehicle id="cfm_slow_3" eclass="HBEFA3/PC_G_EU4" CO2="0.00" CO="0.00" HC="0.00" NOx="0.00" PMx="0.00" fuel="0.00" electricity="0.00" noise="81.03" route="routebottom" type="cfm_slow" waiting="0.00" lane="bottom_0" pos="6.99" speed="47.00" angle="81.88" x="77.91" y="-0.06"/>
        <vehicle id="cfm_slow_4" eclass="HBEFA3/PC_G_EU4" CO2="13867.12" CO="488.45" HC="2.61" NOx="5.43" PMx="0.45" fuel="5.96" electricity="0.00" noise="81.03" route="routebottom" type="cfm_slow" waiting="0.00" lane="bottom_0" pos="46.99" speed="47.00" angle="9.97" x="128.67" y="57.47"/>
    </timestep>
    <timestep time="42.00">
        <vehicle id="cfm_slow_0" eclass="HBEFA3/PC_G_EU4" CO2="13867.12" CO="488.45" HC="2.61" NOx="5.43" PMx="0.45" fuel="5.96" electricity="0.00" noise="81.03" route="routebottom" type="cfm_slow" waiting="0.00" lane="right_0" pos="41.69" speed="47.00" angle="289.46" x="80.53" y="126.74"/>
        <vehicle id="cfm_slow_1" eclass="HBEFA3/PC_G_EU4" CO2="13867.12" CO="488.45" HC="2.61" NOx="5.43" PMx="0.45" fuel="5.96" electricity="0.00" noise="81.03" route="routetop" type="cfm_slow" waiting="0.00" lane="top_0" pos="31.69" speed="47.00" angle="217.42" x="8.87" y="99.19"/>
        <vehicle id="cfm_slow_2" eclass="HBEFA3/PC_G_EU4" CO2="13867.12" CO="488.45" HC="2.61" NOx="5.43" PMx="0.45" fuel="5.96" electricity="0.00" noise="81.03" route="routetop" type="cfm_slow" waiting="0.00" lane="left_0" pos="21.69" speed="47.00" angle="145.43" x="12.94" y="22.52"/>
        <vehicle id="cfm_slow_3" eclass="HBEFA3/PC_G_EU4" CO2="0.00" CO="0.00" HC="0.00" NOx="0.00" PMx="0.00" fuel="0.00" electricity="0.00" noise="81.03" route="routebottom" type="cfm_slow" waiting="0.00" lane="bottom_0" pos="11.69" speed="47.00" angle="73.44" x="87.12" y="2.72"/>
        <vehicle id="cfm_slow_4" eclass="HBEFA3/PC_G_EU4" CO2="13867.12" CO="488.45" HC="2.61" NOx="5.43" PMx="0.45" fuel="5.96" electricity="0.00" noise="81.03" route="routebottom" type="cfm_slow" waiting="0.00" lane="right_0" pos="1.69" speed="47.00" angle="1.45" x="128.87" y="67.16"/>
    </timestep>
    <timestep time="42.10">
        <vehicle id="cfm_slow_0" eclass="HBEFA3/PC_G_EU4" CO2="13867.12" CO="488.45" HC="2.61" NOx="5.43" PMx="0.45" fuel="5.96" electricity="0.00" noise="81.03" route="routebottom" type="cfm_slow" waiting="0.00" lane="right_0" pos="46.39" speed="47.00" angle="281.04" x="71.07" y="128.55"/>
        <vehicle id="cfm_slow_1" eclass="HBEFA3/PC_G_EU4" CO2="13867.12" CO="488.45" HC="2.61" NOx="5.43" PMx="0.45" fuel="5.96" electricity="0.00" noise="81.03" route="routetop" type="cfm_slow" waiting="0.00" lane="top_0" pos="36.39" speed="47.00" angle="209.06" x="4.24" y="90.75"/>
        <vehicle id="cfm_slow_2" eclass="HBEFA3/PC_G_EU4" CO2="0.00" CO="0.00" HC="0.00" NOx="0.00" PMx="0.00" fuel="0.00" electricity="0.00" noise="81.03" route="routetop" type="cfm_slow" waiting="0.00" lane="left_0" pos="26.39" speed="47.00" angle="136.99" x="19.55" y="15.52"/>
        <vehicle id="cfm_slow_3" eclass="HBEFA3/PC_G_EU4" CO2="0.00" CO="0.00" HC="0.00" NOx="0.00" PMx="0.00" fuel="0.00" electricity="0.00" noise="81.03" route="routebottom" type="cfm_slow" waiting="0.00" lane="bottom_0" pos="16.39" speed="47.00" angle="65.00" x="95.83" y="6.83"/>
        <vehicle id="cfm_slow_4" eclass="HBEFA3/PC_G_EU4" CO2="13867.12" CO="488.45" HC="2.61" NOx="5.43" PMx="0.45" fuel="5.96" electricity="0.00" noise="81.03" route="routebottom" type="cfm_slow" waiting="0.00" lane="right_0" pos="6.39" speed="47.00" angle="353.03" x="127.66" y="76.71"/>
    </timestep>
    <timestep time="42.20">
        <vehicle id="cfm_slow_0" eclass="HBEFA3/PC_G_EU4" CO2="13867.12" CO="488.45" HC="2.61" NOx="5.43" PMx="0.45" fuel="5.96" electricity="0.00" noise="81.03" route="routetop" type="cfm_slow" waiting="0.00" lane="top_0" pos="1.09" speed="47.00" angle="272.50" x="61.39" y="128.93"/>
        <vehicle id="cfm_slow_1" eclass="HBEFA3/PC_G_EU4" CO2="13867.12" CO="488.45" HC="2.61" NOx="5.43" PMx="0.45" fuel="5.96" electricity="0.00" noise="81.03" route="routetop" type="cfm_slow" waiting="0.00" lane="top_0" pos="41.09" speed="47.00" angle="200.53" x="0.90" y="81.72"/>
        <vehicle id="cfm_slow_2" eclass="HBEFA3/PC_G_EU4" CO2="13867.12" CO="488.45" HC="2.61" NOx="5.43" PMx="0.45" fuel="5.96" electricity="0.00" noise="81.03" route="routetop" type="cfm_slow" waiting="0.00" lane="left_0" pos="31.09" speed="47.00" angle="128.54" x="27.11" y="9.55"/>
        <vehicle id="cfm_slow_3" eclass="HBEFA3/PC_G_EU4" CO2="0.00" CO="0.00" HC="0.00" NOx="0.00" PMx="0.00" fuel="0.00" electricity="0.00" noise="81.03" route="routebottom" type="cfm_slow" waiting="0.00" lane="bottom_0" pos="21.09" speed="47.00" angle="56.49" x="103.83" y="12.19"/>
        <vehicle id="cfm_slow_4" eclass="HBEFA3/PC_G_EU4" CO2="13867.12" CO="488.45" HC="2.61" NOx="5.43" PMx="0.45" fuel="5.96" electricity="0.00" noise="81.03" route="routebottom" type="cfm_slow" waiting="0.00" lane="right_0" pos="11.09" speed="47.00" angle="344.46" x="125.03" y="85.97"/>
    </timestep>
    <timestep time="42.30">
        <vehicle id="cfm_slow_0" eclass="HBEFA3/PC_G_EU4" CO2="13867.12" CO="488.45" HC="2.61" NOx="5.43" PMx="0.45" fuel="5.96" electricity="0.00" noise="81.03" route="routetop" type="cfm_slow" waiting="0.00" lane="top_0" pos="5.79" speed="47.00" angle="264.07" x="51.82" y="127.88"/>
        <vehicle id="cfm_slow_1" eclass="HBEFA3/PC_G_EU4" CO2="13867.12" CO="488.45" HC="2.61" NOx="5.43" PMx="0.45" fuel="5.96" electricity="0.00" noise="81.03" route="routetop" type="cfm_slow" waiting="0.00" lane="top_0" pos="45.79" speed="47.00" angle="192.11" x="-1.07" y="72.29"/>
        <vehicle id="cfm_slow_2" eclass="HBEFA3/PC_G_EU4" CO2="13867.12" CO="488.45" HC="2.61" NOx="5.43" PMx="0.45" fuel="5.96" electricity="0.00" noise="81.03" route="routetop" type="cfm_slow" waiting="0.00" lane="left_0" pos="35.79" speed="47.00" angle="120.14" x="35.45" y="4.75"/>
        <vehicle id="cfm_slow_3" eclass="HBEFA3/PC_G_EU4" CO2="0.00" CO="0.00" HC="0.00" NOx="0.00" PMx="0.00" fuel="0.00" electricity="0.00" noise="81.03" route="routebottom" type="cfm_slow" waiting="0.00" lane="bottom_0" pos="25.79" speed="47.00" angle="48.10" x="110.97" y="18.65"/>
        <vehicle id="cfm_slow_4" eclass="HBEFA3/PC_G_EU4" CO2="13867.12" CO="488.45" HC="2.61" NOx="5.43" PMx="0.45" fuel="5.96" electricity="0.00" noise="81.03" route="routebottom" type="cfm_slow" waiting="0.00" lane="right_0" pos="15.79" speed="47.00" angle="336.06" x="121.08" y="94.75"/>
    </timestep>
    <timestep time="42.40">
        <vehicle id="cfm_slow_0" eclass="HBEFA3/PC_G_EU4" CO2="13867.12" CO="488.45" HC="2.61" NOx="5.43" PMx="0.45" fuel="5.96" electricity="0.00" noise="81.03" route="routetop" type="cfm_slow" waiting="0.00" lane="top_0" pos="10.49" speed="47.00" angle="255.62" x="42.51" y="125.45"/>
        <vehicle id="cfm_slow_1" eclass="HBEFA3/PC_G_EU4" CO2="13867.12" CO="488.45" HC="2.61" NOx="5.43" PMx="0.45" fuel="5.96" electricity="0.00" noise="81.03" route="routetop" type="cfm_slow" waiting="0.00" lane="left_0" pos="0.49" speed="47.00" angle="183.59" x="-1.63" y="62.62"/>
        <vehicle id="cfm_slow_2" eclass="HBEFA3/PC_G_EU4" CO2="13867.12" CO="488.45" HC="2.61" NOx="5.43" PMx="0.45" fuel="5.96" electricity="0.00" noise="81.03" route="routetop" type="cfm_slow" waiting="0.00" lane="left_0" pos="40.49" speed="47.00" angle="111.59" x="44.43" y="1.26"/>
        <vehicle id="cfm_slow_3" eclass="HBEFA3/PC_G_EU4" CO2="0.00" CO="0.00" HC="0.00" NOx="0.00" PMx="0.00" fuel="0.00" electricity="0.00" noise="81.03" route="routebottom" type="cfm_slow" waiting="0.00" lane="bottom_0" pos="30.49" speed="47.00" angle="39.60" x="117.07" y="26.09"/>
        <vehicle id="cfm_slow_4" eclass="HBEFA3/PC_G_EU4" CO2="13867.12" CO="488.45" HC="2.61" NOx="5.43" PMx="0.45" fuel="5.96" electricity="0.00" noise="81.03" route="routebottom" type="cfm_slow" waiting="0.00" lane="right_0" pos="20.49" speed="47.00" angle="327.58" x="115.89" y="102.86"/>
    </timestep>
    <timestep time="42.50">
        <vehicle id="cfm_slow_0" eclass="HBEFA3/PC_G_EU4" CO2="13867.12" CO="488.45" HC="2.61" NOx="5.43" PMx="0.45" fuel="5.96" electricity="0.00" noise="81.03" route="routetop" type="cfm_slow" waiting="0.00" lane="top_0" pos="15.19" speed="47.00" angle="247.09" x="33.65" y="121.67"/>
        <vehicle id="cfm_slow_1" eclass="HBEFA3/PC_G_EU4" CO2="13867.12" CO="488.45" HC="2.61" NOx="5.43" PMx="0.45" fuel="5.96" electricity="0.00" noise="81.03" route="routetop" type="cfm_slow" waiting="0.00" lane="left_0" pos="5.19" speed="47.00" angle="175.17" x="-0.78" y="53.03"/>
        <vehicle id="cfm_slow_2" eclass="HBEFA3/PC_G_EU4" CO2="0.00" CO="0.00" HC="0.00" NOx="0.00" PMx="0.00" fuel="0.00" electricity="0.00" noise="81.03" route="routetop" type="cfm_slow" waiting="0.00" lane="left_0" pos="45.19" speed="47.00" angle="103.21" x="53.81" y="-0.90"/>
        <vehicle id="cfm_slow_3" eclass="HBEFA3/PC_G_EU4" CO2="13867.12" CO="488.45" HC="2.61" NOx="5.43" PMx="0.45" fuel="5.96" electricity="0.00" noise="81.03" route="routebottom" type="cfm_slow" waiting="0.00" lane="bottom_0" pos="35.19" speed="47.00" angle="31.20" x="122.02" y="34.35"/>
        <vehicle id="cfm_slow_4" eclass="HBEFA3/PC_G_EU4" CO2="13867.12" CO="488.45" HC="2.61" NOx="5.43" PMx="0.45" fuel="5.96" electricity="0.00" noise="81.03" route="routebottom" type="cfm_slow" waiting="0.00" lane="right_0" pos="25.19" speed="47.00" angle="319.18" x="109.56" y="110.11"/>
    </timestep>
    <timestep time="42.60">
        <vehicle id="cfm_slow_0" eclass="HBEFA3/PC_G_EU4" CO2="13867.12" CO="488.45" HC="2.61" NOx="5.43" PMx="0.45" fuel="5.96" electricity="0.00" noise="81.03" route="routetop" type="cfm_slow" waiting="0.00" lane="top_0" pos="19.89" speed="47.00" angle="238.64" x="25.46" y="116.61"/>
        <vehicle id="cfm_slow_1" eclass="HBEFA3/PC_G_EU4" CO2="13867.12" CO="488.45" HC="2.61" NOx="5.43" PMx="0.45" fuel="5.96" electricity="0.00" noise="81.03" route="routetop" type="cfm_slow" waiting="0.00" lane="left_0" pos="9.89" speed="47.00" angle="166.63" x="1.49" y="43.68"/>
        <vehicle id="cfm_slow_2" eclass="HBEFA3/PC_G_EU4" CO2="13867.12" CO="488.45" HC="2.61" NOx="5.43" PMx="0.45" fuel="5.96" electricity="0.00" noise="81.03" route="routetop" type="cfm_slow" waiting="0.00" lane="left_0" pos="49.89" speed="47.00" angle="94.67" x="63.41" y="-1.65"/>
        <vehicle id="cfm_slow_3" eclass="HBEFA3/PC_G_EU4" CO2="0.00" CO="0.00" HC="0.00" NOx="0.00" PMx="0.00" fuel="0.00" electricity="0.00" noise="81.03" route="routebottom" type="cfm_slow" waiting="0.00" lane="bottom_0" pos="39.89" speed="47.00" angle="22.75" x="125.70" y="43.25"/>
        <vehicle id="cfm_slow_4" eclass="HBEFA3/PC_G_EU4" CO2="13867.12" CO="488.45" HC="2.61" NOx="5.43" PMx="0.45" fuel="5.96" electricity="0.00" noise="81.03" route="routebottom" type="cfm_slow" waiting="0.00" lane="right_0" pos="29.89" speed="47.00" angle="310.67" x="102.22" y="116.35"/>
    </timestep>
    <timestep time="42.70">
        <vehicle id="cfm_slow_0" eclass="HBEFA3/PC_G_EU4" CO2="13867.12" CO="488.45" HC="2.61" NOx="5.43" PMx="0.45" fuel="5.96" electricity="0.00" noise="81.03" route="routetop" type="cfm_slow" waiting="0.00" lane="top_0" pos="24.59" speed="47.00" angle="230.25" x="18.08" y="110.42"/>
        <vehicle id="cfm_slow_1" eclass="HBEFA3/PC_G_EU4" CO2="13867.12" CO="488.45" HC="2.61" NOx="5.43" PMx="0.45" fuel="5.96" electricity="0.00" noise="81.03" route="routetop" type="cfm_slow" waiting="0.00" lane="left_0" pos="14.59" speed="47.00" angle="158.26" x="5.10" y="34.75"/>
        <vehicle id="cfm_slow_2" eclass="HBEFA3/PC_G_EU4" CO2="0.00" CO="0.00" HC="0.00" NOx="0.00" PMx="0.00" fuel="0.00" electricity="0.00" noise="81.03" route="routebottom" type="cfm_slow" waiting="0.00" lane="bottom_0" pos="4.59" speed="47.00" angle="86.26" x="73.07" y="-0.96"/>
        <vehicle id="cfm_slow_3" eclass="HBEFA3/PC_G_EU4" CO2="13867.12" CO="488.45" HC="2.61" NOx="5.43" PMx="0.45" fuel="5.96" electricity="0.00" noise="81.03" route="routebottom" type="cfm_slow" waiting="0.00" lane="bottom_0" pos="44.59" speed="47.00" angle="14.22" x="128.02" y="52.60"/>
        <vehicle id="cfm_slow_4" eclass="HBEFA3/PC_G_EU4" CO2="13867.12" CO="488.45" HC="2.61" NOx="5.43" PMx="0.45" fuel="5.96" electricity="0.00" noise="81.03" route="routebottom" type="cfm_slow" waiting="0.00" lane="right_0" pos="34.59" speed="47.00" angle="302.30" x="94.07" y="121.46"/>
    </timestep>
    <timestep time="42.80">
        <vehicle id="cfm_slow_0" eclass="HBEFA3/PC_G_EU4" CO2="13867.12" CO="488.45" HC="2.61" NOx="5.43" PMx="0.45" fuel="5.96" electricity="0.00" noise="81.03" route="routetop" type="cfm_slow" waiting="0.00" lane="top_0" pos="29.29" speed="47.00" angle="221.74" x="11.70" y="103.21"/>
        <vehicle id="cfm_slow_1" eclass="HBEFA3/PC_G_EU4" CO2="13867.12" CO="488.45" HC="2.61" NOx="5.43" PMx="0.45" fuel="5.96" electricity="0.00" noise="81.03" route="routetop" type="cfm_slow" waiting="0.00" lane="left_0" pos="19.29" speed="47.00" angle="149.72" x="9.99" y="26.46"/>
        <vehicle id="cfm_slow_2" eclass="HBEFA3/PC_G_EU4" CO2="13867.12" CO="488.45" HC="2.61" NOx="5.43" PMx="0.45" fuel="5.96" electricity="0.00" noise="81.03" route="routebottom" type="cfm_slow" waiting="0.00" lane="bottom_0" pos="9.29" speed="47.00" angle="77.73" x="82.47" y="1.13"/>
        <vehicle id="cfm_slow_3" eclass="HBEFA3/PC_G_EU4" CO2="13867.12" CO="488.45" HC="2.61" NOx="5.43" PMx="0.45" fuel="5.96" electricity="0.00" noise="81.03" route="routebottom" type="cfm_slow" waiting="0.00" lane="bottom_0" pos="49.29" speed="47.00" angle="5.77" x="128.94" y="62.18"/>
        <vehicle id="cfm_slow_4" eclass="HBEFA3/PC_G_EU4" CO2="13867.12" CO="488.45" HC="2.61" NOx="5.43" PMx="0.45" fuel="5.96" electricity="0.00" noise="81.03" route="routebottom" type="cfm_slow" waiting="0.00" lane="right_0" pos="39.29" speed="47.00" angle="293.79" x="85.23" y="125.30"/>
    </timestep>
    <timestep time="42.90">
        <vehicle id="cfm_slow_0" eclass="HBEFA3/PC_G_EU4" CO2="13867.12" CO="488.45" HC="2.61" NOx="5.43" PMx="0.45" fuel="5.96" electricity="0.00" noise="81.03" route="routetop" type="cfm_slow" waiting="0.00" lane="top_0" pos="33.99" speed="47.00" angle="213.36" x="6.45" y="95.14"/>
        <vehicle id="cfm_slow_1" eclass="HBEFA3/PC_G_EU4" CO2="13867.12" CO="488.45" HC="2.61" NOx="5.43" PMx="0.45" fuel="5.96" electricity="0.00" noise="81.03" route="routetop" type="cfm_slow" waiting="0.00" lane="left_0" pos="23.99" speed="47.00" angle="141.31" x="16.05" y="18.97"/>
        <vehicle id="cfm_slow_2" eclass="HBEFA3/PC_G_EU4" CO2="13867.12" CO="488.45" HC="2.61" NOx="5.43" PMx="0.45" fuel="5.96" electricity="0.00" noise="81.03" route="routebottom" type="cfm_slow" waiting="0.00" lane="bottom_0" pos="13.99" speed="47.00" angle="69.33" x="91.47" y="4.56"/>
        <vehicle id="cfm_slow_3" eclass="HBEFA3/PC_G_EU4" CO2="0.00" CO="0.00" HC="0.00" NOx="0.00" PMx="0.00" fuel="0.00" electricity="0.00" noise="81.03" route="routebottom" type="cfm_slow" waiting="0.00" lane="right_0" pos="3.99" speed="47.00" angle="357.35" x="128.45" y="71.85"/>
        <vehicle id="cfm_slow_4" eclass="HBEFA3/PC_G_EU4" CO2="13867.12" CO="488.45" HC="2.61" NOx="5.43" PMx="0.45" fuel="5.96" electricity="0.00" noise="81.03" route="routebottom" type="cfm_slow" waiting="0.00" lane="right_0" pos="43.99" speed="47.00" angle="285.37" x="75.94" y="127.80"/>
    </timestep>
    <timestep time="43.00">
        <vehicle id="cfm_slow_0" eclass="HBEFA3/PC_G_EU4" CO2="13867.12" CO="488.45" HC="2.61" NOx="5.43" PMx="0.45" fuel="5.96" electricity="0.00" noise="81.03" route="routetop" type="cfm_slow" waiting="0.00" lane="top_0" pos="38.69" speed="47.00" angle="204.85" x="2.44" y="86.39"/>
        <vehicle id="cfm_slow_1" eclass="HBEFA3/PC_G_EU4" CO2="13867.12" CO="488.45" HC="2.61" NOx="5.43" PMx="0.45" fuel="5.96" electricity="0.00" noise="81.03" route="routetop" type="cfm_slow" waiting="0.00" lane="left_0" pos="28.69" speed="47.00" angle="132.86" x="23.14" y="12.46"/>
        <vehicle id="cfm_slow_2" eclass="HBEFA3/PC_G_EU4" CO2="13867.12" CO="488.45" HC="2.61" NOx="5.43" PMx="0.45" fuel="5.96" electricity="0.00" noise="81.03" route="routebottom" type="cfm_slow" waiting="0.00" lane="bottom_0" pos="18.69" speed="47.00" angle="60.79" x="99.84" y="9.31"/>
        <vehicle id="cfm_slow_3" eclass="HBEFA3/PC_G_EU4" CO2="13867.12" CO="488.45" HC="2.61" NOx="5.43" PMx="0.45" fuel="5.96" electricity="0.00" noise="81.03" route="routebottom" type="cfm_slow" waiting="0.00" lane="right_0" pos="8.69" speed="47.00" angle="348.81" x="126.54" y="81.29"/>
        <vehicle id="cfm_slow_4" eclass="HBEFA3/PC_G_EU4" CO2="13867.12" CO="488.45" HC="2.61" NOx="5.43" PMx="0.45" fuel="5.96" electricity="0.00" noise="81.03" route="routebottom" type="cfm_slow" waiting="0.00" lane="right_0" pos="48.69" speed="47.00" angle="276.86" x="66.37" y="128.92"/>
    </timestep>
    <timestep time="43.10">
        <vehicle id="cfm_slow_0" eclass="HBEFA3/PC_G_EU4" CO2="13867.12" CO="488.45" HC="2.61" NOx="5.43" PMx="0.45" fuel="5.96" electricity="0.00" noise="81.03" route="routetop" type="cfm_slow" waiting="0.00" lane="top_0" pos="43.39" speed="47.00" angle="196.41" x="-0.24" y="77.14"/>
        <vehicle id="cfm_slow_1" eclass="HBEFA3/PC_G_EU4" CO2="13867.12" CO="488.45" HC="2.61" NOx="5.43" PMx="0.45" fuel="5.96" electricity="0.00" noise="81.03" route="routetop" type="cfm_slow" waiting="0.00" lane="left_0" pos="33.39" speed="47.00" angle="124.43" x="31.10" y="7.05"/>
        <vehicle id="cfm_slow_2" eclass="HBEFA3/PC_G_EU4" CO2="13867.12" CO="488.45" HC="2.61" NOx="5.43" PMx="0.45" fuel="5.96" electricity="0.00" noise="81.03" route="routebottom" type="cfm_slow" waiting="0.00" lane="bottom_0" pos="23.39" speed="47.00" angle="52.43" x="107.45" y="15.21"/>
        <vehicle id="cfm_slow_3" eclass="HBEFA3/PC_G_EU4" CO2="13867.12" CO="488.45" HC="2.61" NOx="5.43" PMx="0.45" fuel="5.96" electricity="0.00" noise="81.03" route="routebottom" type="cfm_slow" waiting="0.00" lane="right_0" pos="13.39" speed="47.00" angle="340.39" x="123.26" y="90.34"/>
        <vehicle id="cfm_slow_4" eclass="HBEFA3/PC_G_EU4" CO2="13867.12" CO="488.45" HC="2.61" NOx="5.43" PMx="0.45" fuel="5.96" electricity="0.00" noise="81.03" route="routetop" type="cfm_slow" waiting="0.00" lane="top_0" pos="3.39" speed="47.00" angle="268.40" x="56.69" y="128.59"/>
    </timestep>
    <timestep time="43.20">
        <vehicle id="cfm_slow_0" eclass="HBEFA3/PC_G_EU4" CO2="13867.12" CO="488.45" HC="2.61" NOx="5.43" PMx="0.45" fuel="5.96" electricity="0.00" noise="81.03" route="routetop" type="cfm_slow" waiting="0.00" lane="top_0" pos="48.09" speed="47.00" angle="187.97" x="-1.52" y="67.60"/>
        <vehicle id="cfm_slow_1" eclass="HBEFA3/PC_G_EU4" CO2="13867.12" CO="488.45" HC="2.61" NOx="5.43" PMx="0.45" fuel="5.96" electricity="0.00" noise="81.03" route="routetop" type="cfm_slow" waiting="0.00" lane="left_0" pos="38.09" speed="47.00" angle="115.91" x="39.78" y="2.89"/>
        <vehicle id="cfm_slow_2" eclass="HBEFA3/PC_G_EU4" CO2="13867.12" CO="488.45" HC="2.61" NOx="5.43" PMx="0.45" fuel="5.96" electricity="0.00" noise="81.03" route="routebottom" type="cfm_slow" waiting="0.00" lane="bottom_0" pos="28.09" speed="47.00" angle="43.88" x="114.10" y="22.18"/>
        <vehicle id="cfm_slow_3" eclass="HBEFA3/PC_G_EU4" CO2="0.00" CO="0.00" HC="0.00" NOx="0.00" PMx="0.00" fuel="0.00" electricity="0.00" noise="81.03" route="routebottom" type="cfm_slow" waiting="0.00" lane="right_0" pos="18.09" speed="47.00" angle="331.97" x="118.70" y="98.82"/>
        <vehicle id="cfm_slow_4" eclass="HBEFA3/PC_G_EU4" CO2="13867.12" CO="488.45" HC="2.61" NOx="5.43" PMx="0.45" fuel="5.96" electricity="0.00" noise="81.03" route="routetop" type="cfm_slow" waiting="0.00" lane="top_0" pos="8.09" speed="47.00" angle="259.88" x="47.22" y="126.86"/>
    </timestep>
    <timestep time="43.30">
        <vehicle id="cfm_slow_0" eclass="HBEFA3/PC_G_EU4" CO2="13867.12" CO="488.45" HC="2.61" NOx="5.43" PMx="0.45" fuel="5.96" electricity="0.00" noise="81.03" route="routetop" type="cfm_slow" waiting="0.00" lane="left_0" pos="2.79" speed="47.00" angle="179.49" x="-1.39" y="57.91"/>
        <vehicle id="cfm_slow_1" eclass="HBEFA3/PC_G_EU4" CO2="13867.12" CO="488.45" HC="2.61" NOx="5.43" PMx="0.45" fuel="5.96" electricity="0.00" noise="81.03" route="routetop" type="cfm_slow" waiting="0.00" lane="left_0" pos="42.79" speed="47.00" angle="107.50" x="48.98" y="0.04"/>
        <vehicle id="cfm_slow_2" eclass="HBEFA3/PC_G_EU4" CO2="0.00" CO="0.00" HC="0.00" NOx="0.00" PMx="0.00" fuel="0.00" electricity="0.00" noise="81.03" route="routebottom" type="cfm_slow" waiting="0.00" lane="bottom_0" pos="32.79" speed="47.00" angle="35.49" x="119.64" y="30.05"/>
        <vehicle id="cfm_slow_3" eclass="HBEFA3/PC_G_EU4" CO2="13867.12" CO="488.45" HC="2.61" NOx="5.43" PMx="0.45" fuel="5.96" electricity="0.00" noise="81.03" route="routebottom" type="cfm_slow" waiting="0.00" lane="right_0" pos="22.79" speed="47.00" angle="323.44" x="112.93" y="106.53"/>
        <vehicle id="cfm_slow_4" eclass="HBEFA3/PC_G_EU4" CO2="13867.12" CO="488.45" HC="2.61" NOx="5.43" PMx="0.45" fuel="5.96" electricity="0.00" noise="81.03" route="routetop" type="cfm_slow" waiting="0.00" lane="top_0" pos="12.79" speed="47.00" angle="251.50" x="38.10" y="123.76"/>
    </timestep>
    <timestep time="43.40">
        <vehicle id="cfm_slow_0" eclass="HBEFA3/PC_G_EU4" CO2="13867.12" CO="488.45" HC="2.61" NOx="5.43" PMx="0.45" fuel="5.96" electricity="0.00" noise="81.03" route="routetop" type="cfm_slow" waiting="0.00" lane="left_0" pos="7.49" speed="47.00" angle="170.95" x="0.16" y="48.41"/>
        <vehicle id="cfm_slow_1" eclass="HBEFA3/PC_G_EU4" CO2="13867.12" CO="488.45" HC="2.61" NOx="5.43" PMx="0.45" fuel="5.96" electricity="0.00" noise="81.03" route="routetop" type="cfm_slow" waiting="0.00" lane="left_0" pos="47.49" speed="47.00" angle="99.08" x="58.49" y="-1.45"/>
        <vehicle id="cfm_slow_2" eclass="HBEFA3/PC_G_EU4" CO2="0.00" CO="0.00" HC="0.00" NOx="0.00" PMx="0.00" fuel="0.00" electricity="0.00" noise="81.03" route="routebottom" type="cfm_slow" waiting="0.00" lane="bottom_0" pos="37.49" speed="47.00" angle="27.00" x="123.98" y="38.64"/>
        <vehicle id="cfm_slow_3" eclass="HBEFA3/PC_G_EU4" CO2="13867.12" CO="488.45" HC="2.61" NOx="5.43" PMx="0.45" fuel="5.96" electricity="0.00" noise="81.03" route="routebottom" type="cfm_slow" waiting="0.00" lane="right_0" pos="27.49" speed="47.00" angle="315.02" x="106.09" y="113.30"/>
        <vehicle id="cfm_slow_4" eclass="HBEFA3/PC_G_EU4" CO2="13867.12" CO="488.45" HC="2.61" NOx="5.43" PMx="0.45" fuel="5.96" electricity="0.00" noise="81.03" route="routetop" type="cfm_slow" waiting="0.00" lane="top_0" pos="17.49" speed="47.00" angle="243.03" x="29.55" y="119.35"/>
    </timestep>
    <timestep time="43.50">
        <vehicle id="cfm_slow_0" eclass="HBEFA3/PC_G_EU4" CO2="13867.12" CO="488.45" HC="2.61" NOx="5.43" PMx="0.45" fuel="5.96" electricity="0.00" noise="81.03" route="routetop" type="cfm_slow" waiting="0.00" lane="left_0" pos="12.19" speed="47.00" angle="162.53" x="3.10" y="39.24"/>
        <vehicle id="cfm_slow_1" eclass="HBEFA3/PC_G_EU4" CO2="13867.12" CO="488.45" HC="2.61" NOx="5.43" PMx="0.45" fuel="5.96" electricity="0.00" noise="81.03" route="routebottom" type="cfm_slow" waiting="0.00" lane="bottom_0" pos="2.19" speed="47.00" angle="90.54" x="68.18" y="-1.48"/>
        <vehicle id="cfm_slow_2" eclass="HBEFA3/PC_G_EU4" CO2="13867.12" CO="488.45" HC="2.61" NOx="5.43" PMx="0.45" fuel="5.96" electricity="0.00" noise="81.03" route="routebottom" type="cfm_slow" waiting="0.00" lane="bottom_0" pos="42.19" speed="47.00" angle="18.53" x="127.00" y="47.78"/>
        <vehicle id="cfm_slow_3" eclass="HBEFA3/PC_G_EU4" CO2="13867.12" CO="488.45" HC="2.61" NOx="5.43" PMx="0.45" fuel="5.96" electricity="0.00" noise="81.03" route="routebottom" type="cfm_slow" waiting="0.00" lane="right_0" pos="32.19" speed="47.00" angle="306.59" x="98.33" y="119.01"/>
        <vehicle id="cfm_slow_4" eclass="HBEFA3/PC_G_EU4" CO2="13867.12" CO="488.45" HC="2.61" NOx="5.43" PMx="0.45" fuel="5.96" electricity="0.00" noise="81.03" route="routetop" type="cfm_slow" waiting="0.00" lane="top_0" pos="22.19" speed="47.00" angle="234.54" x="21.73" y="113.72"/>
    </timestep>
    <timestep time="43.60">
        <vehicle id="cfm_slow_0" eclass="HBEFA3/PC_G_EU4" CO2="13867.12" CO="488.45" HC="2.61" NOx="5.43" PMx="0.45" fuel="5.96" electricity="0.00" noise="81.03" route="routetop" type="cfm_slow" waiting="0.00" lane="left_0" pos="16.89" speed="47.00" angle="154.12" x="7.35" y="30.60"/>
        <vehicle id="cfm_slow_1" eclass="HBEFA3/PC_G_EU4" CO2="13867.12" CO="488.45" HC="2.61" NOx="5.43" PMx="0.45" fuel="5.96" electricity="0.00" noise="81.03" route="routebottom" type="cfm_slow" waiting="0.00" lane="bottom_0" pos="6.89" speed="47.00" angle="82.06" x="77.71" y="-0.11"/>
        <vehicle id="cfm_slow_2" eclass="HBEFA3/PC_G_EU4" CO2="13867.12" CO="488.45" HC="2.61" NOx="5.43" PMx="0.45" fuel="5.96" electricity="0.00" noise="81.03" route="routebottom" type="cfm_slow" waiting="0.00" lane="bottom_0" pos="46.89" speed="47.00" angle="10.15" x="128.65" y="57.27"/>
        <vehicle id="cfm_slow_3" eclass="HBEFA3/PC_G_EU4" CO2="13867.12" CO="488.45" HC="2.61" NOx="5.43" PMx="0.45" fuel="5.96" electricity="0.00" noise="81.03" route="routebottom" type="cfm_slow" waiting="0.00" lane="right_0" pos="36.89" speed="47.00" angle="298.06" x="89.81" y="123.50"/>
        <vehicle id="cfm_slow_4" eclass="HBEFA3/PC_G_EU4" CO2="13867.12" CO="488.45" HC="2.61" NOx="5.43" PMx="0.45" fuel="5.96" electricity="0.00" noise="81.03" route="routetop" type="cfm_slow" waiting="0.00" lane="top_0" pos="26.89" speed="47.00" angle="226.14" x="14.82" y="107.02"/>
    </timestep>
    <timestep time="43.70">
        <vehicle id="cfm_slow_0" eclass="HBEFA3/PC_G_EU4" CO2="13867.12" CO="488.45" HC="2.61" NOx="5.43" PMx="0.45" fuel="5.96" electricity="0.00" noise="81.03" route="routetop" type="cfm_slow" waiting="0.00" lane="left_0" pos="21.59" speed="47.00" angle="145.60" x="12.82" y="22.68"/>
        <vehicle id="cfm_slow_1" eclass="HBEFA3/PC_G_EU4" CO2="13867.12" CO="488.45" HC="2.61" NOx="5.43" PMx="0.45" fuel="5.96" electricity="0.00" noise="81.03" route="routebottom" type="cfm_slow" waiting="0.00" lane="bottom_0" pos="11.59" speed="47.00" angle="73.62" x="86.93" y="2.65"/>
        <vehicle id="cfm_slow_2" eclass="HBEFA3/PC_G_EU4" CO2="13867.12" CO="488.45" HC="2.61" NOx="5.43" PMx="0.45" fuel="5.96" electricity="0.00" noise="81.03" route="routebottom" type="cfm_slow" waiting="0.00" lane="right_0" pos="1.59" speed="47.00" angle="1.63" x="128.88" y="66.95"/>
        <vehicle id="cfm_slow_3" eclass="HBEFA3/PC_G_EU4" CO2="13867.12" CO="488.45" HC="2.61" NOx="5.43" PMx="0.45" fuel="5.96" electricity="0.00" noise="81.03" route="routebottom" type="cfm_slow" waiting="0.00" lane="right_0" pos="41.59" speed="47.00" angle="289.64" x="80.73" y="126.69"/>
        <vehicle id="cfm_slow_4" eclass="HBEFA3/PC_G_EU4" CO2="13867.12" CO="488.45" HC="2.61" NOx="5.43" PMx="0.45" fuel="5.96" electricity="0.00" noise="81.03" route="routetop" type="cfm_slow" waiting="0.00" lane="top_0" pos="31.59" speed="47.00" angle="217.60" x="8.99" y="99.36"/>
    </timestep>
    <timestep time="43.80">
        <vehicle id="cfm_slow_0" eclass="HBEFA3/PC_G_EU4" CO2="13867.12" CO="488.45" HC="2.61" NOx="5.43" PMx="0.45" fuel="5.96" electricity="0.00" noise="81.03" route="routetop" type="cfm_slow" waiting="0.00" lane="left_0" pos="26.29" speed="47.00" angle="137.17" x="19.40" y="15.66"/>
        <vehicle id="cfm_slow_1" eclass="HBEFA3/PC_G_EU4" CO2="13867.12" CO="488.45" HC="2.61" NOx="5.43" PMx="0.45" fuel="5.96" electricity="0.00" noise="81.03" route="routebottom" type="cfm_slow" waiting="0.00" lane="bottom_0" pos="16.29" speed="47.00" angle="65.18" x="95.65" y="6.73"/>
        <vehicle id="cfm_slow_2" eclass="HBEFA3/PC_G_EU4" CO2="0.00" CO="0.00" HC="0.00" NOx="0.00" PMx="0.00" fuel="0.00" electricity="0.00" noise="81.03" route="routebottom" type="cfm_slow" waiting="0.00" lane="right_0" pos="6.29" speed="47.00" angle="353.17" x="127.70" y="76.51"/>
        <vehicle id="cfm_slow_3" eclass="HBEFA3/PC_G_EU4" CO2="13867.12" CO="488.45" HC="2.61" NOx="5.43" PMx="0.45" fuel="5.96" electricity="0.00" noise="81.03" route="routebottom" type="cfm_slow" waiting="0.00" lane="right_0" pos="46.29" speed="47.00" angle="281.21" x="71.28" y="128.53"/>
        <vehicle id="cfm_slow_4" eclass="HBEFA3/PC_G_EU4" CO2="13867.12" CO="488.45" HC="2.61" NOx="5.43" PMx="0.45" fuel="5.96" electricity="0.00" noise="81.03" route="routetop" type="cfm_slow" waiting="0.00" lane="top_0" pos="36.29" speed="47.00" angle="209.25" x="4.32" y="90.94"/>
    </timestep>
    <timestep time="43.90">
        <vehicle id="cfm_slow_0" eclass="HBEFA3/PC_G_EU4" CO2="13867.12" CO="488.45" HC="2.61" NOx="5.43" PMx="0.45" fuel="5.96" electricity="0.00" noise="81.03" route="routetop" type="cfm_slow" waiting="0.00" lane="left_0" pos="30.99" speed="47.00" angle="128.72" x="26.94" y="9.67"/>
        <vehicle id="cfm_slow_1" eclass="HBEFA3/PC_G_EU4" CO2="13867.12" CO="488.45" HC="2.61" NOx="5.43" PMx="0.45" fuel="5.96" electricity="0.00" noise="81.03" route="routebottom" type="cfm_slow" waiting="0.00" lane="bottom_0" pos="20.99" speed="47.00" angle="56.67" x="103.67" y="12.06"/>
        <vehicle id="cfm_slow_2" eclass="HBEFA3/PC_G_EU4" CO2="0.00" CO="0.00" HC="0.00" NOx="0.00" PMx="0.00" fuel="0.00" electricity="0.00" noise="81.03" route="routebottom" type="cfm_slow" waiting="0.00" lane="right_0" pos="10.99" speed="47.00" angle="344.66" x="125.10" y="85.78"/>
        <vehicle id="cfm_slow_3" eclass="HBEFA3/PC_G_EU4" CO2="13867.12" CO="488.45" HC="2.61" NOx="5.43" PMx="0.45" fuel="5.96" electricity="0.00" noise="81.03" route="routetop" type="cfm_slow" waiting="0.00" lane="top_0" pos="0.99" speed="47.00" angle="272.68" x="61.60" y="128.93"/>
        <vehicle id="cfm_slow_4" eclass="HBEFA3/PC_G_EU4" CO2="13867.12" CO="488.45" HC="2.61" NOx="5.43" PMx="0.45" fuel="5.96" electricity="0.00" noise="81.03" route="routetop" type="cfm_slow" waiting="0.00" lane="top_0" pos="40.99" speed="47.00" angle="200.70" x="0.96" y="81.91"/>
    </timestep>
    <timestep time="44.00">
        <vehicle id="cfm_slow_0" eclass="HBEFA3/PC_G_EU4" CO2="13867.12" CO="488.45" HC="2.61" NOx="5.43" PMx="0.45" fuel="5.96" electricity="0.00" noise="81.03" route="routetop" type="cfm_slow" waiting="0.00" lane="left_0" pos="35.69" speed="47.00" angle="120.31" x="35.27" y="4.84"/>
        <vehicle id="cfm_slow_1" eclass="HBEFA3/PC_G_EU4" CO2="13867.12" CO="488.45" HC="2.61" NOx="5.43" PMx="0.45" fuel="5.96" electricity="0.00" noise="81.03" route="routebottom" type="cfm_slow" waiting="0.00" lane="bottom_0" pos="25.69" speed="47.00" angle="48.29" x="110.83" y="18.50"/>
        <vehicle id="cfm_slow_2" eclass="HBEFA3/PC_G_EU4" CO2="13867.12" CO="488.45" HC="2.61" NOx="5.43" PMx="0.45" fuel="5.96" electricity="0.00" noise="81.03" route="routebottom" type="cfm_slow" waiting="0.00" lane="right_0" pos="15.69" speed="47.00" angle="336.24" x="121.18" y="94.57"/>
        <vehicle id="cfm_slow_3" eclass="HBEFA3/PC_G_EU4" CO2="13867.12" CO="488.45" HC="2.61" NOx="5.43" PMx="0.45" fuel="5.96" electricity="0.00" noise="81.03" route="routetop" type="cfm_slow" waiting="0.00" lane="top_0" pos="5.69" speed="47.00" angle="264.26" x="52.02" y="127.92"/>
        <vehicle id="cfm_slow_4" eclass="HBEFA3/PC_G_EU4" CO2="13867.12" CO="488.45" HC="2.61" NOx="5.43" PMx="0.45" fuel="5.96" electricity="0.00" noise="81.03" route="routetop" type="cfm_slow" waiting="0.00" lane="top_0" pos="45.69" speed="47.00" angle="192.30" x="-1.04" y="72.50"/>
    </timestep>
    <timestep time="44.10">
        <vehicle id="cfm_slow_0" eclass="HBEFA3/PC_G_EU4" CO2="13867.12" CO="488.45" HC="2.61" NOx="5.43" PMx="0.45" fuel="5.96" electricity="0.00" noise="81.03" route="routetop" type="cfm_slow" waiting="0.00" lane="left_0" pos="40.39" speed="47.00" angle="111.77" x="44.23" y="1.32"/>
        <vehicle id="cfm_slow_1" eclass="HBEFA3/PC_G_EU4" CO2="13867.12" CO="488.45" HC="2.61" NOx="5.43" PMx="0.45" fuel="5.96" electricity="0.00" noise="81.03" route="routebottom" type="cfm_slow" waiting="0.00" lane="bottom_0" pos="30.39" speed="47.00" angle="39.78" x="116.95" y="25.93"/>
        <vehicle id="cfm_slow_2" eclass="HBEFA3/PC_G_EU4" CO2="13867.12" CO="488.45" HC="2.61" NOx="5.43" PMx="0.45" fuel="5.96" electricity="0.00" noise="81.03" route="routebottom" type="cfm_slow" waiting="0.00" lane="right_0" pos="20.39" speed="47.00" angle="327.72" x="116.01" y="102.70"/>
        <vehicle id="cfm_slow_3" eclass="HBEFA3/PC_G_EU4" CO2="13867.12" CO="488.45" HC="2.61" NOx="5.43" PMx="0.45" fuel="5.96" electricity="0.00" noise="81.03" route="routetop" type="cfm_slow" waiting="0.00" lane="top_0" pos="10.39" speed="47.00" angle="255.81" x="42.70" y="125.52"/>
        <vehicle id="cfm_slow_4" eclass="HBEFA3/PC_G_EU4" CO2="13867.12" CO="488.45" HC="2.61" NOx="5.43" PMx="0.45" fuel="5.96" electricity="0.00" noise="81.03" route="routetop" type="cfm_slow" waiting="0.00" lane="left_0" pos="0.39" speed="47.00" angle="183.77" x="-1.63" y="62.83"/>
    </timestep>
    <timestep time="44.20">
        <vehicle id="cfm_slow_0" eclass="HBEFA3/PC_G_EU4" CO2="13867.12" CO="488.45" HC="2.61" NOx="5.43" PMx="0.45" fuel="5.96" electricity="0.00" noise="81.03" route="routetop" type="cfm_slow" waiting="0.00" lane="left_0" pos="45.09" speed="47.00" angle="103.40" x="53.61" y="-0.87"/>
        <vehicle id="cfm_slow_1" eclass="HBEFA3/PC_G_EU4" CO2="13867.12" CO="488.45" HC="2.61" NOx="5.43" PMx="0.45" fuel="5.96" electricity="0.00" noise="81.03" route="routebottom" type="cfm_slow" waiting="0.00" lane="bottom_0" pos="35.09" speed="47.00" angle="31.39" x="121.93" y="34.17"/>
        <vehicle id="cfm_slow_2" eclass="HBEFA3/PC_G_EU4" CO2="13867.12" CO="488.45" HC="2.61" NOx="5.43" PMx="0.45" fuel="5.96" electricity="0.00" noise="81.03" route="routebottom" type="cfm_slow" waiting="0.00" lane="right_0" pos="25.09" speed="47.00" angle="319.36" x="109.70" y="109.97"/>
        <vehicle id="cfm_slow_3" eclass="HBEFA3/PC_G_EU4" CO2="13867.12" CO="488.45" HC="2.61" NOx="5.43" PMx="0.45" fuel="5.96" electricity="0.00" noise="81.03" route="routetop" type="cfm_slow" waiting="0.00" lane="top_0" pos="15.09" speed="47.00" angle="247.28" x="33.83" y="121.76"/>
        <vehicle id="cfm_slow_4" eclass="HBEFA3/PC_G_EU4" CO2="13867.12" CO="488.45" HC="2.61" NOx="5.43" PMx="0.45" fuel="5.96" electricity="0.00" noise="81.03" route="routetop" type="cfm_slow" waiting="0.00" lane="left_0" pos="5.09" speed="47.00" angle="175.35" x="-0.82" y="53.23"/>
    </timestep>
    <timestep time="44.30">
        <vehicle id="cfm_slow_0" eclass="HBEFA3/PC_G_EU4" CO2="13867.12" CO="488.45" HC="2.61" NOx="5.43" PMx="0.45" fuel="5.96" electricity="0.00" noise="81.03" route="routetop" type="cfm_slow" waiting="0.00" lane="left_0" pos="49.79" speed="47.00" angle="94.86" x="63.20" y="-1.64"/>
        <vehicle id="cfm_slow_1" eclass="HBEFA3/PC_G_EU4" CO2="13867.12" CO="488.45" HC="2.61" NOx="5.43" PMx="0.45" fuel="5.96" electricity="0.00" noise="81.03" route="routebottom" type="cfm_slow" waiting="0.00" lane="bottom_0" pos="39.79" speed="47.00" angle="22.94" x="125.64" y="43.05"/>
        <vehicle id="cfm_slow_2" eclass="HBEFA3/PC_G_EU4" CO2="13867.12" CO="488.45" HC="2.61" NOx="5.43" PMx="0.45" fuel="5.96" electricity="0.00" noise="81.03" route="routebottom" type="cfm_slow" waiting="0.00" lane="right_0" pos="29.79" speed="47.00" angle="310.85" x="102.39" y="116.23"/>
        <vehicle id="cfm_slow_3" eclass="HBEFA3/PC_G_EU4" CO2="13867.12" CO="488.45" HC="2.61" NOx="5.43" PMx="0.45" fuel="5.96" electricity="0.00" noise="81.03" route="routetop" type="cfm_slow" waiting="0.00" lane="top_0" pos="19.79" speed="47.00" angle="238.83" x="25.62" y="116.73"/>
        <vehicle id="cfm_slow_4" eclass="HBEFA3/PC_G_EU4" CO2="13867.12" CO="488.45" HC="2.61" NOx="5.43" PMx="0.45" fuel="5.96" electricity="0.00" noise="81.03" route="routetop" type="cfm_slow" waiting="0.00" lane="left_0" pos="9.79" speed="47.00" angle="166.82" x="1.43" y="43.87"/>
    </timestep>
    <timestep time="44.40">
        <vehicle id="cfm_slow_0" eclass="HBEFA3/PC_G_EU4" CO2="13867.12" CO="488.45" HC="2.61" NOx="5.43" PMx="0.45" fuel="5.96" electricity="0.00" noise="81.03" route="routebottom" type="cfm_slow" waiting="0.00" lane="bottom_0" pos="4.49" speed="47.00" angle="86.44" x="72.87" y="-0.99"/>
        <vehicle id="cfm_slow_1" eclass="HBEFA3/PC_G_EU4" CO2="13867.12" CO="488.45" HC="2.61" NOx="5.43" PMx="0.45" fuel="5.96" electricity="0.00" noise="81.03" route="routebottom" type="cfm_slow" waiting="0.00" lane="bottom_0" pos="44.49" speed="47.00" angle="14.42" x="127.99" y="52.39"/>
        <vehicle id="cfm_slow_2" eclass="HBEFA3/PC_G_EU4" CO2="13867.12" CO="488.45" HC="2.61" NOx="5.43" PMx="0.45" fuel="5.96" electricity="0.00" noise="81.03" route="routebottom" type="cfm_slow" waiting="0.00" lane="right_0" pos="34.49" speed="47.00" angle="302.44" x="94.24" y="121.37"/>
        <vehicle id="cfm_slow_3" eclass="HBEFA3/PC_G_EU4" CO2="13867.12" CO="488.45" HC="2.61" NOx="5.43" PMx="0.45" fuel="5.96" electricity="0.00" noise="81.03" route="routetop" type="cfm_slow" waiting="0.00" lane="top_0" pos="24.49" speed="47.00" angle="230.43" x="18.23" y="110.57"/>
        <vehicle id="cfm_slow_4" eclass="HBEFA3/PC_G_EU4" CO2="13867.12" CO="488.45" HC="2.61" NOx="5.43" PMx="0.45" fuel="5.96" electricity="0.00" noise="81.03" route="routetop" type="cfm_slow" waiting="0.00" lane="left_0" pos="14.49" speed="47.00" angle="158.44" x="5.01" y="34.93"/>
    </timestep>
    <timestep time="44.50">
        <vehicle id="cfm_slow_0" eclass="HBEFA3/PC_G_EU4" CO2="13867.12" CO="488.45" HC="2.61" NOx="5.43" PMx="0.45" fuel="5.96" electricity="0.00" noise="81.03" route="routebottom" type="cfm_slow" waiting="0.00" lane="bottom_0" pos="9.19" speed="47.00" angle="77.92" x="82.27" y="1.07"/>
        <vehicle id="cfm_slow_1" eclass="HBEFA3/PC_G_EU4" CO2="13867.12" CO="488.45" HC="2.61" NOx="5.43" PMx="0.45" fuel="5.96" electricity="0.00" noise="81.03" route="routebottom" type="cfm_slow" waiting="0.00" lane="bottom_0" pos="49.19" speed="47.00" angle="5.96" x="128.94" y="61.97"/>
        <vehicle id="cfm_slow_2" eclass="HBEFA3/PC_G_EU4" CO2="13867.12" CO="488.45" HC="2.61" NOx="5.43" PMx="0.45" fuel="5.96" electricity="0.00" noise="81.03" route="routebottom" type="cfm_slow" waiting="0.00" lane="right_0" pos="39.19" speed="47.00" angle="293.97" x="85.42" y="125.23"/>
        <vehicle id="cfm_slow_3" eclass="HBEFA3/PC_G_EU4" CO2="13867.12" CO="488.45" HC="2.61" NOx="5.43" PMx="0.45" fuel="5.96" electricity="0.00" noise="81.03" route="routetop" type="cfm_slow" waiting="0.00" lane="top_0" pos="29.19" speed="47.00" angle="221.93" x="11.83" y="103.37"/>
        <vehicle id="cfm_slow_4" eclass="HBEFA3/PC_G_EU4" CO2="13867.12" CO="488.45" HC="2.61" NOx="5.43" PMx="0.45" fuel="5.96" electricity="0.00" noise="81.03" route="routetop" type="cfm_slow" waiting="0.00" lane="left_0" pos="19.19" speed="47.00" angle="149.88" x="9.88" y="26.63"/>
    </timestep>
    <timestep time="44.60">
        <vehicle id="cfm_slow_0" eclass="HBEFA3/PC_G_EU4" CO2="13867.12" CO="488.45" HC="2.61" NOx="5.43" PMx="0.45" fuel="5.96" electricity="0.00" noise="81.03" route="routebottom" type="cfm_slow" waiting="0.00" lane="bottom_0" pos="13.89" speed="47.00" angle="69.50" x="91.28" y="4.48"/>
        <vehicle id="cfm_slow_1" eclass="HBEFA3/PC_G_EU4" CO2="13867.12" CO="488.45" HC="2.61" NOx="5.43" PMx="0.45" fuel="5.96" electricity="0.00" noise="81.03" route="routebottom" type="cfm_slow" waiting="0.00" lane="right_0" pos="3.89" speed="47.00" angle="357.53" x="128.48" y="71.65"/>
        <vehicle id="cfm_slow_2" eclass="HBEFA3/PC_G_EU4" CO2="13867.12" CO="488.45" HC="2.61" NOx="5.43" PMx="0.45" fuel="5.96" electricity="0.00" noise="81.03" route="routebottom" type="cfm_slow" waiting="0.00" lane="right_0" pos="43.89" speed="47.00" angle="285.57" x="76.14" y="127.77"/>
        <vehicle id="cfm_slow_3" eclass="HBEFA3/PC_G_EU4" CO2="13867.12" CO="488.45" HC="2.61" NOx="5.43" PMx="0.45" fuel="5.96" electricity="0.00" noise="81.03" route="routetop" type="cfm_slow" waiting="0.00" lane="top_0" pos="33.89" speed="47.00" angle="213.54" x="6.55" y="95.32"/>
        <vehicle id="cfm_slow_4" eclass="HBEFA3/PC_G_EU4" CO2="13867.12" CO="488.45" HC="2.61" NOx="5.43" PMx="0.45" fuel="5.96" electricity="0.00" noise="81.03" route="routetop" type="cfm_slow" waiting="0.00" lane="left_0" pos="23.89" speed="47.00" angle="141.49" x="15.91" y="19.12"/>
    </timestep>
    <timestep time="44.70">
        <vehicle id="cfm_slow_0" eclass="HBEFA3/PC_G_EU4" CO2="13867.12" CO="488.45" HC="2.61" NOx="5.43" PMx="0.45" fuel="5.96" electricity="0.00" noise="81.03" route="routebottom" type="cfm_slow" waiting="0.00" lane="bottom_0" pos="18.59" speed="47.00" angle="60.97" x="99.67" y="9.19"/>
        <vehicle id="cfm_slow_1" eclass="HBEFA3/PC_G_EU4" CO2="13867.12" CO="488.45" HC="2.61" NOx="5.43" PMx="0.45" fuel="5.96" electricity="0.00" noise="81.03" route="routebottom" type="cfm_slow" waiting="0.00" lane="right_0" pos="8.59" speed="47.00" angle="348.99" x="126.60" y="81.09"/>
        <vehicle id="cfm_slow_2" eclass="HBEFA3/PC_G_EU4" CO2="0.00" CO="0.00" HC="0.00" NOx="0.00" PMx="0.00" fuel="0.00" electricity="0.00" noise="81.03" route="routebottom" type="cfm_slow" waiting="0.00" lane="right_0" pos="48.59" speed="47.00" angle="277.00" x="66.58" y="128.90"/>
        <vehicle id="cfm_slow_3" eclass="HBEFA3/PC_G_EU4" CO2="13867.12" CO="488.45" HC="2.61" NOx="5.43" PMx="0.45" fuel="5.96" electricity="0.00" noise="81.03" route="routetop" type="cfm_slow" waiting="0.00" lane="top_0" pos="38.59" speed="47.00" angle="205.03" x="2.51" y="86.58"/>
        <vehicle id="cfm_slow_4" eclass="HBEFA3/PC_G_EU4" CO2="13867.12" CO="488.45" HC="2.61" NOx="5.43" PMx="0.45" fuel="5.96" electricity="0.00" noise="81.03" route="routetop" type="cfm_slow" waiting="0.00" lane="left_0" pos="28.59" speed="47.00" angle="133.04" x="22.98" y="12.59"/>
    </timestep>
    <timestep time="44.80">
        <vehicle id="cfm_slow_0" eclass="HBEFA3/PC_G_EU4" CO2="13867.12" CO="488.45" HC="2.61" NOx="5.43" PMx="0.45" fuel="5.96" electricity="0.00" noise="81.03" route="routebottom" type="cfm_slow" waiting="0.00" lane="bottom_0" pos="23.29" speed="47.00" angle="52.61" x="107.30" y="15.07"/>
        <vehicle id="cfm_slow_1" eclass="HBEFA3/PC_G_EU4" CO2="0.00" CO="0.00" HC="0.00" NOx="0.00" PMx="0.00" fuel="0.00" electricity="0.00" noise="81.03" route="routebottom" type="cfm_slow" waiting="0.00" lane="right_0" pos="13.29" speed="47.00" angle="340.57" x="123.35" y="90.16"/>
        <vehicle id="cfm_slow_2" eclass="HBEFA3/PC_G_EU4" CO2="13867.12" CO="488.45" HC="2.61" NOx="5.43" PMx="0.45" fuel="5.96" electricity="0.00" noise="81.03" route="routetop" type="cfm_slow" waiting="0.00" lane="top_0" pos="3.29" speed="47.00" angle="268.58" x="56.89" y="128.61"/>
        <vehicle id="cfm_slow_3" eclass="HBEFA3/PC_G_EU4" CO2="13867.12" CO="488.45" HC="2.61" NOx="5.43" PMx="0.45" fuel="5.96" electricity="0.00" noise="81.03" route="routetop" type="cfm_slow" waiting="0.00" lane="top_0" pos="43.29" speed="47.00" angle="196.59" x="-0.19" y="77.34"/>
        <vehicle id="cfm_slow_4" eclass="HBEFA3/PC_G_EU4" CO2="13867.12" CO="488.45" HC="2.61" NOx="5.43" PMx="0.45" fuel="5.96" electricity="0.00" noise="81.03" route="routetop" type="cfm_slow" waiting="0.00" lane="left_0" pos="33.29" speed="47.00" angle="124.59" x="30.93" y="7.15"/>
    </timestep>
    <timestep time="44.90">
        <vehicle id="cfm_slow_0" eclass="HBEFA3/PC_G_EU4" CO2="13867.12" CO="488.45" HC="2.61" NOx="5.43" PMx="0.45" fuel="5.96" electricity="0.00" noise="81.03" route="routebottom" type="cfm_slow" waiting="0.00" lane="bottom_0" pos="27.99" speed="47.00" angle="44.07" x="113.96" y="22.02"/>
        <vehicle id="cfm_slow_1" eclass="HBEFA3/PC_G_EU4" CO2="13867.12" CO="488.45" HC="2.61" NOx="5.43" PMx="0.45" fuel="5.96" electricity="0.00" noise="81.03" route="routebottom" type="cfm_slow" waiting="0.00" lane="right_0" pos="17.99" speed="47.00" angle="332.16" x="118.82" y="98.65"/>
        <vehicle id="cfm_slow_2" eclass="HBEFA3/PC_G_EU4" CO2="13867.12" CO="488.45" HC="2.61" NOx="5.43" PMx="0.45" fuel="5.96" electricity="0.00" noise="81.03" route="routetop" type="cfm_slow" waiting="0.00" lane="top_0" pos="7.99" speed="47.00" angle="260.06" x="47.42" y="126.91"/>
        <vehicle id="cfm_slow_3" eclass="HBEFA3/PC_G_EU4" CO2="13867.12" CO="488.45" HC="2.61" NOx="5.43" PMx="0.45" fuel="5.96" electricity="0.00" noise="81.03" route="routetop" type="cfm_slow" waiting="0.00" lane="top_0" pos="47.99" speed="47.00" angle="188.15" x="-1.51" y="67.80"/>
        <vehicle id="cfm_slow_4" eclass="HBEFA3/PC_G_EU4" CO2="13867.12" CO="488.45" HC="2.61" NOx="5.43" PMx="0.45" fuel="5.96" electricity="0.00" noise="81.03" route="routetop" type="cfm_slow" waiting="0.00" lane="left_0" pos="37.99" speed="47.00" angle="116.09" x="39.59" y="2.96"/>
    </timestep>
    <timestep time="45.00">
        <vehicle id="cfm_slow_0" eclass="HBEFA3/PC_G_EU4" CO2="13867.12" CO="488.45" HC="2.61" NOx="5.43" PMx="0.45" fuel="5.96" electricity="0.00" noise="81.03" route="routebottom" type="cfm_slow" waiting="0.00" lane="bottom_0" pos="32.69" speed="47.00" angle="35.68" x="119.54" y="29.87"/>
        <vehicle id="cfm_slow_1" eclass="HBEFA3/PC_G_EU4" CO2="13867.12" CO="488.45" HC="2.61" NOx="5.43" PMx="0.45" fuel="5.96" electricity="0.00" noise="81.03" route="routebottom" type="cfm_slow" waiting="0.00" lane="right_0" pos="22.69" speed="47.00" angle="323.62" x="113.06" y="106.37"/>
        <vehicle id="cfm_slow_2" eclass="HBEFA3/PC_G_EU4" CO2="0.00" CO="0.00" HC="0.00" NOx="0.00" PMx="0.00" fuel="0.00" electricity="0.00" noise="81.03" route="routetop" type="cfm_slow" waiting="0.00" lane="top_0" pos="12.69" speed="47.00" angle="251.63" x="38.29" y="123.84"/>
        <vehicle id="cfm_slow_3" eclass="HBEFA3/PC_G_EU4" CO2="13867.12" CO="488.45" HC="2.61" NOx="5.43" PMx="0.45" fuel="5.96" electricity="0.00" noise="81.03" route="routetop" type="cfm_slow" waiting="0.00" lane="left_0" pos="2.69" speed="47.00" angle="179.67" x="-1.41" y="58.12"/>
        <vehicle id="cfm_slow_4" eclass="HBEFA3/PC_G_EU4" CO2="13867.12" CO="488.45" HC="2.61" NOx="5.43" PMx="0.45" fuel="5.96" electricity="0.00" noise="81.03" route="routetop" type="cfm_slow" waiting="0.00" lane="left_0" pos="42.69" speed="47.00" angle="107.68" x="48.78" y="0.08"/>
    </timestep>
    <timestep time="45.10">
        <vehicle id="cfm_slow_0" eclass="HBEFA3/PC_G_EU4" CO2="13867.12" CO="488.45" HC="2.61" NOx="5.43" PMx="0.45" fuel="5.96" electricity="0.00" noise="81.03" route="routebottom" type="cfm_slow" waiting="0.00" lane="bottom_0" pos="37.39" speed="47.00" angle="27.18" x="123.90" y="38.45"/>
        <vehicle id="cfm_slow_1" eclass="HBEFA3/PC_G_EU4" CO2="13867.12" CO="488.45" HC="2.61" NOx="5.43" PMx="0.45" fuel="5.96" electricity="0.00" noise="81.03" route="routebottom" type="cfm_slow" waiting="0.00" lane="right_0" pos="27.39" speed="47.00" angle="315.21" x="106.24" y="113.17"/>
        <vehicle id="cfm_slow_2" eclass="HBEFA3/PC_G_EU4" CO2="0.00" CO="0.00" HC="0.00" NOx="0.00" PMx="0.00" fuel="0.00" electricity="0.00" noise="81.03" route="routetop" type="cfm_slow" waiting="0.00" lane="top_0" pos="17.39" speed="47.00" angle="243.21" x="29.72" y="119.45"/>
        <vehicle id="cfm_slow_3" eclass="HBEFA3/PC_G_EU4" CO2="13867.12" CO="488.45" HC="2.61" NOx="5.43" PMx="0.45" fuel="5.96" electricity="0.00" noise="81.03" route="routetop" type="cfm_slow" waiting="0.00" lane="left_0" pos="7.39" speed="47.00" angle="171.14" x="0.12" y="48.61"/>
        <vehicle id="cfm_slow_4" eclass="HBEFA3/PC_G_EU4" CO2="13867.12" CO="488.45" HC="2.61" NOx="5.43" PMx="0.45" fuel="5.96" electricity="0.00" noise="81.03" route="routetop" type="cfm_slow" waiting="0.00" lane="left_0" pos="47.39" speed="47.00" angle="99.24" x="58.29" y="-1.43"/>
    </timestep>
    <timestep time="45.20">
        <vehicle id="cfm_slow_0" eclass="HBEFA3/PC_G_EU4" CO2="13867.12" CO="488.45" HC="2.61" NOx="5.43" PMx="0.45" fuel="5.96" electricity="0.00" noise="81.03" route="routebottom" type="cfm_slow" waiting="0.00" lane="bottom_0" pos="42.09" speed="47.00" angle="18.71" x="126.95" y="47.58"/>
        <vehicle id="cfm_slow_1" eclass="HBEFA3/PC_G_EU4" CO2="0.00" CO="0.00" HC="0.00" NOx="0.00" PMx="0.00" fuel="0.00" electricity="0.00" noise="81.03" route="routebottom" type="cfm_slow" waiting="0.00" lane="right_0" pos="32.09" speed="47.00" angle="306.77" x="98.51" y="118.91"/>
        <vehicle id="cfm_slow_2" eclass="HBEFA3/PC_G_EU4" CO2="13867.12" CO="488.45" HC="2.61" NOx="5.43" PMx="0.45" fuel="5.96" electricity="0.00" noise="81.03" route="routetop" type="cfm_slow" waiting="0.00" lane="top_0" pos="22.09" speed="47.00" angle="234.73" x="21.89" y="113.85"/>
        <vehicle id="cfm_slow_3" eclass="HBEFA3/PC_G_EU4" CO2="13867.12" CO="488.45" HC="2.61" NOx="5.43" PMx="0.45" fuel="5.96" electricity="0.00" noise="81.03" route="routetop" type="cfm_slow" waiting="0.00" lane="left_0" pos="12.09" speed="47.00" angle="162.71" x="3.03" y="39.43"/>
        <vehicle id="cfm_slow_4" eclass="HBEFA3/PC_G_EU4" CO2="13867.12" CO="488.45" HC="2.61" NOx="5.43" PMx="0.45" fuel="5.96" electricity="0.00" noise="81.03" route="routebottom" type="cfm_slow" waiting="0.00" lane="bottom_0" pos="2.09" speed="47.00" angle="90.72" x="67.98" y="-1.50"/>
    </timestep>
    <timestep time="45.30">
        <vehicle id="cfm_slow_0" eclass="HBEFA3/PC_G_EU4" CO2="13867.12" CO="488.45" HC="2.61" NOx="5.43" PMx="0.45" fuel="5.96" electricity="0.00" noise="81.03" route="routebottom" type="cfm_slow" waiting="0.00" lane="bottom_0" pos="46.79" speed="47.00" angle="10.33" x="128.63" y="57.06"/>
        <vehicle id="cfm_slow_1" eclass="HBEFA3/PC_G_EU4" CO2="13867.12" CO="488.45" HC="2.61" NOx="5.43" PMx="0.45" fuel="5.96" electricity="0.00" noise="81.03" route="routebottom" type="cfm_slow" waiting="0.00" lane="right_0" pos="36.79" speed="47.00" angle="298.25" x="90.00" y="123.42"/>
        <vehicle id="cfm_slow_2" eclass="HBEFA3/PC_G_EU4" CO2="13867.12" CO="488.45" HC="2.61" NOx="5.43" PMx="0.45" fuel="5.96" electricity="0.00" noise="81.03" route="routetop" type="cfm_slow" waiting="0.00" lane="top_0" pos="26.79" speed="47.00" angle="226.28" x="14.96" y="107.17"/>
        <vehicle id="cfm_slow_3" eclass="HBEFA3/PC_G_EU4" CO2="13867.12" CO="488.45" HC="2.61" NOx="5.43" PMx="0.45" fuel="5.96" electricity="0.00" noise="81.03" route="routetop" type="cfm_slow" waiting="0.00" lane="left_0" pos="16.79" speed="47.00" angle="154.31" x="7.24" y="30.78"/>
        <vehicle id="cfm_slow_4" eclass="HBEFA3/PC_G_EU4" CO2="13867.12" CO="488.45" HC="2.61" NOx="5.43" PMx="0.45" fuel="5.96" electricity="0.00" noise="81.03" route="routebottom" type="cfm_slow" waiting="0.00" lane="bottom_0" pos="6.79" speed="47.00" angle="82.25" x="77.51" y="-0.15"/>
    </timestep>
    <timestep time="45.40">
        <vehicle id="cfm_slow_0" eclass="HBEFA3/PC_G_EU4" CO2="13867.12" CO="488.45" HC="2.61" NOx="5.43" PMx="0.45" fuel="5.96" electricity="0.00" noise="81.03" route="routebottom" type="cfm_slow" waiting="0.00" lane="right_0" pos="1.49" speed="47.00" angle="1.81" x="128.89" y="66.75"/>
        <vehicle id="cfm_slow_1" eclass="HBEFA3/PC_G_EU4" CO2="13867.12" CO="488.45" HC="2.61" NOx="5.43" PMx="0.45" fuel="5.96" electricity="0.00" noise="81.03" route="routebottom" type="cfm_slow" waiting="0.00" lane="right_0" pos="41.49" speed="47.00" angle="289.83" x="80.93" y="126.64"/>
        <vehicle id="cfm_slow_2" eclass="HBEFA3/PC_G_EU4" CO2="13867.12" CO="488.45" HC="2.61" NOx="5.43" PMx="0.45" fuel="5.96" electricity="0.00" noise="81.03" route="routetop" type="cfm_slow" waiting="0.00" lane="top_0" pos="31.49" speed="47.00" angle="217.78" x="9.10" y="99.53"/>
        <vehicle id="cfm_slow_3" eclass="HBEFA3/PC_G_EU4" CO2="13867.12" CO="488.45" HC="2.61" NOx="5.43" PMx="0.45" fuel="5.96" electricity="0.00" noise="81.03" route="routetop" type="cfm_slow" waiting="0.00" lane="left_0" pos="21.49" speed="47.00" angle="145.78" x="12.69" y="22.84"/>
        <vehicle id="cfm_slow_4" eclass="HBEFA3/PC_G_EU4" CO2="13867.12" CO="488.45" HC="2.61" NOx="5.43" PMx="0.45" fuel="5.96" electricity="0.00" noise="81.03" route="routebottom" type="cfm_slow" waiting="0.00" lane="bottom_0" pos="11.49" speed="47.00" angle="73.79" x="86.74" y="2.57"/>
    </timestep>
    <timestep time="45.50">
        <vehicle id="cfm_slow_0" eclass="HBEFA3/PC_G_EU4" CO2="13867.12" CO="488.45" HC="2.61" NOx="5.43" PMx="0.45" fuel="5.96" electricity="0.00" noise="81.03" route="routebottom" type="cfm_slow" waiting="0.00" lane="right_0" pos="6.19" speed="47.00" angle="353.34" x="127.74" y="76.31"/>
        <vehicle id="cfm_slow_1" eclass="HBEFA3/PC_G_EU4" CO2="0.00" CO="0.00" HC="0.00" NOx="0.00" PMx="0.00" fuel="0.00" electricity="0.00" noise="81.03" route="routebottom" type="cfm_slow" waiting="0.00" lane="right_0" pos="46.19" speed="47.00" angle="281.39" x="71.48" y="128.51"/>
        <vehicle id="cfm_slow_2" eclass="HBEFA3/PC_G_EU4" CO2="13867.12" CO="488.45" HC="2.61" NOx="5.43" PMx="0.45" fuel="5.96" electricity="0.00" noise="81.03" route="routetop" type="cfm_slow" waiting="0.00" lane="top_0" pos="36.19" speed="47.00" angle="209.43" x="4.41" y="91.12"/>
        <vehicle id="cfm_slow_3" eclass="HBEFA3/PC_G_EU4" CO2="13867.12" CO="488.45" HC="2.61" NOx="5.43" PMx="0.45" fuel="5.96" electricity="0.00" noise="81.03" route="routetop" type="cfm_slow" waiting="0.00" lane="left_0" pos="26.19" speed="47.00" angle="137.36" x="19.25" y="15.79"/>
        <vehicle id="cfm_slow_4" eclass="HBEFA3/PC_G_EU4" CO2="13867.12" CO="488.45" HC="2.61" NOx="5.43" PMx="0.45" fuel="5.96" electricity="0.00" noise="81.03" route="routebottom" type="cfm_slow" waiting="0.00" lane="bottom_0" pos="16.19" speed="47.00" angle="65.37" x="95.47" y="6.63"/>
    </timestep>
    <timestep time="45.60">
        <vehicle id="cfm_slow_0" eclass="HBEFA3/PC_G_EU4" CO2="13867.12" CO="488.45" HC="2.61" NOx="5.43" PMx="0.45" fuel="5.96" electricity="0.00" noise="81.03" route="routebottom" type="cfm_slow" waiting="0.00" lane="right_0" pos="10.89" speed="47.00" angle="344.85" x="125.17" y="85.59"/>
        <vehicle id="cfm_slow_1" eclass="HBEFA3/PC_G_EU4" CO2="13867.12" CO="488.45" HC="2.61" NOx="5.43" PMx="0.45" fuel="5.96" electricity="0.00" noise="81.03" route="routetop" type="cfm_slow" waiting="0.00" lane="top_0" pos="0.89" speed="47.00" angle="272.86" x="61.80" y="128.93"/>
        <vehicle id="cfm_slow_2" eclass="HBEFA3/PC_G_EU4" CO2="13867.12" CO="488.45" HC="2.61" NOx="5.43" PMx="0.45" fuel="5.96" electricity="0.00" noise="81.03" route="routetop" type="cfm_slow" waiting="0.00" lane="top_0" pos="40.89" speed="47.00" angle="200.84" x="1.02" y="82.11"/>
        <vehicle id="cfm_slow_3" eclass="HBEFA3/PC_G_EU4" CO2="13867.12" CO="488.45" HC="2.61" NOx="5.43" PMx="0.45" fuel="5.96" electricity="0.00" noise="81.03" route="routetop" type="cfm_slow" waiting="0.00" lane="left_0" pos="30.89" speed="47.00" angle="128.90" x="26.77" y="9.78"/>
        <vehicle id="cfm_slow_4" eclass="HBEFA3/PC_G_EU4" CO2="13867.12" CO="488.45" HC="2.61" NOx="5.43" PMx="0.45" fuel="5.96" electricity="0.00" noise="81.03" route="routebottom" type="cfm_slow" waiting="0.00" lane="bottom_0" pos="20.89" speed="47.00" angle="56.85" x="103.51" y="11.93"/>
    </timestep>
    <timestep time="45.70">
        <vehicle id="cfm_slow_0" eclass="HBEFA3/PC_G_EU4" CO2="13867.12" CO="488.45" HC="2.61" NOx="5.43" PMx="0.45" fuel="5.96" electricity="0.00" noise="81.03" route="routebottom" type="cfm_slow" waiting="0.00" lane="right_0" pos="15.59" speed="47.00" angle="336.42" x="121.28" y="94.40"/>
        <vehicle id="cfm_slow_1" eclass="HBEFA3/PC_G_EU4" CO2="0.00" CO="0.00" HC="0.00" NOx="0.00" PMx="0.00" fuel="0.00" electricity="0.00" noise="81.03" route="routetop" type="cfm_slow" waiting="0.00" lane="top_0" pos="5.59" speed="47.00" angle="264.44" x="52.22" y="127.95"/>
        <vehicle id="cfm_slow_2" eclass="HBEFA3/PC_G_EU4" CO2="13867.12" CO="488.45" HC="2.61" NOx="5.43" PMx="0.45" fuel="5.96" electricity="0.00" noise="81.03" route="routetop" type="cfm_slow" waiting="0.00" lane="top_0" pos="45.59" speed="47.00" angle="192.48" x="-1.01" y="72.70"/>
        <vehicle id="cfm_slow_3" eclass="HBEFA3/PC_G_EU4" CO2="13867.12" CO="488.45" HC="2.61" NOx="5.43" PMx="0.45" fuel="5.96" electricity="0.00" noise="81.03" route="routetop" type="cfm_slow" waiting="0.00" lane="left_0" pos="35.59" speed="47.00" angle="120.50" x="35.09" y="4.94"/>
        <vehicle id="cfm_slow_4" eclass="HBEFA3/PC_G_EU4" CO2="13867.12" CO="488.45" HC="2.61" NOx="5.43" PMx="0.45" fuel="5.96" electricity="0.00" noise="81.03" route="routebottom" type="cfm_slow" waiting="0.00" lane="bottom_0" pos="25.59" speed="47.00" angle="48.45" x="110.69" y="18.35"/>
    </timestep>
    <timestep time="45.80">
        <vehicle id="cfm_slow_0" eclass="HBEFA3/PC_G_EU4" CO2="13867.12" CO="488.45" HC="2.61" NOx="5.43" PMx="0.45" fuel="5.96" electricity="0.00" noise="81.03" route="routebottom" type="cfm_slow" waiting="0.00" lane="right_0" pos="20.29" speed="47.00" angle="327.90" x="116.13" y="102.53"/>
        <vehicle id="cfm_slow_1" eclass="HBEFA3/PC_G_EU4" CO2="13867.12" CO="488.45" HC="2.61" NOx="5.43" PMx="0.45" fuel="5.96" electricity="0.00" noise="81.03" route="routetop" type="cfm_slow" waiting="0.00" lane="top_0" pos="10.29" speed="47.00" angle="256.01" x="42.89" y="125.59"/>
        <vehicle id="cfm_slow_2" eclass="HBEFA3/PC_G_EU4" CO2="13867.12" CO="488.45" HC="2.61" NOx="5.43" PMx="0.45" fuel="5.96" electricity="0.00" noise="81.03" route="routetop" type="cfm_slow" waiting="0.00" lane="left_0" pos="0.29" speed="47.00" angle="183.96" x="-1.64" y="63.03"/>
        <vehicle id="cfm_slow_3" eclass="HBEFA3/PC_G_EU4" CO2="13867.12" CO="488.45" HC="2.61" NOx="5.43" PMx="0.45" fuel="5.96" electricity="0.00" noise="81.03" route="routetop" type="cfm_slow" waiting="0.00" lane="left_0" pos="40.29" speed="47.00" angle="111.96" x="44.04" y="1.38"/>
        <vehicle id="cfm_slow_4" eclass="HBEFA3/PC_G_EU4" CO2="13867.12" CO="488.45" HC="2.61" NOx="5.43" PMx="0.45" fuel="5.96" electricity="0.00" noise="81.03" route="routebottom" type="cfm_slow" waiting="0.00" lane="bottom_0" pos="30.29" speed="47.00" angle="39.96" x="116.83" y="25.76"/>
    </timestep>
    <timestep time="45.90">
        <vehicle id="cfm_slow_0" eclass="HBEFA3/PC_G_EU4" CO2="13867.12" CO="488.45" HC="2.61" NOx="5.43" PMx="0.45" fuel="5.96" electricity="0.00" noise="81.03" route="routebottom" type="cfm_slow" waiting="0.00" lane="right_0" pos="24.99" speed="47.00" angle="319.55" x="109.85" y="109.82"/>
        <vehicle id="cfm_slow_1" eclass="HBEFA3/PC_G_EU4" CO2="13867.12" CO="488.45" HC="2.61" NOx="5.43" PMx="0.45" fuel="5.96" electricity="0.00" noise="81.03" route="routetop" type="cfm_slow" waiting="0.00" lane="top_0" pos="14.99" speed="47.00" angle="247.46" x="34.02" y="121.85"/>
        <vehicle id="cfm_slow_2" eclass="HBEFA3/PC_G_EU4" CO2="13867.12" CO="488.45" HC="2.61" NOx="5.43" PMx="0.45" fuel="5.96" electricity="0.00" noise="81.03" route="routetop" type="cfm_slow" waiting="0.00" lane="left_0" pos="4.99" speed="47.00" angle="175.52" x="-0.85" y="53.44"/>
        <vehicle id="cfm_slow_3" eclass="HBEFA3/PC_G_EU4" CO2="13867.12" CO="488.45" HC="2.61" NOx="5.43" PMx="0.45" fuel="5.96" electricity="0.00" noise="81.03" route="routetop" type="cfm_slow" waiting="0.00" lane="left_0" pos="44.99" speed="47.00" angle="103.58" x="53.40" y="-0.84"/>
        <vehicle id="cfm_slow_4" eclass="HBEFA3/PC_G_EU4" CO2="13867.12" CO="488.45" HC="2.61" NOx="5.43" PMx="0.45" fuel="5.96" electricity="0.00" noise="81.03" route="routebottom" type="cfm_slow" waiting="0.00" lane="bottom_0" pos="34.99" speed="47.00" angle="31.57" x="121.83" y="33.99"/>
    </timestep>
    <timestep time="46.00">
        <vehicle id="cfm_slow_0" eclass="HBEFA3/PC_G_EU4" CO2="13867.12" CO="488.45" HC="2.61" NOx="5.43" PMx="0.45" fuel="5.96" electricity="0.00" noise="81.03" route="routebottom" type="cfm_slow" waiting="0.00" lane="right_0" pos="29.69" speed="47.00" angle="311.03" x="102.56" y="116.11"/>
        <vehicle id="cfm_slow_1" eclass="HBEFA3/PC_G_EU4" CO2="13867.12" CO="488.45" HC="2.61" NOx="5.43" PMx="0.45" fuel="5.96" electricity="0.00" noise="81.03" route="routetop" type="cfm_slow" waiting="0.00" lane="top_0" pos="19.69" speed="47.00" angle="239.02" x="25.79" y="116.85"/>
        <vehicle id="cfm_slow_2" eclass="HBEFA3/PC_G_EU4" CO2="13867.12" CO="488.45" HC="2.61" NOx="5.43" PMx="0.45" fuel="5.96" electricity="0.00" noise="81.03" route="routetop" type="cfm_slow" waiting="0.00" lane="left_0" pos="9.69" speed="47.00" angle="167.00" x="1.37" y="44.07"/>
        <vehicle id="cfm_slow_3" eclass="HBEFA3/PC_G_EU4" CO2="13867.12" CO="488.45" HC="2.61" NOx="5.43" PMx="0.45" fuel="5.96" electricity="0.00" noise="81.03" route="routetop" type="cfm_slow" waiting="0.00" lane="left_0" pos="49.69" speed="47.00" angle="95.05" x="63.00" y="-1.64"/>
        <vehicle id="cfm_slow_4" eclass="HBEFA3/PC_G_EU4" CO2="13867.12" CO="488.45" HC="2.61" NOx="5.43" PMx="0.45" fuel="5.96" electricity="0.00" noise="81.03" route="routebottom" type="cfm_slow" waiting="0.00" lane="bottom_0" pos="39.69" speed="47.00" angle="23.09" x="125.58" y="42.86"/>
    </timestep>
    <timestep time="46.10">
        <vehicle id="cfm_slow_0" eclass="HBEFA3/PC_G_EU4" CO2="13867.12" CO="488.45" HC="2.61" NOx="5.43" PMx="0.45" fuel="5.96" electricity="0.00" noise="81.03" route="routebottom" type="cfm_slow" waiting="0.00" lane="right_0" pos="34.39" speed="47.00" angle="302.63" x="94.42" y="121.27"/>
        <vehicle id="cfm_slow_1" eclass="HBEFA3/PC_G_EU4" CO2="13867.12" CO="488.45" HC="2.61" NOx="5.43" PMx="0.45" fuel="5.96" electricity="0.00" noise="81.03" route="routetop" type="cfm_slow" waiting="0.00" lane="top_0" pos="24.39" speed="47.00" angle="230.60" x="18.37" y="110.71"/>
        <vehicle id="cfm_slow_2" eclass="HBEFA3/PC_G_EU4" CO2="13867.12" CO="488.45" HC="2.61" NOx="5.43" PMx="0.45" fuel="5.96" electricity="0.00" noise="81.03" route="routetop" type="cfm_slow" waiting="0.00" lane="left_0" pos="14.39" speed="47.00" angle="158.63" x="4.92" y="35.12"/>
        <vehicle id="cfm_slow_3" eclass="HBEFA3/PC_G_EU4" CO2="13867.12" CO="488.45" HC="2.61" NOx="5.43" PMx="0.45" fuel="5.96" electricity="0.00" noise="81.03" route="routebottom" type="cfm_slow" waiting="0.00" lane="bottom_0" pos="4.39" speed="47.00" angle="86.62" x="72.67" y="-1.02"/>
        <vehicle id="cfm_slow_4" eclass="HBEFA3/PC_G_EU4" CO2="13867.12" CO="488.45" HC="2.61" NOx="5.43" PMx="0.45" fuel="5.96" electricity="0.00" noise="81.03" route="routebottom" type="cfm_slow" waiting="0.00" lane="bottom_0" pos="44.39" speed="47.00" angle="14.61" x="127.95" y="52.19"/>
    </timestep>
    <timestep time="46.20">
        <vehicle id="cfm_slow_0" eclass="HBEFA3/PC_G_EU4" CO2="13867.12" CO="488.45" HC="2.61" NOx="5.43" PMx="0.45" fuel="5.96" electricity="0.00" noise="81.03" route="routebottom" type="cfm_slow" waiting="0.00" lane="right_0" pos="39.09" speed="47.00" angle="294.14" x="85.62" y="125.16"/>
        <vehicle id="cfm_slow_1" eclass="HBEFA3/PC_G_EU4" CO2="0.00" CO="0.00" HC="0.00" NOx="0.00" PMx="0.00" fuel="0.00" electricity="0.00" noise="81.03" route="routetop" type="cfm_slow" waiting="0.00" lane="top_0" pos="29.09" speed="47.00" angle="222.11" x="11.95" y="103.54"/>
        <vehicle id="cfm_slow_2" eclass="HBEFA3/PC_G_EU4" CO2="13867.12" CO="488.45" HC="2.61" NOx="5.43" PMx="0.45" fuel="5.96" electricity="0.00" noise="81.03" route="routetop" type="cfm_slow" waiting="0.00" lane="left_0" pos="19.09" speed="47.00" angle="150.03" x="9.76" y="26.80"/>
        <vehicle id="cfm_slow_3" eclass="HBEFA3/PC_G_EU4" CO2="13867.12" CO="488.45" HC="2.61" NOx="5.43" PMx="0.45" fuel="5.96" electricity="0.00" noise="81.03" route="routebottom" type="cfm_slow" waiting="0.00" lane="bottom_0" pos="9.09" speed="47.00" angle="78.10" x="82.08" y="1.01"/>
        <vehicle id="cfm_slow_4" eclass="HBEFA3/PC_G_EU4" CO2="13867.12" CO="488.45" HC="2.61" NOx="5.43" PMx="0.45" fuel="5.96" electricity="0.00" noise="81.03" route="routebottom" type="cfm_slow" waiting="0.00" lane="bottom_0" pos="49.09" speed="47.00" angle="6.14" x="128.93" y="61.77"/>
    </timestep>
    <timestep time="46.30">
        <vehicle id="cfm_slow_0" eclass="HBEFA3/PC_G_EU4" CO2="0.00" CO="0.00" HC="0.00" NOx="0.00" PMx="0.00" fuel="0.00" electricity="0.00" noise="81.03" route="routebottom" type="cfm_slow" waiting="0.00" lane="right_0" pos="43.79" speed="47.00" angle="285.76" x="76.34" y="127.73"/>
        <vehicle id="cfm_slow_1" eclass="HBEFA3/PC_G_EU4" CO2="13867.12" CO="488.45" HC="2.61" NOx="5.43" PMx="0.45" fuel="5.96" electricity="0.00" noise="81.03" route="routetop" type="cfm_slow" waiting="0.00" lane="top_0" pos="33.79" speed="47.00" angle="213.72" x="6.65" y="95.50"/>
        <vehicle id="cfm_slow_2" eclass="HBEFA3/PC_G_EU4" CO2="13867.12" CO="488.45" HC="2.61" NOx="5.43" PMx="0.45" fuel="5.96" electricity="0.00" noise="81.03" route="routetop" type="cfm_slow" waiting="0.00" lane="left_0" pos="23.79" speed="47.00" angle="141.67" x="15.77" y="19.27"/>
        <vehicle id="cfm_slow_3" eclass="HBEFA3/PC_G_EU4" CO2="13867.12" CO="488.45" HC="2.61" NOx="5.43" PMx="0.45" fuel="5.96" electricity="0.00" noise="81.03" route="routebottom" type="cfm_slow" waiting="0.00" lane="bottom_0" pos="13.79" speed="47.00" angle="69.68" x="91.09" y="4.39"/>
        <vehicle id="cfm_slow_4" eclass="HBEFA3/PC_G_EU4" CO2="13867.12" CO="488.45" HC="2.61" NOx="5.43" PMx="0.45" fuel="5.96" electricity="0.00" noise="81.03" route="routebottom" type="cfm_slow" waiting="0.00" lane="right_0" pos="3.79" speed="47.00" angle="357.70" x="128.51" y="71.45"/>
    </timestep>
    <timestep time="46.40">
        <vehicle id="cfm_slow_0" eclass="HBEFA3/PC_G_EU4" CO2="13867.12" CO="488.45" HC="2.61" NOx="5.43" PMx="0.45" fuel="5.96" electricity="0.00" noise="81.03" route="routebottom" type="cfm_slow" waiting="0.00" lane="right_0" pos="48.49" speed="47.00" angle="277.20" x="66.78" y="128.89"/>
        <vehicle id="cfm_slow_1" eclass="HBEFA3/PC_G_EU4" CO2="13867.12" CO="488.45" HC="2.61" NOx="5.43" PMx="0.45" fuel="5.96" electricity="0.00" noise="81.03" route="routetop" type="cfm_slow" waiting="0.00" lane="top_0" pos="38.49" speed="47.00" angle="205.21" x="2.58" y="86.77"/>
        <vehicle id="cfm_slow_2" eclass="HBEFA3/PC_G_EU4" CO2="13867.12" CO="488.45" HC="2.61" NOx="5.43" PMx="0.45" fuel="5.96" electricity="0.00" noise="81.03" route="routetop" type="cfm_slow" waiting="0.00" lane="left_0" pos="28.49" speed="47.00" angle="133.23" x="22.82" y="12.71"/>
        <vehicle id="cfm_slow_3" eclass="HBEFA3/PC_G_EU4" CO2="13867.12" CO="488.45" HC="2.61" NOx="5.43" PMx="0.45" fuel="5.96" electricity="0.00" noise="81.03" route="routebottom" type="cfm_slow" waiting="0.00" lane="bottom_0" pos="18.49" speed="47.00" angle="61.16" x="99.50" y="9.08"/>
        <vehicle id="cfm_slow_4" eclass="HBEFA3/PC_G_EU4" CO2="13867.12" CO="488.45" HC="2.61" NOx="5.43" PMx="0.45" fuel="5.96" electricity="0.00" noise="81.03" route="routebottom" type="cfm_slow" waiting="0.00" lane="right_0" pos="8.49" speed="47.00" angle="349.17" x="126.65" y="80.89"/>
    </timestep>
    <timestep time="46.50">
        <vehicle id="cfm_slow_0" eclass="HBEFA3/PC_G_EU4" CO2="13867.12" CO="488.45" HC="2.61" NOx="5.43" PMx="0.45" fuel="5.96" electricity="0.00" noise="81.03" route="routetop" type="cfm_slow" waiting="0.00" lane="top_0" pos="3.19" speed="47.00" angle="268.76" x="57.10" y="128.63"/>
        <vehicle id="cfm_slow_1" eclass="HBEFA3/PC_G_EU4" CO2="13867.12" CO="488.45" HC="2.61" NOx="5.43" PMx="0.45" fuel="5.96" electricity="0.00" noise="81.03" route="routetop" type="cfm_slow" waiting="0.00" lane="top_0" pos="43.19" speed="47.00" angle="196.77" x="-0.15" y="77.54"/>
        <vehicle id="cfm_slow_2" eclass="HBEFA3/PC_G_EU4" CO2="13867.12" CO="488.45" HC="2.61" NOx="5.43" PMx="0.45" fuel="5.96" electricity="0.00" noise="81.03" route="routetop" type="cfm_slow" waiting="0.00" lane="left_0" pos="33.19" speed="47.00" angle="124.74" x="30.75" y="7.26"/>
        <vehicle id="cfm_slow_3" eclass="HBEFA3/PC_G_EU4" CO2="13867.12" CO="488.45" HC="2.61" NOx="5.43" PMx="0.45" fuel="5.96" electricity="0.00" noise="81.03" route="routebottom" type="cfm_slow" waiting="0.00" lane="bottom_0" pos="23.19" speed="47.00" angle="52.79" x="107.15" y="14.93"/>
        <vehicle id="cfm_slow_4" eclass="HBEFA3/PC_G_EU4" CO2="13867.12" CO="488.45" HC="2.61" NOx="5.43" PMx="0.45" fuel="5.96" electricity="0.00" noise="81.03" route="routebottom" type="cfm_slow" waiting="0.00" lane="right_0" pos="13.19" speed="47.00" angle="340.76" x="123.43" y="89.97"/>
    </timestep>
    <timestep time="46.60">
        <vehicle id="cfm_slow_0" eclass="HBEFA3/PC_G_EU4" CO2="0.00" CO="0.00" HC="0.00" NOx="0.00" PMx="0.00" fuel="0.00" electricity="0.00" noise="81.03" route="routetop" type="cfm_slow" waiting="0.00" lane="top_0" pos="7.89" speed="47.00" angle="260.24" x="47.62" y="126.96"/>
        <vehicle id="cfm_slow_1" eclass="HBEFA3/PC_G_EU4" CO2="13867.12" CO="488.45" HC="2.61" NOx="5.43" PMx="0.45" fuel="5.96" electricity="0.00" noise="81.03" route="routetop" type="cfm_slow" waiting="0.00" lane="top_0" pos="47.89" speed="47.00" angle="188.34" x="-1.50" y="68.01"/>
        <vehicle id="cfm_slow_2" eclass="HBEFA3/PC_G_EU4" CO2="13867.12" CO="488.45" HC="2.61" NOx="5.43" PMx="0.45" fuel="5.96" electricity="0.00" noise="81.03" route="routetop" type="cfm_slow" waiting="0.00" lane="left_0" pos="37.89" speed="47.00" angle="116.28" x="39.40" y="3.04"/>
        <vehicle id="cfm_slow_3" eclass="HBEFA3/PC_G_EU4" CO2="13867.12" CO="488.45" HC="2.61" NOx="5.43" PMx="0.45" fuel="5.96" electricity="0.00" noise="81.03" route="routebottom" type="cfm_slow" waiting="0.00" lane="bottom_0" pos="27.89" speed="47.00" angle="44.26" x="113.83" y="21.86"/>
        <vehicle id="cfm_slow_4" eclass="HBEFA3/PC_G_EU4" CO2="13867.12" CO="488.45" HC="2.61" NOx="5.43" PMx="0.45" fuel="5.96" electricity="0.00" noise="81.03" route="routebottom" type="cfm_slow" waiting="0.00" lane="right_0" pos="17.89" speed="47.00" angle="332.32" x="118.92" y="98.48"/>
    </timestep>
    <timestep time="46.70">
        <vehicle id="cfm_slow_0" eclass="HBEFA3/PC_G_EU4" CO2="0.00" CO="0.00" HC="0.00" NOx="0.00" PMx="0.00" fuel="0.00" electricity="0.00" noise="81.03" route="routetop" type="cfm_slow" waiting="0.00" lane="top_0" pos="12.59" speed="47.00" angle="251.81" x="38.48" y="123.91"/>
        <vehicle id="cfm_slow_1" eclass="HBEFA3/PC_G_EU4" CO2="13867.12" CO="488.45" HC="2.61" NOx="5.43" PMx="0.45" fuel="5.96" electricity="0.00" noise="81.03" route="routetop" type="cfm_slow" waiting="0.00" lane="left_0" pos="2.59" speed="47.00" angle="179.85" x="-1.43" y="58.32"/>
        <vehicle id="cfm_slow_2" eclass="HBEFA3/PC_G_EU4" CO2="13867.12" CO="488.45" HC="2.61" NOx="5.43" PMx="0.45" fuel="5.96" electricity="0.00" noise="81.03" route="routetop" type="cfm_slow" waiting="0.00" lane="left_0" pos="42.59" speed="47.00" angle="107.86" x="48.58" y="0.13"/>
        <vehicle id="cfm_slow_3" eclass="HBEFA3/PC_G_EU4" CO2="13867.12" CO="488.45" HC="2.61" NOx="5.43" PMx="0.45" fuel="5.96" electricity="0.00" noise="81.03" route="routebottom" type="cfm_slow" waiting="0.00" lane="bottom_0" pos="32.59" speed="47.00" angle="35.87" x="119.43" y="29.69"/>
        <vehicle id="cfm_slow_4" eclass="HBEFA3/PC_G_EU4" CO2="13867.12" CO="488.45" HC="2.61" NOx="5.43" PMx="0.45" fuel="5.96" electricity="0.00" noise="81.03" route="routebottom" type="cfm_slow" waiting="0.00" lane="right_0" pos="22.59" speed="47.00" angle="323.80" x="113.19" y="106.22"/>
    </timestep>
    <timestep time="46.80">
        <vehicle id="cfm_slow_0" eclass="HBEFA3/PC_G_EU4" CO2="13867.12" CO="488.45" HC="2.61" NOx="5.43" PMx="0.45" fuel="5.96" electricity="0.00" noise="81.03" route="routetop" type="cfm_slow" waiting="0.00" lane="top_0" pos="17.29" speed="47.00" angle="243.40" x="29.90" y="119.56"/>
        <vehicle id="cfm_slow_1" eclass="HBEFA3/PC_G_EU4" CO2="13867.12" CO="488.45" HC="2.61" NOx="5.43" PMx="0.45" fuel="5.96" electricity="0.00" noise="81.03" route="routetop" type="cfm_slow" waiting="0.00" lane="left_0" pos="7.29" speed="47.00" angle="171.32" x="0.07" y="48.81"/>
        <vehicle id="cfm_slow_2" eclass="HBEFA3/PC_G_EU4" CO2="13867.12" CO="488.45" HC="2.61" NOx="5.43" PMx="0.45" fuel="5.96" electricity="0.00" noise="81.03" route="routetop" type="cfm_slow" waiting="0.00" lane="left_0" pos="47.29" speed="47.00" angle="99.39" x="58.08" y="-1.41"/>
        <vehicle id="cfm_slow_3" eclass="HBEFA3/PC_G_EU4" CO2="13867.12" CO="488.45" HC="2.61" NOx="5.43" PMx="0.45" fuel="5.96" electricity="0.00" noise="81.03" route="routebottom" type="cfm_slow" waiting="0.00" lane="bottom_0" pos="37.29" speed="47.00" angle="27.37" x="123.83" y="38.26"/>
        <vehicle id="cfm_slow_4" eclass="HBEFA3/PC_G_EU4" CO2="13867.12" CO="488.45" HC="2.61" NOx="5.43" PMx="0.45" fuel="5.96" electricity="0.00" noise="81.03" route="routebottom" type="cfm_slow" waiting="0.00" lane="right_0" pos="27.29" speed="47.00" angle="315.41" x="106.40" y="113.04"/>
    </timestep>
    <timestep time="46.90">
        <vehicle id="cfm_slow_0" eclass="HBEFA3/PC_G_EU4" CO2="13867.12" CO="488.45" HC="2.61" NOx="5.43" PMx="0.45" fuel="5.96" electricity="0.00" noise="81.03" route="routetop" type="cfm_slow" waiting="0.00" lane="top_0" pos="21.99" speed="47.00" angle="234.91" x="22.05" y="113.98"/>
        <vehicle id="cfm_slow_1" eclass="HBEFA3/PC_G_EU4" CO2="13867.12" CO="488.45" HC="2.61" NOx="5.43" PMx="0.45" fuel="5.96" electricity="0.00" noise="81.03" route="routetop" type="cfm_slow" waiting="0.00" lane="left_0" pos="11.99" speed="47.00" angle="162.88" x="2.95" y="39.63"/>
        <vehicle id="cfm_slow_2" eclass="HBEFA3/PC_G_EU4" CO2="13867.12" CO="488.45" HC="2.61" NOx="5.43" PMx="0.45" fuel="5.96" electricity="0.00" noise="81.03" route="routebottom" type="cfm_slow" waiting="0.00" lane="bottom_0" pos="1.99" speed="47.00" angle="90.90" x="67.77" y="-1.51"/>
        <vehicle id="cfm_slow_3" eclass="HBEFA3/PC_G_EU4" CO2="13867.12" CO="488.45" HC="2.61" NOx="5.43" PMx="0.45" fuel="5.96" electricity="0.00" noise="81.03" route="routebottom" type="cfm_slow" waiting="0.00" lane="bottom_0" pos="41.99" speed="47.00" angle="18.90" x="126.90" y="47.39"/>
        <vehicle id="cfm_slow_4" eclass="HBEFA3/PC_G_EU4" CO2="13867.12" CO="488.45" HC="2.61" NOx="5.43" PMx="0.45" fuel="5.96" electricity="0.00" noise="81.03" route="routebottom" type="cfm_slow" waiting="0.00" lane="right_0" pos="31.99" speed="47.00" angle="306.92" x="98.68" y="118.80"/>
    </timestep>
    <timestep time="47.00">
        <vehicle id="cfm_slow_0" eclass="HBEFA3/PC_G_EU4" CO2="13867.12" CO="488.45" HC="2.61" NOx="5.43" PMx="0.45" fuel="5.96" electricity="0.00" noise="81.03" route="routetop" type="cfm_slow" waiting="0.00" lane="top_0" pos="26.69" speed="47.00" angle="226.47" x="15.10" y="107.32"/>
        <vehicle id="cfm_slow_1" eclass="HBEFA3/PC_G_EU4" CO2="13867.12" CO="488.45" HC="2.61" NOx="5.43" PMx="0.45" fuel="5.96" electricity="0.00" noise="81.03" route="routetop" type="cfm_slow" waiting="0.00" lane="left_0" pos="16.69" speed="47.00" angle="154.50" x="7.13" y="30.95"/>
        <vehicle id="cfm_slow_2" eclass="HBEFA3/PC_G_EU4" CO2="13867.12" CO="488.45" HC="2.61" NOx="5.43" PMx="0.45" fuel="5.96" electricity="0.00" noise="81.03" route="routebottom" type="cfm_slow" waiting="0.00" lane="bottom_0" pos="6.69" speed="47.00" angle="82.43" x="77.31" y="-0.20"/>
        <vehicle id="cfm_slow_3" eclass="HBEFA3/PC_G_EU4" CO2="13867.12" CO="488.45" HC="2.61" NOx="5.43" PMx="0.45" fuel="5.96" electricity="0.00" noise="81.03" route="routebottom" type="cfm_slow" waiting="0.00" lane="bottom_0" pos="46.69" speed="47.00" angle="10.51" x="128.61" y="56.86"/>
        <vehicle id="cfm_slow_4" eclass="HBEFA3/PC_G_EU4" CO2="0.00" CO="0.00" HC="0.00" NOx="0.00" PMx="0.00" fuel="0.00" electricity="0.00" noise="81.03" route="routebottom" type="cfm_slow" waiting="0.00" lane="right_0" pos="36.69" speed="47.00" angle="298.44" x="90.19" y="123.33"/>
    </timestep>
    <timestep time="47.10">
        <vehicle id="cfm_slow_0" eclass="HBEFA3/PC_G_EU4" CO2="13867.12" CO="488.45" HC="2.61" NOx="5.43" PMx="0.45" fuel="5.96" electricity="0.00" noise="81.03" route="routetop" type="cfm_slow" waiting="0.00" lane="top_0" pos="31.39" speed="47.00" angle="217.96" x="9.21" y="99.70"/>
        <vehicle id="cfm_slow_1" eclass="HBEFA3/PC_G_EU4" CO2="13867.12" CO="488.45" HC="2.61" NOx="5.43" PMx="0.45" fuel="5.96" electricity="0.00" noise="81.03" route="routetop" type="cfm_slow" waiting="0.00" lane="left_0" pos="21.39" speed="47.00" angle="145.96" x="12.57" y="23.00"/>
        <vehicle id="cfm_slow_2" eclass="HBEFA3/PC_G_EU4" CO2="13867.12" CO="488.45" HC="2.61" NOx="5.43" PMx="0.45" fuel="5.96" electricity="0.00" noise="81.03" route="routebottom" type="cfm_slow" waiting="0.00" lane="bottom_0" pos="11.39" speed="47.00" angle="73.93" x="86.55" y="2.50"/>
        <vehicle id="cfm_slow_3" eclass="HBEFA3/PC_G_EU4" CO2="13867.12" CO="488.45" HC="2.61" NOx="5.43" PMx="0.45" fuel="5.96" electricity="0.00" noise="81.03" route="routebottom" type="cfm_slow" waiting="0.00" lane="right_0" pos="1.39" speed="47.00" angle="1.99" x="128.91" y="66.54"/>
        <vehicle id="cfm_slow_4" eclass="HBEFA3/PC_G_EU4" CO2="13867.12" CO="488.45" HC="2.61" NOx="5.43" PMx="0.45" fuel="5.96" electricity="0.00" noise="81.03" route="routebottom" type="cfm_slow" waiting="0.00" lane="right_0" pos="41.39" speed="47.00" angle="290.02" x="81.13" y="126.59"/>
    </timestep>
    <timestep time="47.20">
        <vehicle id="cfm_slow_0" eclass="HBEFA3/PC_G_EU4" CO2="13867.12" CO="488.45" HC="2.61" NOx="5.43" PMx="0.45" fuel="5.96" electricity="0.00" noise="81.03" route="routetop" type="cfm_slow" waiting="0.00" lane="top_0" pos="36.09" speed="47.00" angle="209.62" x="4.49" y="91.31"/>
        <vehicle id="cfm_slow_1" eclass="HBEFA3/PC_G_EU4" CO2="13867.12" CO="488.45" HC="2.61" NOx="5.43" PMx="0.45" fuel="5.96" electricity="0.00" noise="81.03" route="routetop" type="cfm_slow" waiting="0.00" lane="left_0" pos="26.09" speed="47.00" angle="137.54" x="19.10" y="15.93"/>
        <vehicle id="cfm_slow_2" eclass="HBEFA3/PC_G_EU4" CO2="13867.12" CO="488.45" HC="2.61" NOx="5.43" PMx="0.45" fuel="5.96" electricity="0.00" noise="81.03" route="routebottom" type="cfm_slow" waiting="0.00" lane="bottom_0" pos="16.09" speed="47.00" angle="65.55" x="95.29" y="6.53"/>
        <vehicle id="cfm_slow_3" eclass="HBEFA3/PC_G_EU4" CO2="13867.12" CO="488.45" HC="2.61" NOx="5.43" PMx="0.45" fuel="5.96" electricity="0.00" noise="81.03" route="routebottom" type="cfm_slow" waiting="0.00" lane="right_0" pos="6.09" speed="47.00" angle="353.53" x="127.77" y="76.10"/>
        <vehicle id="cfm_slow_4" eclass="HBEFA3/PC_G_EU4" CO2="13867.12" CO="488.45" HC="2.61" NOx="5.43" PMx="0.45" fuel="5.96" electricity="0.00" noise="81.03" route="routebottom" type="cfm_slow" waiting="0.00" lane="right_0" pos="46.09" speed="47.00" angle="281.54" x="71.68" y="128.48"/>
    </timestep>
    <timestep time="47.30">
        <vehicle id="cfm_slow_0" eclass="HBEFA3/PC_G_EU4" CO2="13867.12" CO="488.45" HC="2.61" NOx="5.43" PMx="0.45" fuel="5.96" electricity="0.00" noise="81.03" route="routetop" type="cfm_slow" waiting="0.00" lane="top_0" pos="40.79" speed="47.00" angle="201.03" x="1.08" y="82.31"/>
        <vehicle id="cfm_slow_1" eclass="HBEFA3/PC_G_EU4" CO2="13867.12" CO="488.45" HC="2.61" NOx="5.43" PMx="0.45" fuel="5.96" electricity="0.00" noise="81.03" route="routetop" type="cfm_slow" waiting="0.00" lane="left_0" pos="30.79" speed="47.00" angle="129.08" x="26.60" y="9.90"/>
        <vehicle id="cfm_slow_2" eclass="HBEFA3/PC_G_EU4" CO2="13867.12" CO="488.45" HC="2.61" NOx="5.43" PMx="0.45" fuel="5.96" electricity="0.00" noise="81.03" route="routebottom" type="cfm_slow" waiting="0.00" lane="bottom_0" pos="20.79" speed="47.00" angle="57.04" x="103.35" y="11.81"/>
        <vehicle id="cfm_slow_3" eclass="HBEFA3/PC_G_EU4" CO2="13867.12" CO="488.45" HC="2.61" NOx="5.43" PMx="0.45" fuel="5.96" electricity="0.00" noise="81.03" route="routebottom" type="cfm_slow" waiting="0.00" lane="right_0" pos="10.79" speed="47.00" angle="345.05" x="125.24" y="85.39"/>
        <vehicle id="cfm_slow_4" eclass="HBEFA3/PC_G_EU4" CO2="13867.12" CO="488.45" HC="2.61" NOx="5.43" PMx="0.45" fuel="5.96" electricity="0.00" noise="81.03" route="routetop" type="cfm_slow" waiting="0.00" lane="top_0" pos="0.79" speed="47.00" angle="273.04" x="62.01" y="128.94"/>
    </timestep>
    <timestep time="47.40">
        <vehicle id="cfm_slow_0" eclass="HBEFA3/PC_G_EU4" CO2="13867.12" CO="488.45" HC="2.61" NOx="5.43" PMx="0.45" fuel="5.96" electricity="0.00" noise="81.03" route="routetop" type="cfm_slow" waiting="0.00" lane="top_0" pos="45.49" speed="47.00" angle="192.66" x="-0.99" y="72.90"/>
        <vehicle id="cfm_slow_1" eclass="HBEFA3/PC_G_EU4" CO2="13867.12" CO="488.45" HC="2.61" NOx="5.43" PMx="0.45" fuel="5.96" electricity="0.00" noise="81.03" route="routetop" type="cfm_slow" waiting="0.00" lane="left_0" pos="35.49" speed="47.00" angle="120.68" x="34.90" y="5.03"/>
        <vehicle id="cfm_slow_2" eclass="HBEFA3/PC_G_EU4" CO2="13867.12" CO="488.45" HC="2.61" NOx="5.43" PMx="0.45" fuel="5.96" electricity="0.00" noise="81.03" route="routebottom" type="cfm_slow" waiting="0.00" lane="bottom_0" pos="25.49" speed="47.00" angle="48.60" x="110.54" y="18.20"/>
        <vehicle id="cfm_slow_3" eclass="HBEFA3/PC_G_EU4" CO2="13867.12" CO="488.45" HC="2.61" NOx="5.43" PMx="0.45" fuel="5.96" electricity="0.00" noise="81.03" route="routebottom" type="cfm_slow" waiting="0.00" lane="right_0" pos="15.49" speed="47.00" angle="336.60" x="121.38" y="94.22"/>
        <vehicle id="cfm_slow_4" eclass="HBEFA3/PC_G_EU4" CO2="13867.12" CO="488.45" HC="2.61" NOx="5.43" PMx="0.45" fuel="5.96" electricity="0.00" noise="81.03" route="routetop" type="cfm_slow" waiting="0.00" lane="top_0" pos="5.49" speed="47.00" angle="264.63" x="52.43" y="127.99"/>
    </timestep>
    <timestep time="47.50">
        <vehicle id="cfm_slow_0" eclass="HBEFA3/PC_G_EU4" CO2="13867.12" CO="488.45" HC="2.61" NOx="5.43" PMx="0.45" fuel="5.96" electricity="0.00" noise="81.03" route="routetop" type="cfm_slow" waiting="0.00" lane="left_0" pos="0.19" speed="47.00" angle="184.14" x="-1.64" y="63.24"/>
        <vehicle id="cfm_slow_1" eclass="HBEFA3/PC_G_EU4" CO2="13867.12" CO="488.45" HC="2.61" NOx="5.43" PMx="0.45" fuel="5.96" electricity="0.00" noise="81.03" route="routetop" type="cfm_slow" waiting="0.00" lane="left_0" pos="40.19" speed="47.00" angle="112.14" x="43.84" y="1.44"/>
        <vehicle id="cfm_slow_2" eclass="HBEFA3/PC_G_EU4" CO2="13867.12" CO="488.45" HC="2.61" NOx="5.43" PMx="0.45" fuel="5.96" electricity="0.00" noise="81.03" route="routebottom" type="cfm_slow" waiting="0.00" lane="bottom_0" pos="30.19" speed="47.00" angle="40.14" x="116.71" y="25.60"/>
        <vehicle id="cfm_slow_3" eclass="HBEFA3/PC_G_EU4" CO2="13867.12" CO="488.45" HC="2.61" NOx="5.43" PMx="0.45" fuel="5.96" electricity="0.00" noise="81.03" route="routebottom" type="cfm_slow" waiting="0.00" lane="right_0" pos="20.19" speed="47.00" angle="328.09" x="116.25" y="102.36"/>
        <vehicle id="cfm_slow_4" eclass="HBEFA3/PC_G_EU4" CO2="13867.12" CO="488.45" HC="2.61" NOx="5.43" PMx="0.45" fuel="5.96" electricity="0.00" noise="81.03" route="routetop" type="cfm_slow" waiting="0.00" lane="top_0" pos="10.19" speed="47.00" angle="256.17" x="43.09" y="125.65"/>
    </timestep>
    <timestep time="47.60">
        <vehicle id="cfm_slow_0" eclass="HBEFA3/PC_G_EU4" CO2="13867.12" CO="488.45" HC="2.61" NOx="5.43" PMx="0.45" fuel="5.96" electricity="0.00" noise="81.03" route="routetop" type="cfm_slow" waiting="0.00" lane="left_0" pos="4.89" speed="47.00" angle="175.70" x="-0.87" y="53.64"/>
        <vehicle id="cfm_slow_1" eclass="HBEFA3/PC_G_EU4" CO2="13867.12" CO="488.45" HC="2.61" NOx="5.43" PMx="0.45" fuel="5.96" electricity="0.00" noise="81.03" route="routetop" type="cfm_slow" waiting="0.00" lane="left_0" pos="44.89" speed="47.00" angle="103.76" x="53.20" y="-0.81"/>
        <vehicle id="cfm_slow_2" eclass="HBEFA3/PC_G_EU4" CO2="13867.12" CO="488.45" HC="2.61" NOx="5.43" PMx="0.45" fuel="5.96" electricity="0.00" noise="81.03" route="routebottom" type="cfm_slow" waiting="0.00" lane="bottom_0" pos="34.89" speed="47.00" angle="31.76" x="121.74" y="33.80"/>
        <vehicle id="cfm_slow_3" eclass="HBEFA3/PC_G_EU4" CO2="13867.12" CO="488.45" HC="2.61" NOx="5.43" PMx="0.45" fuel="5.96" electricity="0.00" noise="81.03" route="routebottom" type="cfm_slow" waiting="0.00" lane="right_0" pos="24.89" speed="47.00" angle="319.73" x="109.99" y="109.68"/>
        <vehicle id="cfm_slow_4" eclass="HBEFA3/PC_G_EU4" CO2="0.00" CO="0.00" HC="0.00" NOx="0.00" PMx="0.00" fuel="0.00" electricity="0.00" noise="81.03" route="routetop" type="cfm_slow" waiting="0.00" lane="top_0" pos="14.89" speed="47.00" angle="247.65" x="34.20" y="121.94"/>
    </timestep>
    <timestep time="47.70">
        <vehicle id="cfm_slow_0" eclass="HBEFA3/PC_G_EU4" CO2="13867.12" CO="488.45" HC="2.61" NOx="5.43" PMx="0.45" fuel="5.96" electricity="0.00" noise="81.03" route="routetop" type="cfm_slow" waiting="0.00" lane="left_0" pos="9.59" speed="47.00" angle="167.18" x="1.31" y="44.26"/>
        <vehicle id="cfm_slow_1" eclass="HBEFA3/PC_G_EU4" CO2="13867.12" CO="488.45" HC="2.61" NOx="5.43" PMx="0.45" fuel="5.96" electricity="0.00" noise="81.03" route="routetop" type="cfm_slow" waiting="0.00" lane="left_0" pos="49.59" speed="47.00" angle="95.23" x="62.79" y="-1.63"/>
        <vehicle id="cfm_slow_2" eclass="HBEFA3/PC_G_EU4" CO2="13867.12" CO="488.45" HC="2.61" NOx="5.43" PMx="0.45" fuel="5.96" electricity="0.00" noise="81.03" route="routebottom" type="cfm_slow" waiting="0.00" lane="bottom_0" pos="39.59" speed="47.00" angle="23.24" x="125.51" y="42.67"/>
        <vehicle id="cfm_slow_3" eclass="HBEFA3/PC_G_EU4" CO2="13867.12" CO="488.45" HC="2.61" NOx="5.43" PMx="0.45" fuel="5.96" electricity="0.00" noise="81.03" route="routebottom" type="cfm_slow" waiting="0.00" lane="right_0" pos="29.59" speed="47.00" angle="311.21" x="102.72" y="115.99"/>
        <vehicle id="cfm_slow_4" eclass="HBEFA3/PC_G_EU4" CO2="0.00" CO="0.00" HC="0.00" NOx="0.00" PMx="0.00" fuel="0.00" electricity="0.00" noise="81.03" route="routetop" type="cfm_slow" waiting="0.00" lane="top_0" pos="19.59" speed="47.00" angle="239.20" x="25.95" y="116.97"/>
    </timestep>
    <timestep time="47.80">
        <vehicle id="cfm_slow_0" eclass="HBEFA3/PC_G_EU4" CO2="13867.12" CO="488.45" HC="2.61" NOx="5.43" PMx="0.45" fuel="5.96" electricity="0.00" noise="81.03" route="routetop" type="cfm_slow" waiting="0.00" lane="left_0" pos="14.29" speed="47.00" angle="158.82" x="4.83" y="35.30"/>
        <vehicle id="cfm_slow_1" eclass="HBEFA3/PC_G_EU4" CO2="13867.12" CO="488.45" HC="2.61" NOx="5.43" PMx="0.45" fuel="5.96" electricity="0.00" noise="81.03" route="routebottom" type="cfm_slow" waiting="0.00" lane="bottom_0" pos="4.29" speed="47.00" angle="86.80" x="72.46" y="-1.05"/>
        <vehicle id="cfm_slow_2" eclass="HBEFA3/PC_G_EU4" CO2="13867.12" CO="488.45" HC="2.61" NOx="5.43" PMx="0.45" fuel="5.96" electricity="0.00" noise="81.03" route="routebottom" type="cfm_slow" waiting="0.00" lane="bottom_0" pos="44.29" speed="47.00" angle="14.80" x="127.91" y="51.99"/>
        <vehicle id="cfm_slow_3" eclass="HBEFA3/PC_G_EU4" CO2="13867.12" CO="488.45" HC="2.61" NOx="5.43" PMx="0.45" fuel="5.96" electricity="0.00" noise="81.03" route="routebottom" type="cfm_slow" waiting="0.00" lane="right_0" pos="34.29" speed="47.00" angle="302.81" x="94.60" y="121.17"/>
        <vehicle id="cfm_slow_4" eclass="HBEFA3/PC_G_EU4" CO2="13867.12" CO="488.45" HC="2.61" NOx="5.43" PMx="0.45" fuel="5.96" electricity="0.00" noise="81.03" route="routetop" type="cfm_slow" waiting="0.00" lane="top_0" pos="24.29" speed="47.00" angle="230.76" x="18.52" y="110.85"/>
    </timestep>
    <timestep time="47.90">
        <vehicle id="cfm_slow_0" eclass="HBEFA3/PC_G_EU4" CO2="13867.12" CO="488.45" HC="2.61" NOx="5.43" PMx="0.45" fuel="5.96" electricity="0.00" noise="81.03" route="routetop" type="cfm_slow" waiting="0.00" lane="left_0" pos="18.99" speed="47.00" angle="150.22" x="9.65" y="26.97"/>
        <vehicle id="cfm_slow_1" eclass="HBEFA3/PC_G_EU4" CO2="13867.12" CO="488.45" HC="2.61" NOx="5.43" PMx="0.45" fuel="5.96" electricity="0.00" noise="81.03" route="routebottom" type="cfm_slow" waiting="0.00" lane="bottom_0" pos="8.99" speed="47.00" angle="78.28" x="81.88" y="0.95"/>
        <vehicle id="cfm_slow_2" eclass="HBEFA3/PC_G_EU4" CO2="13867.12" CO="488.45" HC="2.61" NOx="5.43" PMx="0.45" fuel="5.96" electricity="0.00" noise="81.03" route="routebottom" type="cfm_slow" waiting="0.00" lane="bottom_0" pos="48.99" speed="47.00" angle="6.32" x="128.93" y="61.56"/>
        <vehicle id="cfm_slow_3" eclass="HBEFA3/PC_G_EU4" CO2="13867.12" CO="488.45" HC="2.61" NOx="5.43" PMx="0.45" fuel="5.96" electricity="0.00" noise="81.03" route="routebottom" type="cfm_slow" waiting="0.00" lane="right_0" pos="38.99" speed="47.00" angle="294.32" x="85.81" y="125.09"/>
        <vehicle id="cfm_slow_4" eclass="HBEFA3/PC_G_EU4" CO2="13867.12" CO="488.45" HC="2.61" NOx="5.43" PMx="0.45" fuel="5.96" electricity="0.00" noise="81.03" route="routetop" type="cfm_slow" waiting="0.00" lane="top_0" pos="28.99" speed="47.00" angle="222.29" x="12.08" y="103.70"/>
    </timestep>
    <timestep time="48.00">
        <vehicle id="cfm_slow_0" eclass="HBEFA3/PC_G_EU4" CO2="13867.12" CO="488.45" HC="2.61" NOx="5.43" PMx="0.45" fuel="5.96" electricity="0.00" noise="81.03" route="routetop" type="cfm_slow" waiting="0.00" lane="left_0" pos="23.69" speed="47.00" angle="141.85" x="15.63" y="19.42"/>
        <vehicle id="cfm_slow_1" eclass="HBEFA3/PC_G_EU4" CO2="13867.12" CO="488.45" HC="2.61" NOx="5.43" PMx="0.45" fuel="5.96" electricity="0.00" noise="81.03" route="routebottom" type="cfm_slow" waiting="0.00" lane="bottom_0" pos="13.69" speed="47.00" angle="69.86" x="90.90" y="4.31"/>
        <vehicle id="cfm_slow_2" eclass="HBEFA3/PC_G_EU4" CO2="13867.12" CO="488.45" HC="2.61" NOx="5.43" PMx="0.45" fuel="5.96" electricity="0.00" noise="81.03" route="routebottom" type="cfm_slow" waiting="0.00" lane="right_0" pos="3.69" speed="47.00" angle="357.86" x="128.53" y="71.24"/>
        <vehicle id="cfm_slow_3" eclass="HBEFA3/PC_G_EU4" CO2="13867.12" CO="488.45" HC="2.61" NOx="5.43" PMx="0.45" fuel="5.96" electricity="0.00" noise="81.03" route="routebottom" type="cfm_slow" waiting="0.00" lane="right_0" pos="43.69" speed="47.00" angle="285.96" x="76.54" y="127.69"/>
        <vehicle id="cfm_slow_4" eclass="HBEFA3/PC_G_EU4" CO2="13867.12" CO="488.45" HC="2.61" NOx="5.43" PMx="0.45" fuel="5.96" electricity="0.00" noise="81.03" route="routetop" type="cfm_slow" waiting="0.00" lane="top_0" pos="33.69" speed="47.00" angle="213.91" x="6.75" y="95.68"/>
    </timestep>
    <timestep time="48.10">
        <vehicle id="cfm_slow_0" eclass="HBEFA3/PC_G_EU4" CO2="13867.12" CO="488.45" HC="2.61" NOx="5.43" PMx="0.45" fuel="5.96" electricity="0.00" noise="81.03" route="routetop" type="cfm_slow" waiting="0.00" lane="left_0" pos="28.39" speed="47.00" angle="133.41" x="22.66" y="12.84"/>
        <vehicle id="cfm_slow_1" eclass="HBEFA3/PC_G_EU4" CO2="13867.12" CO="488.45" HC="2.61" NOx="5.43" PMx="0.45" fuel="5.96" electricity="0.00" noise="81.03" route="routebottom" type="cfm_slow" waiting="0.00" lane="bottom_0" pos="18.39" speed="47.00" angle="61.35" x="99.33" y="8.97"/>
        <vehicle id="cfm_slow_2" eclass="HBEFA3/PC_G_EU4" CO2="13867.12" CO="488.45" HC="2.61" NOx="5.43" PMx="0.45" fuel="5.96" electricity="0.00" noise="81.03" route="routebottom" type="cfm_slow" waiting="0.00" lane="right_0" pos="8.39" speed="47.00" angle="349.35" x="126.70" y="80.70"/>
        <vehicle id="cfm_slow_3" eclass="HBEFA3/PC_G_EU4" CO2="13867.12" CO="488.45" HC="2.61" NOx="5.43" PMx="0.45" fuel="5.96" electricity="0.00" noise="81.03" route="routebottom" type="cfm_slow" waiting="0.00" lane="right_0" pos="48.39" speed="47.00" angle="277.39" x="66.99" y="128.88"/>
        <vehicle id="cfm_slow_4" eclass="HBEFA3/PC_G_EU4" CO2="13867.12" CO="488.45" HC="2.61" NOx="5.43" PMx="0.45" fuel="5.96" electricity="0.00" noise="81.03" route="routetop" type="cfm_slow" waiting="0.00" lane="top_0" pos="38.39" speed="47.00" angle="205.36" x="2.66" y="86.97"/>
    </timestep>
    <timestep time="48.20">
        <vehicle id="cfm_slow_0" eclass="HBEFA3/PC_G_EU4" CO2="13867.12" CO="488.45" HC="2.61" NOx="5.43" PMx="0.45" fuel="5.96" electricity="0.00" noise="81.03" route="routetop" type="cfm_slow" waiting="0.00" lane="left_0" pos="33.09" speed="47.00" angle="124.93" x="30.57" y="7.36"/>
        <vehicle id="cfm_slow_1" eclass="HBEFA3/PC_G_EU4" CO2="13867.12" CO="488.45" HC="2.61" NOx="5.43" PMx="0.45" fuel="5.96" electricity="0.00" noise="81.03" route="routebottom" type="cfm_slow" waiting="0.00" lane="bottom_0" pos="23.09" speed="47.00" angle="52.97" x="107.00" y="14.79"/>
        <vehicle id="cfm_slow_2" eclass="HBEFA3/PC_G_EU4" CO2="13867.12" CO="488.45" HC="2.61" NOx="5.43" PMx="0.45" fuel="5.96" electricity="0.00" noise="81.03" route="routebottom" type="cfm_slow" waiting="0.00" lane="right_0" pos="13.09" speed="47.00" angle="340.95" x="123.52" y="89.78"/>
        <vehicle id="cfm_slow_3" eclass="HBEFA3/PC_G_EU4" CO2="13867.12" CO="488.45" HC="2.61" NOx="5.43" PMx="0.45" fuel="5.96" electricity="0.00" noise="81.03" route="routetop" type="cfm_slow" waiting="0.00" lane="top_0" pos="3.09" speed="47.00" angle="268.95" x="57.30" y="128.66"/>
        <vehicle id="cfm_slow_4" eclass="HBEFA3/PC_G_EU4" CO2="13867.12" CO="488.45" HC="2.61" NOx="5.43" PMx="0.45" fuel="5.96" electricity="0.00" noise="81.03" route="routetop" type="cfm_slow" waiting="0.00" lane="top_0" pos="43.09" speed="47.00" angle="196.95" x="-0.10" y="77.74"/>
    </timestep>
    <timestep time="48.30">
        <vehicle id="cfm_slow_0" eclass="HBEFA3/PC_G_EU4" CO2="13867.12" CO="488.45" HC="2.61" NOx="5.43" PMx="0.45" fuel="5.96" electricity="0.00" noise="81.03" route="routetop" type="cfm_slow" waiting="0.00" lane="left_0" pos="37.79" speed="47.00" angle="116.47" x="39.21" y="3.12"/>
        <vehicle id="cfm_slow_1" eclass="HBEFA3/PC_G_EU4" CO2="13867.12" CO="488.45" HC="2.61" NOx="5.43" PMx="0.45" fuel="5.96" electricity="0.00" noise="81.03" route="routebottom" type="cfm_slow" waiting="0.00" lane="bottom_0" pos="27.79" speed="47.00" angle="44.45" x="113.70" y="21.71"/>
        <vehicle id="cfm_slow_2" eclass="HBEFA3/PC_G_EU4" CO2="13867.12" CO="488.45" HC="2.61" NOx="5.43" PMx="0.45" fuel="5.96" electricity="0.00" noise="81.03" route="routebottom" type="cfm_slow" waiting="0.00" lane="right_0" pos="17.79" speed="47.00" angle="332.46" x="119.03" y="98.30"/>
        <vehicle id="cfm_slow_3" eclass="HBEFA3/PC_G_EU4" CO2="13867.12" CO="488.45" HC="2.61" NOx="5.43" PMx="0.45" fuel="5.96" electricity="0.00" noise="81.03" route="routetop" type="cfm_slow" waiting="0.00" lane="top_0" pos="7.79" speed="47.00" angle="260.41" x="47.81" y="127.01"/>
        <vehicle id="cfm_slow_4" eclass="HBEFA3/PC_G_EU4" CO2="0.00" CO="0.00" HC="0.00" NOx="0.00" PMx="0.00" fuel="0.00" electricity="0.00" noise="81.03" route="routetop" type="cfm_slow" waiting="0.00" lane="top_0" pos="47.79" speed="47.00" angle="188.52" x="-1.48" y="68.21"/>
    </timestep>
    <timestep time="48.40">
        <vehicle id="cfm_slow_0" eclass="HBEFA3/PC_G_EU4" CO2="13867.12" CO="488.45" HC="2.61" NOx="5.43" PMx="0.45" fuel="5.96" electricity="0.00" noise="81.03" route="routetop" type="cfm_slow" waiting="0.00" lane="left_0" pos="42.49" speed="47.00" angle="108.04" x="48.38" y="0.17"/>
        <vehicle id="cfm_slow_1" eclass="HBEFA3/PC_G_EU4" CO2="13867.12" CO="488.45" HC="2.61" NOx="5.43" PMx="0.45" fuel="5.96" electricity="0.00" noise="81.03" route="routebottom" type="cfm_slow" waiting="0.00" lane="bottom_0" pos="32.49" speed="47.00" angle="36.05" x="119.33" y="29.52"/>
        <vehicle id="cfm_slow_2" eclass="HBEFA3/PC_G_EU4" CO2="13867.12" CO="488.45" HC="2.61" NOx="5.43" PMx="0.45" fuel="5.96" electricity="0.00" noise="81.03" route="routebottom" type="cfm_slow" waiting="0.00" lane="right_0" pos="22.49" speed="47.00" angle="323.98" x="113.32" y="106.06"/>
        <vehicle id="cfm_slow_3" eclass="HBEFA3/PC_G_EU4" CO2="13867.12" CO="488.45" HC="2.61" NOx="5.43" PMx="0.45" fuel="5.96" electricity="0.00" noise="81.03" route="routetop" type="cfm_slow" waiting="0.00" lane="top_0" pos="12.49" speed="47.00" angle="251.98" x="38.67" y="123.99"/>
        <vehicle id="cfm_slow_4" eclass="HBEFA3/PC_G_EU4" CO2="13867.12" CO="488.45" HC="2.61" NOx="5.43" PMx="0.45" fuel="5.96" electricity="0.00" noise="81.03" route="routetop" type="cfm_slow" waiting="0.00" lane="left_0" pos="2.49" speed="47.00" angle="180.01" x="-1.45" y="58.53"/>
    </timestep>
    <timestep time="48.50">
        <vehicle id="cfm_slow_0" eclass="HBEFA3/PC_G_EU4" CO2="13867.12" CO="488.45" HC="2.61" NOx="5.43" PMx="0.45" fuel="5.96" electricity="0.00" noise="81.03" route="routetop" type="cfm_slow" waiting="0.00" lane="left_0" pos="47.19" speed="47.00" angle="99.58" x="57.88" y="-1.39"/>
        <vehicle id="cfm_slow_1" eclass="HBEFA3/PC_G_EU4" CO2="13867.12" CO="488.45" HC="2.61" NOx="5.43" PMx="0.45" fuel="5.96" electricity="0.00" noise="81.03" route="routebottom" type="cfm_slow" waiting="0.00" lane="bottom_0" pos="37.19" speed="47.00" angle="27.55" x="123.75" y="38.07"/>
        <vehicle id="cfm_slow_2" eclass="HBEFA3/PC_G_EU4" CO2="13867.12" CO="488.45" HC="2.61" NOx="5.43" PMx="0.45" fuel="5.96" electricity="0.00" noise="81.03" route="routebottom" type="cfm_slow" waiting="0.00" lane="right_0" pos="27.19" speed="47.00" angle="315.61" x="106.56" y="112.91"/>
        <vehicle id="cfm_slow_3" eclass="HBEFA3/PC_G_EU4" CO2="0.00" CO="0.00" HC="0.00" NOx="0.00" PMx="0.00" fuel="0.00" electricity="0.00" noise="81.03" route="routetop" type="cfm_slow" waiting="0.00" lane="top_0" pos="17.19" speed="47.00" angle="243.58" x="30.07" y="119.66"/>
        <vehicle id="cfm_slow_4" eclass="HBEFA3/PC_G_EU4" CO2="13867.12" CO="488.45" HC="2.61" NOx="5.43" PMx="0.45" fuel="5.96" electricity="0.00" noise="81.03" route="routetop" type="cfm_slow" waiting="0.00" lane="left_0" pos="7.19" speed="47.00" angle="171.50" x="0.03" y="49.01"/>
    </timestep>
    <timestep time="48.60">
        <vehicle id="cfm_slow_0" eclass="HBEFA3/PC_G_EU4" CO2="13867.12" CO="488.45" HC="2.61" NOx="5.43" PMx="0.45" fuel="5.96" electricity="0.00" noise="81.03" route="routebottom" type="cfm_slow" waiting="0.00" lane="bottom_0" pos="1.89" speed="47.00" angle="91.09" x="67.57" y="-1.52"/>
        <vehicle id="cfm_slow_1" eclass="HBEFA3/PC_G_EU4" CO2="13867.12" CO="488.45" HC="2.61" NOx="5.43" PMx="0.45" fuel="5.96" electricity="0.00" noise="81.03" route="routebottom" type="cfm_slow" waiting="0.00" lane="bottom_0" pos="41.89" speed="47.00" angle="19.09" x="126.85" y="47.19"/>
        <vehicle id="cfm_slow_2" eclass="HBEFA3/PC_G_EU4" CO2="13867.12" CO="488.45" HC="2.61" NOx="5.43" PMx="0.45" fuel="5.96" electricity="0.00" noise="81.03" route="routebottom" type="cfm_slow" waiting="0.00" lane="right_0" pos="31.89" speed="47.00" angle="307.07" x="98.85" y="118.68"/>
        <vehicle id="cfm_slow_3" eclass="HBEFA3/PC_G_EU4" CO2="0.00" CO="0.00" HC="0.00" NOx="0.00" PMx="0.00" fuel="0.00" electricity="0.00" noise="81.03" route="routetop" type="cfm_slow" waiting="0.00" lane="top_0" pos="21.89" speed="47.00" angle="235.10" x="22.20" y="114.12"/>
        <vehicle id="cfm_slow_4" eclass="HBEFA3/PC_G_EU4" CO2="13867.12" CO="488.45" HC="2.61" NOx="5.43" PMx="0.45" fuel="5.96" electricity="0.00" noise="81.03" route="routetop" type="cfm_slow" waiting="0.00" lane="left_0" pos="11.89" speed="47.00" angle="163.06" x="2.88" y="39.82"/>
    </timestep>
    <timestep time="48.70">
        <vehicle id="cfm_slow_0" eclass="HBEFA3/PC_G_EU4" CO2="13867.12" CO="488.45" HC="2.61" NOx="5.43" PMx="0.45" fuel="5.96" electricity="0.00" noise="81.03" route="routebottom" type="cfm_slow" waiting="0.00" lane="bottom_0" pos="6.59" speed="47.00" angle="82.61" x="77.11" y="-0.24"/>
        <vehicle id="cfm_slow_1" eclass="HBEFA3/PC_G_EU4" CO2="13867.12" CO="488.45" HC="2.61" NOx="5.43" PMx="0.45" fuel="5.96" electricity="0.00" noise="81.03" route="routebottom" type="cfm_slow" waiting="0.00" lane="bottom_0" pos="46.59" speed="47.00" angle="10.68" x="128.59" y="56.66"/>
        <vehicle id="cfm_slow_2" eclass="HBEFA3/PC_G_EU4" CO2="13867.12" CO="488.45" HC="2.61" NOx="5.43" PMx="0.45" fuel="5.96" electricity="0.00" noise="81.03" route="routebottom" type="cfm_slow" waiting="0.00" lane="right_0" pos="36.59" speed="47.00" angle="298.63" x="90.37" y="123.25"/>
        <vehicle id="cfm_slow_3" eclass="HBEFA3/PC_G_EU4" CO2="13867.12" CO="488.45" HC="2.61" NOx="5.43" PMx="0.45" fuel="5.96" electricity="0.00" noise="81.03" route="routetop" type="cfm_slow" waiting="0.00" lane="top_0" pos="26.59" speed="47.00" angle="226.66" x="15.23" y="107.47"/>
        <vehicle id="cfm_slow_4" eclass="HBEFA3/PC_G_EU4" CO2="0.00" CO="0.00" HC="0.00" NOx="0.00" PMx="0.00" fuel="0.00" electricity="0.00" noise="81.03" route="routetop" type="cfm_slow" waiting="0.00" lane="left_0" pos="16.59" speed="47.00" angle="154.66" x="7.03" y="31.13"/>
    </timestep>
    <timestep time="48.80">
        <vehicle id="cfm_slow_0" eclass="HBEFA3/PC_G_EU4" CO2="13867.12" CO="488.45" HC="2.61" NOx="5.43" PMx="0.45" fuel="5.96" electricity="0.00" noise="81.03" route="routebottom" type="cfm_slow" waiting="0.00" lane="bottom_0" pos="11.29" speed="47.00" angle="74.12" x="86.36" y="2.43"/>
        <vehicle id="cfm_slow_1" eclass="HBEFA3/PC_G_EU4" CO2="13867.12" CO="488.45" HC="2.61" NOx="5.43" PMx="0.45" fuel="5.96" electricity="0.00" noise="81.03" route="routebottom" type="cfm_slow" waiting="0.00" lane="right_0" pos="1.29" speed="47.00" angle="2.18" x="128.92" y="66.34"/>
        <vehicle id="cfm_slow_2" eclass="HBEFA3/PC_G_EU4" CO2="13867.12" CO="488.45" HC="2.61" NOx="5.43" PMx="0.45" fuel="5.96" electricity="0.00" noise="81.03" route="routebottom" type="cfm_slow" waiting="0.00" lane="right_0" pos="41.29" speed="47.00" angle="290.21" x="81.32" y="126.53"/>
        <vehicle id="cfm_slow_3" eclass="HBEFA3/PC_G_EU4" CO2="13867.12" CO="488.45" HC="2.61" NOx="5.43" PMx="0.45" fuel="5.96" electricity="0.00" noise="81.03" route="routetop" type="cfm_slow" waiting="0.00" lane="top_0" pos="31.29" speed="47.00" angle="218.14" x="9.33" y="99.87"/>
        <vehicle id="cfm_slow_4" eclass="HBEFA3/PC_G_EU4" CO2="13867.12" CO="488.45" HC="2.61" NOx="5.43" PMx="0.45" fuel="5.96" electricity="0.00" noise="81.03" route="routetop" type="cfm_slow" waiting="0.00" lane="left_0" pos="21.29" speed="47.00" angle="146.14" x="12.44" y="23.17"/>
    </timestep>
    <timestep time="48.90">
        <vehicle id="cfm_slow_0" eclass="HBEFA3/PC_G_EU4" CO2="13867.12" CO="488.45" HC="2.61" NOx="5.43" PMx="0.45" fuel="5.96" electricity="0.00" noise="81.03" route="routebottom" type="cfm_slow" waiting="0.00" lane="bottom_0" pos="15.99" speed="47.00" angle="65.73" x="95.11" y="6.43"/>
        <vehicle id="cfm_slow_1" eclass="HBEFA3/PC_G_EU4" CO2="13867.12" CO="488.45" HC="2.61" NOx="5.43" PMx="0.45" fuel="5.96" electricity="0.00" noise="81.03" route="routebottom" type="cfm_slow" waiting="0.00" lane="right_0" pos="5.99" speed="47.00" angle="353.71" x="127.81" y="75.90"/>
        <vehicle id="cfm_slow_2" eclass="HBEFA3/PC_G_EU4" CO2="13867.12" CO="488.45" HC="2.61" NOx="5.43" PMx="0.45" fuel="5.96" electricity="0.00" noise="81.03" route="routebottom" type="cfm_slow" waiting="0.00" lane="right_0" pos="45.99" speed="47.00" angle="281.70" x="71.89" y="128.45"/>
        <vehicle id="cfm_slow_3" eclass="HBEFA3/PC_G_EU4" CO2="0.00" CO="0.00" HC="0.00" NOx="0.00" PMx="0.00" fuel="0.00" electricity="0.00" noise="81.03" route="routetop" type="cfm_slow" waiting="0.00" lane="top_0" pos="35.99" speed="47.00" angle="209.81" x="4.58" y="91.50"/>
        <vehicle id="cfm_slow_4" eclass="HBEFA3/PC_G_EU4" CO2="13867.12" CO="488.45" HC="2.61" NOx="5.43" PMx="0.45" fuel="5.96" electricity="0.00" noise="81.03" route="routetop" type="cfm_slow" waiting="0.00" lane="left_0" pos="25.99" speed="47.00" angle="137.73" x="18.95" y="16.07"/>
    </timestep>
    <timestep time="49.00">
        <vehicle id="cfm_slow_0" eclass="HBEFA3/PC_G_EU4" CO2="13867.12" CO="488.45" HC="2.61" NOx="5.43" PMx="0.45" fuel="5.96" electricity="0.00" noise="81.03" route="routebottom" type="cfm_slow" waiting="0.00" lane="bottom_0" pos="20.69" speed="47.00" angle="57.22" x="103.19" y="11.68"/>
        <vehicle id="cfm_slow_1" eclass="HBEFA3/PC_G_EU4" CO2="13867.12" CO="488.45" HC="2.61" NOx="5.43" PMx="0.45" fuel="5.96" electricity="0.00" noise="81.03" route="routebottom" type="cfm_slow" waiting="0.00" lane="right_0" pos="10.69" speed="47.00" angle="345.24" x="125.31" y="85.20"/>
        <vehicle id="cfm_slow_2" eclass="HBEFA3/PC_G_EU4" CO2="13867.12" CO="488.45" HC="2.61" NOx="5.43" PMx="0.45" fuel="5.96" electricity="0.00" noise="81.03" route="routetop" type="cfm_slow" waiting="0.00" lane="top_0" pos="0.69" speed="47.00" angle="273.23" x="62.21" y="128.94"/>
        <vehicle id="cfm_slow_3" eclass="HBEFA3/PC_G_EU4" CO2="13867.12" CO="488.45" HC="2.61" NOx="5.43" PMx="0.45" fuel="5.96" electricity="0.00" noise="81.03" route="routetop" type="cfm_slow" waiting="0.00" lane="top_0" pos="40.69" speed="47.00" angle="201.22" x="1.14" y="82.50"/>
        <vehicle id="cfm_slow_4" eclass="HBEFA3/PC_G_EU4" CO2="13867.12" CO="488.45" HC="2.61" NOx="5.43" PMx="0.45" fuel="5.96" electricity="0.00" noise="81.03" route="routetop" type="cfm_slow" waiting="0.00" lane="left_0" pos="30.69" speed="47.00" angle="129.22" x="26.43" y="10.01"/>
    </timestep>
    <timestep time="49.10">
        <vehicle id="cfm_slow_0" eclass="HBEFA3/PC_G_EU4" CO2="13867.12" CO="488.45" HC="2.61" NOx="5.43" PMx="0.45" fuel="5.96" electricity="0.00" noise="81.03" route="routebottom" type="cfm_slow" waiting="0.00" lane="bottom_0" pos="25.39" speed="47.00" angle="48.79" x="110.40" y="18.06"/>
        <vehicle id="cfm_slow_1" eclass="HBEFA3/PC_G_EU4" CO2="13867.12" CO="488.45" HC="2.61" NOx="5.43" PMx="0.45" fuel="5.96" electricity="0.00" noise="81.03" route="routebottom" type="cfm_slow" waiting="0.00" lane="right_0" pos="15.39" speed="47.00" angle="336.77" x="121.48" y="94.04"/>
        <vehicle id="cfm_slow_2" eclass="HBEFA3/PC_G_EU4" CO2="13867.12" CO="488.45" HC="2.61" NOx="5.43" PMx="0.45" fuel="5.96" electricity="0.00" noise="81.03" route="routetop" type="cfm_slow" waiting="0.00" lane="top_0" pos="5.39" speed="47.00" angle="264.81" x="52.63" y="128.03"/>
        <vehicle id="cfm_slow_3" eclass="HBEFA3/PC_G_EU4" CO2="13867.12" CO="488.45" HC="2.61" NOx="5.43" PMx="0.45" fuel="5.96" electricity="0.00" noise="81.03" route="routetop" type="cfm_slow" waiting="0.00" lane="top_0" pos="45.39" speed="47.00" angle="192.84" x="-0.96" y="73.11"/>
        <vehicle id="cfm_slow_4" eclass="HBEFA3/PC_G_EU4" CO2="13867.12" CO="488.45" HC="2.61" NOx="5.43" PMx="0.45" fuel="5.96" electricity="0.00" noise="81.03" route="routetop" type="cfm_slow" waiting="0.00" lane="left_0" pos="35.39" speed="47.00" angle="120.86" x="34.72" y="5.12"/>
    </timestep>
    <timestep time="49.20">
        <vehicle id="cfm_slow_0" eclass="HBEFA3/PC_G_EU4" CO2="13867.12" CO="488.45" HC="2.61" NOx="5.43" PMx="0.45" fuel="5.96" electricity="0.00" noise="81.03" route="routebottom" type="cfm_slow" waiting="0.00" lane="bottom_0" pos="30.09" speed="47.00" angle="40.32" x="116.59" y="25.43"/>
        <vehicle id="cfm_slow_1" eclass="HBEFA3/PC_G_EU4" CO2="13867.12" CO="488.45" HC="2.61" NOx="5.43" PMx="0.45" fuel="5.96" electricity="0.00" noise="81.03" route="routebottom" type="cfm_slow" waiting="0.00" lane="right_0" pos="20.09" speed="47.00" angle="328.27" x="116.37" y="102.20"/>
        <vehicle id="cfm_slow_2" eclass="HBEFA3/PC_G_EU4" CO2="13867.12" CO="488.45" HC="2.61" NOx="5.43" PMx="0.45" fuel="5.96" electricity="0.00" noise="81.03" route="routetop" type="cfm_slow" waiting="0.00" lane="top_0" pos="10.09" speed="47.00" angle="256.32" x="43.28" y="125.71"/>
        <vehicle id="cfm_slow_3" eclass="HBEFA3/PC_G_EU4" CO2="0.00" CO="0.00" HC="0.00" NOx="0.00" PMx="0.00" fuel="0.00" electricity="0.00" noise="81.03" route="routetop" type="cfm_slow" waiting="0.00" lane="left_0" pos="0.09" speed="47.00" angle="184.32" x="-1.65" y="63.44"/>
        <vehicle id="cfm_slow_4" eclass="HBEFA3/PC_G_EU4" CO2="13867.12" CO="488.45" HC="2.61" NOx="5.43" PMx="0.45" fuel="5.96" electricity="0.00" noise="81.03" route="routetop" type="cfm_slow" waiting="0.00" lane="left_0" pos="40.09" speed="47.00" angle="112.33" x="43.64" y="1.50"/>
    </timestep>
    <timestep time="49.30">
        <vehicle id="cfm_slow_0" eclass="HBEFA3/PC_G_EU4" CO2="13867.12" CO="488.45" HC="2.61" NOx="5.43" PMx="0.45" fuel="5.96" electricity="0.00" noise="81.03" route="routebottom" type="cfm_slow" waiting="0.00" lane="bottom_0" pos="34.79" speed="47.00" angle="31.94" x="121.65" y="33.62"/>
        <vehicle id="cfm_slow_1" eclass="HBEFA3/PC_G_EU4" CO2="13867.12" CO="488.45" HC="2.61" NOx="5.43" PMx="0.45" fuel="5.96" electricity="0.00" noise="81.03" route="routebottom" type="cfm_slow" waiting="0.00" lane="right_0" pos="24.79" speed="47.00" angle="319.91" x="110.14" y="109.53"/>
        <vehicle id="cfm_slow_2" eclass="HBEFA3/PC_G_EU4" CO2="13867.12" CO="488.45" HC="2.61" NOx="5.43" PMx="0.45" fuel="5.96" electricity="0.00" noise="81.03" route="routetop" type="cfm_slow" waiting="0.00" lane="top_0" pos="14.79" speed="47.00" angle="247.83" x="34.38" y="122.03"/>
        <vehicle id="cfm_slow_3" eclass="HBEFA3/PC_G_EU4" CO2="13867.12" CO="488.45" HC="2.61" NOx="5.43" PMx="0.45" fuel="5.96" electricity="0.00" noise="81.03" route="routetop" type="cfm_slow" waiting="0.00" lane="left_0" pos="4.79" speed="47.00" angle="175.89" x="-0.90" y="53.84"/>
        <vehicle id="cfm_slow_4" eclass="HBEFA3/PC_G_EU4" CO2="13867.12" CO="488.45" HC="2.61" NOx="5.43" PMx="0.45" fuel="5.96" electricity="0.00" noise="81.03" route="routetop" type="cfm_slow" waiting="0.00" lane="left_0" pos="44.79" speed="47.00" angle="103.90" x="53.00" y="-0.77"/>
    </timestep>
    <timestep time="49.40">
        <vehicle id="cfm_slow_0" eclass="HBEFA3/PC_G_EU4" CO2="13867.12" CO="488.45" HC="2.61" NOx="5.43" PMx="0.45" fuel="5.96" electricity="0.00" noise="81.03" route="routebottom" type="cfm_slow" waiting="0.00" lane="bottom_0" pos="39.49" speed="47.00" angle="23.42" x="125.44" y="42.47"/>
        <vehicle id="cfm_slow_1" eclass="HBEFA3/PC_G_EU4" CO2="13867.12" CO="488.45" HC="2.61" NOx="5.43" PMx="0.45" fuel="5.96" electricity="0.00" noise="81.03" route="routebottom" type="cfm_slow" waiting="0.00" lane="right_0" pos="29.49" speed="47.00" angle="311.40" x="102.89" y="115.87"/>
        <vehicle id="cfm_slow_2" eclass="HBEFA3/PC_G_EU4" CO2="13867.12" CO="488.45" HC="2.61" NOx="5.43" PMx="0.45" fuel="5.96" electricity="0.00" noise="81.03" route="routetop" type="cfm_slow" waiting="0.00" lane="top_0" pos="19.49" speed="47.00" angle="239.39" x="26.12" y="117.09"/>
        <vehicle id="cfm_slow_3" eclass="HBEFA3/PC_G_EU4" CO2="13867.12" CO="488.45" HC="2.61" NOx="5.43" PMx="0.45" fuel="5.96" electricity="0.00" noise="81.03" route="routetop" type="cfm_slow" waiting="0.00" lane="left_0" pos="9.49" speed="47.00" angle="167.37" x="1.25" y="44.46"/>
        <vehicle id="cfm_slow_4" eclass="HBEFA3/PC_G_EU4" CO2="13867.12" CO="488.45" HC="2.61" NOx="5.43" PMx="0.45" fuel="5.96" electricity="0.00" noise="81.03" route="routetop" type="cfm_slow" waiting="0.00" lane="left_0" pos="49.49" speed="47.00" angle="95.42" x="62.59" y="-1.63"/>
    </timestep>
    <timestep time="49.50">
        <vehicle id="cfm_slow_0" eclass="HBEFA3/PC_G_EU4" CO2="13867.12" CO="488.45" HC="2.61" NOx="5.43" PMx="0.45" fuel="5.96" electricity="0.00" noise="81.03" route="routebottom" type="cfm_slow" waiting="0.00" lane="bottom_0" pos="44.19" speed="47.00" angle="15.00" x="127.88" y="51.79"/>
        <vehicle id="cfm_slow_1" eclass="HBEFA3/PC_G_EU4" CO2="13867.12" CO="488.45" HC="2.61" NOx="5.43" PMx="0.45" fuel="5.96" electricity="0.00" noise="81.03" route="routebottom" type="cfm_slow" waiting="0.00" lane="right_0" pos="34.19" speed="47.00" angle="302.99" x="94.78" y="121.07"/>
        <vehicle id="cfm_slow_2" eclass="HBEFA3/PC_G_EU4" CO2="13867.12" CO="488.45" HC="2.61" NOx="5.43" PMx="0.45" fuel="5.96" electricity="0.00" noise="81.03" route="routetop" type="cfm_slow" waiting="0.00" lane="top_0" pos="24.19" speed="47.00" angle="230.91" x="18.67" y="110.99"/>
        <vehicle id="cfm_slow_3" eclass="HBEFA3/PC_G_EU4" CO2="13867.12" CO="488.45" HC="2.61" NOx="5.43" PMx="0.45" fuel="5.96" electricity="0.00" noise="81.03" route="routetop" type="cfm_slow" waiting="0.00" lane="left_0" pos="14.19" speed="47.00" angle="159.00" x="4.74" y="35.48"/>
        <vehicle id="cfm_slow_4" eclass="HBEFA3/PC_G_EU4" CO2="13867.12" CO="488.45" HC="2.61" NOx="5.43" PMx="0.45" fuel="5.96" electricity="0.00" noise="81.03" route="routebottom" type="cfm_slow" waiting="0.00" lane="bottom_0" pos="4.19" speed="47.00" angle="86.99" x="72.26" y="-1.08"/>
    </timestep>
    <timestep time="49.60">
        <vehicle id="cfm_slow_0" eclass="HBEFA3/PC_G_EU4" CO2="13867.12" CO="488.45" HC="2.61" NOx="5.43" PMx="0.45" fuel="5.96" electricity="0.00" noise="81.03" route="routebottom" type="cfm_slow" waiting="0.00" lane="bottom_0" pos="48.89" speed="47.00" angle="6.51" x="128.93" y="61.36"/>
        <vehicle id="cfm_slow_1" eclass="HBEFA3/PC_G_EU4" CO2="13867.12" CO="488.45" HC="2.61" NOx="5.43" PMx="0.45" fuel="5.96" electricity="0.00" noise="81.03" route="routebottom" type="cfm_slow" waiting="0.00" lane="right_0" pos="38.89" speed="47.00" angle="294.50" x="86.00" y="125.02"/>
        <vehicle id="cfm_slow_2" eclass="HBEFA3/PC_G_EU4" CO2="13867.12" CO="488.45" HC="2.61" NOx="5.43" PMx="0.45" fuel="5.96" electricity="0.00" noise="81.03" route="routetop" type="cfm_slow" waiting="0.00" lane="top_0" pos="28.89" speed="47.00" angle="222.47" x="12.21" y="103.86"/>
        <vehicle id="cfm_slow_3" eclass="HBEFA3/PC_G_EU4" CO2="13867.12" CO="488.45" HC="2.61" NOx="5.43" PMx="0.45" fuel="5.96" electricity="0.00" noise="81.03" route="routetop" type="cfm_slow" waiting="0.00" lane="left_0" pos="18.89" speed="47.00" angle="150.41" x="9.54" y="27.14"/>
        <vehicle id="cfm_slow_4" eclass="HBEFA3/PC_G_EU4" CO2="13867.12" CO="488.45" HC="2.61" NOx="5.43" PMx="0.45" fuel="5.96" electricity="0.00" noise="81.03" route="routebottom" type="cfm_slow" waiting="0.00" lane="bottom_0" pos="8.89" speed="47.00" angle="78.43" x="81.69" y="0.89"/>
    </timestep>
    <timestep time="49.70">
        <vehicle id="cfm_slow_0" eclass="HBEFA3/PC_G_EU4" CO2="13867.12" CO="488.45" HC="2.61" NOx="5.43" PMx="0.45" fuel="5.96" electricity="0.00" noise="81.03" route="routebottom" type="cfm_slow" waiting="0.00" lane="right_0" pos="3.59" speed="47.00" angle="358.04" x="128.55" y="71.04"/>
        <vehicle id="cfm_slow_1" eclass="HBEFA3/PC_G_EU4" CO2="13867.12" CO="488.45" HC="2.61" NOx="5.43" PMx="0.45" fuel="5.96" electricity="0.00" noise="81.03" route="routebottom" type="cfm_slow" waiting="0.00" lane="right_0" pos="43.59" speed="47.00" angle="286.14" x="76.74" y="127.65"/>
        <vehicle id="cfm_slow_2" eclass="HBEFA3/PC_G_EU4" CO2="13867.12" CO="488.45" HC="2.61" NOx="5.43" PMx="0.45" fuel="5.96" electricity="0.00" noise="81.03" route="routetop" type="cfm_slow" waiting="0.00" lane="top_0" pos="33.59" speed="47.00" angle="214.09" x="6.85" y="95.86"/>
        <vehicle id="cfm_slow_3" eclass="HBEFA3/PC_G_EU4" CO2="13867.12" CO="488.45" HC="2.61" NOx="5.43" PMx="0.45" fuel="5.96" electricity="0.00" noise="81.03" route="routetop" type="cfm_slow" waiting="0.00" lane="left_0" pos="23.59" speed="47.00" angle="142.03" x="15.49" y="19.58"/>
        <vehicle id="cfm_slow_4" eclass="HBEFA3/PC_G_EU4" CO2="13867.12" CO="488.45" HC="2.61" NOx="5.43" PMx="0.45" fuel="5.96" electricity="0.00" noise="81.03" route="routebottom" type="cfm_slow" waiting="0.00" lane="bottom_0" pos="13.59" speed="47.00" angle="70.05" x="90.72" y="4.23"/>
    </timestep>
    <timestep time="49.80">
        <vehicle id="cfm_slow_0" eclass="HBEFA3/PC_G_EU4" CO2="13867.12" CO="488.45" HC="2.61" NOx="5.43" PMx="0.45" fuel="5.96" electricity="0.00" noise="81.03" route="routebottom" type="cfm_slow" waiting="0.00" lane="right_0" pos="8.29" speed="47.00" angle="349.53" x="126.75" y="80.50"/>
        <vehicle id="cfm_slow_1" eclass="HBEFA3/PC_G_EU4" CO2="13867.12" CO="488.45" HC="2.61" NOx="5.43" PMx="0.45" fuel="5.96" electricity="0.00" noise="81.03" route="routebottom" type="cfm_slow" waiting="0.00" lane="right_0" pos="48.29" speed="47.00" angle="277.58" x="67.19" y="128.87"/>
        <vehicle id="cfm_slow_2" eclass="HBEFA3/PC_G_EU4" CO2="13867.12" CO="488.45" HC="2.61" NOx="5.43" PMx="0.45" fuel="5.96" electricity="0.00" noise="81.03" route="routetop" type="cfm_slow" waiting="0.00" lane="top_0" pos="38.29" speed="47.00" angle="205.53" x="2.73" y="87.16"/>
        <vehicle id="cfm_slow_3" eclass="HBEFA3/PC_G_EU4" CO2="13867.12" CO="488.45" HC="2.61" NOx="5.43" PMx="0.45" fuel="5.96" electricity="0.00" noise="81.03" route="routetop" type="cfm_slow" waiting="0.00" lane="left_0" pos="28.29" speed="47.00" angle="133.60" x="22.49" y="12.97"/>
        <vehicle id="cfm_slow_4" eclass="HBEFA3/PC_G_EU4" CO2="13867.12" CO="488.45" HC="2.61" NOx="5.43" PMx="0.45" fuel="5.96" electricity="0.00" noise="81.03" route="routebottom" type="cfm_slow" waiting="0.00" lane="bottom_0" pos="18.29" speed="47.00" angle="61.54" x="99.16" y="8.85"/>
    </timestep>
    <timestep time="49.90">
        <vehicle id="cfm_slow_0" eclass="HBEFA3/PC_G_EU4" CO2="13867.12" CO="488.45" HC="2.61" NOx="5.43" PMx="0.45" fuel="5.96" electricity="0.00" noise="81.03" route="routebottom" type="cfm_slow" waiting="0.00" lane="right_0" pos="12.99" speed="47.00" angle="341.14" x="123.60" y="89.60"/>
        <vehicle id="cfm_slow_1" eclass="HBEFA3/PC_G_EU4" CO2="13867.12" CO="488.45" HC="2.61" NOx="5.43" PMx="0.45" fuel="5.96" electricity="0.00" noise="81.03" route="routetop" type="cfm_slow" waiting="0.00" lane="top_0" pos="2.99" speed="47.00" angle="269.13" x="57.50" y="128.68"/>
        <vehicle id="cfm_slow_2" eclass="HBEFA3/PC_G_EU4" CO2="0.00" CO="0.00" HC="0.00" NOx="0.00" PMx="0.00" fuel="0.00" electricity="0.00" noise="81.03" route="routetop" type="cfm_slow" waiting="0.00" lane="top_0" pos="42.99" speed="47.00" angle="197.13" x="-0.06" y="77.94"/>
        <vehicle id="cfm_slow_3" eclass="HBEFA3/PC_G_EU4" CO2="13867.12" CO="488.45" HC="2.61" NOx="5.43" PMx="0.45" fuel="5.96" electricity="0.00" noise="81.03" route="routetop" type="cfm_slow" waiting="0.00" lane="left_0" pos="32.99" speed="47.00" angle="125.11" x="30.40" y="7.47"/>
        <vehicle id="cfm_slow_4" eclass="HBEFA3/PC_G_EU4" CO2="13867.12" CO="488.45" HC="2.61" NOx="5.43" PMx="0.45" fuel="5.96" electricity="0.00" noise="81.03" route="routebottom" type="cfm_slow" waiting="0.00" lane="bottom_0" pos="22.99" speed="47.00" angle="53.11" x="106.84" y="14.66"/>
    </timestep>
    <timestep time="50.00">
        <vehicle id="cfm_slow_0" eclass="HBEFA3/PC_G_EU4" CO2="13867.12" CO="488.45" HC="2.61" NOx="5.43" PMx="0.45" fuel="5.96" electricity="0.00" noise="81.03" route="routebottom" type="cfm_slow" waiting="0.00" lane="right_0" pos="17.69" speed="47.00" angle="332.65" x="119.14" y="98.13"/>
        <vehicle id="cfm_slow_1" eclass="HBEFA3/PC_G_EU4" CO2="13867.12" CO="488.45" HC="2.61" NOx="5.43" PMx="0.45" fuel="5.96" electricity="0.00" noise="81.03" route="routetop" type="cfm_slow" waiting="0.00" lane="top_0" pos="7.69" speed="47.00" angle="260.59" x="48.01" y="127.07"/>
        <vehicle id="cfm_slow_2" eclass="HBEFA3/PC_G_EU4" CO2="13867.12" CO="488.45" HC="2.61" NOx="5.43" PMx="0.45" fuel="5.96" electricity="0.00" noise="81.03" route="routetop" type="cfm_slow" waiting="0.00" lane="top_0" pos="47.69" speed="47.00" angle="188.70" x="-1.47" y="68.42"/>
        <vehicle id="cfm_slow_3" eclass="HBEFA3/PC_G_EU4" CO2="13867.12" CO="488.45" HC="2.61" NOx="5.43" PMx="0.45" fuel="5.96" electricity="0.00" noise="81.03" route="routetop" type="cfm_slow" waiting="0.00" lane="left_0" pos="37.69" speed="47.00" angle="116.66" x="39.02" y="3.19"/>
        <vehicle id="cfm_slow_4" eclass="HBEFA3/PC_G_EU4" CO2="13867.12" CO="488.45" HC="2.61" NOx="5.43" PMx="0.45" fuel="5.96" electricity="0.00" noise="81.03" route="routebottom" type="cfm_slow" waiting="0.00" lane="bottom_0" pos="27.69" speed="47.00" angle="44.64" x="113.57" y="21.55"/>
    </timestep>
    <timestep time="50.10">
        <vehicle id="cfm_slow_0" eclass="HBEFA3/PC_G_EU4" CO2="13867.12" CO="488.45" HC="2.61" NOx="5.43" PMx="0.45" fuel="5.96" electricity="0.00" noise="81.03" route="routebottom" type="cfm_slow" waiting="0.00" lane="right_0" pos="22.39" speed="47.00" angle="324.17" x="113.46" y="105.90"/>
        <vehicle id="cfm_slow_1" eclass="HBEFA3/PC_G_EU4" CO2="13867.12" CO="488.45" HC="2.61" NOx="5.43" PMx="0.45" fuel="5.96" electricity="0.00" noise="81.03" route="routetop" type="cfm_slow" waiting="0.00" lane="top_0" pos="12.39" speed="47.00" angle="252.16" x="38.86" y="124.07"/>
        <vehicle id="cfm_slow_2" eclass="HBEFA3/PC_G_EU4" CO2="0.00" CO="0.00" HC="0.00" NOx="0.00" PMx="0.00" fuel="0.00" electricity="0.00" noise="81.03" route="routetop" type="cfm_slow" waiting="0.00" lane="left_0" pos="2.39" speed="47.00" angle="180.18" x="-1.46" y="58.73"/>
        <vehicle id="cfm_slow_3" eclass="HBEFA3/PC_G_EU4" CO2="13867.12" CO="488.45" HC="2.61" NOx="5.43" PMx="0.45" fuel="5.96" electricity="0.00" noise="81.03" route="routetop" type="cfm_slow" waiting="0.00" lane="left_0" pos="42.39" speed="47.00" angle="108.22" x="48.18" y="0.22"/>
        <vehicle id="cfm_slow_4" eclass="HBEFA3/PC_G_EU4" CO2="13867.12" CO="488.45" HC="2.61" NOx="5.43" PMx="0.45" fuel="5.96" electricity="0.00" noise="81.03" route="routebottom" type="cfm_slow" waiting="0.00" lane="bottom_0" pos="32.39" speed="47.00" angle="36.24" x="119.22" y="29.34"/>
    </timestep>
    <timestep time="50.20">
        <vehicle id="cfm_slow_0" eclass="HBEFA3/PC_G_EU4" CO2="13867.12" CO="488.45" HC="2.61" NOx="5.43" PMx="0.45" fuel="5.96" electricity="0.00" noise="81.03" route="routebottom" type="cfm_slow" waiting="0.00" lane="right_0" pos="27.09" speed="47.00" angle="315.80" x="106.71" y="112.77"/>
        <vehicle id="cfm_slow_1" eclass="HBEFA3/PC_G_EU4" CO2="13867.12" CO="488.45" HC="2.61" NOx="5.43" PMx="0.45" fuel="5.96" electricity="0.00" noise="81.03" route="routetop" type="cfm_slow" waiting="0.00" lane="top_0" pos="17.09" speed="47.00" angle="243.76" x="30.25" y="119.77"/>
        <vehicle id="cfm_slow_2" eclass="HBEFA3/PC_G_EU4" CO2="13867.12" CO="488.45" HC="2.61" NOx="5.43" PMx="0.45" fuel="5.96" electricity="0.00" noise="81.03" route="routetop" type="cfm_slow" waiting="0.00" lane="left_0" pos="7.09" speed="47.00" angle="171.69" x="-0.02" y="49.21"/>
        <vehicle id="cfm_slow_3" eclass="HBEFA3/PC_G_EU4" CO2="13867.12" CO="488.45" HC="2.61" NOx="5.43" PMx="0.45" fuel="5.96" electricity="0.00" noise="81.03" route="routetop" type="cfm_slow" waiting="0.00" lane="left_0" pos="47.09" speed="47.00" angle="99.76" x="57.68" y="-1.37"/>
        <vehicle id="cfm_slow_4" eclass="HBEFA3/PC_G_EU4" CO2="13867.12" CO="488.45" HC="2.61" NOx="5.43" PMx="0.45" fuel="5.96" electricity="0.00" noise="81.03" route="routebottom" type="cfm_slow" waiting="0.00" lane="bottom_0" pos="37.09" speed="47.00" angle="27.68" x="123.67" y="37.88"/>
    </timestep>
    <timestep time="50.30">
        <vehicle id="cfm_slow_0" eclass="HBEFA3/PC_G_EU4" CO2="13867.12" CO="488.45" HC="2.61" NOx="5.43" PMx="0.45" fuel="5.96" electricity="0.00" noise="81.03" route="routebottom" type="cfm_slow" waiting="0.00" lane="right_0" pos="31.79" speed="47.00" angle="307.25" x="99.02" y="118.57"/>
        <vehicle id="cfm_slow_1" eclass="HBEFA3/PC_G_EU4" CO2="13867.12" CO="488.45" HC="2.61" NOx="5.43" PMx="0.45" fuel="5.96" electricity="0.00" noise="81.03" route="routetop" type="cfm_slow" waiting="0.00" lane="top_0" pos="21.79" speed="47.00" angle="235.29" x="22.36" y="114.25"/>
        <vehicle id="cfm_slow_2" eclass="HBEFA3/PC_G_EU4" CO2="13867.12" CO="488.45" HC="2.61" NOx="5.43" PMx="0.45" fuel="5.96" electricity="0.00" noise="81.03" route="routetop" type="cfm_slow" waiting="0.00" lane="left_0" pos="11.79" speed="47.00" angle="163.24" x="2.80" y="40.01"/>
        <vehicle id="cfm_slow_3" eclass="HBEFA3/PC_G_EU4" CO2="13867.12" CO="488.45" HC="2.61" NOx="5.43" PMx="0.45" fuel="5.96" electricity="0.00" noise="81.03" route="routebottom" type="cfm_slow" waiting="0.00" lane="bottom_0" pos="1.79" speed="47.00" angle="91.27" x="67.36" y="-1.53"/>
        <vehicle id="cfm_slow_4" eclass="HBEFA3/PC_G_EU4" CO2="13867.12" CO="488.45" HC="2.61" NOx="5.43" PMx="0.45" fuel="5.96" electricity="0.00" noise="81.03" route="routebottom" type="cfm_slow" waiting="0.00" lane="bottom_0" pos="41.79" speed="47.00" angle="19.28" x="126.80" y="46.99"/>
    </timestep>
    <timestep time="50.40">
        <vehicle id="cfm_slow_0" eclass="HBEFA3/PC_G_EU4" CO2="13867.12" CO="488.45" HC="2.61" NOx="5.43" PMx="0.45" fuel="5.96" electricity="0.00" noise="81.03" route="routebottom" type="cfm_slow" waiting="0.00" lane="right_0" pos="36.49" speed="47.00" angle="298.82" x="90.56" y="123.16"/>
        <vehicle id="cfm_slow_1" eclass="HBEFA3/PC_G_EU4" CO2="13867.12" CO="488.45" HC="2.61" NOx="5.43" PMx="0.45" fuel="5.96" electricity="0.00" noise="81.03" route="routetop" type="cfm_slow" waiting="0.00" lane="top_0" pos="26.49" speed="47.00" angle="226.84" x="15.37" y="107.62"/>
        <vehicle id="cfm_slow_2" eclass="HBEFA3/PC_G_EU4" CO2="13867.12" CO="488.45" HC="2.61" NOx="5.43" PMx="0.45" fuel="5.96" electricity="0.00" noise="81.03" route="routetop" type="cfm_slow" waiting="0.00" lane="left_0" pos="16.49" speed="47.00" angle="154.82" x="6.93" y="31.31"/>
        <vehicle id="cfm_slow_3" eclass="HBEFA3/PC_G_EU4" CO2="13867.12" CO="488.45" HC="2.61" NOx="5.43" PMx="0.45" fuel="5.96" electricity="0.00" noise="81.03" route="routebottom" type="cfm_slow" waiting="0.00" lane="bottom_0" pos="6.49" speed="47.00" angle="82.80" x="76.91" y="-0.29"/>
        <vehicle id="cfm_slow_4" eclass="HBEFA3/PC_G_EU4" CO2="13867.12" CO="488.45" HC="2.61" NOx="5.43" PMx="0.45" fuel="5.96" electricity="0.00" noise="81.03" route="routebottom" type="cfm_slow" waiting="0.00" lane="bottom_0" pos="46.49" speed="47.00" angle="10.86" x="128.57" y="56.45"/>
    </timestep>
    <timestep time="50.50">
        <vehicle id="cfm_slow_0" eclass="HBEFA3/PC_G_EU4" CO2="13867.12" CO="488.45" HC="2.61" NOx="5.43" PMx="0.45" fuel="5.96" electricity="0.00" noise="81.03" route="routebottom" type="cfm_slow" waiting="0.00" lane="right_0" pos="41.19" speed="47.00" angle="290.40" x="81.52" y="126.48"/>
        <vehicle id="cfm_slow_1" eclass="HBEFA3/PC_G_EU4" CO2="13867.12" CO="488.45" HC="2.61" NOx="5.43" PMx="0.45" fuel="5.96" electricity="0.00" noise="81.03" route="routetop" type="cfm_slow" waiting="0.00" lane="top_0" pos="31.19" speed="47.00" angle="218.32" x="9.44" y="100.04"/>
        <vehicle id="cfm_slow_2" eclass="HBEFA3/PC_G_EU4" CO2="13867.12" CO="488.45" HC="2.61" NOx="5.43" PMx="0.45" fuel="5.96" electricity="0.00" noise="81.03" route="routetop" type="cfm_slow" waiting="0.00" lane="left_0" pos="21.19" speed="47.00" angle="146.32" x="12.31" y="23.33"/>
        <vehicle id="cfm_slow_3" eclass="HBEFA3/PC_G_EU4" CO2="13867.12" CO="488.45" HC="2.61" NOx="5.43" PMx="0.45" fuel="5.96" electricity="0.00" noise="81.03" route="routebottom" type="cfm_slow" waiting="0.00" lane="bottom_0" pos="11.19" speed="47.00" angle="74.30" x="86.16" y="2.36"/>
        <vehicle id="cfm_slow_4" eclass="HBEFA3/PC_G_EU4" CO2="13867.12" CO="488.45" HC="2.61" NOx="5.43" PMx="0.45" fuel="5.96" electricity="0.00" noise="81.03" route="routebottom" type="cfm_slow" waiting="0.00" lane="right_0" pos="1.19" speed="47.00" angle="2.32" x="128.92" y="66.13"/>
    </timestep>
    <timestep time="50.60">
        <vehicle id="cfm_slow_0" eclass="HBEFA3/PC_G_EU4" CO2="13867.12" CO="488.45" HC="2.61" NOx="5.43" PMx="0.45" fuel="5.96" electricity="0.00" noise="81.03" route="routebottom" type="cfm_slow" waiting="0.00" lane="right_0" pos="45.89" speed="47.00" angle="281.88" x="72.09" y="128.42"/>
        <vehicle id="cfm_slow_1" eclass="HBEFA3/PC_G_EU4" CO2="13867.12" CO="488.45" HC="2.61" NOx="5.43" PMx="0.45" fuel="5.96" electricity="0.00" noise="81.03" route="routetop" type="cfm_slow" waiting="0.00" lane="top_0" pos="35.89" speed="47.00" angle="210.00" x="4.66" y="91.68"/>
        <vehicle id="cfm_slow_2" eclass="HBEFA3/PC_G_EU4" CO2="13867.12" CO="488.45" HC="2.61" NOx="5.43" PMx="0.45" fuel="5.96" electricity="0.00" noise="81.03" route="routetop" type="cfm_slow" waiting="0.00" lane="left_0" pos="25.89" speed="47.00" angle="137.91" x="18.80" y="16.21"/>
        <vehicle id="cfm_slow_3" eclass="HBEFA3/PC_G_EU4" CO2="13867.12" CO="488.45" HC="2.61" NOx="5.43" PMx="0.45" fuel="5.96" electricity="0.00" noise="81.03" route="routebottom" type="cfm_slow" waiting="0.00" lane="bottom_0" pos="15.89" speed="47.00" angle="65.91" x="94.93" y="6.33"/>
        <vehicle id="cfm_slow_4" eclass="HBEFA3/PC_G_EU4" CO2="13867.12" CO="488.45" HC="2.61" NOx="5.43" PMx="0.45" fuel="5.96" electricity="0.00" noise="81.03" route="routebottom" type="cfm_slow" waiting="0.00" lane="right_0" pos="5.89" speed="47.00" angle="353.89" x="127.85" y="75.70"/>
    </timestep>
    <timestep time="50.70">
        <vehicle id="cfm_slow_0" eclass="HBEFA3/PC_G_EU4" CO2="13867.12" CO="488.45" HC="2.61" NOx="5.43" PMx="0.45" fuel="5.96" electricity="0.00" noise="81.03" route="routetop" type="cfm_slow" waiting="0.00" lane="top_0" pos="0.59" speed="47.00" angle="273.41" x="62.42" y="128.95"/>
        <vehicle id="cfm_slow_1" eclass="HBEFA3/PC_G_EU4" CO2="13867.12" CO="488.45" HC="2.61" NOx="5.43" PMx="0.45" fuel="5.96" electricity="0.00" noise="81.03" route="routetop" type="cfm_slow" waiting="0.00" lane="top_0" pos="40.59" speed="47.00" angle="201.41" x="1.20" y="82.70"/>
        <vehicle id="cfm_slow_2" eclass="HBEFA3/PC_G_EU4" CO2="13867.12" CO="488.45" HC="2.61" NOx="5.43" PMx="0.45" fuel="5.96" electricity="0.00" noise="81.03" route="routetop" type="cfm_slow" waiting="0.00" lane="left_0" pos="30.59" speed="47.00" angle="129.39" x="26.26" y="10.13"/>
        <vehicle id="cfm_slow_3" eclass="HBEFA3/PC_G_EU4" CO2="13867.12" CO="488.45" HC="2.61" NOx="5.43" PMx="0.45" fuel="5.96" electricity="0.00" noise="81.03" route="routebottom" type="cfm_slow" waiting="0.00" lane="bottom_0" pos="20.59" speed="47.00" angle="57.40" x="103.02" y="11.56"/>
        <vehicle id="cfm_slow_4" eclass="HBEFA3/PC_G_EU4" CO2="13867.12" CO="488.45" HC="2.61" NOx="5.43" PMx="0.45" fuel="5.96" electricity="0.00" noise="81.03" route="routebottom" type="cfm_slow" waiting="0.00" lane="right_0" pos="10.59" speed="47.00" angle="345.43" x="125.38" y="85.01"/>
    </timestep>
    <timestep time="50.80">
        <vehicle id="cfm_slow_0" eclass="HBEFA3/PC_G_EU4" CO2="13867.12" CO="488.45" HC="2.61" NOx="5.43" PMx="0.45" fuel="5.96" electricity="0.00" noise="81.03" route="routetop" type="cfm_slow" waiting="0.00" lane="top_0" pos="5.29" speed="47.00" angle="264.99" x="52.83" y="128.06"/>
        <vehicle id="cfm_slow_1" eclass="HBEFA3/PC_G_EU4" CO2="13867.12" CO="488.45" HC="2.61" NOx="5.43" PMx="0.45" fuel="5.96" electricity="0.00" noise="81.03" route="routetop" type="cfm_slow" waiting="0.00" lane="top_0" pos="45.29" speed="47.00" angle="193.03" x="-0.93" y="73.31"/>
        <vehicle id="cfm_slow_2" eclass="HBEFA3/PC_G_EU4" CO2="13867.12" CO="488.45" HC="2.61" NOx="5.43" PMx="0.45" fuel="5.96" electricity="0.00" noise="81.03" route="routetop" type="cfm_slow" waiting="0.00" lane="left_0" pos="35.29" speed="47.00" angle="121.04" x="34.54" y="5.21"/>
        <vehicle id="cfm_slow_3" eclass="HBEFA3/PC_G_EU4" CO2="13867.12" CO="488.45" HC="2.61" NOx="5.43" PMx="0.45" fuel="5.96" electricity="0.00" noise="81.03" route="routebottom" type="cfm_slow" waiting="0.00" lane="bottom_0" pos="25.29" speed="47.00" angle="48.98" x="110.26" y="17.91"/>
        <vehicle id="cfm_slow_4" eclass="HBEFA3/PC_G_EU4" CO2="13867.12" CO="488.45" HC="2.61" NOx="5.43" PMx="0.45" fuel="5.96" electricity="0.00" noise="81.03" route="routebottom" type="cfm_slow" waiting="0.00" lane="right_0" pos="15.29" speed="47.00" angle="336.91" x="121.57" y="93.85"/>
    </timestep>
    <timestep time="50.90">
        <vehicle id="cfm_slow_0" eclass="HBEFA3/PC_G_EU4" CO2="13867.12" CO="488.45" HC="2.61" NOx="5.43" PMx="0.45" fuel="5.96" electricity="0.00" noise="81.03" route="routetop" type="cfm_slow" waiting="0.00" lane="top_0" pos="9.99" speed="47.00" angle="256.50" x="43.48" y="125.77"/>
        <vehicle id="cfm_slow_1" eclass="HBEFA3/PC_G_EU4" CO2="13867.12" CO="488.45" HC="2.61" NOx="5.43" PMx="0.45" fuel="5.96" electricity="0.00" noise="81.03" route="routetop" type="cfm_slow" waiting="0.00" lane="top_0" pos="49.99" speed="47.00" angle="184.53" x="-1.65" y="63.71"/>
        <vehicle id="cfm_slow_2" eclass="HBEFA3/PC_G_EU4" CO2="0.00" CO="0.00" HC="0.00" NOx="0.00" PMx="0.00" fuel="0.00" electricity="0.00" noise="81.03" route="routetop" type="cfm_slow" waiting="0.00" lane="left_0" pos="39.99" speed="47.00" angle="112.52" x="43.45" y="1.56"/>
        <vehicle id="cfm_slow_3" eclass="HBEFA3/PC_G_EU4" CO2="13867.12" CO="488.45" HC="2.61" NOx="5.43" PMx="0.45" fuel="5.96" electricity="0.00" noise="81.03" route="routebottom" type="cfm_slow" waiting="0.00" lane="bottom_0" pos="29.99" speed="47.00" angle="40.50" x="116.47" y="25.26"/>
        <vehicle id="cfm_slow_4" eclass="HBEFA3/PC_G_EU4" CO2="13867.12" CO="488.45" HC="2.61" NOx="5.43" PMx="0.45" fuel="5.96" electricity="0.00" noise="81.03" route="routebottom" type="cfm_slow" waiting="0.00" lane="right_0" pos="19.99" speed="47.00" angle="328.46" x="116.49" y="102.03"/>
    </timestep>
    <timestep time="51.00">
        <vehicle id="cfm_slow_0" eclass="HBEFA3/PC_G_EU4" CO2="13867.12" CO="488.45" HC="2.61" NOx="5.43" PMx="0.45" fuel="5.96" electricity="0.00" noise="81.03" route="routetop" type="cfm_slow" waiting="0.00" lane="top_0" pos="14.69" speed="47.00" angle="248.02" x="34.57" y="122.12"/>
        <vehicle id="cfm_slow_1" eclass="HBEFA3/PC_G_EU4" CO2="13867.12" CO="488.45" HC="2.61" NOx="5.43" PMx="0.45" fuel="5.96" electricity="0.00" noise="81.03" route="routetop" type="cfm_slow" waiting="0.00" lane="left_0" pos="4.69" speed="47.00" angle="176.07" x="-0.93" y="54.05"/>
        <vehicle id="cfm_slow_2" eclass="HBEFA3/PC_G_EU4" CO2="13867.12" CO="488.45" HC="2.61" NOx="5.43" PMx="0.45" fuel="5.96" electricity="0.00" noise="81.03" route="routetop" type="cfm_slow" waiting="0.00" lane="left_0" pos="44.69" speed="47.00" angle="104.07" x="52.80" y="-0.74"/>
        <vehicle id="cfm_slow_3" eclass="HBEFA3/PC_G_EU4" CO2="13867.12" CO="488.45" HC="2.61" NOx="5.43" PMx="0.45" fuel="5.96" electricity="0.00" noise="81.03" route="routebottom" type="cfm_slow" waiting="0.00" lane="bottom_0" pos="34.69" speed="47.00" angle="32.13" x="121.56" y="33.44"/>
        <vehicle id="cfm_slow_4" eclass="HBEFA3/PC_G_EU4" CO2="13867.12" CO="488.45" HC="2.61" NOx="5.43" PMx="0.45" fuel="5.96" electricity="0.00" noise="81.03" route="routebottom" type="cfm_slow" waiting="0.00" lane="right_0" pos="24.69" speed="47.00" angle="320.09" x="110.28" y="109.39"/>
    </timestep>
    <timestep time="51.10">
        <vehicle id="cfm_slow_0" eclass="HBEFA3/PC_G_EU4" CO2="13867.12" CO="488.45" HC="2.61" NOx="5.43" PMx="0.45" fuel="5.96" electricity="0.00" noise="81.03" route="routetop" type="cfm_slow" waiting="0.00" lane="top_0" pos="19.39" speed="47.00" angle="239.57" x="26.29" y="117.21"/>
        <vehicle id="cfm_slow_1" eclass="HBEFA3/PC_G_EU4" CO2="13867.12" CO="488.45" HC="2.61" NOx="5.43" PMx="0.45" fuel="5.96" electricity="0.00" noise="81.03" route="routetop" type="cfm_slow" waiting="0.00" lane="left_0" pos="9.39" speed="47.00" angle="167.55" x="1.19" y="44.65"/>
        <vehicle id="cfm_slow_2" eclass="HBEFA3/PC_G_EU4" CO2="13867.12" CO="488.45" HC="2.61" NOx="5.43" PMx="0.45" fuel="5.96" electricity="0.00" noise="81.03" route="routetop" type="cfm_slow" waiting="0.00" lane="left_0" pos="49.39" speed="47.00" angle="95.61" x="62.38" y="-1.63"/>
        <vehicle id="cfm_slow_3" eclass="HBEFA3/PC_G_EU4" CO2="13867.12" CO="488.45" HC="2.61" NOx="5.43" PMx="0.45" fuel="5.96" electricity="0.00" noise="81.03" route="routebottom" type="cfm_slow" waiting="0.00" lane="bottom_0" pos="39.39" speed="47.00" angle="23.59" x="125.37" y="42.28"/>
        <vehicle id="cfm_slow_4" eclass="HBEFA3/PC_G_EU4" CO2="13867.12" CO="488.45" HC="2.61" NOx="5.43" PMx="0.45" fuel="5.96" electricity="0.00" noise="81.03" route="routebottom" type="cfm_slow" waiting="0.00" lane="right_0" pos="29.39" speed="47.00" angle="311.54" x="103.05" y="115.74"/>
    </timestep>
    <timestep time="51.20">
        <vehicle id="cfm_slow_0" eclass="HBEFA3/PC_G_EU4" CO2="13867.12" CO="488.45" HC="2.61" NOx="5.43" PMx="0.45" fuel="5.96" electricity="0.00" noise="81.03" route="routetop" type="cfm_slow" waiting="0.00" lane="top_0" pos="24.09" speed="47.00" angle="231.10" x="18.82" y="111.13"/>
        <vehicle id="cfm_slow_1" eclass="HBEFA3/PC_G_EU4" CO2="0.00" CO="0.00" HC="0.00" NOx="0.00" PMx="0.00" fuel="0.00" electricity="0.00" noise="81.03" route="routetop" type="cfm_slow" waiting="0.00" lane="left_0" pos="14.09" speed="47.00" angle="159.19" x="4.65" y="35.67"/>
        <vehicle id="cfm_slow_2" eclass="HBEFA3/PC_G_EU4" CO2="13867.12" CO="488.45" HC="2.61" NOx="5.43" PMx="0.45" fuel="5.96" electricity="0.00" noise="81.03" route="routebottom" type="cfm_slow" waiting="0.00" lane="bottom_0" pos="4.09" speed="47.00" angle="87.17" x="72.06" y="-1.11"/>
        <vehicle id="cfm_slow_3" eclass="HBEFA3/PC_G_EU4" CO2="13867.12" CO="488.45" HC="2.61" NOx="5.43" PMx="0.45" fuel="5.96" electricity="0.00" noise="81.03" route="routebottom" type="cfm_slow" waiting="0.00" lane="bottom_0" pos="44.09" speed="47.00" angle="15.19" x="127.84" y="51.59"/>
        <vehicle id="cfm_slow_4" eclass="HBEFA3/PC_G_EU4" CO2="13867.12" CO="488.45" HC="2.61" NOx="5.43" PMx="0.45" fuel="5.96" electricity="0.00" noise="81.03" route="routebottom" type="cfm_slow" waiting="0.00" lane="right_0" pos="34.09" speed="47.00" angle="303.17" x="94.96" y="120.97"/>
    </timestep>
    <timestep time="51.30">
        <vehicle id="cfm_slow_0" eclass="HBEFA3/PC_G_EU4" CO2="13867.12" CO="488.45" HC="2.61" NOx="5.43" PMx="0.45" fuel="5.96" electricity="0.00" noise="81.03" route="routetop" type="cfm_slow" waiting="0.00" lane="top_0" pos="28.79" speed="47.00" angle="222.65" x="12.33" y="104.02"/>
        <vehicle id="cfm_slow_1" eclass="HBEFA3/PC_G_EU4" CO2="13867.12" CO="488.45" HC="2.61" NOx="5.43" PMx="0.45" fuel="5.96" electricity="0.00" noise="81.03" route="routetop" type="cfm_slow" waiting="0.00" lane="left_0" pos="18.79" speed="47.00" angle="150.60" x="9.42" y="27.31"/>
        <vehicle id="cfm_slow_2" eclass="HBEFA3/PC_G_EU4" CO2="13867.12" CO="488.45" HC="2.61" NOx="5.43" PMx="0.45" fuel="5.96" electricity="0.00" noise="81.03" route="routebottom" type="cfm_slow" waiting="0.00" lane="bottom_0" pos="8.79" speed="47.00" angle="78.59" x="81.49" y="0.84"/>
        <vehicle id="cfm_slow_3" eclass="HBEFA3/PC_G_EU4" CO2="13867.12" CO="488.45" HC="2.61" NOx="5.43" PMx="0.45" fuel="5.96" electricity="0.00" noise="81.03" route="routebottom" type="cfm_slow" waiting="0.00" lane="bottom_0" pos="48.79" speed="47.00" angle="6.69" x="128.92" y="61.15"/>
        <vehicle id="cfm_slow_4" eclass="HBEFA3/PC_G_EU4" CO2="13867.12" CO="488.45" HC="2.61" NOx="5.43" PMx="0.45" fuel="5.96" electricity="0.00" noise="81.03" route="routebottom" type="cfm_slow" waiting="0.00" lane="right_0" pos="38.79" speed="47.00" angle="294.68" x="86.20" y="124.95"/>
    </timestep>
    <timestep time="51.40">
        <vehicle id="cfm_slow_0" eclass="HBEFA3/PC_G_EU4" CO2="13867.12" CO="488.45" HC="2.61" NOx="5.43" PMx="0.45" fuel="5.96" electricity="0.00" noise="81.03" route="routetop" type="cfm_slow" waiting="0.00" lane="top_0" pos="33.49" speed="47.00" angle="214.27" x="6.95" y="96.04"/>
        <vehicle id="cfm_slow_1" eclass="HBEFA3/PC_G_EU4" CO2="0.00" CO="0.00" HC="0.00" NOx="0.00" PMx="0.00" fuel="0.00" electricity="0.00" noise="81.03" route="routetop" type="cfm_slow" waiting="0.00" lane="left_0" pos="23.49" speed="47.00" angle="142.21" x="15.36" y="19.73"/>
        <vehicle id="cfm_slow_2" eclass="HBEFA3/PC_G_EU4" CO2="13867.12" CO="488.45" HC="2.61" NOx="5.43" PMx="0.45" fuel="5.96" electricity="0.00" noise="81.03" route="routebottom" type="cfm_slow" waiting="0.00" lane="bottom_0" pos="13.49" speed="47.00" angle="70.23" x="90.53" y="4.14"/>
        <vehicle id="cfm_slow_3" eclass="HBEFA3/PC_G_EU4" CO2="13867.12" CO="488.45" HC="2.61" NOx="5.43" PMx="0.45" fuel="5.96" electricity="0.00" noise="81.03" route="routebottom" type="cfm_slow" waiting="0.00" lane="right_0" pos="3.49" speed="47.00" angle="358.22" x="128.57" y="70.84"/>
        <vehicle id="cfm_slow_4" eclass="HBEFA3/PC_G_EU4" CO2="13867.12" CO="488.45" HC="2.61" NOx="5.43" PMx="0.45" fuel="5.96" electricity="0.00" noise="81.03" route="routebottom" type="cfm_slow" waiting="0.00" lane="right_0" pos="43.49" speed="47.00" angle="286.29" x="76.94" y="127.61"/>
    </timestep>
    <timestep time="51.50">
        <vehicle id="cfm_slow_0" eclass="HBEFA3/PC_G_EU4" CO2="13867.12" CO="488.45" HC="2.61" NOx="5.43" PMx="0.45" fuel="5.96" electricity="0.00" noise="81.03" route="routetop" type="cfm_slow" waiting="0.00" lane="top_0" pos="38.19" speed="47.00" angle="205.72" x="2.81" y="87.35"/>
        <vehicle id="cfm_slow_1" eclass="HBEFA3/PC_G_EU4" CO2="13867.12" CO="488.45" HC="2.61" NOx="5.43" PMx="0.45" fuel="5.96" electricity="0.00" noise="81.03" route="routetop" type="cfm_slow" waiting="0.00" lane="left_0" pos="28.19" speed="47.00" angle="133.78" x="22.33" y="13.09"/>
        <vehicle id="cfm_slow_2" eclass="HBEFA3/PC_G_EU4" CO2="13867.12" CO="488.45" HC="2.61" NOx="5.43" PMx="0.45" fuel="5.96" electricity="0.00" noise="81.03" route="routebottom" type="cfm_slow" waiting="0.00" lane="bottom_0" pos="18.19" speed="47.00" angle="61.73" x="98.99" y="8.74"/>
        <vehicle id="cfm_slow_3" eclass="HBEFA3/PC_G_EU4" CO2="13867.12" CO="488.45" HC="2.61" NOx="5.43" PMx="0.45" fuel="5.96" electricity="0.00" noise="81.03" route="routebottom" type="cfm_slow" waiting="0.00" lane="right_0" pos="8.19" speed="47.00" angle="349.71" x="126.81" y="80.30"/>
        <vehicle id="cfm_slow_4" eclass="HBEFA3/PC_G_EU4" CO2="13867.12" CO="488.45" HC="2.61" NOx="5.43" PMx="0.45" fuel="5.96" electricity="0.00" noise="81.03" route="routebottom" type="cfm_slow" waiting="0.00" lane="right_0" pos="48.19" speed="47.00" angle="277.77" x="67.40" y="128.86"/>
    </timestep>
    <timestep time="51.60">
        <vehicle id="cfm_slow_0" eclass="HBEFA3/PC_G_EU4" CO2="13867.12" CO="488.45" HC="2.61" NOx="5.43" PMx="0.45" fuel="5.96" electricity="0.00" noise="81.03" route="routetop" type="cfm_slow" waiting="0.00" lane="top_0" pos="42.89" speed="47.00" angle="197.31" x="-0.01" y="78.14"/>
        <vehicle id="cfm_slow_1" eclass="HBEFA3/PC_G_EU4" CO2="13867.12" CO="488.45" HC="2.61" NOx="5.43" PMx="0.45" fuel="5.96" electricity="0.00" noise="81.03" route="routetop" type="cfm_slow" waiting="0.00" lane="left_0" pos="32.89" speed="47.00" angle="125.30" x="30.22" y="7.57"/>
        <vehicle id="cfm_slow_2" eclass="HBEFA3/PC_G_EU4" CO2="13867.12" CO="488.45" HC="2.61" NOx="5.43" PMx="0.45" fuel="5.96" electricity="0.00" noise="81.03" route="routebottom" type="cfm_slow" waiting="0.00" lane="bottom_0" pos="22.89" speed="47.00" angle="53.26" x="106.68" y="14.53"/>
        <vehicle id="cfm_slow_3" eclass="HBEFA3/PC_G_EU4" CO2="13867.12" CO="488.45" HC="2.61" NOx="5.43" PMx="0.45" fuel="5.96" electricity="0.00" noise="81.03" route="routebottom" type="cfm_slow" waiting="0.00" lane="right_0" pos="12.89" speed="47.00" angle="341.33" x="123.68" y="89.41"/>
        <vehicle id="cfm_slow_4" eclass="HBEFA3/PC_G_EU4" CO2="13867.12" CO="488.45" HC="2.61" NOx="5.43" PMx="0.45" fuel="5.96" electricity="0.00" noise="81.03" route="routetop" type="cfm_slow" waiting="0.00" lane="top_0" pos="2.89" speed="47.00" angle="269.31" x="57.71" y="128.70"/>
    </timestep>
    <timestep time="51.70">
        <vehicle id="cfm_slow_0" eclass="HBEFA3/PC_G_EU4" CO2="13867.12" CO="488.45" HC="2.61" NOx="5.43" PMx="0.45" fuel="5.96" electricity="0.00" noise="81.03" route="routetop" type="cfm_slow" waiting="0.00" lane="top_0" pos="47.59" speed="47.00" angle="188.89" x="-1.46" y="68.62"/>
        <vehicle id="cfm_slow_1" eclass="HBEFA3/PC_G_EU4" CO2="13867.12" CO="488.45" HC="2.61" NOx="5.43" PMx="0.45" fuel="5.96" electricity="0.00" noise="81.03" route="routetop" type="cfm_slow" waiting="0.00" lane="left_0" pos="37.59" speed="47.00" angle="116.84" x="38.83" y="3.27"/>
        <vehicle id="cfm_slow_2" eclass="HBEFA3/PC_G_EU4" CO2="13867.12" CO="488.45" HC="2.61" NOx="5.43" PMx="0.45" fuel="5.96" electricity="0.00" noise="81.03" route="routebottom" type="cfm_slow" waiting="0.00" lane="bottom_0" pos="27.59" speed="47.00" angle="44.83" x="113.43" y="21.39"/>
        <vehicle id="cfm_slow_3" eclass="HBEFA3/PC_G_EU4" CO2="13867.12" CO="488.45" HC="2.61" NOx="5.43" PMx="0.45" fuel="5.96" electricity="0.00" noise="81.03" route="routebottom" type="cfm_slow" waiting="0.00" lane="right_0" pos="17.59" speed="47.00" angle="332.83" x="119.24" y="97.95"/>
        <vehicle id="cfm_slow_4" eclass="HBEFA3/PC_G_EU4" CO2="13867.12" CO="488.45" HC="2.61" NOx="5.43" PMx="0.45" fuel="5.96" electricity="0.00" noise="81.03" route="routetop" type="cfm_slow" waiting="0.00" lane="top_0" pos="7.59" speed="47.00" angle="260.74" x="48.21" y="127.11"/>
    </timestep>
    <timestep time="51.80">
        <vehicle id="cfm_slow_0" eclass="HBEFA3/PC_G_EU4" CO2="13867.12" CO="488.45" HC="2.61" NOx="5.43" PMx="0.45" fuel="5.96" electricity="0.00" noise="81.03" route="routetop" type="cfm_slow" waiting="0.00" lane="left_0" pos="2.29" speed="47.00" angle="180.36" x="-1.47" y="58.94"/>
        <vehicle id="cfm_slow_1" eclass="HBEFA3/PC_G_EU4" CO2="0.00" CO="0.00" HC="0.00" NOx="0.00" PMx="0.00" fuel="0.00" electricity="0.00" noise="81.03" route="routetop" type="cfm_slow" waiting="0.00" lane="left_0" pos="42.29" speed="47.00" angle="108.39" x="47.98" y="0.26"/>
        <vehicle id="cfm_slow_2" eclass="HBEFA3/PC_G_EU4" CO2="13867.12" CO="488.45" HC="2.61" NOx="5.43" PMx="0.45" fuel="5.96" electricity="0.00" noise="81.03" route="routebottom" type="cfm_slow" waiting="0.00" lane="bottom_0" pos="32.29" speed="47.00" angle="36.43" x="119.12" y="29.17"/>
        <vehicle id="cfm_slow_3" eclass="HBEFA3/PC_G_EU4" CO2="13867.12" CO="488.45" HC="2.61" NOx="5.43" PMx="0.45" fuel="5.96" electricity="0.00" noise="81.03" route="routebottom" type="cfm_slow" waiting="0.00" lane="right_0" pos="22.29" speed="47.00" angle="324.35" x="113.59" y="105.75"/>
        <vehicle id="cfm_slow_4" eclass="HBEFA3/PC_G_EU4" CO2="13867.12" CO="488.45" HC="2.61" NOx="5.43" PMx="0.45" fuel="5.96" electricity="0.00" noise="81.03" route="routetop" type="cfm_slow" waiting="0.00" lane="top_0" pos="12.29" speed="47.00" angle="252.33" x="39.05" y="124.14"/>
    </timestep>
    <timestep time="51.90">
        <vehicle id="cfm_slow_0" eclass="HBEFA3/PC_G_EU4" CO2="13867.12" CO="488.45" HC="2.61" NOx="5.43" PMx="0.45" fuel="5.96" electricity="0.00" noise="81.03" route="routetop" type="cfm_slow" waiting="0.00" lane="left_0" pos="6.99" speed="47.00" angle="171.87" x="-0.06" y="49.41"/>
        <vehicle id="cfm_slow_1" eclass="HBEFA3/PC_G_EU4" CO2="13867.12" CO="488.45" HC="2.61" NOx="5.43" PMx="0.45" fuel="5.96" electricity="0.00" noise="81.03" route="routetop" type="cfm_slow" waiting="0.00" lane="left_0" pos="46.99" speed="47.00" angle="99.95" x="57.47" y="-1.35"/>
        <vehicle id="cfm_slow_2" eclass="HBEFA3/PC_G_EU4" CO2="13867.12" CO="488.45" HC="2.61" NOx="5.43" PMx="0.45" fuel="5.96" electricity="0.00" noise="81.03" route="routebottom" type="cfm_slow" waiting="0.00" lane="bottom_0" pos="36.99" speed="47.00" angle="27.85" x="123.58" y="37.70"/>
        <vehicle id="cfm_slow_3" eclass="HBEFA3/PC_G_EU4" CO2="13867.12" CO="488.45" HC="2.61" NOx="5.43" PMx="0.45" fuel="5.96" electricity="0.00" noise="81.03" route="routebottom" type="cfm_slow" waiting="0.00" lane="right_0" pos="26.99" speed="47.00" angle="316.00" x="106.87" y="112.64"/>
        <vehicle id="cfm_slow_4" eclass="HBEFA3/PC_G_EU4" CO2="13867.12" CO="488.45" HC="2.61" NOx="5.43" PMx="0.45" fuel="5.96" electricity="0.00" noise="81.03" route="routetop" type="cfm_slow" waiting="0.00" lane="top_0" pos="16.99" speed="47.00" angle="243.95" x="30.43" y="119.87"/>
    </timestep>
    <timestep time="52.00">
        <vehicle id="cfm_slow_0" eclass="HBEFA3/PC_G_EU4" CO2="13867.12" CO="488.45" HC="2.61" NOx="5.43" PMx="0.45" fuel="5.96" electricity="0.00" noise="81.03" route="routetop" type="cfm_slow" waiting="0.00" lane="left_0" pos="11.69" speed="47.00" angle="163.42" x="2.72" y="40.20"/>
        <vehicle id="cfm_slow_1" eclass="HBEFA3/PC_G_EU4" CO2="13867.12" CO="488.45" HC="2.61" NOx="5.43" PMx="0.45" fuel="5.96" electricity="0.00" noise="81.03" route="routebottom" type="cfm_slow" waiting="0.00" lane="bottom_0" pos="1.69" speed="47.00" angle="91.45" x="67.16" y="-1.55"/>
        <vehicle id="cfm_slow_2" eclass="HBEFA3/PC_G_EU4" CO2="13867.12" CO="488.45" HC="2.61" NOx="5.43" PMx="0.45" fuel="5.96" electricity="0.00" noise="81.03" route="routebottom" type="cfm_slow" waiting="0.00" lane="bottom_0" pos="41.69" speed="47.00" angle="19.46" x="126.74" y="46.79"/>
        <vehicle id="cfm_slow_3" eclass="HBEFA3/PC_G_EU4" CO2="13867.12" CO="488.45" HC="2.61" NOx="5.43" PMx="0.45" fuel="5.96" electricity="0.00" noise="81.03" route="routebottom" type="cfm_slow" waiting="0.00" lane="right_0" pos="31.69" speed="47.00" angle="307.43" x="99.19" y="118.46"/>
        <vehicle id="cfm_slow_4" eclass="HBEFA3/PC_G_EU4" CO2="13867.12" CO="488.45" HC="2.61" NOx="5.43" PMx="0.45" fuel="5.96" electricity="0.00" noise="81.03" route="routetop" type="cfm_slow" waiting="0.00" lane="top_0" pos="21.69" speed="47.00" angle="235.43" x="22.52" y="114.38"/>
    </timestep>
    <timestep time="52.10">
        <vehicle id="cfm_slow_0" eclass="HBEFA3/PC_G_EU4" CO2="13867.12" CO="488.45" HC="2.61" NOx="5.43" PMx="0.45" fuel="5.96" electricity="0.00" noise="81.03" route="routetop" type="cfm_slow" waiting="0.00" lane="left_0" pos="16.39" speed="47.00" angle="155.00" x="6.83" y="31.49"/>
        <vehicle id="cfm_slow_1" eclass="HBEFA3/PC_G_EU4" CO2="13867.12" CO="488.45" HC="2.61" NOx="5.43" PMx="0.45" fuel="5.96" electricity="0.00" noise="81.03" route="routebottom" type="cfm_slow" waiting="0.00" lane="bottom_0" pos="6.39" speed="47.00" angle="82.98" x="76.71" y="-0.33"/>
        <vehicle id="cfm_slow_2" eclass="HBEFA3/PC_G_EU4" CO2="13867.12" CO="488.45" HC="2.61" NOx="5.43" PMx="0.45" fuel="5.96" electricity="0.00" noise="81.03" route="routebottom" type="cfm_slow" waiting="0.00" lane="bottom_0" pos="46.39" speed="47.00" angle="11.04" x="128.55" y="56.25"/>
        <vehicle id="cfm_slow_3" eclass="HBEFA3/PC_G_EU4" CO2="13867.12" CO="488.45" HC="2.61" NOx="5.43" PMx="0.45" fuel="5.96" electricity="0.00" noise="81.03" route="routebottom" type="cfm_slow" waiting="0.00" lane="right_0" pos="36.39" speed="47.00" angle="299.01" x="90.75" y="123.08"/>
        <vehicle id="cfm_slow_4" eclass="HBEFA3/PC_G_EU4" CO2="13867.12" CO="488.45" HC="2.61" NOx="5.43" PMx="0.45" fuel="5.96" electricity="0.00" noise="81.03" route="routetop" type="cfm_slow" waiting="0.00" lane="top_0" pos="26.39" speed="47.00" angle="227.03" x="15.51" y="107.77"/>
    </timestep>
    <timestep time="52.20">
        <vehicle id="cfm_slow_0" eclass="HBEFA3/PC_G_EU4" CO2="13867.12" CO="488.45" HC="2.61" NOx="5.43" PMx="0.45" fuel="5.96" electricity="0.00" noise="81.03" route="routetop" type="cfm_slow" waiting="0.00" lane="left_0" pos="21.09" speed="47.00" angle="146.50" x="12.19" y="23.49"/>
        <vehicle id="cfm_slow_1" eclass="HBEFA3/PC_G_EU4" CO2="13867.12" CO="488.45" HC="2.61" NOx="5.43" PMx="0.45" fuel="5.96" electricity="0.00" noise="81.03" route="routebottom" type="cfm_slow" waiting="0.00" lane="bottom_0" pos="11.09" speed="47.00" angle="74.49" x="85.97" y="2.29"/>
        <vehicle id="cfm_slow_2" eclass="HBEFA3/PC_G_EU4" CO2="13867.12" CO="488.45" HC="2.61" NOx="5.43" PMx="0.45" fuel="5.96" electricity="0.00" noise="81.03" route="routebottom" type="cfm_slow" waiting="0.00" lane="right_0" pos="1.09" speed="47.00" angle="2.50" x="128.93" y="65.93"/>
        <vehicle id="cfm_slow_3" eclass="HBEFA3/PC_G_EU4" CO2="13867.12" CO="488.45" HC="2.61" NOx="5.43" PMx="0.45" fuel="5.96" electricity="0.00" noise="81.03" route="routebottom" type="cfm_slow" waiting="0.00" lane="right_0" pos="41.09" speed="47.00" angle="290.58" x="81.72" y="126.43"/>
        <vehicle id="cfm_slow_4" eclass="HBEFA3/PC_G_EU4" CO2="13867.12" CO="488.45" HC="2.61" NOx="5.43" PMx="0.45" fuel="5.96" electricity="0.00" noise="81.03" route="routetop" type="cfm_slow" waiting="0.00" lane="top_0" pos="31.09" speed="47.00" angle="218.50" x="9.55" y="100.21"/>
    </timestep>
    <timestep time="52.30">
        <vehicle id="cfm_slow_0" eclass="HBEFA3/PC_G_EU4" CO2="13867.12" CO="488.45" HC="2.61" NOx="5.43" PMx="0.45" fuel="5.96" electricity="0.00" noise="81.03" route="routetop" type="cfm_slow" waiting="0.00" lane="left_0" pos="25.79" speed="47.00" angle="138.10" x="18.65" y="16.35"/>
        <vehicle id="cfm_slow_1" eclass="HBEFA3/PC_G_EU4" CO2="13867.12" CO="488.45" HC="2.61" NOx="5.43" PMx="0.45" fuel="5.96" electricity="0.00" noise="81.03" route="routebottom" type="cfm_slow" waiting="0.00" lane="bottom_0" pos="15.79" speed="47.00" angle="66.09" x="94.75" y="6.24"/>
        <vehicle id="cfm_slow_2" eclass="HBEFA3/PC_G_EU4" CO2="13867.12" CO="488.45" HC="2.61" NOx="5.43" PMx="0.45" fuel="5.96" electricity="0.00" noise="81.03" route="routebottom" type="cfm_slow" waiting="0.00" lane="right_0" pos="5.79" speed="47.00" angle="354.08" x="127.88" y="75.50"/>
        <vehicle id="cfm_slow_3" eclass="HBEFA3/PC_G_EU4" CO2="13867.12" CO="488.45" HC="2.61" NOx="5.43" PMx="0.45" fuel="5.96" electricity="0.00" noise="81.03" route="routebottom" type="cfm_slow" waiting="0.00" lane="right_0" pos="45.79" speed="47.00" angle="282.06" x="72.29" y="128.39"/>
        <vehicle id="cfm_slow_4" eclass="HBEFA3/PC_G_EU4" CO2="13867.12" CO="488.45" HC="2.61" NOx="5.43" PMx="0.45" fuel="5.96" electricity="0.00" noise="81.03" route="routetop" type="cfm_slow" waiting="0.00" lane="top_0" pos="35.79" speed="47.00" angle="210.14" x="4.75" y="91.87"/>
    </timestep>
    <timestep time="52.40">
        <vehicle id="cfm_slow_0" eclass="HBEFA3/PC_G_EU4" CO2="0.00" CO="0.00" HC="0.00" NOx="0.00" PMx="0.00" fuel="0.00" electricity="0.00" noise="81.03" route="routetop" type="cfm_slow" waiting="0.00" lane="left_0" pos="30.49" speed="47.00" angle="129.57" x="26.10" y="10.25"/>
        <vehicle id="cfm_slow_1" eclass="HBEFA3/PC_G_EU4" CO2="13867.12" CO="488.45" HC="2.61" NOx="5.43" PMx="0.45" fuel="5.96" electricity="0.00" noise="81.03" route="routebottom" type="cfm_slow" waiting="0.00" lane="bottom_0" pos="20.49" speed="47.00" angle="57.58" x="102.86" y="11.43"/>
        <vehicle id="cfm_slow_2" eclass="HBEFA3/PC_G_EU4" CO2="13867.12" CO="488.45" HC="2.61" NOx="5.43" PMx="0.45" fuel="5.96" electricity="0.00" noise="81.03" route="routebottom" type="cfm_slow" waiting="0.00" lane="right_0" pos="10.49" speed="47.00" angle="345.63" x="125.45" y="84.82"/>
        <vehicle id="cfm_slow_3" eclass="HBEFA3/PC_G_EU4" CO2="13867.12" CO="488.45" HC="2.61" NOx="5.43" PMx="0.45" fuel="5.96" electricity="0.00" noise="81.03" route="routetop" type="cfm_slow" waiting="0.00" lane="top_0" pos="0.49" speed="47.00" angle="273.59" x="62.62" y="128.95"/>
        <vehicle id="cfm_slow_4" eclass="HBEFA3/PC_G_EU4" CO2="13867.12" CO="488.45" HC="2.61" NOx="5.43" PMx="0.45" fuel="5.96" electricity="0.00" noise="81.03" route="routetop" type="cfm_slow" waiting="0.00" lane="top_0" pos="40.49" speed="47.00" angle="201.59" x="1.26" y="82.89"/>
    </timestep>
    <timestep time="52.50">
        <vehicle id="cfm_slow_0" eclass="HBEFA3/PC_G_EU4" CO2="13867.12" CO="488.45" HC="2.61" NOx="5.43" PMx="0.45" fuel="5.96" electricity="0.00" noise="81.03" route="routetop" type="cfm_slow" waiting="0.00" lane="left_0" pos="35.19" speed="47.00" angle="121.23" x="34.35" y="5.30"/>
        <vehicle id="cfm_slow_1" eclass="HBEFA3/PC_G_EU4" CO2="13867.12" CO="488.45" HC="2.61" NOx="5.43" PMx="0.45" fuel="5.96" electricity="0.00" noise="81.03" route="routebottom" type="cfm_slow" waiting="0.00" lane="bottom_0" pos="25.19" speed="47.00" angle="49.17" x="110.11" y="17.77"/>
        <vehicle id="cfm_slow_2" eclass="HBEFA3/PC_G_EU4" CO2="13867.12" CO="488.45" HC="2.61" NOx="5.43" PMx="0.45" fuel="5.96" electricity="0.00" noise="81.03" route="routebottom" type="cfm_slow" waiting="0.00" lane="right_0" pos="15.19" speed="47.00" angle="337.07" x="121.67" y="93.67"/>
        <vehicle id="cfm_slow_3" eclass="HBEFA3/PC_G_EU4" CO2="13867.12" CO="488.45" HC="2.61" NOx="5.43" PMx="0.45" fuel="5.96" electricity="0.00" noise="81.03" route="routetop" type="cfm_slow" waiting="0.00" lane="top_0" pos="5.19" speed="47.00" angle="265.18" x="53.03" y="128.10"/>
        <vehicle id="cfm_slow_4" eclass="HBEFA3/PC_G_EU4" CO2="13867.12" CO="488.45" HC="2.61" NOx="5.43" PMx="0.45" fuel="5.96" electricity="0.00" noise="81.03" route="routetop" type="cfm_slow" waiting="0.00" lane="top_0" pos="45.19" speed="47.00" angle="193.21" x="-0.90" y="73.51"/>
    </timestep>
    <timestep time="52.60">
        <vehicle id="cfm_slow_0" eclass="HBEFA3/PC_G_EU4" CO2="13867.12" CO="488.45" HC="2.61" NOx="5.43" PMx="0.45" fuel="5.96" electricity="0.00" noise="81.03" route="routetop" type="cfm_slow" waiting="0.00" lane="left_0" pos="39.89" speed="47.00" angle="112.70" x="43.25" y="1.63"/>
        <vehicle id="cfm_slow_1" eclass="HBEFA3/PC_G_EU4" CO2="13867.12" CO="488.45" HC="2.61" NOx="5.43" PMx="0.45" fuel="5.96" electricity="0.00" noise="81.03" route="routebottom" type="cfm_slow" waiting="0.00" lane="bottom_0" pos="29.89" speed="47.00" angle="40.68" x="116.35" y="25.10"/>
        <vehicle id="cfm_slow_2" eclass="HBEFA3/PC_G_EU4" CO2="13867.12" CO="488.45" HC="2.61" NOx="5.43" PMx="0.45" fuel="5.96" electricity="0.00" noise="81.03" route="routebottom" type="cfm_slow" waiting="0.00" lane="right_0" pos="19.89" speed="47.00" angle="328.64" x="116.61" y="101.86"/>
        <vehicle id="cfm_slow_3" eclass="HBEFA3/PC_G_EU4" CO2="13867.12" CO="488.45" HC="2.61" NOx="5.43" PMx="0.45" fuel="5.96" electricity="0.00" noise="81.03" route="routetop" type="cfm_slow" waiting="0.00" lane="top_0" pos="9.89" speed="47.00" angle="256.69" x="43.67" y="125.84"/>
        <vehicle id="cfm_slow_4" eclass="HBEFA3/PC_G_EU4" CO2="13867.12" CO="488.45" HC="2.61" NOx="5.43" PMx="0.45" fuel="5.96" electricity="0.00" noise="81.03" route="routetop" type="cfm_slow" waiting="0.00" lane="top_0" pos="49.89" speed="47.00" angle="184.66" x="-1.65" y="63.91"/>
    </timestep>
    <timestep time="52.70">
        <vehicle id="cfm_slow_0" eclass="HBEFA3/PC_G_EU4" CO2="0.00" CO="0.00" HC="0.00" NOx="0.00" PMx="0.00" fuel="0.00" electricity="0.00" noise="81.03" route="routetop" type="cfm_slow" waiting="0.00" lane="left_0" pos="44.59" speed="47.00" angle="104.25" x="52.60" y="-0.70"/>
        <vehicle id="cfm_slow_1" eclass="HBEFA3/PC_G_EU4" CO2="13867.12" CO="488.45" HC="2.61" NOx="5.43" PMx="0.45" fuel="5.96" electricity="0.00" noise="81.03" route="routebottom" type="cfm_slow" waiting="0.00" lane="bottom_0" pos="34.59" speed="47.00" angle="32.30" x="121.47" y="33.26"/>
        <vehicle id="cfm_slow_2" eclass="HBEFA3/PC_G_EU4" CO2="13867.12" CO="488.45" HC="2.61" NOx="5.43" PMx="0.45" fuel="5.96" electricity="0.00" noise="81.03" route="routebottom" type="cfm_slow" waiting="0.00" lane="right_0" pos="24.59" speed="47.00" angle="320.28" x="110.43" y="109.24"/>
        <vehicle id="cfm_slow_3" eclass="HBEFA3/PC_G_EU4" CO2="13867.12" CO="488.45" HC="2.61" NOx="5.43" PMx="0.45" fuel="5.96" electricity="0.00" noise="81.03" route="routetop" type="cfm_slow" waiting="0.00" lane="top_0" pos="14.59" speed="47.00" angle="248.21" x="34.75" y="122.22"/>
        <vehicle id="cfm_slow_4" eclass="HBEFA3/PC_G_EU4" CO2="13867.12" CO="488.45" HC="2.61" NOx="5.43" PMx="0.45" fuel="5.96" electricity="0.00" noise="81.03" route="routetop" type="cfm_slow" waiting="0.00" lane="left_0" pos="4.59" speed="47.00" angle="176.25" x="-0.96" y="54.25"/>
    </timestep>
    <timestep time="52.80">
        <vehicle id="cfm_slow_0" eclass="HBEFA3/PC_G_EU4" CO2="13867.12" CO="488.45" HC="2.61" NOx="5.43" PMx="0.45" fuel="5.96" electricity="0.00" noise="81.03" route="routetop" type="cfm_slow" waiting="0.00" lane="left_0" pos="49.29" speed="47.00" angle="95.80" x="62.18" y="-1.62"/>
        <vehicle id="cfm_slow_1" eclass="HBEFA3/PC_G_EU4" CO2="13867.12" CO="488.45" HC="2.61" NOx="5.43" PMx="0.45" fuel="5.96" electricity="0.00" noise="81.03" route="routebottom" type="cfm_slow" waiting="0.00" lane="bottom_0" pos="39.29" speed="47.00" angle="23.77" x="125.30" y="42.09"/>
        <vehicle id="cfm_slow_2" eclass="HBEFA3/PC_G_EU4" CO2="13867.12" CO="488.45" HC="2.61" NOx="5.43" PMx="0.45" fuel="5.96" electricity="0.00" noise="81.03" route="routebottom" type="cfm_slow" waiting="0.00" lane="right_0" pos="29.29" speed="47.00" angle="311.71" x="103.21" y="115.62"/>
        <vehicle id="cfm_slow_3" eclass="HBEFA3/PC_G_EU4" CO2="13867.12" CO="488.45" HC="2.61" NOx="5.43" PMx="0.45" fuel="5.96" electricity="0.00" noise="81.03" route="routetop" type="cfm_slow" waiting="0.00" lane="top_0" pos="19.29" speed="47.00" angle="239.76" x="26.45" y="117.33"/>
        <vehicle id="cfm_slow_4" eclass="HBEFA3/PC_G_EU4" CO2="13867.12" CO="488.45" HC="2.61" NOx="5.43" PMx="0.45" fuel="5.96" electricity="0.00" noise="81.03" route="routetop" type="cfm_slow" waiting="0.00" lane="left_0" pos="9.29" speed="47.00" angle="167.73" x="1.13" y="44.85"/>
    </timestep>
    <timestep time="52.90">
        <vehicle id="cfm_slow_0" eclass="HBEFA3/PC_G_EU4" CO2="13867.12" CO="488.45" HC="2.61" NOx="5.43" PMx="0.45" fuel="5.96" electricity="0.00" noise="81.03" route="routebottom" type="cfm_slow" waiting="0.00" lane="bottom_0" pos="3.99" speed="47.00" angle="87.35" x="71.85" y="-1.13"/>
        <vehicle id="cfm_slow_1" eclass="HBEFA3/PC_G_EU4" CO2="13867.12" CO="488.45" HC="2.61" NOx="5.43" PMx="0.45" fuel="5.96" electricity="0.00" noise="81.03" route="routebottom" type="cfm_slow" waiting="0.00" lane="bottom_0" pos="43.99" speed="47.00" angle="15.39" x="127.80" y="51.38"/>
        <vehicle id="cfm_slow_2" eclass="HBEFA3/PC_G_EU4" CO2="13867.12" CO="488.45" HC="2.61" NOx="5.43" PMx="0.45" fuel="5.96" electricity="0.00" noise="81.03" route="routebottom" type="cfm_slow" waiting="0.00" lane="right_0" pos="33.99" speed="47.00" angle="303.36" x="95.14" y="120.87"/>
        <vehicle id="cfm_slow_3" eclass="HBEFA3/PC_G_EU4" CO2="13867.12" CO="488.45" HC="2.61" NOx="5.43" PMx="0.45" fuel="5.96" electricity="0.00" noise="81.03" route="routetop" type="cfm_slow" waiting="0.00" lane="top_0" pos="23.99" speed="47.00" angle="231.28" x="18.97" y="111.27"/>
        <vehicle id="cfm_slow_4" eclass="HBEFA3/PC_G_EU4" CO2="13867.12" CO="488.45" HC="2.61" NOx="5.43" PMx="0.45" fuel="5.96" electricity="0.00" noise="81.03" route="routetop" type="cfm_slow" waiting="0.00" lane="left_0" pos="13.99" speed="47.00" angle="159.32" x="4.56" y="35.86"/>
    </timestep>
    <timestep time="53.00">
        <vehicle id="cfm_slow_0" eclass="HBEFA3/PC_G_EU4" CO2="0.00" CO="0.00" HC="0.00" NOx="0.00" PMx="0.00" fuel="0.00" electricity="0.00" noise="81.03" route="routebottom" type="cfm_slow" waiting="0.00" lane="bottom_0" pos="8.69" speed="47.00" angle="78.78" x="81.29" y="0.78"/>
        <vehicle id="cfm_slow_1" eclass="HBEFA3/PC_G_EU4" CO2="13867.12" CO="488.45" HC="2.61" NOx="5.43" PMx="0.45" fuel="5.96" electricity="0.00" noise="81.03" route="routebottom" type="cfm_slow" waiting="0.00" lane="bottom_0" pos="48.69" speed="47.00" angle="6.85" x="128.91" y="60.95"/>
        <vehicle id="cfm_slow_2" eclass="HBEFA3/PC_G_EU4" CO2="13867.12" CO="488.45" HC="2.61" NOx="5.43" PMx="0.45" fuel="5.96" electricity="0.00" noise="81.03" route="routebottom" type="cfm_slow" waiting="0.00" lane="right_0" pos="38.69" speed="47.00" angle="294.85" x="86.39" y="124.88"/>
        <vehicle id="cfm_slow_3" eclass="HBEFA3/PC_G_EU4" CO2="13867.12" CO="488.45" HC="2.61" NOx="5.43" PMx="0.45" fuel="5.96" electricity="0.00" noise="81.03" route="routetop" type="cfm_slow" waiting="0.00" lane="top_0" pos="28.69" speed="47.00" angle="222.84" x="12.46" y="104.18"/>
        <vehicle id="cfm_slow_4" eclass="HBEFA3/PC_G_EU4" CO2="13867.12" CO="488.45" HC="2.61" NOx="5.43" PMx="0.45" fuel="5.96" electricity="0.00" noise="81.03" route="routetop" type="cfm_slow" waiting="0.00" lane="left_0" pos="18.69" speed="47.00" angle="150.79" x="9.31" y="27.48"/>
    </timestep>
    <timestep time="53.10">
        <vehicle id="cfm_slow_0" eclass="HBEFA3/PC_G_EU4" CO2="13867.12" CO="488.45" HC="2.61" NOx="5.43" PMx="0.45" fuel="5.96" electricity="0.00" noise="81.03" route="routebottom" type="cfm_slow" waiting="0.00" lane="bottom_0" pos="13.39" speed="47.00" angle="70.42" x="90.34" y="4.06"/>
        <vehicle id="cfm_slow_1" eclass="HBEFA3/PC_G_EU4" CO2="13867.12" CO="488.45" HC="2.61" NOx="5.43" PMx="0.45" fuel="5.96" electricity="0.00" noise="81.03" route="routebottom" type="cfm_slow" waiting="0.00" lane="right_0" pos="3.39" speed="47.00" angle="358.40" x="128.59" y="70.63"/>
        <vehicle id="cfm_slow_2" eclass="HBEFA3/PC_G_EU4" CO2="13867.12" CO="488.45" HC="2.61" NOx="5.43" PMx="0.45" fuel="5.96" electricity="0.00" noise="81.03" route="routebottom" type="cfm_slow" waiting="0.00" lane="right_0" pos="43.39" speed="47.00" angle="286.45" x="77.14" y="127.56"/>
        <vehicle id="cfm_slow_3" eclass="HBEFA3/PC_G_EU4" CO2="13867.12" CO="488.45" HC="2.61" NOx="5.43" PMx="0.45" fuel="5.96" electricity="0.00" noise="81.03" route="routetop" type="cfm_slow" waiting="0.00" lane="top_0" pos="33.39" speed="47.00" angle="214.46" x="7.04" y="96.22"/>
        <vehicle id="cfm_slow_4" eclass="HBEFA3/PC_G_EU4" CO2="13867.12" CO="488.45" HC="2.61" NOx="5.43" PMx="0.45" fuel="5.96" electricity="0.00" noise="81.03" route="routetop" type="cfm_slow" waiting="0.00" lane="left_0" pos="23.39" speed="47.00" angle="142.39" x="15.22" y="19.88"/>
    </timestep>
    <timestep time="53.20">
        <vehicle id="cfm_slow_0" eclass="HBEFA3/PC_G_EU4" CO2="13867.12" CO="488.45" HC="2.61" NOx="5.43" PMx="0.45" fuel="5.96" electricity="0.00" noise="81.03" route="routebottom" type="cfm_slow" waiting="0.00" lane="bottom_0" pos="18.09" speed="47.00" angle="61.92" x="98.82" y="8.63"/>
        <vehicle id="cfm_slow_1" eclass="HBEFA3/PC_G_EU4" CO2="13867.12" CO="488.45" HC="2.61" NOx="5.43" PMx="0.45" fuel="5.96" electricity="0.00" noise="81.03" route="routebottom" type="cfm_slow" waiting="0.00" lane="right_0" pos="8.09" speed="47.00" angle="349.89" x="126.86" y="80.10"/>
        <vehicle id="cfm_slow_2" eclass="HBEFA3/PC_G_EU4" CO2="13867.12" CO="488.45" HC="2.61" NOx="5.43" PMx="0.45" fuel="5.96" electricity="0.00" noise="81.03" route="routebottom" type="cfm_slow" waiting="0.00" lane="right_0" pos="48.09" speed="47.00" angle="277.96" x="67.60" y="128.84"/>
        <vehicle id="cfm_slow_3" eclass="HBEFA3/PC_G_EU4" CO2="13867.12" CO="488.45" HC="2.61" NOx="5.43" PMx="0.45" fuel="5.96" electricity="0.00" noise="81.03" route="routetop" type="cfm_slow" waiting="0.00" lane="top_0" pos="38.09" speed="47.00" angle="205.91" x="2.89" y="87.54"/>
        <vehicle id="cfm_slow_4" eclass="HBEFA3/PC_G_EU4" CO2="13867.12" CO="488.45" HC="2.61" NOx="5.43" PMx="0.45" fuel="5.96" electricity="0.00" noise="81.03" route="routetop" type="cfm_slow" waiting="0.00" lane="left_0" pos="28.09" speed="47.00" angle="133.91" x="22.18" y="13.23"/>
    </timestep>
    <timestep time="53.30">
        <vehicle id="cfm_slow_0" eclass="HBEFA3/PC_G_EU4" CO2="13867.12" CO="488.45" HC="2.61" NOx="5.43" PMx="0.45" fuel="5.96" electricity="0.00" noise="81.03" route="routebottom" type="cfm_slow" waiting="0.00" lane="bottom_0" pos="22.79" speed="47.00" angle="53.45" x="106.53" y="14.40"/>
        <vehicle id="cfm_slow_1" eclass="HBEFA3/PC_G_EU4" CO2="13867.12" CO="488.45" HC="2.61" NOx="5.43" PMx="0.45" fuel="5.96" electricity="0.00" noise="81.03" route="routebottom" type="cfm_slow" waiting="0.00" lane="right_0" pos="12.79" speed="47.00" angle="341.50" x="123.77" y="89.22"/>
        <vehicle id="cfm_slow_2" eclass="HBEFA3/PC_G_EU4" CO2="13867.12" CO="488.45" HC="2.61" NOx="5.43" PMx="0.45" fuel="5.96" electricity="0.00" noise="81.03" route="routetop" type="cfm_slow" waiting="0.00" lane="top_0" pos="2.79" speed="47.00" angle="269.49" x="57.91" y="128.72"/>
        <vehicle id="cfm_slow_3" eclass="HBEFA3/PC_G_EU4" CO2="13867.12" CO="488.45" HC="2.61" NOx="5.43" PMx="0.45" fuel="5.96" electricity="0.00" noise="81.03" route="routetop" type="cfm_slow" waiting="0.00" lane="top_0" pos="42.79" speed="47.00" angle="197.49" x="0.03" y="78.34"/>
        <vehicle id="cfm_slow_4" eclass="HBEFA3/PC_G_EU4" CO2="13867.12" CO="488.45" HC="2.61" NOx="5.43" PMx="0.45" fuel="5.96" electricity="0.00" noise="81.03" route="routetop" type="cfm_slow" waiting="0.00" lane="left_0" pos="32.79" speed="47.00" angle="125.49" x="30.05" y="7.68"/>
    </timestep>
    <timestep time="53.40">
        <vehicle id="cfm_slow_0" eclass="HBEFA3/PC_G_EU4" CO2="13867.12" CO="488.45" HC="2.61" NOx="5.43" PMx="0.45" fuel="5.96" electricity="0.00" noise="81.03" route="routebottom" type="cfm_slow" waiting="0.00" lane="bottom_0" pos="27.49" speed="47.00" angle="45.02" x="113.30" y="21.24"/>
        <vehicle id="cfm_slow_1" eclass="HBEFA3/PC_G_EU4" CO2="13867.12" CO="488.45" HC="2.61" NOx="5.43" PMx="0.45" fuel="5.96" electricity="0.00" noise="81.03" route="routebottom" type="cfm_slow" waiting="0.00" lane="right_0" pos="17.49" speed="47.00" angle="333.02" x="119.35" y="97.78"/>
        <vehicle id="cfm_slow_2" eclass="HBEFA3/PC_G_EU4" CO2="13867.12" CO="488.45" HC="2.61" NOx="5.43" PMx="0.45" fuel="5.96" electricity="0.00" noise="81.03" route="routetop" type="cfm_slow" waiting="0.00" lane="top_0" pos="7.49" speed="47.00" angle="260.91" x="48.41" y="127.16"/>
        <vehicle id="cfm_slow_3" eclass="HBEFA3/PC_G_EU4" CO2="13867.12" CO="488.45" HC="2.61" NOx="5.43" PMx="0.45" fuel="5.96" electricity="0.00" noise="81.03" route="routetop" type="cfm_slow" waiting="0.00" lane="top_0" pos="47.49" speed="47.00" angle="189.07" x="-1.45" y="68.83"/>
        <vehicle id="cfm_slow_4" eclass="HBEFA3/PC_G_EU4" CO2="13867.12" CO="488.45" HC="2.61" NOx="5.43" PMx="0.45" fuel="5.96" electricity="0.00" noise="81.03" route="routetop" type="cfm_slow" waiting="0.00" lane="left_0" pos="37.49" speed="47.00" angle="117.03" x="38.64" y="3.34"/>
    </timestep>
    <timestep time="53.50">
        <vehicle id="cfm_slow_0" eclass="HBEFA3/PC_G_EU4" CO2="13867.12" CO="488.45" HC="2.61" NOx="5.43" PMx="0.45" fuel="5.96" electricity="0.00" noise="81.03" route="routebottom" type="cfm_slow" waiting="0.00" lane="bottom_0" pos="32.19" speed="47.00" angle="36.62" x="119.01" y="28.99"/>
        <vehicle id="cfm_slow_1" eclass="HBEFA3/PC_G_EU4" CO2="13867.12" CO="488.45" HC="2.61" NOx="5.43" PMx="0.45" fuel="5.96" electricity="0.00" noise="81.03" route="routebottom" type="cfm_slow" waiting="0.00" lane="right_0" pos="22.19" speed="47.00" angle="324.53" x="113.72" y="105.59"/>
        <vehicle id="cfm_slow_2" eclass="HBEFA3/PC_G_EU4" CO2="13867.12" CO="488.45" HC="2.61" NOx="5.43" PMx="0.45" fuel="5.96" electricity="0.00" noise="81.03" route="routetop" type="cfm_slow" waiting="0.00" lane="top_0" pos="12.19" speed="47.00" angle="252.51" x="39.24" y="124.22"/>
        <vehicle id="cfm_slow_3" eclass="HBEFA3/PC_G_EU4" CO2="13867.12" CO="488.45" HC="2.61" NOx="5.43" PMx="0.45" fuel="5.96" electricity="0.00" noise="81.03" route="routetop" type="cfm_slow" waiting="0.00" lane="left_0" pos="2.19" speed="47.00" angle="180.54" x="-1.48" y="59.14"/>
        <vehicle id="cfm_slow_4" eclass="HBEFA3/PC_G_EU4" CO2="13867.12" CO="488.45" HC="2.61" NOx="5.43" PMx="0.45" fuel="5.96" electricity="0.00" noise="81.03" route="routetop" type="cfm_slow" waiting="0.00" lane="left_0" pos="42.19" speed="47.00" angle="108.52" x="47.78" y="0.32"/>
    </timestep>
    <timestep time="53.60">
        <vehicle id="cfm_slow_0" eclass="HBEFA3/PC_G_EU4" CO2="13867.12" CO="488.45" HC="2.61" NOx="5.43" PMx="0.45" fuel="5.96" electricity="0.00" noise="81.03" route="routebottom" type="cfm_slow" waiting="0.00" lane="bottom_0" pos="36.89" speed="47.00" angle="28.05" x="123.50" y="37.51"/>
        <vehicle id="cfm_slow_1" eclass="HBEFA3/PC_G_EU4" CO2="13867.12" CO="488.45" HC="2.61" NOx="5.43" PMx="0.45" fuel="5.96" electricity="0.00" noise="81.03" route="routebottom" type="cfm_slow" waiting="0.00" lane="right_0" pos="26.89" speed="47.00" angle="316.18" x="107.02" y="112.51"/>
        <vehicle id="cfm_slow_2" eclass="HBEFA3/PC_G_EU4" CO2="13867.12" CO="488.45" HC="2.61" NOx="5.43" PMx="0.45" fuel="5.96" electricity="0.00" noise="81.03" route="routetop" type="cfm_slow" waiting="0.00" lane="top_0" pos="16.89" speed="47.00" angle="244.13" x="30.60" y="119.98"/>
        <vehicle id="cfm_slow_3" eclass="HBEFA3/PC_G_EU4" CO2="13867.12" CO="488.45" HC="2.61" NOx="5.43" PMx="0.45" fuel="5.96" electricity="0.00" noise="81.03" route="routetop" type="cfm_slow" waiting="0.00" lane="left_0" pos="6.89" speed="47.00" angle="172.06" x="-0.11" y="49.61"/>
        <vehicle id="cfm_slow_4" eclass="HBEFA3/PC_G_EU4" CO2="13867.12" CO="488.45" HC="2.61" NOx="5.43" PMx="0.45" fuel="5.96" electricity="0.00" noise="81.03" route="routetop" type="cfm_slow" waiting="0.00" lane="left_0" pos="46.89" speed="47.00" angle="100.14" x="57.27" y="-1.33"/>
    </timestep>
    <timestep time="53.70">
        <vehicle id="cfm_slow_0" eclass="HBEFA3/PC_G_EU4" CO2="13867.12" CO="488.45" HC="2.61" NOx="5.43" PMx="0.45" fuel="5.96" electricity="0.00" noise="81.03" route="routebottom" type="cfm_slow" waiting="0.00" lane="bottom_0" pos="41.59" speed="47.00" angle="19.65" x="126.69" y="46.59"/>
        <vehicle id="cfm_slow_1" eclass="HBEFA3/PC_G_EU4" CO2="13867.12" CO="488.45" HC="2.61" NOx="5.43" PMx="0.45" fuel="5.96" electricity="0.00" noise="81.03" route="routebottom" type="cfm_slow" waiting="0.00" lane="right_0" pos="31.59" speed="47.00" angle="307.62" x="99.36" y="118.34"/>
        <vehicle id="cfm_slow_2" eclass="HBEFA3/PC_G_EU4" CO2="13867.12" CO="488.45" HC="2.61" NOx="5.43" PMx="0.45" fuel="5.96" electricity="0.00" noise="81.03" route="routetop" type="cfm_slow" waiting="0.00" lane="top_0" pos="21.59" speed="47.00" angle="235.60" x="22.68" y="114.50"/>
        <vehicle id="cfm_slow_3" eclass="HBEFA3/PC_G_EU4" CO2="13867.12" CO="488.45" HC="2.61" NOx="5.43" PMx="0.45" fuel="5.96" electricity="0.00" noise="81.03" route="routetop" type="cfm_slow" waiting="0.00" lane="left_0" pos="11.59" speed="47.00" angle="163.60" x="2.65" y="40.39"/>
        <vehicle id="cfm_slow_4" eclass="HBEFA3/PC_G_EU4" CO2="13867.12" CO="488.45" HC="2.61" NOx="5.43" PMx="0.45" fuel="5.96" electricity="0.00" noise="81.03" route="routebottom" type="cfm_slow" waiting="0.00" lane="bottom_0" pos="1.59" speed="47.00" angle="91.63" x="66.95" y="-1.56"/>
    </timestep>
    <timestep time="53.80">
        <vehicle id="cfm_slow_0" eclass="HBEFA3/PC_G_EU4" CO2="13867.12" CO="488.45" HC="2.61" NOx="5.43" PMx="0.45" fuel="5.96" electricity="0.00" noise="81.03" route="routebottom" type="cfm_slow" waiting="0.00" lane="bottom_0" pos="46.29" speed="47.00" angle="11.22" x="128.53" y="56.04"/>
        <vehicle id="cfm_slow_1" eclass="HBEFA3/PC_G_EU4" CO2="13867.12" CO="488.45" HC="2.61" NOx="5.43" PMx="0.45" fuel="5.96" electricity="0.00" noise="81.03" route="routebottom" type="cfm_slow" waiting="0.00" lane="right_0" pos="36.29" speed="47.00" angle="299.20" x="90.93" y="123.00"/>
        <vehicle id="cfm_slow_2" eclass="HBEFA3/PC_G_EU4" CO2="13867.12" CO="488.45" HC="2.61" NOx="5.43" PMx="0.45" fuel="5.96" electricity="0.00" noise="81.03" route="routetop" type="cfm_slow" waiting="0.00" lane="top_0" pos="26.29" speed="47.00" angle="227.21" x="15.65" y="107.92"/>
        <vehicle id="cfm_slow_3" eclass="HBEFA3/PC_G_EU4" CO2="13867.12" CO="488.45" HC="2.61" NOx="5.43" PMx="0.45" fuel="5.96" electricity="0.00" noise="81.03" route="routetop" type="cfm_slow" waiting="0.00" lane="left_0" pos="16.29" speed="47.00" angle="155.18" x="6.73" y="31.67"/>
        <vehicle id="cfm_slow_4" eclass="HBEFA3/PC_G_EU4" CO2="0.00" CO="0.00" HC="0.00" NOx="0.00" PMx="0.00" fuel="0.00" electricity="0.00" noise="81.03" route="routebottom" type="cfm_slow" waiting="0.00" lane="bottom_0" pos="6.29" speed="47.00" angle="83.12" x="76.51" y="-0.37"/>
    </timestep>
    <timestep time="53.90">
        <vehicle id="cfm_slow_0" eclass="HBEFA3/PC_G_EU4" CO2="13867.12" CO="488.45" HC="2.61" NOx="5.43" PMx="0.45" fuel="5.96" electricity="0.00" noise="81.03" route="routebottom" type="cfm_slow" waiting="0.00" lane="right_0" pos="0.99" speed="47.00" angle="2.68" x="128.93" y="65.72"/>
        <vehicle id="cfm_slow_1" eclass="HBEFA3/PC_G_EU4" CO2="13867.12" CO="488.45" HC="2.61" NOx="5.43" PMx="0.45" fuel="5.96" electricity="0.00" noise="81.03" route="routebottom" type="cfm_slow" waiting="0.00" lane="right_0" pos="40.99" speed="47.00" angle="290.75" x="81.92" y="126.37"/>
        <vehicle id="cfm_slow_2" eclass="HBEFA3/PC_G_EU4" CO2="13867.12" CO="488.45" HC="2.61" NOx="5.43" PMx="0.45" fuel="5.96" electricity="0.00" noise="81.03" route="routetop" type="cfm_slow" waiting="0.00" lane="top_0" pos="30.99" speed="47.00" angle="218.68" x="9.67" y="100.38"/>
        <vehicle id="cfm_slow_3" eclass="HBEFA3/PC_G_EU4" CO2="13867.12" CO="488.45" HC="2.61" NOx="5.43" PMx="0.45" fuel="5.96" electricity="0.00" noise="81.03" route="routetop" type="cfm_slow" waiting="0.00" lane="left_0" pos="20.99" speed="47.00" angle="146.69" x="12.06" y="23.65"/>
        <vehicle id="cfm_slow_4" eclass="HBEFA3/PC_G_EU4" CO2="13867.12" CO="488.45" HC="2.61" NOx="5.43" PMx="0.45" fuel="5.96" electricity="0.00" noise="81.03" route="routebottom" type="cfm_slow" waiting="0.00" lane="bottom_0" pos="10.99" speed="47.00" angle="74.67" x="85.78" y="2.22"/>
    </timestep>
    <timestep time="54.00">
        <vehicle id="cfm_slow_0" eclass="HBEFA3/PC_G_EU4" CO2="13867.12" CO="488.45" HC="2.61" NOx="5.43" PMx="0.45" fuel="5.96" electricity="0.00" noise="81.03" route="routebottom" type="cfm_slow" waiting="0.00" lane="right_0" pos="5.69" speed="47.00" angle="354.26" x="127.92" y="75.30"/>
        <vehicle id="cfm_slow_1" eclass="HBEFA3/PC_G_EU4" CO2="13867.12" CO="488.45" HC="2.61" NOx="5.43" PMx="0.45" fuel="5.96" electricity="0.00" noise="81.03" route="routebottom" type="cfm_slow" waiting="0.00" lane="right_0" pos="45.69" speed="47.00" angle="282.24" x="72.50" y="128.36"/>
        <vehicle id="cfm_slow_2" eclass="HBEFA3/PC_G_EU4" CO2="13867.12" CO="488.45" HC="2.61" NOx="5.43" PMx="0.45" fuel="5.96" electricity="0.00" noise="81.03" route="routetop" type="cfm_slow" waiting="0.00" lane="top_0" pos="35.69" speed="47.00" angle="210.31" x="4.84" y="92.05"/>
        <vehicle id="cfm_slow_3" eclass="HBEFA3/PC_G_EU4" CO2="13867.12" CO="488.45" HC="2.61" NOx="5.43" PMx="0.45" fuel="5.96" electricity="0.00" noise="81.03" route="routetop" type="cfm_slow" waiting="0.00" lane="left_0" pos="25.69" speed="47.00" angle="138.28" x="18.50" y="16.49"/>
        <vehicle id="cfm_slow_4" eclass="HBEFA3/PC_G_EU4" CO2="13867.12" CO="488.45" HC="2.61" NOx="5.43" PMx="0.45" fuel="5.96" electricity="0.00" noise="81.03" route="routebottom" type="cfm_slow" waiting="0.00" lane="bottom_0" pos="15.69" speed="47.00" angle="66.28" x="94.58" y="6.14"/>
    </timestep>
    <timestep time="54.10">
        <vehicle id="cfm_slow_0" eclass="HBEFA3/PC_G_EU4" CO2="13867.12" CO="488.45" HC="2.61" NOx="5.43" PMx="0.45" fuel="5.96" electricity="0.00" noise="81.03" route="routebottom" type="cfm_slow" waiting="0.00" lane="right_0" pos="10.39" speed="47.00" angle="345.82" x="125.52" y="84.62"/>
        <vehicle id="cfm_slow_1" eclass="HBEFA3/PC_G_EU4" CO2="13867.12" CO="488.45" HC="2.61" NOx="5.43" PMx="0.45" fuel="5.96" electricity="0.00" noise="81.03" route="routetop" type="cfm_slow" waiting="0.00" lane="top_0" pos="0.39" speed="47.00" angle="273.77" x="62.83" y="128.95"/>
        <vehicle id="cfm_slow_2" eclass="HBEFA3/PC_G_EU4" CO2="13867.12" CO="488.45" HC="2.61" NOx="5.43" PMx="0.45" fuel="5.96" electricity="0.00" noise="81.03" route="routetop" type="cfm_slow" waiting="0.00" lane="top_0" pos="40.39" speed="47.00" angle="201.78" x="1.32" y="83.09"/>
        <vehicle id="cfm_slow_3" eclass="HBEFA3/PC_G_EU4" CO2="13867.12" CO="488.45" HC="2.61" NOx="5.43" PMx="0.45" fuel="5.96" electricity="0.00" noise="81.03" route="routetop" type="cfm_slow" waiting="0.00" lane="left_0" pos="30.39" speed="47.00" angle="129.76" x="25.93" y="10.37"/>
        <vehicle id="cfm_slow_4" eclass="HBEFA3/PC_G_EU4" CO2="0.00" CO="0.00" HC="0.00" NOx="0.00" PMx="0.00" fuel="0.00" electricity="0.00" noise="81.03" route="routebottom" type="cfm_slow" waiting="0.00" lane="bottom_0" pos="20.39" speed="47.00" angle="57.71" x="102.70" y="11.31"/>
    </timestep>
    <timestep time="54.20">
        <vehicle id="cfm_slow_0" eclass="HBEFA3/PC_G_EU4" CO2="13867.12" CO="488.45" HC="2.61" NOx="5.43" PMx="0.45" fuel="5.96" electricity="0.00" noise="81.03" route="routebottom" type="cfm_slow" waiting="0.00" lane="right_0" pos="15.09" speed="47.00" angle="337.26" x="121.76" y="93.49"/>
        <vehicle id="cfm_slow_1" eclass="HBEFA3/PC_G_EU4" CO2="13867.12" CO="488.45" HC="2.61" NOx="5.43" PMx="0.45" fuel="5.96" electricity="0.00" noise="81.03" route="routetop" type="cfm_slow" waiting="0.00" lane="top_0" pos="5.09" speed="47.00" angle="265.35" x="53.23" y="128.14"/>
        <vehicle id="cfm_slow_2" eclass="HBEFA3/PC_G_EU4" CO2="13867.12" CO="488.45" HC="2.61" NOx="5.43" PMx="0.45" fuel="5.96" electricity="0.00" noise="81.03" route="routetop" type="cfm_slow" waiting="0.00" lane="top_0" pos="45.09" speed="47.00" angle="193.39" x="-0.87" y="73.71"/>
        <vehicle id="cfm_slow_3" eclass="HBEFA3/PC_G_EU4" CO2="13867.12" CO="488.45" HC="2.61" NOx="5.43" PMx="0.45" fuel="5.96" electricity="0.00" noise="81.03" route="routetop" type="cfm_slow" waiting="0.00" lane="left_0" pos="35.09" speed="47.00" angle="121.41" x="34.17" y="5.39"/>
        <vehicle id="cfm_slow_4" eclass="HBEFA3/PC_G_EU4" CO2="13867.12" CO="488.45" HC="2.61" NOx="5.43" PMx="0.45" fuel="5.96" electricity="0.00" noise="81.03" route="routebottom" type="cfm_slow" waiting="0.00" lane="bottom_0" pos="25.09" speed="47.00" angle="49.36" x="109.97" y="17.62"/>
    </timestep>
    <timestep time="54.30">
        <vehicle id="cfm_slow_0" eclass="HBEFA3/PC_G_EU4" CO2="13867.12" CO="488.45" HC="2.61" NOx="5.43" PMx="0.45" fuel="5.96" electricity="0.00" noise="81.03" route="routebottom" type="cfm_slow" waiting="0.00" lane="right_0" pos="19.79" speed="47.00" angle="328.83" x="116.73" y="101.70"/>
        <vehicle id="cfm_slow_1" eclass="HBEFA3/PC_G_EU4" CO2="13867.12" CO="488.45" HC="2.61" NOx="5.43" PMx="0.45" fuel="5.96" electricity="0.00" noise="81.03" route="routetop" type="cfm_slow" waiting="0.00" lane="top_0" pos="9.79" speed="47.00" angle="256.87" x="43.87" y="125.90"/>
        <vehicle id="cfm_slow_2" eclass="HBEFA3/PC_G_EU4" CO2="13867.12" CO="488.45" HC="2.61" NOx="5.43" PMx="0.45" fuel="5.96" electricity="0.00" noise="81.03" route="routetop" type="cfm_slow" waiting="0.00" lane="top_0" pos="49.79" speed="47.00" angle="184.85" x="-1.64" y="64.12"/>
        <vehicle id="cfm_slow_3" eclass="HBEFA3/PC_G_EU4" CO2="13867.12" CO="488.45" HC="2.61" NOx="5.43" PMx="0.45" fuel="5.96" electricity="0.00" noise="81.03" route="routetop" type="cfm_slow" waiting="0.00" lane="left_0" pos="39.79" speed="47.00" angle="112.89" x="43.06" y="1.69"/>
        <vehicle id="cfm_slow_4" eclass="HBEFA3/PC_G_EU4" CO2="13867.12" CO="488.45" HC="2.61" NOx="5.43" PMx="0.45" fuel="5.96" electricity="0.00" noise="81.03" route="routebottom" type="cfm_slow" waiting="0.00" lane="bottom_0" pos="29.79" speed="47.00" angle="40.86" x="116.23" y="24.93"/>
    </timestep>
    <timestep time="54.40">
        <vehicle id="cfm_slow_0" eclass="HBEFA3/PC_G_EU4" CO2="13867.12" CO="488.45" HC="2.61" NOx="5.43" PMx="0.45" fuel="5.96" electricity="0.00" noise="81.03" route="routebottom" type="cfm_slow" waiting="0.00" lane="right_0" pos="24.49" speed="47.00" angle="320.46" x="110.57" y="109.10"/>
        <vehicle id="cfm_slow_1" eclass="HBEFA3/PC_G_EU4" CO2="13867.12" CO="488.45" HC="2.61" NOx="5.43" PMx="0.45" fuel="5.96" electricity="0.00" noise="81.03" route="routetop" type="cfm_slow" waiting="0.00" lane="top_0" pos="14.49" speed="47.00" angle="248.39" x="34.93" y="122.31"/>
        <vehicle id="cfm_slow_2" eclass="HBEFA3/PC_G_EU4" CO2="13867.12" CO="488.45" HC="2.61" NOx="5.43" PMx="0.45" fuel="5.96" electricity="0.00" noise="81.03" route="routetop" type="cfm_slow" waiting="0.00" lane="left_0" pos="4.49" speed="47.00" angle="176.44" x="-0.99" y="54.45"/>
        <vehicle id="cfm_slow_3" eclass="HBEFA3/PC_G_EU4" CO2="13867.12" CO="488.45" HC="2.61" NOx="5.43" PMx="0.45" fuel="5.96" electricity="0.00" noise="81.03" route="routetop" type="cfm_slow" waiting="0.00" lane="left_0" pos="44.49" speed="47.00" angle="104.44" x="52.39" y="-0.66"/>
        <vehicle id="cfm_slow_4" eclass="HBEFA3/PC_G_EU4" CO2="13867.12" CO="488.45" HC="2.61" NOx="5.43" PMx="0.45" fuel="5.96" electricity="0.00" noise="81.03" route="routebottom" type="cfm_slow" waiting="0.00" lane="bottom_0" pos="34.49" speed="47.00" angle="32.44" x="121.37" y="33.08"/>
    </timestep>
    <timestep time="54.50">
        <vehicle id="cfm_slow_0" eclass="HBEFA3/PC_G_EU4" CO2="13867.12" CO="488.45" HC="2.61" NOx="5.43" PMx="0.45" fuel="5.96" electricity="0.00" noise="81.03" route="routebottom" type="cfm_slow" waiting="0.00" lane="right_0" pos="29.19" speed="47.00" angle="311.89" x="103.37" y="115.49"/>
        <vehicle id="cfm_slow_1" eclass="HBEFA3/PC_G_EU4" CO2="13867.12" CO="488.45" HC="2.61" NOx="5.43" PMx="0.45" fuel="5.96" electricity="0.00" noise="81.03" route="routetop" type="cfm_slow" waiting="0.00" lane="top_0" pos="19.19" speed="47.00" angle="239.93" x="26.62" y="117.45"/>
        <vehicle id="cfm_slow_2" eclass="HBEFA3/PC_G_EU4" CO2="13867.12" CO="488.45" HC="2.61" NOx="5.43" PMx="0.45" fuel="5.96" electricity="0.00" noise="81.03" route="routetop" type="cfm_slow" waiting="0.00" lane="left_0" pos="9.19" speed="47.00" angle="167.92" x="1.07" y="45.05"/>
        <vehicle id="cfm_slow_3" eclass="HBEFA3/PC_G_EU4" CO2="13867.12" CO="488.45" HC="2.61" NOx="5.43" PMx="0.45" fuel="5.96" electricity="0.00" noise="81.03" route="routetop" type="cfm_slow" waiting="0.00" lane="left_0" pos="49.19" speed="47.00" angle="95.98" x="61.97" y="-1.62"/>
        <vehicle id="cfm_slow_4" eclass="HBEFA3/PC_G_EU4" CO2="13867.12" CO="488.45" HC="2.61" NOx="5.43" PMx="0.45" fuel="5.96" electricity="0.00" noise="81.03" route="routebottom" type="cfm_slow" waiting="0.00" lane="bottom_0" pos="39.19" speed="47.00" angle="23.95" x="125.23" y="41.90"/>
    </timestep>
    <timestep time="54.60">
        <vehicle id="cfm_slow_0" eclass="HBEFA3/PC_G_EU4" CO2="13867.12" CO="488.45" HC="2.61" NOx="5.43" PMx="0.45" fuel="5.96" electricity="0.00" noise="81.03" route="routebottom" type="cfm_slow" waiting="0.00" lane="right_0" pos="33.89" speed="47.00" angle="303.54" x="95.32" y="120.77"/>
        <vehicle id="cfm_slow_1" eclass="HBEFA3/PC_G_EU4" CO2="13867.12" CO="488.45" HC="2.61" NOx="5.43" PMx="0.45" fuel="5.96" electricity="0.00" noise="81.03" route="routetop" type="cfm_slow" waiting="0.00" lane="top_0" pos="23.89" speed="47.00" angle="231.46" x="19.12" y="111.41"/>
        <vehicle id="cfm_slow_2" eclass="HBEFA3/PC_G_EU4" CO2="13867.12" CO="488.45" HC="2.61" NOx="5.43" PMx="0.45" fuel="5.96" electricity="0.00" noise="81.03" route="routetop" type="cfm_slow" waiting="0.00" lane="left_0" pos="13.89" speed="47.00" angle="159.50" x="4.48" y="36.04"/>
        <vehicle id="cfm_slow_3" eclass="HBEFA3/PC_G_EU4" CO2="13867.12" CO="488.45" HC="2.61" NOx="5.43" PMx="0.45" fuel="5.96" electricity="0.00" noise="81.03" route="routebottom" type="cfm_slow" waiting="0.00" lane="bottom_0" pos="3.89" speed="47.00" angle="87.53" x="71.65" y="-1.16"/>
        <vehicle id="cfm_slow_4" eclass="HBEFA3/PC_G_EU4" CO2="13867.12" CO="488.45" HC="2.61" NOx="5.43" PMx="0.45" fuel="5.96" electricity="0.00" noise="81.03" route="routebottom" type="cfm_slow" waiting="0.00" lane="bottom_0" pos="43.89" speed="47.00" angle="15.58" x="127.77" y="51.18"/>
    </timestep>
    <timestep time="54.70">
        <vehicle id="cfm_slow_0" eclass="HBEFA3/PC_G_EU4" CO2="13867.12" CO="488.45" HC="2.61" NOx="5.43" PMx="0.45" fuel="5.96" electricity="0.00" noise="81.03" route="routebottom" type="cfm_slow" waiting="0.00" lane="right_0" pos="38.59" speed="47.00" angle="295.03" x="86.58" y="124.81"/>
        <vehicle id="cfm_slow_1" eclass="HBEFA3/PC_G_EU4" CO2="13867.12" CO="488.45" HC="2.61" NOx="5.43" PMx="0.45" fuel="5.96" electricity="0.00" noise="81.03" route="routetop" type="cfm_slow" waiting="0.00" lane="top_0" pos="28.59" speed="47.00" angle="223.02" x="12.59" y="104.34"/>
        <vehicle id="cfm_slow_2" eclass="HBEFA3/PC_G_EU4" CO2="13867.12" CO="488.45" HC="2.61" NOx="5.43" PMx="0.45" fuel="5.96" electricity="0.00" noise="81.03" route="routetop" type="cfm_slow" waiting="0.00" lane="left_0" pos="18.59" speed="47.00" angle="150.98" x="9.19" y="27.65"/>
        <vehicle id="cfm_slow_3" eclass="HBEFA3/PC_G_EU4" CO2="13867.12" CO="488.45" HC="2.61" NOx="5.43" PMx="0.45" fuel="5.96" electricity="0.00" noise="81.03" route="routebottom" type="cfm_slow" waiting="0.00" lane="bottom_0" pos="8.59" speed="47.00" angle="78.97" x="81.09" y="0.73"/>
        <vehicle id="cfm_slow_4" eclass="HBEFA3/PC_G_EU4" CO2="0.00" CO="0.00" HC="0.00" NOx="0.00" PMx="0.00" fuel="0.00" electricity="0.00" noise="81.03" route="routebottom" type="cfm_slow" waiting="0.00" lane="bottom_0" pos="48.59" speed="47.00" angle="7.00" x="128.90" y="60.74"/>
    </timestep>
    <timestep time="54.80">
        <vehicle id="cfm_slow_0" eclass="HBEFA3/PC_G_EU4" CO2="13867.12" CO="488.45" HC="2.61" NOx="5.43" PMx="0.45" fuel="5.96" electricity="0.00" noise="81.03" route="routebottom" type="cfm_slow" waiting="0.00" lane="right_0" pos="43.29" speed="47.00" angle="286.63" x="77.34" y="127.52"/>
        <vehicle id="cfm_slow_1" eclass="HBEFA3/PC_G_EU4" CO2="13867.12" CO="488.45" HC="2.61" NOx="5.43" PMx="0.45" fuel="5.96" electricity="0.00" noise="81.03" route="routetop" type="cfm_slow" waiting="0.00" lane="top_0" pos="33.29" speed="47.00" angle="214.62" x="7.15" y="96.40"/>
        <vehicle id="cfm_slow_2" eclass="HBEFA3/PC_G_EU4" CO2="13867.12" CO="488.45" HC="2.61" NOx="5.43" PMx="0.45" fuel="5.96" electricity="0.00" noise="81.03" route="routetop" type="cfm_slow" waiting="0.00" lane="left_0" pos="23.29" speed="47.00" angle="142.57" x="15.08" y="20.03"/>
        <vehicle id="cfm_slow_3" eclass="HBEFA3/PC_G_EU4" CO2="13867.12" CO="488.45" HC="2.61" NOx="5.43" PMx="0.45" fuel="5.96" electricity="0.00" noise="81.03" route="routebottom" type="cfm_slow" waiting="0.00" lane="bottom_0" pos="13.29" speed="47.00" angle="70.60" x="90.16" y="3.97"/>
        <vehicle id="cfm_slow_4" eclass="HBEFA3/PC_G_EU4" CO2="13867.12" CO="488.45" HC="2.61" NOx="5.43" PMx="0.45" fuel="5.96" electricity="0.00" noise="81.03" route="routebottom" type="cfm_slow" waiting="0.00" lane="right_0" pos="3.29" speed="47.00" angle="358.58" x="128.61" y="70.43"/>
    </timestep>
    <timestep time="54.90">
        <vehicle id="cfm_slow_0" eclass="HBEFA3/PC_G_EU4" CO2="13867.12" CO="488.45" HC="2.61" NOx="5.43" PMx="0.45" fuel="5.96" electricity="0.00" noise="81.03" route="routebottom" type="cfm_slow" waiting="0.00" lane="right_0" pos="47.99" speed="47.00" angle="278.16" x="67.80" y="128.83"/>
        <vehicle id="cfm_slow_1" eclass="HBEFA3/PC_G_EU4" CO2="13867.12" CO="488.45" HC="2.61" NOx="5.43" PMx="0.45" fuel="5.96" electricity="0.00" noise="81.03" route="routetop" type="cfm_slow" waiting="0.00" lane="top_0" pos="37.99" speed="47.00" angle="206.09" x="2.96" y="87.73"/>
        <vehicle id="cfm_slow_2" eclass="HBEFA3/PC_G_EU4" CO2="13867.12" CO="488.45" HC="2.61" NOx="5.43" PMx="0.45" fuel="5.96" electricity="0.00" noise="81.03" route="routetop" type="cfm_slow" waiting="0.00" lane="left_0" pos="27.99" speed="47.00" angle="134.09" x="22.02" y="13.36"/>
        <vehicle id="cfm_slow_3" eclass="HBEFA3/PC_G_EU4" CO2="13867.12" CO="488.45" HC="2.61" NOx="5.43" PMx="0.45" fuel="5.96" electricity="0.00" noise="81.03" route="routebottom" type="cfm_slow" waiting="0.00" lane="bottom_0" pos="17.99" speed="47.00" angle="62.11" x="98.65" y="8.51"/>
        <vehicle id="cfm_slow_4" eclass="HBEFA3/PC_G_EU4" CO2="13867.12" CO="488.45" HC="2.61" NOx="5.43" PMx="0.45" fuel="5.96" electricity="0.00" noise="81.03" route="routebottom" type="cfm_slow" waiting="0.00" lane="right_0" pos="7.99" speed="47.00" angle="350.07" x="126.91" y="79.90"/>
    </timestep>
    <timestep time="55.00">
        <vehicle id="cfm_slow_0" eclass="HBEFA3/PC_G_EU4" CO2="13867.12" CO="488.45" HC="2.61" NOx="5.43" PMx="0.45" fuel="5.96" electricity="0.00" noise="81.03" route="routetop" type="cfm_slow" waiting="0.00" lane="top_0" pos="2.69" speed="47.00" angle="269.68" x="58.12" y="128.74"/>
        <vehicle id="cfm_slow_1" eclass="HBEFA3/PC_G_EU4" CO2="13867.12" CO="488.45" HC="2.61" NOx="5.43" PMx="0.45" fuel="5.96" electricity="0.00" noise="81.03" route="routetop" type="cfm_slow" waiting="0.00" lane="top_0" pos="42.69" speed="47.00" angle="197.67" x="0.08" y="78.54"/>
        <vehicle id="cfm_slow_2" eclass="HBEFA3/PC_G_EU4" CO2="13867.12" CO="488.45" HC="2.61" NOx="5.43" PMx="0.45" fuel="5.96" electricity="0.00" noise="81.03" route="routetop" type="cfm_slow" waiting="0.00" lane="left_0" pos="32.69" speed="47.00" angle="125.67" x="29.87" y="7.79"/>
        <vehicle id="cfm_slow_3" eclass="HBEFA3/PC_G_EU4" CO2="13867.12" CO="488.45" HC="2.61" NOx="5.43" PMx="0.45" fuel="5.96" electricity="0.00" noise="81.03" route="routebottom" type="cfm_slow" waiting="0.00" lane="bottom_0" pos="22.69" speed="47.00" angle="53.63" x="106.37" y="14.26"/>
        <vehicle id="cfm_slow_4" eclass="HBEFA3/PC_G_EU4" CO2="13867.12" CO="488.45" HC="2.61" NOx="5.43" PMx="0.45" fuel="5.96" electricity="0.00" noise="81.03" route="routebottom" type="cfm_slow" waiting="0.00" lane="right_0" pos="12.69" speed="47.00" angle="341.64" x="123.84" y="89.03"/>
    </timestep>
    <timestep time="55.10">
        <vehicle id="cfm_slow_0" eclass="HBEFA3/PC_G_EU4" CO2="13867.12" CO="488.45" HC="2.61" NOx="5.43" PMx="0.45" fuel="5.96" electricity="0.00" noise="81.03" route="routetop" type="cfm_slow" waiting="0.00" lane="top_0" pos="7.39" speed="47.00" angle="261.10" x="48.61" y="127.20"/>
        <vehicle id="cfm_slow_1" eclass="HBEFA3/PC_G_EU4" CO2="13867.12" CO="488.45" HC="2.61" NOx="5.43" PMx="0.45" fuel="5.96" electricity="0.00" noise="81.03" route="routetop" type="cfm_slow" waiting="0.00" lane="top_0" pos="47.39" speed="47.00" angle="189.23" x="-1.43" y="69.03"/>
        <vehicle id="cfm_slow_2" eclass="HBEFA3/PC_G_EU4" CO2="13867.12" CO="488.45" HC="2.61" NOx="5.43" PMx="0.45" fuel="5.96" electricity="0.00" noise="81.03" route="routetop" type="cfm_slow" waiting="0.00" lane="left_0" pos="37.39" speed="47.00" angle="117.22" x="38.45" y="3.42"/>
        <vehicle id="cfm_slow_3" eclass="HBEFA3/PC_G_EU4" CO2="13867.12" CO="488.45" HC="2.61" NOx="5.43" PMx="0.45" fuel="5.96" electricity="0.00" noise="81.03" route="routebottom" type="cfm_slow" waiting="0.00" lane="bottom_0" pos="27.39" speed="47.00" angle="45.21" x="113.17" y="21.08"/>
        <vehicle id="cfm_slow_4" eclass="HBEFA3/PC_G_EU4" CO2="13867.12" CO="488.45" HC="2.61" NOx="5.43" PMx="0.45" fuel="5.96" electricity="0.00" noise="81.03" route="routebottom" type="cfm_slow" waiting="0.00" lane="right_0" pos="17.39" speed="47.00" angle="333.21" x="119.45" y="97.60"/>
    </timestep>
    <timestep time="55.20">
        <vehicle id="cfm_slow_0" eclass="HBEFA3/PC_G_EU4" CO2="13867.12" CO="488.45" HC="2.61" NOx="5.43" PMx="0.45" fuel="5.96" electricity="0.00" noise="81.03" route="routetop" type="cfm_slow" waiting="0.00" lane="top_0" pos="12.09" speed="47.00" angle="252.68" x="39.44" y="124.29"/>
        <vehicle id="cfm_slow_1" eclass="HBEFA3/PC_G_EU4" CO2="13867.12" CO="488.45" HC="2.61" NOx="5.43" PMx="0.45" fuel="5.96" electricity="0.00" noise="81.03" route="routetop" type="cfm_slow" waiting="0.00" lane="left_0" pos="2.09" speed="47.00" angle="180.72" x="-1.50" y="59.34"/>
        <vehicle id="cfm_slow_2" eclass="HBEFA3/PC_G_EU4" CO2="13867.12" CO="488.45" HC="2.61" NOx="5.43" PMx="0.45" fuel="5.96" electricity="0.00" noise="81.03" route="routetop" type="cfm_slow" waiting="0.00" lane="left_0" pos="42.09" speed="47.00" angle="108.70" x="47.58" y="0.37"/>
        <vehicle id="cfm_slow_3" eclass="HBEFA3/PC_G_EU4" CO2="0.00" CO="0.00" HC="0.00" NOx="0.00" PMx="0.00" fuel="0.00" electricity="0.00" noise="81.03" route="routebottom" type="cfm_slow" waiting="0.00" lane="bottom_0" pos="32.09" speed="47.00" angle="36.80" x="118.91" y="28.81"/>
        <vehicle id="cfm_slow_4" eclass="HBEFA3/PC_G_EU4" CO2="13867.12" CO="488.45" HC="2.61" NOx="5.43" PMx="0.45" fuel="5.96" electricity="0.00" noise="81.03" route="routebottom" type="cfm_slow" waiting="0.00" lane="right_0" pos="22.09" speed="47.00" angle="324.71" x="113.85" y="105.43"/>
    </timestep>
    <timestep time="55.30">
        <vehicle id="cfm_slow_0" eclass="HBEFA3/PC_G_EU4" CO2="13867.12" CO="488.45" HC="2.61" NOx="5.43" PMx="0.45" fuel="5.96" electricity="0.00" noise="81.03" route="routetop" type="cfm_slow" waiting="0.00" lane="top_0" pos="16.79" speed="47.00" angle="244.32" x="30.78" y="120.08"/>
        <vehicle id="cfm_slow_1" eclass="HBEFA3/PC_G_EU4" CO2="13867.12" CO="488.45" HC="2.61" NOx="5.43" PMx="0.45" fuel="5.96" electricity="0.00" noise="81.03" route="routetop" type="cfm_slow" waiting="0.00" lane="left_0" pos="6.79" speed="47.00" angle="172.24" x="-0.15" y="49.81"/>
        <vehicle id="cfm_slow_2" eclass="HBEFA3/PC_G_EU4" CO2="13867.12" CO="488.45" HC="2.61" NOx="5.43" PMx="0.45" fuel="5.96" electricity="0.00" noise="81.03" route="routetop" type="cfm_slow" waiting="0.00" lane="left_0" pos="46.79" speed="47.00" angle="100.32" x="57.06" y="-1.31"/>
        <vehicle id="cfm_slow_3" eclass="HBEFA3/PC_G_EU4" CO2="13867.12" CO="488.45" HC="2.61" NOx="5.43" PMx="0.45" fuel="5.96" electricity="0.00" noise="81.03" route="routebottom" type="cfm_slow" waiting="0.00" lane="bottom_0" pos="36.79" speed="47.00" angle="28.24" x="123.41" y="37.32"/>
        <vehicle id="cfm_slow_4" eclass="HBEFA3/PC_G_EU4" CO2="13867.12" CO="488.45" HC="2.61" NOx="5.43" PMx="0.45" fuel="5.96" electricity="0.00" noise="81.03" route="routebottom" type="cfm_slow" waiting="0.00" lane="right_0" pos="26.79" speed="47.00" angle="316.32" x="107.18" y="112.37"/>
    </timestep>
    <timestep time="55.40">
        <vehicle id="cfm_slow_0" eclass="HBEFA3/PC_G_EU4" CO2="13867.12" CO="488.45" HC="2.61" NOx="5.43" PMx="0.45" fuel="5.96" electricity="0.00" noise="81.03" route="routetop" type="cfm_slow" waiting="0.00" lane="top_0" pos="21.49" speed="47.00" angle="235.78" x="22.84" y="114.63"/>
        <vehicle id="cfm_slow_1" eclass="HBEFA3/PC_G_EU4" CO2="13867.12" CO="488.45" HC="2.61" NOx="5.43" PMx="0.45" fuel="5.96" electricity="0.00" noise="81.03" route="routetop" type="cfm_slow" waiting="0.00" lane="left_0" pos="11.49" speed="47.00" angle="163.77" x="2.58" y="40.58"/>
        <vehicle id="cfm_slow_2" eclass="HBEFA3/PC_G_EU4" CO2="13867.12" CO="488.45" HC="2.61" NOx="5.43" PMx="0.45" fuel="5.96" electricity="0.00" noise="81.03" route="routebottom" type="cfm_slow" waiting="0.00" lane="bottom_0" pos="1.49" speed="47.00" angle="91.82" x="66.75" y="-1.57"/>
        <vehicle id="cfm_slow_3" eclass="HBEFA3/PC_G_EU4" CO2="13867.12" CO="488.45" HC="2.61" NOx="5.43" PMx="0.45" fuel="5.96" electricity="0.00" noise="81.03" route="routebottom" type="cfm_slow" waiting="0.00" lane="bottom_0" pos="41.49" speed="47.00" angle="19.84" x="126.64" y="46.39"/>
        <vehicle id="cfm_slow_4" eclass="HBEFA3/PC_G_EU4" CO2="13867.12" CO="488.45" HC="2.61" NOx="5.43" PMx="0.45" fuel="5.96" electricity="0.00" noise="81.03" route="routebottom" type="cfm_slow" waiting="0.00" lane="right_0" pos="31.49" speed="47.00" angle="307.80" x="99.53" y="118.23"/>
    </timestep>
    <timestep time="55.50">
        <vehicle id="cfm_slow_0" eclass="HBEFA3/PC_G_EU4" CO2="13867.12" CO="488.45" HC="2.61" NOx="5.43" PMx="0.45" fuel="5.96" electricity="0.00" noise="81.03" route="routetop" type="cfm_slow" waiting="0.00" lane="top_0" pos="26.19" speed="47.00" angle="227.40" x="15.79" y="108.08"/>
        <vehicle id="cfm_slow_1" eclass="HBEFA3/PC_G_EU4" CO2="13867.12" CO="488.45" HC="2.61" NOx="5.43" PMx="0.45" fuel="5.96" electricity="0.00" noise="81.03" route="routetop" type="cfm_slow" waiting="0.00" lane="left_0" pos="16.19" speed="47.00" angle="155.37" x="6.63" y="31.85"/>
        <vehicle id="cfm_slow_2" eclass="HBEFA3/PC_G_EU4" CO2="13867.12" CO="488.45" HC="2.61" NOx="5.43" PMx="0.45" fuel="5.96" electricity="0.00" noise="81.03" route="routebottom" type="cfm_slow" waiting="0.00" lane="bottom_0" pos="6.19" speed="47.00" angle="83.29" x="76.31" y="-0.41"/>
        <vehicle id="cfm_slow_3" eclass="HBEFA3/PC_G_EU4" CO2="13867.12" CO="488.45" HC="2.61" NOx="5.43" PMx="0.45" fuel="5.96" electricity="0.00" noise="81.03" route="routebottom" type="cfm_slow" waiting="0.00" lane="bottom_0" pos="46.19" speed="47.00" angle="11.39" x="128.51" y="55.84"/>
        <vehicle id="cfm_slow_4" eclass="HBEFA3/PC_G_EU4" CO2="13867.12" CO="488.45" HC="2.61" NOx="5.43" PMx="0.45" fuel="5.96" electricity="0.00" noise="81.03" route="routebottom" type="cfm_slow" waiting="0.00" lane="right_0" pos="36.19" speed="47.00" angle="299.39" x="91.12" y="122.91"/>
    </timestep>
    <timestep time="55.60">
        <vehicle id="cfm_slow_0" eclass="HBEFA3/PC_G_EU4" CO2="13867.12" CO="488.45" HC="2.61" NOx="5.43" PMx="0.45" fuel="5.96" electricity="0.00" noise="81.03" route="routetop" type="cfm_slow" waiting="0.00" lane="top_0" pos="30.89" speed="47.00" angle="218.86" x="9.78" y="100.55"/>
        <vehicle id="cfm_slow_1" eclass="HBEFA3/PC_G_EU4" CO2="13867.12" CO="488.45" HC="2.61" NOx="5.43" PMx="0.45" fuel="5.96" electricity="0.00" noise="81.03" route="routetop" type="cfm_slow" waiting="0.00" lane="left_0" pos="20.89" speed="47.00" angle="146.87" x="11.93" y="23.81"/>
        <vehicle id="cfm_slow_2" eclass="HBEFA3/PC_G_EU4" CO2="13867.12" CO="488.45" HC="2.61" NOx="5.43" PMx="0.45" fuel="5.96" electricity="0.00" noise="81.03" route="routebottom" type="cfm_slow" waiting="0.00" lane="bottom_0" pos="10.89" speed="47.00" angle="74.86" x="85.59" y="2.16"/>
        <vehicle id="cfm_slow_3" eclass="HBEFA3/PC_G_EU4" CO2="13867.12" CO="488.45" HC="2.61" NOx="5.43" PMx="0.45" fuel="5.96" electricity="0.00" noise="81.03" route="routebottom" type="cfm_slow" waiting="0.00" lane="right_0" pos="0.89" speed="47.00" angle="2.86" x="128.93" y="65.52"/>
        <vehicle id="cfm_slow_4" eclass="HBEFA3/PC_G_EU4" CO2="13867.12" CO="488.45" HC="2.61" NOx="5.43" PMx="0.45" fuel="5.96" electricity="0.00" noise="81.03" route="routebottom" type="cfm_slow" waiting="0.00" lane="right_0" pos="40.89" speed="47.00" angle="290.90" x="82.11" y="126.31"/>
    </timestep>
    <timestep time="55.70">
        <vehicle id="cfm_slow_0" eclass="HBEFA3/PC_G_EU4" CO2="13867.12" CO="488.45" HC="2.61" NOx="5.43" PMx="0.45" fuel="5.96" electricity="0.00" noise="81.03" route="routetop" type="cfm_slow" waiting="0.00" lane="top_0" pos="35.59" speed="47.00" angle="210.50" x="4.94" y="92.23"/>
        <vehicle id="cfm_slow_1" eclass="HBEFA3/PC_G_EU4" CO2="13867.12" CO="488.45" HC="2.61" NOx="5.43" PMx="0.45" fuel="5.96" electricity="0.00" noise="81.03" route="routetop" type="cfm_slow" waiting="0.00" lane="left_0" pos="25.59" speed="47.00" angle="138.45" x="18.35" y="16.63"/>
        <vehicle id="cfm_slow_2" eclass="HBEFA3/PC_G_EU4" CO2="13867.12" CO="488.45" HC="2.61" NOx="5.43" PMx="0.45" fuel="5.96" electricity="0.00" noise="81.03" route="routebottom" type="cfm_slow" waiting="0.00" lane="bottom_0" pos="15.59" speed="47.00" angle="66.46" x="94.40" y="6.04"/>
        <vehicle id="cfm_slow_3" eclass="HBEFA3/PC_G_EU4" CO2="13867.12" CO="488.45" HC="2.61" NOx="5.43" PMx="0.45" fuel="5.96" electricity="0.00" noise="81.03" route="routebottom" type="cfm_slow" waiting="0.00" lane="right_0" pos="5.59" speed="47.00" angle="354.45" x="127.96" y="75.10"/>
        <vehicle id="cfm_slow_4" eclass="HBEFA3/PC_G_EU4" CO2="13867.12" CO="488.45" HC="2.61" NOx="5.43" PMx="0.45" fuel="5.96" electricity="0.00" noise="81.03" route="routebottom" type="cfm_slow" waiting="0.00" lane="right_0" pos="45.59" speed="47.00" angle="282.43" x="72.70" y="128.33"/>
    </timestep>
    <timestep time="55.80">
        <vehicle id="cfm_slow_0" eclass="HBEFA3/PC_G_EU4" CO2="13867.12" CO="488.45" HC="2.61" NOx="5.43" PMx="0.45" fuel="5.96" electricity="0.00" noise="81.03" route="routetop" type="cfm_slow" waiting="0.00" lane="top_0" pos="40.29" speed="47.00" angle="201.97" x="1.38" y="83.29"/>
        <vehicle id="cfm_slow_1" eclass="HBEFA3/PC_G_EU4" CO2="13867.12" CO="488.45" HC="2.61" NOx="5.43" PMx="0.45" fuel="5.96" electricity="0.00" noise="81.03" route="routetop" type="cfm_slow" waiting="0.00" lane="left_0" pos="30.29" speed="47.00" angle="129.95" x="25.76" y="10.49"/>
        <vehicle id="cfm_slow_2" eclass="HBEFA3/PC_G_EU4" CO2="13867.12" CO="488.45" HC="2.61" NOx="5.43" PMx="0.45" fuel="5.96" electricity="0.00" noise="81.03" route="routebottom" type="cfm_slow" waiting="0.00" lane="bottom_0" pos="20.29" speed="47.00" angle="57.89" x="102.53" y="11.19"/>
        <vehicle id="cfm_slow_3" eclass="HBEFA3/PC_G_EU4" CO2="0.00" CO="0.00" HC="0.00" NOx="0.00" PMx="0.00" fuel="0.00" electricity="0.00" noise="81.03" route="routebottom" type="cfm_slow" waiting="0.00" lane="right_0" pos="10.29" speed="47.00" angle="346.02" x="125.59" y="84.43"/>
        <vehicle id="cfm_slow_4" eclass="HBEFA3/PC_G_EU4" CO2="13867.12" CO="488.45" HC="2.61" NOx="5.43" PMx="0.45" fuel="5.96" electricity="0.00" noise="81.03" route="routetop" type="cfm_slow" waiting="0.00" lane="top_0" pos="0.29" speed="47.00" angle="273.96" x="63.03" y="128.96"/>
    </timestep>
    <timestep time="55.90">
        <vehicle id="cfm_slow_0" eclass="HBEFA3/PC_G_EU4" CO2="13867.12" CO="488.45" HC="2.61" NOx="5.43" PMx="0.45" fuel="5.96" electricity="0.00" noise="81.03" route="routetop" type="cfm_slow" waiting="0.00" lane="top_0" pos="44.99" speed="47.00" angle="193.57" x="-0.84" y="73.92"/>
        <vehicle id="cfm_slow_1" eclass="HBEFA3/PC_G_EU4" CO2="13867.12" CO="488.45" HC="2.61" NOx="5.43" PMx="0.45" fuel="5.96" electricity="0.00" noise="81.03" route="routetop" type="cfm_slow" waiting="0.00" lane="left_0" pos="34.99" speed="47.00" angle="121.59" x="33.99" y="5.49"/>
        <vehicle id="cfm_slow_2" eclass="HBEFA3/PC_G_EU4" CO2="13867.12" CO="488.45" HC="2.61" NOx="5.43" PMx="0.45" fuel="5.96" electricity="0.00" noise="81.03" route="routebottom" type="cfm_slow" waiting="0.00" lane="bottom_0" pos="24.99" speed="47.00" angle="49.54" x="109.82" y="17.48"/>
        <vehicle id="cfm_slow_3" eclass="HBEFA3/PC_G_EU4" CO2="0.00" CO="0.00" HC="0.00" NOx="0.00" PMx="0.00" fuel="0.00" electricity="0.00" noise="81.03" route="routebottom" type="cfm_slow" waiting="0.00" lane="right_0" pos="14.99" speed="47.00" angle="337.45" x="121.85" y="93.30"/>
        <vehicle id="cfm_slow_4" eclass="HBEFA3/PC_G_EU4" CO2="13867.12" CO="488.45" HC="2.61" NOx="5.43" PMx="0.45" fuel="5.96" electricity="0.00" noise="81.03" route="routetop" type="cfm_slow" waiting="0.00" lane="top_0" pos="4.99" speed="47.00" angle="265.52" x="53.44" y="128.17"/>
    </timestep>
    <timestep time="56.00">
        <vehicle id="cfm_slow_0" eclass="HBEFA3/PC_G_EU4" CO2="13867.12" CO="488.45" HC="2.61" NOx="5.43" PMx="0.45" fuel="5.96" electricity="0.00" noise="81.03" route="routetop" type="cfm_slow" waiting="0.00" lane="top_0" pos="49.69" speed="47.00" angle="185.04" x="-1.64" y="64.32"/>
        <vehicle id="cfm_slow_1" eclass="HBEFA3/PC_G_EU4" CO2="13867.12" CO="488.45" HC="2.61" NOx="5.43" PMx="0.45" fuel="5.96" electricity="0.00" noise="81.03" route="routetop" type="cfm_slow" waiting="0.00" lane="left_0" pos="39.69" speed="47.00" angle="113.04" x="42.86" y="1.75"/>
        <vehicle id="cfm_slow_2" eclass="HBEFA3/PC_G_EU4" CO2="13867.12" CO="488.45" HC="2.61" NOx="5.43" PMx="0.45" fuel="5.96" electricity="0.00" noise="81.03" route="routebottom" type="cfm_slow" waiting="0.00" lane="bottom_0" pos="29.69" speed="47.00" angle="41.04" x="116.11" y="24.76"/>
        <vehicle id="cfm_slow_3" eclass="HBEFA3/PC_G_EU4" CO2="13867.12" CO="488.45" HC="2.61" NOx="5.43" PMx="0.45" fuel="5.96" electricity="0.00" noise="81.03" route="routebottom" type="cfm_slow" waiting="0.00" lane="right_0" pos="19.69" speed="47.00" angle="329.02" x="116.85" y="101.53"/>
        <vehicle id="cfm_slow_4" eclass="HBEFA3/PC_G_EU4" CO2="13867.12" CO="488.45" HC="2.61" NOx="5.43" PMx="0.45" fuel="5.96" electricity="0.00" noise="81.03" route="routetop" type="cfm_slow" waiting="0.00" lane="top_0" pos="9.69" speed="47.00" angle="257.05" x="44.06" y="125.96"/>
    </timestep>
    <timestep time="56.10">
        <vehicle id="cfm_slow_0" eclass="HBEFA3/PC_G_EU4" CO2="13867.12" CO="488.45" HC="2.61" NOx="5.43" PMx="0.45" fuel="5.96" electricity="0.00" noise="81.03" route="routetop" type="cfm_slow" waiting="0.00" lane="left_0" pos="4.39" speed="47.00" angle="176.62" x="-1.02" y="54.65"/>
        <vehicle id="cfm_slow_1" eclass="HBEFA3/PC_G_EU4" CO2="13867.12" CO="488.45" HC="2.61" NOx="5.43" PMx="0.45" fuel="5.96" electricity="0.00" noise="81.03" route="routetop" type="cfm_slow" waiting="0.00" lane="left_0" pos="44.39" speed="47.00" angle="104.63" x="52.19" y="-0.63"/>
        <vehicle id="cfm_slow_2" eclass="HBEFA3/PC_G_EU4" CO2="13867.12" CO="488.45" HC="2.61" NOx="5.43" PMx="0.45" fuel="5.96" electricity="0.00" noise="81.03" route="routebottom" type="cfm_slow" waiting="0.00" lane="bottom_0" pos="34.39" speed="47.00" angle="32.62" x="121.27" y="32.90"/>
        <vehicle id="cfm_slow_3" eclass="HBEFA3/PC_G_EU4" CO2="13867.12" CO="488.45" HC="2.61" NOx="5.43" PMx="0.45" fuel="5.96" electricity="0.00" noise="81.03" route="routebottom" type="cfm_slow" waiting="0.00" lane="right_0" pos="24.39" speed="47.00" angle="320.64" x="110.72" y="108.95"/>
        <vehicle id="cfm_slow_4" eclass="HBEFA3/PC_G_EU4" CO2="13867.12" CO="488.45" HC="2.61" NOx="5.43" PMx="0.45" fuel="5.96" electricity="0.00" noise="81.03" route="routetop" type="cfm_slow" waiting="0.00" lane="top_0" pos="14.39" speed="47.00" angle="248.58" x="35.12" y="122.40"/>
    </timestep>
    <timestep time="56.20">
        <vehicle id="cfm_slow_0" eclass="HBEFA3/PC_G_EU4" CO2="13867.12" CO="488.45" HC="2.61" NOx="5.43" PMx="0.45" fuel="5.96" electricity="0.00" noise="81.03" route="routetop" type="cfm_slow" waiting="0.00" lane="left_0" pos="9.09" speed="47.00" angle="168.10" x="1.01" y="45.24"/>
        <vehicle id="cfm_slow_1" eclass="HBEFA3/PC_G_EU4" CO2="13867.12" CO="488.45" HC="2.61" NOx="5.43" PMx="0.45" fuel="5.96" electricity="0.00" noise="81.03" route="routetop" type="cfm_slow" waiting="0.00" lane="left_0" pos="49.09" speed="47.00" angle="96.17" x="61.77" y="-1.61"/>
        <vehicle id="cfm_slow_2" eclass="HBEFA3/PC_G_EU4" CO2="13867.12" CO="488.45" HC="2.61" NOx="5.43" PMx="0.45" fuel="5.96" electricity="0.00" noise="81.03" route="routebottom" type="cfm_slow" waiting="0.00" lane="bottom_0" pos="39.09" speed="47.00" angle="24.13" x="125.16" y="41.70"/>
        <vehicle id="cfm_slow_3" eclass="HBEFA3/PC_G_EU4" CO2="13867.12" CO="488.45" HC="2.61" NOx="5.43" PMx="0.45" fuel="5.96" electricity="0.00" noise="81.03" route="routebottom" type="cfm_slow" waiting="0.00" lane="right_0" pos="29.09" speed="47.00" angle="312.07" x="103.53" y="115.37"/>
        <vehicle id="cfm_slow_4" eclass="HBEFA3/PC_G_EU4" CO2="13867.12" CO="488.45" HC="2.61" NOx="5.43" PMx="0.45" fuel="5.96" electricity="0.00" noise="81.03" route="routetop" type="cfm_slow" waiting="0.00" lane="top_0" pos="19.09" speed="47.00" angle="240.08" x="26.79" y="117.56"/>
    </timestep>
    <timestep time="56.30">
        <vehicle id="cfm_slow_0" eclass="HBEFA3/PC_G_EU4" CO2="13867.12" CO="488.45" HC="2.61" NOx="5.43" PMx="0.45" fuel="5.96" electricity="0.00" noise="81.03" route="routetop" type="cfm_slow" waiting="0.00" lane="left_0" pos="13.79" speed="47.00" angle="159.68" x="4.39" y="36.23"/>
        <vehicle id="cfm_slow_1" eclass="HBEFA3/PC_G_EU4" CO2="13867.12" CO="488.45" HC="2.61" NOx="5.43" PMx="0.45" fuel="5.96" electricity="0.00" noise="81.03" route="routebottom" type="cfm_slow" waiting="0.00" lane="bottom_0" pos="3.79" speed="47.00" angle="87.70" x="71.45" y="-1.19"/>
        <vehicle id="cfm_slow_2" eclass="HBEFA3/PC_G_EU4" CO2="13867.12" CO="488.45" HC="2.61" NOx="5.43" PMx="0.45" fuel="5.96" electricity="0.00" noise="81.03" route="routebottom" type="cfm_slow" waiting="0.00" lane="bottom_0" pos="43.79" speed="47.00" angle="15.78" x="127.73" y="50.98"/>
        <vehicle id="cfm_slow_3" eclass="HBEFA3/PC_G_EU4" CO2="13867.12" CO="488.45" HC="2.61" NOx="5.43" PMx="0.45" fuel="5.96" electricity="0.00" noise="81.03" route="routebottom" type="cfm_slow" waiting="0.00" lane="right_0" pos="33.79" speed="47.00" angle="303.72" x="95.50" y="120.67"/>
        <vehicle id="cfm_slow_4" eclass="HBEFA3/PC_G_EU4" CO2="13867.12" CO="488.45" HC="2.61" NOx="5.43" PMx="0.45" fuel="5.96" electricity="0.00" noise="81.03" route="routetop" type="cfm_slow" waiting="0.00" lane="top_0" pos="23.79" speed="47.00" angle="231.65" x="19.27" y="111.55"/>
    </timestep>
    <timestep time="56.40">
        <vehicle id="cfm_slow_0" eclass="HBEFA3/PC_G_EU4" CO2="13867.12" CO="488.45" HC="2.61" NOx="5.43" PMx="0.45" fuel="5.96" electricity="0.00" noise="81.03" route="routetop" type="cfm_slow" waiting="0.00" lane="left_0" pos="18.49" speed="47.00" angle="151.18" x="9.08" y="27.82"/>
        <vehicle id="cfm_slow_1" eclass="HBEFA3/PC_G_EU4" CO2="13867.12" CO="488.45" HC="2.61" NOx="5.43" PMx="0.45" fuel="5.96" electricity="0.00" noise="81.03" route="routebottom" type="cfm_slow" waiting="0.00" lane="bottom_0" pos="8.49" speed="47.00" angle="79.15" x="80.89" y="0.68"/>
        <vehicle id="cfm_slow_2" eclass="HBEFA3/PC_G_EU4" CO2="13867.12" CO="488.45" HC="2.61" NOx="5.43" PMx="0.45" fuel="5.96" electricity="0.00" noise="81.03" route="routebottom" type="cfm_slow" waiting="0.00" lane="bottom_0" pos="48.49" speed="47.00" angle="7.19" x="128.89" y="60.54"/>
        <vehicle id="cfm_slow_3" eclass="HBEFA3/PC_G_EU4" CO2="13867.12" CO="488.45" HC="2.61" NOx="5.43" PMx="0.45" fuel="5.96" electricity="0.00" noise="81.03" route="routebottom" type="cfm_slow" waiting="0.00" lane="right_0" pos="38.49" speed="47.00" angle="295.21" x="86.77" y="124.74"/>
        <vehicle id="cfm_slow_4" eclass="HBEFA3/PC_G_EU4" CO2="13867.12" CO="488.45" HC="2.61" NOx="5.43" PMx="0.45" fuel="5.96" electricity="0.00" noise="81.03" route="routetop" type="cfm_slow" waiting="0.00" lane="top_0" pos="28.49" speed="47.00" angle="223.20" x="12.71" y="104.50"/>
    </timestep>
    <timestep time="56.50">
        <vehicle id="cfm_slow_0" eclass="HBEFA3/PC_G_EU4" CO2="13867.12" CO="488.45" HC="2.61" NOx="5.43" PMx="0.45" fuel="5.96" electricity="0.00" noise="81.03" route="routetop" type="cfm_slow" waiting="0.00" lane="left_0" pos="23.19" speed="47.00" angle="142.75" x="14.94" y="20.18"/>
        <vehicle id="cfm_slow_1" eclass="HBEFA3/PC_G_EU4" CO2="13867.12" CO="488.45" HC="2.61" NOx="5.43" PMx="0.45" fuel="5.96" electricity="0.00" noise="81.03" route="routebottom" type="cfm_slow" waiting="0.00" lane="bottom_0" pos="13.19" speed="47.00" angle="70.78" x="89.97" y="3.89"/>
        <vehicle id="cfm_slow_2" eclass="HBEFA3/PC_G_EU4" CO2="13867.12" CO="488.45" HC="2.61" NOx="5.43" PMx="0.45" fuel="5.96" electricity="0.00" noise="81.03" route="routebottom" type="cfm_slow" waiting="0.00" lane="right_0" pos="3.19" speed="47.00" angle="358.77" x="128.63" y="70.22"/>
        <vehicle id="cfm_slow_3" eclass="HBEFA3/PC_G_EU4" CO2="13867.12" CO="488.45" HC="2.61" NOx="5.43" PMx="0.45" fuel="5.96" electricity="0.00" noise="81.03" route="routebottom" type="cfm_slow" waiting="0.00" lane="right_0" pos="43.19" speed="47.00" angle="286.81" x="77.54" y="127.47"/>
        <vehicle id="cfm_slow_4" eclass="HBEFA3/PC_G_EU4" CO2="13867.12" CO="488.45" HC="2.61" NOx="5.43" PMx="0.45" fuel="5.96" electricity="0.00" noise="81.03" route="routetop" type="cfm_slow" waiting="0.00" lane="top_0" pos="33.19" speed="47.00" angle="214.76" x="7.25" y="96.57"/>
    </timestep>
    <timestep time="56.60">
        <vehicle id="cfm_slow_0" eclass="HBEFA3/PC_G_EU4" CO2="13867.12" CO="488.45" HC="2.61" NOx="5.43" PMx="0.45" fuel="5.96" electricity="0.00" noise="81.03" route="routetop" type="cfm_slow" waiting="0.00" lane="left_0" pos="27.89" speed="47.00" angle="134.28" x="21.86" y="13.49"/>
        <vehicle id="cfm_slow_1" eclass="HBEFA3/PC_G_EU4" CO2="13867.12" CO="488.45" HC="2.61" NOx="5.43" PMx="0.45" fuel="5.96" electricity="0.00" noise="81.03" route="routebottom" type="cfm_slow" waiting="0.00" lane="bottom_0" pos="17.89" speed="47.00" angle="62.27" x="98.47" y="8.40"/>
        <vehicle id="cfm_slow_2" eclass="HBEFA3/PC_G_EU4" CO2="13867.12" CO="488.45" HC="2.61" NOx="5.43" PMx="0.45" fuel="5.96" electricity="0.00" noise="81.03" route="routebottom" type="cfm_slow" waiting="0.00" lane="right_0" pos="7.89" speed="47.00" angle="350.25" x="126.96" y="79.71"/>
        <vehicle id="cfm_slow_3" eclass="HBEFA3/PC_G_EU4" CO2="13867.12" CO="488.45" HC="2.61" NOx="5.43" PMx="0.45" fuel="5.96" electricity="0.00" noise="81.03" route="routebottom" type="cfm_slow" waiting="0.00" lane="right_0" pos="47.89" speed="47.00" angle="278.35" x="68.01" y="128.82"/>
        <vehicle id="cfm_slow_4" eclass="HBEFA3/PC_G_EU4" CO2="13867.12" CO="488.45" HC="2.61" NOx="5.43" PMx="0.45" fuel="5.96" electricity="0.00" noise="81.03" route="routetop" type="cfm_slow" waiting="0.00" lane="top_0" pos="37.89" speed="47.00" angle="206.28" x="3.04" y="87.92"/>
    </timestep>
    <timestep time="56.70">
        <vehicle id="cfm_slow_0" eclass="HBEFA3/PC_G_EU4" CO2="13867.12" CO="488.45" HC="2.61" NOx="5.43" PMx="0.45" fuel="5.96" electricity="0.00" noise="81.03" route="routetop" type="cfm_slow" waiting="0.00" lane="left_0" pos="32.59" speed="47.00" angle="125.86" x="29.70" y="7.89"/>
        <vehicle id="cfm_slow_1" eclass="HBEFA3/PC_G_EU4" CO2="13867.12" CO="488.45" HC="2.61" NOx="5.43" PMx="0.45" fuel="5.96" electricity="0.00" noise="81.03" route="routebottom" type="cfm_slow" waiting="0.00" lane="bottom_0" pos="22.59" speed="47.00" angle="53.81" x="106.21" y="14.13"/>
        <vehicle id="cfm_slow_2" eclass="HBEFA3/PC_G_EU4" CO2="0.00" CO="0.00" HC="0.00" NOx="0.00" PMx="0.00" fuel="0.00" electricity="0.00" noise="81.03" route="routebottom" type="cfm_slow" waiting="0.00" lane="right_0" pos="12.59" speed="47.00" angle="341.81" x="123.92" y="88.84"/>
        <vehicle id="cfm_slow_3" eclass="HBEFA3/PC_G_EU4" CO2="13867.12" CO="488.45" HC="2.61" NOx="5.43" PMx="0.45" fuel="5.96" electricity="0.00" noise="81.03" route="routetop" type="cfm_slow" waiting="0.00" lane="top_0" pos="2.59" speed="47.00" angle="269.86" x="58.32" y="128.76"/>
        <vehicle id="cfm_slow_4" eclass="HBEFA3/PC_G_EU4" CO2="13867.12" CO="488.45" HC="2.61" NOx="5.43" PMx="0.45" fuel="5.96" electricity="0.00" noise="81.03" route="routetop" type="cfm_slow" waiting="0.00" lane="top_0" pos="42.59" speed="47.00" angle="197.85" x="0.12" y="78.74"/>
    </timestep>
    <timestep time="56.80">
        <vehicle id="cfm_slow_0" eclass="HBEFA3/PC_G_EU4" CO2="13867.12" CO="488.45" HC="2.61" NOx="5.43" PMx="0.45" fuel="5.96" electricity="0.00" noise="81.03" route="routetop" type="cfm_slow" waiting="0.00" lane="left_0" pos="37.29" speed="47.00" angle="117.41" x="38.26" y="3.49"/>
        <vehicle id="cfm_slow_1" eclass="HBEFA3/PC_G_EU4" CO2="13867.12" CO="488.45" HC="2.61" NOx="5.43" PMx="0.45" fuel="5.96" electricity="0.00" noise="81.03" route="routebottom" type="cfm_slow" waiting="0.00" lane="bottom_0" pos="27.29" speed="47.00" angle="45.40" x="113.04" y="20.92"/>
        <vehicle id="cfm_slow_2" eclass="HBEFA3/PC_G_EU4" CO2="0.00" CO="0.00" HC="0.00" NOx="0.00" PMx="0.00" fuel="0.00" electricity="0.00" noise="81.03" route="routebottom" type="cfm_slow" waiting="0.00" lane="right_0" pos="17.29" speed="47.00" angle="333.39" x="119.56" y="97.42"/>
        <vehicle id="cfm_slow_3" eclass="HBEFA3/PC_G_EU4" CO2="13867.12" CO="488.45" HC="2.61" NOx="5.43" PMx="0.45" fuel="5.96" electricity="0.00" noise="81.03" route="routetop" type="cfm_slow" waiting="0.00" lane="top_0" pos="7.29" speed="47.00" angle="261.29" x="48.81" y="127.25"/>
        <vehicle id="cfm_slow_4" eclass="HBEFA3/PC_G_EU4" CO2="13867.12" CO="488.45" HC="2.61" NOx="5.43" PMx="0.45" fuel="5.96" electricity="0.00" noise="81.03" route="routetop" type="cfm_slow" waiting="0.00" lane="top_0" pos="47.29" speed="47.00" angle="189.38" x="-1.41" y="69.24"/>
    </timestep>
    <timestep time="56.90">
        <vehicle id="cfm_slow_0" eclass="HBEFA3/PC_G_EU4" CO2="13867.12" CO="488.45" HC="2.61" NOx="5.43" PMx="0.45" fuel="5.96" electricity="0.00" noise="81.03" route="routetop" type="cfm_slow" waiting="0.00" lane="left_0" pos="41.99" speed="47.00" angle="108.89" x="47.39" y="0.42"/>
        <vehicle id="cfm_slow_1" eclass="HBEFA3/PC_G_EU4" CO2="13867.12" CO="488.45" HC="2.61" NOx="5.43" PMx="0.45" fuel="5.96" electricity="0.00" noise="81.03" route="routebottom" type="cfm_slow" waiting="0.00" lane="bottom_0" pos="31.99" speed="47.00" angle="36.96" x="118.80" y="28.64"/>
        <vehicle id="cfm_slow_2" eclass="HBEFA3/PC_G_EU4" CO2="13867.12" CO="488.45" HC="2.61" NOx="5.43" PMx="0.45" fuel="5.96" electricity="0.00" noise="81.03" route="routebottom" type="cfm_slow" waiting="0.00" lane="right_0" pos="21.99" speed="47.00" angle="324.90" x="113.98" y="105.28"/>
        <vehicle id="cfm_slow_3" eclass="HBEFA3/PC_G_EU4" CO2="13867.12" CO="488.45" HC="2.61" NOx="5.43" PMx="0.45" fuel="5.96" electricity="0.00" noise="81.03" route="routetop" type="cfm_slow" waiting="0.00" lane="top_0" pos="11.99" speed="47.00" angle="252.86" x="39.63" y="124.37"/>
        <vehicle id="cfm_slow_4" eclass="HBEFA3/PC_G_EU4" CO2="13867.12" CO="488.45" HC="2.61" NOx="5.43" PMx="0.45" fuel="5.96" electricity="0.00" noise="81.03" route="routetop" type="cfm_slow" waiting="0.00" lane="left_0" pos="1.99" speed="47.00" angle="180.90" x="-1.51" y="59.55"/>
    </timestep>
    <timestep time="57.00">
        <vehicle id="cfm_slow_0" eclass="HBEFA3/PC_G_EU4" CO2="13867.12" CO="488.45" HC="2.61" NOx="5.43" PMx="0.45" fuel="5.96" electricity="0.00" noise="81.03" route="routetop" type="cfm_slow" waiting="0.00" lane="left_0" pos="46.69" speed="47.00" angle="100.51" x="56.86" y="-1.29"/>
        <vehicle id="cfm_slow_1" eclass="HBEFA3/PC_G_EU4" CO2="13867.12" CO="488.45" HC="2.61" NOx="5.43" PMx="0.45" fuel="5.96" electricity="0.00" noise="81.03" route="routebottom" type="cfm_slow" waiting="0.00" lane="bottom_0" pos="36.69" speed="47.00" angle="28.43" x="123.33" y="37.13"/>
        <vehicle id="cfm_slow_2" eclass="HBEFA3/PC_G_EU4" CO2="13867.12" CO="488.45" HC="2.61" NOx="5.43" PMx="0.45" fuel="5.96" electricity="0.00" noise="81.03" route="routebottom" type="cfm_slow" waiting="0.00" lane="right_0" pos="26.69" speed="47.00" angle="316.50" x="107.33" y="112.23"/>
        <vehicle id="cfm_slow_3" eclass="HBEFA3/PC_G_EU4" CO2="13867.12" CO="488.45" HC="2.61" NOx="5.43" PMx="0.45" fuel="5.96" electricity="0.00" noise="81.03" route="routetop" type="cfm_slow" waiting="0.00" lane="top_0" pos="16.69" speed="47.00" angle="244.50" x="30.95" y="120.19"/>
        <vehicle id="cfm_slow_4" eclass="HBEFA3/PC_G_EU4" CO2="13867.12" CO="488.45" HC="2.61" NOx="5.43" PMx="0.45" fuel="5.96" electricity="0.00" noise="81.03" route="routetop" type="cfm_slow" waiting="0.00" lane="left_0" pos="6.69" speed="47.00" angle="172.43" x="-0.20" y="50.01"/>
    </timestep>
    <timestep time="57.10">
        <vehicle id="cfm_slow_0" eclass="HBEFA3/PC_G_EU4" CO2="13867.12" CO="488.45" HC="2.61" NOx="5.43" PMx="0.45" fuel="5.96" electricity="0.00" noise="81.03" route="routebottom" type="cfm_slow" waiting="0.00" lane="bottom_0" pos="1.39" speed="47.00" angle="92.00" x="66.54" y="-1.58"/>
        <vehicle id="cfm_slow_1" eclass="HBEFA3/PC_G_EU4" CO2="13867.12" CO="488.45" HC="2.61" NOx="5.43" PMx="0.45" fuel="5.96" electricity="0.00" noise="81.03" route="routebottom" type="cfm_slow" waiting="0.00" lane="bottom_0" pos="41.39" speed="47.00" angle="20.02" x="126.59" y="46.20"/>
        <vehicle id="cfm_slow_2" eclass="HBEFA3/PC_G_EU4" CO2="13867.12" CO="488.45" HC="2.61" NOx="5.43" PMx="0.45" fuel="5.96" electricity="0.00" noise="81.03" route="routebottom" type="cfm_slow" waiting="0.00" lane="right_0" pos="31.39" speed="47.00" angle="307.98" x="99.70" y="118.11"/>
        <vehicle id="cfm_slow_3" eclass="HBEFA3/PC_G_EU4" CO2="13867.12" CO="488.45" HC="2.61" NOx="5.43" PMx="0.45" fuel="5.96" electricity="0.00" noise="81.03" route="routetop" type="cfm_slow" waiting="0.00" lane="top_0" pos="21.39" speed="47.00" angle="235.96" x="23.01" y="114.75"/>
        <vehicle id="cfm_slow_4" eclass="HBEFA3/PC_G_EU4" CO2="13867.12" CO="488.45" HC="2.61" NOx="5.43" PMx="0.45" fuel="5.96" electricity="0.00" noise="81.03" route="routetop" type="cfm_slow" waiting="0.00" lane="left_0" pos="11.39" speed="47.00" angle="163.91" x="2.51" y="40.77"/>
    </timestep>
    <timestep time="57.20">
        <vehicle id="cfm_slow_0" eclass="HBEFA3/PC_G_EU4" CO2="13867.12" CO="488.45" HC="2.61" NOx="5.43" PMx="0.45" fuel="5.96" electricity="0.00" noise="81.03" route="routebottom" type="cfm_slow" waiting="0.00" lane="bottom_0" pos="6.09" speed="47.00" angle="83.48" x="76.10" y="-0.44"/>
        <vehicle id="cfm_slow_1" eclass="HBEFA3/PC_G_EU4" CO2="13867.12" CO="488.45" HC="2.61" NOx="5.43" PMx="0.45" fuel="5.96" electricity="0.00" noise="81.03" route="routebottom" type="cfm_slow" waiting="0.00" lane="bottom_0" pos="46.09" speed="47.00" angle="11.54" x="128.48" y="55.64"/>
        <vehicle id="cfm_slow_2" eclass="HBEFA3/PC_G_EU4" CO2="13867.12" CO="488.45" HC="2.61" NOx="5.43" PMx="0.45" fuel="5.96" electricity="0.00" noise="81.03" route="routebottom" type="cfm_slow" waiting="0.00" lane="right_0" pos="36.09" speed="47.00" angle="299.58" x="91.31" y="122.83"/>
        <vehicle id="cfm_slow_3" eclass="HBEFA3/PC_G_EU4" CO2="13867.12" CO="488.45" HC="2.61" NOx="5.43" PMx="0.45" fuel="5.96" electricity="0.00" noise="81.03" route="routetop" type="cfm_slow" waiting="0.00" lane="top_0" pos="26.09" speed="47.00" angle="227.58" x="15.93" y="108.23"/>
        <vehicle id="cfm_slow_4" eclass="HBEFA3/PC_G_EU4" CO2="13867.12" CO="488.45" HC="2.61" NOx="5.43" PMx="0.45" fuel="5.96" electricity="0.00" noise="81.03" route="routetop" type="cfm_slow" waiting="0.00" lane="left_0" pos="16.09" speed="47.00" angle="155.55" x="6.53" y="32.03"/>
    </timestep>
    <timestep time="57.30">
        <vehicle id="cfm_slow_0" eclass="HBEFA3/PC_G_EU4" CO2="13867.12" CO="488.45" HC="2.61" NOx="5.43" PMx="0.45" fuel="5.96" electricity="0.00" noise="81.03" route="routebottom" type="cfm_slow" waiting="0.00" lane="bottom_0" pos="10.79" speed="47.00" angle="75.04" x="85.39" y="2.09"/>
        <vehicle id="cfm_slow_1" eclass="HBEFA3/PC_G_EU4" CO2="13867.12" CO="488.45" HC="2.61" NOx="5.43" PMx="0.45" fuel="5.96" electricity="0.00" noise="81.03" route="routebottom" type="cfm_slow" waiting="0.00" lane="right_0" pos="0.79" speed="47.00" angle="3.05" x="128.94" y="65.31"/>
        <vehicle id="cfm_slow_2" eclass="HBEFA3/PC_G_EU4" CO2="13867.12" CO="488.45" HC="2.61" NOx="5.43" PMx="0.45" fuel="5.96" electricity="0.00" noise="81.03" route="routebottom" type="cfm_slow" waiting="0.00" lane="right_0" pos="40.79" speed="47.00" angle="291.08" x="82.31" y="126.25"/>
        <vehicle id="cfm_slow_3" eclass="HBEFA3/PC_G_EU4" CO2="13867.12" CO="488.45" HC="2.61" NOx="5.43" PMx="0.45" fuel="5.96" electricity="0.00" noise="81.03" route="routetop" type="cfm_slow" waiting="0.00" lane="top_0" pos="30.79" speed="47.00" angle="219.04" x="9.90" y="100.72"/>
        <vehicle id="cfm_slow_4" eclass="HBEFA3/PC_G_EU4" CO2="13867.12" CO="488.45" HC="2.61" NOx="5.43" PMx="0.45" fuel="5.96" electricity="0.00" noise="81.03" route="routetop" type="cfm_slow" waiting="0.00" lane="left_0" pos="20.79" speed="47.00" angle="147.05" x="11.81" y="23.97"/>
    </timestep>
    <timestep time="57.40">
        <vehicle id="cfm_slow_0" eclass="HBEFA3/PC_G_EU4" CO2="13867.12" CO="488.45" HC="2.61" NOx="5.43" PMx="0.45" fuel="5.96" electricity="0.00" noise="81.03" route="routebottom" type="cfm_slow" waiting="0.00" lane="bottom_0" pos="15.49" speed="47.00" angle="66.64" x="94.22" y="5.94"/>
        <vehicle id="cfm_slow_1" eclass="HBEFA3/PC_G_EU4" CO2="13867.12" CO="488.45" HC="2.61" NOx="5.43" PMx="0.45" fuel="5.96" electricity="0.00" noise="81.03" route="routebottom" type="cfm_slow" waiting="0.00" lane="right_0" pos="5.49" speed="47.00" angle="354.63" x="127.99" y="74.89"/>
        <vehicle id="cfm_slow_2" eclass="HBEFA3/PC_G_EU4" CO2="13867.12" CO="488.45" HC="2.61" NOx="5.43" PMx="0.45" fuel="5.96" electricity="0.00" noise="81.03" route="routebottom" type="cfm_slow" waiting="0.00" lane="right_0" pos="45.49" speed="47.00" angle="282.61" x="72.90" y="128.31"/>
        <vehicle id="cfm_slow_3" eclass="HBEFA3/PC_G_EU4" CO2="13867.12" CO="488.45" HC="2.61" NOx="5.43" PMx="0.45" fuel="5.96" electricity="0.00" noise="81.03" route="routetop" type="cfm_slow" waiting="0.00" lane="top_0" pos="35.49" speed="47.00" angle="210.68" x="5.03" y="92.42"/>
        <vehicle id="cfm_slow_4" eclass="HBEFA3/PC_G_EU4" CO2="13867.12" CO="488.45" HC="2.61" NOx="5.43" PMx="0.45" fuel="5.96" electricity="0.00" noise="81.03" route="routetop" type="cfm_slow" waiting="0.00" lane="left_0" pos="25.49" speed="47.00" angle="138.59" x="18.20" y="16.78"/>
    </timestep>
    <timestep time="57.50">
        <vehicle id="cfm_slow_0" eclass="HBEFA3/PC_G_EU4" CO2="13867.12" CO="488.45" HC="2.61" NOx="5.43" PMx="0.45" fuel="5.96" electricity="0.00" noise="81.03" route="routebottom" type="cfm_slow" waiting="0.00" lane="bottom_0" pos="20.19" speed="47.00" angle="58.07" x="102.36" y="11.07"/>
        <vehicle id="cfm_slow_1" eclass="HBEFA3/PC_G_EU4" CO2="13867.12" CO="488.45" HC="2.61" NOx="5.43" PMx="0.45" fuel="5.96" electricity="0.00" noise="81.03" route="routebottom" type="cfm_slow" waiting="0.00" lane="right_0" pos="10.19" speed="47.00" angle="346.18" x="125.66" y="84.24"/>
        <vehicle id="cfm_slow_2" eclass="HBEFA3/PC_G_EU4" CO2="13867.12" CO="488.45" HC="2.61" NOx="5.43" PMx="0.45" fuel="5.96" electricity="0.00" noise="81.03" route="routetop" type="cfm_slow" waiting="0.00" lane="top_0" pos="0.19" speed="47.00" angle="274.14" x="63.24" y="128.96"/>
        <vehicle id="cfm_slow_3" eclass="HBEFA3/PC_G_EU4" CO2="13867.12" CO="488.45" HC="2.61" NOx="5.43" PMx="0.45" fuel="5.96" electricity="0.00" noise="81.03" route="routetop" type="cfm_slow" waiting="0.00" lane="top_0" pos="40.19" speed="47.00" angle="202.16" x="1.44" y="83.48"/>
        <vehicle id="cfm_slow_4" eclass="HBEFA3/PC_G_EU4" CO2="13867.12" CO="488.45" HC="2.61" NOx="5.43" PMx="0.45" fuel="5.96" electricity="0.00" noise="81.03" route="routetop" type="cfm_slow" waiting="0.00" lane="left_0" pos="30.19" speed="47.00" angle="130.13" x="25.60" y="10.61"/>
    </timestep>
    <timestep time="57.60">
        <vehicle id="cfm_slow_0" eclass="HBEFA3/PC_G_EU4" CO2="13867.12" CO="488.45" HC="2.61" NOx="5.43" PMx="0.45" fuel="5.96" electricity="0.00" noise="81.03" route="routebottom" type="cfm_slow" waiting="0.00" lane="bottom_0" pos="24.89" speed="47.00" angle="49.73" x="109.68" y="17.33"/>
        <vehicle id="cfm_slow_1" eclass="HBEFA3/PC_G_EU4" CO2="13867.12" CO="488.45" HC="2.61" NOx="5.43" PMx="0.45" fuel="5.96" electricity="0.00" noise="81.03" route="routebottom" type="cfm_slow" waiting="0.00" lane="right_0" pos="14.89" speed="47.00" angle="337.64" x="121.94" y="93.12"/>
        <vehicle id="cfm_slow_2" eclass="HBEFA3/PC_G_EU4" CO2="13867.12" CO="488.45" HC="2.61" NOx="5.43" PMx="0.45" fuel="5.96" electricity="0.00" noise="81.03" route="routetop" type="cfm_slow" waiting="0.00" lane="top_0" pos="4.89" speed="47.00" angle="265.70" x="53.64" y="128.19"/>
        <vehicle id="cfm_slow_3" eclass="HBEFA3/PC_G_EU4" CO2="13867.12" CO="488.45" HC="2.61" NOx="5.43" PMx="0.45" fuel="5.96" electricity="0.00" noise="81.03" route="routetop" type="cfm_slow" waiting="0.00" lane="top_0" pos="44.89" speed="47.00" angle="193.76" x="-0.81" y="74.12"/>
        <vehicle id="cfm_slow_4" eclass="HBEFA3/PC_G_EU4" CO2="13867.12" CO="488.45" HC="2.61" NOx="5.43" PMx="0.45" fuel="5.96" electricity="0.00" noise="81.03" route="routetop" type="cfm_slow" waiting="0.00" lane="left_0" pos="34.89" speed="47.00" angle="121.77" x="33.80" y="5.58"/>
    </timestep>
    <timestep time="57.70">
        <vehicle id="cfm_slow_0" eclass="HBEFA3/PC_G_EU4" CO2="13867.12" CO="488.45" HC="2.61" NOx="5.43" PMx="0.45" fuel="5.96" electricity="0.00" noise="81.03" route="routebottom" type="cfm_slow" waiting="0.00" lane="bottom_0" pos="29.59" speed="47.00" angle="41.22" x="115.99" y="24.60"/>
        <vehicle id="cfm_slow_1" eclass="HBEFA3/PC_G_EU4" CO2="13867.12" CO="488.45" HC="2.61" NOx="5.43" PMx="0.45" fuel="5.96" electricity="0.00" noise="81.03" route="routebottom" type="cfm_slow" waiting="0.00" lane="right_0" pos="19.59" speed="47.00" angle="329.20" x="116.97" y="101.37"/>
        <vehicle id="cfm_slow_2" eclass="HBEFA3/PC_G_EU4" CO2="0.00" CO="0.00" HC="0.00" NOx="0.00" PMx="0.00" fuel="0.00" electricity="0.00" noise="81.03" route="routetop" type="cfm_slow" waiting="0.00" lane="top_0" pos="9.59" speed="47.00" angle="257.24" x="44.26" y="126.02"/>
        <vehicle id="cfm_slow_3" eclass="HBEFA3/PC_G_EU4" CO2="13867.12" CO="488.45" HC="2.61" NOx="5.43" PMx="0.45" fuel="5.96" electricity="0.00" noise="81.03" route="routetop" type="cfm_slow" waiting="0.00" lane="top_0" pos="49.59" speed="47.00" angle="185.23" x="-1.63" y="64.53"/>
        <vehicle id="cfm_slow_4" eclass="HBEFA3/PC_G_EU4" CO2="13867.12" CO="488.45" HC="2.61" NOx="5.43" PMx="0.45" fuel="5.96" electricity="0.00" noise="81.03" route="routetop" type="cfm_slow" waiting="0.00" lane="left_0" pos="39.59" speed="47.00" angle="113.19" x="42.67" y="1.82"/>
    </timestep>
    <timestep time="57.80">
        <vehicle id="cfm_slow_0" eclass="HBEFA3/PC_G_EU4" CO2="13867.12" CO="488.45" HC="2.61" NOx="5.43" PMx="0.45" fuel="5.96" electricity="0.00" noise="81.03" route="routebottom" type="cfm_slow" waiting="0.00" lane="bottom_0" pos="34.29" speed="47.00" angle="32.80" x="121.17" y="32.72"/>
        <vehicle id="cfm_slow_1" eclass="HBEFA3/PC_G_EU4" CO2="13867.12" CO="488.45" HC="2.61" NOx="5.43" PMx="0.45" fuel="5.96" electricity="0.00" noise="81.03" route="routebottom" type="cfm_slow" waiting="0.00" lane="right_0" pos="24.29" speed="47.00" angle="320.80" x="110.86" y="108.80"/>
        <vehicle id="cfm_slow_2" eclass="HBEFA3/PC_G_EU4" CO2="0.00" CO="0.00" HC="0.00" NOx="0.00" PMx="0.00" fuel="0.00" electricity="0.00" noise="81.03" route="routetop" type="cfm_slow" waiting="0.00" lane="top_0" pos="14.29" speed="47.00" angle="248.76" x="35.30" y="122.49"/>
        <vehicle id="cfm_slow_3" eclass="HBEFA3/PC_G_EU4" CO2="13867.12" CO="488.45" HC="2.61" NOx="5.43" PMx="0.45" fuel="5.96" electricity="0.00" noise="81.03" route="routetop" type="cfm_slow" waiting="0.00" lane="left_0" pos="4.29" speed="47.00" angle="176.80" x="-1.05" y="54.86"/>
        <vehicle id="cfm_slow_4" eclass="HBEFA3/PC_G_EU4" CO2="13867.12" CO="488.45" HC="2.61" NOx="5.43" PMx="0.45" fuel="5.96" electricity="0.00" noise="81.03" route="routetop" type="cfm_slow" waiting="0.00" lane="left_0" pos="44.29" speed="47.00" angle="104.81" x="51.99" y="-0.59"/>
    </timestep>
    <timestep time="57.90">
        <vehicle id="cfm_slow_0" eclass="HBEFA3/PC_G_EU4" CO2="13867.12" CO="488.45" HC="2.61" NOx="5.43" PMx="0.45" fuel="5.96" electricity="0.00" noise="81.03" route="routebottom" type="cfm_slow" waiting="0.00" lane="bottom_0" pos="38.99" speed="47.00" angle="24.31" x="125.08" y="41.51"/>
        <vehicle id="cfm_slow_1" eclass="HBEFA3/PC_G_EU4" CO2="0.00" CO="0.00" HC="0.00" NOx="0.00" PMx="0.00" fuel="0.00" electricity="0.00" noise="81.03" route="routebottom" type="cfm_slow" waiting="0.00" lane="right_0" pos="28.99" speed="47.00" angle="312.25" x="103.70" y="115.24"/>
        <vehicle id="cfm_slow_2" eclass="HBEFA3/PC_G_EU4" CO2="13867.12" CO="488.45" HC="2.61" NOx="5.43" PMx="0.45" fuel="5.96" electricity="0.00" noise="81.03" route="routetop" type="cfm_slow" waiting="0.00" lane="top_0" pos="18.99" speed="47.00" angle="240.27" x="26.96" y="117.68"/>
        <vehicle id="cfm_slow_3" eclass="HBEFA3/PC_G_EU4" CO2="13867.12" CO="488.45" HC="2.61" NOx="5.43" PMx="0.45" fuel="5.96" electricity="0.00" noise="81.03" route="routetop" type="cfm_slow" waiting="0.00" lane="left_0" pos="8.99" speed="47.00" angle="168.28" x="0.95" y="45.44"/>
        <vehicle id="cfm_slow_4" eclass="HBEFA3/PC_G_EU4" CO2="13867.12" CO="488.45" HC="2.61" NOx="5.43" PMx="0.45" fuel="5.96" electricity="0.00" noise="81.03" route="routetop" type="cfm_slow" waiting="0.00" lane="left_0" pos="48.99" speed="47.00" angle="96.36" x="61.56" y="-1.61"/>
    </timestep>
    <timestep time="58.00">
        <vehicle id="cfm_slow_0" eclass="HBEFA3/PC_G_EU4" CO2="13867.12" CO="488.45" HC="2.61" NOx="5.43" PMx="0.45" fuel="5.96" electricity="0.00" noise="81.03" route="routebottom" type="cfm_slow" waiting="0.00" lane="bottom_0" pos="43.69" speed="47.00" angle="15.97" x="127.69" y="50.78"/>
        <vehicle id="cfm_slow_1" eclass="HBEFA3/PC_G_EU4" CO2="13867.12" CO="488.45" HC="2.61" NOx="5.43" PMx="0.45" fuel="5.96" electricity="0.00" noise="81.03" route="routebottom" type="cfm_slow" waiting="0.00" lane="right_0" pos="33.69" speed="47.00" angle="303.91" x="95.68" y="120.57"/>
        <vehicle id="cfm_slow_2" eclass="HBEFA3/PC_G_EU4" CO2="13867.12" CO="488.45" HC="2.61" NOx="5.43" PMx="0.45" fuel="5.96" electricity="0.00" noise="81.03" route="routetop" type="cfm_slow" waiting="0.00" lane="top_0" pos="23.69" speed="47.00" angle="231.83" x="19.42" y="111.69"/>
        <vehicle id="cfm_slow_3" eclass="HBEFA3/PC_G_EU4" CO2="13867.12" CO="488.45" HC="2.61" NOx="5.43" PMx="0.45" fuel="5.96" electricity="0.00" noise="81.03" route="routetop" type="cfm_slow" waiting="0.00" lane="left_0" pos="13.69" speed="47.00" angle="159.86" x="4.31" y="36.42"/>
        <vehicle id="cfm_slow_4" eclass="HBEFA3/PC_G_EU4" CO2="13867.12" CO="488.45" HC="2.61" NOx="5.43" PMx="0.45" fuel="5.96" electricity="0.00" noise="81.03" route="routebottom" type="cfm_slow" waiting="0.00" lane="bottom_0" pos="3.69" speed="47.00" angle="87.85" x="71.24" y="-1.21"/>
    </timestep>
    <timestep time="58.10">
        <vehicle id="cfm_slow_0" eclass="HBEFA3/PC_G_EU4" CO2="13867.12" CO="488.45" HC="2.61" NOx="5.43" PMx="0.45" fuel="5.96" electricity="0.00" noise="81.03" route="routebottom" type="cfm_slow" waiting="0.00" lane="bottom_0" pos="48.39" speed="47.00" angle="7.39" x="128.88" y="60.33"/>
        <vehicle id="cfm_slow_1" eclass="HBEFA3/PC_G_EU4" CO2="13867.12" CO="488.45" HC="2.61" NOx="5.43" PMx="0.45" fuel="5.96" electricity="0.00" noise="81.03" route="routebottom" type="cfm_slow" waiting="0.00" lane="right_0" pos="38.39" speed="47.00" angle="295.36" x="86.96" y="124.66"/>
        <vehicle id="cfm_slow_2" eclass="HBEFA3/PC_G_EU4" CO2="13867.12" CO="488.45" HC="2.61" NOx="5.43" PMx="0.45" fuel="5.96" electricity="0.00" noise="81.03" route="routetop" type="cfm_slow" waiting="0.00" lane="top_0" pos="28.39" speed="47.00" angle="223.38" x="12.84" y="104.67"/>
        <vehicle id="cfm_slow_3" eclass="HBEFA3/PC_G_EU4" CO2="13867.12" CO="488.45" HC="2.61" NOx="5.43" PMx="0.45" fuel="5.96" electricity="0.00" noise="81.03" route="routetop" type="cfm_slow" waiting="0.00" lane="left_0" pos="18.39" speed="47.00" angle="151.37" x="8.97" y="27.99"/>
        <vehicle id="cfm_slow_4" eclass="HBEFA3/PC_G_EU4" CO2="13867.12" CO="488.45" HC="2.61" NOx="5.43" PMx="0.45" fuel="5.96" electricity="0.00" noise="81.03" route="routebottom" type="cfm_slow" waiting="0.00" lane="bottom_0" pos="8.39" speed="47.00" angle="79.34" x="80.70" y="0.62"/>
    </timestep>
    <timestep time="58.20">
        <vehicle id="cfm_slow_0" eclass="HBEFA3/PC_G_EU4" CO2="13867.12" CO="488.45" HC="2.61" NOx="5.43" PMx="0.45" fuel="5.96" electricity="0.00" noise="81.03" route="routebottom" type="cfm_slow" waiting="0.00" lane="right_0" pos="3.09" speed="47.00" angle="358.95" x="128.66" y="70.02"/>
        <vehicle id="cfm_slow_1" eclass="HBEFA3/PC_G_EU4" CO2="13867.12" CO="488.45" HC="2.61" NOx="5.43" PMx="0.45" fuel="5.96" electricity="0.00" noise="81.03" route="routebottom" type="cfm_slow" waiting="0.00" lane="right_0" pos="43.09" speed="47.00" angle="286.98" x="77.74" y="127.43"/>
        <vehicle id="cfm_slow_2" eclass="HBEFA3/PC_G_EU4" CO2="13867.12" CO="488.45" HC="2.61" NOx="5.43" PMx="0.45" fuel="5.96" electricity="0.00" noise="81.03" route="routetop" type="cfm_slow" waiting="0.00" lane="top_0" pos="33.09" speed="47.00" angle="214.95" x="7.36" y="96.75"/>
        <vehicle id="cfm_slow_3" eclass="HBEFA3/PC_G_EU4" CO2="13867.12" CO="488.45" HC="2.61" NOx="5.43" PMx="0.45" fuel="5.96" electricity="0.00" noise="81.03" route="routetop" type="cfm_slow" waiting="0.00" lane="left_0" pos="23.09" speed="47.00" angle="142.93" x="14.80" y="20.33"/>
        <vehicle id="cfm_slow_4" eclass="HBEFA3/PC_G_EU4" CO2="13867.12" CO="488.45" HC="2.61" NOx="5.43" PMx="0.45" fuel="5.96" electricity="0.00" noise="81.03" route="routebottom" type="cfm_slow" waiting="0.00" lane="bottom_0" pos="13.09" speed="47.00" angle="70.97" x="89.78" y="3.81"/>
    </timestep>
    <timestep time="58.30">
        <vehicle id="cfm_slow_0" eclass="HBEFA3/PC_G_EU4" CO2="13867.12" CO="488.45" HC="2.61" NOx="5.43" PMx="0.45" fuel="5.96" electricity="0.00" noise="81.03" route="routebottom" type="cfm_slow" waiting="0.00" lane="right_0" pos="7.79" speed="47.00" angle="350.43" x="127.02" y="79.51"/>
        <vehicle id="cfm_slow_1" eclass="HBEFA3/PC_G_EU4" CO2="13867.12" CO="488.45" HC="2.61" NOx="5.43" PMx="0.45" fuel="5.96" electricity="0.00" noise="81.03" route="routebottom" type="cfm_slow" waiting="0.00" lane="right_0" pos="47.79" speed="47.00" angle="278.54" x="68.21" y="128.81"/>
        <vehicle id="cfm_slow_2" eclass="HBEFA3/PC_G_EU4" CO2="13867.12" CO="488.45" HC="2.61" NOx="5.43" PMx="0.45" fuel="5.96" electricity="0.00" noise="81.03" route="routetop" type="cfm_slow" waiting="0.00" lane="top_0" pos="37.79" speed="47.00" angle="206.47" x="3.11" y="88.11"/>
        <vehicle id="cfm_slow_3" eclass="HBEFA3/PC_G_EU4" CO2="13867.12" CO="488.45" HC="2.61" NOx="5.43" PMx="0.45" fuel="5.96" electricity="0.00" noise="81.03" route="routetop" type="cfm_slow" waiting="0.00" lane="left_0" pos="27.79" speed="47.00" angle="134.46" x="21.71" y="13.62"/>
        <vehicle id="cfm_slow_4" eclass="HBEFA3/PC_G_EU4" CO2="13867.12" CO="488.45" HC="2.61" NOx="5.43" PMx="0.45" fuel="5.96" electricity="0.00" noise="81.03" route="routebottom" type="cfm_slow" waiting="0.00" lane="bottom_0" pos="17.79" speed="47.00" angle="62.42" x="98.30" y="8.30"/>
    </timestep>
    <timestep time="58.40">
        <vehicle id="cfm_slow_0" eclass="HBEFA3/PC_G_EU4" CO2="13867.12" CO="488.45" HC="2.61" NOx="5.43" PMx="0.45" fuel="5.96" electricity="0.00" noise="81.03" route="routebottom" type="cfm_slow" waiting="0.00" lane="right_0" pos="12.49" speed="47.00" angle="341.99" x="123.99" y="88.65"/>
        <vehicle id="cfm_slow_1" eclass="HBEFA3/PC_G_EU4" CO2="13867.12" CO="488.45" HC="2.61" NOx="5.43" PMx="0.45" fuel="5.96" electricity="0.00" noise="81.03" route="routetop" type="cfm_slow" waiting="0.00" lane="top_0" pos="2.49" speed="47.00" angle="270.01" x="58.52" y="128.78"/>
        <vehicle id="cfm_slow_2" eclass="HBEFA3/PC_G_EU4" CO2="13867.12" CO="488.45" HC="2.61" NOx="5.43" PMx="0.45" fuel="5.96" electricity="0.00" noise="81.03" route="routetop" type="cfm_slow" waiting="0.00" lane="top_0" pos="42.49" speed="47.00" angle="198.03" x="0.17" y="78.94"/>
        <vehicle id="cfm_slow_3" eclass="HBEFA3/PC_G_EU4" CO2="13867.12" CO="488.45" HC="2.61" NOx="5.43" PMx="0.45" fuel="5.96" electricity="0.00" noise="81.03" route="routetop" type="cfm_slow" waiting="0.00" lane="left_0" pos="32.49" speed="47.00" angle="126.05" x="29.52" y="8.00"/>
        <vehicle id="cfm_slow_4" eclass="HBEFA3/PC_G_EU4" CO2="13867.12" CO="488.45" HC="2.61" NOx="5.43" PMx="0.45" fuel="5.96" electricity="0.00" noise="81.03" route="routebottom" type="cfm_slow" waiting="0.00" lane="bottom_0" pos="22.49" speed="47.00" angle="53.99" x="106.06" y="14.00"/>
    </timestep>
    <timestep time="58.50">
        <vehicle id="cfm_slow_0" eclass="HBEFA3/PC_G_EU4" CO2="13867.12" CO="488.45" HC="2.61" NOx="5.43" PMx="0.45" fuel="5.96" electricity="0.00" noise="81.03" route="routebottom" type="cfm_slow" waiting="0.00" lane="right_0" pos="17.19" speed="47.00" angle="333.58" x="119.66" y="97.25"/>
        <vehicle id="cfm_slow_1" eclass="HBEFA3/PC_G_EU4" CO2="0.00" CO="0.00" HC="0.00" NOx="0.00" PMx="0.00" fuel="0.00" electricity="0.00" noise="81.03" route="routetop" type="cfm_slow" waiting="0.00" lane="top_0" pos="7.19" speed="47.00" angle="261.49" x="49.01" y="127.30"/>
        <vehicle id="cfm_slow_2" eclass="HBEFA3/PC_G_EU4" CO2="13867.12" CO="488.45" HC="2.61" NOx="5.43" PMx="0.45" fuel="5.96" electricity="0.00" noise="81.03" route="routetop" type="cfm_slow" waiting="0.00" lane="top_0" pos="47.19" speed="47.00" angle="189.56" x="-1.39" y="69.44"/>
        <vehicle id="cfm_slow_3" eclass="HBEFA3/PC_G_EU4" CO2="13867.12" CO="488.45" HC="2.61" NOx="5.43" PMx="0.45" fuel="5.96" electricity="0.00" noise="81.03" route="routetop" type="cfm_slow" waiting="0.00" lane="left_0" pos="37.19" speed="47.00" angle="117.59" x="38.07" y="3.57"/>
        <vehicle id="cfm_slow_4" eclass="HBEFA3/PC_G_EU4" CO2="13867.12" CO="488.45" HC="2.61" NOx="5.43" PMx="0.45" fuel="5.96" electricity="0.00" noise="81.03" route="routebottom" type="cfm_slow" waiting="0.00" lane="bottom_0" pos="27.19" speed="47.00" angle="45.59" x="112.90" y="20.77"/>
    </timestep>
    <timestep time="58.60">
        <vehicle id="cfm_slow_0" eclass="HBEFA3/PC_G_EU4" CO2="13867.12" CO="488.45" HC="2.61" NOx="5.43" PMx="0.45" fuel="5.96" electricity="0.00" noise="81.03" route="routebottom" type="cfm_slow" waiting="0.00" lane="right_0" pos="21.89" speed="47.00" angle="325.08" x="114.12" y="105.12"/>
        <vehicle id="cfm_slow_1" eclass="HBEFA3/PC_G_EU4" CO2="0.00" CO="0.00" HC="0.00" NOx="0.00" PMx="0.00" fuel="0.00" electricity="0.00" noise="81.03" route="routetop" type="cfm_slow" waiting="0.00" lane="top_0" pos="11.89" speed="47.00" angle="253.03" x="39.82" y="124.44"/>
        <vehicle id="cfm_slow_2" eclass="HBEFA3/PC_G_EU4" CO2="13867.12" CO="488.45" HC="2.61" NOx="5.43" PMx="0.45" fuel="5.96" electricity="0.00" noise="81.03" route="routetop" type="cfm_slow" waiting="0.00" lane="left_0" pos="1.89" speed="47.00" angle="181.09" x="-1.52" y="59.75"/>
        <vehicle id="cfm_slow_3" eclass="HBEFA3/PC_G_EU4" CO2="13867.12" CO="488.45" HC="2.61" NOx="5.43" PMx="0.45" fuel="5.96" electricity="0.00" noise="81.03" route="routetop" type="cfm_slow" waiting="0.00" lane="left_0" pos="41.89" speed="47.00" angle="109.07" x="47.19" y="0.48"/>
        <vehicle id="cfm_slow_4" eclass="HBEFA3/PC_G_EU4" CO2="13867.12" CO="488.45" HC="2.61" NOx="5.43" PMx="0.45" fuel="5.96" electricity="0.00" noise="81.03" route="routebottom" type="cfm_slow" waiting="0.00" lane="bottom_0" pos="31.89" speed="47.00" angle="37.10" x="118.68" y="28.47"/>
    </timestep>
    <timestep time="58.70">
        <vehicle id="cfm_slow_0" eclass="HBEFA3/PC_G_EU4" CO2="13867.12" CO="488.45" HC="2.61" NOx="5.43" PMx="0.45" fuel="5.96" electricity="0.00" noise="81.03" route="routebottom" type="cfm_slow" waiting="0.00" lane="right_0" pos="26.59" speed="47.00" angle="316.68" x="107.48" y="112.09"/>
        <vehicle id="cfm_slow_1" eclass="HBEFA3/PC_G_EU4" CO2="13867.12" CO="488.45" HC="2.61" NOx="5.43" PMx="0.45" fuel="5.96" electricity="0.00" noise="81.03" route="routetop" type="cfm_slow" waiting="0.00" lane="top_0" pos="16.59" speed="47.00" angle="244.66" x="31.13" y="120.29"/>
        <vehicle id="cfm_slow_2" eclass="HBEFA3/PC_G_EU4" CO2="13867.12" CO="488.45" HC="2.61" NOx="5.43" PMx="0.45" fuel="5.96" electricity="0.00" noise="81.03" route="routetop" type="cfm_slow" waiting="0.00" lane="left_0" pos="6.59" speed="47.00" angle="172.61" x="-0.24" y="50.21"/>
        <vehicle id="cfm_slow_3" eclass="HBEFA3/PC_G_EU4" CO2="13867.12" CO="488.45" HC="2.61" NOx="5.43" PMx="0.45" fuel="5.96" electricity="0.00" noise="81.03" route="routetop" type="cfm_slow" waiting="0.00" lane="left_0" pos="46.59" speed="47.00" angle="100.70" x="56.66" y="-1.27"/>
        <vehicle id="cfm_slow_4" eclass="HBEFA3/PC_G_EU4" CO2="13867.12" CO="488.45" HC="2.61" NOx="5.43" PMx="0.45" fuel="5.96" electricity="0.00" noise="81.03" route="routebottom" type="cfm_slow" waiting="0.00" lane="bottom_0" pos="36.59" speed="47.00" angle="28.62" x="123.25" y="36.95"/>
    </timestep>
    <timestep time="58.80">
        <vehicle id="cfm_slow_0" eclass="HBEFA3/PC_G_EU4" CO2="13867.12" CO="488.45" HC="2.61" NOx="5.43" PMx="0.45" fuel="5.96" electricity="0.00" noise="81.03" route="routebottom" type="cfm_slow" waiting="0.00" lane="right_0" pos="31.29" speed="47.00" angle="308.16" x="99.87" y="118.00"/>
        <vehicle id="cfm_slow_1" eclass="HBEFA3/PC_G_EU4" CO2="13867.12" CO="488.45" HC="2.61" NOx="5.43" PMx="0.45" fuel="5.96" electricity="0.00" noise="81.03" route="routetop" type="cfm_slow" waiting="0.00" lane="top_0" pos="21.29" speed="47.00" angle="236.14" x="23.17" y="114.88"/>
        <vehicle id="cfm_slow_2" eclass="HBEFA3/PC_G_EU4" CO2="13867.12" CO="488.45" HC="2.61" NOx="5.43" PMx="0.45" fuel="5.96" electricity="0.00" noise="81.03" route="routetop" type="cfm_slow" waiting="0.00" lane="left_0" pos="11.29" speed="47.00" angle="164.10" x="2.44" y="40.96"/>
        <vehicle id="cfm_slow_3" eclass="HBEFA3/PC_G_EU4" CO2="13867.12" CO="488.45" HC="2.61" NOx="5.43" PMx="0.45" fuel="5.96" electricity="0.00" noise="81.03" route="routebottom" type="cfm_slow" waiting="0.00" lane="bottom_0" pos="1.29" speed="47.00" angle="92.18" x="66.34" y="-1.60"/>
        <vehicle id="cfm_slow_4" eclass="HBEFA3/PC_G_EU4" CO2="13867.12" CO="488.45" HC="2.61" NOx="5.43" PMx="0.45" fuel="5.96" electricity="0.00" noise="81.03" route="routebottom" type="cfm_slow" waiting="0.00" lane="bottom_0" pos="41.29" speed="47.00" angle="20.21" x="126.53" y="46.00"/>
    </timestep>
    <timestep time="58.90">
        <vehicle id="cfm_slow_0" eclass="HBEFA3/PC_G_EU4" CO2="13867.12" CO="488.45" HC="2.61" NOx="5.43" PMx="0.45" fuel="5.96" electricity="0.00" noise="81.03" route="routebottom" type="cfm_slow" waiting="0.00" lane="right_0" pos="35.99" speed="47.00" angle="299.77" x="91.50" y="122.74"/>
        <vehicle id="cfm_slow_1" eclass="HBEFA3/PC_G_EU4" CO2="13867.12" CO="488.45" HC="2.61" NOx="5.43" PMx="0.45" fuel="5.96" electricity="0.00" noise="81.03" route="routetop" type="cfm_slow" waiting="0.00" lane="top_0" pos="25.99" speed="47.00" angle="227.77" x="16.07" y="108.38"/>
        <vehicle id="cfm_slow_2" eclass="HBEFA3/PC_G_EU4" CO2="13867.12" CO="488.45" HC="2.61" NOx="5.43" PMx="0.45" fuel="5.96" electricity="0.00" noise="81.03" route="routetop" type="cfm_slow" waiting="0.00" lane="left_0" pos="15.99" speed="47.00" angle="155.74" x="6.44" y="32.21"/>
        <vehicle id="cfm_slow_3" eclass="HBEFA3/PC_G_EU4" CO2="13867.12" CO="488.45" HC="2.61" NOx="5.43" PMx="0.45" fuel="5.96" electricity="0.00" noise="81.03" route="routebottom" type="cfm_slow" waiting="0.00" lane="bottom_0" pos="5.99" speed="47.00" angle="83.67" x="75.90" y="-0.48"/>
        <vehicle id="cfm_slow_4" eclass="HBEFA3/PC_G_EU4" CO2="13867.12" CO="488.45" HC="2.61" NOx="5.43" PMx="0.45" fuel="5.96" electricity="0.00" noise="81.03" route="routebottom" type="cfm_slow" waiting="0.00" lane="bottom_0" pos="45.99" speed="47.00" angle="11.69" x="128.45" y="55.43"/>
    </timestep>
    <timestep time="59.00">
        <vehicle id="cfm_slow_0" eclass="HBEFA3/PC_G_EU4" CO2="13867.12" CO="488.45" HC="2.61" NOx="5.43" PMx="0.45" fuel="5.96" electricity="0.00" noise="81.03" route="routebottom" type="cfm_slow" waiting="0.00" lane="right_0" pos="40.69" speed="47.00" angle="291.27" x="82.50" y="126.19"/>
        <vehicle id="cfm_slow_1" eclass="HBEFA3/PC_G_EU4" CO2="13867.12" CO="488.45" HC="2.61" NOx="5.43" PMx="0.45" fuel="5.96" electricity="0.00" noise="81.03" route="routetop" type="cfm_slow" waiting="0.00" lane="top_0" pos="30.69" speed="47.00" angle="219.19" x="10.01" y="100.89"/>
        <vehicle id="cfm_slow_2" eclass="HBEFA3/PC_G_EU4" CO2="13867.12" CO="488.45" HC="2.61" NOx="5.43" PMx="0.45" fuel="5.96" electricity="0.00" noise="81.03" route="routetop" type="cfm_slow" waiting="0.00" lane="left_0" pos="20.69" speed="47.00" angle="147.23" x="11.68" y="24.13"/>
        <vehicle id="cfm_slow_3" eclass="HBEFA3/PC_G_EU4" CO2="13867.12" CO="488.45" HC="2.61" NOx="5.43" PMx="0.45" fuel="5.96" electricity="0.00" noise="81.03" route="routebottom" type="cfm_slow" waiting="0.00" lane="bottom_0" pos="10.69" speed="47.00" angle="75.23" x="85.20" y="2.02"/>
        <vehicle id="cfm_slow_4" eclass="HBEFA3/PC_G_EU4" CO2="13867.12" CO="488.45" HC="2.61" NOx="5.43" PMx="0.45" fuel="5.96" electricity="0.00" noise="81.03" route="routebottom" type="cfm_slow" waiting="0.00" lane="right_0" pos="0.69" speed="47.00" angle="3.23" x="128.94" y="65.11"/>
    </timestep>
    <timestep time="59.10">
        <vehicle id="cfm_slow_0" eclass="HBEFA3/PC_G_EU4" CO2="13867.12" CO="488.45" HC="2.61" NOx="5.43" PMx="0.45" fuel="5.96" electricity="0.00" noise="81.03" route="routebottom" type="cfm_slow" waiting="0.00" lane="right_0" pos="45.39" speed="47.00" angle="282.79" x="73.11" y="128.28"/>
        <vehicle id="cfm_slow_1" eclass="HBEFA3/PC_G_EU4" CO2="13867.12" CO="488.45" HC="2.61" NOx="5.43" PMx="0.45" fuel="5.96" electricity="0.00" noise="81.03" route="routetop" type="cfm_slow" waiting="0.00" lane="top_0" pos="35.39" speed="47.00" angle="210.86" x="5.12" y="92.60"/>
        <vehicle id="cfm_slow_2" eclass="HBEFA3/PC_G_EU4" CO2="13867.12" CO="488.45" HC="2.61" NOx="5.43" PMx="0.45" fuel="5.96" electricity="0.00" noise="81.03" route="routetop" type="cfm_slow" waiting="0.00" lane="left_0" pos="25.39" speed="47.00" angle="138.78" x="18.06" y="16.92"/>
        <vehicle id="cfm_slow_3" eclass="HBEFA3/PC_G_EU4" CO2="13867.12" CO="488.45" HC="2.61" NOx="5.43" PMx="0.45" fuel="5.96" electricity="0.00" noise="81.03" route="routebottom" type="cfm_slow" waiting="0.00" lane="bottom_0" pos="15.39" speed="47.00" angle="66.82" x="94.04" y="5.84"/>
        <vehicle id="cfm_slow_4" eclass="HBEFA3/PC_G_EU4" CO2="13867.12" CO="488.45" HC="2.61" NOx="5.43" PMx="0.45" fuel="5.96" electricity="0.00" noise="81.03" route="routebottom" type="cfm_slow" waiting="0.00" lane="right_0" pos="5.39" speed="47.00" angle="354.82" x="128.03" y="74.69"/>
    </timestep>
    <timestep time="59.20">
        <vehicle id="cfm_slow_0" eclass="HBEFA3/PC_G_EU4" CO2="13867.12" CO="488.45" HC="2.61" NOx="5.43" PMx="0.45" fuel="5.96" electricity="0.00" noise="81.03" route="routetop" type="cfm_slow" waiting="0.00" lane="top_0" pos="0.09" speed="47.00" angle="274.32" x="63.44" y="128.97"/>
        <vehicle id="cfm_slow_1" eclass="HBEFA3/PC_G_EU4" CO2="13867.12" CO="488.45" HC="2.61" NOx="5.43" PMx="0.45" fuel="5.96" electricity="0.00" noise="81.03" route="routetop" type="cfm_slow" waiting="0.00" lane="top_0" pos="40.09" speed="47.00" angle="202.34" x="1.50" y="83.68"/>
        <vehicle id="cfm_slow_2" eclass="HBEFA3/PC_G_EU4" CO2="13867.12" CO="488.45" HC="2.61" NOx="5.43" PMx="0.45" fuel="5.96" electricity="0.00" noise="81.03" route="routetop" type="cfm_slow" waiting="0.00" lane="left_0" pos="30.09" speed="47.00" angle="130.32" x="25.43" y="10.73"/>
        <vehicle id="cfm_slow_3" eclass="HBEFA3/PC_G_EU4" CO2="13867.12" CO="488.45" HC="2.61" NOx="5.43" PMx="0.45" fuel="5.96" electricity="0.00" noise="81.03" route="routebottom" type="cfm_slow" waiting="0.00" lane="bottom_0" pos="20.09" speed="47.00" angle="58.26" x="102.20" y="10.95"/>
        <vehicle id="cfm_slow_4" eclass="HBEFA3/PC_G_EU4" CO2="13867.12" CO="488.45" HC="2.61" NOx="5.43" PMx="0.45" fuel="5.96" electricity="0.00" noise="81.03" route="routebottom" type="cfm_slow" waiting="0.00" lane="right_0" pos="10.09" speed="47.00" angle="346.33" x="125.72" y="84.04"/>
    </timestep>
    <timestep time="59.30">
        <vehicle id="cfm_slow_0" eclass="HBEFA3/PC_G_EU4" CO2="13867.12" CO="488.45" HC="2.61" NOx="5.43" PMx="0.45" fuel="5.96" electricity="0.00" noise="81.03" route="routetop" type="cfm_slow" waiting="0.00" lane="top_0" pos="4.79" speed="47.00" angle="265.89" x="53.84" y="128.22"/>
        <vehicle id="cfm_slow_1" eclass="HBEFA3/PC_G_EU4" CO2="13867.12" CO="488.45" HC="2.61" NOx="5.43" PMx="0.45" fuel="5.96" electricity="0.00" noise="81.03" route="routetop" type="cfm_slow" waiting="0.00" lane="top_0" pos="44.79" speed="47.00" angle="193.90" x="-0.78" y="74.32"/>
        <vehicle id="cfm_slow_2" eclass="HBEFA3/PC_G_EU4" CO2="13867.12" CO="488.45" HC="2.61" NOx="5.43" PMx="0.45" fuel="5.96" electricity="0.00" noise="81.03" route="routetop" type="cfm_slow" waiting="0.00" lane="left_0" pos="34.79" speed="47.00" angle="121.96" x="33.62" y="5.67"/>
        <vehicle id="cfm_slow_3" eclass="HBEFA3/PC_G_EU4" CO2="13867.12" CO="488.45" HC="2.61" NOx="5.43" PMx="0.45" fuel="5.96" electricity="0.00" noise="81.03" route="routebottom" type="cfm_slow" waiting="0.00" lane="bottom_0" pos="24.79" speed="47.00" angle="49.92" x="109.53" y="17.19"/>
        <vehicle id="cfm_slow_4" eclass="HBEFA3/PC_G_EU4" CO2="13867.12" CO="488.45" HC="2.61" NOx="5.43" PMx="0.45" fuel="5.96" electricity="0.00" noise="81.03" route="routebottom" type="cfm_slow" waiting="0.00" lane="right_0" pos="14.79" speed="47.00" angle="337.82" x="122.03" y="92.94"/>
    </timestep>
    <timestep time="59.40">
        <vehicle id="cfm_slow_0" eclass="HBEFA3/PC_G_EU4" CO2="13867.12" CO="488.45" HC="2.61" NOx="5.43" PMx="0.45" fuel="5.96" electricity="0.00" noise="81.03" route="routetop" type="cfm_slow" waiting="0.00" lane="top_0" pos="9.49" speed="47.00" angle="257.42" x="44.46" y="126.08"/>
        <vehicle id="cfm_slow_1" eclass="HBEFA3/PC_G_EU4" CO2="13867.12" CO="488.45" HC="2.61" NOx="5.43" PMx="0.45" fuel="5.96" electricity="0.00" noise="81.03" route="routetop" type="cfm_slow" waiting="0.00" lane="top_0" pos="49.49" speed="47.00" angle="185.41" x="-1.63" y="64.73"/>
        <vehicle id="cfm_slow_2" eclass="HBEFA3/PC_G_EU4" CO2="13867.12" CO="488.45" HC="2.61" NOx="5.43" PMx="0.45" fuel="5.96" electricity="0.00" noise="81.03" route="routetop" type="cfm_slow" waiting="0.00" lane="left_0" pos="39.49" speed="47.00" angle="113.37" x="42.48" y="1.89"/>
        <vehicle id="cfm_slow_3" eclass="HBEFA3/PC_G_EU4" CO2="13867.12" CO="488.45" HC="2.61" NOx="5.43" PMx="0.45" fuel="5.96" electricity="0.00" noise="81.03" route="routebottom" type="cfm_slow" waiting="0.00" lane="bottom_0" pos="29.49" speed="47.00" angle="41.40" x="115.87" y="24.43"/>
        <vehicle id="cfm_slow_4" eclass="HBEFA3/PC_G_EU4" CO2="13867.12" CO="488.45" HC="2.61" NOx="5.43" PMx="0.45" fuel="5.96" electricity="0.00" noise="81.03" route="routebottom" type="cfm_slow" waiting="0.00" lane="right_0" pos="19.49" speed="47.00" angle="329.39" x="117.09" y="101.20"/>
    </timestep>
    <timestep time="59.50">
        <vehicle id="cfm_slow_0" eclass="HBEFA3/PC_G_EU4" CO2="13867.12" CO="488.45" HC="2.61" NOx="5.43" PMx="0.45" fuel="5.96" electricity="0.00" noise="81.03" route="routetop" type="cfm_slow" waiting="0.00" lane="top_0" pos="14.19" speed="47.00" angle="248.95" x="35.48" y="122.58"/>
        <vehicle id="cfm_slow_1" eclass="HBEFA3/PC_G_EU4" CO2="13867.12" CO="488.45" HC="2.61" NOx="5.43" PMx="0.45" fuel="5.96" electricity="0.00" noise="81.03" route="routetop" type="cfm_slow" waiting="0.00" lane="left_0" pos="4.19" speed="47.00" angle="176.98" x="-1.08" y="55.06"/>
        <vehicle id="cfm_slow_2" eclass="HBEFA3/PC_G_EU4" CO2="13867.12" CO="488.45" HC="2.61" NOx="5.43" PMx="0.45" fuel="5.96" electricity="0.00" noise="81.03" route="routetop" type="cfm_slow" waiting="0.00" lane="left_0" pos="44.19" speed="47.00" angle="105.00" x="51.79" y="-0.55"/>
        <vehicle id="cfm_slow_3" eclass="HBEFA3/PC_G_EU4" CO2="13867.12" CO="488.45" HC="2.61" NOx="5.43" PMx="0.45" fuel="5.96" electricity="0.00" noise="81.03" route="routebottom" type="cfm_slow" waiting="0.00" lane="bottom_0" pos="34.19" speed="47.00" angle="32.98" x="121.07" y="32.54"/>
        <vehicle id="cfm_slow_4" eclass="HBEFA3/PC_G_EU4" CO2="13867.12" CO="488.45" HC="2.61" NOx="5.43" PMx="0.45" fuel="5.96" electricity="0.00" noise="81.03" route="routebottom" type="cfm_slow" waiting="0.00" lane="right_0" pos="24.19" speed="47.00" angle="320.95" x="111.00" y="108.65"/>
    </timestep>
    <timestep time="59.60">
        <vehicle id="cfm_slow_0" eclass="HBEFA3/PC_G_EU4" CO2="13867.12" CO="488.45" HC="2.61" NOx="5.43" PMx="0.45" fuel="5.96" electricity="0.00" noise="81.03" route="routetop" type="cfm_slow" waiting="0.00" lane="top_0" pos="18.89" speed="47.00" angle="240.46" x="27.13" y="117.79"/>
        <vehicle id="cfm_slow_1" eclass="HBEFA3/PC_G_EU4" CO2="13867.12" CO="488.45" HC="2.61" NOx="5.43" PMx="0.45" fuel="5.96" electricity="0.00" noise="81.03" route="routetop" type="cfm_slow" waiting="0.00" lane="left_0" pos="8.89" speed="47.00" angle="168.43" x="0.89" y="45.64"/>
        <vehicle id="cfm_slow_2" eclass="HBEFA3/PC_G_EU4" CO2="13867.12" CO="488.45" HC="2.61" NOx="5.43" PMx="0.45" fuel="5.96" electricity="0.00" noise="81.03" route="routetop" type="cfm_slow" waiting="0.00" lane="left_0" pos="48.89" speed="47.00" angle="96.55" x="61.36" y="-1.61"/>
        <vehicle id="cfm_slow_3" eclass="HBEFA3/PC_G_EU4" CO2="13867.12" CO="488.45" HC="2.61" NOx="5.43" PMx="0.45" fuel="5.96" electricity="0.00" noise="81.03" route="routebottom" type="cfm_slow" waiting="0.00" lane="bottom_0" pos="38.89" speed="47.00" angle="24.49" x="125.01" y="41.32"/>
        <vehicle id="cfm_slow_4" eclass="HBEFA3/PC_G_EU4" CO2="13867.12" CO="488.45" HC="2.61" NOx="5.43" PMx="0.45" fuel="5.96" electricity="0.00" noise="81.03" route="routebottom" type="cfm_slow" waiting="0.00" lane="right_0" pos="28.89" speed="47.00" angle="312.43" x="103.86" y="115.11"/>
    </timestep>
    <timestep time="59.70">
        <vehicle id="cfm_slow_0" eclass="HBEFA3/PC_G_EU4" CO2="13867.12" CO="488.45" HC="2.61" NOx="5.43" PMx="0.45" fuel="5.96" electricity="0.00" noise="81.03" route="routetop" type="cfm_slow" waiting="0.00" lane="top_0" pos="23.59" speed="47.00" angle="232.01" x="19.57" y="111.83"/>
        <vehicle id="cfm_slow_1" eclass="HBEFA3/PC_G_EU4" CO2="13867.12" CO="488.45" HC="2.61" NOx="5.43" PMx="0.45" fuel="5.96" electricity="0.00" noise="81.03" route="routetop" type="cfm_slow" waiting="0.00" lane="left_0" pos="13.59" speed="47.00" angle="160.04" x="4.23" y="36.60"/>
        <vehicle id="cfm_slow_2" eclass="HBEFA3/PC_G_EU4" CO2="13867.12" CO="488.45" HC="2.61" NOx="5.43" PMx="0.45" fuel="5.96" electricity="0.00" noise="81.03" route="routebottom" type="cfm_slow" waiting="0.00" lane="bottom_0" pos="3.59" speed="47.00" angle="88.03" x="71.04" y="-1.23"/>
        <vehicle id="cfm_slow_3" eclass="HBEFA3/PC_G_EU4" CO2="13867.12" CO="488.45" HC="2.61" NOx="5.43" PMx="0.45" fuel="5.96" electricity="0.00" noise="81.03" route="routebottom" type="cfm_slow" waiting="0.00" lane="bottom_0" pos="43.59" speed="47.00" angle="16.16" x="127.65" y="50.58"/>
        <vehicle id="cfm_slow_4" eclass="HBEFA3/PC_G_EU4" CO2="13867.12" CO="488.45" HC="2.61" NOx="5.43" PMx="0.45" fuel="5.96" electricity="0.00" noise="81.03" route="routebottom" type="cfm_slow" waiting="0.00" lane="right_0" pos="33.59" speed="47.00" angle="304.09" x="95.86" y="120.47"/>
    </timestep>
    <timestep time="59.80">
        <vehicle id="cfm_slow_0" eclass="HBEFA3/PC_G_EU4" CO2="13867.12" CO="488.45" HC="2.61" NOx="5.43" PMx="0.45" fuel="5.96" electricity="0.00" noise="81.03" route="routetop" type="cfm_slow" waiting="0.00" lane="top_0" pos="28.29" speed="47.00" angle="223.57" x="12.97" y="104.83"/>
        <vehicle id="cfm_slow_1" eclass="HBEFA3/PC_G_EU4" CO2="13867.12" CO="488.45" HC="2.61" NOx="5.43" PMx="0.45" fuel="5.96" electricity="0.00" noise="81.03" route="routetop" type="cfm_slow" waiting="0.00" lane="left_0" pos="18.29" speed="47.00" angle="151.56" x="8.85" y="28.16"/>
        <vehicle id="cfm_slow_2" eclass="HBEFA3/PC_G_EU4" CO2="13867.12" CO="488.45" HC="2.61" NOx="5.43" PMx="0.45" fuel="5.96" electricity="0.00" noise="81.03" route="routebottom" type="cfm_slow" waiting="0.00" lane="bottom_0" pos="8.29" speed="47.00" angle="79.53" x="80.50" y="0.57"/>
        <vehicle id="cfm_slow_3" eclass="HBEFA3/PC_G_EU4" CO2="13867.12" CO="488.45" HC="2.61" NOx="5.43" PMx="0.45" fuel="5.96" electricity="0.00" noise="81.03" route="routebottom" type="cfm_slow" waiting="0.00" lane="bottom_0" pos="48.29" speed="47.00" angle="7.58" x="128.87" y="60.13"/>
        <vehicle id="cfm_slow_4" eclass="HBEFA3/PC_G_EU4" CO2="13867.12" CO="488.45" HC="2.61" NOx="5.43" PMx="0.45" fuel="5.96" electricity="0.00" noise="81.03" route="routebottom" type="cfm_slow" waiting="0.00" lane="right_0" pos="38.29" speed="47.00" angle="295.52" x="87.16" y="124.59"/>
    </timestep>
    <timestep time="59.90">
        <vehicle id="cfm_slow_0" eclass="HBEFA3/PC_G_EU4" CO2="0.00" CO="0.00" HC="0.00" NOx="0.00" PMx="0.00" fuel="0.00" electricity="0.00" noise="81.03" route="routetop" type="cfm_slow" waiting="0.00" lane="top_0" pos="32.99" speed="47.00" angle="215.13" x="7.47" y="96.92"/>
        <vehicle id="cfm_slow_1" eclass="HBEFA3/PC_G_EU4" CO2="13867.12" CO="488.45" HC="2.61" NOx="5.43" PMx="0.45" fuel="5.96" electricity="0.00" noise="81.03" route="routetop" type="cfm_slow" waiting="0.00" lane="left_0" pos="22.99" speed="47.00" angle="143.07" x="14.67" y="20.48"/>
        <vehicle id="cfm_slow_2" eclass="HBEFA3/PC_G_EU4" CO2="13867.12" CO="488.45" HC="2.61" NOx="5.43" PMx="0.45" fuel="5.96" electricity="0.00" noise="81.03" route="routebottom" type="cfm_slow" waiting="0.00" lane="bottom_0" pos="12.99" speed="47.00" angle="71.15" x="89.60" y="3.72"/>
        <vehicle id="cfm_slow_3" eclass="HBEFA3/PC_G_EU4" CO2="13867.12" CO="488.45" HC="2.61" NOx="5.43" PMx="0.45" fuel="5.96" electricity="0.00" noise="81.03" route="routebottom" type="cfm_slow" waiting="0.00" lane="right_0" pos="2.99" speed="47.00" angle="359.13" x="128.68" y="69.82"/>
        <vehicle id="cfm_slow_4" eclass="HBEFA3/PC_G_EU4" CO2="13867.12" CO="488.45" HC="2.61" NOx="5.43" PMx="0.45" fuel="5.96" electricity="0.00" noise="81.03" route="routebottom" type="cfm_slow" waiting="0.00" lane="right_0" pos="42.99" speed="47.00" angle="287.16" x="77.94" y="127.38"/>
    </timestep>
    <timestep time="60.00">
        <vehicle id="cfm_slow_0" eclass="HBEFA3/PC_G_EU4" CO2="13867.12" CO="488.45" HC="2.61" NOx="5.43" PMx="0.45" fuel="5.96" electricity="0.00" noise="81.03" route="routetop" type="cfm_slow" waiting="0.00" lane="top_0" pos="37.69" speed="47.00" angle="206.66" x="3.19" y="88.30"/>
        <vehicle id="cfm_slow_1" eclass="HBEFA3/PC_G_EU4" CO2="13867.12" CO="488.45" HC="2.61" NOx="5.43" PMx="0.45" fuel="5.96" electricity="0.00" noise="81.03" route="routetop" type="cfm_slow" waiting="0.00" lane="left_0" pos="27.69" speed="47.00" angle="134.65" x="21.55" y="13.76"/>
        <vehicle id="cfm_slow_2" eclass="HBEFA3/PC_G_EU4" CO2="13867.12" CO="488.45" HC="2.61" NOx="5.43" PMx="0.45" fuel="5.96" electricity="0.00" noise="81.03" route="routebottom" type="cfm_slow" waiting="0.00" lane="bottom_0" pos="17.69" speed="47.00" angle="62.61" x="98.12" y="8.19"/>
        <vehicle id="cfm_slow_3" eclass="HBEFA3/PC_G_EU4" CO2="13867.12" CO="488.45" HC="2.61" NOx="5.43" PMx="0.45" fuel="5.96" electricity="0.00" noise="81.03" route="routebottom" type="cfm_slow" waiting="0.00" lane="right_0" pos="7.69" speed="47.00" angle="350.60" x="127.07" y="79.31"/>
        <vehicle id="cfm_slow_4" eclass="HBEFA3/PC_G_EU4" CO2="13867.12" CO="488.45" HC="2.61" NOx="5.43" PMx="0.45" fuel="5.96" electricity="0.00" noise="81.03" route="routebottom" type="cfm_slow" waiting="0.00" lane="right_0" pos="47.69" speed="47.00" angle="278.73" x="68.42" y="128.80"/>
    </timestep>
    <timestep time="60.10">
        <vehicle id="cfm_slow_0" eclass="HBEFA3/PC_G_EU4" CO2="13867.12" CO="488.45" HC="2.61" NOx="5.43" PMx="0.45" fuel="5.96" electricity="0.00" noise="81.03" route="routetop" type="cfm_slow" waiting="0.00" lane="top_0" pos="42.39" speed="47.00" angle="198.21" x="0.21" y="79.14"/>
        <vehicle id="cfm_slow_1" eclass="HBEFA3/PC_G_EU4" CO2="13867.12" CO="488.45" HC="2.61" NOx="5.43" PMx="0.45" fuel="5.96" electricity="0.00" noise="81.03" route="routetop" type="cfm_slow" waiting="0.00" lane="left_0" pos="32.39" speed="47.00" angle="126.23" x="29.34" y="8.10"/>
        <vehicle id="cfm_slow_2" eclass="HBEFA3/PC_G_EU4" CO2="13867.12" CO="488.45" HC="2.61" NOx="5.43" PMx="0.45" fuel="5.96" electricity="0.00" noise="81.03" route="routebottom" type="cfm_slow" waiting="0.00" lane="bottom_0" pos="22.39" speed="47.00" angle="54.17" x="105.90" y="13.87"/>
        <vehicle id="cfm_slow_3" eclass="HBEFA3/PC_G_EU4" CO2="13867.12" CO="488.45" HC="2.61" NOx="5.43" PMx="0.45" fuel="5.96" electricity="0.00" noise="81.03" route="routebottom" type="cfm_slow" waiting="0.00" lane="right_0" pos="12.39" speed="47.00" angle="342.17" x="124.07" y="88.46"/>
        <vehicle id="cfm_slow_4" eclass="HBEFA3/PC_G_EU4" CO2="13867.12" CO="488.45" HC="2.61" NOx="5.43" PMx="0.45" fuel="5.96" electricity="0.00" noise="81.03" route="routetop" type="cfm_slow" waiting="0.00" lane="top_0" pos="2.39" speed="47.00" angle="270.17" x="58.73" y="128.79"/>
    </timestep>
    <timestep time="60.20">
        <vehicle id="cfm_slow_0" eclass="HBEFA3/PC_G_EU4" CO2="13867.12" CO="488.45" HC="2.61" NOx="5.43" PMx="0.45" fuel="5.96" electricity="0.00" noise="81.03" route="routetop" type="cfm_slow" waiting="0.00" lane="top_0" pos="47.09" speed="47.00" angle="189.75" x="-1.37" y="69.64"/>
        <vehicle id="cfm_slow_1" eclass="HBEFA3/PC_G_EU4" CO2="13867.12" CO="488.45" HC="2.61" NOx="5.43" PMx="0.45" fuel="5.96" electricity="0.00" noise="81.03" route="routetop" type="cfm_slow" waiting="0.00" lane="left_0" pos="37.09" speed="47.00" angle="117.73" x="37.88" y="3.65"/>
        <vehicle id="cfm_slow_2" eclass="HBEFA3/PC_G_EU4" CO2="13867.12" CO="488.45" HC="2.61" NOx="5.43" PMx="0.45" fuel="5.96" electricity="0.00" noise="81.03" route="routebottom" type="cfm_slow" waiting="0.00" lane="bottom_0" pos="27.09" speed="47.00" angle="45.78" x="112.77" y="20.61"/>
        <vehicle id="cfm_slow_3" eclass="HBEFA3/PC_G_EU4" CO2="13867.12" CO="488.45" HC="2.61" NOx="5.43" PMx="0.45" fuel="5.96" electricity="0.00" noise="81.03" route="routebottom" type="cfm_slow" waiting="0.00" lane="right_0" pos="17.09" speed="47.00" angle="333.76" x="119.77" y="97.07"/>
        <vehicle id="cfm_slow_4" eclass="HBEFA3/PC_G_EU4" CO2="13867.12" CO="488.45" HC="2.61" NOx="5.43" PMx="0.45" fuel="5.96" electricity="0.00" noise="81.03" route="routetop" type="cfm_slow" waiting="0.00" lane="top_0" pos="7.09" speed="47.00" angle="261.68" x="49.21" y="127.34"/>
    </timestep>
    <timestep time="60.30">
        <vehicle id="cfm_slow_0" eclass="HBEFA3/PC_G_EU4" CO2="13867.12" CO="488.45" HC="2.61" NOx="5.43" PMx="0.45" fuel="5.96" electricity="0.00" noise="81.03" route="routetop" type="cfm_slow" waiting="0.00" lane="left_0" pos="1.79" speed="47.00" angle="181.27" x="-1.53" y="59.96"/>
        <vehicle id="cfm_slow_1" eclass="HBEFA3/PC_G_EU4" CO2="13867.12" CO="488.45" HC="2.61" NOx="5.43" PMx="0.45" fuel="5.96" electricity="0.00" noise="81.03" route="routetop" type="cfm_slow" waiting="0.00" lane="left_0" pos="41.79" speed="47.00" angle="109.25" x="46.99" y="0.53"/>
        <vehicle id="cfm_slow_2" eclass="HBEFA3/PC_G_EU4" CO2="13867.12" CO="488.45" HC="2.61" NOx="5.43" PMx="0.45" fuel="5.96" electricity="0.00" noise="81.03" route="routebottom" type="cfm_slow" waiting="0.00" lane="bottom_0" pos="31.79" speed="47.00" angle="37.29" x="118.57" y="28.30"/>
        <vehicle id="cfm_slow_3" eclass="HBEFA3/PC_G_EU4" CO2="13867.12" CO="488.45" HC="2.61" NOx="5.43" PMx="0.45" fuel="5.96" electricity="0.00" noise="81.03" route="routebottom" type="cfm_slow" waiting="0.00" lane="right_0" pos="21.79" speed="47.00" angle="325.26" x="114.25" y="104.96"/>
        <vehicle id="cfm_slow_4" eclass="HBEFA3/PC_G_EU4" CO2="13867.12" CO="488.45" HC="2.61" NOx="5.43" PMx="0.45" fuel="5.96" electricity="0.00" noise="81.03" route="routetop" type="cfm_slow" waiting="0.00" lane="top_0" pos="11.79" speed="47.00" angle="253.21" x="40.01" y="124.52"/>
    </timestep>
    <timestep time="60.40">
        <vehicle id="cfm_slow_0" eclass="HBEFA3/PC_G_EU4" CO2="13867.12" CO="488.45" HC="2.61" NOx="5.43" PMx="0.45" fuel="5.96" electricity="0.00" noise="81.03" route="routetop" type="cfm_slow" waiting="0.00" lane="left_0" pos="6.49" speed="47.00" angle="172.80" x="-0.29" y="50.41"/>
        <vehicle id="cfm_slow_1" eclass="HBEFA3/PC_G_EU4" CO2="13867.12" CO="488.45" HC="2.61" NOx="5.43" PMx="0.45" fuel="5.96" electricity="0.00" noise="81.03" route="routetop" type="cfm_slow" waiting="0.00" lane="left_0" pos="46.49" speed="47.00" angle="100.88" x="56.45" y="-1.25"/>
        <vehicle id="cfm_slow_2" eclass="HBEFA3/PC_G_EU4" CO2="13867.12" CO="488.45" HC="2.61" NOx="5.43" PMx="0.45" fuel="5.96" electricity="0.00" noise="81.03" route="routebottom" type="cfm_slow" waiting="0.00" lane="bottom_0" pos="36.49" speed="47.00" angle="28.81" x="123.16" y="36.76"/>
        <vehicle id="cfm_slow_3" eclass="HBEFA3/PC_G_EU4" CO2="13867.12" CO="488.45" HC="2.61" NOx="5.43" PMx="0.45" fuel="5.96" electricity="0.00" noise="81.03" route="routebottom" type="cfm_slow" waiting="0.00" lane="right_0" pos="26.49" speed="47.00" angle="316.87" x="107.63" y="111.95"/>
        <vehicle id="cfm_slow_4" eclass="HBEFA3/PC_G_EU4" CO2="13867.12" CO="488.45" HC="2.61" NOx="5.43" PMx="0.45" fuel="5.96" electricity="0.00" noise="81.03" route="routetop" type="cfm_slow" waiting="0.00" lane="top_0" pos="16.49" speed="47.00" angle="244.82" x="31.31" y="120.39"/>
    </timestep>
    <timestep time="60.50">
        <vehicle id="cfm_slow_0" eclass="HBEFA3/PC_G_EU4" CO2="13867.12" CO="488.45" HC="2.61" NOx="5.43" PMx="0.45" fuel="5.96" electricity="0.00" noise="81.03" route="routetop" type="cfm_slow" waiting="0.00" lane="left_0" pos="11.19" speed="47.00" angle="164.29" x="2.37" y="41.16"/>
        <vehicle id="cfm_slow_1" eclass="HBEFA3/PC_G_EU4" CO2="13867.12" CO="488.45" HC="2.61" NOx="5.43" PMx="0.45" fuel="5.96" electricity="0.00" noise="81.03" route="routebottom" type="cfm_slow" waiting="0.00" lane="bottom_0" pos="1.19" speed="47.00" angle="92.33" x="66.13" y="-1.60"/>
        <vehicle id="cfm_slow_2" eclass="HBEFA3/PC_G_EU4" CO2="13867.12" CO="488.45" HC="2.61" NOx="5.43" PMx="0.45" fuel="5.96" electricity="0.00" noise="81.03" route="routebottom" type="cfm_slow" waiting="0.00" lane="bottom_0" pos="41.19" speed="47.00" angle="20.40" x="126.48" y="45.80"/>
        <vehicle id="cfm_slow_3" eclass="HBEFA3/PC_G_EU4" CO2="13867.12" CO="488.45" HC="2.61" NOx="5.43" PMx="0.45" fuel="5.96" electricity="0.00" noise="81.03" route="routebottom" type="cfm_slow" waiting="0.00" lane="right_0" pos="31.19" speed="47.00" angle="308.35" x="100.04" y="117.89"/>
        <vehicle id="cfm_slow_4" eclass="HBEFA3/PC_G_EU4" CO2="13867.12" CO="488.45" HC="2.61" NOx="5.43" PMx="0.45" fuel="5.96" electricity="0.00" noise="81.03" route="routetop" type="cfm_slow" waiting="0.00" lane="top_0" pos="21.19" speed="47.00" angle="236.32" x="23.33" y="115.01"/>
    </timestep>
    <timestep time="60.60">
        <vehicle id="cfm_slow_0" eclass="HBEFA3/PC_G_EU4" CO2="0.00" CO="0.00" HC="0.00" NOx="0.00" PMx="0.00" fuel="0.00" electricity="0.00" noise="81.03" route="routetop" type="cfm_slow" waiting="0.00" lane="left_0" pos="15.89" speed="47.00" angle="155.92" x="6.34" y="32.39"/>
        <vehicle id="cfm_slow_1" eclass="HBEFA3/PC_G_EU4" CO2="13867.12" CO="488.45" HC="2.61" NOx="5.43" PMx="0.45" fuel="5.96" electricity="0.00" noise="81.03" route="routebottom" type="cfm_slow" waiting="0.00" lane="bottom_0" pos="5.89" speed="47.00" angle="83.86" x="75.70" y="-0.52"/>
        <vehicle id="cfm_slow_2" eclass="HBEFA3/PC_G_EU4" CO2="13867.12" CO="488.45" HC="2.61" NOx="5.43" PMx="0.45" fuel="5.96" electricity="0.00" noise="81.03" route="routebottom" type="cfm_slow" waiting="0.00" lane="bottom_0" pos="45.89" speed="47.00" angle="11.88" x="128.42" y="55.23"/>
        <vehicle id="cfm_slow_3" eclass="HBEFA3/PC_G_EU4" CO2="13867.12" CO="488.45" HC="2.61" NOx="5.43" PMx="0.45" fuel="5.96" electricity="0.00" noise="81.03" route="routebottom" type="cfm_slow" waiting="0.00" lane="right_0" pos="35.89" speed="47.00" angle="299.95" x="91.68" y="122.66"/>
        <vehicle id="cfm_slow_4" eclass="HBEFA3/PC_G_EU4" CO2="13867.12" CO="488.45" HC="2.61" NOx="5.43" PMx="0.45" fuel="5.96" electricity="0.00" noise="81.03" route="routetop" type="cfm_slow" waiting="0.00" lane="top_0" pos="25.89" speed="47.00" angle="227.95" x="16.21" y="108.53"/>
    </timestep>
    <timestep time="60.70">
        <vehicle id="cfm_slow_0" eclass="HBEFA3/PC_G_EU4" CO2="13867.12" CO="488.45" HC="2.61" NOx="5.43" PMx="0.45" fuel="5.96" electricity="0.00" noise="81.03" route="routetop" type="cfm_slow" waiting="0.00" lane="left_0" pos="20.59" speed="47.00" angle="147.41" x="11.55" y="24.30"/>
        <vehicle id="cfm_slow_1" eclass="HBEFA3/PC_G_EU4" CO2="13867.12" CO="488.45" HC="2.61" NOx="5.43" PMx="0.45" fuel="5.96" electricity="0.00" noise="81.03" route="routebottom" type="cfm_slow" waiting="0.00" lane="bottom_0" pos="10.59" speed="47.00" angle="75.42" x="85.01" y="1.95"/>
        <vehicle id="cfm_slow_2" eclass="HBEFA3/PC_G_EU4" CO2="13867.12" CO="488.45" HC="2.61" NOx="5.43" PMx="0.45" fuel="5.96" electricity="0.00" noise="81.03" route="routebottom" type="cfm_slow" waiting="0.00" lane="right_0" pos="0.59" speed="47.00" angle="3.41" x="128.95" y="64.90"/>
        <vehicle id="cfm_slow_3" eclass="HBEFA3/PC_G_EU4" CO2="13867.12" CO="488.45" HC="2.61" NOx="5.43" PMx="0.45" fuel="5.96" electricity="0.00" noise="81.03" route="routebottom" type="cfm_slow" waiting="0.00" lane="right_0" pos="40.59" speed="47.00" angle="291.46" x="82.70" y="126.13"/>
        <vehicle id="cfm_slow_4" eclass="HBEFA3/PC_G_EU4" CO2="13867.12" CO="488.45" HC="2.61" NOx="5.43" PMx="0.45" fuel="5.96" electricity="0.00" noise="81.03" route="routetop" type="cfm_slow" waiting="0.00" lane="top_0" pos="30.59" speed="47.00" angle="219.35" x="10.13" y="101.06"/>
    </timestep>
    <timestep time="60.80">
        <vehicle id="cfm_slow_0" eclass="HBEFA3/PC_G_EU4" CO2="0.00" CO="0.00" HC="0.00" NOx="0.00" PMx="0.00" fuel="0.00" electricity="0.00" noise="81.03" route="routetop" type="cfm_slow" waiting="0.00" lane="left_0" pos="25.29" speed="47.00" angle="138.97" x="17.91" y="17.07"/>
        <vehicle id="cfm_slow_1" eclass="HBEFA3/PC_G_EU4" CO2="13867.12" CO="488.45" HC="2.61" NOx="5.43" PMx="0.45" fuel="5.96" electricity="0.00" noise="81.03" route="routebottom" type="cfm_slow" waiting="0.00" lane="bottom_0" pos="15.29" speed="47.00" angle="66.96" x="93.85" y="5.75"/>
        <vehicle id="cfm_slow_2" eclass="HBEFA3/PC_G_EU4" CO2="13867.12" CO="488.45" HC="2.61" NOx="5.43" PMx="0.45" fuel="5.96" electricity="0.00" noise="81.03" route="routebottom" type="cfm_slow" waiting="0.00" lane="right_0" pos="5.29" speed="47.00" angle="355.00" x="128.07" y="74.49"/>
        <vehicle id="cfm_slow_3" eclass="HBEFA3/PC_G_EU4" CO2="13867.12" CO="488.45" HC="2.61" NOx="5.43" PMx="0.45" fuel="5.96" electricity="0.00" noise="81.03" route="routebottom" type="cfm_slow" waiting="0.00" lane="right_0" pos="45.29" speed="47.00" angle="282.97" x="73.31" y="128.25"/>
        <vehicle id="cfm_slow_4" eclass="HBEFA3/PC_G_EU4" CO2="13867.12" CO="488.45" HC="2.61" NOx="5.43" PMx="0.45" fuel="5.96" electricity="0.00" noise="81.03" route="routetop" type="cfm_slow" waiting="0.00" lane="top_0" pos="35.29" speed="47.00" angle="211.04" x="5.21" y="92.78"/>
    </timestep>
    <timestep time="60.90">
        <vehicle id="cfm_slow_0" eclass="HBEFA3/PC_G_EU4" CO2="13867.12" CO="488.45" HC="2.61" NOx="5.43" PMx="0.45" fuel="5.96" electricity="0.00" noise="81.03" route="routetop" type="cfm_slow" waiting="0.00" lane="left_0" pos="29.99" speed="47.00" angle="130.50" x="25.26" y="10.85"/>
        <vehicle id="cfm_slow_1" eclass="HBEFA3/PC_G_EU4" CO2="13867.12" CO="488.45" HC="2.61" NOx="5.43" PMx="0.45" fuel="5.96" electricity="0.00" noise="81.03" route="routebottom" type="cfm_slow" waiting="0.00" lane="bottom_0" pos="19.99" speed="47.00" angle="58.44" x="102.03" y="10.83"/>
        <vehicle id="cfm_slow_2" eclass="HBEFA3/PC_G_EU4" CO2="13867.12" CO="488.45" HC="2.61" NOx="5.43" PMx="0.45" fuel="5.96" electricity="0.00" noise="81.03" route="routebottom" type="cfm_slow" waiting="0.00" lane="right_0" pos="9.99" speed="47.00" angle="346.51" x="125.78" y="83.84"/>
        <vehicle id="cfm_slow_3" eclass="HBEFA3/PC_G_EU4" CO2="13867.12" CO="488.45" HC="2.61" NOx="5.43" PMx="0.45" fuel="5.96" electricity="0.00" noise="81.03" route="routebottom" type="cfm_slow" waiting="0.00" lane="right_0" pos="49.99" speed="47.00" angle="274.53" x="63.71" y="128.97"/>
        <vehicle id="cfm_slow_4" eclass="HBEFA3/PC_G_EU4" CO2="13867.12" CO="488.45" HC="2.61" NOx="5.43" PMx="0.45" fuel="5.96" electricity="0.00" noise="81.03" route="routetop" type="cfm_slow" waiting="0.00" lane="top_0" pos="39.99" speed="47.00" angle="202.53" x="1.56" y="83.87"/>
    </timestep>
    <timestep time="61.00">
        <vehicle id="cfm_slow_0" eclass="HBEFA3/PC_G_EU4" CO2="13867.12" CO="488.45" HC="2.61" NOx="5.43" PMx="0.45" fuel="5.96" electricity="0.00" noise="81.03" route="routetop" type="cfm_slow" waiting="0.00" lane="left_0" pos="34.69" speed="47.00" angle="122.14" x="33.44" y="5.76"/>
        <vehicle id="cfm_slow_1" eclass="HBEFA3/PC_G_EU4" CO2="13867.12" CO="488.45" HC="2.61" NOx="5.43" PMx="0.45" fuel="5.96" electricity="0.00" noise="81.03" route="routebottom" type="cfm_slow" waiting="0.00" lane="bottom_0" pos="24.69" speed="47.00" angle="50.11" x="109.39" y="17.04"/>
        <vehicle id="cfm_slow_2" eclass="HBEFA3/PC_G_EU4" CO2="13867.12" CO="488.45" HC="2.61" NOx="5.43" PMx="0.45" fuel="5.96" electricity="0.00" noise="81.03" route="routebottom" type="cfm_slow" waiting="0.00" lane="right_0" pos="14.69" speed="47.00" angle="338.01" x="122.12" y="92.75"/>
        <vehicle id="cfm_slow_3" eclass="HBEFA3/PC_G_EU4" CO2="13867.12" CO="488.45" HC="2.61" NOx="5.43" PMx="0.45" fuel="5.96" electricity="0.00" noise="81.03" route="routetop" type="cfm_slow" waiting="0.00" lane="top_0" pos="4.69" speed="47.00" angle="266.07" x="54.05" y="128.25"/>
        <vehicle id="cfm_slow_4" eclass="HBEFA3/PC_G_EU4" CO2="13867.12" CO="488.45" HC="2.61" NOx="5.43" PMx="0.45" fuel="5.96" electricity="0.00" noise="81.03" route="routetop" type="cfm_slow" waiting="0.00" lane="top_0" pos="44.69" speed="47.00" angle="194.06" x="-0.74" y="74.52"/>
    </timestep>
    <timestep time="61.10">
        <vehicle id="cfm_slow_0" eclass="HBEFA3/PC_G_EU4" CO2="13867.12" CO="488.45" HC="2.61" NOx="5.43" PMx="0.45" fuel="5.96" electricity="0.00" noise="81.03" route="routetop" type="cfm_slow" waiting="0.00" lane="left_0" pos="39.39" speed="47.00" angle="113.56" x="42.28" y="1.96"/>
        <vehicle id="cfm_slow_1" eclass="HBEFA3/PC_G_EU4" CO2="13867.12" CO="488.45" HC="2.61" NOx="5.43" PMx="0.45" fuel="5.96" electricity="0.00" noise="81.03" route="routebottom" type="cfm_slow" waiting="0.00" lane="bottom_0" pos="29.39" speed="47.00" angle="41.54" x="115.75" y="24.27"/>
        <vehicle id="cfm_slow_2" eclass="HBEFA3/PC_G_EU4" CO2="13867.12" CO="488.45" HC="2.61" NOx="5.43" PMx="0.45" fuel="5.96" electricity="0.00" noise="81.03" route="routebottom" type="cfm_slow" waiting="0.00" lane="right_0" pos="19.39" speed="47.00" angle="329.57" x="117.21" y="101.03"/>
        <vehicle id="cfm_slow_3" eclass="HBEFA3/PC_G_EU4" CO2="13867.12" CO="488.45" HC="2.61" NOx="5.43" PMx="0.45" fuel="5.96" electricity="0.00" noise="81.03" route="routetop" type="cfm_slow" waiting="0.00" lane="top_0" pos="9.39" speed="47.00" angle="257.60" x="44.65" y="126.14"/>
        <vehicle id="cfm_slow_4" eclass="HBEFA3/PC_G_EU4" CO2="13867.12" CO="488.45" HC="2.61" NOx="5.43" PMx="0.45" fuel="5.96" electricity="0.00" noise="81.03" route="routetop" type="cfm_slow" waiting="0.00" lane="top_0" pos="49.39" speed="47.00" angle="185.60" x="-1.63" y="64.94"/>
    </timestep>
    <timestep time="61.20">
        <vehicle id="cfm_slow_0" eclass="HBEFA3/PC_G_EU4" CO2="13867.12" CO="488.45" HC="2.61" NOx="5.43" PMx="0.45" fuel="5.96" electricity="0.00" noise="81.03" route="routetop" type="cfm_slow" waiting="0.00" lane="left_0" pos="44.09" speed="47.00" angle="105.19" x="51.59" y="-0.51"/>
        <vehicle id="cfm_slow_1" eclass="HBEFA3/PC_G_EU4" CO2="13867.12" CO="488.45" HC="2.61" NOx="5.43" PMx="0.45" fuel="5.96" electricity="0.00" noise="81.03" route="routebottom" type="cfm_slow" waiting="0.00" lane="bottom_0" pos="34.09" speed="47.00" angle="33.16" x="120.97" y="32.36"/>
        <vehicle id="cfm_slow_2" eclass="HBEFA3/PC_G_EU4" CO2="13867.12" CO="488.45" HC="2.61" NOx="5.43" PMx="0.45" fuel="5.96" electricity="0.00" noise="81.03" route="routebottom" type="cfm_slow" waiting="0.00" lane="right_0" pos="24.09" speed="47.00" angle="321.13" x="111.14" y="108.50"/>
        <vehicle id="cfm_slow_3" eclass="HBEFA3/PC_G_EU4" CO2="13867.12" CO="488.45" HC="2.61" NOx="5.43" PMx="0.45" fuel="5.96" electricity="0.00" noise="81.03" route="routetop" type="cfm_slow" waiting="0.00" lane="top_0" pos="14.09" speed="47.00" angle="249.13" x="35.67" y="122.67"/>
        <vehicle id="cfm_slow_4" eclass="HBEFA3/PC_G_EU4" CO2="13867.12" CO="488.45" HC="2.61" NOx="5.43" PMx="0.45" fuel="5.96" electricity="0.00" noise="81.03" route="routetop" type="cfm_slow" waiting="0.00" lane="left_0" pos="4.09" speed="47.00" angle="177.17" x="-1.11" y="55.26"/>
    </timestep>
    <timestep time="61.30">
        <vehicle id="cfm_slow_0" eclass="HBEFA3/PC_G_EU4" CO2="13867.12" CO="488.45" HC="2.61" NOx="5.43" PMx="0.45" fuel="5.96" electricity="0.00" noise="81.03" route="routetop" type="cfm_slow" waiting="0.00" lane="left_0" pos="48.79" speed="47.00" angle="96.74" x="61.15" y="-1.60"/>
        <vehicle id="cfm_slow_1" eclass="HBEFA3/PC_G_EU4" CO2="13867.12" CO="488.45" HC="2.61" NOx="5.43" PMx="0.45" fuel="5.96" electricity="0.00" noise="81.03" route="routebottom" type="cfm_slow" waiting="0.00" lane="bottom_0" pos="38.79" speed="47.00" angle="24.67" x="124.94" y="41.13"/>
        <vehicle id="cfm_slow_2" eclass="HBEFA3/PC_G_EU4" CO2="13867.12" CO="488.45" HC="2.61" NOx="5.43" PMx="0.45" fuel="5.96" electricity="0.00" noise="81.03" route="routebottom" type="cfm_slow" waiting="0.00" lane="right_0" pos="28.79" speed="47.00" angle="312.62" x="104.02" y="114.99"/>
        <vehicle id="cfm_slow_3" eclass="HBEFA3/PC_G_EU4" CO2="13867.12" CO="488.45" HC="2.61" NOx="5.43" PMx="0.45" fuel="5.96" electricity="0.00" noise="81.03" route="routetop" type="cfm_slow" waiting="0.00" lane="top_0" pos="18.79" speed="47.00" angle="240.65" x="27.30" y="117.91"/>
        <vehicle id="cfm_slow_4" eclass="HBEFA3/PC_G_EU4" CO2="0.00" CO="0.00" HC="0.00" NOx="0.00" PMx="0.00" fuel="0.00" electricity="0.00" noise="81.03" route="routetop" type="cfm_slow" waiting="0.00" lane="left_0" pos="8.79" speed="47.00" angle="168.59" x="0.84" y="45.83"/>
    </timestep>
    <timestep time="61.40">
        <vehicle id="cfm_slow_0" eclass="HBEFA3/PC_G_EU4" CO2="13867.12" CO="488.45" HC="2.61" NOx="5.43" PMx="0.45" fuel="5.96" electricity="0.00" noise="81.03" route="routebottom" type="cfm_slow" waiting="0.00" lane="bottom_0" pos="3.49" speed="47.00" angle="88.22" x="70.84" y="-1.25"/>
        <vehicle id="cfm_slow_1" eclass="HBEFA3/PC_G_EU4" CO2="13867.12" CO="488.45" HC="2.61" NOx="5.43" PMx="0.45" fuel="5.96" electricity="0.00" noise="81.03" route="routebottom" type="cfm_slow" waiting="0.00" lane="bottom_0" pos="43.49" speed="47.00" angle="16.30" x="127.61" y="50.38"/>
        <vehicle id="cfm_slow_2" eclass="HBEFA3/PC_G_EU4" CO2="13867.12" CO="488.45" HC="2.61" NOx="5.43" PMx="0.45" fuel="5.96" electricity="0.00" noise="81.03" route="routebottom" type="cfm_slow" waiting="0.00" lane="right_0" pos="33.49" speed="47.00" angle="304.27" x="96.04" y="120.37"/>
        <vehicle id="cfm_slow_3" eclass="HBEFA3/PC_G_EU4" CO2="13867.12" CO="488.45" HC="2.61" NOx="5.43" PMx="0.45" fuel="5.96" electricity="0.00" noise="81.03" route="routetop" type="cfm_slow" waiting="0.00" lane="top_0" pos="23.49" speed="47.00" angle="232.19" x="19.72" y="111.97"/>
        <vehicle id="cfm_slow_4" eclass="HBEFA3/PC_G_EU4" CO2="0.00" CO="0.00" HC="0.00" NOx="0.00" PMx="0.00" fuel="0.00" electricity="0.00" noise="81.03" route="routetop" type="cfm_slow" waiting="0.00" lane="left_0" pos="13.49" speed="47.00" angle="160.23" x="4.14" y="36.79"/>
    </timestep>
    <timestep time="61.50">
        <vehicle id="cfm_slow_0" eclass="HBEFA3/PC_G_EU4" CO2="13867.12" CO="488.45" HC="2.61" NOx="5.43" PMx="0.45" fuel="5.96" electricity="0.00" noise="81.03" route="routebottom" type="cfm_slow" waiting="0.00" lane="bottom_0" pos="8.19" speed="47.00" angle="79.72" x="80.30" y="0.52"/>
        <vehicle id="cfm_slow_1" eclass="HBEFA3/PC_G_EU4" CO2="13867.12" CO="488.45" HC="2.61" NOx="5.43" PMx="0.45" fuel="5.96" electricity="0.00" noise="81.03" route="routebottom" type="cfm_slow" waiting="0.00" lane="bottom_0" pos="48.19" speed="47.00" angle="7.77" x="128.86" y="59.92"/>
        <vehicle id="cfm_slow_2" eclass="HBEFA3/PC_G_EU4" CO2="13867.12" CO="488.45" HC="2.61" NOx="5.43" PMx="0.45" fuel="5.96" electricity="0.00" noise="81.03" route="routebottom" type="cfm_slow" waiting="0.00" lane="right_0" pos="38.19" speed="47.00" angle="295.71" x="87.35" y="124.51"/>
        <vehicle id="cfm_slow_3" eclass="HBEFA3/PC_G_EU4" CO2="13867.12" CO="488.45" HC="2.61" NOx="5.43" PMx="0.45" fuel="5.96" electricity="0.00" noise="81.03" route="routetop" type="cfm_slow" waiting="0.00" lane="top_0" pos="28.19" speed="47.00" angle="223.74" x="13.09" y="104.99"/>
        <vehicle id="cfm_slow_4" eclass="HBEFA3/PC_G_EU4" CO2="13867.12" CO="488.45" HC="2.61" NOx="5.43" PMx="0.45" fuel="5.96" electricity="0.00" noise="81.03" route="routetop" type="cfm_slow" waiting="0.00" lane="left_0" pos="18.19" speed="47.00" angle="151.75" x="8.74" y="28.33"/>
    </timestep>
    <timestep time="61.60">
        <vehicle id="cfm_slow_0" eclass="HBEFA3/PC_G_EU4" CO2="13867.12" CO="488.45" HC="2.61" NOx="5.43" PMx="0.45" fuel="5.96" electricity="0.00" noise="81.03" route="routebottom" type="cfm_slow" waiting="0.00" lane="bottom_0" pos="12.89" speed="47.00" angle="71.33" x="89.41" y="3.64"/>
        <vehicle id="cfm_slow_1" eclass="HBEFA3/PC_G_EU4" CO2="13867.12" CO="488.45" HC="2.61" NOx="5.43" PMx="0.45" fuel="5.96" electricity="0.00" noise="81.03" route="routebottom" type="cfm_slow" waiting="0.00" lane="right_0" pos="2.89" speed="47.00" angle="359.31" x="128.70" y="69.61"/>
        <vehicle id="cfm_slow_2" eclass="HBEFA3/PC_G_EU4" CO2="13867.12" CO="488.45" HC="2.61" NOx="5.43" PMx="0.45" fuel="5.96" electricity="0.00" noise="81.03" route="routebottom" type="cfm_slow" waiting="0.00" lane="right_0" pos="42.89" speed="47.00" angle="287.33" x="78.14" y="127.33"/>
        <vehicle id="cfm_slow_3" eclass="HBEFA3/PC_G_EU4" CO2="13867.12" CO="488.45" HC="2.61" NOx="5.43" PMx="0.45" fuel="5.96" electricity="0.00" noise="81.03" route="routetop" type="cfm_slow" waiting="0.00" lane="top_0" pos="32.89" speed="47.00" angle="215.31" x="7.57" y="97.10"/>
        <vehicle id="cfm_slow_4" eclass="HBEFA3/PC_G_EU4" CO2="13867.12" CO="488.45" HC="2.61" NOx="5.43" PMx="0.45" fuel="5.96" electricity="0.00" noise="81.03" route="routetop" type="cfm_slow" waiting="0.00" lane="left_0" pos="22.89" speed="47.00" angle="143.24" x="14.53" y="20.64"/>
    </timestep>
    <timestep time="61.70">
        <vehicle id="cfm_slow_0" eclass="HBEFA3/PC_G_EU4" CO2="13867.12" CO="488.45" HC="2.61" NOx="5.43" PMx="0.45" fuel="5.96" electricity="0.00" noise="81.03" route="routebottom" type="cfm_slow" waiting="0.00" lane="bottom_0" pos="17.59" speed="47.00" angle="62.80" x="97.95" y="8.08"/>
        <vehicle id="cfm_slow_1" eclass="HBEFA3/PC_G_EU4" CO2="13867.12" CO="488.45" HC="2.61" NOx="5.43" PMx="0.45" fuel="5.96" electricity="0.00" noise="81.03" route="routebottom" type="cfm_slow" waiting="0.00" lane="right_0" pos="7.59" speed="47.00" angle="350.75" x="127.11" y="79.11"/>
        <vehicle id="cfm_slow_2" eclass="HBEFA3/PC_G_EU4" CO2="13867.12" CO="488.45" HC="2.61" NOx="5.43" PMx="0.45" fuel="5.96" electricity="0.00" noise="81.03" route="routebottom" type="cfm_slow" waiting="0.00" lane="right_0" pos="47.59" speed="47.00" angle="278.92" x="68.62" y="128.79"/>
        <vehicle id="cfm_slow_3" eclass="HBEFA3/PC_G_EU4" CO2="13867.12" CO="488.45" HC="2.61" NOx="5.43" PMx="0.45" fuel="5.96" electricity="0.00" noise="81.03" route="routetop" type="cfm_slow" waiting="0.00" lane="top_0" pos="37.59" speed="47.00" angle="206.85" x="3.26" y="88.49"/>
        <vehicle id="cfm_slow_4" eclass="HBEFA3/PC_G_EU4" CO2="13867.12" CO="488.45" HC="2.61" NOx="5.43" PMx="0.45" fuel="5.96" electricity="0.00" noise="81.03" route="routetop" type="cfm_slow" waiting="0.00" lane="left_0" pos="27.59" speed="47.00" angle="134.83" x="21.40" y="13.89"/>
    </timestep>
    <timestep time="61.80">
        <vehicle id="cfm_slow_0" eclass="HBEFA3/PC_G_EU4" CO2="13867.12" CO="488.45" HC="2.61" NOx="5.43" PMx="0.45" fuel="5.96" electricity="0.00" noise="81.03" route="routebottom" type="cfm_slow" waiting="0.00" lane="bottom_0" pos="22.29" speed="47.00" angle="54.36" x="105.74" y="13.73"/>
        <vehicle id="cfm_slow_1" eclass="HBEFA3/PC_G_EU4" CO2="13867.12" CO="488.45" HC="2.61" NOx="5.43" PMx="0.45" fuel="5.96" electricity="0.00" noise="81.03" route="routebottom" type="cfm_slow" waiting="0.00" lane="right_0" pos="12.29" speed="47.00" angle="342.34" x="124.14" y="88.27"/>
        <vehicle id="cfm_slow_2" eclass="HBEFA3/PC_G_EU4" CO2="13867.12" CO="488.45" HC="2.61" NOx="5.43" PMx="0.45" fuel="5.96" electricity="0.00" noise="81.03" route="routetop" type="cfm_slow" waiting="0.00" lane="top_0" pos="2.29" speed="47.00" angle="270.35" x="58.93" y="128.80"/>
        <vehicle id="cfm_slow_3" eclass="HBEFA3/PC_G_EU4" CO2="13867.12" CO="488.45" HC="2.61" NOx="5.43" PMx="0.45" fuel="5.96" electricity="0.00" noise="81.03" route="routetop" type="cfm_slow" waiting="0.00" lane="top_0" pos="42.29" speed="47.00" angle="198.38" x="0.26" y="79.34"/>
        <vehicle id="cfm_slow_4" eclass="HBEFA3/PC_G_EU4" CO2="13867.12" CO="488.45" HC="2.61" NOx="5.43" PMx="0.45" fuel="5.96" electricity="0.00" noise="81.03" route="routetop" type="cfm_slow" waiting="0.00" lane="left_0" pos="32.29" speed="47.00" angle="126.42" x="29.17" y="8.21"/>
    </timestep>
    <timestep time="61.90">
        <vehicle id="cfm_slow_0" eclass="HBEFA3/PC_G_EU4" CO2="13867.12" CO="488.45" HC="2.61" NOx="5.43" PMx="0.45" fuel="5.96" electricity="0.00" noise="81.03" route="routebottom" type="cfm_slow" waiting="0.00" lane="bottom_0" pos="26.99" speed="47.00" angle="45.97" x="112.64" y="20.45"/>
        <vehicle id="cfm_slow_1" eclass="HBEFA3/PC_G_EU4" CO2="13867.12" CO="488.45" HC="2.61" NOx="5.43" PMx="0.45" fuel="5.96" electricity="0.00" noise="81.03" route="routebottom" type="cfm_slow" waiting="0.00" lane="right_0" pos="16.99" speed="47.00" angle="333.95" x="119.87" y="96.90"/>
        <vehicle id="cfm_slow_2" eclass="HBEFA3/PC_G_EU4" CO2="13867.12" CO="488.45" HC="2.61" NOx="5.43" PMx="0.45" fuel="5.96" electricity="0.00" noise="81.03" route="routetop" type="cfm_slow" waiting="0.00" lane="top_0" pos="6.99" speed="47.00" angle="261.87" x="49.41" y="127.39"/>
        <vehicle id="cfm_slow_3" eclass="HBEFA3/PC_G_EU4" CO2="13867.12" CO="488.45" HC="2.61" NOx="5.43" PMx="0.45" fuel="5.96" electricity="0.00" noise="81.03" route="routetop" type="cfm_slow" waiting="0.00" lane="top_0" pos="46.99" speed="47.00" angle="189.94" x="-1.35" y="69.85"/>
        <vehicle id="cfm_slow_4" eclass="HBEFA3/PC_G_EU4" CO2="13867.12" CO="488.45" HC="2.61" NOx="5.43" PMx="0.45" fuel="5.96" electricity="0.00" noise="81.03" route="routetop" type="cfm_slow" waiting="0.00" lane="left_0" pos="36.99" speed="47.00" angle="117.90" x="37.70" y="3.74"/>
    </timestep>
    <timestep time="62.00">
        <vehicle id="cfm_slow_0" eclass="HBEFA3/PC_G_EU4" CO2="13867.12" CO="488.45" HC="2.61" NOx="5.43" PMx="0.45" fuel="5.96" electricity="0.00" noise="81.03" route="routebottom" type="cfm_slow" waiting="0.00" lane="bottom_0" pos="31.69" speed="47.00" angle="37.47" x="118.46" y="28.13"/>
        <vehicle id="cfm_slow_1" eclass="HBEFA3/PC_G_EU4" CO2="13867.12" CO="488.45" HC="2.61" NOx="5.43" PMx="0.45" fuel="5.96" electricity="0.00" noise="81.03" route="routebottom" type="cfm_slow" waiting="0.00" lane="right_0" pos="21.69" speed="47.00" angle="325.40" x="114.38" y="104.80"/>
        <vehicle id="cfm_slow_2" eclass="HBEFA3/PC_G_EU4" CO2="13867.12" CO="488.45" HC="2.61" NOx="5.43" PMx="0.45" fuel="5.96" electricity="0.00" noise="81.03" route="routetop" type="cfm_slow" waiting="0.00" lane="top_0" pos="11.69" speed="47.00" angle="253.38" x="40.20" y="124.60"/>
        <vehicle id="cfm_slow_3" eclass="HBEFA3/PC_G_EU4" CO2="13867.12" CO="488.45" HC="2.61" NOx="5.43" PMx="0.45" fuel="5.96" electricity="0.00" noise="81.03" route="routetop" type="cfm_slow" waiting="0.00" lane="left_0" pos="1.69" speed="47.00" angle="181.45" x="-1.55" y="60.16"/>
        <vehicle id="cfm_slow_4" eclass="HBEFA3/PC_G_EU4" CO2="13867.12" CO="488.45" HC="2.61" NOx="5.43" PMx="0.45" fuel="5.96" electricity="0.00" noise="81.03" route="routetop" type="cfm_slow" waiting="0.00" lane="left_0" pos="41.69" speed="47.00" angle="109.44" x="46.79" y="0.58"/>
    </timestep>
    <timestep time="62.10">
        <vehicle id="cfm_slow_0" eclass="HBEFA3/PC_G_EU4" CO2="13867.12" CO="488.45" HC="2.61" NOx="5.43" PMx="0.45" fuel="5.96" electricity="0.00" noise="81.03" route="routebottom" type="cfm_slow" waiting="0.00" lane="bottom_0" pos="36.39" speed="47.00" angle="29.00" x="123.08" y="36.57"/>
        <vehicle id="cfm_slow_1" eclass="HBEFA3/PC_G_EU4" CO2="13867.12" CO="488.45" HC="2.61" NOx="5.43" PMx="0.45" fuel="5.96" electricity="0.00" noise="81.03" route="routebottom" type="cfm_slow" waiting="0.00" lane="right_0" pos="26.39" speed="47.00" angle="317.05" x="107.78" y="111.81"/>
        <vehicle id="cfm_slow_2" eclass="HBEFA3/PC_G_EU4" CO2="13867.12" CO="488.45" HC="2.61" NOx="5.43" PMx="0.45" fuel="5.96" electricity="0.00" noise="81.03" route="routetop" type="cfm_slow" waiting="0.00" lane="top_0" pos="16.39" speed="47.00" angle="245.00" x="31.49" y="120.49"/>
        <vehicle id="cfm_slow_3" eclass="HBEFA3/PC_G_EU4" CO2="13867.12" CO="488.45" HC="2.61" NOx="5.43" PMx="0.45" fuel="5.96" electricity="0.00" noise="81.03" route="routetop" type="cfm_slow" waiting="0.00" lane="left_0" pos="6.39" speed="47.00" angle="172.98" x="-0.33" y="50.61"/>
        <vehicle id="cfm_slow_4" eclass="HBEFA3/PC_G_EU4" CO2="13867.12" CO="488.45" HC="2.61" NOx="5.43" PMx="0.45" fuel="5.96" electricity="0.00" noise="81.03" route="routetop" type="cfm_slow" waiting="0.00" lane="left_0" pos="46.39" speed="47.00" angle="101.07" x="56.25" y="-1.23"/>
    </timestep>
    <timestep time="62.20">
        <vehicle id="cfm_slow_0" eclass="HBEFA3/PC_G_EU4" CO2="13867.12" CO="488.45" HC="2.61" NOx="5.43" PMx="0.45" fuel="5.96" electricity="0.00" noise="81.03" route="routebottom" type="cfm_slow" waiting="0.00" lane="bottom_0" pos="41.09" speed="47.00" angle="20.59" x="126.43" y="45.60"/>
        <vehicle id="cfm_slow_1" eclass="HBEFA3/PC_G_EU4" CO2="13867.12" CO="488.45" HC="2.61" NOx="5.43" PMx="0.45" fuel="5.96" electricity="0.00" noise="81.03" route="routebottom" type="cfm_slow" waiting="0.00" lane="right_0" pos="31.09" speed="47.00" angle="308.53" x="100.22" y="117.77"/>
        <vehicle id="cfm_slow_2" eclass="HBEFA3/PC_G_EU4" CO2="13867.12" CO="488.45" HC="2.61" NOx="5.43" PMx="0.45" fuel="5.96" electricity="0.00" noise="81.03" route="routetop" type="cfm_slow" waiting="0.00" lane="top_0" pos="21.09" speed="47.00" angle="236.50" x="23.49" y="115.13"/>
        <vehicle id="cfm_slow_3" eclass="HBEFA3/PC_G_EU4" CO2="0.00" CO="0.00" HC="0.00" NOx="0.00" PMx="0.00" fuel="0.00" electricity="0.00" noise="81.03" route="routetop" type="cfm_slow" waiting="0.00" lane="left_0" pos="11.09" speed="47.00" angle="164.47" x="2.30" y="41.35"/>
        <vehicle id="cfm_slow_4" eclass="HBEFA3/PC_G_EU4" CO2="13867.12" CO="488.45" HC="2.61" NOx="5.43" PMx="0.45" fuel="5.96" electricity="0.00" noise="81.03" route="routebottom" type="cfm_slow" waiting="0.00" lane="bottom_0" pos="1.09" speed="47.00" angle="92.50" x="65.93" y="-1.61"/>
    </timestep>
    <timestep time="62.30">
        <vehicle id="cfm_slow_0" eclass="HBEFA3/PC_G_EU4" CO2="13867.12" CO="488.45" HC="2.61" NOx="5.43" PMx="0.45" fuel="5.96" electricity="0.00" noise="81.03" route="routebottom" type="cfm_slow" waiting="0.00" lane="bottom_0" pos="45.79" speed="47.00" angle="12.06" x="128.39" y="55.03"/>
        <vehicle id="cfm_slow_1" eclass="HBEFA3/PC_G_EU4" CO2="13867.12" CO="488.45" HC="2.61" NOx="5.43" PMx="0.45" fuel="5.96" electricity="0.00" noise="81.03" route="routebottom" type="cfm_slow" waiting="0.00" lane="right_0" pos="35.79" speed="47.00" angle="300.09" x="91.87" y="122.57"/>
        <vehicle id="cfm_slow_2" eclass="HBEFA3/PC_G_EU4" CO2="13867.12" CO="488.45" HC="2.61" NOx="5.43" PMx="0.45" fuel="5.96" electricity="0.00" noise="81.03" route="routetop" type="cfm_slow" waiting="0.00" lane="top_0" pos="25.79" speed="47.00" angle="228.14" x="16.35" y="108.68"/>
        <vehicle id="cfm_slow_3" eclass="HBEFA3/PC_G_EU4" CO2="13867.12" CO="488.45" HC="2.61" NOx="5.43" PMx="0.45" fuel="5.96" electricity="0.00" noise="81.03" route="routetop" type="cfm_slow" waiting="0.00" lane="left_0" pos="15.79" speed="47.00" angle="156.10" x="6.24" y="32.57"/>
        <vehicle id="cfm_slow_4" eclass="HBEFA3/PC_G_EU4" CO2="13867.12" CO="488.45" HC="2.61" NOx="5.43" PMx="0.45" fuel="5.96" electricity="0.00" noise="81.03" route="routebottom" type="cfm_slow" waiting="0.00" lane="bottom_0" pos="5.79" speed="47.00" angle="84.05" x="75.50" y="-0.56"/>
    </timestep>
    <timestep time="62.40">
        <vehicle id="cfm_slow_0" eclass="HBEFA3/PC_G_EU4" CO2="13867.12" CO="488.45" HC="2.61" NOx="5.43" PMx="0.45" fuel="5.96" electricity="0.00" noise="81.03" route="routebottom" type="cfm_slow" waiting="0.00" lane="right_0" pos="0.49" speed="47.00" angle="3.59" x="128.95" y="64.70"/>
        <vehicle id="cfm_slow_1" eclass="HBEFA3/PC_G_EU4" CO2="13867.12" CO="488.45" HC="2.61" NOx="5.43" PMx="0.45" fuel="5.96" electricity="0.00" noise="81.03" route="routebottom" type="cfm_slow" waiting="0.00" lane="right_0" pos="40.49" speed="47.00" angle="291.65" x="82.90" y="126.07"/>
        <vehicle id="cfm_slow_2" eclass="HBEFA3/PC_G_EU4" CO2="13867.12" CO="488.45" HC="2.61" NOx="5.43" PMx="0.45" fuel="5.96" electricity="0.00" noise="81.03" route="routetop" type="cfm_slow" waiting="0.00" lane="top_0" pos="30.49" speed="47.00" angle="219.54" x="10.25" y="101.22"/>
        <vehicle id="cfm_slow_3" eclass="HBEFA3/PC_G_EU4" CO2="13867.12" CO="488.45" HC="2.61" NOx="5.43" PMx="0.45" fuel="5.96" electricity="0.00" noise="81.03" route="routetop" type="cfm_slow" waiting="0.00" lane="left_0" pos="20.49" speed="47.00" angle="147.58" x="11.43" y="24.46"/>
        <vehicle id="cfm_slow_4" eclass="HBEFA3/PC_G_EU4" CO2="13867.12" CO="488.45" HC="2.61" NOx="5.43" PMx="0.45" fuel="5.96" electricity="0.00" noise="81.03" route="routebottom" type="cfm_slow" waiting="0.00" lane="bottom_0" pos="10.49" speed="47.00" angle="75.60" x="84.81" y="1.88"/>
    </timestep>
    <timestep time="62.50">
        <vehicle id="cfm_slow_0" eclass="HBEFA3/PC_G_EU4" CO2="13867.12" CO="488.45" HC="2.61" NOx="5.43" PMx="0.45" fuel="5.96" electricity="0.00" noise="81.03" route="routebottom" type="cfm_slow" waiting="0.00" lane="right_0" pos="5.19" speed="47.00" angle="355.19" x="128.10" y="74.29"/>
        <vehicle id="cfm_slow_1" eclass="HBEFA3/PC_G_EU4" CO2="13867.12" CO="488.45" HC="2.61" NOx="5.43" PMx="0.45" fuel="5.96" electricity="0.00" noise="81.03" route="routebottom" type="cfm_slow" waiting="0.00" lane="right_0" pos="45.19" speed="47.00" angle="283.16" x="73.51" y="128.22"/>
        <vehicle id="cfm_slow_2" eclass="HBEFA3/PC_G_EU4" CO2="13867.12" CO="488.45" HC="2.61" NOx="5.43" PMx="0.45" fuel="5.96" electricity="0.00" noise="81.03" route="routetop" type="cfm_slow" waiting="0.00" lane="top_0" pos="35.19" speed="47.00" angle="211.23" x="5.30" y="92.97"/>
        <vehicle id="cfm_slow_3" eclass="HBEFA3/PC_G_EU4" CO2="13867.12" CO="488.45" HC="2.61" NOx="5.43" PMx="0.45" fuel="5.96" electricity="0.00" noise="81.03" route="routetop" type="cfm_slow" waiting="0.00" lane="left_0" pos="25.19" speed="47.00" angle="139.15" x="17.77" y="17.21"/>
        <vehicle id="cfm_slow_4" eclass="HBEFA3/PC_G_EU4" CO2="13867.12" CO="488.45" HC="2.61" NOx="5.43" PMx="0.45" fuel="5.96" electricity="0.00" noise="81.03" route="routebottom" type="cfm_slow" waiting="0.00" lane="bottom_0" pos="15.19" speed="47.00" angle="67.13" x="93.67" y="5.66"/>
    </timestep>
    <timestep time="62.60">
        <vehicle id="cfm_slow_0" eclass="HBEFA3/PC_G_EU4" CO2="13867.12" CO="488.45" HC="2.61" NOx="5.43" PMx="0.45" fuel="5.96" electricity="0.00" noise="81.03" route="routebottom" type="cfm_slow" waiting="0.00" lane="right_0" pos="9.89" speed="47.00" angle="346.69" x="125.84" y="83.65"/>
        <vehicle id="cfm_slow_1" eclass="HBEFA3/PC_G_EU4" CO2="13867.12" CO="488.45" HC="2.61" NOx="5.43" PMx="0.45" fuel="5.96" electricity="0.00" noise="81.03" route="routebottom" type="cfm_slow" waiting="0.00" lane="right_0" pos="49.89" speed="47.00" angle="274.66" x="63.91" y="128.97"/>
        <vehicle id="cfm_slow_2" eclass="HBEFA3/PC_G_EU4" CO2="13867.12" CO="488.45" HC="2.61" NOx="5.43" PMx="0.45" fuel="5.96" electricity="0.00" noise="81.03" route="routetop" type="cfm_slow" waiting="0.00" lane="top_0" pos="39.89" speed="47.00" angle="202.72" x="1.62" y="84.07"/>
        <vehicle id="cfm_slow_3" eclass="HBEFA3/PC_G_EU4" CO2="13867.12" CO="488.45" HC="2.61" NOx="5.43" PMx="0.45" fuel="5.96" electricity="0.00" noise="81.03" route="routetop" type="cfm_slow" waiting="0.00" lane="left_0" pos="29.89" speed="47.00" angle="130.69" x="25.10" y="10.97"/>
        <vehicle id="cfm_slow_4" eclass="HBEFA3/PC_G_EU4" CO2="13867.12" CO="488.45" HC="2.61" NOx="5.43" PMx="0.45" fuel="5.96" electricity="0.00" noise="81.03" route="routebottom" type="cfm_slow" waiting="0.00" lane="bottom_0" pos="19.89" speed="47.00" angle="58.62" x="101.86" y="10.71"/>
    </timestep>
    <timestep time="62.70">
        <vehicle id="cfm_slow_0" eclass="HBEFA3/PC_G_EU4" CO2="13867.12" CO="488.45" HC="2.61" NOx="5.43" PMx="0.45" fuel="5.96" electricity="0.00" noise="81.03" route="routebottom" type="cfm_slow" waiting="0.00" lane="right_0" pos="14.59" speed="47.00" angle="338.20" x="122.22" y="92.57"/>
        <vehicle id="cfm_slow_1" eclass="HBEFA3/PC_G_EU4" CO2="13867.12" CO="488.45" HC="2.61" NOx="5.43" PMx="0.45" fuel="5.96" electricity="0.00" noise="81.03" route="routetop" type="cfm_slow" waiting="0.00" lane="top_0" pos="4.59" speed="47.00" angle="266.25" x="54.25" y="128.28"/>
        <vehicle id="cfm_slow_2" eclass="HBEFA3/PC_G_EU4" CO2="13867.12" CO="488.45" HC="2.61" NOx="5.43" PMx="0.45" fuel="5.96" electricity="0.00" noise="81.03" route="routetop" type="cfm_slow" waiting="0.00" lane="top_0" pos="44.59" speed="47.00" angle="194.24" x="-0.70" y="74.73"/>
        <vehicle id="cfm_slow_3" eclass="HBEFA3/PC_G_EU4" CO2="13867.12" CO="488.45" HC="2.61" NOx="5.43" PMx="0.45" fuel="5.96" electricity="0.00" noise="81.03" route="routetop" type="cfm_slow" waiting="0.00" lane="left_0" pos="34.59" speed="47.00" angle="122.31" x="33.25" y="5.86"/>
        <vehicle id="cfm_slow_4" eclass="HBEFA3/PC_G_EU4" CO2="13867.12" CO="488.45" HC="2.61" NOx="5.43" PMx="0.45" fuel="5.96" electricity="0.00" noise="81.03" route="routebottom" type="cfm_slow" waiting="0.00" lane="bottom_0" pos="24.59" speed="47.00" angle="50.30" x="109.24" y="16.89"/>
    </timestep>
    <timestep time="62.80">
        <vehicle id="cfm_slow_0" eclass="HBEFA3/PC_G_EU4" CO2="13867.12" CO="488.45" HC="2.61" NOx="5.43" PMx="0.45" fuel="5.96" electricity="0.00" noise="81.03" route="routebottom" type="cfm_slow" waiting="0.00" lane="right_0" pos="19.29" speed="47.00" angle="329.76" x="117.33" y="100.87"/>
        <vehicle id="cfm_slow_1" eclass="HBEFA3/PC_G_EU4" CO2="13867.12" CO="488.45" HC="2.61" NOx="5.43" PMx="0.45" fuel="5.96" electricity="0.00" noise="81.03" route="routetop" type="cfm_slow" waiting="0.00" lane="top_0" pos="9.29" speed="47.00" angle="257.79" x="44.85" y="126.20"/>
        <vehicle id="cfm_slow_2" eclass="HBEFA3/PC_G_EU4" CO2="13867.12" CO="488.45" HC="2.61" NOx="5.43" PMx="0.45" fuel="5.96" electricity="0.00" noise="81.03" route="routetop" type="cfm_slow" waiting="0.00" lane="top_0" pos="49.29" speed="47.00" angle="185.79" x="-1.62" y="65.14"/>
        <vehicle id="cfm_slow_3" eclass="HBEFA3/PC_G_EU4" CO2="13867.12" CO="488.45" HC="2.61" NOx="5.43" PMx="0.45" fuel="5.96" electricity="0.00" noise="81.03" route="routetop" type="cfm_slow" waiting="0.00" lane="left_0" pos="39.29" speed="47.00" angle="113.74" x="42.09" y="2.03"/>
        <vehicle id="cfm_slow_4" eclass="HBEFA3/PC_G_EU4" CO2="13867.12" CO="488.45" HC="2.61" NOx="5.43" PMx="0.45" fuel="5.96" electricity="0.00" noise="81.03" route="routebottom" type="cfm_slow" waiting="0.00" lane="bottom_0" pos="29.29" speed="47.00" angle="41.71" x="115.62" y="24.11"/>
    </timestep>
    <timestep time="62.90">
        <vehicle id="cfm_slow_0" eclass="HBEFA3/PC_G_EU4" CO2="13867.12" CO="488.45" HC="2.61" NOx="5.43" PMx="0.45" fuel="5.96" electricity="0.00" noise="81.03" route="routebottom" type="cfm_slow" waiting="0.00" lane="right_0" pos="23.99" speed="47.00" angle="321.32" x="111.28" y="108.35"/>
        <vehicle id="cfm_slow_1" eclass="HBEFA3/PC_G_EU4" CO2="13867.12" CO="488.45" HC="2.61" NOx="5.43" PMx="0.45" fuel="5.96" electricity="0.00" noise="81.03" route="routetop" type="cfm_slow" waiting="0.00" lane="top_0" pos="13.99" speed="47.00" angle="249.27" x="35.86" y="122.76"/>
        <vehicle id="cfm_slow_2" eclass="HBEFA3/PC_G_EU4" CO2="13867.12" CO="488.45" HC="2.61" NOx="5.43" PMx="0.45" fuel="5.96" electricity="0.00" noise="81.03" route="routetop" type="cfm_slow" waiting="0.00" lane="left_0" pos="3.99" speed="47.00" angle="177.35" x="-1.13" y="55.47"/>
        <vehicle id="cfm_slow_3" eclass="HBEFA3/PC_G_EU4" CO2="13867.12" CO="488.45" HC="2.61" NOx="5.43" PMx="0.45" fuel="5.96" electricity="0.00" noise="81.03" route="routetop" type="cfm_slow" waiting="0.00" lane="left_0" pos="43.99" speed="47.00" angle="105.37" x="51.39" y="-0.48"/>
        <vehicle id="cfm_slow_4" eclass="HBEFA3/PC_G_EU4" CO2="13867.12" CO="488.45" HC="2.61" NOx="5.43" PMx="0.45" fuel="5.96" electricity="0.00" noise="81.03" route="routebottom" type="cfm_slow" waiting="0.00" lane="bottom_0" pos="33.99" speed="47.00" angle="33.34" x="120.87" y="32.18"/>
    </timestep>
    <timestep time="63.00">
        <vehicle id="cfm_slow_0" eclass="HBEFA3/PC_G_EU4" CO2="13867.12" CO="488.45" HC="2.61" NOx="5.43" PMx="0.45" fuel="5.96" electricity="0.00" noise="81.03" route="routebottom" type="cfm_slow" waiting="0.00" lane="right_0" pos="28.69" speed="47.00" angle="312.80" x="104.18" y="114.86"/>
        <vehicle id="cfm_slow_1" eclass="HBEFA3/PC_G_EU4" CO2="13867.12" CO="488.45" HC="2.61" NOx="5.43" PMx="0.45" fuel="5.96" electricity="0.00" noise="81.03" route="routetop" type="cfm_slow" waiting="0.00" lane="top_0" pos="18.69" speed="47.00" angle="240.84" x="27.47" y="118.02"/>
        <vehicle id="cfm_slow_2" eclass="HBEFA3/PC_G_EU4" CO2="13867.12" CO="488.45" HC="2.61" NOx="5.43" PMx="0.45" fuel="5.96" electricity="0.00" noise="81.03" route="routetop" type="cfm_slow" waiting="0.00" lane="left_0" pos="8.69" speed="47.00" angle="168.78" x="0.79" y="46.03"/>
        <vehicle id="cfm_slow_3" eclass="HBEFA3/PC_G_EU4" CO2="13867.12" CO="488.45" HC="2.61" NOx="5.43" PMx="0.45" fuel="5.96" electricity="0.00" noise="81.03" route="routetop" type="cfm_slow" waiting="0.00" lane="left_0" pos="48.69" speed="47.00" angle="96.90" x="60.95" y="-1.59"/>
        <vehicle id="cfm_slow_4" eclass="HBEFA3/PC_G_EU4" CO2="13867.12" CO="488.45" HC="2.61" NOx="5.43" PMx="0.45" fuel="5.96" electricity="0.00" noise="81.03" route="routebottom" type="cfm_slow" waiting="0.00" lane="bottom_0" pos="38.69" speed="47.00" angle="24.85" x="124.87" y="40.93"/>
    </timestep>
    <timestep time="63.10">
        <vehicle id="cfm_slow_0" eclass="HBEFA3/PC_G_EU4" CO2="13867.12" CO="488.45" HC="2.61" NOx="5.43" PMx="0.45" fuel="5.96" electricity="0.00" noise="81.03" route="routebottom" type="cfm_slow" waiting="0.00" lane="right_0" pos="33.39" speed="47.00" angle="304.45" x="96.22" y="120.28"/>
        <vehicle id="cfm_slow_1" eclass="HBEFA3/PC_G_EU4" CO2="13867.12" CO="488.45" HC="2.61" NOx="5.43" PMx="0.45" fuel="5.96" electricity="0.00" noise="81.03" route="routetop" type="cfm_slow" waiting="0.00" lane="top_0" pos="23.39" speed="47.00" angle="232.38" x="19.87" y="112.11"/>
        <vehicle id="cfm_slow_2" eclass="HBEFA3/PC_G_EU4" CO2="13867.12" CO="488.45" HC="2.61" NOx="5.43" PMx="0.45" fuel="5.96" electricity="0.00" noise="81.03" route="routetop" type="cfm_slow" waiting="0.00" lane="left_0" pos="13.39" speed="47.00" angle="160.41" x="4.06" y="36.98"/>
        <vehicle id="cfm_slow_3" eclass="HBEFA3/PC_G_EU4" CO2="13867.12" CO="488.45" HC="2.61" NOx="5.43" PMx="0.45" fuel="5.96" electricity="0.00" noise="81.03" route="routebottom" type="cfm_slow" waiting="0.00" lane="bottom_0" pos="3.39" speed="47.00" angle="88.40" x="70.63" y="-1.27"/>
        <vehicle id="cfm_slow_4" eclass="HBEFA3/PC_G_EU4" CO2="13867.12" CO="488.45" HC="2.61" NOx="5.43" PMx="0.45" fuel="5.96" electricity="0.00" noise="81.03" route="routebottom" type="cfm_slow" waiting="0.00" lane="bottom_0" pos="43.39" speed="47.00" angle="16.47" x="127.56" y="50.18"/>
    </timestep>
    <timestep time="63.20">
        <vehicle id="cfm_slow_0" eclass="HBEFA3/PC_G_EU4" CO2="13867.12" CO="488.45" HC="2.61" NOx="5.43" PMx="0.45" fuel="5.96" electricity="0.00" noise="81.03" route="routebottom" type="cfm_slow" waiting="0.00" lane="right_0" pos="38.09" speed="47.00" angle="295.90" x="87.54" y="124.44"/>
        <vehicle id="cfm_slow_1" eclass="HBEFA3/PC_G_EU4" CO2="13867.12" CO="488.45" HC="2.61" NOx="5.43" PMx="0.45" fuel="5.96" electricity="0.00" noise="81.03" route="routetop" type="cfm_slow" waiting="0.00" lane="top_0" pos="28.09" speed="47.00" angle="223.88" x="13.23" y="105.14"/>
        <vehicle id="cfm_slow_2" eclass="HBEFA3/PC_G_EU4" CO2="13867.12" CO="488.45" HC="2.61" NOx="5.43" PMx="0.45" fuel="5.96" electricity="0.00" noise="81.03" route="routetop" type="cfm_slow" waiting="0.00" lane="left_0" pos="18.09" speed="47.00" angle="151.94" x="8.63" y="28.50"/>
        <vehicle id="cfm_slow_3" eclass="HBEFA3/PC_G_EU4" CO2="0.00" CO="0.00" HC="0.00" NOx="0.00" PMx="0.00" fuel="0.00" electricity="0.00" noise="81.03" route="routebottom" type="cfm_slow" waiting="0.00" lane="bottom_0" pos="8.09" speed="47.00" angle="79.90" x="80.10" y="0.47"/>
        <vehicle id="cfm_slow_4" eclass="HBEFA3/PC_G_EU4" CO2="13867.12" CO="488.45" HC="2.61" NOx="5.43" PMx="0.45" fuel="5.96" electricity="0.00" noise="81.03" route="routebottom" type="cfm_slow" waiting="0.00" lane="bottom_0" pos="48.09" speed="47.00" angle="7.97" x="128.84" y="59.72"/>
    </timestep>
    <timestep time="63.30">
        <vehicle id="cfm_slow_0" eclass="HBEFA3/PC_G_EU4" CO2="13867.12" CO="488.45" HC="2.61" NOx="5.43" PMx="0.45" fuel="5.96" electricity="0.00" noise="81.03" route="routebottom" type="cfm_slow" waiting="0.00" lane="right_0" pos="42.79" speed="47.00" angle="287.51" x="78.34" y="127.29"/>
        <vehicle id="cfm_slow_1" eclass="HBEFA3/PC_G_EU4" CO2="13867.12" CO="488.45" HC="2.61" NOx="5.43" PMx="0.45" fuel="5.96" electricity="0.00" noise="81.03" route="routetop" type="cfm_slow" waiting="0.00" lane="top_0" pos="32.79" speed="47.00" angle="215.49" x="7.68" y="97.27"/>
        <vehicle id="cfm_slow_2" eclass="HBEFA3/PC_G_EU4" CO2="13867.12" CO="488.45" HC="2.61" NOx="5.43" PMx="0.45" fuel="5.96" electricity="0.00" noise="81.03" route="routetop" type="cfm_slow" waiting="0.00" lane="left_0" pos="22.79" speed="47.00" angle="143.42" x="14.40" y="20.80"/>
        <vehicle id="cfm_slow_3" eclass="HBEFA3/PC_G_EU4" CO2="13867.12" CO="488.45" HC="2.61" NOx="5.43" PMx="0.45" fuel="5.96" electricity="0.00" noise="81.03" route="routebottom" type="cfm_slow" waiting="0.00" lane="bottom_0" pos="12.79" speed="47.00" angle="71.51" x="89.22" y="3.55"/>
        <vehicle id="cfm_slow_4" eclass="HBEFA3/PC_G_EU4" CO2="13867.12" CO="488.45" HC="2.61" NOx="5.43" PMx="0.45" fuel="5.96" electricity="0.00" noise="81.03" route="routebottom" type="cfm_slow" waiting="0.00" lane="right_0" pos="2.79" speed="47.00" angle="359.49" x="128.72" y="69.41"/>
    </timestep>
    <timestep time="63.40">
        <vehicle id="cfm_slow_0" eclass="HBEFA3/PC_G_EU4" CO2="13867.12" CO="488.45" HC="2.61" NOx="5.43" PMx="0.45" fuel="5.96" electricity="0.00" noise="81.03" route="routebottom" type="cfm_slow" waiting="0.00" lane="right_0" pos="47.49" speed="47.00" angle="279.12" x="68.83" y="128.77"/>
        <vehicle id="cfm_slow_1" eclass="HBEFA3/PC_G_EU4" CO2="13867.12" CO="488.45" HC="2.61" NOx="5.43" PMx="0.45" fuel="5.96" electricity="0.00" noise="81.03" route="routetop" type="cfm_slow" waiting="0.00" lane="top_0" pos="37.49" speed="47.00" angle="207.04" x="3.34" y="88.68"/>
        <vehicle id="cfm_slow_2" eclass="HBEFA3/PC_G_EU4" CO2="13867.12" CO="488.45" HC="2.61" NOx="5.43" PMx="0.45" fuel="5.96" electricity="0.00" noise="81.03" route="routetop" type="cfm_slow" waiting="0.00" lane="left_0" pos="27.49" speed="47.00" angle="135.02" x="21.24" y="14.02"/>
        <vehicle id="cfm_slow_3" eclass="HBEFA3/PC_G_EU4" CO2="13867.12" CO="488.45" HC="2.61" NOx="5.43" PMx="0.45" fuel="5.96" electricity="0.00" noise="81.03" route="routebottom" type="cfm_slow" waiting="0.00" lane="bottom_0" pos="17.49" speed="47.00" angle="62.99" x="97.77" y="7.98"/>
        <vehicle id="cfm_slow_4" eclass="HBEFA3/PC_G_EU4" CO2="13867.12" CO="488.45" HC="2.61" NOx="5.43" PMx="0.45" fuel="5.96" electricity="0.00" noise="81.03" route="routebottom" type="cfm_slow" waiting="0.00" lane="right_0" pos="7.49" speed="47.00" angle="350.92" x="127.16" y="78.91"/>
    </timestep>
    <timestep time="63.50">
        <vehicle id="cfm_slow_0" eclass="HBEFA3/PC_G_EU4" CO2="13867.12" CO="488.45" HC="2.61" NOx="5.43" PMx="0.45" fuel="5.96" electricity="0.00" noise="81.03" route="routetop" type="cfm_slow" waiting="0.00" lane="top_0" pos="2.19" speed="47.00" angle="270.54" x="59.14" y="128.81"/>
        <vehicle id="cfm_slow_1" eclass="HBEFA3/PC_G_EU4" CO2="13867.12" CO="488.45" HC="2.61" NOx="5.43" PMx="0.45" fuel="5.96" electricity="0.00" noise="81.03" route="routetop" type="cfm_slow" waiting="0.00" lane="top_0" pos="42.19" speed="47.00" angle="198.51" x="0.31" y="79.54"/>
        <vehicle id="cfm_slow_2" eclass="HBEFA3/PC_G_EU4" CO2="13867.12" CO="488.45" HC="2.61" NOx="5.43" PMx="0.45" fuel="5.96" electricity="0.00" noise="81.03" route="routetop" type="cfm_slow" waiting="0.00" lane="left_0" pos="32.19" speed="47.00" angle="126.61" x="28.99" y="8.31"/>
        <vehicle id="cfm_slow_3" eclass="HBEFA3/PC_G_EU4" CO2="13867.12" CO="488.45" HC="2.61" NOx="5.43" PMx="0.45" fuel="5.96" electricity="0.00" noise="81.03" route="routebottom" type="cfm_slow" waiting="0.00" lane="bottom_0" pos="22.19" speed="47.00" angle="54.54" x="105.59" y="13.60"/>
        <vehicle id="cfm_slow_4" eclass="HBEFA3/PC_G_EU4" CO2="13867.12" CO="488.45" HC="2.61" NOx="5.43" PMx="0.45" fuel="5.96" electricity="0.00" noise="81.03" route="routebottom" type="cfm_slow" waiting="0.00" lane="right_0" pos="12.19" speed="47.00" angle="342.52" x="124.22" y="88.08"/>
    </timestep>
    <timestep time="63.60">
        <vehicle id="cfm_slow_0" eclass="HBEFA3/PC_G_EU4" CO2="13867.12" CO="488.45" HC="2.61" NOx="5.43" PMx="0.45" fuel="5.96" electricity="0.00" noise="81.03" route="routetop" type="cfm_slow" waiting="0.00" lane="top_0" pos="6.89" speed="47.00" angle="262.07" x="49.61" y="127.43"/>
        <vehicle id="cfm_slow_1" eclass="HBEFA3/PC_G_EU4" CO2="13867.12" CO="488.45" HC="2.61" NOx="5.43" PMx="0.45" fuel="5.96" electricity="0.00" noise="81.03" route="routetop" type="cfm_slow" waiting="0.00" lane="top_0" pos="46.89" speed="47.00" angle="190.13" x="-1.33" y="70.05"/>
        <vehicle id="cfm_slow_2" eclass="HBEFA3/PC_G_EU4" CO2="13867.12" CO="488.45" HC="2.61" NOx="5.43" PMx="0.45" fuel="5.96" electricity="0.00" noise="81.03" route="routetop" type="cfm_slow" waiting="0.00" lane="left_0" pos="36.89" speed="47.00" angle="118.09" x="37.51" y="3.82"/>
        <vehicle id="cfm_slow_3" eclass="HBEFA3/PC_G_EU4" CO2="13867.12" CO="488.45" HC="2.61" NOx="5.43" PMx="0.45" fuel="5.96" electricity="0.00" noise="81.03" route="routebottom" type="cfm_slow" waiting="0.00" lane="bottom_0" pos="26.89" speed="47.00" angle="46.14" x="112.50" y="20.30"/>
        <vehicle id="cfm_slow_4" eclass="HBEFA3/PC_G_EU4" CO2="13867.12" CO="488.45" HC="2.61" NOx="5.43" PMx="0.45" fuel="5.96" electricity="0.00" noise="81.03" route="routebottom" type="cfm_slow" waiting="0.00" lane="right_0" pos="16.89" speed="47.00" angle="334.13" x="119.98" y="96.72"/>
    </timestep>
    <timestep time="63.70">
        <vehicle id="cfm_slow_0" eclass="HBEFA3/PC_G_EU4" CO2="13867.12" CO="488.45" HC="2.61" NOx="5.43" PMx="0.45" fuel="5.96" electricity="0.00" noise="81.03" route="routetop" type="cfm_slow" waiting="0.00" lane="top_0" pos="11.59" speed="47.00" angle="253.56" x="40.39" y="124.67"/>
        <vehicle id="cfm_slow_1" eclass="HBEFA3/PC_G_EU4" CO2="13867.12" CO="488.45" HC="2.61" NOx="5.43" PMx="0.45" fuel="5.96" electricity="0.00" noise="81.03" route="routetop" type="cfm_slow" waiting="0.00" lane="left_0" pos="1.59" speed="47.00" angle="181.63" x="-1.56" y="60.37"/>
        <vehicle id="cfm_slow_2" eclass="HBEFA3/PC_G_EU4" CO2="13867.12" CO="488.45" HC="2.61" NOx="5.43" PMx="0.45" fuel="5.96" electricity="0.00" noise="81.03" route="routetop" type="cfm_slow" waiting="0.00" lane="left_0" pos="41.59" speed="47.00" angle="109.62" x="46.59" y="0.63"/>
        <vehicle id="cfm_slow_3" eclass="HBEFA3/PC_G_EU4" CO2="13867.12" CO="488.45" HC="2.61" NOx="5.43" PMx="0.45" fuel="5.96" electricity="0.00" noise="81.03" route="routebottom" type="cfm_slow" waiting="0.00" lane="bottom_0" pos="31.59" speed="47.00" angle="37.65" x="118.34" y="27.96"/>
        <vehicle id="cfm_slow_4" eclass="HBEFA3/PC_G_EU4" CO2="13867.12" CO="488.45" HC="2.61" NOx="5.43" PMx="0.45" fuel="5.96" electricity="0.00" noise="81.03" route="routebottom" type="cfm_slow" waiting="0.00" lane="right_0" pos="21.59" speed="47.00" angle="325.57" x="114.50" y="104.64"/>
    </timestep>
    <timestep time="63.80">
        <vehicle id="cfm_slow_0" eclass="HBEFA3/PC_G_EU4" CO2="13867.12" CO="488.45" HC="2.61" NOx="5.43" PMx="0.45" fuel="5.96" electricity="0.00" noise="81.03" route="routetop" type="cfm_slow" waiting="0.00" lane="top_0" pos="16.29" speed="47.00" angle="245.18" x="31.67" y="120.59"/>
        <vehicle id="cfm_slow_1" eclass="HBEFA3/PC_G_EU4" CO2="13867.12" CO="488.45" HC="2.61" NOx="5.43" PMx="0.45" fuel="5.96" electricity="0.00" noise="81.03" route="routetop" type="cfm_slow" waiting="0.00" lane="left_0" pos="6.29" speed="47.00" angle="173.12" x="-0.37" y="50.81"/>
        <vehicle id="cfm_slow_2" eclass="HBEFA3/PC_G_EU4" CO2="13867.12" CO="488.45" HC="2.61" NOx="5.43" PMx="0.45" fuel="5.96" electricity="0.00" noise="81.03" route="routetop" type="cfm_slow" waiting="0.00" lane="left_0" pos="46.29" speed="47.00" angle="101.25" x="56.04" y="-1.21"/>
        <vehicle id="cfm_slow_3" eclass="HBEFA3/PC_G_EU4" CO2="13867.12" CO="488.45" HC="2.61" NOx="5.43" PMx="0.45" fuel="5.96" electricity="0.00" noise="81.03" route="routebottom" type="cfm_slow" waiting="0.00" lane="bottom_0" pos="36.29" speed="47.00" angle="29.19" x="123.00" y="36.39"/>
        <vehicle id="cfm_slow_4" eclass="HBEFA3/PC_G_EU4" CO2="13867.12" CO="488.45" HC="2.61" NOx="5.43" PMx="0.45" fuel="5.96" electricity="0.00" noise="81.03" route="routebottom" type="cfm_slow" waiting="0.00" lane="right_0" pos="26.29" speed="47.00" angle="317.23" x="107.93" y="111.67"/>
    </timestep>
    <timestep time="63.90">
        <vehicle id="cfm_slow_0" eclass="HBEFA3/PC_G_EU4" CO2="13867.12" CO="488.45" HC="2.61" NOx="5.43" PMx="0.45" fuel="5.96" electricity="0.00" noise="81.03" route="routetop" type="cfm_slow" waiting="0.00" lane="top_0" pos="20.99" speed="47.00" angle="236.69" x="23.65" y="115.26"/>
        <vehicle id="cfm_slow_1" eclass="HBEFA3/PC_G_EU4" CO2="13867.12" CO="488.45" HC="2.61" NOx="5.43" PMx="0.45" fuel="5.96" electricity="0.00" noise="81.03" route="routetop" type="cfm_slow" waiting="0.00" lane="left_0" pos="10.99" speed="47.00" angle="164.66" x="2.23" y="41.54"/>
        <vehicle id="cfm_slow_2" eclass="HBEFA3/PC_G_EU4" CO2="13867.12" CO="488.45" HC="2.61" NOx="5.43" PMx="0.45" fuel="5.96" electricity="0.00" noise="81.03" route="routebottom" type="cfm_slow" waiting="0.00" lane="bottom_0" pos="0.99" speed="47.00" angle="92.68" x="65.72" y="-1.61"/>
        <vehicle id="cfm_slow_3" eclass="HBEFA3/PC_G_EU4" CO2="13867.12" CO="488.45" HC="2.61" NOx="5.43" PMx="0.45" fuel="5.96" electricity="0.00" noise="81.03" route="routebottom" type="cfm_slow" waiting="0.00" lane="bottom_0" pos="40.99" speed="47.00" angle="20.75" x="126.37" y="45.40"/>
        <vehicle id="cfm_slow_4" eclass="HBEFA3/PC_G_EU4" CO2="13867.12" CO="488.45" HC="2.61" NOx="5.43" PMx="0.45" fuel="5.96" electricity="0.00" noise="81.03" route="routebottom" type="cfm_slow" waiting="0.00" lane="right_0" pos="30.99" speed="47.00" angle="308.71" x="100.39" y="117.66"/>
    </timestep>
    <timestep time="64.00">
        <vehicle id="cfm_slow_0" eclass="HBEFA3/PC_G_EU4" CO2="13867.12" CO="488.45" HC="2.61" NOx="5.43" PMx="0.45" fuel="5.96" electricity="0.00" noise="81.03" route="routetop" type="cfm_slow" waiting="0.00" lane="top_0" pos="25.69" speed="47.00" angle="228.32" x="16.49" y="108.83"/>
        <vehicle id="cfm_slow_1" eclass="HBEFA3/PC_G_EU4" CO2="13867.12" CO="488.45" HC="2.61" NOx="5.43" PMx="0.45" fuel="5.96" electricity="0.00" noise="81.03" route="routetop" type="cfm_slow" waiting="0.00" lane="left_0" pos="15.69" speed="47.00" angle="156.29" x="6.14" y="32.75"/>
        <vehicle id="cfm_slow_2" eclass="HBEFA3/PC_G_EU4" CO2="13867.12" CO="488.45" HC="2.61" NOx="5.43" PMx="0.45" fuel="5.96" electricity="0.00" noise="81.03" route="routebottom" type="cfm_slow" waiting="0.00" lane="bottom_0" pos="5.69" speed="47.00" angle="84.24" x="75.30" y="-0.59"/>
        <vehicle id="cfm_slow_3" eclass="HBEFA3/PC_G_EU4" CO2="13867.12" CO="488.45" HC="2.61" NOx="5.43" PMx="0.45" fuel="5.96" electricity="0.00" noise="81.03" route="routebottom" type="cfm_slow" waiting="0.00" lane="bottom_0" pos="45.69" speed="47.00" angle="12.24" x="128.36" y="54.82"/>
        <vehicle id="cfm_slow_4" eclass="HBEFA3/PC_G_EU4" CO2="13867.12" CO="488.45" HC="2.61" NOx="5.43" PMx="0.45" fuel="5.96" electricity="0.00" noise="81.03" route="routebottom" type="cfm_slow" waiting="0.00" lane="right_0" pos="35.69" speed="47.00" angle="300.27" x="92.05" y="122.48"/>
    </timestep>
    <timestep time="64.10">
        <vehicle id="cfm_slow_0" eclass="HBEFA3/PC_G_EU4" CO2="13867.12" CO="488.45" HC="2.61" NOx="5.43" PMx="0.45" fuel="5.96" electricity="0.00" noise="81.03" route="routetop" type="cfm_slow" waiting="0.00" lane="top_0" pos="30.39" speed="47.00" angle="219.73" x="10.37" y="101.39"/>
        <vehicle id="cfm_slow_1" eclass="HBEFA3/PC_G_EU4" CO2="13867.12" CO="488.45" HC="2.61" NOx="5.43" PMx="0.45" fuel="5.96" electricity="0.00" noise="81.03" route="routetop" type="cfm_slow" waiting="0.00" lane="left_0" pos="20.39" speed="47.00" angle="147.71" x="11.31" y="24.63"/>
        <vehicle id="cfm_slow_2" eclass="HBEFA3/PC_G_EU4" CO2="13867.12" CO="488.45" HC="2.61" NOx="5.43" PMx="0.45" fuel="5.96" electricity="0.00" noise="81.03" route="routebottom" type="cfm_slow" waiting="0.00" lane="bottom_0" pos="10.39" speed="47.00" angle="75.79" x="84.62" y="1.81"/>
        <vehicle id="cfm_slow_3" eclass="HBEFA3/PC_G_EU4" CO2="13867.12" CO="488.45" HC="2.61" NOx="5.43" PMx="0.45" fuel="5.96" electricity="0.00" noise="81.03" route="routebottom" type="cfm_slow" waiting="0.00" lane="right_0" pos="0.39" speed="47.00" angle="3.78" x="128.95" y="64.49"/>
        <vehicle id="cfm_slow_4" eclass="HBEFA3/PC_G_EU4" CO2="13867.12" CO="488.45" HC="2.61" NOx="5.43" PMx="0.45" fuel="5.96" electricity="0.00" noise="81.03" route="routebottom" type="cfm_slow" waiting="0.00" lane="right_0" pos="40.39" speed="47.00" angle="291.83" x="83.09" y="126.01"/>
    </timestep>
    <timestep time="64.20">
        <vehicle id="cfm_slow_0" eclass="HBEFA3/PC_G_EU4" CO2="13867.12" CO="488.45" HC="2.61" NOx="5.43" PMx="0.45" fuel="5.96" electricity="0.00" noise="81.03" route="routetop" type="cfm_slow" waiting="0.00" lane="top_0" pos="35.09" speed="47.00" angle="211.41" x="5.39" y="93.15"/>
        <vehicle id="cfm_slow_1" eclass="HBEFA3/PC_G_EU4" CO2="13867.12" CO="488.45" HC="2.61" NOx="5.43" PMx="0.45" fuel="5.96" electricity="0.00" noise="81.03" route="routetop" type="cfm_slow" waiting="0.00" lane="left_0" pos="25.09" speed="47.00" angle="139.34" x="17.62" y="17.36"/>
        <vehicle id="cfm_slow_2" eclass="HBEFA3/PC_G_EU4" CO2="13867.12" CO="488.45" HC="2.61" NOx="5.43" PMx="0.45" fuel="5.96" electricity="0.00" noise="81.03" route="routebottom" type="cfm_slow" waiting="0.00" lane="bottom_0" pos="15.09" speed="47.00" angle="67.31" x="93.49" y="5.56"/>
        <vehicle id="cfm_slow_3" eclass="HBEFA3/PC_G_EU4" CO2="13867.12" CO="488.45" HC="2.61" NOx="5.43" PMx="0.45" fuel="5.96" electricity="0.00" noise="81.03" route="routebottom" type="cfm_slow" waiting="0.00" lane="right_0" pos="5.09" speed="47.00" angle="355.36" x="128.14" y="74.09"/>
        <vehicle id="cfm_slow_4" eclass="HBEFA3/PC_G_EU4" CO2="13867.12" CO="488.45" HC="2.61" NOx="5.43" PMx="0.45" fuel="5.96" electricity="0.00" noise="81.03" route="routebottom" type="cfm_slow" waiting="0.00" lane="right_0" pos="45.09" speed="47.00" angle="283.34" x="73.71" y="128.19"/>
    </timestep>
    <timestep time="64.30">
        <vehicle id="cfm_slow_0" eclass="HBEFA3/PC_G_EU4" CO2="13867.12" CO="488.45" HC="2.61" NOx="5.43" PMx="0.45" fuel="5.96" electricity="0.00" noise="81.03" route="routetop" type="cfm_slow" waiting="0.00" lane="top_0" pos="39.79" speed="47.00" angle="202.90" x="1.68" y="84.27"/>
        <vehicle id="cfm_slow_1" eclass="HBEFA3/PC_G_EU4" CO2="13867.12" CO="488.45" HC="2.61" NOx="5.43" PMx="0.45" fuel="5.96" electricity="0.00" noise="81.03" route="routetop" type="cfm_slow" waiting="0.00" lane="left_0" pos="29.79" speed="47.00" angle="130.88" x="24.93" y="11.09"/>
        <vehicle id="cfm_slow_2" eclass="HBEFA3/PC_G_EU4" CO2="13867.12" CO="488.45" HC="2.61" NOx="5.43" PMx="0.45" fuel="5.96" electricity="0.00" noise="81.03" route="routebottom" type="cfm_slow" waiting="0.00" lane="bottom_0" pos="19.79" speed="47.00" angle="58.80" x="101.70" y="10.59"/>
        <vehicle id="cfm_slow_3" eclass="HBEFA3/PC_G_EU4" CO2="13867.12" CO="488.45" HC="2.61" NOx="5.43" PMx="0.45" fuel="5.96" electricity="0.00" noise="81.03" route="routebottom" type="cfm_slow" waiting="0.00" lane="right_0" pos="9.79" speed="47.00" angle="346.87" x="125.90" y="83.45"/>
        <vehicle id="cfm_slow_4" eclass="HBEFA3/PC_G_EU4" CO2="13867.12" CO="488.45" HC="2.61" NOx="5.43" PMx="0.45" fuel="5.96" electricity="0.00" noise="81.03" route="routebottom" type="cfm_slow" waiting="0.00" lane="right_0" pos="49.79" speed="47.00" angle="274.84" x="64.12" y="128.96"/>
    </timestep>
    <timestep time="64.40">
        <vehicle id="cfm_slow_0" eclass="HBEFA3/PC_G_EU4" CO2="13867.12" CO="488.45" HC="2.61" NOx="5.43" PMx="0.45" fuel="5.96" electricity="0.00" noise="81.03" route="routetop" type="cfm_slow" waiting="0.00" lane="top_0" pos="44.49" speed="47.00" angle="194.43" x="-0.66" y="74.93"/>
        <vehicle id="cfm_slow_1" eclass="HBEFA3/PC_G_EU4" CO2="13867.12" CO="488.45" HC="2.61" NOx="5.43" PMx="0.45" fuel="5.96" electricity="0.00" noise="81.03" route="routetop" type="cfm_slow" waiting="0.00" lane="left_0" pos="34.49" speed="47.00" angle="122.44" x="33.08" y="5.95"/>
        <vehicle id="cfm_slow_2" eclass="HBEFA3/PC_G_EU4" CO2="13867.12" CO="488.45" HC="2.61" NOx="5.43" PMx="0.45" fuel="5.96" electricity="0.00" noise="81.03" route="routebottom" type="cfm_slow" waiting="0.00" lane="bottom_0" pos="24.49" speed="47.00" angle="50.49" x="109.10" y="16.75"/>
        <vehicle id="cfm_slow_3" eclass="HBEFA3/PC_G_EU4" CO2="13867.12" CO="488.45" HC="2.61" NOx="5.43" PMx="0.45" fuel="5.96" electricity="0.00" noise="81.03" route="routebottom" type="cfm_slow" waiting="0.00" lane="right_0" pos="14.49" speed="47.00" angle="338.38" x="122.31" y="92.39"/>
        <vehicle id="cfm_slow_4" eclass="HBEFA3/PC_G_EU4" CO2="13867.12" CO="488.45" HC="2.61" NOx="5.43" PMx="0.45" fuel="5.96" electricity="0.00" noise="81.03" route="routetop" type="cfm_slow" waiting="0.00" lane="top_0" pos="4.49" speed="47.00" angle="266.44" x="54.45" y="128.31"/>
    </timestep>
    <timestep time="64.50">
        <vehicle id="cfm_slow_0" eclass="HBEFA3/PC_G_EU4" CO2="13867.12" CO="488.45" HC="2.61" NOx="5.43" PMx="0.45" fuel="5.96" electricity="0.00" noise="81.03" route="routetop" type="cfm_slow" waiting="0.00" lane="top_0" pos="49.19" speed="47.00" angle="185.98" x="-1.62" y="65.35"/>
        <vehicle id="cfm_slow_1" eclass="HBEFA3/PC_G_EU4" CO2="13867.12" CO="488.45" HC="2.61" NOx="5.43" PMx="0.45" fuel="5.96" electricity="0.00" noise="81.03" route="routetop" type="cfm_slow" waiting="0.00" lane="left_0" pos="39.19" speed="47.00" angle="113.93" x="41.90" y="2.10"/>
        <vehicle id="cfm_slow_2" eclass="HBEFA3/PC_G_EU4" CO2="0.00" CO="0.00" HC="0.00" NOx="0.00" PMx="0.00" fuel="0.00" electricity="0.00" noise="81.03" route="routebottom" type="cfm_slow" waiting="0.00" lane="bottom_0" pos="29.19" speed="47.00" angle="41.89" x="115.49" y="23.95"/>
        <vehicle id="cfm_slow_3" eclass="HBEFA3/PC_G_EU4" CO2="13867.12" CO="488.45" HC="2.61" NOx="5.43" PMx="0.45" fuel="5.96" electricity="0.00" noise="81.03" route="routebottom" type="cfm_slow" waiting="0.00" lane="right_0" pos="19.19" speed="47.00" angle="329.93" x="117.45" y="100.70"/>
        <vehicle id="cfm_slow_4" eclass="HBEFA3/PC_G_EU4" CO2="13867.12" CO="488.45" HC="2.61" NOx="5.43" PMx="0.45" fuel="5.96" electricity="0.00" noise="81.03" route="routetop" type="cfm_slow" waiting="0.00" lane="top_0" pos="9.19" speed="47.00" angle="257.97" x="45.04" y="126.26"/>
    </timestep>
    <timestep time="64.60">
        <vehicle id="cfm_slow_0" eclass="HBEFA3/PC_G_EU4" CO2="13867.12" CO="488.45" HC="2.61" NOx="5.43" PMx="0.45" fuel="5.96" electricity="0.00" noise="81.03" route="routetop" type="cfm_slow" waiting="0.00" lane="left_0" pos="3.89" speed="47.00" angle="177.53" x="-1.16" y="55.67"/>
        <vehicle id="cfm_slow_1" eclass="HBEFA3/PC_G_EU4" CO2="13867.12" CO="488.45" HC="2.61" NOx="5.43" PMx="0.45" fuel="5.96" electricity="0.00" noise="81.03" route="routetop" type="cfm_slow" waiting="0.00" lane="left_0" pos="43.89" speed="47.00" angle="105.56" x="51.18" y="-0.44"/>
        <vehicle id="cfm_slow_2" eclass="HBEFA3/PC_G_EU4" CO2="13867.12" CO="488.45" HC="2.61" NOx="5.43" PMx="0.45" fuel="5.96" electricity="0.00" noise="81.03" route="routebottom" type="cfm_slow" waiting="0.00" lane="bottom_0" pos="33.89" speed="47.00" angle="33.52" x="120.77" y="32.00"/>
        <vehicle id="cfm_slow_3" eclass="HBEFA3/PC_G_EU4" CO2="13867.12" CO="488.45" HC="2.61" NOx="5.43" PMx="0.45" fuel="5.96" electricity="0.00" noise="81.03" route="routebottom" type="cfm_slow" waiting="0.00" lane="right_0" pos="23.89" speed="47.00" angle="321.50" x="111.42" y="108.20"/>
        <vehicle id="cfm_slow_4" eclass="HBEFA3/PC_G_EU4" CO2="13867.12" CO="488.45" HC="2.61" NOx="5.43" PMx="0.45" fuel="5.96" electricity="0.00" noise="81.03" route="routetop" type="cfm_slow" waiting="0.00" lane="top_0" pos="13.89" speed="47.00" angle="249.44" x="36.04" y="122.84"/>
    </timestep>
    <timestep time="64.70">
        <vehicle id="cfm_slow_0" eclass="HBEFA3/PC_G_EU4" CO2="13867.12" CO="488.45" HC="2.61" NOx="5.43" PMx="0.45" fuel="5.96" electricity="0.00" noise="81.03" route="routetop" type="cfm_slow" waiting="0.00" lane="left_0" pos="8.59" speed="47.00" angle="168.96" x="0.73" y="46.23"/>
        <vehicle id="cfm_slow_1" eclass="HBEFA3/PC_G_EU4" CO2="13867.12" CO="488.45" HC="2.61" NOx="5.43" PMx="0.45" fuel="5.96" electricity="0.00" noise="81.03" route="routetop" type="cfm_slow" waiting="0.00" lane="left_0" pos="48.59" speed="47.00" angle="97.05" x="60.74" y="-1.58"/>
        <vehicle id="cfm_slow_2" eclass="HBEFA3/PC_G_EU4" CO2="13867.12" CO="488.45" HC="2.61" NOx="5.43" PMx="0.45" fuel="5.96" electricity="0.00" noise="81.03" route="routebottom" type="cfm_slow" waiting="0.00" lane="bottom_0" pos="38.59" speed="47.00" angle="25.03" x="124.80" y="40.74"/>
        <vehicle id="cfm_slow_3" eclass="HBEFA3/PC_G_EU4" CO2="13867.12" CO="488.45" HC="2.61" NOx="5.43" PMx="0.45" fuel="5.96" electricity="0.00" noise="81.03" route="routebottom" type="cfm_slow" waiting="0.00" lane="right_0" pos="28.59" speed="47.00" angle="312.98" x="104.34" y="114.73"/>
        <vehicle id="cfm_slow_4" eclass="HBEFA3/PC_G_EU4" CO2="13867.12" CO="488.45" HC="2.61" NOx="5.43" PMx="0.45" fuel="5.96" electricity="0.00" noise="81.03" route="routetop" type="cfm_slow" waiting="0.00" lane="top_0" pos="18.59" speed="47.00" angle="241.03" x="27.64" y="118.13"/>
    </timestep>
    <timestep time="64.80">
        <vehicle id="cfm_slow_0" eclass="HBEFA3/PC_G_EU4" CO2="13867.12" CO="488.45" HC="2.61" NOx="5.43" PMx="0.45" fuel="5.96" electricity="0.00" noise="81.03" route="routetop" type="cfm_slow" waiting="0.00" lane="left_0" pos="13.29" speed="47.00" angle="160.59" x="3.98" y="37.16"/>
        <vehicle id="cfm_slow_1" eclass="HBEFA3/PC_G_EU4" CO2="13867.12" CO="488.45" HC="2.61" NOx="5.43" PMx="0.45" fuel="5.96" electricity="0.00" noise="81.03" route="routebottom" type="cfm_slow" waiting="0.00" lane="bottom_0" pos="3.29" speed="47.00" angle="88.58" x="70.43" y="-1.29"/>
        <vehicle id="cfm_slow_2" eclass="HBEFA3/PC_G_EU4" CO2="13867.12" CO="488.45" HC="2.61" NOx="5.43" PMx="0.45" fuel="5.96" electricity="0.00" noise="81.03" route="routebottom" type="cfm_slow" waiting="0.00" lane="bottom_0" pos="43.29" speed="47.00" angle="16.65" x="127.52" y="49.98"/>
        <vehicle id="cfm_slow_3" eclass="HBEFA3/PC_G_EU4" CO2="13867.12" CO="488.45" HC="2.61" NOx="5.43" PMx="0.45" fuel="5.96" electricity="0.00" noise="81.03" route="routebottom" type="cfm_slow" waiting="0.00" lane="right_0" pos="33.29" speed="47.00" angle="304.62" x="96.40" y="120.17"/>
        <vehicle id="cfm_slow_4" eclass="HBEFA3/PC_G_EU4" CO2="13867.12" CO="488.45" HC="2.61" NOx="5.43" PMx="0.45" fuel="5.96" electricity="0.00" noise="81.03" route="routetop" type="cfm_slow" waiting="0.00" lane="top_0" pos="23.29" speed="47.00" angle="232.56" x="20.02" y="112.25"/>
    </timestep>
    <timestep time="64.90">
        <vehicle id="cfm_slow_0" eclass="HBEFA3/PC_G_EU4" CO2="13867.12" CO="488.45" HC="2.61" NOx="5.43" PMx="0.45" fuel="5.96" electricity="0.00" noise="81.03" route="routetop" type="cfm_slow" waiting="0.00" lane="left_0" pos="17.99" speed="47.00" angle="152.13" x="8.51" y="28.67"/>
        <vehicle id="cfm_slow_1" eclass="HBEFA3/PC_G_EU4" CO2="13867.12" CO="488.45" HC="2.61" NOx="5.43" PMx="0.45" fuel="5.96" electricity="0.00" noise="81.03" route="routebottom" type="cfm_slow" waiting="0.00" lane="bottom_0" pos="7.99" speed="47.00" angle="80.09" x="79.90" y="0.41"/>
        <vehicle id="cfm_slow_2" eclass="HBEFA3/PC_G_EU4" CO2="13867.12" CO="488.45" HC="2.61" NOx="5.43" PMx="0.45" fuel="5.96" electricity="0.00" noise="81.03" route="routebottom" type="cfm_slow" waiting="0.00" lane="bottom_0" pos="47.99" speed="47.00" angle="8.16" x="128.83" y="59.52"/>
        <vehicle id="cfm_slow_3" eclass="HBEFA3/PC_G_EU4" CO2="13867.12" CO="488.45" HC="2.61" NOx="5.43" PMx="0.45" fuel="5.96" electricity="0.00" noise="81.03" route="routebottom" type="cfm_slow" waiting="0.00" lane="right_0" pos="37.99" speed="47.00" angle="296.08" x="87.73" y="124.36"/>
        <vehicle id="cfm_slow_4" eclass="HBEFA3/PC_G_EU4" CO2="13867.12" CO="488.45" HC="2.61" NOx="5.43" PMx="0.45" fuel="5.96" electricity="0.00" noise="81.03" route="routetop" type="cfm_slow" waiting="0.00" lane="top_0" pos="27.99" speed="47.00" angle="224.06" x="13.36" y="105.30"/>
    </timestep>
    <timestep time="65.00">
        <vehicle id="cfm_slow_0" eclass="HBEFA3/PC_G_EU4" CO2="13867.12" CO="488.45" HC="2.61" NOx="5.43" PMx="0.45" fuel="5.96" electricity="0.00" noise="81.03" route="routetop" type="cfm_slow" waiting="0.00" lane="left_0" pos="22.69" speed="47.00" angle="143.61" x="14.27" y="20.95"/>
        <vehicle id="cfm_slow_1" eclass="HBEFA3/PC_G_EU4" CO2="13867.12" CO="488.45" HC="2.61" NOx="5.43" PMx="0.45" fuel="5.96" electricity="0.00" noise="81.03" route="routebottom" type="cfm_slow" waiting="0.00" lane="bottom_0" pos="12.69" speed="47.00" angle="71.64" x="89.03" y="3.48"/>
        <vehicle id="cfm_slow_2" eclass="HBEFA3/PC_G_EU4" CO2="13867.12" CO="488.45" HC="2.61" NOx="5.43" PMx="0.45" fuel="5.96" electricity="0.00" noise="81.03" route="routebottom" type="cfm_slow" waiting="0.00" lane="right_0" pos="2.69" speed="47.00" angle="359.68" x="128.74" y="69.20"/>
        <vehicle id="cfm_slow_3" eclass="HBEFA3/PC_G_EU4" CO2="13867.12" CO="488.45" HC="2.61" NOx="5.43" PMx="0.45" fuel="5.96" electricity="0.00" noise="81.03" route="routebottom" type="cfm_slow" waiting="0.00" lane="right_0" pos="42.69" speed="47.00" angle="287.69" x="78.54" y="127.24"/>
        <vehicle id="cfm_slow_4" eclass="HBEFA3/PC_G_EU4" CO2="13867.12" CO="488.45" HC="2.61" NOx="5.43" PMx="0.45" fuel="5.96" electricity="0.00" noise="81.03" route="routetop" type="cfm_slow" waiting="0.00" lane="top_0" pos="32.69" speed="47.00" angle="215.67" x="7.78" y="97.45"/>
    </timestep>
    <timestep time="65.10">
        <vehicle id="cfm_slow_0" eclass="HBEFA3/PC_G_EU4" CO2="13867.12" CO="488.45" HC="2.61" NOx="5.43" PMx="0.45" fuel="5.96" electricity="0.00" noise="81.03" route="routetop" type="cfm_slow" waiting="0.00" lane="left_0" pos="27.39" speed="47.00" angle="135.20" x="21.08" y="14.16"/>
        <vehicle id="cfm_slow_1" eclass="HBEFA3/PC_G_EU4" CO2="13867.12" CO="488.45" HC="2.61" NOx="5.43" PMx="0.45" fuel="5.96" electricity="0.00" noise="81.03" route="routebottom" type="cfm_slow" waiting="0.00" lane="bottom_0" pos="17.39" speed="47.00" angle="63.18" x="97.60" y="7.87"/>
        <vehicle id="cfm_slow_2" eclass="HBEFA3/PC_G_EU4" CO2="0.00" CO="0.00" HC="0.00" NOx="0.00" PMx="0.00" fuel="0.00" electricity="0.00" noise="81.03" route="routebottom" type="cfm_slow" waiting="0.00" lane="right_0" pos="7.39" speed="47.00" angle="351.11" x="127.21" y="78.71"/>
        <vehicle id="cfm_slow_3" eclass="HBEFA3/PC_G_EU4" CO2="13867.12" CO="488.45" HC="2.61" NOx="5.43" PMx="0.45" fuel="5.96" electricity="0.00" noise="81.03" route="routebottom" type="cfm_slow" waiting="0.00" lane="right_0" pos="47.39" speed="47.00" angle="279.28" x="69.03" y="128.76"/>
        <vehicle id="cfm_slow_4" eclass="HBEFA3/PC_G_EU4" CO2="13867.12" CO="488.45" HC="2.61" NOx="5.43" PMx="0.45" fuel="5.96" electricity="0.00" noise="81.03" route="routetop" type="cfm_slow" waiting="0.00" lane="top_0" pos="37.39" speed="47.00" angle="207.23" x="3.42" y="88.87"/>
    </timestep>
    <timestep time="65.20">
        <vehicle id="cfm_slow_0" eclass="HBEFA3/PC_G_EU4" CO2="13867.12" CO="488.45" HC="2.61" NOx="5.43" PMx="0.45" fuel="5.96" electricity="0.00" noise="81.03" route="routetop" type="cfm_slow" waiting="0.00" lane="left_0" pos="32.09" speed="47.00" angle="126.80" x="28.82" y="8.42"/>
        <vehicle id="cfm_slow_1" eclass="HBEFA3/PC_G_EU4" CO2="13867.12" CO="488.45" HC="2.61" NOx="5.43" PMx="0.45" fuel="5.96" electricity="0.00" noise="81.03" route="routebottom" type="cfm_slow" waiting="0.00" lane="bottom_0" pos="22.09" speed="47.00" angle="54.72" x="105.43" y="13.47"/>
        <vehicle id="cfm_slow_2" eclass="HBEFA3/PC_G_EU4" CO2="13867.12" CO="488.45" HC="2.61" NOx="5.43" PMx="0.45" fuel="5.96" electricity="0.00" noise="81.03" route="routebottom" type="cfm_slow" waiting="0.00" lane="right_0" pos="12.09" speed="47.00" angle="342.69" x="124.30" y="87.89"/>
        <vehicle id="cfm_slow_3" eclass="HBEFA3/PC_G_EU4" CO2="13867.12" CO="488.45" HC="2.61" NOx="5.43" PMx="0.45" fuel="5.96" electricity="0.00" noise="81.03" route="routetop" type="cfm_slow" waiting="0.00" lane="top_0" pos="2.09" speed="47.00" angle="270.72" x="59.34" y="128.82"/>
        <vehicle id="cfm_slow_4" eclass="HBEFA3/PC_G_EU4" CO2="13867.12" CO="488.45" HC="2.61" NOx="5.43" PMx="0.45" fuel="5.96" electricity="0.00" noise="81.03" route="routetop" type="cfm_slow" waiting="0.00" lane="top_0" pos="42.09" speed="47.00" angle="198.70" x="0.37" y="79.74"/>
    </timestep>
    <timestep time="65.30">
        <vehicle id="cfm_slow_0" eclass="HBEFA3/PC_G_EU4" CO2="13867.12" CO="488.45" HC="2.61" NOx="5.43" PMx="0.45" fuel="5.96" electricity="0.00" noise="81.03" route="routetop" type="cfm_slow" waiting="0.00" lane="left_0" pos="36.79" speed="47.00" angle="118.28" x="37.32" y="3.91"/>
        <vehicle id="cfm_slow_1" eclass="HBEFA3/PC_G_EU4" CO2="13867.12" CO="488.45" HC="2.61" NOx="5.43" PMx="0.45" fuel="5.96" electricity="0.00" noise="81.03" route="routebottom" type="cfm_slow" waiting="0.00" lane="bottom_0" pos="26.79" speed="47.00" angle="46.28" x="112.36" y="20.15"/>
        <vehicle id="cfm_slow_2" eclass="HBEFA3/PC_G_EU4" CO2="13867.12" CO="488.45" HC="2.61" NOx="5.43" PMx="0.45" fuel="5.96" electricity="0.00" noise="81.03" route="routebottom" type="cfm_slow" waiting="0.00" lane="right_0" pos="16.79" speed="47.00" angle="334.32" x="120.09" y="96.54"/>
        <vehicle id="cfm_slow_3" eclass="HBEFA3/PC_G_EU4" CO2="13867.12" CO="488.45" HC="2.61" NOx="5.43" PMx="0.45" fuel="5.96" electricity="0.00" noise="81.03" route="routetop" type="cfm_slow" waiting="0.00" lane="top_0" pos="6.79" speed="47.00" angle="262.26" x="49.81" y="127.48"/>
        <vehicle id="cfm_slow_4" eclass="HBEFA3/PC_G_EU4" CO2="13867.12" CO="488.45" HC="2.61" NOx="5.43" PMx="0.45" fuel="5.96" electricity="0.00" noise="81.03" route="routetop" type="cfm_slow" waiting="0.00" lane="top_0" pos="46.79" speed="47.00" angle="190.31" x="-1.31" y="70.26"/>
    </timestep>
    <timestep time="65.40">
        <vehicle id="cfm_slow_0" eclass="HBEFA3/PC_G_EU4" CO2="13867.12" CO="488.45" HC="2.61" NOx="5.43" PMx="0.45" fuel="5.96" electricity="0.00" noise="81.03" route="routetop" type="cfm_slow" waiting="0.00" lane="left_0" pos="41.49" speed="47.00" angle="109.80" x="46.40" y="0.69"/>
        <vehicle id="cfm_slow_1" eclass="HBEFA3/PC_G_EU4" CO2="13867.12" CO="488.45" HC="2.61" NOx="5.43" PMx="0.45" fuel="5.96" electricity="0.00" noise="81.03" route="routebottom" type="cfm_slow" waiting="0.00" lane="bottom_0" pos="31.49" speed="47.00" angle="37.84" x="118.23" y="27.79"/>
        <vehicle id="cfm_slow_2" eclass="HBEFA3/PC_G_EU4" CO2="13867.12" CO="488.45" HC="2.61" NOx="5.43" PMx="0.45" fuel="5.96" electricity="0.00" noise="81.03" route="routebottom" type="cfm_slow" waiting="0.00" lane="right_0" pos="21.49" speed="47.00" angle="325.76" x="114.63" y="104.48"/>
        <vehicle id="cfm_slow_3" eclass="HBEFA3/PC_G_EU4" CO2="13867.12" CO="488.45" HC="2.61" NOx="5.43" PMx="0.45" fuel="5.96" electricity="0.00" noise="81.03" route="routetop" type="cfm_slow" waiting="0.00" lane="top_0" pos="11.49" speed="47.00" angle="253.72" x="40.58" y="124.75"/>
        <vehicle id="cfm_slow_4" eclass="HBEFA3/PC_G_EU4" CO2="13867.12" CO="488.45" HC="2.61" NOx="5.43" PMx="0.45" fuel="5.96" electricity="0.00" noise="81.03" route="routetop" type="cfm_slow" waiting="0.00" lane="left_0" pos="1.49" speed="47.00" angle="181.81" x="-1.57" y="60.57"/>
    </timestep>
    <timestep time="65.50">
        <vehicle id="cfm_slow_0" eclass="HBEFA3/PC_G_EU4" CO2="13867.12" CO="488.45" HC="2.61" NOx="5.43" PMx="0.45" fuel="5.96" electricity="0.00" noise="81.03" route="routetop" type="cfm_slow" waiting="0.00" lane="left_0" pos="46.19" speed="47.00" angle="101.44" x="55.84" y="-1.18"/>
        <vehicle id="cfm_slow_1" eclass="HBEFA3/PC_G_EU4" CO2="13867.12" CO="488.45" HC="2.61" NOx="5.43" PMx="0.45" fuel="5.96" electricity="0.00" noise="81.03" route="routebottom" type="cfm_slow" waiting="0.00" lane="bottom_0" pos="36.19" speed="47.00" angle="29.38" x="122.91" y="36.20"/>
        <vehicle id="cfm_slow_2" eclass="HBEFA3/PC_G_EU4" CO2="13867.12" CO="488.45" HC="2.61" NOx="5.43" PMx="0.45" fuel="5.96" electricity="0.00" noise="81.03" route="routebottom" type="cfm_slow" waiting="0.00" lane="right_0" pos="26.19" speed="47.00" angle="317.41" x="108.08" y="111.53"/>
        <vehicle id="cfm_slow_3" eclass="HBEFA3/PC_G_EU4" CO2="13867.12" CO="488.45" HC="2.61" NOx="5.43" PMx="0.45" fuel="5.96" electricity="0.00" noise="81.03" route="routetop" type="cfm_slow" waiting="0.00" lane="top_0" pos="16.19" speed="47.00" angle="245.36" x="31.85" y="120.69"/>
        <vehicle id="cfm_slow_4" eclass="HBEFA3/PC_G_EU4" CO2="13867.12" CO="488.45" HC="2.61" NOx="5.43" PMx="0.45" fuel="5.96" electricity="0.00" noise="81.03" route="routetop" type="cfm_slow" waiting="0.00" lane="left_0" pos="6.19" speed="47.00" angle="173.29" x="-0.41" y="51.02"/>
    </timestep>
    <timestep time="65.60">
        <vehicle id="cfm_slow_0" eclass="HBEFA3/PC_G_EU4" CO2="13867.12" CO="488.45" HC="2.61" NOx="5.43" PMx="0.45" fuel="5.96" electricity="0.00" noise="81.03" route="routebottom" type="cfm_slow" waiting="0.00" lane="bottom_0" pos="0.89" speed="47.00" angle="92.86" x="65.52" y="-1.61"/>
        <vehicle id="cfm_slow_1" eclass="HBEFA3/PC_G_EU4" CO2="13867.12" CO="488.45" HC="2.61" NOx="5.43" PMx="0.45" fuel="5.96" electricity="0.00" noise="81.03" route="routebottom" type="cfm_slow" waiting="0.00" lane="bottom_0" pos="40.89" speed="47.00" angle="20.89" x="126.31" y="45.21"/>
        <vehicle id="cfm_slow_2" eclass="HBEFA3/PC_G_EU4" CO2="13867.12" CO="488.45" HC="2.61" NOx="5.43" PMx="0.45" fuel="5.96" electricity="0.00" noise="81.03" route="routebottom" type="cfm_slow" waiting="0.00" lane="right_0" pos="30.89" speed="47.00" angle="308.90" x="100.56" y="117.55"/>
        <vehicle id="cfm_slow_3" eclass="HBEFA3/PC_G_EU4" CO2="13867.12" CO="488.45" HC="2.61" NOx="5.43" PMx="0.45" fuel="5.96" electricity="0.00" noise="81.03" route="routetop" type="cfm_slow" waiting="0.00" lane="top_0" pos="20.89" speed="47.00" angle="236.87" x="23.81" y="115.39"/>
        <vehicle id="cfm_slow_4" eclass="HBEFA3/PC_G_EU4" CO2="13867.12" CO="488.45" HC="2.61" NOx="5.43" PMx="0.45" fuel="5.96" electricity="0.00" noise="81.03" route="routetop" type="cfm_slow" waiting="0.00" lane="left_0" pos="10.89" speed="47.00" angle="164.84" x="2.16" y="41.74"/>
    </timestep>
    <timestep time="65.70">
        <vehicle id="cfm_slow_0" eclass="HBEFA3/PC_G_EU4" CO2="13867.12" CO="488.45" HC="2.61" NOx="5.43" PMx="0.45" fuel="5.96" electricity="0.00" noise="81.03" route="routebottom" type="cfm_slow" waiting="0.00" lane="bottom_0" pos="5.59" speed="47.00" angle="84.43" x="75.10" y="-0.63"/>
        <vehicle id="cfm_slow_1" eclass="HBEFA3/PC_G_EU4" CO2="13867.12" CO="488.45" HC="2.61" NOx="5.43" PMx="0.45" fuel="5.96" electricity="0.00" noise="81.03" route="routebottom" type="cfm_slow" waiting="0.00" lane="bottom_0" pos="45.59" speed="47.00" angle="12.43" x="128.33" y="54.62"/>
        <vehicle id="cfm_slow_2" eclass="HBEFA3/PC_G_EU4" CO2="13867.12" CO="488.45" HC="2.61" NOx="5.43" PMx="0.45" fuel="5.96" electricity="0.00" noise="81.03" route="routebottom" type="cfm_slow" waiting="0.00" lane="right_0" pos="35.59" speed="47.00" angle="300.46" x="92.23" y="122.38"/>
        <vehicle id="cfm_slow_3" eclass="HBEFA3/PC_G_EU4" CO2="13867.12" CO="488.45" HC="2.61" NOx="5.43" PMx="0.45" fuel="5.96" electricity="0.00" noise="81.03" route="routetop" type="cfm_slow" waiting="0.00" lane="top_0" pos="25.59" speed="47.00" angle="228.49" x="16.63" y="108.98"/>
        <vehicle id="cfm_slow_4" eclass="HBEFA3/PC_G_EU4" CO2="13867.12" CO="488.45" HC="2.61" NOx="5.43" PMx="0.45" fuel="5.96" electricity="0.00" noise="81.03" route="routetop" type="cfm_slow" waiting="0.00" lane="left_0" pos="15.59" speed="47.00" angle="156.47" x="6.04" y="32.93"/>
    </timestep>
    <timestep time="65.80">
        <vehicle id="cfm_slow_0" eclass="HBEFA3/PC_G_EU4" CO2="13867.12" CO="488.45" HC="2.61" NOx="5.43" PMx="0.45" fuel="5.96" electricity="0.00" noise="81.03" route="routebottom" type="cfm_slow" waiting="0.00" lane="bottom_0" pos="10.29" speed="47.00" angle="75.97" x="84.43" y="1.74"/>
        <vehicle id="cfm_slow_1" eclass="HBEFA3/PC_G_EU4" CO2="13867.12" CO="488.45" HC="2.61" NOx="5.43" PMx="0.45" fuel="5.96" electricity="0.00" noise="81.03" route="routebottom" type="cfm_slow" waiting="0.00" lane="right_0" pos="0.29" speed="47.00" angle="3.96" x="128.96" y="64.29"/>
        <vehicle id="cfm_slow_2" eclass="HBEFA3/PC_G_EU4" CO2="13867.12" CO="488.45" HC="2.61" NOx="5.43" PMx="0.45" fuel="5.96" electricity="0.00" noise="81.03" route="routebottom" type="cfm_slow" waiting="0.00" lane="right_0" pos="40.29" speed="47.00" angle="292.02" x="83.29" y="125.95"/>
        <vehicle id="cfm_slow_3" eclass="HBEFA3/PC_G_EU4" CO2="13867.12" CO="488.45" HC="2.61" NOx="5.43" PMx="0.45" fuel="5.96" electricity="0.00" noise="81.03" route="routetop" type="cfm_slow" waiting="0.00" lane="top_0" pos="30.29" speed="47.00" angle="219.92" x="10.49" y="101.56"/>
        <vehicle id="cfm_slow_4" eclass="HBEFA3/PC_G_EU4" CO2="13867.12" CO="488.45" HC="2.61" NOx="5.43" PMx="0.45" fuel="5.96" electricity="0.00" noise="81.03" route="routetop" type="cfm_slow" waiting="0.00" lane="left_0" pos="20.29" speed="47.00" angle="147.89" x="11.19" y="24.79"/>
    </timestep>
    <timestep time="65.90">
        <vehicle id="cfm_slow_0" eclass="HBEFA3/PC_G_EU4" CO2="13867.12" CO="488.45" HC="2.61" NOx="5.43" PMx="0.45" fuel="5.96" electricity="0.00" noise="81.03" route="routebottom" type="cfm_slow" waiting="0.00" lane="bottom_0" pos="14.99" speed="47.00" angle="67.50" x="93.30" y="5.47"/>
        <vehicle id="cfm_slow_1" eclass="HBEFA3/PC_G_EU4" CO2="13867.12" CO="488.45" HC="2.61" NOx="5.43" PMx="0.45" fuel="5.96" electricity="0.00" noise="81.03" route="routebottom" type="cfm_slow" waiting="0.00" lane="right_0" pos="4.99" speed="47.00" angle="355.53" x="128.17" y="73.88"/>
        <vehicle id="cfm_slow_2" eclass="HBEFA3/PC_G_EU4" CO2="13867.12" CO="488.45" HC="2.61" NOx="5.43" PMx="0.45" fuel="5.96" electricity="0.00" noise="81.03" route="routebottom" type="cfm_slow" waiting="0.00" lane="right_0" pos="44.99" speed="47.00" angle="283.52" x="73.92" y="128.16"/>
        <vehicle id="cfm_slow_3" eclass="HBEFA3/PC_G_EU4" CO2="13867.12" CO="488.45" HC="2.61" NOx="5.43" PMx="0.45" fuel="5.96" electricity="0.00" noise="81.03" route="routetop" type="cfm_slow" waiting="0.00" lane="top_0" pos="34.99" speed="47.00" angle="211.59" x="5.49" y="93.33"/>
        <vehicle id="cfm_slow_4" eclass="HBEFA3/PC_G_EU4" CO2="13867.12" CO="488.45" HC="2.61" NOx="5.43" PMx="0.45" fuel="5.96" electricity="0.00" noise="81.03" route="routetop" type="cfm_slow" waiting="0.00" lane="left_0" pos="24.99" speed="47.00" angle="139.53" x="17.48" y="17.50"/>
    </timestep>
    <timestep time="66.00">
        <vehicle id="cfm_slow_0" eclass="HBEFA3/PC_G_EU4" CO2="13867.12" CO="488.45" HC="2.61" NOx="5.43" PMx="0.45" fuel="5.96" electricity="0.00" noise="81.03" route="routebottom" type="cfm_slow" waiting="0.00" lane="bottom_0" pos="19.69" speed="47.00" angle="58.99" x="101.53" y="10.47"/>
        <vehicle id="cfm_slow_1" eclass="HBEFA3/PC_G_EU4" CO2="13867.12" CO="488.45" HC="2.61" NOx="5.43" PMx="0.45" fuel="5.96" electricity="0.00" noise="81.03" route="routebottom" type="cfm_slow" waiting="0.00" lane="right_0" pos="9.69" speed="47.00" angle="347.06" x="125.96" y="83.26"/>
        <vehicle id="cfm_slow_2" eclass="HBEFA3/PC_G_EU4" CO2="13867.12" CO="488.45" HC="2.61" NOx="5.43" PMx="0.45" fuel="5.96" electricity="0.00" noise="81.03" route="routebottom" type="cfm_slow" waiting="0.00" lane="right_0" pos="49.69" speed="47.00" angle="275.03" x="64.32" y="128.96"/>
        <vehicle id="cfm_slow_3" eclass="HBEFA3/PC_G_EU4" CO2="13867.12" CO="488.45" HC="2.61" NOx="5.43" PMx="0.45" fuel="5.96" electricity="0.00" noise="81.03" route="routetop" type="cfm_slow" waiting="0.00" lane="top_0" pos="39.69" speed="47.00" angle="203.06" x="1.75" y="84.46"/>
        <vehicle id="cfm_slow_4" eclass="HBEFA3/PC_G_EU4" CO2="13867.12" CO="488.45" HC="2.61" NOx="5.43" PMx="0.45" fuel="5.96" electricity="0.00" noise="81.03" route="routetop" type="cfm_slow" waiting="0.00" lane="left_0" pos="29.69" speed="47.00" angle="131.06" x="24.76" y="11.21"/>
    </timestep>
    <timestep time="66.10">
        <vehicle id="cfm_slow_0" eclass="HBEFA3/PC_G_EU4" CO2="13867.12" CO="488.45" HC="2.61" NOx="5.43" PMx="0.45" fuel="5.96" electricity="0.00" noise="81.03" route="routebottom" type="cfm_slow" waiting="0.00" lane="bottom_0" pos="24.39" speed="47.00" angle="50.68" x="108.95" y="16.60"/>
        <vehicle id="cfm_slow_1" eclass="HBEFA3/PC_G_EU4" CO2="13867.12" CO="488.45" HC="2.61" NOx="5.43" PMx="0.45" fuel="5.96" electricity="0.00" noise="81.03" route="routebottom" type="cfm_slow" waiting="0.00" lane="right_0" pos="14.39" speed="47.00" angle="338.57" x="122.40" y="92.20"/>
        <vehicle id="cfm_slow_2" eclass="HBEFA3/PC_G_EU4" CO2="13867.12" CO="488.45" HC="2.61" NOx="5.43" PMx="0.45" fuel="5.96" electricity="0.00" noise="81.03" route="routetop" type="cfm_slow" waiting="0.00" lane="top_0" pos="4.39" speed="47.00" angle="266.62" x="54.65" y="128.34"/>
        <vehicle id="cfm_slow_3" eclass="HBEFA3/PC_G_EU4" CO2="13867.12" CO="488.45" HC="2.61" NOx="5.43" PMx="0.45" fuel="5.96" electricity="0.00" noise="81.03" route="routetop" type="cfm_slow" waiting="0.00" lane="top_0" pos="44.39" speed="47.00" angle="194.61" x="-0.63" y="75.13"/>
        <vehicle id="cfm_slow_4" eclass="HBEFA3/PC_G_EU4" CO2="13867.12" CO="488.45" HC="2.61" NOx="5.43" PMx="0.45" fuel="5.96" electricity="0.00" noise="81.03" route="routetop" type="cfm_slow" waiting="0.00" lane="left_0" pos="34.39" speed="47.00" angle="122.62" x="32.90" y="6.05"/>
    </timestep>
    <timestep time="66.20">
        <vehicle id="cfm_slow_0" eclass="HBEFA3/PC_G_EU4" CO2="13867.12" CO="488.45" HC="2.61" NOx="5.43" PMx="0.45" fuel="5.96" electricity="0.00" noise="81.03" route="routebottom" type="cfm_slow" waiting="0.00" lane="bottom_0" pos="29.09" speed="47.00" angle="42.08" x="115.37" y="23.79"/>
        <vehicle id="cfm_slow_1" eclass="HBEFA3/PC_G_EU4" CO2="0.00" CO="0.00" HC="0.00" NOx="0.00" PMx="0.00" fuel="0.00" electricity="0.00" noise="81.03" route="routebottom" type="cfm_slow" waiting="0.00" lane="right_0" pos="19.09" speed="47.00" angle="330.08" x="117.56" y="100.53"/>
        <vehicle id="cfm_slow_2" eclass="HBEFA3/PC_G_EU4" CO2="13867.12" CO="488.45" HC="2.61" NOx="5.43" PMx="0.45" fuel="5.96" electricity="0.00" noise="81.03" route="routetop" type="cfm_slow" waiting="0.00" lane="top_0" pos="9.09" speed="47.00" angle="258.15" x="45.24" y="126.32"/>
        <vehicle id="cfm_slow_3" eclass="HBEFA3/PC_G_EU4" CO2="13867.12" CO="488.45" HC="2.61" NOx="5.43" PMx="0.45" fuel="5.96" electricity="0.00" noise="81.03" route="routetop" type="cfm_slow" waiting="0.00" lane="top_0" pos="49.09" speed="47.00" angle="186.17" x="-1.61" y="65.55"/>
        <vehicle id="cfm_slow_4" eclass="HBEFA3/PC_G_EU4" CO2="13867.12" CO="488.45" HC="2.61" NOx="5.43" PMx="0.45" fuel="5.96" electricity="0.00" noise="81.03" route="routetop" type="cfm_slow" waiting="0.00" lane="left_0" pos="39.09" speed="47.00" angle="114.11" x="41.70" y="2.17"/>
    </timestep>
    <timestep time="66.30">
        <vehicle id="cfm_slow_0" eclass="HBEFA3/PC_G_EU4" CO2="13867.12" CO="488.45" HC="2.61" NOx="5.43" PMx="0.45" fuel="5.96" electricity="0.00" noise="81.03" route="routebottom" type="cfm_slow" waiting="0.00" lane="bottom_0" pos="33.79" speed="47.00" angle="33.71" x="120.67" y="31.82"/>
        <vehicle id="cfm_slow_1" eclass="HBEFA3/PC_G_EU4" CO2="13867.12" CO="488.45" HC="2.61" NOx="5.43" PMx="0.45" fuel="5.96" electricity="0.00" noise="81.03" route="routebottom" type="cfm_slow" waiting="0.00" lane="right_0" pos="23.79" speed="47.00" angle="321.68" x="111.56" y="108.05"/>
        <vehicle id="cfm_slow_2" eclass="HBEFA3/PC_G_EU4" CO2="13867.12" CO="488.45" HC="2.61" NOx="5.43" PMx="0.45" fuel="5.96" electricity="0.00" noise="81.03" route="routetop" type="cfm_slow" waiting="0.00" lane="top_0" pos="13.79" speed="47.00" angle="249.63" x="36.23" y="122.93"/>
        <vehicle id="cfm_slow_3" eclass="HBEFA3/PC_G_EU4" CO2="13867.12" CO="488.45" HC="2.61" NOx="5.43" PMx="0.45" fuel="5.96" electricity="0.00" noise="81.03" route="routetop" type="cfm_slow" waiting="0.00" lane="left_0" pos="3.79" speed="47.00" angle="177.70" x="-1.19" y="55.87"/>
        <vehicle id="cfm_slow_4" eclass="HBEFA3/PC_G_EU4" CO2="13867.12" CO="488.45" HC="2.61" NOx="5.43" PMx="0.45" fuel="5.96" electricity="0.00" noise="81.03" route="routetop" type="cfm_slow" waiting="0.00" lane="left_0" pos="43.79" speed="47.00" angle="105.75" x="50.98" y="-0.40"/>
    </timestep>
    <timestep time="66.40">
        <vehicle id="cfm_slow_0" eclass="HBEFA3/PC_G_EU4" CO2="13867.12" CO="488.45" HC="2.61" NOx="5.43" PMx="0.45" fuel="5.96" electricity="0.00" noise="81.03" route="routebottom" type="cfm_slow" waiting="0.00" lane="bottom_0" pos="38.49" speed="47.00" angle="25.21" x="124.73" y="40.55"/>
        <vehicle id="cfm_slow_1" eclass="HBEFA3/PC_G_EU4" CO2="13867.12" CO="488.45" HC="2.61" NOx="5.43" PMx="0.45" fuel="5.96" electricity="0.00" noise="81.03" route="routebottom" type="cfm_slow" waiting="0.00" lane="right_0" pos="28.49" speed="47.00" angle="313.16" x="104.50" y="114.61"/>
        <vehicle id="cfm_slow_2" eclass="HBEFA3/PC_G_EU4" CO2="13867.12" CO="488.45" HC="2.61" NOx="5.43" PMx="0.45" fuel="5.96" electricity="0.00" noise="81.03" route="routetop" type="cfm_slow" waiting="0.00" lane="top_0" pos="18.49" speed="47.00" angle="241.22" x="27.82" y="118.25"/>
        <vehicle id="cfm_slow_3" eclass="HBEFA3/PC_G_EU4" CO2="13867.12" CO="488.45" HC="2.61" NOx="5.43" PMx="0.45" fuel="5.96" electricity="0.00" noise="81.03" route="routetop" type="cfm_slow" waiting="0.00" lane="left_0" pos="8.49" speed="47.00" angle="169.15" x="0.68" y="46.43"/>
        <vehicle id="cfm_slow_4" eclass="HBEFA3/PC_G_EU4" CO2="13867.12" CO="488.45" HC="2.61" NOx="5.43" PMx="0.45" fuel="5.96" electricity="0.00" noise="81.03" route="routetop" type="cfm_slow" waiting="0.00" lane="left_0" pos="48.49" speed="47.00" angle="97.23" x="60.54" y="-1.57"/>
    </timestep>
    <timestep time="66.50">
        <vehicle id="cfm_slow_0" eclass="HBEFA3/PC_G_EU4" CO2="13867.12" CO="488.45" HC="2.61" NOx="5.43" PMx="0.45" fuel="5.96" electricity="0.00" noise="81.03" route="routebottom" type="cfm_slow" waiting="0.00" lane="bottom_0" pos="43.19" speed="47.00" angle="16.82" x="127.47" y="49.78"/>
        <vehicle id="cfm_slow_1" eclass="HBEFA3/PC_G_EU4" CO2="13867.12" CO="488.45" HC="2.61" NOx="5.43" PMx="0.45" fuel="5.96" electricity="0.00" noise="81.03" route="routebottom" type="cfm_slow" waiting="0.00" lane="right_0" pos="33.19" speed="47.00" angle="304.77" x="96.57" y="120.07"/>
        <vehicle id="cfm_slow_2" eclass="HBEFA3/PC_G_EU4" CO2="13867.12" CO="488.45" HC="2.61" NOx="5.43" PMx="0.45" fuel="5.96" electricity="0.00" noise="81.03" route="routetop" type="cfm_slow" waiting="0.00" lane="top_0" pos="23.19" speed="47.00" angle="232.74" x="20.17" y="112.39"/>
        <vehicle id="cfm_slow_3" eclass="HBEFA3/PC_G_EU4" CO2="13867.12" CO="488.45" HC="2.61" NOx="5.43" PMx="0.45" fuel="5.96" electricity="0.00" noise="81.03" route="routetop" type="cfm_slow" waiting="0.00" lane="left_0" pos="13.19" speed="47.00" angle="160.78" x="3.89" y="37.35"/>
        <vehicle id="cfm_slow_4" eclass="HBEFA3/PC_G_EU4" CO2="13867.12" CO="488.45" HC="2.61" NOx="5.43" PMx="0.45" fuel="5.96" electricity="0.00" noise="81.03" route="routebottom" type="cfm_slow" waiting="0.00" lane="bottom_0" pos="3.19" speed="47.00" angle="88.76" x="70.22" y="-1.31"/>
    </timestep>
    <timestep time="66.60">
        <vehicle id="cfm_slow_0" eclass="HBEFA3/PC_G_EU4" CO2="13867.12" CO="488.45" HC="2.61" NOx="5.43" PMx="0.45" fuel="5.96" electricity="0.00" noise="81.03" route="routebottom" type="cfm_slow" waiting="0.00" lane="bottom_0" pos="47.89" speed="47.00" angle="8.35" x="128.82" y="59.31"/>
        <vehicle id="cfm_slow_1" eclass="HBEFA3/PC_G_EU4" CO2="13867.12" CO="488.45" HC="2.61" NOx="5.43" PMx="0.45" fuel="5.96" electricity="0.00" noise="81.03" route="routebottom" type="cfm_slow" waiting="0.00" lane="right_0" pos="37.89" speed="47.00" angle="296.27" x="87.92" y="124.28"/>
        <vehicle id="cfm_slow_2" eclass="HBEFA3/PC_G_EU4" CO2="13867.12" CO="488.45" HC="2.61" NOx="5.43" PMx="0.45" fuel="5.96" electricity="0.00" noise="81.03" route="routetop" type="cfm_slow" waiting="0.00" lane="top_0" pos="27.89" speed="47.00" angle="224.25" x="13.49" y="105.46"/>
        <vehicle id="cfm_slow_3" eclass="HBEFA3/PC_G_EU4" CO2="13867.12" CO="488.45" HC="2.61" NOx="5.43" PMx="0.45" fuel="5.96" electricity="0.00" noise="81.03" route="routetop" type="cfm_slow" waiting="0.00" lane="left_0" pos="17.89" speed="47.00" angle="152.29" x="8.40" y="28.85"/>
        <vehicle id="cfm_slow_4" eclass="HBEFA3/PC_G_EU4" CO2="13867.12" CO="488.45" HC="2.61" NOx="5.43" PMx="0.45" fuel="5.96" electricity="0.00" noise="81.03" route="routebottom" type="cfm_slow" waiting="0.00" lane="bottom_0" pos="7.89" speed="47.00" angle="80.28" x="79.71" y="0.36"/>
    </timestep>
    <timestep time="66.70">
        <vehicle id="cfm_slow_0" eclass="HBEFA3/PC_G_EU4" CO2="13867.12" CO="488.45" HC="2.61" NOx="5.43" PMx="0.45" fuel="5.96" electricity="0.00" noise="81.03" route="routebottom" type="cfm_slow" waiting="0.00" lane="right_0" pos="2.59" speed="47.00" angle="359.86" x="128.76" y="69.00"/>
        <vehicle id="cfm_slow_1" eclass="HBEFA3/PC_G_EU4" CO2="13867.12" CO="488.45" HC="2.61" NOx="5.43" PMx="0.45" fuel="5.96" electricity="0.00" noise="81.03" route="routebottom" type="cfm_slow" waiting="0.00" lane="right_0" pos="42.59" speed="47.00" angle="287.86" x="78.74" y="127.20"/>
        <vehicle id="cfm_slow_2" eclass="HBEFA3/PC_G_EU4" CO2="13867.12" CO="488.45" HC="2.61" NOx="5.43" PMx="0.45" fuel="5.96" electricity="0.00" noise="81.03" route="routetop" type="cfm_slow" waiting="0.00" lane="top_0" pos="32.59" speed="47.00" angle="215.86" x="7.89" y="97.63"/>
        <vehicle id="cfm_slow_3" eclass="HBEFA3/PC_G_EU4" CO2="13867.12" CO="488.45" HC="2.61" NOx="5.43" PMx="0.45" fuel="5.96" electricity="0.00" noise="81.03" route="routetop" type="cfm_slow" waiting="0.00" lane="left_0" pos="22.59" speed="47.00" angle="143.80" x="14.13" y="21.11"/>
        <vehicle id="cfm_slow_4" eclass="HBEFA3/PC_G_EU4" CO2="13867.12" CO="488.45" HC="2.61" NOx="5.43" PMx="0.45" fuel="5.96" electricity="0.00" noise="81.03" route="routebottom" type="cfm_slow" waiting="0.00" lane="bottom_0" pos="12.59" speed="47.00" angle="71.82" x="88.84" y="3.40"/>
    </timestep>
    <timestep time="66.80">
        <vehicle id="cfm_slow_0" eclass="HBEFA3/PC_G_EU4" CO2="13867.12" CO="488.45" HC="2.61" NOx="5.43" PMx="0.45" fuel="5.96" electricity="0.00" noise="81.03" route="routebottom" type="cfm_slow" waiting="0.00" lane="right_0" pos="7.29" speed="47.00" angle="351.30" x="127.25" y="78.51"/>
        <vehicle id="cfm_slow_1" eclass="HBEFA3/PC_G_EU4" CO2="0.00" CO="0.00" HC="0.00" NOx="0.00" PMx="0.00" fuel="0.00" electricity="0.00" noise="81.03" route="routebottom" type="cfm_slow" waiting="0.00" lane="right_0" pos="47.29" speed="47.00" angle="279.42" x="69.24" y="128.74"/>
        <vehicle id="cfm_slow_2" eclass="HBEFA3/PC_G_EU4" CO2="13867.12" CO="488.45" HC="2.61" NOx="5.43" PMx="0.45" fuel="5.96" electricity="0.00" noise="81.03" route="routetop" type="cfm_slow" waiting="0.00" lane="top_0" pos="37.29" speed="47.00" angle="207.42" x="3.49" y="89.06"/>
        <vehicle id="cfm_slow_3" eclass="HBEFA3/PC_G_EU4" CO2="13867.12" CO="488.45" HC="2.61" NOx="5.43" PMx="0.45" fuel="5.96" electricity="0.00" noise="81.03" route="routetop" type="cfm_slow" waiting="0.00" lane="left_0" pos="27.29" speed="47.00" angle="135.38" x="20.93" y="14.29"/>
        <vehicle id="cfm_slow_4" eclass="HBEFA3/PC_G_EU4" CO2="13867.12" CO="488.45" HC="2.61" NOx="5.43" PMx="0.45" fuel="5.96" electricity="0.00" noise="81.03" route="routebottom" type="cfm_slow" waiting="0.00" lane="bottom_0" pos="17.29" speed="47.00" angle="63.37" x="97.42" y="7.77"/>
    </timestep>
    <timestep time="66.90">
        <vehicle id="cfm_slow_0" eclass="HBEFA3/PC_G_EU4" CO2="13867.12" CO="488.45" HC="2.61" NOx="5.43" PMx="0.45" fuel="5.96" electricity="0.00" noise="81.03" route="routebottom" type="cfm_slow" waiting="0.00" lane="right_0" pos="11.99" speed="47.00" angle="342.87" x="124.37" y="87.70"/>
        <vehicle id="cfm_slow_1" eclass="HBEFA3/PC_G_EU4" CO2="13867.12" CO="488.45" HC="2.61" NOx="5.43" PMx="0.45" fuel="5.96" electricity="0.00" noise="81.03" route="routetop" type="cfm_slow" waiting="0.00" lane="top_0" pos="1.99" speed="47.00" angle="270.90" x="59.55" y="128.83"/>
        <vehicle id="cfm_slow_2" eclass="HBEFA3/PC_G_EU4" CO2="13867.12" CO="488.45" HC="2.61" NOx="5.43" PMx="0.45" fuel="5.96" electricity="0.00" noise="81.03" route="routetop" type="cfm_slow" waiting="0.00" lane="top_0" pos="41.99" speed="47.00" angle="198.88" x="0.42" y="79.94"/>
        <vehicle id="cfm_slow_3" eclass="HBEFA3/PC_G_EU4" CO2="13867.12" CO="488.45" HC="2.61" NOx="5.43" PMx="0.45" fuel="5.96" electricity="0.00" noise="81.03" route="routetop" type="cfm_slow" waiting="0.00" lane="left_0" pos="31.99" speed="47.00" angle="126.95" x="28.64" y="8.53"/>
        <vehicle id="cfm_slow_4" eclass="HBEFA3/PC_G_EU4" CO2="13867.12" CO="488.45" HC="2.61" NOx="5.43" PMx="0.45" fuel="5.96" electricity="0.00" noise="81.03" route="routebottom" type="cfm_slow" waiting="0.00" lane="bottom_0" pos="21.99" speed="47.00" angle="54.90" x="105.27" y="13.34"/>
    </timestep>
    <timestep time="67.00">
        <vehicle id="cfm_slow_0" eclass="HBEFA3/PC_G_EU4" CO2="13867.12" CO="488.45" HC="2.61" NOx="5.43" PMx="0.45" fuel="5.96" electricity="0.00" noise="81.03" route="routebottom" type="cfm_slow" waiting="0.00" lane="right_0" pos="16.69" speed="47.00" angle="334.51" x="120.19" y="96.37"/>
        <vehicle id="cfm_slow_1" eclass="HBEFA3/PC_G_EU4" CO2="13867.12" CO="488.45" HC="2.61" NOx="5.43" PMx="0.45" fuel="5.96" electricity="0.00" noise="81.03" route="routetop" type="cfm_slow" waiting="0.00" lane="top_0" pos="6.69" speed="47.00" angle="262.45" x="50.01" y="127.52"/>
        <vehicle id="cfm_slow_2" eclass="HBEFA3/PC_G_EU4" CO2="13867.12" CO="488.45" HC="2.61" NOx="5.43" PMx="0.45" fuel="5.96" electricity="0.00" noise="81.03" route="routetop" type="cfm_slow" waiting="0.00" lane="top_0" pos="46.69" speed="47.00" angle="190.50" x="-1.29" y="70.46"/>
        <vehicle id="cfm_slow_3" eclass="HBEFA3/PC_G_EU4" CO2="13867.12" CO="488.45" HC="2.61" NOx="5.43" PMx="0.45" fuel="5.96" electricity="0.00" noise="81.03" route="routetop" type="cfm_slow" waiting="0.00" lane="left_0" pos="36.69" speed="47.00" angle="118.47" x="37.13" y="3.99"/>
        <vehicle id="cfm_slow_4" eclass="HBEFA3/PC_G_EU4" CO2="13867.12" CO="488.45" HC="2.61" NOx="5.43" PMx="0.45" fuel="5.96" electricity="0.00" noise="81.03" route="routebottom" type="cfm_slow" waiting="0.00" lane="bottom_0" pos="26.69" speed="47.00" angle="46.46" x="112.23" y="20.00"/>
    </timestep>
    <timestep time="67.10">
        <vehicle id="cfm_slow_0" eclass="HBEFA3/PC_G_EU4" CO2="13867.12" CO="488.45" HC="2.61" NOx="5.43" PMx="0.45" fuel="5.96" electricity="0.00" noise="81.03" route="routebottom" type="cfm_slow" waiting="0.00" lane="right_0" pos="21.39" speed="47.00" angle="325.94" x="114.75" y="104.32"/>
        <vehicle id="cfm_slow_1" eclass="HBEFA3/PC_G_EU4" CO2="13867.12" CO="488.45" HC="2.61" NOx="5.43" PMx="0.45" fuel="5.96" electricity="0.00" noise="81.03" route="routetop" type="cfm_slow" waiting="0.00" lane="top_0" pos="11.39" speed="47.00" angle="253.86" x="40.77" y="124.82"/>
        <vehicle id="cfm_slow_2" eclass="HBEFA3/PC_G_EU4" CO2="13867.12" CO="488.45" HC="2.61" NOx="5.43" PMx="0.45" fuel="5.96" electricity="0.00" noise="81.03" route="routetop" type="cfm_slow" waiting="0.00" lane="left_0" pos="1.39" speed="47.00" angle="181.99" x="-1.58" y="60.78"/>
        <vehicle id="cfm_slow_3" eclass="HBEFA3/PC_G_EU4" CO2="13867.12" CO="488.45" HC="2.61" NOx="5.43" PMx="0.45" fuel="5.96" electricity="0.00" noise="81.03" route="routetop" type="cfm_slow" waiting="0.00" lane="left_0" pos="41.39" speed="47.00" angle="109.99" x="46.20" y="0.74"/>
        <vehicle id="cfm_slow_4" eclass="HBEFA3/PC_G_EU4" CO2="13867.12" CO="488.45" HC="2.61" NOx="5.43" PMx="0.45" fuel="5.96" electricity="0.00" noise="81.03" route="routebottom" type="cfm_slow" waiting="0.00" lane="bottom_0" pos="31.39" speed="47.00" angle="38.02" x="118.11" y="27.62"/>
    </timestep>
    <timestep time="67.20">
        <vehicle id="cfm_slow_0" eclass="HBEFA3/PC_G_EU4" CO2="13867.12" CO="488.45" HC="2.61" NOx="5.43" PMx="0.45" fuel="5.96" electricity="0.00" noise="81.03" route="routebottom" type="cfm_slow" waiting="0.00" lane="right_0" pos="26.09" speed="47.00" angle="317.60" x="108.23" y="111.39"/>
        <vehicle id="cfm_slow_1" eclass="HBEFA3/PC_G_EU4" CO2="13867.12" CO="488.45" HC="2.61" NOx="5.43" PMx="0.45" fuel="5.96" electricity="0.00" noise="81.03" route="routetop" type="cfm_slow" waiting="0.00" lane="top_0" pos="16.09" speed="47.00" angle="245.54" x="32.03" y="120.79"/>
        <vehicle id="cfm_slow_2" eclass="HBEFA3/PC_G_EU4" CO2="13867.12" CO="488.45" HC="2.61" NOx="5.43" PMx="0.45" fuel="5.96" electricity="0.00" noise="81.03" route="routetop" type="cfm_slow" waiting="0.00" lane="left_0" pos="6.09" speed="47.00" angle="173.48" x="-0.44" y="51.22"/>
        <vehicle id="cfm_slow_3" eclass="HBEFA3/PC_G_EU4" CO2="13867.12" CO="488.45" HC="2.61" NOx="5.43" PMx="0.45" fuel="5.96" electricity="0.00" noise="81.03" route="routetop" type="cfm_slow" waiting="0.00" lane="left_0" pos="46.09" speed="47.00" angle="101.59" x="55.64" y="-1.16"/>
        <vehicle id="cfm_slow_4" eclass="HBEFA3/PC_G_EU4" CO2="13867.12" CO="488.45" HC="2.61" NOx="5.43" PMx="0.45" fuel="5.96" electricity="0.00" noise="81.03" route="routebottom" type="cfm_slow" waiting="0.00" lane="bottom_0" pos="36.09" speed="47.00" angle="29.57" x="122.83" y="36.01"/>
    </timestep>
    <timestep time="67.30">
        <vehicle id="cfm_slow_0" eclass="HBEFA3/PC_G_EU4" CO2="13867.12" CO="488.45" HC="2.61" NOx="5.43" PMx="0.45" fuel="5.96" electricity="0.00" noise="81.03" route="routebottom" type="cfm_slow" waiting="0.00" lane="right_0" pos="30.79" speed="47.00" angle="309.08" x="100.73" y="117.43"/>
        <vehicle id="cfm_slow_1" eclass="HBEFA3/PC_G_EU4" CO2="13867.12" CO="488.45" HC="2.61" NOx="5.43" PMx="0.45" fuel="5.96" electricity="0.00" noise="81.03" route="routetop" type="cfm_slow" waiting="0.00" lane="top_0" pos="20.79" speed="47.00" angle="237.05" x="23.97" y="115.51"/>
        <vehicle id="cfm_slow_2" eclass="HBEFA3/PC_G_EU4" CO2="13867.12" CO="488.45" HC="2.61" NOx="5.43" PMx="0.45" fuel="5.96" electricity="0.00" noise="81.03" route="routetop" type="cfm_slow" waiting="0.00" lane="left_0" pos="10.79" speed="47.00" angle="165.03" x="2.09" y="41.93"/>
        <vehicle id="cfm_slow_3" eclass="HBEFA3/PC_G_EU4" CO2="13867.12" CO="488.45" HC="2.61" NOx="5.43" PMx="0.45" fuel="5.96" electricity="0.00" noise="81.03" route="routebottom" type="cfm_slow" waiting="0.00" lane="bottom_0" pos="0.79" speed="47.00" angle="93.05" x="65.31" y="-1.62"/>
        <vehicle id="cfm_slow_4" eclass="HBEFA3/PC_G_EU4" CO2="13867.12" CO="488.45" HC="2.61" NOx="5.43" PMx="0.45" fuel="5.96" electricity="0.00" noise="81.03" route="routebottom" type="cfm_slow" waiting="0.00" lane="bottom_0" pos="40.79" speed="47.00" angle="21.08" x="126.25" y="45.01"/>
    </timestep>
    <timestep time="67.40">
        <vehicle id="cfm_slow_0" eclass="HBEFA3/PC_G_EU4" CO2="13867.12" CO="488.45" HC="2.61" NOx="5.43" PMx="0.45" fuel="5.96" electricity="0.00" noise="81.03" route="routebottom" type="cfm_slow" waiting="0.00" lane="right_0" pos="35.49" speed="47.00" angle="300.64" x="92.42" y="122.29"/>
        <vehicle id="cfm_slow_1" eclass="HBEFA3/PC_G_EU4" CO2="13867.12" CO="488.45" HC="2.61" NOx="5.43" PMx="0.45" fuel="5.96" electricity="0.00" noise="81.03" route="routetop" type="cfm_slow" waiting="0.00" lane="top_0" pos="25.49" speed="47.00" angle="228.63" x="16.77" y="109.12"/>
        <vehicle id="cfm_slow_2" eclass="HBEFA3/PC_G_EU4" CO2="13867.12" CO="488.45" HC="2.61" NOx="5.43" PMx="0.45" fuel="5.96" electricity="0.00" noise="81.03" route="routetop" type="cfm_slow" waiting="0.00" lane="left_0" pos="15.49" speed="47.00" angle="156.66" x="5.94" y="33.10"/>
        <vehicle id="cfm_slow_3" eclass="HBEFA3/PC_G_EU4" CO2="13867.12" CO="488.45" HC="2.61" NOx="5.43" PMx="0.45" fuel="5.96" electricity="0.00" noise="81.03" route="routebottom" type="cfm_slow" waiting="0.00" lane="bottom_0" pos="5.49" speed="47.00" angle="84.62" x="74.89" y="-0.67"/>
        <vehicle id="cfm_slow_4" eclass="HBEFA3/PC_G_EU4" CO2="13867.12" CO="488.45" HC="2.61" NOx="5.43" PMx="0.45" fuel="5.96" electricity="0.00" noise="81.03" route="routebottom" type="cfm_slow" waiting="0.00" lane="bottom_0" pos="45.49" speed="47.00" angle="12.61" x="128.30" y="54.42"/>
    </timestep>
    <timestep time="67.50">
        <vehicle id="cfm_slow_0" eclass="HBEFA3/PC_G_EU4" CO2="13867.12" CO="488.45" HC="2.61" NOx="5.43" PMx="0.45" fuel="5.96" electricity="0.00" noise="81.03" route="routebottom" type="cfm_slow" waiting="0.00" lane="right_0" pos="40.19" speed="47.00" angle="292.21" x="83.48" y="125.89"/>
        <vehicle id="cfm_slow_1" eclass="HBEFA3/PC_G_EU4" CO2="13867.12" CO="488.45" HC="2.61" NOx="5.43" PMx="0.45" fuel="5.96" electricity="0.00" noise="81.03" route="routetop" type="cfm_slow" waiting="0.00" lane="top_0" pos="30.19" speed="47.00" angle="220.11" x="10.61" y="101.72"/>
        <vehicle id="cfm_slow_2" eclass="HBEFA3/PC_G_EU4" CO2="13867.12" CO="488.45" HC="2.61" NOx="5.43" PMx="0.45" fuel="5.96" electricity="0.00" noise="81.03" route="routetop" type="cfm_slow" waiting="0.00" lane="left_0" pos="20.19" speed="47.00" angle="148.07" x="11.07" y="24.96"/>
        <vehicle id="cfm_slow_3" eclass="HBEFA3/PC_G_EU4" CO2="13867.12" CO="488.45" HC="2.61" NOx="5.43" PMx="0.45" fuel="5.96" electricity="0.00" noise="81.03" route="routebottom" type="cfm_slow" waiting="0.00" lane="bottom_0" pos="10.19" speed="47.00" angle="76.13" x="84.23" y="1.67"/>
        <vehicle id="cfm_slow_4" eclass="HBEFA3/PC_G_EU4" CO2="13867.12" CO="488.45" HC="2.61" NOx="5.43" PMx="0.45" fuel="5.96" electricity="0.00" noise="81.03" route="routebottom" type="cfm_slow" waiting="0.00" lane="right_0" pos="0.19" speed="47.00" angle="4.14" x="128.96" y="64.08"/>
    </timestep>
    <timestep time="67.60">
        <vehicle id="cfm_slow_0" eclass="HBEFA3/PC_G_EU4" CO2="13867.12" CO="488.45" HC="2.61" NOx="5.43" PMx="0.45" fuel="5.96" electricity="0.00" noise="81.03" route="routebottom" type="cfm_slow" waiting="0.00" lane="right_0" pos="44.89" speed="47.00" angle="283.70" x="74.12" y="128.13"/>
        <vehicle id="cfm_slow_1" eclass="HBEFA3/PC_G_EU4" CO2="13867.12" CO="488.45" HC="2.61" NOx="5.43" PMx="0.45" fuel="5.96" electricity="0.00" noise="81.03" route="routetop" type="cfm_slow" waiting="0.00" lane="top_0" pos="34.89" speed="47.00" angle="211.77" x="5.58" y="93.52"/>
        <vehicle id="cfm_slow_2" eclass="HBEFA3/PC_G_EU4" CO2="13867.12" CO="488.45" HC="2.61" NOx="5.43" PMx="0.45" fuel="5.96" electricity="0.00" noise="81.03" route="routetop" type="cfm_slow" waiting="0.00" lane="left_0" pos="24.89" speed="47.00" angle="139.71" x="17.33" y="17.65"/>
        <vehicle id="cfm_slow_3" eclass="HBEFA3/PC_G_EU4" CO2="13867.12" CO="488.45" HC="2.61" NOx="5.43" PMx="0.45" fuel="5.96" electricity="0.00" noise="81.03" route="routebottom" type="cfm_slow" waiting="0.00" lane="bottom_0" pos="14.89" speed="47.00" angle="67.69" x="93.12" y="5.38"/>
        <vehicle id="cfm_slow_4" eclass="HBEFA3/PC_G_EU4" CO2="13867.12" CO="488.45" HC="2.61" NOx="5.43" PMx="0.45" fuel="5.96" electricity="0.00" noise="81.03" route="routebottom" type="cfm_slow" waiting="0.00" lane="right_0" pos="4.89" speed="47.00" angle="355.71" x="128.20" y="73.68"/>
    </timestep>
    <timestep time="67.70">
        <vehicle id="cfm_slow_0" eclass="HBEFA3/PC_G_EU4" CO2="0.00" CO="0.00" HC="0.00" NOx="0.00" PMx="0.00" fuel="0.00" electricity="0.00" noise="81.03" route="routebottom" type="cfm_slow" waiting="0.00" lane="right_0" pos="49.59" speed="47.00" angle="275.21" x="64.53" y="128.95"/>
        <vehicle id="cfm_slow_1" eclass="HBEFA3/PC_G_EU4" CO2="13867.12" CO="488.45" HC="2.61" NOx="5.43" PMx="0.45" fuel="5.96" electricity="0.00" noise="81.03" route="routetop" type="cfm_slow" waiting="0.00" lane="top_0" pos="39.59" speed="47.00" angle="203.21" x="1.82" y="84.65"/>
        <vehicle id="cfm_slow_2" eclass="HBEFA3/PC_G_EU4" CO2="13867.12" CO="488.45" HC="2.61" NOx="5.43" PMx="0.45" fuel="5.96" electricity="0.00" noise="81.03" route="routetop" type="cfm_slow" waiting="0.00" lane="left_0" pos="29.59" speed="47.00" angle="131.25" x="24.60" y="11.33"/>
        <vehicle id="cfm_slow_3" eclass="HBEFA3/PC_G_EU4" CO2="13867.12" CO="488.45" HC="2.61" NOx="5.43" PMx="0.45" fuel="5.96" electricity="0.00" noise="81.03" route="routebottom" type="cfm_slow" waiting="0.00" lane="bottom_0" pos="19.59" speed="47.00" angle="59.17" x="101.36" y="10.35"/>
        <vehicle id="cfm_slow_4" eclass="HBEFA3/PC_G_EU4" CO2="13867.12" CO="488.45" HC="2.61" NOx="5.43" PMx="0.45" fuel="5.96" electricity="0.00" noise="81.03" route="routebottom" type="cfm_slow" waiting="0.00" lane="right_0" pos="9.59" speed="47.00" angle="347.24" x="126.02" y="83.06"/>
    </timestep>
    <timestep time="67.80">
        <vehicle id="cfm_slow_0" eclass="HBEFA3/PC_G_EU4" CO2="13867.12" CO="488.45" HC="2.61" NOx="5.43" PMx="0.45" fuel="5.96" electricity="0.00" noise="81.03" route="routetop" type="cfm_slow" waiting="0.00" lane="top_0" pos="4.29" speed="47.00" angle="266.80" x="54.86" y="128.37"/>
        <vehicle id="cfm_slow_1" eclass="HBEFA3/PC_G_EU4" CO2="13867.12" CO="488.45" HC="2.61" NOx="5.43" PMx="0.45" fuel="5.96" electricity="0.00" noise="81.03" route="routetop" type="cfm_slow" waiting="0.00" lane="top_0" pos="44.29" speed="47.00" angle="194.80" x="-0.59" y="75.33"/>
        <vehicle id="cfm_slow_2" eclass="HBEFA3/PC_G_EU4" CO2="13867.12" CO="488.45" HC="2.61" NOx="5.43" PMx="0.45" fuel="5.96" electricity="0.00" noise="81.03" route="routetop" type="cfm_slow" waiting="0.00" lane="left_0" pos="34.29" speed="47.00" angle="122.80" x="32.72" y="6.15"/>
        <vehicle id="cfm_slow_3" eclass="HBEFA3/PC_G_EU4" CO2="13867.12" CO="488.45" HC="2.61" NOx="5.43" PMx="0.45" fuel="5.96" electricity="0.00" noise="81.03" route="routebottom" type="cfm_slow" waiting="0.00" lane="bottom_0" pos="24.29" speed="47.00" angle="50.84" x="108.80" y="16.46"/>
        <vehicle id="cfm_slow_4" eclass="HBEFA3/PC_G_EU4" CO2="13867.12" CO="488.45" HC="2.61" NOx="5.43" PMx="0.45" fuel="5.96" electricity="0.00" noise="81.03" route="routebottom" type="cfm_slow" waiting="0.00" lane="right_0" pos="14.29" speed="47.00" angle="338.76" x="122.49" y="92.02"/>
    </timestep>
    <timestep time="67.90">
        <vehicle id="cfm_slow_0" eclass="HBEFA3/PC_G_EU4" CO2="13867.12" CO="488.45" HC="2.61" NOx="5.43" PMx="0.45" fuel="5.96" electricity="0.00" noise="81.03" route="routetop" type="cfm_slow" waiting="0.00" lane="top_0" pos="8.99" speed="47.00" angle="258.34" x="45.44" y="126.38"/>
        <vehicle id="cfm_slow_1" eclass="HBEFA3/PC_G_EU4" CO2="13867.12" CO="488.45" HC="2.61" NOx="5.43" PMx="0.45" fuel="5.96" electricity="0.00" noise="81.03" route="routetop" type="cfm_slow" waiting="0.00" lane="top_0" pos="48.99" speed="47.00" angle="186.36" x="-1.61" y="65.76"/>
        <vehicle id="cfm_slow_2" eclass="HBEFA3/PC_G_EU4" CO2="13867.12" CO="488.45" HC="2.61" NOx="5.43" PMx="0.45" fuel="5.96" electricity="0.00" noise="81.03" route="routetop" type="cfm_slow" waiting="0.00" lane="left_0" pos="38.99" speed="47.00" angle="114.29" x="41.51" y="2.24"/>
        <vehicle id="cfm_slow_3" eclass="HBEFA3/PC_G_EU4" CO2="13867.12" CO="488.45" HC="2.61" NOx="5.43" PMx="0.45" fuel="5.96" electricity="0.00" noise="81.03" route="routebottom" type="cfm_slow" waiting="0.00" lane="bottom_0" pos="28.99" speed="47.00" angle="42.26" x="115.24" y="23.62"/>
        <vehicle id="cfm_slow_4" eclass="HBEFA3/PC_G_EU4" CO2="13867.12" CO="488.45" HC="2.61" NOx="5.43" PMx="0.45" fuel="5.96" electricity="0.00" noise="81.03" route="routebottom" type="cfm_slow" waiting="0.00" lane="right_0" pos="18.99" speed="47.00" angle="330.26" x="117.68" y="100.36"/>
    </timestep>
    <timestep time="68.00">
        <vehicle id="cfm_slow_0" eclass="HBEFA3/PC_G_EU4" CO2="13867.12" CO="488.45" HC="2.61" NOx="5.43" PMx="0.45" fuel="5.96" electricity="0.00" noise="81.03" route="routetop" type="cfm_slow" waiting="0.00" lane="top_0" pos="13.69" speed="47.00" angle="249.82" x="36.42" y="123.01"/>
        <vehicle id="cfm_slow_1" eclass="HBEFA3/PC_G_EU4" CO2="13867.12" CO="488.45" HC="2.61" NOx="5.43" PMx="0.45" fuel="5.96" electricity="0.00" noise="81.03" route="routetop" type="cfm_slow" waiting="0.00" lane="left_0" pos="3.69" speed="47.00" angle="177.85" x="-1.21" y="56.08"/>
        <vehicle id="cfm_slow_2" eclass="HBEFA3/PC_G_EU4" CO2="13867.12" CO="488.45" HC="2.61" NOx="5.43" PMx="0.45" fuel="5.96" electricity="0.00" noise="81.03" route="routetop" type="cfm_slow" waiting="0.00" lane="left_0" pos="43.69" speed="47.00" angle="105.93" x="50.78" y="-0.36"/>
        <vehicle id="cfm_slow_3" eclass="HBEFA3/PC_G_EU4" CO2="13867.12" CO="488.45" HC="2.61" NOx="5.43" PMx="0.45" fuel="5.96" electricity="0.00" noise="81.03" route="routebottom" type="cfm_slow" waiting="0.00" lane="bottom_0" pos="33.69" speed="47.00" angle="33.89" x="120.57" y="31.64"/>
        <vehicle id="cfm_slow_4" eclass="HBEFA3/PC_G_EU4" CO2="13867.12" CO="488.45" HC="2.61" NOx="5.43" PMx="0.45" fuel="5.96" electricity="0.00" noise="81.03" route="routebottom" type="cfm_slow" waiting="0.00" lane="right_0" pos="23.69" speed="47.00" angle="321.87" x="111.69" y="107.90"/>
    </timestep>
    <timestep time="68.10">
        <vehicle id="cfm_slow_0" eclass="HBEFA3/PC_G_EU4" CO2="13867.12" CO="488.45" HC="2.61" NOx="5.43" PMx="0.45" fuel="5.96" electricity="0.00" noise="81.03" route="routetop" type="cfm_slow" waiting="0.00" lane="top_0" pos="18.39" speed="47.00" angle="241.41" x="27.99" y="118.36"/>
        <vehicle id="cfm_slow_1" eclass="HBEFA3/PC_G_EU4" CO2="13867.12" CO="488.45" HC="2.61" NOx="5.43" PMx="0.45" fuel="5.96" electricity="0.00" noise="81.03" route="routetop" type="cfm_slow" waiting="0.00" lane="left_0" pos="8.39" speed="47.00" angle="169.33" x="0.63" y="46.63"/>
        <vehicle id="cfm_slow_2" eclass="HBEFA3/PC_G_EU4" CO2="13867.12" CO="488.45" HC="2.61" NOx="5.43" PMx="0.45" fuel="5.96" electricity="0.00" noise="81.03" route="routetop" type="cfm_slow" waiting="0.00" lane="left_0" pos="48.39" speed="47.00" angle="97.42" x="60.33" y="-1.56"/>
        <vehicle id="cfm_slow_3" eclass="HBEFA3/PC_G_EU4" CO2="13867.12" CO="488.45" HC="2.61" NOx="5.43" PMx="0.45" fuel="5.96" electricity="0.00" noise="81.03" route="routebottom" type="cfm_slow" waiting="0.00" lane="bottom_0" pos="38.39" speed="47.00" angle="25.37" x="124.66" y="40.36"/>
        <vehicle id="cfm_slow_4" eclass="HBEFA3/PC_G_EU4" CO2="13867.12" CO="488.45" HC="2.61" NOx="5.43" PMx="0.45" fuel="5.96" electricity="0.00" noise="81.03" route="routebottom" type="cfm_slow" waiting="0.00" lane="right_0" pos="28.39" speed="47.00" angle="313.34" x="104.66" y="114.48"/>
    </timestep>
    <timestep time="68.20">
        <vehicle id="cfm_slow_0" eclass="HBEFA3/PC_G_EU4" CO2="13867.12" CO="488.45" HC="2.61" NOx="5.43" PMx="0.45" fuel="5.96" electricity="0.00" noise="81.03" route="routetop" type="cfm_slow" waiting="0.00" lane="top_0" pos="23.09" speed="47.00" angle="232.93" x="20.32" y="112.53"/>
        <vehicle id="cfm_slow_1" eclass="HBEFA3/PC_G_EU4" CO2="13867.12" CO="488.45" HC="2.61" NOx="5.43" PMx="0.45" fuel="5.96" electricity="0.00" noise="81.03" route="routetop" type="cfm_slow" waiting="0.00" lane="left_0" pos="13.09" speed="47.00" angle="160.96" x="3.81" y="37.54"/>
        <vehicle id="cfm_slow_2" eclass="HBEFA3/PC_G_EU4" CO2="13867.12" CO="488.45" HC="2.61" NOx="5.43" PMx="0.45" fuel="5.96" electricity="0.00" noise="81.03" route="routebottom" type="cfm_slow" waiting="0.00" lane="bottom_0" pos="3.09" speed="47.00" angle="88.94" x="70.02" y="-1.33"/>
        <vehicle id="cfm_slow_3" eclass="HBEFA3/PC_G_EU4" CO2="13867.12" CO="488.45" HC="2.61" NOx="5.43" PMx="0.45" fuel="5.96" electricity="0.00" noise="81.03" route="routebottom" type="cfm_slow" waiting="0.00" lane="bottom_0" pos="43.09" speed="47.00" angle="17.00" x="127.43" y="49.58"/>
        <vehicle id="cfm_slow_4" eclass="HBEFA3/PC_G_EU4" CO2="13867.12" CO="488.45" HC="2.61" NOx="5.43" PMx="0.45" fuel="5.96" electricity="0.00" noise="81.03" route="routebottom" type="cfm_slow" waiting="0.00" lane="right_0" pos="33.09" speed="47.00" angle="304.95" x="96.75" y="119.96"/>
    </timestep>
    <timestep time="68.30">
        <vehicle id="cfm_slow_0" eclass="HBEFA3/PC_G_EU4" CO2="13867.12" CO="488.45" HC="2.61" NOx="5.43" PMx="0.45" fuel="5.96" electricity="0.00" noise="81.03" route="routetop" type="cfm_slow" waiting="0.00" lane="top_0" pos="27.79" speed="47.00" angle="224.44" x="13.62" y="105.61"/>
        <vehicle id="cfm_slow_1" eclass="HBEFA3/PC_G_EU4" CO2="13867.12" CO="488.45" HC="2.61" NOx="5.43" PMx="0.45" fuel="5.96" electricity="0.00" noise="81.03" route="routetop" type="cfm_slow" waiting="0.00" lane="left_0" pos="17.79" speed="47.00" angle="152.44" x="8.30" y="29.02"/>
        <vehicle id="cfm_slow_2" eclass="HBEFA3/PC_G_EU4" CO2="13867.12" CO="488.45" HC="2.61" NOx="5.43" PMx="0.45" fuel="5.96" electricity="0.00" noise="81.03" route="routebottom" type="cfm_slow" waiting="0.00" lane="bottom_0" pos="7.79" speed="47.00" angle="80.47" x="79.51" y="0.31"/>
        <vehicle id="cfm_slow_3" eclass="HBEFA3/PC_G_EU4" CO2="13867.12" CO="488.45" HC="2.61" NOx="5.43" PMx="0.45" fuel="5.96" electricity="0.00" noise="81.03" route="routebottom" type="cfm_slow" waiting="0.00" lane="bottom_0" pos="47.79" speed="47.00" angle="8.55" x="128.81" y="59.11"/>
        <vehicle id="cfm_slow_4" eclass="HBEFA3/PC_G_EU4" CO2="13867.12" CO="488.45" HC="2.61" NOx="5.43" PMx="0.45" fuel="5.96" electricity="0.00" noise="81.03" route="routebottom" type="cfm_slow" waiting="0.00" lane="right_0" pos="37.79" speed="47.00" angle="296.45" x="88.11" y="124.21"/>
    </timestep>
    <timestep time="68.40">
        <vehicle id="cfm_slow_0" eclass="HBEFA3/PC_G_EU4" CO2="13867.12" CO="488.45" HC="2.61" NOx="5.43" PMx="0.45" fuel="5.96" electricity="0.00" noise="81.03" route="routetop" type="cfm_slow" waiting="0.00" lane="top_0" pos="32.49" speed="47.00" angle="216.04" x="8.00" y="97.80"/>
        <vehicle id="cfm_slow_1" eclass="HBEFA3/PC_G_EU4" CO2="13867.12" CO="488.45" HC="2.61" NOx="5.43" PMx="0.45" fuel="5.96" electricity="0.00" noise="81.03" route="routetop" type="cfm_slow" waiting="0.00" lane="left_0" pos="22.49" speed="47.00" angle="143.98" x="14.00" y="21.27"/>
        <vehicle id="cfm_slow_2" eclass="HBEFA3/PC_G_EU4" CO2="13867.12" CO="488.45" HC="2.61" NOx="5.43" PMx="0.45" fuel="5.96" electricity="0.00" noise="81.03" route="routebottom" type="cfm_slow" waiting="0.00" lane="bottom_0" pos="12.49" speed="47.00" angle="72.00" x="88.65" y="3.33"/>
        <vehicle id="cfm_slow_3" eclass="HBEFA3/PC_G_EU4" CO2="13867.12" CO="488.45" HC="2.61" NOx="5.43" PMx="0.45" fuel="5.96" electricity="0.00" noise="81.03" route="routebottom" type="cfm_slow" waiting="0.00" lane="right_0" pos="2.49" speed="47.00" angle="0.01" x="128.78" y="68.80"/>
        <vehicle id="cfm_slow_4" eclass="HBEFA3/PC_G_EU4" CO2="13867.12" CO="488.45" HC="2.61" NOx="5.43" PMx="0.45" fuel="5.96" electricity="0.00" noise="81.03" route="routebottom" type="cfm_slow" waiting="0.00" lane="right_0" pos="42.49" speed="47.00" angle="288.04" x="78.94" y="127.15"/>
    </timestep>
    <timestep time="68.50">
        <vehicle id="cfm_slow_0" eclass="HBEFA3/PC_G_EU4" CO2="13867.12" CO="488.45" HC="2.61" NOx="5.43" PMx="0.45" fuel="5.96" electricity="0.00" noise="81.03" route="routetop" type="cfm_slow" waiting="0.00" lane="top_0" pos="37.19" speed="47.00" angle="207.61" x="3.57" y="89.25"/>
        <vehicle id="cfm_slow_1" eclass="HBEFA3/PC_G_EU4" CO2="13867.12" CO="488.45" HC="2.61" NOx="5.43" PMx="0.45" fuel="5.96" electricity="0.00" noise="81.03" route="routetop" type="cfm_slow" waiting="0.00" lane="left_0" pos="27.19" speed="47.00" angle="135.57" x="20.77" y="14.42"/>
        <vehicle id="cfm_slow_2" eclass="HBEFA3/PC_G_EU4" CO2="13867.12" CO="488.45" HC="2.61" NOx="5.43" PMx="0.45" fuel="5.96" electricity="0.00" noise="81.03" route="routebottom" type="cfm_slow" waiting="0.00" lane="bottom_0" pos="17.19" speed="47.00" angle="63.56" x="97.25" y="7.66"/>
        <vehicle id="cfm_slow_3" eclass="HBEFA3/PC_G_EU4" CO2="13867.12" CO="488.45" HC="2.61" NOx="5.43" PMx="0.45" fuel="5.96" electricity="0.00" noise="81.03" route="routebottom" type="cfm_slow" waiting="0.00" lane="right_0" pos="7.19" speed="47.00" angle="351.49" x="127.30" y="78.31"/>
        <vehicle id="cfm_slow_4" eclass="HBEFA3/PC_G_EU4" CO2="13867.12" CO="488.45" HC="2.61" NOx="5.43" PMx="0.45" fuel="5.96" electricity="0.00" noise="81.03" route="routebottom" type="cfm_slow" waiting="0.00" lane="right_0" pos="47.19" speed="47.00" angle="279.60" x="69.44" y="128.72"/>
    </timestep>
    <timestep time="68.60">
        <vehicle id="cfm_slow_0" eclass="HBEFA3/PC_G_EU4" CO2="13867.12" CO="488.45" HC="2.61" NOx="5.43" PMx="0.45" fuel="5.96" electricity="0.00" noise="81.03" route="routetop" type="cfm_slow" waiting="0.00" lane="top_0" pos="41.89" speed="47.00" angle="199.06" x="0.47" y="80.13"/>
        <vehicle id="cfm_slow_1" eclass="HBEFA3/PC_G_EU4" CO2="13867.12" CO="488.45" HC="2.61" NOx="5.43" PMx="0.45" fuel="5.96" electricity="0.00" noise="81.03" route="routetop" type="cfm_slow" waiting="0.00" lane="left_0" pos="31.89" speed="47.00" angle="127.10" x="28.47" y="8.64"/>
        <vehicle id="cfm_slow_2" eclass="HBEFA3/PC_G_EU4" CO2="13867.12" CO="488.45" HC="2.61" NOx="5.43" PMx="0.45" fuel="5.96" electricity="0.00" noise="81.03" route="routebottom" type="cfm_slow" waiting="0.00" lane="bottom_0" pos="21.89" speed="47.00" angle="55.08" x="105.12" y="13.20"/>
        <vehicle id="cfm_slow_3" eclass="HBEFA3/PC_G_EU4" CO2="13867.12" CO="488.45" HC="2.61" NOx="5.43" PMx="0.45" fuel="5.96" electricity="0.00" noise="81.03" route="routebottom" type="cfm_slow" waiting="0.00" lane="right_0" pos="11.89" speed="47.00" angle="343.05" x="124.45" y="87.51"/>
        <vehicle id="cfm_slow_4" eclass="HBEFA3/PC_G_EU4" CO2="13867.12" CO="488.45" HC="2.61" NOx="5.43" PMx="0.45" fuel="5.96" electricity="0.00" noise="81.03" route="routetop" type="cfm_slow" waiting="0.00" lane="top_0" pos="1.89" speed="47.00" angle="271.08" x="59.75" y="128.85"/>
    </timestep>
    <timestep time="68.70">
        <vehicle id="cfm_slow_0" eclass="HBEFA3/PC_G_EU4" CO2="13867.12" CO="488.45" HC="2.61" NOx="5.43" PMx="0.45" fuel="5.96" electricity="0.00" noise="81.03" route="routetop" type="cfm_slow" waiting="0.00" lane="top_0" pos="46.59" speed="47.00" angle="190.69" x="-1.27" y="70.66"/>
        <vehicle id="cfm_slow_1" eclass="HBEFA3/PC_G_EU4" CO2="13867.12" CO="488.45" HC="2.61" NOx="5.43" PMx="0.45" fuel="5.96" electricity="0.00" noise="81.03" route="routetop" type="cfm_slow" waiting="0.00" lane="left_0" pos="36.59" speed="47.00" angle="118.67" x="36.95" y="4.07"/>
        <vehicle id="cfm_slow_2" eclass="HBEFA3/PC_G_EU4" CO2="13867.12" CO="488.45" HC="2.61" NOx="5.43" PMx="0.45" fuel="5.96" electricity="0.00" noise="81.03" route="routebottom" type="cfm_slow" waiting="0.00" lane="bottom_0" pos="26.59" speed="47.00" angle="46.65" x="112.09" y="19.85"/>
        <vehicle id="cfm_slow_3" eclass="HBEFA3/PC_G_EU4" CO2="13867.12" CO="488.45" HC="2.61" NOx="5.43" PMx="0.45" fuel="5.96" electricity="0.00" noise="81.03" route="routebottom" type="cfm_slow" waiting="0.00" lane="right_0" pos="16.59" speed="47.00" angle="334.66" x="120.29" y="96.19"/>
        <vehicle id="cfm_slow_4" eclass="HBEFA3/PC_G_EU4" CO2="13867.12" CO="488.45" HC="2.61" NOx="5.43" PMx="0.45" fuel="5.96" electricity="0.00" noise="81.03" route="routetop" type="cfm_slow" waiting="0.00" lane="top_0" pos="6.59" speed="47.00" angle="262.64" x="50.21" y="127.57"/>
    </timestep>
    <timestep time="68.80">
        <vehicle id="cfm_slow_0" eclass="HBEFA3/PC_G_EU4" CO2="13867.12" CO="488.45" HC="2.61" NOx="5.43" PMx="0.45" fuel="5.96" electricity="0.00" noise="81.03" route="routetop" type="cfm_slow" waiting="0.00" lane="left_0" pos="1.29" speed="47.00" angle="182.18" x="-1.60" y="60.98"/>
        <vehicle id="cfm_slow_1" eclass="HBEFA3/PC_G_EU4" CO2="13867.12" CO="488.45" HC="2.61" NOx="5.43" PMx="0.45" fuel="5.96" electricity="0.00" noise="81.03" route="routetop" type="cfm_slow" waiting="0.00" lane="left_0" pos="41.29" speed="47.00" angle="110.17" x="46.00" y="0.79"/>
        <vehicle id="cfm_slow_2" eclass="HBEFA3/PC_G_EU4" CO2="13867.12" CO="488.45" HC="2.61" NOx="5.43" PMx="0.45" fuel="5.96" electricity="0.00" noise="81.03" route="routebottom" type="cfm_slow" waiting="0.00" lane="bottom_0" pos="31.29" speed="47.00" angle="38.20" x="118.00" y="27.45"/>
        <vehicle id="cfm_slow_3" eclass="HBEFA3/PC_G_EU4" CO2="13867.12" CO="488.45" HC="2.61" NOx="5.43" PMx="0.45" fuel="5.96" electricity="0.00" noise="81.03" route="routebottom" type="cfm_slow" waiting="0.00" lane="right_0" pos="21.29" speed="47.00" angle="326.12" x="114.88" y="104.15"/>
        <vehicle id="cfm_slow_4" eclass="HBEFA3/PC_G_EU4" CO2="13867.12" CO="488.45" HC="2.61" NOx="5.43" PMx="0.45" fuel="5.96" electricity="0.00" noise="81.03" route="routetop" type="cfm_slow" waiting="0.00" lane="top_0" pos="11.29" speed="47.00" angle="254.06" x="40.96" y="124.89"/>
    </timestep>
    <timestep time="68.90">
        <vehicle id="cfm_slow_0" eclass="HBEFA3/PC_G_EU4" CO2="13867.12" CO="488.45" HC="2.61" NOx="5.43" PMx="0.45" fuel="5.96" electricity="0.00" noise="81.03" route="routetop" type="cfm_slow" waiting="0.00" lane="left_0" pos="5.99" speed="47.00" angle="173.67" x="-0.48" y="51.42"/>
        <vehicle id="cfm_slow_1" eclass="HBEFA3/PC_G_EU4" CO2="13867.12" CO="488.45" HC="2.61" NOx="5.43" PMx="0.45" fuel="5.96" electricity="0.00" noise="81.03" route="routetop" type="cfm_slow" waiting="0.00" lane="left_0" pos="45.99" speed="47.00" angle="101.75" x="55.43" y="-1.13"/>
        <vehicle id="cfm_slow_2" eclass="HBEFA3/PC_G_EU4" CO2="13867.12" CO="488.45" HC="2.61" NOx="5.43" PMx="0.45" fuel="5.96" electricity="0.00" noise="81.03" route="routebottom" type="cfm_slow" waiting="0.00" lane="bottom_0" pos="35.99" speed="47.00" angle="29.76" x="122.74" y="35.83"/>
        <vehicle id="cfm_slow_3" eclass="HBEFA3/PC_G_EU4" CO2="13867.12" CO="488.45" HC="2.61" NOx="5.43" PMx="0.45" fuel="5.96" electricity="0.00" noise="81.03" route="routebottom" type="cfm_slow" waiting="0.00" lane="right_0" pos="25.99" speed="47.00" angle="317.78" x="108.38" y="111.25"/>
        <vehicle id="cfm_slow_4" eclass="HBEFA3/PC_G_EU4" CO2="13867.12" CO="488.45" HC="2.61" NOx="5.43" PMx="0.45" fuel="5.96" electricity="0.00" noise="81.03" route="routetop" type="cfm_slow" waiting="0.00" lane="top_0" pos="15.99" speed="47.00" angle="245.71" x="32.21" y="120.88"/>
    </timestep>
    <timestep time="69.00">
        <vehicle id="cfm_slow_0" eclass="HBEFA3/PC_G_EU4" CO2="13867.12" CO="488.45" HC="2.61" NOx="5.43" PMx="0.45" fuel="5.96" electricity="0.00" noise="81.03" route="routetop" type="cfm_slow" waiting="0.00" lane="left_0" pos="10.69" speed="47.00" angle="165.22" x="2.02" y="42.12"/>
        <vehicle id="cfm_slow_1" eclass="HBEFA3/PC_G_EU4" CO2="13867.12" CO="488.45" HC="2.61" NOx="5.43" PMx="0.45" fuel="5.96" electricity="0.00" noise="81.03" route="routebottom" type="cfm_slow" waiting="0.00" lane="bottom_0" pos="0.69" speed="47.00" angle="93.23" x="65.11" y="-1.62"/>
        <vehicle id="cfm_slow_2" eclass="HBEFA3/PC_G_EU4" CO2="13867.12" CO="488.45" HC="2.61" NOx="5.43" PMx="0.45" fuel="5.96" electricity="0.00" noise="81.03" route="routebottom" type="cfm_slow" waiting="0.00" lane="bottom_0" pos="40.69" speed="47.00" angle="21.27" x="126.19" y="44.82"/>
        <vehicle id="cfm_slow_3" eclass="HBEFA3/PC_G_EU4" CO2="13867.12" CO="488.45" HC="2.61" NOx="5.43" PMx="0.45" fuel="5.96" electricity="0.00" noise="81.03" route="routebottom" type="cfm_slow" waiting="0.00" lane="right_0" pos="30.69" speed="47.00" angle="309.23" x="100.89" y="117.31"/>
        <vehicle id="cfm_slow_4" eclass="HBEFA3/PC_G_EU4" CO2="13867.12" CO="488.45" HC="2.61" NOx="5.43" PMx="0.45" fuel="5.96" electricity="0.00" noise="81.03" route="routetop" type="cfm_slow" waiting="0.00" lane="top_0" pos="20.69" speed="47.00" angle="237.23" x="24.14" y="115.64"/>
    </timestep>
    <timestep time="69.10">
        <vehicle id="cfm_slow_0" eclass="HBEFA3/PC_G_EU4" CO2="13867.12" CO="488.45" HC="2.61" NOx="5.43" PMx="0.45" fuel="5.96" electricity="0.00" noise="81.03" route="routetop" type="cfm_slow" waiting="0.00" lane="left_0" pos="15.39" speed="47.00" angle="156.84" x="5.84" y="33.28"/>
        <vehicle id="cfm_slow_1" eclass="HBEFA3/PC_G_EU4" CO2="13867.12" CO="488.45" HC="2.61" NOx="5.43" PMx="0.45" fuel="5.96" electricity="0.00" noise="81.03" route="routebottom" type="cfm_slow" waiting="0.00" lane="bottom_0" pos="5.39" speed="47.00" angle="84.80" x="74.69" y="-0.71"/>
        <vehicle id="cfm_slow_2" eclass="HBEFA3/PC_G_EU4" CO2="13867.12" CO="488.45" HC="2.61" NOx="5.43" PMx="0.45" fuel="5.96" electricity="0.00" noise="81.03" route="routebottom" type="cfm_slow" waiting="0.00" lane="bottom_0" pos="45.39" speed="47.00" angle="12.79" x="128.28" y="54.22"/>
        <vehicle id="cfm_slow_3" eclass="HBEFA3/PC_G_EU4" CO2="13867.12" CO="488.45" HC="2.61" NOx="5.43" PMx="0.45" fuel="5.96" electricity="0.00" noise="81.03" route="routebottom" type="cfm_slow" waiting="0.00" lane="right_0" pos="35.39" speed="47.00" angle="300.83" x="92.60" y="122.20"/>
        <vehicle id="cfm_slow_4" eclass="HBEFA3/PC_G_EU4" CO2="13867.12" CO="488.45" HC="2.61" NOx="5.43" PMx="0.45" fuel="5.96" electricity="0.00" noise="81.03" route="routetop" type="cfm_slow" waiting="0.00" lane="top_0" pos="25.39" speed="47.00" angle="228.81" x="16.92" y="109.27"/>
    </timestep>
    <timestep time="69.20">
        <vehicle id="cfm_slow_0" eclass="HBEFA3/PC_G_EU4" CO2="13867.12" CO="488.45" HC="2.61" NOx="5.43" PMx="0.45" fuel="5.96" electricity="0.00" noise="81.03" route="routetop" type="cfm_slow" waiting="0.00" lane="left_0" pos="20.09" speed="47.00" angle="148.26" x="10.95" y="25.12"/>
        <vehicle id="cfm_slow_1" eclass="HBEFA3/PC_G_EU4" CO2="13867.12" CO="488.45" HC="2.61" NOx="5.43" PMx="0.45" fuel="5.96" electricity="0.00" noise="81.03" route="routebottom" type="cfm_slow" waiting="0.00" lane="bottom_0" pos="10.09" speed="47.00" angle="76.27" x="84.04" y="1.61"/>
        <vehicle id="cfm_slow_2" eclass="HBEFA3/PC_G_EU4" CO2="13867.12" CO="488.45" HC="2.61" NOx="5.43" PMx="0.45" fuel="5.96" electricity="0.00" noise="81.03" route="routebottom" type="cfm_slow" waiting="0.00" lane="right_0" pos="0.09" speed="47.00" angle="4.33" x="128.97" y="63.88"/>
        <vehicle id="cfm_slow_3" eclass="HBEFA3/PC_G_EU4" CO2="13867.12" CO="488.45" HC="2.61" NOx="5.43" PMx="0.45" fuel="5.96" electricity="0.00" noise="81.03" route="routebottom" type="cfm_slow" waiting="0.00" lane="right_0" pos="40.09" speed="47.00" angle="292.40" x="83.68" y="125.83"/>
        <vehicle id="cfm_slow_4" eclass="HBEFA3/PC_G_EU4" CO2="13867.12" CO="488.45" HC="2.61" NOx="5.43" PMx="0.45" fuel="5.96" electricity="0.00" noise="81.03" route="routetop" type="cfm_slow" waiting="0.00" lane="top_0" pos="30.09" speed="47.00" angle="220.30" x="10.73" y="101.89"/>
    </timestep>
    <timestep time="69.30">
        <vehicle id="cfm_slow_0" eclass="HBEFA3/PC_G_EU4" CO2="13867.12" CO="488.45" HC="2.61" NOx="5.43" PMx="0.45" fuel="5.96" electricity="0.00" noise="81.03" route="routetop" type="cfm_slow" waiting="0.00" lane="left_0" pos="24.79" speed="47.00" angle="139.90" x="17.19" y="17.79"/>
        <vehicle id="cfm_slow_1" eclass="HBEFA3/PC_G_EU4" CO2="13867.12" CO="488.45" HC="2.61" NOx="5.43" PMx="0.45" fuel="5.96" electricity="0.00" noise="81.03" route="routebottom" type="cfm_slow" waiting="0.00" lane="bottom_0" pos="14.79" speed="47.00" angle="67.88" x="92.94" y="5.29"/>
        <vehicle id="cfm_slow_2" eclass="HBEFA3/PC_G_EU4" CO2="13867.12" CO="488.45" HC="2.61" NOx="5.43" PMx="0.45" fuel="5.96" electricity="0.00" noise="81.03" route="routebottom" type="cfm_slow" waiting="0.00" lane="right_0" pos="4.79" speed="47.00" angle="355.89" x="128.22" y="73.48"/>
        <vehicle id="cfm_slow_3" eclass="HBEFA3/PC_G_EU4" CO2="13867.12" CO="488.45" HC="2.61" NOx="5.43" PMx="0.45" fuel="5.96" electricity="0.00" noise="81.03" route="routebottom" type="cfm_slow" waiting="0.00" lane="right_0" pos="44.79" speed="47.00" angle="283.85" x="74.32" y="128.10"/>
        <vehicle id="cfm_slow_4" eclass="HBEFA3/PC_G_EU4" CO2="13867.12" CO="488.45" HC="2.61" NOx="5.43" PMx="0.45" fuel="5.96" electricity="0.00" noise="81.03" route="routetop" type="cfm_slow" waiting="0.00" lane="top_0" pos="34.79" speed="47.00" angle="211.96" x="5.67" y="93.70"/>
    </timestep>
    <timestep time="69.40">
        <vehicle id="cfm_slow_0" eclass="HBEFA3/PC_G_EU4" CO2="13867.12" CO="488.45" HC="2.61" NOx="5.43" PMx="0.45" fuel="5.96" electricity="0.00" noise="81.03" route="routetop" type="cfm_slow" waiting="0.00" lane="left_0" pos="29.49" speed="47.00" angle="131.44" x="24.43" y="11.45"/>
        <vehicle id="cfm_slow_1" eclass="HBEFA3/PC_G_EU4" CO2="13867.12" CO="488.45" HC="2.61" NOx="5.43" PMx="0.45" fuel="5.96" electricity="0.00" noise="81.03" route="routebottom" type="cfm_slow" waiting="0.00" lane="bottom_0" pos="19.49" speed="47.00" angle="59.35" x="101.20" y="10.23"/>
        <vehicle id="cfm_slow_2" eclass="HBEFA3/PC_G_EU4" CO2="13867.12" CO="488.45" HC="2.61" NOx="5.43" PMx="0.45" fuel="5.96" electricity="0.00" noise="81.03" route="routebottom" type="cfm_slow" waiting="0.00" lane="right_0" pos="9.49" speed="47.00" angle="347.42" x="126.08" y="82.86"/>
        <vehicle id="cfm_slow_3" eclass="HBEFA3/PC_G_EU4" CO2="13867.12" CO="488.45" HC="2.61" NOx="5.43" PMx="0.45" fuel="5.96" electricity="0.00" noise="81.03" route="routebottom" type="cfm_slow" waiting="0.00" lane="right_0" pos="49.49" speed="47.00" angle="275.40" x="64.73" y="128.95"/>
        <vehicle id="cfm_slow_4" eclass="HBEFA3/PC_G_EU4" CO2="13867.12" CO="488.45" HC="2.61" NOx="5.43" PMx="0.45" fuel="5.96" electricity="0.00" noise="81.03" route="routetop" type="cfm_slow" waiting="0.00" lane="top_0" pos="39.49" speed="47.00" angle="203.39" x="1.89" y="84.85"/>
    </timestep>
    <timestep time="69.50">
        <vehicle id="cfm_slow_0" eclass="HBEFA3/PC_G_EU4" CO2="13867.12" CO="488.45" HC="2.61" NOx="5.43" PMx="0.45" fuel="5.96" electricity="0.00" noise="81.03" route="routetop" type="cfm_slow" waiting="0.00" lane="left_0" pos="34.19" speed="47.00" angle="122.98" x="32.54" y="6.25"/>
        <vehicle id="cfm_slow_1" eclass="HBEFA3/PC_G_EU4" CO2="13867.12" CO="488.45" HC="2.61" NOx="5.43" PMx="0.45" fuel="5.96" electricity="0.00" noise="81.03" route="routebottom" type="cfm_slow" waiting="0.00" lane="bottom_0" pos="24.19" speed="47.00" angle="50.99" x="108.65" y="16.32"/>
        <vehicle id="cfm_slow_2" eclass="HBEFA3/PC_G_EU4" CO2="13867.12" CO="488.45" HC="2.61" NOx="5.43" PMx="0.45" fuel="5.96" electricity="0.00" noise="81.03" route="routebottom" type="cfm_slow" waiting="0.00" lane="right_0" pos="14.19" speed="47.00" angle="338.95" x="122.58" y="91.84"/>
        <vehicle id="cfm_slow_3" eclass="HBEFA3/PC_G_EU4" CO2="13867.12" CO="488.45" HC="2.61" NOx="5.43" PMx="0.45" fuel="5.96" electricity="0.00" noise="81.03" route="routetop" type="cfm_slow" waiting="0.00" lane="top_0" pos="4.19" speed="47.00" angle="266.98" x="55.06" y="128.40"/>
        <vehicle id="cfm_slow_4" eclass="HBEFA3/PC_G_EU4" CO2="13867.12" CO="488.45" HC="2.61" NOx="5.43" PMx="0.45" fuel="5.96" electricity="0.00" noise="81.03" route="routetop" type="cfm_slow" waiting="0.00" lane="top_0" pos="44.19" speed="47.00" angle="194.99" x="-0.55" y="75.53"/>
    </timestep>
    <timestep time="69.60">
        <vehicle id="cfm_slow_0" eclass="HBEFA3/PC_G_EU4" CO2="13867.12" CO="488.45" HC="2.61" NOx="5.43" PMx="0.45" fuel="5.96" electricity="0.00" noise="81.03" route="routetop" type="cfm_slow" waiting="0.00" lane="left_0" pos="38.89" speed="47.00" angle="114.48" x="41.32" y="2.31"/>
        <vehicle id="cfm_slow_1" eclass="HBEFA3/PC_G_EU4" CO2="13867.12" CO="488.45" HC="2.61" NOx="5.43" PMx="0.45" fuel="5.96" electricity="0.00" noise="81.03" route="routebottom" type="cfm_slow" waiting="0.00" lane="bottom_0" pos="28.89" speed="47.00" angle="42.45" x="115.11" y="23.46"/>
        <vehicle id="cfm_slow_2" eclass="HBEFA3/PC_G_EU4" CO2="13867.12" CO="488.45" HC="2.61" NOx="5.43" PMx="0.45" fuel="5.96" electricity="0.00" noise="81.03" route="routebottom" type="cfm_slow" waiting="0.00" lane="right_0" pos="18.89" speed="47.00" angle="330.45" x="117.79" y="100.19"/>
        <vehicle id="cfm_slow_3" eclass="HBEFA3/PC_G_EU4" CO2="13867.12" CO="488.45" HC="2.61" NOx="5.43" PMx="0.45" fuel="5.96" electricity="0.00" noise="81.03" route="routetop" type="cfm_slow" waiting="0.00" lane="top_0" pos="8.89" speed="47.00" angle="258.48" x="45.63" y="126.44"/>
        <vehicle id="cfm_slow_4" eclass="HBEFA3/PC_G_EU4" CO2="13867.12" CO="488.45" HC="2.61" NOx="5.43" PMx="0.45" fuel="5.96" electricity="0.00" noise="81.03" route="routetop" type="cfm_slow" waiting="0.00" lane="top_0" pos="48.89" speed="47.00" angle="186.55" x="-1.61" y="65.96"/>
    </timestep>
    <timestep time="69.70">
        <vehicle id="cfm_slow_0" eclass="HBEFA3/PC_G_EU4" CO2="13867.12" CO="488.45" HC="2.61" NOx="5.43" PMx="0.45" fuel="5.96" electricity="0.00" noise="81.03" route="routetop" type="cfm_slow" waiting="0.00" lane="left_0" pos="43.59" speed="47.00" angle="106.11" x="50.58" y="-0.33"/>
        <vehicle id="cfm_slow_1" eclass="HBEFA3/PC_G_EU4" CO2="13867.12" CO="488.45" HC="2.61" NOx="5.43" PMx="0.45" fuel="5.96" electricity="0.00" noise="81.03" route="routebottom" type="cfm_slow" waiting="0.00" lane="bottom_0" pos="33.59" speed="47.00" angle="34.07" x="120.47" y="31.46"/>
        <vehicle id="cfm_slow_2" eclass="HBEFA3/PC_G_EU4" CO2="13867.12" CO="488.45" HC="2.61" NOx="5.43" PMx="0.45" fuel="5.96" electricity="0.00" noise="81.03" route="routebottom" type="cfm_slow" waiting="0.00" lane="right_0" pos="23.59" speed="47.00" angle="322.05" x="111.83" y="107.75"/>
        <vehicle id="cfm_slow_3" eclass="HBEFA3/PC_G_EU4" CO2="13867.12" CO="488.45" HC="2.61" NOx="5.43" PMx="0.45" fuel="5.96" electricity="0.00" noise="81.03" route="routetop" type="cfm_slow" waiting="0.00" lane="top_0" pos="13.59" speed="47.00" angle="250.01" x="36.60" y="123.09"/>
        <vehicle id="cfm_slow_4" eclass="HBEFA3/PC_G_EU4" CO2="13867.12" CO="488.45" HC="2.61" NOx="5.43" PMx="0.45" fuel="5.96" electricity="0.00" noise="81.03" route="routetop" type="cfm_slow" waiting="0.00" lane="left_0" pos="3.59" speed="47.00" angle="178.03" x="-1.23" y="56.28"/>
    </timestep>
    <timestep time="69.80">
        <vehicle id="cfm_slow_0" eclass="HBEFA3/PC_G_EU4" CO2="13867.12" CO="488.45" HC="2.61" NOx="5.43" PMx="0.45" fuel="5.96" electricity="0.00" noise="81.03" route="routetop" type="cfm_slow" waiting="0.00" lane="left_0" pos="48.29" speed="47.00" angle="97.60" x="60.13" y="-1.54"/>
        <vehicle id="cfm_slow_1" eclass="HBEFA3/PC_G_EU4" CO2="13867.12" CO="488.45" HC="2.61" NOx="5.43" PMx="0.45" fuel="5.96" electricity="0.00" noise="81.03" route="routebottom" type="cfm_slow" waiting="0.00" lane="bottom_0" pos="38.29" speed="47.00" angle="25.53" x="124.58" y="40.17"/>
        <vehicle id="cfm_slow_2" eclass="HBEFA3/PC_G_EU4" CO2="13867.12" CO="488.45" HC="2.61" NOx="5.43" PMx="0.45" fuel="5.96" electricity="0.00" noise="81.03" route="routebottom" type="cfm_slow" waiting="0.00" lane="right_0" pos="28.29" speed="47.00" angle="313.53" x="104.83" y="114.35"/>
        <vehicle id="cfm_slow_3" eclass="HBEFA3/PC_G_EU4" CO2="13867.12" CO="488.45" HC="2.61" NOx="5.43" PMx="0.45" fuel="5.96" electricity="0.00" noise="81.03" route="routetop" type="cfm_slow" waiting="0.00" lane="top_0" pos="18.29" speed="47.00" angle="241.60" x="28.16" y="118.47"/>
        <vehicle id="cfm_slow_4" eclass="HBEFA3/PC_G_EU4" CO2="13867.12" CO="488.45" HC="2.61" NOx="5.43" PMx="0.45" fuel="5.96" electricity="0.00" noise="81.03" route="routetop" type="cfm_slow" waiting="0.00" lane="left_0" pos="8.29" speed="47.00" angle="169.52" x="0.57" y="46.82"/>
    </timestep>
    <timestep time="69.90">
        <vehicle id="cfm_slow_0" eclass="HBEFA3/PC_G_EU4" CO2="13867.12" CO="488.45" HC="2.61" NOx="5.43" PMx="0.45" fuel="5.96" electricity="0.00" noise="81.03" route="routebottom" type="cfm_slow" waiting="0.00" lane="bottom_0" pos="2.99" speed="47.00" angle="89.13" x="69.82" y="-1.35"/>
        <vehicle id="cfm_slow_1" eclass="HBEFA3/PC_G_EU4" CO2="13867.12" CO="488.45" HC="2.61" NOx="5.43" PMx="0.45" fuel="5.96" electricity="0.00" noise="81.03" route="routebottom" type="cfm_slow" waiting="0.00" lane="bottom_0" pos="42.99" speed="47.00" angle="17.17" x="127.38" y="49.38"/>
        <vehicle id="cfm_slow_2" eclass="HBEFA3/PC_G_EU4" CO2="13867.12" CO="488.45" HC="2.61" NOx="5.43" PMx="0.45" fuel="5.96" electricity="0.00" noise="81.03" route="routebottom" type="cfm_slow" waiting="0.00" lane="right_0" pos="32.99" speed="47.00" angle="305.13" x="96.92" y="119.86"/>
        <vehicle id="cfm_slow_3" eclass="HBEFA3/PC_G_EU4" CO2="13867.12" CO="488.45" HC="2.61" NOx="5.43" PMx="0.45" fuel="5.96" electricity="0.00" noise="81.03" route="routetop" type="cfm_slow" waiting="0.00" lane="top_0" pos="22.99" speed="47.00" angle="233.07" x="20.48" y="112.66"/>
        <vehicle id="cfm_slow_4" eclass="HBEFA3/PC_G_EU4" CO2="13867.12" CO="488.45" HC="2.61" NOx="5.43" PMx="0.45" fuel="5.96" electricity="0.00" noise="81.03" route="routetop" type="cfm_slow" waiting="0.00" lane="left_0" pos="12.99" speed="47.00" angle="161.14" x="3.72" y="37.73"/>
    </timestep>
    <timestep time="70.00">
        <vehicle id="cfm_slow_0" eclass="HBEFA3/PC_G_EU4" CO2="13867.12" CO="488.45" HC="2.61" NOx="5.43" PMx="0.45" fuel="5.96" electricity="0.00" noise="81.03" route="routebottom" type="cfm_slow" waiting="0.00" lane="bottom_0" pos="7.69" speed="47.00" angle="80.65" x="79.31" y="0.25"/>
        <vehicle id="cfm_slow_1" eclass="HBEFA3/PC_G_EU4" CO2="13867.12" CO="488.45" HC="2.61" NOx="5.43" PMx="0.45" fuel="5.96" electricity="0.00" noise="81.03" route="routebottom" type="cfm_slow" waiting="0.00" lane="bottom_0" pos="47.69" speed="47.00" angle="8.74" x="128.80" y="58.90"/>
        <vehicle id="cfm_slow_2" eclass="HBEFA3/PC_G_EU4" CO2="13867.12" CO="488.45" HC="2.61" NOx="5.43" PMx="0.45" fuel="5.96" electricity="0.00" noise="81.03" route="routebottom" type="cfm_slow" waiting="0.00" lane="right_0" pos="37.69" speed="47.00" angle="296.64" x="88.30" y="124.13"/>
        <vehicle id="cfm_slow_3" eclass="HBEFA3/PC_G_EU4" CO2="13867.12" CO="488.45" HC="2.61" NOx="5.43" PMx="0.45" fuel="5.96" electricity="0.00" noise="81.03" route="routetop" type="cfm_slow" waiting="0.00" lane="top_0" pos="27.69" speed="47.00" angle="224.63" x="13.76" y="105.77"/>
        <vehicle id="cfm_slow_4" eclass="HBEFA3/PC_G_EU4" CO2="13867.12" CO="488.45" HC="2.61" NOx="5.43" PMx="0.45" fuel="5.96" electricity="0.00" noise="81.03" route="routetop" type="cfm_slow" waiting="0.00" lane="left_0" pos="17.69" speed="47.00" angle="152.63" x="8.19" y="29.20"/>
    </timestep>
    <timestep time="70.10">
        <vehicle id="cfm_slow_0" eclass="HBEFA3/PC_G_EU4" CO2="13867.12" CO="488.45" HC="2.61" NOx="5.43" PMx="0.45" fuel="5.96" electricity="0.00" noise="81.03" route="routebottom" type="cfm_slow" waiting="0.00" lane="bottom_0" pos="12.39" speed="47.00" angle="72.18" x="88.46" y="3.25"/>
        <vehicle id="cfm_slow_1" eclass="HBEFA3/PC_G_EU4" CO2="13867.12" CO="488.45" HC="2.61" NOx="5.43" PMx="0.45" fuel="5.96" electricity="0.00" noise="81.03" route="routebottom" type="cfm_slow" waiting="0.00" lane="right_0" pos="2.39" speed="47.00" angle="0.17" x="128.79" y="68.59"/>
        <vehicle id="cfm_slow_2" eclass="HBEFA3/PC_G_EU4" CO2="13867.12" CO="488.45" HC="2.61" NOx="5.43" PMx="0.45" fuel="5.96" electricity="0.00" noise="81.03" route="routebottom" type="cfm_slow" waiting="0.00" lane="right_0" pos="42.39" speed="47.00" angle="288.21" x="79.14" y="127.11"/>
        <vehicle id="cfm_slow_3" eclass="HBEFA3/PC_G_EU4" CO2="13867.12" CO="488.45" HC="2.61" NOx="5.43" PMx="0.45" fuel="5.96" electricity="0.00" noise="81.03" route="routetop" type="cfm_slow" waiting="0.00" lane="top_0" pos="32.39" speed="47.00" angle="216.22" x="8.10" y="97.98"/>
        <vehicle id="cfm_slow_4" eclass="HBEFA3/PC_G_EU4" CO2="13867.12" CO="488.45" HC="2.61" NOx="5.43" PMx="0.45" fuel="5.96" electricity="0.00" noise="81.03" route="routetop" type="cfm_slow" waiting="0.00" lane="left_0" pos="22.39" speed="47.00" angle="144.17" x="13.87" y="21.42"/>
    </timestep>
    <timestep time="70.20">
        <vehicle id="cfm_slow_0" eclass="HBEFA3/PC_G_EU4" CO2="13867.12" CO="488.45" HC="2.61" NOx="5.43" PMx="0.45" fuel="5.96" electricity="0.00" noise="81.03" route="routebottom" type="cfm_slow" waiting="0.00" lane="bottom_0" pos="17.09" speed="47.00" angle="63.75" x="97.07" y="7.55"/>
        <vehicle id="cfm_slow_1" eclass="HBEFA3/PC_G_EU4" CO2="13867.12" CO="488.45" HC="2.61" NOx="5.43" PMx="0.45" fuel="5.96" electricity="0.00" noise="81.03" route="routebottom" type="cfm_slow" waiting="0.00" lane="right_0" pos="7.09" speed="47.00" angle="351.68" x="127.34" y="78.11"/>
        <vehicle id="cfm_slow_2" eclass="HBEFA3/PC_G_EU4" CO2="13867.12" CO="488.45" HC="2.61" NOx="5.43" PMx="0.45" fuel="5.96" electricity="0.00" noise="81.03" route="routebottom" type="cfm_slow" waiting="0.00" lane="right_0" pos="47.09" speed="47.00" angle="279.78" x="69.64" y="128.69"/>
        <vehicle id="cfm_slow_3" eclass="HBEFA3/PC_G_EU4" CO2="13867.12" CO="488.45" HC="2.61" NOx="5.43" PMx="0.45" fuel="5.96" electricity="0.00" noise="81.03" route="routetop" type="cfm_slow" waiting="0.00" lane="top_0" pos="37.09" speed="47.00" angle="207.75" x="3.65" y="89.44"/>
        <vehicle id="cfm_slow_4" eclass="HBEFA3/PC_G_EU4" CO2="13867.12" CO="488.45" HC="2.61" NOx="5.43" PMx="0.45" fuel="5.96" electricity="0.00" noise="81.03" route="routetop" type="cfm_slow" waiting="0.00" lane="left_0" pos="27.09" speed="47.00" angle="135.75" x="20.62" y="14.55"/>
    </timestep>
    <timestep time="70.30">
        <vehicle id="cfm_slow_0" eclass="HBEFA3/PC_G_EU4" CO2="13867.12" CO="488.45" HC="2.61" NOx="5.43" PMx="0.45" fuel="5.96" electricity="0.00" noise="81.03" route="routebottom" type="cfm_slow" waiting="0.00" lane="bottom_0" pos="21.79" speed="47.00" angle="55.27" x="104.96" y="13.07"/>
        <vehicle id="cfm_slow_1" eclass="HBEFA3/PC_G_EU4" CO2="13867.12" CO="488.45" HC="2.61" NOx="5.43" PMx="0.45" fuel="5.96" electricity="0.00" noise="81.03" route="routebottom" type="cfm_slow" waiting="0.00" lane="right_0" pos="11.79" speed="47.00" angle="343.22" x="124.52" y="87.31"/>
        <vehicle id="cfm_slow_2" eclass="HBEFA3/PC_G_EU4" CO2="13867.12" CO="488.45" HC="2.61" NOx="5.43" PMx="0.45" fuel="5.96" electricity="0.00" noise="81.03" route="routetop" type="cfm_slow" waiting="0.00" lane="top_0" pos="1.79" speed="47.00" angle="271.26" x="59.96" y="128.86"/>
        <vehicle id="cfm_slow_3" eclass="HBEFA3/PC_G_EU4" CO2="13867.12" CO="488.45" HC="2.61" NOx="5.43" PMx="0.45" fuel="5.96" electricity="0.00" noise="81.03" route="routetop" type="cfm_slow" waiting="0.00" lane="top_0" pos="41.79" speed="47.00" angle="199.25" x="0.53" y="80.33"/>
        <vehicle id="cfm_slow_4" eclass="HBEFA3/PC_G_EU4" CO2="13867.12" CO="488.45" HC="2.61" NOx="5.43" PMx="0.45" fuel="5.96" electricity="0.00" noise="81.03" route="routetop" type="cfm_slow" waiting="0.00" lane="left_0" pos="31.79" speed="47.00" angle="127.28" x="28.30" y="8.76"/>
    </timestep>
    <timestep time="70.40">
        <vehicle id="cfm_slow_0" eclass="HBEFA3/PC_G_EU4" CO2="13867.12" CO="488.45" HC="2.61" NOx="5.43" PMx="0.45" fuel="5.96" electricity="0.00" noise="81.03" route="routebottom" type="cfm_slow" waiting="0.00" lane="bottom_0" pos="26.49" speed="47.00" angle="46.83" x="111.95" y="19.70"/>
        <vehicle id="cfm_slow_1" eclass="HBEFA3/PC_G_EU4" CO2="13867.12" CO="488.45" HC="2.61" NOx="5.43" PMx="0.45" fuel="5.96" electricity="0.00" noise="81.03" route="routebottom" type="cfm_slow" waiting="0.00" lane="right_0" pos="16.49" speed="47.00" angle="334.82" x="120.39" y="96.01"/>
        <vehicle id="cfm_slow_2" eclass="HBEFA3/PC_G_EU4" CO2="13867.12" CO="488.45" HC="2.61" NOx="5.43" PMx="0.45" fuel="5.96" electricity="0.00" noise="81.03" route="routetop" type="cfm_slow" waiting="0.00" lane="top_0" pos="6.49" speed="47.00" angle="262.84" x="50.41" y="127.62"/>
        <vehicle id="cfm_slow_3" eclass="HBEFA3/PC_G_EU4" CO2="13867.12" CO="488.45" HC="2.61" NOx="5.43" PMx="0.45" fuel="5.96" electricity="0.00" noise="81.03" route="routetop" type="cfm_slow" waiting="0.00" lane="top_0" pos="46.49" speed="47.00" angle="190.88" x="-1.25" y="70.87"/>
        <vehicle id="cfm_slow_4" eclass="HBEFA3/PC_G_EU4" CO2="13867.12" CO="488.45" HC="2.61" NOx="5.43" PMx="0.45" fuel="5.96" electricity="0.00" noise="81.03" route="routetop" type="cfm_slow" waiting="0.00" lane="left_0" pos="36.49" speed="47.00" angle="118.86" x="36.76" y="4.16"/>
    </timestep>
    <timestep time="70.50">
        <vehicle id="cfm_slow_0" eclass="HBEFA3/PC_G_EU4" CO2="13867.12" CO="488.45" HC="2.61" NOx="5.43" PMx="0.45" fuel="5.96" electricity="0.00" noise="81.03" route="routebottom" type="cfm_slow" waiting="0.00" lane="bottom_0" pos="31.19" speed="47.00" angle="38.38" x="117.89" y="27.28"/>
        <vehicle id="cfm_slow_1" eclass="HBEFA3/PC_G_EU4" CO2="13867.12" CO="488.45" HC="2.61" NOx="5.43" PMx="0.45" fuel="5.96" electricity="0.00" noise="81.03" route="routebottom" type="cfm_slow" waiting="0.00" lane="right_0" pos="21.19" speed="47.00" angle="326.31" x="115.01" y="103.99"/>
        <vehicle id="cfm_slow_2" eclass="HBEFA3/PC_G_EU4" CO2="13867.12" CO="488.45" HC="2.61" NOx="5.43" PMx="0.45" fuel="5.96" electricity="0.00" noise="81.03" route="routetop" type="cfm_slow" waiting="0.00" lane="top_0" pos="11.19" speed="47.00" angle="254.25" x="41.16" y="124.96"/>
        <vehicle id="cfm_slow_3" eclass="HBEFA3/PC_G_EU4" CO2="13867.12" CO="488.45" HC="2.61" NOx="5.43" PMx="0.45" fuel="5.96" electricity="0.00" noise="81.03" route="routetop" type="cfm_slow" waiting="0.00" lane="left_0" pos="1.19" speed="47.00" angle="182.32" x="-1.60" y="61.19"/>
        <vehicle id="cfm_slow_4" eclass="HBEFA3/PC_G_EU4" CO2="13867.12" CO="488.45" HC="2.61" NOx="5.43" PMx="0.45" fuel="5.96" electricity="0.00" noise="81.03" route="routetop" type="cfm_slow" waiting="0.00" lane="left_0" pos="41.19" speed="47.00" angle="110.35" x="45.80" y="0.85"/>
    </timestep>
    <timestep time="70.60">
        <vehicle id="cfm_slow_0" eclass="HBEFA3/PC_G_EU4" CO2="13867.12" CO="488.45" HC="2.61" NOx="5.43" PMx="0.45" fuel="5.96" electricity="0.00" noise="81.03" route="routebottom" type="cfm_slow" waiting="0.00" lane="bottom_0" pos="35.89" speed="47.00" angle="29.95" x="122.66" y="35.64"/>
        <vehicle id="cfm_slow_1" eclass="HBEFA3/PC_G_EU4" CO2="13867.12" CO="488.45" HC="2.61" NOx="5.43" PMx="0.45" fuel="5.96" electricity="0.00" noise="81.03" route="routebottom" type="cfm_slow" waiting="0.00" lane="right_0" pos="25.89" speed="47.00" angle="317.96" x="108.53" y="111.11"/>
        <vehicle id="cfm_slow_2" eclass="HBEFA3/PC_G_EU4" CO2="13867.12" CO="488.45" HC="2.61" NOx="5.43" PMx="0.45" fuel="5.96" electricity="0.00" noise="81.03" route="routetop" type="cfm_slow" waiting="0.00" lane="top_0" pos="15.89" speed="47.00" angle="245.89" x="32.39" y="120.98"/>
        <vehicle id="cfm_slow_3" eclass="HBEFA3/PC_G_EU4" CO2="13867.12" CO="488.45" HC="2.61" NOx="5.43" PMx="0.45" fuel="5.96" electricity="0.00" noise="81.03" route="routetop" type="cfm_slow" waiting="0.00" lane="left_0" pos="5.89" speed="47.00" angle="173.86" x="-0.52" y="51.62"/>
        <vehicle id="cfm_slow_4" eclass="HBEFA3/PC_G_EU4" CO2="13867.12" CO="488.45" HC="2.61" NOx="5.43" PMx="0.45" fuel="5.96" electricity="0.00" noise="81.03" route="routetop" type="cfm_slow" waiting="0.00" lane="left_0" pos="45.89" speed="47.00" angle="101.93" x="55.23" y="-1.10"/>
    </timestep>
    <timestep time="70.70">
        <vehicle id="cfm_slow_0" eclass="HBEFA3/PC_G_EU4" CO2="13867.12" CO="488.45" HC="2.61" NOx="5.43" PMx="0.45" fuel="5.96" electricity="0.00" noise="81.03" route="routebottom" type="cfm_slow" waiting="0.00" lane="bottom_0" pos="40.59" speed="47.00" angle="21.45" x="126.13" y="44.62"/>
        <vehicle id="cfm_slow_1" eclass="HBEFA3/PC_G_EU4" CO2="13867.12" CO="488.45" HC="2.61" NOx="5.43" PMx="0.45" fuel="5.96" electricity="0.00" noise="81.03" route="routebottom" type="cfm_slow" waiting="0.00" lane="right_0" pos="30.59" speed="47.00" angle="309.39" x="101.06" y="117.19"/>
        <vehicle id="cfm_slow_2" eclass="HBEFA3/PC_G_EU4" CO2="13867.12" CO="488.45" HC="2.61" NOx="5.43" PMx="0.45" fuel="5.96" electricity="0.00" noise="81.03" route="routetop" type="cfm_slow" waiting="0.00" lane="top_0" pos="20.59" speed="47.00" angle="237.41" x="24.30" y="115.77"/>
        <vehicle id="cfm_slow_3" eclass="HBEFA3/PC_G_EU4" CO2="13867.12" CO="488.45" HC="2.61" NOx="5.43" PMx="0.45" fuel="5.96" electricity="0.00" noise="81.03" route="routetop" type="cfm_slow" waiting="0.00" lane="left_0" pos="10.59" speed="47.00" angle="165.40" x="1.95" y="42.31"/>
        <vehicle id="cfm_slow_4" eclass="HBEFA3/PC_G_EU4" CO2="0.00" CO="0.00" HC="0.00" NOx="0.00" PMx="0.00" fuel="0.00" electricity="0.00" noise="81.03" route="routebottom" type="cfm_slow" waiting="0.00" lane="bottom_0" pos="0.59" speed="47.00" angle="93.41" x="64.90" y="-1.63"/>
    </timestep>
    <timestep time="70.80">
        <vehicle id="cfm_slow_0" eclass="HBEFA3/PC_G_EU4" CO2="13867.12" CO="488.45" HC="2.61" NOx="5.43" PMx="0.45" fuel="5.96" electricity="0.00" noise="81.03" route="routebottom" type="cfm_slow" waiting="0.00" lane="bottom_0" pos="45.29" speed="47.00" angle="12.98" x="128.25" y="54.01"/>
        <vehicle id="cfm_slow_1" eclass="HBEFA3/PC_G_EU4" CO2="13867.12" CO="488.45" HC="2.61" NOx="5.43" PMx="0.45" fuel="5.96" electricity="0.00" noise="81.03" route="routebottom" type="cfm_slow" waiting="0.00" lane="right_0" pos="35.29" speed="47.00" angle="301.01" x="92.78" y="122.11"/>
        <vehicle id="cfm_slow_2" eclass="HBEFA3/PC_G_EU4" CO2="13867.12" CO="488.45" HC="2.61" NOx="5.43" PMx="0.45" fuel="5.96" electricity="0.00" noise="81.03" route="routetop" type="cfm_slow" waiting="0.00" lane="top_0" pos="25.29" speed="47.00" angle="228.99" x="17.06" y="109.41"/>
        <vehicle id="cfm_slow_3" eclass="HBEFA3/PC_G_EU4" CO2="13867.12" CO="488.45" HC="2.61" NOx="5.43" PMx="0.45" fuel="5.96" electricity="0.00" noise="81.03" route="routetop" type="cfm_slow" waiting="0.00" lane="left_0" pos="15.29" speed="47.00" angle="156.98" x="5.75" y="33.47"/>
        <vehicle id="cfm_slow_4" eclass="HBEFA3/PC_G_EU4" CO2="13867.12" CO="488.45" HC="2.61" NOx="5.43" PMx="0.45" fuel="5.96" electricity="0.00" noise="81.03" route="routebottom" type="cfm_slow" waiting="0.00" lane="bottom_0" pos="5.29" speed="47.00" angle="84.99" x="74.49" y="-0.74"/>
    </timestep>
    <timestep time="70.90">
        <vehicle id="cfm_slow_0" eclass="HBEFA3/PC_G_EU4" CO2="13867.12" CO="488.45" HC="2.61" NOx="5.43" PMx="0.45" fuel="5.96" electricity="0.00" noise="81.03" route="routebottom" type="cfm_slow" waiting="0.00" lane="bottom_0" pos="49.99" speed="47.00" angle="4.53" x="128.97" y="63.61"/>
        <vehicle id="cfm_slow_1" eclass="HBEFA3/PC_G_EU4" CO2="13867.12" CO="488.45" HC="2.61" NOx="5.43" PMx="0.45" fuel="5.96" electricity="0.00" noise="81.03" route="routebottom" type="cfm_slow" waiting="0.00" lane="right_0" pos="39.99" speed="47.00" angle="292.58" x="83.88" y="125.77"/>
        <vehicle id="cfm_slow_2" eclass="HBEFA3/PC_G_EU4" CO2="13867.12" CO="488.45" HC="2.61" NOx="5.43" PMx="0.45" fuel="5.96" electricity="0.00" noise="81.03" route="routetop" type="cfm_slow" waiting="0.00" lane="top_0" pos="29.99" speed="47.00" angle="220.49" x="10.85" y="102.06"/>
        <vehicle id="cfm_slow_3" eclass="HBEFA3/PC_G_EU4" CO2="13867.12" CO="488.45" HC="2.61" NOx="5.43" PMx="0.45" fuel="5.96" electricity="0.00" noise="81.03" route="routetop" type="cfm_slow" waiting="0.00" lane="left_0" pos="19.99" speed="47.00" angle="148.44" x="10.83" y="25.29"/>
        <vehicle id="cfm_slow_4" eclass="HBEFA3/PC_G_EU4" CO2="13867.12" CO="488.45" HC="2.61" NOx="5.43" PMx="0.45" fuel="5.96" electricity="0.00" noise="81.03" route="routebottom" type="cfm_slow" waiting="0.00" lane="bottom_0" pos="9.99" speed="47.00" angle="76.45" x="83.84" y="1.55"/>
    </timestep>
    <timestep time="71.00">
        <vehicle id="cfm_slow_0" eclass="HBEFA3/PC_G_EU4" CO2="13867.12" CO="488.45" HC="2.61" NOx="5.43" PMx="0.45" fuel="5.96" electricity="0.00" noise="81.03" route="routebottom" type="cfm_slow" waiting="0.00" lane="right_0" pos="4.69" speed="47.00" angle="356.07" x="128.25" y="73.28"/>
        <vehicle id="cfm_slow_1" eclass="HBEFA3/PC_G_EU4" CO2="13867.12" CO="488.45" HC="2.61" NOx="5.43" PMx="0.45" fuel="5.96" electricity="0.00" noise="81.03" route="routebottom" type="cfm_slow" waiting="0.00" lane="right_0" pos="44.69" speed="47.00" angle="284.02" x="74.52" y="128.06"/>
        <vehicle id="cfm_slow_2" eclass="HBEFA3/PC_G_EU4" CO2="13867.12" CO="488.45" HC="2.61" NOx="5.43" PMx="0.45" fuel="5.96" electricity="0.00" noise="81.03" route="routetop" type="cfm_slow" waiting="0.00" lane="top_0" pos="34.69" speed="47.00" angle="212.14" x="5.76" y="93.88"/>
        <vehicle id="cfm_slow_3" eclass="HBEFA3/PC_G_EU4" CO2="13867.12" CO="488.45" HC="2.61" NOx="5.43" PMx="0.45" fuel="5.96" electricity="0.00" noise="81.03" route="routetop" type="cfm_slow" waiting="0.00" lane="left_0" pos="24.69" speed="47.00" angle="140.08" x="17.04" y="17.94"/>
        <vehicle id="cfm_slow_4" eclass="HBEFA3/PC_G_EU4" CO2="13867.12" CO="488.45" HC="2.61" NOx="5.43" PMx="0.45" fuel="5.96" electricity="0.00" noise="81.03" route="routebottom" type="cfm_slow" waiting="0.00" lane="bottom_0" pos="14.69" speed="47.00" angle="68.06" x="92.75" y="5.20"/>
    </timestep>
    <timestep time="71.10">
        <vehicle id="cfm_slow_0" eclass="HBEFA3/PC_G_EU4" CO2="13867.12" CO="488.45" HC="2.61" NOx="5.43" PMx="0.45" fuel="5.96" electricity="0.00" noise="81.03" route="routebottom" type="cfm_slow" waiting="0.00" lane="right_0" pos="9.39" speed="47.00" angle="347.60" x="126.14" y="82.67"/>
        <vehicle id="cfm_slow_1" eclass="HBEFA3/PC_G_EU4" CO2="13867.12" CO="488.45" HC="2.61" NOx="5.43" PMx="0.45" fuel="5.96" electricity="0.00" noise="81.03" route="routebottom" type="cfm_slow" waiting="0.00" lane="right_0" pos="49.39" speed="47.00" angle="275.58" x="64.94" y="128.95"/>
        <vehicle id="cfm_slow_2" eclass="HBEFA3/PC_G_EU4" CO2="13867.12" CO="488.45" HC="2.61" NOx="5.43" PMx="0.45" fuel="5.96" electricity="0.00" noise="81.03" route="routetop" type="cfm_slow" waiting="0.00" lane="top_0" pos="39.39" speed="47.00" angle="203.57" x="1.96" y="85.04"/>
        <vehicle id="cfm_slow_3" eclass="HBEFA3/PC_G_EU4" CO2="13867.12" CO="488.45" HC="2.61" NOx="5.43" PMx="0.45" fuel="5.96" electricity="0.00" noise="81.03" route="routetop" type="cfm_slow" waiting="0.00" lane="left_0" pos="29.39" speed="47.00" angle="131.58" x="24.27" y="11.58"/>
        <vehicle id="cfm_slow_4" eclass="HBEFA3/PC_G_EU4" CO2="13867.12" CO="488.45" HC="2.61" NOx="5.43" PMx="0.45" fuel="5.96" electricity="0.00" noise="81.03" route="routebottom" type="cfm_slow" waiting="0.00" lane="bottom_0" pos="19.39" speed="47.00" angle="59.53" x="101.03" y="10.11"/>
    </timestep>
    <timestep time="71.20">
        <vehicle id="cfm_slow_0" eclass="HBEFA3/PC_G_EU4" CO2="13867.12" CO="488.45" HC="2.61" NOx="5.43" PMx="0.45" fuel="5.96" electricity="0.00" noise="81.03" route="routebottom" type="cfm_slow" waiting="0.00" lane="right_0" pos="14.09" speed="47.00" angle="339.13" x="122.67" y="91.65"/>
        <vehicle id="cfm_slow_1" eclass="HBEFA3/PC_G_EU4" CO2="13867.12" CO="488.45" HC="2.61" NOx="5.43" PMx="0.45" fuel="5.96" electricity="0.00" noise="81.03" route="routetop" type="cfm_slow" waiting="0.00" lane="top_0" pos="4.09" speed="47.00" angle="267.17" x="55.26" y="128.43"/>
        <vehicle id="cfm_slow_2" eclass="HBEFA3/PC_G_EU4" CO2="13867.12" CO="488.45" HC="2.61" NOx="5.43" PMx="0.45" fuel="5.96" electricity="0.00" noise="81.03" route="routetop" type="cfm_slow" waiting="0.00" lane="top_0" pos="44.09" speed="47.00" angle="195.17" x="-0.51" y="75.73"/>
        <vehicle id="cfm_slow_3" eclass="HBEFA3/PC_G_EU4" CO2="13867.12" CO="488.45" HC="2.61" NOx="5.43" PMx="0.45" fuel="5.96" electricity="0.00" noise="81.03" route="routetop" type="cfm_slow" waiting="0.00" lane="left_0" pos="34.09" speed="47.00" angle="123.16" x="32.36" y="6.35"/>
        <vehicle id="cfm_slow_4" eclass="HBEFA3/PC_G_EU4" CO2="13867.12" CO="488.45" HC="2.61" NOx="5.43" PMx="0.45" fuel="5.96" electricity="0.00" noise="81.03" route="routebottom" type="cfm_slow" waiting="0.00" lane="bottom_0" pos="24.09" speed="47.00" angle="51.17" x="108.50" y="16.18"/>
    </timestep>
    <timestep time="71.30">
        <vehicle id="cfm_slow_0" eclass="HBEFA3/PC_G_EU4" CO2="13867.12" CO="488.45" HC="2.61" NOx="5.43" PMx="0.45" fuel="5.96" electricity="0.00" noise="81.03" route="routebottom" type="cfm_slow" waiting="0.00" lane="right_0" pos="18.79" speed="47.00" angle="330.64" x="117.91" y="100.02"/>
        <vehicle id="cfm_slow_1" eclass="HBEFA3/PC_G_EU4" CO2="13867.12" CO="488.45" HC="2.61" NOx="5.43" PMx="0.45" fuel="5.96" electricity="0.00" noise="81.03" route="routetop" type="cfm_slow" waiting="0.00" lane="top_0" pos="8.79" speed="47.00" angle="258.63" x="45.83" y="126.49"/>
        <vehicle id="cfm_slow_2" eclass="HBEFA3/PC_G_EU4" CO2="13867.12" CO="488.45" HC="2.61" NOx="5.43" PMx="0.45" fuel="5.96" electricity="0.00" noise="81.03" route="routetop" type="cfm_slow" waiting="0.00" lane="top_0" pos="48.79" speed="47.00" angle="186.74" x="-1.60" y="66.17"/>
        <vehicle id="cfm_slow_3" eclass="HBEFA3/PC_G_EU4" CO2="13867.12" CO="488.45" HC="2.61" NOx="5.43" PMx="0.45" fuel="5.96" electricity="0.00" noise="81.03" route="routetop" type="cfm_slow" waiting="0.00" lane="left_0" pos="38.79" speed="47.00" angle="114.66" x="41.13" y="2.38"/>
        <vehicle id="cfm_slow_4" eclass="HBEFA3/PC_G_EU4" CO2="13867.12" CO="488.45" HC="2.61" NOx="5.43" PMx="0.45" fuel="5.96" electricity="0.00" noise="81.03" route="routebottom" type="cfm_slow" waiting="0.00" lane="bottom_0" pos="28.79" speed="47.00" angle="42.63" x="114.99" y="23.30"/>
    </timestep>
    <timestep time="71.40">
        <vehicle id="cfm_slow_0" eclass="HBEFA3/PC_G_EU4" CO2="13867.12" CO="488.45" HC="2.61" NOx="5.43" PMx="0.45" fuel="5.96" electricity="0.00" noise="81.03" route="routebottom" type="cfm_slow" waiting="0.00" lane="right_0" pos="23.49" speed="47.00" angle="322.23" x="111.97" y="107.60"/>
        <vehicle id="cfm_slow_1" eclass="HBEFA3/PC_G_EU4" CO2="13867.12" CO="488.45" HC="2.61" NOx="5.43" PMx="0.45" fuel="5.96" electricity="0.00" noise="81.03" route="routetop" type="cfm_slow" waiting="0.00" lane="top_0" pos="13.49" speed="47.00" angle="250.19" x="36.79" y="123.18"/>
        <vehicle id="cfm_slow_2" eclass="HBEFA3/PC_G_EU4" CO2="13867.12" CO="488.45" HC="2.61" NOx="5.43" PMx="0.45" fuel="5.96" electricity="0.00" noise="81.03" route="routetop" type="cfm_slow" waiting="0.00" lane="left_0" pos="3.49" speed="47.00" angle="178.21" x="-1.25" y="56.48"/>
        <vehicle id="cfm_slow_3" eclass="HBEFA3/PC_G_EU4" CO2="13867.12" CO="488.45" HC="2.61" NOx="5.43" PMx="0.45" fuel="5.96" electricity="0.00" noise="81.03" route="routetop" type="cfm_slow" waiting="0.00" lane="left_0" pos="43.49" speed="47.00" angle="106.26" x="50.38" y="-0.28"/>
        <vehicle id="cfm_slow_4" eclass="HBEFA3/PC_G_EU4" CO2="13867.12" CO="488.45" HC="2.61" NOx="5.43" PMx="0.45" fuel="5.96" electricity="0.00" noise="81.03" route="routebottom" type="cfm_slow" waiting="0.00" lane="bottom_0" pos="33.49" speed="47.00" angle="34.25" x="120.37" y="31.28"/>
    </timestep>
    <timestep time="71.50">
        <vehicle id="cfm_slow_0" eclass="HBEFA3/PC_G_EU4" CO2="13867.12" CO="488.45" HC="2.61" NOx="5.43" PMx="0.45" fuel="5.96" electricity="0.00" noise="81.03" route="routebottom" type="cfm_slow" waiting="0.00" lane="right_0" pos="28.19" speed="47.00" angle="313.70" x="104.99" y="114.23"/>
        <vehicle id="cfm_slow_1" eclass="HBEFA3/PC_G_EU4" CO2="13867.12" CO="488.45" HC="2.61" NOx="5.43" PMx="0.45" fuel="5.96" electricity="0.00" noise="81.03" route="routetop" type="cfm_slow" waiting="0.00" lane="top_0" pos="18.19" speed="47.00" angle="241.80" x="28.33" y="118.59"/>
        <vehicle id="cfm_slow_2" eclass="HBEFA3/PC_G_EU4" CO2="13867.12" CO="488.45" HC="2.61" NOx="5.43" PMx="0.45" fuel="5.96" electricity="0.00" noise="81.03" route="routetop" type="cfm_slow" waiting="0.00" lane="left_0" pos="8.19" speed="47.00" angle="169.71" x="0.52" y="47.02"/>
        <vehicle id="cfm_slow_3" eclass="HBEFA3/PC_G_EU4" CO2="13867.12" CO="488.45" HC="2.61" NOx="5.43" PMx="0.45" fuel="5.96" electricity="0.00" noise="81.03" route="routetop" type="cfm_slow" waiting="0.00" lane="left_0" pos="48.19" speed="47.00" angle="97.79" x="59.93" y="-1.53"/>
        <vehicle id="cfm_slow_4" eclass="HBEFA3/PC_G_EU4" CO2="13867.12" CO="488.45" HC="2.61" NOx="5.43" PMx="0.45" fuel="5.96" electricity="0.00" noise="81.03" route="routebottom" type="cfm_slow" waiting="0.00" lane="bottom_0" pos="38.19" speed="47.00" angle="25.71" x="124.51" y="39.98"/>
    </timestep>
    <timestep time="71.60">
        <vehicle id="cfm_slow_0" eclass="HBEFA3/PC_G_EU4" CO2="13867.12" CO="488.45" HC="2.61" NOx="5.43" PMx="0.45" fuel="5.96" electricity="0.00" noise="81.03" route="routebottom" type="cfm_slow" waiting="0.00" lane="right_0" pos="32.89" speed="47.00" angle="305.32" x="97.10" y="119.75"/>
        <vehicle id="cfm_slow_1" eclass="HBEFA3/PC_G_EU4" CO2="13867.12" CO="488.45" HC="2.61" NOx="5.43" PMx="0.45" fuel="5.96" electricity="0.00" noise="81.03" route="routetop" type="cfm_slow" waiting="0.00" lane="top_0" pos="22.89" speed="47.00" angle="233.23" x="20.64" y="112.79"/>
        <vehicle id="cfm_slow_2" eclass="HBEFA3/PC_G_EU4" CO2="13867.12" CO="488.45" HC="2.61" NOx="5.43" PMx="0.45" fuel="5.96" electricity="0.00" noise="81.03" route="routetop" type="cfm_slow" waiting="0.00" lane="left_0" pos="12.89" speed="47.00" angle="161.33" x="3.64" y="37.91"/>
        <vehicle id="cfm_slow_3" eclass="HBEFA3/PC_G_EU4" CO2="13867.12" CO="488.45" HC="2.61" NOx="5.43" PMx="0.45" fuel="5.96" electricity="0.00" noise="81.03" route="routebottom" type="cfm_slow" waiting="0.00" lane="bottom_0" pos="2.89" speed="47.00" angle="89.31" x="69.61" y="-1.37"/>
        <vehicle id="cfm_slow_4" eclass="HBEFA3/PC_G_EU4" CO2="13867.12" CO="488.45" HC="2.61" NOx="5.43" PMx="0.45" fuel="5.96" electricity="0.00" noise="81.03" route="routebottom" type="cfm_slow" waiting="0.00" lane="bottom_0" pos="42.89" speed="47.00" angle="17.35" x="127.33" y="49.18"/>
    </timestep>
    <timestep time="71.70">
        <vehicle id="cfm_slow_0" eclass="HBEFA3/PC_G_EU4" CO2="13867.12" CO="488.45" HC="2.61" NOx="5.43" PMx="0.45" fuel="5.96" electricity="0.00" noise="81.03" route="routebottom" type="cfm_slow" waiting="0.00" lane="right_0" pos="37.59" speed="47.00" angle="296.82" x="88.49" y="124.06"/>
        <vehicle id="cfm_slow_1" eclass="HBEFA3/PC_G_EU4" CO2="13867.12" CO="488.45" HC="2.61" NOx="5.43" PMx="0.45" fuel="5.96" electricity="0.00" noise="81.03" route="routetop" type="cfm_slow" waiting="0.00" lane="top_0" pos="27.59" speed="47.00" angle="224.82" x="13.89" y="105.93"/>
        <vehicle id="cfm_slow_2" eclass="HBEFA3/PC_G_EU4" CO2="13867.12" CO="488.45" HC="2.61" NOx="5.43" PMx="0.45" fuel="5.96" electricity="0.00" noise="81.03" route="routetop" type="cfm_slow" waiting="0.00" lane="left_0" pos="17.59" speed="47.00" angle="152.81" x="8.09" y="29.37"/>
        <vehicle id="cfm_slow_3" eclass="HBEFA3/PC_G_EU4" CO2="13867.12" CO="488.45" HC="2.61" NOx="5.43" PMx="0.45" fuel="5.96" electricity="0.00" noise="81.03" route="routebottom" type="cfm_slow" waiting="0.00" lane="bottom_0" pos="7.59" speed="47.00" angle="80.80" x="79.11" y="0.21"/>
        <vehicle id="cfm_slow_4" eclass="HBEFA3/PC_G_EU4" CO2="13867.12" CO="488.45" HC="2.61" NOx="5.43" PMx="0.45" fuel="5.96" electricity="0.00" noise="81.03" route="routebottom" type="cfm_slow" waiting="0.00" lane="bottom_0" pos="47.59" speed="47.00" angle="8.93" x="128.79" y="58.70"/>
    </timestep>
    <timestep time="71.80">
        <vehicle id="cfm_slow_0" eclass="HBEFA3/PC_G_EU4" CO2="13867.12" CO="488.45" HC="2.61" NOx="5.43" PMx="0.45" fuel="5.96" electricity="0.00" noise="81.03" route="routebottom" type="cfm_slow" waiting="0.00" lane="right_0" pos="42.29" speed="47.00" angle="288.38" x="79.34" y="127.06"/>
        <vehicle id="cfm_slow_1" eclass="HBEFA3/PC_G_EU4" CO2="13867.12" CO="488.45" HC="2.61" NOx="5.43" PMx="0.45" fuel="5.96" electricity="0.00" noise="81.03" route="routetop" type="cfm_slow" waiting="0.00" lane="top_0" pos="32.29" speed="47.00" angle="216.40" x="8.21" y="98.15"/>
        <vehicle id="cfm_slow_2" eclass="HBEFA3/PC_G_EU4" CO2="13867.12" CO="488.45" HC="2.61" NOx="5.43" PMx="0.45" fuel="5.96" electricity="0.00" noise="81.03" route="routetop" type="cfm_slow" waiting="0.00" lane="left_0" pos="22.29" speed="47.00" angle="144.36" x="13.74" y="21.58"/>
        <vehicle id="cfm_slow_3" eclass="HBEFA3/PC_G_EU4" CO2="13867.12" CO="488.45" HC="2.61" NOx="5.43" PMx="0.45" fuel="5.96" electricity="0.00" noise="81.03" route="routebottom" type="cfm_slow" waiting="0.00" lane="bottom_0" pos="12.29" speed="47.00" angle="72.36" x="88.27" y="3.18"/>
        <vehicle id="cfm_slow_4" eclass="HBEFA3/PC_G_EU4" CO2="13867.12" CO="488.45" HC="2.61" NOx="5.43" PMx="0.45" fuel="5.96" electricity="0.00" noise="81.03" route="routebottom" type="cfm_slow" waiting="0.00" lane="right_0" pos="2.29" speed="47.00" angle="0.35" x="128.80" y="68.39"/>
    </timestep>
    <timestep time="71.90">
        <vehicle id="cfm_slow_0" eclass="HBEFA3/PC_G_EU4" CO2="13867.12" CO="488.45" HC="2.61" NOx="5.43" PMx="0.45" fuel="5.96" electricity="0.00" noise="81.03" route="routebottom" type="cfm_slow" waiting="0.00" lane="right_0" pos="46.99" speed="47.00" angle="279.96" x="69.85" y="128.67"/>
        <vehicle id="cfm_slow_1" eclass="HBEFA3/PC_G_EU4" CO2="13867.12" CO="488.45" HC="2.61" NOx="5.43" PMx="0.45" fuel="5.96" electricity="0.00" noise="81.03" route="routetop" type="cfm_slow" waiting="0.00" lane="top_0" pos="36.99" speed="47.00" angle="207.92" x="3.73" y="89.63"/>
        <vehicle id="cfm_slow_2" eclass="HBEFA3/PC_G_EU4" CO2="13867.12" CO="488.45" HC="2.61" NOx="5.43" PMx="0.45" fuel="5.96" electricity="0.00" noise="81.03" route="routetop" type="cfm_slow" waiting="0.00" lane="left_0" pos="26.99" speed="47.00" angle="135.94" x="20.46" y="14.69"/>
        <vehicle id="cfm_slow_3" eclass="HBEFA3/PC_G_EU4" CO2="13867.12" CO="488.45" HC="2.61" NOx="5.43" PMx="0.45" fuel="5.96" electricity="0.00" noise="81.03" route="routebottom" type="cfm_slow" waiting="0.00" lane="bottom_0" pos="16.99" speed="47.00" angle="63.94" x="96.90" y="7.45"/>
        <vehicle id="cfm_slow_4" eclass="HBEFA3/PC_G_EU4" CO2="13867.12" CO="488.45" HC="2.61" NOx="5.43" PMx="0.45" fuel="5.96" electricity="0.00" noise="81.03" route="routebottom" type="cfm_slow" waiting="0.00" lane="right_0" pos="6.99" speed="47.00" angle="351.88" x="127.39" y="77.91"/>
    </timestep>
    <timestep time="72.00">
        <vehicle id="cfm_slow_0" eclass="HBEFA3/PC_G_EU4" CO2="13867.12" CO="488.45" HC="2.61" NOx="5.43" PMx="0.45" fuel="5.96" electricity="0.00" noise="81.03" route="routetop" type="cfm_slow" waiting="0.00" lane="top_0" pos="1.69" speed="47.00" angle="271.44" x="60.16" y="128.87"/>
        <vehicle id="cfm_slow_1" eclass="HBEFA3/PC_G_EU4" CO2="13867.12" CO="488.45" HC="2.61" NOx="5.43" PMx="0.45" fuel="5.96" electricity="0.00" noise="81.03" route="routetop" type="cfm_slow" waiting="0.00" lane="top_0" pos="41.69" speed="47.00" angle="199.43" x="0.58" y="80.53"/>
        <vehicle id="cfm_slow_2" eclass="HBEFA3/PC_G_EU4" CO2="13867.12" CO="488.45" HC="2.61" NOx="5.43" PMx="0.45" fuel="5.96" electricity="0.00" noise="81.03" route="routetop" type="cfm_slow" waiting="0.00" lane="left_0" pos="31.69" speed="47.00" angle="127.46" x="28.13" y="8.87"/>
        <vehicle id="cfm_slow_3" eclass="HBEFA3/PC_G_EU4" CO2="13867.12" CO="488.45" HC="2.61" NOx="5.43" PMx="0.45" fuel="5.96" electricity="0.00" noise="81.03" route="routebottom" type="cfm_slow" waiting="0.00" lane="bottom_0" pos="21.69" speed="47.00" angle="55.40" x="104.80" y="12.95"/>
        <vehicle id="cfm_slow_4" eclass="HBEFA3/PC_G_EU4" CO2="13867.12" CO="488.45" HC="2.61" NOx="5.43" PMx="0.45" fuel="5.96" electricity="0.00" noise="81.03" route="routebottom" type="cfm_slow" waiting="0.00" lane="right_0" pos="11.69" speed="47.00" angle="343.40" x="124.60" y="87.12"/>
    </timestep>
    <timestep time="72.10">
        <vehicle id="cfm_slow_0" eclass="HBEFA3/PC_G_EU4" CO2="13867.12" CO="488.45" HC="2.61" NOx="5.43" PMx="0.45" fuel="5.96" electricity="0.00" noise="81.03" route="routetop" type="cfm_slow" waiting="0.00" lane="top_0" pos="6.39" speed="47.00" angle="263.03" x="50.61" y="127.66"/>
        <vehicle id="cfm_slow_1" eclass="HBEFA3/PC_G_EU4" CO2="13867.12" CO="488.45" HC="2.61" NOx="5.43" PMx="0.45" fuel="5.96" electricity="0.00" noise="81.03" route="routetop" type="cfm_slow" waiting="0.00" lane="top_0" pos="46.39" speed="47.00" angle="191.06" x="-1.23" y="71.07"/>
        <vehicle id="cfm_slow_2" eclass="HBEFA3/PC_G_EU4" CO2="13867.12" CO="488.45" HC="2.61" NOx="5.43" PMx="0.45" fuel="5.96" electricity="0.00" noise="81.03" route="routetop" type="cfm_slow" waiting="0.00" lane="left_0" pos="36.39" speed="47.00" angle="119.05" x="36.57" y="4.24"/>
        <vehicle id="cfm_slow_3" eclass="HBEFA3/PC_G_EU4" CO2="13867.12" CO="488.45" HC="2.61" NOx="5.43" PMx="0.45" fuel="5.96" electricity="0.00" noise="81.03" route="routebottom" type="cfm_slow" waiting="0.00" lane="bottom_0" pos="26.39" speed="47.00" angle="47.01" x="111.81" y="19.55"/>
        <vehicle id="cfm_slow_4" eclass="HBEFA3/PC_G_EU4" CO2="13867.12" CO="488.45" HC="2.61" NOx="5.43" PMx="0.45" fuel="5.96" electricity="0.00" noise="81.03" route="routebottom" type="cfm_slow" waiting="0.00" lane="right_0" pos="16.39" speed="47.00" angle="335.00" x="120.49" y="95.83"/>
    </timestep>
    <timestep time="72.20">
        <vehicle id="cfm_slow_0" eclass="HBEFA3/PC_G_EU4" CO2="13867.12" CO="488.45" HC="2.61" NOx="5.43" PMx="0.45" fuel="5.96" electricity="0.00" noise="81.03" route="routetop" type="cfm_slow" waiting="0.00" lane="top_0" pos="11.09" speed="47.00" angle="254.45" x="41.35" y="125.03"/>
        <vehicle id="cfm_slow_1" eclass="HBEFA3/PC_G_EU4" CO2="13867.12" CO="488.45" HC="2.61" NOx="5.43" PMx="0.45" fuel="5.96" electricity="0.00" noise="81.03" route="routetop" type="cfm_slow" waiting="0.00" lane="left_0" pos="1.09" speed="47.00" angle="182.50" x="-1.61" y="61.39"/>
        <vehicle id="cfm_slow_2" eclass="HBEFA3/PC_G_EU4" CO2="13867.12" CO="488.45" HC="2.61" NOx="5.43" PMx="0.45" fuel="5.96" electricity="0.00" noise="81.03" route="routetop" type="cfm_slow" waiting="0.00" lane="left_0" pos="41.09" speed="47.00" angle="110.53" x="45.60" y="0.90"/>
        <vehicle id="cfm_slow_3" eclass="HBEFA3/PC_G_EU4" CO2="13867.12" CO="488.45" HC="2.61" NOx="5.43" PMx="0.45" fuel="5.96" electricity="0.00" noise="81.03" route="routebottom" type="cfm_slow" waiting="0.00" lane="bottom_0" pos="31.09" speed="47.00" angle="38.57" x="117.77" y="27.11"/>
        <vehicle id="cfm_slow_4" eclass="HBEFA3/PC_G_EU4" CO2="13867.12" CO="488.45" HC="2.61" NOx="5.43" PMx="0.45" fuel="5.96" electricity="0.00" noise="81.03" route="routebottom" type="cfm_slow" waiting="0.00" lane="right_0" pos="21.09" speed="47.00" angle="326.49" x="115.13" y="103.83"/>
    </timestep>
    <timestep time="72.30">
        <vehicle id="cfm_slow_0" eclass="HBEFA3/PC_G_EU4" CO2="13867.12" CO="488.45" HC="2.61" NOx="5.43" PMx="0.45" fuel="5.96" electricity="0.00" noise="81.03" route="routetop" type="cfm_slow" waiting="0.00" lane="top_0" pos="15.79" speed="47.00" angle="246.07" x="32.57" y="121.08"/>
        <vehicle id="cfm_slow_1" eclass="HBEFA3/PC_G_EU4" CO2="13867.12" CO="488.45" HC="2.61" NOx="5.43" PMx="0.45" fuel="5.96" electricity="0.00" noise="81.03" route="routetop" type="cfm_slow" waiting="0.00" lane="left_0" pos="5.79" speed="47.00" angle="174.05" x="-0.56" y="51.82"/>
        <vehicle id="cfm_slow_2" eclass="HBEFA3/PC_G_EU4" CO2="13867.12" CO="488.45" HC="2.61" NOx="5.43" PMx="0.45" fuel="5.96" electricity="0.00" noise="81.03" route="routetop" type="cfm_slow" waiting="0.00" lane="left_0" pos="45.79" speed="47.00" angle="102.11" x="55.03" y="-1.07"/>
        <vehicle id="cfm_slow_3" eclass="HBEFA3/PC_G_EU4" CO2="13867.12" CO="488.45" HC="2.61" NOx="5.43" PMx="0.45" fuel="5.96" electricity="0.00" noise="81.03" route="routebottom" type="cfm_slow" waiting="0.00" lane="bottom_0" pos="35.79" speed="47.00" angle="30.09" x="122.57" y="35.46"/>
        <vehicle id="cfm_slow_4" eclass="HBEFA3/PC_G_EU4" CO2="13867.12" CO="488.45" HC="2.61" NOx="5.43" PMx="0.45" fuel="5.96" electricity="0.00" noise="81.03" route="routebottom" type="cfm_slow" waiting="0.00" lane="right_0" pos="25.79" speed="47.00" an