<?xml version="1.0" encoding="UTF-8"?>

<!-- generated on Wed Feb  1 12:52:32 2017 by SUMO gui Version 0.27.1
<?xml version="1.0" encoding="UTF-8"?>

<configuration xmlns:xsi="http://www.w3.org/2001/XMLSchema-instance" xsi:noNamespaceSchemaLocation="http://sumo.dlr.de/xsd/sumo-gui.exeConfiguration.xsd">

    <input>
        <net-file value="debug/cfg/test-exp-200m1l.net.xml"/>
        <route-files value="debug/cfg/test-exp-200m1l.rou.xml"/>
        <additional-files value="debug/cfg/test-exp-200m1l.add.xml"/>
    </input>

    <output>
        <netstate-dump value="debug/cfg/data/test-exp-200m1l.netstate.xml"/>
        <emission-output value="debug/cfg/data/test-exp-200m1l.emission.xml"/>
        <amitran-output value="debug/cfg/data/test-exp-200m1l.amitran.xml"/>
        <lanechange-output value="debug/cfg/data/test-exp-200m1l.lanechange.xml"/>
    </output>

    <time>
        <begin value="0"/>
        <end value="3000"/>
        <step-length value="0.1"/>
    </time>

    <traci_server>
        <remote-port value="8873"/>
    </traci_server>

    <gui_only>
        <gui-settings-file value="debug/cfg/test-exp-200m1l.gui.cfg"/>
    </gui_only>

</configuration>
-->

<netstate xmlns:xsi="http://www.w3.org/2001/XMLSchema-instance" xsi:noNamespaceSchemaLocation="http://sumo.dlr.de/xsd/netstate_file.xsd">
    <timestep time="0.00">
        <edge id="bottom">
            <lane id="bottom_0">
                <vehicle id="rlbottom.0" pos="0.00" speed="0.00"/>
            </lane>
        </edge>
        <edge id="left">
            <lane id="left_0">
                <vehicle id="rlleft.0" pos="0.00" speed="0.00"/>
            </lane>
        </edge>
        <edge id="right">
            <lane id="right_0">
                <vehicle id="rlright.0" pos="0.00" speed="0.00"/>
            </lane>
        </edge>
        <edge id="top">
            <lane id="top_0">
                <vehicle id="rltop.0" pos="0.00" speed="0.00"/>
            </lane>
        </edge>
    </timestep>
    <timestep time="0.10">
        <edge id="bottom">
            <lane id="bottom_0">
                <vehicle id="rlbottom.0" pos="2.48" speed="24.75"/>
            </lane>
        </edge>
        <edge id="left">
            <lane id="left_0">
                <vehicle id="rlleft.0" pos="2.48" speed="24.75"/>
            </lane>
        </edge>
        <edge id="right">
            <lane id="right_0">
                <vehicle id="rlright.0" pos="2.48" speed="24.75"/>
            </lane>
        </edge>
        <edge id="top">
            <lane id="top_0">
                <vehicle id="rltop.0" pos="2.48" speed="24.75"/>
            </lane>
        </edge>
    </timestep>
    <timestep time="0.20">
        <edge id="bottom">
            <lane id="bottom_0">
                <vehicle id="rlbottom.0" pos="4.98" speed="25.00"/>
            </lane>
        </edge>
        <edge id="left">
            <lane id="left_0">
                <vehicle id="rlleft.0" pos="4.98" speed="25.00"/>
            </lane>
        </edge>
        <edge id="right">
            <lane id="right_0">
                <vehicle id="rlright.0" pos="4.98" speed="25.00"/>
            </lane>
        </edge>
        <edge id="top">
            <lane id="top_0">
                <vehicle id="rltop.0" pos="4.98" speed="25.00"/>
            </lane>
        </edge>
    </timestep>
    <timestep time="0.30">
        <edge id="bottom">
            <lane id="bottom_0">
                <vehicle id="rlbottom.0" pos="7.48" speed="25.00"/>
            </lane>
        </edge>
        <edge id="left">
            <lane id="left_0">
                <vehicle id="rlleft.0" pos="7.48" speed="25.00"/>
            </lane>
        </edge>
        <edge id="right">
            <lane id="right_0">
                <vehicle id="rlright.0" pos="7.48" speed="25.00"/>
            </lane>
        </edge>
        <edge id="top">
            <lane id="top_0">
                <vehicle id="rltop.0" pos="7.48" speed="25.00"/>
            </lane>
        </edge>
    </timestep>
    <timestep time="0.40">
        <edge id="bottom">
            <lane id="bottom_0">
                <vehicle id="rlbottom.0" pos="9.98" speed="25.00"/>
            </lane>
        </edge>
        <edge id="left">
            <lane id="left_0">
                <vehicle id="rlleft.0" pos="9.98" speed="25.00"/>
            </lane>
        </edge>
        <edge id="right">
            <lane id="right_0">
                <vehicle id="rlright.0" pos="9.98" speed="25.00"/>
            </lane>
        </edge>
        <edge id="top">
            <lane id="top_0">
                <vehicle id="rltop.0" pos="9.98" speed="25.00"/>
            </lane>
        </edge>
    </timestep>
    <timestep time="0.50">
        <edge id="bottom">
            <lane id="bottom_0">
                <vehicle id="rlbottom.0" pos="12.48" speed="25.00"/>
            </lane>
        </edge>
        <edge id="left">
            <lane id="left_0">
                <vehicle id="rlleft.0" pos="12.48" speed="25.00"/>
            </lane>
        </edge>
        <edge id="right">
            <lane id="right_0">
                <vehicle id="rlright.0" pos="12.48" speed="25.00"/>
            </lane>
        </edge>
        <edge id="top">
            <lane id="top_0">
                <vehicle id="rltop.0" pos="12.48" speed="25.00"/>
            </lane>
        </edge>
    </timestep>
    <timestep time="0.60">
        <edge id="bottom">
            <lane id="bottom_0">
                <vehicle id="rlbottom.0" pos="14.98" speed="25.00"/>
            </lane>
        </edge>
        <edge id="left">
            <lane id="left_0">
                <vehicle id="rlleft.0" pos="14.98" speed="25.00"/>
            </lane>
        </edge>
        <edge id="right">
            <lane id="right_0">
                <vehicle id="rlright.0" pos="14.98" speed="25.00"/>
            </lane>
        </edge>
        <edge id="top">
            <lane id="top_0">
                <vehicle id="rltop.0" pos="14.98" speed="25.00"/>
            </lane>
        </edge>
    </timestep>
    <timestep time="0.70">
        <edge id="bottom">
            <lane id="bottom_0">
                <vehicle id="rlbottom.0" pos="17.48" speed="25.00"/>
            </lane>
        </edge>
        <edge id="left">
            <lane id="left_0">
                <vehicle id="rlleft.0" pos="17.48" speed="25.00"/>
            </lane>
        </edge>
        <edge id="right">
            <lane id="right_0">
                <vehicle id="rlright.0" pos="17.48" speed="25.00"/>
            </lane>
        </edge>
        <edge id="top">
            <lane id="top_0">
                <vehicle id="rltop.0" pos="17.48" speed="25.00"/>
            </lane>
        </edge>
    </timestep>
    <timestep time="0.80">
        <edge id="bottom">
            <lane id="bottom_0">
                <vehicle id="rlbottom.0" pos="19.98" speed="25.00"/>
            </lane>
        </edge>
        <edge id="left">
            <lane id="left_0">
                <vehicle id="rlleft.0" pos="19.98" speed="25.00"/>
            </lane>
        </edge>
        <edge id="right">
            <lane id="right_0">
                <vehicle id="rlright.0" pos="19.98" speed="25.00"/>
            </lane>
        </edge>
        <edge id="top">
            <lane id="top_0">
                <vehicle id="rltop.0" pos="19.98" speed="25.00"/>
            </lane>
        </edge>
    </timestep>
    <timestep time="0.90">
        <edge id="bottom">
            <lane id="bottom_0">
                <vehicle id="rlbottom.0" pos="22.48" speed="25.00"/>
            </lane>
        </edge>
        <edge id="left">
            <lane id="left_0">
                <vehicle id="rlleft.0" pos="22.48" speed="25.00"/>
            </lane>
        </edge>
        <edge id="right">
            <lane id="right_0">
                <vehicle id="rlright.0" pos="22.48" speed="25.00"/>
            </lane>
        </edge>
        <edge id="top">
            <lane id="top_0">
                <vehicle id="rltop.0" pos="22.48" speed="25.00"/>
            </lane>
        </edge>
    </timestep>
    <timestep time="1.00">
        <edge id="bottom">
            <lane id="bottom_0">
                <vehicle id="rlbottom.0" pos="24.98" speed="25.00"/>
            </lane>
        </edge>
        <edge id="left">
            <lane id="left_0">
                <vehicle id="rlleft.0" pos="24.98" speed="25.00"/>
            </lane>
        </edge>
        <edge id="right">
            <lane id="right_0">
                <vehicle id="rlright.0" pos="24.98" speed="25.00"/>
            </lane>
        </edge>
        <edge id="top">
            <lane id="top_0">
                <vehicle id="rltop.0" pos="24.98" speed="25.00"/>
            </lane>
        </edge>
    </timestep>
    <timestep time="1.10">
        <edge id="bottom">
            <lane id="bottom_0">
                <vehicle id="rlbottom.0" pos="27.48" speed="25.00"/>
            </lane>
        </edge>
        <edge id="left">
            <lane id="left_0">
                <vehicle id="rlleft.0" pos="27.48" speed="25.00"/>
            </lane>
        </edge>
        <edge id="right">
            <lane id="right_0">
                <vehicle id="rlright.0" pos="27.48" speed="25.00"/>
            </lane>
        </edge>
        <edge id="top">
            <lane id="top_0">
                <vehicle id="rltop.0" pos="27.48" speed="25.00"/>
            </lane>
        </edge>
    </timestep>
    <timestep time="1.20">
        <edge id="bottom">
            <lane id="bottom_0">
                <vehicle id="rlbottom.0" pos="29.98" speed="25.00"/>
            </lane>
        </edge>
        <edge id="left">
            <lane id="left_0">
                <vehicle id="rlleft.0" pos="29.98" speed="25.00"/>
            </lane>
        </edge>
        <edge id="right">
            <lane id="right_0">
                <vehicle id="rlright.0" pos="29.98" speed="25.00"/>
            </lane>
        </edge>
        <edge id="top">
            <lane id="top_0">
                <vehicle id="rltop.0" pos="29.98" speed="25.00"/>
            </lane>
        </edge>
    </timestep>
    <timestep time="1.30">
        <edge id="bottom">
            <lane id="bottom_0">
                <vehicle id="rlbottom.0" pos="32.48" speed="25.00"/>
            </lane>
        </edge>
        <edge id="left">
            <lane id="left_0">
                <vehicle id="rlleft.0" pos="32.48" speed="25.00"/>
            </lane>
        </edge>
        <edge id="right">
            <lane id="right_0">
                <vehicle id="rlright.0" pos="32.48" speed="25.00"/>
            </lane>
        </edge>
        <edge id="top">
            <lane id="top_0">
                <vehicle id="rltop.0" pos="32.48" speed="25.00"/>
            </lane>
        </edge>
    </timestep>
    <timestep time="1.40">
        <edge id="bottom">
            <lane id="bottom_0">
                <vehicle id="rlbottom.0" pos="34.98" speed="25.00"/>
            </lane>
        </edge>
        <edge id="left">
            <lane id="left_0">
                <vehicle id="rlleft.0" pos="34.98" speed="25.00"/>
            </lane>
        </edge>
        <edge id="right">
            <lane id="right_0">
                <vehicle id="rlright.0" pos="34.98" speed="25.00"/>
            </lane>
        </edge>
        <edge id="top">
            <lane id="top_0">
                <vehicle id="rltop.0" pos="34.98" speed="25.00"/>
            </lane>
        </edge>
    </timestep>
    <timestep time="1.50">
        <edge id="bottom">
            <lane id="bottom_0">
                <vehicle id="rlbottom.0" pos="37.48" speed="25.00"/>
            </lane>
        </edge>
        <edge id="left">
            <lane id="left_0">
                <vehicle id="rlleft.0" pos="37.48" speed="25.00"/>
            </lane>
        </edge>
        <edge id="right">
            <lane id="right_0">
                <vehicle id="rlright.0" pos="37.48" speed="25.00"/>
            </lane>
        </edge>
        <edge id="top">
            <lane id="top_0">
                <vehicle id="rltop.0" pos="37.48" speed="25.00"/>
            </lane>
        </edge>
    </timestep>
    <timestep time="1.60">
        <edge id="bottom">
            <lane id="bottom_0">
                <vehicle id="rlbottom.0" pos="39.98" speed="25.00"/>
            </lane>
        </edge>
        <edge id="left">
            <lane id="left_0">
                <vehicle id="rlleft.0" pos="39.98" speed="25.00"/>
            </lane>
        </edge>
        <edge id="right">
            <lane id="right_0">
                <vehicle id="rlright.0" pos="39.98" speed="25.00"/>
            </lane>
        </edge>
        <edge id="top">
            <lane id="top_0">
                <vehicle id="rltop.0" pos="39.98" speed="25.00"/>
            </lane>
        </edge>
    </timestep>
    <timestep time="1.70">
        <edge id="bottom">
            <lane id="bottom_0">
                <vehicle id="rlbottom.0" pos="42.48" speed="25.00"/>
            </lane>
        </edge>
        <edge id="left">
            <lane id="left_0">
                <vehicle id="rlleft.0" pos="42.48" speed="25.00"/>
            </lane>
        </edge>
        <edge id="right">
            <lane id="right_0">
                <vehicle id="rlright.0" pos="42.48" speed="25.00"/>
            </lane>
        </edge>
        <edge id="top">
            <lane id="top_0">
                <vehicle id="rltop.0" pos="42.48" speed="25.00"/>
            </lane>
        </edge>
    </timestep>
    <timestep time="1.80">
        <edge id="bottom">
            <lane id="bottom_0">
                <vehicle id="rlbottom.0" pos="44.98" speed="25.00"/>
            </lane>
        </edge>
        <edge id="left">
            <lane id="left_0">
                <vehicle id="rlleft.0" pos="44.98" speed="25.00"/>
            </lane>
        </edge>
        <edge id="right">
            <lane id="right_0">
                <vehicle id="rlright.0" pos="44.98" speed="25.00"/>
            </lane>
        </edge>
        <edge id="top">
            <lane id="top_0">
                <vehicle id="rltop.0" pos="44.98" speed="25.00"/>
            </lane>
        </edge>
    </timestep>
    <timestep time="1.90">
        <edge id="bottom">
            <lane id="bottom_0">
                <vehicle id="rlbottom.0" pos="47.48" speed="25.00"/>
            </lane>
        </edge>
        <edge id="left">
            <lane id="left_0">
                <vehicle id="rlleft.0" pos="47.48" speed="25.00"/>
            </lane>
        </edge>
        <edge id="right">
            <lane id="right_0">
                <vehicle id="rlright.0" pos="47.48" speed="25.00"/>
            </lane>
        </edge>
        <edge id="top">
            <lane id="top_0">
                <vehicle id="rltop.0" pos="47.48" speed="25.00"/>
            </lane>
        </edge>
    </timestep>
    <timestep time="2.00">
        <edge id="bottom">
            <lane id="bottom_0">
                <vehicle id="rlbottom.0" pos="49.98" speed="25.00"/>
            </lane>
        </edge>
        <edge id="left">
            <lane id="left_0">
                <vehicle id="rlleft.0" pos="49.98" speed="25.00"/>
            </lane>
        </edge>
        <edge id="right">
            <lane id="right_0">
                <vehicle id="rlright.0" pos="49.98" speed="25.00"/>
            </lane>
        </edge>
        <edge id="top">
            <lane id="top_0">
                <vehicle id="rltop.0" pos="49.98" speed="25.00"/>
            </lane>
        </edge>
    </timestep>
    <timestep time="2.10">
        <edge id="bottom">
            <lane id="bottom_0">
                <vehicle id="rlleft.0" pos="2.48" speed="25.00"/>
            </lane>
        </edge>
        <edge id="left">
            <lane id="left_0">
                <vehicle id="rltop.0" pos="2.48" speed="25.00"/>
            </lane>
        </edge>
        <edge id="right">
            <lane id="right_0">
                <vehicle id="rlbottom.0" pos="2.48" speed="25.00"/>
            </lane>
        </edge>
        <edge id="top">
            <lane id="top_0">
                <vehicle id="rlright.0" pos="2.48" speed="25.00"/>
            </lane>
        </edge>
    </timestep>
    <timestep time="2.20">
        <edge id="bottom">
            <lane id="bottom_0">
                <vehicle id="rlleft.0" pos="4.98" speed="25.00"/>
            </lane>
        </edge>
        <edge id="left">
            <lane id="left_0">
                <vehicle id="rltop.0" pos="4.98" speed="25.00"/>
            </lane>
        </edge>
        <edge id="right">
            <lane id="right_0">
                <vehicle id="rlbottom.0" pos="4.98" speed="25.00"/>
            </lane>
        </edge>
        <edge id="top">
            <lane id="top_0">
                <vehicle id="rlright.0" pos="4.98" speed="25.00"/>
            </lane>
        </edge>
    </timestep>
    <timestep time="2.30">
        <edge id="bottom">
            <lane id="bottom_0">
                <vehicle id="rlleft.0" pos="7.48" speed="25.00"/>
            </lane>
        </edge>
        <edge id="left">
            <lane id="left_0">
                <vehicle id="rltop.0" pos="7.48" speed="25.00"/>
            </lane>
        </edge>
        <edge id="right">
            <lane id="right_0">
                <vehicle id="rlbottom.0" pos="7.48" speed="25.00"/>
            </lane>
        </edge>
        <edge id="top">
            <lane id="top_0">
                <vehicle id="rlright.0" pos="7.48" speed="25.00"/>
            </lane>
        </edge>
    </timestep>
    <timestep time="2.40">
        <edge id="bottom">
            <lane id="bottom_0">
                <vehicle id="rlleft.0" pos="9.98" speed="25.00"/>
            </lane>
        </edge>
        <edge id="left">
            <lane id="left_0">
                <vehicle id="rltop.0" pos="9.98" speed="25.00"/>
            </lane>
        </edge>
        <edge id="right">
            <lane id="right_0">
                <vehicle id="rlbottom.0" pos="9.98" speed="25.00"/>
            </lane>
        </edge>
        <edge id="top">
            <lane id="top_0">
                <vehicle id="rlright.0" pos="9.98" speed="25.00"/>
            </lane>
        </edge>
    </timestep>
    <timestep time="2.50">
        <edge id="bottom">
            <lane id="bottom_0">
                <vehicle id="rlleft.0" pos="12.48" speed="25.00"/>
            </lane>
        </edge>
        <edge id="left">
            <lane id="left_0">
                <vehicle id="rltop.0" pos="12.48" speed="25.00"/>
            </lane>
        </edge>
        <edge id="right">
            <lane id="right_0">
                <vehicle id="rlbottom.0" pos="12.48" speed="25.00"/>
            </lane>
        </edge>
        <edge id="top">
            <lane id="top_0">
                <vehicle id="rlright.0" pos="12.48" speed="25.00"/>
            </lane>
        </edge>
    </timestep>
    <timestep time="2.60">
        <edge id="bottom">
            <lane id="bottom_0">
                <vehicle id="rlleft.0" pos="14.98" speed="25.00"/>
            </lane>
        </edge>
        <edge id="left">
            <lane id="left_0">
                <vehicle id="rltop.0" pos="14.98" speed="25.00"/>
            </lane>
        </edge>
        <edge id="right">
            <lane id="right_0">
                <vehicle id="rlbottom.0" pos="14.98" speed="25.00"/>
            </lane>
        </edge>
        <edge id="top">
            <lane id="top_0">
                <vehicle id="rlright.0" pos="14.98" speed="25.00"/>
            </lane>
        </edge>
    </timestep>
    <timestep time="2.70">
        <edge id="bottom">
            <lane id="bottom_0">
                <vehicle id="rlleft.0" pos="17.48" speed="25.00"/>
            </lane>
        </edge>
        <edge id="left">
            <lane id="left_0">
                <vehicle id="rltop.0" pos="17.48" speed="25.00"/>
            </lane>
        </edge>
        <edge id="right">
            <lane id="right_0">
                <vehicle id="rlbottom.0" pos="17.48" speed="25.00"/>
            </lane>
        </edge>
        <edge id="top">
            <lane id="top_0">
                <vehicle id="rlright.0" pos="17.48" speed="25.00"/>
            </lane>
        </edge>
    </timestep>
    <timestep time="2.80">
        <edge id="bottom">
            <lane id="bottom_0">
                <vehicle id="rlleft.0" pos="19.98" speed="25.00"/>
            </lane>
        </edge>
        <edge id="left">
            <lane id="left_0">
                <vehicle id="rltop.0" pos="19.98" speed="25.00"/>
            </lane>
        </edge>
        <edge id="right">
            <lane id="right_0">
                <vehicle id="rlbottom.0" pos="19.98" speed="25.00"/>
            </lane>
        </edge>
        <edge id="top">
            <lane id="top_0">
                <vehicle id="rlright.0" pos="19.98" speed="25.00"/>
            </lane>
        </edge>
    </timestep>
    <timestep time="2.90">
        <edge id="bottom">
            <lane id="bottom_0">
                <vehicle id="rlleft.0" pos="22.48" speed="25.00"/>
            </lane>
        </edge>
        <edge id="left">
            <lane id="left_0">
                <vehicle id="rltop.0" pos="22.48" speed="25.00"/>
            </lane>
        </edge>
        <edge id="right">
            <lane id="right_0">
                <vehicle id="rlbottom.0" pos="22.48" speed="25.00"/>
            </lane>
        </edge>
        <edge id="top">
            <lane id="top_0">
                <vehicle id="rlright.0" pos="22.48" speed="25.00"/>
            </lane>
        </edge>
    </timestep>
    <timestep time="3.00">
        <edge id="bottom">
            <lane id="bottom_0">
                <vehicle id="rlleft.0" pos="24.98" speed="25.00"/>
            </lane>
        </edge>
        <edge id="left">
            <lane id="left_0">
                <vehicle id="rltop.0" pos="24.98" speed="25.00"/>
            </lane>
        </edge>
        <edge id="right">
            <lane id="right_0">
                <vehicle id="rlbottom.0" pos="24.98" speed="25.00"/>
            </lane>
        </edge>
        <edge id="top">
            <lane id="top_0">
                <vehicle id="rlright.0" pos="24.98" speed="25.00"/>
            </lane>
        </edge>
    </timestep>
    <timestep time="3.10">
        <edge id="bottom">
            <lane id="bottom_0">
                <vehicle id="rlleft.0" pos="27.48" speed="25.00"/>
            </lane>
        </edge>
        <edge id="left">
            <lane id="left_0">
                <vehicle id="rltop.0" pos="27.48" speed="25.00"/>
            </lane>
        </edge>
        <edge id="right">
            <lane id="right_0">
                <vehicle id="rlbottom.0" pos="27.48" speed="25.00"/>
            </lane>
        </edge>
        <edge id="top">
            <lane id="top_0">
                <vehicle id="rlright.0" pos="27.48" speed="25.00"/>
            </lane>
        </edge>
    </timestep>
    <timestep time="3.20">
        <edge id="bottom">
            <lane id="bottom_0">
                <vehicle id="rlleft.0" pos="29.98" speed="25.00"/>
            </lane>
        </edge>
        <edge id="left">
            <lane id="left_0">
                <vehicle id="rltop.0" pos="29.98" speed="25.00"/>
            </lane>
        </edge>
        <edge id="right">
            <lane id="right_0">
                <vehicle id="rlbottom.0" pos="29.98" speed="25.00"/>
            </lane>
        </edge>
        <edge id="top">
            <lane id="top_0">
                <vehicle id="rlright.0" pos="29.98" speed="25.00"/>
            </lane>
        </edge>
    </timestep>
    <timestep time="3.30">
        <edge id="bottom">
            <lane id="bottom_0">
                <vehicle id="rlleft.0" pos="32.48" speed="25.00"/>
            </lane>
        </edge>
        <edge id="left">
            <lane id="left_0">
                <vehicle id="rltop.0" pos="32.48" speed="25.00"/>
            </lane>
        </edge>
        <edge id="right">
            <lane id="right_0">
                <vehicle id="rlbottom.0" pos="32.48" speed="25.00"/>
            </lane>
        </edge>
        <edge id="top">
            <lane id="top_0">
                <vehicle id="rlright.0" pos="32.48" speed="25.00"/>
            </lane>
        </edge>
    </timestep>
    <timestep time="3.40">
        <edge id="bottom">
            <lane id="bottom_0">
                <vehicle id="rlleft.0" pos="34.98" speed="25.00"/>
            </lane>
        </edge>
        <edge id="left">
            <lane id="left_0">
                <vehicle id="rltop.0" pos="34.98" speed="25.00"/>
            </lane>
        </edge>
        <edge id="right">
            <lane id="right_0">
                <vehicle id="rlbottom.0" pos="34.98" speed="25.00"/>
            </lane>
        </edge>
        <edge id="top">
            <lane id="top_0">
                <vehicle id="rlright.0" pos="34.98" speed="25.00"/>
            </lane>
        </edge>
    </timestep>
    <timestep time="3.50">
        <edge id="bottom">
            <lane id="bottom_0">
                <vehicle id="rlleft.0" pos="37.48" speed="25.00"/>
            </lane>
        </edge>
        <edge id="left">
            <lane id="left_0">
                <vehicle id="rltop.0" pos="37.48" speed="25.00"/>
            </lane>
        </edge>
        <edge id="right">
            <lane id="right_0">
                <vehicle id="rlbottom.0" pos="37.48" speed="25.00"/>
            </lane>
        </edge>
        <edge id="top">
            <lane id="top_0">
                <vehicle id="rlright.0" pos="37.48" speed="25.00"/>
            </lane>
        </edge>
    </timestep>
    <timestep time="3.60">
        <edge id="bottom">
            <lane id="bottom_0">
                <vehicle id="rlleft.0" pos="39.98" speed="25.00"/>
            </lane>
        </edge>
        <edge id="left">
            <lane id="left_0">
                <vehicle id="rltop.0" pos="39.98" speed="25.00"/>
            </lane>
        </edge>
        <edge id="right">
            <lane id="right_0">
                <vehicle id="rlbottom.0" pos="39.98" speed="25.00"/>
            </lane>
        </edge>
        <edge id="top">
            <lane id="top_0">
                <vehicle id="rlright.0" pos="39.98" speed="25.00"/>
            </lane>
        </edge>
    </timestep>
    <timestep time="3.70">
        <edge id="bottom">
            <lane id="bottom_0">
                <vehicle id="rlleft.0" pos="42.48" speed="25.00"/>
            </lane>
        </edge>
        <edge id="left">
            <lane id="left_0">
                <vehicle id="rltop.0" pos="42.48" speed="25.00"/>
            </lane>
        </edge>
        <edge id="right">
            <lane id="right_0">
                <vehicle id="rlbottom.0" pos="42.48" speed="25.00"/>
            </lane>
        </edge>
        <edge id="top">
            <lane id="top_0">
                <vehicle id="rlright.0" pos="42.48" speed="25.00"/>
            </lane>
        </edge>
    </timestep>
    <timestep time="3.80">
        <edge id="bottom">
            <lane id="bottom_0">
                <vehicle id="rlleft.0" pos="44.98" speed="25.00"/>
            </lane>
        </edge>
        <edge id="left">
            <lane id="left_0">
                <vehicle id="rltop.0" pos="44.98" speed="25.00"/>
            </lane>
        </edge>
        <edge id="right">
            <lane id="right_0">
                <vehicle id="rlbottom.0" pos="44.98" speed="25.00"/>
            </lane>
        </edge>
        <edge id="top">
            <lane id="top_0">
                <vehicle id="rlright.0" pos="44.98" speed="25.00"/>
            </lane>
        </edge>
    </timestep>
    <timestep time="3.90">
        <edge id="bottom">
            <lane id="bottom_0">
                <vehicle id="rlleft.0" pos="47.48" speed="25.00"/>
            </lane>
        </edge>
        <edge id="left">
            <lane id="left_0">
                <vehicle id="rltop.0" pos="47.48" speed="25.00"/>
            </lane>
        </edge>
        <edge id="right">
            <lane id="right_0">
                <vehicle id="rlbottom.0" pos="47.48" speed="25.00"/>
            </lane>
        </edge>
        <edge id="top">
            <lane id="top_0">
                <vehicle id="rlright.0" pos="47.48" speed="25.00"/>
            </lane>
        </edge>
    </timestep>
    <timestep time="4.00">
        <edge id="bottom">
            <lane id="bottom_0">
                <vehicle id="rlleft.0" pos="49.98" speed="25.00"/>
            </lane>
        </edge>
        <edge id="left">
            <lane id="left_0">
                <vehicle id="rltop.0" pos="49.98" speed="25.00"/>
            </lane>
        </edge>
        <edge id="right">
            <lane id="right_0">
                <vehicle id="rlbottom.0" pos="49.98" speed="25.00"/>
            </lane>
        </edge>
        <edge id="top">
            <lane id="top_0">
                <vehicle id="rlright.0" pos="49.98" speed="25.00"/>
            </lane>
        </edge>
    </timestep>
    <timestep time="4.10">
        <edge id="bottom">
            <lane id="bottom_0">
                <vehicle id="rltop.0" pos="2.48" speed="25.00"/>
            </lane>
        </edge>
        <edge id="left">
            <lane id="left_0">
                <vehicle id="rlright.0" pos="2.48" speed="25.00"/>
            </lane>
        </edge>
        <edge id="right">
            <lane id="right_0">
                <vehicle id="rlleft.0" pos="2.48" speed="25.00"/>
            </lane>
        </edge>
        <edge id="top">
            <lane id="top_0">
                <vehicle id="rlbottom.0" pos="2.48" speed="25.00"/>
            </lane>
        </edge>
    </timestep>
    <timestep time="4.20">
        <edge id="bottom">
            <lane id="bottom_0">
                <vehicle id="rltop.0" pos="4.98" speed="25.00"/>
            </lane>
        </edge>
        <edge id="left">
            <lane id="left_0">
                <vehicle id="rlright.0" pos="4.98" speed="25.00"/>
            </lane>
        </edge>
        <edge id="right">
            <lane id="right_0">
                <vehicle id="rlleft.0" pos="4.98" speed="25.00"/>
            </lane>
        </edge>
        <edge id="top">
            <lane id="top_0">
                <vehicle id="rlbottom.0" pos="4.98" speed="25.00"/>
            </lane>
        </edge>
    </timestep>
    <timestep time="4.30">
        <edge id="bottom">
            <lane id="bottom_0">
                <vehicle id="rltop.0" pos="7.48" speed="25.00"/>
            </lane>
        </edge>
        <edge id="left">
            <lane id="left_0">
                <vehicle id="rlright.0" pos="7.48" speed="25.00"/>
            </lane>
        </edge>
        <edge id="right">
            <lane id="right_0">
                <vehicle id="rlleft.0" pos="7.48" speed="25.00"/>
            </lane>
        </edge>
        <edge id="top">
            <lane id="top_0">
                <vehicle id="rlbottom.0" pos="7.48" speed="25.00"/>
            </lane>
        </edge>
    </timestep>
    <timestep time="4.40">
        <edge id="bottom">
            <lane id="bottom_0">
                <vehicle id="rltop.0" pos="9.98" speed="25.00"/>
            </lane>
        </edge>
        <edge id="left">
            <lane id="left_0">
                <vehicle id="rlright.0" pos="9.98" speed="25.00"/>
            </lane>
        </edge>
        <edge id="right">
            <lane id="right_0">
                <vehicle id="rlleft.0" pos="9.98" speed="25.00"/>
            </lane>
        </edge>
        <edge id="top">
            <lane id="top_0">
                <vehicle id="rlbottom.0" pos="9.98" speed="25.00"/>
            </lane>
        </edge>
    </timestep>
    <timestep time="4.50">
        <edge id="bottom">
            <lane id="bottom_0">
                <vehicle id="rltop.0" pos="12.48" speed="25.00"/>
            </lane>
        </edge>
        <edge id="left">
            <lane id="left_0">
                <vehicle id="rlright.0" pos="12.48" speed="25.00"/>
            </lane>
        </edge>
        <edge id="right">
            <lane id="right_0">
                <vehicle id="rlleft.0" pos="12.48" speed="25.00"/>
            </lane>
        </edge>
        <edge id="top">
            <lane id="top_0">
                <vehicle id="rlbottom.0" pos="12.48" speed="25.00"/>
            </lane>
        </edge>
    </timestep>
    <timestep time="4.60">
        <edge id="bottom">
            <lane id="bottom_0">
                <vehicle id="rltop.0" pos="14.98" speed="25.00"/>
            </lane>
        </edge>
        <edge id="left">
            <lane id="left_0">
                <vehicle id="rlright.0" pos="14.98" speed="25.00"/>
            </lane>
        </edge>
        <edge id="right">
            <lane id="right_0">
                <vehicle id="rlleft.0" pos="14.98" speed="25.00"/>
            </lane>
        </edge>
        <edge id="top">
            <lane id="top_0">
                <vehicle id="rlbottom.0" pos="14.98" speed="25.00"/>
            </lane>
        </edge>
    </timestep>
    <timestep time="4.70">
        <edge id="bottom">
            <lane id="bottom_0">
                <vehicle id="rltop.0" pos="17.48" speed="25.00"/>
            </lane>
        </edge>
        <edge id="left">
            <lane id="left_0">
                <vehicle id="rlright.0" pos="17.48" speed="25.00"/>
            </lane>
        </edge>
        <edge id="right">
            <lane id="right_0">
                <vehicle id="rlleft.0" pos="17.48" speed="25.00"/>
            </lane>
        </edge>
        <edge id="top">
            <lane id="top_0">
                <vehicle id="rlbottom.0" pos="17.48" speed="25.00"/>
            </lane>
        </edge>
    </timestep>
    <timestep time="4.80">
        <edge id="bottom">
            <lane id="bottom_0">
                <vehicle id="rltop.0" pos="19.98" speed="25.00"/>
            </lane>
        </edge>
        <edge id="left">
            <lane id="left_0">
                <vehicle id="rlright.0" pos="19.98" speed="25.00"/>
            </lane>
        </edge>
        <edge id="right">
            <lane id="right_0">
                <vehicle id="rlleft.0" pos="19.98" speed="25.00"/>
            </lane>
        </edge>
        <edge id="top">
            <lane id="top_0">
                <vehicle id="rlbottom.0" pos="19.98" speed="25.00"/>
            </lane>
        </edge>
    </timestep>
    <timestep time="4.90">
        <edge id="bottom">
            <lane id="bottom_0">
                <vehicle id="rltop.0" pos="22.48" speed="25.00"/>
            </lane>
        </edge>
        <edge id="left">
            <lane id="left_0">
                <vehicle id="rlright.0" pos="22.48" speed="25.00"/>
            </lane>
        </edge>
        <edge id="right">
            <lane id="right_0">
                <vehicle id="rlleft.0" pos="22.48" speed="25.00"/>
            </lane>
        </edge>
        <edge id="top">
            <lane id="top_0">
                <vehicle id="rlbottom.0" pos="22.48" speed="25.00"/>
            </lane>
        </edge>
    </timestep>
    <timestep time="5.00">
        <edge id="bottom">
            <lane id="bottom_0">
                <vehicle id="rltop.0" pos="24.98" speed="25.00"/>
            </lane>
        </edge>
        <edge id="left">
            <lane id="left_0">
                <vehicle id="rlright.0" pos="24.98" speed="25.00"/>
            </lane>
        </edge>
        <edge id="right">
            <lane id="right_0">
                <vehicle id="rlleft.0" pos="24.98" speed="25.00"/>
            </lane>
        </edge>
        <edge id="top">
            <lane id="top_0">
                <vehicle id="rlbottom.0" pos="24.98" speed="25.00"/>
            </lane>
        </edge>
    </timestep>
    <timestep time="5.10">
        <edge id="bottom">
            <lane id="bottom_0">
                <vehicle id="rlbottom.0" pos="0.00" speed="0.00"/>
            </lane>
        </edge>
        <edge id="left">
            <lane id="left_0">
                <vehicle id="rlleft.0" pos="0.00" speed="0.00"/>
            </lane>
        </edge>
        <edge id="right">
            <lane id="right_0">
                <vehicle id="rlright.0" pos="0.00" speed="0.00"/>
            </lane>
        </edge>
        <edge id="top">
            <lane id="top_0">
                <vehicle id="rltop.0" pos="0.00" speed="0.00"/>
            </lane>
        </edge>
    </timestep>
    <timestep time="5.20">
        <edge id="bottom">
            <lane id="bottom_0">
                <vehicle id="rlbottom.0" pos="1.49" speed="14.85"/>
            </lane>
        </edge>
        <edge id="left">
            <lane id="left_0">
                <vehicle id="rlleft.0" pos="1.49" speed="14.85"/>
            </lane>
        </edge>
        <edge id="right">
            <lane id="right_0">
                <vehicle id="rlright.0" pos="1.49" speed="14.85"/>
            </lane>
        </edge>
        <edge id="top">
            <lane id="top_0">
                <vehicle id="rltop.0" pos="1.49" speed="14.85"/>
            </lane>
        </edge>
    </timestep>
    <timestep time="5.30">
        <edge id="bottom">
            <lane id="bottom_0">
                <vehicle id="rlbottom.0" pos="2.99" speed="15.00"/>
            </lane>
        </edge>
        <edge id="left">
            <lane id="left_0">
                <vehicle id="rlleft.0" pos="2.99" speed="15.00"/>
            </lane>
        </edge>
        <edge id="right">
            <lane id="right_0">
                <vehicle id="rlright.0" pos="2.99" speed="15.00"/>
            </lane>
        </edge>
        <edge id="top">
            <lane id="top_0">
                <vehicle id="rltop.0" pos="2.99" speed="15.00"/>
            </lane>
        </edge>
    </timestep>
    <timestep time="5.40">
        <edge id="bottom">
            <lane id="bottom_0">
                <vehicle id="rlbottom.0" pos="4.49" speed="15.00"/>
            </lane>
        </edge>
        <edge id="left">
            <lane id="left_0">
                <vehicle id="rlleft.0" pos="4.49" speed="15.00"/>
            </lane>
        </edge>
        <edge id="right">
            <lane id="right_0">
                <vehicle id="rlright.0" pos="4.49" speed="15.00"/>
            </lane>
        </edge>
        <edge id="top">
            <lane id="top_0">
                <vehicle id="rltop.0" pos="4.49" speed="15.00"/>
            </lane>
        </edge>
    </timestep>
    <timestep time="5.50">
        <edge id="bottom">
            <lane id="bottom_0">
                <vehicle id="rlbottom.0" pos="5.99" speed="15.00"/>
            </lane>
        </edge>
        <edge id="left">
            <lane id="left_0">
                <vehicle id="rlleft.0" pos="5.99" speed="15.00"/>
            </lane>
        </edge>
        <edge id="right">
            <lane id="right_0">
                <vehicle id="rlright.0" pos="5.99" speed="15.00"/>
            </lane>
        </edge>
        <edge id="top">
            <lane id="top_0">
                <vehicle id="rltop.0" pos="5.99" speed="15.00"/>
            </lane>
        </edge>
    </timestep>
    <timestep time="5.60">
        <edge id="bottom">
            <lane id="bottom_0">
                <vehicle id="rlbottom.0" pos="7.49" speed="15.00"/>
            </lane>
        </edge>
        <edge id="left">
            <lane id="left_0">
                <vehicle id="rlleft.0" pos="7.49" speed="15.00"/>
            </lane>
        </edge>
        <edge id="right">
            <lane id="right_0">
                <vehicle id="rlright.0" pos="7.49" speed="15.00"/>
            </lane>
        </edge>
        <edge id="top">
            <lane id="top_0">
                <vehicle id="rltop.0" pos="7.49" speed="15.00"/>
            </lane>
        </edge>
    </timestep>
    <timestep time="5.70">
        <edge id="bottom">
            <lane id="bottom_0">
                <vehicle id="rlbottom.0" pos="8.99" speed="15.00"/>
            </lane>
        </edge>
        <edge id="left">
            <lane id="left_0">
                <vehicle id="rlleft.0" pos="8.99" speed="15.00"/>
            </lane>
        </edge>
        <edge id="right">
            <lane id="right_0">
                <vehicle id="rlright.0" pos="8.99" speed="15.00"/>
            </lane>
        </edge>
        <edge id="top">
            <lane id="top_0">
                <vehicle id="rltop.0" pos="8.99" speed="15.00"/>
            </lane>
        </edge>
    </timestep>
    <timestep time="5.80">
        <edge id="bottom">
            <lane id="bottom_0">
                <vehicle id="rlbottom.0" pos="10.48" speed="15.00"/>
            </lane>
        </edge>
        <edge id="left">
            <lane id="left_0">
                <vehicle id="rlleft.0" pos="10.48" speed="15.00"/>
            </lane>
        </edge>
        <edge id="right">
            <lane id="right_0">
                <vehicle id="rlright.0" pos="10.48" speed="15.00"/>
            </lane>
        </edge>
        <edge id="top">
            <lane id="top_0">
                <vehicle id="rltop.0" pos="10.48" speed="15.00"/>
            </lane>
        </edge>
    </timestep>
    <timestep time="5.90">
        <edge id="bottom">
            <lane id="bottom_0">
                <vehicle id="rlbottom.0" pos="11.98" speed="15.00"/>
            </lane>
        </edge>
        <edge id="left">
            <lane id="left_0">
                <vehicle id="rlleft.0" pos="11.98" speed="15.00"/>
            </lane>
        </edge>
        <edge id="right">
            <lane id="right_0">
                <vehicle id="rlright.0" pos="11.98" speed="15.00"/>
            </lane>
        </edge>
        <edge id="top">
            <lane id="top_0">
                <vehicle id="rltop.0" pos="11.98" speed="15.00"/>
            </lane>
        </edge>
    </timestep>
    <timestep time="6.00">
        <edge id="bottom">
            <lane id="bottom_0">
                <vehicle id="rlbottom.0" pos="13.48" speed="15.00"/>
            </lane>
        </edge>
        <edge id="left">
            <lane id="left_0">
                <vehicle id="rlleft.0" pos="13.48" speed="15.00"/>
            </lane>
        </edge>
        <edge id="right">
            <lane id="right_0">
                <vehicle id="rlright.0" pos="13.48" speed="15.00"/>
            </lane>
        </edge>
        <edge id="top">
            <lane id="top_0">
                <vehicle id="rltop.0" pos="13.48" speed="15.00"/>
            </lane>
        </edge>
    </timestep>
    <timestep time="6.10">
        <edge id="bottom">
            <lane id="bottom_0">
                <vehicle id="rlbottom.0" pos="14.98" speed="15.00"/>
            </lane>
        </edge>
        <edge id="left">
            <lane id="left_0">
                <vehicle id="rlleft.0" pos="14.98" speed="15.00"/>
            </lane>
        </edge>
        <edge id="right">
            <lane id="right_0">
                <vehicle id="rlright.0" pos="14.98" speed="15.00"/>
            </lane>
        </edge>
        <edge id="top">
            <lane id="top_0">
                <vehicle id="rltop.0" pos="14.98" speed="15.00"/>
            </lane>
        </edge>
    </timestep>
    <timestep time="6.20">
        <edge id="bottom">
            <lane id="bottom_0">
                <vehicle id="rlbottom.0" pos="16.48" speed="15.00"/>
            </lane>
        </edge>
        <edge id="left">
            <lane id="left_0">
                <vehicle id="rlleft.0" pos="16.48" speed="15.00"/>
            </lane>
        </edge>
        <edge id="right">
            <lane id="right_0">
                <vehicle id="rlright.0" pos="16.48" speed="15.00"/>
            </lane>
        </edge>
        <edge id="top">
            <lane id="top_0">
                <vehicle id="rltop.0" pos="16.48" speed="15.00"/>
            </lane>
        </edge>
    </timestep>
    <timestep time="6.30">
        <edge id="bottom">
            <lane id="bottom_0">
                <vehicle id="rlbottom.0" pos="17.98" speed="15.00"/>
            </lane>
        </edge>
        <edge id="left">
            <lane id="left_0">
                <vehicle id="rlleft.0" pos="17.98" speed="15.00"/>
            </lane>
        </edge>
        <edge id="right">
            <lane id="right_0">
                <vehicle id="rlright.0" pos="17.98" speed="15.00"/>
            </lane>
        </edge>
        <edge id="top">
            <lane id="top_0">
                <vehicle id="rltop.0" pos="17.98" speed="15.00"/>
            </lane>
        </edge>
    </timestep>
    <timestep time="6.40">
        <edge id="bottom">
            <lane id="bottom_0">
                <vehicle id="rlbottom.0" pos="19.48" speed="15.00"/>
            </lane>
        </edge>
        <edge id="left">
            <lane id="left_0">
                <vehicle id="rlleft.0" pos="19.48" speed="15.00"/>
            </lane>
        </edge>
        <edge id="right">
            <lane id="right_0">
                <vehicle id="rlright.0" pos="19.48" speed="15.00"/>
            </lane>
        </edge>
        <edge id="top">
            <lane id="top_0">
                <vehicle id="rltop.0" pos="19.48" speed="15.00"/>
            </lane>
        </edge>
    </timestep>
    <timestep time="6.50">
        <edge id="bottom">
            <lane id="bottom_0">
                <vehicle id="rlbottom.0" pos="20.98" speed="15.00"/>
            </lane>
        </edge>
        <edge id="left">
            <lane id="left_0">
                <vehicle id="rlleft.0" pos="20.98" speed="15.00"/>
            </lane>
        </edge>
        <edge id="right">
            <lane id="right_0">
                <vehicle id="rlright.0" pos="20.98" speed="15.00"/>
            </lane>
        </edge>
        <edge id="top">
            <lane id="top_0">
                <vehicle id="rltop.0" pos="20.98" speed="15.00"/>
            </lane>
        </edge>
    </timestep>
    <timestep time="6.60">
        <edge id="bottom">
            <lane id="bottom_0">
                <vehicle id="rlbottom.0" pos="22.48" speed="15.00"/>
            </lane>
        </edge>
        <edge id="left">
            <lane id="left_0">
                <vehicle id="rlleft.0" pos="22.48" speed="15.00"/>
            </lane>
        </edge>
        <edge id="right">
            <lane id="right_0">
                <vehicle id="rlright.0" pos="22.48" speed="15.00"/>
            </lane>
        </edge>
        <edge id="top">
            <lane id="top_0">
                <vehicle id="rltop.0" pos="22.48" speed="15.00"/>
            </lane>
        </edge>
    </timestep>
    <timestep time="6.70">
        <edge id="bottom">
            <lane id="bottom_0">
                <vehicle id="rlbottom.0" pos="23.98" speed="15.00"/>
            </lane>
        </edge>
        <edge id="left">
            <lane id="left_0">
                <vehicle id="rlleft.0" pos="23.98" speed="15.00"/>
            </lane>
        </edge>
        <edge id="right">
            <lane id="right_0">
                <vehicle id="rlright.0" pos="23.98" speed="15.00"/>
            </lane>
        </edge>
        <edge id="top">
            <lane id="top_0">
                <vehicle id="rltop.0" pos="23.98" speed="15.00"/>
            </lane>
        </edge>
    </timestep>
    <timestep time="6.80">
        <edge id="bottom">
            <lane id="bottom_0">
                <vehicle id="rlbottom.0" pos="25.48" speed="15.00"/>
            </lane>
        </edge>
        <edge id="left">
            <lane id="left_0">
                <vehicle id="rlleft.0" pos="25.48" speed="15.00"/>
            </lane>
        </edge>
        <edge id="right">
            <lane id="right_0">
                <vehicle id="rlright.0" pos="25.48" speed="15.00"/>
            </lane>
        </edge>
        <edge id="top">
            <lane id="top_0">
                <vehicle id="rltop.0" pos="25.48" speed="15.00"/>
            </lane>
        </edge>
    </timestep>
    <timestep time="6.90">
        <edge id="bottom">
            <lane id="bottom_0">
                <vehicle id="rlbottom.0" pos="26.98" speed="15.00"/>
            </lane>
        </edge>
        <edge id="left">
            <lane id="left_0">
                <vehicle id="rlleft.0" pos="26.98" speed="15.00"/>
            </lane>
        </edge>
        <edge id="right">
            <lane id="right_0">
                <vehicle id="rlright.0" pos="26.98" speed="15.00"/>
            </lane>
        </edge>
        <edge id="top">
            <lane id="top_0">
                <vehicle id="rltop.0" pos="26.98" speed="15.00"/>
            </lane>
        </edge>
    </timestep>
    <timestep time="7.00">
        <edge id="bottom">
            <lane id="bottom_0">
                <vehicle id="rlbottom.0" pos="28.48" speed="15.00"/>
            </lane>
        </edge>
        <edge id="left">
            <lane id="left_0">
                <vehicle id="rlleft.0" pos="28.48" speed="15.00"/>
            </lane>
        </edge>
        <edge id="right">
            <lane id="right_0">
                <vehicle id="rlright.0" pos="28.48" speed="15.00"/>
            </lane>
        </edge>
        <edge id="top">
            <lane id="top_0">
                <vehicle id="rltop.0" pos="28.48" speed="15.00"/>
            </lane>
        </edge>
    </timestep>
    <timestep time="7.10">
        <edge id="bottom">
            <lane id="bottom_0">
                <vehicle id="rlbottom.0" pos="29.98" speed="15.00"/>
            </lane>
        </edge>
        <edge id="left">
            <lane id="left_0">
                <vehicle id="rlleft.0" pos="29.98" speed="15.00"/>
            </lane>
        </edge>
        <edge id="right">
            <lane id="right_0">
                <vehicle id="rlright.0" pos="29.98" speed="15.00"/>
            </lane>
        </edge>
        <edge id="top">
            <lane id="top_0">
                <vehicle id="rltop.0" pos="29.98" speed="15.00"/>
            </lane>
        </edge>
    </timestep>
    <timestep time="7.20">
        <edge id="bottom">
            <lane id="bottom_0">
                <vehicle id="rlbottom.0" pos="32.48" speed="24.90"/>
            </lane>
        </edge>
        <edge id="left">
            <lane id="left_0">
                <vehicle id="rlleft.0" pos="32.48" speed="24.90"/>
            </lane>
        </edge>
        <edge id="right">
            <lane id="right_0">
                <vehicle id="rlright.0" pos="32.48" speed="24.90"/>
            </lane>
        </edge>
        <edge id="top">
            <lane id="top_0">
                <vehicle id="rltop.0" pos="32.48" speed="24.90"/>
            </lane>
        </edge>
    </timestep>
    <timestep time="7.30">
        <edge id="bottom">
            <lane id="bottom_0">
                <vehicle id="rlbottom.0" pos="34.98" speed="25.00"/>
            </lane>
        </edge>
        <edge id="left">
            <lane id="left_0">
                <vehicle id="rlleft.0" pos="34.98" speed="25.00"/>
            </lane>
        </edge>
        <edge id="right">
            <lane id="right_0">
                <vehicle id="rlright.0" pos="34.98" speed="25.00"/>
            </lane>
        </edge>
        <edge id="top">
            <lane id="top_0">
                <vehicle id="rltop.0" pos="34.98" speed="25.00"/>
            </lane>
        </edge>
    </timestep>
    <timestep time="7.40">
        <edge id="bottom">
            <lane id="bottom_0">
                <vehicle id="rlbottom.0" pos="37.48" speed="25.00"/>
            </lane>
        </edge>
        <edge id="left">
            <lane id="left_0">
                <vehicle id="rlleft.0" pos="37.48" speed="25.00"/>
            </lane>
        </edge>
        <edge id="right">
            <lane id="right_0">
                <vehicle id="rlright.0" pos="37.48" speed="25.00"/>
            </lane>
        </edge>
        <edge id="top">
            <lane id="top_0">
                <vehicle id="rltop.0" pos="37.48" speed="25.00"/>
            </lane>
        </edge>
    </timestep>
    <timestep time="7.50">
        <edge id="bottom">
            <lane id="bottom_0">
                <vehicle id="rlbottom.0" pos="39.98" speed="25.00"/>
            </lane>
        </edge>
        <edge id="left">
            <lane id="left_0">
                <vehicle id="rlleft.0" pos="39.98" speed="25.00"/>
            </lane>
        </edge>
        <edge id="right">
            <lane id="right_0">
                <vehicle id="rlright.0" pos="39.98" speed="25.00"/>
            </lane>
        </edge>
        <edge id="top">
            <lane id="top_0">
                <vehicle id="rltop.0" pos="39.98" speed="25.00"/>
            </lane>
        </edge>
    </timestep>
    <timestep time="7.60">
        <edge id="bottom">
            <lane id="bottom_0">
                <vehicle id="rlbottom.0" pos="42.48" speed="25.00"/>
            </lane>
        </edge>
        <edge id="left">
            <lane id="left_0">
                <vehicle id="rlleft.0" pos="42.48" speed="25.00"/>
            </lane>
        </edge>
        <edge id="right">
            <lane id="right_0">
                <vehicle id="rlright.0" pos="42.48" speed="25.00"/>
            </lane>
        </edge>
        <edge id="top">
            <lane id="top_0">
                <vehicle id="rltop.0" pos="42.48" speed="25.00"/>
            </lane>
        </edge>
    </timestep>
    <timestep time="7.70">
        <edge id="bottom">
            <lane id="bottom_0">
                <vehicle id="rlbottom.0" pos="44.97" speed="25.00"/>
            </lane>
        </edge>
        <edge id="left">
            <lane id="left_0">
                <vehicle id="rlleft.0" pos="44.97" speed="25.00"/>
            </lane>
        </edge>
        <edge id="right">
            <lane id="right_0">
                <vehicle id="rlright.0" pos="44.97" speed="25.00"/>
            </lane>
        </edge>
        <edge id="top">
            <lane id="top_0">
                <vehicle id="rltop.0" pos="44.97" speed="25.00"/>
            </lane>
        </edge>
    </timestep>
    <timestep time="7.80">
        <edge id="bottom">
            <lane id="bottom_0">
                <vehicle id="rlbottom.0" pos="47.47" speed="25.00"/>
            </lane>
        </edge>
        <edge id="left">
            <lane id="left_0">
                <vehicle id="rlleft.0" pos="47.47" speed="25.00"/>
            </lane>
        </edge>
        <edge id="right">
            <lane id="right_0">
                <vehicle id="rlright.0" pos="47.47" speed="25.00"/>
            </lane>
        </edge>
        <edge id="top">
            <lane id="top_0">
                <vehicle id="rltop.0" pos="47.47" speed="25.00"/>
            </lane>
        </edge>
    </timestep>
    <timestep time="7.90">
        <edge id="bottom">
            <lane id="bottom_0">
                <vehicle id="rlbottom.0" pos="49.97" speed="25.00"/>
            </lane>
        </edge>
        <edge id="left">
            <lane id="left_0">
                <vehicle id="rlleft.0" pos="49.97" speed="25.00"/>
            </lane>
        </edge>
        <edge id="right">
            <lane id="right_0">
                <vehicle id="rlright.0" pos="49.97" speed="25.00"/>
            </lane>
        </edge>
        <edge id="top">
            <lane id="top_0">
                <vehicle id="rltop.0" pos="49.97" speed="25.00"/>
            </lane>
        </edge>
    </timestep>
    <timestep time="8.00">
        <edge id="bottom">
            <lane id="bottom_0">
                <vehicle id="rlleft.0" pos="2.47" speed="25.00"/>
            </lane>
        </edge>
        <edge id="left">
            <lane id="left_0">
                <vehicle id="rltop.0" pos="2.47" speed="25.00"/>
            </lane>
        </edge>
        <edge id="right">
            <lane id="right_0">
                <vehicle id="rlbottom.0" pos="2.47" speed="25.00"/>
            </lane>
        </edge>
        <edge id="top">
            <lane id="top_0">
                <vehicle id="rlright.0" pos="2.47" speed="25.00"/>
            </lane>
        </edge>
    </timestep>
    <timestep time="8.10">
        <edge id="bottom">
            <lane id="bottom_0">
                <vehicle id="rlleft.0" pos="4.97" speed="25.00"/>
            </lane>
        </edge>
        <edge id="left">
            <lane id="left_0">
                <vehicle id="rltop.0" pos="4.97" speed="25.00"/>
            </lane>
        </edge>
        <edge id="right">
            <lane id="right_0">
                <vehicle id="rlbottom.0" pos="4.97" speed="25.00"/>
            </lane>
        </edge>
        <edge id="top">
            <lane id="top_0">
                <vehicle id="rlright.0" pos="4.97" speed="25.00"/>
            </lane>
        </edge>
    </timestep>
    <timestep time="8.20">
        <edge id="bottom">
            <lane id="bottom_0">
                <vehicle id="rlleft.0" pos="7.49" speed="25.13"/>
            </lane>
        </edge>
        <edge id="left">
            <lane id="left_0">
                <vehicle id="rltop.0" pos="7.49" speed="25.15"/>
            </lane>
        </edge>
        <edge id="right">
            <lane id="right_0">
                <vehicle id="rlbottom.0" pos="7.49" speed="25.14"/>
            </lane>
        </edge>
        <edge id="top">
            <lane id="top_0">
                <vehicle id="rlright.0" pos="7.50" speed="25.25"/>
            </lane>
        </edge>
    </timestep>
</netstate>
