<?xml version="1.0" encoding="UTF-8"?>

<!-- generated on Wed Feb  1 12:52:32 2017 by SUMO gui Version 0.27.1
<?xml version="1.0" encoding="UTF-8"?>

<configuration xmlns:xsi="http://www.w3.org/2001/XMLSchema-instance" xsi:noNamespaceSchemaLocation="http://sumo.dlr.de/xsd/sumo-gui.exeConfiguration.xsd">

    <input>
        <net-file value="debug/cfg/test-exp-200m1l.net.xml"/>
        <route-files value="debug/cfg/test-exp-200m1l.rou.xml"/>
        <additional-files value="debug/cfg/test-exp-200m1l.add.xml"/>
    </input>

    <output>
        <netstate-dump value="debug/cfg/data/test-exp-200m1l.netstate.xml"/>
        <emission-output value="debug/cfg/data/test-exp-200m1l.emission.xml"/>
        <amitran-output value="debug/cfg/data/test-exp-200m1l.amitran.xml"/>
        <lanechange-output value="debug/cfg/data/test-exp-200m1l.lanechange.xml"/>
    </output>

    <time>
        <begin value="0"/>
        <end value="3000"/>
        <step-length value="0.1"/>
    </time>

    <traci_server>
        <remote-port value="8873"/>
    </traci_server>

    <gui_only>
        <gui-settings-file value="debug/cfg/test-exp-200m1l.gui.cfg"/>
    </gui_only>

</configuration>
-->

<trajectories xmlns:xsi="http://www.w3.org/2001/XMLSchema-instance" xsi:noNamespaceSchemaLocation="http://sumo.dlr.de/xsd/amitran/trajectories.xsd" timeStepSize="100">
    <actorConfig id="2" vehicleClass="Passenger" fuel="Gasoline" emissionClass="Euro0" ref="rl"/>
    <vehicle id="0" actorConfig="2" startTime="0" ref="rlbottom.0"/>
    <motionState vehicle="0" speed="0" time="0" acceleration="0"/>
    <vehicle id="1" actorConfig="2" startTime="0" ref="rlleft.0"/>
    <motionState vehicle="1" speed="0" time="0" acceleration="0"/>
    <vehicle id="2" actorConfig="2" startTime="0" ref="rlright.0"/>
    <motionState vehicle="2" speed="0" time="0" acceleration="0"/>
    <vehicle id="3" actorConfig="2" startTime="0" ref="rltop.0"/>
    <motionState vehicle="3" speed="0" time="0" acceleration="0"/>
    <motionState vehicle="0" speed="2475" time="100" acceleration="247525"/>
    <motionState vehicle="1" speed="2475" time="100" acceleration="247525"/>
    <motionState vehicle="2" speed="2475" time="100" acceleration="247525"/>
    <motionState vehicle="3" speed="2475" time="100" acceleration="247525"/>
    <motionState vehicle="0" speed="2500" time="200" acceleration="2451"/>
    <motionState vehicle="1" speed="2500" time="200" acceleration="2451"/>
    <motionState vehicle="2" speed="2500" time="200" acceleration="2451"/>
    <motionState vehicle="3" speed="2500" time="200" acceleration="2451"/>
    <motionState vehicle="0" speed="2500" time="300" acceleration="24"/>
    <motionState vehicle="1" speed="2500" time="300" acceleration="24"/>
    <motionState vehicle="2" speed="2500" time="300" acceleration="24"/>
    <motionState vehicle="3" speed="2500" time="300" acceleration="24"/>
    <motionState vehicle="0" speed="2500" time="400" acceleration="0"/>
    <motionState vehicle="1" speed="2500" time="400" acceleration="0"/>
    <motionState vehicle="2" speed="2500" time="400" acceleration="0"/>
    <motionState vehicle="3" speed="2500" time="400" acceleration="0"/>
    <motionState vehicle="0" speed="2500" time="500" acceleration="0"/>
    <motionState vehicle="1" speed="2500" time="500" acceleration="0"/>
    <motionState vehicle="2" speed="2500" time="500" acceleration="0"/>
    <motionState vehicle="3" speed="2500" time="500" acceleration="0"/>
    <motionState vehicle="0" speed="2500" time="600" acceleration="0"/>
    <motionState vehicle="1" speed="2500" time="600" acceleration="0"/>
    <motionState vehicle="2" speed="2500" time="600" acceleration="0"/>
    <motionState vehicle="3" speed="2500" time="600" acceleration="0"/>
    <motionState vehicle="0" speed="2500" time="700" acceleration="0"/>
    <motionState vehicle="1" speed="2500" time="700" acceleration="0"/>
    <motionState vehicle="2" speed="2500" time="700" acceleration="0"/>
    <motionState vehicle="3" speed="2500" time="700" acceleration="0"/>
    <motionState vehicle="0" speed="2500" time="800" acceleration="0"/>
    <motionState vehicle="1" speed="2500" time="800" acceleration="0"/>
    <motionState vehicle="2" speed="2500" time="800" acceleration="0"/>
    <motionState vehicle="3" speed="2500" time="800" acceleration="0"/>
    <motionState vehicle="0" speed="2500" time="900" acceleration="0"/>
    <motionState vehicle="1" speed="2500" time="900" acceleration="0"/>
    <motionState vehicle="2" speed="2500" time="900" acceleration="0"/>
    <motionState vehicle="3" speed="2500" time="900" acceleration="0"/>
    <motionState vehicle="0" speed="2500" time="1000" acceleration="0"/>
    <motionState vehicle="1" speed="2500" time="1000" acceleration="0"/>
    <motionState vehicle="2" speed="2500" time="1000" acceleration="0"/>
    <motionState vehicle="3" speed="2500" time="1000" acceleration="0"/>
    <motionState vehicle="0" speed="2500" time="1100" acceleration="0"/>
    <motionState vehicle="1" speed="2500" time="1100" acceleration="0"/>
    <motionState vehicle="2" speed="2500" time="1100" acceleration="0"/>
    <motionState vehicle="3" speed="2500" time="1100" acceleration="0"/>
    <motionState vehicle="0" speed="2500" time="1200" acceleration="0"/>
    <motionState vehicle="1" speed="2500" time="1200" acceleration="0"/>
    <motionState vehicle="2" speed="2500" time="1200" acceleration="0"/>
    <motionState vehicle="3" speed="2500" time="1200" acceleration="0"/>
    <motionState vehicle="0" speed="2500" time="1300" acceleration="0"/>
    <motionState vehicle="1" speed="2500" time="1300" acceleration="0"/>
    <motionState vehicle="2" speed="2500" time="1300" acceleration="0"/>
    <motionState vehicle="3" speed="2500" time="1300" acceleration="0"/>
    <motionState vehicle="0" speed="2500" time="1400" acceleration="0"/>
    <motionState vehicle="1" speed="2500" time="1400" acceleration="0"/>
    <motionState vehicle="2" speed="2500" time="1400" acceleration="0"/>
    <motionState vehicle="3" speed="2500" time="1400" acceleration="0"/>
    <motionState vehicle="0" speed="2500" time="1500" acceleration="0"/>
    <motionState vehicle="1" speed="2500" time="1500" acceleration="0"/>
    <motionState vehicle="2" speed="2500" time="1500" acceleration="0"/>
    <motionState vehicle="3" speed="2500" time="1500" acceleration="0"/>
    <motionState vehicle="0" speed="2500" time="1600" acceleration="0"/>
    <motionState vehicle="1" speed="2500" time="1600" acceleration="0"/>
    <motionState vehicle="2" speed="2500" time="1600" acceleration="0"/>
    <motionState vehicle="3" speed="2500" time="1600" acceleration="0"/>
    <motionState vehicle="0" speed="2500" time="1700" acceleration="0"/>
    <motionState vehicle="1" speed="2500" time="1700" acceleration="0"/>
    <motionState vehicle="2" speed="2500" time="1700" acceleration="0"/>
    <motionState vehicle="3" speed="2500" time="1700" acceleration="0"/>
    <motionState vehicle="0" speed="2500" time="1800" acceleration="0"/>
    <motionState vehicle="1" speed="2500" time="1800" acceleration="0"/>
    <motionState vehicle="2" speed="2500" time="1800" acceleration="0"/>
    <motionState vehicle="3" speed="2500" time="1800" acceleration="0"/>
    <motionState vehicle="0" speed="2500" time="1900" acceleration="0"/>
    <motionState vehicle="1" speed="2500" time="1900" acceleration="0"/>
    <motionState vehicle="2" speed="2500" time="1900" acceleration="0"/>
    <motionState vehicle="3" speed="2500" time="1900" acceleration="0"/>
    <motionState vehicle="0" speed="2500" time="2000" acceleration="0"/>
    <motionState vehicle="1" speed="2500" time="2000" acceleration="0"/>
    <motionState vehicle="2" speed="2500" time="2000" acceleration="0"/>
    <motionState vehicle="3" speed="2500" time="2000" acceleration="0"/>
    <motionState vehicle="0" speed="2500" time="2100" acceleration="0"/>
    <motionState vehicle="1" speed="2500" time="2100" acceleration="0"/>
    <motionState vehicle="2" speed="2500" time="2100" acceleration="0"/>
    <motionState vehicle="3" speed="2500" time="2100" acceleration="0"/>
    <motionState vehicle="0" speed="2500" time="2200" acceleration="0"/>
    <motionState vehicle="1" speed="2500" time="2200" acceleration="0"/>
    <motionState vehicle="2" speed="2500" time="2200" acceleration="0"/>
    <motionState vehicle="3" speed="2500" time="2200" acceleration="0"/>
    <motionState vehicle="0" speed="2500" time="2300" acceleration="0"/>
    <motionState vehicle="1" speed="2500" time="2300" acceleration="0"/>
    <motionState vehicle="2" speed="2500" time="2300" acceleration="0"/>
    <motionState vehicle="3" speed="2500" time="2300" acceleration="0"/>
    <motionState vehicle="0" speed="2500" time="2400" acceleration="0"/>
    <motionState vehicle="1" speed="2500" time="2400" acceleration="0"/>
    <motionState vehicle="2" speed="2500" time="2400" acceleration="0"/>
    <motionState vehicle="3" speed="2500" time="2400" acceleration="0"/>
    <motionState vehicle="0" speed="2500" time="2500" acceleration="0"/>
    <motionState vehicle="1" speed="2500" time="2500" acceleration="0"/>
    <motionState vehicle="2" speed="2500" time="2500" acceleration="0"/>
    <motionState vehicle="3" speed="2500" time="2500" acceleration="0"/>
    <motionState vehicle="0" speed="2500" time="2600" acceleration="0"/>
    <motionState vehicle="1" speed="2500" time="2600" acceleration="0"/>
    <motionState vehicle="2" speed="2500" time="2600" acceleration="0"/>
    <motionState vehicle="3" speed="2500" time="2600" acceleration="0"/>
    <motionState vehicle="0" speed="2500" time="2700" acceleration="0"/>
    <motionState vehicle="1" speed="2500" time="2700" acceleration="0"/>
    <motionState vehicle="2" speed="2500" time="2700" acceleration="0"/>
    <motionState vehicle="3" speed="2500" time="2700" acceleration="0"/>
    <motionState vehicle="0" speed="2500" time="2800" acceleration="0"/>
    <motionState vehicle="1" speed="2500" time="2800" acceleration="0"/>
    <motionState vehicle="2" speed="2500" time="2800" acceleration="0"/>
    <motionState vehicle="3" speed="2500" time="2800" acceleration="0"/>
    <motionState vehicle="0" speed="2500" time="2900" acceleration="0"/>
    <motionState vehicle="1" speed="2500" time="2900" acceleration="0"/>
    <motionState vehicle="2" speed="2500" time="2900" acceleration="0"/>
    <motionState vehicle="3" speed="2500" time="2900" acceleration="0"/>
    <motionState vehicle="0" speed="2500" time="3000" acceleration="0"/>
    <motionState vehicle="1" speed="2500" time="3000" acceleration="0"/>
    <motionState vehicle="2" speed="2500" time="3000" acceleration="0"/>
    <motionState vehicle="3" speed="2500" time="3000" acceleration="0"/>
    <motionState vehicle="0" speed="2500" time="3100" acceleration="0"/>
    <motionState vehicle="1" speed="2500" time="3100" acceleration="0"/>
    <motionState vehicle="2" speed="2500" time="3100" acceleration="0"/>
    <motionState vehicle="3" speed="2500" time="3100" acceleration="0"/>
    <motionState vehicle="0" speed="2500" time="3200" acceleration="0"/>
    <motionState vehicle="1" speed="2500" time="3200" acceleration="0"/>
    <motionState vehicle="2" speed="2500" time="3200" acceleration="0"/>
    <motionState vehicle="3" speed="2500" time="3200" acceleration="0"/>
    <motionState vehicle="0" speed="2500" time="3300" acceleration="0"/>
    <motionState vehicle="1" speed="2500" time="3300" acceleration="0"/>
    <motionState vehicle="2" speed="2500" time="3300" acceleration="0"/>
    <motionState vehicle="3" speed="2500" time="3300" acceleration="0"/>
    <motionState vehicle="0" speed="2500" time="3400" acceleration="0"/>
    <motionState vehicle="1" speed="2500" time="3400" acceleration="0"/>
    <motionState vehicle="2" speed="2500" time="3400" acceleration="0"/>
    <motionState vehicle="3" speed="2500" time="3400" acceleration="0"/>
    <motionState vehicle="0" speed="2500" time="3500" acceleration="0"/>
    <motionState vehicle="1" speed="2500" time="3500" acceleration="0"/>
    <motionState vehicle="2" speed="2500" time="3500" acceleration="0"/>
    <motionState vehicle="3" speed="2500" time="3500" acceleration="0"/>
    <motionState vehicle="0" speed="2500" time="3600" acceleration="0"/>
    <motionState vehicle="1" speed="2500" time="3600" acceleration="0"/>
    <motionState vehicle="2" speed="2500" time="3600" acceleration="0"/>
    <motionState vehicle="3" speed="2500" time="3600" acceleration="0"/>
    <motionState vehicle="0" speed="2500" time="3700" acceleration="0"/>
    <motionState vehicle="1" speed="2500" time="3700" acceleration="0"/>
    <motionState vehicle="2" speed="2500" time="3700" acceleration="0"/>
    <motionState vehicle="3" speed="2500" time="3700" acceleration="0"/>
    <motionState vehicle="0" speed="2500" time="3800" acceleration="0"/>
    <motionState vehicle="1" speed="2500" time="3800" acceleration="0"/>
    <motionState vehicle="2" speed="2500" time="3800" acceleration="0"/>
    <motionState vehicle="3" speed="2500" time="3800" acceleration="0"/>
    <motionState vehicle="0" speed="2500" time="3900" acceleration="0"/>
    <motionState vehicle="1" speed="2500" time="3900" acceleration="0"/>
    <motionState vehicle="2" speed="2500" time="3900" acceleration="0"/>
    <motionState vehicle="3" speed="2500" time="3900" acceleration="0"/>
    <motionState vehicle="0" speed="2500" time="4000" acceleration="0"/>
    <motionState vehicle="1" speed="2500" time="4000" acceleration="0"/>
    <motionState vehicle="2" speed="2500" time="4000" acceleration="0"/>
    <motionState vehicle="3" speed="2500" time="4000" acceleration="0"/>
    <motionState vehicle="0" speed="2500" time="4100" acceleration="0"/>
    <motionState vehicle="1" speed="2500" time="4100" acceleration="0"/>
    <motionState vehicle="2" speed="2500" time="4100" acceleration="0"/>
    <motionState vehicle="3" speed="2500" time="4100" acceleration="0"/>
    <motionState vehicle="0" speed="2500" time="4200" acceleration="0"/>
    <motionState vehicle="1" speed="2500" time="4200" acceleration="0"/>
    <motionState vehicle="2" speed="2500" time="4200" acceleration="0"/>
    <motionState vehicle="3" speed="2500" time="4200" acceleration="0"/>
    <motionState vehicle="0" speed="2500" time="4300" acceleration="0"/>
    <motionState vehicle="1" speed="2500" time="4300" acceleration="0"/>
    <motionState vehicle="2" speed="2500" time="4300" acceleration="0"/>
    <motionState vehicle="3" speed="2500" time="4300" acceleration="0"/>
    <motionState vehicle="0" speed="2500" time="4400" acceleration="0"/>
    <motionState vehicle="1" speed="2500" time="4400" acceleration="0"/>
    <motionState vehicle="2" speed="2500" time="4400" acceleration="0"/>
    <motionState vehicle="3" speed="2500" time="4400" acceleration="0"/>
    <motionState vehicle="0" speed="2500" time="4500" acceleration="0"/>
    <motionState vehicle="1" speed="2500" time="4500" acceleration="0"/>
    <motionState vehicle="2" speed="2500" time="4500" acceleration="0"/>
    <motionState vehicle="3" speed="2500" time="4500" acceleration="0"/>
    <motionState vehicle="0" speed="2500" time="4600" acceleration="0"/>
    <motionState vehicle="1" speed="2500" time="4600" acceleration="0"/>
    <motionState vehicle="2" speed="2500" time="4600" acceleration="0"/>
    <motionState vehicle="3" speed="2500" time="4600" acceleration="0"/>
    <motionState vehicle="0" speed="2500" time="4700" acceleration="0"/>
    <motionState vehicle="1" speed="2500" time="4700" acceleration="0"/>
    <motionState vehicle="2" speed="2500" time="4700" acceleration="0"/>
    <motionState vehicle="3" speed="2500" time="4700" acceleration="0"/>
    <motionState vehicle="0" speed="2500" time="4800" acceleration="0"/>
    <motionState vehicle="1" speed="2500" time="4800" acceleration="0"/>
    <motionState vehicle="2" speed="2500" time="4800" acceleration="0"/>
    <motionState vehicle="3" speed="2500" time="4800" acceleration="0"/>
    <motionState vehicle="0" speed="2500" time="4900" acceleration="0"/>
    <motionState vehicle="1" speed="2500" time="4900" acceleration="0"/>
    <motionState vehicle="2" speed="2500" time="4900" acceleration="0"/>
    <motionState vehicle="3" speed="2500" time="4900" acceleration="0"/>
    <motionState vehicle="0" speed="2500" time="5000" acceleration="0"/>
    <motionState vehicle="1" speed="2500" time="5000" acceleration="0"/>
    <motionState vehicle="2" speed="2500" time="5000" acceleration="0"/>
    <motionState vehicle="3" speed="2500" time="5000" acceleration="0"/>
    <motionState vehicle="0" speed="0" time="5100" acceleration="0"/>
    <motionState vehicle="1" speed="0" time="5100" acceleration="0"/>
    <motionState vehicle="2" speed="0" time="5100" acceleration="0"/>
    <motionState vehicle="3" speed="0" time="5100" acceleration="0"/>
    <motionState vehicle="0" speed="1485" time="5200" acceleration="148515"/>
    <motionState vehicle="1" speed="1485" time="5200" acceleration="148515"/>
    <motionState vehicle="2" speed="1485" time="5200" acceleration="148515"/>
    <motionState vehicle="3" speed="1485" time="5200" acceleration="148515"/>
    <motionState vehicle="0" speed="1500" time="5300" acceleration="1470"/>
    <motionState vehicle="1" speed="1500" time="5300" acceleration="1470"/>
    <motionState vehicle="2" speed="1500" time="5300" acceleration="1470"/>
    <motionState vehicle="3" speed="1500" time="5300" acceleration="1470"/>
    <motionState vehicle="0" speed="1500" time="5400" acceleration="15"/>
    <motionState vehicle="1" speed="1500" time="5400" acceleration="15"/>
    <motionState vehicle="2" speed="1500" time="5400" acceleration="15"/>
    <motionState vehicle="3" speed="1500" time="5400" acceleration="15"/>
    <motionState vehicle="0" speed="1500" time="5500" acceleration="0"/>
    <motionState vehicle="1" speed="1500" time="5500" acceleration="0"/>
    <motionState vehicle="2" speed="1500" time="5500" acceleration="0"/>
    <motionState vehicle="3" speed="1500" time="5500" acceleration="0"/>
    <motionState vehicle="0" speed="1500" time="5600" acceleration="0"/>
    <motionState vehicle="1" speed="1500" time="5600" acceleration="0"/>
    <motionState vehicle="2" speed="1500" time="5600" acceleration="0"/>
    <motionState vehicle="3" speed="1500" time="5600" acceleration="0"/>
    <motionState vehicle="0" speed="1500" time="5700" acceleration="0"/>
    <motionState vehicle="1" speed="1500" time="5700" acceleration="0"/>
    <motionState vehicle="2" speed="1500" time="5700" acceleration="0"/>
    <motionState vehicle="3" speed="1500" time="5700" acceleration="0"/>
    <motionState vehicle="0" speed="1500" time="5800" acceleration="0"/>
    <motionState vehicle="1" speed="1500" time="5800" acceleration="0"/>
    <motionState vehicle="2" speed="1500" time="5800" acceleration="0"/>
    <motionState vehicle="3" speed="1500" time="5800" acceleration="0"/>
    <motionState vehicle="0" speed="1500" time="5900" acceleration="0"/>
    <motionState vehicle="1" speed="1500" time="5900" acceleration="0"/>
    <motionState vehicle="2" speed="1500" time="5900" acceleration="0"/>
    <motionState vehicle="3" speed="1500" time="5900" acceleration="0"/>
    <motionState vehicle="0" speed="1500" time="6000" acceleration="0"/>
    <motionState vehicle="1" speed="1500" time="6000" acceleration="0"/>
    <motionState vehicle="2" speed="1500" time="6000" acceleration="0"/>
    <motionState vehicle="3" speed="1500" time="6000" acceleration="0"/>
    <motionState vehicle="0" speed="1500" time="6100" acceleration="0"/>
    <motionState vehicle="1" speed="1500" time="6100" acceleration="0"/>
    <motionState vehicle="2" speed="1500" time="6100" acceleration="0"/>
    <motionState vehicle="3" speed="1500" time="6100" acceleration="0"/>
    <motionState vehicle="0" speed="1500" time="6200" acceleration="0"/>
    <motionState vehicle="1" speed="1500" time="6200" acceleration="0"/>
    <motionState vehicle="2" speed="1500" time="6200" acceleration="0"/>
    <motionState vehicle="3" speed="1500" time="6200" acceleration="0"/>
    <motionState vehicle="0" speed="1500" time="6300" acceleration="0"/>
    <motionState vehicle="1" speed="1500" time="6300" acceleration="0"/>
    <motionState vehicle="2" speed="1500" time="6300" acceleration="0"/>
    <motionState vehicle="3" speed="1500" time="6300" acceleration="0"/>
    <motionState vehicle="0" speed="1500" time="6400" acceleration="0"/>
    <motionState vehicle="1" speed="1500" time="6400" acceleration="0"/>
    <motionState vehicle="2" speed="1500" time="6400" acceleration="0"/>
    <motionState vehicle="3" speed="1500" time="6400" acceleration="0"/>
    <motionState vehicle="0" speed="1500" time="6500" acceleration="0"/>
    <motionState vehicle="1" speed="1500" time="6500" acceleration="0"/>
    <motionState vehicle="2" speed="1500" time="6500" acceleration="0"/>
    <motionState vehicle="3" speed="1500" time="6500" acceleration="0"/>
    <motionState vehicle="0" speed="1500" time="6600" acceleration="0"/>
    <motionState vehicle="1" speed="1500" time="6600" acceleration="0"/>
    <motionState vehicle="2" speed="1500" time="6600" acceleration="0"/>
    <motionState vehicle="3" speed="1500" time="6600" acceleration="0"/>
    <motionState vehicle="0" speed="1500" time="6700" acceleration="0"/>
    <motionState vehicle="1" speed="1500" time="6700" acceleration="0"/>
    <motionState vehicle="2" speed="1500" time="6700" acceleration="0"/>
    <motionState vehicle="3" speed="1500" time="6700" acceleration="0"/>
    <motionState vehicle="0" speed="1500" time="6800" acceleration="0"/>
    <motionState vehicle="1" speed="1500" time="6800" acceleration="0"/>
    <motionState vehicle="2" speed="1500" time="6800" acceleration="0"/>
    <motionState vehicle="3" speed="1500" time="6800" acceleration="0"/>
    <motionState vehicle="0" speed="1500" time="6900" acceleration="0"/>
    <motionState vehicle="1" speed="1500" time="6900" acceleration="0"/>
    <motionState vehicle="2" speed="1500" time="6900" acceleration="0"/>
    <motionState vehicle="3" speed="1500" time="6900" acceleration="0"/>
    <motionState vehicle="0" speed="1500" time="7000" acceleration="0"/>
    <motionState vehicle="1" speed="1500" time="7000" acceleration="0"/>
    <motionState vehicle="2" speed="1500" time="7000" acceleration="0"/>
    <motionState vehicle="3" speed="1500" time="7000" acceleration="0"/>
    <motionState vehicle="0" speed="1500" time="7100" acceleration="0"/>
    <motionState vehicle="1" speed="1500" time="7100" acceleration="0"/>
    <motionState vehicle="2" speed="1500" time="7100" acceleration="0"/>
    <motionState vehicle="3" speed="1500" time="7100" acceleration="0"/>
    <motionState vehicle="0" speed="2490" time="7200" acceleration="99010"/>
    <motionState vehicle="1" speed="2490" time="7200" acceleration="99010"/>
    <motionState vehicle="2" speed="2490" time="7200" acceleration="99010"/>
    <motionState vehicle="3" speed="2490" time="7200" acceleration="99010"/>
    <motionState vehicle="0" speed="2500" time="7300" acceleration="980"/>
    <motionState vehicle="1" speed="2500" time="7300" acceleration="980"/>
    <motionState vehicle="2" speed="2500" time="7300" acceleration="980"/>
    <motionState vehicle="3" speed="2500" time="7300" acceleration="980"/>
    <motionState vehicle="0" speed="2500" time="7400" acceleration="10"/>
    <motionState vehicle="1" speed="2500" time="7400" acceleration="10"/>
    <motionState vehicle="2" speed="2500" time="7400" acceleration="10"/>
    <motionState vehicle="3" speed="2500" time="7400" acceleration="10"/>
    <motionState vehicle="0" speed="2500" time="7500" acceleration="0"/>
    <motionState vehicle="1" speed="2500" time="7500" acceleration="0"/>
    <motionState vehicle="2" speed="2500" time="7500" acceleration="0"/>
    <motionState vehicle="3" speed="2500" time="7500" acceleration="0"/>
    <motionState vehicle="0" speed="2500" time="7600" acceleration="0"/>
    <motionState vehicle="1" speed="2500" time="7600" acceleration="0"/>
    <motionState vehicle="2" speed="2500" time="7600" acceleration="0"/>
    <motionState vehicle="3" speed="2500" time="7600" acceleration="0"/>
    <motionState vehicle="0" speed="2500" time="7700" acceleration="0"/>
    <motionState vehicle="1" speed="2500" time="7700" acceleration="0"/>
    <motionState vehicle="2" speed="2500" time="7700" acceleration="0"/>
    <motionState vehicle="3" speed="2500" time="7700" acceleration="0"/>
    <motionState vehicle="0" speed="2500" time="7800" acceleration="0"/>
    <motionState vehicle="1" speed="2500" time="7800" acceleration="0"/>
    <motionState vehicle="2" speed="2500" time="7800" acceleration="0"/>
    <motionState vehicle="3" speed="2500" time="7800" acceleration="0"/>
    <motionState vehicle="0" speed="2500" time="7900" acceleration="0"/>
    <motionState vehicle="1" speed="2500" time="7900" acceleration="0"/>
    <motionState vehicle="2" speed="2500" time="7900" acceleration="0"/>
    <motionState vehicle="3" speed="2500" time="7900" acceleration="0"/>
    <motionState vehicle="0" speed="2500" time="8000" acceleration="0"/>
    <motionState vehicle="1" speed="2500" time="8000" acceleration="0"/>
    <motionState vehicle="2" speed="2500" time="8000" acceleration="0"/>
    <motionState vehicle="3" speed="2500" time="8000" acceleration="0"/>
    <motionState vehicle="0" speed="2500" time="8100" acceleration="0"/>
    <motionState vehicle="1" speed="2500" time="8100" acceleration="0"/>
    <motionState vehicle="2" speed="2500" time="8100" acceleration="0"/>
    <motionState vehicle="3" speed="2500" time="8100" acceleration="0"/>
    <motionState vehicle="0" speed="2514" time="8200" acceleration="1429"/>
    <motionState vehicle="1" speed="2513" time="8200" acceleration="1333"/>
    <motionState vehicle="2" speed="2525" time="8200" acceleration="2522"/>
    <motionState vehicle="3" speed="2515" time="8200" acceleration="1454"/>
</trajectories>
