<?xml version="1.0" encoding="UTF-8"?>

<!-- generated on Wed Feb  1 12:00:14 2017 by SUMO gui Version 0.27.1
<?xml version="1.0" encoding="UTF-8"?>

<configuration xmlns:xsi="http://www.w3.org/2001/XMLSchema-instance" xsi:noNamespaceSchemaLocation="http://sumo.dlr.de/xsd/sumo-gui.exeConfiguration.xsd">

    <input>
        <net-file value="debug/cfg/test-exp-200m2l.net.xml"/>
        <route-files value="debug/cfg/test-exp-200m2l.rou.xml"/>
        <additional-files value="debug/cfg/test-exp-200m2l.add.xml"/>
    </input>

    <output>
        <netstate-dump value="debug/cfg/data/test-exp-200m2l.netstate.xml"/>
        <emission-output value="debug/cfg/data/test-exp-200m2l.emission.xml"/>
        <amitran-output value="debug/cfg/data/test-exp-200m2l.amitran.xml"/>
        <lanechange-output value="debug/cfg/data/test-exp-200m2l.lanechange.xml"/>
    </output>

    <time>
        <begin value="0"/>
        <end value="3000"/>
        <step-length value="0.1"/>
    </time>

    <traci_server>
        <remote-port value="8873"/>
    </traci_server>

    <gui_only>
        <gui-settings-file value="debug/cfg/test-exp-200m2l.gui.cfg"/>
    </gui_only>

</configuration>
-->

<trajectories xmlns:xsi="http://www.w3.org/2001/XMLSchema-instance" xsi:noNamespaceSchemaLocation="http://sumo.dlr.de/xsd/amitran/trajectories.xsd" timeStepSize="100">
    <actorConfig id="2" vehicleClass="Passenger" fuel="Gasoline" emissionClass="Euro0" ref="rl"/>
    <vehicle id="0" actorConfig="2" startTime="0" ref="rlbottom.0"/>
    <motionState vehicle="0" speed="0" time="0" acceleration="0"/>
    <vehicle id="1" actorConfig="2" startTime="0" ref="rlleft.0"/>
    <motionState vehicle="1" speed="0" time="0" acceleration="0"/>
    <vehicle id="2" actorConfig="2" startTime="0" ref="rlright.0"/>
    <motionState vehicle="2" speed="0" time="0" acceleration="0"/>
    <vehicle id="3" actorConfig="2" startTime="0" ref="rltop.0"/>
    <motionState vehicle="3" speed="0" time="0" acceleration="0"/>
    <motionState vehicle="0" speed="1000" time="100" acceleration="100000"/>
    <motionState vehicle="1" speed="1000" time="100" acceleration="100000"/>
    <motionState vehicle="2" speed="1000" time="100" acceleration="100000"/>
    <motionState vehicle="3" speed="1000" time="100" acceleration="100000"/>
    <motionState vehicle="0" speed="1000" time="200" acceleration="0"/>
    <motionState vehicle="1" speed="1000" time="200" acceleration="0"/>
    <motionState vehicle="2" speed="1000" time="200" acceleration="0"/>
    <motionState vehicle="3" speed="1000" time="200" acceleration="0"/>
    <motionState vehicle="0" speed="1000" time="300" acceleration="0"/>
    <motionState vehicle="1" speed="1000" time="300" acceleration="0"/>
    <motionState vehicle="2" speed="1000" time="300" acceleration="0"/>
    <motionState vehicle="3" speed="1000" time="300" acceleration="0"/>
    <motionState vehicle="0" speed="1000" time="400" acceleration="0"/>
    <motionState vehicle="1" speed="1000" time="400" acceleration="0"/>
    <motionState vehicle="2" speed="1000" time="400" acceleration="0"/>
    <motionState vehicle="3" speed="1000" time="400" acceleration="0"/>
    <motionState vehicle="0" speed="1000" time="500" acceleration="0"/>
    <motionState vehicle="1" speed="1000" time="500" acceleration="0"/>
    <motionState vehicle="2" speed="1000" time="500" acceleration="0"/>
    <motionState vehicle="3" speed="1000" time="500" acceleration="0"/>
    <motionState vehicle="0" speed="1000" time="600" acceleration="0"/>
    <motionState vehicle="1" speed="1000" time="600" acceleration="0"/>
    <motionState vehicle="2" speed="1000" time="600" acceleration="0"/>
    <motionState vehicle="3" speed="1000" time="600" acceleration="0"/>
    <motionState vehicle="0" speed="1000" time="700" acceleration="0"/>
    <motionState vehicle="1" speed="1000" time="700" acceleration="0"/>
    <motionState vehicle="2" speed="1000" time="700" acceleration="0"/>
    <motionState vehicle="3" speed="1000" time="700" acceleration="0"/>
    <motionState vehicle="0" speed="1000" time="800" acceleration="0"/>
    <motionState vehicle="1" speed="1000" time="800" acceleration="0"/>
    <motionState vehicle="2" speed="1000" time="800" acceleration="0"/>
    <motionState vehicle="3" speed="1000" time="800" acceleration="0"/>
    <motionState vehicle="0" speed="1000" time="900" acceleration="0"/>
    <motionState vehicle="1" speed="1000" time="900" acceleration="0"/>
    <motionState vehicle="2" speed="1000" time="900" acceleration="0"/>
    <motionState vehicle="3" speed="1000" time="900" acceleration="0"/>
    <motionState vehicle="0" speed="1000" time="1000" acceleration="0"/>
    <vehicle id="4" actorConfig="2" startTime="1000" ref="rlbottom.1"/>
    <motionState vehicle="4" speed="0" time="1000" acceleration="0"/>
    <motionState vehicle="1" speed="1000" time="1000" acceleration="0"/>
    <vehicle id="5" actorConfig="2" startTime="1000" ref="rlleft.1"/>
    <motionState vehicle="5" speed="0" time="1000" acceleration="0"/>
    <motionState vehicle="2" speed="1000" time="1000" acceleration="0"/>
    <vehicle id="6" actorConfig="2" startTime="1000" ref="rlright.1"/>
    <motionState vehicle="6" speed="0" time="1000" acceleration="0"/>
    <motionState vehicle="3" speed="1000" time="1000" acceleration="0"/>
    <vehicle id="7" actorConfig="2" startTime="1000" ref="rltop.1"/>
    <motionState vehicle="7" speed="0" time="1000" acceleration="0"/>
    <motionState vehicle="0" speed="1000" time="1100" acceleration="0"/>
    <motionState vehicle="4" speed="1000" time="1100" acceleration="100000"/>
    <motionState vehicle="1" speed="1000" time="1100" acceleration="0"/>
    <motionState vehicle="5" speed="1000" time="1100" acceleration="100000"/>
    <motionState vehicle="2" speed="1000" time="1100" acceleration="0"/>
    <motionState vehicle="6" speed="1000" time="1100" acceleration="100000"/>
    <motionState vehicle="3" speed="1000" time="1100" acceleration="0"/>
    <motionState vehicle="7" speed="1000" time="1100" acceleration="100000"/>
    <motionState vehicle="0" speed="1000" time="1200" acceleration="0"/>
    <motionState vehicle="4" speed="1000" time="1200" acceleration="0"/>
    <motionState vehicle="1" speed="1000" time="1200" acceleration="0"/>
    <motionState vehicle="5" speed="1000" time="1200" acceleration="0"/>
    <motionState vehicle="2" speed="1000" time="1200" acceleration="0"/>
    <motionState vehicle="6" speed="1000" time="1200" acceleration="0"/>
    <motionState vehicle="3" speed="1000" time="1200" acceleration="0"/>
    <motionState vehicle="7" speed="1000" time="1200" acceleration="0"/>
    <motionState vehicle="0" speed="1000" time="1300" acceleration="0"/>
    <motionState vehicle="4" speed="1000" time="1300" acceleration="0"/>
    <motionState vehicle="1" speed="1000" time="1300" acceleration="0"/>
    <motionState vehicle="5" speed="1000" time="1300" acceleration="0"/>
    <motionState vehicle="2" speed="1000" time="1300" acceleration="0"/>
    <motionState vehicle="6" speed="1000" time="1300" acceleration="0"/>
    <motionState vehicle="3" speed="1000" time="1300" acceleration="0"/>
    <motionState vehicle="7" speed="1000" time="1300" acceleration="0"/>
    <motionState vehicle="0" speed="1000" time="1400" acceleration="0"/>
    <motionState vehicle="4" speed="1000" time="1400" acceleration="0"/>
    <motionState vehicle="1" speed="1000" time="1400" acceleration="0"/>
    <motionState vehicle="5" speed="1000" time="1400" acceleration="0"/>
    <motionState vehicle="2" speed="1000" time="1400" acceleration="0"/>
    <motionState vehicle="6" speed="1000" time="1400" acceleration="0"/>
    <motionState vehicle="3" speed="1000" time="1400" acceleration="0"/>
    <motionState vehicle="7" speed="1000" time="1400" acceleration="0"/>
    <motionState vehicle="0" speed="1000" time="1500" acceleration="0"/>
    <motionState vehicle="4" speed="1000" time="1500" acceleration="0"/>
    <motionState vehicle="1" speed="1000" time="1500" acceleration="0"/>
    <motionState vehicle="5" speed="1000" time="1500" acceleration="0"/>
    <motionState vehicle="2" speed="1000" time="1500" acceleration="0"/>
    <motionState vehicle="6" speed="1000" time="1500" acceleration="0"/>
    <motionState vehicle="3" speed="1000" time="1500" acceleration="0"/>
    <motionState vehicle="7" speed="1000" time="1500" acceleration="0"/>
    <motionState vehicle="0" speed="1000" time="1600" acceleration="0"/>
    <motionState vehicle="4" speed="1000" time="1600" acceleration="0"/>
    <motionState vehicle="1" speed="1000" time="1600" acceleration="0"/>
    <motionState vehicle="5" speed="1000" time="1600" acceleration="0"/>
    <motionState vehicle="2" speed="1000" time="1600" acceleration="0"/>
    <motionState vehicle="6" speed="1000" time="1600" acceleration="0"/>
    <motionState vehicle="3" speed="1000" time="1600" acceleration="0"/>
    <motionState vehicle="7" speed="1000" time="1600" acceleration="0"/>
    <motionState vehicle="0" speed="1000" time="1700" acceleration="0"/>
    <motionState vehicle="4" speed="1000" time="1700" acceleration="0"/>
    <motionState vehicle="1" speed="1000" time="1700" acceleration="0"/>
    <motionState vehicle="5" speed="1000" time="1700" acceleration="0"/>
    <motionState vehicle="2" speed="1000" time="1700" acceleration="0"/>
    <motionState vehicle="6" speed="1000" time="1700" acceleration="0"/>
    <motionState vehicle="3" speed="1000" time="1700" acceleration="0"/>
    <motionState vehicle="7" speed="1000" time="1700" acceleration="0"/>
    <motionState vehicle="0" speed="1000" time="1800" acceleration="0"/>
    <motionState vehicle="4" speed="1000" time="1800" acceleration="0"/>
    <motionState vehicle="1" speed="1000" time="1800" acceleration="0"/>
    <motionState vehicle="5" speed="1000" time="1800" acceleration="0"/>
    <motionState vehicle="2" speed="1000" time="1800" acceleration="0"/>
    <motionState vehicle="6" speed="1000" time="1800" acceleration="0"/>
    <motionState vehicle="3" speed="1000" time="1800" acceleration="0"/>
    <motionState vehicle="7" speed="1000" time="1800" acceleration="0"/>
    <motionState vehicle="0" speed="1000" time="1900" acceleration="0"/>
    <motionState vehicle="4" speed="1000" time="1900" acceleration="0"/>
    <motionState vehicle="1" speed="1000" time="1900" acceleration="0"/>
    <motionState vehicle="5" speed="1000" time="1900" acceleration="0"/>
    <motionState vehicle="2" speed="1000" time="1900" acceleration="0"/>
    <motionState vehicle="6" speed="1000" time="1900" acceleration="0"/>
    <motionState vehicle="3" speed="1000" time="1900" acceleration="0"/>
    <motionState vehicle="7" speed="1000" time="1900" acceleration="0"/>
    <motionState vehicle="0" speed="1000" time="2000" acceleration="0"/>
    <motionState vehicle="4" speed="1000" time="2000" acceleration="0"/>
    <motionState vehicle="1" speed="1000" time="2000" acceleration="0"/>
    <motionState vehicle="5" speed="1000" time="2000" acceleration="0"/>
    <motionState vehicle="2" speed="1000" time="2000" acceleration="0"/>
    <motionState vehicle="6" speed="1000" time="2000" acceleration="0"/>
    <motionState vehicle="3" speed="1000" time="2000" acceleration="0"/>
    <motionState vehicle="7" speed="1000" time="2000" acceleration="0"/>
    <motionState vehicle="0" speed="1000" time="2100" acceleration="0"/>
    <motionState vehicle="4" speed="1000" time="2100" acceleration="0"/>
    <motionState vehicle="1" speed="1000" time="2100" acceleration="0"/>
    <motionState vehicle="5" speed="1000" time="2100" acceleration="0"/>
    <motionState vehicle="2" speed="1000" time="2100" acceleration="0"/>
    <motionState vehicle="6" speed="1000" time="2100" acceleration="0"/>
    <motionState vehicle="3" speed="1000" time="2100" acceleration="0"/>
    <motionState vehicle="7" speed="1000" time="2100" acceleration="0"/>
    <motionState vehicle="0" speed="1000" time="2200" acceleration="0"/>
    <motionState vehicle="4" speed="1000" time="2200" acceleration="0"/>
    <motionState vehicle="1" speed="1000" time="2200" acceleration="0"/>
    <motionState vehicle="5" speed="1000" time="2200" acceleration="0"/>
    <motionState vehicle="2" speed="1000" time="2200" acceleration="0"/>
    <motionState vehicle="6" speed="1000" time="2200" acceleration="0"/>
    <motionState vehicle="3" speed="1000" time="2200" acceleration="0"/>
    <motionState vehicle="7" speed="1000" time="2200" acceleration="0"/>
    <motionState vehicle="0" speed="1000" time="2300" acceleration="0"/>
    <motionState vehicle="4" speed="1000" time="2300" acceleration="0"/>
    <motionState vehicle="1" speed="1000" time="2300" acceleration="0"/>
    <motionState vehicle="5" speed="1000" time="2300" acceleration="0"/>
    <motionState vehicle="2" speed="1000" time="2300" acceleration="0"/>
    <motionState vehicle="6" speed="1000" time="2300" acceleration="0"/>
    <motionState vehicle="3" speed="1000" time="2300" acceleration="0"/>
    <motionState vehicle="7" speed="1000" time="2300" acceleration="0"/>
    <motionState vehicle="0" speed="1000" time="2400" acceleration="0"/>
    <motionState vehicle="4" speed="1000" time="2400" acceleration="0"/>
    <motionState vehicle="1" speed="1000" time="2400" acceleration="0"/>
    <motionState vehicle="5" speed="1000" time="2400" acceleration="0"/>
    <motionState vehicle="2" speed="1000" time="2400" acceleration="0"/>
    <motionState vehicle="6" speed="1000" time="2400" acceleration="0"/>
    <motionState vehicle="3" speed="1000" time="2400" acceleration="0"/>
    <motionState vehicle="7" speed="1000" time="2400" acceleration="0"/>
    <motionState vehicle="0" speed="1000" time="2500" acceleration="0"/>
    <motionState vehicle="4" speed="1000" time="2500" acceleration="0"/>
    <motionState vehicle="1" speed="1000" time="2500" acceleration="0"/>
    <motionState vehicle="5" speed="1000" time="2500" acceleration="0"/>
    <motionState vehicle="2" speed="1000" time="2500" acceleration="0"/>
    <motionState vehicle="6" speed="1000" time="2500" acceleration="0"/>
    <motionState vehicle="3" speed="1000" time="2500" acceleration="0"/>
    <motionState vehicle="7" speed="1000" time="2500" acceleration="0"/>
    <motionState vehicle="0" speed="1000" time="2600" acceleration="0"/>
    <motionState vehicle="4" speed="1000" time="2600" acceleration="0"/>
    <motionState vehicle="1" speed="1000" time="2600" acceleration="0"/>
    <motionState vehicle="5" speed="1000" time="2600" acceleration="0"/>
    <motionState vehicle="2" speed="1000" time="2600" acceleration="0"/>
    <motionState vehicle="6" speed="1000" time="2600" acceleration="0"/>
    <motionState vehicle="3" speed="1000" time="2600" acceleration="0"/>
    <motionState vehicle="7" speed="1000" time="2600" acceleration="0"/>
    <motionState vehicle="0" speed="1000" time="2700" acceleration="0"/>
    <motionState vehicle="4" speed="1000" time="2700" acceleration="0"/>
    <motionState vehicle="1" speed="1000" time="2700" acceleration="0"/>
    <motionState vehicle="5" speed="1000" time="2700" acceleration="0"/>
    <motionState vehicle="2" speed="1000" time="2700" acceleration="0"/>
    <motionState vehicle="6" speed="1000" time="2700" acceleration="0"/>
    <motionState vehicle="3" speed="1000" time="2700" acceleration="0"/>
    <motionState vehicle="7" speed="1000" time="2700" acceleration="0"/>
    <motionState vehicle="0" speed="1000" time="2800" acceleration="0"/>
    <motionState vehicle="4" speed="1000" time="2800" acceleration="0"/>
    <motionState vehicle="1" speed="1000" time="2800" acceleration="0"/>
    <motionState vehicle="5" speed="1000" time="2800" acceleration="0"/>
    <motionState vehicle="2" speed="1000" time="2800" acceleration="0"/>
    <motionState vehicle="6" speed="1000" time="2800" acceleration="0"/>
    <motionState vehicle="3" speed="1000" time="2800" acceleration="0"/>
    <motionState vehicle="7" speed="1000" time="2800" acceleration="0"/>
    <motionState vehicle="0" speed="1000" time="2900" acceleration="0"/>
    <motionState vehicle="4" speed="1000" time="2900" acceleration="0"/>
    <motionState vehicle="1" speed="1000" time="2900" acceleration="0"/>
    <motionState vehicle="5" speed="1000" time="2900" acceleration="0"/>
    <motionState vehicle="2" speed="1000" time="2900" acceleration="0"/>
    <motionState vehicle="6" speed="1000" time="2900" acceleration="0"/>
    <motionState vehicle="3" speed="1000" time="2900" acceleration="0"/>
    <motionState vehicle="7" speed="1000" time="2900" acceleration="0"/>
    <motionState vehicle="0" speed="1000" time="3000" acceleration="0"/>
    <motionState vehicle="4" speed="1000" time="3000" acceleration="0"/>
    <motionState vehicle="1" speed="1000" time="3000" acceleration="0"/>
    <motionState vehicle="5" speed="1000" time="3000" acceleration="0"/>
    <motionState vehicle="2" speed="1000" time="3000" acceleration="0"/>
    <motionState vehicle="6" speed="1000" time="3000" acceleration="0"/>
    <motionState vehicle="3" speed="1000" time="3000" acceleration="0"/>
    <motionState vehicle="7" speed="1000" time="3000" acceleration="0"/>
    <motionState vehicle="0" speed="1000" time="3100" acceleration="0"/>
    <motionState vehicle="4" speed="1000" time="3100" acceleration="0"/>
    <motionState vehicle="1" speed="1000" time="3100" acceleration="0"/>
    <motionState vehicle="5" speed="1000" time="3100" acceleration="0"/>
    <motionState vehicle="2" speed="1000" time="3100" acceleration="0"/>
    <motionState vehicle="6" speed="1000" time="3100" acceleration="0"/>
    <motionState vehicle="3" speed="1000" time="3100" acceleration="0"/>
    <motionState vehicle="7" speed="1000" time="3100" acceleration="0"/>
    <motionState vehicle="0" speed="1000" time="3200" acceleration="0"/>
    <motionState vehicle="4" speed="1000" time="3200" acceleration="0"/>
    <motionState vehicle="1" speed="1000" time="3200" acceleration="0"/>
    <motionState vehicle="5" speed="1000" time="3200" acceleration="0"/>
    <motionState vehicle="2" speed="1000" time="3200" acceleration="0"/>
    <motionState vehicle="6" speed="1000" time="3200" acceleration="0"/>
    <motionState vehicle="3" speed="1000" time="3200" acceleration="0"/>
    <motionState vehicle="7" speed="1000" time="3200" acceleration="0"/>
    <motionState vehicle="0" speed="1000" time="3300" acceleration="0"/>
    <motionState vehicle="4" speed="1000" time="3300" acceleration="0"/>
    <motionState vehicle="1" speed="1000" time="3300" acceleration="0"/>
    <motionState vehicle="5" speed="1000" time="3300" acceleration="0"/>
    <motionState vehicle="2" speed="1000" time="3300" acceleration="0"/>
    <motionState vehicle="6" speed="1000" time="3300" acceleration="0"/>
    <motionState vehicle="3" speed="1000" time="3300" acceleration="0"/>
    <motionState vehicle="7" speed="1000" time="3300" acceleration="0"/>
</trajectories>
