<?xml version="1.0" encoding="UTF-8"?>

<!-- generated on Mon Feb 27 13:48:35 2017 by SUMO Version 0.29.0
<?xml version="1.0" encoding="UTF-8"?>

<configuration xmlns:xsi="http://www.w3.org/2001/XMLSchema-instance" xsi:noNamespaceSchemaLocation="http://sumo.dlr.de/xsd/sumoConfiguration.xsd">

    <input>
        <net-file value="debug/cfg/test-exp-200m1l.net.xml"/>
        <route-files value="debug/cfg/test-exp-200m1l.rou.xml"/>
        <additional-files value="debug/cfg/test-exp-200m1l.add.xml"/>
    </input>

    <output>
        <netstate-dump value="debug/cfg/data/test-exp-200m1l.netstate.xml"/>
        <emission-output value="debug/cfg/data/test-exp-200m1l.emission.xml"/>
        <amitran-output value="debug/cfg/data/test-exp-200m1l.amitran.xml"/>
        <lanechange-output value="debug/cfg/data/test-exp-200m1l.lanechange.xml"/>
    </output>

    <time>
        <begin value="0"/>
        <end value="3000"/>
        <step-length value="0.1"/>
    </time>

    <traci_server>
        <remote-port value="8873"/>
    </traci_server>

    <gui_only>
        <gui-settings-file value="debug/cfg/test-exp-200m1l.gui.cfg"/>
    </gui_only>

</configuration>
-->

<netstate xmlns:xsi="http://www.w3.org/2001/XMLSchema-instance" xsi:noNamespaceSchemaLocation="http://sumo.dlr.de/xsd/netstate_file.xsd">
    <timestep time="0.00">
        <edge id="bottom">
            <lane id="bottom_0">
                <vehicle id="cfm_slow_0" pos="1.00" speed="0.00"/>
                <vehicle id="cfm_slow_1" pos="39.00" speed="0.00"/>
            </lane>
        </edge>
        <edge id="left">
            <lane id="left_0">
                <vehicle id="cfm_slow_4" pos="3.00" speed="0.00"/>
            </lane>
        </edge>
        <edge id="right">
            <lane id="right_0">
                <vehicle id="cfm_slow_2" pos="27.00" speed="0.00"/>
            </lane>
        </edge>
        <edge id="top">
            <lane id="top_0">
                <vehicle id="cfm_slow_3" pos="15.00" speed="0.00"/>
            </lane>
        </edge>
    </timestep>
    <timestep time="0.10">
        <edge id="bottom">
            <lane id="bottom_0">
                <vehicle id="cfm_slow_0" pos="1.15" speed="1.49"/>
                <vehicle id="cfm_slow_1" pos="39.15" speed="1.49"/>
            </lane>
        </edge>
        <edge id="left">
            <lane id="left_0">
                <vehicle id="cfm_slow_4" pos="3.15" speed="1.49"/>
            </lane>
        </edge>
        <edge id="right">
            <lane id="right_0">
                <vehicle id="cfm_slow_2" pos="27.15" speed="1.49"/>
            </lane>
        </edge>
        <edge id="top">
            <lane id="top_0">
                <vehicle id="cfm_slow_3" pos="15.15" speed="1.49"/>
            </lane>
        </edge>
    </timestep>
    <timestep time="0.20">
        <edge id="bottom">
            <lane id="bottom_0">
                <vehicle id="cfm_slow_0" pos="1.45" speed="2.97"/>
                <vehicle id="cfm_slow_1" pos="39.45" speed="2.97"/>
            </lane>
        </edge>
        <edge id="left">
            <lane id="left_0">
                <vehicle id="cfm_slow_4" pos="3.45" speed="2.97"/>
            </lane>
        </edge>
        <edge id="right">
            <lane id="right_0">
                <vehicle id="cfm_slow_2" pos="27.45" speed="2.97"/>
            </lane>
        </edge>
        <edge id="top">
            <lane id="top_0">
                <vehicle id="cfm_slow_3" pos="15.45" speed="2.97"/>
            </lane>
        </edge>
    </timestep>
    <timestep time="0.30">
        <edge id="bottom">
            <lane id="bottom_0">
                <vehicle id="cfm_slow_0" pos="1.89" speed="4.46"/>
                <vehicle id="cfm_slow_1" pos="39.89" speed="4.46"/>
            </lane>
        </edge>
        <edge id="left">
            <lane id="left_0">
                <vehicle id="cfm_slow_4" pos="3.89" speed="4.46"/>
            </lane>
        </edge>
        <edge id="right">
            <lane id="right_0">
                <vehicle id="cfm_slow_2" pos="27.89" speed="4.46"/>
            </lane>
        </edge>
        <edge id="top">
            <lane id="top_0">
                <vehicle id="cfm_slow_3" pos="15.89" speed="4.46"/>
            </lane>
        </edge>
    </timestep>
    <timestep time="0.40">
        <edge id="bottom">
            <lane id="bottom_0">
                <vehicle id="cfm_slow_0" pos="2.49" speed="5.94"/>
                <vehicle id="cfm_slow_1" pos="40.49" speed="5.94"/>
            </lane>
        </edge>
        <edge id="left">
            <lane id="left_0">
                <vehicle id="cfm_slow_4" pos="4.49" speed="5.94"/>
            </lane>
        </edge>
        <edge id="right">
            <lane id="right_0">
                <vehicle id="cfm_slow_2" pos="28.49" speed="5.94"/>
            </lane>
        </edge>
        <edge id="top">
            <lane id="top_0">
                <vehicle id="cfm_slow_3" pos="16.49" speed="5.94"/>
            </lane>
        </edge>
    </timestep>
    <timestep time="0.50">
        <edge id="bottom">
            <lane id="bottom_0">
                <vehicle id="cfm_slow_0" pos="3.23" speed="7.43"/>
                <vehicle id="cfm_slow_1" pos="41.23" speed="7.43"/>
            </lane>
        </edge>
        <edge id="left">
            <lane id="left_0">
                <vehicle id="cfm_slow_4" pos="5.23" speed="7.43"/>
            </lane>
        </edge>
        <edge id="right">
            <lane id="right_0">
                <vehicle id="cfm_slow_2" pos="29.23" speed="7.43"/>
            </lane>
        </edge>
        <edge id="top">
            <lane id="top_0">
                <vehicle id="cfm_slow_3" pos="17.23" speed="7.43"/>
            </lane>
        </edge>
    </timestep>
    <timestep time="0.60">
        <edge id="bottom">
            <lane id="bottom_0">
                <vehicle id="cfm_slow_0" pos="4.12" speed="8.91"/>
                <vehicle id="cfm_slow_1" pos="42.12" speed="8.91"/>
            </lane>
        </edge>
        <edge id="left">
            <lane id="left_0">
                <vehicle id="cfm_slow_4" pos="6.12" speed="8.91"/>
            </lane>
        </edge>
        <edge id="right">
            <lane id="right_0">
                <vehicle id="cfm_slow_2" pos="30.12" speed="8.91"/>
            </lane>
        </edge>
        <edge id="top">
            <lane id="top_0">
                <vehicle id="cfm_slow_3" pos="18.12" speed="8.91"/>
            </lane>
        </edge>
    </timestep>
    <timestep time="0.70">
        <edge id="bottom">
            <lane id="bottom_0">
                <vehicle id="cfm_slow_0" pos="5.16" speed="10.40"/>
                <vehicle id="cfm_slow_1" pos="43.16" speed="10.40"/>
            </lane>
        </edge>
        <edge id="left">
            <lane id="left_0">
                <vehicle id="cfm_slow_4" pos="7.16" speed="10.40"/>
            </lane>
        </edge>
        <edge id="right">
            <lane id="right_0">
                <vehicle id="cfm_slow_2" pos="31.16" speed="10.40"/>
            </lane>
        </edge>
        <edge id="top">
            <lane id="top_0">
                <vehicle id="cfm_slow_3" pos="19.16" speed="10.40"/>
            </lane>
        </edge>
    </timestep>
    <timestep time="0.80">
        <edge id="bottom">
            <lane id="bottom_0">
                <vehicle id="cfm_slow_0" pos="6.35" speed="11.88"/>
                <vehicle id="cfm_slow_1" pos="44.35" speed="11.88"/>
            </lane>
        </edge>
        <edge id="left">
            <lane id="left_0">
                <vehicle id="cfm_slow_4" pos="8.35" speed="11.88"/>
            </lane>
        </edge>
        <edge id="right">
            <lane id="right_0">
                <vehicle id="cfm_slow_2" pos="32.35" speed="11.88"/>
            </lane>
        </edge>
        <edge id="top">
            <lane id="top_0">
                <vehicle id="cfm_slow_3" pos="20.35" speed="11.88"/>
            </lane>
        </edge>
    </timestep>
    <timestep time="0.90">
        <edge id="bottom">
            <lane id="bottom_0">
                <vehicle id="cfm_slow_0" pos="7.68" speed="13.37"/>
                <vehicle id="cfm_slow_1" pos="45.68" speed="13.37"/>
            </lane>
        </edge>
        <edge id="left">
            <lane id="left_0">
                <vehicle id="cfm_slow_4" pos="9.68" speed="13.37"/>
            </lane>
        </edge>
        <edge id="right">
            <lane id="right_0">
                <vehicle id="cfm_slow_2" pos="33.68" speed="13.37"/>
            </lane>
        </edge>
        <edge id="top">
            <lane id="top_0">
                <vehicle id="cfm_slow_3" pos="21.68" speed="13.37"/>
            </lane>
        </edge>
    </timestep>
    <timestep time="1.00">
        <edge id="bottom">
            <lane id="bottom_0">
                <vehicle id="cfm_slow_0" pos="9.17" speed="14.85"/>
                <vehicle id="cfm_slow_1" pos="47.17" speed="14.85"/>
            </lane>
        </edge>
        <edge id="left">
            <lane id="left_0">
                <vehicle id="cfm_slow_4" pos="11.17" speed="14.85"/>
            </lane>
        </edge>
        <edge id="right">
            <lane id="right_0">
                <vehicle id="cfm_slow_2" pos="35.17" speed="14.85"/>
            </lane>
        </edge>
        <edge id="top">
            <lane id="top_0">
                <vehicle id="cfm_slow_3" pos="23.17" speed="14.85"/>
            </lane>
        </edge>
    </timestep>
    <timestep time="1.10">
        <edge id="bottom">
            <lane id="bottom_0">
                <vehicle id="cfm_slow_0" pos="10.80" speed="16.34"/>
                <vehicle id="cfm_slow_1" pos="48.80" speed="16.34"/>
            </lane>
        </edge>
        <edge id="left">
            <lane id="left_0">
                <vehicle id="cfm_slow_4" pos="12.80" speed="16.34"/>
            </lane>
        </edge>
        <edge id="right">
            <lane id="right_0">
                <vehicle id="cfm_slow_2" pos="36.80" speed="16.34"/>
            </lane>
        </edge>
        <edge id="top">
            <lane id="top_0">
                <vehicle id="cfm_slow_3" pos="24.80" speed="16.34"/>
            </lane>
        </edge>
    </timestep>
    <timestep time="1.20">
        <edge id="bottom">
            <lane id="bottom_0">
                <vehicle id="cfm_slow_0" pos="12.58" speed="17.82"/>
            </lane>
        </edge>
        <edge id="left">
            <lane id="left_0">
                <vehicle id="cfm_slow_4" pos="14.58" speed="17.82"/>
            </lane>
        </edge>
        <edge id="right">
            <lane id="right_0">
                <vehicle id="cfm_slow_1" pos="0.58" speed="17.82"/>
                <vehicle id="cfm_slow_2" pos="38.58" speed="17.82"/>
            </lane>
        </edge>
        <edge id="top">
            <lane id="top_0">
                <vehicle id="cfm_slow_3" pos="26.58" speed="17.82"/>
            </lane>
        </edge>
    </timestep>
    <timestep time="1.30">
        <edge id="bottom">
            <lane id="bottom_0">
                <vehicle id="cfm_slow_0" pos="14.51" speed="19.31"/>
            </lane>
        </edge>
        <edge id="left">
            <lane id="left_0">
                <vehicle id="cfm_slow_4" pos="16.51" speed="19.31"/>
            </lane>
        </edge>
        <edge id="right">
            <lane id="right_0">
                <vehicle id="cfm_slow_1" pos="2.51" speed="19.31"/>
                <vehicle id="cfm_slow_2" pos="40.51" speed="19.31"/>
            </lane>
        </edge>
        <edge id="top">
            <lane id="top_0">
                <vehicle id="cfm_slow_3" pos="28.51" speed="19.31"/>
            </lane>
        </edge>
    </timestep>
    <timestep time="1.40">
        <edge id="bottom">
            <lane id="bottom_0">
                <vehicle id="cfm_slow_0" pos="16.59" speed="20.79"/>
            </lane>
        </edge>
        <edge id="left">
            <lane id="left_0">
                <vehicle id="cfm_slow_4" pos="18.59" speed="20.79"/>
            </lane>
        </edge>
        <edge id="right">
            <lane id="right_0">
                <vehicle id="cfm_slow_1" pos="4.59" speed="20.79"/>
                <vehicle id="cfm_slow_2" pos="42.59" speed="20.79"/>
            </lane>
        </edge>
        <edge id="top">
            <lane id="top_0">
                <vehicle id="cfm_slow_3" pos="30.59" speed="20.79"/>
            </lane>
        </edge>
    </timestep>
    <timestep time="1.50">
        <edge id="bottom">
            <lane id="bottom_0">
                <vehicle id="cfm_slow_0" pos="18.82" speed="22.28"/>
            </lane>
        </edge>
        <edge id="left">
            <lane id="left_0">
                <vehicle id="cfm_slow_4" pos="20.82" speed="22.28"/>
            </lane>
        </edge>
        <edge id="right">
            <lane id="right_0">
                <vehicle id="cfm_slow_1" pos="6.82" speed="22.28"/>
                <vehicle id="cfm_slow_2" pos="44.82" speed="22.28"/>
            </lane>
        </edge>
        <edge id="top">
            <lane id="top_0">
                <vehicle id="cfm_slow_3" pos="32.82" speed="22.28"/>
            </lane>
        </edge>
    </timestep>
    <timestep time="1.60">
        <edge id="bottom">
            <lane id="bottom_0">
                <vehicle id="cfm_slow_0" pos="21.20" speed="23.76"/>
            </lane>
        </edge>
        <edge id="left">
            <lane id="left_0">
                <vehicle id="cfm_slow_4" pos="23.20" speed="23.76"/>
            </lane>
        </edge>
        <edge id="right">
            <lane id="right_0">
                <vehicle id="cfm_slow_1" pos="9.20" speed="23.76"/>
                <vehicle id="cfm_slow_2" pos="47.20" speed="23.76"/>
            </lane>
        </edge>
        <edge id="top">
            <lane id="top_0">
                <vehicle id="cfm_slow_3" pos="35.20" speed="23.76"/>
            </lane>
        </edge>
    </timestep>
    <timestep time="1.70">
        <edge id="bottom">
            <lane id="bottom_0">
                <vehicle id="cfm_slow_0" pos="23.72" speed="25.25"/>
            </lane>
        </edge>
        <edge id="left">
            <lane id="left_0">
                <vehicle id="cfm_slow_4" pos="25.72" speed="25.25"/>
            </lane>
        </edge>
        <edge id="right">
            <lane id="right_0">
                <vehicle id="cfm_slow_1" pos="11.72" speed="25.25"/>
                <vehicle id="cfm_slow_2" pos="49.72" speed="25.25"/>
            </lane>
        </edge>
        <edge id="top">
            <lane id="top_0">
                <vehicle id="cfm_slow_3" pos="37.72" speed="25.25"/>
            </lane>
        </edge>
    </timestep>
    <timestep time="1.80">
        <edge id="bottom">
            <lane id="bottom_0">
                <vehicle id="cfm_slow_0" pos="26.40" speed="26.73"/>
            </lane>
        </edge>
        <edge id="left">
            <lane id="left_0">
                <vehicle id="cfm_slow_4" pos="28.40" speed="26.73"/>
            </lane>
        </edge>
        <edge id="right">
            <lane id="right_0">
                <vehicle id="cfm_slow_1" pos="14.40" speed="26.73"/>
            </lane>
        </edge>
        <edge id="top">
            <lane id="top_0">
                <vehicle id="cfm_slow_2" pos="2.40" speed="26.73"/>
                <vehicle id="cfm_slow_3" pos="40.40" speed="26.73"/>
            </lane>
        </edge>
    </timestep>
    <timestep time="1.90">
        <edge id="bottom">
            <lane id="bottom_0">
                <vehicle id="cfm_slow_0" pos="29.22" speed="28.22"/>
            </lane>
        </edge>
        <edge id="left">
            <lane id="left_0">
                <vehicle id="cfm_slow_4" pos="31.22" speed="28.22"/>
            </lane>
        </edge>
        <edge id="right">
            <lane id="right_0">
                <vehicle id="cfm_slow_1" pos="17.22" speed="28.22"/>
            </lane>
        </edge>
        <edge id="top">
            <lane id="top_0">
                <vehicle id="cfm_slow_2" pos="5.22" speed="28.22"/>
                <vehicle id="cfm_slow_3" pos="43.22" speed="28.22"/>
            </lane>
        </edge>
    </timestep>
    <timestep time="2.00">
        <edge id="bottom">
            <lane id="bottom_0">
                <vehicle id="cfm_slow_0" pos="32.19" speed="29.70"/>
            </lane>
        </edge>
        <edge id="left">
            <lane id="left_0">
                <vehicle id="cfm_slow_4" pos="34.19" speed="29.70"/>
            </lane>
        </edge>
        <edge id="right">
            <lane id="right_0">
                <vehicle id="cfm_slow_1" pos="20.19" speed="29.70"/>
            </lane>
        </edge>
        <edge id="top">
            <lane id="top_0">
                <vehicle id="cfm_slow_2" pos="8.19" speed="29.70"/>
                <vehicle id="cfm_slow_3" pos="46.19" speed="29.70"/>
            </lane>
        </edge>
    </timestep>
    <timestep time="2.10">
        <edge id="bottom">
            <lane id="bottom_0">
                <vehicle id="cfm_slow_0" pos="35.31" speed="31.19"/>
            </lane>
        </edge>
        <edge id="left">
            <lane id="left_0">
                <vehicle id="cfm_slow_4" pos="37.31" speed="31.19"/>
            </lane>
        </edge>
        <edge id="right">
            <lane id="right_0">
                <vehicle id="cfm_slow_1" pos="23.31" speed="31.19"/>
            </lane>
        </edge>
        <edge id="top">
            <lane id="top_0">
                <vehicle id="cfm_slow_2" pos="11.31" speed="31.19"/>
                <vehicle id="cfm_slow_3" pos="49.31" speed="31.19"/>
            </lane>
        </edge>
    </timestep>
    <timestep time="2.20">
        <edge id="bottom">
            <lane id="bottom_0">
                <vehicle id="cfm_slow_0" pos="38.56" speed="32.56"/>
            </lane>
        </edge>
        <edge id="left">
            <lane id="left_0">
                <vehicle id="cfm_slow_3" pos="2.56" speed="32.56"/>
                <vehicle id="cfm_slow_4" pos="40.57" speed="32.67"/>
            </lane>
        </edge>
        <edge id="right">
            <lane id="right_0">
                <vehicle id="cfm_slow_1" pos="26.56" speed="32.56"/>
            </lane>
        </edge>
        <edge id="top">
            <lane id="top_0">
                <vehicle id="cfm_slow_2" pos="14.56" speed="32.56"/>
            </lane>
        </edge>
    </timestep>
    <timestep time="2.30">
        <edge id="bottom">
            <lane id="bottom_0">
                <vehicle id="cfm_slow_0" pos="41.94" speed="33.79"/>
            </lane>
        </edge>
        <edge id="left">
            <lane id="left_0">
                <vehicle id="cfm_slow_3" pos="5.94" speed="33.80"/>
                <vehicle id="cfm_slow_4" pos="43.99" speed="34.16"/>
            </lane>
        </edge>
        <edge id="right">
            <lane id="right_0">
                <vehicle id="cfm_slow_1" pos="29.94" speed="33.79"/>
            </lane>
        </edge>
        <edge id="top">
            <lane id="top_0">
                <vehicle id="cfm_slow_2" pos="17.94" speed="33.79"/>
            </lane>
        </edge>
    </timestep>
    <timestep time="2.40">
        <edge id="bottom">
            <lane id="bottom_0">
                <vehicle id="cfm_slow_0" pos="45.43" speed="34.90"/>
            </lane>
        </edge>
        <edge id="left">
            <lane id="left_0">
                <vehicle id="cfm_slow_3" pos="9.44" speed="34.95"/>
                <vehicle id="cfm_slow_4" pos="47.55" speed="35.64"/>
            </lane>
        </edge>
        <edge id="right">
            <lane id="right_0">
                <vehicle id="cfm_slow_1" pos="33.43" speed="34.90"/>
            </lane>
        </edge>
        <edge id="top">
            <lane id="top_0">
                <vehicle id="cfm_slow_2" pos="21.43" speed="34.90"/>
            </lane>
        </edge>
    </timestep>
    <timestep time="2.50">
        <edge id="bottom">
            <lane id="bottom_0">
                <vehicle id="cfm_slow_4" pos="1.27" speed="37.13"/>
                <vehicle id="cfm_slow_0" pos="49.02" speed="35.90"/>
            </lane>
        </edge>
        <edge id="left">
            <lane id="left_0">
                <vehicle id="cfm_slow_3" pos="13.04" speed="36.02"/>
            </lane>
        </edge>
        <edge id="right">
            <lane id="right_0">
                <vehicle id="cfm_slow_1" pos="37.02" speed="35.90"/>
            </lane>
        </edge>
        <edge id="top">
            <lane id="top_0">
                <vehicle id="cfm_slow_2" pos="25.02" speed="35.90"/>
            </lane>
        </edge>
    </timestep>
    <timestep time="2.60">
        <edge id="bottom">
            <lane id="bottom_0">
                <vehicle id="cfm_slow_4" pos="5.13" speed="38.61"/>
            </lane>
        </edge>
        <edge id="left">
            <lane id="left_0">
                <vehicle id="cfm_slow_3" pos="16.74" speed="37.05"/>
            </lane>
        </edge>
        <edge id="right">
            <lane id="right_0">
                <vehicle id="cfm_slow_0" pos="2.70" speed="36.80"/>
                <vehicle id="cfm_slow_1" pos="40.70" speed="36.80"/>
            </lane>
        </edge>
        <edge id="top">
            <lane id="top_0">
                <vehicle id="cfm_slow_2" pos="28.70" speed="36.82"/>
            </lane>
        </edge>
    </timestep>
    <timestep time="2.70">
        <edge id="bottom">
            <lane id="bottom_0">
                <vehicle id="cfm_slow_4" pos="9.13" speed="40.01"/>
            </lane>
        </edge>
        <edge id="left">
            <lane id="left_0">
                <vehicle id="cfm_slow_3" pos="20.55" speed="38.03"/>
            </lane>
        </edge>
        <edge id="right">
            <lane id="right_0">
                <vehicle id="cfm_slow_0" pos="6.46" speed="37.61"/>
                <vehicle id="cfm_slow_1" pos="44.46" speed="37.61"/>
            </lane>
        </edge>
        <edge id="top">
            <lane id="top_0">
                <vehicle id="cfm_slow_2" pos="32.47" speed="37.66"/>
            </lane>
        </edge>
    </timestep>
    <timestep time="2.80">
        <edge id="bottom">
            <lane id="bottom_0">
                <vehicle id="cfm_slow_4" pos="13.25" speed="41.19"/>
            </lane>
        </edge>
        <edge id="left">
            <lane id="left_0">
                <vehicle id="cfm_slow_3" pos="24.44" speed="38.97"/>
            </lane>
        </edge>
        <edge id="right">
            <lane id="right_0">
                <vehicle id="cfm_slow_0" pos="10.30" speed="38.34"/>
                <vehicle id="cfm_slow_1" pos="48.30" speed="38.35"/>
            </lane>
        </edge>
        <edge id="top">
            <lane id="top_0">
                <vehicle id="cfm_slow_2" pos="36.31" speed="38.43"/>
            </lane>
        </edge>
    </timestep>
    <timestep time="2.90">
        <edge id="bottom">
            <lane id="bottom_0">
                <vehicle id="cfm_slow_4" pos="17.47" speed="42.18"/>
            </lane>
        </edge>
        <edge id="left">
            <lane id="left_0">
                <vehicle id="cfm_slow_3" pos="28.43" speed="39.87"/>
            </lane>
        </edge>
        <edge id="right">
            <lane id="right_0">
                <vehicle id="cfm_slow_0" pos="14.20" speed="39.00"/>
            </lane>
        </edge>
        <edge id="top">
            <lane id="top_0">
                <vehicle id="cfm_slow_1" pos="2.20" speed="39.02"/>
                <vehicle id="cfm_slow_2" pos="40.23" speed="39.14"/>
            </lane>
        </edge>
    </timestep>
    <timestep time="3.00">
        <edge id="bottom">
            <lane id="bottom_0">
                <vehicle id="cfm_slow_4" pos="21.77" speed="43.01"/>
            </lane>
        </edge>
        <edge id="left">
            <lane id="left_0">
                <vehicle id="cfm_slow_3" pos="32.50" speed="40.71"/>
            </lane>
        </edge>
        <edge id="right">
            <lane id="right_0">
                <vehicle id="cfm_slow_0" pos="18.16" speed="39.60"/>
            </lane>
        </edge>
        <edge id="top">
            <lane id="top_0">
                <vehicle id="cfm_slow_1" pos="6.16" speed="39.63"/>
                <vehicle id="cfm_slow_2" pos="44.21" speed="39.82"/>
            </lane>
        </edge>
    </timestep>
    <timestep time="3.10">
        <edge id="bottom">
            <lane id="bottom_0">
                <vehicle id="cfm_slow_4" pos="26.14" speed="43.70"/>
            </lane>
        </edge>
        <edge id="left">
            <lane id="left_0">
                <vehicle id="cfm_slow_3" pos="36.65" speed="41.49"/>
            </lane>
        </edge>
        <edge id="right">
            <lane id="right_0">
                <vehicle id="cfm_slow_0" pos="22.17" speed="40.14"/>
            </lane>
        </edge>
        <edge id="top">
            <lane id="top_0">
                <vehicle id="cfm_slow_1" pos="10.18" speed="40.18"/>
                <vehicle id="cfm_slow_2" pos="48.25" speed="40.45"/>
            </lane>
        </edge>
    </timestep>
    <timestep time="3.20">
        <edge id="bottom">
            <lane id="bottom_0">
                <vehicle id="cfm_slow_4" pos="30.57" speed="44.27"/>
            </lane>
        </edge>
        <edge id="left">
            <lane id="left_0">
                <vehicle id="cfm_slow_2" pos="2.36" speed="41.04"/>
                <vehicle id="cfm_slow_3" pos="40.87" speed="42.20"/>
            </lane>
        </edge>
        <edge id="right">
            <lane id="right_0">
                <vehicle id="cfm_slow_0" pos="26.23" speed="40.62"/>
            </lane>
        </edge>
        <edge id="top">
            <lane id="top_0">
                <vehicle id="cfm_slow_1" pos="14.25" speed="40.69"/>
            </lane>
        </edge>
    </timestep>
    <timestep time="3.30">
        <edge id="bottom">
            <lane id="bottom_0">
                <vehicle id="cfm_slow_4" pos="35.04" speed="44.74"/>
            </lane>
        </edge>
        <edge id="left">
            <lane id="left_0">
                <vehicle id="cfm_slow_2" pos="6.52" speed="41.60"/>
                <vehicle id="cfm_slow_3" pos="45.16" speed="42.85"/>
            </lane>
        </edge>
        <edge id="right">
            <lane id="right_0">
                <vehicle id="cfm_slow_0" pos="30.34" speed="41.07"/>
            </lane>
        </edge>
        <edge id="top">
            <lane id="top_0">
                <vehicle id="cfm_slow_1" pos="18.37" speed="41.16"/>
            </lane>
        </edge>
    </timestep>
    <timestep time="3.40">
        <edge id="bottom">
            <lane id="bottom_0">
                <vehicle id="cfm_slow_4" pos="39.55" speed="45.13"/>
            </lane>
        </edge>
        <edge id="left">
            <lane id="left_0">
                <vehicle id="cfm_slow_2" pos="10.73" speed="42.12"/>
                <vehicle id="cfm_slow_3" pos="49.50" speed="43.44"/>
            </lane>
        </edge>
        <edge id="right">
            <lane id="right_0">
                <vehicle id="cfm_slow_0" pos="34.49" speed="41.47"/>
            </lane>
        </edge>
        <edge id="top">
            <lane id="top_0">
                <vehicle id="cfm_slow_1" pos="22.53" speed="41.60"/>
            </lane>
        </edge>
    </timestep>
    <timestep time="3.50">
        <edge id="bottom">
            <lane id="bottom_0">
                <vehicle id="cfm_slow_3" pos="3.90" speed="43.96"/>
                <vehicle id="cfm_slow_4" pos="44.10" speed="45.44"/>
            </lane>
        </edge>
        <edge id="left">
            <lane id="left_0">
                <vehicle id="cfm_slow_2" pos="14.99" speed="42.61"/>
            </lane>
        </edge>
        <edge id="right">
            <lane id="right_0">
                <vehicle id="cfm_slow_0" pos="38.67" speed="41.83"/>
            </lane>
        </edge>
        <edge id="top">
            <lane id="top_0">
                <vehicle id="cfm_slow_1" pos="26.73" speed="42.01"/>
            </lane>
        </edge>
    </timestep>
    <timestep time="3.60">
        <edge id="bottom">
            <lane id="bottom_0">
                <vehicle id="cfm_slow_3" pos="8.34" speed="44.43"/>
                <vehicle id="cfm_slow_4" pos="48.67" speed="45.69"/>
            </lane>
        </edge>
        <edge id="left">
            <lane id="left_0">
                <vehicle id="cfm_slow_2" pos="19.30" speed="43.07"/>
            </lane>
        </edge>
        <edge id="right">
            <lane id="right_0">
                <vehicle id="cfm_slow_0" pos="42.89" speed="42.17"/>
            </lane>
        </edge>
        <edge id="top">
            <lane id="top_0">
                <vehicle id="cfm_slow_1" pos="30.97" speed="42.39"/>
            </lane>
        </edge>
    </timestep>
    <timestep time="3.70">
        <edge id="bottom">
            <lane id="bottom_0">
                <vehicle id="cfm_slow_3" pos="12.82" speed="44.84"/>
            </lane>
        </edge>
        <edge id="left">
            <lane id="left_0">
                <vehicle id="cfm_slow_2" pos="23.65" speed="43.50"/>
            </lane>
        </edge>
        <edge id="right">
            <lane id="right_0">
                <vehicle id="cfm_slow_4" pos="3.25" speed="45.89"/>
                <vehicle id="cfm_slow_0" pos="47.13" speed="42.48"/>
            </lane>
        </edge>
        <edge id="top">
            <lane id="top_0">
                <vehicle id="cfm_slow_1" pos="35.24" speed="42.75"/>
            </lane>
        </edge>
    </timestep>
    <timestep time="3.80">
        <edge id="bottom">
            <lane id="bottom_0">
                <vehicle id="cfm_slow_3" pos="17.34" speed="45.20"/>
            </lane>
        </edge>
        <edge id="left">
            <lane id="left_0">
                <vehicle id="cfm_slow_2" pos="28.04" speed="43.90"/>
            </lane>
        </edge>
        <edge id="right">
            <lane id="right_0">
                <vehicle id="cfm_slow_4" pos="7.86" speed="46.04"/>
            </lane>
        </edge>
        <edge id="top">
            <lane id="top_0">
                <vehicle id="cfm_slow_0" pos="1.41" speed="42.77"/>
                <vehicle id="cfm_slow_1" pos="39.55" speed="43.09"/>
            </lane>
        </edge>
    </timestep>
    <timestep time="3.90">
        <edge id="bottom">
            <lane id="bottom_0">
                <vehicle id="cfm_slow_3" pos="21.89" speed="45.51"/>
            </lane>
        </edge>
        <edge id="left">
            <lane id="left_0">
                <vehicle id="cfm_slow_2" pos="32.46" speed="44.27"/>
            </lane>
        </edge>
        <edge id="right">
            <lane id="right_0">
                <vehicle id="cfm_slow_4" pos="12.48" speed="46.17"/>
            </lane>
        </edge>
        <edge id="top">
            <lane id="top_0">
                <vehicle id="cfm_slow_0" pos="5.71" speed="43.03"/>
                <vehicle id="cfm_slow_1" pos="43.89" speed="43.41"/>
            </lane>
        </edge>
    </timestep>
    <timestep time="4.00">
        <edge id="bottom">
            <lane id="bottom_0">
                <vehicle id="cfm_slow_3" pos="26.47" speed="45.78"/>
            </lane>
        </edge>
        <edge id="left">
            <lane id="left_0">
                <vehicle id="cfm_slow_2" pos="36.92" speed="44.60"/>
            </lane>
        </edge>
        <edge id="right">
            <lane id="right_0">
                <vehicle id="cfm_slow_4" pos="17.10" speed="46.26"/>
            </lane>
        </edge>
        <edge id="top">
            <lane id="top_0">
                <vehicle id="cfm_slow_0" pos="10.04" speed="43.28"/>
                <vehicle id="cfm_slow_1" pos="48.26" speed="43.71"/>
            </lane>
        </edge>
    </timestep>
    <timestep time="4.10">
        <edge id="bottom">
            <lane id="bottom_0">
                <vehicle id="cfm_slow_3" pos="31.07" speed="46.01"/>
            </lane>
        </edge>
        <edge id="left">
            <lane id="left_0">
                <vehicle id="cfm_slow_1" pos="2.66" speed="43.99"/>
                <vehicle id="cfm_slow_2" pos="41.42" speed="44.91"/>
            </lane>
        </edge>
        <edge id="right">
            <lane id="right_0">
                <vehicle id="cfm_slow_4" pos="21.73" speed="46.33"/>
            </lane>
        </edge>
        <edge id="top">
            <lane id="top_0">
                <vehicle id="cfm_slow_0" pos="14.39" speed="43.52"/>
            </lane>
        </edge>
    </timestep>
    <timestep time="4.20">
        <edge id="bottom">
            <lane id="bottom_0">
                <vehicle id="cfm_slow_3" pos="35.69" speed="46.21"/>
            </lane>
        </edge>
        <edge id="left">
            <lane id="left_0">
                <vehicle id="cfm_slow_1" pos="7.08" speed="44.26"/>
                <vehicle id="cfm_slow_2" pos="45.94" speed="45.19"/>
            </lane>
        </edge>
        <edge id="right">
            <lane id="right_0">
                <vehicle id="cfm_slow_4" pos="26.37" speed="46.38"/>
            </lane>
        </edge>
        <edge id="top">
            <lane id="top_0">
                <vehicle id="cfm_slow_0" pos="18.77" speed="43.74"/>
            </lane>
        </edge>
    </timestep>
    <timestep time="4.30">
        <edge id="bottom">
            <lane id="bottom_0">
                <vehicle id="cfm_slow_2" pos="0.48" speed="45.45"/>
                <vehicle id="cfm_slow_3" pos="40.33" speed="46.37"/>
            </lane>
        </edge>
        <edge id="left">
            <lane id="left_0">
                <vehicle id="cfm_slow_1" pos="11.54" speed="44.51"/>
            </lane>
        </edge>
        <edge id="right">
            <lane id="right_0">
                <vehicle id="cfm_slow_4" pos="31.01" speed="46.42"/>
            </lane>
        </edge>
        <edge id="top">
            <lane id="top_0">
                <vehicle id="cfm_slow_0" pos="23.16" speed="43.94"/>
            </lane>
        </edge>
    </timestep>
    <timestep time="4.40">
        <edge id="bottom">
            <lane id="bottom_0">
                <vehicle id="cfm_slow_2" pos="5.05" speed="45.68"/>
                <vehicle id="cfm_slow_3" pos="44.98" speed="46.50"/>
            </lane>
        </edge>
        <edge id="left">
            <lane id="left_0">
                <vehicle id="cfm_slow_1" pos="16.01" speed="44.74"/>
            </lane>
        </edge>
        <edge id="right">
            <lane id="right_0">
                <vehicle id="cfm_slow_4" pos="35.66" speed="46.44"/>
            </lane>
        </edge>
        <edge id="top">
            <lane id="top_0">
                <vehicle id="cfm_slow_0" pos="27.58" speed="44.14"/>
            </lane>
        </edge>
    </timestep>
    <timestep time="4.50">
        <edge id="bottom">
            <lane id="bottom_0">
                <vehicle id="cfm_slow_2" pos="9.64" speed="45.89"/>
                <vehicle id="cfm_slow_3" pos="49.64" speed="46.61"/>
            </lane>
        </edge>
        <edge id="left">
            <lane id="left_0">
                <vehicle id="cfm_slow_1" pos="20.51" speed="44.96"/>
            </lane>
        </edge>
        <edge id="right">
            <lane id="right_0">
                <vehicle id="cfm_slow_4" pos="40.30" speed="46.46"/>
            </lane>
        </edge>
        <edge id="top">
            <lane id="top_0">
                <vehicle id="cfm_slow_0" pos="32.01" speed="44.33"/>
            </lane>
        </edge>
    </timestep>
    <timestep time="4.60">
        <edge id="bottom">
            <lane id="bottom_0">
                <vehicle id="cfm_slow_2" pos="14.24" speed="46.07"/>
            </lane>
        </edge>
        <edge id="left">
            <lane id="left_0">
                <vehicle id="cfm_slow_1" pos="25.02" speed="45.17"/>
            </lane>
        </edge>
        <edge id="right">
            <lane id="right_0">
                <vehicle id="cfm_slow_3" pos="4.31" speed="46.70"/>
                <vehicle id="cfm_slow_4" pos="44.95" speed="46.47"/>
            </lane>
        </edge>
        <edge id="top">
            <lane id="top_0">
                <vehicle id="cfm_slow_0" pos="36.46" speed="44.51"/>
            </lane>
        </edge>
    </timestep>
    <timestep time="4.70">
        <edge id="bottom">
            <lane id="bottom_0">
                <vehicle id="cfm_slow_2" pos="18.87" speed="46.23"/>
            </lane>
        </edge>
        <edge id="left">
            <lane id="left_0">
                <vehicle id="cfm_slow_1" pos="29.56" speed="45.36"/>
            </lane>
        </edge>
        <edge id="right">
            <lane id="right_0">
                <vehicle id="cfm_slow_3" pos="8.99" speed="46.77"/>
                <vehicle id="cfm_slow_4" pos="49.60" speed="46.48"/>
            </lane>
        </edge>
        <edge id="top">
            <lane id="top_0">
                <vehicle id="cfm_slow_0" pos="40.93" speed="44.68"/>
            </lane>
        </edge>
    </timestep>
    <timestep time="4.80">
        <edge id="bottom">
            <lane id="bottom_0">
                <vehicle id="cfm_slow_2" pos="23.50" speed="46.37"/>
            </lane>
        </edge>
        <edge id="left">
            <lane id="left_0">
                <vehicle id="cfm_slow_1" pos="34.11" speed="45.54"/>
            </lane>
        </edge>
        <edge id="right">
            <lane id="right_0">
                <vehicle id="cfm_slow_3" pos="13.67" speed="46.83"/>
            </lane>
        </edge>
        <edge id="top">
            <lane id="top_0">
                <vehicle id="cfm_slow_4" pos="4.25" speed="46.48"/>
                <vehicle id="cfm_slow_0" pos="45.41" speed="44.84"/>
            </lane>
        </edge>
    </timestep>
    <timestep time="4.90">
        <edge id="bottom">
            <lane id="bottom_0">
                <vehicle id="cfm_slow_2" pos="28.15" speed="46.50"/>
            </lane>
        </edge>
        <edge id="left">
            <lane id="left_0">
                <vehicle id="cfm_slow_1" pos="38.68" speed="45.71"/>
            </lane>
        </edge>
        <edge id="right">
            <lane id="right_0">
                <vehicle id="cfm_slow_3" pos="18.36" speed="46.87"/>
            </lane>
        </edge>
        <edge id="top">
            <lane id="top_0">
                <vehicle id="cfm_slow_4" pos="8.90" speed="46.49"/>
                <vehicle id="cfm_slow_0" pos="49.91" speed="44.99"/>
            </lane>
        </edge>
    </timestep>
    <timestep time="5.00">
        <edge id="bottom">
            <lane id="bottom_0">
                <vehicle id="cfm_slow_2" pos="32.81" speed="46.60"/>
            </lane>
        </edge>
        <edge id="left">
            <lane id="left_0">
                <vehicle id="cfm_slow_0" pos="4.43" speed="45.14"/>
                <vehicle id="cfm_slow_1" pos="43.27" speed="45.86"/>
            </lane>
        </edge>
        <edge id="right">
            <lane id="right_0">
                <vehicle id="cfm_slow_3" pos="23.05" speed="46.89"/>
            </lane>
        </edge>
        <edge id="top">
            <lane id="top_0">
                <vehicle id="cfm_slow_4" pos="13.55" speed="46.49"/>
            </lane>
        </edge>
    </timestep>
    <timestep time="5.10">
        <edge id="bottom">
            <lane id="bottom_0">
                <vehicle id="cfm_slow_2" pos="37.48" speed="46.70"/>
            </lane>
        </edge>
        <edge id="left">
            <lane id="left_0">
                <vehicle id="cfm_slow_0" pos="8.95" speed="45.28"/>
                <vehicle id="cfm_slow_1" pos="47.87" speed="46.00"/>
            </lane>
        </edge>
        <edge id="right">
            <lane id="right_0">
                <vehicle id="cfm_slow_3" pos="27.74" speed="46.91"/>
            </lane>
        </edge>
        <edge id="top">
            <lane id="top_0">
                <vehicle id="cfm_slow_4" pos="18.19" speed="46.49"/>
            </lane>
        </edge>
    </timestep>
    <timestep time="5.20">
        <edge id="bottom">
            <lane id="bottom_0">
                <vehicle id="cfm_slow_1" pos="2.48" speed="46.13"/>
                <vehicle id="cfm_slow_2" pos="42.16" speed="46.77"/>
            </lane>
        </edge>
        <edge id="left">
            <lane id="left_0">
                <vehicle id="cfm_slow_0" pos="13.50" speed="45.42"/>
            </lane>
        </edge>
        <edge id="right">
            <lane id="right_0">
                <vehicle id="cfm_slow_3" pos="32.43" speed="46.93"/>
            </lane>
        </edge>
        <edge id="top">
            <lane id="top_0">
                <vehicle id="cfm_slow_4" pos="22.84" speed="46.50"/>
            </lane>
        </edge>
    </timestep>
    <timestep time="5.30">
        <edge id="bottom">
            <lane id="bottom_0">
                <vehicle id="cfm_slow_1" pos="7.11" speed="46.25"/>
                <vehicle id="cfm_slow_2" pos="46.84" speed="46.84"/>
            </lane>
        </edge>
        <edge id="left">
            <lane id="left_0">
                <vehicle id="cfm_slow_0" pos="18.05" speed="45.54"/>
            </lane>
        </edge>
        <edge id="right">
            <lane id="right_0">
                <vehicle id="cfm_slow_3" pos="37.13" speed="46.93"/>
            </lane>
        </edge>
        <edge id="top">
            <lane id="top_0">
                <vehicle id="cfm_slow_4" pos="27.50" speed="46.51"/>
            </lane>
        </edge>
    </timestep>
    <timestep time="5.40">
        <edge id="bottom">
            <lane id="bottom_0">
                <vehicle id="cfm_slow_1" pos="11.74" speed="46.36"/>
            </lane>
        </edge>
        <edge id="left">
            <lane id="left_0">
                <vehicle id="cfm_slow_0" pos="22.62" speed="45.67"/>
            </lane>
        </edge>
        <edge id="right">
            <lane id="right_0">
                <vehicle id="cfm_slow_2" pos="1.53" speed="46.89"/>
                <vehicle id="cfm_slow_3" pos="41.82" speed="46.93"/>
            </lane>
        </edge>
        <edge id="top">
            <lane id="top_0">
                <vehicle id="cfm_slow_4" pos="32.15" speed="46.51"/>
            </lane>
        </edge>
    </timestep>
    <timestep time="5.50">
        <edge id="bottom">
            <lane id="bottom_0">
                <vehicle id="cfm_slow_1" pos="16.39" speed="46.45"/>
            </lane>
        </edge>
        <edge id="left">
            <lane id="left_0">
                <vehicle id="cfm_slow_0" pos="27.19" speed="45.78"/>
            </lane>
        </edge>
        <edge id="right">
            <lane id="right_0">
                <vehicle id="cfm_slow_2" pos="6.23" speed="46.93"/>
                <vehicle id="cfm_slow_3" pos="46.51" speed="46.93"/>
            </lane>
        </edge>
        <edge id="top">
            <lane id="top_0">
                <vehicle id="cfm_slow_4" pos="36.80" speed="46.53"/>
            </lane>
        </edge>
    </timestep>
    <timestep time="5.60">
        <edge id="bottom">
            <lane id="bottom_0">
                <vehicle id="cfm_slow_1" pos="21.04" speed="46.54"/>
            </lane>
        </edge>
        <edge id="left">
            <lane id="left_0">
                <vehicle id="cfm_slow_0" pos="31.78" speed="45.89"/>
            </lane>
        </edge>
        <edge id="right">
            <lane id="right_0">
                <vehicle id="cfm_slow_2" pos="10.92" speed="46.97"/>
            </lane>
        </edge>
        <edge id="top">
            <lane id="top_0">
                <vehicle id="cfm_slow_3" pos="1.21" speed="46.93"/>
                <vehicle id="cfm_slow_4" pos="41.45" speed="46.54"/>
            </lane>
        </edge>
    </timestep>
    <timestep time="5.70">
        <edge id="bottom">
            <lane id="bottom_0">
                <vehicle id="cfm_slow_1" pos="25.70" speed="46.61"/>
            </lane>
        </edge>
        <edge id="left">
            <lane id="left_0">
                <vehicle id="cfm_slow_0" pos="36.38" speed="45.99"/>
            </lane>
        </edge>
        <edge id="right">
            <lane id="right_0">
                <vehicle id="cfm_slow_2" pos="15.62" speed="47.00"/>
            </lane>
        </edge>
        <edge id="top">
            <lane id="top_0">
                <vehicle id="cfm_slow_3" pos="5.90" speed="46.92"/>
                <vehicle id="cfm_slow_4" pos="46.11" speed="46.55"/>
            </lane>
        </edge>
    </timestep>
    <timestep time="5.80">
        <edge id="bottom">
            <lane id="bottom_0">
                <vehicle id="cfm_slow_1" pos="30.37" speed="46.68"/>
            </lane>
        </edge>
        <edge id="left">
            <lane id="left_0">
                <vehicle id="cfm_slow_4" pos="0.77" speed="46.57"/>
                <vehicle id="cfm_slow_0" pos="40.99" speed="46.08"/>
            </lane>
        </edge>
        <edge id="right">
            <lane id="right_0">
                <vehicle id="cfm_slow_2" pos="20.33" speed="47.02"/>
            </lane>
        </edge>
        <edge id="top">
            <lane id="top_0">
                <vehicle id="cfm_slow_3" pos="10.59" speed="46.91"/>
            </lane>
        </edge>
    </timestep>
    <timestep time="5.90">
        <edge id="bottom">
            <lane id="bottom_0">
                <vehicle id="cfm_slow_1" pos="35.05" speed="46.74"/>
            </lane>
        </edge>
        <edge id="left">
            <lane id="left_0">
                <vehicle id="cfm_slow_4" pos="5.42" speed="46.58"/>
                <vehicle id="cfm_slow_0" pos="45.61" speed="46.17"/>
            </lane>
        </edge>
        <edge id="right">
            <lane id="right_0">
                <vehicle id="cfm_slow_2" pos="25.03" speed="47.03"/>
            </lane>
        </edge>
        <edge id="top">
            <lane id="top_0">
                <vehicle id="cfm_slow_3" pos="15.28" speed="46.90"/>
            </lane>
        </edge>
    </timestep>
    <timestep time="6.00">
        <edge id="bottom">
            <lane id="bottom_0">
                <vehicle id="cfm_slow_0" pos="0.23" speed="46.26"/>
                <vehicle id="cfm_slow_1" pos="39.73" speed="46.79"/>
            </lane>
        </edge>
        <edge id="left">
            <lane id="left_0">
                <vehicle id="cfm_slow_4" pos="10.08" speed="46.60"/>
            </lane>
        </edge>
        <edge id="right">
            <lane id="right_0">
                <vehicle id="cfm_slow_2" pos="29.73" speed="47.04"/>
            </lane>
        </edge>
        <edge id="top">
            <lane id="top_0">
                <vehicle id="cfm_slow_3" pos="19.97" speed="46.90"/>
            </lane>
        </edge>
    </timestep>
    <timestep time="6.10">
        <edge id="bottom">
            <lane id="bottom_0">
                <vehicle id="cfm_slow_0" pos="4.87" speed="46.33"/>
                <vehicle id="cfm_slow_1" pos="44.41" speed="46.84"/>
            </lane>
        </edge>
        <edge id="left">
            <lane id="left_0">
                <vehicle id="cfm_slow_4" pos="14.75" speed="46.62"/>
            </lane>
        </edge>
        <edge id="right">
            <lane id="right_0">
                <vehicle id="cfm_slow_2" pos="34.44" speed="47.04"/>
            </lane>
        </edge>
        <edge id="top">
            <lane id="top_0">
                <vehicle id="cfm_slow_3" pos="24.66" speed="46.89"/>
            </lane>
        </edge>
    </timestep>
    <timestep time="6.20">
        <edge id="bottom">
            <lane id="bottom_0">
                <vehicle id="cfm_slow_0" pos="9.51" speed="46.40"/>
                <vehicle id="cfm_slow_1" pos="49.10" speed="46.88"/>
            </lane>
        </edge>
        <edge id="left">
            <lane id="left_0">
                <vehicle id="cfm_slow_4" pos="19.41" speed="46.64"/>
            </lane>
        </edge>
        <edge id="right">
            <lane id="right_0">
                <vehicle id="cfm_slow_2" pos="39.14" speed="47.05"/>
            </lane>
        </edge>
        <edge id="top">
            <lane id="top_0">
                <vehicle id="cfm_slow_3" pos="29.35" speed="46.88"/>
            </lane>
        </edge>
    </timestep>
    <timestep time="6.30">
        <edge id="bottom">
            <lane id="bottom_0">
                <vehicle id="cfm_slow_0" pos="14.15" speed="46.47"/>
            </lane>
        </edge>
        <edge id="left">
            <lane id="left_0">
                <vehicle id="cfm_slow_4" pos="24.08" speed="46.66"/>
            </lane>
        </edge>
        <edge id="right">
            <lane id="right_0">
                <vehicle id="cfm_slow_1" pos="3.79" speed="46.91"/>
                <vehicle id="cfm_slow_2" pos="43.85" speed="47.05"/>
            </lane>
        </edge>
        <edge id="top">
            <lane id="top_0">
                <vehicle id="cfm_slow_3" pos="34.03" speed="46.88"/>
            </lane>
        </edge>
    </timestep>
    <timestep time="6.40">
        <edge id="bottom">
            <lane id="bottom_0">
                <vehicle id="cfm_slow_0" pos="18.81" speed="46.53"/>
            </lane>
        </edge>
        <edge id="left">
            <lane id="left_0">
                <vehicle id="cfm_slow_4" pos="28.75" speed="46.69"/>
            </lane>
        </edge>
        <edge id="right">
            <lane id="right_0">
                <vehicle id="cfm_slow_1" pos="8.48" speed="46.94"/>
                <vehicle id="cfm_slow_2" pos="48.55" speed="47.04"/>
            </lane>
        </edge>
        <edge id="top">
            <lane id="top_0">
                <vehicle id="cfm_slow_3" pos="38.72" speed="46.87"/>
            </lane>
        </edge>
    </timestep>
    <timestep time="6.50">
        <edge id="bottom">
            <lane id="bottom_0">
                <vehicle id="cfm_slow_0" pos="23.46" speed="46.58"/>
            </lane>
        </edge>
        <edge id="left">
            <lane id="left_0">
                <vehicle id="cfm_slow_4" pos="33.42" speed="46.71"/>
            </lane>
        </edge>
        <edge id="right">
            <lane id="right_0">
                <vehicle id="cfm_slow_1" pos="13.18" speed="46.96"/>
            </lane>
        </edge>
        <edge id="top">
            <lane id="top_0">
                <vehicle id="cfm_slow_2" pos="3.25" speed="47.04"/>
                <vehicle id="cfm_slow_3" pos="43.41" speed="46.87"/>
            </lane>
        </edge>
    </timestep>
    <timestep time="6.60">
        <edge id="bottom">
            <lane id="bottom_0">
                <vehicle id="cfm_slow_0" pos="28.13" speed="46.63"/>
            </lane>
        </edge>
        <edge id="left">
            <lane id="left_0">
                <vehicle id="cfm_slow_4" pos="38.09" speed="46.73"/>
            </lane>
        </edge>
        <edge id="right">
            <lane id="right_0">
                <vehicle id="cfm_slow_1" pos="17.88" speed="46.98"/>
            </lane>
        </edge>
        <edge id="top">
            <lane id="top_0">
                <vehicle id="cfm_slow_2" pos="7.96" speed="47.03"/>
                <vehicle id="cfm_slow_3" pos="48.09" speed="46.87"/>
            </lane>
        </edge>
    </timestep>
    <timestep time="6.70">
        <edge id="bottom">
            <lane id="bottom_0">
                <vehicle id="cfm_slow_0" pos="32.80" speed="46.68"/>
            </lane>
        </edge>
        <edge id="left">
            <lane id="left_0">
                <vehicle id="cfm_slow_3" pos="2.78" speed="46.87"/>
                <vehicle id="cfm_slow_4" pos="42.76" speed="46.75"/>
            </lane>
        </edge>
        <edge id="right">
            <lane id="right_0">
                <vehicle id="cfm_slow_1" pos="22.58" speed="47.00"/>
            </lane>
        </edge>
        <edge id="top">
            <lane id="top_0">
                <vehicle id="cfm_slow_2" pos="12.66" speed="47.03"/>
            </lane>
        </edge>
    </timestep>
    <timestep time="6.80">
        <edge id="bottom">
            <lane id="bottom_0">
                <vehicle id="cfm_slow_0" pos="37.47" speed="46.72"/>
            </lane>
        </edge>
        <edge id="left">
            <lane id="left_0">
                <vehicle id="cfm_slow_3" pos="7.47" speed="46.87"/>
                <vehicle id="cfm_slow_4" pos="47.44" speed="46.77"/>
            </lane>
        </edge>
        <edge id="right">
            <lane id="right_0">
                <vehicle id="cfm_slow_1" pos="27.28" speed="47.01"/>
            </lane>
        </edge>
        <edge id="top">
            <lane id="top_0">
                <vehicle id="cfm_slow_2" pos="17.36" speed="47.02"/>
            </lane>
        </edge>
    </timestep>
    <timestep time="6.90">
        <edge id="bottom">
            <lane id="bottom_0">
                <vehicle id="cfm_slow_4" pos="2.12" speed="46.79"/>
                <vehicle id="cfm_slow_0" pos="42.14" speed="46.76"/>
            </lane>
        </edge>
        <edge id="left">
            <lane id="left_0">
                <vehicle id="cfm_slow_3" pos="12.15" speed="46.87"/>
            </lane>
        </edge>
        <edge id="right">
            <lane id="right_0">
                <vehicle id="cfm_slow_1" pos="31.98" speed="47.02"/>
            </lane>
        </edge>
        <edge id="top">
            <lane id="top_0">
                <vehicle id="cfm_slow_2" pos="22.06" speed="47.01"/>
            </lane>
        </edge>
    </timestep>
    <timestep time="7.00">
        <edge id="bottom">
            <lane id="bottom_0">
                <vehicle id="cfm_slow_4" pos="6.80" speed="46.81"/>
                <vehicle id="cfm_slow_0" pos="46.82" speed="46.79"/>
            </lane>
        </edge>
        <edge id="left">
            <lane id="left_0">
                <vehicle id="cfm_slow_3" pos="16.84" speed="46.87"/>
            </lane>
        </edge>
        <edge id="right">
            <lane id="right_0">
                <vehicle id="cfm_slow_1" pos="36.68" speed="47.02"/>
            </lane>
        </edge>
        <edge id="top">
            <lane id="top_0">
                <vehicle id="cfm_slow_2" pos="26.76" speed="47.01"/>
            </lane>
        </edge>
    </timestep>
    <timestep time="7.10">
        <edge id="bottom">
            <lane id="bottom_0">
                <vehicle id="cfm_slow_4" pos="11.48" speed="46.83"/>
            </lane>
        </edge>
        <edge id="left">
            <lane id="left_0">
                <vehicle id="cfm_slow_3" pos="21.53" speed="46.87"/>
            </lane>
        </edge>
        <edge id="right">
            <lane id="right_0">
                <vehicle id="cfm_slow_0" pos="1.51" speed="46.82"/>
                <vehicle id="cfm_slow_1" pos="41.38" speed="47.03"/>
            </lane>
        </edge>
        <edge id="top">
            <lane id="top_0">
                <vehicle id="cfm_slow_2" pos="31.46" speed="47.00"/>
            </lane>
        </edge>
    </timestep>
    <timestep time="7.20">
        <edge id="bottom">
            <lane id="bottom_0">
                <vehicle id="cfm_slow_4" pos="16.17" speed="46.85"/>
            </lane>
        </edge>
        <edge id="left">
            <lane id="left_0">
                <vehicle id="cfm_slow_3" pos="26.22" speed="46.88"/>
            </lane>
        </edge>
        <edge id="right">
            <lane id="right_0">
                <vehicle id="cfm_slow_0" pos="6.19" speed="46.85"/>
                <vehicle id="cfm_slow_1" pos="46.09" speed="47.03"/>
            </lane>
        </edge>
        <edge id="top">
            <lane id="top_0">
                <vehicle id="cfm_slow_2" pos="36.16" speed="46.99"/>
            </lane>
        </edge>
    </timestep>
    <timestep time="7.30">
        <edge id="bottom">
            <lane id="bottom_0">
                <vehicle id="cfm_slow_4" pos="20.86" speed="46.87"/>
            </lane>
        </edge>
        <edge id="left">
            <lane id="left_0">
                <vehicle id="cfm_slow_3" pos="30.90" speed="46.88"/>
            </lane>
        </edge>
        <edge id="right">
            <lane id="right_0">
                <vehicle id="cfm_slow_0" pos="10.88" speed="46.87"/>
            </lane>
        </edge>
        <edge id="top">
            <lane id="top_0">
                <vehicle id="cfm_slow_1" pos="0.79" speed="47.03"/>
                <vehicle id="cfm_slow_2" pos="40.86" speed="46.99"/>
            </lane>
        </edge>
    </timestep>
    <timestep time="7.40">
        <edge id="bottom">
            <lane id="bottom_0">
                <vehicle id="cfm_slow_4" pos="25.54" speed="46.88"/>
            </lane>
        </edge>
        <edge id="left">
            <lane id="left_0">
                <vehicle id="cfm_slow_3" pos="35.59" speed="46.89"/>
            </lane>
        </edge>
        <edge id="right">
            <lane id="right_0">
                <vehicle id="cfm_slow_0" pos="15.57" speed="46.89"/>
            </lane>
        </edge>
        <edge id="top">
            <lane id="top_0">
                <vehicle id="cfm_slow_1" pos="5.49" speed="47.03"/>
                <vehicle id="cfm_slow_2" pos="45.56" speed="46.98"/>
            </lane>
        </edge>
    </timestep>
    <timestep time="7.50">
        <edge id="bottom">
            <lane id="bottom_0">
                <vehicle id="cfm_slow_4" pos="30.23" speed="46.90"/>
            </lane>
        </edge>
        <edge id="left">
            <lane id="left_0">
                <vehicle id="cfm_slow_2" pos="0.26" speed="46.98"/>
                <vehicle id="cfm_slow_3" pos="40.28" speed="46.89"/>
            </lane>
        </edge>
        <edge id="right">
            <lane id="right_0">
                <vehicle id="cfm_slow_0" pos="20.26" speed="46.91"/>
            </lane>
        </edge>
        <edge id="top">
            <lane id="top_0">
                <vehicle id="cfm_slow_1" pos="10.20" speed="47.03"/>
            </lane>
        </edge>
    </timestep>
    <timestep time="7.60">
        <edge id="bottom">
            <lane id="bottom_0">
                <vehicle id="cfm_slow_4" pos="34.92" speed="46.91"/>
            </lane>
        </edge>
        <edge id="left">
            <lane id="left_0">
                <vehicle id="cfm_slow_2" pos="4.96" speed="46.97"/>
                <vehicle id="cfm_slow_3" pos="44.97" speed="46.90"/>
            </lane>
        </edge>
        <edge id="right">
            <lane id="right_0">
                <vehicle id="cfm_slow_0" pos="24.95" speed="46.92"/>
            </lane>
        </edge>
        <edge id="top">
            <lane id="top_0">
                <vehicle id="cfm_slow_1" pos="14.90" speed="47.03"/>
            </lane>
        </edge>
    </timestep>
    <timestep time="7.70">
        <edge id="bottom">
            <lane id="bottom_0">
                <vehicle id="cfm_slow_4" pos="39.62" speed="46.92"/>
            </lane>
        </edge>
        <edge id="left">
            <lane id="left_0">
                <vehicle id="cfm_slow_2" pos="9.65" speed="46.97"/>
                <vehicle id="cfm_slow_3" pos="49.66" speed="46.91"/>
            </lane>
        </edge>
        <edge id="right">
            <lane id="right_0">
                <vehicle id="cfm_slow_0" pos="29.64" speed="46.94"/>
            </lane>
        </edge>
        <edge id="top">
            <lane id="top_0">
                <vehicle id="cfm_slow_1" pos="19.60" speed="47.03"/>
            </lane>
        </edge>
    </timestep>
    <timestep time="7.80">
        <edge id="bottom">
            <lane id="bottom_0">
                <vehicle id="cfm_slow_3" pos="4.35" speed="46.91"/>
                <vehicle id="cfm_slow_4" pos="44.31" speed="46.93"/>
            </lane>
        </edge>
        <edge id="left">
            <lane id="left_0">
                <vehicle id="cfm_slow_2" pos="14.35" speed="46.97"/>
            </lane>
        </edge>
        <edge id="right">
            <lane id="right_0">
                <vehicle id="cfm_slow_0" pos="34.34" speed="46.95"/>
            </lane>
        </edge>
        <edge id="top">
            <lane id="top_0">
                <vehicle id="cfm_slow_1" pos="24.30" speed="47.02"/>
            </lane>
        </edge>
    </timestep>
    <timestep time="7.90">
        <edge id="bottom">
            <lane id="bottom_0">
                <vehicle id="cfm_slow_3" pos="9.05" speed="46.92"/>
                <vehicle id="cfm_slow_4" pos="49.00" speed="46.94"/>
            </lane>
        </edge>
        <edge id="left">
            <lane id="left_0">
                <vehicle id="cfm_slow_2" pos="19.05" speed="46.97"/>
            </lane>
        </edge>
        <edge id="right">
            <lane id="right_0">
                <vehicle id="cfm_slow_0" pos="39.03" speed="46.96"/>
            </lane>
        </edge>
        <edge id="top">
            <lane id="top_0">
                <vehicle id="cfm_slow_1" pos="29.01" speed="47.02"/>
            </lane>
        </edge>
    </timestep>
    <timestep time="8.00">
        <edge id="bottom">
            <lane id="bottom_0">
                <vehicle id="cfm_slow_3" pos="13.74" speed="46.93"/>
            </lane>
        </edge>
        <edge id="left">
            <lane id="left_0">
                <vehicle id="cfm_slow_2" pos="23.74" speed="46.96"/>
            </lane>
        </edge>
        <edge id="right">
            <lane id="right_0">
                <vehicle id="cfm_slow_4" pos="3.70" speed="46.95"/>
                <vehicle id="cfm_slow_0" pos="43.73" speed="46.96"/>
            </lane>
        </edge>
        <edge id="top">
            <lane id="top_0">
                <vehicle id="cfm_slow_1" pos="33.71" speed="47.02"/>
            </lane>
        </edge>
    </timestep>
    <timestep time="8.10">
        <edge id="bottom">
            <lane id="bottom_0">
                <vehicle id="cfm_slow_3" pos="18.43" speed="46.93"/>
            </lane>
        </edge>
        <edge id="left">
            <lane id="left_0">
                <vehicle id="cfm_slow_2" pos="28.44" speed="46.96"/>
            </lane>
        </edge>
        <edge id="right">
            <lane id="right_0">
                <vehicle id="cfm_slow_4" pos="8.40" speed="46.96"/>
                <vehicle id="cfm_slow_0" pos="48.43" speed="46.97"/>
            </lane>
        </edge>
        <edge id="top">
            <lane id="top_0">
                <vehicle id="cfm_slow_1" pos="38.41" speed="47.01"/>
            </lane>
        </edge>
    </timestep>
    <timestep time="8.20">
        <edge id="bottom">
            <lane id="bottom_0">
                <vehicle id="cfm_slow_3" pos="23.13" speed="46.94"/>
            </lane>
        </edge>
        <edge id="left">
            <lane id="left_0">
                <vehicle id="cfm_slow_2" pos="33.14" speed="46.96"/>
            </lane>
        </edge>
        <edge id="right">
            <lane id="right_0">
                <vehicle id="cfm_slow_4" pos="13.09" speed="46.97"/>
            </lane>
        </edge>
        <edge id="top">
            <lane id="top_0">
                <vehicle id="cfm_slow_0" pos="3.12" speed="46.98"/>
                <vehicle id="cfm_slow_1" pos="43.11" speed="47.01"/>
            </lane>
        </edge>
    </timestep>
    <timestep time="8.30">
        <edge id="bottom">
            <lane id="bottom_0">
                <vehicle id="cfm_slow_3" pos="27.82" speed="46.94"/>
            </lane>
        </edge>
        <edge id="left">
            <lane id="left_0">
                <vehicle id="cfm_slow_2" pos="37.83" speed="46.96"/>
            </lane>
        </edge>
        <edge id="right">
            <lane id="right_0">
                <vehicle id="cfm_slow_4" pos="17.79" speed="46.98"/>
            </lane>
        </edge>
        <edge id="top">
            <lane id="top_0">
                <vehicle id="cfm_slow_0" pos="7.82" speed="46.98"/>
                <vehicle id="cfm_slow_1" pos="47.81" speed="47.01"/>
            </lane>
        </edge>
    </timestep>
    <timestep time="8.40">
        <edge id="bottom">
            <lane id="bottom_0">
                <vehicle id="cfm_slow_3" pos="32.51" speed="46.95"/>
            </lane>
        </edge>
        <edge id="left">
            <lane id="left_0">
                <vehicle id="cfm_slow_1" pos="2.51" speed="47.00"/>
                <vehicle id="cfm_slow_2" pos="42.53" speed="46.96"/>
            </lane>
        </edge>
        <edge id="right">
            <lane id="right_0">
                <vehicle id="cfm_slow_4" pos="22.49" speed="46.98"/>
            </lane>
        </edge>
        <edge id="top">
            <lane id="top_0">
                <vehicle id="cfm_slow_0" pos="12.52" speed="46.98"/>
            </lane>
        </edge>
    </timestep>
    <timestep time="8.50">
        <edge id="bottom">
            <lane id="bottom_0">
                <vehicle id="cfm_slow_3" pos="37.21" speed="46.96"/>
            </lane>
        </edge>
        <edge id="left">
            <lane id="left_0">
                <vehicle id="cfm_slow_1" pos="7.21" speed="47.00"/>
                <vehicle id="cfm_slow_2" pos="47.22" speed="46.96"/>
            </lane>
        </edge>
        <edge id="right">
            <lane id="right_0">
                <vehicle id="cfm_slow_4" pos="27.19" speed="46.99"/>
            </lane>
        </edge>
        <edge id="top">
            <lane id="top_0">
                <vehicle id="cfm_slow_0" pos="17.22" speed="46.99"/>
            </lane>
        </edge>
    </timestep>
    <timestep time="8.60">
        <edge id="bottom">
            <lane id="bottom_0">
                <vehicle id="cfm_slow_2" pos="1.92" speed="46.97"/>
                <vehicle id="cfm_slow_3" pos="41.91" speed="46.96"/>
            </lane>
        </edge>
        <edge id="left">
            <lane id="left_0">
                <vehicle id="cfm_slow_1" pos="11.91" speed="47.00"/>
            </lane>
        </edge>
        <edge id="right">
            <lane id="right_0">
                <vehicle id="cfm_slow_4" pos="31.89" speed="46.99"/>
            </lane>
        </edge>
        <edge id="top">
            <lane id="top_0">
                <vehicle id="cfm_slow_0" pos="21.92" speed="46.99"/>
            </lane>
        </edge>
    </timestep>
    <timestep time="8.70">
        <edge id="bottom">
            <lane id="bottom_0">
                <vehicle id="cfm_slow_2" pos="6.62" speed="46.97"/>
                <vehicle id="cfm_slow_3" pos="46.60" speed="46.97"/>
            </lane>
        </edge>
        <edge id="left">
            <lane id="left_0">
                <vehicle id="cfm_slow_1" pos="16.61" speed="47.00"/>
            </lane>
        </edge>
        <edge id="right">
            <lane id="right_0">
                <vehicle id="cfm_slow_4" pos="36.59" speed="47.00"/>
            </lane>
        </edge>
        <edge id="top">
            <lane id="top_0">
                <vehicle id="cfm_slow_0" pos="26.62" speed="46.99"/>
            </lane>
        </edge>
    </timestep>
    <timestep time="8.80">
        <edge id="bottom">
            <lane id="bottom_0">
                <vehicle id="cfm_slow_2" pos="11.32" speed="46.97"/>
            </lane>
        </edge>
        <edge id="left">
            <lane id="left_0">
                <vehicle id="cfm_slow_1" pos="21.31" speed="47.00"/>
            </lane>
        </edge>
        <edge id="right">
            <lane id="right_0">
                <vehicle id="cfm_slow_3" pos="1.30" speed="46.97"/>
                <vehicle id="cfm_slow_4" pos="41.29" speed="47.00"/>
            </lane>
        </edge>
        <edge id="top">
            <lane id="top_0">
                <vehicle id="cfm_slow_0" pos="31.32" speed="46.99"/>
            </lane>
        </edge>
    </timestep>
    <timestep time="8.90">
        <edge id="bottom">
            <lane id="bottom_0">
                <vehicle id="cfm_slow_2" pos="16.01" speed="46.97"/>
            </lane>
        </edge>
        <edge id="left">
            <lane id="left_0">
                <vehicle id="cfm_slow_1" pos="26.01" speed="46.99"/>
            </lane>
        </edge>
        <edge id="right">
            <lane id="right_0">
                <vehicle id="cfm_slow_3" pos="6.00" speed="46.98"/>
                <vehicle id="cfm_slow_4" pos="45.99" speed="47.00"/>
            </lane>
        </edge>
        <edge id="top">
            <lane id="top_0">
                <vehicle id="cfm_slow_0" pos="36.02" speed="46.99"/>
            </lane>
        </edge>
    </timestep>
    <timestep time="9.00">
        <edge id="bottom">
            <lane id="bottom_0">
                <vehicle id="cfm_slow_2" pos="20.71" speed="46.97"/>
            </lane>
        </edge>
        <edge id="left">
            <lane id="left_0">
                <vehicle id="cfm_slow_1" pos="30.71" speed="46.99"/>
            </lane>
        </edge>
        <edge id="right">
            <lane id="right_0">
                <vehicle id="cfm_slow_3" pos="10.70" speed="46.98"/>
            </lane>
        </edge>
        <edge id="top">
            <lane id="top_0">
                <vehicle id="cfm_slow_4" pos="0.69" speed="47.00"/>
                <vehicle id="cfm_slow_0" pos="40.71" speed="46.99"/>
            </lane>
        </edge>
    </timestep>
    <timestep time="9.10">
        <edge id="bottom">
            <lane id="bottom_0">
                <vehicle id="cfm_slow_2" pos="25.41" speed="46.97"/>
            </lane>
        </edge>
        <edge id="left">
            <lane id="left_0">
                <vehicle id="cfm_slow_1" pos="35.41" speed="46.99"/>
            </lane>
        </edge>
        <edge id="right">
            <lane id="right_0">
                <vehicle id="cfm_slow_3" pos="15.39" speed="46.98"/>
            </lane>
        </edge>
        <edge id="top">
            <lane id="top_0">
                <vehicle id="cfm_slow_4" pos="5.39" speed="47.00"/>
                <vehicle id="cfm_slow_0" pos="45.41" speed="46.99"/>
            </lane>
        </edge>
    </timestep>
    <timestep time="9.20">
        <edge id="bottom">
            <lane id="bottom_0">
                <vehicle id="cfm_slow_2" pos="30.10" speed="46.98"/>
            </lane>
        </edge>
        <edge id="left">
            <lane id="left_0">
                <vehicle id="cfm_slow_0" pos="0.11" speed="46.99"/>
                <vehicle id="cfm_slow_1" pos="40.11" speed="46.99"/>
            </lane>
        </edge>
        <edge id="right">
            <lane id="right_0">
                <vehicle id="cfm_slow_3" pos="20.09" speed="46.99"/>
            </lane>
        </edge>
        <edge id="top">
            <lane id="top_0">
                <vehicle id="cfm_slow_4" pos="10.09" speed="47.01"/>
            </lane>
        </edge>
    </timestep>
    <timestep time="9.30">
        <edge id="bottom">
            <lane id="bottom_0">
                <vehicle id="cfm_slow_2" pos="34.80" speed="46.98"/>
            </lane>
        </edge>
        <edge id="left">
            <lane id="left_0">
                <vehicle id="cfm_slow_0" pos="4.81" speed="46.99"/>
                <vehicle id="cfm_slow_1" pos="44.81" speed="46.99"/>
            </lane>
        </edge>
        <edge id="right">
            <lane id="right_0">
                <vehicle id="cfm_slow_3" pos="24.79" speed="46.99"/>
            </lane>
        </edge>
        <edge id="top">
            <lane id="top_0">
                <vehicle id="cfm_slow_4" pos="14.79" speed="47.01"/>
            </lane>
        </edge>
    </timestep>
    <timestep time="9.40">
        <edge id="bottom">
            <lane id="bottom_0">
                <vehicle id="cfm_slow_2" pos="39.50" speed="46.98"/>
            </lane>
        </edge>
        <edge id="left">
            <lane id="left_0">
                <vehicle id="cfm_slow_0" pos="9.51" speed="46.99"/>
                <vehicle id="cfm_slow_1" pos="49.50" speed="46.99"/>
            </lane>
        </edge>
        <edge id="right">
            <lane id="right_0">
                <vehicle id="cfm_slow_3" pos="29.49" speed="46.99"/>
            </lane>
        </edge>
        <edge id="top">
            <lane id="top_0">
                <vehicle id="cfm_slow_4" pos="19.49" speed="47.01"/>
            </lane>
        </edge>
    </timestep>
    <timestep time="9.50">
        <edge id="bottom">
            <lane id="bottom_0">
                <vehicle id="cfm_slow_1" pos="4.20" speed="46.99"/>
                <vehicle id="cfm_slow_2" pos="44.20" speed="46.98"/>
            </lane>
        </edge>
        <edge id="left">
            <lane id="left_0">
                <vehicle id="cfm_slow_0" pos="14.21" speed="46.99"/>
            </lane>
        </edge>
        <edge id="right">
            <lane id="right_0">
                <vehicle id="cfm_slow_3" pos="34.19" speed="46.99"/>
            </lane>
        </edge>
        <edge id="top">
            <lane id="top_0">
                <vehicle id="cfm_slow_4" pos="24.19" speed="47.01"/>
            </lane>
        </edge>
    </timestep>
    <timestep time="9.60">
        <edge id="bottom">
            <lane id="bottom_0">
                <vehicle id="cfm_slow_1" pos="8.90" speed="46.99"/>
                <vehicle id="cfm_slow_2" pos="48.90" speed="46.98"/>
            </lane>
        </edge>
        <edge id="left">
            <lane id="left_0">
                <vehicle id="cfm_slow_0" pos="18.91" speed="46.99"/>
            </lane>
        </edge>
        <edge id="right">
            <lane id="right_0">
                <vehicle id="cfm_slow_3" pos="38.89" speed="47.00"/>
            </lane>
        </edge>
        <edge id="top">
            <lane id="top_0">
                <vehicle id="cfm_slow_4" pos="28.89" speed="47.01"/>
            </lane>
        </edge>
    </timestep>
    <timestep time="9.70">
        <edge id="bottom">
            <lane id="bottom_0">
                <vehicle id="cfm_slow_1" pos="13.60" speed="46.99"/>
            </lane>
        </edge>
        <edge id="left">
            <lane id="left_0">
                <vehicle id="cfm_slow_0" pos="23.61" speed="46.99"/>
            </lane>
        </edge>
        <edge id="right">
            <lane id="right_0">
                <vehicle id="cfm_slow_2" pos="3.60" speed="46.99"/>
                <vehicle id="cfm_slow_3" pos="43.59" speed="47.00"/>
            </lane>
        </edge>
        <edge id="top">
            <lane id="top_0">
                <vehicle id="cfm_slow_4" pos="33.59" speed="47.01"/>
            </lane>
        </edge>
    </timestep>
    <timestep time="9.80">
        <edge id="bottom">
            <lane id="bottom_0">
                <vehicle id="cfm_slow_1" pos="18.30" speed="46.99"/>
            </lane>
        </edge>
        <edge id="left">
            <lane id="left_0">
                <vehicle id="cfm_slow_0" pos="28.31" speed="46.99"/>
            </lane>
        </edge>
        <edge id="right">
            <lane id="right_0">
                <vehicle id="cfm_slow_2" pos="8.29" speed="46.99"/>
                <vehicle id="cfm_slow_3" pos="48.29" speed="47.00"/>
            </lane>
        </edge>
        <edge id="top">
            <lane id="top_0">
                <vehicle id="cfm_slow_4" pos="38.29" speed="47.01"/>
            </lane>
        </edge>
    </timestep>
    <timestep time="9.90">
        <edge id="bottom">
            <lane id="bottom_0">
                <vehicle id="cfm_slow_1" pos="23.00" speed="46.99"/>
            </lane>
        </edge>
        <edge id="left">
            <lane id="left_0">
                <vehicle id="cfm_slow_0" pos="33.01" speed="46.99"/>
            </lane>
        </edge>
        <edge id="right">
            <lane id="right_0">
                <vehicle id="cfm_slow_2" pos="12.99" speed="46.99"/>
            </lane>
        </edge>
        <edge id="top">
            <lane id="top_0">
                <vehicle id="cfm_slow_3" pos="2.99" speed="47.00"/>
                <vehicle id="cfm_slow_4" pos="42.99" speed="47.01"/>
            </lane>
        </edge>
    </timestep>
    <timestep time="10.00">
        <edge id="bottom">
            <lane id="bottom_0">
                <vehicle id="cfm_slow_1" pos="27.70" speed="46.99"/>
            </lane>
        </edge>
        <edge id="left">
            <lane id="left_0">
                <vehicle id="cfm_slow_0" pos="37.71" speed="46.99"/>
            </lane>
        </edge>
        <edge id="right">
            <lane id="right_0">
                <vehicle id="cfm_slow_2" pos="17.69" speed="46.99"/>
            </lane>
        </edge>
        <edge id="top">
            <lane id="top_0">
                <vehicle id="cfm_slow_3" pos="7.69" speed="47.00"/>
                <vehicle id="cfm_slow_4" pos="47.69" speed="47.01"/>
            </lane>
        </edge>
    </timestep>
    <timestep time="10.10">
        <edge id="bottom">
            <lane id="bottom_0">
                <vehicle id="cfm_slow_1" pos="32.40" speed="46.99"/>
            </lane>
        </edge>
        <edge id="left">
            <lane id="left_0">
                <vehicle id="cfm_slow_4" pos="2.39" speed="47.00"/>
                <vehicle id="cfm_slow_0" pos="42.41" speed="46.99"/>
            </lane>
        </edge>
        <edge id="right">
            <lane id="right_0">
                <vehicle id="cfm_slow_2" pos="22.39" speed="46.99"/>
            </lane>
        </edge>
        <edge id="top">
            <lane id="top_0">
                <vehicle id="cfm_slow_3" pos="12.39" speed="47.00"/>
            </lane>
        </edge>
    </timestep>
    <timestep time="10.20">
        <edge id="bottom">
            <lane id="bottom_0">
                <vehicle id="cfm_slow_1" pos="37.10" speed="46.99"/>
            </lane>
        </edge>
        <edge id="left">
            <lane id="left_0">
                <vehicle id="cfm_slow_4" pos="7.09" speed="47.00"/>
                <vehicle id="cfm_slow_0" pos="47.10" speed="46.99"/>
            </lane>
        </edge>
        <edge id="right">
            <lane id="right_0">
                <vehicle id="cfm_slow_2" pos="27.09" speed="46.99"/>
            </lane>
        </edge>
        <edge id="top">
            <lane id="top_0">
                <vehicle id="cfm_slow_3" pos="17.09" speed="47.00"/>
            </lane>
        </edge>
    </timestep>
    <timestep time="10.30">
        <edge id="bottom">
            <lane id="bottom_0">
                <vehicle id="cfm_slow_0" pos="1.80" speed="46.99"/>
                <vehicle id="cfm_slow_1" pos="41.80" speed="46.99"/>
            </lane>
        </edge>
        <edge id="left">
            <lane id="left_0">
                <vehicle id="cfm_slow_4" pos="11.79" speed="47.00"/>
            </lane>
        </edge>
        <edge id="right">
            <lane id="right_0">
                <vehicle id="cfm_slow_2" pos="31.79" speed="47.00"/>
            </lane>
        </edge>
        <edge id="top">
            <lane id="top_0">
                <vehicle id="cfm_slow_3" pos="21.79" speed="47.00"/>
            </lane>
        </edge>
    </timestep>
    <timestep time="10.40">
        <edge id="bottom">
            <lane id="bottom_0">
                <vehicle id="cfm_slow_0" pos="6.50" speed="46.99"/>
                <vehicle id="cfm_slow_1" pos="46.49" speed="46.99"/>
            </lane>
        </edge>
        <edge id="left">
            <lane id="left_0">
                <vehicle id="cfm_slow_4" pos="16.49" speed="47.00"/>
            </lane>
        </edge>
        <edge id="right">
            <lane id="right_0">
                <vehicle id="cfm_slow_2" pos="36.49" speed="47.00"/>
            </lane>
        </edge>
        <edge id="top">
            <lane id="top_0">
                <vehicle id="cfm_slow_3" pos="26.49" speed="47.00"/>
            </lane>
        </edge>
    </timestep>
    <timestep time="10.50">
        <edge id="bottom">
            <lane id="bottom_0">
                <vehicle id="cfm_slow_0" pos="11.20" speed="46.99"/>
            </lane>
        </edge>
        <edge id="left">
            <lane id="left_0">
                <vehicle id="cfm_slow_4" pos="21.19" speed="47.00"/>
            </lane>
        </edge>
        <edge id="right">
            <lane id="right_0">
                <vehicle id="cfm_slow_1" pos="1.19" speed="46.99"/>
                <vehicle id="cfm_slow_2" pos="41.19" speed="47.00"/>
            </lane>
        </edge>
        <edge id="top">
            <lane id="top_0">
                <vehicle id="cfm_slow_3" pos="31.19" speed="47.00"/>
            </lane>
        </edge>
    </timestep>
    <timestep time="10.60">
        <edge id="bottom">
            <lane id="bottom_0">
                <vehicle id="cfm_slow_0" pos="15.90" speed="46.99"/>
            </lane>
        </edge>
        <edge id="left">
            <lane id="left_0">
                <vehicle id="cfm_slow_4" pos="25.89" speed="47.00"/>
            </lane>
        </edge>
        <edge id="right">
            <lane id="right_0">
                <vehicle id="cfm_slow_1" pos="5.89" speed="46.99"/>
                <vehicle id="cfm_slow_2" pos="45.89" speed="47.00"/>
            </lane>
        </edge>
        <edge id="top">
            <lane id="top_0">
                <vehicle id="cfm_slow_3" pos="35.89" speed="47.00"/>
            </lane>
        </edge>
    </timestep>
    <timestep time="10.70">
        <edge id="bottom">
            <lane id="bottom_0">
                <vehicle id="cfm_slow_0" pos="20.60" speed="46.99"/>
            </lane>
        </edge>
        <edge id="left">
            <lane id="left_0">
                <vehicle id="cfm_slow_4" pos="30.59" speed="47.00"/>
            </lane>
        </edge>
        <edge id="right">
            <lane id="right_0">
                <vehicle id="cfm_slow_1" pos="10.59" speed="46.99"/>
            </lane>
        </edge>
        <edge id="top">
            <lane id="top_0">
                <vehicle id="cfm_slow_2" pos="0.59" speed="47.00"/>
                <vehicle id="cfm_slow_3" pos="40.59" speed="47.00"/>
            </lane>
        </edge>
    </timestep>
    <timestep time="10.80">
        <edge id="bottom">
            <lane id="bottom_0">
                <vehicle id="cfm_slow_0" pos="25.30" speed="46.99"/>
            </lane>
        </edge>
        <edge id="left">
            <lane id="left_0">
                <vehicle id="cfm_slow_4" pos="35.29" speed="47.00"/>
            </lane>
        </edge>
        <edge id="right">
            <lane id="right_0">
                <vehicle id="cfm_slow_1" pos="15.29" speed="47.00"/>
            </lane>
        </edge>
        <edge id="top">
            <lane id="top_0">
                <vehicle id="cfm_slow_2" pos="5.29" speed="47.00"/>
                <vehicle id="cfm_slow_3" pos="45.29" speed="47.00"/>
            </lane>
        </edge>
    </timestep>
    <timestep time="10.90">
        <edge id="bottom">
            <lane id="bottom_0">
                <vehicle id="cfm_slow_0" pos="30.00" speed="46.99"/>
            </lane>
        </edge>
        <edge id="left">
            <lane id="left_0">
                <vehicle id="cfm_slow_4" pos="39.99" speed="47.00"/>
            </lane>
        </edge>
        <edge id="right">
            <lane id="right_0">
                <vehicle id="cfm_slow_1" pos="19.99" speed="47.00"/>
            </lane>
        </edge>
        <edge id="top">
            <lane id="top_0">
                <vehicle id="cfm_slow_2" pos="9.99" speed="47.00"/>
                <vehicle id="cfm_slow_3" pos="49.99" speed="47.00"/>
            </lane>
        </edge>
    </timestep>
    <timestep time="11.00">
        <edge id="bottom">
            <lane id="bottom_0">
                <vehicle id="cfm_slow_0" pos="34.70" speed="46.99"/>
            </lane>
        </edge>
        <edge id="left">
            <lane id="left_0">
                <vehicle id="cfm_slow_3" pos="4.69" speed="47.00"/>
                <vehicle id="cfm_slow_4" pos="44.69" speed="47.00"/>
            </lane>
        </edge>
        <edge id="right">
            <lane id="right_0">
                <vehicle id="cfm_slow_1" pos="24.69" speed="47.00"/>
            </lane>
        </edge>
        <edge id="top">
            <lane id="top_0">
                <vehicle id="cfm_slow_2" pos="14.69" speed="47.00"/>
            </lane>
        </edge>
    </timestep>
    <timestep time="11.10">
        <edge id="bottom">
            <lane id="bottom_0">
                <vehicle id="cfm_slow_0" pos="39.40" speed="46.99"/>
            </lane>
        </edge>
        <edge id="left">
            <lane id="left_0">
                <vehicle id="cfm_slow_3" pos="9.39" speed="47.00"/>
                <vehicle id="cfm_slow_4" pos="49.39" speed="47.00"/>
            </lane>
        </edge>
        <edge id="right">
            <lane id="right_0">
                <vehicle id="cfm_slow_1" pos="29.39" speed="47.00"/>
            </lane>
        </edge>
        <edge id="top">
            <lane id="top_0">
                <vehicle id="cfm_slow_2" pos="19.39" speed="47.00"/>
            </lane>
        </edge>
    </timestep>
    <timestep time="11.20">
        <edge id="bottom">
            <lane id="bottom_0">
                <vehicle id="cfm_slow_4" pos="4.09" speed="47.00"/>
                <vehicle id="cfm_slow_0" pos="44.10" speed="46.99"/>
            </lane>
        </edge>
        <edge id="left">
            <lane id="left_0">
                <vehicle id="cfm_slow_3" pos="14.09" speed="47.00"/>
            </lane>
        </edge>
        <edge id="right">
            <lane id="right_0">
                <vehicle id="cfm_slow_1" pos="34.09" speed="47.00"/>
            </lane>
        </edge>
        <edge id="top">
            <lane id="top_0">
                <vehicle id="cfm_slow_2" pos="24.09" speed="47.00"/>
            </lane>
        </edge>
    </timestep>
    <timestep time="11.30">
        <edge id="bottom">
            <lane id="bottom_0">
                <vehicle id="cfm_slow_4" pos="8.79" speed="47.00"/>
                <vehicle id="cfm_slow_0" pos="48.80" speed="46.99"/>
            </lane>
        </edge>
        <edge id="left">
            <lane id="left_0">
                <vehicle id="cfm_slow_3" pos="18.79" speed="47.00"/>
            </lane>
        </edge>
        <edge id="right">
            <lane id="right_0">
                <vehicle id="cfm_slow_1" pos="38.79" speed="47.00"/>
            </lane>
        </edge>
        <edge id="top">
            <lane id="top_0">
                <vehicle id="cfm_slow_2" pos="28.79" speed="47.00"/>
            </lane>
        </edge>
    </timestep>
    <timestep time="11.40">
        <edge id="bottom">
            <lane id="bottom_0">
                <vehicle id="cfm_slow_4" pos="13.49" speed="47.00"/>
            </lane>
        </edge>
        <edge id="left">
            <lane id="left_0">
                <vehicle id="cfm_slow_3" pos="23.49" speed="47.00"/>
            </lane>
        </edge>
        <edge id="right">
            <lane id="right_0">
                <vehicle id="cfm_slow_0" pos="3.50" speed="46.99"/>
                <vehicle id="cfm_slow_1" pos="43.49" speed="47.00"/>
            </lane>
        </edge>
        <edge id="top">
            <lane id="top_0">
                <vehicle id="cfm_slow_2" pos="33.49" speed="47.00"/>
            </lane>
        </edge>
    </timestep>
    <timestep time="11.50">
        <edge id="bottom">
            <lane id="bottom_0">
                <vehicle id="cfm_slow_4" pos="18.19" speed="47.00"/>
            </lane>
        </edge>
        <edge id="left">
            <lane id="left_0">
                <vehicle id="cfm_slow_3" pos="28.19" speed="47.00"/>
            </lane>
        </edge>
        <edge id="right">
            <lane id="right_0">
                <vehicle id="cfm_slow_0" pos="8.20" speed="46.99"/>
                <vehicle id="cfm_slow_1" pos="48.19" speed="47.00"/>
            </lane>
        </edge>
        <edge id="top">
            <lane id="top_0">
                <vehicle id="cfm_slow_2" pos="38.19" speed="47.00"/>
            </lane>
        </edge>
    </timestep>
    <timestep time="11.60">
        <edge id="bottom">
            <lane id="bottom_0">
                <vehicle id="cfm_slow_4" pos="22.89" speed="47.00"/>
            </lane>
        </edge>
        <edge id="left">
            <lane id="left_0">
                <vehicle id="cfm_slow_3" pos="32.89" speed="47.00"/>
            </lane>
        </edge>
        <edge id="right">
            <lane id="right_0">
                <vehicle id="cfm_slow_0" pos="12.89" speed="47.00"/>
            </lane>
        </edge>
        <edge id="top">
            <lane id="top_0">
                <vehicle id="cfm_slow_1" pos="2.89" speed="47.00"/>
                <vehicle id="cfm_slow_2" pos="42.89" speed="47.00"/>
            </lane>
        </edge>
    </timestep>
    <timestep time="11.70">
        <edge id="bottom">
            <lane id="bottom_0">
                <vehicle id="cfm_slow_4" pos="27.59" speed="47.00"/>
            </lane>
        </edge>
        <edge id="left">
            <lane id="left_0">
                <vehicle id="cfm_slow_3" pos="37.59" speed="47.00"/>
            </lane>
        </edge>
        <edge id="right">
            <lane id="right_0">
                <vehicle id="cfm_slow_0" pos="17.59" speed="47.00"/>
            </lane>
        </edge>
        <edge id="top">
            <lane id="top_0">
                <vehicle id="cfm_slow_1" pos="7.59" speed="47.00"/>
                <vehicle id="cfm_slow_2" pos="47.59" speed="47.00"/>
            </lane>
        </edge>
    </timestep>
    <timestep time="11.80">
        <edge id="bottom">
            <lane id="bottom_0">
                <vehicle id="cfm_slow_4" pos="32.29" speed="47.00"/>
            </lane>
        </edge>
        <edge id="left">
            <lane id="left_0">
                <vehicle id="cfm_slow_2" pos="2.29" speed="47.00"/>
                <vehicle id="cfm_slow_3" pos="42.29" speed="47.00"/>
            </lane>
        </edge>
        <edge id="right">
            <lane id="right_0">
                <vehicle id="cfm_slow_0" pos="22.29" speed="47.00"/>
            </lane>
        </edge>
        <edge id="top">
            <lane id="top_0">
                <vehicle id="cfm_slow_1" pos="12.29" speed="47.00"/>
            </lane>
        </edge>
    </timestep>
    <timestep time="11.90">
        <edge id="bottom">
            <lane id="bottom_0">
                <vehicle id="cfm_slow_4" pos="36.99" speed="47.00"/>
            </lane>
        </edge>
        <edge id="left">
            <lane id="left_0">
                <vehicle id="cfm_slow_2" pos="6.99" speed="47.00"/>
                <vehicle id="cfm_slow_3" pos="46.99" speed="47.00"/>
            </lane>
        </edge>
        <edge id="right">
            <lane id="right_0">
                <vehicle id="cfm_slow_0" pos="26.99" speed="47.00"/>
            </lane>
        </edge>
        <edge id="top">
            <lane id="top_0">
                <vehicle id="cfm_slow_1" pos="16.99" speed="47.00"/>
            </lane>
        </edge>
    </timestep>
    <timestep time="12.00">
        <edge id="bottom">
            <lane id="bottom_0">
                <vehicle id="cfm_slow_3" pos="1.69" speed="47.00"/>
                <vehicle id="cfm_slow_4" pos="41.69" speed="47.00"/>
            </lane>
        </edge>
        <edge id="left">
            <lane id="left_0">
                <vehicle id="cfm_slow_2" pos="11.69" speed="47.00"/>
            </lane>
        </edge>
        <edge id="right">
            <lane id="right_0">
                <vehicle id="cfm_slow_0" pos="31.69" speed="47.00"/>
            </lane>
        </edge>
        <edge id="top">
            <lane id="top_0">
                <vehicle id="cfm_slow_1" pos="21.69" speed="47.00"/>
            </lane>
        </edge>
    </timestep>
    <timestep time="12.10">
        <edge id="bottom">
            <lane id="bottom_0">
                <vehicle id="cfm_slow_3" pos="6.39" speed="47.00"/>
                <vehicle id="cfm_slow_4" pos="46.39" speed="47.00"/>
            </lane>
        </edge>
        <edge id="left">
            <lane id="left_0">
                <vehicle id="cfm_slow_2" pos="16.39" speed="47.00"/>
            </lane>
        </edge>
        <edge id="right">
            <lane id="right_0">
                <vehicle id="cfm_slow_0" pos="36.39" speed="47.00"/>
            </lane>
        </edge>
        <edge id="top">
            <lane id="top_0">
                <vehicle id="cfm_slow_1" pos="26.39" speed="47.00"/>
            </lane>
        </edge>
    </timestep>
    <timestep time="12.20">
        <edge id="bottom">
            <lane id="bottom_0">
                <vehicle id="cfm_slow_3" pos="11.09" speed="47.00"/>
            </lane>
        </edge>
        <edge id="left">
            <lane id="left_0">
                <vehicle id="cfm_slow_2" pos="21.09" speed="47.00"/>
            </lane>
        </edge>
        <edge id="right">
            <lane id="right_0">
                <vehicle id="cfm_slow_4" pos="1.09" speed="47.00"/>
                <vehicle id="cfm_slow_0" pos="41.09" speed="47.00"/>
            </lane>
        </edge>
        <edge id="top">
            <lane id="top_0">
                <vehicle id="cfm_slow_1" pos="31.09" speed="47.00"/>
            </lane>
        </edge>
    </timestep>
    <timestep time="12.30">
        <edge id="bottom">
            <lane id="bottom_0">
                <vehicle id="cfm_slow_3" pos="15.79" speed="47.00"/>
            </lane>
        </edge>
        <edge id="left">
            <lane id="left_0">
                <vehicle id="cfm_slow_2" pos="25.79" speed="47.00"/>
            </lane>
        </edge>
        <edge id="right">
            <lane id="right_0">
                <vehicle id="cfm_slow_4" pos="5.79" speed="47.00"/>
                <vehicle id="cfm_slow_0" pos="45.79" speed="47.00"/>
            </lane>
        </edge>
        <edge id="top">
            <lane id="top_0">
                <vehicle id="cfm_slow_1" pos="35.79" speed="47.00"/>
            </lane>
        </edge>
    </timestep>
    <timestep time="12.40">
        <edge id="bottom">
            <lane id="bottom_0">
                <vehicle id="cfm_slow_3" pos="20.49" speed="47.00"/>
            </lane>
        </edge>
        <edge id="left">
            <lane id="left_0">
                <vehicle id="cfm_slow_2" pos="30.49" speed="47.00"/>
            </lane>
        </edge>
        <edge id="right">
            <lane id="right_0">
                <vehicle id="cfm_slow_4" pos="10.49" speed="47.00"/>
            </lane>
        </edge>
        <edge id="top">
            <lane id="top_0">
                <vehicle id="cfm_slow_0" pos="0.49" speed="47.00"/>
                <vehicle id="cfm_slow_1" pos="40.49" speed="47.00"/>
            </lane>
        </edge>
    </timestep>
    <timestep time="12.50">
        <edge id="bottom">
            <lane id="bottom_0">
                <vehicle id="cfm_slow_3" pos="25.19" speed="47.00"/>
            </lane>
        </edge>
        <edge id="left">
            <lane id="left_0">
                <vehicle id="cfm_slow_2" pos="35.19" speed="47.00"/>
            </lane>
        </edge>
        <edge id="right">
            <lane id="right_0">
                <vehicle id="cfm_slow_4" pos="15.19" speed="47.00"/>
            </lane>
        </edge>
        <edge id="top">
            <lane id="top_0">
                <vehicle id="cfm_slow_0" pos="5.19" speed="47.00"/>
                <vehicle id="cfm_slow_1" pos="45.19" speed="47.00"/>
            </lane>
        </edge>
    </timestep>
    <timestep time="12.60">
        <edge id="bottom">
            <lane id="bottom_0">
                <vehicle id="cfm_slow_3" pos="29.89" speed="47.00"/>
            </lane>
        </edge>
        <edge id="left">
            <lane id="left_0">
                <vehicle id="cfm_slow_2" pos="39.89" speed="47.00"/>
            </lane>
        </edge>
        <edge id="right">
            <lane id="right_0">
                <vehicle id="cfm_slow_4" pos="19.89" speed="47.00"/>
            </lane>
        </edge>
        <edge id="top">
            <lane id="top_0">
                <vehicle id="cfm_slow_0" pos="9.89" speed="47.00"/>
                <vehicle id="cfm_slow_1" pos="49.89" speed="47.00"/>
            </lane>
        </edge>
    </timestep>
    <timestep time="12.70">
        <edge id="bottom">
            <lane id="bottom_0">
                <vehicle id="cfm_slow_3" pos="34.59" speed="47.00"/>
            </lane>
        </edge>
        <edge id="left">
            <lane id="left_0">
                <vehicle id="cfm_slow_1" pos="4.59" speed="47.00"/>
                <vehicle id="cfm_slow_2" pos="44.59" speed="47.00"/>
            </lane>
        </edge>
        <edge id="right">
            <lane id="right_0">
                <vehicle id="cfm_slow_4" pos="24.59" speed="47.00"/>
            </lane>
        </edge>
        <edge id="top">
            <lane id="top_0">
                <vehicle id="cfm_slow_0" pos="14.59" speed="47.00"/>
            </lane>
        </edge>
    </timestep>
    <timestep time="12.80">
        <edge id="bottom">
            <lane id="bottom_0">
                <vehicle id="cfm_slow_3" pos="39.29" speed="47.00"/>
            </lane>
        </edge>
        <edge id="left">
            <lane id="left_0">
                <vehicle id="cfm_slow_1" pos="9.29" speed="47.00"/>
                <vehicle id="cfm_slow_2" pos="49.29" speed="47.00"/>
            </lane>
        </edge>
        <edge id="right">
            <lane id="right_0">
                <vehicle id="cfm_slow_4" pos="29.29" speed="47.00"/>
            </lane>
        </edge>
        <edge id="top">
            <lane id="top_0">
                <vehicle id="cfm_slow_0" pos="19.29" speed="47.00"/>
            </lane>
        </edge>
    </timestep>
    <timestep time="12.90">
        <edge id="bottom">
            <lane id="bottom_0">
                <vehicle id="cfm_slow_2" pos="3.99" speed="47.00"/>
                <vehicle id="cfm_slow_3" pos="43.99" speed="47.00"/>
            </lane>
        </edge>
        <edge id="left">
            <lane id="left_0">
                <vehicle id="cfm_slow_1" pos="13.99" speed="47.00"/>
            </lane>
        </edge>
        <edge id="right">
            <lane id="right_0">
                <vehicle id="cfm_slow_4" pos="33.99" speed="47.00"/>
            </lane>
        </edge>
        <edge id="top">
            <lane id="top_0">
                <vehicle id="cfm_slow_0" pos="23.99" speed="47.00"/>
            </lane>
        </edge>
    </timestep>
    <timestep time="13.00">
        <edge id="bottom">
            <lane id="bottom_0">
                <vehicle id="cfm_slow_2" pos="8.69" speed="47.00"/>
                <vehicle id="cfm_slow_3" pos="48.69" speed="47.00"/>
            </lane>
        </edge>
        <edge id="left">
            <lane id="left_0">
                <vehicle id="cfm_slow_1" pos="18.69" speed="47.00"/>
            </lane>
        </edge>
        <edge id="right">
            <lane id="right_0">
                <vehicle id="cfm_slow_4" pos="38.69" speed="47.00"/>
            </lane>
        </edge>
        <edge id="top">
            <lane id="top_0">
                <vehicle id="cfm_slow_0" pos="28.69" speed="47.00"/>
            </lane>
        </edge>
    </timestep>
    <timestep time="13.10">
        <edge id="bottom">
            <lane id="bottom_0">
                <vehicle id="cfm_slow_2" pos="13.39" speed="47.00"/>
            </lane>
        </edge>
        <edge id="left">
            <lane id="left_0">
                <vehicle id="cfm_slow_1" pos="23.39" speed="47.00"/>
            </lane>
        </edge>
        <edge id="right">
            <lane id="right_0">
                <vehicle id="cfm_slow_3" pos="3.39" speed="47.00"/>
                <vehicle id="cfm_slow_4" pos="43.39" speed="47.00"/>
            </lane>
        </edge>
        <edge id="top">
            <lane id="top_0">
                <vehicle id="cfm_slow_0" pos="33.39" speed="47.00"/>
            </lane>
        </edge>
    </timestep>
    <timestep time="13.20">
        <edge id="bottom">
            <lane id="bottom_0">
                <vehicle id="cfm_slow_2" pos="18.09" speed="47.00"/>
            </lane>
        </edge>
        <edge id="left">
            <lane id="left_0">
                <vehicle id="cfm_slow_1" pos="28.09" speed="47.00"/>
            </lane>
        </edge>
        <edge id="right">
            <lane id="right_0">
                <vehicle id="cfm_slow_3" pos="8.09" speed="47.00"/>
                <vehicle id="cfm_slow_4" pos="48.09" speed="47.00"/>
            </lane>
        </edge>
        <edge id="top">
            <lane id="top_0">
                <vehicle id="cfm_slow_0" pos="38.09" speed="47.00"/>
            </lane>
        </edge>
    </timestep>
    <timestep time="13.30">
        <edge id="bottom">
            <lane id="bottom_0">
                <vehicle id="cfm_slow_2" pos="22.79" speed="47.00"/>
            </lane>
        </edge>
        <edge id="left">
            <lane id="left_0">
                <vehicle id="cfm_slow_1" pos="32.79" speed="47.00"/>
            </lane>
        </edge>
        <edge id="right">
            <lane id="right_0">
                <vehicle id="cfm_slow_3" pos="12.79" speed="47.00"/>
            </lane>
        </edge>
        <edge id="top">
            <lane id="top_0">
                <vehicle id="cfm_slow_4" pos="2.79" speed="47.00"/>
                <vehicle id="cfm_slow_0" pos="42.79" speed="47.00"/>
            </lane>
        </edge>
    </timestep>
    <timestep time="13.40">
        <edge id="bottom">
            <lane id="bottom_0">
                <vehicle id="cfm_slow_2" pos="27.49" speed="47.00"/>
            </lane>
        </edge>
        <edge id="left">
            <lane id="left_0">
                <vehicle id="cfm_slow_1" pos="37.49" speed="47.00"/>
            </lane>
        </edge>
        <edge id="right">
            <lane id="right_0">
                <vehicle id="cfm_slow_3" pos="17.49" speed="47.00"/>
            </lane>
        </edge>
        <edge id="top">
            <lane id="top_0">
                <vehicle id="cfm_slow_4" pos="7.49" speed="47.00"/>
                <vehicle id="cfm_slow_0" pos="47.49" speed="47.00"/>
            </lane>
        </edge>
    </timestep>
    <timestep time="13.50">
        <edge id="bottom">
            <lane id="bottom_0">
                <vehicle id="cfm_slow_2" pos="32.19" speed="47.00"/>
            </lane>
        </edge>
        <edge id="left">
            <lane id="left_0">
                <vehicle id="cfm_slow_0" pos="2.19" speed="47.00"/>
                <vehicle id="cfm_slow_1" pos="42.19" speed="47.00"/>
            </lane>
        </edge>
        <edge id="right">
            <lane id="right_0">
                <vehicle id="cfm_slow_3" pos="22.19" speed="47.00"/>
            </lane>
        </edge>
        <edge id="top">
            <lane id="top_0">
                <vehicle id="cfm_slow_4" pos="12.19" speed="47.00"/>
            </lane>
        </edge>
    </timestep>
    <timestep time="13.60">
        <edge id="bottom">
            <lane id="bottom_0">
                <vehicle id="cfm_slow_2" pos="36.89" speed="47.00"/>
            </lane>
        </edge>
        <edge id="left">
            <lane id="left_0">
                <vehicle id="cfm_slow_0" pos="6.89" speed="47.00"/>
                <vehicle id="cfm_slow_1" pos="46.89" speed="47.00"/>
            </lane>
        </edge>
        <edge id="right">
            <lane id="right_0">
                <vehicle id="cfm_slow_3" pos="26.89" speed="47.00"/>
            </lane>
        </edge>
        <edge id="top">
            <lane id="top_0">
                <vehicle id="cfm_slow_4" pos="16.89" speed="47.00"/>
            </lane>
        </edge>
    </timestep>
    <timestep time="13.70">
        <edge id="bottom">
            <lane id="bottom_0">
                <vehicle id="cfm_slow_1" pos="1.59" speed="47.00"/>
                <vehicle id="cfm_slow_2" pos="41.59" speed="47.00"/>
            </lane>
        </edge>
        <edge id="left">
            <lane id="left_0">
                <vehicle id="cfm_slow_0" pos="11.59" speed="47.00"/>
            </lane>
        </edge>
        <edge id="right">
            <lane id="right_0">
                <vehicle id="cfm_slow_3" pos="31.59" speed="47.00"/>
            </lane>
        </edge>
        <edge id="top">
            <lane id="top_0">
                <vehicle id="cfm_slow_4" pos="21.59" speed="47.00"/>
            </lane>
        </edge>
    </timestep>
    <timestep time="13.80">
        <edge id="bottom">
            <lane id="bottom_0">
                <vehicle id="cfm_slow_1" pos="6.29" speed="47.00"/>
                <vehicle id="cfm_slow_2" pos="46.29" speed="47.00"/>
            </lane>
        </edge>
        <edge id="left">
            <lane id="left_0">
                <vehicle id="cfm_slow_0" pos="16.29" speed="47.00"/>
            </lane>
        </edge>
        <edge id="right">
            <lane id="right_0">
                <vehicle id="cfm_slow_3" pos="36.29" speed="47.00"/>
            </lane>
        </edge>
        <edge id="top">
            <lane id="top_0">
                <vehicle id="cfm_slow_4" pos="26.29" speed="47.00"/>
            </lane>
        </edge>
    </timestep>
    <timestep time="13.90">
        <edge id="bottom">
            <lane id="bottom_0">
                <vehicle id="cfm_slow_1" pos="10.99" speed="47.00"/>
            </lane>
        </edge>
        <edge id="left">
            <lane id="left_0">
                <vehicle id="cfm_slow_0" pos="20.99" speed="47.00"/>
            </lane>
        </edge>
        <edge id="right">
            <lane id="right_0">
                <vehicle id="cfm_slow_2" pos="0.99" speed="47.00"/>
                <vehicle id="cfm_slow_3" pos="40.99" speed="47.00"/>
            </lane>
        </edge>
        <edge id="top">
            <lane id="top_0">
                <vehicle id="cfm_slow_4" pos="30.99" speed="47.00"/>
            </lane>
        </edge>
    </timestep>
    <timestep time="14.00">
        <edge id="bottom">
            <lane id="bottom_0">
                <vehicle id="cfm_slow_1" pos="15.69" speed="47.00"/>
            </lane>
        </edge>
        <edge id="left">
            <lane id="left_0">
                <vehicle id="cfm_slow_0" pos="25.69" speed="47.00"/>
            </lane>
        </edge>
        <edge id="right">
            <lane id="right_0">
                <vehicle id="cfm_slow_2" pos="5.69" speed="47.00"/>
                <vehicle id="cfm_slow_3" pos="45.69" speed="47.00"/>
            </lane>
        </edge>
        <edge id="top">
            <lane id="top_0">
                <vehicle id="cfm_slow_4" pos="35.69" speed="47.00"/>
            </lane>
        </edge>
    </timestep>
    <timestep time="14.10">
        <edge id="bottom">
            <lane id="bottom_0">
                <vehicle id="cfm_slow_1" pos="20.39" speed="47.00"/>
            </lane>
        </edge>
        <edge id="left">
            <lane id="left_0">
                <vehicle id="cfm_slow_0" pos="30.39" speed="47.00"/>
            </lane>
        </edge>
        <edge id="right">
            <lane id="right_0">
                <vehicle id="cfm_slow_2" pos="10.39" speed="47.00"/>
            </lane>
        </edge>
        <edge id="top">
            <lane id="top_0">
                <vehicle id="cfm_slow_3" pos="0.39" speed="47.00"/>
                <vehicle id="cfm_slow_4" pos="40.39" speed="47.00"/>
            </lane>
        </edge>
    </timestep>
    <timestep time="14.20">
        <edge id="bottom">
            <lane id="bottom_0">
                <vehicle id="cfm_slow_1" pos="25.09" speed="47.00"/>
            </lane>
        </edge>
        <edge id="left">
            <lane id="left_0">
                <vehicle id="cfm_slow_0" pos="35.09" speed="47.00"/>
            </lane>
        </edge>
        <edge id="right">
            <lane id="right_0">
                <vehicle id="cfm_slow_2" pos="15.09" speed="47.00"/>
            </lane>
        </edge>
        <edge id="top">
            <lane id="top_0">
                <vehicle id="cfm_slow_3" pos="5.09" speed="47.00"/>
                <vehicle id="cfm_slow_4" pos="45.09" speed="47.00"/>
            </lane>
        </edge>
    </timestep>
    <timestep time="14.30">
        <edge id="bottom">
            <lane id="bottom_0">
                <vehicle id="cfm_slow_1" pos="29.79" speed="47.00"/>
            </lane>
        </edge>
        <edge id="left">
            <lane id="left_0">
                <vehicle id="cfm_slow_0" pos="39.79" speed="47.00"/>
            </lane>
        </edge>
        <edge id="right">
            <lane id="right_0">
                <vehicle id="cfm_slow_2" pos="19.79" speed="47.00"/>
            </lane>
        </edge>
        <edge id="top">
            <lane id="top_0">
                <vehicle id="cfm_slow_3" pos="9.79" speed="47.00"/>
                <vehicle id="cfm_slow_4" pos="49.79" speed="47.00"/>
            </lane>
        </edge>
    </timestep>
    <timestep time="14.40">
        <edge id="bottom">
            <lane id="bottom_0">
                <vehicle id="cfm_slow_1" pos="34.49" speed="47.00"/>
            </lane>
        </edge>
        <edge id="left">
            <lane id="left_0">
                <vehicle id="cfm_slow_4" pos="4.49" speed="47.00"/>
                <vehicle id="cfm_slow_0" pos="44.49" speed="47.00"/>
            </lane>
        </edge>
        <edge id="right">
            <lane id="right_0">
                <vehicle id="cfm_slow_2" pos="24.49" speed="47.00"/>
            </lane>
        </edge>
        <edge id="top">
            <lane id="top_0">
                <vehicle id="cfm_slow_3" pos="14.49" speed="47.00"/>
            </lane>
        </edge>
    </timestep>
    <timestep time="14.50">
        <edge id="bottom">
            <lane id="bottom_0">
                <vehicle id="cfm_slow_1" pos="39.19" speed="47.00"/>
            </lane>
        </edge>
        <edge id="left">
            <lane id="left_0">
                <vehicle id="cfm_slow_4" pos="9.19" speed="47.00"/>
                <vehicle id="cfm_slow_0" pos="49.19" speed="47.00"/>
            </lane>
        </edge>
        <edge id="right">
            <lane id="right_0">
                <vehicle id="cfm_slow_2" pos="29.19" speed="47.00"/>
            </lane>
        </edge>
        <edge id="top">
            <lane id="top_0">
                <vehicle id="cfm_slow_3" pos="19.19" speed="47.00"/>
            </lane>
        </edge>
    </timestep>
    <timestep time="14.60">
        <edge id="bottom">
            <lane id="bottom_0">
                <vehicle id="cfm_slow_0" pos="3.89" speed="47.00"/>
                <vehicle id="cfm_slow_1" pos="43.89" speed="47.00"/>
            </lane>
        </edge>
        <edge id="left">
            <lane id="left_0">
                <vehicle id="cfm_slow_4" pos="13.89" speed="47.00"/>
            </lane>
        </edge>
        <edge id="right">
            <lane id="right_0">
                <vehicle id="cfm_slow_2" pos="33.89" speed="47.00"/>
            </lane>
        </edge>
        <edge id="top">
            <lane id="top_0">
                <vehicle id="cfm_slow_3" pos="23.89" speed="47.00"/>
            </lane>
        </edge>
    </timestep>
    <timestep time="14.70">
        <edge id="bottom">
            <lane id="bottom_0">
                <vehicle id="cfm_slow_0" pos="8.59" speed="47.00"/>
                <vehicle id="cfm_slow_1" pos="48.59" speed="47.00"/>
            </lane>
        </edge>
        <edge id="left">
            <lane id="left_0">
                <vehicle id="cfm_slow_4" pos="18.59" speed="47.00"/>
            </lane>
        </edge>
        <edge id="right">
            <lane id="right_0">
                <vehicle id="cfm_slow_2" pos="38.59" speed="47.00"/>
            </lane>
        </edge>
        <edge id="top">
            <lane id="top_0">
                <vehicle id="cfm_slow_3" pos="28.59" speed="47.00"/>
            </lane>
        </edge>
    </timestep>
    <timestep time="14.80">
        <edge id="bottom">
            <lane id="bottom_0">
                <vehicle id="cfm_slow_0" pos="13.29" speed="47.00"/>
            </lane>
        </edge>
        <edge id="left">
            <lane id="left_0">
                <vehicle id="cfm_slow_4" pos="23.29" speed="47.00"/>
            </lane>
        </edge>
        <edge id="right">
            <lane id="right_0">
                <vehicle id="cfm_slow_1" pos="3.29" speed="47.00"/>
                <vehicle id="cfm_slow_2" pos="43.29" speed="47.00"/>
            </lane>
        </edge>
        <edge id="top">
            <lane id="top_0">
                <vehicle id="cfm_slow_3" pos="33.29" speed="47.00"/>
            </lane>
        </edge>
    </timestep>
    <timestep time="14.90">
        <edge id="bottom">
            <lane id="bottom_0">
                <vehicle id="cfm_slow_0" pos="17.99" speed="47.00"/>
            </lane>
        </edge>
        <edge id="left">
            <lane id="left_0">
                <vehicle id="cfm_slow_4" pos="27.99" speed="47.00"/>
            </lane>
        </edge>
        <edge id="right">
            <lane id="right_0">
                <vehicle id="cfm_slow_1" pos="7.99" speed="47.00"/>
                <vehicle id="cfm_slow_2" pos="47.99" speed="47.00"/>
            </lane>
        </edge>
        <edge id="top">
            <lane id="top_0">
                <vehicle id="cfm_slow_3" pos="37.99" speed="47.00"/>
            </lane>
        </edge>
    </timestep>
    <timestep time="15.00">
        <edge id="bottom">
            <lane id="bottom_0">
                <vehicle id="cfm_slow_0" pos="22.69" speed="47.00"/>
            </lane>
        </edge>
        <edge id="left">
            <lane id="left_0">
                <vehicle id="cfm_slow_4" pos="32.69" speed="47.00"/>
            </lane>
        </edge>
        <edge id="right">
            <lane id="right_0">
                <vehicle id="cfm_slow_1" pos="12.69" speed="47.00"/>
            </lane>
        </edge>
        <edge id="top">
            <lane id="top_0">
                <vehicle id="cfm_slow_2" pos="2.69" speed="47.00"/>
                <vehicle id="cfm_slow_3" pos="42.69" speed="47.00"/>
            </lane>
        </edge>
    </timestep>
    <timestep time="15.10">
        <edge id="bottom">
            <lane id="bottom_0">
                <vehicle id="cfm_slow_0" pos="27.39" speed="47.00"/>
            </lane>
        </edge>
        <edge id="left">
            <lane id="left_0">
                <vehicle id="cfm_slow_4" pos="37.39" speed="47.00"/>
            </lane>
        </edge>
        <edge id="right">
            <lane id="right_0">
                <vehicle id="cfm_slow_1" pos="17.39" speed="47.00"/>
            </lane>
        </edge>
        <edge id="top">
            <lane id="top_0">
                <vehicle id="cfm_slow_2" pos="7.39" speed="47.00"/>
                <vehicle id="cfm_slow_3" pos="47.39" speed="47.00"/>
            </lane>
        </edge>
    </timestep>
    <timestep time="15.20">
        <edge id="bottom">
            <lane id="bottom_0">
                <vehicle id="cfm_slow_0" pos="32.09" speed="47.00"/>
            </lane>
        </edge>
        <edge id="left">
            <lane id="left_0">
                <vehicle id="cfm_slow_3" pos="2.09" speed="47.00"/>
                <vehicle id="cfm_slow_4" pos="42.09" speed="47.00"/>
            </lane>
        </edge>
        <edge id="right">
            <lane id="right_0">
                <vehicle id="cfm_slow_1" pos="22.09" speed="47.00"/>
            </lane>
        </edge>
        <edge id="top">
            <lane id="top_0">
                <vehicle id="cfm_slow_2" pos="12.09" speed="47.00"/>
            </lane>
        </edge>
    </timestep>
    <timestep time="15.30">
        <edge id="bottom">
            <lane id="bottom_0">
                <vehicle id="cfm_slow_0" pos="36.79" speed="47.00"/>
            </lane>
        </edge>
        <edge id="left">
            <lane id="left_0">
                <vehicle id="cfm_slow_3" pos="6.79" speed="47.00"/>
                <vehicle id="cfm_slow_4" pos="46.79" speed="47.00"/>
            </lane>
        </edge>
        <edge id="right">
            <lane id="right_0">
                <vehicle id="cfm_slow_1" pos="26.79" speed="47.00"/>
            </lane>
        </edge>
        <edge id="top">
            <lane id="top_0">
                <vehicle id="cfm_slow_2" pos="16.79" speed="47.00"/>
            </lane>
        </edge>
    </timestep>
    <timestep time="15.40">
        <edge id="bottom">
            <lane id="bottom_0">
                <vehicle id="cfm_slow_4" pos="1.49" speed="47.00"/>
                <vehicle id="cfm_slow_0" pos="41.49" speed="47.00"/>
            </lane>
        </edge>
        <edge id="left">
            <lane id="left_0">
                <vehicle id="cfm_slow_3" pos="11.49" speed="47.00"/>
            </lane>
        </edge>
        <edge id="right">
            <lane id="right_0">
                <vehicle id="cfm_slow_1" pos="31.49" speed="47.00"/>
            </lane>
        </edge>
        <edge id="top">
            <lane id="top_0">
                <vehicle id="cfm_slow_2" pos="21.49" speed="47.00"/>
            </lane>
        </edge>
    </timestep>
    <timestep time="15.50">
        <edge id="bottom">
            <lane id="bottom_0">
                <vehicle id="cfm_slow_4" pos="6.19" speed="47.00"/>
                <vehicle id="cfm_slow_0" pos="46.19" speed="47.00"/>
            </lane>
        </edge>
        <edge id="left">
            <lane id="left_0">
                <vehicle id="cfm_slow_3" pos="16.19" speed="47.00"/>
            </lane>
        </edge>
        <edge id="right">
            <lane id="right_0">
                <vehicle id="cfm_slow_1" pos="36.19" speed="47.00"/>
            </lane>
        </edge>
        <edge id="top">
            <lane id="top_0">
                <vehicle id="cfm_slow_2" pos="26.19" speed="47.00"/>
            </lane>
        </edge>
    </timestep>
    <timestep time="15.60">
        <edge id="bottom">
            <lane id="bottom_0">
                <vehicle id="cfm_slow_4" pos="10.89" speed="47.00"/>
            </lane>
        </edge>
        <edge id="left">
            <lane id="left_0">
                <vehicle id="cfm_slow_3" pos="20.89" speed="47.00"/>
            </lane>
        </edge>
        <edge id="right">
            <lane id="right_0">
                <vehicle id="cfm_slow_0" pos="0.89" speed="47.00"/>
                <vehicle id="cfm_slow_1" pos="40.89" speed="47.00"/>
            </lane>
        </edge>
        <edge id="top">
            <lane id="top_0">
                <vehicle id="cfm_slow_2" pos="30.89" speed="47.00"/>
            </lane>
        </edge>
    </timestep>
    <timestep time="15.70">
        <edge id="bottom">
            <lane id="bottom_0">
                <vehicle id="cfm_slow_4" pos="15.59" speed="47.00"/>
            </lane>
        </edge>
        <edge id="left">
            <lane id="left_0">
                <vehicle id="cfm_slow_3" pos="25.59" speed="47.00"/>
            </lane>
        </edge>
        <edge id="right">
            <lane id="right_0">
                <vehicle id="cfm_slow_0" pos="5.59" speed="47.00"/>
                <vehicle id="cfm_slow_1" pos="45.59" speed="47.00"/>
            </lane>
        </edge>
        <edge id="top">
            <lane id="top_0">
                <vehicle id="cfm_slow_2" pos="35.59" speed="47.00"/>
            </lane>
        </edge>
    </timestep>
    <timestep time="15.80">
        <edge id="bottom">
            <lane id="bottom_0">
                <vehicle id="cfm_slow_4" pos="20.29" speed="47.00"/>
            </lane>
        </edge>
        <edge id="left">
            <lane id="left_0">
                <vehicle id="cfm_slow_3" pos="30.29" speed="47.00"/>
            </lane>
        </edge>
        <edge id="right">
            <lane id="right_0">
                <vehicle id="cfm_slow_0" pos="10.29" speed="47.00"/>
            </lane>
        </edge>
        <edge id="top">
            <lane id="top_0">
                <vehicle id="cfm_slow_1" pos="0.29" speed="47.00"/>
                <vehicle id="cfm_slow_2" pos="40.29" speed="47.00"/>
            </lane>
        </edge>
    </timestep>
    <timestep time="15.90">
        <edge id="bottom">
            <lane id="bottom_0">
                <vehicle id="cfm_slow_4" pos="24.99" speed="47.00"/>
            </lane>
        </edge>
        <edge id="left">
            <lane id="left_0">
                <vehicle id="cfm_slow_3" pos="34.99" speed="47.00"/>
            </lane>
        </edge>
        <edge id="right">
            <lane id="right_0">
                <vehicle id="cfm_slow_0" pos="14.99" speed="47.00"/>
            </lane>
        </edge>
        <edge id="top">
            <lane id="top_0">
                <vehicle id="cfm_slow_1" pos="4.99" speed="47.00"/>
                <vehicle id="cfm_slow_2" pos="44.99" speed="47.00"/>
            </lane>
        </edge>
    </timestep>
    <timestep time="16.00">
        <edge id="bottom">
            <lane id="bottom_0">
                <vehicle id="cfm_slow_4" pos="29.69" speed="47.00"/>
            </lane>
        </edge>
        <edge id="left">
            <lane id="left_0">
                <vehicle id="cfm_slow_3" pos="39.69" speed="47.00"/>
            </lane>
        </edge>
        <edge id="right">
            <lane id="right_0">
                <vehicle id="cfm_slow_0" pos="19.69" speed="47.00"/>
            </lane>
        </edge>
        <edge id="top">
            <lane id="top_0">
                <vehicle id="cfm_slow_1" pos="9.69" speed="47.00"/>
                <vehicle id="cfm_slow_2" pos="49.69" speed="47.00"/>
            </lane>
        </edge>
    </timestep>
    <timestep time="16.10">
        <edge id="bottom">
            <lane id="bottom_0">
                <vehicle id="cfm_slow_4" pos="34.39" speed="47.00"/>
            </lane>
        </edge>
        <edge id="left">
            <lane id="left_0">
                <vehicle id="cfm_slow_2" pos="4.39" speed="47.00"/>
                <vehicle id="cfm_slow_3" pos="44.39" speed="47.00"/>
            </lane>
        </edge>
        <edge id="right">
            <lane id="right_0">
                <vehicle id="cfm_slow_0" pos="24.39" speed="47.00"/>
            </lane>
        </edge>
        <edge id="top">
            <lane id="top_0">
                <vehicle id="cfm_slow_1" pos="14.39" speed="47.00"/>
            </lane>
        </edge>
    </timestep>
    <timestep time="16.20">
        <edge id="bottom">
            <lane id="bottom_0">
                <vehicle id="cfm_slow_4" pos="39.09" speed="47.00"/>
            </lane>
        </edge>
        <edge id="left">
            <lane id="left_0">
                <vehicle id="cfm_slow_2" pos="9.09" speed="47.00"/>
                <vehicle id="cfm_slow_3" pos="49.09" speed="47.00"/>
            </lane>
        </edge>
        <edge id="right">
            <lane id="right_0">
                <vehicle id="cfm_slow_0" pos="29.09" speed="47.00"/>
            </lane>
        </edge>
        <edge id="top">
            <lane id="top_0">
                <vehicle id="cfm_slow_1" pos="19.09" speed="47.00"/>
            </lane>
        </edge>
    </timestep>
    <timestep time="16.30">
        <edge id="bottom">
            <lane id="bottom_0">
                <vehicle id="cfm_slow_3" pos="3.79" speed="47.00"/>
                <vehicle id="cfm_slow_4" pos="43.79" speed="47.00"/>
            </lane>
        </edge>
        <edge id="left">
            <lane id="left_0">
                <vehicle id="cfm_slow_2" pos="13.79" speed="47.00"/>
            </lane>
        </edge>
        <edge id="right">
            <lane id="right_0">
                <vehicle id="cfm_slow_0" pos="33.79" speed="47.00"/>
            </lane>
        </edge>
        <edge id="top">
            <lane id="top_0">
                <vehicle id="cfm_slow_1" pos="23.79" speed="47.00"/>
            </lane>
        </edge>
    </timestep>
    <timestep time="16.40">
        <edge id="bottom">
            <lane id="bottom_0">
                <vehicle id="cfm_slow_3" pos="8.49" speed="47.00"/>
                <vehicle id="cfm_slow_4" pos="48.49" speed="47.00"/>
            </lane>
        </edge>
        <edge id="left">
            <lane id="left_0">
                <vehicle id="cfm_slow_2" pos="18.49" speed="47.00"/>
            </lane>
        </edge>
        <edge id="right">
            <lane id="right_0">
                <vehicle id="cfm_slow_0" pos="38.49" speed="47.00"/>
            </lane>
        </edge>
        <edge id="top">
            <lane id="top_0">
                <vehicle id="cfm_slow_1" pos="28.49" speed="47.00"/>
            </lane>
        </edge>
    </timestep>
    <timestep time="16.50">
        <edge id="bottom">
            <lane id="bottom_0">
                <vehicle id="cfm_slow_3" pos="13.19" speed="47.00"/>
            </lane>
        </edge>
        <edge id="left">
            <lane id="left_0">
                <vehicle id="cfm_slow_2" pos="23.19" speed="47.00"/>
            </lane>
        </edge>
        <edge id="right">
            <lane id="right_0">
                <vehicle id="cfm_slow_4" pos="3.19" speed="47.00"/>
                <vehicle id="cfm_slow_0" pos="43.19" speed="47.00"/>
            </lane>
        </edge>
        <edge id="top">
            <lane id="top_0">
                <vehicle id="cfm_slow_1" pos="33.19" speed="47.00"/>
            </lane>
        </edge>
    </timestep>
    <timestep time="16.60">
        <edge id="bottom">
            <lane id="bottom_0">
                <vehicle id="cfm_slow_3" pos="17.89" speed="47.00"/>
            </lane>
        </edge>
        <edge id="left">
            <lane id="left_0">
                <vehicle id="cfm_slow_2" pos="27.89" speed="47.00"/>
            </lane>
        </edge>
        <edge id="right">
            <lane id="right_0">
                <vehicle id="cfm_slow_4" pos="7.89" speed="47.00"/>
                <vehicle id="cfm_slow_0" pos="47.89" speed="47.00"/>
            </lane>
        </edge>
        <edge id="top">
            <lane id="top_0">
                <vehicle id="cfm_slow_1" pos="37.89" speed="47.00"/>
            </lane>
        </edge>
    </timestep>
    <timestep time="16.70">
        <edge id="bottom">
            <lane id="bottom_0">
                <vehicle id="cfm_slow_3" pos="22.59" speed="47.00"/>
            </lane>
        </edge>
        <edge id="left">
            <lane id="left_0">
                <vehicle id="cfm_slow_2" pos="32.59" speed="47.00"/>
            </lane>
        </edge>
        <edge id="right">
            <lane id="right_0">
                <vehicle id="cfm_slow_4" pos="12.59" speed="47.00"/>
            </lane>
        </edge>
        <edge id="top">
            <lane id="top_0">
                <vehicle id="cfm_slow_0" pos="2.59" speed="47.00"/>
                <vehicle id="cfm_slow_1" pos="42.59" speed="47.00"/>
            </lane>
        </edge>
    </timestep>
    <timestep time="16.80">
        <edge id="bottom">
            <lane id="bottom_0">
                <vehicle id="cfm_slow_3" pos="27.29" speed="47.00"/>
            </lane>
        </edge>
        <edge id="left">
            <lane id="left_0">
                <vehicle id="cfm_slow_2" pos="37.29" speed="47.00"/>
            </lane>
        </edge>
        <edge id="right">
            <lane id="right_0">
                <vehicle id="cfm_slow_4" pos="17.29" speed="47.00"/>
            </lane>
        </edge>
        <edge id="top">
            <lane id="top_0">
                <vehicle id="cfm_slow_0" pos="7.29" speed="47.00"/>
                <vehicle id="cfm_slow_1" pos="47.29" speed="47.00"/>
            </lane>
        </edge>
    </timestep>
    <timestep time="16.90">
        <edge id="bottom">
            <lane id="bottom_0">
                <vehicle id="cfm_slow_3" pos="31.99" speed="47.00"/>
            </lane>
        </edge>
        <edge id="left">
            <lane id="left_0">
                <vehicle id="cfm_slow_1" pos="1.99" speed="47.00"/>
                <vehicle id="cfm_slow_2" pos="41.99" speed="47.00"/>
            </lane>
        </edge>
        <edge id="right">
            <lane id="right_0">
                <vehicle id="cfm_slow_4" pos="21.99" speed="47.00"/>
            </lane>
        </edge>
        <edge id="top">
            <lane id="top_0">
                <vehicle id="cfm_slow_0" pos="11.99" speed="47.00"/>
            </lane>
        </edge>
    </timestep>
    <timestep time="17.00">
        <edge id="bottom">
            <lane id="bottom_0">
                <vehicle id="cfm_slow_3" pos="36.69" speed="47.00"/>
            </lane>
        </edge>
        <edge id="left">
            <lane id="left_0">
                <vehicle id="cfm_slow_1" pos="6.69" speed="47.00"/>
                <vehicle id="cfm_slow_2" pos="46.69" speed="47.00"/>
            </lane>
        </edge>
        <edge id="right">
            <lane id="right_0">
                <vehicle id="cfm_slow_4" pos="26.69" speed="47.00"/>
            </lane>
        </edge>
        <edge id="top">
            <lane id="top_0">
                <vehicle id="cfm_slow_0" pos="16.69" speed="47.00"/>
            </lane>
        </edge>
    </timestep>
    <timestep time="17.10">
        <edge id="bottom">
            <lane id="bottom_0">
                <vehicle id="cfm_slow_2" pos="1.39" speed="47.00"/>
                <vehicle id="cfm_slow_3" pos="41.39" speed="47.00"/>
            </lane>
        </edge>
        <edge id="left">
            <lane id="left_0">
                <vehicle id="cfm_slow_1" pos="11.39" speed="47.00"/>
            </lane>
        </edge>
        <edge id="right">
            <lane id="right_0">
                <vehicle id="cfm_slow_4" pos="31.39" speed="47.00"/>
            </lane>
        </edge>
        <edge id="top">
            <lane id="top_0">
                <vehicle id="cfm_slow_0" pos="21.39" speed="47.00"/>
            </lane>
        </edge>
    </timestep>
    <timestep time="17.20">
        <edge id="bottom">
            <lane id="bottom_0">
                <vehicle id="cfm_slow_2" pos="6.09" speed="47.00"/>
                <vehicle id="cfm_slow_3" pos="46.09" speed="47.00"/>
            </lane>
        </edge>
        <edge id="left">
            <lane id="left_0">
                <vehicle id="cfm_slow_1" pos="16.09" speed="47.00"/>
            </lane>
        </edge>
        <edge id="right">
            <lane id="right_0">
                <vehicle id="cfm_slow_4" pos="36.09" speed="47.00"/>
            </lane>
        </edge>
        <edge id="top">
            <lane id="top_0">
                <vehicle id="cfm_slow_0" pos="26.09" speed="47.00"/>
            </lane>
        </edge>
    </timestep>
    <timestep time="17.30">
        <edge id="bottom">
            <lane id="bottom_0">
                <vehicle id="cfm_slow_2" pos="10.79" speed="47.00"/>
            </lane>
        </edge>
        <edge id="left">
            <lane id="left_0">
                <vehicle id="cfm_slow_1" pos="20.79" speed="47.00"/>
            </lane>
        </edge>
        <edge id="right">
            <lane id="right_0">
                <vehicle id="cfm_slow_3" pos="0.79" speed="47.00"/>
                <vehicle id="cfm_slow_4" pos="40.79" speed="47.00"/>
            </lane>
        </edge>
        <edge id="top">
            <lane id="top_0">
                <vehicle id="cfm_slow_0" pos="30.79" speed="47.00"/>
            </lane>
        </edge>
    </timestep>
    <timestep time="17.40">
        <edge id="bottom">
            <lane id="bottom_0">
                <vehicle id="cfm_slow_2" pos="15.49" speed="47.00"/>
            </lane>
        </edge>
        <edge id="left">
            <lane id="left_0">
                <vehicle id="cfm_slow_1" pos="25.49" speed="47.00"/>
            </lane>
        </edge>
        <edge id="right">
            <lane id="right_0">
                <vehicle id="cfm_slow_3" pos="5.49" speed="47.00"/>
                <vehicle id="cfm_slow_4" pos="45.49" speed="47.00"/>
            </lane>
        </edge>
        <edge id="top">
            <lane id="top_0">
                <vehicle id="cfm_slow_0" pos="35.49" speed="47.00"/>
            </lane>
        </edge>
    </timestep>
    <timestep time="17.50">
        <edge id="bottom">
            <lane id="bottom_0">
                <vehicle id="cfm_slow_2" pos="20.19" speed="47.00"/>
            </lane>
        </edge>
        <edge id="left">
            <lane id="left_0">
                <vehicle id="cfm_slow_1" pos="30.19" speed="47.00"/>
            </lane>
        </edge>
        <edge id="right">
            <lane id="right_0">
                <vehicle id="cfm_slow_3" pos="10.19" speed="47.00"/>
            </lane>
        </edge>
        <edge id="top">
            <lane id="top_0">
                <vehicle id="cfm_slow_4" pos="0.19" speed="47.00"/>
                <vehicle id="cfm_slow_0" pos="40.19" speed="47.00"/>
            </lane>
        </edge>
    </timestep>
    <timestep time="17.60">
        <edge id="bottom">
            <lane id="bottom_0">
                <vehicle id="cfm_slow_2" pos="24.89" speed="47.00"/>
            </lane>
        </edge>
        <edge id="left">
            <lane id="left_0">
                <vehicle id="cfm_slow_1" pos="34.89" speed="47.00"/>
            </lane>
        </edge>
        <edge id="right">
            <lane id="right_0">
                <vehicle id="cfm_slow_3" pos="14.89" speed="47.00"/>
            </lane>
        </edge>
        <edge id="top">
            <lane id="top_0">
                <vehicle id="cfm_slow_4" pos="4.89" speed="47.00"/>
                <vehicle id="cfm_slow_0" pos="44.89" speed="47.00"/>
            </lane>
        </edge>
    </timestep>
    <timestep time="17.70">
        <edge id="bottom">
            <lane id="bottom_0">
                <vehicle id="cfm_slow_2" pos="29.59" speed="47.00"/>
            </lane>
        </edge>
        <edge id="left">
            <lane id="left_0">
                <vehicle id="cfm_slow_1" pos="39.59" speed="47.00"/>
            </lane>
        </edge>
        <edge id="right">
            <lane id="right_0">
                <vehicle id="cfm_slow_3" pos="19.59" speed="47.00"/>
            </lane>
        </edge>
        <edge id="top">
            <lane id="top_0">
                <vehicle id="cfm_slow_4" pos="9.59" speed="47.00"/>
                <vehicle id="cfm_slow_0" pos="49.59" speed="47.00"/>
            </lane>
        </edge>
    </timestep>
    <timestep time="17.80">
        <edge id="bottom">
            <lane id="bottom_0">
                <vehicle id="cfm_slow_2" pos="34.29" speed="47.00"/>
            </lane>
        </edge>
        <edge id="left">
            <lane id="left_0">
                <vehicle id="cfm_slow_0" pos="4.29" speed="47.00"/>
                <vehicle id="cfm_slow_1" pos="44.29" speed="47.00"/>
            </lane>
        </edge>
        <edge id="right">
            <lane id="right_0">
                <vehicle id="cfm_slow_3" pos="24.29" speed="47.00"/>
            </lane>
        </edge>
        <edge id="top">
            <lane id="top_0">
                <vehicle id="cfm_slow_4" pos="14.29" speed="47.00"/>
            </lane>
        </edge>
    </timestep>
    <timestep time="17.90">
        <edge id="bottom">
            <lane id="bottom_0">
                <vehicle id="cfm_slow_2" pos="38.99" speed="47.00"/>
            </lane>
        </edge>
        <edge id="left">
            <lane id="left_0">
                <vehicle id="cfm_slow_0" pos="8.99" speed="47.00"/>
                <vehicle id="cfm_slow_1" pos="48.99" speed="47.00"/>
            </lane>
        </edge>
        <edge id="right">
            <lane id="right_0">
                <vehicle id="cfm_slow_3" pos="28.99" speed="47.00"/>
            </lane>
        </edge>
        <edge id="top">
            <lane id="top_0">
                <vehicle id="cfm_slow_4" pos="18.99" speed="47.00"/>
            </lane>
        </edge>
    </timestep>
    <timestep time="18.00">
        <edge id="bottom">
            <lane id="bottom_0">
                <vehicle id="cfm_slow_1" pos="3.69" speed="47.00"/>
                <vehicle id="cfm_slow_2" pos="43.69" speed="47.00"/>
            </lane>
        </edge>
        <edge id="left">
            <lane id="left_0">
                <vehicle id="cfm_slow_0" pos="13.69" speed="47.00"/>
            </lane>
        </edge>
        <edge id="right">
            <lane id="right_0">
                <vehicle id="cfm_slow_3" pos="33.69" speed="47.00"/>
            </lane>
        </edge>
        <edge id="top">
            <lane id="top_0">
                <vehicle id="cfm_slow_4" pos="23.69" speed="47.00"/>
            </lane>
        </edge>
    </timestep>
    <timestep time="18.10">
        <edge id="bottom">
            <lane id="bottom_0">
                <vehicle id="cfm_slow_1" pos="8.39" speed="47.00"/>
                <vehicle id="cfm_slow_2" pos="48.39" speed="47.00"/>
            </lane>
        </edge>
        <edge id="left">
            <lane id="left_0">
                <vehicle id="cfm_slow_0" pos="18.39" speed="47.00"/>
            </lane>
        </edge>
        <edge id="right">
            <lane id="right_0">
                <vehicle id="cfm_slow_3" pos="38.39" speed="47.00"/>
            </lane>
        </edge>
        <edge id="top">
            <lane id="top_0">
                <vehicle id="cfm_slow_4" pos="28.39" speed="47.00"/>
            </lane>
        </edge>
    </timestep>
    <timestep time="18.20">
        <edge id="bottom">
            <lane id="bottom_0">
                <vehicle id="cfm_slow_1" pos="13.09" speed="47.00"/>
            </lane>
        </edge>
        <edge id="left">
            <lane id="left_0">
                <vehicle id="cfm_slow_0" pos="23.09" speed="47.00"/>
            </lane>
        </edge>
        <edge id="right">
            <lane id="right_0">
                <vehicle id="cfm_slow_2" pos="3.09" speed="47.00"/>
                <vehicle id="cfm_slow_3" pos="43.09" speed="47.00"/>
            </lane>
        </edge>
        <edge id="top">
            <lane id="top_0">
                <vehicle id="cfm_slow_4" pos="33.09" speed="47.00"/>
            </lane>
        </edge>
    </timestep>
    <timestep time="18.30">
        <edge id="bottom">
            <lane id="bottom_0">
                <vehicle id="cfm_slow_1" pos="17.79" speed="47.00"/>
            </lane>
        </edge>
        <edge id="left">
            <lane id="left_0">
                <vehicle id="cfm_slow_0" pos="27.79" speed="47.00"/>
            </lane>
        </edge>
        <edge id="right">
            <lane id="right_0">
                <vehicle id="cfm_slow_2" pos="7.79" speed="47.00"/>
                <vehicle id="cfm_slow_3" pos="47.79" speed="47.00"/>
            </lane>
        </edge>
        <edge id="top">
            <lane id="top_0">
                <vehicle id="cfm_slow_4" pos="37.79" speed="47.00"/>
            </lane>
        </edge>
    </timestep>
    <timestep time="18.40">
        <edge id="bottom">
            <lane id="bottom_0">
                <vehicle id="cfm_slow_1" pos="22.49" speed="47.00"/>
            </lane>
        </edge>
        <edge id="left">
            <lane id="left_0">
                <vehicle id="cfm_slow_0" pos="32.49" speed="47.00"/>
            </lane>
        </edge>
        <edge id="right">
            <lane id="right_0">
                <vehicle id="cfm_slow_2" pos="12.49" speed="47.00"/>
            </lane>
        </edge>
        <edge id="top">
            <lane id="top_0">
                <vehicle id="cfm_slow_3" pos="2.49" speed="47.00"/>
                <vehicle id="cfm_slow_4" pos="42.49" speed="47.00"/>
            </lane>
        </edge>
    </timestep>
    <timestep time="18.50">
        <edge id="bottom">
            <lane id="bottom_0">
                <vehicle id="cfm_slow_1" pos="27.19" speed="47.00"/>
            </lane>
        </edge>
        <edge id="left">
            <lane id="left_0">
                <vehicle id="cfm_slow_0" pos="37.19" speed="47.00"/>
            </lane>
        </edge>
        <edge id="right">
            <lane id="right_0">
                <vehicle id="cfm_slow_2" pos="17.19" speed="47.00"/>
            </lane>
        </edge>
        <edge id="top">
            <lane id="top_0">
                <vehicle id="cfm_slow_3" pos="7.19" speed="47.00"/>
                <vehicle id="cfm_slow_4" pos="47.19" speed="47.00"/>
            </lane>
        </edge>
    </timestep>
    <timestep time="18.60">
        <edge id="bottom">
            <lane id="bottom_0">
                <vehicle id="cfm_slow_1" pos="31.89" speed="47.00"/>
            </lane>
        </edge>
        <edge id="left">
            <lane id="left_0">
                <vehicle id="cfm_slow_4" pos="1.89" speed="47.00"/>
                <vehicle id="cfm_slow_0" pos="41.89" speed="47.00"/>
            </lane>
        </edge>
        <edge id="right">
            <lane id="right_0">
                <vehicle id="cfm_slow_2" pos="21.89" speed="47.00"/>
            </lane>
        </edge>
        <edge id="top">
            <lane id="top_0">
                <vehicle id="cfm_slow_3" pos="11.89" speed="47.00"/>
            </lane>
        </edge>
    </timestep>
    <timestep time="18.70">
        <edge id="bottom">
            <lane id="bottom_0">
                <vehicle id="cfm_slow_1" pos="36.59" speed="47.00"/>
            </lane>
        </edge>
        <edge id="left">
            <lane id="left_0">
                <vehicle id="cfm_slow_4" pos="6.59" speed="47.00"/>
                <vehicle id="cfm_slow_0" pos="46.59" speed="47.00"/>
            </lane>
        </edge>
        <edge id="right">
            <lane id="right_0">
                <vehicle id="cfm_slow_2" pos="26.59" speed="47.00"/>
            </lane>
        </edge>
        <edge id="top">
            <lane id="top_0">
                <vehicle id="cfm_slow_3" pos="16.59" speed="47.00"/>
            </lane>
        </edge>
    </timestep>
    <timestep time="18.80">
        <edge id="bottom">
            <lane id="bottom_0">
                <vehicle id="cfm_slow_0" pos="1.29" speed="47.00"/>
                <vehicle id="cfm_slow_1" pos="41.29" speed="47.00"/>
            </lane>
        </edge>
        <edge id="left">
            <lane id="left_0">
                <vehicle id="cfm_slow_4" pos="11.29" speed="47.00"/>
            </lane>
        </edge>
        <edge id="right">
            <lane id="right_0">
                <vehicle id="cfm_slow_2" pos="31.29" speed="47.00"/>
            </lane>
        </edge>
        <edge id="top">
            <lane id="top_0">
                <vehicle id="cfm_slow_3" pos="21.29" speed="47.00"/>
            </lane>
        </edge>
    </timestep>
    <timestep time="18.90">
        <edge id="bottom">
            <lane id="bottom_0">
                <vehicle id="cfm_slow_0" pos="5.99" speed="47.00"/>
                <vehicle id="cfm_slow_1" pos="45.99" speed="47.00"/>
            </lane>
        </edge>
        <edge id="left">
            <lane id="left_0">
                <vehicle id="cfm_slow_4" pos="15.99" speed="47.00"/>
            </lane>
        </edge>
        <edge id="right">
            <lane id="right_0">
                <vehicle id="cfm_slow_2" pos="35.99" speed="47.00"/>
            </lane>
        </edge>
        <edge id="top">
            <lane id="top_0">
                <vehicle id="cfm_slow_3" pos="25.99" speed="47.00"/>
            </lane>
        </edge>
    </timestep>
    <timestep time="19.00">
        <edge id="bottom">
            <lane id="bottom_0">
                <vehicle id="cfm_slow_0" pos="10.69" speed="47.00"/>
            </lane>
        </edge>
        <edge id="left">
            <lane id="left_0">
                <vehicle id="cfm_slow_4" pos="20.69" speed="47.00"/>
            </lane>
        </edge>
        <edge id="right">
            <lane id="right_0">
                <vehicle id="cfm_slow_1" pos="0.69" speed="47.00"/>
                <vehicle id="cfm_slow_2" pos="40.69" speed="47.00"/>
            </lane>
        </edge>
        <edge id="top">
            <lane id="top_0">
                <vehicle id="cfm_slow_3" pos="30.69" speed="47.00"/>
            </lane>
        </edge>
    </timestep>
    <timestep time="19.10">
        <edge id="bottom">
            <lane id="bottom_0">
                <vehicle id="cfm_slow_0" pos="15.39" speed="47.00"/>
            </lane>
        </edge>
        <edge id="left">
            <lane id="left_0">
                <vehicle id="cfm_slow_4" pos="25.39" speed="47.00"/>
            </lane>
        </edge>
        <edge id="right">
            <lane id="right_0">
                <vehicle id="cfm_slow_1" pos="5.39" speed="47.00"/>
                <vehicle id="cfm_slow_2" pos="45.39" speed="47.00"/>
            </lane>
        </edge>
        <edge id="top">
            <lane id="top_0">
                <vehicle id="cfm_slow_3" pos="35.39" speed="47.00"/>
            </lane>
        </edge>
    </timestep>
    <timestep time="19.20">
        <edge id="bottom">
            <lane id="bottom_0">
                <vehicle id="cfm_slow_0" pos="20.09" speed="47.00"/>
            </lane>
        </edge>
        <edge id="left">
            <lane id="left_0">
                <vehicle id="cfm_slow_4" pos="30.09" speed="47.00"/>
            </lane>
        </edge>
        <edge id="right">
            <lane id="right_0">
                <vehicle id="cfm_slow_1" pos="10.09" speed="47.00"/>
            </lane>
        </edge>
        <edge id="top">
            <lane id="top_0">
                <vehicle id="cfm_slow_2" pos="0.09" speed="47.00"/>
                <vehicle id="cfm_slow_3" pos="40.09" speed="47.00"/>
            </lane>
        </edge>
    </timestep>
    <timestep time="19.30">
        <edge id="bottom">
            <lane id="bottom_0">
                <vehicle id="cfm_slow_0" pos="24.79" speed="47.00"/>
            </lane>
        </edge>
        <edge id="left">
            <lane id="left_0">
                <vehicle id="cfm_slow_4" pos="34.79" speed="47.00"/>
            </lane>
        </edge>
        <edge id="right">
            <lane id="right_0">
                <vehicle id="cfm_slow_1" pos="14.79" speed="47.00"/>
            </lane>
        </edge>
        <edge id="top">
            <lane id="top_0">
                <vehicle id="cfm_slow_2" pos="4.79" speed="47.00"/>
                <vehicle id="cfm_slow_3" pos="44.79" speed="47.00"/>
            </lane>
        </edge>
    </timestep>
    <timestep time="19.40">
        <edge id="bottom">
            <lane id="bottom_0">
                <vehicle id="cfm_slow_0" pos="29.49" speed="47.00"/>
            </lane>
        </edge>
        <edge id="left">
            <lane id="left_0">
                <vehicle id="cfm_slow_4" pos="39.49" speed="47.00"/>
            </lane>
        </edge>
        <edge id="right">
            <lane id="right_0">
                <vehicle id="cfm_slow_1" pos="19.49" speed="47.00"/>
            </lane>
        </edge>
        <edge id="top">
            <lane id="top_0">
                <vehicle id="cfm_slow_2" pos="9.49" speed="47.00"/>
                <vehicle id="cfm_slow_3" pos="49.49" speed="47.00"/>
            </lane>
        </edge>
    </timestep>
    <timestep time="19.50">
        <edge id="bottom">
            <lane id="bottom_0">
                <vehicle id="cfm_slow_0" pos="34.19" speed="47.00"/>
            </lane>
        </edge>
        <edge id="left">
            <lane id="left_0">
                <vehicle id="cfm_slow_3" pos="4.19" speed="47.00"/>
                <vehicle id="cfm_slow_4" pos="44.19" speed="47.00"/>
            </lane>
        </edge>
        <edge id="right">
            <lane id="right_0">
                <vehicle id="cfm_slow_1" pos="24.19" speed="47.00"/>
            </lane>
        </edge>
        <edge id="top">
            <lane id="top_0">
                <vehicle id="cfm_slow_2" pos="14.19" speed="47.00"/>
            </lane>
        </edge>
    </timestep>
    <timestep time="19.60">
        <edge id="bottom">
            <lane id="bottom_0">
                <vehicle id="cfm_slow_0" pos="38.89" speed="47.00"/>
            </lane>
        </edge>
        <edge id="left">
            <lane id="left_0">
                <vehicle id="cfm_slow_3" pos="8.89" speed="47.00"/>
                <vehicle id="cfm_slow_4" pos="48.89" speed="47.00"/>
            </lane>
        </edge>
        <edge id="right">
            <lane id="right_0">
                <vehicle id="cfm_slow_1" pos="28.89" speed="47.00"/>
            </lane>
        </edge>
        <edge id="top">
            <lane id="top_0">
                <vehicle id="cfm_slow_2" pos="18.89" speed="47.00"/>
            </lane>
        </edge>
    </timestep>
    <timestep time="19.70">
        <edge id="bottom">
            <lane id="bottom_0">
                <vehicle id="cfm_slow_4" pos="3.59" speed="47.00"/>
                <vehicle id="cfm_slow_0" pos="43.59" speed="47.00"/>
            </lane>
        </edge>
        <edge id="left">
            <lane id="left_0">
                <vehicle id="cfm_slow_3" pos="13.59" speed="47.00"/>
            </lane>
        </edge>
        <edge id="right">
            <lane id="right_0">
                <vehicle id="cfm_slow_1" pos="33.59" speed="47.00"/>
            </lane>
        </edge>
        <edge id="top">
            <lane id="top_0">
                <vehicle id="cfm_slow_2" pos="23.59" speed="47.00"/>
            </lane>
        </edge>
    </timestep>
    <timestep time="19.80">
        <edge id="bottom">
            <lane id="bottom_0">
                <vehicle id="cfm_slow_4" pos="8.29" speed="47.00"/>
                <vehicle id="cfm_slow_0" pos="48.29" speed="47.00"/>
            </lane>
        </edge>
        <edge id="left">
            <lane id="left_0">
                <vehicle id="cfm_slow_3" pos="18.29" speed="47.00"/>
            </lane>
        </edge>
        <edge id="right">
            <lane id="right_0">
                <vehicle id="cfm_slow_1" pos="38.29" speed="47.00"/>
            </lane>
        </edge>
        <edge id="top">
            <lane id="top_0">
                <vehicle id="cfm_slow_2" pos="28.29" speed="47.00"/>
            </lane>
        </edge>
    </timestep>
    <timestep time="19.90">
        <edge id="bottom">
            <lane id="bottom_0">
                <vehicle id="cfm_slow_4" pos="12.99" speed="47.00"/>
            </lane>
        </edge>
        <edge id="left">
            <lane id="left_0">
                <vehicle id="cfm_slow_3" pos="22.99" speed="47.00"/>
            </lane>
        </edge>
        <edge id="right">
            <lane id="right_0">
                <vehicle id="cfm_slow_0" pos="2.99" speed="47.00"/>
                <vehicle id="cfm_slow_1" pos="42.99" speed="47.00"/>
            </lane>
        </edge>
        <edge id="top">
            <lane id="top_0">
                <vehicle id="cfm_slow_2" pos="32.99" speed="47.00"/>
            </lane>
        </edge>
    </timestep>
    <timestep time="20.00">
        <edge id="bottom">
            <lane id="bottom_0">
                <vehicle id="cfm_slow_4" pos="17.69" speed="47.00"/>
            </lane>
        </edge>
        <edge id="left">
            <lane id="left_0">
                <vehicle id="cfm_slow_3" pos="27.69" speed="47.00"/>
            </lane>
        </edge>
        <edge id="right">
            <lane id="right_0">
                <vehicle id="cfm_slow_0" pos="7.69" speed="47.00"/>
                <vehicle id="cfm_slow_1" pos="47.69" speed="47.00"/>
            </lane>
        </edge>
        <edge id="top">
            <lane id="top_0">
                <vehicle id="cfm_slow_2" pos="37.69" speed="47.00"/>
            </lane>
        </edge>
    </timestep>
    <timestep time="20.10">
        <edge id="bottom">
            <lane id="bottom_0">
                <vehicle id="cfm_slow_4" pos="22.39" speed="47.00"/>
            </lane>
        </edge>
        <edge id="left">
            <lane id="left_0">
                <vehicle id="cfm_slow_3" pos="32.39" speed="47.00"/>
            </lane>
        </edge>
        <edge id="right">
            <lane id="right_0">
                <vehicle id="cfm_slow_0" pos="12.39" speed="47.00"/>
            </lane>
        </edge>
        <edge id="top">
            <lane id="top_0">
                <vehicle id="cfm_slow_1" pos="2.39" speed="47.00"/>
                <vehicle id="cfm_slow_2" pos="42.39" speed="47.00"/>
            </lane>
        </edge>
    </timestep>
    <timestep time="20.20">
        <edge id="bottom">
            <lane id="bottom_0">
                <vehicle id="cfm_slow_4" pos="27.09" speed="47.00"/>
            </lane>
        </edge>
        <edge id="left">
            <lane id="left_0">
                <vehicle id="cfm_slow_3" pos="37.09" speed="47.00"/>
            </lane>
        </edge>
        <edge id="right">
            <lane id="right_0">
                <vehicle id="cfm_slow_0" pos="17.09" speed="47.00"/>
            </lane>
        </edge>
        <edge id="top">
            <lane id="top_0">
                <vehicle id="cfm_slow_1" pos="7.09" speed="47.00"/>
                <vehicle id="cfm_slow_2" pos="47.09" speed="47.00"/>
            </lane>
        </edge>
    </timestep>
    <timestep time="20.30">
        <edge id="bottom">
            <lane id="bottom_0">
                <vehicle id="cfm_slow_4" pos="31.79" speed="47.00"/>
            </lane>
        </edge>
        <edge id="left">
            <lane id="left_0">
                <vehicle id="cfm_slow_2" pos="1.79" speed="47.00"/>
                <vehicle id="cfm_slow_3" pos="41.79" speed="47.00"/>
            </lane>
        </edge>
        <edge id="right">
            <lane id="right_0">
                <vehicle id="cfm_slow_0" pos="21.79" speed="47.00"/>
            </lane>
        </edge>
        <edge id="top">
            <lane id="top_0">
                <vehicle id="cfm_slow_1" pos="11.79" speed="47.00"/>
            </lane>
        </edge>
    </timestep>
    <timestep time="20.40">
        <edge id="bottom">
            <lane id="bottom_0">
                <vehicle id="cfm_slow_4" pos="36.49" speed="47.00"/>
            </lane>
        </edge>
        <edge id="left">
            <lane id="left_0">
                <vehicle id="cfm_slow_2" pos="6.49" speed="47.00"/>
                <vehicle id="cfm_slow_3" pos="46.49" speed="47.00"/>
            </lane>
        </edge>
        <edge id="right">
            <lane id="right_0">
                <vehicle id="cfm_slow_0" pos="26.49" speed="47.00"/>
            </lane>
        </edge>
        <edge id="top">
            <lane id="top_0">
                <vehicle id="cfm_slow_1" pos="16.49" speed="47.00"/>
            </lane>
        </edge>
    </timestep>
    <timestep time="20.50">
        <edge id="bottom">
            <lane id="bottom_0">
                <vehicle id="cfm_slow_3" pos="1.19" speed="47.00"/>
                <vehicle id="cfm_slow_4" pos="41.19" speed="47.00"/>
            </lane>
        </edge>
        <edge id="left">
            <lane id="left_0">
                <vehicle id="cfm_slow_2" pos="11.19" speed="47.00"/>
            </lane>
        </edge>
        <edge id="right">
            <lane id="right_0">
                <vehicle id="cfm_slow_0" pos="31.19" speed="47.00"/>
            </lane>
        </edge>
        <edge id="top">
            <lane id="top_0">
                <vehicle id="cfm_slow_1" pos="21.19" speed="47.00"/>
            </lane>
        </edge>
    </timestep>
    <timestep time="20.60">
        <edge id="bottom">
            <lane id="bottom_0">
                <vehicle id="cfm_slow_3" pos="5.89" speed="47.00"/>
                <vehicle id="cfm_slow_4" pos="45.89" speed="47.00"/>
            </lane>
        </edge>
        <edge id="left">
            <lane id="left_0">
                <vehicle id="cfm_slow_2" pos="15.89" speed="47.00"/>
            </lane>
        </edge>
        <edge id="right">
            <lane id="right_0">
                <vehicle id="cfm_slow_0" pos="35.89" speed="47.00"/>
            </lane>
        </edge>
        <edge id="top">
            <lane id="top_0">
                <vehicle id="cfm_slow_1" pos="25.89" speed="47.00"/>
            </lane>
        </edge>
    </timestep>
    <timestep time="20.70">
        <edge id="bottom">
            <lane id="bottom_0">
                <vehicle id="cfm_slow_3" pos="10.59" speed="47.00"/>
            </lane>
        </edge>
        <edge id="left">
            <lane id="left_0">
                <vehicle id="cfm_slow_2" pos="20.59" speed="47.00"/>
            </lane>
        </edge>
        <edge id="right">
            <lane id="right_0">
                <vehicle id="cfm_slow_4" pos="0.59" speed="47.00"/>
                <vehicle id="cfm_slow_0" pos="40.59" speed="47.00"/>
            </lane>
        </edge>
        <edge id="top">
            <lane id="top_0">
                <vehicle id="cfm_slow_1" pos="30.59" speed="47.00"/>
            </lane>
        </edge>
    </timestep>
    <timestep time="20.80">
        <edge id="bottom">
            <lane id="bottom_0">
                <vehicle id="cfm_slow_3" pos="15.29" speed="47.00"/>
            </lane>
        </edge>
        <edge id="left">
            <lane id="left_0">
                <vehicle id="cfm_slow_2" pos="25.29" speed="47.00"/>
            </lane>
        </edge>
        <edge id="right">
            <lane id="right_0">
                <vehicle id="cfm_slow_4" pos="5.29" speed="47.00"/>
                <vehicle id="cfm_slow_0" pos="45.29" speed="47.00"/>
            </lane>
        </edge>
        <edge id="top">
            <lane id="top_0">
                <vehicle id="cfm_slow_1" pos="35.29" speed="47.00"/>
            </lane>
        </edge>
    </timestep>
    <timestep time="20.90">
        <edge id="bottom">
            <lane id="bottom_0">
                <vehicle id="cfm_slow_3" pos="19.99" speed="47.00"/>
            </lane>
        </edge>
        <edge id="left">
            <lane id="left_0">
                <vehicle id="cfm_slow_2" pos="29.99" speed="47.00"/>
            </lane>
        </edge>
        <edge id="right">
            <lane id="right_0">
                <vehicle id="cfm_slow_4" pos="9.99" speed="47.00"/>
                <vehicle id="cfm_slow_0" pos="49.99" speed="47.00"/>
            </lane>
        </edge>
        <edge id="top">
            <lane id="top_0">
                <vehicle id="cfm_slow_1" pos="39.99" speed="47.00"/>
            </lane>
        </edge>
    </timestep>
    <timestep time="21.00">
        <edge id="bottom">
            <lane id="bottom_0">
                <vehicle id="cfm_slow_3" pos="24.69" speed="47.00"/>
            </lane>
        </edge>
        <edge id="left">
            <lane id="left_0">
                <vehicle id="cfm_slow_2" pos="34.69" speed="47.00"/>
            </lane>
        </edge>
        <edge id="right">
            <lane id="right_0">
                <vehicle id="cfm_slow_4" pos="14.69" speed="47.00"/>
            </lane>
        </edge>
        <edge id="top">
            <lane id="top_0">
                <vehicle id="cfm_slow_0" pos="4.69" speed="47.00"/>
                <vehicle id="cfm_slow_1" pos="44.69" speed="47.00"/>
            </lane>
        </edge>
    </timestep>
    <timestep time="21.10">
        <edge id="bottom">
            <lane id="bottom_0">
                <vehicle id="cfm_slow_3" pos="29.39" speed="47.00"/>
            </lane>
        </edge>
        <edge id="left">
            <lane id="left_0">
                <vehicle id="cfm_slow_2" pos="39.39" speed="47.00"/>
            </lane>
        </edge>
        <edge id="right">
            <lane id="right_0">
                <vehicle id="cfm_slow_4" pos="19.39" speed="47.00"/>
            </lane>
        </edge>
        <edge id="top">
            <lane id="top_0">
                <vehicle id="cfm_slow_0" pos="9.39" speed="47.00"/>
                <vehicle id="cfm_slow_1" pos="49.39" speed="47.00"/>
            </lane>
        </edge>
    </timestep>
    <timestep time="21.20">
        <edge id="bottom">
            <lane id="bottom_0">
                <vehicle id="cfm_slow_3" pos="34.09" speed="47.00"/>
            </lane>
        </edge>
        <edge id="left">
            <lane id="left_0">
                <vehicle id="cfm_slow_1" pos="4.09" speed="47.00"/>
                <vehicle id="cfm_slow_2" pos="44.09" speed="47.00"/>
            </lane>
        </edge>
        <edge id="right">
            <lane id="right_0">
                <vehicle id="cfm_slow_4" pos="24.09" speed="47.00"/>
            </lane>
        </edge>
        <edge id="top">
            <lane id="top_0">
                <vehicle id="cfm_slow_0" pos="14.09" speed="47.00"/>
            </lane>
        </edge>
    </timestep>
    <timestep time="21.30">
        <edge id="bottom">
            <lane id="bottom_0">
                <vehicle id="cfm_slow_3" pos="38.79" speed="47.00"/>
            </lane>
        </edge>
        <edge id="left">
            <lane id="left_0">
                <vehicle id="cfm_slow_1" pos="8.79" speed="47.00"/>
                <vehicle id="cfm_slow_2" pos="48.79" speed="47.00"/>
            </lane>
        </edge>
        <edge id="right">
            <lane id="right_0">
                <vehicle id="cfm_slow_4" pos="28.79" speed="47.00"/>
            </lane>
        </edge>
        <edge id="top">
            <lane id="top_0">
                <vehicle id="cfm_slow_0" pos="18.79" speed="47.00"/>
            </lane>
        </edge>
    </timestep>
    <timestep time="21.40">
        <edge id="bottom">
            <lane id="bottom_0">
                <vehicle id="cfm_slow_2" pos="3.49" speed="47.00"/>
                <vehicle id="cfm_slow_3" pos="43.49" speed="47.00"/>
            </lane>
        </edge>
        <edge id="left">
            <lane id="left_0">
                <vehicle id="cfm_slow_1" pos="13.49" speed="47.00"/>
            </lane>
        </edge>
        <edge id="right">
            <lane id="right_0">
                <vehicle id="cfm_slow_4" pos="33.49" speed="47.00"/>
            </lane>
        </edge>
        <edge id="top">
            <lane id="top_0">
                <vehicle id="cfm_slow_0" pos="23.49" speed="47.00"/>
            </lane>
        </edge>
    </timestep>
    <timestep time="21.50">
        <edge id="bottom">
            <lane id="bottom_0">
                <vehicle id="cfm_slow_2" pos="8.19" speed="47.00"/>
                <vehicle id="cfm_slow_3" pos="48.19" speed="47.00"/>
            </lane>
        </edge>
        <edge id="left">
            <lane id="left_0">
                <vehicle id="cfm_slow_1" pos="18.19" speed="47.00"/>
            </lane>
        </edge>
        <edge id="right">
            <lane id="right_0">
                <vehicle id="cfm_slow_4" pos="38.19" speed="47.00"/>
            </lane>
        </edge>
        <edge id="top">
            <lane id="top_0">
                <vehicle id="cfm_slow_0" pos="28.19" speed="47.00"/>
            </lane>
        </edge>
    </timestep>
    <timestep time="21.60">
        <edge id="bottom">
            <lane id="bottom_0">
                <vehicle id="cfm_slow_2" pos="12.89" speed="47.00"/>
            </lane>
        </edge>
        <edge id="left">
            <lane id="left_0">
                <vehicle id="cfm_slow_1" pos="22.89" speed="47.00"/>
            </lane>
        </edge>
        <edge id="right">
            <lane id="right_0">
                <vehicle id="cfm_slow_3" pos="2.89" speed="47.00"/>
                <vehicle id="cfm_slow_4" pos="42.89" speed="47.00"/>
            </lane>
        </edge>
        <edge id="top">
            <lane id="top_0">
                <vehicle id="cfm_slow_0" pos="32.89" speed="47.00"/>
            </lane>
        </edge>
    </timestep>
    <timestep time="21.70">
        <edge id="bottom">
            <lane id="bottom_0">
                <vehicle id="cfm_slow_2" pos="17.59" speed="47.00"/>
            </lane>
        </edge>
        <edge id="left">
            <lane id="left_0">
                <vehicle id="cfm_slow_1" pos="27.59" speed="47.00"/>
            </lane>
        </edge>
        <edge id="right">
            <lane id="right_0">
                <vehicle id="cfm_slow_3" pos="7.59" speed="47.00"/>
                <vehicle id="cfm_slow_4" pos="47.59" speed="47.00"/>
            </lane>
        </edge>
        <edge id="top">
            <lane id="top_0">
                <vehicle id="cfm_slow_0" pos="37.59" speed="47.00"/>
            </lane>
        </edge>
    </timestep>
    <timestep time="21.80">
        <edge id="bottom">
            <lane id="bottom_0">
                <vehicle id="cfm_slow_2" pos="22.29" speed="47.00"/>
            </lane>
        </edge>
        <edge id="left">
            <lane id="left_0">
                <vehicle id="cfm_slow_1" pos="32.29" speed="47.00"/>
            </lane>
        </edge>
        <edge id="right">
            <lane id="right_0">
                <vehicle id="cfm_slow_3" pos="12.29" speed="47.00"/>
            </lane>
        </edge>
        <edge id="top">
            <lane id="top_0">
                <vehicle id="cfm_slow_4" pos="2.29" speed="47.00"/>
                <vehicle id="cfm_slow_0" pos="42.29" speed="47.00"/>
            </lane>
        </edge>
    </timestep>
    <timestep time="21.90">
        <edge id="bottom">
            <lane id="bottom_0">
                <vehicle id="cfm_slow_2" pos="26.99" speed="47.00"/>
            </lane>
        </edge>
        <edge id="left">
            <lane id="left_0">
                <vehicle id="cfm_slow_1" pos="36.99" speed="47.00"/>
            </lane>
        </edge>
        <edge id="right">
            <lane id="right_0">
                <vehicle id="cfm_slow_3" pos="16.99" speed="47.00"/>
            </lane>
        </edge>
        <edge id="top">
            <lane id="top_0">
                <vehicle id="cfm_slow_4" pos="6.99" speed="47.00"/>
                <vehicle id="cfm_slow_0" pos="46.99" speed="47.00"/>
            </lane>
        </edge>
    </timestep>
    <timestep time="22.00">
        <edge id="bottom">
            <lane id="bottom_0">
                <vehicle id="cfm_slow_2" pos="31.69" speed="47.00"/>
            </lane>
        </edge>
        <edge id="left">
            <lane id="left_0">
                <vehicle id="cfm_slow_0" pos="1.69" speed="47.00"/>
                <vehicle id="cfm_slow_1" pos="41.69" speed="47.00"/>
            </lane>
        </edge>
        <edge id="right">
            <lane id="right_0">
                <vehicle id="cfm_slow_3" pos="21.69" speed="47.00"/>
            </lane>
        </edge>
        <edge id="top">
            <lane id="top_0">
                <vehicle id="cfm_slow_4" pos="11.69" speed="47.00"/>
            </lane>
        </edge>
    </timestep>
    <timestep time="22.10">
        <edge id="bottom">
            <lane id="bottom_0">
                <vehicle id="cfm_slow_2" pos="36.39" speed="47.00"/>
            </lane>
        </edge>
        <edge id="left">
            <lane id="left_0">
                <vehicle id="cfm_slow_0" pos="6.39" speed="47.00"/>
                <vehicle id="cfm_slow_1" pos="46.39" speed="47.00"/>
            </lane>
        </edge>
        <edge id="right">
            <lane id="right_0">
                <vehicle id="cfm_slow_3" pos="26.39" speed="47.00"/>
            </lane>
        </edge>
        <edge id="top">
            <lane id="top_0">
                <vehicle id="cfm_slow_4" pos="16.39" speed="47.00"/>
            </lane>
        </edge>
    </timestep>
    <timestep time="22.20">
        <edge id="bottom">
            <lane id="bottom_0">
                <vehicle id="cfm_slow_1" pos="1.09" speed="47.00"/>
                <vehicle id="cfm_slow_2" pos="41.09" speed="47.00"/>
            </lane>
        </edge>
        <edge id="left">
            <lane id="left_0">
                <vehicle id="cfm_slow_0" pos="11.09" speed="47.00"/>
            </lane>
        </edge>
        <edge id="right">
            <lane id="right_0">
                <vehicle id="cfm_slow_3" pos="31.09" speed="47.00"/>
            </lane>
        </edge>
        <edge id="top">
            <lane id="top_0">
                <vehicle id="cfm_slow_4" pos="21.09" speed="47.00"/>
            </lane>
        </edge>
    </timestep>
    <timestep time="22.30">
        <edge id="bottom">
            <lane id="bottom_0">
                <vehicle id="cfm_slow_1" pos="5.79" speed="47.00"/>
                <vehicle id="cfm_slow_2" pos="45.79" speed="47.00"/>
            </lane>
        </edge>
        <edge id="left">
            <lane id="left_0">
                <vehicle id="cfm_slow_0" pos="15.79" speed="47.00"/>
            </lane>
        </edge>
        <edge id="right">
            <lane id="right_0">
                <vehicle id="cfm_slow_3" pos="35.79" speed="47.00"/>
            </lane>
        </edge>
        <edge id="top">
            <lane id="top_0">
                <vehicle id="cfm_slow_4" pos="25.79" speed="47.00"/>
            </lane>
        </edge>
    </timestep>
    <timestep time="22.40">
        <edge id="bottom">
            <lane id="bottom_0">
                <vehicle id="cfm_slow_1" pos="10.49" speed="47.00"/>
            </lane>
        </edge>
        <edge id="left">
            <lane id="left_0">
                <vehicle id="cfm_slow_0" pos="20.49" speed="47.00"/>
            </lane>
        </edge>
        <edge id="right">
            <lane id="right_0">
                <vehicle id="cfm_slow_2" pos="0.49" speed="47.00"/>
                <vehicle id="cfm_slow_3" pos="40.49" speed="47.00"/>
            </lane>
        </edge>
        <edge id="top">
            <lane id="top_0">
                <vehicle id="cfm_slow_4" pos="30.49" speed="47.00"/>
            </lane>
        </edge>
    </timestep>
    <timestep time="22.50">
        <edge id="bottom">
            <lane id="bottom_0">
                <vehicle id="cfm_slow_1" pos="15.19" speed="47.00"/>
            </lane>
        </edge>
        <edge id="left">
            <lane id="left_0">
                <vehicle id="cfm_slow_0" pos="25.19" speed="47.00"/>
            </lane>
        </edge>
        <edge id="right">
            <lane id="right_0">
                <vehicle id="cfm_slow_2" pos="5.19" speed="47.00"/>
                <vehicle id="cfm_slow_3" pos="45.19" speed="47.00"/>
            </lane>
        </edge>
        <edge id="top">
            <lane id="top_0">
                <vehicle id="cfm_slow_4" pos="35.19" speed="47.00"/>
            </lane>
        </edge>
    </timestep>
    <timestep time="22.60">
        <edge id="bottom">
            <lane id="bottom_0">
                <vehicle id="cfm_slow_1" pos="19.89" speed="47.00"/>
            </lane>
        </edge>
        <edge id="left">
            <lane id="left_0">
                <vehicle id="cfm_slow_0" pos="29.89" speed="47.00"/>
            </lane>
        </edge>
        <edge id="right">
            <lane id="right_0">
                <vehicle id="cfm_slow_2" pos="9.89" speed="47.00"/>
                <vehicle id="cfm_slow_3" pos="49.89" speed="47.00"/>
            </lane>
        </edge>
        <edge id="top">
            <lane id="top_0">
                <vehicle id="cfm_slow_4" pos="39.89" speed="47.00"/>
            </lane>
        </edge>
    </timestep>
    <timestep time="22.70">
        <edge id="bottom">
            <lane id="bottom_0">
                <vehicle id="cfm_slow_1" pos="24.59" speed="47.00"/>
            </lane>
        </edge>
        <edge id="left">
            <lane id="left_0">
                <vehicle id="cfm_slow_0" pos="34.59" speed="47.00"/>
            </lane>
        </edge>
        <edge id="right">
            <lane id="right_0">
                <vehicle id="cfm_slow_2" pos="14.59" speed="47.00"/>
            </lane>
        </edge>
        <edge id="top">
            <lane id="top_0">
                <vehicle id="cfm_slow_3" pos="4.59" speed="47.00"/>
                <vehicle id="cfm_slow_4" pos="44.59" speed="47.00"/>
            </lane>
        </edge>
    </timestep>
    <timestep time="22.80">
        <edge id="bottom">
            <lane id="bottom_0">
                <vehicle id="cfm_slow_1" pos="29.29" speed="47.00"/>
            </lane>
        </edge>
        <edge id="left">
            <lane id="left_0">
                <vehicle id="cfm_slow_0" pos="39.29" speed="47.00"/>
            </lane>
        </edge>
        <edge id="right">
            <lane id="right_0">
                <vehicle id="cfm_slow_2" pos="19.29" speed="47.00"/>
            </lane>
        </edge>
        <edge id="top">
            <lane id="top_0">
                <vehicle id="cfm_slow_3" pos="9.29" speed="47.00"/>
                <vehicle id="cfm_slow_4" pos="49.29" speed="47.00"/>
            </lane>
        </edge>
    </timestep>
    <timestep time="22.90">
        <edge id="bottom">
            <lane id="bottom_0">
                <vehicle id="cfm_slow_1" pos="33.99" speed="47.00"/>
            </lane>
        </edge>
        <edge id="left">
            <lane id="left_0">
                <vehicle id="cfm_slow_4" pos="3.99" speed="47.00"/>
                <vehicle id="cfm_slow_0" pos="43.99" speed="47.00"/>
            </lane>
        </edge>
        <edge id="right">
            <lane id="right_0">
                <vehicle id="cfm_slow_2" pos="23.99" speed="47.00"/>
            </lane>
        </edge>
        <edge id="top">
            <lane id="top_0">
                <vehicle id="cfm_slow_3" pos="13.99" speed="47.00"/>
            </lane>
        </edge>
    </timestep>
    <timestep time="23.00">
        <edge id="bottom">
            <lane id="bottom_0">
                <vehicle id="cfm_slow_1" pos="38.69" speed="47.00"/>
            </lane>
        </edge>
        <edge id="left">
            <lane id="left_0">
                <vehicle id="cfm_slow_4" pos="8.69" speed="47.00"/>
                <vehicle id="cfm_slow_0" pos="48.69" speed="47.00"/>
            </lane>
        </edge>
        <edge id="right">
            <lane id="right_0">
                <vehicle id="cfm_slow_2" pos="28.69" speed="47.00"/>
            </lane>
        </edge>
        <edge id="top">
            <lane id="top_0">
                <vehicle id="cfm_slow_3" pos="18.69" speed="47.00"/>
            </lane>
        </edge>
    </timestep>
    <timestep time="23.10">
        <edge id="bottom">
            <lane id="bottom_0">
                <vehicle id="cfm_slow_0" pos="3.39" speed="47.00"/>
                <vehicle id="cfm_slow_1" pos="43.39" speed="47.00"/>
            </lane>
        </edge>
        <edge id="left">
            <lane id="left_0">
                <vehicle id="cfm_slow_4" pos="13.39" speed="47.00"/>
            </lane>
        </edge>
        <edge id="right">
            <lane id="right_0">
                <vehicle id="cfm_slow_2" pos="33.39" speed="47.00"/>
            </lane>
        </edge>
        <edge id="top">
            <lane id="top_0">
                <vehicle id="cfm_slow_3" pos="23.39" speed="47.00"/>
            </lane>
        </edge>
    </timestep>
    <timestep time="23.20">
        <edge id="bottom">
            <lane id="bottom_0">
                <vehicle id="cfm_slow_0" pos="8.09" speed="47.00"/>
                <vehicle id="cfm_slow_1" pos="48.09" speed="47.00"/>
            </lane>
        </edge>
        <edge id="left">
            <lane id="left_0">
                <vehicle id="cfm_slow_4" pos="18.09" speed="47.00"/>
            </lane>
        </edge>
        <edge id="right">
            <lane id="right_0">
                <vehicle id="cfm_slow_2" pos="38.09" speed="47.00"/>
            </lane>
        </edge>
        <edge id="top">
            <lane id="top_0">
                <vehicle id="cfm_slow_3" pos="28.09" speed="47.00"/>
            </lane>
        </edge>
    </timestep>
    <timestep time="23.30">
        <edge id="bottom">
            <lane id="bottom_0">
                <vehicle id="cfm_slow_0" pos="12.79" speed="47.00"/>
            </lane>
        </edge>
        <edge id="left">
            <lane id="left_0">
                <vehicle id="cfm_slow_4" pos="22.79" speed="47.00"/>
            </lane>
        </edge>
        <edge id="right">
            <lane id="right_0">
                <vehicle id="cfm_slow_1" pos="2.79" speed="47.00"/>
                <vehicle id="cfm_slow_2" pos="42.79" speed="47.00"/>
            </lane>
        </edge>
        <edge id="top">
            <lane id="top_0">
                <vehicle id="cfm_slow_3" pos="32.79" speed="47.00"/>
            </lane>
        </edge>
    </timestep>
    <timestep time="23.40">
        <edge id="bottom">
            <lane id="bottom_0">
                <vehicle id="cfm_slow_0" pos="17.49" speed="47.00"/>
            </lane>
        </edge>
        <edge id="left">
            <lane id="left_0">
                <vehicle id="cfm_slow_4" pos="27.49" speed="47.00"/>
            </lane>
        </edge>
        <edge id="right">
            <lane id="right_0">
                <vehicle id="cfm_slow_1" pos="7.49" speed="47.00"/>
                <vehicle id="cfm_slow_2" pos="47.49" speed="47.00"/>
            </lane>
        </edge>
        <edge id="top">
            <lane id="top_0">
                <vehicle id="cfm_slow_3" pos="37.49" speed="47.00"/>
            </lane>
        </edge>
    </timestep>
    <timestep time="23.50">
        <edge id="bottom">
            <lane id="bottom_0">
                <vehicle id="cfm_slow_0" pos="22.19" speed="47.00"/>
            </lane>
        </edge>
        <edge id="left">
            <lane id="left_0">
                <vehicle id="cfm_slow_4" pos="32.19" speed="47.00"/>
            </lane>
        </edge>
        <edge id="right">
            <lane id="right_0">
                <vehicle id="cfm_slow_1" pos="12.19" speed="47.00"/>
            </lane>
        </edge>
        <edge id="top">
            <lane id="top_0">
                <vehicle id="cfm_slow_2" pos="2.19" speed="47.00"/>
                <vehicle id="cfm_slow_3" pos="42.19" speed="47.00"/>
            </lane>
        </edge>
    </timestep>
    <timestep time="23.60">
        <edge id="bottom">
            <lane id="bottom_0">
                <vehicle id="cfm_slow_0" pos="26.89" speed="47.00"/>
            </lane>
        </edge>
        <edge id="left">
            <lane id="left_0">
                <vehicle id="cfm_slow_4" pos="36.89" speed="47.00"/>
            </lane>
        </edge>
        <edge id="right">
            <lane id="right_0">
                <vehicle id="cfm_slow_1" pos="16.89" speed="47.00"/>
            </lane>
        </edge>
        <edge id="top">
            <lane id="top_0">
                <vehicle id="cfm_slow_2" pos="6.89" speed="47.00"/>
                <vehicle id="cfm_slow_3" pos="46.89" speed="47.00"/>
            </lane>
        </edge>
    </timestep>
    <timestep time="23.70">
        <edge id="bottom">
            <lane id="bottom_0">
                <vehicle id="cfm_slow_0" pos="31.59" speed="47.00"/>
            </lane>
        </edge>
        <edge id="left">
            <lane id="left_0">
                <vehicle id="cfm_slow_3" pos="1.59" speed="47.00"/>
                <vehicle id="cfm_slow_4" pos="41.59" speed="47.00"/>
            </lane>
        </edge>
        <edge id="right">
            <lane id="right_0">
                <vehicle id="cfm_slow_1" pos="21.59" speed="47.00"/>
            </lane>
        </edge>
        <edge id="top">
            <lane id="top_0">
                <vehicle id="cfm_slow_2" pos="11.59" speed="47.00"/>
            </lane>
        </edge>
    </timestep>
    <timestep time="23.80">
        <edge id="bottom">
            <lane id="bottom_0">
                <vehicle id="cfm_slow_0" pos="36.29" speed="47.00"/>
            </lane>
        </edge>
        <edge id="left">
            <lane id="left_0">
                <vehicle id="cfm_slow_3" pos="6.29" speed="47.00"/>
                <vehicle id="cfm_slow_4" pos="46.29" speed="47.00"/>
            </lane>
        </edge>
        <edge id="right">
            <lane id="right_0">
                <vehicle id="cfm_slow_1" pos="26.29" speed="47.00"/>
            </lane>
        </edge>
        <edge id="top">
            <lane id="top_0">
                <vehicle id="cfm_slow_2" pos="16.29" speed="47.00"/>
            </lane>
        </edge>
    </timestep>
    <timestep time="23.90">
        <edge id="bottom">
            <lane id="bottom_0">
                <vehicle id="cfm_slow_4" pos="0.99" speed="47.00"/>
                <vehicle id="cfm_slow_0" pos="40.99" speed="47.00"/>
            </lane>
        </edge>
        <edge id="left">
            <lane id="left_0">
                <vehicle id="cfm_slow_3" pos="10.99" speed="47.00"/>
            </lane>
        </edge>
        <edge id="right">
            <lane id="right_0">
                <vehicle id="cfm_slow_1" pos="30.99" speed="47.00"/>
            </lane>
        </edge>
        <edge id="top">
            <lane id="top_0">
                <vehicle id="cfm_slow_2" pos="20.99" speed="47.00"/>
            </lane>
        </edge>
    </timestep>
    <timestep time="24.00">
        <edge id="bottom">
            <lane id="bottom_0">
                <vehicle id="cfm_slow_4" pos="5.69" speed="47.00"/>
                <vehicle id="cfm_slow_0" pos="45.69" speed="47.00"/>
            </lane>
        </edge>
        <edge id="left">
            <lane id="left_0">
                <vehicle id="cfm_slow_3" pos="15.69" speed="47.00"/>
            </lane>
        </edge>
        <edge id="right">
            <lane id="right_0">
                <vehicle id="cfm_slow_1" pos="35.69" speed="47.00"/>
            </lane>
        </edge>
        <edge id="top">
            <lane id="top_0">
                <vehicle id="cfm_slow_2" pos="25.69" speed="47.00"/>
            </lane>
        </edge>
    </timestep>
    <timestep time="24.10">
        <edge id="bottom">
            <lane id="bottom_0">
                <vehicle id="cfm_slow_4" pos="10.39" speed="47.00"/>
            </lane>
        </edge>
        <edge id="left">
            <lane id="left_0">
                <vehicle id="cfm_slow_3" pos="20.39" speed="47.00"/>
            </lane>
        </edge>
        <edge id="right">
            <lane id="right_0">
                <vehicle id="cfm_slow_0" pos="0.39" speed="47.00"/>
                <vehicle id="cfm_slow_1" pos="40.39" speed="47.00"/>
            </lane>
        </edge>
        <edge id="top">
            <lane id="top_0">
                <vehicle id="cfm_slow_2" pos="30.39" speed="47.00"/>
            </lane>
        </edge>
    </timestep>
    <timestep time="24.20">
        <edge id="bottom">
            <lane id="bottom_0">
                <vehicle id="cfm_slow_4" pos="15.09" speed="47.00"/>
            </lane>
        </edge>
        <edge id="left">
            <lane id="left_0">
                <vehicle id="cfm_slow_3" pos="25.09" speed="47.00"/>
            </lane>
        </edge>
        <edge id="right">
            <lane id="right_0">
                <vehicle id="cfm_slow_0" pos="5.09" speed="47.00"/>
                <vehicle id="cfm_slow_1" pos="45.09" speed="47.00"/>
            </lane>
        </edge>
        <edge id="top">
            <lane id="top_0">
                <vehicle id="cfm_slow_2" pos="35.09" speed="47.00"/>
            </lane>
        </edge>
    </timestep>
    <timestep time="24.30">
        <edge id="bottom">
            <lane id="bottom_0">
                <vehicle id="cfm_slow_4" pos="19.79" speed="47.00"/>
            </lane>
        </edge>
        <edge id="left">
            <lane id="left_0">
                <vehicle id="cfm_slow_3" pos="29.79" speed="47.00"/>
            </lane>
        </edge>
        <edge id="right">
            <lane id="right_0">
                <vehicle id="cfm_slow_0" pos="9.79" speed="47.00"/>
                <vehicle id="cfm_slow_1" pos="49.79" speed="47.00"/>
            </lane>
        </edge>
        <edge id="top">
            <lane id="top_0">
                <vehicle id="cfm_slow_2" pos="39.79" speed="47.00"/>
            </lane>
        </edge>
    </timestep>
    <timestep time="24.40">
        <edge id="bottom">
            <lane id="bottom_0">
                <vehicle id="cfm_slow_4" pos="24.49" speed="47.00"/>
            </lane>
        </edge>
        <edge id="left">
            <lane id="left_0">
                <vehicle id="cfm_slow_3" pos="34.49" speed="47.00"/>
            </lane>
        </edge>
        <edge id="right">
            <lane id="right_0">
                <vehicle id="cfm_slow_0" pos="14.49" speed="47.00"/>
            </lane>
        </edge>
        <edge id="top">
            <lane id="top_0">
                <vehicle id="cfm_slow_1" pos="4.49" speed="47.00"/>
                <vehicle id="cfm_slow_2" pos="44.49" speed="47.00"/>
            </lane>
        </edge>
    </timestep>
    <timestep time="24.50">
        <edge id="bottom">
            <lane id="bottom_0">
                <vehicle id="cfm_slow_4" pos="29.19" speed="47.00"/>
            </lane>
        </edge>
        <edge id="left">
            <lane id="left_0">
                <vehicle id="cfm_slow_3" pos="39.19" speed="47.00"/>
            </lane>
        </edge>
        <edge id="right">
            <lane id="right_0">
                <vehicle id="cfm_slow_0" pos="19.19" speed="47.00"/>
            </lane>
        </edge>
        <edge id="top">
            <lane id="top_0">
                <vehicle id="cfm_slow_1" pos="9.19" speed="47.00"/>
                <vehicle id="cfm_slow_2" pos="49.19" speed="47.00"/>
            </lane>
        </edge>
    </timestep>
    <timestep time="24.60">
        <edge id="bottom">
            <lane id="bottom_0">
                <vehicle id="cfm_slow_4" pos="33.89" speed="47.00"/>
            </lane>
        </edge>
        <edge id="left">
            <lane id="left_0">
                <vehicle id="cfm_slow_2" pos="3.89" speed="47.00"/>
                <vehicle id="cfm_slow_3" pos="43.89" speed="47.00"/>
            </lane>
        </edge>
        <edge id="right">
            <lane id="right_0">
                <vehicle id="cfm_slow_0" pos="23.89" speed="47.00"/>
            </lane>
        </edge>
        <edge id="top">
            <lane id="top_0">
                <vehicle id="cfm_slow_1" pos="13.89" speed="47.00"/>
            </lane>
        </edge>
    </timestep>
    <timestep time="24.70">
        <edge id="bottom">
            <lane id="bottom_0">
                <vehicle id="cfm_slow_4" pos="38.59" speed="47.00"/>
            </lane>
        </edge>
        <edge id="left">
            <lane id="left_0">
                <vehicle id="cfm_slow_2" pos="8.59" speed="47.00"/>
                <vehicle id="cfm_slow_3" pos="48.59" speed="47.00"/>
            </lane>
        </edge>
        <edge id="right">
            <lane id="right_0">
                <vehicle id="cfm_slow_0" pos="28.59" speed="47.00"/>
            </lane>
        </edge>
        <edge id="top">
            <lane id="top_0">
                <vehicle id="cfm_slow_1" pos="18.59" speed="47.00"/>
            </lane>
        </edge>
    </timestep>
    <timestep time="24.80">
        <edge id="bottom">
            <lane id="bottom_0">
                <vehicle id="cfm_slow_3" pos="3.29" speed="47.00"/>
                <vehicle id="cfm_slow_4" pos="43.29" speed="47.00"/>
            </lane>
        </edge>
        <edge id="left">
            <lane id="left_0">
                <vehicle id="cfm_slow_2" pos="13.29" speed="47.00"/>
            </lane>
        </edge>
        <edge id="right">
            <lane id="right_0">
                <vehicle id="cfm_slow_0" pos="33.29" speed="47.00"/>
            </lane>
        </edge>
        <edge id="top">
            <lane id="top_0">
                <vehicle id="cfm_slow_1" pos="23.29" speed="47.00"/>
            </lane>
        </edge>
    </timestep>
    <timestep time="24.90">
        <edge id="bottom">
            <lane id="bottom_0">
                <vehicle id="cfm_slow_3" pos="7.99" speed="47.00"/>
                <vehicle id="cfm_slow_4" pos="47.99" speed="47.00"/>
            </lane>
        </edge>
        <edge id="left">
            <lane id="left_0">
                <vehicle id="cfm_slow_2" pos="17.99" speed="47.00"/>
            </lane>
        </edge>
        <edge id="right">
            <lane id="right_0">
                <vehicle id="cfm_slow_0" pos="37.99" speed="47.00"/>
            </lane>
        </edge>
        <edge id="top">
            <lane id="top_0">
                <vehicle id="cfm_slow_1" pos="27.99" speed="47.00"/>
            </lane>
        </edge>
    </timestep>
    <timestep time="25.00">
        <edge id="bottom">
            <lane id="bottom_0">
                <vehicle id="cfm_slow_3" pos="12.69" speed="47.00"/>
            </lane>
        </edge>
        <edge id="left">
            <lane id="left_0">
                <vehicle id="cfm_slow_2" pos="22.69" speed="47.00"/>
            </lane>
        </edge>
        <edge id="right">
            <lane id="right_0">
                <vehicle id="cfm_slow_4" pos="2.69" speed="47.00"/>
                <vehicle id="cfm_slow_0" pos="42.69" speed="47.00"/>
            </lane>
        </edge>
        <edge id="top">
            <lane id="top_0">
                <vehicle id="cfm_slow_1" pos="32.69" speed="47.00"/>
            </lane>
        </edge>
    </timestep>
    <timestep time="25.10">
        <edge id="bottom">
            <lane id="bottom_0">
                <vehicle id="cfm_slow_3" pos="17.39" speed="47.00"/>
            </lane>
        </edge>
        <edge id="left">
            <lane id="left_0">
                <vehicle id="cfm_slow_2" pos="27.39" speed="47.00"/>
            </lane>
        </edge>
        <edge id="right">
            <lane id="right_0">
                <vehicle id="cfm_slow_4" pos="7.39" speed="47.00"/>
                <vehicle id="cfm_slow_0" pos="47.39" speed="47.00"/>
            </lane>
        </edge>
        <edge id="top">
            <lane id="top_0">
                <vehicle id="cfm_slow_1" pos="37.39" speed="47.00"/>
            </lane>
        </edge>
    </timestep>
    <timestep time="25.20">
        <edge id="bottom">
            <lane id="bottom_0">
                <vehicle id="cfm_slow_3" pos="22.09" speed="47.00"/>
            </lane>
        </edge>
        <edge id="left">
            <lane id="left_0">
                <vehicle id="cfm_slow_2" pos="32.09" speed="47.00"/>
            </lane>
        </edge>
        <edge id="right">
            <lane id="right_0">
                <vehicle id="cfm_slow_4" pos="12.09" speed="47.00"/>
            </lane>
        </edge>
        <edge id="top">
            <lane id="top_0">
                <vehicle id="cfm_slow_0" pos="2.09" speed="47.00"/>
                <vehicle id="cfm_slow_1" pos="42.09" speed="47.00"/>
            </lane>
        </edge>
    </timestep>
    <timestep time="25.30">
        <edge id="bottom">
            <lane id="bottom_0">
                <vehicle id="cfm_slow_3" pos="26.79" speed="47.00"/>
            </lane>
        </edge>
        <edge id="left">
            <lane id="left_0">
                <vehicle id="cfm_slow_2" pos="36.79" speed="47.00"/>
            </lane>
        </edge>
        <edge id="right">
            <lane id="right_0">
                <vehicle id="cfm_slow_4" pos="16.79" speed="47.00"/>
            </lane>
        </edge>
        <edge id="top">
            <lane id="top_0">
                <vehicle id="cfm_slow_0" pos="6.79" speed="47.00"/>
                <vehicle id="cfm_slow_1" pos="46.79" speed="47.00"/>
            </lane>
        </edge>
    </timestep>
    <timestep time="25.40">
        <edge id="bottom">
            <lane id="bottom_0">
                <vehicle id="cfm_slow_3" pos="31.49" speed="47.00"/>
            </lane>
        </edge>
        <edge id="left">
            <lane id="left_0">
                <vehicle id="cfm_slow_1" pos="1.49" speed="47.00"/>
                <vehicle id="cfm_slow_2" pos="41.49" speed="47.00"/>
            </lane>
        </edge>
        <edge id="right">
            <lane id="right_0">
                <vehicle id="cfm_slow_4" pos="21.49" speed="47.00"/>
            </lane>
        </edge>
        <edge id="top">
            <lane id="top_0">
                <vehicle id="cfm_slow_0" pos="11.49" speed="47.00"/>
            </lane>
        </edge>
    </timestep>
    <timestep time="25.50">
        <edge id="bottom">
            <lane id="bottom_0">
                <vehicle id="cfm_slow_3" pos="36.19" speed="47.00"/>
            </lane>
        </edge>
        <edge id="left">
            <lane id="left_0">
                <vehicle id="cfm_slow_1" pos="6.19" speed="47.00"/>
                <vehicle id="cfm_slow_2" pos="46.19" speed="47.00"/>
            </lane>
        </edge>
        <edge id="right">
            <lane id="right_0">
                <vehicle id="cfm_slow_4" pos="26.19" speed="47.00"/>
            </lane>
        </edge>
        <edge id="top">
            <lane id="top_0">
                <vehicle id="cfm_slow_0" pos="16.19" speed="47.00"/>
            </lane>
        </edge>
    </timestep>
    <timestep time="25.60">
        <edge id="bottom">
            <lane id="bottom_0">
                <vehicle id="cfm_slow_2" pos="0.89" speed="47.00"/>
                <vehicle id="cfm_slow_3" pos="40.89" speed="47.00"/>
            </lane>
        </edge>
        <edge id="left">
            <lane id="left_0">
                <vehicle id="cfm_slow_1" pos="10.89" speed="47.00"/>
            </lane>
        </edge>
        <edge id="right">
            <lane id="right_0">
                <vehicle id="cfm_slow_4" pos="30.89" speed="47.00"/>
            </lane>
        </edge>
        <edge id="top">
            <lane id="top_0">
                <vehicle id="cfm_slow_0" pos="20.89" speed="47.00"/>
            </lane>
        </edge>
    </timestep>
    <timestep time="25.70">
        <edge id="bottom">
            <lane id="bottom_0">
                <vehicle id="cfm_slow_2" pos="5.59" speed="47.00"/>
                <vehicle id="cfm_slow_3" pos="45.59" speed="47.00"/>
            </lane>
        </edge>
        <edge id="left">
            <lane id="left_0">
                <vehicle id="cfm_slow_1" pos="15.59" speed="47.00"/>
            </lane>
        </edge>
        <edge id="right">
            <lane id="right_0">
                <vehicle id="cfm_slow_4" pos="35.59" speed="47.00"/>
            </lane>
        </edge>
        <edge id="top">
            <lane id="top_0">
                <vehicle id="cfm_slow_0" pos="25.59" speed="47.00"/>
            </lane>
        </edge>
    </timestep>
    <timestep time="25.80">
        <edge id="bottom">
            <lane id="bottom_0">
                <vehicle id="cfm_slow_2" pos="10.29" speed="47.00"/>
            </lane>
        </edge>
        <edge id="left">
            <lane id="left_0">
                <vehicle id="cfm_slow_1" pos="20.29" speed="47.00"/>
            </lane>
        </edge>
        <edge id="right">
            <lane id="right_0">
                <vehicle id="cfm_slow_3" pos="0.29" speed="47.00"/>
                <vehicle id="cfm_slow_4" pos="40.29" speed="47.00"/>
            </lane>
        </edge>
        <edge id="top">
            <lane id="top_0">
                <vehicle id="cfm_slow_0" pos="30.29" speed="47.00"/>
            </lane>
        </edge>
    </timestep>
    <timestep time="25.90">
        <edge id="bottom">
            <lane id="bottom_0">
                <vehicle id="cfm_slow_2" pos="14.99" speed="47.00"/>
            </lane>
        </edge>
        <edge id="left">
            <lane id="left_0">
                <vehicle id="cfm_slow_1" pos="24.99" speed="47.00"/>
            </lane>
        </edge>
        <edge id="right">
            <lane id="right_0">
                <vehicle id="cfm_slow_3" pos="4.99" speed="47.00"/>
                <vehicle id="cfm_slow_4" pos="44.99" speed="47.00"/>
            </lane>
        </edge>
        <edge id="top">
            <lane id="top_0">
                <vehicle id="cfm_slow_0" pos="34.99" speed="47.00"/>
            </lane>
        </edge>
    </timestep>
    <timestep time="26.00">
        <edge id="bottom">
            <lane id="bottom_0">
                <vehicle id="cfm_slow_2" pos="19.69" speed="47.00"/>
            </lane>
        </edge>
        <edge id="left">
            <lane id="left_0">
                <vehicle id="cfm_slow_1" pos="29.69" speed="47.00"/>
            </lane>
        </edge>
        <edge id="right">
            <lane id="right_0">
                <vehicle id="cfm_slow_3" pos="9.69" speed="47.00"/>
                <vehicle id="cfm_slow_4" pos="49.69" speed="47.00"/>
            </lane>
        </edge>
        <edge id="top">
            <lane id="top_0">
                <vehicle id="cfm_slow_0" pos="39.69" speed="47.00"/>
            </lane>
        </edge>
    </timestep>
    <timestep time="26.10">
        <edge id="bottom">
            <lane id="bottom_0">
                <vehicle id="cfm_slow_2" pos="24.39" speed="47.00"/>
            </lane>
        </edge>
        <edge id="left">
            <lane id="left_0">
                <vehicle id="cfm_slow_1" pos="34.39" speed="47.00"/>
            </lane>
        </edge>
        <edge id="right">
            <lane id="right_0">
                <vehicle id="cfm_slow_3" pos="14.39" speed="47.00"/>
            </lane>
        </edge>
        <edge id="top">
            <lane id="top_0">
                <vehicle id="cfm_slow_4" pos="4.39" speed="47.00"/>
                <vehicle id="cfm_slow_0" pos="44.39" speed="47.00"/>
            </lane>
        </edge>
    </timestep>
    <timestep time="26.20">
        <edge id="bottom">
            <lane id="bottom_0">
                <vehicle id="cfm_slow_2" pos="29.09" speed="47.00"/>
            </lane>
        </edge>
        <edge id="left">
            <lane id="left_0">
                <vehicle id="cfm_slow_1" pos="39.09" speed="47.00"/>
            </lane>
        </edge>
        <edge id="right">
            <lane id="right_0">
                <vehicle id="cfm_slow_3" pos="19.09" speed="47.00"/>
            </lane>
        </edge>
        <edge id="top">
            <lane id="top_0">
                <vehicle id="cfm_slow_4" pos="9.09" speed="47.00"/>
                <vehicle id="cfm_slow_0" pos="49.09" speed="47.00"/>
            </lane>
        </edge>
    </timestep>
    <timestep time="26.30">
        <edge id="bottom">
            <lane id="bottom_0">
                <vehicle id="cfm_slow_2" pos="33.79" speed="47.00"/>
            </lane>
        </edge>
        <edge id="left">
            <lane id="left_0">
                <vehicle id="cfm_slow_0" pos="3.79" speed="47.00"/>
                <vehicle id="cfm_slow_1" pos="43.79" speed="47.00"/>
            </lane>
        </edge>
        <edge id="right">
            <lane id="right_0">
                <vehicle id="cfm_slow_3" pos="23.79" speed="47.00"/>
            </lane>
        </edge>
        <edge id="top">
            <lane id="top_0">
                <vehicle id="cfm_slow_4" pos="13.79" speed="47.00"/>
            </lane>
        </edge>
    </timestep>
    <timestep time="26.40">
        <edge id="bottom">
            <lane id="bottom_0">
                <vehicle id="cfm_slow_2" pos="38.49" speed="47.00"/>
            </lane>
        </edge>
        <edge id="left">
            <lane id="left_0">
                <vehicle id="cfm_slow_0" pos="8.49" speed="47.00"/>
                <vehicle id="cfm_slow_1" pos="48.49" speed="47.00"/>
            </lane>
        </edge>
        <edge id="right">
            <lane id="right_0">
                <vehicle id="cfm_slow_3" pos="28.49" speed="47.00"/>
            </lane>
        </edge>
        <edge id="top">
            <lane id="top_0">
                <vehicle id="cfm_slow_4" pos="18.49" speed="47.00"/>
            </lane>
        </edge>
    </timestep>
    <timestep time="26.50">
        <edge id="bottom">
            <lane id="bottom_0">
                <vehicle id="cfm_slow_1" pos="3.19" speed="47.00"/>
                <vehicle id="cfm_slow_2" pos="43.19" speed="47.00"/>
            </lane>
        </edge>
        <edge id="left">
            <lane id="left_0">
                <vehicle id="cfm_slow_0" pos="13.19" speed="47.00"/>
            </lane>
        </edge>
        <edge id="right">
            <lane id="right_0">
                <vehicle id="cfm_slow_3" pos="33.19" speed="47.00"/>
            </lane>
        </edge>
        <edge id="top">
            <lane id="top_0">
                <vehicle id="cfm_slow_4" pos="23.19" speed="47.00"/>
            </lane>
        </edge>
    </timestep>
    <timestep time="26.60">
        <edge id="bottom">
            <lane id="bottom_0">
                <vehicle id="cfm_slow_1" pos="7.89" speed="47.00"/>
                <vehicle id="cfm_slow_2" pos="47.89" speed="47.00"/>
            </lane>
        </edge>
        <edge id="left">
            <lane id="left_0">
                <vehicle id="cfm_slow_0" pos="17.89" speed="47.00"/>
            </lane>
        </edge>
        <edge id="right">
            <lane id="right_0">
                <vehicle id="cfm_slow_3" pos="37.89" speed="47.00"/>
            </lane>
        </edge>
        <edge id="top">
            <lane id="top_0">
                <vehicle id="cfm_slow_4" pos="27.89" speed="47.00"/>
            </lane>
        </edge>
    </timestep>
    <timestep time="26.70">
        <edge id="bottom">
            <lane id="bottom_0">
                <vehicle id="cfm_slow_1" pos="12.59" speed="47.00"/>
            </lane>
        </edge>
        <edge id="left">
            <lane id="left_0">
                <vehicle id="cfm_slow_0" pos="22.59" speed="47.00"/>
            </lane>
        </edge>
        <edge id="right">
            <lane id="right_0">
                <vehicle id="cfm_slow_2" pos="2.59" speed="47.00"/>
                <vehicle id="cfm_slow_3" pos="42.59" speed="47.00"/>
            </lane>
        </edge>
        <edge id="top">
            <lane id="top_0">
                <vehicle id="cfm_slow_4" pos="32.59" speed="47.00"/>
            </lane>
        </edge>
    </timestep>
    <timestep time="26.80">
        <edge id="bottom">
            <lane id="bottom_0">
                <vehicle id="cfm_slow_1" pos="17.29" speed="47.00"/>
            </lane>
        </edge>
        <edge id="left">
            <lane id="left_0">
                <vehicle id="cfm_slow_0" pos="27.29" speed="47.00"/>
            </lane>
        </edge>
        <edge id="right">
            <lane id="right_0">
                <vehicle id="cfm_slow_2" pos="7.29" speed="47.00"/>
                <vehicle id="cfm_slow_3" pos="47.29" speed="47.00"/>
            </lane>
        </edge>
        <edge id="top">
            <lane id="top_0">
                <vehicle id="cfm_slow_4" pos="37.29" speed="47.00"/>
            </lane>
        </edge>
    </timestep>
    <timestep time="26.90">
        <edge id="bottom">
            <lane id="bottom_0">
                <vehicle id="cfm_slow_1" pos="21.99" speed="47.00"/>
            </lane>
        </edge>
        <edge id="left">
            <lane id="left_0">
                <vehicle id="cfm_slow_0" pos="31.99" speed="47.00"/>
            </lane>
        </edge>
        <edge id="right">
            <lane id="right_0">
                <vehicle id="cfm_slow_2" pos="11.99" speed="47.00"/>
            </lane>
        </edge>
        <edge id="top">
            <lane id="top_0">
                <vehicle id="cfm_slow_3" pos="1.99" speed="47.00"/>
                <vehicle id="cfm_slow_4" pos="41.99" speed="47.00"/>
            </lane>
        </edge>
    </timestep>
    <timestep time="27.00">
        <edge id="bottom">
            <lane id="bottom_0">
                <vehicle id="cfm_slow_1" pos="26.69" speed="47.00"/>
            </lane>
        </edge>
        <edge id="left">
            <lane id="left_0">
                <vehicle id="cfm_slow_0" pos="36.69" speed="47.00"/>
            </lane>
        </edge>
        <edge id="right">
            <lane id="right_0">
                <vehicle id="cfm_slow_2" pos="16.69" speed="47.00"/>
            </lane>
        </edge>
        <edge id="top">
            <lane id="top_0">
                <vehicle id="cfm_slow_3" pos="6.69" speed="47.00"/>
                <vehicle id="cfm_slow_4" pos="46.69" speed="47.00"/>
            </lane>
        </edge>
    </timestep>
    <timestep time="27.10">
        <edge id="bottom">
            <lane id="bottom_0">
                <vehicle id="cfm_slow_1" pos="31.39" speed="47.00"/>
            </lane>
        </edge>
        <edge id="left">
            <lane id="left_0">
                <vehicle id="cfm_slow_4" pos="1.39" speed="47.00"/>
                <vehicle id="cfm_slow_0" pos="41.39" speed="47.00"/>
            </lane>
        </edge>
        <edge id="right">
            <lane id="right_0">
                <vehicle id="cfm_slow_2" pos="21.39" speed="47.00"/>
            </lane>
        </edge>
        <edge id="top">
            <lane id="top_0">
                <vehicle id="cfm_slow_3" pos="11.39" speed="47.00"/>
            </lane>
        </edge>
    </timestep>
    <timestep time="27.20">
        <edge id="bottom">
            <lane id="bottom_0">
                <vehicle id="cfm_slow_1" pos="36.09" speed="47.00"/>
            </lane>
        </edge>
        <edge id="left">
            <lane id="left_0">
                <vehicle id="cfm_slow_4" pos="6.09" speed="47.00"/>
                <vehicle id="cfm_slow_0" pos="46.09" speed="47.00"/>
            </lane>
        </edge>
        <edge id="right">
            <lane id="right_0">
                <vehicle id="cfm_slow_2" pos="26.09" speed="47.00"/>
            </lane>
        </edge>
        <edge id="top">
            <lane id="top_0">
                <vehicle id="cfm_slow_3" pos="16.09" speed="47.00"/>
            </lane>
        </edge>
    </timestep>
    <timestep time="27.30">
        <edge id="bottom">
            <lane id="bottom_0">
                <vehicle id="cfm_slow_0" pos="0.79" speed="47.00"/>
                <vehicle id="cfm_slow_1" pos="40.79" speed="47.00"/>
            </lane>
        </edge>
        <edge id="left">
            <lane id="left_0">
                <vehicle id="cfm_slow_4" pos="10.79" speed="47.00"/>
            </lane>
        </edge>
        <edge id="right">
            <lane id="right_0">
                <vehicle id="cfm_slow_2" pos="30.79" speed="47.00"/>
            </lane>
        </edge>
        <edge id="top">
            <lane id="top_0">
                <vehicle id="cfm_slow_3" pos="20.79" speed="47.00"/>
            </lane>
        </edge>
    </timestep>
    <timestep time="27.40">
        <edge id="bottom">
            <lane id="bottom_0">
                <vehicle id="cfm_slow_0" pos="5.49" speed="47.00"/>
                <vehicle id="cfm_slow_1" pos="45.49" speed="47.00"/>
            </lane>
        </edge>
        <edge id="left">
            <lane id="left_0">
                <vehicle id="cfm_slow_4" pos="15.49" speed="47.00"/>
            </lane>
        </edge>
        <edge id="right">
            <lane id="right_0">
                <vehicle id="cfm_slow_2" pos="35.49" speed="47.00"/>
            </lane>
        </edge>
        <edge id="top">
            <lane id="top_0">
                <vehicle id="cfm_slow_3" pos="25.49" speed="47.00"/>
            </lane>
        </edge>
    </timestep>
    <timestep time="27.50">
        <edge id="bottom">
            <lane id="bottom_0">
                <vehicle id="cfm_slow_0" pos="10.19" speed="47.00"/>
            </lane>
        </edge>
        <edge id="left">
            <lane id="left_0">
                <vehicle id="cfm_slow_4" pos="20.19" speed="47.00"/>
            </lane>
        </edge>
        <edge id="right">
            <lane id="right_0">
                <vehicle id="cfm_slow_1" pos="0.19" speed="47.00"/>
                <vehicle id="cfm_slow_2" pos="40.19" speed="47.00"/>
            </lane>
        </edge>
        <edge id="top">
            <lane id="top_0">
                <vehicle id="cfm_slow_3" pos="30.19" speed="47.00"/>
            </lane>
        </edge>
    </timestep>
    <timestep time="27.60">
        <edge id="bottom">
            <lane id="bottom_0">
                <vehicle id="cfm_slow_0" pos="14.89" speed="47.00"/>
            </lane>
        </edge>
        <edge id="left">
            <lane id="left_0">
                <vehicle id="cfm_slow_4" pos="24.89" speed="47.00"/>
            </lane>
        </edge>
        <edge id="right">
            <lane id="right_0">
                <vehicle id="cfm_slow_1" pos="4.89" speed="47.00"/>
                <vehicle id="cfm_slow_2" pos="44.89" speed="47.00"/>
            </lane>
        </edge>
        <edge id="top">
            <lane id="top_0">
                <vehicle id="cfm_slow_3" pos="34.89" speed="47.00"/>
            </lane>
        </edge>
    </timestep>
    <timestep time="27.70">
        <edge id="bottom">
            <lane id="bottom_0">
                <vehicle id="cfm_slow_0" pos="19.59" speed="47.00"/>
            </lane>
        </edge>
        <edge id="left">
            <lane id="left_0">
                <vehicle id="cfm_slow_4" pos="29.59" speed="47.00"/>
            </lane>
        </edge>
        <edge id="right">
            <lane id="right_0">
                <vehicle id="cfm_slow_1" pos="9.59" speed="47.00"/>
                <vehicle id="cfm_slow_2" pos="49.59" speed="47.00"/>
            </lane>
        </edge>
        <edge id="top">
            <lane id="top_0">
                <vehicle id="cfm_slow_3" pos="39.59" speed="47.00"/>
            </lane>
        </edge>
    </timestep>
    <timestep time="27.80">
        <edge id="bottom">
            <lane id="bottom_0">
                <vehicle id="cfm_slow_0" pos="24.29" speed="47.00"/>
            </lane>
        </edge>
        <edge id="left">
            <lane id="left_0">
                <vehicle id="cfm_slow_4" pos="34.29" speed="47.00"/>
            </lane>
        </edge>
        <edge id="right">
            <lane id="right_0">
                <vehicle id="cfm_slow_1" pos="14.29" speed="47.00"/>
            </lane>
        </edge>
        <edge id="top">
            <lane id="top_0">
                <vehicle id="cfm_slow_2" pos="4.29" speed="47.00"/>
                <vehicle id="cfm_slow_3" pos="44.29" speed="47.00"/>
            </lane>
        </edge>
    </timestep>
    <timestep time="27.90">
        <edge id="bottom">
            <lane id="bottom_0">
                <vehicle id="cfm_slow_0" pos="28.99" speed="47.00"/>
            </lane>
        </edge>
        <edge id="left">
            <lane id="left_0">
                <vehicle id="cfm_slow_4" pos="38.99" speed="47.00"/>
            </lane>
        </edge>
        <edge id="right">
            <lane id="right_0">
                <vehicle id="cfm_slow_1" pos="18.99" speed="47.00"/>
            </lane>
        </edge>
        <edge id="top">
            <lane id="top_0">
                <vehicle id="cfm_slow_2" pos="8.99" speed="47.00"/>
                <vehicle id="cfm_slow_3" pos="48.99" speed="47.00"/>
            </lane>
        </edge>
    </timestep>
    <timestep time="28.00">
        <edge id="bottom">
            <lane id="bottom_0">
                <vehicle id="cfm_slow_0" pos="33.69" speed="47.00"/>
            </lane>
        </edge>
        <edge id="left">
            <lane id="left_0">
                <vehicle id="cfm_slow_3" pos="3.69" speed="47.00"/>
                <vehicle id="cfm_slow_4" pos="43.69" speed="47.00"/>
            </lane>
        </edge>
        <edge id="right">
            <lane id="right_0">
                <vehicle id="cfm_slow_1" pos="23.69" speed="47.00"/>
            </lane>
        </edge>
        <edge id="top">
            <lane id="top_0">
                <vehicle id="cfm_slow_2" pos="13.69" speed="47.00"/>
            </lane>
        </edge>
    </timestep>
    <timestep time="28.10">
        <edge id="bottom">
            <lane id="bottom_0">
                <vehicle id="cfm_slow_0" pos="38.39" speed="47.00"/>
            </lane>
        </edge>
        <edge id="left">
            <lane id="left_0">
                <vehicle id="cfm_slow_3" pos="8.39" speed="47.00"/>
                <vehicle id="cfm_slow_4" pos="48.39" speed="47.00"/>
            </lane>
        </edge>
        <edge id="right">
            <lane id="right_0">
                <vehicle id="cfm_slow_1" pos="28.39" speed="47.00"/>
            </lane>
        </edge>
        <edge id="top">
            <lane id="top_0">
                <vehicle id="cfm_slow_2" pos="18.39" speed="47.00"/>
            </lane>
        </edge>
    </timestep>
    <timestep time="28.20">
        <edge id="bottom">
            <lane id="bottom_0">
                <vehicle id="cfm_slow_4" pos="3.09" speed="47.00"/>
                <vehicle id="cfm_slow_0" pos="43.09" speed="47.00"/>
            </lane>
        </edge>
        <edge id="left">
            <lane id="left_0">
                <vehicle id="cfm_slow_3" pos="13.09" speed="47.00"/>
            </lane>
        </edge>
        <edge id="right">
            <lane id="right_0">
                <vehicle id="cfm_slow_1" pos="33.09" speed="47.00"/>
            </lane>
        </edge>
        <edge id="top">
            <lane id="top_0">
                <vehicle id="cfm_slow_2" pos="23.09" speed="47.00"/>
            </lane>
        </edge>
    </timestep>
    <timestep time="28.30">
        <edge id="bottom">
            <lane id="bottom_0">
                <vehicle id="cfm_slow_4" pos="7.79" speed="47.00"/>
                <vehicle id="cfm_slow_0" pos="47.79" speed="47.00"/>
            </lane>
        </edge>
        <edge id="left">
            <lane id="left_0">
                <vehicle id="cfm_slow_3" pos="17.79" speed="47.00"/>
            </lane>
        </edge>
        <edge id="right">
            <lane id="right_0">
                <vehicle id="cfm_slow_1" pos="37.79" speed="47.00"/>
            </lane>
        </edge>
        <edge id="top">
            <lane id="top_0">
                <vehicle id="cfm_slow_2" pos="27.79" speed="47.00"/>
            </lane>
        </edge>
    </timestep>
    <timestep time="28.40">
        <edge id="bottom">
            <lane id="bottom_0">
                <vehicle id="cfm_slow_4" pos="12.49" speed="47.00"/>
            </lane>
        </edge>
        <edge id="left">
            <lane id="left_0">
                <vehicle id="cfm_slow_3" pos="22.49" speed="47.00"/>
            </lane>
        </edge>
        <edge id="right">
            <lane id="right_0">
                <vehicle id="cfm_slow_0" pos="2.49" speed="47.00"/>
                <vehicle id="cfm_slow_1" pos="42.49" speed="47.00"/>
            </lane>
        </edge>
        <edge id="top">
            <lane id="top_0">
                <vehicle id="cfm_slow_2" pos="32.49" speed="47.00"/>
            </lane>
        </edge>
    </timestep>
    <timestep time="28.50">
        <edge id="bottom">
            <lane id="bottom_0">
                <vehicle id="cfm_slow_4" pos="17.19" speed="47.00"/>
            </lane>
        </edge>
        <edge id="left">
            <lane id="left_0">
                <vehicle id="cfm_slow_3" pos="27.19" speed="47.00"/>
            </lane>
        </edge>
        <edge id="right">
            <lane id="right_0">
                <vehicle id="cfm_slow_0" pos="7.19" speed="47.00"/>
                <vehicle id="cfm_slow_1" pos="47.19" speed="47.00"/>
            </lane>
        </edge>
        <edge id="top">
            <lane id="top_0">
                <vehicle id="cfm_slow_2" pos="37.19" speed="47.00"/>
            </lane>
        </edge>
    </timestep>
    <timestep time="28.60">
        <edge id="bottom">
            <lane id="bottom_0">
                <vehicle id="cfm_slow_4" pos="21.89" speed="47.00"/>
            </lane>
        </edge>
        <edge id="left">
            <lane id="left_0">
                <vehicle id="cfm_slow_3" pos="31.89" speed="47.00"/>
            </lane>
        </edge>
        <edge id="right">
            <lane id="right_0">
                <vehicle id="cfm_slow_0" pos="11.89" speed="47.00"/>
            </lane>
        </edge>
        <edge id="top">
            <lane id="top_0">
                <vehicle id="cfm_slow_1" pos="1.89" speed="47.00"/>
                <vehicle id="cfm_slow_2" pos="41.89" speed="47.00"/>
            </lane>
        </edge>
    </timestep>
    <timestep time="28.70">
        <edge id="bottom">
            <lane id="bottom_0">
                <vehicle id="cfm_slow_4" pos="26.59" speed="47.00"/>
            </lane>
        </edge>
        <edge id="left">
            <lane id="left_0">
                <vehicle id="cfm_slow_3" pos="36.59" speed="47.00"/>
            </lane>
        </edge>
        <edge id="right">
            <lane id="right_0">
                <vehicle id="cfm_slow_0" pos="16.59" speed="47.00"/>
            </lane>
        </edge>
        <edge id="top">
            <lane id="top_0">
                <vehicle id="cfm_slow_1" pos="6.59" speed="47.00"/>
                <vehicle id="cfm_slow_2" pos="46.59" speed="47.00"/>
            </lane>
        </edge>
    </timestep>
    <timestep time="28.80">
        <edge id="bottom">
            <lane id="bottom_0">
                <vehicle id="cfm_slow_4" pos="31.29" speed="47.00"/>
            </lane>
        </edge>
        <edge id="left">
            <lane id="left_0">
                <vehicle id="cfm_slow_2" pos="1.29" speed="47.00"/>
                <vehicle id="cfm_slow_3" pos="41.29" speed="47.00"/>
            </lane>
        </edge>
        <edge id="right">
            <lane id="right_0">
                <vehicle id="cfm_slow_0" pos="21.29" speed="47.00"/>
            </lane>
        </edge>
        <edge id="top">
            <lane id="top_0">
                <vehicle id="cfm_slow_1" pos="11.29" speed="47.00"/>
            </lane>
        </edge>
    </timestep>
    <timestep time="28.90">
        <edge id="bottom">
            <lane id="bottom_0">
                <vehicle id="cfm_slow_4" pos="35.99" speed="47.00"/>
            </lane>
        </edge>
        <edge id="left">
            <lane id="left_0">
                <vehicle id="cfm_slow_2" pos="5.99" speed="47.00"/>
                <vehicle id="cfm_slow_3" pos="45.99" speed="47.00"/>
            </lane>
        </edge>
        <edge id="right">
            <lane id="right_0">
                <vehicle id="cfm_slow_0" pos="25.99" speed="47.00"/>
            </lane>
        </edge>
        <edge id="top">
            <lane id="top_0">
                <vehicle id="cfm_slow_1" pos="15.99" speed="47.00"/>
            </lane>
        </edge>
    </timestep>
    <timestep time="29.00">
        <edge id="bottom">
            <lane id="bottom_0">
                <vehicle id="cfm_slow_3" pos="0.69" speed="47.00"/>
                <vehicle id="cfm_slow_4" pos="40.69" speed="47.00"/>
            </lane>
        </edge>
        <edge id="left">
            <lane id="left_0">
                <vehicle id="cfm_slow_2" pos="10.69" speed="47.00"/>
            </lane>
        </edge>
        <edge id="right">
            <lane id="right_0">
                <vehicle id="cfm_slow_0" pos="30.69" speed="47.00"/>
            </lane>
        </edge>
        <edge id="top">
            <lane id="top_0">
                <vehicle id="cfm_slow_1" pos="20.69" speed="47.00"/>
            </lane>
        </edge>
    </timestep>
    <timestep time="29.10">
        <edge id="bottom">
            <lane id="bottom_0">
                <vehicle id="cfm_slow_3" pos="5.39" speed="47.00"/>
                <vehicle id="cfm_slow_4" pos="45.39" speed="47.00"/>
            </lane>
        </edge>
        <edge id="left">
            <lane id="left_0">
                <vehicle id="cfm_slow_2" pos="15.39" speed="47.00"/>
            </lane>
        </edge>
        <edge id="right">
            <lane id="right_0">
                <vehicle id="cfm_slow_0" pos="35.39" speed="47.00"/>
            </lane>
        </edge>
        <edge id="top">
            <lane id="top_0">
                <vehicle id="cfm_slow_1" pos="25.39" speed="47.00"/>
            </lane>
        </edge>
    </timestep>
    <timestep time="29.20">
        <edge id="bottom">
            <lane id="bottom_0">
                <vehicle id="cfm_slow_3" pos="10.09" speed="47.00"/>
            </lane>
        </edge>
        <edge id="left">
            <lane id="left_0">
                <vehicle id="cfm_slow_2" pos="20.09" speed="47.00"/>
            </lane>
        </edge>
        <edge id="right">
            <lane id="right_0">
                <vehicle id="cfm_slow_4" pos="0.09" speed="47.00"/>
                <vehicle id="cfm_slow_0" pos="40.09" speed="47.00"/>
            </lane>
        </edge>
        <edge id="top">
            <lane id="top_0">
                <vehicle id="cfm_slow_1" pos="30.09" speed="47.00"/>
            </lane>
        </edge>
    </timestep>
    <timestep time="29.30">
        <edge id="bottom">
            <lane id="bottom_0">
                <vehicle id="cfm_slow_3" pos="14.79" speed="47.00"/>
            </lane>
        </edge>
        <edge id="left">
            <lane id="left_0">
                <vehicle id="cfm_slow_2" pos="24.79" speed="47.00"/>
            </lane>
        </edge>
        <edge id="right">
            <lane id="right_0">
                <vehicle id="cfm_slow_4" pos="4.79" speed="47.00"/>
                <vehicle id="cfm_slow_0" pos="44.79" speed="47.00"/>
            </lane>
        </edge>
        <edge id="top">
            <lane id="top_0">
                <vehicle id="cfm_slow_1" pos="34.79" speed="47.00"/>
            </lane>
        </edge>
    </timestep>
    <timestep time="29.40">
        <edge id="bottom">
            <lane id="bottom_0">
                <vehicle id="cfm_slow_3" pos="19.49" speed="47.00"/>
            </lane>
        </edge>
        <edge id="left">
            <lane id="left_0">
                <vehicle id="cfm_slow_2" pos="29.49" speed="47.00"/>
            </lane>
        </edge>
        <edge id="right">
            <lane id="right_0">
                <vehicle id="cfm_slow_4" pos="9.49" speed="47.00"/>
                <vehicle id="cfm_slow_0" pos="49.49" speed="47.00"/>
            </lane>
        </edge>
        <edge id="top">
            <lane id="top_0">
                <vehicle id="cfm_slow_1" pos="39.49" speed="47.00"/>
            </lane>
        </edge>
    </timestep>
    <timestep time="29.50">
        <edge id="bottom">
            <lane id="bottom_0">
                <vehicle id="cfm_slow_3" pos="24.19" speed="47.00"/>
            </lane>
        </edge>
        <edge id="left">
            <lane id="left_0">
                <vehicle id="cfm_slow_2" pos="34.19" speed="47.00"/>
            </lane>
        </edge>
        <edge id="right">
            <lane id="right_0">
                <vehicle id="cfm_slow_4" pos="14.19" speed="47.00"/>
            </lane>
        </edge>
        <edge id="top">
            <lane id="top_0">
                <vehicle id="cfm_slow_0" pos="4.19" speed="47.00"/>
                <vehicle id="cfm_slow_1" pos="44.19" speed="47.00"/>
            </lane>
        </edge>
    </timestep>
    <timestep time="29.60">
        <edge id="bottom">
            <lane id="bottom_0">
                <vehicle id="cfm_slow_3" pos="28.89" speed="47.00"/>
            </lane>
        </edge>
        <edge id="left">
            <lane id="left_0">
                <vehicle id="cfm_slow_2" pos="38.89" speed="47.00"/>
            </lane>
        </edge>
        <edge id="right">
            <lane id="right_0">
                <vehicle id="cfm_slow_4" pos="18.89" speed="47.00"/>
            </lane>
        </edge>
        <edge id="top">
            <lane id="top_0">
                <vehicle id="cfm_slow_0" pos="8.89" speed="47.00"/>
                <vehicle id="cfm_slow_1" pos="48.89" speed="47.00"/>
            </lane>
        </edge>
    </timestep>
    <timestep time="29.70">
        <edge id="bottom">
            <lane id="bottom_0">
                <vehicle id="cfm_slow_3" pos="33.59" speed="47.00"/>
            </lane>
        </edge>
        <edge id="left">
            <lane id="left_0">
                <vehicle id="cfm_slow_1" pos="3.59" speed="47.00"/>
                <vehicle id="cfm_slow_2" pos="43.59" speed="47.00"/>
            </lane>
        </edge>
        <edge id="right">
            <lane id="right_0">
                <vehicle id="cfm_slow_4" pos="23.59" speed="47.00"/>
            </lane>
        </edge>
        <edge id="top">
            <lane id="top_0">
                <vehicle id="cfm_slow_0" pos="13.59" speed="47.00"/>
            </lane>
        </edge>
    </timestep>
    <timestep time="29.80">
        <edge id="bottom">
            <lane id="bottom_0">
                <vehicle id="cfm_slow_3" pos="38.29" speed="47.00"/>
            </lane>
        </edge>
        <edge id="left">
            <lane id="left_0">
                <vehicle id="cfm_slow_1" pos="8.29" speed="47.00"/>
                <vehicle id="cfm_slow_2" pos="48.29" speed="47.00"/>
            </lane>
        </edge>
        <edge id="right">
            <lane id="right_0">
                <vehicle id="cfm_slow_4" pos="28.29" speed="47.00"/>
            </lane>
        </edge>
        <edge id="top">
            <lane id="top_0">
                <vehicle id="cfm_slow_0" pos="18.29" speed="47.00"/>
            </lane>
        </edge>
    </timestep>
    <timestep time="29.90">
        <edge id="bottom">
            <lane id="bottom_0">
                <vehicle id="cfm_slow_2" pos="2.99" speed="47.00"/>
                <vehicle id="cfm_slow_3" pos="42.99" speed="47.00"/>
            </lane>
        </edge>
        <edge id="left">
            <lane id="left_0">
                <vehicle id="cfm_slow_1" pos="12.99" speed="47.00"/>
            </lane>
        </edge>
        <edge id="right">
            <lane id="right_0">
                <vehicle id="cfm_slow_4" pos="32.99" speed="47.00"/>
            </lane>
        </edge>
        <edge id="top">
            <lane id="top_0">
                <vehicle id="cfm_slow_0" pos="22.99" speed="47.00"/>
            </lane>
        </edge>
    </timestep>
    <timestep time="30.00">
        <edge id="bottom">
            <lane id="bottom_0">
                <vehicle id="cfm_slow_2" pos="7.69" speed="47.00"/>
                <vehicle id="cfm_slow_3" pos="47.69" speed="47.00"/>
            </lane>
        </edge>
        <edge id="left">
            <lane id="left_0">
                <vehicle id="cfm_slow_1" pos="17.69" speed="47.00"/>
            </lane>
        </edge>
        <edge id="right">
            <lane id="right_0">
                <vehicle id="cfm_slow_4" pos="37.69" speed="47.00"/>
            </lane>
        </edge>
        <edge id="top">
            <lane id="top_0">
                <vehicle id="cfm_slow_0" pos="27.69" speed="47.00"/>
            </lane>
        </edge>
    </timestep>
    <timestep time="30.10">
        <edge id="bottom">
            <lane id="bottom_0">
                <vehicle id="cfm_slow_2" pos="12.39" speed="47.00"/>
            </lane>
        </edge>
        <edge id="left">
            <lane id="left_0">
                <vehicle id="cfm_slow_1" pos="22.39" speed="47.00"/>
            </lane>
        </edge>
        <edge id="right">
            <lane id="right_0">
                <vehicle id="cfm_slow_3" pos="2.39" speed="47.00"/>
                <vehicle id="cfm_slow_4" pos="42.39" speed="47.00"/>
            </lane>
        </edge>
        <edge id="top">
            <lane id="top_0">
                <vehicle id="cfm_slow_0" pos="32.39" speed="47.00"/>
            </lane>
        </edge>
    </timestep>
    <timestep time="30.20">
        <edge id="bottom">
            <lane id="bottom_0">
                <vehicle id="cfm_slow_2" pos="17.09" speed="47.00"/>
            </lane>
        </edge>
        <edge id="left">
            <lane id="left_0">
                <vehicle id="cfm_slow_1" pos="27.09" speed="47.00"/>
            </lane>
        </edge>
        <edge id="right">
            <lane id="right_0">
                <vehicle id="cfm_slow_3" pos="7.09" speed="47.00"/>
                <vehicle id="cfm_slow_4" pos="47.09" speed="47.00"/>
            </lane>
        </edge>
        <edge id="top">
            <lane id="top_0">
                <vehicle id="cfm_slow_0" pos="37.09" speed="47.00"/>
            </lane>
        </edge>
    </timestep>
    <timestep time="30.30">
        <edge id="bottom">
            <lane id="bottom_0">
                <vehicle id="cfm_slow_2" pos="21.79" speed="47.00"/>
            </lane>
        </edge>
        <edge id="left">
            <lane id="left_0">
                <vehicle id="cfm_slow_1" pos="31.79" speed="47.00"/>
            </lane>
        </edge>
        <edge id="right">
            <lane id="right_0">
                <vehicle id="cfm_slow_3" pos="11.79" speed="47.00"/>
            </lane>
        </edge>
        <edge id="top">
            <lane id="top_0">
                <vehicle id="cfm_slow_4" pos="1.79" speed="47.00"/>
                <vehicle id="cfm_slow_0" pos="41.79" speed="47.00"/>
            </lane>
        </edge>
    </timestep>
    <timestep time="30.40">
        <edge id="bottom">
            <lane id="bottom_0">
                <vehicle id="cfm_slow_2" pos="26.49" speed="47.00"/>
            </lane>
        </edge>
        <edge id="left">
            <lane id="left_0">
                <vehicle id="cfm_slow_1" pos="36.49" speed="47.00"/>
            </lane>
        </edge>
        <edge id="right">
            <lane id="right_0">
                <vehicle id="cfm_slow_3" pos="16.49" speed="47.00"/>
            </lane>
        </edge>
        <edge id="top">
            <lane id="top_0">
                <vehicle id="cfm_slow_4" pos="6.49" speed="47.00"/>
                <vehicle id="cfm_slow_0" pos="46.49" speed="47.00"/>
            </lane>
        </edge>
    </timestep>
    <timestep time="30.50">
        <edge id="bottom">
            <lane id="bottom_0">
                <vehicle id="cfm_slow_2" pos="31.19" speed="47.00"/>
            </lane>
        </edge>
        <edge id="left">
            <lane id="left_0">
                <vehicle id="cfm_slow_0" pos="1.19" speed="47.00"/>
                <vehicle id="cfm_slow_1" pos="41.19" speed="47.00"/>
            </lane>
        </edge>
        <edge id="right">
            <lane id="right_0">
                <vehicle id="cfm_slow_3" pos="21.19" speed="47.00"/>
            </lane>
        </edge>
        <edge id="top">
            <lane id="top_0">
                <vehicle id="cfm_slow_4" pos="11.19" speed="47.00"/>
            </lane>
        </edge>
    </timestep>
    <timestep time="30.60">
        <edge id="bottom">
            <lane id="bottom_0">
                <vehicle id="cfm_slow_2" pos="35.89" speed="47.00"/>
            </lane>
        </edge>
        <edge id="left">
            <lane id="left_0">
                <vehicle id="cfm_slow_0" pos="5.89" speed="47.00"/>
                <vehicle id="cfm_slow_1" pos="45.89" speed="47.00"/>
            </lane>
        </edge>
        <edge id="right">
            <lane id="right_0">
                <vehicle id="cfm_slow_3" pos="25.89" speed="47.00"/>
            </lane>
        </edge>
        <edge id="top">
            <lane id="top_0">
                <vehicle id="cfm_slow_4" pos="15.89" speed="47.00"/>
            </lane>
        </edge>
    </timestep>
    <timestep time="30.70">
        <edge id="bottom">
            <lane id="bottom_0">
                <vehicle id="cfm_slow_1" pos="0.59" speed="47.00"/>
                <vehicle id="cfm_slow_2" pos="40.59" speed="47.00"/>
            </lane>
        </edge>
        <edge id="left">
            <lane id="left_0">
                <vehicle id="cfm_slow_0" pos="10.59" speed="47.00"/>
            </lane>
        </edge>
        <edge id="right">
            <lane id="right_0">
                <vehicle id="cfm_slow_3" pos="30.59" speed="47.00"/>
            </lane>
        </edge>
        <edge id="top">
            <lane id="top_0">
                <vehicle id="cfm_slow_4" pos="20.59" speed="47.00"/>
            </lane>
        </edge>
    </timestep>
    <timestep time="30.80">
        <edge id="bottom">
            <lane id="bottom_0">
                <vehicle id="cfm_slow_1" pos="5.29" speed="47.00"/>
                <vehicle id="cfm_slow_2" pos="45.29" speed="47.00"/>
            </lane>
        </edge>
        <edge id="left">
            <lane id="left_0">
                <vehicle id="cfm_slow_0" pos="15.29" speed="47.00"/>
            </lane>
        </edge>
        <edge id="right">
            <lane id="right_0">
                <vehicle id="cfm_slow_3" pos="35.29" speed="47.00"/>
            </lane>
        </edge>
        <edge id="top">
            <lane id="top_0">
                <vehicle id="cfm_slow_4" pos="25.29" speed="47.00"/>
            </lane>
        </edge>
    </timestep>
    <timestep time="30.90">
        <edge id="bottom">
            <lane id="bottom_0">
                <vehicle id="cfm_slow_1" pos="9.99" speed="47.00"/>
                <vehicle id="cfm_slow_2" pos="49.99" speed="47.00"/>
            </lane>
        </edge>
        <edge id="left">
            <lane id="left_0">
                <vehicle id="cfm_slow_0" pos="19.99" speed="47.00"/>
            </lane>
        </edge>
        <edge id="right">
            <lane id="right_0">
                <vehicle id="cfm_slow_3" pos="39.99" speed="47.00"/>
            </lane>
        </edge>
        <edge id="top">
            <lane id="top_0">
                <vehicle id="cfm_slow_4" pos="29.99" speed="47.00"/>
            </lane>
        </edge>
    </timestep>
    <timestep time="31.00">
        <edge id="bottom">
            <lane id="bottom_0">
                <vehicle id="cfm_slow_1" pos="14.69" speed="47.00"/>
            </lane>
        </edge>
        <edge id="left">
            <lane id="left_0">
                <vehicle id="cfm_slow_0" pos="24.69" speed="47.00"/>
            </lane>
        </edge>
        <edge id="right">
            <lane id="right_0">
                <vehicle id="cfm_slow_2" pos="4.69" speed="47.00"/>
                <vehicle id="cfm_slow_3" pos="44.69" speed="47.00"/>
            </lane>
        </edge>
        <edge id="top">
            <lane id="top_0">
                <vehicle id="cfm_slow_4" pos="34.69" speed="47.00"/>
            </lane>
        </edge>
    </timestep>
    <timestep time="31.10">
        <edge id="bottom">
            <lane id="bottom_0">
                <vehicle id="cfm_slow_1" pos="19.39" speed="47.00"/>
            </lane>
        </edge>
        <edge id="left">
            <lane id="left_0">
                <vehicle id="cfm_slow_0" pos="29.39" speed="47.00"/>
            </lane>
        </edge>
        <edge id="right">
            <lane id="right_0">
                <vehicle id="cfm_slow_2" pos="9.39" speed="47.00"/>
                <vehicle id="cfm_slow_3" pos="49.39" speed="47.00"/>
            </lane>
        </edge>
        <edge id="top">
            <lane id="top_0">
                <vehicle id="cfm_slow_4" pos="39.39" speed="47.00"/>
            </lane>
        </edge>
    </timestep>
    <timestep time="31.20">
        <edge id="bottom">
            <lane id="bottom_0">
                <vehicle id="cfm_slow_1" pos="24.09" speed="47.00"/>
            </lane>
        </edge>
        <edge id="left">
            <lane id="left_0">
                <vehicle id="cfm_slow_0" pos="34.09" speed="47.00"/>
            </lane>
        </edge>
        <edge id="right">
            <lane id="right_0">
                <vehicle id="cfm_slow_2" pos="14.09" speed="47.00"/>
            </lane>
        </edge>
        <edge id="top">
            <lane id="top_0">
                <vehicle id="cfm_slow_3" pos="4.09" speed="47.00"/>
                <vehicle id="cfm_slow_4" pos="44.09" speed="47.00"/>
            </lane>
        </edge>
    </timestep>
    <timestep time="31.30">
        <edge id="bottom">
            <lane id="bottom_0">
                <vehicle id="cfm_slow_1" pos="28.79" speed="47.00"/>
            </lane>
        </edge>
        <edge id="left">
            <lane id="left_0">
                <vehicle id="cfm_slow_0" pos="38.79" speed="47.00"/>
            </lane>
        </edge>
        <edge id="right">
            <lane id="right_0">
                <vehicle id="cfm_slow_2" pos="18.79" speed="47.00"/>
            </lane>
        </edge>
        <edge id="top">
            <lane id="top_0">
                <vehicle id="cfm_slow_3" pos="8.79" speed="47.00"/>
                <vehicle id="cfm_slow_4" pos="48.79" speed="47.00"/>
            </lane>
        </edge>
    </timestep>
    <timestep time="31.40">
        <edge id="bottom">
            <lane id="bottom_0">
                <vehicle id="cfm_slow_1" pos="33.49" speed="47.00"/>
            </lane>
        </edge>
        <edge id="left">
            <lane id="left_0">
                <vehicle id="cfm_slow_4" pos="3.49" speed="47.00"/>
                <vehicle id="cfm_slow_0" pos="43.49" speed="47.00"/>
            </lane>
        </edge>
        <edge id="right">
            <lane id="right_0">
                <vehicle id="cfm_slow_2" pos="23.49" speed="47.00"/>
            </lane>
        </edge>
        <edge id="top">
            <lane id="top_0">
                <vehicle id="cfm_slow_3" pos="13.49" speed="47.00"/>
            </lane>
        </edge>
    </timestep>
    <timestep time="31.50">
        <edge id="bottom">
            <lane id="bottom_0">
                <vehicle id="cfm_slow_1" pos="38.19" speed="47.00"/>
            </lane>
        </edge>
        <edge id="left">
            <lane id="left_0">
                <vehicle id="cfm_slow_4" pos="8.19" speed="47.00"/>
                <vehicle id="cfm_slow_0" pos="48.19" speed="47.00"/>
            </lane>
        </edge>
        <edge id="right">
            <lane id="right_0">
                <vehicle id="cfm_slow_2" pos="28.19" speed="47.00"/>
            </lane>
        </edge>
        <edge id="top">
            <lane id="top_0">
                <vehicle id="cfm_slow_3" pos="18.19" speed="47.00"/>
            </lane>
        </edge>
    </timestep>
    <timestep time="31.60">
        <edge id="bottom">
            <lane id="bottom_0">
                <vehicle id="cfm_slow_0" pos="2.89" speed="47.00"/>
                <vehicle id="cfm_slow_1" pos="42.89" speed="47.00"/>
            </lane>
        </edge>
        <edge id="left">
            <lane id="left_0">
                <vehicle id="cfm_slow_4" pos="12.89" speed="47.00"/>
            </lane>
        </edge>
        <edge id="right">
            <lane id="right_0">
                <vehicle id="cfm_slow_2" pos="32.89" speed="47.00"/>
            </lane>
        </edge>
        <edge id="top">
            <lane id="top_0">
                <vehicle id="cfm_slow_3" pos="22.89" speed="47.00"/>
            </lane>
        </edge>
    </timestep>
    <timestep time="31.70">
        <edge id="bottom">
            <lane id="bottom_0">
                <vehicle id="cfm_slow_0" pos="7.59" speed="47.00"/>
                <vehicle id="cfm_slow_1" pos="47.59" speed="47.00"/>
            </lane>
        </edge>
        <edge id="left">
            <lane id="left_0">
                <vehicle id="cfm_slow_4" pos="17.59" speed="47.00"/>
            </lane>
        </edge>
        <edge id="right">
            <lane id="right_0">
                <vehicle id="cfm_slow_2" pos="37.59" speed="47.00"/>
            </lane>
        </edge>
        <edge id="top">
            <lane id="top_0">
                <vehicle id="cfm_slow_3" pos="27.59" speed="47.00"/>
            </lane>
        </edge>
    </timestep>
    <timestep time="31.80">
        <edge id="bottom">
            <lane id="bottom_0">
                <vehicle id="cfm_slow_0" pos="12.29" speed="47.00"/>
            </lane>
        </edge>
        <edge id="left">
            <lane id="left_0">
                <vehicle id="cfm_slow_4" pos="22.29" speed="47.00"/>
            </lane>
        </edge>
        <edge id="right">
            <lane id="right_0">
                <vehicle id="cfm_slow_1" pos="2.29" speed="47.00"/>
                <vehicle id="cfm_slow_2" pos="42.29" speed="47.00"/>
            </lane>
        </edge>
        <edge id="top">
            <lane id="top_0">
                <vehicle id="cfm_slow_3" pos="32.29" speed="47.00"/>
            </lane>
        </edge>
    </timestep>
    <timestep time="31.90">
        <edge id="bottom">
            <lane id="bottom_0">
                <vehicle id="cfm_slow_0" pos="16.99" speed="47.00"/>
            </lane>
        </edge>
        <edge id="left">
            <lane id="left_0">
                <vehicle id="cfm_slow_4" pos="26.99" speed="47.00"/>
            </lane>
        </edge>
        <edge id="right">
            <lane id="right_0">
                <vehicle id="cfm_slow_1" pos="6.99" speed="47.00"/>
                <vehicle id="cfm_slow_2" pos="46.99" speed="47.00"/>
            </lane>
        </edge>
        <edge id="top">
            <lane id="top_0">
                <vehicle id="cfm_slow_3" pos="36.99" speed="47.00"/>
            </lane>
        </edge>
    </timestep>
    <timestep time="32.00">
        <edge id="bottom">
            <lane id="bottom_0">
                <vehicle id="cfm_slow_0" pos="21.69" speed="47.00"/>
            </lane>
        </edge>
        <edge id="left">
            <lane id="left_0">
                <vehicle id="cfm_slow_4" pos="31.69" speed="47.00"/>
            </lane>
        </edge>
        <edge id="right">
            <lane id="right_0">
                <vehicle id="cfm_slow_1" pos="11.69" speed="47.00"/>
            </lane>
        </edge>
        <edge id="top">
            <lane id="top_0">
                <vehicle id="cfm_slow_2" pos="1.69" speed="47.00"/>
                <vehicle id="cfm_slow_3" pos="41.69" speed="47.00"/>
            </lane>
        </edge>
    </timestep>
    <timestep time="32.10">
        <edge id="bottom">
            <lane id="bottom_0">
                <vehicle id="cfm_slow_0" pos="26.39" speed="47.00"/>
            </lane>
        </edge>
        <edge id="left">
            <lane id="left_0">
                <vehicle id="cfm_slow_4" pos="36.39" speed="47.00"/>
            </lane>
        </edge>
        <edge id="right">
            <lane id="right_0">
                <vehicle id="cfm_slow_1" pos="16.39" speed="47.00"/>
            </lane>
        </edge>
        <edge id="top">
            <lane id="top_0">
                <vehicle id="cfm_slow_2" pos="6.39" speed="47.00"/>
                <vehicle id="cfm_slow_3" pos="46.39" speed="47.00"/>
            </lane>
        </edge>
    </timestep>
    <timestep time="32.20">
        <edge id="bottom">
            <lane id="bottom_0">
                <vehicle id="cfm_slow_0" pos="31.09" speed="47.00"/>
            </lane>
        </edge>
        <edge id="left">
            <lane id="left_0">
                <vehicle id="cfm_slow_3" pos="1.09" speed="47.00"/>
                <vehicle id="cfm_slow_4" pos="41.09" speed="47.00"/>
            </lane>
        </edge>
        <edge id="right">
            <lane id="right_0">
                <vehicle id="cfm_slow_1" pos="21.09" speed="47.00"/>
            </lane>
        </edge>
        <edge id="top">
            <lane id="top_0">
                <vehicle id="cfm_slow_2" pos="11.09" speed="47.00"/>
            </lane>
        </edge>
    </timestep>
    <timestep time="32.30">
        <edge id="bottom">
            <lane id="bottom_0">
                <vehicle id="cfm_slow_0" pos="35.79" speed="47.00"/>
            </lane>
        </edge>
        <edge id="left">
            <lane id="left_0">
                <vehicle id="cfm_slow_3" pos="5.79" speed="47.00"/>
                <vehicle id="cfm_slow_4" pos="45.79" speed="47.00"/>
            </lane>
        </edge>
        <edge id="right">
            <lane id="right_0">
                <vehicle id="cfm_slow_1" pos="25.79" speed="47.00"/>
            </lane>
        </edge>
        <edge id="top">
            <lane id="top_0">
                <vehicle id="cfm_slow_2" pos="15.79" speed="47.00"/>
            </lane>
        </edge>
    </timestep>
    <timestep time="32.40">
        <edge id="bottom">
            <lane id="bottom_0">
                <vehicle id="cfm_slow_4" pos="0.49" speed="47.00"/>
                <vehicle id="cfm_slow_0" pos="40.49" speed="47.00"/>
            </lane>
        </edge>
        <edge id="left">
            <lane id="left_0">
                <vehicle id="cfm_slow_3" pos="10.49" speed="47.00"/>
            </lane>
        </edge>
        <edge id="right">
            <lane id="right_0">
                <vehicle id="cfm_slow_1" pos="30.49" speed="47.00"/>
            </lane>
        </edge>
        <edge id="top">
            <lane id="top_0">
                <vehicle id="cfm_slow_2" pos="20.49" speed="47.00"/>
            </lane>
        </edge>
    </timestep>
    <timestep time="32.50">
        <edge id="bottom">
            <lane id="bottom_0">
                <vehicle id="cfm_slow_4" pos="5.19" speed="47.00"/>
                <vehicle id="cfm_slow_0" pos="45.19" speed="47.00"/>
            </lane>
        </edge>
        <edge id="left">
            <lane id="left_0">
                <vehicle id="cfm_slow_3" pos="15.19" speed="47.00"/>
            </lane>
        </edge>
        <edge id="right">
            <lane id="right_0">
                <vehicle id="cfm_slow_1" pos="35.19" speed="47.00"/>
            </lane>
        </edge>
        <edge id="top">
            <lane id="top_0">
                <vehicle id="cfm_slow_2" pos="25.19" speed="47.00"/>
            </lane>
        </edge>
    </timestep>
    <timestep time="32.60">
        <edge id="bottom">
            <lane id="bottom_0">
                <vehicle id="cfm_slow_4" pos="9.89" speed="47.00"/>
                <vehicle id="cfm_slow_0" pos="49.89" speed="47.00"/>
            </lane>
        </edge>
        <edge id="left">
            <lane id="left_0">
                <vehicle id="cfm_slow_3" pos="19.89" speed="47.00"/>
            </lane>
        </edge>
        <edge id="right">
            <lane id="right_0">
                <vehicle id="cfm_slow_1" pos="39.89" speed="47.00"/>
            </lane>
        </edge>
        <edge id="top">
            <lane id="top_0">
                <vehicle id="cfm_slow_2" pos="29.89" speed="47.00"/>
            </lane>
        </edge>
    </timestep>
    <timestep time="32.70">
        <edge id="bottom">
            <lane id="bottom_0">
                <vehicle id="cfm_slow_4" pos="14.59" speed="47.00"/>
            </lane>
        </edge>
        <edge id="left">
            <lane id="left_0">
                <vehicle id="cfm_slow_3" pos="24.59" speed="47.00"/>
            </lane>
        </edge>
        <edge id="right">
            <lane id="right_0">
                <vehicle id="cfm_slow_0" pos="4.59" speed="47.00"/>
                <vehicle id="cfm_slow_1" pos="44.59" speed="47.00"/>
            </lane>
        </edge>
        <edge id="top">
            <lane id="top_0">
                <vehicle id="cfm_slow_2" pos="34.59" speed="47.00"/>
            </lane>
        </edge>
    </timestep>
    <timestep time="32.80">
        <edge id="bottom">
            <lane id="bottom_0">
                <vehicle id="cfm_slow_4" pos="19.29" speed="47.00"/>
            </lane>
        </edge>
        <edge id="left">
            <lane id="left_0">
                <vehicle id="cfm_slow_3" pos="29.29" speed="47.00"/>
            </lane>
        </edge>
        <edge id="right">
            <lane id="right_0">
                <vehicle id="cfm_slow_0" pos="9.29" speed="47.00"/>
                <vehicle id="cfm_slow_1" pos="49.29" speed="47.00"/>
            </lane>
        </edge>
        <edge id="top">
            <lane id="top_0">
                <vehicle id="cfm_slow_2" pos="39.29" speed="47.00"/>
            </lane>
        </edge>
    </timestep>
    <timestep time="32.90">
        <edge id="bottom">
            <lane id="bottom_0">
                <vehicle id="cfm_slow_4" pos="23.99" speed="47.00"/>
            </lane>
        </edge>
        <edge id="left">
            <lane id="left_0">
                <vehicle id="cfm_slow_3" pos="33.99" speed="47.00"/>
            </lane>
        </edge>
        <edge id="right">
            <lane id="right_0">
                <vehicle id="cfm_slow_0" pos="13.99" speed="47.00"/>
            </lane>
        </edge>
        <edge id="top">
            <lane id="top_0">
                <vehicle id="cfm_slow_1" pos="3.99" speed="47.00"/>
                <vehicle id="cfm_slow_2" pos="43.99" speed="47.00"/>
            </lane>
        </edge>
    </timestep>
    <timestep time="33.00">
        <edge id="bottom">
            <lane id="bottom_0">
                <vehicle id="cfm_slow_4" pos="28.69" speed="47.00"/>
            </lane>
        </edge>
        <edge id="left">
            <lane id="left_0">
                <vehicle id="cfm_slow_3" pos="38.69" speed="47.00"/>
            </lane>
        </edge>
        <edge id="right">
            <lane id="right_0">
                <vehicle id="cfm_slow_0" pos="18.69" speed="47.00"/>
            </lane>
        </edge>
        <edge id="top">
            <lane id="top_0">
                <vehicle id="cfm_slow_1" pos="8.69" speed="47.00"/>
                <vehicle id="cfm_slow_2" pos="48.69" speed="47.00"/>
            </lane>
        </edge>
    </timestep>
    <timestep time="33.10">
        <edge id="bottom">
            <lane id="bottom_0">
                <vehicle id="cfm_slow_4" pos="33.39" speed="47.00"/>
            </lane>
        </edge>
        <edge id="left">
            <lane id="left_0">
                <vehicle id="cfm_slow_2" pos="3.39" speed="47.00"/>
                <vehicle id="cfm_slow_3" pos="43.39" speed="47.00"/>
            </lane>
        </edge>
        <edge id="right">
            <lane id="right_0">
                <vehicle id="cfm_slow_0" pos="23.39" speed="47.00"/>
            </lane>
        </edge>
        <edge id="top">
            <lane id="top_0">
                <vehicle id="cfm_slow_1" pos="13.39" speed="47.00"/>
            </lane>
        </edge>
    </timestep>
    <timestep time="33.20">
        <edge id="bottom">
            <lane id="bottom_0">
                <vehicle id="cfm_slow_4" pos="38.09" speed="47.00"/>
            </lane>
        </edge>
        <edge id="left">
            <lane id="left_0">
                <vehicle id="cfm_slow_2" pos="8.09" speed="47.00"/>
                <vehicle id="cfm_slow_3" pos="48.09" speed="47.00"/>
            </lane>
        </edge>
        <edge id="right">
            <lane id="right_0">
                <vehicle id="cfm_slow_0" pos="28.09" speed="47.00"/>
            </lane>
        </edge>
        <edge id="top">
            <lane id="top_0">
                <vehicle id="cfm_slow_1" pos="18.09" speed="47.00"/>
            </lane>
        </edge>
    </timestep>
    <timestep time="33.30">
        <edge id="bottom">
            <lane id="bottom_0">
                <vehicle id="cfm_slow_3" pos="2.79" speed="47.00"/>
                <vehicle id="cfm_slow_4" pos="42.79" speed="47.00"/>
            </lane>
        </edge>
        <edge id="left">
            <lane id="left_0">
                <vehicle id="cfm_slow_2" pos="12.79" speed="47.00"/>
            </lane>
        </edge>
        <edge id="right">
            <lane id="right_0">
                <vehicle id="cfm_slow_0" pos="32.79" speed="47.00"/>
            </lane>
        </edge>
        <edge id="top">
            <lane id="top_0">
                <vehicle id="cfm_slow_1" pos="22.79" speed="47.00"/>
            </lane>
        </edge>
    </timestep>
    <timestep time="33.40">
        <edge id="bottom">
            <lane id="bottom_0">
                <vehicle id="cfm_slow_3" pos="7.49" speed="47.00"/>
                <vehicle id="cfm_slow_4" pos="47.49" speed="47.00"/>
            </lane>
        </edge>
        <edge id="left">
            <lane id="left_0">
                <vehicle id="cfm_slow_2" pos="17.49" speed="47.00"/>
            </lane>
        </edge>
        <edge id="right">
            <lane id="right_0">
                <vehicle id="cfm_slow_0" pos="37.49" speed="47.00"/>
            </lane>
        </edge>
        <edge id="top">
            <lane id="top_0">
                <vehicle id="cfm_slow_1" pos="27.49" speed="47.00"/>
            </lane>
        </edge>
    </timestep>
    <timestep time="33.50">
        <edge id="bottom">
            <lane id="bottom_0">
                <vehicle id="cfm_slow_3" pos="12.19" speed="47.00"/>
            </lane>
        </edge>
        <edge id="left">
            <lane id="left_0">
                <vehicle id="cfm_slow_2" pos="22.19" speed="47.00"/>
            </lane>
        </edge>
        <edge id="right">
            <lane id="right_0">
                <vehicle id="cfm_slow_4" pos="2.19" speed="47.00"/>
                <vehicle id="cfm_slow_0" pos="42.19" speed="47.00"/>
            </lane>
        </edge>
        <edge id="top">
            <lane id="top_0">
                <vehicle id="cfm_slow_1" pos="32.19" speed="47.00"/>
            </lane>
        </edge>
    </timestep>
    <timestep time="33.60">
        <edge id="bottom">
            <lane id="bottom_0">
                <vehicle id="cfm_slow_3" pos="16.89" speed="47.00"/>
            </lane>
        </edge>
        <edge id="left">
            <lane id="left_0">
                <vehicle id="cfm_slow_2" pos="26.89" speed="47.00"/>
            </lane>
        </edge>
        <edge id="right">
            <lane id="right_0">
                <vehicle id="cfm_slow_4" pos="6.89" speed="47.00"/>
                <vehicle id="cfm_slow_0" pos="46.89" speed="47.00"/>
            </lane>
        </edge>
        <edge id="top">
            <lane id="top_0">
                <vehicle id="cfm_slow_1" pos="36.89" speed="47.00"/>
            </lane>
        </edge>
    </timestep>
    <timestep time="33.70">
        <edge id="bottom">
            <lane id="bottom_0">
                <vehicle id="cfm_slow_3" pos="21.59" speed="47.00"/>
            </lane>
        </edge>
        <edge id="left">
            <lane id="left_0">
                <vehicle id="cfm_slow_2" pos="31.59" speed="47.00"/>
            </lane>
        </edge>
        <edge id="right">
            <lane id="right_0">
                <vehicle id="cfm_slow_4" pos="11.59" speed="47.00"/>
            </lane>
        </edge>
        <edge id="top">
            <lane id="top_0">
                <vehicle id="cfm_slow_0" pos="1.59" speed="47.00"/>
                <vehicle id="cfm_slow_1" pos="41.59" speed="47.00"/>
            </lane>
        </edge>
    </timestep>
    <timestep time="33.80">
        <edge id="bottom">
            <lane id="bottom_0">
                <vehicle id="cfm_slow_3" pos="26.29" speed="47.00"/>
            </lane>
        </edge>
        <edge id="left">
            <lane id="left_0">
                <vehicle id="cfm_slow_2" pos="36.29" speed="47.00"/>
            </lane>
        </edge>
        <edge id="right">
            <lane id="right_0">
                <vehicle id="cfm_slow_4" pos="16.29" speed="47.00"/>
            </lane>
        </edge>
        <edge id="top">
            <lane id="top_0">
                <vehicle id="cfm_slow_0" pos="6.29" speed="47.00"/>
                <vehicle id="cfm_slow_1" pos="46.29" speed="47.00"/>
            </lane>
        </edge>
    </timestep>
    <timestep time="33.90">
        <edge id="bottom">
            <lane id="bottom_0">
                <vehicle id="cfm_slow_3" pos="30.99" speed="47.00"/>
            </lane>
        </edge>
        <edge id="left">
            <lane id="left_0">
                <vehicle id="cfm_slow_1" pos="0.99" speed="47.00"/>
                <vehicle id="cfm_slow_2" pos="40.99" speed="47.00"/>
            </lane>
        </edge>
        <edge id="right">
            <lane id="right_0">
                <vehicle id="cfm_slow_4" pos="20.99" speed="47.00"/>
            </lane>
        </edge>
        <edge id="top">
            <lane id="top_0">
                <vehicle id="cfm_slow_0" pos="10.99" speed="47.00"/>
            </lane>
        </edge>
    </timestep>
    <timestep time="34.00">
        <edge id="bottom">
            <lane id="bottom_0">
                <vehicle id="cfm_slow_3" pos="35.69" speed="47.00"/>
            </lane>
        </edge>
        <edge id="left">
            <lane id="left_0">
                <vehicle id="cfm_slow_1" pos="5.69" speed="47.00"/>
                <vehicle id="cfm_slow_2" pos="45.69" speed="47.00"/>
            </lane>
        </edge>
        <edge id="right">
            <lane id="right_0">
                <vehicle id="cfm_slow_4" pos="25.69" speed="47.00"/>
            </lane>
        </edge>
        <edge id="top">
            <lane id="top_0">
                <vehicle id="cfm_slow_0" pos="15.69" speed="47.00"/>
            </lane>
        </edge>
    </timestep>
    <timestep time="34.10">
        <edge id="bottom">
            <lane id="bottom_0">
                <vehicle id="cfm_slow_2" pos="0.39" speed="47.00"/>
                <vehicle id="cfm_slow_3" pos="40.39" speed="47.00"/>
            </lane>
        </edge>
        <edge id="left">
            <lane id="left_0">
                <vehicle id="cfm_slow_1" pos="10.39" speed="47.00"/>
            </lane>
        </edge>
        <edge id="right">
            <lane id="right_0">
                <vehicle id="cfm_slow_4" pos="30.39" speed="47.00"/>
            </lane>
        </edge>
        <edge id="top">
            <lane id="top_0">
                <vehicle id="cfm_slow_0" pos="20.39" speed="47.00"/>
            </lane>
        </edge>
    </timestep>
    <timestep time="34.20">
        <edge id="bottom">
            <lane id="bottom_0">
                <vehicle id="cfm_slow_2" pos="5.09" speed="47.00"/>
                <vehicle id="cfm_slow_3" pos="45.09" speed="47.00"/>
            </lane>
        </edge>
        <edge id="left">
            <lane id="left_0">
                <vehicle id="cfm_slow_1" pos="15.09" speed="47.00"/>
            </lane>
        </edge>
        <edge id="right">
            <lane id="right_0">
                <vehicle id="cfm_slow_4" pos="35.09" speed="47.00"/>
            </lane>
        </edge>
        <edge id="top">
            <lane id="top_0">
                <vehicle id="cfm_slow_0" pos="25.09" speed="47.00"/>
            </lane>
        </edge>
    </timestep>
    <timestep time="34.30">
        <edge id="bottom">
            <lane id="bottom_0">
                <vehicle id="cfm_slow_2" pos="9.79" speed="47.00"/>
                <vehicle id="cfm_slow_3" pos="49.79" speed="47.00"/>
            </lane>
        </edge>
        <edge id="left">
            <lane id="left_0">
                <vehicle id="cfm_slow_1" pos="19.79" speed="47.00"/>
            </lane>
        </edge>
        <edge id="right">
            <lane id="right_0">
                <vehicle id="cfm_slow_4" pos="39.79" speed="47.00"/>
            </lane>
        </edge>
        <edge id="top">
            <lane id="top_0">
                <vehicle id="cfm_slow_0" pos="29.79" speed="47.00"/>
            </lane>
        </edge>
    </timestep>
    <timestep time="34.40">
        <edge id="bottom">
            <lane id="bottom_0">
                <vehicle id="cfm_slow_2" pos="14.49" speed="47.00"/>
            </lane>
        </edge>
        <edge id="left">
            <lane id="left_0">
                <vehicle id="cfm_slow_1" pos="24.49" speed="47.00"/>
            </lane>
        </edge>
        <edge id="right">
            <lane id="right_0">
                <vehicle id="cfm_slow_3" pos="4.49" speed="47.00"/>
                <vehicle id="cfm_slow_4" pos="44.49" speed="47.00"/>
            </lane>
        </edge>
        <edge id="top">
            <lane id="top_0">
                <vehicle id="cfm_slow_0" pos="34.49" speed="47.00"/>
            </lane>
        </edge>
    </timestep>
    <timestep time="34.50">
        <edge id="bottom">
            <lane id="bottom_0">
                <vehicle id="cfm_slow_2" pos="19.19" speed="47.00"/>
            </lane>
        </edge>
        <edge id="left">
            <lane id="left_0">
                <vehicle id="cfm_slow_1" pos="29.19" speed="47.00"/>
            </lane>
        </edge>
        <edge id="right">
            <lane id="right_0">
                <vehicle id="cfm_slow_3" pos="9.19" speed="47.00"/>
                <vehicle id="cfm_slow_4" pos="49.19" speed="47.00"/>
            </lane>
        </edge>
        <edge id="top">
            <lane id="top_0">
                <vehicle id="cfm_slow_0" pos="39.19" speed="47.00"/>
            </lane>
        </edge>
    </timestep>
    <timestep time="34.60">
        <edge id="bottom">
            <lane id="bottom_0">
                <vehicle id="cfm_slow_2" pos="23.89" speed="47.00"/>
            </lane>
        </edge>
        <edge id="left">
            <lane id="left_0">
                <vehicle id="cfm_slow_1" pos="33.89" speed="47.00"/>
            </lane>
        </edge>
        <edge id="right">
            <lane id="right_0">
                <vehicle id="cfm_slow_3" pos="13.89" speed="47.00"/>
            </lane>
        </edge>
        <edge id="top">
            <lane id="top_0">
                <vehicle id="cfm_slow_4" pos="3.89" speed="47.00"/>
                <vehicle id="cfm_slow_0" pos="43.89" speed="47.00"/>
            </lane>
        </edge>
    </timestep>
    <timestep time="34.70">
        <edge id="bottom">
            <lane id="bottom_0">
                <vehicle id="cfm_slow_2" pos="28.59" speed="47.00"/>
            </lane>
        </edge>
        <edge id="left">
            <lane id="left_0">
                <vehicle id="cfm_slow_1" pos="38.59" speed="47.00"/>
            </lane>
        </edge>
        <edge id="right">
            <lane id="right_0">
                <vehicle id="cfm_slow_3" pos="18.59" speed="47.00"/>
            </lane>
        </edge>
        <edge id="top">
            <lane id="top_0">
                <vehicle id="cfm_slow_4" pos="8.59" speed="47.00"/>
                <vehicle id="cfm_slow_0" pos="48.59" speed="47.00"/>
            </lane>
        </edge>
    </timestep>
    <timestep time="34.80">
        <edge id="bottom">
            <lane id="bottom_0">
                <vehicle id="cfm_slow_2" pos="33.29" speed="47.00"/>
            </lane>
        </edge>
        <edge id="left">
            <lane id="left_0">
                <vehicle id="cfm_slow_0" pos="3.29" speed="47.00"/>
                <vehicle id="cfm_slow_1" pos="43.29" speed="47.00"/>
            </lane>
        </edge>
        <edge id="right">
            <lane id="right_0">
                <vehicle id="cfm_slow_3" pos="23.29" speed="47.00"/>
            </lane>
        </edge>
        <edge id="top">
            <lane id="top_0">
                <vehicle id="cfm_slow_4" pos="13.29" speed="47.00"/>
            </lane>
        </edge>
    </timestep>
    <timestep time="34.90">
        <edge id="bottom">
            <lane id="bottom_0">
                <vehicle id="cfm_slow_2" pos="37.99" speed="47.00"/>
            </lane>
        </edge>
        <edge id="left">
            <lane id="left_0">
                <vehicle id="cfm_slow_0" pos="7.99" speed="47.00"/>
                <vehicle id="cfm_slow_1" pos="47.99" speed="47.00"/>
            </lane>
        </edge>
        <edge id="right">
            <lane id="right_0">
                <vehicle id="cfm_slow_3" pos="27.99" speed="47.00"/>
            </lane>
        </edge>
        <edge id="top">
            <lane id="top_0">
                <vehicle id="cfm_slow_4" pos="17.99" speed="47.00"/>
            </lane>
        </edge>
    </timestep>
    <timestep time="35.00">
        <edge id="bottom">
            <lane id="bottom_0">
                <vehicle id="cfm_slow_1" pos="2.69" speed="47.00"/>
                <vehicle id="cfm_slow_2" pos="42.69" speed="47.00"/>
            </lane>
        </edge>
        <edge id="left">
            <lane id="left_0">
                <vehicle id="cfm_slow_0" pos="12.69" speed="47.00"/>
            </lane>
        </edge>
        <edge id="right">
            <lane id="right_0">
                <vehicle id="cfm_slow_3" pos="32.69" speed="47.00"/>
            </lane>
        </edge>
        <edge id="top">
            <lane id="top_0">
                <vehicle id="cfm_slow_4" pos="22.69" speed="47.00"/>
            </lane>
        </edge>
    </timestep>
    <timestep time="35.10">
        <edge id="bottom">
            <lane id="bottom_0">
                <vehicle id="cfm_slow_1" pos="7.39" speed="47.00"/>
                <vehicle id="cfm_slow_2" pos="47.39" speed="47.00"/>
            </lane>
        </edge>
        <edge id="left">
            <lane id="left_0">
                <vehicle id="cfm_slow_0" pos="17.39" speed="47.00"/>
            </lane>
        </edge>
        <edge id="right">
            <lane id="right_0">
                <vehicle id="cfm_slow_3" pos="37.39" speed="47.00"/>
            </lane>
        </edge>
        <edge id="top">
            <lane id="top_0">
                <vehicle id="cfm_slow_4" pos="27.39" speed="47.00"/>
            </lane>
        </edge>
    </timestep>
    <timestep time="35.20">
        <edge id="bottom">
            <lane id="bottom_0">
                <vehicle id="cfm_slow_1" pos="12.09" speed="47.00"/>
            </lane>
        </edge>
        <edge id="left">
            <lane id="left_0">
                <vehicle id="cfm_slow_0" pos="22.09" speed="47.00"/>
            </lane>
        </edge>
        <edge id="right">
            <lane id="right_0">
                <vehicle id="cfm_slow_2" pos="2.09" speed="47.00"/>
                <vehicle id="cfm_slow_3" pos="42.09" speed="47.00"/>
            </lane>
        </edge>
        <edge id="top">
            <lane id="top_0">
                <vehicle id="cfm_slow_4" pos="32.09" speed="47.00"/>
            </lane>
        </edge>
    </timestep>
    <timestep time="35.30">
        <edge id="bottom">
            <lane id="bottom_0">
                <vehicle id="cfm_slow_1" pos="16.79" speed="47.00"/>
            </lane>
        </edge>
        <edge id="left">
            <lane id="left_0">
                <vehicle id="cfm_slow_0" pos="26.79" speed="47.00"/>
            </lane>
        </edge>
        <edge id="right">
            <lane id="right_0">
                <vehicle id="cfm_slow_2" pos="6.79" speed="47.00"/>
                <vehicle id="cfm_slow_3" pos="46.79" speed="47.00"/>
            </lane>
        </edge>
        <edge id="top">
            <lane id="top_0">
                <vehicle id="cfm_slow_4" pos="36.79" speed="47.00"/>
            </lane>
        </edge>
    </timestep>
    <timestep time="35.40">
        <edge id="bottom">
            <lane id="bottom_0">
                <vehicle id="cfm_slow_1" pos="21.49" speed="47.00"/>
            </lane>
        </edge>
        <edge id="left">
            <lane id="left_0">
                <vehicle id="cfm_slow_0" pos="31.49" speed="47.00"/>
            </lane>
        </edge>
        <edge id="right">
            <lane id="right_0">
                <vehicle id="cfm_slow_2" pos="11.49" speed="47.00"/>
            </lane>
        </edge>
        <edge id="top">
            <lane id="top_0">
                <vehicle id="cfm_slow_3" pos="1.49" speed="47.00"/>
                <vehicle id="cfm_slow_4" pos="41.49" speed="47.00"/>
            </lane>
        </edge>
    </timestep>
    <timestep time="35.50">
        <edge id="bottom">
            <lane id="bottom_0">
                <vehicle id="cfm_slow_1" pos="26.19" speed="47.00"/>
            </lane>
        </edge>
        <edge id="left">
            <lane id="left_0">
                <vehicle id="cfm_slow_0" pos="36.19" speed="47.00"/>
            </lane>
        </edge>
        <edge id="right">
            <lane id="right_0">
                <vehicle id="cfm_slow_2" pos="16.19" speed="47.00"/>
            </lane>
        </edge>
        <edge id="top">
            <lane id="top_0">
                <vehicle id="cfm_slow_3" pos="6.19" speed="47.00"/>
                <vehicle id="cfm_slow_4" pos="46.19" speed="47.00"/>
            </lane>
        </edge>
    </timestep>
    <timestep time="35.60">
        <edge id="bottom">
            <lane id="bottom_0">
                <vehicle id="cfm_slow_1" pos="30.89" speed="47.00"/>
            </lane>
        </edge>
        <edge id="left">
            <lane id="left_0">
                <vehicle id="cfm_slow_4" pos="0.89" speed="47.00"/>
                <vehicle id="cfm_slow_0" pos="40.89" speed="47.00"/>
            </lane>
        </edge>
        <edge id="right">
            <lane id="right_0">
                <vehicle id="cfm_slow_2" pos="20.89" speed="47.00"/>
            </lane>
        </edge>
        <edge id="top">
            <lane id="top_0">
                <vehicle id="cfm_slow_3" pos="10.89" speed="47.00"/>
            </lane>
        </edge>
    </timestep>
    <timestep time="35.70">
        <edge id="bottom">
            <lane id="bottom_0">
                <vehicle id="cfm_slow_1" pos="35.59" speed="47.00"/>
            </lane>
        </edge>
        <edge id="left">
            <lane id="left_0">
                <vehicle id="cfm_slow_4" pos="5.59" speed="47.00"/>
                <vehicle id="cfm_slow_0" pos="45.59" speed="47.00"/>
            </lane>
        </edge>
        <edge id="right">
            <lane id="right_0">
                <vehicle id="cfm_slow_2" pos="25.59" speed="47.00"/>
            </lane>
        </edge>
        <edge id="top">
            <lane id="top_0">
                <vehicle id="cfm_slow_3" pos="15.59" speed="47.00"/>
            </lane>
        </edge>
    </timestep>
    <timestep time="35.80">
        <edge id="bottom">
            <lane id="bottom_0">
                <vehicle id="cfm_slow_0" pos="0.29" speed="47.00"/>
                <vehicle id="cfm_slow_1" pos="40.29" speed="47.00"/>
            </lane>
        </edge>
        <edge id="left">
            <lane id="left_0">
                <vehicle id="cfm_slow_4" pos="10.29" speed="47.00"/>
            </lane>
        </edge>
        <edge id="right">
            <lane id="right_0">
                <vehicle id="cfm_slow_2" pos="30.29" speed="47.00"/>
            </lane>
        </edge>
        <edge id="top">
            <lane id="top_0">
                <vehicle id="cfm_slow_3" pos="20.29" speed="47.00"/>
            </lane>
        </edge>
    </timestep>
    <timestep time="35.90">
        <edge id="bottom">
            <lane id="bottom_0">
                <vehicle id="cfm_slow_0" pos="4.99" speed="47.00"/>
                <vehicle id="cfm_slow_1" pos="44.99" speed="47.00"/>
            </lane>
        </edge>
        <edge id="left">
            <lane id="left_0">
                <vehicle id="cfm_slow_4" pos="14.99" speed="47.00"/>
            </lane>
        </edge>
        <edge id="right">
            <lane id="right_0">
                <vehicle id="cfm_slow_2" pos="34.99" speed="47.00"/>
            </lane>
        </edge>
        <edge id="top">
            <lane id="top_0">
                <vehicle id="cfm_slow_3" pos="24.99" speed="47.00"/>
            </lane>
        </edge>
    </timestep>
    <timestep time="36.00">
        <edge id="bottom">
            <lane id="bottom_0">
                <vehicle id="cfm_slow_0" pos="9.69" speed="47.00"/>
                <vehicle id="cfm_slow_1" pos="49.69" speed="47.00"/>
            </lane>
        </edge>
        <edge id="left">
            <lane id="left_0">
                <vehicle id="cfm_slow_4" pos="19.69" speed="47.00"/>
            </lane>
        </edge>
        <edge id="right">
            <lane id="right_0">
                <vehicle id="cfm_slow_2" pos="39.69" speed="47.00"/>
            </lane>
        </edge>
        <edge id="top">
            <lane id="top_0">
                <vehicle id="cfm_slow_3" pos="29.69" speed="47.00"/>
            </lane>
        </edge>
    </timestep>
    <timestep time="36.10">
        <edge id="bottom">
            <lane id="bottom_0">
                <vehicle id="cfm_slow_0" pos="14.39" speed="47.00"/>
            </lane>
        </edge>
        <edge id="left">
            <lane id="left_0">
                <vehicle id="cfm_slow_4" pos="24.39" speed="47.00"/>
            </lane>
        </edge>
        <edge id="right">
            <lane id="right_0">
                <vehicle id="cfm_slow_1" pos="4.39" speed="47.00"/>
                <vehicle id="cfm_slow_2" pos="44.39" speed="47.00"/>
            </lane>
        </edge>
        <edge id="top">
            <lane id="top_0">
                <vehicle id="cfm_slow_3" pos="34.39" speed="47.00"/>
            </lane>
        </edge>
    </timestep>
    <timestep time="36.20">
        <edge id="bottom">
            <lane id="bottom_0">
                <vehicle id="cfm_slow_0" pos="19.09" speed="47.00"/>
            </lane>
        </edge>
        <edge id="left">
            <lane id="left_0">
                <vehicle id="cfm_slow_4" pos="29.09" speed="47.00"/>
            </lane>
        </edge>
        <edge id="right">
            <lane id="right_0">
                <vehicle id="cfm_slow_1" pos="9.09" speed="47.00"/>
                <vehicle id="cfm_slow_2" pos="49.09" speed="47.00"/>
            </lane>
        </edge>
        <edge id="top">
            <lane id="top_0">
                <vehicle id="cfm_slow_3" pos="39.09" speed="47.00"/>
            </lane>
        </edge>
    </timestep>
    <timestep time="36.30">
        <edge id="bottom">
            <lane id="bottom_0">
                <vehicle id="cfm_slow_0" pos="23.79" speed="47.00"/>
            </lane>
        </edge>
        <edge id="left">
            <lane id="left_0">
                <vehicle id="cfm_slow_4" pos="33.79" speed="47.00"/>
            </lane>
        </edge>
        <edge id="right">
            <lane id="right_0">
                <vehicle id="cfm_slow_1" pos="13.79" speed="47.00"/>
            </lane>
        </edge>
        <edge id="top">
            <lane id="top_0">
                <vehicle id="cfm_slow_2" pos="3.79" speed="47.00"/>
                <vehicle id="cfm_slow_3" pos="43.79" speed="47.00"/>
            </lane>
        </edge>
    </timestep>
    <timestep time="36.40">
        <edge id="bottom">
            <lane id="bottom_0">
                <vehicle id="cfm_slow_0" pos="28.49" speed="47.00"/>
            </lane>
        </edge>
        <edge id="left">
            <lane id="left_0">
                <vehicle id="cfm_slow_4" pos="38.49" speed="47.00"/>
            </lane>
        </edge>
        <edge id="right">
            <lane id="right_0">
                <vehicle id="cfm_slow_1" pos="18.49" speed="47.00"/>
            </lane>
        </edge>
        <edge id="top">
            <lane id="top_0">
                <vehicle id="cfm_slow_2" pos="8.49" speed="47.00"/>
                <vehicle id="cfm_slow_3" pos="48.49" speed="47.00"/>
            </lane>
        </edge>
    </timestep>
    <timestep time="36.50">
        <edge id="bottom">
            <lane id="bottom_0">
                <vehicle id="cfm_slow_0" pos="33.19" speed="47.00"/>
            </lane>
        </edge>
        <edge id="left">
            <lane id="left_0">
                <vehicle id="cfm_slow_3" pos="3.19" speed="47.00"/>
                <vehicle id="cfm_slow_4" pos="43.19" speed="47.00"/>
            </lane>
        </edge>
        <edge id="right">
            <lane id="right_0">
                <vehicle id="cfm_slow_1" pos="23.19" speed="47.00"/>
            </lane>
        </edge>
        <edge id="top">
            <lane id="top_0">
                <vehicle id="cfm_slow_2" pos="13.19" speed="47.00"/>
            </lane>
        </edge>
    </timestep>
    <timestep time="36.60">
        <edge id="bottom">
            <lane id="bottom_0">
                <vehicle id="cfm_slow_0" pos="37.89" speed="47.00"/>
            </lane>
        </edge>
        <edge id="left">
            <lane id="left_0">
                <vehicle id="cfm_slow_3" pos="7.89" speed="47.00"/>
                <vehicle id="cfm_slow_4" pos="47.89" speed="47.00"/>
            </lane>
        </edge>
        <edge id="right">
            <lane id="right_0">
                <vehicle id="cfm_slow_1" pos="27.89" speed="47.00"/>
            </lane>
        </edge>
        <edge id="top">
            <lane id="top_0">
                <vehicle id="cfm_slow_2" pos="17.89" speed="47.00"/>
            </lane>
        </edge>
    </timestep>
    <timestep time="36.70">
        <edge id="bottom">
            <lane id="bottom_0">
                <vehicle id="cfm_slow_4" pos="2.59" speed="47.00"/>
                <vehicle id="cfm_slow_0" pos="42.59" speed="47.00"/>
            </lane>
        </edge>
        <edge id="left">
            <lane id="left_0">
                <vehicle id="cfm_slow_3" pos="12.59" speed="47.00"/>
            </lane>
        </edge>
        <edge id="right">
            <lane id="right_0">
                <vehicle id="cfm_slow_1" pos="32.59" speed="47.00"/>
            </lane>
        </edge>
        <edge id="top">
            <lane id="top_0">
                <vehicle id="cfm_slow_2" pos="22.59" speed="47.00"/>
            </lane>
        </edge>
    </timestep>
    <timestep time="36.80">
        <edge id="bottom">
            <lane id="bottom_0">
                <vehicle id="cfm_slow_4" pos="7.29" speed="47.00"/>
                <vehicle id="cfm_slow_0" pos="47.29" speed="47.00"/>
            </lane>
        </edge>
        <edge id="left">
            <lane id="left_0">
                <vehicle id="cfm_slow_3" pos="17.29" speed="47.00"/>
            </lane>
        </edge>
        <edge id="right">
            <lane id="right_0">
                <vehicle id="cfm_slow_1" pos="37.29" speed="47.00"/>
            </lane>
        </edge>
        <edge id="top">
            <lane id="top_0">
                <vehicle id="cfm_slow_2" pos="27.29" speed="47.00"/>
            </lane>
        </edge>
    </timestep>
    <timestep time="36.90">
        <edge id="bottom">
            <lane id="bottom_0">
                <vehicle id="cfm_slow_4" pos="11.99" speed="47.00"/>
            </lane>
        </edge>
        <edge id="left">
            <lane id="left_0">
                <vehicle id="cfm_slow_3" pos="21.99" speed="47.00"/>
            </lane>
        </edge>
        <edge id="right">
            <lane id="right_0">
                <vehicle id="cfm_slow_0" pos="1.99" speed="47.00"/>
                <vehicle id="cfm_slow_1" pos="41.99" speed="47.00"/>
            </lane>
        </edge>
        <edge id="top">
            <lane id="top_0">
                <vehicle id="cfm_slow_2" pos="31.99" speed="47.00"/>
            </lane>
        </edge>
    </timestep>
    <timestep time="37.00">
        <edge id="bottom">
            <lane id="bottom_0">
                <vehicle id="cfm_slow_4" pos="16.69" speed="47.00"/>
            </lane>
        </edge>
        <edge id="left">
            <lane id="left_0">
                <vehicle id="cfm_slow_3" pos="26.69" speed="47.00"/>
            </lane>
        </edge>
        <edge id="right">
            <lane id="right_0">
                <vehicle id="cfm_slow_0" pos="6.69" speed="47.00"/>
                <vehicle id="cfm_slow_1" pos="46.69" speed="47.00"/>
            </lane>
        </edge>
        <edge id="top">
            <lane id="top_0">
                <vehicle id="cfm_slow_2" pos="36.69" speed="47.00"/>
            </lane>
        </edge>
    </timestep>
    <timestep time="37.10">
        <edge id="bottom">
            <lane id="bottom_0">
                <vehicle id="cfm_slow_4" pos="21.39" speed="47.00"/>
            </lane>
        </edge>
        <edge id="left">
            <lane id="left_0">
                <vehicle id="cfm_slow_3" pos="31.39" speed="47.00"/>
            </lane>
        </edge>
        <edge id="right">
            <lane id="right_0">
                <vehicle id="cfm_slow_0" pos="11.39" speed="47.00"/>
            </lane>
        </edge>
        <edge id="top">
            <lane id="top_0">
                <vehicle id="cfm_slow_1" pos="1.39" speed="47.00"/>
                <vehicle id="cfm_slow_2" pos="41.39" speed="47.00"/>
            </lane>
        </edge>
    </timestep>
    <timestep time="37.20">
        <edge id="bottom">
            <lane id="bottom_0">
                <vehicle id="cfm_slow_4" pos="26.09" speed="47.00"/>
            </lane>
        </edge>
        <edge id="left">
            <lane id="left_0">
                <vehicle id="cfm_slow_3" pos="36.09" speed="47.00"/>
            </lane>
        </edge>
        <edge id="right">
            <lane id="right_0">
                <vehicle id="cfm_slow_0" pos="16.09" speed="47.00"/>
            </lane>
        </edge>
        <edge id="top">
            <lane id="top_0">
                <vehicle id="cfm_slow_1" pos="6.09" speed="47.00"/>
                <vehicle id="cfm_slow_2" pos="46.09" speed="47.00"/>
            </lane>
        </edge>
    </timestep>
    <timestep time="37.30">
        <edge id="bottom">
            <lane id="bottom_0">
                <vehicle id="cfm_slow_4" pos="30.79" speed="47.00"/>
            </lane>
        </edge>
        <edge id="left">
            <lane id="left_0">
                <vehicle id="cfm_slow_2" pos="0.79" speed="47.00"/>
                <vehicle id="cfm_slow_3" pos="40.79" speed="47.00"/>
            </lane>
        </edge>
        <edge id="right">
            <lane id="right_0">
                <vehicle id="cfm_slow_0" pos="20.79" speed="47.00"/>
            </lane>
        </edge>
        <edge id="top">
            <lane id="top_0">
                <vehicle id="cfm_slow_1" pos="10.79" speed="47.00"/>
            </lane>
        </edge>
    </timestep>
    <timestep time="37.40">
        <edge id="bottom">
            <lane id="bottom_0">
                <vehicle id="cfm_slow_4" pos="35.49" speed="47.00"/>
            </lane>
        </edge>
        <edge id="left">
            <lane id="left_0">
                <vehicle id="cfm_slow_2" pos="5.49" speed="47.00"/>
                <vehicle id="cfm_slow_3" pos="45.49" speed="47.00"/>
            </lane>
        </edge>
        <edge id="right">
            <lane id="right_0">
                <vehicle id="cfm_slow_0" pos="25.49" speed="47.00"/>
            </lane>
        </edge>
        <edge id="top">
            <lane id="top_0">
                <vehicle id="cfm_slow_1" pos="15.49" speed="47.00"/>
            </lane>
        </edge>
    </timestep>
    <timestep time="37.50">
        <edge id="bottom">
            <lane id="bottom_0">
                <vehicle id="cfm_slow_3" pos="0.19" speed="47.00"/>
                <vehicle id="cfm_slow_4" pos="40.19" speed="47.00"/>
            </lane>
        </edge>
        <edge id="left">
            <lane id="left_0">
                <vehicle id="cfm_slow_2" pos="10.19" speed="47.00"/>
            </lane>
        </edge>
        <edge id="right">
            <lane id="right_0">
                <vehicle id="cfm_slow_0" pos="30.19" speed="47.00"/>
            </lane>
        </edge>
        <edge id="top">
            <lane id="top_0">
                <vehicle id="cfm_slow_1" pos="20.19" speed="47.00"/>
            </lane>
        </edge>
    </timestep>
    <timestep time="37.60">
        <edge id="bottom">
            <lane id="bottom_0">
                <vehicle id="cfm_slow_3" pos="4.89" speed="47.00"/>
                <vehicle id="cfm_slow_4" pos="44.89" speed="47.00"/>
            </lane>
        </edge>
        <edge id="left">
            <lane id="left_0">
                <vehicle id="cfm_slow_2" pos="14.89" speed="47.00"/>
            </lane>
        </edge>
        <edge id="right">
            <lane id="right_0">
                <vehicle id="cfm_slow_0" pos="34.89" speed="47.00"/>
            </lane>
        </edge>
        <edge id="top">
            <lane id="top_0">
                <vehicle id="cfm_slow_1" pos="24.89" speed="47.00"/>
            </lane>
        </edge>
    </timestep>
    <timestep time="37.70">
        <edge id="bottom">
            <lane id="bottom_0">
                <vehicle id="cfm_slow_3" pos="9.59" speed="47.00"/>
                <vehicle id="cfm_slow_4" pos="49.59" speed="47.00"/>
            </lane>
        </edge>
        <edge id="left">
            <lane id="left_0">
                <vehicle id="cfm_slow_2" pos="19.59" speed="47.00"/>
            </lane>
        </edge>
        <edge id="right">
            <lane id="right_0">
                <vehicle id="cfm_slow_0" pos="39.59" speed="47.00"/>
            </lane>
        </edge>
        <edge id="top">
            <lane id="top_0">
                <vehicle id="cfm_slow_1" pos="29.59" speed="47.00"/>
            </lane>
        </edge>
    </timestep>
    <timestep time="37.80">
        <edge id="bottom">
            <lane id="bottom_0">
                <vehicle id="cfm_slow_3" pos="14.29" speed="47.00"/>
            </lane>
        </edge>
        <edge id="left">
            <lane id="left_0">
                <vehicle id="cfm_slow_2" pos="24.29" speed="47.00"/>
            </lane>
        </edge>
        <edge id="right">
            <lane id="right_0">
                <vehicle id="cfm_slow_4" pos="4.29" speed="47.00"/>
                <vehicle id="cfm_slow_0" pos="44.29" speed="47.00"/>
            </lane>
        </edge>
        <edge id="top">
            <lane id="top_0">
                <vehicle id="cfm_slow_1" pos="34.29" speed="47.00"/>
            </lane>
        </edge>
    </timestep>
    <timestep time="37.90">
        <edge id="bottom">
            <lane id="bottom_0">
                <vehicle id="cfm_slow_3" pos="18.99" speed="47.00"/>
            </lane>
        </edge>
        <edge id="left">
            <lane id="left_0">
                <vehicle id="cfm_slow_2" pos="28.99" speed="47.00"/>
            </lane>
        </edge>
        <edge id="right">
            <lane id="right_0">
                <vehicle id="cfm_slow_4" pos="8.99" speed="47.00"/>
                <vehicle id="cfm_slow_0" pos="48.99" speed="47.00"/>
            </lane>
        </edge>
        <edge id="top">
            <lane id="top_0">
                <vehicle id="cfm_slow_1" pos="38.99" speed="47.00"/>
            </lane>
        </edge>
    </timestep>
    <timestep time="38.00">
        <edge id="bottom">
            <lane id="bottom_0">
                <vehicle id="cfm_slow_3" pos="23.69" speed="47.00"/>
            </lane>
        </edge>
        <edge id="left">
            <lane id="left_0">
                <vehicle id="cfm_slow_2" pos="33.69" speed="47.00"/>
            </lane>
        </edge>
        <edge id="right">
            <lane id="right_0">
                <vehicle id="cfm_slow_4" pos="13.69" speed="47.00"/>
            </lane>
        </edge>
        <edge id="top">
            <lane id="top_0">
                <vehicle id="cfm_slow_0" pos="3.69" speed="47.00"/>
                <vehicle id="cfm_slow_1" pos="43.69" speed="47.00"/>
            </lane>
        </edge>
    </timestep>
    <timestep time="38.10">
        <edge id="bottom">
            <lane id="bottom_0">
                <vehicle id="cfm_slow_3" pos="28.39" speed="47.00"/>
            </lane>
        </edge>
        <edge id="left">
            <lane id="left_0">
                <vehicle id="cfm_slow_2" pos="38.39" speed="47.00"/>
            </lane>
        </edge>
        <edge id="right">
            <lane id="right_0">
                <vehicle id="cfm_slow_4" pos="18.39" speed="47.00"/>
            </lane>
        </edge>
        <edge id="top">
            <lane id="top_0">
                <vehicle id="cfm_slow_0" pos="8.39" speed="47.00"/>
                <vehicle id="cfm_slow_1" pos="48.39" speed="47.00"/>
            </lane>
        </edge>
    </timestep>
    <timestep time="38.20">
        <edge id="bottom">
            <lane id="bottom_0">
                <vehicle id="cfm_slow_3" pos="33.09" speed="47.00"/>
            </lane>
        </edge>
        <edge id="left">
            <lane id="left_0">
                <vehicle id="cfm_slow_1" pos="3.09" speed="47.00"/>
                <vehicle id="cfm_slow_2" pos="43.09" speed="47.00"/>
            </lane>
        </edge>
        <edge id="right">
            <lane id="right_0">
                <vehicle id="cfm_slow_4" pos="23.09" speed="47.00"/>
            </lane>
        </edge>
        <edge id="top">
            <lane id="top_0">
                <vehicle id="cfm_slow_0" pos="13.09" speed="47.00"/>
            </lane>
        </edge>
    </timestep>
    <timestep time="38.30">
        <edge id="bottom">
            <lane id="bottom_0">
                <vehicle id="cfm_slow_3" pos="37.79" speed="47.00"/>
            </lane>
        </edge>
        <edge id="left">
            <lane id="left_0">
                <vehicle id="cfm_slow_1" pos="7.79" speed="47.00"/>
                <vehicle id="cfm_slow_2" pos="47.79" speed="47.00"/>
            </lane>
        </edge>
        <edge id="right">
            <lane id="right_0">
                <vehicle id="cfm_slow_4" pos="27.79" speed="47.00"/>
            </lane>
        </edge>
        <edge id="top">
            <lane id="top_0">
                <vehicle id="cfm_slow_0" pos="17.79" speed="47.00"/>
            </lane>
        </edge>
    </timestep>
    <timestep time="38.40">
        <edge id="bottom">
            <lane id="bottom_0">
                <vehicle id="cfm_slow_2" pos="2.49" speed="47.00"/>
                <vehicle id="cfm_slow_3" pos="42.49" speed="47.00"/>
            </lane>
        </edge>
        <edge id="left">
            <lane id="left_0">
                <vehicle id="cfm_slow_1" pos="12.49" speed="47.00"/>
            </lane>
        </edge>
        <edge id="right">
            <lane id="right_0">
                <vehicle id="cfm_slow_4" pos="32.49" speed="47.00"/>
            </lane>
        </edge>
        <edge id="top">
            <lane id="top_0">
                <vehicle id="cfm_slow_0" pos="22.49" speed="47.00"/>
            </lane>
        </edge>
    </timestep>
    <timestep time="38.50">
        <edge id="bottom">
            <lane id="bottom_0">
                <vehicle id="cfm_slow_2" pos="7.19" speed="47.00"/>
                <vehicle id="cfm_slow_3" pos="47.19" speed="47.00"/>
            </lane>
        </edge>
        <edge id="left">
            <lane id="left_0">
                <vehicle id="cfm_slow_1" pos="17.19" speed="47.00"/>
            </lane>
        </edge>
        <edge id="right">
            <lane id="right_0">
                <vehicle id="cfm_slow_4" pos="37.19" speed="47.00"/>
            </lane>
        </edge>
        <edge id="top">
            <lane id="top_0">
                <vehicle id="cfm_slow_0" pos="27.19" speed="47.00"/>
            </lane>
        </edge>
    </timestep>
    <timestep time="38.60">
        <edge id="bottom">
            <lane id="bottom_0">
                <vehicle id="cfm_slow_2" pos="11.89" speed="47.00"/>
            </lane>
        </edge>
        <edge id="left">
            <lane id="left_0">
                <vehicle id="cfm_slow_1" pos="21.89" speed="47.00"/>
            </lane>
        </edge>
        <edge id="right">
            <lane id="right_0">
                <vehicle id="cfm_slow_3" pos="1.89" speed="47.00"/>
                <vehicle id="cfm_slow_4" pos="41.89" speed="47.00"/>
            </lane>
        </edge>
        <edge id="top">
            <lane id="top_0">
                <vehicle id="cfm_slow_0" pos="31.89" speed="47.00"/>
            </lane>
        </edge>
    </timestep>
    <timestep time="38.70">
        <edge id="bottom">
            <lane id="bottom_0">
                <vehicle id="cfm_slow_2" pos="16.59" speed="47.00"/>
            </lane>
        </edge>
        <edge id="left">
            <lane id="left_0">
                <vehicle id="cfm_slow_1" pos="26.59" speed="47.00"/>
            </lane>
        </edge>
        <edge id="right">
            <lane id="right_0">
                <vehicle id="cfm_slow_3" pos="6.59" speed="47.00"/>
                <vehicle id="cfm_slow_4" pos="46.59" speed="47.00"/>
            </lane>
        </edge>
        <edge id="top">
            <lane id="top_0">
                <vehicle id="cfm_slow_0" pos="36.59" speed="47.00"/>
            </lane>
        </edge>
    </timestep>
    <timestep time="38.80">
        <edge id="bottom">
            <lane id="bottom_0">
                <vehicle id="cfm_slow_2" pos="21.29" speed="47.00"/>
            </lane>
        </edge>
        <edge id="left">
            <lane id="left_0">
                <vehicle id="cfm_slow_1" pos="31.29" speed="47.00"/>
            </lane>
        </edge>
        <edge id="right">
            <lane id="right_0">
                <vehicle id="cfm_slow_3" pos="11.29" speed="47.00"/>
            </lane>
        </edge>
        <edge id="top">
            <lane id="top_0">
                <vehicle id="cfm_slow_4" pos="1.29" speed="47.00"/>
                <vehicle id="cfm_slow_0" pos="41.29" speed="47.00"/>
            </lane>
        </edge>
    </timestep>
    <timestep time="38.90">
        <edge id="bottom">
            <lane id="bottom_0">
                <vehicle id="cfm_slow_2" pos="25.99" speed="47.00"/>
            </lane>
        </edge>
        <edge id="left">
            <lane id="left_0">
                <vehicle id="cfm_slow_1" pos="35.99" speed="47.00"/>
            </lane>
        </edge>
        <edge id="right">
            <lane id="right_0">
                <vehicle id="cfm_slow_3" pos="15.99" speed="47.00"/>
            </lane>
        </edge>
        <edge id="top">
            <lane id="top_0">
                <vehicle id="cfm_slow_4" pos="5.99" speed="47.00"/>
                <vehicle id="cfm_slow_0" pos="45.99" speed="47.00"/>
            </lane>
        </edge>
    </timestep>
    <timestep time="39.00">
        <edge id="bottom">
            <lane id="bottom_0">
                <vehicle id="cfm_slow_2" pos="30.69" speed="47.00"/>
            </lane>
        </edge>
        <edge id="left">
            <lane id="left_0">
                <vehicle id="cfm_slow_0" pos="0.69" speed="47.00"/>
                <vehicle id="cfm_slow_1" pos="40.69" speed="47.00"/>
            </lane>
        </edge>
        <edge id="right">
            <lane id="right_0">
                <vehicle id="cfm_slow_3" pos="20.69" speed="47.00"/>
            </lane>
        </edge>
        <edge id="top">
            <lane id="top_0">
                <vehicle id="cfm_slow_4" pos="10.69" speed="47.00"/>
            </lane>
        </edge>
    </timestep>
    <timestep time="39.10">
        <edge id="bottom">
            <lane id="bottom_0">
                <vehicle id="cfm_slow_2" pos="35.39" speed="47.00"/>
            </lane>
        </edge>
        <edge id="left">
            <lane id="left_0">
                <vehicle id="cfm_slow_0" pos="5.39" speed="47.00"/>
                <vehicle id="cfm_slow_1" pos="45.39" speed="47.00"/>
            </lane>
        </edge>
        <edge id="right">
            <lane id="right_0">
                <vehicle id="cfm_slow_3" pos="25.39" speed="47.00"/>
            </lane>
        </edge>
        <edge id="top">
            <lane id="top_0">
                <vehicle id="cfm_slow_4" pos="15.39" speed="47.00"/>
            </lane>
        </edge>
    </timestep>
    <timestep time="39.20">
        <edge id="bottom">
            <lane id="bottom_0">
                <vehicle id="cfm_slow_1" pos="0.09" speed="47.00"/>
                <vehicle id="cfm_slow_2" pos="40.09" speed="47.00"/>
            </lane>
        </edge>
        <edge id="left">
            <lane id="left_0">
                <vehicle id="cfm_slow_0" pos="10.09" speed="47.00"/>
            </lane>
        </edge>
        <edge id="right">
            <lane id="right_0">
                <vehicle id="cfm_slow_3" pos="30.09" speed="47.00"/>
            </lane>
        </edge>
        <edge id="top">
            <lane id="top_0">
                <vehicle id="cfm_slow_4" pos="20.09" speed="47.00"/>
            </lane>
        </edge>
    </timestep>
    <timestep time="39.30">
        <edge id="bottom">
            <lane id="bottom_0">
                <vehicle id="cfm_slow_1" pos="4.79" speed="47.00"/>
                <vehicle id="cfm_slow_2" pos="44.79" speed="47.00"/>
            </lane>
        </edge>
        <edge id="left">
            <lane id="left_0">
                <vehicle id="cfm_slow_0" pos="14.79" speed="47.00"/>
            </lane>
        </edge>
        <edge id="right">
            <lane id="right_0">
                <vehicle id="cfm_slow_3" pos="34.79" speed="47.00"/>
            </lane>
        </edge>
        <edge id="top">
            <lane id="top_0">
                <vehicle id="cfm_slow_4" pos="24.79" speed="47.00"/>
            </lane>
        </edge>
    </timestep>
    <timestep time="39.40">
        <edge id="bottom">
            <lane id="bottom_0">
                <vehicle id="cfm_slow_1" pos="9.49" speed="47.00"/>
                <vehicle id="cfm_slow_2" pos="49.49" speed="47.00"/>
            </lane>
        </edge>
        <edge id="left">
            <lane id="left_0">
                <vehicle id="cfm_slow_0" pos="19.49" speed="47.00"/>
            </lane>
        </edge>
        <edge id="right">
            <lane id="right_0">
                <vehicle id="cfm_slow_3" pos="39.49" speed="47.00"/>
            </lane>
        </edge>
        <edge id="top">
            <lane id="top_0">
                <vehicle id="cfm_slow_4" pos="29.49" speed="47.00"/>
            </lane>
        </edge>
    </timestep>
    <timestep time="39.50">
        <edge id="bottom">
            <lane id="bottom_0">
                <vehicle id="cfm_slow_1" pos="14.19" speed="47.00"/>
            </lane>
        </edge>
        <edge id="left">
            <lane id="left_0">
                <vehicle id="cfm_slow_0" pos="24.19" speed="47.00"/>
            </lane>
        </edge>
        <edge id="right">
            <lane id="right_0">
                <vehicle id="cfm_slow_2" pos="4.19" speed="47.00"/>
                <vehicle id="cfm_slow_3" pos="44.19" speed="47.00"/>
            </lane>
        </edge>
        <edge id="top">
            <lane id="top_0">
                <vehicle id="cfm_slow_4" pos="34.19" speed="47.00"/>
            </lane>
        </edge>
    </timestep>
    <timestep time="39.60">
        <edge id="bottom">
            <lane id="bottom_0">
                <vehicle id="cfm_slow_1" pos="18.89" speed="47.00"/>
            </lane>
        </edge>
        <edge id="left">
            <lane id="left_0">
                <vehicle id="cfm_slow_0" pos="28.89" speed="47.00"/>
            </lane>
        </edge>
        <edge id="right">
            <lane id="right_0">
                <vehicle id="cfm_slow_2" pos="8.89" speed="47.00"/>
                <vehicle id="cfm_slow_3" pos="48.89" speed="47.00"/>
            </lane>
        </edge>
        <edge id="top">
            <lane id="top_0">
                <vehicle id="cfm_slow_4" pos="38.89" speed="47.00"/>
            </lane>
        </edge>
    </timestep>
    <timestep time="39.70">
        <edge id="bottom">
            <lane id="bottom_0">
                <vehicle id="cfm_slow_1" pos="23.59" speed="47.00"/>
            </lane>
        </edge>
        <edge id="left">
            <lane id="left_0">
                <vehicle id="cfm_slow_0" pos="33.59" speed="47.00"/>
            </lane>
        </edge>
        <edge id="right">
            <lane id="right_0">
                <vehicle id="cfm_slow_2" pos="13.59" speed="47.00"/>
            </lane>
        </edge>
        <edge id="top">
            <lane id="top_0">
                <vehicle id="cfm_slow_3" pos="3.59" speed="47.00"/>
                <vehicle id="cfm_slow_4" pos="43.59" speed="47.00"/>
            </lane>
        </edge>
    </timestep>
    <timestep time="39.80">
        <edge id="bottom">
            <lane id="bottom_0">
                <vehicle id="cfm_slow_1" pos="28.29" speed="47.00"/>
            </lane>
        </edge>
        <edge id="left">
            <lane id="left_0">
                <vehicle id="cfm_slow_0" pos="38.29" speed="47.00"/>
            </lane>
        </edge>
        <edge id="right">
            <lane id="right_0">
                <vehicle id="cfm_slow_2" pos="18.29" speed="47.00"/>
            </lane>
        </edge>
        <edge id="top">
            <lane id="top_0">
                <vehicle id="cfm_slow_3" pos="8.29" speed="47.00"/>
                <vehicle id="cfm_slow_4" pos="48.29" speed="47.00"/>
            </lane>
        </edge>
    </timestep>
    <timestep time="39.90">
        <edge id="bottom">
            <lane id="bottom_0">
                <vehicle id="cfm_slow_1" pos="32.99" speed="47.00"/>
            </lane>
        </edge>
        <edge id="left">
            <lane id="left_0">
                <vehicle id="cfm_slow_4" pos="2.99" speed="47.00"/>
                <vehicle id="cfm_slow_0" pos="42.99" speed="47.00"/>
            </lane>
        </edge>
        <edge id="right">
            <lane id="right_0">
                <vehicle id="cfm_slow_2" pos="22.99" speed="47.00"/>
            </lane>
        </edge>
        <edge id="top">
            <lane id="top_0">
                <vehicle id="cfm_slow_3" pos="12.99" speed="47.00"/>
            </lane>
        </edge>
    </timestep>
    <timestep time="40.00">
        <edge id="bottom">
            <lane id="bottom_0">
                <vehicle id="cfm_slow_1" pos="37.69" speed="47.00"/>
            </lane>
        </edge>
        <edge id="left">
            <lane id="left_0">
                <vehicle id="cfm_slow_4" pos="7.69" speed="47.00"/>
                <vehicle id="cfm_slow_0" pos="47.69" speed="47.00"/>
            </lane>
        </edge>
        <edge id="right">
            <lane id="right_0">
                <vehicle id="cfm_slow_2" pos="27.69" speed="47.00"/>
            </lane>
        </edge>
        <edge id="top">
            <lane id="top_0">
                <vehicle id="cfm_slow_3" pos="17.69" speed="47.00"/>
            </lane>
        </edge>
    </timestep>
    <timestep time="40.10">
        <edge id="bottom">
            <lane id="bottom_0">
                <vehicle id="cfm_slow_0" pos="2.39" speed="47.00"/>
                <vehicle id="cfm_slow_1" pos="42.39" speed="47.00"/>
            </lane>
        </edge>
        <edge id="left">
            <lane id="left_0">
                <vehicle id="cfm_slow_4" pos="12.39" speed="47.00"/>
            </lane>
        </edge>
        <edge id="right">
            <lane id="right_0">
                <vehicle id="cfm_slow_2" pos="32.39" speed="47.00"/>
            </lane>
        </edge>
        <edge id="top">
            <lane id="top_0">
                <vehicle id="cfm_slow_3" pos="22.39" speed="47.00"/>
            </lane>
        </edge>
    </timestep>
    <timestep time="40.20">
        <edge id="bottom">
            <lane id="bottom_0">
                <vehicle id="cfm_slow_0" pos="7.09" speed="47.00"/>
                <vehicle id="cfm_slow_1" pos="47.09" speed="47.00"/>
            </lane>
        </edge>
        <edge id="left">
            <lane id="left_0">
                <vehicle id="cfm_slow_4" pos="17.09" speed="47.00"/>
            </lane>
        </edge>
        <edge id="right">
            <lane id="right_0">
                <vehicle id="cfm_slow_2" pos="37.09" speed="47.00"/>
            </lane>
        </edge>
        <edge id="top">
            <lane id="top_0">
                <vehicle id="cfm_slow_3" pos="27.09" speed="47.00"/>
            </lane>
        </edge>
    </timestep>
    <timestep time="40.30">
        <edge id="bottom">
            <lane id="bottom_0">
                <vehicle id="cfm_slow_0" pos="11.79" speed="47.00"/>
            </lane>
        </edge>
        <edge id="left">
            <lane id="left_0">
                <vehicle id="cfm_slow_4" pos="21.79" speed="47.00"/>
            </lane>
        </edge>
        <edge id="right">
            <lane id="right_0">
                <vehicle id="cfm_slow_1" pos="1.79" speed="47.00"/>
                <vehicle id="cfm_slow_2" pos="41.79" speed="47.00"/>
            </lane>
        </edge>
        <edge id="top">
            <lane id="top_0">
                <vehicle id="cfm_slow_3" pos="31.79" speed="47.00"/>
            </lane>
        </edge>
    </timestep>
    <timestep time="40.40">
        <edge id="bottom">
            <lane id="bottom_0">
                <vehicle id="cfm_slow_0" pos="16.49" speed="47.00"/>
            </lane>
        </edge>
        <edge id="left">
            <lane id="left_0">
                <vehicle id="cfm_slow_4" pos="26.49" speed="47.00"/>
            </lane>
        </edge>
        <edge id="right">
            <lane id="right_0">
                <vehicle id="cfm_slow_1" pos="6.49" speed="47.00"/>
                <vehicle id="cfm_slow_2" pos="46.49" speed="47.00"/>
            </lane>
        </edge>
        <edge id="top">
            <lane id="top_0">
                <vehicle id="cfm_slow_3" pos="36.49" speed="47.00"/>
            </lane>
        </edge>
    </timestep>
    <timestep time="40.50">
        <edge id="bottom">
            <lane id="bottom_0">
                <vehicle id="cfm_slow_0" pos="21.19" speed="47.00"/>
            </lane>
        </edge>
        <edge id="left">
            <lane id="left_0">
                <vehicle id="cfm_slow_4" pos="31.19" speed="47.00"/>
            </lane>
        </edge>
        <edge id="right">
            <lane id="right_0">
                <vehicle id="cfm_slow_1" pos="11.19" speed="47.00"/>
            </lane>
        </edge>
        <edge id="top">
            <lane id="top_0">
                <vehicle id="cfm_slow_2" pos="1.19" speed="47.00"/>
                <vehicle id="cfm_slow_3" pos="41.19" speed="47.00"/>
            </lane>
        </edge>
    </timestep>
    <timestep time="40.60">
        <edge id="bottom">
            <lane id="bottom_0">
                <vehicle id="cfm_slow_0" pos="25.89" speed="47.00"/>
            </lane>
        </edge>
        <edge id="left">
            <lane id="left_0">
                <vehicle id="cfm_slow_4" pos="35.89" speed="47.00"/>
            </lane>
        </edge>
        <edge id="right">
            <lane id="right_0">
                <vehicle id="cfm_slow_1" pos="15.89" speed="47.00"/>
            </lane>
        </edge>
        <edge id="top">
            <lane id="top_0">
                <vehicle id="cfm_slow_2" pos="5.89" speed="47.00"/>
                <vehicle id="cfm_slow_3" pos="45.89" speed="47.00"/>
            </lane>
        </edge>
    </timestep>
    <timestep time="40.70">
        <edge id="bottom">
            <lane id="bottom_0">
                <vehicle id="cfm_slow_0" pos="30.59" speed="47.00"/>
            </lane>
        </edge>
        <edge id="left">
            <lane id="left_0">
                <vehicle id="cfm_slow_3" pos="0.59" speed="47.00"/>
                <vehicle id="cfm_slow_4" pos="40.59" speed="47.00"/>
            </lane>
        </edge>
        <edge id="right">
            <lane id="right_0">
                <vehicle id="cfm_slow_1" pos="20.59" speed="47.00"/>
            </lane>
        </edge>
        <edge id="top">
            <lane id="top_0">
                <vehicle id="cfm_slow_2" pos="10.59" speed="47.00"/>
            </lane>
        </edge>
    </timestep>
    <timestep time="40.80">
        <edge id="bottom">
            <lane id="bottom_0">
                <vehicle id="cfm_slow_0" pos="35.29" speed="47.00"/>
            </lane>
        </edge>
        <edge id="left">
            <lane id="left_0">
                <vehicle id="cfm_slow_3" pos="5.29" speed="47.00"/>
                <vehicle id="cfm_slow_4" pos="45.29" speed="47.00"/>
            </lane>
        </edge>
        <edge id="right">
            <lane id="right_0">
                <vehicle id="cfm_slow_1" pos="25.29" speed="47.00"/>
            </lane>
        </edge>
        <edge id="top">
            <lane id="top_0">
                <vehicle id="cfm_slow_2" pos="15.29" speed="47.00"/>
            </lane>
        </edge>
    </timestep>
    <timestep time="40.90">
        <edge id="bottom">
            <lane id="bottom_0">
                <vehicle id="cfm_slow_0" pos="39.99" speed="47.00"/>
            </lane>
        </edge>
        <edge id="left">
            <lane id="left_0">
                <vehicle id="cfm_slow_3" pos="9.99" speed="47.00"/>
                <vehicle id="cfm_slow_4" pos="49.99" speed="47.00"/>
            </lane>
        </edge>
        <edge id="right">
            <lane id="right_0">
                <vehicle id="cfm_slow_1" pos="29.99" speed="47.00"/>
            </lane>
        </edge>
        <edge id="top">
            <lane id="top_0">
                <vehicle id="cfm_slow_2" pos="19.99" speed="47.00"/>
            </lane>
        </edge>
    </timestep>
    <timestep time="41.00">
        <edge id="bottom">
            <lane id="bottom_0">
                <vehicle id="cfm_slow_4" pos="4.69" speed="47.00"/>
                <vehicle id="cfm_slow_0" pos="44.69" speed="47.00"/>
            </lane>
        </edge>
        <edge id="left">
            <lane id="left_0">
                <vehicle id="cfm_slow_3" pos="14.69" speed="47.00"/>
            </lane>
        </edge>
        <edge id="right">
            <lane id="right_0">
                <vehicle id="cfm_slow_1" pos="34.69" speed="47.00"/>
            </lane>
        </edge>
        <edge id="top">
            <lane id="top_0">
                <vehicle id="cfm_slow_2" pos="24.69" speed="47.00"/>
            </lane>
        </edge>
    </timestep>
    <timestep time="41.10">
        <edge id="bottom">
            <lane id="bottom_0">
                <vehicle id="cfm_slow_4" pos="9.39" speed="47.00"/>
                <vehicle id="cfm_slow_0" pos="49.39" speed="47.00"/>
            </lane>
        </edge>
        <edge id="left">
            <lane id="left_0">
                <vehicle id="cfm_slow_3" pos="19.39" speed="47.00"/>
            </lane>
        </edge>
        <edge id="right">
            <lane id="right_0">
                <vehicle id="cfm_slow_1" pos="39.39" speed="47.00"/>
            </lane>
        </edge>
        <edge id="top">
            <lane id="top_0">
                <vehicle id="cfm_slow_2" pos="29.39" speed="47.00"/>
            </lane>
        </edge>
    </timestep>
    <timestep time="41.20">
        <edge id="bottom">
            <lane id="bottom_0">
                <vehicle id="cfm_slow_4" pos="14.09" speed="47.00"/>
            </lane>
        </edge>
        <edge id="left">
            <lane id="left_0">
                <vehicle id="cfm_slow_3" pos="24.09" speed="47.00"/>
            </lane>
        </edge>
        <edge id="right">
            <lane id="right_0">
                <vehicle id="cfm_slow_0" pos="4.09" speed="47.00"/>
                <vehicle id="cfm_slow_1" pos="44.09" speed="47.00"/>
            </lane>
        </edge>
        <edge id="top">
            <lane id="top_0">
                <vehicle id="cfm_slow_2" pos="34.09" speed="47.00"/>
            </lane>
        </edge>
    </timestep>
    <timestep time="41.30">
        <edge id="bottom">
            <lane id="bottom_0">
                <vehicle id="cfm_slow_4" pos="18.79" speed="47.00"/>
            </lane>
        </edge>
        <edge id="left">
            <lane id="left_0">
                <vehicle id="cfm_slow_3" pos="28.79" speed="47.00"/>
            </lane>
        </edge>
        <edge id="right">
            <lane id="right_0">
                <vehicle id="cfm_slow_0" pos="8.79" speed="47.00"/>
                <vehicle id="cfm_slow_1" pos="48.79" speed="47.00"/>
            </lane>
        </edge>
        <edge id="top">
            <lane id="top_0">
                <vehicle id="cfm_slow_2" pos="38.79" speed="47.00"/>
            </lane>
        </edge>
    </timestep>
    <timestep time="41.40">
        <edge id="bottom">
            <lane id="bottom_0">
                <vehicle id="cfm_slow_4" pos="23.49" speed="47.00"/>
            </lane>
        </edge>
        <edge id="left">
            <lane id="left_0">
                <vehicle id="cfm_slow_3" pos="33.49" speed="47.00"/>
            </lane>
        </edge>
        <edge id="right">
            <lane id="right_0">
                <vehicle id="cfm_slow_0" pos="13.49" speed="47.00"/>
            </lane>
        </edge>
        <edge id="top">
            <lane id="top_0">
                <vehicle id="cfm_slow_1" pos="3.49" speed="47.00"/>
                <vehicle id="cfm_slow_2" pos="43.49" speed="47.00"/>
            </lane>
        </edge>
    </timestep>
    <timestep time="41.50">
        <edge id="bottom">
            <lane id="bottom_0">
                <vehicle id="cfm_slow_4" pos="28.19" speed="47.00"/>
            </lane>
        </edge>
        <edge id="left">
            <lane id="left_0">
                <vehicle id="cfm_slow_3" pos="38.19" speed="47.00"/>
            </lane>
        </edge>
        <edge id="right">
            <lane id="right_0">
                <vehicle id="cfm_slow_0" pos="18.19" speed="47.00"/>
            </lane>
        </edge>
        <edge id="top">
            <lane id="top_0">
                <vehicle id="cfm_slow_1" pos="8.19" speed="47.00"/>
                <vehicle id="cfm_slow_2" pos="48.19" speed="47.00"/>
            </lane>
        </edge>
    </timestep>
    <timestep time="41.60">
        <edge id="bottom">
            <lane id="bottom_0">
                <vehicle id="cfm_slow_4" pos="32.89" speed="47.00"/>
            </lane>
        </edge>
        <edge id="left">
            <lane id="left_0">
                <vehicle id="cfm_slow_2" pos="2.89" speed="47.00"/>
                <vehicle id="cfm_slow_3" pos="42.89" speed="47.00"/>
            </lane>
        </edge>
        <edge id="right">
            <lane id="right_0">
                <vehicle id="cfm_slow_0" pos="22.89" speed="47.00"/>
            </lane>
        </edge>
        <edge id="top">
            <lane id="top_0">
                <vehicle id="cfm_slow_1" pos="12.89" speed="47.00"/>
            </lane>
        </edge>
    </timestep>
    <timestep time="41.70">
        <edge id="bottom">
            <lane id="bottom_0">
                <vehicle id="cfm_slow_4" pos="37.59" speed="47.00"/>
            </lane>
        </edge>
        <edge id="left">
            <lane id="left_0">
                <vehicle id="cfm_slow_2" pos="7.59" speed="47.00"/>
                <vehicle id="cfm_slow_3" pos="47.59" speed="47.00"/>
            </lane>
        </edge>
        <edge id="right">
            <lane id="right_0">
                <vehicle id="cfm_slow_0" pos="27.59" speed="47.00"/>
            </lane>
        </edge>
        <edge id="top">
            <lane id="top_0">
                <vehicle id="cfm_slow_1" pos="17.59" speed="47.00"/>
            </lane>
        </edge>
    </timestep>
    <timestep time="41.80">
        <edge id="bottom">
            <lane id="bottom_0">
                <vehicle id="cfm_slow_3" pos="2.29" speed="47.00"/>
                <vehicle id="cfm_slow_4" pos="42.29" speed="47.00"/>
            </lane>
        </edge>
        <edge id="left">
            <lane id="left_0">
                <vehicle id="cfm_slow_2" pos="12.29" speed="47.00"/>
            </lane>
        </edge>
        <edge id="right">
            <lane id="right_0">
                <vehicle id="cfm_slow_0" pos="32.29" speed="47.00"/>
            </lane>
        </edge>
        <edge id="top">
            <lane id="top_0">
                <vehicle id="cfm_slow_1" pos="22.29" speed="47.00"/>
            </lane>
        </edge>
    </timestep>
    <timestep time="41.90">
        <edge id="bottom">
            <lane id="bottom_0">
                <vehicle id="cfm_slow_3" pos="6.99" speed="47.00"/>
                <vehicle id="cfm_slow_4" pos="46.99" speed="47.00"/>
            </lane>
        </edge>
        <edge id="left">
            <lane id="left_0">
                <vehicle id="cfm_slow_2" pos="16.99" speed="47.00"/>
            </lane>
        </edge>
        <edge id="right">
            <lane id="right_0">
                <vehicle id="cfm_slow_0" pos="36.99" speed="47.00"/>
            </lane>
        </edge>
        <edge id="top">
            <lane id="top_0">
                <vehicle id="cfm_slow_1" pos="26.99" speed="47.00"/>
            </lane>
        </edge>
    </timestep>
    <timestep time="42.00">
        <edge id="bottom">
            <lane id="bottom_0">
                <vehicle id="cfm_slow_3" pos="11.69" speed="47.00"/>
            </lane>
        </edge>
        <edge id="left">
            <lane id="left_0">
                <vehicle id="cfm_slow_2" pos="21.69" speed="47.00"/>
            </lane>
        </edge>
        <edge id="right">
            <lane id="right_0">
                <vehicle id="cfm_slow_4" pos="1.69" speed="47.00"/>
                <vehicle id="cfm_slow_0" pos="41.69" speed="47.00"/>
            </lane>
        </edge>
        <edge id="top">
            <lane id="top_0">
                <vehicle id="cfm_slow_1" pos="31.69" speed="47.00"/>
            </lane>
        </edge>
    </timestep>
    <timestep time="42.10">
        <edge id="bottom">
            <lane id="bottom_0">
                <vehicle id="cfm_slow_3" pos="16.39" speed="47.00"/>
            </lane>
        </edge>
        <edge id="left">
            <lane id="left_0">
                <vehicle id="cfm_slow_2" pos="26.39" speed="47.00"/>
            </lane>
        </edge>
        <edge id="right">
            <lane id="right_0">
                <vehicle id="cfm_slow_4" pos="6.39" speed="47.00"/>
                <vehicle id="cfm_slow_0" pos="46.39" speed="47.00"/>
            </lane>
        </edge>
        <edge id="top">
            <lane id="top_0">
                <vehicle id="cfm_slow_1" pos="36.39" speed="47.00"/>
            </lane>
        </edge>
    </timestep>
    <timestep time="42.20">
        <edge id="bottom">
            <lane id="bottom_0">
                <vehicle id="cfm_slow_3" pos="21.09" speed="47.00"/>
            </lane>
        </edge>
        <edge id="left">
            <lane id="left_0">
                <vehicle id="cfm_slow_2" pos="31.09" speed="47.00"/>
            </lane>
        </edge>
        <edge id="right">
            <lane id="right_0">
                <vehicle id="cfm_slow_4" pos="11.09" speed="47.00"/>
            </lane>
        </edge>
        <edge id="top">
            <lane id="top_0">
                <vehicle id="cfm_slow_0" pos="1.09" speed="47.00"/>
                <vehicle id="cfm_slow_1" pos="41.09" speed="47.00"/>
            </lane>
        </edge>
    </timestep>
    <timestep time="42.30">
        <edge id="bottom">
            <lane id="bottom_0">
                <vehicle id="cfm_slow_3" pos="25.79" speed="47.00"/>
            </lane>
        </edge>
        <edge id="left">
            <lane id="left_0">
                <vehicle id="cfm_slow_2" pos="35.79" speed="47.00"/>
            </lane>
        </edge>
        <edge id="right">
            <lane id="right_0">
                <vehicle id="cfm_slow_4" pos="15.79" speed="47.00"/>
            </lane>
        </edge>
        <edge id="top">
            <lane id="top_0">
                <vehicle id="cfm_slow_0" pos="5.79" speed="47.00"/>
                <vehicle id="cfm_slow_1" pos="45.79" speed="47.00"/>
            </lane>
        </edge>
    </timestep>
    <timestep time="42.40">
        <edge id="bottom">
            <lane id="bottom_0">
                <vehicle id="cfm_slow_3" pos="30.49" speed="47.00"/>
            </lane>
        </edge>
        <edge id="left">
            <lane id="left_0">
                <vehicle id="cfm_slow_1" pos="0.49" speed="47.00"/>
                <vehicle id="cfm_slow_2" pos="40.49" speed="47.00"/>
            </lane>
        </edge>
        <edge id="right">
            <lane id="right_0">
                <vehicle id="cfm_slow_4" pos="20.49" speed="47.00"/>
            </lane>
        </edge>
        <edge id="top">
            <lane id="top_0">
                <vehicle id="cfm_slow_0" pos="10.49" speed="47.00"/>
            </lane>
        </edge>
    </timestep>
    <timestep time="42.50">
        <edge id="bottom">
            <lane id="bottom_0">
                <vehicle id="cfm_slow_3" pos="35.19" speed="47.00"/>
            </lane>
        </edge>
        <edge id="left">
            <lane id="left_0">
                <vehicle id="cfm_slow_1" pos="5.19" speed="47.00"/>
                <vehicle id="cfm_slow_2" pos="45.19" speed="47.00"/>
            </lane>
        </edge>
        <edge id="right">
            <lane id="right_0">
                <vehicle id="cfm_slow_4" pos="25.19" speed="47.00"/>
            </lane>
        </edge>
        <edge id="top">
            <lane id="top_0">
                <vehicle id="cfm_slow_0" pos="15.19" speed="47.00"/>
            </lane>
        </edge>
    </timestep>
    <timestep time="42.60">
        <edge id="bottom">
            <lane id="bottom_0">
                <vehicle id="cfm_slow_3" pos="39.89" speed="47.00"/>
            </lane>
        </edge>
        <edge id="left">
            <lane id="left_0">
                <vehicle id="cfm_slow_1" pos="9.89" speed="47.00"/>
                <vehicle id="cfm_slow_2" pos="49.89" speed="47.00"/>
            </lane>
        </edge>
        <edge id="right">
            <lane id="right_0">
                <vehicle id="cfm_slow_4" pos="29.89" speed="47.00"/>
            </lane>
        </edge>
        <edge id="top">
            <lane id="top_0">
                <vehicle id="cfm_slow_0" pos="19.89" speed="47.00"/>
            </lane>
        </edge>
    </timestep>
    <timestep time="42.70">
        <edge id="bottom">
            <lane id="bottom_0">
                <vehicle id="cfm_slow_2" pos="4.59" speed="47.00"/>
                <vehicle id="cfm_slow_3" pos="44.59" speed="47.00"/>
            </lane>
        </edge>
        <edge id="left">
            <lane id="left_0">
                <vehicle id="cfm_slow_1" pos="14.59" speed="47.00"/>
            </lane>
        </edge>
        <edge id="right">
            <lane id="right_0">
                <vehicle id="cfm_slow_4" pos="34.59" speed="47.00"/>
            </lane>
        </edge>
        <edge id="top">
            <lane id="top_0">
                <vehicle id="cfm_slow_0" pos="24.59" speed="47.00"/>
            </lane>
        </edge>
    </timestep>
    <timestep time="42.80">
        <edge id="bottom">
            <lane id="bottom_0">
                <vehicle id="cfm_slow_2" pos="9.29" speed="47.00"/>
                <vehicle id="cfm_slow_3" pos="49.29" speed="47.00"/>
            </lane>
        </edge>
        <edge id="left">
            <lane id="left_0">
                <vehicle id="cfm_slow_1" pos="19.29" speed="47.00"/>
            </lane>
        </edge>
        <edge id="right">
            <lane id="right_0">
                <vehicle id="cfm_slow_4" pos="39.29" speed="47.00"/>
            </lane>
        </edge>
        <edge id="top">
            <lane id="top_0">
                <vehicle id="cfm_slow_0" pos="29.29" speed="47.00"/>
            </lane>
        </edge>
    </timestep>
    <timestep time="42.90">
        <edge id="bottom">
            <lane id="bottom_0">
                <vehicle id="cfm_slow_2" pos="13.99" speed="47.00"/>
            </lane>
        </edge>
        <edge id="left">
            <lane id="left_0">
                <vehicle id="cfm_slow_1" pos="23.99" speed="47.00"/>
            </lane>
        </edge>
        <edge id="right">
            <lane id="right_0">
                <vehicle id="cfm_slow_3" pos="3.99" speed="47.00"/>
                <vehicle id="cfm_slow_4" pos="43.99" speed="47.00"/>
            </lane>
        </edge>
        <edge id="top">
            <lane id="top_0">
                <vehicle id="cfm_slow_0" pos="33.99" speed="47.00"/>
            </lane>
        </edge>
    </timestep>
    <timestep time="43.00">
        <edge id="bottom">
            <lane id="bottom_0">
                <vehicle id="cfm_slow_2" pos="18.69" speed="47.00"/>
            </lane>
        </edge>
        <edge id="left">
            <lane id="left_0">
                <vehicle id="cfm_slow_1" pos="28.69" speed="47.00"/>
            </lane>
        </edge>
        <edge id="right">
            <lane id="right_0">
                <vehicle id="cfm_slow_3" pos="8.69" speed="47.00"/>
                <vehicle id="cfm_slow_4" pos="48.69" speed="47.00"/>
            </lane>
        </edge>
        <edge id="top">
            <lane id="top_0">
                <vehicle id="cfm_slow_0" pos="38.69" speed="47.00"/>
            </lane>
        </edge>
    </timestep>
    <timestep time="43.10">
        <edge id="bottom">
            <lane id="bottom_0">
                <vehicle id="cfm_slow_2" pos="23.39" speed="47.00"/>
            </lane>
        </edge>
        <edge id="left">
            <lane id="left_0">
                <vehicle id="cfm_slow_1" pos="33.39" speed="47.00"/>
            </lane>
        </edge>
        <edge id="right">
            <lane id="right_0">
                <vehicle id="cfm_slow_3" pos="13.39" speed="47.00"/>
            </lane>
        </edge>
        <edge id="top">
            <lane id="top_0">
                <vehicle id="cfm_slow_4" pos="3.39" speed="47.00"/>
                <vehicle id="cfm_slow_0" pos="43.39" speed="47.00"/>
            </lane>
        </edge>
    </timestep>
    <timestep time="43.20">
        <edge id="bottom">
            <lane id="bottom_0">
                <vehicle id="cfm_slow_2" pos="28.09" speed="47.00"/>
            </lane>
        </edge>
        <edge id="left">
            <lane id="left_0">
                <vehicle id="cfm_slow_1" pos="38.09" speed="47.00"/>
            </lane>
        </edge>
        <edge id="right">
            <lane id="right_0">
                <vehicle id="cfm_slow_3" pos="18.09" speed="47.00"/>
            </lane>
        </edge>
        <edge id="top">
            <lane id="top_0">
                <vehicle id="cfm_slow_4" pos="8.09" speed="47.00"/>
                <vehicle id="cfm_slow_0" pos="48.09" speed="47.00"/>
            </lane>
        </edge>
    </timestep>
    <timestep time="43.30">
        <edge id="bottom">
            <lane id="bottom_0">
                <vehicle id="cfm_slow_2" pos="32.79" speed="47.00"/>
            </lane>
        </edge>
        <edge id="left">
            <lane id="left_0">
                <vehicle id="cfm_slow_0" pos="2.79" speed="47.00"/>
                <vehicle id="cfm_slow_1" pos="42.79" speed="47.00"/>
            </lane>
        </edge>
        <edge id="right">
            <lane id="right_0">
                <vehicle id="cfm_slow_3" pos="22.79" speed="47.00"/>
            </lane>
        </edge>
        <edge id="top">
            <lane id="top_0">
                <vehicle id="cfm_slow_4" pos="12.79" speed="47.00"/>
            </lane>
        </edge>
    </timestep>
    <timestep time="43.40">
        <edge id="bottom">
            <lane id="bottom_0">
                <vehicle id="cfm_slow_2" pos="37.49" speed="47.00"/>
            </lane>
        </edge>
        <edge id="left">
            <lane id="left_0">
                <vehicle id="cfm_slow_0" pos="7.49" speed="47.00"/>
                <vehicle id="cfm_slow_1" pos="47.49" speed="47.00"/>
            </lane>
        </edge>
        <edge id="right">
            <lane id="right_0">
                <vehicle id="cfm_slow_3" pos="27.49" speed="47.00"/>
            </lane>
        </edge>
        <edge id="top">
            <lane id="top_0">
                <vehicle id="cfm_slow_4" pos="17.49" speed="47.00"/>
            </lane>
        </edge>
    </timestep>
    <timestep time="43.50">
        <edge id="bottom">
            <lane id="bottom_0">
                <vehicle id="cfm_slow_1" pos="2.19" speed="47.00"/>
                <vehicle id="cfm_slow_2" pos="42.19" speed="47.00"/>
            </lane>
        </edge>
        <edge id="left">
            <lane id="left_0">
                <vehicle id="cfm_slow_0" pos="12.19" speed="47.00"/>
            </lane>
        </edge>
        <edge id="right">
            <lane id="right_0">
                <vehicle id="cfm_slow_3" pos="32.19" speed="47.00"/>
            </lane>
        </edge>
        <edge id="top">
            <lane id="top_0">
                <vehicle id="cfm_slow_4" pos="22.19" speed="47.00"/>
            </lane>
        </edge>
    </timestep>
    <timestep time="43.60">
        <edge id="bottom">
            <lane id="bottom_0">
                <vehicle id="cfm_slow_1" pos="6.89" speed="47.00"/>
                <vehicle id="cfm_slow_2" pos="46.89" speed="47.00"/>
            </lane>
        </edge>
        <edge id="left">
            <lane id="left_0">
                <vehicle id="cfm_slow_0" pos="16.89" speed="47.00"/>
            </lane>
        </edge>
        <edge id="right">
            <lane id="right_0">
                <vehicle id="cfm_slow_3" pos="36.89" speed="47.00"/>
            </lane>
        </edge>
        <edge id="top">
            <lane id="top_0">
                <vehicle id="cfm_slow_4" pos="26.89" speed="47.00"/>
            </lane>
        </edge>
    </timestep>
    <timestep time="43.70">
        <edge id="bottom">
            <lane id="bottom_0">
                <vehicle id="cfm_slow_1" pos="11.59" speed="47.00"/>
            </lane>
        </edge>
        <edge id="left">
            <lane id="left_0">
                <vehicle id="cfm_slow_0" pos="21.59" speed="47.00"/>
            </lane>
        </edge>
        <edge id="right">
            <lane id="right_0">
                <vehicle id="cfm_slow_2" pos="1.59" speed="47.00"/>
                <vehicle id="cfm_slow_3" pos="41.59" speed="47.00"/>
            </lane>
        </edge>
        <edge id="top">
            <lane id="top_0">
                <vehicle id="cfm_slow_4" pos="31.59" speed="47.00"/>
            </lane>
        </edge>
    </timestep>
    <timestep time="43.80">
        <edge id="bottom">
            <lane id="bottom_0">
                <vehicle id="cfm_slow_1" pos="16.29" speed="47.00"/>
            </lane>
        </edge>
        <edge id="left">
            <lane id="left_0">
                <vehicle id="cfm_slow_0" pos="26.29" speed="47.00"/>
            </lane>
        </edge>
        <edge id="right">
            <lane id="right_0">
                <vehicle id="cfm_slow_2" pos="6.29" speed="47.00"/>
                <vehicle id="cfm_slow_3" pos="46.29" speed="47.00"/>
            </lane>
        </edge>
        <edge id="top">
            <lane id="top_0">
                <vehicle id="cfm_slow_4" pos="36.29" speed="47.00"/>
            </lane>
        </edge>
    </timestep>
    <timestep time="43.90">
        <edge id="bottom">
            <lane id="bottom_0">
                <vehicle id="cfm_slow_1" pos="20.99" speed="47.00"/>
            </lane>
        </edge>
        <edge id="left">
            <lane id="left_0">
                <vehicle id="cfm_slow_0" pos="30.99" speed="47.00"/>
            </lane>
        </edge>
        <edge id="right">
            <lane id="right_0">
                <vehicle id="cfm_slow_2" pos="10.99" speed="47.00"/>
            </lane>
        </edge>
        <edge id="top">
            <lane id="top_0">
                <vehicle id="cfm_slow_3" pos="0.99" speed="47.00"/>
                <vehicle id="cfm_slow_4" pos="40.99" speed="47.00"/>
            </lane>
        </edge>
    </timestep>
    <timestep time="44.00">
        <edge id="bottom">
            <lane id="bottom_0">
                <vehicle id="cfm_slow_1" pos="25.69" speed="47.00"/>
            </lane>
        </edge>
        <edge id="left">
            <lane id="left_0">
                <vehicle id="cfm_slow_0" pos="35.69" speed="47.00"/>
            </lane>
        </edge>
        <edge id="right">
            <lane id="right_0">
                <vehicle id="cfm_slow_2" pos="15.69" speed="47.00"/>
            </lane>
        </edge>
        <edge id="top">
            <lane id="top_0">
                <vehicle id="cfm_slow_3" pos="5.69" speed="47.00"/>
                <vehicle id="cfm_slow_4" pos="45.69" speed="47.00"/>
            </lane>
        </edge>
    </timestep>
    <timestep time="44.10">
        <edge id="bottom">
            <lane id="bottom_0">
                <vehicle id="cfm_slow_1" pos="30.39" speed="47.00"/>
            </lane>
        </edge>
        <edge id="left">
            <lane id="left_0">
                <vehicle id="cfm_slow_4" pos="0.39" speed="47.00"/>
                <vehicle id="cfm_slow_0" pos="40.39" speed="47.00"/>
            </lane>
        </edge>
        <edge id="right">
            <lane id="right_0">
                <vehicle id="cfm_slow_2" pos="20.39" speed="47.00"/>
            </lane>
        </edge>
        <edge id="top">
            <lane id="top_0">
                <vehicle id="cfm_slow_3" pos="10.39" speed="47.00"/>
            </lane>
        </edge>
    </timestep>
    <timestep time="44.20">
        <edge id="bottom">
            <lane id="bottom_0">
                <vehicle id="cfm_slow_1" pos="35.09" speed="47.00"/>
            </lane>
        </edge>
        <edge id="left">
            <lane id="left_0">
                <vehicle id="cfm_slow_4" pos="5.09" speed="47.00"/>
                <vehicle id="cfm_slow_0" pos="45.09" speed="47.00"/>
            </lane>
        </edge>
        <edge id="right">
            <lane id="right_0">
                <vehicle id="cfm_slow_2" pos="25.09" speed="47.00"/>
            </lane>
        </edge>
        <edge id="top">
            <lane id="top_0">
                <vehicle id="cfm_slow_3" pos="15.09" speed="47.00"/>
            </lane>
        </edge>
    </timestep>
    <timestep time="44.30">
        <edge id="bottom">
            <lane id="bottom_0">
                <vehicle id="cfm_slow_1" pos="39.79" speed="47.00"/>
            </lane>
        </edge>
        <edge id="left">
            <lane id="left_0">
                <vehicle id="cfm_slow_4" pos="9.79" speed="47.00"/>
                <vehicle id="cfm_slow_0" pos="49.79" speed="47.00"/>
            </lane>
        </edge>
        <edge id="right">
            <lane id="right_0">
                <vehicle id="cfm_slow_2" pos="29.79" speed="47.00"/>
            </lane>
        </edge>
        <edge id="top">
            <lane id="top_0">
                <vehicle id="cfm_slow_3" pos="19.79" speed="47.00"/>
            </lane>
        </edge>
    </timestep>
    <timestep time="44.40">
        <edge id="bottom">
            <lane id="bottom_0">
                <vehicle id="cfm_slow_0" pos="4.49" speed="47.00"/>
                <vehicle id="cfm_slow_1" pos="44.49" speed="47.00"/>
            </lane>
        </edge>
        <edge id="left">
            <lane id="left_0">
                <vehicle id="cfm_slow_4" pos="14.49" speed="47.00"/>
            </lane>
        </edge>
        <edge id="right">
            <lane id="right_0">
                <vehicle id="cfm_slow_2" pos="34.49" speed="47.00"/>
            </lane>
        </edge>
        <edge id="top">
            <lane id="top_0">
                <vehicle id="cfm_slow_3" pos="24.49" speed="47.00"/>
            </lane>
        </edge>
    </timestep>
    <timestep time="44.50">
        <edge id="bottom">
            <lane id="bottom_0">
                <vehicle id="cfm_slow_0" pos="9.19" speed="47.00"/>
                <vehicle id="cfm_slow_1" pos="49.19" speed="47.00"/>
            </lane>
        </edge>
        <edge id="left">
            <lane id="left_0">
                <vehicle id="cfm_slow_4" pos="19.19" speed="47.00"/>
            </lane>
        </edge>
        <edge id="right">
            <lane id="right_0">
                <vehicle id="cfm_slow_2" pos="39.19" speed="47.00"/>
            </lane>
        </edge>
        <edge id="top">
            <lane id="top_0">
                <vehicle id="cfm_slow_3" pos="29.19" speed="47.00"/>
            </lane>
        </edge>
    </timestep>
    <timestep time="44.60">
        <edge id="bottom">
            <lane id="bottom_0">
                <vehicle id="cfm_slow_0" pos="13.89" speed="47.00"/>
            </lane>
        </edge>
        <edge id="left">
            <lane id="left_0">
                <vehicle id="cfm_slow_4" pos="23.89" speed="47.00"/>
            </lane>
        </edge>
        <edge id="right">
            <lane id="right_0">
                <vehicle id="cfm_slow_1" pos="3.89" speed="47.00"/>
                <vehicle id="cfm_slow_2" pos="43.89" speed="47.00"/>
            </lane>
        </edge>
        <edge id="top">
            <lane id="top_0">
                <vehicle id="cfm_slow_3" pos="33.89" speed="47.00"/>
            </lane>
        </edge>
    </timestep>
    <timestep time="44.70">
        <edge id="bottom">
            <lane id="bottom_0">
                <vehicle id="cfm_slow_0" pos="18.59" speed="47.00"/>
            </lane>
        </edge>
        <edge id="left">
            <lane id="left_0">
                <vehicle id="cfm_slow_4" pos="28.59" speed="47.00"/>
            </lane>
        </edge>
        <edge id="right">
            <lane id="right_0">
                <vehicle id="cfm_slow_1" pos="8.59" speed="47.00"/>
                <vehicle id="cfm_slow_2" pos="48.59" speed="47.00"/>
            </lane>
        </edge>
        <edge id="top">
            <lane id="top_0">
                <vehicle id="cfm_slow_3" pos="38.59" speed="47.00"/>
            </lane>
        </edge>
    </timestep>
    <timestep time="44.80">
        <edge id="bottom">
            <lane id="bottom_0">
                <vehicle id="cfm_slow_0" pos="23.29" speed="47.00"/>
            </lane>
        </edge>
        <edge id="left">
            <lane id="left_0">
                <vehicle id="cfm_slow_4" pos="33.29" speed="47.00"/>
            </lane>
        </edge>
        <edge id="right">
            <lane id="right_0">
                <vehicle id="cfm_slow_1" pos="13.29" speed="47.00"/>
            </lane>
        </edge>
        <edge id="top">
            <lane id="top_0">
                <vehicle id="cfm_slow_2" pos="3.29" speed="47.00"/>
                <vehicle id="cfm_slow_3" pos="43.29" speed="47.00"/>
            </lane>
        </edge>
    </timestep>
    <timestep time="44.90">
        <edge id="bottom">
            <lane id="bottom_0">
                <vehicle id="cfm_slow_0" pos="27.99" speed="47.00"/>
            </lane>
        </edge>
        <edge id="left">
            <lane id="left_0">
                <vehicle id="cfm_slow_4" pos="37.99" speed="47.00"/>
            </lane>
        </edge>
        <edge id="right">
            <lane id="right_0">
                <vehicle id="cfm_slow_1" pos="17.99" speed="47.00"/>
            </lane>
        </edge>
        <edge id="top">
            <lane id="top_0">
                <vehicle id="cfm_slow_2" pos="7.99" speed="47.00"/>
                <vehicle id="cfm_slow_3" pos="47.99" speed="47.00"/>
            </lane>
        </edge>
    </timestep>
    <timestep time="45.00">
        <edge id="bottom">
            <lane id="bottom_0">
                <vehicle id="cfm_slow_0" pos="32.69" speed="47.00"/>
            </lane>
        </edge>
        <edge id="left">
            <lane id="left_0">
                <vehicle id="cfm_slow_3" pos="2.69" speed="47.00"/>
                <vehicle id="cfm_slow_4" pos="42.69" speed="47.00"/>
            </lane>
        </edge>
        <edge id="right">
            <lane id="right_0">
                <vehicle id="cfm_slow_1" pos="22.69" speed="47.00"/>
            </lane>
        </edge>
        <edge id="top">
            <lane id="top_0">
                <vehicle id="cfm_slow_2" pos="12.69" speed="47.00"/>
            </lane>
        </edge>
    </timestep>
    <timestep time="45.10">
        <edge id="bottom">
            <lane id="bottom_0">
                <vehicle id="cfm_slow_0" pos="37.39" speed="47.00"/>
            </lane>
        </edge>
        <edge id="left">
            <lane id="left_0">
                <vehicle id="cfm_slow_3" pos="7.39" speed="47.00"/>
                <vehicle id="cfm_slow_4" pos="47.39" speed="47.00"/>
            </lane>
        </edge>
        <edge id="right">
            <lane id="right_0">
                <vehicle id="cfm_slow_1" pos="27.39" speed="47.00"/>
            </lane>
        </edge>
        <edge id="top">
            <lane id="top_0">
                <vehicle id="cfm_slow_2" pos="17.39" speed="47.00"/>
            </lane>
        </edge>
    </timestep>
    <timestep time="45.20">
        <edge id="bottom">
            <lane id="bottom_0">
                <vehicle id="cfm_slow_4" pos="2.09" speed="47.00"/>
                <vehicle id="cfm_slow_0" pos="42.09" speed="47.00"/>
            </lane>
        </edge>
        <edge id="left">
            <lane id="left_0">
                <vehicle id="cfm_slow_3" pos="12.09" speed="47.00"/>
            </lane>
        </edge>
        <edge id="right">
            <lane id="right_0">
                <vehicle id="cfm_slow_1" pos="32.09" speed="47.00"/>
            </lane>
        </edge>
        <edge id="top">
            <lane id="top_0">
                <vehicle id="cfm_slow_2" pos="22.09" speed="47.00"/>
            </lane>
        </edge>
    </timestep>
    <timestep time="45.30">
        <edge id="bottom">
            <lane id="bottom_0">
                <vehicle id="cfm_slow_4" pos="6.79" speed="47.00"/>
                <vehicle id="cfm_slow_0" pos="46.79" speed="47.00"/>
            </lane>
        </edge>
        <edge id="left">
            <lane id="left_0">
                <vehicle id="cfm_slow_3" pos="16.79" speed="47.00"/>
            </lane>
        </edge>
        <edge id="right">
            <lane id="right_0">
                <vehicle id="cfm_slow_1" pos="36.79" speed="47.00"/>
            </lane>
        </edge>
        <edge id="top">
            <lane id="top_0">
                <vehicle id="cfm_slow_2" pos="26.79" speed="47.00"/>
            </lane>
        </edge>
    </timestep>
    <timestep time="45.40">
        <edge id="bottom">
            <lane id="bottom_0">
                <vehicle id="cfm_slow_4" pos="11.49" speed="47.00"/>
            </lane>
        </edge>
        <edge id="left">
            <lane id="left_0">
                <vehicle id="cfm_slow_3" pos="21.49" speed="47.00"/>
            </lane>
        </edge>
        <edge id="right">
            <lane id="right_0">
                <vehicle id="cfm_slow_0" pos="1.49" speed="47.00"/>
                <vehicle id="cfm_slow_1" pos="41.49" speed="47.00"/>
            </lane>
        </edge>
        <edge id="top">
            <lane id="top_0">
                <vehicle id="cfm_slow_2" pos="31.49" speed="47.00"/>
            </lane>
        </edge>
    </timestep>
    <timestep time="45.50">
        <edge id="bottom">
            <lane id="bottom_0">
                <vehicle id="cfm_slow_4" pos="16.19" speed="47.00"/>
            </lane>
        </edge>
        <edge id="left">
            <lane id="left_0">
                <vehicle id="cfm_slow_3" pos="26.19" speed="47.00"/>
            </lane>
        </edge>
        <edge id="right">
            <lane id="right_0">
                <vehicle id="cfm_slow_0" pos="6.19" speed="47.00"/>
                <vehicle id="cfm_slow_1" pos="46.19" speed="47.00"/>
            </lane>
        </edge>
        <edge id="top">
            <lane id="top_0">
                <vehicle id="cfm_slow_2" pos="36.19" speed="47.00"/>
            </lane>
        </edge>
    </timestep>
    <timestep time="45.60">
        <edge id="bottom">
            <lane id="bottom_0">
                <vehicle id="cfm_slow_4" pos="20.89" speed="47.00"/>
            </lane>
        </edge>
        <edge id="left">
            <lane id="left_0">
                <vehicle id="cfm_slow_3" pos="30.89" speed="47.00"/>
            </lane>
        </edge>
        <edge id="right">
            <lane id="right_0">
                <vehicle id="cfm_slow_0" pos="10.89" speed="47.00"/>
            </lane>
        </edge>
        <edge id="top">
            <lane id="top_0">
                <vehicle id="cfm_slow_1" pos="0.89" speed="47.00"/>
                <vehicle id="cfm_slow_2" pos="40.89" speed="47.00"/>
            </lane>
        </edge>
    </timestep>
    <timestep time="45.70">
        <edge id="bottom">
            <lane id="bottom_0">
                <vehicle id="cfm_slow_4" pos="25.59" speed="47.00"/>
            </lane>
        </edge>
        <edge id="left">
            <lane id="left_0">
                <vehicle id="cfm_slow_3" pos="35.59" speed="47.00"/>
            </lane>
        </edge>
        <edge id="right">
            <lane id="right_0">
                <vehicle id="cfm_slow_0" pos="15.59" speed="47.00"/>
            </lane>
        </edge>
        <edge id="top">
            <lane id="top_0">
                <vehicle id="cfm_slow_1" pos="5.59" speed="47.00"/>
                <vehicle id="cfm_slow_2" pos="45.59" speed="47.00"/>
            </lane>
        </edge>
    </timestep>
    <timestep time="45.80">
        <edge id="bottom">
            <lane id="bottom_0">
                <vehicle id="cfm_slow_4" pos="30.29" speed="47.00"/>
            </lane>
        </edge>
        <edge id="left">
            <lane id="left_0">
                <vehicle id="cfm_slow_2" pos="0.29" speed="47.00"/>
                <vehicle id="cfm_slow_3" pos="40.29" speed="47.00"/>
            </lane>
        </edge>
        <edge id="right">
            <lane id="right_0">
                <vehicle id="cfm_slow_0" pos="20.29" speed="47.00"/>
            </lane>
        </edge>
        <edge id="top">
            <lane id="top_0">
                <vehicle id="cfm_slow_1" pos="10.29" speed="47.00"/>
            </lane>
        </edge>
    </timestep>
    <timestep time="45.90">
        <edge id="bottom">
            <lane id="bottom_0">
                <vehicle id="cfm_slow_4" pos="34.99" speed="47.00"/>
            </lane>
        </edge>
        <edge id="left">
            <lane id="left_0">
                <vehicle id="cfm_slow_2" pos="4.99" speed="47.00"/>
                <vehicle id="cfm_slow_3" pos="44.99" speed="47.00"/>
            </lane>
        </edge>
        <edge id="right">
            <lane id="right_0">
                <vehicle id="cfm_slow_0" pos="24.99" speed="47.00"/>
            </lane>
        </edge>
        <edge id="top">
            <lane id="top_0">
                <vehicle id="cfm_slow_1" pos="14.99" speed="47.00"/>
            </lane>
        </edge>
    </timestep>
    <timestep time="46.00">
        <edge id="bottom">
            <lane id="bottom_0">
                <vehicle id="cfm_slow_4" pos="39.69" speed="47.00"/>
            </lane>
        </edge>
        <edge id="left">
            <lane id="left_0">
                <vehicle id="cfm_slow_2" pos="9.69" speed="47.00"/>
                <vehicle id="cfm_slow_3" pos="49.69" speed="47.00"/>
            </lane>
        </edge>
        <edge id="right">
            <lane id="right_0">
                <vehicle id="cfm_slow_0" pos="29.69" speed="47.00"/>
            </lane>
        </edge>
        <edge id="top">
            <lane id="top_0">
                <vehicle id="cfm_slow_1" pos="19.69" speed="47.00"/>
            </lane>
        </edge>
    </timestep>
    <timestep time="46.10">
        <edge id="bottom">
            <lane id="bottom_0">
                <vehicle id="cfm_slow_3" pos="4.39" speed="47.00"/>
                <vehicle id="cfm_slow_4" pos="44.39" speed="47.00"/>
            </lane>
        </edge>
        <edge id="left">
            <lane id="left_0">
                <vehicle id="cfm_slow_2" pos="14.39" speed="47.00"/>
            </lane>
        </edge>
        <edge id="right">
            <lane id="right_0">
                <vehicle id="cfm_slow_0" pos="34.39" speed="47.00"/>
            </lane>
        </edge>
        <edge id="top">
            <lane id="top_0">
                <vehicle id="cfm_slow_1" pos="24.39" speed="47.00"/>
            </lane>
        </edge>
    </timestep>
    <timestep time="46.20">
        <edge id="bottom">
            <lane id="bottom_0">
                <vehicle id="cfm_slow_3" pos="9.09" speed="47.00"/>
                <vehicle id="cfm_slow_4" pos="49.09" speed="47.00"/>
            </lane>
        </edge>
        <edge id="left">
            <lane id="left_0">
                <vehicle id="cfm_slow_2" pos="19.09" speed="47.00"/>
            </lane>
        </edge>
        <edge id="right">
            <lane id="right_0">
                <vehicle id="cfm_slow_0" pos="39.09" speed="47.00"/>
            </lane>
        </edge>
        <edge id="top">
            <lane id="top_0">
                <vehicle id="cfm_slow_1" pos="29.09" speed="47.00"/>
            </lane>
        </edge>
    </timestep>
    <timestep time="46.30">
        <edge id="bottom">
            <lane id="bottom_0">
                <vehicle id="cfm_slow_3" pos="13.79" speed="47.00"/>
            </lane>
        </edge>
        <edge id="left">
            <lane id="left_0">
                <vehicle id="cfm_slow_2" pos="23.79" speed="47.00"/>
            </lane>
        </edge>
        <edge id="right">
            <lane id="right_0">
                <vehicle id="cfm_slow_4" pos="3.79" speed="47.00"/>
                <vehicle id="cfm_slow_0" pos="43.79" speed="47.00"/>
            </lane>
        </edge>
        <edge id="top">
            <lane id="top_0">
                <vehicle id="cfm_slow_1" pos="33.79" speed="47.00"/>
            </lane>
        </edge>
    </timestep>
    <timestep time="46.40">
        <edge id="bottom">
            <lane id="bottom_0">
                <vehicle id="cfm_slow_3" pos="18.49" speed="47.00"/>
            </lane>
        </edge>
        <edge id="left">
            <lane id="left_0">
                <vehicle id="cfm_slow_2" pos="28.49" speed="47.00"/>
            </lane>
        </edge>
        <edge id="right">
            <lane id="right_0">
                <vehicle id="cfm_slow_4" pos="8.49" speed="47.00"/>
                <vehicle id="cfm_slow_0" pos="48.49" speed="47.00"/>
            </lane>
        </edge>
        <edge id="top">
            <lane id="top_0">
                <vehicle id="cfm_slow_1" pos="38.49" speed="47.00"/>
            </lane>
        </edge>
    </timestep>
    <timestep time="46.50">
        <edge id="bottom">
            <lane id="bottom_0">
                <vehicle id="cfm_slow_3" pos="23.19" speed="47.00"/>
            </lane>
        </edge>
        <edge id="left">
            <lane id="left_0">
                <vehicle id="cfm_slow_2" pos="33.19" speed="47.00"/>
            </lane>
        </edge>
        <edge id="right">
            <lane id="right_0">
                <vehicle id="cfm_slow_4" pos="13.19" speed="47.00"/>
            </lane>
        </edge>
        <edge id="top">
            <lane id="top_0">
                <vehicle id="cfm_slow_0" pos="3.19" speed="47.00"/>
                <vehicle id="cfm_slow_1" pos="43.19" speed="47.00"/>
            </lane>
        </edge>
    </timestep>
    <timestep time="46.60">
        <edge id="bottom">
            <lane id="bottom_0">
                <vehicle id="cfm_slow_3" pos="27.89" speed="47.00"/>
            </lane>
        </edge>
        <edge id="left">
            <lane id="left_0">
                <vehicle id="cfm_slow_2" pos="37.89" speed="47.00"/>
            </lane>
        </edge>
        <edge id="right">
            <lane id="right_0">
                <vehicle id="cfm_slow_4" pos="17.89" speed="47.00"/>
            </lane>
        </edge>
        <edge id="top">
            <lane id="top_0">
                <vehicle id="cfm_slow_0" pos="7.89" speed="47.00"/>
                <vehicle id="cfm_slow_1" pos="47.89" speed="47.00"/>
            </lane>
        </edge>
    </timestep>
    <timestep time="46.70">
        <edge id="bottom">
            <lane id="bottom_0">
                <vehicle id="cfm_slow_3" pos="32.59" speed="47.00"/>
            </lane>
        </edge>
        <edge id="left">
            <lane id="left_0">
                <vehicle id="cfm_slow_1" pos="2.59" speed="47.00"/>
                <vehicle id="cfm_slow_2" pos="42.59" speed="47.00"/>
            </lane>
        </edge>
        <edge id="right">
            <lane id="right_0">
                <vehicle id="cfm_slow_4" pos="22.59" speed="47.00"/>
            </lane>
        </edge>
        <edge id="top">
            <lane id="top_0">
                <vehicle id="cfm_slow_0" pos="12.59" speed="47.00"/>
            </lane>
        </edge>
    </timestep>
    <timestep time="46.80">
        <edge id="bottom">
            <lane id="bottom_0">
                <vehicle id="cfm_slow_3" pos="37.29" speed="47.00"/>
            </lane>
        </edge>
        <edge id="left">
            <lane id="left_0">
                <vehicle id="cfm_slow_1" pos="7.29" speed="47.00"/>
                <vehicle id="cfm_slow_2" pos="47.29" speed="47.00"/>
            </lane>
        </edge>
        <edge id="right">
            <lane id="right_0">
                <vehicle id="cfm_slow_4" pos="27.29" speed="47.00"/>
            </lane>
        </edge>
        <edge id="top">
            <lane id="top_0">
                <vehicle id="cfm_slow_0" pos="17.29" speed="47.00"/>
            </lane>
        </edge>
    </timestep>
    <timestep time="46.90">
        <edge id="bottom">
            <lane id="bottom_0">
                <vehicle id="cfm_slow_2" pos="1.99" speed="47.00"/>
                <vehicle id="cfm_slow_3" pos="41.99" speed="47.00"/>
            </lane>
        </edge>
        <edge id="left">
            <lane id="left_0">
                <vehicle id="cfm_slow_1" pos="11.99" speed="47.00"/>
            </lane>
        </edge>
        <edge id="right">
            <lane id="right_0">
                <vehicle id="cfm_slow_4" pos="31.99" speed="47.00"/>
            </lane>
        </edge>
        <edge id="top">
            <lane id="top_0">
                <vehicle id="cfm_slow_0" pos="21.99" speed="47.00"/>
            </lane>
        </edge>
    </timestep>
    <timestep time="47.00">
        <edge id="bottom">
            <lane id="bottom_0">
                <vehicle id="cfm_slow_2" pos="6.69" speed="47.00"/>
                <vehicle id="cfm_slow_3" pos="46.69" speed="47.00"/>
            </lane>
        </edge>
        <edge id="left">
            <lane id="left_0">
                <vehicle id="cfm_slow_1" pos="16.69" speed="47.00"/>
            </lane>
        </edge>
        <edge id="right">
            <lane id="right_0">
                <vehicle id="cfm_slow_4" pos="36.69" speed="47.00"/>
            </lane>
        </edge>
        <edge id="top">
            <lane id="top_0">
                <vehicle id="cfm_slow_0" pos="26.69" speed="47.00"/>
            </lane>
        </edge>
    </timestep>
    <timestep time="47.10">
        <edge id="bottom">
            <lane id="bottom_0">
                <vehicle id="cfm_slow_2" pos="11.39" speed="47.00"/>
            </lane>
        </edge>
        <edge id="left">
            <lane id="left_0">
                <vehicle id="cfm_slow_1" pos="21.39" speed="47.00"/>
            </lane>
        </edge>
        <edge id="right">
            <lane id="right_0">
                <vehicle id="cfm_slow_3" pos="1.39" speed="47.00"/>
                <vehicle id="cfm_slow_4" pos="41.39" speed="47.00"/>
            </lane>
        </edge>
        <edge id="top">
            <lane id="top_0">
                <vehicle id="cfm_slow_0" pos="31.39" speed="47.00"/>
            </lane>
        </edge>
    </timestep>
    <timestep time="47.20">
        <edge id="bottom">
            <lane id="bottom_0">
                <vehicle id="cfm_slow_2" pos="16.09" speed="47.00"/>
            </lane>
        </edge>
        <edge id="left">
            <lane id="left_0">
                <vehicle id="cfm_slow_1" pos="26.09" speed="47.00"/>
            </lane>
        </edge>
        <edge id="right">
            <lane id="right_0">
                <vehicle id="cfm_slow_3" pos="6.09" speed="47.00"/>
                <vehicle id="cfm_slow_4" pos="46.09" speed="47.00"/>
            </lane>
        </edge>
        <edge id="top">
            <lane id="top_0">
                <vehicle id="cfm_slow_0" pos="36.09" speed="47.00"/>
            </lane>
        </edge>
    </timestep>
    <timestep time="47.30">
        <edge id="bottom">
            <lane id="bottom_0">
                <vehicle id="cfm_slow_2" pos="20.79" speed="47.00"/>
            </lane>
        </edge>
        <edge id="left">
            <lane id="left_0">
                <vehicle id="cfm_slow_1" pos="30.79" speed="47.00"/>
            </lane>
        </edge>
        <edge id="right">
            <lane id="right_0">
                <vehicle id="cfm_slow_3" pos="10.79" speed="47.00"/>
            </lane>
        </edge>
        <edge id="top">
            <lane id="top_0">
                <vehicle id="cfm_slow_4" pos="0.79" speed="47.00"/>
                <vehicle id="cfm_slow_0" pos="40.79" speed="47.00"/>
            </lane>
        </edge>
    </timestep>
    <timestep time="47.40">
        <edge id="bottom">
            <lane id="bottom_0">
                <vehicle id="cfm_slow_2" pos="25.49" speed="47.00"/>
            </lane>
        </edge>
        <edge id="left">
            <lane id="left_0">
                <vehicle id="cfm_slow_1" pos="35.49" speed="47.00"/>
            </lane>
        </edge>
        <edge id="right">
            <lane id="right_0">
                <vehicle id="cfm_slow_3" pos="15.49" speed="47.00"/>
            </lane>
        </edge>
        <edge id="top">
            <lane id="top_0">
                <vehicle id="cfm_slow_4" pos="5.49" speed="47.00"/>
                <vehicle id="cfm_slow_0" pos="45.49" speed="47.00"/>
            </lane>
        </edge>
    </timestep>
    <timestep time="47.50">
        <edge id="bottom">
            <lane id="bottom_0">
                <vehicle id="cfm_slow_2" pos="30.19" speed="47.00"/>
            </lane>
        </edge>
        <edge id="left">
            <lane id="left_0">
                <vehicle id="cfm_slow_0" pos="0.19" speed="47.00"/>
                <vehicle id="cfm_slow_1" pos="40.19" speed="47.00"/>
            </lane>
        </edge>
        <edge id="right">
            <lane id="right_0">
                <vehicle id="cfm_slow_3" pos="20.19" speed="47.00"/>
            </lane>
        </edge>
        <edge id="top">
            <lane id="top_0">
                <vehicle id="cfm_slow_4" pos="10.19" speed="47.00"/>
            </lane>
        </edge>
    </timestep>
    <timestep time="47.60">
        <edge id="bottom">
            <lane id="bottom_0">
                <vehicle id="cfm_slow_2" pos="34.89" speed="47.00"/>
            </lane>
        </edge>
        <edge id="left">
            <lane id="left_0">
                <vehicle id="cfm_slow_0" pos="4.89" speed="47.00"/>
                <vehicle id="cfm_slow_1" pos="44.89" speed="47.00"/>
            </lane>
        </edge>
        <edge id="right">
            <lane id="right_0">
                <vehicle id="cfm_slow_3" pos="24.89" speed="47.00"/>
            </lane>
        </edge>
        <edge id="top">
            <lane id="top_0">
                <vehicle id="cfm_slow_4" pos="14.89" speed="47.00"/>
            </lane>
        </edge>
    </timestep>
    <timestep time="47.70">
        <edge id="bottom">
            <lane id="bottom_0">
                <vehicle id="cfm_slow_2" pos="39.59" speed="47.00"/>
            </lane>
        </edge>
        <edge id="left">
            <lane id="left_0">
                <vehicle id="cfm_slow_0" pos="9.59" speed="47.00"/>
                <vehicle id="cfm_slow_1" pos="49.59" speed="47.00"/>
            </lane>
        </edge>
        <edge id="right">
            <lane id="right_0">
                <vehicle id="cfm_slow_3" pos="29.59" speed="47.00"/>
            </lane>
        </edge>
        <edge id="top">
            <lane id="top_0">
                <vehicle id="cfm_slow_4" pos="19.59" speed="47.00"/>
            </lane>
        </edge>
    </timestep>
    <timestep time="47.80">
        <edge id="bottom">
            <lane id="bottom_0">
                <vehicle id="cfm_slow_1" pos="4.29" speed="47.00"/>
                <vehicle id="cfm_slow_2" pos="44.29" speed="47.00"/>
            </lane>
        </edge>
        <edge id="left">
            <lane id="left_0">
                <vehicle id="cfm_slow_0" pos="14.29" speed="47.00"/>
            </lane>
        </edge>
        <edge id="right">
            <lane id="right_0">
                <vehicle id="cfm_slow_3" pos="34.29" speed="47.00"/>
            </lane>
        </edge>
        <edge id="top">
            <lane id="top_0">
                <vehicle id="cfm_slow_4" pos="24.29" speed="47.00"/>
            </lane>
        </edge>
    </timestep>
    <timestep time="47.90">
        <edge id="bottom">
            <lane id="bottom_0">
                <vehicle id="cfm_slow_1" pos="8.99" speed="47.00"/>
                <vehicle id="cfm_slow_2" pos="48.99" speed="47.00"/>
            </lane>
        </edge>
        <edge id="left">
            <lane id="left_0">
                <vehicle id="cfm_slow_0" pos="18.99" speed="47.00"/>
            </lane>
        </edge>
        <edge id="right">
            <lane id="right_0">
                <vehicle id="cfm_slow_3" pos="38.99" speed="47.00"/>
            </lane>
        </edge>
        <edge id="top">
            <lane id="top_0">
                <vehicle id="cfm_slow_4" pos="28.99" speed="47.00"/>
            </lane>
        </edge>
    </timestep>
    <timestep time="48.00">
        <edge id="bottom">
            <lane id="bottom_0">
                <vehicle id="cfm_slow_1" pos="13.69" speed="47.00"/>
            </lane>
        </edge>
        <edge id="left">
            <lane id="left_0">
                <vehicle id="cfm_slow_0" pos="23.69" speed="47.00"/>
            </lane>
        </edge>
        <edge id="right">
            <lane id="right_0">
                <vehicle id="cfm_slow_2" pos="3.69" speed="47.00"/>
                <vehicle id="cfm_slow_3" pos="43.69" speed="47.00"/>
            </lane>
        </edge>
        <edge id="top">
            <lane id="top_0">
                <vehicle id="cfm_slow_4" pos="33.69" speed="47.00"/>
            </lane>
        </edge>
    </timestep>
    <timestep time="48.10">
        <edge id="bottom">
            <lane id="bottom_0">
                <vehicle id="cfm_slow_1" pos="18.39" speed="47.00"/>
            </lane>
        </edge>
        <edge id="left">
            <lane id="left_0">
                <vehicle id="cfm_slow_0" pos="28.39" speed="47.00"/>
            </lane>
        </edge>
        <edge id="right">
            <lane id="right_0">
                <vehicle id="cfm_slow_2" pos="8.39" speed="47.00"/>
                <vehicle id="cfm_slow_3" pos="48.39" speed="47.00"/>
            </lane>
        </edge>
        <edge id="top">
            <lane id="top_0">
                <vehicle id="cfm_slow_4" pos="38.39" speed="47.00"/>
            </lane>
        </edge>
    </timestep>
    <timestep time="48.20">
        <edge id="bottom">
            <lane id="bottom_0">
                <vehicle id="cfm_slow_1" pos="23.09" speed="47.00"/>
            </lane>
        </edge>
        <edge id="left">
            <lane id="left_0">
                <vehicle id="cfm_slow_0" pos="33.09" speed="47.00"/>
            </lane>
        </edge>
        <edge id="right">
            <lane id="right_0">
                <vehicle id="cfm_slow_2" pos="13.09" speed="47.00"/>
            </lane>
        </edge>
        <edge id="top">
            <lane id="top_0">
                <vehicle id="cfm_slow_3" pos="3.09" speed="47.00"/>
                <vehicle id="cfm_slow_4" pos="43.09" speed="47.00"/>
            </lane>
        </edge>
    </timestep>
    <timestep time="48.30">
        <edge id="bottom">
            <lane id="bottom_0">
                <vehicle id="cfm_slow_1" pos="27.79" speed="47.00"/>
            </lane>
        </edge>
        <edge id="left">
            <lane id="left_0">
                <vehicle id="cfm_slow_0" pos="37.79" speed="47.00"/>
            </lane>
        </edge>
        <edge id="right">
            <lane id="right_0">
                <vehicle id="cfm_slow_2" pos="17.79" speed="47.00"/>
            </lane>
        </edge>
        <edge id="top">
            <lane id="top_0">
                <vehicle id="cfm_slow_3" pos="7.79" speed="47.00"/>
                <vehicle id="cfm_slow_4" pos="47.79" speed="47.00"/>
            </lane>
        </edge>
    </timestep>
    <timestep time="48.40">
        <edge id="bottom">
            <lane id="bottom_0">
                <vehicle id="cfm_slow_1" pos="32.49" speed="47.00"/>
            </lane>
        </edge>
        <edge id="left">
            <lane id="left_0">
                <vehicle id="cfm_slow_4" pos="2.49" speed="47.00"/>
                <vehicle id="cfm_slow_0" pos="42.49" speed="47.00"/>
            </lane>
        </edge>
        <edge id="right">
            <lane id="right_0">
                <vehicle id="cfm_slow_2" pos="22.49" speed="47.00"/>
            </lane>
        </edge>
        <edge id="top">
            <lane id="top_0">
                <vehicle id="cfm_slow_3" pos="12.49" speed="47.00"/>
            </lane>
        </edge>
    </timestep>
    <timestep time="48.50">
        <edge id="bottom">
            <lane id="bottom_0">
                <vehicle id="cfm_slow_1" pos="37.19" speed="47.00"/>
            </lane>
        </edge>
        <edge id="left">
            <lane id="left_0">
                <vehicle id="cfm_slow_4" pos="7.19" speed="47.00"/>
                <vehicle id="cfm_slow_0" pos="47.19" speed="47.00"/>
            </lane>
        </edge>
        <edge id="right">
            <lane id="right_0">
                <vehicle id="cfm_slow_2" pos="27.19" speed="47.00"/>
            </lane>
        </edge>
        <edge id="top">
            <lane id="top_0">
                <vehicle id="cfm_slow_3" pos="17.19" speed="47.00"/>
            </lane>
        </edge>
    </timestep>
    <timestep time="48.60">
        <edge id="bottom">
            <lane id="bottom_0">
                <vehicle id="cfm_slow_0" pos="1.89" speed="47.00"/>
                <vehicle id="cfm_slow_1" pos="41.89" speed="47.00"/>
            </lane>
        </edge>
        <edge id="left">
            <lane id="left_0">
                <vehicle id="cfm_slow_4" pos="11.89" speed="47.00"/>
            </lane>
        </edge>
        <edge id="right">
            <lane id="right_0">
                <vehicle id="cfm_slow_2" pos="31.89" speed="47.00"/>
            </lane>
        </edge>
        <edge id="top">
            <lane id="top_0">
                <vehicle id="cfm_slow_3" pos="21.89" speed="47.00"/>
            </lane>
        </edge>
    </timestep>
    <timestep time="48.70">
        <edge id="bottom">
            <lane id="bottom_0">
                <vehicle id="cfm_slow_0" pos="6.59" speed="47.00"/>
                <vehicle id="cfm_slow_1" pos="46.59" speed="47.00"/>
            </lane>
        </edge>
        <edge id="left">
            <lane id="left_0">
                <vehicle id="cfm_slow_4" pos="16.59" speed="47.00"/>
            </lane>
        </edge>
        <edge id="right">
            <lane id="right_0">
                <vehicle id="cfm_slow_2" pos="36.59" speed="47.00"/>
            </lane>
        </edge>
        <edge id="top">
            <lane id="top_0">
                <vehicle id="cfm_slow_3" pos="26.59" speed="47.00"/>
            </lane>
        </edge>
    </timestep>
    <timestep time="48.80">
        <edge id="bottom">
            <lane id="bottom_0">
                <vehicle id="cfm_slow_0" pos="11.29" speed="47.00"/>
            </lane>
        </edge>
        <edge id="left">
            <lane id="left_0">
                <vehicle id="cfm_slow_4" pos="21.29" speed="47.00"/>
            </lane>
        </edge>
        <edge id="right">
            <lane id="right_0">
                <vehicle id="cfm_slow_1" pos="1.29" speed="47.00"/>
                <vehicle id="cfm_slow_2" pos="41.29" speed="47.00"/>
            </lane>
        </edge>
        <edge id="top">
            <lane id="top_0">
                <vehicle id="cfm_slow_3" pos="31.29" speed="47.00"/>
            </lane>
        </edge>
    </timestep>
    <timestep time="48.90">
        <edge id="bottom">
            <lane id="bottom_0">
                <vehicle id="cfm_slow_0" pos="15.99" speed="47.00"/>
            </lane>
        </edge>
        <edge id="left">
            <lane id="left_0">
                <vehicle id="cfm_slow_4" pos="25.99" speed="47.00"/>
            </lane>
        </edge>
        <edge id="right">
            <lane id="right_0">
                <vehicle id="cfm_slow_1" pos="5.99" speed="47.00"/>
                <vehicle id="cfm_slow_2" pos="45.99" speed="47.00"/>
            </lane>
        </edge>
        <edge id="top">
            <lane id="top_0">
                <vehicle id="cfm_slow_3" pos="35.99" speed="47.00"/>
            </lane>
        </edge>
    </timestep>
    <timestep time="49.00">
        <edge id="bottom">
            <lane id="bottom_0">
                <vehicle id="cfm_slow_0" pos="20.69" speed="47.00"/>
            </lane>
        </edge>
        <edge id="left">
            <lane id="left_0">
                <vehicle id="cfm_slow_4" pos="30.69" speed="47.00"/>
            </lane>
        </edge>
        <edge id="right">
            <lane id="right_0">
                <vehicle id="cfm_slow_1" pos="10.69" speed="47.00"/>
            </lane>
        </edge>
        <edge id="top">
            <lane id="top_0">
                <vehicle id="cfm_slow_2" pos="0.69" speed="47.00"/>
                <vehicle id="cfm_slow_3" pos="40.69" speed="47.00"/>
            </lane>
        </edge>
    </timestep>
    <timestep time="49.10">
        <edge id="bottom">
            <lane id="bottom_0">
                <vehicle id="cfm_slow_0" pos="25.39" speed="47.00"/>
            </lane>
        </edge>
        <edge id="left">
            <lane id="left_0">
                <vehicle id="cfm_slow_4" pos="35.39" speed="47.00"/>
            </lane>
        </edge>
        <edge id="right">
            <lane id="right_0">
                <vehicle id="cfm_slow_1" pos="15.39" speed="47.00"/>
            </lane>
        </edge>
        <edge id="top">
            <lane id="top_0">
                <vehicle id="cfm_slow_2" pos="5.39" speed="47.00"/>
                <vehicle id="cfm_slow_3" pos="45.39" speed="47.00"/>
            </lane>
        </edge>
    </timestep>
    <timestep time="49.20">
        <edge id="bottom">
            <lane id="bottom_0">
                <vehicle id="cfm_slow_0" pos="30.09" speed="47.00"/>
            </lane>
        </edge>
        <edge id="left">
            <lane id="left_0">
                <vehicle id="cfm_slow_3" pos="0.09" speed="47.00"/>
                <vehicle id="cfm_slow_4" pos="40.09" speed="47.00"/>
            </lane>
        </edge>
        <edge id="right">
            <lane id="right_0">
                <vehicle id="cfm_slow_1" pos="20.09" speed="47.00"/>
            </lane>
        </edge>
        <edge id="top">
            <lane id="top_0">
                <vehicle id="cfm_slow_2" pos="10.09" speed="47.00"/>
            </lane>
        </edge>
    </timestep>
    <timestep time="49.30">
        <edge id="bottom">
            <lane id="bottom_0">
                <vehicle id="cfm_slow_0" pos="34.79" speed="47.00"/>
            </lane>
        </edge>
        <edge id="left">
            <lane id="left_0">
                <vehicle id="cfm_slow_3" pos="4.79" speed="47.00"/>
                <vehicle id="cfm_slow_4" pos="44.79" speed="47.00"/>
            </lane>
        </edge>
        <edge id="right">
            <lane id="right_0">
                <vehicle id="cfm_slow_1" pos="24.79" speed="47.00"/>
            </lane>
        </edge>
        <edge id="top">
            <lane id="top_0">
                <vehicle id="cfm_slow_2" pos="14.79" speed="47.00"/>
            </lane>
        </edge>
    </timestep>
    <timestep time="49.40">
        <edge id="bottom">
            <lane id="bottom_0">
                <vehicle id="cfm_slow_0" pos="39.49" speed="47.00"/>
            </lane>
        </edge>
        <edge id="left">
            <lane id="left_0">
                <vehicle id="cfm_slow_3" pos="9.49" speed="47.00"/>
                <vehicle id="cfm_slow_4" pos="49.49" speed="47.00"/>
            </lane>
        </edge>
        <edge id="right">
            <lane id="right_0">
                <vehicle id="cfm_slow_1" pos="29.49" speed="47.00"/>
            </lane>
        </edge>
        <edge id="top">
            <lane id="top_0">
                <vehicle id="cfm_slow_2" pos="19.49" speed="47.00"/>
            </lane>
        </edge>
    </timestep>
    <timestep time="49.50">
        <edge id="bottom">
            <lane id="bottom_0">
                <vehicle id="cfm_slow_4" pos="4.19" speed="47.00"/>
                <vehicle id="cfm_slow_0" pos="44.19" speed="47.00"/>
            </lane>
        </edge>
        <edge id="left">
            <lane id="left_0">
                <vehicle id="cfm_slow_3" pos="14.19" speed="47.00"/>
            </lane>
        </edge>
        <edge id="right">
            <lane id="right_0">
                <vehicle id="cfm_slow_1" pos="34.19" speed="47.00"/>
            </lane>
        </edge>
        <edge id="top">
            <lane id="top_0">
                <vehicle id="cfm_slow_2" pos="24.19" speed="47.00"/>
            </lane>
        </edge>
    </timestep>
    <timestep time="49.60">
        <edge id="bottom">
            <lane id="bottom_0">
                <vehicle id="cfm_slow_4" pos="8.89" speed="47.00"/>
                <vehicle id="cfm_slow_0" pos="48.89" speed="47.00"/>
            </lane>
        </edge>
        <edge id="left">
            <lane id="left_0">
                <vehicle id="cfm_slow_3" pos="18.89" speed="47.00"/>
            </lane>
        </edge>
        <edge id="right">
            <lane id="right_0">
                <vehicle id="cfm_slow_1" pos="38.89" speed="47.00"/>
            </lane>
        </edge>
        <edge id="top">
            <lane id="top_0">
                <vehicle id="cfm_slow_2" pos="28.89" speed="47.00"/>
            </lane>
        </edge>
    </timestep>
    <timestep time="49.70">
        <edge id="bottom">
            <lane id="bottom_0">
                <vehicle id="cfm_slow_4" pos="13.59" speed="47.00"/>
            </lane>
        </edge>
        <edge id="left">
            <lane id="left_0">
                <vehicle id="cfm_slow_3" pos="23.59" speed="47.00"/>
            </lane>
        </edge>
        <edge id="right">
            <lane id="right_0">
                <vehicle id="cfm_slow_0" pos="3.59" speed="47.00"/>
                <vehicle id="cfm_slow_1" pos="43.59" speed="47.00"/>
            </lane>
        </edge>
        <edge id="top">
            <lane id="top_0">
                <vehicle id="cfm_slow_2" pos="33.59" speed="47.00"/>
            </lane>
        </edge>
    </timestep>
    <timestep time="49.80">
        <edge id="bottom">
            <lane id="bottom_0">
                <vehicle id="cfm_slow_4" pos="18.29" speed="47.00"/>
            </lane>
        </edge>
        <edge id="left">
            <lane id="left_0">
                <vehicle id="cfm_slow_3" pos="28.29" speed="47.00"/>
            </lane>
        </edge>
        <edge id="right">
            <lane id="right_0">
                <vehicle id="cfm_slow_0" pos="8.29" speed="47.00"/>
                <vehicle id="cfm_slow_1" pos="48.29" speed="47.00"/>
            </lane>
        </edge>
        <edge id="top">
            <lane id="top_0">
                <vehicle id="cfm_slow_2" pos="38.29" speed="47.00"/>
            </lane>
        </edge>
    </timestep>
    <timestep time="49.90">
        <edge id="bottom">
            <lane id="bottom_0">
                <vehicle id="cfm_slow_4" pos="22.99" speed="47.00"/>
            </lane>
        </edge>
        <edge id="left">
            <lane id="left_0">
                <vehicle id="cfm_slow_3" pos="32.99" speed="47.00"/>
            </lane>
        </edge>
        <edge id="right">
            <lane id="right_0">
                <vehicle id="cfm_slow_0" pos="12.99" speed="47.00"/>
            </lane>
        </edge>
        <edge id="top">
            <lane id="top_0">
                <vehicle id="cfm_slow_1" pos="2.99" speed="47.00"/>
                <vehicle id="cfm_slow_2" pos="42.99" speed="47.00"/>
            </lane>
        </edge>
    </timestep>
    <timestep time="50.00">
        <edge id="bottom">
            <lane id="bottom_0">
                <vehicle id="cfm_slow_4" pos="27.69" speed="47.00"/>
            </lane>
        </edge>
        <edge id="left">
            <lane id="left_0">
                <vehicle id="cfm_slow_3" pos="37.69" speed="47.00"/>
            </lane>
        </edge>
        <edge id="right">
            <lane id="right_0">
                <vehicle id="cfm_slow_0" pos="17.69" speed="47.00"/>
            </lane>
        </edge>
        <edge id="top">
            <lane id="top_0">
                <vehicle id="cfm_slow_1" pos="7.69" speed="47.00"/>
                <vehicle id="cfm_slow_2" pos="47.69" speed="47.00"/>
            </lane>
        </edge>
    </timestep>
    <timestep time="50.10">
        <edge id="bottom">
            <lane id="bottom_0">
                <vehicle id="cfm_slow_4" pos="32.39" speed="47.00"/>
            </lane>
        </edge>
        <edge id="left">
            <lane id="left_0">
                <vehicle id="cfm_slow_2" pos="2.39" speed="47.00"/>
                <vehicle id="cfm_slow_3" pos="42.39" speed="47.00"/>
            </lane>
        </edge>
        <edge id="right">
            <lane id="right_0">
                <vehicle id="cfm_slow_0" pos="22.39" speed="47.00"/>
            </lane>
        </edge>
        <edge id="top">
            <lane id="top_0">
                <vehicle id="cfm_slow_1" pos="12.39" speed="47.00"/>
            </lane>
        </edge>
    </timestep>
    <timestep time="50.20">
        <edge id="bottom">
            <lane id="bottom_0">
                <vehicle id="cfm_slow_4" pos="37.09" speed="47.00"/>
            </lane>
        </edge>
        <edge id="left">
            <lane id="left_0">
                <vehicle id="cfm_slow_2" pos="7.09" speed="47.00"/>
                <vehicle id="cfm_slow_3" pos="47.09" speed="47.00"/>
            </lane>
        </edge>
        <edge id="right">
            <lane id="right_0">
                <vehicle id="cfm_slow_0" pos="27.09" speed="47.00"/>
            </lane>
        </edge>
        <edge id="top">
            <lane id="top_0">
                <vehicle id="cfm_slow_1" pos="17.09" speed="47.00"/>
            </lane>
        </edge>
    </timestep>
    <timestep time="50.30">
        <edge id="bottom">
            <lane id="bottom_0">
                <vehicle id="cfm_slow_3" pos="1.79" speed="47.00"/>
                <vehicle id="cfm_slow_4" pos="41.79" speed="47.00"/>
            </lane>
        </edge>
        <edge id="left">
            <lane id="left_0">
                <vehicle id="cfm_slow_2" pos="11.79" speed="47.00"/>
            </lane>
        </edge>
        <edge id="right">
            <lane id="right_0">
                <vehicle id="cfm_slow_0" pos="31.79" speed="47.00"/>
            </lane>
        </edge>
        <edge id="top">
            <lane id="top_0">
                <vehicle id="cfm_slow_1" pos="21.79" speed="47.00"/>
            </lane>
        </edge>
    </timestep>
    <timestep time="50.40">
        <edge id="bottom">
            <lane id="bottom_0">
                <vehicle id="cfm_slow_3" pos="6.49" speed="47.00"/>
                <vehicle id="cfm_slow_4" pos="46.49" speed="47.00"/>
            </lane>
        </edge>
        <edge id="left">
            <lane id="left_0">
                <vehicle id="cfm_slow_2" pos="16.49" speed="47.00"/>
            </lane>
        </edge>
        <edge id="right">
            <lane id="right_0">
                <vehicle id="cfm_slow_0" pos="36.49" speed="47.00"/>
            </lane>
        </edge>
        <edge id="top">
            <lane id="top_0">
                <vehicle id="cfm_slow_1" pos="26.49" speed="47.00"/>
            </lane>
        </edge>
    </timestep>
    <timestep time="50.50">
        <edge id="bottom">
            <lane id="bottom_0">
                <vehicle id="cfm_slow_3" pos="11.19" speed="47.00"/>
            </lane>
        </edge>
        <edge id="left">
            <lane id="left_0">
                <vehicle id="cfm_slow_2" pos="21.19" speed="47.00"/>
            </lane>
        </edge>
        <edge id="right">
            <lane id="right_0">
                <vehicle id="cfm_slow_4" pos="1.19" speed="47.00"/>
                <vehicle id="cfm_slow_0" pos="41.19" speed="47.00"/>
            </lane>
        </edge>
        <edge id="top">
            <lane id="top_0">
                <vehicle id="cfm_slow_1" pos="31.19" speed="47.00"/>
            </lane>
        </edge>
    </timestep>
    <timestep time="50.60">
        <edge id="bottom">
            <lane id="bottom_0">
                <vehicle id="cfm_slow_3" pos="15.89" speed="47.00"/>
            </lane>
        </edge>
        <edge id="left">
            <lane id="left_0">
                <vehicle id="cfm_slow_2" pos="25.89" speed="47.00"/>
            </lane>
        </edge>
        <edge id="right">
            <lane id="right_0">
                <vehicle id="cfm_slow_4" pos="5.89" speed="47.00"/>
                <vehicle id="cfm_slow_0" pos="45.89" speed="47.00"/>
            </lane>
        </edge>
        <edge id="top">
            <lane id="top_0">
                <vehicle id="cfm_slow_1" pos="35.89" speed="47.00"/>
            </lane>
        </edge>
    </timestep>
    <timestep time="50.70">
        <edge id="bottom">
            <lane id="bottom_0">
                <vehicle id="cfm_slow_3" pos="20.59" speed="47.00"/>
            </lane>
        </edge>
        <edge id="left">
            <lane id="left_0">
                <vehicle id="cfm_slow_2" pos="30.59" speed="47.00"/>
            </lane>
        </edge>
        <edge id="right">
            <lane id="right_0">
                <vehicle id="cfm_slow_4" pos="10.59" speed="47.00"/>
            </lane>
        </edge>
        <edge id="top">
            <lane id="top_0">
                <vehicle id="cfm_slow_0" pos="0.59" speed="47.00"/>
                <vehicle id="cfm_slow_1" pos="40.59" speed="47.00"/>
            </lane>
        </edge>
    </timestep>
    <timestep time="50.80">
        <edge id="bottom">
            <lane id="bottom_0">
                <vehicle id="cfm_slow_3" pos="25.29" speed="47.00"/>
            </lane>
        </edge>
        <edge id="left">
            <lane id="left_0">
                <vehicle id="cfm_slow_2" pos="35.29" speed="47.00"/>
            </lane>
        </edge>
        <edge id="right">
            <lane id="right_0">
                <vehicle id="cfm_slow_4" pos="15.29" speed="47.00"/>
            </lane>
        </edge>
        <edge id="top">
            <lane id="top_0">
                <vehicle id="cfm_slow_0" pos="5.29" speed="47.00"/>
                <vehicle id="cfm_slow_1" pos="45.29" speed="47.00"/>
            </lane>
        </edge>
    </timestep>
    <timestep time="50.90">
        <edge id="bottom">
            <lane id="bottom_0">
                <vehicle id="cfm_slow_3" pos="29.99" speed="47.00"/>
            </lane>
        </edge>
        <edge id="left">
            <lane id="left_0">
                <vehicle id="cfm_slow_2" pos="39.99" speed="47.00"/>
            </lane>
        </edge>
        <edge id="right">
            <lane id="right_0">
                <vehicle id="cfm_slow_4" pos="19.99" speed="47.00"/>
            </lane>
        </edge>
        <edge id="top">
            <lane id="top_0">
                <vehicle id="cfm_slow_0" pos="9.99" speed="47.00"/>
                <vehicle id="cfm_slow_1" pos="49.99" speed="47.00"/>
            </lane>
        </edge>
    </timestep>
    <timestep time="51.00">
        <edge id="bottom">
            <lane id="bottom_0">
                <vehicle id="cfm_slow_3" pos="34.69" speed="47.00"/>
            </lane>
        </edge>
        <edge id="left">
            <lane id="left_0">
                <vehicle id="cfm_slow_1" pos="4.69" speed="47.00"/>
                <vehicle id="cfm_slow_2" pos="44.69" speed="47.00"/>
            </lane>
        </edge>
        <edge id="right">
            <lane id="right_0">
                <vehicle id="cfm_slow_4" pos="24.69" speed="47.00"/>
            </lane>
        </edge>
        <edge id="top">
            <lane id="top_0">
                <vehicle id="cfm_slow_0" pos="14.69" speed="47.00"/>
            </lane>
        </edge>
    </timestep>
    <timestep time="51.10">
        <edge id="bottom">
            <lane id="bottom_0">
                <vehicle id="cfm_slow_3" pos="39.39" speed="47.00"/>
            </lane>
        </edge>
        <edge id="left">
            <lane id="left_0">
                <vehicle id="cfm_slow_1" pos="9.39" speed="47.00"/>
                <vehicle id="cfm_slow_2" pos="49.39" speed="47.00"/>
            </lane>
        </edge>
        <edge id="right">
            <lane id="right_0">
                <vehicle id="cfm_slow_4" pos="29.39" speed="47.00"/>
            </lane>
        </edge>
        <edge id="top">
            <lane id="top_0">
                <vehicle id="cfm_slow_0" pos="19.39" speed="47.00"/>
            </lane>
        </edge>
    </timestep>
    <timestep time="51.20">
        <edge id="bottom">
            <lane id="bottom_0">
                <vehicle id="cfm_slow_2" pos="4.09" speed="47.00"/>
                <vehicle id="cfm_slow_3" pos="44.09" speed="47.00"/>
            </lane>
        </edge>
        <edge id="left">
            <lane id="left_0">
                <vehicle id="cfm_slow_1" pos="14.09" speed="47.00"/>
            </lane>
        </edge>
        <edge id="right">
            <lane id="right_0">
                <vehicle id="cfm_slow_4" pos="34.09" speed="47.00"/>
            </lane>
        </edge>
        <edge id="top">
            <lane id="top_0">
                <vehicle id="cfm_slow_0" pos="24.09" speed="47.00"/>
            </lane>
        </edge>
    </timestep>
    <timestep time="51.30">
        <edge id="bottom">
            <lane id="bottom_0">
                <vehicle id="cfm_slow_2" pos="8.79" speed="47.00"/>
                <vehicle id="cfm_slow_3" pos="48.79" speed="47.00"/>
            </lane>
        </edge>
        <edge id="left">
            <lane id="left_0">
                <vehicle id="cfm_slow_1" pos="18.79" speed="47.00"/>
            </lane>
        </edge>
        <edge id="right">
            <lane id="right_0">
                <vehicle id="cfm_slow_4" pos="38.79" speed="47.00"/>
            </lane>
        </edge>
        <edge id="top">
            <lane id="top_0">
                <vehicle id="cfm_slow_0" pos="28.79" speed="47.00"/>
            </lane>
        </edge>
    </timestep>
    <timestep time="51.40">
        <edge id="bottom">
            <lane id="bottom_0">
                <vehicle id="cfm_slow_2" pos="13.49" speed="47.00"/>
            </lane>
        </edge>
        <edge id="left">
            <lane id="left_0">
                <vehicle id="cfm_slow_1" pos="23.49" speed="47.00"/>
            </lane>
        </edge>
        <edge id="right">
            <lane id="right_0">
                <vehicle id="cfm_slow_3" pos="3.49" speed="47.00"/>
                <vehicle id="cfm_slow_4" pos="43.49" speed="47.00"/>
            </lane>
        </edge>
        <edge id="top">
            <lane id="top_0">
                <vehicle id="cfm_slow_0" pos="33.49" speed="47.00"/>
            </lane>
        </edge>
    </timestep>
    <timestep time="51.50">
        <edge id="bottom">
            <lane id="bottom_0">
                <vehicle id="cfm_slow_2" pos="18.19" speed="47.00"/>
            </lane>
        </edge>
        <edge id="left">
            <lane id="left_0">
                <vehicle id="cfm_slow_1" pos="28.19" speed="47.00"/>
            </lane>
        </edge>
        <edge id="right">
            <lane id="right_0">
                <vehicle id="cfm_slow_3" pos="8.19" speed="47.00"/>
                <vehicle id="cfm_slow_4" pos="48.19" speed="47.00"/>
            </lane>
        </edge>
        <edge id="top">
            <lane id="top_0">
                <vehicle id="cfm_slow_0" pos="38.19" speed="47.00"/>
            </lane>
        </edge>
    </timestep>
    <timestep time="51.60">
        <edge id="bottom">
            <lane id="bottom_0">
                <vehicle id="cfm_slow_2" pos="22.89" speed="47.00"/>
            </lane>
        </edge>
        <edge id="left">
            <lane id="left_0">
                <vehicle id="cfm_slow_1" pos="32.89" speed="47.00"/>
            </lane>
        </edge>
        <edge id="right">
            <lane id="right_0">
                <vehicle id="cfm_slow_3" pos="12.89" speed="47.00"/>
            </lane>
        </edge>
        <edge id="top">
            <lane id="top_0">
                <vehicle id="cfm_slow_4" pos="2.89" speed="47.00"/>
                <vehicle id="cfm_slow_0" pos="42.89" speed="47.00"/>
            </lane>
        </edge>
    </timestep>
    <timestep time="51.70">
        <edge id="bottom">
            <lane id="bottom_0">
                <vehicle id="cfm_slow_2" pos="27.59" speed="47.00"/>
            </lane>
        </edge>
        <edge id="left">
            <lane id="left_0">
                <vehicle id="cfm_slow_1" pos="37.59" speed="47.00"/>
            </lane>
        </edge>
        <edge id="right">
            <lane id="right_0">
                <vehicle id="cfm_slow_3" pos="17.59" speed="47.00"/>
            </lane>
        </edge>
        <edge id="top">
            <lane id="top_0">
                <vehicle id="cfm_slow_4" pos="7.59" speed="47.00"/>
                <vehicle id="cfm_slow_0" pos="47.59" speed="47.00"/>
            </lane>
        </edge>
    </timestep>
    <timestep time="51.80">
        <edge id="bottom">
            <lane id="bottom_0">
                <vehicle id="cfm_slow_2" pos="32.29" speed="47.00"/>
            </lane>
        </edge>
        <edge id="left">
            <lane id="left_0">
                <vehicle id="cfm_slow_0" pos="2.29" speed="47.00"/>
                <vehicle id="cfm_slow_1" pos="42.29" speed="47.00"/>
            </lane>
        </edge>
        <edge id="right">
            <lane id="right_0">
                <vehicle id="cfm_slow_3" pos="22.29" speed="47.00"/>
            </lane>
        </edge>
        <edge id="top">
            <lane id="top_0">
                <vehicle id="cfm_slow_4" pos="12.29" speed="47.00"/>
            </lane>
        </edge>
    </timestep>
    <timestep time="51.90">
        <edge id="bottom">
            <lane id="bottom_0">
                <vehicle id="cfm_slow_2" pos="36.99" speed="47.00"/>
            </lane>
        </edge>
        <edge id="left">
            <lane id="left_0">
                <vehicle id="cfm_slow_0" pos="6.99" speed="47.00"/>
                <vehicle id="cfm_slow_1" pos="46.99" speed="47.00"/>
            </lane>
        </edge>
        <edge id="right">
            <lane id="right_0">
                <vehicle id="cfm_slow_3" pos="26.99" speed="47.00"/>
            </lane>
        </edge>
        <edge id="top">
            <lane id="top_0">
                <vehicle id="cfm_slow_4" pos="16.99" speed="47.00"/>
            </lane>
        </edge>
    </timestep>
    <timestep time="52.00">
        <edge id="bottom">
            <lane id="bottom_0">
                <vehicle id="cfm_slow_1" pos="1.69" speed="47.00"/>
                <vehicle id="cfm_slow_2" pos="41.69" speed="47.00"/>
            </lane>
        </edge>
        <edge id="left">
            <lane id="left_0">
                <vehicle id="cfm_slow_0" pos="11.69" speed="47.00"/>
            </lane>
        </edge>
        <edge id="right">
            <lane id="right_0">
                <vehicle id="cfm_slow_3" pos="31.69" speed="47.00"/>
            </lane>
        </edge>
        <edge id="top">
            <lane id="top_0">
                <vehicle id="cfm_slow_4" pos="21.69" speed="47.00"/>
            </lane>
        </edge>
    </timestep>
    <timestep time="52.10">
        <edge id="bottom">
            <lane id="bottom_0">
                <vehicle id="cfm_slow_1" pos="6.39" speed="47.00"/>
                <vehicle id="cfm_slow_2" pos="46.39" speed="47.00"/>
            </lane>
        </edge>
        <edge id="left">
            <lane id="left_0">
                <vehicle id="cfm_slow_0" pos="16.39" speed="47.00"/>
            </lane>
        </edge>
        <edge id="right">
            <lane id="right_0">
                <vehicle id="cfm_slow_3" pos="36.39" speed="47.00"/>
            </lane>
        </edge>
        <edge id="top">
            <lane id="top_0">
                <vehicle id="cfm_slow_4" pos="26.39" speed="47.00"/>
            </lane>
        </edge>
    </timestep>
    <timestep time="52.20">
        <edge id="bottom">
            <lane id="bottom_0">
                <vehicle id="cfm_slow_1" pos="11.09" speed="47.00"/>
            </lane>
        </edge>
        <edge id="left">
            <lane id="left_0">
                <vehicle id="cfm_slow_0" pos="21.09" speed="47.00"/>
            </lane>
        </edge>
        <edge id="right">
            <lane id="right_0">
                <vehicle id="cfm_slow_2" pos="1.09" speed="47.00"/>
                <vehicle id="cfm_slow_3" pos="41.09" speed="47.00"/>
            </lane>
        </edge>
        <edge id="top">
            <lane id="top_0">
                <vehicle id="cfm_slow_4" pos="31.09" speed="47.00"/>
            </lane>
        </edge>
    </timestep>
    <timestep time="52.30">
        <edge id="bottom">
            <lane id="bottom_0">
                <vehicle id="cfm_slow_1" pos="15.79" speed="47.00"/>
            </lane>
        </edge>
        <edge id="left">
            <lane id="left_0">
                <vehicle id="cfm_slow_0" pos="25.79" speed="47.00"/>
            </lane>
        </edge>
        <edge id="right">
            <lane id="right_0">
                <vehicle id="cfm_slow_2" pos="5.79" speed="47.00"/>
                <vehicle id="cfm_slow_3" pos="45.79" speed="47.00"/>
            </lane>
        </edge>
        <edge id="top">
            <lane id="top_0">
                <vehicle id="cfm_slow_4" pos="35.79" speed="47.00"/>
            </lane>
        </edge>
    </timestep>
    <timestep time="52.40">
        <edge id="bottom">
            <lane id="bottom_0">
                <vehicle id="cfm_slow_1" pos="20.49" speed="47.00"/>
            </lane>
        </edge>
        <edge id="left">
            <lane id="left_0">
                <vehicle id="cfm_slow_0" pos="30.49" speed="47.00"/>
            </lane>
        </edge>
        <edge id="right">
            <lane id="right_0">
                <vehicle id="cfm_slow_2" pos="10.49" speed="47.00"/>
            </lane>
        </edge>
        <edge id="top">
            <lane id="top_0">
                <vehicle id="cfm_slow_3" pos="0.49" speed="47.00"/>
                <vehicle id="cfm_slow_4" pos="40.49" speed="47.00"/>
            </lane>
        </edge>
    </timestep>
    <timestep time="52.50">
        <edge id="bottom">
            <lane id="bottom_0">
                <vehicle id="cfm_slow_1" pos="25.19" speed="47.00"/>
            </lane>
        </edge>
        <edge id="left">
            <lane id="left_0">
                <vehicle id="cfm_slow_0" pos="35.19" speed="47.00"/>
            </lane>
        </edge>
        <edge id="right">
            <lane id="right_0">
                <vehicle id="cfm_slow_2" pos="15.19" speed="47.00"/>
            </lane>
        </edge>
        <edge id="top">
            <lane id="top_0">
                <vehicle id="cfm_slow_3" pos="5.19" speed="47.00"/>
                <vehicle id="cfm_slow_4" pos="45.19" speed="47.00"/>
            </lane>
        </edge>
    </timestep>
    <timestep time="52.60">
        <edge id="bottom">
            <lane id="bottom_0">
                <vehicle id="cfm_slow_1" pos="29.89" speed="47.00"/>
            </lane>
        </edge>
        <edge id="left">
            <lane id="left_0">
                <vehicle id="cfm_slow_0" pos="39.89" speed="47.00"/>
            </lane>
        </edge>
        <edge id="right">
            <lane id="right_0">
                <vehicle id="cfm_slow_2" pos="19.89" speed="47.00"/>
            </lane>
        </edge>
        <edge id="top">
            <lane id="top_0">
                <vehicle id="cfm_slow_3" pos="9.89" speed="47.00"/>
                <vehicle id="cfm_slow_4" pos="49.89" speed="47.00"/>
            </lane>
        </edge>
    </timestep>
    <timestep time="52.70">
        <edge id="bottom">
            <lane id="bottom_0">
                <vehicle id="cfm_slow_1" pos="34.59" speed="47.00"/>
            </lane>
        </edge>
        <edge id="left">
            <lane id="left_0">
                <vehicle id="cfm_slow_4" pos="4.59" speed="47.00"/>
                <vehicle id="cfm_slow_0" pos="44.59" speed="47.00"/>
            </lane>
        </edge>
        <edge id="right">
            <lane id="right_0">
                <vehicle id="cfm_slow_2" pos="24.59" speed="47.00"/>
            </lane>
        </edge>
        <edge id="top">
            <lane id="top_0">
                <vehicle id="cfm_slow_3" pos="14.59" speed="47.00"/>
            </lane>
        </edge>
    </timestep>
    <timestep time="52.80">
        <edge id="bottom">
            <lane id="bottom_0">
                <vehicle id="cfm_slow_1" pos="39.29" speed="47.00"/>
            </lane>
        </edge>
        <edge id="left">
            <lane id="left_0">
                <vehicle id="cfm_slow_4" pos="9.29" speed="47.00"/>
                <vehicle id="cfm_slow_0" pos="49.29" speed="47.00"/>
            </lane>
        </edge>
        <edge id="right">
            <lane id="right_0">
                <vehicle id="cfm_slow_2" pos="29.29" speed="47.00"/>
            </lane>
        </edge>
        <edge id="top">
            <lane id="top_0">
                <vehicle id="cfm_slow_3" pos="19.29" speed="47.00"/>
            </lane>
        </edge>
    </timestep>
    <timestep time="52.90">
        <edge id="bottom">
            <lane id="bottom_0">
                <vehicle id="cfm_slow_0" pos="3.99" speed="47.00"/>
                <vehicle id="cfm_slow_1" pos="43.99" speed="47.00"/>
            </lane>
        </edge>
        <edge id="left">
            <lane id="left_0">
                <vehicle id="cfm_slow_4" pos="13.99" speed="47.00"/>
            </lane>
        </edge>
        <edge id="right">
            <lane id="right_0">
                <vehicle id="cfm_slow_2" pos="33.99" speed="47.00"/>
            </lane>
        </edge>
        <edge id="top">
            <lane id="top_0">
                <vehicle id="cfm_slow_3" pos="23.99" speed="47.00"/>
            </lane>
        </edge>
    </timestep>
    <timestep time="53.00">
        <edge id="bottom">
            <lane id="bottom_0">
                <vehicle id="cfm_slow_0" pos="8.69" speed="47.00"/>
                <vehicle id="cfm_slow_1" pos="48.69" speed="47.00"/>
            </lane>
        </edge>
        <edge id="left">
            <lane id="left_0">
                <vehicle id="cfm_slow_4" pos="18.69" speed="47.00"/>
            </lane>
        </edge>
        <edge id="right">
            <lane id="right_0">
                <vehicle id="cfm_slow_2" pos="38.69" speed="47.00"/>
            </lane>
        </edge>
        <edge id="top">
            <lane id="top_0">
                <vehicle id="cfm_slow_3" pos="28.69" speed="47.00"/>
            </lane>
        </edge>
    </timestep>
    <timestep time="53.10">
        <edge id="bottom">
            <lane id="bottom_0">
                <vehicle id="cfm_slow_0" pos="13.39" speed="47.00"/>
            </lane>
        </edge>
        <edge id="left">
            <lane id="left_0">
                <vehicle id="cfm_slow_4" pos="23.39" speed="47.00"/>
            </lane>
        </edge>
        <edge id="right">
            <lane id="right_0">
                <vehicle id="cfm_slow_1" pos="3.39" speed="47.00"/>
                <vehicle id="cfm_slow_2" pos="43.39" speed="47.00"/>
            </lane>
        </edge>
        <edge id="top">
            <lane id="top_0">
                <vehicle id="cfm_slow_3" pos="33.39" speed="47.00"/>
            </lane>
        </edge>
    </timestep>
    <timestep time="53.20">
        <edge id="bottom">
            <lane id="bottom_0">
                <vehicle id="cfm_slow_0" pos="18.09" speed="47.00"/>
            </lane>
        </edge>
        <edge id="left">
            <lane id="left_0">
                <vehicle id="cfm_slow_4" pos="28.09" speed="47.00"/>
            </lane>
        </edge>
        <edge id="right">
            <lane id="right_0">
                <vehicle id="cfm_slow_1" pos="8.09" speed="47.00"/>
                <vehicle id="cfm_slow_2" pos="48.09" speed="47.00"/>
            </lane>
        </edge>
        <edge id="top">
            <lane id="top_0">
                <vehicle id="cfm_slow_3" pos="38.09" speed="47.00"/>
            </lane>
        </edge>
    </timestep>
    <timestep time="53.30">
        <edge id="bottom">
            <lane id="bottom_0">
                <vehicle id="cfm_slow_0" pos="22.79" speed="47.00"/>
            </lane>
        </edge>
        <edge id="left">
            <lane id="left_0">
                <vehicle id="cfm_slow_4" pos="32.79" speed="47.00"/>
            </lane>
        </edge>
        <edge id="right">
            <lane id="right_0">
                <vehicle id="cfm_slow_1" pos="12.79" speed="47.00"/>
            </lane>
        </edge>
        <edge id="top">
            <lane id="top_0">
                <vehicle id="cfm_slow_2" pos="2.79" speed="47.00"/>
                <vehicle id="cfm_slow_3" pos="42.79" speed="47.00"/>
            </lane>
        </edge>
    </timestep>
    <timestep time="53.40">
        <edge id="bottom">
            <lane id="bottom_0">
                <vehicle id="cfm_slow_0" pos="27.49" speed="47.00"/>
            </lane>
        </edge>
        <edge id="left">
            <lane id="left_0">
                <vehicle id="cfm_slow_4" pos="37.49" speed="47.00"/>
            </lane>
        </edge>
        <edge id="right">
            <lane id="right_0">
                <vehicle id="cfm_slow_1" pos="17.49" speed="47.00"/>
            </lane>
        </edge>
        <edge id="top">
            <lane id="top_0">
                <vehicle id="cfm_slow_2" pos="7.49" speed="47.00"/>
                <vehicle id="cfm_slow_3" pos="47.49" speed="47.00"/>
            </lane>
        </edge>
    </timestep>
    <timestep time="53.50">
        <edge id="bottom">
            <lane id="bottom_0">
                <vehicle id="cfm_slow_0" pos="32.19" speed="47.00"/>
            </lane>
        </edge>
        <edge id="left">
            <lane id="left_0">
                <vehicle id="cfm_slow_3" pos="2.19" speed="47.00"/>
                <vehicle id="cfm_slow_4" pos="42.19" speed="47.00"/>
            </lane>
        </edge>
        <edge id="right">
            <lane id="right_0">
                <vehicle id="cfm_slow_1" pos="22.19" speed="47.00"/>
            </lane>
        </edge>
        <edge id="top">
            <lane id="top_0">
                <vehicle id="cfm_slow_2" pos="12.19" speed="47.00"/>
            </lane>
        </edge>
    </timestep>
    <timestep time="53.60">
        <edge id="bottom">
            <lane id="bottom_0">
                <vehicle id="cfm_slow_0" pos="36.89" speed="47.00"/>
            </lane>
        </edge>
        <edge id="left">
            <lane id="left_0">
                <vehicle id="cfm_slow_3" pos="6.89" speed="47.00"/>
                <vehicle id="cfm_slow_4" pos="46.89" speed="47.00"/>
            </lane>
        </edge>
        <edge id="right">
            <lane id="right_0">
                <vehicle id="cfm_slow_1" pos="26.89" speed="47.00"/>
            </lane>
        </edge>
        <edge id="top">
            <lane id="top_0">
                <vehicle id="cfm_slow_2" pos="16.89" speed="47.00"/>
            </lane>
        </edge>
    </timestep>
    <timestep time="53.70">
        <edge id="bottom">
            <lane id="bottom_0">
                <vehicle id="cfm_slow_4" pos="1.59" speed="47.00"/>
                <vehicle id="cfm_slow_0" pos="41.59" speed="47.00"/>
            </lane>
        </edge>
        <edge id="left">
            <lane id="left_0">
                <vehicle id="cfm_slow_3" pos="11.59" speed="47.00"/>
            </lane>
        </edge>
        <edge id="right">
            <lane id="right_0">
                <vehicle id="cfm_slow_1" pos="31.59" speed="47.00"/>
            </lane>
        </edge>
        <edge id="top">
            <lane id="top_0">
                <vehicle id="cfm_slow_2" pos="21.59" speed="47.00"/>
            </lane>
        </edge>
    </timestep>
    <timestep time="53.80">
        <edge id="bottom">
            <lane id="bottom_0">
                <vehicle id="cfm_slow_4" pos="6.29" speed="47.00"/>
                <vehicle id="cfm_slow_0" pos="46.29" speed="47.00"/>
            </lane>
        </edge>
        <edge id="left">
            <lane id="left_0">
                <vehicle id="cfm_slow_3" pos="16.29" speed="47.00"/>
            </lane>
        </edge>
        <edge id="right">
            <lane id="right_0">
                <vehicle id="cfm_slow_1" pos="36.29" speed="47.00"/>
            </lane>
        </edge>
        <edge id="top">
            <lane id="top_0">
                <vehicle id="cfm_slow_2" pos="26.29" speed="47.00"/>
            </lane>
        </edge>
    </timestep>
    <timestep time="53.90">
        <edge id="bottom">
            <lane id="bottom_0">
                <vehicle id="cfm_slow_4" pos="10.99" speed="47.00"/>
            </lane>
        </edge>
        <edge id="left">
            <lane id="left_0">
                <vehicle id="cfm_slow_3" pos="20.99" speed="47.00"/>
            </lane>
        </edge>
        <edge id="right">
            <lane id="right_0">
                <vehicle id="cfm_slow_0" pos="0.99" speed="47.00"/>
                <vehicle id="cfm_slow_1" pos="40.99" speed="47.00"/>
            </lane>
        </edge>
        <edge id="top">
            <lane id="top_0">
                <vehicle id="cfm_slow_2" pos="30.99" speed="47.00"/>
            </lane>
        </edge>
    </timestep>
    <timestep time="54.00">
        <edge id="bottom">
            <lane id="bottom_0">
                <vehicle id="cfm_slow_4" pos="15.69" speed="47.00"/>
            </lane>
        </edge>
        <edge id="left">
            <lane id="left_0">
                <vehicle id="cfm_slow_3" pos="25.69" speed="47.00"/>
            </lane>
        </edge>
        <edge id="right">
            <lane id="right_0">
                <vehicle id="cfm_slow_0" pos="5.69" speed="47.00"/>
                <vehicle id="cfm_slow_1" pos="45.69" speed="47.00"/>
            </lane>
        </edge>
        <edge id="top">
            <lane id="top_0">
                <vehicle id="cfm_slow_2" pos="35.69" speed="47.00"/>
            </lane>
        </edge>
    </timestep>
    <timestep time="54.10">
        <edge id="bottom">
            <lane id="bottom_0">
                <vehicle id="cfm_slow_4" pos="20.39" speed="47.00"/>
            </lane>
        </edge>
        <edge id="left">
            <lane id="left_0">
                <vehicle id="cfm_slow_3" pos="30.39" speed="47.00"/>
            </lane>
        </edge>
        <edge id="right">
            <lane id="right_0">
                <vehicle id="cfm_slow_0" pos="10.39" speed="47.00"/>
            </lane>
        </edge>
        <edge id="top">
            <lane id="top_0">
                <vehicle id="cfm_slow_1" pos="0.39" speed="47.00"/>
                <vehicle id="cfm_slow_2" pos="40.39" speed="47.00"/>
            </lane>
        </edge>
    </timestep>
    <timestep time="54.20">
        <edge id="bottom">
            <lane id="bottom_0">
                <vehicle id="cfm_slow_4" pos="25.09" speed="47.00"/>
            </lane>
        </edge>
        <edge id="left">
            <lane id="left_0">
                <vehicle id="cfm_slow_3" pos="35.09" speed="47.00"/>
            </lane>
        </edge>
        <edge id="right">
            <lane id="right_0">
                <vehicle id="cfm_slow_0" pos="15.09" speed="47.00"/>
            </lane>
        </edge>
        <edge id="top">
            <lane id="top_0">
                <vehicle id="cfm_slow_1" pos="5.09" speed="47.00"/>
                <vehicle id="cfm_slow_2" pos="45.09" speed="47.00"/>
            </lane>
        </edge>
    </timestep>
    <timestep time="54.30">
        <edge id="bottom">
            <lane id="bottom_0">
                <vehicle id="cfm_slow_4" pos="29.79" speed="47.00"/>
            </lane>
        </edge>
        <edge id="left">
            <lane id="left_0">
                <vehicle id="cfm_slow_3" pos="39.79" speed="47.00"/>
            </lane>
        </edge>
        <edge id="right">
            <lane id="right_0">
                <vehicle id="cfm_slow_0" pos="19.79" speed="47.00"/>
            </lane>
        </edge>
        <edge id="top">
            <lane id="top_0">
                <vehicle id="cfm_slow_1" pos="9.79" speed="47.00"/>
                <vehicle id="cfm_slow_2" pos="49.79" speed="47.00"/>
            </lane>
        </edge>
    </timestep>
    <timestep time="54.40">
        <edge id="bottom">
            <lane id="bottom_0">
                <vehicle id="cfm_slow_4" pos="34.49" speed="47.00"/>
            </lane>
        </edge>
        <edge id="left">
            <lane id="left_0">
                <vehicle id="cfm_slow_2" pos="4.49" speed="47.00"/>
                <vehicle id="cfm_slow_3" pos="44.49" speed="47.00"/>
            </lane>
        </edge>
        <edge id="right">
            <lane id="right_0">
                <vehicle id="cfm_slow_0" pos="24.49" speed="47.00"/>
            </lane>
        </edge>
        <edge id="top">
            <lane id="top_0">
                <vehicle id="cfm_slow_1" pos="14.49" speed="47.00"/>
            </lane>
        </edge>
    </timestep>
    <timestep time="54.50">
        <edge id="bottom">
            <lane id="bottom_0">
                <vehicle id="cfm_slow_4" pos="39.19" speed="47.00"/>
            </lane>
        </edge>
        <edge id="left">
            <lane id="left_0">
                <vehicle id="cfm_slow_2" pos="9.19" speed="47.00"/>
                <vehicle id="cfm_slow_3" pos="49.19" speed="47.00"/>
            </lane>
        </edge>
        <edge id="right">
            <lane id="right_0">
                <vehicle id="cfm_slow_0" pos="29.19" speed="47.00"/>
            </lane>
        </edge>
        <edge id="top">
            <lane id="top_0">
                <vehicle id="cfm_slow_1" pos="19.19" speed="47.00"/>
            </lane>
        </edge>
    </timestep>
    <timestep time="54.60">
        <edge id="bottom">
            <lane id="bottom_0">
                <vehicle id="cfm_slow_3" pos="3.89" speed="47.00"/>
                <vehicle id="cfm_slow_4" pos="43.89" speed="47.00"/>
            </lane>
        </edge>
        <edge id="left">
            <lane id="left_0">
                <vehicle id="cfm_slow_2" pos="13.89" speed="47.00"/>
            </lane>
        </edge>
        <edge id="right">
            <lane id="right_0">
                <vehicle id="cfm_slow_0" pos="33.89" speed="47.00"/>
            </lane>
        </edge>
        <edge id="top">
            <lane id="top_0">
                <vehicle id="cfm_slow_1" pos="23.89" speed="47.00"/>
            </lane>
        </edge>
    </timestep>
    <timestep time="54.70">
        <edge id="bottom">
            <lane id="bottom_0">
                <vehicle id="cfm_slow_3" pos="8.59" speed="47.00"/>
                <vehicle id="cfm_slow_4" pos="48.59" speed="47.00"/>
            </lane>
        </edge>
        <edge id="left">
            <lane id="left_0">
                <vehicle id="cfm_slow_2" pos="18.59" speed="47.00"/>
            </lane>
        </edge>
        <edge id="right">
            <lane id="right_0">
                <vehicle id="cfm_slow_0" pos="38.59" speed="47.00"/>
            </lane>
        </edge>
        <edge id="top">
            <lane id="top_0">
                <vehicle id="cfm_slow_1" pos="28.59" speed="47.00"/>
            </lane>
        </edge>
    </timestep>
    <timestep time="54.80">
        <edge id="bottom">
            <lane id="bottom_0">
                <vehicle id="cfm_slow_3" pos="13.29" speed="47.00"/>
            </lane>
        </edge>
        <edge id="left">
            <lane id="left_0">
                <vehicle id="cfm_slow_2" pos="23.29" speed="47.00"/>
            </lane>
        </edge>
        <edge id="right">
            <lane id="right_0">
                <vehicle id="cfm_slow_4" pos="3.29" speed="47.00"/>
                <vehicle id="cfm_slow_0" pos="43.29" speed="47.00"/>
            </lane>
        </edge>
        <edge id="top">
            <lane id="top_0">
                <vehicle id="cfm_slow_1" pos="33.29" speed="47.00"/>
            </lane>
        </edge>
    </timestep>
    <timestep time="54.90">
        <edge id="bottom">
            <lane id="bottom_0">
                <vehicle id="cfm_slow_3" pos="17.99" speed="47.00"/>
            </lane>
        </edge>
        <edge id="left">
            <lane id="left_0">
                <vehicle id="cfm_slow_2" pos="27.99" speed="47.00"/>
            </lane>
        </edge>
        <edge id="right">
            <lane id="right_0">
                <vehicle id="cfm_slow_4" pos="7.99" speed="47.00"/>
                <vehicle id="cfm_slow_0" pos="47.99" speed="47.00"/>
            </lane>
        </edge>
        <edge id="top">
            <lane id="top_0">
                <vehicle id="cfm_slow_1" pos="37.99" speed="47.00"/>
            </lane>
        </edge>
    </timestep>
    <timestep time="55.00">
        <edge id="bottom">
            <lane id="bottom_0">
                <vehicle id="cfm_slow_3" pos="22.69" speed="47.00"/>
            </lane>
        </edge>
        <edge id="left">
            <lane id="left_0">
                <vehicle id="cfm_slow_2" pos="32.69" speed="47.00"/>
            </lane>
        </edge>
        <edge id="right">
            <lane id="right_0">
                <vehicle id="cfm_slow_4" pos="12.69" speed="47.00"/>
            </lane>
        </edge>
        <edge id="top">
            <lane id="top_0">
                <vehicle id="cfm_slow_0" pos="2.69" speed="47.00"/>
                <vehicle id="cfm_slow_1" pos="42.69" speed="47.00"/>
            </lane>
        </edge>
    </timestep>
    <timestep time="55.10">
        <edge id="bottom">
            <lane id="bottom_0">
                <vehicle id="cfm_slow_3" pos="27.39" speed="47.00"/>
            </lane>
        </edge>
        <edge id="left">
            <lane id="left_0">
                <vehicle id="cfm_slow_2" pos="37.39" speed="47.00"/>
            </lane>
        </edge>
        <edge id="right">
            <lane id="right_0">
                <vehicle id="cfm_slow_4" pos="17.39" speed="47.00"/>
            </lane>
        </edge>
        <edge id="top">
            <lane id="top_0">
                <vehicle id="cfm_slow_0" pos="7.39" speed="47.00"/>
                <vehicle id="cfm_slow_1" pos="47.39" speed="47.00"/>
            </lane>
        </edge>
    </timestep>
    <timestep time="55.20">
        <edge id="bottom">
            <lane id="bottom_0">
                <vehicle id="cfm_slow_3" pos="32.09" speed="47.00"/>
            </lane>
        </edge>
        <edge id="left">
            <lane id="left_0">
                <vehicle id="cfm_slow_1" pos="2.09" speed="47.00"/>
                <vehicle id="cfm_slow_2" pos="42.09" speed="47.00"/>
            </lane>
        </edge>
        <edge id="right">
            <lane id="right_0">
                <vehicle id="cfm_slow_4" pos="22.09" speed="47.00"/>
            </lane>
        </edge>
        <edge id="top">
            <lane id="top_0">
                <vehicle id="cfm_slow_0" pos="12.09" speed="47.00"/>
            </lane>
        </edge>
    </timestep>
    <timestep time="55.30">
        <edge id="bottom">
            <lane id="bottom_0">
                <vehicle id="cfm_slow_3" pos="36.79" speed="47.00"/>
            </lane>
        </edge>
        <edge id="left">
            <lane id="left_0">
                <vehicle id="cfm_slow_1" pos="6.79" speed="47.00"/>
                <vehicle id="cfm_slow_2" pos="46.79" speed="47.00"/>
            </lane>
        </edge>
        <edge id="right">
            <lane id="right_0">
                <vehicle id="cfm_slow_4" pos="26.79" speed="47.00"/>
            </lane>
        </edge>
        <edge id="top">
            <lane id="top_0">
                <vehicle id="cfm_slow_0" pos="16.79" speed="47.00"/>
            </lane>
        </edge>
    </timestep>
    <timestep time="55.40">
        <edge id="bottom">
            <lane id="bottom_0">
                <vehicle id="cfm_slow_2" pos="1.49" speed="47.00"/>
                <vehicle id="cfm_slow_3" pos="41.49" speed="47.00"/>
            </lane>
        </edge>
        <edge id="left">
            <lane id="left_0">
                <vehicle id="cfm_slow_1" pos="11.49" speed="47.00"/>
            </lane>
        </edge>
        <edge id="right">
            <lane id="right_0">
                <vehicle id="cfm_slow_4" pos="31.49" speed="47.00"/>
            </lane>
        </edge>
        <edge id="top">
            <lane id="top_0">
                <vehicle id="cfm_slow_0" pos="21.49" speed="47.00"/>
            </lane>
        </edge>
    </timestep>
    <timestep time="55.50">
        <edge id="bottom">
            <lane id="bottom_0">
                <vehicle id="cfm_slow_2" pos="6.19" speed="47.00"/>
                <vehicle id="cfm_slow_3" pos="46.19" speed="47.00"/>
            </lane>
        </edge>
        <edge id="left">
            <lane id="left_0">
                <vehicle id="cfm_slow_1" pos="16.19" speed="47.00"/>
            </lane>
        </edge>
        <edge id="right">
            <lane id="right_0">
                <vehicle id="cfm_slow_4" pos="36.19" speed="47.00"/>
            </lane>
        </edge>
        <edge id="top">
            <lane id="top_0">
                <vehicle id="cfm_slow_0" pos="26.19" speed="47.00"/>
            </lane>
        </edge>
    </timestep>
    <timestep time="55.60">
        <edge id="bottom">
            <lane id="bottom_0">
                <vehicle id="cfm_slow_2" pos="10.89" speed="47.00"/>
            </lane>
        </edge>
        <edge id="left">
            <lane id="left_0">
                <vehicle id="cfm_slow_1" pos="20.89" speed="47.00"/>
            </lane>
        </edge>
        <edge id="right">
            <lane id="right_0">
                <vehicle id="cfm_slow_3" pos="0.89" speed="47.00"/>
                <vehicle id="cfm_slow_4" pos="40.89" speed="47.00"/>
            </lane>
        </edge>
        <edge id="top">
            <lane id="top_0">
                <vehicle id="cfm_slow_0" pos="30.89" speed="47.00"/>
            </lane>
        </edge>
    </timestep>
    <timestep time="55.70">
        <edge id="bottom">
            <lane id="bottom_0">
                <vehicle id="cfm_slow_2" pos="15.59" speed="47.00"/>
            </lane>
        </edge>
        <edge id="left">
            <lane id="left_0">
                <vehicle id="cfm_slow_1" pos="25.59" speed="47.00"/>
            </lane>
        </edge>
        <edge id="right">
            <lane id="right_0">
                <vehicle id="cfm_slow_3" pos="5.59" speed="47.00"/>
                <vehicle id="cfm_slow_4" pos="45.59" speed="47.00"/>
            </lane>
        </edge>
        <edge id="top">
            <lane id="top_0">
                <vehicle id="cfm_slow_0" pos="35.59" speed="47.00"/>
            </lane>
        </edge>
    </timestep>
    <timestep time="55.80">
        <edge id="bottom">
            <lane id="bottom_0">
                <vehicle id="cfm_slow_2" pos="20.29" speed="47.00"/>
            </lane>
        </edge>
        <edge id="left">
            <lane id="left_0">
                <vehicle id="cfm_slow_1" pos="30.29" speed="47.00"/>
            </lane>
        </edge>
        <edge id="right">
            <lane id="right_0">
                <vehicle id="cfm_slow_3" pos="10.29" speed="47.00"/>
            </lane>
        </edge>
        <edge id="top">
            <lane id="top_0">
                <vehicle id="cfm_slow_4" pos="0.29" speed="47.00"/>
                <vehicle id="cfm_slow_0" pos="40.29" speed="47.00"/>
            </lane>
        </edge>
    </timestep>
    <timestep time="55.90">
        <edge id="bottom">
            <lane id="bottom_0">
                <vehicle id="cfm_slow_2" pos="24.99" speed="47.00"/>
            </lane>
        </edge>
        <edge id="left">
            <lane id="left_0">
                <vehicle id="cfm_slow_1" pos="34.99" speed="47.00"/>
            </lane>
        </edge>
        <edge id="right">
            <lane id="right_0">
                <vehicle id="cfm_slow_3" pos="14.99" speed="47.00"/>
            </lane>
        </edge>
        <edge id="top">
            <lane id="top_0">
                <vehicle id="cfm_slow_4" pos="4.99" speed="47.00"/>
                <vehicle id="cfm_slow_0" pos="44.99" speed="47.00"/>
            </lane>
        </edge>
    </timestep>
    <timestep time="56.00">
        <edge id="bottom">
            <lane id="bottom_0">
                <vehicle id="cfm_slow_2" pos="29.69" speed="47.00"/>
            </lane>
        </edge>
        <edge id="left">
            <lane id="left_0">
                <vehicle id="cfm_slow_1" pos="39.69" speed="47.00"/>
            </lane>
        </edge>
        <edge id="right">
            <lane id="right_0">
                <vehicle id="cfm_slow_3" pos="19.69" speed="47.00"/>
            </lane>
        </edge>
        <edge id="top">
            <lane id="top_0">
                <vehicle id="cfm_slow_4" pos="9.69" speed="47.00"/>
                <vehicle id="cfm_slow_0" pos="49.69" speed="47.00"/>
            </lane>
        </edge>
    </timestep>
    <timestep time="56.10">
        <edge id="bottom">
            <lane id="bottom_0">
                <vehicle id="cfm_slow_2" pos="34.39" speed="47.00"/>
            </lane>
        </edge>
        <edge id="left">
            <lane id="left_0">
                <vehicle id="cfm_slow_0" pos="4.39" speed="47.00"/>
                <vehicle id="cfm_slow_1" pos="44.39" speed="47.00"/>
            </lane>
        </edge>
        <edge id="right">
            <lane id="right_0">
                <vehicle id="cfm_slow_3" pos="24.39" speed="47.00"/>
            </lane>
        </edge>
        <edge id="top">
            <lane id="top_0">
                <vehicle id="cfm_slow_4" pos="14.39" speed="47.00"/>
            </lane>
        </edge>
    </timestep>
    <timestep time="56.20">
        <edge id="bottom">
            <lane id="bottom_0">
                <vehicle id="cfm_slow_2" pos="39.09" speed="47.00"/>
            </lane>
        </edge>
        <edge id="left">
            <lane id="left_0">
                <vehicle id="cfm_slow_0" pos="9.09" speed="47.00"/>
                <vehicle id="cfm_slow_1" pos="49.09" speed="47.00"/>
            </lane>
        </edge>
        <edge id="right">
            <lane id="right_0">
                <vehicle id="cfm_slow_3" pos="29.09" speed="47.00"/>
            </lane>
        </edge>
        <edge id="top">
            <lane id="top_0">
                <vehicle id="cfm_slow_4" pos="19.09" speed="47.00"/>
            </lane>
        </edge>
    </timestep>
    <timestep time="56.30">
        <edge id="bottom">
            <lane id="bottom_0">
                <vehicle id="cfm_slow_1" pos="3.79" speed="47.00"/>
                <vehicle id="cfm_slow_2" pos="43.79" speed="47.00"/>
            </lane>
        </edge>
        <edge id="left">
            <lane id="left_0">
                <vehicle id="cfm_slow_0" pos="13.79" speed="47.00"/>
            </lane>
        </edge>
        <edge id="right">
            <lane id="right_0">
                <vehicle id="cfm_slow_3" pos="33.79" speed="47.00"/>
            </lane>
        </edge>
        <edge id="top">
            <lane id="top_0">
                <vehicle id="cfm_slow_4" pos="23.79" speed="47.00"/>
            </lane>
        </edge>
    </timestep>
    <timestep time="56.40">
        <edge id="bottom">
            <lane id="bottom_0">
                <vehicle id="cfm_slow_1" pos="8.49" speed="47.00"/>
                <vehicle id="cfm_slow_2" pos="48.49" speed="47.00"/>
            </lane>
        </edge>
        <edge id="left">
            <lane id="left_0">
                <vehicle id="cfm_slow_0" pos="18.49" speed="47.00"/>
            </lane>
        </edge>
        <edge id="right">
            <lane id="right_0">
                <vehicle id="cfm_slow_3" pos="38.49" speed="47.00"/>
            </lane>
        </edge>
        <edge id="top">
            <lane id="top_0">
                <vehicle id="cfm_slow_4" pos="28.49" speed="47.00"/>
            </lane>
        </edge>
    </timestep>
    <timestep time="56.50">
        <edge id="bottom">
            <lane id="bottom_0">
                <vehicle id="cfm_slow_1" pos="13.19" speed="47.00"/>
            </lane>
        </edge>
        <edge id="left">
            <lane id="left_0">
                <vehicle id="cfm_slow_0" pos="23.19" speed="47.00"/>
            </lane>
        </edge>
        <edge id="right">
            <lane id="right_0">
                <vehicle id="cfm_slow_2" pos="3.19" speed="47.00"/>
                <vehicle id="cfm_slow_3" pos="43.19" speed="47.00"/>
            </lane>
        </edge>
        <edge id="top">
            <lane id="top_0">
                <vehicle id="cfm_slow_4" pos="33.19" speed="47.00"/>
            </lane>
        </edge>
    </timestep>
    <timestep time="56.60">
        <edge id="bottom">
            <lane id="bottom_0">
                <vehicle id="cfm_slow_1" pos="17.89" speed="47.00"/>
            </lane>
        </edge>
        <edge id="left">
            <lane id="left_0">
                <vehicle id="cfm_slow_0" pos="27.89" speed="47.00"/>
            </lane>
        </edge>
        <edge id="right">
            <lane id="right_0">
                <vehicle id="cfm_slow_2" pos="7.89" speed="47.00"/>
                <vehicle id="cfm_slow_3" pos="47.89" speed="47.00"/>
            </lane>
        </edge>
        <edge id="top">
            <lane id="top_0">
                <vehicle id="cfm_slow_4" pos="37.89" speed="47.00"/>
            </lane>
        </edge>
    </timestep>
    <timestep time="56.70">
        <edge id="bottom">
            <lane id="bottom_0">
                <vehicle id="cfm_slow_1" pos="22.59" speed="47.00"/>
            </lane>
        </edge>
        <edge id="left">
            <lane id="left_0">
                <vehicle id="cfm_slow_0" pos="32.59" speed="47.00"/>
            </lane>
        </edge>
        <edge id="right">
            <lane id="right_0">
                <vehicle id="cfm_slow_2" pos="12.59" speed="47.00"/>
            </lane>
        </edge>
        <edge id="top">
            <lane id="top_0">
                <vehicle id="cfm_slow_3" pos="2.59" speed="47.00"/>
                <vehicle id="cfm_slow_4" pos="42.59" speed="47.00"/>
            </lane>
        </edge>
    </timestep>
    <timestep time="56.80">
        <edge id="bottom">
            <lane id="bottom_0">
                <vehicle id="cfm_slow_1" pos="27.29" speed="47.00"/>
            </lane>
        </edge>
        <edge id="left">
            <lane id="left_0">
                <vehicle id="cfm_slow_0" pos="37.29" speed="47.00"/>
            </lane>
        </edge>
        <edge id="right">
            <lane id="right_0">
                <vehicle id="cfm_slow_2" pos="17.29" speed="47.00"/>
            </lane>
        </edge>
        <edge id="top">
            <lane id="top_0">
                <vehicle id="cfm_slow_3" pos="7.29" speed="47.00"/>
                <vehicle id="cfm_slow_4" pos="47.29" speed="47.00"/>
            </lane>
        </edge>
    </timestep>
    <timestep time="56.90">
        <edge id="bottom">
            <lane id="bottom_0">
                <vehicle id="cfm_slow_1" pos="31.99" speed="47.00"/>
            </lane>
        </edge>
        <edge id="left">
            <lane id="left_0">
                <vehicle id="cfm_slow_4" pos="1.99" speed="47.00"/>
                <vehicle id="cfm_slow_0" pos="41.99" speed="47.00"/>
            </lane>
        </edge>
        <edge id="right">
            <lane id="right_0">
                <vehicle id="cfm_slow_2" pos="21.99" speed="47.00"/>
            </lane>
        </edge>
        <edge id="top">
            <lane id="top_0">
                <vehicle id="cfm_slow_3" pos="11.99" speed="47.00"/>
            </lane>
        </edge>
    </timestep>
    <timestep time="57.00">
        <edge id="bottom">
            <lane id="bottom_0">
                <vehicle id="cfm_slow_1" pos="36.69" speed="47.00"/>
            </lane>
        </edge>
        <edge id="left">
            <lane id="left_0">
                <vehicle id="cfm_slow_4" pos="6.69" speed="47.00"/>
                <vehicle id="cfm_slow_0" pos="46.69" speed="47.00"/>
            </lane>
        </edge>
        <edge id="right">
            <lane id="right_0">
                <vehicle id="cfm_slow_2" pos="26.69" speed="47.00"/>
            </lane>
        </edge>
        <edge id="top">
            <lane id="top_0">
                <vehicle id="cfm_slow_3" pos="16.69" speed="47.00"/>
            </lane>
        </edge>
    </timestep>
    <timestep time="57.10">
        <edge id="bottom">
            <lane id="bottom_0">
                <vehicle id="cfm_slow_0" pos="1.39" speed="47.00"/>
                <vehicle id="cfm_slow_1" pos="41.39" speed="47.00"/>
            </lane>
        </edge>
        <edge id="left">
            <lane id="left_0">
                <vehicle id="cfm_slow_4" pos="11.39" speed="47.00"/>
            </lane>
        </edge>
        <edge id="right">
            <lane id="right_0">
                <vehicle id="cfm_slow_2" pos="31.39" speed="47.00"/>
            </lane>
        </edge>
        <edge id="top">
            <lane id="top_0">
                <vehicle id="cfm_slow_3" pos="21.39" speed="47.00"/>
            </lane>
        </edge>
    </timestep>
    <timestep time="57.20">
        <edge id="bottom">
            <lane id="bottom_0">
                <vehicle id="cfm_slow_0" pos="6.09" speed="47.00"/>
                <vehicle id="cfm_slow_1" pos="46.09" speed="47.00"/>
            </lane>
        </edge>
        <edge id="left">
            <lane id="left_0">
                <vehicle id="cfm_slow_4" pos="16.09" speed="47.00"/>
            </lane>
        </edge>
        <edge id="right">
            <lane id="right_0">
                <vehicle id="cfm_slow_2" pos="36.09" speed="47.00"/>
            </lane>
        </edge>
        <edge id="top">
            <lane id="top_0">
                <vehicle id="cfm_slow_3" pos="26.09" speed="47.00"/>
            </lane>
        </edge>
    </timestep>
    <timestep time="57.30">
        <edge id="bottom">
            <lane id="bottom_0">
                <vehicle id="cfm_slow_0" pos="10.79" speed="47.00"/>
            </lane>
        </edge>
        <edge id="left">
            <lane id="left_0">
                <vehicle id="cfm_slow_4" pos="20.79" speed="47.00"/>
            </lane>
        </edge>
        <edge id="right">
            <lane id="right_0">
                <vehicle id="cfm_slow_1" pos="0.79" speed="47.00"/>
                <vehicle id="cfm_slow_2" pos="40.79" speed="47.00"/>
            </lane>
        </edge>
        <edge id="top">
            <lane id="top_0">
                <vehicle id="cfm_slow_3" pos="30.79" speed="47.00"/>
            </lane>
        </edge>
    </timestep>
    <timestep time="57.40">
        <edge id="bottom">
            <lane id="bottom_0">
                <vehicle id="cfm_slow_0" pos="15.49" speed="47.00"/>
            </lane>
        </edge>
        <edge id="left">
            <lane id="left_0">
                <vehicle id="cfm_slow_4" pos="25.49" speed="47.00"/>
            </lane>
        </edge>
        <edge id="right">
            <lane id="right_0">
                <vehicle id="cfm_slow_1" pos="5.49" speed="47.00"/>
                <vehicle id="cfm_slow_2" pos="45.49" speed="47.00"/>
            </lane>
        </edge>
        <edge id="top">
            <lane id="top_0">
                <vehicle id="cfm_slow_3" pos="35.49" speed="47.00"/>
            </lane>
        </edge>
    </timestep>
    <timestep time="57.50">
        <edge id="bottom">
            <lane id="bottom_0">
                <vehicle id="cfm_slow_0" pos="20.19" speed="47.00"/>
            </lane>
        </edge>
        <edge id="left">
            <lane id="left_0">
                <vehicle id="cfm_slow_4" pos="30.19" speed="47.00"/>
            </lane>
        </edge>
        <edge id="right">
            <lane id="right_0">
                <vehicle id="cfm_slow_1" pos="10.19" speed="47.00"/>
            </lane>
        </edge>
        <edge id="top">
            <lane id="top_0">
                <vehicle id="cfm_slow_2" pos="0.19" speed="47.00"/>
                <vehicle id="cfm_slow_3" pos="40.19" speed="47.00"/>
            </lane>
        </edge>
    </timestep>
    <timestep time="57.60">
        <edge id="bottom">
            <lane id="bottom_0">
                <vehicle id="cfm_slow_0" pos="24.89" speed="47.00"/>
            </lane>
        </edge>
        <edge id="left">
            <lane id="left_0">
                <vehicle id="cfm_slow_4" pos="34.89" speed="47.00"/>
            </lane>
        </edge>
        <edge id="right">
            <lane id="right_0">
                <vehicle id="cfm_slow_1" pos="14.89" speed="47.00"/>
            </lane>
        </edge>
        <edge id="top">
            <lane id="top_0">
                <vehicle id="cfm_slow_2" pos="4.89" speed="47.00"/>
                <vehicle id="cfm_slow_3" pos="44.89" speed="47.00"/>
            </lane>
        </edge>
    </timestep>
    <timestep time="57.70">
        <edge id="bottom">
            <lane id="bottom_0">
                <vehicle id="cfm_slow_0" pos="29.59" speed="47.00"/>
            </lane>
        </edge>
        <edge id="left">
            <lane id="left_0">
                <vehicle id="cfm_slow_4" pos="39.59" speed="47.00"/>
            </lane>
        </edge>
        <edge id="right">
            <lane id="right_0">
                <vehicle id="cfm_slow_1" pos="19.59" speed="47.00"/>
            </lane>
        </edge>
        <edge id="top">
            <lane id="top_0">
                <vehicle id="cfm_slow_2" pos="9.59" speed="47.00"/>
                <vehicle id="cfm_slow_3" pos="49.59" speed="47.00"/>
            </lane>
        </edge>
    </timestep>
    <timestep time="57.80">
        <edge id="bottom">
            <lane id="bottom_0">
                <vehicle id="cfm_slow_0" pos="34.29" speed="47.00"/>
            </lane>
        </edge>
        <edge id="left">
            <lane id="left_0">
                <vehicle id="cfm_slow_3" pos="4.29" speed="47.00"/>
                <vehicle id="cfm_slow_4" pos="44.29" speed="47.00"/>
            </lane>
        </edge>
        <edge id="right">
            <lane id="right_0">
                <vehicle id="cfm_slow_1" pos="24.29" speed="47.00"/>
            </lane>
        </edge>
        <edge id="top">
            <lane id="top_0">
                <vehicle id="cfm_slow_2" pos="14.29" speed="47.00"/>
            </lane>
        </edge>
    </timestep>
    <timestep time="57.90">
        <edge id="bottom">
            <lane id="bottom_0">
                <vehicle id="cfm_slow_0" pos="38.99" speed="47.00"/>
            </lane>
        </edge>
        <edge id="left">
            <lane id="left_0">
                <vehicle id="cfm_slow_3" pos="8.99" speed="47.00"/>
                <vehicle id="cfm_slow_4" pos="48.99" speed="47.00"/>
            </lane>
        </edge>
        <edge id="right">
            <lane id="right_0">
                <vehicle id="cfm_slow_1" pos="28.99" speed="47.00"/>
            </lane>
        </edge>
        <edge id="top">
            <lane id="top_0">
                <vehicle id="cfm_slow_2" pos="18.99" speed="47.00"/>
            </lane>
        </edge>
    </timestep>
    <timestep time="58.00">
        <edge id="bottom">
            <lane id="bottom_0">
                <vehicle id="cfm_slow_4" pos="3.69" speed="47.00"/>
                <vehicle id="cfm_slow_0" pos="43.69" speed="47.00"/>
            </lane>
        </edge>
        <edge id="left">
            <lane id="left_0">
                <vehicle id="cfm_slow_3" pos="13.69" speed="47.00"/>
            </lane>
        </edge>
        <edge id="right">
            <lane id="right_0">
                <vehicle id="cfm_slow_1" pos="33.69" speed="47.00"/>
            </lane>
        </edge>
        <edge id="top">
            <lane id="top_0">
                <vehicle id="cfm_slow_2" pos="23.69" speed="47.00"/>
            </lane>
        </edge>
    </timestep>
    <timestep time="58.10">
        <edge id="bottom">
            <lane id="bottom_0">
                <vehicle id="cfm_slow_4" pos="8.39" speed="47.00"/>
                <vehicle id="cfm_slow_0" pos="48.39" speed="47.00"/>
            </lane>
        </edge>
        <edge id="left">
            <lane id="left_0">
                <vehicle id="cfm_slow_3" pos="18.39" speed="47.00"/>
            </lane>
        </edge>
        <edge id="right">
            <lane id="right_0">
                <vehicle id="cfm_slow_1" pos="38.39" speed="47.00"/>
            </lane>
        </edge>
        <edge id="top">
            <lane id="top_0">
                <vehicle id="cfm_slow_2" pos="28.39" speed="47.00"/>
            </lane>
        </edge>
    </timestep>
    <timestep time="58.20">
        <edge id="bottom">
            <lane id="bottom_0">
                <vehicle id="cfm_slow_4" pos="13.09" speed="47.00"/>
            </lane>
        </edge>
        <edge id="left">
            <lane id="left_0">
                <vehicle id="cfm_slow_3" pos="23.09" speed="47.00"/>
            </lane>
        </edge>
        <edge id="right">
            <lane id="right_0">
                <vehicle id="cfm_slow_0" pos="3.09" speed="47.00"/>
                <vehicle id="cfm_slow_1" pos="43.09" speed="47.00"/>
            </lane>
        </edge>
        <edge id="top">
            <lane id="top_0">
                <vehicle id="cfm_slow_2" pos="33.09" speed="47.00"/>
            </lane>
        </edge>
    </timestep>
    <timestep time="58.30">
        <edge id="bottom">
            <lane id="bottom_0">
                <vehicle id="cfm_slow_4" pos="17.79" speed="47.00"/>
            </lane>
        </edge>
        <edge id="left">
            <lane id="left_0">
                <vehicle id="cfm_slow_3" pos="27.79" speed="47.00"/>
            </lane>
        </edge>
        <edge id="right">
            <lane id="right_0">
                <vehicle id="cfm_slow_0" pos="7.79" speed="47.00"/>
                <vehicle id="cfm_slow_1" pos="47.79" speed="47.00"/>
            </lane>
        </edge>
        <edge id="top">
            <lane id="top_0">
                <vehicle id="cfm_slow_2" pos="37.79" speed="47.00"/>
            </lane>
        </edge>
    </timestep>
    <timestep time="58.40">
        <edge id="bottom">
            <lane id="bottom_0">
                <vehicle id="cfm_slow_4" pos="22.49" speed="47.00"/>
            </lane>
        </edge>
        <edge id="left">
            <lane id="left_0">
                <vehicle id="cfm_slow_3" pos="32.49" speed="47.00"/>
            </lane>
        </edge>
        <edge id="right">
            <lane id="right_0">
                <vehicle id="cfm_slow_0" pos="12.49" speed="47.00"/>
            </lane>
        </edge>
        <edge id="top">
            <lane id="top_0">
                <vehicle id="cfm_slow_1" pos="2.49" speed="47.00"/>
                <vehicle id="cfm_slow_2" pos="42.49" speed="47.00"/>
            </lane>
        </edge>
    </timestep>
    <timestep time="58.50">
        <edge id="bottom">
            <lane id="bottom_0">
                <vehicle id="cfm_slow_4" pos="27.19" speed="47.00"/>
            </lane>
        </edge>
        <edge id="left">
            <lane id="left_0">
                <vehicle id="cfm_slow_3" pos="37.19" speed="47.00"/>
            </lane>
        </edge>
        <edge id="right">
            <lane id="right_0">
                <vehicle id="cfm_slow_0" pos="17.19" speed="47.00"/>
            </lane>
        </edge>
        <edge id="top">
            <lane id="top_0">
                <vehicle id="cfm_slow_1" pos="7.19" speed="47.00"/>
                <vehicle id="cfm_slow_2" pos="47.19" speed="47.00"/>
            </lane>
        </edge>
    </timestep>
    <timestep time="58.60">
        <edge id="bottom">
            <lane id="bottom_0">
                <vehicle id="cfm_slow_4" pos="31.89" speed="47.00"/>
            </lane>
        </edge>
        <edge id="left">
            <lane id="left_0">
                <vehicle id="cfm_slow_2" pos="1.89" speed="47.00"/>
                <vehicle id="cfm_slow_3" pos="41.89" speed="47.00"/>
            </lane>
        </edge>
        <edge id="right">
            <lane id="right_0">
                <vehicle id="cfm_slow_0" pos="21.89" speed="47.00"/>
            </lane>
        </edge>
        <edge id="top">
            <lane id="top_0">
                <vehicle id="cfm_slow_1" pos="11.89" speed="47.00"/>
            </lane>
        </edge>
    </timestep>
    <timestep time="58.70">
        <edge id="bottom">
            <lane id="bottom_0">
                <vehicle id="cfm_slow_4" pos="36.59" speed="47.00"/>
            </lane>
        </edge>
        <edge id="left">
            <lane id="left_0">
                <vehicle id="cfm_slow_2" pos="6.59" speed="47.00"/>
                <vehicle id="cfm_slow_3" pos="46.59" speed="47.00"/>
            </lane>
        </edge>
        <edge id="right">
            <lane id="right_0">
                <vehicle id="cfm_slow_0" pos="26.59" speed="47.00"/>
            </lane>
        </edge>
        <edge id="top">
            <lane id="top_0">
                <vehicle id="cfm_slow_1" pos="16.59" speed="47.00"/>
            </lane>
        </edge>
    </timestep>
    <timestep time="58.80">
        <edge id="bottom">
            <lane id="bottom_0">
                <vehicle id="cfm_slow_3" pos="1.29" speed="47.00"/>
                <vehicle id="cfm_slow_4" pos="41.29" speed="47.00"/>
            </lane>
        </edge>
        <edge id="left">
            <lane id="left_0">
                <vehicle id="cfm_slow_2" pos="11.29" speed="47.00"/>
            </lane>
        </edge>
        <edge id="right">
            <lane id="right_0">
                <vehicle id="cfm_slow_0" pos="31.29" speed="47.00"/>
            </lane>
        </edge>
        <edge id="top">
            <lane id="top_0">
                <vehicle id="cfm_slow_1" pos="21.29" speed="47.00"/>
            </lane>
        </edge>
    </timestep>
    <timestep time="58.90">
        <edge id="bottom">
            <lane id="bottom_0">
                <vehicle id="cfm_slow_3" pos="5.99" speed="47.00"/>
                <vehicle id="cfm_slow_4" pos="45.99" speed="47.00"/>
            </lane>
        </edge>
        <edge id="left">
            <lane id="left_0">
                <vehicle id="cfm_slow_2" pos="15.99" speed="47.00"/>
            </lane>
        </edge>
        <edge id="right">
            <lane id="right_0">
                <vehicle id="cfm_slow_0" pos="35.99" speed="47.00"/>
            </lane>
        </edge>
        <edge id="top">
            <lane id="top_0">
                <vehicle id="cfm_slow_1" pos="25.99" speed="47.00"/>
            </lane>
        </edge>
    </timestep>
    <timestep time="59.00">
        <edge id="bottom">
            <lane id="bottom_0">
                <vehicle id="cfm_slow_3" pos="10.69" speed="47.00"/>
            </lane>
        </edge>
        <edge id="left">
            <lane id="left_0">
                <vehicle id="cfm_slow_2" pos="20.69" speed="47.00"/>
            </lane>
        </edge>
        <edge id="right">
            <lane id="right_0">
                <vehicle id="cfm_slow_4" pos="0.69" speed="47.00"/>
                <vehicle id="cfm_slow_0" pos="40.69" speed="47.00"/>
            </lane>
        </edge>
        <edge id="top">
            <lane id="top_0">
                <vehicle id="cfm_slow_1" pos="30.69" speed="47.00"/>
            </lane>
        </edge>
    </timestep>
    <timestep time="59.10">
        <edge id="bottom">
            <lane id="bottom_0">
                <vehicle id="cfm_slow_3" pos="15.39" speed="47.00"/>
            </lane>
        </edge>
        <edge id="left">
            <lane id="left_0">
                <vehicle id="cfm_slow_2" pos="25.39" speed="47.00"/>
            </lane>
        </edge>
        <edge id="right">
            <lane id="right_0">
                <vehicle id="cfm_slow_4" pos="5.39" speed="47.00"/>
                <vehicle id="cfm_slow_0" pos="45.39" speed="47.00"/>
            </lane>
        </edge>
        <edge id="top">
            <lane id="top_0">
                <vehicle id="cfm_slow_1" pos="35.39" speed="47.00"/>
            </lane>
        </edge>
    </timestep>
    <timestep time="59.20">
        <edge id="bottom">
            <lane id="bottom_0">
                <vehicle id="cfm_slow_3" pos="20.09" speed="47.00"/>
            </lane>
        </edge>
        <edge id="left">
            <lane id="left_0">
                <vehicle id="cfm_slow_2" pos="30.09" speed="47.00"/>
            </lane>
        </edge>
        <edge id="right">
            <lane id="right_0">
                <vehicle id="cfm_slow_4" pos="10.09" speed="47.00"/>
            </lane>
        </edge>
        <edge id="top">
            <lane id="top_0">
                <vehicle id="cfm_slow_0" pos="0.09" speed="47.00"/>
                <vehicle id="cfm_slow_1" pos="40.09" speed="47.00"/>
            </lane>
        </edge>
    </timestep>
    <timestep time="59.30">
        <edge id="bottom">
            <lane id="bottom_0">
                <vehicle id="cfm_slow_3" pos="24.79" speed="47.00"/>
            </lane>
        </edge>
        <edge id="left">
            <lane id="left_0">
                <vehicle id="cfm_slow_2" pos="34.79" speed="47.00"/>
            </lane>
        </edge>
        <edge id="right">
            <lane id="right_0">
                <vehicle id="cfm_slow_4" pos="14.79" speed="47.00"/>
            </lane>
        </edge>
        <edge id="top">
            <lane id="top_0">
                <vehicle id="cfm_slow_0" pos="4.79" speed="47.00"/>
                <vehicle id="cfm_slow_1" pos="44.79" speed="47.00"/>
            </lane>
        </edge>
    </timestep>
    <timestep time="59.40">
        <edge id="bottom">
            <lane id="bottom_0">
                <vehicle id="cfm_slow_3" pos="29.49" speed="47.00"/>
            </lane>
        </edge>
        <edge id="left">
            <lane id="left_0">
                <vehicle id="cfm_slow_2" pos="39.49" speed="47.00"/>
            </lane>
        </edge>
        <edge id="right">
            <lane id="right_0">
                <vehicle id="cfm_slow_4" pos="19.49" speed="47.00"/>
            </lane>
        </edge>
        <edge id="top">
            <lane id="top_0">
                <vehicle id="cfm_slow_0" pos="9.49" speed="47.00"/>
                <vehicle id="cfm_slow_1" pos="49.49" speed="47.00"/>
            </lane>
        </edge>
    </timestep>
    <timestep time="59.50">
        <edge id="bottom">
            <lane id="bottom_0">
                <vehicle id="cfm_slow_3" pos="34.19" speed="47.00"/>
            </lane>
        </edge>
        <edge id="left">
            <lane id="left_0">
                <vehicle id="cfm_slow_1" pos="4.19" speed="47.00"/>
                <vehicle id="cfm_slow_2" pos="44.19" speed="47.00"/>
            </lane>
        </edge>
        <edge id="right">
            <lane id="right_0">
                <vehicle id="cfm_slow_4" pos="24.19" speed="47.00"/>
            </lane>
        </edge>
        <edge id="top">
            <lane id="top_0">
                <vehicle id="cfm_slow_0" pos="14.19" speed="47.00"/>
            </lane>
        </edge>
    </timestep>
    <timestep time="59.60">
        <edge id="bottom">
            <lane id="bottom_0">
                <vehicle id="cfm_slow_3" pos="38.89" speed="47.00"/>
            </lane>
        </edge>
        <edge id="left">
            <lane id="left_0">
                <vehicle id="cfm_slow_1" pos="8.89" speed="47.00"/>
                <vehicle id="cfm_slow_2" pos="48.89" speed="47.00"/>
            </lane>
        </edge>
        <edge id="right">
            <lane id="right_0">
                <vehicle id="cfm_slow_4" pos="28.89" speed="47.00"/>
            </lane>
        </edge>
        <edge id="top">
            <lane id="top_0">
                <vehicle id="cfm_slow_0" pos="18.89" speed="47.00"/>
            </lane>
        </edge>
    </timestep>
    <timestep time="59.70">
        <edge id="bottom">
            <lane id="bottom_0">
                <vehicle id="cfm_slow_2" pos="3.59" speed="47.00"/>
                <vehicle id="cfm_slow_3" pos="43.59" speed="47.00"/>
            </lane>
        </edge>
        <edge id="left">
            <lane id="left_0">
                <vehicle id="cfm_slow_1" pos="13.59" speed="47.00"/>
            </lane>
        </edge>
        <edge id="right">
            <lane id="right_0">
                <vehicle id="cfm_slow_4" pos="33.59" speed="47.00"/>
            </lane>
        </edge>
        <edge id="top">
            <lane id="top_0">
                <vehicle id="cfm_slow_0" pos="23.59" speed="47.00"/>
            </lane>
        </edge>
    </timestep>
    <timestep time="59.80">
        <edge id="bottom">
            <lane id="bottom_0">
                <vehicle id="cfm_slow_2" pos="8.29" speed="47.00"/>
                <vehicle id="cfm_slow_3" pos="48.29" speed="47.00"/>
            </lane>
        </edge>
        <edge id="left">
            <lane id="left_0">
                <vehicle id="cfm_slow_1" pos="18.29" speed="47.00"/>
            </lane>
        </edge>
        <edge id="right">
            <lane id="right_0">
                <vehicle id="cfm_slow_4" pos="38.29" speed="47.00"/>
            </lane>
        </edge>
        <edge id="top">
            <lane id="top_0">
                <vehicle id="cfm_slow_0" pos="28.29" speed="47.00"/>
            </lane>
        </edge>
    </timestep>
    <timestep time="59.90">
        <edge id="bottom">
            <lane id="bottom_0">
                <vehicle id="cfm_slow_2" pos="12.99" speed="47.00"/>
            </lane>
        </edge>
        <edge id="left">
            <lane id="left_0">
                <vehicle id="cfm_slow_1" pos="22.99" speed="47.00"/>
            </lane>
        </edge>
        <edge id="right">
            <lane id="right_0">
                <vehicle id="cfm_slow_3" pos="2.99" speed="47.00"/>
                <vehicle id="cfm_slow_4" pos="42.99" speed="47.00"/>
            </lane>
        </edge>
        <edge id="top">
            <lane id="top_0">
                <vehicle id="cfm_slow_0" pos="32.99" speed="47.00"/>
            </lane>
        </edge>
    </timestep>
    <timestep time="60.00">
        <edge id="bottom">
            <lane id="bottom_0">
                <vehicle id="cfm_slow_2" pos="17.69" speed="47.00"/>
            </lane>
        </edge>
        <edge id="left">
            <lane id="left_0">
                <vehicle id="cfm_slow_1" pos="27.69" speed="47.00"/>
            </lane>
        </edge>
        <edge id="right">
            <lane id="right_0">
                <vehicle id="cfm_slow_3" pos="7.69" speed="47.00"/>
                <vehicle id="cfm_slow_4" pos="47.69" speed="47.00"/>
            </lane>
        </edge>
        <edge id="top">
            <lane id="top_0">
                <vehicle id="cfm_slow_0" pos="37.69" speed="47.00"/>
            </lane>
        </edge>
    </timestep>
    <timestep time="60.10">
        <edge id="bottom">
            <lane id="bottom_0">
                <vehicle id="cfm_slow_2" pos="22.39" speed="47.00"/>
            </lane>
        </edge>
        <edge id="left">
            <lane id="left_0">
                <vehicle id="cfm_slow_1" pos="32.39" speed="47.00"/>
            </lane>
        </edge>
        <edge id="right">
            <lane id="right_0">
                <vehicle id="cfm_slow_3" pos="12.39" speed="47.00"/>
            </lane>
        </edge>
        <edge id="top">
            <lane id="top_0">
                <vehicle id="cfm_slow_4" pos="2.39" speed="47.00"/>
                <vehicle id="cfm_slow_0" pos="42.39" speed="47.00"/>
            </lane>
        </edge>
    </timestep>
    <timestep time="60.20">
        <edge id="bottom">
            <lane id="bottom_0">
                <vehicle id="cfm_slow_2" pos="27.09" speed="47.00"/>
            </lane>
        </edge>
        <edge id="left">
            <lane id="left_0">
                <vehicle id="cfm_slow_1" pos="37.09" speed="47.00"/>
            </lane>
        </edge>
        <edge id="right">
            <lane id="right_0">
                <vehicle id="cfm_slow_3" pos="17.09" speed="47.00"/>
            </lane>
        </edge>
        <edge id="top">
            <lane id="top_0">
                <vehicle id="cfm_slow_4" pos="7.09" speed="47.00"/>
                <vehicle id="cfm_slow_0" pos="47.09" speed="47.00"/>
            </lane>
        </edge>
    </timestep>
    <timestep time="60.30">
        <edge id="bottom">
            <lane id="bottom_0">
                <vehicle id="cfm_slow_2" pos="31.79" speed="47.00"/>
            </lane>
        </edge>
        <edge id="left">
            <lane id="left_0">
                <vehicle id="cfm_slow_0" pos="1.79" speed="47.00"/>
                <vehicle id="cfm_slow_1" pos="41.79" speed="47.00"/>
            </lane>
        </edge>
        <edge id="right">
            <lane id="right_0">
                <vehicle id="cfm_slow_3" pos="21.79" speed="47.00"/>
            </lane>
        </edge>
        <edge id="top">
            <lane id="top_0">
                <vehicle id="cfm_slow_4" pos="11.79" speed="47.00"/>
            </lane>
        </edge>
    </timestep>
    <timestep time="60.40">
        <edge id="bottom">
            <lane id="bottom_0">
                <vehicle id="cfm_slow_2" pos="36.49" speed="47.00"/>
            </lane>
        </edge>
        <edge id="left">
            <lane id="left_0">
                <vehicle id="cfm_slow_0" pos="6.49" speed="47.00"/>
                <vehicle id="cfm_slow_1" pos="46.49" speed="47.00"/>
            </lane>
        </edge>
        <edge id="right">
            <lane id="right_0">
                <vehicle id="cfm_slow_3" pos="26.49" speed="47.00"/>
            </lane>
        </edge>
        <edge id="top">
            <lane id="top_0">
                <vehicle id="cfm_slow_4" pos="16.49" speed="47.00"/>
            </lane>
        </edge>
    </timestep>
    <timestep time="60.50">
        <edge id="bottom">
            <lane id="bottom_0">
                <vehicle id="cfm_slow_1" pos="1.19" speed="47.00"/>
                <vehicle id="cfm_slow_2" pos="41.19" speed="47.00"/>
            </lane>
        </edge>
        <edge id="left">
            <lane id="left_0">
                <vehicle id="cfm_slow_0" pos="11.19" speed="47.00"/>
            </lane>
        </edge>
        <edge id="right">
            <lane id="right_0">
                <vehicle id="cfm_slow_3" pos="31.19" speed="47.00"/>
            </lane>
        </edge>
        <edge id="top">
            <lane id="top_0">
                <vehicle id="cfm_slow_4" pos="21.19" speed="47.00"/>
            </lane>
        </edge>
    </timestep>
    <timestep time="60.60">
        <edge id="bottom">
            <lane id="bottom_0">
                <vehicle id="cfm_slow_1" pos="5.89" speed="47.00"/>
                <vehicle id="cfm_slow_2" pos="45.89" speed="47.00"/>
            </lane>
        </edge>
        <edge id="left">
            <lane id="left_0">
                <vehicle id="cfm_slow_0" pos="15.89" speed="47.00"/>
            </lane>
        </edge>
        <edge id="right">
            <lane id="right_0">
                <vehicle id="cfm_slow_3" pos="35.89" speed="47.00"/>
            </lane>
        </edge>
        <edge id="top">
            <lane id="top_0">
                <vehicle id="cfm_slow_4" pos="25.89" speed="47.00"/>
            </lane>
        </edge>
    </timestep>
    <timestep time="60.70">
        <edge id="bottom">
            <lane id="bottom_0">
                <vehicle id="cfm_slow_1" pos="10.59" speed="47.00"/>
            </lane>
        </edge>
        <edge id="left">
            <lane id="left_0">
                <vehicle id="cfm_slow_0" pos="20.59" speed="47.00"/>
            </lane>
        </edge>
        <edge id="right">
            <lane id="right_0">
                <vehicle id="cfm_slow_2" pos="0.59" speed="47.00"/>
                <vehicle id="cfm_slow_3" pos="40.59" speed="47.00"/>
            </lane>
        </edge>
        <edge id="top">
            <lane id="top_0">
                <vehicle id="cfm_slow_4" pos="30.59" speed="47.00"/>
            </lane>
        </edge>
    </timestep>
    <timestep time="60.80">
        <edge id="bottom">
            <lane id="bottom_0">
                <vehicle id="cfm_slow_1" pos="15.29" speed="47.00"/>
            </lane>
        </edge>
        <edge id="left">
            <lane id="left_0">
                <vehicle id="cfm_slow_0" pos="25.29" speed="47.00"/>
            </lane>
        </edge>
        <edge id="right">
            <lane id="right_0">
                <vehicle id="cfm_slow_2" pos="5.29" speed="47.00"/>
                <vehicle id="cfm_slow_3" pos="45.29" speed="47.00"/>
            </lane>
        </edge>
        <edge id="top">
            <lane id="top_0">
                <vehicle id="cfm_slow_4" pos="35.29" speed="47.00"/>
            </lane>
        </edge>
    </timestep>
    <timestep time="60.90">
        <edge id="bottom">
            <lane id="bottom_0">
                <vehicle id="cfm_slow_1" pos="19.99" speed="47.00"/>
            </lane>
        </edge>
        <edge id="left">
            <lane id="left_0">
                <vehicle id="cfm_slow_0" pos="29.99" speed="47.00"/>
            </lane>
        </edge>
        <edge id="right">
            <lane id="right_0">
                <vehicle id="cfm_slow_2" pos="9.99" speed="47.00"/>
                <vehicle id="cfm_slow_3" pos="49.99" speed="47.00"/>
            </lane>
        </edge>
        <edge id="top">
            <lane id="top_0">
                <vehicle id="cfm_slow_4" pos="39.99" speed="47.00"/>
            </lane>
        </edge>
    </timestep>
    <timestep time="61.00">
        <edge id="bottom">
            <lane id="bottom_0">
                <vehicle id="cfm_slow_1" pos="24.69" speed="47.00"/>
            </lane>
        </edge>
        <edge id="left">
            <lane id="left_0">
                <vehicle id="cfm_slow_0" pos="34.69" speed="47.00"/>
            </lane>
        </edge>
        <edge id="right">
            <lane id="right_0">
                <vehicle id="cfm_slow_2" pos="14.69" speed="47.00"/>
            </lane>
        </edge>
        <edge id="top">
            <lane id="top_0">
                <vehicle id="cfm_slow_3" pos="4.69" speed="47.00"/>
                <vehicle id="cfm_slow_4" pos="44.69" speed="47.00"/>
            </lane>
        </edge>
    </timestep>
    <timestep time="61.10">
        <edge id="bottom">
            <lane id="bottom_0">
                <vehicle id="cfm_slow_1" pos="29.39" speed="47.00"/>
            </lane>
        </edge>
        <edge id="left">
            <lane id="left_0">
                <vehicle id="cfm_slow_0" pos="39.39" speed="47.00"/>
            </lane>
        </edge>
        <edge id="right">
            <lane id="right_0">
                <vehicle id="cfm_slow_2" pos="19.39" speed="47.00"/>
            </lane>
        </edge>
        <edge id="top">
            <lane id="top_0">
                <vehicle id="cfm_slow_3" pos="9.39" speed="47.00"/>
                <vehicle id="cfm_slow_4" pos="49.39" speed="47.00"/>
            </lane>
        </edge>
    </timestep>
    <timestep time="61.20">
        <edge id="bottom">
            <lane id="bottom_0">
                <vehicle id="cfm_slow_1" pos="34.09" speed="47.00"/>
            </lane>
        </edge>
        <edge id="left">
            <lane id="left_0">
                <vehicle id="cfm_slow_4" pos="4.09" speed="47.00"/>
                <vehicle id="cfm_slow_0" pos="44.09" speed="47.00"/>
            </lane>
        </edge>
        <edge id="right">
            <lane id="right_0">
                <vehicle id="cfm_slow_2" pos="24.09" speed="47.00"/>
            </lane>
        </edge>
        <edge id="top">
            <lane id="top_0">
                <vehicle id="cfm_slow_3" pos="14.09" speed="47.00"/>
            </lane>
        </edge>
    </timestep>
    <timestep time="61.30">
        <edge id="bottom">
            <lane id="bottom_0">
                <vehicle id="cfm_slow_1" pos="38.79" speed="47.00"/>
            </lane>
        </edge>
        <edge id="left">
            <lane id="left_0">
                <vehicle id="cfm_slow_4" pos="8.79" speed="47.00"/>
                <vehicle id="cfm_slow_0" pos="48.79" speed="47.00"/>
            </lane>
        </edge>
        <edge id="right">
            <lane id="right_0">
                <vehicle id="cfm_slow_2" pos="28.79" speed="47.00"/>
            </lane>
        </edge>
        <edge id="top">
            <lane id="top_0">
                <vehicle id="cfm_slow_3" pos="18.79" speed="47.00"/>
            </lane>
        </edge>
    </timestep>
    <timestep time="61.40">
        <edge id="bottom">
            <lane id="bottom_0">
                <vehicle id="cfm_slow_0" pos="3.49" speed="47.00"/>
                <vehicle id="cfm_slow_1" pos="43.49" speed="47.00"/>
            </lane>
        </edge>
        <edge id="left">
            <lane id="left_0">
                <vehicle id="cfm_slow_4" pos="13.49" speed="47.00"/>
            </lane>
        </edge>
        <edge id="right">
            <lane id="right_0">
                <vehicle id="cfm_slow_2" pos="33.49" speed="47.00"/>
            </lane>
        </edge>
        <edge id="top">
            <lane id="top_0">
                <vehicle id="cfm_slow_3" pos="23.49" speed="47.00"/>
            </lane>
        </edge>
    </timestep>
    <timestep time="61.50">
        <edge id="bottom">
            <lane id="bottom_0">
                <vehicle id="cfm_slow_0" pos="8.19" speed="47.00"/>
                <vehicle id="cfm_slow_1" pos="48.19" speed="47.00"/>
            </lane>
        </edge>
        <edge id="left">
            <lane id="left_0">
                <vehicle id="cfm_slow_4" pos="18.19" speed="47.00"/>
            </lane>
        </edge>
        <edge id="right">
            <lane id="right_0">
                <vehicle id="cfm_slow_2" pos="38.19" speed="47.00"/>
            </lane>
        </edge>
        <edge id="top">
            <lane id="top_0">
                <vehicle id="cfm_slow_3" pos="28.19" speed="47.00"/>
            </lane>
        </edge>
    </timestep>
    <timestep time="61.60">
        <edge id="bottom">
            <lane id="bottom_0">
                <vehicle id="cfm_slow_0" pos="12.89" speed="47.00"/>
            </lane>
        </edge>
        <edge id="left">
            <lane id="left_0">
                <vehicle id="cfm_slow_4" pos="22.89" speed="47.00"/>
            </lane>
        </edge>
        <edge id="right">
            <lane id="right_0">
                <vehicle id="cfm_slow_1" pos="2.89" speed="47.00"/>
                <vehicle id="cfm_slow_2" pos="42.89" speed="47.00"/>
            </lane>
        </edge>
        <edge id="top">
            <lane id="top_0">
                <vehicle id="cfm_slow_3" pos="32.89" speed="47.00"/>
            </lane>
        </edge>
    </timestep>
    <timestep time="61.70">
        <edge id="bottom">
            <lane id="bottom_0">
                <vehicle id="cfm_slow_0" pos="17.59" speed="47.00"/>
            </lane>
        </edge>
        <edge id="left">
            <lane id="left_0">
                <vehicle id="cfm_slow_4" pos="27.59" speed="47.00"/>
            </lane>
        </edge>
        <edge id="right">
            <lane id="right_0">
                <vehicle id="cfm_slow_1" pos="7.59" speed="47.00"/>
                <vehicle id="cfm_slow_2" pos="47.59" speed="47.00"/>
            </lane>
        </edge>
        <edge id="top">
            <lane id="top_0">
                <vehicle id="cfm_slow_3" pos="37.59" speed="47.00"/>
            </lane>
        </edge>
    </timestep>
    <timestep time="61.80">
        <edge id="bottom">
            <lane id="bottom_0">
                <vehicle id="cfm_slow_0" pos="22.29" speed="47.00"/>
            </lane>
        </edge>
        <edge id="left">
            <lane id="left_0">
                <vehicle id="cfm_slow_4" pos="32.29" speed="47.00"/>
            </lane>
        </edge>
        <edge id="right">
            <lane id="right_0">
                <vehicle id="cfm_slow_1" pos="12.29" speed="47.00"/>
            </lane>
        </edge>
        <edge id="top">
            <lane id="top_0">
                <vehicle id="cfm_slow_2" pos="2.29" speed="47.00"/>
                <vehicle id="cfm_slow_3" pos="42.29" speed="47.00"/>
            </lane>
        </edge>
    </timestep>
    <timestep time="61.90">
        <edge id="bottom">
            <lane id="bottom_0">
                <vehicle id="cfm_slow_0" pos="26.99" speed="47.00"/>
            </lane>
        </edge>
        <edge id="left">
            <lane id="left_0">
                <vehicle id="cfm_slow_4" pos="36.99" speed="47.00"/>
            </lane>
        </edge>
        <edge id="right">
            <lane id="right_0">
                <vehicle id="cfm_slow_1" pos="16.99" speed="47.00"/>
            </lane>
        </edge>
        <edge id="top">
            <lane id="top_0">
                <vehicle id="cfm_slow_2" pos="6.99" speed="47.00"/>
                <vehicle id="cfm_slow_3" pos="46.99" speed="47.00"/>
            </lane>
        </edge>
    </timestep>
    <timestep time="62.00">
        <edge id="bottom">
            <lane id="bottom_0">
                <vehicle id="cfm_slow_0" pos="31.69" speed="47.00"/>
            </lane>
        </edge>
        <edge id="left">
            <lane id="left_0">
                <vehicle id="cfm_slow_3" pos="1.69" speed="47.00"/>
                <vehicle id="cfm_slow_4" pos="41.69" speed="47.00"/>
            </lane>
        </edge>
        <edge id="right">
            <lane id="right_0">
                <vehicle id="cfm_slow_1" pos="21.69" speed="47.00"/>
            </lane>
        </edge>
        <edge id="top">
            <lane id="top_0">
                <vehicle id="cfm_slow_2" pos="11.69" speed="47.00"/>
            </lane>
        </edge>
    </timestep>
    <timestep time="62.10">
        <edge id="bottom">
            <lane id="bottom_0">
                <vehicle id="cfm_slow_0" pos="36.39" speed="47.00"/>
            </lane>
        </edge>
        <edge id="left">
            <lane id="left_0">
                <vehicle id="cfm_slow_3" pos="6.39" speed="47.00"/>
                <vehicle id="cfm_slow_4" pos="46.39" speed="47.00"/>
            </lane>
        </edge>
        <edge id="right">
            <lane id="right_0">
                <vehicle id="cfm_slow_1" pos="26.39" speed="47.00"/>
            </lane>
        </edge>
        <edge id="top">
            <lane id="top_0">
                <vehicle id="cfm_slow_2" pos="16.39" speed="47.00"/>
            </lane>
        </edge>
    </timestep>
    <timestep time="62.20">
        <edge id="bottom">
            <lane id="bottom_0">
                <vehicle id="cfm_slow_4" pos="1.09" speed="47.00"/>
                <vehicle id="cfm_slow_0" pos="41.09" speed="47.00"/>
            </lane>
        </edge>
        <edge id="left">
            <lane id="left_0">
                <vehicle id="cfm_slow_3" pos="11.09" speed="47.00"/>
            </lane>
        </edge>
        <edge id="right">
            <lane id="right_0">
                <vehicle id="cfm_slow_1" pos="31.09" speed="47.00"/>
            </lane>
        </edge>
        <edge id="top">
            <lane id="top_0">
                <vehicle id="cfm_slow_2" pos="21.09" speed="47.00"/>
            </lane>
        </edge>
    </timestep>
    <timestep time="62.30">
        <edge id="bottom">
            <lane id="bottom_0">
                <vehicle id="cfm_slow_4" pos="5.79" speed="47.00"/>
                <vehicle id="cfm_slow_0" pos="45.79" speed="47.00"/>
            </lane>
        </edge>
        <edge id="left">
            <lane id="left_0">
                <vehicle id="cfm_slow_3" pos="15.79" speed="47.00"/>
            </lane>
        </edge>
        <edge id="right">
            <lane id="right_0">
                <vehicle id="cfm_slow_1" pos="35.79" speed="47.00"/>
            </lane>
        </edge>
        <edge id="top">
            <lane id="top_0">
                <vehicle id="cfm_slow_2" pos="25.79" speed="47.00"/>
            </lane>
        </edge>
    </timestep>
    <timestep time="62.40">
        <edge id="bottom">
            <lane id="bottom_0">
                <vehicle id="cfm_slow_4" pos="10.49" speed="47.00"/>
            </lane>
        </edge>
        <edge id="left">
            <lane id="left_0">
                <vehicle id="cfm_slow_3" pos="20.49" speed="47.00"/>
            </lane>
        </edge>
        <edge id="right">
            <lane id="right_0">
                <vehicle id="cfm_slow_0" pos="0.49" speed="47.00"/>
                <vehicle id="cfm_slow_1" pos="40.49" speed="47.00"/>
            </lane>
        </edge>
        <edge id="top">
            <lane id="top_0">
                <vehicle id="cfm_slow_2" pos="30.49" speed="47.00"/>
            </lane>
        </edge>
    </timestep>
    <timestep time="62.50">
        <edge id="bottom">
            <lane id="bottom_0">
                <vehicle id="cfm_slow_4" pos="15.19" speed="47.00"/>
            </lane>
        </edge>
        <edge id="left">
            <lane id="left_0">
                <vehicle id="cfm_slow_3" pos="25.19" speed="47.00"/>
            </lane>
        </edge>
        <edge id="right">
            <lane id="right_0">
                <vehicle id="cfm_slow_0" pos="5.19" speed="47.00"/>
                <vehicle id="cfm_slow_1" pos="45.19" speed="47.00"/>
            </lane>
        </edge>
        <edge id="top">
            <lane id="top_0">
                <vehicle id="cfm_slow_2" pos="35.19" speed="47.00"/>
            </lane>
        </edge>
    </timestep>
    <timestep time="62.60">
        <edge id="bottom">
            <lane id="bottom_0">
                <vehicle id="cfm_slow_4" pos="19.89" speed="47.00"/>
            </lane>
        </edge>
        <edge id="left">
            <lane id="left_0">
                <vehicle id="cfm_slow_3" pos="29.89" speed="47.00"/>
            </lane>
        </edge>
        <edge id="right">
            <lane id="right_0">
                <vehicle id="cfm_slow_0" pos="9.89" speed="47.00"/>
                <vehicle id="cfm_slow_1" pos="49.89" speed="47.00"/>
            </lane>
        </edge>
        <edge id="top">
            <lane id="top_0">
                <vehicle id="cfm_slow_2" pos="39.89" speed="47.00"/>
            </lane>
        </edge>
    </timestep>
    <timestep time="62.70">
        <edge id="bottom">
            <lane id="bottom_0">
                <vehicle id="cfm_slow_4" pos="24.59" speed="47.00"/>
            </lane>
        </edge>
        <edge id="left">
            <lane id="left_0">
                <vehicle id="cfm_slow_3" pos="34.59" speed="47.00"/>
            </lane>
        </edge>
        <edge id="right">
            <lane id="right_0">
                <vehicle id="cfm_slow_0" pos="14.59" speed="47.00"/>
            </lane>
        </edge>
        <edge id="top">
            <lane id="top_0">
                <vehicle id="cfm_slow_1" pos="4.59" speed="47.00"/>
                <vehicle id="cfm_slow_2" pos="44.59" speed="47.00"/>
            </lane>
        </edge>
    </timestep>
    <timestep time="62.80">
        <edge id="bottom">
            <lane id="bottom_0">
                <vehicle id="cfm_slow_4" pos="29.29" speed="47.00"/>
            </lane>
        </edge>
        <edge id="left">
            <lane id="left_0">
                <vehicle id="cfm_slow_3" pos="39.29" speed="47.00"/>
            </lane>
        </edge>
        <edge id="right">
            <lane id="right_0">
                <vehicle id="cfm_slow_0" pos="19.29" speed="47.00"/>
            </lane>
        </edge>
        <edge id="top">
            <lane id="top_0">
                <vehicle id="cfm_slow_1" pos="9.29" speed="47.00"/>
                <vehicle id="cfm_slow_2" pos="49.29" speed="47.00"/>
            </lane>
        </edge>
    </timestep>
    <timestep time="62.90">
        <edge id="bottom">
            <lane id="bottom_0">
                <vehicle id="cfm_slow_4" pos="33.99" speed="47.00"/>
            </lane>
        </edge>
        <edge id="left">
            <lane id="left_0">
                <vehicle id="cfm_slow_2" pos="3.99" speed="47.00"/>
                <vehicle id="cfm_slow_3" pos="43.99" speed="47.00"/>
            </lane>
        </edge>
        <edge id="right">
            <lane id="right_0">
                <vehicle id="cfm_slow_0" pos="23.99" speed="47.00"/>
            </lane>
        </edge>
        <edge id="top">
            <lane id="top_0">
                <vehicle id="cfm_slow_1" pos="13.99" speed="47.00"/>
            </lane>
        </edge>
    </timestep>
    <timestep time="63.00">
        <edge id="bottom">
            <lane id="bottom_0">
                <vehicle id="cfm_slow_4" pos="38.69" speed="47.00"/>
            </lane>
        </edge>
        <edge id="left">
            <lane id="left_0">
                <vehicle id="cfm_slow_2" pos="8.69" speed="47.00"/>
                <vehicle id="cfm_slow_3" pos="48.69" speed="47.00"/>
            </lane>
        </edge>
        <edge id="right">
            <lane id="right_0">
                <vehicle id="cfm_slow_0" pos="28.69" speed="47.00"/>
            </lane>
        </edge>
        <edge id="top">
            <lane id="top_0">
                <vehicle id="cfm_slow_1" pos="18.69" speed="47.00"/>
            </lane>
        </edge>
    </timestep>
    <timestep time="63.10">
        <edge id="bottom">
            <lane id="bottom_0">
                <vehicle id="cfm_slow_3" pos="3.39" speed="47.00"/>
                <vehicle id="cfm_slow_4" pos="43.39" speed="47.00"/>
            </lane>
        </edge>
        <edge id="left">
            <lane id="left_0">
                <vehicle id="cfm_slow_2" pos="13.39" speed="47.00"/>
            </lane>
        </edge>
        <edge id="right">
            <lane id="right_0">
                <vehicle id="cfm_slow_0" pos="33.39" speed="47.00"/>
            </lane>
        </edge>
        <edge id="top">
            <lane id="top_0">
                <vehicle id="cfm_slow_1" pos="23.39" speed="47.00"/>
            </lane>
        </edge>
    </timestep>
    <timestep time="63.20">
        <edge id="bottom">
            <lane id="bottom_0">
                <vehicle id="cfm_slow_3" pos="8.09" speed="47.00"/>
                <vehicle id="cfm_slow_4" pos="48.09" speed="47.00"/>
            </lane>
        </edge>
        <edge id="left">
            <lane id="left_0">
                <vehicle id="cfm_slow_2" pos="18.09" speed="47.00"/>
            </lane>
        </edge>
        <edge id="right">
            <lane id="right_0">
                <vehicle id="cfm_slow_0" pos="38.09" speed="47.00"/>
            </lane>
        </edge>
        <edge id="top">
            <lane id="top_0">
                <vehicle id="cfm_slow_1" pos="28.09" speed="47.00"/>
            </lane>
        </edge>
    </timestep>
    <timestep time="63.30">
        <edge id="bottom">
            <lane id="bottom_0">
                <vehicle id="cfm_slow_3" pos="12.79" speed="47.00"/>
            </lane>
        </edge>
        <edge id="left">
            <lane id="left_0">
                <vehicle id="cfm_slow_2" pos="22.79" speed="47.00"/>
            </lane>
        </edge>
        <edge id="right">
            <lane id="right_0">
                <vehicle id="cfm_slow_4" pos="2.79" speed="47.00"/>
                <vehicle id="cfm_slow_0" pos="42.79" speed="47.00"/>
            </lane>
        </edge>
        <edge id="top">
            <lane id="top_0">
                <vehicle id="cfm_slow_1" pos="32.79" speed="47.00"/>
            </lane>
        </edge>
    </timestep>
    <timestep time="63.40">
        <edge id="bottom">
            <lane id="bottom_0">
                <vehicle id="cfm_slow_3" pos="17.49" speed="47.00"/>
            </lane>
        </edge>
        <edge id="left">
            <lane id="left_0">
                <vehicle id="cfm_slow_2" pos="27.49" speed="47.00"/>
            </lane>
        </edge>
        <edge id="right">
            <lane id="right_0">
                <vehicle id="cfm_slow_4" pos="7.49" speed="47.00"/>
                <vehicle id="cfm_slow_0" pos="47.49" speed="47.00"/>
            </lane>
        </edge>
        <edge id="top">
            <lane id="top_0">
                <vehicle id="cfm_slow_1" pos="37.49" speed="47.00"/>
            </lane>
        </edge>
    </timestep>
    <timestep time="63.50">
        <edge id="bottom">
            <lane id="bottom_0">
                <vehicle id="cfm_slow_3" pos="22.19" speed="47.00"/>
            </lane>
        </edge>
        <edge id="left">
            <lane id="left_0">
                <vehicle id="cfm_slow_2" pos="32.19" speed="47.00"/>
            </lane>
        </edge>
        <edge id="right">
            <lane id="right_0">
                <vehicle id="cfm_slow_4" pos="12.19" speed="47.00"/>
            </lane>
        </edge>
        <edge id="top">
            <lane id="top_0">
                <vehicle id="cfm_slow_0" pos="2.19" speed="47.00"/>
                <vehicle id="cfm_slow_1" pos="42.19" speed="47.00"/>
            </lane>
        </edge>
    </timestep>
    <timestep time="63.60">
        <edge id="bottom">
            <lane id="bottom_0">
                <vehicle id="cfm_slow_3" pos="26.89" speed="47.00"/>
            </lane>
        </edge>
        <edge id="left">
            <lane id="left_0">
                <vehicle id="cfm_slow_2" pos="36.89" speed="47.00"/>
            </lane>
        </edge>
        <edge id="right">
            <lane id="right_0">
                <vehicle id="cfm_slow_4" pos="16.89" speed="47.00"/>
            </lane>
        </edge>
        <edge id="top">
            <lane id="top_0">
                <vehicle id="cfm_slow_0" pos="6.89" speed="47.00"/>
                <vehicle id="cfm_slow_1" pos="46.89" speed="47.00"/>
            </lane>
        </edge>
    </timestep>
    <timestep time="63.70">
        <edge id="bottom">
            <lane id="bottom_0">
                <vehicle id="cfm_slow_3" pos="31.59" speed="47.00"/>
            </lane>
        </edge>
        <edge id="left">
            <lane id="left_0">
                <vehicle id="cfm_slow_1" pos="1.59" speed="47.00"/>
                <vehicle id="cfm_slow_2" pos="41.59" speed="47.00"/>
            </lane>
        </edge>
        <edge id="right">
            <lane id="right_0">
                <vehicle id="cfm_slow_4" pos="21.59" speed="47.00"/>
            </lane>
        </edge>
        <edge id="top">
            <lane id="top_0">
                <vehicle id="cfm_slow_0" pos="11.59" speed="47.00"/>
            </lane>
        </edge>
    </timestep>
    <timestep time="63.80">
        <edge id="bottom">
            <lane id="bottom_0">
                <vehicle id="cfm_slow_3" pos="36.29" speed="47.00"/>
            </lane>
        </edge>
        <edge id="left">
            <lane id="left_0">
                <vehicle id="cfm_slow_1" pos="6.29" speed="47.00"/>
                <vehicle id="cfm_slow_2" pos="46.29" speed="47.00"/>
            </lane>
        </edge>
        <edge id="right">
            <lane id="right_0">
                <vehicle id="cfm_slow_4" pos="26.29" speed="47.00"/>
            </lane>
        </edge>
        <edge id="top">
            <lane id="top_0">
                <vehicle id="cfm_slow_0" pos="16.29" speed="47.00"/>
            </lane>
        </edge>
    </timestep>
    <timestep time="63.90">
        <edge id="bottom">
            <lane id="bottom_0">
                <vehicle id="cfm_slow_2" pos="0.99" speed="47.00"/>
                <vehicle id="cfm_slow_3" pos="40.99" speed="47.00"/>
            </lane>
        </edge>
        <edge id="left">
            <lane id="left_0">
                <vehicle id="cfm_slow_1" pos="10.99" speed="47.00"/>
            </lane>
        </edge>
        <edge id="right">
            <lane id="right_0">
                <vehicle id="cfm_slow_4" pos="30.99" speed="47.00"/>
            </lane>
        </edge>
        <edge id="top">
            <lane id="top_0">
                <vehicle id="cfm_slow_0" pos="20.99" speed="47.00"/>
            </lane>
        </edge>
    </timestep>
    <timestep time="64.00">
        <edge id="bottom">
            <lane id="bottom_0">
                <vehicle id="cfm_slow_2" pos="5.69" speed="47.00"/>
                <vehicle id="cfm_slow_3" pos="45.69" speed="47.00"/>
            </lane>
        </edge>
        <edge id="left">
            <lane id="left_0">
                <vehicle id="cfm_slow_1" pos="15.69" speed="47.00"/>
            </lane>
        </edge>
        <edge id="right">
            <lane id="right_0">
                <vehicle id="cfm_slow_4" pos="35.69" speed="47.00"/>
            </lane>
        </edge>
        <edge id="top">
            <lane id="top_0">
                <vehicle id="cfm_slow_0" pos="25.69" speed="47.00"/>
            </lane>
        </edge>
    </timestep>
    <timestep time="64.10">
        <edge id="bottom">
            <lane id="bottom_0">
                <vehicle id="cfm_slow_2" pos="10.39" speed="47.00"/>
            </lane>
        </edge>
        <edge id="left">
            <lane id="left_0">
                <vehicle id="cfm_slow_1" pos="20.39" speed="47.00"/>
            </lane>
        </edge>
        <edge id="right">
            <lane id="right_0">
                <vehicle id="cfm_slow_3" pos="0.39" speed="47.00"/>
                <vehicle id="cfm_slow_4" pos="40.39" speed="47.00"/>
            </lane>
        </edge>
        <edge id="top">
            <lane id="top_0">
                <vehicle id="cfm_slow_0" pos="30.39" speed="47.00"/>
            </lane>
        </edge>
    </timestep>
    <timestep time="64.20">
        <edge id="bottom">
            <lane id="bottom_0">
                <vehicle id="cfm_slow_2" pos="15.09" speed="47.00"/>
            </lane>
        </edge>
        <edge id="left">
            <lane id="left_0">
                <vehicle id="cfm_slow_1" pos="25.09" speed="47.00"/>
            </lane>
        </edge>
        <edge id="right">
            <lane id="right_0">
                <vehicle id="cfm_slow_3" pos="5.09" speed="47.00"/>
                <vehicle id="cfm_slow_4" pos="45.09" speed="47.00"/>
            </lane>
        </edge>
        <edge id="top">
            <lane id="top_0">
                <vehicle id="cfm_slow_0" pos="35.09" speed="47.00"/>
            </lane>
        </edge>
    </timestep>
    <timestep time="64.30">
        <edge id="bottom">
            <lane id="bottom_0">
                <vehicle id="cfm_slow_2" pos="19.79" speed="47.00"/>
            </lane>
        </edge>
        <edge id="left">
            <lane id="left_0">
                <vehicle id="cfm_slow_1" pos="29.79" speed="47.00"/>
            </lane>
        </edge>
        <edge id="right">
            <lane id="right_0">
                <vehicle id="cfm_slow_3" pos="9.79" speed="47.00"/>
                <vehicle id="cfm_slow_4" pos="49.79" speed="47.00"/>
            </lane>
        </edge>
        <edge id="top">
            <lane id="top_0">
                <vehicle id="cfm_slow_0" pos="39.79" speed="47.00"/>
            </lane>
        </edge>
    </timestep>
    <timestep time="64.40">
        <edge id="bottom">
            <lane id="bottom_0">
                <vehicle id="cfm_slow_2" pos="24.49" speed="47.00"/>
            </lane>
        </edge>
        <edge id="left">
            <lane id="left_0">
                <vehicle id="cfm_slow_1" pos="34.49" speed="47.00"/>
            </lane>
        </edge>
        <edge id="right">
            <lane id="right_0">
                <vehicle id="cfm_slow_3" pos="14.49" speed="47.00"/>
            </lane>
        </edge>
        <edge id="top">
            <lane id="top_0">
                <vehicle id="cfm_slow_4" pos="4.49" speed="47.00"/>
                <vehicle id="cfm_slow_0" pos="44.49" speed="47.00"/>
            </lane>
        </edge>
    </timestep>
    <timestep time="64.50">
        <edge id="bottom">
            <lane id="bottom_0">
                <vehicle id="cfm_slow_2" pos="29.19" speed="47.00"/>
            </lane>
        </edge>
        <edge id="left">
            <lane id="left_0">
                <vehicle id="cfm_slow_1" pos="39.19" speed="47.00"/>
            </lane>
        </edge>
        <edge id="right">
            <lane id="right_0">
                <vehicle id="cfm_slow_3" pos="19.19" speed="47.00"/>
            </lane>
        </edge>
        <edge id="top">
            <lane id="top_0">
                <vehicle id="cfm_slow_4" pos="9.19" speed="47.00"/>
                <vehicle id="cfm_slow_0" pos="49.19" speed="47.00"/>
            </lane>
        </edge>
    </timestep>
    <timestep time="64.60">
        <edge id="bottom">
            <lane id="bottom_0">
                <vehicle id="cfm_slow_2" pos="33.89" speed="47.00"/>
            </lane>
        </edge>
        <edge id="left">
            <lane id="left_0">
                <vehicle id="cfm_slow_0" pos="3.89" speed="47.00"/>
                <vehicle id="cfm_slow_1" pos="43.89" speed="47.00"/>
            </lane>
        </edge>
        <edge id="right">
            <lane id="right_0">
                <vehicle id="cfm_slow_3" pos="23.89" speed="47.00"/>
            </lane>
        </edge>
        <edge id="top">
            <lane id="top_0">
                <vehicle id="cfm_slow_4" pos="13.89" speed="47.00"/>
            </lane>
        </edge>
    </timestep>
    <timestep time="64.70">
        <edge id="bottom">
            <lane id="bottom_0">
                <vehicle id="cfm_slow_2" pos="38.59" speed="47.00"/>
            </lane>
        </edge>
        <edge id="left">
            <lane id="left_0">
                <vehicle id="cfm_slow_0" pos="8.59" speed="47.00"/>
                <vehicle id="cfm_slow_1" pos="48.59" speed="47.00"/>
            </lane>
        </edge>
        <edge id="right">
            <lane id="right_0">
                <vehicle id="cfm_slow_3" pos="28.59" speed="47.00"/>
            </lane>
        </edge>
        <edge id="top">
            <lane id="top_0">
                <vehicle id="cfm_slow_4" pos="18.59" speed="47.00"/>
            </lane>
        </edge>
    </timestep>
    <timestep time="64.80">
        <edge id="bottom">
            <lane id="bottom_0">
                <vehicle id="cfm_slow_1" pos="3.29" speed="47.00"/>
                <vehicle id="cfm_slow_2" pos="43.29" speed="47.00"/>
            </lane>
        </edge>
        <edge id="left">
            <lane id="left_0">
                <vehicle id="cfm_slow_0" pos="13.29" speed="47.00"/>
            </lane>
        </edge>
        <edge id="right">
            <lane id="right_0">
                <vehicle id="cfm_slow_3" pos="33.29" speed="47.00"/>
            </lane>
        </edge>
        <edge id="top">
            <lane id="top_0">
                <vehicle id="cfm_slow_4" pos="23.29" speed="47.00"/>
            </lane>
        </edge>
    </timestep>
    <timestep time="64.90">
        <edge id="bottom">
            <lane id="bottom_0">
                <vehicle id="cfm_slow_1" pos="7.99" speed="47.00"/>
                <vehicle id="cfm_slow_2" pos="47.99" speed="47.00"/>
            </lane>
        </edge>
        <edge id="left">
            <lane id="left_0">
                <vehicle id="cfm_slow_0" pos="17.99" speed="47.00"/>
            </lane>
        </edge>
        <edge id="right">
            <lane id="right_0">
                <vehicle id="cfm_slow_3" pos="37.99" speed="47.00"/>
            </lane>
        </edge>
        <edge id="top">
            <lane id="top_0">
                <vehicle id="cfm_slow_4" pos="27.99" speed="47.00"/>
            </lane>
        </edge>
    </timestep>
    <timestep time="65.00">
        <edge id="bottom">
            <lane id="bottom_0">
                <vehicle id="cfm_slow_1" pos="12.69" speed="47.00"/>
            </lane>
        </edge>
        <edge id="left">
            <lane id="left_0">
                <vehicle id="cfm_slow_0" pos="22.69" speed="47.00"/>
            </lane>
        </edge>
        <edge id="right">
            <lane id="right_0">
                <vehicle id="cfm_slow_2" pos="2.69" speed="47.00"/>
                <vehicle id="cfm_slow_3" pos="42.69" speed="47.00"/>
            </lane>
        </edge>
        <edge id="top">
            <lane id="top_0">
                <vehicle id="cfm_slow_4" pos="32.69" speed="47.00"/>
            </lane>
        </edge>
    </timestep>
    <timestep time="65.10">
        <edge id="bottom">
            <lane id="bottom_0">
                <vehicle id="cfm_slow_1" pos="17.39" speed="47.00"/>
            </lane>
        </edge>
        <edge id="left">
            <lane id="left_0">
                <vehicle id="cfm_slow_0" pos="27.39" speed="47.00"/>
            </lane>
        </edge>
        <edge id="right">
            <lane id="right_0">
                <vehicle id="cfm_slow_2" pos="7.39" speed="47.00"/>
                <vehicle id="cfm_slow_3" pos="47.39" speed="47.00"/>
            </lane>
        </edge>
        <edge id="top">
            <lane id="top_0">
                <vehicle id="cfm_slow_4" pos="37.39" speed="47.00"/>
            </lane>
        </edge>
    </timestep>
    <timestep time="65.20">
        <edge id="bottom">
            <lane id="bottom_0">
                <vehicle id="cfm_slow_1" pos="22.09" speed="47.00"/>
            </lane>
        </edge>
        <edge id="left">
            <lane id="left_0">
                <vehicle id="cfm_slow_0" pos="32.09" speed="47.00"/>
            </lane>
        </edge>
        <edge id="right">
            <lane id="right_0">
                <vehicle id="cfm_slow_2" pos="12.09" speed="47.00"/>
            </lane>
        </edge>
        <edge id="top">
            <lane id="top_0">
                <vehicle id="cfm_slow_3" pos="2.09" speed="47.00"/>
                <vehicle id="cfm_slow_4" pos="42.09" speed="47.00"/>
            </lane>
        </edge>
    </timestep>
    <timestep time="65.30">
        <edge id="bottom">
            <lane id="bottom_0">
                <vehicle id="cfm_slow_1" pos="26.79" speed="47.00"/>
            </lane>
        </edge>
        <edge id="left">
            <lane id="left_0">
                <vehicle id="cfm_slow_0" pos="36.79" speed="47.00"/>
            </lane>
        </edge>
        <edge id="right">
            <lane id="right_0">
                <vehicle id="cfm_slow_2" pos="16.79" speed="47.00"/>
            </lane>
        </edge>
        <edge id="top">
            <lane id="top_0">
                <vehicle id="cfm_slow_3" pos="6.79" speed="47.00"/>
                <vehicle id="cfm_slow_4" pos="46.79" speed="47.00"/>
            </lane>
        </edge>
    </timestep>
    <timestep time="65.40">
        <edge id="bottom">
            <lane id="bottom_0">
                <vehicle id="cfm_slow_1" pos="31.49" speed="47.00"/>
            </lane>
        </edge>
        <edge id="left">
            <lane id="left_0">
                <vehicle id="cfm_slow_4" pos="1.49" speed="47.00"/>
                <vehicle id="cfm_slow_0" pos="41.49" speed="47.00"/>
            </lane>
        </edge>
        <edge id="right">
            <lane id="right_0">
                <vehicle id="cfm_slow_2" pos="21.49" speed="47.00"/>
            </lane>
        </edge>
        <edge id="top">
            <lane id="top_0">
                <vehicle id="cfm_slow_3" pos="11.49" speed="47.00"/>
            </lane>
        </edge>
    </timestep>
    <timestep time="65.50">
        <edge id="bottom">
            <lane id="bottom_0">
                <vehicle id="cfm_slow_1" pos="36.19" speed="47.00"/>
            </lane>
        </edge>
        <edge id="left">
            <lane id="left_0">
                <vehicle id="cfm_slow_4" pos="6.19" speed="47.00"/>
                <vehicle id="cfm_slow_0" pos="46.19" speed="47.00"/>
            </lane>
        </edge>
        <edge id="right">
            <lane id="right_0">
                <vehicle id="cfm_slow_2" pos="26.19" speed="47.00"/>
            </lane>
        </edge>
        <edge id="top">
            <lane id="top_0">
                <vehicle id="cfm_slow_3" pos="16.19" speed="47.00"/>
            </lane>
        </edge>
    </timestep>
    <timestep time="65.60">
        <edge id="bottom">
            <lane id="bottom_0">
                <vehicle id="cfm_slow_0" pos="0.89" speed="47.00"/>
                <vehicle id="cfm_slow_1" pos="40.89" speed="47.00"/>
            </lane>
        </edge>
        <edge id="left">
            <lane id="left_0">
                <vehicle id="cfm_slow_4" pos="10.89" speed="47.00"/>
            </lane>
        </edge>
        <edge id="right">
            <lane id="right_0">
                <vehicle id="cfm_slow_2" pos="30.89" speed="47.00"/>
            </lane>
        </edge>
        <edge id="top">
            <lane id="top_0">
                <vehicle id="cfm_slow_3" pos="20.89" speed="47.00"/>
            </lane>
        </edge>
    </timestep>
    <timestep time="65.70">
        <edge id="bottom">
            <lane id="bottom_0">
                <vehicle id="cfm_slow_0" pos="5.59" speed="47.00"/>
                <vehicle id="cfm_slow_1" pos="45.59" speed="47.00"/>
            </lane>
        </edge>
        <edge id="left">
            <lane id="left_0">
                <vehicle id="cfm_slow_4" pos="15.59" speed="47.00"/>
            </lane>
        </edge>
        <edge id="right">
            <lane id="right_0">
                <vehicle id="cfm_slow_2" pos="35.59" speed="47.00"/>
            </lane>
        </edge>
        <edge id="top">
            <lane id="top_0">
                <vehicle id="cfm_slow_3" pos="25.59" speed="47.00"/>
            </lane>
        </edge>
    </timestep>
    <timestep time="65.80">
        <edge id="bottom">
            <lane id="bottom_0">
                <vehicle id="cfm_slow_0" pos="10.29" speed="47.00"/>
            </lane>
        </edge>
        <edge id="left">
            <lane id="left_0">
                <vehicle id="cfm_slow_4" pos="20.29" speed="47.00"/>
            </lane>
        </edge>
        <edge id="right">
            <lane id="right_0">
                <vehicle id="cfm_slow_1" pos="0.29" speed="47.00"/>
                <vehicle id="cfm_slow_2" pos="40.29" speed="47.00"/>
            </lane>
        </edge>
        <edge id="top">
            <lane id="top_0">
                <vehicle id="cfm_slow_3" pos="30.29" speed="47.00"/>
            </lane>
        </edge>
    </timestep>
    <timestep time="65.90">
        <edge id="bottom">
            <lane id="bottom_0">
                <vehicle id="cfm_slow_0" pos="14.99" speed="47.00"/>
            </lane>
        </edge>
        <edge id="left">
            <lane id="left_0">
                <vehicle id="cfm_slow_4" pos="24.99" speed="47.00"/>
            </lane>
        </edge>
        <edge id="right">
            <lane id="right_0">
                <vehicle id="cfm_slow_1" pos="4.99" speed="47.00"/>
                <vehicle id="cfm_slow_2" pos="44.99" speed="47.00"/>
            </lane>
        </edge>
        <edge id="top">
            <lane id="top_0">
                <vehicle id="cfm_slow_3" pos="34.99" speed="47.00"/>
            </lane>
        </edge>
    </timestep>
    <timestep time="66.00">
        <edge id="bottom">
            <lane id="bottom_0">
                <vehicle id="cfm_slow_0" pos="19.69" speed="47.00"/>
            </lane>
        </edge>
        <edge id="left">
            <lane id="left_0">
                <vehicle id="cfm_slow_4" pos="29.69" speed="47.00"/>
            </lane>
        </edge>
        <edge id="right">
            <lane id="right_0">
                <vehicle id="cfm_slow_1" pos="9.69" speed="47.00"/>
                <vehicle id="cfm_slow_2" pos="49.69" speed="47.00"/>
            </lane>
        </edge>
        <edge id="top">
            <lane id="top_0">
                <vehicle id="cfm_slow_3" pos="39.69" speed="47.00"/>
            </lane>
        </edge>
    </timestep>
    <timestep time="66.10">
        <edge id="bottom">
            <lane id="bottom_0">
                <vehicle id="cfm_slow_0" pos="24.39" speed="47.00"/>
            </lane>
        </edge>
        <edge id="left">
            <lane id="left_0">
                <vehicle id="cfm_slow_4" pos="34.39" speed="47.00"/>
            </lane>
        </edge>
        <edge id="right">
            <lane id="right_0">
                <vehicle id="cfm_slow_1" pos="14.39" speed="47.00"/>
            </lane>
        </edge>
        <edge id="top">
            <lane id="top_0">
                <vehicle id="cfm_slow_2" pos="4.39" speed="47.00"/>
                <vehicle id="cfm_slow_3" pos="44.39" speed="47.00"/>
            </lane>
        </edge>
    </timestep>
    <timestep time="66.20">
        <edge id="bottom">
            <lane id="bottom_0">
                <vehicle id="cfm_slow_0" pos="29.09" speed="47.00"/>
            </lane>
        </edge>
        <edge id="left">
            <lane id="left_0">
                <vehicle id="cfm_slow_4" pos="39.09" speed="47.00"/>
            </lane>
        </edge>
        <edge id="right">
            <lane id="right_0">
                <vehicle id="cfm_slow_1" pos="19.09" speed="47.00"/>
            </lane>
        </edge>
        <edge id="top">
            <lane id="top_0">
                <vehicle id="cfm_slow_2" pos="9.09" speed="47.00"/>
                <vehicle id="cfm_slow_3" pos="49.09" speed="47.00"/>
            </lane>
        </edge>
    </timestep>
    <timestep time="66.30">
        <edge id="bottom">
            <lane id="bottom_0">
                <vehicle id="cfm_slow_0" pos="33.79" speed="47.00"/>
            </lane>
        </edge>
        <edge id="left">
            <lane id="left_0">
                <vehicle id="cfm_slow_3" pos="3.79" speed="47.00"/>
                <vehicle id="cfm_slow_4" pos="43.79" speed="47.00"/>
            </lane>
        </edge>
        <edge id="right">
            <lane id="right_0">
                <vehicle id="cfm_slow_1" pos="23.79" speed="47.00"/>
            </lane>
        </edge>
        <edge id="top">
            <lane id="top_0">
                <vehicle id="cfm_slow_2" pos="13.79" speed="47.00"/>
            </lane>
        </edge>
    </timestep>
    <timestep time="66.40">
        <edge id="bottom">
            <lane id="bottom_0">
                <vehicle id="cfm_slow_0" pos="38.49" speed="47.00"/>
            </lane>
        </edge>
        <edge id="left">
            <lane id="left_0">
                <vehicle id="cfm_slow_3" pos="8.49" speed="47.00"/>
                <vehicle id="cfm_slow_4" pos="48.49" speed="47.00"/>
            </lane>
        </edge>
        <edge id="right">
            <lane id="right_0">
                <vehicle id="cfm_slow_1" pos="28.49" speed="47.00"/>
            </lane>
        </edge>
        <edge id="top">
            <lane id="top_0">
                <vehicle id="cfm_slow_2" pos="18.49" speed="47.00"/>
            </lane>
        </edge>
    </timestep>
    <timestep time="66.50">
        <edge id="bottom">
            <lane id="bottom_0">
                <vehicle id="cfm_slow_4" pos="3.19" speed="47.00"/>
                <vehicle id="cfm_slow_0" pos="43.19" speed="47.00"/>
            </lane>
        </edge>
        <edge id="left">
            <lane id="left_0">
                <vehicle id="cfm_slow_3" pos="13.19" speed="47.00"/>
            </lane>
        </edge>
        <edge id="right">
            <lane id="right_0">
                <vehicle id="cfm_slow_1" pos="33.19" speed="47.00"/>
            </lane>
        </edge>
        <edge id="top">
            <lane id="top_0">
                <vehicle id="cfm_slow_2" pos="23.19" speed="47.00"/>
            </lane>
        </edge>
    </timestep>
    <timestep time="66.60">
        <edge id="bottom">
            <lane id="bottom_0">
                <vehicle id="cfm_slow_4" pos="7.89" speed="47.00"/>
                <vehicle id="cfm_slow_0" pos="47.89" speed="47.00"/>
            </lane>
        </edge>
        <edge id="left">
            <lane id="left_0">
                <vehicle id="cfm_slow_3" pos="17.89" speed="47.00"/>
            </lane>
        </edge>
        <edge id="right">
            <lane id="right_0">
                <vehicle id="cfm_slow_1" pos="37.89" speed="47.00"/>
            </lane>
        </edge>
        <edge id="top">
            <lane id="top_0">
                <vehicle id="cfm_slow_2" pos="27.89" speed="47.00"/>
            </lane>
        </edge>
    </timestep>
    <timestep time="66.70">
        <edge id="bottom">
            <lane id="bottom_0">
                <vehicle id="cfm_slow_4" pos="12.59" speed="47.00"/>
            </lane>
        </edge>
        <edge id="left">
            <lane id="left_0">
                <vehicle id="cfm_slow_3" pos="22.59" speed="47.00"/>
            </lane>
        </edge>
        <edge id="right">
            <lane id="right_0">
                <vehicle id="cfm_slow_0" pos="2.59" speed="47.00"/>
                <vehicle id="cfm_slow_1" pos="42.59" speed="47.00"/>
            </lane>
        </edge>
        <edge id="top">
            <lane id="top_0">
                <vehicle id="cfm_slow_2" pos="32.59" speed="47.00"/>
            </lane>
        </edge>
    </timestep>
    <timestep time="66.80">
        <edge id="bottom">
            <lane id="bottom_0">
                <vehicle id="cfm_slow_4" pos="17.29" speed="47.00"/>
            </lane>
        </edge>
        <edge id="left">
            <lane id="left_0">
                <vehicle id="cfm_slow_3" pos="27.29" speed="47.00"/>
            </lane>
        </edge>
        <edge id="right">
            <lane id="right_0">
                <vehicle id="cfm_slow_0" pos="7.29" speed="47.00"/>
                <vehicle id="cfm_slow_1" pos="47.29" speed="47.00"/>
            </lane>
        </edge>
        <edge id="top">
            <lane id="top_0">
                <vehicle id="cfm_slow_2" pos="37.29" speed="47.00"/>
            </lane>
        </edge>
    </timestep>
    <timestep time="66.90">
        <edge id="bottom">
            <lane id="bottom_0">
                <vehicle id="cfm_slow_4" pos="21.99" speed="47.00"/>
            </lane>
        </edge>
        <edge id="left">
            <lane id="left_0">
                <vehicle id="cfm_slow_3" pos="31.99" speed="47.00"/>
            </lane>
        </edge>
        <edge id="right">
            <lane id="right_0">
                <vehicle id="cfm_slow_0" pos="11.99" speed="47.00"/>
            </lane>
        </edge>
        <edge id="top">
            <lane id="top_0">
                <vehicle id="cfm_slow_1" pos="1.99" speed="47.00"/>
                <vehicle id="cfm_slow_2" pos="41.99" speed="47.00"/>
            </lane>
        </edge>
    </timestep>
    <timestep time="67.00">
        <edge id="bottom">
            <lane id="bottom_0">
                <vehicle id="cfm_slow_4" pos="26.69" speed="47.00"/>
            </lane>
        </edge>
        <edge id="left">
            <lane id="left_0">
                <vehicle id="cfm_slow_3" pos="36.69" speed="47.00"/>
            </lane>
        </edge>
        <edge id="right">
            <lane id="right_0">
                <vehicle id="cfm_slow_0" pos="16.69" speed="47.00"/>
            </lane>
        </edge>
        <edge id="top">
            <lane id="top_0">
                <vehicle id="cfm_slow_1" pos="6.69" speed="47.00"/>
                <vehicle id="cfm_slow_2" pos="46.69" speed="47.00"/>
            </lane>
        </edge>
    </timestep>
    <timestep time="67.10">
        <edge id="bottom">
            <lane id="bottom_0">
                <vehicle id="cfm_slow_4" pos="31.39" speed="47.00"/>
            </lane>
        </edge>
        <edge id="left">
            <lane id="left_0">
                <vehicle id="cfm_slow_2" pos="1.39" speed="47.00"/>
                <vehicle id="cfm_slow_3" pos="41.39" speed="47.00"/>
            </lane>
        </edge>
        <edge id="right">
            <lane id="right_0">
                <vehicle id="cfm_slow_0" pos="21.39" speed="47.00"/>
            </lane>
        </edge>
        <edge id="top">
            <lane id="top_0">
                <vehicle id="cfm_slow_1" pos="11.39" speed="47.00"/>
            </lane>
        </edge>
    </timestep>
    <timestep time="67.20">
        <edge id="bottom">
            <lane id="bottom_0">
                <vehicle id="cfm_slow_4" pos="36.09" speed="47.00"/>
            </lane>
        </edge>
        <edge id="left">
            <lane id="left_0">
                <vehicle id="cfm_slow_2" pos="6.09" speed="47.00"/>
                <vehicle id="cfm_slow_3" pos="46.09" speed="47.00"/>
            </lane>
        </edge>
        <edge id="right">
            <lane id="right_0">
                <vehicle id="cfm_slow_0" pos="26.09" speed="47.00"/>
            </lane>
        </edge>
        <edge id="top">
            <lane id="top_0">
                <vehicle id="cfm_slow_1" pos="16.09" speed="47.00"/>
            </lane>
        </edge>
    </timestep>
    <timestep time="67.30">
        <edge id="bottom">
            <lane id="bottom_0">
                <vehicle id="cfm_slow_3" pos="0.79" speed="47.00"/>
                <vehicle id="cfm_slow_4" pos="40.79" speed="47.00"/>
            </lane>
        </edge>
        <edge id="left">
            <lane id="left_0">
                <vehicle id="cfm_slow_2" pos="10.79" speed="47.00"/>
            </lane>
        </edge>
        <edge id="right">
            <lane id="right_0">
                <vehicle id="cfm_slow_0" pos="30.79" speed="47.00"/>
            </lane>
        </edge>
        <edge id="top">
            <lane id="top_0">
                <vehicle id="cfm_slow_1" pos="20.79" speed="47.00"/>
            </lane>
        </edge>
    </timestep>
    <timestep time="67.40">
        <edge id="bottom">
            <lane id="bottom_0">
                <vehicle id="cfm_slow_3" pos="5.49" speed="47.00"/>
                <vehicle id="cfm_slow_4" pos="45.49" speed="47.00"/>
            </lane>
        </edge>
        <edge id="left">
            <lane id="left_0">
                <vehicle id="cfm_slow_2" pos="15.49" speed="47.00"/>
            </lane>
        </edge>
        <edge id="right">
            <lane id="right_0">
                <vehicle id="cfm_slow_0" pos="35.49" speed="47.00"/>
            </lane>
        </edge>
        <edge id="top">
            <lane id="top_0">
                <vehicle id="cfm_slow_1" pos="25.49" speed="47.00"/>
            </lane>
        </edge>
    </timestep>
    <timestep time="67.50">
        <edge id="bottom">
            <lane id="bottom_0">
                <vehicle id="cfm_slow_3" pos="10.19" speed="47.00"/>
            </lane>
        </edge>
        <edge id="left">
            <lane id="left_0">
                <vehicle id="cfm_slow_2" pos="20.19" speed="47.00"/>
            </lane>
        </edge>
        <edge id="right">
            <lane id="right_0">
                <vehicle id="cfm_slow_4" pos="0.19" speed="47.00"/>
                <vehicle id="cfm_slow_0" pos="40.19" speed="47.00"/>
            </lane>
        </edge>
        <edge id="top">
            <lane id="top_0">
                <vehicle id="cfm_slow_1" pos="30.19" speed="47.00"/>
            </lane>
        </edge>
    </timestep>
    <timestep time="67.60">
        <edge id="bottom">
            <lane id="bottom_0">
                <vehicle id="cfm_slow_3" pos="14.89" speed="47.00"/>
            </lane>
        </edge>
        <edge id="left">
            <lane id="left_0">
                <vehicle id="cfm_slow_2" pos="24.89" speed="47.00"/>
            </lane>
        </edge>
        <edge id="right">
            <lane id="right_0">
                <vehicle id="cfm_slow_4" pos="4.89" speed="47.00"/>
                <vehicle id="cfm_slow_0" pos="44.89" speed="47.00"/>
            </lane>
        </edge>
        <edge id="top">
            <lane id="top_0">
                <vehicle id="cfm_slow_1" pos="34.89" speed="47.00"/>
            </lane>
        </edge>
    </timestep>
    <timestep time="67.70">
        <edge id="bottom">
            <lane id="bottom_0">
                <vehicle id="cfm_slow_3" pos="19.59" speed="47.00"/>
            </lane>
        </edge>
        <edge id="left">
            <lane id="left_0">
                <vehicle id="cfm_slow_2" pos="29.59" speed="47.00"/>
            </lane>
        </edge>
        <edge id="right">
            <lane id="right_0">
                <vehicle id="cfm_slow_4" pos="9.59" speed="47.00"/>
                <vehicle id="cfm_slow_0" pos="49.59" speed="47.00"/>
            </lane>
        </edge>
        <edge id="top">
            <lane id="top_0">
                <vehicle id="cfm_slow_1" pos="39.59" speed="47.00"/>
            </lane>
        </edge>
    </timestep>
    <timestep time="67.80">
        <edge id="bottom">
            <lane id="bottom_0">
                <vehicle id="cfm_slow_3" pos="24.29" speed="47.00"/>
            </lane>
        </edge>
        <edge id="left">
            <lane id="left_0">
                <vehicle id="cfm_slow_2" pos="34.29" speed="47.00"/>
            </lane>
        </edge>
        <edge id="right">
            <lane id="right_0">
                <vehicle id="cfm_slow_4" pos="14.29" speed="47.00"/>
            </lane>
        </edge>
        <edge id="top">
            <lane id="top_0">
                <vehicle id="cfm_slow_0" pos="4.29" speed="47.00"/>
                <vehicle id="cfm_slow_1" pos="44.29" speed="47.00"/>
            </lane>
        </edge>
    </timestep>
    <timestep time="67.90">
        <edge id="bottom">
            <lane id="bottom_0">
                <vehicle id="cfm_slow_3" pos="28.99" speed="47.00"/>
            </lane>
        </edge>
        <edge id="left">
            <lane id="left_0">
                <vehicle id="cfm_slow_2" pos="38.99" speed="47.00"/>
            </lane>
        </edge>
        <edge id="right">
            <lane id="right_0">
                <vehicle id="cfm_slow_4" pos="18.99" speed="47.00"/>
            </lane>
        </edge>
        <edge id="top">
            <lane id="top_0">
                <vehicle id="cfm_slow_0" pos="8.99" speed="47.00"/>
                <vehicle id="cfm_slow_1" pos="48.99" speed="47.00"/>
            </lane>
        </edge>
    </timestep>
    <timestep time="68.00">
        <edge id="bottom">
            <lane id="bottom_0">
                <vehicle id="cfm_slow_3" pos="33.69" speed="47.00"/>
            </lane>
        </edge>
        <edge id="left">
            <lane id="left_0">
                <vehicle id="cfm_slow_1" pos="3.69" speed="47.00"/>
                <vehicle id="cfm_slow_2" pos="43.69" speed="47.00"/>
            </lane>
        </edge>
        <edge id="right">
            <lane id="right_0">
                <vehicle id="cfm_slow_4" pos="23.69" speed="47.00"/>
            </lane>
        </edge>
        <edge id="top">
            <lane id="top_0">
                <vehicle id="cfm_slow_0" pos="13.69" speed="47.00"/>
            </lane>
        </edge>
    </timestep>
    <timestep time="68.10">
        <edge id="bottom">
            <lane id="bottom_0">
                <vehicle id="cfm_slow_3" pos="38.39" speed="47.00"/>
            </lane>
        </edge>
        <edge id="left">
            <lane id="left_0">
                <vehicle id="cfm_slow_1" pos="8.39" speed="47.00"/>
                <vehicle id="cfm_slow_2" pos="48.39" speed="47.00"/>
            </lane>
        </edge>
        <edge id="right">
            <lane id="right_0">
                <vehicle id="cfm_slow_4" pos="28.39" speed="47.00"/>
            </lane>
        </edge>
        <edge id="top">
            <lane id="top_0">
                <vehicle id="cfm_slow_0" pos="18.39" speed="47.00"/>
            </lane>
        </edge>
    </timestep>
    <timestep time="68.20">
        <edge id="bottom">
            <lane id="bottom_0">
                <vehicle id="cfm_slow_2" pos="3.09" speed="47.00"/>
                <vehicle id="cfm_slow_3" pos="43.09" speed="47.00"/>
            </lane>
        </edge>
        <edge id="left">
            <lane id="left_0">
                <vehicle id="cfm_slow_1" pos="13.09" speed="47.00"/>
            </lane>
        </edge>
        <edge id="right">
            <lane id="right_0">
                <vehicle id="cfm_slow_4" pos="33.09" speed="47.00"/>
            </lane>
        </edge>
        <edge id="top">
            <lane id="top_0">
                <vehicle id="cfm_slow_0" pos="23.09" speed="47.00"/>
            </lane>
        </edge>
    </timestep>
    <timestep time="68.30">
        <edge id="bottom">
            <lane id="bottom_0">
                <vehicle id="cfm_slow_2" pos="7.79" speed="47.00"/>
                <vehicle id="cfm_slow_3" pos="47.79" speed="47.00"/>
            </lane>
        </edge>
        <edge id="left">
            <lane id="left_0">
                <vehicle id="cfm_slow_1" pos="17.79" speed="47.00"/>
            </lane>
        </edge>
        <edge id="right">
            <lane id="right_0">
                <vehicle id="cfm_slow_4" pos="37.79" speed="47.00"/>
            </lane>
        </edge>
        <edge id="top">
            <lane id="top_0">
                <vehicle id="cfm_slow_0" pos="27.79" speed="47.00"/>
            </lane>
        </edge>
    </timestep>
    <timestep time="68.40">
        <edge id="bottom">
            <lane id="bottom_0">
                <vehicle id="cfm_slow_2" pos="12.49" speed="47.00"/>
            </lane>
        </edge>
        <edge id="left">
            <lane id="left_0">
                <vehicle id="cfm_slow_1" pos="22.49" speed="47.00"/>
            </lane>
        </edge>
        <edge id="right">
            <lane id="right_0">
                <vehicle id="cfm_slow_3" pos="2.49" speed="47.00"/>
                <vehicle id="cfm_slow_4" pos="42.49" speed="47.00"/>
            </lane>
        </edge>
        <edge id="top">
            <lane id="top_0">
                <vehicle id="cfm_slow_0" pos="32.49" speed="47.00"/>
            </lane>
        </edge>
    </timestep>
    <timestep time="68.50">
        <edge id="bottom">
            <lane id="bottom_0">
                <vehicle id="cfm_slow_2" pos="17.19" speed="47.00"/>
            </lane>
        </edge>
        <edge id="left">
            <lane id="left_0">
                <vehicle id="cfm_slow_1" pos="27.19" speed="47.00"/>
            </lane>
        </edge>
        <edge id="right">
            <lane id="right_0">
                <vehicle id="cfm_slow_3" pos="7.19" speed="47.00"/>
                <vehicle id="cfm_slow_4" pos="47.19" speed="47.00"/>
            </lane>
        </edge>
        <edge id="top">
            <lane id="top_0">
                <vehicle id="cfm_slow_0" pos="37.19" speed="47.00"/>
            </lane>
        </edge>
    </timestep>
    <timestep time="68.60">
        <edge id="bottom">
            <lane id="bottom_0">
                <vehicle id="cfm_slow_2" pos="21.89" speed="47.00"/>
            </lane>
        </edge>
        <edge id="left">
            <lane id="left_0">
                <vehicle id="cfm_slow_1" pos="31.89" speed="47.00"/>
            </lane>
        </edge>
        <edge id="right">
            <lane id="right_0">
                <vehicle id="cfm_slow_3" pos="11.89" speed="47.00"/>
            </lane>
        </edge>
        <edge id="top">
            <lane id="top_0">
                <vehicle id="cfm_slow_4" pos="1.89" speed="47.00"/>
                <vehicle id="cfm_slow_0" pos="41.89" speed="47.00"/>
            </lane>
        </edge>
    </timestep>
    <timestep time="68.70">
        <edge id="bottom">
            <lane id="bottom_0">
                <vehicle id="cfm_slow_2" pos="26.59" speed="47.00"/>
            </lane>
        </edge>
        <edge id="left">
            <lane id="left_0">
                <vehicle id="cfm_slow_1" pos="36.59" speed="47.00"/>
            </lane>
        </edge>
        <edge id="right">
            <lane id="right_0">
                <vehicle id="cfm_slow_3" pos="16.59" speed="47.00"/>
            </lane>
        </edge>
        <edge id="top">
            <lane id="top_0">
                <vehicle id="cfm_slow_4" pos="6.59" speed="47.00"/>
                <vehicle id="cfm_slow_0" pos="46.59" speed="47.00"/>
            </lane>
        </edge>
    </timestep>
    <timestep time="68.80">
        <edge id="bottom">
            <lane id="bottom_0">
                <vehicle id="cfm_slow_2" pos="31.29" speed="47.00"/>
            </lane>
        </edge>
        <edge id="left">
            <lane id="left_0">
                <vehicle id="cfm_slow_0" pos="1.29" speed="47.00"/>
                <vehicle id="cfm_slow_1" pos="41.29" speed="47.00"/>
            </lane>
        </edge>
        <edge id="right">
            <lane id="right_0">
                <vehicle id="cfm_slow_3" pos="21.29" speed="47.00"/>
            </lane>
        </edge>
        <edge id="top">
            <lane id="top_0">
                <vehicle id="cfm_slow_4" pos="11.29" speed="47.00"/>
            </lane>
        </edge>
    </timestep>
    <timestep time="68.90">
        <edge id="bottom">
            <lane id="bottom_0">
                <vehicle id="cfm_slow_2" pos="35.99" speed="47.00"/>
            </lane>
        </edge>
        <edge id="left">
            <lane id="left_0">
                <vehicle id="cfm_slow_0" pos="5.99" speed="47.00"/>
                <vehicle id="cfm_slow_1" pos="45.99" speed="47.00"/>
            </lane>
        </edge>
        <edge id="right">
            <lane id="right_0">
                <vehicle id="cfm_slow_3" pos="25.99" speed="47.00"/>
            </lane>
        </edge>
        <edge id="top">
            <lane id="top_0">
                <vehicle id="cfm_slow_4" pos="15.99" speed="47.00"/>
            </lane>
        </edge>
    </timestep>
    <timestep time="69.00">
        <edge id="bottom">
            <lane id="bottom_0">
                <vehicle id="cfm_slow_1" pos="0.69" speed="47.00"/>
                <vehicle id="cfm_slow_2" pos="40.69" speed="47.00"/>
            </lane>
        </edge>
        <edge id="left">
            <lane id="left_0">
                <vehicle id="cfm_slow_0" pos="10.69" speed="47.00"/>
            </lane>
        </edge>
        <edge id="right">
            <lane id="right_0">
                <vehicle id="cfm_slow_3" pos="30.69" speed="47.00"/>
            </lane>
        </edge>
        <edge id="top">
            <lane id="top_0">
                <vehicle id="cfm_slow_4" pos="20.69" speed="47.00"/>
            </lane>
        </edge>
    </timestep>
    <timestep time="69.10">
        <edge id="bottom">
            <lane id="bottom_0">
                <vehicle id="cfm_slow_1" pos="5.39" speed="47.00"/>
                <vehicle id="cfm_slow_2" pos="45.39" speed="47.00"/>
            </lane>
        </edge>
        <edge id="left">
            <lane id="left_0">
                <vehicle id="cfm_slow_0" pos="15.39" speed="47.00"/>
            </lane>
        </edge>
        <edge id="right">
            <lane id="right_0">
                <vehicle id="cfm_slow_3" pos="35.39" speed="47.00"/>
            </lane>
        </edge>
        <edge id="top">
            <lane id="top_0">
                <vehicle id="cfm_slow_4" pos="25.39" speed="47.00"/>
            </lane>
        </edge>
    </timestep>
    <timestep time="69.20">
        <edge id="bottom">
            <lane id="bottom_0">
                <vehicle id="cfm_slow_1" pos="10.09" speed="47.00"/>
            </lane>
        </edge>
        <edge id="left">
            <lane id="left_0">
                <vehicle id="cfm_slow_0" pos="20.09" speed="47.00"/>
            </lane>
        </edge>
        <edge id="right">
            <lane id="right_0">
                <vehicle id="cfm_slow_2" pos="0.09" speed="47.00"/>
                <vehicle id="cfm_slow_3" pos="40.09" speed="47.00"/>
            </lane>
        </edge>
        <edge id="top">
            <lane id="top_0">
                <vehicle id="cfm_slow_4" pos="30.09" speed="47.00"/>
            </lane>
        </edge>
    </timestep>
    <timestep time="69.30">
        <edge id="bottom">
            <lane id="bottom_0">
                <vehicle id="cfm_slow_1" pos="14.79" speed="47.00"/>
            </lane>
        </edge>
        <edge id="left">
            <lane id="left_0">
                <vehicle id="cfm_slow_0" pos="24.79" speed="47.00"/>
            </lane>
        </edge>
        <edge id="right">
            <lane id="right_0">
                <vehicle id="cfm_slow_2" pos="4.79" speed="47.00"/>
                <vehicle id="cfm_slow_3" pos="44.79" speed="47.00"/>
            </lane>
        </edge>
        <edge id="top">
            <lane id="top_0">
                <vehicle id="cfm_slow_4" pos="34.79" speed="47.00"/>
            </lane>
        </edge>
    </timestep>
    <timestep time="69.40">
        <edge id="bottom">
            <lane id="bottom_0">
                <vehicle id="cfm_slow_1" pos="19.49" speed="47.00"/>
            </lane>
        </edge>
        <edge id="left">
            <lane id="left_0">
                <vehicle id="cfm_slow_0" pos="29.49" speed="47.00"/>
            </lane>
        </edge>
        <edge id="right">
            <lane id="right_0">
                <vehicle id="cfm_slow_2" pos="9.49" speed="47.00"/>
                <vehicle id="cfm_slow_3" pos="49.49" speed="47.00"/>
            </lane>
        </edge>
        <edge id="top">
            <lane id="top_0">
                <vehicle id="cfm_slow_4" pos="39.49" speed="47.00"/>
            </lane>
        </edge>
    </timestep>
    <timestep time="69.50">
        <edge id="bottom">
            <lane id="bottom_0">
                <vehicle id="cfm_slow_1" pos="24.19" speed="47.00"/>
            </lane>
        </edge>
        <edge id="left">
            <lane id="left_0">
                <vehicle id="cfm_slow_0" pos="34.19" speed="47.00"/>
            </lane>
        </edge>
        <edge id="right">
            <lane id="right_0">
                <vehicle id="cfm_slow_2" pos="14.19" speed="47.00"/>
            </lane>
        </edge>
        <edge id="top">
            <lane id="top_0">
                <vehicle id="cfm_slow_3" pos="4.19" speed="47.00"/>
                <vehicle id="cfm_slow_4" pos="44.19" speed="47.00"/>
            </lane>
        </edge>
    </timestep>
    <timestep time="69.60">
        <edge id="bottom">
            <lane id="bottom_0">
                <vehicle id="cfm_slow_1" pos="28.89" speed="47.00"/>
            </lane>
        </edge>
        <edge id="left">
            <lane id="left_0">
                <vehicle id="cfm_slow_0" pos="38.89" speed="47.00"/>
            </lane>
        </edge>
        <edge id="right">
            <lane id="right_0">
                <vehicle id="cfm_slow_2" pos="18.89" speed="47.00"/>
            </lane>
        </edge>
        <edge id="top">
            <lane id="top_0">
                <vehicle id="cfm_slow_3" pos="8.89" speed="47.00"/>
                <vehicle id="cfm_slow_4" pos="48.89" speed="47.00"/>
            </lane>
        </edge>
    </timestep>
    <timestep time="69.70">
        <edge id="bottom">
            <lane id="bottom_0">
                <vehicle id="cfm_slow_1" pos="33.59" speed="47.00"/>
            </lane>
        </edge>
        <edge id="left">
            <lane id="left_0">
                <vehicle id="cfm_slow_4" pos="3.59" speed="47.00"/>
                <vehicle id="cfm_slow_0" pos="43.59" speed="47.00"/>
            </lane>
        </edge>
        <edge id="right">
            <lane id="right_0">
                <vehicle id="cfm_slow_2" pos="23.59" speed="47.00"/>
            </lane>
        </edge>
        <edge id="top">
            <lane id="top_0">
                <vehicle id="cfm_slow_3" pos="13.59" speed="47.00"/>
            </lane>
        </edge>
    </timestep>
    <timestep time="69.80">
        <edge id="bottom">
            <lane id="bottom_0">
                <vehicle id="cfm_slow_1" pos="38.29" speed="47.00"/>
            </lane>
        </edge>
        <edge id="left">
            <lane id="left_0">
                <vehicle id="cfm_slow_4" pos="8.29" speed="47.00"/>
                <vehicle id="cfm_slow_0" pos="48.29" speed="47.00"/>
            </lane>
        </edge>
        <edge id="right">
            <lane id="right_0">
                <vehicle id="cfm_slow_2" pos="28.29" speed="47.00"/>
            </lane>
        </edge>
        <edge id="top">
            <lane id="top_0">
                <vehicle id="cfm_slow_3" pos="18.29" speed="47.00"/>
            </lane>
        </edge>
    </timestep>
    <timestep time="69.90">
        <edge id="bottom">
            <lane id="bottom_0">
                <vehicle id="cfm_slow_0" pos="2.99" speed="47.00"/>
                <vehicle id="cfm_slow_1" pos="42.99" speed="47.00"/>
            </lane>
        </edge>
        <edge id="left">
            <lane id="left_0">
                <vehicle id="cfm_slow_4" pos="12.99" speed="47.00"/>
            </lane>
        </edge>
        <edge id="right">
            <lane id="right_0">
                <vehicle id="cfm_slow_2" pos="32.99" speed="47.00"/>
            </lane>
        </edge>
        <edge id="top">
            <lane id="top_0">
                <vehicle id="cfm_slow_3" pos="22.99" speed="47.00"/>
            </lane>
        </edge>
    </timestep>
    <timestep time="70.00">
        <edge id="bottom">
            <lane id="bottom_0">
                <vehicle id="cfm_slow_0" pos="7.69" speed="47.00"/>
                <vehicle id="cfm_slow_1" pos="47.69" speed="47.00"/>
            </lane>
        </edge>
        <edge id="left">
            <lane id="left_0">
                <vehicle id="cfm_slow_4" pos="17.69" speed="47.00"/>
            </lane>
        </edge>
        <edge id="right">
            <lane id="right_0">
                <vehicle id="cfm_slow_2" pos="37.69" speed="47.00"/>
            </lane>
        </edge>
        <edge id="top">
            <lane id="top_0">
                <vehicle id="cfm_slow_3" pos="27.69" speed="47.00"/>
            </lane>
        </edge>
    </timestep>
    <timestep time="70.10">
        <edge id="bottom">
            <lane id="bottom_0">
                <vehicle id="cfm_slow_0" pos="12.39" speed="47.00"/>
            </lane>
        </edge>
        <edge id="left">
            <lane id="left_0">
                <vehicle id="cfm_slow_4" pos="22.39" speed="47.00"/>
            </lane>
        </edge>
        <edge id="right">
            <lane id="right_0">
                <vehicle id="cfm_slow_1" pos="2.39" speed="47.00"/>
                <vehicle id="cfm_slow_2" pos="42.39" speed="47.00"/>
            </lane>
        </edge>
        <edge id="top">
            <lane id="top_0">
                <vehicle id="cfm_slow_3" pos="32.39" speed="47.00"/>
            </lane>
        </edge>
    </timestep>
    <timestep time="70.20">
        <edge id="bottom">
            <lane id="bottom_0">
                <vehicle id="cfm_slow_0" pos="17.09" speed="47.00"/>
            </lane>
        </edge>
        <edge id="left">
            <lane id="left_0">
                <vehicle id="cfm_slow_4" pos="27.09" speed="47.00"/>
            </lane>
        </edge>
        <edge id="right">
            <lane id="right_0">
                <vehicle id="cfm_slow_1" pos="7.09" speed="47.00"/>
                <vehicle id="cfm_slow_2" pos="47.09" speed="47.00"/>
            </lane>
        </edge>
        <edge id="top">
            <lane id="top_0">
                <vehicle id="cfm_slow_3" pos="37.09" speed="47.00"/>
            </lane>
        </edge>
    </timestep>
    <timestep time="70.30">
        <edge id="bottom">
            <lane id="bottom_0">
                <vehicle id="cfm_slow_0" pos="21.79" speed="47.00"/>
            </lane>
        </edge>
        <edge id="left">
            <lane id="left_0">
                <vehicle id="cfm_slow_4" pos="31.79" speed="47.00"/>
            </lane>
        </edge>
        <edge id="right">
            <lane id="right_0">
                <vehicle id="cfm_slow_1" pos="11.79" speed="47.00"/>
            </lane>
        </edge>
        <edge id="top">
            <lane id="top_0">
                <vehicle id="cfm_slow_2" pos="1.79" speed="47.00"/>
                <vehicle id="cfm_slow_3" pos="41.79" speed="47.00"/>
            </lane>
        </edge>
    </timestep>
    <timestep time="70.40">
        <edge id="bottom">
            <lane id="bottom_0">
                <vehicle id="cfm_slow_0" pos="26.49" speed="47.00"/>
            </lane>
        </edge>
        <edge id="left">
            <lane id="left_0">
                <vehicle id="cfm_slow_4" pos="36.49" speed="47.00"/>
            </lane>
        </edge>
        <edge id="right">
            <lane id="right_0">
                <vehicle id="cfm_slow_1" pos="16.49" speed="47.00"/>
            </lane>
        </edge>
        <edge id="top">
            <lane id="top_0">
                <vehicle id="cfm_slow_2" pos="6.49" speed="47.00"/>
                <vehicle id="cfm_slow_3" pos="46.49" speed="47.00"/>
            </lane>
        </edge>
    </timestep>
    <timestep time="70.50">
        <edge id="bottom">
            <lane id="bottom_0">
                <vehicle id="cfm_slow_0" pos="31.19" speed="47.00"/>
            </lane>
        </edge>
        <edge id="left">
            <lane id="left_0">
                <vehicle id="cfm_slow_3" pos="1.19" speed="47.00"/>
                <vehicle id="cfm_slow_4" pos="41.19" speed="47.00"/>
            </lane>
        </edge>
        <edge id="right">
            <lane id="right_0">
                <vehicle id="cfm_slow_1" pos="21.19" speed="47.00"/>
            </lane>
        </edge>
        <edge id="top">
            <lane id="top_0">
                <vehicle id="cfm_slow_2" pos="11.19" speed="47.00"/>
            </lane>
        </edge>
    </timestep>
    <timestep time="70.60">
        <edge id="bottom">
            <lane id="bottom_0">
                <vehicle id="cfm_slow_0" pos="35.89" speed="47.00"/>
            </lane>
        </edge>
        <edge id="left">
            <lane id="left_0">
                <vehicle id="cfm_slow_3" pos="5.89" speed="47.00"/>
                <vehicle id="cfm_slow_4" pos="45.89" speed="47.00"/>
            </lane>
        </edge>
        <edge id="right">
            <lane id="right_0">
                <vehicle id="cfm_slow_1" pos="25.89" speed="47.00"/>
            </lane>
        </edge>
        <edge id="top">
            <lane id="top_0">
                <vehicle id="cfm_slow_2" pos="15.89" speed="47.00"/>
            </lane>
        </edge>
    </timestep>
    <timestep time="70.70">
        <edge id="bottom">
            <lane id="bottom_0">
                <vehicle id="cfm_slow_4" pos="0.59" speed="47.00"/>
                <vehicle id="cfm_slow_0" pos="40.59" speed="47.00"/>
            </lane>
        </edge>
        <edge id="left">
            <lane id="left_0">
                <vehicle id="cfm_slow_3" pos="10.59" speed="47.00"/>
            </lane>
        </edge>
        <edge id="right">
            <lane id="right_0">
                <vehicle id="cfm_slow_1" pos="30.59" speed="47.00"/>
            </lane>
        </edge>
        <edge id="top">
            <lane id="top_0">
                <vehicle id="cfm_slow_2" pos="20.59" speed="47.00"/>
            </lane>
        </edge>
    </timestep>
    <timestep time="70.80">
        <edge id="bottom">
            <lane id="bottom_0">
                <vehicle id="cfm_slow_4" pos="5.29" speed="47.00"/>
                <vehicle id="cfm_slow_0" pos="45.29" speed="47.00"/>
            </lane>
        </edge>
        <edge id="left">
            <lane id="left_0">
                <vehicle id="cfm_slow_3" pos="15.29" speed="47.00"/>
            </lane>
        </edge>
        <edge id="right">
            <lane id="right_0">
                <vehicle id="cfm_slow_1" pos="35.29" speed="47.00"/>
            </lane>
        </edge>
        <edge id="top">
            <lane id="top_0">
                <vehicle id="cfm_slow_2" pos="25.29" speed="47.00"/>
            </lane>
        </edge>
    </timestep>
    <timestep time="70.90">
        <edge id="bottom">
            <lane id="bottom_0">
                <vehicle id="cfm_slow_4" pos="9.99" speed="47.00"/>
                <vehicle id="cfm_slow_0" pos="49.99" speed="47.00"/>
            </lane>
        </edge>
        <edge id="left">
            <lane id="left_0">
                <vehicle id="cfm_slow_3" pos="19.99" speed="47.00"/>
            </lane>
        </edge>
        <edge id="right">
            <lane id="right_0">
                <vehicle id="cfm_slow_1" pos="39.99" speed="47.00"/>
            </lane>
        </edge>
        <edge id="top">
            <lane id="top_0">
                <vehicle id="cfm_slow_2" pos="29.99" speed="47.00"/>
            </lane>
        </edge>
    </timestep>
    <timestep time="71.00">
        <edge id="bottom">
            <lane id="bottom_0">
                <vehicle id="cfm_slow_4" pos="14.69" speed="47.00"/>
            </lane>
        </edge>
        <edge id="left">
            <lane id="left_0">
                <vehicle id="cfm_slow_3" pos="24.69" speed="47.00"/>
            </lane>
        </edge>
        <edge id="right">
            <lane id="right_0">
                <vehicle id="cfm_slow_0" pos="4.69" speed="47.00"/>
                <vehicle id="cfm_slow_1" pos="44.69" speed="47.00"/>
            </lane>
        </edge>
        <edge id="top">
            <lane id="top_0">
                <vehicle id="cfm_slow_2" pos="34.69" speed="47.00"/>
            </lane>
        </edge>
    </timestep>
    <timestep time="71.10">
        <edge id="bottom">
            <lane id="bottom_0">
                <vehicle id="cfm_slow_4" pos="19.39" speed="47.00"/>
            </lane>
        </edge>
        <edge id="left">
            <lane id="left_0">
                <vehicle id="cfm_slow_3" pos="29.39" speed="47.00"/>
            </lane>
        </edge>
        <edge id="right">
            <lane id="right_0">
                <vehicle id="cfm_slow_0" pos="9.39" speed="47.00"/>
                <vehicle id="cfm_slow_1" pos="49.39" speed="47.00"/>
            </lane>
        </edge>
        <edge id="top">
            <lane id="top_0">
                <vehicle id="cfm_slow_2" pos="39.39" speed="47.00"/>
            </lane>
        </edge>
    </timestep>
    <timestep time="71.20">
        <edge id="bottom">
            <lane id="bottom_0">
                <vehicle id="cfm_slow_4" pos="24.09" speed="47.00"/>
            </lane>
        </edge>
        <edge id="left">
            <lane id="left_0">
                <vehicle id="cfm_slow_3" pos="34.09" speed="47.00"/>
            </lane>
        </edge>
        <edge id="right">
            <lane id="right_0">
                <vehicle id="cfm_slow_0" pos="14.09" speed="47.00"/>
            </lane>
        </edge>
        <edge id="top">
            <lane id="top_0">
                <vehicle id="cfm_slow_1" pos="4.09" speed="47.00"/>
                <vehicle id="cfm_slow_2" pos="44.09" speed="47.00"/>
            </lane>
        </edge>
    </timestep>
    <timestep time="71.30">
        <edge id="bottom">
            <lane id="bottom_0">
                <vehicle id="cfm_slow_4" pos="28.79" speed="47.00"/>
            </lane>
        </edge>
        <edge id="left">
            <lane id="left_0">
                <vehicle id="cfm_slow_3" pos="38.79" speed="47.00"/>
            </lane>
        </edge>
        <edge id="right">
            <lane id="right_0">
                <vehicle id="cfm_slow_0" pos="18.79" speed="47.00"/>
            </lane>
        </edge>
        <edge id="top">
            <lane id="top_0">
                <vehicle id="cfm_slow_1" pos="8.79" speed="47.00"/>
                <vehicle id="cfm_slow_2" pos="48.79" speed="47.00"/>
            </lane>
        </edge>
    </timestep>
    <timestep time="71.40">
        <edge id="bottom">
            <lane id="bottom_0">
                <vehicle id="cfm_slow_4" pos="33.49" speed="47.00"/>
            </lane>
        </edge>
        <edge id="left">
            <lane id="left_0">
                <vehicle id="cfm_slow_2" pos="3.49" speed="47.00"/>
                <vehicle id="cfm_slow_3" pos="43.49" speed="47.00"/>
            </lane>
        </edge>
        <edge id="right">
            <lane id="right_0">
                <vehicle id="cfm_slow_0" pos="23.49" speed="47.00"/>
            </lane>
        </edge>
        <edge id="top">
            <lane id="top_0">
                <vehicle id="cfm_slow_1" pos="13.49" speed="47.00"/>
            </lane>
        </edge>
    </timestep>
    <timestep time="71.50">
        <edge id="bottom">
            <lane id="bottom_0">
                <vehicle id="cfm_slow_4" pos="38.19" speed="47.00"/>
            </lane>
        </edge>
        <edge id="left">
            <lane id="left_0">
                <vehicle id="cfm_slow_2" pos="8.19" speed="47.00"/>
                <vehicle id="cfm_slow_3" pos="48.19" speed="47.00"/>
            </lane>
        </edge>
        <edge id="right">
            <lane id="right_0">
                <vehicle id="cfm_slow_0" pos="28.19" speed="47.00"/>
            </lane>
        </edge>
        <edge id="top">
            <lane id="top_0">
                <vehicle id="cfm_slow_1" pos="18.19" speed="47.00"/>
            </lane>
        </edge>
    </timestep>
    <timestep time="71.60">
        <edge id="bottom">
            <lane id="bottom_0">
                <vehicle id="cfm_slow_3" pos="2.89" speed="47.00"/>
                <vehicle id="cfm_slow_4" pos="42.89" speed="47.00"/>
            </lane>
        </edge>
        <edge id="left">
            <lane id="left_0">
                <vehicle id="cfm_slow_2" pos="12.89" speed="47.00"/>
            </lane>
        </edge>
        <edge id="right">
            <lane id="right_0">
                <vehicle id="cfm_slow_0" pos="32.89" speed="47.00"/>
            </lane>
        </edge>
        <edge id="top">
            <lane id="top_0">
                <vehicle id="cfm_slow_1" pos="22.89" speed="47.00"/>
            </lane>
        </edge>
    </timestep>
    <timestep time="71.70">
        <edge id="bottom">
            <lane id="bottom_0">
                <vehicle id="cfm_slow_3" pos="7.59" speed="47.00"/>
                <vehicle id="cfm_slow_4" pos="47.59" speed="47.00"/>
            </lane>
        </edge>
        <edge id="left">
            <lane id="left_0">
                <vehicle id="cfm_slow_2" pos="17.59" speed="47.00"/>
            </lane>
        </edge>
        <edge id="right">
            <lane id="right_0">
                <vehicle id="cfm_slow_0" pos="37.59" speed="47.00"/>
            </lane>
        </edge>
        <edge id="top">
            <lane id="top_0">
                <vehicle id="cfm_slow_1" pos="27.59" speed="47.00"/>
            </lane>
        </edge>
    </timestep>
    <timestep time="71.80">
        <edge id="bottom">
            <lane id="bottom_0">
                <vehicle id="cfm_slow_3" pos="12.29" speed="47.00"/>
            </lane>
        </edge>
        <edge id="left">
            <lane id="left_0">
                <vehicle id="cfm_slow_2" pos="22.29" speed="47.00"/>
            </lane>
        </edge>
        <edge id="right">
            <lane id="right_0">
                <vehicle id="cfm_slow_4" pos="2.29" speed="47.00"/>
                <vehicle id="cfm_slow_0" pos="42.29" speed="47.00"/>
            </lane>
        </edge>
        <edge id="top">
            <lane id="top_0">
                <vehicle id="cfm_slow_1" pos="32.29" speed="47.00"/>
            </lane>
        </edge>
    </timestep>
    <timestep time="71.90">
        <edge id="bottom">
            <lane id="bottom_0">
                <vehicle id="cfm_slow_3" pos="16.99" speed="47.00"/>
            </lane>
        </edge>
        <edge id="left">
            <lane id="left_0">
                <vehicle id="cfm_slow_2" pos="26.99" speed="47.00"/>
            </lane>
        </edge>
        <edge id="right">
            <lane id="right_0">
                <vehicle id="cfm_slow_4" pos="6.99" speed="47.00"/>
                <vehicle id="cfm_slow_0" pos="46.99" speed="47.00"/>
            </lane>
        </edge>
        <edge id="top">
            <lane id="top_0">
                <vehicle id="cfm_slow_1" pos="36.99" speed="47.00"/>
            </lane>
        </edge>
    </timestep>
    <timestep time="72.00">
        <edge id="bottom">
            <lane id="bottom_0">
                <vehicle id="cfm_slow_3" pos="21.69" speed="47.00"/>
            </lane>
        </edge>
        <edge id="left">
            <lane id="left_0">
                <vehicle id="cfm_slow_2" pos="31.69" speed="47.00"/>
            </lane>
        </edge>
        <edge id="right">
            <lane id="right_0">
                <vehicle id="cfm_slow_4" pos="11.69" speed="47.00"/>
            </lane>
        </edge>
        <edge id="top">
            <lane id="top_0">
                <vehicle id="cfm_slow_0" pos="1.69" speed="47.00"/>
                <vehicle id="cfm_slow_1" pos="41.69" speed="47.00"/>
            </lane>
        </edge>
    </timestep>
    <timestep time="72.10">
        <edge id="bottom">
            <lane id="bottom_0">
                <vehicle id="cfm_slow_3" pos="26.39" speed="47.00"/>
            </lane>
        </edge>
        <edge id="left">
            <lane id="left_0">
                <vehicle id="cfm_slow_2" pos="36.39" speed="47.00"/>
            </lane>
        </edge>
        <edge id="right">
            <lane id="right_0">
                <vehicle id="cfm_slow_4" pos="16.39" speed="47.00"/>
            </lane>
        </edge>
        <edge id="top">
            <lane id="top_0">
                <vehicle id="cfm_slow_0" pos="6.39" speed="47.00"/>
                <vehicle id="cfm_slow_1" pos="46.39" speed="47.00"/>
            </lane>
        </edge>
    </timestep>
    <timestep time="72.20">
        <edge id="bottom">
            <lane id="bottom_0">
                <vehicle id="cfm_slow_3" pos="31.09" s