<?xml version="1.0" encoding="UTF-8"?>

<!-- generated on Wed Feb  1 11:41:00 2017 by SUMO gui Version 0.27.1
<?xml version="1.0" encoding="UTF-8"?>

<configuration xmlns:xsi="http://www.w3.org/2001/XMLSchema-instance" xsi:noNamespaceSchemaLocation="http://sumo.dlr.de/xsd/sumo-gui.exeConfiguration.xsd">

    <input>
        <net-file value="debug/cfg/test-exp-400m1l.net.xml"/>
        <route-files value="debug/cfg/test-exp-400m1l.rou.xml"/>
        <additional-files value="debug/cfg/test-exp-400m1l.add.xml"/>
    </input>

    <output>
        <netstate-dump value="debug/cfg/data/test-exp-400m1l.netstate.xml"/>
        <emission-output value="debug/cfg/data/test-exp-400m1l.emission.xml"/>
        <amitran-output value="debug/cfg/data/test-exp-400m1l.amitran.xml"/>
        <lanechange-output value="debug/cfg/data/test-exp-400m1l.lanechange.xml"/>
    </output>

    <time>
        <begin value="0"/>
        <end value="3000"/>
        <step-length value="0.1"/>
    </time>

    <traci_server>
        <remote-port value="8873"/>
    </traci_server>

    <gui_only>
        <gui-settings-file value="debug/cfg/test-exp-400m1l.gui.cfg"/>
    </gui_only>

</configuration>
-->

<emission-export xmlns:xsi="http://www.w3.org/2001/XMLSchema-instance" xsi:noNamespaceSchemaLocation="http://sumo.dlr.de/xsd/emission_file.xsd">
    <timestep time="0.00">
        <vehicle id="rlbottom.0" eclass="HBEFA2/P_7_7" CO2="601.69" CO="6.37" HC="0.35" NOx="0.84" PMx="0.02" fuel="0.24" electricity="0.00" noise="55.94" route="routebottom" type="rl" waiting="0.00" lane="bottom_0" pos="0.00" speed="0.00" angle="92.28" x="127.36" y="-1.65"/>
        <vehicle id="rlleft.0" eclass="HBEFA2/P_7_7" CO2="601.69" CO="6.37" HC="0.35" NOx="0.84" PMx="0.02" fuel="0.24" electricity="0.00" noise="55.94" route="routeleft" type="rl" waiting="0.00" lane="left_0" pos="0.00" speed="0.00" angle="182.28" x="-1.65" y="127.29"/>
        <vehicle id="rlright.0" eclass="HBEFA2/P_7_7" CO2="601.69" CO="6.37" HC="0.35" NOx="0.84" PMx="0.02" fuel="0.24" electricity="0.00" noise="55.94" route="routeright" type="rl" waiting="0.00" lane="right_0" pos="0.00" speed="0.00" angle="2.23" x="256.29" y="127.36"/>
        <vehicle id="rltop.0" eclass="HBEFA2/P_7_7" CO2="601.69" CO="6.37" HC="0.35" NOx="0.84" PMx="0.02" fuel="0.24" electricity="0.00" noise="55.94" route="routetop" type="rl" waiting="0.00" lane="top_0" pos="0.00" speed="0.00" angle="272.23" x="127.29" y="256.29"/>
    </timestep>
    <timestep time="0.10">
        <vehicle id="rlbottom.0" eclass="HBEFA2/P_7_7" CO2="0.00" CO="0.00" HC="0.00" NOx="0.00" PMx="0.00" fuel="0.00" electricity="0.00" noise="500.04" route="routebottom" type="rl" waiting="0.00" lane="bottom_0" pos="1.00" speed="10.00" angle="91.36" x="129.38" y="-1.61"/>
        <vehicle id="rlleft.0" eclass="HBEFA2/P_7_7" CO2="0.00" CO="0.00" HC="0.00" NOx="0.00" PMx="0.00" fuel="0.00" electricity="0.00" noise="500.04" route="routeleft" type="rl" waiting="0.00" lane="left_0" pos="1.00" speed="10.00" angle="181.36" x="-1.61" y="125.27"/>
        <vehicle id="rlright.0" eclass="HBEFA2/P_7_7" CO2="0.00" CO="0.00" HC="0.00" NOx="0.00" PMx="0.00" fuel="0.00" electricity="0.00" noise="500.04" route="routeright" type="rl" waiting="0.00" lane="right_0" pos="1.00" speed="10.00" angle="1.33" x="256.25" y="129.38"/>
        <vehicle id="rltop.0" eclass="HBEFA2/P_7_7" CO2="0.00" CO="0.00" HC="0.00" NOx="0.00" PMx="0.00" fuel="0.00" electricity="0.00" noise="500.04" route="routetop" type="rl" waiting="0.00" lane="top_0" pos="1.00" speed="10.00" angle="271.33" x="125.27" y="256.25"/>
    </timestep>
    <timestep time="0.20">
        <vehicle id="rlbottom.0" eclass="HBEFA2/P_7_7" CO2="1680.07" CO="0.00" HC="0.29" NOx="2.67" PMx="0.10" fuel="0.67" electricity="0.00" noise="61.77" route="routebottom" type="rl" waiting="0.00" lane="bottom_0" pos="2.00" speed="10.00" angle="90.44" x="131.41" y="-1.57"/>
        <vehicle id="rlleft.0" eclass="HBEFA2/P_7_7" CO2="1680.07" CO="0.00" HC="0.29" NOx="2.67" PMx="0.10" fuel="0.67" electricity="0.00" noise="61.77" route="routeleft" type="rl" waiting="0.00" lane="left_0" pos="2.00" speed="10.00" angle="180.44" x="-1.57" y="123.24"/>
        <vehicle id="rlright.0" eclass="HBEFA2/P_7_7" CO2="1680.07" CO="0.00" HC="0.29" NOx="2.67" PMx="0.10" fuel="0.67" electricity="0.00" noise="61.77" route="routeright" type="rl" waiting="0.00" lane="right_0" pos="2.00" speed="10.00" angle="0.43" x="256.21" y="131.41"/>
        <vehicle id="rltop.0" eclass="HBEFA2/P_7_7" CO2="1680.07" CO="0.00" HC="0.29" NOx="2.67" PMx="0.10" fuel="0.67" electricity="0.00" noise="61.77" route="routetop" type="rl" waiting="0.00" lane="top_0" pos="2.00" speed="10.00" angle="270.43" x="123.24" y="256.21"/>
    </timestep>
    <timestep time="0.30">
        <vehicle id="rlbottom.0" eclass="HBEFA2/P_7_7" CO2="1680.07" CO="0.00" HC="0.29" NOx="2.67" PMx="0.10" fuel="0.67" electricity="0.00" noise="61.77" route="routebottom" type="rl" waiting="0.00" lane="bottom_0" pos="3.00" speed="10.00" angle="89.56" x="133.43" y="-1.49"/>
        <vehicle id="rlleft.0" eclass="HBEFA2/P_7_7" CO2="1680.07" CO="0.00" HC="0.29" NOx="2.67" PMx="0.10" fuel="0.67" electricity="0.00" noise="61.77" route="routeleft" type="rl" waiting="0.00" lane="left_0" pos="3.00" speed="10.00" angle="179.56" x="-1.49" y="121.22"/>
        <vehicle id="rlright.0" eclass="HBEFA2/P_7_7" CO2="1680.07" CO="0.00" HC="0.29" NOx="2.67" PMx="0.10" fuel="0.67" electricity="0.00" noise="61.77" route="routeright" type="rl" waiting="0.00" lane="right_0" pos="3.00" speed="10.00" angle="359.57" x="256.14" y="133.43"/>
        <vehicle id="rltop.0" eclass="HBEFA2/P_7_7" CO2="1680.07" CO="0.00" HC="0.29" NOx="2.67" PMx="0.10" fuel="0.67" electricity="0.00" noise="61.77" route="routetop" type="rl" waiting="0.00" lane="top_0" pos="3.00" speed="10.00" angle="269.57" x="121.22" y="256.14"/>
    </timestep>
    <timestep time="0.40">
        <vehicle id="rlbottom.0" eclass="HBEFA2/P_7_7" CO2="1680.07" CO="0.00" HC="0.29" NOx="2.67" PMx="0.10" fuel="0.67" electricity="0.00" noise="61.77" route="routebottom" type="rl" waiting="0.00" lane="bottom_0" pos="4.00" speed="10.00" angle="88.64" x="135.45" y="-1.37"/>
        <vehicle id="rlleft.0" eclass="HBEFA2/P_7_7" CO2="1680.07" CO="0.00" HC="0.29" NOx="2.67" PMx="0.10" fuel="0.67" electricity="0.00" noise="61.77" route="routeleft" type="rl" waiting="0.00" lane="left_0" pos="4.00" speed="10.00" angle="178.64" x="-1.37" y="119.20"/>
        <vehicle id="rlright.0" eclass="HBEFA2/P_7_7" CO2="1680.07" CO="0.00" HC="0.29" NOx="2.67" PMx="0.10" fuel="0.67" electricity="0.00" noise="61.77" route="routeright" type="rl" waiting="0.00" lane="right_0" pos="4.00" speed="10.00" angle="358.67" x="256.01" y="135.45"/>
        <vehicle id="rltop.0" eclass="HBEFA2/P_7_7" CO2="1680.07" CO="0.00" HC="0.29" NOx="2.67" PMx="0.10" fuel="0.67" electricity="0.00" noise="61.77" route="routetop" type="rl" waiting="0.00" lane="top_0" pos="4.00" speed="10.00" angle="268.67" x="119.20" y="256.01"/>
    </timestep>
    <timestep time="0.50">
        <vehicle id="rlbottom.0" eclass="HBEFA2/P_7_7" CO2="1680.07" CO="0.00" HC="0.29" NOx="2.67" PMx="0.10" fuel="0.67" electricity="0.00" noise="61.77" route="routebottom" type="rl" waiting="0.00" lane="bottom_0" pos="5.00" speed="10.00" angle="87.70" x="137.48" y="-1.24"/>
        <vehicle id="rlleft.0" eclass="HBEFA2/P_7_7" CO2="1680.07" CO="0.00" HC="0.29" NOx="2.67" PMx="0.10" fuel="0.67" electricity="0.00" noise="61.77" route="routeleft" type="rl" waiting="0.00" lane="left_0" pos="5.00" speed="10.00" angle="177.70" x="-1.24" y="117.17"/>
        <vehicle id="rlright.0" eclass="HBEFA2/P_7_7" CO2="1680.07" CO="0.00" HC="0.29" NOx="2.67" PMx="0.10" fuel="0.67" electricity="0.00" noise="61.77" route="routeright" type="rl" waiting="0.00" lane="right_0" pos="5.00" speed="10.00" angle="357.76" x="255.89" y="137.48"/>
        <vehicle id="rltop.0" eclass="HBEFA2/P_7_7" CO2="1680.07" CO="0.00" HC="0.29" NOx="2.67" PMx="0.10" fuel="0.67" electricity="0.00" noise="61.77" route="routetop" type="rl" waiting="0.00" lane="top_0" pos="5.00" speed="10.00" angle="267.76" x="117.17" y="255.89"/>
    </timestep>
    <timestep time="0.60">
        <vehicle id="rlbottom.0" eclass="HBEFA2/P_7_7" CO2="1680.07" CO="0.00" HC="0.29" NOx="2.67" PMx="0.10" fuel="0.67" electricity="0.00" noise="61.77" route="routebottom" type="rl" waiting="0.00" lane="bottom_0" pos="6.00" speed="10.00" angle="86.83" x="139.49" y="-1.05"/>
        <vehicle id="rlleft.0" eclass="HBEFA2/P_7_7" CO2="1680.07" CO="0.00" HC="0.29" NOx="2.67" PMx="0.10" fuel="0.67" electricity="0.00" noise="61.77" route="routeleft" type="rl" waiting="0.00" lane="left_0" pos="6.00" speed="10.00" angle="176.83" x="-1.05" y="115.16"/>
        <vehicle id="rlright.0" eclass="HBEFA2/P_7_7" CO2="1680.07" CO="0.00" HC="0.29" NOx="2.67" PMx="0.10" fuel="0.67" electricity="0.00" noise="61.77" route="routeright" type="rl" waiting="0.00" lane="right_0" pos="6.00" speed="10.00" angle="356.88" x="255.70" y="139.49"/>
        <vehicle id="rltop.0" eclass="HBEFA2/P_7_7" CO2="1680.07" CO="0.00" HC="0.29" NOx="2.67" PMx="0.10" fuel="0.67" electricity="0.00" noise="61.77" route="routetop" type="rl" waiting="0.00" lane="top_0" pos="6.00" speed="10.00" angle="266.88" x="115.16" y="255.70"/>
    </timestep>
    <timestep time="0.70">
        <vehicle id="rlbottom.0" eclass="HBEFA2/P_7_7" CO2="1680.07" CO="0.00" HC="0.29" NOx="2.67" PMx="0.10" fuel="0.67" electricity="0.00" noise="61.77" route="routebottom" type="rl" waiting="0.00" lane="bottom_0" pos="7.00" speed="10.00" angle="85.90" x="141.51" y="-0.85"/>
        <vehicle id="rlleft.0" eclass="HBEFA2/P_7_7" CO2="1680.07" CO="0.00" HC="0.29" NOx="2.67" PMx="0.10" fuel="0.67" electricity="0.00" noise="61.77" route="routeleft" type="rl" waiting="0.00" lane="left_0" pos="7.00" speed="10.00" angle="175.90" x="-0.85" y="113.14"/>
        <vehicle id="rlright.0" eclass="HBEFA2/P_7_7" CO2="1680.07" CO="0.00" HC="0.29" NOx="2.67" PMx="0.10" fuel="0.67" electricity="0.00" noise="61.77" route="routeright" type="rl" waiting="0.00" lane="right_0" pos="7.00" speed="10.00" angle="355.95" x="255.50" y="141.51"/>
        <vehicle id="rltop.0" eclass="HBEFA2/P_7_7" CO2="1680.07" CO="0.00" HC="0.29" NOx="2.67" PMx="0.10" fuel="0.67" electricity="0.00" noise="61.77" route="routetop" type="rl" waiting="0.00" lane="top_0" pos="7.00" speed="10.00" angle="265.95" x="113.14" y="255.50"/>
    </timestep>
    <timestep time="0.80">
        <vehicle id="rlbottom.0" eclass="HBEFA2/P_7_7" CO2="1680.07" CO="0.00" HC="0.29" NOx="2.67" PMx="0.10" fuel="0.67" electricity="0.00" noise="61.77" route="routebottom" type="rl" waiting="0.00" lane="bottom_0" pos="8.00" speed="10.00" angle="85.04" x="143.52" y="-0.62"/>
        <vehicle id="rlleft.0" eclass="HBEFA2/P_7_7" CO2="1680.07" CO="0.00" HC="0.29" NOx="2.67" PMx="0.10" fuel="0.67" electricity="0.00" noise="61.77" route="routeleft" type="rl" waiting="0.00" lane="left_0" pos="8.00" speed="10.00" angle="175.04" x="-0.62" y="111.13"/>
        <vehicle id="rlright.0" eclass="HBEFA2/P_7_7" CO2="1680.07" CO="0.00" HC="0.29" NOx="2.67" PMx="0.10" fuel="0.67" electricity="0.00" noise="61.77" route="routeright" type="rl" waiting="0.00" lane="right_0" pos="8.00" speed="10.00" angle="355.08" x="255.27" y="143.52"/>
        <vehicle id="rltop.0" eclass="HBEFA2/P_7_7" CO2="1680.07" CO="0.00" HC="0.29" NOx="2.67" PMx="0.10" fuel="0.67" electricity="0.00" noise="61.77" route="routetop" type="rl" waiting="0.00" lane="top_0" pos="8.00" speed="10.00" angle="265.08" x="111.13" y="255.27"/>
    </timestep>
    <timestep time="0.90">
        <vehicle id="rlbottom.0" eclass="HBEFA2/P_7_7" CO2="1680.07" CO="0.00" HC="0.29" NOx="2.67" PMx="0.10" fuel="0.67" electricity="0.00" noise="61.77" route="routebottom" type="rl" waiting="0.00" lane="bottom_0" pos="9.00" speed="10.00" angle="84.13" x="145.52" y="-0.33"/>
        <vehicle id="rlleft.0" eclass="HBEFA2/P_7_7" CO2="1680.07" CO="0.00" HC="0.29" NOx="2.67" PMx="0.10" fuel="0.67" electricity="0.00" noise="61.77" route="routeleft" type="rl" waiting="0.00" lane="left_0" pos="9.00" speed="10.00" angle="174.13" x="-0.33" y="109.13"/>
        <vehicle id="rlright.0" eclass="HBEFA2/P_7_7" CO2="1680.07" CO="0.00" HC="0.29" NOx="2.67" PMx="0.10" fuel="0.67" electricity="0.00" noise="61.77" route="routeright" type="rl" waiting="0.00" lane="right_0" pos="9.00" speed="10.00" angle="354.15" x="254.98" y="145.52"/>
        <vehicle id="rltop.0" eclass="HBEFA2/P_7_7" CO2="1680.07" CO="0.00" HC="0.29" NOx="2.67" PMx="0.10" fuel="0.67" electricity="0.00" noise="61.77" route="routetop" type="rl" waiting="0.00" lane="top_0" pos="9.00" speed="10.00" angle="264.15" x="109.13" y="254.98"/>
    </timestep>
    <timestep time="1.00">
        <vehicle id="rlbottom.0" eclass="HBEFA2/P_7_7" CO2="1680.07" CO="0.00" HC="0.29" NOx="2.67" PMx="0.10" fuel="0.67" electricity="0.00" noise="61.77" route="routebottom" type="rl" waiting="0.00" lane="bottom_0" pos="10.00" speed="10.00" angle="83.22" x="147.53" y="-0.05"/>
        <vehicle id="rlbottom.1" eclass="HBEFA2/P_7_7" CO2="601.69" CO="6.37" HC="0.35" NOx="0.84" PMx="0.02" fuel="0.24" electricity="0.00" noise="55.94" route="routebottom" type="rl" waiting="0.00" lane="bottom_0" pos="38.22" speed="0.00" angle="57.79" x="200.18" y="20.91"/>
        <vehicle id="rlleft.0" eclass="HBEFA2/P_7_7" CO2="1680.07" CO="0.00" HC="0.29" NOx="2.67" PMx="0.10" fuel="0.67" electricity="0.00" noise="61.77" route="routeleft" type="rl" waiting="0.00" lane="left_0" pos="10.00" speed="10.00" angle="173.22" x="-0.05" y="107.12"/>
        <vehicle id="rlleft.1" eclass="HBEFA2/P_7_7" CO2="601.69" CO="6.37" HC="0.35" NOx="0.84" PMx="0.02" fuel="0.24" electricity="0.00" noise="55.94" route="routeleft" type="rl" waiting="0.00" lane="left_0" pos="38.22" speed="0.00" angle="147.79" x="20.91" y="54.47"/>
        <vehicle id="rlright.0" eclass="HBEFA2/P_7_7" CO2="1680.07" CO="0.00" HC="0.29" NOx="2.67" PMx="0.10" fuel="0.67" electricity="0.00" noise="61.77" route="routeright" type="rl" waiting="0.00" lane="right_0" pos="10.00" speed="10.00" angle="353.22" x="254.70" y="147.53"/>
        <vehicle id="rlright.1" eclass="HBEFA2/P_7_7" CO2="601.69" CO="6.37" HC="0.35" NOx="0.84" PMx="0.02" fuel="0.24" electricity="0.00" noise="55.94" route="routeright" type="rl" waiting="0.00" lane="right_0" pos="38.22" speed="0.00" angle="327.83" x="233.74" y="200.18"/>
        <vehicle id="rltop.0" eclass="HBEFA2/P_7_7" CO2="1680.07" CO="0.00" HC="0.29" NOx="2.67" PMx="0.10" fuel="0.67" electricity="0.00" noise="61.77" route="routetop" type="rl" waiting="0.00" lane="top_0" pos="10.00" speed="10.00" angle="263.22" x="107.12" y="254.70"/>
        <vehicle id="rltop.1" eclass="HBEFA2/P_7_7" CO2="601.69" CO="6.37" HC="0.35" NOx="0.84" PMx="0.02" fuel="0.24" electricity="0.00" noise="55.94" route="routetop" type="rl" waiting="0.00" lane="top_0" pos="38.22" speed="0.00" angle="237.83" x="54.47" y="233.74"/>
    </timestep>
    <timestep time="1.10">
        <vehicle id="rlbottom.0" eclass="HBEFA2/P_7_7" CO2="1680.07" CO="0.00" HC="0.29" NOx="2.67" PMx="0.10" fuel="0.67" electricity="0.00" noise="61.77" route="routebottom" type="rl" waiting="0.00" lane="bottom_0" pos="11.00" speed="10.00" angle="82.35" x="149.52" y="0.30"/>
        <vehicle id="rlbottom.1" eclass="HBEFA2/P_7_7" CO2="0.00" CO="0.00" HC="0.00" NOx="0.00" PMx="0.00" fuel="0.00" electricity="0.00" noise="500.04" route="routebottom" type="rl" waiting="0.00" lane="bottom_0" pos="39.22" speed="10.00" angle="56.95" x="201.84" y="22.08"/>
        <vehicle id="rlleft.0" eclass="HBEFA2/P_7_7" CO2="1680.07" CO="0.00" HC="0.29" NOx="2.67" PMx="0.10" fuel="0.67" electricity="0.00" noise="61.77" route="routeleft" type="rl" waiting="0.00" lane="left_0" pos="11.00" speed="10.00" angle="172.35" x="0.30" y="105.13"/>
        <vehicle id="rlleft.1" eclass="HBEFA2/P_7_7" CO2="0.00" CO="0.00" HC="0.00" NOx="0.00" PMx="0.00" fuel="0.00" electricity="0.00" noise="500.04" route="routeleft" type="rl" waiting="0.00" lane="left_0" pos="39.22" speed="10.00" angle="146.95" x="22.08" y="52.81"/>
        <vehicle id="rlright.0" eclass="HBEFA2/P_7_7" CO2="1680.07" CO="0.00" HC="0.29" NOx="2.67" PMx="0.10" fuel="0.67" electricity="0.00" noise="61.77" route="routeright" type="rl" waiting="0.00" lane="right_0" pos="11.00" speed="10.00" angle="352.35" x="254.35" y="149.52"/>
        <vehicle id="rlright.1" eclass="HBEFA2/P_7_7" CO2="0.00" CO="0.00" HC="0.00" NOx="0.00" PMx="0.00" fuel="0.00" electricity="0.00" noise="500.04" route="routeright" type="rl" waiting="0.00" lane="right_0" pos="39.22" speed="10.00" angle="326.97" x="232.57" y="201.84"/>
        <vehicle id="rltop.0" eclass="HBEFA2/P_7_7" CO2="1680.07" CO="0.00" HC="0.29" NOx="2.67" PMx="0.10" fuel="0.67" electricity="0.00" noise="61.77" route="routetop" type="rl" waiting="0.00" lane="top_0" pos="11.00" speed="10.00" angle="262.35" x="105.13" y="254.35"/>
        <vehicle id="rltop.1" eclass="HBEFA2/P_7_7" CO2="0.00" CO="0.00" HC="0.00" NOx="0.00" PMx="0.00" fuel="0.00" electricity="0.00" noise="500.04" route="routetop" type="rl" waiting="0.00" lane="top_0" pos="39.22" speed="10.00" angle="236.97" x="52.81" y="232.57"/>
    </timestep>
    <timestep time="1.20">
        <vehicle id="rlbottom.0" eclass="HBEFA2/P_7_7" CO2="1680.07" CO="0.00" HC="0.29" NOx="2.67" PMx="0.10" fuel="0.67" electricity="0.00" noise="61.77" route="routebottom" type="rl" waiting="0.00" lane="bottom_0" pos="12.00" speed="10.00" angle="81.42" x="151.51" y="0.66"/>
        <vehicle id="rlbottom.1" eclass="HBEFA2/P_7_7" CO2="1680.07" CO="0.00" HC="0.29" NOx="2.67" PMx="0.10" fuel="0.67" electricity="0.00" noise="61.77" route="routebottom" type="rl" waiting="0.00" lane="bottom_0" pos="40.22" speed="10.00" angle="56.07" x="203.48" y="23.26"/>
        <vehicle id="rlleft.0" eclass="HBEFA2/P_7_7" CO2="1680.07" CO="0.00" HC="0.29" NOx="2.67" PMx="0.10" fuel="0.67" electricity="0.00" noise="61.77" route="routeleft" type="rl" waiting="0.00" lane="left_0" pos="12.00" speed="10.00" angle="171.42" x="0.66" y="103.14"/>
        <vehicle id="rlleft.1" eclass="HBEFA2/P_7_7" CO2="1680.07" CO="0.00" HC="0.29" NOx="2.67" PMx="0.10" fuel="0.67" electricity="0.00" noise="61.77" route="routeleft" type="rl" waiting="0.00" lane="left_0" pos="40.22" speed="10.00" angle="146.07" x="23.26" y="51.17"/>
        <vehicle id="rlright.0" eclass="HBEFA2/P_7_7" CO2="1680.07" CO="0.00" HC="0.29" NOx="2.67" PMx="0.10" fuel="0.67" electricity="0.00" noise="61.77" route="routeright" type="rl" waiting="0.00" lane="right_0" pos="12.00" speed="10.00" angle="351.42" x="253.99" y="151.51"/>
        <vehicle id="rlright.1" eclass="HBEFA2/P_7_7" CO2="1680.07" CO="0.00" HC="0.29" NOx="2.67" PMx="0.10" fuel="0.67" electricity="0.00" noise="61.77" route="routeright" type="rl" waiting="0.00" lane="right_0" pos="40.22" speed="10.00" angle="326.05" x="231.39" y="203.48"/>
        <vehicle id="rltop.0" eclass="HBEFA2/P_7_7" CO2="1680.07" CO="0.00" HC="0.29" NOx="2.67" PMx="0.10" fuel="0.67" electricity="0.00" noise="61.77" route="routetop" type="rl" waiting="0.00" lane="top_0" pos="12.00" speed="10.00" angle="261.42" x="103.14" y="253.99"/>
        <vehicle id="rltop.1" eclass="HBEFA2/P_7_7" CO2="1680.07" CO="0.00" HC="0.29" NOx="2.67" PMx="0.10" fuel="0.67" electricity="0.00" noise="61.77" route="routetop" type="rl" waiting="0.00" lane="top_0" pos="40.22" speed="10.00" angle="236.05" x="51.17" y="231.39"/>
    </timestep>
    <timestep time="1.30">
        <vehicle id="rlbottom.0" eclass="HBEFA2/P_7_7" CO2="1680.07" CO="0.00" HC="0.29" NOx="2.67" PMx="0.10" fuel="0.67" electricity="0.00" noise="61.77" route="routebottom" type="rl" waiting="0.00" lane="bottom_0" pos="13.00" speed="10.00" angle="80.55" x="153.50" y="1.04"/>
        <vehicle id="rlbottom.1" eclass="HBEFA2/P_7_7" CO2="1680.07" CO="0.00" HC="0.29" NOx="2.67" PMx="0.10" fuel="0.67" electricity="0.00" noise="61.77" route="routebottom" type="rl" waiting="0.00" lane="bottom_0" pos="41.22" speed="10.00" angle="55.23" x="205.12" y="24.45"/>
        <vehicle id="rlleft.0" eclass="HBEFA2/P_7_7" CO2="1680.07" CO="0.00" HC="0.29" NOx="2.67" PMx="0.10" fuel="0.67" electricity="0.00" noise="61.77" route="routeleft" type="rl" waiting="0.00" lane="left_0" pos="13.00" speed="10.00" angle="170.55" x="1.04" y="101.15"/>
        <vehicle id="rlleft.1" eclass="HBEFA2/P_7_7" CO2="1680.07" CO="0.00" HC="0.29" NOx="2.67" PMx="0.10" fuel="0.67" electricity="0.00" noise="61.77" route="routeleft" type="rl" waiting="0.00" lane="left_0" pos="41.22" speed="10.00" angle="145.23" x="24.45" y="49.53"/>
        <vehicle id="rlright.0" eclass="HBEFA2/P_7_7" CO2="1680.07" CO="0.00" HC="0.29" NOx="2.67" PMx="0.10" fuel="0.67" electricity="0.00" noise="61.77" route="routeright" type="rl" waiting="0.00" lane="right_0" pos="13.00" speed="10.00" angle="350.55" x="253.61" y="153.50"/>
        <vehicle id="rlright.1" eclass="HBEFA2/P_7_7" CO2="1680.07" CO="0.00" HC="0.29" NOx="2.67" PMx="0.10" fuel="0.67" electricity="0.00" noise="61.77" route="routeright" type="rl" waiting="0.00" lane="right_0" pos="41.22" speed="10.00" angle="325.19" x="230.19" y="205.11"/>
        <vehicle id="rltop.0" eclass="HBEFA2/P_7_7" CO2="1680.07" CO="0.00" HC="0.29" NOx="2.67" PMx="0.10" fuel="0.67" electricity="0.00" noise="61.77" route="routetop" type="rl" waiting="0.00" lane="top_0" pos="13.00" speed="10.00" angle="260.55" x="101.15" y="253.61"/>
        <vehicle id="rltop.1" eclass="HBEFA2/P_7_7" CO2="1680.07" CO="0.00" HC="0.29" NOx="2.67" PMx="0.10" fuel="0.67" electricity="0.00" noise="61.77" route="routetop" type="rl" waiting="0.00" lane="top_0" pos="41.22" speed="10.00" angle="235.19" x="49.54" y="230.19"/>
    </timestep>
    <timestep time="1.40">
        <vehicle id="rlbottom.0" eclass="HBEFA2/P_7_7" CO2="1680.07" CO="0.00" HC="0.29" NOx="2.67" PMx="0.10" fuel="0.67" electricity="0.00" noise="61.77" route="routebottom" type="rl" waiting="0.00" lane="bottom_0" pos="14.00" speed="10.00" angle="79.63" x="155.48" y="1.49"/>
        <vehicle id="rlbottom.1" eclass="HBEFA2/P_7_7" CO2="1680.07" CO="0.00" HC="0.29" NOx="2.67" PMx="0.10" fuel="0.67" electricity="0.00" noise="61.77" route="routebottom" type="rl" waiting="0.00" lane="bottom_0" pos="42.22" speed="10.00" angle="54.29" x="206.71" y="25.70"/>
        <vehicle id="rlleft.0" eclass="HBEFA2/P_7_7" CO2="1680.07" CO="0.00" HC="0.29" NOx="2.67" PMx="0.10" fuel="0.67" electricity="0.00" noise="61.77" route="routeleft" type="rl" waiting="0.00" lane="left_0" pos="14.00" speed="10.00" angle="169.63" x="1.49" y="99.17"/>
        <vehicle id="rlleft.1" eclass="HBEFA2/P_7_7" CO2="1680.07" CO="0.00" HC="0.29" NOx="2.67" PMx="0.10" fuel="0.67" electricity="0.00" noise="61.77" route="routeleft" type="rl" waiting="0.00" lane="left_0" pos="42.22" speed="10.00" angle="144.29" x="25.70" y="47.94"/>
        <vehicle id="rlright.0" eclass="HBEFA2/P_7_7" CO2="1680.07" CO="0.00" HC="0.29" NOx="2.67" PMx="0.10" fuel="0.67" electricity="0.00" noise="61.77" route="routeright" type="rl" waiting="0.00" lane="right_0" pos="14.00" speed="10.00" angle="349.63" x="253.16" y="155.48"/>
        <vehicle id="rlright.1" eclass="HBEFA2/P_7_7" CO2="1680.07" CO="0.00" HC="0.29" NOx="2.67" PMx="0.10" fuel="0.67" electricity="0.00" noise="61.77" route="routeright" type="rl" waiting="0.00" lane="right_0" pos="42.22" speed="10.00" angle="324.27" x="228.95" y="206.71"/>
        <vehicle id="rltop.0" eclass="HBEFA2/P_7_7" CO2="1680.07" CO="0.00" HC="0.29" NOx="2.67" PMx="0.10" fuel="0.67" electricity="0.00" noise="61.77" route="routetop" type="rl" waiting="0.00" lane="top_0" pos="14.00" speed="10.00" angle="259.63" x="99.17" y="253.16"/>
        <vehicle id="rltop.1" eclass="HBEFA2/P_7_7" CO2="1680.07" CO="0.00" HC="0.29" NOx="2.67" PMx="0.10" fuel="0.67" electricity="0.00" noise="61.77" route="routetop" type="rl" waiting="0.00" lane="top_0" pos="42.22" speed="10.00" angle="234.27" x="47.94" y="228.94"/>
    </timestep>
    <timestep time="1.50">
        <vehicle id="rlbottom.0" eclass="HBEFA2/P_7_7" CO2="1680.07" CO="0.00" HC="0.29" NOx="2.67" PMx="0.10" fuel="0.67" electricity="0.00" noise="61.77" route="routebottom" type="rl" waiting="0.00" lane="bottom_0" pos="15.00" speed="10.00" angle="78.70" x="157.45" y="1.93"/>
        <vehicle id="rlbottom.1" eclass="HBEFA2/P_7_7" CO2="1680.07" CO="0.00" HC="0.29" NOx="2.67" PMx="0.10" fuel="0.67" electricity="0.00" noise="61.77" route="routebottom" type="rl" waiting="0.00" lane="bottom_0" pos="43.22" speed="10.00" angle="53.36" x="208.30" y="26.95"/>
        <vehicle id="rlleft.0" eclass="HBEFA2/P_7_7" CO2="1680.07" CO="0.00" HC="0.29" NOx="2.67" PMx="0.10" fuel="0.67" electricity="0.00" noise="61.77" route="routeleft" type="rl" waiting="0.00" lane="left_0" pos="15.00" speed="10.00" angle="168.70" x="1.93" y="97.20"/>
        <vehicle id="rlleft.1" eclass="HBEFA2/P_7_7" CO2="1680.07" CO="0.00" HC="0.29" NOx="2.67" PMx="0.10" fuel="0.67" electricity="0.00" noise="61.77" route="routeleft" type="rl" waiting="0.00" lane="left_0" pos="43.22" speed="10.00" angle="143.36" x="26.95" y="46.35"/>
        <vehicle id="rlright.0" eclass="HBEFA2/P_7_7" CO2="1680.07" CO="0.00" HC="0.29" NOx="2.67" PMx="0.10" fuel="0.67" electricity="0.00" noise="61.77" route="routeright" type="rl" waiting="0.00" lane="right_0" pos="15.00" speed="10.00" angle="348.70" x="252.72" y="157.45"/>
        <vehicle id="rlright.1" eclass="HBEFA2/P_7_7" CO2="1680.07" CO="0.00" HC="0.29" NOx="2.67" PMx="0.10" fuel="0.67" electricity="0.00" noise="61.77" route="routeright" type="rl" waiting="0.00" lane="right_0" pos="43.22" speed="10.00" angle="323.35" x="227.70" y="208.30"/>
        <vehicle id="rltop.0" eclass="HBEFA2/P_7_7" CO2="1680.07" CO="0.00" HC="0.29" NOx="2.67" PMx="0.10" fuel="0.67" electricity="0.00" noise="61.77" route="routetop" type="rl" waiting="0.00" lane="top_0" pos="15.00" speed="10.00" angle="258.70" x="97.20" y="252.72"/>
        <vehicle id="rltop.1" eclass="HBEFA2/P_7_7" CO2="1680.07" CO="0.00" HC="0.29" NOx="2.67" PMx="0.10" fuel="0.67" electricity="0.00" noise="61.77" route="routetop" type="rl" waiting="0.00" lane="top_0" pos="43.22" speed="10.00" angle="233.35" x="46.35" y="227.70"/>
    </timestep>
    <timestep time="1.60">
        <vehicle id="rlbottom.0" eclass="HBEFA2/P_7_7" CO2="1680.07" CO="0.00" HC="0.29" NOx="2.67" PMx="0.10" fuel="0.67" electricity="0.00" noise="61.77" route="routebottom" type="rl" waiting="0.00" lane="bottom_0" pos="16.00" speed="10.00" angle="77.85" x="159.42" y="2.43"/>
        <vehicle id="rlbottom.1" eclass="HBEFA2/P_7_7" CO2="1680.07" CO="0.00" HC="0.29" NOx="2.67" PMx="0.10" fuel="0.67" electricity="0.00" noise="61.77" route="routebottom" type="rl" waiting="0.00" lane="bottom_0" pos="44.22" speed="10.00" angle="52.47" x="209.86" y="28.24"/>
        <vehicle id="rlleft.0" eclass="HBEFA2/P_7_7" CO2="1680.07" CO="0.00" HC="0.29" NOx="2.67" PMx="0.10" fuel="0.67" electricity="0.00" noise="61.77" route="routeleft" type="rl" waiting="0.00" lane="left_0" pos="16.00" speed="10.00" angle="167.85" x="2.43" y="95.23"/>
        <vehicle id="rlleft.1" eclass="HBEFA2/P_7_7" CO2="1680.07" CO="0.00" HC="0.29" NOx="2.67" PMx="0.10" fuel="0.67" electricity="0.00" noise="61.77" route="routeleft" type="rl" waiting="0.00" lane="left_0" pos="44.22" speed="10.00" angle="142.47" x="28.24" y="44.79"/>
        <vehicle id="rlright.0" eclass="HBEFA2/P_7_7" CO2="1680.07" CO="0.00" HC="0.29" NOx="2.67" PMx="0.10" fuel="0.67" electricity="0.00" noise="61.77" route="routeright" type="rl" waiting="0.00" lane="right_0" pos="16.00" speed="10.00" angle="347.85" x="252.22" y="159.42"/>
        <vehicle id="rlright.1" eclass="HBEFA2/P_7_7" CO2="1680.07" CO="0.00" HC="0.29" NOx="2.67" PMx="0.10" fuel="0.67" electricity="0.00" noise="61.77" route="routeright" type="rl" waiting="0.00" lane="right_0" pos="44.22" speed="10.00" angle="322.48" x="226.41" y="209.86"/>
        <vehicle id="rltop.0" eclass="HBEFA2/P_7_7" CO2="1680.07" CO="0.00" HC="0.29" NOx="2.67" PMx="0.10" fuel="0.67" electricity="0.00" noise="61.77" route="routetop" type="rl" waiting="0.00" lane="top_0" pos="16.00" speed="10.00" angle="257.85" x="95.23" y="252.22"/>
        <vehicle id="rltop.1" eclass="HBEFA2/P_7_7" CO2="1680.07" CO="0.00" HC="0.29" NOx="2.67" PMx="0.10" fuel="0.67" electricity="0.00" noise="61.77" route="routetop" type="rl" waiting="0.00" lane="top_0" pos="44.22" speed="10.00" angle="232.48" x="44.79" y="226.41"/>
    </timestep>
    <timestep time="1.70">
        <vehicle id="rlbottom.0" eclass="HBEFA2/P_7_7" CO2="1680.07" CO="0.00" HC="0.29" NOx="2.67" PMx="0.10" fuel="0.67" electricity="0.00" noise="61.77" route="routebottom" type="rl" waiting="0.00" lane="bottom_0" pos="17.00" speed="10.00" angle="76.93" x="161.37" y="2.95"/>
        <vehicle id="rlbottom.1" eclass="HBEFA2/P_7_7" CO2="1680.07" CO="0.00" HC="0.29" NOx="2.67" PMx="0.10" fuel="0.67" electricity="0.00" noise="61.77" route="routebottom" type="rl" waiting="0.00" lane="bottom_0" pos="45.22" speed="10.00" angle="51.51" x="211.40" y="29.56"/>
        <vehicle id="rlleft.0" eclass="HBEFA2/P_7_7" CO2="1680.07" CO="0.00" HC="0.29" NOx="2.67" PMx="0.10" fuel="0.67" electricity="0.00" noise="61.77" route="routeleft" type="rl" waiting="0.00" lane="left_0" pos="17.00" speed="10.00" angle="166.93" x="2.95" y="93.28"/>
        <vehicle id="rlleft.1" eclass="HBEFA2/P_7_7" CO2="1680.07" CO="0.00" HC="0.29" NOx="2.67" PMx="0.10" fuel="0.67" electricity="0.00" noise="61.77" route="routeleft" type="rl" waiting="0.00" lane="left_0" pos="45.22" speed="10.00" angle="141.51" x="29.56" y="43.25"/>
        <vehicle id="rlright.0" eclass="HBEFA2/P_7_7" CO2="1680.07" CO="0.00" HC="0.29" NOx="2.67" PMx="0.10" fuel="0.67" electricity="0.00" noise="61.77" route="routeright" type="rl" waiting="0.00" lane="right_0" pos="17.00" speed="10.00" angle="346.93" x="251.70" y="161.37"/>
        <vehicle id="rlright.1" eclass="HBEFA2/P_7_7" CO2="1680.07" CO="0.00" HC="0.29" NOx="2.67" PMx="0.10" fuel="0.67" electricity="0.00" noise="61.77" route="routeright" type="rl" waiting="0.00" lane="right_0" pos="45.22" speed="10.00" angle="321.54" x="225.09" y="211.40"/>
        <vehicle id="rltop.0" eclass="HBEFA2/P_7_7" CO2="1680.07" CO="0.00" HC="0.29" NOx="2.67" PMx="0.10" fuel="0.67" electricity="0.00" noise="61.77" route="routetop" type="rl" waiting="0.00" lane="top_0" pos="17.00" speed="10.00" angle="256.93" x="93.28" y="251.70"/>
        <vehicle id="rltop.1" eclass="HBEFA2/P_7_7" CO2="1680.07" CO="0.00" HC="0.29" NOx="2.67" PMx="0.10" fuel="0.67" electricity="0.00" noise="61.77" route="routetop" type="rl" waiting="0.00" lane="top_0" pos="45.22" speed="10.00" angle="231.54" x="43.25" y="225.09"/>
    </timestep>
    <timestep time="1.80">
        <vehicle id="rlbottom.0" eclass="HBEFA2/P_7_7" CO2="1680.07" CO="0.00" HC="0.29" NOx="2.67" PMx="0.10" fuel="0.67" electricity="0.00" noise="61.77" route="routebottom" type="rl" waiting="0.00" lane="bottom_0" pos="18.00" speed="10.00" angle="76.08" x="163.33" y="3.48"/>
        <vehicle id="rlbottom.1" eclass="HBEFA2/P_7_7" CO2="1680.07" CO="0.00" HC="0.29" NOx="2.67" PMx="0.10" fuel="0.67" electricity="0.00" noise="61.77" route="routebottom" type="rl" waiting="0.00" lane="bottom_0" pos="46.22" speed="10.00" angle="50.62" x="212.94" y="30.87"/>
        <vehicle id="rlleft.0" eclass="HBEFA2/P_7_7" CO2="1680.07" CO="0.00" HC="0.29" NOx="2.67" PMx="0.10" fuel="0.67" electricity="0.00" noise="61.77" route="routeleft" type="rl" waiting="0.00" lane="left_0" pos="18.00" speed="10.00" angle="166.08" x="3.48" y="91.32"/>
        <vehicle id="rlleft.1" eclass="HBEFA2/P_7_7" CO2="1680.07" CO="0.00" HC="0.29" NOx="2.67" PMx="0.10" fuel="0.67" electricity="0.00" noise="61.77" route="routeleft" type="rl" waiting="0.00" lane="left_0" pos="46.22" speed="10.00" angle="140.62" x="30.87" y="41.71"/>
        <vehicle id="rlright.0" eclass="HBEFA2/P_7_7" CO2="1680.07" CO="0.00" HC="0.29" NOx="2.67" PMx="0.10" fuel="0.67" electricity="0.00" noise="61.77" route="routeright" type="rl" waiting="0.00" lane="right_0" pos="18.00" speed="10.00" angle="346.08" x="251.17" y="163.33"/>
        <vehicle id="rlright.1" eclass="HBEFA2/P_7_7" CO2="1680.07" CO="0.00" HC="0.29" NOx="2.67" PMx="0.10" fuel="0.67" electricity="0.00" noise="61.77" route="routeright" type="rl" waiting="0.00" lane="right_0" pos="46.22" speed="10.00" angle="320.66" x="223.78" y="212.94"/>
        <vehicle id="rltop.0" eclass="HBEFA2/P_7_7" CO2="1680.07" CO="0.00" HC="0.29" NOx="2.67" PMx="0.10" fuel="0.67" electricity="0.00" noise="61.77" route="routetop" type="rl" waiting="0.00" lane="top_0" pos="18.00" speed="10.00" angle="256.08" x="91.32" y="251.17"/>
        <vehicle id="rltop.1" eclass="HBEFA2/P_7_7" CO2="1680.07" CO="0.00" HC="0.29" NOx="2.67" PMx="0.10" fuel="0.67" electricity="0.00" noise="61.77" route="routetop" type="rl" waiting="0.00" lane="top_0" pos="46.22" speed="10.00" angle="230.66" x="41.71" y="223.77"/>
    </timestep>
    <timestep time="1.90">
        <vehicle id="rlbottom.0" eclass="HBEFA2/P_7_7" CO2="1680.07" CO="0.00" HC="0.29" NOx="2.67" PMx="0.10" fuel="0.67" electricity="0.00" noise="61.77" route="routebottom" type="rl" waiting="0.00" lane="bottom_0" pos="19.00" speed="10.00" angle="75.15" x="165.26" y="4.08"/>
        <vehicle id="rlbottom.1" eclass="HBEFA2/P_7_7" CO2="1680.07" CO="0.00" HC="0.29" NOx="2.67" PMx="0.10" fuel="0.67" electricity="0.00" noise="61.77" route="routebottom" type="rl" waiting="0.00" lane="bottom_0" pos="47.22" speed="10.00" angle="49.73" x="214.43" y="32.24"/>
        <vehicle id="rlleft.0" eclass="HBEFA2/P_7_7" CO2="1680.07" CO="0.00" HC="0.29" NOx="2.67" PMx="0.10" fuel="0.67" electricity="0.00" noise="61.77" route="routeleft" type="rl" waiting="0.00" lane="left_0" pos="19.00" speed="10.00" angle="165.15" x="4.08" y="89.39"/>
        <vehicle id="rlleft.1" eclass="HBEFA2/P_7_7" CO2="1680.07" CO="0.00" HC="0.29" NOx="2.67" PMx="0.10" fuel="0.67" electricity="0.00" noise="61.77" route="routeleft" type="rl" waiting="0.00" lane="left_0" pos="47.22" speed="10.00" angle="139.73" x="32.24" y="40.22"/>
        <vehicle id="rlright.0" eclass="HBEFA2/P_7_7" CO2="1680.07" CO="0.00" HC="0.29" NOx="2.67" PMx="0.10" fuel="0.67" electricity="0.00" noise="61.77" route="routeright" type="rl" waiting="0.00" lane="right_0" pos="19.00" speed="10.00" angle="345.15" x="250.57" y="165.26"/>
        <vehicle id="rlright.1" eclass="HBEFA2/P_7_7" CO2="1680.07" CO="0.00" HC="0.29" NOx="2.67" PMx="0.10" fuel="0.67" electricity="0.00" noise="61.77" route="routeright" type="rl" waiting="0.00" lane="right_0" pos="47.22" speed="10.00" angle="319.73" x="222.40" y="214.43"/>
        <vehicle id="rltop.0" eclass="HBEFA2/P_7_7" CO2="1680.07" CO="0.00" HC="0.29" NOx="2.67" PMx="0.10" fuel="0.67" electricity="0.00" noise="61.77" route="routetop" type="rl" waiting="0.00" lane="top_0" pos="19.00" speed="10.00" angle="255.15" x="89.39" y="250.57"/>
        <vehicle id="rltop.1" eclass="HBEFA2/P_7_7" CO2="1680.07" CO="0.00" HC="0.29" NOx="2.67" PMx="0.10" fuel="0.67" electricity="0.00" noise="61.77" route="routetop" type="rl" waiting="0.00" lane="top_0" pos="47.22" speed="10.00" angle="229.73" x="40.22" y="222.40"/>
    </timestep>
    <timestep time="2.00">
        <vehicle id="rlbottom.0" eclass="HBEFA2/P_7_7" CO2="1680.07" CO="0.00" HC="0.29" NOx="2.67" PMx="0.10" fuel="0.67" electricity="0.00" noise="61.77" route="routebottom" type="rl" waiting="0.00" lane="bottom_0" pos="20.00" speed="10.00" angle="74.23" x="167.20" y="4.69"/>
        <vehicle id="rlbottom.1" eclass="HBEFA2/P_7_7" CO2="1680.07" CO="0.00" HC="0.29" NOx="2.67" PMx="0.10" fuel="0.67" electricity="0.00" noise="61.77" route="routebottom" type="rl" waiting="0.00" lane="bottom_0" pos="48.22" speed="10.00" angle="48.84" x="215.92" y="33.61"/>
        <vehicle id="rlbottom.2" eclass="HBEFA2/P_7_7" CO2="601.69" CO="6.37" HC="0.35" NOx="0.84" PMx="0.02" fuel="0.24" electricity="0.00" noise="55.94" route="routebottom" type="rl" waiting="0.00" lane="bottom_0" pos="0.00" speed="0.00" angle="92.28" x="127.36" y="-1.65"/>
        <vehicle id="rlleft.0" eclass="HBEFA2/P_7_7" CO2="1680.07" CO="0.00" HC="0.29" NOx="2.67" PMx="0.10" fuel="0.67" electricity="0.00" noise="61.77" route="routeleft" type="rl" waiting="0.00" lane="left_0" pos="20.00" speed="10.00" angle="164.23" x="4.69" y="87.45"/>
        <vehicle id="rlleft.1" eclass="HBEFA2/P_7_7" CO2="1680.07" CO="0.00" HC="0.29" NOx="2.67" PMx="0.10" fuel="0.67" electricity="0.00" noise="61.77" route="routeleft" type="rl" waiting="0.00" lane="left_0" pos="48.22" speed="10.00" angle="138.84" x="33.61" y="38.73"/>
        <vehicle id="rlleft.2" eclass="HBEFA2/P_7_7" CO2="601.69" CO="6.37" HC="0.35" NOx="0.84" PMx="0.02" fuel="0.24" electricity="0.00" noise="55.94" route="routeleft" type="rl" waiting="0.00" lane="left_0" pos="0.00" speed="0.00" angle="182.28" x="-1.65" y="127.29"/>
        <vehicle id="rlright.0" eclass="HBEFA2/P_7_7" CO2="1680.07" CO="0.00" HC="0.29" NOx="2.67" PMx="0.10" fuel="0.67" electricity="0.00" noise="61.77" route="routeright" type="rl" waiting="0.00" lane="right_0" pos="20.00" speed="10.00" angle="344.23" x="249.96" y="167.20"/>
        <vehicle id="rlright.1" eclass="HBEFA2/P_7_7" CO2="1680.07" CO="0.00" HC="0.29" NOx="2.67" PMx="0.10" fuel="0.67" electricity="0.00" noise="61.77" route="routeright" type="rl" waiting="0.00" lane="right_0" pos="48.22" speed="10.00" angle="318.81" x="221.03" y="215.92"/>
        <vehicle id="rlright.2" eclass="HBEFA2/P_7_7" CO2="601.69" CO="6.37" HC="0.35" NOx="0.84" PMx="0.02" fuel="0.24" electricity="0.00" noise="55.94" route="routeright" type="rl" waiting="0.00" lane="right_0" pos="0.00" speed="0.00" angle="2.23" x="256.29" y="127.36"/>
        <vehicle id="rltop.0" eclass="HBEFA2/P_7_7" CO2="1680.07" CO="0.00" HC="0.29" NOx="2.67" PMx="0.10" fuel="0.67" electricity="0.00" noise="61.77" route="routetop" type="rl" waiting="0.00" lane="top_0" pos="20.00" speed="10.00" angle="254.23" x="87.45" y="249.96"/>
        <vehicle id="rltop.1" eclass="HBEFA2/P_7_7" CO2="1680.07" CO="0.00" HC="0.29" NOx="2.67" PMx="0.10" fuel="0.67" electricity="0.00" noise="61.77" route="routetop" type="rl" waiting="0.00" lane="top_0" pos="48.22" speed="10.00" angle="228.81" x="38.73" y="221.03"/>
        <vehicle id="rltop.2" eclass="HBEFA2/P_7_7" CO2="601.69" CO="6.37" HC="0.35" NOx="0.84" PMx="0.02" fuel="0.24" electricity="0.00" noise="55.94" route="routetop" type="rl" waiting="0.00" lane="top_0" pos="0.00" speed="0.00" angle="272.23" x="127.29" y="256.29"/>
    </timestep>
    <timestep time="2.10">
        <vehicle id="rlbottom.0" eclass="HBEFA2/P_7_7" CO2="1680.07" CO="0.00" HC="0.29" NOx="2.67" PMx="0.10" fuel="0.67" electricity="0.00" noise="61.77" route="routebottom" type="rl" waiting="0.00" lane="bottom_0" pos="21.00" speed="10.00" angle="73.36" x="169.12" y="5.33"/>
        <vehicle id="rlbottom.1" eclass="HBEFA2/P_7_7" CO2="1680.07" CO="0.00" HC="0.29" NOx="2.67" PMx="0.10" fuel="0.67" electricity="0.00" noise="61.77" route="routebottom" type="rl" waiting="0.00" lane="bottom_0" pos="49.22" speed="10.00" angle="47.99" x="217.38" y="35.02"/>
        <vehicle id="rlbottom.2" eclass="HBEFA2/P_7_7" CO2="0.00" CO="0.00" HC="0.00" NOx="0.00" PMx="0.00" fuel="0.00" electricity="0.00" noise="500.04" route="routebottom" type="rl" waiting="0.00" lane="bottom_0" pos="1.00" speed="10.00" angle="91.36" x="129.38" y="-1.61"/>
        <vehicle id="rlleft.0" eclass="HBEFA2/P_7_7" CO2="1680.07" CO="0.00" HC="0.29" NOx="2.67" PMx="0.10" fuel="0.67" electricity="0.00" noise="61.77" route="routeleft" type="rl" waiting="0.00" lane="left_0" pos="21.00" speed="10.00" angle="163.36" x="5.33" y="85.53"/>
        <vehicle id="rlleft.1" eclass="HBEFA2/P_7_7" CO2="1680.07" CO="0.00" HC="0.29" NOx="2.67" PMx="0.10" fuel="0.67" electricity="0.00" noise="61.77" route="routeleft" type="rl" waiting="0.00" lane="left_0" pos="49.22" speed="10.00" angle="138.00" x="35.02" y="37.26"/>
        <vehicle id="rlleft.2" eclass="HBEFA2/P_7_7" CO2="0.00" CO="0.00" HC="0.00" NOx="0.00" PMx="0.00" fuel="0.00" electricity="0.00" noise="500.04" route="routeleft" type="rl" waiting="0.00" lane="left_0" pos="1.00" speed="10.00" angle="181.36" x="-1.61" y="125.27"/>
        <vehicle id="rlright.0" eclass="HBEFA2/P_7_7" CO2="1680.07" CO="0.00" HC="0.29" NOx="2.67" PMx="0.10" fuel="0.67" electricity="0.00" noise="61.77" route="routeright" type="rl" waiting="0.00" lane="right_0" pos="21.00" speed="10.00" angle="343.36" x="249.32" y="169.12"/>
        <vehicle id="rlright.1" eclass="HBEFA2/P_7_7" CO2="1680.07" CO="0.00" HC="0.29" NOx="2.67" PMx="0.10" fuel="0.67" electricity="0.00" noise="61.77" route="routeright" type="rl" waiting="0.00" lane="right_0" pos="49.22" speed="10.00" angle="317.96" x="219.63" y="217.38"/>
        <vehicle id="rlright.2" eclass="HBEFA2/P_7_7" CO2="0.00" CO="0.00" HC="0.00" NOx="0.00" PMx="0.00" fuel="0.00" electricity="0.00" noise="500.04" route="routeright" type="rl" waiting="0.00" lane="right_0" pos="1.00" speed="10.00" angle="1.33" x="256.25" y="129.38"/>
        <vehicle id="rltop.0" eclass="HBEFA2/P_7_7" CO2="1680.07" CO="0.00" HC="0.29" NOx="2.67" PMx="0.10" fuel="0.67" electricity="0.00" noise="61.77" route="routetop" type="rl" waiting="0.00" lane="top_0" pos="21.00" speed="10.00" angle="253.36" x="85.53" y="249.32"/>
        <vehicle id="rltop.1" eclass="HBEFA2/P_7_7" CO2="1680.07" CO="0.00" HC="0.29" NOx="2.67" PMx="0.10" fuel="0.67" electricity="0.00" noise="61.77" route="routetop" type="rl" waiting="0.00" lane="top_0" pos="49.22" speed="10.00" angle="227.96" x="37.27" y="219.63"/>
        <vehicle id="rltop.2" eclass="HBEFA2/P_7_7" CO2="0.00" CO="0.00" HC="0.00" NOx="0.00" PMx="0.00" fuel="0.00" electricity="0.00" noise="500.04" route="routetop" type="rl" waiting="0.00" lane="top_0" pos="1.00" speed="10.00" angle="271.33" x="125.27" y="256.25"/>
    </timestep>
    <timestep time="2.20">
        <vehicle id="rlbottom.0" eclass="HBEFA2/P_7_7" CO2="1680.07" CO="0.00" HC="0.29" NOx="2.67" PMx="0.10" fuel="0.67" electricity="0.00" noise="61.77" route="routebottom" type="rl" waiting="0.00" lane="bottom_0" pos="22.00" speed="10.00" angle="72.44" x="171.02" y="6.01"/>
        <vehicle id="rlbottom.1" eclass="HBEFA2/P_7_7" CO2="1680.07" CO="0.00" HC="0.29" NOx="2.67" PMx="0.10" fuel="0.67" electricity="0.00" noise="61.77" route="routebottom" type="rl" waiting="0.00" lane="bottom_0" pos="50.22" speed="10.00" angle="47.07" x="218.81" y="36.45"/>
        <vehicle id="rlbottom.2" eclass="HBEFA2/P_7_7" CO2="1680.07" CO="0.00" HC="0.29" NOx="2.67" PMx="0.10" fuel="0.67" electricity="0.00" noise="61.77" route="routebottom" type="rl" waiting="0.00" lane="bottom_0" pos="2.00" speed="10.00" angle="90.44" x="131.41" y="-1.57"/>
        <vehicle id="rlleft.0" eclass="HBEFA2/P_7_7" CO2="1680.07" CO="0.00" HC="0.29" NOx="2.67" PMx="0.10" fuel="0.67" electricity="0.00" noise="61.77" route="routeleft" type="rl" waiting="0.00" lane="left_0" pos="22.00" speed="10.00" angle="162.44" x="6.01" y="83.63"/>
        <vehicle id="rlleft.1" eclass="HBEFA2/P_7_7" CO2="1680.07" CO="0.00" HC="0.29" NOx="2.67" PMx="0.10" fuel="0.67" electricity="0.00" noise="61.77" route="routeleft" type="rl" waiting="0.00" lane="left_0" pos="50.22" speed="10.00" angle="137.09" x="36.45" y="35.83"/>
        <vehicle id="rlleft.2" eclass="HBEFA2/P_7_7" CO2="1680.07" CO="0.00" HC="0.29" NOx="2.67" PMx="0.10" fuel="0.67" electricity="0.00" noise="61.77" route="routeleft" type="rl" waiting="0.00" lane="left_0" pos="2.00" speed="10.00" angle="180.44" x="-1.57" y="123.24"/>
        <vehicle id="rlright.0" eclass="HBEFA2/P_7_7" CO2="1680.07" CO="0.00" HC="0.29" NOx="2.67" PMx="0.10" fuel="0.67" electricity="0.00" noise="61.77" route="routeright" type="rl" waiting="0.00" lane="right_0" pos="22.00" speed="10.00" angle="342.44" x="248.64" y="171.02"/>
        <vehicle id="rlright.1" eclass="HBEFA2/P_7_7" CO2="1680.07" CO="0.00" HC="0.29" NOx="2.67" PMx="0.10" fuel="0.67" electricity="0.00" noise="61.77" route="routeright" type="rl" waiting="0.00" lane="right_0" pos="50.22" speed="10.00" angle="317.05" x="218.20" y="218.81"/>
        <vehicle id="rlright.2" eclass="HBEFA2/P_7_7" CO2="1680.07" CO="0.00" HC="0.29" NOx="2.67" PMx="0.10" fuel="0.67" electricity="0.00" noise="61.77" route="routeright" type="rl" waiting="0.00" lane="right_0" pos="2.00" speed="10.00" angle="0.43" x="256.21" y="131.41"/>
        <vehicle id="rltop.0" eclass="HBEFA2/P_7_7" CO2="1680.07" CO="0.00" HC="0.29" NOx="2.67" PMx="0.10" fuel="0.67" electricity="0.00" noise="61.77" route="routetop" type="rl" waiting="0.00" lane="top_0" pos="22.00" speed="10.00" angle="252.44" x="83.63" y="248.64"/>
        <vehicle id="rltop.1" eclass="HBEFA2/P_7_7" CO2="1680.07" CO="0.00" HC="0.29" NOx="2.67" PMx="0.10" fuel="0.67" electricity="0.00" noise="61.77" route="routetop" type="rl" waiting="0.00" lane="top_0" pos="50.22" speed="10.00" angle="227.07" x="35.83" y="218.20"/>
        <vehicle id="rltop.2" eclass="HBEFA2/P_7_7" CO2="1680.07" CO="0.00" HC="0.29" NOx="2.67" PMx="0.10" fuel="0.67" electricity="0.00" noise="61.77" route="routetop" type="rl" waiting="0.00" lane="top_0" pos="2.00" speed="10.00" angle="270.43" x="123.24" y="256.21"/>
    </timestep>
    <timestep time="2.30">
        <vehicle id="rlbottom.0" eclass="HBEFA2/P_7_7" CO2="1680.07" CO="0.00" HC="0.29" NOx="2.67" PMx="0.10" fuel="0.67" electricity="0.00" noise="61.77" route="routebottom" type="rl" waiting="0.00" lane="bottom_0" pos="23.00" speed="10.00" angle="71.55" x="172.93" y="6.68"/>
        <vehicle id="rlbottom.1" eclass="HBEFA2/P_7_7" CO2="1680.07" CO="0.00" HC="0.29" NOx="2.67" PMx="0.10" fuel="0.67" electricity="0.00" noise="61.77" route="routebottom" type="rl" waiting="0.00" lane="bottom_0" pos="51.22" speed="10.00" angle="46.17" x="220.24" y="37.88"/>
        <vehicle id="rlbottom.2" eclass="HBEFA2/P_7_7" CO2="1680.07" CO="0.00" HC="0.29" NOx="2.67" PMx="0.10" fuel="0.67" electricity="0.00" noise="61.77" route="routebottom" type="rl" waiting="0.00" lane="bottom_0" pos="3.00" speed="10.00" angle="89.56" x="133.43" y="-1.49"/>
        <vehicle id="rlleft.0" eclass="HBEFA2/P_7_7" CO2="1680.07" CO="0.00" HC="0.29" NOx="2.67" PMx="0.10" fuel="0.67" electricity="0.00" noise="61.77" route="routeleft" type="rl" waiting="0.00" lane="left_0" pos="23.00" speed="10.00" angle="161.55" x="6.68" y="81.72"/>
        <vehicle id="rlleft.1" eclass="HBEFA2/P_7_7" CO2="1680.07" CO="0.00" HC="0.29" NOx="2.67" PMx="0.10" fuel="0.67" electricity="0.00" noise="61.77" route="routeleft" type="rl" waiting="0.00" lane="left_0" pos="51.22" speed="10.00" angle="136.21" x="37.88" y="34.40"/>
        <vehicle id="rlleft.2" eclass="HBEFA2/P_7_7" CO2="1680.07" CO="0.00" HC="0.29" NOx="2.67" PMx="0.10" fuel="0.67" electricity="0.00" noise="61.77" route="routeleft" type="rl" waiting="0.00" lane="left_0" pos="3.00" speed="10.00" angle="179.56" x="-1.49" y="121.22"/>
        <vehicle id="rlright.0" eclass="HBEFA2/P_7_7" CO2="1680.07" CO="0.00" HC="0.29" NOx="2.67" PMx="0.10" fuel="0.67" electricity="0.00" noise="61.77" route="routeright" type="rl" waiting="0.00" lane="right_0" pos="23.00" speed="10.00" angle="341.55" x="247.97" y="172.93"/>
        <vehicle id="rlright.1" eclass="HBEFA2/P_7_7" CO2="1680.07" CO="0.00" HC="0.29" NOx="2.67" PMx="0.10" fuel="0.67" electricity="0.00" noise="61.77" route="routeright" type="rl" waiting="0.00" lane="right_0" pos="51.22" speed="10.00" angle="316.17" x="216.77" y="220.24"/>
        <vehicle id="rlright.2" eclass="HBEFA2/P_7_7" CO2="1680.07" CO="0.00" HC="0.29" NOx="2.67" PMx="0.10" fuel="0.67" electricity="0.00" noise="61.77" route="routeright" type="rl" waiting="0.00" lane="right_0" pos="3.00" speed="10.00" angle="359.57" x="256.14" y="133.43"/>
        <vehicle id="rltop.0" eclass="HBEFA2/P_7_7" CO2="1680.07" CO="0.00" HC="0.29" NOx="2.67" PMx="0.10" fuel="0.67" electricity="0.00" noise="61.77" route="routetop" type="rl" waiting="0.00" lane="top_0" pos="23.00" speed="10.00" angle="251.55" x="81.72" y="247.97"/>
        <vehicle id="rltop.1" eclass="HBEFA2/P_7_7" CO2="1680.07" CO="0.00" HC="0.29" NOx="2.67" PMx="0.10" fuel="0.67" electricity="0.00" noise="61.77" route="routetop" type="rl" waiting="0.00" lane="top_0" pos="51.22" speed="10.00" angle="226.21" x="34.40" y="216.77"/>
        <vehicle id="rltop.2" eclass="HBEFA2/P_7_7" CO2="1680.07" CO="0.00" HC="0.29" NOx="2.67" PMx="0.10" fuel="0.67" electricity="0.00" noise="61.77" route="routetop" type="rl" waiting="0.00" lane="top_0" pos="3.00" speed="10.00" angle="269.57" x="121.22" y="256.14"/>
    </timestep>
    <timestep time="2.40">
        <vehicle id="rlbottom.0" eclass="HBEFA2/P_7_7" CO2="1680.07" CO="0.00" HC="0.29" NOx="2.67" PMx="0.10" fuel="0.67" electricity="0.00" noise="61.77" route="routebottom" type="rl" waiting="0.00" lane="bottom_0" pos="24.00" speed="10.00" angle="70.66" x="174.81" y="7.44"/>
        <vehicle id="rlbottom.1" eclass="HBEFA2/P_7_7" CO2="1680.07" CO="0.00" HC="0.29" NOx="2.67" PMx="0.10" fuel="0.67" electricity="0.00" noise="61.77" route="routebottom" type="rl" waiting="0.00" lane="bottom_0" pos="52.22" speed="10.00" angle="45.25" x="221.62" y="39.37"/>
        <vehicle id="rlbottom.2" eclass="HBEFA2/P_7_7" CO2="1680.07" CO="0.00" HC="0.29" NOx="2.67" PMx="0.10" fuel="0.67" electricity="0.00" noise="61.77" route="routebottom" type="rl" waiting="0.00" lane="bottom_0" pos="4.00" speed="10.00" angle="88.64" x="135.45" y="-1.37"/>
        <vehicle id="rlleft.0" eclass="HBEFA2/P_7_7" CO2="1680.07" CO="0.00" HC="0.29" NOx="2.67" PMx="0.10" fuel="0.67" electricity="0.00" noise="61.77" route="routeleft" type="rl" waiting="0.00" lane="left_0" pos="24.00" speed="10.00" angle="160.66" x="7.44" y="79.84"/>
        <vehicle id="rlleft.1" eclass="HBEFA2/P_7_7" CO2="1680.07" CO="0.00" HC="0.29" NOx="2.67" PMx="0.10" fuel="0.67" electricity="0.00" noise="61.77" route="routeleft" type="rl" waiting="0.00" lane="left_0" pos="52.22" speed="10.00" angle="135.28" x="39.37" y="33.03"/>
        <vehicle id="rlleft.2" eclass="HBEFA2/P_7_7" CO2="1680.07" CO="0.00" HC="0.29" NOx="2.67" PMx="0.10" fuel="0.67" electricity="0.00" noise="61.77" route="routeleft" type="rl" waiting="0.00" lane="left_0" pos="4.00" speed="10.00" angle="178.64" x="-1.37" y="119.20"/>
        <vehicle id="rlright.0" eclass="HBEFA2/P_7_7" CO2="1680.07" CO="0.00" HC="0.29" NOx="2.67" PMx="0.10" fuel="0.67" electricity="0.00" noise="61.77" route="routeright" type="rl" waiting="0.00" lane="right_0" pos="24.00" speed="10.00" angle="340.66" x="247.21" y="174.81"/>
        <vehicle id="rlright.1" eclass="HBEFA2/P_7_7" CO2="1680.07" CO="0.00" HC="0.29" NOx="2.67" PMx="0.10" fuel="0.67" electricity="0.00" noise="61.77" route="routeright" type="rl" waiting="0.00" lane="right_0" pos="52.22" speed="10.00" angle="315.27" x="215.28" y="221.62"/>
        <vehicle id="rlright.2" eclass="HBEFA2/P_7_7" CO2="1680.07" CO="0.00" HC="0.29" NOx="2.67" PMx="0.10" fuel="0.67" electricity="0.00" noise="61.77" route="routeright" type="rl" waiting="0.00" lane="right_0" pos="4.00" speed="10.00" angle="358.67" x="256.01" y="135.45"/>
        <vehicle id="rltop.0" eclass="HBEFA2/P_7_7" CO2="1680.07" CO="0.00" HC="0.29" NOx="2.67" PMx="0.10" fuel="0.67" electricity="0.00" noise="61.77" route="routetop" type="rl" waiting="0.00" lane="top_0" pos="24.00" speed="10.00" angle="250.66" x="79.84" y="247.21"/>
        <vehicle id="rltop.1" eclass="HBEFA2/P_7_7" CO2="1680.07" CO="0.00" HC="0.29" NOx="2.67" PMx="0.10" fuel="0.67" electricity="0.00" noise="61.77" route="routetop" type="rl" waiting="0.00" lane="top_0" pos="52.22" speed="10.00" angle="225.29" x="33.03" y="215.28"/>
        <vehicle id="rltop.2" eclass="HBEFA2/P_7_7" CO2="1680.07" CO="0.00" HC="0.29" NOx="2.67" PMx="0.10" fuel="0.67" electricity="0.00" noise="61.77" route="routetop" type="rl" waiting="0.00" lane="top_0" pos="4.00" speed="10.00" angle="268.67" x="119.20" y="256.01"/>
    </timestep>
    <timestep time="2.50">
        <vehicle id="rlbottom.0" eclass="HBEFA2/P_7_7" CO2="1680.07" CO="0.00" HC="0.29" NOx="2.67" PMx="0.10" fuel="0.67" electricity="0.00" noise="61.77" route="routebottom" type="rl" waiting="0.00" lane="bottom_0" pos="25.00" speed="10.00" angle="69.74" x="176.69" y="8.19"/>
        <vehicle id="rlbottom.1" eclass="HBEFA2/P_7_7" CO2="1680.07" CO="0.00" HC="0.29" NOx="2.67" PMx="0.10" fuel="0.67" electricity="0.00" noise="61.77" route="routebottom" type="rl" waiting="0.00" lane="bottom_0" pos="53.22" speed="10.00" angle="44.30" x="222.99" y="40.86"/>
        <vehicle id="rlbottom.2" eclass="HBEFA2/P_7_7" CO2="1680.07" CO="0.00" HC="0.29" NOx="2.67" PMx="0.10" fuel="0.67" electricity="0.00" noise="61.77" route="routebottom" type="rl" waiting="0.00" lane="bottom_0" pos="5.00" speed="10.00" angle="87.70" x="137.48" y="-1.24"/>
        <vehicle id="rlleft.0" eclass="HBEFA2/P_7_7" CO2="1680.07" CO="0.00" HC="0.29" NOx="2.67" PMx="0.10" fuel="0.67" electricity="0.00" noise="61.77" route="routeleft" type="rl" waiting="0.00" lane="left_0" pos="25.00" speed="10.00" angle="159.74" x="8.19" y="77.96"/>
        <vehicle id="rlleft.1" eclass="HBEFA2/P_7_7" CO2="1680.07" CO="0.00" HC="0.29" NOx="2.67" PMx="0.10" fuel="0.67" electricity="0.00" noise="61.77" route="routeleft" type="rl" waiting="0.00" lane="left_0" pos="53.22" speed="10.00" angle="134.31" x="40.86" y="31.66"/>
        <vehicle id="rlleft.2" eclass="HBEFA2/P_7_7" CO2="1680.07" CO="0.00" HC="0.29" NOx="2.67" PMx="0.10" fuel="0.67" electricity="0.00" noise="61.77" route="routeleft" type="rl" waiting="0.00" lane="left_0" pos="5.00" speed="10.00" angle="177.70" x="-1.24" y="117.17"/>
        <vehicle id="rlright.0" eclass="HBEFA2/P_7_7" CO2="1680.07" CO="0.00" HC="0.29" NOx="2.67" PMx="0.10" fuel="0.67" electricity="0.00" noise="61.77" route="routeright" type="rl" waiting="0.00" lane="right_0" pos="25.00" speed="10.00" angle="339.74" x="246.46" y="176.69"/>
        <vehicle id="rlright.1" eclass="HBEFA2/P_7_7" CO2="1680.07" CO="0.00" HC="0.29" NOx="2.67" PMx="0.10" fuel="0.67" electricity="0.00" noise="61.77" route="routeright" type="rl" waiting="0.00" lane="right_0" pos="53.22" speed="10.00" angle="314.33" x="213.79" y="222.99"/>
        <vehicle id="rlright.2" eclass="HBEFA2/P_7_7" CO2="1680.07" CO="0.00" HC="0.29" NOx="2.67" PMx="0.10" fuel="0.67" electricity="0.00" noise="61.77" route="routeright" type="rl" waiting="0.00" lane="right_0" pos="5.00" speed="10.00" angle="357.76" x="255.89" y="137.48"/>
        <vehicle id="rltop.0" eclass="HBEFA2/P_7_7" CO2="1680.07" CO="0.00" HC="0.29" NOx="2.67" PMx="0.10" fuel="0.67" electricity="0.00" noise="61.77" route="routetop" type="rl" waiting="0.00" lane="top_0" pos="25.00" speed="10.00" angle="249.74" x="77.96" y="246.46"/>
        <vehicle id="rltop.1" eclass="HBEFA2/P_7_7" CO2="1680.07" CO="0.00" HC="0.29" NOx="2.67" PMx="0.10" fuel="0.67" electricity="0.00" noise="61.77" route="routetop" type="rl" waiting="0.00" lane="top_0" pos="53.22" speed="10.00" angle="224.34" x="31.65" y="213.79"/>
        <vehicle id="rltop.2" eclass="HBEFA2/P_7_7" CO2="1680.07" CO="0.00" HC="0.29" NOx="2.67" PMx="0.10" fuel="0.67" electricity="0.00" noise="61.77" route="routetop" type="rl" waiting="0.00" lane="top_0" pos="5.00" speed="10.00" angle="267.76" x="117.17" y="255.89"/>
    </timestep>
    <timestep time="2.60">
        <vehicle id="rlbottom.0" eclass="HBEFA2/P_7_7" CO2="1680.07" CO="0.00" HC="0.29" NOx="2.67" PMx="0.10" fuel="0.67" electricity="0.00" noise="61.77" route="routebottom" type="rl" waiting="0.00" lane="bottom_0" pos="26.00" speed="10.00" angle="68.87" x="178.56" y="8.98"/>
        <vehicle id="rlbottom.1" eclass="HBEFA2/P_7_7" CO2="1680.07" CO="0.00" HC="0.29" NOx="2.67" PMx="0.10" fuel="0.67" electricity="0.00" noise="61.77" route="routebottom" type="rl" waiting="0.00" lane="bottom_0" pos="54.22" speed="10.00" angle="43.43" x="224.34" y="42.37"/>
        <vehicle id="rlbottom.2" eclass="HBEFA2/P_7_7" CO2="1680.07" CO="0.00" HC="0.29" NOx="2.67" PMx="0.10" fuel="0.67" electricity="0.00" noise="61.77" route="routebottom" type="rl" waiting="0.00" lane="bottom_0" pos="6.00" speed="10.00" angle="86.83" x="139.49" y="-1.05"/>
        <vehicle id="rlleft.0" eclass="HBEFA2/P_7_7" CO2="1680.07" CO="0.00" HC="0.29" NOx="2.67" PMx="0.10" fuel="0.67" electricity="0.00" noise="61.77" route="routeleft" type="rl" waiting="0.00" lane="left_0" pos="26.00" speed="10.00" angle="158.87" x="8.98" y="76.09"/>
        <vehicle id="rlleft.1" eclass="HBEFA2/P_7_7" CO2="1680.07" CO="0.00" HC="0.29" NOx="2.67" PMx="0.10" fuel="0.67" electricity="0.00" noise="61.77" route="routeleft" type="rl" waiting="0.00" lane="left_0" pos="54.22" speed="10.00" angle="133.43" x="42.37" y="30.31"/>
        <vehicle id="rlleft.2" eclass="HBEFA2/P_7_7" CO2="1680.07" CO="0.00" HC="0.29" NOx="2.67" PMx="0.10" fuel="0.67" electricity="0.00" noise="61.77" route="routeleft" type="rl" waiting="0.00" lane="left_0" pos="6.00" speed="10.00" angle="176.83" x="-1.05" y="115.16"/>
        <vehicle id="rlright.0" eclass="HBEFA2/P_7_7" CO2="1680.07" CO="0.00" HC="0.29" NOx="2.67" PMx="0.10" fuel="0.67" electricity="0.00" noise="61.77" route="routeright" type="rl" waiting="0.00" lane="right_0" pos="26.00" speed="10.00" angle="338.86" x="245.67" y="178.56"/>
        <vehicle id="rlright.1" eclass="HBEFA2/P_7_7" CO2="1680.07" CO="0.00" HC="0.29" NOx="2.67" PMx="0.10" fuel="0.67" electricity="0.00" noise="61.77" route="routeright" type="rl" waiting="0.00" lane="right_0" pos="54.22" speed="10.00" angle="313.47" x="212.28" y="224.34"/>
        <vehicle id="rlright.2" eclass="HBEFA2/P_7_7" CO2="1680.07" CO="0.00" HC="0.29" NOx="2.67" PMx="0.10" fuel="0.67" electricity="0.00" noise="61.77" route="routeright" type="rl" waiting="0.00" lane="right_0" pos="6.00" speed="10.00" angle="356.88" x="255.70" y="139.49"/>
        <vehicle id="rltop.0" eclass="HBEFA2/P_7_7" CO2="1680.07" CO="0.00" HC="0.29" NOx="2.67" PMx="0.10" fuel="0.67" electricity="0.00" noise="61.77" route="routetop" type="rl" waiting="0.00" lane="top_0" pos="26.00" speed="10.00" angle="248.86" x="76.09" y="245.67"/>
        <vehicle id="rltop.1" eclass="HBEFA2/P_7_7" CO2="1680.07" CO="0.00" HC="0.29" NOx="2.67" PMx="0.10" fuel="0.67" electricity="0.00" noise="61.77" route="routetop" type="rl" waiting="0.00" lane="top_0" pos="54.22" speed="10.00" angle="223.46" x="30.31" y="212.28"/>
        <vehicle id="rltop.2" eclass="HBEFA2/P_7_7" CO2="1680.07" CO="0.00" HC="0.29" NOx="2.67" PMx="0.10" fuel="0.67" electricity="0.00" noise="61.77" route="routetop" type="rl" waiting="0.00" lane="top_0" pos="6.00" speed="10.00" angle="266.88" x="115.16" y="255.70"/>
    </timestep>
    <timestep time="2.70">
        <vehicle id="rlbottom.0" eclass="HBEFA2/P_7_7" CO2="1680.07" CO="0.00" HC="0.29" NOx="2.67" PMx="0.10" fuel="0.67" electricity="0.00" noise="61.77" route="routebottom" type="rl" waiting="0.00" lane="bottom_0" pos="27.00" speed="10.00" angle="67.94" x="180.40" y="9.81"/>
        <vehicle id="rlbottom.1" eclass="HBEFA2/P_7_7" CO2="1680.07" CO="0.00" HC="0.29" NOx="2.67" PMx="0.10" fuel="0.67" electricity="0.00" noise="61.77" route="routebottom" type="rl" waiting="0.00" lane="bottom_0" pos="55.22" speed="10.00" angle="42.54" x="225.66" y="43.91"/>
        <vehicle id="rlbottom.2" eclass="HBEFA2/P_7_7" CO2="1680.07" CO="0.00" HC="0.29" NOx="2.67" PMx="0.10" fuel="0.67" electricity="0.00" noise="61.77" route="routebottom" type="rl" waiting="0.00" lane="bottom_0" pos="7.00" speed="10.00" angle="85.90" x="141.51" y="-0.85"/>
        <vehicle id="rlleft.0" eclass="HBEFA2/P_7_7" CO2="1680.07" CO="0.00" HC="0.29" NOx="2.67" PMx="0.10" fuel="0.67" electricity="0.00" noise="61.77" route="routeleft" type="rl" waiting="0.00" lane="left_0" pos="27.00" speed="10.00" angle="157.94" x="9.81" y="74.25"/>
        <vehicle id="rlleft.1" eclass="HBEFA2/P_7_7" CO2="1680.07" CO="0.00" HC="0.29" NOx="2.67" PMx="0.10" fuel="0.67" electricity="0.00" noise="61.77" route="routeleft" type="rl" waiting="0.00" lane="left_0" pos="55.22" speed="10.00" angle="132.52" x="43.91" y="28.99"/>
        <vehicle id="rlleft.2" eclass="HBEFA2/P_7_7" CO2="1680.07" CO="0.00" HC="0.29" NOx="2.67" PMx="0.10" fuel="0.67" electricity="0.00" noise="61.77" route="routeleft" type="rl" waiting="0.00" lane="left_0" pos="7.00" speed="10.00" angle="175.90" x="-0.85" y="113.14"/>
        <vehicle id="rlright.0" eclass="HBEFA2/P_7_7" CO2="1680.07" CO="0.00" HC="0.29" NOx="2.67" PMx="0.10" fuel="0.67" electricity="0.00" noise="61.77" route="routeright" type="rl" waiting="0.00" lane="right_0" pos="27.00" speed="10.00" angle="337.91" x="244.84" y="180.40"/>
        <vehicle id="rlright.1" eclass="HBEFA2/P_7_7" CO2="1680.07" CO="0.00" HC="0.29" NOx="2.67" PMx="0.10" fuel="0.67" electricity="0.00" noise="61.77" route="routeright" type="rl" waiting="0.00" lane="right_0" pos="55.22" speed="10.00" angle="312.56" x="210.74" y="225.66"/>
        <vehicle id="rlright.2" eclass="HBEFA2/P_7_7" CO2="1680.07" CO="0.00" HC="0.29" NOx="2.67" PMx="0.10" fuel="0.67" electricity="0.00" noise="61.77" route="routeright" type="rl" waiting="0.00" lane="right_0" pos="7.00" speed="10.00" angle="355.95" x="255.50" y="141.51"/>
        <vehicle id="rltop.0" eclass="HBEFA2/P_7_7" CO2="1680.07" CO="0.00" HC="0.29" NOx="2.67" PMx="0.10" fuel="0.67" electricity="0.00" noise="61.77" route="routetop" type="rl" waiting="0.00" lane="top_0" pos="27.00" speed="10.00" angle="247.91" x="74.25" y="244.84"/>
        <vehicle id="rltop.1" eclass="HBEFA2/P_7_7" CO2="1680.07" CO="0.00" HC="0.29" NOx="2.67" PMx="0.10" fuel="0.67" electricity="0.00" noise="61.77" route="routetop" type="rl" waiting="0.00" lane="top_0" pos="55.22" speed="10.00" angle="222.54" x="28.99" y="210.74"/>
        <vehicle id="rltop.2" eclass="HBEFA2/P_7_7" CO2="1680.07" CO="0.00" HC="0.29" NOx="2.67" PMx="0.10" fuel="0.67" electricity="0.00" noise="61.77" route="routetop" type="rl" waiting="0.00" lane="top_0" pos="7.00" speed="10.00" angle="265.95" x="113.14" y="255.50"/>
    </timestep>
    <timestep time="2.80">
        <vehicle id="rlbottom.0" eclass="HBEFA2/P_7_7" CO2="1680.07" CO="0.00" HC="0.29" NOx="2.67" PMx="0.10" fuel="0.67" electricity="0.00" noise="61.77" route="routebottom" type="rl" waiting="0.00" lane="bottom_0" pos="28.00" speed="10.00" angle="67.01" x="182.25" y="10.64"/>
        <vehicle id="rlbottom.1" eclass="HBEFA2/P_7_7" CO2="1680.07" CO="0.00" HC="0.29" NOx="2.67" PMx="0.10" fuel="0.67" electricity="0.00" noise="61.77" route="routebottom" type="rl" waiting="0.00" lane="bottom_0" pos="56.22" speed="10.00" angle="41.65" x="226.97" y="45.45"/>
        <vehicle id="rlbottom.2" eclass="HBEFA2/P_7_7" CO2="1680.07" CO="0.00" HC="0.29" NOx="2.67" PMx="0.10" fuel="0.67" electricity="0.00" noise="61.77" route="routebottom" type="rl" waiting="0.00" lane="bottom_0" pos="8.00" speed="10.00" angle="85.04" x="143.52" y="-0.62"/>
        <vehicle id="rlleft.0" eclass="HBEFA2/P_7_7" CO2="1680.07" CO="0.00" HC="0.29" NOx="2.67" PMx="0.10" fuel="0.67" electricity="0.00" noise="61.77" route="routeleft" type="rl" waiting="0.00" lane="left_0" pos="28.00" speed="10.00" angle="157.01" x="10.64" y="72.40"/>
        <vehicle id="rlleft.1" eclass="HBEFA2/P_7_7" CO2="1680.07" CO="0.00" HC="0.29" NOx="2.67" PMx="0.10" fuel="0.67" electricity="0.00" noise="61.77" route="routeleft" type="rl" waiting="0.00" lane="left_0" pos="56.22" speed="10.00" angle="131.61" x="45.45" y="27.68"/>
        <vehicle id="rlleft.2" eclass="HBEFA2/P_7_7" CO2="1680.07" CO="0.00" HC="0.29" NOx="2.67" PMx="0.10" fuel="0.67" electricity="0.00" noise="61.77" route="routeleft" type="rl" waiting="0.00" lane="left_0" pos="8.00" speed="10.00" angle="175.04" x="-0.62" y="111.13"/>
        <vehicle id="rlright.0" eclass="HBEFA2/P_7_7" CO2="1680.07" CO="0.00" HC="0.29" NOx="2.67" PMx="0.10" fuel="0.67" electricity="0.00" noise="61.77" route="routeright" type="rl" waiting="0.00" lane="right_0" pos="28.00" speed="10.00" angle="336.96" x="244.00" y="182.25"/>
        <vehicle id="rlright.1" eclass="HBEFA2/P_7_7" CO2="1680.07" CO="0.00" HC="0.29" NOx="2.67" PMx="0.10" fuel="0.67" electricity="0.00" noise="61.77" route="routeright" type="rl" waiting="0.00" lane="right_0" pos="56.22" speed="10.00" angle="311.65" x="209.20" y="226.97"/>
        <vehicle id="rlright.2" eclass="HBEFA2/P_7_7" CO2="1680.07" CO="0.00" HC="0.29" NOx="2.67" PMx="0.10" fuel="0.67" electricity="0.00" noise="61.77" route="routeright" type="rl" waiting="0.00" lane="right_0" pos="8.00" speed="10.00" angle="355.08" x="255.27" y="143.52"/>
        <vehicle id="rltop.0" eclass="HBEFA2/P_7_7" CO2="1680.07" CO="0.00" HC="0.29" NOx="2.67" PMx="0.10" fuel="0.67" electricity="0.00" noise="61.77" route="routetop" type="rl" waiting="0.00" lane="top_0" pos="28.00" speed="10.00" angle="246.96" x="72.40" y="244.00"/>
        <vehicle id="rltop.1" eclass="HBEFA2/P_7_7" CO2="1680.07" CO="0.00" HC="0.29" NOx="2.67" PMx="0.10" fuel="0.67" electricity="0.00" noise="61.77" route="routetop" type="rl" waiting="0.00" lane="top_0" pos="56.22" speed="10.00" angle="221.61" x="27.68" y="209.20"/>
        <vehicle id="rltop.2" eclass="HBEFA2/P_7_7" CO2="1680.07" CO="0.00" HC="0.29" NOx="2.67" PMx="0.10" fuel="0.67" electricity="0.00" noise="61.77" route="routetop" type="rl" waiting="0.00" lane="top_0" pos="8.00" speed="10.00" angle="265.08" x="111.13" y="255.27"/>
    </timestep>
    <timestep time="2.90">
        <vehicle id="rlbottom.0" eclass="HBEFA2/P_7_7" CO2="1680.07" CO="0.00" HC="0.29" NOx="2.67" PMx="0.10" fuel="0.67" electricity="0.00" noise="61.77" route="routebottom" type="rl" waiting="0.00" lane="bottom_0" pos="29.00" speed="10.00" angle="66.15" x="184.07" y="11.53"/>
        <vehicle id="rlbottom.1" eclass="HBEFA2/P_7_7" CO2="1680.07" CO="0.00" HC="0.29" NOx="2.67" PMx="0.10" fuel="0.67" electricity="0.00" noise="61.77" route="routebottom" type="rl" waiting="0.00" lane="bottom_0" pos="57.22" speed="10.00" angle="40.79" x="228.23" y="47.03"/>
        <vehicle id="rlbottom.2" eclass="HBEFA2/P_7_7" CO2="1680.07" CO="0.00" HC="0.29" NOx="2.67" PMx="0.10" fuel="0.67" electricity="0.00" noise="61.77" route="routebottom" type="rl" waiting="0.00" lane="bottom_0" pos="9.00" speed="10.00" angle="84.13" x="145.52" y="-0.33"/>
        <vehicle id="rlleft.0" eclass="HBEFA2/P_7_7" CO2="1680.07" CO="0.00" HC="0.29" NOx="2.67" PMx="0.10" fuel="0.67" electricity="0.00" noise="61.77" route="routeleft" type="rl" waiting="0.00" lane="left_0" pos="29.00" speed="10.00" angle="156.15" x="11.53" y="70.58"/>
        <vehicle id="rlleft.1" eclass="HBEFA2/P_7_7" CO2="1680.07" CO="0.00" HC="0.29" NOx="2.67" PMx="0.10" fuel="0.67" electricity="0.00" noise="61.77" route="routeleft" type="rl" waiting="0.00" lane="left_0" pos="57.22" speed="10.00" angle="130.78" x="47.03" y="26.41"/>
        <vehicle id="rlleft.2" eclass="HBEFA2/P_7_7" CO2="1680.07" CO="0.00" HC="0.29" NOx="2.67" PMx="0.10" fuel="0.67" electricity="0.00" noise="61.77" route="routeleft" type="rl" waiting="0.00" lane="left_0" pos="9.00" speed="10.00" angle="174.13" x="-0.33" y="109.13"/>
        <vehicle id="rlright.0" eclass="HBEFA2/P_7_7" CO2="1680.07" CO="0.00" HC="0.29" NOx="2.67" PMx="0.10" fuel="0.67" electricity="0.00" noise="61.77" route="routeright" type="rl" waiting="0.00" lane="right_0" pos="29.00" speed="10.00" angle="336.11" x="243.12" y="184.07"/>
        <vehicle id="rlright.1" eclass="HBEFA2/P_7_7" CO2="1680.07" CO="0.00" HC="0.29" NOx="2.67" PMx="0.10" fuel="0.67" electricity="0.00" noise="61.77" route="routeright" type="rl" waiting="0.00" lane="right_0" pos="57.22" speed="10.00" angle="310.79" x="207.62" y="228.23"/>
        <vehicle id="rlright.2" eclass="HBEFA2/P_7_7" CO2="1680.07" CO="0.00" HC="0.29" NOx="2.67" PMx="0.10" fuel="0.67" electricity="0.00" noise="61.77" route="routeright" type="rl" waiting="0.00" lane="right_0" pos="9.00" speed="10.00" angle="354.15" x="254.98" y="145.52"/>
        <vehicle id="rltop.0" eclass="HBEFA2/P_7_7" CO2="1680.07" CO="0.00" HC="0.29" NOx="2.67" PMx="0.10" fuel="0.67" electricity="0.00" noise="61.77" route="routetop" type="rl" waiting="0.00" lane="top_0" pos="29.00" speed="10.00" angle="246.11" x="70.58" y="243.12"/>
        <vehicle id="rltop.1" eclass="HBEFA2/P_7_7" CO2="1680.07" CO="0.00" HC="0.29" NOx="2.67" PMx="0.10" fuel="0.67" electricity="0.00" noise="61.77" route="routetop" type="rl" waiting="0.00" lane="top_0" pos="57.22" speed="10.00" angle="220.78" x="26.41" y="207.62"/>
        <vehicle id="rltop.2" eclass="HBEFA2/P_7_7" CO2="1680.07" CO="0.00" HC="0.29" NOx="2.67" PMx="0.10" fuel="0.67" electricity="0.00" noise="61.77" route="routetop" type="rl" waiting="0.00" lane="top_0" pos="9.00" speed="10.00" angle="264.15" x="109.13" y="254.98"/>
    </timestep>
    <timestep time="3.00">
        <vehicle id="rlbottom.0" eclass="HBEFA2/P_7_7" CO2="1680.07" CO="0.00" HC="0.29" NOx="2.67" PMx="0.10" fuel="0.67" electricity="0.00" noise="61.77" route="routebottom" type="rl" waiting="0.00" lane="bottom_0" pos="30.00" speed="10.00" angle="65.23" x="185.88" y="12.43"/>
        <vehicle id="rlbottom.1" eclass="HBEFA2/P_7_7" CO2="1680.07" CO="0.00" HC="0.29" NOx="2.67" PMx="0.10" fuel="0.67" electricity="0.00" noise="61.77" route="routebottom" type="rl" waiting="0.00" lane="bottom_0" pos="58.22" speed="10.00" angle="39.87" x="229.48" y="48.63"/>
        <vehicle id="rlbottom.2" eclass="HBEFA2/P_7_7" CO2="1680.07" CO="0.00" HC="0.29" NOx="2.67" PMx="0.10" fuel="0.67" electricity="0.00" noise="61.77" route="routebottom" type="rl" waiting="0.00" lane="bottom_0" pos="10.00" speed="10.00" angle="83.22" x="147.53" y="-0.05"/>
        <vehicle id="rlbottom.3" eclass="HBEFA2/P_7_7" CO2="601.69" CO="6.37" HC="0.35" NOx="0.84" PMx="0.02" fuel="0.24" electricity="0.00" noise="55.94" route="routebottom" type="rl" waiting="0.00" lane="bottom_0" pos="0.00" speed="0.00" angle="92.28" x="127.36" y="-1.65"/>
        <vehicle id="rlleft.0" eclass="HBEFA2/P_7_7" CO2="1680.07" CO="0.00" HC="0.29" NOx="2.67" PMx="0.10" fuel="0.67" electricity="0.00" noise="61.77" route="routeleft" type="rl" waiting="0.00" lane="left_0" pos="30.00" speed="10.00" angle="155.23" x="12.43" y="68.77"/>
        <vehicle id="rlleft.1" eclass="HBEFA2/P_7_7" CO2="1680.07" CO="0.00" HC="0.29" NOx="2.67" PMx="0.10" fuel="0.67" electricity="0.00" noise="61.77" route="routeleft" type="rl" waiting="0.00" lane="left_0" pos="58.22" speed="10.00" angle="129.89" x="48.62" y="25.16"/>
        <vehicle id="rlleft.2" eclass="HBEFA2/P_7_7" CO2="1680.07" CO="0.00" HC="0.29" NOx="2.67" PMx="0.10" fuel="0.67" electricity="0.00" noise="61.77" route="routeleft" type="rl" waiting="0.00" lane="left_0" pos="10.00" speed="10.00" angle="173.22" x="-0.05" y="107.12"/>
        <vehicle id="rlleft.3" eclass="HBEFA2/P_7_7" CO2="601.69" CO="6.37" HC="0.35" NOx="0.84" PMx="0.02" fuel="0.24" electricity="0.00" noise="55.94" route="routeleft" type="rl" waiting="0.00" lane="left_0" pos="0.00" speed="0.00" angle="182.28" x="-1.65" y="127.29"/>
        <vehicle id="rlright.0" eclass="HBEFA2/P_7_7" CO2="1680.07" CO="0.00" HC="0.29" NOx="2.67" PMx="0.10" fuel="0.67" electricity="0.00" noise="61.77" route="routeright" type="rl" waiting="0.00" lane="right_0" pos="30.00" speed="10.00" angle="335.21" x="242.22" y="185.88"/>
        <vehicle id="rlright.1" eclass="HBEFA2/P_7_7" CO2="1680.07" CO="0.00" HC="0.29" NOx="2.67" PMx="0.10" fuel="0.67" electricity="0.00" noise="61.77" route="routeright" type="rl" waiting="0.00" lane="right_0" pos="58.22" speed="10.00" angle="309.87" x="206.02" y="229.48"/>
        <vehicle id="rlright.2" eclass="HBEFA2/P_7_7" CO2="1680.07" CO="0.00" HC="0.29" NOx="2.67" PMx="0.10" fuel="0.67" electricity="0.00" noise="61.77" route="routeright" type="rl" waiting="0.00" lane="right_0" pos="10.00" speed="10.00" angle="353.22" x="254.70" y="147.53"/>
        <vehicle id="rlright.3" eclass="HBEFA2/P_7_7" CO2="601.69" CO="6.37" HC="0.35" NOx="0.84" PMx="0.02" fuel="0.24" electricity="0.00" noise="55.94" route="routeright" type="rl" waiting="0.00" lane="right_0" pos="0.00" speed="0.00" angle="2.23" x="256.29" y="127.36"/>
        <vehicle id="rltop.0" eclass="HBEFA2/P_7_7" CO2="1680.07" CO="0.00" HC="0.29" NOx="2.67" PMx="0.10" fuel="0.67" electricity="0.00" noise="61.77" route="routetop" type="rl" waiting="0.00" lane="top_0" pos="30.00" speed="10.00" angle="245.21" x="68.77" y="242.21"/>
        <vehicle id="rltop.1" eclass="HBEFA2/P_7_7" CO2="1680.07" CO="0.00" HC="0.29" NOx="2.67" PMx="0.10" fuel="0.67" electricity="0.00" noise="61.77" route="routetop" type="rl" waiting="0.00" lane="top_0" pos="58.22" speed="10.00" angle="219.89" x="25.16" y="206.02"/>
        <vehicle id="rltop.2" eclass="HBEFA2/P_7_7" CO2="1680.07" CO="0.00" HC="0.29" NOx="2.67" PMx="0.10" fuel="0.67" electricity="0.00" noise="61.77" route="routetop" type="rl" waiting="0.00" lane="top_0" pos="10.00" speed="10.00" angle="263.22" x="107.12" y="254.70"/>
        <vehicle id="rltop.3" eclass="HBEFA2/P_7_7" CO2="601.69" CO="6.37" HC="0.35" NOx="0.84" PMx="0.02" fuel="0.24" electricity="0.00" noise="55.94" route="routetop" type="rl" waiting="0.00" lane="top_0" pos="0.00" speed="0.00" angle="272.23" x="127.29" y="256.29"/>
    </timestep>
    <timestep time="3.10">
        <vehicle id="rlbottom.0" eclass="HBEFA2/P_7_7" CO2="0.00" CO="0.00" HC="0.00" NOx="0.00" PMx="0.00" fuel="0.00" electricity="0.00" noise="720.35" route="routebottom" type="rl" waiting="0.00" lane="bottom_0" pos="32.49" speed="24.85" angle="63.02" x="190.32" y="14.80"/>
        <vehicle id="rlbottom.1" eclass="HBEFA2/P_7_7" CO2="0.00" CO="0.00" HC="0.00" NOx="0.00" PMx="0.00" fuel="0.00" electricity="0.00" noise="720.35" route="routebottom" type="rl" waiting="0.00" lane="bottom_0" pos="60.70" speed="24.85" angle="37.60" x="232.47" y="52.67"/>
        <vehicle id="rlbottom.2" eclass="HBEFA2/P_7_7" CO2="0.00" CO="0.00" HC="0.00" NOx="0.00" PMx="0.00" fuel="0.00" electricity="0.00" noise="720.35" route="routebottom" type="rl" waiting="0.00" lane="bottom_0" pos="12.49" speed="24.85" angle="80.96" x="152.48" y="0.84"/>
        <vehicle id="rlbottom.3" eclass="HBEFA2/P_7_7" CO2="0.00" CO="0.00" HC="0.00" NOx="0.00" PMx="0.00" fuel="0.00" electricity="0.00" noise="1155.95" route="routebottom" type="rl" waiting="0.00" lane="bottom_0" pos="2.48" speed="24.75" angle="90.01" x="132.37" y="-1.55"/>
        <vehicle id="rlleft.0" eclass="HBEFA2/P_7_7" CO2="0.00" CO="0.00" HC="0.00" NOx="0.00" PMx="0.00" fuel="0.00" electricity="0.00" noise="720.35" route="routeleft" type="rl" waiting="0.00" lane="left_0" pos="32.49" speed="24.85" angle="153.02" x="14.80" y="64.33"/>
        <vehicle id="rlleft.1" eclass="HBEFA2/P_7_7" CO2="0.00" CO="0.00" HC="0.00" NOx="0.00" PMx="0.00" fuel="0.00" electricity="0.00" noise="720.35" route="routeleft" type="rl" waiting="0.00" lane="left_0" pos="60.70" speed="24.85" angle="127.62" x="52.67" y="22.18"/>
        <vehicle id="rlleft.2" eclass="HBEFA2/P_7_7" CO2="0.00" CO="0.00" HC="0.00" NOx="0.00" PMx="0.00" fuel="0.00" electricity="0.00" noise="720.35" route="routeleft" type="rl" waiting="0.00" lane="left_0" pos="12.49" speed="24.85" angle="170.96" x="0.84" y="102.17"/>
        <vehicle id="rlleft.3" eclass="HBEFA2/P_7_7" CO2="0.00" CO="0.00" HC="0.00" NOx="0.00" PMx="0.00" fuel="0.00" electricity="0.00" noise="1155.95" route="routeleft" type="rl" waiting="0.00" lane="left_0" pos="2.48" speed="24.75" angle="180.01" x="-1.55" y="122.28"/>
        <vehicle id="rlright.0" eclass="HBEFA2/P_7_7" CO2="0.00" CO="0.00" HC="0.00" NOx="0.00" PMx="0.00" fuel="0.00" electricity="0.00" noise="720.35" route="routeright" type="rl" waiting="0.00" lane="right_0" pos="32.49" speed="24.85" angle="333.03" x="239.84" y="190.32"/>
        <vehicle id="rlright.1" eclass="HBEFA2/P_7_7" CO2="0.00" CO="0.00" HC="0.00" NOx="0.00" PMx="0.00" fuel="0.00" electricity="0.00" noise="720.35" route="routeright" type="rl" waiting="0.00" lane="right_0" pos="60.70" speed="24.85" angle="307.60" x="201.98" y="232.47"/>
        <vehicle id="rlright.2" eclass="HBEFA2/P_7_7" CO2="0.00" CO="0.00" HC="0.00" NOx="0.00" PMx="0.00" fuel="0.00" electricity="0.00" noise="720.35" route="routeright" type="rl" waiting="0.00" lane="right_0" pos="12.49" speed="24.85" angle="350.96" x="253.81" y="152.48"/>
        <vehicle id="rlright.3" eclass="HBEFA2/P_7_7" CO2="0.00" CO="0.00" HC="0.00" NOx="0.00" PMx="0.00" fuel="0.00" electricity="0.00" noise="1155.95" route="routeright" type="rl" waiting="0.00" lane="right_0" pos="2.48" speed="24.75" angle="0.01" x="256.19" y="132.37"/>
        <vehicle id="rltop.0" eclass="HBEFA2/P_7_7" CO2="0.00" CO="0.00" HC="0.00" NOx="0.00" PMx="0.00" fuel="0.00" electricity="0.00" noise="720.35" route="routetop" type="rl" waiting="0.00" lane="top_0" pos="32.49" speed="24.85" angle="243.03" x="64.33" y="239.84"/>
        <vehicle id="rltop.1" eclass="HBEFA2/P_7_7" CO2="0.00" CO="0.00" HC="0.00" NOx="0.00" PMx="0.00" fuel="0.00" electricity="0.00" noise="720.35" route="routetop" type="rl" waiting="0.00" lane="top_0" pos="60.70" speed="24.85" angle="217.62" x="22.18" y="201.98"/>
        <vehicle id="rltop.2" eclass="HBEFA2/P_7_7" CO2="0.00" CO="0.00" HC="0.00" NOx="0.00" PMx="0.00" fuel="0.00" electricity="0.00" noise="720.35" route="routetop" type="rl" waiting="0.00" lane="top_0" pos="12.49" speed="24.85" angle="260.96" x="102.17" y="253.81"/>
        <vehicle id="rltop.3" eclass="HBEFA2/P_7_7" CO2="0.00" CO="0.00" HC="0.00" NOx="0.00" PMx="0.00" fuel="0.00" electricity="0.00" noise="1155.95" route="routetop" type="rl" waiting="0.00" lane="top_0" pos="2.48" speed="24.75" angle="270.01" x="122.28" y="256.19"/>
    </timestep>
    <timestep time="3.20">
        <vehicle id="rlbottom.0" eclass="HBEFA2/P_7_7" CO2="10615.47" CO="185.80" HC="3.50" NOx="23.67" PMx="1.25" fuel="4.23" electricity="0.00" noise="74.88" route="routebottom" type="rl" waiting="0.00" lane="bottom_0" pos="34.99" speed="25.00" angle="60.75" x="194.69" y="17.36"/>
        <vehicle id="rlbottom.1" eclass="HBEFA2/P_7_7" CO2="10615.47" CO="185.80" HC="3.50" NOx="23.67" PMx="1.25" fuel="4.23" electricity="0.00" noise="74.88" route="routebottom" type="rl" waiting="0.00" lane="bottom_0" pos="63.20" speed="25.00" angle="35.35" x="235.32" y="56.86"/>
        <vehicle id="rlbottom.2" eclass="HBEFA2/P_7_7" CO2="10615.47" CO="185.80" HC="3.50" NOx="23.67" PMx="1.25" fuel="4.23" electricity="0.00" noise="74.88" route="routebottom" type="rl" waiting="0.00" lane="bottom_0" pos="14.99" speed="25.00" angle="78.72" x="157.42" y="1.93"/>
        <vehicle id="rlbottom.3" eclass="HBEFA2/P_7_7" CO2="17300.09" CO="351.29" HC="6.24" NOx="41.02" PMx="2.63" fuel="6.90" electricity="0.00" noise="78.34" route="routebottom" type="rl" waiting="0.00" lane="bottom_0" pos="4.98" speed="25.00" angle="87.74" x="137.42" y="-1.25"/>
        <vehicle id="rlleft.0" eclass="HBEFA2/P_7_7" CO2="10615.47" CO="185.80" HC="3.50" NOx="23.67" PMx="1.25" fuel="4.23" electricity="0.00" noise="74.88" route="routeleft" type="rl" waiting="0.00" lane="left_0" pos="34.99" speed="25.00" angle="150.75" x="17.36" y="59.96"/>
        <vehicle id="rlleft.1" eclass="HBEFA2/P_7_7" CO2="10615.47" CO="185.80" HC="3.50" NOx="23.67" PMx="1.25" fuel="4.23" electricity="0.00" noise="74.88" route="routeleft" type="rl" waiting="0.00" lane="left_0" pos="63.20" speed="25.00" angle="125.32" x="56.86" y="19.33"/>
        <vehicle id="rlleft.2" eclass="HBEFA2/P_7_7" CO2="10615.47" CO="185.80" HC="3.50" NOx="23.67" PMx="1.25" fuel="4.23" electricity="0.00" noise="74.88" route="routeleft" type="rl" waiting="0.00" lane="left_0" pos="14.99" speed="25.00" angle="168.72" x="1.93" y="97.23"/>
        <vehicle id="rlleft.3" eclass="HBEFA2/P_7_7" CO2="17300.09" CO="351.29" HC="6.24" NOx="41.02" PMx="2.63" fuel="6.90" electricity="0.00" noise="78.34" route="routeleft" type="rl" waiting="0.00" lane="left_0" pos="4.98" speed="25.00" angle="177.74" x="-1.25" y="117.23"/>
        <vehicle id="rlright.0" eclass="HBEFA2/P_7_7" CO2="10615.47" CO="185.80" HC="3.50" NOx="23.67" PMx="1.25" fuel="4.23" electricity="0.00" noise="74.88" route="routeright" type="rl" waiting="0.00" lane="right_0" pos="34.99" speed="25.00" angle="330.75" x="237.28" y="194.68"/>
        <vehicle id="rlright.1" eclass="HBEFA2/P_7_7" CO2="10615.47" CO="185.80" HC="3.50" NOx="23.67" PMx="1.25" fuel="4.23" electricity="0.00" noise="74.88" route="routeright" type="rl" waiting="0.00" lane="right_0" pos="63.20" speed="25.00" angle="305.35" x="197.79" y="235.32"/>
        <vehicle id="rlright.2" eclass="HBEFA2/P_7_7" CO2="10615.47" CO="185.80" HC="3.50" NOx="23.67" PMx="1.25" fuel="4.23" electricity="0.00" noise="74.88" route="routeright" type="rl" waiting="0.00" lane="right_0" pos="14.99" speed="25.00" angle="348.72" x="252.72" y="157.42"/>
        <vehicle id="rlright.3" eclass="HBEFA2/P_7_7" CO2="17300.09" CO="351.29" HC="6.24" NOx="41.02" PMx="2.63" fuel="6.90" electricity="0.00" noise="78.34" route="routeright" type="rl" waiting="0.00" lane="right_0" pos="4.98" speed="25.00" angle="357.80" x="255.90" y="137.43"/>
        <vehicle id="rltop.0" eclass="HBEFA2/P_7_7" CO2="10615.47" CO="185.80" HC="3.50" NOx="23.67" PMx="1.25" fuel="4.23" electricity="0.00" noise="74.88" route="routetop" type="rl" waiting="0.00" lane="top_0" pos="34.99" speed="25.00" angle="240.75" x="59.97" y="237.28"/>
        <vehicle id="rltop.1" eclass="HBEFA2/P_7_7" CO2="10615.47" CO="185.80" HC="3.50" NOx="23.67" PMx="1.25" fuel="4.23" electricity="0.00" noise="74.88" route="routetop" type="rl" waiting="0.00" lane="top_0" pos="63.20" speed="25.00" angle="215.32" x="19.33" y="197.79"/>
        <vehicle id="rltop.2" eclass="HBEFA2/P_7_7" CO2="10615.47" CO="185.80" HC="3.50" NOx="23.67" PMx="1.25" fuel="4.23" electricity="0.00" noise="74.88" route="routetop" type="rl" waiting="0.00" lane="top_0" pos="14.99" speed="25.00" angle="258.72" x="97.23" y="252.72"/>
        <vehicle id="rltop.3" eclass="HBEFA2/P_7_7" CO2="17300.09" CO="351.29" HC="6.24" NOx="41.02" PMx="2.63" fuel="6.90" electricity="0.00" noise="78.34" route="routetop" type="rl" waiting="0.00" lane="top_0" pos="4.98" speed="25.00" angle="267.80" x="117.22" y="255.90"/>
    </timestep>
    <timestep time="3.30">
        <vehicle id="rlbottom.0" eclass="HBEFA2/P_7_7" CO2="4316.39" CO="48.79" HC="1.01" NOx="8.73" PMx="0.36" fuel="1.72" electricity="0.00" noise="71.40" route="routebottom" type="rl" waiting="0.00" lane="bottom_0" pos="37.49" speed="25.00" angle="58.47" x="198.95" y="20.10"/>
        <vehicle id="rlbottom.1" eclass="HBEFA2/P_7_7" CO2="4316.39" CO="48.79" HC="1.01" NOx="8.73" PMx="0.36" fuel="1.72" electricity="0.00" noise="71.40" route="routebottom" type="rl" waiting="0.00" lane="bottom_0" pos="65.70" speed="25.00" angle="33.11" x="238.00" y="61.15"/>
        <vehicle id="rlbottom.2" eclass="HBEFA2/P_7_7" CO2="4316.39" CO="48.79" HC="1.01" NOx="8.73" PMx="0.36" fuel="1.72" electricity="0.00" noise="71.40" route="routebottom" type="rl" waiting="0.00" lane="bottom_0" pos="17.49" speed="25.00" angle="76.49" x="162.32" y="3.21"/>
        <vehicle id="rlbottom.3" eclass="HBEFA2/P_7_7" CO2="4344.67" CO="49.29" HC="1.02" NOx="8.79" PMx="0.36" fuel="1.73" electricity="0.00" noise="71.42" route="routebottom" type="rl" waiting="0.00" lane="bottom_0" pos="7.48" speed="25.00" angle="85.46" x="142.46" y="-0.75"/>
        <vehicle id="rlleft.0" eclass="HBEFA2/P_7_7" CO2="4316.39" CO="48.79" HC="1.01" NOx="8.73" PMx="0.36" fuel="1.72" electricity="0.00" noise="71.40" route="routeleft" type="rl" waiting="0.00" lane="left_0" pos="37.49" speed="25.00" angle="148.47" x="20.10" y="55.70"/>
        <vehicle id="rlleft.1" eclass="HBEFA2/P_7_7" CO2="4316.39" CO="48.79" HC="1.01" NOx="8.73" PMx="0.36" fuel="1.72" electricity="0.00" noise="71.40" route="routeleft" type="rl" waiting="0.00" lane="left_0" pos="65.70" speed="25.00" angle="123.12" x="61.15" y="16.65"/>
        <vehicle id="rlleft.2" eclass="HBEFA2/P_7_7" CO2="4316.39" CO="48.79" HC="1.01" NOx="8.73" PMx="0.36" fuel="1.72" electricity="0.00" noise="71.40" route="routeleft" type="rl" waiting="0.00" lane="left_0" pos="17.49" speed="25.00" angle="166.49" x="3.21" y="92.33"/>
        <vehicle id="rlleft.3" eclass="HBEFA2/P_7_7" CO2="4344.67" CO="49.29" HC="1.02" NOx="8.79" PMx="0.36" fuel="1.73" electricity="0.00" noise="71.42" route="routeleft" type="rl" waiting="0.00" lane="left_0" pos="7.48" speed="25.00" angle="175.46" x="-0.75" y="112.19"/>
        <vehicle id="rlright.0" eclass="HBEFA2/P_7_7" CO2="4316.39" CO="48.79" HC="1.01" NOx="8.73" PMx="0.36" fuel="1.72" electricity="0.00" noise="71.40" route="routeright" type="rl" waiting="0.00" lane="right_0" pos="37.49" speed="25.00" angle="328.50" x="234.55" y="198.95"/>
        <vehicle id="rlright.1" eclass="HBEFA2/P_7_7" CO2="4316.39" CO="48.79" HC="1.01" NOx="8.73" PMx="0.36" fuel="1.72" electricity="0.00" noise="71.40" route="routeright" type="rl" waiting="0.00" lane="right_0" pos="65.70" speed="25.00" angle="303.11" x="193.50" y="238.00"/>
        <vehicle id="rlright.2" eclass="HBEFA2/P_7_7" CO2="4316.39" CO="48.79" HC="1.01" NOx="8.73" PMx="0.36" fuel="1.72" electricity="0.00" noise="71.40" route="routeright" type="rl" waiting="0.00" lane="right_0" pos="17.49" speed="25.00" angle="346.49" x="251.44" y="162.32"/>
        <vehicle id="rlright.3" eclass="HBEFA2/P_7_7" CO2="4344.67" CO="49.29" HC="1.02" NOx="8.79" PMx="0.36" fuel="1.73" electricity="0.00" noise="71.42" route="routeright" type="rl" waiting="0.00" lane="right_0" pos="7.48" speed="25.00" angle="355.51" x="255.40" y="142.46"/>
        <vehicle id="rltop.0" eclass="HBEFA2/P_7_7" CO2="4316.39" CO="48.79" HC="1.01" NOx="8.73" PMx="0.36" fuel="1.72" electricity="0.00" noise="71.40" route="routetop" type="rl" waiting="0.00" lane="top_0" pos="37.49" speed="25.00" angle="238.50" x="55.70" y="234.55"/>
        <vehicle id="rltop.1" eclass="HBEFA2/P_7_7" CO2="4316.39" CO="48.79" HC="1.01" NOx="8.73" PMx="0.36" fuel="1.72" electricity="0.00" noise="71.40" route="routetop" type="rl" waiting="0.00" lane="top_0" pos="65.70" speed="25.00" angle="213.12" x="16.64" y="193.50"/>
        <vehicle id="rltop.2" eclass="HBEFA2/P_7_7" CO2="4316.39" CO="48.79" HC="1.01" NOx="8.73" PMx="0.36" fuel="1.72" electricity="0.00" noise="71.40" route="routetop" type="rl" waiting="0.00" lane="top_0" pos="17.49" speed="25.00" angle="256.49" x="92.33" y="251.44"/>
        <vehicle id="rltop.3" eclass="HBEFA2/P_7_7" CO2="4344.67" CO="49.29" HC="1.02" NOx="8.79" PMx="0.36" fuel="1.73" electricity="0.00" noise="71.42" route="routetop" type="rl" waiting="0.00" lane="top_0" pos="7.48" speed="25.00" angle="265.51" x="112.19" y="255.40"/>
    </timestep>
    <timestep time="3.40">
        <vehicle id="rlbottom.0" eclass="HBEFA2/P_7_7" CO2="4274.72" CO="48.06" HC="0.99" NOx="8.65" PMx="0.36" fuel="1.70" electricity="0.00" noise="71.38" route="routebottom" type="rl" waiting="0.00" lane="bottom_0" pos="39.99" speed="25.00" angle="56.27" x="203.10" y="22.98"/>
        <vehicle id="rlbottom.1" eclass="HBEFA2/P_7_7" CO2="4274.72" CO="48.06" HC="0.99" NOx="8.65" PMx="0.36" fuel="1.70" electricity="0.00" noise="71.38" route="routebottom" type="rl" waiting="0.00" lane="bottom_0" pos="68.20" speed="25.00" angle="30.88" x="240.51" y="65.55"/>
        <vehicle id="rlbottom.2" eclass="HBEFA2/P_7_7" CO2="4274.72" CO="48.06" HC="0.99" NOx="8.65" PMx="0.36" fuel="1.70" electricity="0.00" noise="71.38" route="routebottom" type="rl" waiting="0.00" lane="bottom_0" pos="19.99" speed="25.00" angle="74.24" x="167.17" y="4.68"/>
        <vehicle id="rlbottom.3" eclass="HBEFA2/P_7_7" CO2="4274.99" CO="48.06" HC="0.99" NOx="8.65" PMx="0.36" fuel="1.70" electricity="0.00" noise="71.38" route="routebottom" type="rl" waiting="0.00" lane="bottom_0" pos="9.98" speed="25.00" angle="83.24" x="147.48" y="-0.06"/>
        <vehicle id="rlleft.0" eclass="HBEFA2/P_7_7" CO2="4274.72" CO="48.06" HC="0.99" NOx="8.65" PMx="0.36" fuel="1.70" electricity="0.00" noise="71.38" route="routeleft" type="rl" waiting="0.00" lane="left_0" pos="39.99" speed="25.00" angle="146.27" x="22.99" y="51.55"/>
        <vehicle id="rlleft.1" eclass="HBEFA2/P_7_7" CO2="4274.72" CO="48.06" HC="0.99" NOx="8.65" PMx="0.36" fuel="1.70" electricity="0.00" noise="71.38" route="routeleft" type="rl" waiting="0.00" lane="left_0" pos="68.20" speed="25.00" angle="120.90" x="65.54" y="14.13"/>
        <vehicle id="rlleft.2" eclass="HBEFA2/P_7_7" CO2="4274.72" CO="48.06" HC="0.99" NOx="8.65" PMx="0.36" fuel="1.70" electricity="0.00" noise="71.38" route="routeleft" type="rl" waiting="0.00" lane="left_0" pos="19.99" speed="25.00" angle="164.24" x="4.68" y="87.48"/>
        <vehicle id="rlleft.3" eclass="HBEFA2/P_7_7" CO2="4274.99" CO="48.06" HC="0.99" NOx="8.65" PMx="0.36" fuel="1.70" electricity="0.00" noise="71.38" route="routeleft" type="rl" waiting="0.00" lane="left_0" pos="9.98" speed="25.00" angle="173.24" x="-0.06" y="107.17"/>
        <vehicle id="rlright.0" eclass="HBEFA2/P_7_7" CO2="4274.72" CO="48.06" HC="0.99" NOx="8.65" PMx="0.36" fuel="1.70" electricity="0.00" noise="71.38" route="routeright" type="rl" waiting="0.00" lane="right_0" pos="39.99" speed="25.00" angle="326.26" x="231.66" y="203.10"/>
        <vehicle id="rlright.1" eclass="HBEFA2/P_7_7" CO2="4274.72" CO="48.06" HC="0.99" NOx="8.65" PMx="0.36" fuel="1.70" electricity="0.00" noise="71.38" route="routeright" type="rl" waiting="0.00" lane="right_0" pos="68.20" speed="25.00" angle="300.88" x="189.10" y="240.51"/>
        <vehicle id="rlright.2" eclass="HBEFA2/P_7_7" CO2="4274.72" CO="48.06" HC="0.99" NOx="8.65" PMx="0.36" fuel="1.70" electricity="0.00" noise="71.38" route="routeright" type="rl" waiting="0.00" lane="right_0" pos="19.99" speed="25.00" angle="344.24" x="249.97" y="167.17"/>
        <vehicle id="rlright.3" eclass="HBEFA2/P_7_7" CO2="4274.99" CO="48.06" HC="0.99" NOx="8.65" PMx="0.36" fuel="1.70" electricity="0.00" noise="71.38" route="routeright" type="rl" waiting="0.00" lane="right_0" pos="9.98" speed="25.00" angle="353.24" x="254.71" y="147.48"/>
        <vehicle id="rltop.0" eclass="HBEFA2/P_7_7" CO2="4274.72" CO="48.06" HC="0.99" NOx="8.65" PMx="0.36" fuel="1.70" electricity="0.00" noise="71.38" route="routetop" type="rl" waiting="0.00" lane="top_0" pos="39.99" speed="25.00" angle="236.26" x="51.55" y="231.66"/>
        <vehicle id="rltop.1" eclass="HBEFA2/P_7_7" CO2="4274.72" CO="48.06" HC="0.99" NOx="8.65" PMx="0.36" fuel="1.70" electricity="0.00" noise="71.38" route="routetop" type="rl" waiting="0.00" lane="top_0" pos="68.20" speed="25.00" angle="210.89" x="14.13" y="189.10"/>
        <vehicle id="rltop.2" eclass="HBEFA2/P_7_7" CO2="4274.72" CO="48.06" HC="0.99" NOx="8.65" PMx="0.36" fuel="1.70" electricity="0.00" noise="71.38" route="routetop" type="rl" waiting="0.00" lane="top_0" pos="19.99" speed="25.00" angle="254.24" x="87.48" y="249.97"/>
        <vehicle id="rltop.3" eclass="HBEFA2/P_7_7" CO2="4274.99" CO="48.06" HC="0.99" NOx="8.65" PMx="0.36" fuel="1.70" electricity="0.00" noise="71.38" route="routetop" type="rl" waiting="0.00" lane="top_0" pos="9.98" speed="25.00" angle="263.24" x="107.17" y="254.71"/>
    </timestep>
    <timestep time="3.50">
        <vehicle id="rlbottom.0" eclass="HBEFA2/P_7_7" CO2="4274.31" CO="48.05" HC="0.99" NOx="8.65" PMx="0.36" fuel="1.70" electricity="0.00" noise="71.38" route="routebottom" type="rl" waiting="0.00" lane="bottom_0" pos="42.49" speed="25.00" angle="54.04" x="207.14" y="26.04"/>
        <vehicle id="rlbottom.1" eclass="HBEFA2/P_7_7" CO2="4274.31" CO="48.05" HC="0.99" NOx="8.65" PMx="0.36" fuel="1.70" electricity="0.00" noise="71.38" route="routebottom" type="rl" waiting="0.00" lane="bottom_0" pos="70.70" speed="25.00" angle="28.60" x="242.85" y="70.04"/>
        <vehicle id="rlbottom.2" eclass="HBEFA2/P_7_7" CO2="4274.31" CO="48.05" HC="0.99" NOx="8.65" PMx="0.36" fuel="1.70" electricity="0.00" noise="71.38" route="routebottom" type="rl" waiting="0.00" lane="bottom_0" pos="22.49" speed="25.00" angle="71.99" x="171.95" y="6.33"/>
        <vehicle id="rlbottom.3" eclass="HBEFA2/P_7_7" CO2="4274.31" CO="48.05" HC="0.99" NOx="8.65" PMx="0.36" fuel="1.70" electricity="0.00" noise="71.38" route="routebottom" type="rl" waiting="0.00" lane="bottom_0" pos="12.48" speed="25.00" angle="80.97" x="152.46" y="0.84"/>
        <vehicle id="rlleft.0" eclass="HBEFA2/P_7_7" CO2="4274.31" CO="48.05" HC="0.99" NOx="8.65" PMx="0.36" fuel="1.70" electricity="0.00" noise="71.38" route="routeleft" type="rl" waiting="0.00" lane="left_0" pos="42.49" speed="25.00" angle="144.04" x="26.04" y="47.51"/>
        <vehicle id="rlleft.1" eclass="HBEFA2/P_7_7" CO2="4274.31" CO="48.05" HC="0.99" NOx="8.65" PMx="0.36" fuel="1.70" electricity="0.00" noise="71.38" route="routeleft" type="rl" waiting="0.00" lane="left_0" pos="70.70" speed="25.00" angle="118.60" x="70.04" y="11.80"/>
        <vehicle id="rlleft.2" eclass="HBEFA2/P_7_7" CO2="4274.31" CO="48.05" HC="0.99" NOx="8.65" PMx="0.36" fuel="1.70" electricity="0.00" noise="71.38" route="routeleft" type="rl" waiting="0.00" lane="left_0" pos="22.49" speed="25.00" angle="161.99" x="6.33" y="82.70"/>
        <vehicle id="rlleft.3" eclass="HBEFA2/P_7_7" CO2="4274.31" CO="48.05" HC="0.99" NOx="8.65" PMx="0.36" fuel="1.70" electricity="0.00" noise="71.38" route="routeleft" type="rl" waiting="0.00" lane="left_0" pos="12.48" speed="25.00" angle="170.97" x="0.84" y="102.19"/>
        <vehicle id="rlright.0" eclass="HBEFA2/P_7_7" CO2="4274.31" CO="48.05" HC="0.99" NOx="8.65" PMx="0.36" fuel="1.70" electricity="0.00" noise="71.38" route="routeright" type="rl" waiting="0.00" lane="right_0" pos="42.49" speed="25.00" angle="324.02" x="228.61" y="207.14"/>
        <vehicle id="rlright.1" eclass="HBEFA2/P_7_7" CO2="4274.31" CO="48.05" HC="0.99" NOx="8.65" PMx="0.36" fuel="1.70" electricity="0.00" noise="71.38" route="routeright" type="rl" waiting="0.00" lane="right_0" pos="70.70" speed="25.00" angle="298.60" x="184.61" y="242.85"/>
        <vehicle id="rlright.2" eclass="HBEFA2/P_7_7" CO2="4274.31" CO="48.05" HC="0.99" NOx="8.65" PMx="0.36" fuel="1.70" electricity="0.00" noise="71.38" route="routeright" type="rl" waiting="0.00" lane="right_0" pos="22.49" speed="25.00" angle="341.99" x="248.32" y="171.95"/>
        <vehicle id="rlright.3" eclass="HBEFA2/P_7_7" CO2="4274.31" CO="48.05" HC="0.99" NOx="8.65" PMx="0.36" fuel="1.70" electricity="0.00" noise="71.38" route="routeright" type="rl" waiting="0.00" lane="right_0" pos="12.48" speed="25.00" angle="350.97" x="253.81" y="152.46"/>
        <vehicle id="rltop.0" eclass="HBEFA2/P_7_7" CO2="4274.31" CO="48.05" HC="0.99" NOx="8.65" PMx="0.36" fuel="1.70" electricity="0.00" noise="71.38" route="routetop" type="rl" waiting="0.00" lane="top_0" pos="42.49" speed="25.00" angle="234.02" x="47.51" y="228.61"/>
        <vehicle id="rltop.1" eclass="HBEFA2/P_7_7" CO2="4274.31" CO="48.05" HC="0.99" NOx="8.65" PMx="0.36" fuel="1.70" electricity="0.00" noise="71.38" route="routetop" type="rl" waiting="0.00" lane="top_0" pos="70.70" speed="25.00" angle="208.60" x="11.80" y="184.61"/>
        <vehicle id="rltop.2" eclass="HBEFA2/P_7_7" CO2="4274.31" CO="48.05" HC="0.99" NOx="8.65" PMx="0.36" fuel="1.70" electricity="0.00" noise="71.38" route="routetop" type="rl" waiting="0.00" lane="top_0" pos="22.49" speed="25.00" angle="251.99" x="82.70" y="248.32"/>
        <vehicle id="rltop.3" eclass="HBEFA2/P_7_7" CO2="4274.31" CO="48.05" HC="0.99" NOx="8.65" PMx="0.36" fuel="1.70" electricity="0.00" noise="71.38" route="routetop" type="rl" waiting="0.00" lane="top_0" pos="12.48" speed="25.00" angle="260.97" x="102.19" y="253.81"/>
    </timestep>
    <timestep time="3.60">
        <vehicle id="rlbottom.0" eclass="HBEFA2/P_7_7" CO2="4274.30" CO="48.05" HC="0.99" NOx="8.65" PMx="0.36" fuel="1.70" electricity="0.00" noise="71.38" route="routebottom" type="rl" waiting="0.00" lane="bottom_0" pos="44.99" speed="25.00" angle="51.73" x="211.05" y="29.25"/>
        <vehicle id="rlbottom.1" eclass="HBEFA2/P_7_7" CO2="4274.30" CO="48.05" HC="0.99" NOx="8.65" PMx="0.36" fuel="1.70" electricity="0.00" noise="71.38" route="routebottom" type="rl" waiting="0.00" lane="bottom_0" pos="73.20" speed="25.00" angle="26.35" x="245.01" y="74.62"/>
        <vehicle id="rlbottom.2" eclass="HBEFA2/P_7_7" CO2="4274.30" CO="48.05" HC="0.99" NOx="8.65" PMx="0.36" fuel="1.70" electricity="0.00" noise="71.38" route="routebottom" type="rl" waiting="0.00" lane="bottom_0" pos="24.99" speed="25.00" angle="69.75" x="176.66" y="8.18"/>
        <vehicle id="rlbottom.3" eclass="HBEFA2/P_7_7" CO2="4274.30" CO="48.05" HC="0.99" NOx="8.65" PMx="0.36" fuel="1.70" electricity="0.00" noise="71.38" route="routebottom" type="rl" waiting="0.00" lane="bottom_0" pos="14.98" speed="25.00" angle="78.73" x="157.40" y="1.92"/>
        <vehicle id="rlleft.0" eclass="HBEFA2/P_7_7" CO2="4274.30" CO="48.05" HC="0.99" NOx="8.65" PMx="0.36" fuel="1.70" electricity="0.00" noise="71.38" route="routeleft" type="rl" waiting="0.00" lane="left_0" pos="44.99" speed="25.00" angle="141.73" x="29.25" y="43.60"/>
        <vehicle id="rlleft.1" eclass="HBEFA2/P_7_7" CO2="4274.30" CO="48.05" HC="0.99" NOx="8.65" PMx="0.36" fuel="1.70" electricity="0.00" noise="71.38" route="routeleft" type="rl" waiting="0.00" lane="left_0" pos="73.20" speed="25.00" angle="116.35" x="74.61" y="9.64"/>
        <vehicle id="rlleft.2" eclass="HBEFA2/P_7_7" CO2="4274.30" CO="48.05" HC="0.99" NOx="8.65" PMx="0.36" fuel="1.70" electricity="0.00" noise="71.38" route="routeleft" type="rl" waiting="0.00" lane="left_0" pos="24.99" speed="25.00" angle="159.75" x="8.18" y="77.99"/>
        <vehicle id="rlleft.3" eclass="HBEFA2/P_7_7" CO2="4274.30" CO="48.05" HC="0.99" NOx="8.65" PMx="0.36" fuel="1.70" electricity="0.00" noise="71.38" route="routeleft" type="rl" waiting="0.00" lane="left_0" pos="14.98" speed="25.00" angle="168.73" x="1.92" y="97.25"/>
        <vehicle id="rlright.0" eclass="HBEFA2/P_7_7" CO2="4274.30" CO="48.05" HC="0.99" NOx="8.65" PMx="0.36" fuel="1.70" electricity="0.00" noise="71.38" route="routeright" type="rl" waiting="0.00" lane="right_0" pos="44.99" speed="25.00" angle="321.75" x="225.40" y="211.05"/>
        <vehicle id="rlright.1" eclass="HBEFA2/P_7_7" CO2="4274.30" CO="48.05" HC="0.99" NOx="8.65" PMx="0.36" fuel="1.70" electricity="0.00" noise="71.38" route="routeright" type="rl" waiting="0.00" lane="right_0" pos="73.20" speed="25.00" angle="296.35" x="180.03" y="245.01"/>
        <vehicle id="rlright.2" eclass="HBEFA2/P_7_7" CO2="4274.30" CO="48.05" HC="0.99" NOx="8.65" PMx="0.36" fuel="1.70" electricity="0.00" noise="71.38" route="routeright" type="rl" waiting="0.00" lane="right_0" pos="24.99" speed="25.00" angle="339.75" x="246.47" y="176.66"/>
        <vehicle id="rlright.3" eclass="HBEFA2/P_7_7" CO2="4274.30" CO="48.05" HC="0.99" NOx="8.65" PMx="0.36" fuel="1.70" electricity="0.00" noise="71.38" route="routeright" type="rl" waiting="0.00" lane="right_0" pos="14.98" speed="25.00" angle="348.73" x="252.73" y="157.40"/>
        <vehicle id="rltop.0" eclass="HBEFA2/P_7_7" CO2="4274.30" CO="48.05" HC="0.99" NOx="8.65" PMx="0.36" fuel="1.70" electricity="0.00" noise="71.38" route="routetop" type="rl" waiting="0.00" lane="top_0" pos="44.99" speed="25.00" angle="231.75" x="43.60" y="225.40"/>
        <vehicle id="rltop.1" eclass="HBEFA2/P_7_7" CO2="4274.30" CO="48.05" HC="0.99" NOx="8.65" PMx="0.36" fuel="1.70" electricity="0.00" noise="71.38" route="routetop" type="rl" waiting="0.00" lane="top_0" pos="73.20" speed="25.00" angle="206.35" x="9.64" y="180.03"/>
        <vehicle id="rltop.2" eclass="HBEFA2/P_7_7" CO2="4274.30" CO="48.05" HC="0.99" NOx="8.65" PMx="0.36" fuel="1.70" electricity="0.00" noise="71.38" route="routetop" type="rl" waiting="0.00" lane="top_0" pos="24.99" speed="25.00" angle="249.75" x="77.99" y="246.47"/>
        <vehicle id="rltop.3" eclass="HBEFA2/P_7_7" CO2="4274.30" CO="48.05" HC="0.99" NOx="8.65" PMx="0.36" fuel="1.70" electricity="0.00" noise="71.38" route="routetop" type="rl" waiting="0.00" lane="top_0" pos="14.98" speed="25.00" angle="258.73" x="97.24" y="252.73"/>
    </timestep>
    <timestep time="3.70">
        <vehicle id="rlbottom.0" eclass="HBEFA2/P_7_7" CO2="4274.30" CO="48.05" HC="0.99" NOx="8.65" PMx="0.36" fuel="1.70" electricity="0.00" noise="71.38" route="routebottom" type="rl" waiting="0.00" lane="bottom_0" pos="47.49" speed="25.00" angle="49.49" x="214.84" y="32.61"/>
        <vehicle id="rlbottom.1" eclass="HBEFA2/P_7_7" CO2="4274.30" CO="48.05" HC="0.99" NOx="8.65" PMx="0.36" fuel="1.70" electricity="0.00" noise="71.38" route="routebottom" type="rl" waiting="0.00" lane="bottom_0" pos="75.70" speed="25.00" angle="24.16" x="246.99" y="79.27"/>
        <vehicle id="rlbottom.2" eclass="HBEFA2/P_7_7" CO2="4274.30" CO="48.05" HC="0.99" NOx="8.65" PMx="0.36" fuel="1.70" electricity="0.00" noise="71.38" route="routebottom" type="rl" waiting="0.00" lane="bottom_0" pos="27.48" speed="25.00" angle="67.49" x="181.30" y="10.21"/>
        <vehicle id="rlbottom.3" eclass="HBEFA2/P_7_7" CO2="4274.30" CO="48.05" HC="0.99" NOx="8.65" PMx="0.36" fuel="1.70" electricity="0.00" noise="71.38" route="routebottom" type="rl" waiting="0.00" lane="bottom_0" pos="17.48" speed="25.00" angle="76.50" x="162.30" y="3.20"/>
        <vehicle id="rlleft.0" eclass="HBEFA2/P_7_7" CO2="4274.30" CO="48.05" HC="0.99" NOx="8.65" PMx="0.36" fuel="1.70" electricity="0.00" noise="71.38" route="routeleft" type="rl" waiting="0.00" lane="left_0" pos="47.49" speed="25.00" angle="139.49" x="32.61" y="39.81"/>
        <vehicle id="rlleft.1" eclass="HBEFA2/P_7_7" CO2="4274.30" CO="48.05" HC="0.99" NOx="8.65" PMx="0.36" fuel="1.70" electricity="0.00" noise="71.38" route="routeleft" type="rl" waiting="0.00" lane="left_0" pos="75.70" speed="25.00" angle="114.13" x="79.27" y="7.66"/>
        <vehicle id="rlleft.2" eclass="HBEFA2/P_7_7" CO2="4274.30" CO="48.05" HC="0.99" NOx="8.65" PMx="0.36" fuel="1.70" electricity="0.00" noise="71.38" route="routeleft" type="rl" waiting="0.00" lane="left_0" pos="27.48" speed="25.00" angle="157.49" x="10.21" y="73.35"/>
        <vehicle id="rlleft.3" eclass="HBEFA2/P_7_7" CO2="4274.30" CO="48.05" HC="0.99" NOx="8.65" PMx="0.36" fuel="1.70" electricity="0.00" noise="71.38" route="routeleft" type="rl" waiting="0.00" lane="left_0" pos="17.48" speed="25.00" angle="166.50" x="3.20" y="92.35"/>
        <vehicle id="rlright.0" eclass="HBEFA2/P_7_7" CO2="4274.30" CO="48.05" HC="0.99" NOx="8.65" PMx="0.36" fuel="1.70" electricity="0.00" noise="71.38" route="routeright" type="rl" waiting="0.00" lane="right_0" pos="47.49" speed="25.00" angle="319.48" x="222.03" y="214.83"/>
        <vehicle id="rlright.1" eclass="HBEFA2/P_7_7" CO2="4274.30" CO="48.05" HC="0.99" NOx="8.65" PMx="0.36" fuel="1.70" electricity="0.00" noise="71.38" route="routeright" type="rl" waiting="0.00" lane="right_0" pos="75.70" speed="25.00" angle="294.16" x="175.38" y="246.99"/>
        <vehicle id="rlright.2" eclass="HBEFA2/P_7_7" CO2="4274.30" CO="48.05" HC="0.99" NOx="8.65" PMx="0.36" fuel="1.70" electricity="0.00" noise="71.38" route="routeright" type="rl" waiting="0.00" lane="right_0" pos="27.48" speed="25.00" angle="337.45" x="244.43" y="181.30"/>
        <vehicle id="rlright.3" eclass="HBEFA2/P_7_7" CO2="4274.30" CO="48.05" HC="0.99" NOx="8.65" PMx="0.36" fuel="1.70" electricity="0.00" noise="71.38" route="routeright" type="rl" waiting="0.00" lane="right_0" pos="17.48" speed="25.00" angle="346.50" x="251.45" y="162.30"/>
        <vehicle id="rltop.0" eclass="HBEFA2/P_7_7" CO2="4274.30" CO="48.05" HC="0.99" NOx="8.65" PMx="0.36" fuel="1.70" electricity="0.00" noise="71.38" route="routetop" type="rl" waiting="0.00" lane="top_0" pos="47.49" speed="25.00" angle="229.48" x="39.82" y="222.03"/>
        <vehicle id="rltop.1" eclass="HBEFA2/P_7_7" CO2="4274.30" CO="48.05" HC="0.99" NOx="8.65" PMx="0.36" fuel="1.70" electricity="0.00" noise="71.38" route="routetop" type="rl" waiting="0.00" lane="top_0" pos="75.70" speed="25.00" angle="204.13" x="7.66" y="175.38"/>
        <vehicle id="rltop.2" eclass="HBEFA2/P_7_7" CO2="4274.30" CO="48.05" HC="0.99" NOx="8.65" PMx="0.36" fuel="1.70" electricity="0.00" noise="71.38" route="routetop" type="rl" waiting="0.00" lane="top_0" pos="27.48" speed="25.00" angle="247.45" x="73.35" y="244.43"/>
        <vehicle id="rltop.3" eclass="HBEFA2/P_7_7" CO2="4274.30" CO="48.05" HC="0.99" NOx="8.65" PMx="0.36" fuel="1.70" electricity="0.00" noise="71.38" route="routetop" type="rl" waiting="0.00" lane="top_0" pos="17.48" speed="25.00" angle="256.50" x="92.35" y="251.45"/>
    </timestep>
    <timestep time="3.80">
        <vehicle id="rlbottom.0" eclass="HBEFA2/P_7_7" CO2="4274.30" CO="48.05" HC="0.99" NOx="8.65" PMx="0.36" fuel="1.70" electricity="0.00" noise="71.38" route="routebottom" type="rl" waiting="0.00" lane="bottom_0" pos="49.99" speed="25.00" angle="47.28" x="218.49" y="36.12"/>
        <vehicle id="rlbottom.1" eclass="HBEFA2/P_7_7" CO2="4274.30" CO="48.05" HC="0.99" NOx="8.65" PMx="0.36" fuel="1.70" electricity="0.00" noise="71.38" route="routebottom" type="rl" waiting="0.00" lane="bottom_0" pos="78.20" speed="25.00" angle="21.90" x="248.78" y="84.01"/>
        <vehicle id="rlbottom.2" eclass="HBEFA2/P_7_7" CO2="4274.30" CO="48.05" HC="0.99" NOx="8.65" PMx="0.36" fuel="1.70" electricity="0.00" noise="71.38" route="routebottom" type="rl" waiting="0.00" lane="bottom_0" pos="29.98" speed="25.00" angle="65.24" x="185.85" y="12.42"/>
        <vehicle id="rlbottom.3" eclass="HBEFA2/P_7_7" CO2="4274.30" CO="48.05" HC="0.99" NOx="8.65" PMx="0.36" fuel="1.70" electricity="0.00" noise="71.38" route="routebottom" type="rl" waiting="0.00" lane="bottom_0" pos="19.98" speed="25.00" angle="74.25" x="167.15" y="4.67"/>
        <vehicle id="rlleft.0" eclass="HBEFA2/P_7_7" CO2="4274.30" CO="48.05" HC="0.99" NOx="8.65" PMx="0.36" fuel="1.70" electricity="0.00" noise="71.38" route="routeleft" type="rl" waiting="0.00" lane="left_0" pos="49.99" speed="25.00" angle="137.30" x="36.12" y="36.16"/>
        <vehicle id="rlleft.1" eclass="HBEFA2/P_7_7" CO2="4274.30" CO="48.05" HC="0.99" NOx="8.65" PMx="0.36" fuel="1.70" electricity="0.00" noise="71.38" route="routeleft" type="rl" waiting="0.00" lane="left_0" pos="78.20" speed="25.00" angle="111.87" x="84.01" y="5.87"/>
        <vehicle id="rlleft.2" eclass="HBEFA2/P_7_7" CO2="4274.30" CO="48.05" HC="0.99" NOx="8.65" PMx="0.36" fuel="1.70" electricity="0.00" noise="71.38" route="routeleft" type="rl" waiting="0.00" lane="left_0" pos="29.98" speed="25.00" angle="155.24" x="12.42" y="68.80"/>
        <vehicle id="rlleft.3" eclass="HBEFA2/P_7_7" CO2="4274.30" CO="48.05" HC="0.99" NOx="8.65" PMx="0.36" fuel="1.70" electricity="0.00" noise="71.38" route="routeleft" type="rl" waiting="0.00" lane="left_0" pos="19.98" speed="25.00" angle="164.25" x="4.67" y="87.50"/>
        <vehicle id="rlright.0" eclass="HBEFA2/P_7_7" CO2="4274.30" CO="48.05" HC="0.99" NOx="8.65" PMx="0.36" fuel="1.70" electricity="0.00" noise="71.38" route="routeright" type="rl" waiting="0.00" lane="right_0" pos="49.99" speed="25.00" angle="317.26" x="218.53" y="218.48"/>
        <vehicle id="rlright.1" eclass="HBEFA2/P_7_7" CO2="4274.30" CO="48.05" HC="0.99" NOx="8.65" PMx="0.36" fuel="1.70" electricity="0.00" noise="71.38" route="routeright" type="rl" waiting="0.00" lane="right_0" pos="78.20" speed="25.00" angle="291.90" x="170.64" y="248.78"/>
        <vehicle id="rlright.2" eclass="HBEFA2/P_7_7" CO2="4274.30" CO="48.05" HC="0.99" NOx="8.65" PMx="0.36" fuel="1.70" electricity="0.00" noise="71.38" route="routeright" type="rl" waiting="0.00" lane="right_0" pos="29.98" speed="25.00" angle="335.23" x="242.23" y="185.85"/>
        <vehicle id="rlright.3" eclass="HBEFA2/P_7_7" CO2="4274.30" CO="48.05" HC="0.99" NOx="8.65" PMx="0.36" fuel="1.70" electricity="0.00" noise="71.38" route="routeright" type="rl" waiting="0.00" lane="right_0" pos="19.98" speed="25.00" angle="344.25" x="249.98" y="167.15"/>
        <vehicle id="rltop.0" eclass="HBEFA2/P_7_7" CO2="4274.30" CO="48.05" HC="0.99" NOx="8.65" PMx="0.36" fuel="1.70" electricity="0.00" noise="71.38" route="routetop" type="rl" waiting="0.00" lane="top_0" pos="49.99" speed="25.00" angle="227.28" x="36.16" y="218.53"/>
        <vehicle id="rltop.1" eclass="HBEFA2/P_7_7" CO2="4274.30" CO="48.05" HC="0.99" NOx="8.65" PMx="0.36" fuel="1.70" electricity="0.00" noise="71.38" route="routetop" type="rl" waiting="0.00" lane="top_0" pos="78.20" speed="25.00" angle="201.87" x="5.87" y="170.64"/>
        <vehicle id="rltop.2" eclass="HBEFA2/P_7_7" CO2="4274.30" CO="48.05" HC="0.99" NOx="8.65" PMx="0.36" fuel="1.70" electricity="0.00" noise="71.38" route="routetop" type="rl" waiting="0.00" lane="top_0" pos="29.98" speed="25.00" angle="245.23" x="68.80" y="242.23"/>
        <vehicle id="rltop.3" eclass="HBEFA2/P_7_7" CO2="4274.30" CO="48.05" HC="0.99" NOx="8.65" PMx="0.36" fuel="1.70" electricity="0.00" noise="71.38" route="routetop" type="rl" waiting="0.00" lane="top_0" pos="19.98" speed="25.00" angle="254.25" x="87.50" y="249.98"/>
    </timestep>
    <timestep time="3.90">
        <vehicle id="rlbottom.0" eclass="HBEFA2/P_7_7" CO2="4274.30" CO="48.05" HC="0.99" NOx="8.65" PMx="0.36" fuel="1.70" electricity="0.00" noise="71.38" route="routebottom" type="rl" waiting="0.00" lane="bottom_0" pos="52.49" speed="25.00" angle="44.99" x="221.99" y="39.77"/>
        <vehicle id="rlbottom.1" eclass="HBEFA2/P_7_7" CO2="4274.30" CO="48.05" HC="0.99" NOx="8.65" PMx="0.36" fuel="1.70" electricity="0.00" noise="71.38" route="routebottom" type="rl" waiting="0.00" lane="bottom_0" pos="80.70" speed="25.00" angle="19.62" x="250.39" y="88.81"/>
        <vehicle id="rlbottom.2" eclass="HBEFA2/P_7_7" CO2="4274.30" CO="48.05" HC="0.99" NOx="8.65" PMx="0.36" fuel="1.70" electricity="0.00" noise="71.38" route="routebottom" type="rl" waiting="0.00" lane="bottom_0" pos="32.48" speed="25.00" angle="63.02" x="190.32" y="14.80"/>
        <vehicle id="rlbottom.3" eclass="HBEFA2/P_7_7" CO2="4274.30" CO="48.05" HC="0.99" NOx="8.65" PMx="0.36" fuel="1.70" electricity="0.00" noise="71.38" route="routebottom" type="rl" waiting="0.00" lane="bottom_0" pos="22.48" speed="25.00" angle="72.00" x="171.93" y="6.33"/>
        <vehicle id="rlleft.0" eclass="HBEFA2/P_7_7" CO2="4274.30" CO="48.05" HC="0.99" NOx="8.65" PMx="0.36" fuel="1.70" electricity="0.00" noise="71.38" route="routeleft" type="rl" waiting="0.00" lane="left_0" pos="52.49" speed="25.00" angle="135.01" x="39.77" y="32.66"/>
        <vehicle id="rlleft.1" eclass="HBEFA2/P_7_7" CO2="4274.30" CO="48.05" HC="0.99" NOx="8.65" PMx="0.36" fuel="1.70" electricity="0.00" noise="71.38" route="routeleft" type="rl" waiting="0.00" lane="left_0" pos="80.70" speed="25.00" angle="109.62" x="88.81" y="4.26"/>
        <vehicle id="rlleft.2" eclass="HBEFA2/P_7_7" CO2="4274.30" CO="48.05" HC="0.99" NOx="8.65" PMx="0.36" fuel="1.70" electricity="0.00" noise="71.38" route="routeleft" type="rl" waiting="0.00" lane="left_0" pos="32.48" speed="25.00" angle="153.02" x="14.80" y="64.33"/>
        <vehicle id="rlleft.3" eclass="HBEFA2/P_7_7" CO2="4274.30" CO="48.05" HC="0.99" NOx="8.65" PMx="0.36" fuel="1.70" electricity="0.00" noise="71.38" route="routeleft" type="rl" waiting="0.00" lane="left_0" pos="22.48" speed="25.00" angle="162.00" x="6.33" y="82.72"/>
        <vehicle id="rlright.0" eclass="HBEFA2/P_7_7" CO2="4274.30" CO="48.05" HC="0.99" NOx="8.65" PMx="0.36" fuel="1.70" electricity="0.00" noise="71.38" route="routeright" type="rl" waiting="0.00" lane="right_0" pos="52.49" speed="25.00" angle="315.01" x="214.88" y="221.99"/>
        <vehicle id="rlright.1" eclass="HBEFA2/P_7_7" CO2="4274.30" CO="48.05" HC="0.99" NOx="8.65" PMx="0.36" fuel="1.70" electricity="0.00" noise="71.38" route="routeright" type="rl" waiting="0.00" lane="right_0" pos="80.70" speed="25.00" angle="289.62" x="165.84" y="250.39"/>
        <vehicle id="rlright.2" eclass="HBEFA2/P_7_7" CO2="4274.30" CO="48.05" HC="0.99" NOx="8.65" PMx="0.36" fuel="1.70" electricity="0.00" noise="71.38" route="routeright" type="rl" waiting="0.00" lane="right_0" pos="32.48" speed="25.00" angle="333.03" x="239.84" y="190.32"/>
        <vehicle id="rlright.3" eclass="HBEFA2/P_7_7" CO2="4274.30" CO="48.05" HC="0.99" NOx="8.65" PMx="0.36" fuel="1.70" electricity="0.00" noise="71.38" route="routeright" type="rl" waiting="0.00" lane="right_0" pos="22.48" speed="25.00" angle="342.00" x="248.32" y="171.93"/>
        <vehicle id="rltop.0" eclass="HBEFA2/P_7_7" CO2="4274.30" CO="48.05" HC="0.99" NOx="8.65" PMx="0.36" fuel="1.70" electricity="0.00" noise="71.38" route="routetop" type="rl" waiting="0.00" lane="top_0" pos="52.49" speed="25.00" angle="225.04" x="32.66" y="214.88"/>
        <vehicle id="rltop.1" eclass="HBEFA2/P_7_7" CO2="4274.30" CO="48.05" HC="0.99" NOx="8.65" PMx="0.36" fuel="1.70" electricity="0.00" noise="71.38" route="routetop" type="rl" waiting="0.00" lane="top_0" pos="80.70" speed="25.00" angle="199.62" x="4.26" y="165.84"/>
        <vehicle id="rltop.2" eclass="HBEFA2/P_7_7" CO2="4274.30" CO="48.05" HC="0.99" NOx="8.65" PMx="0.36" fuel="1.70" electricity="0.00" noise="71.38" route="routetop" type="rl" waiting="0.00" lane="top_0" pos="32.48" speed="25.00" angle="243.03" x="64.33" y="239.84"/>
        <vehicle id="rltop.3" eclass="HBEFA2/P_7_7" CO2="4274.30" CO="48.05" HC="0.99" NOx="8.65" PMx="0.36" fuel="1.70" electricity="0.00" noise="71.38" route="routetop" type="rl" waiting="0.00" lane="top_0" pos="22.48" speed="25.00" angle="252.00" x="82.72" y="248.32"/>
    </timestep>
    <timestep time="4.00">
        <vehicle id="rlbottom.0" eclass="HBEFA2/P_7_7" CO2="4274.30" CO="48.05" HC="0.99" NOx="8.65" PMx="0.36" fuel="1.70" electricity="0.00" noise="71.38" route="routebottom" type="rl" waiting="0.00" lane="bottom_0" pos="54.99" speed="25.00" angle="42.75" x="225.36" y="43.55"/>
        <vehicle id="rlbottom.1" eclass="HBEFA2/P_7_7" CO2="4274.30" CO="48.05" HC="0.99" NOx="8.65" PMx="0.36" fuel="1.70" electricity="0.00" noise="71.38" route="routebottom" type="rl" waiting="0.00" lane="bottom_0" pos="83.20" speed="25.00" angle="17.38" x="251.80" y="93.67"/>
        <vehicle id="rlbottom.2" eclass="HBEFA2/P_7_7" CO2="4274.30" CO="48.05" HC="0.99" NOx="8.65" PMx="0.36" fuel="1.70" electricity="0.00" noise="71.38" route="routebottom" type="rl" waiting="0.00" lane="bottom_0" pos="34.98" speed="25.00" angle="60.75" x="194.69" y="17.36"/>
        <vehicle id="rlbottom.3" eclass="HBEFA2/P_7_7" CO2="4274.30" CO="48.05" HC="0.99" NOx="8.65" PMx="0.36" fuel="1.70" electricity="0.00" noise="71.38" route="routebottom" type="rl" waiting="0.00" lane="bottom_0" pos="24.98" speed="25.00" angle="69.76" x="176.64" y="8.17"/>
        <vehicle id="rlleft.0" eclass="HBEFA2/P_7_7" CO2="4274.30" CO="48.05" HC="0.99" NOx="8.65" PMx="0.36" fuel="1.70" electricity="0.00" noise="71.38" route="routeleft" type="rl" waiting="0.00" lane="left_0" pos="54.99" speed="25.00" angle="132.73" x="43.55" y="29.29"/>
        <vehicle id="rlleft.1" eclass="HBEFA2/P_7_7" CO2="4274.30" CO="48.05" HC="0.99" NOx="8.65" PMx="0.36" fuel="1.70" electricity="0.00" noise="71.38" route="routeleft" type="rl" waiting="0.00" lane="left_0" pos="83.20" speed="25.00" angle="107.38" x="93.67" y="2.85"/>
        <vehicle id="rlleft.2" eclass="HBEFA2/P_7_7" CO2="4274.30" CO="48.05" HC="0.99" NOx="8.65" PMx="0.36" fuel="1.70" electricity="0.00" noise="71.38" route="routeleft" type="rl" waiting="0.00" lane="left_0" pos="34.98" speed="25.00" angle="150.75" x="17.36" y="59.96"/>
        <vehicle id="rlleft.3" eclass="HBEFA2/P_7_7" CO2="4274.30" CO="48.05" HC="0.99" NOx="8.65" PMx="0.36" fuel="1.70" electricity="0.00" noise="71.38" route="routeleft" type="rl" waiting="0.00" lane="left_0" pos="24.98" speed="25.00" angle="159.76" x="8.17" y="78.01"/>
        <vehicle id="rlright.0" eclass="HBEFA2/P_7_7" CO2="4274.30" CO="48.05" HC="0.99" NOx="8.65" PMx="0.36" fuel="1.70" electricity="0.00" noise="71.38" route="routeright" type="rl" waiting="0.00" lane="right_0" pos="54.99" speed="25.00" angle="312.77" x="211.10" y="225.36"/>
        <vehicle id="rlright.1" eclass="HBEFA2/P_7_7" CO2="4274.30" CO="48.05" HC="0.99" NOx="8.65" PMx="0.36" fuel="1.70" electricity="0.00" noise="71.38" route="routeright" type="rl" waiting="0.00" lane="right_0" pos="83.20" speed="25.00" angle="287.38" x="160.98" y="251.80"/>
        <vehicle id="rlright.2" eclass="HBEFA2/P_7_7" CO2="4274.30" CO="48.05" HC="0.99" NOx="8.65" PMx="0.36" fuel="1.70" electricity="0.00" noise="71.38" route="routeright" type="rl" waiting="0.00" lane="right_0" pos="34.98" speed="25.00" angle="330.75" x="237.28" y="194.68"/>
        <vehicle id="rlright.3" eclass="HBEFA2/P_7_7" CO2="4274.30" CO="48.05" HC="0.99" NOx="8.65" PMx="0.36" fuel="1.70" electricity="0.00" noise="71.38" route="routeright" type="rl" waiting="0.00" lane="right_0" pos="24.98" speed="25.00" angle="339.76" x="246.48" y="176.64"/>
        <vehicle id="rltop.0" eclass="HBEFA2/P_7_7" CO2="4274.30" CO="48.05" HC="0.99" NOx="8.65" PMx="0.36" fuel="1.70" electricity="0.00" noise="71.38" route="routetop" type="rl" waiting="0.00" lane="top_0" pos="54.99" speed="25.00" angle="222.75" x="29.29" y="211.10"/>
        <vehicle id="rltop.1" eclass="HBEFA2/P_7_7" CO2="4274.30" CO="48.05" HC="0.99" NOx="8.65" PMx="0.36" fuel="1.70" electricity="0.00" noise="71.38" route="routetop" type="rl" waiting="0.00" lane="top_0" pos="83.20" speed="25.00" angle="197.38" x="2.85" y="160.98"/>
        <vehicle id="rltop.2" eclass="HBEFA2/P_7_7" CO2="4274.30" CO="48.05" HC="0.99" NOx="8.65" PMx="0.36" fuel="1.70" electricity="0.00" noise="71.38" route="routetop" type="rl" waiting="0.00" lane="top_0" pos="34.98" speed="25.00" angle="240.75" x="59.97" y="237.28"/>
        <vehicle id="rltop.3" eclass="HBEFA2/P_7_7" CO2="4274.30" CO="48.05" HC="0.99" NOx="8.65" PMx="0.36" fuel="1.70" electricity="0.00" noise="71.38" route="routetop" type="rl" waiting="0.00" lane="top_0" pos="24.98" speed="25.00" angle="249.76" x="78.01" y="246.48"/>
    </timestep>
    <timestep time="4.10">
        <vehicle id="rlbottom.0" eclass="HBEFA2/P_7_7" CO2="0.00" CO="0.00" HC="0.00" NOx="0.00" PMx="0.00" fuel="0.00" electricity="0.00" noise="62.46" route="routebottom" type="rl" waiting="0.00" lane="bottom_0" pos="56.49" speed="15.10" angle="41.46" x="227.33" y="45.88"/>
        <vehicle id="rlbottom.1" eclass="HBEFA2/P_7_7" CO2="0.00" CO="0.00" HC="0.00" NOx="0.00" PMx="0.00" fuel="0.00" electricity="0.00" noise="62.46" route="routebottom" type="rl" waiting="0.00" lane="bottom_0" pos="84.71" speed="15.10" angle="16.04" x="252.59" y="96.62"/>
        <vehicle id="rlbottom.2" eclass="HBEFA2/P_7_7" CO2="0.00" CO="0.00" HC="0.00" NOx="0.00" PMx="0.00" fuel="0.00" electricity="0.00" noise="62.46" route="routebottom" type="rl" waiting="0.00" lane="bottom_0" pos="36.49" speed="15.10" angle="59.39" x="197.27" y="18.99"/>
        <vehicle id="rlbottom.3" eclass="HBEFA2/P_7_7" CO2="0.00" CO="0.00" HC="0.00" NOx="0.00" PMx="0.00" fuel="0.00" electricity="0.00" noise="62.46" route="routebottom" type="rl" waiting="0.00" lane="bottom_0" pos="26.48" speed="15.10" angle="68.42" x="179.45" y="9.38"/>
        <vehicle id="rlleft.0" eclass="HBEFA2/P_7_7" CO2="0.00" CO="0.00" HC="0.00" NOx="0.00" PMx="0.00" fuel="0.00" electricity="0.00" noise="62.46" route="routeleft" type="rl" waiting="0.00" lane="left_0" pos="56.49" speed="15.10" angle="131.42" x="45.88" y="27.31"/>
        <vehicle id="rlleft.1" eclass="HBEFA2/P_7_7" CO2="0.00" CO="0.00" HC="0.00" NOx="0.00" PMx="0.00" fuel="0.00" electricity="0.00" noise="62.46" route="routeleft" type="rl" waiting="0.00" lane="left_0" pos="84.71" speed="15.10" angle="106.04" x="96.62" y="2.06"/>
        <vehicle id="rlleft.2" eclass="HBEFA2/P_7_7" CO2="0.00" CO="0.00" HC="0.00" NOx="0.00" PMx="0.00" fuel="0.00" electricity="0.00" noise="62.46" route="routeleft" type="rl" waiting="0.00" lane="left_0" pos="36.49" speed="15.10" angle="149.39" x="18.99" y="57.38"/>
        <vehicle id="rlleft.3" eclass="HBEFA2/P_7_7" CO2="0.00" CO="0.00" HC="0.00" NOx="0.00" PMx="0.00" fuel="0.00" electricity="0.00" noise="62.46" route="routeleft" type="rl" waiting="0.00" lane="left_0" pos="26.48" speed="15.10" angle="158.42" x="9.38" y="75.20"/>
        <vehicle id="rlright.0" eclass="HBEFA2/P_7_7" CO2="0.00" CO="0.00" HC="0.00" NOx="0.00" PMx="0.00" fuel="0.00" electricity="0.00" noise="62.46" route="routeright" type="rl" waiting="0.00" lane="right_0" pos="56.49" speed="15.10" angle="311.46" x="208.77" y="227.34"/>
        <vehicle id="rlright.1" eclass="HBEFA2/P_7_7" CO2="0.00" CO="0.00" HC="0.00" NOx="0.00" PMx="0.00" fuel="0.00" electricity="0.00" noise="62.46" route="routeright" type="rl" waiting="0.00" lane="right_0" pos="84.71" speed="15.10" angle="286.04" x="158.03" y="252.59"/>
        <vehicle id="rlright.2" eclass="HBEFA2/P_7_7" CO2="0.00" CO="0.00" HC="0.00" NOx="0.00" PMx="0.00" fuel="0.00" electricity="0.00" noise="62.46" route="routeright" type="rl" waiting="0.00" lane="right_0" pos="36.49" speed="15.10" angle="329.40" x="235.66" y="197.27"/>
        <vehicle id="rlright.3" eclass="HBEFA2/P_7_7" CO2="0.00" CO="0.00" HC="0.00" NOx="0.00" PMx="0.00" fuel="0.00" electricity="0.00" noise="62.46" route="routeright" type="rl" waiting="0.00" lane="right_0" pos="26.48" speed="15.10" angle="338.40" x="245.27" y="179.45"/>
        <vehicle id="rltop.0" eclass="HBEFA2/P_7_7" CO2="0.00" CO="0.00" HC="0.00" NOx="0.00" PMx="0.00" fuel="0.00" electricity="0.00" noise="62.46" route="routetop" type="rl" waiting="0.00" lane="top_0" pos="56.49" speed="15.10" angle="221.42" x="27.31" y="208.76"/>
        <vehicle id="rltop.1" eclass="HBEFA2/P_7_7" CO2="0.00" CO="0.00" HC="0.00" NOx="0.00" PMx="0.00" fuel="0.00" electricity="0.00" noise="62.46" route="routetop" type="rl" waiting="0.00" lane="top_0" pos="84.71" speed="15.10" angle="196.04" x="2.06" y="158.03"/>
        <vehicle id="rltop.2" eclass="HBEFA2/P_7_7" CO2="0.00" CO="0.00" HC="0.00" NOx="0.00" PMx="0.00" fuel="0.00" electricity="0.00" noise="62.46" route="routetop" type="rl" waiting="0.00" lane="top_0" pos="36.49" speed="15.10" angle="239.40" x="57.37" y="235.66"/>
        <vehicle id="rltop.3" eclass="HBEFA2/P_7_7" CO2="0.00" CO="0.00" HC="0.00" NOx="0.00" PMx="0.00" fuel="0.00" electricity="0.00" noise="62.46" route="routetop" type="rl" waiting="0.00" lane="top_0" pos="26.48" speed="15.10" angle="248.40" x="75.20" y="245.27"/>
    </timestep>
    <timestep time="4.20">
        <vehicle id="rlbottom.0" eclass="HBEFA2/P_7_7" CO2="0.00" CO="0.00" HC="0.00" NOx="0.00" PMx="0.00" fuel="0.00" electricity="0.00" noise="63.71" route="routebottom" type="rl" waiting="0.00" lane="bottom_0" pos="57.99" speed="15.00" angle="40.07" x="229.21" y="48.28"/>
        <vehicle id="rlbottom.1" eclass="HBEFA2/P_7_7" CO2="0.00" CO="0.00" HC="0.00" NOx="0.00" PMx="0.00" fuel="0.00" electricity="0.00" noise="63.71" route="routebottom" type="rl" waiting="0.00" lane="bottom_0" pos="86.21" speed="15.00" angle="14.66" x="253.25" y="99.59"/>
        <vehicle id="rlbottom.2" eclass="HBEFA2/P_7_7" CO2="0.00" CO="0.00" HC="0.00" NOx="0.00" PMx="0.00" fuel="0.00" electricity="0.00" noise="63.71" route="routebottom" type="rl" waiting="0.00" lane="bottom_0" pos="37.99" speed="15.00" angle="57.99" x="199.81" y="20.66"/>
        <vehicle id="rlbottom.3" eclass="HBEFA2/P_7_7" CO2="0.00" CO="0.00" HC="0.00" NOx="0.00" PMx="0.00" fuel="0.00" electricity="0.00" noise="63.71" route="routebottom" type="rl" waiting="0.00" lane="bottom_0" pos="27.98" speed="15.00" angle="67.02" x="182.22" y="10.63"/>
        <vehicle id="rlleft.0" eclass="HBEFA2/P_7_7" CO2="0.00" CO="0.00" HC="0.00" NOx="0.00" PMx="0.00" fuel="0.00" electricity="0.00" noise="63.71" route="routeleft" type="rl" waiting="0.00" lane="left_0" pos="57.99" speed="15.00" angle="130.09" x="48.27" y="25.44"/>
        <vehicle id="rlleft.1" eclass="HBEFA2/P_7_7" CO2="0.00" CO="0.00" HC="0.00" NOx="0.00" PMx="0.00" fuel="0.00" electricity="0.00" noise="63.71" route="routeleft" type="rl" waiting="0.00" lane="left_0" pos="86.21" speed="15.00" angle="104.66" x="99.59" y="1.40"/>
        <vehicle id="rlleft.2" eclass="HBEFA2/P_7_7" CO2="0.00" CO="0.00" HC="0.00" NOx="0.00" PMx="0.00" fuel="0.00" electricity="0.00" noise="63.71" route="routeleft" type="rl" waiting="0.00" lane="left_0" pos="37.99" speed="15.00" angle="147.99" x="20.66" y="54.84"/>
        <vehicle id="rlleft.3" eclass="HBEFA2/P_7_7" CO2="0.00" CO="0.00" HC="0.00" NOx="0.00" PMx="0.00" fuel="0.00" electricity="0.00" noise="63.71" route="routeleft" type="rl" waiting="0.00" lane="left_0" pos="27.98" speed="15.00" angle="157.02" x="10.63" y="72.43"/>
        <vehicle id="rlright.0" eclass="HBEFA2/P_7_7" CO2="0.00" CO="0.00" HC="0.00" NOx="0.00" PMx="0.00" fuel="0.00" electricity="0.00" noise="63.71" route="routeright" type="rl" waiting="0.00" lane="right_0" pos="57.99" speed="15.00" angle="310.07" x="206.37" y="229.21"/>
        <vehicle id="rlright.1" eclass="HBEFA2/P_7_7" CO2="0.00" CO="0.00" HC="0.00" NOx="0.00" PMx="0.00" fuel="0.00" electricity="0.00" noise="63.71" route="routeright" type="rl" waiting="0.00" lane="right_0" pos="86.21" speed="15.00" angle="284.66" x="155.06" y="253.25"/>
        <vehicle id="rlright.2" eclass="HBEFA2/P_7_7" CO2="0.00" CO="0.00" HC="0.00" NOx="0.00" PMx="0.00" fuel="0.00" electricity="0.00" noise="63.71" route="routeright" type="rl" waiting="0.00" lane="right_0" pos="37.99" speed="15.00" angle="328.03" x="233.99" y="199.81"/>
        <vehicle id="rlright.3" eclass="HBEFA2/P_7_7" CO2="0.00" CO="0.00" HC="0.00" NOx="0.00" PMx="0.00" fuel="0.00" electricity="0.00" noise="63.71" route="routeright" type="rl" waiting="0.00" lane="right_0" pos="27.98" speed="15.00" angle="336.98" x="244.02" y="182.22"/>
        <vehicle id="rltop.0" eclass="HBEFA2/P_7_7" CO2="0.00" CO="0.00" HC="0.00" NOx="0.00" PMx="0.00" fuel="0.00" electricity="0.00" noise="63.71" route="routetop" type="rl" waiting="0.00" lane="top_0" pos="57.99" speed="15.00" angle="220.09" x="25.44" y="206.38"/>
        <vehicle id="rltop.1" eclass="HBEFA2/P_7_7" CO2="0.00" CO="0.00" HC="0.00" NOx="0.00" PMx="0.00" fuel="0.00" electricity="0.00" noise="63.71" route="routetop" type="rl" waiting="0.00" lane="top_0" pos="86.21" speed="15.00" angle="194.66" x="1.40" y="155.06"/>
        <vehicle id="rltop.2" eclass="HBEFA2/P_7_7" CO2="0.00" CO="0.00" HC="0.00" NOx="0.00" PMx="0.00" fuel="0.00" electricity="0.00" noise="63.71" route="routetop" type="rl" waiting="0.00" lane="top_0" pos="37.99" speed="15.00" angle="238.03" x="54.84" y="233.99"/>
        <vehicle id="rltop.3" eclass="HBEFA2/P_7_7" CO2="0.00" CO="0.00" HC="0.00" NOx="0.00" PMx="0.00" fuel="0.00" electricity="0.00" noise="63.71" route="routetop" type="rl" waiting="0.00" lane="top_0" pos="27.98" speed="15.00" angle="246.98" x="72.43" y="244.02"/>
    </timestep>
    <timestep time="4.30">
        <vehicle id="rlbottom.0" eclass="HBEFA2/P_7_7" CO2="0.00" CO="0.00" HC="0.00" NOx="0.00" PMx="0.00" fuel="0.00" electricity="0.00" noise="65.31" route="routebottom" type="rl" waiting="0.00" lane="bottom_0" pos="59.49" speed="15.00" angle="38.73" x="231.05" y="50.69"/>
        <vehicle id="rlbottom.1" eclass="HBEFA2/P_7_7" CO2="0.00" CO="0.00" HC="0.00" NOx="0.00" PMx="0.00" fuel="0.00" electricity="0.00" noise="65.31" route="routebottom" type="rl" waiting="0.00" lane="bottom_0" pos="87.71" speed="15.00" angle="13.33" x="253.88" y="102.56"/>
        <vehicle id="rlbottom.2" eclass="HBEFA2/P_7_7" CO2="0.00" CO="0.00" HC="0.00" NOx="0.00" PMx="0.00" fuel="0.00" electricity="0.00" noise="65.31" route="routebottom" type="rl" waiting="0.00" lane="bottom_0" pos="39.49" speed="15.00" angle="56.71" x="202.30" y="22.41"/>
        <vehicle id="rlbottom.3" eclass="HBEFA2/P_7_7" CO2="0.00" CO="0.00" HC="0.00" NOx="0.00" PMx="0.00" fuel="0.00" electricity="0.00" noise="65.31" route="routebottom" type="rl" waiting="0.00" lane="bottom_0" pos="29.48" speed="15.00" angle="65.70" x="184.95" y="11.97"/>
        <vehicle id="rlleft.0" eclass="HBEFA2/P_7_7" CO2="0.00" CO="0.00" HC="0.00" NOx="0.00" PMx="0.00" fuel="0.00" electricity="0.00" noise="65.31" route="routeleft" type="rl" waiting="0.00" lane="left_0" pos="59.49" speed="15.00" angle="128.77" x="50.69" y="23.60"/>
        <vehicle id="rlleft.1" eclass="HBEFA2/P_7_7" CO2="0.00" CO="0.00" HC="0.00" NOx="0.00" PMx="0.00" fuel="0.00" electricity="0.00" noise="65.31" route="routeleft" type="rl" waiting="0.00" lane="left_0" pos="87.71" speed="15.00" angle="103.33" x="102.56" y="0.77"/>
        <vehicle id="rlleft.2" eclass="HBEFA2/P_7_7" CO2="0.00" CO="0.00" HC="0.00" NOx="0.00" PMx="0.00" fuel="0.00" electricity="0.00" noise="65.31" route="routeleft" type="rl" waiting="0.00" lane="left_0" pos="39.49" speed="15.00" angle="146.71" x="22.41" y="52.35"/>
        <vehicle id="rlleft.3" eclass="HBEFA2/P_7_7" CO2="0.00" CO="0.00" HC="0.00" NOx="0.00" PMx="0.00" fuel="0.00" electricity="0.00" noise="65.31" route="routeleft" type="rl" waiting="0.00" lane="left_0" pos="29.48" speed="15.00" angle="155.70" x="11.97" y="69.70"/>
        <vehicle id="rlright.0" eclass="HBEFA2/P_7_7" CO2="0.00" CO="0.00" HC="0.00" NOx="0.00" PMx="0.00" fuel="0.00" electricity="0.00" noise="65.31" route="routeright" type="rl" waiting="0.00" lane="right_0" pos="59.49" speed="15.00" angle="308.73" x="203.96" y="231.05"/>
        <vehicle id="rlright.1" eclass="HBEFA2/P_7_7" CO2="0.00" CO="0.00" HC="0.00" NOx="0.00" PMx="0.00" fuel="0.00" electricity="0.00" noise="65.31" route="routeright" type="rl" waiting="0.00" lane="right_0" pos="87.71" speed="15.00" angle="283.33" x="152.09" y="253.88"/>
        <vehicle id="rlright.2" eclass="HBEFA2/P_7_7" CO2="0.00" CO="0.00" HC="0.00" NOx="0.00" PMx="0.00" fuel="0.00" electricity="0.00" noise="65.31" route="routeright" type="rl" waiting="0.00" lane="right_0" pos="39.49" speed="15.00" angle="326.71" x="232.24" y="202.30"/>
        <vehicle id="rlright.3" eclass="HBEFA2/P_7_7" CO2="0.00" CO="0.00" HC="0.00" NOx="0.00" PMx="0.00" fuel="0.00" electricity="0.00" noise="65.31" route="routeright" type="rl" waiting="0.00" lane="right_0" pos="29.48" speed="15.00" angle="335.68" x="242.68" y="184.95"/>
        <vehicle id="rltop.0" eclass="HBEFA2/P_7_7" CO2="0.00" CO="0.00" HC="0.00" NOx="0.00" PMx="0.00" fuel="0.00" electricity="0.00" noise="65.31" route="routetop" type="rl" waiting="0.00" lane="top_0" pos="59.49" speed="15.00" angle="218.77" x="23.60" y="203.96"/>
        <vehicle id="rltop.1" eclass="HBEFA2/P_7_7" CO2="0.00" CO="0.00" HC="0.00" NOx="0.00" PMx="0.00" fuel="0.00" electricity="0.00" noise="65.31" route="routetop" type="rl" waiting="0.00" lane="top_0" pos="87.71" speed="15.00" angle="193.33" x="0.77" y="152.09"/>
        <vehicle id="rltop.2" eclass="HBEFA2/P_7_7" CO2="0.00" CO="0.00" HC="0.00" NOx="0.00" PMx="0.00" fuel="0.00" electricity="0.00" noise="65.31" route="routetop" type="rl" waiting="0.00" lane="top_0" pos="39.49" speed="15.00" angle="236.71" x="52.35" y="232.24"/>
        <vehicle id="rltop.3" eclass="HBEFA2/P_7_7" CO2="0.00" CO="0.00" HC="0.00" NOx="0.00" PMx="0.00" fuel="0.00" electricity="0.00" noise="65.31" route="routetop" type="rl" waiting="0.00" lane="top_0" pos="29.48" speed="15.00" angle="245.68" x="69.70" y="242.68"/>
    </timestep>
    <timestep time="4.40">
        <vehicle id="rlbottom.0" eclass="HBEFA2/P_7_7" CO2="0.00" CO="0.00" HC="0.00" NOx="0.00" PMx="0.00" fuel="0.00" electricity="0.00" noise="65.34" route="routebottom" type="rl" waiting="0.00" lane="bottom_0" pos="60.99" speed="15.00" angle="37.32" x="232.82" y="53.16"/>
        <vehicle id="rlbottom.1" eclass="HBEFA2/P_7_7" CO2="0.00" CO="0.00" HC="0.00" NOx="0.00" PMx="0.00" fuel="0.00" electricity="0.00" noise="65.34" route="routebottom" type="rl" waiting="0.00" lane="bottom_0" pos="89.21" speed="15.00" angle="11.96" x="254.43" y="105.55"/>
        <vehicle id="rlbottom.2" eclass="HBEFA2/P_7_7" CO2="0.00" CO="0.00" HC="0.00" NOx="0.00" PMx="0.00" fuel="0.00" electricity="0.00" noise="65.34" route="routebottom" type="rl" waiting="0.00" lane="bottom_0" pos="40.99" speed="15.00" angle="55.42" x="204.76" y="24.18"/>
        <vehicle id="rlbottom.3" eclass="HBEFA2/P_7_7" CO2="0.00" CO="0.00" HC="0.00" NOx="0.00" PMx="0.00" fuel="0.00" electricity="0.00" noise="65.34" route="routebottom" type="rl" waiting="0.00" lane="bottom_0" pos="30.98" speed="15.00" angle="64.39" x="187.66" y="13.34"/>
        <vehicle id="rlleft.0" eclass="HBEFA2/P_7_7" CO2="0.00" CO="0.00" HC="0.00" NOx="0.00" PMx="0.00" fuel="0.00" electricity="0.00" noise="65.34" route="routeleft" type="rl" waiting="0.00" lane="left_0" pos="60.99" speed="15.00" angle="127.33" x="53.16" y="21.83"/>
        <vehicle id="rlleft.1" eclass="HBEFA2/P_7_7" CO2="0.00" CO="0.00" HC="0.00" NOx="0.00" PMx="0.00" fuel="0.00" electricity="0.00" noise="65.34" route="routeleft" type="rl" waiting="0.00" lane="left_0" pos="89.21" speed="15.00" angle="101.96" x="105.55" y="0.22"/>
        <vehicle id="rlleft.2" eclass="HBEFA2/P_7_7" CO2="0.00" CO="0.00" HC="0.00" NOx="0.00" PMx="0.00" fuel="0.00" electricity="0.00" noise="65.34" route="routeleft" type="rl" waiting="0.00" lane="left_0" pos="40.99" speed="15.00" angle="145.42" x="24.18" y="49.88"/>
        <vehicle id="rlleft.3" eclass="HBEFA2/P_7_7" CO2="0.00" CO="0.00" HC="0.00" NOx="0.00" PMx="0.00" fuel="0.00" electricity="0.00" noise="65.34" route="routeleft" type="rl" waiting="0.00" lane="left_0" pos="30.98" speed="15.00" angle="154.39" x="13.34" y="66.99"/>
        <vehicle id="rlright.0" eclass="HBEFA2/P_7_7" CO2="0.00" CO="0.00" HC="0.00" NOx="0.00" PMx="0.00" fuel="0.00" electricity="0.00" noise="65.34" route="routeright" type="rl" waiting="0.00" lane="right_0" pos="60.99" speed="15.00" angle="307.32" x="201.49" y="232.82"/>
        <vehicle id="rlright.1" eclass="HBEFA2/P_7_7" CO2="0.00" CO="0.00" HC="0.00" NOx="0.00" PMx="0.00" fuel="0.00" electricity="0.00" noise="65.34" route="routeright" type="rl" waiting="0.00" lane="right_0" pos="89.21" speed="15.00" angle="281.96" x="149.10" y="254.43"/>
        <vehicle id="rlright.2" eclass="HBEFA2/P_7_7" CO2="0.00" CO="0.00" HC="0.00" NOx="0.00" PMx="0.00" fuel="0.00" electricity="0.00" noise="65.34" route="routeright" type="rl" waiting="0.00" lane="right_0" pos="40.99" speed="15.00" angle="325.38" x="230.47" y="204.76"/>
        <vehicle id="rlright.3" eclass="HBEFA2/P_7_7" CO2="0.00" CO="0.00" HC="0.00" NOx="0.00" PMx="0.00" fuel="0.00" electricity="0.00" noise="65.34" route="routeright" type="rl" waiting="0.00" lane="right_0" pos="30.98" speed="15.00" angle="334.39" x="241.31" y="187.66"/>
        <vehicle id="rltop.0" eclass="HBEFA2/P_7_7" CO2="0.00" CO="0.00" HC="0.00" NOx="0.00" PMx="0.00" fuel="0.00" electricity="0.00" noise="65.34" route="routetop" type="rl" waiting="0.00" lane="top_0" pos="60.99" speed="15.00" angle="217.33" x="21.83" y="201.49"/>
        <vehicle id="rltop.1" eclass="HBEFA2/P_7_7" CO2="0.00" CO="0.00" HC="0.00" NOx="0.00" PMx="0.00" fuel="0.00" electricity="0.00" noise="65.34" route="routetop" type="rl" waiting="0.00" lane="top_0" pos="89.21" speed="15.00" angle="191.96" x="0.22" y="149.10"/>
        <vehicle id="rltop.2" eclass="HBEFA2/P_7_7" CO2="0.00" CO="0.00" HC="0.00" NOx="0.00" PMx="0.00" fuel="0.00" electricity="0.00" noise="65.34" route="routetop" type="rl" waiting="0.00" lane="top_0" pos="40.99" speed="15.00" angle="235.38" x="49.89" y="230.47"/>
        <vehicle id="rltop.3" eclass="HBEFA2/P_7_7" CO2="0.00" CO="0.00" HC="0.00" NOx="0.00" PMx="0.00" fuel="0.00" electricity="0.00" noise="65.34" route="routetop" type="rl" waiting="0.00" lane="top_0" pos="30.98" speed="15.00" angle="244.39" x="66.99" y="241.31"/>
    </timestep>
    <timestep time="4.50">
        <vehicle id="rlbottom.0" eclass="HBEFA2/P_7_7" CO2="0.00" CO="0.00" HC="0.00" NOx="0.00" PMx="0.00" fuel="0.00" electricity="0.00" noise="65.34" route="routebottom" type="rl" waiting="0.00" lane="bottom_0" pos="62.49" speed="15.00" angle="36.00" x="234.53" y="55.67"/>
        <vehicle id="rlbottom.1" eclass="HBEFA2/P_7_7" CO2="0.00" CO="0.00" HC="0.00" NOx="0.00" PMx="0.00" fuel="0.00" electricity="0.00" noise="65.34" route="routebottom" type="rl" waiting="0.00" lane="bottom_0" pos="90.71" speed="15.00" angle="10.64" x="254.90" y="108.55"/>
        <vehicle id="rlbottom.2" eclass="HBEFA2/P_7_7" CO2="0.00" CO="0.00" HC="0.00" NOx="0.00" PMx="0.00" fuel="0.00" electricity="0.00" noise="65.34" route="routebottom" type="rl" waiting="0.00" lane="bottom_0" pos="42.49" speed="15.00" angle="54.03" x="207.16" y="26.05"/>
        <vehicle id="rlbottom.3" eclass="HBEFA2/P_7_7" CO2="0.00" CO="0.00" HC="0.00" NOx="0.00" PMx="0.00" fuel="0.00" electricity="0.00" noise="65.34" route="routebottom" type="rl" waiting="0.00" lane="bottom_0" pos="32.48" speed="15.00" angle="63.02" x="190.32" y="14.80"/>
        <vehicle id="rlleft.0" eclass="HBEFA2/P_7_7" CO2="0.00" CO="0.00" HC="0.00" NOx="0.00" PMx="0.00" fuel="0.00" electricity="0.00" noise="65.34" route="routeleft" type="rl" waiting="0.00" lane="left_0" pos="62.49" speed="15.00" angle="125.98" x="55.67" y="20.12"/>
        <vehicle id="rlleft.1" eclass="HBEFA2/P_7_7" CO2="0.00" CO="0.00" HC="0.00" NOx="0.00" PMx="0.00" fuel="0.00" electricity="0.00" noise="65.34" route="routeleft" type="rl" waiting="0.00" lane="left_0" pos="90.71" speed="15.00" angle="100.64" x="108.55" y="-0.25"/>
        <vehicle id="rlleft.2" eclass="HBEFA2/P_7_7" CO2="0.00" CO="0.00" HC="0.00" NOx="0.00" PMx="0.00" fuel="0.00" electricity="0.00" noise="65.34" route="routeleft" type="rl" waiting="0.00" lane="left_0" pos="42.49" speed="15.00" angle="144.03" x="26.05" y="47.49"/>
        <vehicle id="rlleft.3" eclass="HBEFA2/P_7_7" CO2="0.00" CO="0.00" HC="0.00" NOx="0.00" PMx="0.00" fuel="0.00" electricity="0.00" noise="65.34" route="routeleft" type="rl" waiting="0.00" lane="left_0" pos="32.48" speed="15.00" angle="153.02" x="14.80" y="64.33"/>
        <vehicle id="rlright.0" eclass="HBEFA2/P_7_7" CO2="0.00" CO="0.00" HC="0.00" NOx="0.00" PMx="0.00" fuel="0.00" electricity="0.00" noise="65.34" route="routeright" type="rl" waiting="0.00" lane="right_0" pos="62.49" speed="15.00" angle="306.00" x="198.98" y="234.53"/>
        <vehicle id="rlright.1" eclass="HBEFA2/P_7_7" CO2="0.00" CO="0.00" HC="0.00" NOx="0.00" PMx="0.00" fuel="0.00" electricity="0.00" noise="65.34" route="routeright" type="rl" waiting="0.00" lane="right_0" pos="90.71" speed="15.00" angle="280.64" x="146.10" y="254.90"/>
        <vehicle id="rlright.2" eclass="HBEFA2/P_7_7" CO2="0.00" CO="0.00" HC="0.00" NOx="0.00" PMx="0.00" fuel="0.00" electricity="0.00" noise="65.34" route="routeright" type="rl" waiting="0.00" lane="right_0" pos="42.49" speed="15.00" angle="324.01" x="228.60" y="207.15"/>
        <vehicle id="rlright.3" eclass="HBEFA2/P_7_7" CO2="0.00" CO="0.00" HC="0.00" NOx="0.00" PMx="0.00" fuel="0.00" electricity="0.00" noise="65.34" route="routeright" type="rl" waiting="0.00" lane="right_0" pos="32.48" speed="15.00" angle="333.03" x="239.84" y="190.32"/>
        <vehicle id="rltop.0" eclass="HBEFA2/P_7_7" CO2="0.00" CO="0.00" HC="0.00" NOx="0.00" PMx="0.00" fuel="0.00" electricity="0.00" noise="65.34" route="routetop" type="rl" waiting="0.00" lane="top_0" pos="62.49" speed="15.00" angle="215.98" x="20.12" y="198.98"/>
        <vehicle id="rltop.1" eclass="HBEFA2/P_7_7" CO2="0.00" CO="0.00" HC="0.00" NOx="0.00" PMx="0.00" fuel="0.00" electricity="0.00" noise="65.34" route="routetop" type="rl" waiting="0.00" lane="top_0" pos="90.71" speed="15.00" angle="190.64" x="-0.25" y="146.10"/>
        <vehicle id="rltop.2" eclass="HBEFA2/P_7_7" CO2="0.00" CO="0.00" HC="0.00" NOx="0.00" PMx="0.00" fuel="0.00" electricity="0.00" noise="65.34" route="routetop" type="rl" waiting="0.00" lane="top_0" pos="42.49" speed="15.00" angle="234.01" x="47.49" y="228.60"/>
        <vehicle id="rltop.3" eclass="HBEFA2/P_7_7" CO2="0.00" CO="0.00" HC="0.00" NOx="0.00" PMx="0.00" fuel="0.00" electricity="0.00" noise="65.34" route="routetop" type="rl" waiting="0.00" lane="top_0" pos="32.48" speed="15.00" angle="243.03" x="64.33" y="239.84"/>
    </timestep>
    <timestep time="4.60">
        <vehicle id="rlbottom.0" eclass="HBEFA2/P_7_7" CO2="0.00" CO="0.00" HC="0.00" NOx="0.00" PMx="0.00" fuel="0.00" electricity="0.00" noise="65.34" route="routebottom" type="rl" waiting="0.00" lane="bottom_0" pos="64.00" speed="15.00" angle="34.63" x="236.21" y="58.20"/>
        <vehicle id="rlbottom.1" eclass="HBEFA2/P_7_7" CO2="0.00" CO="0.00" HC="0.00" NOx="0.00" PMx="0.00" fuel="0.00" electricity="0.00" noise="65.34" route="routebottom" type="rl" waiting="0.00" lane="bottom_0" pos="92.21" speed="15.00" angle="9.27" x="255.33" y="111.55"/>
        <vehicle id="rlbottom.2" eclass="HBEFA2/P_7_7" CO2="0.00" CO="0.00" HC="0.00" NOx="0.00" PMx="0.00" fuel="0.00" electricity="0.00" noise="65.34" route="routebottom" type="rl" waiting="0.00" lane="bottom_0" pos="44.00" speed="15.00" angle="52.68" x="209.52" y="27.95"/>
        <vehicle id="rlbottom.3" eclass="HBEFA2/P_7_7" CO2="0.00" CO="0.00" HC="0.00" NOx="0.00" PMx="0.00" fuel="0.00" electricity="0.00" noise="65.34" route="routebottom" type="rl" waiting="0.00" lane="bottom_0" pos="33.98" speed="15.00" angle="61.69" x="192.95" y="16.31"/>
        <vehicle id="rlleft.0" eclass="HBEFA2/P_7_7" CO2="0.00" CO="0.00" HC="0.00" NOx="0.00" PMx="0.00" fuel="0.00" electricity="0.00" noise="65.34" route="routeleft" type="rl" waiting="0.00" lane="left_0" pos="64.00" speed="15.00" angle="124.58" x="58.20" y="18.44"/>
        <vehicle id="rlleft.1" eclass="HBEFA2/P_7_7" CO2="0.00" CO="0.00" HC="0.00" NOx="0.00" PMx="0.00" fuel="0.00" electricity="0.00" noise="65.34" route="routeleft" type="rl" waiting="0.00" lane="left_0" pos="92.21" speed="15.00" angle="99.27" x="111.55" y="-0.68"/>
        <vehicle id="rlleft.2" eclass="HBEFA2/P_7_7" CO2="0.00" CO="0.00" HC="0.00" NOx="0.00" PMx="0.00" fuel="0.00" electricity="0.00" noise="65.34" route="routeleft" type="rl" waiting="0.00" lane="left_0" pos="44.00" speed="15.00" angle="142.68" x="27.95" y="45.13"/>
        <vehicle id="rlleft.3" eclass="HBEFA2/P_7_7" CO2="0.00" CO="0.00" HC="0.00" NOx="0.00" PMx="0.00" fuel="0.00" electricity="0.00" noise="65.34" route="routeleft" type="rl" waiting="0.00" lane="left_0" pos="33.98" speed="15.00" angle="151.69" x="16.31" y="61.70"/>
        <vehicle id="rlright.0" eclass="HBEFA2/P_7_7" CO2="0.00" CO="0.00" HC="0.00" NOx="0.00" PMx="0.00" fuel="0.00" electricity="0.00" noise="65.34" route="routeright" type="rl" waiting="0.00" lane="right_0" pos="64.00" speed="15.00" angle="304.63" x="196.45" y="236.21"/>
        <vehicle id="rlright.1" eclass="HBEFA2/P_7_7" CO2="0.00" CO="0.00" HC="0.00" NOx="0.00" PMx="0.00" fuel="0.00" electricity="0.00" noise="65.34" route="routeright" type="rl" waiting="0.00" lane="right_0" pos="92.21" speed="15.00" angle="279.27" x="143.10" y="255.33"/>
        <vehicle id="rlright.2" eclass="HBEFA2/P_7_7" CO2="0.00" CO="0.00" HC="0.00" NOx="0.00" PMx="0.00" fuel="0.00" electricity="0.00" noise="65.34" route="routeright" type="rl" waiting="0.00" lane="right_0" pos="44.00" speed="15.00" angle="322.69" x="226.70" y="209.52"/>
        <vehicle id="rlright.3" eclass="HBEFA2/P_7_7" CO2="0.00" CO="0.00" HC="0.00" NOx="0.00" PMx="0.00" fuel="0.00" electricity="0.00" noise="65.34" route="routeright" type="rl" waiting="0.00" lane="right_0" pos="33.98" speed="15.00" angle="331.69" x="238.33" y="192.95"/>
        <vehicle id="rltop.0" eclass="HBEFA2/P_7_7" CO2="0.00" CO="0.00" HC="0.00" NOx="0.00" PMx="0.00" fuel="0.00" electricity="0.00" noise="65.34" route="routetop" type="rl" waiting="0.00" lane="top_0" pos="64.00" speed="15.00" angle="214.58" x="18.44" y="196.45"/>
        <vehicle id="rltop.1" eclass="HBEFA2/P_7_7" CO2="0.00" CO="0.00" HC="0.00" NOx="0.00" PMx="0.00" fuel="0.00" electricity="0.00" noise="65.34" route="routetop" type="rl" waiting="0.00" lane="top_0" pos="92.21" speed="15.00" angle="189.27" x="-0.68" y="143.10"/>
        <vehicle id="rltop.2" eclass="HBEFA2/P_7_7" CO2="0.00" CO="0.00" HC="0.00" NOx="0.00" PMx="0.00" fuel="0.00" electricity="0.00" noise="65.34" route="routetop" type="rl" waiting="0.00" lane="top_0" pos="44.00" speed="15.00" angle="232.69" x="45.12" y="226.70"/>
        <vehicle id="rltop.3" eclass="HBEFA2/P_7_7" CO2="0.00" CO="0.00" HC="0.00" NOx="0.00" PMx="0.00" fuel="0.00" electricity="0.00" noise="65.34" route="routetop" type="rl" waiting="0.00" lane="top_0" pos="33.98" speed="15.00" angle="241.69" x="61.70" y="238.33"/>
    </timestep>
    <timestep time="4.70">
        <vehicle id="rlbottom.0" eclass="HBEFA2/P_7_7" CO2="0.00" CO="0.00" HC="0.00" NOx="0.00" PMx="0.00" fuel="0.00" electricity="0.00" noise="65.34" route="routebottom" type="rl" waiting="0.00" lane="bottom_0" pos="65.50" speed="15.00" angle="33.30" x="237.79" y="60.80"/>
        <vehicle id="rlbottom.1" eclass="HBEFA2/P_7_7" CO2="0.00" CO="0.00" HC="0.00" NOx="0.00" PMx="0.00" fuel="0.00" electricity="0.00" noise="65.34" route="routebottom" type="rl" waiting="0.00" lane="bottom_0" pos="93.71" speed="15.00" angle="7.92" x="255.64" y="114.57"/>
        <vehicle id="rlbottom.2" eclass="HBEFA2/P_7_7" CO2="0.00" CO="0.00" HC="0.00" NOx="0.00" PMx="0.00" fuel="0.00" electricity="0.00" noise="65.34" route="routebottom" type="rl" waiting="0.00" lane="bottom_0" pos="45.50" speed="15.00" angle="51.24" x="211.84" y="29.92"/>
        <vehicle id="rlbottom.3" eclass="HBEFA2/P_7_7" CO2="0.00" CO="0.00" HC="0.00" NOx="0.00" PMx="0.00" fuel="0.00" electricity="0.00" noise="65.34" route="routebottom" type="rl" waiting="0.00" lane="bottom_0" pos="35.48" speed="15.00" angle="60.28" x="195.55" y="17.89"/>
        <vehicle id="rlleft.0" eclass="HBEFA2/P_7_7" CO2="0.00" CO="0.00" HC="0.00" NOx="0.00" PMx="0.00" fuel="0.00" electricity="0.00" noise="65.34" route="routeleft" type="rl" waiting="0.00" lane="left_0" pos="65.50" speed="15.00" angle="123.30" x="60.80" y="16.86"/>
        <vehicle id="rlleft.1" eclass="HBEFA2/P_7_7" CO2="0.00" CO="0.00" HC="0.00" NOx="0.00" PMx="0.00" fuel="0.00" electricity="0.00" noise="65.34" route="routeleft" type="rl" waiting="0.00" lane="left_0" pos="93.71" speed="15.00" angle="97.92" x="114.57" y="-0.99"/>
        <vehicle id="rlleft.2" eclass="HBEFA2/P_7_7" CO2="0.00" CO="0.00" HC="0.00" NOx="0.00" PMx="0.00" fuel="0.00" electricity="0.00" noise="65.34" route="routeleft" type="rl" waiting="0.00" lane="left_0" pos="45.50" speed="15.00" angle="141.24" x="29.92" y="42.81"/>
        <vehicle id="rlleft.3" eclass="HBEFA2/P_7_7" CO2="0.00" CO="0.00" HC="0.00" NOx="0.00" PMx="0.00" fuel="0.00" electricity="0.00" noise="65.34" route="routeleft" type="rl" waiting="0.00" lane="left_0" pos="35.48" speed="15.00" angle="150.28" x="17.89" y="59.10"/>
        <vehicle id="rlright.0" eclass="HBEFA2/P_7_7" CO2="0.00" CO="0.00" HC="0.00" NOx="0.00" PMx="0.00" fuel="0.00" electricity="0.00" noise="65.34" route="routeright" type="rl" waiting="0.00" lane="right_0" pos="65.50" speed="15.00" angle="303.30" x="193.85" y="237.79"/>
        <vehicle id="rlright.1" eclass="HBEFA2/P_7_7" CO2="0.00" CO="0.00" HC="0.00" NOx="0.00" PMx="0.00" fuel="0.00" electricity="0.00" noise="65.34" route="routeright" type="rl" waiting="0.00" lane="right_0" pos="93.71" speed="15.00" angle="277.92" x="140.08" y="255.64"/>
        <vehicle id="rlright.2" eclass="HBEFA2/P_7_7" CO2="0.00" CO="0.00" HC="0.00" NOx="0.00" PMx="0.00" fuel="0.00" electricity="0.00" noise="65.34" route="routeright" type="rl" waiting="0.00" lane="right_0" pos="45.50" speed="15.00" angle="321.28" x="224.73" y="211.84"/>
        <vehicle id="rlright.3" eclass="HBEFA2/P_7_7" CO2="0.00" CO="0.00" HC="0.00" NOx="0.00" PMx="0.00" fuel="0.00" electricity="0.00" noise="65.34" route="routeright" type="rl" waiting="0.00" lane="right_0" pos="35.48" speed="15.00" angle="330.27" x="236.76" y="195.55"/>
        <vehicle id="rltop.0" eclass="HBEFA2/P_7_7" CO2="0.00" CO="0.00" HC="0.00" NOx="0.00" PMx="0.00" fuel="0.00" electricity="0.00" noise="65.34" route="routetop" type="rl" waiting="0.00" lane="top_0" pos="65.50" speed="15.00" angle="213.30" x="16.86" y="193.85"/>
        <vehicle id="rltop.1" eclass="HBEFA2/P_7_7" CO2="0.00" CO="0.00" HC="0.00" NOx="0.00" PMx="0.00" fuel="0.00" electricity="0.00" noise="65.34" route="routetop" type="rl" waiting="0.00" lane="top_0" pos="93.71" speed="15.00" angle="187.92" x="-0.99" y="140.08"/>
        <vehicle id="rltop.2" eclass="HBEFA2/P_7_7" CO2="0.00" CO="0.00" HC="0.00" NOx="0.00" PMx="0.00" fuel="0.00" electricity="0.00" noise="65.34" route="routetop" type="rl" waiting="0.00" lane="top_0" pos="45.50" speed="15.00" angle="231.27" x="42.81" y="224.72"/>
        <vehicle id="rltop.3" eclass="HBEFA2/P_7_7" CO2="0.00" CO="0.00" HC="0.00" NOx="0.00" PMx="0.00" fuel="0.00" electricity="0.00" noise="65.34" route="routetop" type="rl" waiting="0.00" lane="top_0" pos="35.48" speed="15.00" angle="240.27" x="59.10" y="236.76"/>
    </timestep>
    <timestep time="4.80">
        <vehicle id="rlbottom.0" eclass="HBEFA2/P_7_7" CO2="0.00" CO="0.00" HC="0.00" NOx="0.00" PMx="0.00" fuel="0.00" electricity="0.00" noise="65.34" route="routebottom" type="rl" waiting="0.00" lane="bottom_0" pos="67.00" speed="15.00" angle="31.97" x="239.33" y="63.41"/>
        <vehicle id="rlbottom.1" eclass="HBEFA2/P_7_7" CO2="0.00" CO="0.00" HC="0.00" NOx="0.00" PMx="0.00" fuel="0.00" electricity="0.00" noise="65.34" route="routebottom" type="rl" waiting="0.00" lane="bottom_0" pos="95.21" speed="15.00" angle="6.59" x="255.92" y="117.60"/>
        <vehicle id="rlbottom.2" eclass="HBEFA2/P_7_7" CO2="0.00" CO="0.00" HC="0.00" NOx="0.00" PMx="0.00" fuel="0.00" electricity="0.00" noise="65.34" route="routebottom" type="rl" waiting="0.00" lane="bottom_0" pos="47.00" speed="15.00" angle="49.92" x="214.10" y="31.94"/>
        <vehicle id="rlbottom.3" eclass="HBEFA2/P_7_7" CO2="0.00" CO="0.00" HC="0.00" NOx="0.00" PMx="0.00" fuel="0.00" electricity="0.00" noise="65.34" route="routebottom" type="rl" waiting="0.00" lane="bottom_0" pos="36.98" speed="15.00" angle="58.93" x="198.10" y="19.54"/>
        <vehicle id="rlleft.0" eclass="HBEFA2/P_7_7" CO2="0.00" CO="0.00" HC="0.00" NOx="0.00" PMx="0.00" fuel="0.00" electricity="0.00" noise="65.34" route="routeleft" type="rl" waiting="0.00" lane="left_0" pos="67.00" speed="15.00" angle="122.02" x="63.41" y="15.31"/>
        <vehicle id="rlleft.1" eclass="HBEFA2/P_7_7" CO2="0.00" CO="0.00" HC="0.00" NOx="0.00" PMx="0.00" fuel="0.00" electricity="0.00" noise="65.34" route="routeleft" type="rl" waiting="0.00" lane="left_0" pos="95.21" speed="15.00" angle="96.59" x="117.60" y="-1.27"/>
        <vehicle id="rlleft.2" eclass="HBEFA2/P_7_7" CO2="0.00" CO="0.00" HC="0.00" NOx="0.00" PMx="0.00" fuel="0.00" electricity="0.00" noise="65.34" route="routeleft" type="rl" waiting="0.00" lane="left_0" pos="47.00" speed="15.00" angle="139.92" x="31.94" y="40.54"/>
        <vehicle id="rlleft.3" eclass="HBEFA2/P_7_7" CO2="0.00" CO="0.00" HC="0.00" NOx="0.00" PMx="0.00" fuel="0.00" electricity="0.00" noise="65.34" route="routeleft" type="rl" waiting="0.00" lane="left_0" pos="36.98" speed="15.00" angle="148.93" x="19.54" y="56.55"/>
        <vehicle id="rlright.0" eclass="HBEFA2/P_7_7" CO2="0.00" CO="0.00" HC="0.00" NOx="0.00" PMx="0.00" fuel="0.00" electricity="0.00" noise="65.34" route="routeright" type="rl" waiting="0.00" lane="right_0" pos="67.00" speed="15.00" angle="301.97" x="191.24" y="239.33"/>
        <vehicle id="rlright.1" eclass="HBEFA2/P_7_7" CO2="0.00" CO="0.00" HC="0.00" NOx="0.00" PMx="0.00" fuel="0.00" electricity="0.00" noise="65.34" route="routeright" type="rl" waiting="0.00" lane="right_0" pos="95.21" speed="15.00" angle="276.59" x="137.05" y="255.92"/>
        <vehicle id="rlright.2" eclass="HBEFA2/P_7_7" CO2="0.00" CO="0.00" HC="0.00" NOx="0.00" PMx="0.00" fuel="0.00" electricity="0.00" noise="65.34" route="routeright" type="rl" waiting="0.00" lane="right_0" pos="47.00" speed="15.00" angle="319.94" x="222.71" y="214.10"/>
        <vehicle id="rlright.3" eclass="HBEFA2/P_7_7" CO2="0.00" CO="0.00" HC="0.00" NOx="0.00" PMx="0.00" fuel="0.00" electricity="0.00" noise="65.34" route="routeright" type="rl" waiting="0.00" lane="right_0" pos="36.98" speed="15.00" angle="328.96" x="235.11" y="198.10"/>
        <vehicle id="rltop.0" eclass="HBEFA2/P_7_7" CO2="0.00" CO="0.00" HC="0.00" NOx="0.00" PMx="0.00" fuel="0.00" electricity="0.00" noise="65.34" route="routetop" type="rl" waiting="0.00" lane="top_0" pos="67.00" speed="15.00" angle="212.02" x="15.31" y="191.24"/>
        <vehicle id="rltop.1" eclass="HBEFA2/P_7_7" CO2="0.00" CO="0.00" HC="0.00" NOx="0.00" PMx="0.00" fuel="0.00" electricity="0.00" noise="65.34" route="routetop" type="rl" waiting="0.00" lane="top_0" pos="95.21" speed="15.00" angle="186.59" x="-1.27" y="137.05"/>
        <vehicle id="rltop.2" eclass="HBEFA2/P_7_7" CO2="0.00" CO="0.00" HC="0.00" NOx="0.00" PMx="0.00" fuel="0.00" electricity="0.00" noise="65.34" route="routetop" type="rl" waiting="0.00" lane="top_0" pos="47.00" speed="15.00" angle="229.94" x="40.55" y="222.70"/>
        <vehicle id="rltop.3" eclass="HBEFA2/P_7_7" CO2="0.00" CO="0.00" HC="0.00" NOx="0.00" PMx="0.00" fuel="0.00" electricity="0.00" noise="65.34" route="routetop" type="rl" waiting="0.00" lane="top_0" pos="36.98" speed="15.00" angle="238.96" x="56.55" y="235.11"/>
    </timestep>
    <timestep time="4.90">
        <vehicle id="rlbottom.0" eclass="HBEFA2/P_7_7" CO2="0.00" CO="0.00" HC="0.00" NOx="0.00" PMx="0.00" fuel="0.00" electricity="0.00" noise="65.34" route="routebottom" type="rl" waiting="0.00" lane="bottom_0" pos="68.50" speed="15.00" angle="30.61" x="240.80" y="66.07"/>
        <vehicle id="rlbottom.1" eclass="HBEFA2/P_7_7" CO2="0.00" CO="0.00" HC="0.00" NOx="0.00" PMx="0.00" fuel="0.00" electricity="0.00" noise="65.34" route="routebottom" type="rl" waiting="0.00" lane="bottom_0" pos="96.71" speed="15.00" angle="5.19" x="256.10" y="120.63"/>
        <vehicle id="rlbottom.2" eclass="HBEFA2/P_7_7" CO2="0.00" CO="0.00" HC="0.00" NOx="0.00" PMx="0.00" fuel="0.00" electricity="0.00" noise="65.34" route="routebottom" type="rl" waiting="0.00" lane="bottom_0" pos="48.50" speed="15.00" angle="48.59" x="216.34" y="34.00"/>
        <vehicle id="rlbottom.3" eclass="HBEFA2/P_7_7" CO2="0.00" CO="0.00" HC="0.00" NOx="0.00" PMx="0.00" fuel="0.00" electricity="0.00" noise="65.34" route="routebottom" type="rl" waiting="0.00" lane="bottom_0" pos="38.48" speed="15.00" angle="57.60" x="200.64" y="21.21"/>
        <vehicle id="rlleft.0" eclass="HBEFA2/P_7_7" CO2="0.00" CO="0.00" HC="0.00" NOx="0.00" PMx="0.00" fuel="0.00" electricity="0.00" noise="65.34" route="routeleft" type="rl" waiting="0.00" lane="left_0" pos="68.50" speed="15.00" angle="120.62" x="66.07" y="13.85"/>
        <vehicle id="rlleft.1" eclass="HBEFA2/P_7_7" CO2="0.00" CO="0.00" HC="0.00" NOx="0.00" PMx="0.00" fuel="0.00" electricity="0.00" noise="65.34" route="routeleft" type="rl" waiting="0.00" lane="left_0" pos="96.71" speed="15.00" angle="95.23" x="120.63" y="-1.46"/>
        <vehicle id="rlleft.2" eclass="HBEFA2/P_7_7" CO2="0.00" CO="0.00" HC="0.00" NOx="0.00" PMx="0.00" fuel="0.00" electricity="0.00" noise="65.34" route="routeleft" type="rl" waiting="0.00" lane="left_0" pos="48.50" speed="15.00" angle="138.59" x="34.00" y="38.31"/>
        <vehicle id="rlleft.3" eclass="HBEFA2/P_7_7" CO2="0.00" CO="0.00" HC="0.00" NOx="0.00" PMx="0.00" fuel="0.00" electricity="0.00" noise="65.34" route="routeleft" type="rl" waiting="0.00" lane="left_0" pos="38.48" speed="15.00" angle="147.60" x="21.21" y="54.01"/>
        <vehicle id="rlright.0" eclass="HBEFA2/P_7_7" CO2="0.00" CO="0.00" HC="0.00" NOx="0.00" PMx="0.00" fuel="0.00" electricity="0.00" noise="65.34" route="routeright" type="rl" waiting="0.00" lane="right_0" pos="68.50" speed="15.00" angle="300.61" x="188.58" y="240.80"/>
        <vehicle id="rlright.1" eclass="HBEFA2/P_7_7" CO2="0.00" CO="0.00" HC="0.00" NOx="0.00" PMx="0.00" fuel="0.00" electricity="0.00" noise="65.34" route="routeright" type="rl" waiting="0.00" lane="right_0" pos="96.71" speed="15.00" angle="275.19" x="134.02" y="256.10"/>
        <vehicle id="rlright.2" eclass="HBEFA2/P_7_7" CO2="0.00" CO="0.00" HC="0.00" NOx="0.00" PMx="0.00" fuel="0.00" electricity="0.00" noise="65.34" route="routeright" type="rl" waiting="0.00" lane="right_0" pos="48.50" speed="15.00" angle="318.55" x="220.65" y="216.34"/>
        <vehicle id="rlright.3" eclass="HBEFA2/P_7_7" CO2="0.00" CO="0.00" HC="0.00" NOx="0.00" PMx="0.00" fuel="0.00" electricity="0.00" noise="65.34" route="routeright" type="rl" waiting="0.00" lane="right_0" pos="38.48" speed="15.00" angle="327.65" x="233.44" y="200.64"/>
        <vehicle id="rltop.0" eclass="HBEFA2/P_7_7" CO2="0.00" CO="0.00" HC="0.00" NOx="0.00" PMx="0.00" fuel="0.00" electricity="0.00" noise="65.34" route="routetop" type="rl" waiting="0.00" lane="top_0" pos="68.50" speed="15.00" angle="210.62" x="13.85" y="188.58"/>
        <vehicle id="rltop.1" eclass="HBEFA2/P_7_7" CO2="0.00" CO="0.00" HC="0.00" NOx="0.00" PMx="0.00" fuel="0.00" electricity="0.00" noise="65.34" route="routetop" type="rl" waiting="0.00" lane="top_0" pos="96.71" speed="15.00" angle="185.23" x="-1.46" y="134.02"/>
        <vehicle id="rltop.2" eclass="HBEFA2/P_7_7" CO2="0.00" CO="0.00" HC="0.00" NOx="0.00" PMx="0.00" fuel="0.00" electricity="0.00" noise="65.34" route="routetop" type="rl" waiting="0.00" lane="top_0" pos="48.50" speed="15.00" angle="228.55" x="38.31" y="220.65"/>
        <vehicle id="rltop.3" eclass="HBEFA2/P_7_7" CO2="0.00" CO="0.00" HC="0.00" NOx="0.00" PMx="0.00" fuel="0.00" electricity="0.00" noise="65.34" route="routetop" type="rl" waiting="0.00" lane="top_0" pos="38.48" speed="15.00" angle="237.65" x="54.01" y="233.44"/>
    </timestep>
    <timestep time="5.00">
        <vehicle id="rlbottom.0" eclass="HBEFA2/P_7_7" CO2="2285.10" CO="0.41" HC="0.36" NOx="3.91" PMx="0.15" fuel="0.91" electricity="0.00" noise="65.34" route="routebottom" type="rl" waiting="0.00" lane="bottom_0" pos="70.00" speed="15.00" angle="29.27" x="242.21" y="68.76"/>
        <vehicle id="rlbottom.1" eclass="HBEFA2/P_7_7" CO2="2285.10" CO="0.41" HC="0.36" NOx="3.91" PMx="0.15" fuel="0.91" electricity="0.00" noise="65.34" route="routebottom" type="rl" waiting="0.00" lane="bottom_0" pos="98.21" speed="15.00" angle="3.85" x="256.22" y="123.67"/>
        <vehicle id="rlbottom.2" eclass="HBEFA2/P_7_7" CO2="2285.10" CO="0.41" HC="0.36" NOx="3.91" PMx="0.15" fuel="0.91" electricity="0.00" noise="65.34" route="routebottom" type="rl" waiting="0.00" lane="bottom_0" pos="50.00" speed="15.00" angle="47.27" x="218.50" y="36.13"/>
        <vehicle id="rlbottom.3" eclass="HBEFA2/P_7_7" CO2="2285.10" CO="0.41" HC="0.36" NOx="3.91" PMx="0.15" fuel="0.91" electricity="0.00" noise="65.34" route="routebottom" type="rl" waiting="0.00" lane="bottom_0" pos="39.98" speed="15.00" angle="56.27" x="203.10" y="22.98"/>
        <vehicle id="rlleft.0" eclass="HBEFA2/P_7_7" CO2="2285.10" CO="0.41" HC="0.36" NOx="3.91" PMx="0.15" fuel="0.91" electricity="0.00" noise="65.34" route="routeleft" type="rl" waiting="0.00" lane="left_0" pos="70.00" speed="15.00" angle="119.27" x="68.76" y="12.44"/>
        <vehicle id="rlleft.1" eclass="HBEFA2/P_7_7" CO2="2285.10" CO="0.41" HC="0.36" NOx="3.91" PMx="0.15" fuel="0.91" electricity="0.00" noise="65.34" route="routeleft" type="rl" waiting="0.00" lane="left_0" pos="98.21" speed="15.00" angle="93.91" x="123.67" y="-1.58"/>
        <vehicle id="rlleft.2" eclass="HBEFA2/P_7_7" CO2="2285.10" CO="0.41" HC="0.36" NOx="3.91" PMx="0.15" fuel="0.91" electricity="0.00" noise="65.34" route="routeleft" type="rl" waiting="0.00" lane="left_0" pos="50.00" speed="15.00" angle="137.29" x="36.13" y="36.15"/>
        <vehicle id="rlleft.3" eclass="HBEFA2/P_7_7" CO2="2285.10" CO="0.41" HC="0.36" NOx="3.91" PMx="0.15" fuel="0.91" electricity="0.00" noise="65.34" route="routeleft" type="rl" waiting="0.00" lane="left_0" pos="39.98" speed="15.00" angle="146.27" x="22.99" y="51.55"/>
        <vehicle id="rlright.0" eclass="HBEFA2/P_7_7" CO2="2285.10" CO="0.41" HC="0.36" NOx="3.91" PMx="0.15" fuel="0.91" electricity="0.00" noise="65.34" route="routeright" type="rl" waiting="0.00" lane="right_0" pos="70.00" speed="15.00" angle="299.27" x="185.89" y="242.21"/>
        <vehicle id="rlright.1" eclass="HBEFA2/P_7_7" CO2="2285.10" CO="0.41" HC="0.36" NOx="3.91" PMx="0.15" fuel="0.91" electricity="0.00" noise="65.34" route="routeright" type="rl" waiting="0.00" lane="right_0" pos="98.21" speed="15.00" angle="273.85" x="130.98" y="256.22"/>
        <vehicle id="rlright.2" eclass="HBEFA2/P_7_7" CO2="2285.10" CO="0.41" HC="0.36" NOx="3.91" PMx="0.15" fuel="0.91" electricity="0.00" noise="65.34" route="routeright" type="rl" waiting="0.00" lane="right_0" pos="50.00" speed="15.00" angle="317.25" x="218.51" y="218.50"/>
        <vehicle id="rlright.3" eclass="HBEFA2/P_7_7" CO2="2285.10" CO="0.41" HC="0.36" NOx="3.91" PMx="0.15" fuel="0.91" electricity="0.00" noise="65.34" route="routeright" type="rl" waiting="0.00" lane="right_0" pos="39.98" speed="15.00" angle="326.26" x="231.66" y="203.10"/>
        <vehicle id="rltop.0" eclass="HBEFA2/P_7_7" CO2="2285.10" CO="0.41" HC="0.36" NOx="3.91" PMx="0.15" fuel="0.91" electricity="0.00" noise="65.34" route="routetop" type="rl" waiting="0.00" lane="top_0" pos="70.00" speed="15.00" angle="209.27" x="12.44" y="185.89"/>
        <vehicle id="rltop.1" eclass="HBEFA2/P_7_7" CO2="2285.10" CO="0.41" HC="0.36" NOx="3.91" PMx="0.15" fuel="0.91" electricity="0.00" noise="65.34" route="routetop" type="rl" waiting="0.00" lane="top_0" pos="98.21" speed="15.00" angle="183.91" x="-1.58" y="130.98"/>
        <vehicle id="rltop.2" eclass="HBEFA2/P_7_7" CO2="2285.10" CO="0.41" HC="0.36" NOx="3.91" PMx="0.15" fuel="0.91" electricity="0.00" noise="65.34" route="routetop" type="rl" waiting="0.00" lane="top_0" pos="50.00" speed="15.00" angle="227.27" x="36.15" y="218.51"/>
        <vehicle id="rltop.3" eclass="HBEFA2/P_7_7" CO2="2285.10" CO="0.41" HC="0.36" NOx="3.91" PMx="0.15" fuel="0.91" electricity="0.00" noise="65.34" route="routetop" type="rl" waiting="0.00" lane="top_0" pos="39.98" speed="15.00" angle="236.26" x="51.55" y="231.66"/>
    </timestep>
    <timestep time="5.10">
        <vehicle id="rlbottom.0" eclass="HBEFA2/P_7_7" CO2="2285.10" CO="0.41" HC="0.36" NOx="3.91" PMx="0.15" fuel="0.91" electricity="0.00" noise="65.34" route="routebottom" type="rl" waiting="0.00" lane="bottom_0" pos="71.50" speed="15.00" angle="27.85" x="243.56" y="71.48"/>
        <vehicle id="rlbottom.1" eclass="HBEFA2/P_7_7" CO2="2285.10" CO="0.41" HC="0.36" NOx="3.91" PMx="0.15" fuel="0.91" electricity="0.00" noise="65.34" route="routebottom" type="rl" waiting="0.00" lane="bottom_0" pos="99.71" speed="15.00" angle="2.46" x="256.28" y="126.70"/>
        <vehicle id="rlbottom.2" eclass="HBEFA2/P_7_7" CO2="2285.10" CO="0.41" HC="0.36" NOx="3.91" PMx="0.15" fuel="0.91" electricity="0.00" noise="65.34" route="routebottom" type="rl" waiting="0.00" lane="bottom_0" pos="51.50" speed="15.00" angle="45.94" x="220.63" y="38.30"/>
        <vehicle id="rlbottom.3" eclass="HBEFA2/P_7_7" CO2="2285.10" CO="0.41" HC="0.36" NOx="3.91" PMx="0.15" fuel="0.91" electricity="0.00" noise="65.34" route="routebottom" type="rl" waiting="0.00" lane="bottom_0" pos="41.48" speed="15.00" angle="54.98" x="205.55" y="24.79"/>
        <vehicle id="rlleft.0" eclass="HBEFA2/P_7_7" CO2="2285.10" CO="0.41" HC="0.36" NOx="3.91" PMx="0.15" fuel="0.91" electricity="0.00" noise="65.34" route="routeleft" type="rl" waiting="0.00" lane="left_0" pos="71.50" speed="15.00" angle="117.85" x="71.48" y="11.08"/>
        <vehicle id="rlleft.1" eclass="HBEFA2/P_7_7" CO2="2285.10" CO="0.41" HC="0.36" NOx="3.91" PMx="0.15" fuel="0.91" electricity="0.00" noise="65.34" route="routeleft" type="rl" waiting="0.00" lane="left_0" pos="99.71" speed="15.00" angle="92.51" x="126.70" y="-1.64"/>
        <vehicle id="rlleft.2" eclass="HBEFA2/P_7_7" CO2="2285.10" CO="0.41" HC="0.36" NOx="3.91" PMx="0.15" fuel="0.91" electricity="0.00" noise="65.34" route="routeleft" type="rl" waiting="0.00" lane="left_0" pos="51.50" speed="15.00" angle="135.97" x="38.29" y="34.01"/>
        <vehicle id="rlleft.3" eclass="HBEFA2/P_7_7" CO2="2285.10" CO="0.41" HC="0.36" NOx="3.91" PMx="0.15" fuel="0.91" electricity="0.00" noise="65.34" route="routeleft" type="rl" waiting="0.00" lane="left_0" pos="41.48" speed="15.00" angle="144.98" x="24.79" y="49.10"/>
        <vehicle id="rlright.0" eclass="HBEFA2/P_7_7" CO2="2285.10" CO="0.41" HC="0.36" NOx="3.91" PMx="0.15" fuel="0.91" electricity="0.00" noise="65.34" route="routeright" type="rl" waiting="0.00" lane="right_0" pos="71.50" speed="15.00" angle="297.85" x="183.17" y="243.56"/>
        <vehicle id="rlright.1" eclass="HBEFA2/P_7_7" CO2="2285.10" CO="0.41" HC="0.36" NOx="3.91" PMx="0.15" fuel="0.91" electricity="0.00" noise="65.34" route="routeright" type="rl" waiting="0.00" lane="right_0" pos="99.71" speed="15.00" angle="272.46" x="127.95" y="256.28"/>
        <vehicle id="rlright.2" eclass="HBEFA2/P_7_7" CO2="2285.10" CO="0.41" HC="0.36" NOx="3.91" PMx="0.15" fuel="0.91" electricity="0.00" noise="65.34" route="routeright" type="rl" waiting="0.00" lane="right_0" pos="51.50" speed="15.00" angle="315.94" x="216.35" y="220.63"/>
        <vehicle id="rlright.3" eclass="HBEFA2/P_7_7" CO2="2285.10" CO="0.41" HC="0.36" NOx="3.91" PMx="0.15" fuel="0.91" electricity="0.00" noise="65.34" route="routeright" type="rl" waiting="0.00" lane="right_0" pos="41.48" speed="15.00" angle="324.94" x="229.86" y="205.54"/>
        <vehicle id="rltop.0" eclass="HBEFA2/P_7_7" CO2="2285.10" CO="0.41" HC="0.36" NOx="3.91" PMx="0.15" fuel="0.91" electricity="0.00" noise="65.34" route="routetop" type="rl" waiting="0.00" lane="top_0" pos="71.50" speed="15.00" angle="207.85" x="11.08" y="183.17"/>
        <vehicle id="rltop.1" eclass="HBEFA2/P_7_7" CO2="2285.10" CO="0.41" HC="0.36" NOx="3.91" PMx="0.15" fuel="0.91" electricity="0.00" noise="65.34" route="routetop" type="rl" waiting="0.00" lane="top_0" pos="99.71" speed="15.00" angle="182.51" x="-1.64" y="127.95"/>
        <vehicle id="rltop.2" eclass="HBEFA2/P_7_7" CO2="2285.10" CO="0.41" HC="0.36" NOx="3.91" PMx="0.15" fuel="0.91" electricity="0.00" noise="65.34" route="routetop" type="rl" waiting="0.00" lane="top_0" pos="51.50" speed="15.00" angle="225.98" x="34.01" y="216.36"/>
        <vehicle id="rltop.3" eclass="HBEFA2/P_7_7" CO2="2285.10" CO="0.41" HC="0.36" NOx="3.91" PMx="0.15" fuel="0.91" electricity="0.00" noise="65.34" route="routetop" type="rl" waiting="0.00" lane="top_0" pos="41.48" speed="15.00" angle="234.94" x="49.11" y="229.86"/>
    </timestep>
    <timestep time="5.20">
        <vehicle id="rlbottom.0" eclass="HBEFA2/P_7_7" CO2="2285.10" CO="0.41" HC="0.36" NOx="3.91" PMx="0.15" fuel="0.91" electricity="0.00" noise="65.34" route="routebottom" type="rl" waiting="0.00" lane="bottom_0" pos="73.00" speed="15.00" angle="26.54" x="244.83" y="74.24"/>
        <vehicle id="rlbottom.1" eclass="HBEFA2/P_7_7" CO2="2285.10" CO="0.41" HC="0.36" NOx="3.91" PMx="0.15" fuel="0.91" electricity="0.00" noise="65.34" route="routebottom" type="rl" waiting="0.00" lane="right_0" pos="1.21" speed="15.00" angle="1.14" x="256.24" y="129.81"/>
        <vehicle id="rlbottom.2" eclass="HBEFA2/P_7_7" CO2="2285.10" CO="0.41" HC="0.36" NOx="3.91" PMx="0.15" fuel="0.91" electricity="0.00" noise="65.34" route="routebottom" type="rl" waiting="0.00" lane="bottom_0" pos="53.00" speed="15.00" angle="44.51" x="222.69" y="40.53"/>
        <vehicle id="rlbottom.3" eclass="HBEFA2/P_7_7" CO2="2285.10" CO="0.41" HC="0.36" NOx="3.91" PMx="0.15" fuel="0.91" electricity="0.00" noise="65.34" route="routebottom" type="rl" waiting="0.00" lane="bottom_0" pos="42.98" speed="15.00" angle="53.57" x="207.94" y="26.66"/>
        <vehicle id="rlleft.0" eclass="HBEFA2/P_7_7" CO2="2285.10" CO="0.41" HC="0.36" NOx="3.91" PMx="0.15" fuel="0.91" electricity="0.00" noise="65.34" route="routeleft" type="rl" waiting="0.00" lane="left_0" pos="73.00" speed="15.00" angle="116.54" x="74.24" y="9.81"/>
        <vehicle id="rlleft.1" eclass="HBEFA2/P_7_7" CO2="2285.10" CO="0.41" HC="0.36" NOx="3.91" PMx="0.15" fuel="0.91" electricity="0.00" noise="65.34" route="routebottom" type="rl" waiting="0.00" lane="bottom_0" pos="1.21" speed="15.00" angle="91.17" x="129.81" y="-1.60"/>
        <vehicle id="rlleft.2" eclass="HBEFA2/P_7_7" CO2="2285.10" CO="0.41" HC="0.36" NOx="3.91" PMx="0.15" fuel="0.91" electricity="0.00" noise="65.34" route="routeleft" type="rl" waiting="0.00" lane="left_0" pos="53.00" speed="15.00" angle="134.52" x="40.53" y="31.96"/>
        <vehicle id="rlleft.3" eclass="HBEFA2/P_7_7" CO2="2285.10" CO="0.41" HC="0.36" NOx="3.91" PMx="0.15" fuel="0.91" electricity="0.00" noise="65.34" route="routeleft" type="rl" waiting="0.00" lane="left_0" pos="42.98" speed="15.00" angle="143.57" x="26.66" y="46.71"/>
        <vehicle id="rlright.0" eclass="HBEFA2/P_7_7" CO2="2285.10" CO="0.41" HC="0.36" NOx="3.91" PMx="0.15" fuel="0.91" electricity="0.00" noise="65.34" route="routeright" type="rl" waiting="0.00" lane="right_0" pos="73.00" speed="15.00" angle="296.54" x="180.41" y="244.83"/>
        <vehicle id="rlright.1" eclass="HBEFA2/P_7_7" CO2="2285.10" CO="0.41" HC="0.36" NOx="3.91" PMx="0.15" fuel="0.91" electricity="0.00" noise="65.34" route="routetop" type="rl" waiting="0.00" lane="top_0" pos="1.21" speed="15.00" angle="271.14" x="124.84" y="256.24"/>
        <vehicle id="rlright.2" eclass="HBEFA2/P_7_7" CO2="2285.10" CO="0.41" HC="0.36" NOx="3.91" PMx="0.15" fuel="0.91" electricity="0.00" noise="65.34" route="routeright" type="rl" waiting="0.00" lane="right_0" pos="53.00" speed="15.00" angle="314.54" x="214.12" y="222.69"/>
        <vehicle id="rlright.3" eclass="HBEFA2/P_7_7" CO2="2285.10" CO="0.41" HC="0.36" NOx="3.91" PMx="0.15" fuel="0.91" electricity="0.00" noise="65.34" route="routeright" type="rl" waiting="0.00" lane="right_0" pos="42.98" speed="15.00" angle="323.56" x="227.98" y="207.94"/>
        <vehicle id="rltop.0" eclass="HBEFA2/P_7_7" CO2="2285.10" CO="0.41" HC="0.36" NOx="3.91" PMx="0.15" fuel="0.91" electricity="0.00" noise="65.34" route="routetop" type="rl" waiting="0.00" lane="top_0" pos="73.00" speed="15.00" angle="206.54" x="9.81" y="180.41"/>
        <vehicle id="rltop.1" eclass="HBEFA2/P_7_7" CO2="2285.10" CO="0.41" HC="0.36" NOx="3.91" PMx="0.15" fuel="0.91" electricity="0.00" noise="65.34" route="routetop" type="rl" waiting="0.00" lane="left_0" pos="1.21" speed="15.00" angle="181.17" x="-1.60" y="124.84"/>
        <vehicle id="rltop.2" eclass="HBEFA2/P_7_7" CO2="2285.10" CO="0.41" HC="0.36" NOx="3.91" PMx="0.15" fuel="0.91" electricity="0.00" noise="65.34" route="routetop" type="rl" waiting="0.00" lane="top_0" pos="53.00" speed="15.00" angle="224.55" x="31.96" y="214.12"/>
        <vehicle id="rltop.3" eclass="HBEFA2/P_7_7" CO2="2285.10" CO="0.41" HC="0.36" NOx="3.91" PMx="0.15" fuel="0.91" electricity="0.00" noise="65.34" route="routetop" type="rl" waiting="0.00" lane="top_0" pos="42.98" speed="15.00" angle="233.56" x="46.71" y="227.98"/>
    </timestep>
    <timestep time="5.30">
        <vehicle id="rlbottom.0" eclass="HBEFA2/P_7_7" CO2="2285.10" CO="0.41" HC="0.36" NOx="3.91" PMx="0.15" fuel="0.91" electricity="0.00" noise="65.34" route="routebottom" type="rl" waiting="0.00" lane="bottom_0" pos="74.50" speed="15.00" angle="25.24" x="246.08" y="77.01"/>
        <vehicle id="rlbottom.1" eclass="HBEFA2/P_7_7" CO2="2285.10" CO="0.41" HC="0.36" NOx="3.91" PMx="0.15" fuel="0.91" electricity="0.00" noise="65.34" route="routebottom" type="rl" waiting="0.00" lane="right_0" pos="2.71" speed="15.00" angle="359.83" x="256.17" y="132.85"/>
        <vehicle id="rlbottom.2" eclass="HBEFA2/P_7_7" CO2="2285.10" CO="0.41" HC="0.36" NOx="3.91" PMx="0.15" fuel="0.91" electricity="0.00" noise="65.34" route="routebottom" type="rl" waiting="0.00" lane="bottom_0" pos="54.50" speed="15.00" angle="43.18" x="224.71" y="42.80"/>
        <vehicle id="rlbottom.3" eclass="HBEFA2/P_7_7" CO2="2285.10" CO="0.41" HC="0.36" NOx="3.91" PMx="0.15" fuel="0.91" electricity="0.00" noise="65.34" route="routebottom" type="rl" waiting="0.00" lane="bottom_0" pos="44.48" speed="15.00" angle="52.21" x="210.28" y="28.60"/>
        <vehicle id="rlleft.0" eclass="HBEFA2/P_7_7" CO2="2285.10" CO="0.41" HC="0.36" NOx="3.91" PMx="0.15" fuel="0.91" electricity="0.00" noise="65.34" route="routeleft" type="rl" waiting="0.00" lane="left_0" pos="74.50" speed="15.00" angle="115.23" x="77.01" y="8.57"/>
        <vehicle id="rlleft.1" eclass="HBEFA2/P_7_7" CO2="2285.10" CO="0.41" HC="0.36" NOx="3.91" PMx="0.15" fuel="0.91" electricity="0.00" noise="65.34" route="routebottom" type="rl" waiting="0.00" lane="bottom_0" pos="2.71" speed="15.00" angle="89.83" x="132.85" y="-1.53"/>
        <vehicle id="rlleft.2" eclass="HBEFA2/P_7_7" CO2="2285.10" CO="0.41" HC="0.36" NOx="3.91" PMx="0.15" fuel="0.91" electricity="0.00" noise="65.34" route="routeleft" type="rl" waiting="0.00" lane="left_0" pos="54.50" speed="15.00" angle="133.17" x="42.80" y="29.94"/>
        <vehicle id="rlleft.3" eclass="HBEFA2/P_7_7" CO2="2285.10" CO="0.41" HC="0.36" NOx="3.91" PMx="0.15" fuel="0.91" electricity="0.00" noise="65.34" route="routeleft" type="rl" waiting="0.00" lane="left_0" pos="44.48" speed="15.00" angle="142.21" x="28.60" y="44.37"/>
        <vehicle id="rlright.0" eclass="HBEFA2/P_7_7" CO2="2285.10" CO="0.41" HC="0.36" NOx="3.91" PMx="0.15" fuel="0.91" electricity="0.00" noise="65.34" route="routeright" type="rl" waiting="0.00" lane="right_0" pos="74.50" speed="15.00" angle="295.24" x="177.64" y="246.08"/>
        <vehicle id="rlright.1" eclass="HBEFA2/P_7_7" CO2="2285.10" CO="0.41" HC="0.36" NOx="3.91" PMx="0.15" fuel="0.91" electricity="0.00" noise="65.34" route="routetop" type="rl" waiting="0.00" lane="top_0" pos="2.71" speed="15.00" angle="269.83" x="121.80" y="256.17"/>
        <vehicle id="rlright.2" eclass="HBEFA2/P_7_7" CO2="2285.10" CO="0.41" HC="0.36" NOx="3.91" PMx="0.15" fuel="0.91" electricity="0.00" noise="65.34" route="routeright" type="rl" waiting="0.00" lane="right_0" pos="54.50" speed="15.00" angle="313.21" x="211.85" y="224.71"/>
        <vehicle id="rlright.3" eclass="HBEFA2/P_7_7" CO2="2285.10" CO="0.41" HC="0.36" NOx="3.91" PMx="0.15" fuel="0.91" electricity="0.00" noise="65.34" route="routeright" type="rl" waiting="0.00" lane="right_0" pos="44.48" speed="15.00" angle="322.22" x="226.05" y="210.28"/>
        <vehicle id="rltop.0" eclass="HBEFA2/P_7_7" CO2="2285.10" CO="0.41" HC="0.36" NOx="3.91" PMx="0.15" fuel="0.91" electricity="0.00" noise="65.34" route="routetop" type="rl" waiting="0.00" lane="top_0" pos="74.50" speed="15.00" angle="205.23" x="8.57" y="177.64"/>
        <vehicle id="rltop.1" eclass="HBEFA2/P_7_7" CO2="2285.10" CO="0.41" HC="0.36" NOx="3.91" PMx="0.15" fuel="0.91" electricity="0.00" noise="65.34" route="routetop" type="rl" waiting="0.00" lane="left_0" pos="2.71" speed="15.00" angle="179.83" x="-1.53" y="121.80"/>
        <vehicle id="rltop.2" eclass="HBEFA2/P_7_7" CO2="2285.10" CO="0.41" HC="0.36" NOx="3.91" PMx="0.15" fuel="0.91" electricity="0.00" noise="65.34" route="routetop" type="rl" waiting="0.00" lane="top_0" pos="54.50" speed="15.00" angle="223.20" x="29.94" y="211.85"/>
        <vehicle id="rltop.3" eclass="HBEFA2/P_7_7" CO2="2285.10" CO="0.41" HC="0.36" NOx="3.91" PMx="0.15" fuel="0.91" electricity="0.00" noise="65.34" route="routetop" type="rl" waiting="0.00" lane="top_0" pos="44.48" speed="15.00" angle="232.22" x="44.37" y="226.05"/>
    </timestep>
    <timestep time="5.40">
        <vehicle id="rlbottom.0" eclass="HBEFA2/P_7_7" CO2="2285.10" CO="0.41" HC="0.36" NOx="3.91" PMx="0.15" fuel="0.91" electricity="0.00" noise="65.34" route="routebottom" type="rl" waiting="0.00" lane="bottom_0" pos="76.00" speed="15.00" angle="23.89" x="247.21" y="79.83"/>
        <vehicle id="rlbottom.1" eclass="HBEFA2/P_7_7" CO2="2285.10" CO="0.41" HC="0.36" NOx="3.91" PMx="0.15" fuel="0.91" electricity="0.00" noise="65.34" route="routebottom" type="rl" waiting="0.00" lane="right_0" pos="4.21" speed="15.00" angle="358.48" x="255.99" y="135.88"/>
        <vehicle id="rlbottom.2" eclass="HBEFA2/P_7_7" CO2="2285.10" CO="0.41" HC="0.36" NOx="3.91" PMx="0.15" fuel="0.91" electricity="0.00" noise="65.34" route="routebottom" type="rl" waiting="0.00" lane="bottom_0" pos="56.00" speed="15.00" angle="41.85" x="226.68" y="45.11"/>
        <vehicle id="rlbottom.3" eclass="HBEFA2/P_7_7" CO2="2285.10" CO="0.41" HC="0.36" NOx="3.91" PMx="0.15" fuel="0.91" electricity="0.00" noise="65.34" route="routebottom" type="rl" waiting="0.00" lane="bottom_0" pos="45.98" speed="15.00" angle="50.77" x="212.59" y="30.57"/>
        <vehicle id="rlleft.0" eclass="HBEFA2/P_7_7" CO2="2285.10" CO="0.41" HC="0.36" NOx="3.91" PMx="0.15" fuel="0.91" electricity="0.00" noise="65.34" route="routeleft" type="rl" waiting="0.00" lane="left_0" pos="76.00" speed="15.00" angle="113.86" x="79.83" y="7.44"/>
        <vehicle id="rlleft.1" eclass="HBEFA2/P_7_7" CO2="2285.10" CO="0.41" HC="0.36" NOx="3.91" PMx="0.15" fuel="0.91" electricity="0.00" noise="65.34" route="routebottom" type="rl" waiting="0.00" lane="bottom_0" pos="4.21" speed="15.00" angle="88.45" x="135.88" y="-1.34"/>
        <vehicle id="rlleft.2" eclass="HBEFA2/P_7_7" CO2="2285.10" CO="0.41" HC="0.36" NOx="3.91" PMx="0.15" fuel="0.91" electricity="0.00" noise="65.34" route="routeleft" type="rl" waiting="0.00" lane="left_0" pos="56.00" speed="15.00" angle="131.81" x="45.11" y="27.97"/>
        <vehicle id="rlleft.3" eclass="HBEFA2/P_7_7" CO2="2285.10" CO="0.41" HC="0.36" NOx="3.91" PMx="0.15" fuel="0.91" electricity="0.00" noise="65.34" route="routeleft" type="rl" waiting="0.00" lane="left_0" pos="45.98" speed="15.00" angle="140.77" x="30.57" y="42.06"/>
        <vehicle id="rlright.0" eclass="HBEFA2/P_7_7" CO2="2285.10" CO="0.41" HC="0.36" NOx="3.91" PMx="0.15" fuel="0.91" electricity="0.00" noise="65.34" route="routeright" type="rl" waiting="0.00" lane="right_0" pos="76.00" speed="15.00" angle="293.89" x="174.82" y="247.21"/>
        <vehicle id="rlright.1" eclass="HBEFA2/P_7_7" CO2="2285.10" CO="0.41" HC="0.36" NOx="3.91" PMx="0.15" fuel="0.91" electricity="0.00" noise="65.34" route="routetop" type="rl" waiting="0.00" lane="top_0" pos="4.21" speed="15.00" angle="268.48" x="118.77" y="255.99"/>
        <vehicle id="rlright.2" eclass="HBEFA2/P_7_7" CO2="2285.10" CO="0.41" HC="0.36" NOx="3.91" PMx="0.15" fuel="0.91" electricity="0.00" noise="65.34" route="routeright" type="rl" waiting="0.00" lane="right_0" pos="56.00" speed="15.00" angle="311.85" x="209.54" y="226.68"/>
        <vehicle id="rlright.3" eclass="HBEFA2/P_7_7" CO2="2285.10" CO="0.41" HC="0.36" NOx="3.91" PMx="0.15" fuel="0.91" electricity="0.00" noise="65.34" route="routeright" type="rl" waiting="0.00" lane="right_0" pos="45.98" speed="15.00" angle="320.81" x="224.08" y="212.59"/>
        <vehicle id="rltop.0" eclass="HBEFA2/P_7_7" CO2="2285.10" CO="0.41" HC="0.36" NOx="3.91" PMx="0.15" fuel="0.91" electricity="0.00" noise="65.34" route="routetop" type="rl" waiting="0.00" lane="top_0" pos="76.00" speed="15.00" angle="203.86" x="7.44" y="174.82"/>
        <vehicle id="rltop.1" eclass="HBEFA2/P_7_7" CO2="2285.10" CO="0.41" HC="0.36" NOx="3.91" PMx="0.15" fuel="0.91" electricity="0.00" noise="65.34" route="routetop" type="rl" waiting="0.00" lane="left_0" pos="4.21" speed="15.00" angle="178.45" x="-1.34" y="118.77"/>
        <vehicle id="rltop.2" eclass="HBEFA2/P_7_7" CO2="2285.10" CO="0.41" HC="0.36" NOx="3.91" PMx="0.15" fuel="0.91" electricity="0.00" noise="65.34" route="routetop" type="rl" waiting="0.00" lane="top_0" pos="56.00" speed="15.00" angle="221.82" x="27.97" y="209.54"/>
        <vehicle id="rltop.3" eclass="HBEFA2/P_7_7" CO2="2285.10" CO="0.41" HC="0.36" NOx="3.91" PMx="0.15" fuel="0.91" electricity="0.00" noise="65.34" route="routetop" type="rl" waiting="0.00" lane="top_0" pos="45.98" speed="15.00" angle="230.81" x="42.06" y="224.08"/>
    </timestep>
    <timestep time="5.50">
        <vehicle id="rlbottom.0" eclass="HBEFA2/P_7_7" CO2="2285.10" CO="0.41" HC="0.36" NOx="3.91" PMx="0.15" fuel="0.91" electricity="0.00" noise="65.34" route="routebottom" type="rl" waiting="0.00" lane="bottom_0" pos="77.50" speed="15.00" angle="22.57" x="248.30" y="82.66"/>
        <vehicle id="rlbottom.1" eclass="HBEFA2/P_7_7" CO2="2285.10" CO="0.41" HC="0.36" NOx="3.91" PMx="0.15" fuel="0.91" electricity="0.00" noise="65.34" route="routebottom" type="rl" waiting="0.00" lane="right_0" pos="5.71" speed="15.00" angle="357.15" x="255.76" y="138.91"/>
        <vehicle id="rlbottom.2" eclass="HBEFA2/P_7_7" CO2="2285.10" CO="0.41" HC="0.36" NOx="3.91" PMx="0.15" fuel="0.91" electricity="0.00" noise="65.34" route="routebottom" type="rl" waiting="0.00" lane="bottom_0" pos="57.50" speed="15.00" angle="40.53" x="228.58" y="47.48"/>
        <vehicle id="rlbottom.3" eclass="HBEFA2/P_7_7" CO2="2285.10" CO="0.41" HC="0.36" NOx="3.91" PMx="0.15" fuel="0.91" electricity="0.00" noise="65.34" route="routebottom" type="rl" waiting="0.00" lane="bottom_0" pos="47.48" speed="15.00" angle="49.49" x="214.84" y="32.61"/>
        <vehicle id="rlleft.0" eclass="HBEFA2/P_7_7" CO2="2285.10" CO="0.41" HC="0.36" NOx="3.91" PMx="0.15" fuel="0.91" electricity="0.00" noise="65.34" route="routeleft" type="rl" waiting="0.00" lane="left_0" pos="77.50" speed="15.00" angle="112.53" x="82.66" y="6.35"/>
        <vehicle id="rlleft.1" eclass="HBEFA2/P_7_7" CO2="2285.10" CO="0.41" HC="0.36" NOx="3.91" PMx="0.15" fuel="0.91" electricity="0.00" noise="65.34" route="routebottom" type="rl" waiting="0.00" lane="bottom_0" pos="5.71" speed="15.00" angle="87.10" x="138.91" y="-1.11"/>
        <vehicle id="rlleft.2" eclass="HBEFA2/P_7_7" CO2="2285.10" CO="0.41" HC="0.36" NOx="3.91" PMx="0.15" fuel="0.91" electricity="0.00" noise="65.34" route="routeleft" type="rl" waiting="0.00" lane="left_0" pos="57.50" speed="15.00" angle="130.53" x="47.48" y="26.06"/>
        <vehicle id="rlleft.3" eclass="HBEFA2/P_7_7" CO2="2285.10" CO="0.41" HC="0.36" NOx="3.91" PMx="0.15" fuel="0.91" electricity="0.00" noise="65.34" route="routeleft" type="rl" waiting="0.00" lane="left_0" pos="47.48" speed="15.00" angle="139.49" x="32.61" y="39.81"/>
        <vehicle id="rlright.0" eclass="HBEFA2/P_7_7" CO2="2285.10" CO="0.41" HC="0.36" NOx="3.91" PMx="0.15" fuel="0.91" electricity="0.00" noise="65.34" route="routeright" type="rl" waiting="0.00" lane="right_0" pos="77.50" speed="15.00" angle="292.57" x="171.99" y="248.30"/>
        <vehicle id="rlright.1" eclass="HBEFA2/P_7_7" CO2="2285.10" CO="0.41" HC="0.36" NOx="3.91" PMx="0.15" fuel="0.91" electricity="0.00" noise="65.34" route="routetop" type="rl" waiting="0.00" lane="top_0" pos="5.71" speed="15.00" angle="267.15" x="115.74" y="255.76"/>
        <vehicle id="rlright.2" eclass="HBEFA2/P_7_7" CO2="2285.10" CO="0.41" HC="0.36" NOx="3.91" PMx="0.15" fuel="0.91" electricity="0.00" noise="65.34" route="routeright" type="rl" waiting="0.00" lane="right_0" pos="57.50" speed="15.00" angle="310.53" x="207.17" y="228.58"/>
        <vehicle id="rlright.3" eclass="HBEFA2/P_7_7" CO2="2285.10" CO="0.41" HC="0.36" NOx="3.91" PMx="0.15" fuel="0.91" electricity="0.00" noise="65.34" route="routeright" type="rl" waiting="0.00" lane="right_0" pos="47.48" speed="15.00" angle="319.48" x="222.03" y="214.83"/>
        <vehicle id="rltop.0" eclass="HBEFA2/P_7_7" CO2="2285.10" CO="0.41" HC="0.36" NOx="3.91" PMx="0.15" fuel="0.91" electricity="0.00" noise="65.34" route="routetop" type="rl" waiting="0.00" lane="top_0" pos="77.50" speed="15.00" angle="202.53" x="6.35" y="171.99"/>
        <vehicle id="rltop.1" eclass="HBEFA2/P_7_7" CO2="2285.10" CO="0.41" HC="0.36" NOx="3.91" PMx="0.15" fuel="0.91" electricity="0.00" noise="65.34" route="routetop" type="rl" waiting="0.00" lane="left_0" pos="5.71" speed="15.00" angle="177.10" x="-1.11" y="115.74"/>
        <vehicle id="rltop.2" eclass="HBEFA2/P_7_7" CO2="2285.10" CO="0.41" HC="0.36" NOx="3.91" PMx="0.15" fuel="0.91" electricity="0.00" noise="65.34" route="routetop" type="rl" waiting="0.00" lane="top_0" pos="57.50" speed="15.00" angle="220.53" x="26.06" y="207.17"/>
        <vehicle id="rltop.3" eclass="HBEFA2/P_7_7" CO2="2285.10" CO="0.41" HC="0.36" NOx="3.91" PMx="0.15" fuel="0.91" electricity="0.00" noise="65.34" route="routetop" type="rl" waiting="0.00" lane="top_0" pos="47.48" speed="15.00" angle="229.48" x="39.82" y="222.03"/>
    </timestep>
    <timestep time="5.60">
        <vehicle id="rlbottom.0" eclass="HBEFA2/P_7_7" CO2="2285.10" CO="0.41" HC="0.36" NOx="3.91" PMx="0.15" fuel="0.91" electricity="0.00" noise="65.34" route="routebottom" type="rl" waiting="0.00" lane="bottom_0" pos="79.00" speed="15.00" angle="21.14" x="249.32" y="85.52"/>
        <vehicle id="rlbottom.1" eclass="HBEFA2/P_7_7" CO2="2285.10" CO="0.41" HC="0.36" NOx="3.91" PMx="0.15" fuel="0.91" electricity="0.00" noise="65.34" route="routebottom" type="rl" waiting="0.00" lane="right_0" pos="7.21" speed="15.00" angle="355.76" x="255.45" y="141.93"/>
        <vehicle id="rlbottom.2" eclass="HBEFA2/P_7_7" CO2="2285.10" CO="0.41" HC="0.36" NOx="3.91" PMx="0.15" fuel="0.91" electricity="0.00" noise="65.34" route="routebottom" type="rl" waiting="0.00" lane="bottom_0" pos="59.00" speed="15.00" angle="39.20" x="230.45" y="49.87"/>
        <vehicle id="rlbottom.3" eclass="HBEFA2/P_7_7" CO2="2285.10" CO="0.41" HC="0.36" NOx="3.91" PMx="0.15" fuel="0.91" electricity="0.00" noise="65.34" route="routebottom" type="rl" waiting="0.00" lane="bottom_0" pos="48.98" speed="15.00" angle="48.20" x="217.06" y="34.69"/>
        <vehicle id="rlleft.0" eclass="HBEFA2/P_7_7" CO2="2285.10" CO="0.41" HC="0.36" NOx="3.91" PMx="0.15" fuel="0.91" electricity="0.00" noise="65.34" route="routeleft" type="rl" waiting="0.00" lane="left_0" pos="79.00" speed="15.00" angle="111.13" x="85.52" y="5.33"/>
        <vehicle id="rlleft.1" eclass="HBEFA2/P_7_7" CO2="2285.10" CO="0.41" HC="0.36" NOx="3.91" PMx="0.15" fuel="0.91" electricity="0.00" noise="65.34" route="routebottom" type="rl" waiting="0.00" lane="bottom_0" pos="7.21" speed="15.00" angle="85.70" x="141.93" y="-0.80"/>
        <vehicle id="rlleft.2" eclass="HBEFA2/P_7_7" CO2="2285.10" CO="0.41" HC="0.36" NOx="3.91" PMx="0.15" fuel="0.91" electricity="0.00" noise="65.34" route="routeleft" type="rl" waiting="0.00" lane="left_0" pos="59.00" speed="15.00" angle="129.25" x="49.87" y="24.19"/>
        <vehicle id="rlleft.3" eclass="HBEFA2/P_7_7" CO2="2285.10" CO="0.41" HC="0.36" NOx="3.91" PMx="0.15" fuel="0.91" electricity="0.00" noise="65.34" route="routeleft" type="rl" waiting="0.00" lane="left_0" pos="48.98" speed="15.00" angle="138.21" x="34.69" y="37.59"/>
        <vehicle id="rlright.0" eclass="HBEFA2/P_7_7" CO2="2285.10" CO="0.41" HC="0.36" NOx="3.91" PMx="0.15" fuel="0.91" electricity="0.00" noise="65.34" route="routeright" type="rl" waiting="0.00" lane="right_0" pos="79.00" speed="15.00" angle="291.14" x="169.13" y="249.32"/>
        <vehicle id="rlright.1" eclass="HBEFA2/P_7_7" CO2="2285.10" CO="0.41" HC="0.36" NOx="3.91" PMx="0.15" fuel="0.91" electricity="0.00" noise="65.34" route="routetop" type="rl" waiting="0.00" lane="top_0" pos="7.21" speed="15.00" angle="265.76" x="112.72" y="255.45"/>
        <vehicle id="rlright.2" eclass="HBEFA2/P_7_7" CO2="2285.10" CO="0.41" HC="0.36" NOx="3.91" PMx="0.15" fuel="0.91" electricity="0.00" noise="65.34" route="routeright" type="rl" waiting="0.00" lane="right_0" pos="59.00" speed="15.00" angle="309.20" x="204.78" y="230.45"/>
        <vehicle id="rlright.3" eclass="HBEFA2/P_7_7" CO2="2285.10" CO="0.41" HC="0.36" NOx="3.91" PMx="0.15" fuel="0.91" electricity="0.00" noise="65.34" route="routeright" type="rl" waiting="0.00" lane="right_0" pos="48.98" speed="15.00" angle="318.17" x="219.96" y="217.05"/>
        <vehicle id="rltop.0" eclass="HBEFA2/P_7_7" CO2="2285.10" CO="0.41" HC="0.36" NOx="3.91" PMx="0.15" fuel="0.91" electricity="0.00" noise="65.34" route="routetop" type="rl" waiting="0.00" lane="top_0" pos="79.00" speed="15.00" angle="201.13" x="5.33" y="169.13"/>
        <vehicle id="rltop.1" eclass="HBEFA2/P_7_7" CO2="2285.10" CO="0.41" HC="0.36" NOx="3.91" PMx="0.15" fuel="0.91" electricity="0.00" noise="65.34" route="routetop" type="rl" waiting="0.00" lane="left_0" pos="7.21" speed="15.00" angle="175.70" x="-0.80" y="112.72"/>
        <vehicle id="rltop.2" eclass="HBEFA2/P_7_7" CO2="2285.10" CO="0.41" HC="0.36" NOx="3.91" PMx="0.15" fuel="0.91" electricity="0.00" noise="65.34" route="routetop" type="rl" waiting="0.00" lane="top_0" pos="59.00" speed="15.00" angle="219.25" x="24.19" y="204.78"/>
        <vehicle id="rltop.3" eclass="HBEFA2/P_7_7" CO2="2285.10" CO="0.41" HC="0.36" NOx="3.91" PMx="0.15" fuel="0.91" electricity="0.00" noise="65.34" route="routetop" type="rl" waiting="0.00" lane="top_0" pos="48.98" speed="15.00" angle="228.17" x="37.60" y="219.96"/>
    </timestep>
    <timestep time="5.70">
        <vehicle id="rlbottom.0" eclass="HBEFA2/P_7_7" CO2="2285.10" CO="0.41" HC="0.36" NOx="3.91" PMx="0.15" fuel="0.91" electricity="0.00" noise="65.34" route="routebottom" type="rl" waiting="0.00" lane="bottom_0" pos="80.50" speed="15.00" angle="19.81" x="250.26" y="88.41"/>
        <vehicle id="rlbottom.1" eclass="HBEFA2/P_7_7" CO2="2285.10" CO="0.41" HC="0.36" NOx="3.91" PMx="0.15" fuel="0.91" electricity="0.00" noise="65.34" route="routebottom" type="rl" waiting="0.00" lane="right_0" pos="8.71" speed="15.00" angle="354.42" x="255.07" y="144.94"/>
        <vehicle id="rlbottom.2" eclass="HBEFA2/P_7_7" CO2="2285.10" CO="0.41" HC="0.36" NOx="3.91" PMx="0.15" fuel="0.91" electricity="0.00" noise="65.34" route="routebottom" type="rl" waiting="0.00" lane="bottom_0" pos="60.50" speed="15.00" angle="37.79" x="232.23" y="52.34"/>
        <vehicle id="rlbottom.3" eclass="HBEFA2/P_7_7" CO2="2285.10" CO="0.41" HC="0.36" NOx="3.91" PMx="0.15" fuel="0.91" electricity="0.00" noise="65.34" route="routebottom" type="rl" waiting="0.00" lane="bottom_0" pos="50.48" speed="15.00" angle="46.82" x="219.20" y="36.84"/>
        <vehicle id="rlleft.0" eclass="HBEFA2/P_7_7" CO2="2285.10" CO="0.41" HC="0.36" NOx="3.91" PMx="0.15" fuel="0.91" electricity="0.00" noise="65.34" route="routeleft" type="rl" waiting="0.00" lane="left_0" pos="80.50" speed="15.00" angle="109.81" x="88.41" y="4.39"/>
        <vehicle id="rlleft.1" eclass="HBEFA2/P_7_7" CO2="2285.10" CO="0.41" HC="0.36" NOx="3.91" PMx="0.15" fuel="0.91" electricity="0.00" noise="65.34" route="routebottom" type="rl" waiting="0.00" lane="bottom_0" pos="8.71" speed="15.00" angle="84.39" x="144.94" y="-0.42"/>
        <vehicle id="rlleft.2" eclass="HBEFA2/P_7_7" CO2="2285.10" CO="0.41" HC="0.36" NOx="3.91" PMx="0.15" fuel="0.91" electricity="0.00" noise="65.34" route="routeleft" type="rl" waiting="0.00" lane="left_0" pos="60.50" speed="15.00" angle="127.81" x="52.34" y="22.42"/>
        <vehicle id="rlleft.3" eclass="HBEFA2/P_7_7" CO2="2285.10" CO="0.41" HC="0.36" NOx="3.91" PMx="0.15" fuel="0.91" electricity="0.00" noise="65.34" route="routeleft" type="rl" waiting="0.00" lane="left_0" pos="50.48" speed="15.00" angle="136.85" x="36.83" y="35.45"/>
        <vehicle id="rlright.0" eclass="HBEFA2/P_7_7" CO2="2285.10" CO="0.41" HC="0.36" NOx="3.91" PMx="0.15" fuel="0.91" electricity="0.00" noise="65.34" route="routeright" type="rl" waiting="0.00" lane="right_0" pos="80.50" speed="15.00" angle="289.81" x="166.24" y="250.26"/>
        <vehicle id="rlright.1" eclass="HBEFA2/P_7_7" CO2="2285.10" CO="0.41" HC="0.36" NOx="3.91" PMx="0.15" fuel="0.91" electricity="0.00" noise="65.34" route="routetop" type="rl" waiting="0.00" lane="top_0" pos="8.71" speed="15.00" angle="264.42" x="109.71" y="255.07"/>
        <vehicle id="rlright.2" eclass="HBEFA2/P_7_7" CO2="2285.10" CO="0.41" HC="0.36" NOx="3.91" PMx="0.15" fuel="0.91" electricity="0.00" noise="65.34" route="routeright" type="rl" waiting="0.00" lane="right_0" pos="60.50" speed="15.00" angle="307.79" x="202.31" y="232.23"/>
        <vehicle id="rlright.3" eclass="HBEFA2/P_7_7" CO2="2285.10" CO="0.41" HC="0.36" NOx="3.91" PMx="0.15" fuel="0.91" electricity="0.00" noise="65.34" route="routeright" type="rl" waiting="0.00" lane="right_0" pos="50.48" speed="15.00" angle="316.81" x="217.81" y="219.20"/>
        <vehicle id="rltop.0" eclass="HBEFA2/P_7_7" CO2="2285.10" CO="0.41" HC="0.36" NOx="3.91" PMx="0.15" fuel="0.91" electricity="0.00" noise="65.34" route="routetop" type="rl" waiting="0.00" lane="top_0" pos="80.50" speed="15.00" angle="199.81" x="4.39" y="166.24"/>
        <vehicle id="rltop.1" eclass="HBEFA2/P_7_7" CO2="2285.10" CO="0.41" HC="0.36" NOx="3.91" PMx="0.15" fuel="0.91" electricity="0.00" noise="65.34" route="routetop" type="rl" waiting="0.00" lane="left_0" pos="8.71" speed="15.00" angle="174.39" x="-0.42" y="109.71"/>
        <vehicle id="rltop.2" eclass="HBEFA2/P_7_7" CO2="2285.10" CO="0.41" HC="0.36" NOx="3.91" PMx="0.15" fuel="0.91" electricity="0.00" noise="65.34" route="routetop" type="rl" waiting="0.00" lane="top_0" pos="60.50" speed="15.00" angle="217.81" x="22.42" y="202.31"/>
        <vehicle id="rltop.3" eclass="HBEFA2/P_7_7" CO2="2285.10" CO="0.41" HC="0.36" NOx="3.91" PMx="0.15" fuel="0.91" electricity="0.00" noise="65.34" route="routetop" type="rl" waiting="0.00" lane="top_0" pos="50.48" speed="15.00" angle="226.83" x="35.45" y="217.81"/>
    </timestep>
    <timestep time="5.80">
        <vehicle id="rlbottom.0" eclass="HBEFA2/P_7_7" CO2="2285.10" CO="0.41" HC="0.36" NOx="3.91" PMx="0.15" fuel="0.91" electricity="0.00" noise="65.34" route="routebottom" type="rl" waiting="0.00" lane="bottom_0" pos="82.00" speed="15.00" angle="18.45" x="251.17" y="91.31"/>
        <vehicle id="rlbottom.1" eclass="HBEFA2/P_7_7" CO2="2285.10" CO="0.41" HC="0.36" NOx="3.91" PMx="0.15" fuel="0.91" electricity="0.00" noise="65.34" route="routebottom" type="rl" waiting="0.00" lane="right_0" pos="10.21" speed="15.00" angle="353.07" x="254.64" y="147.95"/>
        <vehicle id="rlbottom.2" eclass="HBEFA2/P_7_7" CO2="2285.10" CO="0.41" HC="0.36" NOx="3.91" PMx="0.15" fuel="0.91" electricity="0.00" noise="65.34" route="routebottom" type="rl" waiting="0.00" lane="bottom_0" pos="62.00" speed="15.00" angle="36.46" x="233.97" y="54.82"/>
        <vehicle id="rlbottom.3" eclass="HBEFA2/P_7_7" CO2="2285.10" CO="0.41" HC="0.36" NOx="3.91" PMx="0.15" fuel="0.91" electricity="0.00" noise="65.34" route="routebottom" type="rl" waiting="0.00" lane="bottom_0" pos="51.98" speed="15.00" angle="45.47" x="221.30" y="39.03"/>
        <vehicle id="rlleft.0" eclass="HBEFA2/P_7_7" CO2="2285.10" CO="0.41" HC="0.36" NOx="3.91" PMx="0.15" fuel="0.91" electricity="0.00" noise="65.34" route="routeleft" type="rl" waiting="0.00" lane="left_0" pos="82.00" speed="15.00" angle="108.45" x="91.31" y="3.48"/>
        <vehicle id="rlleft.1" eclass="HBEFA2/P_7_7" CO2="2285.10" CO="0.41" HC="0.36" NOx="3.91" PMx="0.15" fuel="0.91" electricity="0.00" noise="65.34" route="routebottom" type="rl" waiting="0.00" lane="bottom_0" pos="10.21" speed="15.00" angle="83.07" x="147.95" y="0.01"/>
        <vehicle id="rlleft.2" eclass="HBEFA2/P_7_7" CO2="2285.10" CO="0.41" HC="0.36" NOx="3.91" PMx="0.15" fuel="0.91" electricity="0.00" noise="65.34" route="routeleft" type="rl" waiting="0.00" lane="left_0" pos="62.00" speed="15.00" angle="126.45" x="54.82" y="20.68"/>
        <vehicle id="rlleft.3" eclass="HBEFA2/P_7_7" CO2="2285.10" CO="0.41" HC="0.36" NOx="3.91" PMx="0.15" fuel="0.91" electricity="0.00" noise="65.34" route="routeleft" type="rl" waiting="0.00" lane="left_0" pos="51.98" speed="15.00" angle="135.50" x="39.02" y="33.34"/>
        <vehicle id="rlright.0" eclass="HBEFA2/P_7_7" CO2="2285.10" CO="0.41" HC="0.36" NOx="3.91" PMx="0.15" fuel="0.91" electricity="0.00" noise="65.34" route="routeright" type="rl" waiting="0.00" lane="right_0" pos="82.00" speed="15.00" angle="288.45" x="163.34" y="251.17"/>
        <vehicle id="rlright.1" eclass="HBEFA2/P_7_7" CO2="2285.10" CO="0.41" HC="0.36" NOx="3.91" PMx="0.15" fuel="0.91" electricity="0.00" noise="65.34" route="routetop" type="rl" waiting="0.00" lane="top_0" pos="10.21" speed="15.00" angle="263.07" x="106.70" y="254.64"/>
        <vehicle id="rlright.2" eclass="HBEFA2/P_7_7" CO2="2285.10" CO="0.41" HC="0.36" NOx="3.91" PMx="0.15" fuel="0.91" electricity="0.00" noise="65.34" route="routeright" type="rl" waiting="0.00" lane="right_0" pos="62.00" speed="15.00" angle="306.46" x="199.83" y="233.97"/>
        <vehicle id="rlright.3" eclass="HBEFA2/P_7_7" CO2="2285.10" CO="0.41" HC="0.36" NOx="3.91" PMx="0.15" fuel="0.91" electricity="0.00" noise="65.34" route="routeright" type="rl" waiting="0.00" lane="right_0" pos="51.98" speed="15.00" angle="315.48" x="215.62" y="221.31"/>
        <vehicle id="rltop.0" eclass="HBEFA2/P_7_7" CO2="2285.10" CO="0.41" HC="0.36" NOx="3.91" PMx="0.15" fuel="0.91" electricity="0.00" noise="65.34" route="routetop" type="rl" waiting="0.00" lane="top_0" pos="82.00" speed="15.00" angle="198.45" x="3.48" y="163.34"/>
        <vehicle id="rltop.1" eclass="HBEFA2/P_7_7" CO2="2285.10" CO="0.41" HC="0.36" NOx="3.91" PMx="0.15" fuel="0.91" electricity="0.00" noise="65.34" route="routetop" type="rl" waiting="0.00" lane="left_0" pos="10.21" speed="15.00" angle="173.07" x="0.01" y="106.70"/>
        <vehicle id="rltop.2" eclass="HBEFA2/P_7_7" CO2="2285.10" CO="0.41" HC="0.36" NOx="3.91" PMx="0.15" fuel="0.91" electricity="0.00" noise="65.34" route="routetop" type="rl" waiting="0.00" lane="top_0" pos="62.00" speed="15.00" angle="216.45" x="20.68" y="199.83"/>
        <vehicle id="rltop.3" eclass="HBEFA2/P_7_7" CO2="2285.10" CO="0.41" HC="0.36" NOx="3.91" PMx="0.15" fuel="0.91" electricity="0.00" noise="65.34" route="routetop" type="rl" waiting="0.00" lane="top_0" pos="51.98" speed="15.00" angle="225.51" x="33.34" y="215.63"/>
    </timestep>
    <timestep time="5.90">
        <vehicle id="rlbottom.0" eclass="HBEFA2/P_7_7" CO2="2285.10" CO="0.41" HC="0.36" NOx="3.91" PMx="0.15" fuel="0.91" electricity="0.00" noise="65.34" route="routebottom" type="rl" waiting="0.00" lane="bottom_0" pos="83.50" speed="15.00" angle="17.10" x="251.96" y="94.24"/>
        <vehicle id="rlbottom.1" eclass="HBEFA2/P_7_7" CO2="2285.10" CO="0.41" HC="0.36" NOx="3.91" PMx="0.15" fuel="0.91" electricity="0.00" noise="65.34" route="routebottom" type="rl" waiting="0.00" lane="right_0" pos="11.71" speed="15.00" angle="351.69" x="254.09" y="150.94"/>
        <vehicle id="rlbottom.2" eclass="HBEFA2/P_7_7" CO2="2285.10" CO="0.41" HC="0.36" NOx="3.91" PMx="0.15" fuel="0.91" electricity="0.00" noise="65.34" route="routebottom" type="rl" waiting="0.00" lane="bottom_0" pos="63.50" speed="15.00" angle="35.08" x="235.65" y="57.36"/>
        <vehicle id="rlbottom.3" eclass="HBEFA2/P_7_7" CO2="2285.10" CO="0.41" HC="0.36" NOx="3.91" PMx="0.15" fuel="0.91" electricity="0.00" noise="65.34" route="routebottom" type="rl" waiting="0.00" lane="bottom_0" pos="53.48" speed="15.00" angle="44.04" x="223.36" y="41.26"/>
        <vehicle id="rlleft.0" eclass="HBEFA2/P_7_7" CO2="2285.10" CO="0.41" HC="0.36" NOx="3.91" PMx="0.15" fuel="0.91" electricity="0.00" noise="65.34" route="routeleft" type="rl" waiting="0.00" lane="left_0" pos="83.50" speed="15.00" angle="107.10" x="94.24" y="2.69"/>
        <vehicle id="rlleft.1" eclass="HBEFA2/P_7_7" CO2="2285.10" CO="0.41" HC="0.36" NOx="3.91" PMx="0.15" fuel="0.91" electricity="0.00" noise="65.34" route="routebottom" type="rl" waiting="0.00" lane="bottom_0" pos="11.71" speed="15.00" angle="81.69" x="150.94" y="0.56"/>
        <vehicle id="rlleft.2" eclass="HBEFA2/P_7_7" CO2="2285.10" CO="0.41" HC="0.36" NOx="3.91" PMx="0.15" fuel="0.91" electricity="0.00" noise="65.34" route="routeleft" type="rl" waiting="0.00" lane="left_0" pos="63.50" speed="15.00" angle="125.04" x="57.36" y="19.00"/>
        <vehicle id="rlleft.3" eclass="HBEFA2/P_7_7" CO2="2285.10" CO="0.41" HC="0.36" NOx="3.91" PMx="0.15" fuel="0.91" electricity="0.00" noise="65.34" route="routeleft" type="rl" waiting="0.00" lane="left_0" pos="53.48" speed="15.00" angle="134.05" x="41.26" y="31.29"/>
        <vehicle id="rlright.0" eclass="HBEFA2/P_7_7" CO2="2285.10" CO="0.41" HC="0.36" NOx="3.91" PMx="0.15" fuel="0.91" electricity="0.00" noise="65.34" route="routeright" type="rl" waiting="0.00" lane="right_0" pos="83.50" speed="15.00" angle="287.10" x="160.41" y="251.96"/>
        <vehicle id="rlright.1" eclass="HBEFA2/P_7_7" CO2="2285.10" CO="0.41" HC="0.36" NOx="3.91" PMx="0.15" fuel="0.91" electricity="0.00" noise="65.34" route="routetop" type="rl" waiting="0.00" lane="top_0" pos="11.71" speed="15.00" angle="261.69" x="103.71" y="254.09"/>
        <vehicle id="rlright.2" eclass="HBEFA2/P_7_7" CO2="2285.10" CO="0.41" HC="0.36" NOx="3.91" PMx="0.15" fuel="0.91" electricity="0.00" noise="65.34" route="routeright" type="rl" waiting="0.00" lane="right_0" pos="63.50" speed="15.00" angle="305.08" x="197.29" y="235.65"/>
        <vehicle id="rlright.3" eclass="HBEFA2/P_7_7" CO2="2285.10" CO="0.41" HC="0.36" NOx="3.91" PMx="0.15" fuel="0.91" electricity="0.00" noise="65.34" route="routeright" type="rl" waiting="0.00" lane="right_0" pos="53.48" speed="15.00" angle="314.08" x="213.39" y="223.36"/>
        <vehicle id="rltop.0" eclass="HBEFA2/P_7_7" CO2="2285.10" CO="0.41" HC="0.36" NOx="3.91" PMx="0.15" fuel="0.91" electricity="0.00" noise="65.34" route="routetop" type="rl" waiting="0.00" lane="top_0" pos="83.50" speed="15.00" angle="197.10" x="2.69" y="160.41"/>
        <vehicle id="rltop.1" eclass="HBEFA2/P_7_7" CO2="2285.10" CO="0.41" HC="0.36" NOx="3.91" PMx="0.15" fuel="0.91" electricity="0.00" noise="65.34" route="routetop" type="rl" waiting="0.00" lane="left_0" pos="11.71" speed="15.00" angle="171.69" x="0.56" y="103.71"/>
        <vehicle id="rltop.2" eclass="HBEFA2/P_7_7" CO2="2285.10" CO="0.41" HC="0.36" NOx="3.91" PMx="0.15" fuel="0.91" electricity="0.00" noise="65.34" route="routetop" type="rl" waiting="0.00" lane="top_0" pos="63.50" speed="15.00" angle="215.04" x="19.00" y="197.29"/>
        <vehicle id="rltop.3" eclass="HBEFA2/P_7_7" CO2="2285.10" CO="0.41" HC="0.36" NOx="3.91" PMx="0.15" fuel="0.91" electricity="0.00" noise="65.34" route="routetop" type="rl" waiting="0.00" lane="top_0" pos="53.48" speed="15.00" angle="224.08" x="31.28" y="213.39"/>
    </timestep>
    <timestep time="6.00">
        <vehicle id="rlbottom.0" eclass="HBEFA2/P_7_7" CO2="2285.10" CO="0.41" HC="0.36" NOx="3.91" PMx="0.15" fuel="0.91" electricity="0.00" noise="65.34" route="routebottom" type="rl" waiting="0.00" lane="bottom_0" pos="85.00" speed="15.00" angle="15.78" x="252.71" y="97.19"/>
        <vehicle id="rlbottom.1" eclass="HBEFA2/P_7_7" CO2="2285.10" CO="0.41" HC="0.36" NOx="3.91" PMx="0.15" fuel="0.91" electricity="0.00" noise="65.34" route="routebottom" type="rl" waiting="0.00" lane="right_0" pos="13.21" speed="15.00" angle="350.36" x="253.51" y="153.92"/>
        <vehicle id="rlbottom.2" eclass="HBEFA2/P_7_7" CO2="2285.10" CO="0.41" HC="0.36" NOx="3.91" PMx="0.15" fuel="0.91" electricity="0.00" noise="65.34" route="routebottom" type="rl" waiting="0.00" lane="bottom_0" pos="65.00" speed="15.00" angle="33.76" x="237.26" y="59.93"/>
        <vehicle id="rlbottom.3" eclass="HBEFA2/P_7_7" CO2="2285.10" CO="0.41" HC="0.36" NOx="3.91" PMx="0.15" fuel="0.91" electricity="0.00" noise="65.34" route="routebottom" type="rl" waiting="0.00" lane="bottom_0" pos="54.98" speed="15.00" angle="42.75" x="225.36" y="43.55"/>
        <vehicle id="rlleft.0" eclass="HBEFA2/P_7_7" CO2="2285.10" CO="0.41" HC="0.36" NOx="3.91" PMx="0.15" fuel="0.91" electricity="0.00" noise="65.34" route="routeleft" type="rl" waiting="0.00" lane="left_0" pos="85.00" speed="15.00" angle="105.78" x="97.19" y="1.94"/>
        <vehicle id="rlleft.1" eclass="HBEFA2/P_7_7" CO2="2285.10" CO="0.41" HC="0.36" NOx="3.91" PMx="0.15" fuel="0.91" electricity="0.00" noise="65.34" route="routebottom" type="rl" waiting="0.00" lane="bottom_0" pos="13.21" speed="15.00" angle="80.36" x="153.92" y="1.14"/>
        <vehicle id="rlleft.2" eclass="HBEFA2/P_7_7" CO2="2285.10" CO="0.41" HC="0.36" NOx="3.91" PMx="0.15" fuel="0.91" electricity="0.00" noise="65.34" route="routeleft" type="rl" waiting="0.00" lane="left_0" pos="65.00" speed="15.00" angle="123.75" x="59.93" y="17.39"/>
        <vehicle id="rlleft.3" eclass="HBEFA2/P_7_7" CO2="2285.10" CO="0.41" HC="0.36" NOx="3.91" PMx="0.15" fuel="0.91" electricity="0.00" noise="65.34" route="routeleft" type="rl" waiting="0.00" lane="left_0" pos="54.98" speed="15.00" angle="132.73" x="43.55" y="29.29"/>
        <vehicle id="rlright.0" eclass="HBEFA2/P_7_7" CO2="2285.10" CO="0.41" HC="0.36" NOx="3.91" PMx="0.15" fuel="0.91" electricity="0.00" noise="65.34" route="routeright" type="rl" waiting="0.00" lane="right_0" pos="85.00" speed="15.00" angle="285.78" x="157.46" y="252.71"/>
        <vehicle id="rlright.1" eclass="HBEFA2/P_7_7" CO2="2285.10" CO="0.41" HC="0.36" NOx="3.91" PMx="0.15" fuel="0.91" electricity="0.00" noise="65.34" route="routetop" type="rl" waiting="0.00" lane="top_0" pos="13.21" speed="15.00" angle="260.36" x="100.73" y="253.51"/>
        <vehicle id="rlright.2" eclass="HBEFA2/P_7_7" CO2="2285.10" CO="0.41" HC="0.36" NOx="3.91" PMx="0.15" fuel="0.91" electricity="0.00" noise="65.34" route="routeright" type="rl" waiting="0.00" lane="right_0" pos="65.00" speed="15.00" angle="303.76" x="194.72" y="237.26"/>
        <vehicle id="rlright.3" eclass="HBEFA2/P_7_7" CO2="2285.10" CO="0.41" HC="0.36" NOx="3.91" PMx="0.15" fuel="0.91" electricity="0.00" noise="65.34" route="routeright" type="rl" waiting="0.00" lane="right_0" pos="54.98" speed="15.00" angle="312.77" x="211.10" y="225.36"/>
        <vehicle id="rltop.0" eclass="HBEFA2/P_7_7" CO2="2285.10" CO="0.41" HC="0.36" NOx="3.91" PMx="0.15" fuel="0.91" electricity="0.00" noise="65.34" route="routetop" type="rl" waiting="0.00" lane="top_0" pos="85.00" speed="15.00" angle="195.78" x="1.94" y="157.46"/>
        <vehicle id="rltop.1" eclass="HBEFA2/P_7_7" CO2="2285.10" CO="0.41" HC="0.36" NOx="3.91" PMx="0.15" fuel="0.91" electricity="0.00" noise="65.34" route="routetop" type="rl" waiting="0.00" lane="left_0" pos="13.21" speed="15.00" angle="170.36" x="1.14" y="100.73"/>
        <vehicle id="rltop.2" eclass="HBEFA2/P_7_7" CO2="2285.10" CO="0.41" HC="0.36" NOx="3.91" PMx="0.15" fuel="0.91" electricity="0.00" noise="65.34" route="routetop" type="rl" waiting="0.00" lane="top_0" pos="65.00" speed="15.00" angle="213.75" x="17.39" y="194.72"/>
        <vehicle id="rltop.3" eclass="HBEFA2/P_7_7" CO2="2285.10" CO="0.41" HC="0.36" NOx="3.91" PMx="0.15" fuel="0.91" electricity="0.00" noise="65.34" route="routetop" type="rl" waiting="0.00" lane="top_0" pos="54.98" speed="15.00" angle="222.75" x="29.29" y="211.10"/>
    </timestep>
    <timestep time="6.10">
        <vehicle id="rlbottom.0" eclass="HBEFA2/P_7_7" CO2="0.00" CO="0.00" HC="0.00" NOx="0.00" PMx="0.00" fuel="0.00" electricity="0.00" noise="502.55" route="routebottom" type="rl" waiting="0.00" lane="bottom_0" pos="87.49" speed="24.90" angle="13.54" x="253.80" y="102.11"/>
        <vehicle id="rlbottom.1" eclass="HBEFA2/P_7_7" CO2="0.00" CO="0.00" HC="0.00" NOx="0.00" PMx="0.00" fuel="0.00" electricity="0.00" noise="502.55" route="routebottom" type="rl" waiting="0.00" lane="right_0" pos="15.70" speed="24.90" angle="348.12" x="252.38" y="158.83"/>
        <vehicle id="rlbottom.2" eclass="HBEFA2/P_7_7" CO2="0.00" CO="0.00" HC="0.00" NOx="0.00" PMx="0.00" fuel="0.00" electricity="0.00" noise="502.55" route="routebottom" type="rl" waiting="0.00" lane="bottom_0" pos="67.49" speed="24.90" angle="31.53" x="239.81" y="64.28"/>
        <vehicle id="rlbottom.3" eclass="HBEFA2/P_7_7" CO2="0.00" CO="0.00" HC="0.00" NOx="0.00" PMx="0.00" fuel="0.00" electricity="0.00" noise="502.55" route="routebottom" type="rl" waiting="0.00" lane="bottom_0" pos="57.48" speed="24.90" angle="40.55" x="228.56" y="47.45"/>
        <vehicle id="rlleft.0" eclass="HBEFA2/P_7_7" CO2="0.00" CO="0.00" HC="0.00" NOx="0.00" PMx="0.00" fuel="0.00" electricity="0.00" noise="502.55" route="routeleft" type="rl" waiting="0.00" lane="left_0" pos="87.49" speed="24.90" angle="103.54" x="102.11" y="0.85"/>
        <vehicle id="rlleft.1" eclass="HBEFA2/P_7_7" CO2="0.00" CO="0.00" HC="0.00" NOx="0.00" PMx="0.00" fuel="0.00" electricity="0.00" noise="502.55" route="routebottom" type="rl" waiting="0.00" lane="bottom_0" pos="15.70" speed="24.90" angle="78.12" x="158.83" y="2.27"/>
        <vehicle id="rlleft.2" eclass="HBEFA2/P_7_7" CO2="0.00" CO="0.00" HC="0.00" NOx="0.00" PMx="0.00" fuel="0.00" electricity="0.00" noise="502.55" route="routeleft" type="rl" waiting="0.00" lane="left_0" pos="67.49" speed="24.90" angle="121.56" x="64.28" y="14.83"/>
        <vehicle id="rlleft.3" eclass="HBEFA2/P_7_7" CO2="0.00" CO="0.00" HC="0.00" NOx="0.00" PMx="0.00" fuel="0.00" electricity="0.00" noise="502.55" route="routeleft" type="rl" waiting="0.00" lane="left_0" pos="57.48" speed="24.90" angle="130.55" x="47.45" y="26.09"/>
        <vehicle id="rlright.0" eclass="HBEFA2/P_7_7" CO2="0.00" CO="0.00" HC="0.00" NOx="0.00" PMx="0.00" fuel="0.00" electricity="0.00" noise="502.55" route="routeright" type="rl" waiting="0.00" lane="right_0" pos="87.49" speed="24.90" angle="283.54" x="152.54" y="253.80"/>
        <vehicle id="rlright.1" eclass="HBEFA2/P_7_7" CO2="0.00" CO="0.00" HC="0.00" NOx="0.00" PMx="0.00" fuel="0.00" electricity="0.00" noise="502.55" route="routetop" type="rl" waiting="0.00" lane="top_0" pos="15.70" speed="24.90" angle="258.12" x="95.82" y="252.38"/>
        <vehicle id="rlright.2" eclass="HBEFA2/P_7_7" CO2="0.00" CO="0.00" HC="0.00" NOx="0.00" PMx="0.00" fuel="0.00" electricity="0.00" noise="502.55" route="routeright" type="rl" waiting="0.00" lane="right_0" pos="67.49" speed="24.90" angle="301.53" x="190.37" y="239.81"/>
        <vehicle id="rlright.3" eclass="HBEFA2/P_7_7" CO2="0.00" CO="0.00" HC="0.00" NOx="0.00" PMx="0.00" fuel="0.00" electricity="0.00" noise="502.55" route="routeright" type="rl" waiting="0.00" lane="right_0" pos="57.48" speed="24.90" angle="310.55" x="207.20" y="228.56"/>
        <vehicle id="rltop.0" eclass="HBEFA2/P_7_7" CO2="0.00" CO="0.00" HC="0.00" NOx="0.00" PMx="0.00" fuel="0.00" electricity="0.00" noise="502.55" route="routetop" type="rl" waiting="0.00" lane="top_0" pos="87.49" speed="24.90" angle="193.54" x="0.85" y="152.54"/>
        <vehicle id="rltop.1" eclass="HBEFA2/P_7_7" CO2="0.00" CO="0.00" HC="0.00" NOx="0.00" PMx="0.00" fuel="0.00" electricity="0.00" noise="502.55" route="routetop" type="rl" waiting="0.00" lane="left_0" pos="15.70" speed="24.90" angle="168.12" x="2.27" y="95.82"/>
        <vehicle id="rltop.2" eclass="HBEFA2/P_7_7" CO2="0.00" CO="0.00" HC="0.00" NOx="0.00" PMx="0.00" fuel="0.00" electricity="0.00" noise="502.55" route="routetop" type="rl" waiting="0.00" lane="top_0" pos="67.49" speed="24.90" angle="211.56" x="14.83" y="190.37"/>
        <vehicle id="rltop.3" eclass="HBEFA2/P_7_7" CO2="0.00" CO="0.00" HC="0.00" NOx="0.00" PMx="0.00" fuel="0.00" electricity="0.00" noise="502.55" route="routetop" type="rl" waiting="0.00" lane="top_0" pos="57.48" speed="24.90" angle="220.55" x="26.09" y="207.20"/>
    </timestep>
    <timestep time="6.20">
        <vehicle id="rlbottom.0" eclass="HBEFA2/P_7_7" CO2="8026.29" CO="125.58" HC="2.46" NOx="17.24" PMx="0.80" fuel="3.20" electricity="0.00" noise="73.46" route="routebottom" type="rl" waiting="0.00" lane="bottom_0" pos="89.99" speed="25.00" angle="11.31" x="254.69" y="107.09"/>
        <vehicle id="rlbottom.1" eclass="HBEFA2/P_7_7" CO2="8026.29" CO="125.58" HC="2.46" NOx="17.24" PMx="0.80" fuel="3.20" electricity="0.00" noise="73.46" route="routebottom" type="rl" waiting="0.00" lane="right_0" pos="18.20" speed="25.00" angle="345.89" x="251.05" y="163.72"/>
        <vehicle id="rlbottom.2" eclass="HBEFA2/P_7_7" CO2="8026.29" CO="125.58" HC="2.46" NOx="17.24" PMx="0.80" fuel="3.20" electricity="0.00" noise="73.46" route="routebottom" type="rl" waiting="0.00" lane="bottom_0" pos="69.99" speed="25.00" angle="29.28" x="242.20" y="68.74"/>
        <vehicle id="rlbottom.3" eclass="HBEFA2/P_7_7" CO2="8026.29" CO="125.58" HC="2.46" NOx="17.24" PMx="0.80" fuel="3.20" electricity="0.00" noise="73.46" route="routebottom" type="rl" waiting="0.00" lane="bottom_0" pos="59.98" speed="25.00" angle="38.28" x="231.61" y="51.48"/>
        <vehicle id="rlleft.0" eclass="HBEFA2/P_7_7" CO2="8026.29" CO="125.58" HC="2.46" NOx="17.24" PMx="0.80" fuel="3.20" electricity="0.00" noise="73.46" route="routeleft" type="rl" waiting="0.00" lane="left_0" pos="89.99" speed="25.00" angle="101.31" x="107.09" y="-0.04"/>
        <vehicle id="rlleft.1" eclass="HBEFA2/P_7_7" CO2="8026.29" CO="125.58" HC="2.46" NOx="17.24" PMx="0.80" fuel="3.20" electricity="0.00" noise="73.46" route="routebottom" type="rl" waiting="0.00" lane="bottom_0" pos="18.20" speed="25.00" angle="75.89" x="163.72" y="3.60"/>
        <vehicle id="rlleft.2" eclass="HBEFA2/P_7_7" CO2="8026.29" CO="125.58" HC="2.46" NOx="17.24" PMx="0.80" fuel="3.20" electricity="0.00" noise="73.46" route="routeleft" type="rl" waiting="0.00" lane="left_0" pos="69.99" speed="25.00" angle="119.28" x="68.74" y="12.45"/>
        <vehicle id="rlleft.3" eclass="HBEFA2/P_7_7" CO2="8026.29" CO="125.58" HC="2.46" NOx="17.24" PMx="0.80" fuel="3.20" electricity="0.00" noise="73.46" route="routeleft" type="rl" waiting="0.00" lane="left_0" pos="59.98" speed="25.00" angle="128.31" x="51.48" y="23.03"/>
        <vehicle id="rlright.0" eclass="HBEFA2/P_7_7" CO2="8026.29" CO="125.58" HC="2.46" NOx="17.24" PMx="0.80" fuel="3.20" electricity="0.00" noise="73.46" route="routeright" type="rl" waiting="0.00" lane="right_0" pos="89.99" speed="25.00" angle="281.31" x="147.56" y="254.69"/>
        <vehicle id="rlright.1" eclass="HBEFA2/P_7_7" CO2="8026.29" CO="125.58" HC="2.46" NOx="17.24" PMx="0.80" fuel="3.20" electricity="0.00" noise="73.46" route="routetop" type="rl" waiting="0.00" lane="top_0" pos="18.20" speed="25.00" angle="255.89" x="90.93" y="251.05"/>
        <vehicle id="rlright.2" eclass="HBEFA2/P_7_7" CO2="8026.29" CO="125.58" HC="2.46" NOx="17.24" PMx="0.80" fuel="3.20" electricity="0.00" noise="73.46" route="routeright" type="rl" waiting="0.00" lane="right_0" pos="69.99" speed="25.00" angle="299.28" x="185.91" y="242.20"/>
        <vehicle id="rlright.3" eclass="HBEFA2/P_7_7" CO2="8026.29" CO="125.58" HC="2.46" NOx="17.24" PMx="0.80" fuel="3.20" electricity="0.00" noise="73.46" route="routeright" type="rl" waiting="0.00" lane="right_0" pos="59.98" speed="25.00" angle="308.28" x="203.17" y="231.61"/>
        <vehicle id="rltop.0" eclass="HBEFA2/P_7_7" CO2="8026.29" CO="125.58" HC="2.46" NOx="17.24" PMx="0.80" fuel="3.20" electricity="0.00" noise="73.46" route="routetop" type="rl" waiting="0.00" lane="top_0" pos="89.99" speed="25.00" angle="191.31" x="-0.04" y="147.56"/>
        <vehicle id="rltop.1" eclass="HBEFA2/P_7_7" CO2="8026.29" CO="125.58" HC="2.46" NOx="17.24" PMx="0.80" fuel="3.20" electricity="0.00" noise="73.46" route="routetop" type="rl" waiting="0.00" lane="left_0" pos="18.20" speed="25.00" angle="165.89" x="3.60" y="90.93"/>
        <vehicle id="rltop.2" eclass="HBEFA2/P_7_7" CO2="8026.29" CO="125.58" HC="2.46" NOx="17.24" PMx="0.80" fuel="3.20" electricity="0.00" noise="73.46" route="routetop" type="rl" waiting="0.00" lane="top_0" pos="69.99" speed="25.00" angle="209.28" x="12.45" y="185.91"/>
        <vehicle id="rltop.3" eclass="HBEFA2/P_7_7" CO2="8026.29" CO="125.58" HC="2.46" NOx="17.24" PMx="0.80" fuel="3.20" electricity="0.00" noise="73.46" route="routetop" type="rl" waiting="0.00" lane="top_0" pos="59.98" speed="25.00" angle="218.31" x="23.03" y="203.17"/>
    </timestep>
    <timestep time="6.30">
        <vehicle id="rlbottom.0" eclass="HBEFA2/P_7_7" CO2="4302.31" CO="48.54" HC="1.00" NOx="8.70" PMx="0.36" fuel="1.72" electricity="0.00" noise="71.39" route="routebottom" type="rl" waiting="0.00" lane="bottom_0" pos="92.49" speed="25.00" angle="9.06" x="255.39" y="112.11"/>
        <vehicle id="rlbottom.1" eclass="HBEFA2/P_7_7" CO2="4302.31" CO="48.54" HC="1.00" NOx="8.70" PMx="0.36" fuel="1.72" electricity="0.00" noise="71.39" route="routebottom" type="rl" waiting="0.00" lane="right_0" pos="20.70" speed="25.00" angle="343.64" x="249.53" y="168.54"/>
        <vehicle id="rlbottom.2" eclass="HBEFA2/P_7_7" CO2="4302.31" CO="48.54" HC="1.00" NOx="8.70" PMx="0.36" fuel="1.72" electricity="0.00" noise="71.39" route="routebottom" type="rl" waiting="0.00" lane="bottom_0" pos="72.49" speed="25.00" angle="27.00" x="244.41" y="73.30"/>
        <vehicle id="rlbottom.3" eclass="HBEFA2/P_7_7" CO2="4302.31" CO="48.54" HC="1.00" NOx="8.70" PMx="0.36" fuel="1.72" electricity="0.00" noise="71.39" route="routebottom" type="rl" waiting="0.00" lane="bottom_0" pos="62.48" speed="25.00" angle="36.02" x="234.51" y="55.63"/>
        <vehicle id="rlleft.0" eclass="HBEFA2/P_7_7" CO2="4302.31" CO="48.54" HC="1.00" NOx="8.70" PMx="0.36" fuel="1.72" electricity="0.00" noise="71.39" route="routeleft" type="rl" waiting="0.00" lane="left_0" pos="92.49" speed="25.00" angle="99.06" x="112.11" y="-0.74"/>
        <vehicle id="rlleft.1" eclass="HBEFA2/P_7_7" CO2="4302.31" CO="48.54" HC="1.00" NOx="8.70" PMx="0.36" fuel="1.72" electricity="0.00" noise="71.39" route="routebottom" type="rl" waiting="0.00" lane="bottom_0" pos="20.70" speed="25.00" angle="73.64" x="168.54" y="5.12"/>
        <vehicle id="rlleft.2" eclass="HBEFA2/P_7_7" CO2="4302.31" CO="48.54" HC="1.00" NOx="8.70" PMx="0.36" fuel="1.72" electricity="0.00" noise="71.39" route="routeleft" type="rl" waiting="0.00" lane="left_0" pos="72.49" speed="25.00" angle="117.00" x="73.29" y="10.24"/>
        <vehicle id="rlleft.3" eclass="HBEFA2/P_7_7" CO2="4302.31" CO="48.54" HC="1.00" NOx="8.70" PMx="0.36" fuel="1.72" electricity="0.00" noise="71.39" route="routeleft" type="rl" waiting="0.00" lane="left_0" pos="62.48" speed="25.00" angle="126.00" x="55.63" y="20.14"/>
        <vehicle id="rlright.0" eclass="HBEFA2/P_7_7" CO2="4302.31" CO="48.54" HC="1.00" NOx="8.70" PMx="0.36" fuel="1.72" electricity="0.00" noise="71.39" route="routeright" type="rl" waiting="0.00" lane="right_0" pos="92.49" speed="25.00" angle="279.06" x="142.54" y="255.39"/>
        <vehicle id="rlright.1" eclass="HBEFA2/P_7_7" CO2="4302.31" CO="48.54" HC="1.00" NOx="8.70" PMx="0.36" fuel="1.72" electricity="0.00" noise="71.39" route="routetop" type="rl" waiting="0.00" lane="top_0" pos="20.70" speed="25.00" angle="253.64" x="86.11" y="249.53"/>
        <vehicle id="rlright.2" eclass="HBEFA2/P_7_7" CO2="4302.31" CO="48.54" HC="1.00" NOx="8.70" PMx="0.36" fuel="1.72" electricity="0.00" noise="71.39" route="routeright" type="rl" waiting="0.00" lane="right_0" pos="72.49" speed="25.00" angle="297.00" x="181.35" y="244.41"/>
        <vehicle id="rlright.3" eclass="HBEFA2/P_7_7" CO2="4302.31" CO="48.54" HC="1.00" NOx="8.70" PMx="0.36" fuel="1.72" electricity="0.00" noise="71.39" route="routeright" type="rl" waiting="0.00" lane="right_0" pos="62.48" speed="25.00" angle="306.02" x="199.02" y="234.51"/>
        <vehicle id="rltop.0" eclass="HBEFA2/P_7_7" CO2="4302.31" CO="48.54" HC="1.00" NOx="8.70" PMx="0.36" fuel="1.72" electricity="0.00" noise="71.39" route="routetop" type="rl" waiting="0.00" lane="top_0" pos="92.49" speed="25.00" angle="189.06" x="-0.74" y="142.54"/>
        <vehicle id="rltop.1" eclass="HBEFA2/P_7_7" CO2="4302.31" CO="48.54" HC="1.00" NOx="8.70" PMx="0.36" fuel="1.72" electricity="0.00" noise="71.39" route="routetop" type="rl" waiting="0.00" lane="left_0" pos="20.70" speed="25.00" angle="163.64" x="5.12" y="86.11"/>
        <vehicle id="rltop.2" eclass="HBEFA2/P_7_7" CO2="4302.31" CO="48.54" HC="1.00" NOx="8.70" PMx="0.36" fuel="1.72" electricity="0.00" noise="71.39" route="routetop" type="rl" waiting="0.00" lane="top_0" pos="72.49" speed="25.00" angle="207.00" x="10.23" y="181.36"/>
        <vehicle id="rltop.3" eclass="HBEFA2/P_7_7" CO2="4302.31" CO="48.54" HC="1.00" NOx="8.70" PMx="0.36" fuel="1.72" electricity="0.00" noise="71.39" route="routetop" type="rl" waiting="0.00" lane="top_0" pos="62.48" speed="25.00" angle="216.00" x="20.14" y="199.02"/>
    </timestep>
    <timestep time="6.40">
        <vehicle id="rlbottom.0" eclass="HBEFA2/P_7_7" CO2="4274.58" CO="48.05" HC="0.99" NOx="8.65" PMx="0.36" fuel="1.70" electricity="0.00" noise="71.38" route="routebottom" type="rl" waiting="0.00" lane="bottom_0" pos="94.99" speed="25.00" angle="6.80" x="255.89" y="117.14"/>
        <vehicle id="rlbottom.1" eclass="HBEFA2/P_7_7" CO2="4274.58" CO="48.05" HC="0.99" NOx="8.65" PMx="0.36" fuel="1.70" electricity="0.00" noise="71.38" route="routebottom" type="rl" waiting="0.00" lane="right_0" pos="23.20" speed="25.00" angle="341.40" x="247.82" y="173.31"/>
        <vehicle id="rlbottom.2" eclass="HBEFA2/P_7_7" CO2="4274.58" CO="48.05" HC="0.99" NOx="8.65" PMx="0.36" fuel="1.70" electricity="0.00" noise="71.38" route="routebottom" type="rl" waiting="0.00" lane="bottom_0" pos="74.99" speed="25.00" angle="24.80" x="246.45" y="77.93"/>
        <vehicle id="rlbottom.3" eclass="HBEFA2/P_7_7" CO2="4274.58" CO="48.05" HC="0.99" NOx="8.65" PMx="0.36" fuel="1.70" electricity="0.00" noise="71.38" route="routebottom" type="rl" waiting="0.00" lane="bottom_0" pos="64.98" speed="25.00" angle="33.78" x="237.24" y="59.90"/>
        <vehicle id="rlleft.0" eclass="HBEFA2/P_7_7" CO2="4274.58" CO="48.05" HC="0.99" NOx="8.65" PMx="0.36" fuel="1.70" electricity="0.00" noise="71.38" route="routeleft" type="rl" waiting="0.00" lane="left_0" pos="94.99" speed="25.00" angle="96.80" x="117.14" y="-1.24"/>
        <vehicle id="rlleft.1" eclass="HBEFA2/P_7_7" CO2="4274.58" CO="48.05" HC="0.99" NOx="8.65" PMx="0.36" fuel="1.70" electricity="0.00" noise="71.38" route="routebottom" type="rl" waiting="0.00" lane="bottom_0" pos="23.20" speed="25.00" angle="71.40" x="173.31" y="6.83"/>
        <vehicle id="rlleft.2" eclass="HBEFA2/P_7_7" CO2="4274.58" CO="48.05" HC="0.99" NOx="8.65" PMx="0.36" fuel="1.70" electricity="0.00" noise="71.38" route="routeleft" type="rl" waiting="0.00" lane="left_0" pos="74.99" speed="25.00" angle="114.78" x="77.93" y="8.20"/>
        <vehicle id="rlleft.3" eclass="HBEFA2/P_7_7" CO2="4274.58" CO="48.05" HC="0.99" NOx="8.65" PMx="0.36" fuel="1.70" electricity="0.00" noise="71.38" route="routeleft" type="rl" waiting="0.00" lane="left_0" pos="64.98" speed="25.00" angle="123.76" x="59.89" y="17.41"/>
        <vehicle id="rlright.0" eclass="HBEFA2/P_7_7" CO2="4274.58" CO="48.05" HC="0.99" NOx="8.65" PMx="0.36" fuel="1.70" electricity="0.00" noise="71.38" route="routeright" type="rl" waiting="0.00" lane="right_0" pos="94.99" speed="25.00" angle="276.80" x="137.51" y="255.89"/>
        <vehicle id="rlright.1" eclass="HBEFA2/P_7_7" CO2="4274.58" CO="48.05" HC="0.99" NOx="8.65" PMx="0.36" fuel="1.70" electricity="0.00" noise="71.38" route="routetop" type="rl" waiting="0.00" lane="top_0" pos="23.20" speed="25.00" angle="251.39" x="81.34" y="247.82"/>
        <vehicle id="rlright.2" eclass="HBEFA2/P_7_7" CO2="4274.58" CO="48.05" HC="0.99" NOx="8.65" PMx="0.36" fuel="1.70" electricity="0.00" noise="71.38" route="routeright" type="rl" waiting="0.00" lane="right_0" pos="74.99" speed="25.00" angle="294.80" x="176.72" y="246.45"/>
        <vehicle id="rlright.3" eclass="HBEFA2/P_7_7" CO2="4274.58" CO="48.05" HC="0.99" NOx="8.65" PMx="0.36" fuel="1.70" electricity="0.00" noise="71.38" route="routeright" type="rl" waiting="0.00" lane="right_0" pos="64.98" speed="25.00" angle="303.78" x="194.75" y="237.24"/>
        <vehicle id="rltop.0" eclass="HBEFA2/P_7_7" CO2="4274.58" CO="48.05" HC="0.99" NOx="8.65" PMx="0.36" fuel="1.70" electricity="0.00" noise="71.38" route="routetop" type="rl" waiting="0.00" lane="top_0" pos="94.99" speed="25.00" angle="186.80" x="-1.24" y="137.51"/>
        <vehicle id="rltop.1" eclass="HBEFA2/P_7_7" CO2="4274.58" CO="48.05" HC="0.99" NOx="8.65" PMx="0.36" fuel="1.70" electricity="0.00" noise="71.38" route="routetop" type="rl" waiting="0.00" lane="left_0" pos="23.20" speed="25.00" angle="161.40" x="6.83" y="81.34"/>
        <vehicle id="rltop.2" eclass="HBEFA2/P_7_7" CO2="4274.58" CO="48.05" HC="0.99" NOx="8.65" PMx="0.36" fuel="1.70" electricity="0.00" noise="71.38" route="routetop" type="rl" waiting="0.00" lane="top_0" pos="74.99" speed="25.00" angle="204.78" x="8.20" y="176.72"/>
        <vehicle id="rltop.3" eclass="HBEFA2/P_7_7" CO2="4274.58" CO="48.05" HC="0.99" NOx="8.65" PMx="0.36" fuel="1.70" electricity="0.00" noise="71.38" route="routetop" type="rl" waiting="0.00" lane="top_0" pos="64.98" speed="25.00" angle="213.76" x="17.41" y="194.75"/>
    </timestep>
    <timestep time="6.50">
        <vehicle id="rlbottom.0" eclass="HBEFA2/P_7_7" CO2="4274.30" CO="48.05" HC="0.99" NOx="8.65" PMx="0.36" fuel="1.70" electricity="0.00" noise="71.38" route="routebottom" type="rl" waiting="0.00" lane="bottom_0" pos="97.49" speed="25.00" angle="4.52" x="256.19" y="122.20"/>
        <vehicle id="rlbottom.1" eclass="HBEFA2/P_7_7" CO2="4274.30" CO="48.05" HC="0.99" NOx="8.65" PMx="0.36" fuel="1.70" electricity="0.00" noise="71.38" route="routebottom" type="rl" waiting="0.00" lane="right_0" pos="25.70" speed="25.00" angle="339.15" x="245.92" y="178.00"/>
        <vehicle id="rlbottom.2" eclass="HBEFA2/P_7_7" CO2="4274.30" CO="48.05" HC="0.99" NOx="8.65" PMx="0.36" fuel="1.70" electricity="0.00" noise="71.38" route="routebottom" type="rl" waiting="0.00" lane="bottom_0" pos="77.49" speed="25.00" angle="22.58" x="248.29" y="82.64"/>
        <vehicle id="rlbottom.3" eclass="HBEFA2/P_7_7" CO2="4274.30" CO="48.05" HC="0.99" NOx="8.65" PMx="0.36" fuel="1.70" electricity="0.00" noise="71.38" route="routebottom" type="rl" waiting="0.00" lane="bottom_0" pos="67.48" speed="25.00" angle="31.54" x="239.80" y="64.26"/>
        <vehicle id="rlleft.0" eclass="HBEFA2/P_7_7" CO2="4274.30" CO="48.05" HC="0.99" NOx="8.65" PMx="0.36" fuel="1.70" electricity="0.00" noise="71.38" route="routeleft" type="rl" waiting="0.00" lane="left_0" pos="97.49" speed="25.00" angle="94.58" x="122.20" y="-1.55"/>
        <vehicle id="rlleft.1" eclass="HBEFA2/P_7_7" CO2="4274.30" CO="48.05" HC="0.99" NOx="8.65" PMx="0.36" fuel="1.70" electricity="0.00" noise="71.38" route="routebottom" type="rl" waiting="0.00" lane="bottom_0" pos="25.70" speed="25.00" angle="69.15" x="178.00" y="8.73"/>
        <vehicle id="rlleft.2" eclass="HBEFA2/P_7_7" CO2="4274.30" CO="48.05" HC="0.99" NOx="8.65" PMx="0.36" fuel="1.70" electricity="0.00" noise="71.38" route="routeleft" type="rl" waiting="0.00" lane="left_0" pos="77.49" speed="25.00" angle="112.54" x="82.64" y="6.36"/>
        <vehicle id="rlleft.3" eclass="HBEFA2/P_7_7" CO2="4274.30" CO="48.05" HC="0.99" NOx="8.65" PMx="0.36" fuel="1.70" electricity="0.00" noise="71.38" route="routeleft" type="rl" waiting="0.00" lane="left_0" pos="67.48" speed="25.00" angle="121.57" x="64.26" y="14.84"/>
        <vehicle id="rlright.0" eclass="HBEFA2/P_7_7" CO2="4274.30" CO="48.05" HC="0.99" NOx="8.65" PMx="0.36" fuel="1.70" electricity="0.00" noise="71.38" route="routeright" type="rl" waiting="0.00" lane="right_0" pos="97.49" speed="25.00" angle="274.52" x="132.45" y="256.19"/>
        <vehicle id="rlright.1" eclass="HBEFA2/P_7_7" CO2="4274.30" CO="48.05" HC="0.99" NOx="8.65" PMx="0.36" fuel="1.70" electricity="0.00" noise="71.38" route="routetop" type="rl" waiting="0.00" lane="top_0" pos="25.70" speed="25.00" angle="249.15" x="76.65" y="245.92"/>
        <vehicle id="rlright.2" eclass="HBEFA2/P_7_7" CO2="4274.30" CO="48.05" HC="0.99" NOx="8.65" PMx="0.36" fuel="1.70" electricity="0.00" noise="71.38" route="routeright" type="rl" waiting="0.00" lane="right_0" pos="77.49" speed="25.00" angle="292.58" x="172.01" y="248.29"/>
        <vehicle id="rlright.3" eclass="HBEFA2/P_7_7" CO2="4274.30" CO="48.05" HC="0.99" NOx="8.65" PMx="0.36" fuel="1.70" electricity="0.00" noise="71.38" route="routeright" type="rl" waiting="0.00" lane="right_0" pos="67.48" speed="25.00" angle="301.54" x="190.39" y="239.80"/>
        <vehicle id="rltop.0" eclass="HBEFA2/P_7_7" CO2="4274.30" CO="48.05" HC="0.99" NOx="8.65" PMx="0.36" fuel="1.70" electricity="0.00" noise="71.38" route="routetop" type="rl" waiting="0.00" lane="top_0" pos="97.49" speed="25.00" angle="184.58" x="-1.55" y="132.45"/>
        <vehicle id="rltop.1" eclass="HBEFA2/P_7_7" CO2="4274.30" CO="48.05" HC="0.99" NOx="8.65" PMx="0.36" fuel="1.70" electricity="0.00" noise="71.38" route="routetop" type="rl" waiting="0.00" lane="left_0" pos="25.70" speed="25.00" angle="159.15" x="8.73" y="76.65"/>
        <vehicle id="rltop.2" eclass="HBEFA2/P_7_7" CO2="4274.30" CO="48.05" HC="0.99" NOx="8.65" PMx="0.36" fuel="1.70" electricity="0.00" noise="71.38" route="routetop" type="rl" waiting="0.00" lane="top_0" pos="77.49" speed="25.00" angle="202.54" x="6.36" y="172.01"/>
        <vehicle id="rltop.3" eclass="HBEFA2/P_7_7" CO2="4274.30" CO="48.05" HC="0.99" NOx="8.65" PMx="0.36" fuel="1.70" electricity="0.00" noise="71.38" route="routetop" type="rl" waiting="0.00" lane="top_0" pos="67.48" speed="25.00" angle="211.57" x="14.84" y="190.39"/>
    </timestep>
    <timestep time="6.60">
        <vehicle id="rlbottom.0" eclass="HBEFA2/P_7_7" CO2="4274.30" CO="48.05" HC="0.99" NOx="8.65" PMx="0.36" fuel="1.70" electricity="0.00" noise="71.38" route="routebottom" type="rl" waiting="0.00" lane="bottom_0" pos="99.99" speed="25.00" angle="2.25" x="256.29" y="127.26"/>
        <vehicle id="rlbottom.1" eclass="HBEFA2/P_7_7" CO2="4274.30" CO="48.05" HC="0.99" NOx="8.65" PMx="0.36" fuel="1.70" electricity="0.00" noise="71.38" route="routebottom" type="rl" waiting="0.00" lane="right_0" pos="28.20" speed="25.00" angle="336.83" x="243.84" y="182.62"/>
        <vehicle id="rlbottom.2" eclass="HBEFA2/P_7_7" CO2="4274.30" CO="48.05" HC="0.99" NOx="8.65" PMx="0.36" fuel="1.70" electricity="0.00" noise="71.38" route="routebottom" type="rl" waiting="0.00" lane="bottom_0" pos="79.99" speed="25.00" angle="20.28" x="249.95" y="87.43"/>
        <vehicle id="rlbottom.3" eclass="HBEFA2/P_7_7" CO2="4274.30" CO="48.05" HC="0.99" NOx="8.65" PMx="0.36" fuel="1.70" electricity="0.00" noise="71.38" route="routebottom" type="rl" waiting="0.00" lane="bottom_0" pos="69.98" speed="25.00" angle="29.29" x="242.19" y="68.72"/>
        <vehicle id="rlleft.0" eclass="HBEFA2/P_7_7" CO2="4274.30" CO="48.05" HC="0.99" NOx="8.65" PMx="0.36" fuel="1.70" electricity="0.00" noise="71.38" route="routeleft" type="rl" waiting="0.00" lane="left_0" pos="99.99" speed="25.00" angle="92.30" x="127.26" y="-1.65"/>
        <vehicle id="rlleft.1" eclass="HBEFA2/P_7_7" CO2="4274.30" CO="48.05" HC="0.99" NOx="8.65" PMx="0.36" fuel="1.70" electricity="0.00" noise="71.38" route="routebottom" type="rl" waiting="0.00" lane="bottom_0" pos="28.20" speed="25.00" angle="66.88" x="182.62" y="10.80"/>
        <vehicle id="rlleft.2" eclass="HBEFA2/P_7_7" CO2="4274.30" CO="48.05" HC="0.99" NOx="8.65" PMx="0.36" fuel="1.70" electricity="0.00" noise="71.38" route="routeleft" type="rl" waiting="0.00" lane="left_0" pos="79.99" speed="25.00" angle="110.28" x="87.43" y="4.70"/>
        <vehicle id="rlleft.3" eclass="HBEFA2/P_7_7" CO2="4274.30" CO="48.05" HC="0.99" NOx="8.65" PMx="0.36" fuel="1.70" electricity="0.00" noise="71.38" route="routeleft" type="rl" waiting="0.00" lane="left_0" pos="69.98" speed="25.00" angle="119.29" x="68.72" y="12.46"/>
        <vehicle id="rlright.0" eclass="HBEFA2/P_7_7" CO2="4274.30" CO="48.05" HC="0.99" NOx="8.65" PMx="0.36" fuel="1.70" electricity="0.00" noise="71.38" route="routeright" type="rl" waiting="0.00" lane="right_0" pos="99.99" speed="25.00" angle="272.25" x="127.39" y="256.29"/>
        <vehicle id="rlright.1" eclass="HBEFA2/P_7_7" CO2="4274.30" CO="48.05" HC="0.99" NOx="8.65" PMx="0.36" fuel="1.70" electricity="0.00" noise="71.38" route="routetop" type="rl" waiting="0.00" lane="top_0" pos="28.20" speed="25.00" angle="246.83" x="72.03" y="243.84"/>
        <vehicle id="rlright.2" eclass="HBEFA2/P_7_7" CO2="4274.30" CO="48.05" HC="0.99" NOx="8.65" PMx="0.36" fuel="1.70" electricity="0.00" noise="71.38" route="routeright" type="rl" waiting="0.00" lane="right_0" pos="79.99" speed="25.00" angle="290.28" x="167.22" y="249.95"/>
        <vehicle id="rlright.3" eclass="HBEFA2/P_7_7" CO2="4274.30" CO="48.05" HC="0.99" NOx="8.65" PMx="0.36" fuel="1.70" electricity="0.00" noise="71.38" route="routeright" type="rl" waiting="0.00" lane="right_0" pos="69.98" speed="25.00" angle="299.29" x="185.93" y="242.19"/>
        <vehicle id="rltop.0" eclass="HBEFA2/P_7_7" CO2="4274.30" CO="48.05" HC="0.99" NOx="8.65" PMx="0.36" fuel="1.70" electricity="0.00" noise="71.38" route="routetop" type="rl" waiting="0.00" lane="top_0" pos="99.99" speed="25.00" angle="182.30" x="-1.65" y="127.39"/>
        <vehicle id="rltop.1" eclass="HBEFA2/P_7_7" CO2="4274.30" CO="48.05" HC="0.99" NOx="8.65" PMx="0.36" fuel="1.70" electricity="0.00" noise="71.38" route="routetop" type="rl" waiting="0.00" lane="left_0" pos="28.20" speed="25.00" angle="156.88" x="10.81" y="72.03"/>
        <vehicle id="rltop.2" eclass="HBEFA2/P_7_7" CO2="4274.30" CO="48.05" HC="0.99" NOx="8.65" PMx="0.36" fuel="1.70" electricity="0.00" noise="71.38" route="routetop" type="rl" waiting="0.00" lane="top_0" pos="79.99" speed="25.00" angle="200.28" x="4.69" y="167.22"/>
        <vehicle id="rltop.3" eclass="HBEFA2/P_7_7" CO2="4274.30" CO="48.05" HC="0.99" NOx="8.65" PMx="0.36" fuel="1.70" electricity="0.00" noise="71.38" route="routetop" type="rl" waiting="0.00" lane="top_0" pos="69.98" speed="25.00" angle="209.29" x="12.45" y="185.93"/>
    </timestep>
    <timestep time="6.70">
        <vehicle id="rlbottom.0" eclass="HBEFA2/P_7_7" CO2="4274.30" CO="48.05" HC="0.99" NOx="8.65" PMx="0.36" fuel="1.70" electricity="0.00" noise="71.38" route="routebottom" type="rl" waiting="0.00" lane="right_0" pos="2.49" speed="25.00" angle="0.01" x="256.19" y="132.39"/>
        <vehicle id="rlbottom.1" eclass="HBEFA2/P_7_7" CO2="4274.30" CO="48.05" HC="0.99" NOx="8.65" PMx="0.36" fuel="1.70" electricity="0.00" noise="71.38" route="routebottom" type="rl" waiting="0.00" lane="right_0" pos="30.70" speed="25.00" angle="334.62" x="241.58" y="187.15"/>
        <vehicle id="rlbottom.2" eclass="HBEFA2/P_7_7" CO2="4274.30" CO="48.05" HC="0.99" NOx="8.65" PMx="0.36" fuel="1.70" electricity="0.00" noise="71.38" route="routebottom" type="rl" waiting="0.00" lane="bottom_0" pos="82.48" speed="25.00" angle="18.04" x="251.43" y="92.27"/>
        <vehicle id="rlbottom.3" eclass="HBEFA2/P_7_7" CO2="4274.30" CO="48.05" HC="0.99" NOx="8.65" PMx="0.36" fuel="1.70" electricity="0.00" noise="71.38" route="routebottom" type="rl" waiting="0.00" lane="bottom_0" pos="72.47" speed="25.00" angle="27.01" x="244.40" y="73.28"/>
        <vehicle id="rlleft.0" eclass="HBEFA2/P_7_7" CO2="4274.30" CO="48.05" HC="0.99" NOx="8.65" PMx="0.36" fuel="1.70" electricity="0.00" noise="71.38" route="routebottom" type="rl" waiting="0.00" lane="bottom_0" pos="2.49" speed="25.00" angle="90.01" x="132.39" y="-1.55"/>
        <vehicle id="rlleft.1" eclass="HBEFA2/P_7_7" CO2="4274.30" CO="48.05" HC="0.99" NOx="8.65" PMx="0.36" fuel="1.70" electricity="0.00" noise="71.38" route="routebottom" type="rl" waiting="0.00" lane="bottom_0" pos="30.70" speed="25.00" angle="64.62" x="187.15" y="13.07"/>
        <vehicle id="rlleft.2" eclass="HBEFA2/P_7_7" CO2="4274.30" CO="48.05" HC="0.99" NOx="8.65" PMx="0.36" fuel="1.70" electricity="0.00" noise="71.38" route="routeleft" type="rl" waiting="0.00" lane="left_0" pos="82.48" speed="25.00" angle="108.04" x="92.27" y="3.22"/>
        <vehicle id="rlleft.3" eclass="HBEFA2/P_7_7" CO2="4274.30" CO="48.05" HC="0.99" NOx="8.65" PMx="0.36" fuel="1.70" electricity="0.00" noise="71.38" route="routeleft" type="rl" waiting="0.00" lane="left_0" pos="72.47" speed="25.00" angle="117.01" x="73.28" y="10.24"/>
        <vehicle id="rlright.0" eclass="HBEFA2/P_7_7" CO2="4274.30" CO="48.05" HC="0.99" NOx="8.65" PMx="0.36" fuel="1.70" electricity="0.00" noise="71.38" route="routetop" type="rl" waiting="0.00" lane="top_0" pos="2.49" speed="25.00" angle="270.01" x="122.26" y="256.19"/>
        <vehicle id="rlright.1" eclass="HBEFA2/P_7_7" CO2="4274.30" CO="48.05" HC="0.99" NOx="8.65" PMx="0.36" fuel="1.70" electricity="0.00" noise="71.38" route="routetop" type="rl" waiting="0.00" lane="top_0" pos="30.70" speed="25.00" angle="244.62" x="67.50" y="241.58"/>
        <vehicle id="rlright.2" eclass="HBEFA2/P_7_7" CO2="4274.30" CO="48.05" HC="0.99" NOx="8.65" PMx="0.36" fuel="1.70" electricity="0.00" noise="71.38" route="routeright" type="rl" waiting="0.00" lane="right_0" pos="82.48" speed="25.00" angle="288.04" x="162.38" y="251.43"/>
        <vehicle id="rlright.3" eclass="HBEFA2/P_7_7" CO2="4274.30" CO="48.05" HC="0.99" NOx="8.65" PMx="0.36" fuel="1.70" electricity="0.00" noise="71.38" route="routeright" type="rl" waiting="0.00" lane="right_0" pos="72.47" speed="25.00" angle="297.01" x="181.37" y="244.40"/>
        <vehicle id="rltop.0" eclass="HBEFA2/P_7_7" CO2="4274.30" CO="48.05" HC="0.99" NOx="8.65" PMx="0.36" fuel="1.70" electricity="0.00" noise="71.38" route="routetop" type="rl" waiting="0.00" lane="left_0" pos="2.49" speed="25.00" angle="180.01" x="-1.55" y="122.26"/>
        <vehicle id="rltop.1" eclass="HBEFA2/P_7_7" CO2="4274.30" CO="48.05" HC="0.99" NOx="8.65" PMx="0.36" fuel="1.70" electricity="0.00" noise="71.38" route="routetop" type="rl" waiting="0.00" lane="left_0" pos="30.70" speed="25.00" angle="154.62" x="13.07" y="67.50"/>
        <vehicle id="rltop.2" eclass="HBEFA2/P_7_7" CO2="4274.30" CO="48.05" HC="0.99" NOx="8.65" PMx="0.36" fuel="1.70" electricity="0.00" noise="71.38" route="routetop" type="rl" waiting="0.00" lane="top_0" pos="82.48" speed="25.00" angle="198.04" x="3.22" y="162.38"/>
        <vehicle id="rltop.3" eclass="HBEFA2/P_7_7" CO2="4274.30" CO="48.05" HC="0.99" NOx="8.65" PMx="0.36" fuel="1.70" electricity="0.00" noise="71.38" route="routetop" type="rl" waiting="0.00" lane="top_0" pos="72.47" speed="25.00" angle="207.01" x="10.24" y="181.37"/>
    </timestep>
    <timestep time="6.80">
        <vehicle id="rlbottom.0" eclass="HBEFA2/P_7_7" CO2="4274.30" CO="48.05" HC="0.99" NOx="8.65" PMx="0.36" fuel="1.70" electricity="0.00" noise="71.38" route="routebottom" type="rl" waiting="0.00" lane="right_0" pos="4.99" speed="25.00" angle="357.79" x="255.90" y="137.45"/>
        <vehicle id="rlbottom.1" eclass="HBEFA2/P_7_7" CO2="4274.30" CO="48.05" HC="0.99" NOx="8.65" PMx="0.36" fuel="1.70" electricity="0.00" noise="71.38" route="routebottom" type="rl" waiting="0.00" lane="right_0" pos="33.20" speed="25.00" angle="332.38" x="239.14" y="191.59"/>
        <vehicle id="rlbottom.2" eclass="HBEFA2/P_7_7" CO2="4274.30" CO="48.05" HC="0.99" NOx="8.65" PMx="0.36" fuel="1.70" electricity="0.00" noise="71.38" route="routebottom" type="rl" waiting="0.00" lane="bottom_0" pos="84.98" speed="25.00" angle="15.79" x="252.71" y="97.17"/>
        <vehicle id="rlbottom.3" eclass="HBEFA2/P_7_7" CO2="4274.30" CO="48.05" HC="0.99" NOx="8.65" PMx="0.36" fuel="1.70" electricity="0.00" noise="71.38" route="routebottom" type="rl" waiting="0.00" lane="bottom_0" pos="74.97" speed="25.00" angle="24.81" x="246.44" y="77.91"/>
        <vehicle id="rlleft.0" eclass="HBEFA2/P_7_7" CO2="4274.30" CO="48.05" HC="0.99" NOx="8.65" PMx="0.36" fuel="1.70" electricity="0.00" noise="71.38" route="routebottom" type="rl" waiting="0.00" lane="bottom_0" pos="4.99" speed="25.00" angle="87.73" x="137.44" y="-1.25"/>
        <vehicle id="rlleft.1" eclass="HBEFA2/P_7_7" CO2="4274.30" CO="48.05" HC="0.99" NOx="8.65" PMx="0.36" fuel="1.70" electricity="0.00" noise="71.38" route="routebottom" type="rl" waiting="0.00" lane="bottom_0" pos="33.20" speed="25.00" angle="62.38" x="191.59" y="15.50"/>
        <vehicle id="rlleft.2" eclass="HBEFA2/P_7_7" CO2="4274.30" CO="48.05" HC="0.99" NOx="8.65" PMx="0.36" fuel="1.70" electricity="0.00" noise="71.38" route="routeleft" type="rl" waiting="0.00" lane="left_0" pos="84.98" speed="25.00" angle="105.79" x="97.17" y="1.94"/>
        <vehicle id="rlleft.3" eclass="HBEFA2/P_7_7" CO2="4274.30" CO="48.05" HC="0.99" NOx="8.65" PMx="0.36" fuel="1.70" electricity="0.00" noise="71.38" route="routeleft" type="rl" waiting="0.00" lane="left_0" pos="74.97" speed="25.00" angle="114.79" x="77.91" y="8.21"/>
        <vehicle id="rlright.0" eclass="HBEFA2/P_7_7" CO2="4274.30" CO="48.05" HC="0.99" NOx="8.65" PMx="0.36" fuel="1.70" electricity="0.00" noise="71.38" route="routetop" type="rl" waiting="0.00" lane="top_0" pos="4.99" speed="25.00" angle="267.79" x="117.20" y="255.90"/>
        <vehicle id="rlright.1" eclass="HBEFA2/P_7_7" CO2="4274.30" CO="48.05" HC="0.99" NOx="8.65" PMx="0.36" fuel="1.70" electricity="0.00" noise="71.38" route="routetop" type="rl" waiting="0.00" lane="top_0" pos="33.20" speed="25.00" angle="242.38" x="63.06" y="239.14"/>
        <vehicle id="rlright.2" eclass="HBEFA2/P_7_7" CO2="4274.30" CO="48.05" HC="0.99" NOx="8.65" PMx="0.36" fuel="1.70" electricity="0.00" noise="71.38" route="routeright" type="rl" waiting="0.00" lane="right_0" pos="84.98" speed="25.00" angle="285.79" x="157.48" y="252.71"/>
        <vehicle id="rlright.3" eclass="HBEFA2/P_7_7" CO2="4274.30" CO="48.05" HC="0.99" NOx="8.65" PMx="0.36" fuel="1.70" electricity="0.00" noise="71.38" route="routeright" type="rl" waiting="0.00" lane="right_0" pos="74.97" speed="25.00" angle="294.81" x="176.74" y="246.44"/>
        <vehicle id="rltop.0" eclass="HBEFA2/P_7_7" CO2="4274.30" CO="48.05" HC="0.99" NOx="8.65" PMx="0.36" fuel="1.70" electricity="0.00" noise="71.38" route="routetop" type="rl" waiting="0.00" lane="left_0" pos="4.99" speed="25.00" angle="177.73" x="-1.25" y="117.21"/>
        <vehicle id="rltop.1" eclass="HBEFA2/P_7_7" CO2="4274.30" CO="48.05" HC="0.99" NOx="8.65" PMx="0.36" fuel="1.70" electricity="0.00" noise="71.38" route="routetop" type="rl" waiting="0.00" lane="left_0" pos="33.20" speed="25.00" angle="152.38" x="15.50" y="63.06"/>
        <vehicle id="rltop.2" eclass="HBEFA2/P_7_7" CO2="4274.30" CO="48.05" HC="0.99" NOx="8.65" PMx="0.36" fuel="1.70" electricity="0.00" noise="71.38" route="routetop" type="rl" waiting="0.00" lane="top_0" pos="84.98" speed="25.00" angle="195.79" x="1.94" y="157.48"/>
        <vehicle id="rltop.3" eclass="HBEFA2/P_7_7" CO2="4274.30" CO="48.05" HC="0.99" NOx="8.65" PMx="0.36" fuel="1.70" electricity="0.00" noise="71.38" route="routetop" type="rl" waiting="0.00" lane="top_0" pos="74.97" speed="25.00" angle="204.79" x="8.21" y="176.74"/>
    </timestep>
    <timestep time="6.90">
        <vehicle id="rlbottom.0" eclass="HBEFA2/P_7_7" CO2="4274.30" CO="48.05" HC="0.99" NOx="8.65" PMx="0.36" fuel="1.70" electricity="0.00" noise="71.38" route="routebottom" type="rl" waiting="0.00" lane="right_0" pos="7.49" speed="25.00" angle="355.50" x="255.40" y="142.48"/>
        <vehicle id="rlbottom.1" eclass="HBEFA2/P_7_7" CO2="4274.30" CO="48.05" HC="0.99" NOx="8.65" PMx="0.36" fuel="1.70" electricity="0.00" noise="71.38" route="routebottom" type="rl" waiting="0.00" lane="right_0" pos="35.70" speed="25.00" angle="330.07" x="236.53" y="195.92"/>
        <vehicle id="rlbottom.2" eclass="HBEFA2/P_7_7" CO2="4274.30" CO="48.05" HC="0.99" NOx="8.65" PMx="0.36" fuel="1.70" electricity="0.00" noise="71.38" route="routebottom" type="rl" waiting="0.00" lane="bottom_0" pos="87.48" speed="25.00" angle="13.54" x="253.80" y="102.11"/>
        <vehicle id="rlbottom.3" eclass="HBEFA2/P_7_7" CO2="4274.30" CO="48.05" HC="0.99" NOx="8.65" PMx="0.36" fuel="1.70" electricity="0.00" noise="71.38" route="routebottom" type="rl" waiting="0.00" lane="bottom_0" pos="77.47" speed="25.00" angle="22.59" x="248.29" y="82.62"/>
        <vehicle id="rlleft.0" eclass="HBEFA2/P_7_7" CO2="4274.30" CO="48.05" HC="0.99" NOx="8.65" PMx="0.36" fuel="1.70" electricity="0.00" noise="71.38" route="routebottom" type="rl" waiting="0.00" lane="bottom_0" pos="7.49" speed="25.00" angle="85.45" x="142.48" y="-0.75"/>
        <vehicle id="rlleft.1" eclass="HBEFA2/P_7_7" CO2="4274.30" CO="48.05" HC="0.99" NOx="8.65" PMx="0.36" fuel="1.70" electricity="0.00" noise="71.38" route="routebottom" type="rl" waiting="0.00" lane="bottom_0" pos="35.70" speed="25.00" angle="60.07" x="195.92" y="18.12"/>
        <vehicle id="rlleft.2" eclass="HBEFA2/P_7_7" CO2="4274.30" CO="48.05" HC="0.99" NOx="8.65" PMx="0.36" fuel="1.70" electricity="0.00" noise="71.38" route="routeleft" type="rl" waiting="0.00" lane="left_0" pos="87.48" speed="25.00" angle="103.54" x="102.11" y="0.85"/>
        <vehicle id="rlleft.3" eclass="HBEFA2/P_7_7" CO2="4274.30" CO="48.05" HC="0.99" NOx="8.65" PMx="0.36" fuel="1.70" electricity="0.00" noise="71.38" route="routeleft" type="rl" waiting="0.00" lane="left_0" pos="77.47" speed="25.00" angle="112.55" x="82.62" y="6.36"/>
        <vehicle id="rlright.0" eclass="HBEFA2/P_7_7" CO2="4274.30" CO="48.05" HC="0.99" NOx="8.65" PMx="0.36" fuel="1.70" electricity="0.00" noise="71.38" route="routetop" type="rl" waiting="0.00" lane="top_0" pos="7.49" speed="25.00" angle="265.50" x="112.17" y="255.40"/>
        <vehicle id="rlright.1" eclass="HBEFA2/P_7_7" CO2="4274.30" CO="48.05" HC="0.99" NOx="8.65" PMx="0.36" fuel="1.70" electricity="0.00" noise="71.38" route="routetop" type="rl" waiting="0.00" lane="top_0" pos="35.70" speed="25.00" angle="240.07" x="58.73" y="236.53"/>
        <vehicle id="rlright.2" eclass="HBEFA2/P_7_7" CO2="4274.30" CO="48.05" HC="0.99" NOx="8.65" PMx="0.36" fuel="1.70" electricity="0.00" noise="71.38" route="routeright" type="rl" waiting="0.00" lane="right_0" pos="87.48" speed="25.00" angle="283.54" x="152.54" y="253.80"/>
        <vehicle id="rlright.3" eclass="HBEFA2/P_7_7" CO2="4274.30" CO="48.05" HC="0.99" NOx="8.65" PMx="0.36" fuel="1.70" electricity="0.00" noise="71.38" route="routeright" type="rl" waiting="0.00" lane="right_0" pos="77.47" speed="25.00" angle="292.59" x="172.03" y="248.29"/>
        <vehicle id="rltop.0" eclass="HBEFA2/P_7_7" CO2="4274.30" CO="48.05" HC="0.99" NOx="8.65" PMx="0.36" fuel="1.70" electricity="0.00" noise="71.38" route="routetop" type="rl" waiting="0.00" lane="left_0" pos="7.49" speed="25.00" angle="175.45" x="-0.75" y="112.17"/>
        <vehicle id="rltop.1" eclass="HBEFA2/P_7_7" CO2="4274.30" CO="48.05" HC="0.99" NOx="8.65" PMx="0.36" fuel="1.70" electricity="0.00" noise="71.38" route="routetop" type="rl" waiting="0.00" lane="left_0" pos="35.70" speed="25.00" angle="150.07" x="18.12" y="58.73"/>
        <vehicle id="rltop.2" eclass="HBEFA2/P_7_7" CO2="4274.30" CO="48.05" HC="0.99" NOx="8.65" PMx="0.36" fuel="1.70" electricity="0.00" noise="71.38" route="routetop" type="rl" waiting="0.00" lane="top_0" pos="87.48" speed="25.00" angle="193.54" x="0.85" y="152.54"/>
        <vehicle id="rltop.3" eclass="HBEFA2/P_7_7" CO2="4274.30" CO="48.05" HC="0.99" NOx="8.65" PMx="0.36" fuel="1.70" electricity="0.00" noise="71.38" route="routetop" type="rl" waiting="0.00" lane="top_0" pos="77.47" speed="25.00" angle="202.55" x="6.36" y="172.03"/>
    </timestep>
    <timestep time="7.00">
        <vehicle id="rlbottom.0" eclass="HBEFA2/P_7_7" CO2="4274.30" CO="48.05" HC="0.99" NOx="8.65" PMx="0.36" fuel="1.70" electricity="0.00" noise="71.38" route="routebottom" type="rl" waiting="0.00" lane="right_0" pos="9.99" speed="25.00" angle="353.23" x="254.70" y="147.50"/>
        <vehicle id="rlbottom.1" eclass="HBEFA2/P_7_7" CO2="4274.30" CO="48.05" HC="0.99" NOx="8.65" PMx="0.36" fuel="1.70" electricity="0.00" noise="71.38" route="routebottom" type="rl" waiting="0.00" lane="right_0" pos="38.20" speed="25.00" angle="327.85" x="233.76" y="200.16"/>
        <vehicle id="rlbottom.2" eclass="HBEFA2/P_7_7" CO2="4274.30" CO="48.05" HC="0.99" NOx="8.65" PMx="0.36" fuel="1.70" electricity="0.00" noise="71.38" route="routebottom" type="rl" waiting="0.00" lane="bottom_0" pos="89.98" speed="25.00" angle="11.31" x="254.69" y="107.09"/>
        <vehicle id="rlbottom.3" eclass="HBEFA2/P_7_7" CO2="4274.30" CO="48.05" HC="0.99" NOx="8.65" PMx="0.36" fuel="1.70" electricity="0.00" noise="71.38" route="routebottom" type="rl" waiting="0.00" lane="bottom_0" pos="79.97" speed="25.00" angle="20.29" x="249.95" y="87.41"/>
        <vehicle id="rlleft.0" eclass="HBEFA2/P_7_7" CO2="4274.30" CO="48.05" HC="0.99" NOx="8.65" PMx="0.36" fuel="1.70" electricity="0.00" noise="71.38" route="routebottom" type="rl" waiting="0.00" lane="bottom_0" pos="9.99" speed="25.00" angle="83.23" x="147.50" y="-0.05"/>
        <vehicle id="rlleft.1" eclass="HBEFA2/P_7_7" CO2="4274.30" CO="48.05" HC="0.99" NOx="8.65" PMx="0.36" fuel="1.70" electricity="0.00" noise="71.38" route="routebottom" type="rl" waiting="0.00" lane="bottom_0" pos="38.20" speed="25.00" angle="57.80" x="200.16" y="20.89"/>
        <vehicle id="rlleft.2" eclass="HBEFA2/P_7_7" CO2="4274.30" CO="48.05" HC="0.99" NOx="8.65" PMx="0.36" fuel="1.70" electricity="0.00" noise="71.38" route="routeleft" type="rl" waiting="0.00" lane="left_0" pos="89.98" speed="25.00" angle="101.31" x="107.09" y="-0.04"/>
        <vehicle id="rlleft.3" eclass="HBEFA2/P_7_7" CO2="4274.30" CO="48.05" HC="0.99" NOx="8.65" PMx="0.36" fuel="1.70" electricity="0.00" noise="71.38" route="routeleft" type="rl" waiting="0.00" lane="left_0" pos="79.97" speed="25.00" angle="110.29" x="87.41" y="4.70"/>
        <vehicle id="rlright.0" eclass="HBEFA2/P_7_7" CO2="4274.30" CO="48.05" HC="0.99" NOx="8.65" PMx="0.36" fuel="1.70" electricity="0.00" noise="71.38" route="routetop" type="rl" waiting="0.00" lane="top_0" pos="9.99" speed="25.00" angle="263.23" x="107.15" y="254.70"/>
        <vehicle id="rlright.1" eclass="HBEFA2/P_7_7" CO2="4274.30" CO="48.05" HC="0.99" NOx="8.65" PMx="0.36" fuel="1.70" electricity="0.00" noise="71.38" route="routetop" type="rl" waiting="0.00" lane="top_0" pos="38.20" speed="25.00" angle="237.85" x="54.49" y="233.76"/>
        <vehicle id="rlright.2" eclass="HBEFA2/P_7_7" CO2="4274.30" CO="48.05" HC="0.99" NOx="8.65" PMx="0.36" fuel="1.70" electricity="0.00" noise="71.38" route="routeright" type="rl" waiting="0.00" lane="right_0" pos="89.98" speed="25.00" angle="281.31" x="147.56" y="254.69"/>
        <vehicle id="rlright.3" eclass="HBEFA2/P_7_7" CO2="4274.30" CO="48.05" HC="0.99" NOx="8.65" PMx="0.36" fuel="1.70" electricity="0.00" noise="71.38" route="routeright" type="rl" waiting="0.00" lane="right_0" pos="79.97" speed="25.00" angle="290.29" x="167.24" y="249.95"/>
        <vehicle id="rltop.0" eclass="HBEFA2/P_7_7" CO2="4274.30" CO="48.05" HC="0.99" NOx="8.65" PMx="0.36" fuel="1.70" electricity="0.00" noise="71.38" route="routetop" type="rl" waiting="0.00" lane="left_0" pos="9.99" speed="25.00" angle="173.23" x="-0.05" y="107.15"/>
        <vehicle id="rltop.1" eclass="HBEFA2/P_7_7" CO2="4274.30" CO="48.05" HC="0.99" NOx="8.65" PMx="0.36" fuel="1.70" electricity="0.00" noise="71.38" route="routetop" type="rl" waiting="0.00" lane="left_0" pos="38.20" speed="25.00" angle="147.80" x="20.89" y="54.49"/>
        <vehicle id="rltop.2" eclass="HBEFA2/P_7_7" CO2="4274.30" CO="48.05" HC="0.99" NOx="8.65" PMx="0.36" fuel="1.70" electricity="0.00" noise="71.38" route="routetop" type="rl" waiting="0.00" lane="top_0" pos="89.98" speed="25.00" angle="191.31" x="-0.04" y="147.56"/>
        <vehicle id="rltop.3" eclass="HBEFA2/P_7_7" CO2="4274.30" CO="48.05" HC="0.99" NOx="8.65" PMx="0.36" fuel="1.70" electricity="0.00" noise="71.38" route="routetop" type="rl" waiting="0.00" lane="top_0" pos="79.97" speed="25.00" angle="200.28" x="4.70" y="167.24"/>
    </timestep>
    <timestep time="7.10">
        <vehicle id="rlbottom.0" eclass="HBEFA2/P_7_7" CO2="0.00" CO="0.00" HC="0.00" NOx="0.00" PMx="0.00" fuel="0.00" electricity="0.00" noise="69.20" route="routebottom" type="rl" waiting="0.00" lane="right_0" pos="12.44" speed="24.55" angle="351.01" x="253.83" y="152.39"/>
        <vehicle id="rlbottom.1" eclass="HBEFA2/P_7_7" CO2="15789.77" CO="313.16" HC="5.62" NOx="37.02" PMx="2.29" fuel="6.30" electricity="0.00" noise="77.62" route="routebottom" type="rl" waiting="0.00" lane="right_0" pos="40.72" speed="25.22" angle="325.58" x="230.79" y="204.31"/>
        <vehicle id="rlbottom.2" eclass="HBEFA2/P_7_7" CO2="0.00" CO="0.00" HC="0.00" NOx="0.00" PMx="0.00" fuel="0.00" electricity="0.00" noise="69.20" route="routebottom" type="rl" waiting="0.00" lane="bottom_0" pos="92.44" speed="24.55" angle="9.11" x="255.38" y="112.02"/>
        <vehicle id="rlbottom.3" eclass="HBEFA2/P_7_7" CO2="0.00" CO="0.00" HC="0.00" NOx="0.00" PMx="0.00" fuel="0.00" electricity="0.00" noise="69.20" route="routebottom" type="rl" waiting="0.00" lane="bottom_0" pos="82.43" speed="24.55" angle="18.09" x="251.40" y="92.16"/>
        <vehicle id="rlleft.0" eclass="HBEFA2/P_7_7" CO2="0.00" CO="0.00" HC="0.00" NOx="0.00" PMx="0.00" fuel="0.00" electricity="0.00" noise="69.20" route="routebottom" type="rl" waiting="0.00" lane="bottom_0" pos="12.44" speed="24.55" angle="81.01" x="152.39" y="0.82"/>
        <vehicle id="rlleft.1" eclass="HBEFA2/P_7_7" CO2="13524.94" CO="256.67" HC="4.69" NOx="31.11" PMx="1.81" fuel="5.39" electricity="0.00" noise="76.46" route="routebottom" type="rl" waiting="0.00" lane="bottom_0" pos="40.72" speed="25.19" angle="55.62" x="204.31" y="23.85"/>
        <vehicle id="rlleft.2" eclass="HBEFA2/P_7_7" CO2="0.00" CO="0.00" HC="0.00" NOx="0.00" PMx="0.00" fuel="0.00" electricity="0.00" noise="69.20" route="routeleft" type="rl" waiting="0.00" lane="left_0" pos="92.44" speed="24.55" angle="99.10" x="112.02" y="-0.73"/>
        <vehicle id="rlleft.3" eclass="HBEFA2/P_7_7" CO2="0.00" CO="0.00" HC="0.00" NOx="0.00" PMx="0.00" fuel="0.00" electricity="0.00" noise="69.20" route="routeleft" type="rl" waiting="0.00" lane="left_0" pos="82.43" speed="24.55" angle="108.09" x="92.16" y="3.25"/>
        <vehicle id="rlright.0" eclass="HBEFA2/P_7_7" CO2="0.00" CO="0.00" HC="0.00" NOx="0.00" PMx="0.00" fuel="0.00" electricity="0.00" noise="69.20" route="routetop" type="rl" waiting="0.00" lane="top_0" pos="12.44" speed="24.55" angle="261.01" x="102.26" y="253.83"/>
        <vehicle id="rlright.1" eclass="HBEFA2/P_7_7" CO2="10524.02" CO="183.81" HC="3.46" NOx="23.44" PMx="1.22" fuel="4.20" electricity="0.00" noise="74.86" route="routetop" type="rl" waiting="0.00" lane="top_0" pos="40.71" speed="25.14" angle="235.59" x="50.35" y="230.80"/>
        <vehicle id="rlright.2" eclass="HBEFA2/P_7_7" CO2="0.00" CO="0.00" HC="0.00" NOx="0.00" PMx="0.00" fuel="0.00" electricity="0.00" noise="69.20" route="routeright" type="rl" waiting="0.00" lane="right_0" pos="92.44" speed="24.55" angle="279.11" x="142.63" y="255.38"/>
        <vehicle id="rlright.3" eclass="HBEFA2/P_7_7" CO2="0.00" CO="0.00" HC="0.00" NOx="0.00" PMx="0.00" fuel="0.00" electricity="0.00" noise="69.20" route="routeright" type="rl" waiting="0.00" lane="right_0" pos="82.43" speed="24.55" angle="288.09" x="162.49" y="251.40"/>
        <vehicle id="rltop.0" eclass="HBEFA2/P_7_7" CO2="0.00" CO="0.00" HC="0.00" NOx="0.00" PMx="0.00" fuel="0.00" electricity="0.00" noise="69.20" route="routetop" type="rl" waiting="0.00" lane="left_0" pos="12.44" speed="24.55" angle="171.01" x="0.82" y="102.26"/>
        <vehicle id="rltop.1" eclass="HBEFA2/P_7_7" CO2="15253.70" CO="299.69" HC="5.40" NOx="35.61" PMx="2.17" fuel="6.08" electricity="0.00" noise="77.35" route="routetop" type="rl" waiting="0.00" lane="left_0" pos="40.72" speed="25.22" angle="145.62" x="23.86" y="50.33"/>
        <vehicle id="rltop.2" eclass="HBEFA2/P_7_7" CO2="0.00" CO="0.00" HC="0.00" NOx="0.00" PMx="0.00" fuel="0.00" electricity="0.00" noise="69.20" route="routetop" type="rl" waiting="0.00" lane="top_0" pos="92.44" speed="24.55" angle="189.10" x="-0.73" y="142.63"/>
        <vehicle id="rltop.3" eclass="HBEFA2/P_7_7" CO2="0.00" CO="0.00" HC="0.00" NOx="0.00" PMx="0.00" fuel="0.00" electricity="0.00" noise="69.20" route="routetop" type="rl" waiting="0.00" lane="top_0" pos="82.43" speed="24.55" angle="198.09" x="3.25" y="162.49"/>
    </timestep>
</emission-export>
