<?xml version="1.0" encoding="UTF-8"?>

<!-- generated on Mon Jan 30 18:52:02 2017 by SUMO Version 0.27.1
<?xml version="1.0" encoding="UTF-8"?>

<configuration xmlns:xsi="http://www.w3.org/2001/XMLSchema-instance" xsi:noNamespaceSchemaLocation="http://sumo.dlr.de/xsd/sumoConfiguration.xsd">

    <input>
        <net-file value="/Users/kanaad/code/research/learning-traffic/sumo/learning-traffic/cistar/debug/cfg/test-exp-200m1l.net.xml"/>
        <route-files value="/Users/kanaad/code/research/learning-traffic/sumo/learning-traffic/cistar/debug/cfg/test-exp-200m1l.rou.xml"/>
        <additional-files value="/Users/kanaad/code/research/learning-traffic/sumo/learning-traffic/cistar/debug/cfg/test-exp-200m1l.add.xml"/>
    </input>

    <output>
        <netstate-dump value="/Users/kanaad/code/research/learning-traffic/sumo/learning-traffic/cistar/debug/cfg/data/test-exp-200m1l.netstate.xml"/>
        <emission-output value="/Users/kanaad/code/research/learning-traffic/sumo/learning-traffic/cistar/debug/cfg/data/test-exp-200m1l.emission.xml"/>
        <amitran-output value="/Users/kanaad/code/research/learning-traffic/sumo/learning-traffic/cistar/debug/cfg/data/test-exp-200m1l.amitran.xml"/>
        <lanechange-output value="/Users/kanaad/code/research/learning-traffic/sumo/learning-traffic/cistar/debug/cfg/data/test-exp-200m1l.lanechange.xml"/>
    </output>

    <time>
        <begin value="0"/>
        <end value="3000"/>
        <step-length value="0.1"/>
    </time>

    <traci_server>
        <remote-port value="8873"/>
    </traci_server>

    <gui_only>
        <gui-settings-file value="/Users/kanaad/code/research/learning-traffic/sumo/learning-traffic/cistar/debug/cfg/test-exp-200m1l.gui.cfg"/>
    </gui_only>

</configuration>
-->

<trajectories xmlns:xsi="http://www.w3.org/2001/XMLSchema-instance" xsi:noNamespaceSchemaLocation="http://sumo.dlr.de/xsd/amitran/trajectories.xsd" timeStepSize="100">
    <actorConfig id="2" vehicleClass="Passenger" fuel="Gasoline" emissionClass="Euro0" ref="rl"/>
    <vehicle id="0" actorConfig="2" startTime="0" ref="rl_0"/>
    <motionState vehicle="0" speed="0" time="0" acceleration="0"/>
    <vehicle id="1" actorConfig="2" startTime="0" ref="rl_1"/>
    <motionState vehicle="1" speed="0" time="0" acceleration="0"/>
    <motionState vehicle="0" speed="0" time="100" acceleration="0"/>
    <motionState vehicle="1" speed="0" time="100" acceleration="0"/>
    <motionState vehicle="0" speed="0" time="200" acceleration="0"/>
    <motionState vehicle="1" speed="0" time="200" acceleration="0"/>
</trajectories>
