<?xml version="1.0" encoding="UTF-8"?>

<!-- generated on Fri Jan 20 16:13:15 2017 by SUMO gui Version dev-SVN-r22644
<?xml version="1.0" encoding="UTF-8"?>

<configuration xmlns:xsi="http://www.w3.org/2001/XMLSchema-instance" xsi:noNamespaceSchemaLocation="http://sumo.dlr.de/xsd/sumo-gui.exeConfiguration.xsd">

    <input>
        <net-file value="/Users/kanaad/code/research/learning-traffic/sumo/learning-traffic/cistar/debug/cfg/test-exp-200m1l.net.xml"/>
        <route-files value="/Users/kanaad/code/research/learning-traffic/sumo/learning-traffic/cistar/debug/cfg/test-exp-200m1l.rou.xml"/>
        <additional-files value="/Users/kanaad/code/research/learning-traffic/sumo/learning-traffic/cistar/debug/cfg/test-exp-200m1l.add.xml"/>
    </input>

    <output>
        <netstate-dump value="/Users/kanaad/code/research/learning-traffic/sumo/learning-traffic/cistar/debug/cfg/data/test-exp-200m1l.netstate.xml"/>
        <emission-output value="/Users/kanaad/code/research/learning-traffic/sumo/learning-traffic/cistar/debug/cfg/data/test-exp-200m1l.emission.xml"/>
        <amitran-output value="/Users/kanaad/code/research/learning-traffic/sumo/learning-traffic/cistar/debug/cfg/data/test-exp-200m1l.amitran.xml"/>
        <lanechange-output value="/Users/kanaad/code/research/learning-traffic/sumo/learning-traffic/cistar/debug/cfg/data/test-exp-200m1l.lanechange.xml"/>
    </output>

    <time>
        <begin value="0"/>
        <end value="3000"/>
        <step-length value="0.1"/>
    </time>

    <traci_server>
        <remote-port value="8873"/>
    </traci_server>

    <gui_only>
        <gui-settings-file value="/Users/kanaad/code/research/learning-traffic/sumo/learning-traffic/cistar/debug/cfg/test-exp-200m1l.gui.cfg"/>
    </gui_only>

</configuration>
-->

<lanechanges>
</lanechanges>
